
<!doctype html>
<html lang="en">
  <head>
    <meta charset="utf-8">
    <meta name="viewport" content="width=device-width, initial-scale=1">
    <link href="https://cdn.jsdelivr.net/npm/bootstrap@5.0.2/dist/css/bootstrap.min.css" rel="stylesheet" integrity="sha384-EVSTQN3/azprG1Anm3QDgpJLIm9Nao0Yz1ztcQTwFspd3yD65VohhpuuCOmLASjC" crossorigin="anonymous">
    <title>arduino-testlib report</title>
	<style>
	.pass { background-color: #00FF00 !important; }
	.fail { background-color: #FF0000 !important; }
	</style>
  </head>
  <body>
	<div class="container">
		<div class="row">
			<div class="col">
				<h1>AceCommon - compatibility matrix</h1>
				<p>
					<small>This report was generated on Monday, 21-Feb-22 12:00:25 CET using 
					<a href="https://github.com/alranel/arduino-testlib">arduino-testlib</a>.</small>
				</p>

				<h2>AceCommon</h2>
				<p>
					Version: <b>1.4.7</b>
					<br />
					<a href="https://www.arduino.cc/reference/en/libraries/acecommon/">More details</a>
				</p>

				<h2>Compatibility matrix</h2>
				<table class="table table-bordered">
					<tr>
						<th>Board</th>
						<th>Claims compatibility</th>
						<th>Inclusion</th>
						
						<th><pre>TimingStats</pre></th>
						
						<th><pre>UrlEncodingBenchmark</pre></th>
						
						<th><pre>AutoBenchmark</pre></th>
						
						<th><pre>MemoryBenchmark</pre></th>
						
					</tr>
					
					<tr>
						<td>
							<a href="#arduino%3aavr%3auno"><b>arduino:avr:uno</b></a>
							<br />
							<small>1.8.4</small>
						</td>

						
							<td>Yes</td>
							<td class="pass">PASS</td>
						
						
						
						

						
							
								
									
										
									
										
									
										
											<td class="pass">PASS</td>
											
										
									
										
									
								
							
								
							
								
							
								
							
								
							
						
							
								
									
										
									
										
									
										
									
										
											<td class="pass">PASS</td>
											
										
									
								
							
								
							
								
							
								
							
								
							
						
							
								
									
										
											<td class="pass">PASS</td>
											
										
									
										
									
										
									
										
									
								
							
								
							
								
							
								
							
								
							
						
							
								
									
										
									
										
											<td class="pass">PASS</td>
											
										
									
										
									
										
									
								
							
								
							
								
							
								
							
								
							
						
					</tr>
					
					<tr>
						<td>
							<a href="#arduino%3ambed_nano%3ananorp2040connect"><b>arduino:mbed_nano:nanorp2040connect</b></a>
							<br />
							<small>2.7.2</small>
						</td>

						
						
						
							<td>Yes ⚠️</td>
							<td class="fail">FAIL</td>
						
						

						
							
								
							
								
									
										
									
										
									
										
											
											<td class="fail">FAIL</td>
										
									
										
									
								
							
								
							
								
							
								
							
						
							
								
							
								
									
										
									
										
									
										
									
										
											
											<td class="fail">FAIL</td>
										
									
								
							
								
							
								
							
								
							
						
							
								
							
								
									
										
											
											<td class="fail">FAIL</td>
										
									
										
									
										
									
										
									
								
							
								
							
								
							
								
							
						
							
								
							
								
									
										
									
										
											
											<td class="fail">FAIL</td>
										
									
										
									
										
									
								
							
								
							
								
							
								
							
						
					</tr>
					
					<tr>
						<td>
							<a href="#arduino%3amegaavr%3anona4809"><b>arduino:megaavr:nona4809</b></a>
							<br />
							<small>1.8.7</small>
						</td>

						
						
						
							<td>Yes ⚠️</td>
							<td class="fail">FAIL</td>
						
						

						
							
								
							
								
							
								
									
										
									
										
									
										
											
											<td class="fail">FAIL</td>
										
									
										
									
								
							
								
							
								
							
						
							
								
							
								
							
								
									
										
									
										
									
										
									
										
											
											<td class="fail">FAIL</td>
										
									
								
							
								
							
								
							
						
							
								
							
								
							
								
									
										
											
											<td class="fail">FAIL</td>
										
									
										
									
										
									
										
									
								
							
								
							
								
							
						
							
								
							
								
							
								
									
										
									
										
											
											<td class="fail">FAIL</td>
										
									
										
									
										
									
								
							
								
							
								
							
						
					</tr>
					
					<tr>
						<td>
							<a href="#arduino%3asamd%3amkrwifi1010"><b>arduino:samd:mkrwifi1010</b></a>
							<br />
							<small>1.8.12</small>
						</td>

						
						
						
							<td>Yes ⚠️</td>
							<td class="fail">FAIL</td>
						
						

						
							
								
							
								
							
								
							
								
									
										
									
										
									
										
											
											<td class="fail">FAIL</td>
										
									
										
									
								
							
								
							
						
							
								
							
								
							
								
							
								
									
										
									
										
									
										
									
										
											
											<td class="fail">FAIL</td>
										
									
								
							
								
							
						
							
								
							
								
							
								
							
								
									
										
											
											<td class="fail">FAIL</td>
										
									
										
									
										
									
										
									
								
							
								
							
						
							
								
							
								
							
								
							
								
									
										
									
										
											
											<td class="fail">FAIL</td>
										
									
										
									
										
									
								
							
								
							
						
					</tr>
					
					<tr>
						<td>
							<a href="#esp32%3aesp32%3ad1_mini32"><b>esp32:esp32:d1_mini32</b></a>
							<br />
							<small>1.0.6</small>
						</td>

						
							<td>Yes</td>
							<td class="pass">PASS</td>
						
						
						
						

						
							
								
							
								
							
								
							
								
							
								
									
										
									
										
									
										
											<td class="pass">PASS</td>
											
										
									
										
									
								
							
						
							
								
							
								
							
								
							
								
							
								
									
										
									
										
									
										
									
										
											<td class="pass">PASS</td>
											
										
									
								
							
						
							
								
							
								
							
								
							
								
							
								
									
										
											<td class="pass">PASS</td>
											
										
									
										
									
										
									
										
									
								
							
						
							
								
							
								
							
								
							
								
							
								
									
										
									
										
											<td class="pass">PASS</td>
											
										
									
										
									
										
									
								
							
						
					</tr>
					
				</table>

				<h2>Compilation logs</h2>
				
				<h3 id="arduino:avr:uno">arduino:avr:uno @ 1.8.4</h3>
				<h4>Inclusion</h4>
				<p>
					Result: <b>PASS</b>
					
				</p>
				<pre class="pre-scrollable">Sketch uses 444 bytes (1%) of program storage space. Maximum is 32256 bytes.
Global variables use 9 bytes (0%) of dynamic memory, leaving 2039 bytes for local variables. Maximum is 2048 bytes.
</pre>

					
					<h4>examples/AutoBenchmark</h4>
					<p>
						Result: <b>PASS</b>
					</p>
					<pre class="pre-scrollable">Sketch uses 3900 bytes (12%) of program storage space. Maximum is 32256 bytes.
Global variables use 210 bytes (10%) of dynamic memory, leaving 1838 bytes for local variables. Maximum is 2048 bytes.
</pre>
					
					<h4>examples/MemoryBenchmark</h4>
					<p>
						Result: <b>PASS</b>
					</p>
					<pre class="pre-scrollable">Sketch uses 2136 bytes (6%) of program storage space. Maximum is 32256 bytes.
Global variables use 389 bytes (18%) of dynamic memory, leaving 1659 bytes for local variables. Maximum is 2048 bytes.
</pre>
					
					<h4>examples/TimingStats</h4>
					<p>
						Result: <b>PASS</b>
					</p>
					<pre class="pre-scrollable">Sketch uses 2074 bytes (6%) of program storage space. Maximum is 32256 bytes.
Global variables use 238 bytes (11%) of dynamic memory, leaving 1810 bytes for local variables. Maximum is 2048 bytes.
</pre>
					
					<h4>examples/UrlEncodingBenchmark</h4>
					<p>
						Result: <b>PASS</b>
					</p>
					<pre class="pre-scrollable">Sketch uses 9922 bytes (30%) of program storage space. Maximum is 32256 bytes.
Global variables use 481 bytes (23%) of dynamic memory, leaving 1567 bytes for local variables. Maximum is 2048 bytes.
</pre>
					
				
				<h3 id="arduino:mbed_nano:nanorp2040connect">arduino:mbed_nano:nanorp2040connect @ 2.7.2</h3>
				<h4>Inclusion</h4>
				<p>
					Result: <b>FAIL</b>
					
				</p>
				<pre class="pre-scrollable">In file included from /tmp/arduino-testlib2984407086/test/test.ino:1:0:
/home/ec2-user/arduino-testlib/cli-datadir/user/libraries/AceCommon/src/AceCommon.h:49:2: error: #error Platforms using ArduinoCore-API not supported
 #error Platforms using ArduinoCore-API not supported
  ^~~~~

</pre>

					
					<h4>examples/AutoBenchmark</h4>
					<p>
						Result: <b>FAIL</b>
					</p>
					<pre class="pre-scrollable">In file included from /home/ec2-user/arduino-testlib/cli-datadir/user/libraries/AceCommon/examples/AutoBenchmark/Benchmark.cpp:7:0:
/home/ec2-user/arduino-testlib/cli-datadir/user/libraries/AceCommon/src/AceCommon.h:49:2: error: #error Platforms using ArduinoCore-API not supported
 #error Platforms using ArduinoCore-API not supported
  ^~~~~
/home/ec2-user/arduino-testlib/cli-datadir/user/libraries/AceCommon/examples/AutoBenchmark/Benchmark.cpp:37:4: error: #error Unknown platform
   #error Unknown platform
    ^~~~~
/home/ec2-user/arduino-testlib/cli-datadir/user/libraries/AceCommon/examples/AutoBenchmark/Benchmark.cpp: In lambda function:
/home/ec2-user/arduino-testlib/cli-datadir/user/libraries/AceCommon/examples/AutoBenchmark/Benchmark.cpp:135:32: error: &#39;LOOP_COUNT&#39; was not declared in this scope
       for (uint32_t i = 0; i &lt; LOOP_COUNT*1100; i&#43;=1100) {
                                ^~~~~~~~~~
/home/ec2-user/arduino-testlib/cli-datadir/user/libraries/AceCommon/examples/AutoBenchmark/Benchmark.cpp:135:32: note: suggested alternative: &#39;PINS_COUNT&#39;
       for (uint32_t i = 0; i &lt; LOOP_COUNT*1100; i&#43;=1100) {
                                ^~~~~~~~~~
                                PINS_COUNT
/home/ec2-user/arduino-testlib/cli-datadir/user/libraries/AceCommon/examples/AutoBenchmark/Benchmark.cpp: In lambda function:
/home/ec2-user/arduino-testlib/cli-datadir/user/libraries/AceCommon/examples/AutoBenchmark/Benchmark.cpp:141:32: error: &#39;LOOP_COUNT&#39; was not declared in this scope
       for (uint32_t i = 0; i &lt; LOOP_COUNT*1100; i&#43;=1100) {
                                ^~~~~~~~~~
/home/ec2-user/arduino-testlib/cli-datadir/user/libraries/AceCommon/examples/AutoBenchmark/Benchmark.cpp:141:32: note: suggested alternative: &#39;PINS_COUNT&#39;
       for (uint32_t i = 0; i &lt; LOOP_COUNT*1100; i&#43;=1100) {
                                ^~~~~~~~~~
                                PINS_COUNT
/home/ec2-user/arduino-testlib/cli-datadir/user/libraries/AceCommon/examples/AutoBenchmark/Benchmark.cpp: In function &#39;void runUdiv1000Native()&#39;:
/home/ec2-user/arduino-testlib/cli-datadir/user/libraries/AceCommon/examples/AutoBenchmark/Benchmark.cpp:150:39: error: &#39;LOOP_COUNT&#39; was not declared in this scope
   printStats(F(&#34;/1000&#34;), timingStats, LOOP_COUNT, SAMPLE_SIZE);
                                       ^~~~~~~~~~
/home/ec2-user/arduino-testlib/cli-datadir/user/libraries/AceCommon/examples/AutoBenchmark/Benchmark.cpp:150:39: note: suggested alternative: &#39;PINS_COUNT&#39;
   printStats(F(&#34;/1000&#34;), timingStats, LOOP_COUNT, SAMPLE_SIZE);
                                       ^~~~~~~~~~
                                       PINS_COUNT
/home/ec2-user/arduino-testlib/cli-datadir/user/libraries/AceCommon/examples/AutoBenchmark/Benchmark.cpp: In lambda function:
/home/ec2-user/arduino-testlib/cli-datadir/user/libraries/AceCommon/examples/AutoBenchmark/Benchmark.cpp:161:32: error: &#39;LOOP_COUNT&#39; was not declared in this scope
       for (uint32_t i = 0; i &lt; LOOP_COUNT * 1100; i&#43;=1100) {
                                ^~~~~~~~~~
/home/ec2-user/arduino-testlib/cli-datadir/user/libraries/AceCommon/examples/AutoBenchmark/Benchmark.cpp:161:32: note: suggested alternative: &#39;PINS_COUNT&#39;
       for (uint32_t i = 0; i &lt; LOOP_COUNT * 1100; i&#43;=1100) {
                                ^~~~~~~~~~
                                PINS_COUNT
/home/ec2-user/arduino-testlib/cli-datadir/user/libraries/AceCommon/examples/AutoBenchmark/Benchmark.cpp: In lambda function:
/home/ec2-user/arduino-testlib/cli-datadir/user/libraries/AceCommon/examples/AutoBenchmark/Benchmark.cpp:167:32: error: &#39;LOOP_COUNT&#39; was not declared in this scope
       for (uint32_t i = 0; i &lt; LOOP_COUNT*1100; i&#43;=1100) {
                                ^~~~~~~~~~
/home/ec2-user/arduino-testlib/cli-datadir/user/libraries/AceCommon/examples/AutoBenchmark/Benchmark.cpp:167:32: note: suggested alternative: &#39;PINS_COUNT&#39;
       for (uint32_t i = 0; i &lt; LOOP_COUNT*1100; i&#43;=1100) {
                                ^~~~~~~~~~
                                PINS_COUNT
/home/ec2-user/arduino-testlib/cli-datadir/user/libraries/AceCommon/examples/AutoBenchmark/Benchmark.cpp: In function &#39;void runUdiv1000()&#39;:
/home/ec2-user/arduino-testlib/cli-datadir/user/libraries/AceCommon/examples/AutoBenchmark/Benchmark.cpp:176:44: error: &#39;LOOP_COUNT&#39; was not declared in this scope
   printStats(F(&#34;udiv1000()&#34;), timingStats, LOOP_COUNT, SAMPLE_SIZE);
                                            ^~~~~~~~~~
/home/ec2-user/arduino-testlib/cli-datadir/user/libraries/AceCommon/examples/AutoBenchmark/Benchmark.cpp:176:44: note: suggested alternative: &#39;PINS_COUNT&#39;
   printStats(F(&#34;udiv1000()&#34;), timingStats, LOOP_COUNT, SAMPLE_SIZE);
                                            ^~~~~~~~~~
                                            PINS_COUNT
/home/ec2-user/arduino-testlib/cli-datadir/user/libraries/AceCommon/examples/AutoBenchmark/Benchmark.cpp: In lambda function:
/home/ec2-user/arduino-testlib/cli-datadir/user/libraries/AceCommon/examples/AutoBenchmark/Benchmark.cpp:187:32: error: &#39;LOOP_COUNT&#39; was not declared in this scope
       for (uint32_t i = 0; i &lt; LOOP_COUNT; i&#43;&#43;) {
                                ^~~~~~~~~~
/home/ec2-user/arduino-testlib/cli-datadir/user/libraries/AceCommon/examples/AutoBenchmark/Benchmark.cpp:187:32: note: suggested alternative: &#39;PINS_COUNT&#39;
       for (uint32_t i = 0; i &lt; LOOP_COUNT; i&#43;&#43;) {
                                ^~~~~~~~~~
                                PINS_COUNT
/home/ec2-user/arduino-testlib/cli-datadir/user/libraries/AceCommon/examples/AutoBenchmark/Benchmark.cpp: In lambda function:
/home/ec2-user/arduino-testlib/cli-datadir/user/libraries/AceCommon/examples/AutoBenchmark/Benchmark.cpp:193:32: error: &#39;LOOP_COUNT&#39; was not declared in this scope
       for (uint32_t i = 0; i &lt; LOOP_COUNT; i&#43;&#43;) {
                                ^~~~~~~~~~
/home/ec2-user/arduino-testlib/cli-datadir/user/libraries/AceCommon/examples/AutoBenchmark/Benchmark.cpp:193:32: note: suggested alternative: &#39;PINS_COUNT&#39;
       for (uint32_t i = 0; i &lt; LOOP_COUNT; i&#43;&#43;) {
                                ^~~~~~~~~~
                                PINS_COUNT
/home/ec2-user/arduino-testlib/cli-datadir/user/libraries/AceCommon/examples/AutoBenchmark/Benchmark.cpp: In function &#39;void runDecToBcdDivOnly()&#39;:
/home/ec2-user/arduino-testlib/cli-datadir/user/libraries/AceCommon/examples/AutoBenchmark/Benchmark.cpp:202:51: error: &#39;LOOP_COUNT&#39; was not declared in this scope
   printStats(F(&#34;decToBcdDivOnly()&#34;), timingStats, LOOP_COUNT, SAMPLE_SIZE);
                                                   ^~~~~~~~~~
/home/ec2-user/arduino-testlib/cli-datadir/user/libraries/AceCommon/examples/AutoBenchmark/Benchmark.cpp:202:51: note: suggested alternative: &#39;PINS_COUNT&#39;
   printStats(F(&#34;decToBcdDivOnly()&#34;), timingStats, LOOP_COUNT, SAMPLE_SIZE);
                                                   ^~~~~~~~~~
                                                   PINS_COUNT
/home/ec2-user/arduino-testlib/cli-datadir/user/libraries/AceCommon/examples/AutoBenchmark/Benchmark.cpp: In lambda function:
/home/ec2-user/arduino-testlib/cli-datadir/user/libraries/AceCommon/examples/AutoBenchmark/Benchmark.cpp:213:32: error: &#39;LOOP_COUNT&#39; was not declared in this scope
       for (uint32_t i = 0; i &lt; LOOP_COUNT; i&#43;&#43;) {
                                ^~~~~~~~~~
/home/ec2-user/arduino-testlib/cli-datadir/user/libraries/AceCommon/examples/AutoBenchmark/Benchmark.cpp:213:32: note: suggested alternative: &#39;PINS_COUNT&#39;
       for (uint32_t i = 0; i &lt; LOOP_COUNT; i&#43;&#43;) {
                                ^~~~~~~~~~
                                PINS_COUNT
/home/ec2-user/arduino-testlib/cli-datadir/user/libraries/AceCommon/examples/AutoBenchmark/Benchmark.cpp: In lambda function:
/home/ec2-user/arduino-testlib/cli-datadir/user/libraries/AceCommon/examples/AutoBenchmark/Benchmark.cpp:219:32: error: &#39;LOOP_COUNT&#39; was not declared in this scope
       for (uint32_t i = 0; i &lt; LOOP_COUNT; i&#43;&#43;) {
                                ^~~~~~~~~~
/home/ec2-user/arduino-testlib/cli-datadir/user/libraries/AceCommon/examples/AutoBenchmark/Benchmark.cpp:219:32: note: suggested alternative: &#39;PINS_COUNT&#39;
       for (uint32_t i = 0; i &lt; LOOP_COUNT; i&#43;&#43;) {
                                ^~~~~~~~~~
                                PINS_COUNT
/home/ec2-user/arduino-testlib/cli-datadir/user/libraries/AceCommon/examples/AutoBenchmark/Benchmark.cpp: In function &#39;void runDecToBcdDivMod()&#39;:
/home/ec2-user/arduino-testlib/cli-datadir/user/libraries/AceCommon/examples/AutoBenchmark/Benchmark.cpp:228:50: error: &#39;LOOP_COUNT&#39; was not declared in this scope
   printStats(F(&#34;decToBcdDivMod()&#34;), timingStats, LOOP_COUNT, SAMPLE_SIZE);
                                                  ^~~~~~~~~~
/home/ec2-user/arduino-testlib/cli-datadir/user/libraries/AceCommon/examples/AutoBenchmark/Benchmark.cpp:228:50: note: suggested alternative: &#39;PINS_COUNT&#39;
   printStats(F(&#34;decToBcdDivMod()&#34;), timingStats, LOOP_COUNT, SAMPLE_SIZE);
                                                  ^~~~~~~~~~
                                                  PINS_COUNT
/home/ec2-user/arduino-testlib/cli-datadir/user/libraries/AceCommon/examples/AutoBenchmark/Benchmark.cpp: In lambda function:
/home/ec2-user/arduino-testlib/cli-datadir/user/libraries/AceCommon/examples/AutoBenchmark/Benchmark.cpp:239:32: error: &#39;LOOP_COUNT&#39; was not declared in this scope
       for (uint32_t i = 0; i &lt; LOOP_COUNT; i&#43;&#43;) {
                                ^~~~~~~~~~
/home/ec2-user/arduino-testlib/cli-datadir/user/libraries/AceCommon/examples/AutoBenchmark/Benchmark.cpp:239:32: note: suggested alternative: &#39;PINS_COUNT&#39;
       for (uint32_t i = 0; i &lt; LOOP_COUNT; i&#43;&#43;) {
                                ^~~~~~~~~~
                                PINS_COUNT
/home/ec2-user/arduino-testlib/cli-datadir/user/libraries/AceCommon/examples/AutoBenchmark/Benchmark.cpp: In lambda function:
/home/ec2-user/arduino-testlib/cli-datadir/user/libraries/AceCommon/examples</pre>
					
					<h4>examples/MemoryBenchmark</h4>
					<p>
						Result: <b>FAIL</b>
					</p>
					<pre class="pre-scrollable">In file included from /home/ec2-user/arduino-testlib/cli-datadir/user/libraries/AceCommon/examples/MemoryBenchmark/MemoryBenchmark.ino:7:0:
/home/ec2-user/arduino-testlib/cli-datadir/user/libraries/AceCommon/src/AceCommon.h:49:2: error: #error Platforms using ArduinoCore-API not supported
 #error Platforms using ArduinoCore-API not supported
  ^~~~~

</pre>
					
					<h4>examples/TimingStats</h4>
					<p>
						Result: <b>FAIL</b>
					</p>
					<pre class="pre-scrollable">In file included from /home/ec2-user/arduino-testlib/cli-datadir/user/libraries/AceCommon/examples/TimingStats/TimingStats.ino:2:0:
/home/ec2-user/arduino-testlib/cli-datadir/user/libraries/AceCommon/src/AceCommon.h:49:2: error: #error Platforms using ArduinoCore-API not supported
 #error Platforms using ArduinoCore-API not supported
  ^~~~~

</pre>
					
					<h4>examples/UrlEncodingBenchmark</h4>
					<p>
						Result: <b>FAIL</b>
					</p>
					<pre class="pre-scrollable">
</pre>
					
				
				<h3 id="arduino:megaavr:nona4809">arduino:megaavr:nona4809 @ 1.8.7</h3>
				<h4>Inclusion</h4>
				<p>
					Result: <b>FAIL</b>
					
				</p>
				<pre class="pre-scrollable">In file included from /tmp/arduino-testlib2984407086/test/test.ino:1:0:
/home/ec2-user/arduino-testlib/cli-datadir/user/libraries/AceCommon/src/AceCommon.h:43:2: error: #error MegaAVR not supported, https:
 #error MegaAVR not supported, https://github.com/bxparks/AceCommon/issues/8
  ^~~~~

</pre>

					
					<h4>examples/AutoBenchmark</h4>
					<p>
						Result: <b>FAIL</b>
					</p>
					<pre class="pre-scrollable">In file included from /home/ec2-user/arduino-testlib/cli-datadir/user/libraries/AceCommon/examples/AutoBenchmark/AutoBenchmark.ino:47:0:
/home/ec2-user/arduino-testlib/cli-datadir/user/libraries/AceCommon/src/AceCommon.h:43:2: error: #error MegaAVR not supported, https:
 #error MegaAVR not supported, https://github.com/bxparks/AceCommon/issues/8
  ^~~~~

</pre>
					
					<h4>examples/MemoryBenchmark</h4>
					<p>
						Result: <b>FAIL</b>
					</p>
					<pre class="pre-scrollable">In file included from /home/ec2-user/arduino-testlib/cli-datadir/user/libraries/AceCommon/examples/MemoryBenchmark/MemoryBenchmark.ino:7:0:
/home/ec2-user/arduino-testlib/cli-datadir/user/libraries/AceCommon/src/AceCommon.h:43:2: error: #error MegaAVR not supported, https:
 #error MegaAVR not supported, https://github.com/bxparks/AceCommon/issues/8
  ^~~~~

</pre>
					
					<h4>examples/TimingStats</h4>
					<p>
						Result: <b>FAIL</b>
					</p>
					<pre class="pre-scrollable">In file included from /home/ec2-user/arduino-testlib/cli-datadir/user/libraries/AceCommon/examples/TimingStats/TimingStats.ino:2:0:
/home/ec2-user/arduino-testlib/cli-datadir/user/libraries/AceCommon/src/AceCommon.h:43:2: error: #error MegaAVR not supported, https:
 #error MegaAVR not supported, https://github.com/bxparks/AceCommon/issues/8
  ^~~~~

</pre>
					
					<h4>examples/UrlEncodingBenchmark</h4>
					<p>
						Result: <b>FAIL</b>
					</p>
					<pre class="pre-scrollable">In file included from /home/ec2-user/arduino-testlib/cli-datadir/user/libraries/AceCommon/examples/UrlEncodingBenchmark/UrlEncodingBenchmark.ino:2:0:
/home/ec2-user/arduino-testlib/cli-datadir/user/libraries/AceCommon/src/AceCommon.h:43:2: error: #error MegaAVR not supported, https:
 #error MegaAVR not supported, https://github.com/bxparks/AceCommon/issues/8
  ^~~~~

</pre>
					
				
				<h3 id="arduino:samd:mkrwifi1010">arduino:samd:mkrwifi1010 @ 1.8.12</h3>
				<h4>Inclusion</h4>
				<p>
					Result: <b>FAIL</b>
					
				</p>
				<pre class="pre-scrollable">In file included from /private/tmp/arduino-testlib438341797/test/test.ino:1:0:
/Users/alranel/Documents/git/arduino/arduino-testlib/cli-datadir/user/libraries/AceCommon/src/AceCommon.h:46:2: error: #error SAMD21 with arduino:samd &gt;= 1.8.10 not supported, https:
 #error SAMD21 with arduino:samd &gt;= 1.8.10 not supported, https://github.com/bxparks/AceCommon/issues/9
  ^~~~~

</pre>

					
					<h4>examples/AutoBenchmark</h4>
					<p>
						Result: <b>FAIL</b>
					</p>
					<pre class="pre-scrollable">In file included from /Users/alranel/Documents/git/arduino/arduino-testlib/cli-datadir/user/libraries/AceCommon/examples/AutoBenchmark/AutoBenchmark.ino:47:0:
/Users/alranel/Documents/git/arduino/arduino-testlib/cli-datadir/user/libraries/AceCommon/src/AceCommon.h:46:2: error: #error SAMD21 with arduino:samd &gt;= 1.8.10 not supported, https:
 #error SAMD21 with arduino:samd &gt;= 1.8.10 not supported, https://github.com/bxparks/AceCommon/issues/9
  ^~~~~

</pre>
					
					<h4>examples/MemoryBenchmark</h4>
					<p>
						Result: <b>FAIL</b>
					</p>
					<pre class="pre-scrollable">In file included from /Users/alranel/Documents/git/arduino/arduino-testlib/cli-datadir/user/libraries/AceCommon/examples/MemoryBenchmark/MemoryBenchmark.ino:7:0:
/Users/alranel/Documents/git/arduino/arduino-testlib/cli-datadir/user/libraries/AceCommon/src/AceCommon.h:46:2: error: #error SAMD21 with arduino:samd &gt;= 1.8.10 not supported, https:
 #error SAMD21 with arduino:samd &gt;= 1.8.10 not supported, https://github.com/bxparks/AceCommon/issues/9
  ^~~~~

</pre>
					
					<h4>examples/TimingStats</h4>
					<p>
						Result: <b>FAIL</b>
					</p>
					<pre class="pre-scrollable">In file included from /Users/alranel/Documents/git/arduino/arduino-testlib/cli-datadir/user/libraries/AceCommon/examples/TimingStats/TimingStats.ino:2:0:
/Users/alranel/Documents/git/arduino/arduino-testlib/cli-datadir/user/libraries/AceCommon/src/AceCommon.h:46:2: error: #error SAMD21 with arduino:samd &gt;= 1.8.10 not supported, https:
 #error SAMD21 with arduino:samd &gt;= 1.8.10 not supported, https://github.com/bxparks/AceCommon/issues/9
  ^~~~~

</pre>
					
					<h4>examples/UrlEncodingBenchmark</h4>
					<p>
						Result: <b>FAIL</b>
					</p>
					<pre class="pre-scrollable">In file included from /Users/alranel/Documents/git/arduino/arduino-testlib/cli-datadir/user/libraries/AceCommon/examples/UrlEncodingBenchmark/UrlEncodingBenchmark.ino:2:0:
/Users/alranel/Documents/git/arduino/arduino-testlib/cli-datadir/user/libraries/AceCommon/src/AceCommon.h:46:2: error: #error SAMD21 with arduino:samd &gt;= 1.8.10 not supported, https:
 #error SAMD21 with arduino:samd &gt;= 1.8.10 not supported, https://github.com/bxparks/AceCommon/issues/9
  ^~~~~

</pre>
					
				
				<h3 id="esp32:esp32:d1_mini32">esp32:esp32:d1_mini32 @ 1.0.6</h3>
				<h4>Inclusion</h4>
				<p>
					Result: <b>PASS</b>
					
				</p>
				<pre class="pre-scrollable">Sketch uses 197944 bytes (15%) of program storage space. Maximum is 1310720 bytes.
Global variables use 13100 bytes (3%) of dynamic memory, leaving 314580 bytes for local variables. Maximum is 327680 bytes.
</pre>

					
					<h4>examples/AutoBenchmark</h4>
					<p>
						Result: <b>PASS</b>
					</p>
					<pre class="pre-scrollable">Sketch uses 206262 bytes (15%) of program storage space. Maximum is 1310720 bytes.
Global variables use 13456 bytes (4%) of dynamic memory, leaving 314224 bytes for local variables. Maximum is 327680 bytes.
</pre>
					
					<h4>examples/MemoryBenchmark</h4>
					<p>
						Result: <b>PASS</b>
					</p>
					<pre class="pre-scrollable">Sketch uses 204790 bytes (15%) of program storage space. Maximum is 1310720 bytes.
Global variables use 13632 bytes (4%) of dynamic memory, leaving 314048 bytes for local variables. Maximum is 327680 bytes.
</pre>
					
					<h4>examples/TimingStats</h4>
					<p>
						Result: <b>PASS</b>
					</p>
					<pre class="pre-scrollable">Sketch uses 205054 bytes (15%) of program storage space. Maximum is 1310720 bytes.
Global variables use 13448 bytes (4%) of dynamic memory, leaving 314232 bytes for local variables. Maximum is 327680 bytes.
</pre>
					
					<h4>examples/UrlEncodingBenchmark</h4>
					<p>
						Result: <b>PASS</b>
					</p>
					<pre class="pre-scrollable">Sketch uses 211902 bytes (16%) of program storage space. Maximum is 1310720 bytes.
Global variables use 13440 bytes (4%) of dynamic memory, leaving 314240 bytes for local variables. Maximum is 327680 bytes.
</pre>
					
				
			</div>
		</div>
	</div>
  </body>
</html>
