
<!doctype html>
<html lang="en">
  <head>
    <meta charset="utf-8">
    <meta name="viewport" content="width=device-width, initial-scale=1">
    <link href="https://cdn.jsdelivr.net/npm/bootstrap@5.0.2/dist/css/bootstrap.min.css" rel="stylesheet" integrity="sha384-EVSTQN3/azprG1Anm3QDgpJLIm9Nao0Yz1ztcQTwFspd3yD65VohhpuuCOmLASjC" crossorigin="anonymous">
    <title>arduino-testlib report</title>
	<style>
	.pass { background-color: #00FF00 !important; }
	.fail { background-color: #FF0000 !important; }
	</style>
  </head>
  <body>
	<div class="container">
		<div class="row">
			<div class="col">
				<h1>AliyunIoTSDK - compatibility matrix</h1>
				<p>
					<small>This report was generated on Monday, 21-Feb-22 12:00:25 CET using 
					<a href="https://github.com/alranel/arduino-testlib">arduino-testlib</a>.</small>
				</p>

				<h2>AliyunIoTSDK</h2>
				<p>
					Version: <b>0.3</b>
					<br />
					<a href="https://www.arduino.cc/reference/en/libraries/aliyuniotsdk/">More details</a>
				</p>

				<h2>Compatibility matrix</h2>
				<table class="table table-bordered">
					<tr>
						<th>Board</th>
						<th>Claims compatibility</th>
						<th>Inclusion</th>
						
						<th><pre>esp8266</pre></th>
						
					</tr>
					
					<tr>
						<td>
							<a href="#arduino%3aavr%3auno"><b>arduino:avr:uno</b></a>
							<br />
							<small>1.8.4</small>
						</td>

						
						
						
							<td>Yes ⚠️</td>
							<td class="fail">FAIL</td>
						
						

						
							
								
									
										
											
											<td class="fail">FAIL</td>
										
									
								
							
								
							
								
							
								
							
								
							
						
					</tr>
					
					<tr>
						<td>
							<a href="#arduino%3ambed_nano%3ananorp2040connect"><b>arduino:mbed_nano:nanorp2040connect</b></a>
							<br />
							<small>2.7.2</small>
						</td>

						
						
						
							<td>Yes ⚠️</td>
							<td class="fail">FAIL</td>
						
						

						
							
								
							
								
									
										
											
											<td class="fail">FAIL</td>
										
									
								
							
								
							
								
							
								
							
						
					</tr>
					
					<tr>
						<td>
							<a href="#arduino%3amegaavr%3anona4809"><b>arduino:megaavr:nona4809</b></a>
							<br />
							<small>1.8.7</small>
						</td>

						
						
						
							<td>Yes ⚠️</td>
							<td class="fail">FAIL</td>
						
						

						
							
								
							
								
							
								
									
										
											
											<td class="fail">FAIL</td>
										
									
								
							
								
							
								
							
						
					</tr>
					
					<tr>
						<td>
							<a href="#arduino%3asamd%3amkrwifi1010"><b>arduino:samd:mkrwifi1010</b></a>
							<br />
							<small>1.8.12</small>
						</td>

						
						
						
							<td>Yes ⚠️</td>
							<td class="fail">FAIL</td>
						
						

						
							
								
							
								
							
								
							
								
									
										
											
											<td class="fail">FAIL</td>
										
									
								
							
								
							
						
					</tr>
					
					<tr>
						<td>
							<a href="#esp32%3aesp32%3ad1_mini32"><b>esp32:esp32:d1_mini32</b></a>
							<br />
							<small>1.0.6</small>
						</td>

						
						
						
							<td>Yes ⚠️</td>
							<td class="fail">FAIL</td>
						
						

						
							
								
							
								
							
								
							
								
							
								
									
										
											
											<td class="fail">FAIL</td>
										
									
								
							
						
					</tr>
					
				</table>

				<h2>Compilation logs</h2>
				
				<h3 id="arduino:avr:uno">arduino:avr:uno @ 1.8.4</h3>
				<h4>Inclusion</h4>
				<p>
					Result: <b>FAIL</b>
					
				</p>
				<pre class="pre-scrollable">WARNING: library ArduinoECCX08 claims to run on samd, megaavr, mbed architecture(s) and may be incompatible with your current board which runs on avr architecture(s).
/home/ec2-user/arduino-testlib/cli-datadir/user/libraries/AliyunIoTSDK/src/AliyunIoTSDK.cpp: In function &#39;String hmac256(const String&amp;, const String&amp;)&#39;:
/home/ec2-user/arduino-testlib/cli-datadir/user/libraries/AliyunIoTSDK/src/AliyunIoTSDK.cpp:46:12: error: expected &#39;;&#39; before &#39;sha256&#39;
     SHA256 sha256;
            ^~~~~~
/home/ec2-user/arduino-testlib/cli-datadir/user/libraries/AliyunIoTSDK/src/AliyunIoTSDK.cpp:51:5: error: &#39;sha256&#39; was not declared in this scope
     sha256.resetHMAC(key, keySize);
     ^~~~~~
/home/ec2-user/arduino-testlib/cli-datadir/user/libraries/AliyunIoTSDK/src/AliyunIoTSDK.cpp:51:5: note: suggested alternative: &#39;hmac256&#39;
     sha256.resetHMAC(key, keySize);
     ^~~~~~
     hmac256
Multiple libraries were found for &#34;ArduinoJson.h&#34;
  Used: /home/ec2-user/arduino-testlib/cli-datadir/user/libraries/ArduinoJson
  Not used: /home/ec2-user/arduino-testlib/cli-datadir/user/libraries/AllThingsTalk_LTE-M_SDK
  Not used: /home/ec2-user/arduino-testlib/cli-datadir/user/libraries/Antares_ESP8266_MQTT
  Not used: /home/ec2-user/arduino-testlib/cli-datadir/user/libraries/CMMC_MQTT_Connector
  Not used: /home/ec2-user/arduino-testlib/cli-datadir/user/libraries/ThingESP
  Not used: /home/ec2-user/arduino-testlib/cli-datadir/user/libraries/Antares_ESP8266_HTTP
  Not used: /home/ec2-user/arduino-testlib/cli-datadir/user/libraries/ThingsIoT
  Not used: /home/ec2-user/arduino-testlib/cli-datadir/user/libraries/BaleMessengerBot_Arduino
  Not used: /home/ec2-user/arduino-testlib/cli-datadir/user/libraries/CoogleIOT
Multiple libraries were found for &#34;PubSubClient.h&#34;
  Used: /home/ec2-user/arduino-testlib/cli-datadir/user/libraries/PubSubClient
  Not used: /home/ec2-user/arduino-testlib/cli-datadir/user/libraries/ESP8266_Microgear
  Not used: /home/ec2-user/arduino-testlib/cli-datadir/user/libraries/Antares_ESP8266_MQTT
  Not used: /home/ec2-user/arduino-testlib/cli-datadir/user/libraries/CMMC_MQTT_Connector
  Not used: /home/ec2-user/arduino-testlib/cli-datadir/user/libraries/AzureIoTHubMQTTClient
  Not used: /home/ec2-user/arduino-testlib/cli-datadir/user/libraries/ACS-M1128
  Not used: /home/ec2-user/arduino-testlib/cli-datadir/user/libraries/AllThingsTalk_WiFi_SDK
  Not used: /home/ec2-user/arduino-testlib/cli-datadir/user/libraries/AIS_4G_board
Multiple libraries were found for &#34;SHA256.h&#34;
  Used: /home/ec2-user/arduino-testlib/cli-datadir/user/libraries/ArduinoBearSSL
  Not used: /home/ec2-user/arduino-testlib/cli-datadir/user/libraries/Crypto
</pre>

					
					<h4>examples/esp8266</h4>
					<p>
						Result: <b>FAIL</b>
					</p>
					<pre class="pre-scrollable"></pre>
					
				
				<h3 id="arduino:mbed_nano:nanorp2040connect">arduino:mbed_nano:nanorp2040connect @ 2.7.2</h3>
				<h4>Inclusion</h4>
				<p>
					Result: <b>FAIL</b>
					
				</p>
				<pre class="pre-scrollable">WARNING: library ArduinoECCX08 claims to run on samd, megaavr, mbed architecture(s) and may be incompatible with your current board which runs on mbed_nano architecture(s).
/home/ec2-user/arduino-testlib/cli-datadir/user/libraries/AliyunIoTSDK/src/AliyunIoTSDK.cpp: In function &#39;arduino::String hmac256(const arduino::String&amp;, const arduino::String&amp;)&#39;:
/home/ec2-user/arduino-testlib/cli-datadir/user/libraries/AliyunIoTSDK/src/AliyunIoTSDK.cpp:46:12: error: expected &#39;;&#39; before &#39;sha256&#39;
     SHA256 sha256;
            ^~~~~~
/home/ec2-user/arduino-testlib/cli-datadir/user/libraries/AliyunIoTSDK/src/AliyunIoTSDK.cpp:51:5: error: &#39;sha256&#39; was not declared in this scope
     sha256.resetHMAC(key, keySize);
     ^~~~~~
/home/ec2-user/arduino-testlib/cli-datadir/user/libraries/AliyunIoTSDK/src/AliyunIoTSDK.cpp:51:5: note: suggested alternative: &#39;hmac256&#39;
     sha256.resetHMAC(key, keySize);
     ^~~~~~
     hmac256
Multiple libraries were found for &#34;ArduinoJson.h&#34;
  Used: /home/ec2-user/arduino-testlib/cli-datadir/user/libraries/ArduinoJson
  Not used: /home/ec2-user/arduino-testlib/cli-datadir/user/libraries/ThingESP
  Not used: /home/ec2-user/arduino-testlib/cli-datadir/user/libraries/ThingsIoT
  Not used: /home/ec2-user/arduino-testlib/cli-datadir/user/libraries/BaleMessengerBot_Arduino
  Not used: /home/ec2-user/arduino-testlib/cli-datadir/user/libraries/CMMC_MQTT_Connector
  Not used: /home/ec2-user/arduino-testlib/cli-datadir/user/libraries/Antares_ESP8266_HTTP
  Not used: /home/ec2-user/arduino-testlib/cli-datadir/user/libraries/Antares_ESP8266_MQTT
  Not used: /home/ec2-user/arduino-testlib/cli-datadir/user/libraries/CoogleIOT
  Not used: /home/ec2-user/arduino-testlib/cli-datadir/user/libraries/AllThingsTalk_LTE-M_SDK
Multiple libraries were found for &#34;PubSubClient.h&#34;
  Used: /home/ec2-user/arduino-testlib/cli-datadir/user/libraries/PubSubClient
  Not used: /home/ec2-user/arduino-testlib/cli-datadir/user/libraries/ACS-M1128
  Not used: /home/ec2-user/arduino-testlib/cli-datadir/user/libraries/CMMC_MQTT_Connector
  Not used: /home/ec2-user/arduino-testlib/cli-datadir/user/libraries/AllThingsTalk_WiFi_SDK
  Not used: /home/ec2-user/arduino-testlib/cli-datadir/user/libraries/Antares_ESP8266_MQTT
  Not used: /home/ec2-user/arduino-testlib/cli-datadir/user/libraries/AIS_4G_board
  Not used: /home/ec2-user/arduino-testlib/cli-datadir/user/libraries/AzureIoTHubMQTTClient
  Not used: /home/ec2-user/arduino-testlib/cli-datadir/user/libraries/ESP8266_Microgear
Multiple libraries were found for &#34;SHA256.h&#34;
  Used: /home/ec2-user/arduino-testlib/cli-datadir/user/libraries/ArduinoBearSSL
  Not used: /home/ec2-user/arduino-testlib/cli-datadir/user/libraries/Crypto
</pre>

					
					<h4>examples/esp8266</h4>
					<p>
						Result: <b>FAIL</b>
					</p>
					<pre class="pre-scrollable"></pre>
					
				
				<h3 id="arduino:megaavr:nona4809">arduino:megaavr:nona4809 @ 1.8.7</h3>
				<h4>Inclusion</h4>
				<p>
					Result: <b>FAIL</b>
					
				</p>
				<pre class="pre-scrollable">/home/ec2-user/arduino-testlib/cli-datadir/user/libraries/AliyunIoTSDK/src/AliyunIoTSDK.cpp: In function &#39;arduino::String hmac256(const arduino::String&amp;, const arduino::String&amp;)&#39;:
/home/ec2-user/arduino-testlib/cli-datadir/user/libraries/AliyunIoTSDK/src/AliyunIoTSDK.cpp:46:12: error: expected &#39;;&#39; before &#39;sha256&#39;
     SHA256 sha256;
            ^~~~~~
/home/ec2-user/arduino-testlib/cli-datadir/user/libraries/AliyunIoTSDK/src/AliyunIoTSDK.cpp:51:5: error: &#39;sha256&#39; was not declared in this scope
     sha256.resetHMAC(key, keySize);
     ^~~~~~
/home/ec2-user/arduino-testlib/cli-datadir/user/libraries/AliyunIoTSDK/src/AliyunIoTSDK.cpp:51:5: note: suggested alternative: &#39;hmac256&#39;
     sha256.resetHMAC(key, keySize);
     ^~~~~~
     hmac256
Multiple libraries were found for &#34;ArduinoJson.h&#34;
  Used: /home/ec2-user/arduino-testlib/cli-datadir/user/libraries/ArduinoJson
  Not used: /home/ec2-user/arduino-testlib/cli-datadir/user/libraries/Antares_ESP8266_HTTP
  Not used: /home/ec2-user/arduino-testlib/cli-datadir/user/libraries/BaleMessengerBot_Arduino
  Not used: /home/ec2-user/arduino-testlib/cli-datadir/user/libraries/ThingESP
  Not used: /home/ec2-user/arduino-testlib/cli-datadir/user/libraries/CoogleIOT
  Not used: /home/ec2-user/arduino-testlib/cli-datadir/user/libraries/Antares_ESP8266_MQTT
  Not used: /home/ec2-user/arduino-testlib/cli-datadir/user/libraries/ThingsIoT
  Not used: /home/ec2-user/arduino-testlib/cli-datadir/user/libraries/CMMC_MQTT_Connector
  Not used: /home/ec2-user/arduino-testlib/cli-datadir/user/libraries/AllThingsTalk_LTE-M_SDK
Multiple libraries were found for &#34;PubSubClient.h&#34;
  Used: /home/ec2-user/arduino-testlib/cli-datadir/user/libraries/PubSubClient
  Not used: /home/ec2-user/arduino-testlib/cli-datadir/user/libraries/AzureIoTHubMQTTClient
  Not used: /home/ec2-user/arduino-testlib/cli-datadir/user/libraries/ACS-M1128
  Not used: /home/ec2-user/arduino-testlib/cli-datadir/user/libraries/AllThingsTalk_WiFi_SDK
  Not used: /home/ec2-user/arduino-testlib/cli-datadir/user/libraries/ESP8266_Microgear
  Not used: /home/ec2-user/arduino-testlib/cli-datadir/user/libraries/Antares_ESP8266_MQTT
  Not used: /home/ec2-user/arduino-testlib/cli-datadir/user/libraries/AIS_4G_board
  Not used: /home/ec2-user/arduino-testlib/cli-datadir/user/libraries/CMMC_MQTT_Connector
Multiple libraries were found for &#34;SHA256.h&#34;
  Used: /home/ec2-user/arduino-testlib/cli-datadir/user/libraries/ArduinoBearSSL
  Not used: /home/ec2-user/arduino-testlib/cli-datadir/user/libraries/Crypto
</pre>

					
					<h4>examples/esp8266</h4>
					<p>
						Result: <b>FAIL</b>
					</p>
					<pre class="pre-scrollable"></pre>
					
				
				<h3 id="arduino:samd:mkrwifi1010">arduino:samd:mkrwifi1010 @ 1.8.12</h3>
				<h4>Inclusion</h4>
				<p>
					Result: <b>FAIL</b>
					
				</p>
				<pre class="pre-scrollable">/home/ec2-user/arduino-testlib/cli-datadir/user/libraries/AliyunIoTSDK/src/AliyunIoTSDK.cpp: In function &#39;arduino::String hmac256(const arduino::String&amp;, const arduino::String&amp;)&#39;:
/home/ec2-user/arduino-testlib/cli-datadir/user/libraries/AliyunIoTSDK/src/AliyunIoTSDK.cpp:46:12: error: expected &#39;;&#39; before &#39;sha256&#39;
     SHA256 sha256;
            ^~~~~~
/home/ec2-user/arduino-testlib/cli-datadir/user/libraries/AliyunIoTSDK/src/AliyunIoTSDK.cpp:51:5: error: &#39;sha256&#39; was not declared in this scope
     sha256.resetHMAC(key, keySize);
     ^~~~~~
/home/ec2-user/arduino-testlib/cli-datadir/user/libraries/AliyunIoTSDK/src/AliyunIoTSDK.cpp:51:5: note: suggested alternative: &#39;hmac256&#39;
     sha256.resetHMAC(key, keySize);
     ^~~~~~
     hmac256
Multiple libraries were found for &#34;ArduinoJson.h&#34;
  Used: /home/ec2-user/arduino-testlib/cli-datadir/user/libraries/ArduinoJson
  Not used: /home/ec2-user/arduino-testlib/cli-datadir/user/libraries/CMMC_MQTT_Connector
  Not used: /home/ec2-user/arduino-testlib/cli-datadir/user/libraries/Antares_ESP8266_HTTP
  Not used: /home/ec2-user/arduino-testlib/cli-datadir/user/libraries/BaleMessengerBot_Arduino
  Not used: /home/ec2-user/arduino-testlib/cli-datadir/user/libraries/ThingESP
  Not used: /home/ec2-user/arduino-testlib/cli-datadir/user/libraries/Antares_ESP8266_MQTT
  Not used: /home/ec2-user/arduino-testlib/cli-datadir/user/libraries/ThingsIoT
  Not used: /home/ec2-user/arduino-testlib/cli-datadir/user/libraries/AllThingsTalk_LTE-M_SDK
  Not used: /home/ec2-user/arduino-testlib/cli-datadir/user/libraries/CoogleIOT
Multiple libraries were found for &#34;PubSubClient.h&#34;
  Used: /home/ec2-user/arduino-testlib/cli-datadir/user/libraries/PubSubClient
  Not used: /home/ec2-user/arduino-testlib/cli-datadir/user/libraries/CMMC_MQTT_Connector
  Not used: /home/ec2-user/arduino-testlib/cli-datadir/user/libraries/AIS_4G_board
  Not used: /home/ec2-user/arduino-testlib/cli-datadir/user/libraries/AzureIoTHubMQTTClient
  Not used: /home/ec2-user/arduino-testlib/cli-datadir/user/libraries/ACS-M1128
  Not used: /home/ec2-user/arduino-testlib/cli-datadir/user/libraries/Antares_ESP8266_MQTT
  Not used: /home/ec2-user/arduino-testlib/cli-datadir/user/libraries/ESP8266_Microgear
  Not used: /home/ec2-user/arduino-testlib/cli-datadir/user/libraries/AllThingsTalk_WiFi_SDK
Multiple libraries were found for &#34;SHA256.h&#34;
  Used: /home/ec2-user/arduino-testlib/cli-datadir/user/libraries/ArduinoBearSSL
  Not used: /home/ec2-user/arduino-testlib/cli-datadir/user/libraries/Crypto
</pre>

					
					<h4>examples/esp8266</h4>
					<p>
						Result: <b>FAIL</b>
					</p>
					<pre class="pre-scrollable"></pre>
					
				
				<h3 id="esp32:esp32:d1_mini32">esp32:esp32:d1_mini32 @ 1.0.6</h3>
				<h4>Inclusion</h4>
				<p>
					Result: <b>FAIL</b>
					
				</p>
				<pre class="pre-scrollable">WARNING: library ArduinoECCX08 claims to run on samd, megaavr, mbed architecture(s) and may be incompatible with your current board which runs on esp32 architecture(s).
/home/ec2-user/arduino-testlib/cli-datadir/user/libraries/AliyunIoTSDK/src/AliyunIoTSDK.cpp: In function &#39;String hmac256(const String&amp;, const String&amp;)&#39;:
/home/ec2-user/arduino-testlib/cli-datadir/user/libraries/AliyunIoTSDK/src/AliyunIoTSDK.cpp:46:12: error: expected &#39;;&#39; before &#39;sha256&#39;
     SHA256 sha256;
            ^
/home/ec2-user/arduino-testlib/cli-datadir/user/libraries/AliyunIoTSDK/src/AliyunIoTSDK.cpp:51:5: error: &#39;sha256&#39; was not declared in this scope
     sha256.resetHMAC(key, keySize);
     ^
Multiple libraries were found for &#34;ArduinoJson.h&#34;
  Used: /home/ec2-user/arduino-testlib/cli-datadir/user/libraries/ArduinoJson
  Not used: /home/ec2-user/arduino-testlib/cli-datadir/user/libraries/ThingsIoT
  Not used: /home/ec2-user/arduino-testlib/cli-datadir/user/libraries/CoogleIOT
  Not used: /home/ec2-user/arduino-testlib/cli-datadir/user/libraries/Antares_ESP8266_HTTP
  Not used: /home/ec2-user/arduino-testlib/cli-datadir/user/libraries/AllThingsTalk_LTE-M_SDK
  Not used: /home/ec2-user/arduino-testlib/cli-datadir/user/libraries/BaleMessengerBot_Arduino
  Not used: /home/ec2-user/arduino-testlib/cli-datadir/user/libraries/Antares_ESP8266_MQTT
  Not used: /home/ec2-user/arduino-testlib/cli-datadir/user/libraries/ThingESP
  Not used: /home/ec2-user/arduino-testlib/cli-datadir/user/libraries/CMMC_MQTT_Connector
Multiple libraries were found for &#34;PubSubClient.h&#34;
  Used: /home/ec2-user/arduino-testlib/cli-datadir/user/libraries/PubSubClient
  Not used: /home/ec2-user/arduino-testlib/cli-datadir/user/libraries/AzureIoTHubMQTTClient
  Not used: /home/ec2-user/arduino-testlib/cli-datadir/user/libraries/ESP8266_Microgear
  Not used: /home/ec2-user/arduino-testlib/cli-datadir/user/libraries/ACS-M1128
  Not used: /home/ec2-user/arduino-testlib/cli-datadir/user/libraries/AIS_4G_board
  Not used: /home/ec2-user/arduino-testlib/cli-datadir/user/libraries/Antares_ESP8266_MQTT
  Not used: /home/ec2-user/arduino-testlib/cli-datadir/user/libraries/AllThingsTalk_WiFi_SDK
  Not used: /home/ec2-user/arduino-testlib/cli-datadir/user/libraries/CMMC_MQTT_Connector
Multiple libraries were found for &#34;SHA256.h&#34;
  Used: /home/ec2-user/arduino-testlib/cli-datadir/user/libraries/ArduinoBearSSL
  Not used: /home/ec2-user/arduino-testlib/cli-datadir/user/libraries/Crypto
</pre>

					
					<h4>examples/esp8266</h4>
					<p>
						Result: <b>FAIL</b>
					</p>
					<pre class="pre-scrollable"></pre>
					
				
			</div>
		</div>
	</div>
  </body>
</html>
