
<!doctype html>
<html lang="en">
  <head>
    <meta charset="utf-8">
    <meta name="viewport" content="width=device-width, initial-scale=1">
    <link href="https://cdn.jsdelivr.net/npm/bootstrap@5.0.2/dist/css/bootstrap.min.css" rel="stylesheet" integrity="sha384-EVSTQN3/azprG1Anm3QDgpJLIm9Nao0Yz1ztcQTwFspd3yD65VohhpuuCOmLASjC" crossorigin="anonymous">
    <title>arduino-testlib report</title>
	<style>
	.pass { background-color: #00FF00 !important; }
	.fail { background-color: #FF0000 !important; }
	</style>
  </head>
  <body>
	<div class="container">
		<div class="row">
			<div class="col">
				<h1>AloesDevice - compatibility matrix</h1>
				<p>
					<small>This report was generated on Monday, 21-Feb-22 12:00:25 CET using 
					<a href="https://github.com/alranel/arduino-testlib">arduino-testlib</a>.</small>
				</p>

				<h2>AloesDevice</h2>
				<p>
					Version: <b>1.0.1</b>
					<br />
					<a href="https://www.arduino.cc/reference/en/libraries/aloesdevice/">More details</a>
				</p>

				<h2>Compatibility matrix</h2>
				<table class="table table-bordered">
					<tr>
						<th>Board</th>
						<th>Claims compatibility</th>
						<th>Inclusion</th>
						
					</tr>
					
					<tr>
						<td>
							<a href="#arduino%3aavr%3auno"><b>arduino:avr:uno</b></a>
							<br />
							<small>1.8.4</small>
						</td>

						
						
						
						
							<td>No</td>
							<td class="fail">FAIL</td>
						

						
					</tr>
					
					<tr>
						<td>
							<a href="#arduino%3ambed_nano%3ananorp2040connect"><b>arduino:mbed_nano:nanorp2040connect</b></a>
							<br />
							<small>2.7.2</small>
						</td>

						
						
						
						
							<td>No</td>
							<td class="fail">FAIL</td>
						

						
					</tr>
					
					<tr>
						<td>
							<a href="#arduino%3amegaavr%3anona4809"><b>arduino:megaavr:nona4809</b></a>
							<br />
							<small>1.8.7</small>
						</td>

						
						
						
						
							<td>No</td>
							<td class="fail">FAIL</td>
						

						
					</tr>
					
					<tr>
						<td>
							<a href="#arduino%3asamd%3amkrwifi1010"><b>arduino:samd:mkrwifi1010</b></a>
							<br />
							<small>1.8.12</small>
						</td>

						
						
						
						
							<td>No</td>
							<td class="fail">FAIL</td>
						

						
					</tr>
					
					<tr>
						<td>
							<a href="#esp32%3aesp32%3ad1_mini32"><b>esp32:esp32:d1_mini32</b></a>
							<br />
							<small>1.0.6</small>
						</td>

						
						
						
						
							<td>No</td>
							<td class="fail">FAIL</td>
						

						
					</tr>
					
				</table>

				<h2>Compilation logs</h2>
				
				<h3 id="arduino:avr:uno">arduino:avr:uno @ 1.8.4</h3>
				<h4>Inclusion</h4>
				<p>
					Result: <b>FAIL</b>
					
				</p>
				<pre class="pre-scrollable">In file included from /tmp/arduino-testlib632224799/test/test.ino:1:0:
/home/ec2-user/arduino-testlib/cli-datadir/user/libraries/AloesDevice/AloesDevice.h:6:10: fatal error: FS.h: No such file or directory
 #include &lt;FS.h&gt;
          ^~~~~~
compilation terminated.

</pre>

					
				
				<h3 id="arduino:mbed_nano:nanorp2040connect">arduino:mbed_nano:nanorp2040connect @ 2.7.2</h3>
				<h4>Inclusion</h4>
				<p>
					Result: <b>FAIL</b>
					
				</p>
				<pre class="pre-scrollable">In file included from /tmp/arduino-testlib2372338642/test/test.ino:1:0:
/home/ec2-user/arduino-testlib/cli-datadir/user/libraries/AloesDevice/AloesDevice.h:6:10: fatal error: FS.h: No such file or directory
 #include &lt;FS.h&gt;
          ^~~~~~
compilation terminated.

</pre>

					
				
				<h3 id="arduino:megaavr:nona4809">arduino:megaavr:nona4809 @ 1.8.7</h3>
				<h4>Inclusion</h4>
				<p>
					Result: <b>FAIL</b>
					
				</p>
				<pre class="pre-scrollable">In file included from /tmp/arduino-testlib2372338642/test/test.ino:1:0:
/home/ec2-user/arduino-testlib/cli-datadir/user/libraries/AloesDevice/AloesDevice.h:6:10: fatal error: FS.h: No such file or directory
 #include &lt;FS.h&gt;
          ^~~~~~
compilation terminated.

</pre>

					
				
				<h3 id="arduino:samd:mkrwifi1010">arduino:samd:mkrwifi1010 @ 1.8.12</h3>
				<h4>Inclusion</h4>
				<p>
					Result: <b>FAIL</b>
					
				</p>
				<pre class="pre-scrollable">In file included from /tmp/arduino-testlib632224799/test/test.ino:1:0:
/home/ec2-user/arduino-testlib/cli-datadir/user/libraries/AloesDevice/AloesDevice.h:6:10: fatal error: FS.h: No such file or directory
 #include &lt;FS.h&gt;
          ^~~~~~
compilation terminated.

</pre>

					
				
				<h3 id="esp32:esp32:d1_mini32">esp32:esp32:d1_mini32 @ 1.0.6</h3>
				<h4>Inclusion</h4>
				<p>
					Result: <b>FAIL</b>
					
				</p>
				<pre class="pre-scrollable">In file included from /home/ec2-user/arduino-testlib/cli-datadir/user/libraries/AloesDevice/AloesDevice.h:26:0,
                 from /tmp/arduino-testlib2372338642/test/test.ino:1:
/home/ec2-user/arduino-testlib/cli-datadir/user/libraries/AloesDevice/lib/Device.cpp: In member function &#39;bool Device::initConfig()&#39;:
/home/ec2-user/arduino-testlib/cli-datadir/user/libraries/AloesDevice/lib/Device.cpp:644:20: error: &#39;DEFAULT_DEVICE_NAME&#39; was not declared in this scope
   set(DEVICE_NAME, DEFAULT_DEVICE_NAME).set(DEVICE_ID, defaultDeviceId).set(API_KEY, defaultDeviceApiKey);
                    ^
/home/ec2-user/arduino-testlib/cli-datadir/user/libraries/AloesDevice/lib/Device.cpp:644:56: error: &#39;defaultDeviceId&#39; was not declared in this scope
   set(DEVICE_NAME, DEFAULT_DEVICE_NAME).set(DEVICE_ID, defaultDeviceId).set(API_KEY, defaultDeviceApiKey);
                                                        ^
/home/ec2-user/arduino-testlib/cli-datadir/user/libraries/AloesDevice/lib/Device.cpp:644:86: error: &#39;defaultDeviceApiKey&#39; was not declared in this scope
   set(DEVICE_NAME, DEFAULT_DEVICE_NAME).set(DEVICE_ID, defaultDeviceId).set(API_KEY, defaultDeviceApiKey);
                                                                                      ^
/home/ec2-user/arduino-testlib/cli-datadir/user/libraries/AloesDevice/lib/Device.cpp:645:18: error: &#39;defaultHttpPort&#39; was not declared in this scope
   set(HTTP_PORT, defaultHttpPort).set(HTTP_HOST, defaultHttpHost).set(HTTP_SECURE, BoolToChar(defaultHttpSecure));
                  ^
/home/ec2-user/arduino-testlib/cli-datadir/user/libraries/AloesDevice/lib/Device.cpp:645:50: error: &#39;defaultHttpHost&#39; was not declared in this scope
   set(HTTP_PORT, defaultHttpPort).set(HTTP_HOST, defaultHttpHost).set(HTTP_SECURE, BoolToChar(defaultHttpSecure));
                                                  ^
/home/ec2-user/arduino-testlib/cli-datadir/user/libraries/AloesDevice/lib/Device.cpp:645:95: error: &#39;defaultHttpSecure&#39; was not declared in this scope
   set(HTTP_PORT, defaultHttpPort).set(HTTP_HOST, defaultHttpHost).set(HTTP_SECURE, BoolToChar(defaultHttpSecure));
                                                                                               ^
/home/ec2-user/arduino-testlib/cli-datadir/user/libraries/AloesDevice/lib/Device.cpp:646:18: error: &#39;defaultMqttPort&#39; was not declared in this scope
   set(MQTT_PORT, defaultMqttPort).set(MQTT_HOST, defaultMqttHost).set(MQTT_SECURE, BoolToChar(defaultMqttSecure));
                  ^
/home/ec2-user/arduino-testlib/cli-datadir/user/libraries/AloesDevice/lib/Device.cpp:646:50: error: &#39;defaultMqttHost&#39; was not declared in this scope
   set(MQTT_PORT, defaultMqttPort).set(MQTT_HOST, defaultMqttHost).set(MQTT_SECURE, BoolToChar(defaultMqttSecure));
                                                  ^
/home/ec2-user/arduino-testlib/cli-datadir/user/libraries/AloesDevice/lib/Device.cpp:646:95: error: &#39;defaultMqttSecure&#39; was not declared in this scope
   set(MQTT_PORT, defaultMqttPort).set(MQTT_HOST, defaultMqttHost).set(MQTT_SECURE, BoolToChar(defaultMqttSecure));
                                                                                               ^
/home/ec2-user/arduino-testlib/cli-datadir/user/libraries/AloesDevice/lib/Device.cpp:647:22: error: &#39;defaultMqttTopicIn&#39; was not declared in this scope
   set(MQTT_TOPIC_IN, defaultMqttTopicIn).set(MQTT_TOPIC_OUT, defaultMqttTopicOut);
                      ^
/home/ec2-user/arduino-testlib/cli-datadir/user/libraries/AloesDevice/lib/Device.cpp:647:62: error: &#39;defaultMqttTopicOut&#39; was not declared in this scope
   set(MQTT_TOPIC_IN, defaultMqttTopicIn).set(MQTT_TOPIC_OUT, defaultMqttTopicOut);
                                                              ^
In file included from /home/ec2-user/arduino-testlib/cli-datadir/user/libraries/AloesDevice/AloesDevice.h:29:0,
                 from /tmp/arduino-testlib2372338642/test/test.ino:1:
/home/ec2-user/arduino-testlib/cli-datadir/user/libraries/AloesDevice/lib/Helpers.cpp: In static member function &#39;static void Helpers::tick()&#39;:
/home/ec2-user/arduino-testlib/cli-datadir/user/libraries/AloesDevice/lib/Helpers.cpp:8:27: error: &#39;STATE_LED&#39; was not declared in this scope
   int state = digitalRead(STATE_LED);
                           ^
/home/ec2-user/arduino-testlib/cli-datadir/user/libraries/AloesDevice/lib/Helpers.cpp: In member function &#39;void Helpers::setPins()&#39;:
/home/ec2-user/arduino-testlib/cli-datadir/user/libraries/AloesDevice/lib/Helpers.cpp:21:11: error: &#39;STATE_LED&#39; was not declared in this scope
   pinMode(STATE_LED, OUTPUT);
           ^
/home/ec2-user/arduino-testlib/cli-datadir/user/libraries/AloesDevice/lib/Helpers.cpp:23:11: error: &#39;RELAY_SWITCH&#39; was not declared in this scope
   pinMode(RELAY_SWITCH, OUTPUT);
           ^
/home/ec2-user/arduino-testlib/cli-datadir/user/libraries/AloesDevice/lib/Helpers.cpp:26:20: error: &#39;OTA_BUTTON_PIN&#39; was not declared in this scope
   debouncer.attach(OTA_BUTTON_PIN, INPUT_PULLUP);
                    ^
/home/ec2-user/arduino-testlib/cli-datadir/user/libraries/AloesDevice/lib/Helpers.cpp: In member function &#39;void Helpers::setReboot()&#39;:
/home/ec2-user/arduino-testlib/cli-datadir/user/libraries/AloesDevice/lib/Helpers.cpp:68:11: error: &#39;STATE_LED&#39; was not declared in this scope
   pinMode(STATE_LED, OUTPUT);
           ^
In file included from /home/ec2-user/arduino-testlib/cli-datadir/user/libraries/AloesDevice/AloesDevice.h:32:0,
                 from /tmp/arduino-testlib2372338642/test/test.ino:1:
/home/ec2-user/arduino-testlib/cli-datadir/user/libraries/AloesDevice/lib/Network.cpp: In member function &#39;void Network::checkSerial()&#39;:
/home/ec2-user/arduino-testlib/cli-datadir/user/libraries/AloesDevice/lib/Network.cpp:62:20: error: &#39;DEBUG&#39; was not declared in this scope
     Serial.println(DEBUG);
                    ^
In file included from /home/ec2-user/arduino-testlib/cli-datadir/user/libraries/AloesDevice/AloesDevice.h:35:0,
                 from /tmp/arduino-testlib2372338642/test/test.ino:1:
/home/ec2-user/arduino-testlib/cli-datadir/user/libraries/AloesDevice/lib/Manager.cpp: In static member function &#39;static void Manager::closePortal()&#39;:
/home/ec2-user/arduino-testlib/cli-datadir/user/libraries/AloesDevice/lib/Manager.cpp:111:16: error: &#39;STATE_LED&#39; was not declared in this scope
   digitalWrite(STATE_LED, HIGH);
                ^
In file included from /home/ec2-user/arduino-testlib/cli-datadir/user/libraries/AloesDevice/AloesDevice.h:41:0,
                 from /tmp/arduino-testlib2372338642/test/test.ino:1:
/home/ec2-user/arduino-testlib/cli-datadir/user/libraries/AloesDevice/lib/Aloes.cpp: In member function &#39;void Aloes::initSensors()&#39;:
/home/ec2-user/arduino-testlib/cli-datadir/user/libraries/AloesDevice/lib/Aloes.cpp:37:33: error: &#39;sensors&#39; was not declared in this scope
   for (size_t i = 0; i &lt; sizeof(sensors) / sizeof(sensors[0]); i&#43;&#43;) {
                                 ^
/home/ec2-user/arduino-testlib/cli-datadir/user/libraries/AloesDevice/lib/Aloes.cpp: In member function &#39;void Aloes::presentSensors()&#39;:
/home/ec2-user/arduino-testlib/cli-datadir/user/libraries/AloesDevice/lib/Aloes.cpp:55:33: error: &#39;sensors&#39; was not declared in this scope
   for (size_t i = 0; i &lt; sizeof(sensors) / sizeof(sensors[0]); i&#43;&#43;) {
                                 ^
/home/ec2-user/arduino-testlib/cli-datadir/user/libraries/AloesDevice/lib/Aloes.cpp: In member function &#39;bool Aloes::parsePayload(uint8_t*, size_t)&#39;:
/home/ec2-user/arduino-testlib/cli-datadir/user/libraries/AloesDevice/lib/Aloes.cpp:265:33: error: &#39;sensors&#39; was not declared in this scope
   for (size_t i = 0; i &lt; sizeof(sensors) / sizeof(sensors[0]); i&#43;&#43;) {
                                 ^
In file included from /home/ec2-user/arduino-testlib/cli-datadir/user/libraries/AloesDevice/AloesDevice.h:45:0,
                 from /tmp/arduino-testlib2372338642/test/test.ino:1:
/home/ec2-user/arduino-testlib/cli-datadir/user/libraries/AloesDevice/lib/Exec.cpp: In function &#39;bool initDevice()&#39;:
/home/ec2-user/arduino-testlib/cli-datadir/user/libraries/AloesDevice/lib/Exec.cpp:75:16: error: &#39;BAUD_RATE&#39; was not declared in this scope
   Serial.begin(BAUD_RATE);
                ^
/home/ec2-user/arduino-testlib/cli-datadir/user/libraries/AloesDevice/lib/Exec.cpp:94:33: error: &#39;SKETCH_NAME&#39; was not declared in this scope
   aSerial.v().p(F(&#34;====== &#34;)).p(SKETCH_NAME).pln(F(&#34; ======&#34;));
                                 ^
/home/ec2-user/arduino-testlib/cli-datadir/user/libraries/AloesDevice/lib/Exec.cpp:160:16: error: &#39;STATE_LED&#39; was not declared in this scope
   digitalWrite(STATE_LED, HIGH);
                ^
Multiple libraries were found for &#34;WiFi.h&#34;
  Used: /home/ec2-user/arduino-testlib/cli-datadir/data/packages/esp32/hardware/esp32/1.0.6/libraries/WiFi
  Not used: /home/ec2-user/arduino-testlib/cli-datadir/user/libraries/WiFi
  Not used: /home/ec2-user/arduino-testlib/cli-datadir/user/libraries/WiFiNINA
  Not used: /home/ec2-user/arduino-testlib/cli-datadir/user/libraries/WiFiEspAT
  Not used: /home/ec2-user/arduino-testlib/cli-datadir/user/libraries/Seeed_Arduino_rpcWiFi
Multiple libraries were found for &#34;Ticker.h&#34;
  Used: /home/ec2-user/arduino-testlib/cli-datadir/data/packages/esp32/hardware/esp32/1.0.6/libraries/Ticker
  Not used: /home/ec2-user/arduino-testlib/cli-datadir/user/libraries/SimpleTicker
  Not used: /home/ec2-user/arduino-testlib/cli-datadir/user/libraries/Ticker
Multiple libraries were found for &#34;DNSServer.h&#34;
  Used: /home/ec2-user/arduino-testlib/cli-datadir/data/packages/esp32/hardware/esp32/1.0.6/libraries/DNSServer
  Not used: /home/ec2-user/arduino-testlib/cli-datadir/user/libraries/Seeed_Arduino_rpcWiFi
Multiple libraries were found for &#34;WiFiClientSecure.h&#34;
  Used: /home/ec2-user/arduino-testlib/cli-datadir/data/packages/esp32/hardware/esp32/1.0.6/libraries/WiFiClientSecure
  Not used: /home/ec2-user/arduino-testlib/cli-datadir/user/libraries/Seeed_Arduino_rpcWiFi
Multiple libraries were found for &#34;WiFiManager.h&#34;
</pre>

					
				
			</div>
		</div>
	</div>
  </body>
</html>
