
<!doctype html>
<html lang="en">
  <head>
    <meta charset="utf-8">
    <meta name="viewport" content="width=device-width, initial-scale=1">
    <link href="https://cdn.jsdelivr.net/npm/bootstrap@5.0.2/dist/css/bootstrap.min.css" rel="stylesheet" integrity="sha384-EVSTQN3/azprG1Anm3QDgpJLIm9Nao0Yz1ztcQTwFspd3yD65VohhpuuCOmLASjC" crossorigin="anonymous">
    <title>arduino-testlib report</title>
	<style>
	.pass { background-color: #00FF00 !important; }
	.fail { background-color: #FF0000 !important; }
	</style>
  </head>
  <body>
	<div class="container">
		<div class="row">
			<div class="col">
				<h1>ArdBitmap - compatibility matrix</h1>
				<p>
					<small>This report was generated on Monday, 21-Feb-22 12:00:25 CET using 
					<a href="https://github.com/alranel/arduino-testlib">arduino-testlib</a>.</small>
				</p>

				<h2>ArdBitmap</h2>
				<p>
					Version: <b>2.0.3</b>
					<br />
					<a href="https://www.arduino.cc/reference/en/libraries/ardbitmap/">More details</a>
				</p>

				<h2>Compatibility matrix</h2>
				<table class="table table-bordered">
					<tr>
						<th>Board</th>
						<th>Claims compatibility</th>
						<th>Inclusion</th>
						
						<th><pre>Sample5-Basic-Arduboy2</pre></th>
						
						<th><pre>Sample6-Complex</pre></th>
						
						<th><pre>CompleteTest</pre></th>
						
						<th><pre>Sample1-Basic</pre></th>
						
						<th><pre>Sample2-Mirror</pre></th>
						
						<th><pre>Sample3-Resize</pre></th>
						
						<th><pre>Sample4-Animation</pre></th>
						
					</tr>
					
					<tr>
						<td>
							<a href="#arduino%3aavr%3auno"><b>arduino:avr:uno</b></a>
							<br />
							<small>1.8.4</small>
						</td>

						
						
						
							<td>Yes ⚠️</td>
							<td class="fail">FAIL</td>
						
						

						
							
								
									
										
									
										
									
										
									
										
									
										
									
										
											
											<td class="fail">FAIL</td>
										
									
										
									
								
							
								
							
								
							
								
							
								
							
						
							
								
									
										
									
										
									
										
									
										
									
										
									
										
									
										
											
											<td class="fail">FAIL</td>
										
									
								
							
								
							
								
							
								
							
								
							
						
							
								
									
										
											
											<td class="fail">FAIL</td>
										
									
										
									
										
									
										
									
										
									
										
									
										
									
								
							
								
							
								
							
								
							
								
							
						
							
								
									
										
									
										
											
											<td class="fail">FAIL</td>
										
									
										
									
										
									
										
									
										
									
										
									
								
							
								
							
								
							
								
							
								
							
						
							
								
									
										
									
										
									
										
											
											<td class="fail">FAIL</td>
										
									
										
									
										
									
										
									
										
									
								
							
								
							
								
							
								
							
								
							
						
							
								
									
										
									
										
									
										
									
										
											
											<td class="fail">FAIL</td>
										
									
										
									
										
									
										
									
								
							
								
							
								
							
								
							
								
							
						
							
								
									
										
									
										
									
										
									
										
									
										
											
											<td class="fail">FAIL</td>
										
									
										
									
										
									
								
							
								
							
								
							
								
							
								
							
						
					</tr>
					
					<tr>
						<td>
							<a href="#arduino%3ambed_nano%3ananorp2040connect"><b>arduino:mbed_nano:nanorp2040connect</b></a>
							<br />
							<small>2.7.2</small>
						</td>

						
						
						
							<td>Yes ⚠️</td>
							<td class="fail">FAIL</td>
						
						

						
							
								
							
								
									
										
									
										
									
										
									
										
									
										
									
										
											
											<td class="fail">FAIL</td>
										
									
										
									
								
							
								
							
								
							
								
							
						
							
								
							
								
									
										
									
										
									
										
									
										
									
										
									
										
									
										
											
											<td class="fail">FAIL</td>
										
									
								
							
								
							
								
							
								
							
						
							
								
							
								
									
										
											
											<td class="fail">FAIL</td>
										
									
										
									
										
									
										
									
										
									
										
									
										
									
								
							
								
							
								
							
								
							
						
							
								
							
								
									
										
									
										
											
											<td class="fail">FAIL</td>
										
									
										
									
										
									
										
									
										
									
										
									
								
							
								
							
								
							
								
							
						
							
								
							
								
									
										
									
										
									
										
											
											<td class="fail">FAIL</td>
										
									
										
									
										
									
										
									
										
									
								
							
								
							
								
							
								
							
						
							
								
							
								
									
										
									
										
									
										
									
										
											
											<td class="fail">FAIL</td>
										
									
										
									
										
									
										
									
								
							
								
							
								
							
								
							
						
							
								
							
								
									
										
									
										
									
										
									
										
									
										
											
											<td class="fail">FAIL</td>
										
									
										
									
										
									
								
							
								
							
								
							
								
							
						
					</tr>
					
					<tr>
						<td>
							<a href="#arduino%3amegaavr%3anona4809"><b>arduino:megaavr:nona4809</b></a>
							<br />
							<small>1.8.7</small>
						</td>

						
						
						
							<td>Yes ⚠️</td>
							<td class="fail">FAIL</td>
						
						

						
							
								
							
								
							
								
									
										
									
										
									
										
									
										
									
										
									
										
											
											<td class="fail">FAIL</td>
										
									
										
									
								
							
								
							
								
							
						
							
								
							
								
							
								
									
										
									
										
									
										
									
										
									
										
									
										
									
										
											
											<td class="fail">FAIL</td>
										
									
								
							
								
							
								
							
						
							
								
							
								
							
								
									
										
											
											<td class="fail">FAIL</td>
										
									
										
									
										
									
										
									
										
									
										
									
										
									
								
							
								
							
								
							
						
							
								
							
								
							
								
									
										
									
										
											
											<td class="fail">FAIL</td>
										
									
										
									
										
									
										
									
										
									
										
									
								
							
								
							
								
							
						
							
								
							
								
							
								
									
										
									
										
									
										
											
											<td class="fail">FAIL</td>
										
									
										
									
										
									
										
									
										
									
								
							
								
							
								
							
						
							
								
							
								
							
								
									
										
									
										
									
										
									
										
											
											<td class="fail">FAIL</td>
										
									
										
									
										
									
										
									
								
							
								
							
								
							
						
							
								
							
								
							
								
									
										
									
										
									
										
									
										
									
										
											
											<td class="fail">FAIL</td>
										
									
										
									
										
									
								
							
								
							
								
							
						
					</tr>
					
					<tr>
						<td>
							<a href="#arduino%3asamd%3amkrwifi1010"><b>arduino:samd:mkrwifi1010</b></a>
							<br />
							<small>1.8.12</small>
						</td>

						
						
						
							<td>Yes ⚠️</td>
							<td class="fail">FAIL</td>
						
						

						
							
								
							
								
							
								
							
								
									
										
									
										
									
										
									
										
									
										
									
										
											
											<td class="fail">FAIL</td>
										
									
										
									
								
							
								
							
						
							
								
							
								
							
								
							
								
									
										
									
										
									
										
									
										
									
										
									
										
									
										
											
											<td class="fail">FAIL</td>
										
									
								
							
								
							
						
							
								
							
								
							
								
							
								
									
										
											
											<td class="fail">FAIL</td>
										
									
										
									
										
									
										
									
										
									
										
									
										
									
								
							
								
							
						
							
								
							
								
							
								
							
								
									
										
									
										
											
											<td class="fail">FAIL</td>
										
									
										
									
										
									
										
									
										
									
										
									
								
							
								
							
						
							
								
							
								
							
								
							
								
									
										
									
										
									
										
											
											<td class="fail">FAIL</td>
										
									
										
									
										
									
										
									
										
									
								
							
								
							
						
							
								
							
								
							
								
							
								
									
										
									
										
									
										
									
										
											
											<td class="fail">FAIL</td>
										
									
										
									
										
									
										
									
								
							
								
							
						
							
								
							
								
							
								
							
								
									
										
									
										
									
										
									
										
									
										
											
											<td class="fail">FAIL</td>
										
									
										
									
										
									
								
							
								
							
						
					</tr>
					
					<tr>
						<td>
							<a href="#esp32%3aesp32%3ad1_mini32"><b>esp32:esp32:d1_mini32</b></a>
							<br />
							<small>1.0.6</small>
						</td>

						
						
						
							<td>Yes ⚠️</td>
							<td class="fail">FAIL</td>
						
						

						
							
								
							
								
							
								
							
								
							
								
									
										
									
										
									
										
									
										
									
										
									
										
											
											<td class="fail">FAIL</td>
										
									
										
									
								
							
						
							
								
							
								
							
								
							
								
							
								
									
										
									
										
									
										
									
										
									
										
									
										
									
										
											
											<td class="fail">FAIL</td>
										
									
								
							
						
							
								
							
								
							
								
							
								
							
								
									
										
											
											<td class="fail">FAIL</td>
										
									
										
									
										
									
										
									
										
									
										
									
										
									
								
							
						
							
								
							
								
							
								
							
								
							
								
									
										
									
										
											
											<td class="fail">FAIL</td>
										
									
										
									
										
									
										
									
										
									
										
									
								
							
						
							
								
							
								
							
								
							
								
							
								
									
										
									
										
									
										
											
											<td class="fail">FAIL</td>
										
									
										
									
										
									
										
									
										
									
								
							
						
							
								
							
								
							
								
							
								
							
								
									
										
									
										
									
										
									
										
											
											<td class="fail">FAIL</td>
										
									
										
									
										
									
										
									
								
							
						
							
								
							
								
							
								
							
								
							
								
									
										
									
										
									
										
									
										
									
										
											
											<td class="fail">FAIL</td>
										
									
										
									
										
									
								
							
						
					</tr>
					
				</table>

				<h2>Compilation logs</h2>
				
				<h3 id="arduino:avr:uno">arduino:avr:uno @ 1.8.4</h3>
				<h4>Inclusion</h4>
				<p>
					Result: <b>FAIL</b>
					
				</p>
				<pre class="pre-scrollable">In file included from /private/tmp/arduino-testlib708391820/test/test.ino:1:0:
/Users/alranel/Documents/git/arduino/arduino-testlib/cli-datadir/user/libraries/ArdBitmap/src/ArdBitmap.h: In member function &#39;void ArdBitmap&lt;SB_WIDTH, SB_HEIGHT&gt;::drawCompressed(int16_t, int16_t, const uint8_t*, uint8_t, uint8_t, uint8_t)&#39;:
/Users/alranel/Documents/git/arduino/arduino-testlib/cli-datadir/user/libraries/ArdBitmap/src/ArdBitmap.h:252:20: error: &#39;ARDBITMAP_SBUF&#39; was not declared in this scope
             data = ARDBITMAP_SBUF[(bRow * SB_WIDTH) &#43; sx &#43; iColMod];
                    ^~~~~~~~~~~~~~
/Users/alranel/Documents/git/arduino/arduino-testlib/cli-datadir/user/libraries/ArdBitmap/src/ArdBitmap.h:252:20: note: suggested alternative: &#39;ARDBITMAP_H&#39;
             data = ARDBITMAP_SBUF[(bRow * SB_WIDTH) &#43; sx &#43; iColMod];
                    ^~~~~~~~~~~~~~
                    ARDBITMAP_H
/Users/alranel/Documents/git/arduino/arduino-testlib/cli-datadir/user/libraries/ArdBitmap/src/ArdBitmap.h:263:20: error: &#39;ARDBITMAP_SBUF&#39; was not declared in this scope
             data = ARDBITMAP_SBUF[((bRow &#43; 1) * SB_WIDTH) &#43; sx &#43; iColMod];
                    ^~~~~~~~~~~~~~
/Users/alranel/Documents/git/arduino/arduino-testlib/cli-datadir/user/libraries/ArdBitmap/src/ArdBitmap.h:263:20: note: suggested alternative: &#39;ARDBITMAP_H&#39;
             data = ARDBITMAP_SBUF[((bRow &#43; 1) * SB_WIDTH) &#43; sx &#43; iColMod];
                    ^~~~~~~~~~~~~~
                    ARDBITMAP_H
/Users/alranel/Documents/git/arduino/arduino-testlib/cli-datadir/user/libraries/ArdBitmap/src/ArdBitmap.h: In member function &#39;void ArdBitmap&lt;SB_WIDTH, SB_HEIGHT&gt;::drawCompressedResized(int16_t, int16_t, const uint8_t*, uint8_t, uint8_t, uint8_t, float)&#39;:
/Users/alranel/Documents/git/arduino/arduino-testlib/cli-datadir/user/libraries/ArdBitmap/src/ArdBitmap.h:488:19: error: &#39;ARDBITMAP_SBUF&#39; was not declared in this scope
                   ARDBITMAP_SBUF[(row*SB_WIDTH) &#43; (uint8_t)iColMod] |=   BIT_SHIFT[((uint8_t)(y_LUT[aRow8&#43;s]&#43;sy) % 8)];
                   ^~~~~~~~~~~~~~
/Users/alranel/Documents/git/arduino/arduino-testlib/cli-datadir/user/libraries/ArdBitmap/src/ArdBitmap.h:488:19: note: suggested alternative: &#39;ARDBITMAP_H&#39;
                   ARDBITMAP_SBUF[(row*SB_WIDTH) &#43; (uint8_t)iColMod] |=   BIT_SHIFT[((uint8_t)(y_LUT[aRow8&#43;s]&#43;sy) % 8)];
                   ^~~~~~~~~~~~~~
                   ARDBITMAP_H
/Users/alranel/Documents/git/arduino/arduino-testlib/cli-datadir/user/libraries/ArdBitmap/src/ArdBitmap.h:490:19: error: &#39;ARDBITMAP_SBUF&#39; was not declared in this scope
                   ARDBITMAP_SBUF[(row*SB_WIDTH) &#43; (uint8_t)iColMod] &amp;= ~ BIT_SHIFT[((uint8_t)(y_LUT[aRow8&#43;s]&#43;sy) % 8)];
                   ^~~~~~~~~~~~~~
/Users/alranel/Documents/git/arduino/arduino-testlib/cli-datadir/user/libraries/ArdBitmap/src/ArdBitmap.h:490:19: note: suggested alternative: &#39;ARDBITMAP_H&#39;
                   ARDBITMAP_SBUF[(row*SB_WIDTH) &#43; (uint8_t)iColMod] &amp;= ~ BIT_SHIFT[((uint8_t)(y_LUT[aRow8&#43;s]&#43;sy) % 8)];
                   ^~~~~~~~~~~~~~
                   ARDBITMAP_H
/Users/alranel/Documents/git/arduino/arduino-testlib/cli-datadir/user/libraries/ArdBitmap/src/ArdBitmap.h: In member function &#39;void ArdBitmap&lt;SB_WIDTH, SB_HEIGHT&gt;::drawBitmap(int16_t, int16_t, const uint8_t*, uint8_t, uint8_t, uint8_t, uint8_t, uint8_t)&#39;:
/Users/alranel/Documents/git/arduino/arduino-testlib/cli-datadir/user/libraries/ArdBitmap/src/ArdBitmap.h:645:22: error: &#39;ARDBITMAP_SBUF&#39; was not declared in this scope
               data = ARDBITMAP_SBUF[ofs];
                      ^~~~~~~~~~~~~~
/Users/alranel/Documents/git/arduino/arduino-testlib/cli-datadir/user/libraries/ArdBitmap/src/ArdBitmap.h:645:22: note: suggested alternative: &#39;ARDBITMAP_H&#39;
               data = ARDBITMAP_SBUF[ofs];
                      ^~~~~~~~~~~~~~
                      ARDBITMAP_H
/Users/alranel/Documents/git/arduino/arduino-testlib/cli-datadir/user/libraries/ArdBitmap/src/ArdBitmap.h:655:22: error: &#39;ARDBITMAP_SBUF&#39; was not declared in this scope
               data = ARDBITMAP_SBUF[ofs &#43; SB_WIDTH];
                      ^~~~~~~~~~~~~~
/Users/alranel/Documents/git/arduino/arduino-testlib/cli-datadir/user/libraries/ArdBitmap/src/ArdBitmap.h:655:22: note: suggested alternative: &#39;ARDBITMAP_H&#39;
               data = ARDBITMAP_SBUF[ofs &#43; SB_WIDTH];
                      ^~~~~~~~~~~~~~
                      ARDBITMAP_H
/Users/alranel/Documents/git/arduino/arduino-testlib/cli-datadir/user/libraries/ArdBitmap/src/ArdBitmap.h: In member function &#39;void ArdBitmap&lt;SB_WIDTH, SB_HEIGHT&gt;::drawBitmapResized(int16_t, int16_t, const uint8_t*, uint8_t, uint8_t, uint8_t, uint8_t, uint8_t, float)&#39;:
/Users/alranel/Documents/git/arduino/arduino-testlib/cli-datadir/user/libraries/ArdBitmap/src/ArdBitmap.h:788:15: error: &#39;ARDBITMAP_SBUF&#39; was not declared in this scope
               ARDBITMAP_SBUF[(row*SB_WIDTH) &#43; (uint8_t)iColMod] |=   BIT_SHIFT[((uint8_t)(y_LUT[aRow8&#43;s]&#43;sy) % 8)];
               ^~~~~~~~~~~~~~
/Users/alranel/Documents/git/arduino/arduino-testlib/cli-datadir/user/libraries/ArdBitmap/src/ArdBitmap.h:788:15: note: suggested alternative: &#39;ARDBITMAP_H&#39;
               ARDBITMAP_SBUF[(row*SB_WIDTH) &#43; (uint8_t)iColMod] |=   BIT_SHIFT[((uint8_t)(y_LUT[aRow8&#43;s]&#43;sy) % 8)];
               ^~~~~~~~~~~~~~
               ARDBITMAP_H
/Users/alranel/Documents/git/arduino/arduino-testlib/cli-datadir/user/libraries/ArdBitmap/src/ArdBitmap.h:790:15: error: &#39;ARDBITMAP_SBUF&#39; was not declared in this scope
               ARDBITMAP_SBUF[(row*SB_WIDTH) &#43; (uint8_t)iColMod] &amp;= ~ BIT_SHIFT[((uint8_t)(y_LUT[aRow8&#43;s]&#43;sy) % 8)];
               ^~~~~~~~~~~~~~
/Users/alranel/Documents/git/arduino/arduino-testlib/cli-datadir/user/libraries/ArdBitmap/src/ArdBitmap.h:790:15: note: suggested alternative: &#39;ARDBITMAP_H&#39;
               ARDBITMAP_SBUF[(row*SB_WIDTH) &#43; (uint8_t)iColMod] &amp;= ~ BIT_SHIFT[((uint8_t)(y_LUT[aRow8&#43;s]&#43;sy) % 8)];
               ^~~~~~~~~~~~~~
               ARDBITMAP_H

</pre>

					
					<h4>examples/CompleteTest</h4>
					<p>
						Result: <b>FAIL</b>
					</p>
					<pre class="pre-scrollable">In file included from /Users/alranel/Documents/git/arduino/arduino-testlib/cli-datadir/data/packages/arduino/tools/avr-gcc/7.3.0-atmel3.6.1-arduino7/avr/include/avr/io.h:99:0,
                 from /Users/alranel/Documents/git/arduino/arduino-testlib/cli-datadir/data/packages/arduino/tools/avr-gcc/7.3.0-atmel3.6.1-arduino7/avr/include/avr/power.h:35,
                 from /Users/alranel/Documents/git/arduino/arduino-testlib/cli-datadir/user/libraries/Arduboy/src/core/core.h:4,
                 from /Users/alranel/Documents/git/arduino/arduino-testlib/cli-datadir/user/libraries/Arduboy/src/Arduboy.h:4,
                 from /Users/alranel/Documents/git/arduino/arduino-testlib/cli-datadir/user/libraries/Arduboy/src/Arduboy.cpp:1:
/Users/alranel/Documents/git/arduino/arduino-testlib/cli-datadir/user/libraries/Arduboy/src/Arduboy.cpp: In member function &#39;void Arduboy::initRandomSeed()&#39;:
/Users/alranel/Documents/git/arduino/arduino-testlib/cli-datadir/user/libraries/Arduboy/src/Arduboy.h:31:39: error: &#39;MUX4&#39; was not declared in this scope
 #define ADC_VOLTAGE (_BV(REFS0) | _BV(MUX4) | _BV(MUX3) | _BV(MUX2) | _BV(MUX1))
                                       ^
/Users/alranel/Documents/git/arduino/arduino-testlib/cli-datadir/user/libraries/Arduboy/src/Arduboy.cpp:141:42: note: in expansion of macro &#39;ADC_VOLTAGE&#39;
   randomSeed(~rawADC(ADC_TEMP) * ~rawADC(ADC_VOLTAGE) * ~micros() &#43; micros());
                                          ^~~~~~~~~~~
/Users/alranel/Documents/git/arduino/arduino-testlib/cli-datadir/user/libraries/Arduboy/src/Arduboy.h:31:39: note: suggested alternative: &#39;MUX0&#39;
 #define ADC_VOLTAGE (_BV(REFS0) | _BV(MUX4) | _BV(MUX3) | _BV(MUX2) | _BV(MUX1))
                                       ^
/Users/alranel/Documents/git/arduino/arduino-testlib/cli-datadir/user/libraries/Arduboy/src/Arduboy.cpp:141:42: note: in expansion of macro &#39;ADC_VOLTAGE&#39;
   randomSeed(~rawADC(ADC_TEMP) * ~rawADC(ADC_VOLTAGE) * ~micros() &#43; micros());
                                          ^~~~~~~~~~~
/Users/alranel/Documents/git/arduino/arduino-testlib/cli-datadir/user/libraries/Arduboy/src/Arduboy.cpp: In member function &#39;uint16_t Arduboy::rawADC(byte)&#39;:
/Users/alranel/Documents/git/arduino/arduino-testlib/cli-datadir/user/libraries/Arduboy/src/Arduboy.cpp:150:18: error: &#39;MUX5&#39; was not declared in this scope
     ADCSRB = _BV(MUX5);
                  ^
/Users/alranel/Documents/git/arduino/arduino-testlib/cli-datadir/user/libraries/Arduboy/src/Arduboy.cpp:150:18: note: suggested alternative: &#39;MUX0&#39;
Multiple libraries were found for &#34;EEPROM.h&#34;
  Used: /Users/alranel/Documents/git/arduino/arduino-testlib/cli-datadir/data/packages/arduino/hardware/avr/1.8.4/libraries/EEPROM
  Not used: /Users/alranel/Documents/git/arduino/arduino-testlib/cli-datadir/user/libraries/Hello_Drum
  Not used: /Users/alranel/Documents/git/arduino/arduino-testlib/cli-datadir/user/libraries/arduino-NVM
</pre>
					
					<h4>examples/Sample1-Basic</h4>
					<p>
						Result: <b>FAIL</b>
					</p>
					<pre class="pre-scrollable">In file included from /Users/alranel/Documents/git/arduino/arduino-testlib/cli-datadir/data/packages/arduino/tools/avr-gcc/7.3.0-atmel3.6.1-arduino7/avr/include/avr/io.h:99:0,
                 from /Users/alranel/Documents/git/arduino/arduino-testlib/cli-datadir/data/packages/arduino/tools/avr-gcc/7.3.0-atmel3.6.1-arduino7/avr/include/avr/power.h:35,
                 from /Users/alranel/Documents/git/arduino/arduino-testlib/cli-datadir/user/libraries/Arduboy/src/core/core.h:4,
                 from /Users/alranel/Documents/git/arduino/arduino-testlib/cli-datadir/user/libraries/Arduboy/src/Arduboy.h:4,
                 from /Users/alranel/Documents/git/arduino/arduino-testlib/cli-datadir/user/libraries/Arduboy/src/Arduboy.cpp:1:
/Users/alranel/Documents/git/arduino/arduino-testlib/cli-datadir/user/libraries/Arduboy/src/Arduboy.cpp: In member function &#39;void Arduboy::initRandomSeed()&#39;:
/Users/alranel/Documents/git/arduino/arduino-testlib/cli-datadir/user/libraries/Arduboy/src/Arduboy.h:31:39: error: &#39;MUX4&#39; was not declared in this scope
 #define ADC_VOLTAGE (_BV(REFS0) | _BV(MUX4) | _BV(MUX3) | _BV(MUX2) | _BV(MUX1))
                                       ^
/Users/alranel/Documents/git/arduino/arduino-testlib/cli-datadir/user/libraries/Arduboy/src/Arduboy.cpp:141:42: note: in expansion of macro &#39;ADC_VOLTAGE&#39;
   randomSeed(~rawADC(ADC_TEMP) * ~rawADC(ADC_VOLTAGE) * ~micros() &#43; micros());
                                          ^~~~~~~~~~~
/Users/alranel/Documents/git/arduino/arduino-testlib/cli-datadir/user/libraries/Arduboy/src/Arduboy.h:31:39: note: suggested alternative: &#39;MUX0&#39;
 #define ADC_VOLTAGE (_BV(REFS0) | _BV(MUX4) | _BV(MUX3) | _BV(MUX2) | _BV(MUX1))
                                       ^
/Users/alranel/Documents/git/arduino/arduino-testlib/cli-datadir/user/libraries/Arduboy/src/Arduboy.cpp:141:42: note: in expansion of macro &#39;ADC_VOLTAGE&#39;
   randomSeed(~rawADC(ADC_TEMP) * ~rawADC(ADC_VOLTAGE) * ~micros() &#43; micros());
                                          ^~~~~~~~~~~
/Users/alranel/Documents/git/arduino/arduino-testlib/cli-datadir/user/libraries/Arduboy/src/Arduboy.cpp: In member function &#39;uint16_t Arduboy::rawADC(byte)&#39;:
/Users/alranel/Documents/git/arduino/arduino-testlib/cli-datadir/user/libraries/Arduboy/src/Arduboy.cpp:150:18: error: &#39;MUX5&#39; was not declared in this scope
     ADCSRB = _BV(MUX5);
                  ^
/Users/alranel/Documents/git/arduino/arduino-testlib/cli-datadir/user/libraries/Arduboy/src/Arduboy.cpp:150:18: note: suggested alternative: &#39;MUX0&#39;
Multiple libraries were found for &#34;EEPROM.h&#34;
  Used: /Users/alranel/Documents/git/arduino/arduino-testlib/cli-datadir/data/packages/arduino/hardware/avr/1.8.4/libraries/EEPROM
  Not used: /Users/alranel/Documents/git/arduino/arduino-testlib/cli-datadir/user/libraries/Hello_Drum
  Not used: /Users/alranel/Documents/git/arduino/arduino-testlib/cli-datadir/user/libraries/arduino-NVM
</pre>
					
					<h4>examples/Sample2-Mirror</h4>
					<p>
						Result: <b>FAIL</b>
					</p>
					<pre class="pre-scrollable">In file included from /Users/alranel/Documents/git/arduino/arduino-testlib/cli-datadir/data/packages/arduino/tools/avr-gcc/7.3.0-atmel3.6.1-arduino7/avr/include/avr/io.h:99:0,
                 from /Users/alranel/Documents/git/arduino/arduino-testlib/cli-datadir/data/packages/arduino/tools/avr-gcc/7.3.0-atmel3.6.1-arduino7/avr/include/avr/power.h:35,
                 from /Users/alranel/Documents/git/arduino/arduino-testlib/cli-datadir/user/libraries/Arduboy/src/core/core.h:4,
                 from /Users/alranel/Documents/git/arduino/arduino-testlib/cli-datadir/user/libraries/Arduboy/src/Arduboy.h:4,
                 from /Users/alranel/Documents/git/arduino/arduino-testlib/cli-datadir/user/libraries/Arduboy/src/Arduboy.cpp:1:
/Users/alranel/Documents/git/arduino/arduino-testlib/cli-datadir/user/libraries/Arduboy/src/Arduboy.cpp: In member function &#39;void Arduboy::initRandomSeed()&#39;:
/Users/alranel/Documents/git/arduino/arduino-testlib/cli-datadir/user/libraries/Arduboy/src/Arduboy.h:31:39: error: &#39;MUX4&#39; was not declared in this scope
 #define ADC_VOLTAGE (_BV(REFS0) | _BV(MUX4) | _BV(MUX3) | _BV(MUX2) | _BV(MUX1))
                                       ^
/Users/alranel/Documents/git/arduino/arduino-testlib/cli-datadir/user/libraries/Arduboy/src/Arduboy.cpp:141:42: note: in expansion of macro &#39;ADC_VOLTAGE&#39;
   randomSeed(~rawADC(ADC_TEMP) * ~rawADC(ADC_VOLTAGE) * ~micros() &#43; micros());
                                          ^~~~~~~~~~~
/Users/alranel/Documents/git/arduino/arduino-testlib/cli-datadir/user/libraries/Arduboy/src/Arduboy.h:31:39: note: suggested alternative: &#39;MUX0&#39;
 #define ADC_VOLTAGE (_BV(REFS0) | _BV(MUX4) | _BV(MUX3) | _BV(MUX2) | _BV(MUX1))
                                       ^
/Users/alranel/Documents/git/arduino/arduino-testlib/cli-datadir/user/libraries/Arduboy/src/Arduboy.cpp:141:42: note: in expansion of macro &#39;ADC_VOLTAGE&#39;
   randomSeed(~rawADC(ADC_TEMP) * ~rawADC(ADC_VOLTAGE) * ~micros() &#43; micros());
                                          ^~~~~~~~~~~
/Users/alranel/Documents/git/arduino/arduino-testlib/cli-datadir/user/libraries/Arduboy/src/Arduboy.cpp: In member function &#39;uint16_t Arduboy::rawADC(byte)&#39;:
/Users/alranel/Documents/git/arduino/arduino-testlib/cli-datadir/user/libraries/Arduboy/src/Arduboy.cpp:150:18: error: &#39;MUX5&#39; was not declared in this scope
     ADCSRB = _BV(MUX5);
                  ^
/Users/alranel/Documents/git/arduino/arduino-testlib/cli-datadir/user/libraries/Arduboy/src/Arduboy.cpp:150:18: note: suggested alternative: &#39;MUX0&#39;
Multiple libraries were found for &#34;EEPROM.h&#34;
  Used: /Users/alranel/Documents/git/arduino/arduino-testlib/cli-datadir/data/packages/arduino/hardware/avr/1.8.4/libraries/EEPROM
  Not used: /Users/alranel/Documents/git/arduino/arduino-testlib/cli-datadir/user/libraries/arduino-NVM
  Not used: /Users/alranel/Documents/git/arduino/arduino-testlib/cli-datadir/user/libraries/Hello_Drum
</pre>
					
					<h4>examples/Sample3-Resize</h4>
					<p>
						Result: <b>FAIL</b>
					</p>
					<pre class="pre-scrollable">In file included from /Users/alranel/Documents/git/arduino/arduino-testlib/cli-datadir/data/packages/arduino/tools/avr-gcc/7.3.0-atmel3.6.1-arduino7/avr/include/avr/io.h:99:0,
                 from /Users/alranel/Documents/git/arduino/arduino-testlib/cli-datadir/data/packages/arduino/tools/avr-gcc/7.3.0-atmel3.6.1-arduino7/avr/include/avr/power.h:35,
                 from /Users/alranel/Documents/git/arduino/arduino-testlib/cli-datadir/user/libraries/Arduboy/src/core/core.h:4,
                 from /Users/alranel/Documents/git/arduino/arduino-testlib/cli-datadir/user/libraries/Arduboy/src/Arduboy.h:4,
                 from /Users/alranel/Documents/git/arduino/arduino-testlib/cli-datadir/user/libraries/Arduboy/src/Arduboy.cpp:1:
/Users/alranel/Documents/git/arduino/arduino-testlib/cli-datadir/user/libraries/Arduboy/src/Arduboy.cpp: In member function &#39;void Arduboy::initRandomSeed()&#39;:
/Users/alranel/Documents/git/arduino/arduino-testlib/cli-datadir/user/libraries/Arduboy/src/Arduboy.h:31:39: error: &#39;MUX4&#39; was not declared in this scope
 #define ADC_VOLTAGE (_BV(REFS0) | _BV(MUX4) | _BV(MUX3) | _BV(MUX2) | _BV(MUX1))
                                       ^
/Users/alranel/Documents/git/arduino/arduino-testlib/cli-datadir/user/libraries/Arduboy/src/Arduboy.cpp:141:42: note: in expansion of macro &#39;ADC_VOLTAGE&#39;
   randomSeed(~rawADC(ADC_TEMP) * ~rawADC(ADC_VOLTAGE) * ~micros() &#43; micros());
                                          ^~~~~~~~~~~
/Users/alranel/Documents/git/arduino/arduino-testlib/cli-datadir/user/libraries/Arduboy/src/Arduboy.h:31:39: note: suggested alternative: &#39;MUX0&#39;
 #define ADC_VOLTAGE (_BV(REFS0) | _BV(MUX4) | _BV(MUX3) | _BV(MUX2) | _BV(MUX1))
                                       ^
/Users/alranel/Documents/git/arduino/arduino-testlib/cli-datadir/user/libraries/Arduboy/src/Arduboy.cpp:141:42: note: in expansion of macro &#39;ADC_VOLTAGE&#39;
   randomSeed(~rawADC(ADC_TEMP) * ~rawADC(ADC_VOLTAGE) * ~micros() &#43; micros());
                                          ^~~~~~~~~~~
/Users/alranel/Documents/git/arduino/arduino-testlib/cli-datadir/user/libraries/Arduboy/src/Arduboy.cpp: In member function &#39;uint16_t Arduboy::rawADC(byte)&#39;:
/Users/alranel/Documents/git/arduino/arduino-testlib/cli-datadir/user/libraries/Arduboy/src/Arduboy.cpp:150:18: error: &#39;MUX5&#39; was not declared in this scope
     ADCSRB = _BV(MUX5);
                  ^
/Users/alranel/Documents/git/arduino/arduino-testlib/cli-datadir/user/libraries/Arduboy/src/Arduboy.cpp:150:18: note: suggested alternative: &#39;MUX0&#39;
Multiple libraries were found for &#34;EEPROM.h&#34;
  Used: /Users/alranel/Documents/git/arduino/arduino-testlib/cli-datadir/data/packages/arduino/hardware/avr/1.8.4/libraries/EEPROM
  Not used: /Users/alranel/Documents/git/arduino/arduino-testlib/cli-datadir/user/libraries/Hello_Drum
  Not used: /Users/alranel/Documents/git/arduino/arduino-testlib/cli-datadir/user/libraries/arduino-NVM
</pre>
					
					<h4>examples/Sample4-Animation</h4>
					<p>
						Result: <b>FAIL</b>
					</p>
					<pre class="pre-scrollable">In file included from /Users/alranel/Documents/git/arduino/arduino-testlib/cli-datadir/data/packages/arduino/tools/avr-gcc/7.3.0-atmel3.6.1-arduino7/avr/include/avr/io.h:99:0,
                 from /Users/alranel/Documents/git/arduino/arduino-testlib/cli-datadir/data/packages/arduino/tools/avr-gcc/7.3.0-atmel3.6.1-arduino7/avr/include/avr/power.h:35,
                 from /Users/alranel/Documents/git/arduino/arduino-testlib/cli-datadir/user/libraries/Arduboy/src/core/core.h:4,
                 from /Users/alranel/Documents/git/arduino/arduino-testlib/cli-datadir/user/libraries/Arduboy/src/Arduboy.h:4,
                 from /Users/alranel/Documents/git/arduino/arduino-testlib/cli-datadir/user/libraries/Arduboy/src/Arduboy.cpp:1:
/Users/alranel/Documents/git/arduino/arduino-testlib/cli-datadir/user/libraries/Arduboy/src/Arduboy.cpp: In member function &#39;void Arduboy::initRandomSeed()&#39;:
/Users/alranel/Documents/git/arduino/arduino-testlib/cli-datadir/user/libraries/Arduboy/src/Arduboy.h:31:39: error: &#39;MUX4&#39; was not declared in this scope
 #define ADC_VOLTAGE (_BV(REFS0) | _BV(MUX4) | _BV(MUX3) | _BV(MUX2) | _BV(MUX1))
                                       ^
/Users/alranel/Documents/git/arduino/arduino-testlib/cli-datadir/user/libraries/Arduboy/src/Arduboy.cpp:141:42: note: in expansion of macro &#39;ADC_VOLTAGE&#39;
   randomSeed(~rawADC(ADC_TEMP) * ~rawADC(ADC_VOLTAGE) * ~micros() &#43; micros());
                                          ^~~~~~~~~~~
/Users/alranel/Documents/git/arduino/arduino-testlib/cli-datadir/user/libraries/Arduboy/src/Arduboy.h:31:39: note: suggested alternative: &#39;MUX0&#39;
 #define ADC_VOLTAGE (_BV(REFS0) | _BV(MUX4) | _BV(MUX3) | _BV(MUX2) | _BV(MUX1))
                                       ^
/Users/alranel/Documents/git/arduino/arduino-testlib/cli-datadir/user/libraries/Arduboy/src/Arduboy.cpp:141:42: note: in expansion of macro &#39;ADC_VOLTAGE&#39;
   randomSeed(~rawADC(ADC_TEMP) * ~rawADC(ADC_VOLTAGE) * ~micros() &#43; micros());
                                          ^~~~~~~~~~~
/Users/alranel/Documents/git/arduino/arduino-testlib/cli-datadir/user/libraries/Arduboy/src/Arduboy.cpp: In member function &#39;uint16_t Arduboy::rawADC(byte)&#39;:
/Users/alranel/Documents/git/arduino/arduino-testlib/cli-datadir/user/libraries/Arduboy/src/Arduboy.cpp:150:18: error: &#39;MUX5&#39; was not declared in this scope
     ADCSRB = _BV(MUX5);
                  ^
/Users/alranel/Documents/git/arduino/arduino-testlib/cli-datadir/user/libraries/Arduboy/src/Arduboy.cpp:150:18: note: suggested alternative: &#39;MUX0&#39;
Multiple libraries were found for &#34;EEPROM.h&#34;
  Used: /Users/alranel/Documents/git/arduino/arduino-testlib/cli-datadir/data/packages/arduino/hardware/avr/1.8.4/libraries/EEPROM
  Not used: /Users/alranel/Documents/git/arduino/arduino-testlib/cli-datadir/user/libraries/arduino-NVM
  Not used: /Users/alranel/Documents/git/arduino/arduino-testlib/cli-datadir/user/libraries/Hello_Drum
</pre>
					
					<h4>examples/Sample5-Basic-Arduboy2</h4>
					<p>
						Result: <b>FAIL</b>
					</p>
					<pre class="pre-scrollable">/Users/alranel/Documents/git/arduino/arduino-testlib/cli-datadir/user/libraries/Arduboy2/src/Arduboy2Beep.cpp: In static member function &#39;static void BeepPin1::begin()&#39;:
/Users/alranel/Documents/git/arduino/arduino-testlib/cli-datadir/user/libraries/Arduboy2/src/Arduboy2Beep.cpp:18:3: error: &#39;TCCR3A&#39; was not declared in this scope
   TCCR3A = 0;
   ^~~~~~
/Users/a/Users/alranel/Documents/git/arduino/arduino-testlib/cli-datadir/user/libraries/Arduboy2/src/Arduboy2.cpp:271:7: note: suggested alternative: &#39;TWD1&#39;
       TXLED1;
       ^~~~~~
       TWD1
/Users/alranel/Documents/git/arduino/arduino-testlib/cli-datadir/user/libraries/Arduboy2/src/Arduboy2.cpp:273:7: error: &#39;TXLED0&#39; was not declared in this scope
       TXLED0;
       ^~~~~~
/Users/alranel/Documents/git/arduino/arduino-testlib/cli-datadir/user/libraries/Arduboy2/src/Arduboy2.cpp:273:7: note: suggested alternative: &#39;TXEN0&#39;
       TXLED0;
       ^~~~~~
       TXEN0
,
                 from /Users/alranel/Documents/git/arduino/arduino-testlib/cli-datadir/data/packages/arduino/hardware/avr/1.8.4/cores/arduino/Arduino.h:28,
                 from /Users/alranel/Documents/git/arduino/arduino-testlib/cli-datadir/user/libraries/Arduboy2/src/Arduboy2Core.h:10,
                 from /Users/alranel/Documents/git/arduino/arduino-testlib/cli-datadir/user/libraries/Arduboy2/src/Arduboy2Core.cpp:7:
/Users/alranel/Documents/git/arduino/arduino-testlib/cli-datadir/user/libraries/Arduboy2/src/Arduboy2Core.h:102:22: error: &#39;PORTE6&#39; was not declared in this scope
 #define A_BUTTON_BIT PORTE6
                      ^
/Users/alranel/Documents/git/arduino/arduino-testlib/cli-datadir/user/libraries/Arduboy2/src/Arduboy2Core.cpp:142:16: note: in expansion of macro &#39;A_BUTTON_BIT&#39;
   PORTE |= _BV(A_BUTTON_BIT);
                ^~~~~~~~~~~~
/Users/alranel/Documents/git/arduino/arduino-testlib/cli-datadir/user/libraries/Arduboy2/src/Arduboy2Core.h:102:22: note: suggested alternative: &#39;PORTB6&#39;
 #define A_BUTTON_BIT PORTE6
                      ^
/Users/alranel/Documents/git/arduino/arduino-testlib/cli-datadir/user/libraries/Arduboy2/src/Arduboy2Core.cpp:142:16: note: in expansion of macro &#39;A_BUTTON_BIT&#39;
   PORTE |= _BV(A_BUTTON_BIT);
                ^~~~~~~~~~~~
/Users/alranel/Documents/git/arduino/arduino-testlib/cli-datadir/user/libraries/Arduboy2/src/Arduboy2Core.cpp:145:3: error: &#39;DDRE&#39; was not declared in this scope
   DDRE &amp;= ~(_BV(A_BUTTON_BIT));
   ^~~~
/Users/alranel/Documents/git/arduino/arduino-testlib/cli-datadir/user/libraries/Arduboy2/src/Arduboy2Core.cpp:145:3: note: suggested alternative: &#39;DDRB&#39;
   DDRE &amp;= ~(_BV(A_BUTTON_BIT));
   ^~~~
   DDRB
/Users/alranel/Documents/git/arduino/arduino-testlib/cli-datadir/user/libraries/Arduboy2/src/Arduboy2Core.cpp:149:3: error: &#39;PORTF&#39; was not declared in this scope
   PORTF |= _BV(LEFT_BUTTON_BIT) | _BV(RIGHT_BUTTON_BIT) |
   ^~~~~
/Users/alranel/Documents/git/arduino/arduino-testlib/cli-datadir/user/libraries/Arduboy2/src/Arduboy2Core.cpp:149:3: note: suggested alternative: &#39;PORT0&#39;
   PORTF |= _BV(LEFT_BUTTON_BIT) | _BV(RIGHT_BUTTON_BIT) |
   ^~~~~
   PORT0
In file included from /Users/alranel/Documents/git/arduino/arduino-testlib/cli-datadir/data/packages/arduino/tools/avr-gcc/7.3.0-atmel3.6.1-arduino7/avr/include/avr/io.h:99:0,
                 from /Users/alranel/Documents/git/arduino/arduino-testlib/cli-datadir/data/packages/arduino/tools/avr-gcc/7.3.0-atmel3.6.1-arduino7/avr/include/avr/pgmspace.h:90,
                 from /Users/alranel/Documents/git/arduino/arduino-testlib/cli-datadir/data/packages/arduino/hardware/avr/1.8.4/cores/arduino/Arduino.h:28,
                 from /Users/alranel/Documents/git/arduino/arduino-testlib/cli-datadir/user/libraries/Arduboy2/src/Arduboy2Core.h:10,
                 from /Users/alranel/Documents/git/arduino/arduino-testlib/cli-datadir/user/libraries/Arduboy2/src/Arduboy2Core.cpp:7:
/Users/alranel/Documents/git/arduino/arduino-testlib/cli-datadir/user/libraries/Arduboy2/src/Arduboy2Core.h:78:25: error: &#39;PORTF5&#39; was not declared in this scope
 #define LEFT_BUTTON_BIT PORTF5
                         ^
/Users/alranel/Documents/git/arduino/arduino-testlib/cli-datadir/user/libraries/Arduboy2/src/Arduboy2Core.cpp:149:16: note: in expansion of macro &#39;LEFT_BUTTON_BIT&#39;
   PORTF |= _BV(LEFT_BUTTON_BIT) | _BV(RIGHT_BUTTON_BIT) |
                ^~~~~~~~~~~~~~~
/Users/alranel/Documents/git/arduino/arduino-testlib/cli-datadir/user/libraries/Arduboy2/src/Arduboy2Core.h:78:25: note: suggested alternative: &#39;PORTB5&#39;
 #define LEFT_BUTTON_BIT PORTF5
                         ^
/Users/alranel/Documents/git/arduino/arduino-testlib/cli-datadir/user/libraries/Arduboy2/src/Arduboy2Core.cpp:149:16: note: in expansion of macro &#39;LEFT_BUTTON_BIT&#39;
   PORTF |= _BV(LEFT_BUTTON_BIT) | _BV(RIGHT_BUTTON_BIT) |
                ^~~~~~~~~~~~~~~
/Users/alranel/Documents/git/arduino/arduino-testlib/cli-datadir/user/libraries/Arduboy2/src/Arduboy2Core.h:84:26: error: &#39;PORTF6&#39; was not declared in this scope
 #define RIGHT_BUTTON_BIT PORTF6
                          ^
/Users/alranel/Documents/git/arduino/arduino-testlib/cli-datadir/user/libraries/Arduboy2/src/Arduboy2Core.cpp:149:39: note: in expansion of macro &#39;RIGHT_BUTTON_BIT&#39;
   PORTF |= _BV(LEFT_BUTTON_BIT) | _BV(RIGHT_BUTTON_BIT) |
                                       ^~~~~~~~~~~~~~~~
/Users/alranel/Documents/git/arduino/arduino-testlib/cli-datadir/user/libraries/Arduboy2/src/Arduboy2Core.h:84:26: note: suggested alternative: &#39;PORTB6&#39;
 #define RIGHT_BUTTON_BIT PORTF6
                          ^
/Users/alranel/Documents/git/arduino/arduino-testlib/cli-datadir/user/libraries/Arduboy2/src/Arduboy2Core.cpp:149:39: note: in expansion of macro &#39;RIGHT_BUTTON_BIT&#39;
   PORTF |= _BV(LEFT_BUTTON_BIT) | _BV(RIGHT_BUTTON_BIT) |
                                       ^~~~~~~~~~~~~~~~
/Users/alranel/Documents/git/arduino/arduino-testlib/cli-datadir/user/libraries/Arduboy2/src/Arduboy2Core.h:90:23: error: &#39;PORTF7&#39; was not declared in this scope
 #define UP_BUTTON_BIT PORTF7
                       ^
/Users/alranel/Documents/git/arduino/arduino-testlib/cli-datadir/user/libraries/Arduboy2/src/Arduboy2Core.cpp:150:16: note: in expansion of macro &#39;UP_BUTTON_BIT&#39;
            _BV(UP_BUTTON_BIT) | _BV(DOWN_BUTTON_BIT);
                ^~~~~~~~~~~~~
/Users/alranel/Documents/git/arduino/arduino-testlib/cli-datadir/user/libraries/Arduboy2/src/Arduboy2Core.h:90:23: note: suggested alternative: &#39;PORTB7&#39;
 #define UP_BUTTON_BIT PORTF7
                       ^
/Users/alranel/Documents/git/arduino/arduino-testlib/cli-datadir/user/libraries/Arduboy2/src/Arduboy2Core.cpp:150:16: note: in expansion of macro &#39;UP_BUTTON_BIT&#39;
            _BV(UP_BUTTON_BIT) | _BV(DOWN_BUTTON_BIT);
                ^~~~~~~~~~~~~
/Users/alranel/Documents/git/arduino/arduino-testlib/cli-datadir/user/libraries/Arduboy2/src/Arduboy2Core.h:96:25: error: &#39;PORTF4&#39; was not declared in this scope
 #define DOWN_BUTTON_BIT PORTF4
                         ^
/Users/alranel/Documents/git/arduino/arduino-testlib/cli-datadir/user/libraries/Arduboy2/src/Arduboy2Core.cpp:150:37: note: in expansion of macro &#39;DOWN_BUTTON_BIT&#39;
            _BV(UP_BUTTON_BIT) | _BV(DOWN_BUTTON_BIT);
                                     ^~~~~~~~~~~~~~~
/Users/alranel/Documents/git/arduino/arduino-testlib/cli-datadir/user/libraries/Arduboy2/src/Arduboy2Core.h:96:25: note: suggested alternative: &#39;PORTB4&#39;
 #define DOWN_BUTTON_BIT PORTF4
                         ^
/Users/alranel/Documents/git/arduino/arduino-testlib/cli-datadir/user/libraries/Arduboy2/src/Arduboy2Core.cpp:150:37: note: in expansion of macro &#39;DOWN_BUTTON_BIT&#39;
            _BV(UP_BUTTON_BIT) | _BV(DOWN_BUTTON_BIT);
                                     ^~~~~~~~~~~~~~~
/Users/alranel/Documents/git/arduino/arduino-testlib/cli-datadir/user/libraries/Arduboy2/src/Arduboy2Core.h:208:26: error: &#39;PORTF1&#39; was not declared in this scope
 #define RAND_SEED_IN_BIT PORTF1
                          ^
/Users/alranel/Documents/git/arduino/arduino-testlib/cli-datadir/user/libraries/Arduboy2/src/Arduboy2Core.cpp:152:18: note: in expansion of macro &#39;RAND_SEED_IN_BIT&#39;
   PORTF &amp;= ~(_BV(RAND_SEED_IN_BIT));
                  ^~~~~~~~~~~~~~~~
/Users/alranel/Documents/git/arduino/arduino-testlib/cli-datadir/user/libraries/Arduboy2/src/Arduboy2Core.h:208:26: note: suggested alternative: &#39;PORTB1&#39;
 #define RAND_SEED_IN_BIT PORTF1
                          ^
/Users/alranel/Documents/git/arduino/arduino-testlib/cli-datadir/user/libraries/Arduboy2/src/Arduboy2Core.cpp:152:18: note: in expansion of macro &#39;RAND_SEED_IN_BIT&#39;
   PORTF &amp;= ~(_BV(RAND_SEED_IN_BIT));
                  ^~~~~~~~~~~~~~~~
/Users/alranel/Documents/git/arduino/arduino-testlib/cli-datadir/user/libraries/Arduboy2/src/Arduboy2Core.cpp:154:3: error: &#39;DDRF&#39; was not declared in this scope
   DDRF &amp;= ~(_BV(LEFT_BUTTON_BIT) | _BV(RIGHT_BUTTON_BIT) |
   ^~~~
/Users/alranel/Documents/git/arduino/arduino-testlib/cli-datadir/user/libraries/Arduboy2/src/Arduboy2Core.cpp:154:3: note: suggested alternative: &#39;WDRF&#39;
   DDRF &amp;= ~(_BV(LEFT_BUTTON_BIT) | _BV(RIGHT_BUTTON_BIT) |
   ^~~~
   WDRF
/Users/alranel/Documents/git/arduino/arduino-testlib/cli-datadir/user/libraries/Arduboy2/src/Arduboy2Core.cpp: In static member function &#39;static void Arduboy2Core::bootPowerSaving()&#39;:
/Users/alranel/Documents/git/arduino/arduino-testlib/cli-datadir/user/libraries/Arduboy2/src/Arduboy2Core.cpp:289:3: error: &#39;PRR0&#39; was not declared in this scope
   PRR0 = _BV(PRTWI) | _BV(PRADC);
   ^~~~
/Users/alranel/Documents/git/arduino/arduino-testlib/cli-datadir/user/libraries/Arduboy2/src/Arduboy2Core.cpp:289:3: note: suggested alternative: &#39;PRR&#39;
   PRR0 = _BV(PRTWI) | _BV(PRADC);
   ^~~~
   PRR
/Users/alranel/Documents/git/arduino/arduino-testlib/cli-datadir/user/libraries/Arduboy2/src/Arduboy2Core.cpp:291:3: error: &#39;PRR1&#39; was not declared in this scope
   PRR1 |= _BV(PRUSART1);
   ^~~~
/Users/alranel/Documents/git/arduino/arduino-testlib/cli-datadir/user/libraries/Arduboy2/src/Arduboy2Core.cpp:291:3: note: sug</pre>
					
					<h4>examples/Sample6-Complex</h4>
					<p>
						Result: <b>FAIL</b>
					</p>
					<pre class="pre-scrollable">In file included from /Users/alranel/Documents/git/arduino/arduino-testlib/cli-datadir/data/packages/arduino/tools/avr-gcc/7.3.0-atmel3.6.1-arduino7/avr/include/avr/io.h:99:0,
                 from /Users/alranel/Documents/git/arduino/arduino-testlib/cli-datadir/data/packages/arduino/tools/avr-gcc/7.3.0-atmel3.6.1-arduino7/avr/include/avr/power.h:35,
                 from /Users/alranel/Documents/git/arduino/arduino-testlib/cli-datadir/user/libraries/Arduboy/src/core/core.h:4,
                 from /Users/alranel/Documents/git/arduino/arduino-testlib/cli-datadir/user/libraries/Arduboy/src/Arduboy.h:4,
                 from /Users/alranel/Documents/git/arduino/arduino-testlib/cli-datadir/user/libraries/Arduboy/src/Arduboy.cpp:1:
/Users/alranel/Documents/git/arduino/arduino-testlib/cli-datadir/user/libraries/Arduboy/src/Arduboy.cpp: In member function &#39;void Arduboy::initRandomSeed()&#39;:
/Users/alranel/Documents/git/arduino/arduino-testlib/cli-datadir/user/libraries/Arduboy/src/Arduboy.h:31:39: error: &#39;MUX4&#39; was not declared in this scope
 #define ADC_VOLTAGE (_BV(REFS0) | _BV(MUX4) | _BV(MUX3) | _BV(MUX2) | _BV(MUX1))
                                       ^
/Users/alranel/Documents/git/arduino/arduino-testlib/cli-datadir/user/libraries/Arduboy/src/Arduboy.cpp:141:42: note: in expansion of macro &#39;ADC_VOLTAGE&#39;
   randomSeed(~rawADC(ADC_TEMP) * ~rawADC(ADC_VOLTAGE) * ~micros() &#43; micros());
                                          ^~~~~~~~~~~
/Users/alranel/Documents/git/arduino/arduino-testlib/cli-datadir/user/libraries/Arduboy/src/Arduboy.h:31:39: note: suggested alternative: &#39;MUX0&#39;
 #define ADC_VOLTAGE (_BV(REFS0) | _BV(MUX4) | _BV(MUX3) | _BV(MUX2) | _BV(MUX1))
                                       ^
/Users/alranel/Documents/git/arduino/arduino-testlib/cli-datadir/user/libraries/Arduboy/src/Arduboy.cpp:141:42: note: in expansion of macro &#39;ADC_VOLTAGE&#39;
   randomSeed(~rawADC(ADC_TEMP) * ~rawADC(ADC_VOLTAGE) * ~micros() &#43; micros());
                                          ^~~~~~~~~~~
/Users/alranel/Documents/git/arduino/arduino-testlib/cli-datadir/user/libraries/Arduboy/src/Arduboy.cpp: In member function &#39;uint16_t Arduboy::rawADC(byte)&#39;:
/Users/alranel/Documents/git/arduino/arduino-testlib/cli-datadir/user/libraries/Arduboy/src/Arduboy.cpp:150:18: error: &#39;MUX5&#39; was not declared in this scope
     ADCSRB = _BV(MUX5);
                  ^
/Users/alranel/Documents/git/arduino/arduino-testlib/cli-datadir/user/libraries/Arduboy/src/Arduboy.cpp:150:18: note: suggested alternative: &#39;MUX0&#39;
Multiple libraries were found for &#34;EEPROM.h&#34;
  Used: /Users/alranel/Documents/git/arduino/arduino-testlib/cli-datadir/data/packages/arduino/hardware/avr/1.8.4/libraries/EEPROM
  Not used: /Users/alranel/Documents/git/arduino/arduino-testlib/cli-datadir/user/libraries/Hello_Drum
  Not used: /Users/alranel/Documents/git/arduino/arduino-testlib/cli-datadir/user/libraries/arduino-NVM
</pre>
					
				
				<h3 id="arduino:mbed_nano:nanorp2040connect">arduino:mbed_nano:nanorp2040connect @ 2.7.2</h3>
				<h4>Inclusion</h4>
				<p>
					Result: <b>FAIL</b>
					
				</p>
				<pre class="pre-scrollable">In file included from /tmp/arduino-testlib3407467816/test/test.ino:1:0:
/home/ec2-user/arduino-testlib/cli-datadir/user/libraries/ArdBitmap/src/ArdBitmap.h: In member function &#39;void ArdBitmap&lt;SB_WIDTH, SB_HEIGHT&gt;::drawCompressed(int16_t, int16_t, const uint8_t*, uint8_t, uint8_t, uint8_t)&#39;:
/home/ec2-user/arduino-testlib/cli-datadir/user/libraries/ArdBitmap/src/ArdBitmap.h:252:20: error: &#39;ARDBITMAP_SBUF&#39; was not declared in this scope
             data = ARDBITMAP_SBUF[(bRow * SB_WIDTH) &#43; sx &#43; iColMod];
                    ^~~~~~~~~~~~~~
/home/ec2-user/arduino-testlib/cli-datadir/user/libraries/ArdBitmap/src/ArdBitmap.h:252:20: note: suggested alternative: &#39;ARDBITMAP_H&#39;
             data = ARDBITMAP_SBUF[(bRow * SB_WIDTH) &#43; sx &#43; iColMod];
                    ^~~~~~~~~~~~~~
                    ARDBITMAP_H
/home/ec2-user/arduino-testlib/cli-datadir/user/libraries/ArdBitmap/src/ArdBitmap.h:263:20: error: &#39;ARDBITMAP_SBUF&#39; was not declared in this scope
             data = ARDBITMAP_SBUF[((bRow &#43; 1) * SB_WIDTH) &#43; sx &#43; iColMod];
                    ^~~~~~~~~~~~~~
/home/ec2-user/arduino-testlib/cli-datadir/user/libraries/ArdBitmap/src/ArdBitmap.h:263:20: note: suggested alternative: &#39;ARDBITMAP_H&#39;
             data = ARDBITMAP_SBUF[((bRow &#43; 1) * SB_WIDTH) &#43; sx &#43; iColMod];
                    ^~~~~~~~~~~~~~
                    ARDBITMAP_H
/home/ec2-user/arduino-testlib/cli-datadir/user/libraries/ArdBitmap/src/ArdBitmap.h: In member function &#39;void ArdBitmap&lt;SB_WIDTH, SB_HEIGHT&gt;::drawCompressedResized(int16_t, int16_t, const uint8_t*, uint8_t, uint8_t, uint8_t, float)&#39;:
/home/ec2-user/arduino-testlib/cli-datadir/user/libraries/ArdBitmap/src/ArdBitmap.h:488:19: error: &#39;ARDBITMAP_SBUF&#39; was not declared in this scope
                   ARDBITMAP_SBUF[(row*SB_WIDTH) &#43; (uint8_t)iColMod] |=   BIT_SHIFT[((uint8_t)(y_LUT[aRow8&#43;s]&#43;sy) % 8)];
                   ^~~~~~~~~~~~~~
/home/ec2-user/arduino-testlib/cli-datadir/user/libraries/ArdBitmap/src/ArdBitmap.h:488:19: note: suggested alternative: &#39;ARDBITMAP_H&#39;
                   ARDBITMAP_SBUF[(row*SB_WIDTH) &#43; (uint8_t)iColMod] |=   BIT_SHIFT[((uint8_t)(y_LUT[aRow8&#43;s]&#43;sy) % 8)];
                   ^~~~~~~~~~~~~~
                   ARDBITMAP_H
/home/ec2-user/arduino-testlib/cli-datadir/user/libraries/ArdBitmap/src/ArdBitmap.h:490:19: error: &#39;ARDBITMAP_SBUF&#39; was not declared in this scope
                   ARDBITMAP_SBUF[(row*SB_WIDTH) &#43; (uint8_t)iColMod] &amp;= ~ BIT_SHIFT[((uint8_t)(y_LUT[aRow8&#43;s]&#43;sy) % 8)];
                   ^~~~~~~~~~~~~~
/home/ec2-user/arduino-testlib/cli-datadir/user/libraries/ArdBitmap/src/ArdBitmap.h:490:19: note: suggested alternative: &#39;ARDBITMAP_H&#39;
                   ARDBITMAP_SBUF[(row*SB_WIDTH) &#43; (uint8_t)iColMod] &amp;= ~ BIT_SHIFT[((uint8_t)(y_LUT[aRow8&#43;s]&#43;sy) % 8)];
                   ^~~~~~~~~~~~~~
                   ARDBITMAP_H
/home/ec2-user/arduino-testlib/cli-datadir/user/libraries/ArdBitmap/src/ArdBitmap.h: In member function &#39;void ArdBitmap&lt;SB_WIDTH, SB_HEIGHT&gt;::drawBitmap(int16_t, int16_t, const uint8_t*, uint8_t, uint8_t, uint8_t, uint8_t, uint8_t)&#39;:
/home/ec2-user/arduino-testlib/cli-datadir/user/libraries/ArdBitmap/src/ArdBitmap.h:645:22: error: &#39;ARDBITMAP_SBUF&#39; was not declared in this scope
               data = ARDBITMAP_SBUF[ofs];
                      ^~~~~~~~~~~~~~
/home/ec2-user/arduino-testlib/cli-datadir/user/libraries/ArdBitmap/src/ArdBitmap.h:645:22: note: suggested alternative: &#39;ARDBITMAP_H&#39;
               data = ARDBITMAP_SBUF[ofs];
                      ^~~~~~~~~~~~~~
                      ARDBITMAP_H
/home/ec2-user/arduino-testlib/cli-datadir/user/libraries/ArdBitmap/src/ArdBitmap.h:655:22: error: &#39;ARDBITMAP_SBUF&#39; was not declared in this scope
               data = ARDBITMAP_SBUF[ofs &#43; SB_WIDTH];
                      ^~~~~~~~~~~~~~
/home/ec2-user/arduino-testlib/cli-datadir/user/libraries/ArdBitmap/src/ArdBitmap.h:655:22: note: suggested alternative: &#39;ARDBITMAP_H&#39;
               data = ARDBITMAP_SBUF[ofs &#43; SB_WIDTH];
                      ^~~~~~~~~~~~~~
                      ARDBITMAP_H
/home/ec2-user/arduino-testlib/cli-datadir/user/libraries/ArdBitmap/src/ArdBitmap.h: In member function &#39;void ArdBitmap&lt;SB_WIDTH, SB_HEIGHT&gt;::drawBitmapResized(int16_t, int16_t, const uint8_t*, uint8_t, uint8_t, uint8_t, uint8_t, uint8_t, float)&#39;:
/home/ec2-user/arduino-testlib/cli-datadir/user/libraries/ArdBitmap/src/ArdBitmap.h:788:15: error: &#39;ARDBITMAP_SBUF&#39; was not declared in this scope
               ARDBITMAP_SBUF[(row*SB_WIDTH) &#43; (uint8_t)iColMod] |=   BIT_SHIFT[((uint8_t)(y_LUT[aRow8&#43;s]&#43;sy) % 8)];
               ^~~~~~~~~~~~~~
/home/ec2-user/arduino-testlib/cli-datadir/user/libraries/ArdBitmap/src/ArdBitmap.h:788:15: note: suggested alternative: &#39;ARDBITMAP_H&#39;
               ARDBITMAP_SBUF[(row*SB_WIDTH) &#43; (uint8_t)iColMod] |=   BIT_SHIFT[((uint8_t)(y_LUT[aRow8&#43;s]&#43;sy) % 8)];
               ^~~~~~~~~~~~~~
               ARDBITMAP_H
/home/ec2-user/arduino-testlib/cli-datadir/user/libraries/ArdBitmap/src/ArdBitmap.h:790:15: error: &#39;ARDBITMAP_SBUF&#39; was not declared in this scope
               ARDBITMAP_SBUF[(row*SB_WIDTH) &#43; (uint8_t)iColMod] &amp;= ~ BIT_SHIFT[((uint8_t)(y_LUT[aRow8&#43;s]&#43;sy) % 8)];
               ^~~~~~~~~~~~~~
/home/ec2-user/arduino-testlib/cli-datadir/user/libraries/ArdBitmap/src/ArdBitmap.h:790:15: note: suggested alternative: &#39;ARDBITMAP_H&#39;
               ARDBITMAP_SBUF[(row*SB_WIDTH) &#43; (uint8_t)iColMod] &amp;= ~ BIT_SHIFT[((uint8_t)(y_LUT[aRow8&#43;s]&#43;sy) % 8)];
               ^~~~~~~~~~~~~~
               ARDBITMAP_H

</pre>

					
					<h4>examples/CompleteTest</h4>
					<p>
						Result: <b>FAIL</b>
					</p>
					<pre class="pre-scrollable">In file included from /home/ec2-user/arduino-testlib/cli-datadir/user/libraries/Arduboy/src/Arduboy.h:4:0,
                 from /home/ec2-user/arduino-testlib/cli-datadir/user/libraries/ArdBitmap/examples/CompleteTest/CompleteTest.ino:2:
/home/ec2-user/arduino-testlib/cli-datadir/user/libraries/Arduboy/src/core/core.h:4:10: fatal error: avr/power.h: No such file or directory
 #include &lt;avr/power.h&gt;
          ^~~~~~~~~~~~~
compilation terminated.

</pre>
					
					<h4>examples/Sample1-Basic</h4>
					<p>
						Result: <b>FAIL</b>
					</p>
					<pre class="pre-scrollable">In file included from /home/ec2-user/arduino-testlib/cli-datadir/user/libraries/Arduboy/src/Arduboy.h:4:0,
                 from /home/ec2-user/arduino-testlib/cli-datadir/user/libraries/ArdBitmap/examples/Sample1-Basic/Sample1-Basic.ino:2:
/home/ec2-user/arduino-testlib/cli-datadir/user/libraries/Arduboy/src/core/core.h:4:10: fatal error: avr/power.h: No such file or directory
 #include &lt;avr/power.h&gt;
          ^~~~~~~~~~~~~
compilation terminated.

</pre>
					
					<h4>examples/Sample2-Mirror</h4>
					<p>
						Result: <b>FAIL</b>
					</p>
					<pre class="pre-scrollable">In file included from /home/ec2-user/arduino-testlib/cli-datadir/user/libraries/Arduboy/src/Arduboy.h:4:0,
                 from /home/ec2-user/arduino-testlib/cli-datadir/user/libraries/ArdBitmap/examples/Sample2-Mirror/Sample2-Mirror.ino:2:
/home/ec2-user/arduino-testlib/cli-datadir/user/libraries/Arduboy/src/core/core.h:4:10: fatal error: avr/power.h: No such file or directory
 #include &lt;avr/power.h&gt;
          ^~~~~~~~~~~~~
compilation terminated.

</pre>
					
					<h4>examples/Sample3-Resize</h4>
					<p>
						Result: <b>FAIL</b>
					</p>
					<pre class="pre-scrollable">In file included from /home/ec2-user/arduino-testlib/cli-datadir/user/libraries/Arduboy/src/Arduboy.h:4:0,
                 from /home/ec2-user/arduino-testlib/cli-datadir/user/libraries/ArdBitmap/examples/Sample3-Resize/Sample3-Resize.ino:2:
/home/ec2-user/arduino-testlib/cli-datadir/user/libraries/Arduboy/src/core/core.h:4:10: fatal error: avr/power.h: No such file or directory
 #include &lt;avr/power.h&gt;
          ^~~~~~~~~~~~~
compilation terminated.

</pre>
					
					<h4>examples/Sample4-Animation</h4>
					<p>
						Result: <b>FAIL</b>
					</p>
					<pre class="pre-scrollable">In file included from /home/ec2-user/arduino-testlib/cli-datadir/user/libraries/Arduboy/src/Arduboy.h:4:0,
                 from /home/ec2-user/arduino-testlib/cli-datadir/user/libraries/ArdBitmap/examples/Sample4-Animation/Sample4-Animation.ino:2:
/home/ec2-user/arduino-testlib/cli-datadir/user/libraries/Arduboy/src/core/core.h:4:10: fatal error: avr/power.h: No such file or directory
 #include &lt;avr/power.h&gt;
          ^~~~~~~~~~~~~
compilation terminated.

</pre>
					
					<h4>examples/Sample5-Basic-Arduboy2</h4>
					<p>
						Result: <b>FAIL</b>
					</p>
					<pre class="pre-scrollable">In file included from /home/ec2-user/arduino-testlib/cli-datadir/user/libraries/Arduboy2/src/Arduboy2.h:11:0,
                 from /home/ec2-user/arduino-testlib/cli-datadir/user/libraries/ArdBitmap/examples/Sample5-Basic-Arduboy2/Sample5-Basic-Arduboy2.ino:2:
/home/ec2-user/arduino-testlib/cli-datadir/user/libraries/Hello_Drum/src/EEPROM.h:25:10: fatal error: avr/eeprom.h: No such file or directory
 #include &lt;avr/eeprom.h&gt;
          ^~~~~~~~~~~~~~
compilation terminated.
Multiple libraries were found for &#34;EEPROM.h&#34;
  Used: /home/ec2-user/arduino-testlib/cli-datadir/user/libraries/Hello_Drum
  Not used: /home/ec2-user/arduino-testlib/cli-datadir/user/libraries/arduino-NVM
</pre>
					
					<h4>examples/Sample6-Complex</h4>
					<p>
						Result: <b>FAIL</b>
					</p>
					<pre class="pre-scrollable">In file included from /home/ec2-user/arduino-testlib/cli-datadir/user/libraries/Arduboy/src/Arduboy.h:4:0,
                 from /home/ec2-user/arduino-testlib/cli-datadir/user/libraries/ArdBitmap/examples/Sample6-Complex/Sample6-Complex.ino:2:
/home/ec2-user/arduino-testlib/cli-datadir/user/libraries/Arduboy/src/core/core.h:4:10: fatal error: avr/power.h: No such file or directory
 #include &lt;avr/power.h&gt;
          ^~~~~~~~~~~~~
compilation terminated.

</pre>
					
				
				<h3 id="arduino:megaavr:nona4809">arduino:megaavr:nona4809 @ 1.8.7</h3>
				<h4>Inclusion</h4>
				<p>
					Result: <b>FAIL</b>
					
				</p>
				<pre class="pre-scrollable">In file included from /tmp/arduino-testlib3407467816/test/test.ino:1:0:
/home/ec2-user/arduino-testlib/cli-datadir/user/libraries/ArdBitmap/src/ArdBitmap.h: In member function &#39;void ArdBitmap&lt;SB_WIDTH, SB_HEIGHT&gt;::drawCompressed(int16_t, int16_t, const uint8_t*, uint8_t, uint8_t, uint8_t)&#39;:
/home/ec2-user/arduino-testlib/cli-datadir/user/libraries/ArdBitmap/src/ArdBitmap.h:252:20: error: &#39;ARDBITMAP_SBUF&#39; was not declared in this scope
             data = ARDBITMAP_SBUF[(bRow * SB_WIDTH) &#43; sx &#43; iColMod];
                    ^~~~~~~~~~~~~~
/home/ec2-user/arduino-testlib/cli-datadir/user/libraries/ArdBitmap/src/ArdBitmap.h:252:20: note: suggested alternative: &#39;ARDBITMAP_H&#39;
             data = ARDBITMAP_SBUF[(bRow * SB_WIDTH) &#43; sx &#43; iColMod];
                    ^~~~~~~~~~~~~~
                    ARDBITMAP_H
/home/ec2-user/arduino-testlib/cli-datadir/user/libraries/ArdBitmap/src/ArdBitmap.h:263:20: error: &#39;ARDBITMAP_SBUF&#39; was not declared in this scope
             data = ARDBITMAP_SBUF[((bRow &#43; 1) * SB_WIDTH) &#43; sx &#43; iColMod];
                    ^~~~~~~~~~~~~~
/home/ec2-user/arduino-testlib/cli-datadir/user/libraries/ArdBitmap/src/ArdBitmap.h:263:20: note: suggested alternative: &#39;ARDBITMAP_H&#39;
             data = ARDBITMAP_SBUF[((bRow &#43; 1) * SB_WIDTH) &#43; sx &#43; iColMod];
                    ^~~~~~~~~~~~~~
                    ARDBITMAP_H
/home/ec2-user/arduino-testlib/cli-datadir/user/libraries/ArdBitmap/src/ArdBitmap.h: In member function &#39;void ArdBitmap&lt;SB_WIDTH, SB_HEIGHT&gt;::drawCompressedResized(int16_t, int16_t, const uint8_t*, uint8_t, uint8_t, uint8_t, float)&#39;:
/home/ec2-user/arduino-testlib/cli-datadir/user/libraries/ArdBitmap/src/ArdBitmap.h:488:19: error: &#39;ARDBITMAP_SBUF&#39; was not declared in this scope
                   ARDBITMAP_SBUF[(row*SB_WIDTH) &#43; (uint8_t)iColMod] |=   BIT_SHIFT[((uint8_t)(y_LUT[aRow8&#43;s]&#43;sy) % 8)];
                   ^~~~~~~~~~~~~~
/home/ec2-user/arduino-testlib/cli-datadir/user/libraries/ArdBitmap/src/ArdBitmap.h:488:19: note: suggested alternative: &#39;ARDBITMAP_H&#39;
                   ARDBITMAP_SBUF[(row*SB_WIDTH) &#43; (uint8_t)iColMod] |=   BIT_SHIFT[((uint8_t)(y_LUT[aRow8&#43;s]&#43;sy) % 8)];
                   ^~~~~~~~~~~~~~
                   ARDBITMAP_H
/home/ec2-user/arduino-testlib/cli-datadir/user/libraries/ArdBitmap/src/ArdBitmap.h:490:19: error: &#39;ARDBITMAP_SBUF&#39; was not declared in this scope
                   ARDBITMAP_SBUF[(row*SB_WIDTH) &#43; (uint8_t)iColMod] &amp;= ~ BIT_SHIFT[((uint8_t)(y_LUT[aRow8&#43;s]&#43;sy) % 8)];
                   ^~~~~~~~~~~~~~
/home/ec2-user/arduino-testlib/cli-datadir/user/libraries/ArdBitmap/src/ArdBitmap.h:490:19: note: suggested alternative: &#39;ARDBITMAP_H&#39;
                   ARDBITMAP_SBUF[(row*SB_WIDTH) &#43; (uint8_t)iColMod] &amp;= ~ BIT_SHIFT[((uint8_t)(y_LUT[aRow8&#43;s]&#43;sy) % 8)];
                   ^~~~~~~~~~~~~~
                   ARDBITMAP_H
/home/ec2-user/arduino-testlib/cli-datadir/user/libraries/ArdBitmap/src/ArdBitmap.h: In member function &#39;void ArdBitmap&lt;SB_WIDTH, SB_HEIGHT&gt;::drawBitmap(int16_t, int16_t, const uint8_t*, uint8_t, uint8_t, uint8_t, uint8_t, uint8_t)&#39;:
/home/ec2-user/arduino-testlib/cli-datadir/user/libraries/ArdBitmap/src/ArdBitmap.h:645:22: error: &#39;ARDBITMAP_SBUF&#39; was not declared in this scope
               data = ARDBITMAP_SBUF[ofs];
                      ^~~~~~~~~~~~~~
/home/ec2-user/arduino-testlib/cli-datadir/user/libraries/ArdBitmap/src/ArdBitmap.h:645:22: note: suggested alternative: &#39;ARDBITMAP_H&#39;
               data = ARDBITMAP_SBUF[ofs];
                      ^~~~~~~~~~~~~~
                      ARDBITMAP_H
/home/ec2-user/arduino-testlib/cli-datadir/user/libraries/ArdBitmap/src/ArdBitmap.h:655:22: error: &#39;ARDBITMAP_SBUF&#39; was not declared in this scope
               data = ARDBITMAP_SBUF[ofs &#43; SB_WIDTH];
                      ^~~~~~~~~~~~~~
/home/ec2-user/arduino-testlib/cli-datadir/user/libraries/ArdBitmap/src/ArdBitmap.h:655:22: note: suggested alternative: &#39;ARDBITMAP_H&#39;
               data = ARDBITMAP_SBUF[ofs &#43; SB_WIDTH];
                      ^~~~~~~~~~~~~~
                      ARDBITMAP_H
/home/ec2-user/arduino-testlib/cli-datadir/user/libraries/ArdBitmap/src/ArdBitmap.h: In member function &#39;void ArdBitmap&lt;SB_WIDTH, SB_HEIGHT&gt;::drawBitmapResized(int16_t, int16_t, const uint8_t*, uint8_t, uint8_t, uint8_t, uint8_t, uint8_t, float)&#39;:
/home/ec2-user/arduino-testlib/cli-datadir/user/libraries/ArdBitmap/src/ArdBitmap.h:788:15: error: &#39;ARDBITMAP_SBUF&#39; was not declared in this scope
               ARDBITMAP_SBUF[(row*SB_WIDTH) &#43; (uint8_t)iColMod] |=   BIT_SHIFT[((uint8_t)(y_LUT[aRow8&#43;s]&#43;sy) % 8)];
               ^~~~~~~~~~~~~~
/home/ec2-user/arduino-testlib/cli-datadir/user/libraries/ArdBitmap/src/ArdBitmap.h:788:15: note: suggested alternative: &#39;ARDBITMAP_H&#39;
               ARDBITMAP_SBUF[(row*SB_WIDTH) &#43; (uint8_t)iColMod] |=   BIT_SHIFT[((uint8_t)(y_LUT[aRow8&#43;s]&#43;sy) % 8)];
               ^~~~~~~~~~~~~~
               ARDBITMAP_H
/home/ec2-user/arduino-testlib/cli-datadir/user/libraries/ArdBitmap/src/ArdBitmap.h:790:15: error: &#39;ARDBITMAP_SBUF&#39; was not declared in this scope
               ARDBITMAP_SBUF[(row*SB_WIDTH) &#43; (uint8_t)iColMod] &amp;= ~ BIT_SHIFT[((uint8_t)(y_LUT[aRow8&#43;s]&#43;sy) % 8)];
               ^~~~~~~~~~~~~~
/home/ec2-user/arduino-testlib/cli-datadir/user/libraries/ArdBitmap/src/ArdBitmap.h:790:15: note: suggested alternative: &#39;ARDBITMAP_H&#39;
               ARDBITMAP_SBUF[(row*SB_WIDTH) &#43; (uint8_t)iColMod] &amp;= ~ BIT_SHIFT[((uint8_t)(y_LUT[aRow8&#43;s]&#43;sy) % 8)];
               ^~~~~~~~~~~~~~
               ARDBITMAP_H

</pre>

					
					<h4>examples/CompleteTest</h4>
					<p>
						Result: <b>FAIL</b>
					</p>
					<pre class="pre-scrollable">WARNING: library Arduboy claims to run on avr architecture(s) and may be incompatible with your current board which runs on megaavr architecture(s).
/home/ec2-user/arduino-testlib/cli-datadir/user/libraries/Arduboy/src/Arduboy.cpp: In member function &#39;void Arduboy::initRandomSeed()&#39;:
/home/ec2-user/arduino-testlib/cli-datadir/user/libraries/Arduboy/src/Arduboy.cpp:140:3: error: &#39;power_adc_enable&#39; was not declared in this scope
   power_adc_enable(); // ADC on
   ^~~~~~~~~~~~~~~~
/home/ec2-user/arduino-testlib/cli-datadir/user/libraries/Arduboy/src/Arduboy.cpp:140:3: note: suggested alternative: &#39;power_all_enable&#39;
   power_adc_enable(); // ADC on
   ^~~~~~~~~~~~~~~~
   power_all_enable
In file included from /home/ec2-user/arduino-testlib/cli-datadir/data/packages/arduino/tools/avr-gcc/7.3.0-atmel3.6.1-arduino5/avr/include/avr/io.h:99:0,
                 from /home/ec2-user/arduino-testlib/cli-datadir/data/packages/arduino/tools/avr-gcc/7.3.0-atmel3.6.1-arduino5/avr/include/avr/power.h:35,
                 from /home/ec2-user/arduino-testlib/cli-datadir/user/libraries/Arduboy/src/core/core.h:4,
                 from /home/ec2-user/arduino-testlib/cli-datadir/user/libraries/Arduboy/src/Arduboy.h:4,
                 from /home/ec2-user/arduino-testlib/cli-datadir/user/libraries/Arduboy/src/Arduboy.cpp:1:
/home/ec2-user/arduino-testlib/cli-datadir/user/libraries/Arduboy/src/Arduboy.h:33:23: error: &#39;REFS0&#39; was not declared in this scope
 #define ADC_TEMP (_BV(REFS0) | _BV(REFS1) | _BV(MUX2) | _BV(MUX1) | _BV(MUX0))
                       ^
/home/ec2-user/arduino-testlib/cli-datadir/user/libraries/Arduboy/src/Arduboy.cpp:141:22: note: in expansion of macro &#39;ADC_TEMP&#39;
   randomSeed(~rawADC(ADC_TEMP) * ~rawADC(ADC_VOLTAGE) * ~micros() &#43; micros());
                      ^~~~~~~~
/home/ec2-user/arduino-testlib/cli-datadir/user/libraries/Arduboy/src/Arduboy.h:33:23: note: suggested alternative: &#39;VREF_t&#39;
 #define ADC_TEMP (_BV(REFS0) | _BV(REFS1) | _BV(MUX2) | _BV(MUX1) | _BV(MUX0))
                       ^
/home/ec2-user/arduino-testlib/cli-datadir/user/libraries/Arduboy/src/Arduboy.cpp:141:22: note: in expansion of macro &#39;ADC_TEMP&#39;
   randomSeed(~rawADC(ADC_TEMP) * ~rawADC(ADC_VOLTAGE) * ~micros() &#43; micros());
                      ^~~~~~~~
/home/ec2-user/arduino-testlib/cli-datadir/user/libraries/Arduboy/src/Arduboy.h:33:36: error: &#39;REFS1&#39; was not declared in this scope
 #define ADC_TEMP (_BV(REFS0) | _BV(REFS1) | _BV(MUX2) | _BV(MUX1) | _BV(MUX0))
                                    ^
/home/ec2-user/arduino-testlib/cli-datadir/user/libraries/Arduboy/src/Arduboy.cpp:141:22: note: in expansion of macro &#39;ADC_TEMP&#39;
   randomSeed(~rawADC(ADC_TEMP) * ~rawADC(ADC_VOLTAGE) * ~micros() &#43; micros());
                      ^~~~~~~~
/home/ec2-user/arduino-testlib/cli-datadir/user/libraries/Arduboy/src/Arduboy.h:33:36: note: suggested alternative: &#39;VREF_t&#39;
 #define ADC_TEMP (_BV(REFS0) | _BV(REFS1) | _BV(MUX2) | _BV(MUX1) | _BV(MUX0))
                                    ^
/home/ec2-user/arduino-testlib/cli-datadir/user/libraries/Arduboy/src/Arduboy.cpp:141:22: note: in expansion of macro &#39;ADC_TEMP&#39;
   randomSeed(~rawADC(ADC_TEMP) * ~rawADC(ADC_VOLTAGE) * ~micros() &#43; micros());
                      ^~~~~~~~
/home/ec2-user/arduino-testlib/cli-datadir/user/libraries/Arduboy/src/Arduboy.h:33:49: error: &#39;MUX2&#39; was not declared in this scope
 #define ADC_TEMP (_BV(REFS0) | _BV(REFS1) | _BV(MUX2) | _BV(MUX1) | _BV(MUX0))
                                                 ^
/home/ec2-user/arduino-testlib/cli-datadir/user/libraries/Arduboy/src/Arduboy.cpp:141:22: note: in expansion of macro &#39;ADC_TEMP&#39;
   randomSeed(~rawADC(ADC_TEMP) * ~rawADC(ADC_VOLTAGE) * ~micros() &#43; micros());
                      ^~~~~~~~
/home/ec2-user/arduino-testlib/cli-datadir/user/libraries/Arduboy/src/Arduboy.h:33:61: error: &#39;MUX1&#39; was not declared in this scope
 #define ADC_TEMP (_BV(REFS0) | _BV(REFS1) | _BV(MUX2) | _BV(MUX1) | _BV(MUX0))
                                                             ^
/home/ec2-user/arduino-testlib/cli-datadir/user/libraries/Arduboy/src/Arduboy.cpp:141:22: note: in expansion of macro &#39;ADC_TEMP&#39;
   randomSeed(~rawADC(ADC_TEMP) * ~rawADC(ADC_VOLTAGE) * ~micros() &#43; micros());
                      ^~~~~~~~
/home/ec2-user/arduino-testlib/cli-datadir/user/libraries/Arduboy/src/Arduboy.h:33:73: error: &#39;MUX0&#39; was not declared in this scope
 #define ADC_TEMP (_BV(REFS0) | _BV(REFS1) | _BV(MUX2) | _BV(MUX1) | _BV(MUX0))
                                                                         ^
/home/ec2-user/arduino-testlib/cli-datadir/user/libraries/Arduboy/src/Arduboy.cpp:141:22: note: in expansion of macro &#39;ADC_TEMP&#39;
   randomSeed(~rawADC(ADC_TEMP) * ~rawADC(ADC_VOLTAGE) * ~micros() &#43; micros());
                      ^~~~~~~~
/home/ec2-user/arduino-testlib/cli-datadir/user/libraries/Arduboy/src/Arduboy.h:31:39: error: &#39;MUX4&#39; was not declared in this scope
 #define ADC_VOLTAGE (_BV(REFS0) | _BV(MUX4) | _BV(MUX3) | _BV(MUX2) | _BV(MUX1))
                                       ^
/home/ec2-user/arduino-testlib/cli-datadir/user/libraries/Arduboy/src/Arduboy.cpp:141:42: note: in expansion of macro &#39;ADC_VOLTAGE&#39;
   randomSeed(~rawADC(ADC_TEMP) * ~rawADC(ADC_VOLTAGE) * ~micros() &#43; micros());
                                          ^~~~~~~~~~~
/home/ec2-user/arduino-testlib/cli-datadir/user/libraries/Arduboy/src/Arduboy.h:31:51: error: &#39;MUX3&#39; was not declared in this scope
 #define ADC_VOLTAGE (_BV(REFS0) | _BV(MUX4) | _BV(MUX3) | _BV(MUX2) | _BV(MUX1))
                                                   ^
/home/ec2-user/arduino-testlib/cli-datadir/user/libraries/Arduboy/src/Arduboy.cpp:141:42: note: in expansion of macro &#39;ADC_VOLTAGE&#39;
   randomSeed(~rawADC(ADC_TEMP) * ~rawADC(ADC_VOLTAGE) * ~micros() &#43; micros());
                                          ^~~~~~~~~~~
/home/ec2-user/arduino-testlib/cli-datadir/user/libraries/Arduboy/src/Arduboy.cpp:142:3: error: &#39;power_adc_disable&#39; was not declared in this scope
   power_adc_disable(); // ADC off
   ^~~~~~~~~~~~~~~~~
/home/ec2-user/arduino-testlib/cli-datadir/user/libraries/Arduboy/src/Arduboy.cpp:142:3: note: suggested alternative: &#39;power_all_disable&#39;
   power_adc_disable(); // ADC off
   ^~~~~~~~~~~~~~~~~
   power_all_disable
/home/ec2-user/arduino-testlib/cli-datadir/user/libraries/Arduboy/src/Arduboy.cpp: In member function &#39;uint16_t Arduboy::rawADC(byte)&#39;:
/home/ec2-user/arduino-testlib/cli-datadir/user/libraries/Arduboy/src/Arduboy.cpp:147:3: error: &#39;ADMUX&#39; was not declared in this scope
   ADMUX = adc_bits;
   ^~~~~
In file included from /home/ec2-user/arduino-testlib/cli-datadir/data/packages/arduino/tools/avr-gcc/7.3.0-atmel3.6.1-arduino5/avr/include/avr/io.h:99:0,
                 from /home/ec2-user/arduino-testlib/cli-datadir/data/packages/arduino/tools/avr-gcc/7.3.0-atmel3.6.1-arduino5/avr/include/avr/power.h:35,
                 from /home/ec2-user/arduino-testlib/cli-datadir/user/libraries/Arduboy/src/core/core.h:4,
                 from /home/ec2-user/arduino-testlib/cli-datadir/user/libraries/Arduboy/src/Arduboy.h:4,
                 from /home/ec2-user/arduino-testlib/cli-datadir/user/libraries/Arduboy/src/Arduboy.cpp:1:
/home/ec2-user/arduino-testlib/cli-datadir/user/libraries/Arduboy/src/Arduboy.h:33:23: error: &#39;REFS0&#39; was not declared in this scope
 #define ADC_TEMP (_BV(REFS0) | _BV(REFS1) | _BV(MUX2) | _BV(MUX1) | _BV(MUX0))
                       ^
/home/ec2-user/arduino-testlib/cli-datadir/user/libraries/Arduboy/src/Arduboy.cpp:149:19: note: in expansion of macro &#39;ADC_TEMP&#39;
   if (adc_bits == ADC_TEMP) {
                   ^~~~~~~~
/home/ec2-user/arduino-testlib/cli-datadir/user/libraries/Arduboy/src/Arduboy.h:33:23: note: suggested alternative: &#39;VREF_t&#39;
 #define ADC_TEMP (_BV(REFS0) | _BV(REFS1) | _BV(MUX2) | _BV(MUX1) | _BV(MUX0))
                       ^
/home/ec2-user/arduino-testlib/cli-datadir/user/libraries/Arduboy/src/Arduboy.cpp:149:19: note: in expansion of macro &#39;ADC_TEMP&#39;
   if (adc_bits == ADC_TEMP) {
                   ^~~~~~~~
/home/ec2-user/arduino-testlib/cli-datadir/user/libraries/Arduboy/src/Arduboy.h:33:36: error: &#39;REFS1&#39; was not declared in this scope
 #define ADC_TEMP (_BV(REFS0) | _BV(REFS1) | _BV(MUX2) | _BV(MUX1) | _BV(MUX0))
                                    ^
/home/ec2-user/arduino-testlib/cli-datadir/user/libraries/Arduboy/src/Arduboy.cpp:149:19: note: in expansion of macro &#39;ADC_TEMP&#39;
   if (adc_bits == ADC_TEMP) {
                   ^~~~~~~~
/home/ec2-user/arduino-testlib/cli-datadir/user/libraries/Arduboy/src/Arduboy.h:33:36: note: suggested alternative: &#39;VREF_t&#39;
 #define ADC_TEMP (_BV(REFS0) | _BV(REFS1) | _BV(MUX2) | _BV(MUX1) | _BV(MUX0))
                                    ^
/home/ec2-user/arduino-testlib/cli-datadir/user/libraries/Arduboy/src/Arduboy.cpp:149:19: note: in expansion of macro &#39;ADC_TEMP&#39;
   if (adc_bits == ADC_TEMP) {
                   ^~~~~~~~
/home/ec2-user/arduino-testlib/cli-datadir/user/libraries/Arduboy/src/Arduboy.h:33:49: error: &#39;MUX2&#39; was not declared in this scope
 #define ADC_TEMP (_BV(REFS0) | _BV(REFS1) | _BV(MUX2) | _BV(MUX1) | _BV(MUX0))
                                                 ^
/home/ec2-user/arduino-testlib/cli-datadir/user/libraries/Arduboy/src/Arduboy.cpp:149:19: note: in expansion of macro &#39;ADC_TEMP&#39;
   if (adc_bits == ADC_TEMP) {
                   ^~~~~~~~
/home/ec2-user/arduino-testlib/cli-datadir/user/libraries/Arduboy/src/Arduboy.h:33:61: error: &#39;MUX1&#39; was not declared in this scope
 #define ADC_TEMP (_BV(REFS0) | _BV(REFS1) | _BV(MUX2) | _BV(MUX1) | _BV(MUX0))
                                                             ^
/home/ec2-user/arduino-testlib/cli-datadir/user/libraries/Arduboy/src/Arduboy.cpp:149:19: note: in expansion of macro &#39;ADC_TEMP&#39;
   if (adc_bits == ADC_TEMP) {
                   ^~~~~~~~
/home/ec2-user/arduino-testlib/cli-datadir/user/libraries/Arduboy/src/Arduboy.h:33:73: error: &#39;MUX0&#39; was not declared in this scope
 #define ADC_TEMP (_BV(REFS0) | _BV(REFS1) | _BV(M</pre>
					
					<h4>examples/Sample1-Basic</h4>
					<p>
						Result: <b>FAIL</b>
					</p>
					<pre class="pre-scrollable">WARNING: library Arduboy claims to run on avr architecture(s) and may be incompatible with your current board which runs on megaavr architecture(s).
/home/ec2-user/arduino-testlib/cli-datadir/user/libraries/Arduboy/src/Arduboy.cpp: In member function &#39;void Arduboy::initRandomSeed()&#39;:
/home/ec2-user/arduino-testlib/cli-datadir/user/libraries/Arduboy/src/Arduboy.cpp:140:3: error: &#39;power_adc_enable&#39; was not declared in this scope
   power_adc_enable(); // ADC on
   ^~~~~~~~~~~~~~~~
/home/ec2-user/arduino-testlib/cli-datadir/user/libraries/Arduboy/src/Arduboy.cpp:140:3: note: suggested alternative: &#39;power_all_enable&#39;
   power_adc_enable(); // ADC on
   ^~~~~~~~~~~~~~~~
   power_all_enable
In file included from /home/ec2-user/arduino-testlib/cli-datadir/data/packages/arduino/tools/avr-gcc/7.3.0-atmel3.6.1-arduino5/avr/include/avr/io.h:99:0,
                 from /home/ec2-user/arduino-testlib/cli-datadir/data/packages/arduino/tools/avr-gcc/7.3.0-atmel3.6.1-arduino5/avr/include/avr/power.h:35,
                 from /home/ec2-user/arduino-testlib/cli-datadir/user/libraries/Arduboy/src/core/core.h:4,
                 from /home/ec2-user/arduino-testlib/cli-datadir/user/libraries/Arduboy/src/Arduboy.h:4,
                 from /home/ec2-user/arduino-testlib/cli-datadir/user/libraries/Arduboy/src/Arduboy.cpp:1:
/home/ec2-user/arduino-testlib/cli-datadir/user/libraries/Arduboy/src/Arduboy.h:33:23: error: &#39;REFS0&#39; was not declared in this scope
 #define ADC_TEMP (_BV(REFS0) | _BV(REFS1) | _BV(MUX2) | _BV(MUX1) | _BV(MUX0))
                       ^
/home/ec2-user/arduino-testlib/cli-datadir/user/libraries/Arduboy/src/Arduboy.cpp:141:22: note: in expansion of macro &#39;ADC_TEMP&#39;
   randomSeed(~rawADC(ADC_TEMP) * ~rawADC(ADC_VOLTAGE) * ~micros() &#43; micros());
                      ^~~~~~~~
/home/ec2-user/arduino-testlib/cli-datadir/user/libraries/Arduboy/src/Arduboy.h:33:23: note: suggested alternative: &#39;VREF_t&#39;
 #define ADC_TEMP (_BV(REFS0) | _BV(REFS1) | _BV(MUX2) | _BV(MUX1) | _BV(MUX0))
                       ^
/home/ec2-user/arduino-testlib/cli-datadir/user/libraries/Arduboy/src/Arduboy.cpp:141:22: note: in expansion of macro &#39;ADC_TEMP&#39;
   randomSeed(~rawADC(ADC_TEMP) * ~rawADC(ADC_VOLTAGE) * ~micros() &#43; micros());
                      ^~~~~~~~
/home/ec2-user/arduino-testlib/cli-datadir/user/libraries/Arduboy/src/Arduboy.h:33:36: error: &#39;REFS1&#39; was not declared in this scope
 #define ADC_TEMP (_BV(REFS0) | _BV(REFS1) | _BV(MUX2) | _BV(MUX1) | _BV(MUX0))
                                    ^
/home/ec2-user/arduino-testlib/cli-datadir/user/libraries/Arduboy/src/Arduboy.cpp:141:22: note: in expansion of macro &#39;ADC_TEMP&#39;
   randomSeed(~rawADC(ADC_TEMP) * ~rawADC(ADC_VOLTAGE) * ~micros() &#43; micros());
                      ^~~~~~~~
/home/ec2-user/arduino-testlib/cli-datadir/user/libraries/Arduboy/src/Arduboy.h:33:36: note: suggested alternative: &#39;VREF_t&#39;
 #define ADC_TEMP (_BV(REFS0) | _BV(REFS1) | _BV(MUX2) | _BV(MUX1) | _BV(MUX0))
                                    ^
/home/ec2-user/arduino-testlib/cli-datadir/user/libraries/Arduboy/src/Arduboy.cpp:141:22: note: in expansion of macro &#39;ADC_TEMP&#39;
   randomSeed(~rawADC(ADC_TEMP) * ~rawADC(ADC_VOLTAGE) * ~micros() &#43; micros());
                      ^~~~~~~~
/home/ec2-user/arduino-testlib/cli-datadir/user/libraries/Arduboy/src/Arduboy.h:33:49: error: &#39;MUX2&#39; was not declared in this scope
 #define ADC_TEMP (_BV(REFS0) | _BV(REFS1) | _BV(MUX2) | _BV(MUX1) | _BV(MUX0))
                                                 ^
/home/ec2-user/arduino-testlib/cli-datadir/user/libraries/Arduboy/src/Arduboy.cpp:141:22: note: in expansion of macro &#39;ADC_TEMP&#39;
   randomSeed(~rawADC(ADC_TEMP) * ~rawADC(ADC_VOLTAGE) * ~micros() &#43; micros());
                      ^~~~~~~~
/home/ec2-user/arduino-testlib/cli-datadir/user/libraries/Arduboy/src/Arduboy.h:33:61: error: &#39;MUX1&#39; was not declared in this scope
 #define ADC_TEMP (_BV(REFS0) | _BV(REFS1) | _BV(MUX2) | _BV(MUX1) | _BV(MUX0))
                                                             ^
/home/ec2-user/arduino-testlib/cli-datadir/user/libraries/Arduboy/src/Arduboy.cpp:141:22: note: in expansion of macro &#39;ADC_TEMP&#39;
   randomSeed(~rawADC(ADC_TEMP) * ~rawADC(ADC_VOLTAGE) * ~micros() &#43; micros());
                      ^~~~~~~~
/home/ec2-user/arduino-testlib/cli-datadir/user/libraries/Arduboy/src/Arduboy.h:33:73: error: &#39;MUX0&#39; was not declared in this scope
 #define ADC_TEMP (_BV(REFS0) | _BV(REFS1) | _BV(MUX2) | _BV(MUX1) | _BV(MUX0))
                                                                         ^
/home/ec2-user/arduino-testlib/cli-datadir/user/libraries/Arduboy/src/Arduboy.cpp:141:22: note: in expansion of macro &#39;ADC_TEMP&#39;
   randomSeed(~rawADC(ADC_TEMP) * ~rawADC(ADC_VOLTAGE) * ~micros() &#43; micros());
                      ^~~~~~~~
/home/ec2-user/arduino-testlib/cli-datadir/user/libraries/Arduboy/src/Arduboy.h:31:39: error: &#39;MUX4&#39; was not declared in this scope
 #define ADC_VOLTAGE (_BV(REFS0) | _BV(MUX4) | _BV(MUX3) | _BV(MUX2) | _BV(MUX1))
                                       ^
/home/ec2-user/arduino-testlib/cli-datadir/user/libraries/Arduboy/src/Arduboy.cpp:141:42: note: in expansion of macro &#39;ADC_VOLTAGE&#39;
   randomSeed(~rawADC(ADC_TEMP) * ~rawADC(ADC_VOLTAGE) * ~micros() &#43; micros());
                                          ^~~~~~~~~~~
/home/ec2-user/arduino-testlib/cli-datadir/user/libraries/Arduboy/src/Arduboy.h:31:51: error: &#39;MUX3&#39; was not declared in this scope
 #define ADC_VOLTAGE (_BV(REFS0) | _BV(MUX4) | _BV(MUX3) | _BV(MUX2) | _BV(MUX1))
                                                   ^
/home/ec2-user/arduino-testlib/cli-datadir/user/libraries/Arduboy/src/Arduboy.cpp:141:42: note: in expansion of macro &#39;ADC_VOLTAGE&#39;
   randomSeed(~rawADC(ADC_TEMP) * ~rawADC(ADC_VOLTAGE) * ~micros() &#43; micros());
                                          ^~~~~~~~~~~
/home/ec2-user/arduino-testlib/cli-datadir/user/libraries/Arduboy/src/Arduboy.cpp:142:3: error: &#39;power_adc_disable&#39; was not declared in this scope
   power_adc_disable(); // ADC off
   ^~~~~~~~~~~~~~~~~
/home/ec2-user/arduino-testlib/cli-datadir/user/libraries/Arduboy/src/Arduboy.cpp:142:3: note: suggested alternative: &#39;power_all_disable&#39;
   power_adc_disable(); // ADC off
   ^~~~~~~~~~~~~~~~~
   power_all_disable
/home/ec2-user/arduino-testlib/cli-datadir/user/libraries/Arduboy/src/Arduboy.cpp: In member function &#39;uint16_t Arduboy::rawADC(byte)&#39;:
/home/ec2-user/arduino-testlib/cli-datadir/user/libraries/Arduboy/src/Arduboy.cpp:147:3: error: &#39;ADMUX&#39; was not declared in this scope
   ADMUX = adc_bits;
   ^~~~~
In file included from /home/ec2-user/arduino-testlib/cli-datadir/data/packages/arduino/tools/avr-gcc/7.3.0-atmel3.6.1-arduino5/avr/include/avr/io.h:99:0,
                 from /home/ec2-user/arduino-testlib/cli-datadir/data/packages/arduino/tools/avr-gcc/7.3.0-atmel3.6.1-arduino5/avr/include/avr/power.h:35,
                 from /home/ec2-user/arduino-testlib/cli-datadir/user/libraries/Arduboy/src/core/core.h:4,
                 from /home/ec2-user/arduino-testlib/cli-datadir/user/libraries/Arduboy/src/Arduboy.h:4,
                 from /home/ec2-user/arduino-testlib/cli-datadir/user/libraries/Arduboy/src/Arduboy.cpp:1:
/home/ec2-user/arduino-testlib/cli-datadir/user/libraries/Arduboy/src/Arduboy.h:33:23: error: &#39;REFS0&#39; was not declared in this scope
 #define ADC_TEMP (_BV(REFS0) | _BV(REFS1) | _BV(MUX2) | _BV(MUX1) | _BV(MUX0))
                       ^
/home/ec2-user/arduino-testlib/cli-datadir/user/libraries/Arduboy/src/Arduboy.cpp:149:19: note: in expansion of macro &#39;ADC_TEMP&#39;
   if (adc_bits == ADC_TEMP) {
                   ^~~~~~~~
/home/ec2-user/arduino-testlib/cli-datadir/user/libraries/Arduboy/src/Arduboy.h:33:23: note: suggested alternative: &#39;VREF_t&#39;
 #define ADC_TEMP (_BV(REFS0) | _BV(REFS1) | _BV(MUX2) | _BV(MUX1) | _BV(MUX0))
                       ^
/home/ec2-user/arduino-testlib/cli-datadir/user/libraries/Arduboy/src/Arduboy.cpp:149:19: note: in expansion of macro &#39;ADC_TEMP&#39;
   if (adc_bits == ADC_TEMP) {
                   ^~~~~~~~
/home/ec2-user/arduino-testlib/cli-datadir/user/libraries/Arduboy/src/Arduboy.h:33:36: error: &#39;REFS1&#39; was not declared in this scope
 #define ADC_TEMP (_BV(REFS0) | _BV(REFS1) | _BV(MUX2) | _BV(MUX1) | _BV(MUX0))
                                    ^
/home/ec2-user/arduino-testlib/cli-datadir/user/libraries/Arduboy/src/Arduboy.cpp:149:19: note: in expansion of macro &#39;ADC_TEMP&#39;
   if (adc_bits == ADC_TEMP) {
                   ^~~~~~~~
/home/ec2-user/arduino-testlib/cli-datadir/user/libraries/Arduboy/src/Arduboy.h:33:36: note: suggested alternative: &#39;VREF_t&#39;
 #define ADC_TEMP (_BV(REFS0) | _BV(REFS1) | _BV(MUX2) | _BV(MUX1) | _BV(MUX0))
                                    ^
/home/ec2-user/arduino-testlib/cli-datadir/user/libraries/Arduboy/src/Arduboy.cpp:149:19: note: in expansion of macro &#39;ADC_TEMP&#39;
   if (adc_bits == ADC_TEMP) {
                   ^~~~~~~~
/home/ec2-user/arduino-testlib/cli-datadir/user/libraries/Arduboy/src/Arduboy.h:33:49: error: &#39;MUX2&#39; was not declared in this scope
 #define ADC_TEMP (_BV(REFS0) | _BV(REFS1) | _BV(MUX2) | _BV(MUX1) | _BV(MUX0))
                                                 ^
/home/ec2-user/arduino-testlib/cli-datadir/user/libraries/Arduboy/src/Arduboy.cpp:149:19: note: in expansion of macro &#39;ADC_TEMP&#39;
   if (adc_bits == ADC_TEMP) {
                   ^~~~~~~~
/home/ec2-user/arduino-testlib/cli-datadir/user/libraries/Arduboy/src/Arduboy.h:33:61: error: &#39;MUX1&#39; was not declared in this scope
 #define ADC_TEMP (_BV(REFS0) | _BV(REFS1) | _BV(MUX2) | _BV(MUX1) | _BV(MUX0))
                                                             ^
/home/ec2-user/arduino-testlib/cli-datadir/user/libraries/Arduboy/src/Arduboy.cpp:149:19: note: in expansion of macro &#39;ADC_TEMP&#39;
   if (adc_bits == ADC_TEMP) {
                   ^~~~~~~~
/home/ec2-user/arduino-testlib/cli-datadir/user/libraries/Arduboy/src/Arduboy.h:33:73: error: &#39;MUX0&#39; was not declared in this scope
 #define ADC_TEMP (_BV(REFS0) | _BV(REFS1) | _BV(M</pre>
					
					<h4>examples/Sample2-Mirror</h4>
					<p>
						Result: <b>FAIL</b>
					</p>
					<pre class="pre-scrollable">WARNING: library Arduboy claims to run on avr architecture(s) and may be incompatible with your current board which runs on megaavr architecture(s).
/home/ec2-user/arduino-testlib/cli-datadir/user/libraries/Arduboy/src/Arduboy.cpp: In member function &#39;void Arduboy::initRandomSeed()&#39;:
/home/ec2-user/arduino-testlib/cli-datadir/user/libraries/Arduboy/src/Arduboy.cpp:140:3: error: &#39;power_adc_enable&#39; was not declared in this scope
   power_adc_enable(); // ADC on
   ^~~~~~~~~~~~~~~~
/home/ec2-user/arduino-testlib/cli-datadir/user/libraries/Arduboy/src/Arduboy.cpp:140:3: note: suggested alternative: &#39;power_all_enable&#39;
   power_adc_enable(); // ADC on
   ^~~~~~~~~~~~~~~~
   power_all_enable
In file included from /home/ec2-user/arduino-testlib/cli-datadir/data/packages/arduino/tools/avr-gcc/7.3.0-atmel3.6.1-arduino5/avr/include/avr/io.h:99:0,
                 from /home/ec2-user/arduino-testlib/cli-datadir/data/packages/arduino/tools/avr-gcc/7.3.0-atmel3.6.1-arduino5/avr/include/avr/power.h:35,
                 from /home/ec2-user/arduino-testlib/cli-datadir/user/libraries/Arduboy/src/core/core.h:4,
                 from /home/ec2-user/arduino-testlib/cli-datadir/user/libraries/Arduboy/src/Arduboy.h:4,
                 from /home/ec2-user/arduino-testlib/cli-datadir/user/libraries/Arduboy/src/Arduboy.cpp:1:
/home/ec2-user/arduino-testlib/cli-datadir/user/libraries/Arduboy/src/Arduboy.h:33:23: error: &#39;REFS0&#39; was not declared in this scope
 #define ADC_TEMP (_BV(REFS0) | _BV(REFS1) | _BV(MUX2) | _BV(MUX1) | _BV(MUX0))
                       ^
/home/ec2-user/arduino-testlib/cli-datadir/user/libraries/Arduboy/src/Arduboy.cpp:141:22: note: in expansion of macro &#39;ADC_TEMP&#39;
   randomSeed(~rawADC(ADC_TEMP) * ~rawADC(ADC_VOLTAGE) * ~micros() &#43; micros());
                      ^~~~~~~~
/home/ec2-user/arduino-testlib/cli-datadir/user/libraries/Arduboy/src/Arduboy.h:33:23: note: suggested alternative: &#39;VREF_t&#39;
 #define ADC_TEMP (_BV(REFS0) | _BV(REFS1) | _BV(MUX2) | _BV(MUX1) | _BV(MUX0))
                       ^
/home/ec2-user/arduino-testlib/cli-datadir/user/libraries/Arduboy/src/Arduboy.cpp:141:22: note: in expansion of macro &#39;ADC_TEMP&#39;
   randomSeed(~rawADC(ADC_TEMP) * ~rawADC(ADC_VOLTAGE) * ~micros() &#43; micros());
                      ^~~~~~~~
/home/ec2-user/arduino-testlib/cli-datadir/user/libraries/Arduboy/src/Arduboy.h:33:36: error: &#39;REFS1&#39; was not declared in this scope
 #define ADC_TEMP (_BV(REFS0) | _BV(REFS1) | _BV(MUX2) | _BV(MUX1) | _BV(MUX0))
                                    ^
/home/ec2-user/arduino-testlib/cli-datadir/user/libraries/Arduboy/src/Arduboy.cpp:141:22: note: in expansion of macro &#39;ADC_TEMP&#39;
   randomSeed(~rawADC(ADC_TEMP) * ~rawADC(ADC_VOLTAGE) * ~micros() &#43; micros());
                      ^~~~~~~~
/home/ec2-user/arduino-testlib/cli-datadir/user/libraries/Arduboy/src/Arduboy.h:33:36: note: suggested alternative: &#39;VREF_t&#39;
 #define ADC_TEMP (_BV(REFS0) | _BV(REFS1) | _BV(MUX2) | _BV(MUX1) | _BV(MUX0))
                                    ^
/home/ec2-user/arduino-testlib/cli-datadir/user/libraries/Arduboy/src/Arduboy.cpp:141:22: note: in expansion of macro &#39;ADC_TEMP&#39;
   randomSeed(~rawADC(ADC_TEMP) * ~rawADC(ADC_VOLTAGE) * ~micros() &#43; micros());
                      ^~~~~~~~
/home/ec2-user/arduino-testlib/cli-datadir/user/libraries/Arduboy/src/Arduboy.h:33:49: error: &#39;MUX2&#39; was not declared in this scope
 #define ADC_TEMP (_BV(REFS0) | _BV(REFS1) | _BV(MUX2) | _BV(MUX1) | _BV(MUX0))
                                                 ^
/home/ec2-user/arduino-testlib/cli-datadir/user/libraries/Arduboy/src/Arduboy.cpp:141:22: note: in expansion of macro &#39;ADC_TEMP&#39;
   randomSeed(~rawADC(ADC_TEMP) * ~rawADC(ADC_VOLTAGE) * ~micros() &#43; micros());
                      ^~~~~~~~
/home/ec2-user/arduino-testlib/cli-datadir/user/libraries/Arduboy/src/Arduboy.h:33:61: error: &#39;MUX1&#39; was not declared in this scope
 #define ADC_TEMP (_BV(REFS0) | _BV(REFS1) | _BV(MUX2) | _BV(MUX1) | _BV(MUX0))
                                                             ^
/home/ec2-user/arduino-testlib/cli-datadir/user/libraries/Arduboy/src/Arduboy.cpp:141:22: note: in expansion of macro &#39;ADC_TEMP&#39;
   randomSeed(~rawADC(ADC_TEMP) * ~rawADC(ADC_VOLTAGE) * ~micros() &#43; micros());
                      ^~~~~~~~
/home/ec2-user/arduino-testlib/cli-datadir/user/libraries/Arduboy/src/Arduboy.h:33:73: error: &#39;MUX0&#39; was not declared in this scope
 #define ADC_TEMP (_BV(REFS0) | _BV(REFS1) | _BV(MUX2) | _BV(MUX1) | _BV(MUX0))
                                                                         ^
/home/ec2-user/arduino-testlib/cli-datadir/user/libraries/Arduboy/src/Arduboy.cpp:141:22: note: in expansion of macro &#39;ADC_TEMP&#39;
   randomSeed(~rawADC(ADC_TEMP) * ~rawADC(ADC_VOLTAGE) * ~micros() &#43; micros());
                      ^~~~~~~~
/home/ec2-user/arduino-testlib/cli-datadir/user/libraries/Arduboy/src/Arduboy.h:31:39: error: &#39;MUX4&#39; was not declared in this scope
 #define ADC_VOLTAGE (_BV(REFS0) | _BV(MUX4) | _BV(MUX3) | _BV(MUX2) | _BV(MUX1))
                                       ^
/home/ec2-user/arduino-testlib/cli-datadir/user/libraries/Arduboy/src/Arduboy.cpp:141:42: note: in expansion of macro &#39;ADC_VOLTAGE&#39;
   randomSeed(~rawADC(ADC_TEMP) * ~rawADC(ADC_VOLTAGE) * ~micros() &#43; micros());
                                          ^~~~~~~~~~~
/home/ec2-user/arduino-testlib/cli-datadir/user/libraries/Arduboy/src/Arduboy.h:31:51: error: &#39;MUX3&#39; was not declared in this scope
 #define ADC_VOLTAGE (_BV(REFS0) | _BV(MUX4) | _BV(MUX3) | _BV(MUX2) | _BV(MUX1))
                                                   ^
/home/ec2-user/arduino-testlib/cli-datadir/user/libraries/Arduboy/src/Arduboy.cpp:141:42: note: in expansion of macro &#39;ADC_VOLTAGE&#39;
   randomSeed(~rawADC(ADC_TEMP) * ~rawADC(ADC_VOLTAGE) * ~micros() &#43; micros());
                                          ^~~~~~~~~~~
/home/ec2-user/arduino-testlib/cli-datadir/user/libraries/Arduboy/src/Arduboy.cpp:142:3: error: &#39;power_adc_disable&#39; was not declared in this scope
   power_adc_disable(); // ADC off
   ^~~~~~~~~~~~~~~~~
/home/ec2-user/arduino-testlib/cli-datadir/user/libraries/Arduboy/src/Arduboy.cpp:142:3: note: suggested alternative: &#39;power_all_disable&#39;
   power_adc_disable(); // ADC off
   ^~~~~~~~~~~~~~~~~
   power_all_disable
/home/ec2-user/arduino-testlib/cli-datadir/user/libraries/Arduboy/src/Arduboy.cpp: In member function &#39;uint16_t Arduboy::rawADC(byte)&#39;:
/home/ec2-user/arduino-testlib/cli-datadir/user/libraries/Arduboy/src/Arduboy.cpp:147:3: error: &#39;ADMUX&#39; was not declared in this scope
   ADMUX = adc_bits;
   ^~~~~
In file included from /home/ec2-user/arduino-testlib/cli-datadir/data/packages/arduino/tools/avr-gcc/7.3.0-atmel3.6.1-arduino5/avr/include/avr/io.h:99:0,
                 from /home/ec2-user/arduino-testlib/cli-datadir/data/packages/arduino/tools/avr-gcc/7.3.0-atmel3.6.1-arduino5/avr/include/avr/power.h:35,
                 from /home/ec2-user/arduino-testlib/cli-datadir/user/libraries/Arduboy/src/core/core.h:4,
                 from /home/ec2-user/arduino-testlib/cli-datadir/user/libraries/Arduboy/src/Arduboy.h:4,
                 from /home/ec2-user/arduino-testlib/cli-datadir/user/libraries/Arduboy/src/Arduboy.cpp:1:
/home/ec2-user/arduino-testlib/cli-datadir/user/libraries/Arduboy/src/Arduboy.h:33:23: error: &#39;REFS0&#39; was not declared in this scope
 #define ADC_TEMP (_BV(REFS0) | _BV(REFS1) | _BV(MUX2) | _BV(MUX1) | _BV(MUX0))
                       ^
/home/ec2-user/arduino-testlib/cli-datadir/user/libraries/Arduboy/src/Arduboy.cpp:149:19: note: in expansion of macro &#39;ADC_TEMP&#39;
   if (adc_bits == ADC_TEMP) {
                   ^~~~~~~~
/home/ec2-user/arduino-testlib/cli-datadir/user/libraries/Arduboy/src/Arduboy.h:33:23: note: suggested alternative: &#39;VREF_t&#39;
 #define ADC_TEMP (_BV(REFS0) | _BV(REFS1) | _BV(MUX2) | _BV(MUX1) | _BV(MUX0))
                       ^
/home/ec2-user/arduino-testlib/cli-datadir/user/libraries/Arduboy/src/Arduboy.cpp:149:19: note: in expansion of macro &#39;ADC_TEMP&#39;
   if (adc_bits == ADC_TEMP) {
                   ^~~~~~~~
/home/ec2-user/arduino-testlib/cli-datadir/user/libraries/Arduboy/src/Arduboy.h:33:36: error: &#39;REFS1&#39; was not declared in this scope
 #define ADC_TEMP (_BV(REFS0) | _BV(REFS1) | _BV(MUX2) | _BV(MUX1) | _BV(MUX0))
                                    ^
/home/ec2-user/arduino-testlib/cli-datadir/user/libraries/Arduboy/src/Arduboy.cpp:149:19: note: in expansion of macro &#39;ADC_TEMP&#39;
   if (adc_bits == ADC_TEMP) {
                   ^~~~~~~~
/home/ec2-user/arduino-testlib/cli-datadir/user/libraries/Arduboy/src/Arduboy.h:33:36: note: suggested alternative: &#39;VREF_t&#39;
 #define ADC_TEMP (_BV(REFS0) | _BV(REFS1) | _BV(MUX2) | _BV(MUX1) | _BV(MUX0))
                                    ^
/home/ec2-user/arduino-testlib/cli-datadir/user/libraries/Arduboy/src/Arduboy.cpp:149:19: note: in expansion of macro &#39;ADC_TEMP&#39;
   if (adc_bits == ADC_TEMP) {
                   ^~~~~~~~
/home/ec2-user/arduino-testlib/cli-datadir/user/libraries/Arduboy/src/Arduboy.h:33:49: error: &#39;MUX2&#39; was not declared in this scope
 #define ADC_TEMP (_BV(REFS0) | _BV(REFS1) | _BV(MUX2) | _BV(MUX1) | _BV(MUX0))
                                                 ^
/home/ec2-user/arduino-testlib/cli-datadir/user/libraries/Arduboy/src/Arduboy.cpp:149:19: note: in expansion of macro &#39;ADC_TEMP&#39;
   if (adc_bits == ADC_TEMP) {
                   ^~~~~~~~
/home/ec2-user/arduino-testlib/cli-datadir/user/libraries/Arduboy/src/Arduboy.h:33:61: error: &#39;MUX1&#39; was not declared in this scope
 #define ADC_TEMP (_BV(REFS0) | _BV(REFS1) | _BV(MUX2) | _BV(MUX1) | _BV(MUX0))
                                                             ^
/home/ec2-user/arduino-testlib/cli-datadir/user/libraries/Arduboy/src/Arduboy.cpp:149:19: note: in expansion of macro &#39;ADC_TEMP&#39;
   if (adc_bits == ADC_TEMP) {
                   ^~~~~~~~
/home/ec2-user/arduino-testlib/cli-datadir/user/libraries/Arduboy/src/Arduboy.h:33:73: error: &#39;MUX0&#39; was not declared in this scope
 #define ADC_TEMP (_BV(REFS0) | _BV(REFS1) | _BV(M</pre>
					
					<h4>examples/Sample3-Resize</h4>
					<p>
						Result: <b>FAIL</b>
					</p>
					<pre class="pre-scrollable">WARNING: library Arduboy claims to run on avr architecture(s) and may be incompatible with your current board which runs on megaavr architecture(s).
/home/ec2-user/arduino-testlib/cli-datadir/user/libraries/Arduboy/src/Arduboy.cpp: In member function &#39;void Arduboy::initRandomSeed()&#39;:
/home/ec2-user/arduino-testlib/cli-datadir/user/libraries/Arduboy/src/Arduboy.cpp:140:3: error: &#39;power_adc_enable&#39; was not declared in this scope
   power_adc_enable(); // ADC on
   ^~~~~~~~~~~~~~~~
/home/ec2-user/arduino-testlib/cli-datadir/user/libraries/Arduboy/src/Arduboy.cpp:140:3: note: suggested alternative: &#39;power_all_enable&#39;
   power_adc_enable(); // ADC on
   ^~~~~~~~~~~~~~~~
   power_all_enable
In file included from /home/ec2-user/arduino-testlib/cli-datadir/data/packages/arduino/tools/avr-gcc/7.3.0-atmel3.6.1-arduino5/avr/include/avr/io.h:99:0,
                 from /home/ec2-user/arduino-testlib/cli-datadir/data/packages/arduino/tools/avr-gcc/7.3.0-atmel3.6.1-arduino5/avr/include/avr/power.h:35,
                 from /home/ec2-user/arduino-testlib/cli-datadir/user/libraries/Arduboy/src/core/core.h:4,
                 from /home/ec2-user/arduino-testlib/cli-datadir/user/libraries/Arduboy/src/Arduboy.h:4,
                 from /home/ec2-user/arduino-testlib/cli-datadir/user/libraries/Arduboy/src/Arduboy.cpp:1:
/home/ec2-user/arduino-testlib/cli-datadir/user/libraries/Arduboy/src/Arduboy.h:33:23: error: &#39;REFS0&#39; was not declared in this scope
 #define ADC_TEMP (_BV(REFS0) | _BV(REFS1) | _BV(MUX2) | _BV(MUX1) | _BV(MUX0))
                       ^
/home/ec2-user/arduino-testlib/cli-datadir/user/libraries/Arduboy/src/Arduboy.cpp:141:22: note: in expansion of macro &#39;ADC_TEMP&#39;
   randomSeed(~rawADC(ADC_TEMP) * ~rawADC(ADC_VOLTAGE) * ~micros() &#43; micros());
                      ^~~~~~~~
/home/ec2-user/arduino-testlib/cli-datadir/user/libraries/Arduboy/src/Arduboy.h:33:23: note: suggested alternative: &#39;VREF_t&#39;
 #define ADC_TEMP (_BV(REFS0) | _BV(REFS1) | _BV(MUX2) | _BV(MUX1) | _BV(MUX0))
                       ^
/home/ec2-user/arduino-testlib/cli-datadir/user/libraries/Arduboy/src/Arduboy.cpp:141:22: note: in expansion of macro &#39;ADC_TEMP&#39;
   randomSeed(~rawADC(ADC_TEMP) * ~rawADC(ADC_VOLTAGE) * ~micros() &#43; micros());
                      ^~~~~~~~
/home/ec2-user/arduino-testlib/cli-datadir/user/libraries/Arduboy/src/Arduboy.h:33:36: error: &#39;REFS1&#39; was not declared in this scope
 #define ADC_TEMP (_BV(REFS0) | _BV(REFS1) | _BV(MUX2) | _BV(MUX1) | _BV(MUX0))
                                    ^
/home/ec2-user/arduino-testlib/cli-datadir/user/libraries/Arduboy/src/Arduboy.cpp:141:22: note: in expansion of macro &#39;ADC_TEMP&#39;
   randomSeed(~rawADC(ADC_TEMP) * ~rawADC(ADC_VOLTAGE) * ~micros() &#43; micros());
                      ^~~~~~~~
/home/ec2-user/arduino-testlib/cli-datadir/user/libraries/Arduboy/src/Arduboy.h:33:36: note: suggested alternative: &#39;VREF_t&#39;
 #define ADC_TEMP (_BV(REFS0) | _BV(REFS1) | _BV(MUX2) | _BV(MUX1) | _BV(MUX0))
                                    ^
/home/ec2-user/arduino-testlib/cli-datadir/user/libraries/Arduboy/src/Arduboy.cpp:141:22: note: in expansion of macro &#39;ADC_TEMP&#39;
   randomSeed(~rawADC(ADC_TEMP) * ~rawADC(ADC_VOLTAGE) * ~micros() &#43; micros());
                      ^~~~~~~~
/home/ec2-user/arduino-testlib/cli-datadir/user/libraries/Arduboy/src/Arduboy.h:33:49: error: &#39;MUX2&#39; was not declared in this scope
 #define ADC_TEMP (_BV(REFS0) | _BV(REFS1) | _BV(MUX2) | _BV(MUX1) | _BV(MUX0))
                                                 ^
/home/ec2-user/arduino-testlib/cli-datadir/user/libraries/Arduboy/src/Arduboy.cpp:141:22: note: in expansion of macro &#39;ADC_TEMP&#39;
   randomSeed(~rawADC(ADC_TEMP) * ~rawADC(ADC_VOLTAGE) * ~micros() &#43; micros());
                      ^~~~~~~~
/home/ec2-user/arduino-testlib/cli-datadir/user/libraries/Arduboy/src/Arduboy.h:33:61: error: &#39;MUX1&#39; was not declared in this scope
 #define ADC_TEMP (_BV(REFS0) | _BV(REFS1) | _BV(MUX2) | _BV(MUX1) | _BV(MUX0))
                                                             ^
/home/ec2-user/arduino-testlib/cli-datadir/user/libraries/Arduboy/src/Arduboy.cpp:141:22: note: in expansion of macro &#39;ADC_TEMP&#39;
   randomSeed(~rawADC(ADC_TEMP) * ~rawADC(ADC_VOLTAGE) * ~micros() &#43; micros());
                      ^~~~~~~~
/home/ec2-user/arduino-testlib/cli-datadir/user/libraries/Arduboy/src/Arduboy.h:33:73: error: &#39;MUX0&#39; was not declared in this scope
 #define ADC_TEMP (_BV(REFS0) | _BV(REFS1) | _BV(MUX2) | _BV(MUX1) | _BV(MUX0))
                                                                         ^
/home/ec2-user/arduino-testlib/cli-datadir/user/libraries/Arduboy/src/Arduboy.cpp:141:22: note: in expansion of macro &#39;ADC_TEMP&#39;
   randomSeed(~rawADC(ADC_TEMP) * ~rawADC(ADC_VOLTAGE) * ~micros() &#43; micros());
                      ^~~~~~~~
/home/ec2-user/arduino-testlib/cli-datadir/user/libraries/Arduboy/src/Arduboy.h:31:39: error: &#39;MUX4&#39; was not declared in this scope
 #define ADC_VOLTAGE (_BV(REFS0) | _BV(MUX4) | _BV(MUX3) | _BV(MUX2) | _BV(MUX1))
                                       ^
/home/ec2-user/arduino-testlib/cli-datadir/user/libraries/Arduboy/src/Arduboy.cpp:141:42: note: in expansion of macro &#39;ADC_VOLTAGE&#39;
   randomSeed(~rawADC(ADC_TEMP) * ~rawADC(ADC_VOLTAGE) * ~micros() &#43; micros());
                                          ^~~~~~~~~~~
/home/ec2-user/arduino-testlib/cli-datadir/user/libraries/Arduboy/src/Arduboy.h:31:51: error: &#39;MUX3&#39; was not declared in this scope
 #define ADC_VOLTAGE (_BV(REFS0) | _BV(MUX4) | _BV(MUX3) | _BV(MUX2) | _BV(MUX1))
                                                   ^
/home/ec2-user/arduino-testlib/cli-datadir/user/libraries/Arduboy/src/Arduboy.cpp:141:42: note: in expansion of macro &#39;ADC_VOLTAGE&#39;
   randomSeed(~rawADC(ADC_TEMP) * ~rawADC(ADC_VOLTAGE) * ~micros() &#43; micros());
                                          ^~~~~~~~~~~
/home/ec2-user/arduino-testlib/cli-datadir/user/libraries/Arduboy/src/Arduboy.cpp:142:3: error: &#39;power_adc_disable&#39; was not declared in this scope
   power_adc_disable(); // ADC off
   ^~~~~~~~~~~~~~~~~
/home/ec2-user/arduino-testlib/cli-datadir/user/libraries/Arduboy/src/Arduboy.cpp:142:3: note: suggested alternative: &#39;power_all_disable&#39;
   power_adc_disable(); // ADC off
   ^~~~~~~~~~~~~~~~~
   power_all_disable
/home/ec2-user/arduino-testlib/cli-datadir/user/libraries/Arduboy/src/Arduboy.cpp: In member function &#39;uint16_t Arduboy::rawADC(byte)&#39;:
/home/ec2-user/arduino-testlib/cli-datadir/user/libraries/Arduboy/src/Arduboy.cpp:147:3: error: &#39;ADMUX&#39; was not declared in this scope
   ADMUX = adc_bits;
   ^~~~~
In file included from /home/ec2-user/arduino-testlib/cli-datadir/data/packages/arduino/tools/avr-gcc/7.3.0-atmel3.6.1-arduino5/avr/include/avr/io.h:99:0,
                 from /home/ec2-user/arduino-testlib/cli-datadir/data/packages/arduino/tools/avr-gcc/7.3.0-atmel3.6.1-arduino5/avr/include/avr/power.h:35,
                 from /home/ec2-user/arduino-testlib/cli-datadir/user/libraries/Arduboy/src/core/core.h:4,
                 from /home/ec2-user/arduino-testlib/cli-datadir/user/libraries/Arduboy/src/Arduboy.h:4,
                 from /home/ec2-user/arduino-testlib/cli-datadir/user/libraries/Arduboy/src/Arduboy.cpp:1:
/home/ec2-user/arduino-testlib/cli-datadir/user/libraries/Arduboy/src/Arduboy.h:33:23: error: &#39;REFS0&#39; was not declared in this scope
 #define ADC_TEMP (_BV(REFS0) | _BV(REFS1) | _BV(MUX2) | _BV(MUX1) | _BV(MUX0))
                       ^
/home/ec2-user/arduino-testlib/cli-datadir/user/libraries/Arduboy/src/Arduboy.cpp:149:19: note: in expansion of macro &#39;ADC_TEMP&#39;
   if (adc_bits == ADC_TEMP) {
                   ^~~~~~~~
/home/ec2-user/arduino-testlib/cli-datadir/user/libraries/Arduboy/src/Arduboy.h:33:23: note: suggested alternative: &#39;VREF_t&#39;
 #define ADC_TEMP (_BV(REFS0) | _BV(REFS1) | _BV(MUX2) | _BV(MUX1) | _BV(MUX0))
                       ^
/home/ec2-user/arduino-testlib/cli-datadir/user/libraries/Arduboy/src/Arduboy.cpp:149:19: note: in expansion of macro &#39;ADC_TEMP&#39;
   if (adc_bits == ADC_TEMP) {
                   ^~~~~~~~
/home/ec2-user/arduino-testlib/cli-datadir/user/libraries/Arduboy/src/Arduboy.h:33:36: error: &#39;REFS1&#39; was not declared in this scope
 #define ADC_TEMP (_BV(REFS0) | _BV(REFS1) | _BV(MUX2) | _BV(MUX1) | _BV(MUX0))
                                    ^
/home/ec2-user/arduino-testlib/cli-datadir/user/libraries/Arduboy/src/Arduboy.cpp:149:19: note: in expansion of macro &#39;ADC_TEMP&#39;
   if (adc_bits == ADC_TEMP) {
                   ^~~~~~~~
/home/ec2-user/arduino-testlib/cli-datadir/user/libraries/Arduboy/src/Arduboy.h:33:36: note: suggested alternative: &#39;VREF_t&#39;
 #define ADC_TEMP (_BV(REFS0) | _BV(REFS1) | _BV(MUX2) | _BV(MUX1) | _BV(MUX0))
                                    ^
/home/ec2-user/arduino-testlib/cli-datadir/user/libraries/Arduboy/src/Arduboy.cpp:149:19: note: in expansion of macro &#39;ADC_TEMP&#39;
   if (adc_bits == ADC_TEMP) {
                   ^~~~~~~~
/home/ec2-user/arduino-testlib/cli-datadir/user/libraries/Arduboy/src/Arduboy.h:33:49: error: &#39;MUX2&#39; was not declared in this scope
 #define ADC_TEMP (_BV(REFS0) | _BV(REFS1) | _BV(MUX2) | _BV(MUX1) | _BV(MUX0))
                                                 ^
/home/ec2-user/arduino-testlib/cli-datadir/user/libraries/Arduboy/src/Arduboy.cpp:149:19: note: in expansion of macro &#39;ADC_TEMP&#39;
   if (adc_bits == ADC_TEMP) {
                   ^~~~~~~~
/home/ec2-user/arduino-testlib/cli-datadir/user/libraries/Arduboy/src/Arduboy.h:33:61: error: &#39;MUX1&#39; was not declared in this scope
 #define ADC_TEMP (_BV(REFS0) | _BV(REFS1) | _BV(MUX2) | _BV(MUX1) | _BV(MUX0))
                                                             ^
/home/ec2-user/arduino-testlib/cli-datadir/user/libraries/Arduboy/src/Arduboy.cpp:149:19: note: in expansion of macro &#39;ADC_TEMP&#39;
   if (adc_bits == ADC_TEMP) {
                   ^~~~~~~~
/home/ec2-user/arduino-testlib/cli-datadir/user/libraries/Arduboy/src/Arduboy.h:33:73: error: &#39;MUX0&#39; was not declared in this scope
 #define ADC_TEMP (_BV(REFS0) | _BV(REFS1) | _BV(M</pre>
					
					<h4>examples/Sample4-Animation</h4>
					<p>
						Result: <b>FAIL</b>
					</p>
					<pre class="pre-scrollable">WARNING: library Arduboy claims to run on avr architecture(s) and may be incompatible with your current board which runs on megaavr architecture(s).
/home/ec2-user/arduino-testlib/cli-datadir/user/libraries/Arduboy/src/Arduboy.cpp: In member function &#39;void Arduboy::initRandomSeed()&#39;:
/home/ec2-user/arduino-testlib/cli-datadir/user/libraries/Arduboy/src/Arduboy.cpp:140:3: error: &#39;power_adc_enable&#39; was not declared in this scope
   power_adc_enable(); // ADC on
   ^~~~~~~~~~~~~~~~
/home/ec2-user/arduino-testlib/cli-datadir/user/libraries/Arduboy/src/Arduboy.cpp:140:3: note: suggested alternative: &#39;power_all_enable&#39;
   power_adc_enable(); // ADC on
   ^~~~~~~~~~~~~~~~
   power_all_enable
In file included from /home/ec2-user/arduino-testlib/cli-datadir/data/packages/arduino/tools/avr-gcc/7.3.0-atmel3.6.1-arduino5/avr/include/avr/io.h:99:0,
                 from /home/ec2-user/arduino-testlib/cli-datadir/data/packages/arduino/tools/avr-gcc/7.3.0-atmel3.6.1-arduino5/avr/include/avr/power.h:35,
                 from /home/ec2-user/arduino-testlib/cli-datadir/user/libraries/Arduboy/src/core/core.h:4,
                 from /home/ec2-user/arduino-testlib/cli-datadir/user/libraries/Arduboy/src/Arduboy.h:4,
                 from /home/ec2-user/arduino-testlib/cli-datadir/user/libraries/Arduboy/src/Arduboy.cpp:1:
/home/ec2-user/arduino-testlib/cli-datadir/user/libraries/Arduboy/src/Arduboy.h:33:23: error: &#39;REFS0&#39; was not declared in this scope
 #define ADC_TEMP (_BV(REFS0) | _BV(REFS1) | _BV(MUX2) | _BV(MUX1) | _BV(MUX0))
                       ^
/home/ec2-user/arduino-testlib/cli-datadir/user/libraries/Arduboy/src/Arduboy.cpp:141:22: note: in expansion of macro &#39;ADC_TEMP&#39;
   randomSeed(~rawADC(ADC_TEMP) * ~rawADC(ADC_VOLTAGE) * ~micros() &#43; micros());
                      ^~~~~~~~
/home/ec2-user/arduino-testlib/cli-datadir/user/libraries/Arduboy/src/Arduboy.h:33:23: note: suggested alternative: &#39;VREF_t&#39;
 #define ADC_TEMP (_BV(REFS0) | _BV(REFS1) | _BV(MUX2) | _BV(MUX1) | _BV(MUX0))
                       ^
/home/ec2-user/arduino-testlib/cli-datadir/user/libraries/Arduboy/src/Arduboy.cpp:141:22: note: in expansion of macro &#39;ADC_TEMP&#39;
   randomSeed(~rawADC(ADC_TEMP) * ~rawADC(ADC_VOLTAGE) * ~micros() &#43; micros());
                      ^~~~~~~~
/home/ec2-user/arduino-testlib/cli-datadir/user/libraries/Arduboy/src/Arduboy.h:33:36: error: &#39;REFS1&#39; was not declared in this scope
 #define ADC_TEMP (_BV(REFS0) | _BV(REFS1) | _BV(MUX2) | _BV(MUX1) | _BV(MUX0))
                                    ^
/home/ec2-user/arduino-testlib/cli-datadir/user/libraries/Arduboy/src/Arduboy.cpp:141:22: note: in expansion of macro &#39;ADC_TEMP&#39;
   randomSeed(~rawADC(ADC_TEMP) * ~rawADC(ADC_VOLTAGE) * ~micros() &#43; micros());
                      ^~~~~~~~
/home/ec2-user/arduino-testlib/cli-datadir/user/libraries/Arduboy/src/Arduboy.h:33:36: note: suggested alternative: &#39;VREF_t&#39;
 #define ADC_TEMP (_BV(REFS0) | _BV(REFS1) | _BV(MUX2) | _BV(MUX1) | _BV(MUX0))
                                    ^
/home/ec2-user/arduino-testlib/cli-datadir/user/libraries/Arduboy/src/Arduboy.cpp:141:22: note: in expansion of macro &#39;ADC_TEMP&#39;
   randomSeed(~rawADC(ADC_TEMP) * ~rawADC(ADC_VOLTAGE) * ~micros() &#43; micros());
                      ^~~~~~~~
/home/ec2-user/arduino-testlib/cli-datadir/user/libraries/Arduboy/src/Arduboy.h:33:49: error: &#39;MUX2&#39; was not declared in this scope
 #define ADC_TEMP (_BV(REFS0) | _BV(REFS1) | _BV(MUX2) | _BV(MUX1) | _BV(MUX0))
                                                 ^
/home/ec2-user/arduino-testlib/cli-datadir/user/libraries/Arduboy/src/Arduboy.cpp:141:22: note: in expansion of macro &#39;ADC_TEMP&#39;
   randomSeed(~rawADC(ADC_TEMP) * ~rawADC(ADC_VOLTAGE) * ~micros() &#43; micros());
                      ^~~~~~~~
/home/ec2-user/arduino-testlib/cli-datadir/user/libraries/Arduboy/src/Arduboy.h:33:61: error: &#39;MUX1&#39; was not declared in this scope
 #define ADC_TEMP (_BV(REFS0) | _BV(REFS1) | _BV(MUX2) | _BV(MUX1) | _BV(MUX0))
                                                             ^
/home/ec2-user/arduino-testlib/cli-datadir/user/libraries/Arduboy/src/Arduboy.cpp:141:22: note: in expansion of macro &#39;ADC_TEMP&#39;
   randomSeed(~rawADC(ADC_TEMP) * ~rawADC(ADC_VOLTAGE) * ~micros() &#43; micros());
                      ^~~~~~~~
/home/ec2-user/arduino-testlib/cli-datadir/user/libraries/Arduboy/src/Arduboy.h:33:73: error: &#39;MUX0&#39; was not declared in this scope
 #define ADC_TEMP (_BV(REFS0) | _BV(REFS1) | _BV(MUX2) | _BV(MUX1) | _BV(MUX0))
                                                                         ^
/home/ec2-user/arduino-testlib/cli-datadir/user/libraries/Arduboy/src/Arduboy.cpp:141:22: note: in expansion of macro &#39;ADC_TEMP&#39;
   randomSeed(~rawADC(ADC_TEMP) * ~rawADC(ADC_VOLTAGE) * ~micros() &#43; micros());
                      ^~~~~~~~
/home/ec2-user/arduino-testlib/cli-datadir/user/libraries/Arduboy/src/Arduboy.h:31:39: error: &#39;MUX4&#39; was not declared in this scope
 #define ADC_VOLTAGE (_BV(REFS0) | _BV(MUX4) | _BV(MUX3) | _BV(MUX2) | _BV(MUX1))
                                       ^
/home/ec2-user/arduino-testlib/cli-datadir/user/libraries/Arduboy/src/Arduboy.cpp:141:42: note: in expansion of macro &#39;ADC_VOLTAGE&#39;
   randomSeed(~rawADC(ADC_TEMP) * ~rawADC(ADC_VOLTAGE) * ~micros() &#43; micros());
                                          ^~~~~~~~~~~
/home/ec2-user/arduino-testlib/cli-datadir/user/libraries/Arduboy/src/Arduboy.h:31:51: error: &#39;MUX3&#39; was not declared in this scope
 #define ADC_VOLTAGE (_BV(REFS0) | _BV(MUX4) | _BV(MUX3) | _BV(MUX2) | _BV(MUX1))
                                                   ^
/home/ec2-user/arduino-testlib/cli-datadir/user/libraries/Arduboy/src/Arduboy.cpp:141:42: note: in expansion of macro &#39;ADC_VOLTAGE&#39;
   randomSeed(~rawADC(ADC_TEMP) * ~rawADC(ADC_VOLTAGE) * ~micros() &#43; micros());
                                          ^~~~~~~~~~~
/home/ec2-user/arduino-testlib/cli-datadir/user/libraries/Arduboy/src/Arduboy.cpp:142:3: error: &#39;power_adc_disable&#39; was not declared in this scope
   power_adc_disable(); // ADC off
   ^~~~~~~~~~~~~~~~~
/home/ec2-user/arduino-testlib/cli-datadir/user/libraries/Arduboy/src/Arduboy.cpp:142:3: note: suggested alternative: &#39;power_all_disable&#39;
   power_adc_disable(); // ADC off
   ^~~~~~~~~~~~~~~~~
   power_all_disable
/home/ec2-user/arduino-testlib/cli-datadir/user/libraries/Arduboy/src/Arduboy.cpp: In member function &#39;uint16_t Arduboy::rawADC(byte)&#39;:
/home/ec2-user/arduino-testlib/cli-datadir/user/libraries/Arduboy/src/Arduboy.cpp:147:3: error: &#39;ADMUX&#39; was not declared in this scope
   ADMUX = adc_bits;
   ^~~~~
In file included from /home/ec2-user/arduino-testlib/cli-datadir/data/packages/arduino/tools/avr-gcc/7.3.0-atmel3.6.1-arduino5/avr/include/avr/io.h:99:0,
                 from /home/ec2-user/arduino-testlib/cli-datadir/data/packages/arduino/tools/avr-gcc/7.3.0-atmel3.6.1-arduino5/avr/include/avr/power.h:35,
                 from /home/ec2-user/arduino-testlib/cli-datadir/user/libraries/Arduboy/src/core/core.h:4,
                 from /home/ec2-user/arduino-testlib/cli-datadir/user/libraries/Arduboy/src/Arduboy.h:4,
                 from /home/ec2-user/arduino-testlib/cli-datadir/user/libraries/Arduboy/src/Arduboy.cpp:1:
/home/ec2-user/arduino-testlib/cli-datadir/user/libraries/Arduboy/src/Arduboy.h:33:23: error: &#39;REFS0&#39; was not declared in this scope
 #define ADC_TEMP (_BV(REFS0) | _BV(REFS1) | _BV(MUX2) | _BV(MUX1) | _BV(MUX0))
                       ^
/home/ec2-user/arduino-testlib/cli-datadir/user/libraries/Arduboy/src/Arduboy.cpp:149:19: note: in expansion of macro &#39;ADC_TEMP&#39;
   if (adc_bits == ADC_TEMP) {
                   ^~~~~~~~
/home/ec2-user/arduino-testlib/cli-datadir/user/libraries/Arduboy/src/Arduboy.h:33:23: note: suggested alternative: &#39;VREF_t&#39;
 #define ADC_TEMP (_BV(REFS0) | _BV(REFS1) | _BV(MUX2) | _BV(MUX1) | _BV(MUX0))
                       ^
/home/ec2-user/arduino-testlib/cli-datadir/user/libraries/Arduboy/src/Arduboy.cpp:149:19: note: in expansion of macro &#39;ADC_TEMP&#39;
   if (adc_bits == ADC_TEMP) {
                   ^~~~~~~~
/home/ec2-user/arduino-testlib/cli-datadir/user/libraries/Arduboy/src/Arduboy.h:33:36: error: &#39;REFS1&#39; was not declared in this scope
 #define ADC_TEMP (_BV(REFS0) | _BV(REFS1) | _BV(MUX2) | _BV(MUX1) | _BV(MUX0))
                                    ^
/home/ec2-user/arduino-testlib/cli-datadir/user/libraries/Arduboy/src/Arduboy.cpp:149:19: note: in expansion of macro &#39;ADC_TEMP&#39;
   if (adc_bits == ADC_TEMP) {
                   ^~~~~~~~
/home/ec2-user/arduino-testlib/cli-datadir/user/libraries/Arduboy/src/Arduboy.h:33:36: note: suggested alternative: &#39;VREF_t&#39;
 #define ADC_TEMP (_BV(REFS0) | _BV(REFS1) | _BV(MUX2) | _BV(MUX1) | _BV(MUX0))
                                    ^
/home/ec2-user/arduino-testlib/cli-datadir/user/libraries/Arduboy/src/Arduboy.cpp:149:19: note: in expansion of macro &#39;ADC_TEMP&#39;
   if (adc_bits == ADC_TEMP) {
                   ^~~~~~~~
/home/ec2-user/arduino-testlib/cli-datadir/user/libraries/Arduboy/src/Arduboy.h:33:49: error: &#39;MUX2&#39; was not declared in this scope
 #define ADC_TEMP (_BV(REFS0) | _BV(REFS1) | _BV(MUX2) | _BV(MUX1) | _BV(MUX0))
                                                 ^
/home/ec2-user/arduino-testlib/cli-datadir/user/libraries/Arduboy/src/Arduboy.cpp:149:19: note: in expansion of macro &#39;ADC_TEMP&#39;
   if (adc_bits == ADC_TEMP) {
                   ^~~~~~~~
/home/ec2-user/arduino-testlib/cli-datadir/user/libraries/Arduboy/src/Arduboy.h:33:61: error: &#39;MUX1&#39; was not declared in this scope
 #define ADC_TEMP (_BV(REFS0) | _BV(REFS1) | _BV(MUX2) | _BV(MUX1) | _BV(MUX0))
                                                             ^
/home/ec2-user/arduino-testlib/cli-datadir/user/libraries/Arduboy/src/Arduboy.cpp:149:19: note: in expansion of macro &#39;ADC_TEMP&#39;
   if (adc_bits == ADC_TEMP) {
                   ^~~~~~~~
/home/ec2-user/arduino-testlib/cli-datadir/user/libraries/Arduboy/src/Arduboy.h:33:73: error: &#39;MUX0&#39; was not declared in this scope
 #define ADC_TEMP (_BV(REFS0) | _BV(REFS1) | _BV(M</pre>
					
					<h4>examples/Sample5-Basic-Arduboy2</h4>
					<p>
						Result: <b>FAIL</b>
					</p>
					<pre class="pre-scrollable">WARNING: library Arduboy2 claims to run on avr architecture(s) and may be incompatible with your current board which runs on megaavr architecture(s).
/home/ec2-user/arduino-testlib/cli-datadir/user/libraries/Arduboy2/src/Arduboy2Beep.cpp: In static member function &#39;static void BeepPin1::begin()&#39;:
/home/ec2-user/arduino-testlib/cli-datadir/user/libraries/Arduboy2/src/Arduboy2Beep.cpp:18:3: error: &#39;TCCR3A&#39; was not declared in this scope
   TCCR3A = 0;
   ^~~~~~
/home/ec2-user/arduino-testlib/cli-datadir/user/libraries/Arduboy2/src/Arduboy2Beep.cpp:18:3: note: suggested alternative: &#39;TCB3&#39;
   TCCR3A = 0;
   ^~~~~~
   TCB3
/home/ec2-user/arduino-testlib/cli-uboy2/src/Arduboy2.h:10,
                 from /home/ec2-user/arduino-testlib/cli-datadir/user/libraries/Arduboy2/src/Arduboy2Audio.cpp:7:
/home/ec2-user/arduino-testlib/cli-datadir/user/libraries/Arduboy2/src/Arduboy2Audio.cpp: In static member function &#39;static void Arduboy2Audio::on()&#39;:
/home/ec2-user/arduino-testlib/cli-datadir/user/libraries/Arduboy2/src/Arduboy2Core.h:/home/ec2-user/arduino-testlib/cli-datadir/user/libraries/Arduboy2/src/Arduboy2.cpp:273:7: error: &#39;TXLED0&#39; was not declared in this scope
       TXLED0;
       ^~~~~~
arduino/hardware/megaavr/1.8.7/cores/arduino/api/Common.h:65:49: note: in definition of macro &#39;bitSet&#39;
 #define bitSet(value, bit) ((value) |= (1UL &lt;&lt; (bit)))
                                                 ^~~
/home/ec2-user/arduino-testlib/cli-datadir/user/libraries/Arduboy2/src/Arduboy2Audio.cpp:15:25: note: in expansion of macro &#39;SPEAKER_1_BIT&#39;
   bitSet(SPEAKER_1_DDR, SPEAKER_1_BIT);
                         ^~~~~~~~~~~~~
/home/ec2-user/arduino-testlib/cli-datadir/user/libraries/Arduboy2/src/Arduboy2Core.h:115:23: note: suggested alternative: &#39;PORTC&#39;
 #define SPEAKER_1_BIT PORTC6
                       ^
/home/ec2-user/arduino-testlib/cli-datadir/data/packages/arduino/hardware/megaavr/1.8.7/cores/arduino/api/Common.h:65:49: note: in definition of macro &#39;bitSet&#39;
 #define bitSet(value, bit) ((value) |= (1UL &lt;&lt; (bit)))
                                                 ^~~
/home/ec2-user/arduino-testlib/cli-datadir/user/libraries/Arduboy2/src/Arduboy2Audio.cpp:15:25: note: in expansion of macro &#39;SPEAKER_1_BIT&#39;
   bitSet(SPEAKER_1_DDR, SPEAKER_1_BIT);
                         ^~~~~~~~~~~~~
/home/ec2-user/arduino-testlib/cli-datadir/user/libraries/Arduboy2/src/Arduboy2Core.h:119:23: error: &#39;PORTC7&#39; was not declared in this scope
 #define SPEAKER_2_BIT PORTC7
                       ^
/home/ec2-user/arduino-testlib/cli-datadir/data/packages/arduino/hardware/megaavr/1.8.7/cores/arduino/api/Common.h:65:49: note: in definition of macro &#39;bitSet&#39;
 #define bitSet(value, bit) ((value) |= (1UL &lt;&lt; (bit)))
                                                 ^~~
/home/ec2-user/arduino-testlib/cli-datadir/user/libraries/Arduboy2/src/Arduboy2Audio.cpp:16:25: note: in expansion of macro &#39;SPEAKER_2_BIT&#39;
   bitSet(SPEAKER_2_DDR, SPEAKER_2_BIT);
                         ^~~~~~~~~~~~~
/home/ec2-user/arduino-testlib/cli-datadir/user/libraries/Arduboy2/src/Arduboy2Core.h:119:23: note: suggested alternative: &#39;PORTC&#39;
 #define SPEAKER_2_BIT PORTC7
                       ^
/home/ec2-user/arduino-testlib/cli-datadir/data/packages/arduino/hardware/megaavr/1.8.7/cores/arduino/api/Common.h:65:49: note: in definition of macro &#39;bitSet&#39;
 #define bitSet(value, bit) ((value) |= (1UL &lt;&lt; (bit)))
                                                 ^~~
/home/ec2-user/arduino-testlib/cli-datadir/user/libraries/Arduboy2/src/Arduboy2Audio.cpp:16:25: note: in expansion of macro &#39;SPEAKER_2_BIT&#39;
   bitSet(SPEAKER_2_DDR, SPEAKER_2_BIT);
                         ^~~~~~~~~~~~~
/home/ec2-user/arduino-testlib/cli-datadir/user/libraries/Arduboy2/src/Arduboy2Audio.cpp: In static member function &#39;static void Arduboy2Audio::off()&#39;:
/home/ec2-user/arduino-testlib/cli-datadir/user/libraries/Arduboy2/src/Arduboy2Core.h:115:23: error: &#39;PORTC6&#39; was not declared in this scope
 #define SPEAKER_1_BIT PORTC6
                       ^
/home/ec2-user/arduino-testlib/cli-datadir/data/packages/arduino/hardware/megaavr/1.8.7/cores/arduino/api/Common.h:66:52: note: in definition of macro &#39;bitClear&#39;
 #define bitClear(value, bit) ((value) &amp;= ~(1UL &lt;&lt; (bit)))
                                                    ^~~
/home/ec2-user/arduino-testlib/cli-datadir/user/libraries/Arduboy2/src/Arduboy2Audio.cpp:28:27: note: in expansion of macro &#39;SPEAKER_1_BIT&#39;
   bitClear(SPEAKER_1_DDR, SPEAKER_1_BIT);
                           ^~~~~~~~~~~~~
/home/ec2-user/arduino-testlib/cli-datadir/user/libraries/Arduboy2/src/Arduboy2Core.h:115:23: note: suggested alternative: &#39;PORTC&#39;
 #define SPEAKER_1_BIT PORTC6
                       ^
/home/ec2-user/arduino-testlib/cli-datadir/data/packages/arduino/hardware/megaavr/1.8.7/cores/arduino/api/Common.h:66:52: note: in definition of macro &#39;bitClear&#39;
 #define bitClear(value, bit) ((value) &amp;= ~(1UL &lt;&lt; (bit)))
                                                    ^~~
/home/ec2-user/arduino-testlib/cli-datadir/user/libraries/Arduboy2/src/Arduboy2Audio.cpp:28:27: note: in expansion of macro &#39;SPEAKER_1_BIT&#39;
   bitClear(SPEAKER_1_DDR, SPEAKER_1_BIT);
                           ^~~~~~~~~~~~~
/home/ec2-user/arduino-testlib/cli-datadir/user/libraries/Arduboy2/src/Arduboy2Core.h:119:23: error: &#39;PORTC7&#39; was not declared in this scope
 #define SPEAKER_2_BIT PORTC7
                       ^
/home/ec2-user/arduino-testlib/cli-datadir/data/packages/arduino/hardware/megaavr/1.8.7/cores/arduino/api/Common.h:66:52: note: in definition of macro &#39;bitClear&#39;
 #define bitClear(value, bit) ((value) &amp;= ~(1UL &lt;&lt; (bit)))
                                                    ^~~
/home/ec2-user/arduino-testlib/cli-datadir/user/libraries/Arduboy2/src/Arduboy2Audio.cpp:29:27: note: in expansion of macro &#39;SPEAKER_2_BIT&#39;
   bitClear(SPEAKER_2_DDR, SPEAKER_2_BIT);
              /home/ec2-user/arduino-test/home/ec2-user/arduino-testlib/cli-datadir/user/libraries/Arduboy2/src/Arduboy2Core.h:119:23: note: suggested alternative: &#39;PORTC&#39;
 #define SPEAKER_2_BIT PORTC7
                  In file included from /home/ec2-user/arduino-testlib/cli-datadir/data/packages/arduino/hardware/megaavr/1.8.7/cores/arduino/api/Interrupts.h:8:0,
                 from /home/ec2-user/arduino-testlib/cli-datadir/data/packages/arduino/hardware/megaavr/1.8.7/cores/arduino/api/ArduinoAPI.h:29,
                 from /home/ec2-user/arduino-testlib/cli-datadir/data/packages/arduino/hardware/megaavr/1.8.7/cores/arduino/Arduino.h:23,
                 from /home/ec2-user/arduino-testlib/cli-datadir/user/libraries/Arduboy2/src/Arduboy2Beep.cpp:7:
/home/ec2-user/arduino-testlib/cli-datadir/user/libraries/Arduboy2/src/Arduboy2Beep.cpp:55:16: error: &#39;CS43&#39; was not declared in this scope
   TCCR4B = bit(CS43); // divide by 128 clock prescale
                ^
/home/ec2-user/arduino-testlib/cli-datadir/data/packages/arduino/hardware/megaavr/1.8.7/cores/arduino/api/Common.h:71:25: note: in definition of macro &#39;bit&#39;
 #define bit(b) (1UL &lt;&lt; (b))
                         ^
/home/ec2-user/arduino-testlib/cli-datadir/user/libraries/Arduboy2/src/Arduboy2Beep.cpp:56:3: error: &#39;TCCR4D&#39; was not declared in this scope
   TCCR4D = 0; // normal mode
   ^~~~~~
_BIT PORTB4
                      ^
/home/ec2-user/arduino-testlib/cli-datadir/user/libraries/Arduboy2/src/Arduboy2Core.cpp:122:16: note: in expansion of macro &#39;B_BUTTON_BIT&#39;
            _/home/ec2-user/arduino-testlib/cli-datadir/user/libraries/Arduboy2/src/Arduboy2Beep.cpp:57:3: note: suggested alternative: &#39;TCA0&#39;
   TC4H = 0;  // toggle pin at count = 0
   ^~~~
   TCA0
/home/ec2-user/arduino-testlib/cli-datadir/user/libraries/Arduboy2/src/Arduboy2Beep.cpp:58:3: error: &#39;OCR4A&#39; was not declared in this scope
   OCR4A = 0; //  &#34;
   ^~~~~
/home/ec2-user/arduino-testlib/cli-datadir/user/libraries/Arduboy2/src/Arduboy2Beep.cpp: In static member function &#39;static void BeepPin2::tone(uint16_t, uint8_t)&#39;:
/home/ec2-user/arduino-testlib/cli-datadir/user/libraries/Arduboy2/src/Arduboy2Beep.cpp:69:3: error: &#39;TCCR4A&#39; was not declared in this scope
   TCCR4A = bit(COM4A0); // set toggle on compare mode (which connects the pin)
   ^~~~~~
In file included from /home/ec2-user/arduino-testlib/cli-datadir/data/packages/arduino/hardware/megaavr/1.8.7/cores/arduino/api/Interrupts.h:8:0,
                 from /home/ec2-user/arduino-testlib/cli-datadir/data/packages/arduino/hardware/megaavr/1.8.7/cores/arduino/api/ArduinoAPI.h:29,
                 from /home/ec2-user/arduino-testlib/cli-datadir/data/packages/arduino/hardware/megaavr/1.8.7/cores/arduino/Arduino.h:23,
                 from /home/ec2-user/arduino-testlib/cli-datadir/user/libraries/Arduboy2/src/Arduboy2Beep.cpp:7:
/home/ec2-user/arduino-testlib/cli-datadir/user/libraries/Arduboy2/src/Arduboy2Beep.cpp:69:16: error: &#39;COM4A0&#39; was not declared in this scope
   TCCR4A = bit(COM4A0); // set toggle on compare mode (which connects the pin)
                ^
/home/ec2-user/arduino-testlib/cli-datadir/data/packages/arduino/hardware/megaavr/1.8.7/cores/arduino/api/Common.h:71:25: note: in definition of macro &#39;bit&#39;
 #define bit(b) (1UL &lt;&lt; (b))
                         ^
/home/ec2-user/arduino-testlib/cli-datadir/user/libraries/Arduboy2/src/Arduboy2Beep.cpp:70:3: error: &#39;TC4H&#39; was not declared in this scope
   TC4H = highByte(count); // load the count (10 bits),
   ^~~~
/home/ec2-user/arduino-testlib/cli-datadir/user/libraries/Arduboy2/src/Arduboy2Beep.cpp:70:3: note: suggested alternative: &#39;TCA0&#39;
   TC4H = highByte(count); // load the count (10 bits),
   ^~~~
   TCA0
/home/ec2-user/arduino-testlib/cli-datadir/user/libraries/Arduboy2/src/Arduboy2Beep.cpp:71:3: error: &#39;OCR4C&#39; was not declared in this scope
   OCR4C = lowByte(count); //  which determines the frequency
   ^~~~~
/home/ec2-user/arduino-testlib/cli-datadir/user/libraries/Arduboy2/src/Arduboy2Beep.cpp: In static member function &#39;static void BeepPin2::timer()&#39;:
/home/ec2-user/arduino-testlib/cli-datadir/user/libraries/Arduboy2/sr</pre>
					
					<h4>examples/Sample6-Complex</h4>
					<p>
						Result: <b>FAIL</b>
					</p>
					<pre class="pre-scrollable">WARNING: library Arduboy claims to run on avr architecture(s) and may be incompatible with your current board which runs on megaavr architecture(s).
/home/ec2-user/arduino-testlib/cli-datadir/user/libraries/Arduboy/src/Arduboy.cpp: In member function &#39;void Arduboy::initRandomSeed()&#39;:
/home/ec2-user/arduino-testlib/cli-datadir/user/libraries/Arduboy/src/Arduboy.cpp:140:3: error: &#39;power_adc_enable&#39; was not declared in this scope
   power_adc_enable(); // ADC on
   ^~~~~~~~~~~~~~~~
/home/ec2-user/arduino-testlib/cli-datadir/user/libraries/Arduboy/src/Arduboy.cpp:140:3: note: suggested alternative: &#39;power_all_enable&#39;
   power_adc_enable(); // ADC on
   ^~~~~~~~~~~~~~~~
   power_all_enable
In file included from /home/ec2-user/arduino-testlib/cli-datadir/data/packages/arduino/tools/avr-gcc/7.3.0-atmel3.6.1-arduino5/avr/include/avr/io.h:99:0,
                 from /home/ec2-user/arduino-testlib/cli-datadir/data/packages/arduino/tools/avr-gcc/7.3.0-atmel3.6.1-arduino5/avr/include/avr/power.h:35,
                 from /home/ec2-user/arduino-testlib/cli-datadir/user/libraries/Arduboy/src/core/core.h:4,
                 from /home/ec2-user/arduino-testlib/cli-datadir/user/libraries/Arduboy/src/Arduboy.h:4,
                 from /home/ec2-user/arduino-testlib/cli-datadir/user/libraries/Arduboy/src/Arduboy.cpp:1:
/home/ec2-user/arduino-testlib/cli-datadir/user/libraries/Arduboy/src/Arduboy.h:33:23: error: &#39;REFS0&#39; was not declared in this scope
 #define ADC_TEMP (_BV(REFS0) | _BV(REFS1) | _BV(MUX2) | _BV(MUX1) | _BV(MUX0))
                       ^
/home/ec2-user/arduino-testlib/cli-datadir/user/libraries/Arduboy/src/Arduboy.cpp:141:22: note: in expansion of macro &#39;ADC_TEMP&#39;
   randomSeed(~rawADC(ADC_TEMP) * ~rawADC(ADC_VOLTAGE) * ~micros() &#43; micros());
                      ^~~~~~~~
/home/ec2-user/arduino-testlib/cli-datadir/user/libraries/Arduboy/src/Arduboy.h:33:23: note: suggested alternative: &#39;VREF_t&#39;
 #define ADC_TEMP (_BV(REFS0) | _BV(REFS1) | _BV(MUX2) | _BV(MUX1) | _BV(MUX0))
                       ^
/home/ec2-user/arduino-testlib/cli-datadir/user/libraries/Arduboy/src/Arduboy.cpp:141:22: note: in expansion of macro &#39;ADC_TEMP&#39;
   randomSeed(~rawADC(ADC_TEMP) * ~rawADC(ADC_VOLTAGE) * ~micros() &#43; micros());
                      ^~~~~~~~
/home/ec2-user/arduino-testlib/cli-datadir/user/libraries/Arduboy/src/Arduboy.h:33:36: error: &#39;REFS1&#39; was not declared in this scope
 #define ADC_TEMP (_BV(REFS0) | _BV(REFS1) | _BV(MUX2) | _BV(MUX1) | _BV(MUX0))
                                    ^
/home/ec2-user/arduino-testlib/cli-datadir/user/libraries/Arduboy/src/Arduboy.cpp:141:22: note: in expansion of macro &#39;ADC_TEMP&#39;
   randomSeed(~rawADC(ADC_TEMP) * ~rawADC(ADC_VOLTAGE) * ~micros() &#43; micros());
                      ^~~~~~~~
/home/ec2-user/arduino-testlib/cli-datadir/user/libraries/Arduboy/src/Arduboy.h:33:36: note: suggested alternative: &#39;VREF_t&#39;
 #define ADC_TEMP (_BV(REFS0) | _BV(REFS1) | _BV(MUX2) | _BV(MUX1) | _BV(MUX0))
                                    ^
/home/ec2-user/arduino-testlib/cli-datadir/user/libraries/Arduboy/src/Arduboy.cpp:141:22: note: in expansion of macro &#39;ADC_TEMP&#39;
   randomSeed(~rawADC(ADC_TEMP) * ~rawADC(ADC_VOLTAGE) * ~micros() &#43; micros());
                      ^~~~~~~~
/home/ec2-user/arduino-testlib/cli-datadir/user/libraries/Arduboy/src/Arduboy.h:33:49: error: &#39;MUX2&#39; was not declared in this scope
 #define ADC_TEMP (_BV(REFS0) | _BV(REFS1) | _BV(MUX2) | _BV(MUX1) | _BV(MUX0))
                                                 ^
/home/ec2-user/arduino-testlib/cli-datadir/user/libraries/Arduboy/src/Arduboy.cpp:141:22: note: in expansion of macro &#39;ADC_TEMP&#39;
   randomSeed(~rawADC(ADC_TEMP) * ~rawADC(ADC_VOLTAGE) * ~micros() &#43; micros());
                      ^~~~~~~~
/home/ec2-user/arduino-testlib/cli-datadir/user/libraries/Arduboy/src/Arduboy.h:33:61: error: &#39;MUX1&#39; was not declared in this scope
 #define ADC_TEMP (_BV(REFS0) | _BV(REFS1) | _BV(MUX2) | _BV(MUX1) | _BV(MUX0))
                                                             ^
/home/ec2-user/arduino-testlib/cli-datadir/user/libraries/Arduboy/src/Arduboy.cpp:141:22: note: in expansion of macro &#39;ADC_TEMP&#39;
   randomSeed(~rawADC(ADC_TEMP) * ~rawADC(ADC_VOLTAGE) * ~micros() &#43; micros());
                      ^~~~~~~~
/home/ec2-user/arduino-testlib/cli-datadir/user/libraries/Arduboy/src/Arduboy.h:33:73: error: &#39;MUX0&#39; was not declared in this scope
 #define ADC_TEMP (_BV(REFS0) | _BV(REFS1) | _BV(MUX2) | _BV(MUX1) | _BV(MUX0))
                                                                         ^
/home/ec2-user/arduino-testlib/cli-datadir/user/libraries/Arduboy/src/Arduboy.cpp:141:22: note: in expansion of macro &#39;ADC_TEMP&#39;
   randomSeed(~rawADC(ADC_TEMP) * ~rawADC(ADC_VOLTAGE) * ~micros() &#43; micros());
                      ^~~~~~~~
/home/ec2-user/arduino-testlib/cli-datadir/user/libraries/Arduboy/src/Arduboy.h:31:39: error: &#39;MUX4&#39; was not declared in this scope
 #define ADC_VOLTAGE (_BV(REFS0) | _BV(MUX4) | _BV(MUX3) | _BV(MUX2) | _BV(MUX1))
                                       ^
/home/ec2-user/arduino-testlib/cli-datadir/user/libraries/Arduboy/src/Arduboy.cpp:141:42: note: in expansion of macro &#39;ADC_VOLTAGE&#39;
   randomSeed(~rawADC(ADC_TEMP) * ~rawADC(ADC_VOLTAGE) * ~micros() &#43; micros());
                                          ^~~~~~~~~~~
/home/ec2-user/arduino-testlib/cli-datadir/user/libraries/Arduboy/src/Arduboy.h:31:51: error: &#39;MUX3&#39; was not declared in this scope
 #define ADC_VOLTAGE (_BV(REFS0) | _BV(MUX4) | _BV(MUX3) | _BV(MUX2) | _BV(MUX1))
                                                   ^
/home/ec2-user/arduino-testlib/cli-datadir/user/libraries/Arduboy/src/Arduboy.cpp:141:42: note: in expansion of macro &#39;ADC_VOLTAGE&#39;
   randomSeed(~rawADC(ADC_TEMP) * ~rawADC(ADC_VOLTAGE) * ~micros() &#43; micros());
                                          ^~~~~~~~~~~
/home/ec2-user/arduino-testlib/cli-datadir/user/libraries/Arduboy/src/Arduboy.cpp:142:3: error: &#39;power_adc_disable&#39; was not declared in this scope
   power_adc_disable(); // ADC off
   ^~~~~~~~~~~~~~~~~
/home/ec2-user/arduino-testlib/cli-datadir/user/libraries/Arduboy/src/Arduboy.cpp:142:3: note: suggested alternative: &#39;power_all_disable&#39;
   power_adc_disable(); // ADC off
   ^~~~~~~~~~~~~~~~~
   power_all_disable
/home/ec2-user/arduino-testlib/cli-datadir/user/libraries/Arduboy/src/Arduboy.cpp: In member function &#39;uint16_t Arduboy::rawADC(byte)&#39;:
/home/ec2-user/arduino-testlib/cli-datadir/user/libraries/Arduboy/src/Arduboy.cpp:147:3: error: &#39;ADMUX&#39; was not declared in this scope
   ADMUX = adc_bits;
   ^~~~~
In file included from /home/ec2-user/arduino-testlib/cli-datadir/data/packages/arduino/tools/avr-gcc/7.3.0-atmel3.6.1-arduino5/avr/include/avr/io.h:99:0,
                 from /home/ec2-user/arduino-testlib/cli-datadir/data/packages/arduino/tools/avr-gcc/7.3.0-atmel3.6.1-arduino5/avr/include/avr/power.h:35,
                 from /home/ec2-user/arduino-testlib/cli-datadir/user/libraries/Arduboy/src/core/core.h:4,
                 from /home/ec2-user/arduino-testlib/cli-datadir/user/libraries/Arduboy/src/Arduboy.h:4,
                 from /home/ec2-user/arduino-testlib/cli-datadir/user/libraries/Arduboy/src/Arduboy.cpp:1:
/home/ec2-user/arduino-testlib/cli-datadir/user/libraries/Arduboy/src/Arduboy.h:33:23: error: &#39;REFS0&#39; was not declared in this scope
 #define ADC_TEMP (_BV(REFS0) | _BV(REFS1) | _BV(MUX2) | _BV(MUX1) | _BV(MUX0))
                       ^
/home/ec2-user/arduino-testlib/cli-datadir/user/libraries/Arduboy/src/Arduboy.cpp:149:19: note: in expansion of macro &#39;ADC_TEMP&#39;
   if (adc_bits == ADC_TEMP) {
                   ^~~~~~~~
/home/ec2-user/arduino-testlib/cli-datadir/user/libraries/Arduboy/src/Arduboy.h:33:23: note: suggested alternative: &#39;VREF_t&#39;
 #define ADC_TEMP (_BV(REFS0) | _BV(REFS1) | _BV(MUX2) | _BV(MUX1) | _BV(MUX0))
                       ^
/home/ec2-user/arduino-testlib/cli-datadir/user/libraries/Arduboy/src/Arduboy.cpp:149:19: note: in expansion of macro &#39;ADC_TEMP&#39;
   if (adc_bits == ADC_TEMP) {
                   ^~~~~~~~
/home/ec2-user/arduino-testlib/cli-datadir/user/libraries/Arduboy/src/Arduboy.h:33:36: error: &#39;REFS1&#39; was not declared in this scope
 #define ADC_TEMP (_BV(REFS0) | _BV(REFS1) | _BV(MUX2) | _BV(MUX1) | _BV(MUX0))
                                    ^
/home/ec2-user/arduino-testlib/cli-datadir/user/libraries/Arduboy/src/Arduboy.cpp:149:19: note: in expansion of macro &#39;ADC_TEMP&#39;
   if (adc_bits == ADC_TEMP) {
                   ^~~~~~~~
/home/ec2-user/arduino-testlib/cli-datadir/user/libraries/Arduboy/src/Arduboy.h:33:36: note: suggested alternative: &#39;VREF_t&#39;
 #define ADC_TEMP (_BV(REFS0) | _BV(REFS1) | _BV(MUX2) | _BV(MUX1) | _BV(MUX0))
                                    ^
/home/ec2-user/arduino-testlib/cli-datadir/user/libraries/Arduboy/src/Arduboy.cpp:149:19: note: in expansion of macro &#39;ADC_TEMP&#39;
   if (adc_bits == ADC_TEMP) {
                   ^~~~~~~~
/home/ec2-user/arduino-testlib/cli-datadir/user/libraries/Arduboy/src/Arduboy.h:33:49: error: &#39;MUX2&#39; was not declared in this scope
 #define ADC_TEMP (_BV(REFS0) | _BV(REFS1) | _BV(MUX2) | _BV(MUX1) | _BV(MUX0))
                                                 ^
/home/ec2-user/arduino-testlib/cli-datadir/user/libraries/Arduboy/src/Arduboy.cpp:149:19: note: in expansion of macro &#39;ADC_TEMP&#39;
   if (adc_bits == ADC_TEMP) {
                   ^~~~~~~~
/home/ec2-user/arduino-testlib/cli-datadir/user/libraries/Arduboy/src/Arduboy.h:33:61: error: &#39;MUX1&#39; was not declared in this scope
 #define ADC_TEMP (_BV(REFS0) | _BV(REFS1) | _BV(MUX2) | _BV(MUX1) | _BV(MUX0))
                                                             ^
/home/ec2-user/arduino-testlib/cli-datadir/user/libraries/Arduboy/src/Arduboy.cpp:149:19: note: in expansion of macro &#39;ADC_TEMP&#39;
   if (adc_bits == ADC_TEMP) {
                   ^~~~~~~~
/home/ec2-user/arduino-testlib/cli-datadir/user/libraries/Arduboy/src/Arduboy.h:33:73: error: &#39;MUX0&#39; was not declared in this scope
 #define ADC_TEMP (_BV(REFS0) | _BV(REFS1) | _BV(M</pre>
					
				
				<h3 id="arduino:samd:mkrwifi1010">arduino:samd:mkrwifi1010 @ 1.8.12</h3>
				<h4>Inclusion</h4>
				<p>
					Result: <b>FAIL</b>
					
				</p>
				<pre class="pre-scrollable">In file included from /private/tmp/arduino-testlib708391820/test/test.ino:1:0:
/Users/alranel/Documents/git/arduino/arduino-testlib/cli-datadir/user/libraries/ArdBitmap/src/ArdBitmap.h: In member function &#39;void ArdBitmap&lt;SB_WIDTH, SB_HEIGHT&gt;::drawCompressed(int16_t, int16_t, const uint8_t*, uint8_t, uint8_t, uint8_t)&#39;:
/Users/alranel/Documents/git/arduino/arduino-testlib/cli-datadir/user/libraries/ArdBitmap/src/ArdBitmap.h:252:20: error: &#39;ARDBITMAP_SBUF&#39; was not declared in this scope
             data = ARDBITMAP_SBUF[(bRow * SB_WIDTH) &#43; sx &#43; iColMod];
                    ^~~~~~~~~~~~~~
/Users/alranel/Documents/git/arduino/arduino-testlib/cli-datadir/user/libraries/ArdBitmap/src/ArdBitmap.h:252:20: note: suggested alternative: &#39;ARDBITMAP_H&#39;
             data = ARDBITMAP_SBUF[(bRow * SB_WIDTH) &#43; sx &#43; iColMod];
                    ^~~~~~~~~~~~~~
                    ARDBITMAP_H
/Users/alranel/Documents/git/arduino/arduino-testlib/cli-datadir/user/libraries/ArdBitmap/src/ArdBitmap.h:263:20: error: &#39;ARDBITMAP_SBUF&#39; was not declared in this scope
             data = ARDBITMAP_SBUF[((bRow &#43; 1) * SB_WIDTH) &#43; sx &#43; iColMod];
                    ^~~~~~~~~~~~~~
/Users/alranel/Documents/git/arduino/arduino-testlib/cli-datadir/user/libraries/ArdBitmap/src/ArdBitmap.h:263:20: note: suggested alternative: &#39;ARDBITMAP_H&#39;
             data = ARDBITMAP_SBUF[((bRow &#43; 1) * SB_WIDTH) &#43; sx &#43; iColMod];
                    ^~~~~~~~~~~~~~
                    ARDBITMAP_H
/Users/alranel/Documents/git/arduino/arduino-testlib/cli-datadir/user/libraries/ArdBitmap/src/ArdBitmap.h: In member function &#39;void ArdBitmap&lt;SB_WIDTH, SB_HEIGHT&gt;::drawCompressedResized(int16_t, int16_t, const uint8_t*, uint8_t, uint8_t, uint8_t, float)&#39;:
/Users/alranel/Documents/git/arduino/arduino-testlib/cli-datadir/user/libraries/ArdBitmap/src/ArdBitmap.h:488:19: error: &#39;ARDBITMAP_SBUF&#39; was not declared in this scope
                   ARDBITMAP_SBUF[(row*SB_WIDTH) &#43; (uint8_t)iColMod] |=   BIT_SHIFT[((uint8_t)(y_LUT[aRow8&#43;s]&#43;sy) % 8)];
                   ^~~~~~~~~~~~~~
/Users/alranel/Documents/git/arduino/arduino-testlib/cli-datadir/user/libraries/ArdBitmap/src/ArdBitmap.h:488:19: note: suggested alternative: &#39;ARDBITMAP_H&#39;
                   ARDBITMAP_SBUF[(row*SB_WIDTH) &#43; (uint8_t)iColMod] |=   BIT_SHIFT[((uint8_t)(y_LUT[aRow8&#43;s]&#43;sy) % 8)];
                   ^~~~~~~~~~~~~~
                   ARDBITMAP_H
/Users/alranel/Documents/git/arduino/arduino-testlib/cli-datadir/user/libraries/ArdBitmap/src/ArdBitmap.h:490:19: error: &#39;ARDBITMAP_SBUF&#39; was not declared in this scope
                   ARDBITMAP_SBUF[(row*SB_WIDTH) &#43; (uint8_t)iColMod] &amp;= ~ BIT_SHIFT[((uint8_t)(y_LUT[aRow8&#43;s]&#43;sy) % 8)];
                   ^~~~~~~~~~~~~~
/Users/alranel/Documents/git/arduino/arduino-testlib/cli-datadir/user/libraries/ArdBitmap/src/ArdBitmap.h:490:19: note: suggested alternative: &#39;ARDBITMAP_H&#39;
                   ARDBITMAP_SBUF[(row*SB_WIDTH) &#43; (uint8_t)iColMod] &amp;= ~ BIT_SHIFT[((uint8_t)(y_LUT[aRow8&#43;s]&#43;sy) % 8)];
                   ^~~~~~~~~~~~~~
                   ARDBITMAP_H
/Users/alranel/Documents/git/arduino/arduino-testlib/cli-datadir/user/libraries/ArdBitmap/src/ArdBitmap.h: In member function &#39;void ArdBitmap&lt;SB_WIDTH, SB_HEIGHT&gt;::drawBitmap(int16_t, int16_t, const uint8_t*, uint8_t, uint8_t, uint8_t, uint8_t, uint8_t)&#39;:
/Users/alranel/Documents/git/arduino/arduino-testlib/cli-datadir/user/libraries/ArdBitmap/src/ArdBitmap.h:645:22: error: &#39;ARDBITMAP_SBUF&#39; was not declared in this scope
               data = ARDBITMAP_SBUF[ofs];
                      ^~~~~~~~~~~~~~
/Users/alranel/Documents/git/arduino/arduino-testlib/cli-datadir/user/libraries/ArdBitmap/src/ArdBitmap.h:645:22: note: suggested alternative: &#39;ARDBITMAP_H&#39;
               data = ARDBITMAP_SBUF[ofs];
                      ^~~~~~~~~~~~~~
                      ARDBITMAP_H
/Users/alranel/Documents/git/arduino/arduino-testlib/cli-datadir/user/libraries/ArdBitmap/src/ArdBitmap.h:655:22: error: &#39;ARDBITMAP_SBUF&#39; was not declared in this scope
               data = ARDBITMAP_SBUF[ofs &#43; SB_WIDTH];
                      ^~~~~~~~~~~~~~
/Users/alranel/Documents/git/arduino/arduino-testlib/cli-datadir/user/libraries/ArdBitmap/src/ArdBitmap.h:655:22: note: suggested alternative: &#39;ARDBITMAP_H&#39;
               data = ARDBITMAP_SBUF[ofs &#43; SB_WIDTH];
                      ^~~~~~~~~~~~~~
                      ARDBITMAP_H
/Users/alranel/Documents/git/arduino/arduino-testlib/cli-datadir/user/libraries/ArdBitmap/src/ArdBitmap.h: In member function &#39;void ArdBitmap&lt;SB_WIDTH, SB_HEIGHT&gt;::drawBitmapResized(int16_t, int16_t, const uint8_t*, uint8_t, uint8_t, uint8_t, uint8_t, uint8_t, float)&#39;:
/Users/alranel/Documents/git/arduino/arduino-testlib/cli-datadir/user/libraries/ArdBitmap/src/ArdBitmap.h:788:15: error: &#39;ARDBITMAP_SBUF&#39; was not declared in this scope
               ARDBITMAP_SBUF[(row*SB_WIDTH) &#43; (uint8_t)iColMod] |=   BIT_SHIFT[((uint8_t)(y_LUT[aRow8&#43;s]&#43;sy) % 8)];
               ^~~~~~~~~~~~~~
/Users/alranel/Documents/git/arduino/arduino-testlib/cli-datadir/user/libraries/ArdBitmap/src/ArdBitmap.h:788:15: note: suggested alternative: &#39;ARDBITMAP_H&#39;
               ARDBITMAP_SBUF[(row*SB_WIDTH) &#43; (uint8_t)iColMod] |=   BIT_SHIFT[((uint8_t)(y_LUT[aRow8&#43;s]&#43;sy) % 8)];
               ^~~~~~~~~~~~~~
               ARDBITMAP_H
/Users/alranel/Documents/git/arduino/arduino-testlib/cli-datadir/user/libraries/ArdBitmap/src/ArdBitmap.h:790:15: error: &#39;ARDBITMAP_SBUF&#39; was not declared in this scope
               ARDBITMAP_SBUF[(row*SB_WIDTH) &#43; (uint8_t)iColMod] &amp;= ~ BIT_SHIFT[((uint8_t)(y_LUT[aRow8&#43;s]&#43;sy) % 8)];
               ^~~~~~~~~~~~~~
/Users/alranel/Documents/git/arduino/arduino-testlib/cli-datadir/user/libraries/ArdBitmap/src/ArdBitmap.h:790:15: note: suggested alternative: &#39;ARDBITMAP_H&#39;
               ARDBITMAP_SBUF[(row*SB_WIDTH) &#43; (uint8_t)iColMod] &amp;= ~ BIT_SHIFT[((uint8_t)(y_LUT[aRow8&#43;s]&#43;sy) % 8)];
               ^~~~~~~~~~~~~~
               ARDBITMAP_H

</pre>

					
					<h4>examples/CompleteTest</h4>
					<p>
						Result: <b>FAIL</b>
					</p>
					<pre class="pre-scrollable">In file included from /Users/alranel/Documents/git/arduino/arduino-testlib/cli-datadir/user/libraries/Arduboy/src/Arduboy.h:4:0,
                 from /Users/alranel/Documents/git/arduino/arduino-testlib/cli-datadir/user/libraries/ArdBitmap/examples/CompleteTest/CompleteTest.ino:2:
/Users/alranel/Documents/git/arduino/arduino-testlib/cli-datadir/user/libraries/Arduboy/src/core/core.h:4:10: fatal error: avr/power.h: No such file or directory
 #include &lt;avr/power.h&gt;
          ^~~~~~~~~~~~~
compilation terminated.

</pre>
					
					<h4>examples/Sample1-Basic</h4>
					<p>
						Result: <b>FAIL</b>
					</p>
					<pre class="pre-scrollable">In file included from /Users/alranel/Documents/git/arduino/arduino-testlib/cli-datadir/user/libraries/Arduboy/src/Arduboy.h:4:0,
                 from /Users/alranel/Documents/git/arduino/arduino-testlib/cli-datadir/user/libraries/ArdBitmap/examples/Sample1-Basic/Sample1-Basic.ino:2:
/Users/alranel/Documents/git/arduino/arduino-testlib/cli-datadir/user/libraries/Arduboy/src/core/core.h:4:10: fatal error: avr/power.h: No such file or directory
 #include &lt;avr/power.h&gt;
          ^~~~~~~~~~~~~
compilation terminated.

</pre>
					
					<h4>examples/Sample2-Mirror</h4>
					<p>
						Result: <b>FAIL</b>
					</p>
					<pre class="pre-scrollable">In file included from /Users/alranel/Documents/git/arduino/arduino-testlib/cli-datadir/user/libraries/Arduboy/src/Arduboy.h:4:0,
                 from /Users/alranel/Documents/git/arduino/arduino-testlib/cli-datadir/user/libraries/ArdBitmap/examples/Sample2-Mirror/Sample2-Mirror.ino:2:
/Users/alranel/Documents/git/arduino/arduino-testlib/cli-datadir/user/libraries/Arduboy/src/core/core.h:4:10: fatal error: avr/power.h: No such file or directory
 #include &lt;avr/power.h&gt;
          ^~~~~~~~~~~~~
compilation terminated.

</pre>
					
					<h4>examples/Sample3-Resize</h4>
					<p>
						Result: <b>FAIL</b>
					</p>
					<pre class="pre-scrollable">In file included from /Users/alranel/Documents/git/arduino/arduino-testlib/cli-datadir/user/libraries/Arduboy/src/Arduboy.h:4:0,
                 from /Users/alranel/Documents/git/arduino/arduino-testlib/cli-datadir/user/libraries/ArdBitmap/examples/Sample3-Resize/Sample3-Resize.ino:2:
/Users/alranel/Documents/git/arduino/arduino-testlib/cli-datadir/user/libraries/Arduboy/src/core/core.h:4:10: fatal error: avr/power.h: No such file or directory
 #include &lt;avr/power.h&gt;
          ^~~~~~~~~~~~~
compilation terminated.

</pre>
					
					<h4>examples/Sample4-Animation</h4>
					<p>
						Result: <b>FAIL</b>
					</p>
					<pre class="pre-scrollable">In file included from /Users/alranel/Documents/git/arduino/arduino-testlib/cli-datadir/user/libraries/Arduboy/src/Arduboy.h:4:0,
                 from /Users/alranel/Documents/git/arduino/arduino-testlib/cli-datadir/user/libraries/ArdBitmap/examples/Sample4-Animation/Sample4-Animation.ino:2:
/Users/alranel/Documents/git/arduino/arduino-testlib/cli-datadir/user/libraries/Arduboy/src/core/core.h:4:10: fatal error: avr/power.h: No such file or directory
 #include &lt;avr/power.h&gt;
          ^~~~~~~~~~~~~
compilation terminated.

</pre>
					
					<h4>examples/Sample5-Basic-Arduboy2</h4>
					<p>
						Result: <b>FAIL</b>
					</p>
					<pre class="pre-scrollable">In file included from /Users/alranel/Documents/git/arduino/arduino-testlib/cli-datadir/user/libraries/Arduboy2/src/Arduboy2.h:11:0,
                 from /Users/alranel/Documents/git/arduino/arduino-testlib/cli-datadir/user/libraries/ArdBitmap/examples/Sample5-Basic-Arduboy2/Sample5-Basic-Arduboy2.ino:2:
/Users/alranel/Documents/git/arduino/arduino-testlib/cli-datadir/user/libraries/Hello_Drum/src/EEPROM.h:25:10: fatal error: avr/eeprom.h: No such file or directory
 #include &lt;avr/eeprom.h&gt;
          ^~~~~~~~~~~~~~
compilation terminated.
Multiple libraries were found for &#34;EEPROM.h&#34;
  Used: /Users/alranel/Documents/git/arduino/arduino-testlib/cli-datadir/user/libraries/Hello_Drum
  Not used: /Users/alranel/Documents/git/arduino/arduino-testlib/cli-datadir/user/libraries/arduino-NVM
</pre>
					
					<h4>examples/Sample6-Complex</h4>
					<p>
						Result: <b>FAIL</b>
					</p>
					<pre class="pre-scrollable">In file included from /Users/alranel/Documents/git/arduino/arduino-testlib/cli-datadir/user/libraries/Arduboy/src/Arduboy.h:4:0,
                 from /Users/alranel/Documents/git/arduino/arduino-testlib/cli-datadir/user/libraries/ArdBitmap/examples/Sample6-Complex/Sample6-Complex.ino:2:
/Users/alranel/Documents/git/arduino/arduino-testlib/cli-datadir/user/libraries/Arduboy/src/core/core.h:4:10: fatal error: avr/power.h: No such file or directory
 #include &lt;avr/power.h&gt;
          ^~~~~~~~~~~~~
compilation terminated.

</pre>
					
				
				<h3 id="esp32:esp32:d1_mini32">esp32:esp32:d1_mini32 @ 1.0.6</h3>
				<h4>Inclusion</h4>
				<p>
					Result: <b>FAIL</b>
					
				</p>
				<pre class="pre-scrollable">In file included from /tmp/arduino-testlib313605625/test/test.ino:1:0:
/home/ec2-user/arduino-testlib/cli-datadir/user/libraries/ArdBitmap/src/ArdBitmap.h: In member function &#39;void ArdBitmap&lt;SB_WIDTH, SB_HEIGHT&gt;::drawCompressed(int16_t, int16_t, const uint8_t*, uint8_t, uint8_t, uint8_t)&#39;:
/home/ec2-user/arduino-testlib/cli-datadir/user/libraries/ArdBitmap/src/ArdBitmap.h:157:27: error: invalid operands of types &#39;__gnu_cxx::__enable_if&lt;true, double&gt;::__type {aka double}&#39; and &#39;int&#39; to binary &#39;operator%&#39;
   int yOffset = abs(sy) % 8;
                           ^
/home/ec2-user/arduino-testlib/cli-datadir/user/libraries/ArdBitmap/src/ArdBitmap.h:252:20: error: &#39;ARDBITMAP_SBUF&#39; was not declared in this scope
             data = ARDBITMAP_SBUF[(bRow * SB_WIDTH) &#43; sx &#43; iColMod];
                    ^
/home/ec2-user/arduino-testlib/cli-datadir/user/libraries/ArdBitmap/src/ArdBitmap.h:263:20: error: &#39;ARDBITMAP_SBUF&#39; was not declared in this scope
             data = ARDBITMAP_SBUF[((bRow &#43; 1) * SB_WIDTH) &#43; sx &#43; iColMod];
                    ^
/home/ec2-user/arduino-testlib/cli-datadir/user/libraries/ArdBitmap/src/ArdBitmap.h: In member function &#39;void ArdBitmap&lt;SB_WIDTH, SB_HEIGHT&gt;::drawCompressedResized(int16_t, int16_t, const uint8_t*, uint8_t, uint8_t, uint8_t, float)&#39;:
/home/ec2-user/arduino-testlib/cli-datadir/user/libraries/ArdBitmap/src/ArdBitmap.h:368:27: error: invalid operands of types &#39;__gnu_cxx::__enable_if&lt;true, double&gt;::__type {aka double}&#39; and &#39;int&#39; to binary &#39;operator%&#39;
   int yOffset = abs(sy) % 8;
                           ^
/home/ec2-user/arduino-testlib/cli-datadir/user/libraries/ArdBitmap/src/ArdBitmap.h:488:19: error: &#39;ARDBITMAP_SBUF&#39; was not declared in this scope
                   ARDBITMAP_SBUF[(row*SB_WIDTH) &#43; (uint8_t)iColMod] |=   BIT_SHIFT[((uint8_t)(y_LUT[aRow8&#43;s]&#43;sy) % 8)];
                   ^
/home/ec2-user/arduino-testlib/cli-datadir/user/libraries/ArdBitmap/src/ArdBitmap.h:490:19: error: &#39;ARDBITMAP_SBUF&#39; was not declared in this scope
                   ARDBITMAP_SBUF[(row*SB_WIDTH) &#43; (uint8_t)iColMod] &amp;= ~ BIT_SHIFT[((uint8_t)(y_LUT[aRow8&#43;s]&#43;sy) % 8)];
                   ^
/home/ec2-user/arduino-testlib/cli-datadir/user/libraries/ArdBitmap/src/ArdBitmap.h: In member function &#39;void ArdBitmap&lt;SB_WIDTH, SB_HEIGHT&gt;::drawBitmap(int16_t, int16_t, const uint8_t*, uint8_t, uint8_t, uint8_t, uint8_t, uint8_t)&#39;:
/home/ec2-user/arduino-testlib/cli-datadir/user/libraries/ArdBitmap/src/ArdBitmap.h:556:29: error: invalid operands of types &#39;__gnu_cxx::__enable_if&lt;true, double&gt;::__type {aka double}&#39; and &#39;int&#39; to binary &#39;operator%&#39;
   int8_t yOffset = abs(y) % 8;
                             ^
/home/ec2-user/arduino-testlib/cli-datadir/user/libraries/ArdBitmap/src/ArdBitmap.h:645:22: error: &#39;ARDBITMAP_SBUF&#39; was not declared in this scope
               data = ARDBITMAP_SBUF[ofs];
                      ^
/home/ec2-user/arduino-testlib/cli-datadir/user/libraries/ArdBitmap/src/ArdBitmap.h:655:22: error: &#39;ARDBITMAP_SBUF&#39; was not declared in this scope
               data = ARDBITMAP_SBUF[ofs &#43; SB_WIDTH];
                      ^
/home/ec2-user/arduino-testlib/cli-datadir/user/libraries/ArdBitmap/src/ArdBitmap.h: In member function &#39;void ArdBitmap&lt;SB_WIDTH, SB_HEIGHT&gt;::drawBitmapResized(int16_t, int16_t, const uint8_t*, uint8_t, uint8_t, uint8_t, uint8_t, uint8_t, float)&#39;:
/home/ec2-user/arduino-testlib/cli-datadir/user/libraries/ArdBitmap/src/ArdBitmap.h:732:27: error: invalid operands of types &#39;__gnu_cxx::__enable_if&lt;true, double&gt;::__type {aka double}&#39; and &#39;int&#39; to binary &#39;operator%&#39;
   int yOffset = abs(sy) % 8;
                           ^
/home/ec2-user/arduino-testlib/cli-datadir/user/libraries/ArdBitmap/src/ArdBitmap.h:788:15: error: &#39;ARDBITMAP_SBUF&#39; was not declared in this scope
               ARDBITMAP_SBUF[(row*SB_WIDTH) &#43; (uint8_t)iColMod] |=   BIT_SHIFT[((uint8_t)(y_LUT[aRow8&#43;s]&#43;sy) % 8)];
               ^
/home/ec2-user/arduino-testlib/cli-datadir/user/libraries/ArdBitmap/src/ArdBitmap.h:790:15: error: &#39;ARDBITMAP_SBUF&#39; was not declared in this scope
               ARDBITMAP_SBUF[(row*SB_WIDTH) &#43; (uint8_t)iColMod] &amp;= ~ BIT_SHIFT[((uint8_t)(y_LUT[aRow8&#43;s]&#43;sy) % 8)];
               ^

</pre>

					
					<h4>examples/CompleteTest</h4>
					<p>
						Result: <b>FAIL</b>
					</p>
					<pre class="pre-scrollable">In file included from /home/ec2-user/arduino-testlib/cli-datadir/user/libraries/Arduboy/src/Arduboy.h:4:0,
                 from /home/ec2-user/arduino-testlib/cli-datadir/user/libraries/ArdBitmap/examples/CompleteTest/CompleteTest.ino:2:
/home/ec2-user/arduino-testlib/cli-datadir/user/libraries/Arduboy/src/core/core.h:4:23: fatal error: avr/power.h: No such file or directory
compilation terminated.

</pre>
					
					<h4>examples/Sample1-Basic</h4>
					<p>
						Result: <b>FAIL</b>
					</p>
					<pre class="pre-scrollable">In file included from /home/ec2-user/arduino-testlib/cli-datadir/user/libraries/Arduboy/src/Arduboy.h:4:0,
                 from /home/ec2-user/arduino-testlib/cli-datadir/user/libraries/ArdBitmap/examples/Sample1-Basic/Sample1-Basic.ino:2:
/home/ec2-user/arduino-testlib/cli-datadir/user/libraries/Arduboy/src/core/core.h:4:23: fatal error: avr/power.h: No such file or directory
compilation terminated.

</pre>
					
					<h4>examples/Sample2-Mirror</h4>
					<p>
						Result: <b>FAIL</b>
					</p>
					<pre class="pre-scrollable">In file included from /home/ec2-user/arduino-testlib/cli-datadir/user/libraries/Arduboy/src/Arduboy.h:4:0,
                 from /home/ec2-user/arduino-testlib/cli-datadir/user/libraries/ArdBitmap/examples/Sample2-Mirror/Sample2-Mirror.ino:2:
/home/ec2-user/arduino-testlib/cli-datadir/user/libraries/Arduboy/src/core/core.h:4:23: fatal error: avr/power.h: No such file or directory
compilation terminated.

</pre>
					
					<h4>examples/Sample3-Resize</h4>
					<p>
						Result: <b>FAIL</b>
					</p>
					<pre class="pre-scrollable">In file included from /home/ec2-user/arduino-testlib/cli-datadir/user/libraries/Arduboy/src/Arduboy.h:4:0,
                 from /home/ec2-user/arduino-testlib/cli-datadir/user/libraries/ArdBitmap/examples/Sample3-Resize/Sample3-Resize.ino:2:
/home/ec2-user/arduino-testlib/cli-datadir/user/libraries/Arduboy/src/core/core.h:4:23: fatal error: avr/power.h: No such file or directory
compilation terminated.

</pre>
					
					<h4>examples/Sample4-Animation</h4>
					<p>
						Result: <b>FAIL</b>
					</p>
					<pre class="pre-scrollable">In file included from /home/ec2-user/arduino-testlib/cli-datadir/user/libraries/Arduboy/src/Arduboy.h:4:0,
                 from /home/ec2-user/arduino-testlib/cli-datadir/user/libraries/ArdBitmap/examples/Sample4-Animation/Sample4-Animation.ino:2:
/home/ec2-user/arduino-testlib/cli-datadir/user/libraries/Arduboy/src/core/core.h:4:23: fatal error: avr/power.h: No such file or directory
compilation terminated.

</pre>
					
					<h4>examples/Sample5-Basic-Arduboy2</h4>
					<p>
						Result: <b>FAIL</b>
					</p>
					<pre class="pre-scrollable">In file included from /home/ec2-user/arduino-testlib/cli-datadir/user/libraries/Arduboy2/src/Arduboy2.h:12:0,
                 from /home/ec2-user/arduino-testlib/cli-datadir/user/libraries/ArdBitmap/examples/Sample5-Basic-Arduboy2/Sample5-Basic-Arduboy2.ino:2:
/home/ec2-user/arduino-testlib/cli-datadir/user/libraries/Arduboy2/src/Arduboy2Core.h:11:23: fatal error: avr/power.h: No such file or directory
compilation terminated.
Multiple libraries were found for &#34;EEPROM.h&#34;
  Used: /home/ec2-user/arduino-testlib/cli-datadir/data/packages/esp32/hardware/esp32/1.0.6/libraries/EEPROM
  Not used: /home/ec2-user/arduino-testlib/cli-datadir/user/libraries/Hello_Drum
  Not used: /home/ec2-user/arduino-testlib/cli-datadir/user/libraries/arduino-NVM
</pre>
					
					<h4>examples/Sample6-Complex</h4>
					<p>
						Result: <b>FAIL</b>
					</p>
					<pre class="pre-scrollable">In file included from /home/ec2-user/arduino-testlib/cli-datadir/user/libraries/Arduboy/src/Arduboy.h:4:0,
                 from /home/ec2-user/arduino-testlib/cli-datadir/user/libraries/ArdBitmap/examples/Sample6-Complex/Sample6-Complex.ino:2:
/home/ec2-user/arduino-testlib/cli-datadir/user/libraries/Arduboy/src/core/core.h:4:23: fatal error: avr/power.h: No such file or directory
compilation terminated.

</pre>
					
				
			</div>
		</div>
	</div>
  </body>
</html>
