
<!doctype html>
<html lang="en">
  <head>
    <meta charset="utf-8">
    <meta name="viewport" content="width=device-width, initial-scale=1">
    <link href="https://cdn.jsdelivr.net/npm/bootstrap@5.0.2/dist/css/bootstrap.min.css" rel="stylesheet" integrity="sha384-EVSTQN3/azprG1Anm3QDgpJLIm9Nao0Yz1ztcQTwFspd3yD65VohhpuuCOmLASjC" crossorigin="anonymous">
    <title>arduino-testlib report</title>
	<style>
	.pass { background-color: #00FF00 !important; }
	.fail { background-color: #FF0000 !important; }
	</style>
  </head>
  <body>
	<div class="container">
		<div class="row">
			<div class="col">
				<h1>ArduinoUnit - compatibility matrix</h1>
				<p>
					<small>This report was generated on Monday, 21-Feb-22 12:00:25 CET using 
					<a href="https://github.com/alranel/arduino-testlib">arduino-testlib</a>.</small>
				</p>

				<h2>ArduinoUnit</h2>
				<p>
					Version: <b>3.0.4</b>
					<br />
					<a href="https://www.arduino.cc/reference/en/libraries/arduinounit/">More details</a>
				</p>

				<h2>Compatibility matrix</h2>
				<table class="table table-bordered">
					<tr>
						<th>Board</th>
						<th>Claims compatibility</th>
						<th>Inclusion</th>
						
						<th><pre>digital_pin_test</pre></th>
						
						<th><pre>filter</pre></th>
						
						<th><pre>message</pre></th>
						
						<th><pre>mockstream</pre></th>
						
						<th><pre>verbosity</pre></th>
						
						<th><pre>vitro</pre></th>
						
						<th><pre>advanced</pre></th>
						
						<th><pre>basic</pre></th>
						
					</tr>
					
					<tr>
						<td>
							<a href="#arduino%3aavr%3auno"><b>arduino:avr:uno</b></a>
							<br />
							<small>1.8.4</small>
						</td>

						
							<td>Yes</td>
							<td class="pass">PASS</td>
						
						
						
						

						
							
								
									
										
									
										
									
										
											<td class="pass">PASS</td>
											
										
									
										
									
										
									
										
									
										
									
										
									
								
							
								
							
								
							
								
							
								
							
						
							
								
									
										
									
										
									
										
									
										
											<td class="pass">PASS</td>
											
										
									
										
									
										
									
										
									
										
									
								
							
								
							
								
							
								
							
								
							
						
							
								
									
										
									
										
									
										
									
										
									
										
											<td class="pass">PASS</td>
											
										
									
										
									
										
									
										
									
								
							
								
							
								
							
								
							
								
							
						
							
								
									
										
									
										
									
										
									
										
									
										
									
										
											<td class="pass">PASS</td>
											
										
									
										
									
										
									
								
							
								
							
								
							
								
							
								
							
						
							
								
									
										
									
										
									
										
									
										
									
										
									
										
									
										
											
											<td class="fail">FAIL</td>
										
									
										
									
								
							
								
							
								
							
								
							
								
							
						
							
								
									
										
									
										
									
										
									
										
									
										
									
										
									
										
									
										
											<td class="pass">PASS</td>
											
										
									
								
							
								
							
								
							
								
							
								
							
						
							
								
									
										
											<td class="pass">PASS</td>
											
										
									
										
									
										
									
										
									
										
									
										
									
										
									
										
									
								
							
								
							
								
							
								
							
								
							
						
							
								
									
										
									
										
											<td class="pass">PASS</td>
											
										
									
										
									
										
									
										
									
										
									
										
									
										
									
								
							
								
							
								
							
								
							
								
							
						
					</tr>
					
					<tr>
						<td>
							<a href="#arduino%3ambed_nano%3ananorp2040connect"><b>arduino:mbed_nano:nanorp2040connect</b></a>
							<br />
							<small>2.7.2</small>
						</td>

						
						
						
							<td>Yes ⚠️</td>
							<td class="fail">FAIL</td>
						
						

						
							
								
							
								
									
										
									
										
									
										
											
											<td class="fail">FAIL</td>
										
									
										
									
										
									
										
									
										
									
										
									
								
							
								
							
								
							
								
							
						
							
								
							
								
									
										
									
										
									
										
									
										
											
											<td class="fail">FAIL</td>
										
									
										
									
										
									
										
									
										
									
								
							
								
							
								
							
								
							
						
							
								
							
								
									
										
									
										
									
										
									
										
									
										
											
											<td class="fail">FAIL</td>
										
									
										
									
										
									
										
									
								
							
								
							
								
							
								
							
						
							
								
							
								
									
										
									
										
									
										
									
										
									
										
									
										
											
											<td class="fail">FAIL</td>
										
									
										
									
										
									
								
							
								
							
								
							
								
							
						
							
								
							
								
									
										
									
										
									
										
									
										
									
										
									
										
									
										
											
											<td class="fail">FAIL</td>
										
									
										
									
								
							
								
							
								
							
								
							
						
							
								
							
								
									
										
									
										
									
										
									
										
									
										
									
										
									
										
									
										
											
											<td class="fail">FAIL</td>
										
									
								
							
								
							
								
							
								
							
						
							
								
							
								
									
										
											
											<td class="fail">FAIL</td>
										
									
										
									
										
									
										
									
										
									
										
									
										
									
										
									
								
							
								
							
								
							
								
							
						
							
								
							
								
									
										
									
										
											
											<td class="fail">FAIL</td>
										
									
										
									
										
									
										
									
										
									
										
									
										
									
								
							
								
							
								
							
								
							
						
					</tr>
					
					<tr>
						<td>
							<a href="#arduino%3amegaavr%3anona4809"><b>arduino:megaavr:nona4809</b></a>
							<br />
							<small>1.8.7</small>
						</td>

						
						
						
							<td>Yes ⚠️</td>
							<td class="fail">FAIL</td>
						
						

						
							
								
							
								
							
								
									
										
									
										
									
										
											
											<td class="fail">FAIL</td>
										
									
										
									
										
									
										
									
										
									
										
									
								
							
								
							
								
							
						
							
								
							
								
							
								
									
										
									
										
									
										
									
										
											
											<td class="fail">FAIL</td>
										
									
										
									
										
									
										
									
										
									
								
							
								
							
								
							
						
							
								
							
								
							
								
									
										
									
										
									
										
									
										
									
										
											
											<td class="fail">FAIL</td>
										
									
										
									
										
									
										
									
								
							
								
							
								
							
						
							
								
							
								
							
								
									
										
									
										
									
										
									
										
									
										
									
										
											
											<td class="fail">FAIL</td>
										
									
										
									
										
									
								
							
								
							
								
							
						
							
								
							
								
							
								
									
										
									
										
									
										
									
										
									
										
									
										
									
										
											
											<td class="fail">FAIL</td>
										
									
										
									
								
							
								
							
								
							
						
							
								
							
								
							
								
									
										
									
										
									
										
									
										
									
										
									
										
									
										
									
										
											
											<td class="fail">FAIL</td>
										
									
								
							
								
							
								
							
						
							
								
							
								
							
								
									
										
											
											<td class="fail">FAIL</td>
										
									
										
									
										
									
										
									
										
									
										
									
										
									
										
									
								
							
								
							
								
							
						
							
								
							
								
							
								
									
										
									
										
											
											<td class="fail">FAIL</td>
										
									
										
									
										
									
										
									
										
									
										
									
										
									
								
							
								
							
								
							
						
					</tr>
					
					<tr>
						<td>
							<a href="#arduino%3asamd%3amkrwifi1010"><b>arduino:samd:mkrwifi1010</b></a>
							<br />
							<small>1.8.12</small>
						</td>

						
						
						
							<td>Yes ⚠️</td>
							<td class="fail">FAIL</td>
						
						

						
							
								
							
								
							
								
							
								
									
										
									
										
									
										
											
											<td class="fail">FAIL</td>
										
									
										
									
										
									
										
									
										
									
										
									
								
							
								
							
						
							
								
							
								
							
								
							
								
									
										
									
										
									
										
									
										
											
											<td class="fail">FAIL</td>
										
									
										
									
										
									
										
									
										
									
								
							
								
							
						
							
								
							
								
							
								
							
								
									
										
									
										
									
										
									
										
									
										
											
											<td class="fail">FAIL</td>
										
									
										
									
										
									
										
									
								
							
								
							
						
							
								
							
								
							
								
							
								
									
										
									
										
									
										
									
										
									
										
									
										
											
											<td class="fail">FAIL</td>
										
									
										
									
										
									
								
							
								
							
						
							
								
							
								
							
								
							
								
									
										
									
										
									
										
									
										
									
										
									
										
									
										
											
											<td class="fail">FAIL</td>
										
									
										
									
								
							
								
							
						
							
								
							
								
							
								
							
								
									
										
									
										
									
										
									
										
									
										
									
										
									
										
									
										
											
											<td class="fail">FAIL</td>
										
									
								
							
								
							
						
							
								
							
								
							
								
							
								
									
										
											
											<td class="fail">FAIL</td>
										
									
										
									
										
									
										
									
										
									
										
									
										
									
										
									
								
							
								
							
						
							
								
							
								
							
								
							
								
									
										
									
										
											
											<td class="fail">FAIL</td>
										
									
										
									
										
									
										
									
										
									
										
									
										
									
								
							
								
							
						
					</tr>
					
					<tr>
						<td>
							<a href="#esp32%3aesp32%3ad1_mini32"><b>esp32:esp32:d1_mini32</b></a>
							<br />
							<small>1.0.6</small>
						</td>

						
							<td>Yes</td>
							<td class="pass">PASS</td>
						
						
						
						

						
							
								
							
								
							
								
							
								
							
								
									
										
									
										
									
										
											<td class="pass">PASS</td>
											
										
									
										
									
										
									
										
									
										
									
										
									
								
							
						
							
								
							
								
							
								
							
								
							
								
									
										
									
										
									
										
									
										
											<td class="pass">PASS</td>
											
										
									
										
									
										
									
										
									
										
									
								
							
						
							
								
							
								
							
								
							
								
							
								
									
										
									
										
									
										
									
										
									
										
											<td class="pass">PASS</td>
											
										
									
										
									
										
									
										
									
								
							
						
							
								
							
								
							
								
							
								
							
								
									
										
									
										
									
										
									
										
									
										
									
										
											<td class="pass">PASS</td>
											
										
									
										
									
										
									
								
							
						
							
								
							
								
							
								
							
								
							
								
									
										
									
										
									
										
									
										
									
										
									
										
									
										
											
											<td class="fail">FAIL</td>
										
									
										
									
								
							
						
							
								
							
								
							
								
							
								
							
								
									
										
									
										
									
										
									
										
									
										
									
										
									
										
									
										
											<td class="pass">PASS</td>
											
										
									
								
							
						
							
								
							
								
							
								
							
								
							
								
									
										
											<td class="pass">PASS</td>
											
										
									
										
									
										
									
										
									
										
									
										
									
										
									
										
									
								
							
						
							
								
							
								
							
								
							
								
							
								
									
										
									
										
											<td class="pass">PASS</td>
											
										
									
										
									
										
									
										
									
										
									
										
									
										
									
								
							
						
					</tr>
					
				</table>

				<h2>Compilation logs</h2>
				
				<h3 id="arduino:avr:uno">arduino:avr:uno @ 1.8.4</h3>
				<h4>Inclusion</h4>
				<p>
					Result: <b>PASS</b>
					
				</p>
				<pre class="pre-scrollable">Sketch uses 1332 bytes (4%) of program storage space. Maximum is 32256 bytes.
Global variables use 184 bytes (8%) of dynamic memory, leaving 1864 bytes for local variables. Maximum is 2048 bytes.
</pre>

					
					<h4>examples/advanced</h4>
					<p>
						Result: <b>PASS</b>
					</p>
					<pre class="pre-scrollable">Sketch uses 7376 bytes (22%) of program storage space. Maximum is 32256 bytes.
Global variables use 483 bytes (23%) of dynamic memory, leaving 1565 bytes for local variables. Maximum is 2048 bytes.
</pre>
					
					<h4>examples/basic</h4>
					<p>
						Result: <b>PASS</b>
					</p>
					<pre class="pre-scrollable">Sketch uses 4770 bytes (14%) of program storage space. Maximum is 32256 bytes.
Global variables use 278 bytes (13%) of dynamic memory, leaving 1770 bytes for local variables. Maximum is 2048 bytes.
</pre>
					
					<h4>examples/digital_pin_test</h4>
					<p>
						Result: <b>PASS</b>
					</p>
					<pre class="pre-scrollable">Sketch uses 5464 bytes (16%) of program storage space. Maximum is 32256 bytes.
Global variables use 392 bytes (19%) of dynamic memory, leaving 1656 bytes for local variables. Maximum is 2048 bytes.
</pre>
					
					<h4>examples/filter</h4>
					<p>
						Result: <b>PASS</b>
					</p>
					<pre class="pre-scrollable">Sketch uses 5250 bytes (16%) of program storage space. Maximum is 32256 bytes.
Global variables use 388 bytes (18%) of dynamic memory, leaving 1660 bytes for local variables. Maximum is 2048 bytes.
</pre>
					
					<h4>examples/message</h4>
					<p>
						Result: <b>PASS</b>
					</p>
					<pre class="pre-scrollable">Sketch uses 5392 bytes (16%) of program storage space. Maximum is 32256 bytes.
Global variables use 311 bytes (15%) of dynamic memory, leaving 1737 bytes for local variables. Maximum is 2048 bytes.
</pre>
					
					<h4>examples/mockstream</h4>
					<p>
						Result: <b>PASS</b>
					</p>
					<pre class="pre-scrollable">Sketch uses 8376 bytes (25%) of program storage space. Maximum is 32256 bytes.
Global variables use 449 bytes (21%) of dynamic memory, leaving 1599 bytes for local variables. Maximum is 2048 bytes.
</pre>
					
					<h4>examples/verbosity</h4>
					<p>
						Result: <b>FAIL</b>
					</p>
					<pre class="pre-scrollable">/Users/alranel/Documents/git/arduino/arduino-testlib/cli-datadir/user/libraries/ArduinoUnit/examples/verbosity/main.cpp:20:10: fatal error: verbosity.ino: No such file or directory
 #include &#34;verbosity.ino&#34;
          ^~~~~~~~~~~~~~~
compilation terminated.

</pre>
					
					<h4>examples/vitro</h4>
					<p>
						Result: <b>PASS</b>
					</p>
					<pre class="pre-scrollable">Sketch uses 4770 bytes (14%) of program storage space. Maximum is 32256 bytes.
Global variables use 278 bytes (13%) of dynamic memory, leaving 1770 bytes for local variables. Maximum is 2048 bytes.
</pre>
					
				
				<h3 id="arduino:mbed_nano:nanorp2040connect">arduino:mbed_nano:nanorp2040connect @ 2.7.2</h3>
				<h4>Inclusion</h4>
				<p>
					Result: <b>FAIL</b>
					
				</p>
				<pre class="pre-scrollable">
</pre>

					
					<h4>examples/advanced</h4>
					<p>
						Result: <b>FAIL</b>
					</p>
					<pre class="pre-scrollable">
</pre>
					
					<h4>examples/basic</h4>
					<p>
						Result: <b>FAIL</b>
					</p>
					<pre class="pre-scrollable">
</pre>
					
					<h4>examples/digital_pin_test</h4>
					<p>
						Result: <b>FAIL</b>
					</p>
					<pre class="pre-scrollable">
</pre>
					
					<h4>examples/filter</h4>
					<p>
						Result: <b>FAIL</b>
					</p>
					<pre class="pre-scrollable">
</pre>
					
					<h4>examples/message</h4>
					<p>
						Result: <b>FAIL</b>
					</p>
					<pre class="pre-scrollable">
</pre>
					
					<h4>examples/mockstream</h4>
					<p>
						Result: <b>FAIL</b>
					</p>
					<pre class="pre-scrollable">
</pre>
					
					<h4>examples/verbosity</h4>
					<p>
						Result: <b>FAIL</b>
					</p>
					<pre class="pre-scrollable">/home/ec2-user/arduino-testlib/cli-datadir/user/libraries/ArduinoUnit/examples/verbosity/main.cpp:20:10: fatal error: verbosity.ino: No such file or directory
 #include &#34;verbosity.ino&#34;
          ^~~~~~~~~~~~~~~
compilation terminated.

</pre>
					
					<h4>examples/vitro</h4>
					<p>
						Result: <b>FAIL</b>
					</p>
					<pre class="pre-scrollable">
</pre>
					
				
				<h3 id="arduino:megaavr:nona4809">arduino:megaavr:nona4809 @ 1.8.7</h3>
				<h4>Inclusion</h4>
				<p>
					Result: <b>FAIL</b>
					
				</p>
				<pre class="pre-scrollable">In file included from /home/ec2-user/arduino-testlib/cli-datadir/user/libraries/ArduinoUnit/src/ArduinoUnitUtility/ArduinoUnitMock.h:15:0,
                 from /home/ec2-user/arduino-testlib/cli-datadir/user/libraries/ArduinoUnit/src/ArduinoUnitMock.h:4,
                 from /home/ec2-user/arduino-testlib/cli-datadir/user/libraries/ArduinoUnit/src/ArduinoUnit.h:9,
                 from /tmp/arduino-testlib2398790281/test/test.ino:1:
/home/ec2-user/arduino-testlib/cli-datadir/user/libraries/ArduinoUnit/src/ArduinoUnitUtility/ArduinoUnitMockPrint.h:111:19: error: reference to &#39;__FlashStringHelper&#39; is ambiguous
   MockPrint(const __FlashStringHelper *_initial);
                   ^~~~~~~~~~~~~~~~~~~
In file included from /home/ec2-user/arduino-testlib/cli-datadir/user/libraries/ArduinoUnit/src/ArduinoUnitUtility/ArduinoUnitMock.h:11:0,
                 from /home/ec2-user/arduino-testlib/cli-datadir/user/libraries/ArduinoUnit/src/ArduinoUnitMock.h:4,
                 from /home/ec2-user/arduino-testlib/cli-datadir/user/libraries/ArduinoUnit/src/ArduinoUnit.h:9,
                 from /tmp/arduino-testlib2398790281/test/test.ino:1:
/home/ec2-user/arduino-testlib/cli-datadir/user/libraries/ArduinoUnit/src/ArduinoUnitUtility/Flash.h:44:7: note: candidates are: class __FlashStringHelper
 class __FlashStringHelper;
       ^~~~~~~~~~~~~~~~~~~
In file included from /home/ec2-user/arduino-testlib/cli-datadir/data/packages/arduino/hardware/megaavr/1.8.7/cores/arduino/api/IPAddress.h:24:0,
                 from /home/ec2-user/arduino-testlib/cli-datadir/data/packages/arduino/hardware/megaavr/1.8.7/cores/arduino/api/ArduinoAPI.h:30,
                 from /home/ec2-user/arduino-testlib/cli-datadir/data/packages/arduino/hardware/megaavr/1.8.7/cores/arduino/Arduino.h:23,
                 from /tmp/arduino-sketch-56188D9E9123C67C920219AE422E6C75/sketch/test.ino.cpp:1:
/home/ec2-user/arduino-testlib/cli-datadir/data/packages/arduino/hardware/megaavr/1.8.7/cores/arduino/api/String.h:44:7: note:                 class arduino::__FlashStringHelper
 class __FlashStringHelper;
       ^~~~~~~~~~~~~~~~~~~
In file included from /home/ec2-user/arduino-testlib/cli-datadir/user/libraries/ArduinoUnit/src/ArduinoUnitUtility/ArduinoUnitMockPrint.h:119:0,
                 from /home/ec2-user/arduino-testlib/cli-datadir/user/libraries/ArduinoUnit/src/ArduinoUnitUtility/ArduinoUnitMock.h:15,
                 from /home/ec2-user/arduino-testlib/cli-datadir/user/libraries/ArduinoUnit/src/ArduinoUnitMock.h:4,
                 from /home/ec2-user/arduino-testlib/cli-datadir/user/libraries/ArduinoUnit/src/ArduinoUnit.h:9,
                 from /tmp/arduino-testlib2398790281/test/test.ino:1:
/home/ec2-user/arduino-testlib/cli-datadir/user/libraries/ArduinoUnit/src/ArduinoUnitUtility/ArduinoUnitWiden.h:20:61: error: template argument 1 is invalid
 template&lt; &gt; struct ArduinoUnitWiden &lt; __FlashStringHelper * &gt; { typedef ArduinoUnitString type; };
                                                             ^
In file included from /home/ec2-user/arduino-testlib/cli-datadir/user/libraries/ArduinoUnit/src/ArduinoUnitUtility/ArduinoUnitMock.h:16:0,
                 from /home/ec2-user/arduino-testlib/cli-datadir/user/libraries/ArduinoUnit/src/ArduinoUnitMock.h:4,
                 from /home/ec2-user/arduino-testlib/cli-datadir/user/libraries/ArduinoUnit/src/ArduinoUnit.h:9,
                 from /tmp/arduino-testlib2398790281/test/test.ino:1:
/home/ec2-user/arduino-testlib/cli-datadir/user/libraries/ArduinoUnit/src/ArduinoUnitUtility/ArduinoUnitMockStream.h:81:20: error: reference to &#39;__FlashStringHelper&#39; is ambiguous
   MockStream(const __FlashStringHelper *_input);
                    ^~~~~~~~~~~~~~~~~~~
In file included from /home/ec2-user/arduino-testlib/cli-datadir/user/libraries/ArduinoUnit/src/ArduinoUnitUtility/ArduinoUnitMock.h:11:0,
                 from /home/ec2-user/arduino-testlib/cli-datadir/user/libraries/ArduinoUnit/src/ArduinoUnitMock.h:4,
                 from /home/ec2-user/arduino-testlib/cli-datadir/user/libraries/ArduinoUnit/src/ArduinoUnit.h:9,
                 from /tmp/arduino-testlib2398790281/test/test.ino:1:
/home/ec2-user/arduino-testlib/cli-datadir/user/libraries/ArduinoUnit/src/ArduinoUnitUtility/Flash.h:44:7: note: candidates are: class __FlashStringHelper
 class __FlashStringHelper;
       ^~~~~~~~~~~~~~~~~~~
In file included from /home/ec2-user/arduino-testlib/cli-datadir/data/packages/arduino/hardware/megaavr/1.8.7/cores/arduino/api/IPAddress.h:24:0,
                 from /home/ec2-user/arduino-testlib/cli-datadir/data/packages/arduino/hardware/megaavr/1.8.7/cores/arduino/api/ArduinoAPI.h:30,
                 from /home/ec2-user/arduino-testlib/cli-datadir/data/packages/arduino/hardware/megaavr/1.8.7/cores/arduino/Arduino.h:23,
                 from /tmp/arduino-sketch-56188D9E9123C67C920219AE422E6C75/sketch/test.ino.cpp:1:
/home/ec2-user/arduino-testlib/cli-datadir/data/packages/arduino/hardware/megaavr/1.8.7/cores/arduino/api/String.h:44:7: note:                 class arduino::__FlashStringHelper
 class __FlashStringHelper;
       ^~~~~~~~~~~~~~~~~~~
In file included from /home/ec2-user/arduino-testlib/cli-datadir/user/libraries/ArduinoUnit/src/ArduinoUnit.h:14:0,
                 from /tmp/arduino-testlib2398790281/test/test.ino:1:
/home/ec2-user/arduino-testlib/cli-datadir/user/libraries/ArduinoUnit/src/ArduinoUnitUtility/ArduinoUnitString.h:29:27: error: reference to &#39;__FlashStringHelper&#39; is ambiguous
   ArduinoUnitString(const __FlashStringHelper *_data);
                           ^~~~~~~~~~~~~~~~~~~
In file included from /home/ec2-user/arduino-testlib/cli-datadir/user/libraries/ArduinoUnit/src/ArduinoUnitUtility/ArduinoUnitMock.h:11:0,
                 from /home/ec2-user/arduino-testlib/cli-datadir/user/libraries/ArduinoUnit/src/ArduinoUnitMock.h:4,
                 from /home/ec2-user/arduino-testlib/cli-datadir/user/libraries/ArduinoUnit/src/ArduinoUnit.h:9,
                 from /tmp/arduino-testlib2398790281/test/test.ino:1:
/home/ec2-user/arduino-testlib/cli-datadir/user/libraries/ArduinoUnit/src/ArduinoUnitUtility/Flash.h:44:7: note: candidates are: class __FlashStringHelper
 class __FlashStringHelper;
       ^~~~~~~~~~~~~~~~~~~
In file included from /home/ec2-user/arduino-testlib/cli-datadir/data/packages/arduino/hardware/megaavr/1.8.7/cores/arduino/api/IPAddress.h:24:0,
                 from /home/ec2-user/arduino-testlib/cli-datadir/data/packages/arduino/hardware/megaavr/1.8.7/cores/arduino/api/ArduinoAPI.h:30,
                 from /home/ec2-user/arduino-testlib/cli-datadir/data/packages/arduino/hardware/megaavr/1.8.7/cores/arduino/Arduino.h:23,
                 from /tmp/arduino-sketch-56188D9E9123C67C920219AE422E6C75/sketch/test.ino.cpp:1:
/home/ec2-user/arduino-testlib/cli-datadir/data/packages/arduino/hardware/megaavr/1.8.7/cores/arduino/api/String.h:44:7: note:                 class arduino::__FlashStringHelper
 class __FlashStringHelper;
       ^~~~~~~~~~~~~~~~~~~
In file included from /tmp/arduino-testlib2398790281/test/test.ino:1:0:
/home/ec2-user/arduino-testlib/cli-datadir/user/libraries/ArduinoUnit/src/ArduinoUnit.h:483:14: error: reference to &#39;__FlashStringHelper&#39; is ambiguous
   Test(const __FlashStringHelper *_name, uint8_t _verbosity = TEST_VERBOSITY_TESTS_ALL|TEST_VERBOSITY_ASSERTIONS_FAILED);
              ^~~~~~~~~~~~~~~~~~~
In file included from /home/ec2-user/arduino-testlib/cli-datadir/user/libraries/ArduinoUnit/src/ArduinoUnitUtility/ArduinoUnitMock.h:11:0,
                 from /home/ec2-user/arduino-testlib/cli-datadir/user/libraries/ArduinoUnit/src/ArduinoUnitMock.h:4,
                 from /home/ec2-user/arduino-testlib/cli-datadir/user/libraries/ArduinoUnit/src/ArduinoUnit.h:9,
                 from /tmp/arduino-testlib2398790281/test/test.ino:1:
/home/ec2-user/arduino-testlib/cli-datadir/user/libraries/ArduinoUnit/src/ArduinoUnitUtility/Flash.h:44:7: note: candidates are: class __FlashStringHelper
 class __FlashStringHelper;
       ^~~~~~~~~~~~~~~~~~~
In file included from /home/ec2-user/arduino-testlib/cli-datadir/data/packages/arduino/hardware/megaavr/1.8.7/cores/arduino/api/IPAddress.h:24:0,
                 from /home/ec2-user/arduino-testlib/cli-datadir/data/packages/arduino/hardware/megaavr/1.8.7/cores/arduino/api/ArduinoAPI.h:30,
                 from /home/ec2-user/arduino-testlib/cli-datadir/data/packages/arduino/hardware/megaavr/1.8.7/cores/arduino/Arduino.h:23,
                 from /tmp/arduino-sketch-56188D9E9123C67C920219AE422E6C75/sketch/test.ino.cpp:1:
/home/ec2-user/arduino-testlib/cli-datadir/data/packages/arduino/hardware/megaavr/1.8.7/cores/arduino/api/String.h:44:7: note:                 class arduino::__FlashStringHelper
 class __FlashStringHelper;
       ^~~~~~~~~~~~~~~~~~~
In file included from /home/ec2-user/arduino-testlib/cli-datadir/user/libraries/ArduinoUnit/src/ArduinoUnitUtility/ArduinoUnitMock.h:11:0,
                 from /home/ec2-user/arduino-testlib/cli-datadir/user/libraries/ArduinoUnit/src/ArduinoUnitMock.h:4,
                 from /home/ec2-user/arduino-testlib/cli-datadir/user/libraries/ArduinoUnit/src/ArduinoUnit.h:9,
                 from /tmp/arduino-testlib2398790281/test/test.ino:1:
/home/ec2-user/arduino-testlib/cli-datadir/user/libraries/ArduinoUnit/src/ArduinoUnitUtility/Flash.h:29:47: error: reference to &#39;__FlashStringHelper&#39; is ambiguous
 #    define ARDUINO_UNIT_DECLARE_STRING const __FlashStringHelper *
                                               ^
/home/ec2-user/arduino-testlib/cli-datadir/user/libraries/ArduinoUnit/src/ArduinoUnit.h:495:27: note: in expansion of macro &#39;ARDUINO_UNIT_DECLARE_STRING&#39;
     static bool assertion(ARDUINO_UNIT_DECLARE_STRING file, uint16_t line, ARDUINO_UNIT_DECLARE_STRING lhss, const A&amp; lhs, ARDUINO_UNIT_DECLARE_STRING ops, bool (*op)(const A&amp; lhs, const B&amp; rhs), ARDUINO_UNIT_DECLARE_STRING rhss, const B&amp; rhs, const F &amp;onMessage) {
                           ^~~~~~~~~~~~~~~~~~~~~~~~~~~
/home/</pre>

					
					<h4>examples/advanced</h4>
					<p>
						Result: <b>FAIL</b>
					</p>
					<pre class="pre-scrollable">In file included from /home/ec2-user/arduino-testlib/cli-datadir/user/libraries/ArduinoUnit/src/ArduinoUnitUtility/ArduinoUnitMock.h:15:0,
                 from /home/ec2-user/arduino-testlib/cli-datadir/user/libraries/ArduinoUnit/src/ArduinoUnitMock.h:4,
                 from /home/ec2-user/arduino-testlib/cli-datadir/user/libraries/ArduinoUnit/src/ArduinoUnit.h:9,
                 from advanced.ino:2:
/home/ec2-user/arduino-testlib/cli-datadir/user/libraries/ArduinoUnit/src/ArduinoUnitUtility/ArduinoUnitMockPrint.h:111:19: error: reference to &#39;__FlashStringHelper&#39; is ambiguous
   MockPrint(const __FlashStringHelper *_initial);
                   ^~~~~~~~~~~~~~~~~~~
In file included from /home/ec2-user/arduino-testlib/cli-datadir/user/libraries/ArduinoUnit/src/ArduinoUnitUtility/ArduinoUnitMock.h:11:0,
                 from /home/ec2-user/arduino-testlib/cli-datadir/user/libraries/ArduinoUnit/src/ArduinoUnitMock.h:4,
                 from /home/ec2-user/arduino-testlib/cli-datadir/user/libraries/ArduinoUnit/src/ArduinoUnit.h:9,
                 from advanced.ino:2:
/home/ec2-user/arduino-testlib/cli-datadir/user/libraries/ArduinoUnit/src/ArduinoUnitUtility/Flash.h:44:7: note: candidates are: class __FlashStringHelper
 class __FlashStringHelper;
       ^~~~~~~~~~~~~~~~~~~
In file included from /home/ec2-user/arduino-testlib/cli-datadir/data/packages/arduino/hardware/megaavr/1.8.7/cores/arduino/api/IPAddress.h:24:0,
                 from /home/ec2-user/arduino-testlib/cli-datadir/data/packages/arduino/hardware/megaavr/1.8.7/cores/arduino/api/ArduinoAPI.h:30,
                 from /home/ec2-user/arduino-testlib/cli-datadir/data/packages/arduino/hardware/megaavr/1.8.7/cores/arduino/Arduino.h:23,
                 from /tmp/arduino-sketch-54400E30E69B74070563F7DB9CB6E1DC/sketch/advanced.ino.cpp:1:
/home/ec2-user/arduino-testlib/cli-datadir/data/packages/arduino/hardware/megaavr/1.8.7/cores/arduino/api/String.h:44:7: note:                 class arduino::__FlashStringHelper
 class __FlashStringHelper;
       ^~~~~~~~~~~~~~~~~~~
In file included from /home/ec2-user/arduino-testlib/cli-datadir/user/libraries/ArduinoUnit/src/ArduinoUnitUtility/ArduinoUnitMockPrint.h:119:0,
                 from /home/ec2-user/arduino-testlib/cli-datadir/user/libraries/ArduinoUnit/src/ArduinoUnitUtility/ArduinoUnitMock.h:15,
                 from /home/ec2-user/arduino-testlib/cli-datadir/user/libraries/ArduinoUnit/src/ArduinoUnitMock.h:4,
                 from /home/ec2-user/arduino-testlib/cli-datadir/user/libraries/ArduinoUnit/src/ArduinoUnit.h:9,
                 from advanced.ino:2:
/home/ec2-user/arduino-testlib/cli-datadir/user/libraries/ArduinoUnit/src/ArduinoUnitUtility/ArduinoUnitWiden.h:20:61: error: template argument 1 is invalid
 template&lt; &gt; struct ArduinoUnitWiden &lt; __FlashStringHelper * &gt; { typedef ArduinoUnitString type; };
                                                             ^
In file included from /home/ec2-user/arduino-testlib/cli-datadir/user/libraries/ArduinoUnit/src/ArduinoUnitUtility/ArduinoUnitMock.h:16:0,
                 from /home/ec2-user/arduino-testlib/cli-datadir/user/libraries/ArduinoUnit/src/ArduinoUnitMock.h:4,
                 from /home/ec2-user/arduino-testlib/cli-datadir/user/libraries/ArduinoUnit/src/ArduinoUnit.h:9,
                 from advanced.ino:2:
/home/ec2-user/arduino-testlib/cli-datadir/user/libraries/ArduinoUnit/src/ArduinoUnitUtility/ArduinoUnitMockStream.h:81:20: error: reference to &#39;__FlashStringHelper&#39; is ambiguous
   MockStream(const __FlashStringHelper *_input);
                    ^~~~~~~~~~~~~~~~~~~
In file included from /home/ec2-user/arduino-testlib/cli-datadir/user/libraries/ArduinoUnit/src/ArduinoUnitUtility/ArduinoUnitMock.h:11:0,
                 from /home/ec2-user/arduino-testlib/cli-datadir/user/libraries/ArduinoUnit/src/ArduinoUnitMock.h:4,
                 from /home/ec2-user/arduino-testlib/cli-datadir/user/libraries/ArduinoUnit/src/ArduinoUnit.h:9,
                 from advanced.ino:2:
/home/ec2-user/arduino-testlib/cli-datadir/user/libraries/ArduinoUnit/src/ArduinoUnitUtility/Flash.h:44:7: note: candidates are: class __FlashStringHelper
 class __FlashStringHelper;
       ^~~~~~~~~~~~~~~~~~~
In file included from /home/ec2-user/arduino-testlib/cli-datadir/data/packages/arduino/hardware/megaavr/1.8.7/cores/arduino/api/IPAddress.h:24:0,
                 from /home/ec2-user/arduino-testlib/cli-datadir/data/packages/arduino/hardware/megaavr/1.8.7/cores/arduino/api/ArduinoAPI.h:30,
                 from /home/ec2-user/arduino-testlib/cli-datadir/data/packages/arduino/hardware/megaavr/1.8.7/cores/arduino/Arduino.h:23,
                 from /tmp/arduino-sketch-54400E30E69B74070563F7DB9CB6E1DC/sketch/advanced.ino.cpp:1:
/home/ec2-user/arduino-testlib/cli-datadir/data/packages/arduino/hardware/megaavr/1.8.7/cores/arduino/api/String.h:44:7: note:                 class arduino::__FlashStringHelper
 class __FlashStringHelper;
       ^~~~~~~~~~~~~~~~~~~
In file included from /home/ec2-user/arduino-testlib/cli-datadir/user/libraries/ArduinoUnit/src/ArduinoUnit.h:14:0,
                 from advanced.ino:2:
/home/ec2-user/arduino-testlib/cli-datadir/user/libraries/ArduinoUnit/src/ArduinoUnitUtility/ArduinoUnitString.h:29:27: error: reference to &#39;__FlashStringHelper&#39; is ambiguous
   ArduinoUnitString(const __FlashStringHelper *_data);
                           ^~~~~~~~~~~~~~~~~~~
In file included from /home/ec2-user/arduino-testlib/cli-datadir/user/libraries/ArduinoUnit/src/ArduinoUnitUtility/ArduinoUnitMock.h:11:0,
                 from /home/ec2-user/arduino-testlib/cli-datadir/user/libraries/ArduinoUnit/src/ArduinoUnitMock.h:4,
                 from /home/ec2-user/arduino-testlib/cli-datadir/user/libraries/ArduinoUnit/src/ArduinoUnit.h:9,
                 from advanced.ino:2:
/home/ec2-user/arduino-testlib/cli-datadir/user/libraries/ArduinoUnit/src/ArduinoUnitUtility/Flash.h:44:7: note: candidates are: class __FlashStringHelper
 class __FlashStringHelper;
       ^~~~~~~~~~~~~~~~~~~
In file included from /home/ec2-user/arduino-testlib/cli-datadir/data/packages/arduino/hardware/megaavr/1.8.7/cores/arduino/api/IPAddress.h:24:0,
                 from /home/ec2-user/arduino-testlib/cli-datadir/data/packages/arduino/hardware/megaavr/1.8.7/cores/arduino/api/ArduinoAPI.h:30,
                 from /home/ec2-user/arduino-testlib/cli-datadir/data/packages/arduino/hardware/megaavr/1.8.7/cores/arduino/Arduino.h:23,
                 from /tmp/arduino-sketch-54400E30E69B74070563F7DB9CB6E1DC/sketch/advanced.ino.cpp:1:
/home/ec2-user/arduino-testlib/cli-datadir/data/packages/arduino/hardware/megaavr/1.8.7/cores/arduino/api/String.h:44:7: note:                 class arduino::__FlashStringHelper
 class __FlashStringHelper;
       ^~~~~~~~~~~~~~~~~~~
In file included from advanced.ino:2:0:
/home/ec2-user/arduino-testlib/cli-datadir/user/libraries/ArduinoUnit/src/ArduinoUnit.h:483:14: error: reference to &#39;__FlashStringHelper&#39; is ambiguous
   Test(const __FlashStringHelper *_name, uint8_t _verbosity = TEST_VERBOSITY_TESTS_ALL|TEST_VERBOSITY_ASSERTIONS_FAILED);
              ^~~~~~~~~~~~~~~~~~~
In file included from /home/ec2-user/arduino-testlib/cli-datadir/user/libraries/ArduinoUnit/src/ArduinoUnitUtility/ArduinoUnitMock.h:11:0,
                 from /home/ec2-user/arduino-testlib/cli-datadir/user/libraries/ArduinoUnit/src/ArduinoUnitMock.h:4,
                 from /home/ec2-user/arduino-testlib/cli-datadir/user/libraries/ArduinoUnit/src/ArduinoUnit.h:9,
                 from advanced.ino:2:
/home/ec2-user/arduino-testlib/cli-datadir/user/libraries/ArduinoUnit/src/ArduinoUnitUtility/Flash.h:44:7: note: candidates are: class __FlashStringHelper
 class __FlashStringHelper;
       ^~~~~~~~~~~~~~~~~~~
In file included from /home/ec2-user/arduino-testlib/cli-datadir/data/packages/arduino/hardware/megaavr/1.8.7/cores/arduino/api/IPAddress.h:24:0,
                 from /home/ec2-user/arduino-testlib/cli-datadir/data/packages/arduino/hardware/megaavr/1.8.7/cores/arduino/api/ArduinoAPI.h:30,
                 from /home/ec2-user/arduino-testlib/cli-datadir/data/packages/arduino/hardware/megaavr/1.8.7/cores/arduino/Arduino.h:23,
                 from /tmp/arduino-sketch-54400E30E69B74070563F7DB9CB6E1DC/sketch/advanced.ino.cpp:1:
/home/ec2-user/arduino-testlib/cli-datadir/data/packages/arduino/hardware/megaavr/1.8.7/cores/arduino/api/String.h:44:7: note:                 class arduino::__FlashStringHelper
 class __FlashStringHelper;
       ^~~~~~~~~~~~~~~~~~~
In file included from /home/ec2-user/arduino-testlib/cli-datadir/user/libraries/ArduinoUnit/src/ArduinoUnitUtility/ArduinoUnitMock.h:11:0,
                 from /home/ec2-user/arduino-testlib/cli-datadir/user/libraries/ArduinoUnit/src/ArduinoUnitMock.h:4,
                 from /home/ec2-user/arduino-testlib/cli-datadir/user/libraries/ArduinoUnit/src/ArduinoUnit.h:9,
                 from advanced.ino:2:
/home/ec2-user/arduino-testlib/cli-datadir/user/libraries/ArduinoUnit/src/ArduinoUnitUtility/Flash.h:29:47: error: reference to &#39;__FlashStringHelper&#39; is ambiguous
 #    define ARDUINO_UNIT_DECLARE_STRING const __FlashStringHelper *
                                               ^
/home/ec2-user/arduino-testlib/cli-datadir/user/libraries/ArduinoUnit/src/ArduinoUnit.h:495:27: note: in expansion of macro &#39;ARDUINO_UNIT_DECLARE_STRING&#39;
     static bool assertion(ARDUINO_UNIT_DECLARE_STRING file, uint16_t line, ARDUINO_UNIT_DECLARE_STRING lhss, const A&amp; lhs, ARDUINO_UNIT_DECLARE_STRING ops, bool (*op)(const A&amp; lhs, const B&amp; rhs), ARDUINO_UNIT_DECLARE_STRING rhss, const B&amp; rhs, const F &amp;onMessage) {
                           ^~~~~~~~~~~~~~~~~~~~~~~~~~~
/home/ec2-user/arduino-testlib/cli-datadir/user/libraries/ArduinoUnit/src/ArduinoUnitUtility/Flash.h:44:7: note: candidates are: class __FlashStringHelper
 class __FlashStringHelper;
       ^~~~~~~~~~~~~~~~~~~
In file included from /home/ec2-user/arduino-testlib/cli-datadir/data/packages/arduino/hardware/mega</pre>
					
					<h4>examples/basic</h4>
					<p>
						Result: <b>FAIL</b>
					</p>
					<pre class="pre-scrollable">In file included from /home/ec2-user/arduino-testlib/cli-datadir/user/libraries/ArduinoUnit/src/ArduinoUnitUtility/ArduinoUnitMock.h:15:0,
                 from /home/ec2-user/arduino-testlib/cli-datadir/user/libraries/ArduinoUnit/src/ArduinoUnitMock.h:4,
                 from /home/ec2-user/arduino-testlib/cli-datadir/user/libraries/ArduinoUnit/src/ArduinoUnit.h:9,
                 from basic.ino:2:
/home/ec2-user/arduino-testlib/cli-datadir/user/libraries/ArduinoUnit/src/ArduinoUnitUtility/ArduinoUnitMockPrint.h:111:19: error: reference to &#39;__FlashStringHelper&#39; is ambiguous
   MockPrint(const __FlashStringHelper *_initial);
                   ^~~~~~~~~~~~~~~~~~~
In file included from /home/ec2-user/arduino-testlib/cli-datadir/user/libraries/ArduinoUnit/src/ArduinoUnitUtility/ArduinoUnitMock.h:11:0,
                 from /home/ec2-user/arduino-testlib/cli-datadir/user/libraries/ArduinoUnit/src/ArduinoUnitMock.h:4,
                 from /home/ec2-user/arduino-testlib/cli-datadir/user/libraries/ArduinoUnit/src/ArduinoUnit.h:9,
                 from basic.ino:2:
/home/ec2-user/arduino-testlib/cli-datadir/user/libraries/ArduinoUnit/src/ArduinoUnitUtility/Flash.h:44:7: note: candidates are: class __FlashStringHelper
 class __FlashStringHelper;
       ^~~~~~~~~~~~~~~~~~~
In file included from /home/ec2-user/arduino-testlib/cli-datadir/data/packages/arduino/hardware/megaavr/1.8.7/cores/arduino/api/IPAddress.h:24:0,
                 from /home/ec2-user/arduino-testlib/cli-datadir/data/packages/arduino/hardware/megaavr/1.8.7/cores/arduino/api/ArduinoAPI.h:30,
                 from /home/ec2-user/arduino-testlib/cli-datadir/data/packages/arduino/hardware/megaavr/1.8.7/cores/arduino/Arduino.h:23,
                 from /tmp/arduino-sketch-2EF22FB84A2E3052B53D803AC2A92787/sketch/basic.ino.cpp:1:
/home/ec2-user/arduino-testlib/cli-datadir/data/packages/arduino/hardware/megaavr/1.8.7/cores/arduino/api/String.h:44:7: note:                 class arduino::__FlashStringHelper
 class __FlashStringHelper;
       ^~~~~~~~~~~~~~~~~~~
In file included from /home/ec2-user/arduino-testlib/cli-datadir/user/libraries/ArduinoUnit/src/ArduinoUnitUtility/ArduinoUnitMockPrint.h:119:0,
                 from /home/ec2-user/arduino-testlib/cli-datadir/user/libraries/ArduinoUnit/src/ArduinoUnitUtility/ArduinoUnitMock.h:15,
                 from /home/ec2-user/arduino-testlib/cli-datadir/user/libraries/ArduinoUnit/src/ArduinoUnitMock.h:4,
                 from /home/ec2-user/arduino-testlib/cli-datadir/user/libraries/ArduinoUnit/src/ArduinoUnit.h:9,
                 from basic.ino:2:
/home/ec2-user/arduino-testlib/cli-datadir/user/libraries/ArduinoUnit/src/ArduinoUnitUtility/ArduinoUnitWiden.h:20:61: error: template argument 1 is invalid
 template&lt; &gt; struct ArduinoUnitWiden &lt; __FlashStringHelper * &gt; { typedef ArduinoUnitString type; };
                                                             ^
In file included from /home/ec2-user/arduino-testlib/cli-datadir/user/libraries/ArduinoUnit/src/ArduinoUnitUtility/ArduinoUnitMock.h:16:0,
                 from /home/ec2-user/arduino-testlib/cli-datadir/user/libraries/ArduinoUnit/src/ArduinoUnitMock.h:4,
                 from /home/ec2-user/arduino-testlib/cli-datadir/user/libraries/ArduinoUnit/src/ArduinoUnit.h:9,
                 from basic.ino:2:
/home/ec2-user/arduino-testlib/cli-datadir/user/libraries/ArduinoUnit/src/ArduinoUnitUtility/ArduinoUnitMockStream.h:81:20: error: reference to &#39;__FlashStringHelper&#39; is ambiguous
   MockStream(const __FlashStringHelper *_input);
                    ^~~~~~~~~~~~~~~~~~~
In file included from /home/ec2-user/arduino-testlib/cli-datadir/user/libraries/ArduinoUnit/src/ArduinoUnitUtility/ArduinoUnitMock.h:11:0,
                 from /home/ec2-user/arduino-testlib/cli-datadir/user/libraries/ArduinoUnit/src/ArduinoUnitMock.h:4,
                 from /home/ec2-user/arduino-testlib/cli-datadir/user/libraries/ArduinoUnit/src/ArduinoUnit.h:9,
                 from basic.ino:2:
/home/ec2-user/arduino-testlib/cli-datadir/user/libraries/ArduinoUnit/src/ArduinoUnitUtility/Flash.h:44:7: note: candidates are: class __FlashStringHelper
 class __FlashStringHelper;
       ^~~~~~~~~~~~~~~~~~~
In file included from /home/ec2-user/arduino-testlib/cli-datadir/data/packages/arduino/hardware/megaavr/1.8.7/cores/arduino/api/IPAddress.h:24:0,
                 from /home/ec2-user/arduino-testlib/cli-datadir/data/packages/arduino/hardware/megaavr/1.8.7/cores/arduino/api/ArduinoAPI.h:30,
                 from /home/ec2-user/arduino-testlib/cli-datadir/data/packages/arduino/hardware/megaavr/1.8.7/cores/arduino/Arduino.h:23,
                 from /tmp/arduino-sketch-2EF22FB84A2E3052B53D803AC2A92787/sketch/basic.ino.cpp:1:
/home/ec2-user/arduino-testlib/cli-datadir/data/packages/arduino/hardware/megaavr/1.8.7/cores/arduino/api/String.h:44:7: note:                 class arduino::__FlashStringHelper
 class __FlashStringHelper;
       ^~~~~~~~~~~~~~~~~~~
In file included from /home/ec2-user/arduino-testlib/cli-datadir/user/libraries/ArduinoUnit/src/ArduinoUnit.h:14:0,
                 from basic.ino:2:
/home/ec2-user/arduino-testlib/cli-datadir/user/libraries/ArduinoUnit/src/ArduinoUnitUtility/ArduinoUnitString.h:29:27: error: reference to &#39;__FlashStringHelper&#39; is ambiguous
   ArduinoUnitString(const __FlashStringHelper *_data);
                           ^~~~~~~~~~~~~~~~~~~
In file included from /home/ec2-user/arduino-testlib/cli-datadir/user/libraries/ArduinoUnit/src/ArduinoUnitUtility/ArduinoUnitMock.h:11:0,
                 from /home/ec2-user/arduino-testlib/cli-datadir/user/libraries/ArduinoUnit/src/ArduinoUnitMock.h:4,
                 from /home/ec2-user/arduino-testlib/cli-datadir/user/libraries/ArduinoUnit/src/ArduinoUnit.h:9,
                 from basic.ino:2:
/home/ec2-user/arduino-testlib/cli-datadir/user/libraries/ArduinoUnit/src/ArduinoUnitUtility/Flash.h:44:7: note: candidates are: class __FlashStringHelper
 class __FlashStringHelper;
       ^~~~~~~~~~~~~~~~~~~
In file included from /home/ec2-user/arduino-testlib/cli-datadir/data/packages/arduino/hardware/megaavr/1.8.7/cores/arduino/api/IPAddress.h:24:0,
                 from /home/ec2-user/arduino-testlib/cli-datadir/data/packages/arduino/hardware/megaavr/1.8.7/cores/arduino/api/ArduinoAPI.h:30,
                 from /home/ec2-user/arduino-testlib/cli-datadir/data/packages/arduino/hardware/megaavr/1.8.7/cores/arduino/Arduino.h:23,
                 from /tmp/arduino-sketch-2EF22FB84A2E3052B53D803AC2A92787/sketch/basic.ino.cpp:1:
/home/ec2-user/arduino-testlib/cli-datadir/data/packages/arduino/hardware/megaavr/1.8.7/cores/arduino/api/String.h:44:7: note:                 class arduino::__FlashStringHelper
 class __FlashStringHelper;
       ^~~~~~~~~~~~~~~~~~~
In file included from basic.ino:2:0:
/home/ec2-user/arduino-testlib/cli-datadir/user/libraries/ArduinoUnit/src/ArduinoUnit.h:483:14: error: reference to &#39;__FlashStringHelper&#39; is ambiguous
   Test(const __FlashStringHelper *_name, uint8_t _verbosity = TEST_VERBOSITY_TESTS_ALL|TEST_VERBOSITY_ASSERTIONS_FAILED);
              ^~~~~~~~~~~~~~~~~~~
In file included from /home/ec2-user/arduino-testlib/cli-datadir/user/libraries/ArduinoUnit/src/ArduinoUnitUtility/ArduinoUnitMock.h:11:0,
                 from /home/ec2-user/arduino-testlib/cli-datadir/user/libraries/ArduinoUnit/src/ArduinoUnitMock.h:4,
                 from /home/ec2-user/arduino-testlib/cli-datadir/user/libraries/ArduinoUnit/src/ArduinoUnit.h:9,
                 from basic.ino:2:
/home/ec2-user/arduino-testlib/cli-datadir/user/libraries/ArduinoUnit/src/ArduinoUnitUtility/Flash.h:44:7: note: candidates are: class __FlashStringHelper
 class __FlashStringHelper;
       ^~~~~~~~~~~~~~~~~~~
In file included from /home/ec2-user/arduino-testlib/cli-datadir/data/packages/arduino/hardware/megaavr/1.8.7/cores/arduino/api/IPAddress.h:24:0,
                 from /home/ec2-user/arduino-testlib/cli-datadir/data/packages/arduino/hardware/megaavr/1.8.7/cores/arduino/api/ArduinoAPI.h:30,
                 from /home/ec2-user/arduino-testlib/cli-datadir/data/packages/arduino/hardware/megaavr/1.8.7/cores/arduino/Arduino.h:23,
                 from /tmp/arduino-sketch-2EF22FB84A2E3052B53D803AC2A92787/sketch/basic.ino.cpp:1:
/home/ec2-user/arduino-testlib/cli-datadir/data/packages/arduino/hardware/megaavr/1.8.7/cores/arduino/api/String.h:44:7: note:                 class arduino::__FlashStringHelper
 class __FlashStringHelper;
       ^~~~~~~~~~~~~~~~~~~
In file included from /home/ec2-user/arduino-testlib/cli-datadir/user/libraries/ArduinoUnit/src/ArduinoUnitUtility/ArduinoUnitMock.h:11:0,
                 from /home/ec2-user/arduino-testlib/cli-datadir/user/libraries/ArduinoUnit/src/ArduinoUnitMock.h:4,
                 from /home/ec2-user/arduino-testlib/cli-datadir/user/libraries/ArduinoUnit/src/ArduinoUnit.h:9,
                 from basic.ino:2:
/home/ec2-user/arduino-testlib/cli-datadir/user/libraries/ArduinoUnit/src/ArduinoUnitUtility/Flash.h:29:47: error: reference to &#39;__FlashStringHelper&#39; is ambiguous
 #    define ARDUINO_UNIT_DECLARE_STRING const __FlashStringHelper *
                                               ^
/home/ec2-user/arduino-testlib/cli-datadir/user/libraries/ArduinoUnit/src/ArduinoUnit.h:495:27: note: in expansion of macro &#39;ARDUINO_UNIT_DECLARE_STRING&#39;
     static bool assertion(ARDUINO_UNIT_DECLARE_STRING file, uint16_t line, ARDUINO_UNIT_DECLARE_STRING lhss, const A&amp; lhs, ARDUINO_UNIT_DECLARE_STRING ops, bool (*op)(const A&amp; lhs, const B&amp; rhs), ARDUINO_UNIT_DECLARE_STRING rhss, const B&amp; rhs, const F &amp;onMessage) {
                           ^~~~~~~~~~~~~~~~~~~~~~~~~~~
/home/ec2-user/arduino-testlib/cli-datadir/user/libraries/ArduinoUnit/src/ArduinoUnitUtility/Flash.h:44:7: note: candidates are: class __FlashStringHelper
 class __FlashStringHelper;
       ^~~~~~~~~~~~~~~~~~~
In file included from /home/ec2-user/arduino-testlib/cli-datadir/data/packages/arduino/hardware/megaavr/1.8.7/cores/arduino/api/IPAddress.h:24</pre>
					
					<h4>examples/digital_pin_test</h4>
					<p>
						Result: <b>FAIL</b>
					</p>
					<pre class="pre-scrollable">In file included from /home/ec2-user/arduino-testlib/cli-datadir/user/libraries/ArduinoUnit/src/ArduinoUnitUtility/ArduinoUnitMock.h:15:0,
                 from /home/ec2-user/arduino-testlib/cli-datadir/user/libraries/ArduinoUnit/src/ArduinoUnitMock.h:4,
                 from /home/ec2-user/arduino-testlib/cli-datadir/user/libraries/ArduinoUnit/src/ArduinoUnit.h:9,
                 from digital_pin_test.ino:41:
/home/ec2-user/arduino-testlib/cli-datadir/user/libraries/ArduinoUnit/src/ArduinoUnitUtility/ArduinoUnitMockPrint.h:111:19: error: reference to &#39;__FlashStringHelper&#39; is ambiguous
   MockPrint(const __FlashStringHelper *_initial);
                   ^~~~~~~~~~~~~~~~~~~
In file included from /home/ec2-user/arduino-testlib/cli-datadir/user/libraries/ArduinoUnit/src/ArduinoUnitUtility/ArduinoUnitMock.h:11:0,
                 from /home/ec2-user/arduino-testlib/cli-datadir/user/libraries/ArduinoUnit/src/ArduinoUnitMock.h:4,
                 from /home/ec2-user/arduino-testlib/cli-datadir/user/libraries/ArduinoUnit/src/ArduinoUnit.h:9,
                 from digital_pin_test.ino:41:
/home/ec2-user/arduino-testlib/cli-datadir/user/libraries/ArduinoUnit/src/ArduinoUnitUtility/Flash.h:44:7: note: candidates are: class __FlashStringHelper
 class __FlashStringHelper;
       ^~~~~~~~~~~~~~~~~~~
In file included from /home/ec2-user/arduino-testlib/cli-datadir/data/packages/arduino/hardware/megaavr/1.8.7/cores/arduino/api/IPAddress.h:24:0,
                 from /home/ec2-user/arduino-testlib/cli-datadir/data/packages/arduino/hardware/megaavr/1.8.7/cores/arduino/api/ArduinoAPI.h:30,
                 from /home/ec2-user/arduino-testlib/cli-datadir/data/packages/arduino/hardware/megaavr/1.8.7/cores/arduino/Arduino.h:23,
                 from /tmp/arduino-sketch-AB0982895E696B56512AADD093CD7BB4/sketch/digital_pin_test.ino.cpp:1:
/home/ec2-user/arduino-testlib/cli-datadir/data/packages/arduino/hardware/megaavr/1.8.7/cores/arduino/api/String.h:44:7: note:                 class arduino::__FlashStringHelper
 class __FlashStringHelper;
       ^~~~~~~~~~~~~~~~~~~
In file included from /home/ec2-user/arduino-testlib/cli-datadir/user/libraries/ArduinoUnit/src/ArduinoUnitUtility/ArduinoUnitMockPrint.h:119:0,
                 from /home/ec2-user/arduino-testlib/cli-datadir/user/libraries/ArduinoUnit/src/ArduinoUnitUtility/ArduinoUnitMock.h:15,
                 from /home/ec2-user/arduino-testlib/cli-datadir/user/libraries/ArduinoUnit/src/ArduinoUnitMock.h:4,
                 from /home/ec2-user/arduino-testlib/cli-datadir/user/libraries/ArduinoUnit/src/ArduinoUnit.h:9,
                 from digital_pin_test.ino:41:
/home/ec2-user/arduino-testlib/cli-datadir/user/libraries/ArduinoUnit/src/ArduinoUnitUtility/ArduinoUnitWiden.h:20:61: error: template argument 1 is invalid
 template&lt; &gt; struct ArduinoUnitWiden &lt; __FlashStringHelper * &gt; { typedef ArduinoUnitString type; };
                                                             ^
In file included from /home/ec2-user/arduino-testlib/cli-datadir/user/libraries/ArduinoUnit/src/ArduinoUnitUtility/ArduinoUnitMock.h:16:0,
                 from /home/ec2-user/arduino-testlib/cli-datadir/user/libraries/ArduinoUnit/src/ArduinoUnitMock.h:4,
                 from /home/ec2-user/arduino-testlib/cli-datadir/user/libraries/ArduinoUnit/src/ArduinoUnit.h:9,
                 from digital_pin_test.ino:41:
/home/ec2-user/arduino-testlib/cli-datadir/user/libraries/ArduinoUnit/src/ArduinoUnitUtility/ArduinoUnitMockStream.h:81:20: error: reference to &#39;__FlashStringHelper&#39; is ambiguous
   MockStream(const __FlashStringHelper *_input);
                    ^~~~~~~~~~~~~~~~~~~
In file included from /home/ec2-user/arduino-testlib/cli-datadir/user/libraries/ArduinoUnit/src/ArduinoUnitUtility/ArduinoUnitMock.h:11:0,
                 from /home/ec2-user/arduino-testlib/cli-datadir/user/libraries/ArduinoUnit/src/ArduinoUnitMock.h:4,
                 from /home/ec2-user/arduino-testlib/cli-datadir/user/libraries/ArduinoUnit/src/ArduinoUnit.h:9,
                 from digital_pin_test.ino:41:
/home/ec2-user/arduino-testlib/cli-datadir/user/libraries/ArduinoUnit/src/ArduinoUnitUtility/Flash.h:44:7: note: candidates are: class __FlashStringHelper
 class __FlashStringHelper;
       ^~~~~~~~~~~~~~~~~~~
In file included from /home/ec2-user/arduino-testlib/cli-datadir/data/packages/arduino/hardware/megaavr/1.8.7/cores/arduino/api/IPAddress.h:24:0,
                 from /home/ec2-user/arduino-testlib/cli-datadir/data/packages/arduino/hardware/megaavr/1.8.7/cores/arduino/api/ArduinoAPI.h:30,
                 from /home/ec2-user/arduino-testlib/cli-datadir/data/packages/arduino/hardware/megaavr/1.8.7/cores/arduino/Arduino.h:23,
                 from /tmp/arduino-sketch-AB0982895E696B56512AADD093CD7BB4/sketch/digital_pin_test.ino.cpp:1:
/home/ec2-user/arduino-testlib/cli-datadir/data/packages/arduino/hardware/megaavr/1.8.7/cores/arduino/api/String.h:44:7: note:                 class arduino::__FlashStringHelper
 class __FlashStringHelper;
       ^~~~~~~~~~~~~~~~~~~
In file included from /home/ec2-user/arduino-testlib/cli-datadir/user/libraries/ArduinoUnit/src/ArduinoUnit.h:14:0,
                 from digital_pin_test.ino:41:
/home/ec2-user/arduino-testlib/cli-datadir/user/libraries/ArduinoUnit/src/ArduinoUnitUtility/ArduinoUnitString.h:29:27: error: reference to &#39;__FlashStringHelper&#39; is ambiguous
   ArduinoUnitString(const __FlashStringHelper *_data);
                           ^~~~~~~~~~~~~~~~~~~
In file included from /home/ec2-user/arduino-testlib/cli-datadir/user/libraries/ArduinoUnit/src/ArduinoUnitUtility/ArduinoUnitMock.h:11:0,
                 from /home/ec2-user/arduino-testlib/cli-datadir/user/libraries/ArduinoUnit/src/ArduinoUnitMock.h:4,
                 from /home/ec2-user/arduino-testlib/cli-datadir/user/libraries/ArduinoUnit/src/ArduinoUnit.h:9,
                 from digital_pin_test.ino:41:
/home/ec2-user/arduino-testlib/cli-datadir/user/libraries/ArduinoUnit/src/ArduinoUnitUtility/Flash.h:44:7: note: candidates are: class __FlashStringHelper
 class __FlashStringHelper;
       ^~~~~~~~~~~~~~~~~~~
In file included from /home/ec2-user/arduino-testlib/cli-datadir/data/packages/arduino/hardware/megaavr/1.8.7/cores/arduino/api/IPAddress.h:24:0,
                 from /home/ec2-user/arduino-testlib/cli-datadir/data/packages/arduino/hardware/megaavr/1.8.7/cores/arduino/api/ArduinoAPI.h:30,
                 from /home/ec2-user/arduino-testlib/cli-datadir/data/packages/arduino/hardware/megaavr/1.8.7/cores/arduino/Arduino.h:23,
                 from /tmp/arduino-sketch-AB0982895E696B56512AADD093CD7BB4/sketch/digital_pin_test.ino.cpp:1:
/home/ec2-user/arduino-testlib/cli-datadir/data/packages/arduino/hardware/megaavr/1.8.7/cores/arduino/api/String.h:44:7: note:                 class arduino::__FlashStringHelper
 class __FlashStringHelper;
       ^~~~~~~~~~~~~~~~~~~
In file included from digital_pin_test.ino:41:0:
/home/ec2-user/arduino-testlib/cli-datadir/user/libraries/ArduinoUnit/src/ArduinoUnit.h:483:14: error: reference to &#39;__FlashStringHelper&#39; is ambiguous
   Test(const __FlashStringHelper *_name, uint8_t _verbosity = TEST_VERBOSITY_TESTS_ALL|TEST_VERBOSITY_ASSERTIONS_FAILED);
              ^~~~~~~~~~~~~~~~~~~
In file included from /home/ec2-user/arduino-testlib/cli-datadir/user/libraries/ArduinoUnit/src/ArduinoUnitUtility/ArduinoUnitMock.h:11:0,
                 from /home/ec2-user/arduino-testlib/cli-datadir/user/libraries/ArduinoUnit/src/ArduinoUnitMock.h:4,
                 from /home/ec2-user/arduino-testlib/cli-datadir/user/libraries/ArduinoUnit/src/ArduinoUnit.h:9,
                 from digital_pin_test.ino:41:
/home/ec2-user/arduino-testlib/cli-datadir/user/libraries/ArduinoUnit/src/ArduinoUnitUtility/Flash.h:44:7: note: candidates are: class __FlashStringHelper
 class __FlashStringHelper;
       ^~~~~~~~~~~~~~~~~~~
In file included from /home/ec2-user/arduino-testlib/cli-datadir/data/packages/arduino/hardware/megaavr/1.8.7/cores/arduino/api/IPAddress.h:24:0,
                 from /home/ec2-user/arduino-testlib/cli-datadir/data/packages/arduino/hardware/megaavr/1.8.7/cores/arduino/api/ArduinoAPI.h:30,
                 from /home/ec2-user/arduino-testlib/cli-datadir/data/packages/arduino/hardware/megaavr/1.8.7/cores/arduino/Arduino.h:23,
                 from /tmp/arduino-sketch-AB0982895E696B56512AADD093CD7BB4/sketch/digital_pin_test.ino.cpp:1:
/home/ec2-user/arduino-testlib/cli-datadir/data/packages/arduino/hardware/megaavr/1.8.7/cores/arduino/api/String.h:44:7: note:                 class arduino::__FlashStringHelper
 class __FlashStringHelper;
       ^~~~~~~~~~~~~~~~~~~
In file included from /home/ec2-user/arduino-testlib/cli-datadir/user/libraries/ArduinoUnit/src/ArduinoUnitUtility/ArduinoUnitMock.h:11:0,
                 from /home/ec2-user/arduino-testlib/cli-datadir/user/libraries/ArduinoUnit/src/ArduinoUnitMock.h:4,
                 from /home/ec2-user/arduino-testlib/cli-datadir/user/libraries/ArduinoUnit/src/ArduinoUnit.h:9,
                 from digital_pin_test.ino:41:
/home/ec2-user/arduino-testlib/cli-datadir/user/libraries/ArduinoUnit/src/ArduinoUnitUtility/Flash.h:29:47: error: reference to &#39;__FlashStringHelper&#39; is ambiguous
 #    define ARDUINO_UNIT_DECLARE_STRING const __FlashStringHelper *
                                               ^
/home/ec2-user/arduino-testlib/cli-datadir/user/libraries/ArduinoUnit/src/ArduinoUnit.h:495:27: note: in expansion of macro &#39;ARDUINO_UNIT_DECLARE_STRING&#39;
     static bool assertion(ARDUINO_UNIT_DECLARE_STRING file, uint16_t line, ARDUINO_UNIT_DECLARE_STRING lhss, const A&amp; lhs, ARDUINO_UNIT_DECLARE_STRING ops, bool (*op)(const A&amp; lhs, const B&amp; rhs), ARDUINO_UNIT_DECLARE_STRING rhss, const B&amp; rhs, const F &amp;onMessage) {
                           ^~~~~~~~~~~~~~~~~~~~~~~~~~~
/home/ec2-user/arduino-testlib/cli-datadir/user/libraries/ArduinoUnit/src/ArduinoUnitUtility/Flash.h:44:7: note: candidates are: class __FlashStringHelper
 class __FlashStringHelper;
     </pre>
					
					<h4>examples/filter</h4>
					<p>
						Result: <b>FAIL</b>
					</p>
					<pre class="pre-scrollable">In file included from /home/ec2-user/arduino-testlib/cli-datadir/user/libraries/ArduinoUnit/src/ArduinoUnitUtility/ArduinoUnitMock.h:15:0,
                 from /home/ec2-user/arduino-testlib/cli-datadir/user/libraries/ArduinoUnit/src/ArduinoUnitMock.h:4,
                 from /home/ec2-user/arduino-testlib/cli-datadir/user/libraries/ArduinoUnit/src/ArduinoUnit.h:9,
                 from filter.ino:2:
/home/ec2-user/arduino-testlib/cli-datadir/user/libraries/ArduinoUnit/src/ArduinoUnitUtility/ArduinoUnitMockPrint.h:111:19: error: reference to &#39;__FlashStringHelper&#39; is ambiguous
   MockPrint(const __FlashStringHelper *_initial);
                   ^~~~~~~~~~~~~~~~~~~
In file included from /home/ec2-user/arduino-testlib/cli-datadir/user/libraries/ArduinoUnit/src/ArduinoUnitUtility/ArduinoUnitMock.h:11:0,
                 from /home/ec2-user/arduino-testlib/cli-datadir/user/libraries/ArduinoUnit/src/ArduinoUnitMock.h:4,
                 from /home/ec2-user/arduino-testlib/cli-datadir/user/libraries/ArduinoUnit/src/ArduinoUnit.h:9,
                 from filter.ino:2:
/home/ec2-user/arduino-testlib/cli-datadir/user/libraries/ArduinoUnit/src/ArduinoUnitUtility/Flash.h:44:7: note: candidates are: class __FlashStringHelper
 class __FlashStringHelper;
       ^~~~~~~~~~~~~~~~~~~
In file included from /home/ec2-user/arduino-testlib/cli-datadir/data/packages/arduino/hardware/megaavr/1.8.7/cores/arduino/api/IPAddress.h:24:0,
                 from /home/ec2-user/arduino-testlib/cli-datadir/data/packages/arduino/hardware/megaavr/1.8.7/cores/arduino/api/ArduinoAPI.h:30,
                 from /home/ec2-user/arduino-testlib/cli-datadir/data/packages/arduino/hardware/megaavr/1.8.7/cores/arduino/Arduino.h:23,
                 from /tmp/arduino-sketch-44C943983276125938C3DAF54E65D384/sketch/filter.ino.cpp:1:
/home/ec2-user/arduino-testlib/cli-datadir/data/packages/arduino/hardware/megaavr/1.8.7/cores/arduino/api/String.h:44:7: note:                 class arduino::__FlashStringHelper
 class __FlashStringHelper;
       ^~~~~~~~~~~~~~~~~~~
In file included from /home/ec2-user/arduino-testlib/cli-datadir/user/libraries/ArduinoUnit/src/ArduinoUnitUtility/ArduinoUnitMockPrint.h:119:0,
                 from /home/ec2-user/arduino-testlib/cli-datadir/user/libraries/ArduinoUnit/src/ArduinoUnitUtility/ArduinoUnitMock.h:15,
                 from /home/ec2-user/arduino-testlib/cli-datadir/user/libraries/ArduinoUnit/src/ArduinoUnitMock.h:4,
                 from /home/ec2-user/arduino-testlib/cli-datadir/user/libraries/ArduinoUnit/src/ArduinoUnit.h:9,
                 from filter.ino:2:
/home/ec2-user/arduino-testlib/cli-datadir/user/libraries/ArduinoUnit/src/ArduinoUnitUtility/ArduinoUnitWiden.h:20:61: error: template argument 1 is invalid
 template&lt; &gt; struct ArduinoUnitWiden &lt; __FlashStringHelper * &gt; { typedef ArduinoUnitString type; };
                                                             ^
In file included from /home/ec2-user/arduino-testlib/cli-datadir/user/libraries/ArduinoUnit/src/ArduinoUnitUtility/ArduinoUnitMock.h:16:0,
                 from /home/ec2-user/arduino-testlib/cli-datadir/user/libraries/ArduinoUnit/src/ArduinoUnitMock.h:4,
                 from /home/ec2-user/arduino-testlib/cli-datadir/user/libraries/ArduinoUnit/src/ArduinoUnit.h:9,
                 from filter.ino:2:
/home/ec2-user/arduino-testlib/cli-datadir/user/libraries/ArduinoUnit/src/ArduinoUnitUtility/ArduinoUnitMockStream.h:81:20: error: reference to &#39;__FlashStringHelper&#39; is ambiguous
   MockStream(const __FlashStringHelper *_input);
                    ^~~~~~~~~~~~~~~~~~~
In file included from /home/ec2-user/arduino-testlib/cli-datadir/user/libraries/ArduinoUnit/src/ArduinoUnitUtility/ArduinoUnitMock.h:11:0,
                 from /home/ec2-user/arduino-testlib/cli-datadir/user/libraries/ArduinoUnit/src/ArduinoUnitMock.h:4,
                 from /home/ec2-user/arduino-testlib/cli-datadir/user/libraries/ArduinoUnit/src/ArduinoUnit.h:9,
                 from filter.ino:2:
/home/ec2-user/arduino-testlib/cli-datadir/user/libraries/ArduinoUnit/src/ArduinoUnitUtility/Flash.h:44:7: note: candidates are: class __FlashStringHelper
 class __FlashStringHelper;
       ^~~~~~~~~~~~~~~~~~~
In file included from /home/ec2-user/arduino-testlib/cli-datadir/data/packages/arduino/hardware/megaavr/1.8.7/cores/arduino/api/IPAddress.h:24:0,
                 from /home/ec2-user/arduino-testlib/cli-datadir/data/packages/arduino/hardware/megaavr/1.8.7/cores/arduino/api/ArduinoAPI.h:30,
                 from /home/ec2-user/arduino-testlib/cli-datadir/data/packages/arduino/hardware/megaavr/1.8.7/cores/arduino/Arduino.h:23,
                 from /tmp/arduino-sketch-44C943983276125938C3DAF54E65D384/sketch/filter.ino.cpp:1:
/home/ec2-user/arduino-testlib/cli-datadir/data/packages/arduino/hardware/megaavr/1.8.7/cores/arduino/api/String.h:44:7: note:                 class arduino::__FlashStringHelper
 class __FlashStringHelper;
       ^~~~~~~~~~~~~~~~~~~
In file included from /home/ec2-user/arduino-testlib/cli-datadir/user/libraries/ArduinoUnit/src/ArduinoUnit.h:14:0,
                 from filter.ino:2:
/home/ec2-user/arduino-testlib/cli-datadir/user/libraries/ArduinoUnit/src/ArduinoUnitUtility/ArduinoUnitString.h:29:27: error: reference to &#39;__FlashStringHelper&#39; is ambiguous
   ArduinoUnitString(const __FlashStringHelper *_data);
                           ^~~~~~~~~~~~~~~~~~~
In file included from /home/ec2-user/arduino-testlib/cli-datadir/user/libraries/ArduinoUnit/src/ArduinoUnitUtility/ArduinoUnitMock.h:11:0,
                 from /home/ec2-user/arduino-testlib/cli-datadir/user/libraries/ArduinoUnit/src/ArduinoUnitMock.h:4,
                 from /home/ec2-user/arduino-testlib/cli-datadir/user/libraries/ArduinoUnit/src/ArduinoUnit.h:9,
                 from filter.ino:2:
/home/ec2-user/arduino-testlib/cli-datadir/user/libraries/ArduinoUnit/src/ArduinoUnitUtility/Flash.h:44:7: note: candidates are: class __FlashStringHelper
 class __FlashStringHelper;
       ^~~~~~~~~~~~~~~~~~~
In file included from /home/ec2-user/arduino-testlib/cli-datadir/data/packages/arduino/hardware/megaavr/1.8.7/cores/arduino/api/IPAddress.h:24:0,
                 from /home/ec2-user/arduino-testlib/cli-datadir/data/packages/arduino/hardware/megaavr/1.8.7/cores/arduino/api/ArduinoAPI.h:30,
                 from /home/ec2-user/arduino-testlib/cli-datadir/data/packages/arduino/hardware/megaavr/1.8.7/cores/arduino/Arduino.h:23,
                 from /tmp/arduino-sketch-44C943983276125938C3DAF54E65D384/sketch/filter.ino.cpp:1:
/home/ec2-user/arduino-testlib/cli-datadir/data/packages/arduino/hardware/megaavr/1.8.7/cores/arduino/api/String.h:44:7: note:                 class arduino::__FlashStringHelper
 class __FlashStringHelper;
       ^~~~~~~~~~~~~~~~~~~
In file included from filter.ino:2:0:
/home/ec2-user/arduino-testlib/cli-datadir/user/libraries/ArduinoUnit/src/ArduinoUnit.h:483:14: error: reference to &#39;__FlashStringHelper&#39; is ambiguous
   Test(const __FlashStringHelper *_name, uint8_t _verbosity = TEST_VERBOSITY_TESTS_ALL|TEST_VERBOSITY_ASSERTIONS_FAILED);
              ^~~~~~~~~~~~~~~~~~~
In file included from /home/ec2-user/arduino-testlib/cli-datadir/user/libraries/ArduinoUnit/src/ArduinoUnitUtility/ArduinoUnitMock.h:11:0,
                 from /home/ec2-user/arduino-testlib/cli-datadir/user/libraries/ArduinoUnit/src/ArduinoUnitMock.h:4,
                 from /home/ec2-user/arduino-testlib/cli-datadir/user/libraries/ArduinoUnit/src/ArduinoUnit.h:9,
                 from filter.ino:2:
/home/ec2-user/arduino-testlib/cli-datadir/user/libraries/ArduinoUnit/src/ArduinoUnitUtility/Flash.h:44:7: note: candidates are: class __FlashStringHelper
 class __FlashStringHelper;
       ^~~~~~~~~~~~~~~~~~~
In file included from /home/ec2-user/arduino-testlib/cli-datadir/data/packages/arduino/hardware/megaavr/1.8.7/cores/arduino/api/IPAddress.h:24:0,
                 from /home/ec2-user/arduino-testlib/cli-datadir/data/packages/arduino/hardware/megaavr/1.8.7/cores/arduino/api/ArduinoAPI.h:30,
                 from /home/ec2-user/arduino-testlib/cli-datadir/data/packages/arduino/hardware/megaavr/1.8.7/cores/arduino/Arduino.h:23,
                 from /tmp/arduino-sketch-44C943983276125938C3DAF54E65D384/sketch/filter.ino.cpp:1:
/home/ec2-user/arduino-testlib/cli-datadir/data/packages/arduino/hardware/megaavr/1.8.7/cores/arduino/api/String.h:44:7: note:                 class arduino::__FlashStringHelper
 class __FlashStringHelper;
       ^~~~~~~~~~~~~~~~~~~
In file included from /home/ec2-user/arduino-testlib/cli-datadir/user/libraries/ArduinoUnit/src/ArduinoUnitUtility/ArduinoUnitMock.h:11:0,
                 from /home/ec2-user/arduino-testlib/cli-datadir/user/libraries/ArduinoUnit/src/ArduinoUnitMock.h:4,
                 from /home/ec2-user/arduino-testlib/cli-datadir/user/libraries/ArduinoUnit/src/ArduinoUnit.h:9,
                 from filter.ino:2:
/home/ec2-user/arduino-testlib/cli-datadir/user/libraries/ArduinoUnit/src/ArduinoUnitUtility/Flash.h:29:47: error: reference to &#39;__FlashStringHelper&#39; is ambiguous
 #    define ARDUINO_UNIT_DECLARE_STRING const __FlashStringHelper *
                                               ^
/home/ec2-user/arduino-testlib/cli-datadir/user/libraries/ArduinoUnit/src/ArduinoUnit.h:495:27: note: in expansion of macro &#39;ARDUINO_UNIT_DECLARE_STRING&#39;
     static bool assertion(ARDUINO_UNIT_DECLARE_STRING file, uint16_t line, ARDUINO_UNIT_DECLARE_STRING lhss, const A&amp; lhs, ARDUINO_UNIT_DECLARE_STRING ops, bool (*op)(const A&amp; lhs, const B&amp; rhs), ARDUINO_UNIT_DECLARE_STRING rhss, const B&amp; rhs, const F &amp;onMessage) {
                           ^~~~~~~~~~~~~~~~~~~~~~~~~~~
/home/ec2-user/arduino-testlib/cli-datadir/user/libraries/ArduinoUnit/src/ArduinoUnitUtility/Flash.h:44:7: note: candidates are: class __FlashStringHelper
 class __FlashStringHelper;
       ^~~~~~~~~~~~~~~~~~~
In file included from /home/ec2-user/arduino-testlib/cli-datadir/data/packages/arduino/hardware/megaavr/1.8.7/cores/arduino/api/</pre>
					
					<h4>examples/message</h4>
					<p>
						Result: <b>FAIL</b>
					</p>
					<pre class="pre-scrollable">In file included from /home/ec2-user/arduino-testlib/cli-datadir/user/libraries/ArduinoUnit/src/ArduinoUnitUtility/ArduinoUnitMock.h:15:0,
                 from /home/ec2-user/arduino-testlib/cli-datadir/user/libraries/ArduinoUnit/src/ArduinoUnitMock.h:4,
                 from /home/ec2-user/arduino-testlib/cli-datadir/user/libraries/ArduinoUnit/src/ArduinoUnit.h:9,
                 from basic.ino:2:
/home/ec2-user/arduino-testlib/cli-datadir/user/libraries/ArduinoUnit/src/ArduinoUnitUtility/ArduinoUnitMockPrint.h:111:19: error: reference to &#39;__FlashStringHelper&#39; is ambiguous
   MockPrint(const __FlashStringHelper *_initial);
                   ^~~~~~~~~~~~~~~~~~~
In file included from /home/ec2-user/arduino-testlib/cli-datadir/user/libraries/ArduinoUnit/src/ArduinoUnitUtility/ArduinoUnitMock.h:11:0,
                 from /home/ec2-user/arduino-testlib/cli-datadir/user/libraries/ArduinoUnit/src/ArduinoUnitMock.h:4,
                 from /home/ec2-user/arduino-testlib/cli-datadir/user/libraries/ArduinoUnit/src/ArduinoUnit.h:9,
                 from basic.ino:2:
/home/ec2-user/arduino-testlib/cli-datadir/user/libraries/ArduinoUnit/src/ArduinoUnitUtility/Flash.h:44:7: note: candidates are: class __FlashStringHelper
 class __FlashStringHelper;
       ^~~~~~~~~~~~~~~~~~~
In file included from /home/ec2-user/arduino-testlib/cli-datadir/data/packages/arduino/hardware/megaavr/1.8.7/cores/arduino/api/IPAddress.h:24:0,
                 from /home/ec2-user/arduino-testlib/cli-datadir/data/packages/arduino/hardware/megaavr/1.8.7/cores/arduino/api/ArduinoAPI.h:30,
                 from /home/ec2-user/arduino-testlib/cli-datadir/data/packages/arduino/hardware/megaavr/1.8.7/cores/arduino/Arduino.h:23,
                 from /tmp/arduino-sketch-959F2926C890F7183B155478E9BDE141/sketch/message.ino.cpp:1:
/home/ec2-user/arduino-testlib/cli-datadir/data/packages/arduino/hardware/megaavr/1.8.7/cores/arduino/api/String.h:44:7: note:                 class arduino::__FlashStringHelper
 class __FlashStringHelper;
       ^~~~~~~~~~~~~~~~~~~
In file included from /home/ec2-user/arduino-testlib/cli-datadir/user/libraries/ArduinoUnit/src/ArduinoUnitUtility/ArduinoUnitMockPrint.h:119:0,
                 from /home/ec2-user/arduino-testlib/cli-datadir/user/libraries/ArduinoUnit/src/ArduinoUnitUtility/ArduinoUnitMock.h:15,
                 from /home/ec2-user/arduino-testlib/cli-datadir/user/libraries/ArduinoUnit/src/ArduinoUnitMock.h:4,
                 from /home/ec2-user/arduino-testlib/cli-datadir/user/libraries/ArduinoUnit/src/ArduinoUnit.h:9,
                 from basic.ino:2:
/home/ec2-user/arduino-testlib/cli-datadir/user/libraries/ArduinoUnit/src/ArduinoUnitUtility/ArduinoUnitWiden.h:20:61: error: template argument 1 is invalid
 template&lt; &gt; struct ArduinoUnitWiden &lt; __FlashStringHelper * &gt; { typedef ArduinoUnitString type; };
                                                             ^
In file included from /home/ec2-user/arduino-testlib/cli-datadir/user/libraries/ArduinoUnit/src/ArduinoUnitUtility/ArduinoUnitMock.h:16:0,
                 from /home/ec2-user/arduino-testlib/cli-datadir/user/libraries/ArduinoUnit/src/ArduinoUnitMock.h:4,
                 from /home/ec2-user/arduino-testlib/cli-datadir/user/libraries/ArduinoUnit/src/ArduinoUnit.h:9,
                 from basic.ino:2:
/home/ec2-user/arduino-testlib/cli-datadir/user/libraries/ArduinoUnit/src/ArduinoUnitUtility/ArduinoUnitMockStream.h:81:20: error: reference to &#39;__FlashStringHelper&#39; is ambiguous
   MockStream(const __FlashStringHelper *_input);
                    ^~~~~~~~~~~~~~~~~~~
In file included from /home/ec2-user/arduino-testlib/cli-datadir/user/libraries/ArduinoUnit/src/ArduinoUnitUtility/ArduinoUnitMock.h:11:0,
                 from /home/ec2-user/arduino-testlib/cli-datadir/user/libraries/ArduinoUnit/src/ArduinoUnitMock.h:4,
                 from /home/ec2-user/arduino-testlib/cli-datadir/user/libraries/ArduinoUnit/src/ArduinoUnit.h:9,
                 from basic.ino:2:
/home/ec2-user/arduino-testlib/cli-datadir/user/libraries/ArduinoUnit/src/ArduinoUnitUtility/Flash.h:44:7: note: candidates are: class __FlashStringHelper
 class __FlashStringHelper;
       ^~~~~~~~~~~~~~~~~~~
In file included from /home/ec2-user/arduino-testlib/cli-datadir/data/packages/arduino/hardware/megaavr/1.8.7/cores/arduino/api/IPAddress.h:24:0,
                 from /home/ec2-user/arduino-testlib/cli-datadir/data/packages/arduino/hardware/megaavr/1.8.7/cores/arduino/api/ArduinoAPI.h:30,
                 from /home/ec2-user/arduino-testlib/cli-datadir/data/packages/arduino/hardware/megaavr/1.8.7/cores/arduino/Arduino.h:23,
                 from /tmp/arduino-sketch-959F2926C890F7183B155478E9BDE141/sketch/message.ino.cpp:1:
/home/ec2-user/arduino-testlib/cli-datadir/data/packages/arduino/hardware/megaavr/1.8.7/cores/arduino/api/String.h:44:7: note:                 class arduino::__FlashStringHelper
 class __FlashStringHelper;
       ^~~~~~~~~~~~~~~~~~~
In file included from /home/ec2-user/arduino-testlib/cli-datadir/user/libraries/ArduinoUnit/src/ArduinoUnit.h:14:0,
                 from basic.ino:2:
/home/ec2-user/arduino-testlib/cli-datadir/user/libraries/ArduinoUnit/src/ArduinoUnitUtility/ArduinoUnitString.h:29:27: error: reference to &#39;__FlashStringHelper&#39; is ambiguous
   ArduinoUnitString(const __FlashStringHelper *_data);
                           ^~~~~~~~~~~~~~~~~~~
In file included from /home/ec2-user/arduino-testlib/cli-datadir/user/libraries/ArduinoUnit/src/ArduinoUnitUtility/ArduinoUnitMock.h:11:0,
                 from /home/ec2-user/arduino-testlib/cli-datadir/user/libraries/ArduinoUnit/src/ArduinoUnitMock.h:4,
                 from /home/ec2-user/arduino-testlib/cli-datadir/user/libraries/ArduinoUnit/src/ArduinoUnit.h:9,
                 from basic.ino:2:
/home/ec2-user/arduino-testlib/cli-datadir/user/libraries/ArduinoUnit/src/ArduinoUnitUtility/Flash.h:44:7: note: candidates are: class __FlashStringHelper
 class __FlashStringHelper;
       ^~~~~~~~~~~~~~~~~~~
In file included from /home/ec2-user/arduino-testlib/cli-datadir/data/packages/arduino/hardware/megaavr/1.8.7/cores/arduino/api/IPAddress.h:24:0,
                 from /home/ec2-user/arduino-testlib/cli-datadir/data/packages/arduino/hardware/megaavr/1.8.7/cores/arduino/api/ArduinoAPI.h:30,
                 from /home/ec2-user/arduino-testlib/cli-datadir/data/packages/arduino/hardware/megaavr/1.8.7/cores/arduino/Arduino.h:23,
                 from /tmp/arduino-sketch-959F2926C890F7183B155478E9BDE141/sketch/message.ino.cpp:1:
/home/ec2-user/arduino-testlib/cli-datadir/data/packages/arduino/hardware/megaavr/1.8.7/cores/arduino/api/String.h:44:7: note:                 class arduino::__FlashStringHelper
 class __FlashStringHelper;
       ^~~~~~~~~~~~~~~~~~~
In file included from basic.ino:2:0:
/home/ec2-user/arduino-testlib/cli-datadir/user/libraries/ArduinoUnit/src/ArduinoUnit.h:483:14: error: reference to &#39;__FlashStringHelper&#39; is ambiguous
   Test(const __FlashStringHelper *_name, uint8_t _verbosity = TEST_VERBOSITY_TESTS_ALL|TEST_VERBOSITY_ASSERTIONS_FAILED);
              ^~~~~~~~~~~~~~~~~~~
In file included from /home/ec2-user/arduino-testlib/cli-datadir/user/libraries/ArduinoUnit/src/ArduinoUnitUtility/ArduinoUnitMock.h:11:0,
                 from /home/ec2-user/arduino-testlib/cli-datadir/user/libraries/ArduinoUnit/src/ArduinoUnitMock.h:4,
                 from /home/ec2-user/arduino-testlib/cli-datadir/user/libraries/ArduinoUnit/src/ArduinoUnit.h:9,
                 from basic.ino:2:
/home/ec2-user/arduino-testlib/cli-datadir/user/libraries/ArduinoUnit/src/ArduinoUnitUtility/Flash.h:44:7: note: candidates are: class __FlashStringHelper
 class __FlashStringHelper;
       ^~~~~~~~~~~~~~~~~~~
In file included from /home/ec2-user/arduino-testlib/cli-datadir/data/packages/arduino/hardware/megaavr/1.8.7/cores/arduino/api/IPAddress.h:24:0,
                 from /home/ec2-user/arduino-testlib/cli-datadir/data/packages/arduino/hardware/megaavr/1.8.7/cores/arduino/api/ArduinoAPI.h:30,
                 from /home/ec2-user/arduino-testlib/cli-datadir/data/packages/arduino/hardware/megaavr/1.8.7/cores/arduino/Arduino.h:23,
                 from /tmp/arduino-sketch-959F2926C890F7183B155478E9BDE141/sketch/message.ino.cpp:1:
/home/ec2-user/arduino-testlib/cli-datadir/data/packages/arduino/hardware/megaavr/1.8.7/cores/arduino/api/String.h:44:7: note:                 class arduino::__FlashStringHelper
 class __FlashStringHelper;
       ^~~~~~~~~~~~~~~~~~~
In file included from /home/ec2-user/arduino-testlib/cli-datadir/user/libraries/ArduinoUnit/src/ArduinoUnitUtility/ArduinoUnitMock.h:11:0,
                 from /home/ec2-user/arduino-testlib/cli-datadir/user/libraries/ArduinoUnit/src/ArduinoUnitMock.h:4,
                 from /home/ec2-user/arduino-testlib/cli-datadir/user/libraries/ArduinoUnit/src/ArduinoUnit.h:9,
                 from basic.ino:2:
/home/ec2-user/arduino-testlib/cli-datadir/user/libraries/ArduinoUnit/src/ArduinoUnitUtility/Flash.h:29:47: error: reference to &#39;__FlashStringHelper&#39; is ambiguous
 #    define ARDUINO_UNIT_DECLARE_STRING const __FlashStringHelper *
                                               ^
/home/ec2-user/arduino-testlib/cli-datadir/user/libraries/ArduinoUnit/src/ArduinoUnit.h:495:27: note: in expansion of macro &#39;ARDUINO_UNIT_DECLARE_STRING&#39;
     static bool assertion(ARDUINO_UNIT_DECLARE_STRING file, uint16_t line, ARDUINO_UNIT_DECLARE_STRING lhss, const A&amp; lhs, ARDUINO_UNIT_DECLARE_STRING ops, bool (*op)(const A&amp; lhs, const B&amp; rhs), ARDUINO_UNIT_DECLARE_STRING rhss, const B&amp; rhs, const F &amp;onMessage) {
                           ^~~~~~~~~~~~~~~~~~~~~~~~~~~
/home/ec2-user/arduino-testlib/cli-datadir/user/libraries/ArduinoUnit/src/ArduinoUnitUtility/Flash.h:44:7: note: candidates are: class __FlashStringHelper
 class __FlashStringHelper;
       ^~~~~~~~~~~~~~~~~~~
In file included from /home/ec2-user/arduino-testlib/cli-datadir/data/packages/arduino/hardware/megaavr/1.8.7/cores/arduino/api/IPAddr</pre>
					
					<h4>examples/mockstream</h4>
					<p>
						Result: <b>FAIL</b>
					</p>
					<pre class="pre-scrollable">In file included from /home/ec2-user/arduino-testlib/cli-datadir/user/libraries/ArduinoUnit/src/ArduinoUnitUtility/ArduinoUnitMock.h:15:0,
                 from /home/ec2-user/arduino-testlib/cli-datadir/user/libraries/ArduinoUnit/src/ArduinoUnitMock.h:4,
                 from /home/ec2-user/arduino-testlib/cli-datadir/user/libraries/ArduinoUnit/src/ArduinoUnit.h:9,
                 from mockstream.ino:2:
/home/ec2-user/arduino-testlib/cli-datadir/user/libraries/ArduinoUnit/src/ArduinoUnitUtility/ArduinoUnitMockPrint.h:111:19: error: reference to &#39;__FlashStringHelper&#39; is ambiguous
   MockPrint(const __FlashStringHelper *_initial);
                   ^~~~~~~~~~~~~~~~~~~
In file included from /home/ec2-user/arduino-testlib/cli-datadir/user/libraries/ArduinoUnit/src/ArduinoUnitUtility/ArduinoUnitMock.h:11:0,
                 from /home/ec2-user/arduino-testlib/cli-datadir/user/libraries/ArduinoUnit/src/ArduinoUnitMock.h:4,
                 from /home/ec2-user/arduino-testlib/cli-datadir/user/libraries/ArduinoUnit/src/ArduinoUnit.h:9,
                 from mockstream.ino:2:
/home/ec2-user/arduino-testlib/cli-datadir/user/libraries/ArduinoUnit/src/ArduinoUnitUtility/Flash.h:44:7: note: candidates are: class __FlashStringHelper
 class __FlashStringHelper;
       ^~~~~~~~~~~~~~~~~~~
In file included from /home/ec2-user/arduino-testlib/cli-datadir/data/packages/arduino/hardware/megaavr/1.8.7/cores/arduino/api/IPAddress.h:24:0,
                 from /home/ec2-user/arduino-testlib/cli-datadir/data/packages/arduino/hardware/megaavr/1.8.7/cores/arduino/api/ArduinoAPI.h:30,
                 from /home/ec2-user/arduino-testlib/cli-datadir/data/packages/arduino/hardware/megaavr/1.8.7/cores/arduino/Arduino.h:23,
                 from /tmp/arduino-sketch-F597BD2D61136B60B8CA14EE9F6D1221/sketch/mockstream.ino.cpp:1:
/home/ec2-user/arduino-testlib/cli-datadir/data/packages/arduino/hardware/megaavr/1.8.7/cores/arduino/api/String.h:44:7: note:                 class arduino::__FlashStringHelper
 class __FlashStringHelper;
       ^~~~~~~~~~~~~~~~~~~
In file included from /home/ec2-user/arduino-testlib/cli-datadir/user/libraries/ArduinoUnit/src/ArduinoUnitUtility/ArduinoUnitMockPrint.h:119:0,
                 from /home/ec2-user/arduino-testlib/cli-datadir/user/libraries/ArduinoUnit/src/ArduinoUnitUtility/ArduinoUnitMock.h:15,
                 from /home/ec2-user/arduino-testlib/cli-datadir/user/libraries/ArduinoUnit/src/ArduinoUnitMock.h:4,
                 from /home/ec2-user/arduino-testlib/cli-datadir/user/libraries/ArduinoUnit/src/ArduinoUnit.h:9,
                 from mockstream.ino:2:
/home/ec2-user/arduino-testlib/cli-datadir/user/libraries/ArduinoUnit/src/ArduinoUnitUtility/ArduinoUnitWiden.h:20:61: error: template argument 1 is invalid
 template&lt; &gt; struct ArduinoUnitWiden &lt; __FlashStringHelper * &gt; { typedef ArduinoUnitString type; };
                                                             ^
In file included from /home/ec2-user/arduino-testlib/cli-datadir/user/libraries/ArduinoUnit/src/ArduinoUnitUtility/ArduinoUnitMock.h:16:0,
                 from /home/ec2-user/arduino-testlib/cli-datadir/user/libraries/ArduinoUnit/src/ArduinoUnitMock.h:4,
                 from /home/ec2-user/arduino-testlib/cli-datadir/user/libraries/ArduinoUnit/src/ArduinoUnit.h:9,
                 from mockstream.ino:2:
/home/ec2-user/arduino-testlib/cli-datadir/user/libraries/ArduinoUnit/src/ArduinoUnitUtility/ArduinoUnitMockStream.h:81:20: error: reference to &#39;__FlashStringHelper&#39; is ambiguous
   MockStream(const __FlashStringHelper *_input);
                    ^~~~~~~~~~~~~~~~~~~
In file included from /home/ec2-user/arduino-testlib/cli-datadir/user/libraries/ArduinoUnit/src/ArduinoUnitUtility/ArduinoUnitMock.h:11:0,
                 from /home/ec2-user/arduino-testlib/cli-datadir/user/libraries/ArduinoUnit/src/ArduinoUnitMock.h:4,
                 from /home/ec2-user/arduino-testlib/cli-datadir/user/libraries/ArduinoUnit/src/ArduinoUnit.h:9,
                 from mockstream.ino:2:
/home/ec2-user/arduino-testlib/cli-datadir/user/libraries/ArduinoUnit/src/ArduinoUnitUtility/Flash.h:44:7: note: candidates are: class __FlashStringHelper
 class __FlashStringHelper;
       ^~~~~~~~~~~~~~~~~~~
In file included from /home/ec2-user/arduino-testlib/cli-datadir/data/packages/arduino/hardware/megaavr/1.8.7/cores/arduino/api/IPAddress.h:24:0,
                 from /home/ec2-user/arduino-testlib/cli-datadir/data/packages/arduino/hardware/megaavr/1.8.7/cores/arduino/api/ArduinoAPI.h:30,
                 from /home/ec2-user/arduino-testlib/cli-datadir/data/packages/arduino/hardware/megaavr/1.8.7/cores/arduino/Arduino.h:23,
                 from /tmp/arduino-sketch-F597BD2D61136B60B8CA14EE9F6D1221/sketch/mockstream.ino.cpp:1:
/home/ec2-user/arduino-testlib/cli-datadir/data/packages/arduino/hardware/megaavr/1.8.7/cores/arduino/api/String.h:44:7: note:                 class arduino::__FlashStringHelper
 class __FlashStringHelper;
       ^~~~~~~~~~~~~~~~~~~
In file included from /home/ec2-user/arduino-testlib/cli-datadir/user/libraries/ArduinoUnit/src/ArduinoUnit.h:14:0,
                 from mockstream.ino:2:
/home/ec2-user/arduino-testlib/cli-datadir/user/libraries/ArduinoUnit/src/ArduinoUnitUtility/ArduinoUnitString.h:29:27: error: reference to &#39;__FlashStringHelper&#39; is ambiguous
   ArduinoUnitString(const __FlashStringHelper *_data);
                           ^~~~~~~~~~~~~~~~~~~
In file included from /home/ec2-user/arduino-testlib/cli-datadir/user/libraries/ArduinoUnit/src/ArduinoUnitUtility/ArduinoUnitMock.h:11:0,
                 from /home/ec2-user/arduino-testlib/cli-datadir/user/libraries/ArduinoUnit/src/ArduinoUnitMock.h:4,
                 from /home/ec2-user/arduino-testlib/cli-datadir/user/libraries/ArduinoUnit/src/ArduinoUnit.h:9,
                 from mockstream.ino:2:
/home/ec2-user/arduino-testlib/cli-datadir/user/libraries/ArduinoUnit/src/ArduinoUnitUtility/Flash.h:44:7: note: candidates are: class __FlashStringHelper
 class __FlashStringHelper;
       ^~~~~~~~~~~~~~~~~~~
In file included from /home/ec2-user/arduino-testlib/cli-datadir/data/packages/arduino/hardware/megaavr/1.8.7/cores/arduino/api/IPAddress.h:24:0,
                 from /home/ec2-user/arduino-testlib/cli-datadir/data/packages/arduino/hardware/megaavr/1.8.7/cores/arduino/api/ArduinoAPI.h:30,
                 from /home/ec2-user/arduino-testlib/cli-datadir/data/packages/arduino/hardware/megaavr/1.8.7/cores/arduino/Arduino.h:23,
                 from /tmp/arduino-sketch-F597BD2D61136B60B8CA14EE9F6D1221/sketch/mockstream.ino.cpp:1:
/home/ec2-user/arduino-testlib/cli-datadir/data/packages/arduino/hardware/megaavr/1.8.7/cores/arduino/api/String.h:44:7: note:                 class arduino::__FlashStringHelper
 class __FlashStringHelper;
       ^~~~~~~~~~~~~~~~~~~
In file included from mockstream.ino:2:0:
/home/ec2-user/arduino-testlib/cli-datadir/user/libraries/ArduinoUnit/src/ArduinoUnit.h:483:14: error: reference to &#39;__FlashStringHelper&#39; is ambiguous
   Test(const __FlashStringHelper *_name, uint8_t _verbosity = TEST_VERBOSITY_TESTS_ALL|TEST_VERBOSITY_ASSERTIONS_FAILED);
              ^~~~~~~~~~~~~~~~~~~
In file included from /home/ec2-user/arduino-testlib/cli-datadir/user/libraries/ArduinoUnit/src/ArduinoUnitUtility/ArduinoUnitMock.h:11:0,
                 from /home/ec2-user/arduino-testlib/cli-datadir/user/libraries/ArduinoUnit/src/ArduinoUnitMock.h:4,
                 from /home/ec2-user/arduino-testlib/cli-datadir/user/libraries/ArduinoUnit/src/ArduinoUnit.h:9,
                 from mockstream.ino:2:
/home/ec2-user/arduino-testlib/cli-datadir/user/libraries/ArduinoUnit/src/ArduinoUnitUtility/Flash.h:44:7: note: candidates are: class __FlashStringHelper
 class __FlashStringHelper;
       ^~~~~~~~~~~~~~~~~~~
In file included from /home/ec2-user/arduino-testlib/cli-datadir/data/packages/arduino/hardware/megaavr/1.8.7/cores/arduino/api/IPAddress.h:24:0,
                 from /home/ec2-user/arduino-testlib/cli-datadir/data/packages/arduino/hardware/megaavr/1.8.7/cores/arduino/api/ArduinoAPI.h:30,
                 from /home/ec2-user/arduino-testlib/cli-datadir/data/packages/arduino/hardware/megaavr/1.8.7/cores/arduino/Arduino.h:23,
                 from /tmp/arduino-sketch-F597BD2D61136B60B8CA14EE9F6D1221/sketch/mockstream.ino.cpp:1:
/home/ec2-user/arduino-testlib/cli-datadir/data/packages/arduino/hardware/megaavr/1.8.7/cores/arduino/api/String.h:44:7: note:                 class arduino::__FlashStringHelper
 class __FlashStringHelper;
       ^~~~~~~~~~~~~~~~~~~
In file included from /home/ec2-user/arduino-testlib/cli-datadir/user/libraries/ArduinoUnit/src/ArduinoUnitUtility/ArduinoUnitMock.h:11:0,
                 from /home/ec2-user/arduino-testlib/cli-datadir/user/libraries/ArduinoUnit/src/ArduinoUnitMock.h:4,
                 from /home/ec2-user/arduino-testlib/cli-datadir/user/libraries/ArduinoUnit/src/ArduinoUnit.h:9,
                 from mockstream.ino:2:
/home/ec2-user/arduino-testlib/cli-datadir/user/libraries/ArduinoUnit/src/ArduinoUnitUtility/Flash.h:29:47: error: reference to &#39;__FlashStringHelper&#39; is ambiguous
 #    define ARDUINO_UNIT_DECLARE_STRING const __FlashStringHelper *
                                               ^
/home/ec2-user/arduino-testlib/cli-datadir/user/libraries/ArduinoUnit/src/ArduinoUnit.h:495:27: note: in expansion of macro &#39;ARDUINO_UNIT_DECLARE_STRING&#39;
     static bool assertion(ARDUINO_UNIT_DECLARE_STRING file, uint16_t line, ARDUINO_UNIT_DECLARE_STRING lhss, const A&amp; lhs, ARDUINO_UNIT_DECLARE_STRING ops, bool (*op)(const A&amp; lhs, const B&amp; rhs), ARDUINO_UNIT_DECLARE_STRING rhss, const B&amp; rhs, const F &amp;onMessage) {
                           ^~~~~~~~~~~~~~~~~~~~~~~~~~~
/home/ec2-user/arduino-testlib/cli-datadir/user/libraries/ArduinoUnit/src/ArduinoUnitUtility/Flash.h:44:7: note: candidates are: class __FlashStringHelper
 class __FlashStringHelper;
       ^~~~~~~~~~~~~~~~~~~
In file included from /home/ec2-user/arduino-testlib/cli-datadir/data/pa</pre>
					
					<h4>examples/verbosity</h4>
					<p>
						Result: <b>FAIL</b>
					</p>
					<pre class="pre-scrollable">/home/ec2-user/arduino-testlib/cli-datadir/user/libraries/ArduinoUnit/examples/verbosity/main.cpp:20:10: fatal error: verbosity.ino: No such file or directory
 #include &#34;verbosity.ino&#34;
          ^~~~~~~~~~~~~~~
compilation terminated.

</pre>
					
					<h4>examples/vitro</h4>
					<p>
						Result: <b>FAIL</b>
					</p>
					<pre class="pre-scrollable">In file included from /home/ec2-user/arduino-testlib/cli-datadir/user/libraries/ArduinoUnit/src/ArduinoUnitUtility/ArduinoUnitMock.h:15:0,
                 from /home/ec2-user/arduino-testlib/cli-datadir/user/libraries/ArduinoUnit/src/ArduinoUnitMock.h:4,
                 from /home/ec2-user/arduino-testlib/cli-datadir/user/libraries/ArduinoUnit/src/ArduinoUnit.h:9,
                 from vitro.ino:2:
/home/ec2-user/arduino-testlib/cli-datadir/user/libraries/ArduinoUnit/src/ArduinoUnitUtility/ArduinoUnitMockPrint.h:111:19: error: reference to &#39;__FlashStringHelper&#39; is ambiguous
   MockPrint(const __FlashStringHelper *_initial);
                   ^~~~~~~~~~~~~~~~~~~
In file included from /home/ec2-user/arduino-testlib/cli-datadir/user/libraries/ArduinoUnit/src/ArduinoUnitUtility/ArduinoUnitMock.h:11:0,
                 from /home/ec2-user/arduino-testlib/cli-datadir/user/libraries/ArduinoUnit/src/ArduinoUnitMock.h:4,
                 from /home/ec2-user/arduino-testlib/cli-datadir/user/libraries/ArduinoUnit/src/ArduinoUnit.h:9,
                 from vitro.ino:2:
/home/ec2-user/arduino-testlib/cli-datadir/user/libraries/ArduinoUnit/src/ArduinoUnitUtility/Flash.h:44:7: note: candidates are: class __FlashStringHelper
 class __FlashStringHelper;
       ^~~~~~~~~~~~~~~~~~~
In file included from /home/ec2-user/arduino-testlib/cli-datadir/data/packages/arduino/hardware/megaavr/1.8.7/cores/arduino/api/IPAddress.h:24:0,
                 from /home/ec2-user/arduino-testlib/cli-datadir/data/packages/arduino/hardware/megaavr/1.8.7/cores/arduino/api/ArduinoAPI.h:30,
                 from /home/ec2-user/arduino-testlib/cli-datadir/data/packages/arduino/hardware/megaavr/1.8.7/cores/arduino/Arduino.h:23,
                 from /tmp/arduino-sketch-44369DC9E22EBF259C1B279AC0F70101/sketch/vitro.ino.cpp:1:
/home/ec2-user/arduino-testlib/cli-datadir/data/packages/arduino/hardware/megaavr/1.8.7/cores/arduino/api/String.h:44:7: note:                 class arduino::__FlashStringHelper
 class __FlashStringHelper;
       ^~~~~~~~~~~~~~~~~~~
In file included from /home/ec2-user/arduino-testlib/cli-datadir/user/libraries/ArduinoUnit/src/ArduinoUnitUtility/ArduinoUnitMockPrint.h:119:0,
                 from /home/ec2-user/arduino-testlib/cli-datadir/user/libraries/ArduinoUnit/src/ArduinoUnitUtility/ArduinoUnitMock.h:15,
                 from /home/ec2-user/arduino-testlib/cli-datadir/user/libraries/ArduinoUnit/src/ArduinoUnitMock.h:4,
                 from /home/ec2-user/arduino-testlib/cli-datadir/user/libraries/ArduinoUnit/src/ArduinoUnit.h:9,
                 from vitro.ino:2:
/home/ec2-user/arduino-testlib/cli-datadir/user/libraries/ArduinoUnit/src/ArduinoUnitUtility/ArduinoUnitWiden.h:20:61: error: template argument 1 is invalid
 template&lt; &gt; struct ArduinoUnitWiden &lt; __FlashStringHelper * &gt; { typedef ArduinoUnitString type; };
                                                             ^
In file included from /home/ec2-user/arduino-testlib/cli-datadir/user/libraries/ArduinoUnit/src/ArduinoUnitUtility/ArduinoUnitMock.h:16:0,
                 from /home/ec2-user/arduino-testlib/cli-datadir/user/libraries/ArduinoUnit/src/ArduinoUnitMock.h:4,
                 from /home/ec2-user/arduino-testlib/cli-datadir/user/libraries/ArduinoUnit/src/ArduinoUnit.h:9,
                 from vitro.ino:2:
/home/ec2-user/arduino-testlib/cli-datadir/user/libraries/ArduinoUnit/src/ArduinoUnitUtility/ArduinoUnitMockStream.h:81:20: error: reference to &#39;__FlashStringHelper&#39; is ambiguous
   MockStream(const __FlashStringHelper *_input);
                    ^~~~~~~~~~~~~~~~~~~
In file included from /home/ec2-user/arduino-testlib/cli-datadir/user/libraries/ArduinoUnit/src/ArduinoUnitUtility/ArduinoUnitMock.h:11:0,
                 from /home/ec2-user/arduino-testlib/cli-datadir/user/libraries/ArduinoUnit/src/ArduinoUnitMock.h:4,
                 from /home/ec2-user/arduino-testlib/cli-datadir/user/libraries/ArduinoUnit/src/ArduinoUnit.h:9,
                 from vitro.ino:2:
/home/ec2-user/arduino-testlib/cli-datadir/user/libraries/ArduinoUnit/src/ArduinoUnitUtility/Flash.h:44:7: note: candidates are: class __FlashStringHelper
 class __FlashStringHelper;
       ^~~~~~~~~~~~~~~~~~~
In file included from /home/ec2-user/arduino-testlib/cli-datadir/data/packages/arduino/hardware/megaavr/1.8.7/cores/arduino/api/IPAddress.h:24:0,
                 from /home/ec2-user/arduino-testlib/cli-datadir/data/packages/arduino/hardware/megaavr/1.8.7/cores/arduino/api/ArduinoAPI.h:30,
                 from /home/ec2-user/arduino-testlib/cli-datadir/data/packages/arduino/hardware/megaavr/1.8.7/cores/arduino/Arduino.h:23,
                 from /tmp/arduino-sketch-44369DC9E22EBF259C1B279AC0F70101/sketch/vitro.ino.cpp:1:
/home/ec2-user/arduino-testlib/cli-datadir/data/packages/arduino/hardware/megaavr/1.8.7/cores/arduino/api/String.h:44:7: note:                 class arduino::__FlashStringHelper
 class __FlashStringHelper;
       ^~~~~~~~~~~~~~~~~~~
In file included from /home/ec2-user/arduino-testlib/cli-datadir/user/libraries/ArduinoUnit/src/ArduinoUnit.h:14:0,
                 from vitro.ino:2:
/home/ec2-user/arduino-testlib/cli-datadir/user/libraries/ArduinoUnit/src/ArduinoUnitUtility/ArduinoUnitString.h:29:27: error: reference to &#39;__FlashStringHelper&#39; is ambiguous
   ArduinoUnitString(const __FlashStringHelper *_data);
                           ^~~~~~~~~~~~~~~~~~~
In file included from /home/ec2-user/arduino-testlib/cli-datadir/user/libraries/ArduinoUnit/src/ArduinoUnitUtility/ArduinoUnitMock.h:11:0,
                 from /home/ec2-user/arduino-testlib/cli-datadir/user/libraries/ArduinoUnit/src/ArduinoUnitMock.h:4,
                 from /home/ec2-user/arduino-testlib/cli-datadir/user/libraries/ArduinoUnit/src/ArduinoUnit.h:9,
                 from vitro.ino:2:
/home/ec2-user/arduino-testlib/cli-datadir/user/libraries/ArduinoUnit/src/ArduinoUnitUtility/Flash.h:44:7: note: candidates are: class __FlashStringHelper
 class __FlashStringHelper;
       ^~~~~~~~~~~~~~~~~~~
In file included from /home/ec2-user/arduino-testlib/cli-datadir/data/packages/arduino/hardware/megaavr/1.8.7/cores/arduino/api/IPAddress.h:24:0,
                 from /home/ec2-user/arduino-testlib/cli-datadir/data/packages/arduino/hardware/megaavr/1.8.7/cores/arduino/api/ArduinoAPI.h:30,
                 from /home/ec2-user/arduino-testlib/cli-datadir/data/packages/arduino/hardware/megaavr/1.8.7/cores/arduino/Arduino.h:23,
                 from /tmp/arduino-sketch-44369DC9E22EBF259C1B279AC0F70101/sketch/vitro.ino.cpp:1:
/home/ec2-user/arduino-testlib/cli-datadir/data/packages/arduino/hardware/megaavr/1.8.7/cores/arduino/api/String.h:44:7: note:                 class arduino::__FlashStringHelper
 class __FlashStringHelper;
       ^~~~~~~~~~~~~~~~~~~
In file included from vitro.ino:2:0:
/home/ec2-user/arduino-testlib/cli-datadir/user/libraries/ArduinoUnit/src/ArduinoUnit.h:483:14: error: reference to &#39;__FlashStringHelper&#39; is ambiguous
   Test(const __FlashStringHelper *_name, uint8_t _verbosity = TEST_VERBOSITY_TESTS_ALL|TEST_VERBOSITY_ASSERTIONS_FAILED);
              ^~~~~~~~~~~~~~~~~~~
In file included from /home/ec2-user/arduino-testlib/cli-datadir/user/libraries/ArduinoUnit/src/ArduinoUnitUtility/ArduinoUnitMock.h:11:0,
                 from /home/ec2-user/arduino-testlib/cli-datadir/user/libraries/ArduinoUnit/src/ArduinoUnitMock.h:4,
                 from /home/ec2-user/arduino-testlib/cli-datadir/user/libraries/ArduinoUnit/src/ArduinoUnit.h:9,
                 from vitro.ino:2:
/home/ec2-user/arduino-testlib/cli-datadir/user/libraries/ArduinoUnit/src/ArduinoUnitUtility/Flash.h:44:7: note: candidates are: class __FlashStringHelper
 class __FlashStringHelper;
       ^~~~~~~~~~~~~~~~~~~
In file included from /home/ec2-user/arduino-testlib/cli-datadir/data/packages/arduino/hardware/megaavr/1.8.7/cores/arduino/api/IPAddress.h:24:0,
                 from /home/ec2-user/arduino-testlib/cli-datadir/data/packages/arduino/hardware/megaavr/1.8.7/cores/arduino/api/ArduinoAPI.h:30,
                 from /home/ec2-user/arduino-testlib/cli-datadir/data/packages/arduino/hardware/megaavr/1.8.7/cores/arduino/Arduino.h:23,
                 from /tmp/arduino-sketch-44369DC9E22EBF259C1B279AC0F70101/sketch/vitro.ino.cpp:1:
/home/ec2-user/arduino-testlib/cli-datadir/data/packages/arduino/hardware/megaavr/1.8.7/cores/arduino/api/String.h:44:7: note:                 class arduino::__FlashStringHelper
 class __FlashStringHelper;
       ^~~~~~~~~~~~~~~~~~~
In file included from /home/ec2-user/arduino-testlib/cli-datadir/user/libraries/ArduinoUnit/src/ArduinoUnitUtility/ArduinoUnitMock.h:11:0,
                 from /home/ec2-user/arduino-testlib/cli-datadir/user/libraries/ArduinoUnit/src/ArduinoUnitMock.h:4,
                 from /home/ec2-user/arduino-testlib/cli-datadir/user/libraries/ArduinoUnit/src/ArduinoUnit.h:9,
                 from vitro.ino:2:
/home/ec2-user/arduino-testlib/cli-datadir/user/libraries/ArduinoUnit/src/ArduinoUnitUtility/Flash.h:29:47: error: reference to &#39;__FlashStringHelper&#39; is ambiguous
 #    define ARDUINO_UNIT_DECLARE_STRING const __FlashStringHelper *
                                               ^
/home/ec2-user/arduino-testlib/cli-datadir/user/libraries/ArduinoUnit/src/ArduinoUnit.h:495:27: note: in expansion of macro &#39;ARDUINO_UNIT_DECLARE_STRING&#39;
     static bool assertion(ARDUINO_UNIT_DECLARE_STRING file, uint16_t line, ARDUINO_UNIT_DECLARE_STRING lhss, const A&amp; lhs, ARDUINO_UNIT_DECLARE_STRING ops, bool (*op)(const A&amp; lhs, const B&amp; rhs), ARDUINO_UNIT_DECLARE_STRING rhss, const B&amp; rhs, const F &amp;onMessage) {
                           ^~~~~~~~~~~~~~~~~~~~~~~~~~~
/home/ec2-user/arduino-testlib/cli-datadir/user/libraries/ArduinoUnit/src/ArduinoUnitUtility/Flash.h:44:7: note: candidates are: class __FlashStringHelper
 class __FlashStringHelper;
       ^~~~~~~~~~~~~~~~~~~
In file included from /home/ec2-user/arduino-testlib/cli-datadir/data/packages/arduino/hardware/megaavr/1.8.7/cores/arduino/api/IPAddress.h:24</pre>
					
				
				<h3 id="arduino:samd:mkrwifi1010">arduino:samd:mkrwifi1010 @ 1.8.12</h3>
				<h4>Inclusion</h4>
				<p>
					Result: <b>FAIL</b>
					
				</p>
				<pre class="pre-scrollable">
</pre>

					
					<h4>examples/advanced</h4>
					<p>
						Result: <b>FAIL</b>
					</p>
					<pre class="pre-scrollable">
</pre>
					
					<h4>examples/basic</h4>
					<p>
						Result: <b>FAIL</b>
					</p>
					<pre class="pre-scrollable">
</pre>
					
					<h4>examples/digital_pin_test</h4>
					<p>
						Result: <b>FAIL</b>
					</p>
					<pre class="pre-scrollable">
</pre>
					
					<h4>examples/filter</h4>
					<p>
						Result: <b>FAIL</b>
					</p>
					<pre class="pre-scrollable">
</pre>
					
					<h4>examples/message</h4>
					<p>
						Result: <b>FAIL</b>
					</p>
					<pre class="pre-scrollable">
</pre>
					
					<h4>examples/mockstream</h4>
					<p>
						Result: <b>FAIL</b>
					</p>
					<pre class="pre-scrollable">
</pre>
					
					<h4>examples/verbosity</h4>
					<p>
						Result: <b>FAIL</b>
					</p>
					<pre class="pre-scrollable">/Users/alranel/Documents/git/arduino/arduino-testlib/cli-datadir/user/libraries/ArduinoUnit/examples/verbosity/main.cpp:20:10: fatal error: verbosity.ino: No such file or directory
 #include &#34;verbosity.ino&#34;
          ^~~~~~~~~~~~~~~
compilation terminated.

</pre>
					
					<h4>examples/vitro</h4>
					<p>
						Result: <b>FAIL</b>
					</p>
					<pre class="pre-scrollable">
</pre>
					
				
				<h3 id="esp32:esp32:d1_mini32">esp32:esp32:d1_mini32 @ 1.0.6</h3>
				<h4>Inclusion</h4>
				<p>
					Result: <b>PASS</b>
					
				</p>
				<pre class="pre-scrollable">Sketch uses 201370 bytes (15%) of program storage space. Maximum is 1310720 bytes.
Global variables use 13200 bytes (4%) of dynamic memory, leaving 314480 bytes for local variables. Maximum is 327680 bytes.
</pre>

					
					<h4>examples/advanced</h4>
					<p>
						Result: <b>PASS</b>
					</p>
					<pre class="pre-scrollable">Sketch uses 210482 bytes (16%) of program storage space. Maximum is 1310720 bytes.
Global variables use 13728 bytes (4%) of dynamic memory, leaving 313952 bytes for local variables. Maximum is 327680 bytes.
</pre>
					
					<h4>examples/basic</h4>
					<p>
						Result: <b>PASS</b>
					</p>
					<pre class="pre-scrollable">Sketch uses 207838 bytes (15%) of program storage space. Maximum is 1310720 bytes.
Global variables use 13520 bytes (4%) of dynamic memory, leaving 314160 bytes for local variables. Maximum is 327680 bytes.
</pre>
					
					<h4>examples/digital_pin_test</h4>
					<p>
						Result: <b>PASS</b>
					</p>
					<pre class="pre-scrollable">Sketch uses 208758 bytes (15%) of program storage space. Maximum is 1310720 bytes.
Global variables use 13632 bytes (4%) of dynamic memory, leaving 314048 bytes for local variables. Maximum is 327680 bytes.
</pre>
					
					<h4>examples/filter</h4>
					<p>
						Result: <b>PASS</b>
					</p>
					<pre class="pre-scrollable">Sketch uses 208430 bytes (15%) of program storage space. Maximum is 1310720 bytes.
Global variables use 13632 bytes (4%) of dynamic memory, leaving 314048 bytes for local variables. Maximum is 327680 bytes.
</pre>
					
					<h4>examples/message</h4>
					<p>
						Result: <b>PASS</b>
					</p>
					<pre class="pre-scrollable">Sketch uses 208390 bytes (15%) of program storage space. Maximum is 1310720 bytes.
Global variables use 13544 bytes (4%) of dynamic memory, leaving 314136 bytes for local variables. Maximum is 327680 bytes.
</pre>
					
					<h4>examples/mockstream</h4>
					<p>
						Result: <b>PASS</b>
					</p>
					<pre class="pre-scrollable">Sketch uses 211322 bytes (16%) of program storage space. Maximum is 1310720 bytes.
Global variables use 13576 bytes (4%) of dynamic memory, leaving 314104 bytes for local variables. Maximum is 327680 bytes.
</pre>
					
					<h4>examples/verbosity</h4>
					<p>
						Result: <b>FAIL</b>
					</p>
					<pre class="pre-scrollable">/home/ec2-user/arduino-testlib/cli-datadir/user/libraries/ArduinoUnit/examples/verbosity/main.cpp:20:25: fatal error: verbosity.ino: No such file or directory
compilation terminated.

</pre>
					
					<h4>examples/vitro</h4>
					<p>
						Result: <b>PASS</b>
					</p>
					<pre class="pre-scrollable">Sketch uses 207838 bytes (15%) of program storage space. Maximum is 1310720 bytes.
Global variables use 13520 bytes (4%) of dynamic memory, leaving 314160 bytes for local variables. Maximum is 327680 bytes.
</pre>
					
				
			</div>
		</div>
	</div>
  </body>
</html>
