
<!doctype html>
<html lang="en">
  <head>
    <meta charset="utf-8">
    <meta name="viewport" content="width=device-width, initial-scale=1">
    <link href="https://cdn.jsdelivr.net/npm/bootstrap@5.0.2/dist/css/bootstrap.min.css" rel="stylesheet" integrity="sha384-EVSTQN3/azprG1Anm3QDgpJLIm9Nao0Yz1ztcQTwFspd3yD65VohhpuuCOmLASjC" crossorigin="anonymous">
    <title>arduino-testlib report</title>
	<style>
	.pass { background-color: #00FF00 !important; }
	.fail { background-color: #FF0000 !important; }
	</style>
  </head>
  <body>
	<div class="container">
		<div class="row">
			<div class="col">
				<h1>ArduinoSound - compatibility matrix</h1>
				<p>
					<small>This report was generated on Monday, 21-Feb-22 12:00:25 CET using 
					<a href="https://github.com/alranel/arduino-testlib">arduino-testlib</a>.</small>
				</p>

				<h2>ArduinoSound</h2>
				<p>
					Version: <b>0.2.1</b>
					<br />
					<a href="https://www.arduino.cc/reference/en/libraries/arduinosound/">More details</a>
				</p>

				<h2>Compatibility matrix</h2>
				<table class="table table-bordered">
					<tr>
						<th>Board</th>
						<th>Claims compatibility</th>
						<th>Inclusion</th>
						
						<th><pre>SpectrumSerialPlotter</pre></th>
						
						<th><pre>WavePlayback</pre></th>
						
						<th><pre>WhistleDetector</pre></th>
						
						<th><pre>AmplitudeSerialPlotter</pre></th>
						
						<th><pre>ClapDetector</pre></th>
						
					</tr>
					
					<tr>
						<td>
							<a href="#arduino%3aavr%3auno"><b>arduino:avr:uno</b></a>
							<br />
							<small>1.8.4</small>
						</td>

						
						
						
						
							<td>No</td>
							<td class="fail">FAIL</td>
						

						
							
								
									
										
									
										
									
										
											
											<td class="fail">FAIL</td>
										
									
										
									
										
									
								
							
								
							
								
							
								
							
								
							
						
							
								
									
										
									
										
									
										
									
										
											
											<td class="fail">FAIL</td>
										
									
										
									
								
							
								
							
								
							
								
							
								
							
						
							
								
									
										
									
										
									
										
									
										
									
										
											
											<td class="fail">FAIL</td>
										
									
								
							
								
							
								
							
								
							
								
							
						
							
								
									
										
											
											<td class="fail">FAIL</td>
										
									
										
									
										
									
										
									
										
									
								
							
								
							
								
							
								
							
								
							
						
							
								
									
										
									
										
											
											<td class="fail">FAIL</td>
										
									
										
									
										
									
										
									
								
							
								
							
								
							
								
							
								
							
						
					</tr>
					
					<tr>
						<td>
							<a href="#arduino%3ambed_nano%3ananorp2040connect"><b>arduino:mbed_nano:nanorp2040connect</b></a>
							<br />
							<small>2.7.2</small>
						</td>

						
						
						
						
							<td>No</td>
							<td class="fail">FAIL</td>
						

						
							
								
							
								
									
										
									
										
									
										
											
											<td class="fail">FAIL</td>
										
									
										
									
										
									
								
							
								
							
								
							
								
							
						
							
								
							
								
									
										
									
										
									
										
									
										
											
											<td class="fail">FAIL</td>
										
									
										
									
								
							
								
							
								
							
								
							
						
							
								
							
								
									
										
									
										
									
										
									
										
									
										
											
											<td class="fail">FAIL</td>
										
									
								
							
								
							
								
							
								
							
						
							
								
							
								
									
										
											
											<td class="fail">FAIL</td>
										
									
										
									
										
									
										
									
										
									
								
							
								
							
								
							
								
							
						
							
								
							
								
									
										
									
										
											
											<td class="fail">FAIL</td>
										
									
										
									
										
									
										
									
								
							
								
							
								
							
								
							
						
					</tr>
					
					<tr>
						<td>
							<a href="#arduino%3amegaavr%3anona4809"><b>arduino:megaavr:nona4809</b></a>
							<br />
							<small>1.8.7</small>
						</td>

						
						
						
						
							<td>No</td>
							<td class="fail">FAIL</td>
						

						
							
								
							
								
							
								
									
										
									
										
									
										
											
											<td class="fail">FAIL</td>
										
									
										
									
										
									
								
							
								
							
								
							
						
							
								
							
								
							
								
									
										
									
										
									
										
									
										
											
											<td class="fail">FAIL</td>
										
									
										
									
								
							
								
							
								
							
						
							
								
							
								
							
								
									
										
									
										
									
										
									
										
									
										
											
											<td class="fail">FAIL</td>
										
									
								
							
								
							
								
							
						
							
								
							
								
							
								
									
										
											
											<td class="fail">FAIL</td>
										
									
										
									
										
									
										
									
										
									
								
							
								
							
								
							
						
							
								
							
								
							
								
									
										
									
										
											
											<td class="fail">FAIL</td>
										
									
										
									
										
									
										
									
								
							
								
							
								
							
						
					</tr>
					
					<tr>
						<td>
							<a href="#arduino%3asamd%3amkrwifi1010"><b>arduino:samd:mkrwifi1010</b></a>
							<br />
							<small>1.8.12</small>
						</td>

						
							<td>Yes</td>
							<td class="pass">PASS</td>
						
						
						
						

						
							
								
							
								
							
								
							
								
									
										
									
										
									
										
											<td class="pass">PASS</td>
											
										
									
										
									
										
									
								
							
								
							
						
							
								
							
								
							
								
							
								
									
										
									
										
									
										
									
										
											<td class="pass">PASS</td>
											
										
									
										
									
								
							
								
							
						
							
								
							
								
							
								
							
								
									
										
									
										
									
										
									
										
									
										
											<td class="pass">PASS</td>
											
										
									
								
							
								
							
						
							
								
							
								
							
								
							
								
									
										
											<td class="pass">PASS</td>
											
										
									
										
									
										
									
										
									
										
									
								
							
								
							
						
							
								
							
								
							
								
							
								
									
										
									
										
											<td class="pass">PASS</td>
											
										
									
										
									
										
									
										
									
								
							
								
							
						
					</tr>
					
					<tr>
						<td>
							<a href="#esp32%3aesp32%3ad1_mini32"><b>esp32:esp32:d1_mini32</b></a>
							<br />
							<small>1.0.6</small>
						</td>

						
						
						
						
							<td>No</td>
							<td class="fail">FAIL</td>
						

						
							
								
							
								
							
								
							
								
							
								
									
										
									
										
									
										
											
											<td class="fail">FAIL</td>
										
									
										
									
										
									
								
							
						
							
								
							
								
							
								
							
								
							
								
									
										
									
										
									
										
									
										
											
											<td class="fail">FAIL</td>
										
									
										
									
								
							
						
							
								
							
								
							
								
							
								
							
								
									
										
									
										
									
										
									
										
									
										
											
											<td class="fail">FAIL</td>
										
									
								
							
						
							
								
							
								
							
								
							
								
							
								
									
										
											
											<td class="fail">FAIL</td>
										
									
										
									
										
									
										
									
										
									
								
							
						
							
								
							
								
							
								
							
								
							
								
									
										
									
										
											
											<td class="fail">FAIL</td>
										
									
										
									
										
									
										
									
								
							
						
					</tr>
					
				</table>

				<h2>Compilation logs</h2>
				
				<h3 id="arduino:avr:uno">arduino:avr:uno @ 1.8.4</h3>
				<h4>Inclusion</h4>
				<p>
					Result: <b>FAIL</b>
					
				</p>
				<pre class="pre-scrollable">In file included from /Users/alranel/Documents/git/arduino/arduino-testlib/cli-datadir/user/libraries/ArduinoSound/src/AmplitudeAnalyzer.h:25:0,
                 from /Users/alranel/Documents/git/arduino/arduino-testlib/cli-datadir/user/libraries/ArduinoSound/src/ArduinoSound.h:28,
                 from /private/tmp/arduino-testlib3364329059/test/test.ino:1:
/Users/alranel/Documents/git/arduino/arduino-testlib/cli-datadir/user/libraries/Arduino_CMSIS-DSP/src/arm_math.h:390:10: fatal error: cmsis_compiler.h: No such file or directory
 #include &#34;cmsis_compiler.h&#34;
          ^~~~~~~~~~~~~~~~~~
compilation terminated.

</pre>

					
					<h4>examples/AmplitudeSerialPlotter</h4>
					<p>
						Result: <b>FAIL</b>
					</p>
					<pre class="pre-scrollable">In file included from /Users/alranel/Documents/git/arduino/arduino-testlib/cli-datadir/user/libraries/ArduinoSound/src/AmplitudeAnalyzer.h:25:0,
                 from /Users/alranel/Documents/git/arduino/arduino-testlib/cli-datadir/user/libraries/ArduinoSound/src/ArduinoSound.h:28,
                 from /Users/alranel/Documents/git/arduino/arduino-testlib/cli-datadir/user/libraries/ArduinoSound/examples/AmplitudeSerialPlotter/AmplitudeSerialPlotter.ino:20:
/Users/alranel/Documents/git/arduino/arduino-testlib/cli-datadir/user/libraries/Arduino_CMSIS-DSP/src/arm_math.h:390:10: fatal error: cmsis_compiler.h: No such file or directory
 #include &#34;cmsis_compiler.h&#34;
          ^~~~~~~~~~~~~~~~~~
compilation terminated.

</pre>
					
					<h4>examples/ClapDetector</h4>
					<p>
						Result: <b>FAIL</b>
					</p>
					<pre class="pre-scrollable">In file included from /Users/alranel/Documents/git/arduino/arduino-testlib/cli-datadir/user/libraries/ArduinoSound/src/AmplitudeAnalyzer.h:25:0,
                 from /Users/alranel/Documents/git/arduino/arduino-testlib/cli-datadir/user/libraries/ArduinoSound/src/ArduinoSound.h:28,
                 from /Users/alranel/Documents/git/arduino/arduino-testlib/cli-datadir/user/libraries/ArduinoSound/examples/ClapDetector/ClapDetector.ino:19:
/Users/alranel/Documents/git/arduino/arduino-testlib/cli-datadir/user/libraries/Arduino_CMSIS-DSP/src/arm_math.h:390:10: fatal error: cmsis_compiler.h: No such file or directory
 #include &#34;cmsis_compiler.h&#34;
          ^~~~~~~~~~~~~~~~~~
compilation terminated.

</pre>
					
					<h4>examples/SpectrumSerialPlotter</h4>
					<p>
						Result: <b>FAIL</b>
					</p>
					<pre class="pre-scrollable">In file included from /Users/alranel/Documents/git/arduino/arduino-testlib/cli-datadir/user/libraries/ArduinoSound/src/AmplitudeAnalyzer.h:25:0,
                 from /Users/alranel/Documents/git/arduino/arduino-testlib/cli-datadir/user/libraries/ArduinoSound/src/ArduinoSound.h:28,
                 from /Users/alranel/Documents/git/arduino/arduino-testlib/cli-datadir/user/libraries/ArduinoSound/examples/SpectrumSerialPlotter/SpectrumSerialPlotter.ino:20:
/Users/alranel/Documents/git/arduino/arduino-testlib/cli-datadir/user/libraries/Arduino_CMSIS-DSP/src/arm_math.h:390:10: fatal error: cmsis_compiler.h: No such file or directory
 #include &#34;cmsis_compiler.h&#34;
          ^~~~~~~~~~~~~~~~~~
compilation terminated.

</pre>
					
					<h4>examples/WavePlayback</h4>
					<p>
						Result: <b>FAIL</b>
					</p>
					<pre class="pre-scrollable">In file included from /Users/alranel/Documents/git/arduino/arduino-testlib/cli-datadir/user/libraries/ArduinoSound/src/AmplitudeAnalyzer.h:25:0,
                 from /Users/alranel/Documents/git/arduino/arduino-testlib/cli-datadir/user/libraries/ArduinoSound/src/ArduinoSound.h:28,
                 from /Users/alranel/Documents/git/arduino/arduino-testlib/cli-datadir/user/libraries/ArduinoSound/examples/WavePlayback/WavePlayback.ino:20:
/Users/alranel/Documents/git/arduino/arduino-testlib/cli-datadir/user/libraries/Arduino_CMSIS-DSP/src/arm_math.h:390:10: fatal error: cmsis_compiler.h: No such file or directory
 #include &#34;cmsis_compiler.h&#34;
          ^~~~~~~~~~~~~~~~~~
compilation terminated.

</pre>
					
					<h4>examples/WhistleDetector</h4>
					<p>
						Result: <b>FAIL</b>
					</p>
					<pre class="pre-scrollable">In file included from /Users/alranel/Documents/git/arduino/arduino-testlib/cli-datadir/user/libraries/ArduinoSound/src/AmplitudeAnalyzer.h:25:0,
                 from /Users/alranel/Documents/git/arduino/arduino-testlib/cli-datadir/user/libraries/ArduinoSound/src/ArduinoSound.h:28,
                 from /Users/alranel/Documents/git/arduino/arduino-testlib/cli-datadir/user/libraries/ArduinoSound/examples/WhistleDetector/WhistleDetector.ino:20:
/Users/alranel/Documents/git/arduino/arduino-testlib/cli-datadir/user/libraries/Arduino_CMSIS-DSP/src/arm_math.h:390:10: fatal error: cmsis_compiler.h: No such file or directory
 #include &#34;cmsis_compiler.h&#34;
          ^~~~~~~~~~~~~~~~~~
compilation terminated.

</pre>
					
				
				<h3 id="arduino:mbed_nano:nanorp2040connect">arduino:mbed_nano:nanorp2040connect @ 2.7.2</h3>
				<h4>Inclusion</h4>
				<p>
					Result: <b>FAIL</b>
					
				</p>
				<pre class="pre-scrollable">/home/ec2-user/arduino-testlib/cli-datadir/user/libraries/ArduinoSound/src/AudioInI2S.cpp:19:10: fatal error: I2S.h: No such file or directory
 #include &lt;I2S.h&gt;
          ^~~~~~~
compilation terminated.

</pre>

					
					<h4>examples/AmplitudeSerialPlotter</h4>
					<p>
						Result: <b>FAIL</b>
					</p>
					<pre class="pre-scrollable">/home/ec2-user/arduino-testlib/cli-datadir/user/libraries/ArduinoSound/src/AudioInI2S.cpp:19:10: fatal error: I2S.h: No such file or directory
 #include &lt;I2S.h&gt;
          ^~~~~~~
compilation terminated.

</pre>
					
					<h4>examples/ClapDetector</h4>
					<p>
						Result: <b>FAIL</b>
					</p>
					<pre class="pre-scrollable">/home/ec2-user/arduino-testlib/cli-datadir/user/libraries/ArduinoSound/src/AudioInI2S.cpp:19:10: fatal error: I2S.h: No such file or directory
 #include &lt;I2S.h&gt;
          ^~~~~~~
compilation terminated.

</pre>
					
					<h4>examples/SpectrumSerialPlotter</h4>
					<p>
						Result: <b>FAIL</b>
					</p>
					<pre class="pre-scrollable">/home/ec2-user/arduino-testlib/cli-datadir/user/libraries/ArduinoSound/src/AudioInI2S.cpp:19:10: fatal error: I2S.h: No such file or directory
 #include &lt;I2S.h&gt;
          ^~~~~~~
compilation terminated.

</pre>
					
					<h4>examples/WavePlayback</h4>
					<p>
						Result: <b>FAIL</b>
					</p>
					<pre class="pre-scrollable">/home/ec2-user/arduino-testlib/cli-datadir/user/libraries/ArduinoSound/src/AudioInI2S.cpp:19:10: fatal error: I2S.h: No such file or directory
 #include &lt;I2S.h&gt;
          ^~~~~~~
compilation terminated.

</pre>
					
					<h4>examples/WhistleDetector</h4>
					<p>
						Result: <b>FAIL</b>
					</p>
					<pre class="pre-scrollable">/home/ec2-user/arduino-testlib/cli-datadir/user/libraries/ArduinoSound/src/AudioInI2S.cpp:19:10: fatal error: I2S.h: No such file or directory
 #include &lt;I2S.h&gt;
          ^~~~~~~
compilation terminated.

</pre>
					
				
				<h3 id="arduino:megaavr:nona4809">arduino:megaavr:nona4809 @ 1.8.7</h3>
				<h4>Inclusion</h4>
				<p>
					Result: <b>FAIL</b>
					
				</p>
				<pre class="pre-scrollable">In file included from /home/ec2-user/arduino-testlib/cli-datadir/user/libraries/ArduinoSound/src/AmplitudeAnalyzer.h:25:0,
                 from /home/ec2-user/arduino-testlib/cli-datadir/user/libraries/ArduinoSound/src/ArduinoSound.h:28,
                 from /tmp/arduino-testlib3282992274/test/test.ino:1:
/home/ec2-user/arduino-testlib/cli-datadir/user/libraries/Arduino_CMSIS-DSP/src/arm_math.h:390:10: fatal error: cmsis_compiler.h: No such file or directory
 #include &#34;cmsis_compiler.h&#34;
          ^~~~~~~~~~~~~~~~~~
compilation terminated.

</pre>

					
					<h4>examples/AmplitudeSerialPlotter</h4>
					<p>
						Result: <b>FAIL</b>
					</p>
					<pre class="pre-scrollable">In file included from /home/ec2-user/arduino-testlib/cli-datadir/user/libraries/ArduinoSound/src/AmplitudeAnalyzer.h:25:0,
                 from /home/ec2-user/arduino-testlib/cli-datadir/user/libraries/ArduinoSound/src/ArduinoSound.h:28,
                 from /home/ec2-user/arduino-testlib/cli-datadir/user/libraries/ArduinoSound/examples/AmplitudeSerialPlotter/AmplitudeSerialPlotter.ino:20:
/home/ec2-user/arduino-testlib/cli-datadir/user/libraries/Arduino_CMSIS-DSP/src/arm_math.h:390:10: fatal error: cmsis_compiler.h: No such file or directory
 #include &#34;cmsis_compiler.h&#34;
          ^~~~~~~~~~~~~~~~~~
compilation terminated.

</pre>
					
					<h4>examples/ClapDetector</h4>
					<p>
						Result: <b>FAIL</b>
					</p>
					<pre class="pre-scrollable">In file included from /home/ec2-user/arduino-testlib/cli-datadir/user/libraries/ArduinoSound/src/AmplitudeAnalyzer.h:25:0,
                 from /home/ec2-user/arduino-testlib/cli-datadir/user/libraries/ArduinoSound/src/ArduinoSound.h:28,
                 from /home/ec2-user/arduino-testlib/cli-datadir/user/libraries/ArduinoSound/examples/ClapDetector/ClapDetector.ino:19:
/home/ec2-user/arduino-testlib/cli-datadir/user/libraries/Arduino_CMSIS-DSP/src/arm_math.h:390:10: fatal error: cmsis_compiler.h: No such file or directory
 #include &#34;cmsis_compiler.h&#34;
          ^~~~~~~~~~~~~~~~~~
compilation terminated.

</pre>
					
					<h4>examples/SpectrumSerialPlotter</h4>
					<p>
						Result: <b>FAIL</b>
					</p>
					<pre class="pre-scrollable">In file included from /home/ec2-user/arduino-testlib/cli-datadir/user/libraries/ArduinoSound/src/AmplitudeAnalyzer.h:25:0,
                 from /home/ec2-user/arduino-testlib/cli-datadir/user/libraries/ArduinoSound/src/ArduinoSound.h:28,
                 from /home/ec2-user/arduino-testlib/cli-datadir/user/libraries/ArduinoSound/examples/SpectrumSerialPlotter/SpectrumSerialPlotter.ino:20:
/home/ec2-user/arduino-testlib/cli-datadir/user/libraries/Arduino_CMSIS-DSP/src/arm_math.h:390:10: fatal error: cmsis_compiler.h: No such file or directory
 #include &#34;cmsis_compiler.h&#34;
          ^~~~~~~~~~~~~~~~~~
compilation terminated.

</pre>
					
					<h4>examples/WavePlayback</h4>
					<p>
						Result: <b>FAIL</b>
					</p>
					<pre class="pre-scrollable">In file included from /home/ec2-user/arduino-testlib/cli-datadir/user/libraries/ArduinoSound/src/AmplitudeAnalyzer.h:25:0,
                 from /home/ec2-user/arduino-testlib/cli-datadir/user/libraries/ArduinoSound/src/ArduinoSound.h:28,
                 from /home/ec2-user/arduino-testlib/cli-datadir/user/libraries/ArduinoSound/examples/WavePlayback/WavePlayback.ino:20:
/home/ec2-user/arduino-testlib/cli-datadir/user/libraries/Arduino_CMSIS-DSP/src/arm_math.h:390:10: fatal error: cmsis_compiler.h: No such file or directory
 #include &#34;cmsis_compiler.h&#34;
          ^~~~~~~~~~~~~~~~~~
compilation terminated.

</pre>
					
					<h4>examples/WhistleDetector</h4>
					<p>
						Result: <b>FAIL</b>
					</p>
					<pre class="pre-scrollable">In file included from /home/ec2-user/arduino-testlib/cli-datadir/user/libraries/ArduinoSound/src/AmplitudeAnalyzer.h:25:0,
                 from /home/ec2-user/arduino-testlib/cli-datadir/user/libraries/ArduinoSound/src/ArduinoSound.h:28,
                 from /home/ec2-user/arduino-testlib/cli-datadir/user/libraries/ArduinoSound/examples/WhistleDetector/WhistleDetector.ino:20:
/home/ec2-user/arduino-testlib/cli-datadir/user/libraries/Arduino_CMSIS-DSP/src/arm_math.h:390:10: fatal error: cmsis_compiler.h: No such file or directory
 #include &#34;cmsis_compiler.h&#34;
          ^~~~~~~~~~~~~~~~~~
compilation terminated.

</pre>
					
				
				<h3 id="arduino:samd:mkrwifi1010">arduino:samd:mkrwifi1010 @ 1.8.12</h3>
				<h4>Inclusion</h4>
				<p>
					Result: <b>PASS</b>
					
				</p>
				<pre class="pre-scrollable">Sketch uses 21700 bytes (8%) of program storage space. Maximum is 262144 bytes.
Global variables use 3924 bytes (11%) of dynamic memory, leaving 28844 bytes for local variables. Maximum is 32768 bytes.
</pre>

					
					<h4>examples/AmplitudeSerialPlotter</h4>
					<p>
						Result: <b>PASS</b>
					</p>
					<pre class="pre-scrollable">Sketch uses 24964 bytes (9%) of program storage space. Maximum is 262144 bytes.
Global variables use 3940 bytes (12%) of dynamic memory, leaving 28828 bytes for local variables. Maximum is 32768 bytes.
</pre>
					
					<h4>examples/ClapDetector</h4>
					<p>
						Result: <b>PASS</b>
					</p>
					<pre class="pre-scrollable">Sketch uses 24872 bytes (9%) of program storage space. Maximum is 262144 bytes.
Global variables use 3940 bytes (12%) of dynamic memory, leaving 28828 bytes for local variables. Maximum is 32768 bytes.
</pre>
					
					<h4>examples/SpectrumSerialPlotter</h4>
					<p>
						Result: <b>PASS</b>
					</p>
					<pre class="pre-scrollable">Sketch uses 224196 bytes (85%) of program storage space. Maximum is 262144 bytes.
Global variables use 4260 bytes (13%) of dynamic memory, leaving 28508 bytes for local variables. Maximum is 32768 bytes.
</pre>
					
					<h4>examples/WavePlayback</h4>
					<p>
						Result: <b>PASS</b>
					</p>
					<pre class="pre-scrollable">Sketch uses 30480 bytes (11%) of program storage space. Maximum is 262144 bytes.
Global variables use 4012 bytes (12%) of dynamic memory, leaving 28756 bytes for local variables. Maximum is 32768 bytes.
</pre>
					
					<h4>examples/WhistleDetector</h4>
					<p>
						Result: <b>PASS</b>
					</p>
					<pre class="pre-scrollable">Sketch uses 224504 bytes (85%) of program storage space. Maximum is 262144 bytes.
Global variables use 4300 bytes (13%) of dynamic memory, leaving 28468 bytes for local variables. Maximum is 32768 bytes.
</pre>
					
				
				<h3 id="esp32:esp32:d1_mini32">esp32:esp32:d1_mini32 @ 1.0.6</h3>
				<h4>Inclusion</h4>
				<p>
					Result: <b>FAIL</b>
					
				</p>
				<pre class="pre-scrollable">In file included from /home/ec2-user/arduino-testlib/cli-datadir/user/libraries/ArduinoSound/src/AmplitudeAnalyzer.h:25:0,
                 from /home/ec2-user/arduino-testlib/cli-datadir/user/libraries/ArduinoSound/src/ArduinoSound.h:28,
                 from /tmp/arduino-testlib3300481121/test/test.ino:1:
/home/ec2-user/arduino-testlib/cli-datadir/user/libraries/Arduino_CMSIS-DSP/src/arm_math.h:390:28: fatal error: cmsis_compiler.h: No such file or directory
compilation terminated.

</pre>

					
					<h4>examples/AmplitudeSerialPlotter</h4>
					<p>
						Result: <b>FAIL</b>
					</p>
					<pre class="pre-scrollable">In file included from /home/ec2-user/arduino-testlib/cli-datadir/user/libraries/ArduinoSound/src/AmplitudeAnalyzer.h:25:0,
                 from /home/ec2-user/arduino-testlib/cli-datadir/user/libraries/ArduinoSound/src/ArduinoSound.h:28,
                 from /home/ec2-user/arduino-testlib/cli-datadir/user/libraries/ArduinoSound/examples/AmplitudeSerialPlotter/AmplitudeSerialPlotter.ino:20:
/home/ec2-user/arduino-testlib/cli-datadir/user/libraries/Arduino_CMSIS-DSP/src/arm_math.h:390:28: fatal error: cmsis_compiler.h: No such file or directory
compilation terminated.

</pre>
					
					<h4>examples/ClapDetector</h4>
					<p>
						Result: <b>FAIL</b>
					</p>
					<pre class="pre-scrollable">In file included from /home/ec2-user/arduino-testlib/cli-datadir/user/libraries/ArduinoSound/src/AmplitudeAnalyzer.h:25:0,
                 from /home/ec2-user/arduino-testlib/cli-datadir/user/libraries/ArduinoSound/src/ArduinoSound.h:28,
                 from /home/ec2-user/arduino-testlib/cli-datadir/user/libraries/ArduinoSound/examples/ClapDetector/ClapDetector.ino:19:
/home/ec2-user/arduino-testlib/cli-datadir/user/libraries/Arduino_CMSIS-DSP/src/arm_math.h:390:28: fatal error: cmsis_compiler.h: No such file or directory
compilation terminated.

</pre>
					
					<h4>examples/SpectrumSerialPlotter</h4>
					<p>
						Result: <b>FAIL</b>
					</p>
					<pre class="pre-scrollable">In file included from /home/ec2-user/arduino-testlib/cli-datadir/user/libraries/ArduinoSound/src/AmplitudeAnalyzer.h:25:0,
                 from /home/ec2-user/arduino-testlib/cli-datadir/user/libraries/ArduinoSound/src/ArduinoSound.h:28,
                 from /home/ec2-user/arduino-testlib/cli-datadir/user/libraries/ArduinoSound/examples/SpectrumSerialPlotter/SpectrumSerialPlotter.ino:20:
/home/ec2-user/arduino-testlib/cli-datadir/user/libraries/Arduino_CMSIS-DSP/src/arm_math.h:390:28: fatal error: cmsis_compiler.h: No such file or directory
compilation terminated.

</pre>
					
					<h4>examples/WavePlayback</h4>
					<p>
						Result: <b>FAIL</b>
					</p>
					<pre class="pre-scrollable">In file included from /home/ec2-user/arduino-testlib/cli-datadir/user/libraries/SD/src/utility/Sd2Card.h:26:0,
                 from /home/ec2-user/arduino-testlib/cli-datadir/user/libraries/SD/src/utility/SdFat.h:29,
                 from /home/ec2-user/arduino-testlib/cli-datadir/user/libraries/SD/src/SD.h:20,
                 from /home/ec2-user/arduino-testlib/cli-datadir/user/libraries/ArduinoSound/examples/WavePlayback/WavePlayback.ino:19:
/home/ec2-user/arduino-testlib/cli-datadir/user/libraries/SD/src/utility/Sd2PinMap.h:524:2: error: #error Architecture or board not supported.
 #error Architecture or board not supported.
  ^
In file included from /home/ec2-user/arduino-testlib/cli-datadir/user/libraries/ArduinoSound/src/AmplitudeAnalyzer.h:25:0,
                 from /home/ec2-user/arduino-testlib/cli-datadir/user/libraries/ArduinoSound/src/ArduinoSound.h:28,
                 from /home/ec2-user/arduino-testlib/cli-datadir/user/libraries/ArduinoSound/examples/WavePlayback/WavePlayback.ino:20:
/home/ec2-user/arduino-testlib/cli-datadir/user/libraries/Arduino_CMSIS-DSP/src/arm_math.h:390:28: fatal error: cmsis_compiler.h: No such file or directory
compilation terminated.
Multiple libraries were found for &#34;SD.h&#34;
  Used: /home/ec2-user/arduino-testlib/cli-datadir/user/libraries/SD
  Not used: /home/ec2-user/arduino-testlib/cli-datadir/data/packages/esp32/hardware/esp32/1.0.6/libraries/SD
</pre>
					
					<h4>examples/WhistleDetector</h4>
					<p>
						Result: <b>FAIL</b>
					</p>
					<pre class="pre-scrollable">In file included from /home/ec2-user/arduino-testlib/cli-datadir/user/libraries/ArduinoSound/src/AmplitudeAnalyzer.h:25:0,
                 from /home/ec2-user/arduino-testlib/cli-datadir/user/libraries/ArduinoSound/src/ArduinoSound.h:28,
                 from /home/ec2-user/arduino-testlib/cli-datadir/user/libraries/ArduinoSound/examples/WhistleDetector/WhistleDetector.ino:20:
/home/ec2-user/arduino-testlib/cli-datadir/user/libraries/Arduino_CMSIS-DSP/src/arm_math.h:390:28: fatal error: cmsis_compiler.h: No such file or directory
compilation terminated.

</pre>
					
				
			</div>
		</div>
	</div>
  </body>
</html>
