
<!doctype html>
<html lang="en">
  <head>
    <meta charset="utf-8">
    <meta name="viewport" content="width=device-width, initial-scale=1">
    <link href="https://cdn.jsdelivr.net/npm/bootstrap@5.0.2/dist/css/bootstrap.min.css" rel="stylesheet" integrity="sha384-EVSTQN3/azprG1Anm3QDgpJLIm9Nao0Yz1ztcQTwFspd3yD65VohhpuuCOmLASjC" crossorigin="anonymous">
    <title>arduino-testlib report</title>
	<style>
	.pass { background-color: #00FF00 !important; }
	.fail { background-color: #FF0000 !important; }
	</style>
  </head>
  <body>
	<div class="container">
		<div class="row">
			<div class="col">
				<h1>Arduboy - compatibility matrix</h1>
				<p>
					<small>This report was generated on Monday, 21-Feb-22 12:00:25 CET using 
					<a href="https://github.com/alranel/arduino-testlib">arduino-testlib</a>.</small>
				</p>

				<h2>Arduboy</h2>
				<p>
					Version: <b>1.1.1</b>
					<br />
					<a href="https://www.arduino.cc/reference/en/libraries/arduboy/">More details</a>
				</p>

				<h2>Compatibility matrix</h2>
				<table class="table table-bordered">
					<tr>
						<th>Board</th>
						<th>Claims compatibility</th>
						<th>Inclusion</th>
						
						<th><pre>HelloWorld</pre></th>
						
						<th><pre>Performance</pre></th>
						
						<th><pre>Tunes</pre></th>
						
						<th><pre>ArduBreakout</pre></th>
						
						<th><pre>Buttons</pre></th>
						
					</tr>
					
					<tr>
						<td>
							<a href="#arduino%3aavr%3auno"><b>arduino:avr:uno</b></a>
							<br />
							<small>1.8.4</small>
						</td>

						
						
						
							<td>Yes ⚠️</td>
							<td class="fail">FAIL</td>
						
						

						
							
								
									
										
									
										
									
										
											
											<td class="fail">FAIL</td>
										
									
										
									
										
									
								
							
								
							
								
							
								
							
								
							
						
							
								
									
										
									
										
									
										
									
										
											
											<td class="fail">FAIL</td>
										
									
										
									
								
							
								
							
								
							
								
							
								
							
						
							
								
									
										
									
										
									
										
									
										
									
										
											
											<td class="fail">FAIL</td>
										
									
								
							
								
							
								
							
								
							
								
							
						
							
								
									
										
											
											<td class="fail">FAIL</td>
										
									
										
									
										
									
										
									
										
									
								
							
								
							
								
							
								
							
								
							
						
							
								
									
										
									
										
											
											<td class="fail">FAIL</td>
										
									
										
									
										
									
										
									
								
							
								
							
								
							
								
							
								
							
						
					</tr>
					
					<tr>
						<td>
							<a href="#arduino%3ambed_nano%3ananorp2040connect"><b>arduino:mbed_nano:nanorp2040connect</b></a>
							<br />
							<small>2.7.2</small>
						</td>

						
						
						
						
							<td>No</td>
							<td class="fail">FAIL</td>
						

						
							
								
							
								
									
										
									
										
									
										
											
											<td class="fail">FAIL</td>
										
									
										
									
										
									
								
							
								
							
								
							
								
							
						
							
								
							
								
									
										
									
										
									
										
									
										
											
											<td class="fail">FAIL</td>
										
									
										
									
								
							
								
							
								
							
								
							
						
							
								
							
								
									
										
									
										
									
										
									
										
									
										
											
											<td class="fail">FAIL</td>
										
									
								
							
								
							
								
							
								
							
						
							
								
							
								
									
										
											
											<td class="fail">FAIL</td>
										
									
										
									
										
									
										
									
										
									
								
							
								
							
								
							
								
							
						
							
								
							
								
									
										
									
										
											
											<td class="fail">FAIL</td>
										
									
										
									
										
									
										
									
								
							
								
							
								
							
								
							
						
					</tr>
					
					<tr>
						<td>
							<a href="#arduino%3amegaavr%3anona4809"><b>arduino:megaavr:nona4809</b></a>
							<br />
							<small>1.8.7</small>
						</td>

						
						
						
						
							<td>No</td>
							<td class="fail">FAIL</td>
						

						
							
								
							
								
							
								
									
										
									
										
									
										
											
											<td class="fail">FAIL</td>
										
									
										
									
										
									
								
							
								
							
								
							
						
							
								
							
								
							
								
									
										
									
										
									
										
									
										
											
											<td class="fail">FAIL</td>
										
									
										
									
								
							
								
							
								
							
						
							
								
							
								
							
								
									
										
									
										
									
										
									
										
									
										
											
											<td class="fail">FAIL</td>
										
									
								
							
								
							
								
							
						
							
								
							
								
							
								
									
										
											
											<td class="fail">FAIL</td>
										
									
										
									
										
									
										
									
										
									
								
							
								
							
								
							
						
							
								
							
								
							
								
									
										
									
										
											
											<td class="fail">FAIL</td>
										
									
										
									
										
									
										
									
								
							
								
							
								
							
						
					</tr>
					
					<tr>
						<td>
							<a href="#arduino%3asamd%3amkrwifi1010"><b>arduino:samd:mkrwifi1010</b></a>
							<br />
							<small>1.8.12</small>
						</td>

						
						
						
						
							<td>No</td>
							<td class="fail">FAIL</td>
						

						
							
								
							
								
							
								
							
								
									
										
									
										
									
										
											
											<td class="fail">FAIL</td>
										
									
										
									
										
									
								
							
								
							
						
							
								
							
								
							
								
							
								
									
										
									
										
									
										
									
										
											
											<td class="fail">FAIL</td>
										
									
										
									
								
							
								
							
						
							
								
							
								
							
								
							
								
									
										
									
										
									
										
									
										
									
										
											
											<td class="fail">FAIL</td>
										
									
								
							
								
							
						
							
								
							
								
							
								
							
								
									
										
											
											<td class="fail">FAIL</td>
										
									
										
									
										
									
										
									
										
									
								
							
								
							
						
							
								
							
								
							
								
							
								
									
										
									
										
											
											<td class="fail">FAIL</td>
										
									
										
									
										
									
										
									
								
							
								
							
						
					</tr>
					
					<tr>
						<td>
							<a href="#esp32%3aesp32%3ad1_mini32"><b>esp32:esp32:d1_mini32</b></a>
							<br />
							<small>1.0.6</small>
						</td>

						
						
						
						
							<td>No</td>
							<td class="fail">FAIL</td>
						

						
							
								
							
								
							
								
							
								
							
								
									
										
									
										
									
										
											
											<td class="fail">FAIL</td>
										
									
										
									
										
									
								
							
						
							
								
							
								
							
								
							
								
							
								
									
										
									
										
									
										
									
										
											
											<td class="fail">FAIL</td>
										
									
										
									
								
							
						
							
								
							
								
							
								
							
								
							
								
									
										
									
										
									
										
									
										
									
										
											
											<td class="fail">FAIL</td>
										
									
								
							
						
							
								
							
								
							
								
							
								
							
								
									
										
											
											<td class="fail">FAIL</td>
										
									
										
									
										
									
										
									
										
									
								
							
						
							
								
							
								
							
								
							
								
							
								
									
										
									
										
											
											<td class="fail">FAIL</td>
										
									
										
									
										
									
										
									
								
							
						
					</tr>
					
				</table>

				<h2>Compilation logs</h2>
				
				<h3 id="arduino:avr:uno">arduino:avr:uno @ 1.8.4</h3>
				<h4>Inclusion</h4>
				<p>
					Result: <b>FAIL</b>
					
				</p>
				<pre class="pre-scrollable">In file included from /Users/alranel/Documents/git/arduino/arduino-testlib/cli-datadir/data/packages/arduino/tools/avr-gcc/7.3.0-atmel3.6.1-arduino7/avr/include/avr/io.h:99:0,
                 from /Users/alranel/Documents/git/arduino/arduino-testlib/cli-datadir/data/packages/arduino/tools/avr-gcc/7.3.0-atmel3.6.1-arduino7/avr/include/avr/power.h:35,
                 from /Users/alranel/Documents/git/arduino/arduino-testlib/cli-datadir/user/libraries/Arduboy/src/core/core.h:4,
                 from /Users/alranel/Documents/git/arduino/arduino-testlib/cli-datadir/user/libraries/Arduboy/src/Arduboy.h:4,
                 from /Users/alranel/Documents/git/arduino/arduino-testlib/cli-datadir/user/libraries/Arduboy/src/Arduboy.cpp:1:
/Users/alranel/Documents/git/arduino/arduino-testlib/cli-datadir/user/libraries/Arduboy/src/Arduboy.cpp: In member function &#39;void Arduboy::initRandomSeed()&#39;:
/Users/alranel/Documents/git/arduino/arduino-testlib/cli-datadir/user/libraries/Arduboy/src/Arduboy.h:31:39: error: &#39;MUX4&#39; was not declared in this scope
 #define ADC_VOLTAGE (_BV(REFS0) | _BV(MUX4) | _BV(MUX3) | _BV(MUX2) | _BV(MUX1))
                                       ^
/Users/alranel/Documents/git/arduino/arduino-testlib/cli-datadir/user/libraries/Arduboy/src/Arduboy.cpp:141:42: note: in expansion of macro &#39;ADC_VOLTAGE&#39;
   randomSeed(~rawADC(ADC_TEMP) * ~rawADC(ADC_VOLTAGE) * ~micros() &#43; micros());
                                          ^~~~~~~~~~~
/Users/alranel/Documents/git/arduino/arduino-testlib/cli-datadir/user/libraries/Arduboy/src/Arduboy.h:31:39: note: suggested alternative: &#39;MUX0&#39;
 #define ADC_VOLTAGE (_BV(REFS0) | _BV(MUX4) | _BV(MUX3) | _BV(MUX2) | _BV(MUX1))
                                       ^
/Users/alranel/Documents/git/arduino/arduino-testlib/cli-datadir/user/libraries/Arduboy/src/Arduboy.cpp:141:42: note: in expansion of macro &#39;ADC_VOLTAGE&#39;
   randomSeed(~rawADC(ADC_TEMP) * ~rawADC(ADC_VOLTAGE) * ~micros() &#43; micros());
                                          ^~~~~~~~~~~
/Users/alranel/Documents/git/arduino/arduino-testlib/cli-datadir/user/libraries/Arduboy/src/Arduboy.cpp: In member function &#39;uint16_t Arduboy::rawADC(byte)&#39;:
/Users/alranel/Documents/git/arduino/arduino-testlib/cli-datadir/user/libraries/Arduboy/src/Arduboy.cpp:150:18: error: &#39;MUX5&#39; was not declared in this scope
     ADCSRB = _BV(MUX5);
                  ^
/Users/alranel/Documents/git/arduino/arduino-testlib/cli-datadir/user/libraries/Arduboy/src/Arduboy.cpp:150:18: note: suggested alternative: &#39;MUX0&#39;
Multiple libraries were found for &#34;EEPROM.h&#34;
  Used: /Users/alranel/Documents/git/arduino/arduino-testlib/cli-datadir/data/packages/arduino/hardware/avr/1.8.4/libraries/EEPROM
  Not used: /Users/alranel/Documents/git/arduino/arduino-testlib/cli-datadir/user/libraries/Hello_Drum
  Not used: /Users/alranel/Documents/git/arduino/arduino-testlib/cli-datadir/user/libraries/arduino-NVM
</pre>

					
					<h4>examples/ArduBreakout</h4>
					<p>
						Result: <b>FAIL</b>
					</p>
					<pre class="pre-scrollable">In file included from /Users/alranel/Documents/git/arduino/arduino-testlib/cli-datadir/data/packages/arduino/tools/avr-gcc/7.3.0-atmel3.6.1-arduino7/avr/include/avr/io.h:99:0,
                 from /Users/alranel/Documents/git/arduino/arduino-testlib/cli-datadir/data/packages/arduino/tools/avr-gcc/7.3.0-atmel3.6.1-arduino7/avr/include/avr/power.h:35,
                 from /Users/alranel/Documents/git/arduino/arduino-testlib/cli-datadir/user/libraries/Arduboy/src/core/core.h:4,
                 from /Users/alranel/Documents/git/arduino/arduino-testlib/cli-datadir/user/libraries/Arduboy/src/Arduboy.h:4,
                 from /Users/alranel/Documents/git/arduino/arduino-testlib/cli-datadir/user/libraries/Arduboy/src/Arduboy.cpp:1:
/Users/alranel/Documents/git/arduino/arduino-testlib/cli-datadir/user/libraries/Arduboy/src/Arduboy.cpp: In member function &#39;void Arduboy::initRandomSeed()&#39;:
/Users/alranel/Documents/git/arduino/arduino-testlib/cli-datadir/user/libraries/Arduboy/src/Arduboy.h:31:39: error: &#39;MUX4&#39; was not declared in this scope
 #define ADC_VOLTAGE (_BV(REFS0) | _BV(MUX4) | _BV(MUX3) | _BV(MUX2) | _BV(MUX1))
                                       ^
/Users/alranel/Documents/git/arduino/arduino-testlib/cli-datadir/user/libraries/Arduboy/src/Arduboy.cpp:141:42: note: in expansion of macro &#39;ADC_VOLTAGE&#39;
   randomSeed(~rawADC(ADC_TEMP) * ~rawADC(ADC_VOLTAGE) * ~micros() &#43; micros());
                                          ^~~~~~~~~~~
/Users/alranel/Documents/git/arduino/arduino-testlib/cli-datadir/user/libraries/Arduboy/src/Arduboy.h:31:39: note: suggested alternative: &#39;MUX0&#39;
 #define ADC_VOLTAGE (_BV(REFS0) | _BV(MUX4) | _BV(MUX3) | _BV(MUX2) | _BV(MUX1))
                                       ^
/Users/alranel/Documents/git/arduino/arduino-testlib/cli-datadir/user/libraries/Arduboy/src/Arduboy.cpp:141:42: note: in expansion of macro &#39;ADC_VOLTAGE&#39;
   randomSeed(~rawADC(ADC_TEMP) * ~rawADC(ADC_VOLTAGE) * ~micros() &#43; micros());
                                          ^~~~~~~~~~~
/Users/alranel/Documents/git/arduino/arduino-testlib/cli-datadir/user/libraries/Arduboy/src/Arduboy.cpp: In member function &#39;uint16_t Arduboy::rawADC(byte)&#39;:
/Users/alranel/Documents/git/arduino/arduino-testlib/cli-datadir/user/libraries/Arduboy/src/Arduboy.cpp:150:18: error: &#39;MUX5&#39; was not declared in this scope
     ADCSRB = _BV(MUX5);
                  ^
/Users/alranel/Documents/git/arduino/arduino-testlib/cli-datadir/user/libraries/Arduboy/src/Arduboy.cpp:150:18: note: suggested alternative: &#39;MUX0&#39;
Multiple libraries were found for &#34;EEPROM.h&#34;
  Used: /Users/alranel/Documents/git/arduino/arduino-testlib/cli-datadir/data/packages/arduino/hardware/avr/1.8.4/libraries/EEPROM
  Not used: /Users/alranel/Documents/git/arduino/arduino-testlib/cli-datadir/user/libraries/arduino-NVM
  Not used: /Users/alranel/Documents/git/arduino/arduino-testlib/cli-datadir/user/libraries/Hello_Drum
</pre>
					
					<h4>examples/Buttons</h4>
					<p>
						Result: <b>FAIL</b>
					</p>
					<pre class="pre-scrollable">In file included from /Users/alranel/Documents/git/arduino/arduino-testlib/cli-datadir/data/packages/arduino/tools/avr-gcc/7.3.0-atmel3.6.1-arduino7/avr/include/avr/io.h:99:0,
                 from /Users/alranel/Documents/git/arduino/arduino-testlib/cli-datadir/data/packages/arduino/tools/avr-gcc/7.3.0-atmel3.6.1-arduino7/avr/include/avr/power.h:35,
                 from /Users/alranel/Documents/git/arduino/arduino-testlib/cli-datadir/user/libraries/Arduboy/src/core/core.h:4,
                 from /Users/alranel/Documents/git/arduino/arduino-testlib/cli-datadir/user/libraries/Arduboy/src/Arduboy.h:4,
                 from /Users/alranel/Documents/git/arduino/arduino-testlib/cli-datadir/user/libraries/Arduboy/src/Arduboy.cpp:1:
/Users/alranel/Documents/git/arduino/arduino-testlib/cli-datadir/user/libraries/Arduboy/src/Arduboy.cpp: In member function &#39;void Arduboy::initRandomSeed()&#39;:
/Users/alranel/Documents/git/arduino/arduino-testlib/cli-datadir/user/libraries/Arduboy/src/Arduboy.h:31:39: error: &#39;MUX4&#39; was not declared in this scope
 #define ADC_VOLTAGE (_BV(REFS0) | _BV(MUX4) | _BV(MUX3) | _BV(MUX2) | _BV(MUX1))
                                       ^
/Users/alranel/Documents/git/arduino/arduino-testlib/cli-datadir/user/libraries/Arduboy/src/Arduboy.cpp:141:42: note: in expansion of macro &#39;ADC_VOLTAGE&#39;
   randomSeed(~rawADC(ADC_TEMP) * ~rawADC(ADC_VOLTAGE) * ~micros() &#43; micros());
                                          ^~~~~~~~~~~
/Users/alranel/Documents/git/arduino/arduino-testlib/cli-datadir/user/libraries/Arduboy/src/Arduboy.h:31:39: note: suggested alternative: &#39;MUX0&#39;
 #define ADC_VOLTAGE (_BV(REFS0) | _BV(MUX4) | _BV(MUX3) | _BV(MUX2) | _BV(MUX1))
                                       ^
/Users/alranel/Documents/git/arduino/arduino-testlib/cli-datadir/user/libraries/Arduboy/src/Arduboy.cpp:141:42: note: in expansion of macro &#39;ADC_VOLTAGE&#39;
   randomSeed(~rawADC(ADC_TEMP) * ~rawADC(ADC_VOLTAGE) * ~micros() &#43; micros());
                                          ^~~~~~~~~~~
/Users/alranel/Documents/git/arduino/arduino-testlib/cli-datadir/user/libraries/Arduboy/src/Arduboy.cpp: In member function &#39;uint16_t Arduboy::rawADC(byte)&#39;:
/Users/alranel/Documents/git/arduino/arduino-testlib/cli-datadir/user/libraries/Arduboy/src/Arduboy.cpp:150:18: error: &#39;MUX5&#39; was not declared in this scope
     ADCSRB = _BV(MUX5);
                  ^
/Users/alranel/Documents/git/arduino/arduino-testlib/cli-datadir/user/libraries/Arduboy/src/Arduboy.cpp:150:18: note: suggested alternative: &#39;MUX0&#39;
Multiple libraries were found for &#34;EEPROM.h&#34;
  Used: /Users/alranel/Documents/git/arduino/arduino-testlib/cli-datadir/data/packages/arduino/hardware/avr/1.8.4/libraries/EEPROM
  Not used: /Users/alranel/Documents/git/arduino/arduino-testlib/cli-datadir/user/libraries/Hello_Drum
  Not used: /Users/alranel/Documents/git/arduino/arduino-testlib/cli-datadir/user/libraries/arduino-NVM
</pre>
					
					<h4>examples/HelloWorld</h4>
					<p>
						Result: <b>FAIL</b>
					</p>
					<pre class="pre-scrollable">In file included from /Users/alranel/Documents/git/arduino/arduino-testlib/cli-datadir/data/packages/arduino/tools/avr-gcc/7.3.0-atmel3.6.1-arduino7/avr/include/avr/io.h:99:0,
                 from /Users/alranel/Documents/git/arduino/arduino-testlib/cli-datadir/data/packages/arduino/tools/avr-gcc/7.3.0-atmel3.6.1-arduino7/avr/include/avr/power.h:35,
                 from /Users/alranel/Documents/git/arduino/arduino-testlib/cli-datadir/user/libraries/Arduboy/src/core/core.h:4,
                 from /Users/alranel/Documents/git/arduino/arduino-testlib/cli-datadir/user/libraries/Arduboy/src/Arduboy.h:4,
                 from /Users/alranel/Documents/git/arduino/arduino-testlib/cli-datadir/user/libraries/Arduboy/src/Arduboy.cpp:1:
/Users/alranel/Documents/git/arduino/arduino-testlib/cli-datadir/user/libraries/Arduboy/src/Arduboy.cpp: In member function &#39;void Arduboy::initRandomSeed()&#39;:
/Users/alranel/Documents/git/arduino/arduino-testlib/cli-datadir/user/libraries/Arduboy/src/Arduboy.h:31:39: error: &#39;MUX4&#39; was not declared in this scope
 #define ADC_VOLTAGE (_BV(REFS0) | _BV(MUX4) | _BV(MUX3) | _BV(MUX2) | _BV(MUX1))
                                       ^
/Users/alranel/Documents/git/arduino/arduino-testlib/cli-datadir/user/libraries/Arduboy/src/Arduboy.cpp:141:42: note: in expansion of macro &#39;ADC_VOLTAGE&#39;
   randomSeed(~rawADC(ADC_TEMP) * ~rawADC(ADC_VOLTAGE) * ~micros() &#43; micros());
                                          ^~~~~~~~~~~
/Users/alranel/Documents/git/arduino/arduino-testlib/cli-datadir/user/libraries/Arduboy/src/Arduboy.h:31:39: note: suggested alternative: &#39;MUX0&#39;
 #define ADC_VOLTAGE (_BV(REFS0) | _BV(MUX4) | _BV(MUX3) | _BV(MUX2) | _BV(MUX1))
                                       ^
/Users/alranel/Documents/git/arduino/arduino-testlib/cli-datadir/user/libraries/Arduboy/src/Arduboy.cpp:141:42: note: in expansion of macro &#39;ADC_VOLTAGE&#39;
   randomSeed(~rawADC(ADC_TEMP) * ~rawADC(ADC_VOLTAGE) * ~micros() &#43; micros());
                                          ^~~~~~~~~~~
/Users/alranel/Documents/git/arduino/arduino-testlib/cli-datadir/user/libraries/Arduboy/src/Arduboy.cpp: In member function &#39;uint16_t Arduboy::rawADC(byte)&#39;:
/Users/alranel/Documents/git/arduino/arduino-testlib/cli-datadir/user/libraries/Arduboy/src/Arduboy.cpp:150:18: error: &#39;MUX5&#39; was not declared in this scope
     ADCSRB = _BV(MUX5);
                  ^
/Users/alranel/Documents/git/arduino/arduino-testlib/cli-datadir/user/libraries/Arduboy/src/Arduboy.cpp:150:18: note: suggested alternative: &#39;MUX0&#39;
Multiple libraries were found for &#34;EEPROM.h&#34;
  Used: /Users/alranel/Documents/git/arduino/arduino-testlib/cli-datadir/data/packages/arduino/hardware/avr/1.8.4/libraries/EEPROM
  Not used: /Users/alranel/Documents/git/arduino/arduino-testlib/cli-datadir/user/libraries/Hello_Drum
  Not used: /Users/alranel/Documents/git/arduino/arduino-testlib/cli-datadir/user/libraries/arduino-NVM
</pre>
					
					<h4>examples/Performance</h4>
					<p>
						Result: <b>FAIL</b>
					</p>
					<pre class="pre-scrollable"></pre>
					
					<h4>examples/Tunes</h4>
					<p>
						Result: <b>FAIL</b>
					</p>
					<pre class="pre-scrollable">In file included from /Users/alranel/Documents/git/arduino/arduino-testlib/cli-datadir/data/packages/arduino/tools/avr-gcc/7.3.0-atmel3.6.1-arduino7/avr/include/avr/io.h:99:0,
                 from /Users/alranel/Documents/git/arduino/arduino-testlib/cli-datadir/data/packages/arduino/tools/avr-gcc/7.3.0-atmel3.6.1-arduino7/avr/include/avr/power.h:35,
                 from /Users/alranel/Documents/git/arduino/arduino-testlib/cli-datadir/user/libraries/Arduboy/src/core/core.h:4,
                 from /Users/alranel/Documents/git/arduino/arduino-testlib/cli-datadir/user/libraries/Arduboy/src/Arduboy.h:4,
                 from /Users/alranel/Documents/git/arduino/arduino-testlib/cli-datadir/user/libraries/Arduboy/src/Arduboy.cpp:1:
/Users/alranel/Documents/git/arduino/arduino-testlib/cli-datadir/user/libraries/Arduboy/src/Arduboy.cpp: In member function &#39;void Arduboy::initRandomSeed()&#39;:
/Users/alranel/Documents/git/arduino/arduino-testlib/cli-datadir/user/libraries/Arduboy/src/Arduboy.h:31:39: error: &#39;MUX4&#39; was not declared in this scope
 #define ADC_VOLTAGE (_BV(REFS0) | _BV(MUX4) | _BV(MUX3) | _BV(MUX2) | _BV(MUX1))
                                       ^
/Users/alranel/Documents/git/arduino/arduino-testlib/cli-datadir/user/libraries/Arduboy/src/Arduboy.cpp:141:42: note: in expansion of macro &#39;ADC_VOLTAGE&#39;
   randomSeed(~rawADC(ADC_TEMP) * ~rawADC(ADC_VOLTAGE) * ~micros() &#43; micros());
                                          ^~~~~~~~~~~
/Users/alranel/Documents/git/arduino/arduino-testlib/cli-datadir/user/libraries/Arduboy/src/Arduboy.h:31:39: note: suggested alternative: &#39;MUX0&#39;
 #define ADC_VOLTAGE (_BV(REFS0) | _BV(MUX4) | _BV(MUX3) | _BV(MUX2) | _BV(MUX1))
                                       ^
/Users/alranel/Documents/git/arduino/arduino-testlib/cli-datadir/user/libraries/Arduboy/src/Arduboy.cpp:141:42: note: in expansion of macro &#39;ADC_VOLTAGE&#39;
   randomSeed(~rawADC(ADC_TEMP) * ~rawADC(ADC_VOLTAGE) * ~micros() &#43; micros());
                                          ^~~~~~~~~~~
/Users/alranel/Documents/git/arduino/arduino-testlib/cli-datadir/user/libraries/Arduboy/src/Arduboy.cpp: In member function &#39;uint16_t Arduboy::rawADC(byte)&#39;:
/Users/alranel/Documents/git/arduino/arduino-testlib/cli-datadir/user/libraries/Arduboy/src/Arduboy.cpp:150:18: error: &#39;MUX5&#39; was not declared in this scope
     ADCSRB = _BV(MUX5);
                  ^
/Users/alranel/Documents/git/arduino/arduino-testlib/cli-datadir/user/libraries/Arduboy/src/Arduboy.cpp:150:18: note: suggested alternative: &#39;MUX0&#39;
Multiple libraries were found for &#34;EEPROM.h&#34;
  Used: /Users/alranel/Documents/git/arduino/arduino-testlib/cli-datadir/data/packages/arduino/hardware/avr/1.8.4/libraries/EEPROM
  Not used: /Users/alranel/Documents/git/arduino/arduino-testlib/cli-datadir/user/libraries/Hello_Drum
  Not used: /Users/alranel/Documents/git/arduino/arduino-testlib/cli-datadir/user/libraries/arduino-NVM
</pre>
					
				
				<h3 id="arduino:mbed_nano:nanorp2040connect">arduino:mbed_nano:nanorp2040connect @ 2.7.2</h3>
				<h4>Inclusion</h4>
				<p>
					Result: <b>FAIL</b>
					
				</p>
				<pre class="pre-scrollable">In file included from /home/ec2-user/arduino-testlib/cli-datadir/user/libraries/Arduboy/src/Arduboy.h:4:0,
                 from /tmp/arduino-testlib3182207157/test/test.ino:1:
/home/ec2-user/arduino-testlib/cli-datadir/user/libraries/Arduboy/src/core/core.h:4:10: fatal error: avr/power.h: No such file or directory
 #include &lt;avr/power.h&gt;
          ^~~~~~~~~~~~~
compilation terminated.

</pre>

					
					<h4>examples/ArduBreakout</h4>
					<p>
						Result: <b>FAIL</b>
					</p>
					<pre class="pre-scrollable">In file included from /home/ec2-user/arduino-testlib/cli-datadir/user/libraries/Arduboy/src/Arduboy.h:4:0,
                 from /home/ec2-user/arduino-testlib/cli-datadir/user/libraries/Arduboy/examples/ArduBreakout/ArduBreakout.ino:12:
/home/ec2-user/arduino-testlib/cli-datadir/user/libraries/Arduboy/src/core/core.h:4:10: fatal error: avr/power.h: No such file or directory
 #include &lt;avr/power.h&gt;
          ^~~~~~~~~~~~~
compilation terminated.

</pre>
					
					<h4>examples/Buttons</h4>
					<p>
						Result: <b>FAIL</b>
					</p>
					<pre class="pre-scrollable">In file included from /home/ec2-user/arduino-testlib/cli-datadir/user/libraries/Arduboy/src/Arduboy.h:4:0,
                 from /home/ec2-user/arduino-testlib/cli-datadir/user/libraries/Arduboy/examples/Buttons/Buttons.ino:15:
/home/ec2-user/arduino-testlib/cli-datadir/user/libraries/Arduboy/src/core/core.h:4:10: fatal error: avr/power.h: No such file or directory
 #include &lt;avr/power.h&gt;
          ^~~~~~~~~~~~~
compilation terminated.

</pre>
					
					<h4>examples/HelloWorld</h4>
					<p>
						Result: <b>FAIL</b>
					</p>
					<pre class="pre-scrollable">In file included from /home/ec2-user/arduino-testlib/cli-datadir/user/libraries/Arduboy/src/Arduboy.h:4:0,
                 from /home/ec2-user/arduino-testlib/cli-datadir/user/libraries/Arduboy/examples/HelloWorld/HelloWorld.ino:14:
/home/ec2-user/arduino-testlib/cli-datadir/user/libraries/Arduboy/src/core/core.h:4:10: fatal error: avr/power.h: No such file or directory
 #include &lt;avr/power.h&gt;
          ^~~~~~~~~~~~~
compilation terminated.

</pre>
					
					<h4>examples/Performance</h4>
					<p>
						Result: <b>FAIL</b>
					</p>
					<pre class="pre-scrollable"></pre>
					
					<h4>examples/Tunes</h4>
					<p>
						Result: <b>FAIL</b>
					</p>
					<pre class="pre-scrollable">In file included from /home/ec2-user/arduino-testlib/cli-datadir/user/libraries/Arduboy/src/Arduboy.h:4:0,
                 from /home/ec2-user/arduino-testlib/cli-datadir/user/libraries/Arduboy/examples/Tunes/Tunes.ino:1:
/home/ec2-user/arduino-testlib/cli-datadir/user/libraries/Arduboy/src/core/core.h:4:10: fatal error: avr/power.h: No such file or directory
 #include &lt;avr/power.h&gt;
          ^~~~~~~~~~~~~
compilation terminated.

</pre>
					
				
				<h3 id="arduino:megaavr:nona4809">arduino:megaavr:nona4809 @ 1.8.7</h3>
				<h4>Inclusion</h4>
				<p>
					Result: <b>FAIL</b>
					
				</p>
				<pre class="pre-scrollable">WARNING: library Arduboy claims to run on avr architecture(s) and may be incompatible with your current board which runs on megaavr architecture(s).
/home/ec2-user/arduino-testlib/cli-datadir/user/libraries/Arduboy/src/Arduboy.cpp: In member function &#39;void Arduboy::initRandomSeed()&#39;:
/home/ec2-user/arduino-testlib/cli-datadir/user/libraries/Arduboy/src/Arduboy.cpp:140:3: error: &#39;power_adc_enable&#39; was not declared in this scope
   power_adc_enable(); // ADC on
   ^~~~~~~~~~~~~~~~
/home/ec2-user/arduino-testlib/cli-datadir/user/libraries/Arduboy/src/Arduboy.cpp:140:3: note: suggested alternative: &#39;power_all_enable&#39;
   power_adc_enable(); // ADC on
   ^~~~~~~~~~~~~~~~
   power_all_enable
In file included from /home/ec2-user/arduino-testlib/cli-datadir/data/packages/arduino/tools/avr-gcc/7.3.0-atmel3.6.1-arduino5/avr/include/avr/io.h:99:0,
                 from /home/ec2-user/arduino-testlib/cli-datadir/data/packages/arduino/tools/avr-gcc/7.3.0-atmel3.6.1-arduino5/avr/include/avr/power.h:35,
                 from /home/ec2-user/arduino-testlib/cli-datadir/user/libraries/Arduboy/src/core/core.h:4,
                 from /home/ec2-user/arduino-testlib/cli-datadir/user/libraries/Arduboy/src/Arduboy.h:4,
                 from /home/ec2-user/arduino-testlib/cli-datadir/user/libraries/Arduboy/src/Arduboy.cpp:1:
/home/ec2-user/arduino-testlib/cli-datadir/user/libraries/Arduboy/src/Arduboy.h:33:23: error: &#39;REFS0&#39; was not declared in this scope
 #define ADC_TEMP (_BV(REFS0) | _BV(REFS1) | _BV(MUX2) | _BV(MUX1) | _BV(MUX0))
                       ^
/home/ec2-user/arduino-testlib/cli-datadir/user/libraries/Arduboy/src/Arduboy.cpp:141:22: note: in expansion of macro &#39;ADC_TEMP&#39;
   randomSeed(~rawADC(ADC_TEMP) * ~rawADC(ADC_VOLTAGE) * ~micros() &#43; micros());
                      ^~~~~~~~
/home/ec2-user/arduino-testlib/cli-datadir/user/libraries/Arduboy/src/Arduboy.h:33:23: note: suggested alternative: &#39;VREF_t&#39;
 #define ADC_TEMP (_BV(REFS0) | _BV(REFS1) | _BV(MUX2) | _BV(MUX1) | _BV(MUX0))
                       ^
/home/ec2-user/arduino-testlib/cli-datadir/user/libraries/Arduboy/src/Arduboy.cpp:141:22: note: in expansion of macro &#39;ADC_TEMP&#39;
   randomSeed(~rawADC(ADC_TEMP) * ~rawADC(ADC_VOLTAGE) * ~micros() &#43; micros());
                      ^~~~~~~~
/home/ec2-user/arduino-testlib/cli-datadir/user/libraries/Arduboy/src/Arduboy.h:33:36: error: &#39;REFS1&#39; was not declared in this scope
 #define ADC_TEMP (_BV(REFS0) | _BV(REFS1) | _BV(MUX2) | _BV(MUX1) | _BV(MUX0))
                                    ^
/home/ec2-user/arduino-testlib/cli-datadir/user/libraries/Arduboy/src/Arduboy.cpp:141:22: note: in expansion of macro &#39;ADC_TEMP&#39;
   randomSeed(~rawADC(ADC_TEMP) * ~rawADC(ADC_VOLTAGE) * ~micros() &#43; micros());
                      ^~~~~~~~
/home/ec2-user/arduino-testlib/cli-datadir/user/libraries/Arduboy/src/Arduboy.h:33:36: note: suggested alternative: &#39;VREF_t&#39;
 #define ADC_TEMP (_BV(REFS0) | _BV(REFS1) | _BV(MUX2) | _BV(MUX1) | _BV(MUX0))
                                    ^
/home/ec2-user/arduino-testlib/cli-datadir/user/libraries/Arduboy/src/Arduboy.cpp:141:22: note: in expansion of macro &#39;ADC_TEMP&#39;
   randomSeed(~rawADC(ADC_TEMP) * ~rawADC(ADC_VOLTAGE) * ~micros() &#43; micros());
                      ^~~~~~~~
/home/ec2-user/arduino-testlib/cli-datadir/user/libraries/Arduboy/src/Arduboy.h:33:49: error: &#39;MUX2&#39; was not declared in this scope
 #define ADC_TEMP (_BV(REFS0) | _BV(REFS1) | _BV(MUX2) | _BV(MUX1) | _BV(MUX0))
                                                 ^
/home/ec2-user/arduino-testlib/cli-datadir/user/libraries/Arduboy/src/Arduboy.cpp:141:22: note: in expansion of macro &#39;ADC_TEMP&#39;
   randomSeed(~rawADC(ADC_TEMP) * ~rawADC(ADC_VOLTAGE) * ~micros() &#43; micros());
                      ^~~~~~~~
/home/ec2-user/arduino-testlib/cli-datadir/user/libraries/Arduboy/src/Arduboy.h:33:61: error: &#39;MUX1&#39; was not declared in this scope
 #define ADC_TEMP (_BV(REFS0) | _BV(REFS1) | _BV(MUX2) | _BV(MUX1) | _BV(MUX0))
                                                             ^
/home/ec2-user/arduino-testlib/cli-datadir/user/libraries/Arduboy/src/Arduboy.cpp:141:22: note: in expansion of macro &#39;ADC_TEMP&#39;
   randomSeed(~rawADC(ADC_TEMP) * ~rawADC(ADC_VOLTAGE) * ~micros() &#43; micros());
                      ^~~~~~~~
/home/ec2-user/arduino-testlib/cli-datadir/user/libraries/Arduboy/src/Arduboy.h:33:73: error: &#39;MUX0&#39; was not declared in this scope
 #define ADC_TEMP (_BV(REFS0) | _BV(REFS1) | _BV(MUX2) | _BV(MUX1) | _BV(MUX0))
                                                                         ^
/home/ec2-user/arduino-testlib/cli-datadir/user/libraries/Arduboy/src/Arduboy.cpp:141:22: note: in expansion of macro &#39;ADC_TEMP&#39;
   randomSeed(~rawADC(ADC_TEMP) * ~rawADC(ADC_VOLTAGE) * ~micros() &#43; micros());
                      ^~~~~~~~
/home/ec2-user/arduino-testlib/cli-datadir/user/libraries/Arduboy/src/Arduboy.h:31:39: error: &#39;MUX4&#39; was not declared in this scope
 #define ADC_VOLTAGE (_BV(REFS0) | _BV(MUX4) | _BV(MUX3) | _BV(MUX2) | _BV(MUX1))
                                       ^
/home/ec2-user/arduino-testlib/cli-datadir/user/libraries/Arduboy/src/Arduboy.cpp:141:42: note: in expansion of macro &#39;ADC_VOLTAGE&#39;
   randomSeed(~rawADC(ADC_TEMP) * ~rawADC(ADC_VOLTAGE) * ~micros() &#43; micros());
                                          ^~~~~~~~~~~
/home/ec2-user/arduino-testlib/cli-datadir/user/libraries/Arduboy/src/Arduboy.h:31:51: error: &#39;MUX3&#39; was not declared in this scope
 #define ADC_VOLTAGE (_BV(REFS0) | _BV(MUX4) | _BV(MUX3) | _BV(MUX2) | _BV(MUX1))
                                                   ^
/home/ec2-user/arduino-testlib/cli-datadir/user/libraries/Arduboy/src/Arduboy.cpp:141:42: note: in expansion of macro &#39;ADC_VOLTAGE&#39;
   randomSeed(~rawADC(ADC_TEMP) * ~rawADC(ADC_VOLTAGE) * ~micros() &#43; micros());
                                          ^~~~~~~~~~~
/home/ec2-user/arduino-testlib/cli-datadir/user/libraries/Arduboy/src/Arduboy.cpp:142:3: error: &#39;power_adc_disable&#39; was not declared in this scope
   power_adc_disable(); // ADC off
   ^~~~~~~~~~~~~~~~~
/home/ec2-user/arduino-testlib/cli-datadir/user/libraries/Arduboy/src/Arduboy.cpp:142:3: note: suggested alternative: &#39;power_all_disable&#39;
   power_adc_disable(); // ADC off
   ^~~~~~~~~~~~~~~~~
   power_all_disable
/home/ec2-user/arduino-testlib/cli-datadir/user/libraries/Arduboy/src/Arduboy.cpp: In member function &#39;uint16_t Arduboy::rawADC(byte)&#39;:
/home/ec2-user/arduino-testlib/cli-datadir/user/libraries/Arduboy/src/Arduboy.cpp:147:3: error: &#39;ADMUX&#39; was not declared in this scope
   ADMUX = adc_bits;
   ^~~~~
In file included from /home/ec2-user/arduino-testlib/cli-datadir/data/packages/arduino/tools/avr-gcc/7.3.0-atmel3.6.1-arduino5/avr/include/avr/io.h:99:0,
                 from /home/ec2-user/arduino-testlib/cli-datadir/data/packages/arduino/tools/avr-gcc/7.3.0-atmel3.6.1-arduino5/avr/include/avr/power.h:35,
                 from /home/ec2-user/arduino-testlib/cli-datadir/user/libraries/Arduboy/src/core/core.h:4,
                 from /home/ec2-user/arduino-testlib/cli-datadir/user/libraries/Arduboy/src/Arduboy.h:4,
                 from /home/ec2-user/arduino-testlib/cli-datadir/user/libraries/Arduboy/src/Arduboy.cpp:1:
/home/ec2-user/arduino-testlib/cli-datadir/user/libraries/Arduboy/src/Arduboy.h:33:23: error: &#39;REFS0&#39; was not declared in this scope
 #define ADC_TEMP (_BV(REFS0) | _BV(REFS1) | _BV(MUX2) | _BV(MUX1) | _BV(MUX0))
                       ^
/home/ec2-user/arduino-testlib/cli-datadir/user/libraries/Arduboy/src/Arduboy.cpp:149:19: note: in expansion of macro &#39;ADC_TEMP&#39;
   if (adc_bits == ADC_TEMP) {
                   ^~~~~~~~
/home/ec2-user/arduino-testlib/cli-datadir/user/libraries/Arduboy/src/Arduboy.h:33:23: note: suggested alternative: &#39;VREF_t&#39;
 #define ADC_TEMP (_BV(REFS0) | _BV(REFS1) | _BV(MUX2) | _BV(MUX1) | _BV(MUX0))
                       ^
/home/ec2-user/arduino-testlib/cli-datadir/user/libraries/Arduboy/src/Arduboy.cpp:149:19: note: in expansion of macro &#39;ADC_TEMP&#39;
   if (adc_bits == ADC_TEMP) {
                   ^~~~~~~~
/home/ec2-user/arduino-testlib/cli-datadir/user/libraries/Arduboy/src/Arduboy.h:33:36: error: &#39;REFS1&#39; was not declared in this scope
 #define ADC_TEMP (_BV(REFS0) | _BV(REFS1) | _BV(MUX2) | _BV(MUX1) | _BV(MUX0))
                                    ^
/home/ec2-user/arduino-testlib/cli-datadir/user/libraries/Arduboy/src/Arduboy.cpp:149:19: note: in expansion of macro &#39;ADC_TEMP&#39;
   if (adc_bits == ADC_TEMP) {
                   ^~~~~~~~
/home/ec2-user/arduino-testlib/cli-datadir/user/libraries/Arduboy/src/Arduboy.h:33:36: note: suggested alternative: &#39;VREF_t&#39;
 #define ADC_TEMP (_BV(REFS0) | _BV(REFS1) | _BV(MUX2) | _BV(MUX1) | _BV(MUX0))
                                    ^
/home/ec2-user/arduino-testlib/cli-datadir/user/libraries/Arduboy/src/Arduboy.cpp:149:19: note: in expansion of macro &#39;ADC_TEMP&#39;
   if (adc_bits == ADC_TEMP) {
                   ^~~~~~~~
/home/ec2-user/arduino-testlib/cli-datadir/user/libraries/Arduboy/src/Arduboy.h:33:49: error: &#39;MUX2&#39; was not declared in this scope
 #define ADC_TEMP (_BV(REFS0) | _BV(REFS1) | _BV(MUX2) | _BV(MUX1) | _BV(MUX0))
                                                 ^
/home/ec2-user/arduino-testlib/cli-datadir/user/libraries/Arduboy/src/Arduboy.cpp:149:19: note: in expansion of macro &#39;ADC_TEMP&#39;
   if (adc_bits == ADC_TEMP) {
                   ^~~~~~~~
/home/ec2-user/arduino-testlib/cli-datadir/user/libraries/Arduboy/src/Arduboy.h:33:61: error: &#39;MUX1&#39; was not declared in this scope
 #define ADC_TEMP (_BV(REFS0) | _BV(REFS1) | _BV(MUX2) | _BV(MUX1) | _BV(MUX0))
                                                             ^
/home/ec2-user/arduino-testlib/cli-datadir/user/libraries/Arduboy/src/Arduboy.cpp:149:19: note: in expansion of macro &#39;ADC_TEMP&#39;
   if (adc_bits == ADC_TEMP) {
                   ^~~~~~~~
/home/ec2-user/arduino-testlib/cli-datadir/user/libraries/Arduboy/src/Arduboy.h:33:73: error: &#39;MUX0&#39; was not declared in this scope
 #define ADC_TEMP (_BV(REFS0) | _BV(REFS1) | _BV(M</pre>

					
					<h4>examples/ArduBreakout</h4>
					<p>
						Result: <b>FAIL</b>
					</p>
					<pre class="pre-scrollable">WARNING: library Arduboy claims to run on avr architecture(s) and may be incompatible with your current board which runs on megaavr architecture(s).
/home/ec2-user/arduino-testlib/cli-datadir/user/libraries/Arduboy/src/Arduboy.cpp: In member function &#39;void Arduboy::initRandomSeed()&#39;:
/home/ec2-user/arduino-testlib/cli-datadir/user/libraries/Arduboy/src/Arduboy.cpp:140:3: error: &#39;power_adc_enable&#39; was not declared in this scope
   power_adc_enable(); // ADC on
   ^~~~~~~~~~~~~~~~
/home/ec2-user/arduino-testlib/cli-datadir/user/libraries/Arduboy/src/Arduboy.cpp:140:3: note: suggested alternative: &#39;power_all_enable&#39;
   power_adc_enable(); // ADC on
   ^~~~~~~~~~~~~~~~
   power_all_enable
In file included from /home/ec2-user/arduino-testlib/cli-datadir/data/packages/arduino/tools/avr-gcc/7.3.0-atmel3.6.1-arduino5/avr/include/avr/io.h:99:0,
                 from /home/ec2-user/arduino-testlib/cli-datadir/data/packages/arduino/tools/avr-gcc/7.3.0-atmel3.6.1-arduino5/avr/include/avr/power.h:35,
                 from /home/ec2-user/arduino-testlib/cli-datadir/user/libraries/Arduboy/src/core/core.h:4,
                 from /home/ec2-user/arduino-testlib/cli-datadir/user/libraries/Arduboy/src/Arduboy.h:4,
                 from /home/ec2-user/arduino-testlib/cli-datadir/user/libraries/Arduboy/src/Arduboy.cpp:1:
/home/ec2-user/arduino-testlib/cli-datadir/user/libraries/Arduboy/src/Arduboy.h:33:23: error: &#39;REFS0&#39; was not declared in this scope
 #define ADC_TEMP (_BV(REFS0) | _BV(REFS1) | _BV(MUX2) | _BV(MUX1) | _BV(MUX0))
                       ^
/home/ec2-user/arduino-testlib/cli-datadir/user/libraries/Arduboy/src/Arduboy.cpp:141:22: note: in expansion of macro &#39;ADC_TEMP&#39;
   randomSeed(~rawADC(ADC_TEMP) * ~rawADC(ADC_VOLTAGE) * ~micros() &#43; micros());
                      ^~~~~~~~
/home/ec2-user/arduino-testlib/cli-datadir/user/libraries/Arduboy/src/Arduboy.h:33:23: note: suggested alternative: &#39;VREF_t&#39;
 #define ADC_TEMP (_BV(REFS0) | _BV(REFS1) | _BV(MUX2) | _BV(MUX1) | _BV(MUX0))
                       ^
/home/ec2-user/arduino-testlib/cli-datadir/user/libraries/Arduboy/src/Arduboy.cpp:141:22: note: in expansion of macro &#39;ADC_TEMP&#39;
   randomSeed(~rawADC(ADC_TEMP) * ~rawADC(ADC_VOLTAGE) * ~micros() &#43; micros());
                      ^~~~~~~~
/home/ec2-user/arduino-testlib/cli-datadir/user/libraries/Arduboy/src/Arduboy.h:33:36: error: &#39;REFS1&#39; was not declared in this scope
 #define ADC_TEMP (_BV(REFS0) | _BV(REFS1) | _BV(MUX2) | _BV(MUX1) | _BV(MUX0))
                                    ^
/home/ec2-user/arduino-testlib/cli-datadir/user/libraries/Arduboy/src/Arduboy.cpp:141:22: note: in expansion of macro &#39;ADC_TEMP&#39;
   randomSeed(~rawADC(ADC_TEMP) * ~rawADC(ADC_VOLTAGE) * ~micros() &#43; micros());
                      ^~~~~~~~
/home/ec2-user/arduino-testlib/cli-datadir/user/libraries/Arduboy/src/Arduboy.h:33:36: note: suggested alternative: &#39;VREF_t&#39;
 #define ADC_TEMP (_BV(REFS0) | _BV(REFS1) | _BV(MUX2) | _BV(MUX1) | _BV(MUX0))
                                    ^
/home/ec2-user/arduino-testlib/cli-datadir/user/libraries/Arduboy/src/Arduboy.cpp:141:22: note: in expansion of macro &#39;ADC_TEMP&#39;
   randomSeed(~rawADC(ADC_TEMP) * ~rawADC(ADC_VOLTAGE) * ~micros() &#43; micros());
                      ^~~~~~~~
/home/ec2-user/arduino-testlib/cli-datadir/user/libraries/Arduboy/src/Arduboy.h:33:49: error: &#39;MUX2&#39; was not declared in this scope
 #define ADC_TEMP (_BV(REFS0) | _BV(REFS1) | _BV(MUX2) | _BV(MUX1) | _BV(MUX0))
                                                 ^
/home/ec2-user/arduino-testlib/cli-datadir/user/libraries/Arduboy/src/Arduboy.cpp:141:22: note: in expansion of macro &#39;ADC_TEMP&#39;
   randomSeed(~rawADC(ADC_TEMP) * ~rawADC(ADC_VOLTAGE) * ~micros() &#43; micros());
                      ^~~~~~~~
/home/ec2-user/arduino-testlib/cli-datadir/user/libraries/Arduboy/src/Arduboy.h:33:61: error: &#39;MUX1&#39; was not declared in this scope
 #define ADC_TEMP (_BV(REFS0) | _BV(REFS1) | _BV(MUX2) | _BV(MUX1) | _BV(MUX0))
                                                             ^
/home/ec2-user/arduino-testlib/cli-datadir/user/libraries/Arduboy/src/Arduboy.cpp:141:22: note: in expansion of macro &#39;ADC_TEMP&#39;
   randomSeed(~rawADC(ADC_TEMP) * ~rawADC(ADC_VOLTAGE) * ~micros() &#43; micros());
                      ^~~~~~~~
/home/ec2-user/arduino-testlib/cli-datadir/user/libraries/Arduboy/src/Arduboy.h:33:73: error: &#39;MUX0&#39; was not declared in this scope
 #define ADC_TEMP (_BV(REFS0) | _BV(REFS1) | _BV(MUX2) | _BV(MUX1) | _BV(MUX0))
                                                                         ^
/home/ec2-user/arduino-testlib/cli-datadir/user/libraries/Arduboy/src/Arduboy.cpp:141:22: note: in expansion of macro &#39;ADC_TEMP&#39;
   randomSeed(~rawADC(ADC_TEMP) * ~rawADC(ADC_VOLTAGE) * ~micros() &#43; micros());
                      ^~~~~~~~
/home/ec2-user/arduino-testlib/cli-datadir/user/libraries/Arduboy/src/Arduboy.h:31:39: error: &#39;MUX4&#39; was not declared in this scope
 #define ADC_VOLTAGE (_BV(REFS0) | _BV(MUX4) | _BV(MUX3) | _BV(MUX2) | _BV(MUX1))
                                       ^
/home/ec2-user/arduino-testlib/cli-datadir/user/libraries/Arduboy/src/Arduboy.cpp:141:42: note: in expansion of macro &#39;ADC_VOLTAGE&#39;
   randomSeed(~rawADC(ADC_TEMP) * ~rawADC(ADC_VOLTAGE) * ~micros() &#43; micros());
                                          ^~~~~~~~~~~
/home/ec2-user/arduino-testlib/cli-datadir/user/libraries/Arduboy/src/Arduboy.h:31:51: error: &#39;MUX3&#39; was not declared in this scope
 #define ADC_VOLTAGE (_BV(REFS0) | _BV(MUX4) | _BV(MUX3) | _BV(MUX2) | _BV(MUX1))
                                                   ^
/home/ec2-user/arduino-testlib/cli-datadir/user/libraries/Arduboy/src/Arduboy.cpp:141:42: note: in expansion of macro &#39;ADC_VOLTAGE&#39;
   randomSeed(~rawADC(ADC_TEMP) * ~rawADC(ADC_VOLTAGE) * ~micros() &#43; micros());
                                          ^~~~~~~~~~~
/home/ec2-user/arduino-testlib/cli-datadir/user/libraries/Arduboy/src/Arduboy.cpp:142:3: error: &#39;power_adc_disable&#39; was not declared in this scope
   power_adc_disable(); // ADC off
   ^~~~~~~~~~~~~~~~~
/home/ec2-user/arduino-testlib/cli-datadir/user/libraries/Arduboy/src/Arduboy.cpp:142:3: note: suggested alternative: &#39;power_all_disable&#39;
   power_adc_disable(); // ADC off
   ^~~~~~~~~~~~~~~~~
   power_all_disable
/home/ec2-user/arduino-testlib/cli-datadir/user/libraries/Arduboy/src/Arduboy.cpp: In member function &#39;uint16_t Arduboy::rawADC(byte)&#39;:
/home/ec2-user/arduino-testlib/cli-datadir/user/libraries/Arduboy/src/Arduboy.cpp:147:3: error: &#39;ADMUX&#39; was not declared in this scope
   ADMUX = adc_bits;
   ^~~~~
In file included from /home/ec2-user/arduino-testlib/cli-datadir/data/packages/arduino/tools/avr-gcc/7.3.0-atmel3.6.1-arduino5/avr/include/avr/io.h:99:0,
                 from /home/ec2-user/arduino-testlib/cli-datadir/data/packages/arduino/tools/avr-gcc/7.3.0-atmel3.6.1-arduino5/avr/include/avr/power.h:35,
                 from /home/ec2-user/arduino-testlib/cli-datadir/user/libraries/Arduboy/src/core/core.h:4,
                 from /home/ec2-user/arduino-testlib/cli-datadir/user/libraries/Arduboy/src/Arduboy.h:4,
                 from /home/ec2-user/arduino-testlib/cli-datadir/user/libraries/Arduboy/src/Arduboy.cpp:1:
/home/ec2-user/arduino-testlib/cli-datadir/user/libraries/Arduboy/src/Arduboy.h:33:23: error: &#39;REFS0&#39; was not declared in this scope
 #define ADC_TEMP (_BV(REFS0) | _BV(REFS1) | _BV(MUX2) | _BV(MUX1) | _BV(MUX0))
                       ^
/home/ec2-user/arduino-testlib/cli-datadir/user/libraries/Arduboy/src/Arduboy.cpp:149:19: note: in expansion of macro &#39;ADC_TEMP&#39;
   if (adc_bits == ADC_TEMP) {
                   ^~~~~~~~
/home/ec2-user/arduino-testlib/cli-datadir/user/libraries/Arduboy/src/Arduboy.h:33:23: note: suggested alternative: &#39;VREF_t&#39;
 #define ADC_TEMP (_BV(REFS0) | _BV(REFS1) | _BV(MUX2) | _BV(MUX1) | _BV(MUX0))
                       ^
/home/ec2-user/arduino-testlib/cli-datadir/user/libraries/Arduboy/src/Arduboy.cpp:149:19: note: in expansion of macro &#39;ADC_TEMP&#39;
   if (adc_bits == ADC_TEMP) {
                   ^~~~~~~~
/home/ec2-user/arduino-testlib/cli-datadir/user/libraries/Arduboy/src/Arduboy.h:33:36: error: &#39;REFS1&#39; was not declared in this scope
 #define ADC_TEMP (_BV(REFS0) | _BV(REFS1) | _BV(MUX2) | _BV(MUX1) | _BV(MUX0))
                                    ^
/home/ec2-user/arduino-testlib/cli-datadir/user/libraries/Arduboy/src/Arduboy.cpp:149:19: note: in expansion of macro &#39;ADC_TEMP&#39;
   if (adc_bits == ADC_TEMP) {
                   ^~~~~~~~
/home/ec2-user/arduino-testlib/cli-datadir/user/libraries/Arduboy/src/Arduboy.h:33:36: note: suggested alternative: &#39;VREF_t&#39;
 #define ADC_TEMP (_BV(REFS0) | _BV(REFS1) | _BV(MUX2) | _BV(MUX1) | _BV(MUX0))
                                    ^
/home/ec2-user/arduino-testlib/cli-datadir/user/libraries/Arduboy/src/Arduboy.cpp:149:19: note: in expansion of macro &#39;ADC_TEMP&#39;
   if (adc_bits == ADC_TEMP) {
                   ^~~~~~~~
/home/ec2-user/arduino-testlib/cli-datadir/user/libraries/Arduboy/src/Arduboy.h:33:49: error: &#39;MUX2&#39; was not declared in this scope
 #define ADC_TEMP (_BV(REFS0) | _BV(REFS1) | _BV(MUX2) | _BV(MUX1) | _BV(MUX0))
                                                 ^
/home/ec2-user/arduino-testlib/cli-datadir/user/libraries/Arduboy/src/Arduboy.cpp:149:19: note: in expansion of macro &#39;ADC_TEMP&#39;
   if (adc_bits == ADC_TEMP) {
                   ^~~~~~~~
/home/ec2-user/arduino-testlib/cli-datadir/user/libraries/Arduboy/src/Arduboy.h:33:61: error: &#39;MUX1&#39; was not declared in this scope
 #define ADC_TEMP (_BV(REFS0) | _BV(REFS1) | _BV(MUX2) | _BV(MUX1) | _BV(MUX0))
                                                             ^
/home/ec2-user/arduino-testlib/cli-datadir/user/libraries/Arduboy/src/Arduboy.cpp:149:19: note: in expansion of macro &#39;ADC_TEMP&#39;
   if (adc_bits == ADC_TEMP) {
                   ^~~~~~~~
/home/ec2-user/arduino-testlib/cli-datadir/user/libraries/Arduboy/src/Arduboy.h:33:73: error: &#39;MUX0&#39; was not declared in this scope
 #define ADC_TEMP (_BV(REFS0) | _BV(REFS1) | _BV(M</pre>
					
					<h4>examples/Buttons</h4>
					<p>
						Result: <b>FAIL</b>
					</p>
					<pre class="pre-scrollable">WARNING: library Arduboy claims to run on avr architecture(s) and may be incompatible with your current board which runs on megaavr architecture(s).
/home/ec2-user/arduino-testlib/cli-datadir/user/libraries/Arduboy/src/Arduboy.cpp: In member function &#39;void Arduboy::initRandomSeed()&#39;:
/home/ec2-user/arduino-testlib/cli-datadir/user/libraries/Arduboy/src/Arduboy.cpp:140:3: error: &#39;power_adc_enable&#39; was not declared in this scope
   power_adc_enable(); // ADC on
   ^~~~~~~~~~~~~~~~
/home/ec2-user/arduino-testlib/cli-datadir/user/libraries/Arduboy/src/Arduboy.cpp:140:3: note: suggested alternative: &#39;power_all_enable&#39;
   power_adc_enable(); // ADC on
   ^~~~~~~~~~~~~~~~
   power_all_enable
In file included from /home/ec2-user/arduino-testlib/cli-datadir/data/packages/arduino/tools/avr-gcc/7.3.0-atmel3.6.1-arduino5/avr/include/avr/io.h:99:0,
                 from /home/ec2-user/arduino-testlib/cli-datadir/data/packages/arduino/tools/avr-gcc/7.3.0-atmel3.6.1-arduino5/avr/include/avr/power.h:35,
                 from /home/ec2-user/arduino-testlib/cli-datadir/user/libraries/Arduboy/src/core/core.h:4,
                 from /home/ec2-user/arduino-testlib/cli-datadir/user/libraries/Arduboy/src/Arduboy.h:4,
                 from /home/ec2-user/arduino-testlib/cli-datadir/user/libraries/Arduboy/src/Arduboy.cpp:1:
/home/ec2-user/arduino-testlib/cli-datadir/user/libraries/Arduboy/src/Arduboy.h:33:23: error: &#39;REFS0&#39; was not declared in this scope
 #define ADC_TEMP (_BV(REFS0) | _BV(REFS1) | _BV(MUX2) | _BV(MUX1) | _BV(MUX0))
                       ^
/home/ec2-user/arduino-testlib/cli-datadir/user/libraries/Arduboy/src/Arduboy.cpp:141:22: note: in expansion of macro &#39;ADC_TEMP&#39;
   randomSeed(~rawADC(ADC_TEMP) * ~rawADC(ADC_VOLTAGE) * ~micros() &#43; micros());
                      ^~~~~~~~
/home/ec2-user/arduino-testlib/cli-datadir/user/libraries/Arduboy/src/Arduboy.h:33:23: note: suggested alternative: &#39;VREF_t&#39;
 #define ADC_TEMP (_BV(REFS0) | _BV(REFS1) | _BV(MUX2) | _BV(MUX1) | _BV(MUX0))
                       ^
/home/ec2-user/arduino-testlib/cli-datadir/user/libraries/Arduboy/src/Arduboy.cpp:141:22: note: in expansion of macro &#39;ADC_TEMP&#39;
   randomSeed(~rawADC(ADC_TEMP) * ~rawADC(ADC_VOLTAGE) * ~micros() &#43; micros());
                      ^~~~~~~~
/home/ec2-user/arduino-testlib/cli-datadir/user/libraries/Arduboy/src/Arduboy.h:33:36: error: &#39;REFS1&#39; was not declared in this scope
 #define ADC_TEMP (_BV(REFS0) | _BV(REFS1) | _BV(MUX2) | _BV(MUX1) | _BV(MUX0))
                                    ^
/home/ec2-user/arduino-testlib/cli-datadir/user/libraries/Arduboy/src/Arduboy.cpp:141:22: note: in expansion of macro &#39;ADC_TEMP&#39;
   randomSeed(~rawADC(ADC_TEMP) * ~rawADC(ADC_VOLTAGE) * ~micros() &#43; micros());
                      ^~~~~~~~
/home/ec2-user/arduino-testlib/cli-datadir/user/libraries/Arduboy/src/Arduboy.h:33:36: note: suggested alternative: &#39;VREF_t&#39;
 #define ADC_TEMP (_BV(REFS0) | _BV(REFS1) | _BV(MUX2) | _BV(MUX1) | _BV(MUX0))
                                    ^
/home/ec2-user/arduino-testlib/cli-datadir/user/libraries/Arduboy/src/Arduboy.cpp:141:22: note: in expansion of macro &#39;ADC_TEMP&#39;
   randomSeed(~rawADC(ADC_TEMP) * ~rawADC(ADC_VOLTAGE) * ~micros() &#43; micros());
                      ^~~~~~~~
/home/ec2-user/arduino-testlib/cli-datadir/user/libraries/Arduboy/src/Arduboy.h:33:49: error: &#39;MUX2&#39; was not declared in this scope
 #define ADC_TEMP (_BV(REFS0) | _BV(REFS1) | _BV(MUX2) | _BV(MUX1) | _BV(MUX0))
                                                 ^
/home/ec2-user/arduino-testlib/cli-datadir/user/libraries/Arduboy/src/Arduboy.cpp:141:22: note: in expansion of macro &#39;ADC_TEMP&#39;
   randomSeed(~rawADC(ADC_TEMP) * ~rawADC(ADC_VOLTAGE) * ~micros() &#43; micros());
                      ^~~~~~~~
/home/ec2-user/arduino-testlib/cli-datadir/user/libraries/Arduboy/src/Arduboy.h:33:61: error: &#39;MUX1&#39; was not declared in this scope
 #define ADC_TEMP (_BV(REFS0) | _BV(REFS1) | _BV(MUX2) | _BV(MUX1) | _BV(MUX0))
                                                             ^
/home/ec2-user/arduino-testlib/cli-datadir/user/libraries/Arduboy/src/Arduboy.cpp:141:22: note: in expansion of macro &#39;ADC_TEMP&#39;
   randomSeed(~rawADC(ADC_TEMP) * ~rawADC(ADC_VOLTAGE) * ~micros() &#43; micros());
                      ^~~~~~~~
/home/ec2-user/arduino-testlib/cli-datadir/user/libraries/Arduboy/src/Arduboy.h:33:73: error: &#39;MUX0&#39; was not declared in this scope
 #define ADC_TEMP (_BV(REFS0) | _BV(REFS1) | _BV(MUX2) | _BV(MUX1) | _BV(MUX0))
                                                                         ^
/home/ec2-user/arduino-testlib/cli-datadir/user/libraries/Arduboy/src/Arduboy.cpp:141:22: note: in expansion of macro &#39;ADC_TEMP&#39;
   randomSeed(~rawADC(ADC_TEMP) * ~rawADC(ADC_VOLTAGE) * ~micros() &#43; micros());
                      ^~~~~~~~
/home/ec2-user/arduino-testlib/cli-datadir/user/libraries/Arduboy/src/Arduboy.h:31:39: error: &#39;MUX4&#39; was not declared in this scope
 #define ADC_VOLTAGE (_BV(REFS0) | _BV(MUX4) | _BV(MUX3) | _BV(MUX2) | _BV(MUX1))
                                       ^
/home/ec2-user/arduino-testlib/cli-datadir/user/libraries/Arduboy/src/Arduboy.cpp:141:42: note: in expansion of macro &#39;ADC_VOLTAGE&#39;
   randomSeed(~rawADC(ADC_TEMP) * ~rawADC(ADC_VOLTAGE) * ~micros() &#43; micros());
                                          ^~~~~~~~~~~
/home/ec2-user/arduino-testlib/cli-datadir/user/libraries/Arduboy/src/Arduboy.h:31:51: error: &#39;MUX3&#39; was not declared in this scope
 #define ADC_VOLTAGE (_BV(REFS0) | _BV(MUX4) | _BV(MUX3) | _BV(MUX2) | _BV(MUX1))
                                                   ^
/home/ec2-user/arduino-testlib/cli-datadir/user/libraries/Arduboy/src/Arduboy.cpp:141:42: note: in expansion of macro &#39;ADC_VOLTAGE&#39;
   randomSeed(~rawADC(ADC_TEMP) * ~rawADC(ADC_VOLTAGE) * ~micros() &#43; micros());
                                          ^~~~~~~~~~~
/home/ec2-user/arduino-testlib/cli-datadir/user/libraries/Arduboy/src/Arduboy.cpp:142:3: error: &#39;power_adc_disable&#39; was not declared in this scope
   power_adc_disable(); // ADC off
   ^~~~~~~~~~~~~~~~~
/home/ec2-user/arduino-testlib/cli-datadir/user/libraries/Arduboy/src/Arduboy.cpp:142:3: note: suggested alternative: &#39;power_all_disable&#39;
   power_adc_disable(); // ADC off
   ^~~~~~~~~~~~~~~~~
   power_all_disable
/home/ec2-user/arduino-testlib/cli-datadir/user/libraries/Arduboy/src/Arduboy.cpp: In member function &#39;uint16_t Arduboy::rawADC(byte)&#39;:
/home/ec2-user/arduino-testlib/cli-datadir/user/libraries/Arduboy/src/Arduboy.cpp:147:3: error: &#39;ADMUX&#39; was not declared in this scope
   ADMUX = adc_bits;
   ^~~~~
In file included from /home/ec2-user/arduino-testlib/cli-datadir/data/packages/arduino/tools/avr-gcc/7.3.0-atmel3.6.1-arduino5/avr/include/avr/io.h:99:0,
                 from /home/ec2-user/arduino-testlib/cli-datadir/data/packages/arduino/tools/avr-gcc/7.3.0-atmel3.6.1-arduino5/avr/include/avr/power.h:35,
                 from /home/ec2-user/arduino-testlib/cli-datadir/user/libraries/Arduboy/src/core/core.h:4,
                 from /home/ec2-user/arduino-testlib/cli-datadir/user/libraries/Arduboy/src/Arduboy.h:4,
                 from /home/ec2-user/arduino-testlib/cli-datadir/user/libraries/Arduboy/src/Arduboy.cpp:1:
/home/ec2-user/arduino-testlib/cli-datadir/user/libraries/Arduboy/src/Arduboy.h:33:23: error: &#39;REFS0&#39; was not declared in this scope
 #define ADC_TEMP (_BV(REFS0) | _BV(REFS1) | _BV(MUX2) | _BV(MUX1) | _BV(MUX0))
                       ^
/home/ec2-user/arduino-testlib/cli-datadir/user/libraries/Arduboy/src/Arduboy.cpp:149:19: note: in expansion of macro &#39;ADC_TEMP&#39;
   if (adc_bits == ADC_TEMP) {
                   ^~~~~~~~
/home/ec2-user/arduino-testlib/cli-datadir/user/libraries/Arduboy/src/Arduboy.h:33:23: note: suggested alternative: &#39;VREF_t&#39;
 #define ADC_TEMP (_BV(REFS0) | _BV(REFS1) | _BV(MUX2) | _BV(MUX1) | _BV(MUX0))
                       ^
/home/ec2-user/arduino-testlib/cli-datadir/user/libraries/Arduboy/src/Arduboy.cpp:149:19: note: in expansion of macro &#39;ADC_TEMP&#39;
   if (adc_bits == ADC_TEMP) {
                   ^~~~~~~~
/home/ec2-user/arduino-testlib/cli-datadir/user/libraries/Arduboy/src/Arduboy.h:33:36: error: &#39;REFS1&#39; was not declared in this scope
 #define ADC_TEMP (_BV(REFS0) | _BV(REFS1) | _BV(MUX2) | _BV(MUX1) | _BV(MUX0))
                                    ^
/home/ec2-user/arduino-testlib/cli-datadir/user/libraries/Arduboy/src/Arduboy.cpp:149:19: note: in expansion of macro &#39;ADC_TEMP&#39;
   if (adc_bits == ADC_TEMP) {
                   ^~~~~~~~
/home/ec2-user/arduino-testlib/cli-datadir/user/libraries/Arduboy/src/Arduboy.h:33:36: note: suggested alternative: &#39;VREF_t&#39;
 #define ADC_TEMP (_BV(REFS0) | _BV(REFS1) | _BV(MUX2) | _BV(MUX1) | _BV(MUX0))
                                    ^
/home/ec2-user/arduino-testlib/cli-datadir/user/libraries/Arduboy/src/Arduboy.cpp:149:19: note: in expansion of macro &#39;ADC_TEMP&#39;
   if (adc_bits == ADC_TEMP) {
                   ^~~~~~~~
/home/ec2-user/arduino-testlib/cli-datadir/user/libraries/Arduboy/src/Arduboy.h:33:49: error: &#39;MUX2&#39; was not declared in this scope
 #define ADC_TEMP (_BV(REFS0) | _BV(REFS1) | _BV(MUX2) | _BV(MUX1) | _BV(MUX0))
                                                 ^
/home/ec2-user/arduino-testlib/cli-datadir/user/libraries/Arduboy/src/Arduboy.cpp:149:19: note: in expansion of macro &#39;ADC_TEMP&#39;
   if (adc_bits == ADC_TEMP) {
                   ^~~~~~~~
/home/ec2-user/arduino-testlib/cli-datadir/user/libraries/Arduboy/src/Arduboy.h:33:61: error: &#39;MUX1&#39; was not declared in this scope
 #define ADC_TEMP (_BV(REFS0) | _BV(REFS1) | _BV(MUX2) | _BV(MUX1) | _BV(MUX0))
                                                             ^
/home/ec2-user/arduino-testlib/cli-datadir/user/libraries/Arduboy/src/Arduboy.cpp:149:19: note: in expansion of macro &#39;ADC_TEMP&#39;
   if (adc_bits == ADC_TEMP) {
                   ^~~~~~~~
/home/ec2-user/arduino-testlib/cli-datadir/user/libraries/Arduboy/src/Arduboy.h:33:73: error: &#39;MUX0&#39; was not declared in this scope
 #define ADC_TEMP (_BV(REFS0) | _BV(REFS1) | _BV(M</pre>
					
					<h4>examples/HelloWorld</h4>
					<p>
						Result: <b>FAIL</b>
					</p>
					<pre class="pre-scrollable">WARNING: library Arduboy claims to run on avr architecture(s) and may be incompatible with your current board which runs on megaavr architecture(s).
/home/ec2-user/arduino-testlib/cli-datadir/user/libraries/Arduboy/src/Arduboy.cpp: In member function &#39;void Arduboy::initRandomSeed()&#39;:
/home/ec2-user/arduino-testlib/cli-datadir/user/libraries/Arduboy/src/Arduboy.cpp:140:3: error: &#39;power_adc_enable&#39; was not declared in this scope
   power_adc_enable(); // ADC on
   ^~~~~~~~~~~~~~~~
/home/ec2-user/arduino-testlib/cli-datadir/user/libraries/Arduboy/src/Arduboy.cpp:140:3: note: suggested alternative: &#39;power_all_enable&#39;
   power_adc_enable(); // ADC on
   ^~~~~~~~~~~~~~~~
   power_all_enable
In file included from /home/ec2-user/arduino-testlib/cli-datadir/data/packages/arduino/tools/avr-gcc/7.3.0-atmel3.6.1-arduino5/avr/include/avr/io.h:99:0,
                 from /home/ec2-user/arduino-testlib/cli-datadir/data/packages/arduino/tools/avr-gcc/7.3.0-atmel3.6.1-arduino5/avr/include/avr/power.h:35,
                 from /home/ec2-user/arduino-testlib/cli-datadir/user/libraries/Arduboy/src/core/core.h:4,
                 from /home/ec2-user/arduino-testlib/cli-datadir/user/libraries/Arduboy/src/Arduboy.h:4,
                 from /home/ec2-user/arduino-testlib/cli-datadir/user/libraries/Arduboy/src/Arduboy.cpp:1:
/home/ec2-user/arduino-testlib/cli-datadir/user/libraries/Arduboy/src/Arduboy.h:33:23: error: &#39;REFS0&#39; was not declared in this scope
 #define ADC_TEMP (_BV(REFS0) | _BV(REFS1) | _BV(MUX2) | _BV(MUX1) | _BV(MUX0))
                       ^
/home/ec2-user/arduino-testlib/cli-datadir/user/libraries/Arduboy/src/Arduboy.cpp:141:22: note: in expansion of macro &#39;ADC_TEMP&#39;
   randomSeed(~rawADC(ADC_TEMP) * ~rawADC(ADC_VOLTAGE) * ~micros() &#43; micros());
                      ^~~~~~~~
/home/ec2-user/arduino-testlib/cli-datadir/user/libraries/Arduboy/src/Arduboy.h:33:23: note: suggested alternative: &#39;VREF_t&#39;
 #define ADC_TEMP (_BV(REFS0) | _BV(REFS1) | _BV(MUX2) | _BV(MUX1) | _BV(MUX0))
                       ^
/home/ec2-user/arduino-testlib/cli-datadir/user/libraries/Arduboy/src/Arduboy.cpp:141:22: note: in expansion of macro &#39;ADC_TEMP&#39;
   randomSeed(~rawADC(ADC_TEMP) * ~rawADC(ADC_VOLTAGE) * ~micros() &#43; micros());
                      ^~~~~~~~
/home/ec2-user/arduino-testlib/cli-datadir/user/libraries/Arduboy/src/Arduboy.h:33:36: error: &#39;REFS1&#39; was not declared in this scope
 #define ADC_TEMP (_BV(REFS0) | _BV(REFS1) | _BV(MUX2) | _BV(MUX1) | _BV(MUX0))
                                    ^
/home/ec2-user/arduino-testlib/cli-datadir/user/libraries/Arduboy/src/Arduboy.cpp:141:22: note: in expansion of macro &#39;ADC_TEMP&#39;
   randomSeed(~rawADC(ADC_TEMP) * ~rawADC(ADC_VOLTAGE) * ~micros() &#43; micros());
                      ^~~~~~~~
/home/ec2-user/arduino-testlib/cli-datadir/user/libraries/Arduboy/src/Arduboy.h:33:36: note: suggested alternative: &#39;VREF_t&#39;
 #define ADC_TEMP (_BV(REFS0) | _BV(REFS1) | _BV(MUX2) | _BV(MUX1) | _BV(MUX0))
                                    ^
/home/ec2-user/arduino-testlib/cli-datadir/user/libraries/Arduboy/src/Arduboy.cpp:141:22: note: in expansion of macro &#39;ADC_TEMP&#39;
   randomSeed(~rawADC(ADC_TEMP) * ~rawADC(ADC_VOLTAGE) * ~micros() &#43; micros());
                      ^~~~~~~~
/home/ec2-user/arduino-testlib/cli-datadir/user/libraries/Arduboy/src/Arduboy.h:33:49: error: &#39;MUX2&#39; was not declared in this scope
 #define ADC_TEMP (_BV(REFS0) | _BV(REFS1) | _BV(MUX2) | _BV(MUX1) | _BV(MUX0))
                                                 ^
/home/ec2-user/arduino-testlib/cli-datadir/user/libraries/Arduboy/src/Arduboy.cpp:141:22: note: in expansion of macro &#39;ADC_TEMP&#39;
   randomSeed(~rawADC(ADC_TEMP) * ~rawADC(ADC_VOLTAGE) * ~micros() &#43; micros());
                      ^~~~~~~~
/home/ec2-user/arduino-testlib/cli-datadir/user/libraries/Arduboy/src/Arduboy.h:33:61: error: &#39;MUX1&#39; was not declared in this scope
 #define ADC_TEMP (_BV(REFS0) | _BV(REFS1) | _BV(MUX2) | _BV(MUX1) | _BV(MUX0))
                                                             ^
/home/ec2-user/arduino-testlib/cli-datadir/user/libraries/Arduboy/src/Arduboy.cpp:141:22: note: in expansion of macro &#39;ADC_TEMP&#39;
   randomSeed(~rawADC(ADC_TEMP) * ~rawADC(ADC_VOLTAGE) * ~micros() &#43; micros());
                      ^~~~~~~~
/home/ec2-user/arduino-testlib/cli-datadir/user/libraries/Arduboy/src/Arduboy.h:33:73: error: &#39;MUX0&#39; was not declared in this scope
 #define ADC_TEMP (_BV(REFS0) | _BV(REFS1) | _BV(MUX2) | _BV(MUX1) | _BV(MUX0))
                                                                         ^
/home/ec2-user/arduino-testlib/cli-datadir/user/libraries/Arduboy/src/Arduboy.cpp:141:22: note: in expansion of macro &#39;ADC_TEMP&#39;
   randomSeed(~rawADC(ADC_TEMP) * ~rawADC(ADC_VOLTAGE) * ~micros() &#43; micros());
                      ^~~~~~~~
/home/ec2-user/arduino-testlib/cli-datadir/user/libraries/Arduboy/src/Arduboy.h:31:39: error: &#39;MUX4&#39; was not declared in this scope
 #define ADC_VOLTAGE (_BV(REFS0) | _BV(MUX4) | _BV(MUX3) | _BV(MUX2) | _BV(MUX1))
                                       ^
/home/ec2-user/arduino-testlib/cli-datadir/user/libraries/Arduboy/src/Arduboy.cpp:141:42: note: in expansion of macro &#39;ADC_VOLTAGE&#39;
   randomSeed(~rawADC(ADC_TEMP) * ~rawADC(ADC_VOLTAGE) * ~micros() &#43; micros());
                                          ^~~~~~~~~~~
/home/ec2-user/arduino-testlib/cli-datadir/user/libraries/Arduboy/src/Arduboy.h:31:51: error: &#39;MUX3&#39; was not declared in this scope
 #define ADC_VOLTAGE (_BV(REFS0) | _BV(MUX4) | _BV(MUX3) | _BV(MUX2) | _BV(MUX1))
                                                   ^
/home/ec2-user/arduino-testlib/cli-datadir/user/libraries/Arduboy/src/Arduboy.cpp:141:42: note: in expansion of macro &#39;ADC_VOLTAGE&#39;
   randomSeed(~rawADC(ADC_TEMP) * ~rawADC(ADC_VOLTAGE) * ~micros() &#43; micros());
                                          ^~~~~~~~~~~
/home/ec2-user/arduino-testlib/cli-datadir/user/libraries/Arduboy/src/Arduboy.cpp:142:3: error: &#39;power_adc_disable&#39; was not declared in this scope
   power_adc_disable(); // ADC off
   ^~~~~~~~~~~~~~~~~
/home/ec2-user/arduino-testlib/cli-datadir/user/libraries/Arduboy/src/Arduboy.cpp:142:3: note: suggested alternative: &#39;power_all_disable&#39;
   power_adc_disable(); // ADC off
   ^~~~~~~~~~~~~~~~~
   power_all_disable
/home/ec2-user/arduino-testlib/cli-datadir/user/libraries/Arduboy/src/Arduboy.cpp: In member function &#39;uint16_t Arduboy::rawADC(byte)&#39;:
/home/ec2-user/arduino-testlib/cli-datadir/user/libraries/Arduboy/src/Arduboy.cpp:147:3: error: &#39;ADMUX&#39; was not declared in this scope
   ADMUX = adc_bits;
   ^~~~~
In file included from /home/ec2-user/arduino-testlib/cli-datadir/data/packages/arduino/tools/avr-gcc/7.3.0-atmel3.6.1-arduino5/avr/include/avr/io.h:99:0,
                 from /home/ec2-user/arduino-testlib/cli-datadir/data/packages/arduino/tools/avr-gcc/7.3.0-atmel3.6.1-arduino5/avr/include/avr/power.h:35,
                 from /home/ec2-user/arduino-testlib/cli-datadir/user/libraries/Arduboy/src/core/core.h:4,
                 from /home/ec2-user/arduino-testlib/cli-datadir/user/libraries/Arduboy/src/Arduboy.h:4,
                 from /home/ec2-user/arduino-testlib/cli-datadir/user/libraries/Arduboy/src/Arduboy.cpp:1:
/home/ec2-user/arduino-testlib/cli-datadir/user/libraries/Arduboy/src/Arduboy.h:33:23: error: &#39;REFS0&#39; was not declared in this scope
 #define ADC_TEMP (_BV(REFS0) | _BV(REFS1) | _BV(MUX2) | _BV(MUX1) | _BV(MUX0))
                       ^
/home/ec2-user/arduino-testlib/cli-datadir/user/libraries/Arduboy/src/Arduboy.cpp:149:19: note: in expansion of macro &#39;ADC_TEMP&#39;
   if (adc_bits == ADC_TEMP) {
                   ^~~~~~~~
/home/ec2-user/arduino-testlib/cli-datadir/user/libraries/Arduboy/src/Arduboy.h:33:23: note: suggested alternative: &#39;VREF_t&#39;
 #define ADC_TEMP (_BV(REFS0) | _BV(REFS1) | _BV(MUX2) | _BV(MUX1) | _BV(MUX0))
                       ^
/home/ec2-user/arduino-testlib/cli-datadir/user/libraries/Arduboy/src/Arduboy.cpp:149:19: note: in expansion of macro &#39;ADC_TEMP&#39;
   if (adc_bits == ADC_TEMP) {
                   ^~~~~~~~
/home/ec2-user/arduino-testlib/cli-datadir/user/libraries/Arduboy/src/Arduboy.h:33:36: error: &#39;REFS1&#39; was not declared in this scope
 #define ADC_TEMP (_BV(REFS0) | _BV(REFS1) | _BV(MUX2) | _BV(MUX1) | _BV(MUX0))
                                    ^
/home/ec2-user/arduino-testlib/cli-datadir/user/libraries/Arduboy/src/Arduboy.cpp:149:19: note: in expansion of macro &#39;ADC_TEMP&#39;
   if (adc_bits == ADC_TEMP) {
                   ^~~~~~~~
/home/ec2-user/arduino-testlib/cli-datadir/user/libraries/Arduboy/src/Arduboy.h:33:36: note: suggested alternative: &#39;VREF_t&#39;
 #define ADC_TEMP (_BV(REFS0) | _BV(REFS1) | _BV(MUX2) | _BV(MUX1) | _BV(MUX0))
                                    ^
/home/ec2-user/arduino-testlib/cli-datadir/user/libraries/Arduboy/src/Arduboy.cpp:149:19: note: in expansion of macro &#39;ADC_TEMP&#39;
   if (adc_bits == ADC_TEMP) {
                   ^~~~~~~~
/home/ec2-user/arduino-testlib/cli-datadir/user/libraries/Arduboy/src/Arduboy.h:33:49: error: &#39;MUX2&#39; was not declared in this scope
 #define ADC_TEMP (_BV(REFS0) | _BV(REFS1) | _BV(MUX2) | _BV(MUX1) | _BV(MUX0))
                                                 ^
/home/ec2-user/arduino-testlib/cli-datadir/user/libraries/Arduboy/src/Arduboy.cpp:149:19: note: in expansion of macro &#39;ADC_TEMP&#39;
   if (adc_bits == ADC_TEMP) {
                   ^~~~~~~~
/home/ec2-user/arduino-testlib/cli-datadir/user/libraries/Arduboy/src/Arduboy.h:33:61: error: &#39;MUX1&#39; was not declared in this scope
 #define ADC_TEMP (_BV(REFS0) | _BV(REFS1) | _BV(MUX2) | _BV(MUX1) | _BV(MUX0))
                                                             ^
/home/ec2-user/arduino-testlib/cli-datadir/user/libraries/Arduboy/src/Arduboy.cpp:149:19: note: in expansion of macro &#39;ADC_TEMP&#39;
   if (adc_bits == ADC_TEMP) {
                   ^~~~~~~~
/home/ec2-user/arduino-testlib/cli-datadir/user/libraries/Arduboy/src/Arduboy.h:33:73: error: &#39;MUX0&#39; was not declared in this scope
 #define ADC_TEMP (_BV(REFS0) | _BV(REFS1) | _BV(M</pre>
					
					<h4>examples/Performance</h4>
					<p>
						Result: <b>FAIL</b>
					</p>
					<pre class="pre-scrollable"></pre>
					
					<h4>examples/Tunes</h4>
					<p>
						Result: <b>FAIL</b>
					</p>
					<pre class="pre-scrollable">WARNING: library Arduboy claims to run on avr architecture(s) and may be incompatible with your current board which runs on megaavr architecture(s).
/home/ec2-user/arduino-testlib/cli-datadir/user/libraries/Arduboy/src/Arduboy.cpp: In member function &#39;void Arduboy::initRandomSeed()&#39;:
/home/ec2-user/arduino-testlib/cli-datadir/user/libraries/Arduboy/src/Arduboy.cpp:140:3: error: &#39;power_adc_enable&#39; was not declared in this scope
   power_adc_enable(); // ADC on
   ^~~~~~~~~~~~~~~~
/home/ec2-user/arduino-testlib/cli-datadir/user/libraries/Arduboy/src/Arduboy.cpp:140:3: note: suggested alternative: &#39;power_all_enable&#39;
   power_adc_enable(); // ADC on
   ^~~~~~~~~~~~~~~~
   power_all_enable
In file included from /home/ec2-user/arduino-testlib/cli-datadir/data/packages/arduino/tools/avr-gcc/7.3.0-atmel3.6.1-arduino5/avr/include/avr/io.h:99:0,
                 from /home/ec2-user/arduino-testlib/cli-datadir/data/packages/arduino/tools/avr-gcc/7.3.0-atmel3.6.1-arduino5/avr/include/avr/power.h:35,
                 from /home/ec2-user/arduino-testlib/cli-datadir/user/libraries/Arduboy/src/core/core.h:4,
                 from /home/ec2-user/arduino-testlib/cli-datadir/user/libraries/Arduboy/src/Arduboy.h:4,
                 from /home/ec2-user/arduino-testlib/cli-datadir/user/libraries/Arduboy/src/Arduboy.cpp:1:
/home/ec2-user/arduino-testlib/cli-datadir/user/libraries/Arduboy/src/Arduboy.h:33:23: error: &#39;REFS0&#39; was not declared in this scope
 #define ADC_TEMP (_BV(REFS0) | _BV(REFS1) | _BV(MUX2) | _BV(MUX1) | _BV(MUX0))
                       ^
/home/ec2-user/arduino-testlib/cli-datadir/user/libraries/Arduboy/src/Arduboy.cpp:141:22: note: in expansion of macro &#39;ADC_TEMP&#39;
   randomSeed(~rawADC(ADC_TEMP) * ~rawADC(ADC_VOLTAGE) * ~micros() &#43; micros());
                      ^~~~~~~~
/home/ec2-user/arduino-testlib/cli-datadir/user/libraries/Arduboy/src/Arduboy.h:33:23: note: suggested alternative: &#39;VREF_t&#39;
 #define ADC_TEMP (_BV(REFS0) | _BV(REFS1) | _BV(MUX2) | _BV(MUX1) | _BV(MUX0))
                       ^
/home/ec2-user/arduino-testlib/cli-datadir/user/libraries/Arduboy/src/Arduboy.cpp:141:22: note: in expansion of macro &#39;ADC_TEMP&#39;
   randomSeed(~rawADC(ADC_TEMP) * ~rawADC(ADC_VOLTAGE) * ~micros() &#43; micros());
                      ^~~~~~~~
/home/ec2-user/arduino-testlib/cli-datadir/user/libraries/Arduboy/src/Arduboy.h:33:36: error: &#39;REFS1&#39; was not declared in this scope
 #define ADC_TEMP (_BV(REFS0) | _BV(REFS1) | _BV(MUX2) | _BV(MUX1) | _BV(MUX0))
                                    ^
/home/ec2-user/arduino-testlib/cli-datadir/user/libraries/Arduboy/src/Arduboy.cpp:141:22: note: in expansion of macro &#39;ADC_TEMP&#39;
   randomSeed(~rawADC(ADC_TEMP) * ~rawADC(ADC_VOLTAGE) * ~micros() &#43; micros());
                      ^~~~~~~~
/home/ec2-user/arduino-testlib/cli-datadir/user/libraries/Arduboy/src/Arduboy.h:33:36: note: suggested alternative: &#39;VREF_t&#39;
 #define ADC_TEMP (_BV(REFS0) | _BV(REFS1) | _BV(MUX2) | _BV(MUX1) | _BV(MUX0))
                                    ^
/home/ec2-user/arduino-testlib/cli-datadir/user/libraries/Arduboy/src/Arduboy.cpp:141:22: note: in expansion of macro &#39;ADC_TEMP&#39;
   randomSeed(~rawADC(ADC_TEMP) * ~rawADC(ADC_VOLTAGE) * ~micros() &#43; micros());
                      ^~~~~~~~
/home/ec2-user/arduino-testlib/cli-datadir/user/libraries/Arduboy/src/Arduboy.h:33:49: error: &#39;MUX2&#39; was not declared in this scope
 #define ADC_TEMP (_BV(REFS0) | _BV(REFS1) | _BV(MUX2) | _BV(MUX1) | _BV(MUX0))
                                                 ^
/home/ec2-user/arduino-testlib/cli-datadir/user/libraries/Arduboy/src/Arduboy.cpp:141:22: note: in expansion of macro &#39;ADC_TEMP&#39;
   randomSeed(~rawADC(ADC_TEMP) * ~rawADC(ADC_VOLTAGE) * ~micros() &#43; micros());
                      ^~~~~~~~
/home/ec2-user/arduino-testlib/cli-datadir/user/libraries/Arduboy/src/Arduboy.h:33:61: error: &#39;MUX1&#39; was not declared in this scope
 #define ADC_TEMP (_BV(REFS0) | _BV(REFS1) | _BV(MUX2) | _BV(MUX1) | _BV(MUX0))
                                                             ^
/home/ec2-user/arduino-testlib/cli-datadir/user/libraries/Arduboy/src/Arduboy.cpp:141:22: note: in expansion of macro &#39;ADC_TEMP&#39;
   randomSeed(~rawADC(ADC_TEMP) * ~rawADC(ADC_VOLTAGE) * ~micros() &#43; micros());
                      ^~~~~~~~
/home/ec2-user/arduino-testlib/cli-datadir/user/libraries/Arduboy/src/Arduboy.h:33:73: error: &#39;MUX0&#39; was not declared in this scope
 #define ADC_TEMP (_BV(REFS0) | _BV(REFS1) | _BV(MUX2) | _BV(MUX1) | _BV(MUX0))
                                                                         ^
/home/ec2-user/arduino-testlib/cli-datadir/user/libraries/Arduboy/src/Arduboy.cpp:141:22: note: in expansion of macro &#39;ADC_TEMP&#39;
   randomSeed(~rawADC(ADC_TEMP) * ~rawADC(ADC_VOLTAGE) * ~micros() &#43; micros());
                      ^~~~~~~~
/home/ec2-user/arduino-testlib/cli-datadir/user/libraries/Arduboy/src/Arduboy.h:31:39: error: &#39;MUX4&#39; was not declared in this scope
 #define ADC_VOLTAGE (_BV(REFS0) | _BV(MUX4) | _BV(MUX3) | _BV(MUX2) | _BV(MUX1))
                                       ^
/home/ec2-user/arduino-testlib/cli-datadir/user/libraries/Arduboy/src/Arduboy.cpp:141:42: note: in expansion of macro &#39;ADC_VOLTAGE&#39;
   randomSeed(~rawADC(ADC_TEMP) * ~rawADC(ADC_VOLTAGE) * ~micros() &#43; micros());
                                          ^~~~~~~~~~~
/home/ec2-user/arduino-testlib/cli-datadir/user/libraries/Arduboy/src/Arduboy.h:31:51: error: &#39;MUX3&#39; was not declared in this scope
 #define ADC_VOLTAGE (_BV(REFS0) | _BV(MUX4) | _BV(MUX3) | _BV(MUX2) | _BV(MUX1))
                                                   ^
/home/ec2-user/arduino-testlib/cli-datadir/user/libraries/Arduboy/src/Arduboy.cpp:141:42: note: in expansion of macro &#39;ADC_VOLTAGE&#39;
   randomSeed(~rawADC(ADC_TEMP) * ~rawADC(ADC_VOLTAGE) * ~micros() &#43; micros());
                                          ^~~~~~~~~~~
/home/ec2-user/arduino-testlib/cli-datadir/user/libraries/Arduboy/src/Arduboy.cpp:142:3: error: &#39;power_adc_disable&#39; was not declared in this scope
   power_adc_disable(); // ADC off
   ^~~~~~~~~~~~~~~~~
/home/ec2-user/arduino-testlib/cli-datadir/user/libraries/Arduboy/src/Arduboy.cpp:142:3: note: suggested alternative: &#39;power_all_disable&#39;
   power_adc_disable(); // ADC off
   ^~~~~~~~~~~~~~~~~
   power_all_disable
/home/ec2-user/arduino-testlib/cli-datadir/user/libraries/Arduboy/src/Arduboy.cpp: In member function &#39;uint16_t Arduboy::rawADC(byte)&#39;:
/home/ec2-user/arduino-testlib/cli-datadir/user/libraries/Arduboy/src/Arduboy.cpp:147:3: error: &#39;ADMUX&#39; was not declared in this scope
   ADMUX = adc_bits;
   ^~~~~
In file included from /home/ec2-user/arduino-testlib/cli-datadir/data/packages/arduino/tools/avr-gcc/7.3.0-atmel3.6.1-arduino5/avr/include/avr/io.h:99:0,
                 from /home/ec2-user/arduino-testlib/cli-datadir/data/packages/arduino/tools/avr-gcc/7.3.0-atmel3.6.1-arduino5/avr/include/avr/power.h:35,
                 from /home/ec2-user/arduino-testlib/cli-datadir/user/libraries/Arduboy/src/core/core.h:4,
                 from /home/ec2-user/arduino-testlib/cli-datadir/user/libraries/Arduboy/src/Arduboy.h:4,
                 from /home/ec2-user/arduino-testlib/cli-datadir/user/libraries/Arduboy/src/Arduboy.cpp:1:
/home/ec2-user/arduino-testlib/cli-datadir/user/libraries/Arduboy/src/Arduboy.h:33:23: error: &#39;REFS0&#39; was not declared in this scope
 #define ADC_TEMP (_BV(REFS0) | _BV(REFS1) | _BV(MUX2) | _BV(MUX1) | _BV(MUX0))
                       ^
/home/ec2-user/arduino-testlib/cli-datadir/user/libraries/Arduboy/src/Arduboy.cpp:149:19: note: in expansion of macro &#39;ADC_TEMP&#39;
   if (adc_bits == ADC_TEMP) {
                   ^~~~~~~~
/home/ec2-user/arduino-testlib/cli-datadir/user/libraries/Arduboy/src/Arduboy.h:33:23: note: suggested alternative: &#39;VREF_t&#39;
 #define ADC_TEMP (_BV(REFS0) | _BV(REFS1) | _BV(MUX2) | _BV(MUX1) | _BV(MUX0))
                       ^
/home/ec2-user/arduino-testlib/cli-datadir/user/libraries/Arduboy/src/Arduboy.cpp:149:19: note: in expansion of macro &#39;ADC_TEMP&#39;
   if (adc_bits == ADC_TEMP) {
                   ^~~~~~~~
/home/ec2-user/arduino-testlib/cli-datadir/user/libraries/Arduboy/src/Arduboy.h:33:36: error: &#39;REFS1&#39; was not declared in this scope
 #define ADC_TEMP (_BV(REFS0) | _BV(REFS1) | _BV(MUX2) | _BV(MUX1) | _BV(MUX0))
                                    ^
/home/ec2-user/arduino-testlib/cli-datadir/user/libraries/Arduboy/src/Arduboy.cpp:149:19: note: in expansion of macro &#39;ADC_TEMP&#39;
   if (adc_bits == ADC_TEMP) {
                   ^~~~~~~~
/home/ec2-user/arduino-testlib/cli-datadir/user/libraries/Arduboy/src/Arduboy.h:33:36: note: suggested alternative: &#39;VREF_t&#39;
 #define ADC_TEMP (_BV(REFS0) | _BV(REFS1) | _BV(MUX2) | _BV(MUX1) | _BV(MUX0))
                                    ^
/home/ec2-user/arduino-testlib/cli-datadir/user/libraries/Arduboy/src/Arduboy.cpp:149:19: note: in expansion of macro &#39;ADC_TEMP&#39;
   if (adc_bits == ADC_TEMP) {
                   ^~~~~~~~
/home/ec2-user/arduino-testlib/cli-datadir/user/libraries/Arduboy/src/Arduboy.h:33:49: error: &#39;MUX2&#39; was not declared in this scope
 #define ADC_TEMP (_BV(REFS0) | _BV(REFS1) | _BV(MUX2) | _BV(MUX1) | _BV(MUX0))
                                                 ^
/home/ec2-user/arduino-testlib/cli-datadir/user/libraries/Arduboy/src/Arduboy.cpp:149:19: note: in expansion of macro &#39;ADC_TEMP&#39;
   if (adc_bits == ADC_TEMP) {
                   ^~~~~~~~
/home/ec2-user/arduino-testlib/cli-datadir/user/libraries/Arduboy/src/Arduboy.h:33:61: error: &#39;MUX1&#39; was not declared in this scope
 #define ADC_TEMP (_BV(REFS0) | _BV(REFS1) | _BV(MUX2) | _BV(MUX1) | _BV(MUX0))
                                                             ^
/home/ec2-user/arduino-testlib/cli-datadir/user/libraries/Arduboy/src/Arduboy.cpp:149:19: note: in expansion of macro &#39;ADC_TEMP&#39;
   if (adc_bits == ADC_TEMP) {
                   ^~~~~~~~
/home/ec2-user/arduino-testlib/cli-datadir/user/libraries/Arduboy/src/Arduboy.h:33:73: error: &#39;MUX0&#39; was not declared in this scope
 #define ADC_TEMP (_BV(REFS0) | _BV(REFS1) | _BV(M</pre>
					
				
				<h3 id="arduino:samd:mkrwifi1010">arduino:samd:mkrwifi1010 @ 1.8.12</h3>
				<h4>Inclusion</h4>
				<p>
					Result: <b>FAIL</b>
					
				</p>
				<pre class="pre-scrollable">In file included from /Users/alranel/Documents/git/arduino/arduino-testlib/cli-datadir/user/libraries/Arduboy/src/Arduboy.h:4:0,
                 from /private/tmp/arduino-testlib916281311/test/test.ino:1:
/Users/alranel/Documents/git/arduino/arduino-testlib/cli-datadir/user/libraries/Arduboy/src/core/core.h:4:10: fatal error: avr/power.h: No such file or directory
 #include &lt;avr/power.h&gt;
          ^~~~~~~~~~~~~
compilation terminated.

</pre>

					
					<h4>examples/ArduBreakout</h4>
					<p>
						Result: <b>FAIL</b>
					</p>
					<pre class="pre-scrollable">In file included from /Users/alranel/Documents/git/arduino/arduino-testlib/cli-datadir/user/libraries/Arduboy/src/Arduboy.h:4:0,
                 from /Users/alranel/Documents/git/arduino/arduino-testlib/cli-datadir/user/libraries/Arduboy/examples/ArduBreakout/ArduBreakout.ino:12:
/Users/alranel/Documents/git/arduino/arduino-testlib/cli-datadir/user/libraries/Arduboy/src/core/core.h:4:10: fatal error: avr/power.h: No such file or directory
 #include &lt;avr/power.h&gt;
          ^~~~~~~~~~~~~
compilation terminated.

</pre>
					
					<h4>examples/Buttons</h4>
					<p>
						Result: <b>FAIL</b>
					</p>
					<pre class="pre-scrollable">In file included from /Users/alranel/Documents/git/arduino/arduino-testlib/cli-datadir/user/libraries/Arduboy/src/Arduboy.h:4:0,
                 from /Users/alranel/Documents/git/arduino/arduino-testlib/cli-datadir/user/libraries/Arduboy/examples/Buttons/Buttons.ino:15:
/Users/alranel/Documents/git/arduino/arduino-testlib/cli-datadir/user/libraries/Arduboy/src/core/core.h:4:10: fatal error: avr/power.h: No such file or directory
 #include &lt;avr/power.h&gt;
          ^~~~~~~~~~~~~
compilation terminated.

</pre>
					
					<h4>examples/HelloWorld</h4>
					<p>
						Result: <b>FAIL</b>
					</p>
					<pre class="pre-scrollable">In file included from /Users/alranel/Documents/git/arduino/arduino-testlib/cli-datadir/user/libraries/Arduboy/src/Arduboy.h:4:0,
                 from /Users/alranel/Documents/git/arduino/arduino-testlib/cli-datadir/user/libraries/Arduboy/examples/HelloWorld/HelloWorld.ino:14:
/Users/alranel/Documents/git/arduino/arduino-testlib/cli-datadir/user/libraries/Arduboy/src/core/core.h:4:10: fatal error: avr/power.h: No such file or directory
 #include &lt;avr/power.h&gt;
          ^~~~~~~~~~~~~
compilation terminated.

</pre>
					
					<h4>examples/Performance</h4>
					<p>
						Result: <b>FAIL</b>
					</p>
					<pre class="pre-scrollable"></pre>
					
					<h4>examples/Tunes</h4>
					<p>
						Result: <b>FAIL</b>
					</p>
					<pre class="pre-scrollable">In file included from /Users/alranel/Documents/git/arduino/arduino-testlib/cli-datadir/user/libraries/Arduboy/src/Arduboy.h:4:0,
                 from /Users/alranel/Documents/git/arduino/arduino-testlib/cli-datadir/user/libraries/Arduboy/examples/Tunes/Tunes.ino:1:
/Users/alranel/Documents/git/arduino/arduino-testlib/cli-datadir/user/libraries/Arduboy/src/core/core.h:4:10: fatal error: avr/power.h: No such file or directory
 #include &lt;avr/power.h&gt;
          ^~~~~~~~~~~~~
compilation terminated.

</pre>
					
				
				<h3 id="esp32:esp32:d1_mini32">esp32:esp32:d1_mini32 @ 1.0.6</h3>
				<h4>Inclusion</h4>
				<p>
					Result: <b>FAIL</b>
					
				</p>
				<pre class="pre-scrollable">In file included from /home/ec2-user/arduino-testlib/cli-datadir/user/libraries/Arduboy/src/Arduboy.h:4:0,
                 from /tmp/arduino-testlib4125766544/test/test.ino:1:
/home/ec2-user/arduino-testlib/cli-datadir/user/libraries/Arduboy/src/core/core.h:4:23: fatal error: avr/power.h: No such file or directory
compilation terminated.

</pre>

					
					<h4>examples/ArduBreakout</h4>
					<p>
						Result: <b>FAIL</b>
					</p>
					<pre class="pre-scrollable">In file included from /home/ec2-user/arduino-testlib/cli-datadir/user/libraries/Arduboy/src/Arduboy.h:4:0,
                 from /home/ec2-user/arduino-testlib/cli-datadir/user/libraries/Arduboy/examples/ArduBreakout/ArduBreakout.ino:12:
/home/ec2-user/arduino-testlib/cli-datadir/user/libraries/Arduboy/src/core/core.h:4:23: fatal error: avr/power.h: No such file or directory
compilation terminated.

</pre>
					
					<h4>examples/Buttons</h4>
					<p>
						Result: <b>FAIL</b>
					</p>
					<pre class="pre-scrollable">In file included from /home/ec2-user/arduino-testlib/cli-datadir/user/libraries/Arduboy/src/Arduboy.h:4:0,
                 from /home/ec2-user/arduino-testlib/cli-datadir/user/libraries/Arduboy/examples/Buttons/Buttons.ino:15:
/home/ec2-user/arduino-testlib/cli-datadir/user/libraries/Arduboy/src/core/core.h:4:23: fatal error: avr/power.h: No such file or directory
compilation terminated.

</pre>
					
					<h4>examples/HelloWorld</h4>
					<p>
						Result: <b>FAIL</b>
					</p>
					<pre class="pre-scrollable">In file included from /home/ec2-user/arduino-testlib/cli-datadir/user/libraries/Arduboy/src/Arduboy.h:4:0,
                 from /home/ec2-user/arduino-testlib/cli-datadir/user/libraries/Arduboy/examples/HelloWorld/HelloWorld.ino:14:
/home/ec2-user/arduino-testlib/cli-datadir/user/libraries/Arduboy/src/core/core.h:4:23: fatal error: avr/power.h: No such file or directory
compilation terminated.

</pre>
					
					<h4>examples/Performance</h4>
					<p>
						Result: <b>FAIL</b>
					</p>
					<pre class="pre-scrollable"></pre>
					
					<h4>examples/Tunes</h4>
					<p>
						Result: <b>FAIL</b>
					</p>
					<pre class="pre-scrollable">In file included from /home/ec2-user/arduino-testlib/cli-datadir/user/libraries/Arduboy/src/Arduboy.h:4:0,
                 from /home/ec2-user/arduino-testlib/cli-datadir/user/libraries/Arduboy/examples/Tunes/Tunes.ino:1:
/home/ec2-user/arduino-testlib/cli-datadir/user/libraries/Arduboy/src/core/core.h:4:23: fatal error: avr/power.h: No such file or directory
compilation terminated.

</pre>
					
				
			</div>
		</div>
	</div>
  </body>
</html>
