
<!doctype html>
<html lang="en">
  <head>
    <meta charset="utf-8">
    <meta name="viewport" content="width=device-width, initial-scale=1">
    <link href="https://cdn.jsdelivr.net/npm/bootstrap@5.0.2/dist/css/bootstrap.min.css" rel="stylesheet" integrity="sha384-EVSTQN3/azprG1Anm3QDgpJLIm9Nao0Yz1ztcQTwFspd3yD65VohhpuuCOmLASjC" crossorigin="anonymous">
    <title>arduino-testlib report</title>
	<style>
	.pass { background-color: #00FF00 !important; }
	.fail { background-color: #FF0000 !important; }
	</style>
  </head>
  <body>
	<div class="container">
		<div class="row">
			<div class="col">
				<h1>AsyncHTTPRequest_Generic - compatibility matrix</h1>
				<p>
					<small>This report was generated on Monday, 21-Feb-22 12:00:25 CET using 
					<a href="https://github.com/alranel/arduino-testlib">arduino-testlib</a>.</small>
				</p>

				<h2>AsyncHTTPRequest_Generic</h2>
				<p>
					Version: <b>1.7.0</b>
					<br />
					<a href="https://www.arduino.cc/reference/en/libraries/asynchttprequest_generic/">More details</a>
				</p>

				<h2>Compatibility matrix</h2>
				<table class="table table-bordered">
					<tr>
						<th>Board</th>
						<th>Claims compatibility</th>
						<th>Inclusion</th>
						
						<th><pre>AsyncHTTPRequest_ESP</pre></th>
						
						<th><pre>AsyncHTTPRequest_ESP_WiFiManager</pre></th>
						
						<th><pre>AsyncHTTPRequest_STM32</pre></th>
						
						<th><pre>AsyncSimpleGET_STM32</pre></th>
						
						<th><pre>AsyncWebClientRepeating_STM32</pre></th>
						
						<th><pre>AsyncCustomHeader_STM32</pre></th>
						
						<th><pre>AsyncDweetGet_STM32</pre></th>
						
						<th><pre>AsyncDweetPost_STM32</pre></th>
						
						<th><pre>AsyncHTTPMultiRequests_ESP</pre></th>
						
						<th><pre>STM32_LAN8720</pre></th>
						
						<th><pre>WT32_ETH01</pre></th>
						
						<th><pre>multiFileProject</pre></th>
						
					</tr>
					
					<tr>
						<td>
							<a href="#arduino%3aavr%3auno"><b>arduino:avr:uno</b></a>
							<br />
							<small>1.8.4</small>
						</td>

						
						
						
							<td>Yes ⚠️</td>
							<td class="fail">FAIL</td>
						
						

						
							
								
									
										
									
										
									
										
									
										
									
										
											
											<td class="fail">FAIL</td>
										
									
										
									
										
									
										
									
										
									
										
									
										
									
										
									
								
							
								
							
								
							
								
							
								
							
						
							
								
									
										
									
										
									
										
									
										
									
										
									
										
											
											<td class="fail">FAIL</td>
										
									
										
									
										
									
										
									
										
									
										
									
										
									
								
							
								
							
								
							
								
							
								
							
						
							
								
									
										
									
										
									
										
									
										
									
										
									
										
									
										
											
											<td class="fail">FAIL</td>
										
									
										
									
										
									
										
									
										
									
										
									
								
							
								
							
								
							
								
							
								
							
						
							
								
									
										
									
										
									
										
									
										
									
										
									
										
									
										
									
										
											
											<td class="fail">FAIL</td>
										
									
										
									
										
									
										
									
										
									
								
							
								
							
								
							
								
							
								
							
						
							
								
									
										
									
										
									
										
									
										
									
										
									
										
									
										
									
										
									
										
											
											<td class="fail">FAIL</td>
										
									
										
									
										
									
										
									
								
							
								
							
								
							
								
							
								
							
						
							
								
									
										
											
											<td class="fail">FAIL</td>
										
									
										
									
										
									
										
									
										
									
										
									
										
									
										
									
										
									
										
									
										
									
										
									
								
							
								
							
								
							
								
							
								
							
						
							
								
									
										
									
										
											
											<td class="fail">FAIL</td>
										
									
										
									
										
									
										
									
										
									
										
									
										
									
										
									
										
									
										
									
										
									
								
							
								
							
								
							
								
							
								
							
						
							
								
									
										
									
										
									
										
											
											<td class="fail">FAIL</td>
										
									
										
									
										
									
										
									
										
									
										
									
										
									
										
									
										
									
										
									
								
							
								
							
								
							
								
							
								
							
						
							
								
									
										
									
										
									
										
									
										
											
											<td class="fail">FAIL</td>
										
									
										
									
										
									
										
									
										
									
										
									
										
									
										
									
										
									
								
							
								
							
								
							
								
							
								
							
						
							
								
									
										
									
										
									
										
									
										
									
										
									
										
									
										
									
										
									
										
									
										
											
											<td class="fail">FAIL</td>
										
									
										
									
										
									
								
							
								
							
								
							
								
							
								
							
						
							
								
									
										
									
										
									
										
									
										
									
										
									
										
									
										
									
										
									
										
									
										
									
										
											
											<td class="fail">FAIL</td>
										
									
										
									
								
							
								
							
								
							
								
							
								
							
						
							
								
									
										
									
										
									
										
									
										
									
										
									
										
									
										
									
										
									
										
									
										
									
										
									
										
											
											<td class="fail">FAIL</td>
										
									
								
							
								
							
								
							
								
							
								
							
						
					</tr>
					
					<tr>
						<td>
							<a href="#arduino%3ambed_nano%3ananorp2040connect"><b>arduino:mbed_nano:nanorp2040connect</b></a>
							<br />
							<small>2.7.2</small>
						</td>

						
						
						
							<td>Yes ⚠️</td>
							<td class="fail">FAIL</td>
						
						

						
							
								
							
								
									
										
									
										
									
										
									
										
									
										
											
											<td class="fail">FAIL</td>
										
									
										
									
										
									
										
									
										
									
										
									
										
									
										
									
								
							
								
							
								
							
								
							
						
							
								
							
								
									
										
									
										
									
										
									
										
									
										
									
										
											
											<td class="fail">FAIL</td>
										
									
										
									
										
									
										
									
										
									
										
									
										
									
								
							
								
							
								
							
								
							
						
							
								
							
								
									
										
									
										
									
										
									
										
									
										
									
										
									
										
											
											<td class="fail">FAIL</td>
										
									
										
									
										
									
										
									
										
									
										
									
								
							
								
							
								
							
								
							
						
							
								
							
								
									
										
									
										
									
										
									
										
									
										
									
										
									
										
									
										
											
											<td class="fail">FAIL</td>
										
									
										
									
										
									
										
									
										
									
								
							
								
							
								
							
								
							
						
							
								
							
								
									
										
									
										
									
										
									
										
									
										
									
										
									
										
									
										
									
										
											
											<td class="fail">FAIL</td>
										
									
										
									
										
									
										
									
								
							
								
							
								
							
								
							
						
							
								
							
								
									
										
											
											<td class="fail">FAIL</td>
										
									
										
									
										
									
										
									
										
									
										
									
										
									
										
									
										
									
										
									
										
									
										
									
								
							
								
							
								
							
								
							
						
							
								
							
								
									
										
									
										
											
											<td class="fail">FAIL</td>
										
									
										
									
										
									
										
									
										
									
										
									
										
									
										
									
										
									
										
									
										
									
								
							
								
							
								
							
								
							
						
							
								
							
								
									
										
									
										
									
										
											
											<td class="fail">FAIL</td>
										
									
										
									
										
									
										
									
										
									
										
									
										
									
										
									
										
									
										
									
								
							
								
							
								
							
								
							
						
							
								
							
								
									
										
									
										
									
										
									
										
											
											<td class="fail">FAIL</td>
										
									
										
									
										
									
										
									
										
									
										
									
										
									
										
									
										
									
								
							
								
							
								
							
								
							
						
							
								
							
								
									
										
									
										
									
										
									
										
									
										
									
										
									
										
									
										
									
										
									
										
											
											<td class="fail">FAIL</td>
										
									
										
									
										
									
								
							
								
							
								
							
								
							
						
							
								
							
								
									
										
									
										
									
										
									
										
									
										
									
										
									
										
									
										
									
										
									
										
									
										
											
											<td class="fail">FAIL</td>
										
									
										
									
								
							
								
							
								
							
								
							
						
							
								
							
								
									
										
									
										
									
										
									
										
									
										
									
										
									
										
									
										
									
										
									
										
									
										
									
										
											
											<td class="fail">FAIL</td>
										
									
								
							
								
							
								
							
								
							
						
					</tr>
					
					<tr>
						<td>
							<a href="#arduino%3amegaavr%3anona4809"><b>arduino:megaavr:nona4809</b></a>
							<br />
							<small>1.8.7</small>
						</td>

						
						
						
							<td>Yes ⚠️</td>
							<td class="fail">FAIL</td>
						
						

						
							
								
							
								
							
								
									
										
									
										
									
										
									
										
									
										
											
											<td class="fail">FAIL</td>
										
									
										
									
										
									
										
									
										
									
										
									
										
									
										
									
								
							
								
							
								
							
						
							
								
							
								
							
								
									
										
									
										
									
										
									
										
									
										
									
										
											
											<td class="fail">FAIL</td>
										
									
										
									
										
									
										
									
										
									
										
									
										
									
								
							
								
							
								
							
						
							
								
							
								
							
								
									
										
									
										
									
										
									
										
									
										
									
										
									
										
											
											<td class="fail">FAIL</td>
										
									
										
									
										
									
										
									
										
									
										
									
								
							
								
							
								
							
						
							
								
							
								
							
								
									
										
									
										
									
										
									
										
									
										
									
										
									
										
									
										
											
											<td class="fail">FAIL</td>
										
									
										
									
										
									
										
									
										
									
								
							
								
							
								
							
						
							
								
							
								
							
								
									
										
									
										
									
										
									
										
									
										
									
										
									
										
									
										
									
										
											
											<td class="fail">FAIL</td>
										
									
										
									
										
									
										
									
								
							
								
							
								
							
						
							
								
							
								
							
								
									
										
											
											<td class="fail">FAIL</td>
										
									
										
									
										
									
										
									
										
									
										
									
										
									
										
									
										
									
										
									
										
									
										
									
								
							
								
							
								
							
						
							
								
							
								
							
								
									
										
									
										
											
											<td class="fail">FAIL</td>
										
									
										
									
										
									
										
									
										
									
										
									
										
									
										
									
										
									
										
									
										
									
								
							
								
							
								
							
						
							
								
							
								
							
								
									
										
									
										
									
										
											
											<td class="fail">FAIL</td>
										
									
										
									
										
									
										
									
										
									
										
									
										
									
										
									
										
									
										
									
								
							
								
							
								
							
						
							
								
							
								
							
								
									
										
									
										
									
										
									
										
											
											<td class="fail">FAIL</td>
										
									
										
									
										
									
										
									
										
									
										
									
										
									
										
									
										
									
								
							
								
							
								
							
						
							
								
							
								
							
								
									
										
									
										
									
										
									
										
									
										
									
										
									
										
									
										
									
										
									
										
											
											<td class="fail">FAIL</td>
										
									
										
									
										
									
								
							
								
							
								
							
						
							
								
							
								
							
								
									
										
									
										
									
										
									
										
									
										
									
										
									
										
									
										
									
										
									
										
									
										
											
											<td class="fail">FAIL</td>
										
									
										
									
								
							
								
							
								
							
						
							
								
							
								
							
								
									
										
									
										
									
										
									
										
									
										
									
										
									
										
									
										
									
										
									
										
									
										
									
										
											
											<td class="fail">FAIL</td>
										
									
								
							
								
							
								
							
						
					</tr>
					
					<tr>
						<td>
							<a href="#arduino%3asamd%3amkrwifi1010"><b>arduino:samd:mkrwifi1010</b></a>
							<br />
							<small>1.8.12</small>
						</td>

						
						
						
							<td>Yes ⚠️</td>
							<td class="fail">FAIL</td>
						
						

						
							
								
							
								
							
								
							
								
									
										
									
										
									
										
									
										
									
										
											
											<td class="fail">FAIL</td>
										
									
										
									
										
									
										
									
										
									
										
									
										
									
										
									
								
							
								
							
						
							
								
							
								
							
								
							
								
									
										
									
										
									
										
									
										
									
										
									
										
											
											<td class="fail">FAIL</td>
										
									
										
									
										
									
										
									
										
									
										
									
										
									
								
							
								
							
						
							
								
							
								
							
								
							
								
									
										
									
										
									
										
									
										
									
										
									
										
									
										
											
											<td class="fail">FAIL</td>
										
									
										
									
										
									
										
									
										
									
										
									
								
							
								
							
						
							
								
							
								
							
								
							
								
									
										
									
										
									
										
									
										
									
										
									
										
									
										
									
										
											
											<td class="fail">FAIL</td>
										
									
										
									
										
									
										
									
										
									
								
							
								
							
						
							
								
							
								
							
								
							
								
									
										
									
										
									
										
									
										
									
										
									
										
									
										
									
										
									
										
											
											<td class="fail">FAIL</td>
										
									
										
									
										
									
										
									
								
							
								
							
						
							
								
							
								
							
								
							
								
									
										
											
											<td class="fail">FAIL</td>
										
									
										
									
										
									
										
									
										
									
										
									
										
									
										
									
										
									
										
									
										
									
										
									
								
							
								
							
						
							
								
							
								
							
								
							
								
									
										
									
										
											
											<td class="fail">FAIL</td>
										
									
										
									
										
									
										
									
										
									
										
									
										
									
										
									
										
									
										
									
										
									
								
							
								
							
						
							
								
							
								
							
								
							
								
									
										
									
										
									
										
											
											<td class="fail">FAIL</td>
										
									
										
									
										
									
										
									
										
									
										
									
										
									
										
									
										
									
										
									
								
							
								
							
						
							
								
							
								
							
								
							
								
									
										
									
										
									
										
									
										
											
											<td class="fail">FAIL</td>
										
									
										
									
										
									
										
									
										
									
										
									
										
									
										
									
										
									
								
							
								
							
						
							
								
							
								
							
								
							
								
									
										
									
										
									
										
									
										
									
										
									
										
									
										
									
										
									
										
									
										
											
											<td class="fail">FAIL</td>
										
									
										
									
										
									
								
							
								
							
						
							
								
							
								
							
								
							
								
									
										
									
										
									
										
									
										
									
										
									
										
									
										
									
										
									
										
									
										
									
										
											
											<td class="fail">FAIL</td>
										
									
										
									
								
							
								
							
						
							
								
							
								
							
								
							
								
									
										
									
										
									
										
									
										
									
										
									
										
									
										
									
										
									
										
									
										
									
										
									
										
											
											<td class="fail">FAIL</td>
										
									
								
							
								
							
						
					</tr>
					
					<tr>
						<td>
							<a href="#esp32%3aesp32%3ad1_mini32"><b>esp32:esp32:d1_mini32</b></a>
							<br />
							<small>1.0.6</small>
						</td>

						
						
						
							<td>Yes ⚠️</td>
							<td class="fail">FAIL</td>
						
						

						
							
								
							
								
							
								
							
								
							
								
									
										
									
										
									
										
									
										
									
										
											
											<td class="fail">FAIL</td>
										
									
										
									
										
									
										
									
										
									
										
									
										
									
										
									
								
							
						
							
								
							
								
							
								
							
								
							
								
									
										
									
										
									
										
									
										
									
										
									
										
											
											<td class="fail">FAIL</td>
										
									
										
									
										
									
										
									
										
									
										
									
										
									
								
							
						
							
								
							
								
							
								
							
								
							
								
									
										
									
										
									
										
									
										
									
										
									
										
									
										
											
											<td class="fail">FAIL</td>
										
									
										
									
										
									
										
									
										
									
										
									
								
							
						
							
								
							
								
							
								
							
								
							
								
									
										
									
										
									
										
									
										
									
										
									
										
									
										
									
										
											
											<td class="fail">FAIL</td>
										
									
										
									
										
									
										
									
										
									
								
							
						
							
								
							
								
							
								
							
								
							
								
									
										
									
										
									
										
									
										
									
										
									
										
									
										
									
										
									
										
											
											<td class="fail">FAIL</td>
										
									
										
									
										
									
										
									
								
							
						
							
								
							
								
							
								
							
								
							
								
									
										
											
											<td class="fail">FAIL</td>
										
									
										
									
										
									
										
									
										
									
										
									
										
									
										
									
										
									
										
									
										
									
										
									
								
							
						
							
								
							
								
							
								
							
								
							
								
									
										
									
										
											
											<td class="fail">FAIL</td>
										
									
										
									
										
									
										
									
										
									
										
									
										
									
										
									
										
									
										
									
										
									
								
							
						
							
								
							
								
							
								
							
								
							
								
									
										
									
										
									
										
											
											<td class="fail">FAIL</td>
										
									
										
									
										
									
										
									
										
									
										
									
										
									
										
									
										
									
										
									
								
							
						
							
								
							
								
							
								
							
								
							
								
									
										
									
										
									
										
									
										
											
											<td class="fail">FAIL</td>
										
									
										
									
										
									
										
									
										
									
										
									
										
									
										
									
										
									
								
							
						
							
								
							
								
							
								
							
								
							
								
									
										
									
										
									
										
									
										
									
										
									
										
									
										
									
										
									
										
									
										
											
											<td class="fail">FAIL</td>
										
									
										
									
										
									
								
							
						
							
								
							
								
							
								
							
								
							
								
									
										
									
										
									
										
									
										
									
										
									
										
									
										
									
										
									
										
									
										
									
										
											
											<td class="fail">FAIL</td>
										
									
										
									
								
							
						
							
								
							
								
							
								
							
								
							
								
									
										
									
										
									
										
									
										
									
										
									
										
									
										
									
										
									
										
									
										
									
										
									
										
											
											<td class="fail">FAIL</td>
										
									
								
							
						
					</tr>
					
				</table>

				<h2>Compilation logs</h2>
				
				<h3 id="arduino:avr:uno">arduino:avr:uno @ 1.8.4</h3>
				<h4>Inclusion</h4>
				<p>
					Result: <b>FAIL</b>
					
				</p>
				<pre class="pre-scrollable">In file included from /home/ec2-user/arduino-testlib/cli-datadir/user/libraries/AsyncHTTPRequest_Generic/src/AsyncHTTPRequest_Generic.h:48:0,
                 from /tmp/arduino-testlib3365705056/test/test.ino:1:
/home/ec2-user/arduino-testlib/cli-datadir/user/libraries/AsyncHTTPRequest_Generic/src/AsyncHTTPRequest_Generic.hpp:109:10: fatal error: pgmspace.h: No such file or directory
 #include &lt;pgmspace.h&gt;
          ^~~~~~~~~~~~
compilation terminated.

</pre>

					
					<h4>examples/AsyncCustomHeader_STM32</h4>
					<p>
						Result: <b>FAIL</b>
					</p>
					<pre class="pre-scrollable">In file included from /home/ec2-user/arduino-testlib/cli-datadir/user/libraries/AsyncHTTPRequest_Generic/examples/AsyncCustomHeader_STM32/AsyncCustomHeader_STM32.ino:21:0:
/home/ec2-user/arduino-testlib/cli-datadir/user/libraries/AsyncHTTPRequest_Generic/examples/AsyncCustomHeader_STM32/defines.h:39:4: error: #error This code is designed to run on STM32F/L/H/G/WB/MP1 platform! Please check your Tools-&gt;Board setting.
   #error This code is designed to run on STM32F/L/H/G/WB/MP1 platform! Please check your Tools-&gt;Board setting.
    ^~~~~
In file included from /home/ec2-user/arduino-testlib/cli-datadir/user/libraries/STM32duino_STM32Ethernet/src/EthernetClient.h:7:0,
                 from /home/ec2-user/arduino-testlib/cli-datadir/user/libraries/STM32duino_STM32Ethernet/src/STM32Ethernet.h:6,
                 from /home/ec2-user/arduino-testlib/cli-datadir/user/libraries/AsyncHTTPRequest_Generic/examples/AsyncCustomHeader_STM32/defines.h:100,
                 from /home/ec2-user/arduino-testlib/cli-datadir/user/libraries/AsyncHTTPRequest_Generic/examples/AsyncCustomHeader_STM32/AsyncCustomHeader_STM32.ino:21:
/home/ec2-user/arduino-testlib/cli-datadir/user/libraries/STM32duino_STM32Ethernet/src/utility/stm32_eth.h:42:10: fatal error: stm32_def.h: No such file or directory
 #include &#34;stm32_def.h&#34;
          ^~~~~~~~~~~~~
compilation terminated.

</pre>
					
					<h4>examples/AsyncDweetGet_STM32</h4>
					<p>
						Result: <b>FAIL</b>
					</p>
					<pre class="pre-scrollable">In file included from /home/ec2-user/arduino-testlib/cli-datadir/user/libraries/AsyncHTTPRequest_Generic/examples/AsyncDweetGet_STM32/AsyncDweetGet_STM32.ino:30:0:
/home/ec2-user/arduino-testlib/cli-datadir/user/libraries/AsyncHTTPRequest_Generic/examples/AsyncDweetGet_STM32/defines.h:39:4: error: #error This code is designed to run on STM32F/L/H/G/WB/MP1 platform! Please check your Tools-&gt;Board setting.
   #error This code is designed to run on STM32F/L/H/G/WB/MP1 platform! Please check your Tools-&gt;Board setting.
    ^~~~~
In file included from /home/ec2-user/arduino-testlib/cli-datadir/user/libraries/STM32duino_STM32Ethernet/src/EthernetClient.h:7:0,
                 from /home/ec2-user/arduino-testlib/cli-datadir/user/libraries/STM32duino_STM32Ethernet/src/STM32Ethernet.h:6,
                 from /home/ec2-user/arduino-testlib/cli-datadir/user/libraries/AsyncHTTPRequest_Generic/examples/AsyncDweetGet_STM32/defines.h:100,
                 from /home/ec2-user/arduino-testlib/cli-datadir/user/libraries/AsyncHTTPRequest_Generic/examples/AsyncDweetGet_STM32/AsyncDweetGet_STM32.ino:30:
/home/ec2-user/arduino-testlib/cli-datadir/user/libraries/STM32duino_STM32Ethernet/src/utility/stm32_eth.h:42:10: fatal error: stm32_def.h: No such file or directory
 #include &#34;stm32_def.h&#34;
          ^~~~~~~~~~~~~
compilation terminated.

</pre>
					
					<h4>examples/AsyncDweetPost_STM32</h4>
					<p>
						Result: <b>FAIL</b>
					</p>
					<pre class="pre-scrollable">In file included from /home/ec2-user/arduino-testlib/cli-datadir/user/libraries/AsyncHTTPRequest_Generic/examples/AsyncDweetPost_STM32/AsyncDweetPost_STM32.ino:24:0:
/home/ec2-user/arduino-testlib/cli-datadir/user/libraries/AsyncHTTPRequest_Generic/examples/AsyncDweetPost_STM32/defines.h:39:4: error: #error This code is designed to run on STM32F/L/H/G/WB/MP1 platform! Please check your Tools-&gt;Board setting.
   #error This code is designed to run on STM32F/L/H/G/WB/MP1 platform! Please check your Tools-&gt;Board setting.
    ^~~~~
In file included from /home/ec2-user/arduino-testlib/cli-datadir/user/libraries/STM32duino_STM32Ethernet/src/EthernetClient.h:7:0,
                 from /home/ec2-user/arduino-testlib/cli-datadir/user/libraries/STM32duino_STM32Ethernet/src/STM32Ethernet.h:6,
                 from /home/ec2-user/arduino-testlib/cli-datadir/user/libraries/AsyncHTTPRequest_Generic/examples/AsyncDweetPost_STM32/defines.h:100,
                 from /home/ec2-user/arduino-testlib/cli-datadir/user/libraries/AsyncHTTPRequest_Generic/examples/AsyncDweetPost_STM32/AsyncDweetPost_STM32.ino:24:
/home/ec2-user/arduino-testlib/cli-datadir/user/libraries/STM32duino_STM32Ethernet/src/utility/stm32_eth.h:42:10: fatal error: stm32_def.h: No such file or directory
 #include &#34;stm32_def.h&#34;
          ^~~~~~~~~~~~~
compilation terminated.

</pre>
					
					<h4>examples/AsyncHTTPMultiRequests_ESP</h4>
					<p>
						Result: <b>FAIL</b>
					</p>
					<pre class="pre-scrollable">/home/ec2-user/arduino-testlib/cli-datadir/user/libraries/AsyncHTTPRequest_Generic/examples/AsyncHTTPMultiRequests_ESP/AsyncHTTPMultiRequests_ESP.ino:44:4: error: #error This code is intended to run on the ESP8266 or ESP32 platform! Please check your Tools-&gt;Board setting.
   #error This code is intended to run on the ESP8266 or ESP32 platform! Please check your Tools-&gt;Board setting.
    ^~~~~
In file included from /home/ec2-user/arduino-testlib/cli-datadir/user/libraries/AsyncHTTPRequest_Generic/src/AsyncHTTPRequest_Generic.h:48:0,
                 from /home/ec2-user/arduino-testlib/cli-datadir/user/libraries/AsyncHTTPRequest_Generic/examples/AsyncHTTPMultiRequests_ESP/AsyncHTTPMultiRequests_ESP.ino:71:
/home/ec2-user/arduino-testlib/cli-datadir/user/libraries/AsyncHTTPRequest_Generic/src/AsyncHTTPRequest_Generic.hpp:109:10: fatal error: pgmspace.h: No such file or directory
 #include &lt;pgmspace.h&gt;
          ^~~~~~~~~~~~
compilation terminated.

</pre>
					
					<h4>examples/AsyncHTTPRequest_ESP</h4>
					<p>
						Result: <b>FAIL</b>
					</p>
					<pre class="pre-scrollable">/home/ec2-user/arduino-testlib/cli-datadir/user/libraries/AsyncHTTPRequest_Generic/examples/AsyncHTTPRequest_ESP/AsyncHTTPRequest_ESP.ino:44:4: error: #error This code is intended to run on the ESP8266 or ESP32 platform! Please check your Tools-&gt;Board setting.
   #error This code is intended to run on the ESP8266 or ESP32 platform! Please check your Tools-&gt;Board setting.
    ^~~~~
In file included from /home/ec2-user/arduino-testlib/cli-datadir/user/libraries/AsyncHTTPRequest_Generic/src/AsyncHTTPRequest_Generic.h:48:0,
                 from /home/ec2-user/arduino-testlib/cli-datadir/user/libraries/AsyncHTTPRequest_Generic/examples/AsyncHTTPRequest_ESP/AsyncHTTPRequest_ESP.ino:72:
/home/ec2-user/arduino-testlib/cli-datadir/user/libraries/AsyncHTTPRequest_Generic/src/AsyncHTTPRequest_Generic.hpp:109:10: fatal error: pgmspace.h: No such file or directory
 #include &lt;pgmspace.h&gt;
          ^~~~~~~~~~~~
compilation terminated.

</pre>
					
					<h4>examples/AsyncHTTPRequest_ESP_WiFiManager</h4>
					<p>
						Result: <b>FAIL</b>
					</p>
					<pre class="pre-scrollable">/home/ec2-user/arduino-testlib/cli-datadir/user/libraries/AsyncHTTPRequest_Generic/examples/AsyncHTTPRequest_ESP_WiFiManager/AsyncHTTPRequest_ESP_WiFiManager.ino:46:4: error: #error This code is intended to run on the ESP8266 or ESP32 platform! Please check your Tools-&gt;Board setting.
   #error This code is intended to run on the ESP8266 or ESP32 platform! Please check your Tools-&gt;Board setting.
    ^~~~~
/home/ec2-user/arduino-testlib/cli-datadir/user/libraries/AsyncHTTPRequest_Generic/examples/AsyncHTTPRequest_ESP_WiFiManager/AsyncHTTPRequest_ESP_WiFiManager.ino:126:12: fatal error: ESP8266WiFi.h: No such file or directory
   #include &lt;ESP8266WiFi.h&gt;          //https://github.com/esp8266/Arduino
            ^~~~~~~~~~~~~~~
compilation terminated.

</pre>
					
					<h4>examples/AsyncHTTPRequest_STM32</h4>
					<p>
						Result: <b>FAIL</b>
					</p>
					<pre class="pre-scrollable">In file included from /home/ec2-user/arduino-testlib/cli-datadir/user/libraries/AsyncHTTPRequest_Generic/examples/AsyncHTTPRequest_STM32/AsyncHTTPRequest_STM32.ino:43:0:
/home/ec2-user/arduino-testlib/cli-datadir/user/libraries/AsyncHTTPRequest_Generic/examples/AsyncHTTPRequest_STM32/defines.h:39:4: error: #error This code is designed to run on STM32F/L/H/G/WB/MP1 platform! Please check your Tools-&gt;Board setting.
   #error This code is designed to run on STM32F/L/H/G/WB/MP1 platform! Please check your Tools-&gt;Board setting.
    ^~~~~
In file included from /home/ec2-user/arduino-testlib/cli-datadir/user/libraries/STM32duino_STM32Ethernet/src/EthernetClient.h:7:0,
                 from /home/ec2-user/arduino-testlib/cli-datadir/user/libraries/STM32duino_STM32Ethernet/src/STM32Ethernet.h:6,
                 from /home/ec2-user/arduino-testlib/cli-datadir/user/libraries/AsyncHTTPRequest_Generic/examples/AsyncHTTPRequest_STM32/defines.h:100,
                 from /home/ec2-user/arduino-testlib/cli-datadir/user/libraries/AsyncHTTPRequest_Generic/examples/AsyncHTTPRequest_STM32/AsyncHTTPRequest_STM32.ino:43:
/home/ec2-user/arduino-testlib/cli-datadir/user/libraries/STM32duino_STM32Ethernet/src/utility/stm32_eth.h:42:10: fatal error: stm32_def.h: No such file or directory
 #include &#34;stm32_def.h&#34;
          ^~~~~~~~~~~~~
compilation terminated.

</pre>
					
					<h4>examples/AsyncSimpleGET_STM32</h4>
					<p>
						Result: <b>FAIL</b>
					</p>
					<pre class="pre-scrollable">In file included from /home/ec2-user/arduino-testlib/cli-datadir/user/libraries/AsyncHTTPRequest_Generic/examples/AsyncSimpleGET_STM32/AsyncSimpleGET_STM32.ino:21:0:
/home/ec2-user/arduino-testlib/cli-datadir/user/libraries/AsyncHTTPRequest_Generic/examples/AsyncSimpleGET_STM32/defines.h:39:2: error: #error This code is designed to run on STM32F/L/H/G/WB/MP1 platform! Please check your Tools-&gt;Board setting.
 #error This code is designed to run on STM32F/L/H/G/WB/MP1 platform! Please check your Tools-&gt;Board setting.
  ^~~~~
In file included from /home/ec2-user/arduino-testlib/cli-datadir/user/libraries/STM32duino_STM32Ethernet/src/EthernetClient.h:7:0,
                 from /home/ec2-user/arduino-testlib/cli-datadir/user/libraries/STM32duino_STM32Ethernet/src/STM32Ethernet.h:6,
                 from /home/ec2-user/arduino-testlib/cli-datadir/user/libraries/AsyncHTTPRequest_Generic/examples/AsyncSimpleGET_STM32/defines.h:100,
                 from /home/ec2-user/arduino-testlib/cli-datadir/user/libraries/AsyncHTTPRequest_Generic/examples/AsyncSimpleGET_STM32/AsyncSimpleGET_STM32.ino:21:
/home/ec2-user/arduino-testlib/cli-datadir/user/libraries/STM32duino_STM32Ethernet/src/utility/stm32_eth.h:42:10: fatal error: stm32_def.h: No such file or directory
 #include &#34;stm32_def.h&#34;
          ^~~~~~~~~~~~~
compilation terminated.

</pre>
					
					<h4>examples/AsyncWebClientRepeating_STM32</h4>
					<p>
						Result: <b>FAIL</b>
					</p>
					<pre class="pre-scrollable">In file included from /home/ec2-user/arduino-testlib/cli-datadir/user/libraries/AsyncHTTPRequest_Generic/examples/AsyncWebClientRepeating_STM32/AsyncWebClientRepeating_STM32.ino:21:0:
/home/ec2-user/arduino-testlib/cli-datadir/user/libraries/AsyncHTTPRequest_Generic/examples/AsyncWebClientRepeating_STM32/defines.h:39:4: error: #error This code is designed to run on STM32F/L/H/G/WB/MP1 platform! Please check your Tools-&gt;Board setting.
   #error This code is designed to run on STM32F/L/H/G/WB/MP1 platform! Please check your Tools-&gt;Board setting.
    ^~~~~
In file included from /home/ec2-user/arduino-testlib/cli-datadir/user/libraries/STM32duino_STM32Ethernet/src/EthernetClient.h:7:0,
                 from /home/ec2-user/arduino-testlib/cli-datadir/user/libraries/STM32duino_STM32Ethernet/src/STM32Ethernet.h:6,
                 from /home/ec2-user/arduino-testlib/cli-datadir/user/libraries/AsyncHTTPRequest_Generic/examples/AsyncWebClientRepeating_STM32/defines.h:100,
                 from /home/ec2-user/arduino-testlib/cli-datadir/user/libraries/AsyncHTTPRequest_Generic/examples/AsyncWebClientRepeating_STM32/AsyncWebClientRepeating_STM32.ino:21:
/home/ec2-user/arduino-testlib/cli-datadir/user/libraries/STM32duino_STM32Ethernet/src/utility/stm32_eth.h:42:10: fatal error: stm32_def.h: No such file or directory
 #include &#34;stm32_def.h&#34;
          ^~~~~~~~~~~~~
compilation terminated.

</pre>
					
					<h4>examples/STM32_LAN8720</h4>
					<p>
						Result: <b>FAIL</b>
					</p>
					<pre class="pre-scrollable"></pre>
					
					<h4>examples/WT32_ETH01</h4>
					<p>
						Result: <b>FAIL</b>
					</p>
					<pre class="pre-scrollable"></pre>
					
					<h4>examples/multiFileProject</h4>
					<p>
						Result: <b>FAIL</b>
					</p>
					<pre class="pre-scrollable">/home/ec2-user/arduino-testlib/cli-datadir/user/libraries/AsyncHTTPRequest_Generic/examples/multiFileProject/multiFileProject.ino:19:4: error: #error This code is intended to run on the ESP8266, ESP32 or STM32 platform! Please check your Tools-&gt;Board setting.
   #error This code is intended to run on the ESP8266, ESP32 or STM32 platform! Please check your Tools-&gt;Board setting.
    ^~~~~
In file included from /home/ec2-user/arduino-testlib/cli-datadir/user/libraries/AsyncHTTPRequest_Generic/examples/multiFileProject/multiFileProject.h:18:0,
                 from /home/ec2-user/arduino-testlib/cli-datadir/user/libraries/AsyncHTTPRequest_Generic/examples/multiFileProject/multiFileProject.ino:25:
/home/ec2-user/arduino-testlib/cli-datadir/user/libraries/AsyncHTTPRequest_Generic/src/AsyncHTTPRequest_Generic.hpp:109:10: fatal error: pgmspace.h: No such file or directory
 #include &lt;pgmspace.h&gt;
          ^~~~~~~~~~~~
compilation terminated.

</pre>
					
				
				<h3 id="arduino:mbed_nano:nanorp2040connect">arduino:mbed_nano:nanorp2040connect @ 2.7.2</h3>
				<h4>Inclusion</h4>
				<p>
					Result: <b>FAIL</b>
					
				</p>
				<pre class="pre-scrollable">In file included from /home/ec2-user/arduino-testlib/cli-datadir/user/libraries/AsyncHTTPRequest_Generic/src/AsyncHTTPRequest_Generic.h:48:0,
                 from /tmp/arduino-testlib4011816960/test/test.ino:1:
/home/ec2-user/arduino-testlib/cli-datadir/user/libraries/AsyncHTTPRequest_Generic/src/AsyncHTTPRequest_Generic.hpp:109:10: fatal error: pgmspace.h: No such file or directory
 #include &lt;pgmspace.h&gt;
          ^~~~~~~~~~~~
compilation terminated.

</pre>

					
					<h4>examples/AsyncCustomHeader_STM32</h4>
					<p>
						Result: <b>FAIL</b>
					</p>
					<pre class="pre-scrollable">In file included from /home/ec2-user/arduino-testlib/cli-datadir/user/libraries/AsyncHTTPRequest_Generic/examples/AsyncCustomHeader_STM32/AsyncCustomHeader_STM32.ino:21:0:
/home/ec2-user/arduino-testlib/cli-datadir/user/libraries/AsyncHTTPRequest_Generic/examples/AsyncCustomHeader_STM32/defines.h:39:4: error: #error This code is designed to run on STM32F/L/H/G/WB/MP1 platform! Please check your Tools-&gt;Board setting.
   #error This code is designed to run on STM32F/L/H/G/WB/MP1 platform! Please check your Tools-&gt;Board setting.
    ^~~~~
In file included from /home/ec2-user/arduino-testlib/cli-datadir/user/libraries/STM32duino_STM32Ethernet/src/EthernetClient.h:7:0,
                 from /home/ec2-user/arduino-testlib/cli-datadir/user/libraries/STM32duino_STM32Ethernet/src/STM32Ethernet.h:6,
                 from /home/ec2-user/arduino-testlib/cli-datadir/user/libraries/AsyncHTTPRequest_Generic/examples/AsyncCustomHeader_STM32/defines.h:100,
                 from /home/ec2-user/arduino-testlib/cli-datadir/user/libraries/AsyncHTTPRequest_Generic/examples/AsyncCustomHeader_STM32/AsyncCustomHeader_STM32.ino:21:
/home/ec2-user/arduino-testlib/cli-datadir/user/libraries/STM32duino_STM32Ethernet/src/utility/stm32_eth.h:42:10: fatal error: stm32_def.h: No such file or directory
 #include &#34;stm32_def.h&#34;
          ^~~~~~~~~~~~~
compilation terminated.

</pre>
					
					<h4>examples/AsyncDweetGet_STM32</h4>
					<p>
						Result: <b>FAIL</b>
					</p>
					<pre class="pre-scrollable">In file included from /home/ec2-user/arduino-testlib/cli-datadir/user/libraries/AsyncHTTPRequest_Generic/examples/AsyncDweetGet_STM32/AsyncDweetGet_STM32.ino:30:0:
/home/ec2-user/arduino-testlib/cli-datadir/user/libraries/AsyncHTTPRequest_Generic/examples/AsyncDweetGet_STM32/defines.h:39:4: error: #error This code is designed to run on STM32F/L/H/G/WB/MP1 platform! Please check your Tools-&gt;Board setting.
   #error This code is designed to run on STM32F/L/H/G/WB/MP1 platform! Please check your Tools-&gt;Board setting.
    ^~~~~
In file included from /home/ec2-user/arduino-testlib/cli-datadir/user/libraries/STM32duino_STM32Ethernet/src/EthernetClient.h:7:0,
                 from /home/ec2-user/arduino-testlib/cli-datadir/user/libraries/STM32duino_STM32Ethernet/src/STM32Ethernet.h:6,
                 from /home/ec2-user/arduino-testlib/cli-datadir/user/libraries/AsyncHTTPRequest_Generic/examples/AsyncDweetGet_STM32/defines.h:100,
                 from /home/ec2-user/arduino-testlib/cli-datadir/user/libraries/AsyncHTTPRequest_Generic/examples/AsyncDweetGet_STM32/AsyncDweetGet_STM32.ino:30:
/home/ec2-user/arduino-testlib/cli-datadir/user/libraries/STM32duino_STM32Ethernet/src/utility/stm32_eth.h:42:10: fatal error: stm32_def.h: No such file or directory
 #include &#34;stm32_def.h&#34;
          ^~~~~~~~~~~~~
compilation terminated.

</pre>
					
					<h4>examples/AsyncDweetPost_STM32</h4>
					<p>
						Result: <b>FAIL</b>
					</p>
					<pre class="pre-scrollable">In file included from /home/ec2-user/arduino-testlib/cli-datadir/user/libraries/AsyncHTTPRequest_Generic/examples/AsyncDweetPost_STM32/AsyncDweetPost_STM32.ino:24:0:
/home/ec2-user/arduino-testlib/cli-datadir/user/libraries/AsyncHTTPRequest_Generic/examples/AsyncDweetPost_STM32/defines.h:39:4: error: #error This code is designed to run on STM32F/L/H/G/WB/MP1 platform! Please check your Tools-&gt;Board setting.
   #error This code is designed to run on STM32F/L/H/G/WB/MP1 platform! Please check your Tools-&gt;Board setting.
    ^~~~~
In file included from /home/ec2-user/arduino-testlib/cli-datadir/user/libraries/STM32duino_STM32Ethernet/src/EthernetClient.h:7:0,
                 from /home/ec2-user/arduino-testlib/cli-datadir/user/libraries/STM32duino_STM32Ethernet/src/STM32Ethernet.h:6,
                 from /home/ec2-user/arduino-testlib/cli-datadir/user/libraries/AsyncHTTPRequest_Generic/examples/AsyncDweetPost_STM32/defines.h:100,
                 from /home/ec2-user/arduino-testlib/cli-datadir/user/libraries/AsyncHTTPRequest_Generic/examples/AsyncDweetPost_STM32/AsyncDweetPost_STM32.ino:24:
/home/ec2-user/arduino-testlib/cli-datadir/user/libraries/STM32duino_STM32Ethernet/src/utility/stm32_eth.h:42:10: fatal error: stm32_def.h: No such file or directory
 #include &#34;stm32_def.h&#34;
          ^~~~~~~~~~~~~
compilation terminated.

</pre>
					
					<h4>examples/AsyncHTTPMultiRequests_ESP</h4>
					<p>
						Result: <b>FAIL</b>
					</p>
					<pre class="pre-scrollable">/home/ec2-user/arduino-testlib/cli-datadir/user/libraries/AsyncHTTPRequest_Generic/examples/AsyncHTTPMultiRequests_ESP/AsyncHTTPMultiRequests_ESP.ino:44:4: error: #error This code is intended to run on the ESP8266 or ESP32 platform! Please check your Tools-&gt;Board setting.
   #error This code is intended to run on the ESP8266 or ESP32 platform! Please check your Tools-&gt;Board setting.
    ^~~~~
In file included from /home/ec2-user/arduino-testlib/cli-datadir/user/libraries/AsyncHTTPRequest_Generic/src/AsyncHTTPRequest_Generic.h:48:0,
                 from /home/ec2-user/arduino-testlib/cli-datadir/user/libraries/AsyncHTTPRequest_Generic/examples/AsyncHTTPMultiRequests_ESP/AsyncHTTPMultiRequests_ESP.ino:71:
/home/ec2-user/arduino-testlib/cli-datadir/user/libraries/AsyncHTTPRequest_Generic/src/AsyncHTTPRequest_Generic.hpp:109:10: fatal error: pgmspace.h: No such file or directory
 #include &lt;pgmspace.h&gt;
          ^~~~~~~~~~~~
compilation terminated.

</pre>
					
					<h4>examples/AsyncHTTPRequest_ESP</h4>
					<p>
						Result: <b>FAIL</b>
					</p>
					<pre class="pre-scrollable">/home/ec2-user/arduino-testlib/cli-datadir/user/libraries/AsyncHTTPRequest_Generic/examples/AsyncHTTPRequest_ESP/AsyncHTTPRequest_ESP.ino:44:4: error: #error This code is intended to run on the ESP8266 or ESP32 platform! Please check your Tools-&gt;Board setting.
   #error This code is intended to run on the ESP8266 or ESP32 platform! Please check your Tools-&gt;Board setting.
    ^~~~~
In file included from /home/ec2-user/arduino-testlib/cli-datadir/user/libraries/AsyncHTTPRequest_Generic/src/AsyncHTTPRequest_Generic.h:48:0,
                 from /home/ec2-user/arduino-testlib/cli-datadir/user/libraries/AsyncHTTPRequest_Generic/examples/AsyncHTTPRequest_ESP/AsyncHTTPRequest_ESP.ino:72:
/home/ec2-user/arduino-testlib/cli-datadir/user/libraries/AsyncHTTPRequest_Generic/src/AsyncHTTPRequest_Generic.hpp:109:10: fatal error: pgmspace.h: No such file or directory
 #include &lt;pgmspace.h&gt;
          ^~~~~~~~~~~~
compilation terminated.

</pre>
					
					<h4>examples/AsyncHTTPRequest_ESP_WiFiManager</h4>
					<p>
						Result: <b>FAIL</b>
					</p>
					<pre class="pre-scrollable">/home/ec2-user/arduino-testlib/cli-datadir/user/libraries/AsyncHTTPRequest_Generic/examples/AsyncHTTPRequest_ESP_WiFiManager/AsyncHTTPRequest_ESP_WiFiManager.ino:46:4: error: #error This code is intended to run on the ESP8266 or ESP32 platform! Please check your Tools-&gt;Board setting.
   #error This code is intended to run on the ESP8266 or ESP32 platform! Please check your Tools-&gt;Board setting.
    ^~~~~
/home/ec2-user/arduino-testlib/cli-datadir/user/libraries/AsyncHTTPRequest_Generic/examples/AsyncHTTPRequest_ESP_WiFiManager/AsyncHTTPRequest_ESP_WiFiManager.ino:126:12: fatal error: ESP8266WiFi.h: No such file or directory
   #include &lt;ESP8266WiFi.h&gt;          //https://github.com/esp8266/Arduino
            ^~~~~~~~~~~~~~~
compilation terminated.

</pre>
					
					<h4>examples/AsyncHTTPRequest_STM32</h4>
					<p>
						Result: <b>FAIL</b>
					</p>
					<pre class="pre-scrollable">In file included from /home/ec2-user/arduino-testlib/cli-datadir/user/libraries/AsyncHTTPRequest_Generic/examples/AsyncHTTPRequest_STM32/AsyncHTTPRequest_STM32.ino:43:0:
/home/ec2-user/arduino-testlib/cli-datadir/user/libraries/AsyncHTTPRequest_Generic/examples/AsyncHTTPRequest_STM32/defines.h:39:4: error: #error This code is designed to run on STM32F/L/H/G/WB/MP1 platform! Please check your Tools-&gt;Board setting.
   #error This code is designed to run on STM32F/L/H/G/WB/MP1 platform! Please check your Tools-&gt;Board setting.
    ^~~~~
In file included from /home/ec2-user/arduino-testlib/cli-datadir/user/libraries/STM32duino_STM32Ethernet/src/EthernetClient.h:7:0,
                 from /home/ec2-user/arduino-testlib/cli-datadir/user/libraries/STM32duino_STM32Ethernet/src/STM32Ethernet.h:6,
                 from /home/ec2-user/arduino-testlib/cli-datadir/user/libraries/AsyncHTTPRequest_Generic/examples/AsyncHTTPRequest_STM32/defines.h:100,
                 from /home/ec2-user/arduino-testlib/cli-datadir/user/libraries/AsyncHTTPRequest_Generic/examples/AsyncHTTPRequest_STM32/AsyncHTTPRequest_STM32.ino:43:
/home/ec2-user/arduino-testlib/cli-datadir/user/libraries/STM32duino_STM32Ethernet/src/utility/stm32_eth.h:42:10: fatal error: stm32_def.h: No such file or directory
 #include &#34;stm32_def.h&#34;
          ^~~~~~~~~~~~~
compilation terminated.

</pre>
					
					<h4>examples/AsyncSimpleGET_STM32</h4>
					<p>
						Result: <b>FAIL</b>
					</p>
					<pre class="pre-scrollable">In file included from /home/ec2-user/arduino-testlib/cli-datadir/user/libraries/AsyncHTTPRequest_Generic/examples/AsyncSimpleGET_STM32/AsyncSimpleGET_STM32.ino:21:0:
/home/ec2-user/arduino-testlib/cli-datadir/user/libraries/AsyncHTTPRequest_Generic/examples/AsyncSimpleGET_STM32/defines.h:39:2: error: #error This code is designed to run on STM32F/L/H/G/WB/MP1 platform! Please check your Tools-&gt;Board setting.
 #error This code is designed to run on STM32F/L/H/G/WB/MP1 platform! Please check your Tools-&gt;Board setting.
  ^~~~~
In file included from /home/ec2-user/arduino-testlib/cli-datadir/user/libraries/STM32duino_STM32Ethernet/src/EthernetClient.h:7:0,
                 from /home/ec2-user/arduino-testlib/cli-datadir/user/libraries/STM32duino_STM32Ethernet/src/STM32Ethernet.h:6,
                 from /home/ec2-user/arduino-testlib/cli-datadir/user/libraries/AsyncHTTPRequest_Generic/examples/AsyncSimpleGET_STM32/defines.h:100,
                 from /home/ec2-user/arduino-testlib/cli-datadir/user/libraries/AsyncHTTPRequest_Generic/examples/AsyncSimpleGET_STM32/AsyncSimpleGET_STM32.ino:21:
/home/ec2-user/arduino-testlib/cli-datadir/user/libraries/STM32duino_STM32Ethernet/src/utility/stm32_eth.h:42:10: fatal error: stm32_def.h: No such file or directory
 #include &#34;stm32_def.h&#34;
          ^~~~~~~~~~~~~
compilation terminated.

</pre>
					
					<h4>examples/AsyncWebClientRepeating_STM32</h4>
					<p>
						Result: <b>FAIL</b>
					</p>
					<pre class="pre-scrollable">In file included from /home/ec2-user/arduino-testlib/cli-datadir/user/libraries/AsyncHTTPRequest_Generic/examples/AsyncWebClientRepeating_STM32/AsyncWebClientRepeating_STM32.ino:21:0:
/home/ec2-user/arduino-testlib/cli-datadir/user/libraries/AsyncHTTPRequest_Generic/examples/AsyncWebClientRepeating_STM32/defines.h:39:4: error: #error This code is designed to run on STM32F/L/H/G/WB/MP1 platform! Please check your Tools-&gt;Board setting.
   #error This code is designed to run on STM32F/L/H/G/WB/MP1 platform! Please check your Tools-&gt;Board setting.
    ^~~~~
In file included from /home/ec2-user/arduino-testlib/cli-datadir/user/libraries/STM32duino_STM32Ethernet/src/EthernetClient.h:7:0,
                 from /home/ec2-user/arduino-testlib/cli-datadir/user/libraries/STM32duino_STM32Ethernet/src/STM32Ethernet.h:6,
                 from /home/ec2-user/arduino-testlib/cli-datadir/user/libraries/AsyncHTTPRequest_Generic/examples/AsyncWebClientRepeating_STM32/defines.h:100,
                 from /home/ec2-user/arduino-testlib/cli-datadir/user/libraries/AsyncHTTPRequest_Generic/examples/AsyncWebClientRepeating_STM32/AsyncWebClientRepeating_STM32.ino:21:
/home/ec2-user/arduino-testlib/cli-datadir/user/libraries/STM32duino_STM32Ethernet/src/utility/stm32_eth.h:42:10: fatal error: stm32_def.h: No such file or directory
 #include &#34;stm32_def.h&#34;
          ^~~~~~~~~~~~~
compilation terminated.

</pre>
					
					<h4>examples/STM32_LAN8720</h4>
					<p>
						Result: <b>FAIL</b>
					</p>
					<pre class="pre-scrollable"></pre>
					
					<h4>examples/WT32_ETH01</h4>
					<p>
						Result: <b>FAIL</b>
					</p>
					<pre class="pre-scrollable"></pre>
					
					<h4>examples/multiFileProject</h4>
					<p>
						Result: <b>FAIL</b>
					</p>
					<pre class="pre-scrollable">/home/ec2-user/arduino-testlib/cli-datadir/user/libraries/AsyncHTTPRequest_Generic/examples/multiFileProject/multiFileProject.ino:19:4: error: #error This code is intended to run on the ESP8266, ESP32 or STM32 platform! Please check your Tools-&gt;Board setting.
   #error This code is intended to run on the ESP8266, ESP32 or STM32 platform! Please check your Tools-&gt;Board setting.
    ^~~~~
In file included from /home/ec2-user/arduino-testlib/cli-datadir/user/libraries/AsyncHTTPRequest_Generic/examples/multiFileProject/multiFileProject.h:18:0,
                 from /home/ec2-user/arduino-testlib/cli-datadir/user/libraries/AsyncHTTPRequest_Generic/examples/multiFileProject/multiFileProject.ino:25:
/home/ec2-user/arduino-testlib/cli-datadir/user/libraries/AsyncHTTPRequest_Generic/src/AsyncHTTPRequest_Generic.hpp:109:10: fatal error: pgmspace.h: No such file or directory
 #include &lt;pgmspace.h&gt;
          ^~~~~~~~~~~~
compilation terminated.

</pre>
					
				
				<h3 id="arduino:megaavr:nona4809">arduino:megaavr:nona4809 @ 1.8.7</h3>
				<h4>Inclusion</h4>
				<p>
					Result: <b>FAIL</b>
					
				</p>
				<pre class="pre-scrollable">In file included from /home/ec2-user/arduino-testlib/cli-datadir/user/libraries/AsyncHTTPRequest_Generic/src/AsyncHTTPRequest_Generic.h:48:0,
                 from /tmp/arduino-testlib4011816960/test/test.ino:1:
/home/ec2-user/arduino-testlib/cli-datadir/user/libraries/AsyncHTTPRequest_Generic/src/AsyncHTTPRequest_Generic.hpp:109:10: fatal error: pgmspace.h: No such file or directory
 #include &lt;pgmspace.h&gt;
          ^~~~~~~~~~~~
compilation terminated.

</pre>

					
					<h4>examples/AsyncCustomHeader_STM32</h4>
					<p>
						Result: <b>FAIL</b>
					</p>
					<pre class="pre-scrollable">In file included from /home/ec2-user/arduino-testlib/cli-datadir/user/libraries/AsyncHTTPRequest_Generic/examples/AsyncCustomHeader_STM32/AsyncCustomHeader_STM32.ino:21:0:
/home/ec2-user/arduino-testlib/cli-datadir/user/libraries/AsyncHTTPRequest_Generic/examples/AsyncCustomHeader_STM32/defines.h:39:4: error: #error This code is designed to run on STM32F/L/H/G/WB/MP1 platform! Please check your Tools-&gt;Board setting.
   #error This code is designed to run on STM32F/L/H/G/WB/MP1 platform! Please check your Tools-&gt;Board setting.
    ^~~~~
In file included from /home/ec2-user/arduino-testlib/cli-datadir/user/libraries/STM32duino_STM32Ethernet/src/EthernetClient.h:7:0,
                 from /home/ec2-user/arduino-testlib/cli-datadir/user/libraries/STM32duino_STM32Ethernet/src/STM32Ethernet.h:6,
                 from /home/ec2-user/arduino-testlib/cli-datadir/user/libraries/AsyncHTTPRequest_Generic/examples/AsyncCustomHeader_STM32/defines.h:100,
                 from /home/ec2-user/arduino-testlib/cli-datadir/user/libraries/AsyncHTTPRequest_Generic/examples/AsyncCustomHeader_STM32/AsyncCustomHeader_STM32.ino:21:
/home/ec2-user/arduino-testlib/cli-datadir/user/libraries/STM32duino_STM32Ethernet/src/utility/stm32_eth.h:42:10: fatal error: stm32_def.h: No such file or directory
 #include &#34;stm32_def.h&#34;
          ^~~~~~~~~~~~~
compilation terminated.

</pre>
					
					<h4>examples/AsyncDweetGet_STM32</h4>
					<p>
						Result: <b>FAIL</b>
					</p>
					<pre class="pre-scrollable">In file included from /home/ec2-user/arduino-testlib/cli-datadir/user/libraries/AsyncHTTPRequest_Generic/examples/AsyncDweetGet_STM32/AsyncDweetGet_STM32.ino:30:0:
/home/ec2-user/arduino-testlib/cli-datadir/user/libraries/AsyncHTTPRequest_Generic/examples/AsyncDweetGet_STM32/defines.h:39:4: error: #error This code is designed to run on STM32F/L/H/G/WB/MP1 platform! Please check your Tools-&gt;Board setting.
   #error This code is designed to run on STM32F/L/H/G/WB/MP1 platform! Please check your Tools-&gt;Board setting.
    ^~~~~
In file included from /home/ec2-user/arduino-testlib/cli-datadir/user/libraries/STM32duino_STM32Ethernet/src/EthernetClient.h:7:0,
                 from /home/ec2-user/arduino-testlib/cli-datadir/user/libraries/STM32duino_STM32Ethernet/src/STM32Ethernet.h:6,
                 from /home/ec2-user/arduino-testlib/cli-datadir/user/libraries/AsyncHTTPRequest_Generic/examples/AsyncDweetGet_STM32/defines.h:100,
                 from /home/ec2-user/arduino-testlib/cli-datadir/user/libraries/AsyncHTTPRequest_Generic/examples/AsyncDweetGet_STM32/AsyncDweetGet_STM32.ino:30:
/home/ec2-user/arduino-testlib/cli-datadir/user/libraries/STM32duino_STM32Ethernet/src/utility/stm32_eth.h:42:10: fatal error: stm32_def.h: No such file or directory
 #include &#34;stm32_def.h&#34;
          ^~~~~~~~~~~~~
compilation terminated.

</pre>
					
					<h4>examples/AsyncDweetPost_STM32</h4>
					<p>
						Result: <b>FAIL</b>
					</p>
					<pre class="pre-scrollable">In file included from /home/ec2-user/arduino-testlib/cli-datadir/user/libraries/AsyncHTTPRequest_Generic/examples/AsyncDweetPost_STM32/AsyncDweetPost_STM32.ino:24:0:
/home/ec2-user/arduino-testlib/cli-datadir/user/libraries/AsyncHTTPRequest_Generic/examples/AsyncDweetPost_STM32/defines.h:39:4: error: #error This code is designed to run on STM32F/L/H/G/WB/MP1 platform! Please check your Tools-&gt;Board setting.
   #error This code is designed to run on STM32F/L/H/G/WB/MP1 platform! Please check your Tools-&gt;Board setting.
    ^~~~~
In file included from /home/ec2-user/arduino-testlib/cli-datadir/user/libraries/STM32duino_STM32Ethernet/src/EthernetClient.h:7:0,
                 from /home/ec2-user/arduino-testlib/cli-datadir/user/libraries/STM32duino_STM32Ethernet/src/STM32Ethernet.h:6,
                 from /home/ec2-user/arduino-testlib/cli-datadir/user/libraries/AsyncHTTPRequest_Generic/examples/AsyncDweetPost_STM32/defines.h:100,
                 from /home/ec2-user/arduino-testlib/cli-datadir/user/libraries/AsyncHTTPRequest_Generic/examples/AsyncDweetPost_STM32/AsyncDweetPost_STM32.ino:24:
/home/ec2-user/arduino-testlib/cli-datadir/user/libraries/STM32duino_STM32Ethernet/src/utility/stm32_eth.h:42:10: fatal error: stm32_def.h: No such file or directory
 #include &#34;stm32_def.h&#34;
          ^~~~~~~~~~~~~
compilation terminated.

</pre>
					
					<h4>examples/AsyncHTTPMultiRequests_ESP</h4>
					<p>
						Result: <b>FAIL</b>
					</p>
					<pre class="pre-scrollable">/home/ec2-user/arduino-testlib/cli-datadir/user/libraries/AsyncHTTPRequest_Generic/examples/AsyncHTTPMultiRequests_ESP/AsyncHTTPMultiRequests_ESP.ino:44:4: error: #error This code is intended to run on the ESP8266 or ESP32 platform! Please check your Tools-&gt;Board setting.
   #error This code is intended to run on the ESP8266 or ESP32 platform! Please check your Tools-&gt;Board setting.
    ^~~~~
In file included from /home/ec2-user/arduino-testlib/cli-datadir/user/libraries/AsyncHTTPRequest_Generic/src/AsyncHTTPRequest_Generic.h:48:0,
                 from /home/ec2-user/arduino-testlib/cli-datadir/user/libraries/AsyncHTTPRequest_Generic/examples/AsyncHTTPMultiRequests_ESP/AsyncHTTPMultiRequests_ESP.ino:71:
/home/ec2-user/arduino-testlib/cli-datadir/user/libraries/AsyncHTTPRequest_Generic/src/AsyncHTTPRequest_Generic.hpp:109:10: fatal error: pgmspace.h: No such file or directory
 #include &lt;pgmspace.h&gt;
          ^~~~~~~~~~~~
compilation terminated.

</pre>
					
					<h4>examples/AsyncHTTPRequest_ESP</h4>
					<p>
						Result: <b>FAIL</b>
					</p>
					<pre class="pre-scrollable">/home/ec2-user/arduino-testlib/cli-datadir/user/libraries/AsyncHTTPRequest_Generic/examples/AsyncHTTPRequest_ESP/AsyncHTTPRequest_ESP.ino:44:4: error: #error This code is intended to run on the ESP8266 or ESP32 platform! Please check your Tools-&gt;Board setting.
   #error This code is intended to run on the ESP8266 or ESP32 platform! Please check your Tools-&gt;Board setting.
    ^~~~~
In file included from /home/ec2-user/arduino-testlib/cli-datadir/user/libraries/AsyncHTTPRequest_Generic/src/AsyncHTTPRequest_Generic.h:48:0,
                 from /home/ec2-user/arduino-testlib/cli-datadir/user/libraries/AsyncHTTPRequest_Generic/examples/AsyncHTTPRequest_ESP/AsyncHTTPRequest_ESP.ino:72:
/home/ec2-user/arduino-testlib/cli-datadir/user/libraries/AsyncHTTPRequest_Generic/src/AsyncHTTPRequest_Generic.hpp:109:10: fatal error: pgmspace.h: No such file or directory
 #include &lt;pgmspace.h&gt;
          ^~~~~~~~~~~~
compilation terminated.

</pre>
					
					<h4>examples/AsyncHTTPRequest_ESP_WiFiManager</h4>
					<p>
						Result: <b>FAIL</b>
					</p>
					<pre class="pre-scrollable">/home/ec2-user/arduino-testlib/cli-datadir/user/libraries/AsyncHTTPRequest_Generic/examples/AsyncHTTPRequest_ESP_WiFiManager/AsyncHTTPRequest_ESP_WiFiManager.ino:46:4: error: #error This code is intended to run on the ESP8266 or ESP32 platform! Please check your Tools-&gt;Board setting.
   #error This code is intended to run on the ESP8266 or ESP32 platform! Please check your Tools-&gt;Board setting.
    ^~~~~
/home/ec2-user/arduino-testlib/cli-datadir/user/libraries/AsyncHTTPRequest_Generic/examples/AsyncHTTPRequest_ESP_WiFiManager/AsyncHTTPRequest_ESP_WiFiManager.ino:126:12: fatal error: ESP8266WiFi.h: No such file or directory
   #include &lt;ESP8266WiFi.h&gt;          //https://github.com/esp8266/Arduino
            ^~~~~~~~~~~~~~~
compilation terminated.

</pre>
					
					<h4>examples/AsyncHTTPRequest_STM32</h4>
					<p>
						Result: <b>FAIL</b>
					</p>
					<pre class="pre-scrollable">In file included from /home/ec2-user/arduino-testlib/cli-datadir/user/libraries/AsyncHTTPRequest_Generic/examples/AsyncHTTPRequest_STM32/AsyncHTTPRequest_STM32.ino:43:0:
/home/ec2-user/arduino-testlib/cli-datadir/user/libraries/AsyncHTTPRequest_Generic/examples/AsyncHTTPRequest_STM32/defines.h:39:4: error: #error This code is designed to run on STM32F/L/H/G/WB/MP1 platform! Please check your Tools-&gt;Board setting.
   #error This code is designed to run on STM32F/L/H/G/WB/MP1 platform! Please check your Tools-&gt;Board setting.
    ^~~~~
In file included from /home/ec2-user/arduino-testlib/cli-datadir/user/libraries/STM32duino_STM32Ethernet/src/EthernetClient.h:7:0,
                 from /home/ec2-user/arduino-testlib/cli-datadir/user/libraries/STM32duino_STM32Ethernet/src/STM32Ethernet.h:6,
                 from /home/ec2-user/arduino-testlib/cli-datadir/user/libraries/AsyncHTTPRequest_Generic/examples/AsyncHTTPRequest_STM32/defines.h:100,
                 from /home/ec2-user/arduino-testlib/cli-datadir/user/libraries/AsyncHTTPRequest_Generic/examples/AsyncHTTPRequest_STM32/AsyncHTTPRequest_STM32.ino:43:
/home/ec2-user/arduino-testlib/cli-datadir/user/libraries/STM32duino_STM32Ethernet/src/utility/stm32_eth.h:42:10: fatal error: stm32_def.h: No such file or directory
 #include &#34;stm32_def.h&#34;
          ^~~~~~~~~~~~~
compilation terminated.

</pre>
					
					<h4>examples/AsyncSimpleGET_STM32</h4>
					<p>
						Result: <b>FAIL</b>
					</p>
					<pre class="pre-scrollable">In file included from /home/ec2-user/arduino-testlib/cli-datadir/user/libraries/AsyncHTTPRequest_Generic/examples/AsyncSimpleGET_STM32/AsyncSimpleGET_STM32.ino:21:0:
/home/ec2-user/arduino-testlib/cli-datadir/user/libraries/AsyncHTTPRequest_Generic/examples/AsyncSimpleGET_STM32/defines.h:39:2: error: #error This code is designed to run on STM32F/L/H/G/WB/MP1 platform! Please check your Tools-&gt;Board setting.
 #error This code is designed to run on STM32F/L/H/G/WB/MP1 platform! Please check your Tools-&gt;Board setting.
  ^~~~~
In file included from /home/ec2-user/arduino-testlib/cli-datadir/user/libraries/STM32duino_STM32Ethernet/src/EthernetClient.h:7:0,
                 from /home/ec2-user/arduino-testlib/cli-datadir/user/libraries/STM32duino_STM32Ethernet/src/STM32Ethernet.h:6,
                 from /home/ec2-user/arduino-testlib/cli-datadir/user/libraries/AsyncHTTPRequest_Generic/examples/AsyncSimpleGET_STM32/defines.h:100,
                 from /home/ec2-user/arduino-testlib/cli-datadir/user/libraries/AsyncHTTPRequest_Generic/examples/AsyncSimpleGET_STM32/AsyncSimpleGET_STM32.ino:21:
/home/ec2-user/arduino-testlib/cli-datadir/user/libraries/STM32duino_STM32Ethernet/src/utility/stm32_eth.h:42:10: fatal error: stm32_def.h: No such file or directory
 #include &#34;stm32_def.h&#34;
          ^~~~~~~~~~~~~
compilation terminated.

</pre>
					
					<h4>examples/AsyncWebClientRepeating_STM32</h4>
					<p>
						Result: <b>FAIL</b>
					</p>
					<pre class="pre-scrollable">In file included from /home/ec2-user/arduino-testlib/cli-datadir/user/libraries/AsyncHTTPRequest_Generic/examples/AsyncWebClientRepeating_STM32/AsyncWebClientRepeating_STM32.ino:21:0:
/home/ec2-user/arduino-testlib/cli-datadir/user/libraries/AsyncHTTPRequest_Generic/examples/AsyncWebClientRepeating_STM32/defines.h:39:4: error: #error This code is designed to run on STM32F/L/H/G/WB/MP1 platform! Please check your Tools-&gt;Board setting.
   #error This code is designed to run on STM32F/L/H/G/WB/MP1 platform! Please check your Tools-&gt;Board setting.
    ^~~~~
In file included from /home/ec2-user/arduino-testlib/cli-datadir/user/libraries/STM32duino_STM32Ethernet/src/EthernetClient.h:7:0,
                 from /home/ec2-user/arduino-testlib/cli-datadir/user/libraries/STM32duino_STM32Ethernet/src/STM32Ethernet.h:6,
                 from /home/ec2-user/arduino-testlib/cli-datadir/user/libraries/AsyncHTTPRequest_Generic/examples/AsyncWebClientRepeating_STM32/defines.h:100,
                 from /home/ec2-user/arduino-testlib/cli-datadir/user/libraries/AsyncHTTPRequest_Generic/examples/AsyncWebClientRepeating_STM32/AsyncWebClientRepeating_STM32.ino:21:
/home/ec2-user/arduino-testlib/cli-datadir/user/libraries/STM32duino_STM32Ethernet/src/utility/stm32_eth.h:42:10: fatal error: stm32_def.h: No such file or directory
 #include &#34;stm32_def.h&#34;
          ^~~~~~~~~~~~~
compilation terminated.

</pre>
					
					<h4>examples/STM32_LAN8720</h4>
					<p>
						Result: <b>FAIL</b>
					</p>
					<pre class="pre-scrollable"></pre>
					
					<h4>examples/WT32_ETH01</h4>
					<p>
						Result: <b>FAIL</b>
					</p>
					<pre class="pre-scrollable"></pre>
					
					<h4>examples/multiFileProject</h4>
					<p>
						Result: <b>FAIL</b>
					</p>
					<pre class="pre-scrollable">/home/ec2-user/arduino-testlib/cli-datadir/user/libraries/AsyncHTTPRequest_Generic/examples/multiFileProject/multiFileProject.ino:19:4: error: #error This code is intended to run on the ESP8266, ESP32 or STM32 platform! Please check your Tools-&gt;Board setting.
   #error This code is intended to run on the ESP8266, ESP32 or STM32 platform! Please check your Tools-&gt;Board setting.
    ^~~~~
In file included from /home/ec2-user/arduino-testlib/cli-datadir/user/libraries/AsyncHTTPRequest_Generic/examples/multiFileProject/multiFileProject.h:18:0,
                 from /home/ec2-user/arduino-testlib/cli-datadir/user/libraries/AsyncHTTPRequest_Generic/examples/multiFileProject/multiFileProject.ino:25:
/home/ec2-user/arduino-testlib/cli-datadir/user/libraries/AsyncHTTPRequest_Generic/src/AsyncHTTPRequest_Generic.hpp:109:10: fatal error: pgmspace.h: No such file or directory
 #include &lt;pgmspace.h&gt;
          ^~~~~~~~~~~~
compilation terminated.

</pre>
					
				
				<h3 id="arduino:samd:mkrwifi1010">arduino:samd:mkrwifi1010 @ 1.8.12</h3>
				<h4>Inclusion</h4>
				<p>
					Result: <b>FAIL</b>
					
				</p>
				<pre class="pre-scrollable">In file included from /home/ec2-user/arduino-testlib/cli-datadir/user/libraries/AsyncHTTPRequest_Generic/src/AsyncHTTPRequest_Generic.h:48:0,
                 from /tmp/arduino-testlib3365705056/test/test.ino:1:
/home/ec2-user/arduino-testlib/cli-datadir/user/libraries/AsyncHTTPRequest_Generic/src/AsyncHTTPRequest_Generic.hpp:109:10: fatal error: pgmspace.h: No such file or directory
 #include &lt;pgmspace.h&gt;
          ^~~~~~~~~~~~
compilation terminated.

</pre>

					
					<h4>examples/AsyncCustomHeader_STM32</h4>
					<p>
						Result: <b>FAIL</b>
					</p>
					<pre class="pre-scrollable">In file included from /home/ec2-user/arduino-testlib/cli-datadir/user/libraries/AsyncHTTPRequest_Generic/examples/AsyncCustomHeader_STM32/AsyncCustomHeader_STM32.ino:21:0:
/home/ec2-user/arduino-testlib/cli-datadir/user/libraries/AsyncHTTPRequest_Generic/examples/AsyncCustomHeader_STM32/defines.h:39:4: error: #error This code is designed to run on STM32F/L/H/G/WB/MP1 platform! Please check your Tools-&gt;Board setting.
   #error This code is designed to run on STM32F/L/H/G/WB/MP1 platform! Please check your Tools-&gt;Board setting.
    ^~~~~
In file included from /home/ec2-user/arduino-testlib/cli-datadir/user/libraries/STM32duino_STM32Ethernet/src/EthernetClient.h:7:0,
                 from /home/ec2-user/arduino-testlib/cli-datadir/user/libraries/STM32duino_STM32Ethernet/src/STM32Ethernet.h:6,
                 from /home/ec2-user/arduino-testlib/cli-datadir/user/libraries/AsyncHTTPRequest_Generic/examples/AsyncCustomHeader_STM32/defines.h:100,
                 from /home/ec2-user/arduino-testlib/cli-datadir/user/libraries/AsyncHTTPRequest_Generic/examples/AsyncCustomHeader_STM32/AsyncCustomHeader_STM32.ino:21:
/home/ec2-user/arduino-testlib/cli-datadir/user/libraries/STM32duino_STM32Ethernet/src/utility/stm32_eth.h:42:10: fatal error: stm32_def.h: No such file or directory
 #include &#34;stm32_def.h&#34;
          ^~~~~~~~~~~~~
compilation terminated.

</pre>
					
					<h4>examples/AsyncDweetGet_STM32</h4>
					<p>
						Result: <b>FAIL</b>
					</p>
					<pre class="pre-scrollable">In file included from /home/ec2-user/arduino-testlib/cli-datadir/user/libraries/AsyncHTTPRequest_Generic/examples/AsyncDweetGet_STM32/AsyncDweetGet_STM32.ino:30:0:
/home/ec2-user/arduino-testlib/cli-datadir/user/libraries/AsyncHTTPRequest_Generic/examples/AsyncDweetGet_STM32/defines.h:39:4: error: #error This code is designed to run on STM32F/L/H/G/WB/MP1 platform! Please check your Tools-&gt;Board setting.
   #error This code is designed to run on STM32F/L/H/G/WB/MP1 platform! Please check your Tools-&gt;Board setting.
    ^~~~~
In file included from /home/ec2-user/arduino-testlib/cli-datadir/user/libraries/STM32duino_STM32Ethernet/src/EthernetClient.h:7:0,
                 from /home/ec2-user/arduino-testlib/cli-datadir/user/libraries/STM32duino_STM32Ethernet/src/STM32Ethernet.h:6,
                 from /home/ec2-user/arduino-testlib/cli-datadir/user/libraries/AsyncHTTPRequest_Generic/examples/AsyncDweetGet_STM32/defines.h:100,
                 from /home/ec2-user/arduino-testlib/cli-datadir/user/libraries/AsyncHTTPRequest_Generic/examples/AsyncDweetGet_STM32/AsyncDweetGet_STM32.ino:30:
/home/ec2-user/arduino-testlib/cli-datadir/user/libraries/STM32duino_STM32Ethernet/src/utility/stm32_eth.h:42:10: fatal error: stm32_def.h: No such file or directory
 #include &#34;stm32_def.h&#34;
          ^~~~~~~~~~~~~
compilation terminated.

</pre>
					
					<h4>examples/AsyncDweetPost_STM32</h4>
					<p>
						Result: <b>FAIL</b>
					</p>
					<pre class="pre-scrollable">In file included from /home/ec2-user/arduino-testlib/cli-datadir/user/libraries/AsyncHTTPRequest_Generic/examples/AsyncDweetPost_STM32/AsyncDweetPost_STM32.ino:24:0:
/home/ec2-user/arduino-testlib/cli-datadir/user/libraries/AsyncHTTPRequest_Generic/examples/AsyncDweetPost_STM32/defines.h:39:4: error: #error This code is designed to run on STM32F/L/H/G/WB/MP1 platform! Please check your Tools-&gt;Board setting.
   #error This code is designed to run on STM32F/L/H/G/WB/MP1 platform! Please check your Tools-&gt;Board setting.
    ^~~~~
In file included from /home/ec2-user/arduino-testlib/cli-datadir/user/libraries/STM32duino_STM32Ethernet/src/EthernetClient.h:7:0,
                 from /home/ec2-user/arduino-testlib/cli-datadir/user/libraries/STM32duino_STM32Ethernet/src/STM32Ethernet.h:6,
                 from /home/ec2-user/arduino-testlib/cli-datadir/user/libraries/AsyncHTTPRequest_Generic/examples/AsyncDweetPost_STM32/defines.h:100,
                 from /home/ec2-user/arduino-testlib/cli-datadir/user/libraries/AsyncHTTPRequest_Generic/examples/AsyncDweetPost_STM32/AsyncDweetPost_STM32.ino:24:
/home/ec2-user/arduino-testlib/cli-datadir/user/libraries/STM32duino_STM32Ethernet/src/utility/stm32_eth.h:42:10: fatal error: stm32_def.h: No such file or directory
 #include &#34;stm32_def.h&#34;
          ^~~~~~~~~~~~~
compilation terminated.

</pre>
					
					<h4>examples/AsyncHTTPMultiRequests_ESP</h4>
					<p>
						Result: <b>FAIL</b>
					</p>
					<pre class="pre-scrollable">/home/ec2-user/arduino-testlib/cli-datadir/user/libraries/AsyncHTTPRequest_Generic/examples/AsyncHTTPMultiRequests_ESP/AsyncHTTPMultiRequests_ESP.ino:44:4: error: #error This code is intended to run on the ESP8266 or ESP32 platform! Please check your Tools-&gt;Board setting.
   #error This code is intended to run on the ESP8266 or ESP32 platform! Please check your Tools-&gt;Board setting.
    ^~~~~
In file included from /home/ec2-user/arduino-testlib/cli-datadir/user/libraries/AsyncHTTPRequest_Generic/src/AsyncHTTPRequest_Generic.h:48:0,
                 from /home/ec2-user/arduino-testlib/cli-datadir/user/libraries/AsyncHTTPRequest_Generic/examples/AsyncHTTPMultiRequests_ESP/AsyncHTTPMultiRequests_ESP.ino:71:
/home/ec2-user/arduino-testlib/cli-datadir/user/libraries/AsyncHTTPRequest_Generic/src/AsyncHTTPRequest_Generic.hpp:109:10: fatal error: pgmspace.h: No such file or directory
 #include &lt;pgmspace.h&gt;
          ^~~~~~~~~~~~
compilation terminated.

</pre>
					
					<h4>examples/AsyncHTTPRequest_ESP</h4>
					<p>
						Result: <b>FAIL</b>
					</p>
					<pre class="pre-scrollable">/home/ec2-user/arduino-testlib/cli-datadir/user/libraries/AsyncHTTPRequest_Generic/examples/AsyncHTTPRequest_ESP/AsyncHTTPRequest_ESP.ino:44:4: error: #error This code is intended to run on the ESP8266 or ESP32 platform! Please check your Tools-&gt;Board setting.
   #error This code is intended to run on the ESP8266 or ESP32 platform! Please check your Tools-&gt;Board setting.
    ^~~~~
In file included from /home/ec2-user/arduino-testlib/cli-datadir/user/libraries/AsyncHTTPRequest_Generic/src/AsyncHTTPRequest_Generic.h:48:0,
                 from /home/ec2-user/arduino-testlib/cli-datadir/user/libraries/AsyncHTTPRequest_Generic/examples/AsyncHTTPRequest_ESP/AsyncHTTPRequest_ESP.ino:72:
/home/ec2-user/arduino-testlib/cli-datadir/user/libraries/AsyncHTTPRequest_Generic/src/AsyncHTTPRequest_Generic.hpp:109:10: fatal error: pgmspace.h: No such file or directory
 #include &lt;pgmspace.h&gt;
          ^~~~~~~~~~~~
compilation terminated.

</pre>
					
					<h4>examples/AsyncHTTPRequest_ESP_WiFiManager</h4>
					<p>
						Result: <b>FAIL</b>
					</p>
					<pre class="pre-scrollable">/home/ec2-user/arduino-testlib/cli-datadir/user/libraries/AsyncHTTPRequest_Generic/examples/AsyncHTTPRequest_ESP_WiFiManager/AsyncHTTPRequest_ESP_WiFiManager.ino:46:4: error: #error This code is intended to run on the ESP8266 or ESP32 platform! Please check your Tools-&gt;Board setting.
   #error This code is intended to run on the ESP8266 or ESP32 platform! Please check your Tools-&gt;Board setting.
    ^~~~~
/home/ec2-user/arduino-testlib/cli-datadir/user/libraries/AsyncHTTPRequest_Generic/examples/AsyncHTTPRequest_ESP_WiFiManager/AsyncHTTPRequest_ESP_WiFiManager.ino:126:12: fatal error: ESP8266WiFi.h: No such file or directory
   #include &lt;ESP8266WiFi.h&gt;          //https://github.com/esp8266/Arduino
            ^~~~~~~~~~~~~~~
compilation terminated.

</pre>
					
					<h4>examples/AsyncHTTPRequest_STM32</h4>
					<p>
						Result: <b>FAIL</b>
					</p>
					<pre class="pre-scrollable">In file included from /home/ec2-user/arduino-testlib/cli-datadir/user/libraries/AsyncHTTPRequest_Generic/examples/AsyncHTTPRequest_STM32/AsyncHTTPRequest_STM32.ino:43:0:
/home/ec2-user/arduino-testlib/cli-datadir/user/libraries/AsyncHTTPRequest_Generic/examples/AsyncHTTPRequest_STM32/defines.h:39:4: error: #error This code is designed to run on STM32F/L/H/G/WB/MP1 platform! Please check your Tools-&gt;Board setting.
   #error This code is designed to run on STM32F/L/H/G/WB/MP1 platform! Please check your Tools-&gt;Board setting.
    ^~~~~
In file included from /home/ec2-user/arduino-testlib/cli-datadir/user/libraries/STM32duino_STM32Ethernet/src/EthernetClient.h:7:0,
                 from /home/ec2-user/arduino-testlib/cli-datadir/user/libraries/STM32duino_STM32Ethernet/src/STM32Ethernet.h:6,
                 from /home/ec2-user/arduino-testlib/cli-datadir/user/libraries/AsyncHTTPRequest_Generic/examples/AsyncHTTPRequest_STM32/defines.h:100,
                 from /home/ec2-user/arduino-testlib/cli-datadir/user/libraries/AsyncHTTPRequest_Generic/examples/AsyncHTTPRequest_STM32/AsyncHTTPRequest_STM32.ino:43:
/home/ec2-user/arduino-testlib/cli-datadir/user/libraries/STM32duino_STM32Ethernet/src/utility/stm32_eth.h:42:10: fatal error: stm32_def.h: No such file or directory
 #include &#34;stm32_def.h&#34;
          ^~~~~~~~~~~~~
compilation terminated.

</pre>
					
					<h4>examples/AsyncSimpleGET_STM32</h4>
					<p>
						Result: <b>FAIL</b>
					</p>
					<pre class="pre-scrollable">In file included from /home/ec2-user/arduino-testlib/cli-datadir/user/libraries/AsyncHTTPRequest_Generic/examples/AsyncSimpleGET_STM32/AsyncSimpleGET_STM32.ino:21:0:
/home/ec2-user/arduino-testlib/cli-datadir/user/libraries/AsyncHTTPRequest_Generic/examples/AsyncSimpleGET_STM32/defines.h:39:2: error: #error This code is designed to run on STM32F/L/H/G/WB/MP1 platform! Please check your Tools-&gt;Board setting.
 #error This code is designed to run on STM32F/L/H/G/WB/MP1 platform! Please check your Tools-&gt;Board setting.
  ^~~~~
In file included from /home/ec2-user/arduino-testlib/cli-datadir/user/libraries/STM32duino_STM32Ethernet/src/EthernetClient.h:7:0,
                 from /home/ec2-user/arduino-testlib/cli-datadir/user/libraries/STM32duino_STM32Ethernet/src/STM32Ethernet.h:6,
                 from /home/ec2-user/arduino-testlib/cli-datadir/user/libraries/AsyncHTTPRequest_Generic/examples/AsyncSimpleGET_STM32/defines.h:100,
                 from /home/ec2-user/arduino-testlib/cli-datadir/user/libraries/AsyncHTTPRequest_Generic/examples/AsyncSimpleGET_STM32/AsyncSimpleGET_STM32.ino:21:
/home/ec2-user/arduino-testlib/cli-datadir/user/libraries/STM32duino_STM32Ethernet/src/utility/stm32_eth.h:42:10: fatal error: stm32_def.h: No such file or directory
 #include &#34;stm32_def.h&#34;
          ^~~~~~~~~~~~~
compilation terminated.

</pre>
					
					<h4>examples/AsyncWebClientRepeating_STM32</h4>
					<p>
						Result: <b>FAIL</b>
					</p>
					<pre class="pre-scrollable">In file included from /home/ec2-user/arduino-testlib/cli-datadir/user/libraries/AsyncHTTPRequest_Generic/examples/AsyncWebClientRepeating_STM32/AsyncWebClientRepeating_STM32.ino:21:0:
/home/ec2-user/arduino-testlib/cli-datadir/user/libraries/AsyncHTTPRequest_Generic/examples/AsyncWebClientRepeating_STM32/defines.h:39:4: error: #error This code is designed to run on STM32F/L/H/G/WB/MP1 platform! Please check your Tools-&gt;Board setting.
   #error This code is designed to run on STM32F/L/H/G/WB/MP1 platform! Please check your Tools-&gt;Board setting.
    ^~~~~
In file included from /home/ec2-user/arduino-testlib/cli-datadir/user/libraries/STM32duino_STM32Ethernet/src/EthernetClient.h:7:0,
                 from /home/ec2-user/arduino-testlib/cli-datadir/user/libraries/STM32duino_STM32Ethernet/src/STM32Ethernet.h:6,
                 from /home/ec2-user/arduino-testlib/cli-datadir/user/libraries/AsyncHTTPRequest_Generic/examples/AsyncWebClientRepeating_STM32/defines.h:100,
                 from /home/ec2-user/arduino-testlib/cli-datadir/user/libraries/AsyncHTTPRequest_Generic/examples/AsyncWebClientRepeating_STM32/AsyncWebClientRepeating_STM32.ino:21:
/home/ec2-user/arduino-testlib/cli-datadir/user/libraries/STM32duino_STM32Ethernet/src/utility/stm32_eth.h:42:10: fatal error: stm32_def.h: No such file or directory
 #include &#34;stm32_def.h&#34;
          ^~~~~~~~~~~~~
compilation terminated.

</pre>
					
					<h4>examples/STM32_LAN8720</h4>
					<p>
						Result: <b>FAIL</b>
					</p>
					<pre class="pre-scrollable"></pre>
					
					<h4>examples/WT32_ETH01</h4>
					<p>
						Result: <b>FAIL</b>
					</p>
					<pre class="pre-scrollable"></pre>
					
					<h4>examples/multiFileProject</h4>
					<p>
						Result: <b>FAIL</b>
					</p>
					<pre class="pre-scrollable">/home/ec2-user/arduino-testlib/cli-datadir/user/libraries/AsyncHTTPRequest_Generic/examples/multiFileProject/multiFileProject.ino:19:4: error: #error This code is intended to run on the ESP8266, ESP32 or STM32 platform! Please check your Tools-&gt;Board setting.
   #error This code is intended to run on the ESP8266, ESP32 or STM32 platform! Please check your Tools-&gt;Board setting.
    ^~~~~
In file included from /home/ec2-user/arduino-testlib/cli-datadir/user/libraries/AsyncHTTPRequest_Generic/examples/multiFileProject/multiFileProject.h:18:0,
                 from /home/ec2-user/arduino-testlib/cli-datadir/user/libraries/AsyncHTTPRequest_Generic/examples/multiFileProject/multiFileProject.ino:25:
/home/ec2-user/arduino-testlib/cli-datadir/user/libraries/AsyncHTTPRequest_Generic/src/AsyncHTTPRequest_Generic.hpp:109:10: fatal error: pgmspace.h: No such file or directory
 #include &lt;pgmspace.h&gt;
          ^~~~~~~~~~~~
compilation terminated.

</pre>
					
				
				<h3 id="esp32:esp32:d1_mini32">esp32:esp32:d1_mini32 @ 1.0.6</h3>
				<h4>Inclusion</h4>
				<p>
					Result: <b>FAIL</b>
					
				</p>
				<pre class="pre-scrollable">In file included from /home/ec2-user/arduino-testlib/cli-datadir/user/libraries/AsyncHTTPRequest_Generic/src/AsyncHTTPRequest_Generic.h:48:0,
                 from /tmp/arduino-testlib1661730488/test/test.ino:1:
/home/ec2-user/arduino-testlib/cli-datadir/user/libraries/AsyncHTTPRequest_Generic/src/AsyncHTTPRequest_Generic.hpp:77:24: fatal error: AsyncTCP.h: No such file or directory
compilation terminated.

</pre>

					
					<h4>examples/AsyncCustomHeader_STM32</h4>
					<p>
						Result: <b>FAIL</b>
					</p>
					<pre class="pre-scrollable">In file included from /home/ec2-user/arduino-testlib/cli-datadir/user/libraries/AsyncHTTPRequest_Generic/examples/AsyncCustomHeader_STM32/AsyncCustomHeader_STM32.ino:21:0:
/home/ec2-user/arduino-testlib/cli-datadir/user/libraries/AsyncHTTPRequest_Generic/examples/AsyncCustomHeader_STM32/defines.h:39:4: error: #error This code is designed to run on STM32F/L/H/G/WB/MP1 platform! Please check your Tools-&gt;Board setting.
   #error This code is designed to run on STM32F/L/H/G/WB/MP1 platform! Please check your Tools-&gt;Board setting.
    ^
In file included from /home/ec2-user/arduino-testlib/cli-datadir/user/libraries/STM32duino_STM32Ethernet/src/EthernetClient.h:7:0,
                 from /home/ec2-user/arduino-testlib/cli-datadir/user/libraries/STM32duino_STM32Ethernet/src/STM32Ethernet.h:6,
                 from /home/ec2-user/arduino-testlib/cli-datadir/user/libraries/AsyncHTTPRequest_Generic/examples/AsyncCustomHeader_STM32/defines.h:100,
                 from /home/ec2-user/arduino-testlib/cli-datadir/user/libraries/AsyncHTTPRequest_Generic/examples/AsyncCustomHeader_STM32/AsyncCustomHeader_STM32.ino:21:
/home/ec2-user/arduino-testlib/cli-datadir/user/libraries/STM32duino_STM32Ethernet/src/utility/stm32_eth.h:42:23: fatal error: stm32_def.h: No such file or directory
compilation terminated.

</pre>
					
					<h4>examples/AsyncDweetGet_STM32</h4>
					<p>
						Result: <b>FAIL</b>
					</p>
					<pre class="pre-scrollable">In file included from /home/ec2-user/arduino-testlib/cli-datadir/user/libraries/AsyncHTTPRequest_Generic/examples/AsyncDweetGet_STM32/AsyncDweetGet_STM32.ino:30:0:
/home/ec2-user/arduino-testlib/cli-datadir/user/libraries/AsyncHTTPRequest_Generic/examples/AsyncDweetGet_STM32/defines.h:39:4: error: #error This code is designed to run on STM32F/L/H/G/WB/MP1 platform! Please check your Tools-&gt;Board setting.
   #error This code is designed to run on STM32F/L/H/G/WB/MP1 platform! Please check your Tools-&gt;Board setting.
    ^
In file included from /home/ec2-user/arduino-testlib/cli-datadir/user/libraries/STM32duino_STM32Ethernet/src/EthernetClient.h:7:0,
                 from /home/ec2-user/arduino-testlib/cli-datadir/user/libraries/STM32duino_STM32Ethernet/src/STM32Ethernet.h:6,
                 from /home/ec2-user/arduino-testlib/cli-datadir/user/libraries/AsyncHTTPRequest_Generic/examples/AsyncDweetGet_STM32/defines.h:100,
                 from /home/ec2-user/arduino-testlib/cli-datadir/user/libraries/AsyncHTTPRequest_Generic/examples/AsyncDweetGet_STM32/AsyncDweetGet_STM32.ino:30:
/home/ec2-user/arduino-testlib/cli-datadir/user/libraries/STM32duino_STM32Ethernet/src/utility/stm32_eth.h:42:23: fatal error: stm32_def.h: No such file or directory
compilation terminated.

</pre>
					
					<h4>examples/AsyncDweetPost_STM32</h4>
					<p>
						Result: <b>FAIL</b>
					</p>
					<pre class="pre-scrollable">In file included from /home/ec2-user/arduino-testlib/cli-datadir/user/libraries/AsyncHTTPRequest_Generic/examples/AsyncDweetPost_STM32/AsyncDweetPost_STM32.ino:24:0:
/home/ec2-user/arduino-testlib/cli-datadir/user/libraries/AsyncHTTPRequest_Generic/examples/AsyncDweetPost_STM32/defines.h:39:4: error: #error This code is designed to run on STM32F/L/H/G/WB/MP1 platform! Please check your Tools-&gt;Board setting.
   #error This code is designed to run on STM32F/L/H/G/WB/MP1 platform! Please check your Tools-&gt;Board setting.
    ^
In file included from /home/ec2-user/arduino-testlib/cli-datadir/user/libraries/STM32duino_STM32Ethernet/src/EthernetClient.h:7:0,
                 from /home/ec2-user/arduino-testlib/cli-datadir/user/libraries/STM32duino_STM32Ethernet/src/STM32Ethernet.h:6,
                 from /home/ec2-user/arduino-testlib/cli-datadir/user/libraries/AsyncHTTPRequest_Generic/examples/AsyncDweetPost_STM32/defines.h:100,
                 from /home/ec2-user/arduino-testlib/cli-datadir/user/libraries/AsyncHTTPRequest_Generic/examples/AsyncDweetPost_STM32/AsyncDweetPost_STM32.ino:24:
/home/ec2-user/arduino-testlib/cli-datadir/user/libraries/STM32duino_STM32Ethernet/src/utility/stm32_eth.h:42:23: fatal error: stm32_def.h: No such file or directory
compilation terminated.

</pre>
					
					<h4>examples/AsyncHTTPMultiRequests_ESP</h4>
					<p>
						Result: <b>FAIL</b>
					</p>
					<pre class="pre-scrollable">In file included from /home/ec2-user/arduino-testlib/cli-datadir/user/libraries/AsyncHTTPRequest_Generic/src/AsyncHTTPRequest_Generic.h:48:0,
                 from /home/ec2-user/arduino-testlib/cli-datadir/user/libraries/AsyncHTTPRequest_Generic/examples/AsyncHTTPMultiRequests_ESP/AsyncHTTPMultiRequests_ESP.ino:71:
/home/ec2-user/arduino-testlib/cli-datadir/user/libraries/AsyncHTTPRequest_Generic/src/AsyncHTTPRequest_Generic.hpp:77:24: fatal error: AsyncTCP.h: No such file or directory
compilation terminated.
Multiple libraries were found for &#34;WiFi.h&#34;
  Used: /home/ec2-user/arduino-testlib/cli-datadir/data/packages/esp32/hardware/esp32/1.0.6/libraries/WiFi
  Not used: /home/ec2-user/arduino-testlib/cli-datadir/user/libraries/WiFiNINA
  Not used: /home/ec2-user/arduino-testlib/cli-datadir/user/libraries/WiFiEspAT
  Not used: /home/ec2-user/arduino-testlib/cli-datadir/user/libraries/Seeed_Arduino_rpcWiFi
  Not used: /home/ec2-user/arduino-testlib/cli-datadir/user/libraries/WiFi
</pre>
					
					<h4>examples/AsyncHTTPRequest_ESP</h4>
					<p>
						Result: <b>FAIL</b>
					</p>
					<pre class="pre-scrollable">In file included from /home/ec2-user/arduino-testlib/cli-datadir/user/libraries/AsyncHTTPRequest_Generic/src/AsyncHTTPRequest_Generic.h:48:0,
                 from /home/ec2-user/arduino-testlib/cli-datadir/user/libraries/AsyncHTTPRequest_Generic/examples/AsyncHTTPRequest_ESP/AsyncHTTPRequest_ESP.ino:72:
/home/ec2-user/arduino-testlib/cli-datadir/user/libraries/AsyncHTTPRequest_Generic/src/AsyncHTTPRequest_Generic.hpp:77:24: fatal error: AsyncTCP.h: No such file or directory
compilation terminated.
Multiple libraries were found for &#34;WiFi.h&#34;
  Used: /home/ec2-user/arduino-testlib/cli-datadir/data/packages/esp32/hardware/esp32/1.0.6/libraries/WiFi
  Not used: /home/ec2-user/arduino-testlib/cli-datadir/user/libraries/WiFiEspAT
  Not used: /home/ec2-user/arduino-testlib/cli-datadir/user/libraries/Seeed_Arduino_rpcWiFi
  Not used: /home/ec2-user/arduino-testlib/cli-datadir/user/libraries/WiFiNINA
  Not used: /home/ec2-user/arduino-testlib/cli-datadir/user/libraries/WiFi
</pre>
					
					<h4>examples/AsyncHTTPRequest_ESP_WiFiManager</h4>
					<p>
						Result: <b>FAIL</b>
					</p>
					<pre class="pre-scrollable">In file included from /home/ec2-user/arduino-testlib/cli-datadir/user/libraries/ESPAsync_WiFiManager/src/ESPAsync_WiFiManager.h:61:0,
                 from /home/ec2-user/arduino-testlib/cli-datadir/user/libraries/AsyncHTTPRequest_Generic/examples/AsyncHTTPRequest_ESP_WiFiManager/AsyncHTTPRequest_ESP_WiFiManager.ino:260:
/home/ec2-user/arduino-testlib/cli-datadir/user/libraries/ESPAsync_WiFiManager/src/ESPAsync_WiFiManager.hpp:164:33: fatal error: ESPAsyncWebServer.h: No such file or directory
compilation terminated.
Multiple libraries were found for &#34;WiFi.h&#34;
  Used: /home/ec2-user/arduino-testlib/cli-datadir/data/packages/esp32/hardware/esp32/1.0.6/libraries/WiFi
  Not used: /home/ec2-user/arduino-testlib/cli-datadir/user/libraries/Seeed_Arduino_rpcWiFi
  Not used: /home/ec2-user/arduino-testlib/cli-datadir/user/libraries/WiFiNINA
  Not used: /home/ec2-user/arduino-testlib/cli-datadir/user/libraries/WiFi
  Not used: /home/ec2-user/arduino-testlib/cli-datadir/user/libraries/WiFiEspAT
</pre>
					
					<h4>examples/AsyncHTTPRequest_STM32</h4>
					<p>
						Result: <b>FAIL</b>
					</p>
					<pre class="pre-scrollable">In file included from /home/ec2-user/arduino-testlib/cli-datadir/user/libraries/AsyncHTTPRequest_Generic/examples/AsyncHTTPRequest_STM32/AsyncHTTPRequest_STM32.ino:43:0:
/home/ec2-user/arduino-testlib/cli-datadir/user/libraries/AsyncHTTPRequest_Generic/examples/AsyncHTTPRequest_STM32/defines.h:39:4: error: #error This code is designed to run on STM32F/L/H/G/WB/MP1 platform! Please check your Tools-&gt;Board setting.
   #error This code is designed to run on STM32F/L/H/G/WB/MP1 platform! Please check your Tools-&gt;Board setting.
    ^
In file included from /home/ec2-user/arduino-testlib/cli-datadir/user/libraries/STM32duino_STM32Ethernet/src/EthernetClient.h:7:0,
                 from /home/ec2-user/arduino-testlib/cli-datadir/user/libraries/STM32duino_STM32Ethernet/src/STM32Ethernet.h:6,
                 from /home/ec2-user/arduino-testlib/cli-datadir/user/libraries/AsyncHTTPRequest_Generic/examples/AsyncHTTPRequest_STM32/defines.h:100,
                 from /home/ec2-user/arduino-testlib/cli-datadir/user/libraries/AsyncHTTPRequest_Generic/examples/AsyncHTTPRequest_STM32/AsyncHTTPRequest_STM32.ino:43:
/home/ec2-user/arduino-testlib/cli-datadir/user/libraries/STM32duino_STM32Ethernet/src/utility/stm32_eth.h:42:23: fatal error: stm32_def.h: No such file or directory
compilation terminated.

</pre>
					
					<h4>examples/AsyncSimpleGET_STM32</h4>
					<p>
						Result: <b>FAIL</b>
					</p>
					<pre class="pre-scrollable">In file included from /home/ec2-user/arduino-testlib/cli-datadir/user/libraries/AsyncHTTPRequest_Generic/examples/AsyncSimpleGET_STM32/AsyncSimpleGET_STM32.ino:21:0:
/home/ec2-user/arduino-testlib/cli-datadir/user/libraries/AsyncHTTPRequest_Generic/examples/AsyncSimpleGET_STM32/defines.h:39:2: error: #error This code is designed to run on STM32F/L/H/G/WB/MP1 platform! Please check your Tools-&gt;Board setting.
 #error This code is designed to run on STM32F/L/H/G/WB/MP1 platform! Please check your Tools-&gt;Board setting.
  ^
In file included from /home/ec2-user/arduino-testlib/cli-datadir/user/libraries/STM32duino_STM32Ethernet/src/EthernetClient.h:7:0,
                 from /home/ec2-user/arduino-testlib/cli-datadir/user/libraries/STM32duino_STM32Ethernet/src/STM32Ethernet.h:6,
                 from /home/ec2-user/arduino-testlib/cli-datadir/user/libraries/AsyncHTTPRequest_Generic/examples/AsyncSimpleGET_STM32/defines.h:100,
                 from /home/ec2-user/arduino-testlib/cli-datadir/user/libraries/AsyncHTTPRequest_Generic/examples/AsyncSimpleGET_STM32/AsyncSimpleGET_STM32.ino:21:
/home/ec2-user/arduino-testlib/cli-datadir/user/libraries/STM32duino_STM32Ethernet/src/utility/stm32_eth.h:42:23: fatal error: stm32_def.h: No such file or directory
compilation terminated.

</pre>
					
					<h4>examples/AsyncWebClientRepeating_STM32</h4>
					<p>
						Result: <b>FAIL</b>
					</p>
					<pre class="pre-scrollable">In file included from /home/ec2-user/arduino-testlib/cli-datadir/user/libraries/AsyncHTTPRequest_Generic/examples/AsyncWebClientRepeating_STM32/AsyncWebClientRepeating_STM32.ino:21:0:
/home/ec2-user/arduino-testlib/cli-datadir/user/libraries/AsyncHTTPRequest_Generic/examples/AsyncWebClientRepeating_STM32/defines.h:39:4: error: #error This code is designed to run on STM32F/L/H/G/WB/MP1 platform! Please check your Tools-&gt;Board setting.
   #error This code is designed to run on STM32F/L/H/G/WB/MP1 platform! Please check your Tools-&gt;Board setting.
    ^
In file included from /home/ec2-user/arduino-testlib/cli-datadir/user/libraries/STM32duino_STM32Ethernet/src/EthernetClient.h:7:0,
                 from /home/ec2-user/arduino-testlib/cli-datadir/user/libraries/STM32duino_STM32Ethernet/src/STM32Ethernet.h:6,
                 from /home/ec2-user/arduino-testlib/cli-datadir/user/libraries/AsyncHTTPRequest_Generic/examples/AsyncWebClientRepeating_STM32/defines.h:100,
                 from /home/ec2-user/arduino-testlib/cli-datadir/user/libraries/AsyncHTTPRequest_Generic/examples/AsyncWebClientRepeating_STM32/AsyncWebClientRepeating_STM32.ino:21:
/home/ec2-user/arduino-testlib/cli-datadir/user/libraries/STM32duino_STM32Ethernet/src/utility/stm32_eth.h:42:23: fatal error: stm32_def.h: No such file or directory
compilation terminated.

</pre>
					
					<h4>examples/STM32_LAN8720</h4>
					<p>
						Result: <b>FAIL</b>
					</p>
					<pre class="pre-scrollable"></pre>
					
					<h4>examples/WT32_ETH01</h4>
					<p>
						Result: <b>FAIL</b>
					</p>
					<pre class="pre-scrollable"></pre>
					
					<h4>examples/multiFileProject</h4>
					<p>
						Result: <b>FAIL</b>
					</p>
					<pre class="pre-scrollable">In file included from /home/ec2-user/arduino-testlib/cli-datadir/user/libraries/AsyncHTTPRequest_Generic/examples/multiFileProject/multiFileProject.h:18:0,
                 from /home/ec2-user/arduino-testlib/cli-datadir/user/libraries/AsyncHTTPRequest_Generic/examples/multiFileProject/multiFileProject.ino:25:
/home/ec2-user/arduino-testlib/cli-datadir/user/libraries/AsyncHTTPRequest_Generic/src/AsyncHTTPRequest_Generic.hpp:77:24: fatal error: AsyncTCP.h: No such file or directory
compilation terminated.

</pre>
					
				
			</div>
		</div>
	</div>
  </body>
</html>
