
<!doctype html>
<html lang="en">
  <head>
    <meta charset="utf-8">
    <meta name="viewport" content="width=device-width, initial-scale=1">
    <link href="https://cdn.jsdelivr.net/npm/bootstrap@5.0.2/dist/css/bootstrap.min.css" rel="stylesheet" integrity="sha384-EVSTQN3/azprG1Anm3QDgpJLIm9Nao0Yz1ztcQTwFspd3yD65VohhpuuCOmLASjC" crossorigin="anonymous">
    <title>arduino-testlib report</title>
	<style>
	.pass { background-color: #00FF00 !important; }
	.fail { background-color: #FF0000 !important; }
	</style>
  </head>
  <body>
	<div class="container">
		<div class="row">
			<div class="col">
				<h1>AVRUtils - compatibility matrix</h1>
				<p>
					<small>This report was generated on Monday, 21-Feb-22 12:00:25 CET using 
					<a href="https://github.com/alranel/arduino-testlib">arduino-testlib</a>.</small>
				</p>

				<h2>AVRUtils</h2>
				<p>
					Version: <b>1.3.0</b>
					<br />
					<a href="https://www.arduino.cc/reference/en/libraries/avrutils/">More details</a>
				</p>

				<h2>Compatibility matrix</h2>
				<table class="table table-bordered">
					<tr>
						<th>Board</th>
						<th>Claims compatibility</th>
						<th>Inclusion</th>
						
						<th><pre>AVRUtils</pre></th>
						
					</tr>
					
					<tr>
						<td>
							<a href="#arduino%3aavr%3auno"><b>arduino:avr:uno</b></a>
							<br />
							<small>1.8.4</small>
						</td>

						
							<td>Yes</td>
							<td class="pass">PASS</td>
						
						
						
						

						
							
								
									
										
											<td class="pass">PASS</td>
											
										
									
								
							
								
							
								
							
								
							
								
							
						
					</tr>
					
					<tr>
						<td>
							<a href="#arduino%3ambed_nano%3ananorp2040connect"><b>arduino:mbed_nano:nanorp2040connect</b></a>
							<br />
							<small>2.7.2</small>
						</td>

						
						
						
							<td>Yes ⚠️</td>
							<td class="fail">FAIL</td>
						
						

						
							
								
							
								
									
										
											
											<td class="fail">FAIL</td>
										
									
								
							
								
							
								
							
								
							
						
					</tr>
					
					<tr>
						<td>
							<a href="#arduino%3amegaavr%3anona4809"><b>arduino:megaavr:nona4809</b></a>
							<br />
							<small>1.8.7</small>
						</td>

						
						
						
							<td>Yes ⚠️</td>
							<td class="fail">FAIL</td>
						
						

						
							
								
							
								
							
								
									
										
											
											<td class="fail">FAIL</td>
										
									
								
							
								
							
								
							
						
					</tr>
					
					<tr>
						<td>
							<a href="#arduino%3asamd%3amkrwifi1010"><b>arduino:samd:mkrwifi1010</b></a>
							<br />
							<small>1.8.12</small>
						</td>

						
						
						
							<td>Yes ⚠️</td>
							<td class="fail">FAIL</td>
						
						

						
							
								
							
								
							
								
							
								
									
										
											
											<td class="fail">FAIL</td>
										
									
								
							
								
							
						
					</tr>
					
					<tr>
						<td>
							<a href="#esp32%3aesp32%3ad1_mini32"><b>esp32:esp32:d1_mini32</b></a>
							<br />
							<small>1.0.6</small>
						</td>

						
						
						
							<td>Yes ⚠️</td>
							<td class="fail">FAIL</td>
						
						

						
							
								
							
								
							
								
							
								
							
								
									
										
											
											<td class="fail">FAIL</td>
										
									
								
							
						
					</tr>
					
				</table>

				<h2>Compilation logs</h2>
				
				<h3 id="arduino:avr:uno">arduino:avr:uno @ 1.8.4</h3>
				<h4>Inclusion</h4>
				<p>
					Result: <b>PASS</b>
					
				</p>
				<pre class="pre-scrollable">Sketch uses 444 bytes (1%) of program storage space. Maximum is 32256 bytes.
Global variables use 9 bytes (0%) of dynamic memory, leaving 2039 bytes for local variables. Maximum is 2048 bytes.
</pre>

					
					<h4>examples/AVRUtils</h4>
					<p>
						Result: <b>PASS</b>
					</p>
					<pre class="pre-scrollable">Sketch uses 4280 bytes (13%) of program storage space. Maximum is 32256 bytes.
Global variables use 208 bytes (10%) of dynamic memory, leaving 1840 bytes for local variables. Maximum is 2048 bytes.
</pre>
					
				
				<h3 id="arduino:mbed_nano:nanorp2040connect">arduino:mbed_nano:nanorp2040connect @ 2.7.2</h3>
				<h4>Inclusion</h4>
				<p>
					Result: <b>FAIL</b>
					
				</p>
				<pre class="pre-scrollable">/home/ec2-user/arduino-testlib/cli-datadir/user/libraries/AVRUtils/AVRUtils.cpp:26:6: error: #error &#34;AVRUtils does not support this processor. Please verify you have the right board and/or the right processor selected.&#34;
     #error &#34;AVRUtils does not support this processor. Please verify you have the right board and/or the right processor selected.&#34;
      ^~~~~
/home/ec2-user/arduino-testlib/cli-datadir/user/libraries/AVRUtils/AVRUtils.cpp: In member function &#39;double AVRUtils::getAVRTemp()&#39;:
/home/ec2-user/arduino-testlib/cli-datadir/user/libraries/AVRUtils/AVRUtils.cpp:51:13: error: &#39;ADMUX&#39; was not declared in this scope
             ADMUX = _BV(REFS1) | _BV(REFS0) | _BV(MUX3);
             ^~~~~
/home/ec2-user/arduino-testlib/cli-datadir/user/libraries/AVRUtils/AVRUtils.cpp:51:25: error: &#39;REFS1&#39; was not declared in this scope
             ADMUX = _BV(REFS1) | _BV(REFS0) | _BV(MUX3);
                         ^~~~~
/home/ec2-user/arduino-testlib/cli-datadir/user/libraries/AVRUtils/AVRUtils.cpp:51:21: error: &#39;_BV&#39; was not declared in this scope
             ADMUX = _BV(REFS1) | _BV(REFS0) | _BV(MUX3);
                     ^~~
/home/ec2-user/arduino-testlib/cli-datadir/user/libraries/AVRUtils/AVRUtils.cpp:51:21: note: suggested alternative: &#39;_B&#39;
             ADMUX = _BV(REFS1) | _BV(REFS0) | _BV(MUX3);
                     ^~~
                     _B
/home/ec2-user/arduino-testlib/cli-datadir/user/libraries/AVRUtils/AVRUtils.cpp:51:38: error: &#39;REFS0&#39; was not declared in this scope
             ADMUX = _BV(REFS1) | _BV(REFS0) | _BV(MUX3);
                                      ^~~~~
/home/ec2-user/arduino-testlib/cli-datadir/user/libraries/AVRUtils/AVRUtils.cpp:51:51: error: &#39;MUX3&#39; was not declared in this scope
             ADMUX = _BV(REFS1) | _BV(REFS0) | _BV(MUX3);
                                                   ^~~~
/home/ec2-user/arduino-testlib/cli-datadir/user/libraries/AVRUtils/AVRUtils.cpp:51:51: note: suggested alternative: &#39;MAX&#39;
             ADMUX = _BV(REFS1) | _BV(REFS0) | _BV(MUX3);
                                                   ^~~~
                                                   MAX
/home/ec2-user/arduino-testlib/cli-datadir/user/libraries/AVRUtils/AVRUtils.cpp:55:9: error: &#39;ADCSRA&#39; was not declared in this scope
         ADCSRA |= _BV(ADSC); // Start conversion
         ^~~~~~
/home/ec2-user/arduino-testlib/cli-datadir/user/libraries/AVRUtils/AVRUtils.cpp:55:9: note: suggested alternative: &#39;ADC0&#39;
         ADCSRA |= _BV(ADSC); // Start conversion
         ^~~~~~
         ADC0
/home/ec2-user/arduino-testlib/cli-datadir/user/libraries/AVRUtils/AVRUtils.cpp:55:23: error: &#39;ADSC&#39; was not declared in this scope
         ADCSRA |= _BV(ADSC); // Start conversion
                       ^~~~
/home/ec2-user/arduino-testlib/cli-datadir/user/libraries/AVRUtils/AVRUtils.cpp:55:23: note: suggested alternative: &#39;ADC0&#39;
         ADCSRA |= _BV(ADSC); // Start conversion
                       ^~~~
                       ADC0
/home/ec2-user/arduino-testlib/cli-datadir/user/libraries/AVRUtils/AVRUtils.cpp:56:16: error: &#39;bit_is_set&#39; was not declared in this scope
         while (bit_is_set(ADCSRA,ADSC)); // measuring
                ^~~~~~~~~~
/home/ec2-user/arduino-testlib/cli-datadir/user/libraries/AVRUtils/AVRUtils.cpp:56:16: note: suggested alternative: &#39;timerisset&#39;
         while (bit_is_set(ADCSRA,ADSC)); // measuring
                ^~~~~~~~~~
                timerisset
/home/ec2-user/arduino-testlib/cli-datadir/user/libraries/AVRUtils/AVRUtils.cpp:58:23: error: &#39;ADCL&#39; was not declared in this scope
         uint8_t low = ADCL; // must read ADCL first - it then locks ADCH
                       ^~~~
/home/ec2-user/arduino-testlib/cli-datadir/user/libraries/AVRUtils/AVRUtils.cpp:58:23: note: suggested alternative: &#39;ADC0&#39;
         uint8_t low = ADCL; // must read ADCL first - it then locks ADCH
                       ^~~~
                       ADC0
/home/ec2-user/arduino-testlib/cli-datadir/user/libraries/AVRUtils/AVRUtils.cpp:59:24: error: &#39;ADCH&#39; was not declared in this scope
         uint8_t high = ADCH; // unlocks both
                        ^~~~
/home/ec2-user/arduino-testlib/cli-datadir/user/libraries/AVRUtils/AVRUtils.cpp:59:24: note: suggested alternative: &#39;ADC0&#39;
         uint8_t high = ADCH; // unlocks both
                        ^~~~
                        ADC0
/home/ec2-user/arduino-testlib/cli-datadir/user/libraries/AVRUtils/AVRUtils.cpp: In member function &#39;double AVRUtils::getAVRVcc()&#39;:
/home/ec2-user/arduino-testlib/cli-datadir/user/libraries/AVRUtils/AVRUtils.cpp:85:9: error: &#39;ADMUX&#39; was not declared in this scope
         ADMUX = _BV(REFS0) | _BV(MUX3) | _BV(MUX2) | _BV(MUX1);
         ^~~~~
/home/ec2-user/arduino-testlib/cli-datadir/user/libraries/AVRUtils/AVRUtils.cpp:85:21: error: &#39;REFS0&#39; was not declared in this scope
         ADMUX = _BV(REFS0) | _BV(MUX3) | _BV(MUX2) | _BV(MUX1);
                     ^~~~~
/home/ec2-user/arduino-testlib/cli-datadir/user/libraries/AVRUtils/AVRUtils.cpp:85:17: error: &#39;_BV&#39; was not declared in this scope
         ADMUX = _BV(REFS0) | _BV(MUX3) | _BV(MUX2) | _BV(MUX1);
                 ^~~
/home/ec2-user/arduino-testlib/cli-datadir/user/libraries/AVRUtils/AVRUtils.cpp:85:17: note: suggested alternative: &#39;_B&#39;
         ADMUX = _BV(REFS0) | _BV(MUX3) | _BV(MUX2) | _BV(MUX1);
                 ^~~
                 _B
/home/ec2-user/arduino-testlib/cli-datadir/user/libraries/AVRUtils/AVRUtils.cpp:85:34: error: &#39;MUX3&#39; was not declared in this scope
         ADMUX = _BV(REFS0) | _BV(MUX3) | _BV(MUX2) | _BV(MUX1);
                                  ^~~~
/home/ec2-user/arduino-testlib/cli-datadir/user/libraries/AVRUtils/AVRUtils.cpp:85:34: note: suggested alternative: &#39;MAX&#39;
         ADMUX = _BV(REFS0) | _BV(MUX3) | _BV(MUX2) | _BV(MUX1);
                                  ^~~~
                                  MAX
/home/ec2-user/arduino-testlib/cli-datadir/user/libraries/AVRUtils/AVRUtils.cpp:85:46: error: &#39;MUX2&#39; was not declared in this scope
         ADMUX = _BV(REFS0) | _BV(MUX3) | _BV(MUX2) | _BV(MUX1);
                                              ^~~~
/home/ec2-user/arduino-testlib/cli-datadir/user/libraries/AVRUtils/AVRUtils.cpp:85:46: note: suggested alternative: &#39;MAX&#39;
         ADMUX = _BV(REFS0) | _BV(MUX3) | _BV(MUX2) | _BV(MUX1);
                                              ^~~~
                                              MAX
/home/ec2-user/arduino-testlib/cli-datadir/user/libraries/AVRUtils/AVRUtils.cpp:85:58: error: &#39;MUX1&#39; was not declared in this scope
         ADMUX = _BV(REFS0) | _BV(MUX3) | _BV(MUX2) | _BV(MUX1);
                                                          ^~~~
/home/ec2-user/arduino-testlib/cli-datadir/user/libraries/AVRUtils/AVRUtils.cpp:85:58: note: suggested alternative: &#39;MAX&#39;
         ADMUX = _BV(REFS0) | _BV(MUX3) | _BV(MUX2) | _BV(MUX1);
                                                          ^~~~
                                                          MAX
/home/ec2-user/arduino-testlib/cli-datadir/user/libraries/AVRUtils/AVRUtils.cpp:89:5: error: &#39;ADCSRA&#39; was not declared in this scope
     ADCSRA |= _BV(ADSC); // Start conversion
     ^~~~~~
/home/ec2-user/arduino-testlib/cli-datadir/user/libraries/AVRUtils/AVRUtils.cpp:89:5: note: suggested alternative: &#39;ADC0&#39;
     ADCSRA |= _BV(ADSC); // Start conversion
     ^~~~~~
     ADC0
/home/ec2-user/arduino-testlib/cli-datadir/user/libraries/AVRUtils/AVRUtils.cpp:89:19: error: &#39;ADSC&#39; was not declared in this scope
     ADCSRA |= _BV(ADSC); // Start conversion
                   ^~~~
/home/ec2-user/arduino-testlib/cli-datadir/user/libraries/AVRUtils/AVRUtils.cpp:89:19: note: suggested alternative: &#39;ADC0&#39;
     ADCSRA |= _BV(ADSC); // Start conversion
                   ^~~~
                   ADC0
/home/ec2-user/arduino-testlib/cli-datadir/user/libraries/AVRUtils/AVRUtils.cpp:90:12: error: &#39;bit_is_set&#39; was not declared in this scope
     while (bit_is_set(ADCSRA,ADSC)); // measuring
            ^~~~~~~~~~
/home/ec2-user/arduino-testlib/cli-datadir/user/libraries/AVRUtils/AVRUtils.cpp:90:12: note: suggested alternative: &#39;timerisset&#39;
     while (bit_is_set(ADCSRA,ADSC)); // measuring
            ^~~~~~~~~~
            timerisset
/home/ec2-user/arduino-testlib/cli-datadir/user/libraries/AVRUtils/AVRUtils.cpp:92:20: error: &#39;ADCL&#39; was not declared in this scope
     uint8_t low  = ADCL; // must read ADCL first - it then locks ADCH
                    ^~~~
/home/ec2-user/arduino-testlib/cli-datadir/user/libraries/AVRUtils/AVRUtils.cpp:92:20: note: suggested alternative: &#39;ADC0&#39;
     uint8_t low  = ADCL; // must read ADCL first - it then locks ADCH
                    ^~~~
                    ADC0
/home/ec2-user/arduino-testlib/cli-datadir/user/libraries/AVRUtils/AVRUtils.cpp:93:20: error: &#39;ADCH&#39; was not declared in this scope
     uint8_t high = ADCH; // unlocks both
                    ^~~~
/home/ec2-user/arduino-testlib/cli-datadir/user/libraries/AVRUtils/AVRUtils.cpp:93:20: note: suggested alternative: &#39;ADC0&#39;
     uint8_t high = ADCH; // unlocks both
                    ^~~~
                    ADC0

</pre>

					
					<h4>examples/AVRUtils</h4>
					<p>
						Result: <b>FAIL</b>
					</p>
					<pre class="pre-scrollable">/home/ec2-user/arduino-testlib/cli-datadir/user/libraries/AVRUtils/AVRUtils.cpp:26:6: error: #error &#34;AVRUtils does not support this processor. Please verify you have the right board and/or the right processor selected.&#34;
     #error &#34;AVRUtils does not support this processor. Please verify you have the right board and/or the right processor selected.&#34;
      ^~~~~
/home/ec2-user/arduino-testlib/cli-datadir/user/libraries/AVRUtils/AVRUtils.cpp: In member function &#39;double AVRUtils::getAVRTemp()&#39;:
/home/ec2-user/arduino-testlib/cli-datadir/user/libraries/AVRUtils/AVRUtils.cpp:51:13: error: &#39;ADMUX&#39; was not declared in this scope
             ADMUX = _BV(REFS1) | _BV(REFS0) | _BV(MUX3);
             ^~~~~
/home/ec2-user/arduino-testlib/cli-datadir/user/libraries/AVRUtils/AVRUtils.cpp:51:25: error: &#39;REFS1&#39; was not declared in this scope
             ADMUX = _BV(REFS1) | _BV(REFS0) | _BV(MUX3);
                         ^~~~~
/home/ec2-user/arduino-testlib/cli-datadir/user/libraries/AVRUtils/AVRUtils.cpp:51:21: error: &#39;_BV&#39; was not declared in this scope
             ADMUX = _BV(REFS1) | _BV(REFS0) | _BV(MUX3);
                     ^~~
/home/ec2-user/arduino-testlib/cli-datadir/user/libraries/AVRUtils/AVRUtils.cpp:51:21: note: suggested alternative: &#39;_B&#39;
             ADMUX = _BV(REFS1) | _BV(REFS0) | _BV(MUX3);
                     ^~~
                     _B
/home/ec2-user/arduino-testlib/cli-datadir/user/libraries/AVRUtils/AVRUtils.cpp:51:38: error: &#39;REFS0&#39; was not declared in this scope
             ADMUX = _BV(REFS1) | _BV(REFS0) | _BV(MUX3);
                                      ^~~~~
/home/ec2-user/arduino-testlib/cli-datadir/user/libraries/AVRUtils/AVRUtils.cpp:51:51: error: &#39;MUX3&#39; was not declared in this scope
             ADMUX = _BV(REFS1) | _BV(REFS0) | _BV(MUX3);
                                                   ^~~~
/home/ec2-user/arduino-testlib/cli-datadir/user/libraries/AVRUtils/AVRUtils.cpp:51:51: note: suggested alternative: &#39;MAX&#39;
             ADMUX = _BV(REFS1) | _BV(REFS0) | _BV(MUX3);
                                                   ^~~~
                                                   MAX
/home/ec2-user/arduino-testlib/cli-datadir/user/libraries/AVRUtils/AVRUtils.cpp:55:9: error: &#39;ADCSRA&#39; was not declared in this scope
         ADCSRA |= _BV(ADSC); // Start conversion
         ^~~~~~
/home/ec2-user/arduino-testlib/cli-datadir/user/libraries/AVRUtils/AVRUtils.cpp:55:9: note: suggested alternative: &#39;ADC0&#39;
         ADCSRA |= _BV(ADSC); // Start conversion
         ^~~~~~
         ADC0
/home/ec2-user/arduino-testlib/cli-datadir/user/libraries/AVRUtils/AVRUtils.cpp:55:23: error: &#39;ADSC&#39; was not declared in this scope
         ADCSRA |= _BV(ADSC); // Start conversion
                       ^~~~
/home/ec2-user/arduino-testlib/cli-datadir/user/libraries/AVRUtils/AVRUtils.cpp:55:23: note: suggested alternative: &#39;ADC0&#39;
         ADCSRA |= _BV(ADSC); // Start conversion
                       ^~~~
                       ADC0
/home/ec2-user/arduino-testlib/cli-datadir/user/libraries/AVRUtils/AVRUtils.cpp:56:16: error: &#39;bit_is_set&#39; was not declared in this scope
         while (bit_is_set(ADCSRA,ADSC)); // measuring
                ^~~~~~~~~~
/home/ec2-user/arduino-testlib/cli-datadir/user/libraries/AVRUtils/AVRUtils.cpp:56:16: note: suggested alternative: &#39;timerisset&#39;
         while (bit_is_set(ADCSRA,ADSC)); // measuring
                ^~~~~~~~~~
                timerisset
/home/ec2-user/arduino-testlib/cli-datadir/user/libraries/AVRUtils/AVRUtils.cpp:58:23: error: &#39;ADCL&#39; was not declared in this scope
         uint8_t low = ADCL; // must read ADCL first - it then locks ADCH
                       ^~~~
/home/ec2-user/arduino-testlib/cli-datadir/user/libraries/AVRUtils/AVRUtils.cpp:58:23: note: suggested alternative: &#39;ADC0&#39;
         uint8_t low = ADCL; // must read ADCL first - it then locks ADCH
                       ^~~~
                       ADC0
/home/ec2-user/arduino-testlib/cli-datadir/user/libraries/AVRUtils/AVRUtils.cpp:59:24: error: &#39;ADCH&#39; was not declared in this scope
         uint8_t high = ADCH; // unlocks both
                        ^~~~
/home/ec2-user/arduino-testlib/cli-datadir/user/libraries/AVRUtils/AVRUtils.cpp:59:24: note: suggested alternative: &#39;ADC0&#39;
         uint8_t high = ADCH; // unlocks both
                        ^~~~
                        ADC0
/home/ec2-user/arduino-testlib/cli-datadir/user/libraries/AVRUtils/AVRUtils.cpp: In member function &#39;double AVRUtils::getAVRVcc()&#39;:
/home/ec2-user/arduino-testlib/cli-datadir/user/libraries/AVRUtils/AVRUtils.cpp:85:9: error: &#39;ADMUX&#39; was not declared in this scope
         ADMUX = _BV(REFS0) | _BV(MUX3) | _BV(MUX2) | _BV(MUX1);
         ^~~~~
/home/ec2-user/arduino-testlib/cli-datadir/user/libraries/AVRUtils/AVRUtils.cpp:85:21: error: &#39;REFS0&#39; was not declared in this scope
         ADMUX = _BV(REFS0) | _BV(MUX3) | _BV(MUX2) | _BV(MUX1);
                     ^~~~~
/home/ec2-user/arduino-testlib/cli-datadir/user/libraries/AVRUtils/AVRUtils.cpp:85:17: error: &#39;_BV&#39; was not declared in this scope
         ADMUX = _BV(REFS0) | _BV(MUX3) | _BV(MUX2) | _BV(MUX1);
                 ^~~
/home/ec2-user/arduino-testlib/cli-datadir/user/libraries/AVRUtils/AVRUtils.cpp:85:17: note: suggested alternative: &#39;_B&#39;
         ADMUX = _BV(REFS0) | _BV(MUX3) | _BV(MUX2) | _BV(MUX1);
                 ^~~
                 _B
/home/ec2-user/arduino-testlib/cli-datadir/user/libraries/AVRUtils/AVRUtils.cpp:85:34: error: &#39;MUX3&#39; was not declared in this scope
         ADMUX = _BV(REFS0) | _BV(MUX3) | _BV(MUX2) | _BV(MUX1);
                                  ^~~~
/home/ec2-user/arduino-testlib/cli-datadir/user/libraries/AVRUtils/AVRUtils.cpp:85:34: note: suggested alternative: &#39;MAX&#39;
         ADMUX = _BV(REFS0) | _BV(MUX3) | _BV(MUX2) | _BV(MUX1);
                                  ^~~~
                                  MAX
/home/ec2-user/arduino-testlib/cli-datadir/user/libraries/AVRUtils/AVRUtils.cpp:85:46: error: &#39;MUX2&#39; was not declared in this scope
         ADMUX = _BV(REFS0) | _BV(MUX3) | _BV(MUX2) | _BV(MUX1);
                                              ^~~~
/home/ec2-user/arduino-testlib/cli-datadir/user/libraries/AVRUtils/AVRUtils.cpp:85:46: note: suggested alternative: &#39;MAX&#39;
         ADMUX = _BV(REFS0) | _BV(MUX3) | _BV(MUX2) | _BV(MUX1);
                                              ^~~~
                                              MAX
/home/ec2-user/arduino-testlib/cli-datadir/user/libraries/AVRUtils/AVRUtils.cpp:85:58: error: &#39;MUX1&#39; was not declared in this scope
         ADMUX = _BV(REFS0) | _BV(MUX3) | _BV(MUX2) | _BV(MUX1);
                                                          ^~~~
/home/ec2-user/arduino-testlib/cli-datadir/user/libraries/AVRUtils/AVRUtils.cpp:85:58: note: suggested alternative: &#39;MAX&#39;
         ADMUX = _BV(REFS0) | _BV(MUX3) | _BV(MUX2) | _BV(MUX1);
                                                          ^~~~
                                                          MAX
/home/ec2-user/arduino-testlib/cli-datadir/user/libraries/AVRUtils/AVRUtils.cpp:89:5: error: &#39;ADCSRA&#39; was not declared in this scope
     ADCSRA |= _BV(ADSC); // Start conversion
     ^~~~~~
/home/ec2-user/arduino-testlib/cli-datadir/user/libraries/AVRUtils/AVRUtils.cpp:89:5: note: suggested alternative: &#39;ADC0&#39;
     ADCSRA |= _BV(ADSC); // Start conversion
     ^~~~~~
     ADC0
/home/ec2-user/arduino-testlib/cli-datadir/user/libraries/AVRUtils/AVRUtils.cpp:89:19: error: &#39;ADSC&#39; was not declared in this scope
     ADCSRA |= _BV(ADSC); // Start conversion
                   ^~~~
/home/ec2-user/arduino-testlib/cli-datadir/user/libraries/AVRUtils/AVRUtils.cpp:89:19: note: suggested alternative: &#39;ADC0&#39;
     ADCSRA |= _BV(ADSC); // Start conversion
                   ^~~~
                   ADC0
/home/ec2-user/arduino-testlib/cli-datadir/user/libraries/AVRUtils/AVRUtils.cpp:90:12: error: &#39;bit_is_set&#39; was not declared in this scope
     while (bit_is_set(ADCSRA,ADSC)); // measuring
            ^~~~~~~~~~
/home/ec2-user/arduino-testlib/cli-datadir/user/libraries/AVRUtils/AVRUtils.cpp:90:12: note: suggested alternative: &#39;timerisset&#39;
     while (bit_is_set(ADCSRA,ADSC)); // measuring
            ^~~~~~~~~~
            timerisset
/home/ec2-user/arduino-testlib/cli-datadir/user/libraries/AVRUtils/AVRUtils.cpp:92:20: error: &#39;ADCL&#39; was not declared in this scope
     uint8_t low  = ADCL; // must read ADCL first - it then locks ADCH
                    ^~~~
/home/ec2-user/arduino-testlib/cli-datadir/user/libraries/AVRUtils/AVRUtils.cpp:92:20: note: suggested alternative: &#39;ADC0&#39;
     uint8_t low  = ADCL; // must read ADCL first - it then locks ADCH
                    ^~~~
                    ADC0
/home/ec2-user/arduino-testlib/cli-datadir/user/libraries/AVRUtils/AVRUtils.cpp:93:20: error: &#39;ADCH&#39; was not declared in this scope
     uint8_t high = ADCH; // unlocks both
                    ^~~~
/home/ec2-user/arduino-testlib/cli-datadir/user/libraries/AVRUtils/AVRUtils.cpp:93:20: note: suggested alternative: &#39;ADC0&#39;
     uint8_t high = ADCH; // unlocks both
                    ^~~~
                    ADC0

</pre>
					
				
				<h3 id="arduino:megaavr:nona4809">arduino:megaavr:nona4809 @ 1.8.7</h3>
				<h4>Inclusion</h4>
				<p>
					Result: <b>FAIL</b>
					
				</p>
				<pre class="pre-scrollable">/home/ec2-user/arduino-testlib/cli-datadir/user/libraries/AVRUtils/AVRUtils.cpp:26:6: error: #error &#34;AVRUtils does not support this processor. Please verify you have the right board and/or the right processor selected.&#34;
     #error &#34;AVRUtils does not support this processor. Please verify you have the right board and/or the right processor selected.&#34;
      ^~~~~
/home/ec2-user/arduino-testlib/cli-datadir/user/libraries/AVRUtils/AVRUtils.cpp: In member function &#39;double AVRUtils::getAVRTemp()&#39;:
/home/ec2-user/arduino-testlib/cli-datadir/user/libraries/AVRUtils/AVRUtils.cpp:51:13: error: &#39;ADMUX&#39; was not declared in this scope
             ADMUX = _BV(REFS1) | _BV(REFS0) | _BV(MUX3);
             ^~~~~
In file included from /home/ec2-user/arduino-testlib/cli-datadir/data/packages/arduino/tools/avr-gcc/7.3.0-atmel3.6.1-arduino5/avr/include/avr/io.h:99:0,
                 from /home/ec2-user/arduino-testlib/cli-datadir/data/packages/arduino/tools/avr-gcc/7.3.0-atmel3.6.1-arduino5/avr/include/avr/pgmspace.h:90,
                 from /home/ec2-user/arduino-testlib/cli-datadir/data/packages/arduino/hardware/megaavr/1.8.7/cores/arduino/api/String.h:31,
                 from /home/ec2-user/arduino-testlib/cli-datadir/data/packages/arduino/hardware/megaavr/1.8.7/cores/arduino/api/IPAddress.h:24,
                 from /home/ec2-user/arduino-testlib/cli-datadir/data/packages/arduino/hardware/megaavr/1.8.7/cores/arduino/api/ArduinoAPI.h:30,
                 from /home/ec2-user/arduino-testlib/cli-datadir/data/packages/arduino/hardware/megaavr/1.8.7/cores/arduino/Arduino.h:23,
                 from /home/ec2-user/arduino-testlib/cli-datadir/user/libraries/AVRUtils/AVRUtils.h:23,
                 from /home/ec2-user/arduino-testlib/cli-datadir/user/libraries/AVRUtils/AVRUtils.cpp:20:
/home/ec2-user/arduino-testlib/cli-datadir/user/libraries/AVRUtils/AVRUtils.cpp:51:25: error: &#39;REFS1&#39; was not declared in this scope
             ADMUX = _BV(REFS1) | _BV(REFS0) | _BV(MUX3);
                         ^
/home/ec2-user/arduino-testlib/cli-datadir/user/libraries/AVRUtils/AVRUtils.cpp:51:25: note: suggested alternative: &#39;VREF_t&#39;
/home/ec2-user/arduino-testlib/cli-datadir/user/libraries/AVRUtils/AVRUtils.cpp:51:38: error: &#39;REFS0&#39; was not declared in this scope
             ADMUX = _BV(REFS1) | _BV(REFS0) | _BV(MUX3);
                                      ^
/home/ec2-user/arduino-testlib/cli-datadir/user/libraries/AVRUtils/AVRUtils.cpp:51:38: note: suggested alternative: &#39;VREF_t&#39;
/home/ec2-user/arduino-testlib/cli-datadir/user/libraries/AVRUtils/AVRUtils.cpp:51:51: error: &#39;MUX3&#39; was not declared in this scope
             ADMUX = _BV(REFS1) | _BV(REFS0) | _BV(MUX3);
                                                   ^
/home/ec2-user/arduino-testlib/cli-datadir/user/libraries/AVRUtils/AVRUtils.cpp:55:9: error: &#39;ADCSRA&#39; was not declared in this scope
         ADCSRA |= _BV(ADSC); // Start conversion
         ^~~~~~
/home/ec2-user/arduino-testlib/cli-datadir/user/libraries/AVRUtils/AVRUtils.cpp:55:9: note: suggested alternative: &#39;ADC_t&#39;
         ADCSRA |= _BV(ADSC); // Start conversion
         ^~~~~~
         ADC_t
In file included from /home/ec2-user/arduino-testlib/cli-datadir/data/packages/arduino/tools/avr-gcc/7.3.0-atmel3.6.1-arduino5/avr/include/avr/io.h:99:0,
                 from /home/ec2-user/arduino-testlib/cli-datadir/data/packages/arduino/tools/avr-gcc/7.3.0-atmel3.6.1-arduino5/avr/include/avr/pgmspace.h:90,
                 from /home/ec2-user/arduino-testlib/cli-datadir/data/packages/arduino/hardware/megaavr/1.8.7/cores/arduino/api/String.h:31,
                 from /home/ec2-user/arduino-testlib/cli-datadir/data/packages/arduino/hardware/megaavr/1.8.7/cores/arduino/api/IPAddress.h:24,
                 from /home/ec2-user/arduino-testlib/cli-datadir/data/packages/arduino/hardware/megaavr/1.8.7/cores/arduino/api/ArduinoAPI.h:30,
                 from /home/ec2-user/arduino-testlib/cli-datadir/data/packages/arduino/hardware/megaavr/1.8.7/cores/arduino/Arduino.h:23,
                 from /home/ec2-user/arduino-testlib/cli-datadir/user/libraries/AVRUtils/AVRUtils.h:23,
                 from /home/ec2-user/arduino-testlib/cli-datadir/user/libraries/AVRUtils/AVRUtils.cpp:20:
/home/ec2-user/arduino-testlib/cli-datadir/user/libraries/AVRUtils/AVRUtils.cpp:55:23: error: &#39;ADSC&#39; was not declared in this scope
         ADCSRA |= _BV(ADSC); // Start conversion
                       ^
/home/ec2-user/arduino-testlib/cli-datadir/user/libraries/AVRUtils/AVRUtils.cpp:55:23: note: suggested alternative: &#39;DDRC&#39;
/home/ec2-user/arduino-testlib/cli-datadir/user/libraries/AVRUtils/AVRUtils.cpp:58:23: error: &#39;ADCL&#39; was not declared in this scope
         uint8_t low = ADCL; // must read ADCL first - it then locks ADCH
                       ^~~~
/home/ec2-user/arduino-testlib/cli-datadir/user/libraries/AVRUtils/AVRUtils.cpp:58:23: note: suggested alternative: &#39;ADC0&#39;
         uint8_t low = ADCL; // must read ADCL first - it then locks ADCH
                       ^~~~
                       ADC0
/home/ec2-user/arduino-testlib/cli-datadir/user/libraries/AVRUtils/AVRUtils.cpp:59:24: error: &#39;ADCH&#39; was not declared in this scope
         uint8_t high = ADCH; // unlocks both
                        ^~~~
/home/ec2-user/arduino-testlib/cli-datadir/user/libraries/AVRUtils/AVRUtils.cpp:59:24: note: suggested alternative: &#39;ADC0&#39;
         uint8_t high = ADCH; // unlocks both
                        ^~~~
                        ADC0
/home/ec2-user/arduino-testlib/cli-datadir/user/libraries/AVRUtils/AVRUtils.cpp: In member function &#39;double AVRUtils::getAVRVcc()&#39;:
/home/ec2-user/arduino-testlib/cli-datadir/user/libraries/AVRUtils/AVRUtils.cpp:85:9: error: &#39;ADMUX&#39; was not declared in this scope
         ADMUX = _BV(REFS0) | _BV(MUX3) | _BV(MUX2) | _BV(MUX1);
         ^~~~~
In file included from /home/ec2-user/arduino-testlib/cli-datadir/data/packages/arduino/tools/avr-gcc/7.3.0-atmel3.6.1-arduino5/avr/include/avr/io.h:99:0,
                 from /home/ec2-user/arduino-testlib/cli-datadir/data/packages/arduino/tools/avr-gcc/7.3.0-atmel3.6.1-arduino5/avr/include/avr/pgmspace.h:90,
                 from /home/ec2-user/arduino-testlib/cli-datadir/data/packages/arduino/hardware/megaavr/1.8.7/cores/arduino/api/String.h:31,
                 from /home/ec2-user/arduino-testlib/cli-datadir/data/packages/arduino/hardware/megaavr/1.8.7/cores/arduino/api/IPAddress.h:24,
                 from /home/ec2-user/arduino-testlib/cli-datadir/data/packages/arduino/hardware/megaavr/1.8.7/cores/arduino/api/ArduinoAPI.h:30,
                 from /home/ec2-user/arduino-testlib/cli-datadir/data/packages/arduino/hardware/megaavr/1.8.7/cores/arduino/Arduino.h:23,
                 from /home/ec2-user/arduino-testlib/cli-datadir/user/libraries/AVRUtils/AVRUtils.h:23,
                 from /home/ec2-user/arduino-testlib/cli-datadir/user/libraries/AVRUtils/AVRUtils.cpp:20:
/home/ec2-user/arduino-testlib/cli-datadir/user/libraries/AVRUtils/AVRUtils.cpp:85:21: error: &#39;REFS0&#39; was not declared in this scope
         ADMUX = _BV(REFS0) | _BV(MUX3) | _BV(MUX2) | _BV(MUX1);
                     ^
/home/ec2-user/arduino-testlib/cli-datadir/user/libraries/AVRUtils/AVRUtils.cpp:85:21: note: suggested alternative: &#39;VREF_t&#39;
/home/ec2-user/arduino-testlib/cli-datadir/user/libraries/AVRUtils/AVRUtils.cpp:85:34: error: &#39;MUX3&#39; was not declared in this scope
         ADMUX = _BV(REFS0) | _BV(MUX3) | _BV(MUX2) | _BV(MUX1);
                                  ^
/home/ec2-user/arduino-testlib/cli-datadir/user/libraries/AVRUtils/AVRUtils.cpp:85:46: error: &#39;MUX2&#39; was not declared in this scope
         ADMUX = _BV(REFS0) | _BV(MUX3) | _BV(MUX2) | _BV(MUX1);
                                              ^
/home/ec2-user/arduino-testlib/cli-datadir/user/libraries/AVRUtils/AVRUtils.cpp:85:58: error: &#39;MUX1&#39; was not declared in this scope
         ADMUX = _BV(REFS0) | _BV(MUX3) | _BV(MUX2) | _BV(MUX1);
                                                          ^
/home/ec2-user/arduino-testlib/cli-datadir/user/libraries/AVRUtils/AVRUtils.cpp:89:5: error: &#39;ADCSRA&#39; was not declared in this scope
     ADCSRA |= _BV(ADSC); // Start conversion
     ^~~~~~
/home/ec2-user/arduino-testlib/cli-datadir/user/libraries/AVRUtils/AVRUtils.cpp:89:5: note: suggested alternative: &#39;ADC_t&#39;
     ADCSRA |= _BV(ADSC); // Start conversion
     ^~~~~~
     ADC_t
In file included from /home/ec2-user/arduino-testlib/cli-datadir/data/packages/arduino/tools/avr-gcc/7.3.0-atmel3.6.1-arduino5/avr/include/avr/io.h:99:0,
                 from /home/ec2-user/arduino-testlib/cli-datadir/data/packages/arduino/tools/avr-gcc/7.3.0-atmel3.6.1-arduino5/avr/include/avr/pgmspace.h:90,
                 from /home/ec2-user/arduino-testlib/cli-datadir/data/packages/arduino/hardware/megaavr/1.8.7/cores/arduino/api/String.h:31,
                 from /home/ec2-user/arduino-testlib/cli-datadir/data/packages/arduino/hardware/megaavr/1.8.7/cores/arduino/api/IPAddress.h:24,
                 from /home/ec2-user/arduino-testlib/cli-datadir/data/packages/arduino/hardware/megaavr/1.8.7/cores/arduino/api/ArduinoAPI.h:30,
                 from /home/ec2-user/arduino-testlib/cli-datadir/data/packages/arduino/hardware/megaavr/1.8.7/cores/arduino/Arduino.h:23,
                 from /home/ec2-user/arduino-testlib/cli-datadir/user/libraries/AVRUtils/AVRUtils.h:23,
                 from /home/ec2-user/arduino-testlib/cli-datadir/user/libraries/AVRUtils/AVRUtils.cpp:20:
/home/ec2-user/arduino-testlib/cli-datadir/user/libraries/AVRUtils/AVRUtils.cpp:89:19: error: &#39;ADSC&#39; was not declared in this scope
     ADCSRA |= _BV(ADSC); // Start conversion
                   ^
/home/ec2-user/arduino-testlib/cli-datadir/user/libraries/AVRUtils/AVRUtils.cpp:89:19: note: suggested alternative: &#39;DDRC&#39;
/home/ec2-user/arduino-testlib/cli-datadir/user/libraries/AVRUtils/AVRUtils.cpp:92:20: error: &#39;ADCL&#39; was not declared in this scope
     uint8_t low  = ADCL; // must read ADCL first - it then locks ADCH
    </pre>

					
					<h4>examples/AVRUtils</h4>
					<p>
						Result: <b>FAIL</b>
					</p>
					<pre class="pre-scrollable">/home/ec2-user/arduino-testlib/cli-datadir/user/libraries/AVRUtils/AVRUtils.cpp:26:6: error: #error &#34;AVRUtils does not support this processor. Please verify you have the right board and/or the right processor selected.&#34;
     #error &#34;AVRUtils does not support this processor. Please verify you have the right board and/or the right processor selected.&#34;
      ^~~~~
/home/ec2-user/arduino-testlib/cli-datadir/user/libraries/AVRUtils/AVRUtils.cpp: In member function &#39;double AVRUtils::getAVRTemp()&#39;:
/home/ec2-user/arduino-testlib/cli-datadir/user/libraries/AVRUtils/AVRUtils.cpp:51:13: error: &#39;ADMUX&#39; was not declared in this scope
             ADMUX = _BV(REFS1) | _BV(REFS0) | _BV(MUX3);
             ^~~~~
In file included from /home/ec2-user/arduino-testlib/cli-datadir/data/packages/arduino/tools/avr-gcc/7.3.0-atmel3.6.1-arduino5/avr/include/avr/io.h:99:0,
                 from /home/ec2-user/arduino-testlib/cli-datadir/data/packages/arduino/tools/avr-gcc/7.3.0-atmel3.6.1-arduino5/avr/include/avr/pgmspace.h:90,
                 from /home/ec2-user/arduino-testlib/cli-datadir/data/packages/arduino/hardware/megaavr/1.8.7/cores/arduino/api/String.h:31,
                 from /home/ec2-user/arduino-testlib/cli-datadir/data/packages/arduino/hardware/megaavr/1.8.7/cores/arduino/api/IPAddress.h:24,
                 from /home/ec2-user/arduino-testlib/cli-datadir/data/packages/arduino/hardware/megaavr/1.8.7/cores/arduino/api/ArduinoAPI.h:30,
                 from /home/ec2-user/arduino-testlib/cli-datadir/data/packages/arduino/hardware/megaavr/1.8.7/cores/arduino/Arduino.h:23,
                 from /home/ec2-user/arduino-testlib/cli-datadir/user/libraries/AVRUtils/AVRUtils.h:23,
                 from /home/ec2-user/arduino-testlib/cli-datadir/user/libraries/AVRUtils/AVRUtils.cpp:20:
/home/ec2-user/arduino-testlib/cli-datadir/user/libraries/AVRUtils/AVRUtils.cpp:51:25: error: &#39;REFS1&#39; was not declared in this scope
             ADMUX = _BV(REFS1) | _BV(REFS0) | _BV(MUX3);
                         ^
/home/ec2-user/arduino-testlib/cli-datadir/user/libraries/AVRUtils/AVRUtils.cpp:51:25: note: suggested alternative: &#39;VREF_t&#39;
/home/ec2-user/arduino-testlib/cli-datadir/user/libraries/AVRUtils/AVRUtils.cpp:51:38: error: &#39;REFS0&#39; was not declared in this scope
             ADMUX = _BV(REFS1) | _BV(REFS0) | _BV(MUX3);
                                      ^
/home/ec2-user/arduino-testlib/cli-datadir/user/libraries/AVRUtils/AVRUtils.cpp:51:38: note: suggested alternative: &#39;VREF_t&#39;
/home/ec2-user/arduino-testlib/cli-datadir/user/libraries/AVRUtils/AVRUtils.cpp:51:51: error: &#39;MUX3&#39; was not declared in this scope
             ADMUX = _BV(REFS1) | _BV(REFS0) | _BV(MUX3);
                                                   ^
/home/ec2-user/arduino-testlib/cli-datadir/user/libraries/AVRUtils/AVRUtils.cpp:55:9: error: &#39;ADCSRA&#39; was not declared in this scope
         ADCSRA |= _BV(ADSC); // Start conversion
         ^~~~~~
/home/ec2-user/arduino-testlib/cli-datadir/user/libraries/AVRUtils/AVRUtils.cpp:55:9: note: suggested alternative: &#39;ADC_t&#39;
         ADCSRA |= _BV(ADSC); // Start conversion
         ^~~~~~
         ADC_t
In file included from /home/ec2-user/arduino-testlib/cli-datadir/data/packages/arduino/tools/avr-gcc/7.3.0-atmel3.6.1-arduino5/avr/include/avr/io.h:99:0,
                 from /home/ec2-user/arduino-testlib/cli-datadir/data/packages/arduino/tools/avr-gcc/7.3.0-atmel3.6.1-arduino5/avr/include/avr/pgmspace.h:90,
                 from /home/ec2-user/arduino-testlib/cli-datadir/data/packages/arduino/hardware/megaavr/1.8.7/cores/arduino/api/String.h:31,
                 from /home/ec2-user/arduino-testlib/cli-datadir/data/packages/arduino/hardware/megaavr/1.8.7/cores/arduino/api/IPAddress.h:24,
                 from /home/ec2-user/arduino-testlib/cli-datadir/data/packages/arduino/hardware/megaavr/1.8.7/cores/arduino/api/ArduinoAPI.h:30,
                 from /home/ec2-user/arduino-testlib/cli-datadir/data/packages/arduino/hardware/megaavr/1.8.7/cores/arduino/Arduino.h:23,
                 from /home/ec2-user/arduino-testlib/cli-datadir/user/libraries/AVRUtils/AVRUtils.h:23,
                 from /home/ec2-user/arduino-testlib/cli-datadir/user/libraries/AVRUtils/AVRUtils.cpp:20:
/home/ec2-user/arduino-testlib/cli-datadir/user/libraries/AVRUtils/AVRUtils.cpp:55:23: error: &#39;ADSC&#39; was not declared in this scope
         ADCSRA |= _BV(ADSC); // Start conversion
                       ^
/home/ec2-user/arduino-testlib/cli-datadir/user/libraries/AVRUtils/AVRUtils.cpp:55:23: note: suggested alternative: &#39;DDRC&#39;
/home/ec2-user/arduino-testlib/cli-datadir/user/libraries/AVRUtils/AVRUtils.cpp:58:23: error: &#39;ADCL&#39; was not declared in this scope
         uint8_t low = ADCL; // must read ADCL first - it then locks ADCH
                       ^~~~
/home/ec2-user/arduino-testlib/cli-datadir/user/libraries/AVRUtils/AVRUtils.cpp:58:23: note: suggested alternative: &#39;ADC0&#39;
         uint8_t low = ADCL; // must read ADCL first - it then locks ADCH
                       ^~~~
                       ADC0
/home/ec2-user/arduino-testlib/cli-datadir/user/libraries/AVRUtils/AVRUtils.cpp:59:24: error: &#39;ADCH&#39; was not declared in this scope
         uint8_t high = ADCH; // unlocks both
                        ^~~~
/home/ec2-user/arduino-testlib/cli-datadir/user/libraries/AVRUtils/AVRUtils.cpp:59:24: note: suggested alternative: &#39;ADC0&#39;
         uint8_t high = ADCH; // unlocks both
                        ^~~~
                        ADC0
/home/ec2-user/arduino-testlib/cli-datadir/user/libraries/AVRUtils/AVRUtils.cpp: In member function &#39;double AVRUtils::getAVRVcc()&#39;:
/home/ec2-user/arduino-testlib/cli-datadir/user/libraries/AVRUtils/AVRUtils.cpp:85:9: error: &#39;ADMUX&#39; was not declared in this scope
         ADMUX = _BV(REFS0) | _BV(MUX3) | _BV(MUX2) | _BV(MUX1);
         ^~~~~
In file included from /home/ec2-user/arduino-testlib/cli-datadir/data/packages/arduino/tools/avr-gcc/7.3.0-atmel3.6.1-arduino5/avr/include/avr/io.h:99:0,
                 from /home/ec2-user/arduino-testlib/cli-datadir/data/packages/arduino/tools/avr-gcc/7.3.0-atmel3.6.1-arduino5/avr/include/avr/pgmspace.h:90,
                 from /home/ec2-user/arduino-testlib/cli-datadir/data/packages/arduino/hardware/megaavr/1.8.7/cores/arduino/api/String.h:31,
                 from /home/ec2-user/arduino-testlib/cli-datadir/data/packages/arduino/hardware/megaavr/1.8.7/cores/arduino/api/IPAddress.h:24,
                 from /home/ec2-user/arduino-testlib/cli-datadir/data/packages/arduino/hardware/megaavr/1.8.7/cores/arduino/api/ArduinoAPI.h:30,
                 from /home/ec2-user/arduino-testlib/cli-datadir/data/packages/arduino/hardware/megaavr/1.8.7/cores/arduino/Arduino.h:23,
                 from /home/ec2-user/arduino-testlib/cli-datadir/user/libraries/AVRUtils/AVRUtils.h:23,
                 from /home/ec2-user/arduino-testlib/cli-datadir/user/libraries/AVRUtils/AVRUtils.cpp:20:
/home/ec2-user/arduino-testlib/cli-datadir/user/libraries/AVRUtils/AVRUtils.cpp:85:21: error: &#39;REFS0&#39; was not declared in this scope
         ADMUX = _BV(REFS0) | _BV(MUX3) | _BV(MUX2) | _BV(MUX1);
                     ^
/home/ec2-user/arduino-testlib/cli-datadir/user/libraries/AVRUtils/AVRUtils.cpp:85:21: note: suggested alternative: &#39;VREF_t&#39;
/home/ec2-user/arduino-testlib/cli-datadir/user/libraries/AVRUtils/AVRUtils.cpp:85:34: error: &#39;MUX3&#39; was not declared in this scope
         ADMUX = _BV(REFS0) | _BV(MUX3) | _BV(MUX2) | _BV(MUX1);
                                  ^
/home/ec2-user/arduino-testlib/cli-datadir/user/libraries/AVRUtils/AVRUtils.cpp:85:46: error: &#39;MUX2&#39; was not declared in this scope
         ADMUX = _BV(REFS0) | _BV(MUX3) | _BV(MUX2) | _BV(MUX1);
                                              ^
/home/ec2-user/arduino-testlib/cli-datadir/user/libraries/AVRUtils/AVRUtils.cpp:85:58: error: &#39;MUX1&#39; was not declared in this scope
         ADMUX = _BV(REFS0) | _BV(MUX3) | _BV(MUX2) | _BV(MUX1);
                                                          ^
/home/ec2-user/arduino-testlib/cli-datadir/user/libraries/AVRUtils/AVRUtils.cpp:89:5: error: &#39;ADCSRA&#39; was not declared in this scope
     ADCSRA |= _BV(ADSC); // Start conversion
     ^~~~~~
/home/ec2-user/arduino-testlib/cli-datadir/user/libraries/AVRUtils/AVRUtils.cpp:89:5: note: suggested alternative: &#39;ADC_t&#39;
     ADCSRA |= _BV(ADSC); // Start conversion
     ^~~~~~
     ADC_t
In file included from /home/ec2-user/arduino-testlib/cli-datadir/data/packages/arduino/tools/avr-gcc/7.3.0-atmel3.6.1-arduino5/avr/include/avr/io.h:99:0,
                 from /home/ec2-user/arduino-testlib/cli-datadir/data/packages/arduino/tools/avr-gcc/7.3.0-atmel3.6.1-arduino5/avr/include/avr/pgmspace.h:90,
                 from /home/ec2-user/arduino-testlib/cli-datadir/data/packages/arduino/hardware/megaavr/1.8.7/cores/arduino/api/String.h:31,
                 from /home/ec2-user/arduino-testlib/cli-datadir/data/packages/arduino/hardware/megaavr/1.8.7/cores/arduino/api/IPAddress.h:24,
                 from /home/ec2-user/arduino-testlib/cli-datadir/data/packages/arduino/hardware/megaavr/1.8.7/cores/arduino/api/ArduinoAPI.h:30,
                 from /home/ec2-user/arduino-testlib/cli-datadir/data/packages/arduino/hardware/megaavr/1.8.7/cores/arduino/Arduino.h:23,
                 from /home/ec2-user/arduino-testlib/cli-datadir/user/libraries/AVRUtils/AVRUtils.h:23,
                 from /home/ec2-user/arduino-testlib/cli-datadir/user/libraries/AVRUtils/AVRUtils.cpp:20:
/home/ec2-user/arduino-testlib/cli-datadir/user/libraries/AVRUtils/AVRUtils.cpp:89:19: error: &#39;ADSC&#39; was not declared in this scope
     ADCSRA |= _BV(ADSC); // Start conversion
                   ^
/home/ec2-user/arduino-testlib/cli-datadir/user/libraries/AVRUtils/AVRUtils.cpp:89:19: note: suggested alternative: &#39;DDRC&#39;
/home/ec2-user/arduino-testlib/cli-datadir/user/libraries/AVRUtils/AVRUtils.cpp:92:20: error: &#39;ADCL&#39; was not declared in this scope
     uint8_t low  = ADCL; // must read ADCL first - it then locks ADCH
    </pre>
					
				
				<h3 id="arduino:samd:mkrwifi1010">arduino:samd:mkrwifi1010 @ 1.8.12</h3>
				<h4>Inclusion</h4>
				<p>
					Result: <b>FAIL</b>
					
				</p>
				<pre class="pre-scrollable">/Users/alranel/Documents/git/arduino/arduino-testlib/cli-datadir/user/libraries/AVRUtils/AVRUtils.cpp:26:6: error: #error &#34;AVRUtils does not support this processor. Please verify you have the right board and/or the right processor selected.&#34;
     #error &#34;AVRUtils does not support this processor. Please verify you have the right board and/or the right processor selected.&#34;
      ^~~~~
/Users/alranel/Documents/git/arduino/arduino-testlib/cli-datadir/user/libraries/AVRUtils/AVRUtils.cpp: In member function &#39;double AVRUtils::getAVRTemp()&#39;:
/Users/alranel/Documents/git/arduino/arduino-testlib/cli-datadir/user/libraries/AVRUtils/AVRUtils.cpp:51:13: error: &#39;ADMUX&#39; was not declared in this scope
             ADMUX = _BV(REFS1) | _BV(REFS0) | _BV(MUX3);
             ^~~~~
/Users/alranel/Documents/git/arduino/arduino-testlib/cli-datadir/user/libraries/AVRUtils/AVRUtils.cpp:51:25: error: &#39;REFS1&#39; was not declared in this scope
             ADMUX = _BV(REFS1) | _BV(REFS0) | _BV(MUX3);
                         ^~~~~
/Users/alranel/Documents/git/arduino/arduino-testlib/cli-datadir/user/libraries/AVRUtils/AVRUtils.cpp:51:21: error: &#39;_BV&#39; was not declared in this scope
             ADMUX = _BV(REFS1) | _BV(REFS0) | _BV(MUX3);
                     ^~~
/Users/alranel/Documents/git/arduino/arduino-testlib/cli-datadir/user/libraries/AVRUtils/AVRUtils.cpp:51:21: note: suggested alternative: &#39;_B&#39;
             ADMUX = _BV(REFS1) | _BV(REFS0) | _BV(MUX3);
                     ^~~
                     _B
/Users/alranel/Documents/git/arduino/arduino-testlib/cli-datadir/user/libraries/AVRUtils/AVRUtils.cpp:51:38: error: &#39;REFS0&#39; was not declared in this scope
             ADMUX = _BV(REFS1) | _BV(REFS0) | _BV(MUX3);
                                      ^~~~~
/Users/alranel/Documents/git/arduino/arduino-testlib/cli-datadir/user/libraries/AVRUtils/AVRUtils.cpp:51:51: error: &#39;MUX3&#39; was not declared in this scope
             ADMUX = _BV(REFS1) | _BV(REFS0) | _BV(MUX3);
                                                   ^~~~
/Users/alranel/Documents/git/arduino/arduino-testlib/cli-datadir/user/libraries/AVRUtils/AVRUtils.cpp:55:9: error: &#39;ADCSRA&#39; was not declared in this scope
         ADCSRA |= _BV(ADSC); // Start conversion
         ^~~~~~
/Users/alranel/Documents/git/arduino/arduino-testlib/cli-datadir/user/libraries/AVRUtils/AVRUtils.cpp:55:9: note: suggested alternative: &#39;ADC&#39;
         ADCSRA |= _BV(ADSC); // Start conversion
         ^~~~~~
         ADC
/Users/alranel/Documents/git/arduino/arduino-testlib/cli-datadir/user/libraries/AVRUtils/AVRUtils.cpp:55:23: error: &#39;ADSC&#39; was not declared in this scope
         ADCSRA |= _BV(ADSC); // Start conversion
                       ^~~~
/Users/alranel/Documents/git/arduino/arduino-testlib/cli-datadir/user/libraries/AVRUtils/AVRUtils.cpp:55:23: note: suggested alternative: &#39;ADC&#39;
         ADCSRA |= _BV(ADSC); // Start conversion
                       ^~~~
                       ADC
/Users/alranel/Documents/git/arduino/arduino-testlib/cli-datadir/user/libraries/AVRUtils/AVRUtils.cpp:56:16: error: &#39;bit_is_set&#39; was not declared in this scope
         while (bit_is_set(ADCSRA,ADSC)); // measuring
                ^~~~~~~~~~
/Users/alranel/Documents/git/arduino/arduino-testlib/cli-datadir/user/libraries/AVRUtils/AVRUtils.cpp:56:16: note: suggested alternative: &#39;timerisset&#39;
         while (bit_is_set(ADCSRA,ADSC)); // measuring
                ^~~~~~~~~~
                timerisset
/Users/alranel/Documents/git/arduino/arduino-testlib/cli-datadir/user/libraries/AVRUtils/AVRUtils.cpp:58:23: error: &#39;ADCL&#39; was not declared in this scope
         uint8_t low = ADCL; // must read ADCL first - it then locks ADCH
                       ^~~~
/Users/alranel/Documents/git/arduino/arduino-testlib/cli-datadir/user/libraries/AVRUtils/AVRUtils.cpp:58:23: note: suggested alternative: &#39;ADC&#39;
         uint8_t low = ADCL; // must read ADCL first - it then locks ADCH
                       ^~~~
                       ADC
/Users/alranel/Documents/git/arduino/arduino-testlib/cli-datadir/user/libraries/AVRUtils/AVRUtils.cpp:59:24: error: &#39;ADCH&#39; was not declared in this scope
         uint8_t high = ADCH; // unlocks both
                        ^~~~
/Users/alranel/Documents/git/arduino/arduino-testlib/cli-datadir/user/libraries/AVRUtils/AVRUtils.cpp:59:24: note: suggested alternative: &#39;ADC&#39;
         uint8_t high = ADCH; // unlocks both
                        ^~~~
                        ADC
/Users/alranel/Documents/git/arduino/arduino-testlib/cli-datadir/user/libraries/AVRUtils/AVRUtils.cpp: In member function &#39;double AVRUtils::getAVRVcc()&#39;:
/Users/alranel/Documents/git/arduino/arduino-testlib/cli-datadir/user/libraries/AVRUtils/AVRUtils.cpp:85:9: error: &#39;ADMUX&#39; was not declared in this scope
         ADMUX = _BV(REFS0) | _BV(MUX3) | _BV(MUX2) | _BV(MUX1);
         ^~~~~
/Users/alranel/Documents/git/arduino/arduino-testlib/cli-datadir/user/libraries/AVRUtils/AVRUtils.cpp:85:21: error: &#39;REFS0&#39; was not declared in this scope
         ADMUX = _BV(REFS0) | _BV(MUX3) | _BV(MUX2) | _BV(MUX1);
                     ^~~~~
/Users/alranel/Documents/git/arduino/arduino-testlib/cli-datadir/user/libraries/AVRUtils/AVRUtils.cpp:85:17: error: &#39;_BV&#39; was not declared in this scope
         ADMUX = _BV(REFS0) | _BV(MUX3) | _BV(MUX2) | _BV(MUX1);
                 ^~~
/Users/alranel/Documents/git/arduino/arduino-testlib/cli-datadir/user/libraries/AVRUtils/AVRUtils.cpp:85:17: note: suggested alternative: &#39;_B&#39;
         ADMUX = _BV(REFS0) | _BV(MUX3) | _BV(MUX2) | _BV(MUX1);
                 ^~~
                 _B
/Users/alranel/Documents/git/arduino/arduino-testlib/cli-datadir/user/libraries/AVRUtils/AVRUtils.cpp:85:34: error: &#39;MUX3&#39; was not declared in this scope
         ADMUX = _BV(REFS0) | _BV(MUX3) | _BV(MUX2) | _BV(MUX1);
                                  ^~~~
/Users/alranel/Documents/git/arduino/arduino-testlib/cli-datadir/user/libraries/AVRUtils/AVRUtils.cpp:85:46: error: &#39;MUX2&#39; was not declared in this scope
         ADMUX = _BV(REFS0) | _BV(MUX3) | _BV(MUX2) | _BV(MUX1);
                                              ^~~~
/Users/alranel/Documents/git/arduino/arduino-testlib/cli-datadir/user/libraries/AVRUtils/AVRUtils.cpp:85:58: error: &#39;MUX1&#39; was not declared in this scope
         ADMUX = _BV(REFS0) | _BV(MUX3) | _BV(MUX2) | _BV(MUX1);
                                                          ^~~~
/Users/alranel/Documents/git/arduino/arduino-testlib/cli-datadir/user/libraries/AVRUtils/AVRUtils.cpp:89:5: error: &#39;ADCSRA&#39; was not declared in this scope
     ADCSRA |= _BV(ADSC); // Start conversion
     ^~~~~~
/Users/alranel/Documents/git/arduino/arduino-testlib/cli-datadir/user/libraries/AVRUtils/AVRUtils.cpp:89:5: note: suggested alternative: &#39;ADC&#39;
     ADCSRA |= _BV(ADSC); // Start conversion
     ^~~~~~
     ADC
/Users/alranel/Documents/git/arduino/arduino-testlib/cli-datadir/user/libraries/AVRUtils/AVRUtils.cpp:89:19: error: &#39;ADSC&#39; was not declared in this scope
     ADCSRA |= _BV(ADSC); // Start conversion
                   ^~~~
/Users/alranel/Documents/git/arduino/arduino-testlib/cli-datadir/user/libraries/AVRUtils/AVRUtils.cpp:89:19: note: suggested alternative: &#39;ADC&#39;
     ADCSRA |= _BV(ADSC); // Start conversion
                   ^~~~
                   ADC
/Users/alranel/Documents/git/arduino/arduino-testlib/cli-datadir/user/libraries/AVRUtils/AVRUtils.cpp:90:12: error: &#39;bit_is_set&#39; was not declared in this scope
     while (bit_is_set(ADCSRA,ADSC)); // measuring
            ^~~~~~~~~~
/Users/alranel/Documents/git/arduino/arduino-testlib/cli-datadir/user/libraries/AVRUtils/AVRUtils.cpp:90:12: note: suggested alternative: &#39;timerisset&#39;
     while (bit_is_set(ADCSRA,ADSC)); // measuring
            ^~~~~~~~~~
            timerisset
/Users/alranel/Documents/git/arduino/arduino-testlib/cli-datadir/user/libraries/AVRUtils/AVRUtils.cpp:92:20: error: &#39;ADCL&#39; was not declared in this scope
     uint8_t low  = ADCL; // must read ADCL first - it then locks ADCH
                    ^~~~
/Users/alranel/Documents/git/arduino/arduino-testlib/cli-datadir/user/libraries/AVRUtils/AVRUtils.cpp:92:20: note: suggested alternative: &#39;ADC&#39;
     uint8_t low  = ADCL; // must read ADCL first - it then locks ADCH
                    ^~~~
                    ADC
/Users/alranel/Documents/git/arduino/arduino-testlib/cli-datadir/user/libraries/AVRUtils/AVRUtils.cpp:93:20: error: &#39;ADCH&#39; was not declared in this scope
     uint8_t high = ADCH; // unlocks both
                    ^~~~
/Users/alranel/Documents/git/arduino/arduino-testlib/cli-datadir/user/libraries/AVRUtils/AVRUtils.cpp:93:20: note: suggested alternative: &#39;ADC&#39;
     uint8_t high = ADCH; // unlocks both
                    ^~~~
                    ADC

</pre>

					
					<h4>examples/AVRUtils</h4>
					<p>
						Result: <b>FAIL</b>
					</p>
					<pre class="pre-scrollable">/Users/alranel/Documents/git/arduino/arduino-testlib/cli-datadir/user/libraries/AVRUtils/AVRUtils.cpp:26:6: error: #error &#34;AVRUtils does not support this processor. Please verify you have the right board and/or the right processor selected.&#34;
     #error &#34;AVRUtils does not support this processor. Please verify you have the right board and/or the right processor selected.&#34;
      ^~~~~
/Users/alranel/Documents/git/arduino/arduino-testlib/cli-datadir/user/libraries/AVRUtils/AVRUtils.cpp: In member function &#39;double AVRUtils::getAVRTemp()&#39;:
/Users/alranel/Documents/git/arduino/arduino-testlib/cli-datadir/user/libraries/AVRUtils/AVRUtils.cpp:51:13: error: &#39;ADMUX&#39; was not declared in this scope
             ADMUX = _BV(REFS1) | _BV(REFS0) | _BV(MUX3);
             ^~~~~
/Users/alranel/Documents/git/arduino/arduino-testlib/cli-datadir/user/libraries/AVRUtils/AVRUtils.cpp:51:25: error: &#39;REFS1&#39; was not declared in this scope
             ADMUX = _BV(REFS1) | _BV(REFS0) | _BV(MUX3);
                         ^~~~~
/Users/alranel/Documents/git/arduino/arduino-testlib/cli-datadir/user/libraries/AVRUtils/AVRUtils.cpp:51:21: error: &#39;_BV&#39; was not declared in this scope
             ADMUX = _BV(REFS1) | _BV(REFS0) | _BV(MUX3);
                     ^~~
/Users/alranel/Documents/git/arduino/arduino-testlib/cli-datadir/user/libraries/AVRUtils/AVRUtils.cpp:51:21: note: suggested alternative: &#39;_B&#39;
             ADMUX = _BV(REFS1) | _BV(REFS0) | _BV(MUX3);
                     ^~~
                     _B
/Users/alranel/Documents/git/arduino/arduino-testlib/cli-datadir/user/libraries/AVRUtils/AVRUtils.cpp:51:38: error: &#39;REFS0&#39; was not declared in this scope
             ADMUX = _BV(REFS1) | _BV(REFS0) | _BV(MUX3);
                                      ^~~~~
/Users/alranel/Documents/git/arduino/arduino-testlib/cli-datadir/user/libraries/AVRUtils/AVRUtils.cpp:51:51: error: &#39;MUX3&#39; was not declared in this scope
             ADMUX = _BV(REFS1) | _BV(REFS0) | _BV(MUX3);
                                                   ^~~~
/Users/alranel/Documents/git/arduino/arduino-testlib/cli-datadir/user/libraries/AVRUtils/AVRUtils.cpp:55:9: error: &#39;ADCSRA&#39; was not declared in this scope
         ADCSRA |= _BV(ADSC); // Start conversion
         ^~~~~~
/Users/alranel/Documents/git/arduino/arduino-testlib/cli-datadir/user/libraries/AVRUtils/AVRUtils.cpp:55:9: note: suggested alternative: &#39;ADC&#39;
         ADCSRA |= _BV(ADSC); // Start conversion
         ^~~~~~
         ADC
/Users/alranel/Documents/git/arduino/arduino-testlib/cli-datadir/user/libraries/AVRUtils/AVRUtils.cpp:55:23: error: &#39;ADSC&#39; was not declared in this scope
         ADCSRA |= _BV(ADSC); // Start conversion
                       ^~~~
/Users/alranel/Documents/git/arduino/arduino-testlib/cli-datadir/user/libraries/AVRUtils/AVRUtils.cpp:55:23: note: suggested alternative: &#39;ADC&#39;
         ADCSRA |= _BV(ADSC); // Start conversion
                       ^~~~
                       ADC
/Users/alranel/Documents/git/arduino/arduino-testlib/cli-datadir/user/libraries/AVRUtils/AVRUtils.cpp:56:16: error: &#39;bit_is_set&#39; was not declared in this scope
         while (bit_is_set(ADCSRA,ADSC)); // measuring
                ^~~~~~~~~~
/Users/alranel/Documents/git/arduino/arduino-testlib/cli-datadir/user/libraries/AVRUtils/AVRUtils.cpp:56:16: note: suggested alternative: &#39;timerisset&#39;
         while (bit_is_set(ADCSRA,ADSC)); // measuring
                ^~~~~~~~~~
                timerisset
/Users/alranel/Documents/git/arduino/arduino-testlib/cli-datadir/user/libraries/AVRUtils/AVRUtils.cpp:58:23: error: &#39;ADCL&#39; was not declared in this scope
         uint8_t low = ADCL; // must read ADCL first - it then locks ADCH
                       ^~~~
/Users/alranel/Documents/git/arduino/arduino-testlib/cli-datadir/user/libraries/AVRUtils/AVRUtils.cpp:58:23: note: suggested alternative: &#39;ADC&#39;
         uint8_t low = ADCL; // must read ADCL first - it then locks ADCH
                       ^~~~
                       ADC
/Users/alranel/Documents/git/arduino/arduino-testlib/cli-datadir/user/libraries/AVRUtils/AVRUtils.cpp:59:24: error: &#39;ADCH&#39; was not declared in this scope
         uint8_t high = ADCH; // unlocks both
                        ^~~~
/Users/alranel/Documents/git/arduino/arduino-testlib/cli-datadir/user/libraries/AVRUtils/AVRUtils.cpp:59:24: note: suggested alternative: &#39;ADC&#39;
         uint8_t high = ADCH; // unlocks both
                        ^~~~
                        ADC
/Users/alranel/Documents/git/arduino/arduino-testlib/cli-datadir/user/libraries/AVRUtils/AVRUtils.cpp: In member function &#39;double AVRUtils::getAVRVcc()&#39;:
/Users/alranel/Documents/git/arduino/arduino-testlib/cli-datadir/user/libraries/AVRUtils/AVRUtils.cpp:85:9: error: &#39;ADMUX&#39; was not declared in this scope
         ADMUX = _BV(REFS0) | _BV(MUX3) | _BV(MUX2) | _BV(MUX1);
         ^~~~~
/Users/alranel/Documents/git/arduino/arduino-testlib/cli-datadir/user/libraries/AVRUtils/AVRUtils.cpp:85:21: error: &#39;REFS0&#39; was not declared in this scope
         ADMUX = _BV(REFS0) | _BV(MUX3) | _BV(MUX2) | _BV(MUX1);
                     ^~~~~
/Users/alranel/Documents/git/arduino/arduino-testlib/cli-datadir/user/libraries/AVRUtils/AVRUtils.cpp:85:17: error: &#39;_BV&#39; was not declared in this scope
         ADMUX = _BV(REFS0) | _BV(MUX3) | _BV(MUX2) | _BV(MUX1);
                 ^~~
/Users/alranel/Documents/git/arduino/arduino-testlib/cli-datadir/user/libraries/AVRUtils/AVRUtils.cpp:85:17: note: suggested alternative: &#39;_B&#39;
         ADMUX = _BV(REFS0) | _BV(MUX3) | _BV(MUX2) | _BV(MUX1);
                 ^~~
                 _B
/Users/alranel/Documents/git/arduino/arduino-testlib/cli-datadir/user/libraries/AVRUtils/AVRUtils.cpp:85:34: error: &#39;MUX3&#39; was not declared in this scope
         ADMUX = _BV(REFS0) | _BV(MUX3) | _BV(MUX2) | _BV(MUX1);
                                  ^~~~
/Users/alranel/Documents/git/arduino/arduino-testlib/cli-datadir/user/libraries/AVRUtils/AVRUtils.cpp:85:46: error: &#39;MUX2&#39; was not declared in this scope
         ADMUX = _BV(REFS0) | _BV(MUX3) | _BV(MUX2) | _BV(MUX1);
                                              ^~~~
/Users/alranel/Documents/git/arduino/arduino-testlib/cli-datadir/user/libraries/AVRUtils/AVRUtils.cpp:85:58: error: &#39;MUX1&#39; was not declared in this scope
         ADMUX = _BV(REFS0) | _BV(MUX3) | _BV(MUX2) | _BV(MUX1);
                                                          ^~~~
/Users/alranel/Documents/git/arduino/arduino-testlib/cli-datadir/user/libraries/AVRUtils/AVRUtils.cpp:89:5: error: &#39;ADCSRA&#39; was not declared in this scope
     ADCSRA |= _BV(ADSC); // Start conversion
     ^~~~~~
/Users/alranel/Documents/git/arduino/arduino-testlib/cli-datadir/user/libraries/AVRUtils/AVRUtils.cpp:89:5: note: suggested alternative: &#39;ADC&#39;
     ADCSRA |= _BV(ADSC); // Start conversion
     ^~~~~~
     ADC
/Users/alranel/Documents/git/arduino/arduino-testlib/cli-datadir/user/libraries/AVRUtils/AVRUtils.cpp:89:19: error: &#39;ADSC&#39; was not declared in this scope
     ADCSRA |= _BV(ADSC); // Start conversion
                   ^~~~
/Users/alranel/Documents/git/arduino/arduino-testlib/cli-datadir/user/libraries/AVRUtils/AVRUtils.cpp:89:19: note: suggested alternative: &#39;ADC&#39;
     ADCSRA |= _BV(ADSC); // Start conversion
                   ^~~~
                   ADC
/Users/alranel/Documents/git/arduino/arduino-testlib/cli-datadir/user/libraries/AVRUtils/AVRUtils.cpp:90:12: error: &#39;bit_is_set&#39; was not declared in this scope
     while (bit_is_set(ADCSRA,ADSC)); // measuring
            ^~~~~~~~~~
/Users/alranel/Documents/git/arduino/arduino-testlib/cli-datadir/user/libraries/AVRUtils/AVRUtils.cpp:90:12: note: suggested alternative: &#39;timerisset&#39;
     while (bit_is_set(ADCSRA,ADSC)); // measuring
            ^~~~~~~~~~
            timerisset
/Users/alranel/Documents/git/arduino/arduino-testlib/cli-datadir/user/libraries/AVRUtils/AVRUtils.cpp:92:20: error: &#39;ADCL&#39; was not declared in this scope
     uint8_t low  = ADCL; // must read ADCL first - it then locks ADCH
                    ^~~~
/Users/alranel/Documents/git/arduino/arduino-testlib/cli-datadir/user/libraries/AVRUtils/AVRUtils.cpp:92:20: note: suggested alternative: &#39;ADC&#39;
     uint8_t low  = ADCL; // must read ADCL first - it then locks ADCH
                    ^~~~
                    ADC
/Users/alranel/Documents/git/arduino/arduino-testlib/cli-datadir/user/libraries/AVRUtils/AVRUtils.cpp:93:20: error: &#39;ADCH&#39; was not declared in this scope
     uint8_t high = ADCH; // unlocks both
                    ^~~~
/Users/alranel/Documents/git/arduino/arduino-testlib/cli-datadir/user/libraries/AVRUtils/AVRUtils.cpp:93:20: note: suggested alternative: &#39;ADC&#39;
     uint8_t high = ADCH; // unlocks both
                    ^~~~
                    ADC

</pre>
					
				
				<h3 id="esp32:esp32:d1_mini32">esp32:esp32:d1_mini32 @ 1.0.6</h3>
				<h4>Inclusion</h4>
				<p>
					Result: <b>FAIL</b>
					
				</p>
				<pre class="pre-scrollable">/home/ec2-user/arduino-testlib/cli-datadir/user/libraries/AVRUtils/AVRUtils.cpp:26:6: error: #error &#34;AVRUtils does not support this processor. Please verify you have the right board and/or the right processor selected.&#34;
     #error &#34;AVRUtils does not support this processor. Please verify you have the right board and/or the right processor selected.&#34;
      ^
/home/ec2-user/arduino-testlib/cli-datadir/user/libraries/AVRUtils/AVRUtils.cpp: In member function &#39;double AVRUtils::getAVRTemp()&#39;:
/home/ec2-user/arduino-testlib/cli-datadir/user/libraries/AVRUtils/AVRUtils.cpp:51:13: error: &#39;ADMUX&#39; was not declared in this scope
             ADMUX = _BV(REFS1) | _BV(REFS0) | _BV(MUX3);
             ^
In file included from /home/ec2-user/arduino-testlib/cli-datadir/user/libraries/AVRUtils/AVRUtils.h:23:0,
                 from /home/ec2-user/arduino-testlib/cli-datadir/user/libraries/AVRUtils/AVRUtils.cpp:20:
/home/ec2-user/arduino-testlib/cli-datadir/user/libraries/AVRUtils/AVRUtils.cpp:51:25: error: &#39;REFS1&#39; was not declared in this scope
             ADMUX = _BV(REFS1) | _BV(REFS0) | _BV(MUX3);
                         ^
/home/ec2-user/arduino-testlib/cli-datadir/data/packages/esp32/hardware/esp32/1.0.6/cores/esp32/Arduino.h:99:25: note: in definition of macro &#39;_BV&#39;
 #define _BV(b) (1UL &lt;&lt; (b))
                         ^
/home/ec2-user/arduino-testlib/cli-datadir/user/libraries/AVRUtils/AVRUtils.cpp:51:38: error: &#39;REFS0&#39; was not declared in this scope
             ADMUX = _BV(REFS1) | _BV(REFS0) | _BV(MUX3);
                                      ^
/home/ec2-user/arduino-testlib/cli-datadir/data/packages/esp32/hardware/esp32/1.0.6/cores/esp32/Arduino.h:99:25: note: in definition of macro &#39;_BV&#39;
 #define _BV(b) (1UL &lt;&lt; (b))
                         ^
/home/ec2-user/arduino-testlib/cli-datadir/user/libraries/AVRUtils/AVRUtils.cpp:51:51: error: &#39;MUX3&#39; was not declared in this scope
             ADMUX = _BV(REFS1) | _BV(REFS0) | _BV(MUX3);
                                                   ^
/home/ec2-user/arduino-testlib/cli-datadir/data/packages/esp32/hardware/esp32/1.0.6/cores/esp32/Arduino.h:99:25: note: in definition of macro &#39;_BV&#39;
 #define _BV(b) (1UL &lt;&lt; (b))
                         ^
/home/ec2-user/arduino-testlib/cli-datadir/user/libraries/AVRUtils/AVRUtils.cpp:55:9: error: &#39;ADCSRA&#39; was not declared in this scope
         ADCSRA |= _BV(ADSC); // Start conversion
         ^
In file included from /home/ec2-user/arduino-testlib/cli-datadir/user/libraries/AVRUtils/AVRUtils.h:23:0,
                 from /home/ec2-user/arduino-testlib/cli-datadir/user/libraries/AVRUtils/AVRUtils.cpp:20:
/home/ec2-user/arduino-testlib/cli-datadir/user/libraries/AVRUtils/AVRUtils.cpp:55:23: error: &#39;ADSC&#39; was not declared in this scope
         ADCSRA |= _BV(ADSC); // Start conversion
                       ^
/home/ec2-user/arduino-testlib/cli-datadir/data/packages/esp32/hardware/esp32/1.0.6/cores/esp32/Arduino.h:99:25: note: in definition of macro &#39;_BV&#39;
 #define _BV(b) (1UL &lt;&lt; (b))
                         ^
/home/ec2-user/arduino-testlib/cli-datadir/user/libraries/AVRUtils/AVRUtils.cpp:56:38: error: &#39;bit_is_set&#39; was not declared in this scope
         while (bit_is_set(ADCSRA,ADSC)); // measuring
                                      ^
/home/ec2-user/arduino-testlib/cli-datadir/user/libraries/AVRUtils/AVRUtils.cpp:58:23: error: &#39;ADCL&#39; was not declared in this scope
         uint8_t low = ADCL; // must read ADCL first - it then locks ADCH
                       ^
/home/ec2-user/arduino-testlib/cli-datadir/user/libraries/AVRUtils/AVRUtils.cpp:59:24: error: &#39;ADCH&#39; was not declared in this scope
         uint8_t high = ADCH; // unlocks both
                        ^
/home/ec2-user/arduino-testlib/cli-datadir/user/libraries/AVRUtils/AVRUtils.cpp: In member function &#39;double AVRUtils::getAVRVcc()&#39;:
/home/ec2-user/arduino-testlib/cli-datadir/user/libraries/AVRUtils/AVRUtils.cpp:85:9: error: &#39;ADMUX&#39; was not declared in this scope
         ADMUX = _BV(REFS0) | _BV(MUX3) | _BV(MUX2) | _BV(MUX1);
         ^
In file included from /home/ec2-user/arduino-testlib/cli-datadir/user/libraries/AVRUtils/AVRUtils.h:23:0,
                 from /home/ec2-user/arduino-testlib/cli-datadir/user/libraries/AVRUtils/AVRUtils.cpp:20:
/home/ec2-user/arduino-testlib/cli-datadir/user/libraries/AVRUtils/AVRUtils.cpp:85:21: error: &#39;REFS0&#39; was not declared in this scope
         ADMUX = _BV(REFS0) | _BV(MUX3) | _BV(MUX2) | _BV(MUX1);
                     ^
/home/ec2-user/arduino-testlib/cli-datadir/data/packages/esp32/hardware/esp32/1.0.6/cores/esp32/Arduino.h:99:25: note: in definition of macro &#39;_BV&#39;
 #define _BV(b) (1UL &lt;&lt; (b))
                         ^
/home/ec2-user/arduino-testlib/cli-datadir/user/libraries/AVRUtils/AVRUtils.cpp:85:34: error: &#39;MUX3&#39; was not declared in this scope
         ADMUX = _BV(REFS0) | _BV(MUX3) | _BV(MUX2) | _BV(MUX1);
                                  ^
/home/ec2-user/arduino-testlib/cli-datadir/data/packages/esp32/hardware/esp32/1.0.6/cores/esp32/Arduino.h:99:25: note: in definition of macro &#39;_BV&#39;
 #define _BV(b) (1UL &lt;&lt; (b))
                         ^
/home/ec2-user/arduino-testlib/cli-datadir/user/libraries/AVRUtils/AVRUtils.cpp:85:46: error: &#39;MUX2&#39; was not declared in this scope
         ADMUX = _BV(REFS0) | _BV(MUX3) | _BV(MUX2) | _BV(MUX1);
                                              ^
/home/ec2-user/arduino-testlib/cli-datadir/data/packages/esp32/hardware/esp32/1.0.6/cores/esp32/Arduino.h:99:25: note: in definition of macro &#39;_BV&#39;
 #define _BV(b) (1UL &lt;&lt; (b))
                         ^
/home/ec2-user/arduino-testlib/cli-datadir/user/libraries/AVRUtils/AVRUtils.cpp:85:58: error: &#39;MUX1&#39; was not declared in this scope
         ADMUX = _BV(REFS0) | _BV(MUX3) | _BV(MUX2) | _BV(MUX1);
                                                          ^
/home/ec2-user/arduino-testlib/cli-datadir/data/packages/esp32/hardware/esp32/1.0.6/cores/esp32/Arduino.h:99:25: note: in definition of macro &#39;_BV&#39;
 #define _BV(b) (1UL &lt;&lt; (b))
                         ^
/home/ec2-user/arduino-testlib/cli-datadir/user/libraries/AVRUtils/AVRUtils.cpp:89:5: error: &#39;ADCSRA&#39; was not declared in this scope
     ADCSRA |= _BV(ADSC); // Start conversion
     ^
In file included from /home/ec2-user/arduino-testlib/cli-datadir/user/libraries/AVRUtils/AVRUtils.h:23:0,
                 from /home/ec2-user/arduino-testlib/cli-datadir/user/libraries/AVRUtils/AVRUtils.cpp:20:
/home/ec2-user/arduino-testlib/cli-datadir/user/libraries/AVRUtils/AVRUtils.cpp:89:19: error: &#39;ADSC&#39; was not declared in this scope
     ADCSRA |= _BV(ADSC); // Start conversion
                   ^
/home/ec2-user/arduino-testlib/cli-datadir/data/packages/esp32/hardware/esp32/1.0.6/cores/esp32/Arduino.h:99:25: note: in definition of macro &#39;_BV&#39;
 #define _BV(b) (1UL &lt;&lt; (b))
                         ^
/home/ec2-user/arduino-testlib/cli-datadir/user/libraries/AVRUtils/AVRUtils.cpp:90:34: error: &#39;bit_is_set&#39; was not declared in this scope
     while (bit_is_set(ADCSRA,ADSC)); // measuring
                                  ^
/home/ec2-user/arduino-testlib/cli-datadir/user/libraries/AVRUtils/AVRUtils.cpp:92:20: error: &#39;ADCL&#39; was not declared in this scope
     uint8_t low  = ADCL; // must read ADCL first - it then locks ADCH
                    ^
/home/ec2-user/arduino-testlib/cli-datadir/user/libraries/AVRUtils/AVRUtils.cpp:93:20: error: &#39;ADCH&#39; was not declared in this scope
     uint8_t high = ADCH; // unlocks both
                    ^

</pre>

					
					<h4>examples/AVRUtils</h4>
					<p>
						Result: <b>FAIL</b>
					</p>
					<pre class="pre-scrollable">/home/ec2-user/arduino-testlib/cli-datadir/user/libraries/AVRUtils/AVRUtils.cpp:26:6: error: #error &#34;AVRUtils does not support this processor. Please verify you have the right board and/or the right processor selected.&#34;
     #error &#34;AVRUtils does not support this processor. Please verify you have the right board and/or the right processor selected.&#34;
      ^
/home/ec2-user/arduino-testlib/cli-datadir/user/libraries/AVRUtils/AVRUtils.cpp: In member function &#39;double AVRUtils::getAVRTemp()&#39;:
/home/ec2-user/arduino-testlib/cli-datadir/user/libraries/AVRUtils/AVRUtils.cpp:51:13: error: &#39;ADMUX&#39; was not declared in this scope
             ADMUX = _BV(REFS1) | _BV(REFS0) | _BV(MUX3);
             ^
In file included from /home/ec2-user/arduino-testlib/cli-datadir/user/libraries/AVRUtils/AVRUtils.h:23:0,
                 from /home/ec2-user/arduino-testlib/cli-datadir/user/libraries/AVRUtils/AVRUtils.cpp:20:
/home/ec2-user/arduino-testlib/cli-datadir/user/libraries/AVRUtils/AVRUtils.cpp:51:25: error: &#39;REFS1&#39; was not declared in this scope
             ADMUX = _BV(REFS1) | _BV(REFS0) | _BV(MUX3);
                         ^
/home/ec2-user/arduino-testlib/cli-datadir/data/packages/esp32/hardware/esp32/1.0.6/cores/esp32/Arduino.h:99:25: note: in definition of macro &#39;_BV&#39;
 #define _BV(b) (1UL &lt;&lt; (b))
                         ^
/home/ec2-user/arduino-testlib/cli-datadir/user/libraries/AVRUtils/AVRUtils.cpp:51:38: error: &#39;REFS0&#39; was not declared in this scope
             ADMUX = _BV(REFS1) | _BV(REFS0) | _BV(MUX3);
                                      ^
/home/ec2-user/arduino-testlib/cli-datadir/data/packages/esp32/hardware/esp32/1.0.6/cores/esp32/Arduino.h:99:25: note: in definition of macro &#39;_BV&#39;
 #define _BV(b) (1UL &lt;&lt; (b))
                         ^
/home/ec2-user/arduino-testlib/cli-datadir/user/libraries/AVRUtils/AVRUtils.cpp:51:51: error: &#39;MUX3&#39; was not declared in this scope
             ADMUX = _BV(REFS1) | _BV(REFS0) | _BV(MUX3);
                                                   ^
/home/ec2-user/arduino-testlib/cli-datadir/data/packages/esp32/hardware/esp32/1.0.6/cores/esp32/Arduino.h:99:25: note: in definition of macro &#39;_BV&#39;
 #define _BV(b) (1UL &lt;&lt; (b))
                         ^
/home/ec2-user/arduino-testlib/cli-datadir/user/libraries/AVRUtils/AVRUtils.cpp:55:9: error: &#39;ADCSRA&#39; was not declared in this scope
         ADCSRA |= _BV(ADSC); // Start conversion
         ^
In file included from /home/ec2-user/arduino-testlib/cli-datadir/user/libraries/AVRUtils/AVRUtils.h:23:0,
                 from /home/ec2-user/arduino-testlib/cli-datadir/user/libraries/AVRUtils/AVRUtils.cpp:20:
/home/ec2-user/arduino-testlib/cli-datadir/user/libraries/AVRUtils/AVRUtils.cpp:55:23: error: &#39;ADSC&#39; was not declared in this scope
         ADCSRA |= _BV(ADSC); // Start conversion
                       ^
/home/ec2-user/arduino-testlib/cli-datadir/data/packages/esp32/hardware/esp32/1.0.6/cores/esp32/Arduino.h:99:25: note: in definition of macro &#39;_BV&#39;
 #define _BV(b) (1UL &lt;&lt; (b))
                         ^
/home/ec2-user/arduino-testlib/cli-datadir/user/libraries/AVRUtils/AVRUtils.cpp:56:38: error: &#39;bit_is_set&#39; was not declared in this scope
         while (bit_is_set(ADCSRA,ADSC)); // measuring
                                      ^
/home/ec2-user/arduino-testlib/cli-datadir/user/libraries/AVRUtils/AVRUtils.cpp:58:23: error: &#39;ADCL&#39; was not declared in this scope
         uint8_t low = ADCL; // must read ADCL first - it then locks ADCH
                       ^
/home/ec2-user/arduino-testlib/cli-datadir/user/libraries/AVRUtils/AVRUtils.cpp:59:24: error: &#39;ADCH&#39; was not declared in this scope
         uint8_t high = ADCH; // unlocks both
                        ^
/home/ec2-user/arduino-testlib/cli-datadir/user/libraries/AVRUtils/AVRUtils.cpp: In member function &#39;double AVRUtils::getAVRVcc()&#39;:
/home/ec2-user/arduino-testlib/cli-datadir/user/libraries/AVRUtils/AVRUtils.cpp:85:9: error: &#39;ADMUX&#39; was not declared in this scope
         ADMUX = _BV(REFS0) | _BV(MUX3) | _BV(MUX2) | _BV(MUX1);
         ^
In file included from /home/ec2-user/arduino-testlib/cli-datadir/user/libraries/AVRUtils/AVRUtils.h:23:0,
                 from /home/ec2-user/arduino-testlib/cli-datadir/user/libraries/AVRUtils/AVRUtils.cpp:20:
/home/ec2-user/arduino-testlib/cli-datadir/user/libraries/AVRUtils/AVRUtils.cpp:85:21: error: &#39;REFS0&#39; was not declared in this scope
         ADMUX = _BV(REFS0) | _BV(MUX3) | _BV(MUX2) | _BV(MUX1);
                     ^
/home/ec2-user/arduino-testlib/cli-datadir/data/packages/esp32/hardware/esp32/1.0.6/cores/esp32/Arduino.h:99:25: note: in definition of macro &#39;_BV&#39;
 #define _BV(b) (1UL &lt;&lt; (b))
                         ^
/home/ec2-user/arduino-testlib/cli-datadir/user/libraries/AVRUtils/AVRUtils.cpp:85:34: error: &#39;MUX3&#39; was not declared in this scope
         ADMUX = _BV(REFS0) | _BV(MUX3) | _BV(MUX2) | _BV(MUX1);
                                  ^
/home/ec2-user/arduino-testlib/cli-datadir/data/packages/esp32/hardware/esp32/1.0.6/cores/esp32/Arduino.h:99:25: note: in definition of macro &#39;_BV&#39;
 #define _BV(b) (1UL &lt;&lt; (b))
                         ^
/home/ec2-user/arduino-testlib/cli-datadir/user/libraries/AVRUtils/AVRUtils.cpp:85:46: error: &#39;MUX2&#39; was not declared in this scope
         ADMUX = _BV(REFS0) | _BV(MUX3) | _BV(MUX2) | _BV(MUX1);
                                              ^
/home/ec2-user/arduino-testlib/cli-datadir/data/packages/esp32/hardware/esp32/1.0.6/cores/esp32/Arduino.h:99:25: note: in definition of macro &#39;_BV&#39;
 #define _BV(b) (1UL &lt;&lt; (b))
                         ^
/home/ec2-user/arduino-testlib/cli-datadir/user/libraries/AVRUtils/AVRUtils.cpp:85:58: error: &#39;MUX1&#39; was not declared in this scope
         ADMUX = _BV(REFS0) | _BV(MUX3) | _BV(MUX2) | _BV(MUX1);
                                                          ^
/home/ec2-user/arduino-testlib/cli-datadir/data/packages/esp32/hardware/esp32/1.0.6/cores/esp32/Arduino.h:99:25: note: in definition of macro &#39;_BV&#39;
 #define _BV(b) (1UL &lt;&lt; (b))
                         ^
/home/ec2-user/arduino-testlib/cli-datadir/user/libraries/AVRUtils/AVRUtils.cpp:89:5: error: &#39;ADCSRA&#39; was not declared in this scope
     ADCSRA |= _BV(ADSC); // Start conversion
     ^
In file included from /home/ec2-user/arduino-testlib/cli-datadir/user/libraries/AVRUtils/AVRUtils.h:23:0,
                 from /home/ec2-user/arduino-testlib/cli-datadir/user/libraries/AVRUtils/AVRUtils.cpp:20:
/home/ec2-user/arduino-testlib/cli-datadir/user/libraries/AVRUtils/AVRUtils.cpp:89:19: error: &#39;ADSC&#39; was not declared in this scope
     ADCSRA |= _BV(ADSC); // Start conversion
                   ^
/home/ec2-user/arduino-testlib/cli-datadir/data/packages/esp32/hardware/esp32/1.0.6/cores/esp32/Arduino.h:99:25: note: in definition of macro &#39;_BV&#39;
 #define _BV(b) (1UL &lt;&lt; (b))
                         ^
/home/ec2-user/arduino-testlib/cli-datadir/user/libraries/AVRUtils/AVRUtils.cpp:90:34: error: &#39;bit_is_set&#39; was not declared in this scope
     while (bit_is_set(ADCSRA,ADSC)); // measuring
                                  ^
/home/ec2-user/arduino-testlib/cli-datadir/user/libraries/AVRUtils/AVRUtils.cpp:92:20: error: &#39;ADCL&#39; was not declared in this scope
     uint8_t low  = ADCL; // must read ADCL first - it then locks ADCH
                    ^
/home/ec2-user/arduino-testlib/cli-datadir/user/libraries/AVRUtils/AVRUtils.cpp:93:20: error: &#39;ADCH&#39; was not declared in this scope
     uint8_t high = ADCH; // unlocks both
                    ^

</pre>
					
				
			</div>
		</div>
	</div>
  </body>
</html>
