
<!doctype html>
<html lang="en">
  <head>
    <meta charset="utf-8">
    <meta name="viewport" content="width=device-width, initial-scale=1">
    <link href="https://cdn.jsdelivr.net/npm/bootstrap@5.0.2/dist/css/bootstrap.min.css" rel="stylesheet" integrity="sha384-EVSTQN3/azprG1Anm3QDgpJLIm9Nao0Yz1ztcQTwFspd3yD65VohhpuuCOmLASjC" crossorigin="anonymous">
    <title>arduino-testlib report</title>
	<style>
	.pass { background-color: #00FF00 !important; }
	.fail { background-color: #FF0000 !important; }
	</style>
  </head>
  <body>
	<div class="container">
		<div class="row">
			<div class="col">
				<h1>Azure SDK for C - compatibility matrix</h1>
				<p>
					<small>This report was generated on Monday, 21-Feb-22 12:00:25 CET using 
					<a href="https://github.com/alranel/arduino-testlib">arduino-testlib</a>.</small>
				</p>

				<h2>Azure SDK for C</h2>
				<p>
					Version: <b>1.0.0-beta.3</b>
					<br />
					<a href="https://www.arduino.cc/reference/en/libraries/azure-sdk-for-c/">More details</a>
				</p>

				<h2>Compatibility matrix</h2>
				<table class="table table-bordered">
					<tr>
						<th>Board</th>
						<th>Claims compatibility</th>
						<th>Inclusion</th>
						
						<th><pre>Azure_IoT_Hub_RealtekAmebaD</pre></th>
						
						<th><pre>Azure_IoT_Central_ESP32</pre></th>
						
						<th><pre>Azure_IoT_Central_ESP32_AzureIoTKit</pre></th>
						
						<th><pre>Azure_IoT_Hub_ESP32</pre></th>
						
						<th><pre>Azure_IoT_Hub_ESP8266</pre></th>
						
					</tr>
					
					<tr>
						<td>
							<a href="#arduino%3aavr%3auno"><b>arduino:avr:uno</b></a>
							<br />
							<small>1.8.4</small>
						</td>

						
							<td>Yes</td>
							<td class="pass">PASS</td>
						
						
						
						

						
							
								
									
										
									
										
									
										
									
										
									
										
											
											<td class="fail">FAIL</td>
										
									
								
							
								
							
								
							
								
							
								
							
						
							
								
									
										
											
											<td class="fail">FAIL</td>
										
									
										
									
										
									
										
									
										
									
								
							
								
							
								
							
								
							
								
							
						
							
								
									
										
									
										
											
											<td class="fail">FAIL</td>
										
									
										
									
										
									
										
									
								
							
								
							
								
							
								
							
								
							
						
							
								
									
										
									
										
									
										
											
											<td class="fail">FAIL</td>
										
									
										
									
										
									
								
							
								
							
								
							
								
							
								
							
						
							
								
									
										
									
										
									
										
									
										
											
											<td class="fail">FAIL</td>
										
									
										
									
								
							
								
							
								
							
								
							
								
							
						
					</tr>
					
					<tr>
						<td>
							<a href="#arduino%3ambed_nano%3ananorp2040connect"><b>arduino:mbed_nano:nanorp2040connect</b></a>
							<br />
							<small>2.7.2</small>
						</td>

						
							<td>Yes</td>
							<td class="pass">PASS</td>
						
						
						
						

						
							
								
							
								
									
										
									
										
									
										
									
										
									
										
											
											<td class="fail">FAIL</td>
										
									
								
							
								
							
								
							
								
							
						
							
								
							
								
									
										
											
											<td class="fail">FAIL</td>
										
									
										
									
										
									
										
									
										
									
								
							
								
							
								
							
								
							
						
							
								
							
								
									
										
									
										
											
											<td class="fail">FAIL</td>
										
									
										
									
										
									
										
									
								
							
								
							
								
							
								
							
						
							
								
							
								
									
										
									
										
									
										
											
											<td class="fail">FAIL</td>
										
									
										
									
										
									
								
							
								
							
								
							
								
							
						
							
								
							
								
									
										
									
										
									
										
									
										
											
											<td class="fail">FAIL</td>
										
									
										
									
								
							
								
							
								
							
								
							
						
					</tr>
					
					<tr>
						<td>
							<a href="#arduino%3amegaavr%3anona4809"><b>arduino:megaavr:nona4809</b></a>
							<br />
							<small>1.8.7</small>
						</td>

						
							<td>Yes</td>
							<td class="pass">PASS</td>
						
						
						
						

						
							
								
							
								
							
								
									
										
									
										
									
										
									
										
									
										
											
											<td class="fail">FAIL</td>
										
									
								
							
								
							
								
							
						
							
								
							
								
							
								
									
										
											
											<td class="fail">FAIL</td>
										
									
										
									
										
									
										
									
										
									
								
							
								
							
								
							
						
							
								
							
								
							
								
									
										
									
										
											
											<td class="fail">FAIL</td>
										
									
										
									
										
									
										
									
								
							
								
							
								
							
						
							
								
							
								
							
								
									
										
									
										
									
										
											
											<td class="fail">FAIL</td>
										
									
										
									
										
									
								
							
								
							
								
							
						
							
								
							
								
							
								
									
										
									
										
									
										
									
										
											
											<td class="fail">FAIL</td>
										
									
										
									
								
							
								
							
								
							
						
					</tr>
					
					<tr>
						<td>
							<a href="#arduino%3asamd%3amkrwifi1010"><b>arduino:samd:mkrwifi1010</b></a>
							<br />
							<small>1.8.12</small>
						</td>

						
							<td>Yes</td>
							<td class="pass">PASS</td>
						
						
						
						

						
							
								
							
								
							
								
							
								
									
										
									
										
									
										
									
										
									
										
											
											<td class="fail">FAIL</td>
										
									
								
							
								
							
						
							
								
							
								
							
								
							
								
									
										
											
											<td class="fail">FAIL</td>
										
									
										
									
										
									
										
									
										
									
								
							
								
							
						
							
								
							
								
							
								
							
								
									
										
									
										
											
											<td class="fail">FAIL</td>
										
									
										
									
										
									
										
									
								
							
								
							
						
							
								
							
								
							
								
							
								
									
										
									
										
									
										
											
											<td class="fail">FAIL</td>
										
									
										
									
										
									
								
							
								
							
						
							
								
							
								
							
								
							
								
									
										
									
										
									
										
									
										
											
											<td class="fail">FAIL</td>
										
									
										
									
								
							
								
							
						
					</tr>
					
					<tr>
						<td>
							<a href="#esp32%3aesp32%3ad1_mini32"><b>esp32:esp32:d1_mini32</b></a>
							<br />
							<small>1.0.6</small>
						</td>

						
							<td>Yes</td>
							<td class="pass">PASS</td>
						
						
						
						

						
							
								
							
								
							
								
							
								
							
								
									
										
									
										
									
										
									
										
									
										
											
											<td class="fail">FAIL</td>
										
									
								
							
						
							
								
							
								
							
								
							
								
							
								
									
										
											<td class="pass">PASS</td>
											
										
									
										
									
										
									
										
									
										
									
								
							
						
							
								
							
								
							
								
							
								
							
								
									
										
									
										
											
											<td class="fail">FAIL</td>
										
									
										
									
										
									
										
									
								
							
						
							
								
							
								
							
								
							
								
							
								
									
										
									
										
									
										
											<td class="pass">PASS</td>
											
										
									
										
									
										
									
								
							
						
							
								
							
								
							
								
							
								
							
								
									
										
									
										
									
										
									
										
											
											<td class="fail">FAIL</td>
										
									
										
									
								
							
						
					</tr>
					
				</table>

				<h2>Compilation logs</h2>
				
				<h3 id="arduino:avr:uno">arduino:avr:uno @ 1.8.4</h3>
				<h4>Inclusion</h4>
				<p>
					Result: <b>PASS</b>
					
					<br />This library has no main header file so an empty one was created.
					
				</p>
				<pre class="pre-scrollable">Sketch uses 444 bytes (1%) of program storage space. Maximum is 32256 bytes.
Global variables use 13 bytes (0%) of dynamic memory, leaving 2035 bytes for local variables. Maximum is 2048 bytes.
</pre>

					
					<h4>examples/Azure_IoT_Central_ESP32</h4>
					<p>
						Result: <b>FAIL</b>
					</p>
					<pre class="pre-scrollable">/Users/alranel/Documents/git/arduino/arduino-testlib/cli-datadir/user/libraries/Azure_SDK_for_C/examples/Azure_IoT_Central_ESP32/Azure_IoT_Central_ESP32.ino:33:10: fatal error: cstdlib: No such file or directory
 #include &lt;cstdlib&gt;
          ^~~~~~~~~
compilation terminated.

</pre>
					
					<h4>examples/Azure_IoT_Central_ESP32_AzureIoTKit</h4>
					<p>
						Result: <b>FAIL</b>
					</p>
					<pre class="pre-scrollable">/Users/alranel/Documents/git/arduino/arduino-testlib/cli-datadir/user/libraries/Azure_SDK_for_C/examples/Azure_IoT_Central_ESP32_AzureIoTKit/Azure_IoT_Central_ESP32_AzureIoTKit.ino:39:10: fatal error: cstdlib: No such file or directory
 #include &lt;cstdlib&gt;
          ^~~~~~~~~
compilation terminated.

</pre>
					
					<h4>examples/Azure_IoT_Hub_ESP32</h4>
					<p>
						Result: <b>FAIL</b>
					</p>
					<pre class="pre-scrollable">/Users/alranel/Documents/git/arduino/arduino-testlib/cli-datadir/user/libraries/Azure_SDK_for_C/examples/Azure_IoT_Hub_ESP32/Azure_IoT_Hub_ESP32.ino:25:10: fatal error: cstdlib: No such file or directory
 #include &lt;cstdlib&gt;
          ^~~~~~~~~
compilation terminated.

</pre>
					
					<h4>examples/Azure_IoT_Hub_ESP8266</h4>
					<p>
						Result: <b>FAIL</b>
					</p>
					<pre class="pre-scrollable">/Users/alranel/Documents/git/arduino/arduino-testlib/cli-datadir/user/libraries/Azure_SDK_for_C/examples/Azure_IoT_Hub_ESP8266/Azure_IoT_Hub_ESP8266.ino:28:10: fatal error: cstdlib: No such file or directory
 #include &lt;cstdlib&gt;
          ^~~~~~~~~
compilation terminated.

</pre>
					
					<h4>examples/Azure_IoT_Hub_RealtekAmebaD</h4>
					<p>
						Result: <b>FAIL</b>
					</p>
					<pre class="pre-scrollable">/Users/alranel/Documents/git/arduino/arduino-testlib/cli-datadir/user/libraries/Azure_SDK_for_C/examples/Azure_IoT_Hub_RealtekAmebaD/Azure_IoT_Hub_RealtekAmebaD.ino:7:10: fatal error: cstdlib: No such file or directory
 #include &lt;cstdlib&gt;
          ^~~~~~~~~
compilation terminated.

</pre>
					
				
				<h3 id="arduino:mbed_nano:nanorp2040connect">arduino:mbed_nano:nanorp2040connect @ 2.7.2</h3>
				<h4>Inclusion</h4>
				<p>
					Result: <b>PASS</b>
					
				</p>
				<pre class="pre-scrollable">Sketch uses 78756 bytes (0%) of program storage space. Maximum is 16777216 bytes.
Global variables use 43444 bytes (16%) of dynamic memory, leaving 226892 bytes for local variables. Maximum is 270336 bytes.
</pre>

					
					<h4>examples/Azure_IoT_Central_ESP32</h4>
					<p>
						Result: <b>FAIL</b>
					</p>
					<pre class="pre-scrollable">/home/ec2-user/arduino-testlib/cli-datadir/user/libraries/Azure_SDK_for_C/examples/Azure_IoT_Central_ESP32/Azure_IoT_Central_ESP32.ino:45:10: fatal error: mqtt_client.h: No such file or directory
 #include &lt;mqtt_client.h&gt;
          ^~~~~~~~~~~~~~~
compilation terminated.
Multiple libraries were found for &#34;WiFi.h&#34;
  Used: /home/ec2-user/arduino-testlib/cli-datadir/user/libraries/WiFi
  Not used: /home/ec2-user/arduino-testlib/cli-datadir/user/libraries/Seeed_Arduino_rpcWiFi
  Not used: /home/ec2-user/arduino-testlib/cli-datadir/user/libraries/WiFiNINA
  Not used: /home/ec2-user/arduino-testlib/cli-datadir/user/libraries/WiFiEspAT
</pre>
					
					<h4>examples/Azure_IoT_Central_ESP32_AzureIoTKit</h4>
					<p>
						Result: <b>FAIL</b>
					</p>
					<pre class="pre-scrollable">/home/ec2-user/arduino-testlib/cli-datadir/user/libraries/Azure_SDK_for_C/examples/Azure_IoT_Central_ESP32_AzureIoTKit/Azure_IoT_Central_ESP32_AzureIoTKit.ino:51:10: fatal error: mqtt_client.h: No such file or directory
 #include &lt;mqtt_client.h&gt;
          ^~~~~~~~~~~~~~~
compilation terminated.
Multiple libraries were found for &#34;WiFi.h&#34;
  Used: /home/ec2-user/arduino-testlib/cli-datadir/user/libraries/WiFi
  Not used: /home/ec2-user/arduino-testlib/cli-datadir/user/libraries/WiFiEspAT
  Not used: /home/ec2-user/arduino-testlib/cli-datadir/user/libraries/WiFiNINA
  Not used: /home/ec2-user/arduino-testlib/cli-datadir/user/libraries/Seeed_Arduino_rpcWiFi
</pre>
					
					<h4>examples/Azure_IoT_Hub_ESP32</h4>
					<p>
						Result: <b>FAIL</b>
					</p>
					<pre class="pre-scrollable">/home/ec2-user/arduino-testlib/cli-datadir/user/libraries/Azure_SDK_for_C/examples/Azure_IoT_Hub_ESP32/Azure_IoT_Hub_ESP32.ino:31:10: fatal error: mqtt_client.h: No such file or directory
 #include &lt;mqtt_client.h&gt;
          ^~~~~~~~~~~~~~~
compilation terminated.
Multiple libraries were found for &#34;WiFi.h&#34;
  Used: /home/ec2-user/arduino-testlib/cli-datadir/user/libraries/WiFi
  Not used: /home/ec2-user/arduino-testlib/cli-datadir/user/libraries/Seeed_Arduino_rpcWiFi
  Not used: /home/ec2-user/arduino-testlib/cli-datadir/user/libraries/WiFiEspAT
  Not used: /home/ec2-user/arduino-testlib/cli-datadir/user/libraries/WiFiNINA
</pre>
					
					<h4>examples/Azure_IoT_Hub_ESP8266</h4>
					<p>
						Result: <b>FAIL</b>
					</p>
					<pre class="pre-scrollable">/home/ec2-user/arduino-testlib/cli-datadir/user/libraries/Azure_SDK_for_C/examples/Azure_IoT_Hub_ESP8266/Azure_IoT_Hub_ESP8266.ino:31:10: fatal error: ESP8266WiFi.h: No such file or directory
 #include &lt;ESP8266WiFi.h&gt;
          ^~~~~~~~~~~~~~~
compilation terminated.

</pre>
					
					<h4>examples/Azure_IoT_Hub_RealtekAmebaD</h4>
					<p>
						Result: <b>FAIL</b>
					</p>
					<pre class="pre-scrollable">/home/ec2-user/arduino-testlib/cli-datadir/user/libraries/Azure_SDK_for_C/examples/Azure_IoT_Hub_RealtekAmebaD/Azure_IoT_Hub_RealtekAmebaD.ino:11:10: fatal error: sntp/sntp.h: No such file or directory
 #include &lt;sntp/sntp.h&gt;
          ^~~~~~~~~~~~~
compilation terminated.
Multiple libraries were found for &#34;NTPClient.h&#34;
  Used: /home/ec2-user/arduino-testlib/cli-datadir/user/libraries/NTPClient
  Not used: /home/ec2-user/arduino-testlib/cli-datadir/user/libraries/iSYNC_BC95_Arduino
  Not used: /home/ec2-user/arduino-testlib/cli-datadir/user/libraries/ESP8266_Weather_Station
  Not used: /home/ec2-user/arduino-testlib/cli-datadir/user/libraries/microgear-nbiot
</pre>
					
				
				<h3 id="arduino:megaavr:nona4809">arduino:megaavr:nona4809 @ 1.8.7</h3>
				<h4>Inclusion</h4>
				<p>
					Result: <b>PASS</b>
					
				</p>
				<pre class="pre-scrollable">Sketch uses 802 bytes (1%) of program storage space. Maximum is 49152 bytes.
Global variables use 26 bytes (0%) of dynamic memory, leaving 6118 bytes for local variables. Maximum is 6144 bytes.
</pre>

					
					<h4>examples/Azure_IoT_Central_ESP32</h4>
					<p>
						Result: <b>FAIL</b>
					</p>
					<pre class="pre-scrollable">/home/ec2-user/arduino-testlib/cli-datadir/user/libraries/Azure_SDK_for_C/examples/Azure_IoT_Central_ESP32/Azure_IoT_Central_ESP32.ino:33:10: fatal error: cstdlib: No such file or directory
 #include &lt;cstdlib&gt;
          ^~~~~~~~~
compilation terminated.

</pre>
					
					<h4>examples/Azure_IoT_Central_ESP32_AzureIoTKit</h4>
					<p>
						Result: <b>FAIL</b>
					</p>
					<pre class="pre-scrollable">/home/ec2-user/arduino-testlib/cli-datadir/user/libraries/Azure_SDK_for_C/examples/Azure_IoT_Central_ESP32_AzureIoTKit/Azure_IoT_Central_ESP32_AzureIoTKit.ino:39:10: fatal error: cstdlib: No such file or directory
 #include &lt;cstdlib&gt;
          ^~~~~~~~~
compilation terminated.

</pre>
					
					<h4>examples/Azure_IoT_Hub_ESP32</h4>
					<p>
						Result: <b>FAIL</b>
					</p>
					<pre class="pre-scrollable">/home/ec2-user/arduino-testlib/cli-datadir/user/libraries/Azure_SDK_for_C/examples/Azure_IoT_Hub_ESP32/Azure_IoT_Hub_ESP32.ino:25:10: fatal error: cstdlib: No such file or directory
 #include &lt;cstdlib&gt;
          ^~~~~~~~~
compilation terminated.

</pre>
					
					<h4>examples/Azure_IoT_Hub_ESP8266</h4>
					<p>
						Result: <b>FAIL</b>
					</p>
					<pre class="pre-scrollable">/home/ec2-user/arduino-testlib/cli-datadir/user/libraries/Azure_SDK_for_C/examples/Azure_IoT_Hub_ESP8266/Azure_IoT_Hub_ESP8266.ino:28:10: fatal error: cstdlib: No such file or directory
 #include &lt;cstdlib&gt;
          ^~~~~~~~~
compilation terminated.

</pre>
					
					<h4>examples/Azure_IoT_Hub_RealtekAmebaD</h4>
					<p>
						Result: <b>FAIL</b>
					</p>
					<pre class="pre-scrollable">/home/ec2-user/arduino-testlib/cli-datadir/user/libraries/Azure_SDK_for_C/examples/Azure_IoT_Hub_RealtekAmebaD/Azure_IoT_Hub_RealtekAmebaD.ino:7:10: fatal error: cstdlib: No such file or directory
 #include &lt;cstdlib&gt;
          ^~~~~~~~~
compilation terminated.

</pre>
					
				
				<h3 id="arduino:samd:mkrwifi1010">arduino:samd:mkrwifi1010 @ 1.8.12</h3>
				<h4>Inclusion</h4>
				<p>
					Result: <b>PASS</b>
					
					<br />This library has no main header file so an empty one was created.
					
				</p>
				<pre class="pre-scrollable">Sketch uses 12252 bytes (4%) of program storage space. Maximum is 262144 bytes.
Global variables use 2996 bytes (9%) of dynamic memory, leaving 29772 bytes for local variables. Maximum is 32768 bytes.
</pre>

					
					<h4>examples/Azure_IoT_Central_ESP32</h4>
					<p>
						Result: <b>FAIL</b>
					</p>
					<pre class="pre-scrollable">/Users/alranel/Documents/git/arduino/arduino-testlib/cli-datadir/user/libraries/Azure_SDK_for_C/examples/Azure_IoT_Central_ESP32/Azure_IoT_Central_ESP32.ino:39:10: fatal error: mbedtls/base64.h: No such file or directory
 #include &lt;mbedtls/base64.h&gt;
          ^~~~~~~~~~~~~~~~~~
compilation terminated.

</pre>
					
					<h4>examples/Azure_IoT_Central_ESP32_AzureIoTKit</h4>
					<p>
						Result: <b>FAIL</b>
					</p>
					<pre class="pre-scrollable">/Users/alranel/Documents/git/arduino/arduino-testlib/cli-datadir/user/libraries/Azure_SDK_for_C/examples/Azure_IoT_Central_ESP32_AzureIoTKit/Azure_IoT_Central_ESP32_AzureIoTKit.ino:45:10: fatal error: mbedtls/base64.h: No such file or directory
 #include &lt;mbedtls/base64.h&gt;
          ^~~~~~~~~~~~~~~~~~
compilation terminated.

</pre>
					
					<h4>examples/Azure_IoT_Hub_ESP32</h4>
					<p>
						Result: <b>FAIL</b>
					</p>
					<pre class="pre-scrollable">/Users/alranel/Documents/git/arduino/arduino-testlib/cli-datadir/user/libraries/Azure_SDK_for_C/examples/Azure_IoT_Hub_ESP32/Azure_IoT_Hub_ESP32.ino:31:10: fatal error: mqtt_client.h: No such file or directory
 #include &lt;mqtt_client.h&gt;
          ^~~~~~~~~~~~~~~
compilation terminated.
Multiple libraries were found for &#34;WiFi.h&#34;
  Used: /Users/alranel/Documents/git/arduino/arduino-testlib/cli-datadir/user/libraries/WiFi
  Not used: /Users/alranel/Documents/git/arduino/arduino-testlib/cli-datadir/user/libraries/WiFiEspAT
  Not used: /Users/alranel/Documents/git/arduino/arduino-testlib/cli-datadir/user/libraries/WiFiNINA
  Not used: /Users/alranel/Documents/git/arduino/arduino-testlib/cli-datadir/user/libraries/Seeed_Arduino_rpcWiFi
</pre>
					
					<h4>examples/Azure_IoT_Hub_ESP8266</h4>
					<p>
						Result: <b>FAIL</b>
					</p>
					<pre class="pre-scrollable">/Users/alranel/Documents/git/arduino/arduino-testlib/cli-datadir/user/libraries/Azure_SDK_for_C/examples/Azure_IoT_Hub_ESP8266/Azure_IoT_Hub_ESP8266.ino:31:10: fatal error: ESP8266WiFi.h: No such file or directory
 #include &lt;ESP8266WiFi.h&gt;
          ^~~~~~~~~~~~~~~
compilation terminated.

</pre>
					
					<h4>examples/Azure_IoT_Hub_RealtekAmebaD</h4>
					<p>
						Result: <b>FAIL</b>
					</p>
					<pre class="pre-scrollable">/Users/alranel/Documents/git/arduino/arduino-testlib/cli-datadir/user/libraries/Azure_SDK_for_C/examples/Azure_IoT_Hub_RealtekAmebaD/Azure_IoT_Hub_RealtekAmebaD.ino:11:10: fatal error: sntp/sntp.h: No such file or directory
 #include &lt;sntp/sntp.h&gt;
          ^~~~~~~~~~~~~
compilation terminated.
Multiple libraries were found for &#34;NTPClient.h&#34;
  Used: /Users/alranel/Documents/git/arduino/arduino-testlib/cli-datadir/user/libraries/NTPClient
  Not used: /Users/alranel/Documents/git/arduino/arduino-testlib/cli-datadir/user/libraries/ESP8266_Weather_Station
  Not used: /Users/alranel/Documents/git/arduino/arduino-testlib/cli-datadir/user/libraries/iSYNC_BC95_Arduino
  Not used: /Users/alranel/Documents/git/arduino/arduino-testlib/cli-datadir/user/libraries/microgear-nbiot
</pre>
					
				
				<h3 id="esp32:esp32:d1_mini32">esp32:esp32:d1_mini32 @ 1.0.6</h3>
				<h4>Inclusion</h4>
				<p>
					Result: <b>PASS</b>
					
				</p>
				<pre class="pre-scrollable">Sketch uses 197736 bytes (15%) of program storage space. Maximum is 1310720 bytes.
Global variables use 13084 bytes (3%) of dynamic memory, leaving 314596 bytes for local variables. Maximum is 327680 bytes.
</pre>

					
					<h4>examples/Azure_IoT_Central_ESP32</h4>
					<p>
						Result: <b>PASS</b>
					</p>
					<pre class="pre-scrollable">Sketch uses 872413 bytes (66%) of program storage space. Maximum is 1310720 bytes.
Global variables use 43464 bytes (13%) of dynamic memory, leaving 284216 bytes for local variables. Maximum is 327680 bytes.
</pre>
					
					<h4>examples/Azure_IoT_Central_ESP32_AzureIoTKit</h4>
					<p>
						Result: <b>FAIL</b>
					</p>
					<pre class="pre-scrollable">/home/ec2-user/arduino-testlib/cli-datadir/user/libraries/Espressif_ESP32_Azure_IoT_Kit_Sensors/src/led.c:5:28: fatal error: hal/gpio_types.h: No such file or directory
compilation terminated.
Multiple libraries were found for &#34;WiFi.h&#34;
  Used: /home/ec2-user/arduino-testlib/cli-datadir/data/packages/esp32/hardware/esp32/1.0.6/libraries/WiFi
  Not used: /home/ec2-user/arduino-testlib/cli-datadir/user/libraries/WiFi
  Not used: /home/ec2-user/arduino-testlib/cli-datadir/user/libraries/Seeed_Arduino_rpcWiFi
  Not used: /home/ec2-user/arduino-testlib/cli-datadir/user/libraries/WiFiEspAT
  Not used: /home/ec2-user/arduino-testlib/cli-datadir/user/libraries/WiFiNINA
</pre>
					
					<h4>examples/Azure_IoT_Hub_ESP32</h4>
					<p>
						Result: <b>PASS</b>
					</p>
					<pre class="pre-scrollable">Sketch uses 841189 bytes (64%) of program storage space. Maximum is 1310720 bytes.
Global variables use 42208 bytes (12%) of dynamic memory, leaving 285472 bytes for local variables. Maximum is 327680 bytes.
</pre>
					
					<h4>examples/Azure_IoT_Hub_ESP8266</h4>
					<p>
						Result: <b>FAIL</b>
					</p>
					<pre class="pre-scrollable">/home/ec2-user/arduino-testlib/cli-datadir/user/libraries/Azure_SDK_for_C/examples/Azure_IoT_Hub_ESP8266/Azure_IoT_Hub_ESP8266.ino:31:25: fatal error: ESP8266WiFi.h: No such file or directory
compilation terminated.

</pre>
					
					<h4>examples/Azure_IoT_Hub_RealtekAmebaD</h4>
					<p>
						Result: <b>FAIL</b>
					</p>
					<pre class="pre-scrollable">/home/ec2-user/arduino-testlib/cli-datadir/user/libraries/Azure_SDK_for_C/examples/Azure_IoT_Hub_RealtekAmebaD/Azure_IoT_Hub_RealtekAmebaD.ino:43:8: error: &#39;WiFiSSLClient&#39; does not name a type
 static WiFiSSLClient wifi_client;
        ^
/home/ec2-user/arduino-testlib/cli-datadir/user/libraries/Azure_SDK_for_C/examples/Azure_IoT_Hub_RealtekAmebaD/Azure_IoT_Hub_RealtekAmebaD.ino:44:33: error: &#39;wifi_client&#39; was not declared in this scope
 static PubSubClient mqtt_client(wifi_client);
                                 ^
/home/ec2-user/arduino-testlib/cli-datadir/user/libraries/Azure_SDK_for_C/examples/Azure_IoT_Hub_RealtekAmebaD/Azure_IoT_Hub_RealtekAmebaD.ino:59:36: error: &#39;u8&#39; does not name a type
   extern int rom_hmac_sha256(const u8 *key, size_t key_len, const u8 *data, size_t data_len, u8 *mac);
                                    ^
/home/ec2-user/arduino-testlib/cli-datadir/user/libraries/Azure_SDK_for_C/examples/Azure_IoT_Hub_RealtekAmebaD/Azure_IoT_Hub_RealtekAmebaD.ino:59:67: error: &#39;u8&#39; does not name a type
   extern int rom_hmac_sha256(const u8 *key, size_t key_len, const u8 *data, size_t data_len, u8 *mac);
                                                                   ^
/home/ec2-user/arduino-testlib/cli-datadir/user/libraries/Azure_SDK_for_C/examples/Azure_IoT_Hub_RealtekAmebaD/Azure_IoT_Hub_RealtekAmebaD.ino:59:94: error: &#39;u8&#39; has not been declared
   extern int rom_hmac_sha256(const u8 *key, size_t key_len, const u8 *data, size_t data_len, u8 *mac);
                                                                                              ^
/home/ec2-user/arduino-testlib/cli-datadir/user/libraries/Azure_SDK_for_C/examples/Azure_IoT_Hub_RealtekAmebaD/Azure_IoT_Hub_RealtekAmebaD.ino: In function &#39;void initializeClients()&#39;:
/home/ec2-user/arduino-testlib/cli-datadir/user/libraries/Azure_SDK_for_C/examples/Azure_IoT_Hub_RealtekAmebaD/Azure_IoT_Hub_RealtekAmebaD.ino:117:3: error: &#39;wifi_client&#39; was not declared in this scope
   wifi_client.setRootCA(ca_pem_nullterm);
   ^
/home/ec2-user/arduino-testlib/cli-datadir/user/libraries/Azure_SDK_for_C/examples/Azure_IoT_Hub_RealtekAmebaD/Azure_IoT_Hub_RealtekAmebaD.ino: In function &#39;int64_t iot_sample_get_epoch_expiration_time_from_minutes(uint32_t)&#39;:
/home/ec2-user/arduino-testlib/cli-datadir/user/libraries/Azure_SDK_for_C/examples/Azure_IoT_Hub_RealtekAmebaD/Azure_IoT_Hub_RealtekAmebaD.ino:143:13: error: &#39;sntp_init&#39; was not declared in this scope
   sntp_init();
             ^
/home/ec2-user/arduino-testlib/cli-datadir/user/libraries/Azure_SDK_for_C/examples/Azure_IoT_Hub_RealtekAmebaD/Azure_IoT_Hub_RealtekAmebaD.ino:145:36: error: &#39;sntp_get_lasttime&#39; was not declared in this scope
   sntp_get_lasttime(&amp;ts, &amp;tus, &amp;ttk);
                                    ^
/home/ec2-user/arduino-testlib/cli-datadir/user/libraries/Azure_SDK_for_C/examples/Azure_IoT_Hub_RealtekAmebaD/Azure_IoT_Hub_RealtekAmebaD.ino: In function &#39;void hmac_sha256_sign_signature(az_span, az_span, az_span, az_span*)&#39;:
/home/ec2-user/arduino-testlib/cli-datadir/user/libraries/Azure_SDK_for_C/examples/Azure_IoT_Hub_RealtekAmebaD/Azure_IoT_Hub_RealtekAmebaD.ino:166:34: error: cannot convert &#39;uint8_t* {aka unsigned char*}&#39; to &#39;const int*&#39; for argument &#39;1&#39; to &#39;int rom_hmac_sha256(const int*, size_t, const int*, size_t, int*)&#39;
     az_span_ptr(signed_signature)) != 0)
                                  ^
Multiple libraries were found for &#34;WiFi.h&#34;
  Used: /home/ec2-user/arduino-testlib/cli-datadir/data/packages/esp32/hardware/esp32/1.0.6/libraries/WiFi
  Not used: /home/ec2-user/arduino-testlib/cli-datadir/user/libraries/WiFi
  Not used: /home/ec2-user/arduino-testlib/cli-datadir/user/libraries/Seeed_Arduino_rpcWiFi
  Not used: /home/ec2-user/arduino-testlib/cli-datadir/user/libraries/WiFiNINA
  Not used: /home/ec2-user/arduino-testlib/cli-datadir/user/libraries/WiFiEspAT
Multiple libraries were found for &#34;PubSubClient.h&#34;
  Used: /home/ec2-user/arduino-testlib/cli-datadir/user/libraries/PubSubClient
  Not used: /home/ec2-user/arduino-testlib/cli-datadir/user/libraries/AzureIoTHubMQTTClient
  Not used: /home/ec2-user/arduino-testlib/cli-datadir/user/libraries/ACS-M1128
  Not used: /home/ec2-user/arduino-testlib/cli-datadir/user/libraries/CMMC_MQTT_Connector
  Not used: /home/ec2-user/arduino-testlib/cli-datadir/user/libraries/AllThingsTalk_WiFi_SDK
  Not used: /home/ec2-user/arduino-testlib/cli-datadir/user/libraries/Antares_ESP8266_MQTT
  Not used: /home/ec2-user/arduino-testlib/cli-datadir/user/libraries/ESP8266_Microgear
  Not used: /home/ec2-user/arduino-testlib/cli-datadir/user/libraries/AIS_4G_board
Multiple libraries were found for &#34;NTPClient.h&#34;
  Used: /home/ec2-user/arduino-testlib/cli-datadir/user/libraries/NTPClient
  Not used: /home/ec2-user/arduino-testlib/cli-datadir/user/libraries/ESP8266_Weather_Station
  Not used: /home/ec2-user/arduino-testlib/cli-datadir/user/libraries/iSYNC_BC95_Arduino
  Not used: /home/ec2-user/arduino-testlib/cli-datadir/user/libraries/microgear-nbiot
</pre>
					
				
			</div>
		</div>
	</div>
  </body>
</html>
