
<!doctype html>
<html lang="en">
  <head>
    <meta charset="utf-8">
    <meta name="viewport" content="width=device-width, initial-scale=1">
    <link href="https://cdn.jsdelivr.net/npm/bootstrap@5.0.2/dist/css/bootstrap.min.css" rel="stylesheet" integrity="sha384-EVSTQN3/azprG1Anm3QDgpJLIm9Nao0Yz1ztcQTwFspd3yD65VohhpuuCOmLASjC" crossorigin="anonymous">
    <title>arduino-testlib report</title>
	<style>
	.pass { background-color: #00FF00 !important; }
	.fail { background-color: #FF0000 !important; }
	</style>
  </head>
  <body>
	<div class="container">
		<div class="row">
			<div class="col">
				<h1>BlueDisplay - compatibility matrix</h1>
				<p>
					<small>This report was generated on Monday, 21-Feb-22 12:00:25 CET using 
					<a href="https://github.com/alranel/arduino-testlib">arduino-testlib</a>.</small>
				</p>

				<h2>BlueDisplay</h2>
				<p>
					Version: <b>2.1.1</b>
					<br />
					<a href="https://www.arduino.cc/reference/en/libraries/bluedisplay/">More details</a>
				</p>

				<h2>Compatibility matrix</h2>
				<table class="table table-bordered">
					<tr>
						<th>Board</th>
						<th>Claims compatibility</th>
						<th>Inclusion</th>
						
						<th><pre>BlueDisplayBlink</pre></th>
						
						<th><pre>BlueDisplayExample</pre></th>
						
						<th><pre>RcCarControl</pre></th>
						
						<th><pre>ServoExample</pre></th>
						
						<th><pre>SimpleTouchScreenDSO</pre></th>
						
						<th><pre>US_Distance</pre></th>
						
						<th><pre>BTModuleProgrammer</pre></th>
						
					</tr>
					
					<tr>
						<td>
							<a href="#arduino%3aavr%3auno"><b>arduino:avr:uno</b></a>
							<br />
							<small>1.8.4</small>
						</td>

						
							<td>Yes</td>
							<td class="pass">PASS</td>
						
						
						
						

						
							
								
									
										
									
										
											<td class="pass">PASS</td>
											
										
									
										
									
										
									
										
									
										
									
										
									
								
							
								
							
								
							
								
							
								
							
						
							
								
									
										
									
										
									
										
											<td class="pass">PASS</td>
											
										
									
										
									
										
									
										
									
										
									
								
							
								
							
								
							
								
							
								
							
						
							
								
									
										
									
										
									
										
									
										
											<td class="pass">PASS</td>
											
										
									
										
									
										
									
										
									
								
							
								
							
								
							
								
							
								
							
						
							
								
									
										
									
										
									
										
									
										
									
										
											<td class="pass">PASS</td>
											
										
									
										
									
										
									
								
							
								
							
								
							
								
							
								
							
						
							
								
									
										
									
										
									
										
									
										
									
										
									
										
											<td class="pass">PASS</td>
											
										
									
										
									
								
							
								
							
								
							
								
							
								
							
						
							
								
									
										
									
										
									
										
									
										
									
										
									
										
									
										
											<td class="pass">PASS</td>
											
										
									
								
							
								
							
								
							
								
							
								
							
						
							
								
									
										
											<td class="pass">PASS</td>
											
										
									
										
									
										
									
										
									
										
									
										
									
										
									
								
							
								
							
								
							
								
							
								
							
						
					</tr>
					
					<tr>
						<td>
							<a href="#arduino%3ambed_nano%3ananorp2040connect"><b>arduino:mbed_nano:nanorp2040connect</b></a>
							<br />
							<small>2.7.2</small>
						</td>

						
						
							<td>No ⚠️</td>
							<td class="pass">PASS</td>
						
						
						

						
							
								
							
								
									
										
									
										
											<td class="pass">PASS</td>
											
										
									
										
									
										
									
										
									
										
									
										
									
								
							
								
							
								
							
								
							
						
							
								
							
								
									
										
									
										
									
										
											<td class="pass">PASS</td>
											
										
									
										
									
										
									
										
									
										
									
								
							
								
							
								
							
								
							
						
							
								
							
								
									
										
									
										
									
										
									
										
											<td class="pass">PASS</td>
											
										
									
										
									
										
									
										
									
								
							
								
							
								
							
								
							
						
							
								
							
								
									
										
									
										
									
										
									
										
									
										
											<td class="pass">PASS</td>
											
										
									
										
									
										
									
								
							
								
							
								
							
								
							
						
							
								
							
								
									
										
									
										
									
										
									
										
									
										
									
										
											
											<td class="fail">FAIL</td>
										
									
										
									
								
							
								
							
								
							
								
							
						
							
								
							
								
									
										
									
										
									
										
									
										
									
										
									
										
									
										
											<td class="pass">PASS</td>
											
										
									
								
							
								
							
								
							
								
							
						
							
								
							
								
									
										
											
											<td class="fail">FAIL</td>
										
									
										
									
										
									
										
									
										
									
										
									
										
									
								
							
								
							
								
							
								
							
						
					</tr>
					
					<tr>
						<td>
							<a href="#arduino%3amegaavr%3anona4809"><b>arduino:megaavr:nona4809</b></a>
							<br />
							<small>1.8.7</small>
						</td>

						
						
						
						
							<td>No</td>
							<td class="fail">FAIL</td>
						

						
							
								
							
								
							
								
									
										
									
										
											
											<td class="fail">FAIL</td>
										
									
										
									
										
									
										
									
										
									
										
									
								
							
								
							
								
							
						
							
								
							
								
							
								
									
										
									
										
									
										
											
											<td class="fail">FAIL</td>
										
									
										
									
										
									
										
									
										
									
								
							
								
							
								
							
						
							
								
							
								
							
								
									
										
									
										
									
										
									
										
											
											<td class="fail">FAIL</td>
										
									
										
									
										
									
										
									
								
							
								
							
								
							
						
							
								
							
								
							
								
									
										
									
										
									
										
									
										
									
										
											
											<td class="fail">FAIL</td>
										
									
										
									
										
									
								
							
								
							
								
							
						
							
								
							
								
							
								
									
										
									
										
									
										
									
										
									
										
									
										
											
											<td class="fail">FAIL</td>
										
									
										
									
								
							
								
							
								
							
						
							
								
							
								
							
								
									
										
									
										
									
										
									
										
									
										
									
										
									
										
											
											<td class="fail">FAIL</td>
										
									
								
							
								
							
								
							
						
							
								
							
								
							
								
									
										
											<td class="pass">PASS</td>
											
										
									
										
									
										
									
										
									
										
									
										
									
										
									
								
							
								
							
								
							
						
					</tr>
					
					<tr>
						<td>
							<a href="#arduino%3asamd%3amkrwifi1010"><b>arduino:samd:mkrwifi1010</b></a>
							<br />
							<small>1.8.12</small>
						</td>

						
						
							<td>No ⚠️</td>
							<td class="pass">PASS</td>
						
						
						

						
							
								
							
								
							
								
							
								
									
										
									
										
											<td class="pass">PASS</td>
											
										
									
										
									
										
									
										
									
										
									
										
									
								
							
								
							
						
							
								
							
								
							
								
							
								
									
										
									
										
									
										
											<td class="pass">PASS</td>
											
										
									
										
									
										
									
										
									
										
									
								
							
								
							
						
							
								
							
								
							
								
							
								
									
										
									
										
									
										
									
										
											<td class="pass">PASS</td>
											
										
									
										
									
										
									
										
									
								
							
								
							
						
							
								
							
								
							
								
							
								
									
										
									
										
									
										
									
										
									
										
											<td class="pass">PASS</td>
											
										
									
										
									
										
									
								
							
								
							
						
							
								
							
								
							
								
							
								
									
										
									
										
									
										
									
										
									
										
									
										
											
											<td class="fail">FAIL</td>
										
									
										
									
								
							
								
							
						
							
								
							
								
							
								
							
								
									
										
									
										
									
										
									
										
									
										
									
										
									
										
											<td class="pass">PASS</td>
											
										
									
								
							
								
							
						
							
								
							
								
							
								
							
								
									
										
											
											<td class="fail">FAIL</td>
										
									
										
									
										
									
										
									
										
									
										
									
										
									
								
							
								
							
						
					</tr>
					
					<tr>
						<td>
							<a href="#esp32%3aesp32%3ad1_mini32"><b>esp32:esp32:d1_mini32</b></a>
							<br />
							<small>1.0.6</small>
						</td>

						
							<td>Yes</td>
							<td class="pass">PASS</td>
						
						
						
						

						
							
								
							
								
							
								
							
								
							
								
									
										
									
										
											<td class="pass">PASS</td>
											
										
									
										
									
										
									
										
									
										
									
										
									
								
							
						
							
								
							
								
							
								
							
								
							
								
									
										
									
										
									
										
											<td class="pass">PASS</td>
											
										
									
										
									
										
									
										
									
										
									
								
							
						
							
								
							
								
							
								
							
								
							
								
									
										
									
										
									
										
									
										
											
											<td class="fail">FAIL</td>
										
									
										
									
										
									
										
									
								
							
						
							
								
							
								
							
								
							
								
							
								
									
										
									
										
									
										
									
										
									
										
											
											<td class="fail">FAIL</td>
										
									
										
									
										
									
								
							
						
							
								
							
								
							
								
							
								
							
								
									
										
									
										
									
										
									
										
									
										
									
										
											
											<td class="fail">FAIL</td>
										
									
										
									
								
							
						
							
								
							
								
							
								
							
								
							
								
									
										
									
										
									
										
									
										
									
										
									
										
									
										
											<td class="pass">PASS</td>
											
										
									
								
							
						
							
								
							
								
							
								
							
								
							
								
									
										
											<td class="pass">PASS</td>
											
										
									
										
									
										
									
										
									
										
									
										
									
										
									
								
							
						
					</tr>
					
				</table>

				<h2>Compilation logs</h2>
				
				<h3 id="arduino:avr:uno">arduino:avr:uno @ 1.8.4</h3>
				<h4>Inclusion</h4>
				<p>
					Result: <b>PASS</b>
					
				</p>
				<pre class="pre-scrollable">Sketch uses 906 bytes (2%) of program storage space. Maximum is 32256 bytes.
Global variables use 74 bytes (3%) of dynamic memory, leaving 1974 bytes for local variables. Maximum is 2048 bytes.
</pre>

					
					<h4>examples/BTModuleProgrammer</h4>
					<p>
						Result: <b>PASS</b>
					</p>
					<pre class="pre-scrollable">Sketch uses 7430 bytes (23%) of program storage space. Maximum is 32256 bytes.
Global variables use 1819 bytes (88%) of dynamic memory, leaving 229 bytes for local variables. Maximum is 2048 bytes.
Low memory available, stability problems may occur.
</pre>
					
					<h4>examples/BlueDisplayBlink</h4>
					<p>
						Result: <b>PASS</b>
					</p>
					<pre class="pre-scrollable">Sketch uses 4520 bytes (14%) of program storage space. Maximum is 32256 bytes.
Global variables use 298 bytes (14%) of dynamic memory, leaving 1750 bytes for local variables. Maximum is 2048 bytes.
</pre>
					
					<h4>examples/BlueDisplayExample</h4>
					<p>
						Result: <b>PASS</b>
					</p>
					<pre class="pre-scrollable">Sketch uses 9652 bytes (29%) of program storage space. Maximum is 32256 bytes.
Global variables use 547 bytes (26%) of dynamic memory, leaving 1501 bytes for local variables. Maximum is 2048 bytes.
</pre>
					
					<h4>examples/RcCarControl</h4>
					<p>
						Result: <b>PASS</b>
					</p>
					<pre class="pre-scrollable">Sketch uses 13426 bytes (41%) of program storage space. Maximum is 32256 bytes.
Global variables use 525 bytes (25%) of dynamic memory, leaving 1523 bytes for local variables. Maximum is 2048 bytes.
</pre>
					
					<h4>examples/ServoExample</h4>
					<p>
						Result: <b>PASS</b>
					</p>
					<pre class="pre-scrollable">Sketch uses 17406 bytes (53%) of program storage space. Maximum is 32256 bytes.
Global variables use 688 bytes (33%) of dynamic memory, leaving 1360 bytes for local variables. Maximum is 2048 bytes.
</pre>
					
					<h4>examples/SimpleTouchScreenDSO</h4>
					<p>
						Result: <b>PASS</b>
					</p>
					<pre class="pre-scrollable">Sketch uses 26488 bytes (82%) of program storage space. Maximum is 32256 bytes.
Global variables use 1675 bytes (81%) of dynamic memory, leaving 373 bytes for local variables. Maximum is 2048 bytes.
Low memory available, stability problems may occur.
</pre>
					
					<h4>examples/US_Distance</h4>
					<p>
						Result: <b>PASS</b>
					</p>
					<pre class="pre-scrollable">Sketch uses 8860 bytes (27%) of program storage space. Maximum is 32256 bytes.
Global variables use 485 bytes (23%) of dynamic memory, leaving 1563 bytes for local variables. Maximum is 2048 bytes.
</pre>
					
				
				<h3 id="arduino:mbed_nano:nanorp2040connect">arduino:mbed_nano:nanorp2040connect @ 2.7.2</h3>
				<h4>Inclusion</h4>
				<p>
					Result: <b>PASS</b>
					
				</p>
				<pre class="pre-scrollable">WARNING: library BlueDisplay claims to run on avr, esp8266, esp32, STM32, stm32, stm32duino, sam architecture(s) and may be incompatible with your current board which runs on mbed_nano architecture(s).
Sketch uses 78780 bytes (0%) of program storage space. Maximum is 16777216 bytes.
Global variables use 43468 bytes (16%) of dynamic memory, leaving 226868 bytes for local variables. Maximum is 270336 bytes.
</pre>

					
					<h4>examples/BTModuleProgrammer</h4>
					<p>
						Result: <b>FAIL</b>
					</p>
					<pre class="pre-scrollable">/home/ec2-user/arduino-testlib/cli-datadir/user/libraries/Dabble/src/SoftwareSerial.cpp:45:10: fatal error: util/delay_basic.h: No such file or directory
 #include &lt;util/delay_basic.h&gt;
          ^~~~~~~~~~~~~~~~~~~~
compilation terminated.
Multiple libraries were found for &#34;SoftwareSerial.h&#34;
  Used: /home/ec2-user/arduino-testlib/cli-datadir/user/libraries/Dabble
  Not used: /home/ec2-user/arduino-testlib/cli-datadir/user/libraries/Printoo_Library
  Not used: /home/ec2-user/arduino-testlib/cli-datadir/user/libraries/EspSoftwareSerial
</pre>
					
					<h4>examples/BlueDisplayBlink</h4>
					<p>
						Result: <b>PASS</b>
					</p>
					<pre class="pre-scrollable">WARNING: library BlueDisplay claims to run on avr, esp8266, esp32, STM32, stm32, stm32duino, sam architecture(s) and may be incompatible with your current board which runs on mbed_nano architecture(s).
Sketch uses 81212 bytes (0%) of program storage space. Maximum is 16777216 bytes.
Global variables use 43572 bytes (16%) of dynamic memory, leaving 226764 bytes for local variables. Maximum is 270336 bytes.
</pre>
					
					<h4>examples/BlueDisplayExample</h4>
					<p>
						Result: <b>PASS</b>
					</p>
					<pre class="pre-scrollable">WARNING: library BlueDisplay claims to run on avr, esp8266, esp32, STM32, stm32, stm32duino, sam architecture(s) and may be incompatible with your current board which runs on mbed_nano architecture(s).
Sketch uses 88888 bytes (0%) of program storage space. Maximum is 16777216 bytes.
Global variables use 43844 bytes (16%) of dynamic memory, leaving 226492 bytes for local variables. Maximum is 270336 bytes.
</pre>
					
					<h4>examples/RcCarControl</h4>
					<p>
						Result: <b>PASS</b>
					</p>
					<pre class="pre-scrollable">WARNING: library BlueDisplay claims to run on avr, esp8266, esp32, STM32, stm32, stm32duino, sam architecture(s) and may be incompatible with your current board which runs on mbed_nano architecture(s).
Sketch uses 91024 bytes (0%) of program storage space. Maximum is 16777216 bytes.
Global variables use 45332 bytes (16%) of dynamic memory, leaving 225004 bytes for local variables. Maximum is 270336 bytes.
</pre>
					
					<h4>examples/ServoExample</h4>
					<p>
						Result: <b>PASS</b>
					</p>
					<pre class="pre-scrollable">WARNING: library BlueDisplay claims to run on avr, esp8266, esp32, STM32, stm32, stm32duino, sam architecture(s) and may be incompatible with your current board which runs on mbed_nano architecture(s).
Sketch uses 102414 bytes (0%) of program storage space. Maximum is 16777216 bytes.
Global variables use 48544 bytes (17%) of dynamic memory, leaving 221792 bytes for local variables. Maximum is 270336 bytes.
</pre>
					
					<h4>examples/SimpleTouchScreenDSO</h4>
					<p>
						Result: <b>FAIL</b>
					</p>
					<pre class="pre-scrollable">/home/ec2-user/arduino-testlib/cli-datadir/user/libraries/BlueDisplay/examples/SimpleTouchScreenDSO/FrequencyGeneratorPage.cpp:48:10: fatal error: Pages.h: No such file or directory
 #include &#34;Pages.h&#34;
          ^~~~~~~~~
compilation terminated.

</pre>
					
					<h4>examples/US_Distance</h4>
					<p>
						Result: <b>PASS</b>
					</p>
					<pre class="pre-scrollable">WARNING: library BlueDisplay claims to run on avr, esp8266, esp32, STM32, stm32, stm32duino, sam architecture(s) and may be incompatible with your current board which runs on mbed_nano architecture(s).
Sketch uses 85024 bytes (0%) of program storage space. Maximum is 16777216 bytes.
Global variables use 43700 bytes (16%) of dynamic memory, leaving 226636 bytes for local variables. Maximum is 270336 bytes.
</pre>
					
				
				<h3 id="arduino:megaavr:nona4809">arduino:megaavr:nona4809 @ 1.8.7</h3>
				<h4>Inclusion</h4>
				<p>
					Result: <b>FAIL</b>
					
				</p>
				<pre class="pre-scrollable">WARNING: library BlueDisplay claims to run on avr, esp8266, esp32, STM32, stm32, stm32duino, sam architecture(s) and may be incompatible with your current board which runs on megaavr architecture(s).
In file included from /home/ec2-user/arduino-testlib/cli-datadir/user/libraries/BlueDisplay/src/BDButton.cpp:32:0:
/home/ec2-user/arduino-testlib/cli-datadir/user/libraries/BlueDisplay/src/BDButton.h:292:19: error: &#39;__FlashStringHelper&#39; does not name a type
             const __FlashStringHelper * aPGMCaption, uint8_t aCaptionSize, uint/home/ec2-user/arduino-testlib/cli-datadir/user/libraries/BlueDisplay//home/ec2-user/arduino-testlib/cli-datadir/user/libraries/BlueDisplay/src/BlueDisplay.cpp:1542:35: error: &#39;REFS0&#39; was not declared in this scope
 #define SHIFT_VALUE_FOR_REFERENCE REFS0
                                   ^
/home/ec2-user/arduino-testlib/cli-datadir/user/libraries/BlueDisplay/src/BlueDisplay.cpp:1547:45: note: in expansion of macro &#39;SHIFT_VALUE_FOR_REFERENCE&#39;
     ADMUX = aChannelNumber | (aReference &lt;&lt; SHIFT_VALUE_FOR_REFERENCE);
                                             ^~~~~~~~~~~~~~~~~~~~~~~~~
/home/ec2-user/arduino-testlib/cli-datadir/user/libraries/BlueDisplay/src/BlueDisplay.cpp:1542:35: note: suggested alternative: &#39;VREF_t&#39;
 #define SHIFT_VALUE_FOR_REFERENCE REFS0
                                   ^
/home/ec2-user/arduino-testlib/cli-datadir/user/libraries/BlueDisplay/src/BlueDisplay.cpp:1547:45: note: in expansion of macro &#39;SHIFT_VALUE_FOR_REFERENCE&#39;/home/ec2-user/arduino-testlib/cli-datadir/user/libraries/BlueDisplay/src/BDButton.cpp:359:6: error: prototype for &#39;void BDButton::init(uint16_t, uint16_t, uint16_t, uint16_t, color16_t, const arduino::__FlashStringHelper*, uint8_t, uint8_t, int16_t, void (*)(BDButton*, int16_t))&#39; does not match any in class &#39;BDButton&#39;
 void BDButton::init(uint16_t aPositionX, uint16_t aPositionY, uint16_t aWidthX, uint16_t aHeightY, color16_t aButtonColor,
      ^~~~~~~~
In file included from /home/ec2-user/arduino-testlib/cli-datadir/user/libraries/BlueDisplay/src/BDButton.cpp:32:0:
/home/ec2-user/arduino-testlib/cli-datadir/user/libraries/BlueDisplay/src/BDButton.h:294:10: error: candidates are: void BDButton::init(uint16_t, uint16_t, const int*, int16_t, void (*)(BDButton*, int16_t))
     void init(uint16_t aPositionX, uint16_t aPositionY, const __FlashStringHelper * aPGMCaption, int16_t aValue,
          ^~~~
/home/ec2-user/arduino-testlib/cli-datadir/user/libraries/BlueDisplay/src/BDButton.h:291:10: error:                 void BDButton::init(uint16_t, uint16_t, uint16_t, uint16_t, color16_t, const int*, uint8_t, uint8_t, int16_t, void (*)(BDButton*, int16_t))
     void init(uint16_t aPositionX, uint16_t aPositionY, uint16_t aWidthX, uint16_t aHeightY, color16_t aButtonColor,
          ^~~~
/home/ec2-user/arduino-testlib/cli-datadir/user/libraries/BlueDisplay/src/BDButton.cpp:89:6: error:                 void BDButton::init(uint16_t, uint16_t, uint16_t, uint16_t, color16_t, const char*, uint16_t, uint8_t, int16_t, void (*)(BDButton*, int16_t))
 void BDButton::init(uint16_t aPositionX, uint16_t aPositionY, uint16_t aWidthX, uint16_t aHeightY, color16_t aButtonColor,
      ^~~~~~~~
/home/ec2-user/arduino-testlib/cli-datadir/user/libraries/BlueDisplay/src/BDButton.cpp:401:6: error: prototype for &#39;void BDButton::setCaptionForValueTrue(const arduino::__FlashStringHelper*)&#39; does not match any in class &#39;BDButton&#39;
 void BDButton::setCaptionForValueTrue(const __FlashStringHelper * aPGMCaption) {
      ^~~~~~~~
In file included from /home/ec2-user/arduino-testlib/cli-datadir/user/libraries/BlueDisplay/src/BDButton.cpp:32:0:
/home/ec2-user/arduino-testlib/cli-datadir/user/libraries/BlueDisplay/src/BDButton.h:296:10: error: candidates are: void BDButton::setCaptionForValueTrue(const int*)
     void setCaptionForValueTrue(const __FlashStringHelper * aCaption);
          ^~~~~~~~~~~~~~~~~~~~~~
/home/ec2-user/arduino-testlib/cli-datadir/user/libraries/BlueDisplay/src/BDButton.cpp:171:6: error:                 void BDButton::setCaptionForValueTrue(const char*)
 void BDButton::setCaptionForValueTrue(const char * aCaption) {
      ^~~~~~~~
/home/ec2-user/arduino-testlib/cli-datadir/user/libraries/BlueDisplay/src/BDButton.cpp: In member function &#39;void BDButton::setCaptionFromStringArrayPGM(const char* const*, uint8_t, bool)&#39;:
/home/ec2-user/arduino-testlib/cli-datadir/user/libraries/BlueDisplay/src/BDButton.cpp:407:42: error: no matching function for call to &#39;BDButton::setCaption(arduino::__FlashStringHelper*&amp;, bool&amp;)&#39;
     setCaption(tPGMCaption,  doDrawButton);
                                          ^
/home/ec2-user/arduino-testlib/cli-datadir/user/libraries/BlueDisplay/src/BDButton.cpp:181:6: note: candidate: void BDButton::setCaption(const char*, bool)
 void BDButton::setCaption(const char * aCaption, bool doDrawButton) {
      ^~~~~~~~
/home/ec2-user/arduino-testlib/cli-datadir/user/libraries/BlueDisplay/src/BDButton.cpp:181:6: note:   no known conversion for argument 1 from &#39;arduino::__FlashStringHelper*&#39; to &#39;const char*&#39;
In file included from /home/ec2-user/arduino-testlib/cli-datadir/user/libraries/BlueDisplay/src/BDButton.cpp:32:0:
/home/ec2-user/arduino-testlib/cli-datadir/user/libraries/BlueDisplay/src/BDButton.h:297:10: note: candidate: void BDButton::setCaption(const int*, bool)
     void setCaption(const __FlashStringHelper * aPGMCaption, bool doDrawButton = false);
          ^~~~~~~~~~
/home/ec2-user/arduino-testlib/cli-datadir/user/libraries/BlueDisplay/src/BDButton.h:297:10: note:   no known conversion for argument 1 from &#39;arduino::__FlashStringHelper*&#39; to &#39;const int*&#39;
/home/ec2-user/arduino-testlib/cli-datadir/user/libraries/BlueDisplay/src/BDButton.cpp: At global scope:
/home/ec2-user/arduino-testlib/cli-datadir/user/libraries/BlueDisplay/src/BDButton.cpp:429:6: error: prototype for &#39;void BDButton::setCaption(const arduino::__FlashStringHelper*, bool)&#39; does not match any in class &#39;BDButton&#39;
 void BDButton::setCaption(const __FlashStringHelper * aPGMCaption, bool doDrawButton) {
      ^~~~~~~~
In file included from /home/ec2-user/arduino-testlib/cli-datadir/user/libraries/BlueDisplay/src/BDButton.cpp:32:0:
/home/ec2-user/arduino-testlib/cli-datadir/user/libraries/BlueDisplay/src/BDButton.h:297:10: error: candidates are: void BDButton::setCaption(const int*, bool)
     void setCaption(const __FlashStringHelper * aPGMCaption, bool doDrawButton = false);
          ^~~~~~~~~~
/home/ec2-user/arduino-testlib/cli-datadir/user/libraries/BlueDisplay/src/BDButton.cpp:181:6: error:                 void BDButton::setCaption(const char*, bool)
 void BDButton::setCaption(const char * aCaption, bool doDrawButton) {
      ^~~~~~~~

</pre>

					
					<h4>examples/BTModuleProgrammer</h4>
					<p>
						Result: <b>PASS</b>
					</p>
					<pre class="pre-scrollable">Sketch uses 8544 bytes (17%) of program storage space. Maximum is 49152 bytes.
Global variables use 1898 bytes (30%) of dynamic memory, leaving 4246 bytes for local variables. Maximum is 6144 bytes.
</pre>
					
					<h4>examples/BlueDisplayBlink</h4>
					<p>
						Result: <b>FAIL</b>
					</p>
					<pre class="pre-scrollable">WARNING: library BlueDisplay claims to run on avr, esp8266, esp32, STM32, stm32, stm32duino, sam architecture(s) and may be incompatible with your current board which runs on megaavr architecture(s).
In file included from /home/ec2-user/arduino-testlib/cli-datadir/user/libraries/BlueDisplay/src/BDButton.cpp:32:0:
/home/ec2-user/arduino-testlib/cli-datadir/user/libraries/BlueDisplay/src/BDButton.h:292:19: error: &#39;__FlashStringHelper&#39; does not name a type
             const __FlashStringHelper * aPGMCaption, uint8_t aCaptionSize, uint/home/ec2-user/arduino-testlib/cli-datadir/user/libraries/BlueDisplay//home/ec2-user/arduino-testlib/cli-datadir/user/libraries/BlueDisplay/src/BlueDisplay.cpp:1542:35: error: &#39;REFS0&#39; was not declared in this scope
 #define SHIFT_VALUE_FOR_REFERENCE REFS0
                                   ^
/home/ec2-user/arduino-testlib/cli-datadir/user/libraries/BlueDisplay/src/BlueDisplay.cpp:1547:45: note: in expansion of macro &#39;SHIFT_VALUE_FOR_REFERENCE&#39;
     ADMUX = aChannelNumber | (aReference &lt;&lt; SHIFT_VALUE_FOR_REFERENCE);
                                             ^~~~~~~~~~~~~~~~~~~~~~~~~
/home/ec2-user/arduino-testlib/cli-datadir/user/libraries/BlueDisplay/src/BlueDisplay.cpp/home/ec2-user/arduino-testlib/cli-datadir/user/libraries/BlueDisplay/src/BDButton.h:297:27: error: &#39;__FlashStringHelper&#39; does not name a type
     void setCaption(const __FlashStringHelper * aPGMCaption, bool doDrawButton = false);
                           ^~~~~~~~~~~~~~~~~~~
/home/ec2-user/arduino-testlib/cli-datadir/user/libraries/BlueDisplay/src/BDButton.cpp:359:6: error: prototype for &#39;void BDButton::init(uint16_t, uint16_t, uint16_t, uint16_t, color16_t, const arduino::__FlashStringHelper*, uint8_t, uint8_t, int16_t, void (*)(BDButton*, int16_t))&#39; does not match any in class &#39;BDButton&#39;
 void BDButton::init(uint16_t aPositionX, uint16_t aPositionY, uint16_t aWidthX, uint16_t aHeightY, color16_t aButtonColor,
      ^~~~~~~~
In file included from /home/ec2-user/arduino-testlib/cli-datadir/user/libraries/BlueDisplay/src/BDButton.cpp:32:0:
/home/ec2-user/arduino-testlib/cli-datadir/user/libraries/BlueDisplay/src/BDButton.h:294:10: error: candidates are: void BDButton::init(uint16_t, uint16_t, const int*, int16_t, void (*)(BDButton*, int16_t))
     void init(uint16_t aPositionX, uint16_t aPositionY, const __FlashStringHelper * aPGMCaption, int16_t aValue,
          ^~~~
/home/ec2-user/arduino-testlib/cli-datadir/user/libraries/BlueDisplay/src/BDButton.h:291:10: error:                 void BDButton::init(uint16_t, uint16_t, uint16_t, uint16_t, color16_t, const int*, uint8_t, uint8_t, int16_t, void (*)(BDButton*, int16_t))
     void init(uint16_t aPositionX, uint16_t aPositionY, uint16_t aWidthX, uint16_t aHeightY, color16_t aButtonColor,
          ^~~~
/home/ec2-user/arduino-testlib/cli-datadir/user/libraries/BlueDisplay/src/BDButton.cpp:89:6: error:                 void BDButton::init(uint16_t, uint16_t, uint16_t, uint16_t, color16_t, const char*, uint16_t, uint8_t, int16_t, void (*)(BDButton*, int16_t))
 void BDButton::init(uint16_t aPositionX, uint16_t aPositionY, uint16_t aWidthX, uint16_t aHeightY, color16_t aButtonColor,
      ^~~~~~~~
/home/ec2-user/arduino-testlib/cli-datadir/user/libraries/BlueDisplay/src/BDButton.cpp:401:6: error: prototype for &#39;void BDButton::setCaptionForValueTrue(const arduino::__FlashStringHelper*)&#39; does not match any in class &#39;BDButton&#39;
 void BDButton::setCaptionForValueTrue(const __FlashStringHelper * aPGMCaption) {
      ^~~~~~~~
In file included from /home/ec2-user/arduino-testlib/cli-datadir/user/libraries/BlueDisplay/src/BDButton.cpp:32:0:
/home/ec2-user/arduino-testlib/cli-datadir/user/libraries/BlueDisplay/src/BDButton.h:296:10: error: candidates are: void BDButton::setCaptionForValueTrue(const int*)
     void setCaptionForValueTrue(const __FlashStringHelper * aCaption);
          ^~~~~~~~~~~~~~~~~~~~~~
/home/ec2-user/arduino-testlib/cli-datadir/user/libraries/BlueDisplay/src/BDButton.cpp:171:6: error:                 void BDButton::setCaptionForValueTrue(const char*)
 void BDButton::setCaptionForValueTrue(const char * aCaption) {
      ^~~~~~~~
/home/ec2-user/arduino-testlib/cli-datadir/user/libraries/BlueDisplay/src/BDButton.cpp: In member function &#39;void BDButton::setCaptionFromStringArrayPGM(const char* const*, uint8_t, bool)&#39;:
/home/ec2-user/arduino-testlib/cli-datadir/user/libraries/BlueDisplay/src/BDButton.cpp:407:42: error: no matching function for call to &#39;BDButton::setCaption(arduino::__FlashStringHelper*&amp;, bool&amp;)&#39;
     setCaption(tPGMCaption,  doDrawButton);
                                          ^
/home/ec2-user/arduino-testlib/cli-datadir/user/libraries/BlueDisplay/src/BDButton.cpp:181:6: note: candidate: void BDButton::setCaption(const char*, bool)
 void BDButton::setCaption(const char * aCaption, bool doDrawButton) {
      ^~~~~~~~
/home/ec2-user/arduino-testlib/cli-datadir/user/libraries/BlueDisplay/src/BDButton.cpp:181:6: note:   no known conversion for argument 1 from &#39;arduino::__FlashStringHelper*&#39; to &#39;const char*&#39;
In file included from /home/ec2-user/arduino-testlib/cli-datadir/user/libraries/BlueDisplay/src/BDButton.cpp:32:0:
/home/ec2-user/arduino-testlib/cli-datadir/user/libraries/BlueDisplay/src/BDButton.h:297:10: note: candidate: void BDButton::setCaption(const int*, bool)
     void setCaption(const __FlashStringHelper * aPGMCaption, bool doDrawButton = false);
          ^~~~~~~~~~
/home/ec2-user/arduino-testlib/cli-datadir/user/libraries/BlueDisplay/src/BDButton.h:297:10: note:   no known conversion for argument 1 from &#39;arduino::__FlashStringHelper*&#39; to &#39;const int*&#39;
/home/ec2-user/arduino-testlib/cli-datadir/user/libraries/BlueDisplay/src/BDButton.cpp: At global scope:
/home/ec2-user/arduino-testlib/cli-datadir/user/libraries/BlueDisplay/src/BDButton.cpp:429:6: error: prototype for &#39;void BDButton::setCaption(const arduino::__FlashStringHelper*, bool)&#39; does not match any in class &#39;BDButton&#39;
 void BDButton::setCaption(const __FlashStringHelper * aPGMCaption, bool doDrawButton) {
      ^~~~~~~~
In file included from /home/ec2-user/arduino-testlib/cli-datadir/user/libraries/BlueDisplay/src/BDButton.cpp:32:0:
/home/ec2-user/arduino-testlib/cli-datadir/user/libraries/BlueDisplay/src/BDButton.h:297:10: error: candidates are: void BDButton::setCaption(const int*, bool)
     void setCaption(const __FlashStringHelper * aPGMCaption, bool doDrawButton = false);
          ^~~~~~~~~~
/home/ec2-user/arduino-testlib/cli-datadir/user/libraries/BlueDisplay/src/BDButton.cpp:181:6: error:                 void BDButton::setCaption(const char*, bool)
 void BDButton::setCaption(const char * aCaption, bool doDrawButton) {
      ^~~~~~~~

</pre>
					
					<h4>examples/BlueDisplayExample</h4>
					<p>
						Result: <b>FAIL</b>
					</p>
					<pre class="pre-scrollable">WARNING: library BlueDisplay claims to run on avr, esp8266, esp32, STM32, stm32, stm32duino, sam architecture(s) and may be incompatible with your current board which runs on megaavr architecture(s).
In file included from /home/ec2-user/arduino-testlib/cli-datadir/user/libraries/BlueDisplay/src/BDButton.cpp:32:0:
/home/ec2-user/arduino-testlib/cli-datadir/user/libraries/BlueDisplay/src/BDButton.h:292:19: error: &#39;__FlashStringHelper&#39; does not name a type
             const __FlashStringHelper * aPGMCaption, uint8_t aCaptionSize, uint/home/ec2-user/arduino-testlib/cli-datadir/user/libraries/BlueDisplay//home/ec2-user/arduino-testlib/cli-datadir/user/libraries/BlueDisplay/src/BlueDisplay.cpp:1542:35: error: &#39;REFS0&#39; was not declared in this scope
 #define SHIFT_VALUE_FOR_REFERENCE REFS0
                                   ^
/home/ec2-user/arduino-testlib/cli-datadir/user/libraries/BlueDisplay/src/BlueDisplay.cpp:1547:45: note: in expansion of macro &#39;SHIFT_VALUE_FOR_REFERENCE&#39;
     ADMUX = aChannelNumber | (aReference &lt;&lt; SHIFT_VALUE_FOR_REFERENCE);
                                             ^~~~~~~~~~~~~~~~~~~~~~~~~
/home/ec2-user/arduino-testlib/cli-datadir/user/libraries/BlueDisplay/src/BlueDisplay.cpp/home/ec2-user/arduino-testlib/cli-datadir/user/libraries/BlueDisplay/src/BDButton.h:297:27: error: &#39;__FlashStringHelper&#39; does not name a type
     void setCaption(const __FlashStringHelper * aPGMCaption, bool doDrawButton = false);
                           ^~~~~~~~~~~~~~~~~~~
/home/ec2-user/arduino-testlib/cli-datadir/user/libraries/BlueDisplay/src/BDButton.cpp:359:6: error: prototype for &#39;void BDButton::init(uint16_t, uint16_t, uint16_t, uint16_t, color16_t, const arduino::__FlashStringHelper*, uint8_t, uint8_t, int16_t, void (*)(BDButton*, int16_t))&#39; does not match any in class &#39;BDButton&#39;
 void BDButton::init(uint16_t aPositionX, uint16_t aPositionY, uint16_t aWidthX, uint16_t aHeightY, color16_t aButtonColor,
      ^~~~~~~~
In file included from /home/ec2-user/arduino-testlib/cli-datadir/user/libraries/BlueDisplay/src/BDButton.cpp:32:0:
/home/ec2-user/arduino-testlib/cli-datadir/user/libraries/BlueDisplay/src/BDButton.h:294:10: error: candidates are: void BDButton::init(uint16_t, uint16_t, const int*, int16_t, void (*)(BDButton*, int16_t))
     void init(uint16_t aPositionX, uint16_t aPositionY, const __FlashStringHelper * aPGMCaption, int16_t aValue,
          ^~~~
/home/ec2-user/arduino-testlib/cli-datadir/user/libraries/BlueDisplay/src/BDButton.h:291:10: error:                 void BDButton::init(uint16_t, uint16_t, uint16_t, uint16_t, color16_t, const int*, uint8_t, uint8_t, int16_t, void (*)(BDButton*, int16_t))
     void init(uint16_t aPositionX, uint16_t aPositionY, uint16_t aWidthX, uint16_t aHeightY, color16_t aButtonColor,
          ^~~~
/home/ec2-user/arduino-testlib/cli-datadir/user/libraries/BlueDisplay/src/BDButton.cpp:89:6: error:                 void BDButton::init(uint16_t, uint16_t, uint16_t, uint16_t, color16_t, const char*, uint16_t, uint8_t, int16_t, void (*)(BDButton*, int16_t))
 void BDButton::init(uint16_t aPositionX, uint16_t aPositionY, uint16_t aWidthX, uint16_t aHeightY, color16_t aButtonColor,
      ^~~~~~~~
/home/ec2-user/arduino-testlib/cli-datadir/user/libraries/BlueDisplay/src/BDButton.cpp:401:6: error: prototype for &#39;void BDButton::setCaptionForValueTrue(const arduino::__FlashStringHelper*)&#39; does not match any in class &#39;BDButton&#39;
 void BDButton::setCaptionForValueTrue(const __FlashStringHelper * aPGMCaption) {
      ^~~~~~~~
In file included from /home/ec2-user/arduino-testlib/cli-datadir/user/libraries/BlueDisplay/src/BDButton.cpp:32:0:
/home/ec2-user/arduino-testlib/cli-datadir/user/libraries/BlueDisplay/src/BDButton.h:296:10: error: candidates are: void BDButton::setCaptionForValueTrue(const int*)
     void setCaptionForValueTrue(const __FlashStringHelper * aCaption);
          ^~~~~~~~~~~~~~~~~~~~~~
/home/ec2-user/arduino-testlib/cli-datadir/user/libraries/BlueDisplay/src/BDButton.cpp:171:6: error:                 void BDButton::setCaptionForValueTrue(const char*)
 void BDButton::setCaptionForValueTrue(const char * aCaption) {
      ^~~~~~~~
/home/ec2-user/arduino-testlib/cli-datadir/user/libraries/BlueDisplay/src/BDButton.cpp: In member function &#39;void BDButton::setCaptionFromStringArrayPGM(const char* const*, uint8_t, bool)&#39;:
/home/ec2-user/arduino-testlib/cli-datadir/user/libraries/BlueDisplay/src/BDButton.cpp:407:42: error: no matching function for call to &#39;BDButton::setCaption(arduino::__FlashStringHelper*&amp;, bool&amp;)&#39;
     setCaption(tPGMCaption,  doDrawButton);
                                          ^
/home/ec2-user/arduino-testlib/cli-datadir/user/libraries/BlueDisplay/src/BDButton.cpp:181:6: note: candidate: void BDButton::setCaption(const char*, bool)
 void BDButton::setCaption(const char * aCaption, bool doDrawButton) {
      ^~~~~~~~
/home/ec2-user/arduino-testlib/cli-datadir/user/libraries/BlueDisplay/src/BDButton.cpp:181:6: note:   no known conversion for argument 1 from &#39;arduino::__FlashStringHelper*&#39; to &#39;const char*&#39;
In file included from /home/ec2-user/arduino-testlib/cli-datadir/user/libraries/BlueDisplay/src/BDButton.cpp:32:0:
/home/ec2-user/arduino-testlib/cli-datadir/user/libraries/BlueDisplay/src/BDButton.h:297:10: note: candidate: void BDButton::setCaption(const int*, bool)
     void setCaption(const __FlashStringHelper * aPGMCaption, bool doDrawButton = false);
          ^~~~~~~~~~
/home/ec2-user/arduino-testlib/cli-datadir/user/libraries/BlueDisplay/src/BDButton.h:297:10: note:   no known conversion for argument 1 from &#39;arduino::__FlashStringHelper*&#39; to &#39;const int*&#39;
/home/ec2-user/arduino-testlib/cli-datadir/user/libraries/BlueDisplay/src/BDButton.cpp: At global scope:
/home/ec2-user/arduino-testlib/cli-datadir/user/libraries/BlueDisplay/src/BDButton.cpp:429:6: error: prototype for &#39;void BDButton::setCaption(const arduino::__FlashStringHelper*, bool)&#39; does not match any in class &#39;BDButton&#39;
 void BDButton::setCaption(const __FlashStringHelper * aPGMCaption, bool doDrawButton) {
      ^~~~~~~~
In file included from /home/ec2-user/arduino-testlib/cli-datadir/user/libraries/BlueDisplay/src/BDButton.cpp:32:0:
/home/ec2-user/arduino-testlib/cli-datadir/user/libraries/BlueDisplay/src/BDButton.h:297:10: error: candidates are: void BDButton::setCaption(const int*, bool)
     void setCaption(const __FlashStringHelper * aPGMCaption, bool doDrawButton = false);
          ^~~~~~~~~~
/home/ec2-user/arduino-testlib/cli-datadir/user/libraries/BlueDisplay/src/BDButton.cpp:181:6: error:                 void BDButton::setCaption(const char*, bool)
 void BDButton::setCaption(const char * aCaption, bool doDrawButton) {
      ^~~~~~~~

</pre>
					
					<h4>examples/RcCarControl</h4>
					<p>
						Result: <b>FAIL</b>
					</p>
					<pre class="pre-scrollable">WARNING: library BlueDisplay claims to run on avr, esp8266, esp32, STM32, stm32, stm32duino, sam architecture(s) and may be incompatible with your current board which runs on megaavr architecture(s).
In file included from /home/ec2-user/arduino-testlib/cli-datadir/user/libraries/BlueDisplay/src/BDButton.cpp:32:0:
/home/ec2-user/arduino-testlib/cli-datadir/user/libraries/BlueDisplay/src/BDButton.h:292:19: error: &#39;__FlashStringHelper&#39; does not name a type
             const __FlashStringHelper * aPGMCaption, uint8_t aCaptionSize, uint/home/ec2-user/arduino-testlib/cli-datadir/user/libraries/BlueDisplay//home/ec2-user/arduino-testlib/cli-datadir/user/libraries/BlueDisplay/src/BlueDisplay.cpp:1542:35: error: &#39;REFS0&#39; was not declared in this scope
 #define SHIFT_VALUE_FOR_REFERENCE REFS0
                                   ^
/home/ec2-user/arduino-testlib/cli-datadir/user/libraries/BlueDisplay/src/BlueDisplay.cpp:1547:45: note: in expansion of macro &#39;SHIFT_VALUE_FOR_REFERENCE&#39;
     ADMUX = aChannelNumber | (aReference &lt;&lt; SHIFT_VALUE_FOR_REFERENCE);
                                             ^~~~~~~~~~~~~~~~~~~~~~~~~
/home/ec2-user/arduino-testlib/cli-datadir/user/libraries/BlueDisplay/src/BlueDisplay.cpp/home/ec2-user/arduino-testlib/cli-datadir/user/libraries/BlueDisplay/src/BDButton.h:297:27: error: &#39;__FlashStringHelper&#39; does not name a type
     void setCaption(const __FlashStringHelper * aPGMCaption, bool doDrawButton = false);
                           ^~~~~~~~~~~~~~~~~~~
/home/ec2-user/arduino-testlib/cli-datadir/user/libraries/BlueDisplay/src/BDButton.cpp:359:6: error: prototype for &#39;void BDButton::init(uint16_t, uint16_t, uint16_t, uint16_t, color16_t, const arduino::__FlashStringHelper*, uint8_t, uint8_t, int16_t, void (*)(BDButton*, int16_t))&#39; does not match any in class &#39;BDButton&#39;
 void BDButton::init(uint16_t aPositionX, uint16_t aPositionY, uint16_t aWidthX, uint16_t aHeightY, color16_t aButtonColor,
      ^~~~~~~~
In file included from /home/ec2-user/arduino-testlib/cli-datadir/user/libraries/BlueDisplay/src/BDButton.cpp:32:0:
/home/ec2-user/arduino-testlib/cli-datadir/user/libraries/BlueDisplay/src/BDButton.h:294:10: error: candidates are: void BDButton::init(uint16_t, uint16_t, const int*, int16_t, void (*)(BDButton*, int16_t))
     void init(uint16_t aPositionX, uint16_t aPositionY, const __FlashStringHelper * aPGMCaption, int16_t aValue,
          ^~~~
/home/ec2-user/arduino-testlib/cli-datadir/user/libraries/BlueDisplay/src/BDButton.h:291:10: error:                 void BDButton::init(uint16_t, uint16_t, uint16_t, uint16_t, color16_t, const int*, uint8_t, uint8_t, int16_t, void (*)(BDButton*, int16_t))
     void init(uint16_t aPositionX, uint16_t aPositionY, uint16_t aWidthX, uint16_t aHeightY, color16_t aButtonColor,
          ^~~~
/home/ec2-user/arduino-testlib/cli-datadir/user/libraries/BlueDisplay/src/BDButton.cpp:89:6: error:                 void BDButton::init(uint16_t, uint16_t, uint16_t, uint16_t, color16_t, const char*, uint16_t, uint8_t, int16_t, void (*)(BDButton*, int16_t))
 void BDButton::init(uint16_t aPositionX, uint16_t aPositionY, uint16_t aWidthX, uint16_t aHeightY, color16_t aButtonColor,
      ^~~~~~~~
/home/ec2-user/arduino-testlib/cli-datadir/user/libraries/BlueDisplay/src/BDButton.cpp:401:6: error: prototype for &#39;void BDButton::setCaptionForValueTrue(const arduino::__FlashStringHelper*)&#39; does not match any in class &#39;BDButton&#39;
 void BDButton::setCaptionForValueTrue(const __FlashStringHelper * aPGMCaption) {
      ^~~~~~~~
In file included from /home/ec2-user/arduino-testlib/cli-datadir/user/libraries/BlueDisplay/src/BDButton.cpp:32:0:
/home/ec2-user/arduino-testlib/cli-datadir/user/libraries/BlueDisplay/src/BDButton.h:296:10: error: candidates are: void BDButton::setCaptionForValueTrue(const int*)
     void setCaptionForValueTrue(const __FlashStringHelper * aCaption);
          ^~~~~~~~~~~~~~~~~~~~~~
/home/ec2-user/arduino-testlib/cli-datadir/user/libraries/BlueDisplay/src/BDButton.cpp:171:6: error:                 void BDButton::setCaptionForValueTrue(const char*)
 void BDButton::setCaptionForValueTrue(const char * aCaption) {
      ^~~~~~~~
/home/ec2-user/arduino-testlib/cli-datadir/user/libraries/BlueDisplay/src/BDButton.cpp: In member function &#39;void BDButton::setCaptionFromStringArrayPGM(const char* const*, uint8_t, bool)&#39;:
/home/ec2-user/arduino-testlib/cli-datadir/user/libraries/BlueDisplay/src/BDButton.cpp:407:42: error: no matching function for call to &#39;BDButton::setCaption(arduino::__FlashStringHelper*&amp;, bool&amp;)&#39;
     setCaption(tPGMCaption,  doDrawButton);
                                          ^
/home/ec2-user/arduino-testlib/cli-datadir/user/libraries/BlueDisplay/src/BDButton.cpp:181:6: note: candidate: void BDButton::setCaption(const char*, bool)
 void BDButton::setCaption(const char * aCaption, bool doDrawButton) {
      ^~~~~~~~
/home/ec2-user/arduino-testlib/cli-datadir/user/libraries/BlueDisplay/src/BDButton.cpp:181:6: note:   no known conversion for argument 1 from &#39;arduino::__FlashStringHelper*&#39; to &#39;const char*&#39;
In file included from /home/ec2-user/arduino-testlib/cli-datadir/user/libraries/BlueDisplay/src/BDButton.cpp:32:0:
/home/ec2-user/arduino-testlib/cli-datadir/user/libraries/BlueDisplay/src/BDButton.h:297:10: note: candidate: void BDButton::setCaption(const int*, bool)
     void setCaption(const __FlashStringHelper * aPGMCaption, bool doDrawButton = false);
          ^~~~~~~~~~
/home/ec2-user/arduino-testlib/cli-datadir/user/libraries/BlueDisplay/src/BDButton.h:297:10: note:   no known conversion for argument 1 from &#39;arduino::__FlashStringHelper*&#39; to &#39;const int*&#39;
/home/ec2-user/arduino-testlib/cli-datadir/user/libraries/BlueDisplay/src/BDButton.cpp: At global scope:
/home/ec2-user/arduino-testlib/cli-datadir/user/libraries/BlueDisplay/src/BDButton.cpp:429:6: error: prototype for &#39;void BDButton::setCaption(const arduino::__FlashStringHelper*, bool)&#39; does not match any in class &#39;BDButton&#39;
 void BDButton::setCaption(const __FlashStringHelper * aPGMCaption, bool doDrawButton) {
      ^~~~~~~~
In file included from /home/ec2-user/arduino-testlib/cli-datadir/user/libraries/BlueDisplay/src/BDButton.cpp:32:0:
/home/ec2-user/arduino-testlib/cli-datadir/user/libraries/BlueDisplay/src/BDButton.h:297:10: error: candidates are: void BDButton::setCaption(const int*, bool)
     void setCaption(const __FlashStringHelper * aPGMCaption, bool doDrawButton = false);
          ^~~~~~~~~~
/home/ec2-user/arduino-testlib/cli-datadir/user/libraries/BlueDisplay/src/BDButton.cpp:181:6: error:                 void BDButton::setCaption(const char*, bool)
 void BDButton::setCaption(const char * aCaption, bool doDrawButton) {
      ^~~~~~~~
Multiple libraries were found for &#34;Servo.h&#34;
  Used: /home/ec2-user/arduino-testlib/cli-datadir/user/libraries/Servo
  Not used: /home/ec2-user/arduino-testlib/cli-datadir/user/libraries/XMC_Servo
  Not used: /home/ec2-user/arduino-testlib/cli-datadir/user/libraries/Printoo_Library
  Not used: /home/ec2-user/arduino-testlib/cli-datadir/user/libraries/ServoESP32
  Not used: /home/ec2-user/arduino-testlib/cli-datadir/user/libraries/RokitSmart
  Not used: /home/ec2-user/arduino-testlib/cli-datadir/user/libraries/evive
</pre>
					
					<h4>examples/ServoExample</h4>
					<p>
						Result: <b>FAIL</b>
					</p>
					<pre class="pre-scrollable">WARNING: library BlueDisplay claims to run on avr, esp8266, esp32, STM32, stm32, stm32duino, sam architecture(s) and may be incompatible with your current board which runs on megaavr architecture(s).
In file included from /home/ec2-user/arduino-testlib/cli-datadir/user/libraries/BlueDisplay/src/BDButton.cpp:32:0:
/home/ec2-user/arduino-testlib/cli-datadir/user/libraries/BlueDisplay/src/BDButton.h:292:19: error: &#39;__FlashStringHelper&#39; does not name a type
             const __FlashStringHelper * aPGMCaption, uint8_t aCaptionSize, uint/home/ec2-user/arduino-testlib/cli-datadir/user/libraries/BlueDisplay//home/ec2-user/arduino-testlib/cli-datadir/user/libraries/BlueDisplay/src/BlueDisplay.cpp:1542:35: error: &#39;REFS0&#39; was not declared in this scope
 #define SHIFT_VALUE_FOR_REFERENCE REFS0
                                   ^
/home/ec2-user/arduino-testlib/cli-datadir/user/libraries/BlueDisplay/src/BlueDisplay.cpp:1547:45: note: in expansion of macro &#39;SHIFT_VALUE_FOR_REFERENCE&#39;
     ADMUX = aChannelNumber | (aReference &lt;&lt; SHIFT_VALUE_FOR_REFERENCE);
                                             ^~~~~~~~~~~~~~~~~~~~~~~~~
/home/ec2-user/arduino-testlib/cli-datadir/user/libraries/BlueDisplay/src/BlueDisplay.cpp/home/ec2-user/arduino-testlib/cli-datadir/user/libraries/BlueDisplay/src/BDButton.h:297:27: error: &#39;__FlashStringHelper&#39; does not name a type
     void setCaption(const __FlashStringHelper * aPGMCaption, bool doDrawButton = false);
                           ^~~~~~~~~~~~~~~~~~~
/home/ec2-user/arduino-testlib/cli-datadir/user/libraries/BlueDisplay/src/BDButton.cpp:359:6: error: prototype for &#39;void BDButton::init(uint16_t, uint16_t, uint16_t, uint16_t, color16_t, const arduino::__FlashStringHelper*, uint8_t, uint8_t, int16_t, void (*)(BDButton*, int16_t))&#39; does not match any in class &#39;BDButton&#39;
 void BDButton::init(uint16_t aPositionX, uint16_t aPositionY, uint16_t aWidthX, uint16_t aHeightY, color16_t aButtonColor,
      ^~~~~~~~
In file included from /home/ec2-user/arduino-testlib/cli-datadir/user/libraries/BlueDisplay/src/BDButton.cpp:32:0:
/home/ec2-user/arduino-testlib/cli-datadir/user/libraries/BlueDisplay/src/BDButton.h:294:10: error: candidates are: void BDButton::init(uint16_t, uint16_t, const int*, int16_t, void (*)(BDButton*, int16_t))
     void init(uint16_t aPositionX, uint16_t aPositionY, const __FlashStringHelper * aPGMCaption, int16_t aValue,
          ^~~~
/home/ec2-user/arduino-testlib/cli-datadir/user/libraries/BlueDisplay/src/BDButton.h:291:10: error:                 void BDButton::init(uint16_t, uint16_t, uint16_t, uint16_t, color16_t, const int*, uint8_t, uint8_t, int16_t, void (*)(BDButton*, int16_t))
     void init(uint16_t aPositionX, uint16_t aPositionY, uint16_t aWidthX, uint16_t aHeightY, color16_t aButtonColor,
          ^~~~
/home/ec2-user/arduino-testlib/cli-datadir/user/libraries/BlueDisplay/src/BDButton.cpp:89:6: error:                 void BDButton::init(uint16_t, uint16_t, uint16_t, uint16_t, color16_t, const char*, uint16_t, uint8_t, int16_t, void (*)(BDButton*, int16_t))
 void BDButton::init(uint16_t aPositionX, uint16_t aPositionY, uint16_t aWidthX, uint16_t aHeightY, color16_t aButtonColor,
      ^~~~~~~~
/home/ec2-user/arduino-testlib/cli-datadir/user/libraries/BlueDisplay/src/BDButton.cpp:401:6: error: prototype for &#39;void BDButton::setCaptionForValueTrue(const arduino::__FlashStringHelper*)&#39; does not match any in class &#39;BDButton&#39;
 void BDButton::setCaptionForValueTrue(const __FlashStringHelper * aPGMCaption) {
      ^~~~~~~~
In file included from /home/ec2-user/arduino-testlib/cli-datadir/user/libraries/BlueDisplay/src/BDButton.cpp:32:0:
/home/ec2-user/arduino-testlib/cli-datadir/user/libraries/BlueDisplay/src/BDButton.h:296:10: error: candidates are: void BDButton::setCaptionForValueTrue(const int*)
     void setCaptionForValueTrue(const __FlashStringHelper * aCaption);
          ^~~~~~~~~~~~~~~~~~~~~~
/home/ec2-user/arduino-testlib/cli-datadir/user/libraries/BlueDisplay/src/BDButton.cpp:171:6: error:                 void BDButton::setCaptionForValueTrue(const char*)
 void BDButton::setCaptionForValueTrue(const char * aCaption) {
      ^~~~~~~~
/home/ec2-user/arduino-testlib/cli-datadir/user/libraries/BlueDisplay/src/BDButton.cpp: In member function &#39;void BDButton::setCaptionFromStringArrayPGM(const char* const*, uint8_t, bool)&#39;:
/home/ec2-user/arduino-testlib/cli-datadir/user/libraries/BlueDisplay/src/BDButton.cpp:407:42: error: no matching function for call to &#39;BDButton::setCaption(arduino::__FlashStringHelper*&amp;, bool&amp;)&#39;
     setCaption(tPGMCaption,  doDrawButton);
                                          ^
/home/ec2-user/arduino-testlib/cli-datadir/user/libraries/BlueDisplay/src/BDButton.cpp:181:6: note: candidate: void BDButton::setCaption(const char*, bool)
 void BDButton::setCaption(const char * aCaption, bool doDrawButton) {
      ^~~~~~~~
/home/ec2-user/arduino-testlib/cli-datadir/user/libraries/BlueDisplay/src/BDButton.cpp:181:6: note:   no known conversion for argument 1 from &#39;arduino::__FlashStringHelper*&#39; to &#39;const char*&#39;
In file included from /home/ec2-user/arduino-testlib/cli-datadir/user/libraries/BlueDisplay/src/BDButton.cpp:32:0:
/home/ec2-user/arduino-testlib/cli-datadir/user/libraries/BlueDisplay/src/BDButton.h:297:10: note: candidate: void BDButton::setCaption(const int*, bool)
     void setCaption(const __FlashStringHelper * aPGMCaption, bool doDrawButton = false);
          ^~~~~~~~~~
/home/ec2-user/arduino-testlib/cli-datadir/user/libraries/BlueDisplay/src/BDButton.h:297:10: note:   no known conversion for argument 1 from &#39;arduino::__FlashStringHelper*&#39; to &#39;const int*&#39;
/home/ec2-user/arduino-testlib/cli-datadir/user/libraries/BlueDisplay/src/BDButton.cpp: At global scope:
/home/ec2-user/arduino-testlib/cli-datadir/user/libraries/BlueDisplay/src/BDButton.cpp:429:6: error: prototype for &#39;void BDButton::setCaption(const arduino::__FlashStringHelper*, bool)&#39; does not match any in class &#39;BDButton&#39;
 void BDButton::setCaption(const __FlashStringHelper * aPGMCaption, bool doDrawButton) {
      ^~~~~~~~
In file included from /home/ec2-user/arduino-testlib/cli-datadir/user/libraries/BlueDisplay/src/BDButton.cpp:32:0:
/home/ec2-user/arduino-testlib/cli-datadir/user/libraries/BlueDisplay/src/BDButton.h:297:10: error: candidates are: void BDButton::setCaption(const int*, bool)
     void setCaption(const __FlashStringHelper * aPGMCaption, bool doDrawButton = false);
          ^~~~~~~~~~
/home/ec2-user/arduino-testlib/cli-datadir/user/libraries/BlueDisplay/src/BDButton.cpp:181:6: error:                 void BDButton::setCaption(const char*, bool)
 void BDButton::setCaption(const char * aCaption, bool doDrawButton) {
      ^~~~~~~~
Multiple libraries were found for &#34;Servo.h&#34;
  Used: /home/ec2-user/arduino-testlib/cli-datadir/user/libraries/Servo
  Not used: /home/ec2-user/arduino-testlib/cli-datadir/user/libraries/XMC_Servo
  Not used: /home/ec2-user/arduino-testlib/cli-datadir/user/libraries/Printoo_Library
  Not used: /home/ec2-user/arduino-testlib/cli-datadir/user/libraries/ServoESP32
  Not used: /home/ec2-user/arduino-testlib/cli-datadir/user/libraries/RokitSmart
  Not used: /home/ec2-user/arduino-testlib/cli-datadir/user/libraries/evive
</pre>
					
					<h4>examples/SimpleTouchScreenDSO</h4>
					<p>
						Result: <b>FAIL</b>
					</p>
					<pre class="pre-scrollable">WARNING: library BlueDisplay claims to run on avr, esp8266, esp32, STM32, stm32, stm32duino, sam architecture(s) and may be incompatible with your current board which runs on megaavr architecture(s).
In file included from /home/ec2-user/arduino-testlib/cli-datadir/data/packages/arduino/tools/avr-gcc/7.3.0-atmel3.6.1-arduino5/avr/include/avr/io.h:99:0,
                 from /home/ec2-user/arduino-testlib/cli-datadir/data/packages/arduino/tools/avr-gcc/7.3.0-atmel3.6.1-arduino5/avr/include/avr/pgmspace.h:90,
                 from /home/ec2-user/arduino-testlib/cli-datadir/data/packages/arduino/hardware/megaavr/1.8.7//home/ec2-user/arduino-testlib/cli-datadir/user/libraries/BlueDisplay/examples/SimpleTouchScreenDSO/SimpleTouchScreenDSO.ino:386:18: error: no match for &#39;operator&amp;&#39; (operand types are &#39;DDRBClass&#39; and &#39;int&#39;)
     DDRB = (DDRB &amp; ~OUTPUT_MASK_PORTB) | OUTPUT_MASK_PORTB;
/home/ec2-user/arduino-testlib/cli-datadir/user/libraries/BlueDisplay/examples/SimpleTouchScreenDSO/SimpleTouchScreenDSO.ino:399:5: error: &#39;PRR&#39; was not declared in this scope
     PRR = _BV(PRTWI) | _BV(PRTWI);
     ^~~
-user/arduino-testlib/cli/home/ec2-user/arduino-testlib/cli-datadir/user/libraries/BlueDisplay/src/BDButton.h:296:39: error: &#39;__FlashStringHelper&#39; does not name a type
     void setCaptionForValueTrue(const __FlashStringHelper * aCaption);
                                       ^~~~~~~~~~~~~~~~~~~
li-datadir/user/libraries/BlueDisplay/examples/SimpleTouchScreenDSO/Waveforms.cpp:71:17: error: &#39;DDB2&#39; was not declared in this scope
     DDRB |= _BV(DDB2); // set pin OC1B = PortB2 -&gt; PIN 10 to output direction
                 ^
/home/ec2-user/arduino-testlib/cli-datadir/user//home/ec2-user/arduino-testlib/cli-datadir/user/libraries/BlueDisplay/examples/SimpleTouchScreenDSO/FrequencyGeneratorPage.cpp: In function &#39;void initFrequencyGeneratorPageGui()&#39;:
/home/ec2-user/arduino-testlib/cli-datadir/user/libraries/BlueDisplay/examples/SimpleTouchScreenDSO/FrequencyGeneratorPage.cpp:279:177: error: no matching function for call to &#39;BDButton::init(uint16_t&amp;, int&amp;, int, int, uint16_t&amp;, const arduino::__FlashStringHelper*, int, const int&amp;, int&amp;, void (*)(BDButton*, int16_t))&#39;
         BUTTON_HEIGHT_5, tButtonColor, reinterpret_cast&lt;const __FlashStringHelper *&gt;(RangeButtonStrings[i]), TEXT_SIZE_22, FLAG_BUTTON_DO_BEEP_ON_TOUCH, i, &amp;doSetFrequencyRange);
                                                                                                                                                                                 ^
In file included from /home/ec2-user/arduino-testlib/cli-datadir/user/libraries/BlueDisplay/examples/SimpleTouchScreenDSO/FrequencyGeneratorPage.h:12:0,
                 from /home/ec2-user/arduino-testlib/cli-datadir/user/libraries/BlueDisplay/examples/SimpleTouchScreenDSO/FrequencyGeneratorPage.cpp:40:
/home/ec2-user/arduino-testlib/cli-datadir/user/libraries/BlueDisplay/src/BDButton.h:261:10: note: candidate: void BDButton::init(uint16_t, uint16_t, uint16_t, uint16_t, color16_t, const char*, uint16_t, uint8_t, int16_t, void (*)(BDButton*, int16_t))
     void init(uint16_t aPositionX, uint16_t aPositionY, uint16_t aWidthX, uint16_t aHeightY, color16_t aButtonColor,
          ^~~~
/home/ec2-user/arduino-testlib/cli-datadir/user/libraries/BlueDisplay/src/BDButton.h:261:10: note:   no known conversion for argument 6 from &#39;const arduino::__FlashStringHelper*&#39; to &#39;const char*&#39;
In file included from /home/ec2-user/arduino-testlib/cli-datadir/user/libraries/BlueDisplay/examples/SimpleTouchScreenDSO/FrequencyGeneratorPage.h:12:0,
                 from /home/ec2-user/arduino-testlib/cli-datadir/user/libraries/BlueDisplay/examples/SimpleTouchScreenDSO/FrequencyGeneratorPage.cpp:40:
/home/ec2-user/arduino-testlib/cli-datadir/user/libraries/BlueDisplay/src/BDButton.h:291:10: note: candidate: void BDButton::init(uint16_t, uint16_t, uint16_t, uint16_t, color16_t, const int*, uint8_t, uint8_t, int16_t, void (*)(BDButton*, int16_t))
     void init(uint16_t aPositionX, uint16_t aPositionY, uint16_t aWidthX, uint16_t aHeightY, color16_t aButtonColor,
          ^~~~
/home/ec2-user/arduino-testlib/cli-datadir/user/libraries/BlueDisplay/src/BDButton.h:291:10: note:   no known conversion for argument 6 from &#39;const arduino::__FlashStringHelper*&#39; to &#39;const int*&#39;
/home/ec2-user/arduino-testlib/cli-datadir/user/libraries/BlueDisplay/src/BDButton.h:294:10: note: candidate: void BDButton::init(uint16_t, uint16_t, const int*, int16_t, void (*)(BDButton*, int16_t))
     void init(uint16_t aPositionX, uint16_t aPositionY, const __FlashStringHelper * aPGMCaption, int16_t aValue,
          ^~~~
/home/ec2-user/arduino-testlib/cli-datadir/user/libraries/BlueDisplay/src/BDButton.h:294:10: note:   candidate expects 5 arguments, 10 provided
/home/ec2-user/arduino-testlib/cli-datadir/user/libraries/BlueDisplay/examples/SimpleTouchScreenDSO/FrequencyGeneratorPage.cpp:288:75: error: no matching function for call to &#39;BDButton::init(int, unsigned int, int, int, int, const arduino::__FlashStringHelper*, int, int, bool&amp;, void (*)(BDButton*, int16_t))&#39;
             sFrequencyInfo.isOutputEnabled, &amp;doFrequencyGeneratorStartStop);
                                                                           ^
In file included from /home/ec2-user/arduino-testlib/cli-datadir/user/libraries/BlueDisplay/examples/SimpleTouchScreenDSO/FrequencyGeneratorPage.h:12:0,
                 from /home/ec2-user/arduino-testlib/cli-datadir/user/libraries/BlueDisplay/examples/SimpleTouchScreenDSO/FrequencyGeneratorPage.cpp:40:
/home/ec2-user/arduino-testlib/cli-datadir/user/libraries/BlueDisplay/src/BDButton.h:261:10: note: candidate: void BDButton::init(uint16_t, uint16_t, uint16_t, uint16_t, color16_t, const char*, uint16_t, uint8_t, int16_t, void (*)(BDButton*, int16_t))
     void init(uint16_t aPositionX, uint16_t aPositionY, uint16_t aWidthX, uint16_t aHeightY, color16_t aButtonColor,
          ^~~~
/home/ec2-user/arduino-testlib/cli-datadir/user/libraries/BlueDisplay/src/BDButton.h:261:10: note:   no known conversion for argument 6 from &#39;const arduino::__FlashStringHelper*&#39; to &#39;const char*&#39;
In file included from /home/ec2-user/arduino-testlib/cli-datadir/user/libraries/BlueDisplay/examples/SimpleTouchScreenDSO/FrequencyGeneratorPage.h:12:0,
                 from /home/ec2-user/arduino-testlib/cli-datadir/user/libraries/BlueDisplay/examples/SimpleTouchScreenDSO/FrequencyGeneratorPage.cpp:40:
/home/ec2-user/arduino-testlib/cli-datadir/user/libraries/BlueDisplay/src/BDButton.h:291:10: note: candidate: void BDButton::init(uint16_t, uint16_t, uint16_t, uint16_t, color16_t, const int*, uint8_t, uint8_t, int16_t, void (*)(BDButton*, int16_t))
     void init(uint16_t aPositionX, uint16_t aPositionY, uint16_t aWidthX, uint16_t aHeightY, color16_t aButtonColor,
          ^~~~
/home/ec2-user/arduino-testlib/cli-datadir/user/libraries/BlueDisplay/src/BDButton.h:291:10: note:   no known conversion for argument 6 from &#39;const arduino::__FlashStringHelper*&#39; to &#39;const int*&#39;
/home/ec2-user/arduino-testlib/cli-datadir/user/libraries/BlueDisplay/src/BDButton.h:294:10: note: candidate: void BDButton::init(uint16_t, uint16_t, const int*, int16_t, void (*)(BDButton*, int16_t))
     void init(uint16_t aPositionX, uint16_t aPositionY, const __FlashStringHelper * aPGMCaption, int16_t aValue,
          ^~~~
/home/ec2-user/arduino-testlib/cli-datadir/user/libraries/BlueDisplay/src/BDButton.h:294:10: note:   candidate expects 5 arguments, 10 provided
/home/ec2-user/arduino-testlib/cli-datadir/user/libraries/BlueDisplay/examples/SimpleTouchScreenDSO/FrequencyGeneratorPage.cpp:289:67: error: no matching function for call to &#39;BDButton::setCaptionForValueTrue(const arduino::__FlashStringHelper*)&#39;
     TouchButtonFrequencyStartStop.setCaptionForValueTrue(F(&#34;Stop&#34;));
                                                                   ^
In file included from /home/ec2-user/arduino-testlib/cli-datadir/user/libraries/BlueDisplay/examples/SimpleTouchScreenDSO/FrequencyGeneratorPage.h:12:0,
                 from /home/ec2-user/arduino-testlib/cli-datadir/user/libraries/BlueDisplay/examples/SimpleTouchScreenDSO/FrequencyGeneratorPage.cpp:40:
/home/ec2-user/arduino-testlib/cli-datadir/user/libraries/BlueDisplay/src/BDButton.h:269:10: note: candidate: void BDButton::setCaptionForValueTrue(const char*)
     void setCaptionForValueTrue(const char * aCaption);
          ^~~~~~~~~~~~~~~~~~~~~~
/home/ec2-user/arduino-testlib/cli-datadir/user/libraries/BlueDisplay/src/BDButton.h:269:10: note:   no known conversion for argument 1 from &#39;const arduino::__FlashStringHelper*&#39; to &#39;const char*&#39;
In file included from /home/ec2-user/arduino-testlib/cli-datadir/user/libraries/BlueDisplay/examples/SimpleTouchScreenDSO/FrequencyGeneratorPage.h:12:0,
                 from /home/ec2-user/arduino-testlib/cli-datadir/user/libraries/BlueDisplay/examples/SimpleTouchScreenDSO/FrequencyGeneratorPage.cpp:40:
/home/ec2-user/arduino-testlib/cli-datadir/user/libraries/BlueDisplay/src/BDButton.h:296:10: note: candidate: void BDButton::setCaptionForValueTrue(const int*)
     void setCaptionForValueTrue(const __FlashStringHelper * aCaption);
          ^~~~~~~~~~~~~~~~~~~~~~
/home/ec2-user/arduino-testlib/cli-datadir/user/libraries/BlueDisplay/src/BDButton.h:296:10: note:   no known conversion for argument 1 from &#39;const arduino::__FlashStringHelper*&#39; to &#39;const int*&#39;
/home/ec2-user/arduino-testlib/cli-datadir/user/libraries/BlueDisplay/examples/SimpleTouchScreenDSO/FrequencyGeneratorPage.cpp:292:108: error: no matching function for call to &#39;BDButton::init(int, unsigned int, int, int, color16_t, const arduino::__FlashStringHelper*, int, const int&amp;, int, void (*)(BDButton*, int16_t))&#39;
     BUTTON_HEIGHT_4, COLOR_BLUE, F(&#34;Hz...&#34;), TEXT_SIZE_22, FLAG_BUTTON_DO_BEEP_ON_TOUCH, 0, &amp;doGetFrequency);
                                                                                                            ^
In file included from /home/ec2-user/arduino-te</pre>
					
					<h4>examples/US_Distance</h4>
					<p>
						Result: <b>FAIL</b>
					</p>
					<pre class="pre-scrollable">WARNING: library BlueDisplay claims to run on avr, esp8266, esp32, STM32, stm32, stm32duino, sam architecture(s) and may be incompatible with your current board which runs on megaavr architecture(s).
In file included from /home/ec2-user/arduino-testlib/cli-datadir/user/libraries/BlueDisplay/src/BDButton.cpp:32:0:
/home/ec2-user/arduino-testlib/cli-datadir/user/libraries/BlueDisplay/src/BDButton.h:292:19: error: &#39;__FlashStringHelper&#39; does not name a type
             const __FlashStringHelper * aPGMCaption, uint8_t aCaptionSize, uint/home/ec2-user/arduino-testlib/cli-datadir/user/libraries/BlueDisplay//home/ec2-user/arduino-testlib/cli-datadir/user/libraries/BlueDisplay/src/BlueDisplay.cpp:1542:35: error: &#39;REFS0&#39; was not declared in this scope
 #define SHIFT_VALUE_FOR_REFERENCE REFS0
                                   ^
/home/ec2-user/arduino-testlib/cli-datadir/user/libraries/BlueDisplay/src/BlueDisplay.cpp:1547:45: note: in expansion of macro &#39;SHIFT_VALUE_FOR_REFERENCE&#39;
     ADMUX = aChannelNumber | (aReference &lt;&lt; SHIFT_VALUE_FOR_REFERENCE);
                                             ^~~~~~~~~~~~~~~~~~~~~~~~~
/home/ec2-user/arduino-testlib/cli-datadir/user/libraries/BlueDisplay/src/BlueDisplay.cpp/home/ec2-user/arduino-testlib/cli-datadir/user/libraries/BlueDisplay/src/BDButton.h:297:27: error: &#39;__FlashStringHelper&#39; does not name a type
     void setCaption(const __FlashStringHelper * aPGMCaption, bool doDrawButton = false);
                           ^~~~~~~~~~~~~~~~~~~
/home/ec2-user/arduino-testlib/cli-datadir/user/libraries/BlueDisplay/src/BDButton.cpp:359:6: error: prototype for &#39;void BDButton::init(uint16_t, uint16_t, uint16_t, uint16_t, color16_t, const arduino::__FlashStringHelper*, uint8_t, uint8_t, int16_t, void (*)(BDButton*, int16_t))&#39; does not match any in class &#39;BDButton&#39;
 void BDButton::init(uint16_t aPositionX, uint16_t aPositionY, uint16_t aWidthX, uint16_t aHeightY, color16_t aButtonColor,
      ^~~~~~~~
In file included from /home/ec2-user/arduino-testlib/cli-datadir/user/libraries/BlueDisplay/src/BDButton.cpp:32:0:
/home/ec2-user/arduino-testlib/cli-datadir/user/libraries/BlueDisplay/src/BDButton.h:294:10: error: candidates are: void BDButton::init(uint16_t, uint16_t, const int*, int16_t, void (*)(BDButton*, int16_t))
     void init(uint16_t aPositionX, uint16_t aPositionY, const __FlashStringHelper * aPGMCaption, int16_t aValue,
          ^~~~
/home/ec2-user/arduino-testlib/cli-datadir/user/libraries/BlueDisplay/src/BDButton.h:291:10: error:                 void BDButton::init(uint16_t, uint16_t, uint16_t, uint16_t, color16_t, const int*, uint8_t, uint8_t, int16_t, void (*)(BDButton*, int16_t))
     void init(uint16_t aPositionX, uint16_t aPositionY, uint16_t aWidthX, uint16_t aHeightY, color16_t aButtonColor,
          ^~~~
/home/ec2-user/arduino-testlib/cli-datadir/user/libraries/BlueDisplay/src/BDButton.cpp:89:6: error:                 void BDButton::init(uint16_t, uint16_t, uint16_t, uint16_t, color16_t, const char*, uint16_t, uint8_t, int16_t, void (*)(BDButton*, int16_t))
 void BDButton::init(uint16_t aPositionX, uint16_t aPositionY, uint16_t aWidthX, uint16_t aHeightY, color16_t aButtonColor,
      ^~~~~~~~
/home/ec2-user/arduino-testlib/cli-datadir/user/libraries/BlueDisplay/src/BDButton.cpp:401:6: error: prototype for &#39;void BDButton::setCaptionForValueTrue(const arduino::__FlashStringHelper*)&#39; does not match any in class &#39;BDButton&#39;
 void BDButton::setCaptionForValueTrue(const __FlashStringHelper * aPGMCaption) {
      ^~~~~~~~
In file included from /home/ec2-user/arduino-testlib/cli-datadir/user/libraries/BlueDisplay/src/BDButton.cpp:32:0:
/home/ec2-user/arduino-testlib/cli-datadir/user/libraries/BlueDisplay/src/BDButton.h:296:10: error: candidates are: void BDButton::setCaptionForValueTrue(const int*)
     void setCaptionForValueTrue(const __FlashStringHelper * aCaption);
          ^~~~~~~~~~~~~~~~~~~~~~
/home/ec2-user/arduino-testlib/cli-datadir/user/libraries/BlueDisplay/src/BDButton.cpp:171:6: error:                 void BDButton::setCaptionForValueTrue(const char*)
 void BDButton::setCaptionForValueTrue(const char * aCaption) {
      ^~~~~~~~
/home/ec2-user/arduino-testlib/cli-datadir/user/libraries/BlueDisplay/src/BDButton.cpp: In member function &#39;void BDButton::setCaptionFromStringArrayPGM(const char* const*, uint8_t, bool)&#39;:
/home/ec2-user/arduino-testlib/cli-datadir/user/libraries/BlueDisplay/src/BDButton.cpp:407:42: error: no matching function for call to &#39;BDButton::setCaption(arduino::__FlashStringHelper*&amp;, bool&amp;)&#39;
     setCaption(tPGMCaption,  doDrawButton);
                                          ^
/home/ec2-user/arduino-testlib/cli-datadir/user/libraries/BlueDisplay/src/BDButton.cpp:181:6: note: candidate: void BDButton::setCaption(const char*, bool)
 void BDButton::setCaption(const char * aCaption, bool doDrawButton) {
      ^~~~~~~~
/home/ec2-user/arduino-testlib/cli-datadir/user/libraries/BlueDisplay/src/BDButton.cpp:181:6: note:   no known conversion for argument 1 from &#39;arduino::__FlashStringHelper*&#39; to &#39;const char*&#39;
In file included from /home/ec2-user/arduino-testlib/cli-datadir/user/libraries/BlueDisplay/src/BDButton.cpp:32:0:
/home/ec2-user/arduino-testlib/cli-datadir/user/libraries/BlueDisplay/src/BDButton.h:297:10: note: candidate: void BDButton::setCaption(const int*, bool)
     void setCaption(const __FlashStringHelper * aPGMCaption, bool doDrawButton = false);
          ^~~~~~~~~~
/home/ec2-user/arduino-testlib/cli-datadir/user/libraries/BlueDisplay/src/BDButton.h:297:10: note:   no known conversion for argument 1 from &#39;arduino::__FlashStringHelper*&#39; to &#39;const int*&#39;
/home/ec2-user/arduino-testlib/cli-datadir/user/libraries/BlueDisplay/src/BDButton.cpp: At global scope:
/home/ec2-user/arduino-testlib/cli-datadir/user/libraries/BlueDisplay/src/BDButton.cpp:429:6: error: prototype for &#39;void BDButton::setCaption(const arduino::__FlashStringHelper*, bool)&#39; does not match any in class &#39;BDButton&#39;
 void BDButton::setCaption(const __FlashStringHelper * aPGMCaption, bool doDrawButton) {
      ^~~~~~~~
In file included from /home/ec2-user/arduino-testlib/cli-datadir/user/libraries/BlueDisplay/src/BDButton.cpp:32:0:
/home/ec2-user/arduino-testlib/cli-datadir/user/libraries/BlueDisplay/src/BDButton.h:297:10: error: candidates are: void BDButton::setCaption(const int*, bool)
     void setCaption(const __FlashStringHelper * aPGMCaption, bool doDrawButton = false);
          ^~~~~~~~~~
/home/ec2-user/arduino-testlib/cli-datadir/user/libraries/BlueDisplay/src/BDButton.cpp:181:6: error:                 void BDButton::setCaption(const char*, bool)
 void BDButton::setCaption(const char * aCaption, bool doDrawButton) {
      ^~~~~~~~

</pre>
					
				
				<h3 id="arduino:samd:mkrwifi1010">arduino:samd:mkrwifi1010 @ 1.8.12</h3>
				<h4>Inclusion</h4>
				<p>
					Result: <b>PASS</b>
					
				</p>
				<pre class="pre-scrollable">WARNING: library BlueDisplay claims to run on avr, esp8266, esp32, STM32, stm32, stm32duino, sam architecture(s) and may be incompatible with your current board which runs on samd architecture(s).
Sketch uses 12172 bytes (4%) of program storage space. Maximum is 262144 bytes.
Global variables use 3016 bytes (9%) of dynamic memory, leaving 29752 bytes for local variables. Maximum is 32768 bytes.
</pre>

					
					<h4>examples/BTModuleProgrammer</h4>
					<p>
						Result: <b>FAIL</b>
					</p>
					<pre class="pre-scrollable">/Users/alranel/Documents/git/arduino/arduino-testlib/cli-datadir/user/libraries/Dabble/src/SoftwareSerial.cpp:45:10: fatal error: util/delay_basic.h: No such file or directory
 #include &lt;util/delay_basic.h&gt;
          ^~~~~~~~~~~~~~~~~~~~
compilation terminated.
Multiple libraries were found for &#34;SoftwareSerial.h&#34;
  Used: /Users/alranel/Documents/git/arduino/arduino-testlib/cli-datadir/user/libraries/Dabble
  Not used: /Users/alranel/Documents/git/arduino/arduino-testlib/cli-datadir/user/libraries/Printoo_Library
  Not used: /Users/alranel/Documents/git/arduino/arduino-testlib/cli-datadir/user/libraries/EspSoftwareSerial
</pre>
					
					<h4>examples/BlueDisplayBlink</h4>
					<p>
						Result: <b>PASS</b>
					</p>
					<pre class="pre-scrollable">WARNING: library BlueDisplay claims to run on avr, esp8266, esp32, STM32, stm32, stm32duino, sam architecture(s) and may be incompatible with your current board which runs on samd architecture(s).
Sketch uses 16140 bytes (6%) of program storage space. Maximum is 262144 bytes.
Global variables use 3148 bytes (9%) of dynamic memory, leaving 29620 bytes for local variables. Maximum is 32768 bytes.
</pre>
					
					<h4>examples/BlueDisplayExample</h4>
					<p>
						Result: <b>PASS</b>
					</p>
					<pre class="pre-scrollable">WARNING: library BlueDisplay claims to run on avr, esp8266, esp32, STM32, stm32, stm32duino, sam architecture(s) and may be incompatible with your current board which runs on samd architecture(s).
Sketch uses 23996 bytes (9%) of program storage space. Maximum is 262144 bytes.
Global variables use 3372 bytes (10%) of dynamic memory, leaving 29396 bytes for local variables. Maximum is 32768 bytes.
</pre>
					
					<h4>examples/RcCarControl</h4>
					<p>
						Result: <b>PASS</b>
					</p>
					<pre class="pre-scrollable">WARNING: library BlueDisplay claims to run on avr, esp8266, esp32, STM32, stm32, stm32duino, sam architecture(s) and may be incompatible with your current board which runs on samd architecture(s).
Sketch uses 24124 bytes (9%) of program storage space. Maximum is 262144 bytes.
Global variables use 3492 bytes (10%) of dynamic memory, leaving 29276 bytes for local variables. Maximum is 32768 bytes.
</pre>
					
					<h4>examples/ServoExample</h4>
					<p>
						Result: <b>PASS</b>
					</p>
					<pre class="pre-scrollable">WARNING: library BlueDisplay claims to run on avr, esp8266, esp32, STM32, stm32, stm32duino, sam architecture(s) and may be incompatible with your current board which runs on samd architecture(s).
Sketch uses 45736 bytes (17%) of program storage space. Maximum is 262144 bytes.
Global variables use 3752 bytes (11%) of dynamic memory, leaving 29016 bytes for local variables. Maximum is 32768 bytes.
</pre>
					
					<h4>examples/SimpleTouchScreenDSO</h4>
					<p>
						Result: <b>FAIL</b>
					</p>
					<pre class="pre-scrollable">/Users/alranel/Documents/git/arduino/arduino-testlib/cli-datadir/user/libraries/BlueDisplay/examples/SimpleTouchScreenDSO/FrequencyGeneratorPage.cpp:48:10: fatal error: Pages.h: No such file or directory
 #include &#34;Pages.h&#34;
          ^~~~~~~~~
compilation terminated.

</pre>
					
					<h4>examples/US_Distance</h4>
					<p>
						Result: <b>PASS</b>
					</p>
					<pre class="pre-scrollable">WARNING: library BlueDisplay claims to run on avr, esp8266, esp32, STM32, stm32, stm32duino, sam architecture(s) and may be incompatible with your current board which runs on samd architecture(s).
Sketch uses 21940 bytes (8%) of program storage space. Maximum is 262144 bytes.
Global variables use 3300 bytes (10%) of dynamic memory, leaving 29468 bytes for local variables. Maximum is 32768 bytes.
</pre>
					
				
				<h3 id="esp32:esp32:d1_mini32">esp32:esp32:d1_mini32 @ 1.0.6</h3>
				<h4>Inclusion</h4>
				<p>
					Result: <b>PASS</b>
					
				</p>
				<pre class="pre-scrollable">Sketch uses 415230 bytes (31%) of program storage space. Maximum is 1310720 bytes.
Global variables use 19484 bytes (5%) of dynamic memory, leaving 308196 bytes for local variables. Maximum is 327680 bytes.
</pre>

					
					<h4>examples/BTModuleProgrammer</h4>
					<p>
						Result: <b>PASS</b>
					</p>
					<pre class="pre-scrollable">Sketch uses 266434 bytes (20%) of program storage space. Maximum is 1310720 bytes.
Global variables use 15784 bytes (4%) of dynamic memory, leaving 311896 bytes for local variables. Maximum is 327680 bytes.
</pre>
					
					<h4>examples/BlueDisplayBlink</h4>
					<p>
						Result: <b>PASS</b>
					</p>
					<pre class="pre-scrollable">Sketch uses 939370 bytes (71%) of program storage space. Maximum is 1310720 bytes.
Global variables use 31212 bytes (9%) of dynamic memory, leaving 296468 bytes for local variables. Maximum is 327680 bytes.
</pre>
					
					<h4>examples/BlueDisplayExample</h4>
					<p>
						Result: <b>PASS</b>
					</p>
					<pre class="pre-scrollable">Sketch uses 957814 bytes (73%) of program storage space. Maximum is 1310720 bytes.
Global variables use 31396 bytes (9%) of dynamic memory, leaving 296284 bytes for local variables. Maximum is 327680 bytes.
</pre>
					
					<h4>examples/RcCarControl</h4>
					<p>
						Result: <b>FAIL</b>
					</p>
					<pre class="pre-scrollable">Multiple libraries were found for &#34;Servo.h&#34;
  Used: /home/ec2-user/arduino-testlib/cli-datadir/user/libraries/ServoESP32
  Not used: /home/ec2-user/arduino-testlib/cli-datadir/user/libraries/evive
  Not used: /home/ec2-user/arduino-testlib/cli-datadir/user/libraries/Servo
  Not used: /home/ec2-user/arduino-testlib/cli-datadir/user/libraries/RokitSmart
  Not used: /home/ec2-user/arduino-testlib/cli-datadir/user/libraries/Printoo_Library
  Not used: /home/ec2-user/arduino-testlib/cli-datadir/user/libraries/XMC_Servo
</pre>
					
					<h4>examples/ServoExample</h4>
					<p>
						Result: <b>FAIL</b>
					</p>
					<pre class="pre-scrollable">Multiple libraries were found for &#34;Ticker.h&#34;
  Used: /home/ec2-user/arduino-testlib/cli-datadir/data/packages/esp32/hardware/esp32/1.0.6/libraries/Ticker
  Not used: /home/ec2-user/arduino-testlib/cli-datadir/user/libraries/SimpleTicker
  Not used: /home/ec2-user/arduino-testlib/cli-datadir/user/libraries/Ticker
</pre>
					
					<h4>examples/SimpleTouchScreenDSO</h4>
					<p>
						Result: <b>FAIL</b>
					</p>
					<pre class="pre-scrollable">In file included from /home/ec2-user/arduino-testlib/cli-datadir/user/libraries/BlueDisplay/examples/SimpleTouchScreenDSO/SimpleTouchScreenDSO.ino:163:0:
/home/ec2-user/arduino-testlib/cli-datadir/user/libraries/BlueDisplay/examples/SimpleTouchScreenDSO/FrequencyGeneratorPage.h:15:26: fatal error: avr/pgmspace.h: No such file or directory
compilation terminated.

</pre>
					
					<h4>examples/US_Distance</h4>
					<p>
						Result: <b>PASS</b>
					</p>
					<pre class="pre-scrollable">Sketch uses 941578 bytes (71%) of program storage space. Maximum is 1310720 bytes.
Global variables use 31364 bytes (9%) of dynamic memory, leaving 296316 bytes for local variables. Maximum is 327680 bytes.
</pre>
					
				
			</div>
		</div>
	</div>
  </body>
</html>
