
<!doctype html>
<html lang="en">
  <head>
    <meta charset="utf-8">
    <meta name="viewport" content="width=device-width, initial-scale=1">
    <link href="https://cdn.jsdelivr.net/npm/bootstrap@5.0.2/dist/css/bootstrap.min.css" rel="stylesheet" integrity="sha384-EVSTQN3/azprG1Anm3QDgpJLIm9Nao0Yz1ztcQTwFspd3yD65VohhpuuCOmLASjC" crossorigin="anonymous">
    <title>arduino-testlib report</title>
	<style>
	.pass { background-color: #00FF00 !important; }
	.fail { background-color: #FF0000 !important; }
	</style>
  </head>
  <body>
	<div class="container">
		<div class="row">
			<div class="col">
				<h1>BY8X01-16P Audio Module Library - compatibility matrix</h1>
				<p>
					<small>This report was generated on Monday, 21-Feb-22 12:00:25 CET using 
					<a href="https://github.com/alranel/arduino-testlib">arduino-testlib</a>.</small>
				</p>

				<h2>BY8X01-16P Audio Module Library</h2>
				<p>
					Version: <b>1.0.8</b>
					<br />
					<a href="https://www.arduino.cc/reference/en/libraries/by8x01-16p-audio-module-library/">More details</a>
				</p>

				<h2>Compatibility matrix</h2>
				<table class="table table-bordered">
					<tr>
						<th>Board</th>
						<th>Claims compatibility</th>
						<th>Inclusion</th>
						
						<th><pre>CombinationPlaybackExample</pre></th>
						
						<th><pre>IndexedPlaybackExample</pre></th>
						
						<th><pre>ModuleInfo</pre></th>
						
						<th><pre>SimpleExample</pre></th>
						
						<th><pre>SoftwareSerialExample</pre></th>
						
					</tr>
					
					<tr>
						<td>
							<a href="#arduino%3aavr%3auno"><b>arduino:avr:uno</b></a>
							<br />
							<small>1.8.4</small>
						</td>

						
							<td>Yes</td>
							<td class="pass">PASS</td>
						
						
						
						

						
							
								
									
										
											
											<td class="fail">FAIL</td>
										
									
										
									
										
									
										
									
										
									
								
							
								
							
								
							
								
							
								
							
						
							
								
									
										
									
										
											
											<td class="fail">FAIL</td>
										
									
										
									
										
									
										
									
								
							
								
							
								
							
								
							
								
							
						
							
								
									
										
									
										
									
										
											
											<td class="fail">FAIL</td>
										
									
										
									
										
									
								
							
								
							
								
							
								
							
								
							
						
							
								
									
										
									
										
									
										
									
										
											
											<td class="fail">FAIL</td>
										
									
										
									
								
							
								
							
								
							
								
							
								
							
						
							
								
									
										
									
										
									
										
									
										
									
										
											
											<td class="fail">FAIL</td>
										
									
								
							
								
							
								
							
								
							
								
							
						
					</tr>
					
					<tr>
						<td>
							<a href="#arduino%3ambed_nano%3ananorp2040connect"><b>arduino:mbed_nano:nanorp2040connect</b></a>
							<br />
							<small>2.7.2</small>
						</td>

						
							<td>Yes</td>
							<td class="pass">PASS</td>
						
						
						
						

						
							
								
							
								
									
										
											
											<td class="fail">FAIL</td>
										
									
										
									
										
									
										
									
										
									
								
							
								
							
								
							
								
							
						
							
								
							
								
									
										
									
										
											
											<td class="fail">FAIL</td>
										
									
										
									
										
									
										
									
								
							
								
							
								
							
								
							
						
							
								
							
								
									
										
									
										
									
										
											
											<td class="fail">FAIL</td>
										
									
										
									
										
									
								
							
								
							
								
							
								
							
						
							
								
							
								
									
										
									
										
									
										
									
										
											
											<td class="fail">FAIL</td>
										
									
										
									
								
							
								
							
								
							
								
							
						
							
								
							
								
									
										
									
										
									
										
									
										
									
										
											
											<td class="fail">FAIL</td>
										
									
								
							
								
							
								
							
								
							
						
					</tr>
					
					<tr>
						<td>
							<a href="#arduino%3amegaavr%3anona4809"><b>arduino:megaavr:nona4809</b></a>
							<br />
							<small>1.8.7</small>
						</td>

						
							<td>Yes</td>
							<td class="pass">PASS</td>
						
						
						
						

						
							
								
							
								
							
								
									
										
											<td class="pass">PASS</td>
											
										
									
										
									
										
									
										
									
										
									
								
							
								
							
								
							
						
							
								
							
								
							
								
									
										
									
										
											<td class="pass">PASS</td>
											
										
									
										
									
										
									
										
									
								
							
								
							
								
							
						
							
								
							
								
							
								
									
										
									
										
									
										
											
											<td class="fail">FAIL</td>
										
									
										
									
										
									
								
							
								
							
								
							
						
							
								
							
								
							
								
									
										
									
										
									
										
									
										
											<td class="pass">PASS</td>
											
										
									
										
									
								
							
								
							
								
							
						
							
								
							
								
							
								
									
										
									
										
									
										
									
										
									
										
											
											<td class="fail">FAIL</td>
										
									
								
							
								
							
								
							
						
					</tr>
					
					<tr>
						<td>
							<a href="#arduino%3asamd%3amkrwifi1010"><b>arduino:samd:mkrwifi1010</b></a>
							<br />
							<small>1.8.12</small>
						</td>

						
							<td>Yes</td>
							<td class="pass">PASS</td>
						
						
						
						

						
							
								
							
								
							
								
							
								
									
										
											<td class="pass">PASS</td>
											
										
									
										
									
										
									
										
									
										
									
								
							
								
							
						
							
								
							
								
							
								
							
								
									
										
									
										
											<td class="pass">PASS</td>
											
										
									
										
									
										
									
										
									
								
							
								
							
						
							
								
							
								
							
								
							
								
									
										
									
										
									
										
											
											<td class="fail">FAIL</td>
										
									
										
									
										
									
								
							
								
							
						
							
								
							
								
							
								
							
								
									
										
									
										
									
										
									
										
											<td class="pass">PASS</td>
											
										
									
										
									
								
							
								
							
						
							
								
							
								
							
								
							
								
									
										
									
										
									
										
									
										
									
										
											
											<td class="fail">FAIL</td>
										
									
								
							
								
							
						
					</tr>
					
					<tr>
						<td>
							<a href="#esp32%3aesp32%3ad1_mini32"><b>esp32:esp32:d1_mini32</b></a>
							<br />
							<small>1.0.6</small>
						</td>

						
						
						
							<td>Yes ⚠️</td>
							<td class="fail">FAIL</td>
						
						

						
							
								
							
								
							
								
							
								
							
								
									
										
											
											<td class="fail">FAIL</td>
										
									
										
									
										
									
										
									
										
									
								
							
						
							
								
							
								
							
								
							
								
							
								
									
										
									
										
											
											<td class="fail">FAIL</td>
										
									
										
									
										
									
										
									
								
							
						
							
								
							
								
							
								
							
								
							
								
									
										
									
										
									
										
											
											<td class="fail">FAIL</td>
										
									
										
									
										
									
								
							
						
							
								
							
								
							
								
							
								
							
								
									
										
									
										
									
										
									
										
											
											<td class="fail">FAIL</td>
										
									
										
									
								
							
						
							
								
							
								
							
								
							
								
							
								
									
										
									
										
									
										
									
										
									
										
											
											<td class="fail">FAIL</td>
										
									
								
							
						
					</tr>
					
				</table>

				<h2>Compilation logs</h2>
				
				<h3 id="arduino:avr:uno">arduino:avr:uno @ 1.8.4</h3>
				<h4>Inclusion</h4>
				<p>
					Result: <b>PASS</b>
					
					<br />This library has no main header file so an empty one was created.
					
				</p>
				<pre class="pre-scrollable">Sketch uses 444 bytes (1%) of program storage space. Maximum is 32256 bytes.
Global variables use 9 bytes (0%) of dynamic memory, leaving 2039 bytes for local variables. Maximum is 2048 bytes.
</pre>

					
					<h4>examples/CombinationPlaybackExample</h4>
					<p>
						Result: <b>FAIL</b>
					</p>
					<pre class="pre-scrollable">/Users/alranel/Documents/git/arduino/arduino-testlib/cli-datadir/user/libraries/BY8X01-16P_Audio_Module_Library/examples/CombinationPlaybackExample/CombinationPlaybackExample.ino:11:11: error: no matching function for call to &#39;BY8X0116P::BY8X0116P()&#39;
 BY8X0116P audioController;              // Library using default disabled busy pin hookup, and default Serial1 @9600bps
           ^~~~~~~~~~~~~~~
In file included from /Users/alranel/Documents/git/arduino/arduino-testlib/cli-datadir/user/libraries/BY8X01-16P_Audio_Module_Library/examples/CombinationPlaybackExample/CombinationPlaybackExample.ino:9:0:
/Users/alranel/Documents/git/arduino/arduino-testlib/cli-datadir/user/libraries/BY8X01-16P_Audio_Module_Library/src/BY8X01-16P.h:146:5: note: candidate: BY8X0116P::BY8X0116P(HardwareSerial&amp;, byte, byte)
     BY8X0116P(HardwareSerial&amp; serial, byte busyPin = DISABLED, byte busyActiveOn = HIGH);
     ^~~~~~~~~
/Users/alranel/Documents/git/arduino/arduino-testlib/cli-datadir/user/libraries/BY8X01-16P_Audio_Module_Library/src/BY8X01-16P.h:146:5: note:   candidate expects 3 arguments, 0 provided
/Users/alranel/Documents/git/arduino/arduino-testlib/cli-datadir/user/libraries/BY8X01-16P_Audio_Module_Library/src/BY8X01-16P.h:130:7: note: candidate: constexpr BY8X0116P::BY8X0116P(const BY8X0116P&amp;)
 class BY8X0116P {
       ^~~~~~~~~
/Users/alranel/Documents/git/arduino/arduino-testlib/cli-datadir/user/libraries/BY8X01-16P_Audio_Module_Library/src/BY8X01-16P.h:130:7: note:   candidate expects 1 argument, 0 provided
/Users/alranel/Documents/git/arduino/arduino-testlib/cli-datadir/user/libraries/BY8X01-16P_Audio_Module_Library/src/BY8X01-16P.h:130:7: note: candidate: constexpr BY8X0116P::BY8X0116P(BY8X0116P&amp;&amp;)
/Users/alranel/Documents/git/arduino/arduino-testlib/cli-datadir/user/libraries/BY8X01-16P_Audio_Module_Library/src/BY8X01-16P.h:130:7: note:   candidate expects 1 argument, 0 provided
/Users/alranel/Documents/git/arduino/arduino-testlib/cli-datadir/user/libraries/BY8X01-16P_Audio_Module_Library/examples/CombinationPlaybackExample/CombinationPlaybackExample.ino: In function &#39;void setup()&#39;:
/Users/alranel/Documents/git/arduino/arduino-testlib/cli-datadir/user/libraries/BY8X01-16P_Audio_Module_Library/examples/CombinationPlaybackExample/CombinationPlaybackExample.ino:15:5: error: &#39;Serial1&#39; was not declared in this scope
     Serial1.begin(audioController.getSerialBaud(),
     ^~~~~~~
/Users/alranel/Documents/git/arduino/arduino-testlib/cli-datadir/user/libraries/BY8X01-16P_Audio_Module_Library/examples/CombinationPlaybackExample/CombinationPlaybackExample.ino:15:5: note: suggested alternative: &#39;Serial&#39;
     Serial1.begin(audioController.getSerialBaud(),
     ^~~~~~~
     Serial

</pre>
					
					<h4>examples/IndexedPlaybackExample</h4>
					<p>
						Result: <b>FAIL</b>
					</p>
					<pre class="pre-scrollable">/Users/alranel/Documents/git/arduino/arduino-testlib/cli-datadir/user/libraries/BY8X01-16P_Audio_Module_Library/examples/IndexedPlaybackExample/IndexedPlaybackExample.ino:13:34: error: no matching function for call to &#39;BY8X0116P::BY8X0116P(const byte&amp;)&#39;
 BY8X0116P audioController(busyPin);     // Library using busy pin input D22, and default Serial1 @9600bps
                                  ^
In file included from /Users/alranel/Documents/git/arduino/arduino-testlib/cli-datadir/user/libraries/BY8X01-16P_Audio_Module_Library/examples/IndexedPlaybackExample/IndexedPlaybackExample.ino:10:0:
/Users/alranel/Documents/git/arduino/arduino-testlib/cli-datadir/user/libraries/BY8X01-16P_Audio_Module_Library/src/BY8X01-16P.h:146:5: note: candidate: BY8X0116P::BY8X0116P(HardwareSerial&amp;, byte, byte)
     BY8X0116P(HardwareSerial&amp; serial, byte busyPin = DISABLED, byte busyActiveOn = HIGH);
     ^~~~~~~~~
/Users/alranel/Documents/git/arduino/arduino-testlib/cli-datadir/user/libraries/BY8X01-16P_Audio_Module_Library/src/BY8X01-16P.h:146:5: note:   no known conversion for argument 1 from &#39;const byte {aka const unsigned char}&#39; to &#39;HardwareSerial&amp;&#39;
/Users/alranel/Documents/git/arduino/arduino-testlib/cli-datadir/user/libraries/BY8X01-16P_Audio_Module_Library/src/BY8X01-16P.h:130:7: note: candidate: constexpr BY8X0116P::BY8X0116P(const BY8X0116P&amp;)
 class BY8X0116P {
       ^~~~~~~~~
/Users/alranel/Documents/git/arduino/arduino-testlib/cli-datadir/user/libraries/BY8X01-16P_Audio_Module_Library/src/BY8X01-16P.h:130:7: note:   no known conversion for argument 1 from &#39;const byte {aka const unsigned char}&#39; to &#39;const BY8X0116P&amp;&#39;
/Users/alranel/Documents/git/arduino/arduino-testlib/cli-datadir/user/libraries/BY8X01-16P_Audio_Module_Library/src/BY8X01-16P.h:130:7: note: candidate: constexpr BY8X0116P::BY8X0116P(BY8X0116P&amp;&amp;)
/Users/alranel/Documents/git/arduino/arduino-testlib/cli-datadir/user/libraries/BY8X01-16P_Audio_Module_Library/src/BY8X01-16P.h:130:7: note:   no known conversion for argument 1 from &#39;const byte {aka const unsigned char}&#39; to &#39;BY8X0116P&amp;&amp;&#39;
/Users/alranel/Documents/git/arduino/arduino-testlib/cli-datadir/user/libraries/BY8X01-16P_Audio_Module_Library/examples/IndexedPlaybackExample/IndexedPlaybackExample.ino: In function &#39;void setup()&#39;:
/Users/alranel/Documents/git/arduino/arduino-testlib/cli-datadir/user/libraries/BY8X01-16P_Audio_Module_Library/examples/IndexedPlaybackExample/IndexedPlaybackExample.ino:17:5: error: &#39;Serial1&#39; was not declared in this scope
     Serial1.begin(audioController.getSerialBaud(),
     ^~~~~~~
/Users/alranel/Documents/git/arduino/arduino-testlib/cli-datadir/user/libraries/BY8X01-16P_Audio_Module_Library/examples/IndexedPlaybackExample/IndexedPlaybackExample.ino:17:5: note: suggested alternative: &#39;Serial&#39;
     Serial1.begin(audioController.getSerialBaud(),
     ^~~~~~~
     Serial

</pre>
					
					<h4>examples/ModuleInfo</h4>
					<p>
						Result: <b>FAIL</b>
					</p>
					<pre class="pre-scrollable">/Users/alranel/Documents/git/arduino/arduino-testlib/cli-datadir/user/libraries/BY8X01-16P_Audio_Module_Library/examples/ModuleInfo/ModuleInfo.ino:21:11: error: no matching function for call to &#39;BY8X0116P::BY8X0116P()&#39;
 BY8X0116P audioController;              // Library using default disabled busy pin hookup, and default Serial1 @9600bps
           ^~~~~~~~~~~~~~~
In file included from /Users/alranel/Documents/git/arduino/arduino-testlib/cli-datadir/user/libraries/BY8X01-16P_Audio_Module_Library/examples/ModuleInfo/ModuleInfo.ino:19:0:
/Users/alranel/Documents/git/arduino/arduino-testlib/cli-datadir/user/libraries/BY8X01-16P_Audio_Module_Library/src/BY8X01-16P.h:146:5: note: candidate: BY8X0116P::BY8X0116P(HardwareSerial&amp;, byte, byte)
     BY8X0116P(HardwareSerial&amp; serial, byte busyPin = DISABLED, byte busyActiveOn = HIGH);
     ^~~~~~~~~
/Users/alranel/Documents/git/arduino/arduino-testlib/cli-datadir/user/libraries/BY8X01-16P_Audio_Module_Library/src/BY8X01-16P.h:146:5: note:   candidate expects 3 arguments, 0 provided
/Users/alranel/Documents/git/arduino/arduino-testlib/cli-datadir/user/libraries/BY8X01-16P_Audio_Module_Library/src/BY8X01-16P.h:130:7: note: candidate: constexpr BY8X0116P::BY8X0116P(const BY8X0116P&amp;)
 class BY8X0116P {
       ^~~~~~~~~
/Users/alranel/Documents/git/arduino/arduino-testlib/cli-datadir/user/libraries/BY8X01-16P_Audio_Module_Library/src/BY8X01-16P.h:130:7: note:   candidate expects 1 argument, 0 provided
/Users/alranel/Documents/git/arduino/arduino-testlib/cli-datadir/user/libraries/BY8X01-16P_Audio_Module_Library/src/BY8X01-16P.h:130:7: note: candidate: constexpr BY8X0116P::BY8X0116P(BY8X0116P&amp;&amp;)
/Users/alranel/Documents/git/arduino/arduino-testlib/cli-datadir/user/libraries/BY8X01-16P_Audio_Module_Library/src/BY8X01-16P.h:130:7: note:   candidate expects 1 argument, 0 provided
/Users/alranel/Documents/git/arduino/arduino-testlib/cli-datadir/user/libraries/BY8X01-16P_Audio_Module_Library/examples/ModuleInfo/ModuleInfo.ino: In function &#39;void setup()&#39;:
/Users/alranel/Documents/git/arduino/arduino-testlib/cli-datadir/user/libraries/BY8X01-16P_Audio_Module_Library/examples/ModuleInfo/ModuleInfo.ino:25:5: error: &#39;Serial1&#39; was not declared in this scope
     Serial1.begin(audioController.getSerialBaud(),
     ^~~~~~~
/Users/alranel/Documents/git/arduino/arduino-testlib/cli-datadir/user/libraries/BY8X01-16P_Audio_Module_Library/examples/ModuleInfo/ModuleInfo.ino:25:5: note: suggested alternative: &#39;Serial&#39;
     Serial1.begin(audioController.getSerialBaud(),
     ^~~~~~~
     Serial
/Users/alranel/Documents/git/arduino/arduino-testlib/cli-datadir/user/libraries/BY8X01-16P_Audio_Module_Library/examples/ModuleInfo/ModuleInfo.ino:30:21: error: &#39;class BY8X0116P&#39; has no member named &#39;printModuleInfo&#39;
     audioController.printModuleInfo();  // Prints module diagnostic information
                     ^~~~~~~~~~~~~~~

</pre>
					
					<h4>examples/SimpleExample</h4>
					<p>
						Result: <b>FAIL</b>
					</p>
					<pre class="pre-scrollable">/Users/alranel/Documents/git/arduino/arduino-testlib/cli-datadir/user/libraries/BY8X01-16P_Audio_Module_Library/examples/SimpleExample/SimpleExample.ino:5:11: error: no matching function for call to &#39;BY8X0116P::BY8X0116P()&#39;
 BY8X0116P audioController;              // Library using default disabled busy pin hookup, and default Serial1 @9600bps
           ^~~~~~~~~~~~~~~
In file included from /Users/alranel/Documents/git/arduino/arduino-testlib/cli-datadir/user/libraries/BY8X01-16P_Audio_Module_Library/examples/SimpleExample/SimpleExample.ino:3:0:
/Users/alranel/Documents/git/arduino/arduino-testlib/cli-datadir/user/libraries/BY8X01-16P_Audio_Module_Library/src/BY8X01-16P.h:146:5: note: candidate: BY8X0116P::BY8X0116P(HardwareSerial&amp;, byte, byte)
     BY8X0116P(HardwareSerial&amp; serial, byte busyPin = DISABLED, byte busyActiveOn = HIGH);
     ^~~~~~~~~
/Users/alranel/Documents/git/arduino/arduino-testlib/cli-datadir/user/libraries/BY8X01-16P_Audio_Module_Library/src/BY8X01-16P.h:146:5: note:   candidate expects 3 arguments, 0 provided
/Users/alranel/Documents/git/arduino/arduino-testlib/cli-datadir/user/libraries/BY8X01-16P_Audio_Module_Library/src/BY8X01-16P.h:130:7: note: candidate: constexpr BY8X0116P::BY8X0116P(const BY8X0116P&amp;)
 class BY8X0116P {
       ^~~~~~~~~
/Users/alranel/Documents/git/arduino/arduino-testlib/cli-datadir/user/libraries/BY8X01-16P_Audio_Module_Library/src/BY8X01-16P.h:130:7: note:   candidate expects 1 argument, 0 provided
/Users/alranel/Documents/git/arduino/arduino-testlib/cli-datadir/user/libraries/BY8X01-16P_Audio_Module_Library/src/BY8X01-16P.h:130:7: note: candidate: constexpr BY8X0116P::BY8X0116P(BY8X0116P&amp;&amp;)
/Users/alranel/Documents/git/arduino/arduino-testlib/cli-datadir/user/libraries/BY8X01-16P_Audio_Module_Library/src/BY8X01-16P.h:130:7: note:   candidate expects 1 argument, 0 provided
/Users/alranel/Documents/git/arduino/arduino-testlib/cli-datadir/user/libraries/BY8X01-16P_Audio_Module_Library/examples/SimpleExample/SimpleExample.ino: In function &#39;void setup()&#39;:
/Users/alranel/Documents/git/arduino/arduino-testlib/cli-datadir/user/libraries/BY8X01-16P_Audio_Module_Library/examples/SimpleExample/SimpleExample.ino:9:5: error: &#39;Serial1&#39; was not declared in this scope
     Serial1.begin(audioController.getSerialBaud(),
     ^~~~~~~
/Users/alranel/Documents/git/arduino/arduino-testlib/cli-datadir/user/libraries/BY8X01-16P_Audio_Module_Library/examples/SimpleExample/SimpleExample.ino:9:5: note: suggested alternative: &#39;Serial&#39;
     Serial1.begin(audioController.getSerialBaud(),
     ^~~~~~~
     Serial

</pre>
					
					<h4>examples/SoftwareSerialExample</h4>
					<p>
						Result: <b>FAIL</b>
					</p>
					<pre class="pre-scrollable">/Users/alranel/Documents/git/arduino/arduino-testlib/cli-datadir/user/libraries/BY8X01-16P_Audio_Module_Library/examples/SoftwareSerialExample/SoftwareSerialExample.ino:19:1: error: &#39;SoftwareSerial&#39; does not name a type; did you mean &#39;HardwareSerial&#39;?
 SoftwareSerial swSerial(rxPin, txPin);  // SoftwareSerial using RX pin D2 and TX pin D3
 ^~~~~~~~~~~~~~
 HardwareSerial
/Users/alranel/Documents/git/arduino/arduino-testlib/cli-datadir/user/libraries/BY8X01-16P_Audio_Module_Library/examples/SoftwareSerialExample/SoftwareSerialExample.ino:21:27: error: &#39;swSerial&#39; was not declared in this scope
 BY8X0116P audioController(swSerial);    // Library using SoftwareSerial @9600bps, and default disabled busy pin hookup
                           ^~~~~~~~
/Users/alranel/Documents/git/arduino/arduino-testlib/cli-datadir/user/libraries/BY8X01-16P_Audio_Module_Library/examples/SoftwareSerialExample/SoftwareSerialExample.ino:21:27: note: suggested alternative: &#39;Serial&#39;
 BY8X0116P audioController(swSerial);    // Library using SoftwareSerial @9600bps, and default disabled busy pin hookup
                           ^~~~~~~~
                           Serial
/Users/alranel/Documents/git/arduino/arduino-testlib/cli-datadir/user/libraries/BY8X01-16P_Audio_Module_Library/examples/SoftwareSerialExample/SoftwareSerialExample.ino: In function &#39;void setup()&#39;:
/Users/alranel/Documents/git/arduino/arduino-testlib/cli-datadir/user/libraries/BY8X01-16P_Audio_Module_Library/examples/SoftwareSerialExample/SoftwareSerialExample.ino:24:5: error: &#39;swSerial&#39; was not declared in this scope
     swSerial.begin(audioController.getSerialBaud()); // Begin SoftwareSerial
     ^~~~~~~~
/Users/alranel/Documents/git/arduino/arduino-testlib/cli-datadir/user/libraries/BY8X01-16P_Audio_Module_Library/examples/SoftwareSerialExample/SoftwareSerialExample.ino:24:5: note: suggested alternative: &#39;Serial&#39;
     swSerial.begin(audioController.getSerialBaud()); // Begin SoftwareSerial
     ^~~~~~~~
     Serial

</pre>
					
				
				<h3 id="arduino:mbed_nano:nanorp2040connect">arduino:mbed_nano:nanorp2040connect @ 2.7.2</h3>
				<h4>Inclusion</h4>
				<p>
					Result: <b>PASS</b>
					
				</p>
				<pre class="pre-scrollable">Sketch uses 78756 bytes (0%) of program storage space. Maximum is 16777216 bytes.
Global variables use 43444 bytes (16%) of dynamic memory, leaving 226892 bytes for local variables. Maximum is 270336 bytes.
</pre>

					
					<h4>examples/CombinationPlaybackExample</h4>
					<p>
						Result: <b>FAIL</b>
					</p>
					<pre class="pre-scrollable">/home/ec2-user/arduino-testlib/cli-datadir/user/libraries/BY8X01-16P_Audio_Module_Library/examples/CombinationPlaybackExample/CombinationPlaybackExample.ino:11:11: error: no matching function for call to &#39;BY8X0116P::BY8X0116P()&#39;
 BY8X0116P audioController;              // Library using default disabled busy pin hookup, and default Serial1 @9600bps
           ^~~~~~~~~~~~~~~
In file included from /home/ec2-user/arduino-testlib/cli-datadir/user/libraries/BY8X01-16P_Audio_Module_Library/examples/CombinationPlaybackExample/CombinationPlaybackExample.ino:9:0:
/home/ec2-user/arduino-testlib/cli-datadir/user/libraries/BY8X01-16P_Audio_Module_Library/src/BY8X01-16P.h:146:5: note: candidate: BY8X0116P::BY8X0116P(arduino::HardwareSerial&amp;, byte, byte)
     BY8X0116P(HardwareSerial&amp; serial, byte busyPin = DISABLED, byte busyActiveOn = HIGH);
     ^~~~~~~~~
/home/ec2-user/arduino-testlib/cli-datadir/user/libraries/BY8X01-16P_Audio_Module_Library/src/BY8X01-16P.h:146:5: note:   candidate expects 3 arguments, 0 provided
/home/ec2-user/arduino-testlib/cli-datadir/user/libraries/BY8X01-16P_Audio_Module_Library/src/BY8X01-16P.h:130:7: note: candidate: constexpr BY8X0116P::BY8X0116P(const BY8X0116P&amp;)
 class BY8X0116P {
       ^~~~~~~~~
/home/ec2-user/arduino-testlib/cli-datadir/user/libraries/BY8X01-16P_Audio_Module_Library/src/BY8X01-16P.h:130:7: note:   candidate expects 1 argument, 0 provided
/home/ec2-user/arduino-testlib/cli-datadir/user/libraries/BY8X01-16P_Audio_Module_Library/src/BY8X01-16P.h:130:7: note: candidate: constexpr BY8X0116P::BY8X0116P(BY8X0116P&amp;&amp;)
/home/ec2-user/arduino-testlib/cli-datadir/user/libraries/BY8X01-16P_Audio_Module_Library/src/BY8X01-16P.h:130:7: note:   candidate expects 1 argument, 0 provided

</pre>
					
					<h4>examples/IndexedPlaybackExample</h4>
					<p>
						Result: <b>FAIL</b>
					</p>
					<pre class="pre-scrollable">/home/ec2-user/arduino-testlib/cli-datadir/user/libraries/BY8X01-16P_Audio_Module_Library/examples/IndexedPlaybackExample/IndexedPlaybackExample.ino:13:34: error: no matching function for call to &#39;BY8X0116P::BY8X0116P(const byte&amp;)&#39;
 BY8X0116P audioController(busyPin);     // Library using busy pin input D22, and default Serial1 @9600bps
                                  ^
In file included from /home/ec2-user/arduino-testlib/cli-datadir/user/libraries/BY8X01-16P_Audio_Module_Library/examples/IndexedPlaybackExample/IndexedPlaybackExample.ino:10:0:
/home/ec2-user/arduino-testlib/cli-datadir/user/libraries/BY8X01-16P_Audio_Module_Library/src/BY8X01-16P.h:146:5: note: candidate: BY8X0116P::BY8X0116P(arduino::HardwareSerial&amp;, byte, byte)
     BY8X0116P(HardwareSerial&amp; serial, byte busyPin = DISABLED, byte busyActiveOn = HIGH);
     ^~~~~~~~~
/home/ec2-user/arduino-testlib/cli-datadir/user/libraries/BY8X01-16P_Audio_Module_Library/src/BY8X01-16P.h:146:5: note:   no known conversion for argument 1 from &#39;const byte {aka const unsigned char}&#39; to &#39;arduino::HardwareSerial&amp;&#39;
/home/ec2-user/arduino-testlib/cli-datadir/user/libraries/BY8X01-16P_Audio_Module_Library/src/BY8X01-16P.h:130:7: note: candidate: constexpr BY8X0116P::BY8X0116P(const BY8X0116P&amp;)
 class BY8X0116P {
       ^~~~~~~~~
/home/ec2-user/arduino-testlib/cli-datadir/user/libraries/BY8X01-16P_Audio_Module_Library/src/BY8X01-16P.h:130:7: note:   no known conversion for argument 1 from &#39;const byte {aka const unsigned char}&#39; to &#39;const BY8X0116P&amp;&#39;
/home/ec2-user/arduino-testlib/cli-datadir/user/libraries/BY8X01-16P_Audio_Module_Library/src/BY8X01-16P.h:130:7: note: candidate: constexpr BY8X0116P::BY8X0116P(BY8X0116P&amp;&amp;)
/home/ec2-user/arduino-testlib/cli-datadir/user/libraries/BY8X01-16P_Audio_Module_Library/src/BY8X01-16P.h:130:7: note:   no known conversion for argument 1 from &#39;const byte {aka const unsigned char}&#39; to &#39;BY8X0116P&amp;&amp;&#39;

</pre>
					
					<h4>examples/ModuleInfo</h4>
					<p>
						Result: <b>FAIL</b>
					</p>
					<pre class="pre-scrollable">/home/ec2-user/arduino-testlib/cli-datadir/user/libraries/BY8X01-16P_Audio_Module_Library/examples/ModuleInfo/ModuleInfo.ino:21:11: error: no matching function for call to &#39;BY8X0116P::BY8X0116P()&#39;
 BY8X0116P audioController;              // Library using default disabled busy pin hookup, and default Serial1 @9600bps
           ^~~~~~~~~~~~~~~
In file included from /home/ec2-user/arduino-testlib/cli-datadir/user/libraries/BY8X01-16P_Audio_Module_Library/examples/ModuleInfo/ModuleInfo.ino:19:0:
/home/ec2-user/arduino-testlib/cli-datadir/user/libraries/BY8X01-16P_Audio_Module_Library/src/BY8X01-16P.h:146:5: note: candidate: BY8X0116P::BY8X0116P(arduino::HardwareSerial&amp;, byte, byte)
     BY8X0116P(HardwareSerial&amp; serial, byte busyPin = DISABLED, byte busyActiveOn = HIGH);
     ^~~~~~~~~
/home/ec2-user/arduino-testlib/cli-datadir/user/libraries/BY8X01-16P_Audio_Module_Library/src/BY8X01-16P.h:146:5: note:   candidate expects 3 arguments, 0 provided
/home/ec2-user/arduino-testlib/cli-datadir/user/libraries/BY8X01-16P_Audio_Module_Library/src/BY8X01-16P.h:130:7: note: candidate: constexpr BY8X0116P::BY8X0116P(const BY8X0116P&amp;)
 class BY8X0116P {
       ^~~~~~~~~
/home/ec2-user/arduino-testlib/cli-datadir/user/libraries/BY8X01-16P_Audio_Module_Library/src/BY8X01-16P.h:130:7: note:   candidate expects 1 argument, 0 provided
/home/ec2-user/arduino-testlib/cli-datadir/user/libraries/BY8X01-16P_Audio_Module_Library/src/BY8X01-16P.h:130:7: note: candidate: constexpr BY8X0116P::BY8X0116P(BY8X0116P&amp;&amp;)
/home/ec2-user/arduino-testlib/cli-datadir/user/libraries/BY8X01-16P_Audio_Module_Library/src/BY8X01-16P.h:130:7: note:   candidate expects 1 argument, 0 provided
/home/ec2-user/arduino-testlib/cli-datadir/user/libraries/BY8X01-16P_Audio_Module_Library/examples/ModuleInfo/ModuleInfo.ino: In function &#39;void setup()&#39;:
/home/ec2-user/arduino-testlib/cli-datadir/user/libraries/BY8X01-16P_Audio_Module_Library/examples/ModuleInfo/ModuleInfo.ino:30:21: error: &#39;class BY8X0116P&#39; has no member named &#39;printModuleInfo&#39;
     audioController.printModuleInfo();  // Prints module diagnostic information
                     ^~~~~~~~~~~~~~~

</pre>
					
					<h4>examples/SimpleExample</h4>
					<p>
						Result: <b>FAIL</b>
					</p>
					<pre class="pre-scrollable">/home/ec2-user/arduino-testlib/cli-datadir/user/libraries/BY8X01-16P_Audio_Module_Library/examples/SimpleExample/SimpleExample.ino:5:11: error: no matching function for call to &#39;BY8X0116P::BY8X0116P()&#39;
 BY8X0116P audioController;              // Library using default disabled busy pin hookup, and default Serial1 @9600bps
           ^~~~~~~~~~~~~~~
In file included from /home/ec2-user/arduino-testlib/cli-datadir/user/libraries/BY8X01-16P_Audio_Module_Library/examples/SimpleExample/SimpleExample.ino:3:0:
/home/ec2-user/arduino-testlib/cli-datadir/user/libraries/BY8X01-16P_Audio_Module_Library/src/BY8X01-16P.h:146:5: note: candidate: BY8X0116P::BY8X0116P(arduino::HardwareSerial&amp;, byte, byte)
     BY8X0116P(HardwareSerial&amp; serial, byte busyPin = DISABLED, byte busyActiveOn = HIGH);
     ^~~~~~~~~
/home/ec2-user/arduino-testlib/cli-datadir/user/libraries/BY8X01-16P_Audio_Module_Library/src/BY8X01-16P.h:146:5: note:   candidate expects 3 arguments, 0 provided
/home/ec2-user/arduino-testlib/cli-datadir/user/libraries/BY8X01-16P_Audio_Module_Library/src/BY8X01-16P.h:130:7: note: candidate: constexpr BY8X0116P::BY8X0116P(const BY8X0116P&amp;)
 class BY8X0116P {
       ^~~~~~~~~
/home/ec2-user/arduino-testlib/cli-datadir/user/libraries/BY8X01-16P_Audio_Module_Library/src/BY8X01-16P.h:130:7: note:   candidate expects 1 argument, 0 provided
/home/ec2-user/arduino-testlib/cli-datadir/user/libraries/BY8X01-16P_Audio_Module_Library/src/BY8X01-16P.h:130:7: note: candidate: constexpr BY8X0116P::BY8X0116P(BY8X0116P&amp;&amp;)
/home/ec2-user/arduino-testlib/cli-datadir/user/libraries/BY8X01-16P_Audio_Module_Library/src/BY8X01-16P.h:130:7: note:   candidate expects 1 argument, 0 provided

</pre>
					
					<h4>examples/SoftwareSerialExample</h4>
					<p>
						Result: <b>FAIL</b>
					</p>
					<pre class="pre-scrollable">/home/ec2-user/arduino-testlib/cli-datadir/user/libraries/BY8X01-16P_Audio_Module_Library/examples/SoftwareSerialExample/SoftwareSerialExample.ino:19:1: error: &#39;SoftwareSerial&#39; does not name a type
 SoftwareSerial swSerial(rxPin, txPin);  // SoftwareSerial using RX pin D2 and TX pin D3
 ^~~~~~~~~~~~~~
/home/ec2-user/arduino-testlib/cli-datadir/user/libraries/BY8X01-16P_Audio_Module_Library/examples/SoftwareSerialExample/SoftwareSerialExample.ino:21:27: error: &#39;swSerial&#39; was not declared in this scope
 BY8X0116P audioController(swSerial);    // Library using SoftwareSerial @9600bps, and default disabled busy pin hookup
                           ^~~~~~~~
/home/ec2-user/arduino-testlib/cli-datadir/user/libraries/BY8X01-16P_Audio_Module_Library/examples/SoftwareSerialExample/SoftwareSerialExample.ino:21:27: note: suggested alternative: &#39;Serial&#39;
 BY8X0116P audioController(swSerial);    // Library using SoftwareSerial @9600bps, and default disabled busy pin hookup
                           ^~~~~~~~
                           Serial
/home/ec2-user/arduino-testlib/cli-datadir/user/libraries/BY8X01-16P_Audio_Module_Library/examples/SoftwareSerialExample/SoftwareSerialExample.ino: In function &#39;void setup()&#39;:
/home/ec2-user/arduino-testlib/cli-datadir/user/libraries/BY8X01-16P_Audio_Module_Library/examples/SoftwareSerialExample/SoftwareSerialExample.ino:24:5: error: &#39;swSerial&#39; was not declared in this scope
     swSerial.begin(audioController.getSerialBaud()); // Begin SoftwareSerial
     ^~~~~~~~
/home/ec2-user/arduino-testlib/cli-datadir/user/libraries/BY8X01-16P_Audio_Module_Library/examples/SoftwareSerialExample/SoftwareSerialExample.ino:24:5: note: suggested alternative: &#39;Serial&#39;
     swSerial.begin(audioController.getSerialBaud()); // Begin SoftwareSerial
     ^~~~~~~~
     Serial

</pre>
					
				
				<h3 id="arduino:megaavr:nona4809">arduino:megaavr:nona4809 @ 1.8.7</h3>
				<h4>Inclusion</h4>
				<p>
					Result: <b>PASS</b>
					
				</p>
				<pre class="pre-scrollable">Sketch uses 802 bytes (1%) of program storage space. Maximum is 49152 bytes.
Global variables use 22 bytes (0%) of dynamic memory, leaving 6122 bytes for local variables. Maximum is 6144 bytes.
</pre>

					
					<h4>examples/CombinationPlaybackExample</h4>
					<p>
						Result: <b>PASS</b>
					</p>
					<pre class="pre-scrollable">Sketch uses 6190 bytes (12%) of program storage space. Maximum is 49152 bytes.
Global variables use 361 bytes (5%) of dynamic memory, leaving 5783 bytes for local variables. Maximum is 6144 bytes.
</pre>
					
					<h4>examples/IndexedPlaybackExample</h4>
					<p>
						Result: <b>PASS</b>
					</p>
					<pre class="pre-scrollable">Sketch uses 6840 bytes (13%) of program storage space. Maximum is 49152 bytes.
Global variables use 361 bytes (5%) of dynamic memory, leaving 5783 bytes for local variables. Maximum is 6144 bytes.
</pre>
					
					<h4>examples/ModuleInfo</h4>
					<p>
						Result: <b>FAIL</b>
					</p>
					<pre class="pre-scrollable">/home/ec2-user/arduino-testlib/cli-datadir/user/libraries/BY8X01-16P_Audio_Module_Library/examples/ModuleInfo/ModuleInfo.ino: In function &#39;void setup()&#39;:
/home/ec2-user/arduino-testlib/cli-datadir/user/libraries/BY8X01-16P_Audio_Module_Library/examples/ModuleInfo/ModuleInfo.ino:30:21: error: &#39;class BY8X0116P&#39; has no member named &#39;printModuleInfo&#39;
     audioController.printModuleInfo();  // Prints module diagnostic information
                     ^~~~~~~~~~~~~~~

</pre>
					
					<h4>examples/SimpleExample</h4>
					<p>
						Result: <b>PASS</b>
					</p>
					<pre class="pre-scrollable">Sketch uses 4914 bytes (9%) of program storage space. Maximum is 49152 bytes.
Global variables use 359 bytes (5%) of dynamic memory, leaving 5785 bytes for local variables. Maximum is 6144 bytes.
</pre>
					
					<h4>examples/SoftwareSerialExample</h4>
					<p>
						Result: <b>FAIL</b>
					</p>
					<pre class="pre-scrollable">/home/ec2-user/arduino-testlib/cli-datadir/user/libraries/BY8X01-16P_Audio_Module_Library/examples/SoftwareSerialExample/SoftwareSerialExample.ino:19:1: error: &#39;SoftwareSerial&#39; does not name a type
 SoftwareSerial swSerial(rxPin, txPin);  // SoftwareSerial using RX pin D2 and TX pin D3
 ^~~~~~~~~~~~~~
/home/ec2-user/arduino-testlib/cli-datadir/user/libraries/BY8X01-16P_Audio_Module_Library/examples/SoftwareSerialExample/SoftwareSerialExample.ino:21:27: error: &#39;swSerial&#39; was not declared in this scope
 BY8X0116P audioController(swSerial);    // Library using SoftwareSerial @9600bps, and default disabled busy pin hookup
                           ^~~~~~~~
/home/ec2-user/arduino-testlib/cli-datadir/user/libraries/BY8X01-16P_Audio_Module_Library/examples/SoftwareSerialExample/SoftwareSerialExample.ino:21:27: note: suggested alternative: &#39;Serial&#39;
 BY8X0116P audioController(swSerial);    // Library using SoftwareSerial @9600bps, and default disabled busy pin hookup
                           ^~~~~~~~
                           Serial
/home/ec2-user/arduino-testlib/cli-datadir/user/libraries/BY8X01-16P_Audio_Module_Library/examples/SoftwareSerialExample/SoftwareSerialExample.ino: In function &#39;void setup()&#39;:
/home/ec2-user/arduino-testlib/cli-datadir/user/libraries/BY8X01-16P_Audio_Module_Library/examples/SoftwareSerialExample/SoftwareSerialExample.ino:24:5: error: &#39;swSerial&#39; was not declared in this scope
     swSerial.begin(audioController.getSerialBaud()); // Begin SoftwareSerial
     ^~~~~~~~
/home/ec2-user/arduino-testlib/cli-datadir/user/libraries/BY8X01-16P_Audio_Module_Library/examples/SoftwareSerialExample/SoftwareSerialExample.ino:24:5: note: suggested alternative: &#39;Serial&#39;
     swSerial.begin(audioController.getSerialBaud()); // Begin SoftwareSerial
     ^~~~~~~~
     Serial

</pre>
					
				
				<h3 id="arduino:samd:mkrwifi1010">arduino:samd:mkrwifi1010 @ 1.8.12</h3>
				<h4>Inclusion</h4>
				<p>
					Result: <b>PASS</b>
					
					<br />This library has no main header file so an empty one was created.
					
				</p>
				<pre class="pre-scrollable">Sketch uses 12312 bytes (4%) of program storage space. Maximum is 262144 bytes.
Global variables use 3000 bytes (9%) of dynamic memory, leaving 29768 bytes for local variables. Maximum is 32768 bytes.
</pre>

					
					<h4>examples/CombinationPlaybackExample</h4>
					<p>
						Result: <b>PASS</b>
					</p>
					<pre class="pre-scrollable">Sketch uses 14800 bytes (5%) of program storage space. Maximum is 262144 bytes.
Global variables use 3392 bytes (10%) of dynamic memory, leaving 29376 bytes for local variables. Maximum is 32768 bytes.
</pre>
					
					<h4>examples/IndexedPlaybackExample</h4>
					<p>
						Result: <b>PASS</b>
					</p>
					<pre class="pre-scrollable">Sketch uses 15224 bytes (5%) of program storage space. Maximum is 262144 bytes.
Global variables use 3392 bytes (10%) of dynamic memory, leaving 29376 bytes for local variables. Maximum is 32768 bytes.
</pre>
					
					<h4>examples/ModuleInfo</h4>
					<p>
						Result: <b>FAIL</b>
					</p>
					<pre class="pre-scrollable">/Users/alranel/Documents/git/arduino/arduino-testlib/cli-datadir/user/libraries/BY8X01-16P_Audio_Module_Library/examples/ModuleInfo/ModuleInfo.ino: In function &#39;void setup()&#39;:
/Users/alranel/Documents/git/arduino/arduino-testlib/cli-datadir/user/libraries/BY8X01-16P_Audio_Module_Library/examples/ModuleInfo/ModuleInfo.ino:30:21: error: &#39;class BY8X0116P&#39; has no member named &#39;printModuleInfo&#39;
     audioController.printModuleInfo();  // Prints module diagnostic information
                     ^~~~~~~~~~~~~~~
Multiple libraries were found for &#34;Scheduler.h&#34;
  Used: /Users/alranel/Documents/git/arduino/arduino-testlib/cli-datadir/user/libraries/Scheduler
  Not used: /Users/alranel/Documents/git/arduino/arduino-testlib/cli-datadir/user/libraries/BlueFairy
  Not used: /Users/alranel/Documents/git/arduino/arduino-testlib/cli-datadir/user/libraries/ESP8266Scheduler
  Not used: /Users/alranel/Documents/git/arduino/arduino-testlib/cli-datadir/user/libraries/Taskrunner
</pre>
					
					<h4>examples/SimpleExample</h4>
					<p>
						Result: <b>PASS</b>
					</p>
					<pre class="pre-scrollable">Sketch uses 13316 bytes (5%) of program storage space. Maximum is 262144 bytes.
Global variables use 3024 bytes (9%) of dynamic memory, leaving 29744 bytes for local variables. Maximum is 32768 bytes.
</pre>
					
					<h4>examples/SoftwareSerialExample</h4>
					<p>
						Result: <b>FAIL</b>
					</p>
					<pre class="pre-scrollable">/Users/alranel/Documents/git/arduino/arduino-testlib/cli-datadir/user/libraries/BY8X01-16P_Audio_Module_Library/examples/SoftwareSerialExample/SoftwareSerialExample.ino:19:1: error: &#39;SoftwareSerial&#39; does not name a type
 SoftwareSerial swSerial(rxPin, txPin);  // SoftwareSerial using RX pin D2 and TX pin D3
 ^~~~~~~~~~~~~~
/Users/alranel/Documents/git/arduino/arduino-testlib/cli-datadir/user/libraries/BY8X01-16P_Audio_Module_Library/examples/SoftwareSerialExample/SoftwareSerialExample.ino:21:27: error: &#39;swSerial&#39; was not declared in this scope
 BY8X0116P audioController(swSerial);    // Library using SoftwareSerial @9600bps, and default disabled busy pin hookup
                           ^~~~~~~~
/Users/alranel/Documents/git/arduino/arduino-testlib/cli-datadir/user/libraries/BY8X01-16P_Audio_Module_Library/examples/SoftwareSerialExample/SoftwareSerialExample.ino:21:27: note: suggested alternative: &#39;Serial&#39;
 BY8X0116P audioController(swSerial);    // Library using SoftwareSerial @9600bps, and default disabled busy pin hookup
                           ^~~~~~~~
                           Serial
/Users/alranel/Documents/git/arduino/arduino-testlib/cli-datadir/user/libraries/BY8X01-16P_Audio_Module_Library/examples/SoftwareSerialExample/SoftwareSerialExample.ino: In function &#39;void setup()&#39;:
/Users/alranel/Documents/git/arduino/arduino-testlib/cli-datadir/user/libraries/BY8X01-16P_Audio_Module_Library/examples/SoftwareSerialExample/SoftwareSerialExample.ino:24:5: error: &#39;swSerial&#39; was not declared in this scope
     swSerial.begin(audioController.getSerialBaud()); // Begin SoftwareSerial
     ^~~~~~~~
/Users/alranel/Documents/git/arduino/arduino-testlib/cli-datadir/user/libraries/BY8X01-16P_Audio_Module_Library/examples/SoftwareSerialExample/SoftwareSerialExample.ino:24:5: note: suggested alternative: &#39;Serial&#39;
     swSerial.begin(audioController.getSerialBaud()); // Begin SoftwareSerial
     ^~~~~~~~
     Serial
Multiple libraries were found for &#34;Scheduler.h&#34;
  Used: /Users/alranel/Documents/git/arduino/arduino-testlib/cli-datadir/user/libraries/Scheduler
  Not used: /Users/alranel/Documents/git/arduino/arduino-testlib/cli-datadir/user/libraries/Taskrunner
  Not used: /Users/alranel/Documents/git/arduino/arduino-testlib/cli-datadir/user/libraries/ESP8266Scheduler
  Not used: /Users/alranel/Documents/git/arduino/arduino-testlib/cli-datadir/user/libraries/BlueFairy
</pre>
					
				
				<h3 id="esp32:esp32:d1_mini32">esp32:esp32:d1_mini32 @ 1.0.6</h3>
				<h4>Inclusion</h4>
				<p>
					Result: <b>FAIL</b>
					
				</p>
				<pre class="pre-scrollable">/home/ec2-user/arduino-testlib/cli-datadir/user/libraries/BY8X01-16P_Audio_Module_Library/src/BY8X01-16P.cpp: In member function &#39;void BY8X0116P::playFileIndex(uint16_t)&#39;:
/home/ec2-user/arduino-testlib/cli-datadir/user/libraries/BY8X01-16P_Audio_Module_Library/src/BY8X01-16P.cpp:167:52: error: no matching function for call to &#39;max(uint16_t&amp;, int)&#39;
     fileIndex = (uint16_t)min(max(fileIndex, 0x0001), 0xFFFF);
                                                    ^
In file included from /home/ec2-user/arduino-testlib/cli-datadir/data/packages/esp32/tools/xtensa-esp32-elf-gcc/1.22.0-97-gc752ad5-5.2.0/xtensa-esp32-elf/include/c&#43;&#43;/5.2.0/algorithm:62:0,
                 from /home/ec2-user/arduino-testlib/cli-datadir/data/packages/esp32/hardware/esp32/1.0.6/cores/esp32/Arduino.h:142,
                 from /home/ec2-user/arduino-testlib/cli-datadir/user/libraries/BY8X01-16P_Audio_Module_Library/src/BY8X01-16P.h:60,
                 from /home/ec2-user/arduino-testlib/cli-datadir/user/libraries/BY8X01-16P_Audio_Module_Library/src/BY8X01-16P.cpp:6:
/home/ec2-user/arduino-testlib/cli-datadir/data/packages/esp32/tools/xtensa-esp32-elf-gcc/1.22.0-97-gc752ad5-5.2.0/xtensa-esp32-elf/include/c&#43;&#43;/5.2.0/bits/stl_algo.h:3463:5: note: candidate: template&lt;class _Tp, class _Compare&gt; _Tp std::max(std::initializer_list&lt;_Tp&gt;, _Compare)
     max(initializer_list&lt;_Tp&gt; __l, _Compare __comp)
     ^
/home/ec2-user/arduino-testlib/cli-datadir/data/packages/esp32/tools/xtensa-esp32-elf-gcc/1.22.0-97-gc752ad5-5.2.0/xtensa-esp32-elf/include/c&#43;&#43;/5.2.0/bits/stl_algo.h:3463:5: note:   template argument deduction/substitution failed:
/home/ec2-user/arduino-testlib/cli-datadir/user/libraries/BY8X01-16P_Audio_Module_Library/src/BY8X01-16P.cpp:167:52: note:   mismatched types &#39;std::initializer_list&lt;_Tp&gt;&#39; and &#39;short unsigned int&#39;
     fileIndex = (uint16_t)min(max(fileIndex, 0x0001), 0xFFFF);
                                                    ^
In file included from /home/ec2-user/arduino-testlib/cli-datadir/data/packages/esp32/tools/xtensa-esp32-elf-gcc/1.22.0-97-gc752ad5-5.2.0/xtensa-esp32-elf/include/c&#43;&#43;/5.2.0/algorithm:62:0,
                 from /home/ec2-user/arduino-testlib/cli-datadir/data/packages/esp32/hardware/esp32/1.0.6/cores/esp32/Arduino.h:142,
                 from /home/ec2-user/arduino-testlib/cli-datadir/user/libraries/BY8X01-16P_Audio_Module_Library/src/BY8X01-16P.h:60,
                 from /home/ec2-user/arduino-testlib/cli-datadir/user/libraries/BY8X01-16P_Audio_Module_Library/src/BY8X01-16P.cpp:6:
/home/ec2-user/arduino-testlib/cli-datadir/data/packages/esp32/tools/xtensa-esp32-elf-gcc/1.22.0-97-gc752ad5-5.2.0/xtensa-esp32-elf/include/c&#43;&#43;/5.2.0/bits/stl_algo.h:3457:5: note: candidate: template&lt;class _Tp&gt; _Tp std::max(std::initializer_list&lt;_Tp&gt;)
     max(initializer_list&lt;_Tp&gt; __l)
     ^
/home/ec2-user/arduino-testlib/cli-datadir/data/packages/esp32/tools/xtensa-esp32-elf-gcc/1.22.0-97-gc752ad5-5.2.0/xtensa-esp32-elf/include/c&#43;&#43;/5.2.0/bits/stl_algo.h:3457:5: note:   template argument deduction/substitution failed:
/home/ec2-user/arduino-testlib/cli-datadir/user/libraries/BY8X01-16P_Audio_Module_Library/src/BY8X01-16P.cpp:167:52: note:   mismatched types &#39;std::initializer_list&lt;_Tp&gt;&#39; and &#39;short unsigned int&#39;
     fileIndex = (uint16_t)min(max(fileIndex, 0x0001), 0xFFFF);
                                                    ^
In file included from /home/ec2-user/arduino-testlib/cli-datadir/data/packages/esp32/tools/xtensa-esp32-elf-gcc/1.22.0-97-gc752ad5-5.2.0/xtensa-esp32-elf/include/c&#43;&#43;/5.2.0/algorithm:61:0,
                 from /home/ec2-user/arduino-testlib/cli-datadir/data/packages/esp32/hardware/esp32/1.0.6/cores/esp32/Arduino.h:142,
                 from /home/ec2-user/arduino-testlib/cli-datadir/user/libraries/BY8X01-16P_Audio_Module_Library/src/BY8X01-16P.h:60,
                 from /home/ec2-user/arduino-testlib/cli-datadir/user/libraries/BY8X01-16P_Audio_Module_Library/src/BY8X01-16P.cpp:6:
/home/ec2-user/arduino-testlib/cli-datadir/data/packages/esp32/tools/xtensa-esp32-elf-gcc/1.22.0-97-gc752ad5-5.2.0/xtensa-esp32-elf/include/c&#43;&#43;/5.2.0/bits/stl_algobase.h:265:5: note: candidate: template&lt;class _Tp, class _Compare&gt; const _Tp&amp; std::max(const _Tp&amp;, const _Tp&amp;, _Compare)
     max(const _Tp&amp; __a, const _Tp&amp; __b, _Compare __comp)
     ^
/home/ec2-user/arduino-testlib/cli-datadir/data/packages/esp32/tools/xtensa-esp32-elf-gcc/1.22.0-97-gc752ad5-5.2.0/xtensa-esp32-elf/include/c&#43;&#43;/5.2.0/bits/stl_algobase.h:265:5: note:   template argument deduction/substitution failed:
/home/ec2-user/arduino-testlib/cli-datadir/user/libraries/BY8X01-16P_Audio_Module_Library/src/BY8X01-16P.cpp:167:52: note:   deduced conflicting types for parameter &#39;const _Tp&#39; (&#39;short unsigned int&#39; and &#39;int&#39;)
     fileIndex = (uint16_t)min(max(fileIndex, 0x0001), 0xFFFF);
                                                    ^
In file included from /home/ec2-user/arduino-testlib/cli-datadir/data/packages/esp32/tools/xtensa-esp32-elf-gcc/1.22.0-97-gc752ad5-5.2.0/xtensa-esp32-elf/include/c&#43;&#43;/5.2.0/algorithm:61:0,
                 from /home/ec2-user/arduino-testlib/cli-datadir/data/packages/esp32/hardware/esp32/1.0.6/cores/esp32/Arduino.h:142,
                 from /home/ec2-user/arduino-testlib/cli-datadir/user/libraries/BY8X01-16P_Audio_Module_Library/src/BY8X01-16P.h:60,
                 from /home/ec2-user/arduino-testlib/cli-datadir/user/libraries/BY8X01-16P_Audio_Module_Library/src/BY8X01-16P.cpp:6:
/home/ec2-user/arduino-testlib/cli-datadir/data/packages/esp32/tools/xtensa-esp32-elf-gcc/1.22.0-97-gc752ad5-5.2.0/xtensa-esp32-elf/include/c&#43;&#43;/5.2.0/bits/stl_algobase.h:219:5: note: candidate: template&lt;class _Tp&gt; const _Tp&amp; std::max(const _Tp&amp;, const _Tp&amp;)
     max(const _Tp&amp; __a, const _Tp&amp; __b)
     ^
/home/ec2-user/arduino-testlib/cli-datadir/data/packages/esp32/tools/xtensa-esp32-elf-gcc/1.22.0-97-gc752ad5-5.2.0/xtensa-esp32-elf/include/c&#43;&#43;/5.2.0/bits/stl_algobase.h:219:5: note:   template argument deduction/substitution failed:
/home/ec2-user/arduino-testlib/cli-datadir/user/libraries/BY8X01-16P_Audio_Module_Library/src/BY8X01-16P.cpp:167:52: note:   deduced conflicting types for parameter &#39;const _Tp&#39; (&#39;short unsigned int&#39; and &#39;int&#39;)
     fileIndex = (uint16_t)min(max(fileIndex, 0x0001), 0xFFFF);
                                                    ^
/home/ec2-user/arduino-testlib/cli-datadir/user/libraries/BY8X01-16P_Audio_Module_Library/src/BY8X01-16P.cpp: In member function &#39;void BY8X0116P::playFolderFileIndex(byte, byte)&#39;:
/home/ec2-user/arduino-testlib/cli-datadir/user/libraries/BY8X01-16P_Audio_Module_Library/src/BY8X01-16P.cpp:178:47: error: no matching function for call to &#39;max(byte&amp;, int)&#39;
     folderIndex = (byte)min(max(folderIndex, 0), 99);
                                               ^
In file included from /home/ec2-user/arduino-testlib/cli-datadir/data/packages/esp32/tools/xtensa-esp32-elf-gcc/1.22.0-97-gc752ad5-5.2.0/xtensa-esp32-elf/include/c&#43;&#43;/5.2.0/algorithm:62:0,
                 from /home/ec2-user/arduino-testlib/cli-datadir/data/packages/esp32/hardware/esp32/1.0.6/cores/esp32/Arduino.h:142,
                 from /home/ec2-user/arduino-testlib/cli-datadir/user/libraries/BY8X01-16P_Audio_Module_Library/src/BY8X01-16P.h:60,
                 from /home/ec2-user/arduino-testlib/cli-datadir/user/libraries/BY8X01-16P_Audio_Module_Library/src/BY8X01-16P.cpp:6:
/home/ec2-user/arduino-testlib/cli-datadir/data/packages/esp32/tools/xtensa-esp32-elf-gcc/1.22.0-97-gc752ad5-5.2.0/xtensa-esp32-elf/include/c&#43;&#43;/5.2.0/bits/stl_algo.h:3463:5: note: candidate: template&lt;class _Tp, class _Compare&gt; _Tp std::max(std::initializer_list&lt;_Tp&gt;, _Compare)
     max(initializer_list&lt;_Tp&gt; __l, _Compare __comp)
     ^
/home/ec2-user/arduino-testlib/cli-datadir/data/packages/esp32/tools/xtensa-esp32-elf-gcc/1.22.0-97-gc752ad5-5.2.0/xtensa-esp32-elf/include/c&#43;&#43;/5.2.0/bits/stl_algo.h:3463:5: note:   template argument deduction/substitution failed:
/home/ec2-user/arduino-testlib/cli-datadir/user/libraries/BY8X01-16P_Audio_Module_Library/src/BY8X01-16P.cpp:178:47: note:   mismatched types &#39;std::initializer_list&lt;_Tp&gt;&#39; and &#39;unsigned char&#39;
     folderIndex = (byte)min(max(folderIndex, 0), 99);
                                               ^
In file included from /home/ec2-user/arduino-testlib/cli-datadir/data/packages/esp32/tools/xtensa-esp32-elf-gcc/1.22.0-97-gc752ad5-5.2.0/xtensa-esp32-elf/include/c&#43;&#43;/5.2.0/algorithm:62:0,
                 from /home/ec2-user/arduino-testlib/cli-datadir/data/packages/esp32/hardware/esp32/1.0.6/cores/esp32/Arduino.h:142,
                 from /home/ec2-user/arduino-testlib/cli-datadir/user/libraries/BY8X01-16P_Audio_Module_Library/src/BY8X01-16P.h:60,
                 from /home/ec2-user/arduino-testlib/cli-datadir/user/libraries/BY8X01-16P_Audio_Module_Library/src/BY8X01-16P.cpp:6:
/home/ec2-user/arduino-testlib/cli-datadir/data/packages/esp32/tools/xtensa-esp32-elf-gcc/1.22.0-97-gc752ad5-5.2.0/xtensa-esp32-elf/include/c&#43;&#43;/5.2.0/bits/stl_algo.h:3457:5: note: candidate: template&lt;class _Tp&gt; _Tp std::max(std::initializer_list&lt;_Tp&gt;)
     max(initializer_list&lt;_Tp&gt; __l)
     ^
/home/ec2-user/arduino-testlib/cli-datadir/data/packages/esp32/tools/xtensa-esp32-elf-gcc/1.22.0-97-gc752ad5-5.2.0/xtensa-esp32-elf/include/c&#43;&#43;/5.2.0/bits/stl_algo.h:3457:5: note:   template argument deduction/substitution failed:
/home/ec2-user/arduino-testlib/cli-datadir/user/libraries/BY8X01-16P_Audio_Module_Library/src/BY8X01-16P.cpp:178:47: note:   mismatched types &#39;std::initializer_list&lt;_Tp&gt;&#39; and &#39;unsigned char&#39;
     folderIndex = (byte)min(max(folderIndex, 0), 99);
                                               ^
In file included from /home/ec2-user/arduino-testlib/cli-datadir/data/packages/esp32/tools/xtensa-esp32-elf-gcc/1.22.0-97-gc752ad5-5.2.0/xtensa-esp32-elf/include/c&#43;&#43;/5.2.0/algorithm:61:0,
                 from /home/ec2-user/arduino-testlib/cli-datadir/data/packages/esp32/hardware/esp32/1.0.6/cores/esp32/Arduino.h:142,
                 from /home/ec2-user</pre>

					
					<h4>examples/CombinationPlaybackExample</h4>
					<p>
						Result: <b>FAIL</b>
					</p>
					<pre class="pre-scrollable">/home/ec2-user/arduino-testlib/cli-datadir/user/libraries/BY8X01-16P_Audio_Module_Library/examples/CombinationPlaybackExample/CombinationPlaybackExample.ino:11:11: error: no matching function for call to &#39;BY8X0116P::BY8X0116P()&#39;
 BY8X0116P audioController;              // Library using default disabled busy pin hookup, and default Serial1 @9600bps
           ^
In file included from /home/ec2-user/arduino-testlib/cli-datadir/user/libraries/BY8X01-16P_Audio_Module_Library/examples/CombinationPlaybackExample/CombinationPlaybackExample.ino:9:0:
/home/ec2-user/arduino-testlib/cli-datadir/user/libraries/BY8X01-16P_Audio_Module_Library/src/BY8X01-16P.h:146:5: note: candidate: BY8X0116P::BY8X0116P(HardwareSerial&amp;, byte, byte)
     BY8X0116P(HardwareSerial&amp; serial, byte busyPin = DISABLED, byte busyActiveOn = HIGH);
     ^
/home/ec2-user/arduino-testlib/cli-datadir/user/libraries/BY8X01-16P_Audio_Module_Library/src/BY8X01-16P.h:146:5: note:   candidate expects 3 arguments, 0 provided
/home/ec2-user/arduino-testlib/cli-datadir/user/libraries/BY8X01-16P_Audio_Module_Library/src/BY8X01-16P.h:130:7: note: candidate: constexpr BY8X0116P::BY8X0116P(const BY8X0116P&amp;)
 class BY8X0116P {
       ^
/home/ec2-user/arduino-testlib/cli-datadir/user/libraries/BY8X01-16P_Audio_Module_Library/src/BY8X01-16P.h:130:7: note:   candidate expects 1 argument, 0 provided
/home/ec2-user/arduino-testlib/cli-datadir/user/libraries/BY8X01-16P_Audio_Module_Library/src/BY8X01-16P.h:130:7: note: candidate: constexpr BY8X0116P::BY8X0116P(BY8X0116P&amp;&amp;)
/home/ec2-user/arduino-testlib/cli-datadir/user/libraries/BY8X01-16P_Audio_Module_Library/src/BY8X01-16P.h:130:7: note:   candidate expects 1 argument, 0 provided

</pre>
					
					<h4>examples/IndexedPlaybackExample</h4>
					<p>
						Result: <b>FAIL</b>
					</p>
					<pre class="pre-scrollable">/home/ec2-user/arduino-testlib/cli-datadir/user/libraries/BY8X01-16P_Audio_Module_Library/examples/IndexedPlaybackExample/IndexedPlaybackExample.ino:13:34: error: invalid initialization of non-const reference of type &#39;HardwareSerial&amp;&#39; from an rvalue of type &#39;HardwareSerial&#39;
 BY8X0116P audioController(busyPin);     // Library using busy pin input D22, and default Serial1 @9600bps
                                  ^
In file included from /home/ec2-user/arduino-testlib/cli-datadir/data/packages/esp32/hardware/esp32/1.0.6/cores/esp32/Arduino.h:154:0,
                 from /tmp/arduino-sketch-F35FEC511983FC3562644EE1D04DBDD5/sketch/IndexedPlaybackExample.ino.cpp:1:
/home/ec2-user/arduino-testlib/cli-datadir/data/packages/esp32/hardware/esp32/1.0.6/cores/esp32/HardwareSerial.h:56:5: note:   after user-defined conversion: HardwareSerial::HardwareSerial(int)
     HardwareSerial(int uart_nr);
     ^
In file included from /home/ec2-user/arduino-testlib/cli-datadir/user/libraries/BY8X01-16P_Audio_Module_Library/examples/IndexedPlaybackExample/IndexedPlaybackExample.ino:10:0:
/home/ec2-user/arduino-testlib/cli-datadir/user/libraries/BY8X01-16P_Audio_Module_Library/src/BY8X01-16P.h:146:5: note:   initializing argument 1 of &#39;BY8X0116P::BY8X0116P(HardwareSerial&amp;, byte, byte)&#39;
     BY8X0116P(HardwareSerial&amp; serial, byte busyPin = DISABLED, byte busyActiveOn = HIGH);
     ^

</pre>
					
					<h4>examples/ModuleInfo</h4>
					<p>
						Result: <b>FAIL</b>
					</p>
					<pre class="pre-scrollable">/home/ec2-user/arduino-testlib/cli-datadir/user/libraries/BY8X01-16P_Audio_Module_Library/examples/ModuleInfo/ModuleInfo.ino:21:11: error: no matching function for call to &#39;BY8X0116P::BY8X0116P()&#39;
 BY8X0116P audioController;              // Library using default disabled busy pin hookup, and default Serial1 @9600bps
           ^
In file included from /home/ec2-user/arduino-testlib/cli-datadir/user/libraries/BY8X01-16P_Audio_Module_Library/examples/ModuleInfo/ModuleInfo.ino:19:0:
/home/ec2-user/arduino-testlib/cli-datadir/user/libraries/BY8X01-16P_Audio_Module_Library/src/BY8X01-16P.h:146:5: note: candidate: BY8X0116P::BY8X0116P(HardwareSerial&amp;, byte, byte)
     BY8X0116P(HardwareSerial&amp; serial, byte busyPin = DISABLED, byte busyActiveOn = HIGH);
     ^
/home/ec2-user/arduino-testlib/cli-datadir/user/libraries/BY8X01-16P_Audio_Module_Library/src/BY8X01-16P.h:146:5: note:   candidate expects 3 arguments, 0 provided
/home/ec2-user/arduino-testlib/cli-datadir/user/libraries/BY8X01-16P_Audio_Module_Library/src/BY8X01-16P.h:130:7: note: candidate: constexpr BY8X0116P::BY8X0116P(const BY8X0116P&amp;)
 class BY8X0116P {
       ^
/home/ec2-user/arduino-testlib/cli-datadir/user/libraries/BY8X01-16P_Audio_Module_Library/src/BY8X01-16P.h:130:7: note:   candidate expects 1 argument, 0 provided
/home/ec2-user/arduino-testlib/cli-datadir/user/libraries/BY8X01-16P_Audio_Module_Library/src/BY8X01-16P.h:130:7: note: candidate: constexpr BY8X0116P::BY8X0116P(BY8X0116P&amp;&amp;)
/home/ec2-user/arduino-testlib/cli-datadir/user/libraries/BY8X01-16P_Audio_Module_Library/src/BY8X01-16P.h:130:7: note:   candidate expects 1 argument, 0 provided
/home/ec2-user/arduino-testlib/cli-datadir/user/libraries/BY8X01-16P_Audio_Module_Library/examples/ModuleInfo/ModuleInfo.ino: In function &#39;void setup()&#39;:
/home/ec2-user/arduino-testlib/cli-datadir/user/libraries/BY8X01-16P_Audio_Module_Library/examples/ModuleInfo/ModuleInfo.ino:30:21: error: &#39;class BY8X0116P&#39; has no member named &#39;printModuleInfo&#39;
     audioController.printModuleInfo();  // Prints module diagnostic information
                     ^

</pre>
					
					<h4>examples/SimpleExample</h4>
					<p>
						Result: <b>FAIL</b>
					</p>
					<pre class="pre-scrollable">/home/ec2-user/arduino-testlib/cli-datadir/user/libraries/BY8X01-16P_Audio_Module_Library/examples/SimpleExample/SimpleExample.ino:5:11: error: no matching function for call to &#39;BY8X0116P::BY8X0116P()&#39;
 BY8X0116P audioController;              // Library using default disabled busy pin hookup, and default Serial1 @9600bps
           ^
In file included from /home/ec2-user/arduino-testlib/cli-datadir/user/libraries/BY8X01-16P_Audio_Module_Library/examples/SimpleExample/SimpleExample.ino:3:0:
/home/ec2-user/arduino-testlib/cli-datadir/user/libraries/BY8X01-16P_Audio_Module_Library/src/BY8X01-16P.h:146:5: note: candidate: BY8X0116P::BY8X0116P(HardwareSerial&amp;, byte, byte)
     BY8X0116P(HardwareSerial&amp; serial, byte busyPin = DISABLED, byte busyActiveOn = HIGH);
     ^
/home/ec2-user/arduino-testlib/cli-datadir/user/libraries/BY8X01-16P_Audio_Module_Library/src/BY8X01-16P.h:146:5: note:   candidate expects 3 arguments, 0 provided
/home/ec2-user/arduino-testlib/cli-datadir/user/libraries/BY8X01-16P_Audio_Module_Library/src/BY8X01-16P.h:130:7: note: candidate: constexpr BY8X0116P::BY8X0116P(const BY8X0116P&amp;)
 class BY8X0116P {
       ^
/home/ec2-user/arduino-testlib/cli-datadir/user/libraries/BY8X01-16P_Audio_Module_Library/src/BY8X01-16P.h:130:7: note:   candidate expects 1 argument, 0 provided
/home/ec2-user/arduino-testlib/cli-datadir/user/libraries/BY8X01-16P_Audio_Module_Library/src/BY8X01-16P.h:130:7: note: candidate: constexpr BY8X0116P::BY8X0116P(BY8X0116P&amp;&amp;)
/home/ec2-user/arduino-testlib/cli-datadir/user/libraries/BY8X01-16P_Audio_Module_Library/src/BY8X01-16P.h:130:7: note:   candidate expects 1 argument, 0 provided

</pre>
					
					<h4>examples/SoftwareSerialExample</h4>
					<p>
						Result: <b>FAIL</b>
					</p>
					<pre class="pre-scrollable">/home/ec2-user/arduino-testlib/cli-datadir/user/libraries/BY8X01-16P_Audio_Module_Library/examples/SoftwareSerialExample/SoftwareSerialExample.ino:19:1: error: &#39;SoftwareSerial&#39; does not name a type
 SoftwareSerial swSerial(rxPin, txPin);  // SoftwareSerial using RX pin D2 and TX pin D3
 ^
/home/ec2-user/arduino-testlib/cli-datadir/user/libraries/BY8X01-16P_Audio_Module_Library/examples/SoftwareSerialExample/SoftwareSerialExample.ino:21:27: error: &#39;swSerial&#39; was not declared in this scope
 BY8X0116P audioController(swSerial);    // Library using SoftwareSerial @9600bps, and default disabled busy pin hookup
                           ^
/home/ec2-user/arduino-testlib/cli-datadir/user/libraries/BY8X01-16P_Audio_Module_Library/examples/SoftwareSerialExample/SoftwareSerialExample.ino: In function &#39;void setup()&#39;:
/home/ec2-user/arduino-testlib/cli-datadir/user/libraries/BY8X01-16P_Audio_Module_Library/examples/SoftwareSerialExample/SoftwareSerialExample.ino:24:5: error: &#39;swSerial&#39; was not declared in this scope
     swSerial.begin(audioController.getSerialBaud()); // Begin SoftwareSerial
     ^

</pre>
					
				
			</div>
		</div>
	</div>
  </body>
</html>
