
<!doctype html>
<html lang="en">
  <head>
    <meta charset="utf-8">
    <meta name="viewport" content="width=device-width, initial-scale=1">
    <link href="https://cdn.jsdelivr.net/npm/bootstrap@5.0.2/dist/css/bootstrap.min.css" rel="stylesheet" integrity="sha384-EVSTQN3/azprG1Anm3QDgpJLIm9Nao0Yz1ztcQTwFspd3yD65VohhpuuCOmLASjC" crossorigin="anonymous">
    <title>arduino-testlib report</title>
	<style>
	.pass { background-color: #00FF00 !important; }
	.fail { background-color: #FF0000 !important; }
	</style>
  </head>
  <body>
	<div class="container">
		<div class="row">
			<div class="col">
				<h1>CircularBuffer - compatibility matrix</h1>
				<p>
					<small>This report was generated on Monday, 21-Feb-22 12:00:25 CET using 
					<a href="https://github.com/alranel/arduino-testlib">arduino-testlib</a>.</small>
				</p>

				<h2>CircularBuffer</h2>
				<p>
					Version: <b>1.3.3</b>
					<br />
					<a href="https://www.arduino.cc/reference/en/libraries/circularbuffer/">More details</a>
				</p>

				<h2>Compatibility matrix</h2>
				<table class="table table-bordered">
					<tr>
						<th>Board</th>
						<th>Claims compatibility</th>
						<th>Inclusion</th>
						
						<th><pre>Struct</pre></th>
						
						<th><pre>Test</pre></th>
						
						<th><pre>CircularBuffer</pre></th>
						
						<th><pre>EventLogging</pre></th>
						
						<th><pre>Interrupts</pre></th>
						
						<th><pre>Object</pre></th>
						
						<th><pre>Queue</pre></th>
						
						<th><pre>Stack</pre></th>
						
					</tr>
					
					<tr>
						<td>
							<a href="#arduino%3aavr%3auno"><b>arduino:avr:uno</b></a>
							<br />
							<small>1.8.4</small>
						</td>

						
							<td>Yes</td>
							<td class="pass">PASS</td>
						
						
						
						

						
							
								
									
										
									
										
									
										
									
										
									
										
									
										
									
										
											<td class="pass">PASS</td>
											
										
									
										
									
								
							
								
							
								
							
								
							
								
							
						
							
								
									
										
									
										
									
										
									
										
									
										
									
										
									
										
									
										
											<td class="pass">PASS</td>
											
										
									
								
							
								
							
								
							
								
							
								
							
						
							
								
									
										
											<td class="pass">PASS</td>
											
										
									
										
									
										
									
										
									
										
									
										
									
										
									
										
									
								
							
								
							
								
							
								
							
								
							
						
							
								
									
										
									
										
											<td class="pass">PASS</td>
											
										
									
										
									
										
									
										
									
										
									
										
									
										
									
								
							
								
							
								
							
								
							
								
							
						
							
								
									
										
									
										
									
										
											<td class="pass">PASS</td>
											
										
									
										
									
										
									
										
									
										
									
										
									
								
							
								
							
								
							
								
							
								
							
						
							
								
									
										
									
										
									
										
									
										
											<td class="pass">PASS</td>
											
										
									
										
									
										
									
										
									
										
									
								
							
								
							
								
							
								
							
								
							
						
							
								
									
										
									
										
									
										
									
										
									
										
											<td class="pass">PASS</td>
											
										
									
										
									
										
									
										
									
								
							
								
							
								
							
								
							
								
							
						
							
								
									
										
									
										
									
										
									
										
									
										
									
										
											<td class="pass">PASS</td>
											
										
									
										
									
										
									
								
							
								
							
								
							
								
							
								
							
						
					</tr>
					
					<tr>
						<td>
							<a href="#arduino%3ambed_nano%3ananorp2040connect"><b>arduino:mbed_nano:nanorp2040connect</b></a>
							<br />
							<small>2.7.2</small>
						</td>

						
							<td>Yes</td>
							<td class="pass">PASS</td>
						
						
						
						

						
							
								
							
								
									
										
									
										
									
										
									
										
									
										
									
										
									
										
											
											<td class="fail">FAIL</td>
										
									
										
									
								
							
								
							
								
							
								
							
						
							
								
							
								
									
										
									
										
									
										
									
										
									
										
									
										
									
										
									
										
											
											<td class="fail">FAIL</td>
										
									
								
							
								
							
								
							
								
							
						
							
								
							
								
									
										
											
											<td class="fail">FAIL</td>
										
									
										
									
										
									
										
									
										
									
										
									
										
									
										
									
								
							
								
							
								
							
								
							
						
							
								
							
								
									
										
									
										
											
											<td class="fail">FAIL</td>
										
									
										
									
										
									
										
									
										
									
										
									
										
									
								
							
								
							
								
							
								
							
						
							
								
							
								
									
										
									
										
									
										
											
											<td class="fail">FAIL</td>
										
									
										
									
										
									
										
									
										
									
										
									
								
							
								
							
								
							
								
							
						
							
								
							
								
									
										
									
										
									
										
									
										
											
											<td class="fail">FAIL</td>
										
									
										
									
										
									
										
									
										
									
								
							
								
							
								
							
								
							
						
							
								
							
								
									
										
									
										
									
										
									
										
									
										
											
											<td class="fail">FAIL</td>
										
									
										
									
										
									
										
									
								
							
								
							
								
							
								
							
						
							
								
							
								
									
										
									
										
									
										
									
										
									
										
									
										
											
											<td class="fail">FAIL</td>
										
									
										
									
										
									
								
							
								
							
								
							
								
							
						
					</tr>
					
					<tr>
						<td>
							<a href="#arduino%3amegaavr%3anona4809"><b>arduino:megaavr:nona4809</b></a>
							<br />
							<small>1.8.7</small>
						</td>

						
							<td>Yes</td>
							<td class="pass">PASS</td>
						
						
						
						

						
							
								
							
								
							
								
									
										
									
										
									
										
									
										
									
										
									
										
									
										
											<td class="pass">PASS</td>
											
										
									
										
									
								
							
								
							
								
							
						
							
								
							
								
							
								
									
										
									
										
									
										
									
										
									
										
									
										
									
										
									
										
											<td class="pass">PASS</td>
											
										
									
								
							
								
							
								
							
						
							
								
							
								
							
								
									
										
											<td class="pass">PASS</td>
											
										
									
										
									
										
									
										
									
										
									
										
									
										
									
										
									
								
							
								
							
								
							
						
							
								
							
								
							
								
									
										
									
										
											<td class="pass">PASS</td>
											
										
									
										
									
										
									
										
									
										
									
										
									
										
									
								
							
								
							
								
							
						
							
								
							
								
							
								
									
										
									
										
									
										
											<td class="pass">PASS</td>
											
										
									
										
									
										
									
										
									
										
									
										
									
								
							
								
							
								
							
						
							
								
							
								
							
								
									
										
									
										
									
										
									
										
											<td class="pass">PASS</td>
											
										
									
										
									
										
									
										
									
										
									
								
							
								
							
								
							
						
							
								
							
								
							
								
									
										
									
										
									
										
									
										
									
										
											<td class="pass">PASS</td>
											
										
									
										
									
										
									
										
									
								
							
								
							
								
							
						
							
								
							
								
							
								
									
										
									
										
									
										
									
										
									
										
									
										
											<td class="pass">PASS</td>
											
										
									
										
									
										
									
								
							
								
							
								
							
						
					</tr>
					
					<tr>
						<td>
							<a href="#arduino%3asamd%3amkrwifi1010"><b>arduino:samd:mkrwifi1010</b></a>
							<br />
							<small>1.8.12</small>
						</td>

						
							<td>Yes</td>
							<td class="pass">PASS</td>
						
						
						
						

						
							
								
							
								
							
								
							
								
									
										
									
										
									
										
									
										
									
										
									
										
									
										
											<td class="pass">PASS</td>
											
										
									
										
									
								
							
								
							
						
							
								
							
								
							
								
							
								
									
										
									
										
									
										
									
										
									
										
									
										
									
										
									
										
											<td class="pass">PASS</td>
											
										
									
								
							
								
							
						
							
								
							
								
							
								
							
								
									
										
											<td class="pass">PASS</td>
											
										
									
										
									
										
									
										
									
										
									
										
									
										
									
										
									
								
							
								
							
						
							
								
							
								
							
								
							
								
									
										
									
										
											<td class="pass">PASS</td>
											
										
									
										
									
										
									
										
									
										
									
										
									
										
									
								
							
								
							
						
							
								
							
								
							
								
							
								
									
										
									
										
									
										
											<td class="pass">PASS</td>
											
										
									
										
									
										
									
										
									
										
									
										
									
								
							
								
							
						
							
								
							
								
							
								
							
								
									
										
									
										
									
										
									
										
											<td class="pass">PASS</td>
											
										
									
										
									
										
									
										
									
										
									
								
							
								
							
						
							
								
							
								
							
								
							
								
									
										
									
										
									
										
									
										
									
										
											<td class="pass">PASS</td>
											
										
									
										
									
										
									
										
									
								
							
								
							
						
							
								
							
								
							
								
							
								
									
										
									
										
									
										
									
										
									
										
									
										
											<td class="pass">PASS</td>
											
										
									
										
									
										
									
								
							
								
							
						
					</tr>
					
					<tr>
						<td>
							<a href="#esp32%3aesp32%3ad1_mini32"><b>esp32:esp32:d1_mini32</b></a>
							<br />
							<small>1.0.6</small>
						</td>

						
							<td>Yes</td>
							<td class="pass">PASS</td>
						
						
						
						

						
							
								
							
								
							
								
							
								
							
								
									
										
									
										
									
										
									
										
									
										
									
										
									
										
											<td class="pass">PASS</td>
											
										
									
										
									
								
							
						
							
								
							
								
							
								
							
								
							
								
									
										
									
										
									
										
									
										
									
										
									
										
									
										
									
										
											<td class="pass">PASS</td>
											
										
									
								
							
						
							
								
							
								
							
								
							
								
							
								
									
										
											
											<td class="fail">FAIL</td>
										
									
										
									
										
									
										
									
										
									
										
									
										
									
										
									
								
							
						
							
								
							
								
							
								
							
								
							
								
									
										
									
										
											<td class="pass">PASS</td>
											
										
									
										
									
										
									
										
									
										
									
										
									
										
									
								
							
						
							
								
							
								
							
								
							
								
							
								
									
										
									
										
									
										
											
											<td class="fail">FAIL</td>
										
									
										
									
										
									
										
									
										
									
										
									
								
							
						
							
								
							
								
							
								
							
								
							
								
									
										
									
										
									
										
									
										
											<td class="pass">PASS</td>
											
										
									
										
									
										
									
										
									
										
									
								
							
						
							
								
							
								
							
								
							
								
							
								
									
										
									
										
									
										
									
										
									
										
											
											<td class="fail">FAIL</td>
										
									
										
									
										
									
										
									
								
							
						
							
								
							
								
							
								
							
								
							
								
									
										
									
										
									
										
									
										
									
										
									
										
											<td class="pass">PASS</td>
											
										
									
										
									
										
									
								
							
						
					</tr>
					
				</table>

				<h2>Compilation logs</h2>
				
				<h3 id="arduino:avr:uno">arduino:avr:uno @ 1.8.4</h3>
				<h4>Inclusion</h4>
				<p>
					Result: <b>PASS</b>
					
				</p>
				<pre class="pre-scrollable">Sketch uses 444 bytes (1%) of program storage space. Maximum is 32256 bytes.
Global variables use 9 bytes (0%) of dynamic memory, leaving 2039 bytes for local variables. Maximum is 2048 bytes.
</pre>

					
					<h4>examples/CircularBuffer</h4>
					<p>
						Result: <b>PASS</b>
					</p>
					<pre class="pre-scrollable">Sketch uses 3562 bytes (11%) of program storage space. Maximum is 32256 bytes.
Global variables use 1022 bytes (49%) of dynamic memory, leaving 1026 bytes for local variables. Maximum is 2048 bytes.
</pre>
					
					<h4>examples/EventLogging</h4>
					<p>
						Result: <b>PASS</b>
					</p>
					<pre class="pre-scrollable">Sketch uses 2644 bytes (8%) of program storage space. Maximum is 32256 bytes.
Global variables use 289 bytes (14%) of dynamic memory, leaving 1759 bytes for local variables. Maximum is 2048 bytes.
</pre>
					
					<h4>examples/Interrupts</h4>
					<p>
						Result: <b>PASS</b>
					</p>
					<pre class="pre-scrollable">Sketch uses 2416 bytes (7%) of program storage space. Maximum is 32256 bytes.
Global variables use 265 bytes (12%) of dynamic memory, leaving 1783 bytes for local variables. Maximum is 2048 bytes.
</pre>
					
					<h4>examples/Object</h4>
					<p>
						Result: <b>PASS</b>
					</p>
					<pre class="pre-scrollable">Sketch uses 3028 bytes (9%) of program storage space. Maximum is 32256 bytes.
Global variables use 269 bytes (13%) of dynamic memory, leaving 1779 bytes for local variables. Maximum is 2048 bytes.
</pre>
					
					<h4>examples/Queue</h4>
					<p>
						Result: <b>PASS</b>
					</p>
					<pre class="pre-scrollable">Sketch uses 2498 bytes (7%) of program storage space. Maximum is 32256 bytes.
Global variables use 433 bytes (21%) of dynamic memory, leaving 1615 bytes for local variables. Maximum is 2048 bytes.
</pre>
					
					<h4>examples/Stack</h4>
					<p>
						Result: <b>PASS</b>
					</p>
					<pre class="pre-scrollable">Sketch uses 2236 bytes (6%) of program storage space. Maximum is 32256 bytes.
Global variables use 413 bytes (20%) of dynamic memory, leaving 1635 bytes for local variables. Maximum is 2048 bytes.
</pre>
					
					<h4>examples/Struct</h4>
					<p>
						Result: <b>PASS</b>
					</p>
					<pre class="pre-scrollable">Sketch uses 2524 bytes (7%) of program storage space. Maximum is 32256 bytes.
Global variables use 309 bytes (15%) of dynamic memory, leaving 1739 bytes for local variables. Maximum is 2048 bytes.
</pre>
					
					<h4>examples/Test</h4>
					<p>
						Result: <b>PASS</b>
					</p>
					<pre class="pre-scrollable">Sketch uses 3826 bytes (11%) of program storage space. Maximum is 32256 bytes.
Global variables use 379 bytes (18%) of dynamic memory, leaving 1669 bytes for local variables. Maximum is 2048 bytes.
</pre>
					
				
				<h3 id="arduino:mbed_nano:nanorp2040connect">arduino:mbed_nano:nanorp2040connect @ 2.7.2</h3>
				<h4>Inclusion</h4>
				<p>
					Result: <b>PASS</b>
					
				</p>
				<pre class="pre-scrollable">Sketch uses 78756 bytes (0%) of program storage space. Maximum is 16777216 bytes.
Global variables use 43444 bytes (16%) of dynamic memory, leaving 226892 bytes for local variables. Maximum is 270336 bytes.
</pre>

					
					<h4>examples/CircularBuffer</h4>
					<p>
						Result: <b>FAIL</b>
					</p>
					<pre class="pre-scrollable">/home/ec2-user/arduino-testlib/cli-datadir/user/libraries/CircularBuffer/examples/CircularBuffer/CircularBuffer.ino:3:1: error: &#39;CircularBuffer&#39; does not name a type
 CircularBuffer&lt;int, 400&gt; buffer;
 ^~~~~~~~~~~~~~
/home/ec2-user/arduino-testlib/cli-datadir/user/libraries/CircularBuffer/examples/CircularBuffer/CircularBuffer.ino:5:15: error: &#39;long unsigned int time&#39; redeclared as different kind of symbol
 unsigned long time = 0;
               ^~~~
In file included from /home/ec2-user/arduino-testlib/cli-datadir/data/packages/arduino/tools/arm-none-eabi-gcc/7-2017q4/arm-none-eabi/include/stdlib.h:11:0,
                 from /home/ec2-user/arduino-testlib/cli-datadir/data/packages/arduino/tools/arm-none-eabi-gcc/7-2017q4/arm-none-eabi/include/c&#43;&#43;/7.2.1/cstdlib:75,
                 from /home/ec2-user/arduino-testlib/cli-datadir/data/packages/arduino/tools/arm-none-eabi-gcc/7-2017q4/arm-none-eabi/include/c&#43;&#43;/7.2.1/stdlib.h:36,
                 from /home/ec2-user/arduino-testlib/cli-datadir/data/packages/arduino/hardware/mbed_nano/2.7.2/cores/arduino/api/Interrupts.h:5,
                 from /home/ec2-user/arduino-testlib/cli-datadir/data/packages/arduino/hardware/mbed_nano/2.7.2/cores/arduino/api/ArduinoAPI.h:29,
                 from /home/ec2-user/arduino-testlib/cli-datadir/data/packages/arduino/hardware/mbed_nano/2.7.2/cores/arduino/Arduino.h:27,
                 from /tmp/arduino-sketch-1C71D8758728FF4C380BA0BAA612B4AF/sketch/CircularBuffer.ino.cpp:1:
/home/ec2-user/arduino-testlib/cli-datadir/data/packages/arduino/tools/arm-none-eabi-gcc/7-2017q4/arm-none-eabi/include/time.h:59:11: note: previous declaration &#39;time_t time(time_t*)&#39;
 time_t    _EXFUN(time,     (time_t *_timer));
           ^
/home/ec2-user/arduino-testlib/cli-datadir/user/libraries/CircularBuffer/examples/CircularBuffer/CircularBuffer.ino: In function &#39;void setup()&#39;:
/home/ec2-user/arduino-testlib/cli-datadir/user/libraries/CircularBuffer/examples/CircularBuffer/CircularBuffer.ino:12:16: error: assignment of function &#39;time_t time(time_t*)&#39;
  time = millis();
                ^
/home/ec2-user/arduino-testlib/cli-datadir/user/libraries/CircularBuffer/examples/CircularBuffer/CircularBuffer.ino:12:16: error: cannot convert &#39;long unsigned int&#39; to &#39;time_t(time_t*) {aka long long int(long long int*)}&#39; in assignment
/home/ec2-user/arduino-testlib/cli-datadir/user/libraries/CircularBuffer/examples/CircularBuffer/CircularBuffer.ino: In function &#39;void loop()&#39;:
/home/ec2-user/arduino-testlib/cli-datadir/user/libraries/CircularBuffer/examples/CircularBuffer/CircularBuffer.ino:18:2: error: &#39;buffer&#39; was not declared in this scope
  buffer.push(reading);
  ^~~~~~
/home/ec2-user/arduino-testlib/cli-datadir/user/libraries/CircularBuffer/examples/CircularBuffer/CircularBuffer.ino:18:2: note: suggested alternative: &#39;epBuffer&#39;
  buffer.push(reading);
  ^~~~~~
  epBuffer
/home/ec2-user/arduino-testlib/cli-datadir/user/libraries/CircularBuffer/examples/CircularBuffer/CircularBuffer.ino:20:15: error: invalid operands of types &#39;long unsigned int&#39; and &#39;time_t(time_t*) {aka long long int(long long int*)}&#39; to binary &#39;operator-&#39;
  if (millis() - time &gt;= 500) {
      ~~~~~~~~~^~~~~~
/home/ec2-user/arduino-testlib/cli-datadir/user/libraries/CircularBuffer/examples/CircularBuffer/CircularBuffer.ino:21:17: error: assignment of function &#39;time_t time(time_t*)&#39;
   time = millis();
                 ^
/home/ec2-user/arduino-testlib/cli-datadir/user/libraries/CircularBuffer/examples/CircularBuffer/CircularBuffer.ino:21:17: error: cannot convert &#39;long unsigned int&#39; to &#39;time_t(time_t*) {aka long long int(long long int*)}&#39; in assignment
/home/ec2-user/arduino-testlib/cli-datadir/user/libraries/CircularBuffer/examples/CircularBuffer/CircularBuffer.ino:24:19: error: decltype evaluates to &#39;&lt;type error&gt;&#39;, which is not a class or enumeration type
   using index_t = decltype(buffer)::index_t;
                   ^~~~~~~~
/home/ec2-user/arduino-testlib/cli-datadir/user/libraries/CircularBuffer/examples/CircularBuffer/CircularBuffer.ino:25:8: error: &#39;index_t&#39; was not declared in this scope
   for (index_t i = 0; i &lt; buffer.size(); i&#43;&#43;) {
        ^~~~~~~
/home/ec2-user/arduino-testlib/cli-datadir/user/libraries/CircularBuffer/examples/CircularBuffer/CircularBuffer.ino:25:8: note: suggested alternative: &#39;index&#39;
   for (index_t i = 0; i &lt; buffer.size(); i&#43;&#43;) {
        ^~~~~~~
        index
/home/ec2-user/arduino-testlib/cli-datadir/user/libraries/CircularBuffer/examples/CircularBuffer/CircularBuffer.ino:25:23: error: &#39;i&#39; was not declared in this scope
   for (index_t i = 0; i &lt; buffer.size(); i&#43;&#43;) {
                       ^

</pre>
					
					<h4>examples/EventLogging</h4>
					<p>
						Result: <b>FAIL</b>
					</p>
					<pre class="pre-scrollable">/home/ec2-user/arduino-testlib/cli-datadir/user/libraries/CircularBuffer/examples/EventLogging/EventLogging.ino:6:1: error: &#39;CircularBuffer&#39; does not name a type
 CircularBuffer&lt;unsigned long, 10&gt; buffer;
 ^~~~~~~~~~~~~~
/home/ec2-user/arduino-testlib/cli-datadir/user/libraries/CircularBuffer/examples/EventLogging/EventLogging.ino: In function &#39;void loop()&#39;:
/home/ec2-user/arduino-testlib/cli-datadir/user/libraries/CircularBuffer/examples/EventLogging/EventLogging.ino:20:9: error: &#39;buffer&#39; was not declared in this scope
         buffer.push(millis());
         ^~~~~~
/home/ec2-user/arduino-testlib/cli-datadir/user/libraries/CircularBuffer/examples/EventLogging/EventLogging.ino:20:9: note: suggested alternative: &#39;epBuffer&#39;
         buffer.push(millis());
         ^~~~~~
         epBuffer
/home/ec2-user/arduino-testlib/cli-datadir/user/libraries/CircularBuffer/examples/EventLogging/EventLogging.ino:23:9: error: &#39;buffer&#39; was not declared in this scope
     if (buffer.isFull()) {
         ^~~~~~
/home/ec2-user/arduino-testlib/cli-datadir/user/libraries/CircularBuffer/examples/EventLogging/EventLogging.ino:23:9: note: suggested alternative: &#39;epBuffer&#39;
     if (buffer.isFull()) {
         ^~~~~~
         epBuffer
/home/ec2-user/arduino-testlib/cli-datadir/user/libraries/CircularBuffer/examples/EventLogging/EventLogging.ino:41:22: error: &#39;buffer&#39; was not declared in this scope
         Serial.print(buffer.size());
                      ^~~~~~
/home/ec2-user/arduino-testlib/cli-datadir/user/libraries/CircularBuffer/examples/EventLogging/EventLogging.ino:41:22: note: suggested alternative: &#39;epBuffer&#39;
         Serial.print(buffer.size());
                      ^~~~~~
                      epBuffer

</pre>
					
					<h4>examples/Interrupts</h4>
					<p>
						Result: <b>FAIL</b>
					</p>
					<pre class="pre-scrollable">/home/ec2-user/arduino-testlib/cli-datadir/user/libraries/CircularBuffer/examples/Interrupts/Interrupts.ino:3:1: error: &#39;CircularBuffer&#39; does not name a type
 CircularBuffer&lt;unsigned long, 10&gt; timings;
 ^~~~~~~~~~~~~~
/home/ec2-user/arduino-testlib/cli-datadir/user/libraries/CircularBuffer/examples/Interrupts/Interrupts.ino: In function &#39;void count()&#39;:
/home/ec2-user/arduino-testlib/cli-datadir/user/libraries/CircularBuffer/examples/Interrupts/Interrupts.ino:7:3: error: &#39;timings&#39; was not declared in this scope
   timings.push(millis());
   ^~~~~~~
/home/ec2-user/arduino-testlib/cli-datadir/user/libraries/CircularBuffer/examples/Interrupts/Interrupts.ino:7:3: note: suggested alternative: &#39;futimens&#39;
   timings.push(millis());
   ^~~~~~~
   futimens
/home/ec2-user/arduino-testlib/cli-datadir/user/libraries/CircularBuffer/examples/Interrupts/Interrupts.ino: At global scope:
/home/ec2-user/arduino-testlib/cli-datadir/user/libraries/CircularBuffer/examples/Interrupts/Interrupts.ino:15:15: error: &#39;long unsigned int time&#39; redeclared as different kind of symbol
 unsigned long time = 0;
               ^~~~
In file included from /home/ec2-user/arduino-testlib/cli-datadir/data/packages/arduino/tools/arm-none-eabi-gcc/7-2017q4/arm-none-eabi/include/stdlib.h:11:0,
                 from /home/ec2-user/arduino-testlib/cli-datadir/data/packages/arduino/tools/arm-none-eabi-gcc/7-2017q4/arm-none-eabi/include/c&#43;&#43;/7.2.1/cstdlib:75,
                 from /home/ec2-user/arduino-testlib/cli-datadir/data/packages/arduino/tools/arm-none-eabi-gcc/7-2017q4/arm-none-eabi/include/c&#43;&#43;/7.2.1/stdlib.h:36,
                 from /home/ec2-user/arduino-testlib/cli-datadir/data/packages/arduino/hardware/mbed_nano/2.7.2/cores/arduino/api/Interrupts.h:5,
                 from /home/ec2-user/arduino-testlib/cli-datadir/data/packages/arduino/hardware/mbed_nano/2.7.2/cores/arduino/api/ArduinoAPI.h:29,
                 from /home/ec2-user/arduino-testlib/cli-datadir/data/packages/arduino/hardware/mbed_nano/2.7.2/cores/arduino/Arduino.h:27,
                 from /tmp/arduino-sketch-87BF7C5B2444E7D859696B4BF61BE2E5/sketch/Interrupts.ino.cpp:1:
/home/ec2-user/arduino-testlib/cli-datadir/data/packages/arduino/tools/arm-none-eabi-gcc/7-2017q4/arm-none-eabi/include/time.h:59:11: note: previous declaration &#39;time_t time(time_t*)&#39;
 time_t    _EXFUN(time,     (time_t *_timer));
           ^
/home/ec2-user/arduino-testlib/cli-datadir/user/libraries/CircularBuffer/examples/Interrupts/Interrupts.ino: In function &#39;void loop()&#39;:
/home/ec2-user/arduino-testlib/cli-datadir/user/libraries/CircularBuffer/examples/Interrupts/Interrupts.ino:18:53: error: &#39;timings&#39; was not declared in this scope
     Serial.print(&#34;buffer size is &#34;); Serial.println(timings.size());
                                                     ^~~~~~~
/home/ec2-user/arduino-testlib/cli-datadir/user/libraries/CircularBuffer/examples/Interrupts/Interrupts.ino:18:53: note: suggested alternative: &#39;futimens&#39;
     Serial.print(&#34;buffer size is &#34;); Serial.println(timings.size());
                                                     ^~~~~~~
                                                     futimens
/home/ec2-user/arduino-testlib/cli-datadir/user/libraries/CircularBuffer/examples/Interrupts/Interrupts.ino:20:18: error: invalid operands of types &#39;long unsigned int&#39; and &#39;time_t(time_t*) {aka long long int(long long int*)}&#39; to binary &#39;operator-&#39;
     if (millis() - time &gt;= 10000 &amp;&amp; !timings.isEmpty()) {
         ~~~~~~~~~^~~~~~
/home/ec2-user/arduino-testlib/cli-datadir/user/libraries/CircularBuffer/examples/Interrupts/Interrupts.ino:22:23: error: assignment of function &#39;time_t time(time_t*)&#39;
         time = millis();
                       ^
/home/ec2-user/arduino-testlib/cli-datadir/user/libraries/CircularBuffer/examples/Interrupts/Interrupts.ino:22:23: error: cannot convert &#39;long unsigned int&#39; to &#39;time_t(time_t*) {aka long long int(long long int*)}&#39; in assignment

</pre>
					
					<h4>examples/Object</h4>
					<p>
						Result: <b>FAIL</b>
					</p>
					<pre class="pre-scrollable">/home/ec2-user/arduino-testlib/cli-datadir/user/libraries/CircularBuffer/examples/Object/Object.ino:4:1: error: &#39;CircularBuffer&#39; does not name a type
 CircularBuffer&lt;Record*, 10&gt; buffer;
 ^~~~~~~~~~~~~~
/home/ec2-user/arduino-testlib/cli-datadir/user/libraries/CircularBuffer/examples/Object/Object.ino: In function &#39;void loop()&#39;:
/home/ec2-user/arduino-testlib/cli-datadir/user/libraries/CircularBuffer/examples/Object/Object.ino:16:16: error: &#39;buffer&#39; was not declared in this scope
  if (sample != buffer.first()-&gt;value()) {
                ^~~~~~
/home/ec2-user/arduino-testlib/cli-datadir/user/libraries/CircularBuffer/examples/Object/Object.ino:16:16: note: suggested alternative: &#39;epBuffer&#39;
  if (sample != buffer.first()-&gt;value()) {
                ^~~~~~
                epBuffer
/home/ec2-user/arduino-testlib/cli-datadir/user/libraries/CircularBuffer/examples/Object/Object.ino:22:6: error: &#39;buffer&#39; was not declared in this scope
  if (buffer.isFull()) {
      ^~~~~~
/home/ec2-user/arduino-testlib/cli-datadir/user/libraries/CircularBuffer/examples/Object/Object.ino:22:6: note: suggested alternative: &#39;epBuffer&#39;
  if (buffer.isFull()) {
      ^~~~~~
      epBuffer

</pre>
					
					<h4>examples/Queue</h4>
					<p>
						Result: <b>FAIL</b>
					</p>
					<pre class="pre-scrollable">/home/ec2-user/arduino-testlib/cli-datadir/user/libraries/CircularBuffer/examples/Queue/Queue.ino:3:1: error: &#39;CircularBuffer&#39; does not name a type
 CircularBuffer&lt;int, 100&gt; queue;
 ^~~~~~~~~~~~~~
/home/ec2-user/arduino-testlib/cli-datadir/user/libraries/CircularBuffer/examples/Queue/Queue.ino:5:15: error: &#39;long unsigned int time&#39; redeclared as different kind of symbol
 unsigned long time = 0;
               ^~~~
In file included from /home/ec2-user/arduino-testlib/cli-datadir/data/packages/arduino/tools/arm-none-eabi-gcc/7-2017q4/arm-none-eabi/include/stdlib.h:11:0,
                 from /home/ec2-user/arduino-testlib/cli-datadir/data/packages/arduino/tools/arm-none-eabi-gcc/7-2017q4/arm-none-eabi/include/c&#43;&#43;/7.2.1/cstdlib:75,
                 from /home/ec2-user/arduino-testlib/cli-datadir/data/packages/arduino/tools/arm-none-eabi-gcc/7-2017q4/arm-none-eabi/include/c&#43;&#43;/7.2.1/stdlib.h:36,
                 from /home/ec2-user/arduino-testlib/cli-datadir/data/packages/arduino/hardware/mbed_nano/2.7.2/cores/arduino/api/Interrupts.h:5,
                 from /home/ec2-user/arduino-testlib/cli-datadir/data/packages/arduino/hardware/mbed_nano/2.7.2/cores/arduino/api/ArduinoAPI.h:29,
                 from /home/ec2-user/arduino-testlib/cli-datadir/data/packages/arduino/hardware/mbed_nano/2.7.2/cores/arduino/Arduino.h:27,
                 from /tmp/arduino-sketch-11A8E868A100C73039A48B0C5DC2E960/sketch/Queue.ino.cpp:1:
/home/ec2-user/arduino-testlib/cli-datadir/data/packages/arduino/tools/arm-none-eabi-gcc/7-2017q4/arm-none-eabi/include/time.h:59:11: note: previous declaration &#39;time_t time(time_t*)&#39;
 time_t    _EXFUN(time,     (time_t *_timer));
           ^
/home/ec2-user/arduino-testlib/cli-datadir/user/libraries/CircularBuffer/examples/Queue/Queue.ino: In function &#39;void setup()&#39;:
/home/ec2-user/arduino-testlib/cli-datadir/user/libraries/CircularBuffer/examples/Queue/Queue.ino:12:16: error: assignment of function &#39;time_t time(time_t*)&#39;
  time = millis();
                ^
/home/ec2-user/arduino-testlib/cli-datadir/user/libraries/CircularBuffer/examples/Queue/Queue.ino:12:16: error: cannot convert &#39;long unsigned int&#39; to &#39;time_t(time_t*) {aka long long int(long long int*)}&#39; in assignment
/home/ec2-user/arduino-testlib/cli-datadir/user/libraries/CircularBuffer/examples/Queue/Queue.ino: In function &#39;void loop()&#39;:
/home/ec2-user/arduino-testlib/cli-datadir/user/libraries/CircularBuffer/examples/Queue/Queue.ino:18:3: error: &#39;queue&#39; was not declared in this scope
   queue.unshift(millis());
   ^~~~~
/home/ec2-user/arduino-testlib/cli-datadir/user/libraries/CircularBuffer/examples/Queue/Queue.ino:20:15: error: invalid operands of types &#39;long unsigned int&#39; and &#39;time_t(time_t*) {aka long long int(long long int*)}&#39; to binary &#39;operator-&#39;
  if (millis() - time &gt;= 2000) {
      ~~~~~~~~~^~~~~~
/home/ec2-user/arduino-testlib/cli-datadir/user/libraries/CircularBuffer/examples/Queue/Queue.ino:21:17: error: assignment of function &#39;time_t time(time_t*)&#39;
   time = millis();
                 ^
/home/ec2-user/arduino-testlib/cli-datadir/user/libraries/CircularBuffer/examples/Queue/Queue.ino:21:17: error: cannot convert &#39;long unsigned int&#39; to &#39;time_t(time_t*) {aka long long int(long long int*)}&#39; in assignment
/home/ec2-user/arduino-testlib/cli-datadir/user/libraries/CircularBuffer/examples/Queue/Queue.ino:23:16: error: &#39;queue&#39; was not declared in this scope
   Serial.print(queue.size());
                ^~~~~

</pre>
					
					<h4>examples/Stack</h4>
					<p>
						Result: <b>FAIL</b>
					</p>
					<pre class="pre-scrollable">/home/ec2-user/arduino-testlib/cli-datadir/user/libraries/CircularBuffer/examples/Stack/Stack.ino:3:1: error: &#39;CircularBuffer&#39; does not name a type
 CircularBuffer&lt;unsigned int, 100&gt; stack;
 ^~~~~~~~~~~~~~
/home/ec2-user/arduino-testlib/cli-datadir/user/libraries/CircularBuffer/examples/Stack/Stack.ino: In function &#39;void loop()&#39;:
/home/ec2-user/arduino-testlib/cli-datadir/user/libraries/CircularBuffer/examples/Stack/Stack.ino:14:16: error: &#39;stack&#39; was not declared in this scope
  if (sample != stack.last()) {
                ^~~~~
/home/ec2-user/arduino-testlib/cli-datadir/user/libraries/CircularBuffer/examples/Stack/Stack.ino:14:16: note: suggested alternative: &#39;stat&#39;
  if (sample != stack.last()) {
                ^~~~~
                stat
/home/ec2-user/arduino-testlib/cli-datadir/user/libraries/CircularBuffer/examples/Stack/Stack.ino:17:6: error: &#39;stack&#39; was not declared in this scope
  if (stack.isFull()) {
      ^~~~~
/home/ec2-user/arduino-testlib/cli-datadir/user/libraries/CircularBuffer/examples/Stack/Stack.ino:17:6: note: suggested alternative: &#39;stat&#39;
  if (stack.isFull()) {
      ^~~~~
      stat

</pre>
					
					<h4>examples/Struct</h4>
					<p>
						Result: <b>FAIL</b>
					</p>
					<pre class="pre-scrollable">/home/ec2-user/arduino-testlib/cli-datadir/user/libraries/CircularBuffer/examples/Struct/Struct.ino:19:1: error: &#39;CircularBuffer&#39; does not name a type
 CircularBuffer&lt;data::record, 10&gt; structs;
 ^~~~~~~~~~~~~~
/home/ec2-user/arduino-testlib/cli-datadir/user/libraries/CircularBuffer/examples/Struct/Struct.ino: In function &#39;void loop()&#39;:
/home/ec2-user/arduino-testlib/cli-datadir/user/libraries/CircularBuffer/examples/Struct/Struct.ino:31:16: error: &#39;structs&#39; was not declared in this scope
  if (sample != structs.last().value) {
                ^~~~~~~
/home/ec2-user/arduino-testlib/cli-datadir/user/libraries/CircularBuffer/examples/Struct/Struct.ino:31:16: note: suggested alternative: &#39;struct&#39;
  if (sample != structs.last().value) {
                ^~~~~~~
                struct
/home/ec2-user/arduino-testlib/cli-datadir/user/libraries/CircularBuffer/examples/Struct/Struct.ino:36:6: error: &#39;structs&#39; was not declared in this scope
  if (structs.isFull()) {
      ^~~~~~~
/home/ec2-user/arduino-testlib/cli-datadir/user/libraries/CircularBuffer/examples/Struct/Struct.ino:36:6: note: suggested alternative: &#39;struct&#39;
  if (structs.isFull()) {
      ^~~~~~~
      struct

</pre>
					
					<h4>examples/Test</h4>
					<p>
						Result: <b>FAIL</b>
					</p>
					<pre class="pre-scrollable">/home/ec2-user/arduino-testlib/cli-datadir/user/libraries/CircularBuffer/examples/Test/Test.ino:4:1: error: &#39;CircularBuffer&#39; does not name a type
 CircularBuffer&lt;char, 10&gt; buffer;
 ^~~~~~~~~~~~~~
/home/ec2-user/arduino-testlib/cli-datadir/user/libraries/CircularBuffer/examples/Test/Test.ino: In function &#39;void printBuffer()&#39;:
/home/ec2-user/arduino-testlib/cli-datadir/user/libraries/CircularBuffer/examples/Test/Test.ino:7:6: error: &#39;buffer&#39; was not declared in this scope
  if (buffer.isEmpty()) {
      ^~~~~~
/home/ec2-user/arduino-testlib/cli-datadir/user/libraries/CircularBuffer/examples/Test/Test.ino:7:6: note: suggested alternative: &#39;epBuffer&#39;
  if (buffer.isEmpty()) {
      ^~~~~~
      epBuffer
/home/ec2-user/arduino-testlib/cli-datadir/user/libraries/CircularBuffer/examples/Test/Test.ino:11:8: error: decltype evaluates to &#39;&lt;type error&gt;&#39;, which is not a class or enumeration type
   for (decltype(buffer)::index_t i = 0; i &lt; buffer.size() - 1; i&#43;&#43;) {
        ^~~~~~~~
/home/ec2-user/arduino-testlib/cli-datadir/user/libraries/CircularBuffer/examples/Test/Test.ino:11:34: error: expected &#39;;&#39; before &#39;i&#39;
   for (decltype(buffer)::index_t i = 0; i &lt; buffer.size() - 1; i&#43;&#43;) {
                                  ^
/home/ec2-user/arduino-testlib/cli-datadir/user/libraries/CircularBuffer/examples/Test/Test.ino:11:34: error: &#39;i&#39; was not declared in this scope
/home/ec2-user/arduino-testlib/cli-datadir/user/libraries/CircularBuffer/examples/Test/Test.ino:11:62: error: expected &#39;)&#39; before &#39;;&#39; token
   for (decltype(buffer)::index_t i = 0; i &lt; buffer.size() - 1; i&#43;&#43;) {
                                                              ^
/home/ec2-user/arduino-testlib/cli-datadir/user/libraries/CircularBuffer/examples/Test/Test.ino:11:64: error: &#39;i&#39; was not declared in this scope
   for (decltype(buffer)::index_t i = 0; i &lt; buffer.size() - 1; i&#43;&#43;) {
                                                                ^
/home/ec2-user/arduino-testlib/cli-datadir/user/libraries/CircularBuffer/examples/Test/Test.ino: In function &#39;void setup()&#39;:
/home/ec2-user/arduino-testlib/cli-datadir/user/libraries/CircularBuffer/examples/Test/Test.ino:33:2: error: &#39;buffer&#39; was not declared in this scope
  buffer.push(&#39;A&#39;);
  ^~~~~~
/home/ec2-user/arduino-testlib/cli-datadir/user/libraries/CircularBuffer/examples/Test/Test.ino:33:2: note: suggested alternative: &#39;epBuffer&#39;
  buffer.push(&#39;A&#39;);
  ^~~~~~
  epBuffer

</pre>
					
				
				<h3 id="arduino:megaavr:nona4809">arduino:megaavr:nona4809 @ 1.8.7</h3>
				<h4>Inclusion</h4>
				<p>
					Result: <b>PASS</b>
					
				</p>
				<pre class="pre-scrollable">Sketch uses 802 bytes (1%) of program storage space. Maximum is 49152 bytes.
Global variables use 22 bytes (0%) of dynamic memory, leaving 6122 bytes for local variables. Maximum is 6144 bytes.
</pre>

					
					<h4>examples/CircularBuffer</h4>
					<p>
						Result: <b>PASS</b>
					</p>
					<pre class="pre-scrollable">Sketch uses 4541 bytes (9%) of program storage space. Maximum is 49152 bytes.
Global variables use 987 bytes (16%) of dynamic memory, leaving 5157 bytes for local variables. Maximum is 6144 bytes.
</pre>
					
					<h4>examples/EventLogging</h4>
					<p>
						Result: <b>PASS</b>
					</p>
					<pre class="pre-scrollable">Sketch uses 3439 bytes (6%) of program storage space. Maximum is 49152 bytes.
Global variables use 226 bytes (3%) of dynamic memory, leaving 5918 bytes for local variables. Maximum is 6144 bytes.
</pre>
					
					<h4>examples/Interrupts</h4>
					<p>
						Result: <b>PASS</b>
					</p>
					<pre class="pre-scrollable">Sketch uses 3952 bytes (8%) of program storage space. Maximum is 49152 bytes.
Global variables use 418 bytes (6%) of dynamic memory, leaving 5726 bytes for local variables. Maximum is 6144 bytes.
</pre>
					
					<h4>examples/Object</h4>
					<p>
						Result: <b>PASS</b>
					</p>
					<pre class="pre-scrollable">Sketch uses 4059 bytes (8%) of program storage space. Maximum is 49152 bytes.
Global variables use 212 bytes (3%) of dynamic memory, leaving 5932 bytes for local variables. Maximum is 6144 bytes.
</pre>
					
					<h4>examples/Queue</h4>
					<p>
						Result: <b>PASS</b>
					</p>
					<pre class="pre-scrollable">Sketch uses 3349 bytes (6%) of program storage space. Maximum is 49152 bytes.
Global variables use 386 bytes (6%) of dynamic memory, leaving 5758 bytes for local variables. Maximum is 6144 bytes.
</pre>
					
					<h4>examples/Stack</h4>
					<p>
						Result: <b>PASS</b>
					</p>
					<pre class="pre-scrollable">Sketch uses 3277 bytes (6%) of program storage space. Maximum is 49152 bytes.
Global variables use 382 bytes (6%) of dynamic memory, leaving 5762 bytes for local variables. Maximum is 6144 bytes.
</pre>
					
					<h4>examples/Struct</h4>
					<p>
						Result: <b>PASS</b>
					</p>
					<pre class="pre-scrollable">Sketch uses 3543 bytes (7%) of program storage space. Maximum is 49152 bytes.
Global variables use 252 bytes (4%) of dynamic memory, leaving 5892 bytes for local variables. Maximum is 6144 bytes.
</pre>
					
					<h4>examples/Test</h4>
					<p>
						Result: <b>PASS</b>
					</p>
					<pre class="pre-scrollable">Sketch uses 4895 bytes (9%) of program storage space. Maximum is 49152 bytes.
Global variables use 192 bytes (3%) of dynamic memory, leaving 5952 bytes for local variables. Maximum is 6144 bytes.
</pre>
					
				
				<h3 id="arduino:samd:mkrwifi1010">arduino:samd:mkrwifi1010 @ 1.8.12</h3>
				<h4>Inclusion</h4>
				<p>
					Result: <b>PASS</b>
					
				</p>
				<pre class="pre-scrollable">Sketch uses 12156 bytes (4%) of program storage space. Maximum is 262144 bytes.
Global variables use 2996 bytes (9%) of dynamic memory, leaving 29772 bytes for local variables. Maximum is 32768 bytes.
</pre>

					
					<h4>examples/CircularBuffer</h4>
					<p>
						Result: <b>PASS</b>
					</p>
					<pre class="pre-scrollable">Sketch uses 21856 bytes (8%) of program storage space. Maximum is 262144 bytes.
Global variables use 4612 bytes (14%) of dynamic memory, leaving 28156 bytes for local variables. Maximum is 32768 bytes.
</pre>
					
					<h4>examples/EventLogging</h4>
					<p>
						Result: <b>PASS</b>
					</p>
					<pre class="pre-scrollable">Sketch uses 13316 bytes (5%) of program storage space. Maximum is 262144 bytes.
Global variables use 3052 bytes (9%) of dynamic memory, leaving 29716 bytes for local variables. Maximum is 32768 bytes.
</pre>
					
					<h4>examples/Interrupts</h4>
					<p>
						Result: <b>PASS</b>
					</p>
					<pre class="pre-scrollable">Sketch uses 13044 bytes (4%) of program storage space. Maximum is 262144 bytes.
Global variables use 3196 bytes (9%) of dynamic memory, leaving 29572 bytes for local variables. Maximum is 32768 bytes.
</pre>
					
					<h4>examples/Object</h4>
					<p>
						Result: <b>PASS</b>
					</p>
					<pre class="pre-scrollable">Sketch uses 12704 bytes (4%) of program storage space. Maximum is 262144 bytes.
Global variables use 3048 bytes (9%) of dynamic memory, leaving 29720 bytes for local variables. Maximum is 32768 bytes.
</pre>
					
					<h4>examples/Queue</h4>
					<p>
						Result: <b>PASS</b>
					</p>
					<pre class="pre-scrollable">Sketch uses 12836 bytes (4%) of program storage space. Maximum is 262144 bytes.
Global variables use 3412 bytes (10%) of dynamic memory, leaving 29356 bytes for local variables. Maximum is 32768 bytes.
</pre>
					
					<h4>examples/Stack</h4>
					<p>
						Result: <b>PASS</b>
					</p>
					<pre class="pre-scrollable">Sketch uses 12640 bytes (4%) of program storage space. Maximum is 262144 bytes.
Global variables use 3408 bytes (10%) of dynamic memory, leaving 29360 bytes for local variables. Maximum is 32768 bytes.
</pre>
					
					<h4>examples/Struct</h4>
					<p>
						Result: <b>PASS</b>
					</p>
					<pre class="pre-scrollable">Sketch uses 12860 bytes (4%) of program storage space. Maximum is 262144 bytes.
Global variables use 3128 bytes (9%) of dynamic memory, leaving 29640 bytes for local variables. Maximum is 32768 bytes.
</pre>
					
					<h4>examples/Test</h4>
					<p>
						Result: <b>PASS</b>
					</p>
					<pre class="pre-scrollable">Sketch uses 14860 bytes (5%) of program storage space. Maximum is 262144 bytes.
Global variables use 3020 bytes (9%) of dynamic memory, leaving 29748 bytes for local variables. Maximum is 32768 bytes.
</pre>
					
				
				<h3 id="esp32:esp32:d1_mini32">esp32:esp32:d1_mini32 @ 1.0.6</h3>
				<h4>Inclusion</h4>
				<p>
					Result: <b>PASS</b>
					
				</p>
				<pre class="pre-scrollable">Sketch uses 197736 bytes (15%) of program storage space. Maximum is 1310720 bytes.
Global variables use 13084 bytes (3%) of dynamic memory, leaving 314596 bytes for local variables. Maximum is 327680 bytes.
</pre>

					
					<h4>examples/CircularBuffer</h4>
					<p>
						Result: <b>FAIL</b>
					</p>
					<pre class="pre-scrollable">/home/ec2-user/arduino-testlib/cli-datadir/user/libraries/CircularBuffer/examples/CircularBuffer/CircularBuffer.ino:5:15: error: &#39;long unsigned int time&#39; redeclared as different kind of symbol
 unsigned long time = 0;
               ^
In file included from /home/ec2-user/arduino-testlib/cli-datadir/data/packages/esp32/hardware/esp32/1.0.6/tools/sdk/include/newlib/stdio.h:29:0,
                 from /home/ec2-user/arduino-testlib/cli-datadir/data/packages/esp32/hardware/esp32/1.0.6/cores/esp32/Arduino.h:27,
                 from /tmp/arduino-sketch-1C71D8758728FF4C380BA0BAA612B4AF/sketch/CircularBuffer.ino.cpp:1:
/home/ec2-user/arduino-testlib/cli-datadir/data/packages/esp32/hardware/esp32/1.0.6/tools/sdk/include/newlib/time.h:53:11: note: previous declaration &#39;time_t time(time_t*)&#39;
 time_t    _EXFUN(time,     (time_t *_timer));
           ^
/home/ec2-user/arduino-testlib/cli-datadir/user/libraries/CircularBuffer/examples/CircularBuffer/CircularBuffer.ino: In function &#39;void setup()&#39;:
/home/ec2-user/arduino-testlib/cli-datadir/user/libraries/CircularBuffer/examples/CircularBuffer/CircularBuffer.ino:12:7: error: assignment of function &#39;time_t time(time_t*)&#39;
  time = millis();
       ^
/home/ec2-user/arduino-testlib/cli-datadir/user/libraries/CircularBuffer/examples/CircularBuffer/CircularBuffer.ino:12:7: error: cannot convert &#39;long unsigned int&#39; to &#39;time_t(time_t*) {aka long int(long int*)}&#39; in assignment
/home/ec2-user/arduino-testlib/cli-datadir/user/libraries/CircularBuffer/examples/CircularBuffer/CircularBuffer.ino: In function &#39;void loop()&#39;:
/home/ec2-user/arduino-testlib/cli-datadir/user/libraries/CircularBuffer/examples/CircularBuffer/CircularBuffer.ino:20:17: error: invalid operands of types &#39;long unsigned int&#39; and &#39;time_t(time_t*) {aka long int(long int*)}&#39; to binary &#39;operator-&#39;
  if (millis() - time &gt;= 500) {
                 ^
/home/ec2-user/arduino-testlib/cli-datadir/user/libraries/CircularBuffer/examples/CircularBuffer/CircularBuffer.ino:21:8: error: assignment of function &#39;time_t time(time_t*)&#39;
   time = millis();
        ^
/home/ec2-user/arduino-testlib/cli-datadir/user/libraries/CircularBuffer/examples/CircularBuffer/CircularBuffer.ino:21:8: error: cannot convert &#39;long unsigned int&#39; to &#39;time_t(time_t*) {aka long int(long int*)}&#39; in assignment
Multiple libraries were found for &#34;CircularBuffer.h&#34;
  Used: /home/ec2-user/arduino-testlib/cli-datadir/user/libraries/CircularBuffer
  Not used: /home/ec2-user/arduino-testlib/cli-datadir/user/libraries/MegunoLink
  Not used: /home/ec2-user/arduino-testlib/cli-datadir/user/libraries/MAX30100lib
  Not used: /home/ec2-user/arduino-testlib/cli-datadir/user/libraries/OneSheeld
  Not used: /home/ec2-user/arduino-testlib/cli-datadir/user/libraries/BufferUtils
  Not used: /home/ec2-user/arduino-testlib/cli-datadir/user/libraries/DabbleESP32
  Not used: /home/ec2-user/arduino-testlib/cli-datadir/user/libraries/MAX30100_milan
  Not used: /home/ec2-user/arduino-testlib/cli-datadir/user/libraries/Dabble
</pre>
					
					<h4>examples/EventLogging</h4>
					<p>
						Result: <b>PASS</b>
					</p>
					<pre class="pre-scrollable">Sketch uses 204942 bytes (15%) of program storage space. Maximum is 1310720 bytes.
Global variables use 13472 bytes (4%) of dynamic memory, leaving 314208 bytes for local variables. Maximum is 327680 bytes.
</pre>
					
					<h4>examples/Interrupts</h4>
					<p>
						Result: <b>FAIL</b>
					</p>
					<pre class="pre-scrollable">/home/ec2-user/arduino-testlib/cli-datadir/user/libraries/CircularBuffer/examples/Interrupts/Interrupts.ino:15:15: error: &#39;long unsigned int time&#39; redeclared as different kind of symbol
 unsigned long time = 0;
               ^
In file included from /home/ec2-user/arduino-testlib/cli-datadir/data/packages/esp32/hardware/esp32/1.0.6/tools/sdk/include/newlib/stdio.h:29:0,
                 from /home/ec2-user/arduino-testlib/cli-datadir/data/packages/esp32/hardware/esp32/1.0.6/cores/esp32/Arduino.h:27,
                 from /tmp/arduino-sketch-87BF7C5B2444E7D859696B4BF61BE2E5/sketch/Interrupts.ino.cpp:1:
/home/ec2-user/arduino-testlib/cli-datadir/data/packages/esp32/hardware/esp32/1.0.6/tools/sdk/include/newlib/time.h:53:11: note: previous declaration &#39;time_t time(time_t*)&#39;
 time_t    _EXFUN(time,     (time_t *_timer));
           ^
/home/ec2-user/arduino-testlib/cli-datadir/user/libraries/CircularBuffer/examples/Interrupts/Interrupts.ino: In function &#39;void loop()&#39;:
/home/ec2-user/arduino-testlib/cli-datadir/user/libraries/CircularBuffer/examples/Interrupts/Interrupts.ino:20:20: error: invalid operands of types &#39;long unsigned int&#39; and &#39;time_t(time_t*) {aka long int(long int*)}&#39; to binary &#39;operator-&#39;
     if (millis() - time &gt;= 10000 &amp;&amp; !timings.isEmpty()) {
                    ^
/home/ec2-user/arduino-testlib/cli-datadir/user/libraries/CircularBuffer/examples/Interrupts/Interrupts.ino:22:14: error: assignment of function &#39;time_t time(time_t*)&#39;
         time = millis();
              ^
/home/ec2-user/arduino-testlib/cli-datadir/user/libraries/CircularBuffer/examples/Interrupts/Interrupts.ino:22:14: error: cannot convert &#39;long unsigned int&#39; to &#39;time_t(time_t*) {aka long int(long int*)}&#39; in assignment
Multiple libraries were found for &#34;CircularBuffer.h&#34;
  Used: /home/ec2-user/arduino-testlib/cli-datadir/user/libraries/CircularBuffer
  Not used: /home/ec2-user/arduino-testlib/cli-datadir/user/libraries/BufferUtils
  Not used: /home/ec2-user/arduino-testlib/cli-datadir/user/libraries/MAX30100_milan
  Not used: /home/ec2-user/arduino-testlib/cli-datadir/user/libraries/Dabble
  Not used: /home/ec2-user/arduino-testlib/cli-datadir/user/libraries/MAX30100lib
  Not used: /home/ec2-user/arduino-testlib/cli-datadir/user/libraries/DabbleESP32
  Not used: /home/ec2-user/arduino-testlib/cli-datadir/user/libraries/OneSheeld
  Not used: /home/ec2-user/arduino-testlib/cli-datadir/user/libraries/MegunoLink
</pre>
					
					<h4>examples/Object</h4>
					<p>
						Result: <b>PASS</b>
					</p>
					<pre class="pre-scrollable">Sketch uses 221462 bytes (16%) of program storage space. Maximum is 1310720 bytes.
Global variables use 13488 bytes (4%) of dynamic memory, leaving 314192 bytes for local variables. Maximum is 327680 bytes.
</pre>
					
					<h4>examples/Queue</h4>
					<p>
						Result: <b>FAIL</b>
					</p>
					<pre class="pre-scrollable">/home/ec2-user/arduino-testlib/cli-datadir/user/libraries/CircularBuffer/examples/Queue/Queue.ino:5:15: error: &#39;long unsigned int time&#39; redeclared as different kind of symbol
 unsigned long time = 0;
               ^
In file included from /home/ec2-user/arduino-testlib/cli-datadir/data/packages/esp32/hardware/esp32/1.0.6/tools/sdk/include/newlib/stdio.h:29:0,
                 from /home/ec2-user/arduino-testlib/cli-datadir/data/packages/esp32/hardware/esp32/1.0.6/cores/esp32/Arduino.h:27,
                 from /tmp/arduino-sketch-11A8E868A100C73039A48B0C5DC2E960/sketch/Queue.ino.cpp:1:
/home/ec2-user/arduino-testlib/cli-datadir/data/packages/esp32/hardware/esp32/1.0.6/tools/sdk/include/newlib/time.h:53:11: note: previous declaration &#39;time_t time(time_t*)&#39;
 time_t    _EXFUN(time,     (time_t *_timer));
           ^
/home/ec2-user/arduino-testlib/cli-datadir/user/libraries/CircularBuffer/examples/Queue/Queue.ino: In function &#39;void setup()&#39;:
/home/ec2-user/arduino-testlib/cli-datadir/user/libraries/CircularBuffer/examples/Queue/Queue.ino:12:7: error: assignment of function &#39;time_t time(time_t*)&#39;
  time = millis();
       ^
/home/ec2-user/arduino-testlib/cli-datadir/user/libraries/CircularBuffer/examples/Queue/Queue.ino:12:7: error: cannot convert &#39;long unsigned int&#39; to &#39;time_t(time_t*) {aka long int(long int*)}&#39; in assignment
/home/ec2-user/arduino-testlib/cli-datadir/user/libraries/CircularBuffer/examples/Queue/Queue.ino: In function &#39;void loop()&#39;:
/home/ec2-user/arduino-testlib/cli-datadir/user/libraries/CircularBuffer/examples/Queue/Queue.ino:20:17: error: invalid operands of types &#39;long unsigned int&#39; and &#39;time_t(time_t*) {aka long int(long int*)}&#39; to binary &#39;operator-&#39;
  if (millis() - time &gt;= 2000) {
                 ^
/home/ec2-user/arduino-testlib/cli-datadir/user/libraries/CircularBuffer/examples/Queue/Queue.ino:21:8: error: assignment of function &#39;time_t time(time_t*)&#39;
   time = millis();
        ^
/home/ec2-user/arduino-testlib/cli-datadir/user/libraries/CircularBuffer/examples/Queue/Queue.ino:21:8: error: cannot convert &#39;long unsigned int&#39; to &#39;time_t(time_t*) {aka long int(long int*)}&#39; in assignment
Multiple libraries were found for &#34;CircularBuffer.h&#34;
  Used: /home/ec2-user/arduino-testlib/cli-datadir/user/libraries/CircularBuffer
  Not used: /home/ec2-user/arduino-testlib/cli-datadir/user/libraries/MAX30100lib
  Not used: /home/ec2-user/arduino-testlib/cli-datadir/user/libraries/BufferUtils
  Not used: /home/ec2-user/arduino-testlib/cli-datadir/user/libraries/Dabble
  Not used: /home/ec2-user/arduino-testlib/cli-datadir/user/libraries/DabbleESP32
  Not used: /home/ec2-user/arduino-testlib/cli-datadir/user/libraries/MAX30100_milan
  Not used: /home/ec2-user/arduino-testlib/cli-datadir/user/libraries/MegunoLink
  Not used: /home/ec2-user/arduino-testlib/cli-datadir/user/libraries/OneSheeld
</pre>
					
					<h4>examples/Stack</h4>
					<p>
						Result: <b>PASS</b>
					</p>
					<pre class="pre-scrollable">Sketch uses 220278 bytes (16%) of program storage space. Maximum is 1310720 bytes.
Global variables use 13848 bytes (4%) of dynamic memory, leaving 313832 bytes for local variables. Maximum is 327680 bytes.
</pre>
					
					<h4>examples/Struct</h4>
					<p>
						Result: <b>PASS</b>
					</p>
					<pre class="pre-scrollable">Sketch uses 220502 bytes (16%) of program storage space. Maximum is 1310720 bytes.
Global variables use 13568 bytes (4%) of dynamic memory, leaving 314112 bytes for local variables. Maximum is 327680 bytes.
</pre>
					
					<h4>examples/Test</h4>
					<p>
						Result: <b>PASS</b>
					</p>
					<pre class="pre-scrollable">Sketch uses 206346 bytes (15%) of program storage space. Maximum is 1310720 bytes.
Global variables use 13440 bytes (4%) of dynamic memory, leaving 314240 bytes for local variables. Maximum is 327680 bytes.
</pre>
					
				
			</div>
		</div>
	</div>
  </body>
</html>
