
<!doctype html>
<html lang="en">
  <head>
    <meta charset="utf-8">
    <meta name="viewport" content="width=device-width, initial-scale=1">
    <link href="https://cdn.jsdelivr.net/npm/bootstrap@5.0.2/dist/css/bootstrap.min.css" rel="stylesheet" integrity="sha384-EVSTQN3/azprG1Anm3QDgpJLIm9Nao0Yz1ztcQTwFspd3yD65VohhpuuCOmLASjC" crossorigin="anonymous">
    <title>arduino-testlib report</title>
	<style>
	.pass { background-color: #00FF00 !important; }
	.fail { background-color: #FF0000 !important; }
	</style>
  </head>
  <body>
	<div class="container">
		<div class="row">
			<div class="col">
				<h1>Comp6DOF_n0m1 - compatibility matrix</h1>
				<p>
					<small>This report was generated on Monday, 21-Feb-22 12:00:25 CET using 
					<a href="https://github.com/alranel/arduino-testlib">arduino-testlib</a>.</small>
				</p>

				<h2>Comp6DOF_n0m1</h2>
				<p>
					Version: <b>0.1.1</b>
					<br />
					<a href="https://www.arduino.cc/reference/en/libraries/comp6dof_n0m1/">More details</a>
				</p>

				<h2>Compatibility matrix</h2>
				<table class="table table-bordered">
					<tr>
						<th>Board</th>
						<th>Claims compatibility</th>
						<th>Inclusion</th>
						
						<th><pre>Hard_Iron_Offset_6dof_example</pre></th>
						
						<th><pre>Tilt_comp_6dof_example</pre></th>
						
						<th><pre>Yaw_Pitch_Roll_6dof_example</pre></th>
						
					</tr>
					
					<tr>
						<td>
							<a href="#arduino%3aavr%3auno"><b>arduino:avr:uno</b></a>
							<br />
							<small>1.8.4</small>
						</td>

						
							<td>Yes</td>
							<td class="pass">PASS</td>
						
						
						
						

						
							
								
									
										
											
											<td class="fail">FAIL</td>
										
									
										
									
										
									
								
							
								
							
								
							
								
							
								
							
						
							
								
									
										
									
										
											
											<td class="fail">FAIL</td>
										
									
										
									
								
							
								
							
								
							
								
							
								
							
						
							
								
									
										
									
										
									
										
											
											<td class="fail">FAIL</td>
										
									
								
							
								
							
								
							
								
							
								
							
						
					</tr>
					
					<tr>
						<td>
							<a href="#arduino%3ambed_nano%3ananorp2040connect"><b>arduino:mbed_nano:nanorp2040connect</b></a>
							<br />
							<small>2.7.2</small>
						</td>

						
						
							<td>No ⚠️</td>
							<td class="pass">PASS</td>
						
						
						

						
							
								
							
								
									
										
											
											<td class="fail">FAIL</td>
										
									
										
									
										
									
								
							
								
							
								
							
								
							
						
							
								
							
								
									
										
									
										
											
											<td class="fail">FAIL</td>
										
									
										
									
								
							
								
							
								
							
								
							
						
							
								
							
								
									
										
									
										
									
										
											
											<td class="fail">FAIL</td>
										
									
								
							
								
							
								
							
								
							
						
					</tr>
					
					<tr>
						<td>
							<a href="#arduino%3amegaavr%3anona4809"><b>arduino:megaavr:nona4809</b></a>
							<br />
							<small>1.8.7</small>
						</td>

						
						
							<td>No ⚠️</td>
							<td class="pass">PASS</td>
						
						
						

						
							
								
							
								
							
								
									
										
											
											<td class="fail">FAIL</td>
										
									
										
									
										
									
								
							
								
							
								
							
						
							
								
							
								
							
								
									
										
									
										
											
											<td class="fail">FAIL</td>
										
									
										
									
								
							
								
							
								
							
						
							
								
							
								
							
								
									
										
									
										
									
										
											
											<td class="fail">FAIL</td>
										
									
								
							
								
							
								
							
						
					</tr>
					
					<tr>
						<td>
							<a href="#arduino%3asamd%3amkrwifi1010"><b>arduino:samd:mkrwifi1010</b></a>
							<br />
							<small>1.8.12</small>
						</td>

						
						
							<td>No ⚠️</td>
							<td class="pass">PASS</td>
						
						
						

						
							
								
							
								
							
								
							
								
									
										
											
											<td class="fail">FAIL</td>
										
									
										
									
										
									
								
							
								
							
						
							
								
							
								
							
								
							
								
									
										
									
										
											
											<td class="fail">FAIL</td>
										
									
										
									
								
							
								
							
						
							
								
							
								
							
								
							
								
									
										
									
										
									
										
											
											<td class="fail">FAIL</td>
										
									
								
							
								
							
						
					</tr>
					
					<tr>
						<td>
							<a href="#esp32%3aesp32%3ad1_mini32"><b>esp32:esp32:d1_mini32</b></a>
							<br />
							<small>1.0.6</small>
						</td>

						
						
							<td>No ⚠️</td>
							<td class="pass">PASS</td>
						
						
						

						
							
								
							
								
							
								
							
								
							
								
									
										
											
											<td class="fail">FAIL</td>
										
									
										
									
										
									
								
							
						
							
								
							
								
							
								
							
								
							
								
									
										
									
										
											
											<td class="fail">FAIL</td>
										
									
										
									
								
							
						
							
								
							
								
							
								
							
								
							
								
									
										
									
										
									
										
											
											<td class="fail">FAIL</td>
										
									
								
							
						
					</tr>
					
				</table>

				<h2>Compilation logs</h2>
				
				<h3 id="arduino:avr:uno">arduino:avr:uno @ 1.8.4</h3>
				<h4>Inclusion</h4>
				<p>
					Result: <b>PASS</b>
					
				</p>
				<pre class="pre-scrollable">Sketch uses 444 bytes (1%) of program storage space. Maximum is 32256 bytes.
Global variables use 9 bytes (0%) of dynamic memory, leaving 2039 bytes for local variables. Maximum is 2048 bytes.
</pre>

					
					<h4>examples/Hard_Iron_Offset_6dof_example</h4>
					<p>
						Result: <b>FAIL</b>
					</p>
					<pre class="pre-scrollable">/Users/alranel/Documents/git/arduino/arduino-testlib/cli-datadir/user/libraries/Comp6DOF_n0m1/examples/Hard_Iron_Offset_6dof_example/Hard_Iron_Offset_6dof_example.ino:11:10: fatal error: I2C.h: No such file or directory
 #include &lt;I2C.h&gt;
          ^~~~~~~
compilation terminated.

</pre>
					
					<h4>examples/Tilt_comp_6dof_example</h4>
					<p>
						Result: <b>FAIL</b>
					</p>
					<pre class="pre-scrollable">/Users/alranel/Documents/git/arduino/arduino-testlib/cli-datadir/user/libraries/Comp6DOF_n0m1/examples/Tilt_comp_6dof_example/Tilt_comp_6dof_example.ino:11:10: fatal error: I2C.h: No such file or directory
 #include &lt;I2C.h&gt;
          ^~~~~~~
compilation terminated.

</pre>
					
					<h4>examples/Yaw_Pitch_Roll_6dof_example</h4>
					<p>
						Result: <b>FAIL</b>
					</p>
					<pre class="pre-scrollable">/Users/alranel/Documents/git/arduino/arduino-testlib/cli-datadir/user/libraries/Comp6DOF_n0m1/examples/Yaw_Pitch_Roll_6dof_example/Yaw_Pitch_Roll_6dof_example.ino:11:10: fatal error: I2C.h: No such file or directory
 #include &lt;I2C.h&gt;
          ^~~~~~~
compilation terminated.

</pre>
					
				
				<h3 id="arduino:mbed_nano:nanorp2040connect">arduino:mbed_nano:nanorp2040connect @ 2.7.2</h3>
				<h4>Inclusion</h4>
				<p>
					Result: <b>PASS</b>
					
				</p>
				<pre class="pre-scrollable">WARNING: library Comp6DOF_n0m1 claims to run on avr architecture(s) and may be incompatible with your current board which runs on mbed_nano architecture(s).
Sketch uses 78756 bytes (0%) of program storage space. Maximum is 16777216 bytes.
Global variables use 43444 bytes (16%) of dynamic memory, leaving 226892 bytes for local variables. Maximum is 270336 bytes.
</pre>

					
					<h4>examples/Hard_Iron_Offset_6dof_example</h4>
					<p>
						Result: <b>FAIL</b>
					</p>
					<pre class="pre-scrollable">WARNING: library MMA8453_n0m1 claims to run on avr architecture(s) and may be incompatible with your current board which runs on mbed_nano architecture(s).
WARNING: library Comp6DOF_n0m1 claims to run on avr architecture(s) and may be incompatible with your current board which runs on mbed_nano architecture(s).
/home/ec2-user/arduino-testlib/cli-datadir/user/libraries/Comp6DOF_n0m1/examples/Hard_Iron_Offset_6dof_example/Hard_Iron_Offset_6dof_example.ino:21:5: error: &#39;int error&#39; redeclared as different kind of symbol
 int error = 0;
     ^~~~~
In file included from /home/ec2-user/arduino-testlib/cli-datadir/data/packages/arduino/hardware/mbed_nano/2.7.2/cores/arduino/mbed/rtos/include/rtos/Queue.h:30:0,
                 from /home/ec2-user/arduino-testlib/cli-datadir/data/packages/arduino/hardware/mbed_nano/2.7.2/cores/arduino/mbed/rtos/include/rtos/Mail.h:29,
                 from /home/ec2-user/arduino-testlib/cli-datadir/data/packages/arduino/hardware/mbed_nano/2.7.2/cores/arduino/mbed/rtos/include/rtos/rtos.h:33,
                 from /home/ec2-user/arduino-testlib/cli-datadir/data/packages/arduino/hardware/mbed_nano/2.7.2/libraries/Wire/Wire.h:28,
                 from /home/ec2-user/arduino-testlib/cli-datadir/user/libraries/MMA8453_n0m1/MMA8453_n0m1.h:54,
                 from /home/ec2-user/arduino-testlib/cli-datadir/user/libraries/Comp6DOF_n0m1/examples/Hard_Iron_Offset_6dof_example/Hard_Iron_Offset_6dof_example.ino:12:
/home/ec2-user/arduino-testlib/cli-datadir/data/packages/arduino/hardware/mbed_nano/2.7.2/cores/arduino/mbed/platform/include/platform/mbed_error.h:896:20: note: previous declaration &#39;void error(const char*, ...)&#39;
 MBED_NORETURN void error(const char *format, ...) MBED_PRINTF(1, 2);
                    ^~~~~
/home/ec2-user/arduino-testlib/cli-datadir/user/libraries/Comp6DOF_n0m1/examples/Hard_Iron_Offset_6dof_example/Hard_Iron_Offset_6dof_example.ino: In function &#39;void setup()&#39;:
/home/ec2-user/arduino-testlib/cli-datadir/user/libraries/Comp6DOF_n0m1/examples/Hard_Iron_Offset_6dof_example/Hard_Iron_Offset_6dof_example.ino:31:19: error: &#39;class HMC5883L&#39; has no member named &#39;SetScale&#39;; did you mean &#39;setScale&#39;?
   error = compass.SetScale(1.3); // Set the scale of the compass.
                   ^~~~~~~~
                   setScale
/home/ec2-user/arduino-testlib/cli-datadir/user/libraries/Comp6DOF_n0m1/examples/Hard_Iron_Offset_6dof_example/Hard_Iron_Offset_6dof_example.ino:33:28: error: &#39;class HMC5883L&#39; has no member named &#39;GetErrorText&#39;; did you mean &#39;getErrorText&#39;?
     Serial.println(compass.GetErrorText(error));
                            ^~~~~~~~~~~~
                            getErrorText
/home/ec2-user/arduino-testlib/cli-datadir/user/libraries/Comp6DOF_n0m1/examples/Hard_Iron_Offset_6dof_example/Hard_Iron_Offset_6dof_example.ino:35:19: error: &#39;class HMC5883L&#39; has no member named &#39;SetMeasurementMode&#39;; did you mean &#39;setMeasurementMode&#39;?
   error = compass.SetMeasurementMode(Measurement_Continuous); // Set the measurement mode to Continuous
                   ^~~~~~~~~~~~~~~~~~
                   setMeasurementMode
/home/ec2-user/arduino-testlib/cli-datadir/user/libraries/Comp6DOF_n0m1/examples/Hard_Iron_Offset_6dof_example/Hard_Iron_Offset_6dof_example.ino:35:38: error: &#39;Measurement_Continuous&#39; was not declared in this scope
   error = compass.SetMeasurementMode(Measurement_Continuous); // Set the measurement mode to Continuous
                                      ^~~~~~~~~~~~~~~~~~~~~~
/home/ec2-user/arduino-testlib/cli-datadir/user/libraries/Comp6DOF_n0m1/examples/Hard_Iron_Offset_6dof_example/Hard_Iron_Offset_6dof_example.ino:37:28: error: &#39;class HMC5883L&#39; has no member named &#39;GetErrorText&#39;; did you mean &#39;getErrorText&#39;?
     Serial.println(compass.GetErrorText(error));
                            ^~~~~~~~~~~~
                            getErrorText
/home/ec2-user/arduino-testlib/cli-datadir/user/libraries/Comp6DOF_n0m1/examples/Hard_Iron_Offset_6dof_example/Hard_Iron_Offset_6dof_example.ino:50:38: error: &#39;class HMC5883L&#39; has no member named &#39;ReadRawAxis&#39;; did you mean &#39;readRawAxis&#39;?
       MagnetometerRaw  raw = compass.ReadRawAxis();
                                      ^~~~~~~~~~~
                                      readRawAxis

</pre>
					
					<h4>examples/Tilt_comp_6dof_example</h4>
					<p>
						Result: <b>FAIL</b>
					</p>
					<pre class="pre-scrollable">WARNING: library MMA8453_n0m1 claims to run on avr architecture(s) and may be incompatible with your current board which runs on mbed_nano architecture(s).
WARNING: library Comp6DOF_n0m1 claims to run on avr architecture(s) and may be incompatible with your current board which runs on mbed_nano architecture(s).
/home/ec2-user/arduino-testlib/cli-datadir/user/libraries/Comp6DOF_n0m1/examples/Tilt_comp_6dof_example/Tilt_comp_6dof_example.ino:21:5: error: &#39;int error&#39; redeclared as different kind of symbol
 int error = 0;
     ^~~~~
In file included from /home/ec2-user/arduino-testlib/cli-datadir/data/packages/arduino/hardware/mbed_nano/2.7.2/cores/arduino/mbed/rtos/include/rtos/Queue.h:30:0,
                 from /home/ec2-user/arduino-testlib/cli-datadir/data/packages/arduino/hardware/mbed_nano/2.7.2/cores/arduino/mbed/rtos/include/rtos/Mail.h:29,
                 from /home/ec2-user/arduino-testlib/cli-datadir/data/packages/arduino/hardware/mbed_nano/2.7.2/cores/arduino/mbed/rtos/include/rtos/rtos.h:33,
                 from /home/ec2-user/arduino-testlib/cli-datadir/data/packages/arduino/hardware/mbed_nano/2.7.2/libraries/Wire/Wire.h:28,
                 from /home/ec2-user/arduino-testlib/cli-datadir/user/libraries/MMA8453_n0m1/MMA8453_n0m1.h:54,
                 from /home/ec2-user/arduino-testlib/cli-datadir/user/libraries/Comp6DOF_n0m1/examples/Tilt_comp_6dof_example/Tilt_comp_6dof_example.ino:12:
/home/ec2-user/arduino-testlib/cli-datadir/data/packages/arduino/hardware/mbed_nano/2.7.2/cores/arduino/mbed/platform/include/platform/mbed_error.h:896:20: note: previous declaration &#39;void error(const char*, ...)&#39;
 MBED_NORETURN void error(const char *format, ...) MBED_PRINTF(1, 2);
                    ^~~~~
/home/ec2-user/arduino-testlib/cli-datadir/user/libraries/Comp6DOF_n0m1/examples/Tilt_comp_6dof_example/Tilt_comp_6dof_example.ino: In function &#39;void setup()&#39;:
/home/ec2-user/arduino-testlib/cli-datadir/user/libraries/Comp6DOF_n0m1/examples/Tilt_comp_6dof_example/Tilt_comp_6dof_example.ino:31:19: error: &#39;class HMC5883L&#39; has no member named &#39;SetScale&#39;; did you mean &#39;setScale&#39;?
   error = compass.SetScale(1.3); // Set the scale of the compass.
                   ^~~~~~~~
                   setScale
/home/ec2-user/arduino-testlib/cli-datadir/user/libraries/Comp6DOF_n0m1/examples/Tilt_comp_6dof_example/Tilt_comp_6dof_example.ino:33:28: error: &#39;class HMC5883L&#39; has no member named &#39;GetErrorText&#39;; did you mean &#39;getErrorText&#39;?
     Serial.println(compass.GetErrorText(error));
                            ^~~~~~~~~~~~
                            getErrorText
/home/ec2-user/arduino-testlib/cli-datadir/user/libraries/Comp6DOF_n0m1/examples/Tilt_comp_6dof_example/Tilt_comp_6dof_example.ino:35:19: error: &#39;class HMC5883L&#39; has no member named &#39;SetMeasurementMode&#39;; did you mean &#39;setMeasurementMode&#39;?
   error = compass.SetMeasurementMode(Measurement_Continuous); // Set the measurement mode to Continuous
                   ^~~~~~~~~~~~~~~~~~
                   setMeasurementMode
/home/ec2-user/arduino-testlib/cli-datadir/user/libraries/Comp6DOF_n0m1/examples/Tilt_comp_6dof_example/Tilt_comp_6dof_example.ino:35:38: error: &#39;Measurement_Continuous&#39; was not declared in this scope
   error = compass.SetMeasurementMode(Measurement_Continuous); // Set the measurement mode to Continuous
                                      ^~~~~~~~~~~~~~~~~~~~~~
/home/ec2-user/arduino-testlib/cli-datadir/user/libraries/Comp6DOF_n0m1/examples/Tilt_comp_6dof_example/Tilt_comp_6dof_example.ino:37:28: error: &#39;class HMC5883L&#39; has no member named &#39;GetErrorText&#39;; did you mean &#39;getErrorText&#39;?
     Serial.println(compass.GetErrorText(error));
                            ^~~~~~~~~~~~
                            getErrorText
/home/ec2-user/arduino-testlib/cli-datadir/user/libraries/Comp6DOF_n0m1/examples/Tilt_comp_6dof_example/Tilt_comp_6dof_example.ino: In function &#39;void loop()&#39;:
/home/ec2-user/arduino-testlib/cli-datadir/user/libraries/Comp6DOF_n0m1/examples/Tilt_comp_6dof_example/Tilt_comp_6dof_example.ino:48:33: error: &#39;class HMC5883L&#39; has no member named &#39;ReadRawAxis&#39;; did you mean &#39;readRawAxis&#39;?
   MagnetometerRaw raw = compass.ReadRawAxis();
                                 ^~~~~~~~~~~
                                 readRawAxis

</pre>
					
					<h4>examples/Yaw_Pitch_Roll_6dof_example</h4>
					<p>
						Result: <b>FAIL</b>
					</p>
					<pre class="pre-scrollable">WARNING: library MMA8453_n0m1 claims to run on avr architecture(s) and may be incompatible with your current board which runs on mbed_nano architecture(s).
WARNING: library Comp6DOF_n0m1 claims to run on avr architecture(s) and may be incompatible with your current board which runs on mbed_nano architecture(s).
/home/ec2-user/arduino-testlib/cli-datadir/user/libraries/Comp6DOF_n0m1/examples/Yaw_Pitch_Roll_6dof_example/Yaw_Pitch_Roll_6dof_example.ino:21:5: error: &#39;int error&#39; redeclared as different kind of symbol
 int error = 0;
     ^~~~~
In file included from /home/ec2-user/arduino-testlib/cli-datadir/data/packages/arduino/hardware/mbed_nano/2.7.2/cores/arduino/mbed/rtos/include/rtos/Queue.h:30:0,
                 from /home/ec2-user/arduino-testlib/cli-datadir/data/packages/arduino/hardware/mbed_nano/2.7.2/cores/arduino/mbed/rtos/include/rtos/Mail.h:29,
                 from /home/ec2-user/arduino-testlib/cli-datadir/data/packages/arduino/hardware/mbed_nano/2.7.2/cores/arduino/mbed/rtos/include/rtos/rtos.h:33,
                 from /home/ec2-user/arduino-testlib/cli-datadir/data/packages/arduino/hardware/mbed_nano/2.7.2/libraries/Wire/Wire.h:28,
                 from /home/ec2-user/arduino-testlib/cli-datadir/user/libraries/MMA8453_n0m1/MMA8453_n0m1.h:54,
                 from /home/ec2-user/arduino-testlib/cli-datadir/user/libraries/Comp6DOF_n0m1/examples/Yaw_Pitch_Roll_6dof_example/Yaw_Pitch_Roll_6dof_example.ino:12:
/home/ec2-user/arduino-testlib/cli-datadir/data/packages/arduino/hardware/mbed_nano/2.7.2/cores/arduino/mbed/platform/include/platform/mbed_error.h:896:20: note: previous declaration &#39;void error(const char*, ...)&#39;
 MBED_NORETURN void error(const char *format, ...) MBED_PRINTF(1, 2);
                    ^~~~~
/home/ec2-user/arduino-testlib/cli-datadir/user/libraries/Comp6DOF_n0m1/examples/Yaw_Pitch_Roll_6dof_example/Yaw_Pitch_Roll_6dof_example.ino: In function &#39;void setup()&#39;:
/home/ec2-user/arduino-testlib/cli-datadir/user/libraries/Comp6DOF_n0m1/examples/Yaw_Pitch_Roll_6dof_example/Yaw_Pitch_Roll_6dof_example.ino:31:19: error: &#39;class HMC5883L&#39; has no member named &#39;SetScale&#39;; did you mean &#39;setScale&#39;?
   error = compass.SetScale(1.3); // Set the scale of the compass.
                   ^~~~~~~~
                   setScale
/home/ec2-user/arduino-testlib/cli-datadir/user/libraries/Comp6DOF_n0m1/examples/Yaw_Pitch_Roll_6dof_example/Yaw_Pitch_Roll_6dof_example.ino:33:28: error: &#39;class HMC5883L&#39; has no member named &#39;GetErrorText&#39;; did you mean &#39;getErrorText&#39;?
     Serial.println(compass.GetErrorText(error));
                            ^~~~~~~~~~~~
                            getErrorText
/home/ec2-user/arduino-testlib/cli-datadir/user/libraries/Comp6DOF_n0m1/examples/Yaw_Pitch_Roll_6dof_example/Yaw_Pitch_Roll_6dof_example.ino:35:19: error: &#39;class HMC5883L&#39; has no member named &#39;SetMeasurementMode&#39;; did you mean &#39;setMeasurementMode&#39;?
   error = compass.SetMeasurementMode(Measurement_Continuous); // Set the measurement mode to Continuous
                   ^~~~~~~~~~~~~~~~~~
                   setMeasurementMode
/home/ec2-user/arduino-testlib/cli-datadir/user/libraries/Comp6DOF_n0m1/examples/Yaw_Pitch_Roll_6dof_example/Yaw_Pitch_Roll_6dof_example.ino:35:38: error: &#39;Measurement_Continuous&#39; was not declared in this scope
   error = compass.SetMeasurementMode(Measurement_Continuous); // Set the measurement mode to Continuous
                                      ^~~~~~~~~~~~~~~~~~~~~~
/home/ec2-user/arduino-testlib/cli-datadir/user/libraries/Comp6DOF_n0m1/examples/Yaw_Pitch_Roll_6dof_example/Yaw_Pitch_Roll_6dof_example.ino:37:28: error: &#39;class HMC5883L&#39; has no member named &#39;GetErrorText&#39;; did you mean &#39;getErrorText&#39;?
     Serial.println(compass.GetErrorText(error));
                            ^~~~~~~~~~~~
                            getErrorText
/home/ec2-user/arduino-testlib/cli-datadir/user/libraries/Comp6DOF_n0m1/examples/Yaw_Pitch_Roll_6dof_example/Yaw_Pitch_Roll_6dof_example.ino: In function &#39;void loop()&#39;:
/home/ec2-user/arduino-testlib/cli-datadir/user/libraries/Comp6DOF_n0m1/examples/Yaw_Pitch_Roll_6dof_example/Yaw_Pitch_Roll_6dof_example.ino:65:33: error: &#39;class HMC5883L&#39; has no member named &#39;ReadRawAxis&#39;; did you mean &#39;readRawAxis&#39;?
   MagnetometerRaw raw = compass.ReadRawAxis();
                                 ^~~~~~~~~~~
                                 readRawAxis

</pre>
					
				
				<h3 id="arduino:megaavr:nona4809">arduino:megaavr:nona4809 @ 1.8.7</h3>
				<h4>Inclusion</h4>
				<p>
					Result: <b>PASS</b>
					
				</p>
				<pre class="pre-scrollable">WARNING: library Comp6DOF_n0m1 claims to run on avr architecture(s) and may be incompatible with your current board which runs on megaavr architecture(s).
Sketch uses 802 bytes (1%) of program storage space. Maximum is 49152 bytes.
Global variables use 22 bytes (0%) of dynamic memory, leaving 6122 bytes for local variables. Maximum is 6144 bytes.
</pre>

					
					<h4>examples/Hard_Iron_Offset_6dof_example</h4>
					<p>
						Result: <b>FAIL</b>
					</p>
					<pre class="pre-scrollable">WARNING: library MMA8453_n0m1 claims to run on avr architecture(s) and may be incompatible with your current board which runs on megaavr architecture(s).
WARNING: library Comp6DOF_n0m1 claims to run on avr architecture(s) and may be incompatible with your current board which runs on megaavr architecture(s).
/home/ec2-user/arduino-testlib/cli-datadir/user/libraries/Comp6DOF_n0m1/examples/Hard_Iron_Offset_6dof_example/Hard_Iron_Offset_6dof_example.ino: In function &#39;void setup()&#39;:
/home/ec2-user/arduino-testlib/cli-datadir/user/libraries/Comp6DOF_n0m1/examples/Hard_Iron_Offset_6dof_example/Hard_Iron_Offset_6dof_example.ino:31:19: error: &#39;class HMC5883L&#39; has no member named &#39;SetScale&#39;; did you mean &#39;setScale&#39;?
   error = compass.SetScale(1.3); // Set the scale of the compass.
                   ^~~~~~~~
                   setScale
/home/ec2-user/arduino-testlib/cli-datadir/user/libraries/Comp6DOF_n0m1/examples/Hard_Iron_Offset_6dof_example/Hard_Iron_Offset_6dof_example.ino:33:28: error: &#39;class HMC5883L&#39; has no member named &#39;GetErrorText&#39;; did you mean &#39;getErrorText&#39;?
     Serial.println(compass.GetErrorText(error));
                            ^~~~~~~~~~~~
                            getErrorText
/home/ec2-user/arduino-testlib/cli-datadir/user/libraries/Comp6DOF_n0m1/examples/Hard_Iron_Offset_6dof_example/Hard_Iron_Offset_6dof_example.ino:35:19: error: &#39;class HMC5883L&#39; has no member named &#39;SetMeasurementMode&#39;; did you mean &#39;setMeasurementMode&#39;?
   error = compass.SetMeasurementMode(Measurement_Continuous); // Set the measurement mode to Continuous
                   ^~~~~~~~~~~~~~~~~~
                   setMeasurementMode
/home/ec2-user/arduino-testlib/cli-datadir/user/libraries/Comp6DOF_n0m1/examples/Hard_Iron_Offset_6dof_example/Hard_Iron_Offset_6dof_example.ino:35:38: error: &#39;Measurement_Continuous&#39; was not declared in this scope
   error = compass.SetMeasurementMode(Measurement_Continuous); // Set the measurement mode to Continuous
                                      ^~~~~~~~~~~~~~~~~~~~~~
/home/ec2-user/arduino-testlib/cli-datadir/user/libraries/Comp6DOF_n0m1/examples/Hard_Iron_Offset_6dof_example/Hard_Iron_Offset_6dof_example.ino:37:28: error: &#39;class HMC5883L&#39; has no member named &#39;GetErrorText&#39;; did you mean &#39;getErrorText&#39;?
     Serial.println(compass.GetErrorText(error));
                            ^~~~~~~~~~~~
                            getErrorText
/home/ec2-user/arduino-testlib/cli-datadir/user/libraries/Comp6DOF_n0m1/examples/Hard_Iron_Offset_6dof_example/Hard_Iron_Offset_6dof_example.ino:50:38: error: &#39;class HMC5883L&#39; has no member named &#39;ReadRawAxis&#39;; did you mean &#39;readRawAxis&#39;?
       MagnetometerRaw  raw = compass.ReadRawAxis();
                                      ^~~~~~~~~~~
                                      readRawAxis

</pre>
					
					<h4>examples/Tilt_comp_6dof_example</h4>
					<p>
						Result: <b>FAIL</b>
					</p>
					<pre class="pre-scrollable">WARNING: library MMA8453_n0m1 claims to run on avr architecture(s) and may be incompatible with your current board which runs on megaavr architecture(s).
WARNING: library Comp6DOF_n0m1 claims to run on avr architecture(s) and may be incompatible with your current board which runs on megaavr architecture(s).
/home/ec2-user/arduino-testlib/cli-datadir/user/libraries/Comp6DOF_n0m1/examples/Tilt_comp_6dof_example/Tilt_comp_6dof_example.ino: In function &#39;void setup()&#39;:
/home/ec2-user/arduino-testlib/cli-datadir/user/libraries/Comp6DOF_n0m1/examples/Tilt_comp_6dof_example/Tilt_comp_6dof_example.ino:31:19: error: &#39;class HMC5883L&#39; has no member named &#39;SetScale&#39;; did you mean &#39;setScale&#39;?
   error = compass.SetScale(1.3); // Set the scale of the compass.
                   ^~~~~~~~
                   setScale
/home/ec2-user/arduino-testlib/cli-datadir/user/libraries/Comp6DOF_n0m1/examples/Tilt_comp_6dof_example/Tilt_comp_6dof_example.ino:33:28: error: &#39;class HMC5883L&#39; has no member named &#39;GetErrorText&#39;; did you mean &#39;getErrorText&#39;?
     Serial.println(compass.GetErrorText(error));
                            ^~~~~~~~~~~~
                            getErrorText
/home/ec2-user/arduino-testlib/cli-datadir/user/libraries/Comp6DOF_n0m1/examples/Tilt_comp_6dof_example/Tilt_comp_6dof_example.ino:35:19: error: &#39;class HMC5883L&#39; has no member named &#39;SetMeasurementMode&#39;; did you mean &#39;setMeasurementMode&#39;?
   error = compass.SetMeasurementMode(Measurement_Continuous); // Set the measurement mode to Continuous
                   ^~~~~~~~~~~~~~~~~~
                   setMeasurementMode
/home/ec2-user/arduino-testlib/cli-datadir/user/libraries/Comp6DOF_n0m1/examples/Tilt_comp_6dof_example/Tilt_comp_6dof_example.ino:35:38: error: &#39;Measurement_Continuous&#39; was not declared in this scope
   error = compass.SetMeasurementMode(Measurement_Continuous); // Set the measurement mode to Continuous
                                      ^~~~~~~~~~~~~~~~~~~~~~
/home/ec2-user/arduino-testlib/cli-datadir/user/libraries/Comp6DOF_n0m1/examples/Tilt_comp_6dof_example/Tilt_comp_6dof_example.ino:37:28: error: &#39;class HMC5883L&#39; has no member named &#39;GetErrorText&#39;; did you mean &#39;getErrorText&#39;?
     Serial.println(compass.GetErrorText(error));
                            ^~~~~~~~~~~~
                            getErrorText
/home/ec2-user/arduino-testlib/cli-datadir/user/libraries/Comp6DOF_n0m1/examples/Tilt_comp_6dof_example/Tilt_comp_6dof_example.ino: In function &#39;void loop()&#39;:
/home/ec2-user/arduino-testlib/cli-datadir/user/libraries/Comp6DOF_n0m1/examples/Tilt_comp_6dof_example/Tilt_comp_6dof_example.ino:48:33: error: &#39;class HMC5883L&#39; has no member named &#39;ReadRawAxis&#39;; did you mean &#39;readRawAxis&#39;?
   MagnetometerRaw raw = compass.ReadRawAxis();
                                 ^~~~~~~~~~~
                                 readRawAxis

</pre>
					
					<h4>examples/Yaw_Pitch_Roll_6dof_example</h4>
					<p>
						Result: <b>FAIL</b>
					</p>
					<pre class="pre-scrollable">WARNING: library MMA8453_n0m1 claims to run on avr architecture(s) and may be incompatible with your current board which runs on megaavr architecture(s).
WARNING: library Comp6DOF_n0m1 claims to run on avr architecture(s) and may be incompatible with your current board which runs on megaavr architecture(s).
/home/ec2-user/arduino-testlib/cli-datadir/user/libraries/Comp6DOF_n0m1/examples/Yaw_Pitch_Roll_6dof_example/Yaw_Pitch_Roll_6dof_example.ino: In function &#39;void setup()&#39;:
/home/ec2-user/arduino-testlib/cli-datadir/user/libraries/Comp6DOF_n0m1/examples/Yaw_Pitch_Roll_6dof_example/Yaw_Pitch_Roll_6dof_example.ino:31:19: error: &#39;class HMC5883L&#39; has no member named &#39;SetScale&#39;; did you mean &#39;setScale&#39;?
   error = compass.SetScale(1.3); // Set the scale of the compass.
                   ^~~~~~~~
                   setScale
/home/ec2-user/arduino-testlib/cli-datadir/user/libraries/Comp6DOF_n0m1/examples/Yaw_Pitch_Roll_6dof_example/Yaw_Pitch_Roll_6dof_example.ino:33:28: error: &#39;class HMC5883L&#39; has no member named &#39;GetErrorText&#39;; did you mean &#39;getErrorText&#39;?
     Serial.println(compass.GetErrorText(error));
                            ^~~~~~~~~~~~
                            getErrorText
/home/ec2-user/arduino-testlib/cli-datadir/user/libraries/Comp6DOF_n0m1/examples/Yaw_Pitch_Roll_6dof_example/Yaw_Pitch_Roll_6dof_example.ino:35:19: error: &#39;class HMC5883L&#39; has no member named &#39;SetMeasurementMode&#39;; did you mean &#39;setMeasurementMode&#39;?
   error = compass.SetMeasurementMode(Measurement_Continuous); // Set the measurement mode to Continuous
                   ^~~~~~~~~~~~~~~~~~
                   setMeasurementMode
/home/ec2-user/arduino-testlib/cli-datadir/user/libraries/Comp6DOF_n0m1/examples/Yaw_Pitch_Roll_6dof_example/Yaw_Pitch_Roll_6dof_example.ino:35:38: error: &#39;Measurement_Continuous&#39; was not declared in this scope
   error = compass.SetMeasurementMode(Measurement_Continuous); // Set the measurement mode to Continuous
                                      ^~~~~~~~~~~~~~~~~~~~~~
/home/ec2-user/arduino-testlib/cli-datadir/user/libraries/Comp6DOF_n0m1/examples/Yaw_Pitch_Roll_6dof_example/Yaw_Pitch_Roll_6dof_example.ino:37:28: error: &#39;class HMC5883L&#39; has no member named &#39;GetErrorText&#39;; did you mean &#39;getErrorText&#39;?
     Serial.println(compass.GetErrorText(error));
                            ^~~~~~~~~~~~
                            getErrorText
/home/ec2-user/arduino-testlib/cli-datadir/user/libraries/Comp6DOF_n0m1/examples/Yaw_Pitch_Roll_6dof_example/Yaw_Pitch_Roll_6dof_example.ino: In function &#39;void loop()&#39;:
/home/ec2-user/arduino-testlib/cli-datadir/user/libraries/Comp6DOF_n0m1/examples/Yaw_Pitch_Roll_6dof_example/Yaw_Pitch_Roll_6dof_example.ino:65:33: error: &#39;class HMC5883L&#39; has no member named &#39;ReadRawAxis&#39;; did you mean &#39;readRawAxis&#39;?
   MagnetometerRaw raw = compass.ReadRawAxis();
                                 ^~~~~~~~~~~
                                 readRawAxis

</pre>
					
				
				<h3 id="arduino:samd:mkrwifi1010">arduino:samd:mkrwifi1010 @ 1.8.12</h3>
				<h4>Inclusion</h4>
				<p>
					Result: <b>PASS</b>
					
				</p>
				<pre class="pre-scrollable">WARNING: library Comp6DOF_n0m1 claims to run on avr architecture(s) and may be incompatible with your current board which runs on samd architecture(s).
Sketch uses 12156 bytes (4%) of program storage space. Maximum is 262144 bytes.
Global variables use 2996 bytes (9%) of dynamic memory, leaving 29772 bytes for local variables. Maximum is 32768 bytes.
</pre>

					
					<h4>examples/Hard_Iron_Offset_6dof_example</h4>
					<p>
						Result: <b>FAIL</b>
					</p>
					<pre class="pre-scrollable">/Users/alranel/Documents/git/arduino/arduino-testlib/cli-datadir/user/libraries/Comp6DOF_n0m1/examples/Hard_Iron_Offset_6dof_example/Hard_Iron_Offset_6dof_example.ino:11:10: fatal error: I2C.h: No such file or directory
 #include &lt;I2C.h&gt;
          ^~~~~~~
compilation terminated.

</pre>
					
					<h4>examples/Tilt_comp_6dof_example</h4>
					<p>
						Result: <b>FAIL</b>
					</p>
					<pre class="pre-scrollable">/Users/alranel/Documents/git/arduino/arduino-testlib/cli-datadir/user/libraries/Comp6DOF_n0m1/examples/Tilt_comp_6dof_example/Tilt_comp_6dof_example.ino:11:10: fatal error: I2C.h: No such file or directory
 #include &lt;I2C.h&gt;
          ^~~~~~~
compilation terminated.

</pre>
					
					<h4>examples/Yaw_Pitch_Roll_6dof_example</h4>
					<p>
						Result: <b>FAIL</b>
					</p>
					<pre class="pre-scrollable">/Users/alranel/Documents/git/arduino/arduino-testlib/cli-datadir/user/libraries/Comp6DOF_n0m1/examples/Yaw_Pitch_Roll_6dof_example/Yaw_Pitch_Roll_6dof_example.ino:11:10: fatal error: I2C.h: No such file or directory
 #include &lt;I2C.h&gt;
          ^~~~~~~
compilation terminated.

</pre>
					
				
				<h3 id="esp32:esp32:d1_mini32">esp32:esp32:d1_mini32 @ 1.0.6</h3>
				<h4>Inclusion</h4>
				<p>
					Result: <b>PASS</b>
					
				</p>
				<pre class="pre-scrollable">WARNING: library Comp6DOF_n0m1 claims to run on avr architecture(s) and may be incompatible with your current board which runs on esp32 architecture(s).
Sketch uses 197768 bytes (15%) of program storage space. Maximum is 1310720 bytes.
Global variables use 13092 bytes (3%) of dynamic memory, leaving 314588 bytes for local variables. Maximum is 327680 bytes.
</pre>

					
					<h4>examples/Hard_Iron_Offset_6dof_example</h4>
					<p>
						Result: <b>FAIL</b>
					</p>
					<pre class="pre-scrollable">WARNING: library MMA8453_n0m1 claims to run on avr architecture(s) and may be incompatible with your current board which runs on esp32 architecture(s).
WARNING: library Comp6DOF_n0m1 claims to run on avr architecture(s) and may be incompatible with your current board which runs on esp32 architecture(s).
/home/ec2-user/arduino-testlib/cli-datadir/user/libraries/Comp6DOF_n0m1/examples/Hard_Iron_Offset_6dof_example/Hard_Iron_Offset_6dof_example.ino: In function &#39;void setup()&#39;:
/home/ec2-user/arduino-testlib/cli-datadir/user/libraries/Comp6DOF_n0m1/examples/Hard_Iron_Offset_6dof_example/Hard_Iron_Offset_6dof_example.ino:31:19: error: &#39;class HMC5883L&#39; has no member named &#39;SetScale&#39;
   error = compass.SetScale(1.3); // Set the scale of the compass.
                   ^
/home/ec2-user/arduino-testlib/cli-datadir/user/libraries/Comp6DOF_n0m1/examples/Hard_Iron_Offset_6dof_example/Hard_Iron_Offset_6dof_example.ino:33:28: error: &#39;class HMC5883L&#39; has no member named &#39;GetErrorText&#39;
     Serial.println(compass.GetErrorText(error));
                            ^
/home/ec2-user/arduino-testlib/cli-datadir/user/libraries/Comp6DOF_n0m1/examples/Hard_Iron_Offset_6dof_example/Hard_Iron_Offset_6dof_example.ino:35:19: error: &#39;class HMC5883L&#39; has no member named &#39;SetMeasurementMode&#39;
   error = compass.SetMeasurementMode(Measurement_Continuous); // Set the measurement mode to Continuous
                   ^
/home/ec2-user/arduino-testlib/cli-datadir/user/libraries/Comp6DOF_n0m1/examples/Hard_Iron_Offset_6dof_example/Hard_Iron_Offset_6dof_example.ino:35:38: error: &#39;Measurement_Continuous&#39; was not declared in this scope
   error = compass.SetMeasurementMode(Measurement_Continuous); // Set the measurement mode to Continuous
                                      ^
/home/ec2-user/arduino-testlib/cli-datadir/user/libraries/Comp6DOF_n0m1/examples/Hard_Iron_Offset_6dof_example/Hard_Iron_Offset_6dof_example.ino:37:28: error: &#39;class HMC5883L&#39; has no member named &#39;GetErrorText&#39;
     Serial.println(compass.GetErrorText(error));
                            ^
/home/ec2-user/arduino-testlib/cli-datadir/user/libraries/Comp6DOF_n0m1/examples/Hard_Iron_Offset_6dof_example/Hard_Iron_Offset_6dof_example.ino:50:38: error: &#39;class HMC5883L&#39; has no member named &#39;ReadRawAxis&#39;
       MagnetometerRaw  raw = compass.ReadRawAxis();
                                      ^

</pre>
					
					<h4>examples/Tilt_comp_6dof_example</h4>
					<p>
						Result: <b>FAIL</b>
					</p>
					<pre class="pre-scrollable">WARNING: library MMA8453_n0m1 claims to run on avr architecture(s) and may be incompatible with your current board which runs on esp32 architecture(s).
WARNING: library Comp6DOF_n0m1 claims to run on avr architecture(s) and may be incompatible with your current board which runs on esp32 architecture(s).
/home/ec2-user/arduino-testlib/cli-datadir/user/libraries/Comp6DOF_n0m1/examples/Tilt_comp_6dof_example/Tilt_comp_6dof_example.ino: In function &#39;void setup()&#39;:
/home/ec2-user/arduino-testlib/cli-datadir/user/libraries/Comp6DOF_n0m1/examples/Tilt_comp_6dof_example/Tilt_comp_6dof_example.ino:31:19: error: &#39;class HMC5883L&#39; has no member named &#39;SetScale&#39;
   error = compass.SetScale(1.3); // Set the scale of the compass.
                   ^
/home/ec2-user/arduino-testlib/cli-datadir/user/libraries/Comp6DOF_n0m1/examples/Tilt_comp_6dof_example/Tilt_comp_6dof_example.ino:33:28: error: &#39;class HMC5883L&#39; has no member named &#39;GetErrorText&#39;
     Serial.println(compass.GetErrorText(error));
                            ^
/home/ec2-user/arduino-testlib/cli-datadir/user/libraries/Comp6DOF_n0m1/examples/Tilt_comp_6dof_example/Tilt_comp_6dof_example.ino:35:19: error: &#39;class HMC5883L&#39; has no member named &#39;SetMeasurementMode&#39;
   error = compass.SetMeasurementMode(Measurement_Continuous); // Set the measurement mode to Continuous
                   ^
/home/ec2-user/arduino-testlib/cli-datadir/user/libraries/Comp6DOF_n0m1/examples/Tilt_comp_6dof_example/Tilt_comp_6dof_example.ino:35:38: error: &#39;Measurement_Continuous&#39; was not declared in this scope
   error = compass.SetMeasurementMode(Measurement_Continuous); // Set the measurement mode to Continuous
                                      ^
/home/ec2-user/arduino-testlib/cli-datadir/user/libraries/Comp6DOF_n0m1/examples/Tilt_comp_6dof_example/Tilt_comp_6dof_example.ino:37:28: error: &#39;class HMC5883L&#39; has no member named &#39;GetErrorText&#39;
     Serial.println(compass.GetErrorText(error));
                            ^
/home/ec2-user/arduino-testlib/cli-datadir/user/libraries/Comp6DOF_n0m1/examples/Tilt_comp_6dof_example/Tilt_comp_6dof_example.ino: In function &#39;void loop()&#39;:
/home/ec2-user/arduino-testlib/cli-datadir/user/libraries/Comp6DOF_n0m1/examples/Tilt_comp_6dof_example/Tilt_comp_6dof_example.ino:48:33: error: &#39;class HMC5883L&#39; has no member named &#39;ReadRawAxis&#39;
   MagnetometerRaw raw = compass.ReadRawAxis();
                                 ^

</pre>
					
					<h4>examples/Yaw_Pitch_Roll_6dof_example</h4>
					<p>
						Result: <b>FAIL</b>
					</p>
					<pre class="pre-scrollable">WARNING: library MMA8453_n0m1 claims to run on avr architecture(s) and may be incompatible with your current board which runs on esp32 architecture(s).
WARNING: library Comp6DOF_n0m1 claims to run on avr architecture(s) and may be incompatible with your current board which runs on esp32 architecture(s).
/home/ec2-user/arduino-testlib/cli-datadir/user/libraries/Comp6DOF_n0m1/examples/Yaw_Pitch_Roll_6dof_example/Yaw_Pitch_Roll_6dof_example.ino: In function &#39;void setup()&#39;:
/home/ec2-user/arduino-testlib/cli-datadir/user/libraries/Comp6DOF_n0m1/examples/Yaw_Pitch_Roll_6dof_example/Yaw_Pitch_Roll_6dof_example.ino:31:19: error: &#39;class HMC5883L&#39; has no member named &#39;SetScale&#39;
   error = compass.SetScale(1.3); // Set the scale of the compass.
                   ^
/home/ec2-user/arduino-testlib/cli-datadir/user/libraries/Comp6DOF_n0m1/examples/Yaw_Pitch_Roll_6dof_example/Yaw_Pitch_Roll_6dof_example.ino:33:28: error: &#39;class HMC5883L&#39; has no member named &#39;GetErrorText&#39;
     Serial.println(compass.GetErrorText(error));
                            ^
/home/ec2-user/arduino-testlib/cli-datadir/user/libraries/Comp6DOF_n0m1/examples/Yaw_Pitch_Roll_6dof_example/Yaw_Pitch_Roll_6dof_example.ino:35:19: error: &#39;class HMC5883L&#39; has no member named &#39;SetMeasurementMode&#39;
   error = compass.SetMeasurementMode(Measurement_Continuous); // Set the measurement mode to Continuous
                   ^
/home/ec2-user/arduino-testlib/cli-datadir/user/libraries/Comp6DOF_n0m1/examples/Yaw_Pitch_Roll_6dof_example/Yaw_Pitch_Roll_6dof_example.ino:35:38: error: &#39;Measurement_Continuous&#39; was not declared in this scope
   error = compass.SetMeasurementMode(Measurement_Continuous); // Set the measurement mode to Continuous
                                      ^
/home/ec2-user/arduino-testlib/cli-datadir/user/libraries/Comp6DOF_n0m1/examples/Yaw_Pitch_Roll_6dof_example/Yaw_Pitch_Roll_6dof_example.ino:37:28: error: &#39;class HMC5883L&#39; has no member named &#39;GetErrorText&#39;
     Serial.println(compass.GetErrorText(error));
                            ^
/home/ec2-user/arduino-testlib/cli-datadir/user/libraries/Comp6DOF_n0m1/examples/Yaw_Pitch_Roll_6dof_example/Yaw_Pitch_Roll_6dof_example.ino: In function &#39;void loop()&#39;:
/home/ec2-user/arduino-testlib/cli-datadir/user/libraries/Comp6DOF_n0m1/examples/Yaw_Pitch_Roll_6dof_example/Yaw_Pitch_Roll_6dof_example.ino:65:33: error: &#39;class HMC5883L&#39; has no member named &#39;ReadRawAxis&#39;
   MagnetometerRaw raw = compass.ReadRawAxis();
                                 ^

</pre>
					
				
			</div>
		</div>
	</div>
  </body>
</html>
