
<!doctype html>
<html lang="en">
  <head>
    <meta charset="utf-8">
    <meta name="viewport" content="width=device-width, initial-scale=1">
    <link href="https://cdn.jsdelivr.net/npm/bootstrap@5.0.2/dist/css/bootstrap.min.css" rel="stylesheet" integrity="sha384-EVSTQN3/azprG1Anm3QDgpJLIm9Nao0Yz1ztcQTwFspd3yD65VohhpuuCOmLASjC" crossorigin="anonymous">
    <title>arduino-testlib report</title>
	<style>
	.pass { background-color: #00FF00 !important; }
	.fail { background-color: #FF0000 !important; }
	</style>
  </head>
  <body>
	<div class="container">
		<div class="row">
			<div class="col">
				<h1>Corsair Lighting Protocol - compatibility matrix</h1>
				<p>
					<small>This report was generated on Monday, 21-Feb-22 12:00:25 CET using 
					<a href="https://github.com/alranel/arduino-testlib">arduino-testlib</a>.</small>
				</p>

				<h2>Corsair Lighting Protocol</h2>
				<p>
					Version: <b>0.14.2</b>
					<br />
					<a href="https://www.arduino.cc/reference/en/libraries/corsair-lighting-protocol/">More details</a>
				</p>

				<h2>Compatibility matrix</h2>
				<table class="table table-bordered">
					<tr>
						<th>Board</th>
						<th>Claims compatibility</th>
						<th>Inclusion</th>
						
						<th><pre>CommanderPRO</pre></th>
						
						<th><pre>HoodLoader2CLPBridge</pre></th>
						
						<th><pre>SingleStripLightingNodePRO</pre></th>
						
						<th><pre>AdditionalFeatures</pre></th>
						
						<th><pre>LS100</pre></th>
						
						<th><pre>LT100</pre></th>
						
						<th><pre>LightingNodePRO</pre></th>
						
						<th><pre>MultipleFans</pre></th>
						
						<th><pre>TransformLLFansFormatToStrip</pre></th>
						
						<th><pre>AmbientBacklight</pre></th>
						
						<th><pre>DeviceIDTool</pre></th>
						
						<th><pre>HoodLoader2UnoMegaController</pre></th>
						
						<th><pre>RepeatAndScale</pre></th>
						
						<th><pre>UnitTests</pre></th>
						
						<th><pre>DebugSketch</pre></th>
						
						<th><pre>LightingNodeCORE</pre></th>
						
						<th><pre>NonAddressable</pre></th>
						
					</tr>
					
					<tr>
						<td>
							<a href="#arduino%3aavr%3auno"><b>arduino:avr:uno</b></a>
							<br />
							<small>1.8.4</small>
						</td>

						
							<td>Yes</td>
							<td class="pass">PASS</td>
						
						
						
						

						
							
								
									
										
									
										
									
										
											
											<td class="fail">FAIL</td>
										
									
										
									
										
									
										
									
										
									
										
									
										
									
										
									
										
									
										
									
										
									
										
									
										
									
										
									
										
									
								
							
								
							
								
							
								
							
								
							
						
							
								
									
										
									
										
									
										
									
										
									
										
									
										
											
											<td class="fail">FAIL</td>
										
									
										
									
										
									
										
									
										
									
										
									
										
									
										
									
										
									
										
									
										
									
										
									
								
							
								
							
								
							
								
							
								
							
						
							
								
									
										
									
										
									
										
									
										
									
										
									
										
									
										
									
										
									
										
									
										
									
										
									
										
									
										
									
										
									
										
											
											<td class="fail">FAIL</td>
										
									
										
									
										
									
								
							
								
							
								
							
								
							
								
							
						
							
								
									
										
											
											<td class="fail">FAIL</td>
										
									
										
									
										
									
										
									
										
									
										
									
										
									
										
									
										
									
										
									
										
									
										
									
										
									
										
									
										
									
										
									
										
									
								
							
								
							
								
							
								
							
								
							
						
							
								
									
										
									
										
									
										
									
										
									
										
									
										
									
										
									
										
											
											<td class="fail">FAIL</td>
										
									
										
									
										
									
										
									
										
									
										
									
										
									
										
									
										
									
										
									
								
							
								
							
								
							
								
							
								
							
						
							
								
									
										
									
										
									
										
									
										
									
										
									
										
									
										
									
										
									
										
											
											<td class="fail">FAIL</td>
										
									
										
									
										
									
										
									
										
									
										
									
										
									
										
									
										
									
								
							
								
							
								
							
								
							
								
							
						
							
								
									
										
									
										
									
										
									
										
									
										
									
										
									
										
									
										
									
										
									
										
									
										
											
											<td class="fail">FAIL</td>
										
									
										
									
										
									
										
									
										
									
										
									
										
									
								
							
								
							
								
							
								
							
								
							
						
							
								
									
										
									
										
									
										
									
										
									
										
									
										
									
										
									
										
									
										
									
										
									
										
									
										
											
											<td class="fail">FAIL</td>
										
									
										
									
										
									
										
									
										
									
										
									
								
							
								
							
								
							
								
							
								
							
						
							
								
									
										
									
										
									
										
									
										
									
										
									
										
									
										
									
										
									
										
									
										
									
										
									
										
									
										
									
										
									
										
									
										
											
											<td class="fail">FAIL</td>
										
									
										
									
								
							
								
							
								
							
								
							
								
							
						
							
								
									
										
									
										
											
											<td class="fail">FAIL</td>
										
									
										
									
										
									
										
									
										
									
										
									
										
									
										
									
										
									
										
									
										
									
										
									
										
									
										
									
										
									
										
									
								
							
								
							
								
							
								
							
								
							
						
							
								
									
										
									
										
									
										
									
										
									
										
											<td class="pass">PASS</td>
											
										
									
										
									
										
									
										
									
										
									
										
									
										
									
										
									
										
									
										
									
										
									
										
									
										
									
								
							
								
							
								
							
								
							
								
							
						
							
								
									
										
									
										
									
										
									
										
									
										
									
										
									
										
											<td class="pass">PASS</td>
											
										
									
										
									
										
									
										
									
										
									
										
									
										
									
										
									
										
									
										
									
										
									
								
							
								
							
								
							
								
							
								
							
						
							
								
									
										
									
										
									
										
									
										
									
										
									
										
									
										
									
										
									
										
									
										
									
										
									
										
									
										
									
										
											
											<td class="fail">FAIL</td>
										
									
										
									
										
									
										
									
								
							
								
							
								
							
								
							
								
							
						
							
								
									
										
									
										
									
										
									
										
									
										
									
										
									
										
									
										
									
										
									
										
									
										
									
										
									
										
									
										
									
										
									
										
									
										
											<td class="pass">PASS</td>
											
										
									
								
							
								
							
								
							
								
							
								
							
						
							
								
									
										
									
										
									
										
									
										
											
											<td class="fail">FAIL</td>
										
									
										
									
										
									
										
									
										
									
										
									
										
									
										
									
										
									
										
									
										
									
										
									
										
									
										
									
								
							
								
							
								
							
								
							
								
							
						
							
								
									
										
									
										
									
										
									
										
									
										
									
										
									
										
									
										
									
										
									
										
											
											<td class="fail">FAIL</td>
										
									
										
									
										
									
										
									
										
									
										
									
										
									
										
									
								
							
								
							
								
							
								
							
								
							
						
							
								
									
										
									
										
									
										
									
										
									
										
									
										
									
										
									
										
									
										
									
										
									
										
									
										
									
										
											
											<td class="fail">FAIL</td>
										
									
										
									
										
									
										
									
										
									
								
							
								
							
								
							
								
							
								
							
						
					</tr>
					
					<tr>
						<td>
							<a href="#arduino%3ambed_nano%3ananorp2040connect"><b>arduino:mbed_nano:nanorp2040connect</b></a>
							<br />
							<small>2.7.2</small>
						</td>

						
						
						
						
							<td>No</td>
							<td class="fail">FAIL</td>
						

						
							
								
							
								
									
										
									
										
									
										
											
											<td class="fail">FAIL</td>
										
									
										
									
										
									
										
									
										
									
										
									
										
									
										
									
										
									
										
									
										
									
										
									
										
									
										
									
										
									
								
							
								
							
								
							
								
							
						
							
								
							
								
									
										
									
										
									
										
									
										
									
										
									
										
											
											<td class="fail">FAIL</td>
										
									
										
									
										
									
										
									
										
									
										
									
										
									
										
									
										
									
										
									
										
									
										
									
								
							
								
							
								
							
								
							
						
							
								
							
								
									
										
									
										
									
										
									
										
									
										
									
										
									
										
									
										
									
										
									
										
									
										
									
										
									
										
									
										
									
										
											
											<td class="fail">FAIL</td>
										
									
										
									
										
									
								
							
								
							
								
							
								
							
						
							
								
							
								
									
										
											
											<td class="fail">FAIL</td>
										
									
										
									
										
									
										
									
										
									
										
									
										
									
										
									
										
									
										
									
										
									
										
									
										
									
										
									
										
									
										
									
										
									
								
							
								
							
								
							
								
							
						
							
								
							
								
									
										
									
										
									
										
									
										
									
										
									
										
									
										
									
										
											
											<td class="fail">FAIL</td>
										
									
										
									
										
									
										
									
										
									
										
									
										
									
										
									
										
									
										
									
								
							
								
							
								
							
								
							
						
							
								
							
								
									
										
									
										
									
										
									
										
									
										
									
										
									
										
									
										
									
										
											
											<td class="fail">FAIL</td>
										
									
										
									
										
									
										
									
										
									
										
									
										
									
										
									
										
									
								
							
								
							
								
							
								
							
						
							
								
							
								
									
										
									
										
									
										
									
										
									
										
									
										
									
										
									
										
									
										
									
										
									
										
											
											<td class="fail">FAIL</td>
										
									
										
									
										
									
										
									
										
									
										
									
										
									
								
							
								
							
								
							
								
							
						
							
								
							
								
									
										
									
										
									
										
									
										
									
										
									
										
									
										
									
										
									
										
									
										
									
										
									
										
											
											<td class="fail">FAIL</td>
										
									
										
									
										
									
										
									
										
									
										
									
								
							
								
							
								
							
								
							
						
							
								
							
								
									
										
									
										
									
										
									
										
									
										
									
										
									
										
									
										
									
										
									
										
									
										
									
										
									
										
									
										
									
										
									
										
											
											<td class="fail">FAIL</td>
										
									
										
									
								
							
								
							
								
							
								
							
						
							
								
							
								
									
										
									
										
											
											<td class="fail">FAIL</td>
										
									
										
									
										
									
										
									
										
									
										
									
										
									
										
									
										
									
										
									
										
									
										
									
										
									
										
									
										
									
										
									
								
							
								
							
								
							
								
							
						
							
								
							
								
									
										
									
										
									
										
									
										
									
										
											
											<td class="fail">FAIL</td>
										
									
										
									
										
									
										
									
										
									
										
									
										
									
										
									
										
									
										
									
										
									
										
									
										
									
								
							
								
							
								
							
								
							
						
							
								
							
								
									
										
									
										
									
										
									
										
									
										
									
										
									
										
											
											<td class="fail">FAIL</td>
										
									
										
									
										
									
										
									
										
									
										
									
										
									
										
									
										
									
										
									
										
									
								
							
								
							
								
							
								
							
						
							
								
							
								
									
										
									
										
									
										
									
										
									
										
									
										
									
										
									
										
									
										
									
										
									
										
									
										
									
										
									
										
											
											<td class="fail">FAIL</td>
										
									
										
									
										
									
										
									
								
							
								
							
								
							
								
							
						
							
								
							
								
									
										
									
										
									
										
									
										
									
										
									
										
									
										
									
										
									
										
									
										
									
										
									
										
									
										
									
										
									
										
									
										
									
										
											
											<td class="fail">FAIL</td>
										
									
								
							
								
							
								
							
								
							
						
							
								
							
								
									
										
									
										
									
										
									
										
											
											<td class="fail">FAIL</td>
										
									
										
									
										
									
										
									
										
									
										
									
										
									
										
									
										
									
										
									
										
									
										
									
										
									
										
									
								
							
								
							
								
							
								
							
						
							
								
							
								
									
										
									
										
									
										
									
										
									
										
									
										
									
										
									
										
									
										
									
										
											
											<td class="fail">FAIL</td>
										
									
										
									
										
									
										
									
										
									
										
									
										
									
										
									
								
							
								
							
								
							
								
							
						
							
								
							
								
									
										
									
										
									
										
									
										
									
										
									
										
									
										
									
										
									
										
									
										
									
										
									
										
									
										
											
											<td class="fail">FAIL</td>
										
									
										
									
										
									
										
									
										
									
								
							
								
							
								
							
								
							
						
					</tr>
					
					<tr>
						<td>
							<a href="#arduino%3amegaavr%3anona4809"><b>arduino:megaavr:nona4809</b></a>
							<br />
							<small>1.8.7</small>
						</td>

						
						
							<td>No ⚠️</td>
							<td class="pass">PASS</td>
						
						
						

						
							
								
							
								
							
								
									
										
									
										
									
										
											
											<td class="fail">FAIL</td>
										
									
										
									
										
									
										
									
										
									
										
									
										
									
										
									
										
									
										
									
										
									
										
									
										
									
										
									
										
									
								
							
								
							
								
							
						
							
								
							
								
							
								
									
										
									
										
									
										
									
										
									
										
									
										
											
											<td class="fail">FAIL</td>
										
									
										
									
										
									
										
									
										
									
										
									
										
									
										
									
										
									
										
									
										
									
										
									
								
							
								
							
								
							
						
							
								
							
								
							
								
									
										
									
										
									
										
									
										
									
										
									
										
									
										
									
										
									
										
									
										
									
										
									
										
									
										
									
										
									
										
											
											<td class="fail">FAIL</td>
										
									
										
									
										
									
								
							
								
							
								
							
						
							
								
							
								
							
								
									
										
											
											<td class="fail">FAIL</td>
										
									
										
									
										
									
										
									
										
									
										
									
										
									
										
									
										
									
										
									
										
									
										
									
										
									
										
									
										
									
										
									
										
									
								
							
								
							
								
							
						
							
								
							
								
							
								
									
										
									
										
									
										
									
										
									
										
									
										
									
										
									
										
											
											<td class="fail">FAIL</td>
										
									
										
									
										
									
										
									
										
									
										
									
										
									
										
									
										
									
										
									
								
							
								
							
								
							
						
							
								
							
								
							
								
									
										
									
										
									
										
									
										
									
										
									
										
									
										
									
										
									
										
											
											<td class="fail">FAIL</td>
										
									
										
									
										
									
										
									
										
									
										
									
										
									
										
									
										
									
								
							
								
							
								
							
						
							
								
							
								
							
								
									
										
									
										
									
										
									
										
									
										
									
										
									
										
									
										
									
										
									
										
									
										
											
											<td class="fail">FAIL</td>
										
									
										
									
										
									
										
									
										
									
										
									
										
									
								
							
								
							
								
							
						
							
								
							
								
							
								
									
										
									
										
									
										
									
										
									
										
									
										
									
										
									
										
									
										
									
										
									
										
									
										
											
											<td class="fail">FAIL</td>
										
									
										
									
										
									
										
									
										
									
										
									
								
							
								
							
								
							
						
							
								
							
								
							
								
									
										
									
										
									
										
									
										
									
										
									
										
									
										
									
										
									
										
									
										
									
										
									
										
									
										
									
										
									
										
									
										
											
											<td class="fail">FAIL</td>
										
									
										
									
								
							
								
							
								
							
						
							
								
							
								
							
								
									
										
									
										
											
											<td class="fail">FAIL</td>
										
									
										
									
										
									
										
									
										
									
										
									
										
									
										
									
										
									
										
									
										
									
										
									
										
									
										
									
										
									
										
									
								
							
								
							
								
							
						
							
								
							
								
							
								
									
										
									
										
									
										
									
										
									
										
											<td class="pass">PASS</td>
											
										
									
										
									
										
									
										
									
										
									
										
									
										
									
										
									
										
									
										
									
										
									
										
									
										
									
								
							
								
							
								
							
						
							
								
							
								
							
								
									
										
									
										
									
										
									
										
									
										
									
										
									
										
											<td class="pass">PASS</td>
											
										
									
										
									
										
									
										
									
										
									
										
									
										
									
										
									
										
									
										
									
										
									
								
							
								
							
								
							
						
							
								
							
								
							
								
									
										
									
										
									
										
									
										
									
										
									
										
									
										
									
										
									
										
									
										
									
										
									
										
									
										
									
										
											
											<td class="fail">FAIL</td>
										
									
										
									
										
									
										
									
								
							
								
							
								
							
						
							
								
							
								
							
								
									
										
									
										
									
										
									
										
									
										
									
										
									
										
									
										
									
										
									
										
									
										
									
										
									
										
									
										
									
										
									
										
									
										
											
											<td class="fail">FAIL</td>
										
									
								
							
								
							
								
							
						
							
								
							
								
							
								
									
										
									
										
									
										
									
										
											
											<td class="fail">FAIL</td>
										
									
										
									
										
									
										
									
										
									
										
									
										
									
										
									
										
									
										
									
										
									
										
									
										
									
										
									
								
							
								
							
								
							
						
							
								
							
								
							
								
									
										
									
										
									
										
									
										
									
										
									
										
									
										
									
										
									
										
									
										
											
											<td class="fail">FAIL</td>
										
									
										
									
										
									
										
									
										
									
										
									
										
									
										
									
								
							
								
							
								
							
						
							
								
							
								
							
								
									
										
									
										
									
										
									
										
									
										
									
										
									
										
									
										
									
										
									
										
									
										
									
										
									
										
											
											<td class="fail">FAIL</td>
										
									
										
									
										
									
										
									
										
									
								
							
								
							
								
							
						
					</tr>
					
					<tr>
						<td>
							<a href="#arduino%3asamd%3amkrwifi1010"><b>arduino:samd:mkrwifi1010</b></a>
							<br />
							<small>1.8.12</small>
						</td>

						
						
						
						
							<td>No</td>
							<td class="fail">FAIL</td>
						

						
							
								
							
								
							
								
							
								
									
										
									
										
									
										
											
											<td class="fail">FAIL</td>
										
									
										
									
										
									
										
									
										
									
										
									
										
									
										
									
										
									
										
									
										
									
										
									
										
									
										
									
										
									
								
							
								
							
						
							
								
							
								
							
								
							
								
									
										
									
										
									
										
									
										
									
										
									
										
											
											<td class="fail">FAIL</td>
										
									
										
									
										
									
										
									
										
									
										
									
										
									
										
									
										
									
										
									
										
									
										
									
								
							
								
							
						
							
								
							
								
							
								
							
								
									
										
									
										
									
										
									
										
									
										
									
										
									
										
									
										
									
										
									
										
									
										
									
										
									
										
									
										
									
										
											
											<td class="fail">FAIL</td>
										
									
										
									
										
									
								
							
								
							
						
							
								
							
								
							
								
							
								
									
										
											
											<td class="fail">FAIL</td>
										
									
										
									
										
									
										
									
										
									
										
									
										
									
										
									
										
									
										
									
										
									
										
									
										
									
										
									
										
									
										
									
										
									
								
							
								
							
						
							
								
							
								
							
								
							
								
									
										
									
										
									
										
									
										
									
										
									
										
									
										
									
										
											
											<td class="fail">FAIL</td>
										
									
										
									
										
									
										
									
										
									
										
									
										
									
										
									
										
									
										
									
								
							
								
							
						
							
								
							
								
							
								
							
								
									
										
									
										
									
										
									
										
									
										
									
										
									
										
									
										
									
										
											
											<td class="fail">FAIL</td>
										
									
										
									
										
									
										
									
										
									
										
									
										
									
										
									
										
									
								
							
								
							
						
							
								
							
								
							
								
							
								
									
										
									
										
									
										
									
										
									
										
									
										
									
										
									
										
									
										
									
										
									
										
											
											<td class="fail">FAIL</td>
										
									
										
									
										
									
										
									
										
									
										
									
										
									
								
							
								
							
						
							
								
							
								
							
								
							
								
									
										
									
										
									
										
									
										
									
										
									
										
									
										
									
										
									
										
									
										
									
										
									
										
											
											<td class="fail">FAIL</td>
										
									
										
									
										
									
										
									
										
									
										
									
								
							
								
							
						
							
								
							
								
							
								
							
								
									
										
									
										
									
										
									
										
									
										
									
										
									
										
									
										
									
										
									
										
									
										
									
										
									
										
									
										
									
										
									
										
											
											<td class="fail">FAIL</td>
										
									
										
									
								
							
								
							
						
							
								
							
								
							
								
							
								
									
										
									
										
											
											<td class="fail">FAIL</td>
										
									
										
									
										
									
										
									
										
									
										
									
										
									
										
									
										
									
										
									
										
									
										
									
										
									
										
									
										
									
										
									
								
							
								
							
						
							
								
							
								
							
								
							
								
									
										
									
										
									
										
									
										
									
										
											
											<td class="fail">FAIL</td>
										
									
										
									
										
									
										
									
										
									
										
									
										
									
										
									
										
									
										
									
										
									
										
									
										
									
								
							
								
							
						
							
								
							
								
							
								
							
								
									
										
									
										
									
										
									
										
									
										
									
										
									
										
											
											<td class="fail">FAIL</td>
										
									
										
									
										
									
										
									
										
									
										
									
										
									
										
									
										
									
										
									
										
									
								
							
								
							
						
							
								
							
								
							
								
							
								
									
										
									
										
									
										
									
										
									
										
									
										
									
										
									
										
									
										
									
										
									
										
									
										
									
										
									
										
											
											<td class="fail">FAIL</td>
										
									
										
									
										
									
										
									
								
							
								
							
						
							
								
							
								
							
								
							
								
									
										
									
										
									
										
									
										
									
										
									
										
									
										
									
										
									
										
									
										
									
										
									
										
									
										
									
										
									
										
									
										
									
										
											
											<td class="fail">FAIL</td>
										
									
								
							
								
							
						
							
								
							
								
							
								
							
								
									
										
									
										
									
										
									
										
											
											<td class="fail">FAIL</td>
										
									
										
									
										
									
										
									
										
									
										
									
										
									
										
									
										
									
										
									
										
									
										
									
										
									
										
									
								
							
								
							
						
							
								
							
								
							
								
							
								
									
										
									
										
									
										
									
										
									
										
									
										
									
										
									
										
									
										
									
										
											
											<td class="fail">FAIL</td>
										
									
										
									
										
									
										
									
										
									
										
									
										
									
										
									
								
							
								
							
						
							
								
							
								
							
								
							
								
									
										
									
										
									
										
									
										
									
										
									
										
									
										
									
										
									
										
									
										
									
										
									
										
									
										
											
											<td class="fail">FAIL</td>
										
									
										
									
										
									
										
									
										
									
								
							
								
							
						
					</tr>
					
					<tr>
						<td>
							<a href="#esp32%3aesp32%3ad1_mini32"><b>esp32:esp32:d1_mini32</b></a>
							<br />
							<small>1.0.6</small>
						</td>

						
						
							<td>No ⚠️</td>
							<td class="pass">PASS</td>
						
						
						

						
							
								
							
								
							
								
							
								
							
								
									
										
									
										
									
										
											
											<td class="fail">FAIL</td>
										
									
										
									
										
									
										
									
										
									
										
									
										
									
										
									
										
									
										
									
										
									
										
									
										
									
										
									
										
									
								
							
						
							
								
							
								
							
								
							
								
							
								
									
										
									
										
									
										
									
										
									
										
									
										
											
											<td class="fail">FAIL</td>
										
									
										
									
										
									
										
									
										
									
										
									
										
									
										
									
										
									
										
									
										
									
										
									
								
							
						
							
								
							
								
							
								
							
								
							
								
									
										
									
										
									
										
									
										
									
										
									
										
									
										
									
										
									
										
									
										
									
										
									
										
									
										
									
										
									
										
											
											<td class="fail">FAIL</td>
										
									
										
									
										
									
								
							
						
							
								
							
								
							
								
							
								
							
								
									
										
											
											<td class="fail">FAIL</td>
										
									
										
									
										
									
										
									
										
									
										
									
										
									
										
									
										
									
										
									
										
									
										
									
										
									
										
									
										
									
										
									
										
									
								
							
						
							
								
							
								
							
								
							
								
							
								
									
										
									
										
									
										
									
										
									
										
									
										
									
										
									
										
											
											<td class="fail">FAIL</td>
										
									
										
									
										
									
										
									
										
									
										
									
										
									
										
									
										
									
										
									
								
							
						
							
								
							
								
							
								
							
								
							
								
									
										
									
										
									
										
									
										
									
										
									
										
									
										
									
										
									
										
											
											<td class="fail">FAIL</td>
										
									
										
									
										
									
										
									
										
									
										
									
										
									
										
									
										
									
								
							
						
							
								
							
								
							
								
							
								
							
								
									
										
									
										
									
										
									
										
									
										
									
										
									
										
									
										
									
										
									
										
									
										
											
											<td class="fail">FAIL</td>
										
									
										
									
										
									
										
									
										
									
										
									
										
									
								
							
						
							
								
							
								
							
								
							
								
							
								
									
										
									
										
									
										
									
										
									
										
									
										
									
										
									
										
									
										
									
										
									
										
									
										
											
											<td class="fail">FAIL</td>
										
									
										
									
										
									
										
									
										
									
										
									
								
							
						
							
								
							
								
							
								
							
								
							
								
									
										
									
										
									
										
									
										
									
										
									
										
									
										
									
										
									
										
									
										
									
										
									
										
									
										
									
										
									
										
									
										
											
											<td class="fail">FAIL</td>
										
									
										
									
								
							
						
							
								
							
								
							
								
							
								
							
								
									
										
									
										
											
											<td class="fail">FAIL</td>
										
									
										
									
										
									
										
									
										
									
										
									
										
									
										
									
										
									
										
									
										
									
										
									
										
									
										
									
										
									
										
									
								
							
						
							
								
							
								
							
								
							
								
							
								
									
										
									
										
									
										
									
										
									
										
											<td class="pass">PASS</td>
											
										
									
										
									
										
									
										
									
										
									
										
									
										
									
										
									
										
									
										
									
										
									
										
									
										
									
								
							
						
							
								
							
								
							
								
							
								
							
								
									
										
									
										
									
										
									
										
									
										
									
										
									
										
											<td class="pass">PASS</td>
											
										
									
										
									
										
									
										
									
										
									
										
									
										
									
										
									
										
									
										
									
										
									
								
							
						
							
								
							
								
							
								
							
								
							
								
									
										
									
										
									
										
									
										
									
										
									
										
									
										
									
										
									
										
									
										
									
										
									
										
									
										
									
										
											
											<td class="fail">FAIL</td>
										
									
										
									
										
									
										
									
								
							
						
							
								
							
								
							
								
							
								
							
								
									
										
									
										
									
										
									
										
									
										
									
										
									
										
									
										
									
										
									
										
									
										
									
										
									
										
									
										
									
										
									
										
									
										
											<td class="pass">PASS</td>
											
										
									
								
							
						
							
								
							
								
							
								
							
								
							
								
									
										
									
										
									
										
									
										
											
											<td class="fail">FAIL</td>
										
									
										
									
										
									
										
									
										
									
										
									
										
									
										
									
										
									
										
									
										
									
										
									
										
									
										
									
								
							
						
							
								
							
								
							
								
							
								
							
								
									
										
									
										
									
										
									
										
									
										
									
										
									
										
									
										
									
										
									
										
											
											<td class="fail">FAIL</td>
										
									
										
									
										
									
										
									
										
									
										
									
										
									
										
									
								
							
						
							
								
							
								
							
								
							
								
							
								
									
										
									
										
									
										
									
										
									
										
									
										
									
										
									
										
									
										
									
										
									
										
									
										
									
										
											
											<td class="fail">FAIL</td>
										
									
										
									
										
									
										
									
										
									
								
							
						
					</tr>
					
				</table>

				<h2>Compilation logs</h2>
				
				<h3 id="arduino:avr:uno">arduino:avr:uno @ 1.8.4</h3>
				<h4>Inclusion</h4>
				<p>
					Result: <b>PASS</b>
					
					<br />This library has no main header file so an empty one was created.
					
				</p>
				<pre class="pre-scrollable">Sketch uses 1362 bytes (4%) of program storage space. Maximum is 32256 bytes.
Global variables use 197 bytes (9%) of dynamic memory, leaving 1851 bytes for local variables. Maximum is 2048 bytes.
</pre>

					
					<h4>examples/AdditionalFeatures</h4>
					<p>
						Result: <b>FAIL</b>
					</p>
					<pre class="pre-scrollable">/Users/alranel/Documents/git/arduino/arduino-testlib/cli-datadir/user/libraries/Corsair_Lighting_Protocol/examples/AdditionalFeatures/AdditionalFeatures.ino:32:1: error: &#39;CorsairLightingProtocolHID&#39; does not name a type; did you mean &#39;CorsairLightingProtocolSerial&#39;?
 CorsairLightingProtocolHID cHID(&amp;cLP, mySerialNumber);
 ^~~~~~~~~~~~~~~~~~~~~~~~~~
 CorsairLightingProtocolSerial
/Users/alranel/Documents/git/arduino/arduino-testlib/cli-datadir/user/libraries/Corsair_Lighting_Protocol/examples/AdditionalFeatures/AdditionalFeatures.ino: In function &#39;void loop()&#39;:
/Users/alranel/Documents/git/arduino/arduino-testlib/cli-datadir/user/libraries/Corsair_Lighting_Protocol/examples/AdditionalFeatures/AdditionalFeatures.ino:51:2: error: &#39;cHID&#39; was not declared in this scope
  cHID.update();
  ^~~~
/Users/alranel/Documents/git/arduino/arduino-testlib/cli-datadir/user/libraries/Corsair_Lighting_Protocol/examples/AdditionalFeatures/AdditionalFeatures.ino:51:2: note: suggested alternative: &#39;HI1&#39;
  cHID.update();
  ^~~~
  HI1
Multiple libraries were found for &#34;EEPROM.h&#34;
  Used: /Users/alranel/Documents/git/arduino/arduino-testlib/cli-datadir/data/packages/arduino/hardware/avr/1.8.4/libraries/EEPROM
  Not used: /Users/alranel/Documents/git/arduino/arduino-testlib/cli-datadir/user/libraries/arduino-NVM
  Not used: /Users/alranel/Documents/git/arduino/arduino-testlib/cli-datadir/user/libraries/Hello_Drum
</pre>
					
					<h4>examples/AmbientBacklight</h4>
					<p>
						Result: <b>FAIL</b>
					</p>
					<pre class="pre-scrollable">/Users/alranel/Documents/git/arduino/arduino-testlib/cli-datadir/user/libraries/Corsair_Lighting_Protocol/examples/AmbientBacklight/AmbientBacklight.ino:29:1: error: &#39;CorsairLightingProtocolHID&#39; does not name a type; did you mean &#39;CorsairLightingProtocolSerial&#39;?
 CorsairLightingProtocolHID cHID(&amp;cLP);
 ^~~~~~~~~~~~~~~~~~~~~~~~~~
 CorsairLightingProtocolSerial
/Users/alranel/Documents/git/arduino/arduino-testlib/cli-datadir/user/libraries/Corsair_Lighting_Protocol/examples/AmbientBacklight/AmbientBacklight.ino: In function &#39;void loop()&#39;:
/Users/alranel/Documents/git/arduino/arduino-testlib/cli-datadir/user/libraries/Corsair_Lighting_Protocol/examples/AmbientBacklight/AmbientBacklight.ino:46:2: error: &#39;cHID&#39; was not declared in this scope
  cHID.update();
  ^~~~
/Users/alranel/Documents/git/arduino/arduino-testlib/cli-datadir/user/libraries/Corsair_Lighting_Protocol/examples/AmbientBacklight/AmbientBacklight.ino:46:2: note: suggested alternative: &#39;HI1&#39;
  cHID.update();
  ^~~~
  HI1
Multiple libraries were found for &#34;EEPROM.h&#34;
  Used: /Users/alranel/Documents/git/arduino/arduino-testlib/cli-datadir/data/packages/arduino/hardware/avr/1.8.4/libraries/EEPROM
  Not used: /Users/alranel/Documents/git/arduino/arduino-testlib/cli-datadir/user/libraries/Hello_Drum
  Not used: /Users/alranel/Documents/git/arduino/arduino-testlib/cli-datadir/user/libraries/arduino-NVM
</pre>
					
					<h4>examples/CommanderPRO</h4>
					<p>
						Result: <b>FAIL</b>
					</p>
					<pre class="pre-scrollable">/Users/alranel/Documents/git/arduino/arduino-testlib/cli-datadir/user/libraries/Corsair_Lighting_Protocol/examples/CommanderPRO/PWMFan.cpp: In constructor &#39;PWMFan::PWMFan(uint8_t, uint16_t, uint16_t)&#39;:
/Users/alranel/Documents/git/arduino/arduino-testlib/cli-datadir/user/libraries/Corsair_Lighting_Protocol/examples/CommanderPRO/PWMFan.cpp:29:4: error: /Users/alranel/Documents/git/arduino/arduino-testlib/cli-datadir/user/libraries/Corsair_Lighting_Protocol/examples/CommanderPRO/CommanderPRO.ino: In function &#39;void setup()&#39;:
/Users/alranel/Documents/git/arduino/arduino-testlib/cli-datadir/user/libraries/Corsair_Lighting_Protocol/examples/CommanderPRO/CommanderPRO.ino:26:27: error: &#39;A8&#39; was not declared in this scope
 #define TEMP_SENSOR_PIN_2 A8
                           ^
/Users/alranel/Documents/git/arduino/arduino-testlib/cli-datadir/user/libraries/Corsair_Lighting_Protocol/examples/CommanderPRO/CommanderPRO.ino:59:37: note: in expansion of macro &#39;TEMP_SENSOR_PIN_2&#39;
  temperatureController.addSensor(1, TEMP_SENSOR_PIN_2);
                                     ^~~~~~~~~~~~~~~~~
/Users/alranel/Documents/git/arduino/arduino-testlib/cli-datadir/user/libraries/Corsair_Lighting_Protocol/examples/CommanderPRO/CommanderPRO.ino:26:27: note: suggested alternative: &#39;A7&#39;
 #define TEMP_SENSOR_PIN_2 A8
                           ^
/Users/alranel/Documents/git/arduino/arduino-testlib/cli-datadir/user/libraries/Corsair_Lighting_Protocol/examples/CommanderPRO/CommanderPRO.ino:59:37: note: in expansion of macro &#39;TEMP_SENSOR_PIN_2&#39;
  temperatureController.addSensor(1, TEMP_SENSOR_PIN_2);
                                     ^~~~~~~~~~~~~~~~~
/Users/alranel/Documents/git/arduino/arduino-testlib/cli-datadir/user/libraries/Corsair_Lighting_Protocol/examples/CommanderPRO/CommanderPRO.ino: In function &#39;void loop()&#39;:
/Users/alranel/Documents/git/arduino/arduino-testlib/cli-datadir/user/libraries/Corsair_Lighting_Protocol/examples/CommanderPRO/CommanderPRO.ino:67:2: error: &#39;cHID&#39; was not declared in this scope
  cHID.update();
  ^~~~
/Users/alranel/Documents/git/arduino/arduino-testlib/cli-datadir/user/libraries/Corsair_Lighting_Protocol/examples/CommanderPRO/CommanderPRO.ino:67:2: note: suggested alternative: &#39;HI1&#39;
  cHID.update();
  ^~~~
  HI1
Multiple libraries were found for &#34;EEPROM.h&#34;
  Used: /Users/alranel/Documents/git/arduino/arduino-testlib/cli-datadir/data/packages/arduino/hardware/avr/1.8.4/libraries/EEPROM
  Not used: /Users/alranel/Documents/git/arduino/arduino-testlib/cli-datadir/user/libraries/arduino-NVM
  Not used: /Users/alranel/Documents/git/arduino/arduino-testlib/cli-datadir/user/libraries/Hello_Drum
</pre>
					
					<h4>examples/DebugSketch</h4>
					<p>
						Result: <b>FAIL</b>
					</p>
					<pre class="pre-scrollable">/Users/alranel/Documents/git/arduino/arduino-testlib/cli-datadir/user/libraries/Corsair_Lighting_Protocol/examples/DebugSketch/DebugSketch.ino:27:1: error: &#39;CorsairLightingProtocolHID&#39; does not name a type; did you mean &#39;CorsairLightingProtocolSerial&#39;?
 CorsairLightingProtocolHID cLPS(&amp;cLP);
 ^~~~~~~~~~~~~~~~~~~~~~~~~~
 CorsairLightingProtocolSerial
/Users/alranel/Documents/git/arduino/arduino-testlib/cli-datadir/user/libraries/Corsair_Lighting_Protocol/examples/DebugSketch/DebugSketch.ino:32:18: error: &#39;PRINT_LOOP&#39; was not declared in this scope
 bool printLoop = PRINT_LOOP;
                  ^~~~~~~~~~
/Users/alranel/Documents/git/arduino/arduino-testlib/cli-datadir/user/libraries/Corsair_Lighting_Protocol/examples/DebugSketch/DebugSketch.ino:33:20: error: &#39;PRINT_UPDATE&#39; was not declared in this scope
 bool printUpdate = PRINT_UPDATE;
                    ^~~~~~~~~~~~
/Users/alranel/Documents/git/arduino/arduino-testlib/cli-datadir/user/libraries/Corsair_Lighting_Protocol/examples/DebugSketch/DebugSketch.ino: In function &#39;void loop()&#39;:
/Users/alranel/Documents/git/arduino/arduino-testlib/cli-datadir/user/libraries/Corsair_Lighting_Protocol/examples/DebugSketch/DebugSketch.ino:46:2: error: &#39;cLPS&#39; was not declared in this scope
  cLPS.update();
  ^~~~
/Users/alranel/Documents/git/arduino/arduino-testlib/cli-datadir/user/libraries/Corsair_Lighting_Protocol/examples/DebugSketch/DebugSketch.ino:46:2: note: suggested alternative: &#39;cLP&#39;
  cLPS.update();
  ^~~~
  cLP
Multiple libraries were found for &#34;EEPROM.h&#34;
  Used: /Users/alranel/Documents/git/arduino/arduino-testlib/cli-datadir/data/packages/arduino/hardware/avr/1.8.4/libraries/EEPROM
  Not used: /Users/alranel/Documents/git/arduino/arduino-testlib/cli-datadir/user/libraries/arduino-NVM
  Not used: /Users/alranel/Documents/git/arduino/arduino-testlib/cli-datadir/user/libraries/Hello_Drum
</pre>
					
					<h4>examples/DeviceIDTool</h4>
					<p>
						Result: <b>PASS</b>
					</p>
					<pre class="pre-scrollable">Sketch uses 6210 bytes (19%) of program storage space. Maximum is 32256 bytes.
Global variables use 218 bytes (10%) of dynamic memory, leaving 1830 bytes for local variables. Maximum is 2048 bytes.
</pre>
					
					<h4>examples/HoodLoader2CLPBridge</h4>
					<p>
						Result: <b>FAIL</b>
					</p>
					<pre class="pre-scrollable">Multiple libraries were found for &#34;EEPROM.h&#34;
  Used: /Users/alranel/Documents/git/arduino/arduino-testlib/cli-datadir/data/packages/arduino/hardware/avr/1.8.4/libraries/EEPROM
  Not used: /Users/alranel/Documents/git/arduino/arduino-testlib/cli-datadir/user/libraries/arduino-NVM
  Not used: /Users/alranel/Documents/git/arduino/arduino-testlib/cli-datadir/user/libraries/Hello_Drum
</pre>
					
					<h4>examples/HoodLoader2UnoMegaController</h4>
					<p>
						Result: <b>PASS</b>
					</p>
					<pre class="pre-scrollable">Sketch uses 17058 bytes (52%) of program storage space. Maximum is 32256 bytes.
Global variables use 1189 bytes (58%) of dynamic memory, leaving 859 bytes for local variables. Maximum is 2048 bytes.
</pre>
					
					<h4>examples/LS100</h4>
					<p>
						Result: <b>FAIL</b>
					</p>
					<pre class="pre-scrollable">/Users/alranel/Documents/git/arduino/arduino-testlib/cli-datadir/user/libraries/Corsair_Lighting_Protocol/examples/LS100/LS100.ino:32:1: error: &#39;CorsairLightingProtocolHID&#39; does not name a type; did you mean &#39;CorsairLightingProtocolSerial&#39;?
 CorsairLightingProtocolHID cHID(&amp;cLP);
 ^~~~~~~~~~~~~~~~~~~~~~~~~~
 CorsairLightingProtocolSerial
/Users/alranel/Documents/git/arduino/arduino-testlib/cli-datadir/user/libraries/Corsair_Lighting_Protocol/examples/LS100/LS100.ino: In function &#39;void loop()&#39;:
/Users/alranel/Documents/git/arduino/arduino-testlib/cli-datadir/user/libraries/Corsair_Lighting_Protocol/examples/LS100/LS100.ino:44:2: error: &#39;cHID&#39; was not declared in this scope
  cHID.update();
  ^~~~
/Users/alranel/Documents/git/arduino/arduino-testlib/cli-datadir/user/libraries/Corsair_Lighting_Protocol/examples/LS100/LS100.ino:44:2: note: suggested alternative: &#39;HI1&#39;
  cHID.update();
  ^~~~
  HI1
Multiple libraries were found for &#34;EEPROM.h&#34;
  Used: /Users/alranel/Documents/git/arduino/arduino-testlib/cli-datadir/data/packages/arduino/hardware/avr/1.8.4/libraries/EEPROM
  Not used: /Users/alranel/Documents/git/arduino/arduino-testlib/cli-datadir/user/libraries/Hello_Drum
  Not used: /Users/alranel/Documents/git/arduino/arduino-testlib/cli-datadir/user/libraries/arduino-NVM
</pre>
					
					<h4>examples/LT100</h4>
					<p>
						Result: <b>FAIL</b>
					</p>
					<pre class="pre-scrollable">/Users/alranel/Documents/git/arduino/arduino-testlib/cli-datadir/user/libraries/Corsair_Lighting_Protocol/examples/LT100/LT100.ino:26:1: error: &#39;CorsairLightingProtocolHID&#39; does not name a type; did you mean &#39;CorsairLightingProtocolSerial&#39;?
 CorsairLightingProtocolHID cHID(&amp;cLP);
 ^~~~~~~~~~~~~~~~~~~~~~~~~~
 CorsairLightingProtocolSerial
/Users/alranel/Documents/git/arduino/arduino-testlib/cli-datadir/user/libraries/Corsair_Lighting_Protocol/examples/LT100/LT100.ino: In function &#39;void loop()&#39;:
/Users/alranel/Documents/git/arduino/arduino-testlib/cli-datadir/user/libraries/Corsair_Lighting_Protocol/examples/LT100/LT100.ino:34:2: error: &#39;cHID&#39; was not declared in this scope
  cHID.update();
  ^~~~
/Users/alranel/Documents/git/arduino/arduino-testlib/cli-datadir/user/libraries/Corsair_Lighting_Protocol/examples/LT100/LT100.ino:34:2: note: suggested alternative: &#39;HI1&#39;
  cHID.update();
  ^~~~
  HI1
Multiple libraries were found for &#34;EEPROM.h&#34;
  Used: /Users/alranel/Documents/git/arduino/arduino-testlib/cli-datadir/data/packages/arduino/hardware/avr/1.8.4/libraries/EEPROM
  Not used: /Users/alranel/Documents/git/arduino/arduino-testlib/cli-datadir/user/libraries/arduino-NVM
  Not used: /Users/alranel/Documents/git/arduino/arduino-testlib/cli-datadir/user/libraries/Hello_Drum
</pre>
					
					<h4>examples/LightingNodeCORE</h4>
					<p>
						Result: <b>FAIL</b>
					</p>
					<pre class="pre-scrollable">/Users/alranel/Documents/git/arduino/arduino-testlib/cli-datadir/user/libraries/Corsair_Lighting_Protocol/examples/LightingNodeCORE/LightingNodeCORE.ino:26:1: error: &#39;CorsairLightingProtocolHID&#39; does not name a type; did you mean &#39;CorsairLightingProtocolSerial&#39;?
 CorsairLightingProtocolHID cHID(&amp;cLP);
 ^~~~~~~~~~~~~~~~~~~~~~~~~~
 CorsairLightingProtocolSerial
/Users/alranel/Documents/git/arduino/arduino-testlib/cli-datadir/user/libraries/Corsair_Lighting_Protocol/examples/LightingNodeCORE/LightingNodeCORE.ino: In function &#39;void loop()&#39;:
/Users/alranel/Documents/git/arduino/arduino-testlib/cli-datadir/user/libraries/Corsair_Lighting_Protocol/examples/LightingNodeCORE/LightingNodeCORE.ino:34:2: error: &#39;cHID&#39; was not declared in this scope
  cHID.update();
  ^~~~
/Users/alranel/Documents/git/arduino/arduino-testlib/cli-datadir/user/libraries/Corsair_Lighting_Protocol/examples/LightingNodeCORE/LightingNodeCORE.ino:34:2: note: suggested alternative: &#39;HI1&#39;
  cHID.update();
  ^~~~
  HI1
Multiple libraries were found for &#34;EEPROM.h&#34;
  Used: /Users/alranel/Documents/git/arduino/arduino-testlib/cli-datadir/data/packages/arduino/hardware/avr/1.8.4/libraries/EEPROM
  Not used: /Users/alranel/Documents/git/arduino/arduino-testlib/cli-datadir/user/libraries/arduino-NVM
  Not used: /Users/alranel/Documents/git/arduino/arduino-testlib/cli-datadir/user/libraries/Hello_Drum
</pre>
					
					<h4>examples/LightingNodePRO</h4>
					<p>
						Result: <b>FAIL</b>
					</p>
					<pre class="pre-scrollable">/Users/alranel/Documents/git/arduino/arduino-testlib/cli-datadir/user/libraries/Corsair_Lighting_Protocol/examples/LightingNodePRO/LightingNodePRO.ino:28:1: error: &#39;CorsairLightingProtocolHID&#39; does not name a type; did you mean &#39;CorsairLightingProtocolSerial&#39;?
 CorsairLightingProtocolHID cHID(&amp;cLP);
 ^~~~~~~~~~~~~~~~~~~~~~~~~~
 CorsairLightingProtocolSerial
/Users/alranel/Documents/git/arduino/arduino-testlib/cli-datadir/user/libraries/Corsair_Lighting_Protocol/examples/LightingNodePRO/LightingNodePRO.ino: In function &#39;void loop()&#39;:
/Users/alranel/Documents/git/arduino/arduino-testlib/cli-datadir/user/libraries/Corsair_Lighting_Protocol/examples/LightingNodePRO/LightingNodePRO.ino:38:2: error: &#39;cHID&#39; was not declared in this scope
  cHID.update();
  ^~~~
/Users/alranel/Documents/git/arduino/arduino-testlib/cli-datadir/user/libraries/Corsair_Lighting_Protocol/examples/LightingNodePRO/LightingNodePRO.ino:38:2: note: suggested alternative: &#39;HI1&#39;
  cHID.update();
  ^~~~
  HI1
Multiple libraries were found for &#34;EEPROM.h&#34;
  Used: /Users/alranel/Documents/git/arduino/arduino-testlib/cli-datadir/data/packages/arduino/hardware/avr/1.8.4/libraries/EEPROM
  Not used: /Users/alranel/Documents/git/arduino/arduino-testlib/cli-datadir/user/libraries/arduino-NVM
  Not used: /Users/alranel/Documents/git/arduino/arduino-testlib/cli-datadir/user/libraries/Hello_Drum
</pre>
					
					<h4>examples/MultipleFans</h4>
					<p>
						Result: <b>FAIL</b>
					</p>
					<pre class="pre-scrollable">/Users/alranel/Documents/git/arduino/arduino-testlib/cli-datadir/user/libraries/Corsair_Lighting_Protocol/examples/MultipleFans/MultipleFans.ino:35:1: error: &#39;CorsairLightingProtocolHID&#39; does not name a type; did you mean &#39;CorsairLightingProtocolSerial&#39;?
 CorsairLightingProtocolHID cHID(&amp;cLP);
 ^~~~~~~~~~~~~~~~~~~~~~~~~~
 CorsairLightingProtocolSerial
/Users/alranel/Documents/git/arduino/arduino-testlib/cli-datadir/user/libraries/Corsair_Lighting_Protocol/examples/MultipleFans/MultipleFans.ino: In function &#39;void loop()&#39;:
/Users/alranel/Documents/git/arduino/arduino-testlib/cli-datadir/user/libraries/Corsair_Lighting_Protocol/examples/MultipleFans/MultipleFans.ino:54:2: error: &#39;cHID&#39; was not declared in this scope
  cHID.update();
  ^~~~
/Users/alranel/Documents/git/arduino/arduino-testlib/cli-datadir/user/libraries/Corsair_Lighting_Protocol/examples/MultipleFans/MultipleFans.ino:54:2: note: suggested alternative: &#39;HI1&#39;
  cHID.update();
  ^~~~
  HI1
Multiple libraries were found for &#34;EEPROM.h&#34;
  Used: /Users/alranel/Documents/git/arduino/arduino-testlib/cli-datadir/data/packages/arduino/hardware/avr/1.8.4/libraries/EEPROM
  Not used: /Users/alranel/Documents/git/arduino/arduino-testlib/cli-datadir/user/libraries/arduino-NVM
  Not used: /Users/alranel/Documents/git/arduino/arduino-testlib/cli-datadir/user/libraries/Hello_Drum
</pre>
					
					<h4>examples/NonAddressable</h4>
					<p>
						Result: <b>FAIL</b>
					</p>
					<pre class="pre-scrollable">/Users/alranel/Documents/git/arduino/arduino-testlib/cli-datadir/user/libraries/Corsair_Lighting_Protocol/examples/NonAddressable/NonAddressable.ino:28:1: error: &#39;CorsairLightingProtocolHID&#39; does not name a type; did you mean &#39;CorsairLightingProtocolSerial&#39;?
 CorsairLightingProtocolHID cHID(&amp;cLP);
 ^~~~~~~~~~~~~~~~~~~~~~~~~~
 CorsairLightingProtocolSerial
/Users/alranel/Documents/git/arduino/arduino-testlib/cli-datadir/user/libraries/Corsair_Lighting_Protocol/examples/NonAddressable/NonAddressable.ino: In function &#39;void loop()&#39;:
/Users/alranel/Documents/git/arduino/arduino-testlib/cli-datadir/user/libraries/Corsair_Lighting_Protocol/examples/NonAddressable/NonAddressable.ino:44:2: error: &#39;cHID&#39; was not declared in this scope
  cHID.update();
  ^~~~
/Users/alranel/Documents/git/arduino/arduino-testlib/cli-datadir/user/libraries/Corsair_Lighting_Protocol/examples/NonAddressable/NonAddressable.ino:44:2: note: suggested alternative: &#39;HI1&#39;
  cHID.update();
  ^~~~
  HI1
Multiple libraries were found for &#34;EEPROM.h&#34;
  Used: /Users/alranel/Documents/git/arduino/arduino-testlib/cli-datadir/data/packages/arduino/hardware/avr/1.8.4/libraries/EEPROM
  Not used: /Users/alranel/Documents/git/arduino/arduino-testlib/cli-datadir/user/libraries/Hello_Drum
  Not used: /Users/alranel/Documents/git/arduino/arduino-testlib/cli-datadir/user/libraries/arduino-NVM
</pre>
					
					<h4>examples/RepeatAndScale</h4>
					<p>
						Result: <b>FAIL</b>
					</p>
					<pre class="pre-scrollable">/Users/alranel/Documents/git/arduino/arduino-testlib/cli-datadir/user/libraries/Corsair_Lighting_Protocol/examples/RepeatAndScale/RepeatAndScale.ino:28:1: error: &#39;CorsairLightingProtocolHID&#39; does not name a type; did you mean &#39;CorsairLightingProtocolSerial&#39;?
 CorsairLightingProtocolHID cHID(&amp;cLP);
 ^~~~~~~~~~~~~~~~~~~~~~~~~~
 CorsairLightingProtocolSerial
/Users/alranel/Documents/git/arduino/arduino-testlib/cli-datadir/user/libraries/Corsair_Lighting_Protocol/examples/RepeatAndScale/RepeatAndScale.ino: In function &#39;void loop()&#39;:
/Users/alranel/Documents/git/arduino/arduino-testlib/cli-datadir/user/libraries/Corsair_Lighting_Protocol/examples/RepeatAndScale/RepeatAndScale.ino:44:2: error: &#39;cHID&#39; was not declared in this scope
  cHID.update();
  ^~~~
/Users/alranel/Documents/git/arduino/arduino-testlib/cli-datadir/user/libraries/Corsair_Lighting_Protocol/examples/RepeatAndScale/RepeatAndScale.ino:44:2: note: suggested alternative: &#39;HI1&#39;
  cHID.update();
  ^~~~
  HI1
Multiple libraries were found for &#34;EEPROM.h&#34;
  Used: /Users/alranel/Documents/git/arduino/arduino-testlib/cli-datadir/data/packages/arduino/hardware/avr/1.8.4/libraries/EEPROM
  Not used: /Users/alranel/Documents/git/arduino/arduino-testlib/cli-datadir/user/libraries/arduino-NVM
  Not used: /Users/alranel/Documents/git/arduino/arduino-testlib/cli-datadir/user/libraries/Hello_Drum
</pre>
					
					<h4>examples/SingleStripLightingNodePRO</h4>
					<p>
						Result: <b>FAIL</b>
					</p>
					<pre class="pre-scrollable">/Users/alranel/Documents/git/arduino/arduino-testlib/cli-datadir/user/libraries/Corsair_Lighting_Protocol/examples/SingleStripLightingNodePRO/SingleStripLightingNodePRO.ino:33:1: error: &#39;CorsairLightingProtocolHID&#39; does not name a type; did you mean &#39;CorsairLightingProtocolSerial&#39;?
 CorsairLightingProtocolHID cHID(&amp;cLP);
 ^~~~~~~~~~~~~~~~~~~~~~~~~~
 CorsairLightingProtocolSerial
/Users/alranel/Documents/git/arduino/arduino-testlib/cli-datadir/user/libraries/Corsair_Lighting_Protocol/examples/SingleStripLightingNodePRO/SingleStripLightingNodePRO.ino: In function &#39;void loop()&#39;:
/Users/alranel/Documents/git/arduino/arduino-testlib/cli-datadir/user/libraries/Corsair_Lighting_Protocol/examples/SingleStripLightingNodePRO/SingleStripLightingNodePRO.ino:49:2: error: &#39;cHID&#39; was not declared in this scope
  cHID.update();
  ^~~~
/Users/alranel/Documents/git/arduino/arduino-testlib/cli-datadir/user/libraries/Corsair_Lighting_Protocol/examples/SingleStripLightingNodePRO/SingleStripLightingNodePRO.ino:49:2: note: suggested alternative: &#39;HI1&#39;
  cHID.update();
  ^~~~
  HI1
Multiple libraries were found for &#34;EEPROM.h&#34;
  Used: /Users/alranel/Documents/git/arduino/arduino-testlib/cli-datadir/data/packages/arduino/hardware/avr/1.8.4/libraries/EEPROM
  Not used: /Users/alranel/Documents/git/arduino/arduino-testlib/cli-datadir/user/libraries/arduino-NVM
  Not used: /Users/alranel/Documents/git/arduino/arduino-testlib/cli-datadir/user/libraries/Hello_Drum
</pre>
					
					<h4>examples/TransformLLFansFormatToStrip</h4>
					<p>
						Result: <b>FAIL</b>
					</p>
					<pre class="pre-scrollable">/Users/alranel/Documents/git/arduino/arduino-testlib/cli-datadir/user/libraries/Corsair_Lighting_Protocol/examples/TransformLLFansFormatToStrip/TransformLLFansFormatToStrip.ino:28:1: error: &#39;CorsairLightingProtocolHID&#39; does not name a type; did you mean &#39;CorsairLightingProtocolSerial&#39;?
 CorsairLightingProtocolHID cHID(&amp;cLP);
 ^~~~~~~~~~~~~~~~~~~~~~~~~~
 CorsairLightingProtocolSerial
/Users/alranel/Documents/git/arduino/arduino-testlib/cli-datadir/user/libraries/Corsair_Lighting_Protocol/examples/TransformLLFansFormatToStrip/TransformLLFansFormatToStrip.ino: In function &#39;void loop()&#39;:
/Users/alranel/Documents/git/arduino/arduino-testlib/cli-datadir/user/libraries/Corsair_Lighting_Protocol/examples/TransformLLFansFormatToStrip/TransformLLFansFormatToStrip.ino:41:2: error: &#39;cHID&#39; was not declared in this scope
  cHID.update();
  ^~~~
/Users/alranel/Documents/git/arduino/arduino-testlib/cli-datadir/user/libraries/Corsair_Lighting_Protocol/examples/TransformLLFansFormatToStrip/TransformLLFansFormatToStrip.ino:41:2: note: suggested alternative: &#39;HI1&#39;
  cHID.update();
  ^~~~
  HI1
Multiple libraries were found for &#34;EEPROM.h&#34;
  Used: /Users/alranel/Documents/git/arduino/arduino-testlib/cli-datadir/data/packages/arduino/hardware/avr/1.8.4/libraries/EEPROM
  Not used: /Users/alranel/Documents/git/arduino/arduino-testlib/cli-datadir/user/libraries/arduino-NVM
  Not used: /Users/alranel/Documents/git/arduino/arduino-testlib/cli-datadir/user/libraries/Hello_Drum
</pre>
					
					<h4>examples/UnitTests</h4>
					<p>
						Result: <b>PASS</b>
					</p>
					<pre class="pre-scrollable">Sketch uses 23644 bytes (73%) of program storage space. Maximum is 32256 bytes.
Global variables use 900 bytes (43%) of dynamic memory, leaving 1148 bytes for local variables. Maximum is 2048 bytes.
</pre>
					
				
				<h3 id="arduino:mbed_nano:nanorp2040connect">arduino:mbed_nano:nanorp2040connect @ 2.7.2</h3>
				<h4>Inclusion</h4>
				<p>
					Result: <b>FAIL</b>
					
				</p>
				<pre class="pre-scrollable">In file included from /home/ec2-user/arduino-testlib/cli-datadir/user/libraries/Corsair_Lighting_Protocol/src/CorsairLightingFirmware.cpp:18:0:
/home/ec2-user/arduino-testlib/cli-datadir/user/libraries/Hello_Drum/src/EEPROM.h:25:10: fatal error: avr/eeprom.h: No such file or directory
 #include &lt;avr/eeprom.h&gt;
          ^~~~~~~~~~~~~~
compilation terminated.
Multiple libraries were found for &#34;EEPROM.h&#34;
  Used: /home/ec2-user/arduino-testlib/cli-datadir/user/libraries/Hello_Drum
  Not used: /home/ec2-user/arduino-testlib/cli-datadir/user/libraries/arduino-NVM
</pre>

					
					<h4>examples/AdditionalFeatures</h4>
					<p>
						Result: <b>FAIL</b>
					</p>
					<pre class="pre-scrollable">In file included from /home/ec2-user/arduino-testlib/cli-datadir/user/libraries/Corsair_Lighting_Protocol/src/CorsairLightingFirmware.cpp:18:0:
/home/ec2-user/arduino-testlib/cli-datadir/user/libraries/Hello_Drum/src/EEPROM.h:25:10: fatal error: avr/eeprom.h: No such file or directory
 #include &lt;avr/eeprom.h&gt;
          ^~~~~~~~~~~~~~
compilation terminated.
Multiple libraries were found for &#34;EEPROM.h&#34;
  Used: /home/ec2-user/arduino-testlib/cli-datadir/user/libraries/Hello_Drum
  Not used: /home/ec2-user/arduino-testlib/cli-datadir/user/libraries/arduino-NVM
</pre>
					
					<h4>examples/AmbientBacklight</h4>
					<p>
						Result: <b>FAIL</b>
					</p>
					<pre class="pre-scrollable">In file included from /home/ec2-user/arduino-testlib/cli-datadir/user/libraries/Corsair_Lighting_Protocol/src/CorsairLightingFirmware.cpp:18:0:
/home/ec2-user/arduino-testlib/cli-datadir/user/libraries/Hello_Drum/src/EEPROM.h:25:10: fatal error: avr/eeprom.h: No such file or directory
 #include &lt;avr/eeprom.h&gt;
          ^~~~~~~~~~~~~~
compilation terminated.
Multiple libraries were found for &#34;EEPROM.h&#34;
  Used: /home/ec2-user/arduino-testlib/cli-datadir/user/libraries/Hello_Drum
  Not used: /home/ec2-user/arduino-testlib/cli-datadir/user/libraries/arduino-NVM
</pre>
					
					<h4>examples/CommanderPRO</h4>
					<p>
						Result: <b>FAIL</b>
					</p>
					<pre class="pre-scrollable">In file included from /home/ec2-user/arduino-testlib/cli-datadir/user/libraries/Corsair_Lighting_Protocol/examples/CommanderPRO/SimpleFanController.cpp:18:0:
/home/ec2-user/arduino-testlib/cli-datadir/user/libraries/Hello_Drum/src/EEPROM.h:25:10: fatal error: avr/eeprom.h: No such file or directory
 #include &lt;avr/eeprom.h&gt;
          ^~~~~~~~~~~~~~
compilation terminated.
Multiple libraries were found for &#34;EEPROM.h&#34;
  Used: /home/ec2-user/arduino-testlib/cli-datadir/user/libraries/Hello_Drum
  Not used: /home/ec2-user/arduino-testlib/cli-datadir/user/libraries/arduino-NVM
</pre>
					
					<h4>examples/DebugSketch</h4>
					<p>
						Result: <b>FAIL</b>
					</p>
					<pre class="pre-scrollable">In file included from /home/ec2-user/arduino-testlib/cli-datadir/user/libraries/Corsair_Lighting_Protocol/src/CorsairLightingFirmware.cpp:18:0:
/home/ec2-user/arduino-testlib/cli-datadir/user/libraries/Hello_Drum/src/EEPROM.h:25:10: fatal error: avr/eeprom.h: No such file or directory
 #include &lt;avr/eeprom.h&gt;
          ^~~~~~~~~~~~~~
compilation terminated.
Multiple libraries were found for &#34;EEPROM.h&#34;
  Used: /home/ec2-user/arduino-testlib/cli-datadir/user/libraries/Hello_Drum
  Not used: /home/ec2-user/arduino-testlib/cli-datadir/user/libraries/arduino-NVM
</pre>
					
					<h4>examples/DeviceIDTool</h4>
					<p>
						Result: <b>FAIL</b>
					</p>
					<pre class="pre-scrollable">In file included from /home/ec2-user/arduino-testlib/cli-datadir/user/libraries/Corsair_Lighting_Protocol/examples/DeviceIDTool/DeviceIDTool.ino:20:0:
/home/ec2-user/arduino-testlib/cli-datadir/user/libraries/Hello_Drum/src/EEPROM.h:25:10: fatal error: avr/eeprom.h: No such file or directory
 #include &lt;avr/eeprom.h&gt;
          ^~~~~~~~~~~~~~
compilation terminated.
Multiple libraries were found for &#34;EEPROM.h&#34;
  Used: /home/ec2-user/arduino-testlib/cli-datadir/user/libraries/Hello_Drum
  Not used: /home/ec2-user/arduino-testlib/cli-datadir/user/libraries/arduino-NVM
</pre>
					
					<h4>examples/HoodLoader2CLPBridge</h4>
					<p>
						Result: <b>FAIL</b>
					</p>
					<pre class="pre-scrollable">In file included from /home/ec2-user/arduino-testlib/cli-datadir/user/libraries/Corsair_Lighting_Protocol/src/CorsairLightingFirmware.cpp:18:0:
/home/ec2-user/arduino-testlib/cli-datadir/user/libraries/Hello_Drum/src/EEPROM.h:25:10: fatal error: avr/eeprom.h: No such file or directory
 #include &lt;avr/eeprom.h&gt;
          ^~~~~~~~~~~~~~
compilation terminated.
Multiple libraries were found for &#34;EEPROM.h&#34;
  Used: /home/ec2-user/arduino-testlib/cli-datadir/user/libraries/Hello_Drum
  Not used: /home/ec2-user/arduino-testlib/cli-datadir/user/libraries/arduino-NVM
</pre>
					
					<h4>examples/HoodLoader2UnoMegaController</h4>
					<p>
						Result: <b>FAIL</b>
					</p>
					<pre class="pre-scrollable">In file included from /home/ec2-user/arduino-testlib/cli-datadir/user/libraries/Corsair_Lighting_Protocol/src/CorsairLightingFirmware.cpp:18:0:
/home/ec2-user/arduino-testlib/cli-datadir/user/libraries/Hello_Drum/src/EEPROM.h:25:10: fatal error: avr/eeprom.h: No such file or directory
 #include &lt;avr/eeprom.h&gt;
          ^~~~~~~~~~~~~~
compilation terminated.
Multiple libraries were found for &#34;EEPROM.h&#34;
  Used: /home/ec2-user/arduino-testlib/cli-datadir/user/libraries/Hello_Drum
  Not used: /home/ec2-user/arduino-testlib/cli-datadir/user/libraries/arduino-NVM
</pre>
					
					<h4>examples/LS100</h4>
					<p>
						Result: <b>FAIL</b>
					</p>
					<pre class="pre-scrollable">In file included from /home/ec2-user/arduino-testlib/cli-datadir/user/libraries/Corsair_Lighting_Protocol/src/CorsairLightingFirmware.cpp:18:0:
/home/ec2-user/arduino-testlib/cli-datadir/user/libraries/Hello_Drum/src/EEPROM.h:25:10: fatal error: avr/eeprom.h: No such file or directory
 #include &lt;avr/eeprom.h&gt;
          ^~~~~~~~~~~~~~
compilation terminated.
Multiple libraries were found for &#34;EEPROM.h&#34;
  Used: /home/ec2-user/arduino-testlib/cli-datadir/user/libraries/Hello_Drum
  Not used: /home/ec2-user/arduino-testlib/cli-datadir/user/libraries/arduino-NVM
</pre>
					
					<h4>examples/LT100</h4>
					<p>
						Result: <b>FAIL</b>
					</p>
					<pre class="pre-scrollable">In file included from /home/ec2-user/arduino-testlib/cli-datadir/user/libraries/Corsair_Lighting_Protocol/src/CorsairLightingFirmware.cpp:18:0:
/home/ec2-user/arduino-testlib/cli-datadir/user/libraries/Hello_Drum/src/EEPROM.h:25:10: fatal error: avr/eeprom.h: No such file or directory
 #include &lt;avr/eeprom.h&gt;
          ^~~~~~~~~~~~~~
compilation terminated.
Multiple libraries were found for &#34;EEPROM.h&#34;
  Used: /home/ec2-user/arduino-testlib/cli-datadir/user/libraries/Hello_Drum
  Not used: /home/ec2-user/arduino-testlib/cli-datadir/user/libraries/arduino-NVM
</pre>
					
					<h4>examples/LightingNodeCORE</h4>
					<p>
						Result: <b>FAIL</b>
					</p>
					<pre class="pre-scrollable">In file included from /home/ec2-user/arduino-testlib/cli-datadir/user/libraries/Corsair_Lighting_Protocol/src/CorsairLightingFirmware.cpp:18:0:
/home/ec2-user/arduino-testlib/cli-datadir/user/libraries/Hello_Drum/src/EEPROM.h:25:10: fatal error: avr/eeprom.h: No such file or directory
 #include &lt;avr/eeprom.h&gt;
          ^~~~~~~~~~~~~~
compilation terminated.
Multiple libraries were found for &#34;EEPROM.h&#34;
  Used: /home/ec2-user/arduino-testlib/cli-datadir/user/libraries/Hello_Drum
  Not used: /home/ec2-user/arduino-testlib/cli-datadir/user/libraries/arduino-NVM
</pre>
					
					<h4>examples/LightingNodePRO</h4>
					<p>
						Result: <b>FAIL</b>
					</p>
					<pre class="pre-scrollable">In file included from /home/ec2-user/arduino-testlib/cli-datadir/user/libraries/Corsair_Lighting_Protocol/src/CorsairLightingFirmware.cpp:18:0:
/home/ec2-user/arduino-testlib/cli-datadir/user/libraries/Hello_Drum/src/EEPROM.h:25:10: fatal error: avr/eeprom.h: No such file or directory
 #include &lt;avr/eeprom.h&gt;
          ^~~~~~~~~~~~~~
compilation terminated.
Multiple libraries were found for &#34;EEPROM.h&#34;
  Used: /home/ec2-user/arduino-testlib/cli-datadir/user/libraries/Hello_Drum
  Not used: /home/ec2-user/arduino-testlib/cli-datadir/user/libraries/arduino-NVM
</pre>
					
					<h4>examples/MultipleFans</h4>
					<p>
						Result: <b>FAIL</b>
					</p>
					<pre class="pre-scrollable">In file included from /home/ec2-user/arduino-testlib/cli-datadir/user/libraries/Corsair_Lighting_Protocol/src/CorsairLightingFirmware.cpp:18:0:
/home/ec2-user/arduino-testlib/cli-datadir/user/libraries/Hello_Drum/src/EEPROM.h:25:10: fatal error: avr/eeprom.h: No such file or directory
 #include &lt;avr/eeprom.h&gt;
          ^~~~~~~~~~~~~~
compilation terminated.
Multiple libraries were found for &#34;EEPROM.h&#34;
  Used: /home/ec2-user/arduino-testlib/cli-datadir/user/libraries/Hello_Drum
  Not used: /home/ec2-user/arduino-testlib/cli-datadir/user/libraries/arduino-NVM
</pre>
					
					<h4>examples/NonAddressable</h4>
					<p>
						Result: <b>FAIL</b>
					</p>
					<pre class="pre-scrollable">In file included from /home/ec2-user/arduino-testlib/cli-datadir/user/libraries/Corsair_Lighting_Protocol/src/CorsairLightingFirmware.cpp:18:0:
/home/ec2-user/arduino-testlib/cli-datadir/user/libraries/Hello_Drum/src/EEPROM.h:25:10: fatal error: avr/eeprom.h: No such file or directory
 #include &lt;avr/eeprom.h&gt;
          ^~~~~~~~~~~~~~
compilation terminated.
Multiple libraries were found for &#34;EEPROM.h&#34;
  Used: /home/ec2-user/arduino-testlib/cli-datadir/user/libraries/Hello_Drum
  Not used: /home/ec2-user/arduino-testlib/cli-datadir/user/libraries/arduino-NVM
</pre>
					
					<h4>examples/RepeatAndScale</h4>
					<p>
						Result: <b>FAIL</b>
					</p>
					<pre class="pre-scrollable">In file included from /home/ec2-user/arduino-testlib/cli-datadir/user/libraries/Corsair_Lighting_Protocol/src/CorsairLightingFirmware.cpp:18:0:
/home/ec2-user/arduino-testlib/cli-datadir/user/libraries/Hello_Drum/src/EEPROM.h:25:10: fatal error: avr/eeprom.h: No such file or directory
 #include &lt;avr/eeprom.h&gt;
          ^~~~~~~~~~~~~~
compilation terminated.
Multiple libraries were found for &#34;EEPROM.h&#34;
  Used: /home/ec2-user/arduino-testlib/cli-datadir/user/libraries/Hello_Drum
  Not used: /home/ec2-user/arduino-testlib/cli-datadir/user/libraries/arduino-NVM
</pre>
					
					<h4>examples/SingleStripLightingNodePRO</h4>
					<p>
						Result: <b>FAIL</b>
					</p>
					<pre class="pre-scrollable">In file included from /home/ec2-user/arduino-testlib/cli-datadir/user/libraries/Corsair_Lighting_Protocol/src/CorsairLightingFirmware.cpp:18:0:
/home/ec2-user/arduino-testlib/cli-datadir/user/libraries/Hello_Drum/src/EEPROM.h:25:10: fatal error: avr/eeprom.h: No such file or directory
 #include &lt;avr/eeprom.h&gt;
          ^~~~~~~~~~~~~~
compilation terminated.
Multiple libraries were found for &#34;EEPROM.h&#34;
  Used: /home/ec2-user/arduino-testlib/cli-datadir/user/libraries/Hello_Drum
  Not used: /home/ec2-user/arduino-testlib/cli-datadir/user/libraries/arduino-NVM
</pre>
					
					<h4>examples/TransformLLFansFormatToStrip</h4>
					<p>
						Result: <b>FAIL</b>
					</p>
					<pre class="pre-scrollable">In file included from /home/ec2-user/arduino-testlib/cli-datadir/user/libraries/Corsair_Lighting_Protocol/src/CorsairLightingFirmware.cpp:18:0:
/home/ec2-user/arduino-testlib/cli-datadir/user/libraries/Hello_Drum/src/EEPROM.h:25:10: fatal error: avr/eeprom.h: No such file or directory
 #include &lt;avr/eeprom.h&gt;
          ^~~~~~~~~~~~~~
compilation terminated.
Multiple libraries were found for &#34;EEPROM.h&#34;
  Used: /home/ec2-user/arduino-testlib/cli-datadir/user/libraries/Hello_Drum
  Not used: /home/ec2-user/arduino-testlib/cli-datadir/user/libraries/arduino-NVM
</pre>
					
					<h4>examples/UnitTests</h4>
					<p>
						Result: <b>FAIL</b>
					</p>
					<pre class="pre-scrollable">In file included from /home/ec2-user/arduino-testlib/cli-datadir/user/libraries/Corsair_Lighting_Protocol/src/CorsairLightingFirmware.cpp:18:0:
/home/ec2-user/arduino-testlib/cli-datadir/user/libraries/Hello_Drum/src/EEPROM.h:25:10: fatal error: avr/eeprom.h: No such file or directory
 #include &lt;avr/eeprom.h&gt;
          ^~~~~~~~~~~~~~
compilation terminated.
Multiple libraries were found for &#34;EEPROM.h&#34;
  Used: /home/ec2-user/arduino-testlib/cli-datadir/user/libraries/Hello_Drum
  Not used: /home/ec2-user/arduino-testlib/cli-datadir/user/libraries/arduino-NVM
</pre>
					
				
				<h3 id="arduino:megaavr:nona4809">arduino:megaavr:nona4809 @ 1.8.7</h3>
				<h4>Inclusion</h4>
				<p>
					Result: <b>PASS</b>
					
				</p>
				<pre class="pre-scrollable">WARNING: library Corsair_Lighting_Protocol claims to run on avr architecture(s) and may be incompatible with your current board which runs on megaavr architecture(s).
Sketch uses 2644 bytes (5%) of program storage space. Maximum is 49152 bytes.
Global variables use 190 bytes (3%) of dynamic memory, leaving 5954 bytes for local variables. Maximum is 6144 bytes.
</pre>

					
					<h4>examples/AdditionalFeatures</h4>
					<p>
						Result: <b>FAIL</b>
					</p>
					<pre class="pre-scrollable">WARNING: library Corsair_Lighting_Protocol claims to run on avr architecture(s) and may be incompatible with your current board which runs on megaavr architecture(s).
/home/ec2-user/arduino-testlib/cli-datadir/user/libraries/Corsair_Lighting_Protocol/examples/AdditionalFeatures/AdditionalFeatures.ino:32:1: error: &#39;CorsairLightingProtocolHID&#39; does not name a type; did you mean &#39;CorsairLightingProtocolSerial&#39;?
 CorsairLightingProtocolHID cHID(&amp;cLP, mySerialNumber);
 ^~~~~~~~~~~~~~~~~~~~~~~~~~
 CorsairLightingProtocolSerial
/home/ec2-user/arduino-testlib/cli-datadir/user/libraries/Corsair_Lighting_Protocol/examples/AdditionalFeatures/AdditionalFeatures.ino: In function &#39;void loop()&#39;:
/home/ec2-user/arduino-testlib/cli-datadir/user/libraries/Corsair_Lighting_Protocol/examples/AdditionalFeatures/AdditionalFeatures.ino:51:2: error: &#39;cHID&#39; was not declared in this scope
  cHID.update();
  ^~~~
/home/ec2-user/arduino-testlib/cli-datadir/user/libraries/Corsair_Lighting_Protocol/examples/AdditionalFeatures/AdditionalFeatures.ino:51:2: note: suggested alternative: &#39;HI1&#39;
  cHID.update();
  ^~~~
  HI1
Multiple libraries were found for &#34;EEPROM.h&#34;
  Used: /home/ec2-user/arduino-testlib/cli-datadir/data/packages/arduino/hardware/megaavr/1.8.7/libraries/EEPROM
  Not used: /home/ec2-user/arduino-testlib/cli-datadir/user/libraries/arduino-NVM
  Not used: /home/ec2-user/arduino-testlib/cli-datadir/user/libraries/Hello_Drum
</pre>
					
					<h4>examples/AmbientBacklight</h4>
					<p>
						Result: <b>FAIL</b>
					</p>
					<pre class="pre-scrollable">WARNING: library Corsair_Lighting_Protocol claims to run on avr architecture(s) and may be incompatible with your current board which runs on megaavr architecture(s).
/home/ec2-user/arduino-testlib/cli-datadir/user/libraries/Corsair_Lighting_Protocol/examples/AmbientBacklight/AmbientBacklight.ino:29:1: error: &#39;CorsairLightingProtocolHID&#39; does not name a type; did you mean &#39;CorsairLightingProtocolSerial&#39;?
 CorsairLightingProtocolHID cHID(&amp;cLP);
 ^~~~~~~~~~~~~~~~~~~~~~~~~~
 CorsairLightingProtocolSerial
/home/ec2-user/arduino-testlib/cli-datadir/user/libraries/Corsair_Lighting_Protocol/examples/AmbientBacklight/AmbientBacklight.ino: In function &#39;void loop()&#39;:
/home/ec2-user/arduino-testlib/cli-datadir/user/libraries/Corsair_Lighting_Protocol/examples/AmbientBacklight/AmbientBacklight.ino:46:2: error: &#39;cHID&#39; was not declared in this scope
  cHID.update();
  ^~~~
/home/ec2-user/arduino-testlib/cli-datadir/user/libraries/Corsair_Lighting_Protocol/examples/AmbientBacklight/AmbientBacklight.ino:46:2: note: suggested alternative: &#39;HI1&#39;
  cHID.update();
  ^~~~
  HI1
Multiple libraries were found for &#34;EEPROM.h&#34;
  Used: /home/ec2-user/arduino-testlib/cli-datadir/data/packages/arduino/hardware/megaavr/1.8.7/libraries/EEPROM
  Not used: /home/ec2-user/arduino-testlib/cli-datadir/user/libraries/arduino-NVM
  Not used: /home/ec2-user/arduino-testlib/cli-datadir/user/libraries/Hello_Drum
</pre>
					
					<h4>examples/CommanderPRO</h4>
					<p>
						Result: <b>FAIL</b>
					</p>
					<pre class="pre-scrollable">WARNING: library Corsair_Lighting_Protocol claims to run on avr architecture(s) and may be incompatible with your current board which runs on megaavr architecture(s).
/home/ec2-user/arduino-testlib/cli-datadir/user/libraries/Corsair_Lighting_Protocol/examples/CommanderPRO/PWMFan.cpp: In constructor &#39;PWMFan::PWMFan(uint8_t, uint16_t, uint16_t)&#39;:
/home/ec2-user/arduino-testlib/cli-datadir/user/libraries/Corsair_Lighting_Protocol/examples/CommanderPRO/PWMFan.cpp:22:8: error: &#39;TIMER0B&#39; was not decl/home/ec2-user/arduino-testlib/cli-datadir/user/libraries/Corsair_Lighting_Protocol/examples/CommanderPRO/CommanderPRO.ino: In function &#39;void setup()&#39;:
/home/ec2-user/arduino-testlib/cli-datadir/user/libraries/Corsair_Lighting_Protocol/examples/CommanderPRO/CommanderPRO.ino:26:27: error: &#39;A8&#39; was not declared in this scope
 #define TEMP_SENSOR_PIN_2 A8
                           ^
/home/ec2-user/arduino-testlib/cli-datadir/user/libraries/Corsair_Lighting_Protocol/examples/CommanderPRO/CommanderPRO.ino:59:37: note: in expansion of macro &#39;TEMP_SENSOR_PIN_2&#39;
  temperatureController.addSensor(1, TEMP_SENSOR_PIN_2);
                                     ^~~~~~~~~~~~~~~~~
/home/ec2-user/arduino-testlib/cli-datadir/user/libraries/Corsair_Lighting_Protocol/examples/CommanderPRO/CommanderPRO.ino:26:27: note: suggested alternative: &#39;A7&#39;
 #define TEMP_SENSOR_PIN_2 A8
                           ^
/home/ec2-user/arduino-testlib/cli-datadir/user/libraries/Corsair_Lighting_Protocol/examples/CommanderPRO/CommanderPRO.ino:59:37: note: in expansion of macro &#39;TEMP_SENSOR_PIN_2&#39;
  temperatureController.addSensor(1, TEMP_SENSOR_PIN_2);
                                     ^~~~~~~~~~~~~~~~~
/home/ec2-user/arduino-testlib/cli-datadir/user/libraries/Corsair_Lighting_Protocol/examples/CommanderPRO/CommanderPRO.ino: In function &#39;void loop()&#39;:
/home/ec2-user/arduino-testlib/cli-datadir/user/libraries/Corsair_Lighting_Protocol/examples/CommanderPRO/CommanderPRO.ino:67:2: error: &#39;cHID&#39; was not declared in this scope
  cHID.update();
  ^~~~
/home/ec2-user/arduino-testlib/cli-datadir/user/libraries/Corsair_Lighting_Protocol/examples/CommanderPRO/CommanderPRO.ino:67:2: note: suggested alternative: &#39;HI1&#39;
  cHID.update();
  ^~~~
  HI1
Multiple libraries were found for &#34;EEPROM.h&#34;
  Used: /home/ec2-user/arduino-testlib/cli-datadir/data/packages/arduino/hardware/megaavr/1.8.7/libraries/EEPROM
  Not used: /home/ec2-user/arduino-testlib/cli-datadir/user/libraries/arduino-NVM
  Not used: /home/ec2-user/arduino-testlib/cli-datadir/user/libraries/Hello_Drum
</pre>
					
					<h4>examples/DebugSketch</h4>
					<p>
						Result: <b>FAIL</b>
					</p>
					<pre class="pre-scrollable">WARNING: library Corsair_Lighting_Protocol claims to run on avr architecture(s) and may be incompatible with your current board which runs on megaavr architecture(s).
/home/ec2-user/arduino-testlib/cli-datadir/user/libraries/Corsair_Lighting_Protocol/examples/DebugSketch/DebugSketch.ino:27:1: error: &#39;CorsairLightingProtocolHID&#39; does not name a type; did you mean &#39;CorsairLightingProtocolSerial&#39;?
 CorsairLightingProtocolHID cLPS(&amp;cLP);
 ^~~~~~~~~~~~~~~~~~~~~~~~~~
 CorsairLightingProtocolSerial
/home/ec2-user/arduino-testlib/cli-datadir/user/libraries/Corsair_Lighting_Protocol/examples/DebugSketch/DebugSketch.ino:32:18: error: &#39;PRINT_LOOP&#39; was not declared in this scope
 bool printLoop = PRINT_LOOP;
                  ^~~~~~~~~~
/home/ec2-user/arduino-testlib/cli-datadir/user/libraries/Corsair_Lighting_Protocol/examples/DebugSketch/DebugSketch.ino:33:20: error: &#39;PRINT_UPDATE&#39; was not declared in this scope
 bool printUpdate = PRINT_UPDATE;
                    ^~~~~~~~~~~~
/home/ec2-user/arduino-testlib/cli-datadir/user/libraries/Corsair_Lighting_Protocol/examples/DebugSketch/DebugSketch.ino: In function &#39;void loop()&#39;:
/home/ec2-user/arduino-testlib/cli-datadir/user/libraries/Corsair_Lighting_Protocol/examples/DebugSketch/DebugSketch.ino:46:2: error: &#39;cLPS&#39; was not declared in this scope
  cLPS.update();
  ^~~~
/home/ec2-user/arduino-testlib/cli-datadir/user/libraries/Corsair_Lighting_Protocol/examples/DebugSketch/DebugSketch.ino:46:2: note: suggested alternative: &#39;cLP&#39;
  cLPS.update();
  ^~~~
  cLP
Multiple libraries were found for &#34;EEPROM.h&#34;
  Used: /home/ec2-user/arduino-testlib/cli-datadir/data/packages/arduino/hardware/megaavr/1.8.7/libraries/EEPROM
  Not used: /home/ec2-user/arduino-testlib/cli-datadir/user/libraries/arduino-NVM
  Not used: /home/ec2-user/arduino-testlib/cli-datadir/user/libraries/Hello_Drum
</pre>
					
					<h4>examples/DeviceIDTool</h4>
					<p>
						Result: <b>PASS</b>
					</p>
					<pre class="pre-scrollable">WARNING: library Corsair_Lighting_Protocol claims to run on avr architecture(s) and may be incompatible with your current board which runs on megaavr architecture(s).
Sketch uses 7260 bytes (14%) of program storage space. Maximum is 49152 bytes.
Global variables use 203 bytes (3%) of dynamic memory, leaving 5941 bytes for local variables. Maximum is 6144 bytes.
</pre>
					
					<h4>examples/HoodLoader2CLPBridge</h4>
					<p>
						Result: <b>FAIL</b>
					</p>
					<pre class="pre-scrollable">WARNING: library Corsair_Lighting_Protocol claims to run on avr architecture(s) and may be incompatible with your current board which runs on megaavr architecture(s).
In file included from /home/ec2-user/arduino-testlib/cli-datadir/user/libraries/Corsair_Lighting_Protocol/examples/HoodLoader2CLPBridge/CLPUSBSerialBridge.cpp:17:0:
/home/ec2-user/arduino-testlib/cli-datadir/user/libraries/Corsair_Lighting_Protocol/examples/HoodLoader2CLPBridge/CLPUSBSerialBridge.cpp: In function &#39;void resetIOMCU()&#39;:
/home/ec2-user/arduino-testlib/cli-datadir/user/libraries/Corsair_Lighting_Protocol/examples/HoodLoader2CLPBridge/CLPUSBSerialBridge.h:33:19: error: &#39;IO_MCU_RESET_PIN&#39; was not declared in this scope
 #define RESET_PIN IO_MCU_RESET_PIN
                   ^
/home/ec2-user/arduino-testlib/cli-datadir/user/libraries/Corsair_Lighting_Protocol/examples/HoodLoader2CLPBridge/CLPUSBSerialBridge.cpp:23:15: note: in expansion of macro &#39;RESET_PIN&#39;
  digitalWrite(RESET_PIN, LOW);
               ^~~~~~~~~
/home/ec2-user/arduino-testlib/cli-datadir/user/libraries/Corsair_Lighting_Protocol/examples/HoodLoader2CLPBridge/CLPUSBSerialBridge.h:33:19: note: suggested alternative: &#39;RESET_PIN&#39;
 #define RESET_PIN IO_MCU_RESET_PIN
                   ^
/home/ec2-user/arduino-testlib/cli-datadir/user/libraries/Corsair_Lighting_Protocol/examples/HoodLoader2CLPBridge/CLPUSBSerialBridge.cpp:23:15: note: in expansion of macro &#39;RESET_PIN&#39;
  digitalWrite(RESET_PIN, LOW);
               ^~~~~~~~~
/home/ec2-user/arduino-testlib/cli-datadir/user/libraries/Corsair_Lighting_Protocol/examples/HoodLoader2CLPBridge/CLPUSBSerialBridge.cpp: In constructor &#39;CLPUSBSerialBridge::CLPUSBSerialBridge(const char*)&#39;:
/home/ec2-user/arduino-testlib/cli-datadir/user/libraries/Corsair_Lighting_Protocol/examples/HoodLoader2CLPBridge/CLPUSBSerialBridge.cpp:32:2: error: &#39;CLP&#39; has not been declared
  CLP::RawHID.setSerialNumber(serialNumber);
  ^~~
/home/ec2-user/arduino-testlib/cli-datadir/user/libraries/Corsair_Lighting_Protocol/examples/HoodLoader2CLPBridge/CLPUSBSerialBridge.cpp: In member function &#39;virtual void CLPUSBSerialBridge::begin()&#39;:
/home/ec2-user/arduino-testlib/cli-datadir/user/libraries/Corsair_Lighting_Protocol/examples/HoodLoader2CLPBridge/CLPUSBSerialBridge.cpp:37:2: error: &#39;CLP&#39; has not been declared
  CLP::RawHID.begin(rawHIDAndSerialBuffer, sizeof(rawHIDAndSerialBuffer));
  ^~~
/home/ec2-user/arduino-testlib/cli-datadir/user/libraries/Corsair_Lighting_Protocol/examples/HoodLoader2CLPBridge/CLPUSBSerialBridge.cpp: In member function &#39;void CLPUSBSerialBridge::sendResponse()&#39;:
/home/ec2-user/arduino-testlib/cli-datadir/user/libraries/Corsair_Lighting_Protocol/examples/HoodLoader2CLPBridge/CLPUSBSerialBridge.cpp:61:2: error: &#39;CLP&#39; has not been declared
  CLP::RawHID.write(rawHIDAndSerialBuffer, RESPONSE_SIZE_16U2);
  ^~~
/home/ec2-user/arduino-testlib/cli-datadir/user/libraries/Corsair_Lighting_Protocol/examples/HoodLoader2CLPBridge/CLPUSBSerialBridge.cpp:63:2: error: &#39;CLP&#39; has not been declared
  CLP::RawHID.enable();
  ^~~
/home/ec2-user/arduino-testlib/cli-datadir/user/libraries/Corsair_Lighting_Protocol/examples/HoodLoader2CLPBridge/CLPUSBSerialBridge.cpp: In member function &#39;virtual void CLPUSBSerialBridge::handleHID()&#39;:
/home/ec2-user/arduino-testlib/cli-datadir/user/libraries/Corsair_Lighting_Protocol/examples/HoodLoader2CLPBridge/CLPUSBSerialBridge.cpp:67:6: error: &#39;CLP&#39; has not been declared
  if (CLP::RawHID.available()) {
      ^~~
Multiple libraries were found for &#34;EEPROM.h&#34;
  Used: /home/ec2-user/arduino-testlib/cli-datadir/data/packages/arduino/hardware/megaavr/1.8.7/libraries/EEPROM
  Not used: /home/ec2-user/arduino-testlib/cli-datadir/user/libraries/Hello_Drum
  Not used: /home/ec2-user/arduino-testlib/cli-datadir/user/libraries/arduino-NVM
</pre>
					
					<h4>examples/HoodLoader2UnoMegaController</h4>
					<p>
						Result: <b>PASS</b>
					</p>
					<pre class="pre-scrollable">WARNING: library Corsair_Lighting_Protocol claims to run on avr architecture(s) and may be incompatible with your current board which runs on megaavr architecture(s).
Sketch uses 18340 bytes (37%) of program storage space. Maximum is 49152 bytes.
Global variables use 1030 bytes (16%) of dynamic memory, leaving 5114 bytes for local variables. Maximum is 6144 bytes.
</pre>
					
					<h4>examples/LS100</h4>
					<p>
						Result: <b>FAIL</b>
					</p>
					<pre class="pre-scrollable">WARNING: library Corsair_Lighting_Protocol claims to run on avr architecture(s) and may be incompatible with your current board which runs on megaavr architecture(s).
/home/ec2-user/arduino-testlib/cli-datadir/user/libraries/Corsair_Lighting_Protocol/examples/LS100/LS100.ino:32:1: error: &#39;CorsairLightingProtocolHID&#39; does not name a type; did you mean &#39;CorsairLightingProtocolSerial&#39;?
 CorsairLightingProtocolHID cHID(&amp;cLP);
 ^~~~~~~~~~~~~~~~~~~~~~~~~~
 CorsairLightingProtocolSerial
/home/ec2-user/arduino-testlib/cli-datadir/user/libraries/Corsair_Lighting_Protocol/examples/LS100/LS100.ino: In function &#39;void loop()&#39;:
/home/ec2-user/arduino-testlib/cli-datadir/user/libraries/Corsair_Lighting_Protocol/examples/LS100/LS100.ino:44:2: error: &#39;cHID&#39; was not declared in this scope
  cHID.update();
  ^~~~
/home/ec2-user/arduino-testlib/cli-datadir/user/libraries/Corsair_Lighting_Protocol/examples/LS100/LS100.ino:44:2: note: suggested alternative: &#39;HI1&#39;
  cHID.update();
  ^~~~
  HI1
Multiple libraries were found for &#34;EEPROM.h&#34;
  Used: /home/ec2-user/arduino-testlib/cli-datadir/data/packages/arduino/hardware/megaavr/1.8.7/libraries/EEPROM
  Not used: /home/ec2-user/arduino-testlib/cli-datadir/user/libraries/arduino-NVM
  Not used: /home/ec2-user/arduino-testlib/cli-datadir/user/libraries/Hello_Drum
</pre>
					
					<h4>examples/LT100</h4>
					<p>
						Result: <b>FAIL</b>
					</p>
					<pre class="pre-scrollable">WARNING: library Corsair_Lighting_Protocol claims to run on avr architecture(s) and may be incompatible with your current board which runs on megaavr architecture(s).
/home/ec2-user/arduino-testlib/cli-datadir/user/libraries/Corsair_Lighting_Protocol/examples/LT100/LT100.ino:26:1: error: &#39;CorsairLightingProtocolHID&#39; does not name a type; did you mean &#39;CorsairLightingProtocolSerial&#39;?
 CorsairLightingProtocolHID cHID(&amp;cLP);
 ^~~~~~~~~~~~~~~~~~~~~~~~~~
 CorsairLightingProtocolSerial
/home/ec2-user/arduino-testlib/cli-datadir/user/libraries/Corsair_Lighting_Protocol/examples/LT100/LT100.ino: In function &#39;void loop()&#39;:
/home/ec2-user/arduino-testlib/cli-datadir/user/libraries/Corsair_Lighting_Protocol/examples/LT100/LT100.ino:34:2: error: &#39;cHID&#39; was not declared in this scope
  cHID.update();
  ^~~~
/home/ec2-user/arduino-testlib/cli-datadir/user/libraries/Corsair_Lighting_Protocol/examples/LT100/LT100.ino:34:2: note: suggested alternative: &#39;HI1&#39;
  cHID.update();
  ^~~~
  HI1
Multiple libraries were found for &#34;EEPROM.h&#34;
  Used: /home/ec2-user/arduino-testlib/cli-datadir/data/packages/arduino/hardware/megaavr/1.8.7/libraries/EEPROM
  Not used: /home/ec2-user/arduino-testlib/cli-datadir/user/libraries/arduino-NVM
  Not used: /home/ec2-user/arduino-testlib/cli-datadir/user/libraries/Hello_Drum
</pre>
					
					<h4>examples/LightingNodeCORE</h4>
					<p>
						Result: <b>FAIL</b>
					</p>
					<pre class="pre-scrollable">WARNING: library Corsair_Lighting_Protocol claims to run on avr architecture(s) and may be incompatible with your current board which runs on megaavr architecture(s).
/home/ec2-user/arduino-testlib/cli-datadir/user/libraries/Corsair_Lighting_Protocol/examples/LightingNodeCORE/LightingNodeCORE.ino:26:1: error: &#39;CorsairLightingProtocolHID&#39; does not name a type; did you mean &#39;CorsairLightingProtocolSerial&#39;?
 CorsairLightingProtocolHID cHID(&amp;cLP);
 ^~~~~~~~~~~~~~~~~~~~~~~~~~
 CorsairLightingProtocolSerial
/home/ec2-user/arduino-testlib/cli-datadir/user/libraries/Corsair_Lighting_Protocol/examples/LightingNodeCORE/LightingNodeCORE.ino: In function &#39;void loop()&#39;:
/home/ec2-user/arduino-testlib/cli-datadir/user/libraries/Corsair_Lighting_Protocol/examples/LightingNodeCORE/LightingNodeCORE.ino:34:2: error: &#39;cHID&#39; was not declared in this scope
  cHID.update();
  ^~~~
/home/ec2-user/arduino-testlib/cli-datadir/user/libraries/Corsair_Lighting_Protocol/examples/LightingNodeCORE/LightingNodeCORE.ino:34:2: note: suggested alternative: &#39;HI1&#39;
  cHID.update();
  ^~~~
  HI1
Multiple libraries were found for &#34;EEPROM.h&#34;
  Used: /home/ec2-user/arduino-testlib/cli-datadir/data/packages/arduino/hardware/megaavr/1.8.7/libraries/EEPROM
  Not used: /home/ec2-user/arduino-testlib/cli-datadir/user/libraries/Hello_Drum
  Not used: /home/ec2-user/arduino-testlib/cli-datadir/user/libraries/arduino-NVM
</pre>
					
					<h4>examples/LightingNodePRO</h4>
					<p>
						Result: <b>FAIL</b>
					</p>
					<pre class="pre-scrollable">WARNING: library Corsair_Lighting_Protocol claims to run on avr architecture(s) and may be incompatible with your current board which runs on megaavr architecture(s).
/home/ec2-user/arduino-testlib/cli-datadir/user/libraries/Corsair_Lighting_Protocol/examples/LightingNodePRO/LightingNodePRO.ino:28:1: error: &#39;CorsairLightingProtocolHID&#39; does not name a type; did you mean &#39;CorsairLightingProtocolSerial&#39;?
 CorsairLightingProtocolHID cHID(&amp;cLP);
 ^~~~~~~~~~~~~~~~~~~~~~~~~~
 CorsairLightingProtocolSerial
/home/ec2-user/arduino-testlib/cli-datadir/user/libraries/Corsair_Lighting_Protocol/examples/LightingNodePRO/LightingNodePRO.ino: In function &#39;void loop()&#39;:
/home/ec2-user/arduino-testlib/cli-datadir/user/libraries/Corsair_Lighting_Protocol/examples/LightingNodePRO/LightingNodePRO.ino:38:2: error: &#39;cHID&#39; was not declared in this scope
  cHID.update();
  ^~~~
/home/ec2-user/arduino-testlib/cli-datadir/user/libraries/Corsair_Lighting_Protocol/examples/LightingNodePRO/LightingNodePRO.ino:38:2: note: suggested alternative: &#39;HI1&#39;
  cHID.update();
  ^~~~
  HI1
Multiple libraries were found for &#34;EEPROM.h&#34;
  Used: /home/ec2-user/arduino-testlib/cli-datadir/data/packages/arduino/hardware/megaavr/1.8.7/libraries/EEPROM
  Not used: /home/ec2-user/arduino-testlib/cli-datadir/user/libraries/arduino-NVM
  Not used: /home/ec2-user/arduino-testlib/cli-datadir/user/libraries/Hello_Drum
</pre>
					
					<h4>examples/MultipleFans</h4>
					<p>
						Result: <b>FAIL</b>
					</p>
					<pre class="pre-scrollable">WARNING: library Corsair_Lighting_Protocol claims to run on avr architecture(s) and may be incompatible with your current board which runs on megaavr architecture(s).
/home/ec2-user/arduino-testlib/cli-datadir/user/libraries/Corsair_Lighting_Protocol/examples/MultipleFans/MultipleFans.ino:35:1: error: &#39;CorsairLightingProtocolHID&#39; does not name a type; did you mean &#39;CorsairLightingProtocolSerial&#39;?
 CorsairLightingProtocolHID cHID(&amp;cLP);
 ^~~~~~~~~~~~~~~~~~~~~~~~~~
 CorsairLightingProtocolSerial
/home/ec2-user/arduino-testlib/cli-datadir/user/libraries/Corsair_Lighting_Protocol/examples/MultipleFans/MultipleFans.ino: In function &#39;void loop()&#39;:
/home/ec2-user/arduino-testlib/cli-datadir/user/libraries/Corsair_Lighting_Protocol/examples/MultipleFans/MultipleFans.ino:54:2: error: &#39;cHID&#39; was not declared in this scope
  cHID.update();
  ^~~~
/home/ec2-user/arduino-testlib/cli-datadir/user/libraries/Corsair_Lighting_Protocol/examples/MultipleFans/MultipleFans.ino:54:2: note: suggested alternative: &#39;HI1&#39;
  cHID.update();
  ^~~~
  HI1
In file included from /home/ec2-user/arduino-testlib/cli-datadir/user/libraries/FastLED/src/platforms/avr/fastled_avr.h:4:0,
                 from /home/ec2-user/arduino-testlib/cli-datadir/user/libraries/FastLED/src/platforms.h:41,
                 from /home/ec2-user/arduino-testlib/cli-datadir/user/libraries/FastLED/src/FastLED.h:54,
                 from /home/ec2-user/arduino-testlib/cli-datadir/user/libraries/Corsair_Lighting_Protocol/src/FastLEDController.h:18,
                 from /home/ec2-user/arduino-testlib/cli-datadir/user/libraries/Corsair_Lighting_Protocol/src/CorsairLightingProtocol.h:31,
                 from /home/ec2-user/arduino-testlib/cli-datadir/user/libraries/Corsair_Lighting_Protocol/examples/MultipleFans/MultipleFans.ino:16:
/home/ec2-user/arduino-testlib/cli-datadir/user/libraries/FastLED/src/platforms/avr/fastpin_avr.h: In instantiation of &#39;static void _AVRPIN&lt;PIN, _MASK, _PORT, _DDR, _PIN&gt;::setOutput() [with unsigned char PIN = 5; unsigned char _MASK = 4; _PORT = __gen_struct_VPORTB_OUT; _DDR = __gen_struct_VPORTB_DIR; _PIN = __gen_struct_VPORTB_IN]&#39;:
/home/ec2-user/arduino-testlib/cli-datadir/user/libraries/FastLED/src/platforms/avr/clockless_trinket.h:114:31:   required from &#39;void ClocklessController&lt;DATA_PIN, T1, T2, T3, RGB_ORDER, XTRA0, FLIP, WAIT_TIME&gt;::init() [with unsigned char DATA_PIN = 5; int T1 = 4; int T2 = 10; int T3 = 6; EOrder RGB_ORDER = (EOrder)66; int XTRA0 = 0; bool FLIP = false; int WAIT_TIME = 10]&#39;
/home/ec2-user/arduino-testlib/cli-datadir/user/libraries/Corsair_Lighting_Protocol/examples/MultipleFans/MultipleFans.ino:59:1:   required from here
/home/ec2-user/arduino-testlib/cli-datadir/user/libraries/FastLED/src/platforms/avr/fastpin_avr.h:22:42: error: incomplete type &#39;__gen_struct_VPORTB_DIR&#39; used in nested name specifier
  inline static void setOutput() { _DDR::r() |= _MASK; }
                                   ~~~~~~~^~
/home/ec2-user/arduino-testlib/cli-datadir/user/libraries/FastLED/src/platforms/avr/fastpin_avr.h: In instantiation of &#39;static void _AVRPIN&lt;PIN, _MASK, _PORT, _DDR, _PIN&gt;::setOutput() [with unsigned char PIN = 4; unsigned char _MASK = 64; _PORT = __gen_struct_VPORTC_OUT; _DDR = __gen_struct_VPORTC_DIR; _PIN = __gen_struct_VPORTC_IN]&#39;:
/home/ec2-user/arduino-testlib/cli-datadir/user/libraries/FastLED/src/platforms/avr/clockless_trinket.h:114:31:   required from &#39;void ClocklessController&lt;DATA_PIN, T1, T2, T3, RGB_ORDER, XTRA0, FLIP, WAIT_TIME&gt;::init() [with unsigned char DATA_PIN = 4; int T1 = 4; int T2 = 10; int T3 = 6; EOrder RGB_ORDER = (EOrder)66; int XTRA0 = 0; bool FLIP = false; int WAIT_TIME = 10]&#39;
/home/ec2-user/arduino-testlib/cli-datadir/user/libraries/Corsair_Lighting_Protocol/examples/MultipleFans/MultipleFans.ino:59:1:   required from here
/home/ec2-user/arduino-testlib/cli-datadir/user/libraries/FastLED/src/platforms/avr/fastpin_avr.h:22:42: error: incomplete type &#39;__gen_struct_VPORTC_DIR&#39; used in nested name specifier
/home/ec2-user/arduino-testlib/cli-datadir/user/libraries/FastLED/src/platforms/avr/fastpin_avr.h: In instantiation of &#39;static volatile uint8_t* _AVRPIN&lt;PIN, _MASK, _PORT, _DDR, _PIN&gt;::port() [with unsigned char PIN = 5; unsigned char _MASK = 4; _PORT = __gen_struct_VPORTB_OUT; _DDR = __gen_struct_VPORTB_DIR; _PIN = __gen_struct_VPORTB_IN; _AVRPIN&lt;PIN, _MASK, _PORT, _DDR, _PIN&gt;::port_ptr_t = volatile unsigned char*; uint8_t = unsigned char]&#39;:
/home/ec2-user/arduino-testlib/cli-datadir/user/libraries/FastLED/src/platforms/avr/clockless_trinket.h:362:44:   required from &#39;static void ClocklessController&lt;DATA_PIN, T1, T2, T3, RGB_ORDER, XTRA0, FLIP, WAIT_TIME&gt;::showRGBInternal(PixelController&lt;RGB_ORDER&gt;&amp;) [with unsigned char DATA_PIN = 5; int T1 = 4; int T2 = 10; int T3 = 6; EOrder RGB_ORDER = (EOrder)66; int XTRA0 = 0; bool FLIP = false; int WAIT_TIME = 10]&#39;
/home/ec2-user/arduino-testlib/cli-datadir/user/libraries/FastLED/src/platforms/avr/clockless_trinket.h:126:19:   required from &#39;void ClocklessController&lt;DATA_PIN, T1, T2, T3, RGB_ORDER, XTRA0, FLIP, WAIT_TIME&gt;::showPixels(PixelController&lt;RGB_ORDER&gt;&amp;) [with unsigned char DATA_PIN = 5; int T1 = 4; int T2 = 10; int T3 = 6; EOrder RGB_ORDER = (EOrder)66; int XTRA0 = 0; bool FLIP = false; int WAIT_TIME = 10]&#39;
/home/ec2-user/arduino-testlib/cli-datadir/user/libraries/Corsair_Lighting_Protocol/examples/MultipleFans/MultipleFans.ino:59:1:   required from here
/home/ec2-user/arduino-testlib/cli-datadir/user/libraries/FastLED/src/platforms/avr/fastpin_avr.h:39:84: error: incomplete type &#39;__gen_struct_VPORTB_OUT&#39; used in nested name specifier
  inline static port_ptr_t port() __attribute__ ((always_inline)) { return &amp;_PORT::r(); }
                                                                            ~~~~~~~~^~
/home/ec2-user/arduino-testlib/cli-datadir/user/libraries/FastLED/src/platforms/avr/fastpin_avr.h: In instantiation of &#39;static volatile uint8_t* _AVRPIN&lt;PIN, _MASK, _PORT, _DDR, _PIN&gt;::port() [with unsigned char PIN = 4; unsigned char _MASK = 64; _PORT = __gen_struct_VPORTC_OUT; _DDR = __gen_struct_VPORTC_DIR; _PIN = __gen_struct_VPORTC_IN; _AVRPIN&lt;PIN, _MASK, _PORT, _DDR, _PIN&gt;::port_ptr_t = volatile unsigned char*; uint8_t = unsigned char]&#39;:
/home/ec2-user/arduino-testlib/cli-datadir/user/libraries/FastLED/src/platforms/avr/clockless_trinket.h:362:44:   required from &#39;static void ClocklessController&lt;DATA_PIN, T1, T2, T3, RGB_ORDER, XTRA0, FLIP, WAIT_TIME&gt;::showRGBInternal(PixelController&lt;RGB_ORDER&gt;&amp;) [with unsigned char DATA_PIN = 4; int T1 = 4; int T2 = 10; int T3 = 6; EOrder RGB_ORDER = (EOrder)66; int XTRA0 = 0; bool FLIP = false; int WAIT_TIME = 10]&#39;
/home/ec2-user/arduino-testlib/cli-datadir/user/libraries/FastLED/src/platforms/avr/clockless_trinket.h:126:19:   required from &#39;void ClocklessController&lt;DATA_PIN, T1, T2, T3, RGB_ORDER, XTRA0, FLIP, WAIT_TIME&gt;::showPixels(PixelController&lt;RGB_ORDER&gt;&amp;) [with unsigned char DATA_PIN = 4; int T1 = 4; int T2 = 10; int T3 = 6; EOrder RGB_ORDER = (EOrder)66; int XTRA0 = 0; bool FLIP = false; int WAIT_TIME = 10]&#39;
/home/ec2-user/arduino-testlib/cli-datadir/user/libraries/Corsair_Lighting_Protocol/examples/MultipleFans/MultipleFans.ino:59:1:   required from here
/home/ec2-user/arduino-testlib/cli-datadir/user/libraries/FastLED/src/platforms/avr/fastpin_avr.h:39:84: error: incomplete type &#39;__gen_struct_VPORTC_OUT&#39; used in nested name specifier
Multiple libraries were found for &#34;EEPROM.h&#34;
  Used: /home/ec2-user/arduino-testlib/cli-datadir/data/packages/arduino/hardware/megaavr/1.8.7/libraries/EEPROM
  Not used: /home/ec2-user/arduino-testlib/cli-datadir/user/libraries/arduino-NVM
  Not used: /home/ec2-user/arduino-testlib/cli-datadir/user/libraries/Hello_Drum
</pre>
					
					<h4>examples/NonAddressable</h4>
					<p>
						Result: <b>FAIL</b>
					</p>
					<pre class="pre-scrollable">WARNING: library Corsair_Lighting_Protocol claims to run on avr architecture(s) and may be incompatible with your current board which runs on megaavr architecture(s).
/home/ec2-user/arduino-testlib/cli-datadir/user/libraries/Corsair_Lighting_Protocol/examples/NonAddressable/NonAddressable.ino:28:1: error: &#39;CorsairLightingProtocolHID&#39; does not name a type; did you mean &#39;CorsairLightingProtocolSerial&#39;?
 CorsairLightingProtocolHID cHID(&amp;cLP);
 ^~~~~~~~~~~~~~~~~~~~~~~~~~
 CorsairLightingProtocolSerial
/home/ec2-user/arduino-testlib/cli-datadir/user/libraries/Corsair_Lighting_Protocol/examples/NonAddressable/NonAddressable.ino: In function &#39;void loop()&#39;:
/home/ec2-user/arduino-testlib/cli-datadir/user/libraries/Corsair_Lighting_Protocol/examples/NonAddressable/NonAddressable.ino:44:2: error: &#39;cHID&#39; was not declared in this scope
  cHID.update();
  ^~~~
/home/ec2-user/arduino-testlib/cli-datadir/user/libraries/Corsair_Lighting_Protocol/examples/NonAddressable/NonAddressable.ino:44:2: note: suggested alternative: &#39;HI1&#39;
  cHID.update();
  ^~~~
  HI1
Multiple libraries were found for &#34;EEPROM.h&#34;
  Used: /home/ec2-user/arduino-testlib/cli-datadir/data/packages/arduino/hardware/megaavr/1.8.7/libraries/EEPROM
  Not used: /home/ec2-user/arduino-testlib/cli-datadir/user/libraries/Hello_Drum
  Not used: /home/ec2-user/arduino-testlib/cli-datadir/user/libraries/arduino-NVM
</pre>
					
					<h4>examples/RepeatAndScale</h4>
					<p>
						Result: <b>FAIL</b>
					</p>
					<pre class="pre-scrollable">WARNING: library Corsair_Lighting_Protocol claims to run on avr architecture(s) and may be incompatible with your current board which runs on megaavr architecture(s).
/home/ec2-user/arduino-testlib/cli-datadir/user/libraries/Corsair_Lighting_Protocol/examples/RepeatAndScale/RepeatAndScale.ino:28:1: error: &#39;CorsairLightingProtocolHID&#39; does not name a type; did you mean &#39;CorsairLightingProtocolSerial&#39;?
 CorsairLightingProtocolHID cHID(&amp;cLP);
 ^~~~~~~~~~~~~~~~~~~~~~~~~~
 CorsairLightingProtocolSerial
/home/ec2-user/arduino-testlib/cli-datadir/user/libraries/Corsair_Lighting_Protocol/examples/RepeatAndScale/RepeatAndScale.ino: In function &#39;void loop()&#39;:
/home/ec2-user/arduino-testlib/cli-datadir/user/libraries/Corsair_Lighting_Protocol/examples/RepeatAndScale/RepeatAndScale.ino:44:2: error: &#39;cHID&#39; was not declared in this scope
  cHID.update();
  ^~~~
/home/ec2-user/arduino-testlib/cli-datadir/user/libraries/Corsair_Lighting_Protocol/examples/RepeatAndScale/RepeatAndScale.ino:44:2: note: suggested alternative: &#39;HI1&#39;
  cHID.update();
  ^~~~
  HI1
Multiple libraries were found for &#34;EEPROM.h&#34;
  Used: /home/ec2-user/arduino-testlib/cli-datadir/data/packages/arduino/hardware/megaavr/1.8.7/libraries/EEPROM
  Not used: /home/ec2-user/arduino-testlib/cli-datadir/user/libraries/Hello_Drum
  Not used: /home/ec2-user/arduino-testlib/cli-datadir/user/libraries/arduino-NVM
</pre>
					
					<h4>examples/SingleStripLightingNodePRO</h4>
					<p>
						Result: <b>FAIL</b>
					</p>
					<pre class="pre-scrollable">WARNING: library Corsair_Lighting_Protocol claims to run on avr architecture(s) and may be incompatible with your current board which runs on megaavr architecture(s).
/home/ec2-user/arduino-testlib/cli-datadir/user/libraries/Corsair_Lighting_Protocol/examples/SingleStripLightingNodePRO/SingleStripLightingNodePRO.ino:33:1: error: &#39;CorsairLightingProtocolHID&#39; does not name a type; did you mean &#39;CorsairLightingProtocolSerial&#39;?
 CorsairLightingProtocolHID cHID(&amp;cLP);
 ^~~~~~~~~~~~~~~~~~~~~~~~~~
 CorsairLightingProtocolSerial
/home/ec2-user/arduino-testlib/cli-datadir/user/libraries/Corsair_Lighting_Protocol/examples/SingleStripLightingNodePRO/SingleStripLightingNodePRO.ino: In function &#39;void loop()&#39;:
/home/ec2-user/arduino-testlib/cli-datadir/user/libraries/Corsair_Lighting_Protocol/examples/SingleStripLightingNodePRO/SingleStripLightingNodePRO.ino:49:2: error: &#39;cHID&#39; was not declared in this scope
  cHID.update();
  ^~~~
/home/ec2-user/arduino-testlib/cli-datadir/user/libraries/Corsair_Lighting_Protocol/examples/SingleStripLightingNodePRO/SingleStripLightingNodePRO.ino:49:2: note: suggested alternative: &#39;HI1&#39;
  cHID.update();
  ^~~~
  HI1
Multiple libraries were found for &#34;EEPROM.h&#34;
  Used: /home/ec2-user/arduino-testlib/cli-datadir/data/packages/arduino/hardware/megaavr/1.8.7/libraries/EEPROM
  Not used: /home/ec2-user/arduino-testlib/cli-datadir/user/libraries/Hello_Drum
  Not used: /home/ec2-user/arduino-testlib/cli-datadir/user/libraries/arduino-NVM
</pre>
					
					<h4>examples/TransformLLFansFormatToStrip</h4>
					<p>
						Result: <b>FAIL</b>
					</p>
					<pre class="pre-scrollable">WARNING: library Corsair_Lighting_Protocol claims to run on avr architecture(s) and may be incompatible with your current board which runs on megaavr architecture(s).
/home/ec2-user/arduino-testlib/cli-datadir/user/libraries/Corsair_Lighting_Protocol/examples/TransformLLFansFormatToStrip/TransformLLFansFormatToStrip.ino:28:1: error: &#39;CorsairLightingProtocolHID&#39; does not name a type; did you mean &#39;CorsairLightingProtocolSerial&#39;?
 CorsairLightingProtocolHID cHID(&amp;cLP);
 ^~~~~~~~~~~~~~~~~~~~~~~~~~
 CorsairLightingProtocolSerial
/home/ec2-user/arduino-testlib/cli-datadir/user/libraries/Corsair_Lighting_Protocol/examples/TransformLLFansFormatToStrip/TransformLLFansFormatToStrip.ino: In function &#39;void loop()&#39;:
/home/ec2-user/arduino-testlib/cli-datadir/user/libraries/Corsair_Lighting_Protocol/examples/TransformLLFansFormatToStrip/TransformLLFansFormatToStrip.ino:41:2: error: &#39;cHID&#39; was not declared in this scope
  cHID.update();
  ^~~~
/home/ec2-user/arduino-testlib/cli-datadir/user/libraries/Corsair_Lighting_Protocol/examples/TransformLLFansFormatToStrip/TransformLLFansFormatToStrip.ino:41:2: note: suggested alternative: &#39;HI1&#39;
  cHID.update();
  ^~~~
  HI1
Multiple libraries were found for &#34;EEPROM.h&#34;
  Used: /home/ec2-user/arduino-testlib/cli-datadir/data/packages/arduino/hardware/megaavr/1.8.7/libraries/EEPROM
  Not used: /home/ec2-user/arduino-testlib/cli-datadir/user/libraries/Hello_Drum
  Not used: /home/ec2-user/arduino-testlib/cli-datadir/user/libraries/arduino-NVM
</pre>
					
					<h4>examples/UnitTests</h4>
					<p>
						Result: <b>FAIL</b>
					</p>
					<pre class="pre-scrollable">WARNING: library Corsair_Lighting_Protocol claims to run on avr architecture(s) and may be incompatible with your current board which runs on megaavr architecture(s).
In file included from UnitTests.ino:18:0:
/home/ec2-user/arduino-testlib/cli-datadir/user/libraries/AUnit/src/AUnit.h:50:2: error: #error Platforms using ArduinoCore-API not supported
 #error Platforms using ArduinoCore-API not supported
  ^~~~~
In file included from /home/ec2-user/arduino-testlib/cli-datadir/user/libraries/AUnit/src/aunit/Assertion.h:28:0,
                 from /home/ec2-user/arduino-testlib/cli-datadir/user/libraries/AUnit/src/AUnit.h:58,
                 from UnitTests.ino:18:
/home/ec2-user/arduino-testlib/cli-datadir/user/libraries/AUnit/src/aunit/Flash.h:117:4: error: #error MegaAVR not supported, https:
   #error MegaAVR not supported, https://github.com/bxparks/AUnit/issues/56
    ^~~~~
Multiple libraries were found for &#34;EEPROM.h&#34;
  Used: /home/ec2-user/arduino-testlib/cli-datadir/data/packages/arduino/hardware/megaavr/1.8.7/libraries/EEPROM
  Not used: /home/ec2-user/arduino-testlib/cli-datadir/user/libraries/Hello_Drum
  Not used: /home/ec2-user/arduino-testlib/cli-datadir/user/libraries/arduino-NVM
</pre>
					
				
				<h3 id="arduino:samd:mkrwifi1010">arduino:samd:mkrwifi1010 @ 1.8.12</h3>
				<h4>Inclusion</h4>
				<p>
					Result: <b>FAIL</b>
					
					<br />This library has no main header file so an empty one was created.
					
				</p>
				<pre class="pre-scrollable">In file included from /Users/alranel/Documents/git/arduino/arduino-testlib/cli-datadir/user/libraries/Corsair_Lighting_Protocol/src/CorsairLightingFirmware.cpp:18:0:
/Users/alranel/Documents/git/arduino/arduino-testlib/cli-datadir/user/libraries/Hello_Drum/src/EEPROM.h:25:10: fatal error: avr/eeprom.h: No such file or directory
 #include &lt;avr/eeprom.h&gt;
          ^~~~~~~~~~~~~~
compilation terminated.
Multiple libraries were found for &#34;EEPROM.h&#34;
  Used: /Users/alranel/Documents/git/arduino/arduino-testlib/cli-datadir/user/libraries/Hello_Drum
  Not used: /Users/alranel/Documents/git/arduino/arduino-testlib/cli-datadir/user/libraries/arduino-NVM
</pre>

					
					<h4>examples/AdditionalFeatures</h4>
					<p>
						Result: <b>FAIL</b>
					</p>
					<pre class="pre-scrollable">In file included from /Users/alranel/Documents/git/arduino/arduino-testlib/cli-datadir/user/libraries/Corsair_Lighting_Protocol/src/CorsairLightingFirmware.cpp:18:0:
/Users/alranel/Documents/git/arduino/arduino-testlib/cli-datadir/user/libraries/Hello_Drum/src/EEPROM.h:25:10: fatal error: avr/eeprom.h: No such file or directory
 #include &lt;avr/eeprom.h&gt;
          ^~~~~~~~~~~~~~
compilation terminated.
Multiple libraries were found for &#34;EEPROM.h&#34;
  Used: /Users/alranel/Documents/git/arduino/arduino-testlib/cli-datadir/user/libraries/Hello_Drum
  Not used: /Users/alranel/Documents/git/arduino/arduino-testlib/cli-datadir/user/libraries/arduino-NVM
</pre>
					
					<h4>examples/AmbientBacklight</h4>
					<p>
						Result: <b>FAIL</b>
					</p>
					<pre class="pre-scrollable">In file included from /Users/alranel/Documents/git/arduino/arduino-testlib/cli-datadir/user/libraries/Corsair_Lighting_Protocol/src/CorsairLightingFirmware.cpp:18:0:
/Users/alranel/Documents/git/arduino/arduino-testlib/cli-datadir/user/libraries/Hello_Drum/src/EEPROM.h:25:10: fatal error: avr/eeprom.h: No such file or directory
 #include &lt;avr/eeprom.h&gt;
          ^~~~~~~~~~~~~~
compilation terminated.
Multiple libraries were found for &#34;EEPROM.h&#34;
  Used: /Users/alranel/Documents/git/arduino/arduino-testlib/cli-datadir/user/libraries/Hello_Drum
  Not used: /Users/alranel/Documents/git/arduino/arduino-testlib/cli-datadir/user/libraries/arduino-NVM
</pre>
					
					<h4>examples/CommanderPRO</h4>
					<p>
						Result: <b>FAIL</b>
					</p>
					<pre class="pre-scrollable">In file included from /Users/alranel/Documents/git/arduino/arduino-testlib/cli-datadir/user/libraries/Corsair_Lighting_Protocol/examples/CommanderPRO/SimpleFanController.cpp:18:0:
/Users/alranel/Documents/git/arduino/arduino-testlib/cli-datadir/user/libraries/Hello_Drum/src/EEPROM.h:25:10: fatal error: avr/eeprom.h: No such file or directory
 #include &lt;avr/eeprom.h&gt;
          ^~~~~~~~~~~~~~
compilation terminated.
Multiple libraries were found for &#34;EEPROM.h&#34;
  Used: /Users/alranel/Documents/git/arduino/arduino-testlib/cli-datadir/user/libraries/Hello_Drum
  Not used: /Users/alranel/Documents/git/arduino/arduino-testlib/cli-datadir/user/libraries/arduino-NVM
</pre>
					
					<h4>examples/DebugSketch</h4>
					<p>
						Result: <b>FAIL</b>
					</p>
					<pre class="pre-scrollable">In file included from /Users/alranel/Documents/git/arduino/arduino-testlib/cli-datadir/user/libraries/Corsair_Lighting_Protocol/src/CorsairLightingFirmware.cpp:18:0:
/Users/alranel/Documents/git/arduino/arduino-testlib/cli-datadir/user/libraries/Hello_Drum/src/EEPROM.h:25:10: fatal error: avr/eeprom.h: No such file or directory
 #include &lt;avr/eeprom.h&gt;
          ^~~~~~~~~~~~~~
compilation terminated.
Multiple libraries were found for &#34;EEPROM.h&#34;
  Used: /Users/alranel/Documents/git/arduino/arduino-testlib/cli-datadir/user/libraries/Hello_Drum
  Not used: /Users/alranel/Documents/git/arduino/arduino-testlib/cli-datadir/user/libraries/arduino-NVM
</pre>
					
					<h4>examples/DeviceIDTool</h4>
					<p>
						Result: <b>FAIL</b>
					</p>
					<pre class="pre-scrollable">In file included from /Users/alranel/Documents/git/arduino/arduino-testlib/cli-datadir/user/libraries/Corsair_Lighting_Protocol/examples/DeviceIDTool/DeviceIDTool.ino:20:0:
/Users/alranel/Documents/git/arduino/arduino-testlib/cli-datadir/user/libraries/Hello_Drum/src/EEPROM.h:25:10: fatal error: avr/eeprom.h: No such file or directory
 #include &lt;avr/eeprom.h&gt;
          ^~~~~~~~~~~~~~
compilation terminated.
Multiple libraries were found for &#34;EEPROM.h&#34;
  Used: /Users/alranel/Documents/git/arduino/arduino-testlib/cli-datadir/user/libraries/Hello_Drum
  Not used: /Users/alranel/Documents/git/arduino/arduino-testlib/cli-datadir/user/libraries/arduino-NVM
</pre>
					
					<h4>examples/HoodLoader2CLPBridge</h4>
					<p>
						Result: <b>FAIL</b>
					</p>
					<pre class="pre-scrollable">In file included from /Users/alranel/Documents/git/arduino/arduino-testlib/cli-datadir/user/libraries/Corsair_Lighting_Protocol/src/CorsairLightingFirmware.cpp:18:0:
/Users/alranel/Documents/git/arduino/arduino-testlib/cli-datadir/user/libraries/Hello_Drum/src/EEPROM.h:25:10: fatal error: avr/eeprom.h: No such file or directory
 #include &lt;avr/eeprom.h&gt;
          ^~~~~~~~~~~~~~
compilation terminated.
Multiple libraries were found for &#34;EEPROM.h&#34;
  Used: /Users/alranel/Documents/git/arduino/arduino-testlib/cli-datadir/user/libraries/Hello_Drum
  Not used: /Users/alranel/Documents/git/arduino/arduino-testlib/cli-datadir/user/libraries/arduino-NVM
</pre>
					
					<h4>examples/HoodLoader2UnoMegaController</h4>
					<p>
						Result: <b>FAIL</b>
					</p>
					<pre class="pre-scrollable">In file included from /Users/alranel/Documents/git/arduino/arduino-testlib/cli-datadir/user/libraries/Corsair_Lighting_Protocol/src/CorsairLightingFirmware.cpp:18:0:
/Users/alranel/Documents/git/arduino/arduino-testlib/cli-datadir/user/libraries/Hello_Drum/src/EEPROM.h:25:10: fatal error: avr/eeprom.h: No such file or directory
 #include &lt;avr/eeprom.h&gt;
          ^~~~~~~~~~~~~~
compilation terminated.
Multiple libraries were found for &#34;EEPROM.h&#34;
  Used: /Users/alranel/Documents/git/arduino/arduino-testlib/cli-datadir/user/libraries/Hello_Drum
  Not used: /Users/alranel/Documents/git/arduino/arduino-testlib/cli-datadir/user/libraries/arduino-NVM
</pre>
					
					<h4>examples/LS100</h4>
					<p>
						Result: <b>FAIL</b>
					</p>
					<pre class="pre-scrollable">In file included from /Users/alranel/Documents/git/arduino/arduino-testlib/cli-datadir/user/libraries/Corsair_Lighting_Protocol/src/CorsairLightingFirmware.cpp:18:0:
/Users/alranel/Documents/git/arduino/arduino-testlib/cli-datadir/user/libraries/Hello_Drum/src/EEPROM.h:25:10: fatal error: avr/eeprom.h: No such file or directory
 #include &lt;avr/eeprom.h&gt;
          ^~~~~~~~~~~~~~
compilation terminated.
Multiple libraries were found for &#34;EEPROM.h&#34;
  Used: /Users/alranel/Documents/git/arduino/arduino-testlib/cli-datadir/user/libraries/Hello_Drum
  Not used: /Users/alranel/Documents/git/arduino/arduino-testlib/cli-datadir/user/libraries/arduino-NVM
</pre>
					
					<h4>examples/LT100</h4>
					<p>
						Result: <b>FAIL</b>
					</p>
					<pre class="pre-scrollable">In file included from /Users/alranel/Documents/git/arduino/arduino-testlib/cli-datadir/user/libraries/Corsair_Lighting_Protocol/src/CorsairLightingFirmware.cpp:18:0:
/Users/alranel/Documents/git/arduino/arduino-testlib/cli-datadir/user/libraries/Hello_Drum/src/EEPROM.h:25:10: fatal error: avr/eeprom.h: No such file or directory
 #include &lt;avr/eeprom.h&gt;
          ^~~~~~~~~~~~~~
compilation terminated.
Multiple libraries were found for &#34;EEPROM.h&#34;
  Used: /Users/alranel/Documents/git/arduino/arduino-testlib/cli-datadir/user/libraries/Hello_Drum
  Not used: /Users/alranel/Documents/git/arduino/arduino-testlib/cli-datadir/user/libraries/arduino-NVM
</pre>
					
					<h4>examples/LightingNodeCORE</h4>
					<p>
						Result: <b>FAIL</b>
					</p>
					<pre class="pre-scrollable">In file included from /Users/alranel/Documents/git/arduino/arduino-testlib/cli-datadir/user/libraries/Corsair_Lighting_Protocol/src/CorsairLightingFirmware.cpp:18:0:
/Users/alranel/Documents/git/arduino/arduino-testlib/cli-datadir/user/libraries/Hello_Drum/src/EEPROM.h:25:10: fatal error: avr/eeprom.h: No such file or directory
 #include &lt;avr/eeprom.h&gt;
          ^~~~~~~~~~~~~~
compilation terminated.
Multiple libraries were found for &#34;EEPROM.h&#34;
  Used: /Users/alranel/Documents/git/arduino/arduino-testlib/cli-datadir/user/libraries/Hello_Drum
  Not used: /Users/alranel/Documents/git/arduino/arduino-testlib/cli-datadir/user/libraries/arduino-NVM
</pre>
					
					<h4>examples/LightingNodePRO</h4>
					<p>
						Result: <b>FAIL</b>
					</p>
					<pre class="pre-scrollable">In file included from /Users/alranel/Documents/git/arduino/arduino-testlib/cli-datadir/user/libraries/Corsair_Lighting_Protocol/src/CorsairLightingFirmware.cpp:18:0:
/Users/alranel/Documents/git/arduino/arduino-testlib/cli-datadir/user/libraries/Hello_Drum/src/EEPROM.h:25:10: fatal error: avr/eeprom.h: No such file or directory
 #include &lt;avr/eeprom.h&gt;
          ^~~~~~~~~~~~~~
compilation terminated.
Multiple libraries were found for &#34;EEPROM.h&#34;
  Used: /Users/alranel/Documents/git/arduino/arduino-testlib/cli-datadir/user/libraries/Hello_Drum
  Not used: /Users/alranel/Documents/git/arduino/arduino-testlib/cli-datadir/user/libraries/arduino-NVM
</pre>
					
					<h4>examples/MultipleFans</h4>
					<p>
						Result: <b>FAIL</b>
					</p>
					<pre class="pre-scrollable">In file included from /Users/alranel/Documents/git/arduino/arduino-testlib/cli-datadir/user/libraries/Corsair_Lighting_Protocol/src/CorsairLightingFirmware.cpp:18:0:
/Users/alranel/Documents/git/arduino/arduino-testlib/cli-datadir/user/libraries/Hello_Drum/src/EEPROM.h:25:10: fatal error: avr/eeprom.h: No such file or directory
 #include &lt;avr/eeprom.h&gt;
          ^~~~~~~~~~~~~~
compilation terminated.
Multiple libraries were found for &#34;EEPROM.h&#34;
  Used: /Users/alranel/Documents/git/arduino/arduino-testlib/cli-datadir/user/libraries/Hello_Drum
  Not used: /Users/alranel/Documents/git/arduino/arduino-testlib/cli-datadir/user/libraries/arduino-NVM
</pre>
					
					<h4>examples/NonAddressable</h4>
					<p>
						Result: <b>FAIL</b>
					</p>
					<pre class="pre-scrollable">In file included from /Users/alranel/Documents/git/arduino/arduino-testlib/cli-datadir/user/libraries/Corsair_Lighting_Protocol/src/CorsairLightingFirmware.cpp:18:0:
/Users/alranel/Documents/git/arduino/arduino-testlib/cli-datadir/user/libraries/Hello_Drum/src/EEPROM.h:25:10: fatal error: avr/eeprom.h: No such file or directory
 #include &lt;avr/eeprom.h&gt;
          ^~~~~~~~~~~~~~
compilation terminated.
Multiple libraries were found for &#34;EEPROM.h&#34;
  Used: /Users/alranel/Documents/git/arduino/arduino-testlib/cli-datadir/user/libraries/Hello_Drum
  Not used: /Users/alranel/Documents/git/arduino/arduino-testlib/cli-datadir/user/libraries/arduino-NVM
</pre>
					
					<h4>examples/RepeatAndScale</h4>
					<p>
						Result: <b>FAIL</b>
					</p>
					<pre class="pre-scrollable">In file included from /Users/alranel/Documents/git/arduino/arduino-testlib/cli-datadir/user/libraries/Corsair_Lighting_Protocol/src/CorsairLightingFirmware.cpp:18:0:
/Users/alranel/Documents/git/arduino/arduino-testlib/cli-datadir/user/libraries/Hello_Drum/src/EEPROM.h:25:10: fatal error: avr/eeprom.h: No such file or directory
 #include &lt;avr/eeprom.h&gt;
          ^~~~~~~~~~~~~~
compilation terminated.
Multiple libraries were found for &#34;EEPROM.h&#34;
  Used: /Users/alranel/Documents/git/arduino/arduino-testlib/cli-datadir/user/libraries/Hello_Drum
  Not used: /Users/alranel/Documents/git/arduino/arduino-testlib/cli-datadir/user/libraries/arduino-NVM
</pre>
					
					<h4>examples/SingleStripLightingNodePRO</h4>
					<p>
						Result: <b>FAIL</b>
					</p>
					<pre class="pre-scrollable">In file included from /Users/alranel/Documents/git/arduino/arduino-testlib/cli-datadir/user/libraries/Corsair_Lighting_Protocol/src/CorsairLightingFirmware.cpp:18:0:
/Users/alranel/Documents/git/arduino/arduino-testlib/cli-datadir/user/libraries/Hello_Drum/src/EEPROM.h:25:10: fatal error: avr/eeprom.h: No such file or directory
 #include &lt;avr/eeprom.h&gt;
          ^~~~~~~~~~~~~~
compilation terminated.
Multiple libraries were found for &#34;EEPROM.h&#34;
  Used: /Users/alranel/Documents/git/arduino/arduino-testlib/cli-datadir/user/libraries/Hello_Drum
  Not used: /Users/alranel/Documents/git/arduino/arduino-testlib/cli-datadir/user/libraries/arduino-NVM
</pre>
					
					<h4>examples/TransformLLFansFormatToStrip</h4>
					<p>
						Result: <b>FAIL</b>
					</p>
					<pre class="pre-scrollable">In file included from /Users/alranel/Documents/git/arduino/arduino-testlib/cli-datadir/user/libraries/Corsair_Lighting_Protocol/src/CorsairLightingFirmware.cpp:18:0:
/Users/alranel/Documents/git/arduino/arduino-testlib/cli-datadir/user/libraries/Hello_Drum/src/EEPROM.h:25:10: fatal error: avr/eeprom.h: No such file or directory
 #include &lt;avr/eeprom.h&gt;
          ^~~~~~~~~~~~~~
compilation terminated.
Multiple libraries were found for &#34;EEPROM.h&#34;
  Used: /Users/alranel/Documents/git/arduino/arduino-testlib/cli-datadir/user/libraries/Hello_Drum
  Not used: /Users/alranel/Documents/git/arduino/arduino-testlib/cli-datadir/user/libraries/arduino-NVM
</pre>
					
					<h4>examples/UnitTests</h4>
					<p>
						Result: <b>FAIL</b>
					</p>
					<pre class="pre-scrollable">In file included from /Users/alranel/Documents/git/arduino/arduino-testlib/cli-datadir/user/libraries/Corsair_Lighting_Protocol/src/CorsairLightingFirmware.cpp:18:0:
/Users/alranel/Documents/git/arduino/arduino-testlib/cli-datadir/user/libraries/Hello_Drum/src/EEPROM.h:25:10: fatal error: avr/eeprom.h: No such file or directory
 #include &lt;avr/eeprom.h&gt;
          ^~~~~~~~~~~~~~
compilation terminated.
Multiple libraries were found for &#34;EEPROM.h&#34;
  Used: /Users/alranel/Documents/git/arduino/arduino-testlib/cli-datadir/user/libraries/Hello_Drum
  Not used: /Users/alranel/Documents/git/arduino/arduino-testlib/cli-datadir/user/libraries/arduino-NVM
</pre>
					
				
				<h3 id="esp32:esp32:d1_mini32">esp32:esp32:d1_mini32 @ 1.0.6</h3>
				<h4>Inclusion</h4>
				<p>
					Result: <b>PASS</b>
					
				</p>
				<pre class="pre-scrollable">WARNING: library Corsair_Lighting_Protocol claims to run on avr architecture(s) and may be incompatible with your current board which runs on esp32 architecture(s).
Sketch uses 207414 bytes (15%) of program storage space. Maximum is 1310720 bytes.
Global variables use 13432 bytes (4%) of dynamic memory, leaving 314248 bytes for local variables. Maximum is 327680 bytes.
In file included from /home/ec2-user/arduino-testlib/cli-datadir/user/libraries/FastLED/src/FastLED.h:67:0,
                 from /home/ec2-user/arduino-testlib/cli-datadir/user/libraries/Corsair_Lighting_Protocol/src/FastLEDController.h:18,
                 from /home/ec2-user/arduino-testlib/cli-datadir/user/libraries/Corsair_Lighting_Protocol/src/CorsairLightingProtocol.h:31,
                 from /tmp/arduino-testlib2276455373/test/test.ino:1:
/home/ec2-user/arduino-testlib/cli-datadir/user/libraries/FastLED/src/fastspi.h:145:23: note: #pragma message: No hardware SPI pins defined.  All SPI access will default to bitbanged output
 #      pragma message &#34;No hardware SPI pins defined.  All SPI access will default to bitbanged output&#34;
                       ^
In file included from /home/ec2-user/arduino-testlib/cli-datadir/user/libraries/FastLED/src/FastLED.h:67:0,
                 from /home/ec2-user/arduino-testlib/cli-datadir/user/libraries/Corsair_Lighting_Protocol/src/FastLEDController.h:18,
                 from /home/ec2-user/arduino-testlib/cli-datadir/user/libraries/Corsair_Lighting_Protocol/src/FastLEDController.cpp:16:
/home/ec2-user/arduino-testlib/cli-datadir/user/libraries/FastLED/src/fastspi.h:145:23: note: #pragma message: No hardware SPI pins defined.  All SPI access will default to bitbanged output
 #      pragma message &#34;No hardware SPI pins defined.  All SPI access will default to bitbanged output&#34;
                       ^
</pre>

					
					<h4>examples/AdditionalFeatures</h4>
					<p>
						Result: <b>FAIL</b>
					</p>
					<pre class="pre-scrollable">WARNING: library Corsair_Lighting_Protocol claims to run on avr architecture(s) and may be incompatible with your current board which runs on esp32 architecture(s).
In file included from /home/ec2-user/arduino-testlib/cli-datadir/user/libraries/FastLED/src/FastLED.h:67:0,
                 from /home/ec2-user/arduino-testlib/cli-datadir/user/libraries/Corsair_Lighting_Protocol/src/FastLEDController.h:18,
                 from /home/ec2-user/arduino-testlib/cli-datadir/user/libraries/Corsair_Lighting_Protocol/src/CorsairLightingProtocol.h:31,
                 from /home/ec2-user/arduino-testlib/cli-datadir/user/libraries/Corsair_Lighting_Protocol/examples/AdditionalFeatures/AdditionalFeatures.ino:16:
/home/ec2-user/arduino-testlib/cli-datadir/user/libraries/FastLED/src/fastspi.h:145:23: note: #pragma message: No hardware SPI pins defined.  All SPI access will default to bitbanged output
 #      pragma message &#34;No hardware SPI pins defined.  All SPI access will default to bitbanged output&#34;
                       ^
/home/ec2-user/arduino-testlib/cli-datadir/user/libraries/Corsair_Lighting_Protocol/examples/AdditionalFeatures/AdditionalFeatures.ino:32:1: error: &#39;CorsairLightingProtocolHID&#39; does not name a type
 CorsairLightingProtocolHID cHID(&amp;cLP, mySerialNumber);
 ^
/home/ec2-user/arduino-testlib/cli-datadir/user/libraries/Corsair_Lighting_Protocol/examples/AdditionalFeatures/AdditionalFeatures.ino: In function &#39;void loop()&#39;:
/home/ec2-user/arduino-testlib/cli-datadir/user/libraries/Corsair_Lighting_Protocol/examples/AdditionalFeatures/AdditionalFeatures.ino:51:2: error: &#39;cHID&#39; was not declared in this scope
  cHID.update();
  ^
Multiple libraries were found for &#34;EEPROM.h&#34;
  Used: /home/ec2-user/arduino-testlib/cli-datadir/data/packages/esp32/hardware/esp32/1.0.6/libraries/EEPROM
  Not used: /home/ec2-user/arduino-testlib/cli-datadir/user/libraries/arduino-NVM
  Not used: /home/ec2-user/arduino-testlib/cli-datadir/user/libraries/Hello_Drum
</pre>
					
					<h4>examples/AmbientBacklight</h4>
					<p>
						Result: <b>FAIL</b>
					</p>
					<pre class="pre-scrollable">WARNING: library Corsair_Lighting_Protocol claims to run on avr architecture(s) and may be incompatible with your current board which runs on esp32 architecture(s).
In file included from /home/ec2-user/arduino-testlib/cli-datadir/user/libraries/FastLED/src/FastLED.h:67:0,
                 from /home/ec2-user/arduino-testlib/cli-datadir/user/libraries/Corsair_Lighting_Protocol/src/FastLEDController.h:18,
                 from /home/ec2-user/arduino-testlib/cli-datadir/user/libraries/Corsair_Lighting_Protocol/src/CorsairLightingProtocol.h:31,
                 from /home/ec2-user/arduino-testlib/cli-datadir/user/libraries/Corsair_Lighting_Protocol/examples/AmbientBacklight/AmbientBacklight.ino:16:
/home/ec2-user/arduino-testlib/cli-datadir/user/libraries/FastLED/src/fastspi.h:145:23: note: #pragma message: No hardware SPI pins defined.  All SPI access will default to bitbanged output
 #      pragma message &#34;No hardware SPI pins defined.  All SPI access will default to bitbanged output&#34;
                       ^
/home/ec2-user/arduino-testlib/cli-datadir/user/libraries/Corsair_Lighting_Protocol/examples/AmbientBacklight/AmbientBacklight.ino:29:1: error: &#39;CorsairLightingProtocolHID&#39; does not name a type
 CorsairLightingProtocolHID cHID(&amp;cLP);
 ^
/home/ec2-user/arduino-testlib/cli-datadir/user/libraries/Corsair_Lighting_Protocol/examples/AmbientBacklight/AmbientBacklight.ino: In function &#39;void loop()&#39;:
/home/ec2-user/arduino-testlib/cli-datadir/user/libraries/Corsair_Lighting_Protocol/examples/AmbientBacklight/AmbientBacklight.ino:46:2: error: &#39;cHID&#39; was not declared in this scope
  cHID.update();
  ^
Multiple libraries were found for &#34;EEPROM.h&#34;
  Used: /home/ec2-user/arduino-testlib/cli-datadir/data/packages/esp32/hardware/esp32/1.0.6/libraries/EEPROM
  Not used: /home/ec2-user/arduino-testlib/cli-datadir/user/libraries/Hello_Drum
  Not used: /home/ec2-user/arduino-testlib/cli-datadir/user/libraries/arduino-NVM
</pre>
					
					<h4>examples/CommanderPRO</h4>
					<p>
						Result: <b>FAIL</b>
					</p>
					<pre class="pre-scrollable">WARNING: library Corsair_Lighting_Protocol claims to run on avr architecture(s) and may be incompatible with your current board which runs on esp32 architecture(s).
Multiple libraries were found for &#34;EEPROM.h&#34;
  Used: /home/ec2-user/arduino-testlib/cli-datadir/data/packages/esp32/hardware/esp32/1.0.6/libraries/EEPROM
  Not used: /home/ec2-user/arduino-testlib/cli-datadir/user/libraries/arduino-NVM
  Not used: /home/ec2-user/arduino-testlib/cli-datadir/user/libraries/Hello_Drum
</pre>
					
					<h4>examples/DebugSketch</h4>
					<p>
						Result: <b>FAIL</b>
					</p>
					<pre class="pre-scrollable">WARNING: library Corsair_Lighting_Protocol claims to run on avr architecture(s) and may be incompatible with your current board which runs on esp32 architecture(s).
In file included from /home/ec2-user/arduino-testlib/cli-datadir/user/libraries/FastLED/src/FastLED.h:67:0,
                 from /home/ec2-user/arduino-testlib/cli-datadir/user/libraries/Corsair_Lighting_Protocol/src/FastLEDController.h:18,
                 from /home/ec2-user/arduino-testlib/cli-datadir/user/libraries/Corsair_Lighting_Protocol/src/CorsairLightingProtocol.h:31,
                 from /home/ec2-user/arduino-testlib/cli-datadir/user/libraries/Corsair_Lighting_Protocol/examples/DebugSketch/DebugSketch.ino:16:
/home/ec2-user/arduino-testlib/cli-datadir/user/libraries/FastLED/src/fastspi.h:145:23: note: #pragma message: No hardware SPI pins defined.  All SPI access will default to bitbanged output
 #      pragma message &#34;No hardware SPI pins defined.  All SPI access will default to bitbanged output&#34;
                       ^
/home/ec2-user/arduino-testlib/cli-datadir/user/libraries/Corsair_Lighting_Protocol/examples/DebugSketch/DebugSketch.ino:27:1: error: &#39;CorsairLightingProtocolHID&#39; does not name a type
 CorsairLightingProtocolHID cLPS(&amp;cLP);
 ^
/home/ec2-user/arduino-testlib/cli-datadir/user/libraries/Corsair_Lighting_Protocol/examples/DebugSketch/DebugSketch.ino:32:18: error: &#39;PRINT_LOOP&#39; was not declared in this scope
 bool printLoop = PRINT_LOOP;
                  ^
/home/ec2-user/arduino-testlib/cli-datadir/user/libraries/Corsair_Lighting_Protocol/examples/DebugSketch/DebugSketch.ino:33:20: error: &#39;PRINT_UPDATE&#39; was not declared in this scope
 bool printUpdate = PRINT_UPDATE;
                    ^
/home/ec2-user/arduino-testlib/cli-datadir/user/libraries/Corsair_Lighting_Protocol/examples/DebugSketch/DebugSketch.ino: In function &#39;void loop()&#39;:
/home/ec2-user/arduino-testlib/cli-datadir/user/libraries/Corsair_Lighting_Protocol/examples/DebugSketch/DebugSketch.ino:46:2: error: &#39;cLPS&#39; was not declared in this scope
  cLPS.update();
  ^
Multiple libraries were found for &#34;EEPROM.h&#34;
  Used: /home/ec2-user/arduino-testlib/cli-datadir/data/packages/esp32/hardware/esp32/1.0.6/libraries/EEPROM
  Not used: /home/ec2-user/arduino-testlib/cli-datadir/user/libraries/arduino-NVM
  Not used: /home/ec2-user/arduino-testlib/cli-datadir/user/libraries/Hello_Drum
</pre>
					
					<h4>examples/DeviceIDTool</h4>
					<p>
						Result: <b>PASS</b>
					</p>
					<pre class="pre-scrollable">WARNING: library Corsair_Lighting_Protocol claims to run on avr architecture(s) and may be incompatible with your current board which runs on esp32 architecture(s).
Sketch uses 213114 bytes (16%) of program storage space. Maximum is 1310720 bytes.
Global variables use 13672 bytes (4%) of dynamic memory, leaving 314008 bytes for local variables. Maximum is 327680 bytes.
In file included from /home/ec2-user/arduino-testlib/cli-datadir/user/libraries/FastLED/src/FastLED.h:67:0,
                 from /home/ec2-user/arduino-testlib/cli-datadir/user/libraries/Corsair_Lighting_Protocol/src/LEDController.h:23,
                 from /home/ec2-user/arduino-testlib/cli-datadir/user/libraries/Corsair_Lighting_Protocol/src/LEDController.cpp:16:
/home/ec2-user/arduino-testlib/cli-datadir/user/libraries/FastLED/src/fastspi.h:145:23: note: #pragma message: No hardware SPI pins defined.   SPI pins defined.  All SPI access will default to bitbanged output
 #      pragma message &#34;No hardware SPI pins defined.  All SPI access will default to bitbanged output&#34;
             </pre>
					
					<h4>examples/HoodLoader2CLPBridge</h4>
					<p>
						Result: <b>FAIL</b>
					</p>
					<pre class="pre-scrollable">WARNING: library Corsair_Lighting_Protocol claims to run on avr architecture(s) and may be incompatible with your current board which runs on esp32 architecture(s).
Multiple libraries were found for &#34;EEPROM.h&#34;
  Used: /home/ec2-user/arduino-testlib/cli-datadir/data/packages/esp32/hardware/esp32/1.0.6/libraries/EEPROM
  Not used: /home/ec2-user/arduino-testlib/cli-datadir/user/libraries/Hello_Drum
  Not used: /home/ec2-user/arduino-testlib/cli-datadir/user/libraries/arduino-NVM
</pre>
					
					<h4>examples/HoodLoader2UnoMegaController</h4>
					<p>
						Result: <b>PASS</b>
					</p>
					<pre class="pre-scrollable">WARNING: library Corsair_Lighting_Protocol claims to run on avr architecture(s) and may be incompatible with your current board which runs on esp32 architecture(s).
Sketch uses 233686 bytes (17%) of program storage space. Maximum is 1310720 bytes.
Global variables use 14960 bytes (4%) of dynamic memory, leaving 312720 bytes for local variables. Maximum is 327680 bytes.
In file included from /home/ec2-user/arduino-testlib/cli-datadir/user/libraries/FastLED/src/FastLED.h:67:0,
                 from /home/ec2-user/arduino-testlib/cli-datadir/user/libraries/Corsair_Lighting_Protocol/src/FastLEDController.h:18,
                 from /home/ec2-user/arduino-testlib/cli-datadir/user/libraries/Corsair_Lighting_Protocol/src/CorsairLightingProtocol.h:31,
                 from /home/ec2-user/arduino-testlib/cli-datadir/user/libraries/Corsair_Lighting_Protocol/examples/HoodLoader2UnoMegaController/HoodLoader2UnoMegaController.ino:16:
/home/ec2-user/arduino-testlib/cli-datadir/user/libraries/FastLED/src/fastspi.h:145:23: note: #pragma message: No hardware SPI pins defined.  All SPI access will default to bitbanged output
 #      pragma message &#34;No hardware SPI pins defined.  All SPI access will default to bitbanged output&#34;
                       ^
In file included from /home/ec2-user/arduino-testlib/cli-datadir/user/libraries/FastLED/src/FastLED.h:67:0,
                 from /home/ec2-user/arduino-testlib/cli-datadir/user/libraries/Corsair_Lighting_Protocol/src/LEDController.h:23,
                 from /home/ec2-user/arduino-testlib/cli-datadir/user/libraries/Corsair_Lighting_Protocol/src/CorsairLightingProtocolController.cpp:18:
/home/ec2-user/arduino-testlib/cli-datadir/user/libraries/FastLED/src/fastspi.h:145:23: note: #pragma message: No hardware SPI pins defined.  All SPI access will default to bitbanged output
 #      pragma message &#34;No hardware SPI pins defined.  All SPI access willd output&#34;
                       ^
      ^
</pre>
					
					<h4>examples/LS100</h4>
					<p>
						Result: <b>FAIL</b>
					</p>
					<pre class="pre-scrollable">WARNING: library Corsair_Lighting_Protocol claims to run on avr architecture(s) and may be incompatible with your current board which runs on esp32 architecture(s).
In file included from /home/ec2-user/arduino-testlib/cli-datadir/user/libraries/FastLED/src/FastLED.h:67:0,
                 from /home/ec2-user/arduino-testlib/cli-datadir/user/libraries/Corsair_Lighting_Protocol/src/FastLEDController.h:18,
                 from /home/ec2-user/arduino-testlib/cli-datadir/user/libraries/Corsair_Lighting_Protocol/src/CorsairLightingProtocol.h:31,
                 from /home/ec2-user/arduino-testlib/cli-datadir/user/libraries/Corsair_Lighting_Protocol/examples/LS100/LS100.ino:16:
/home/ec2-user/arduino-testlib/cli-datadir/user/libraries/FastLED/src/fastspi.h:145:23: note: #pragma message: No hardware SPI pins defined.  All SPI access will default to bitbanged output
 #      pragma message &#34;No hardware SPI pins defined.  All SPI access will default to bitbanged output&#34;
                       ^
/home/ec2-user/arduino-testlib/cli-datadir/user/libraries/Corsair_Lighting_Protocol/examples/LS100/LS100.ino:32:1: error: &#39;CorsairLightingProtocolHID&#39; does not name a type
 CorsairLightingProtocolHID cHID(&amp;cLP);
 ^
/home/ec2-user/arduino-testlib/cli-datadir/user/libraries/Corsair_Lighting_Protocol/examples/LS100/LS100.ino: In function &#39;void loop()&#39;:
/home/ec2-user/arduino-testlib/cli-datadir/user/libraries/Corsair_Lighting_Protocol/examples/LS100/LS100.ino:44:2: error: &#39;cHID&#39; was not declared in this scope
  cHID.update();
  ^
Multiple libraries were found for &#34;EEPROM.h&#34;
  Used: /home/ec2-user/arduino-testlib/cli-datadir/data/packages/esp32/hardware/esp32/1.0.6/libraries/EEPROM
  Not used: /home/ec2-user/arduino-testlib/cli-datadir/user/libraries/arduino-NVM
  Not used: /home/ec2-user/arduino-testlib/cli-datadir/user/libraries/Hello_Drum
</pre>
					
					<h4>examples/LT100</h4>
					<p>
						Result: <b>FAIL</b>
					</p>
					<pre class="pre-scrollable">WARNING: library Corsair_Lighting_Protocol claims to run on avr architecture(s) and may be incompatible with your current board which runs on esp32 architecture(s).
In file included from /home/ec2-user/arduino-testlib/cli-datadir/user/libraries/FastLED/src/FastLED.h:67:0,
                 from /home/ec2-user/arduino-testlib/cli-datadir/user/libraries/Corsair_Lighting_Protocol/src/FastLEDController.h:18,
                 from /home/ec2-user/arduino-testlib/cli-datadir/user/libraries/Corsair_Lighting_Protocol/src/CorsairLightingProtocol.h:31,
                 from /home/ec2-user/arduino-testlib/cli-datadir/user/libraries/Corsair_Lighting_Protocol/examples/LT100/LT100.ino:16:
/home/ec2-user/arduino-testlib/cli-datadir/user/libraries/FastLED/src/fastspi.h:145:23: note: #pragma message: No hardware SPI pins defined.  All SPI access will default to bitbanged output
 #      pragma message &#34;No hardware SPI pins defined.  All SPI access will default to bitbanged output&#34;
                       ^
/home/ec2-user/arduino-testlib/cli-datadir/user/libraries/Corsair_Lighting_Protocol/examples/LT100/LT100.ino:26:1: error: &#39;CorsairLightingProtocolHID&#39; does not name a type
 CorsairLightingProtocolHID cHID(&amp;cLP);
 ^
/home/ec2-user/arduino-testlib/cli-datadir/user/libraries/Corsair_Lighting_Protocol/examples/LT100/LT100.ino: In function &#39;void loop()&#39;:
/home/ec2-user/arduino-testlib/cli-datadir/user/libraries/Corsair_Lighting_Protocol/examples/LT100/LT100.ino:34:2: error: &#39;cHID&#39; was not declared in this scope
  cHID.update();
  ^
Multiple libraries were found for &#34;EEPROM.h&#34;
  Used: /home/ec2-user/arduino-testlib/cli-datadir/data/packages/esp32/hardware/esp32/1.0.6/libraries/EEPROM
  Not used: /home/ec2-user/arduino-testlib/cli-datadir/user/libraries/Hello_Drum
  Not used: /home/ec2-user/arduino-testlib/cli-datadir/user/libraries/arduino-NVM
</pre>
					
					<h4>examples/LightingNodeCORE</h4>
					<p>
						Result: <b>FAIL</b>
					</p>
					<pre class="pre-scrollable">WARNING: library Corsair_Lighting_Protocol claims to run on avr architecture(s) and may be incompatible with your current board which runs on esp32 architecture(s).
In file included from /home/ec2-user/arduino-testlib/cli-datadir/user/libraries/FastLED/src/FastLED.h:67:0,
                 from /home/ec2-user/arduino-testlib/cli-datadir/user/libraries/Corsair_Lighting_Protocol/src/FastLEDController.h:18,
                 from /home/ec2-user/arduino-testlib/cli-datadir/user/libraries/Corsair_Lighting_Protocol/src/CorsairLightingProtocol.h:31,
                 from /home/ec2-user/arduino-testlib/cli-datadir/user/libraries/Corsair_Lighting_Protocol/examples/LightingNodeCORE/LightingNodeCORE.ino:16:
/home/ec2-user/arduino-testlib/cli-datadir/user/libraries/FastLED/src/fastspi.h:145:23: note: #pragma message: No hardware SPI pins defined.  All SPI access will default to bitbanged output
 #      pragma message &#34;No hardware SPI pins defined.  All SPI access will default to bitbanged output&#34;
                       ^
/home/ec2-user/arduino-testlib/cli-datadir/user/libraries/Corsair_Lighting_Protocol/examples/LightingNodeCORE/LightingNodeCORE.ino:26:1: error: &#39;CorsairLightingProtocolHID&#39; does not name a type
 CorsairLightingProtocolHID cHID(&amp;cLP);
 ^
/home/ec2-user/arduino-testlib/cli-datadir/user/libraries/Corsair_Lighting_Protocol/examples/LightingNodeCORE/LightingNodeCORE.ino: In function &#39;void loop()&#39;:
/home/ec2-user/arduino-testlib/cli-datadir/user/libraries/Corsair_Lighting_Protocol/examples/LightingNodeCORE/LightingNodeCORE.ino:34:2: error: &#39;cHID&#39; was not declared in this scope
  cHID.update();
  ^
Multiple libraries were found for &#34;EEPROM.h&#34;
  Used: /home/ec2-user/arduino-testlib/cli-datadir/data/packages/esp32/hardware/esp32/1.0.6/libraries/EEPROM
  Not used: /home/ec2-user/arduino-testlib/cli-datadir/user/libraries/Hello_Drum
  Not used: /home/ec2-user/arduino-testlib/cli-datadir/user/libraries/arduino-NVM
</pre>
					
					<h4>examples/LightingNodePRO</h4>
					<p>
						Result: <b>FAIL</b>
					</p>
					<pre class="pre-scrollable">WARNING: library Corsair_Lighting_Protocol claims to run on avr architecture(s) and may be incompatible with your current board which runs on esp32 architecture(s).
In file included from /home/ec2-user/arduino-testlib/cli-datadir/user/libraries/FastLED/src/FastLED.h:67:0,
                 from /home/ec2-user/arduino-testlib/cli-datadir/user/libraries/Corsair_Lighting_Protocol/src/FastLEDController.h:18,
                 from /home/ec2-user/arduino-testlib/cli-datadir/user/libraries/Corsair_Lighting_Protocol/src/CorsairLightingProtocol.h:31,
                 from /home/ec2-user/arduino-testlib/cli-datadir/user/libraries/Corsair_Lighting_Protocol/examples/LightingNodePRO/LightingNodePRO.ino:16:
/home/ec2-user/arduino-testlib/cli-datadir/user/libraries/FastLED/src/fastspi.h:145:23: note: #pragma message: No hardware SPI pins defined.  All SPI access will default to bitbanged output
 #      pragma message &#34;No hardware SPI pins defined.  All SPI access will default to bitbanged output&#34;
                       ^
/home/ec2-user/arduino-testlib/cli-datadir/user/libraries/Corsair_Lighting_Protocol/examples/LightingNodePRO/LightingNodePRO.ino:28:1: error: &#39;CorsairLightingProtocolHID&#39; does not name a type
 CorsairLightingProtocolHID cHID(&amp;cLP);
 ^
/home/ec2-user/arduino-testlib/cli-datadir/user/libraries/Corsair_Lighting_Protocol/examples/LightingNodePRO/LightingNodePRO.ino: In function &#39;void loop()&#39;:
/home/ec2-user/arduino-testlib/cli-datadir/user/libraries/Corsair_Lighting_Protocol/examples/LightingNodePRO/LightingNodePRO.ino:38:2: error: &#39;cHID&#39; was not declared in this scope
  cHID.update();
  ^
Multiple libraries were found for &#34;EEPROM.h&#34;
  Used: /home/ec2-user/arduino-testlib/cli-datadir/data/packages/esp32/hardware/esp32/1.0.6/libraries/EEPROM
  Not used: /home/ec2-user/arduino-testlib/cli-datadir/user/libraries/Hello_Drum
  Not used: /home/ec2-user/arduino-testlib/cli-datadir/user/libraries/arduino-NVM
</pre>
					
					<h4>examples/MultipleFans</h4>
					<p>
						Result: <b>FAIL</b>
					</p>
					<pre class="pre-scrollable">WARNING: library Corsair_Lighting_Protocol claims to run on avr architecture(s) and may be incompatible with your current board which runs on esp32 architecture(s).
In file included from /home/ec2-user/arduino-testlib/cli-datadir/user/libraries/FastLED/src/FastLED.h:67:0,
                 from /home/ec2-user/arduino-testlib/cli-datadir/user/libraries/Corsair_Lighting_Protocol/src/FastLEDController.h:18,
                 from /home/ec2-user/arduino-testlib/cli-datadir/user/libraries/Corsair_Lighting_Protocol/src/CorsairLightingProtocol.h:31,
                 from /home/ec2-user/arduino-testlib/cli-datadir/user/libraries/Corsair_Lighting_Protocol/examples/MultipleFans/MultipleFans.ino:16:
/home/ec2-user/arduino-testlib/cli-datadir/user/libraries/FastLED/src/fastspi.h:145:23: note: #pragma message: No hardware SPI pins defined.  All SPI access will default to bitbanged output
 #      pragma message &#34;No hardware SPI pins defined.  All SPI access will default to bitbanged output&#34;
                       ^
/home/ec2-user/arduino-testlib/cli-datadir/user/libraries/Corsair_Lighting_Protocol/examples/MultipleFans/MultipleFans.ino:35:1: error: &#39;CorsairLightingProtocolHID&#39; does not name a type
 CorsairLightingProtocolHID cHID(&amp;cLP);
 ^
/home/ec2-user/arduino-testlib/cli-datadir/user/libraries/Corsair_Lighting_Protocol/examples/MultipleFans/MultipleFans.ino: In function &#39;void loop()&#39;:
/home/ec2-user/arduino-testlib/cli-datadir/user/libraries/Corsair_Lighting_Protocol/examples/MultipleFans/MultipleFans.ino:54:2: error: &#39;cHID&#39; was not declared in this scope
  cHID.update();
  ^
In file included from /home/ec2-user/arduino-testlib/cli-datadir/user/libraries/FastLED/src/platforms/esp/32/fastled_esp32.h:12:0,
                 from /home/ec2-user/arduino-testlib/cli-datadir/user/libraries/FastLED/src/platforms.h:36,
                 from /home/ec2-user/arduino-testlib/cli-datadir/user/libraries/FastLED/src/FastLED.h:54,
                 from /home/ec2-user/arduino-testlib/cli-datadir/user/libraries/Corsair_Lighting_Protocol/src/FastLEDController.h:18,
                 from /home/ec2-user/arduino-testlib/cli-datadir/user/libraries/Corsair_Lighting_Protocol/src/CorsairLightingProtocol.h:31,
                 from /home/ec2-user/arduino-testlib/cli-datadir/user/libraries/Corsair_Lighting_Protocol/examples/MultipleFans/MultipleFans.ino:16:
/home/ec2-user/arduino-testlib/cli-datadir/user/libraries/FastLED/src/platforms/esp/32/clockless_rmt_esp32.h: In instantiation of &#39;class ClocklessController&lt;6, 60, 150, 90, (EOrder)66u, 0, false, 5&gt;&#39;:
/home/ec2-user/arduino-testlib/cli-datadir/user/libraries/FastLED/src/chipsets.h:578:7:   required from &#39;class WS2812Controller800Khz&lt;6u, (EOrder)66u&gt;&#39;
/home/ec2-user/arduino-testlib/cli-datadir/user/libraries/FastLED/src/FastLED.h:107:52:   required from &#39;class WS2812B&lt;6u, (EOrder)66u&gt;&#39;
/home/ec2-user/arduino-testlib/cli-datadir/user/libraries/FastLED/src/FastLED.h:304:39:   required from &#39;static CLEDController&amp; CFastLED::addLeds(CRGB*, int, int) [with CHIPSET = WS2812B; unsigned char DATA_PIN = 6u; EOrder RGB_ORDER = (EOrder)66u]&#39;
/home/ec2-user/arduino-testlib/cli-datadir/user/libraries/Corsair_Lighting_Protocol/examples/MultipleFans/MultipleFans.ino:44:112:   required from here
/home/ec2-user/arduino-testlib/cli-datadir/user/libraries/FastLED/src/platforms/esp/32/clockless_rmt_esp32.h:358:5: error: static assertion failed: Invalid pin specified
     static_assert(FastPin&lt;DATA_PIN&gt;::validpin(), &#34;Invalid pin specified&#34;);
     ^
/home/ec2-user/arduino-testlib/cli-datadir/user/libraries/FastLED/src/platforms/esp/32/clockless_rmt_esp32.h: In instantiation of &#39;class ClocklessController&lt;7, 60, 150, 90, (EOrder)66u, 0, false, 5&gt;&#39;:
/home/ec2-user/arduino-testlib/cli-datadir/user/libraries/FastLED/src/chipsets.h:578:7:   required from &#39;class WS2812Controller800Khz&lt;7u, (EOrder)66u&gt;&#39;
/home/ec2-user/arduino-testlib/cli-datadir/user/libraries/FastLED/src/FastLED.h:107:52:   required from &#39;class WS2812B&lt;7u, (EOrder)66u&gt;&#39;
/home/ec2-user/arduino-testlib/cli-datadir/user/libraries/FastLED/src/FastLED.h:304:39:   required from &#39;static CLEDController&amp; CFastLED::addLeds(CRGB*, int, int) [with CHIPSET = WS2812B; unsigned char DATA_PIN = 7u; EOrder RGB_ORDER = (EOrder)66u]&#39;
/home/ec2-user/arduino-testlib/cli-datadir/user/libraries/Corsair_Lighting_Protocol/examples/MultipleFans/MultipleFans.ino:45:112:   required from here
/home/ec2-user/arduino-testlib/cli-datadir/user/libraries/FastLED/src/platforms/esp/32/clockless_rmt_esp32.h:358:5: error: static assertion failed: Invalid pin specified
/home/ec2-user/arduino-testlib/cli-datadir/user/libraries/FastLED/src/platforms/esp/32/clockless_rmt_esp32.h: In instantiation of &#39;class ClocklessController&lt;8, 60, 150, 90, (EOrder)66u, 0, false, 5&gt;&#39;:
/home/ec2-user/arduino-testlib/cli-datadir/user/libraries/FastLED/src/chipsets.h:578:7:   required from &#39;class WS2812Controller800Khz&lt;8u, (EOrder)66u&gt;&#39;
/home/ec2-user/arduino-testlib/cli-datadir/user/libraries/FastLED/src/FastLED.h:107:52:   required from &#39;class WS2812B&lt;8u, (EOrder)66u&gt;&#39;
/home/ec2-user/arduino-testlib/cli-datadir/user/libraries/FastLED/src/FastLED.h:304:39:   required from &#39;static CLEDController&amp; CFastLED::addLeds(CRGB*, int, int) [with CHIPSET = WS2812B; unsigned char DATA_PIN = 8u; EOrder RGB_ORDER = (EOrder)66u]&#39;
/home/ec2-user/arduino-testlib/cli-datadir/user/libraries/Corsair_Lighting_Protocol/examples/MultipleFans/MultipleFans.ino:48:68:   required from here
/home/ec2-user/arduino-testlib/cli-datadir/user/libraries/FastLED/src/platforms/esp/32/clockless_rmt_esp32.h:358:5: error: static assertion failed: Invalid pin specified
Multiple libraries were found for &#34;EEPROM.h&#34;
  Used: /home/ec2-user/arduino-testlib/cli-datadir/data/packages/esp32/hardware/esp32/1.0.6/libraries/EEPROM
  Not used: /home/ec2-user/arduino-testlib/cli-datadir/user/libraries/Hello_Drum
  Not used: /home/ec2-user/arduino-testlib/cli-datadir/user/libraries/arduino-NVM
</pre>
					
					<h4>examples/NonAddressable</h4>
					<p>
						Result: <b>FAIL</b>
					</p>
					<pre class="pre-scrollable">WARNING: library Corsair_Lighting_Protocol claims to run on avr architecture(s) and may be incompatible with your current board which runs on esp32 architecture(s).
In file included from /home/ec2-user/arduino-testlib/cli-datadir/user/libraries/FastLED/src/FastLED.h:67:0,
                 from /home/ec2-user/arduino-testlib/cli-datadir/user/libraries/Corsair_Lighting_Protocol/src/FastLEDController.h:18,
                 from /home/ec2-user/arduino-testlib/cli-datadir/user/libraries/Corsair_Lighting_Protocol/src/CorsairLightingProtocol.h:31,
                 from /home/ec2-user/arduino-testlib/cli-datadir/user/libraries/Corsair_Lighting_Protocol/examples/NonAddressable/NonAddressable.ino:16:
/home/ec2-user/arduino-testlib/cli-datadir/user/libraries/FastLED/src/fastspi.h:145:23: note: #pragma message: No hardware SPI pins defined.  All SPI access will default to bitbanged output
 #      pragma message &#34;No hardware SPI pins defined.  All SPI access will default to bitbanged output&#34;
                       ^
/home/ec2-user/arduino-testlib/cli-datadir/user/libraries/Corsair_Lighting_Protocol/examples/NonAddressable/NonAddressable.ino:28:1: error: &#39;CorsairLightingProtocolHID&#39; does not name a type
 CorsairLightingProtocolHID cHID(&amp;cLP);
 ^
/home/ec2-user/arduino-testlib/cli-datadir/user/libraries/Corsair_Lighting_Protocol/examples/NonAddressable/NonAddressable.ino: In function &#39;void loop()&#39;:
/home/ec2-user/arduino-testlib/cli-datadir/user/libraries/Corsair_Lighting_Protocol/examples/NonAddressable/NonAddressable.ino:44:2: error: &#39;cHID&#39; was not declared in this scope
  cHID.update();
  ^
/home/ec2-user/arduino-testlib/cli-datadir/user/libraries/Corsair_Lighting_Protocol/examples/NonAddressable/NonAddressable.ino: In function &#39;void set4PinLEDs(const CRGB&amp;)&#39;:
/home/ec2-user/arduino-testlib/cli-datadir/user/libraries/Corsair_Lighting_Protocol/examples/NonAddressable/NonAddressable.ino:49:30: error: &#39;analogWrite&#39; was not declared in this scope
  analogWrite(RED_PIN, color.r);
                              ^
Multiple libraries were found for &#34;EEPROM.h&#34;
  Used: /home/ec2-user/arduino-testlib/cli-datadir/data/packages/esp32/hardware/esp32/1.0.6/libraries/EEPROM
  Not used: /home/ec2-user/arduino-testlib/cli-datadir/user/libraries/Hello_Drum
  Not used: /home/ec2-user/arduino-testlib/cli-datadir/user/libraries/arduino-NVM
</pre>
					
					<h4>examples/RepeatAndScale</h4>
					<p>
						Result: <b>FAIL</b>
					</p>
					<pre class="pre-scrollable">WARNING: library Corsair_Lighting_Protocol claims to run on avr architecture(s) and may be incompatible with your current board which runs on esp32 architecture(s).
In file included from /home/ec2-user/arduino-testlib/cli-datadir/user/libraries/FastLED/src/FastLED.h:67:0,
                 from /home/ec2-user/arduino-testlib/cli-datadir/user/libraries/Corsair_Lighting_Protocol/src/FastLEDController.h:18,
                 from /home/ec2-user/arduino-testlib/cli-datadir/user/libraries/Corsair_Lighting_Protocol/src/CorsairLightingProtocol.h:31,
                 from /home/ec2-user/arduino-testlib/cli-datadir/user/libraries/Corsair_Lighting_Protocol/examples/RepeatAndScale/RepeatAndScale.ino:16:
/home/ec2-user/arduino-testlib/cli-datadir/user/libraries/FastLED/src/fastspi.h:145:23: note: #pragma message: No hardware SPI pins defined.  All SPI access will default to bitbanged output
 #      pragma message &#34;No hardware SPI pins defined.  All SPI access will default to bitbanged output&#34;
                       ^
/home/ec2-user/arduino-testlib/cli-datadir/user/libraries/Corsair_Lighting_Protocol/examples/RepeatAndScale/RepeatAndScale.ino:28:1: error: &#39;CorsairLightingProtocolHID&#39; does not name a type
 CorsairLightingProtocolHID cHID(&amp;cLP);
 ^
/home/ec2-user/arduino-testlib/cli-datadir/user/libraries/Corsair_Lighting_Protocol/examples/RepeatAndScale/RepeatAndScale.ino: In function &#39;void loop()&#39;:
/home/ec2-user/arduino-testlib/cli-datadir/user/libraries/Corsair_Lighting_Protocol/examples/RepeatAndScale/RepeatAndScale.ino:44:2: error: &#39;cHID&#39; was not declared in this scope
  cHID.update();
  ^
Multiple libraries were found for &#34;EEPROM.h&#34;
  Used: /home/ec2-user/arduino-testlib/cli-datadir/data/packages/esp32/hardware/esp32/1.0.6/libraries/EEPROM
  Not used: /home/ec2-user/arduino-testlib/cli-datadir/user/libraries/Hello_Drum
  Not used: /home/ec2-user/arduino-testlib/cli-datadir/user/libraries/arduino-NVM
</pre>
					
					<h4>examples/SingleStripLightingNodePRO</h4>
					<p>
						Result: <b>FAIL</b>
					</p>
					<pre class="pre-scrollable">WARNING: library Corsair_Lighting_Protocol claims to run on avr architecture(s) and may be incompatible with your current board which runs on esp32 architecture(s).
In file included from /home/ec2-user/arduino-testlib/cli-datadir/user/libraries/FastLED/src/FastLED.h:67:0,
                 from /home/ec2-user/arduino-testlib/cli-datadir/user/libraries/Corsair_Lighting_Protocol/src/FastLEDController.h:18,
                 from /home/ec2-user/arduino-testlib/cli-datadir/user/libraries/Corsair_Lighting_Protocol/src/CorsairLightingProtocol.h:31,
                 from /home/ec2-user/arduino-testlib/cli-datadir/user/libraries/Corsair_Lighting_Protocol/examples/SingleStripLightingNodePRO/SingleStripLightingNodePRO.ino:16:
/home/ec2-user/arduino-testlib/cli-datadir/user/libraries/FastLED/src/fastspi.h:145:23: note: #pragma message: No hardware SPI pins defined.  All SPI access will default to bitbanged output
 #      pragma message &#34;No hardware SPI pins defined.  All SPI access will default to bitbanged output&#34;
                       ^
/home/ec2-user/arduino-testlib/cli-datadir/user/libraries/Corsair_Lighting_Protocol/examples/SingleStripLightingNodePRO/SingleStripLightingNodePRO.ino:33:1: error: &#39;CorsairLightingProtocolHID&#39; does not name a type
 CorsairLightingProtocolHID cHID(&amp;cLP);
 ^
/home/ec2-user/arduino-testlib/cli-datadir/user/libraries/Corsair_Lighting_Protocol/examples/SingleStripLightingNodePRO/SingleStripLightingNodePRO.ino: In function &#39;void loop()&#39;:
/home/ec2-user/arduino-testlib/cli-datadir/user/libraries/Corsair_Lighting_Protocol/examples/SingleStripLightingNodePRO/SingleStripLightingNodePRO.ino:49:2: error: &#39;cHID&#39; was not declared in this scope
  cHID.update();
  ^
Multiple libraries were found for &#34;EEPROM.h&#34;
  Used: /home/ec2-user/arduino-testlib/cli-datadir/data/packages/esp32/hardware/esp32/1.0.6/libraries/EEPROM
  Not used: /home/ec2-user/arduino-testlib/cli-datadir/user/libraries/Hello_Drum
  Not used: /home/ec2-user/arduino-testlib/cli-datadir/user/libraries/arduino-NVM
</pre>
					
					<h4>examples/TransformLLFansFormatToStrip</h4>
					<p>
						Result: <b>FAIL</b>
					</p>
					<pre class="pre-scrollable">WARNING: library Corsair_Lighting_Protocol claims to run on avr architecture(s) and may be incompatible with your current board which runs on esp32 architecture(s).
In file included from /home/ec2-user/arduino-testlib/cli-datadir/user/libraries/FastLED/src/FastLED.h:67:0,
                 from /home/ec2-user/arduino-testlib/cli-datadir/user/libraries/Corsair_Lighting_Protocol/src/FastLEDController.h:18,
                 from /home/ec2-user/arduino-testlib/cli-datadir/user/libraries/Corsair_Lighting_Protocol/src/CorsairLightingProtocol.h:31,
                 from /home/ec2-user/arduino-testlib/cli-datadir/user/libraries/Corsair_Lighting_Protocol/examples/TransformLLFansFormatToStrip/TransformLLFansFormatToStrip.ino:16:
/home/ec2-user/arduino-testlib/cli-datadir/user/libraries/FastLED/src/fastspi.h:145:23: note: #pragma message: No hardware SPI pins defined.  All SPI access will default to bitbanged output
 #      pragma message &#34;No hardware SPI pins defined.  All SPI access will default to bitbanged output&#34;
                       ^
/home/ec2-user/arduino-testlib/cli-datadir/user/libraries/Corsair_Lighting_Protocol/examples/TransformLLFansFormatToStrip/TransformLLFansFormatToStrip.ino:28:1: error: &#39;CorsairLightingProtocolHID&#39; does not name a type
 CorsairLightingProtocolHID cHID(&amp;cLP);
 ^
/home/ec2-user/arduino-testlib/cli-datadir/user/libraries/Corsair_Lighting_Protocol/examples/TransformLLFansFormatToStrip/TransformLLFansFormatToStrip.ino: In function &#39;void loop()&#39;:
/home/ec2-user/arduino-testlib/cli-datadir/user/libraries/Corsair_Lighting_Protocol/examples/TransformLLFansFormatToStrip/TransformLLFansFormatToStrip.ino:41:2: error: &#39;cHID&#39; was not declared in this scope
  cHID.update();
  ^
Multiple libraries were found for &#34;EEPROM.h&#34;
  Used: /home/ec2-user/arduino-testlib/cli-datadir/data/packages/esp32/hardware/esp32/1.0.6/libraries/EEPROM
  Not used: /home/ec2-user/arduino-testlib/cli-datadir/user/libraries/arduino-NVM
  Not used: /home/ec2-user/arduino-testlib/cli-datadir/user/libraries/Hello_Drum
</pre>
					
					<h4>examples/UnitTests</h4>
					<p>
						Result: <b>PASS</b>
					</p>
					<pre class="pre-scrollable">WARNING: library Corsair_Lighting_Protocol claims to run on avr architecture(s) and may be incompatible with your current board which runs on esp32 architecture(s).
Sketch uses 235054 bytes (17%) of program storage space. Maximum is 1310720 bytes.
Global variables use 14128 bytes (4%) of dynamic memory, leaving 313552 bytes for local variables. Maximum is 327680 bytes.
In file included from /home/ec2-user/arduino-testlib/cli-datadir/user/libraries/FastLED/src/FastLED.h:67:0,
                 from /home/ec2-user/arduino-testlib/cli-datadir/user/libraries/Corsair_Lighting_Protocol/src/FastLEDController.h:18,
                 from /home/ec2-user/arduino-testlib/cli-datadir/user/libraries/Corsair_Lighting_Protocol/src/FastLEDControllerUtils.h:19,
                 from UnitTests.ino:20:
/home/ec2-user/arduino-testlib/cli-datadir/user/libraries/FastLED/src/fastspi.h:145:23: note: #pragma message: No hardware SPI pins defined.  All SPI access will default to bitbanged output
 #      pragma message &#34;No hardware SPI pins defined.  All SPI access will default to bitbanged output&#34;
                       ^
In file included from /home/ec2-user/arduino-testlib/cli-datadir/user/libraries/FastLED/src/FastLED.h:67:0,
                 from /home/ec2-user/arduino-testlib/cli-datadir/user/libraries/Corsair_Lighting_Protocol/src/FastLEDController.h:18,
                 from /home/ec2-user/arduino-testlib/cli-datadir/user/libraries/Corsair_Lighting_Protocol/src/FastLEDController.cpp:16:
/home/ec2-user/arduino-testlib/cli-datadir/user/libraries/FastLED/src/fastspi.h:145:23: note: #pragma message: No hardware SPI pins defined.  All SPI access will default to bitbanged output
 #      pragma message &#34;No hardware SPI pins defined.  All SPI access will default to bitbanged output&#34;
                       ^
</pre>
					
				
			</div>
		</div>
	</div>
  </body>
</html>
