
<!doctype html>
<html lang="en">
  <head>
    <meta charset="utf-8">
    <meta name="viewport" content="width=device-width, initial-scale=1">
    <link href="https://cdn.jsdelivr.net/npm/bootstrap@5.0.2/dist/css/bootstrap.min.css" rel="stylesheet" integrity="sha384-EVSTQN3/azprG1Anm3QDgpJLIm9Nao0Yz1ztcQTwFspd3yD65VohhpuuCOmLASjC" crossorigin="anonymous">
    <title>arduino-testlib report</title>
	<style>
	.pass { background-color: #00FF00 !important; }
	.fail { background-color: #FF0000 !important; }
	</style>
  </head>
  <body>
	<div class="container">
		<div class="row">
			<div class="col">
				<h1>Dimmable Light for Arduino - compatibility matrix</h1>
				<p>
					<small>This report was generated on Monday, 21-Feb-22 12:00:25 CET using 
					<a href="https://github.com/alranel/arduino-testlib">arduino-testlib</a>.</small>
				</p>

				<h2>Dimmable Light for Arduino</h2>
				<p>
					Version: <b>1.4.0</b>
					<br />
					<a href="https://www.arduino.cc/reference/en/libraries/dimmable-light-for-arduino/">More details</a>
				</p>

				<h2>Compatibility matrix</h2>
				<table class="table table-bordered">
					<tr>
						<th>Board</th>
						<th>Claims compatibility</th>
						<th>Inclusion</th>
						
						<th><pre>7_linearized_dimmable_light</pre></th>
						
						<th><pre>1_dimmable_light</pre></th>
						
						<th><pre>2_dimmable_lights</pre></th>
						
						<th><pre>3_dimmable_light_5_light</pre></th>
						
						<th><pre>4_lights_manager</pre></th>
						
						<th><pre>5_dimmable_manager_n_lights</pre></th>
						
						<th><pre>6_8_lights_effects</pre></th>
						
					</tr>
					
					<tr>
						<td>
							<a href="#arduino%3aavr%3auno"><b>arduino:avr:uno</b></a>
							<br />
							<small>1.8.4</small>
						</td>

						
						
						
							<td>Yes ⚠️</td>
							<td class="fail">FAIL</td>
						
						

						
							
								
									
										
									
										
									
										
									
										
									
										
									
										
									
										
											
											<td class="fail">FAIL</td>
										
									
								
							
								
							
								
							
								
							
								
							
						
							
								
									
										
											
											<td class="fail">FAIL</td>
										
									
										
									
										
									
										
									
										
									
										
									
										
									
								
							
								
							
								
							
								
							
								
							
						
							
								
									
										
									
										
											
											<td class="fail">FAIL</td>
										
									
										
									
										
									
										
									
										
									
										
									
								
							
								
							
								
							
								
							
								
							
						
							
								
									
										
									
										
									
										
											
											<td class="fail">FAIL</td>
										
									
										
									
										
									
										
									
										
									
								
							
								
							
								
							
								
							
								
							
						
							
								
									
										
									
										
									
										
									
										
											
											<td class="fail">FAIL</td>
										
									
										
									
										
									
										
									
								
							
								
							
								
							
								
							
								
							
						
							
								
									
										
									
										
									
										
									
										
									
										
											
											<td class="fail">FAIL</td>
										
									
										
									
										
									
								
							
								
							
								
							
								
							
								
							
						
							
								
									
										
									
										
									
										
									
										
									
										
									
										
											
											<td class="fail">FAIL</td>
										
									
										
									
								
							
								
							
								
							
								
							
								
							
						
					</tr>
					
					<tr>
						<td>
							<a href="#arduino%3ambed_nano%3ananorp2040connect"><b>arduino:mbed_nano:nanorp2040connect</b></a>
							<br />
							<small>2.7.2</small>
						</td>

						
						
						
						
							<td>No</td>
							<td class="fail">FAIL</td>
						

						
							
								
							
								
									
										
									
										
									
										
									
										
									
										
									
										
									
										
											
											<td class="fail">FAIL</td>
										
									
								
							
								
							
								
							
								
							
						
							
								
							
								
									
										
											
											<td class="fail">FAIL</td>
										
									
										
									
										
									
										
									
										
									
										
									
										
									
								
							
								
							
								
							
								
							
						
							
								
							
								
									
										
									
										
											
											<td class="fail">FAIL</td>
										
									
										
									
										
									
										
									
										
									
										
									
								
							
								
							
								
							
								
							
						
							
								
							
								
									
										
									
										
									
										
											
											<td class="fail">FAIL</td>
										
									
										
									
										
									
										
									
										
									
								
							
								
							
								
							
								
							
						
							
								
							
								
									
										
									
										
									
										
									
										
											
											<td class="fail">FAIL</td>
										
									
										
									
										
									
										
									
								
							
								
							
								
							
								
							
						
							
								
							
								
									
										
									
										
									
										
									
										
									
										
											
											<td class="fail">FAIL</td>
										
									
										
									
										
									
								
							
								
							
								
							
								
							
						
							
								
							
								
									
										
									
										
									
										
									
										
									
										
									
										
											
											<td class="fail">FAIL</td>
										
									
										
									
								
							
								
							
								
							
								
							
						
					</tr>
					
					<tr>
						<td>
							<a href="#arduino%3amegaavr%3anona4809"><b>arduino:megaavr:nona4809</b></a>
							<br />
							<small>1.8.7</small>
						</td>

						
						
						
						
							<td>No</td>
							<td class="fail">FAIL</td>
						

						
							
								
							
								
							
								
									
										
									
										
									
										
									
										
									
										
									
										
									
										
											
											<td class="fail">FAIL</td>
										
									
								
							
								
							
								
							
						
							
								
							
								
							
								
									
										
											
											<td class="fail">FAIL</td>
										
									
										
									
										
									
										
									
										
									
										
									
										
									
								
							
								
							
								
							
						
							
								
							
								
							
								
									
										
									
										
											
											<td class="fail">FAIL</td>
										
									
										
									
										
									
										
									
										
									
										
									
								
							
								
							
								
							
						
							
								
							
								
							
								
									
										
									
										
									
										
											
											<td class="fail">FAIL</td>
										
									
										
									
										
									
										
									
										
									
								
							
								
							
								
							
						
							
								
							
								
							
								
									
										
									
										
									
										
									
										
											
											<td class="fail">FAIL</td>
										
									
										
									
										
									
										
									
								
							
								
							
								
							
						
							
								
							
								
							
								
									
										
									
										
									
										
									
										
									
										
											
											<td class="fail">FAIL</td>
										
									
										
									
										
									
								
							
								
							
								
							
						
							
								
							
								
							
								
									
										
									
										
									
										
									
										
									
										
									
										
											
											<td class="fail">FAIL</td>
										
									
										
									
								
							
								
							
								
							
						
					</tr>
					
					<tr>
						<td>
							<a href="#arduino%3asamd%3amkrwifi1010"><b>arduino:samd:mkrwifi1010</b></a>
							<br />
							<small>1.8.12</small>
						</td>

						
							<td>Yes</td>
							<td class="pass">PASS</td>
						
						
						
						

						
							
								
							
								
							
								
							
								
									
										
									
										
									
										
									
										
									
										
									
										
									
										
											
											<td class="fail">FAIL</td>
										
									
								
							
								
							
						
							
								
							
								
							
								
							
								
									
										
											
											<td class="fail">FAIL</td>
										
									
										
									
										
									
										
									
										
									
										
									
										
									
								
							
								
							
						
							
								
							
								
							
								
							
								
									
										
									
										
											
											<td class="fail">FAIL</td>
										
									
										
									
										
									
										
									
										
									
										
									
								
							
								
							
						
							
								
							
								
							
								
							
								
									
										
									
										
									
										
											
											<td class="fail">FAIL</td>
										
									
										
									
										
									
										
									
										
									
								
							
								
							
						
							
								
							
								
							
								
							
								
									
										
									
										
									
										
									
										
											<td class="pass">PASS</td>
											
										
									
										
									
										
									
										
									
								
							
								
							
						
							
								
							
								
							
								
							
								
									
										
									
										
									
										
									
										
									
										
											
											<td class="fail">FAIL</td>
										
									
										
									
										
									
								
							
								
							
						
							
								
							
								
							
								
							
								
									
										
									
										
									
										
									
										
									
										
									
										
											
											<td class="fail">FAIL</td>
										
									
										
									
								
							
								
							
						
					</tr>
					
					<tr>
						<td>
							<a href="#esp32%3aesp32%3ad1_mini32"><b>esp32:esp32:d1_mini32</b></a>
							<br />
							<small>1.0.6</small>
						</td>

						
							<td>Yes</td>
							<td class="pass">PASS</td>
						
						
						
						

						
							
								
							
								
							
								
							
								
							
								
									
										
									
										
									
										
									
										
									
										
									
										
									
										
											<td class="pass">PASS</td>
											
										
									
								
							
						
							
								
							
								
							
								
							
								
							
								
									
										
											<td class="pass">PASS</td>
											
										
									
										
									
										
									
										
									
										
									
										
									
										
									
								
							
						
							
								
							
								
							
								
							
								
							
								
									
										
									
										
											<td class="pass">PASS</td>
											
										
									
										
									
										
									
										
									
										
									
										
									
								
							
						
							
								
							
								
							
								
							
								
							
								
									
										
									
										
									
										
											<td class="pass">PASS</td>
											
										
									
										
									
										
									
										
									
										
									
								
							
						
							
								
							
								
							
								
							
								
							
								
									
										
									
										
									
										
									
										
											<td class="pass">PASS</td>
											
										
									
										
									
										
									
										
									
								
							
						
							
								
							
								
							
								
							
								
							
								
									
										
									
										
									
										
									
										
									
										
											<td class="pass">PASS</td>
											
										
									
										
									
										
									
								
							
						
							
								
							
								
							
								
							
								
							
								
									
										
									
										
									
										
									
										
									
										
									
										
											
											<td class="fail">FAIL</td>
										
									
										
									
								
							
						
					</tr>
					
				</table>

				<h2>Compilation logs</h2>
				
				<h3 id="arduino:avr:uno">arduino:avr:uno @ 1.8.4</h3>
				<h4>Inclusion</h4>
				<p>
					Result: <b>FAIL</b>
					
					<br />This library has no main header file so an empty one was created.
					
				</p>
				<pre class="pre-scrollable">new.cpp.o (symbol from plugin): In function `operator new(unsigned int)&#39;:
(.text&#43;0x0): multiple definition of `std::nothrow&#39;
/private/var/folders/47/_57rjy4111jc7dfpgjmcc93w0000gp/T/arduino-sketch-2A11B538B07FE28168C2A49F68D959C2/libraries/ArduinoSTL/new_handler.cpp.o (symbol from plugin):(.text&#43;0x0): first defined here
collect2: error: ld returned 1 exit status
Multiple libraries were found for &#34;ArduinoSTL.h&#34;
  Used: /Users/alranel/Documents/git/arduino/arduino-testlib/cli-datadir/user/libraries/ArduinoSTL
  Not used: /Users/alranel/Documents/git/arduino/arduino-testlib/cli-datadir/user/libraries/avr_stl
</pre>

					
					<h4>examples/1_dimmable_light</h4>
					<p>
						Result: <b>FAIL</b>
					</p>
					<pre class="pre-scrollable">/Users/alranel/Documents/git/arduino/arduino-testlib/cli-datadir/user/libraries/Dimmable_Light_for_Arduino/examples/1_dimmable_light/1_dimmable_light.ino:9:21: error: &#39;D7&#39; was not declared in this scope
 const int syncPin = D7;
                     ^~
/Users/alranel/Documents/git/arduino/arduino-testlib/cli-datadir/user/libraries/Dimmable_Light_for_Arduino/examples/1_dimmable_light/1_dimmable_light.ino:9:21: note: suggested alternative: &#39;A7&#39;
 const int syncPin = D7;
                     ^~
                     A7
/Users/alranel/Documents/git/arduino/arduino-testlib/cli-datadir/user/libraries/Dimmable_Light_for_Arduino/examples/1_dimmable_light/1_dimmable_light.ino:10:26: error: &#39;D5&#39; was not declared in this scope
 const int thyristorPin = D5;
                          ^~
/Users/alranel/Documents/git/arduino/arduino-testlib/cli-datadir/user/libraries/Dimmable_Light_for_Arduino/examples/1_dimmable_light/1_dimmable_light.ino:10:26: note: suggested alternative: &#39;A5&#39;
 const int thyristorPin = D5;
                          ^~
                          A5
Multiple libraries were found for &#34;ArduinoSTL.h&#34;
  Used: /Users/alranel/Documents/git/arduino/arduino-testlib/cli-datadir/user/libraries/ArduinoSTL
  Not used: /Users/alranel/Documents/git/arduino/arduino-testlib/cli-datadir/user/libraries/avr_stl
</pre>
					
					<h4>examples/2_dimmable_lights</h4>
					<p>
						Result: <b>FAIL</b>
					</p>
					<pre class="pre-scrollable">/Users/alranel/Documents/git/arduino/arduino-testlib/cli-datadir/user/libraries/Dimmable_Light_for_Arduino/examples/2_dimmable_lights/2_dimmable_lights.ino:8:21: error: &#39;D7&#39; was not declared in this scope
 const int syncPin = D7;
                     ^~
/Users/alranel/Documents/git/arduino/arduino-testlib/cli-datadir/user/libraries/Dimmable_Light_for_Arduino/examples/2_dimmable_lights/2_dimmable_lights.ino:8:21: note: suggested alternative: &#39;A7&#39;
 const int syncPin = D7;
                     ^~
                     A7
/Users/alranel/Documents/git/arduino/arduino-testlib/cli-datadir/user/libraries/Dimmable_Light_for_Arduino/examples/2_dimmable_lights/2_dimmable_lights.ino:10:22: error: &#39;D5&#39; was not declared in this scope
 DimmableLight light1(D5);
                      ^~
/Users/alranel/Documents/git/arduino/arduino-testlib/cli-datadir/user/libraries/Dimmable_Light_for_Arduino/examples/2_dimmable_lights/2_dimmable_lights.ino:10:22: note: suggested alternative: &#39;A5&#39;
 DimmableLight light1(D5);
                      ^~
                      A5
/Users/alranel/Documents/git/arduino/arduino-testlib/cli-datadir/user/libraries/Dimmable_Light_for_Arduino/examples/2_dimmable_lights/2_dimmable_lights.ino:11:22: error: &#39;D6&#39; was not declared in this scope
 DimmableLight light2(D6);
                      ^~
/Users/alranel/Documents/git/arduino/arduino-testlib/cli-datadir/user/libraries/Dimmable_Light_for_Arduino/examples/2_dimmable_lights/2_dimmable_lights.ino:11:22: note: suggested alternative: &#39;A6&#39;
 DimmableLight light2(D6);
                      ^~
                      A6
Multiple libraries were found for &#34;ArduinoSTL.h&#34;
  Used: /Users/alranel/Documents/git/arduino/arduino-testlib/cli-datadir/user/libraries/ArduinoSTL
  Not used: /Users/alranel/Documents/git/arduino/arduino-testlib/cli-datadir/user/libraries/avr_stl
</pre>
					
					<h4>examples/3_dimmable_light_5_light</h4>
					<p>
						Result: <b>FAIL</b>
					</p>
					<pre class="pre-scrollable">/Users/alranel/Documents/git/arduino/arduino-testlib/cli-datadir/user/libraries/Dimmable_Light_for_Arduino/examples/3_dimmable_light_5_light/3_dimmable_light_5_light.ino:15:21: error: &#39;D7&#39; was not declared in this scope
 const int syncPin = D7;
                     ^~
/Users/alranel/Documents/git/arduino/arduino-testlib/cli-datadir/user/libraries/Dimmable_Light_for_Arduino/examples/3_dimmable_light_5_light/3_dimmable_light_5_light.ino:15:21: note: suggested alternative: &#39;A7&#39;
 const int syncPin = D7;
                     ^~
                     A7
/Users/alranel/Documents/git/arduino/arduino-testlib/cli-datadir/user/libraries/Dimmable_Light_for_Arduino/examples/3_dimmable_light_5_light/3_dimmable_light_5_light.ino:16:18: error: &#39;D1&#39; was not declared in this scope
 DimmableLight l1(D1);
                  ^~
/Users/alranel/Documents/git/arduino/arduino-testlib/cli-datadir/user/libraries/Dimmable_Light_for_Arduino/examples/3_dimmable_light_5_light/3_dimmable_light_5_light.ino:16:18: note: suggested alternative: &#39;l1&#39;
 DimmableLight l1(D1);
                  ^~
                  l1
/Users/alranel/Documents/git/arduino/arduino-testlib/cli-datadir/user/libraries/Dimmable_Light_for_Arduino/examples/3_dimmable_light_5_light/3_dimmable_light_5_light.ino:17:18: error: &#39;D2&#39; was not declared in this scope
 DimmableLight l2(D2);
                  ^~
/Users/alranel/Documents/git/arduino/arduino-testlib/cli-datadir/user/libraries/Dimmable_Light_for_Arduino/examples/3_dimmable_light_5_light/3_dimmable_light_5_light.ino:17:18: note: suggested alternative: &#39;l2&#39;
 DimmableLight l2(D2);
                  ^~
                  l2
/Users/alranel/Documents/git/arduino/arduino-testlib/cli-datadir/user/libraries/Dimmable_Light_for_Arduino/examples/3_dimmable_light_5_light/3_dimmable_light_5_light.ino:18:18: error: &#39;D5&#39; was not declared in this scope
 DimmableLight l3(D5);
                  ^~
/Users/alranel/Documents/git/arduino/arduino-testlib/cli-datadir/user/libraries/Dimmable_Light_for_Arduino/examples/3_dimmable_light_5_light/3_dimmable_light_5_light.ino:18:18: note: suggested alternative: &#39;A5&#39;
 DimmableLight l3(D5);
                  ^~
                  A5
/Users/alranel/Documents/git/arduino/arduino-testlib/cli-datadir/user/libraries/Dimmable_Light_for_Arduino/examples/3_dimmable_light_5_light/3_dimmable_light_5_light.ino:19:18: error: &#39;D6&#39; was not declared in this scope
 DimmableLight l4(D6);
                  ^~
/Users/alranel/Documents/git/arduino/arduino-testlib/cli-datadir/user/libraries/Dimmable_Light_for_Arduino/examples/3_dimmable_light_5_light/3_dimmable_light_5_light.ino:19:18: note: suggested alternative: &#39;A6&#39;
 DimmableLight l4(D6);
                  ^~
                  A6
/Users/alranel/Documents/git/arduino/arduino-testlib/cli-datadir/user/libraries/Dimmable_Light_for_Arduino/examples/3_dimmable_light_5_light/3_dimmable_light_5_light.ino:20:18: error: &#39;D8&#39; was not declared in this scope
 DimmableLight l5(D8);
                  ^~
/Users/alranel/Documents/git/arduino/arduino-testlib/cli-datadir/user/libraries/Dimmable_Light_for_Arduino/examples/3_dimmable_light_5_light/3_dimmable_light_5_light.ino:20:18: note: suggested alternative: &#39;u8&#39;
 DimmableLight l5(D8);
                  ^~
                  u8
/Users/alranel/Documents/git/arduino/arduino-testlib/cli-datadir/user/libraries/Dimmable_Light_for_Arduino/examples/3_dimmable_light_5_light/3_dimmable_light_5_light.ino:22:8: error: no matching function for call to &#39;Ticker::Ticker()&#39;
 Ticker dim;
        ^~~
In file included from /Users/alranel/Documents/git/arduino/arduino-testlib/cli-datadir/user/libraries/Dimmable_Light_for_Arduino/examples/3_dimmable_light_5_light/3_dimmable_light_5_light.ino:12:0:
/Users/alranel/Documents/git/arduino/arduino-testlib/cli-datadir/user/libraries/Ticker/Ticker.h:74:2: note: candidate: Ticker::Ticker(fptr, uint32_t, uint32_t, resolution_t)
  Ticker(fptr callback, uint32_t timer, uint32_t repeat = 0, resolution_t resolution = MICROS);
  ^~~~~~
/Users/alranel/Documents/git/arduino/arduino-testlib/cli-datadir/user/libraries/Ticker/Ticker.h:74:2: note:   candidate expects 4 arguments, 0 provided
/Users/alranel/Documents/git/arduino/arduino-testlib/cli-datadir/user/libraries/Ticker/Ticker.h:62:7: note: candidate: constexpr Ticker::Ticker(const Ticker&amp;)
 class Ticker {
       ^~~~~~
/Users/alranel/Documents/git/arduino/arduino-testlib/cli-datadir/user/libraries/Ticker/Ticker.h:62:7: note:   candidate expects 1 argument, 0 provided
/Users/alranel/Documents/git/arduino/arduino-testlib/cli-datadir/user/libraries/Dimmable_Light_for_Arduino/examples/3_dimmable_light_5_light/3_dimmable_light_5_light.ino: In function &#39;void doEqual()&#39;:
/Users/alranel/Documents/git/arduino/arduino-testlib/cli-datadir/user/libraries/Dimmable_Light_for_Arduino/examples/3_dimmable_light_5_light/3_dimmable_light_5_light.ino:68:7: error: &#39;class Ticker&#39; has no member named &#39;once&#39;
   dim.once(period,doEqual);
       ^~~~
/Users/alranel/Documents/git/arduino/arduino-testlib/cli-datadir/user/libraries/Dimmable_Light_for_Arduino/examples/3_dimmable_light_5_light/3_dimmable_light_5_light.ino: In function &#39;void doEqualOnOff()&#39;:
/Users/alranel/Documents/git/arduino/arduino-testlib/cli-datadir/user/libraries/Dimmable_Light_for_Arduino/examples/3_dimmable_light_5_light/3_dimmable_light_5_light.ino:89:7: error: &#39;class Ticker&#39; has no member named &#39;once&#39;
   dim.once(period,doEqualOnOff);
       ^~~~
/Users/alranel/Documents/git/arduino/arduino-testlib/cli-datadir/user/libraries/Dimmable_Light_for_Arduino/examples/3_dimmable_light_5_light/3_dimmable_light_5_light.ino: In function &#39;void doDimSpecificStep()&#39;:
/Users/alranel/Documents/git/arduino/arduino-testlib/cli-datadir/user/libraries/Dimmable_Light_for_Arduino/examples/3_dimmable_light_5_light/3_dimmable_light_5_light.ino:110:7: error: &#39;class Ticker&#39; has no member named &#39;once&#39;
   dim.once(period, doDimSpecificStep);
       ^~~~
/Users/alranel/Documents/git/arduino/arduino-testlib/cli-datadir/user/libraries/Dimmable_Light_for_Arduino/examples/3_dimmable_light_5_light/3_dimmable_light_5_light.ino: In function &#39;void doRangeLimit()&#39;:
/Users/alranel/Documents/git/arduino/arduino-testlib/cli-datadir/user/libraries/Dimmable_Light_for_Arduino/examples/3_dimmable_light_5_light/3_dimmable_light_5_light.ino:131:7: error: &#39;class Ticker&#39; has no member named &#39;once&#39;
   dim.once(period, doRangeLimit);
       ^~~~
/Users/alranel/Documents/git/arduino/arduino-testlib/cli-datadir/user/libraries/Dimmable_Light_for_Arduino/examples/3_dimmable_light_5_light/3_dimmable_light_5_light.ino: In function &#39;void doNearValues()&#39;:
/Users/alranel/Documents/git/arduino/arduino-testlib/cli-datadir/user/libraries/Dimmable_Light_for_Arduino/examples/3_dimmable_light_5_light/3_dimmable_light_5_light.ino:152:7: error: &#39;class Ticker&#39; has no member named &#39;once&#39;
   dim.once(period, doNearValues);
       ^~~~
/Users/alranel/Documents/git/arduino/arduino-testlib/cli-datadir/user/libraries/Dimmable_Light_for_Arduino/examples/3_dimmable_light_5_light/3_dimmable_light_5_light.ino: In function &#39;void doDimMixed()&#39;:
/Users/alranel/Documents/git/arduino/arduino-testlib/cli-datadir/user/libraries/Dimmable_Light_for_Arduino/examples/3_dimmable_light_5_light/3_dimmable_light_5_light.ino:185:7: error: &#39;class Ticker&#39; has no member named &#39;once&#39;
   dim.once(period,doDimMixed);
       ^~~~
/Users/alranel/Documents/git/arduino/arduino-testlib/cli-datadir/user/libraries/Dimmable_Light_for_Arduino/examples/3_dimmable_light_5_light/3_dimmable_light_5_light.ino: In function &#39;void doDimSweepEqual()&#39;:
/Users/alranel/Documents/git/arduino/arduino-testlib/cli-datadir/user/libraries/Dimmable_Light_for_Arduino/examples/3_dimmable_light_5_light/3_dimmable_light_5_light.ino:213:7: error: &#39;class Ticker&#39; has no member named &#39;once&#39;
   dim.once(period,doDimSweepEqual);
       ^~~~
/Users/alranel/Documents/git/arduino/arduino-testlib/cli-datadir/user/libraries/Dimmable_Light_for_Arduino/examples/3_dimmable_light_5_light/3_dimmable_light_5_light.ino: In function &#39;void doInvertedDim()&#39;:
/Users/alranel/Documents/git/arduino/arduino-testlib/cli-datadir/user/libraries/Dimmable_Light_for_Arduino/examples/3_dimmable_light_5_light/3_dimmable_light_5_light.ino:243:7: error: &#39;class Ticker&#39; has no member named &#39;once&#39;
   dim.once(period,doInvertedDim);
       ^~~~
/Users/alranel/Documents/git/arduino/arduino-testlib/cli-datadir/user/libraries/Dimmable_Light_for_Arduino/examples/3_dimmable_light_5_light/3_dimmable_light_5_light.ino: In function &#39;void doCircularSwipe()&#39;:
/Users/alranel/Documents/git/arduino/arduino-testlib/cli-datadir/user/libraries/Dimmable_Light_for_Arduino/examples/3_dimmable_light_5_light/3_dimmable_light_5_light.ino:265:7: error: &#39;class Ticker&#39; has no member named &#39;once&#39;
   dim.once(period,doCircularSwipe);
       ^~~~
Multiple libraries were found for &#34;Ticker.h&#34;
  Used: /Users/alranel/Documents/git/arduino/arduino-testlib/cli-datadir/user/libraries/Ticker
  Not used: /Users/alranel/Documents/git/arduino/arduino-testlib/cli-datadir/user/libraries/SimpleTicker
Multiple libraries were found for &#34;ArduinoSTL.h&#34;
  Used: /Users/alranel/Documents/git/arduino/arduino-testlib/cli-datadir/user/libraries/ArduinoSTL
  Not used: /Users/alranel/Documents/git/arduino/arduino-testlib/cli-datadir/user/libraries/avr_stl
</pre>
					
					<h4>examples/4_lights_manager</h4>
					<p>
						Result: <b>FAIL</b>
					</p>
					<pre class="pre-scrollable">new.cpp.o (symbol from plugin): In function `operator new(unsigned int)&#39;:
(.text&#43;0x0): multiple definition of `std::nothrow&#39;
/private/var/folders/47/_57rjy4111jc7dfpgjmcc93w0000gp/T/arduino-sketch-5E6A452EA75F9BC0DF0710BA8C00D776/libraries/ArduinoSTL/new_handler.cpp.o (symbol from plugin):(.text&#43;0x0): first defined here
collect2: error: ld returned 1 exit status
Multiple libraries were found for &#34;ArduinoSTL.h&#34;
  Used: /Users/alranel/Documents/git/arduino/arduino-testlib/cli-datadir/user/libraries/ArduinoSTL
  Not used: /Users/alranel/Documents/git/arduino/arduino-testlib/cli-datadir/user/libraries/avr_stl
</pre>
					
					<h4>examples/5_dimmable_manager_n_lights</h4>
					<p>
						Result: <b>FAIL</b>
					</p>
					<pre class="pre-scrollable">/Users/alranel/Documents/git/arduino/arduino-testlib/cli-datadir/user/libraries/Dimmable_Light_for_Arduino/examples/5_dimmable_manager_n_lights/5_dimmable_manager_n_lights.ino:18:21: error: &#39;D7&#39; was not declared in this scope
 const int syncPin = D7;
                     ^~
/Users/alranel/Documents/git/arduino/arduino-testlib/cli-datadir/user/libraries/Dimmable_Light_for_Arduino/examples/5_dimmable_manager_n_lights/5_dimmable_manager_n_lights.ino:18:21: note: suggested alternative: &#39;A7&#39;
 const int syncPin = D7;
                     ^~
                     A7
/Users/alranel/Documents/git/arduino/arduino-testlib/cli-datadir/user/libraries/Dimmable_Light_for_Arduino/examples/5_dimmable_manager_n_lights/5_dimmable_manager_n_lights.ino:19:16: error: &#39;D1&#39; was not declared in this scope
 int pins[N] = {D1, D2, D5, D6, D8};
                ^~
/Users/alranel/Documents/git/arduino/arduino-testlib/cli-datadir/user/libraries/Dimmable_Light_for_Arduino/examples/5_dimmable_manager_n_lights/5_dimmable_manager_n_lights.ino:19:16: note: suggested alternative: &#39;A1&#39;
 int pins[N] = {D1, D2, D5, D6, D8};
                ^~
                A1
/Users/alranel/Documents/git/arduino/arduino-testlib/cli-datadir/user/libraries/Dimmable_Light_for_Arduino/examples/5_dimmable_manager_n_lights/5_dimmable_manager_n_lights.ino:19:20: error: &#39;D2&#39; was not declared in this scope
 int pins[N] = {D1, D2, D5, D6, D8};
                    ^~
/Users/alranel/Documents/git/arduino/arduino-testlib/cli-datadir/user/libraries/Dimmable_Light_for_Arduino/examples/5_dimmable_manager_n_lights/5_dimmable_manager_n_lights.ino:19:20: note: suggested alternative: &#39;A2&#39;
 int pins[N] = {D1, D2, D5, D6, D8};
                    ^~
                    A2
/Users/alranel/Documents/git/arduino/arduino-testlib/cli-datadir/user/libraries/Dimmable_Light_for_Arduino/examples/5_dimmable_manager_n_lights/5_dimmable_manager_n_lights.ino:19:24: error: &#39;D5&#39; was not declared in this scope
 int pins[N] = {D1, D2, D5, D6, D8};
                        ^~
/Users/alranel/Documents/git/arduino/arduino-testlib/cli-datadir/user/libraries/Dimmable_Light_for_Arduino/examples/5_dimmable_manager_n_lights/5_dimmable_manager_n_lights.ino:19:24: note: suggested alternative: &#39;A5&#39;
 int pins[N] = {D1, D2, D5, D6, D8};
                        ^~
                        A5
/Users/alranel/Documents/git/arduino/arduino-testlib/cli-datadir/user/libraries/Dimmable_Light_for_Arduino/examples/5_dimmable_manager_n_lights/5_dimmable_manager_n_lights.ino:19:28: error: &#39;D6&#39; was not declared in this scope
 int pins[N] = {D1, D2, D5, D6, D8};
                            ^~
/Users/alranel/Documents/git/arduino/arduino-testlib/cli-datadir/user/libraries/Dimmable_Light_for_Arduino/examples/5_dimmable_manager_n_lights/5_dimmable_manager_n_lights.ino:19:28: note: suggested alternative: &#39;A6&#39;
 int pins[N] = {D1, D2, D5, D6, D8};
                            ^~
                            A6
/Users/alranel/Documents/git/arduino/arduino-testlib/cli-datadir/user/libraries/Dimmable_Light_for_Arduino/examples/5_dimmable_manager_n_lights/5_dimmable_manager_n_lights.ino:19:32: error: &#39;D8&#39; was not declared in this scope
 int pins[N] = {D1, D2, D5, D6, D8};
                                ^~
/Users/alranel/Documents/git/arduino/arduino-testlib/cli-datadir/user/libraries/Dimmable_Light_for_Arduino/examples/5_dimmable_manager_n_lights/5_dimmable_manager_n_lights.ino:19:32: note: suggested alternative: &#39;u8&#39;
 int pins[N] = {D1, D2, D5, D6, D8};
                                ^~
                                u8
/Users/alranel/Documents/git/arduino/arduino-testlib/cli-datadir/user/libraries/Dimmable_Light_for_Arduino/examples/5_dimmable_manager_n_lights/5_dimmable_manager_n_lights.ino:25:8: error: no matching function for call to &#39;Ticker::Ticker()&#39;
 Ticker dim;
        ^~~
In file included from /Users/alranel/Documents/git/arduino/arduino-testlib/cli-datadir/user/libraries/Dimmable_Light_for_Arduino/examples/5_dimmable_manager_n_lights/5_dimmable_manager_n_lights.ino:13:0:
/Users/alranel/Documents/git/arduino/arduino-testlib/cli-datadir/user/libraries/Ticker/Ticker.h:74:2: note: candidate: Ticker::Ticker(fptr, uint32_t, uint32_t, resolution_t)
  Ticker(fptr callback, uint32_t timer, uint32_t repeat = 0, resolution_t resolution = MICROS);
  ^~~~~~
/Users/alranel/Documents/git/arduino/arduino-testlib/cli-datadir/user/libraries/Ticker/Ticker.h:74:2: note:   candidate expects 4 arguments, 0 provided
/Users/alranel/Documents/git/arduino/arduino-testlib/cli-datadir/user/libraries/Ticker/Ticker.h:62:7: note: candidate: constexpr Ticker::Ticker(const Ticker&amp;)
 class Ticker {
       ^~~~~~
/Users/alranel/Documents/git/arduino/arduino-testlib/cli-datadir/user/libraries/Ticker/Ticker.h:62:7: note:   candidate expects 1 argument, 0 provided
/Users/alranel/Documents/git/arduino/arduino-testlib/cli-datadir/user/libraries/Dimmable_Light_for_Arduino/examples/5_dimmable_manager_n_lights/5_dimmable_manager_n_lights.ino: In function &#39;void doRaise()&#39;:
/Users/alranel/Documents/git/arduino/arduino-testlib/cli-datadir/user/libraries/Dimmable_Light_for_Arduino/examples/5_dimmable_manager_n_lights/5_dimmable_manager_n_lights.ino:39:9: error: &#39;class Ticker&#39; has no member named &#39;attach&#39;
     dim.attach(period,doLower);
         ^~~~~~
/Users/alranel/Documents/git/arduino/arduino-testlib/cli-datadir/user/libraries/Dimmable_Light_for_Arduino/examples/5_dimmable_manager_n_lights/5_dimmable_manager_n_lights.ino: In function &#39;void doLower()&#39;:
/Users/alranel/Documents/git/arduino/arduino-testlib/cli-datadir/user/libraries/Dimmable_Light_for_Arduino/examples/5_dimmable_manager_n_lights/5_dimmable_manager_n_lights.ino:55:9: error: &#39;class Ticker&#39; has no member named &#39;attach&#39;
     dim.attach(period,doRaise);
         ^~~~~~
/Users/alranel/Documents/git/arduino/arduino-testlib/cli-datadir/user/libraries/Dimmable_Light_for_Arduino/examples/5_dimmable_manager_n_lights/5_dimmable_manager_n_lights.ino: In function &#39;void setup()&#39;:
/Users/alranel/Documents/git/arduino/arduino-testlib/cli-datadir/user/libraries/Dimmable_Light_for_Arduino/examples/5_dimmable_manager_n_lights/5_dimmable_manager_n_lights.ino:85:7: error: &#39;class Ticker&#39; has no member named &#39;attach&#39;
   dim.attach(period, doRaise);
       ^~~~~~
Multiple libraries were found for &#34;Ticker.h&#34;
  Used: /Users/alranel/Documents/git/arduino/arduino-testlib/cli-datadir/user/libraries/Ticker
  Not used: /Users/alranel/Documents/git/arduino/arduino-testlib/cli-datadir/user/libraries/SimpleTicker
Multiple libraries were found for &#34;ArduinoSTL.h&#34;
  Used: /Users/alranel/Documents/git/arduino/arduino-testlib/cli-datadir/user/libraries/ArduinoSTL
  Not used: /Users/alranel/Documents/git/arduino/arduino-testlib/cli-datadir/user/libraries/avr_stl
</pre>
					
					<h4>examples/6_8_lights_effects</h4>
					<p>
						Result: <b>FAIL</b>
					</p>
					<pre class="pre-scrollable">Multiple libraries were found for &#34;SerialCommand.h&#34;
  Used: /Users/alranel/Documents/git/arduino/arduino-testlib/cli-datadir/user/libraries/SerialCommand
  Not used: /Users/alranel/Documents/git/arduino/arduino-testlib/cli-datadir/user/libraries/OttoDIYLib
Multiple libraries were found for &#34;ArduinoSTL.h&#34;
  Used: /Users/alranel/Documents/git/arduino/arduino-testlib/cli-datadir/user/libraries/ArduinoSTL
  Not used: /Users/alranel/Documents/git/arduino/arduino-testlib/cli-datadir/user/libraries/avr_stl
</pre>
					
					<h4>examples/7_linearized_dimmable_light</h4>
					<p>
						Result: <b>FAIL</b>
					</p>
					<pre class="pre-scrollable">/Users/alranel/Documents/git/arduino/arduino-testlib/cli-datadir/user/libraries/Dimmable_Light_for_Arduino/examples/7_linearized_dimmable_light/7_linearized_dimmable_light.ino:9:21: error: &#39;D7&#39; was not declared in this scope
 const int syncPin = D7;
                     ^~
/Users/alranel/Documents/git/arduino/arduino-testlib/cli-datadir/user/libraries/Dimmable_Light_for_Arduino/examples/7_linearized_dimmable_light/7_linearized_dimmable_light.ino:9:21: note: suggested alternative: &#39;A7&#39;
 const int syncPin = D7;
                     ^~
                     A7
/Users/alranel/Documents/git/arduino/arduino-testlib/cli-datadir/user/libraries/Dimmable_Light_for_Arduino/examples/7_linearized_dimmable_light/7_linearized_dimmable_light.ino:10:26: error: &#39;D5&#39; was not declared in this scope
 const int thyristorPin = D5;
                          ^~
/Users/alranel/Documents/git/arduino/arduino-testlib/cli-datadir/user/libraries/Dimmable_Light_for_Arduino/examples/7_linearized_dimmable_light/7_linearized_dimmable_light.ino:10:26: note: suggested alternative: &#39;A5&#39;
 const int thyristorPin = D5;
                          ^~
                          A5
Multiple libraries were found for &#34;ArduinoSTL.h&#34;
  Used: /Users/alranel/Documents/git/arduino/arduino-testlib/cli-datadir/user/libraries/ArduinoSTL
  Not used: /Users/alranel/Documents/git/arduino/arduino-testlib/cli-datadir/user/libraries/avr_stl
</pre>
					
				
				<h3 id="arduino:mbed_nano:nanorp2040connect">arduino:mbed_nano:nanorp2040connect @ 2.7.2</h3>
				<h4>Inclusion</h4>
				<p>
					Result: <b>FAIL</b>
					
				</p>
				<pre class="pre-scrollable">WARNING: library Dimmable_Light_for_Arduino claims to run on esp8266, esp32, avr, samd architecture(s) and may be incompatible with your current board which runs on mbed_nano architecture(s).

</pre>

					
					<h4>examples/1_dimmable_light</h4>
					<p>
						Result: <b>FAIL</b>
					</p>
					<pre class="pre-scrollable">WARNING: library Dimmable_Light_for_Arduino claims to run on esp8266, esp32, avr, samd architecture(s) and may be incompatible with your current board which runs on mbed_nano architecture(s).
/home/ec2-user/arduino-testlib/cli-datadir/user/libraries/Dimmable_Light_for_Arduino/examples/1_dimmable_light/1_dimmable_light.ino:9:21: error: &#39;D7&#39; was not declared in this scope
 const int syncPin = D7;
                     ^~
/home/ec2-user/arduino-testlib/cli-datadir/user/libraries/Dimmable_Light_for_Arduino/examples/1_dimmable_light/1_dimmable_light.ino:9:21: note: suggested alternative: &#39;A7&#39;
 const int syncPin = D7;
                     ^~
                     A7
/home/ec2-user/arduino-testlib/cli-datadir/user/libraries/Dimmable_Light_for_Arduino/examples/1_dimmable_light/1_dimmable_light.ino:10:26: error: &#39;D5&#39; was not declared in this scope
 const int thyristorPin = D5;
                          ^~
/home/ec2-user/arduino-testlib/cli-datadir/user/libraries/Dimmable_Light_for_Arduino/examples/1_dimmable_light/1_dimmable_light.ino:10:26: note: suggested alternative: &#39;A5&#39;
 const int thyristorPin = D5;
                          ^~
                          A5

</pre>
					
					<h4>examples/2_dimmable_lights</h4>
					<p>
						Result: <b>FAIL</b>
					</p>
					<pre class="pre-scrollable">WARNING: library Dimmable_Light_for_Arduino claims to run on esp8266, esp32, avr, samd architecture(s) and may be incompatible with your current board which runs on mbed_nano architecture(s).
/home/ec2-user/arduino-testlib/cli-datadir/user/libraries/Dimmable_Light_for_Arduino/examples/2_dimmable_lights/2_dimmable_lights.ino:8:21: error: &#39;D7&#39; was not declared in this scope
 const int syncPin = D7;
                     ^~
/home/ec2-user/arduino-testlib/cli-datadir/user/libraries/Dimmable_Light_for_Arduino/examples/2_dimmable_lights/2_dimmable_lights.ino:8:21: note: suggested alternative: &#39;A7&#39;
 const int syncPin = D7;
                     ^~
                     A7
/home/ec2-user/arduino-testlib/cli-datadir/user/libraries/Dimmable_Light_for_Arduino/examples/2_dimmable_lights/2_dimmable_lights.ino:10:22: error: &#39;D5&#39; was not declared in this scope
 DimmableLight light1(D5);
                      ^~
/home/ec2-user/arduino-testlib/cli-datadir/user/libraries/Dimmable_Light_for_Arduino/examples/2_dimmable_lights/2_dimmable_lights.ino:10:22: note: suggested alternative: &#39;A5&#39;
 DimmableLight light1(D5);
                      ^~
                      A5
/home/ec2-user/arduino-testlib/cli-datadir/user/libraries/Dimmable_Light_for_Arduino/examples/2_dimmable_lights/2_dimmable_lights.ino:11:22: error: &#39;D6&#39; was not declared in this scope
 DimmableLight light2(D6);
                      ^~
/home/ec2-user/arduino-testlib/cli-datadir/user/libraries/Dimmable_Light_for_Arduino/examples/2_dimmable_lights/2_dimmable_lights.ino:11:22: note: suggested alternative: &#39;A6&#39;
 DimmableLight light2(D6);
                      ^~
                      A6

</pre>
					
					<h4>examples/3_dimmable_light_5_light</h4>
					<p>
						Result: <b>FAIL</b>
					</p>
					<pre class="pre-scrollable">WARNING: library Dimmable_Light_for_Arduino claims to run on esp8266, esp32, avr, samd architecture(s) and may be incompatible with your current board which runs on mbed_nano architecture(s).
/home/ec2-user/arduino-testlib/cli-datadir/user/libraries/Dimmable_Light_for_Arduino/examples/3_dimmable_light_5_light/3_dimmable_light_5_light.ino:15:21: error: &#39;D7&#39; was not declared in this scope
 const int syncPin = D7;
                     ^~
/home/ec2-user/arduino-testlib/cli-datadir/user/libraries/Dimmable_Light_for_Arduino/examples/3_dimmable_light_5_light/3_dimmable_light_5_light.ino:15:21: note: suggested alternative: &#39;A7&#39;
 const int syncPin = D7;
                     ^~
                     A7
/home/ec2-user/arduino-testlib/cli-datadir/user/libraries/Dimmable_Light_for_Arduino/examples/3_dimmable_light_5_light/3_dimmable_light_5_light.ino:16:18: error: &#39;D1&#39; was not declared in this scope
 DimmableLight l1(D1);
                  ^~
/home/ec2-user/arduino-testlib/cli-datadir/user/libraries/Dimmable_Light_for_Arduino/examples/3_dimmable_light_5_light/3_dimmable_light_5_light.ino:16:18: note: suggested alternative: &#39;l1&#39;
 DimmableLight l1(D1);
                  ^~
                  l1
/home/ec2-user/arduino-testlib/cli-datadir/user/libraries/Dimmable_Light_for_Arduino/examples/3_dimmable_light_5_light/3_dimmable_light_5_light.ino:17:18: error: &#39;D2&#39; was not declared in this scope
 DimmableLight l2(D2);
                  ^~
/home/ec2-user/arduino-testlib/cli-datadir/user/libraries/Dimmable_Light_for_Arduino/examples/3_dimmable_light_5_light/3_dimmable_light_5_light.ino:17:18: note: suggested alternative: &#39;l2&#39;
 DimmableLight l2(D2);
                  ^~
                  l2
/home/ec2-user/arduino-testlib/cli-datadir/user/libraries/Dimmable_Light_for_Arduino/examples/3_dimmable_light_5_light/3_dimmable_light_5_light.ino:18:18: error: &#39;D5&#39; was not declared in this scope
 DimmableLight l3(D5);
                  ^~
/home/ec2-user/arduino-testlib/cli-datadir/user/libraries/Dimmable_Light_for_Arduino/examples/3_dimmable_light_5_light/3_dimmable_light_5_light.ino:18:18: note: suggested alternative: &#39;A5&#39;
 DimmableLight l3(D5);
                  ^~
                  A5
/home/ec2-user/arduino-testlib/cli-datadir/user/libraries/Dimmable_Light_for_Arduino/examples/3_dimmable_light_5_light/3_dimmable_light_5_light.ino:19:18: error: &#39;D6&#39; was not declared in this scope
 DimmableLight l4(D6);
                  ^~
/home/ec2-user/arduino-testlib/cli-datadir/user/libraries/Dimmable_Light_for_Arduino/examples/3_dimmable_light_5_light/3_dimmable_light_5_light.ino:19:18: note: suggested alternative: &#39;A6&#39;
 DimmableLight l4(D6);
                  ^~
                  A6
/home/ec2-user/arduino-testlib/cli-datadir/user/libraries/Dimmable_Light_for_Arduino/examples/3_dimmable_light_5_light/3_dimmable_light_5_light.ino:20:18: error: &#39;D8&#39; was not declared in this scope
 DimmableLight l5(D8);
                  ^~
/home/ec2-user/arduino-testlib/cli-datadir/user/libraries/Dimmable_Light_for_Arduino/examples/3_dimmable_light_5_light/3_dimmable_light_5_light.ino:20:18: note: suggested alternative: &#39;p8&#39;
 DimmableLight l5(D8);
                  ^~
                  p8
/home/ec2-user/arduino-testlib/cli-datadir/user/libraries/Dimmable_Light_for_Arduino/examples/3_dimmable_light_5_light/3_dimmable_light_5_light.ino:22:1: error: &#39;Ticker&#39; does not name a type
 Ticker dim;
 ^~~~~~
/home/ec2-user/arduino-testlib/cli-datadir/user/libraries/Dimmable_Light_for_Arduino/examples/3_dimmable_light_5_light/3_dimmable_light_5_light.ino: In function &#39;void doEqual()&#39;:
/home/ec2-user/arduino-testlib/cli-datadir/user/libraries/Dimmable_Light_for_Arduino/examples/3_dimmable_light_5_light/3_dimmable_light_5_light.ino:68:3: error: &#39;dim&#39; was not declared in this scope
   dim.once(period,doEqual);
   ^~~
/home/ec2-user/arduino-testlib/cli-datadir/user/libraries/Dimmable_Light_for_Arduino/examples/3_dimmable_light_5_light/3_dimmable_light_5_light.ino:68:3: note: suggested alternative: &#39;div&#39;
   dim.once(period,doEqual);
   ^~~
   div
/home/ec2-user/arduino-testlib/cli-datadir/user/libraries/Dimmable_Light_for_Arduino/examples/3_dimmable_light_5_light/3_dimmable_light_5_light.ino: In function &#39;void doEqualOnOff()&#39;:
/home/ec2-user/arduino-testlib/cli-datadir/user/libraries/Dimmable_Light_for_Arduino/examples/3_dimmable_light_5_light/3_dimmable_light_5_light.ino:89:3: error: &#39;dim&#39; was not declared in this scope
   dim.once(period,doEqualOnOff);
   ^~~
/home/ec2-user/arduino-testlib/cli-datadir/user/libraries/Dimmable_Light_for_Arduino/examples/3_dimmable_light_5_light/3_dimmable_light_5_light.ino:89:3: note: suggested alternative: &#39;div&#39;
   dim.once(period,doEqualOnOff);
   ^~~
   div
/home/ec2-user/arduino-testlib/cli-datadir/user/libraries/Dimmable_Light_for_Arduino/examples/3_dimmable_light_5_light/3_dimmable_light_5_light.ino: In function &#39;void doDimSpecificStep()&#39;:
/home/ec2-user/arduino-testlib/cli-datadir/user/libraries/Dimmable_Light_for_Arduino/examples/3_dimmable_light_5_light/3_dimmable_light_5_light.ino:110:3: error: &#39;dim&#39; was not declared in this scope
   dim.once(period, doDimSpecificStep);
   ^~~
/home/ec2-user/arduino-testlib/cli-datadir/user/libraries/Dimmable_Light_for_Arduino/examples/3_dimmable_light_5_light/3_dimmable_light_5_light.ino:110:3: note: suggested alternative: &#39;div&#39;
   dim.once(period, doDimSpecificStep);
   ^~~
   div
/home/ec2-user/arduino-testlib/cli-datadir/user/libraries/Dimmable_Light_for_Arduino/examples/3_dimmable_light_5_light/3_dimmable_light_5_light.ino: In function &#39;void doRangeLimit()&#39;:
/home/ec2-user/arduino-testlib/cli-datadir/user/libraries/Dimmable_Light_for_Arduino/examples/3_dimmable_light_5_light/3_dimmable_light_5_light.ino:131:3: error: &#39;dim&#39; was not declared in this scope
   dim.once(period, doRangeLimit);
   ^~~
/home/ec2-user/arduino-testlib/cli-datadir/user/libraries/Dimmable_Light_for_Arduino/examples/3_dimmable_light_5_light/3_dimmable_light_5_light.ino:131:3: note: suggested alternative: &#39;div&#39;
   dim.once(period, doRangeLimit);
   ^~~
   div
/home/ec2-user/arduino-testlib/cli-datadir/user/libraries/Dimmable_Light_for_Arduino/examples/3_dimmable_light_5_light/3_dimmable_light_5_light.ino: In function &#39;void doNearValues()&#39;:
/home/ec2-user/arduino-testlib/cli-datadir/user/libraries/Dimmable_Light_for_Arduino/examples/3_dimmable_light_5_light/3_dimmable_light_5_light.ino:152:3: error: &#39;dim&#39; was not declared in this scope
   dim.once(period, doNearValues);
   ^~~
/home/ec2-user/arduino-testlib/cli-datadir/user/libraries/Dimmable_Light_for_Arduino/examples/3_dimmable_light_5_light/3_dimmable_light_5_light.ino:152:3: note: suggested alternative: &#39;div&#39;
   dim.once(period, doNearValues);
   ^~~
   div
/home/ec2-user/arduino-testlib/cli-datadir/user/libraries/Dimmable_Light_for_Arduino/examples/3_dimmable_light_5_light/3_dimmable_light_5_light.ino: In function &#39;void doDimMixed()&#39;:
/home/ec2-user/arduino-testlib/cli-datadir/user/libraries/Dimmable_Light_for_Arduino/examples/3_dimmable_light_5_light/3_dimmable_light_5_light.ino:185:3: error: &#39;dim&#39; was not declared in this scope
   dim.once(period,doDimMixed);
   ^~~
/home/ec2-user/arduino-testlib/cli-datadir/user/libraries/Dimmable_Light_for_Arduino/examples/3_dimmable_light_5_light/3_dimmable_light_5_light.ino:185:3: note: suggested alternative: &#39;div&#39;
   dim.once(period,doDimMixed);
   ^~~
   div
/home/ec2-user/arduino-testlib/cli-datadir/user/libraries/Dimmable_Light_for_Arduino/examples/3_dimmable_light_5_light/3_dimmable_light_5_light.ino: In function &#39;void doDimSweepEqual()&#39;:
/home/ec2-user/arduino-testlib/cli-datadir/user/libraries/Dimmable_Light_for_Arduino/examples/3_dimmable_light_5_light/3_dimmable_light_5_light.ino:213:3: error: &#39;dim&#39; was not declared in this scope
   dim.once(period,doDimSweepEqual);
   ^~~
/home/ec2-user/arduino-testlib/cli-datadir/user/libraries/Dimmable_Light_for_Arduino/examples/3_dimmable_light_5_light/3_dimmable_light_5_light.ino:213:3: note: suggested alternative: &#39;div&#39;
   dim.once(period,doDimSweepEqual);
   ^~~
   div
/home/ec2-user/arduino-testlib/cli-datadir/user/libraries/Dimmable_Light_for_Arduino/examples/3_dimmable_light_5_light/3_dimmable_light_5_light.ino: In function &#39;void doInvertedDim()&#39;:
/home/ec2-user/arduino-testlib/cli-datadir/user/libraries/Dimmable_Light_for_Arduino/examples/3_dimmable_light_5_light/3_dimmable_light_5_light.ino:243:3: error: &#39;dim&#39; was not declared in this scope
   dim.once(period,doInvertedDim);
   ^~~
/home/ec2-user/arduino-testlib/cli-datadir/user/libraries/Dimmable_Light_for_Arduino/examples/3_dimmable_light_5_light/3_dimmable_light_5_light.ino:243:3: note: suggested alternative: &#39;div&#39;
   dim.once(period,doInvertedDim);
   ^~~
   div
/home/ec2-user/arduino-testlib/cli-datadir/user/libraries/Dimmable_Light_for_Arduino/examples/3_dimmable_light_5_light/3_dimmable_light_5_light.ino: In function &#39;void doCircularSwipe()&#39;:
/home/ec2-user/arduino-testlib/cli-datadir/user/libraries/Dimmable_Light_for_Arduino/examples/3_dimmable_light_5_light/3_dimmable_light_5_light.ino:265:3: error: &#39;dim&#39; was not declared in this scope
   dim.once(period,doCircularSwipe);
   ^~~
/home/ec2-user/arduino-testlib/cli-datadir/user/libraries/Dimmable_Light_for_Arduino/examples/3_dimmable_light_5_light/3_dimmable_light_5_light.ino:265:3: note: suggested alternative: &#39;div&#39;
   dim.once(period,doCircularSwipe);
   ^~~
   div

</pre>
					
					<h4>examples/4_lights_manager</h4>
					<p>
						Result: <b>FAIL</b>
					</p>
					<pre class="pre-scrollable">WARNING: library Dimmable_Light_for_Arduino claims to run on esp8266, esp32, avr, samd architecture(s) and may be incompatible with your current board which runs on mbed_nano architecture(s).
In file included from /home/ec2-user/arduino-testlib/cli-datadir/user/libraries/Dimmable_Light_for_Arduino/examples/4_lights_manager/4_lights_manager.ino:4:0:
/home/ec2-user/arduino-testlib/cli-datadir/user/libraries/Dimmable_Light_for_Arduino/src/dimmable_light_manager.h: In member function &#39;int DimmableLightManager::getCount()&#39;:
/home/ec2-user/arduino-testlib/cli-datadir/user/libraries/Dimmable_Light_for_Arduino/src/dimmable_light_manager.h:61:12: error: &#39;dla&#39; was not declared in this scope
     return dla.size();
            ^~~
/home/ec2-user/arduino-testlib/cli-datadir/user/libraries/Dimmable_Light_for_Arduino/examples/4_lights_manager/4_lights_manager.ino: In function &#39;void setup()&#39;:
/home/ec2-user/arduino-testlib/cli-datadir/user/libraries/Dimmable_Light_for_Arduino/examples/4_lights_manager/4_lights_manager.ino:34:41: error: &#39;pins&#39; was not declared in this scope
     if(dlm.add(String(&#34;light&#34;) &#43; (i&#43;1), pins[i])){
                                         ^~~~
/home/ec2-user/arduino-testlib/cli-datadir/user/libraries/Dimmable_Light_for_Arduino/examples/4_lights_manager/4_lights_manager.ino:34:41: note: suggested alternative: &#39;spi_s&#39;
     if(dlm.add(String(&#34;light&#34;) &#43; (i&#43;1), pins[i])){
                                         ^~~~
                                         spi_s
/home/ec2-user/arduino-testlib/cli-datadir/user/libraries/Dimmable_Light_for_Arduino/examples/4_lights_manager/4_lights_manager.ino:41:29: error: &#39;syncPin&#39; was not declared in this scope
   DimmableLight::setSyncPin(syncPin);
                             ^~~~~~~
/home/ec2-user/arduino-testlib/cli-datadir/user/libraries/Dimmable_Light_for_Arduino/examples/4_lights_manager/4_lights_manager.ino:41:29: note: suggested alternative: &#39;NinaPin&#39;
   DimmableLight::setSyncPin(syncPin);
                             ^~~~~~~
                             NinaPin

</pre>
					
					<h4>examples/5_dimmable_manager_n_lights</h4>
					<p>
						Result: <b>FAIL</b>
					</p>
					<pre class="pre-scrollable">WARNING: library Dimmable_Light_for_Arduino claims to run on esp8266, esp32, avr, samd architecture(s) and may be incompatible with your current board which runs on mbed_nano architecture(s).
In file included from /home/ec2-user/arduino-testlib/cli-datadir/user/libraries/Dimmable_Light_for_Arduino/examples/5_dimmable_manager_n_lights/5_dimmable_manager_n_lights.ino:14:0:
/home/ec2-user/arduino-testlib/cli-datadir/user/libraries/Dimmable_Light_for_Arduino/src/dimmable_light_manager.h: In member function &#39;int DimmableLightManager::getCount()&#39;:
/home/ec2-user/arduino-testlib/cli-datadir/user/libraries/Dimmable_Light_for_Arduino/src/dimmable_light_manager.h:61:12: error: &#39;dla&#39; was not declared in this scope
     return dla.size();
            ^~~
/home/ec2-user/arduino-testlib/cli-datadir/user/libraries/Dimmable_Light_for_Arduino/examples/5_dimmable_manager_n_lights/5_dimmable_manager_n_lights.ino: At global scope:
/home/ec2-user/arduino-testlib/cli-datadir/user/libraries/Dimmable_Light_for_Arduino/examples/5_dimmable_manager_n_lights/5_dimmable_manager_n_lights.ino:18:21: error: &#39;D7&#39; was not declared in this scope
 const int syncPin = D7;
                     ^~
/home/ec2-user/arduino-testlib/cli-datadir/user/libraries/Dimmable_Light_for_Arduino/examples/5_dimmable_manager_n_lights/5_dimmable_manager_n_lights.ino:18:21: note: suggested alternative: &#39;A7&#39;
 const int syncPin = D7;
                     ^~
                     A7
/home/ec2-user/arduino-testlib/cli-datadir/user/libraries/Dimmable_Light_for_Arduino/examples/5_dimmable_manager_n_lights/5_dimmable_manager_n_lights.ino:19:16: error: &#39;D1&#39; was not declared in this scope
 int pins[N] = {D1, D2, D5, D6, D8};
                ^~
/home/ec2-user/arduino-testlib/cli-datadir/user/libraries/Dimmable_Light_for_Arduino/examples/5_dimmable_manager_n_lights/5_dimmable_manager_n_lights.ino:19:16: note: suggested alternative: &#39;A1&#39;
 int pins[N] = {D1, D2, D5, D6, D8};
                ^~
                A1
/home/ec2-user/arduino-testlib/cli-datadir/user/libraries/Dimmable_Light_for_Arduino/examples/5_dimmable_manager_n_lights/5_dimmable_manager_n_lights.ino:19:20: error: &#39;D2&#39; was not declared in this scope
 int pins[N] = {D1, D2, D5, D6, D8};
                    ^~
/home/ec2-user/arduino-testlib/cli-datadir/user/libraries/Dimmable_Light_for_Arduino/examples/5_dimmable_manager_n_lights/5_dimmable_manager_n_lights.ino:19:20: note: suggested alternative: &#39;A2&#39;
 int pins[N] = {D1, D2, D5, D6, D8};
                    ^~
                    A2
/home/ec2-user/arduino-testlib/cli-datadir/user/libraries/Dimmable_Light_for_Arduino/examples/5_dimmable_manager_n_lights/5_dimmable_manager_n_lights.ino:19:24: error: &#39;D5&#39; was not declared in this scope
 int pins[N] = {D1, D2, D5, D6, D8};
                        ^~
/home/ec2-user/arduino-testlib/cli-datadir/user/libraries/Dimmable_Light_for_Arduino/examples/5_dimmable_manager_n_lights/5_dimmable_manager_n_lights.ino:19:24: note: suggested alternative: &#39;A5&#39;
 int pins[N] = {D1, D2, D5, D6, D8};
                        ^~
                        A5
/home/ec2-user/arduino-testlib/cli-datadir/user/libraries/Dimmable_Light_for_Arduino/examples/5_dimmable_manager_n_lights/5_dimmable_manager_n_lights.ino:19:28: error: &#39;D6&#39; was not declared in this scope
 int pins[N] = {D1, D2, D5, D6, D8};
                            ^~
/home/ec2-user/arduino-testlib/cli-datadir/user/libraries/Dimmable_Light_for_Arduino/examples/5_dimmable_manager_n_lights/5_dimmable_manager_n_lights.ino:19:28: note: suggested alternative: &#39;A6&#39;
 int pins[N] = {D1, D2, D5, D6, D8};
                            ^~
                            A6
/home/ec2-user/arduino-testlib/cli-datadir/user/libraries/Dimmable_Light_for_Arduino/examples/5_dimmable_manager_n_lights/5_dimmable_manager_n_lights.ino:19:32: error: &#39;D8&#39; was not declared in this scope
 int pins[N] = {D1, D2, D5, D6, D8};
                                ^~
/home/ec2-user/arduino-testlib/cli-datadir/user/libraries/Dimmable_Light_for_Arduino/examples/5_dimmable_manager_n_lights/5_dimmable_manager_n_lights.ino:19:32: note: suggested alternative: &#39;p8&#39;
 int pins[N] = {D1, D2, D5, D6, D8};
                                ^~
                                p8
/home/ec2-user/arduino-testlib/cli-datadir/user/libraries/Dimmable_Light_for_Arduino/examples/5_dimmable_manager_n_lights/5_dimmable_manager_n_lights.ino:25:1: error: &#39;Ticker&#39; does not name a type
 Ticker dim;
 ^~~~~~
/home/ec2-user/arduino-testlib/cli-datadir/user/libraries/Dimmable_Light_for_Arduino/examples/5_dimmable_manager_n_lights/5_dimmable_manager_n_lights.ino: In function &#39;void doRaise()&#39;:
/home/ec2-user/arduino-testlib/cli-datadir/user/libraries/Dimmable_Light_for_Arduino/examples/5_dimmable_manager_n_lights/5_dimmable_manager_n_lights.ino:39:5: error: &#39;dim&#39; was not declared in this scope
     dim.attach(period,doLower);
     ^~~
/home/ec2-user/arduino-testlib/cli-datadir/user/libraries/Dimmable_Light_for_Arduino/examples/5_dimmable_manager_n_lights/5_dimmable_manager_n_lights.ino:39:5: note: suggested alternative: &#39;dlm&#39;
     dim.attach(period,doLower);
     ^~~
     dlm
/home/ec2-user/arduino-testlib/cli-datadir/user/libraries/Dimmable_Light_for_Arduino/examples/5_dimmable_manager_n_lights/5_dimmable_manager_n_lights.ino: In function &#39;void doLower()&#39;:
/home/ec2-user/arduino-testlib/cli-datadir/user/libraries/Dimmable_Light_for_Arduino/examples/5_dimmable_manager_n_lights/5_dimmable_manager_n_lights.ino:55:5: error: &#39;dim&#39; was not declared in this scope
     dim.attach(period,doRaise);
     ^~~
/home/ec2-user/arduino-testlib/cli-datadir/user/libraries/Dimmable_Light_for_Arduino/examples/5_dimmable_manager_n_lights/5_dimmable_manager_n_lights.ino:55:5: note: suggested alternative: &#39;dlm&#39;
     dim.attach(period,doRaise);
     ^~~
     dlm
/home/ec2-user/arduino-testlib/cli-datadir/user/libraries/Dimmable_Light_for_Arduino/examples/5_dimmable_manager_n_lights/5_dimmable_manager_n_lights.ino: In function &#39;void setup()&#39;:
/home/ec2-user/arduino-testlib/cli-datadir/user/libraries/Dimmable_Light_for_Arduino/examples/5_dimmable_manager_n_lights/5_dimmable_manager_n_lights.ino:85:3: error: &#39;dim&#39; was not declared in this scope
   dim.attach(period, doRaise);
   ^~~
/home/ec2-user/arduino-testlib/cli-datadir/user/libraries/Dimmable_Light_for_Arduino/examples/5_dimmable_manager_n_lights/5_dimmable_manager_n_lights.ino:85:3: note: suggested alternative: &#39;dlm&#39;
   dim.attach(period, doRaise);
   ^~~
   dlm

</pre>
					
					<h4>examples/6_8_lights_effects</h4>
					<p>
						Result: <b>FAIL</b>
					</p>
					<pre class="pre-scrollable">WARNING: library Dimmable_Light_for_Arduino claims to run on esp8266, esp32, avr, samd architecture(s) and may be incompatible with your current board which runs on mbed_nano architecture(s).
/home/ec2-user/arduino-testlib/cli-datadir/user/libraries/Dimmable_Light_for_Arduino/examples/6_8_lights_effects/effect.cpp:29:14: error: two or more data types in declaration of &#39;doEqual&#39;
 void doEqual(){
              ^
����������������������������������������������������������������������������������������������������������������������������������������������������������������������������������������������������������������������������/home/ec2-user/arduino-testlib/cli-datadir/user/libraries/Dimmable_Light_for_Arduino/examples/6_8_lights_effects/6_8_lights_effects.ino: In function &#39;void setup()&#39;:
/home/ec2-user/arduino-testli/home/ec2-user/arduino-testlib/cli-datadir/user/libraries/Dimmable_Light_for_Arduino/examples/6_8_lights_effects/effect.cpp:414:29: note: suggested alternative: &#39;NinaPin&#39;
   DimmableLight::setSyncPin(syncPin);
                             ^~~~~~~
                             NinaPin
Multiple libraries were found for &#34;SerialCommand.h&#34;
  Used: /home/ec2-user/arduino-testlib/cli-datadir/user/libraries/SerialCommand
  Not used: /home/ec2-user/arduino-testlib/cli-datadir/user/libraries/OttoDIYLib
</pre>
					
					<h4>examples/7_linearized_dimmable_light</h4>
					<p>
						Result: <b>FAIL</b>
					</p>
					<pre class="pre-scrollable">WARNING: library Dimmable_Light_for_Arduino claims to run on esp8266, esp32, avr, samd architecture(s) and may be incompatible with your current board which runs on mbed_nano architecture(s).
/home/ec2-user/arduino-testlib/cli-datadir/user/libraries/Dimmable_Light_for_Arduino/examples/7_linearized_dimmable_light/7_linearized_dimmable_light.ino:9:21: error: &#39;D7&#39; was not declared in this scope
 const int syncPin = D7;
                     ^~
/home/ec2-user/arduino-testlib/cli-datadir/user/libraries/Dimmable_Light_for_Arduino/examples/7_linearized_dimmable_light/7_linearized_dimmable_light.ino:9:21: note: suggested alternative: &#39;A7&#39;
 const int syncPin = D7;
                     ^~
                     A7
/home/ec2-user/arduino-testlib/cli-datadir/user/libraries/Dimmable_Light_for_Arduino/examples/7_linearized_dimmable_light/7_linearized_dimmable_light.ino:10:26: error: &#39;D5&#39; was not declared in this scope
 const int thyristorPin = D5;
                          ^~
/home/ec2-user/arduino-testlib/cli-datadir/user/libraries/Dimmable_Light_for_Arduino/examples/7_linearized_dimmable_light/7_linearized_dimmable_light.ino:10:26: note: suggested alternative: &#39;A5&#39;
 const int thyristorPin = D5;
                          ^~
                          A5

</pre>
					
				
				<h3 id="arduino:megaavr:nona4809">arduino:megaavr:nona4809 @ 1.8.7</h3>
				<h4>Inclusion</h4>
				<p>
					Result: <b>FAIL</b>
					
				</p>
				<pre class="pre-scrollable">WARNING: library Dimmable_Light_for_Arduino claims to run on esp8266, esp32, avr, samd architecture(s) and may be incompatible with your current board which runs on megaavr architecture(s).
Multiple libraries were found for &#34;ArduinoSTL.h&#34;
  Used: /home/ec2-user/arduino-testlib/cli-datadir/user/libraries/ArduinoSTL
  Not used: /home/ec2-user/arduino-testlib/cli-datadir/user/libraries/avr_stl
</pre>

					
					<h4>examples/1_dimmable_light</h4>
					<p>
						Result: <b>FAIL</b>
					</p>
					<pre class="pre-scrollable">WARNING: library Dimmable_Light_for_Arduino claims to run on esp8266, esp32, avr, samd architecture(s) and may be incompatible with your current board which runs on megaavr architecture(s).
/home/ec2-user/arduino-testlib/cli-datadir/user/libraries/Dimmable_Light_for_Arduino/examples/1_dimmable_light/1_dimmable_light.ino:9:21: error: &#39;D7&#39; was not declared in this scope
 const int syncPin = D7;
                     ^~
/home/ec2-user/arduino-testlib/cli-datadir/user/libraries/Dimmable_Light_for_Arduino/examples/1_dimmable_light/1_dimmable_light.ino:9:21: note: suggested alternative: &#39;A7&#39;
 const int syncPin = D7;
                     ^~
                     A7
/home/ec2-user/arduino-testlib/cli-datadir/user/libraries/Dimmable_Light_for_Arduino/examples/1_dimmable_light/1_dimmable_light.ino:10:26: error: &#39;D5&#39; was not declared in this scope
 const int thyristorPin = D5;
                          ^~
/home/ec2-user/arduino-testlib/cli-datadir/user/libraries/Dimmable_Light_for_Arduino/examples/1_dimmable_light/1_dimmable_light.ino:10:26: note: suggested alternative: &#39;A5&#39;
 const int thyristorPin = D5;
                          ^~
                          A5
Multiple libraries were found for &#34;ArduinoSTL.h&#34;
  Used: /home/ec2-user/arduino-testlib/cli-datadir/user/libraries/ArduinoSTL
  Not used: /home/ec2-user/arduino-testlib/cli-datadir/user/libraries/avr_stl
</pre>
					
					<h4>examples/2_dimmable_lights</h4>
					<p>
						Result: <b>FAIL</b>
					</p>
					<pre class="pre-scrollable">WARNING: library Dimmable_Light_for_Arduino claims to run on esp8266, esp32, avr, samd architecture(s) and may be incompatible with your current board which runs on megaavr architecture(s).
/home/ec2-user/arduino-testlib/cli-datadir/user/libraries/Dimmable_Light_for_Arduino/examples/2_dimmable_lights/2_dimmable_lights.ino:8:21: error: &#39;D7&#39; was not declared in this scope
 const int syncPin = D7;
                     ^~
/home/ec2-user/arduino-testlib/cli-datadir/user/libraries/Dimmable_Light_for_Arduino/examples/2_dimmable_lights/2_dimmable_lights.ino:8:21: note: suggested alternative: &#39;A7&#39;
 const int syncPin = D7;
                     ^~
                     A7
/home/ec2-user/arduino-testlib/cli-datadir/user/libraries/Dimmable_Light_for_Arduino/examples/2_dimmable_lights/2_dimmable_lights.ino:10:22: error: &#39;D5&#39; was not declared in this scope
 DimmableLight light1(D5);
                      ^~
/home/ec2-user/arduino-testlib/cli-datadir/user/libraries/Dimmable_Light_for_Arduino/examples/2_dimmable_lights/2_dimmable_lights.ino:10:22: note: suggested alternative: &#39;A5&#39;
 DimmableLight light1(D5);
                      ^~
                      A5
/home/ec2-user/arduino-testlib/cli-datadir/user/libraries/Dimmable_Light_for_Arduino/examples/2_dimmable_lights/2_dimmable_lights.ino:11:22: error: &#39;D6&#39; was not declared in this scope
 DimmableLight light2(D6);
                      ^~
/home/ec2-user/arduino-testlib/cli-datadir/user/libraries/Dimmable_Light_for_Arduino/examples/2_dimmable_lights/2_dimmable_lights.ino:11:22: note: suggested alternative: &#39;A6&#39;
 DimmableLight light2(D6);
                      ^~
                      A6
Multiple libraries were found for &#34;ArduinoSTL.h&#34;
  Used: /home/ec2-user/arduino-testlib/cli-datadir/user/libraries/ArduinoSTL
  Not used: /home/ec2-user/arduino-testlib/cli-datadir/user/libraries/avr_stl
</pre>
					
					<h4>examples/3_dimmable_light_5_light</h4>
					<p>
						Result: <b>FAIL</b>
					</p>
					<pre class="pre-scrollable">WARNING: library Dimmable_Light_for_Arduino claims to run on esp8266, esp32, avr, samd architecture(s) and may be incompatible with your current board which runs on megaavr architecture(s).
/home/ec2-user/arduino-testlib/cli-datadir/user/libraries/Dimmable_Light_for_Arduino/examples/3_dimmable_light_5_light/3_dimmable_light_5_light.ino:15:21: error: &#39;D7&#39; was not declared in this scope
 const int syncPin = D7;
                     ^~
/home/ec2-user/arduino-testlib/cli-datadir/user/libraries/Dimmable_Light_for_Arduino/examples/3_dimmable_light_5_light/3_dimmable_light_5_light.ino:15:21: note: suggested alternative: &#39;A7&#39;
 const int syncPin = D7;
                     ^~
                     A7
/home/ec2-user/arduino-testlib/cli-datadir/user/libraries/Dimmable_Light_for_Arduino/examples/3_dimmable_light_5_light/3_dimmable_light_5_light.ino:16:18: error: &#39;D1&#39; was not declared in this scope
 DimmableLight l1(D1);
                  ^~
/home/ec2-user/arduino-testlib/cli-datadir/user/libraries/Dimmable_Light_for_Arduino/examples/3_dimmable_light_5_light/3_dimmable_light_5_light.ino:16:18: note: suggested alternative: &#39;l1&#39;
 DimmableLight l1(D1);
                  ^~
                  l1
/home/ec2-user/arduino-testlib/cli-datadir/user/libraries/Dimmable_Light_for_Arduino/examples/3_dimmable_light_5_light/3_dimmable_light_5_light.ino:17:18: error: &#39;D2&#39; was not declared in this scope
 DimmableLight l2(D2);
                  ^~
/home/ec2-user/arduino-testlib/cli-datadir/user/libraries/Dimmable_Light_for_Arduino/examples/3_dimmable_light_5_light/3_dimmable_light_5_light.ino:17:18: note: suggested alternative: &#39;l2&#39;
 DimmableLight l2(D2);
                  ^~
                  l2
/home/ec2-user/arduino-testlib/cli-datadir/user/libraries/Dimmable_Light_for_Arduino/examples/3_dimmable_light_5_light/3_dimmable_light_5_light.ino:18:18: error: &#39;D5&#39; was not declared in this scope
 DimmableLight l3(D5);
                  ^~
/home/ec2-user/arduino-testlib/cli-datadir/user/libraries/Dimmable_Light_for_Arduino/examples/3_dimmable_light_5_light/3_dimmable_light_5_light.ino:18:18: note: suggested alternative: &#39;A5&#39;
 DimmableLight l3(D5);
                  ^~
                  A5
/home/ec2-user/arduino-testlib/cli-datadir/user/libraries/Dimmable_Light_for_Arduino/examples/3_dimmable_light_5_light/3_dimmable_light_5_light.ino:19:18: error: &#39;D6&#39; was not declared in this scope
 DimmableLight l4(D6);
                  ^~
/home/ec2-user/arduino-testlib/cli-datadir/user/libraries/Dimmable_Light_for_Arduino/examples/3_dimmable_light_5_light/3_dimmable_light_5_light.ino:19:18: note: suggested alternative: &#39;A6&#39;
 DimmableLight l4(D6);
                  ^~
                  A6
/home/ec2-user/arduino-testlib/cli-datadir/user/libraries/Dimmable_Light_for_Arduino/examples/3_dimmable_light_5_light/3_dimmable_light_5_light.ino:20:18: error: &#39;D8&#39; was not declared in this scope
 DimmableLight l5(D8);
                  ^~
/home/ec2-user/arduino-testlib/cli-datadir/user/libraries/Dimmable_Light_for_Arduino/examples/3_dimmable_light_5_light/3_dimmable_light_5_light.ino:22:8: error: no matching function for call to &#39;Ticker::Ticker()&#39;
 Ticker dim;
        ^~~
In file included from /home/ec2-user/arduino-testlib/cli-datadir/user/libraries/Dimmable_Light_for_Arduino/examples/3_dimmable_light_5_light/3_dimmable_light_5_light.ino:12:0:
/home/ec2-user/arduino-testlib/cli-datadir/user/libraries/Ticker/Ticker.h:74:2: note: candidate: Ticker::Ticker(fptr, uint32_t, uint32_t, resolution_t)
  Ticker(fptr callback, uint32_t timer, uint32_t repeat = 0, resolution_t resolution = MICROS);
  ^~~~~~
/home/ec2-user/arduino-testlib/cli-datadir/user/libraries/Ticker/Ticker.h:74:2: note:   candidate expects 4 arguments, 0 provided
/home/ec2-user/arduino-testlib/cli-datadir/user/libraries/Ticker/Ticker.h:62:7: note: candidate: constexpr Ticker::Ticker(const Ticker&amp;)
 class Ticker {
       ^~~~~~
/home/ec2-user/arduino-testlib/cli-datadir/user/libraries/Ticker/Ticker.h:62:7: note:   candidate expects 1 argument, 0 provided
/home/ec2-user/arduino-testlib/cli-datadir/user/libraries/Dimmable_Light_for_Arduino/examples/3_dimmable_light_5_light/3_dimmable_light_5_light.ino: In function &#39;void doEqual()&#39;:
/home/ec2-user/arduino-testlib/cli-datadir/user/libraries/Dimmable_Light_for_Arduino/examples/3_dimmable_light_5_light/3_dimmable_light_5_light.ino:68:7: error: &#39;class Ticker&#39; has no member named &#39;once&#39;
   dim.once(period,doEqual);
       ^~~~
/home/ec2-user/arduino-testlib/cli-datadir/user/libraries/Dimmable_Light_for_Arduino/examples/3_dimmable_light_5_light/3_dimmable_light_5_light.ino: In function &#39;void doEqualOnOff()&#39;:
/home/ec2-user/arduino-testlib/cli-datadir/user/libraries/Dimmable_Light_for_Arduino/examples/3_dimmable_light_5_light/3_dimmable_light_5_light.ino:89:7: error: &#39;class Ticker&#39; has no member named &#39;once&#39;
   dim.once(period,doEqualOnOff);
       ^~~~
/home/ec2-user/arduino-testlib/cli-datadir/user/libraries/Dimmable_Light_for_Arduino/examples/3_dimmable_light_5_light/3_dimmable_light_5_light.ino: In function &#39;void doDimSpecificStep()&#39;:
/home/ec2-user/arduino-testlib/cli-datadir/user/libraries/Dimmable_Light_for_Arduino/examples/3_dimmable_light_5_light/3_dimmable_light_5_light.ino:110:7: error: &#39;class Ticker&#39; has no member named &#39;once&#39;
   dim.once(period, doDimSpecificStep);
       ^~~~
/home/ec2-user/arduino-testlib/cli-datadir/user/libraries/Dimmable_Light_for_Arduino/examples/3_dimmable_light_5_light/3_dimmable_light_5_light.ino: In function &#39;void doRangeLimit()&#39;:
/home/ec2-user/arduino-testlib/cli-datadir/user/libraries/Dimmable_Light_for_Arduino/examples/3_dimmable_light_5_light/3_dimmable_light_5_light.ino:131:7: error: &#39;class Ticker&#39; has no member named &#39;once&#39;
   dim.once(period, doRangeLimit);
       ^~~~
/home/ec2-user/arduino-testlib/cli-datadir/user/libraries/Dimmable_Light_for_Arduino/examples/3_dimmable_light_5_light/3_dimmable_light_5_light.ino: In function &#39;void doNearValues()&#39;:
/home/ec2-user/arduino-testlib/cli-datadir/user/libraries/Dimmable_Light_for_Arduino/examples/3_dimmable_light_5_light/3_dimmable_light_5_light.ino:152:7: error: &#39;class Ticker&#39; has no member named &#39;once&#39;
   dim.once(period, doNearValues);
       ^~~~
/home/ec2-user/arduino-testlib/cli-datadir/user/libraries/Dimmable_Light_for_Arduino/examples/3_dimmable_light_5_light/3_dimmable_light_5_light.ino: In function &#39;void doDimMixed()&#39;:
/home/ec2-user/arduino-testlib/cli-datadir/user/libraries/Dimmable_Light_for_Arduino/examples/3_dimmable_light_5_light/3_dimmable_light_5_light.ino:185:7: error: &#39;class Ticker&#39; has no member named &#39;once&#39;
   dim.once(period,doDimMixed);
       ^~~~
/home/ec2-user/arduino-testlib/cli-datadir/user/libraries/Dimmable_Light_for_Arduino/examples/3_dimmable_light_5_light/3_dimmable_light_5_light.ino: In function &#39;void doDimSweepEqual()&#39;:
/home/ec2-user/arduino-testlib/cli-datadir/user/libraries/Dimmable_Light_for_Arduino/examples/3_dimmable_light_5_light/3_dimmable_light_5_light.ino:213:7: error: &#39;class Ticker&#39; has no member named &#39;once&#39;
   dim.once(period,doDimSweepEqual);
       ^~~~
/home/ec2-user/arduino-testlib/cli-datadir/user/libraries/Dimmable_Light_for_Arduino/examples/3_dimmable_light_5_light/3_dimmable_light_5_light.ino: In function &#39;void doInvertedDim()&#39;:
/home/ec2-user/arduino-testlib/cli-datadir/user/libraries/Dimmable_Light_for_Arduino/examples/3_dimmable_light_5_light/3_dimmable_light_5_light.ino:243:7: error: &#39;class Ticker&#39; has no member named &#39;once&#39;
   dim.once(period,doInvertedDim);
       ^~~~
/home/ec2-user/arduino-testlib/cli-datadir/user/libraries/Dimmable_Light_for_Arduino/examples/3_dimmable_light_5_light/3_dimmable_light_5_light.ino: In function &#39;void doCircularSwipe()&#39;:
/home/ec2-user/arduino-testlib/cli-datadir/user/libraries/Dimmable_Light_for_Arduino/examples/3_dimmable_light_5_light/3_dimmable_light_5_light.ino:265:7: error: &#39;class Ticker&#39; has no member named &#39;once&#39;
   dim.once(period,doCircularSwipe);
       ^~~~
Multiple libraries were found for &#34;Ticker.h&#34;
  Used: /home/ec2-user/arduino-testlib/cli-datadir/user/libraries/Ticker
  Not used: /home/ec2-user/arduino-testlib/cli-datadir/user/libraries/SimpleTicker
Multiple libraries were found for &#34;ArduinoSTL.h&#34;
  Used: /home/ec2-user/arduino-testlib/cli-datadir/user/libraries/ArduinoSTL
  Not used: /home/ec2-user/arduino-testlib/cli-datadir/user/libraries/avr_stl
</pre>
					
					<h4>examples/4_lights_manager</h4>
					<p>
						Result: <b>FAIL</b>
					</p>
					<pre class="pre-scrollable">WARNING: library Dimmable_Light_for_Arduino claims to run on esp8266, esp32, avr, samd architecture(s) and may be incompatible with your current board which runs on megaavr architecture(s).
/home/ec2-user/arduino-testlib/cli-datadir/user/libraries/Dimmable_Light_for_Arduino/examples/4_lights_manager/4_lights_manager.ino: In function &#39;void setup()&#39;:
/home/ec2-user/arduino-testlib/cli-datadir/user/libraries/Dimmable_Light_for_Arduino/examples/4_lights_manager/4_lights_manager.ino:34:41: error: &#39;pins&#39; was not declared in this scope
     if(dlm.add(String(&#34;light&#34;) &#43; (i&#43;1), pins[i])){
                                         ^~~~
/home/ec2-user/arduino-testlib/cli-datadir/user/libraries/Dimmable_Light_for_Arduino/examples/4_lights_manager/4_lights_manager.ino:34:41: note: suggested alternative: &#39;min&#39;
     if(dlm.add(String(&#34;light&#34;) &#43; (i&#43;1), pins[i])){
                                         ^~~~
                                         min
/home/ec2-user/arduino-testlib/cli-datadir/user/libraries/Dimmable_Light_for_Arduino/examples/4_lights_manager/4_lights_manager.ino:41:29: error: &#39;syncPin&#39; was not declared in this scope
   DimmableLight::setSyncPin(syncPin);
                             ^~~~~~~
Multiple libraries were found for &#34;ArduinoSTL.h&#34;
  Used: /home/ec2-user/arduino-testlib/cli-datadir/user/libraries/ArduinoSTL
  Not used: /home/ec2-user/arduino-testlib/cli-datadir/user/libraries/avr_stl
</pre>
					
					<h4>examples/5_dimmable_manager_n_lights</h4>
					<p>
						Result: <b>FAIL</b>
					</p>
					<pre class="pre-scrollable">WARNING: library Dimmable_Light_for_Arduino claims to run on esp8266, esp32, avr, samd architecture(s) and may be incompatible with your current board which runs on megaavr architecture(s).
/home/ec2-user/arduino-testlib/cli-datadir/user/libraries/Dimmable_Light_for_Arduino/examples/5_dimmable_manager_n_lights/5_dimmable_manager_n_lights.ino:18:21: error: &#39;D7&#39; was not declared in this scope
 const int syncPin = D7;
                     ^~
/home/ec2-user/arduino-testlib/cli-datadir/user/libraries/Dimmable_Light_for_Arduino/examples/5_dimmable_manager_n_lights/5_dimmable_manager_n_lights.ino:18:21: note: suggested alternative: &#39;A7&#39;
 const int syncPin = D7;
                     ^~
                     A7
/home/ec2-user/arduino-testlib/cli-datadir/user/libraries/Dimmable_Light_for_Arduino/examples/5_dimmable_manager_n_lights/5_dimmable_manager_n_lights.ino:19:16: error: &#39;D1&#39; was not declared in this scope
 int pins[N] = {D1, D2, D5, D6, D8};
                ^~
/home/ec2-user/arduino-testlib/cli-datadir/user/libraries/Dimmable_Light_for_Arduino/examples/5_dimmable_manager_n_lights/5_dimmable_manager_n_lights.ino:19:16: note: suggested alternative: &#39;A1&#39;
 int pins[N] = {D1, D2, D5, D6, D8};
                ^~
                A1
/home/ec2-user/arduino-testlib/cli-datadir/user/libraries/Dimmable_Light_for_Arduino/examples/5_dimmable_manager_n_lights/5_dimmable_manager_n_lights.ino:19:20: error: &#39;D2&#39; was not declared in this scope
 int pins[N] = {D1, D2, D5, D6, D8};
                    ^~
/home/ec2-user/arduino-testlib/cli-datadir/user/libraries/Dimmable_Light_for_Arduino/examples/5_dimmable_manager_n_lights/5_dimmable_manager_n_lights.ino:19:20: note: suggested alternative: &#39;A2&#39;
 int pins[N] = {D1, D2, D5, D6, D8};
                    ^~
                    A2
/home/ec2-user/arduino-testlib/cli-datadir/user/libraries/Dimmable_Light_for_Arduino/examples/5_dimmable_manager_n_lights/5_dimmable_manager_n_lights.ino:19:24: error: &#39;D5&#39; was not declared in this scope
 int pins[N] = {D1, D2, D5, D6, D8};
                        ^~
/home/ec2-user/arduino-testlib/cli-datadir/user/libraries/Dimmable_Light_for_Arduino/examples/5_dimmable_manager_n_lights/5_dimmable_manager_n_lights.ino:19:24: note: suggested alternative: &#39;A5&#39;
 int pins[N] = {D1, D2, D5, D6, D8};
                        ^~
                        A5
/home/ec2-user/arduino-testlib/cli-datadir/user/libraries/Dimmable_Light_for_Arduino/examples/5_dimmable_manager_n_lights/5_dimmable_manager_n_lights.ino:19:28: error: &#39;D6&#39; was not declared in this scope
 int pins[N] = {D1, D2, D5, D6, D8};
                            ^~
/home/ec2-user/arduino-testlib/cli-datadir/user/libraries/Dimmable_Light_for_Arduino/examples/5_dimmable_manager_n_lights/5_dimmable_manager_n_lights.ino:19:28: note: suggested alternative: &#39;A6&#39;
 int pins[N] = {D1, D2, D5, D6, D8};
                            ^~
                            A6
/home/ec2-user/arduino-testlib/cli-datadir/user/libraries/Dimmable_Light_for_Arduino/examples/5_dimmable_manager_n_lights/5_dimmable_manager_n_lights.ino:19:32: error: &#39;D8&#39; was not declared in this scope
 int pins[N] = {D1, D2, D5, D6, D8};
                                ^~
/home/ec2-user/arduino-testlib/cli-datadir/user/libraries/Dimmable_Light_for_Arduino/examples/5_dimmable_manager_n_lights/5_dimmable_manager_n_lights.ino:25:8: error: no matching function for call to &#39;Ticker::Ticker()&#39;
 Ticker dim;
        ^~~
In file included from /home/ec2-user/arduino-testlib/cli-datadir/user/libraries/Dimmable_Light_for_Arduino/examples/5_dimmable_manager_n_lights/5_dimmable_manager_n_lights.ino:13:0:
/home/ec2-user/arduino-testlib/cli-datadir/user/libraries/Ticker/Ticker.h:74:2: note: candidate: Ticker::Ticker(fptr, uint32_t, uint32_t, resolution_t)
  Ticker(fptr callback, uint32_t timer, uint32_t repeat = 0, resolution_t resolution = MICROS);
  ^~~~~~
/home/ec2-user/arduino-testlib/cli-datadir/user/libraries/Ticker/Ticker.h:74:2: note:   candidate expects 4 arguments, 0 provided
/home/ec2-user/arduino-testlib/cli-datadir/user/libraries/Ticker/Ticker.h:62:7: note: candidate: constexpr Ticker::Ticker(const Ticker&amp;)
 class Ticker {
       ^~~~~~
/home/ec2-user/arduino-testlib/cli-datadir/user/libraries/Ticker/Ticker.h:62:7: note:   candidate expects 1 argument, 0 provided
/home/ec2-user/arduino-testlib/cli-datadir/user/libraries/Dimmable_Light_for_Arduino/examples/5_dimmable_manager_n_lights/5_dimmable_manager_n_lights.ino: In function &#39;void doRaise()&#39;:
/home/ec2-user/arduino-testlib/cli-datadir/user/libraries/Dimmable_Light_for_Arduino/examples/5_dimmable_manager_n_lights/5_dimmable_manager_n_lights.ino:39:9: error: &#39;class Ticker&#39; has no member named &#39;attach&#39;
     dim.attach(period,doLower);
         ^~~~~~
/home/ec2-user/arduino-testlib/cli-datadir/user/libraries/Dimmable_Light_for_Arduino/examples/5_dimmable_manager_n_lights/5_dimmable_manager_n_lights.ino: In function &#39;void doLower()&#39;:
/home/ec2-user/arduino-testlib/cli-datadir/user/libraries/Dimmable_Light_for_Arduino/examples/5_dimmable_manager_n_lights/5_dimmable_manager_n_lights.ino:55:9: error: &#39;class Ticker&#39; has no member named &#39;attach&#39;
     dim.attach(period,doRaise);
         ^~~~~~
/home/ec2-user/arduino-testlib/cli-datadir/user/libraries/Dimmable_Light_for_Arduino/examples/5_dimmable_manager_n_lights/5_dimmable_manager_n_lights.ino: In function &#39;void setup()&#39;:
/home/ec2-user/arduino-testlib/cli-datadir/user/libraries/Dimmable_Light_for_Arduino/examples/5_dimmable_manager_n_lights/5_dimmable_manager_n_lights.ino:85:7: error: &#39;class Ticker&#39; has no member named &#39;attach&#39;
   dim.attach(period, doRaise);
       ^~~~~~
Multiple libraries were found for &#34;ArduinoSTL.h&#34;
  Used: /home/ec2-user/arduino-testlib/cli-datadir/user/libraries/ArduinoSTL
  Not used: /home/ec2-user/arduino-testlib/cli-datadir/user/libraries/avr_stl
Multiple libraries were found for &#34;Ticker.h&#34;
  Used: /home/ec2-user/arduino-testlib/cli-datadir/user/libraries/Ticker
  Not used: /home/ec2-user/arduino-testlib/cli-datadir/user/libraries/SimpleTicker
</pre>
					
					<h4>examples/6_8_lights_effects</h4>
					<p>
						Result: <b>FAIL</b>
					</p>
					<pre class="pre-scrollable">WARNING: library Dimmable_Light_for_Arduino claims to run on esp8266, esp32, avr, samd architecture(s) and may be incompatible with your current board which runs on megaavr architecture(s).
Multiple libraries were found for &#34;ArduinoSTL.h&#34;
  Used: /home/ec2-user/arduino-testlib/cli-datadir/user/libraries/ArduinoSTL
  Not used: /home/ec2-user/arduino-testlib/cli-datadir/user/libraries/avr_stl
Multiple libraries were found for &#34;SerialCommand.h&#34;
  Used: /home/ec2-user/arduino-testlib/cli-datadir/user/libraries/SerialCommand
  Not used: /home/ec2-user/arduino-testlib/cli-datadir/user/libraries/OttoDIYLib
</pre>
					
					<h4>examples/7_linearized_dimmable_light</h4>
					<p>
						Result: <b>FAIL</b>
					</p>
					<pre class="pre-scrollable">WARNING: library Dimmable_Light_for_Arduino claims to run on esp8266, esp32, avr, samd architecture(s) and may be incompatible with your current board which runs on megaavr architecture(s).
/home/ec2-user/arduino-testlib/cli-datadir/user/libraries/Dimmable_Light_for_Arduino/examples/7_linearized_dimmable_light/7_linearized_dimmable_light.ino:9:21: error: &#39;D7&#39; was not declared in this scope
 const int syncPin = D7;
                     ^~
/home/ec2-user/arduino-testlib/cli-datadir/user/libraries/Dimmable_Light_for_Arduino/examples/7_linearized_dimmable_light/7_linearized_dimmable_light.ino:9:21: note: suggested alternative: &#39;A7&#39;
 const int syncPin = D7;
                     ^~
                     A7
/home/ec2-user/arduino-testlib/cli-datadir/user/libraries/Dimmable_Light_for_Arduino/examples/7_linearized_dimmable_light/7_linearized_dimmable_light.ino:10:26: error: &#39;D5&#39; was not declared in this scope
 const int thyristorPin = D5;
                          ^~
/home/ec2-user/arduino-testlib/cli-datadir/user/libraries/Dimmable_Light_for_Arduino/examples/7_linearized_dimmable_light/7_linearized_dimmable_light.ino:10:26: note: suggested alternative: &#39;A5&#39;
 const int thyristorPin = D5;
                          ^~
                          A5
Multiple libraries were found for &#34;ArduinoSTL.h&#34;
  Used: /home/ec2-user/arduino-testlib/cli-datadir/user/libraries/ArduinoSTL
  Not used: /home/ec2-user/arduino-testlib/cli-datadir/user/libraries/avr_stl
</pre>
					
				
				<h3 id="arduino:samd:mkrwifi1010">arduino:samd:mkrwifi1010 @ 1.8.12</h3>
				<h4>Inclusion</h4>
				<p>
					Result: <b>PASS</b>
					
					<br />This library has no main header file so an empty one was created.
					
				</p>
				<pre class="pre-scrollable">Sketch uses 12256 bytes (4%) of program storage space. Maximum is 262144 bytes.
Global variables use 3140 bytes (9%) of dynamic memory, leaving 29628 bytes for local variables. Maximum is 32768 bytes.
</pre>

					
					<h4>examples/1_dimmable_light</h4>
					<p>
						Result: <b>FAIL</b>
					</p>
					<pre class="pre-scrollable">/Users/alranel/Documents/git/arduino/arduino-testlib/cli-datadir/user/libraries/Dimmable_Light_for_Arduino/examples/1_dimmable_light/1_dimmable_light.ino:9:21: error: &#39;D7&#39; was not declared in this scope
 const int syncPin = D7;
                     ^~
/Users/alranel/Documents/git/arduino/arduino-testlib/cli-datadir/user/libraries/Dimmable_Light_for_Arduino/examples/1_dimmable_light/1_dimmable_light.ino:10:26: error: &#39;D5&#39; was not declared in this scope
 const int thyristorPin = D5;
                          ^~
/Users/alranel/Documents/git/arduino/arduino-testlib/cli-datadir/user/libraries/Dimmable_Light_for_Arduino/examples/1_dimmable_light/1_dimmable_light.ino:10:26: note: suggested alternative: &#39;A5&#39;
 const int thyristorPin = D5;
                          ^~
                          A5

</pre>
					
					<h4>examples/2_dimmable_lights</h4>
					<p>
						Result: <b>FAIL</b>
					</p>
					<pre class="pre-scrollable">/Users/alranel/Documents/git/arduino/arduino-testlib/cli-datadir/user/libraries/Dimmable_Light_for_Arduino/examples/2_dimmable_lights/2_dimmable_lights.ino:8:21: error: &#39;D7&#39; was not declared in this scope
 const int syncPin = D7;
                     ^~
/Users/alranel/Documents/git/arduino/arduino-testlib/cli-datadir/user/libraries/Dimmable_Light_for_Arduino/examples/2_dimmable_lights/2_dimmable_lights.ino:10:22: error: &#39;D5&#39; was not declared in this scope
 DimmableLight light1(D5);
                      ^~
/Users/alranel/Documents/git/arduino/arduino-testlib/cli-datadir/user/libraries/Dimmable_Light_for_Arduino/examples/2_dimmable_lights/2_dimmable_lights.ino:10:22: note: suggested alternative: &#39;A5&#39;
 DimmableLight light1(D5);
                      ^~
                      A5
/Users/alranel/Documents/git/arduino/arduino-testlib/cli-datadir/user/libraries/Dimmable_Light_for_Arduino/examples/2_dimmable_lights/2_dimmable_lights.ino:11:22: error: &#39;D6&#39; was not declared in this scope
 DimmableLight light2(D6);
                      ^~
/Users/alranel/Documents/git/arduino/arduino-testlib/cli-datadir/user/libraries/Dimmable_Light_for_Arduino/examples/2_dimmable_lights/2_dimmable_lights.ino:11:22: note: suggested alternative: &#39;A6&#39;
 DimmableLight light2(D6);
                      ^~
                      A6

</pre>
					
					<h4>examples/3_dimmable_light_5_light</h4>
					<p>
						Result: <b>FAIL</b>
					</p>
					<pre class="pre-scrollable">/Users/alranel/Documents/git/arduino/arduino-testlib/cli-datadir/user/libraries/Dimmable_Light_for_Arduino/examples/3_dimmable_light_5_light/3_dimmable_light_5_light.ino:15:21: error: &#39;D7&#39; was not declared in this scope
 const int syncPin = D7;
                     ^~
/Users/alranel/Documents/git/arduino/arduino-testlib/cli-datadir/user/libraries/Dimmable_Light_for_Arduino/examples/3_dimmable_light_5_light/3_dimmable_light_5_light.ino:16:18: error: &#39;D1&#39; was not declared in this scope
 DimmableLight l1(D1);
                  ^~
/Users/alranel/Documents/git/arduino/arduino-testlib/cli-datadir/user/libraries/Dimmable_Light_for_Arduino/examples/3_dimmable_light_5_light/3_dimmable_light_5_light.ino:16:18: note: suggested alternative: &#39;l1&#39;
 DimmableLight l1(D1);
                  ^~
                  l1
/Users/alranel/Documents/git/arduino/arduino-testlib/cli-datadir/user/libraries/Dimmable_Light_for_Arduino/examples/3_dimmable_light_5_light/3_dimmable_light_5_light.ino:17:18: error: &#39;D2&#39; was not declared in this scope
 DimmableLight l2(D2);
                  ^~
/Users/alranel/Documents/git/arduino/arduino-testlib/cli-datadir/user/libraries/Dimmable_Light_for_Arduino/examples/3_dimmable_light_5_light/3_dimmable_light_5_light.ino:17:18: note: suggested alternative: &#39;l2&#39;
 DimmableLight l2(D2);
                  ^~
                  l2
/Users/alranel/Documents/git/arduino/arduino-testlib/cli-datadir/user/libraries/Dimmable_Light_for_Arduino/examples/3_dimmable_light_5_light/3_dimmable_light_5_light.ino:18:18: error: &#39;D5&#39; was not declared in this scope
 DimmableLight l3(D5);
                  ^~
/Users/alranel/Documents/git/arduino/arduino-testlib/cli-datadir/user/libraries/Dimmable_Light_for_Arduino/examples/3_dimmable_light_5_light/3_dimmable_light_5_light.ino:18:18: note: suggested alternative: &#39;A5&#39;
 DimmableLight l3(D5);
                  ^~
                  A5
/Users/alranel/Documents/git/arduino/arduino-testlib/cli-datadir/user/libraries/Dimmable_Light_for_Arduino/examples/3_dimmable_light_5_light/3_dimmable_light_5_light.ino:19:18: error: &#39;D6&#39; was not declared in this scope
 DimmableLight l4(D6);
                  ^~
/Users/alranel/Documents/git/arduino/arduino-testlib/cli-datadir/user/libraries/Dimmable_Light_for_Arduino/examples/3_dimmable_light_5_light/3_dimmable_light_5_light.ino:19:18: note: suggested alternative: &#39;A6&#39;
 DimmableLight l4(D6);
                  ^~
                  A6
/Users/alranel/Documents/git/arduino/arduino-testlib/cli-datadir/user/libraries/Dimmable_Light_for_Arduino/examples/3_dimmable_light_5_light/3_dimmable_light_5_light.ino:20:18: error: &#39;D8&#39; was not declared in this scope
 DimmableLight l5(D8);
                  ^~
/Users/alranel/Documents/git/arduino/arduino-testlib/cli-datadir/user/libraries/Dimmable_Light_for_Arduino/examples/3_dimmable_light_5_light/3_dimmable_light_5_light.ino:22:8: error: no matching function for call to &#39;Ticker::Ticker()&#39;
 Ticker dim;
        ^~~
In file included from /Users/alranel/Documents/git/arduino/arduino-testlib/cli-datadir/user/libraries/Dimmable_Light_for_Arduino/examples/3_dimmable_light_5_light/3_dimmable_light_5_light.ino:12:0:
/Users/alranel/Documents/git/arduino/arduino-testlib/cli-datadir/user/libraries/Ticker/Ticker.h:74:2: note: candidate: Ticker::Ticker(fptr, uint32_t, uint32_t, resolution_t)
  Ticker(fptr callback, uint32_t timer, uint32_t repeat = 0, resolution_t resolution = MICROS);
  ^~~~~~
/Users/alranel/Documents/git/arduino/arduino-testlib/cli-datadir/user/libraries/Ticker/Ticker.h:74:2: note:   candidate expects 4 arguments, 0 provided
/Users/alranel/Documents/git/arduino/arduino-testlib/cli-datadir/user/libraries/Ticker/Ticker.h:62:7: note: candidate: Ticker::Ticker(const Ticker&amp;)
 class Ticker {
       ^~~~~~
/Users/alranel/Documents/git/arduino/arduino-testlib/cli-datadir/user/libraries/Ticker/Ticker.h:62:7: note:   candidate expects 1 argument, 0 provided
/Users/alranel/Documents/git/arduino/arduino-testlib/cli-datadir/user/libraries/Dimmable_Light_for_Arduino/examples/3_dimmable_light_5_light/3_dimmable_light_5_light.ino: In function &#39;void doEqual()&#39;:
/Users/alranel/Documents/git/arduino/arduino-testlib/cli-datadir/user/libraries/Dimmable_Light_for_Arduino/examples/3_dimmable_light_5_light/3_dimmable_light_5_light.ino:68:7: error: &#39;class Ticker&#39; has no member named &#39;once&#39;
   dim.once(period,doEqual);
       ^~~~
/Users/alranel/Documents/git/arduino/arduino-testlib/cli-datadir/user/libraries/Dimmable_Light_for_Arduino/examples/3_dimmable_light_5_light/3_dimmable_light_5_light.ino: In function &#39;void doEqualOnOff()&#39;:
/Users/alranel/Documents/git/arduino/arduino-testlib/cli-datadir/user/libraries/Dimmable_Light_for_Arduino/examples/3_dimmable_light_5_light/3_dimmable_light_5_light.ino:89:7: error: &#39;class Ticker&#39; has no member named &#39;once&#39;
   dim.once(period,doEqualOnOff);
       ^~~~
/Users/alranel/Documents/git/arduino/arduino-testlib/cli-datadir/user/libraries/Dimmable_Light_for_Arduino/examples/3_dimmable_light_5_light/3_dimmable_light_5_light.ino: In function &#39;void doDimSpecificStep()&#39;:
/Users/alranel/Documents/git/arduino/arduino-testlib/cli-datadir/user/libraries/Dimmable_Light_for_Arduino/examples/3_dimmable_light_5_light/3_dimmable_light_5_light.ino:110:7: error: &#39;class Ticker&#39; has no member named &#39;once&#39;
   dim.once(period, doDimSpecificStep);
       ^~~~
/Users/alranel/Documents/git/arduino/arduino-testlib/cli-datadir/user/libraries/Dimmable_Light_for_Arduino/examples/3_dimmable_light_5_light/3_dimmable_light_5_light.ino: In function &#39;void doRangeLimit()&#39;:
/Users/alranel/Documents/git/arduino/arduino-testlib/cli-datadir/user/libraries/Dimmable_Light_for_Arduino/examples/3_dimmable_light_5_light/3_dimmable_light_5_light.ino:131:7: error: &#39;class Ticker&#39; has no member named &#39;once&#39;
   dim.once(period, doRangeLimit);
       ^~~~
/Users/alranel/Documents/git/arduino/arduino-testlib/cli-datadir/user/libraries/Dimmable_Light_for_Arduino/examples/3_dimmable_light_5_light/3_dimmable_light_5_light.ino: In function &#39;void doNearValues()&#39;:
/Users/alranel/Documents/git/arduino/arduino-testlib/cli-datadir/user/libraries/Dimmable_Light_for_Arduino/examples/3_dimmable_light_5_light/3_dimmable_light_5_light.ino:152:7: error: &#39;class Ticker&#39; has no member named &#39;once&#39;
   dim.once(period, doNearValues);
       ^~~~
/Users/alranel/Documents/git/arduino/arduino-testlib/cli-datadir/user/libraries/Dimmable_Light_for_Arduino/examples/3_dimmable_light_5_light/3_dimmable_light_5_light.ino: In function &#39;void doDimMixed()&#39;:
/Users/alranel/Documents/git/arduino/arduino-testlib/cli-datadir/user/libraries/Dimmable_Light_for_Arduino/examples/3_dimmable_light_5_light/3_dimmable_light_5_light.ino:185:7: error: &#39;class Ticker&#39; has no member named &#39;once&#39;
   dim.once(period,doDimMixed);
       ^~~~
/Users/alranel/Documents/git/arduino/arduino-testlib/cli-datadir/user/libraries/Dimmable_Light_for_Arduino/examples/3_dimmable_light_5_light/3_dimmable_light_5_light.ino: In function &#39;void doDimSweepEqual()&#39;:
/Users/alranel/Documents/git/arduino/arduino-testlib/cli-datadir/user/libraries/Dimmable_Light_for_Arduino/examples/3_dimmable_light_5_light/3_dimmable_light_5_light.ino:213:7: error: &#39;class Ticker&#39; has no member named &#39;once&#39;
   dim.once(period,doDimSweepEqual);
       ^~~~
/Users/alranel/Documents/git/arduino/arduino-testlib/cli-datadir/user/libraries/Dimmable_Light_for_Arduino/examples/3_dimmable_light_5_light/3_dimmable_light_5_light.ino: In function &#39;void doInvertedDim()&#39;:
/Users/alranel/Documents/git/arduino/arduino-testlib/cli-datadir/user/libraries/Dimmable_Light_for_Arduino/examples/3_dimmable_light_5_light/3_dimmable_light_5_light.ino:243:7: error: &#39;class Ticker&#39; has no member named &#39;once&#39;
   dim.once(period,doInvertedDim);
       ^~~~
/Users/alranel/Documents/git/arduino/arduino-testlib/cli-datadir/user/libraries/Dimmable_Light_for_Arduino/examples/3_dimmable_light_5_light/3_dimmable_light_5_light.ino: In function &#39;void doCircularSwipe()&#39;:
/Users/alranel/Documents/git/arduino/arduino-testlib/cli-datadir/user/libraries/Dimmable_Light_for_Arduino/examples/3_dimmable_light_5_light/3_dimmable_light_5_light.ino:265:7: error: &#39;class Ticker&#39; has no member named &#39;once&#39;
   dim.once(period,doCircularSwipe);
       ^~~~
Multiple libraries were found for &#34;Ticker.h&#34;
  Used: /Users/alranel/Documents/git/arduino/arduino-testlib/cli-datadir/user/libraries/Ticker
  Not used: /Users/alranel/Documents/git/arduino/arduino-testlib/cli-datadir/user/libraries/SimpleTicker
</pre>
					
					<h4>examples/4_lights_manager</h4>
					<p>
						Result: <b>PASS</b>
					</p>
					<pre class="pre-scrollable">Sketch uses 26612 bytes (10%) of program storage space. Maximum is 262144 bytes.
Global variables use 3272 bytes (9%) of dynamic memory, leaving 29496 bytes for local variables. Maximum is 32768 bytes.
</pre>
					
					<h4>examples/5_dimmable_manager_n_lights</h4>
					<p>
						Result: <b>FAIL</b>
					</p>
					<pre class="pre-scrollable">/Users/alranel/Documents/git/arduino/arduino-testlib/cli-datadir/user/libraries/Dimmable_Light_for_Arduino/examples/5_dimmable_manager_n_lights/5_dimmable_manager_n_lights.ino:18:21: error: &#39;D7&#39; was not declared in this scope
 const int syncPin = D7;
                     ^~
/Users/alranel/Documents/git/arduino/arduino-testlib/cli-datadir/user/libraries/Dimmable_Light_for_Arduino/examples/5_dimmable_manager_n_lights/5_dimmable_manager_n_lights.ino:19:16: error: &#39;D1&#39; was not declared in this scope
 int pins[N] = {D1, D2, D5, D6, D8};
                ^~
/Users/alranel/Documents/git/arduino/arduino-testlib/cli-datadir/user/libraries/Dimmable_Light_for_Arduino/examples/5_dimmable_manager_n_lights/5_dimmable_manager_n_lights.ino:19:16: note: suggested alternative: &#39;A1&#39;
 int pins[N] = {D1, D2, D5, D6, D8};
                ^~
                A1
/Users/alranel/Documents/git/arduino/arduino-testlib/cli-datadir/user/libraries/Dimmable_Light_for_Arduino/examples/5_dimmable_manager_n_lights/5_dimmable_manager_n_lights.ino:19:20: error: &#39;D2&#39; was not declared in this scope
 int pins[N] = {D1, D2, D5, D6, D8};
                    ^~
/Users/alranel/Documents/git/arduino/arduino-testlib/cli-datadir/user/libraries/Dimmable_Light_for_Arduino/examples/5_dimmable_manager_n_lights/5_dimmable_manager_n_lights.ino:19:20: note: suggested alternative: &#39;A2&#39;
 int pins[N] = {D1, D2, D5, D6, D8};
                    ^~
                    A2
/Users/alranel/Documents/git/arduino/arduino-testlib/cli-datadir/user/libraries/Dimmable_Light_for_Arduino/examples/5_dimmable_manager_n_lights/5_dimmable_manager_n_lights.ino:19:24: error: &#39;D5&#39; was not declared in this scope
 int pins[N] = {D1, D2, D5, D6, D8};
                        ^~
/Users/alranel/Documents/git/arduino/arduino-testlib/cli-datadir/user/libraries/Dimmable_Light_for_Arduino/examples/5_dimmable_manager_n_lights/5_dimmable_manager_n_lights.ino:19:24: note: suggested alternative: &#39;A5&#39;
 int pins[N] = {D1, D2, D5, D6, D8};
                        ^~
                        A5
/Users/alranel/Documents/git/arduino/arduino-testlib/cli-datadir/user/libraries/Dimmable_Light_for_Arduino/examples/5_dimmable_manager_n_lights/5_dimmable_manager_n_lights.ino:19:28: error: &#39;D6&#39; was not declared in this scope
 int pins[N] = {D1, D2, D5, D6, D8};
                            ^~
/Users/alranel/Documents/git/arduino/arduino-testlib/cli-datadir/user/libraries/Dimmable_Light_for_Arduino/examples/5_dimmable_manager_n_lights/5_dimmable_manager_n_lights.ino:19:28: note: suggested alternative: &#39;A6&#39;
 int pins[N] = {D1, D2, D5, D6, D8};
                            ^~
                            A6
/Users/alranel/Documents/git/arduino/arduino-testlib/cli-datadir/user/libraries/Dimmable_Light_for_Arduino/examples/5_dimmable_manager_n_lights/5_dimmable_manager_n_lights.ino:19:32: error: &#39;D8&#39; was not declared in this scope
 int pins[N] = {D1, D2, D5, D6, D8};
                                ^~
/Users/alranel/Documents/git/arduino/arduino-testlib/cli-datadir/user/libraries/Dimmable_Light_for_Arduino/examples/5_dimmable_manager_n_lights/5_dimmable_manager_n_lights.ino:25:8: error: no matching function for call to &#39;Ticker::Ticker()&#39;
 Ticker dim;
        ^~~
In file included from /Users/alranel/Documents/git/arduino/arduino-testlib/cli-datadir/user/libraries/Dimmable_Light_for_Arduino/examples/5_dimmable_manager_n_lights/5_dimmable_manager_n_lights.ino:13:0:
/Users/alranel/Documents/git/arduino/arduino-testlib/cli-datadir/user/libraries/Ticker/Ticker.h:74:2: note: candidate: Ticker::Ticker(fptr, uint32_t, uint32_t, resolution_t)
  Ticker(fptr callback, uint32_t timer, uint32_t repeat = 0, resolution_t resolution = MICROS);
  ^~~~~~
/Users/alranel/Documents/git/arduino/arduino-testlib/cli-datadir/user/libraries/Ticker/Ticker.h:74:2: note:   candidate expects 4 arguments, 0 provided
/Users/alranel/Documents/git/arduino/arduino-testlib/cli-datadir/user/libraries/Ticker/Ticker.h:62:7: note: candidate: Ticker::Ticker(const Ticker&amp;)
 class Ticker {
       ^~~~~~
/Users/alranel/Documents/git/arduino/arduino-testlib/cli-datadir/user/libraries/Ticker/Ticker.h:62:7: note:   candidate expects 1 argument, 0 provided
/Users/alranel/Documents/git/arduino/arduino-testlib/cli-datadir/user/libraries/Dimmable_Light_for_Arduino/examples/5_dimmable_manager_n_lights/5_dimmable_manager_n_lights.ino: In function &#39;void doRaise()&#39;:
/Users/alranel/Documents/git/arduino/arduino-testlib/cli-datadir/user/libraries/Dimmable_Light_for_Arduino/examples/5_dimmable_manager_n_lights/5_dimmable_manager_n_lights.ino:39:9: error: &#39;class Ticker&#39; has no member named &#39;attach&#39;
     dim.attach(period,doLower);
         ^~~~~~
/Users/alranel/Documents/git/arduino/arduino-testlib/cli-datadir/user/libraries/Dimmable_Light_for_Arduino/examples/5_dimmable_manager_n_lights/5_dimmable_manager_n_lights.ino: In function &#39;void doLower()&#39;:
/Users/alranel/Documents/git/arduino/arduino-testlib/cli-datadir/user/libraries/Dimmable_Light_for_Arduino/examples/5_dimmable_manager_n_lights/5_dimmable_manager_n_lights.ino:55:9: error: &#39;class Ticker&#39; has no member named &#39;attach&#39;
     dim.attach(period,doRaise);
         ^~~~~~
/Users/alranel/Documents/git/arduino/arduino-testlib/cli-datadir/user/libraries/Dimmable_Light_for_Arduino/examples/5_dimmable_manager_n_lights/5_dimmable_manager_n_lights.ino: In function &#39;void setup()&#39;:
/Users/alranel/Documents/git/arduino/arduino-testlib/cli-datadir/user/libraries/Dimmable_Light_for_Arduino/examples/5_dimmable_manager_n_lights/5_dimmable_manager_n_lights.ino:85:7: error: &#39;class Ticker&#39; has no member named &#39;attach&#39;
   dim.attach(period, doRaise);
       ^~~~~~
Multiple libraries were found for &#34;Ticker.h&#34;
  Used: /Users/alranel/Documents/git/arduino/arduino-testlib/cli-datadir/user/libraries/Ticker
  Not used: /Users/alranel/Documents/git/arduino/arduino-testlib/cli-datadir/user/libraries/SimpleTicker
</pre>
					
					<h4>examples/6_8_lights_effects</h4>
					<p>
						Result: <b>FAIL</b>
					</p>
					<pre class="pre-scrollable">Multiple libraries were found for &#34;SerialCommand.h&#34;
  Used: /Users/alranel/Documents/git/arduino/arduino-testlib/cli-datadir/user/libraries/SerialCommand
  Not used: /Users/alranel/Documents/git/arduino/arduino-testlib/cli-datadir/user/libraries/OttoDIYLib
</pre>
					
					<h4>examples/7_linearized_dimmable_light</h4>
					<p>
						Result: <b>FAIL</b>
					</p>
					<pre class="pre-scrollable">/Users/alranel/Documents/git/arduino/arduino-testlib/cli-datadir/user/libraries/Dimmable_Light_for_Arduino/examples/7_linearized_dimmable_light/7_linearized_dimmable_light.ino:9:21: error: &#39;D7&#39; was not declared in this scope
 const int syncPin = D7;
                     ^~
/Users/alranel/Documents/git/arduino/arduino-testlib/cli-datadir/user/libraries/Dimmable_Light_for_Arduino/examples/7_linearized_dimmable_light/7_linearized_dimmable_light.ino:10:26: error: &#39;D5&#39; was not declared in this scope
 const int thyristorPin = D5;
                          ^~
/Users/alranel/Documents/git/arduino/arduino-testlib/cli-datadir/user/libraries/Dimmable_Light_for_Arduino/examples/7_linearized_dimmable_light/7_linearized_dimmable_light.ino:10:26: note: suggested alternative: &#39;A5&#39;
 const int thyristorPin = D5;
                          ^~
                          A5

</pre>
					
				
				<h3 id="esp32:esp32:d1_mini32">esp32:esp32:d1_mini32 @ 1.0.6</h3>
				<h4>Inclusion</h4>
				<p>
					Result: <b>PASS</b>
					
				</p>
				<pre class="pre-scrollable">Sketch uses 251990 bytes (19%) of program storage space. Maximum is 1310720 bytes.
Global variables use 13552 bytes (4%) of dynamic memory, leaving 314128 bytes for local variables. Maximum is 327680 bytes.
</pre>

					
					<h4>examples/1_dimmable_light</h4>
					<p>
						Result: <b>PASS</b>
					</p>
					<pre class="pre-scrollable">Sketch uses 259618 bytes (19%) of program storage space. Maximum is 1310720 bytes.
Global variables use 14448 bytes (4%) of dynamic memory, leaving 313232 bytes for local variables. Maximum is 327680 bytes.
</pre>
					
					<h4>examples/2_dimmable_lights</h4>
					<p>
						Result: <b>PASS</b>
					</p>
					<pre class="pre-scrollable">Sketch uses 259706 bytes (19%) of program storage space. Maximum is 1310720 bytes.
Global variables use 14448 bytes (4%) of dynamic memory, leaving 313232 bytes for local variables. Maximum is 327680 bytes.
</pre>
					
					<h4>examples/3_dimmable_light_5_light</h4>
					<p>
						Result: <b>PASS</b>
					</p>
					<pre class="pre-scrollable">Sketch uses 261126 bytes (19%) of program storage space. Maximum is 1310720 bytes.
Global variables use 14472 bytes (4%) of dynamic memory, leaving 313208 bytes for local variables. Maximum is 327680 bytes.
</pre>
					
					<h4>examples/4_lights_manager</h4>
					<p>
						Result: <b>PASS</b>
					</p>
					<pre class="pre-scrollable">Sketch uses 267930 bytes (20%) of program storage space. Maximum is 1310720 bytes.
Global variables use 14528 bytes (4%) of dynamic memory, leaving 313152 bytes for local variables. Maximum is 327680 bytes.
</pre>
					
					<h4>examples/5_dimmable_manager_n_lights</h4>
					<p>
						Result: <b>PASS</b>
					</p>
					<pre class="pre-scrollable">Sketch uses 268522 bytes (20%) of program storage space. Maximum is 1310720 bytes.
Global variables use 14552 bytes (4%) of dynamic memory, leaving 313128 bytes for local variables. Maximum is 327680 bytes.
</pre>
					
					<h4>examples/6_8_lights_effects</h4>
					<p>
						Result: <b>FAIL</b>
					</p>
					<pre class="pre-scrollable">Multiple libraries were found for &#34;SerialCommand.h&#34;
  Used: /home/ec2-user/arduino-testlib/cli-datadir/user/libraries/SerialCommand
  Not used: /home/ec2-user/arduino-testlib/cli-datadir/user/libraries/OttoDIYLib
</pre>
					
					<h4>examples/7_linearized_dimmable_light</h4>
					<p>
						Result: <b>PASS</b>
					</p>
					<pre class="pre-scrollable">Sketch uses 264834 bytes (20%) of program storage space. Maximum is 1310720 bytes.
Global variables use 14464 bytes (4%) of dynamic memory, leaving 313216 bytes for local variables. Maximum is 327680 bytes.
</pre>
					
				
			</div>
		</div>
	</div>
  </body>
</html>
