
<!doctype html>
<html lang="en">
  <head>
    <meta charset="utf-8">
    <meta name="viewport" content="width=device-width, initial-scale=1">
    <link href="https://cdn.jsdelivr.net/npm/bootstrap@5.0.2/dist/css/bootstrap.min.css" rel="stylesheet" integrity="sha384-EVSTQN3/azprG1Anm3QDgpJLIm9Nao0Yz1ztcQTwFspd3yD65VohhpuuCOmLASjC" crossorigin="anonymous">
    <title>arduino-testlib report</title>
	<style>
	.pass { background-color: #00FF00 !important; }
	.fail { background-color: #FF0000 !important; }
	</style>
  </head>
  <body>
	<div class="container">
		<div class="row">
			<div class="col">
				<h1>DMD32 - compatibility matrix</h1>
				<p>
					<small>This report was generated on Monday, 21-Feb-22 12:00:25 CET using 
					<a href="https://github.com/alranel/arduino-testlib">arduino-testlib</a>.</small>
				</p>

				<h2>DMD32</h2>
				<p>
					Version: <b>1.0</b>
					<br />
					<a href="https://www.arduino.cc/reference/en/libraries/dmd32/">More details</a>
				</p>

				<h2>Compatibility matrix</h2>
				<table class="table table-bordered">
					<tr>
						<th>Board</th>
						<th>Claims compatibility</th>
						<th>Inclusion</th>
						
						<th><pre>dmd_clock_readout</pre></th>
						
						<th><pre>dmd_demo</pre></th>
						
						<th><pre>dmd_latin_chars</pre></th>
						
					</tr>
					
					<tr>
						<td>
							<a href="#arduino%3aavr%3auno"><b>arduino:avr:uno</b></a>
							<br />
							<small>1.8.4</small>
						</td>

						
						
						
						
							<td>No</td>
							<td class="fail">FAIL</td>
						

						
							
								
									
										
											
											<td class="fail">FAIL</td>
										
									
										
									
										
									
								
							
								
							
								
							
								
							
								
							
						
							
								
									
										
									
										
											
											<td class="fail">FAIL</td>
										
									
										
									
								
							
								
							
								
							
								
							
								
							
						
							
								
									
										
									
										
									
										
											
											<td class="fail">FAIL</td>
										
									
								
							
								
							
								
							
								
							
								
							
						
					</tr>
					
					<tr>
						<td>
							<a href="#arduino%3ambed_nano%3ananorp2040connect"><b>arduino:mbed_nano:nanorp2040connect</b></a>
							<br />
							<small>2.7.2</small>
						</td>

						
						
						
						
							<td>No</td>
							<td class="fail">FAIL</td>
						

						
							
								
							
								
									
										
											
											<td class="fail">FAIL</td>
										
									
										
									
										
									
								
							
								
							
								
							
								
							
						
							
								
							
								
									
										
									
										
											
											<td class="fail">FAIL</td>
										
									
										
									
								
							
								
							
								
							
								
							
						
							
								
							
								
									
										
									
										
									
										
											
											<td class="fail">FAIL</td>
										
									
								
							
								
							
								
							
								
							
						
					</tr>
					
					<tr>
						<td>
							<a href="#arduino%3amegaavr%3anona4809"><b>arduino:megaavr:nona4809</b></a>
							<br />
							<small>1.8.7</small>
						</td>

						
						
						
						
							<td>No</td>
							<td class="fail">FAIL</td>
						

						
							
								
							
								
							
								
									
										
											
											<td class="fail">FAIL</td>
										
									
										
									
										
									
								
							
								
							
								
							
						
							
								
							
								
							
								
									
										
									
										
											
											<td class="fail">FAIL</td>
										
									
										
									
								
							
								
							
								
							
						
							
								
							
								
							
								
									
										
									
										
									
										
											
											<td class="fail">FAIL</td>
										
									
								
							
								
							
								
							
						
					</tr>
					
					<tr>
						<td>
							<a href="#arduino%3asamd%3amkrwifi1010"><b>arduino:samd:mkrwifi1010</b></a>
							<br />
							<small>1.8.12</small>
						</td>

						
						
						
						
							<td>No</td>
							<td class="fail">FAIL</td>
						

						
							
								
							
								
							
								
							
								
									
										
											
											<td class="fail">FAIL</td>
										
									
										
									
										
									
								
							
								
							
						
							
								
							
								
							
								
							
								
									
										
									
										
											
											<td class="fail">FAIL</td>
										
									
										
									
								
							
								
							
						
							
								
							
								
							
								
							
								
									
										
									
										
									
										
											
											<td class="fail">FAIL</td>
										
									
								
							
								
							
						
					</tr>
					
					<tr>
						<td>
							<a href="#esp32%3aesp32%3ad1_mini32"><b>esp32:esp32:d1_mini32</b></a>
							<br />
							<small>1.0.6</small>
						</td>

						
							<td>Yes</td>
							<td class="pass">PASS</td>
						
						
						
						

						
							
								
							
								
							
								
							
								
							
								
									
										
											<td class="pass">PASS</td>
											
										
									
										
									
										
									
								
							
						
							
								
							
								
							
								
							
								
							
								
									
										
									
										
											<td class="pass">PASS</td>
											
										
									
										
									
								
							
						
							
								
							
								
							
								
							
								
							
								
									
										
									
										
									
										
											<td class="pass">PASS</td>
											
										
									
								
							
						
					</tr>
					
				</table>

				<h2>Compilation logs</h2>
				
				<h3 id="arduino:avr:uno">arduino:avr:uno @ 1.8.4</h3>
				<h4>Inclusion</h4>
				<p>
					Result: <b>FAIL</b>
					
				</p>
				<pre class="pre-scrollable">WARNING: library DMD32 claims to run on esp32 architecture(s) and may be incompatible with your current board which runs on avr architecture(s).
/home/ec2-user/arduino-testlib/cli-datadir/user/libraries/DMD32/DMD32.cpp: In constructor &#39;DMD::DMD(byte, byte)&#39;:
/home/ec2-user/arduino-testlib/cli-datadir/user/libraries/DMD32/DMD32.cpp:51:22: error: &#39;VSPI&#39; was not declared in this scope
  vspi = new SPIClass(VSPI);
                      ^~~~
/home/ec2-user/arduino-testlib/cli-datadir/user/libraries/DMD32/DMD32.cpp:51:22: note: suggested alternative: &#39;SPI&#39;
  vspi = new SPIClass(VSPI);
                      ^~~~
                      SPI

</pre>

					
					<h4>examples/dmd_clock_readout</h4>
					<p>
						Result: <b>FAIL</b>
					</p>
					<pre class="pre-scrollable">WARNING: library DMD32 claims to run on esp32 architecture(s) and may be incompatible with your current board which runs on avr architecture(s).
/home/ec2-user/arduino-testlib/cli-datadir/user/libraries/DMD32/examples/dmd_clock_readout/dmd_clock_readout.ino:46:3: error: &#39;hw_timer_t&#39; does not name a type; did you mean &#39;__size_t&#39;?
   hw_timer_t * timer = NULL;
   ^~~~~~~~~~
   __size_t
/home/ec2-user/arduino-testlib/cli-datadir/user/libraries/DMD32/examples/dmd_clock_readout/dmd_clock_readout.ino:52:16: error: expected initializer before &#39;triggerScan&#39;
 void IRAM_ATTR triggerScan()
                ^~~~~~~~~~~
/home/ec2-user/arduino-testlib/cli-datadir/user/libraries/DMD32/examples/dmd_clock_readout/dmd_clock_readout.ino:52:16: error: expected initializer before &#39;triggerScan&#39;
 void IRAM_ATTR triggerScan()
                ^~~~~~~~~~~
/home/ec2-user/arduino-testlib/cli-datadir/user/libraries/DMD32/examples/dmd_clock_readout/dmd_clock_readout.ino: In function &#39;void setup()&#39;:
/home/ec2-user/arduino-testlib/cli-datadir/user/libraries/DMD32/examples/dmd_clock_readout/dmd_clock_readout.ino:82:22: error: &#39;ESP&#39; was not declared in this scope
   uint8_t cpuClock = ESP.getCpuFreqMHz();
                      ^~~
/home/ec2-user/arduino-testlib/cli-datadir/user/libraries/DMD32/examples/dmd_clock_readout/dmd_clock_readout.ino:82:22: note: suggested alternative: &#39;SP&#39;
   uint8_t cpuClock = ESP.getCpuFreqMHz();
                      ^~~
                      SP
/home/ec2-user/arduino-testlib/cli-datadir/user/libraries/DMD32/examples/dmd_clock_readout/dmd_clock_readout.ino:86:3: error: &#39;timer&#39; was not declared in this scope
   timer = timerBegin(0, cpuClock, true);
   ^~~~~
/home/ec2-user/arduino-testlib/cli-datadir/user/libraries/DMD32/examples/dmd_clock_readout/dmd_clock_readout.ino:86:11: error: &#39;timerBegin&#39; was not declared in this scope
   timer = timerBegin(0, cpuClock, true);
           ^~~~~~~~~~
/home/ec2-user/arduino-testlib/cli-datadir/user/libraries/DMD32/examples/dmd_clock_readout/dmd_clock_readout.ino:88:32: error: &#39;triggerScan&#39; was not declared in this scope
   timerAttachInterrupt(timer, &amp;triggerScan, true);
                                ^~~~~~~~~~~
/home/ec2-user/arduino-testlib/cli-datadir/user/libraries/DMD32/examples/dmd_clock_readout/dmd_clock_readout.ino:88:3: error: &#39;timerAttachInterrupt&#39; was not declared in this scope
   timerAttachInterrupt(timer, &amp;triggerScan, true);
   ^~~~~~~~~~~~~~~~~~~~
/home/ec2-user/arduino-testlib/cli-datadir/user/libraries/DMD32/examples/dmd_clock_readout/dmd_clock_readout.ino:88:3: note: suggested alternative: &#39;detachInterrupt&#39;
   timerAttachInterrupt(timer, &amp;triggerScan, true);
   ^~~~~~~~~~~~~~~~~~~~
   detachInterrupt
/home/ec2-user/arduino-testlib/cli-datadir/user/libraries/DMD32/examples/dmd_clock_readout/dmd_clock_readout.ino:91:3: error: &#39;timerAlarmWrite&#39; was not declared in this scope
   timerAlarmWrite(timer, 300, true);
   ^~~~~~~~~~~~~~~
/home/ec2-user/arduino-testlib/cli-datadir/user/libraries/DMD32/examples/dmd_clock_readout/dmd_clock_readout.ino:94:3: error: &#39;timerAlarmEnable&#39; was not declared in this scope
   timerAlarmEnable(timer);
   ^~~~~~~~~~~~~~~~

</pre>
					
					<h4>examples/dmd_demo</h4>
					<p>
						Result: <b>FAIL</b>
					</p>
					<pre class="pre-scrollable">WARNING: library DMD32 claims to run on esp32 architecture(s) and may be incompatible with your current board which runs on avr architecture(s).
/home/ec2-user/arduino-testlib/cli-datadir/user/libraries/DMD32/examples/dmd_demo/dmd_demo.ino:48:3: error: &#39;hw_timer_t&#39; does not name a type; did you mean &#39;__size_t&#39;?
   hw_timer_t * timer = NULL;
   ^~~~~~~~~~
   __size_t
/home/ec2-user/arduino-testlib/cli-datadir/user/libraries/DMD32/examples/dmd_demo/dmd_demo.ino:54:16: error: expected initializer before &#39;triggerScan&#39;
 void IRAM_ATTR triggerScan()
                ^~~~~~~~~~~
/home/ec2-user/arduino-testlib/cli-datadir/user/libraries/DMD32/examples/dmd_demo/dmd_demo.ino:54:16: error: expected initializer before &#39;triggerScan&#39;
 void IRAM_ATTR triggerScan()
                ^~~~~~~~~~~
/home/ec2-user/arduino-testlib/cli-datadir/user/libraries/DMD32/examples/dmd_demo/dmd_demo.ino: In function &#39;void setup()&#39;:
/home/ec2-user/arduino-testlib/cli-datadir/user/libraries/DMD32/examples/dmd_demo/dmd_demo.ino:67:22: error: &#39;ESP&#39; was not declared in this scope
   uint8_t cpuClock = ESP.getCpuFreqMHz();
                      ^~~
/home/ec2-user/arduino-testlib/cli-datadir/user/libraries/DMD32/examples/dmd_demo/dmd_demo.ino:67:22: note: suggested alternative: &#39;SP&#39;
   uint8_t cpuClock = ESP.getCpuFreqMHz();
                      ^~~
                      SP
/home/ec2-user/arduino-testlib/cli-datadir/user/libraries/DMD32/examples/dmd_demo/dmd_demo.ino:71:3: error: &#39;timer&#39; was not declared in this scope
   timer = timerBegin(0, cpuClock, true);
   ^~~~~
/home/ec2-user/arduino-testlib/cli-datadir/user/libraries/DMD32/examples/dmd_demo/dmd_demo.ino:71:11: error: &#39;timerBegin&#39; was not declared in this scope
   timer = timerBegin(0, cpuClock, true);
           ^~~~~~~~~~
/home/ec2-user/arduino-testlib/cli-datadir/user/libraries/DMD32/examples/dmd_demo/dmd_demo.ino:73:32: error: &#39;triggerScan&#39; was not declared in this scope
   timerAttachInterrupt(timer, &amp;triggerScan, true);
                                ^~~~~~~~~~~
/home/ec2-user/arduino-testlib/cli-datadir/user/libraries/DMD32/examples/dmd_demo/dmd_demo.ino:73:3: error: &#39;timerAttachInterrupt&#39; was not declared in this scope
   timerAttachInterrupt(timer, &amp;triggerScan, true);
   ^~~~~~~~~~~~~~~~~~~~
/home/ec2-user/arduino-testlib/cli-datadir/user/libraries/DMD32/examples/dmd_demo/dmd_demo.ino:73:3: note: suggested alternative: &#39;detachInterrupt&#39;
   timerAttachInterrupt(timer, &amp;triggerScan, true);
   ^~~~~~~~~~~~~~~~~~~~
   detachInterrupt
/home/ec2-user/arduino-testlib/cli-datadir/user/libraries/DMD32/examples/dmd_demo/dmd_demo.ino:76:3: error: &#39;timerAlarmWrite&#39; was not declared in this scope
   timerAlarmWrite(timer, 300, true);
   ^~~~~~~~~~~~~~~
/home/ec2-user/arduino-testlib/cli-datadir/user/libraries/DMD32/examples/dmd_demo/dmd_demo.ino:79:3: error: &#39;timerAlarmEnable&#39; was not declared in this scope
   timerAlarmEnable(timer);
   ^~~~~~~~~~~~~~~~

</pre>
					
					<h4>examples/dmd_latin_chars</h4>
					<p>
						Result: <b>FAIL</b>
					</p>
					<pre class="pre-scrollable">WARNING: library DMD32 claims to run on esp32 architecture(s) and may be incompatible with your current board which runs on avr architecture(s).
/home/ec2-user/arduino-testlib/cli-datadir/user/libraries/DMD32/examples/dmd_latin_chars/dmd_latin_chars.ino:57:3: error: &#39;hw_timer_t&#39; does not name a type; did you mean &#39;__size_t&#39;?
   hw_timer_t * timer = NULL;
   ^~~~~~~~~~
   __size_t
/home/ec2-user/arduino-testlib/cli-datadir/user/libraries/DMD32/examples/dmd_latin_chars/dmd_latin_chars.ino:63:16: error: expected initializer before &#39;triggerScan&#39;
 void IRAM_ATTR triggerScan()
                ^~~~~~~~~~~
/home/ec2-user/arduino-testlib/cli-datadir/user/libraries/DMD32/examples/dmd_latin_chars/dmd_latin_chars.ino:63:16: error: expected initializer before &#39;triggerScan&#39;
 void IRAM_ATTR triggerScan()
                ^~~~~~~~~~~
/home/ec2-user/arduino-testlib/cli-datadir/user/libraries/DMD32/examples/dmd_latin_chars/dmd_latin_chars.ino: In function &#39;void setup()&#39;:
/home/ec2-user/arduino-testlib/cli-datadir/user/libraries/DMD32/examples/dmd_latin_chars/dmd_latin_chars.ino:77:22: error: &#39;ESP&#39; was not declared in this scope
   uint8_t cpuClock = ESP.getCpuFreqMHz();
                      ^~~
/home/ec2-user/arduino-testlib/cli-datadir/user/libraries/DMD32/examples/dmd_latin_chars/dmd_latin_chars.ino:77:22: note: suggested alternative: &#39;SP&#39;
   uint8_t cpuClock = ESP.getCpuFreqMHz();
                      ^~~
                      SP
/home/ec2-user/arduino-testlib/cli-datadir/user/libraries/DMD32/examples/dmd_latin_chars/dmd_latin_chars.ino:81:3: error: &#39;timer&#39; was not declared in this scope
   timer = timerBegin(0, cpuClock, true);
   ^~~~~
/home/ec2-user/arduino-testlib/cli-datadir/user/libraries/DMD32/examples/dmd_latin_chars/dmd_latin_chars.ino:81:11: error: &#39;timerBegin&#39; was not declared in this scope
   timer = timerBegin(0, cpuClock, true);
           ^~~~~~~~~~
/home/ec2-user/arduino-testlib/cli-datadir/user/libraries/DMD32/examples/dmd_latin_chars/dmd_latin_chars.ino:83:32: error: &#39;triggerScan&#39; was not declared in this scope
   timerAttachInterrupt(timer, &amp;triggerScan, true);
                                ^~~~~~~~~~~
/home/ec2-user/arduino-testlib/cli-datadir/user/libraries/DMD32/examples/dmd_latin_chars/dmd_latin_chars.ino:83:3: error: &#39;timerAttachInterrupt&#39; was not declared in this scope
   timerAttachInterrupt(timer, &amp;triggerScan, true);
   ^~~~~~~~~~~~~~~~~~~~
/home/ec2-user/arduino-testlib/cli-datadir/user/libraries/DMD32/examples/dmd_latin_chars/dmd_latin_chars.ino:83:3: note: suggested alternative: &#39;detachInterrupt&#39;
   timerAttachInterrupt(timer, &amp;triggerScan, true);
   ^~~~~~~~~~~~~~~~~~~~
   detachInterrupt
/home/ec2-user/arduino-testlib/cli-datadir/user/libraries/DMD32/examples/dmd_latin_chars/dmd_latin_chars.ino:86:3: error: &#39;timerAlarmWrite&#39; was not declared in this scope
   timerAlarmWrite(timer, 300, true);
   ^~~~~~~~~~~~~~~
/home/ec2-user/arduino-testlib/cli-datadir/user/libraries/DMD32/examples/dmd_latin_chars/dmd_latin_chars.ino:89:3: error: &#39;timerAlarmEnable&#39; was not declared in this scope
   timerAlarmEnable(timer);
   ^~~~~~~~~~~~~~~~

</pre>
					
				
				<h3 id="arduino:mbed_nano:nanorp2040connect">arduino:mbed_nano:nanorp2040connect @ 2.7.2</h3>
				<h4>Inclusion</h4>
				<p>
					Result: <b>FAIL</b>
					
				</p>
				<pre class="pre-scrollable">WARNING: library DMD32 claims to run on esp32 architecture(s) and may be incompatible with your current board which runs on mbed_nano architecture(s).
/home/ec2-user/arduino-testlib/cli-datadir/user/libraries/DMD32/DMD32.cpp: In constructor &#39;DMD::DMD(byte, byte)&#39;:
/home/ec2-user/arduino-testlib/cli-datadir/user/libraries/DMD32/DMD32.cpp:51:22: error: &#39;VSPI&#39; was not declared in this scope
  vspi = new SPIClass(VSPI);
                      ^~~~
/home/ec2-user/arduino-testlib/cli-datadir/user/libraries/DMD32/DMD32.cpp:51:22: note: suggested alternative: &#39;SPI&#39;
  vspi = new SPIClass(VSPI);
                      ^~~~
                      SPI
/home/ec2-user/arduino-testlib/cli-datadir/user/libraries/DMD32/DMD32.cpp:51:26: error: invalid new-expression of abstract class type &#39;arduino::HardwareSPI&#39;
  vspi = new SPIClass(VSPI);
                          ^
In file included from /home/ec2-user/arduino-testlib/cli-datadir/data/packages/arduino/hardware/mbed_nano/2.7.2/libraries/SPI/SPI.h:22:0,
                 from /home/ec2-user/arduino-testlib/cli-datadir/user/libraries/DMD32/DMD32.h:45,
                 from /home/ec2-user/arduino-testlib/cli-datadir/user/libraries/DMD32/DMD32.cpp:28:
/home/ec2-user/arduino-testlib/cli-datadir/data/packages/arduino/hardware/mbed_nano/2.7.2/cores/arduino/api/HardwareSPI.h:104:7: note:   because the following virtual functions are pure within &#39;arduino::HardwareSPI&#39;:
 class HardwareSPI
       ^~~~~~~~~~~
/home/ec2-user/arduino-testlib/cli-datadir/data/packages/arduino/hardware/mbed_nano/2.7.2/cores/arduino/api/HardwareSPI.h:109:21: note: 	virtual uint8_t arduino::HardwareSPI::transfer(uint8_t)
     virtual uint8_t transfer(uint8_t data) = 0;
                     ^~~~~~~~
/home/ec2-user/arduino-testlib/cli-datadir/data/packages/arduino/hardware/mbed_nano/2.7.2/cores/arduino/api/HardwareSPI.h:110:22: note: 	virtual uint16_t arduino::HardwareSPI::transfer16(uint16_t)
     virtual uint16_t transfer16(uint16_t data) = 0;
                      ^~~~~~~~~~
/home/ec2-user/arduino-testlib/cli-datadir/data/packages/arduino/hardware/mbed_nano/2.7.2/cores/arduino/api/HardwareSPI.h:111:18: note: 	virtual void arduino::HardwareSPI::transfer(void*, size_t)
     virtual void transfer(void *buf, size_t count) = 0;
                  ^~~~~~~~
/home/ec2-user/arduino-testlib/cli-datadir/data/packages/arduino/hardware/mbed_nano/2.7.2/cores/arduino/api/HardwareSPI.h:114:18: note: 	virtual void arduino::HardwareSPI::usingInterrupt(int)
     virtual void usingInterrupt(int interruptNumber) = 0;
                  ^~~~~~~~~~~~~~
/home/ec2-user/arduino-testlib/cli-datadir/data/packages/arduino/hardware/mbed_nano/2.7.2/cores/arduino/api/HardwareSPI.h:115:18: note: 	virtual void arduino::HardwareSPI::notUsingInterrupt(int)
     virtual void notUsingInterrupt(int interruptNumber) = 0;
                  ^~~~~~~~~~~~~~~~~
/home/ec2-user/arduino-testlib/cli-datadir/data/packages/arduino/hardware/mbed_nano/2.7.2/cores/arduino/api/HardwareSPI.h:116:18: note: 	virtual void arduino::HardwareSPI::beginTransaction(arduino::SPISettings)
     virtual void beginTransaction(SPISettings settings) = 0;
                  ^~~~~~~~~~~~~~~~
/home/ec2-user/arduino-testlib/cli-datadir/data/packages/arduino/hardware/mbed_nano/2.7.2/cores/arduino/api/HardwareSPI.h:117:18: note: 	virtual void arduino::HardwareSPI::endTransaction()
     virtual void endTransaction(void) = 0;
                  ^~~~~~~~~~~~~~
/home/ec2-user/arduino-testlib/cli-datadir/data/packages/arduino/hardware/mbed_nano/2.7.2/cores/arduino/api/HardwareSPI.h:120:18: note: 	virtual void arduino::HardwareSPI::attachInterrupt()
     virtual void attachInterrupt() = 0;
                  ^~~~~~~~~~~~~~~
/home/ec2-user/arduino-testlib/cli-datadir/data/packages/arduino/hardware/mbed_nano/2.7.2/cores/arduino/api/HardwareSPI.h:121:18: note: 	virtual void arduino::HardwareSPI::detachInterrupt()
     virtual void detachInterrupt() = 0;
                  ^~~~~~~~~~~~~~~
/home/ec2-user/arduino-testlib/cli-datadir/data/packages/arduino/hardware/mbed_nano/2.7.2/cores/arduino/api/HardwareSPI.h:123:18: note: 	virtual void arduino::HardwareSPI::begin()
     virtual void begin() = 0;
                  ^~~~~
/home/ec2-user/arduino-testlib/cli-datadir/data/packages/arduino/hardware/mbed_nano/2.7.2/cores/arduino/api/HardwareSPI.h:124:18: note: 	virtual void arduino::HardwareSPI::end()
     virtual void end() = 0;
                  ^~~

</pre>

					
					<h4>examples/dmd_clock_readout</h4>
					<p>
						Result: <b>FAIL</b>
					</p>
					<pre class="pre-scrollable">WARNING: library DMD32 claims to run on esp32 architecture(s) and may be incompatible with your current board which runs on mbed_nano architecture(s).
/home/ec2-user/arduino-testlib/cli-datadir/user/libraries/DMD32/examples/dmd_clock_readout/dmd_clock_readout.ino:46:3: error: &#39;hw_timer_t&#39; does not name a type; did you mean &#39;__timer_t&#39;?
   hw_timer_t * timer = NULL;
   ^~~~~~~~~~
   __timer_t
/home/ec2-user/arduino-testlib/cli-datadir/user/libraries/DMD32/examples/dmd_clock_readout/dmd_clock_readout.ino:52:16: error: expected initializer before &#39;triggerScan&#39;
 void IRAM_ATTR triggerScan()
                ^~~~~~~~~~~
/home/ec2-user/arduino-testlib/cli-datadir/user/libraries/DMD32/examples/dmd_clock_readout/dmd_clock_readout.ino:52:16: error: expected initializer before &#39;triggerScan&#39;
 void IRAM_ATTR triggerScan()
                ^~~~~~~~~~~
/home/ec2-user/arduino-testlib/cli-datadir/user/libraries/DMD32/examples/dmd_clock_readout/dmd_clock_readout.ino: In function &#39;void setup()&#39;:
/home/ec2-user/arduino-testlib/cli-datadir/user/libraries/DMD32/examples/dmd_clock_readout/dmd_clock_readout.ino:82:22: error: &#39;ESP&#39; was not declared in this scope
   uint8_t cpuClock = ESP.getCpuFreqMHz();
                      ^~~
/home/ec2-user/arduino-testlib/cli-datadir/user/libraries/DMD32/examples/dmd_clock_readout/dmd_clock_readout.ino:86:3: error: &#39;timer&#39; was not declared in this scope
   timer = timerBegin(0, cpuClock, true);
   ^~~~~
/home/ec2-user/arduino-testlib/cli-datadir/user/libraries/DMD32/examples/dmd_clock_readout/dmd_clock_readout.ino:86:3: note: suggested alternative: &#39;time&#39;
   timer = timerBegin(0, cpuClock, true);
   ^~~~~
   time
/home/ec2-user/arduino-testlib/cli-datadir/user/libraries/DMD32/examples/dmd_clock_readout/dmd_clock_readout.ino:86:11: error: &#39;timerBegin&#39; was not declared in this scope
   timer = timerBegin(0, cpuClock, true);
           ^~~~~~~~~~
/home/ec2-user/arduino-testlib/cli-datadir/user/libraries/DMD32/examples/dmd_clock_readout/dmd_clock_readout.ino:86:11: note: suggested alternative: &#39;timer_hw_t&#39;
   timer = timerBegin(0, cpuClock, true);
           ^~~~~~~~~~
           timer_hw_t
/home/ec2-user/arduino-testlib/cli-datadir/user/libraries/DMD32/examples/dmd_clock_readout/dmd_clock_readout.ino:88:32: error: &#39;triggerScan&#39; was not declared in this scope
   timerAttachInterrupt(timer, &amp;triggerScan, true);
                                ^~~~~~~~~~~
/home/ec2-user/arduino-testlib/cli-datadir/user/libraries/DMD32/examples/dmd_clock_readout/dmd_clock_readout.ino:88:3: error: &#39;timerAttachInterrupt&#39; was not declared in this scope
   timerAttachInterrupt(timer, &amp;triggerScan, true);
   ^~~~~~~~~~~~~~~~~~~~
/home/ec2-user/arduino-testlib/cli-datadir/user/libraries/DMD32/examples/dmd_clock_readout/dmd_clock_readout.ino:88:3: note: suggested alternative: &#39;detachInterrupt&#39;
   timerAttachInterrupt(timer, &amp;triggerScan, true);
   ^~~~~~~~~~~~~~~~~~~~
   detachInterrupt
/home/ec2-user/arduino-testlib/cli-datadir/user/libraries/DMD32/examples/dmd_clock_readout/dmd_clock_readout.ino:91:3: error: &#39;timerAlarmWrite&#39; was not declared in this scope
   timerAlarmWrite(timer, 300, true);
   ^~~~~~~~~~~~~~~
/home/ec2-user/arduino-testlib/cli-datadir/user/libraries/DMD32/examples/dmd_clock_readout/dmd_clock_readout.ino:94:3: error: &#39;timerAlarmEnable&#39; was not declared in this scope
   timerAlarmEnable(timer);
   ^~~~~~~~~~~~~~~~

</pre>
					
					<h4>examples/dmd_demo</h4>
					<p>
						Result: <b>FAIL</b>
					</p>
					<pre class="pre-scrollable">WARNING: library DMD32 claims to run on esp32 architecture(s) and may be incompatible with your current board which runs on mbed_nano architecture(s).
/home/ec2-user/arduino-testlib/cli-datadir/user/libraries/DMD32/examples/dmd_demo/dmd_demo.ino:48:3: error: &#39;hw_timer_t&#39; does not name a type; did you mean &#39;__timer_t&#39;?
   hw_timer_t * timer = NULL;
   ^~~~~~~~~~
   __timer_t
/home/ec2-user/arduino-testlib/cli-datadir/user/libraries/DMD32/examples/dmd_demo/dmd_demo.ino:54:16: error: expected initializer before &#39;triggerScan&#39;
 void IRAM_ATTR triggerScan()
                ^~~~~~~~~~~
/home/ec2-user/arduino-testlib/cli-datadir/user/libraries/DMD32/examples/dmd_demo/dmd_demo.ino:54:16: error: expected initializer before &#39;triggerScan&#39;
 void IRAM_ATTR triggerScan()
                ^~~~~~~~~~~
/home/ec2-user/arduino-testlib/cli-datadir/user/libraries/DMD32/examples/dmd_demo/dmd_demo.ino: In function &#39;void setup()&#39;:
/home/ec2-user/arduino-testlib/cli-datadir/user/libraries/DMD32/examples/dmd_demo/dmd_demo.ino:67:22: error: &#39;ESP&#39; was not declared in this scope
   uint8_t cpuClock = ESP.getCpuFreqMHz();
                      ^~~
/home/ec2-user/arduino-testlib/cli-datadir/user/libraries/DMD32/examples/dmd_demo/dmd_demo.ino:71:3: error: &#39;timer&#39; was not declared in this scope
   timer = timerBegin(0, cpuClock, true);
   ^~~~~
/home/ec2-user/arduino-testlib/cli-datadir/user/libraries/DMD32/examples/dmd_demo/dmd_demo.ino:71:3: note: suggested alternative: &#39;time&#39;
   timer = timerBegin(0, cpuClock, true);
   ^~~~~
   time
/home/ec2-user/arduino-testlib/cli-datadir/user/libraries/DMD32/examples/dmd_demo/dmd_demo.ino:71:11: error: &#39;timerBegin&#39; was not declared in this scope
   timer = timerBegin(0, cpuClock, true);
           ^~~~~~~~~~
/home/ec2-user/arduino-testlib/cli-datadir/user/libraries/DMD32/examples/dmd_demo/dmd_demo.ino:71:11: note: suggested alternative: &#39;timer_hw_t&#39;
   timer = timerBegin(0, cpuClock, true);
           ^~~~~~~~~~
           timer_hw_t
/home/ec2-user/arduino-testlib/cli-datadir/user/libraries/DMD32/examples/dmd_demo/dmd_demo.ino:73:32: error: &#39;triggerScan&#39; was not declared in this scope
   timerAttachInterrupt(timer, &amp;triggerScan, true);
                                ^~~~~~~~~~~
/home/ec2-user/arduino-testlib/cli-datadir/user/libraries/DMD32/examples/dmd_demo/dmd_demo.ino:73:3: error: &#39;timerAttachInterrupt&#39; was not declared in this scope
   timerAttachInterrupt(timer, &amp;triggerScan, true);
   ^~~~~~~~~~~~~~~~~~~~
/home/ec2-user/arduino-testlib/cli-datadir/user/libraries/DMD32/examples/dmd_demo/dmd_demo.ino:73:3: note: suggested alternative: &#39;detachInterrupt&#39;
   timerAttachInterrupt(timer, &amp;triggerScan, true);
   ^~~~~~~~~~~~~~~~~~~~
   detachInterrupt
/home/ec2-user/arduino-testlib/cli-datadir/user/libraries/DMD32/examples/dmd_demo/dmd_demo.ino:76:3: error: &#39;timerAlarmWrite&#39; was not declared in this scope
   timerAlarmWrite(timer, 300, true);
   ^~~~~~~~~~~~~~~
/home/ec2-user/arduino-testlib/cli-datadir/user/libraries/DMD32/examples/dmd_demo/dmd_demo.ino:79:3: error: &#39;timerAlarmEnable&#39; was not declared in this scope
   timerAlarmEnable(timer);
   ^~~~~~~~~~~~~~~~

</pre>
					
					<h4>examples/dmd_latin_chars</h4>
					<p>
						Result: <b>FAIL</b>
					</p>
					<pre class="pre-scrollable">WARNING: library DMD32 claims to run on esp32 architecture(s) and may be incompatible with your current board which runs on mbed_nano architecture(s).
/home/ec2-user/arduino-testlib/cli-datadir/user/libraries/DMD32/examples/dmd_latin_chars/dmd_latin_chars.ino:57:3: error: &#39;hw_timer_t&#39; does not name a type; did you mean &#39;__timer_t&#39;?
   hw_timer_t * timer = NULL;
   ^~~~~~~~~~
   __timer_t
/home/ec2-user/arduino-testlib/cli-datadir/user/libraries/DMD32/examples/dmd_latin_chars/dmd_latin_chars.ino:63:16: error: expected initializer before &#39;triggerScan&#39;
 void IRAM_ATTR triggerScan()
                ^~~~~~~~~~~
/home/ec2-user/arduino-testlib/cli-datadir/user/libraries/DMD32/examples/dmd_latin_chars/dmd_latin_chars.ino:63:16: error: expected initializer before &#39;triggerScan&#39;
 void IRAM_ATTR triggerScan()
                ^~~~~~~~~~~
/home/ec2-user/arduino-testlib/cli-datadir/user/libraries/DMD32/examples/dmd_latin_chars/dmd_latin_chars.ino: In function &#39;void setup()&#39;:
/home/ec2-user/arduino-testlib/cli-datadir/user/libraries/DMD32/examples/dmd_latin_chars/dmd_latin_chars.ino:77:22: error: &#39;ESP&#39; was not declared in this scope
   uint8_t cpuClock = ESP.getCpuFreqMHz();
                      ^~~
/home/ec2-user/arduino-testlib/cli-datadir/user/libraries/DMD32/examples/dmd_latin_chars/dmd_latin_chars.ino:81:3: error: &#39;timer&#39; was not declared in this scope
   timer = timerBegin(0, cpuClock, true);
   ^~~~~
/home/ec2-user/arduino-testlib/cli-datadir/user/libraries/DMD32/examples/dmd_latin_chars/dmd_latin_chars.ino:81:3: note: suggested alternative: &#39;time&#39;
   timer = timerBegin(0, cpuClock, true);
   ^~~~~
   time
/home/ec2-user/arduino-testlib/cli-datadir/user/libraries/DMD32/examples/dmd_latin_chars/dmd_latin_chars.ino:81:11: error: &#39;timerBegin&#39; was not declared in this scope
   timer = timerBegin(0, cpuClock, true);
           ^~~~~~~~~~
/home/ec2-user/arduino-testlib/cli-datadir/user/libraries/DMD32/examples/dmd_latin_chars/dmd_latin_chars.ino:81:11: note: suggested alternative: &#39;timer_hw_t&#39;
   timer = timerBegin(0, cpuClock, true);
           ^~~~~~~~~~
           timer_hw_t
/home/ec2-user/arduino-testlib/cli-datadir/user/libraries/DMD32/examples/dmd_latin_chars/dmd_latin_chars.ino:83:32: error: &#39;triggerScan&#39; was not declared in this scope
   timerAttachInterrupt(timer, &amp;triggerScan, true);
                                ^~~~~~~~~~~
/home/ec2-user/arduino-testlib/cli-datadir/user/libraries/DMD32/examples/dmd_latin_chars/dmd_latin_chars.ino:83:3: error: &#39;timerAttachInterrupt&#39; was not declared in this scope
   timerAttachInterrupt(timer, &amp;triggerScan, true);
   ^~~~~~~~~~~~~~~~~~~~
/home/ec2-user/arduino-testlib/cli-datadir/user/libraries/DMD32/examples/dmd_latin_chars/dmd_latin_chars.ino:83:3: note: suggested alternative: &#39;detachInterrupt&#39;
   timerAttachInterrupt(timer, &amp;triggerScan, true);
   ^~~~~~~~~~~~~~~~~~~~
   detachInterrupt
/home/ec2-user/arduino-testlib/cli-datadir/user/libraries/DMD32/examples/dmd_latin_chars/dmd_latin_chars.ino:86:3: error: &#39;timerAlarmWrite&#39; was not declared in this scope
   timerAlarmWrite(timer, 300, true);
   ^~~~~~~~~~~~~~~
/home/ec2-user/arduino-testlib/cli-datadir/user/libraries/DMD32/examples/dmd_latin_chars/dmd_latin_chars.ino:89:3: error: &#39;timerAlarmEnable&#39; was not declared in this scope
   timerAlarmEnable(timer);
   ^~~~~~~~~~~~~~~~

</pre>
					
				
				<h3 id="arduino:megaavr:nona4809">arduino:megaavr:nona4809 @ 1.8.7</h3>
				<h4>Inclusion</h4>
				<p>
					Result: <b>FAIL</b>
					
				</p>
				<pre class="pre-scrollable">WARNING: library DMD32 claims to run on esp32 architecture(s) and may be incompatible with your current board which runs on megaavr architecture(s).
/home/ec2-user/arduino-testlib/cli-datadir/user/libraries/DMD32/DMD32.cpp: In constructor &#39;DMD::DMD(byte, byte)&#39;:
/home/ec2-user/arduino-testlib/cli-datadir/user/libraries/DMD32/DMD32.cpp:51:22: error: &#39;VSPI&#39; was not declared in this scope
  vspi = new SPIClass(VSPI);
                      ^~~~
/home/ec2-user/arduino-testlib/cli-datadir/user/libraries/DMD32/DMD32.cpp:51:22: note: suggested alternative: &#39;SPI&#39;
  vspi = new SPIClass(VSPI);
                      ^~~~
                      SPI

</pre>

					
					<h4>examples/dmd_clock_readout</h4>
					<p>
						Result: <b>FAIL</b>
					</p>
					<pre class="pre-scrollable">WARNING: library DMD32 claims to run on esp32 architecture(s) and may be incompatible with your current board which runs on megaavr architecture(s).
/home/ec2-user/arduino-testlib/cli-datadir/user/libraries/DMD32/examples/dmd_clock_readout/dmd_clock_readout.ino:46:3: error: &#39;hw_timer_t&#39; does not name a type; did you mean &#39;__size_t&#39;?
   hw_timer_t * timer = NULL;
   ^~~~~~~~~~
   __size_t
/home/ec2-user/arduino-testlib/cli-datadir/user/libraries/DMD32/examples/dmd_clock_readout/dmd_clock_readout.ino:52:16: error: expected initializer before &#39;triggerScan&#39;
 void IRAM_ATTR triggerScan()
                ^~~~~~~~~~~
/home/ec2-user/arduino-testlib/cli-datadir/user/libraries/DMD32/examples/dmd_clock_readout/dmd_clock_readout.ino:52:16: error: expected initializer before &#39;triggerScan&#39;
 void IRAM_ATTR triggerScan()
                ^~~~~~~~~~~
/home/ec2-user/arduino-testlib/cli-datadir/user/libraries/DMD32/examples/dmd_clock_readout/dmd_clock_readout.ino: In function &#39;void setup()&#39;:
/home/ec2-user/arduino-testlib/cli-datadir/user/libraries/DMD32/examples/dmd_clock_readout/dmd_clock_readout.ino:82:22: error: &#39;ESP&#39; was not declared in this scope
   uint8_t cpuClock = ESP.getCpuFreqMHz();
                      ^~~
/home/ec2-user/arduino-testlib/cli-datadir/user/libraries/DMD32/examples/dmd_clock_readout/dmd_clock_readout.ino:82:22: note: suggested alternative: &#39;SP&#39;
   uint8_t cpuClock = ESP.getCpuFreqMHz();
                      ^~~
                      SP
/home/ec2-user/arduino-testlib/cli-datadir/user/libraries/DMD32/examples/dmd_clock_readout/dmd_clock_readout.ino:86:3: error: &#39;timer&#39; was not declared in this scope
   timer = timerBegin(0, cpuClock, true);
   ^~~~~
/home/ec2-user/arduino-testlib/cli-datadir/user/libraries/DMD32/examples/dmd_clock_readout/dmd_clock_readout.ino:86:11: error: &#39;timerBegin&#39; was not declared in this scope
   timer = timerBegin(0, cpuClock, true);
           ^~~~~~~~~~
/home/ec2-user/arduino-testlib/cli-datadir/user/libraries/DMD32/examples/dmd_clock_readout/dmd_clock_readout.ino:88:32: error: &#39;triggerScan&#39; was not declared in this scope
   timerAttachInterrupt(timer, &amp;triggerScan, true);
                                ^~~~~~~~~~~
/home/ec2-user/arduino-testlib/cli-datadir/user/libraries/DMD32/examples/dmd_clock_readout/dmd_clock_readout.ino:88:3: error: &#39;timerAttachInterrupt&#39; was not declared in this scope
   timerAttachInterrupt(timer, &amp;triggerScan, true);
   ^~~~~~~~~~~~~~~~~~~~
/home/ec2-user/arduino-testlib/cli-datadir/user/libraries/DMD32/examples/dmd_clock_readout/dmd_clock_readout.ino:88:3: note: suggested alternative: &#39;detachInterrupt&#39;
   timerAttachInterrupt(timer, &amp;triggerScan, true);
   ^~~~~~~~~~~~~~~~~~~~
   detachInterrupt
/home/ec2-user/arduino-testlib/cli-datadir/user/libraries/DMD32/examples/dmd_clock_readout/dmd_clock_readout.ino:91:3: error: &#39;timerAlarmWrite&#39; was not declared in this scope
   timerAlarmWrite(timer, 300, true);
   ^~~~~~~~~~~~~~~
/home/ec2-user/arduino-testlib/cli-datadir/user/libraries/DMD32/examples/dmd_clock_readout/dmd_clock_readout.ino:94:3: error: &#39;timerAlarmEnable&#39; was not declared in this scope
   timerAlarmEnable(timer);
   ^~~~~~~~~~~~~~~~

</pre>
					
					<h4>examples/dmd_demo</h4>
					<p>
						Result: <b>FAIL</b>
					</p>
					<pre class="pre-scrollable">WARNING: library DMD32 claims to run on esp32 architecture(s) and may be incompatible with your current board which runs on megaavr architecture(s).
/home/ec2-user/arduino-testlib/cli-datadir/user/libraries/DMD32/examples/dmd_demo/dmd_demo.ino:48:3: error: &#39;hw_timer_t&#39; does not name a type; did you mean &#39;__size_t&#39;?
   hw_timer_t * timer = NULL;
   ^~~~~~~~~~
   __size_t
/home/ec2-user/arduino-testlib/cli-datadir/user/libraries/DMD32/examples/dmd_demo/dmd_demo.ino:54:16: error: expected initializer before &#39;triggerScan&#39;
 void IRAM_ATTR triggerScan()
                ^~~~~~~~~~~
/home/ec2-user/arduino-testlib/cli-datadir/user/libraries/DMD32/examples/dmd_demo/dmd_demo.ino:54:16: error: expected initializer before &#39;triggerScan&#39;
 void IRAM_ATTR triggerScan()
                ^~~~~~~~~~~
/home/ec2-user/arduino-testlib/cli-datadir/user/libraries/DMD32/examples/dmd_demo/dmd_demo.ino: In function &#39;void setup()&#39;:
/home/ec2-user/arduino-testlib/cli-datadir/user/libraries/DMD32/examples/dmd_demo/dmd_demo.ino:67:22: error: &#39;ESP&#39; was not declared in this scope
   uint8_t cpuClock = ESP.getCpuFreqMHz();
                      ^~~
/home/ec2-user/arduino-testlib/cli-datadir/user/libraries/DMD32/examples/dmd_demo/dmd_demo.ino:67:22: note: suggested alternative: &#39;SP&#39;
   uint8_t cpuClock = ESP.getCpuFreqMHz();
                      ^~~
                      SP
/home/ec2-user/arduino-testlib/cli-datadir/user/libraries/DMD32/examples/dmd_demo/dmd_demo.ino:71:3: error: &#39;timer&#39; was not declared in this scope
   timer = timerBegin(0, cpuClock, true);
   ^~~~~
/home/ec2-user/arduino-testlib/cli-datadir/user/libraries/DMD32/examples/dmd_demo/dmd_demo.ino:71:11: error: &#39;timerBegin&#39; was not declared in this scope
   timer = timerBegin(0, cpuClock, true);
           ^~~~~~~~~~
/home/ec2-user/arduino-testlib/cli-datadir/user/libraries/DMD32/examples/dmd_demo/dmd_demo.ino:73:32: error: &#39;triggerScan&#39; was not declared in this scope
   timerAttachInterrupt(timer, &amp;triggerScan, true);
                                ^~~~~~~~~~~
/home/ec2-user/arduino-testlib/cli-datadir/user/libraries/DMD32/examples/dmd_demo/dmd_demo.ino:73:3: error: &#39;timerAttachInterrupt&#39; was not declared in this scope
   timerAttachInterrupt(timer, &amp;triggerScan, true);
   ^~~~~~~~~~~~~~~~~~~~
/home/ec2-user/arduino-testlib/cli-datadir/user/libraries/DMD32/examples/dmd_demo/dmd_demo.ino:73:3: note: suggested alternative: &#39;detachInterrupt&#39;
   timerAttachInterrupt(timer, &amp;triggerScan, true);
   ^~~~~~~~~~~~~~~~~~~~
   detachInterrupt
/home/ec2-user/arduino-testlib/cli-datadir/user/libraries/DMD32/examples/dmd_demo/dmd_demo.ino:76:3: error: &#39;timerAlarmWrite&#39; was not declared in this scope
   timerAlarmWrite(timer, 300, true);
   ^~~~~~~~~~~~~~~
/home/ec2-user/arduino-testlib/cli-datadir/user/libraries/DMD32/examples/dmd_demo/dmd_demo.ino:79:3: error: &#39;timerAlarmEnable&#39; was not declared in this scope
   timerAlarmEnable(timer);
   ^~~~~~~~~~~~~~~~

</pre>
					
					<h4>examples/dmd_latin_chars</h4>
					<p>
						Result: <b>FAIL</b>
					</p>
					<pre class="pre-scrollable">WARNING: library DMD32 claims to run on esp32 architecture(s) and may be incompatible with your current board which runs on megaavr architecture(s).
/home/ec2-user/arduino-testlib/cli-datadir/user/libraries/DMD32/examples/dmd_latin_chars/dmd_latin_chars.ino:57:3: error: &#39;hw_timer_t&#39; does not name a type; did you mean &#39;__size_t&#39;?
   hw_timer_t * timer = NULL;
   ^~~~~~~~~~
   __size_t
/home/ec2-user/arduino-testlib/cli-datadir/user/libraries/DMD32/examples/dmd_latin_chars/dmd_latin_chars.ino:63:16: error: expected initializer before &#39;triggerScan&#39;
 void IRAM_ATTR triggerScan()
                ^~~~~~~~~~~
/home/ec2-user/arduino-testlib/cli-datadir/user/libraries/DMD32/examples/dmd_latin_chars/dmd_latin_chars.ino:63:16: error: expected initializer before &#39;triggerScan&#39;
 void IRAM_ATTR triggerScan()
                ^~~~~~~~~~~
/home/ec2-user/arduino-testlib/cli-datadir/user/libraries/DMD32/examples/dmd_latin_chars/dmd_latin_chars.ino: In function &#39;void setup()&#39;:
/home/ec2-user/arduino-testlib/cli-datadir/user/libraries/DMD32/examples/dmd_latin_chars/dmd_latin_chars.ino:77:22: error: &#39;ESP&#39; was not declared in this scope
   uint8_t cpuClock = ESP.getCpuFreqMHz();
                      ^~~
/home/ec2-user/arduino-testlib/cli-datadir/user/libraries/DMD32/examples/dmd_latin_chars/dmd_latin_chars.ino:77:22: note: suggested alternative: &#39;SP&#39;
   uint8_t cpuClock = ESP.getCpuFreqMHz();
                      ^~~
                      SP
/home/ec2-user/arduino-testlib/cli-datadir/user/libraries/DMD32/examples/dmd_latin_chars/dmd_latin_chars.ino:81:3: error: &#39;timer&#39; was not declared in this scope
   timer = timerBegin(0, cpuClock, true);
   ^~~~~
/home/ec2-user/arduino-testlib/cli-datadir/user/libraries/DMD32/examples/dmd_latin_chars/dmd_latin_chars.ino:81:11: error: &#39;timerBegin&#39; was not declared in this scope
   timer = timerBegin(0, cpuClock, true);
           ^~~~~~~~~~
/home/ec2-user/arduino-testlib/cli-datadir/user/libraries/DMD32/examples/dmd_latin_chars/dmd_latin_chars.ino:83:32: error: &#39;triggerScan&#39; was not declared in this scope
   timerAttachInterrupt(timer, &amp;triggerScan, true);
                                ^~~~~~~~~~~
/home/ec2-user/arduino-testlib/cli-datadir/user/libraries/DMD32/examples/dmd_latin_chars/dmd_latin_chars.ino:83:3: error: &#39;timerAttachInterrupt&#39; was not declared in this scope
   timerAttachInterrupt(timer, &amp;triggerScan, true);
   ^~~~~~~~~~~~~~~~~~~~
/home/ec2-user/arduino-testlib/cli-datadir/user/libraries/DMD32/examples/dmd_latin_chars/dmd_latin_chars.ino:83:3: note: suggested alternative: &#39;detachInterrupt&#39;
   timerAttachInterrupt(timer, &amp;triggerScan, true);
   ^~~~~~~~~~~~~~~~~~~~
   detachInterrupt
/home/ec2-user/arduino-testlib/cli-datadir/user/libraries/DMD32/examples/dmd_latin_chars/dmd_latin_chars.ino:86:3: error: &#39;timerAlarmWrite&#39; was not declared in this scope
   timerAlarmWrite(timer, 300, true);
   ^~~~~~~~~~~~~~~
/home/ec2-user/arduino-testlib/cli-datadir/user/libraries/DMD32/examples/dmd_latin_chars/dmd_latin_chars.ino:89:3: error: &#39;timerAlarmEnable&#39; was not declared in this scope
   timerAlarmEnable(timer);
   ^~~~~~~~~~~~~~~~

</pre>
					
				
				<h3 id="arduino:samd:mkrwifi1010">arduino:samd:mkrwifi1010 @ 1.8.12</h3>
				<h4>Inclusion</h4>
				<p>
					Result: <b>FAIL</b>
					
				</p>
				<pre class="pre-scrollable">WARNING: library DMD32 claims to run on esp32 architecture(s) and may be incompatible with your current board which runs on samd architecture(s).
/home/ec2-user/arduino-testlib/cli-datadir/user/libraries/DMD32/DMD32.cpp: In constructor &#39;DMD::DMD(byte, byte)&#39;:
/home/ec2-user/arduino-testlib/cli-datadir/user/libraries/DMD32/DMD32.cpp:51:22: error: &#39;VSPI&#39; was not declared in this scope
  vspi = new SPIClass(VSPI);
                      ^~~~
/home/ec2-user/arduino-testlib/cli-datadir/user/libraries/DMD32/DMD32.cpp:51:22: note: suggested alternative: &#39;SPI&#39;
  vspi = new SPIClass(VSPI);
                      ^~~~
                      SPI
/home/ec2-user/arduino-testlib/cli-datadir/user/libraries/DMD32/DMD32.cpp:51:26: error: invalid new-expression of abstract class type &#39;arduino::HardwareSPI&#39;
  vspi = new SPIClass(VSPI);
                          ^
In file included from /home/ec2-user/arduino-testlib/cli-datadir/data/packages/arduino/hardware/samd/1.8.12/libraries/SPI/SPI.h:24:0,
                 from /home/ec2-user/arduino-testlib/cli-datadir/user/libraries/DMD32/DMD32.h:45,
                 from /home/ec2-user/arduino-testlib/cli-datadir/user/libraries/DMD32/DMD32.cpp:28:
/home/ec2-user/arduino-testlib/cli-datadir/data/packages/arduino/hardware/samd/1.8.12/cores/arduino/api/HardwareSPI.h:104:7: note:   because the following virtual functions are pure within &#39;arduino::HardwareSPI&#39;:
 class HardwareSPI
       ^~~~~~~~~~~
/home/ec2-user/arduino-testlib/cli-datadir/data/packages/arduino/hardware/samd/1.8.12/cores/arduino/api/HardwareSPI.h:109:21: note: 	virtual uint8_t arduino::HardwareSPI::transfer(uint8_t)
     virtual uint8_t transfer(uint8_t data) = 0;
                     ^~~~~~~~
/home/ec2-user/arduino-testlib/cli-datadir/data/packages/arduino/hardware/samd/1.8.12/cores/arduino/api/HardwareSPI.h:110:22: note: 	virtual uint16_t arduino::HardwareSPI::transfer16(uint16_t)
     virtual uint16_t transfer16(uint16_t data) = 0;
                      ^~~~~~~~~~
/home/ec2-user/arduino-testlib/cli-datadir/data/packages/arduino/hardware/samd/1.8.12/cores/arduino/api/HardwareSPI.h:111:18: note: 	virtual void arduino::HardwareSPI::transfer(void*, size_t)
     virtual void transfer(void *buf, size_t count) = 0;
                  ^~~~~~~~
/home/ec2-user/arduino-testlib/cli-datadir/data/packages/arduino/hardware/samd/1.8.12/cores/arduino/api/HardwareSPI.h:114:18: note: 	virtual void arduino::HardwareSPI::usingInterrupt(int)
     virtual void usingInterrupt(int interruptNumber) = 0;
                  ^~~~~~~~~~~~~~
/home/ec2-user/arduino-testlib/cli-datadir/data/packages/arduino/hardware/samd/1.8.12/cores/arduino/api/HardwareSPI.h:115:18: note: 	virtual void arduino::HardwareSPI::notUsingInterrupt(int)
     virtual void notUsingInterrupt(int interruptNumber) = 0;
                  ^~~~~~~~~~~~~~~~~
/home/ec2-user/arduino-testlib/cli-datadir/data/packages/arduino/hardware/samd/1.8.12/cores/arduino/api/HardwareSPI.h:116:18: note: 	virtual void arduino::HardwareSPI::beginTransaction(arduino::SPISettings)
     virtual void beginTransaction(SPISettings settings) = 0;
                  ^~~~~~~~~~~~~~~~
/home/ec2-user/arduino-testlib/cli-datadir/data/packages/arduino/hardware/samd/1.8.12/cores/arduino/api/HardwareSPI.h:117:18: note: 	virtual void arduino::HardwareSPI::endTransaction()
     virtual void endTransaction(void) = 0;
                  ^~~~~~~~~~~~~~
/home/ec2-user/arduino-testlib/cli-datadir/data/packages/arduino/hardware/samd/1.8.12/cores/arduino/api/HardwareSPI.h:120:18: note: 	virtual void arduino::HardwareSPI::attachInterrupt()
     virtual void attachInterrupt() = 0;
                  ^~~~~~~~~~~~~~~
/home/ec2-user/arduino-testlib/cli-datadir/data/packages/arduino/hardware/samd/1.8.12/cores/arduino/api/HardwareSPI.h:121:18: note: 	virtual void arduino::HardwareSPI::detachInterrupt()
     virtual void detachInterrupt() = 0;
                  ^~~~~~~~~~~~~~~
/home/ec2-user/arduino-testlib/cli-datadir/data/packages/arduino/hardware/samd/1.8.12/cores/arduino/api/HardwareSPI.h:123:18: note: 	virtual void arduino::HardwareSPI::begin()
     virtual void begin() = 0;
                  ^~~~~
/home/ec2-user/arduino-testlib/cli-datadir/data/packages/arduino/hardware/samd/1.8.12/cores/arduino/api/HardwareSPI.h:124:18: note: 	virtual void arduino::HardwareSPI::end()
     virtual void end() = 0;
                  ^~~

</pre>

					
					<h4>examples/dmd_clock_readout</h4>
					<p>
						Result: <b>FAIL</b>
					</p>
					<pre class="pre-scrollable">WARNING: library DMD32 claims to run on esp32 architecture(s) and may be incompatible with your current board which runs on samd architecture(s).
/home/ec2-user/arduino-testlib/cli-datadir/user/libraries/DMD32/examples/dmd_clock_readout/dmd_clock_readout.ino:46:3: error: &#39;hw_timer_t&#39; does not name a type; did you mean &#39;__timer_t&#39;?
   hw_timer_t * timer = NULL;
   ^~~~~~~~~~
   __timer_t
/home/ec2-user/arduino-testlib/cli-datadir/user/libraries/DMD32/examples/dmd_clock_readout/dmd_clock_readout.ino:52:16: error: expected initializer before &#39;triggerScan&#39;
 void IRAM_ATTR triggerScan()
                ^~~~~~~~~~~
/home/ec2-user/arduino-testlib/cli-datadir/user/libraries/DMD32/examples/dmd_clock_readout/dmd_clock_readout.ino:52:16: error: expected initializer before &#39;triggerScan&#39;
 void IRAM_ATTR triggerScan()
                ^~~~~~~~~~~
/home/ec2-user/arduino-testlib/cli-datadir/user/libraries/DMD32/examples/dmd_clock_readout/dmd_clock_readout.ino: In function &#39;void setup()&#39;:
/home/ec2-user/arduino-testlib/cli-datadir/user/libraries/DMD32/examples/dmd_clock_readout/dmd_clock_readout.ino:82:22: error: &#39;ESP&#39; was not declared in this scope
   uint8_t cpuClock = ESP.getCpuFreqMHz();
                      ^~~
/home/ec2-user/arduino-testlib/cli-datadir/user/libraries/DMD32/examples/dmd_clock_readout/dmd_clock_readout.ino:86:3: error: &#39;timer&#39; was not declared in this scope
   timer = timerBegin(0, cpuClock, true);
   ^~~~~
/home/ec2-user/arduino-testlib/cli-datadir/user/libraries/DMD32/examples/dmd_clock_readout/dmd_clock_readout.ino:86:3: note: suggested alternative: &#39;timer_t&#39;
   timer = timerBegin(0, cpuClock, true);
   ^~~~~
   timer_t
/home/ec2-user/arduino-testlib/cli-datadir/user/libraries/DMD32/examples/dmd_clock_readout/dmd_clock_readout.ino:86:11: error: &#39;timerBegin&#39; was not declared in this scope
   timer = timerBegin(0, cpuClock, true);
           ^~~~~~~~~~
/home/ec2-user/arduino-testlib/cli-datadir/user/libraries/DMD32/examples/dmd_clock_readout/dmd_clock_readout.ino:86:11: note: suggested alternative: &#39;timer_t&#39;
   timer = timerBegin(0, cpuClock, true);
           ^~~~~~~~~~
           timer_t
/home/ec2-user/arduino-testlib/cli-datadir/user/libraries/DMD32/examples/dmd_clock_readout/dmd_clock_readout.ino:88:32: error: &#39;triggerScan&#39; was not declared in this scope
   timerAttachInterrupt(timer, &amp;triggerScan, true);
                                ^~~~~~~~~~~
/home/ec2-user/arduino-testlib/cli-datadir/user/libraries/DMD32/examples/dmd_clock_readout/dmd_clock_readout.ino:88:3: error: &#39;timerAttachInterrupt&#39; was not declared in this scope
   timerAttachInterrupt(timer, &amp;triggerScan, true);
   ^~~~~~~~~~~~~~~~~~~~
/home/ec2-user/arduino-testlib/cli-datadir/user/libraries/DMD32/examples/dmd_clock_readout/dmd_clock_readout.ino:88:3: note: suggested alternative: &#39;detachInterrupt&#39;
   timerAttachInterrupt(timer, &amp;triggerScan, true);
   ^~~~~~~~~~~~~~~~~~~~
   detachInterrupt
/home/ec2-user/arduino-testlib/cli-datadir/user/libraries/DMD32/examples/dmd_clock_readout/dmd_clock_readout.ino:91:3: error: &#39;timerAlarmWrite&#39; was not declared in this scope
   timerAlarmWrite(timer, 300, true);
   ^~~~~~~~~~~~~~~
/home/ec2-user/arduino-testlib/cli-datadir/user/libraries/DMD32/examples/dmd_clock_readout/dmd_clock_readout.ino:94:3: error: &#39;timerAlarmEnable&#39; was not declared in this scope
   timerAlarmEnable(timer);
   ^~~~~~~~~~~~~~~~

</pre>
					
					<h4>examples/dmd_demo</h4>
					<p>
						Result: <b>FAIL</b>
					</p>
					<pre class="pre-scrollable">WARNING: library DMD32 claims to run on esp32 architecture(s) and may be incompatible with your current board which runs on samd architecture(s).
/home/ec2-user/arduino-testlib/cli-datadir/user/libraries/DMD32/examples/dmd_demo/dmd_demo.ino:48:3: error: &#39;hw_timer_t&#39; does not name a type; did you mean &#39;__timer_t&#39;?
   hw_timer_t * timer = NULL;
   ^~~~~~~~~~
   __timer_t
/home/ec2-user/arduino-testlib/cli-datadir/user/libraries/DMD32/examples/dmd_demo/dmd_demo.ino:54:16: error: expected initializer before &#39;triggerScan&#39;
 void IRAM_ATTR triggerScan()
                ^~~~~~~~~~~
/home/ec2-user/arduino-testlib/cli-datadir/user/libraries/DMD32/examples/dmd_demo/dmd_demo.ino:54:16: error: expected initializer before &#39;triggerScan&#39;
 void IRAM_ATTR triggerScan()
                ^~~~~~~~~~~
/home/ec2-user/arduino-testlib/cli-datadir/user/libraries/DMD32/examples/dmd_demo/dmd_demo.ino: In function &#39;void setup()&#39;:
/home/ec2-user/arduino-testlib/cli-datadir/user/libraries/DMD32/examples/dmd_demo/dmd_demo.ino:67:22: error: &#39;ESP&#39; was not declared in this scope
   uint8_t cpuClock = ESP.getCpuFreqMHz();
                      ^~~
/home/ec2-user/arduino-testlib/cli-datadir/user/libraries/DMD32/examples/dmd_demo/dmd_demo.ino:71:3: error: &#39;timer&#39; was not declared in this scope
   timer = timerBegin(0, cpuClock, true);
   ^~~~~
/home/ec2-user/arduino-testlib/cli-datadir/user/libraries/DMD32/examples/dmd_demo/dmd_demo.ino:71:3: note: suggested alternative: &#39;timer_t&#39;
   timer = timerBegin(0, cpuClock, true);
   ^~~~~
   timer_t
/home/ec2-user/arduino-testlib/cli-datadir/user/libraries/DMD32/examples/dmd_demo/dmd_demo.ino:71:11: error: &#39;timerBegin&#39; was not declared in this scope
   timer = timerBegin(0, cpuClock, true);
           ^~~~~~~~~~
/home/ec2-user/arduino-testlib/cli-datadir/user/libraries/DMD32/examples/dmd_demo/dmd_demo.ino:71:11: note: suggested alternative: &#39;timer_t&#39;
   timer = timerBegin(0, cpuClock, true);
           ^~~~~~~~~~
           timer_t
/home/ec2-user/arduino-testlib/cli-datadir/user/libraries/DMD32/examples/dmd_demo/dmd_demo.ino:73:32: error: &#39;triggerScan&#39; was not declared in this scope
   timerAttachInterrupt(timer, &amp;triggerScan, true);
                                ^~~~~~~~~~~
/home/ec2-user/arduino-testlib/cli-datadir/user/libraries/DMD32/examples/dmd_demo/dmd_demo.ino:73:3: error: &#39;timerAttachInterrupt&#39; was not declared in this scope
   timerAttachInterrupt(timer, &amp;triggerScan, true);
   ^~~~~~~~~~~~~~~~~~~~
/home/ec2-user/arduino-testlib/cli-datadir/user/libraries/DMD32/examples/dmd_demo/dmd_demo.ino:73:3: note: suggested alternative: &#39;detachInterrupt&#39;
   timerAttachInterrupt(timer, &amp;triggerScan, true);
   ^~~~~~~~~~~~~~~~~~~~
   detachInterrupt
/home/ec2-user/arduino-testlib/cli-datadir/user/libraries/DMD32/examples/dmd_demo/dmd_demo.ino:76:3: error: &#39;timerAlarmWrite&#39; was not declared in this scope
   timerAlarmWrite(timer, 300, true);
   ^~~~~~~~~~~~~~~
/home/ec2-user/arduino-testlib/cli-datadir/user/libraries/DMD32/examples/dmd_demo/dmd_demo.ino:79:3: error: &#39;timerAlarmEnable&#39; was not declared in this scope
   timerAlarmEnable(timer);
   ^~~~~~~~~~~~~~~~

</pre>
					
					<h4>examples/dmd_latin_chars</h4>
					<p>
						Result: <b>FAIL</b>
					</p>
					<pre class="pre-scrollable">WARNING: library DMD32 claims to run on esp32 architecture(s) and may be incompatible with your current board which runs on samd architecture(s).
/home/ec2-user/arduino-testlib/cli-datadir/user/libraries/DMD32/examples/dmd_latin_chars/dmd_latin_chars.ino:57:3: error: &#39;hw_timer_t&#39; does not name a type; did you mean &#39;__timer_t&#39;?
   hw_timer_t * timer = NULL;
   ^~~~~~~~~~
   __timer_t
/home/ec2-user/arduino-testlib/cli-datadir/user/libraries/DMD32/examples/dmd_latin_chars/dmd_latin_chars.ino:63:16: error: expected initializer before &#39;triggerScan&#39;
 void IRAM_ATTR triggerScan()
                ^~~~~~~~~~~
/home/ec2-user/arduino-testlib/cli-datadir/user/libraries/DMD32/examples/dmd_latin_chars/dmd_latin_chars.ino:63:16: error: expected initializer before &#39;triggerScan&#39;
 void IRAM_ATTR triggerScan()
                ^~~~~~~~~~~
/home/ec2-user/arduino-testlib/cli-datadir/user/libraries/DMD32/examples/dmd_latin_chars/dmd_latin_chars.ino: In function &#39;void setup()&#39;:
/home/ec2-user/arduino-testlib/cli-datadir/user/libraries/DMD32/examples/dmd_latin_chars/dmd_latin_chars.ino:77:22: error: &#39;ESP&#39; was not declared in this scope
   uint8_t cpuClock = ESP.getCpuFreqMHz();
                      ^~~
/home/ec2-user/arduino-testlib/cli-datadir/user/libraries/DMD32/examples/dmd_latin_chars/dmd_latin_chars.ino:81:3: error: &#39;timer&#39; was not declared in this scope
   timer = timerBegin(0, cpuClock, true);
   ^~~~~
/home/ec2-user/arduino-testlib/cli-datadir/user/libraries/DMD32/examples/dmd_latin_chars/dmd_latin_chars.ino:81:3: note: suggested alternative: &#39;timer_t&#39;
   timer = timerBegin(0, cpuClock, true);
   ^~~~~
   timer_t
/home/ec2-user/arduino-testlib/cli-datadir/user/libraries/DMD32/examples/dmd_latin_chars/dmd_latin_chars.ino:81:11: error: &#39;timerBegin&#39; was not declared in this scope
   timer = timerBegin(0, cpuClock, true);
           ^~~~~~~~~~
/home/ec2-user/arduino-testlib/cli-datadir/user/libraries/DMD32/examples/dmd_latin_chars/dmd_latin_chars.ino:81:11: note: suggested alternative: &#39;timer_t&#39;
   timer = timerBegin(0, cpuClock, true);
           ^~~~~~~~~~
           timer_t
/home/ec2-user/arduino-testlib/cli-datadir/user/libraries/DMD32/examples/dmd_latin_chars/dmd_latin_chars.ino:83:32: error: &#39;triggerScan&#39; was not declared in this scope
   timerAttachInterrupt(timer, &amp;triggerScan, true);
                                ^~~~~~~~~~~
/home/ec2-user/arduino-testlib/cli-datadir/user/libraries/DMD32/examples/dmd_latin_chars/dmd_latin_chars.ino:83:3: error: &#39;timerAttachInterrupt&#39; was not declared in this scope
   timerAttachInterrupt(timer, &amp;triggerScan, true);
   ^~~~~~~~~~~~~~~~~~~~
/home/ec2-user/arduino-testlib/cli-datadir/user/libraries/DMD32/examples/dmd_latin_chars/dmd_latin_chars.ino:83:3: note: suggested alternative: &#39;detachInterrupt&#39;
   timerAttachInterrupt(timer, &amp;triggerScan, true);
   ^~~~~~~~~~~~~~~~~~~~
   detachInterrupt
/home/ec2-user/arduino-testlib/cli-datadir/user/libraries/DMD32/examples/dmd_latin_chars/dmd_latin_chars.ino:86:3: error: &#39;timerAlarmWrite&#39; was not declared in this scope
   timerAlarmWrite(timer, 300, true);
   ^~~~~~~~~~~~~~~
/home/ec2-user/arduino-testlib/cli-datadir/user/libraries/DMD32/examples/dmd_latin_chars/dmd_latin_chars.ino:89:3: error: &#39;timerAlarmEnable&#39; was not declared in this scope
   timerAlarmEnable(timer);
   ^~~~~~~~~~~~~~~~

</pre>
					
				
				<h3 id="esp32:esp32:d1_mini32">esp32:esp32:d1_mini32 @ 1.0.6</h3>
				<h4>Inclusion</h4>
				<p>
					Result: <b>PASS</b>
					
				</p>
				<pre class="pre-scrollable">Sketch uses 198656 bytes (15%) of program storage space. Maximum is 1310720 bytes.
Global variables use 13112 bytes (4%) of dynamic memory, leaving 314568 bytes for local variables. Maximum is 327680 bytes.
</pre>

					
					<h4>examples/dmd_clock_readout</h4>
					<p>
						Result: <b>PASS</b>
					</p>
					<pre class="pre-scrollable">Sketch uses 207766 bytes (15%) of program storage space. Maximum is 1310720 bytes.
Global variables use 13736 bytes (4%) of dynamic memory, leaving 313944 bytes for local variables. Maximum is 327680 bytes.
</pre>
					
					<h4>examples/dmd_demo</h4>
					<p>
						Result: <b>PASS</b>
					</p>
					<pre class="pre-scrollable">Sketch uses 209622 bytes (15%) of program storage space. Maximum is 1310720 bytes.
Global variables use 13736 bytes (4%) of dynamic memory, leaving 313944 bytes for local variables. Maximum is 327680 bytes.
</pre>
					
					<h4>examples/dmd_latin_chars</h4>
					<p>
						Result: <b>PASS</b>
					</p>
					<pre class="pre-scrollable">Sketch uses 215390 bytes (16%) of program storage space. Maximum is 1310720 bytes.
Global variables use 13896 bytes (4%) of dynamic memory, leaving 313784 bytes for local variables. Maximum is 327680 bytes.
</pre>
					
				
			</div>
		</div>
	</div>
  </body>
</html>
