
<!doctype html>
<html lang="en">
  <head>
    <meta charset="utf-8">
    <meta name="viewport" content="width=device-width, initial-scale=1">
    <link href="https://cdn.jsdelivr.net/npm/bootstrap@5.0.2/dist/css/bootstrap.min.css" rel="stylesheet" integrity="sha384-EVSTQN3/azprG1Anm3QDgpJLIm9Nao0Yz1ztcQTwFspd3yD65VohhpuuCOmLASjC" crossorigin="anonymous">
    <title>arduino-testlib report</title>
	<style>
	.pass { background-color: #00FF00 !important; }
	.fail { background-color: #FF0000 !important; }
	</style>
  </head>
  <body>
	<div class="container">
		<div class="row">
			<div class="col">
				<h1>DRV2667 - compatibility matrix</h1>
				<p>
					<small>This report was generated on Monday, 21-Feb-22 12:00:25 CET using 
					<a href="https://github.com/alranel/arduino-testlib">arduino-testlib</a>.</small>
				</p>

				<h2>DRV2667</h2>
				<p>
					Version: <b>0.1.0</b>
					<br />
					<a href="https://www.arduino.cc/reference/en/libraries/drv2667/">More details</a>
				</p>

				<h2>Compatibility matrix</h2>
				<table class="table table-bordered">
					<tr>
						<th>Board</th>
						<th>Claims compatibility</th>
						<th>Inclusion</th>
						
						<th><pre>example_uno</pre></th>
						
						<th><pre>example</pre></th>
						
						<th><pre>example_analog</pre></th>
						
						<th><pre>example_continuous</pre></th>
						
					</tr>
					
					<tr>
						<td>
							<a href="#arduino%3aavr%3auno"><b>arduino:avr:uno</b></a>
							<br />
							<small>1.8.4</small>
						</td>

						
						
						
							<td>Yes ⚠️</td>
							<td class="fail">FAIL</td>
						
						

						
							
								
									
										
									
										
									
										
									
										
											
											<td class="fail">FAIL</td>
										
									
								
							
								
							
								
							
								
							
								
							
						
							
								
									
										
											
											<td class="fail">FAIL</td>
										
									
										
									
										
									
										
									
								
							
								
							
								
							
								
							
								
							
						
							
								
									
										
									
										
											
											<td class="fail">FAIL</td>
										
									
										
									
										
									
								
							
								
							
								
							
								
							
								
							
						
							
								
									
										
									
										
									
										
											
											<td class="fail">FAIL</td>
										
									
										
									
								
							
								
							
								
							
								
							
								
							
						
					</tr>
					
					<tr>
						<td>
							<a href="#arduino%3ambed_nano%3ananorp2040connect"><b>arduino:mbed_nano:nanorp2040connect</b></a>
							<br />
							<small>2.7.2</small>
						</td>

						
							<td>Yes</td>
							<td class="pass">PASS</td>
						
						
						
						

						
							
								
							
								
									
										
									
										
									
										
									
										
											
											<td class="fail">FAIL</td>
										
									
								
							
								
							
								
							
								
							
						
							
								
							
								
									
										
											
											<td class="fail">FAIL</td>
										
									
										
									
										
									
										
									
								
							
								
							
								
							
								
							
						
							
								
							
								
									
										
									
										
											
											<td class="fail">FAIL</td>
										
									
										
									
										
									
								
							
								
							
								
							
								
							
						
							
								
							
								
									
										
									
										
									
										
											
											<td class="fail">FAIL</td>
										
									
										
									
								
							
								
							
								
							
								
							
						
					</tr>
					
					<tr>
						<td>
							<a href="#arduino%3amegaavr%3anona4809"><b>arduino:megaavr:nona4809</b></a>
							<br />
							<small>1.8.7</small>
						</td>

						
						
						
							<td>Yes ⚠️</td>
							<td class="fail">FAIL</td>
						
						

						
							
								
							
								
							
								
									
										
									
										
									
										
									
										
											
											<td class="fail">FAIL</td>
										
									
								
							
								
							
								
							
						
							
								
							
								
							
								
									
										
											
											<td class="fail">FAIL</td>
										
									
										
									
										
									
										
									
								
							
								
							
								
							
						
							
								
							
								
							
								
									
										
									
										
											
											<td class="fail">FAIL</td>
										
									
										
									
										
									
								
							
								
							
								
							
						
							
								
							
								
							
								
									
										
									
										
									
										
											
											<td class="fail">FAIL</td>
										
									
										
									
								
							
								
							
								
							
						
					</tr>
					
					<tr>
						<td>
							<a href="#arduino%3asamd%3amkrwifi1010"><b>arduino:samd:mkrwifi1010</b></a>
							<br />
							<small>1.8.12</small>
						</td>

						
							<td>Yes</td>
							<td class="pass">PASS</td>
						
						
						
						

						
							
								
							
								
							
								
							
								
									
										
									
										
									
										
									
										
											
											<td class="fail">FAIL</td>
										
									
								
							
								
							
						
							
								
							
								
							
								
							
								
									
										
											
											<td class="fail">FAIL</td>
										
									
										
									
										
									
										
									
								
							
								
							
						
							
								
							
								
							
								
							
								
									
										
									
										
											
											<td class="fail">FAIL</td>
										
									
										
									
										
									
								
							
								
							
						
							
								
							
								
							
								
							
								
									
										
									
										
									
										
											
											<td class="fail">FAIL</td>
										
									
										
									
								
							
								
							
						
					</tr>
					
					<tr>
						<td>
							<a href="#esp32%3aesp32%3ad1_mini32"><b>esp32:esp32:d1_mini32</b></a>
							<br />
							<small>1.0.6</small>
						</td>

						
							<td>Yes</td>
							<td class="pass">PASS</td>
						
						
						
						

						
							
								
							
								
							
								
							
								
							
								
									
										
									
										
									
										
									
										
											
											<td class="fail">FAIL</td>
										
									
								
							
						
							
								
							
								
							
								
							
								
							
								
									
										
											
											<td class="fail">FAIL</td>
										
									
										
									
										
									
										
									
								
							
						
							
								
							
								
							
								
							
								
							
								
									
										
									
										
											
											<td class="fail">FAIL</td>
										
									
										
									
										
									
								
							
						
							
								
							
								
							
								
							
								
							
								
									
										
									
										
									
										
											
											<td class="fail">FAIL</td>
										
									
										
									
								
							
						
					</tr>
					
				</table>

				<h2>Compilation logs</h2>
				
				<h3 id="arduino:avr:uno">arduino:avr:uno @ 1.8.4</h3>
				<h4>Inclusion</h4>
				<p>
					Result: <b>FAIL</b>
					
				</p>
				<pre class="pre-scrollable">In file included from /private/tmp/arduino-testlib171339376/test/test.ino:1:0:
/Users/alranel/Documents/git/arduino/arduino-testlib/cli-datadir/user/libraries/DRV2667/DRV2667.h:123:39: error: &#39;SynthChunk&#39; does not name a type
             void addSynthesizer(const SynthChunk* synthparams, const uint8_t size_of_synth)
                                       ^~~~~~~~~~
/Users/alranel/Documents/git/arduino/arduino-testlib/cli-datadir/user/libraries/DRV2667/DRV2667.h: In member function &#39;void EmbeddedDevices::DRV2667::DRV2667::addSynthesizer(const int*, uint8_t)&#39;:
/Users/alranel/Documents/git/arduino/arduino-testlib/cli-datadir/user/libraries/DRV2667/DRV2667.h:162:58: error: request for member &#39;amp&#39; in &#39;*(synthparams &#43; ((sizetype)(((unsigned int)i) * 2)))&#39;, which is of non-class type &#39;const int&#39;
                     write(start_addr &#43; 0, synthparams[i].amp);
                                                          ^~~
/Users/alranel/Documents/git/arduino/arduino-testlib/cli-datadir/user/libraries/DRV2667/DRV2667.h:163:58: error: request for member &#39;freq&#39; in &#39;*(synthparams &#43; ((sizetype)(((unsigned int)i) * 2)))&#39;, which is of non-class type &#39;const int&#39;
                     write(start_addr &#43; 1, synthparams[i].freq);
                                                          ^~~~
/Users/alranel/Documents/git/arduino/arduino-testlib/cli-datadir/user/libraries/DRV2667/DRV2667.h:164:58: error: request for member &#39;cycle&#39; in &#39;*(synthparams &#43; ((sizetype)(((unsigned int)i) * 2)))&#39;, which is of non-class type &#39;const int&#39;
                     write(start_addr &#43; 2, synthparams[i].cycle);
                                                          ^~~~~
/Users/alranel/Documents/git/arduino/arduino-testlib/cli-datadir/user/libraries/DRV2667/DRV2667.h:165:58: error: request for member &#39;envelop&#39; in &#39;*(synthparams &#43; ((sizetype)(((unsigned int)i) * 2)))&#39;, which is of non-class type &#39;const int&#39;
                     write(start_addr &#43; 3, synthparams[i].envelop);
                                                          ^~~~~~~
/Users/alranel/Documents/git/arduino/arduino-testlib/cli-datadir/user/libraries/DRV2667/DRV2667.h: At global scope:
/Users/alranel/Documents/git/arduino/arduino-testlib/cli-datadir/user/libraries/DRV2667/DRV2667.h:299:50: error: &#39;SynthChunk&#39; in namespace &#39;EmbeddedDevices::DRV2667&#39; does not name a type
 using DRV2667Effects = EmbeddedDevices::DRV2667::SynthChunk;
                                                  ^~~~~~~~~~

</pre>

					
					<h4>examples/example</h4>
					<p>
						Result: <b>FAIL</b>
					</p>
					<pre class="pre-scrollable">In file included from /Users/alranel/Documents/git/arduino/arduino-testlib/cli-datadir/user/libraries/DRV2667/examples/example/example.ino:3:0:
/Users/alranel/Documents/git/arduino/arduino-testlib/cli-datadir/user/libraries/DRV2667/DRV2667.h:123:39: error: &#39;SynthChunk&#39; does not name a type
             void addSynthesizer(const SynthChunk* synthparams, const uint8_t size_of_synth)
                                       ^~~~~~~~~~
/Users/alranel/Documents/git/arduino/arduino-testlib/cli-datadir/user/libraries/DRV2667/DRV2667.h: In member function &#39;void EmbeddedDevices::DRV2667::DRV2667::addSynthesizer(const int*, uint8_t)&#39;:
/Users/alranel/Documents/git/arduino/arduino-testlib/cli-datadir/user/libraries/DRV2667/DRV2667.h:162:58: error: request for member &#39;amp&#39; in &#39;*(synthparams &#43; ((sizetype)(((unsigned int)i) * 2)))&#39;, which is of non-class type &#39;const int&#39;
                     write(start_addr &#43; 0, synthparams[i].amp);
                                                          ^~~
/Users/alranel/Documents/git/arduino/arduino-testlib/cli-datadir/user/libraries/DRV2667/DRV2667.h:163:58: error: request for member &#39;freq&#39; in &#39;*(synthparams &#43; ((sizetype)(((unsigned int)i) * 2)))&#39;, which is of non-class type &#39;const int&#39;
                     write(start_addr &#43; 1, synthparams[i].freq);
                                                          ^~~~
/Users/alranel/Documents/git/arduino/arduino-testlib/cli-datadir/user/libraries/DRV2667/DRV2667.h:164:58: error: request for member &#39;cycle&#39; in &#39;*(synthparams &#43; ((sizetype)(((unsigned int)i) * 2)))&#39;, which is of non-class type &#39;const int&#39;
                     write(start_addr &#43; 2, synthparams[i].cycle);
                                                          ^~~~~
/Users/alranel/Documents/git/arduino/arduino-testlib/cli-datadir/user/libraries/DRV2667/DRV2667.h:165:58: error: request for member &#39;envelop&#39; in &#39;*(synthparams &#43; ((sizetype)(((unsigned int)i) * 2)))&#39;, which is of non-class type &#39;const int&#39;
                     write(start_addr &#43; 3, synthparams[i].envelop);
                                                          ^~~~~~~
/Users/alranel/Documents/git/arduino/arduino-testlib/cli-datadir/user/libraries/DRV2667/DRV2667.h: At global scope:
/Users/alranel/Documents/git/arduino/arduino-testlib/cli-datadir/user/libraries/DRV2667/DRV2667.h:299:50: error: &#39;SynthChunk&#39; in namespace &#39;EmbeddedDevices::DRV2667&#39; does not name a type
 using DRV2667Effects = EmbeddedDevices::DRV2667::SynthChunk;
                                                  ^~~~~~~~~~
/Users/alranel/Documents/git/arduino/arduino-testlib/cli-datadir/user/libraries/DRV2667/examples/example/example.ino:8:34: error: &#39;SynthChunk&#39; in namespace &#39;EmbeddedDevices::DRV2667&#39; does not name a type
 struct EmbeddedDevices::DRV2667::SynthChunk synth[2]
                                  ^~~~~~~~~~
/Users/alranel/Documents/git/arduino/arduino-testlib/cli-datadir/user/libraries/DRV2667/examples/example/example.ino:12:1: error: braces around scalar initializer for type &#39;int&#39;
 };
 ^
/Users/alranel/Documents/git/arduino/arduino-testlib/cli-datadir/user/libraries/DRV2667/examples/example/example.ino: In function &#39;void setup()&#39;:
/Users/alranel/Documents/git/arduino/arduino-testlib/cli-datadir/user/libraries/DRV2667/examples/example/example.ino:26:22: error: no matching function for call to &#39;TwoWire::begin(int, int)&#39;
     Wire.begin(21, 22);
                      ^
In file included from /Users/alranel/Documents/git/arduino/arduino-testlib/cli-datadir/user/libraries/DRV2667/DRV2667.h:5:0,
                 from /Users/alranel/Documents/git/arduino/arduino-testlib/cli-datadir/user/libraries/DRV2667/examples/example/example.ino:3:
/Users/alranel/Documents/git/arduino/arduino-testlib/cli-datadir/data/packages/arduino/hardware/avr/1.8.4/libraries/Wire/src/Wire.h:53:10: note: candidate: void TwoWire::begin()
     void begin();
          ^~~~~
/Users/alranel/Documents/git/arduino/arduino-testlib/cli-datadir/data/packages/arduino/hardware/avr/1.8.4/libraries/Wire/src/Wire.h:53:10: note:   candidate expects 0 arguments, 2 provided
/Users/alranel/Documents/git/arduino/arduino-testlib/cli-datadir/data/packages/arduino/hardware/avr/1.8.4/libraries/Wire/src/Wire.h:54:10: note: candidate: void TwoWire::begin(uint8_t)
     void begin(uint8_t);
          ^~~~~
/Users/alranel/Documents/git/arduino/arduino-testlib/cli-datadir/data/packages/arduino/hardware/avr/1.8.4/libraries/Wire/src/Wire.h:54:10: note:   candidate expects 1 argument, 2 provided
/Users/alranel/Documents/git/arduino/arduino-testlib/cli-datadir/data/packages/arduino/hardware/avr/1.8.4/libraries/Wire/src/Wire.h:55:10: note: candidate: void TwoWire::begin(int)
     void begin(int);
          ^~~~~
/Users/alranel/Documents/git/arduino/arduino-testlib/cli-datadir/data/packages/arduino/hardware/avr/1.8.4/libraries/Wire/src/Wire.h:55:10: note:   candidate expects 1 argument, 2 provided
/Users/alranel/Documents/git/arduino/arduino-testlib/cli-datadir/user/libraries/DRV2667/examples/example/example.ino:29:22: error: &#39;using DRV2667 = class EmbeddedDevices::DRV2667::DRV2667 {aka class EmbeddedDevices::DRV2667::DRV2667}&#39; has no member named &#39;getStatus&#39;; did you mean &#39;getI2CStatus&#39;?
     Serial.print(drv.getStatus());
                      ^~~~~~~~~
                      getI2CStatus
/Users/alranel/Documents/git/arduino/arduino-testlib/cli-datadir/user/libraries/DRV2667/examples/example/example.ino:38:22: error: &#39;using DRV2667 = class EmbeddedDevices::DRV2667::DRV2667 {aka class EmbeddedDevices::DRV2667::DRV2667}&#39; has no member named &#39;getStatus&#39;; did you mean &#39;getI2CStatus&#39;?
     Serial.print(drv.getStatus());
                      ^~~~~~~~~
                      getI2CStatus
/Users/alranel/Documents/git/arduino/arduino-testlib/cli-datadir/user/libraries/DRV2667/examples/example/example.ino:43:22: error: &#39;using DRV2667 = class EmbeddedDevices::DRV2667::DRV2667 {aka class EmbeddedDevices::DRV2667::DRV2667}&#39; has no member named &#39;getStatus&#39;; did you mean &#39;getI2CStatus&#39;?
     Serial.print(drv.getStatus());
                      ^~~~~~~~~
                      getI2CStatus
/Users/alranel/Documents/git/arduino/arduino-testlib/cli-datadir/user/libraries/DRV2667/examples/example/example.ino:48:24: error: &#39;using DRV2667 = class EmbeddedDevices::DRV2667::DRV2667 {aka class EmbeddedDevices::DRV2667::DRV2667}&#39; has no member named &#39;getStatus&#39;; did you mean &#39;getI2CStatus&#39;?
     Serial.println(drv.getStatus());
                        ^~~~~~~~~
                        getI2CStatus
/Users/alranel/Documents/git/arduino/arduino-testlib/cli-datadir/user/libraries/DRV2667/examples/example/example.ino: In function &#39;void loop()&#39;:
/Users/alranel/Documents/git/arduino/arduino-testlib/cli-datadir/user/libraries/DRV2667/examples/example/example.ino:59:24: error: &#39;using DRV2667 = class EmbeddedDevices::DRV2667::DRV2667 {aka class EmbeddedDevices::DRV2667::DRV2667}&#39; has no member named &#39;getStatus&#39;; did you mean &#39;getI2CStatus&#39;?
     Serial.println(drv.getStatus());
                        ^~~~~~~~~
                        getI2CStatus

</pre>
					
					<h4>examples/example_analog</h4>
					<p>
						Result: <b>FAIL</b>
					</p>
					<pre class="pre-scrollable">In file included from /Users/alranel/Documents/git/arduino/arduino-testlib/cli-datadir/user/libraries/DRV2667/examples/example_analog/example_analog.ino:1:0:
/Users/alranel/Documents/git/arduino/arduino-testlib/cli-datadir/user/libraries/DRV2667/DRV2667.h:123:39: error: &#39;SynthChunk&#39; does not name a type
             void addSynthesizer(const SynthChunk* synthparams, const uint8_t size_of_synth)
                                       ^~~~~~~~~~
/Users/alranel/Documents/git/arduino/arduino-testlib/cli-datadir/user/libraries/DRV2667/DRV2667.h: In member function &#39;void EmbeddedDevices::DRV2667::DRV2667::addSynthesizer(const int*, uint8_t)&#39;:
/Users/alranel/Documents/git/arduino/arduino-testlib/cli-datadir/user/libraries/DRV2667/DRV2667.h:162:58: error: request for member &#39;amp&#39; in &#39;*(synthparams &#43; ((sizetype)(((unsigned int)i) * 2)))&#39;, which is of non-class type &#39;const int&#39;
                     write(start_addr &#43; 0, synthparams[i].amp);
                                                          ^~~
/Users/alranel/Documents/git/arduino/arduino-testlib/cli-datadir/user/libraries/DRV2667/DRV2667.h:163:58: error: request for member &#39;freq&#39; in &#39;*(synthparams &#43; ((sizetype)(((unsigned int)i) * 2)))&#39;, which is of non-class type &#39;const int&#39;
                     write(start_addr &#43; 1, synthparams[i].freq);
                                                          ^~~~
/Users/alranel/Documents/git/arduino/arduino-testlib/cli-datadir/user/libraries/DRV2667/DRV2667.h:164:58: error: request for member &#39;cycle&#39; in &#39;*(synthparams &#43; ((sizetype)(((unsigned int)i) * 2)))&#39;, which is of non-class type &#39;const int&#39;
                     write(start_addr &#43; 2, synthparams[i].cycle);
                                                          ^~~~~
/Users/alranel/Documents/git/arduino/arduino-testlib/cli-datadir/user/libraries/DRV2667/DRV2667.h:165:58: error: request for member &#39;envelop&#39; in &#39;*(synthparams &#43; ((sizetype)(((unsigned int)i) * 2)))&#39;, which is of non-class type &#39;const int&#39;
                     write(start_addr &#43; 3, synthparams[i].envelop);
                                                          ^~~~~~~
/Users/alranel/Documents/git/arduino/arduino-testlib/cli-datadir/user/libraries/DRV2667/DRV2667.h: At global scope:
/Users/alranel/Documents/git/arduino/arduino-testlib/cli-datadir/user/libraries/DRV2667/DRV2667.h:299:50: error: &#39;SynthChunk&#39; in namespace &#39;EmbeddedDevices::DRV2667&#39; does not name a type
 using DRV2667Effects = EmbeddedDevices::DRV2667::SynthChunk;
                                                  ^~~~~~~~~~
/Users/alranel/Documents/git/arduino/arduino-testlib/cli-datadir/user/libraries/DRV2667/examples/example_analog/example_analog.ino: In function &#39;void dacSquare(int, uint8_t, float)&#39;:
/Users/alranel/Documents/git/arduino/arduino-testlib/cli-datadir/user/libraries/DRV2667/examples/example_analog/example_analog.ino:20:5: error: &#39;dacWrite&#39; was not declared in this scope
     dacWrite(pin, (is_dac_high ? vol : 0));
     ^~~~~~~~
/Users/alranel/Documents/git/arduino/arduino-testlib/cli-datadir/user/libraries/DRV2667/examples/example_analog/example_analog.ino:20:5: note: suggested alternative: &#39;bitWrite&#39;
     dacWrite(pin, (is_dac_high ? vol : 0));
     ^~~~~~~~
     bitWrite
/Users/alranel/Documents/git/arduino/arduino-testlib/cli-datadir/user/libraries/DRV2667/examples/example_analog/example_analog.ino: In function &#39;void setup()&#39;:
/Users/alranel/Documents/git/arduino/arduino-testlib/cli-datadir/user/libraries/DRV2667/examples/example_analog/example_analog.ino:27:9: error: &#39;using DRV2667 = class EmbeddedDevices::DRV2667::DRV2667 {aka class EmbeddedDevices::DRV2667::DRV2667}&#39; has no member named &#39;begin&#39;
     drv.begin();
         ^~~~~

</pre>
					
					<h4>examples/example_continuous</h4>
					<p>
						Result: <b>FAIL</b>
					</p>
					<pre class="pre-scrollable">In file included from /Users/alranel/Documents/git/arduino/arduino-testlib/cli-datadir/user/libraries/DRV2667/examples/example_continuous/example_continuous.ino:1:0:
/Users/alranel/Documents/git/arduino/arduino-testlib/cli-datadir/user/libraries/DRV2667/DRV2667.h:123:39: error: &#39;SynthChunk&#39; does not name a type
             void addSynthesizer(const SynthChunk* synthparams, const uint8_t size_of_synth)
                                       ^~~~~~~~~~
/Users/alranel/Documents/git/arduino/arduino-testlib/cli-datadir/user/libraries/DRV2667/DRV2667.h: In member function &#39;void EmbeddedDevices::DRV2667::DRV2667::addSynthesizer(const int*, uint8_t)&#39;:
/Users/alranel/Documents/git/arduino/arduino-testlib/cli-datadir/user/libraries/DRV2667/DRV2667.h:162:58: error: request for member &#39;amp&#39; in &#39;*(synthparams &#43; ((sizetype)(((unsigned int)i) * 2)))&#39;, which is of non-class type &#39;const int&#39;
                     write(start_addr &#43; 0, synthparams[i].amp);
                                                          ^~~
/Users/alranel/Documents/git/arduino/arduino-testlib/cli-datadir/user/libraries/DRV2667/DRV2667.h:163:58: error: request for member &#39;freq&#39; in &#39;*(synthparams &#43; ((sizetype)(((unsigned int)i) * 2)))&#39;, which is of non-class type &#39;const int&#39;
                     write(start_addr &#43; 1, synthparams[i].freq);
                                                          ^~~~
/Users/alranel/Documents/git/arduino/arduino-testlib/cli-datadir/user/libraries/DRV2667/DRV2667.h:164:58: error: request for member &#39;cycle&#39; in &#39;*(synthparams &#43; ((sizetype)(((unsigned int)i) * 2)))&#39;, which is of non-class type &#39;const int&#39;
                     write(start_addr &#43; 2, synthparams[i].cycle);
                                                          ^~~~~
/Users/alranel/Documents/git/arduino/arduino-testlib/cli-datadir/user/libraries/DRV2667/DRV2667.h:165:58: error: request for member &#39;envelop&#39; in &#39;*(synthparams &#43; ((sizetype)(((unsigned int)i) * 2)))&#39;, which is of non-class type &#39;const int&#39;
                     write(start_addr &#43; 3, synthparams[i].envelop);
                                                          ^~~~~~~
/Users/alranel/Documents/git/arduino/arduino-testlib/cli-datadir/user/libraries/DRV2667/DRV2667.h: At global scope:
/Users/alranel/Documents/git/arduino/arduino-testlib/cli-datadir/user/libraries/DRV2667/DRV2667.h:299:50: error: &#39;SynthChunk&#39; in namespace &#39;EmbeddedDevices::DRV2667&#39; does not name a type
 using DRV2667Effects = EmbeddedDevices::DRV2667::SynthChunk;
                                                  ^~~~~~~~~~
/Users/alranel/Documents/git/arduino/arduino-testlib/cli-datadir/user/libraries/DRV2667/examples/example_continuous/example_continuous.ino:6:34: error: &#39;SynthChunk&#39; in namespace &#39;EmbeddedDevices::DRV2667&#39; does not name a type
 struct EmbeddedDevices::DRV2667::SynthChunk synth[2]
                                  ^~~~~~~~~~
/Users/alranel/Documents/git/arduino/arduino-testlib/cli-datadir/user/libraries/DRV2667/examples/example_continuous/example_continuous.ino:10:1: error: braces around scalar initializer for type &#39;int&#39;
 };
 ^
/Users/alranel/Documents/git/arduino/arduino-testlib/cli-datadir/user/libraries/DRV2667/examples/example_continuous/example_continuous.ino: In function &#39;void setup()&#39;:
/Users/alranel/Documents/git/arduino/arduino-testlib/cli-datadir/user/libraries/DRV2667/examples/example_continuous/example_continuous.ino:24:9: error: &#39;using DRV2667 = class EmbeddedDevices::DRV2667::DRV2667 {aka class EmbeddedDevices::DRV2667::DRV2667}&#39; has no member named &#39;begin&#39;
     drv.begin();
         ^~~~~
/Users/alranel/Documents/git/arduino/arduino-testlib/cli-datadir/user/libraries/DRV2667/examples/example_continuous/example_continuous.ino: In function &#39;void loop()&#39;:
/Users/alranel/Documents/git/arduino/arduino-testlib/cli-datadir/user/libraries/DRV2667/examples/example_continuous/example_continuous.ino:50:13: error: &#39;using DRV2667 = class EmbeddedDevices::DRV2667::DRV2667 {aka class EmbeddedDevices::DRV2667::DRV2667}&#39; has no member named &#39;amp&#39;
         drv.amp(0, 0, amp);
             ^~~

</pre>
					
					<h4>examples/example_uno</h4>
					<p>
						Result: <b>FAIL</b>
					</p>
					<pre class="pre-scrollable">In file included from /Users/alranel/Documents/git/arduino/arduino-testlib/cli-datadir/user/libraries/DRV2667/examples/example_uno/example_uno.ino:1:0:
/Users/alranel/Documents/git/arduino/arduino-testlib/cli-datadir/user/libraries/DRV2667/DRV2667.h:123:39: error: &#39;SynthChunk&#39; does not name a type
             void addSynthesizer(const SynthChunk* synthparams, const uint8_t size_of_synth)
                                       ^~~~~~~~~~
/Users/alranel/Documents/git/arduino/arduino-testlib/cli-datadir/user/libraries/DRV2667/DRV2667.h: In member function &#39;void EmbeddedDevices::DRV2667::DRV2667::addSynthesizer(const int*, uint8_t)&#39;:
/Users/alranel/Documents/git/arduino/arduino-testlib/cli-datadir/user/libraries/DRV2667/DRV2667.h:162:58: error: request for member &#39;amp&#39; in &#39;*(synthparams &#43; ((sizetype)(((unsigned int)i) * 2)))&#39;, which is of non-class type &#39;const int&#39;
                     write(start_addr &#43; 0, synthparams[i].amp);
                                                          ^~~
/Users/alranel/Documents/git/arduino/arduino-testlib/cli-datadir/user/libraries/DRV2667/DRV2667.h:163:58: error: request for member &#39;freq&#39; in &#39;*(synthparams &#43; ((sizetype)(((unsigned int)i) * 2)))&#39;, which is of non-class type &#39;const int&#39;
                     write(start_addr &#43; 1, synthparams[i].freq);
                                                          ^~~~
/Users/alranel/Documents/git/arduino/arduino-testlib/cli-datadir/user/libraries/DRV2667/DRV2667.h:164:58: error: request for member &#39;cycle&#39; in &#39;*(synthparams &#43; ((sizetype)(((unsigned int)i) * 2)))&#39;, which is of non-class type &#39;const int&#39;
                     write(start_addr &#43; 2, synthparams[i].cycle);
                                                          ^~~~~
/Users/alranel/Documents/git/arduino/arduino-testlib/cli-datadir/user/libraries/DRV2667/DRV2667.h:165:58: error: request for member &#39;envelop&#39; in &#39;*(synthparams &#43; ((sizetype)(((unsigned int)i) * 2)))&#39;, which is of non-class type &#39;const int&#39;
                     write(start_addr &#43; 3, synthparams[i].envelop);
                                                          ^~~~~~~
/Users/alranel/Documents/git/arduino/arduino-testlib/cli-datadir/user/libraries/DRV2667/DRV2667.h: At global scope:
/Users/alranel/Documents/git/arduino/arduino-testlib/cli-datadir/user/libraries/DRV2667/DRV2667.h:299:50: error: &#39;SynthChunk&#39; in namespace &#39;EmbeddedDevices::DRV2667&#39; does not name a type
 using DRV2667Effects = EmbeddedDevices::DRV2667::SynthChunk;
                                                  ^~~~~~~~~~
/Users/alranel/Documents/git/arduino/arduino-testlib/cli-datadir/user/libraries/DRV2667/examples/example_uno/example_uno.ino:5:34: error: &#39;SynthChunk&#39; in namespace &#39;EmbeddedDevices::DRV2667&#39; does not name a type
 struct EmbeddedDevices::DRV2667::SynthChunk synth[2]
                                  ^~~~~~~~~~
/Users/alranel/Documents/git/arduino/arduino-testlib/cli-datadir/user/libraries/DRV2667/examples/example_uno/example_uno.ino:9:1: error: braces around scalar initializer for type &#39;int&#39;
 };
 ^
/Users/alranel/Documents/git/arduino/arduino-testlib/cli-datadir/user/libraries/DRV2667/examples/example_uno/example_uno.ino: In function &#39;void setup()&#39;:
/Users/alranel/Documents/git/arduino/arduino-testlib/cli-datadir/user/libraries/DRV2667/examples/example_uno/example_uno.ino:15:9: error: &#39;using DRV2667 = class EmbeddedDevices::DRV2667::DRV2667 {aka class EmbeddedDevices::DRV2667::DRV2667}&#39; has no member named &#39;begin&#39;
     drv.begin();
         ^~~~~
/Users/alranel/Documents/git/arduino/arduino-testlib/cli-datadir/user/libraries/DRV2667/examples/example_uno/example_uno.ino:16:9: error: &#39;using DRV2667 = class EmbeddedDevices::DRV2667::DRV2667 {aka class EmbeddedDevices::DRV2667::DRV2667}&#39; has no member named &#39;setSynthsizer&#39;; did you mean &#39;addSynthesizer&#39;?
     drv.setSynthsizer(synth, 2);
         ^~~~~~~~~~~~~
         addSynthesizer

</pre>
					
				
				<h3 id="arduino:mbed_nano:nanorp2040connect">arduino:mbed_nano:nanorp2040connect @ 2.7.2</h3>
				<h4>Inclusion</h4>
				<p>
					Result: <b>PASS</b>
					
				</p>
				<pre class="pre-scrollable">Sketch uses 81706 bytes (0%) of program storage space. Maximum is 16777216 bytes.
Global variables use 44220 bytes (16%) of dynamic memory, leaving 226116 bytes for local variables. Maximum is 270336 bytes.
</pre>

					
					<h4>examples/example</h4>
					<p>
						Result: <b>FAIL</b>
					</p>
					<pre class="pre-scrollable">/home/ec2-user/arduino-testlib/cli-datadir/user/libraries/DRV2667/examples/example/example.ino: In function &#39;void setup()&#39;:
/home/ec2-user/arduino-testlib/cli-datadir/user/libraries/DRV2667/examples/example/example.ino:26:22: error: no matching function for call to &#39;arduino::MbedI2C::begin(int, int)&#39;
     Wire.begin(21, 22);
                      ^
In file included from /home/ec2-user/arduino-testlib/cli-datadir/user/libraries/DRV2667/DRV2667.h:5:0,
                 from /home/ec2-user/arduino-testlib/cli-datadir/user/libraries/DRV2667/examples/example/example.ino:3:
/home/ec2-user/arduino-testlib/cli-datadir/data/packages/arduino/hardware/mbed_nano/2.7.2/libraries/Wire/Wire.h:39:18: note: candidate: virtual void arduino::MbedI2C::begin()
     virtual void begin();
                  ^~~~~
/home/ec2-user/arduino-testlib/cli-datadir/data/packages/arduino/hardware/mbed_nano/2.7.2/libraries/Wire/Wire.h:39:18: note:   candidate expects 0 arguments, 2 provided
/home/ec2-user/arduino-testlib/cli-datadir/data/packages/arduino/hardware/mbed_nano/2.7.2/libraries/Wire/Wire.h:43:18: note: candidate: virtual void arduino::MbedI2C::begin(uint8_t)
     virtual void begin(uint8_t address);
                  ^~~~~
/home/ec2-user/arduino-testlib/cli-datadir/data/packages/arduino/hardware/mbed_nano/2.7.2/libraries/Wire/Wire.h:43:18: note:   candidate expects 1 argument, 2 provided
/home/ec2-user/arduino-testlib/cli-datadir/user/libraries/DRV2667/examples/example/example.ino:29:22: error: &#39;using DRV2667 = class EmbeddedDevices::DRV2667::DRV2667 {aka class EmbeddedDevices::DRV2667::DRV2667}&#39; has no member named &#39;getStatus&#39;; did you mean &#39;getI2CStatus&#39;?
     Serial.print(drv.getStatus());
                      ^~~~~~~~~
                      getI2CStatus
/home/ec2-user/arduino-testlib/cli-datadir/user/libraries/DRV2667/examples/example/example.ino:38:22: error: &#39;using DRV2667 = class EmbeddedDevices::DRV2667::DRV2667 {aka class EmbeddedDevices::DRV2667::DRV2667}&#39; has no member named &#39;getStatus&#39;; did you mean &#39;getI2CStatus&#39;?
     Serial.print(drv.getStatus());
                      ^~~~~~~~~
                      getI2CStatus
/home/ec2-user/arduino-testlib/cli-datadir/user/libraries/DRV2667/examples/example/example.ino:43:22: error: &#39;using DRV2667 = class EmbeddedDevices::DRV2667::DRV2667 {aka class EmbeddedDevices::DRV2667::DRV2667}&#39; has no member named &#39;getStatus&#39;; did you mean &#39;getI2CStatus&#39;?
     Serial.print(drv.getStatus());
                      ^~~~~~~~~
                      getI2CStatus
/home/ec2-user/arduino-testlib/cli-datadir/user/libraries/DRV2667/examples/example/example.ino:48:24: error: &#39;using DRV2667 = class EmbeddedDevices::DRV2667::DRV2667 {aka class EmbeddedDevices::DRV2667::DRV2667}&#39; has no member named &#39;getStatus&#39;; did you mean &#39;getI2CStatus&#39;?
     Serial.println(drv.getStatus());
                        ^~~~~~~~~
                        getI2CStatus
/home/ec2-user/arduino-testlib/cli-datadir/user/libraries/DRV2667/examples/example/example.ino: In function &#39;void loop()&#39;:
/home/ec2-user/arduino-testlib/cli-datadir/user/libraries/DRV2667/examples/example/example.ino:59:24: error: &#39;using DRV2667 = class EmbeddedDevices::DRV2667::DRV2667 {aka class EmbeddedDevices::DRV2667::DRV2667}&#39; has no member named &#39;getStatus&#39;; did you mean &#39;getI2CStatus&#39;?
     Serial.println(drv.getStatus());
                        ^~~~~~~~~
                        getI2CStatus

</pre>
					
					<h4>examples/example_analog</h4>
					<p>
						Result: <b>FAIL</b>
					</p>
					<pre class="pre-scrollable">/home/ec2-user/arduino-testlib/cli-datadir/user/libraries/DRV2667/examples/example_analog/example_analog.ino: In function &#39;void dacSquare(int, uint8_t, float)&#39;:
/home/ec2-user/arduino-testlib/cli-datadir/user/libraries/DRV2667/examples/example_analog/example_analog.ino:20:5: error: &#39;dacWrite&#39; was not declared in this scope
     dacWrite(pin, (is_dac_high ? vol : 0));
     ^~~~~~~~
/home/ec2-user/arduino-testlib/cli-datadir/user/libraries/DRV2667/examples/example_analog/example_analog.ino:20:5: note: suggested alternative: &#39;bitWrite&#39;
     dacWrite(pin, (is_dac_high ? vol : 0));
     ^~~~~~~~
     bitWrite
/home/ec2-user/arduino-testlib/cli-datadir/user/libraries/DRV2667/examples/example_analog/example_analog.ino: In function &#39;void setup()&#39;:
/home/ec2-user/arduino-testlib/cli-datadir/user/libraries/DRV2667/examples/example_analog/example_analog.ino:27:9: error: &#39;using DRV2667 = class EmbeddedDevices::DRV2667::DRV2667 {aka class EmbeddedDevices::DRV2667::DRV2667}&#39; has no member named &#39;begin&#39;
     drv.begin();
         ^~~~~

</pre>
					
					<h4>examples/example_continuous</h4>
					<p>
						Result: <b>FAIL</b>
					</p>
					<pre class="pre-scrollable">/home/ec2-user/arduino-testlib/cli-datadir/user/libraries/DRV2667/examples/example_continuous/example_continuous.ino: In function &#39;void setup()&#39;:
/home/ec2-user/arduino-testlib/cli-datadir/user/libraries/DRV2667/examples/example_continuous/example_continuous.ino:24:9: error: &#39;using DRV2667 = class EmbeddedDevices::DRV2667::DRV2667 {aka class EmbeddedDevices::DRV2667::DRV2667}&#39; has no member named &#39;begin&#39;
     drv.begin();
         ^~~~~

</pre>
					
					<h4>examples/example_uno</h4>
					<p>
						Result: <b>FAIL</b>
					</p>
					<pre class="pre-scrollable">/home/ec2-user/arduino-testlib/cli-datadir/user/libraries/DRV2667/examples/example_uno/example_uno.ino:5:34: error: &#39;SynthChunk&#39; in namespace &#39;EmbeddedDevices::DRV2667&#39; does not name a type
 struct EmbeddedDevices::DRV2667::SynthChunk synth[2]
                                  ^~~~~~~~~~
/home/ec2-user/arduino-testlib/cli-datadir/user/libraries/DRV2667/examples/example_uno/example_uno.ino:9:1: error: braces around scalar initializer for type &#39;int&#39;
 };
 ^
/home/ec2-user/arduino-testlib/cli-datadir/user/libraries/DRV2667/examples/example_uno/example_uno.ino: In function &#39;void setup()&#39;:
/home/ec2-user/arduino-testlib/cli-datadir/user/libraries/DRV2667/examples/example_uno/example_uno.ino:15:9: error: &#39;using DRV2667 = class EmbeddedDevices::DRV2667::DRV2667 {aka class EmbeddedDevices::DRV2667::DRV2667}&#39; has no member named &#39;begin&#39;
     drv.begin();
         ^~~~~
/home/ec2-user/arduino-testlib/cli-datadir/user/libraries/DRV2667/examples/example_uno/example_uno.ino:16:9: error: &#39;using DRV2667 = class EmbeddedDevices::DRV2667::DRV2667 {aka class EmbeddedDevices::DRV2667::DRV2667}&#39; has no member named &#39;setSynthsizer&#39;; did you mean &#39;addSynthesizer&#39;?
     drv.setSynthsizer(synth, 2);
         ^~~~~~~~~~~~~
         addSynthesizer

</pre>
					
				
				<h3 id="arduino:megaavr:nona4809">arduino:megaavr:nona4809 @ 1.8.7</h3>
				<h4>Inclusion</h4>
				<p>
					Result: <b>FAIL</b>
					
				</p>
				<pre class="pre-scrollable">In file included from /tmp/arduino-testlib693745318/test/test.ino:1:0:
/home/ec2-user/arduino-testlib/cli-datadir/user/libraries/DRV2667/DRV2667.h:123:39: error: &#39;SynthChunk&#39; does not name a type
             void addSynthesizer(const SynthChunk* synthparams, const uint8_t size_of_synth)
                                       ^~~~~~~~~~
/home/ec2-user/arduino-testlib/cli-datadir/user/libraries/DRV2667/DRV2667.h: In member function &#39;void EmbeddedDevices::DRV2667::DRV2667::addSynthesizer(const int*, uint8_t)&#39;:
/home/ec2-user/arduino-testlib/cli-datadir/user/libraries/DRV2667/DRV2667.h:162:58: error: request for member &#39;amp&#39; in &#39;*(synthparams &#43; ((sizetype)(((unsigned int)i) * 2)))&#39;, which is of non-class type &#39;const int&#39;
                     write(start_addr &#43; 0, synthparams[i].amp);
                                                          ^~~
/home/ec2-user/arduino-testlib/cli-datadir/user/libraries/DRV2667/DRV2667.h:163:58: error: request for member &#39;freq&#39; in &#39;*(synthparams &#43; ((sizetype)(((unsigned int)i) * 2)))&#39;, which is of non-class type &#39;const int&#39;
                     write(start_addr &#43; 1, synthparams[i].freq);
                                                          ^~~~
/home/ec2-user/arduino-testlib/cli-datadir/user/libraries/DRV2667/DRV2667.h:164:58: error: request for member &#39;cycle&#39; in &#39;*(synthparams &#43; ((sizetype)(((unsigned int)i) * 2)))&#39;, which is of non-class type &#39;const int&#39;
                     write(start_addr &#43; 2, synthparams[i].cycle);
                                                          ^~~~~
/home/ec2-user/arduino-testlib/cli-datadir/user/libraries/DRV2667/DRV2667.h:165:58: error: request for member &#39;envelop&#39; in &#39;*(synthparams &#43; ((sizetype)(((unsigned int)i) * 2)))&#39;, which is of non-class type &#39;const int&#39;
                     write(start_addr &#43; 3, synthparams[i].envelop);
                                                          ^~~~~~~
In file included from /home/ec2-user/arduino-testlib/cli-datadir/user/libraries/DRV2667/DRV2667.h:5:0,
                 from /tmp/arduino-testlib693745318/test/test.ino:1:
/home/ec2-user/arduino-testlib/cli-datadir/data/packages/arduino/hardware/megaavr/1.8.7/libraries/Wire/src/Wire.h: In member function &#39;uint16_t EmbeddedDevices::DRV2667::DRV2667::read(uint8_t)&#39;:
/home/ec2-user/arduino-testlib/cli-datadir/data/packages/arduino/hardware/megaavr/1.8.7/libraries/Wire/src/Wire.h:63:12: note: candidate 1: size_t TwoWire::requestFrom(int, int)
     size_t requestFrom(int, int);
            ^~~~~~~~~~~
/home/ec2-user/arduino-testlib/cli-datadir/data/packages/arduino/hardware/megaavr/1.8.7/libraries/Wire/src/Wire.h:61:12: note: candidate 2: virtual size_t TwoWire::requestFrom(uint8_t, size_t)
     size_t requestFrom(uint8_t, size_t);
            ^~~~~~~~~~~
In file included from /tmp/arduino-testlib693745318/test/test.ino:1:0:
/home/ec2-user/arduino-testlib/cli-datadir/user/libraries/DRV2667/DRV2667.h: At global scope:
/home/ec2-user/arduino-testlib/cli-datadir/user/libraries/DRV2667/DRV2667.h:299:50: error: &#39;SynthChunk&#39; in namespace &#39;EmbeddedDevices::DRV2667&#39; does not name a type
 using DRV2667Effects = EmbeddedDevices::DRV2667::SynthChunk;
                                                  ^~~~~~~~~~

</pre>

					
					<h4>examples/example</h4>
					<p>
						Result: <b>FAIL</b>
					</p>
					<pre class="pre-scrollable">In file included from /home/ec2-user/arduino-testlib/cli-datadir/user/libraries/DRV2667/examples/example/example.ino:3:0:
/home/ec2-user/arduino-testlib/cli-datadir/user/libraries/DRV2667/DRV2667.h:123:39: error: &#39;SynthChunk&#39; does not name a type
             void addSynthesizer(const SynthChunk* synthparams, const uint8_t size_of_synth)
                                       ^~~~~~~~~~
/home/ec2-user/arduino-testlib/cli-datadir/user/libraries/DRV2667/DRV2667.h: In member function &#39;void EmbeddedDevices::DRV2667::DRV2667::addSynthesizer(const int*, uint8_t)&#39;:
/home/ec2-user/arduino-testlib/cli-datadir/user/libraries/DRV2667/DRV2667.h:162:58: error: request for member &#39;amp&#39; in &#39;*(synthparams &#43; ((sizetype)(((unsigned int)i) * 2)))&#39;, which is of non-class type &#39;const int&#39;
                     write(start_addr &#43; 0, synthparams[i].amp);
                                                          ^~~
/home/ec2-user/arduino-testlib/cli-datadir/user/libraries/DRV2667/DRV2667.h:163:58: error: request for member &#39;freq&#39; in &#39;*(synthparams &#43; ((sizetype)(((unsigned int)i) * 2)))&#39;, which is of non-class type &#39;const int&#39;
                     write(start_addr &#43; 1, synthparams[i].freq);
                                                          ^~~~
/home/ec2-user/arduino-testlib/cli-datadir/user/libraries/DRV2667/DRV2667.h:164:58: error: request for member &#39;cycle&#39; in &#39;*(synthparams &#43; ((sizetype)(((unsigned int)i) * 2)))&#39;, which is of non-class type &#39;const int&#39;
                     write(start_addr &#43; 2, synthparams[i].cycle);
                                                          ^~~~~
/home/ec2-user/arduino-testlib/cli-datadir/user/libraries/DRV2667/DRV2667.h:165:58: error: request for member &#39;envelop&#39; in &#39;*(synthparams &#43; ((sizetype)(((unsigned int)i) * 2)))&#39;, which is of non-class type &#39;const int&#39;
                     write(start_addr &#43; 3, synthparams[i].envelop);
                                                          ^~~~~~~
In file included from /home/ec2-user/arduino-testlib/cli-datadir/user/libraries/DRV2667/DRV2667.h:5:0,
                 from /home/ec2-user/arduino-testlib/cli-datadir/user/libraries/DRV2667/examples/example/example.ino:3:
/home/ec2-user/arduino-testlib/cli-datadir/data/packages/arduino/hardware/megaavr/1.8.7/libraries/Wire/src/Wire.h: In member function &#39;uint16_t EmbeddedDevices::DRV2667::DRV2667::read(uint8_t)&#39;:
/home/ec2-user/arduino-testlib/cli-datadir/data/packages/arduino/hardware/megaavr/1.8.7/libraries/Wire/src/Wire.h:63:12: note: candidate 1: size_t TwoWire::requestFrom(int, int)
     size_t requestFrom(int, int);
            ^~~~~~~~~~~
/home/ec2-user/arduino-testlib/cli-datadir/data/packages/arduino/hardware/megaavr/1.8.7/libraries/Wire/src/Wire.h:61:12: note: candidate 2: virtual size_t TwoWire::requestFrom(uint8_t, size_t)
     size_t requestFrom(uint8_t, size_t);
            ^~~~~~~~~~~
In file included from /home/ec2-user/arduino-testlib/cli-datadir/user/libraries/DRV2667/examples/example/example.ino:3:0:
/home/ec2-user/arduino-testlib/cli-datadir/user/libraries/DRV2667/DRV2667.h: At global scope:
/home/ec2-user/arduino-testlib/cli-datadir/user/libraries/DRV2667/DRV2667.h:299:50: error: &#39;SynthChunk&#39; in namespace &#39;EmbeddedDevices::DRV2667&#39; does not name a type
 using DRV2667Effects = EmbeddedDevices::DRV2667::SynthChunk;
                                                  ^~~~~~~~~~
/home/ec2-user/arduino-testlib/cli-datadir/user/libraries/DRV2667/examples/example/example.ino:8:34: error: &#39;SynthChunk&#39; in namespace &#39;EmbeddedDevices::DRV2667&#39; does not name a type
 struct EmbeddedDevices::DRV2667::SynthChunk synth[2]
                                  ^~~~~~~~~~
/home/ec2-user/arduino-testlib/cli-datadir/user/libraries/DRV2667/examples/example/example.ino:12:1: error: braces around scalar initializer for type &#39;int&#39;
 };
 ^
/home/ec2-user/arduino-testlib/cli-datadir/user/libraries/DRV2667/examples/example/example.ino: In function &#39;void setup()&#39;:
/home/ec2-user/arduino-testlib/cli-datadir/user/libraries/DRV2667/examples/example/example.ino:26:22: error: no matching function for call to &#39;TwoWire::begin(int, int)&#39;
     Wire.begin(21, 22);
                      ^
In file included from /home/ec2-user/arduino-testlib/cli-datadir/user/libraries/DRV2667/DRV2667.h:5:0,
                 from /home/ec2-user/arduino-testlib/cli-datadir/user/libraries/DRV2667/examples/example/example.ino:3:
/home/ec2-user/arduino-testlib/cli-datadir/data/packages/arduino/hardware/megaavr/1.8.7/libraries/Wire/src/Wire.h:52:10: note: candidate: virtual void TwoWire::begin()
     void begin();
          ^~~~~
/home/ec2-user/arduino-testlib/cli-datadir/data/packages/arduino/hardware/megaavr/1.8.7/libraries/Wire/src/Wire.h:52:10: note:   candidate expects 0 arguments, 2 provided
/home/ec2-user/arduino-testlib/cli-datadir/data/packages/arduino/hardware/megaavr/1.8.7/libraries/Wire/src/Wire.h:53:10: note: candidate: virtual void TwoWire::begin(uint8_t)
     void begin(uint8_t);
          ^~~~~
/home/ec2-user/arduino-testlib/cli-datadir/data/packages/arduino/hardware/megaavr/1.8.7/libraries/Wire/src/Wire.h:53:10: note:   candidate expects 1 argument, 2 provided
/home/ec2-user/arduino-testlib/cli-datadir/data/packages/arduino/hardware/megaavr/1.8.7/libraries/Wire/src/Wire.h:54:10: note: candidate: void TwoWire::begin(int)
     void begin(int);
          ^~~~~
/home/ec2-user/arduino-testlib/cli-datadir/data/packages/arduino/hardware/megaavr/1.8.7/libraries/Wire/src/Wire.h:54:10: note:   candidate expects 1 argument, 2 provided
/home/ec2-user/arduino-testlib/cli-datadir/user/libraries/DRV2667/examples/example/example.ino:29:22: error: &#39;using DRV2667 = class EmbeddedDevices::DRV2667::DRV2667 {aka class EmbeddedDevices::DRV2667::DRV2667}&#39; has no member named &#39;getStatus&#39;; did you mean &#39;getI2CStatus&#39;?
     Serial.print(drv.getStatus());
                      ^~~~~~~~~
                      getI2CStatus
/home/ec2-user/arduino-testlib/cli-datadir/user/libraries/DRV2667/examples/example/example.ino:38:22: error: &#39;using DRV2667 = class EmbeddedDevices::DRV2667::DRV2667 {aka class EmbeddedDevices::DRV2667::DRV2667}&#39; has no member named &#39;getStatus&#39;; did you mean &#39;getI2CStatus&#39;?
     Serial.print(drv.getStatus());
                      ^~~~~~~~~
                      getI2CStatus
/home/ec2-user/arduino-testlib/cli-datadir/user/libraries/DRV2667/examples/example/example.ino:43:22: error: &#39;using DRV2667 = class EmbeddedDevices::DRV2667::DRV2667 {aka class EmbeddedDevices::DRV2667::DRV2667}&#39; has no member named &#39;getStatus&#39;; did you mean &#39;getI2CStatus&#39;?
     Serial.print(drv.getStatus());
                      ^~~~~~~~~
                      getI2CStatus
/home/ec2-user/arduino-testlib/cli-datadir/user/libraries/DRV2667/examples/example/example.ino:48:24: error: &#39;using DRV2667 = class EmbeddedDevices::DRV2667::DRV2667 {aka class EmbeddedDevices::DRV2667::DRV2667}&#39; has no member named &#39;getStatus&#39;; did you mean &#39;getI2CStatus&#39;?
     Serial.println(drv.getStatus());
                        ^~~~~~~~~
                        getI2CStatus
/home/ec2-user/arduino-testlib/cli-datadir/user/libraries/DRV2667/examples/example/example.ino: In function &#39;void loop()&#39;:
/home/ec2-user/arduino-testlib/cli-datadir/user/libraries/DRV2667/examples/example/example.ino:59:24: error: &#39;using DRV2667 = class EmbeddedDevices::DRV2667::DRV2667 {aka class EmbeddedDevices::DRV2667::DRV2667}&#39; has no member named &#39;getStatus&#39;; did you mean &#39;getI2CStatus&#39;?
     Serial.println(drv.getStatus());
                        ^~~~~~~~~
                        getI2CStatus

</pre>
					
					<h4>examples/example_analog</h4>
					<p>
						Result: <b>FAIL</b>
					</p>
					<pre class="pre-scrollable">In file included from /home/ec2-user/arduino-testlib/cli-datadir/user/libraries/DRV2667/examples/example_analog/example_analog.ino:1:0:
/home/ec2-user/arduino-testlib/cli-datadir/user/libraries/DRV2667/DRV2667.h:123:39: error: &#39;SynthChunk&#39; does not name a type
             void addSynthesizer(const SynthChunk* synthparams, const uint8_t size_of_synth)
                                       ^~~~~~~~~~
/home/ec2-user/arduino-testlib/cli-datadir/user/libraries/DRV2667/DRV2667.h: In member function &#39;void EmbeddedDevices::DRV2667::DRV2667::addSynthesizer(const int*, uint8_t)&#39;:
/home/ec2-user/arduino-testlib/cli-datadir/user/libraries/DRV2667/DRV2667.h:162:58: error: request for member &#39;amp&#39; in &#39;*(synthparams &#43; ((sizetype)(((unsigned int)i) * 2)))&#39;, which is of non-class type &#39;const int&#39;
                     write(start_addr &#43; 0, synthparams[i].amp);
                                                          ^~~
/home/ec2-user/arduino-testlib/cli-datadir/user/libraries/DRV2667/DRV2667.h:163:58: error: request for member &#39;freq&#39; in &#39;*(synthparams &#43; ((sizetype)(((unsigned int)i) * 2)))&#39;, which is of non-class type &#39;const int&#39;
                     write(start_addr &#43; 1, synthparams[i].freq);
                                                          ^~~~
/home/ec2-user/arduino-testlib/cli-datadir/user/libraries/DRV2667/DRV2667.h:164:58: error: request for member &#39;cycle&#39; in &#39;*(synthparams &#43; ((sizetype)(((unsigned int)i) * 2)))&#39;, which is of non-class type &#39;const int&#39;
                     write(start_addr &#43; 2, synthparams[i].cycle);
                                                          ^~~~~
/home/ec2-user/arduino-testlib/cli-datadir/user/libraries/DRV2667/DRV2667.h:165:58: error: request for member &#39;envelop&#39; in &#39;*(synthparams &#43; ((sizetype)(((unsigned int)i) * 2)))&#39;, which is of non-class type &#39;const int&#39;
                     write(start_addr &#43; 3, synthparams[i].envelop);
                                                          ^~~~~~~
In file included from /home/ec2-user/arduino-testlib/cli-datadir/user/libraries/DRV2667/DRV2667.h:5:0,
                 from /home/ec2-user/arduino-testlib/cli-datadir/user/libraries/DRV2667/examples/example_analog/example_analog.ino:1:
/home/ec2-user/arduino-testlib/cli-datadir/data/packages/arduino/hardware/megaavr/1.8.7/libraries/Wire/src/Wire.h: In member function &#39;uint16_t EmbeddedDevices::DRV2667::DRV2667::read(uint8_t)&#39;:
/home/ec2-user/arduino-testlib/cli-datadir/data/packages/arduino/hardware/megaavr/1.8.7/libraries/Wire/src/Wire.h:63:12: note: candidate 1: size_t TwoWire::requestFrom(int, int)
     size_t requestFrom(int, int);
            ^~~~~~~~~~~
/home/ec2-user/arduino-testlib/cli-datadir/data/packages/arduino/hardware/megaavr/1.8.7/libraries/Wire/src/Wire.h:61:12: note: candidate 2: virtual size_t TwoWire::requestFrom(uint8_t, size_t)
     size_t requestFrom(uint8_t, size_t);
            ^~~~~~~~~~~
In file included from /home/ec2-user/arduino-testlib/cli-datadir/user/libraries/DRV2667/examples/example_analog/example_analog.ino:1:0:
/home/ec2-user/arduino-testlib/cli-datadir/user/libraries/DRV2667/DRV2667.h: At global scope:
/home/ec2-user/arduino-testlib/cli-datadir/user/libraries/DRV2667/DRV2667.h:299:50: error: &#39;SynthChunk&#39; in namespace &#39;EmbeddedDevices::DRV2667&#39; does not name a type
 using DRV2667Effects = EmbeddedDevices::DRV2667::SynthChunk;
                                                  ^~~~~~~~~~
/home/ec2-user/arduino-testlib/cli-datadir/user/libraries/DRV2667/examples/example_analog/example_analog.ino: In function &#39;void dacSquare(int, uint8_t, float)&#39;:
/home/ec2-user/arduino-testlib/cli-datadir/user/libraries/DRV2667/examples/example_analog/example_analog.ino:20:5: error: &#39;dacWrite&#39; was not declared in this scope
     dacWrite(pin, (is_dac_high ? vol : 0));
     ^~~~~~~~
/home/ec2-user/arduino-testlib/cli-datadir/user/libraries/DRV2667/examples/example_analog/example_analog.ino:20:5: note: suggested alternative: &#39;bitWrite&#39;
     dacWrite(pin, (is_dac_high ? vol : 0));
     ^~~~~~~~
     bitWrite
/home/ec2-user/arduino-testlib/cli-datadir/user/libraries/DRV2667/examples/example_analog/example_analog.ino: In function &#39;void setup()&#39;:
/home/ec2-user/arduino-testlib/cli-datadir/user/libraries/DRV2667/examples/example_analog/example_analog.ino:27:9: error: &#39;using DRV2667 = class EmbeddedDevices::DRV2667::DRV2667 {aka class EmbeddedDevices::DRV2667::DRV2667}&#39; has no member named &#39;begin&#39;
     drv.begin();
         ^~~~~

</pre>
					
					<h4>examples/example_continuous</h4>
					<p>
						Result: <b>FAIL</b>
					</p>
					<pre class="pre-scrollable">In file included from /home/ec2-user/arduino-testlib/cli-datadir/user/libraries/DRV2667/examples/example_continuous/example_continuous.ino:1:0:
/home/ec2-user/arduino-testlib/cli-datadir/user/libraries/DRV2667/DRV2667.h:123:39: error: &#39;SynthChunk&#39; does not name a type
             void addSynthesizer(const SynthChunk* synthparams, const uint8_t size_of_synth)
                                       ^~~~~~~~~~
/home/ec2-user/arduino-testlib/cli-datadir/user/libraries/DRV2667/DRV2667.h: In member function &#39;void EmbeddedDevices::DRV2667::DRV2667::addSynthesizer(const int*, uint8_t)&#39;:
/home/ec2-user/arduino-testlib/cli-datadir/user/libraries/DRV2667/DRV2667.h:162:58: error: request for member &#39;amp&#39; in &#39;*(synthparams &#43; ((sizetype)(((unsigned int)i) * 2)))&#39;, which is of non-class type &#39;const int&#39;
                     write(start_addr &#43; 0, synthparams[i].amp);
                                                          ^~~
/home/ec2-user/arduino-testlib/cli-datadir/user/libraries/DRV2667/DRV2667.h:163:58: error: request for member &#39;freq&#39; in &#39;*(synthparams &#43; ((sizetype)(((unsigned int)i) * 2)))&#39;, which is of non-class type &#39;const int&#39;
                     write(start_addr &#43; 1, synthparams[i].freq);
                                                          ^~~~
/home/ec2-user/arduino-testlib/cli-datadir/user/libraries/DRV2667/DRV2667.h:164:58: error: request for member &#39;cycle&#39; in &#39;*(synthparams &#43; ((sizetype)(((unsigned int)i) * 2)))&#39;, which is of non-class type &#39;const int&#39;
                     write(start_addr &#43; 2, synthparams[i].cycle);
                                                          ^~~~~
/home/ec2-user/arduino-testlib/cli-datadir/user/libraries/DRV2667/DRV2667.h:165:58: error: request for member &#39;envelop&#39; in &#39;*(synthparams &#43; ((sizetype)(((unsigned int)i) * 2)))&#39;, which is of non-class type &#39;const int&#39;
                     write(start_addr &#43; 3, synthparams[i].envelop);
                                                          ^~~~~~~
In file included from /home/ec2-user/arduino-testlib/cli-datadir/user/libraries/DRV2667/DRV2667.h:5:0,
                 from /home/ec2-user/arduino-testlib/cli-datadir/user/libraries/DRV2667/examples/example_continuous/example_continuous.ino:1:
/home/ec2-user/arduino-testlib/cli-datadir/data/packages/arduino/hardware/megaavr/1.8.7/libraries/Wire/src/Wire.h: In member function &#39;uint16_t EmbeddedDevices::DRV2667::DRV2667::read(uint8_t)&#39;:
/home/ec2-user/arduino-testlib/cli-datadir/data/packages/arduino/hardware/megaavr/1.8.7/libraries/Wire/src/Wire.h:63:12: note: candidate 1: size_t TwoWire::requestFrom(int, int)
     size_t requestFrom(int, int);
            ^~~~~~~~~~~
/home/ec2-user/arduino-testlib/cli-datadir/data/packages/arduino/hardware/megaavr/1.8.7/libraries/Wire/src/Wire.h:61:12: note: candidate 2: virtual size_t TwoWire::requestFrom(uint8_t, size_t)
     size_t requestFrom(uint8_t, size_t);
            ^~~~~~~~~~~
In file included from /home/ec2-user/arduino-testlib/cli-datadir/user/libraries/DRV2667/examples/example_continuous/example_continuous.ino:1:0:
/home/ec2-user/arduino-testlib/cli-datadir/user/libraries/DRV2667/DRV2667.h: At global scope:
/home/ec2-user/arduino-testlib/cli-datadir/user/libraries/DRV2667/DRV2667.h:299:50: error: &#39;SynthChunk&#39; in namespace &#39;EmbeddedDevices::DRV2667&#39; does not name a type
 using DRV2667Effects = EmbeddedDevices::DRV2667::SynthChunk;
                                                  ^~~~~~~~~~
/home/ec2-user/arduino-testlib/cli-datadir/user/libraries/DRV2667/examples/example_continuous/example_continuous.ino:6:34: error: &#39;SynthChunk&#39; in namespace &#39;EmbeddedDevices::DRV2667&#39; does not name a type
 struct EmbeddedDevices::DRV2667::SynthChunk synth[2]
                                  ^~~~~~~~~~
/home/ec2-user/arduino-testlib/cli-datadir/user/libraries/DRV2667/examples/example_continuous/example_continuous.ino:10:1: error: braces around scalar initializer for type &#39;int&#39;
 };
 ^
/home/ec2-user/arduino-testlib/cli-datadir/user/libraries/DRV2667/examples/example_continuous/example_continuous.ino: In function &#39;void setup()&#39;:
/home/ec2-user/arduino-testlib/cli-datadir/user/libraries/DRV2667/examples/example_continuous/example_continuous.ino:24:9: error: &#39;using DRV2667 = class EmbeddedDevices::DRV2667::DRV2667 {aka class EmbeddedDevices::DRV2667::DRV2667}&#39; has no member named &#39;begin&#39;
     drv.begin();
         ^~~~~
/home/ec2-user/arduino-testlib/cli-datadir/user/libraries/DRV2667/examples/example_continuous/example_continuous.ino: In function &#39;void loop()&#39;:
/home/ec2-user/arduino-testlib/cli-datadir/user/libraries/DRV2667/examples/example_continuous/example_continuous.ino:50:13: error: &#39;using DRV2667 = class EmbeddedDevices::DRV2667::DRV2667 {aka class EmbeddedDevices::DRV2667::DRV2667}&#39; has no member named &#39;amp&#39;
         drv.amp(0, 0, amp);
             ^~~

</pre>
					
					<h4>examples/example_uno</h4>
					<p>
						Result: <b>FAIL</b>
					</p>
					<pre class="pre-scrollable">In file included from /home/ec2-user/arduino-testlib/cli-datadir/user/libraries/DRV2667/examples/example_uno/example_uno.ino:1:0:
/home/ec2-user/arduino-testlib/cli-datadir/user/libraries/DRV2667/DRV2667.h:123:39: error: &#39;SynthChunk&#39; does not name a type
             void addSynthesizer(const SynthChunk* synthparams, const uint8_t size_of_synth)
                                       ^~~~~~~~~~
/home/ec2-user/arduino-testlib/cli-datadir/user/libraries/DRV2667/DRV2667.h: In member function &#39;void EmbeddedDevices::DRV2667::DRV2667::addSynthesizer(const int*, uint8_t)&#39;:
/home/ec2-user/arduino-testlib/cli-datadir/user/libraries/DRV2667/DRV2667.h:162:58: error: request for member &#39;amp&#39; in &#39;*(synthparams &#43; ((sizetype)(((unsigned int)i) * 2)))&#39;, which is of non-class type &#39;const int&#39;
                     write(start_addr &#43; 0, synthparams[i].amp);
                                                          ^~~
/home/ec2-user/arduino-testlib/cli-datadir/user/libraries/DRV2667/DRV2667.h:163:58: error: request for member &#39;freq&#39; in &#39;*(synthparams &#43; ((sizetype)(((unsigned int)i) * 2)))&#39;, which is of non-class type &#39;const int&#39;
                     write(start_addr &#43; 1, synthparams[i].freq);
                                                          ^~~~
/home/ec2-user/arduino-testlib/cli-datadir/user/libraries/DRV2667/DRV2667.h:164:58: error: request for member &#39;cycle&#39; in &#39;*(synthparams &#43; ((sizetype)(((unsigned int)i) * 2)))&#39;, which is of non-class type &#39;const int&#39;
                     write(start_addr &#43; 2, synthparams[i].cycle);
                                                          ^~~~~
/home/ec2-user/arduino-testlib/cli-datadir/user/libraries/DRV2667/DRV2667.h:165:58: error: request for member &#39;envelop&#39; in &#39;*(synthparams &#43; ((sizetype)(((unsigned int)i) * 2)))&#39;, which is of non-class type &#39;const int&#39;
                     write(start_addr &#43; 3, synthparams[i].envelop);
                                                          ^~~~~~~
In file included from /home/ec2-user/arduino-testlib/cli-datadir/user/libraries/DRV2667/DRV2667.h:5:0,
                 from /home/ec2-user/arduino-testlib/cli-datadir/user/libraries/DRV2667/examples/example_uno/example_uno.ino:1:
/home/ec2-user/arduino-testlib/cli-datadir/data/packages/arduino/hardware/megaavr/1.8.7/libraries/Wire/src/Wire.h: In member function &#39;uint16_t EmbeddedDevices::DRV2667::DRV2667::read(uint8_t)&#39;:
/home/ec2-user/arduino-testlib/cli-datadir/data/packages/arduino/hardware/megaavr/1.8.7/libraries/Wire/src/Wire.h:63:12: note: candidate 1: size_t TwoWire::requestFrom(int, int)
     size_t requestFrom(int, int);
            ^~~~~~~~~~~
/home/ec2-user/arduino-testlib/cli-datadir/data/packages/arduino/hardware/megaavr/1.8.7/libraries/Wire/src/Wire.h:61:12: note: candidate 2: virtual size_t TwoWire::requestFrom(uint8_t, size_t)
     size_t requestFrom(uint8_t, size_t);
            ^~~~~~~~~~~
In file included from /home/ec2-user/arduino-testlib/cli-datadir/user/libraries/DRV2667/examples/example_uno/example_uno.ino:1:0:
/home/ec2-user/arduino-testlib/cli-datadir/user/libraries/DRV2667/DRV2667.h: At global scope:
/home/ec2-user/arduino-testlib/cli-datadir/user/libraries/DRV2667/DRV2667.h:299:50: error: &#39;SynthChunk&#39; in namespace &#39;EmbeddedDevices::DRV2667&#39; does not name a type
 using DRV2667Effects = EmbeddedDevices::DRV2667::SynthChunk;
                                                  ^~~~~~~~~~
/home/ec2-user/arduino-testlib/cli-datadir/user/libraries/DRV2667/examples/example_uno/example_uno.ino:5:34: error: &#39;SynthChunk&#39; in namespace &#39;EmbeddedDevices::DRV2667&#39; does not name a type
 struct EmbeddedDevices::DRV2667::SynthChunk synth[2]
                                  ^~~~~~~~~~
/home/ec2-user/arduino-testlib/cli-datadir/user/libraries/DRV2667/examples/example_uno/example_uno.ino:9:1: error: braces around scalar initializer for type &#39;int&#39;
 };
 ^
/home/ec2-user/arduino-testlib/cli-datadir/user/libraries/DRV2667/examples/example_uno/example_uno.ino: In function &#39;void setup()&#39;:
/home/ec2-user/arduino-testlib/cli-datadir/user/libraries/DRV2667/examples/example_uno/example_uno.ino:15:9: error: &#39;using DRV2667 = class EmbeddedDevices::DRV2667::DRV2667 {aka class EmbeddedDevices::DRV2667::DRV2667}&#39; has no member named &#39;begin&#39;
     drv.begin();
         ^~~~~
/home/ec2-user/arduino-testlib/cli-datadir/user/libraries/DRV2667/examples/example_uno/example_uno.ino:16:9: error: &#39;using DRV2667 = class EmbeddedDevices::DRV2667::DRV2667 {aka class EmbeddedDevices::DRV2667::DRV2667}&#39; has no member named &#39;setSynthsizer&#39;; did you mean &#39;addSynthesizer&#39;?
     drv.setSynthsizer(synth, 2);
         ^~~~~~~~~~~~~
         addSynthesizer

</pre>
					
				
				<h3 id="arduino:samd:mkrwifi1010">arduino:samd:mkrwifi1010 @ 1.8.12</h3>
				<h4>Inclusion</h4>
				<p>
					Result: <b>PASS</b>
					
				</p>
				<pre class="pre-scrollable">Sketch uses 13588 bytes (5%) of program storage space. Maximum is 262144 bytes.
Global variables use 3568 bytes (10%) of dynamic memory, leaving 29200 bytes for local variables. Maximum is 32768 bytes.
</pre>

					
					<h4>examples/example</h4>
					<p>
						Result: <b>FAIL</b>
					</p>
					<pre class="pre-scrollable">/Users/alranel/Documents/git/arduino/arduino-testlib/cli-datadir/user/libraries/DRV2667/examples/example/example.ino: In function &#39;void setup()&#39;:
/Users/alranel/Documents/git/arduino/arduino-testlib/cli-datadir/user/libraries/DRV2667/examples/example/example.ino:29:22: error: &#39;using DRV2667 = class EmbeddedDevices::DRV2667::DRV2667 {aka class EmbeddedDevices::DRV2667::DRV2667}&#39; has no member named &#39;getStatus&#39;; did you mean &#39;getI2CStatus&#39;?
     Serial.print(drv.getStatus());
                      ^~~~~~~~~
                      getI2CStatus
/Users/alranel/Documents/git/arduino/arduino-testlib/cli-datadir/user/libraries/DRV2667/examples/example/example.ino:38:22: error: &#39;using DRV2667 = class EmbeddedDevices::DRV2667::DRV2667 {aka class EmbeddedDevices::DRV2667::DRV2667}&#39; has no member named &#39;getStatus&#39;; did you mean &#39;getI2CStatus&#39;?
     Serial.print(drv.getStatus());
                      ^~~~~~~~~
                      getI2CStatus
/Users/alranel/Documents/git/arduino/arduino-testlib/cli-datadir/user/libraries/DRV2667/examples/example/example.ino:43:22: error: &#39;using DRV2667 = class EmbeddedDevices::DRV2667::DRV2667 {aka class EmbeddedDevices::DRV2667::DRV2667}&#39; has no member named &#39;getStatus&#39;; did you mean &#39;getI2CStatus&#39;?
     Serial.print(drv.getStatus());
                      ^~~~~~~~~
                      getI2CStatus
/Users/alranel/Documents/git/arduino/arduino-testlib/cli-datadir/user/libraries/DRV2667/examples/example/example.ino:48:24: error: &#39;using DRV2667 = class EmbeddedDevices::DRV2667::DRV2667 {aka class EmbeddedDevices::DRV2667::DRV2667}&#39; has no member named &#39;getStatus&#39;; did you mean &#39;getI2CStatus&#39;?
     Serial.println(drv.getStatus());
                        ^~~~~~~~~
                        getI2CStatus
/Users/alranel/Documents/git/arduino/arduino-testlib/cli-datadir/user/libraries/DRV2667/examples/example/example.ino: In function &#39;void loop()&#39;:
/Users/alranel/Documents/git/arduino/arduino-testlib/cli-datadir/user/libraries/DRV2667/examples/example/example.ino:59:24: error: &#39;using DRV2667 = class EmbeddedDevices::DRV2667::DRV2667 {aka class EmbeddedDevices::DRV2667::DRV2667}&#39; has no member named &#39;getStatus&#39;; did you mean &#39;getI2CStatus&#39;?
     Serial.println(drv.getStatus());
                        ^~~~~~~~~
                        getI2CStatus

</pre>
					
					<h4>examples/example_analog</h4>
					<p>
						Result: <b>FAIL</b>
					</p>
					<pre class="pre-scrollable">/Users/alranel/Documents/git/arduino/arduino-testlib/cli-datadir/user/libraries/DRV2667/examples/example_analog/example_analog.ino: In function &#39;void dacSquare(int, uint8_t, float)&#39;:
/Users/alranel/Documents/git/arduino/arduino-testlib/cli-datadir/user/libraries/DRV2667/examples/example_analog/example_analog.ino:20:5: error: &#39;dacWrite&#39; was not declared in this scope
     dacWrite(pin, (is_dac_high ? vol : 0));
     ^~~~~~~~
/Users/alranel/Documents/git/arduino/arduino-testlib/cli-datadir/user/libraries/DRV2667/examples/example_analog/example_analog.ino:20:5: note: suggested alternative: &#39;bitWrite&#39;
     dacWrite(pin, (is_dac_high ? vol : 0));
     ^~~~~~~~
     bitWrite
/Users/alranel/Documents/git/arduino/arduino-testlib/cli-datadir/user/libraries/DRV2667/examples/example_analog/example_analog.ino: In function &#39;void setup()&#39;:
/Users/alranel/Documents/git/arduino/arduino-testlib/cli-datadir/user/libraries/DRV2667/examples/example_analog/example_analog.ino:27:9: error: &#39;using DRV2667 = class EmbeddedDevices::DRV2667::DRV2667 {aka class EmbeddedDevices::DRV2667::DRV2667}&#39; has no member named &#39;begin&#39;
     drv.begin();
         ^~~~~

</pre>
					
					<h4>examples/example_continuous</h4>
					<p>
						Result: <b>FAIL</b>
					</p>
					<pre class="pre-scrollable">/Users/alranel/Documents/git/arduino/arduino-testlib/cli-datadir/user/libraries/DRV2667/examples/example_continuous/example_continuous.ino: In function &#39;void setup()&#39;:
/Users/alranel/Documents/git/arduino/arduino-testlib/cli-datadir/user/libraries/DRV2667/examples/example_continuous/example_continuous.ino:24:9: error: &#39;using DRV2667 = class EmbeddedDevices::DRV2667::DRV2667 {aka class EmbeddedDevices::DRV2667::DRV2667}&#39; has no member named &#39;begin&#39;
     drv.begin();
         ^~~~~

</pre>
					
					<h4>examples/example_uno</h4>
					<p>
						Result: <b>FAIL</b>
					</p>
					<pre class="pre-scrollable">/Users/alranel/Documents/git/arduino/arduino-testlib/cli-datadir/user/libraries/DRV2667/examples/example_uno/example_uno.ino:5:34: error: &#39;SynthChunk&#39; in namespace &#39;EmbeddedDevices::DRV2667&#39; does not name a type
 struct EmbeddedDevices::DRV2667::SynthChunk synth[2]
                                  ^~~~~~~~~~
/Users/alranel/Documents/git/arduino/arduino-testlib/cli-datadir/user/libraries/DRV2667/examples/example_uno/example_uno.ino:9:1: error: braces around scalar initializer for type &#39;int&#39;
 };
 ^
/Users/alranel/Documents/git/arduino/arduino-testlib/cli-datadir/user/libraries/DRV2667/examples/example_uno/example_uno.ino: In function &#39;void setup()&#39;:
/Users/alranel/Documents/git/arduino/arduino-testlib/cli-datadir/user/libraries/DRV2667/examples/example_uno/example_uno.ino:15:9: error: &#39;using DRV2667 = class EmbeddedDevices::DRV2667::DRV2667 {aka class EmbeddedDevices::DRV2667::DRV2667}&#39; has no member named &#39;begin&#39;
     drv.begin();
         ^~~~~
/Users/alranel/Documents/git/arduino/arduino-testlib/cli-datadir/user/libraries/DRV2667/examples/example_uno/example_uno.ino:16:9: error: &#39;using DRV2667 = class EmbeddedDevices::DRV2667::DRV2667 {aka class EmbeddedDevices::DRV2667::DRV2667}&#39; has no member named &#39;setSynthsizer&#39;; did you mean &#39;addSynthesizer&#39;?
     drv.setSynthsizer(synth, 2);
         ^~~~~~~~~~~~~
         addSynthesizer

</pre>
					
				
				<h3 id="esp32:esp32:d1_mini32">esp32:esp32:d1_mini32 @ 1.0.6</h3>
				<h4>Inclusion</h4>
				<p>
					Result: <b>PASS</b>
					
				</p>
				<pre class="pre-scrollable">Sketch uses 202322 bytes (15%) of program storage space. Maximum is 1310720 bytes.
Global variables use 13872 bytes (4%) of dynamic memory, leaving 313808 bytes for local variables. Maximum is 327680 bytes.
</pre>

					
					<h4>examples/example</h4>
					<p>
						Result: <b>FAIL</b>
					</p>
					<pre class="pre-scrollable">/home/ec2-user/arduino-testlib/cli-datadir/user/libraries/DRV2667/examples/example/example.ino: In function &#39;void setup()&#39;:
/home/ec2-user/arduino-testlib/cli-datadir/user/libraries/DRV2667/examples/example/example.ino:29:22: error: &#39;using DRV2667 = class EmbeddedDevices::DRV2667::DRV2667 {aka class EmbeddedDevices::DRV2667::DRV2667}&#39; has no member named &#39;getStatus&#39;
     Serial.print(drv.getStatus());
                      ^
/home/ec2-user/arduino-testlib/cli-datadir/user/libraries/DRV2667/examples/example/example.ino:38:22: error: &#39;using DRV2667 = class EmbeddedDevices::DRV2667::DRV2667 {aka class EmbeddedDevices::DRV2667::DRV2667}&#39; has no member named &#39;getStatus&#39;
     Serial.print(drv.getStatus());
                      ^
/home/ec2-user/arduino-testlib/cli-datadir/user/libraries/DRV2667/examples/example/example.ino:43:22: error: &#39;using DRV2667 = class EmbeddedDevices::DRV2667::DRV2667 {aka class EmbeddedDevices::DRV2667::DRV2667}&#39; has no member named &#39;getStatus&#39;
     Serial.print(drv.getStatus());
                      ^
/home/ec2-user/arduino-testlib/cli-datadir/user/libraries/DRV2667/examples/example/example.ino:48:24: error: &#39;using DRV2667 = class EmbeddedDevices::DRV2667::DRV2667 {aka class EmbeddedDevices::DRV2667::DRV2667}&#39; has no member named &#39;getStatus&#39;
     Serial.println(drv.getStatus());
                        ^
/home/ec2-user/arduino-testlib/cli-datadir/user/libraries/DRV2667/examples/example/example.ino: In function &#39;void loop()&#39;:
/home/ec2-user/arduino-testlib/cli-datadir/user/libraries/DRV2667/examples/example/example.ino:59:24: error: &#39;using DRV2667 = class EmbeddedDevices::DRV2667::DRV2667 {aka class EmbeddedDevices::DRV2667::DRV2667}&#39; has no member named &#39;getStatus&#39;
     Serial.println(drv.getStatus());
                        ^

</pre>
					
					<h4>examples/example_analog</h4>
					<p>
						Result: <b>FAIL</b>
					</p>
					<pre class="pre-scrollable">/home/ec2-user/arduino-testlib/cli-datadir/user/libraries/DRV2667/examples/example_analog/example_analog.ino: In function &#39;void setup()&#39;:
/home/ec2-user/arduino-testlib/cli-datadir/user/libraries/DRV2667/examples/example_analog/example_analog.ino:27:9: error: &#39;using DRV2667 = class EmbeddedDevices::DRV2667::DRV2667 {aka class EmbeddedDevices::DRV2667::DRV2667}&#39; has no member named &#39;begin&#39;
     drv.begin();
         ^

</pre>
					
					<h4>examples/example_continuous</h4>
					<p>
						Result: <b>FAIL</b>
					</p>
					<pre class="pre-scrollable">/home/ec2-user/arduino-testlib/cli-datadir/user/libraries/DRV2667/examples/example_continuous/example_continuous.ino: In function &#39;void setup()&#39;:
/home/ec2-user/arduino-testlib/cli-datadir/user/libraries/DRV2667/examples/example_continuous/example_continuous.ino:24:9: error: &#39;using DRV2667 = class EmbeddedDevices::DRV2667::DRV2667 {aka class EmbeddedDevices::DRV2667::DRV2667}&#39; has no member named &#39;begin&#39;
     drv.begin();
         ^

</pre>
					
					<h4>examples/example_uno</h4>
					<p>
						Result: <b>FAIL</b>
					</p>
					<pre class="pre-scrollable">/home/ec2-user/arduino-testlib/cli-datadir/user/libraries/DRV2667/examples/example_uno/example_uno.ino:5:34: error: &#39;SynthChunk&#39; in namespace &#39;EmbeddedDevices::DRV2667&#39; does not name a type
 struct EmbeddedDevices::DRV2667::SynthChunk synth[2]
                                  ^
/home/ec2-user/arduino-testlib/cli-datadir/user/libraries/DRV2667/examples/example_uno/example_uno.ino:9:1: error: braces around scalar initializer for type &#39;int&#39;
 };
 ^
/home/ec2-user/arduino-testlib/cli-datadir/user/libraries/DRV2667/examples/example_uno/example_uno.ino: In function &#39;void setup()&#39;:
/home/ec2-user/arduino-testlib/cli-datadir/user/libraries/DRV2667/examples/example_uno/example_uno.ino:15:9: error: &#39;using DRV2667 = class EmbeddedDevices::DRV2667::DRV2667 {aka class EmbeddedDevices::DRV2667::DRV2667}&#39; has no member named &#39;begin&#39;
     drv.begin();
         ^
/home/ec2-user/arduino-testlib/cli-datadir/user/libraries/DRV2667/examples/example_uno/example_uno.ino:16:9: error: &#39;using DRV2667 = class EmbeddedDevices::DRV2667::DRV2667 {aka class EmbeddedDevices::DRV2667::DRV2667}&#39; has no member named &#39;setSynthsizer&#39;
     drv.setSynthsizer(synth, 2);
         ^

</pre>
					
				
			</div>
		</div>
	</div>
  </body>
</html>
