
<!doctype html>
<html lang="en">
  <head>
    <meta charset="utf-8">
    <meta name="viewport" content="width=device-width, initial-scale=1">
    <link href="https://cdn.jsdelivr.net/npm/bootstrap@5.0.2/dist/css/bootstrap.min.css" rel="stylesheet" integrity="sha384-EVSTQN3/azprG1Anm3QDgpJLIm9Nao0Yz1ztcQTwFspd3yD65VohhpuuCOmLASjC" crossorigin="anonymous">
    <title>arduino-testlib report</title>
	<style>
	.pass { background-color: #00FF00 !important; }
	.fail { background-color: #FF0000 !important; }
	</style>
  </head>
  <body>
	<div class="container">
		<div class="row">
			<div class="col">
				<h1>ds3231FS - compatibility matrix</h1>
				<p>
					<small>This report was generated on Monday, 21-Feb-22 12:00:25 CET using 
					<a href="https://github.com/alranel/arduino-testlib">arduino-testlib</a>.</small>
				</p>

				<h2>ds3231FS</h2>
				<p>
					Version: <b>1.1.1</b>
					<br />
					<a href="https://www.arduino.cc/reference/en/libraries/ds3231fs/">More details</a>
				</p>

				<h2>Compatibility matrix</h2>
				<table class="table table-bordered">
					<tr>
						<th>Board</th>
						<th>Claims compatibility</th>
						<th>Inclusion</th>
						
						<th><pre>alarm</pre></th>
						
						<th><pre>alarm_every_5m</pre></th>
						
						<th><pre>interactive</pre></th>
						
						<th><pre>simple_print</pre></th>
						
					</tr>
					
					<tr>
						<td>
							<a href="#arduino%3aavr%3auno"><b>arduino:avr:uno</b></a>
							<br />
							<small>1.8.4</small>
						</td>

						
							<td>Yes</td>
							<td class="pass">PASS</td>
						
						
						
						

						
							
								
									
										
											<td class="pass">PASS</td>
											
										
									
										
									
										
									
										
									
								
							
								
							
								
							
								
							
								
							
						
							
								
									
										
									
										
											<td class="pass">PASS</td>
											
										
									
										
									
										
									
								
							
								
							
								
							
								
							
								
							
						
							
								
									
										
									
										
									
										
											<td class="pass">PASS</td>
											
										
									
										
									
								
							
								
							
								
							
								
							
								
							
						
							
								
									
										
									
										
									
										
									
										
											<td class="pass">PASS</td>
											
										
									
								
							
								
							
								
							
								
							
								
							
						
					</tr>
					
					<tr>
						<td>
							<a href="#arduino%3ambed_nano%3ananorp2040connect"><b>arduino:mbed_nano:nanorp2040connect</b></a>
							<br />
							<small>2.7.2</small>
						</td>

						
							<td>Yes</td>
							<td class="pass">PASS</td>
						
						
						
						

						
							
								
							
								
									
										
											<td class="pass">PASS</td>
											
										
									
										
									
										
									
										
									
								
							
								
							
								
							
								
							
						
							
								
							
								
									
										
									
										
											<td class="pass">PASS</td>
											
										
									
										
									
										
									
								
							
								
							
								
							
								
							
						
							
								
							
								
									
										
									
										
									
										
											
											<td class="fail">FAIL</td>
										
									
										
									
								
							
								
							
								
							
								
							
						
							
								
							
								
									
										
									
										
									
										
									
										
											<td class="pass">PASS</td>
											
										
									
								
							
								
							
								
							
								
							
						
					</tr>
					
					<tr>
						<td>
							<a href="#arduino%3amegaavr%3anona4809"><b>arduino:megaavr:nona4809</b></a>
							<br />
							<small>1.8.7</small>
						</td>

						
							<td>Yes</td>
							<td class="pass">PASS</td>
						
						
						
						

						
							
								
							
								
							
								
									
										
											<td class="pass">PASS</td>
											
										
									
										
									
										
									
										
									
								
							
								
							
								
							
						
							
								
							
								
							
								
									
										
									
										
											<td class="pass">PASS</td>
											
										
									
										
									
										
									
								
							
								
							
								
							
						
							
								
							
								
							
								
									
										
									
										
									
										
											<td class="pass">PASS</td>
											
										
									
										
									
								
							
								
							
								
							
						
							
								
							
								
							
								
									
										
									
										
									
										
									
										
											<td class="pass">PASS</td>
											
										
									
								
							
								
							
								
							
						
					</tr>
					
					<tr>
						<td>
							<a href="#arduino%3asamd%3amkrwifi1010"><b>arduino:samd:mkrwifi1010</b></a>
							<br />
							<small>1.8.12</small>
						</td>

						
							<td>Yes</td>
							<td class="pass">PASS</td>
						
						
						
						

						
							
								
							
								
							
								
							
								
									
										
											<td class="pass">PASS</td>
											
										
									
										
									
										
									
										
									
								
							
								
							
						
							
								
							
								
							
								
							
								
									
										
									
										
											<td class="pass">PASS</td>
											
										
									
										
									
										
									
								
							
								
							
						
							
								
							
								
							
								
							
								
									
										
									
										
									
										
											<td class="pass">PASS</td>
											
										
									
										
									
								
							
								
							
						
							
								
							
								
							
								
							
								
									
										
									
										
									
										
									
										
											<td class="pass">PASS</td>
											
										
									
								
							
								
							
						
					</tr>
					
					<tr>
						<td>
							<a href="#esp32%3aesp32%3ad1_mini32"><b>esp32:esp32:d1_mini32</b></a>
							<br />
							<small>1.0.6</small>
						</td>

						
							<td>Yes</td>
							<td class="pass">PASS</td>
						
						
						
						

						
							
								
							
								
							
								
							
								
							
								
									
										
											<td class="pass">PASS</td>
											
										
									
										
									
										
									
										
									
								
							
						
							
								
							
								
							
								
							
								
							
								
									
										
									
										
											<td class="pass">PASS</td>
											
										
									
										
									
										
									
								
							
						
							
								
							
								
							
								
							
								
							
								
									
										
									
										
									
										
											
											<td class="fail">FAIL</td>
										
									
										
									
								
							
						
							
								
							
								
							
								
							
								
							
								
									
										
									
										
									
										
									
										
											<td class="pass">PASS</td>
											
										
									
								
							
						
					</tr>
					
				</table>

				<h2>Compilation logs</h2>
				
				<h3 id="arduino:avr:uno">arduino:avr:uno @ 1.8.4</h3>
				<h4>Inclusion</h4>
				<p>
					Result: <b>PASS</b>
					
					<br />This library has no main header file so an empty one was created.
					
				</p>
				<pre class="pre-scrollable">Sketch uses 1636 bytes (5%) of program storage space. Maximum is 32256 bytes.
Global variables use 122 bytes (5%) of dynamic memory, leaving 1926 bytes for local variables. Maximum is 2048 bytes.
</pre>

					
					<h4>examples/alarm</h4>
					<p>
						Result: <b>PASS</b>
					</p>
					<pre class="pre-scrollable">Sketch uses 6626 bytes (20%) of program storage space. Maximum is 32256 bytes.
Global variables use 528 bytes (25%) of dynamic memory, leaving 1520 bytes for local variables. Maximum is 2048 bytes.
</pre>
					
					<h4>examples/alarm_every_5m</h4>
					<p>
						Result: <b>PASS</b>
					</p>
					<pre class="pre-scrollable">Sketch uses 6842 bytes (21%) of program storage space. Maximum is 32256 bytes.
Global variables use 514 bytes (25%) of dynamic memory, leaving 1534 bytes for local variables. Maximum is 2048 bytes.
</pre>
					
					<h4>examples/interactive</h4>
					<p>
						Result: <b>PASS</b>
					</p>
					<pre class="pre-scrollable">Sketch uses 9872 bytes (30%) of program storage space. Maximum is 32256 bytes.
Global variables use 790 bytes (38%) of dynamic memory, leaving 1258 bytes for local variables. Maximum is 2048 bytes.
</pre>
					
					<h4>examples/simple_print</h4>
					<p>
						Result: <b>PASS</b>
					</p>
					<pre class="pre-scrollable">Sketch uses 4642 bytes (14%) of program storage space. Maximum is 32256 bytes.
Global variables use 435 bytes (21%) of dynamic memory, leaving 1613 bytes for local variables. Maximum is 2048 bytes.
</pre>
					
				
				<h3 id="arduino:mbed_nano:nanorp2040connect">arduino:mbed_nano:nanorp2040connect @ 2.7.2</h3>
				<h4>Inclusion</h4>
				<p>
					Result: <b>PASS</b>
					
					<br />This library has no main header file so an empty one was created.
					
				</p>
				<pre class="pre-scrollable">Sketch uses 81706 bytes (0%) of program storage space. Maximum is 16777216 bytes.
Global variables use 44220 bytes (16%) of dynamic memory, leaving 226116 bytes for local variables. Maximum is 270336 bytes.
</pre>

					
					<h4>examples/alarm</h4>
					<p>
						Result: <b>PASS</b>
					</p>
					<pre class="pre-scrollable">Sketch uses 82802 bytes (0%) of program storage space. Maximum is 16777216 bytes.
Global variables use 44220 bytes (16%) of dynamic memory, leaving 226116 bytes for local variables. Maximum is 270336 bytes.
</pre>
					
					<h4>examples/alarm_every_5m</h4>
					<p>
						Result: <b>PASS</b>
					</p>
					<pre class="pre-scrollable">Sketch uses 82802 bytes (0%) of program storage space. Maximum is 16777216 bytes.
Global variables use 44220 bytes (16%) of dynamic memory, leaving 226116 bytes for local variables. Maximum is 270336 bytes.
</pre>
					
					<h4>examples/interactive</h4>
					<p>
						Result: <b>FAIL</b>
					</p>
					<pre class="pre-scrollable">/home/ec2-user/arduino-testlib/cli-datadir/user/libraries/ds3231FS/examples/interactive/interactive.ino:7:15: error: &#39;uint8_t time [8]&#39; redeclared as different kind of symbol
 uint8_t time[8];
               ^
In file included from /home/ec2-user/arduino-testlib/cli-datadir/data/packages/arduino/tools/arm-none-eabi-gcc/7-2017q4/arm-none-eabi/include/stdlib.h:11:0,
                 from /home/ec2-user/arduino-testlib/cli-datadir/data/packages/arduino/tools/arm-none-eabi-gcc/7-2017q4/arm-none-eabi/include/c&#43;&#43;/7.2.1/cstdlib:75,
                 from /home/ec2-user/arduino-testlib/cli-datadir/data/packages/arduino/tools/arm-none-eabi-gcc/7-2017q4/arm-none-eabi/include/c&#43;&#43;/7.2.1/stdlib.h:36,
                 from /home/ec2-user/arduino-testlib/cli-datadir/data/packages/arduino/hardware/mbed_nano/2.7.2/cores/arduino/api/Interrupts.h:5,
                 from /home/ec2-user/arduino-testlib/cli-datadir/data/packages/arduino/hardware/mbed_nano/2.7.2/cores/arduino/api/ArduinoAPI.h:29,
                 from /home/ec2-user/arduino-testlib/cli-datadir/data/packages/arduino/hardware/mbed_nano/2.7.2/cores/arduino/Arduino.h:27,
                 from /tmp/arduino-sketch-17B8E305D44240035B882FF656EEEDC5/sketch/interactive.ino.cpp:1:
/home/ec2-user/arduino-testlib/cli-datadir/data/packages/arduino/tools/arm-none-eabi-gcc/7-2017q4/arm-none-eabi/include/time.h:59:11: note: previous declaration &#39;time_t time(time_t*)&#39;
 time_t    _EXFUN(time,     (time_t *_timer));
           ^
/home/ec2-user/arduino-testlib/cli-datadir/user/libraries/ds3231FS/examples/interactive/interactive.ino: In function &#39;void parse_cmd(char*, int)&#39;:
/home/ec2-user/arduino-testlib/cli-datadir/user/libraries/ds3231FS/examples/interactive/interactive.ino:103:69: error: assignment of read-only location &#39;*(time &#43; ((sizetype)i))&#39;
             time[i] = (cmd[2 * i &#43; 1] - 48) * 10 &#43; cmd[2 * i &#43; 2] - 48; // ss, mm, hh, dd
                                                                     ^~
/home/ec2-user/arduino-testlib/cli-datadir/user/libraries/ds3231FS/examples/interactive/interactive.ino:103:69: error: cannot convert &#39;int&#39; to &#39;time_t(time_t*) {aka long long int(long long int*)}&#39; in assignment
/home/ec2-user/arduino-testlib/cli-datadir/user/libraries/ds3231FS/examples/interactive/interactive.ino:106:64: error: invalid conversion from &#39;time_t (*)(time_t*) {aka long long int (*)(long long int*)}&#39; to &#39;uint8_t {aka unsigned char}&#39; [-fpermissive]
         DS3231_set_a1(time[0], time[1], time[2], time[3], flags);
                                                                ^
In file included from /home/ec2-user/arduino-testlib/cli-datadir/user/libraries/ds3231FS/examples/interactive/interactive.ino:3:0:
/home/ec2-user/arduino-testlib/cli-datadir/user/libraries/ds3231FS/ds3231.h:74:6: note:   initializing argument 1 of &#39;void DS3231_set_a1(uint8_t, uint8_t, uint8_t, uint8_t, const uint8_t*)&#39;
 void DS3231_set_a1(const uint8_t s, const uint8_t mi, const uint8_t h, const uint8_t d,
      ^~~~~~~~~~~~~
/home/ec2-user/arduino-testlib/cli-datadir/user/libraries/ds3231FS/examples/interactive/interactive.ino:106:38: error: invalid conversion from &#39;time_t (*)(time_t*) {aka long long int (*)(long long int*)}&#39; to &#39;uint8_t {aka unsigned char}&#39; [-fpermissive]
         DS3231_set_a1(time[0], time[1], time[2], time[3], flags);
                                ~~~~~~^
In file included from /home/ec2-user/arduino-testlib/cli-datadir/user/libraries/ds3231FS/examples/interactive/interactive.ino:3:0:
/home/ec2-user/arduino-testlib/cli-datadir/user/libraries/ds3231FS/ds3231.h:74:6: note:   initializing argument 2 of &#39;void DS3231_set_a1(uint8_t, uint8_t, uint8_t, uint8_t, const uint8_t*)&#39;
 void DS3231_set_a1(const uint8_t s, const uint8_t mi, const uint8_t h, const uint8_t d,
      ^~~~~~~~~~~~~
/home/ec2-user/arduino-testlib/cli-datadir/user/libraries/ds3231FS/examples/interactive/interactive.ino:106:47: error: invalid conversion from &#39;time_t (*)(time_t*) {aka long long int (*)(long long int*)}&#39; to &#39;uint8_t {aka unsigned char}&#39; [-fpermissive]
         DS3231_set_a1(time[0], time[1], time[2], time[3], flags);
                                         ~~~~~~^
In file included from /home/ec2-user/arduino-testlib/cli-datadir/user/libraries/ds3231FS/examples/interactive/interactive.ino:3:0:
/home/ec2-user/arduino-testlib/cli-datadir/user/libraries/ds3231FS/ds3231.h:74:6: note:   initializing argument 3 of &#39;void DS3231_set_a1(uint8_t, uint8_t, uint8_t, uint8_t, const uint8_t*)&#39;
 void DS3231_set_a1(const uint8_t s, const uint8_t mi, const uint8_t h, const uint8_t d,
      ^~~~~~~~~~~~~
/home/ec2-user/arduino-testlib/cli-datadir/user/libraries/ds3231FS/examples/interactive/interactive.ino:106:56: error: invalid conversion from &#39;time_t (*)(time_t*) {aka long long int (*)(long long int*)}&#39; to &#39;uint8_t {aka unsigned char}&#39; [-fpermissive]
         DS3231_set_a1(time[0], time[1], time[2], time[3], flags);
                                                  ~~~~~~^
In file included from /home/ec2-user/arduino-testlib/cli-datadir/user/libraries/ds3231FS/examples/interactive/interactive.ino:3:0:
/home/ec2-user/arduino-testlib/cli-datadir/user/libraries/ds3231FS/ds3231.h:74:6: note:   initializing argument 4 of &#39;void DS3231_set_a1(uint8_t, uint8_t, uint8_t, uint8_t, const uint8_t*)&#39;
 void DS3231_set_a1(const uint8_t s, const uint8_t mi, const uint8_t h, const uint8_t d,
      ^~~~~~~~~~~~~
/home/ec2-user/arduino-testlib/cli-datadir/user/libraries/ds3231FS/examples/interactive/interactive.ino:113:69: error: assignment of read-only location &#39;*(time &#43; ((sizetype)i))&#39;
             time[i] = (cmd[2 * i &#43; 1] - 48) * 10 &#43; cmd[2 * i &#43; 2] - 48; // mm, hh, dd
                                                                     ^~
/home/ec2-user/arduino-testlib/cli-datadir/user/libraries/ds3231FS/examples/interactive/interactive.ino:113:69: error: cannot convert &#39;int&#39; to &#39;time_t(time_t*) {aka long long int(long long int*)}&#39; in assignment
/home/ec2-user/arduino-testlib/cli-datadir/user/libraries/ds3231FS/examples/interactive/interactive.ino:116:55: error: invalid conversion from &#39;time_t (*)(time_t*) {aka long long int (*)(long long int*)}&#39; to &#39;uint8_t {aka unsigned char}&#39; [-fpermissive]
         DS3231_set_a2(time[0], time[1], time[2], flags);
                                                       ^
In file included from /home/ec2-user/arduino-testlib/cli-datadir/user/libraries/ds3231FS/examples/interactive/interactive.ino:3:0:
/home/ec2-user/arduino-testlib/cli-datadir/user/libraries/ds3231FS/ds3231.h:80:6: note:   initializing argument 1 of &#39;void DS3231_set_a2(uint8_t, uint8_t, uint8_t, const uint8_t*)&#39;
 void DS3231_set_a2(const uint8_t mi, const uint8_t h, const uint8_t d, const uint8_t * flags);
      ^~~~~~~~~~~~~
/home/ec2-user/arduino-testlib/cli-datadir/user/libraries/ds3231FS/examples/interactive/interactive.ino:116:38: error: invalid conversion from &#39;time_t (*)(time_t*) {aka long long int (*)(long long int*)}&#39; to &#39;uint8_t {aka unsigned char}&#39; [-fpermissive]
         DS3231_set_a2(time[0], time[1], time[2], flags);
                                ~~~~~~^
In file included from /home/ec2-user/arduino-testlib/cli-datadir/user/libraries/ds3231FS/examples/interactive/interactive.ino:3:0:
/home/ec2-user/arduino-testlib/cli-datadir/user/libraries/ds3231FS/ds3231.h:80:6: note:   initializing argument 2 of &#39;void DS3231_set_a2(uint8_t, uint8_t, uint8_t, const uint8_t*)&#39;
 void DS3231_set_a2(const uint8_t mi, const uint8_t h, const uint8_t d, const uint8_t * flags);
      ^~~~~~~~~~~~~
/home/ec2-user/arduino-testlib/cli-datadir/user/libraries/ds3231FS/examples/interactive/interactive.ino:116:47: error: invalid conversion from &#39;time_t (*)(time_t*) {aka long long int (*)(long long int*)}&#39; to &#39;uint8_t {aka unsigned char}&#39; [-fpermissive]
         DS3231_set_a2(time[0], time[1], time[2], flags);
                                         ~~~~~~^
In file included from /home/ec2-user/arduino-testlib/cli-datadir/user/libraries/ds3231FS/examples/interactive/interactive.ino:3:0:
/home/ec2-user/arduino-testlib/cli-datadir/user/libraries/ds3231FS/ds3231.h:80:6: note:   initializing argument 3 of &#39;void DS3231_set_a2(uint8_t, uint8_t, uint8_t, const uint8_t*)&#39;
 void DS3231_set_a2(const uint8_t mi, const uint8_t h, const uint8_t d, const uint8_t * flags);
      ^~~~~~~~~~~~~
Multiple libraries were found for &#34;ds3231.h&#34;
  Used: /home/ec2-user/arduino-testlib/cli-datadir/user/libraries/ds3231FS
  Not used: /home/ec2-user/arduino-testlib/cli-datadir/user/libraries/UncleRus
</pre>
					
					<h4>examples/simple_print</h4>
					<p>
						Result: <b>PASS</b>
					</p>
					<pre class="pre-scrollable">Sketch uses 82292 bytes (0%) of program storage space. Maximum is 16777216 bytes.
Global variables use 44232 bytes (16%) of dynamic memory, leaving 226104 bytes for local variables. Maximum is 270336 bytes.
</pre>
					
				
				<h3 id="arduino:megaavr:nona4809">arduino:megaavr:nona4809 @ 1.8.7</h3>
				<h4>Inclusion</h4>
				<p>
					Result: <b>PASS</b>
					
					<br />This library has no main header file so an empty one was created.
					
				</p>
				<pre class="pre-scrollable">Sketch uses 3104 bytes (6%) of program storage space. Maximum is 49152 bytes.
Global variables use 317 bytes (5%) of dynamic memory, leaving 5827 bytes for local variables. Maximum is 6144 bytes.
</pre>

					
					<h4>examples/alarm</h4>
					<p>
						Result: <b>PASS</b>
					</p>
					<pre class="pre-scrollable">Sketch uses 7424 bytes (15%) of program storage space. Maximum is 49152 bytes.
Global variables use 488 bytes (7%) of dynamic memory, leaving 5656 bytes for local variables. Maximum is 6144 bytes.
</pre>
					
					<h4>examples/alarm_every_5m</h4>
					<p>
						Result: <b>PASS</b>
					</p>
					<pre class="pre-scrollable">Sketch uses 7624 bytes (15%) of program storage space. Maximum is 49152 bytes.
Global variables use 488 bytes (7%) of dynamic memory, leaving 5656 bytes for local variables. Maximum is 6144 bytes.
</pre>
					
					<h4>examples/interactive</h4>
					<p>
						Result: <b>PASS</b>
					</p>
					<pre class="pre-scrollable">Sketch uses 10619 bytes (21%) of program storage space. Maximum is 49152 bytes.
Global variables use 626 bytes (10%) of dynamic memory, leaving 5518 bytes for local variables. Maximum is 6144 bytes.
</pre>
					
					<h4>examples/simple_print</h4>
					<p>
						Result: <b>PASS</b>
					</p>
					<pre class="pre-scrollable">Sketch uses 5522 bytes (11%) of program storage space. Maximum is 49152 bytes.
Global variables use 495 bytes (8%) of dynamic memory, leaving 5649 bytes for local variables. Maximum is 6144 bytes.
</pre>
					
				
				<h3 id="arduino:samd:mkrwifi1010">arduino:samd:mkrwifi1010 @ 1.8.12</h3>
				<h4>Inclusion</h4>
				<p>
					Result: <b>PASS</b>
					
					<br />This library has no main header file so an empty one was created.
					
				</p>
				<pre class="pre-scrollable">Sketch uses 13588 bytes (5%) of program storage space. Maximum is 262144 bytes.
Global variables use 3568 bytes (10%) of dynamic memory, leaving 29200 bytes for local variables. Maximum is 32768 bytes.
</pre>

					
					<h4>examples/alarm</h4>
					<p>
						Result: <b>PASS</b>
					</p>
					<pre class="pre-scrollable">Sketch uses 16520 bytes (6%) of program storage space. Maximum is 262144 bytes.
Global variables use 3584 bytes (10%) of dynamic memory, leaving 29184 bytes for local variables. Maximum is 32768 bytes.
</pre>
					
					<h4>examples/alarm_every_5m</h4>
					<p>
						Result: <b>PASS</b>
					</p>
					<pre class="pre-scrollable">Sketch uses 16508 bytes (6%) of program storage space. Maximum is 262144 bytes.
Global variables use 3584 bytes (10%) of dynamic memory, leaving 29184 bytes for local variables. Maximum is 32768 bytes.
</pre>
					
					<h4>examples/interactive</h4>
					<p>
						Result: <b>PASS</b>
					</p>
					<pre class="pre-scrollable">Sketch uses 26160 bytes (9%) of program storage space. Maximum is 262144 bytes.
Global variables use 3712 bytes (11%) of dynamic memory, leaving 29056 bytes for local variables. Maximum is 32768 bytes.
</pre>
					
					<h4>examples/simple_print</h4>
					<p>
						Result: <b>PASS</b>
					</p>
					<pre class="pre-scrollable">Sketch uses 14420 bytes (5%) of program storage space. Maximum is 262144 bytes.
Global variables use 3580 bytes (10%) of dynamic memory, leaving 29188 bytes for local variables. Maximum is 32768 bytes.
</pre>
					
				
				<h3 id="esp32:esp32:d1_mini32">esp32:esp32:d1_mini32 @ 1.0.6</h3>
				<h4>Inclusion</h4>
				<p>
					Result: <b>PASS</b>
					
					<br />This library has no main header file so an empty one was created.
					
				</p>
				<pre class="pre-scrollable">Sketch uses 202322 bytes (15%) of program storage space. Maximum is 1310720 bytes.
Global variables use 13872 bytes (4%) of dynamic memory, leaving 313808 bytes for local variables. Maximum is 327680 bytes.
</pre>

					
					<h4>examples/alarm</h4>
					<p>
						Result: <b>PASS</b>
					</p>
					<pre class="pre-scrollable">Sketch uses 214630 bytes (16%) of program storage space. Maximum is 1310720 bytes.
Global variables use 14152 bytes (4%) of dynamic memory, leaving 313528 bytes for local variables. Maximum is 327680 bytes.
</pre>
					
					<h4>examples/alarm_every_5m</h4>
					<p>
						Result: <b>PASS</b>
					</p>
					<pre class="pre-scrollable">Sketch uses 214654 bytes (16%) of program storage space. Maximum is 1310720 bytes.
Global variables use 14152 bytes (4%) of dynamic memory, leaving 313528 bytes for local variables. Maximum is 327680 bytes.
</pre>
					
					<h4>examples/interactive</h4>
					<p>
						Result: <b>FAIL</b>
					</p>
					<pre class="pre-scrollable">/home/ec2-user/arduino-testlib/cli-datadir/user/libraries/ds3231FS/examples/interactive/interactive.ino:7:15: error: &#39;uint8_t time [8]&#39; redeclared as different kind of symbol
 uint8_t time[8];
               ^
In file included from /home/ec2-user/arduino-testlib/cli-datadir/data/packages/esp32/hardware/esp32/1.0.6/tools/sdk/include/newlib/stdio.h:29:0,
                 from /home/ec2-user/arduino-testlib/cli-datadir/data/packages/esp32/hardware/esp32/1.0.6/cores/esp32/Arduino.h:27,
                 from /tmp/arduino-sketch-17B8E305D44240035B882FF656EEEDC5/sketch/interactive.ino.cpp:1:
/home/ec2-user/arduino-testlib/cli-datadir/data/packages/esp32/hardware/esp32/1.0.6/tools/sdk/include/newlib/time.h:53:11: note: previous declaration &#39;time_t time(time_t*)&#39;
 time_t    _EXFUN(time,     (time_t *_timer));
           ^
/home/ec2-user/arduino-testlib/cli-datadir/user/libraries/ds3231FS/examples/interactive/interactive.ino: In function &#39;void parse_cmd(char*, int)&#39;:
/home/ec2-user/arduino-testlib/cli-datadir/user/libraries/ds3231FS/examples/interactive/interactive.ino:103:21: error: assignment of read-only location &#39;*(time &#43; ((sizetype)i))&#39;
             time[i] = (cmd[2 * i &#43; 1] - 48) * 10 &#43; cmd[2 * i &#43; 2] - 48; // ss, mm, hh, dd
                     ^
/home/ec2-user/arduino-testlib/cli-datadir/user/libraries/ds3231FS/examples/interactive/interactive.ino:103:21: error: cannot convert &#39;int&#39; to &#39;time_t(time_t*) {aka long int(long int*)}&#39; in assignment
/home/ec2-user/arduino-testlib/cli-datadir/user/libraries/ds3231FS/examples/interactive/interactive.ino:106:64: error: invalid conversion from &#39;time_t (*)(time_t*) {aka long int (*)(long int*)}&#39; to &#39;uint8_t {aka unsigned char}&#39; [-fpermissive]
         DS3231_set_a1(time[0], time[1], time[2], time[3], flags);
                                                                ^
In file included from /home/ec2-user/arduino-testlib/cli-datadir/user/libraries/ds3231FS/examples/interactive/interactive.ino:3:0:
/home/ec2-user/arduino-testlib/cli-datadir/user/libraries/ds3231FS/ds3231.h:74:6: note:   initializing argument 1 of &#39;void DS3231_set_a1(uint8_t, uint8_t, uint8_t, uint8_t, const uint8_t*)&#39;
 void DS3231_set_a1(const uint8_t s, const uint8_t mi, const uint8_t h, const uint8_t d,
      ^
/home/ec2-user/arduino-testlib/cli-datadir/user/libraries/ds3231FS/examples/interactive/interactive.ino:106:38: error: invalid conversion from &#39;time_t (*)(time_t*) {aka long int (*)(long int*)}&#39; to &#39;uint8_t {aka unsigned char}&#39; [-fpermissive]
         DS3231_set_a1(time[0], time[1], time[2], time[3], flags);
                                      ^
In file included from /home/ec2-user/arduino-testlib/cli-datadir/user/libraries/ds3231FS/examples/interactive/interactive.ino:3:0:
/home/ec2-user/arduino-testlib/cli-datadir/user/libraries/ds3231FS/ds3231.h:74:6: note:   initializing argument 2 of &#39;void DS3231_set_a1(uint8_t, uint8_t, uint8_t, uint8_t, const uint8_t*)&#39;
 void DS3231_set_a1(const uint8_t s, const uint8_t mi, const uint8_t h, const uint8_t d,
      ^
/home/ec2-user/arduino-testlib/cli-datadir/user/libraries/ds3231FS/examples/interactive/interactive.ino:106:47: error: invalid conversion from &#39;time_t (*)(time_t*) {aka long int (*)(long int*)}&#39; to &#39;uint8_t {aka unsigned char}&#39; [-fpermissive]
         DS3231_set_a1(time[0], time[1], time[2], time[3], flags);
                                               ^
In file included from /home/ec2-user/arduino-testlib/cli-datadir/user/libraries/ds3231FS/examples/interactive/interactive.ino:3:0:
/home/ec2-user/arduino-testlib/cli-datadir/user/libraries/ds3231FS/ds3231.h:74:6: note:   initializing argument 3 of &#39;void DS3231_set_a1(uint8_t, uint8_t, uint8_t, uint8_t, const uint8_t*)&#39;
 void DS3231_set_a1(const uint8_t s, const uint8_t mi, const uint8_t h, const uint8_t d,
      ^
/home/ec2-user/arduino-testlib/cli-datadir/user/libraries/ds3231FS/examples/interactive/interactive.ino:106:56: error: invalid conversion from &#39;time_t (*)(time_t*) {aka long int (*)(long int*)}&#39; to &#39;uint8_t {aka unsigned char}&#39; [-fpermissive]
         DS3231_set_a1(time[0], time[1], time[2], time[3], flags);
                                                        ^
In file included from /home/ec2-user/arduino-testlib/cli-datadir/user/libraries/ds3231FS/examples/interactive/interactive.ino:3:0:
/home/ec2-user/arduino-testlib/cli-datadir/user/libraries/ds3231FS/ds3231.h:74:6: note:   initializing argument 4 of &#39;void DS3231_set_a1(uint8_t, uint8_t, uint8_t, uint8_t, const uint8_t*)&#39;
 void DS3231_set_a1(const uint8_t s, const uint8_t mi, const uint8_t h, const uint8_t d,
      ^
/home/ec2-user/arduino-testlib/cli-datadir/user/libraries/ds3231FS/examples/interactive/interactive.ino:113:21: error: assignment of read-only location &#39;*(time &#43; ((sizetype)i))&#39;
             time[i] = (cmd[2 * i &#43; 1] - 48) * 10 &#43; cmd[2 * i &#43; 2] - 48; // mm, hh, dd
                     ^
/home/ec2-user/arduino-testlib/cli-datadir/user/libraries/ds3231FS/examples/interactive/interactive.ino:113:21: error: cannot convert &#39;int&#39; to &#39;time_t(time_t*) {aka long int(long int*)}&#39; in assignment
/home/ec2-user/arduino-testlib/cli-datadir/user/libraries/ds3231FS/examples/interactive/interactive.ino:116:55: error: invalid conversion from &#39;time_t (*)(time_t*) {aka long int (*)(long int*)}&#39; to &#39;uint8_t {aka unsigned char}&#39; [-fpermissive]
         DS3231_set_a2(time[0], time[1], time[2], flags);
                                                       ^
In file included from /home/ec2-user/arduino-testlib/cli-datadir/user/libraries/ds3231FS/examples/interactive/interactive.ino:3:0:
/home/ec2-user/arduino-testlib/cli-datadir/user/libraries/ds3231FS/ds3231.h:80:6: note:   initializing argument 1 of &#39;void DS3231_set_a2(uint8_t, uint8_t, uint8_t, const uint8_t*)&#39;
 void DS3231_set_a2(const uint8_t mi, const uint8_t h, const uint8_t d, const uint8_t * flags);
      ^
/home/ec2-user/arduino-testlib/cli-datadir/user/libraries/ds3231FS/examples/interactive/interactive.ino:116:38: error: invalid conversion from &#39;time_t (*)(time_t*) {aka long int (*)(long int*)}&#39; to &#39;uint8_t {aka unsigned char}&#39; [-fpermissive]
         DS3231_set_a2(time[0], time[1], time[2], flags);
                                      ^
In file included from /home/ec2-user/arduino-testlib/cli-datadir/user/libraries/ds3231FS/examples/interactive/interactive.ino:3:0:
/home/ec2-user/arduino-testlib/cli-datadir/user/libraries/ds3231FS/ds3231.h:80:6: note:   initializing argument 2 of &#39;void DS3231_set_a2(uint8_t, uint8_t, uint8_t, const uint8_t*)&#39;
 void DS3231_set_a2(const uint8_t mi, const uint8_t h, const uint8_t d, const uint8_t * flags);
      ^
/home/ec2-user/arduino-testlib/cli-datadir/user/libraries/ds3231FS/examples/interactive/interactive.ino:116:47: error: invalid conversion from &#39;time_t (*)(time_t*) {aka long int (*)(long int*)}&#39; to &#39;uint8_t {aka unsigned char}&#39; [-fpermissive]
         DS3231_set_a2(time[0], time[1], time[2], flags);
                                               ^
In file included from /home/ec2-user/arduino-testlib/cli-datadir/user/libraries/ds3231FS/examples/interactive/interactive.ino:3:0:
/home/ec2-user/arduino-testlib/cli-datadir/user/libraries/ds3231FS/ds3231.h:80:6: note:   initializing argument 3 of &#39;void DS3231_set_a2(uint8_t, uint8_t, uint8_t, const uint8_t*)&#39;
 void DS3231_set_a2(const uint8_t mi, const uint8_t h, const uint8_t d, const uint8_t * flags);
      ^
Multiple libraries were found for &#34;ds3231.h&#34;
  Used: /home/ec2-user/arduino-testlib/cli-datadir/user/libraries/ds3231FS
  Not used: /home/ec2-user/arduino-testlib/cli-datadir/user/libraries/UncleRus
</pre>
					
					<h4>examples/simple_print</h4>
					<p>
						Result: <b>PASS</b>
					</p>
					<pre class="pre-scrollable">Sketch uses 214006 bytes (16%) of program storage space. Maximum is 1310720 bytes.
Global variables use 14144 bytes (4%) of dynamic memory, leaving 313536 bytes for local variables. Maximum is 327680 bytes.
</pre>
					
				
			</div>
		</div>
	</div>
  </body>
</html>
