
<!doctype html>
<html lang="en">
  <head>
    <meta charset="utf-8">
    <meta name="viewport" content="width=device-width, initial-scale=1">
    <link href="https://cdn.jsdelivr.net/npm/bootstrap@5.0.2/dist/css/bootstrap.min.css" rel="stylesheet" integrity="sha384-EVSTQN3/azprG1Anm3QDgpJLIm9Nao0Yz1ztcQTwFspd3yD65VohhpuuCOmLASjC" crossorigin="anonymous">
    <title>arduino-testlib report</title>
	<style>
	.pass { background-color: #00FF00 !important; }
	.fail { background-color: #FF0000 !important; }
	</style>
  </head>
  <body>
	<div class="container">
		<div class="row">
			<div class="col">
				<h1>ELMDuino - compatibility matrix</h1>
				<p>
					<small>This report was generated on Monday, 21-Feb-22 12:00:25 CET using 
					<a href="https://github.com/alranel/arduino-testlib">arduino-testlib</a>.</small>
				</p>

				<h2>ELMDuino</h2>
				<p>
					Version: <b>3.0.1</b>
					<br />
					<a href="https://www.arduino.cc/reference/en/libraries/elmduino/">More details</a>
				</p>

				<h2>Compatibility matrix</h2>
				<table class="table table-bordered">
					<tr>
						<th>Board</th>
						<th>Claims compatibility</th>
						<th>Inclusion</th>
						
						<th><pre>ESP32_dual_core</pre></th>
						
						<th><pre>ESP32_test</pre></th>
						
						<th><pre>ESP8266_WiFi</pre></th>
						
						<th><pre>ESP8266_test</pre></th>
						
						<th><pre>Arduino_hardware_serial_test</pre></th>
						
						<th><pre>Arduino_software_serial_test</pre></th>
						
						<th><pre>ESP32_Bluetooth_Serial</pre></th>
						
						<th><pre>ESP32_WiFi</pre></th>
						
					</tr>
					
					<tr>
						<td>
							<a href="#arduino%3aavr%3auno"><b>arduino:avr:uno</b></a>
							<br />
							<small>1.8.4</small>
						</td>

						
							<td>Yes</td>
							<td class="pass">PASS</td>
						
						
						
						

						
							
								
									
										
									
										
									
										
									
										
									
										
											
											<td class="fail">FAIL</td>
										
									
										
									
										
									
										
									
								
							
								
							
								
							
								
							
								
							
						
							
								
									
										
									
										
									
										
									
										
									
										
									
										
											
											<td class="fail">FAIL</td>
										
									
										
									
										
									
								
							
								
							
								
							
								
							
								
							
						
							
								
									
										
									
										
									
										
									
										
									
										
									
										
									
										
											
											<td class="fail">FAIL</td>
										
									
										
									
								
							
								
							
								
							
								
							
								
							
						
							
								
									
										
									
										
									
										
									
										
									
										
									
										
									
										
									
										
											
											<td class="fail">FAIL</td>
										
									
								
							
								
							
								
							
								
							
								
							
						
							
								
									
										
											
											<td class="fail">FAIL</td>
										
									
										
									
										
									
										
									
										
									
										
									
										
									
										
									
								
							
								
							
								
							
								
							
								
							
						
							
								
									
										
									
										
											<td class="pass">PASS</td>
											
										
									
										
									
										
									
										
									
										
									
										
									
										
									
								
							
								
							
								
							
								
							
								
							
						
							
								
									
										
									
										
									
										
											
											<td class="fail">FAIL</td>
										
									
										
									
										
									
										
									
										
									
										
									
								
							
								
							
								
							
								
							
								
							
						
							
								
									
										
									
										
									
										
									
										
											
											<td class="fail">FAIL</td>
										
									
										
									
										
									
										
									
										
									
								
							
								
							
								
							
								
							
								
							
						
					</tr>
					
					<tr>
						<td>
							<a href="#arduino%3ambed_nano%3ananorp2040connect"><b>arduino:mbed_nano:nanorp2040connect</b></a>
							<br />
							<small>2.7.2</small>
						</td>

						
							<td>Yes</td>
							<td class="pass">PASS</td>
						
						
						
						

						
							
								
							
								
									
										
									
										
									
										
									
										
									
										
											
											<td class="fail">FAIL</td>
										
									
										
									
										
									
										
									
								
							
								
							
								
							
								
							
						
							
								
							
								
									
										
									
										
									
										
									
										
									
										
									
										
											
											<td class="fail">FAIL</td>
										
									
										
									
										
									
								
							
								
							
								
							
								
							
						
							
								
							
								
									
										
									
										
									
										
									
										
									
										
									
										
									
										
											
											<td class="fail">FAIL</td>
										
									
										
									
								
							
								
							
								
							
								
							
						
							
								
							
								
									
										
									
										
									
										
									
										
									
										
									
										
									
										
									
										
											
											<td class="fail">FAIL</td>
										
									
								
							
								
							
								
							
								
							
						
							
								
							
								
									
										
											<td class="pass">PASS</td>
											
										
									
										
									
										
									
										
									
										
									
										
									
										
									
										
									
								
							
								
							
								
							
								
							
						
							
								
							
								
									
										
									
										
											
											<td class="fail">FAIL</td>
										
									
										
									
										
									
										
									
										
									
										
									
										
									
								
							
								
							
								
							
								
							
						
							
								
							
								
									
										
									
										
									
										
											
											<td class="fail">FAIL</td>
										
									
										
									
										
									
										
									
										
									
										
									
								
							
								
							
								
							
								
							
						
							
								
							
								
									
										
									
										
									
										
									
										
											
											<td class="fail">FAIL</td>
										
									
										
									
										
									
										
									
										
									
								
							
								
							
								
							
								
							
						
					</tr>
					
					<tr>
						<td>
							<a href="#arduino%3amegaavr%3anona4809"><b>arduino:megaavr:nona4809</b></a>
							<br />
							<small>1.8.7</small>
						</td>

						
							<td>Yes</td>
							<td class="pass">PASS</td>
						
						
						
						

						
							
								
							
								
							
								
									
										
									
										
									
										
									
										
									
										
											
											<td class="fail">FAIL</td>
										
									
										
									
										
									
										
									
								
							
								
							
								
							
						
							
								
							
								
							
								
									
										
									
										
									
										
									
										
									
										
									
										
											
											<td class="fail">FAIL</td>
										
									
										
									
										
									
								
							
								
							
								
							
						
							
								
							
								
							
								
									
										
									
										
									
										
									
										
									
										
									
										
									
										
											
											<td class="fail">FAIL</td>
										
									
										
									
								
							
								
							
								
							
						
							
								
							
								
							
								
									
										
									
										
									
										
									
										
									
										
									
										
									
										
									
										
											
											<td class="fail">FAIL</td>
										
									
								
							
								
							
								
							
						
							
								
							
								
							
								
									
										
											<td class="pass">PASS</td>
											
										
									
										
									
										
									
										
									
										
									
										
									
										
									
										
									
								
							
								
							
								
							
						
							
								
							
								
							
								
									
										
									
										
											<td class="pass">PASS</td>
											
										
									
										
									
										
									
										
									
										
									
										
									
										
									
								
							
								
							
								
							
						
							
								
							
								
							
								
									
										
									
										
									
										
											
											<td class="fail">FAIL</td>
										
									
										
									
										
									
										
									
										
									
										
									
								
							
								
							
								
							
						
							
								
							
								
							
								
									
										
									
										
									
										
									
										
											
											<td class="fail">FAIL</td>
										
									
										
									
										
									
										
									
										
									
								
							
								
							
								
							
						
					</tr>
					
					<tr>
						<td>
							<a href="#arduino%3asamd%3amkrwifi1010"><b>arduino:samd:mkrwifi1010</b></a>
							<br />
							<small>1.8.12</small>
						</td>

						
							<td>Yes</td>
							<td class="pass">PASS</td>
						
						
						
						

						
							
								
							
								
							
								
							
								
									
										
									
										
									
										
									
										
									
										
											
											<td class="fail">FAIL</td>
										
									
										
									
										
									
										
									
								
							
								
							
						
							
								
							
								
							
								
							
								
									
										
									
										
									
										
									
										
									
										
									
										
											
											<td class="fail">FAIL</td>
										
									
										
									
										
									
								
							
								
							
						
							
								
							
								
							
								
							
								
									
										
									
										
									
										
									
										
									
										
									
										
									
										
											
											<td class="fail">FAIL</td>
										
									
										
									
								
							
								
							
						
							
								
							
								
							
								
							
								
									
										
									
										
									
										
									
										
									
										
									
										
									
										
									
										
											
											<td class="fail">FAIL</td>
										
									
								
							
								
							
						
							
								
							
								
							
								
							
								
									
										
											<td class="pass">PASS</td>
											
										
									
										
									
										
									
										
									
										
									
										
									
										
									
										
									
								
							
								
							
						
							
								
							
								
							
								
							
								
									
										
									
										
											
											<td class="fail">FAIL</td>
										
									
										
									
										
									
										
									
										
									
										
									
										
									
								
							
								
							
						
							
								
							
								
							
								
							
								
									
										
									
										
									
										
											
											<td class="fail">FAIL</td>
										
									
										
									
										
									
										
									
										
									
										
									
								
							
								
							
						
							
								
							
								
							
								
							
								
									
										
									
										
									
										
									
										
											
											<td class="fail">FAIL</td>
										
									
										
									
										
									
										
									
										
									
								
							
								
							
						
					</tr>
					
					<tr>
						<td>
							<a href="#esp32%3aesp32%3ad1_mini32"><b>esp32:esp32:d1_mini32</b></a>
							<br />
							<small>1.0.6</small>
						</td>

						
							<td>Yes</td>
							<td class="pass">PASS</td>
						
						
						
						

						
							
								
							
								
							
								
							
								
							
								
									
										
									
										
									
										
									
										
									
										
											
											<td class="fail">FAIL</td>
										
									
										
									
										
									
										
									
								
							
						
							
								
							
								
							
								
							
								
							
								
									
										
									
										
									
										
									
										
									
										
									
										
											<td class="pass">PASS</td>
											
										
									
										
									
										
									
								
							
						
							
								
							
								
							
								
							
								
							
								
									
										
									
										
									
										
									
										
									
										
									
										
									
										
											
											<td class="fail">FAIL</td>
										
									
										
									
								
							
						
							
								
							
								
							
								
							
								
							
								
									
										
									
										
									
										
									
										
									
										
									
										
									
										
									
										
											
											<td class="fail">FAIL</td>
										
									
								
							
						
							
								
							
								
							
								
							
								
							
								
									
										
											<td class="pass">PASS</td>
											
										
									
										
									
										
									
										
									
										
									
										
									
										
									
										
									
								
							
						
							
								
							
								
							
								
							
								
							
								
									
										
									
										
											<td class="pass">PASS</td>
											
										
									
										
									
										
									
										
									
										
									
										
									
										
									
								
							
						
							
								
							
								
							
								
							
								
							
								
									
										
									
										
									
										
											<td class="pass">PASS</td>
											
										
									
										
									
										
									
										
									
										
									
										
									
								
							
						
							
								
							
								
							
								
							
								
							
								
									
										
									
										
									
										
									
										
											<td class="pass">PASS</td>
											
										
									
										
									
										
									
										
									
										
									
								
							
						
					</tr>
					
				</table>

				<h2>Compilation logs</h2>
				
				<h3 id="arduino:avr:uno">arduino:avr:uno @ 1.8.4</h3>
				<h4>Inclusion</h4>
				<p>
					Result: <b>PASS</b>
					
					<br />This library has no main header file so an empty one was created.
					
				</p>
				<pre class="pre-scrollable">Sketch uses 1332 bytes (4%) of program storage space. Maximum is 32256 bytes.
Global variables use 184 bytes (8%) of dynamic memory, leaving 1864 bytes for local variables. Maximum is 2048 bytes.
</pre>

					
					<h4>examples/Arduino_hardware_serial_test</h4>
					<p>
						Result: <b>FAIL</b>
					</p>
					<pre class="pre-scrollable">/home/ec2-user/arduino-testlib/cli-datadir/user/libraries/ELMDuino/examples/Arduino_hardware_serial_test/Arduino_hardware_serial_test.ino: In function &#39;void setup()&#39;:
/home/ec2-user/arduino-testlib/cli-datadir/user/libraries/ELMDuino/examples/Arduino_hardware_serial_test/Arduino_hardware_serial_test.ino:4:18: error: &#39;Serial1&#39; was not declared in this scope
 #define ELM_PORT Serial1
                  ^
/home/ec2-user/arduino-testlib/cli-datadir/user/libraries/ELMDuino/examples/Arduino_hardware_serial_test/Arduino_hardware_serial_test.ino:21:3: note: in expansion of macro &#39;ELM_PORT&#39;
   ELM_PORT.begin(115200);
   ^~~~~~~~
/home/ec2-user/arduino-testlib/cli-datadir/user/libraries/ELMDuino/examples/Arduino_hardware_serial_test/Arduino_hardware_serial_test.ino:4:18: note: suggested alternative: &#39;Serial&#39;
 #define ELM_PORT Serial1
                  ^
/home/ec2-user/arduino-testlib/cli-datadir/user/libraries/ELMDuino/examples/Arduino_hardware_serial_test/Arduino_hardware_serial_test.ino:21:3: note: in expansion of macro &#39;ELM_PORT&#39;
   ELM_PORT.begin(115200);
   ^~~~~~~~

</pre>
					
					<h4>examples/Arduino_software_serial_test</h4>
					<p>
						Result: <b>PASS</b>
					</p>
					<pre class="pre-scrollable">Sketch uses 10702 bytes (33%) of program storage space. Maximum is 32256 bytes.
Global variables use 560 bytes (27%) of dynamic memory, leaving 1488 bytes for local variables. Maximum is 2048 bytes.
</pre>
					
					<h4>examples/ESP32_Bluetooth_Serial</h4>
					<p>
						Result: <b>FAIL</b>
					</p>
					<pre class="pre-scrollable">/home/ec2-user/arduino-testlib/cli-datadir/user/libraries/ELMDuino/examples/ESP32_Bluetooth_Serial/ESP32_Bluetooth_Serial.ino:1:10: fatal error: BluetoothSerial.h: No such file or directory
 #include &#34;BluetoothSerial.h&#34;
          ^~~~~~~~~~~~~~~~~~~
compilation terminated.

</pre>
					
					<h4>examples/ESP32_WiFi</h4>
					<p>
						Result: <b>FAIL</b>
					</p>
					<pre class="pre-scrollable">/home/ec2-user/arduino-testlib/cli-datadir/user/libraries/ELMDuino/examples/ESP32_WiFi/ESP32_WiFi.ino: In function &#39;void setup()&#39;:
/home/ec2-user/arduino-testlib/cli-datadir/user/libraries/ELMDuino/examples/ESP32_WiFi/ESP32_WiFi.ino:26:8: error: &#39;class WiFiClass&#39; has no member named &#39;mode&#39;
   WiFi.mode(WIFI_AP);
        ^~~~
/home/ec2-user/arduino-testlib/cli-datadir/user/libraries/ELMDuino/examples/ESP32_WiFi/ESP32_WiFi.ino:26:13: error: &#39;WIFI_AP&#39; was not declared in this scope
   WiFi.mode(WIFI_AP);
             ^~~~~~~
Multiple libraries were found for &#34;WiFi.h&#34;
  Used: /home/ec2-user/arduino-testlib/cli-datadir/user/libraries/WiFi
  Not used: /home/ec2-user/arduino-testlib/cli-datadir/user/libraries/WiFiEspAT
  Not used: /home/ec2-user/arduino-testlib/cli-datadir/user/libraries/Seeed_Arduino_rpcWiFi
  Not used: /home/ec2-user/arduino-testlib/cli-datadir/user/libraries/WiFiNINA
</pre>
					
					<h4>examples/ESP32_dual_core</h4>
					<p>
						Result: <b>FAIL</b>
					</p>
					<pre class="pre-scrollable">/home/ec2-user/arduino-testlib/cli-datadir/user/libraries/ELMDuino/examples/ESP32_dual_core/ESP32_dual_core.ino:1:10: fatal error: BluetoothSerial.h: No such file or directory
 #include &lt;BluetoothSerial.h&gt;
          ^~~~~~~~~~~~~~~~~~~
compilation terminated.

</pre>
					
					<h4>examples/ESP32_test</h4>
					<p>
						Result: <b>FAIL</b>
					</p>
					<pre class="pre-scrollable">/home/ec2-user/arduino-testlib/cli-datadir/user/libraries/ELMDuino/examples/ESP32_test/ESP32_test.ino:10:10: fatal error: BluetoothSerial.h: No such file or directory
 #include &#34;BluetoothSerial.h&#34;
          ^~~~~~~~~~~~~~~~~~~
compilation terminated.

</pre>
					
					<h4>examples/ESP8266_WiFi</h4>
					<p>
						Result: <b>FAIL</b>
					</p>
					<pre class="pre-scrollable">/home/ec2-user/arduino-testlib/cli-datadir/user/libraries/ELMDuino/examples/ESP8266_WiFi/ESP8266_WiFi.ino:1:10: fatal error: ESP8266WiFi.h: No such file or directory
 #include &lt;ESP8266WiFi.h&gt;
          ^~~~~~~~~~~~~~~
compilation terminated.

</pre>
					
					<h4>examples/ESP8266_test</h4>
					<p>
						Result: <b>FAIL</b>
					</p>
					<pre class="pre-scrollable">/home/ec2-user/arduino-testlib/cli-datadir/user/libraries/ELMDuino/examples/ESP8266_test/ESP8266_test.ino:1:10: fatal error: ESP8266WiFi.h: No such file or directory
 #include &lt;ESP8266WiFi.h&gt;
          ^~~~~~~~~~~~~~~
compilation terminated.

</pre>
					
				
				<h3 id="arduino:mbed_nano:nanorp2040connect">arduino:mbed_nano:nanorp2040connect @ 2.7.2</h3>
				<h4>Inclusion</h4>
				<p>
					Result: <b>PASS</b>
					
				</p>
				<pre class="pre-scrollable">Sketch uses 78756 bytes (0%) of program storage space. Maximum is 16777216 bytes.
Global variables use 43444 bytes (16%) of dynamic memory, leaving 226892 bytes for local variables. Maximum is 270336 bytes.
</pre>

					
					<h4>examples/Arduino_hardware_serial_test</h4>
					<p>
						Result: <b>PASS</b>
					</p>
					<pre class="pre-scrollable">Sketch uses 86880 bytes (0%) of program storage space. Maximum is 16777216 bytes.
Global variables use 43516 bytes (16%) of dynamic memory, leaving 226820 bytes for local variables. Maximum is 270336 bytes.
</pre>
					
					<h4>examples/Arduino_software_serial_test</h4>
					<p>
						Result: <b>FAIL</b>
					</p>
					<pre class="pre-scrollable">/home/ec2-user/arduino-testlib/cli-datadir/user/libraries/Dabble/src/SoftwareSerial.cpp:45:10: fatal error: util/delay_basic.h: No such file or directory
 #include &lt;util/delay_basic.h&gt;
          ^~~~~~~~~~~~~~~~~~~~
compilation terminated.
Multiple libraries were found for &#34;SoftwareSerial.h&#34;
  Used: /home/ec2-user/arduino-testlib/cli-datadir/user/libraries/Dabble
  Not used: /home/ec2-user/arduino-testlib/cli-datadir/user/libraries/EspSoftwareSerial
  Not used: /home/ec2-user/arduino-testlib/cli-datadir/user/libraries/Printoo_Library
</pre>
					
					<h4>examples/ESP32_Bluetooth_Serial</h4>
					<p>
						Result: <b>FAIL</b>
					</p>
					<pre class="pre-scrollable">/home/ec2-user/arduino-testlib/cli-datadir/user/libraries/ELMDuino/examples/ESP32_Bluetooth_Serial/ESP32_Bluetooth_Serial.ino:1:10: fatal error: BluetoothSerial.h: No such file or directory
 #include &#34;BluetoothSerial.h&#34;
          ^~~~~~~~~~~~~~~~~~~
compilation terminated.

</pre>
					
					<h4>examples/ESP32_WiFi</h4>
					<p>
						Result: <b>FAIL</b>
					</p>
					<pre class="pre-scrollable">/home/ec2-user/arduino-testlib/cli-datadir/user/libraries/ELMDuino/examples/ESP32_WiFi/ESP32_WiFi.ino: In function &#39;void setup()&#39;:
/home/ec2-user/arduino-testlib/cli-datadir/user/libraries/ELMDuino/examples/ESP32_WiFi/ESP32_WiFi.ino:26:8: error: &#39;class WiFiClass&#39; has no member named &#39;mode&#39;
   WiFi.mode(WIFI_AP);
        ^~~~
/home/ec2-user/arduino-testlib/cli-datadir/user/libraries/ELMDuino/examples/ESP32_WiFi/ESP32_WiFi.ino:26:13: error: &#39;WIFI_AP&#39; was not declared in this scope
   WiFi.mode(WIFI_AP);
             ^~~~~~~
/home/ec2-user/arduino-testlib/cli-datadir/user/libraries/ELMDuino/examples/ESP32_WiFi/ESP32_WiFi.ino:27:18: error: invalid conversion from &#39;const char*&#39; to &#39;char*&#39; [-fpermissive]
   WiFi.begin(ssid);
                  ^
In file included from /home/ec2-user/arduino-testlib/cli-datadir/user/libraries/ELMDuino/examples/ESP32_WiFi/ESP32_WiFi.ino:1:0:
/home/ec2-user/arduino-testlib/cli-datadir/user/libraries/WiFi/src/WiFi.h:60:9: note:   initializing argument 1 of &#39;int WiFiClass::begin(char*)&#39;
     int begin(char* ssid);
         ^~~~~
Multiple libraries were found for &#34;WiFi.h&#34;
  Used: /home/ec2-user/arduino-testlib/cli-datadir/user/libraries/WiFi
  Not used: /home/ec2-user/arduino-testlib/cli-datadir/user/libraries/WiFiNINA
  Not used: /home/ec2-user/arduino-testlib/cli-datadir/user/libraries/Seeed_Arduino_rpcWiFi
  Not used: /home/ec2-user/arduino-testlib/cli-datadir/user/libraries/WiFiEspAT
</pre>
					
					<h4>examples/ESP32_dual_core</h4>
					<p>
						Result: <b>FAIL</b>
					</p>
					<pre class="pre-scrollable">/home/ec2-user/arduino-testlib/cli-datadir/user/libraries/ELMDuino/examples/ESP32_dual_core/ESP32_dual_core.ino:1:10: fatal error: BluetoothSerial.h: No such file or directory
 #include &lt;BluetoothSerial.h&gt;
          ^~~~~~~~~~~~~~~~~~~
compilation terminated.

</pre>
					
					<h4>examples/ESP32_test</h4>
					<p>
						Result: <b>FAIL</b>
					</p>
					<pre class="pre-scrollable">/home/ec2-user/arduino-testlib/cli-datadir/user/libraries/ELMDuino/examples/ESP32_test/ESP32_test.ino:10:10: fatal error: BluetoothSerial.h: No such file or directory
 #include &#34;BluetoothSerial.h&#34;
          ^~~~~~~~~~~~~~~~~~~
compilation terminated.

</pre>
					
					<h4>examples/ESP8266_WiFi</h4>
					<p>
						Result: <b>FAIL</b>
					</p>
					<pre class="pre-scrollable">/home/ec2-user/arduino-testlib/cli-datadir/user/libraries/ELMDuino/examples/ESP8266_WiFi/ESP8266_WiFi.ino:1:10: fatal error: ESP8266WiFi.h: No such file or directory
 #include &lt;ESP8266WiFi.h&gt;
          ^~~~~~~~~~~~~~~
compilation terminated.

</pre>
					
					<h4>examples/ESP8266_test</h4>
					<p>
						Result: <b>FAIL</b>
					</p>
					<pre class="pre-scrollable">/home/ec2-user/arduino-testlib/cli-datadir/user/libraries/ELMDuino/examples/ESP8266_test/ESP8266_test.ino:1:10: fatal error: ESP8266WiFi.h: No such file or directory
 #include &lt;ESP8266WiFi.h&gt;
          ^~~~~~~~~~~~~~~
compilation terminated.

</pre>
					
				
				<h3 id="arduino:megaavr:nona4809">arduino:megaavr:nona4809 @ 1.8.7</h3>
				<h4>Inclusion</h4>
				<p>
					Result: <b>PASS</b>
					
				</p>
				<pre class="pre-scrollable">Sketch uses 2614 bytes (5%) of program storage space. Maximum is 49152 bytes.
Global variables use 177 bytes (2%) of dynamic memory, leaving 5967 bytes for local variables. Maximum is 6144 bytes.
</pre>

					
					<h4>examples/Arduino_hardware_serial_test</h4>
					<p>
						Result: <b>PASS</b>
					</p>
					<pre class="pre-scrollable">Sketch uses 10466 bytes (21%) of program storage space. Maximum is 49152 bytes.
Global variables use 395 bytes (6%) of dynamic memory, leaving 5749 bytes for local variables. Maximum is 6144 bytes.
</pre>
					
					<h4>examples/Arduino_software_serial_test</h4>
					<p>
						Result: <b>PASS</b>
					</p>
					<pre class="pre-scrollable">Sketch uses 11950 bytes (24%) of program storage space. Maximum is 49152 bytes.
Global variables use 531 bytes (8%) of dynamic memory, leaving 5613 bytes for local variables. Maximum is 6144 bytes.
</pre>
					
					<h4>examples/ESP32_Bluetooth_Serial</h4>
					<p>
						Result: <b>FAIL</b>
					</p>
					<pre class="pre-scrollable">/home/ec2-user/arduino-testlib/cli-datadir/user/libraries/ELMDuino/examples/ESP32_Bluetooth_Serial/ESP32_Bluetooth_Serial.ino:1:10: fatal error: BluetoothSerial.h: No such file or directory
 #include &#34;BluetoothSerial.h&#34;
          ^~~~~~~~~~~~~~~~~~~
compilation terminated.

</pre>
					
					<h4>examples/ESP32_WiFi</h4>
					<p>
						Result: <b>FAIL</b>
					</p>
					<pre class="pre-scrollable">/home/ec2-user/arduino-testlib/cli-datadir/user/libraries/ELMDuino/examples/ESP32_WiFi/ESP32_WiFi.ino: In function &#39;void setup()&#39;:
/home/ec2-user/arduino-testlib/cli-datadir/user/libraries/ELMDuino/examples/ESP32_WiFi/ESP32_WiFi.ino:26:8: error: &#39;class WiFiClass&#39; has no member named &#39;mode&#39;
   WiFi.mode(WIFI_AP);
        ^~~~
/home/ec2-user/arduino-testlib/cli-datadir/user/libraries/ELMDuino/examples/ESP32_WiFi/ESP32_WiFi.ino:26:13: error: &#39;WIFI_AP&#39; was not declared in this scope
   WiFi.mode(WIFI_AP);
             ^~~~~~~
Multiple libraries were found for &#34;WiFi.h&#34;
  Used: /home/ec2-user/arduino-testlib/cli-datadir/user/libraries/WiFi
  Not used: /home/ec2-user/arduino-testlib/cli-datadir/user/libraries/WiFiEspAT
  Not used: /home/ec2-user/arduino-testlib/cli-datadir/user/libraries/WiFiNINA
  Not used: /home/ec2-user/arduino-testlib/cli-datadir/user/libraries/Seeed_Arduino_rpcWiFi
</pre>
					
					<h4>examples/ESP32_dual_core</h4>
					<p>
						Result: <b>FAIL</b>
					</p>
					<pre class="pre-scrollable">/home/ec2-user/arduino-testlib/cli-datadir/user/libraries/ELMDuino/examples/ESP32_dual_core/ESP32_dual_core.ino:1:10: fatal error: BluetoothSerial.h: No such file or directory
 #include &lt;BluetoothSerial.h&gt;
          ^~~~~~~~~~~~~~~~~~~
compilation terminated.

</pre>
					
					<h4>examples/ESP32_test</h4>
					<p>
						Result: <b>FAIL</b>
					</p>
					<pre class="pre-scrollable">/home/ec2-user/arduino-testlib/cli-datadir/user/libraries/ELMDuino/examples/ESP32_test/ESP32_test.ino:10:10: fatal error: BluetoothSerial.h: No such file or directory
 #include &#34;BluetoothSerial.h&#34;
          ^~~~~~~~~~~~~~~~~~~
compilation terminated.

</pre>
					
					<h4>examples/ESP8266_WiFi</h4>
					<p>
						Result: <b>FAIL</b>
					</p>
					<pre class="pre-scrollable">/home/ec2-user/arduino-testlib/cli-datadir/user/libraries/ELMDuino/examples/ESP8266_WiFi/ESP8266_WiFi.ino:1:10: fatal error: ESP8266WiFi.h: No such file or directory
 #include &lt;ESP8266WiFi.h&gt;
          ^~~~~~~~~~~~~~~
compilation terminated.

</pre>
					
					<h4>examples/ESP8266_test</h4>
					<p>
						Result: <b>FAIL</b>
					</p>
					<pre class="pre-scrollable">/home/ec2-user/arduino-testlib/cli-datadir/user/libraries/ELMDuino/examples/ESP8266_test/ESP8266_test.ino:1:10: fatal error: ESP8266WiFi.h: No such file or directory
 #include &lt;ESP8266WiFi.h&gt;
          ^~~~~~~~~~~~~~~
compilation terminated.

</pre>
					
				
				<h3 id="arduino:samd:mkrwifi1010">arduino:samd:mkrwifi1010 @ 1.8.12</h3>
				<h4>Inclusion</h4>
				<p>
					Result: <b>PASS</b>
					
					<br />This library has no main header file so an empty one was created.
					
				</p>
				<pre class="pre-scrollable">Sketch uses 12152 bytes (4%) of program storage space. Maximum is 262144 bytes.
Global variables use 2996 bytes (9%) of dynamic memory, leaving 29772 bytes for local variables. Maximum is 32768 bytes.
</pre>

					
					<h4>examples/Arduino_hardware_serial_test</h4>
					<p>
						Result: <b>PASS</b>
					</p>
					<pre class="pre-scrollable">Sketch uses 25368 bytes (9%) of program storage space. Maximum is 262144 bytes.
Global variables use 3436 bytes (10%) of dynamic memory, leaving 29332 bytes for local variables. Maximum is 32768 bytes.
</pre>
					
					<h4>examples/Arduino_software_serial_test</h4>
					<p>
						Result: <b>FAIL</b>
					</p>
					<pre class="pre-scrollable">/home/ec2-user/arduino-testlib/cli-datadir/user/libraries/Dabble/src/SoftwareSerial.cpp:45:10: fatal error: util/delay_basic.h: No such file or directory
 #include &lt;util/delay_basic.h&gt;
          ^~~~~~~~~~~~~~~~~~~~
compilation terminated.
Multiple libraries were found for &#34;SoftwareSerial.h&#34;
  Used: /home/ec2-user/arduino-testlib/cli-datadir/user/libraries/Dabble
  Not used: /home/ec2-user/arduino-testlib/cli-datadir/user/libraries/Printoo_Library
  Not used: /home/ec2-user/arduino-testlib/cli-datadir/user/libraries/EspSoftwareSerial
</pre>
					
					<h4>examples/ESP32_Bluetooth_Serial</h4>
					<p>
						Result: <b>FAIL</b>
					</p>
					<pre class="pre-scrollable">/home/ec2-user/arduino-testlib/cli-datadir/user/libraries/ELMDuino/examples/ESP32_Bluetooth_Serial/ESP32_Bluetooth_Serial.ino:1:10: fatal error: BluetoothSerial.h: No such file or directory
 #include &#34;BluetoothSerial.h&#34;
          ^~~~~~~~~~~~~~~~~~~
compilation terminated.

</pre>
					
					<h4>examples/ESP32_WiFi</h4>
					<p>
						Result: <b>FAIL</b>
					</p>
					<pre class="pre-scrollable">/home/ec2-user/arduino-testlib/cli-datadir/user/libraries/ELMDuino/examples/ESP32_WiFi/ESP32_WiFi.ino: In function &#39;void setup()&#39;:
/home/ec2-user/arduino-testlib/cli-datadir/user/libraries/ELMDuino/examples/ESP32_WiFi/ESP32_WiFi.ino:26:8: error: &#39;class WiFiClass&#39; has no member named &#39;mode&#39;
   WiFi.mode(WIFI_AP);
        ^~~~
/home/ec2-user/arduino-testlib/cli-datadir/user/libraries/ELMDuino/examples/ESP32_WiFi/ESP32_WiFi.ino:26:13: error: &#39;WIFI_AP&#39; was not declared in this scope
   WiFi.mode(WIFI_AP);
             ^~~~~~~
/home/ec2-user/arduino-testlib/cli-datadir/user/libraries/ELMDuino/examples/ESP32_WiFi/ESP32_WiFi.ino:27:18: error: invalid conversion from &#39;const char*&#39; to &#39;char*&#39; [-fpermissive]
   WiFi.begin(ssid);
                  ^
In file included from /home/ec2-user/arduino-testlib/cli-datadir/user/libraries/ELMDuino/examples/ESP32_WiFi/ESP32_WiFi.ino:1:0:
/home/ec2-user/arduino-testlib/cli-datadir/user/libraries/WiFi/src/WiFi.h:60:9: note:   initializing argument 1 of &#39;int WiFiClass::begin(char*)&#39;
     int begin(char* ssid);
         ^~~~~
Multiple libraries were found for &#34;WiFi.h&#34;
  Used: /home/ec2-user/arduino-testlib/cli-datadir/user/libraries/WiFi
  Not used: /home/ec2-user/arduino-testlib/cli-datadir/user/libraries/Seeed_Arduino_rpcWiFi
  Not used: /home/ec2-user/arduino-testlib/cli-datadir/user/libraries/WiFiEspAT
  Not used: /home/ec2-user/arduino-testlib/cli-datadir/user/libraries/WiFiNINA
</pre>
					
					<h4>examples/ESP32_dual_core</h4>
					<p>
						Result: <b>FAIL</b>
					</p>
					<pre class="pre-scrollable">/home/ec2-user/arduino-testlib/cli-datadir/user/libraries/ELMDuino/examples/ESP32_dual_core/ESP32_dual_core.ino:1:10: fatal error: BluetoothSerial.h: No such file or directory
 #include &lt;BluetoothSerial.h&gt;
          ^~~~~~~~~~~~~~~~~~~
compilation terminated.

</pre>
					
					<h4>examples/ESP32_test</h4>
					<p>
						Result: <b>FAIL</b>
					</p>
					<pre class="pre-scrollable">/home/ec2-user/arduino-testlib/cli-datadir/user/libraries/ELMDuino/examples/ESP32_test/ESP32_test.ino:10:10: fatal error: BluetoothSerial.h: No such file or directory
 #include &#34;BluetoothSerial.h&#34;
          ^~~~~~~~~~~~~~~~~~~
compilation terminated.

</pre>
					
					<h4>examples/ESP8266_WiFi</h4>
					<p>
						Result: <b>FAIL</b>
					</p>
					<pre class="pre-scrollable">/home/ec2-user/arduino-testlib/cli-datadir/user/libraries/ELMDuino/examples/ESP8266_WiFi/ESP8266_WiFi.ino:1:10: fatal error: ESP8266WiFi.h: No such file or directory
 #include &lt;ESP8266WiFi.h&gt;
          ^~~~~~~~~~~~~~~
compilation terminated.

</pre>
					
					<h4>examples/ESP8266_test</h4>
					<p>
						Result: <b>FAIL</b>
					</p>
					<pre class="pre-scrollable">/home/ec2-user/arduino-testlib/cli-datadir/user/libraries/ELMDuino/examples/ESP8266_test/ESP8266_test.ino:1:10: fatal error: ESP8266WiFi.h: No such file or directory
 #include &lt;ESP8266WiFi.h&gt;
          ^~~~~~~~~~~~~~~
compilation terminated.

</pre>
					
				
				<h3 id="esp32:esp32:d1_mini32">esp32:esp32:d1_mini32 @ 1.0.6</h3>
				<h4>Inclusion</h4>
				<p>
					Result: <b>PASS</b>
					
				</p>
				<pre class="pre-scrollable">Sketch uses 202430 bytes (15%) of program storage space. Maximum is 1310720 bytes.
Global variables use 13192 bytes (4%) of dynamic memory, leaving 314488 bytes for local variables. Maximum is 327680 bytes.
</pre>

					
					<h4>examples/Arduino_hardware_serial_test</h4>
					<p>
						Result: <b>PASS</b>
					</p>
					<pre class="pre-scrollable">Sketch uses 211062 bytes (16%) of program storage space. Maximum is 1310720 bytes.
Global variables use 13496 bytes (4%) of dynamic memory, leaving 314184 bytes for local variables. Maximum is 327680 bytes.
</pre>
					
					<h4>examples/Arduino_software_serial_test</h4>
					<p>
						Result: <b>PASS</b>
					</p>
					<pre class="pre-scrollable">Sketch uses 269086 bytes (20%) of program storage space. Maximum is 1310720 bytes.
Global variables use 14432 bytes (4%) of dynamic memory, leaving 313248 bytes for local variables. Maximum is 327680 bytes.
</pre>
					
					<h4>examples/ESP32_Bluetooth_Serial</h4>
					<p>
						Result: <b>PASS</b>
					</p>
					<pre class="pre-scrollable">Sketch uses 939034 bytes (71%) of program storage space. Maximum is 1310720 bytes.
Global variables use 31116 bytes (9%) of dynamic memory, leaving 296564 bytes for local variables. Maximum is 327680 bytes.
</pre>
					
					<h4>examples/ESP32_WiFi</h4>
					<p>
						Result: <b>PASS</b>
					</p>
					<pre class="pre-scrollable">Sketch uses 652666 bytes (49%) of program storage space. Maximum is 1310720 bytes.
Global variables use 38028 bytes (11%) of dynamic memory, leaving 289652 bytes for local variables. Maximum is 327680 bytes.
</pre>
					
					<h4>examples/ESP32_dual_core</h4>
					<p>
						Result: <b>FAIL</b>
					</p>
					<pre class="pre-scrollable">/home/ec2-user/arduino-testlib/cli-datadir/user/libraries/ELMDuino/examples/ESP32_dual_core/ESP32_dual_core.ino: In function &#39;void read_rpm()&#39;:
/home/ec2-user/arduino-testlib/cli-datadir/user/libraries/ELMDuino/examples/ESP32_dual_core/ESP32_dual_core.ino:140:9: error: expected &#39;)&#39; before &#39;{&#39; token
         {
         ^
/home/ec2-user/arduino-testlib/cli-datadir/user/libraries/ELMDuino/examples/ESP32_dual_core/ESP32_dual_core.ino:143:5: error: expected primary-expression before &#39;}&#39; token
     }
     ^

</pre>
					
					<h4>examples/ESP32_test</h4>
					<p>
						Result: <b>PASS</b>
					</p>
					<pre class="pre-scrollable">Sketch uses 933042 bytes (71%) of program storage space. Maximum is 1310720 bytes.
Global variables use 31036 bytes (9%) of dynamic memory, leaving 296644 bytes for local variables. Maximum is 327680 bytes.
</pre>
					
					<h4>examples/ESP8266_WiFi</h4>
					<p>
						Result: <b>FAIL</b>
					</p>
					<pre class="pre-scrollable">/home/ec2-user/arduino-testlib/cli-datadir/user/libraries/ELMDuino/examples/ESP8266_WiFi/ESP8266_WiFi.ino:1:25: fatal error: ESP8266WiFi.h: No such file or directory
 #include &lt;ESP8266WiFi.h&gt;
                         ^
compilation terminated.

</pre>
					
					<h4>examples/ESP8266_test</h4>
					<p>
						Result: <b>FAIL</b>
					</p>
					<pre class="pre-scrollable">/home/ec2-user/arduino-testlib/cli-datadir/user/libraries/ELMDuino/examples/ESP8266_test/ESP8266_test.ino:1:25: fatal error: ESP8266WiFi.h: No such file or directory
 #include &lt;ESP8266WiFi.h&gt;
                         ^
compilation terminated.

</pre>
					
				
			</div>
		</div>
	</div>
  </body>
</html>
