
<!doctype html>
<html lang="en">
  <head>
    <meta charset="utf-8">
    <meta name="viewport" content="width=device-width, initial-scale=1">
    <link href="https://cdn.jsdelivr.net/npm/bootstrap@5.0.2/dist/css/bootstrap.min.css" rel="stylesheet" integrity="sha384-EVSTQN3/azprG1Anm3QDgpJLIm9Nao0Yz1ztcQTwFspd3yD65VohhpuuCOmLASjC" crossorigin="anonymous">
    <title>arduino-testlib report</title>
	<style>
	.pass { background-color: #00FF00 !important; }
	.fail { background-color: #FF0000 !important; }
	</style>
  </head>
  <body>
	<div class="container">
		<div class="row">
			<div class="col">
				<h1>EloquentVision - compatibility matrix</h1>
				<p>
					<small>This report was generated on Monday, 21-Feb-22 12:00:25 CET using 
					<a href="https://github.com/alranel/arduino-testlib">arduino-testlib</a>.</small>
				</p>

				<h2>EloquentVision</h2>
				<p>
					Version: <b>0.0.5</b>
					<br />
					<a href="https://www.arduino.cc/reference/en/libraries/eloquentvision/">More details</a>
				</p>

				<h2>Compatibility matrix</h2>
				<table class="table table-bordered">
					<tr>
						<th>Board</th>
						<th>Claims compatibility</th>
						<th>Inclusion</th>
						
						<th><pre>ESP32CameraHTTPVideoStreamingServerExample</pre></th>
						
						<th><pre>ESP32CameraHTTPVideoStreamingServerWithMotionDetection</pre></th>
						
						<th><pre>EasyMotionDetectionGrayscale</pre></th>
						
					</tr>
					
					<tr>
						<td>
							<a href="#arduino%3aavr%3auno"><b>arduino:avr:uno</b></a>
							<br />
							<small>1.8.4</small>
						</td>

						
							<td>Yes</td>
							<td class="pass">PASS</td>
						
						
						
						

						
							
								
									
										
											
											<td class="fail">FAIL</td>
										
									
										
									
										
									
								
							
								
							
								
							
								
							
								
							
						
							
								
									
										
									
										
											
											<td class="fail">FAIL</td>
										
									
										
									
								
							
								
							
								
							
								
							
								
							
						
							
								
									
										
									
										
									
										
											
											<td class="fail">FAIL</td>
										
									
								
							
								
							
								
							
								
							
								
							
						
					</tr>
					
					<tr>
						<td>
							<a href="#arduino%3ambed_nano%3ananorp2040connect"><b>arduino:mbed_nano:nanorp2040connect</b></a>
							<br />
							<small>2.7.2</small>
						</td>

						
							<td>Yes</td>
							<td class="pass">PASS</td>
						
						
						
						

						
							
								
							
								
									
										
											
											<td class="fail">FAIL</td>
										
									
										
									
										
									
								
							
								
							
								
							
								
							
						
							
								
							
								
									
										
									
										
											
											<td class="fail">FAIL</td>
										
									
										
									
								
							
								
							
								
							
								
							
						
							
								
							
								
									
										
									
										
									
										
											
											<td class="fail">FAIL</td>
										
									
								
							
								
							
								
							
								
							
						
					</tr>
					
					<tr>
						<td>
							<a href="#arduino%3amegaavr%3anona4809"><b>arduino:megaavr:nona4809</b></a>
							<br />
							<small>1.8.7</small>
						</td>

						
							<td>Yes</td>
							<td class="pass">PASS</td>
						
						
						
						

						
							
								
							
								
							
								
									
										
											
											<td class="fail">FAIL</td>
										
									
										
									
										
									
								
							
								
							
								
							
						
							
								
							
								
							
								
									
										
									
										
											
											<td class="fail">FAIL</td>
										
									
										
									
								
							
								
							
								
							
						
							
								
							
								
							
								
									
										
									
										
									
										
											
											<td class="fail">FAIL</td>
										
									
								
							
								
							
								
							
						
					</tr>
					
					<tr>
						<td>
							<a href="#arduino%3asamd%3amkrwifi1010"><b>arduino:samd:mkrwifi1010</b></a>
							<br />
							<small>1.8.12</small>
						</td>

						
							<td>Yes</td>
							<td class="pass">PASS</td>
						
						
						
						

						
							
								
							
								
							
								
							
								
									
										
											
											<td class="fail">FAIL</td>
										
									
										
									
										
									
								
							
								
							
						
							
								
							
								
							
								
							
								
									
										
									
										
											
											<td class="fail">FAIL</td>
										
									
										
									
								
							
								
							
						
							
								
							
								
							
								
							
								
									
										
									
										
									
										
											
											<td class="fail">FAIL</td>
										
									
								
							
								
							
						
					</tr>
					
					<tr>
						<td>
							<a href="#esp32%3aesp32%3ad1_mini32"><b>esp32:esp32:d1_mini32</b></a>
							<br />
							<small>1.0.6</small>
						</td>

						
						
						
							<td>Yes ⚠️</td>
							<td class="fail">FAIL</td>
						
						

						
							
								
							
								
							
								
							
								
							
								
									
										
											
											<td class="fail">FAIL</td>
										
									
										
									
										
									
								
							
						
							
								
							
								
							
								
							
								
							
								
									
										
									
										
											
											<td class="fail">FAIL</td>
										
									
										
									
								
							
						
							
								
							
								
							
								
							
								
							
								
									
										
									
										
									
										
											
											<td class="fail">FAIL</td>
										
									
								
							
						
					</tr>
					
				</table>

				<h2>Compilation logs</h2>
				
				<h3 id="arduino:avr:uno">arduino:avr:uno @ 1.8.4</h3>
				<h4>Inclusion</h4>
				<p>
					Result: <b>PASS</b>
					
				</p>
				<pre class="pre-scrollable">Sketch uses 444 bytes (1%) of program storage space. Maximum is 32256 bytes.
Global variables use 9 bytes (0%) of dynamic memory, leaving 2039 bytes for local variables. Maximum is 2048 bytes.
</pre>

					
					<h4>examples/ESP32CameraHTTPVideoStreamingServerExample</h4>
					<p>
						Result: <b>FAIL</b>
					</p>
					<pre class="pre-scrollable">In file included from /home/ec2-user/arduino-testlib/cli-datadir/user/libraries/EloquentVision/examples/ESP32CameraHTTPVideoStreamingServerExample/ESP32CameraHTTPVideoStreamingServerExample.ino:4:0:
/home/ec2-user/arduino-testlib/cli-datadir/user/libraries/EloquentVision/src/ESP32CameraHTTPVideoStreamingServer.h:3:10: fatal error: esp_http_server.h: No such file or directory
 #include &lt;esp_http_server.h&gt;
          ^~~~~~~~~~~~~~~~~~~
compilation terminated.
Multiple libraries were found for &#34;WiFi.h&#34;
  Used: /home/ec2-user/arduino-testlib/cli-datadir/user/libraries/WiFi
  Not used: /home/ec2-user/arduino-testlib/cli-datadir/user/libraries/Seeed_Arduino_rpcWiFi
  Not used: /home/ec2-user/arduino-testlib/cli-datadir/user/libraries/WiFiNINA
  Not used: /home/ec2-user/arduino-testlib/cli-datadir/user/libraries/WiFiEspAT
</pre>
					
					<h4>examples/ESP32CameraHTTPVideoStreamingServerWithMotionDetection</h4>
					<p>
						Result: <b>FAIL</b>
					</p>
					<pre class="pre-scrollable">In file included from /home/ec2-user/arduino-testlib/cli-datadir/user/libraries/EloquentVision/examples/ESP32CameraHTTPVideoStreamingServerWithMotionDetection/ESP32CameraHTTPVideoStreamingServerWithMotionDetection.ino:6:0:
/home/ec2-user/arduino-testlib/cli-datadir/user/libraries/EloquentVision/src/ESP32CameraHTTPVideoStreamingServer.h:3:10: fatal error: esp_http_server.h: No such file or directory
 #include &lt;esp_http_server.h&gt;
          ^~~~~~~~~~~~~~~~~~~
compilation terminated.
Multiple libraries were found for &#34;WiFi.h&#34;
  Used: /home/ec2-user/arduino-testlib/cli-datadir/user/libraries/WiFi
  Not used: /home/ec2-user/arduino-testlib/cli-datadir/user/libraries/WiFiNINA
  Not used: /home/ec2-user/arduino-testlib/cli-datadir/user/libraries/WiFiEspAT
  Not used: /home/ec2-user/arduino-testlib/cli-datadir/user/libraries/Seeed_Arduino_rpcWiFi
</pre>
					
					<h4>examples/EasyMotionDetectionGrayscale</h4>
					<p>
						Result: <b>FAIL</b>
					</p>
					<pre class="pre-scrollable">/home/ec2-user/arduino-testlib/cli-datadir/user/libraries/EloquentVision/examples/EasyMotionDetectionGrayscale/EasyMotionDetectionGrayscale.ino:10:10: fatal error: FS.h: No such file or directory
 #include &lt;FS.h&gt;
          ^~~~~~
compilation terminated.

</pre>
					
				
				<h3 id="arduino:mbed_nano:nanorp2040connect">arduino:mbed_nano:nanorp2040connect @ 2.7.2</h3>
				<h4>Inclusion</h4>
				<p>
					Result: <b>PASS</b>
					
				</p>
				<pre class="pre-scrollable">Sketch uses 78756 bytes (0%) of program storage space. Maximum is 16777216 bytes.
Global variables use 43444 bytes (16%) of dynamic memory, leaving 226892 bytes for local variables. Maximum is 270336 bytes.
</pre>

					
					<h4>examples/ESP32CameraHTTPVideoStreamingServerExample</h4>
					<p>
						Result: <b>FAIL</b>
					</p>
					<pre class="pre-scrollable">In file included from /home/ec2-user/arduino-testlib/cli-datadir/user/libraries/EloquentVision/examples/ESP32CameraHTTPVideoStreamingServerExample/ESP32CameraHTTPVideoStreamingServerExample.ino:4:0:
/home/ec2-user/arduino-testlib/cli-datadir/user/libraries/EloquentVision/src/ESP32CameraHTTPVideoStreamingServer.h:3:10: fatal error: esp_http_server.h: No such file or directory
 #include &lt;esp_http_server.h&gt;
          ^~~~~~~~~~~~~~~~~~~
compilation terminated.
Multiple libraries were found for &#34;WiFi.h&#34;
  Used: /home/ec2-user/arduino-testlib/cli-datadir/user/libraries/WiFi
  Not used: /home/ec2-user/arduino-testlib/cli-datadir/user/libraries/WiFiNINA
  Not used: /home/ec2-user/arduino-testlib/cli-datadir/user/libraries/Seeed_Arduino_rpcWiFi
  Not used: /home/ec2-user/arduino-testlib/cli-datadir/user/libraries/WiFiEspAT
</pre>
					
					<h4>examples/ESP32CameraHTTPVideoStreamingServerWithMotionDetection</h4>
					<p>
						Result: <b>FAIL</b>
					</p>
					<pre class="pre-scrollable">In file included from /home/ec2-user/arduino-testlib/cli-datadir/user/libraries/EloquentVision/examples/ESP32CameraHTTPVideoStreamingServerWithMotionDetection/ESP32CameraHTTPVideoStreamingServerWithMotionDetection.ino:6:0:
/home/ec2-user/arduino-testlib/cli-datadir/user/libraries/EloquentVision/src/ESP32CameraHTTPVideoStreamingServer.h:3:10: fatal error: esp_http_server.h: No such file or directory
 #include &lt;esp_http_server.h&gt;
          ^~~~~~~~~~~~~~~~~~~
compilation terminated.
Multiple libraries were found for &#34;WiFi.h&#34;
  Used: /home/ec2-user/arduino-testlib/cli-datadir/user/libraries/WiFi
  Not used: /home/ec2-user/arduino-testlib/cli-datadir/user/libraries/WiFiNINA
  Not used: /home/ec2-user/arduino-testlib/cli-datadir/user/libraries/WiFiEspAT
  Not used: /home/ec2-user/arduino-testlib/cli-datadir/user/libraries/Seeed_Arduino_rpcWiFi
</pre>
					
					<h4>examples/EasyMotionDetectionGrayscale</h4>
					<p>
						Result: <b>FAIL</b>
					</p>
					<pre class="pre-scrollable">/home/ec2-user/arduino-testlib/cli-datadir/user/libraries/EloquentVision/examples/EasyMotionDetectionGrayscale/EasyMotionDetectionGrayscale.ino:10:10: fatal error: FS.h: No such file or directory
 #include &lt;FS.h&gt;
          ^~~~~~
compilation terminated.

</pre>
					
				
				<h3 id="arduino:megaavr:nona4809">arduino:megaavr:nona4809 @ 1.8.7</h3>
				<h4>Inclusion</h4>
				<p>
					Result: <b>PASS</b>
					
				</p>
				<pre class="pre-scrollable">Sketch uses 802 bytes (1%) of program storage space. Maximum is 49152 bytes.
Global variables use 22 bytes (0%) of dynamic memory, leaving 6122 bytes for local variables. Maximum is 6144 bytes.
</pre>

					
					<h4>examples/ESP32CameraHTTPVideoStreamingServerExample</h4>
					<p>
						Result: <b>FAIL</b>
					</p>
					<pre class="pre-scrollable">In file included from /home/ec2-user/arduino-testlib/cli-datadir/user/libraries/EloquentVision/examples/ESP32CameraHTTPVideoStreamingServerExample/ESP32CameraHTTPVideoStreamingServerExample.ino:4:0:
/home/ec2-user/arduino-testlib/cli-datadir/user/libraries/EloquentVision/src/ESP32CameraHTTPVideoStreamingServer.h:3:10: fatal error: esp_http_server.h: No such file or directory
 #include &lt;esp_http_server.h&gt;
          ^~~~~~~~~~~~~~~~~~~
compilation terminated.
Multiple libraries were found for &#34;WiFi.h&#34;
  Used: /home/ec2-user/arduino-testlib/cli-datadir/user/libraries/WiFi
  Not used: /home/ec2-user/arduino-testlib/cli-datadir/user/libraries/WiFiEspAT
  Not used: /home/ec2-user/arduino-testlib/cli-datadir/user/libraries/WiFiNINA
  Not used: /home/ec2-user/arduino-testlib/cli-datadir/user/libraries/Seeed_Arduino_rpcWiFi
</pre>
					
					<h4>examples/ESP32CameraHTTPVideoStreamingServerWithMotionDetection</h4>
					<p>
						Result: <b>FAIL</b>
					</p>
					<pre class="pre-scrollable">In file included from /home/ec2-user/arduino-testlib/cli-datadir/user/libraries/EloquentVision/examples/ESP32CameraHTTPVideoStreamingServerWithMotionDetection/ESP32CameraHTTPVideoStreamingServerWithMotionDetection.ino:6:0:
/home/ec2-user/arduino-testlib/cli-datadir/user/libraries/EloquentVision/src/ESP32CameraHTTPVideoStreamingServer.h:3:10: fatal error: esp_http_server.h: No such file or directory
 #include &lt;esp_http_server.h&gt;
          ^~~~~~~~~~~~~~~~~~~
compilation terminated.
Multiple libraries were found for &#34;WiFi.h&#34;
  Used: /home/ec2-user/arduino-testlib/cli-datadir/user/libraries/WiFi
  Not used: /home/ec2-user/arduino-testlib/cli-datadir/user/libraries/WiFiEspAT
  Not used: /home/ec2-user/arduino-testlib/cli-datadir/user/libraries/Seeed_Arduino_rpcWiFi
  Not used: /home/ec2-user/arduino-testlib/cli-datadir/user/libraries/WiFiNINA
</pre>
					
					<h4>examples/EasyMotionDetectionGrayscale</h4>
					<p>
						Result: <b>FAIL</b>
					</p>
					<pre class="pre-scrollable">/home/ec2-user/arduino-testlib/cli-datadir/user/libraries/EloquentVision/examples/EasyMotionDetectionGrayscale/EasyMotionDetectionGrayscale.ino:10:10: fatal error: FS.h: No such file or directory
 #include &lt;FS.h&gt;
          ^~~~~~
compilation terminated.

</pre>
					
				
				<h3 id="arduino:samd:mkrwifi1010">arduino:samd:mkrwifi1010 @ 1.8.12</h3>
				<h4>Inclusion</h4>
				<p>
					Result: <b>PASS</b>
					
				</p>
				<pre class="pre-scrollable">Sketch uses 12156 bytes (4%) of program storage space. Maximum is 262144 bytes.
Global variables use 2996 bytes (9%) of dynamic memory, leaving 29772 bytes for local variables. Maximum is 32768 bytes.
</pre>

					
					<h4>examples/ESP32CameraHTTPVideoStreamingServerExample</h4>
					<p>
						Result: <b>FAIL</b>
					</p>
					<pre class="pre-scrollable">In file included from /home/ec2-user/arduino-testlib/cli-datadir/user/libraries/EloquentVision/examples/ESP32CameraHTTPVideoStreamingServerExample/ESP32CameraHTTPVideoStreamingServerExample.ino:4:0:
/home/ec2-user/arduino-testlib/cli-datadir/user/libraries/EloquentVision/src/ESP32CameraHTTPVideoStreamingServer.h:3:10: fatal error: esp_http_server.h: No such file or directory
 #include &lt;esp_http_server.h&gt;
          ^~~~~~~~~~~~~~~~~~~
compilation terminated.
Multiple libraries were found for &#34;WiFi.h&#34;
  Used: /home/ec2-user/arduino-testlib/cli-datadir/user/libraries/WiFi
  Not used: /home/ec2-user/arduino-testlib/cli-datadir/user/libraries/WiFiNINA
  Not used: /home/ec2-user/arduino-testlib/cli-datadir/user/libraries/Seeed_Arduino_rpcWiFi
  Not used: /home/ec2-user/arduino-testlib/cli-datadir/user/libraries/WiFiEspAT
</pre>
					
					<h4>examples/ESP32CameraHTTPVideoStreamingServerWithMotionDetection</h4>
					<p>
						Result: <b>FAIL</b>
					</p>
					<pre class="pre-scrollable">In file included from /home/ec2-user/arduino-testlib/cli-datadir/user/libraries/EloquentVision/examples/ESP32CameraHTTPVideoStreamingServerWithMotionDetection/ESP32CameraHTTPVideoStreamingServerWithMotionDetection.ino:6:0:
/home/ec2-user/arduino-testlib/cli-datadir/user/libraries/EloquentVision/src/ESP32CameraHTTPVideoStreamingServer.h:3:10: fatal error: esp_http_server.h: No such file or directory
 #include &lt;esp_http_server.h&gt;
          ^~~~~~~~~~~~~~~~~~~
compilation terminated.
Multiple libraries were found for &#34;WiFi.h&#34;
  Used: /home/ec2-user/arduino-testlib/cli-datadir/user/libraries/WiFi
  Not used: /home/ec2-user/arduino-testlib/cli-datadir/user/libraries/Seeed_Arduino_rpcWiFi
  Not used: /home/ec2-user/arduino-testlib/cli-datadir/user/libraries/WiFiNINA
  Not used: /home/ec2-user/arduino-testlib/cli-datadir/user/libraries/WiFiEspAT
</pre>
					
					<h4>examples/EasyMotionDetectionGrayscale</h4>
					<p>
						Result: <b>FAIL</b>
					</p>
					<pre class="pre-scrollable">/home/ec2-user/arduino-testlib/cli-datadir/user/libraries/EloquentVision/examples/EasyMotionDetectionGrayscale/EasyMotionDetectionGrayscale.ino:10:10: fatal error: FS.h: No such file or directory
 #include &lt;FS.h&gt;
          ^~~~~~
compilation terminated.

</pre>
					
				
				<h3 id="esp32:esp32:d1_mini32">esp32:esp32:d1_mini32 @ 1.0.6</h3>
				<h4>Inclusion</h4>
				<p>
					Result: <b>FAIL</b>
					
				</p>
				<pre class="pre-scrollable">In file included from /home/ec2-user/arduino-testlib/cli-datadir/user/libraries/EloquentVision/src/camera/ESP32Camera.h:4:0,
                 from /home/ec2-user/arduino-testlib/cli-datadir/user/libraries/EloquentVision/src/EloquentVision.h:4,
                 from /tmp/arduino-testlib1137070109/test/test.ino:1:
/home/ec2-user/arduino-testlib/cli-datadir/user/libraries/EloquentVision/src/camera/pins.h:99:2: error: #error &#34;Camera model not selected&#34;
 #error &#34;Camera model not selected&#34;
  ^
&lt;built-in&gt;: fatal error: when writing output to /tmp/arduino-sketch-11DA19C9558554E5A13CB2FA475F3015/preproc/ctags_target_for_gcc_minus_e.cpp: No space left on device
compilation terminated.

</pre>

					
					<h4>examples/ESP32CameraHTTPVideoStreamingServerExample</h4>
					<p>
						Result: <b>FAIL</b>
					</p>
					<pre class="pre-scrollable">&lt;built-in&gt;: fatal error: when writing output to /tmp/arduino-sketch-B49A47F43472E732C5D9A95CCE89AB2B/preproc/ctags_target_for_gcc_minus_e.cpp: No space left on device
compilation terminated.
Multiple libraries were found for &#34;WiFi.h&#34;
  Used: /home/ec2-user/arduino-testlib/cli-datadir/data/packages/esp32/hardware/esp32/1.0.6/libraries/WiFi
  Not used: /home/ec2-user/arduino-testlib/cli-datadir/user/libraries/WiFi
  Not used: /home/ec2-user/arduino-testlib/cli-datadir/user/libraries/WiFiEspAT
  Not used: /home/ec2-user/arduino-testlib/cli-datadir/user/libraries/WiFiNINA
  Not used: /home/ec2-user/arduino-testlib/cli-datadir/user/libraries/Seeed_Arduino_rpcWiFi
</pre>
					
					<h4>examples/ESP32CameraHTTPVideoStreamingServerWithMotionDetection</h4>
					<p>
						Result: <b>FAIL</b>
					</p>
					<pre class="pre-scrollable">&lt;built-in&gt;: fatal error: when writing output to /tmp/arduino-sketch-FB2F8D96DD37EC4CFDE0A8DEC010A688/preproc/ctags_target_for_gcc_minus_e.cpp: No space left on device
compilation terminated.
Multiple libraries were found for &#34;WiFi.h&#34;
  Used: /home/ec2-user/arduino-testlib/cli-datadir/data/packages/esp32/hardware/esp32/1.0.6/libraries/WiFi
  Not used: /home/ec2-user/arduino-testlib/cli-datadir/user/libraries/WiFi
  Not used: /home/ec2-user/arduino-testlib/cli-datadir/user/libraries/WiFiNINA
  Not used: /home/ec2-user/arduino-testlib/cli-datadir/user/libraries/Seeed_Arduino_rpcWiFi
  Not used: /home/ec2-user/arduino-testlib/cli-datadir/user/libraries/WiFiEspAT
</pre>
					
					<h4>examples/EasyMotionDetectionGrayscale</h4>
					<p>
						Result: <b>FAIL</b>
					</p>
					<pre class="pre-scrollable">&lt;built-in&gt;: fatal error: when writing output to /tmp/arduino-sketch-7798216CABC3780B0ECE19C1F645BE93/preproc/ctags_target_for_gcc_minus_e.cpp: No space left on device
compilation terminated.

</pre>
					
				
			</div>
		</div>
	</div>
  </body>
</html>
