
<!doctype html>
<html lang="en">
  <head>
    <meta charset="utf-8">
    <meta name="viewport" content="width=device-width, initial-scale=1">
    <link href="https://cdn.jsdelivr.net/npm/bootstrap@5.0.2/dist/css/bootstrap.min.css" rel="stylesheet" integrity="sha384-EVSTQN3/azprG1Anm3QDgpJLIm9Nao0Yz1ztcQTwFspd3yD65VohhpuuCOmLASjC" crossorigin="anonymous">
    <title>arduino-testlib report</title>
	<style>
	.pass { background-color: #00FF00 !important; }
	.fail { background-color: #FF0000 !important; }
	</style>
  </head>
  <body>
	<div class="container">
		<div class="row">
			<div class="col">
				<h1>ESP32 ESP32S2 AnalogWrite - compatibility matrix</h1>
				<p>
					<small>This report was generated on Monday, 21-Feb-22 12:00:25 CET using 
					<a href="https://github.com/alranel/arduino-testlib">arduino-testlib</a>.</small>
				</p>

				<h2>ESP32 ESP32S2 AnalogWrite</h2>
				<p>
					Version: <b>2.0.9</b>
					<br />
					<a href="https://www.arduino.cc/reference/en/libraries/esp32-esp32s2-analogwrite/">More details</a>
				</p>

				<h2>Compatibility matrix</h2>
				<table class="table table-bordered">
					<tr>
						<th>Board</th>
						<th>Claims compatibility</th>
						<th>Inclusion</th>
						
						<th><pre>AnalogWriteTest</pre></th>
						
						<th><pre>Fade</pre></th>
						
					</tr>
					
					<tr>
						<td>
							<a href="#arduino%3aavr%3auno"><b>arduino:avr:uno</b></a>
							<br />
							<small>1.8.4</small>
						</td>

						
						
						
						
							<td>No</td>
							<td class="fail">FAIL</td>
						

						
							
								
									
										
											
											<td class="fail">FAIL</td>
										
									
										
									
								
							
								
							
								
							
								
							
								
							
						
							
								
									
										
									
										
											
											<td class="fail">FAIL</td>
										
									
								
							
								
							
								
							
								
							
								
							
						
					</tr>
					
					<tr>
						<td>
							<a href="#arduino%3ambed_nano%3ananorp2040connect"><b>arduino:mbed_nano:nanorp2040connect</b></a>
							<br />
							<small>2.7.2</small>
						</td>

						
						
						
						
							<td>No</td>
							<td class="fail">FAIL</td>
						

						
							
								
							
								
									
										
											
											<td class="fail">FAIL</td>
										
									
										
									
								
							
								
							
								
							
								
							
						
							
								
							
								
									
										
									
										
											
											<td class="fail">FAIL</td>
										
									
								
							
								
							
								
							
								
							
						
					</tr>
					
					<tr>
						<td>
							<a href="#arduino%3amegaavr%3anona4809"><b>arduino:megaavr:nona4809</b></a>
							<br />
							<small>1.8.7</small>
						</td>

						
						
						
						
							<td>No</td>
							<td class="fail">FAIL</td>
						

						
							
								
							
								
							
								
									
										
											
											<td class="fail">FAIL</td>
										
									
										
									
								
							
								
							
								
							
						
							
								
							
								
							
								
									
										
									
										
											
											<td class="fail">FAIL</td>
										
									
								
							
								
							
								
							
						
					</tr>
					
					<tr>
						<td>
							<a href="#arduino%3asamd%3amkrwifi1010"><b>arduino:samd:mkrwifi1010</b></a>
							<br />
							<small>1.8.12</small>
						</td>

						
						
						
						
							<td>No</td>
							<td class="fail">FAIL</td>
						

						
							
								
							
								
							
								
							
								
									
										
											
											<td class="fail">FAIL</td>
										
									
										
									
								
							
								
							
						
							
								
							
								
							
								
							
								
									
										
									
										
											
											<td class="fail">FAIL</td>
										
									
								
							
								
							
						
					</tr>
					
					<tr>
						<td>
							<a href="#esp32%3aesp32%3ad1_mini32"><b>esp32:esp32:d1_mini32</b></a>
							<br />
							<small>1.0.6</small>
						</td>

						
							<td>Yes</td>
							<td class="pass">PASS</td>
						
						
						
						

						
							
								
							
								
							
								
							
								
							
								
									
										
											<td class="pass">PASS</td>
											
										
									
										
									
								
							
						
							
								
							
								
							
								
							
								
							
								
									
										
									
										
											<td class="pass">PASS</td>
											
										
									
								
							
						
					</tr>
					
				</table>

				<h2>Compilation logs</h2>
				
				<h3 id="arduino:avr:uno">arduino:avr:uno @ 1.8.4</h3>
				<h4>Inclusion</h4>
				<p>
					Result: <b>FAIL</b>
					
					<br />This library has no main header file so an empty one was created.
					
				</p>
				<pre class="pre-scrollable">/home/ec2-user/arduino-testlib/cli-datadir/user/libraries/ESP32_AnalogWrite/analogWrite.cpp: In function &#39;int analogWriteChannel(uint8_t)&#39;:
/home/ec2-user/arduino-testlib/cli-datadir/user/libraries/ESP32_AnalogWrite/analogWrite.cpp:44:9: error: &#39;ledcSetup&#39; was not declared in this scope
         ledcSetup(channel, _analog_write_channels[i].frequency, _analog_write_channels[i].resolution);
         ^~~~~~~~~
/home/ec2-user/arduino-testlib/cli-datadir/user/libraries/ESP32_AnalogWrite/analogWrite.cpp:45:9: error: &#39;ledcAttachPin&#39; was not declared in this scope
         ledcAttachPin(pin, channel);
         ^~~~~~~~~~~~~
/home/ec2-user/arduino-testlib/cli-datadir/user/libraries/ESP32_AnalogWrite/analogWrite.cpp: In function &#39;void analogWrite(uint8_t, uint32_t, uint32_t)&#39;:
/home/ec2-user/arduino-testlib/cli-datadir/user/libraries/ESP32_AnalogWrite/analogWrite.cpp:104:5: error: &#39;ledcWrite&#39; was not declared in this scope
     ledcWrite(channel, duty);
     ^~~~~~~~~
/home/ec2-user/arduino-testlib/cli-datadir/user/libraries/ESP32_AnalogWrite/analogWrite.cpp:104:5: note: suggested alternative: &#39;bitWrite&#39;
     ledcWrite(channel, duty);
     ^~~~~~~~~
     bitWrite
Multiple libraries were found for &#34;analogWrite.h&#34;
  Used: /home/ec2-user/arduino-testlib/cli-datadir/user/libraries/ESP32_AnalogWrite
  Not used: /home/ec2-user/arduino-testlib/cli-datadir/user/libraries/ESP32Servo
  Not used: /home/ec2-user/arduino-testlib/cli-datadir/user/libraries/ESP32_ESP32S2_AnalogWrite
</pre>

					
					<h4>examples/AnalogWriteTest</h4>
					<p>
						Result: <b>FAIL</b>
					</p>
					<pre class="pre-scrollable">/home/ec2-user/arduino-testlib/cli-datadir/user/libraries/ESP32_ESP32S2_AnalogWrite/examples/AnalogWriteTest/AnalogWriteTest.ino: In function &#39;void setup()&#39;:
/home/ec2-user/arduino-testlib/cli-datadir/user/libraries/ESP32_ESP32S2_AnalogWrite/examples/AnalogWriteTest/AnalogWriteTest.ino:11:33: error: no matching function for call to &#39;analogWrite(int, int, int, int, int)&#39;
   analogWrite(4, 341, 100, 10, 0);
                                 ^
In file included from /tmp/arduino-sketch-CC9B1EFC77787A92E8AD142725683CD1/sketch/AnalogWriteTest.ino.cpp:1:0:
/home/ec2-user/arduino-testlib/cli-datadir/data/packages/arduino/hardware/avr/1.8.4/cores/arduino/Arduino.h:139:6: note: candidate: void analogWrite(uint8_t, int)
 void analogWrite(uint8_t pin, int val);
      ^~~~~~~~~~~
/home/ec2-user/arduino-testlib/cli-datadir/data/packages/arduino/hardware/avr/1.8.4/cores/arduino/Arduino.h:139:6: note:   candidate expects 2 arguments, 5 provided
In file included from /home/ec2-user/arduino-testlib/cli-datadir/user/libraries/ESP32_ESP32S2_AnalogWrite/examples/AnalogWriteTest/AnalogWriteTest.ino:3:0:
/home/ec2-user/arduino-testlib/cli-datadir/user/libraries/ESP32_AnalogWrite/analogWrite.h:21:6: note: candidate: void analogWrite(uint8_t, uint32_t, uint32_t)
 void analogWrite(uint8_t pin, uint32_t value, uint32_t valueMax = 255);
      ^~~~~~~~~~~
/home/ec2-user/arduino-testlib/cli-datadir/user/libraries/ESP32_AnalogWrite/analogWrite.h:21:6: note:   candidate expects 3 arguments, 5 provided
/home/ec2-user/arduino-testlib/cli-datadir/user/libraries/ESP32_ESP32S2_AnalogWrite/examples/AnalogWriteTest/AnalogWriteTest.ino:12:35: error: no matching function for call to &#39;analogWrite(int, int, int, int, int)&#39;
   analogWrite(5, 341, 100, 10, 341);
                                   ^
In file included from /tmp/arduino-sketch-CC9B1EFC77787A92E8AD142725683CD1/sketch/AnalogWriteTest.ino.cpp:1:0:
/home/ec2-user/arduino-testlib/cli-datadir/data/packages/arduino/hardware/avr/1.8.4/cores/arduino/Arduino.h:139:6: note: candidate: void analogWrite(uint8_t, int)
 void analogWrite(uint8_t pin, int val);
      ^~~~~~~~~~~
/home/ec2-user/arduino-testlib/cli-datadir/data/packages/arduino/hardware/avr/1.8.4/cores/arduino/Arduino.h:139:6: note:   candidate expects 2 arguments, 5 provided
In file included from /home/ec2-user/arduino-testlib/cli-datadir/user/libraries/ESP32_ESP32S2_AnalogWrite/examples/AnalogWriteTest/AnalogWriteTest.ino:3:0:
/home/ec2-user/arduino-testlib/cli-datadir/user/libraries/ESP32_AnalogWrite/analogWrite.h:21:6: note: candidate: void analogWrite(uint8_t, uint32_t, uint32_t)
 void analogWrite(uint8_t pin, uint32_t value, uint32_t valueMax = 255);
      ^~~~~~~~~~~
/home/ec2-user/arduino-testlib/cli-datadir/user/libraries/ESP32_AnalogWrite/analogWrite.h:21:6: note:   candidate expects 3 arguments, 5 provided
/home/ec2-user/arduino-testlib/cli-datadir/user/libraries/ESP32_ESP32S2_AnalogWrite/examples/AnalogWriteTest/AnalogWriteTest.ino:13:36: error: no matching function for call to &#39;analogWrite(int, int, int, int, int)&#39;
   analogWrite(12, 341, 100, 10, 682);
                                    ^
In file included from /tmp/arduino-sketch-CC9B1EFC77787A92E8AD142725683CD1/sketch/AnalogWriteTest.ino.cpp:1:0:
/home/ec2-user/arduino-testlib/cli-datadir/data/packages/arduino/hardware/avr/1.8.4/cores/arduino/Arduino.h:139:6: note: candidate: void analogWrite(uint8_t, int)
 void analogWrite(uint8_t pin, int val);
      ^~~~~~~~~~~
/home/ec2-user/arduino-testlib/cli-datadir/data/packages/arduino/hardware/avr/1.8.4/cores/arduino/Arduino.h:139:6: note:   candidate expects 2 arguments, 5 provided
In file included from /home/ec2-user/arduino-testlib/cli-datadir/user/libraries/ESP32_ESP32S2_AnalogWrite/examples/AnalogWriteTest/AnalogWriteTest.ino:3:0:
/home/ec2-user/arduino-testlib/cli-datadir/user/libraries/ESP32_AnalogWrite/analogWrite.h:21:6: note: candidate: void analogWrite(uint8_t, uint32_t, uint32_t)
 void analogWrite(uint8_t pin, uint32_t value, uint32_t valueMax = 255);
      ^~~~~~~~~~~
/home/ec2-user/arduino-testlib/cli-datadir/user/libraries/ESP32_AnalogWrite/analogWrite.h:21:6: note:   candidate expects 3 arguments, 5 provided
/home/ec2-user/arduino-testlib/cli-datadir/user/libraries/ESP32_ESP32S2_AnalogWrite/examples/AnalogWriteTest/AnalogWriteTest.ino:15:3: error: &#39;printPinsStatus&#39; was not declared in this scope
   printPinsStatus();
   ^~~~~~~~~~~~~~~
Multiple libraries were found for &#34;analogWrite.h&#34;
  Used: /home/ec2-user/arduino-testlib/cli-datadir/user/libraries/ESP32_AnalogWrite
  Not used: /home/ec2-user/arduino-testlib/cli-datadir/user/libraries/ESP32Servo
  Not used: /home/ec2-user/arduino-testlib/cli-datadir/user/libraries/ESP32_ESP32S2_AnalogWrite
</pre>
					
					<h4>examples/Fade</h4>
					<p>
						Result: <b>FAIL</b>
					</p>
					<pre class="pre-scrollable">/home/ec2-user/arduino-testlib/cli-datadir/user/libraries/ESP32_AnalogWrite/analogWrite.cpp: In function &#39;int analogWriteChannel(uint8_t)&#39;:
/home/ec2-user/arduino-testlib/cli-datadir/user/libraries/ESP32_AnalogWrite/analogWrite.cpp:44:9: error: &#39;ledcSetup&#39; was not declared in this scope
         ledcSetup(channel, _analog_write_channels[i].frequency, _analog_write_channels[i].resolution);
         ^~~~~~~~~
/home/ec2-user/arduino-testlib/cli-datadir/user/libraries/ESP32_AnalogWrite/analogWrite.cpp:45:9: error: &#39;ledcAttachPin&#39; was not declared in this scope
         ledcAttachPin(pin, channel);
         ^~~~~~~~~~~~~
/home/ec2-user/arduino-testlib/cli-datadir/user/libraries/ESP32_AnalogWrite/analogWrite.cpp: In function &#39;void analogWrite(uint8_t, uint32_t, uint32_t)&#39;:
/home/ec2-user/arduino-testlib/cli-datadir/user/libraries/ESP32_AnalogWrite/analogWrite.cpp:104:5: error: &#39;ledcWrite&#39; was not declared in this scope
     ledcWrite(channel, duty);
     ^~~~~~~~~
/home/ec2-user/arduino-testlib/cli-datadir/user/libraries/ESP32_AnalogWrite/analogWrite.cpp:104:5: note: suggested alternative: &#39;bitWrite&#39;
     ledcWrite(channel, duty);
     ^~~~~~~~~
     bitWrite
Multiple libraries were found for &#34;analogWrite.h&#34;
  Used: /home/ec2-user/arduino-testlib/cli-datadir/user/libraries/ESP32_AnalogWrite
  Not used: /home/ec2-user/arduino-testlib/cli-datadir/user/libraries/ESP32_ESP32S2_AnalogWrite
  Not used: /home/ec2-user/arduino-testlib/cli-datadir/user/libraries/ESP32Servo
</pre>
					
				
				<h3 id="arduino:mbed_nano:nanorp2040connect">arduino:mbed_nano:nanorp2040connect @ 2.7.2</h3>
				<h4>Inclusion</h4>
				<p>
					Result: <b>FAIL</b>
					
					<br />This library has no main header file so an empty one was created.
					
				</p>
				<pre class="pre-scrollable">/home/ec2-user/arduino-testlib/cli-datadir/user/libraries/ESP32_AnalogWrite/analogWrite.cpp: In function &#39;int analogWriteChannel(uint8_t)&#39;:
/home/ec2-user/arduino-testlib/cli-datadir/user/libraries/ESP32_AnalogWrite/analogWrite.cpp:44:9: error: &#39;ledcSetup&#39; was not declared in this scope
         ledcSetup(channel, _analog_write_channels[i].frequency, _analog_write_channels[i].resolution);
         ^~~~~~~~~
/home/ec2-user/arduino-testlib/cli-datadir/user/libraries/ESP32_AnalogWrite/analogWrite.cpp:45:9: error: &#39;ledcAttachPin&#39; was not declared in this scope
         ledcAttachPin(pin, channel);
         ^~~~~~~~~~~~~
/home/ec2-user/arduino-testlib/cli-datadir/user/libraries/ESP32_AnalogWrite/analogWrite.cpp: In function &#39;void analogWrite(uint8_t, uint32_t, uint32_t)&#39;:
/home/ec2-user/arduino-testlib/cli-datadir/user/libraries/ESP32_AnalogWrite/analogWrite.cpp:104:5: error: &#39;ledcWrite&#39; was not declared in this scope
     ledcWrite(channel, duty);
     ^~~~~~~~~
/home/ec2-user/arduino-testlib/cli-datadir/user/libraries/ESP32_AnalogWrite/analogWrite.cpp:104:5: note: suggested alternative: &#39;bitWrite&#39;
     ledcWrite(channel, duty);
     ^~~~~~~~~
     bitWrite
Multiple libraries were found for &#34;analogWrite.h&#34;
  Used: /home/ec2-user/arduino-testlib/cli-datadir/user/libraries/ESP32_AnalogWrite
  Not used: /home/ec2-user/arduino-testlib/cli-datadir/user/libraries/ESP32_ESP32S2_AnalogWrite
  Not used: /home/ec2-user/arduino-testlib/cli-datadir/user/libraries/ESP32Servo
</pre>

					
					<h4>examples/AnalogWriteTest</h4>
					<p>
						Result: <b>FAIL</b>
					</p>
					<pre class="pre-scrollable">/home/ec2-user/arduino-testlib/cli-datadir/user/libraries/ESP32_ESP32S2_AnalogWrite/examples/AnalogWriteTest/AnalogWriteTest.ino: In function &#39;void setup()&#39;:
/home/ec2-user/arduino-testlib/cli-datadir/user/libraries/ESP32_ESP32S2_AnalogWrite/examples/AnalogWriteTest/AnalogWriteTest.ino:11:33: error: no matching function for call to &#39;analogWrite(int, int, int, int, int)&#39;
   analogWrite(4, 341, 100, 10, 0);
                                 ^
In file included from /home/ec2-user/arduino-testlib/cli-datadir/data/packages/arduino/hardware/mbed_nano/2.7.2/variants/NANO_RP2040_CONNECT/pinmode_arduino.h:30:0,
                 from /home/ec2-user/arduino-testlib/cli-datadir/data/packages/arduino/hardware/mbed_nano/2.7.2/cores/arduino/Arduino.h:26,
                 from /tmp/arduino-sketch-CC9B1EFC77787A92E8AD142725683CD1/sketch/AnalogWriteTest.ino.cpp:1:
/home/ec2-user/arduino-testlib/cli-datadir/data/packages/arduino/hardware/mbed_nano/2.7.2/cores/arduino/api/Common.h:100:6: note: candidate: void analogWrite(pin_size_t, int)
 void analogWrite(pin_size_t pinNumber, int value);
      ^~~~~~~~~~~
/home/ec2-user/arduino-testlib/cli-datadir/data/packages/arduino/hardware/mbed_nano/2.7.2/cores/arduino/api/Common.h:100:6: note:   candidate expects 2 arguments, 5 provided
In file included from /home/ec2-user/arduino-testlib/cli-datadir/data/packages/arduino/hardware/mbed_nano/2.7.2/variants/NANO_RP2040_CONNECT/pins_arduino.h:127:0,
                 from /home/ec2-user/arduino-testlib/cli-datadir/data/packages/arduino/hardware/mbed_nano/2.7.2/cores/arduino/Arduino.h:76,
                 from /tmp/arduino-sketch-CC9B1EFC77787A92E8AD142725683CD1/sketch/AnalogWriteTest.ino.cpp:1:
/home/ec2-user/arduino-testlib/cli-datadir/data/packages/arduino/hardware/mbed_nano/2.7.2/variants/NANO_RP2040_CONNECT/nina_pins.h:62:26: note: candidate: void analogWrite(NinaPin, int)
 void      NINA_ATTRIBUTE analogWrite (NinaPin pin, int value);
                          ^~~~~~~~~~~
/home/ec2-user/arduino-testlib/cli-datadir/data/packages/arduino/hardware/mbed_nano/2.7.2/variants/NANO_RP2040_CONNECT/nina_pins.h:62:26: note:   candidate expects 2 arguments, 5 provided
In file included from /home/ec2-user/arduino-testlib/cli-datadir/data/packages/arduino/hardware/mbed_nano/2.7.2/cores/arduino/Arduino.h:115:0,
                 from /tmp/arduino-sketch-CC9B1EFC77787A92E8AD142725683CD1/sketch/AnalogWriteTest.ino.cpp:1:
/home/ec2-user/arduino-testlib/cli-datadir/data/packages/arduino/hardware/mbed_nano/2.7.2/cores/arduino/overloads.h:27:6: note: candidate: void analogWrite(PinName, int)
 void analogWrite(PinName pinNumber, int value);
      ^~~~~~~~~~~
/home/ec2-user/arduino-testlib/cli-datadir/data/packages/arduino/hardware/mbed_nano/2.7.2/cores/arduino/overloads.h:27:6: note:   candidate expects 2 arguments, 5 provided
In file included from /home/ec2-user/arduino-testlib/cli-datadir/user/libraries/ESP32_ESP32S2_AnalogWrite/examples/AnalogWriteTest/AnalogWriteTest.ino:3:0:
/home/ec2-user/arduino-testlib/cli-datadir/user/libraries/ESP32_AnalogWrite/analogWrite.h:21:6: note: candidate: void analogWrite(uint8_t, uint32_t, uint32_t)
 void analogWrite(uint8_t pin, uint32_t value, uint32_t valueMax = 255);
      ^~~~~~~~~~~
/home/ec2-user/arduino-testlib/cli-datadir/user/libraries/ESP32_AnalogWrite/analogWrite.h:21:6: note:   candidate expects 3 arguments, 5 provided
/home/ec2-user/arduino-testlib/cli-datadir/user/libraries/ESP32_ESP32S2_AnalogWrite/examples/AnalogWriteTest/AnalogWriteTest.ino:12:35: error: no matching function for call to &#39;analogWrite(int, int, int, int, int)&#39;
   analogWrite(5, 341, 100, 10, 341);
                                   ^
In file included from /home/ec2-user/arduino-testlib/cli-datadir/data/packages/arduino/hardware/mbed_nano/2.7.2/variants/NANO_RP2040_CONNECT/pinmode_arduino.h:30:0,
                 from /home/ec2-user/arduino-testlib/cli-datadir/data/packages/arduino/hardware/mbed_nano/2.7.2/cores/arduino/Arduino.h:26,
                 from /tmp/arduino-sketch-CC9B1EFC77787A92E8AD142725683CD1/sketch/AnalogWriteTest.ino.cpp:1:
/home/ec2-user/arduino-testlib/cli-datadir/data/packages/arduino/hardware/mbed_nano/2.7.2/cores/arduino/api/Common.h:100:6: note: candidate: void analogWrite(pin_size_t, int)
 void analogWrite(pin_size_t pinNumber, int value);
      ^~~~~~~~~~~
/home/ec2-user/arduino-testlib/cli-datadir/data/packages/arduino/hardware/mbed_nano/2.7.2/cores/arduino/api/Common.h:100:6: note:   candidate expects 2 arguments, 5 provided
In file included from /home/ec2-user/arduino-testlib/cli-datadir/data/packages/arduino/hardware/mbed_nano/2.7.2/variants/NANO_RP2040_CONNECT/pins_arduino.h:127:0,
                 from /home/ec2-user/arduino-testlib/cli-datadir/data/packages/arduino/hardware/mbed_nano/2.7.2/cores/arduino/Arduino.h:76,
                 from /tmp/arduino-sketch-CC9B1EFC77787A92E8AD142725683CD1/sketch/AnalogWriteTest.ino.cpp:1:
/home/ec2-user/arduino-testlib/cli-datadir/data/packages/arduino/hardware/mbed_nano/2.7.2/variants/NANO_RP2040_CONNECT/nina_pins.h:62:26: note: candidate: void analogWrite(NinaPin, int)
 void      NINA_ATTRIBUTE analogWrite (NinaPin pin, int value);
                          ^~~~~~~~~~~
/home/ec2-user/arduino-testlib/cli-datadir/data/packages/arduino/hardware/mbed_nano/2.7.2/variants/NANO_RP2040_CONNECT/nina_pins.h:62:26: note:   candidate expects 2 arguments, 5 provided
In file included from /home/ec2-user/arduino-testlib/cli-datadir/data/packages/arduino/hardware/mbed_nano/2.7.2/cores/arduino/Arduino.h:115:0,
                 from /tmp/arduino-sketch-CC9B1EFC77787A92E8AD142725683CD1/sketch/AnalogWriteTest.ino.cpp:1:
/home/ec2-user/arduino-testlib/cli-datadir/data/packages/arduino/hardware/mbed_nano/2.7.2/cores/arduino/overloads.h:27:6: note: candidate: void analogWrite(PinName, int)
 void analogWrite(PinName pinNumber, int value);
      ^~~~~~~~~~~
/home/ec2-user/arduino-testlib/cli-datadir/data/packages/arduino/hardware/mbed_nano/2.7.2/cores/arduino/overloads.h:27:6: note:   candidate expects 2 arguments, 5 provided
In file included from /home/ec2-user/arduino-testlib/cli-datadir/user/libraries/ESP32_ESP32S2_AnalogWrite/examples/AnalogWriteTest/AnalogWriteTest.ino:3:0:
/home/ec2-user/arduino-testlib/cli-datadir/user/libraries/ESP32_AnalogWrite/analogWrite.h:21:6: note: candidate: void analogWrite(uint8_t, uint32_t, uint32_t)
 void analogWrite(uint8_t pin, uint32_t value, uint32_t valueMax = 255);
      ^~~~~~~~~~~
/home/ec2-user/arduino-testlib/cli-datadir/user/libraries/ESP32_AnalogWrite/analogWrite.h:21:6: note:   candidate expects 3 arguments, 5 provided
/home/ec2-user/arduino-testlib/cli-datadir/user/libraries/ESP32_ESP32S2_AnalogWrite/examples/AnalogWriteTest/AnalogWriteTest.ino:13:36: error: no matching function for call to &#39;analogWrite(int, int, int, int, int)&#39;
   analogWrite(12, 341, 100, 10, 682);
                                    ^
In file included from /home/ec2-user/arduino-testlib/cli-datadir/data/packages/arduino/hardware/mbed_nano/2.7.2/variants/NANO_RP2040_CONNECT/pinmode_arduino.h:30:0,
                 from /home/ec2-user/arduino-testlib/cli-datadir/data/packages/arduino/hardware/mbed_nano/2.7.2/cores/arduino/Arduino.h:26,
                 from /tmp/arduino-sketch-CC9B1EFC77787A92E8AD142725683CD1/sketch/AnalogWriteTest.ino.cpp:1:
/home/ec2-user/arduino-testlib/cli-datadir/data/packages/arduino/hardware/mbed_nano/2.7.2/cores/arduino/api/Common.h:100:6: note: candidate: void analogWrite(pin_size_t, int)
 void analogWrite(pin_size_t pinNumber, int value);
      ^~~~~~~~~~~
/home/ec2-user/arduino-testlib/cli-datadir/data/packages/arduino/hardware/mbed_nano/2.7.2/cores/arduino/api/Common.h:100:6: note:   candidate expects 2 arguments, 5 provided
In file included from /home/ec2-user/arduino-testlib/cli-datadir/data/packages/arduino/hardware/mbed_nano/2.7.2/variants/NANO_RP2040_CONNECT/pins_arduino.h:127:0,
                 from /home/ec2-user/arduino-testlib/cli-datadir/data/packages/arduino/hardware/mbed_nano/2.7.2/cores/arduino/Arduino.h:76,
                 from /tmp/arduino-sketch-CC9B1EFC77787A92E8AD142725683CD1/sketch/AnalogWriteTest.ino.cpp:1:
/home/ec2-user/arduino-testlib/cli-datadir/data/packages/arduino/hardware/mbed_nano/2.7.2/variants/NANO_RP2040_CONNECT/nina_pins.h:62:26: note: candidate: void analogWrite(NinaPin, int)
 void      NINA_ATTRIBUTE analogWrite (NinaPin pin, int value);
                          ^~~~~~~~~~~
/home/ec2-user/arduino-testlib/cli-datadir/data/packages/arduino/hardware/mbed_nano/2.7.2/variants/NANO_RP2040_CONNECT/nina_pins.h:62:26: note:   candidate expects 2 arguments, 5 provided
In file included from /home/ec2-user/arduino-testlib/cli-datadir/data/packages/arduino/hardware/mbed_nano/2.7.2/cores/arduino/Arduino.h:115:0,
                 from /tmp/arduino-sketch-CC9B1EFC77787A92E8AD142725683CD1/sketch/AnalogWriteTest.ino.cpp:1:
/home/ec2-user/arduino-testlib/cli-datadir/data/packages/arduino/hardware/mbed_nano/2.7.2/cores/arduino/overloads.h:27:6: note: candidate: void analogWrite(PinName, int)
 void analogWrite(PinName pinNumber, int value);
      ^~~~~~~~~~~
/home/ec2-user/arduino-testlib/cli-datadir/data/packages/arduino/hardware/mbed_nano/2.7.2/cores/arduino/overloads.h:27:6: note:   candidate expects 2 arguments, 5 provided
In file included from /home/ec2-user/arduino-testlib/cli-datadir/user/libraries/ESP32_ESP32S2_AnalogWrite/examples/AnalogWriteTest/AnalogWriteTest.ino:3:0:
/home/ec2-user/arduino-testlib/cli-datadir/user/libraries/ESP32_AnalogWrite/analogWrite.h:21:6: note: candidate: void analogWrite(uint8_t, uint32_t, uint32_t)
 void analogWrite(uint8_t pin, uint32_t value, uint32_t valueMax = 255);
      ^~~~~~~~~~~
/home/ec2-user/arduino-testlib/cli-datadir/user/libraries/ESP32_AnalogWrite/analogWrite.h:21:6: note:   candidate expects 3 arguments, 5 provided
/home/ec2-user/arduino-testlib/cli-datadir/user/libraries/ESP32_ESP32S2_AnalogWrite/examples/AnalogWriteTest/AnalogWriteTest.ino:15:3: error: &#39;printPinsStatus&#39; was not decl</pre>
					
					<h4>examples/Fade</h4>
					<p>
						Result: <b>FAIL</b>
					</p>
					<pre class="pre-scrollable">/home/ec2-user/arduino-testlib/cli-datadir/user/libraries/ESP32_AnalogWrite/analogWrite.cpp: In function &#39;int analogWriteChannel(uint8_t)&#39;:
/home/ec2-user/arduino-testlib/cli-datadir/user/libraries/ESP32_AnalogWrite/analogWrite.cpp:44:9: error: &#39;ledcSetup&#39; was not declared in this scope
         ledcSetup(channel, _analog_write_channels[i].frequency, _analog_write_channels[i].resolution);
         ^~~~~~~~~
/home/ec2-user/arduino-testlib/cli-datadir/user/libraries/ESP32_AnalogWrite/analogWrite.cpp:45:9: error: &#39;ledcAttachPin&#39; was not declared in this scope
         ledcAttachPin(pin, channel);
         ^~~~~~~~~~~~~
/home/ec2-user/arduino-testlib/cli-datadir/user/libraries/ESP32_AnalogWrite/analogWrite.cpp: In function &#39;void analogWrite(uint8_t, uint32_t, uint32_t)&#39;:
/home/ec2-user/arduino-testlib/cli-datadir/user/libraries/ESP32_AnalogWrite/analogWrite.cpp:104:5: error: &#39;ledcWrite&#39; was not declared in this scope
     ledcWrite(channel, duty);
     ^~~~~~~~~
/home/ec2-user/arduino-testlib/cli-datadir/user/libraries/ESP32_AnalogWrite/analogWrite.cpp:104:5: note: suggested alternative: &#39;bitWrite&#39;
     ledcWrite(channel, duty);
     ^~~~~~~~~
     bitWrite
Multiple libraries were found for &#34;analogWrite.h&#34;
  Used: /home/ec2-user/arduino-testlib/cli-datadir/user/libraries/ESP32_AnalogWrite
  Not used: /home/ec2-user/arduino-testlib/cli-datadir/user/libraries/ESP32Servo
  Not used: /home/ec2-user/arduino-testlib/cli-datadir/user/libraries/ESP32_ESP32S2_AnalogWrite
</pre>
					
				
				<h3 id="arduino:megaavr:nona4809">arduino:megaavr:nona4809 @ 1.8.7</h3>
				<h4>Inclusion</h4>
				<p>
					Result: <b>FAIL</b>
					
					<br />This library has no main header file so an empty one was created.
					
				</p>
				<pre class="pre-scrollable">/home/ec2-user/arduino-testlib/cli-datadir/user/libraries/ESP32_AnalogWrite/analogWrite.cpp: In function &#39;int analogWriteChannel(uint8_t)&#39;:
/home/ec2-user/arduino-testlib/cli-datadir/user/libraries/ESP32_AnalogWrite/analogWrite.cpp:44:9: error: &#39;ledcSetup&#39; was not declared in this scope
         ledcSetup(channel, _analog_write_channels[i].frequency, _analog_write_channels[i].resolution);
         ^~~~~~~~~
/home/ec2-user/arduino-testlib/cli-datadir/user/libraries/ESP32_AnalogWrite/analogWrite.cpp:45:9: error: &#39;ledcAttachPin&#39; was not declared in this scope
         ledcAttachPin(pin, channel);
         ^~~~~~~~~~~~~
/home/ec2-user/arduino-testlib/cli-datadir/user/libraries/ESP32_AnalogWrite/analogWrite.cpp: In function &#39;void analogWrite(uint8_t, uint32_t, uint32_t)&#39;:
/home/ec2-user/arduino-testlib/cli-datadir/user/libraries/ESP32_AnalogWrite/analogWrite.cpp:104:5: error: &#39;ledcWrite&#39; was not declared in this scope
     ledcWrite(channel, duty);
     ^~~~~~~~~
/home/ec2-user/arduino-testlib/cli-datadir/user/libraries/ESP32_AnalogWrite/analogWrite.cpp:104:5: note: suggested alternative: &#39;bitWrite&#39;
     ledcWrite(channel, duty);
     ^~~~~~~~~
     bitWrite
Multiple libraries were found for &#34;analogWrite.h&#34;
  Used: /home/ec2-user/arduino-testlib/cli-datadir/user/libraries/ESP32_AnalogWrite
  Not used: /home/ec2-user/arduino-testlib/cli-datadir/user/libraries/ESP32_ESP32S2_AnalogWrite
  Not used: /home/ec2-user/arduino-testlib/cli-datadir/user/libraries/ESP32Servo
</pre>

					
					<h4>examples/AnalogWriteTest</h4>
					<p>
						Result: <b>FAIL</b>
					</p>
					<pre class="pre-scrollable">/home/ec2-user/arduino-testlib/cli-datadir/user/libraries/ESP32_ESP32S2_AnalogWrite/examples/AnalogWriteTest/AnalogWriteTest.ino: In function &#39;void setup()&#39;:
/home/ec2-user/arduino-testlib/cli-datadir/user/libraries/ESP32_ESP32S2_AnalogWrite/examples/AnalogWriteTest/AnalogWriteTest.ino:11:33: error: no matching function for call to &#39;analogWrite(int, int, int, int, int)&#39;
   analogWrite(4, 341, 100, 10, 0);
                                 ^
In file included from /home/ec2-user/arduino-testlib/cli-datadir/data/packages/arduino/hardware/megaavr/1.8.7/cores/arduino/api/Interrupts.h:8:0,
                 from /home/ec2-user/arduino-testlib/cli-datadir/data/packages/arduino/hardware/megaavr/1.8.7/cores/arduino/api/ArduinoAPI.h:29,
                 from /home/ec2-user/arduino-testlib/cli-datadir/data/packages/arduino/hardware/megaavr/1.8.7/cores/arduino/Arduino.h:23,
                 from /tmp/arduino-sketch-CC9B1EFC77787A92E8AD142725683CD1/sketch/AnalogWriteTest.ino.cpp:1:
/home/ec2-user/arduino-testlib/cli-datadir/data/packages/arduino/hardware/megaavr/1.8.7/cores/arduino/api/Common.h:99:6: note: candidate: void analogWrite(pin_size_t, int)
 void analogWrite(pin_size_t pinNumber, int value);
      ^~~~~~~~~~~
/home/ec2-user/arduino-testlib/cli-datadir/data/packages/arduino/hardware/megaavr/1.8.7/cores/arduino/api/Common.h:99:6: note:   candidate expects 2 arguments, 5 provided
In file included from /home/ec2-user/arduino-testlib/cli-datadir/user/libraries/ESP32_ESP32S2_AnalogWrite/examples/AnalogWriteTest/AnalogWriteTest.ino:3:0:
/home/ec2-user/arduino-testlib/cli-datadir/user/libraries/ESP32_AnalogWrite/analogWrite.h:21:6: note: candidate: void analogWrite(uint8_t, uint32_t, uint32_t)
 void analogWrite(uint8_t pin, uint32_t value, uint32_t valueMax = 255);
      ^~~~~~~~~~~
/home/ec2-user/arduino-testlib/cli-datadir/user/libraries/ESP32_AnalogWrite/analogWrite.h:21:6: note:   candidate expects 3 arguments, 5 provided
/home/ec2-user/arduino-testlib/cli-datadir/user/libraries/ESP32_ESP32S2_AnalogWrite/examples/AnalogWriteTest/AnalogWriteTest.ino:12:35: error: no matching function for call to &#39;analogWrite(int, int, int, int, int)&#39;
   analogWrite(5, 341, 100, 10, 341);
                                   ^
In file included from /home/ec2-user/arduino-testlib/cli-datadir/data/packages/arduino/hardware/megaavr/1.8.7/cores/arduino/api/Interrupts.h:8:0,
                 from /home/ec2-user/arduino-testlib/cli-datadir/data/packages/arduino/hardware/megaavr/1.8.7/cores/arduino/api/ArduinoAPI.h:29,
                 from /home/ec2-user/arduino-testlib/cli-datadir/data/packages/arduino/hardware/megaavr/1.8.7/cores/arduino/Arduino.h:23,
                 from /tmp/arduino-sketch-CC9B1EFC77787A92E8AD142725683CD1/sketch/AnalogWriteTest.ino.cpp:1:
/home/ec2-user/arduino-testlib/cli-datadir/data/packages/arduino/hardware/megaavr/1.8.7/cores/arduino/api/Common.h:99:6: note: candidate: void analogWrite(pin_size_t, int)
 void analogWrite(pin_size_t pinNumber, int value);
      ^~~~~~~~~~~
/home/ec2-user/arduino-testlib/cli-datadir/data/packages/arduino/hardware/megaavr/1.8.7/cores/arduino/api/Common.h:99:6: note:   candidate expects 2 arguments, 5 provided
In file included from /home/ec2-user/arduino-testlib/cli-datadir/user/libraries/ESP32_ESP32S2_AnalogWrite/examples/AnalogWriteTest/AnalogWriteTest.ino:3:0:
/home/ec2-user/arduino-testlib/cli-datadir/user/libraries/ESP32_AnalogWrite/analogWrite.h:21:6: note: candidate: void analogWrite(uint8_t, uint32_t, uint32_t)
 void analogWrite(uint8_t pin, uint32_t value, uint32_t valueMax = 255);
      ^~~~~~~~~~~
/home/ec2-user/arduino-testlib/cli-datadir/user/libraries/ESP32_AnalogWrite/analogWrite.h:21:6: note:   candidate expects 3 arguments, 5 provided
/home/ec2-user/arduino-testlib/cli-datadir/user/libraries/ESP32_ESP32S2_AnalogWrite/examples/AnalogWriteTest/AnalogWriteTest.ino:13:36: error: no matching function for call to &#39;analogWrite(int, int, int, int, int)&#39;
   analogWrite(12, 341, 100, 10, 682);
                                    ^
In file included from /home/ec2-user/arduino-testlib/cli-datadir/data/packages/arduino/hardware/megaavr/1.8.7/cores/arduino/api/Interrupts.h:8:0,
                 from /home/ec2-user/arduino-testlib/cli-datadir/data/packages/arduino/hardware/megaavr/1.8.7/cores/arduino/api/ArduinoAPI.h:29,
                 from /home/ec2-user/arduino-testlib/cli-datadir/data/packages/arduino/hardware/megaavr/1.8.7/cores/arduino/Arduino.h:23,
                 from /tmp/arduino-sketch-CC9B1EFC77787A92E8AD142725683CD1/sketch/AnalogWriteTest.ino.cpp:1:
/home/ec2-user/arduino-testlib/cli-datadir/data/packages/arduino/hardware/megaavr/1.8.7/cores/arduino/api/Common.h:99:6: note: candidate: void analogWrite(pin_size_t, int)
 void analogWrite(pin_size_t pinNumber, int value);
      ^~~~~~~~~~~
/home/ec2-user/arduino-testlib/cli-datadir/data/packages/arduino/hardware/megaavr/1.8.7/cores/arduino/api/Common.h:99:6: note:   candidate expects 2 arguments, 5 provided
In file included from /home/ec2-user/arduino-testlib/cli-datadir/user/libraries/ESP32_ESP32S2_AnalogWrite/examples/AnalogWriteTest/AnalogWriteTest.ino:3:0:
/home/ec2-user/arduino-testlib/cli-datadir/user/libraries/ESP32_AnalogWrite/analogWrite.h:21:6: note: candidate: void analogWrite(uint8_t, uint32_t, uint32_t)
 void analogWrite(uint8_t pin, uint32_t value, uint32_t valueMax = 255);
      ^~~~~~~~~~~
/home/ec2-user/arduino-testlib/cli-datadir/user/libraries/ESP32_AnalogWrite/analogWrite.h:21:6: note:   candidate expects 3 arguments, 5 provided
/home/ec2-user/arduino-testlib/cli-datadir/user/libraries/ESP32_ESP32S2_AnalogWrite/examples/AnalogWriteTest/AnalogWriteTest.ino:15:3: error: &#39;printPinsStatus&#39; was not declared in this scope
   printPinsStatus();
   ^~~~~~~~~~~~~~~
/home/ec2-user/arduino-testlib/cli-datadir/user/libraries/ESP32_ESP32S2_AnalogWrite/examples/AnalogWriteTest/AnalogWriteTest.ino:15:3: note: suggested alternative: &#39;PinStatus&#39;
   printPinsStatus();
   ^~~~~~~~~~~~~~~
   PinStatus
Multiple libraries were found for &#34;analogWrite.h&#34;
  Used: /home/ec2-user/arduino-testlib/cli-datadir/user/libraries/ESP32_AnalogWrite
  Not used: /home/ec2-user/arduino-testlib/cli-datadir/user/libraries/ESP32Servo
  Not used: /home/ec2-user/arduino-testlib/cli-datadir/user/libraries/ESP32_ESP32S2_AnalogWrite
</pre>
					
					<h4>examples/Fade</h4>
					<p>
						Result: <b>FAIL</b>
					</p>
					<pre class="pre-scrollable">/home/ec2-user/arduino-testlib/cli-datadir/user/libraries/ESP32_AnalogWrite/analogWrite.cpp: In function &#39;int analogWriteChannel(uint8_t)&#39;:
/home/ec2-user/arduino-testlib/cli-datadir/user/libraries/ESP32_AnalogWrite/analogWrite.cpp:44:9: error: &#39;ledcSetup&#39; was not declared in this scope
         ledcSetup(channel, _analog_write_channels[i].frequency, _analog_write_channels[i].resolution);
         ^~~~~~~~~
/home/ec2-user/arduino-testlib/cli-datadir/user/libraries/ESP32_AnalogWrite/analogWrite.cpp:45:9: error: &#39;ledcAttachPin&#39; was not declared in this scope
         ledcAttachPin(pin, channel);
         ^~~~~~~~~~~~~
/home/ec2-user/arduino-testlib/cli-datadir/user/libraries/ESP32_AnalogWrite/analogWrite.cpp: In function &#39;void analogWrite(uint8_t, uint32_t, uint32_t)&#39;:
/home/ec2-user/arduino-testlib/cli-datadir/user/libraries/ESP32_AnalogWrite/analogWrite.cpp:104:5: error: &#39;ledcWrite&#39; was not declared in this scope
     ledcWrite(channel, duty);
     ^~~~~~~~~
/home/ec2-user/arduino-testlib/cli-datadir/user/libraries/ESP32_AnalogWrite/analogWrite.cpp:104:5: note: suggested alternative: &#39;bitWrite&#39;
     ledcWrite(channel, duty);
     ^~~~~~~~~
     bitWrite
Multiple libraries were found for &#34;analogWrite.h&#34;
  Used: /home/ec2-user/arduino-testlib/cli-datadir/user/libraries/ESP32_AnalogWrite
  Not used: /home/ec2-user/arduino-testlib/cli-datadir/user/libraries/ESP32_ESP32S2_AnalogWrite
  Not used: /home/ec2-user/arduino-testlib/cli-datadir/user/libraries/ESP32Servo
</pre>
					
				
				<h3 id="arduino:samd:mkrwifi1010">arduino:samd:mkrwifi1010 @ 1.8.12</h3>
				<h4>Inclusion</h4>
				<p>
					Result: <b>FAIL</b>
					
					<br />This library has no main header file so an empty one was created.
					
				</p>
				<pre class="pre-scrollable">/home/ec2-user/arduino-testlib/cli-datadir/user/libraries/ESP32_AnalogWrite/analogWrite.cpp: In function &#39;int analogWriteChannel(uint8_t)&#39;:
/home/ec2-user/arduino-testlib/cli-datadir/user/libraries/ESP32_AnalogWrite/analogWrite.cpp:44:9: error: &#39;ledcSetup&#39; was not declared in this scope
         ledcSetup(channel, _analog_write_channels[i].frequency, _analog_write_channels[i].resolution);
         ^~~~~~~~~
/home/ec2-user/arduino-testlib/cli-datadir/user/libraries/ESP32_AnalogWrite/analogWrite.cpp:45:9: error: &#39;ledcAttachPin&#39; was not declared in this scope
         ledcAttachPin(pin, channel);
         ^~~~~~~~~~~~~
/home/ec2-user/arduino-testlib/cli-datadir/user/libraries/ESP32_AnalogWrite/analogWrite.cpp: In function &#39;void analogWrite(uint8_t, uint32_t, uint32_t)&#39;:
/home/ec2-user/arduino-testlib/cli-datadir/user/libraries/ESP32_AnalogWrite/analogWrite.cpp:104:5: error: &#39;ledcWrite&#39; was not declared in this scope
     ledcWrite(channel, duty);
     ^~~~~~~~~
/home/ec2-user/arduino-testlib/cli-datadir/user/libraries/ESP32_AnalogWrite/analogWrite.cpp:104:5: note: suggested alternative: &#39;bitWrite&#39;
     ledcWrite(channel, duty);
     ^~~~~~~~~
     bitWrite
Multiple libraries were found for &#34;analogWrite.h&#34;
  Used: /home/ec2-user/arduino-testlib/cli-datadir/user/libraries/ESP32_AnalogWrite
  Not used: /home/ec2-user/arduino-testlib/cli-datadir/user/libraries/ESP32_ESP32S2_AnalogWrite
  Not used: /home/ec2-user/arduino-testlib/cli-datadir/user/libraries/ESP32Servo
</pre>

					
					<h4>examples/AnalogWriteTest</h4>
					<p>
						Result: <b>FAIL</b>
					</p>
					<pre class="pre-scrollable">/home/ec2-user/arduino-testlib/cli-datadir/user/libraries/ESP32_ESP32S2_AnalogWrite/examples/AnalogWriteTest/AnalogWriteTest.ino: In function &#39;void setup()&#39;:
/home/ec2-user/arduino-testlib/cli-datadir/user/libraries/ESP32_ESP32S2_AnalogWrite/examples/AnalogWriteTest/AnalogWriteTest.ino:11:33: error: no matching function for call to &#39;analogWrite(int, int, int, int, int)&#39;
   analogWrite(4, 341, 100, 10, 0);
                                 ^
In file included from /home/ec2-user/arduino-testlib/cli-datadir/data/packages/arduino/hardware/samd/1.8.12/cores/arduino/api/Interrupts.h:8:0,
                 from /home/ec2-user/arduino-testlib/cli-datadir/data/packages/arduino/hardware/samd/1.8.12/cores/arduino/api/ArduinoAPI.h:29,
                 from /home/ec2-user/arduino-testlib/cli-datadir/data/packages/arduino/hardware/samd/1.8.12/cores/arduino/Arduino.h:23,
                 from /tmp/arduino-sketch-CC9B1EFC77787A92E8AD142725683CD1/sketch/AnalogWriteTest.ino.cpp:1:
/home/ec2-user/arduino-testlib/cli-datadir/data/packages/arduino/hardware/samd/1.8.12/cores/arduino/api/Common.h:99:6: note: candidate: void analogWrite(pin_size_t, int)
 void analogWrite(pin_size_t pinNumber, int value);
      ^~~~~~~~~~~
/home/ec2-user/arduino-testlib/cli-datadir/data/packages/arduino/hardware/samd/1.8.12/cores/arduino/api/Common.h:99:6: note:   candidate expects 2 arguments, 5 provided
In file included from /home/ec2-user/arduino-testlib/cli-datadir/user/libraries/ESP32_ESP32S2_AnalogWrite/examples/AnalogWriteTest/AnalogWriteTest.ino:3:0:
/home/ec2-user/arduino-testlib/cli-datadir/user/libraries/ESP32_AnalogWrite/analogWrite.h:21:6: note: candidate: void analogWrite(uint8_t, uint32_t, uint32_t)
 void analogWrite(uint8_t pin, uint32_t value, uint32_t valueMax = 255);
      ^~~~~~~~~~~
/home/ec2-user/arduino-testlib/cli-datadir/user/libraries/ESP32_AnalogWrite/analogWrite.h:21:6: note:   candidate expects 3 arguments, 5 provided
/home/ec2-user/arduino-testlib/cli-datadir/user/libraries/ESP32_ESP32S2_AnalogWrite/examples/AnalogWriteTest/AnalogWriteTest.ino:12:35: error: no matching function for call to &#39;analogWrite(int, int, int, int, int)&#39;
   analogWrite(5, 341, 100, 10, 341);
                                   ^
In file included from /home/ec2-user/arduino-testlib/cli-datadir/data/packages/arduino/hardware/samd/1.8.12/cores/arduino/api/Interrupts.h:8:0,
                 from /home/ec2-user/arduino-testlib/cli-datadir/data/packages/arduino/hardware/samd/1.8.12/cores/arduino/api/ArduinoAPI.h:29,
                 from /home/ec2-user/arduino-testlib/cli-datadir/data/packages/arduino/hardware/samd/1.8.12/cores/arduino/Arduino.h:23,
                 from /tmp/arduino-sketch-CC9B1EFC77787A92E8AD142725683CD1/sketch/AnalogWriteTest.ino.cpp:1:
/home/ec2-user/arduino-testlib/cli-datadir/data/packages/arduino/hardware/samd/1.8.12/cores/arduino/api/Common.h:99:6: note: candidate: void analogWrite(pin_size_t, int)
 void analogWrite(pin_size_t pinNumber, int value);
      ^~~~~~~~~~~
/home/ec2-user/arduino-testlib/cli-datadir/data/packages/arduino/hardware/samd/1.8.12/cores/arduino/api/Common.h:99:6: note:   candidate expects 2 arguments, 5 provided
In file included from /home/ec2-user/arduino-testlib/cli-datadir/user/libraries/ESP32_ESP32S2_AnalogWrite/examples/AnalogWriteTest/AnalogWriteTest.ino:3:0:
/home/ec2-user/arduino-testlib/cli-datadir/user/libraries/ESP32_AnalogWrite/analogWrite.h:21:6: note: candidate: void analogWrite(uint8_t, uint32_t, uint32_t)
 void analogWrite(uint8_t pin, uint32_t value, uint32_t valueMax = 255);
      ^~~~~~~~~~~
/home/ec2-user/arduino-testlib/cli-datadir/user/libraries/ESP32_AnalogWrite/analogWrite.h:21:6: note:   candidate expects 3 arguments, 5 provided
/home/ec2-user/arduino-testlib/cli-datadir/user/libraries/ESP32_ESP32S2_AnalogWrite/examples/AnalogWriteTest/AnalogWriteTest.ino:13:36: error: no matching function for call to &#39;analogWrite(int, int, int, int, int)&#39;
   analogWrite(12, 341, 100, 10, 682);
                                    ^
In file included from /home/ec2-user/arduino-testlib/cli-datadir/data/packages/arduino/hardware/samd/1.8.12/cores/arduino/api/Interrupts.h:8:0,
                 from /home/ec2-user/arduino-testlib/cli-datadir/data/packages/arduino/hardware/samd/1.8.12/cores/arduino/api/ArduinoAPI.h:29,
                 from /home/ec2-user/arduino-testlib/cli-datadir/data/packages/arduino/hardware/samd/1.8.12/cores/arduino/Arduino.h:23,
                 from /tmp/arduino-sketch-CC9B1EFC77787A92E8AD142725683CD1/sketch/AnalogWriteTest.ino.cpp:1:
/home/ec2-user/arduino-testlib/cli-datadir/data/packages/arduino/hardware/samd/1.8.12/cores/arduino/api/Common.h:99:6: note: candidate: void analogWrite(pin_size_t, int)
 void analogWrite(pin_size_t pinNumber, int value);
      ^~~~~~~~~~~
/home/ec2-user/arduino-testlib/cli-datadir/data/packages/arduino/hardware/samd/1.8.12/cores/arduino/api/Common.h:99:6: note:   candidate expects 2 arguments, 5 provided
In file included from /home/ec2-user/arduino-testlib/cli-datadir/user/libraries/ESP32_ESP32S2_AnalogWrite/examples/AnalogWriteTest/AnalogWriteTest.ino:3:0:
/home/ec2-user/arduino-testlib/cli-datadir/user/libraries/ESP32_AnalogWrite/analogWrite.h:21:6: note: candidate: void analogWrite(uint8_t, uint32_t, uint32_t)
 void analogWrite(uint8_t pin, uint32_t value, uint32_t valueMax = 255);
      ^~~~~~~~~~~
/home/ec2-user/arduino-testlib/cli-datadir/user/libraries/ESP32_AnalogWrite/analogWrite.h:21:6: note:   candidate expects 3 arguments, 5 provided
/home/ec2-user/arduino-testlib/cli-datadir/user/libraries/ESP32_ESP32S2_AnalogWrite/examples/AnalogWriteTest/AnalogWriteTest.ino:15:3: error: &#39;printPinsStatus&#39; was not declared in this scope
   printPinsStatus();
   ^~~~~~~~~~~~~~~
/home/ec2-user/arduino-testlib/cli-datadir/user/libraries/ESP32_ESP32S2_AnalogWrite/examples/AnalogWriteTest/AnalogWriteTest.ino:15:3: note: suggested alternative: &#39;PinStatus&#39;
   printPinsStatus();
   ^~~~~~~~~~~~~~~
   PinStatus
Multiple libraries were found for &#34;analogWrite.h&#34;
  Used: /home/ec2-user/arduino-testlib/cli-datadir/user/libraries/ESP32_AnalogWrite
  Not used: /home/ec2-user/arduino-testlib/cli-datadir/user/libraries/ESP32_ESP32S2_AnalogWrite
  Not used: /home/ec2-user/arduino-testlib/cli-datadir/user/libraries/ESP32Servo
</pre>
					
					<h4>examples/Fade</h4>
					<p>
						Result: <b>FAIL</b>
					</p>
					<pre class="pre-scrollable">/home/ec2-user/arduino-testlib/cli-datadir/user/libraries/ESP32_AnalogWrite/analogWrite.cpp: In function &#39;int analogWriteChannel(uint8_t)&#39;:
/home/ec2-user/arduino-testlib/cli-datadir/user/libraries/ESP32_AnalogWrite/analogWrite.cpp:44:9: error: &#39;ledcSetup&#39; was not declared in this scope
         ledcSetup(channel, _analog_write_channels[i].frequency, _analog_write_channels[i].resolution);
         ^~~~~~~~~
/home/ec2-user/arduino-testlib/cli-datadir/user/libraries/ESP32_AnalogWrite/analogWrite.cpp:45:9: error: &#39;ledcAttachPin&#39; was not declared in this scope
         ledcAttachPin(pin, channel);
         ^~~~~~~~~~~~~
/home/ec2-user/arduino-testlib/cli-datadir/user/libraries/ESP32_AnalogWrite/analogWrite.cpp: In function &#39;void analogWrite(uint8_t, uint32_t, uint32_t)&#39;:
/home/ec2-user/arduino-testlib/cli-datadir/user/libraries/ESP32_AnalogWrite/analogWrite.cpp:104:5: error: &#39;ledcWrite&#39; was not declared in this scope
     ledcWrite(channel, duty);
     ^~~~~~~~~
/home/ec2-user/arduino-testlib/cli-datadir/user/libraries/ESP32_AnalogWrite/analogWrite.cpp:104:5: note: suggested alternative: &#39;bitWrite&#39;
     ledcWrite(channel, duty);
     ^~~~~~~~~
     bitWrite
Multiple libraries were found for &#34;analogWrite.h&#34;
  Used: /home/ec2-user/arduino-testlib/cli-datadir/user/libraries/ESP32_AnalogWrite
  Not used: /home/ec2-user/arduino-testlib/cli-datadir/user/libraries/ESP32_ESP32S2_AnalogWrite
  Not used: /home/ec2-user/arduino-testlib/cli-datadir/user/libraries/ESP32Servo
</pre>
					
				
				<h3 id="esp32:esp32:d1_mini32">esp32:esp32:d1_mini32 @ 1.0.6</h3>
				<h4>Inclusion</h4>
				<p>
					Result: <b>PASS</b>
					
					<br />This library has no main header file so an empty one was created.
					
				</p>
				<pre class="pre-scrollable">Sketch uses 200534 bytes (15%) of program storage space. Maximum is 1310720 bytes.
Global variables use 13192 bytes (4%) of dynamic memory, leaving 314488 bytes for local variables. Maximum is 327680 bytes.
</pre>

					
					<h4>examples/AnalogWriteTest</h4>
					<p>
						Result: <b>PASS</b>
					</p>
					<pre class="pre-scrollable">Sketch uses 217838 bytes (16%) of program storage space. Maximum is 1310720 bytes.
Global variables use 13672 bytes (4%) of dynamic memory, leaving 314008 bytes for local variables. Maximum is 327680 bytes.
</pre>
					
					<h4>examples/Fade</h4>
					<p>
						Result: <b>PASS</b>
					</p>
					<pre class="pre-scrollable">Sketch uses 208150 bytes (15%) of program storage space. Maximum is 1310720 bytes.
Global variables use 13592 bytes (4%) of dynamic memory, leaving 314088 bytes for local variables. Maximum is 327680 bytes.
</pre>
					
				
			</div>
		</div>
	</div>
  </body>
</html>
