
<!doctype html>
<html lang="en">
  <head>
    <meta charset="utf-8">
    <meta name="viewport" content="width=device-width, initial-scale=1">
    <link href="https://cdn.jsdelivr.net/npm/bootstrap@5.0.2/dist/css/bootstrap.min.css" rel="stylesheet" integrity="sha384-EVSTQN3/azprG1Anm3QDgpJLIm9Nao0Yz1ztcQTwFspd3yD65VohhpuuCOmLASjC" crossorigin="anonymous">
    <title>arduino-testlib report</title>
	<style>
	.pass { background-color: #00FF00 !important; }
	.fail { background-color: #FF0000 !important; }
	</style>
  </head>
  <body>
	<div class="container">
		<div class="row">
			<div class="col">
				<h1>Esp32SimplePacketComs - compatibility matrix</h1>
				<p>
					<small>This report was generated on Monday, 21-Feb-22 12:00:25 CET using 
					<a href="https://github.com/alranel/arduino-testlib">arduino-testlib</a>.</small>
				</p>

				<h2>Esp32SimplePacketComs</h2>
				<p>
					Version: <b>0.7.0</b>
					<br />
					<a href="https://www.arduino.cc/reference/en/libraries/esp32simplepacketcoms/">More details</a>
				</p>

				<h2>Compatibility matrix</h2>
				<table class="table table-bordered">
					<tr>
						<th>Board</th>
						<th>Claims compatibility</th>
						<th>Inclusion</th>
						
						<th><pre>SwarmRobotExample</pre></th>
						
					</tr>
					
					<tr>
						<td>
							<a href="#arduino%3aavr%3auno"><b>arduino:avr:uno</b></a>
							<br />
							<small>1.8.4</small>
						</td>

						
						
						
						
							<td>No</td>
							<td class="fail">FAIL</td>
						

						
							
								
									
										
											
											<td class="fail">FAIL</td>
										
									
								
							
								
							
								
							
								
							
								
							
						
					</tr>
					
					<tr>
						<td>
							<a href="#arduino%3ambed_nano%3ananorp2040connect"><b>arduino:mbed_nano:nanorp2040connect</b></a>
							<br />
							<small>2.7.2</small>
						</td>

						
						
						
						
							<td>No</td>
							<td class="fail">FAIL</td>
						

						
							
								
							
								
									
										
											
											<td class="fail">FAIL</td>
										
									
								
							
								
							
								
							
								
							
						
					</tr>
					
					<tr>
						<td>
							<a href="#arduino%3amegaavr%3anona4809"><b>arduino:megaavr:nona4809</b></a>
							<br />
							<small>1.8.7</small>
						</td>

						
						
						
						
							<td>No</td>
							<td class="fail">FAIL</td>
						

						
							
								
							
								
							
								
									
										
											
											<td class="fail">FAIL</td>
										
									
								
							
								
							
								
							
						
					</tr>
					
					<tr>
						<td>
							<a href="#arduino%3asamd%3amkrwifi1010"><b>arduino:samd:mkrwifi1010</b></a>
							<br />
							<small>1.8.12</small>
						</td>

						
						
						
						
							<td>No</td>
							<td class="fail">FAIL</td>
						

						
							
								
							
								
							
								
							
								
									
										
											
											<td class="fail">FAIL</td>
										
									
								
							
								
							
						
					</tr>
					
					<tr>
						<td>
							<a href="#esp32%3aesp32%3ad1_mini32"><b>esp32:esp32:d1_mini32</b></a>
							<br />
							<small>1.0.6</small>
						</td>

						
							<td>Yes</td>
							<td class="pass">PASS</td>
						
						
						
						

						
							
								
							
								
							
								
							
								
							
								
									
										
											
											<td class="fail">FAIL</td>
										
									
								
							
						
					</tr>
					
				</table>

				<h2>Compilation logs</h2>
				
				<h3 id="arduino:avr:uno">arduino:avr:uno @ 1.8.4</h3>
				<h4>Inclusion</h4>
				<p>
					Result: <b>FAIL</b>
					
				</p>
				<pre class="pre-scrollable">In file included from /private/tmp/arduino-testlib2263186176/test/test.ino:1:0:
/Users/alranel/Documents/git/arduino/arduino-testlib/cli-datadir/user/libraries/Esp32SimplePacketComs/src/Esp32SimplePacketComs.h:6:10: fatal error: vector: No such file or directory
 #include &lt;vector&gt;
          ^~~~~~~~
compilation terminated.

</pre>

					
					<h4>examples/SwarmRobotExample</h4>
					<p>
						Result: <b>FAIL</b>
					</p>
					<pre class="pre-scrollable">In file included from /Users/alranel/Documents/git/arduino/arduino-testlib/cli-datadir/user/libraries/Esp32SimplePacketComs/examples/SwarmRobotExample/SwarmRobotExample.ino:1:0:
/Users/alranel/Documents/git/arduino/arduino-testlib/cli-datadir/user/libraries/SimplePacketComs/src/SimplePacketComs.h:5:10: fatal error: map: No such file or directory
 #include &lt;map&gt;
          ^~~~~
compilation terminated.

</pre>
					
				
				<h3 id="arduino:mbed_nano:nanorp2040connect">arduino:mbed_nano:nanorp2040connect @ 2.7.2</h3>
				<h4>Inclusion</h4>
				<p>
					Result: <b>FAIL</b>
					
				</p>
				<pre class="pre-scrollable">In file included from /home/ec2-user/arduino-testlib/cli-datadir/user/libraries/Esp32WifiManager/src/Esp32WifiManager.h:2:0,
                 from /home/ec2-user/arduino-testlib/cli-datadir/user/libraries/Esp32SimplePacketComs/src/Esp32SimplePacketComs.h:10,
                 from /tmp/arduino-testlib2201994010/test/test.ino:1:
/home/ec2-user/arduino-testlib/cli-datadir/user/libraries/Esp32WifiManager/src/wifi/WifiManager.h:11:10: fatal error: Preferences.h: No such file or directory
 #include &lt;Preferences.h&gt;
          ^~~~~~~~~~~~~~~
compilation terminated.
Multiple libraries were found for &#34;WiFi.h&#34;
  Used: /home/ec2-user/arduino-testlib/cli-datadir/user/libraries/WiFi
  Not used: /home/ec2-user/arduino-testlib/cli-datadir/user/libraries/WiFiEspAT
  Not used: /home/ec2-user/arduino-testlib/cli-datadir/user/libraries/Seeed_Arduino_rpcWiFi
  Not used: /home/ec2-user/arduino-testlib/cli-datadir/user/libraries/WiFiNINA
</pre>

					
					<h4>examples/SwarmRobotExample</h4>
					<p>
						Result: <b>FAIL</b>
					</p>
					<pre class="pre-scrollable">In file included from /home/ec2-user/arduino-testlib/cli-datadir/user/libraries/Esp32WifiManager/src/Esp32WifiManager.h:2:0,
                 from /home/ec2-user/arduino-testlib/cli-datadir/user/libraries/Esp32SimplePacketComs/src/Esp32SimplePacketComs.h:10,
                 from /home/ec2-user/arduino-testlib/cli-datadir/user/libraries/Esp32SimplePacketComs/examples/SwarmRobotExample/SwarmRobotExample.ino:4:
/home/ec2-user/arduino-testlib/cli-datadir/user/libraries/Esp32WifiManager/src/wifi/WifiManager.h:11:10: fatal error: Preferences.h: No such file or directory
 #include &lt;Preferences.h&gt;
          ^~~~~~~~~~~~~~~
compilation terminated.
Multiple libraries were found for &#34;WiFi.h&#34;
  Used: /home/ec2-user/arduino-testlib/cli-datadir/user/libraries/WiFi
  Not used: /home/ec2-user/arduino-testlib/cli-datadir/user/libraries/WiFiEspAT
  Not used: /home/ec2-user/arduino-testlib/cli-datadir/user/libraries/WiFiNINA
  Not used: /home/ec2-user/arduino-testlib/cli-datadir/user/libraries/Seeed_Arduino_rpcWiFi
</pre>
					
				
				<h3 id="arduino:megaavr:nona4809">arduino:megaavr:nona4809 @ 1.8.7</h3>
				<h4>Inclusion</h4>
				<p>
					Result: <b>FAIL</b>
					
				</p>
				<pre class="pre-scrollable">In file included from /tmp/arduino-testlib2201994010/test/test.ino:1:0:
/home/ec2-user/arduino-testlib/cli-datadir/user/libraries/Esp32SimplePacketComs/src/Esp32SimplePacketComs.h:6:10: fatal error: vector: No such file or directory
 #include &lt;vector&gt;
          ^~~~~~~~
compilation terminated.

</pre>

					
					<h4>examples/SwarmRobotExample</h4>
					<p>
						Result: <b>FAIL</b>
					</p>
					<pre class="pre-scrollable">In file included from /home/ec2-user/arduino-testlib/cli-datadir/user/libraries/Esp32SimplePacketComs/examples/SwarmRobotExample/SwarmRobotExample.ino:1:0:
/home/ec2-user/arduino-testlib/cli-datadir/user/libraries/SimplePacketComs/src/SimplePacketComs.h:5:10: fatal error: map: No such file or directory
 #include &lt;map&gt;
          ^~~~~
compilation terminated.

</pre>
					
				
				<h3 id="arduino:samd:mkrwifi1010">arduino:samd:mkrwifi1010 @ 1.8.12</h3>
				<h4>Inclusion</h4>
				<p>
					Result: <b>FAIL</b>
					
				</p>
				<pre class="pre-scrollable">In file included from /Users/alranel/Documents/git/arduino/arduino-testlib/cli-datadir/user/libraries/Esp32WifiManager/src/Esp32WifiManager.h:2:0,
                 from /Users/alranel/Documents/git/arduino/arduino-testlib/cli-datadir/user/libraries/Esp32SimplePacketComs/src/Esp32SimplePacketComs.h:10,
                 from /private/tmp/arduino-testlib2263186176/test/test.ino:1:
/Users/alranel/Documents/git/arduino/arduino-testlib/cli-datadir/user/libraries/Esp32WifiManager/src/wifi/WifiManager.h:11:10: fatal error: Preferences.h: No such file or directory
 #include &lt;Preferences.h&gt;
          ^~~~~~~~~~~~~~~
compilation terminated.
Multiple libraries were found for &#34;WiFi.h&#34;
  Used: /Users/alranel/Documents/git/arduino/arduino-testlib/cli-datadir/user/libraries/WiFi
  Not used: /Users/alranel/Documents/git/arduino/arduino-testlib/cli-datadir/user/libraries/WiFiEspAT
  Not used: /Users/alranel/Documents/git/arduino/arduino-testlib/cli-datadir/user/libraries/WiFiNINA
  Not used: /Users/alranel/Documents/git/arduino/arduino-testlib/cli-datadir/user/libraries/Seeed_Arduino_rpcWiFi
</pre>

					
					<h4>examples/SwarmRobotExample</h4>
					<p>
						Result: <b>FAIL</b>
					</p>
					<pre class="pre-scrollable">In file included from /Users/alranel/Documents/git/arduino/arduino-testlib/cli-datadir/user/libraries/Esp32WifiManager/src/Esp32WifiManager.h:2:0,
                 from /Users/alranel/Documents/git/arduino/arduino-testlib/cli-datadir/user/libraries/Esp32SimplePacketComs/src/Esp32SimplePacketComs.h:10,
                 from /Users/alranel/Documents/git/arduino/arduino-testlib/cli-datadir/user/libraries/Esp32SimplePacketComs/examples/SwarmRobotExample/SwarmRobotExample.ino:4:
/Users/alranel/Documents/git/arduino/arduino-testlib/cli-datadir/user/libraries/Esp32WifiManager/src/wifi/WifiManager.h:11:10: fatal error: Preferences.h: No such file or directory
 #include &lt;Preferences.h&gt;
          ^~~~~~~~~~~~~~~
compilation terminated.
Multiple libraries were found for &#34;WiFi.h&#34;
  Used: /Users/alranel/Documents/git/arduino/arduino-testlib/cli-datadir/user/libraries/WiFi
  Not used: /Users/alranel/Documents/git/arduino/arduino-testlib/cli-datadir/user/libraries/WiFiNINA
  Not used: /Users/alranel/Documents/git/arduino/arduino-testlib/cli-datadir/user/libraries/WiFiEspAT
  Not used: /Users/alranel/Documents/git/arduino/arduino-testlib/cli-datadir/user/libraries/Seeed_Arduino_rpcWiFi
</pre>
					
				
				<h3 id="esp32:esp32:d1_mini32">esp32:esp32:d1_mini32 @ 1.0.6</h3>
				<h4>Inclusion</h4>
				<p>
					Result: <b>PASS</b>
					
				</p>
				<pre class="pre-scrollable">Sketch uses 434850 bytes (33%) of program storage space. Maximum is 1310720 bytes.
Global variables use 19264 bytes (5%) of dynamic memory, leaving 308416 bytes for local variables. Maximum is 327680 bytes.
</pre>

					
					<h4>examples/SwarmRobotExample</h4>
					<p>
						Result: <b>FAIL</b>
					</p>
					<pre class="pre-scrollable">/tmp/arduino-sketch-6A7975C9723176E35270AA248810678D/sketch/SwarmRobotExample.ino.cpp.o:(.literal._Z5setupv&#43;0x24): undefined reference to `launchControllerServer()&#39;
/tmp/arduino-sketch-6A7975C9723176E35270AA248810678D/sketch/SwarmRobotExample.ino.cpp.o:(.literal._Z5setupv&#43;0x28): undefined reference to `addServer(PacketEventAbstract*)&#39;
/tmp/arduino-sketch-6A7975C9723176E35270AA248810678D/sketch/SwarmRobotExample.ino.cpp.o:(.literal._Z5setupv&#43;0x2c): undefined reference to `setNameUdpDevice(String*)&#39;
/tmp/arduino-sketch-6A7975C9723176E35270AA248810678D/sketch/SwarmRobotExample.ino.cpp.o:(.literal._Z4loopv&#43;0x0): undefined reference to `loopServer()&#39;
/tmp/arduino-sketch-6A7975C9723176E35270AA248810678D/sketch/SwarmRobotExample.ino.cpp.o: In function `setup()&#39;:
/home/ec2-user/arduino-testlib/cli-datadir/user/libraries/Esp32SimplePacketComs/examples/SwarmRobotExample/SwarmRobotExample.ino:179: undefined reference to `launchControllerServer()&#39;
/home/ec2-user/arduino-testlib/cli-datadir/user/libraries/Esp32SimplePacketComs/examples/SwarmRobotExample/SwarmRobotExample.ino:180: undefined reference to `addServer(PacketEventAbstract*)&#39;
/home/ec2-user/arduino-testlib/cli-datadir/user/libraries/Esp32SimplePacketComs/examples/SwarmRobotExample/SwarmRobotExample.ino:182: undefined reference to `addServer(PacketEventAbstract*)&#39;
/home/ec2-user/arduino-testlib/cli-datadir/user/libraries/Esp32SimplePacketComs/examples/SwarmRobotExample/SwarmRobotExample.ino:184: undefined reference to `addServer(PacketEventAbstract*)&#39;
/home/ec2-user/arduino-testlib/cli-datadir/user/libraries/Esp32SimplePacketComs/examples/SwarmRobotExample/SwarmRobotExample.ino:186: undefined reference to `addServer(PacketEventAbstract*)&#39;
/home/ec2-user/arduino-testlib/cli-datadir/user/libraries/Esp32SimplePacketComs/examples/SwarmRobotExample/SwarmRobotExample.ino:188: undefined reference to `addServer(PacketEventAbstract*)&#39;
/home/ec2-user/arduino-testlib/cli-datadir/user/libraries/Esp32SimplePacketComs/examples/SwarmRobotExample/SwarmRobotExample.ino:189: undefined reference to `setNameUdpDevice(String*)&#39;
/tmp/arduino-sketch-6A7975C9723176E35270AA248810678D/sketch/SwarmRobotExample.ino.cpp.o: In function `loop()&#39;:
/home/ec2-user/arduino-testlib/cli-datadir/user/libraries/Esp32SimplePacketComs/examples/SwarmRobotExample/SwarmRobotExample.ino:193: undefined reference to `loopServer()&#39;
collect2: error: ld returned 1 exit status
Multiple libraries were found for &#34;WiFi.h&#34;
  Used: /home/ec2-user/arduino-testlib/cli-datadir/data/packages/esp32/hardware/esp32/1.0.6/libraries/WiFi
  Not used: /home/ec2-user/arduino-testlib/cli-datadir/user/libraries/Seeed_Arduino_rpcWiFi
  Not used: /home/ec2-user/arduino-testlib/cli-datadir/user/libraries/WiFiEspAT
  Not used: /home/ec2-user/arduino-testlib/cli-datadir/user/libraries/WiFiNINA
  Not used: /home/ec2-user/arduino-testlib/cli-datadir/user/libraries/WiFi
</pre>
					
				
			</div>
		</div>
	</div>
  </body>
</html>
