
<!doctype html>
<html lang="en">
  <head>
    <meta charset="utf-8">
    <meta name="viewport" content="width=device-width, initial-scale=1">
    <link href="https://cdn.jsdelivr.net/npm/bootstrap@5.0.2/dist/css/bootstrap.min.css" rel="stylesheet" integrity="sha384-EVSTQN3/azprG1Anm3QDgpJLIm9Nao0Yz1ztcQTwFspd3yD65VohhpuuCOmLASjC" crossorigin="anonymous">
    <title>arduino-testlib report</title>
	<style>
	.pass { background-color: #00FF00 !important; }
	.fail { background-color: #FF0000 !important; }
	</style>
  </head>
  <body>
	<div class="container">
		<div class="row">
			<div class="col">
				<h1>frt - compatibility matrix</h1>
				<p>
					<small>This report was generated on Monday, 21-Feb-22 12:00:25 CET using 
					<a href="https://github.com/alranel/arduino-testlib">arduino-testlib</a>.</small>
				</p>

				<h2>frt</h2>
				<p>
					Version: <b>0.9.2</b>
					<br />
					<a href="https://www.arduino.cc/reference/en/libraries/frt/">More details</a>
				</p>

				<h2>Compatibility matrix</h2>
				<table class="table table-bordered">
					<tr>
						<th>Board</th>
						<th>Claims compatibility</th>
						<th>Inclusion</th>
						
						<th><pre>Blink_AnalogRead</pre></th>
						
						<th><pre>CriticalSection</pre></th>
						
						<th><pre>Queue</pre></th>
						
						<th><pre>QueueISR</pre></th>
						
					</tr>
					
					<tr>
						<td>
							<a href="#arduino%3aavr%3auno"><b>arduino:avr:uno</b></a>
							<br />
							<small>1.8.4</small>
						</td>

						
							<td>Yes</td>
							<td class="pass">PASS</td>
						
						
						
						

						
							
								
									
										
											<td class="pass">PASS</td>
											
										
									
										
									
										
									
										
									
								
							
								
							
								
							
								
							
								
							
						
							
								
									
										
									
										
											<td class="pass">PASS</td>
											
										
									
										
									
										
									
								
							
								
							
								
							
								
							
								
							
						
							
								
									
										
									
										
									
										
											<td class="pass">PASS</td>
											
										
									
										
									
								
							
								
							
								
							
								
							
								
							
						
							
								
									
										
									
										
									
										
									
										
											<td class="pass">PASS</td>
											
										
									
								
							
								
							
								
							
								
							
								
							
						
					</tr>
					
					<tr>
						<td>
							<a href="#arduino%3ambed_nano%3ananorp2040connect"><b>arduino:mbed_nano:nanorp2040connect</b></a>
							<br />
							<small>2.7.2</small>
						</td>

						
						
						
						
							<td>No</td>
							<td class="fail">FAIL</td>
						

						
							
								
							
								
									
										
											
											<td class="fail">FAIL</td>
										
									
										
									
										
									
										
									
								
							
								
							
								
							
								
							
						
							
								
							
								
									
										
									
										
											
											<td class="fail">FAIL</td>
										
									
										
									
										
									
								
							
								
							
								
							
								
							
						
							
								
							
								
									
										
									
										
									
										
											
											<td class="fail">FAIL</td>
										
									
										
									
								
							
								
							
								
							
								
							
						
							
								
							
								
									
										
									
										
									
										
									
										
											
											<td class="fail">FAIL</td>
										
									
								
							
								
							
								
							
								
							
						
					</tr>
					
					<tr>
						<td>
							<a href="#arduino%3amegaavr%3anona4809"><b>arduino:megaavr:nona4809</b></a>
							<br />
							<small>1.8.7</small>
						</td>

						
						
						
						
							<td>No</td>
							<td class="fail">FAIL</td>
						

						
							
								
							
								
							
								
									
										
											
											<td class="fail">FAIL</td>
										
									
										
									
										
									
										
									
								
							
								
							
								
							
						
							
								
							
								
							
								
									
										
									
										
											
											<td class="fail">FAIL</td>
										
									
										
									
										
									
								
							
								
							
								
							
						
							
								
							
								
							
								
									
										
									
										
									
										
											
											<td class="fail">FAIL</td>
										
									
										
									
								
							
								
							
								
							
						
							
								
							
								
							
								
									
										
									
										
									
										
									
										
											
											<td class="fail">FAIL</td>
										
									
								
							
								
							
								
							
						
					</tr>
					
					<tr>
						<td>
							<a href="#arduino%3asamd%3amkrwifi1010"><b>arduino:samd:mkrwifi1010</b></a>
							<br />
							<small>1.8.12</small>
						</td>

						
						
						
						
							<td>No</td>
							<td class="fail">FAIL</td>
						

						
							
								
							
								
							
								
							
								
									
										
											
											<td class="fail">FAIL</td>
										
									
										
									
										
									
										
									
								
							
								
							
						
							
								
							
								
							
								
							
								
									
										
									
										
											
											<td class="fail">FAIL</td>
										
									
										
									
										
									
								
							
								
							
						
							
								
							
								
							
								
							
								
									
										
									
										
									
										
											
											<td class="fail">FAIL</td>
										
									
										
									
								
							
								
							
						
							
								
							
								
							
								
							
								
									
										
									
										
									
										
									
										
											
											<td class="fail">FAIL</td>
										
									
								
							
								
							
						
					</tr>
					
					<tr>
						<td>
							<a href="#esp32%3aesp32%3ad1_mini32"><b>esp32:esp32:d1_mini32</b></a>
							<br />
							<small>1.0.6</small>
						</td>

						
						
						
						
							<td>No</td>
							<td class="fail">FAIL</td>
						

						
							
								
							
								
							
								
							
								
							
								
									
										
											
											<td class="fail">FAIL</td>
										
									
										
									
										
									
										
									
								
							
						
							
								
							
								
							
								
							
								
							
								
									
										
									
										
											
											<td class="fail">FAIL</td>
										
									
										
									
										
									
								
							
						
							
								
							
								
							
								
							
								
							
								
									
										
									
										
									
										
											
											<td class="fail">FAIL</td>
										
									
										
									
								
							
						
							
								
							
								
							
								
							
								
							
								
									
										
									
										
									
										
									
										
											
											<td class="fail">FAIL</td>
										
									
								
							
						
					</tr>
					
				</table>

				<h2>Compilation logs</h2>
				
				<h3 id="arduino:avr:uno">arduino:avr:uno @ 1.8.4</h3>
				<h4>Inclusion</h4>
				<p>
					Result: <b>PASS</b>
					
				</p>
				<pre class="pre-scrollable">Sketch uses 6592 bytes (20%) of program storage space. Maximum is 32256 bytes.
Global variables use 166 bytes (8%) of dynamic memory, leaving 1882 bytes for local variables. Maximum is 2048 bytes.
</pre>

					
					<h4>examples/Blink_AnalogRead</h4>
					<p>
						Result: <b>PASS</b>
					</p>
					<pre class="pre-scrollable">Sketch uses 9370 bytes (29%) of program storage space. Maximum is 32256 bytes.
Global variables use 360 bytes (17%) of dynamic memory, leaving 1688 bytes for local variables. Maximum is 2048 bytes.
</pre>
					
					<h4>examples/CriticalSection</h4>
					<p>
						Result: <b>PASS</b>
					</p>
					<pre class="pre-scrollable">Sketch uses 11664 bytes (36%) of program storage space. Maximum is 32256 bytes.
Global variables use 367 bytes (17%) of dynamic memory, leaving 1681 bytes for local variables. Maximum is 2048 bytes.
</pre>
					
					<h4>examples/Queue</h4>
					<p>
						Result: <b>PASS</b>
					</p>
					<pre class="pre-scrollable">Sketch uses 11610 bytes (35%) of program storage space. Maximum is 32256 bytes.
Global variables use 368 bytes (17%) of dynamic memory, leaving 1680 bytes for local variables. Maximum is 2048 bytes.
</pre>
					
					<h4>examples/QueueISR</h4>
					<p>
						Result: <b>PASS</b>
					</p>
					<pre class="pre-scrollable">Sketch uses 11598 bytes (35%) of program storage space. Maximum is 32256 bytes.
Global variables use 369 bytes (18%) of dynamic memory, leaving 1679 bytes for local variables. Maximum is 2048 bytes.
</pre>
					
				
				<h3 id="arduino:mbed_nano:nanorp2040connect">arduino:mbed_nano:nanorp2040connect @ 2.7.2</h3>
				<h4>Inclusion</h4>
				<p>
					Result: <b>FAIL</b>
					
				</p>
				<pre class="pre-scrollable">In file included from /home/ec2-user/arduino-testlib/cli-datadir/user/libraries/FreeRTOS/src/Arduino_FreeRTOS.h:59:0,
                 from /home/ec2-user/arduino-testlib/cli-datadir/user/libraries/frt/src/frt.h:27,
                 from /tmp/arduino-testlib1883012891/test/test.ino:1:
/home/ec2-user/arduino-testlib/cli-datadir/user/libraries/FreeRTOS/src/FreeRTOSConfig.h:32:10: fatal error: avr/io.h: No such file or directory
 #include &lt;avr/io.h&gt;
          ^~~~~~~~~~
compilation terminated.

</pre>

					
					<h4>examples/Blink_AnalogRead</h4>
					<p>
						Result: <b>FAIL</b>
					</p>
					<pre class="pre-scrollable">In file included from /home/ec2-user/arduino-testlib/cli-datadir/user/libraries/FreeRTOS/src/Arduino_FreeRTOS.h:59:0,
                 from /home/ec2-user/arduino-testlib/cli-datadir/user/libraries/frt/src/frt.h:27,
                 from /home/ec2-user/arduino-testlib/cli-datadir/user/libraries/frt/examples/Blink_AnalogRead/Blink_AnalogRead.ino:1:
/home/ec2-user/arduino-testlib/cli-datadir/user/libraries/FreeRTOS/src/FreeRTOSConfig.h:32:10: fatal error: avr/io.h: No such file or directory
 #include &lt;avr/io.h&gt;
          ^~~~~~~~~~
compilation terminated.

</pre>
					
					<h4>examples/CriticalSection</h4>
					<p>
						Result: <b>FAIL</b>
					</p>
					<pre class="pre-scrollable">In file included from /home/ec2-user/arduino-testlib/cli-datadir/user/libraries/FreeRTOS/src/Arduino_FreeRTOS.h:59:0,
                 from /home/ec2-user/arduino-testlib/cli-datadir/user/libraries/frt/src/frt.h:27,
                 from /home/ec2-user/arduino-testlib/cli-datadir/user/libraries/frt/examples/CriticalSection/CriticalSection.ino:1:
/home/ec2-user/arduino-testlib/cli-datadir/user/libraries/FreeRTOS/src/FreeRTOSConfig.h:32:10: fatal error: avr/io.h: No such file or directory
 #include &lt;avr/io.h&gt;
          ^~~~~~~~~~
compilation terminated.

</pre>
					
					<h4>examples/Queue</h4>
					<p>
						Result: <b>FAIL</b>
					</p>
					<pre class="pre-scrollable">In file included from /home/ec2-user/arduino-testlib/cli-datadir/user/libraries/FreeRTOS/src/Arduino_FreeRTOS.h:59:0,
                 from /home/ec2-user/arduino-testlib/cli-datadir/user/libraries/frt/src/frt.h:27,
                 from /home/ec2-user/arduino-testlib/cli-datadir/user/libraries/frt/examples/Queue/Queue.ino:1:
/home/ec2-user/arduino-testlib/cli-datadir/user/libraries/FreeRTOS/src/FreeRTOSConfig.h:32:10: fatal error: avr/io.h: No such file or directory
 #include &lt;avr/io.h&gt;
          ^~~~~~~~~~
compilation terminated.

</pre>
					
					<h4>examples/QueueISR</h4>
					<p>
						Result: <b>FAIL</b>
					</p>
					<pre class="pre-scrollable">In file included from /home/ec2-user/arduino-testlib/cli-datadir/user/libraries/FreeRTOS/src/Arduino_FreeRTOS.h:59:0,
                 from /home/ec2-user/arduino-testlib/cli-datadir/user/libraries/frt/src/frt.h:27,
                 from /home/ec2-user/arduino-testlib/cli-datadir/user/libraries/frt/examples/QueueISR/QueueISR.ino:1:
/home/ec2-user/arduino-testlib/cli-datadir/user/libraries/FreeRTOS/src/FreeRTOSConfig.h:32:10: fatal error: avr/io.h: No such file or directory
 #include &lt;avr/io.h&gt;
          ^~~~~~~~~~
compilation terminated.

</pre>
					
				
				<h3 id="arduino:megaavr:nona4809">arduino:megaavr:nona4809 @ 1.8.7</h3>
				<h4>Inclusion</h4>
				<p>
					Result: <b>FAIL</b>
					
				</p>
				<pre class="pre-scrollable">WARNING: library frt claims to run on avr architecture(s) and may be incompatible with your current board which runs on megaavr architecture(s).
WARNING: library FreeRTOS claims to run on avr architecture(s) and may be incompatible with your current board which runs on megaavr architecture(s).

</pre>

					
					<h4>examples/Blink_AnalogRead</h4>
					<p>
						Result: <b>FAIL</b>
					</p>
					<pre class="pre-scrollable">WARNING: library frt claims to run on avr architecture(s) and may be incompatible with your current board which runs on megaavr architecture(s).
WARNING: library FreeRTOS claims to run on avr architecture(s) and may be incompatible with your current board which runs on megaavr architecture(s).
/home/ec2-user/arduino-testlib/cli-datadir/user/libraries/FreeRTOS/src/port.c:72:14: error: conflicting types for &#39;TCB_t&#39;
 typedef void TCB_t;In file included from /home/ec2-user/arduino-testlib/cli-datadir/data/packages/arduino/tools/avr-gcc/7.3.0-atmel3.6.1-arduino5/avr/include/avr/io.h:677:0,
                 from /home/ec2-user/arduino-testlib/cli-datadir/user/libraries/FreeRTOS/src/FreeRTOSConfig.h:32,
                 from /home/ec2-user/arduino-testlib/cli-datadir/user/libraries/FreeRTOS/src/Arduino_FreeRTOS.h:59,
                 from /home/ec2-user/arduino-testlib/cli-datadir/user/libraries/FreeRTOS/src/tasks.c:39:
/home/ec2-user/arduino-testlib/cli-datadir/data/packages/arduino/tools/avr-gcc/7.3.0-atmel3.6.1-arduino5/avr/include/avr/iom4809.h:1719:3: note: previous declaration of &#39;TCB_t&#39; was here
 } TCB_t;
   ^~~~~

</pre>
					
					<h4>examples/CriticalSection</h4>
					<p>
						Result: <b>FAIL</b>
					</p>
					<pre class="pre-scrollable">WARNING: library frt claims to run on avr architecture(s) and may be incompatible with your current board which runs on megaavr architecture(s).
WARNING: library FreeRTOS claims to run on avr architecture(s) and may be incompatible with your current board which runs on megaavr architecture(s).
/home/ec2-user/arduino-testlib/cli-datadir/user/libraries/frt/examples/CriticalSection/CriticalSection.ino: In member function &#39;void {anonymous}::PrintTask::startConversion()&#39;:
/home/ec2-user/arduino-testlib/cli-datadir/user/libraries/frt/examples/CriticalSection/CriticalSection.ino:64:4: error: &#39;ADCSRA&#39; was not declared in this scope
    ADCSRA |= bit(ADSC) | bit(ADIE);
    ^~~~~~
/home/ec2-user/arduino-testlib/cli-datadir/user/libraries/frt/examples/CriticalSection/CriticalSection.ino:64:4: note: suggested alternative: &#39;ADC_t&#39;
    ADCSRA |= bit(ADSC) | bit(ADIE);
    ^~~~~~
    ADC_t
In file included from /home/ec2-user/arduino-testlib/cli-datadir/data/packages/arduino/hardware/megaavr/1.8.7/cores/arduino/api/Interrupts.h:8:0,
                 from /home/ec2-user/arduino-testlib/cli-datadir/data/packages/arduino/hardware/megaavr/1.8.7/cores/arduino/api/ArduinoAPI.h:29,
                 from /home/ec2-user/arduino-testlib/cli-datadir/data/packages/arduino/hardware/megaavr/1.8.7/cores/arduino/Arduino.h:23,
                 from /tmp/arduino-sketch-14AA2ECCE092AA10214AFAF2763B768E/sketch/CriticalSection.ino.cpp:1:
/home/ec2-user/arduino-testlib/cli-datadir/user/libraries/frt/examples/CriticalSection/CriticalSection.ino:64:18: error: &#39;ADSC&#39; was not declared in this scope
    ADCSRA |= bit(ADSC) | bit(ADIE);
                  ^
/home/ec2-user/arduino-testlib/cli-datadir/data/packages/arduino/hardware/megaavr/1.8.7/cores/arduino/api/Common.h:71:25: note: in definition of macro &#39;bit&#39;
 #define bit(b) (1UL &lt;&lt; (b))
                         ^
/home/ec2-user/arduino-testlib/cli-datadir/user/libraries/frt/examples/CriticalSection/CriticalSection.ino:64:18: note: suggested alternative: &#39;DDRC&#39;
    ADCSRA |= bit(ADSC) | bit(ADIE);
                  ^
/home/ec2-user/arduino-testlib/cli-datadir/data/packages/arduino/hardware/megaavr/1.8.7/cores/arduino/api/Common.h:71:25: note: in definition of macro &#39;bit&#39;
 #define bit(b) (1UL &lt;&lt; (b))
                         ^
/home/ec2-user/arduino-testlib/cli-datadir/user/libraries/frt/examples/CriticalSection/CriticalSection.ino:64:30: error: &#39;ADIE&#39; was not declared in this scope
    ADCSRA |= bit(ADSC) | bit(ADIE);
                              ^
/home/ec2-user/arduino-testlib/cli-datadir/data/packages/arduino/hardware/megaavr/1.8.7/cores/arduino/api/Common.h:71:25: note: in definition of macro &#39;bit&#39;
 #define bit(b) (1UL &lt;&lt; (b))
                         ^
/home/ec2-user/arduino-testlib/cli-datadir/user/libraries/frt/examples/CriticalSection/CriticalSection.ino:64:30: note: suggested alternative: &#39;ADC0&#39;
    ADCSRA |= bit(ADSC) | bit(ADIE);
                              ^
/home/ec2-user/arduino-testlib/cli-datadir/data/packages/arduino/hardware/megaavr/1.8.7/cores/arduino/api/Common.h:71:25: note: in definition of macro &#39;bit&#39;
 #define bit(b) (1UL &lt;&lt; (b))
                         ^
/home/ec2-user/arduino-testlib/cli-datadir/user/libraries/frt/examples/CriticalSection/CriticalSection.ino: In function &#39;void setup()&#39;:
/home/ec2-user/arduino-testlib/cli-datadir/user/libraries/frt/examples/CriticalSection/CriticalSection.ino:109:2: error: &#39;ADMUX&#39; was not declared in this scope
  ADMUX = bit(REFS0); // AVcc as reference
  ^~~~~
In file included from /home/ec2-user/arduino-testlib/cli-datadir/data/packages/arduino/hardware/megaavr/1.8.7/cores/arduino/api/Interrupts.h:8:0,
                 from /home/ec2-user/arduino-testlib/cli-datadir/data/packages/arduino/hardware/megaavr/1.8.7/cores/arduino/api/ArduinoAPI.h:29,
                 from /home/ec2-user/arduino-testlib/cli-datadir/data/packages/arduino/hardware/megaavr/1.8.7/cores/arduino/Arduino.h:23,
                 from /tmp/arduino-sketch-14AA2ECCE092AA10214AFAF2763B768E/sketch/CriticalSection.ino.cpp:1:
/home/ec2-user/arduino-testlib/cli-datadir/user/libraries/frt/examples/CriticalSection/CriticalSection.ino:109:14: error: &#39;REFS0&#39; was not declared in this scope
  ADMUX = bit(REFS0); // AVcc as reference
              ^
/home/ec2-user/arduino-testlib/cli-datadir/data/packages/arduino/hardware/megaavr/1.8.7/cores/arduino/api/Common.h:71:25: note: in definition of macro &#39;bit&#39;
 #define bit(b) (1UL &lt;&lt; (b))
                         ^
/home/ec2-user/arduino-testlib/cli-datadir/user/libraries/frt/examples/CriticalSection/CriticalSection.ino:109:14: note: suggested alternative: &#39;VREF_t&#39;
  ADMUX = bit(REFS0); // AVcc as reference
              ^
/home/ec2-user/arduino-testlib/cli-datadir/data/packages/arduino/hardware/megaavr/1.8.7/cores/arduino/api/Common.h:71:25: note: in definition of macro &#39;bit&#39;
 #define bit(b) (1UL &lt;&lt; (b))
                         ^
/home/ec2-user/arduino-testlib/cli-datadir/user/libraries/frt/examples/CriticalSection/CriticalSection.ino: In function &#39;void ADC_vect()&#39;:
/home/ec2-user/arduino-testlib/cli-datadir/user/libraries/frt/examples/CriticalSection/CriticalSection.ino:126:14: error: &#39;ADCL&#39; was not declared in this scope
  adc_value = ADCL | ADCH &lt;&lt; 8;
              ^~~~
/home/ec2-user/arduino-testlib/cli-datadir/user/libraries/frt/examples/CriticalSection/CriticalSection.ino:126:14: note: suggested alternative: &#39;ADC0&#39;
  adc_value = ADCL | ADCH &lt;&lt; 8;
              ^~~~
              ADC0
/home/ec2-user/arduino-testlib/cli-datadir/user/libraries/frt/examples/CriticalSection/CriticalSection.ino:126:21: error: &#39;ADCH&#39; was not declared in this scope
  adc_value = ADCL | ADCH &lt;&lt; 8;
                     ^~~~
/home/ec2-user/arduino-testlib/cli-datadir/user/libraries/frt/examples/CriticalSection/CriticalSection.ino:126:21: note: suggested alternative: &#39;ADC0&#39;
  adc_value = ADCL | ADCH &lt;&lt; 8;
                     ^~~~
                     ADC0

</pre>
					
					<h4>examples/Queue</h4>
					<p>
						Result: <b>FAIL</b>
					</p>
					<pre class="pre-scrollable">WARNING: library frt claims to run on avr architecture(s) and may be incompatible with your current board which runs on megaavr architecture(s).
WARNING: library FreeRTOS claims to run on avr architecture(s) and may be incompatible with your current board which runs on megaavr architecture(s).
/home/ec2-user/arduino-testlib/cli-datadir/user/libraries/FreeRTOS/src/port.c:72:14: error: conflicting types for &#39;TCB_t&#39;
 typedef void TCB_t;
              ^~~~~
In file included from /home/ec2-user/arduino-testlib/cli-datadir/data/packages/arduino/tools/avr-gcc/7.3.0-atmel3.6.1-arduino5/avr/include/avr/io.h:677:0,
                 from /home/ec2-user/arduino-testlib/cli-datadir/user/libraries/FreeRTOS/src/port.c:32:
/home/ec2-user/arduino-testlib/cli-datadir/data/packages/arduino/tools/avr-gcc/7.3.0-atmel3.6.1-arduino5/avr/include/avr/iom4809.h:1719:3: note: previous declaration of &#39;TCB_t&#39; was here
 } TCB_t;
   ^~~~~
In file included from /home/ec2-user/arduino-testlib/cli-datadir/data/packages/arduino/tools/avr-gcc/7.3.0-atmel3.6.1-arduino5/avr/include/avr/io.h:99:0,
                 from /home/ec2-user/arduino-testlib/cli-datadir/user/libraries/FreeRTOS/src/port.c:32:
/home/ec2-user/arduino-testlib/cli-datadir/user/libraries/FreeRTOS/src/port.c: In function &#39;wdt_interrupt_enable&#39;:
/home/ec2-user/arduino-testlib/cli-datadir/user/libraries/FreeRTOS/src/port.c:110:36: error: &#39;WDCE&#39; undeclared (first use in this function); did you mean &#39;ADC0&#39;?
                 &#34;r&#34; ((uint8_t)(_BV(_WD_CHANGE_BIT) | _BV(WDE))),
                                    ^
/home/ec2-user/arduino-testlib/cli-datadir/user/libraries/FreeRTOS/src/port.c:110:36: note: each undeclared identifier is reported only once for each function it appears in
/home/ec2-user/arduino-testlib/cli-datadir/user/libraries/FreeRTOS/src/port.c:110:58: error: &#39;WDE&#39; undeclared (first use in this function); did you mean &#39;WDCE&#39;?
                 &#34;r&#34; ((uint8_t)(_BV(_WD_CHANGE_BIT) | _BV(WDE))),
                                                          ^
/home/ec2-user/arduino-testlib/cli-datadir/user/libraries/FreeRTOS/src/port.c:112:29: error: &#39;WDIF&#39; undeclared (first use in this function); did you mean &#39;WDE&#39;?
                         _BV(WDIF) | _BV(WDIE) | (value &amp; 0x07)) )
                             ^
/home/ec2-user/arduino-testlib/cli-datadir/user/libraries/FreeRTOS/src/port.c:112:41: error: &#39;WDIE&#39; undeclared (first use in this function); did you mean &#39;WDIF&#39;?
                         _BV(WDIF) | _BV(WDIE) | (value &amp; 0x07)) )
                                         ^
/home/ec2-user/arduino-testlib/cli-datadir/user/libraries/FreeRTOS/src/port.c: In function &#39;wdt_interrupt_reset_enable&#39;:
/home/ec2-user/arduino-testlib/cli-datadir/user/libraries/FreeRTOS/src/port.c:176:36: error: &#39;WDCE&#39; undeclared (first use in this function); did you mean &#39;ADC0&#39;?
                 &#34;r&#34; ((uint8_t)(_BV(_WD_CHANGE_BIT) | _BV(WDE))),
                                    ^
/home/ec2-user/arduino-testlib/cli-datadir/user/libraries/FreeRTOS/src/port.c:176:58: error: &#39;WDE&#39; undeclared (first use in this function); did you mean &#39;WDCE&#39;?
                 &#34;r&#34; ((uint8_t)(_BV(_WD_CHANGE_BIT) | _BV(WDE))),
                                                          ^
/home/ec2-user/arduino-testlib/cli-datadir/user/libraries/FreeRTOS/src/port.c:178:29: error: &#39;WDIF&#39; undeclared (first use in this function); did you mean &#39;WDE&#39;?
                         _BV(WDIF) | _BV(WDIE) | _BV(WDE) | (value &amp; 0x07)) )
                             ^
/home/ec2-user/arduino-testlib/cli-datadir/user/libraries/FreeRTOS/src/port.c:178:41: error: &#39;WDIE&#39; undeclared (first use in this function); did you mean &#39;WDIF&#39;?
                         _BV(WDIF) | _BV(WDIE) | _BV(WDE) | (value &amp; 0x07)) )
                                         ^
/home/ec2-user/arduino-testlib/cli-datadir/user/libraries/FreeRTOS/src/tasks.c:332:3: error: conflicting types for &#39;TCB_t&#39;
 } TCB_t;
   ^~~~~
In file included from /home/ec2-user/arduino-testlib/cli-datadir/data/packages/arduino/tools/avr-gcc/7.3.0-atmel3.6.1-arduino5/avr/include/avr/io.h:677:0,
                 from /home/ec2-user/arduino-testlib/cli-datadir/user/libraries/FreeRTOS/src/FreeRTOSConfig.h:32,
                 from /home/ec2-user/arduino-testlib/cli-datadir/user/libraries/FreeRTOS/src/Arduino_FreeRTOS.h:59,
                 from /home/ec2-user/arduino-testlib/cli-datadir/user/libraries/FreeRTOS/src/tasks.c:39:
/home/ec2-user/arduino-testlib/cli-datadir/data/packages/arduino/tools/avr-gcc/7.3.0-atmel3.6.1-arduino5/avr/include/avr/iom4809.h:1719:3: note: previous declaration of &#39;TCB_t&#39; was here
 } TCB_t;
   ^~~~~

</pre>
					
					<h4>examples/QueueISR</h4>
					<p>
						Result: <b>FAIL</b>
					</p>
					<pre class="pre-scrollable">WARNING: library frt claims to run on avr architecture(s) and may be incompatible with your current board which runs on megaavr architecture(s).
WARNING: library FreeRTOS claims to run on avr architecture(s) and may be incompatible with your current board which runs on megaavr architecture(s).
/home/ec2-user/arduino-testlib/cli-datadir/user/libraries/frt/examples/QueueISR/QueueISR.ino: In member function &#39;void {anonymous}::PrintTask::startConversion()&#39;:
/home/ec2-user/arduino-testlib/cli-datadir/user/libraries/frt/examples/QueueISR/QueueISR.ino:61:4: error: &#39;ADCSRA&#39; was not declared in this scope
    ADCSRA |= bit(ADSC) | bit(ADIE);
    ^~~~~~
/home/ec2-user/arduino-testlib/cli-datadir/user/libraries/frt/examples/QueueISR/QueueISR.ino:61:4: note: suggested alternative: &#39;ADC_t&#39;
    ADCSRA |= bit(ADSC) | bit(ADIE);
    ^~~~~~
    ADC_t
In file included from /home/ec2-user/arduino-testlib/cli-datadir/data/packages/arduino/hardware/megaavr/1.8.7/cores/arduino/api/Interrupts.h:8:0,
                 from /home/ec2-user/arduino-testlib/cli-datadir/data/packages/arduino/hardware/megaavr/1.8.7/cores/arduino/api/ArduinoAPI.h:29,
                 from /home/ec2-user/arduino-testlib/cli-datadir/data/packages/arduino/hardware/megaavr/1.8.7/cores/arduino/Arduino.h:23,
                 from /tmp/arduino-sketch-AB8E5BBEBD5DC5EAE024AEA77CFE3A60/sketch/QueueISR.ino.cpp:1:
/home/ec2-user/arduino-testlib/cli-datadir/user/libraries/frt/examples/QueueISR/QueueISR.ino:61:18: error: &#39;ADSC&#39; was not declared in this scope
    ADCSRA |= bit(ADSC) | bit(ADIE);
                  ^
/home/ec2-user/arduino-testlib/cli-datadir/data/packages/arduino/hardware/megaavr/1.8.7/cores/arduino/api/Common.h:71:25: note: in definition of macro &#39;bit&#39;
 #define bit(b) (1UL &lt;&lt; (b))
                         ^
/home/ec2-user/arduino-testlib/cli-datadir/user/libraries/frt/examples/QueueISR/QueueISR.ino:61:18: note: suggested alternative: &#39;DDRC&#39;
    ADCSRA |= bit(ADSC) | bit(ADIE);
                  ^
/home/ec2-user/arduino-testlib/cli-datadir/data/packages/arduino/hardware/megaavr/1.8.7/cores/arduino/api/Common.h:71:25: note: in definition of macro &#39;bit&#39;
 #define bit(b) (1UL &lt;&lt; (b))
                         ^
/home/ec2-user/arduino-testlib/cli-datadir/user/libraries/frt/examples/QueueISR/QueueISR.ino:61:30: error: &#39;ADIE&#39; was not declared in this scope
    ADCSRA |= bit(ADSC) | bit(ADIE);
                              ^
/home/ec2-user/arduino-testlib/cli-datadir/data/packages/arduino/hardware/megaavr/1.8.7/cores/arduino/api/Common.h:71:25: note: in definition of macro &#39;bit&#39;
 #define bit(b) (1UL &lt;&lt; (b))
                         ^
/home/ec2-user/arduino-testlib/cli-datadir/user/libraries/frt/examples/QueueISR/QueueISR.ino:61:30: note: suggested alternative: &#39;ADC0&#39;
    ADCSRA |= bit(ADSC) | bit(ADIE);
                              ^
/home/ec2-user/arduino-testlib/cli-datadir/data/packages/arduino/hardware/megaavr/1.8.7/cores/arduino/api/Common.h:71:25: note: in definition of macro &#39;bit&#39;
 #define bit(b) (1UL &lt;&lt; (b))
                         ^
/home/ec2-user/arduino-testlib/cli-datadir/user/libraries/frt/examples/QueueISR/QueueISR.ino: In function &#39;void setup()&#39;:
/home/ec2-user/arduino-testlib/cli-datadir/user/libraries/frt/examples/QueueISR/QueueISR.ino:108:2: error: &#39;ADMUX&#39; was not declared in this scope
  ADMUX = bit(REFS0); // AVcc as reference
  ^~~~~
In file included from /home/ec2-user/arduino-testlib/cli-datadir/data/packages/arduino/hardware/megaavr/1.8.7/cores/arduino/api/Interrupts.h:8:0,
                 from /home/ec2-user/arduino-testlib/cli-datadir/data/packages/arduino/hardware/megaavr/1.8.7/cores/arduino/api/ArduinoAPI.h:29,
                 from /home/ec2-user/arduino-testlib/cli-datadir/data/packages/arduino/hardware/megaavr/1.8.7/cores/arduino/Arduino.h:23,
                 from /tmp/arduino-sketch-AB8E5BBEBD5DC5EAE024AEA77CFE3A60/sketch/QueueISR.ino.cpp:1:
/home/ec2-user/arduino-testlib/cli-datadir/user/libraries/frt/examples/QueueISR/QueueISR.ino:108:14: error: &#39;REFS0&#39; was not declared in this scope
  ADMUX = bit(REFS0); // AVcc as reference
              ^
/home/ec2-user/arduino-testlib/cli-datadir/data/packages/arduino/hardware/megaavr/1.8.7/cores/arduino/api/Common.h:71:25: note: in definition of macro &#39;bit&#39;
 #define bit(b) (1UL &lt;&lt; (b))
                         ^
/home/ec2-user/arduino-testlib/cli-datadir/user/libraries/frt/examples/QueueISR/QueueISR.ino:108:14: note: suggested alternative: &#39;VREF_t&#39;
  ADMUX = bit(REFS0); // AVcc as reference
              ^
/home/ec2-user/arduino-testlib/cli-datadir/data/packages/arduino/hardware/megaavr/1.8.7/cores/arduino/api/Common.h:71:25: note: in definition of macro &#39;bit&#39;
 #define bit(b) (1UL &lt;&lt; (b))
                         ^
/home/ec2-user/arduino-testlib/cli-datadir/user/libraries/frt/examples/QueueISR/QueueISR.ino: In function &#39;void ADC_vect()&#39;:
/home/ec2-user/arduino-testlib/cli-datadir/user/libraries/frt/examples/QueueISR/QueueISR.ino:127:29: error: &#39;ADCL&#39; was not declared in this scope
  const uint16_t adc_value = ADCL | ADCH &lt;&lt; 8;
                             ^~~~
/home/ec2-user/arduino-testlib/cli-datadir/user/libraries/frt/examples/QueueISR/QueueISR.ino:127:29: note: suggested alternative: &#39;ADC0&#39;
  const uint16_t adc_value = ADCL | ADCH &lt;&lt; 8;
                             ^~~~
                             ADC0
/home/ec2-user/arduino-testlib/cli-datadir/user/libraries/frt/examples/QueueISR/QueueISR.ino:127:36: error: &#39;ADCH&#39; was not declared in this scope
  const uint16_t adc_value = ADCL | ADCH &lt;&lt; 8;
                                    ^~~~
/home/ec2-user/arduino-testlib/cli-datadir/user/libraries/frt/examples/QueueISR/QueueISR.ino:127:36: note: suggested alternative: &#39;ADC0&#39;
  const uint16_t adc_value = ADCL | ADCH &lt;&lt; 8;
                                    ^~~~
                                    ADC0

</pre>
					
				
				<h3 id="arduino:samd:mkrwifi1010">arduino:samd:mkrwifi1010 @ 1.8.12</h3>
				<h4>Inclusion</h4>
				<p>
					Result: <b>FAIL</b>
					
				</p>
				<pre class="pre-scrollable">In file included from /Users/alranel/Documents/git/arduino/arduino-testlib/cli-datadir/user/libraries/FreeRTOS/src/Arduino_FreeRTOS.h:59:0,
                 from /Users/alranel/Documents/git/arduino/arduino-testlib/cli-datadir/user/libraries/frt/src/frt.h:27,
                 from /private/tmp/arduino-testlib3051257313/test/test.ino:1:
/Users/alranel/Documents/git/arduino/arduino-testlib/cli-datadir/user/libraries/FreeRTOS/src/FreeRTOSConfig.h:32:10: fatal error: avr/io.h: No such file or directory
 #include &lt;avr/io.h&gt;
          ^~~~~~~~~~
compilation terminated.

</pre>

					
					<h4>examples/Blink_AnalogRead</h4>
					<p>
						Result: <b>FAIL</b>
					</p>
					<pre class="pre-scrollable">In file included from /Users/alranel/Documents/git/arduino/arduino-testlib/cli-datadir/user/libraries/FreeRTOS/src/Arduino_FreeRTOS.h:59:0,
                 from /Users/alranel/Documents/git/arduino/arduino-testlib/cli-datadir/user/libraries/frt/src/frt.h:27,
                 from /Users/alranel/Documents/git/arduino/arduino-testlib/cli-datadir/user/libraries/frt/examples/Blink_AnalogRead/Blink_AnalogRead.ino:1:
/Users/alranel/Documents/git/arduino/arduino-testlib/cli-datadir/user/libraries/FreeRTOS/src/FreeRTOSConfig.h:32:10: fatal error: avr/io.h: No such file or directory
 #include &lt;avr/io.h&gt;
          ^~~~~~~~~~
compilation terminated.

</pre>
					
					<h4>examples/CriticalSection</h4>
					<p>
						Result: <b>FAIL</b>
					</p>
					<pre class="pre-scrollable">In file included from /Users/alranel/Documents/git/arduino/arduino-testlib/cli-datadir/user/libraries/FreeRTOS/src/Arduino_FreeRTOS.h:59:0,
                 from /Users/alranel/Documents/git/arduino/arduino-testlib/cli-datadir/user/libraries/frt/src/frt.h:27,
                 from /Users/alranel/Documents/git/arduino/arduino-testlib/cli-datadir/user/libraries/frt/examples/CriticalSection/CriticalSection.ino:1:
/Users/alranel/Documents/git/arduino/arduino-testlib/cli-datadir/user/libraries/FreeRTOS/src/FreeRTOSConfig.h:32:10: fatal error: avr/io.h: No such file or directory
 #include &lt;avr/io.h&gt;
          ^~~~~~~~~~
compilation terminated.

</pre>
					
					<h4>examples/Queue</h4>
					<p>
						Result: <b>FAIL</b>
					</p>
					<pre class="pre-scrollable">In file included from /Users/alranel/Documents/git/arduino/arduino-testlib/cli-datadir/user/libraries/FreeRTOS/src/Arduino_FreeRTOS.h:59:0,
                 from /Users/alranel/Documents/git/arduino/arduino-testlib/cli-datadir/user/libraries/frt/src/frt.h:27,
                 from /Users/alranel/Documents/git/arduino/arduino-testlib/cli-datadir/user/libraries/frt/examples/Queue/Queue.ino:1:
/Users/alranel/Documents/git/arduino/arduino-testlib/cli-datadir/user/libraries/FreeRTOS/src/FreeRTOSConfig.h:32:10: fatal error: avr/io.h: No such file or directory
 #include &lt;avr/io.h&gt;
          ^~~~~~~~~~
compilation terminated.

</pre>
					
					<h4>examples/QueueISR</h4>
					<p>
						Result: <b>FAIL</b>
					</p>
					<pre class="pre-scrollable">In file included from /Users/alranel/Documents/git/arduino/arduino-testlib/cli-datadir/user/libraries/FreeRTOS/src/Arduino_FreeRTOS.h:59:0,
                 from /Users/alranel/Documents/git/arduino/arduino-testlib/cli-datadir/user/libraries/frt/src/frt.h:27,
                 from /Users/alranel/Documents/git/arduino/arduino-testlib/cli-datadir/user/libraries/frt/examples/QueueISR/QueueISR.ino:1:
/Users/alranel/Documents/git/arduino/arduino-testlib/cli-datadir/user/libraries/FreeRTOS/src/FreeRTOSConfig.h:32:10: fatal error: avr/io.h: No such file or directory
 #include &lt;avr/io.h&gt;
          ^~~~~~~~~~
compilation terminated.

</pre>
					
				
				<h3 id="esp32:esp32:d1_mini32">esp32:esp32:d1_mini32 @ 1.0.6</h3>
				<h4>Inclusion</h4>
				<p>
					Result: <b>FAIL</b>
					
				</p>
				<pre class="pre-scrollable">In file included from /home/ec2-user/arduino-testlib/cli-datadir/user/libraries/FreeRTOS/src/Arduino_FreeRTOS.h:1348:0,
                 from /home/ec2-user/arduino-testlib/cli-datadir/user/libraries/frt/src/frt.h:27,
                 from /tmp/arduino-testlib1883012891/test/test.ino:1:
/home/ec2-user/arduino-testlib/cli-datadir/user/libraries/FreeRTOS/src/FreeRTOSVariant.h:33:20: fatal error: avr/io.h: No such file or directory
compilation terminated.

</pre>

					
					<h4>examples/Blink_AnalogRead</h4>
					<p>
						Result: <b>FAIL</b>
					</p>
					<pre class="pre-scrollable">In file included from /home/ec2-user/arduino-testlib/cli-datadir/user/libraries/FreeRTOS/src/Arduino_FreeRTOS.h:1348:0,
                 from /home/ec2-user/arduino-testlib/cli-datadir/user/libraries/frt/src/frt.h:27,
                 from /home/ec2-user/arduino-testlib/cli-datadir/user/libraries/frt/examples/Blink_AnalogRead/Blink_AnalogRead.ino:1:
/home/ec2-user/arduino-testlib/cli-datadir/user/libraries/FreeRTOS/src/FreeRTOSVariant.h:33:20: fatal error: avr/io.h: No such file or directory
compilation terminated.

</pre>
					
					<h4>examples/CriticalSection</h4>
					<p>
						Result: <b>FAIL</b>
					</p>
					<pre class="pre-scrollable">In file included from /home/ec2-user/arduino-testlib/cli-datadir/user/libraries/FreeRTOS/src/Arduino_FreeRTOS.h:1348:0,
                 from /home/ec2-user/arduino-testlib/cli-datadir/user/libraries/frt/src/frt.h:27,
                 from /home/ec2-user/arduino-testlib/cli-datadir/user/libraries/frt/examples/CriticalSection/CriticalSection.ino:1:
/home/ec2-user/arduino-testlib/cli-datadir/user/libraries/FreeRTOS/src/FreeRTOSVariant.h:33:20: fatal error: avr/io.h: No such file or directory
compilation terminated.

</pre>
					
					<h4>examples/Queue</h4>
					<p>
						Result: <b>FAIL</b>
					</p>
					<pre class="pre-scrollable">In file included from /home/ec2-user/arduino-testlib/cli-datadir/user/libraries/FreeRTOS/src/Arduino_FreeRTOS.h:1348:0,
                 from /home/ec2-user/arduino-testlib/cli-datadir/user/libraries/frt/src/frt.h:27,
                 from /home/ec2-user/arduino-testlib/cli-datadir/user/libraries/frt/examples/Queue/Queue.ino:1:
/home/ec2-user/arduino-testlib/cli-datadir/user/libraries/FreeRTOS/src/FreeRTOSVariant.h:33:20: fatal error: avr/io.h: No such file or directory
compilation terminated.

</pre>
					
					<h4>examples/QueueISR</h4>
					<p>
						Result: <b>FAIL</b>
					</p>
					<pre class="pre-scrollable">In file included from /home/ec2-user/arduino-testlib/cli-datadir/user/libraries/FreeRTOS/src/Arduino_FreeRTOS.h:1348:0,
                 from /home/ec2-user/arduino-testlib/cli-datadir/user/libraries/frt/src/frt.h:27,
                 from /home/ec2-user/arduino-testlib/cli-datadir/user/libraries/frt/examples/QueueISR/QueueISR.ino:1:
/home/ec2-user/arduino-testlib/cli-datadir/user/libraries/FreeRTOS/src/FreeRTOSVariant.h:33:20: fatal error: avr/io.h: No such file or directory
compilation terminated.

</pre>
					
				
			</div>
		</div>
	</div>
  </body>
</html>
