
<!doctype html>
<html lang="en">
  <head>
    <meta charset="utf-8">
    <meta name="viewport" content="width=device-width, initial-scale=1">
    <link href="https://cdn.jsdelivr.net/npm/bootstrap@5.0.2/dist/css/bootstrap.min.css" rel="stylesheet" integrity="sha384-EVSTQN3/azprG1Anm3QDgpJLIm9Nao0Yz1ztcQTwFspd3yD65VohhpuuCOmLASjC" crossorigin="anonymous">
    <title>arduino-testlib report</title>
	<style>
	.pass { background-color: #00FF00 !important; }
	.fail { background-color: #FF0000 !important; }
	</style>
  </head>
  <body>
	<div class="container">
		<div class="row">
			<div class="col">
				<h1>FTTech SAMD51 XBee - compatibility matrix</h1>
				<p>
					<small>This report was generated on Monday, 21-Feb-22 12:00:25 CET using 
					<a href="https://github.com/alranel/arduino-testlib">arduino-testlib</a>.</small>
				</p>

				<h2>FTTech SAMD51 XBee</h2>
				<p>
					Version: <b>1.5.0</b>
					<br />
					<a href="https://www.arduino.cc/reference/en/libraries/fttech-samd51-xbee/">More details</a>
				</p>

				<h2>Compatibility matrix</h2>
				<table class="table table-bordered">
					<tr>
						<th>Board</th>
						<th>Claims compatibility</th>
						<th>Inclusion</th>
						
						<th><pre>set_powerlevel</pre></th>
						
						<th><pre>receive_and_find</pre></th>
						
						<th><pre>send_package</pre></th>
						
						<th><pre>set_encryption</pre></th>
						
					</tr>
					
					<tr>
						<td>
							<a href="#arduino%3aavr%3auno"><b>arduino:avr:uno</b></a>
							<br />
							<small>1.8.4</small>
						</td>

						
						
						
						
							<td>No</td>
							<td class="fail">FAIL</td>
						

						
							
								
									
										
									
										
									
										
									
										
											
											<td class="fail">FAIL</td>
										
									
								
							
								
							
								
							
								
							
								
							
						
							
								
									
										
											
											<td class="fail">FAIL</td>
										
									
										
									
										
									
										
									
								
							
								
							
								
							
								
							
								
							
						
							
								
									
										
									
										
											
											<td class="fail">FAIL</td>
										
									
										
									
										
									
								
							
								
							
								
							
								
							
								
							
						
							
								
									
										
									
										
									
										
											
											<td class="fail">FAIL</td>
										
									
										
									
								
							
								
							
								
							
								
							
								
							
						
					</tr>
					
					<tr>
						<td>
							<a href="#arduino%3ambed_nano%3ananorp2040connect"><b>arduino:mbed_nano:nanorp2040connect</b></a>
							<br />
							<small>2.7.2</small>
						</td>

						
						
						
						
							<td>No</td>
							<td class="fail">FAIL</td>
						

						
							
								
							
								
									
										
									
										
									
										
									
										
											
											<td class="fail">FAIL</td>
										
									
								
							
								
							
								
							
								
							
						
							
								
							
								
									
										
											
											<td class="fail">FAIL</td>
										
									
										
									
										
									
										
									
								
							
								
							
								
							
								
							
						
							
								
							
								
									
										
									
										
											
											<td class="fail">FAIL</td>
										
									
										
									
										
									
								
							
								
							
								
							
								
							
						
							
								
							
								
									
										
									
										
									
										
											
											<td class="fail">FAIL</td>
										
									
										
									
								
							
								
							
								
							
								
							
						
					</tr>
					
					<tr>
						<td>
							<a href="#arduino%3amegaavr%3anona4809"><b>arduino:megaavr:nona4809</b></a>
							<br />
							<small>1.8.7</small>
						</td>

						
						
						
						
							<td>No</td>
							<td class="fail">FAIL</td>
						

						
							
								
							
								
							
								
									
										
									
										
									
										
									
										
											
											<td class="fail">FAIL</td>
										
									
								
							
								
							
								
							
						
							
								
							
								
							
								
									
										
											
											<td class="fail">FAIL</td>
										
									
										
									
										
									
										
									
								
							
								
							
								
							
						
							
								
							
								
							
								
									
										
									
										
											
											<td class="fail">FAIL</td>
										
									
										
									
										
									
								
							
								
							
								
							
						
							
								
							
								
							
								
									
										
									
										
									
										
											
											<td class="fail">FAIL</td>
										
									
										
									
								
							
								
							
								
							
						
					</tr>
					
					<tr>
						<td>
							<a href="#arduino%3asamd%3amkrwifi1010"><b>arduino:samd:mkrwifi1010</b></a>
							<br />
							<small>1.8.12</small>
						</td>

						
						
						
							<td>Yes ⚠️</td>
							<td class="fail">FAIL</td>
						
						

						
							
								
							
								
							
								
							
								
									
										
									
										
									
										
									
										
											
											<td class="fail">FAIL</td>
										
									
								
							
								
							
						
							
								
							
								
							
								
							
								
									
										
											
											<td class="fail">FAIL</td>
										
									
										
									
										
									
										
									
								
							
								
							
						
							
								
							
								
							
								
							
								
									
										
									
										
											
											<td class="fail">FAIL</td>
										
									
										
									
										
									
								
							
								
							
						
							
								
							
								
							
								
							
								
									
										
									
										
									
										
											
											<td class="fail">FAIL</td>
										
									
										
									
								
							
								
							
						
					</tr>
					
					<tr>
						<td>
							<a href="#esp32%3aesp32%3ad1_mini32"><b>esp32:esp32:d1_mini32</b></a>
							<br />
							<small>1.0.6</small>
						</td>

						
						
						
						
							<td>No</td>
							<td class="fail">FAIL</td>
						

						
							
								
							
								
							
								
							
								
							
								
									
										
									
										
									
										
									
										
											
											<td class="fail">FAIL</td>
										
									
								
							
						
							
								
							
								
							
								
							
								
							
								
									
										
											
											<td class="fail">FAIL</td>
										
									
										
									
										
									
										
									
								
							
						
							
								
							
								
							
								
							
								
							
								
									
										
									
										
											
											<td class="fail">FAIL</td>
										
									
										
									
										
									
								
							
						
							
								
							
								
							
								
							
								
							
								
									
										
									
										
									
										
											
											<td class="fail">FAIL</td>
										
									
										
									
								
							
						
					</tr>
					
				</table>

				<h2>Compilation logs</h2>
				
				<h3 id="arduino:avr:uno">arduino:avr:uno @ 1.8.4</h3>
				<h4>Inclusion</h4>
				<p>
					Result: <b>FAIL</b>
					
				</p>
				<pre class="pre-scrollable">WARNING: library FTTech_SAMD51_XBee claims to run on samd architecture(s) and may be incompatible with your current board which runs on avr architecture(s).
/home/ec2-user/arduino-testlib/cli-datadir/user/libraries/FTTech_SAMD51_XBee/src/FTTech_Xbee.cpp: In constructor &#39;FTTech_Xbee::FTTech_Xbee()&#39;:
/home/ec2-user/arduino-testlib/cli-datadir/user/libraries/FTTech_SAMD51_XBee/src/FTTech_Xbee.cpp:25:3: error: &#39;_XBEESERIAL&#39; was not declared in this scope
   _XBEESERIAL.setTimeout(2000);
   ^~~~~~~~~~~
/home/ec2-user/arduino-testlib/cli-datadir/user/libraries/FTTech_SAMD51_XBee/src/FTTech_Xbee.cpp:25:3: note: suggested alternative: &#39;SERIAL&#39;
   _XBEESERIAL.setTimeout(2000);
   ^~~~~~~~~~~
   SERIAL
/home/ec2-user/arduino-testlib/cli-datadir/user/libraries/FTTech_SAMD51_XBee/src/FTTech_Xbee.cpp: In member function &#39;void FTTech_Xbee::begin(int, uint32_t)&#39;:
/home/ec2-user/arduino-testlib/cli-datadir/user/libraries/FTTech_SAMD51_XBee/src/FTTech_Xbee.cpp:67:3: error: &#39;_XBEESERIAL&#39; was not declared in this scope
   _XBEESERIAL.begin(__baudrate);
   ^~~~~~~~~~~
/home/ec2-user/arduino-testlib/cli-datadir/user/libraries/FTTech_SAMD51_XBee/src/FTTech_Xbee.cpp:67:3: note: suggested alternative: &#39;SERIAL&#39;
   _XBEESERIAL.begin(__baudrate);
   ^~~~~~~~~~~
   SERIAL
/home/ec2-user/arduino-testlib/cli-datadir/user/libraries/FTTech_SAMD51_XBee/src/FTTech_Xbee.cpp: In member function &#39;void FTTech_Xbee::sendPayload(int, int)&#39;:
/home/ec2-user/arduino-testlib/cli-datadir/user/libraries/FTTech_SAMD51_XBee/src/FTTech_Xbee.cpp:219:3: error: &#39;_XBEESERIAL&#39; was not declared in this scope
   _XBEESERIAL.flush();
   ^~~~~~~~~~~
/home/ec2-user/arduino-testlib/cli-datadir/user/libraries/FTTech_SAMD51_XBee/src/FTTech_Xbee.cpp:219:3: note: suggested alternative: &#39;SERIAL&#39;
   _XBEESERIAL.flush();
   ^~~~~~~~~~~
   SERIAL

</pre>

					
					<h4>examples/receive_and_find</h4>
					<p>
						Result: <b>FAIL</b>
					</p>
					<pre class="pre-scrollable">WARNING: library FTTech_SAMD51_XBee claims to run on samd architecture(s) and may be incompatible with your current board which runs on avr architecture(s).
WARNING: library FTTech_SAMD51_Clicks claims to run on samd architecture(s) and may be incompatible with your current board which runs on avr architecture(s).
/home/ec2-user/arduino-testlib/cli-datadir/user/libraries/FTTech_SAMD51_XBee/examples/receive_and_find/receive_and_find.ino:28:1: error: expected &#39;,&#39; or &#39;;&#39; before &#39;int&#39;
 int BAUDRATE = 115200;                //XBee and Serial boudrate, you can set diferent ones if you want but remmeber to check XBee configuration using XCTU
 ^~~
/home/ec2-user/arduino-testlib/cli-datadir/user/libraries/FTTech_SAMD51_XBee/examples/receive_and_find/receive_and_find.ino: In function &#39;void setup()&#39;:
/home/ec2-user/arduino-testlib/cli-datadir/user/libraries/FTTech_SAMD51_XBee/examples/receive_and_find/receive_and_find.ino:40:16: error: &#39;BAUDRATE&#39; was not declared in this scope
   Serial.begin(BAUDRATE);
                ^~~~~~~~
/home/ec2-user/arduino-testlib/cli-datadir/user/libraries/FTTech_SAMD51_XBee/examples/receive_and_find/receive_and_find.ino:40:16: note: suggested alternative: &#39;ADATE&#39;
   Serial.begin(BAUDRATE);
                ^~~~~~~~
                ADATE
/home/ec2-user/arduino-testlib/cli-datadir/user/libraries/FTTech_SAMD51_XBee/examples/receive_and_find/receive_and_find.ino:47:8: error: request for member &#39;begin&#39; in &#39;xbee&#39;, which is of non-class type &#39;FTTech_Xbee()&#39;
   xbee.begin(BAUDRATE);
        ^~~~~
/home/ec2-user/arduino-testlib/cli-datadir/user/libraries/FTTech_SAMD51_XBee/examples/receive_and_find/receive_and_find.ino: In function &#39;void loop()&#39;:
/home/ec2-user/arduino-testlib/cli-datadir/user/libraries/FTTech_SAMD51_XBee/examples/receive_and_find/receive_and_find.ino:57:12: error: request for member &#39;readAndFindData&#39; in &#39;xbee&#39;, which is of non-class type &#39;FTTech_Xbee()&#39;
   if (xbee.readAndFindData(target_rick))
            ^~~~~~~~~~~~~~~
/home/ec2-user/arduino-testlib/cli-datadir/user/libraries/FTTech_SAMD51_XBee/examples/receive_and_find/receive_and_find.ino:61:16: error: request for member &#39;getInLength&#39; in &#39;xbee&#39;, which is of non-class type &#39;FTTech_Xbee()&#39;
   else if(xbee.getInLength()&gt;0)
                ^~~~~~~~~~~
/home/ec2-user/arduino-testlib/cli-datadir/user/libraries/FTTech_SAMD51_XBee/examples/receive_and_find/receive_and_find.ino:66:11: error: request for member &#39;getInLength&#39; in &#39;xbee&#39;, which is of non-class type &#39;FTTech_Xbee()&#39;
   if(xbee.getInLength()&gt;0)
           ^~~~~~~~~~~
/home/ec2-user/arduino-testlib/cli-datadir/user/libraries/FTTech_SAMD51_XBee/examples/receive_and_find/receive_and_find.ino:68:61: error: request for member &#39;getInPayload&#39; in &#39;xbee&#39;, which is of non-class type &#39;FTTech_Xbee()&#39;
     Serial.print(F(&#34;Received String: &#34;)); Serial.print(xbee.getInPayload());
                                                             ^~~~~~~~~~~~
/home/ec2-user/arduino-testlib/cli-datadir/user/libraries/FTTech_SAMD51_XBee/examples/receive_and_find/receive_and_find.ino:69:56: error: request for member &#39;getInLength&#39; in &#39;xbee&#39;, which is of non-class type &#39;FTTech_Xbee()&#39;
     Serial.print(F(&#34;\tLength: &#34;)); Serial.println(xbee.getInLength());
                                                        ^~~~~~~~~~~

</pre>
					
					<h4>examples/send_package</h4>
					<p>
						Result: <b>FAIL</b>
					</p>
					<pre class="pre-scrollable">WARNING: library FTTech_SAMD51_XBee claims to run on samd architecture(s) and may be incompatible with your current board which runs on avr architecture(s).
WARNING: library FTTech_SAMD51_Clicks claims to run on samd architecture(s) and may be incompatible with your current board which runs on avr architecture(s).
/home/ec2-user/arduino-testlib/cli-datadir/user/libraries/FTTech_SAMD51_XBee/examples/send_package/send_package.ino:29:1: error: expected &#39;,&#39; or &#39;;&#39; before &#39;int&#39;
 int BAUDRATE = 115200;                // XBee and Serial boudrate, you can set diferent ones if you want but remmeber to check XBee configuration using XCTU
 ^~~
/home/ec2-user/arduino-testlib/cli-datadir/user/libraries/FTTech_SAMD51_XBee/examples/send_package/send_package.ino: In function &#39;void setup()&#39;:
/home/ec2-user/arduino-testlib/cli-datadir/user/libraries/FTTech_SAMD51_XBee/examples/send_package/send_package.ino:42:16: error: &#39;BAUDRATE&#39; was not declared in this scope
   Serial.begin(BAUDRATE);
                ^~~~~~~~
/home/ec2-user/arduino-testlib/cli-datadir/user/libraries/FTTech_SAMD51_XBee/examples/send_package/send_package.ino:42:16: note: suggested alternative: &#39;ADATE&#39;
   Serial.begin(BAUDRATE);
                ^~~~~~~~
                ADATE
/home/ec2-user/arduino-testlib/cli-datadir/user/libraries/FTTech_SAMD51_XBee/examples/send_package/send_package.ino:49:8: error: request for member &#39;begin&#39; in &#39;xbee&#39;, which is of non-class type &#39;FTTech_Xbee()&#39;
   xbee.begin(BAUDRATE);
        ^~~~~
/home/ec2-user/arduino-testlib/cli-datadir/user/libraries/FTTech_SAMD51_XBee/examples/send_package/send_package.ino:52:8: error: request for member &#39;setChipID&#39; in &#39;xbee&#39;, which is of non-class type &#39;FTTech_Xbee()&#39;
   xbee.setChipID(FTClicks.ChipID);
        ^~~~~~~~~
/home/ec2-user/arduino-testlib/cli-datadir/user/libraries/FTTech_SAMD51_XBee/examples/send_package/send_package.ino: In function &#39;void loop()&#39;:
/home/ec2-user/arduino-testlib/cli-datadir/user/libraries/FTTech_SAMD51_XBee/examples/send_package/send_package.ino:60:10: error: request for member &#39;messageClearPayload&#39; in &#39;xbee&#39;, which is of non-class type &#39;FTTech_Xbee()&#39;
     xbee.messageClearPayload();
          ^~~~~~~~~~~~~~~~~~~
/home/ec2-user/arduino-testlib/cli-datadir/user/libraries/FTTech_SAMD51_XBee/examples/send_package/send_package.ino:61:10: error: request for member &#39;message&#39; in &#39;xbee&#39;, which is of non-class type &#39;FTTech_Xbee()&#39;
     xbee.message(&#34;TEST_STR&#34;, &#34;12345&#34;);
          ^~~~~~~
/home/ec2-user/arduino-testlib/cli-datadir/user/libraries/FTTech_SAMD51_XBee/examples/send_package/send_package.ino:62:10: error: request for member &#39;sendPayloadBroadcast&#39; in &#39;xbee&#39;, which is of non-class type &#39;FTTech_Xbee()&#39;
     xbee.sendPayloadBroadcast();
          ^~~~~~~~~~~~~~~~~~~~
/home/ec2-user/arduino-testlib/cli-datadir/user/libraries/FTTech_SAMD51_XBee/examples/send_package/send_package.ino:64:10: error: request for member &#39;getOutPayload&#39; in &#39;xbee&#39;, which is of non-class type &#39;FTTech_Xbee()&#39;
     xbee.getOutPayload(payload);
          ^~~~~~~~~~~~~
/home/ec2-user/arduino-testlib/cli-datadir/user/libraries/FTTech_SAMD51_XBee/examples/send_package/send_package.ino:65:29: error: request for member &#39;getOutPayloadLengh&#39; in &#39;xbee&#39;, which is of non-class type &#39;FTTech_Xbee()&#39;
     printData(payload, xbee.getOutPayloadLengh());
                             ^~~~~~~~~~~~~~~~~~

</pre>
					
					<h4>examples/set_encryption</h4>
					<p>
						Result: <b>FAIL</b>
					</p>
					<pre class="pre-scrollable">WARNING: library FTTech_SAMD51_XBee claims to run on samd architecture(s) and may be incompatible with your current board which runs on avr architecture(s).
WARNING: library FTTech_SAMD51_Clicks claims to run on samd architecture(s) and may be incompatible with your current board which runs on avr architecture(s).
/home/ec2-user/arduino-testlib/cli-datadir/user/libraries/FTTech_SAMD51_XBee/examples/set_encryption/set_encryption.ino:29:1: error: expected &#39;,&#39; or &#39;;&#39; before &#39;int&#39;
 int BAUDRATE = 115200;                      // XBee and Serial boudrate, you can set diferent ones if you want but remmeber to check XBee configuration using XCTU
 ^~~
/home/ec2-user/arduino-testlib/cli-datadir/user/libraries/FTTech_SAMD51_XBee/examples/set_encryption/set_encryption.ino: In function &#39;void setup()&#39;:
/home/ec2-user/arduino-testlib/cli-datadir/user/libraries/FTTech_SAMD51_XBee/examples/set_encryption/set_encryption.ino:44:16: error: &#39;BAUDRATE&#39; was not declared in this scope
   Serial.begin(BAUDRATE);
                ^~~~~~~~
/home/ec2-user/arduino-testlib/cli-datadir/user/libraries/FTTech_SAMD51_XBee/examples/set_encryption/set_encryption.ino:44:16: note: suggested alternative: &#39;ADATE&#39;
   Serial.begin(BAUDRATE);
                ^~~~~~~~
                ADATE
/home/ec2-user/arduino-testlib/cli-datadir/user/libraries/FTTech_SAMD51_XBee/examples/set_encryption/set_encryption.ino:51:8: error: request for member &#39;begin&#39; in &#39;xbee&#39;, which is of non-class type &#39;FTTech_Xbee()&#39;
   xbee.begin(BAUDRATE);
        ^~~~~
/home/ec2-user/arduino-testlib/cli-datadir/user/libraries/FTTech_SAMD51_XBee/examples/set_encryption/set_encryption.ino:57:11: error: request for member &#39;receiveEncryptionMode&#39; in &#39;xbee&#39;, which is of non-class type &#39;FTTech_Xbee()&#39;
   if(xbee.receiveEncryptionMode(false))
           ^~~~~~~~~~~~~~~~~~~~~
/home/ec2-user/arduino-testlib/cli-datadir/user/libraries/FTTech_SAMD51_XBee/examples/set_encryption/set_encryption.ino:59:73: error: request for member &#39;getEncryptionMode&#39; in &#39;xbee&#39;, which is of non-class type &#39;FTTech_Xbee()&#39;
     Serial.print(F(&#34;Encryption Mode is set to: &#34;)); Serial.println(xbee.getEncryptionMode());
                                                                         ^~~~~~~~~~~~~~~~~
/home/ec2-user/arduino-testlib/cli-datadir/user/libraries/FTTech_SAMD51_XBee/examples/set_encryption/set_encryption.ino:63:11: error: request for member &#39;setEncryptionMode&#39; in &#39;xbee&#39;, which is of non-class type &#39;FTTech_Xbee()&#39;
   if(xbee.setEncryptionMode(true, false) &amp;&amp; xbee.setEncryptionKey(kyCmdValue, keyLength, false))
           ^~~~~~~~~~~~~~~~~
/home/ec2-user/arduino-testlib/cli-datadir/user/libraries/FTTech_SAMD51_XBee/examples/set_encryption/set_encryption.ino:63:50: error: request for member &#39;setEncryptionKey&#39; in &#39;xbee&#39;, which is of non-class type &#39;FTTech_Xbee()&#39;
   if(xbee.setEncryptionMode(true, false) &amp;&amp; xbee.setEncryptionKey(kyCmdValue, keyLength, false))
                                                  ^~~~~~~~~~~~~~~~
/home/ec2-user/arduino-testlib/cli-datadir/user/libraries/FTTech_SAMD51_XBee/examples/set_encryption/set_encryption.ino:68:13: error: request for member &#39;writeEEPROM&#39; in &#39;xbee&#39;, which is of non-class type &#39;FTTech_Xbee()&#39;
     if(xbee.writeEEPROM(false))
             ^~~~~~~~~~~
/home/ec2-user/arduino-testlib/cli-datadir/user/libraries/FTTech_SAMD51_XBee/examples/set_encryption/set_encryption.ino: In function &#39;void loop()&#39;:
/home/ec2-user/arduino-testlib/cli-datadir/user/libraries/FTTech_SAMD51_XBee/examples/set_encryption/set_encryption.ino:79:10: error: request for member &#39;messageClearPayload&#39; in &#39;xbee&#39;, which is of non-class type &#39;FTTech_Xbee()&#39;
     xbee.messageClearPayload();
          ^~~~~~~~~~~~~~~~~~~
/home/ec2-user/arduino-testlib/cli-datadir/user/libraries/FTTech_SAMD51_XBee/examples/set_encryption/set_encryption.ino:80:10: error: request for member &#39;message&#39; in &#39;xbee&#39;, which is of non-class type &#39;FTTech_Xbee()&#39;
     xbee.message(&#34;TEST_STR&#34;, &#34;12345&#34;);
          ^~~~~~~
/home/ec2-user/arduino-testlib/cli-datadir/user/libraries/FTTech_SAMD51_XBee/examples/set_encryption/set_encryption.ino:81:10: error: request for member &#39;sendPayload&#39; in &#39;xbee&#39;, which is of non-class type &#39;FTTech_Xbee()&#39;
     xbee.sendPayload(address_HB, address_LB);
          ^~~~~~~~~~~
/home/ec2-user/arduino-testlib/cli-datadir/user/libraries/FTTech_SAMD51_XBee/examples/set_encryption/set_encryption.ino:83:10: error: request for member &#39;getOutPayload&#39; in &#39;xbee&#39;, which is of non-class type &#39;FTTech_Xbee()&#39;
     xbee.getOutPayload(payload);
          ^~~~~~~~~~~~~
/home/ec2-user/arduino-testlib/cli-datadir/user/libraries/FTTech_SAMD51_XBee/examples/set_encryption/set_encryption.ino:84:29: error: request for member &#39;getOutPayloadLengh&#39; in &#39;xbee&#39;, which is of non-class type &#39;FTTech_Xbee()&#39;
     printData(payload, xbee.getOutPayloadLengh());
                             ^~~~~~~~~~~~~~~~~~

</pre>
					
					<h4>examples/set_powerlevel</h4>
					<p>
						Result: <b>FAIL</b>
					</p>
					<pre class="pre-scrollable">WARNING: library FTTech_SAMD51_XBee claims to run on samd architecture(s) and may be incompatible with your current board which runs on avr architecture(s).
WARNING: library FTTech_SAMD51_Clicks claims to run on samd architecture(s) and may be incompatible with your current board which runs on avr architecture(s).
/home/ec2-user/arduino-testlib/cli-datadir/user/libraries/FTTech_SAMD51_XBee/examples/set_powerlevel/set_powerlevel.ino:29:1: error: expected &#39;,&#39; or &#39;;&#39; before &#39;int&#39;
 int BAUDRATE = 115200;                      // XBee and Serial boudrate, you can set diferent ones if you want but remmeber to check XBee configuration using XCTU
 ^~~
/home/ec2-user/arduino-testlib/cli-datadir/user/libraries/FTTech_SAMD51_XBee/examples/set_powerlevel/set_powerlevel.ino: In function &#39;void setup()&#39;:
/home/ec2-user/arduino-testlib/cli-datadir/user/libraries/FTTech_SAMD51_XBee/examples/set_powerlevel/set_powerlevel.ino:43:16: error: &#39;BAUDRATE&#39; was not declared in this scope
   Serial.begin(BAUDRATE);
                ^~~~~~~~
/home/ec2-user/arduino-testlib/cli-datadir/user/libraries/FTTech_SAMD51_XBee/examples/set_powerlevel/set_powerlevel.ino:43:16: note: suggested alternative: &#39;ADATE&#39;
   Serial.begin(BAUDRATE);
                ^~~~~~~~
                ADATE
/home/ec2-user/arduino-testlib/cli-datadir/user/libraries/FTTech_SAMD51_XBee/examples/set_powerlevel/set_powerlevel.ino:50:8: error: request for member &#39;begin&#39; in &#39;xbee&#39;, which is of non-class type &#39;FTTech_Xbee()&#39;
   xbee.begin(BAUDRATE);
        ^~~~~
/home/ec2-user/arduino-testlib/cli-datadir/user/libraries/FTTech_SAMD51_XBee/examples/set_powerlevel/set_powerlevel.ino:53:11: error: request for member &#39;receivePowerLevel&#39; in &#39;xbee&#39;, which is of non-class type &#39;FTTech_Xbee()&#39;
   if(xbee.receivePowerLevel())
           ^~~~~~~~~~~~~~~~~
/home/ec2-user/arduino-testlib/cli-datadir/user/libraries/FTTech_SAMD51_XBee/examples/set_powerlevel/set_powerlevel.ino:55:68: error: request for member &#39;getPowerLevel&#39; in &#39;xbee&#39;, which is of non-class type &#39;FTTech_Xbee()&#39;
     Serial.print(F(&#34;PowerLevel is set to: &#34;)); Serial.println(xbee.getPowerLevel());
                                                                    ^~~~~~~~~~~~~
/home/ec2-user/arduino-testlib/cli-datadir/user/libraries/FTTech_SAMD51_XBee/examples/set_powerlevel/set_powerlevel.ino:59:11: error: request for member &#39;setPowerLevel&#39; in &#39;xbee&#39;, which is of non-class type &#39;FTTech_Xbee()&#39;
   if(xbee.setPowerLevel(powerLevel))
           ^~~~~~~~~~~~~
/home/ec2-user/arduino-testlib/cli-datadir/user/libraries/FTTech_SAMD51_XBee/examples/set_powerlevel/set_powerlevel.ino:61:82: error: request for member &#39;getPowerLevel&#39; in &#39;xbee&#39;, which is of non-class type &#39;FTTech_Xbee()&#39;
     Serial.print(F(&#34;Success!! PowerLevel is now set to: &#34;)); Serial.println(xbee.getPowerLevel());
                                                                                  ^~~~~~~~~~~~~
/home/ec2-user/arduino-testlib/cli-datadir/user/libraries/FTTech_SAMD51_XBee/examples/set_powerlevel/set_powerlevel.ino:64:13: error: request for member &#39;writeEEPROM&#39; in &#39;xbee&#39;, which is of non-class type &#39;FTTech_Xbee()&#39;
     if(xbee.writeEEPROM(false))
             ^~~~~~~~~~~

</pre>
					
				
				<h3 id="arduino:mbed_nano:nanorp2040connect">arduino:mbed_nano:nanorp2040connect @ 2.7.2</h3>
				<h4>Inclusion</h4>
				<p>
					Result: <b>FAIL</b>
					
				</p>
				<pre class="pre-scrollable">WARNING: library FTTech_SAMD51_XBee claims to run on samd architecture(s) and may be incompatible with your current board which runs on mbed_nano architecture(s).
/home/ec2-user/arduino-testlib/cli-datadir/user/libraries/FTTech_SAMD51_XBee/src/FTTech_Xbee.cpp: In constructor &#39;FTTech_Xbee::FTTech_Xbee()&#39;:
/home/ec2-user/arduino-testlib/cli-datadir/user/libraries/FTTech_SAMD51_XBee/src/FTTech_Xbee.cpp:25:3: error: &#39;_XBEESERIAL&#39; was not declared in this scope
   _XBEESERIAL.setTimeout(2000);
   ^~~~~~~~~~~
/home/ec2-user/arduino-testlib/cli-datadir/user/libraries/FTTech_SAMD51_XBee/src/FTTech_Xbee.cpp:25:3: note: suggested alternative: &#39;SERIAL&#39;
   _XBEESERIAL.setTimeout(2000);
   ^~~~~~~~~~~
   SERIAL
/home/ec2-user/arduino-testlib/cli-datadir/user/libraries/FTTech_SAMD51_XBee/src/FTTech_Xbee.cpp: In member function &#39;void FTTech_Xbee::begin(int, uint32_t)&#39;:
/home/ec2-user/arduino-testlib/cli-datadir/user/libraries/FTTech_SAMD51_XBee/src/FTTech_Xbee.cpp:67:3: error: &#39;_XBEESERIAL&#39; was not declared in this scope
   _XBEESERIAL.begin(__baudrate);
   ^~~~~~~~~~~
/home/ec2-user/arduino-testlib/cli-datadir/user/libraries/FTTech_SAMD51_XBee/src/FTTech_Xbee.cpp:67:3: note: suggested alternative: &#39;SERIAL&#39;
   _XBEESERIAL.begin(__baudrate);
   ^~~~~~~~~~~
   SERIAL
/home/ec2-user/arduino-testlib/cli-datadir/user/libraries/FTTech_SAMD51_XBee/src/FTTech_Xbee.cpp: In member function &#39;void FTTech_Xbee::sendPayload(int, int)&#39;:
/home/ec2-user/arduino-testlib/cli-datadir/user/libraries/FTTech_SAMD51_XBee/src/FTTech_Xbee.cpp:219:3: error: &#39;_XBEESERIAL&#39; was not declared in this scope
   _XBEESERIAL.flush();
   ^~~~~~~~~~~
/home/ec2-user/arduino-testlib/cli-datadir/user/libraries/FTTech_SAMD51_XBee/src/FTTech_Xbee.cpp:219:3: note: suggested alternative: &#39;SERIAL&#39;
   _XBEESERIAL.flush();
   ^~~~~~~~~~~
   SERIAL

</pre>

					
					<h4>examples/receive_and_find</h4>
					<p>
						Result: <b>FAIL</b>
					</p>
					<pre class="pre-scrollable">WARNING: library FTTech_SAMD51_XBee claims to run on samd architecture(s) and may be incompatible with your current board which runs on mbed_nano architecture(s).
WARNING: library FTTech_SAMD51_Clicks claims to run on samd architecture(s) and may be incompatible with your current board which runs on mbed_nano architecture(s).
WARNING: library Adafruit_SleepyDog_Library claims to run on avr, samd, nrf52, teensy, esp32, esp8266 architecture(s) and may be incompatible with your current board which runs on mbed_nano architecture(s).
In file included from /home/ec2-user/arduino-testlib/cli-datadir/user/libraries/FTTech_SAMD51_Clicks/src/FTTech_SAMD51_Clicks.h:7:0,
                 from /home/ec2-user/arduino-testlib/cli-datadir/user/libraries/FTTech_SAMD51_XBee/examples/receive_and_find/receive_and_find.ino:22:
/home/ec2-user/arduino-testlib/cli-datadir/user/libraries/Adafruit_SleepyDog_Library/Adafruit_SleepyDog.h:38:2: error: #error Unsupported platform for the Adafruit Watchdog library!
 #error Unsupported platform for the Adafruit Watchdog library!
  ^~~~~

</pre>
					
					<h4>examples/send_package</h4>
					<p>
						Result: <b>FAIL</b>
					</p>
					<pre class="pre-scrollable">WARNING: library FTTech_SAMD51_XBee claims to run on samd architecture(s) and may be incompatible with your current board which runs on mbed_nano architecture(s).
WARNING: library FTTech_SAMD51_Clicks claims to run on samd architecture(s) and may be incompatible with your current board which runs on mbed_nano architecture(s).
WARNING: library Adafruit_SleepyDog_Library claims to run on avr, samd, nrf52, teensy, esp32, esp8266 architecture(s) and may be incompatible with your current board which runs on mbed_nano architecture(s).
In file included from /home/ec2-user/arduino-testlib/cli-datadir/user/libraries/FTTech_SAMD51_Clicks/src/FTTech_SAMD51_Clicks.h:7:0,
                 from /home/ec2-user/arduino-testlib/cli-datadir/user/libraries/FTTech_SAMD51_XBee/examples/send_package/send_package.ino:22:
/home/ec2-user/arduino-testlib/cli-datadir/user/libraries/Adafruit_SleepyDog_Library/Adafruit_SleepyDog.h:38:2: error: #error Unsupported platform for the Adafruit Watchdog library!
 #error Unsupported platform for the Adafruit Watchdog library!
  ^~~~~

</pre>
					
					<h4>examples/set_encryption</h4>
					<p>
						Result: <b>FAIL</b>
					</p>
					<pre class="pre-scrollable">WARNING: library FTTech_SAMD51_XBee claims to run on samd architecture(s) and may be incompatible with your current board which runs on mbed_nano architecture(s).
WARNING: library FTTech_SAMD51_Clicks claims to run on samd architecture(s) and may be incompatible with your current board which runs on mbed_nano architecture(s).
WARNING: library Adafruit_SleepyDog_Library claims to run on avr, samd, nrf52, teensy, esp32, esp8266 architecture(s) and may be incompatible with your current board which runs on mbed_nano architecture(s).
In file included from /home/ec2-user/arduino-testlib/cli-datadir/user/libraries/FTTech_SAMD51_Clicks/src/FTTech_SAMD51_Clicks.h:7:0,
                 from /home/ec2-user/arduino-testlib/cli-datadir/user/libraries/FTTech_SAMD51_XBee/examples/set_encryption/set_encryption.ino:22:
/home/ec2-user/arduino-testlib/cli-datadir/user/libraries/Adafruit_SleepyDog_Library/Adafruit_SleepyDog.h:38:2: error: #error Unsupported platform for the Adafruit Watchdog library!
 #error Unsupported platform for the Adafruit Watchdog library!
  ^~~~~

</pre>
					
					<h4>examples/set_powerlevel</h4>
					<p>
						Result: <b>FAIL</b>
					</p>
					<pre class="pre-scrollable">WARNING: library FTTech_SAMD51_XBee claims to run on samd architecture(s) and may be incompatible with your current board which runs on mbed_nano architecture(s).
WARNING: library FTTech_SAMD51_Clicks claims to run on samd architecture(s) and may be incompatible with your current board which runs on mbed_nano architecture(s).
WARNING: library Adafruit_SleepyDog_Library claims to run on avr, samd, nrf52, teensy, esp32, esp8266 architecture(s) and may be incompatible with your current board which runs on mbed_nano architecture(s).
In file included from /home/ec2-user/arduino-testlib/cli-datadir/user/libraries/FTTech_SAMD51_Clicks/src/FTTech_SAMD51_Clicks.h:7:0,
                 from /home/ec2-user/arduino-testlib/cli-datadir/user/libraries/FTTech_SAMD51_XBee/examples/set_powerlevel/set_powerlevel.ino:22:
/home/ec2-user/arduino-testlib/cli-datadir/user/libraries/Adafruit_SleepyDog_Library/Adafruit_SleepyDog.h:38:2: error: #error Unsupported platform for the Adafruit Watchdog library!
 #error Unsupported platform for the Adafruit Watchdog library!
  ^~~~~

</pre>
					
				
				<h3 id="arduino:megaavr:nona4809">arduino:megaavr:nona4809 @ 1.8.7</h3>
				<h4>Inclusion</h4>
				<p>
					Result: <b>FAIL</b>
					
				</p>
				<pre class="pre-scrollable">WARNING: library FTTech_SAMD51_XBee claims to run on samd architecture(s) and may be incompatible with your current board which runs on megaavr architecture(s).
/home/ec2-user/arduino-testlib/cli-datadir/user/libraries/FTTech_SAMD51_XBee/src/FTTech_Xbee.cpp: In constructor &#39;FTTech_Xbee::FTTech_Xbee()&#39;:
/home/ec2-user/arduino-testlib/cli-datadir/user/libraries/FTTech_SAMD51_XBee/src/FTTech_Xbee.cpp:25:3: error: &#39;_XBEESERIAL&#39; was not declared in this scope
   _XBEESERIAL.setTimeout(2000);
   ^~~~~~~~~~~
/home/ec2-user/arduino-testlib/cli-datadir/user/libraries/FTTech_SAMD51_XBee/src/FTTech_Xbee.cpp:25:3: note: suggested alternative: &#39;SERIAL&#39;
   _XBEESERIAL.setTimeout(2000);
   ^~~~~~~~~~~
   SERIAL
/home/ec2-user/arduino-testlib/cli-datadir/user/libraries/FTTech_SAMD51_XBee/src/FTTech_Xbee.cpp: In member function &#39;void FTTech_Xbee::begin(int, uint32_t)&#39;:
/home/ec2-user/arduino-testlib/cli-datadir/user/libraries/FTTech_SAMD51_XBee/src/FTTech_Xbee.cpp:67:3: error: &#39;_XBEESERIAL&#39; was not declared in this scope
   _XBEESERIAL.begin(__baudrate);
   ^~~~~~~~~~~
/home/ec2-user/arduino-testlib/cli-datadir/user/libraries/FTTech_SAMD51_XBee/src/FTTech_Xbee.cpp:67:3: note: suggested alternative: &#39;SERIAL&#39;
   _XBEESERIAL.begin(__baudrate);
   ^~~~~~~~~~~
   SERIAL
/home/ec2-user/arduino-testlib/cli-datadir/user/libraries/FTTech_SAMD51_XBee/src/FTTech_Xbee.cpp: In member function &#39;void FTTech_Xbee::sendPayload(int, int)&#39;:
/home/ec2-user/arduino-testlib/cli-datadir/user/libraries/FTTech_SAMD51_XBee/src/FTTech_Xbee.cpp:219:3: error: &#39;_XBEESERIAL&#39; was not declared in this scope
   _XBEESERIAL.flush();
   ^~~~~~~~~~~
/home/ec2-user/arduino-testlib/cli-datadir/user/libraries/FTTech_SAMD51_XBee/src/FTTech_Xbee.cpp:219:3: note: suggested alternative: &#39;SERIAL&#39;
   _XBEESERIAL.flush();
   ^~~~~~~~~~~
   SERIAL

</pre>

					
					<h4>examples/receive_and_find</h4>
					<p>
						Result: <b>FAIL</b>
					</p>
					<pre class="pre-scrollable">WARNING: library FTTech_SAMD51_XBee claims to run on samd architecture(s) and may be incompatible with your current board which runs on megaavr architecture(s).
WARNING: library FTTech_SAMD51_Clicks claims to run on samd architecture(s) and may be incompatible with your current board which runs on megaavr architecture(s).
WARNING: library Adafruit_SleepyDog_Library claims to run on avr, samd, nrf52, teensy, esp32, esp8266 architecture(s) and may be incompatible with your current board which runs on megaavr architecture(s).
/home/ec2-user/arduino-testlib/cli-datadir/user/libraries/FTTech_SAMD51_XBee/examples/receive_and_find/receive_and_find.ino:28:1: error: expected &#39;,&#39; or &#39;;&#39; before &#39;int&#39;
 int BAUDRATE = 115200;                //XBee and Serial boudrate, you can set diferent ones if you want but remmeber to check XBee configuration using XCTU
 ^~~
/home/ec2-user/arduino-testlib/cli-datadir/user/libraries/FTTech_SAMD51_XBee/examples/receive_and_find/receive_and_find.ino: In function &#39;void setup()&#39;:
/home/ec2-user/arduino-testlib/cli-datadir/user/libraries/FTTech_SAMD51_XBee/examples/receive_and_find/receive_and_find.ino:40:16: error: &#39;BAUDRATE&#39; was not declared in this scope
   Serial.begin(BAUDRATE);
                ^~~~~~~~
/home/ec2-user/arduino-testlib/cli-datadir/user/libraries/FTTech_SAMD51_XBee/examples/receive_and_find/receive_and_find.ino:47:8: error: request for member &#39;begin&#39; in &#39;xbee&#39;, which is of non-class type &#39;FTTech_Xbee()&#39;
   xbee.begin(BAUDRATE);
        ^~~~~
/home/ec2-user/arduino-testlib/cli-datadir/user/libraries/FTTech_SAMD51_XBee/examples/receive_and_find/receive_and_find.ino: In function &#39;void loop()&#39;:
/home/ec2-user/arduino-testlib/cli-datadir/user/libraries/FTTech_SAMD51_XBee/examples/receive_and_find/receive_and_find.ino:57:12: error: request for member &#39;readAndFindData&#39; in &#39;xbee&#39;, which is of non-class type &#39;FTTech_Xbee()&#39;
   if (xbee.readAndFindData(target_rick))
            ^~~~~~~~~~~~~~~
/home/ec2-user/arduino-testlib/cli-datadir/user/libraries/FTTech_SAMD51_XBee/examples/receive_and_find/receive_and_find.ino:61:16: error: request for member &#39;getInLength&#39; in &#39;xbee&#39;, which is of non-class type &#39;FTTech_Xbee()&#39;
   else if(xbee.getInLength()&gt;0)
                ^~~~~~~~~~~
/home/ec2-user/arduino-testlib/cli-datadir/user/libraries/FTTech_SAMD51_XBee/examples/receive_and_find/receive_and_find.ino:66:11: error: request for member &#39;getInLength&#39; in &#39;xbee&#39;, which is of non-class type &#39;FTTech_Xbee()&#39;
   if(xbee.getInLength()&gt;0)
           ^~~~~~~~~~~
/home/ec2-user/arduino-testlib/cli-datadir/user/libraries/FTTech_SAMD51_XBee/examples/receive_and_find/receive_and_find.ino:68:61: error: request for member &#39;getInPayload&#39; in &#39;xbee&#39;, which is of non-class type &#39;FTTech_Xbee()&#39;
     Serial.print(F(&#34;Received String: &#34;)); Serial.print(xbee.getInPayload());
                                                             ^~~~~~~~~~~~
/home/ec2-user/arduino-testlib/cli-datadir/user/libraries/FTTech_SAMD51_XBee/examples/receive_and_find/receive_and_find.ino:69:56: error: request for member &#39;getInLength&#39; in &#39;xbee&#39;, which is of non-class type &#39;FTTech_Xbee()&#39;
     Serial.print(F(&#34;\tLength: &#34;)); Serial.println(xbee.getInLength());
                                                        ^~~~~~~~~~~

</pre>
					
					<h4>examples/send_package</h4>
					<p>
						Result: <b>FAIL</b>
					</p>
					<pre class="pre-scrollable">WARNING: library FTTech_SAMD51_XBee claims to run on samd architecture(s) and may be incompatible with your current board which runs on megaavr architecture(s).
WARNING: library FTTech_SAMD51_Clicks claims to run on samd architecture(s) and may be incompatible with your current board which runs on megaavr architecture(s).
WARNING: library Adafruit_SleepyDog_Library claims to run on avr, samd, nrf52, teensy, esp32, esp8266 architecture(s) and may be incompatible with your current board which runs on megaavr architecture(s).
/home/ec2-user/arduino-testlib/cli-datadir/user/libraries/FTTech_SAMD51_XBee/examples/send_package/send_package.ino:29:1: error: expected &#39;,&#39; or &#39;;&#39; before &#39;int&#39;
 int BAUDRATE = 115200;                // XBee and Serial boudrate, you can set diferent ones if you want but remmeber to check XBee configuration using XCTU
 ^~~
/home/ec2-user/arduino-testlib/cli-datadir/user/libraries/FTTech_SAMD51_XBee/examples/send_package/send_package.ino: In function &#39;void setup()&#39;:
/home/ec2-user/arduino-testlib/cli-datadir/user/libraries/FTTech_SAMD51_XBee/examples/send_package/send_package.ino:42:16: error: &#39;BAUDRATE&#39; was not declared in this scope
   Serial.begin(BAUDRATE);
                ^~~~~~~~
/home/ec2-user/arduino-testlib/cli-datadir/user/libraries/FTTech_SAMD51_XBee/examples/send_package/send_package.ino:49:8: error: request for member &#39;begin&#39; in &#39;xbee&#39;, which is of non-class type &#39;FTTech_Xbee()&#39;
   xbee.begin(BAUDRATE);
        ^~~~~
/home/ec2-user/arduino-testlib/cli-datadir/user/libraries/FTTech_SAMD51_XBee/examples/send_package/send_package.ino:52:8: error: request for member &#39;setChipID&#39; in &#39;xbee&#39;, which is of non-class type &#39;FTTech_Xbee()&#39;
   xbee.setChipID(FTClicks.ChipID);
        ^~~~~~~~~
/home/ec2-user/arduino-testlib/cli-datadir/user/libraries/FTTech_SAMD51_XBee/examples/send_package/send_package.ino: In function &#39;void loop()&#39;:
/home/ec2-user/arduino-testlib/cli-datadir/user/libraries/FTTech_SAMD51_XBee/examples/send_package/send_package.ino:60:10: error: request for member &#39;messageClearPayload&#39; in &#39;xbee&#39;, which is of non-class type &#39;FTTech_Xbee()&#39;
     xbee.messageClearPayload();
          ^~~~~~~~~~~~~~~~~~~
/home/ec2-user/arduino-testlib/cli-datadir/user/libraries/FTTech_SAMD51_XBee/examples/send_package/send_package.ino:61:10: error: request for member &#39;message&#39; in &#39;xbee&#39;, which is of non-class type &#39;FTTech_Xbee()&#39;
     xbee.message(&#34;TEST_STR&#34;, &#34;12345&#34;);
          ^~~~~~~
/home/ec2-user/arduino-testlib/cli-datadir/user/libraries/FTTech_SAMD51_XBee/examples/send_package/send_package.ino:62:10: error: request for member &#39;sendPayloadBroadcast&#39; in &#39;xbee&#39;, which is of non-class type &#39;FTTech_Xbee()&#39;
     xbee.sendPayloadBroadcast();
          ^~~~~~~~~~~~~~~~~~~~
/home/ec2-user/arduino-testlib/cli-datadir/user/libraries/FTTech_SAMD51_XBee/examples/send_package/send_package.ino:64:10: error: request for member &#39;getOutPayload&#39; in &#39;xbee&#39;, which is of non-class type &#39;FTTech_Xbee()&#39;
     xbee.getOutPayload(payload);
          ^~~~~~~~~~~~~
/home/ec2-user/arduino-testlib/cli-datadir/user/libraries/FTTech_SAMD51_XBee/examples/send_package/send_package.ino:65:29: error: request for member &#39;getOutPayloadLengh&#39; in &#39;xbee&#39;, which is of non-class type &#39;FTTech_Xbee()&#39;
     printData(payload, xbee.getOutPayloadLengh());
                             ^~~~~~~~~~~~~~~~~~

</pre>
					
					<h4>examples/set_encryption</h4>
					<p>
						Result: <b>FAIL</b>
					</p>
					<pre class="pre-scrollable">WARNING: library FTTech_SAMD51_XBee claims to run on samd architecture(s) and may be incompatible with your current board which runs on megaavr architecture(s).
WARNING: library FTTech_SAMD51_Clicks claims to run on samd architecture(s) and may be incompatible with your current board which runs on megaavr architecture(s).
WARNING: library Adafruit_SleepyDog_Library claims to run on avr, samd, nrf52, teensy, esp32, esp8266 architecture(s) and may be incompatible with your current board which runs on megaavr architecture(s).
/home/ec2-user/arduino-testlib/cli-datadir/user/libraries/FTTech_SAMD51_XBee/examples/set_encryption/set_encryption.ino:29:1: error: expected &#39;,&#39; or &#39;;&#39; before &#39;int&#39;
 int BAUDRATE = 115200;                      // XBee and Serial boudrate, you can set diferent ones if you want but remmeber to check XBee configuration using XCTU
 ^~~
/home/ec2-user/arduino-testlib/cli-datadir/user/libraries/FTTech_SAMD51_XBee/examples/set_encryption/set_encryption.ino: In function &#39;void setup()&#39;:
/home/ec2-user/arduino-testlib/cli-datadir/user/libraries/FTTech_SAMD51_XBee/examples/set_encryption/set_encryption.ino:44:16: error: &#39;BAUDRATE&#39; was not declared in this scope
   Serial.begin(BAUDRATE);
                ^~~~~~~~
/home/ec2-user/arduino-testlib/cli-datadir/user/libraries/FTTech_SAMD51_XBee/examples/set_encryption/set_encryption.ino:51:8: error: request for member &#39;begin&#39; in &#39;xbee&#39;, which is of non-class type &#39;FTTech_Xbee()&#39;
   xbee.begin(BAUDRATE);
        ^~~~~
/home/ec2-user/arduino-testlib/cli-datadir/user/libraries/FTTech_SAMD51_XBee/examples/set_encryption/set_encryption.ino:57:11: error: request for member &#39;receiveEncryptionMode&#39; in &#39;xbee&#39;, which is of non-class type &#39;FTTech_Xbee()&#39;
   if(xbee.receiveEncryptionMode(false))
           ^~~~~~~~~~~~~~~~~~~~~
/home/ec2-user/arduino-testlib/cli-datadir/user/libraries/FTTech_SAMD51_XBee/examples/set_encryption/set_encryption.ino:59:73: error: request for member &#39;getEncryptionMode&#39; in &#39;xbee&#39;, which is of non-class type &#39;FTTech_Xbee()&#39;
     Serial.print(F(&#34;Encryption Mode is set to: &#34;)); Serial.println(xbee.getEncryptionMode());
                                                                         ^~~~~~~~~~~~~~~~~
/home/ec2-user/arduino-testlib/cli-datadir/user/libraries/FTTech_SAMD51_XBee/examples/set_encryption/set_encryption.ino:63:11: error: request for member &#39;setEncryptionMode&#39; in &#39;xbee&#39;, which is of non-class type &#39;FTTech_Xbee()&#39;
   if(xbee.setEncryptionMode(true, false) &amp;&amp; xbee.setEncryptionKey(kyCmdValue, keyLength, false))
           ^~~~~~~~~~~~~~~~~
/home/ec2-user/arduino-testlib/cli-datadir/user/libraries/FTTech_SAMD51_XBee/examples/set_encryption/set_encryption.ino:63:50: error: request for member &#39;setEncryptionKey&#39; in &#39;xbee&#39;, which is of non-class type &#39;FTTech_Xbee()&#39;
   if(xbee.setEncryptionMode(true, false) &amp;&amp; xbee.setEncryptionKey(kyCmdValue, keyLength, false))
                                                  ^~~~~~~~~~~~~~~~
/home/ec2-user/arduino-testlib/cli-datadir/user/libraries/FTTech_SAMD51_XBee/examples/set_encryption/set_encryption.ino:68:13: error: request for member &#39;writeEEPROM&#39; in &#39;xbee&#39;, which is of non-class type &#39;FTTech_Xbee()&#39;
     if(xbee.writeEEPROM(false))
             ^~~~~~~~~~~
/home/ec2-user/arduino-testlib/cli-datadir/user/libraries/FTTech_SAMD51_XBee/examples/set_encryption/set_encryption.ino: In function &#39;void loop()&#39;:
/home/ec2-user/arduino-testlib/cli-datadir/user/libraries/FTTech_SAMD51_XBee/examples/set_encryption/set_encryption.ino:79:10: error: request for member &#39;messageClearPayload&#39; in &#39;xbee&#39;, which is of non-class type &#39;FTTech_Xbee()&#39;
     xbee.messageClearPayload();
          ^~~~~~~~~~~~~~~~~~~
/home/ec2-user/arduino-testlib/cli-datadir/user/libraries/FTTech_SAMD51_XBee/examples/set_encryption/set_encryption.ino:80:10: error: request for member &#39;message&#39; in &#39;xbee&#39;, which is of non-class type &#39;FTTech_Xbee()&#39;
     xbee.message(&#34;TEST_STR&#34;, &#34;12345&#34;);
          ^~~~~~~
/home/ec2-user/arduino-testlib/cli-datadir/user/libraries/FTTech_SAMD51_XBee/examples/set_encryption/set_encryption.ino:81:10: error: request for member &#39;sendPayload&#39; in &#39;xbee&#39;, which is of non-class type &#39;FTTech_Xbee()&#39;
     xbee.sendPayload(address_HB, address_LB);
          ^~~~~~~~~~~
/home/ec2-user/arduino-testlib/cli-datadir/user/libraries/FTTech_SAMD51_XBee/examples/set_encryption/set_encryption.ino:83:10: error: request for member &#39;getOutPayload&#39; in &#39;xbee&#39;, which is of non-class type &#39;FTTech_Xbee()&#39;
     xbee.getOutPayload(payload);
          ^~~~~~~~~~~~~
/home/ec2-user/arduino-testlib/cli-datadir/user/libraries/FTTech_SAMD51_XBee/examples/set_encryption/set_encryption.ino:84:29: error: request for member &#39;getOutPayloadLengh&#39; in &#39;xbee&#39;, which is of non-class type &#39;FTTech_Xbee()&#39;
     printData(payload, xbee.getOutPayloadLengh());
                             ^~~~~~~~~~~~~~~~~~

</pre>
					
					<h4>examples/set_powerlevel</h4>
					<p>
						Result: <b>FAIL</b>
					</p>
					<pre class="pre-scrollable">WARNING: library FTTech_SAMD51_XBee claims to run on samd architecture(s) and may be incompatible with your current board which runs on megaavr architecture(s).
WARNING: library FTTech_SAMD51_Clicks claims to run on samd architecture(s) and may be incompatible with your current board which runs on megaavr architecture(s).
WARNING: library Adafruit_SleepyDog_Library claims to run on avr, samd, nrf52, teensy, esp32, esp8266 architecture(s) and may be incompatible with your current board which runs on megaavr architecture(s).
/home/ec2-user/arduino-testlib/cli-datadir/user/libraries/FTTech_SAMD51_XBee/examples/set_powerlevel/set_powerlevel.ino:29:1: error: expected &#39;,&#39; or &#39;;&#39; before &#39;int&#39;
 int BAUDRATE = 115200;                      // XBee and Serial boudrate, you can set diferent ones if you want but remmeber to check XBee configuration using XCTU
 ^~~
/home/ec2-user/arduino-testlib/cli-datadir/user/libraries/FTTech_SAMD51_XBee/examples/set_powerlevel/set_powerlevel.ino: In function &#39;void setup()&#39;:
/home/ec2-user/arduino-testlib/cli-datadir/user/libraries/FTTech_SAMD51_XBee/examples/set_powerlevel/set_powerlevel.ino:43:16: error: &#39;BAUDRATE&#39; was not declared in this scope
   Serial.begin(BAUDRATE);
                ^~~~~~~~
/home/ec2-user/arduino-testlib/cli-datadir/user/libraries/FTTech_SAMD51_XBee/examples/set_powerlevel/set_powerlevel.ino:50:8: error: request for member &#39;begin&#39; in &#39;xbee&#39;, which is of non-class type &#39;FTTech_Xbee()&#39;
   xbee.begin(BAUDRATE);
        ^~~~~
/home/ec2-user/arduino-testlib/cli-datadir/user/libraries/FTTech_SAMD51_XBee/examples/set_powerlevel/set_powerlevel.ino:53:11: error: request for member &#39;receivePowerLevel&#39; in &#39;xbee&#39;, which is of non-class type &#39;FTTech_Xbee()&#39;
   if(xbee.receivePowerLevel())
           ^~~~~~~~~~~~~~~~~
/home/ec2-user/arduino-testlib/cli-datadir/user/libraries/FTTech_SAMD51_XBee/examples/set_powerlevel/set_powerlevel.ino:55:68: error: request for member &#39;getPowerLevel&#39; in &#39;xbee&#39;, which is of non-class type &#39;FTTech_Xbee()&#39;
     Serial.print(F(&#34;PowerLevel is set to: &#34;)); Serial.println(xbee.getPowerLevel());
                                                                    ^~~~~~~~~~~~~
/home/ec2-user/arduino-testlib/cli-datadir/user/libraries/FTTech_SAMD51_XBee/examples/set_powerlevel/set_powerlevel.ino:59:11: error: request for member &#39;setPowerLevel&#39; in &#39;xbee&#39;, which is of non-class type &#39;FTTech_Xbee()&#39;
   if(xbee.setPowerLevel(powerLevel))
           ^~~~~~~~~~~~~
/home/ec2-user/arduino-testlib/cli-datadir/user/libraries/FTTech_SAMD51_XBee/examples/set_powerlevel/set_powerlevel.ino:61:82: error: request for member &#39;getPowerLevel&#39; in &#39;xbee&#39;, which is of non-class type &#39;FTTech_Xbee()&#39;
     Serial.print(F(&#34;Success!! PowerLevel is now set to: &#34;)); Serial.println(xbee.getPowerLevel());
                                                                                  ^~~~~~~~~~~~~
/home/ec2-user/arduino-testlib/cli-datadir/user/libraries/FTTech_SAMD51_XBee/examples/set_powerlevel/set_powerlevel.ino:64:13: error: request for member &#39;writeEEPROM&#39; in &#39;xbee&#39;, which is of non-class type &#39;FTTech_Xbee()&#39;
     if(xbee.writeEEPROM(false))
             ^~~~~~~~~~~

</pre>
					
				
				<h3 id="arduino:samd:mkrwifi1010">arduino:samd:mkrwifi1010 @ 1.8.12</h3>
				<h4>Inclusion</h4>
				<p>
					Result: <b>FAIL</b>
					
				</p>
				<pre class="pre-scrollable">/home/ec2-user/arduino-testlib/cli-datadir/user/libraries/FTTech_SAMD51_XBee/src/FTTech_Xbee.cpp: In constructor &#39;FTTech_Xbee::FTTech_Xbee()&#39;:
/home/ec2-user/arduino-testlib/cli-datadir/user/libraries/FTTech_SAMD51_XBee/src/FTTech_Xbee.cpp:25:3: error: &#39;_XBEESERIAL&#39; was not declared in this scope
   _XBEESERIAL.setTimeout(2000);
   ^~~~~~~~~~~
/home/ec2-user/arduino-testlib/cli-datadir/user/libraries/FTTech_SAMD51_XBee/src/FTTech_Xbee.cpp:25:3: note: suggested alternative: &#39;SERIAL&#39;
   _XBEESERIAL.setTimeout(2000);
   ^~~~~~~~~~~
   SERIAL
/home/ec2-user/arduino-testlib/cli-datadir/user/libraries/FTTech_SAMD51_XBee/src/FTTech_Xbee.cpp: In member function &#39;void FTTech_Xbee::begin(int, uint32_t)&#39;:
/home/ec2-user/arduino-testlib/cli-datadir/user/libraries/FTTech_SAMD51_XBee/src/FTTech_Xbee.cpp:67:3: error: &#39;_XBEESERIAL&#39; was not declared in this scope
   _XBEESERIAL.begin(__baudrate);
   ^~~~~~~~~~~
/home/ec2-user/arduino-testlib/cli-datadir/user/libraries/FTTech_SAMD51_XBee/src/FTTech_Xbee.cpp:67:3: note: suggested alternative: &#39;SERIAL&#39;
   _XBEESERIAL.begin(__baudrate);
   ^~~~~~~~~~~
   SERIAL
/home/ec2-user/arduino-testlib/cli-datadir/user/libraries/FTTech_SAMD51_XBee/src/FTTech_Xbee.cpp: In member function &#39;void FTTech_Xbee::sendPayload(int, int)&#39;:
/home/ec2-user/arduino-testlib/cli-datadir/user/libraries/FTTech_SAMD51_XBee/src/FTTech_Xbee.cpp:219:3: error: &#39;_XBEESERIAL&#39; was not declared in this scope
   _XBEESERIAL.flush();
   ^~~~~~~~~~~
/home/ec2-user/arduino-testlib/cli-datadir/user/libraries/FTTech_SAMD51_XBee/src/FTTech_Xbee.cpp:219:3: note: suggested alternative: &#39;SERIAL&#39;
   _XBEESERIAL.flush();
   ^~~~~~~~~~~
   SERIAL

</pre>

					
					<h4>examples/receive_and_find</h4>
					<p>
						Result: <b>FAIL</b>
					</p>
					<pre class="pre-scrollable">/home/ec2-user/arduino-testlib/cli-datadir/user/libraries/FTTech_SAMD51_XBee/examples/receive_and_find/receive_and_find.ino:28:1: error: expected &#39;,&#39; or &#39;;&#39; before &#39;int&#39;
 int BAUDRATE = 115200;                //XBee and Serial boudrate, you can set diferent ones if you want but remmeber to check XBee configuration using XCTU
 ^~~
/home/ec2-user/arduino-testlib/cli-datadir/user/libraries/FTTech_SAMD51_XBee/examples/receive_and_find/receive_and_find.ino: In function &#39;void setup()&#39;:
/home/ec2-user/arduino-testlib/cli-datadir/user/libraries/FTTech_SAMD51_XBee/examples/receive_and_find/receive_and_find.ino:40:16: error: &#39;BAUDRATE&#39; was not declared in this scope
   Serial.begin(BAUDRATE);
                ^~~~~~~~
/home/ec2-user/arduino-testlib/cli-datadir/user/libraries/FTTech_SAMD51_XBee/examples/receive_and_find/receive_and_find.ino:47:8: error: request for member &#39;begin&#39; in &#39;xbee&#39;, which is of non-class type &#39;FTTech_Xbee()&#39;
   xbee.begin(BAUDRATE);
        ^~~~~
/home/ec2-user/arduino-testlib/cli-datadir/user/libraries/FTTech_SAMD51_XBee/examples/receive_and_find/receive_and_find.ino: In function &#39;void loop()&#39;:
/home/ec2-user/arduino-testlib/cli-datadir/user/libraries/FTTech_SAMD51_XBee/examples/receive_and_find/receive_and_find.ino:57:12: error: request for member &#39;readAndFindData&#39; in &#39;xbee&#39;, which is of non-class type &#39;FTTech_Xbee()&#39;
   if (xbee.readAndFindData(target_rick))
            ^~~~~~~~~~~~~~~
/home/ec2-user/arduino-testlib/cli-datadir/user/libraries/FTTech_SAMD51_XBee/examples/receive_and_find/receive_and_find.ino:61:16: error: request for member &#39;getInLength&#39; in &#39;xbee&#39;, which is of non-class type &#39;FTTech_Xbee()&#39;
   else if(xbee.getInLength()&gt;0)
                ^~~~~~~~~~~
/home/ec2-user/arduino-testlib/cli-datadir/user/libraries/FTTech_SAMD51_XBee/examples/receive_and_find/receive_and_find.ino:66:11: error: request for member &#39;getInLength&#39; in &#39;xbee&#39;, which is of non-class type &#39;FTTech_Xbee()&#39;
   if(xbee.getInLength()&gt;0)
           ^~~~~~~~~~~
/home/ec2-user/arduino-testlib/cli-datadir/user/libraries/FTTech_SAMD51_XBee/examples/receive_and_find/receive_and_find.ino:68:61: error: request for member &#39;getInPayload&#39; in &#39;xbee&#39;, which is of non-class type &#39;FTTech_Xbee()&#39;
     Serial.print(F(&#34;Received String: &#34;)); Serial.print(xbee.getInPayload());
                                                             ^~~~~~~~~~~~
/home/ec2-user/arduino-testlib/cli-datadir/user/libraries/FTTech_SAMD51_XBee/examples/receive_and_find/receive_and_find.ino:69:56: error: request for member &#39;getInLength&#39; in &#39;xbee&#39;, which is of non-class type &#39;FTTech_Xbee()&#39;
     Serial.print(F(&#34;\tLength: &#34;)); Serial.println(xbee.getInLength());
                                                        ^~~~~~~~~~~

</pre>
					
					<h4>examples/send_package</h4>
					<p>
						Result: <b>FAIL</b>
					</p>
					<pre class="pre-scrollable">/home/ec2-user/arduino-testlib/cli-datadir/user/libraries/FTTech_SAMD51_XBee/examples/send_package/send_package.ino:29:1: error: expected &#39;,&#39; or &#39;;&#39; before &#39;int&#39;
 int BAUDRATE = 115200;                // XBee and Serial boudrate, you can set diferent ones if you want but remmeber to check XBee configuration using XCTU
 ^~~
/home/ec2-user/arduino-testlib/cli-datadir/user/libraries/FTTech_SAMD51_XBee/examples/send_package/send_package.ino: In function &#39;void setup()&#39;:
/home/ec2-user/arduino-testlib/cli-datadir/user/libraries/FTTech_SAMD51_XBee/examples/send_package/send_package.ino:42:16: error: &#39;BAUDRATE&#39; was not declared in this scope
   Serial.begin(BAUDRATE);
                ^~~~~~~~
/home/ec2-user/arduino-testlib/cli-datadir/user/libraries/FTTech_SAMD51_XBee/examples/send_package/send_package.ino:49:8: error: request for member &#39;begin&#39; in &#39;xbee&#39;, which is of non-class type &#39;FTTech_Xbee()&#39;
   xbee.begin(BAUDRATE);
        ^~~~~
/home/ec2-user/arduino-testlib/cli-datadir/user/libraries/FTTech_SAMD51_XBee/examples/send_package/send_package.ino:52:8: error: request for member &#39;setChipID&#39; in &#39;xbee&#39;, which is of non-class type &#39;FTTech_Xbee()&#39;
   xbee.setChipID(FTClicks.ChipID);
        ^~~~~~~~~
/home/ec2-user/arduino-testlib/cli-datadir/user/libraries/FTTech_SAMD51_XBee/examples/send_package/send_package.ino: In function &#39;void loop()&#39;:
/home/ec2-user/arduino-testlib/cli-datadir/user/libraries/FTTech_SAMD51_XBee/examples/send_package/send_package.ino:60:10: error: request for member &#39;messageClearPayload&#39; in &#39;xbee&#39;, which is of non-class type &#39;FTTech_Xbee()&#39;
     xbee.messageClearPayload();
          ^~~~~~~~~~~~~~~~~~~
/home/ec2-user/arduino-testlib/cli-datadir/user/libraries/FTTech_SAMD51_XBee/examples/send_package/send_package.ino:61:10: error: request for member &#39;message&#39; in &#39;xbee&#39;, which is of non-class type &#39;FTTech_Xbee()&#39;
     xbee.message(&#34;TEST_STR&#34;, &#34;12345&#34;);
          ^~~~~~~
/home/ec2-user/arduino-testlib/cli-datadir/user/libraries/FTTech_SAMD51_XBee/examples/send_package/send_package.ino:62:10: error: request for member &#39;sendPayloadBroadcast&#39; in &#39;xbee&#39;, which is of non-class type &#39;FTTech_Xbee()&#39;
     xbee.sendPayloadBroadcast();
          ^~~~~~~~~~~~~~~~~~~~
/home/ec2-user/arduino-testlib/cli-datadir/user/libraries/FTTech_SAMD51_XBee/examples/send_package/send_package.ino:64:10: error: request for member &#39;getOutPayload&#39; in &#39;xbee&#39;, which is of non-class type &#39;FTTech_Xbee()&#39;
     xbee.getOutPayload(payload);
          ^~~~~~~~~~~~~
/home/ec2-user/arduino-testlib/cli-datadir/user/libraries/FTTech_SAMD51_XBee/examples/send_package/send_package.ino:65:29: error: request for member &#39;getOutPayloadLengh&#39; in &#39;xbee&#39;, which is of non-class type &#39;FTTech_Xbee()&#39;
     printData(payload, xbee.getOutPayloadLengh());
                             ^~~~~~~~~~~~~~~~~~

</pre>
					
					<h4>examples/set_encryption</h4>
					<p>
						Result: <b>FAIL</b>
					</p>
					<pre class="pre-scrollable">/home/ec2-user/arduino-testlib/cli-datadir/user/libraries/FTTech_SAMD51_XBee/examples/set_encryption/set_encryption.ino:29:1: error: expected &#39;,&#39; or &#39;;&#39; before &#39;int&#39;
 int BAUDRATE = 115200;                      // XBee and Serial boudrate, you can set diferent ones if you want but remmeber to check XBee configuration using XCTU
 ^~~
/home/ec2-user/arduino-testlib/cli-datadir/user/libraries/FTTech_SAMD51_XBee/examples/set_encryption/set_encryption.ino: In function &#39;void setup()&#39;:
/home/ec2-user/arduino-testlib/cli-datadir/user/libraries/FTTech_SAMD51_XBee/examples/set_encryption/set_encryption.ino:44:16: error: &#39;BAUDRATE&#39; was not declared in this scope
   Serial.begin(BAUDRATE);
                ^~~~~~~~
/home/ec2-user/arduino-testlib/cli-datadir/user/libraries/FTTech_SAMD51_XBee/examples/set_encryption/set_encryption.ino:51:8: error: request for member &#39;begin&#39; in &#39;xbee&#39;, which is of non-class type &#39;FTTech_Xbee()&#39;
   xbee.begin(BAUDRATE);
        ^~~~~
/home/ec2-user/arduino-testlib/cli-datadir/user/libraries/FTTech_SAMD51_XBee/examples/set_encryption/set_encryption.ino:57:11: error: request for member &#39;receiveEncryptionMode&#39; in &#39;xbee&#39;, which is of non-class type &#39;FTTech_Xbee()&#39;
   if(xbee.receiveEncryptionMode(false))
           ^~~~~~~~~~~~~~~~~~~~~
/home/ec2-user/arduino-testlib/cli-datadir/user/libraries/FTTech_SAMD51_XBee/examples/set_encryption/set_encryption.ino:59:73: error: request for member &#39;getEncryptionMode&#39; in &#39;xbee&#39;, which is of non-class type &#39;FTTech_Xbee()&#39;
     Serial.print(F(&#34;Encryption Mode is set to: &#34;)); Serial.println(xbee.getEncryptionMode());
                                                                         ^~~~~~~~~~~~~~~~~
/home/ec2-user/arduino-testlib/cli-datadir/user/libraries/FTTech_SAMD51_XBee/examples/set_encryption/set_encryption.ino:63:11: error: request for member &#39;setEncryptionMode&#39; in &#39;xbee&#39;, which is of non-class type &#39;FTTech_Xbee()&#39;
   if(xbee.setEncryptionMode(true, false) &amp;&amp; xbee.setEncryptionKey(kyCmdValue, keyLength, false))
           ^~~~~~~~~~~~~~~~~
/home/ec2-user/arduino-testlib/cli-datadir/user/libraries/FTTech_SAMD51_XBee/examples/set_encryption/set_encryption.ino:63:50: error: request for member &#39;setEncryptionKey&#39; in &#39;xbee&#39;, which is of non-class type &#39;FTTech_Xbee()&#39;
   if(xbee.setEncryptionMode(true, false) &amp;&amp; xbee.setEncryptionKey(kyCmdValue, keyLength, false))
                                                  ^~~~~~~~~~~~~~~~
/home/ec2-user/arduino-testlib/cli-datadir/user/libraries/FTTech_SAMD51_XBee/examples/set_encryption/set_encryption.ino:68:13: error: request for member &#39;writeEEPROM&#39; in &#39;xbee&#39;, which is of non-class type &#39;FTTech_Xbee()&#39;
     if(xbee.writeEEPROM(false))
             ^~~~~~~~~~~
/home/ec2-user/arduino-testlib/cli-datadir/user/libraries/FTTech_SAMD51_XBee/examples/set_encryption/set_encryption.ino: In function &#39;void loop()&#39;:
/home/ec2-user/arduino-testlib/cli-datadir/user/libraries/FTTech_SAMD51_XBee/examples/set_encryption/set_encryption.ino:79:10: error: request for member &#39;messageClearPayload&#39; in &#39;xbee&#39;, which is of non-class type &#39;FTTech_Xbee()&#39;
     xbee.messageClearPayload();
          ^~~~~~~~~~~~~~~~~~~
/home/ec2-user/arduino-testlib/cli-datadir/user/libraries/FTTech_SAMD51_XBee/examples/set_encryption/set_encryption.ino:80:10: error: request for member &#39;message&#39; in &#39;xbee&#39;, which is of non-class type &#39;FTTech_Xbee()&#39;
     xbee.message(&#34;TEST_STR&#34;, &#34;12345&#34;);
          ^~~~~~~
/home/ec2-user/arduino-testlib/cli-datadir/user/libraries/FTTech_SAMD51_XBee/examples/set_encryption/set_encryption.ino:81:10: error: request for member &#39;sendPayload&#39; in &#39;xbee&#39;, which is of non-class type &#39;FTTech_Xbee()&#39;
     xbee.sendPayload(address_HB, address_LB);
          ^~~~~~~~~~~
/home/ec2-user/arduino-testlib/cli-datadir/user/libraries/FTTech_SAMD51_XBee/examples/set_encryption/set_encryption.ino:83:10: error: request for member &#39;getOutPayload&#39; in &#39;xbee&#39;, which is of non-class type &#39;FTTech_Xbee()&#39;
     xbee.getOutPayload(payload);
          ^~~~~~~~~~~~~
/home/ec2-user/arduino-testlib/cli-datadir/user/libraries/FTTech_SAMD51_XBee/examples/set_encryption/set_encryption.ino:84:29: error: request for member &#39;getOutPayloadLengh&#39; in &#39;xbee&#39;, which is of non-class type &#39;FTTech_Xbee()&#39;
     printData(payload, xbee.getOutPayloadLengh());
                             ^~~~~~~~~~~~~~~~~~

</pre>
					
					<h4>examples/set_powerlevel</h4>
					<p>
						Result: <b>FAIL</b>
					</p>
					<pre class="pre-scrollable">/home/ec2-user/arduino-testlib/cli-datadir/user/libraries/FTTech_SAMD51_XBee/examples/set_powerlevel/set_powerlevel.ino:29:1: error: expected &#39;,&#39; or &#39;;&#39; before &#39;int&#39;
 int BAUDRATE = 115200;                      // XBee and Serial boudrate, you can set diferent ones if you want but remmeber to check XBee configuration using XCTU
 ^~~
/home/ec2-user/arduino-testlib/cli-datadir/user/libraries/FTTech_SAMD51_XBee/examples/set_powerlevel/set_powerlevel.ino: In function &#39;void setup()&#39;:
/home/ec2-user/arduino-testlib/cli-datadir/user/libraries/FTTech_SAMD51_XBee/examples/set_powerlevel/set_powerlevel.ino:43:16: error: &#39;BAUDRATE&#39; was not declared in this scope
   Serial.begin(BAUDRATE);
                ^~~~~~~~
/home/ec2-user/arduino-testlib/cli-datadir/user/libraries/FTTech_SAMD51_XBee/examples/set_powerlevel/set_powerlevel.ino:50:8: error: request for member &#39;begin&#39; in &#39;xbee&#39;, which is of non-class type &#39;FTTech_Xbee()&#39;
   xbee.begin(BAUDRATE);
        ^~~~~
/home/ec2-user/arduino-testlib/cli-datadir/user/libraries/FTTech_SAMD51_XBee/examples/set_powerlevel/set_powerlevel.ino:53:11: error: request for member &#39;receivePowerLevel&#39; in &#39;xbee&#39;, which is of non-class type &#39;FTTech_Xbee()&#39;
   if(xbee.receivePowerLevel())
           ^~~~~~~~~~~~~~~~~
/home/ec2-user/arduino-testlib/cli-datadir/user/libraries/FTTech_SAMD51_XBee/examples/set_powerlevel/set_powerlevel.ino:55:68: error: request for member &#39;getPowerLevel&#39; in &#39;xbee&#39;, which is of non-class type &#39;FTTech_Xbee()&#39;
     Serial.print(F(&#34;PowerLevel is set to: &#34;)); Serial.println(xbee.getPowerLevel());
                                                                    ^~~~~~~~~~~~~
/home/ec2-user/arduino-testlib/cli-datadir/user/libraries/FTTech_SAMD51_XBee/examples/set_powerlevel/set_powerlevel.ino:59:11: error: request for member &#39;setPowerLevel&#39; in &#39;xbee&#39;, which is of non-class type &#39;FTTech_Xbee()&#39;
   if(xbee.setPowerLevel(powerLevel))
           ^~~~~~~~~~~~~
/home/ec2-user/arduino-testlib/cli-datadir/user/libraries/FTTech_SAMD51_XBee/examples/set_powerlevel/set_powerlevel.ino:61:82: error: request for member &#39;getPowerLevel&#39; in &#39;xbee&#39;, which is of non-class type &#39;FTTech_Xbee()&#39;
     Serial.print(F(&#34;Success!! PowerLevel is now set to: &#34;)); Serial.println(xbee.getPowerLevel());
                                                                                  ^~~~~~~~~~~~~
/home/ec2-user/arduino-testlib/cli-datadir/user/libraries/FTTech_SAMD51_XBee/examples/set_powerlevel/set_powerlevel.ino:64:13: error: request for member &#39;writeEEPROM&#39; in &#39;xbee&#39;, which is of non-class type &#39;FTTech_Xbee()&#39;
     if(xbee.writeEEPROM(false))
             ^~~~~~~~~~~

</pre>
					
				
				<h3 id="esp32:esp32:d1_mini32">esp32:esp32:d1_mini32 @ 1.0.6</h3>
				<h4>Inclusion</h4>
				<p>
					Result: <b>FAIL</b>
					
				</p>
				<pre class="pre-scrollable">WARNING: library FTTech_SAMD51_XBee claims to run on samd architecture(s) and may be incompatible with your current board which runs on esp32 architecture(s).
/home/ec2-user/arduino-testlib/cli-datadir/user/libraries/FTTech_SAMD51_XBee/src/FTTech_Xbee.cpp: In constructor &#39;FTTech_Xbee::FTTech_Xbee()&#39;:
/home/ec2-user/arduino-testlib/cli-datadir/user/libraries/FTTech_SAMD51_XBee/src/FTTech_Xbee.cpp:25:3: error: &#39;_XBEESERIAL&#39; was not declared in this scope
   _XBEESERIAL.setTimeout(2000);
   ^
/home/ec2-user/arduino-testlib/cli-datadir/user/libraries/FTTech_SAMD51_XBee/src/FTTech_Xbee.cpp: In member function &#39;void FTTech_Xbee::begin(int, uint32_t)&#39;:
/home/ec2-user/arduino-testlib/cli-datadir/user/libraries/FTTech_SAMD51_XBee/src/FTTech_Xbee.cpp:67:3: error: &#39;_XBEESERIAL&#39; was not declared in this scope
   _XBEESERIAL.begin(__baudrate);
   ^
/home/ec2-user/arduino-testlib/cli-datadir/user/libraries/FTTech_SAMD51_XBee/src/FTTech_Xbee.cpp: In member function &#39;void FTTech_Xbee::sendPayload(int, int)&#39;:
/home/ec2-user/arduino-testlib/cli-datadir/user/libraries/FTTech_SAMD51_XBee/src/FTTech_Xbee.cpp:219:3: error: &#39;_XBEESERIAL&#39; was not declared in this scope
   _XBEESERIAL.flush();
   ^

</pre>

					
					<h4>examples/receive_and_find</h4>
					<p>
						Result: <b>FAIL</b>
					</p>
					<pre class="pre-scrollable">WARNING: library FTTech_SAMD51_XBee claims to run on samd architecture(s) and may be incompatible with your current board which runs on esp32 architecture(s).
WARNING: library FTTech_SAMD51_Clicks claims to run on samd architecture(s) and may be incompatible with your current board which runs on esp32 architecture(s).
/home/ec2-user/arduino-testlib/cli-datadir/user/libraries/FTTech_SAMD51_XBee/examples/receive_and_find/receive_and_find.ino:28:1: error: expected &#39;,&#39; or &#39;;&#39; before &#39;int&#39;
 int BAUDRATE = 115200;                //XBee and Serial boudrate, you can set diferent ones if you want but remmeber to check XBee configuration using XCTU
 ^
/home/ec2-user/arduino-testlib/cli-datadir/user/libraries/FTTech_SAMD51_XBee/examples/receive_and_find/receive_and_find.ino: In function &#39;void setup()&#39;:
/home/ec2-user/arduino-testlib/cli-datadir/user/libraries/FTTech_SAMD51_XBee/examples/receive_and_find/receive_and_find.ino:40:16: error: &#39;BAUDRATE&#39; was not declared in this scope
   Serial.begin(BAUDRATE);
                ^
/home/ec2-user/arduino-testlib/cli-datadir/user/libraries/FTTech_SAMD51_XBee/examples/receive_and_find/receive_and_find.ino:47:8: error: request for member &#39;begin&#39; in &#39;xbee&#39;, which is of non-class type &#39;FTTech_Xbee()&#39;
   xbee.begin(BAUDRATE);
        ^
/home/ec2-user/arduino-testlib/cli-datadir/user/libraries/FTTech_SAMD51_XBee/examples/receive_and_find/receive_and_find.ino: In function &#39;void loop()&#39;:
/home/ec2-user/arduino-testlib/cli-datadir/user/libraries/FTTech_SAMD51_XBee/examples/receive_and_find/receive_and_find.ino:57:12: error: request for member &#39;readAndFindData&#39; in &#39;xbee&#39;, which is of non-class type &#39;FTTech_Xbee()&#39;
   if (xbee.readAndFindData(target_rick))
            ^
/home/ec2-user/arduino-testlib/cli-datadir/user/libraries/FTTech_SAMD51_XBee/examples/receive_and_find/receive_and_find.ino:61:16: error: request for member &#39;getInLength&#39; in &#39;xbee&#39;, which is of non-class type &#39;FTTech_Xbee()&#39;
   else if(xbee.getInLength()&gt;0)
                ^
/home/ec2-user/arduino-testlib/cli-datadir/user/libraries/FTTech_SAMD51_XBee/examples/receive_and_find/receive_and_find.ino:66:11: error: request for member &#39;getInLength&#39; in &#39;xbee&#39;, which is of non-class type &#39;FTTech_Xbee()&#39;
   if(xbee.getInLength()&gt;0)
           ^
/home/ec2-user/arduino-testlib/cli-datadir/user/libraries/FTTech_SAMD51_XBee/examples/receive_and_find/receive_and_find.ino:68:61: error: request for member &#39;getInPayload&#39; in &#39;xbee&#39;, which is of non-class type &#39;FTTech_Xbee()&#39;
     Serial.print(F(&#34;Received String: &#34;)); Serial.print(xbee.getInPayload());
                                                             ^
/home/ec2-user/arduino-testlib/cli-datadir/user/libraries/FTTech_SAMD51_XBee/examples/receive_and_find/receive_and_find.ino:69:56: error: request for member &#39;getInLength&#39; in &#39;xbee&#39;, which is of non-class type &#39;FTTech_Xbee()&#39;
     Serial.print(F(&#34;\tLength: &#34;)); Serial.println(xbee.getInLength());
                                                        ^

</pre>
					
					<h4>examples/send_package</h4>
					<p>
						Result: <b>FAIL</b>
					</p>
					<pre class="pre-scrollable">WARNING: library FTTech_SAMD51_XBee claims to run on samd architecture(s) and may be incompatible with your current board which runs on esp32 architecture(s).
WARNING: library FTTech_SAMD51_Clicks claims to run on samd architecture(s) and may be incompatible with your current board which runs on esp32 architecture(s).
/home/ec2-user/arduino-testlib/cli-datadir/user/libraries/FTTech_SAMD51_XBee/examples/send_package/send_package.ino:29:1: error: expected &#39;,&#39; or &#39;;&#39; before &#39;int&#39;
 int BAUDRATE = 115200;                // XBee and Serial boudrate, you can set diferent ones if you want but remmeber to check XBee configuration using XCTU
 ^
/home/ec2-user/arduino-testlib/cli-datadir/user/libraries/FTTech_SAMD51_XBee/examples/send_package/send_package.ino: In function &#39;void setup()&#39;:
/home/ec2-user/arduino-testlib/cli-datadir/user/libraries/FTTech_SAMD51_XBee/examples/send_package/send_package.ino:42:16: error: &#39;BAUDRATE&#39; was not declared in this scope
   Serial.begin(BAUDRATE);
                ^
/home/ec2-user/arduino-testlib/cli-datadir/user/libraries/FTTech_SAMD51_XBee/examples/send_package/send_package.ino:49:8: error: request for member &#39;begin&#39; in &#39;xbee&#39;, which is of non-class type &#39;FTTech_Xbee()&#39;
   xbee.begin(BAUDRATE);
        ^
/home/ec2-user/arduino-testlib/cli-datadir/user/libraries/FTTech_SAMD51_XBee/examples/send_package/send_package.ino:52:8: error: request for member &#39;setChipID&#39; in &#39;xbee&#39;, which is of non-class type &#39;FTTech_Xbee()&#39;
   xbee.setChipID(FTClicks.ChipID);
        ^
/home/ec2-user/arduino-testlib/cli-datadir/user/libraries/FTTech_SAMD51_XBee/examples/send_package/send_package.ino: In function &#39;void loop()&#39;:
/home/ec2-user/arduino-testlib/cli-datadir/user/libraries/FTTech_SAMD51_XBee/examples/send_package/send_package.ino:60:10: error: request for member &#39;messageClearPayload&#39; in &#39;xbee&#39;, which is of non-class type &#39;FTTech_Xbee()&#39;
     xbee.messageClearPayload();
          ^
/home/ec2-user/arduino-testlib/cli-datadir/user/libraries/FTTech_SAMD51_XBee/examples/send_package/send_package.ino:61:10: error: request for member &#39;message&#39; in &#39;xbee&#39;, which is of non-class type &#39;FTTech_Xbee()&#39;
     xbee.message(&#34;TEST_STR&#34;, &#34;12345&#34;);
          ^
/home/ec2-user/arduino-testlib/cli-datadir/user/libraries/FTTech_SAMD51_XBee/examples/send_package/send_package.ino:62:10: error: request for member &#39;sendPayloadBroadcast&#39; in &#39;xbee&#39;, which is of non-class type &#39;FTTech_Xbee()&#39;
     xbee.sendPayloadBroadcast();
          ^
/home/ec2-user/arduino-testlib/cli-datadir/user/libraries/FTTech_SAMD51_XBee/examples/send_package/send_package.ino:64:10: error: request for member &#39;getOutPayload&#39; in &#39;xbee&#39;, which is of non-class type &#39;FTTech_Xbee()&#39;
     xbee.getOutPayload(payload);
          ^
/home/ec2-user/arduino-testlib/cli-datadir/user/libraries/FTTech_SAMD51_XBee/examples/send_package/send_package.ino:65:29: error: request for member &#39;getOutPayloadLengh&#39; in &#39;xbee&#39;, which is of non-class type &#39;FTTech_Xbee()&#39;
     printData(payload, xbee.getOutPayloadLengh());
                             ^

</pre>
					
					<h4>examples/set_encryption</h4>
					<p>
						Result: <b>FAIL</b>
					</p>
					<pre class="pre-scrollable">WARNING: library FTTech_SAMD51_XBee claims to run on samd architecture(s) and may be incompatible with your current board which runs on esp32 architecture(s).
WARNING: library FTTech_SAMD51_Clicks claims to run on samd architecture(s) and may be incompatible with your current board which runs on esp32 architecture(s).
/home/ec2-user/arduino-testlib/cli-datadir/user/libraries/FTTech_SAMD51_XBee/examples/set_encryption/set_encryption.ino:29:1: error: expected &#39;,&#39; or &#39;;&#39; before &#39;int&#39;
 int BAUDRATE = 115200;                      // XBee and Serial boudrate, you can set diferent ones if you want but remmeber to check XBee configuration using XCTU
 ^
/home/ec2-user/arduino-testlib/cli-datadir/user/libraries/FTTech_SAMD51_XBee/examples/set_encryption/set_encryption.ino: In function &#39;void setup()&#39;:
/home/ec2-user/arduino-testlib/cli-datadir/user/libraries/FTTech_SAMD51_XBee/examples/set_encryption/set_encryption.ino:44:16: error: &#39;BAUDRATE&#39; was not declared in this scope
   Serial.begin(BAUDRATE);
                ^
/home/ec2-user/arduino-testlib/cli-datadir/user/libraries/FTTech_SAMD51_XBee/examples/set_encryption/set_encryption.ino:51:8: error: request for member &#39;begin&#39; in &#39;xbee&#39;, which is of non-class type &#39;FTTech_Xbee()&#39;
   xbee.begin(BAUDRATE);
        ^
/home/ec2-user/arduino-testlib/cli-datadir/user/libraries/FTTech_SAMD51_XBee/examples/set_encryption/set_encryption.ino:57:11: error: request for member &#39;receiveEncryptionMode&#39; in &#39;xbee&#39;, which is of non-class type &#39;FTTech_Xbee()&#39;
   if(xbee.receiveEncryptionMode(false))
           ^
/home/ec2-user/arduino-testlib/cli-datadir/user/libraries/FTTech_SAMD51_XBee/examples/set_encryption/set_encryption.ino:59:73: error: request for member &#39;getEncryptionMode&#39; in &#39;xbee&#39;, which is of non-class type &#39;FTTech_Xbee()&#39;
     Serial.print(F(&#34;Encryption Mode is set to: &#34;)); Serial.println(xbee.getEncryptionMode());
                                                                         ^
/home/ec2-user/arduino-testlib/cli-datadir/user/libraries/FTTech_SAMD51_XBee/examples/set_encryption/set_encryption.ino:63:11: error: request for member &#39;setEncryptionMode&#39; in &#39;xbee&#39;, which is of non-class type &#39;FTTech_Xbee()&#39;
   if(xbee.setEncryptionMode(true, false) &amp;&amp; xbee.setEncryptionKey(kyCmdValue, keyLength, false))
           ^
/home/ec2-user/arduino-testlib/cli-datadir/user/libraries/FTTech_SAMD51_XBee/examples/set_encryption/set_encryption.ino:63:50: error: request for member &#39;setEncryptionKey&#39; in &#39;xbee&#39;, which is of non-class type &#39;FTTech_Xbee()&#39;
   if(xbee.setEncryptionMode(true, false) &amp;&amp; xbee.setEncryptionKey(kyCmdValue, keyLength, false))
                                                  ^
/home/ec2-user/arduino-testlib/cli-datadir/user/libraries/FTTech_SAMD51_XBee/examples/set_encryption/set_encryption.ino:68:13: error: request for member &#39;writeEEPROM&#39; in &#39;xbee&#39;, which is of non-class type &#39;FTTech_Xbee()&#39;
     if(xbee.writeEEPROM(false))
             ^
/home/ec2-user/arduino-testlib/cli-datadir/user/libraries/FTTech_SAMD51_XBee/examples/set_encryption/set_encryption.ino: In function &#39;void loop()&#39;:
/home/ec2-user/arduino-testlib/cli-datadir/user/libraries/FTTech_SAMD51_XBee/examples/set_encryption/set_encryption.ino:79:10: error: request for member &#39;messageClearPayload&#39; in &#39;xbee&#39;, which is of non-class type &#39;FTTech_Xbee()&#39;
     xbee.messageClearPayload();
          ^
/home/ec2-user/arduino-testlib/cli-datadir/user/libraries/FTTech_SAMD51_XBee/examples/set_encryption/set_encryption.ino:80:10: error: request for member &#39;message&#39; in &#39;xbee&#39;, which is of non-class type &#39;FTTech_Xbee()&#39;
     xbee.message(&#34;TEST_STR&#34;, &#34;12345&#34;);
          ^
/home/ec2-user/arduino-testlib/cli-datadir/user/libraries/FTTech_SAMD51_XBee/examples/set_encryption/set_encryption.ino:81:10: error: request for member &#39;sendPayload&#39; in &#39;xbee&#39;, which is of non-class type &#39;FTTech_Xbee()&#39;
     xbee.sendPayload(address_HB, address_LB);
          ^
/home/ec2-user/arduino-testlib/cli-datadir/user/libraries/FTTech_SAMD51_XBee/examples/set_encryption/set_encryption.ino:83:10: error: request for member &#39;getOutPayload&#39; in &#39;xbee&#39;, which is of non-class type &#39;FTTech_Xbee()&#39;
     xbee.getOutPayload(payload);
          ^
/home/ec2-user/arduino-testlib/cli-datadir/user/libraries/FTTech_SAMD51_XBee/examples/set_encryption/set_encryption.ino:84:29: error: request for member &#39;getOutPayloadLengh&#39; in &#39;xbee&#39;, which is of non-class type &#39;FTTech_Xbee()&#39;
     printData(payload, xbee.getOutPayloadLengh());
                             ^

</pre>
					
					<h4>examples/set_powerlevel</h4>
					<p>
						Result: <b>FAIL</b>
					</p>
					<pre class="pre-scrollable">WARNING: library FTTech_SAMD51_XBee claims to run on samd architecture(s) and may be incompatible with your current board which runs on esp32 architecture(s).
WARNING: library FTTech_SAMD51_Clicks claims to run on samd architecture(s) and may be incompatible with your current board which runs on esp32 architecture(s).
/home/ec2-user/arduino-testlib/cli-datadir/user/libraries/FTTech_SAMD51_XBee/examples/set_powerlevel/set_powerlevel.ino:29:1: error: expected &#39;,&#39; or &#39;;&#39; before &#39;int&#39;
 int BAUDRATE = 115200;                      // XBee and Serial boudrate, you can set diferent ones if you want but remmeber to check XBee configuration using XCTU
 ^
/home/ec2-user/arduino-testlib/cli-datadir/user/libraries/FTTech_SAMD51_XBee/examples/set_powerlevel/set_powerlevel.ino: In function &#39;void setup()&#39;:
/home/ec2-user/arduino-testlib/cli-datadir/user/libraries/FTTech_SAMD51_XBee/examples/set_powerlevel/set_powerlevel.ino:43:16: error: &#39;BAUDRATE&#39; was not declared in this scope
   Serial.begin(BAUDRATE);
                ^
/home/ec2-user/arduino-testlib/cli-datadir/user/libraries/FTTech_SAMD51_XBee/examples/set_powerlevel/set_powerlevel.ino:50:8: error: request for member &#39;begin&#39; in &#39;xbee&#39;, which is of non-class type &#39;FTTech_Xbee()&#39;
   xbee.begin(BAUDRATE);
        ^
/home/ec2-user/arduino-testlib/cli-datadir/user/libraries/FTTech_SAMD51_XBee/examples/set_powerlevel/set_powerlevel.ino:53:11: error: request for member &#39;receivePowerLevel&#39; in &#39;xbee&#39;, which is of non-class type &#39;FTTech_Xbee()&#39;
   if(xbee.receivePowerLevel())
           ^
/home/ec2-user/arduino-testlib/cli-datadir/user/libraries/FTTech_SAMD51_XBee/examples/set_powerlevel/set_powerlevel.ino:55:68: error: request for member &#39;getPowerLevel&#39; in &#39;xbee&#39;, which is of non-class type &#39;FTTech_Xbee()&#39;
     Serial.print(F(&#34;PowerLevel is set to: &#34;)); Serial.println(xbee.getPowerLevel());
                                                                    ^
/home/ec2-user/arduino-testlib/cli-datadir/user/libraries/FTTech_SAMD51_XBee/examples/set_powerlevel/set_powerlevel.ino:59:11: error: request for member &#39;setPowerLevel&#39; in &#39;xbee&#39;, which is of non-class type &#39;FTTech_Xbee()&#39;
   if(xbee.setPowerLevel(powerLevel))
           ^
/home/ec2-user/arduino-testlib/cli-datadir/user/libraries/FTTech_SAMD51_XBee/examples/set_powerlevel/set_powerlevel.ino:61:82: error: request for member &#39;getPowerLevel&#39; in &#39;xbee&#39;, which is of non-class type &#39;FTTech_Xbee()&#39;
     Serial.print(F(&#34;Success!! PowerLevel is now set to: &#34;)); Serial.println(xbee.getPowerLevel());
                                                                                  ^
/home/ec2-user/arduino-testlib/cli-datadir/user/libraries/FTTech_SAMD51_XBee/examples/set_powerlevel/set_powerlevel.ino:64:13: error: request for member &#39;writeEEPROM&#39; in &#39;xbee&#39;, which is of non-class type &#39;FTTech_Xbee()&#39;
     if(xbee.writeEEPROM(false))
             ^

</pre>
					
				
			</div>
		</div>
	</div>
  </body>
</html>
