
<!doctype html>
<html lang="en">
  <head>
    <meta charset="utf-8">
    <meta name="viewport" content="width=device-width, initial-scale=1">
    <link href="https://cdn.jsdelivr.net/npm/bootstrap@5.0.2/dist/css/bootstrap.min.css" rel="stylesheet" integrity="sha384-EVSTQN3/azprG1Anm3QDgpJLIm9Nao0Yz1ztcQTwFspd3yD65VohhpuuCOmLASjC" crossorigin="anonymous">
    <title>arduino-testlib report</title>
	<style>
	.pass { background-color: #00FF00 !important; }
	.fail { background-color: #FF0000 !important; }
	</style>
  </head>
  <body>
	<div class="container">
		<div class="row">
			<div class="col">
				<h1>Gamer - compatibility matrix</h1>
				<p>
					<small>This report was generated on Monday, 21-Feb-22 12:00:25 CET using 
					<a href="https://github.com/alranel/arduino-testlib">arduino-testlib</a>.</small>
				</p>

				<h2>Gamer</h2>
				<p>
					Version: <b>2.1</b>
					<br />
					<a href="https://www.arduino.cc/reference/en/libraries/gamer/">More details</a>
				</p>

				<h2>Compatibility matrix</h2>
				<table class="table table-bordered">
					<tr>
						<th>Board</th>
						<th>Claims compatibility</th>
						<th>Inclusion</th>
						
						<th><pre>AnimationExample</pre></th>
						
						<th><pre>MoveCharacter</pre></th>
						
						<th><pre>ScrollTextExample</pre></th>
						
						<th><pre>sequencer</pre></th>
						
						<th><pre>Alien</pre></th>
						
						<th><pre>AnimationWithLDR</pre></th>
						
						<th><pre>Breakout</pre></th>
						
						<th><pre>BuzzerExample</pre></th>
						
						<th><pre>FlappyBird</pre></th>
						
						<th><pre>QuadGamer</pre></th>
						
						<th><pre>SnakeGame</pre></th>
						
					</tr>
					
					<tr>
						<td>
							<a href="#arduino%3aavr%3auno"><b>arduino:avr:uno</b></a>
							<br />
							<small>1.8.4</small>
						</td>

						
							<td>Yes</td>
							<td class="pass">PASS</td>
						
						
						
						

						
							
								
									
										
									
										
											<td class="pass">PASS</td>
											
										
									
										
									
										
									
										
									
										
									
										
									
										
									
										
									
										
									
										
									
								
							
								
							
								
							
								
							
								
							
						
							
								
									
										
									
										
									
										
									
										
									
										
									
										
									
										
											<td class="pass">PASS</td>
											
										
									
										
									
										
									
										
									
										
									
								
							
								
							
								
							
								
							
								
							
						
							
								
									
										
									
										
									
										
									
										
									
										
									
										
									
										
									
										
									
										
											<td class="pass">PASS</td>
											
										
									
										
									
										
									
								
							
								
							
								
							
								
							
								
							
						
							
								
									
										
									
										
									
										
									
										
									
										
									
										
									
										
									
										
									
										
									
										
									
										
											
											<td class="fail">FAIL</td>
										
									
								
							
								
							
								
							
								
							
								
							
						
							
								
									
										
											<td class="pass">PASS</td>
											
										
									
										
									
										
									
										
									
										
									
										
									
										
									
										
									
										
									
										
									
										
									
								
							
								
							
								
							
								
							
								
							
						
							
								
									
										
									
										
									
										
											<td class="pass">PASS</td>
											
										
									
										
									
										
									
										
									
										
									
										
									
										
									
										
									
										
									
								
							
								
							
								
							
								
							
								
							
						
							
								
									
										
									
										
									
										
									
										
											<td class="pass">PASS</td>
											
										
									
										
									
										
									
										
									
										
									
										
									
										
									
										
									
								
							
								
							
								
							
								
							
								
							
						
							
								
									
										
									
										
									
										
									
										
									
										
											<td class="pass">PASS</td>
											
										
									
										
									
										
									
										
									
										
									
										
									
										
									
								
							
								
							
								
							
								
							
								
							
						
							
								
									
										
									
										
									
										
									
										
									
										
									
										
											<td class="pass">PASS</td>
											
										
									
										
									
										
									
										
									
										
									
										
									
								
							
								
							
								
							
								
							
								
							
						
							
								
									
										
									
										
									
										
									
										
									
										
									
										
									
										
									
										
											<td class="pass">PASS</td>
											
										
									
										
									
										
									
										
									
								
							
								
							
								
							
								
							
								
							
						
							
								
									
										
									
										
									
										
									
										
									
										
									
										
									
										
									
										
									
										
									
										
											<td class="pass">PASS</td>
											
										
									
										
									
								
							
								
							
								
							
								
							
								
							
						
					</tr>
					
					<tr>
						<td>
							<a href="#arduino%3ambed_nano%3ananorp2040connect"><b>arduino:mbed_nano:nanorp2040connect</b></a>
							<br />
							<small>2.7.2</small>
						</td>

						
						
						
						
							<td>No</td>
							<td class="fail">FAIL</td>
						

						
							
								
							
								
									
										
									
										
											
											<td class="fail">FAIL</td>
										
									
										
									
										
									
										
									
										
									
										
									
										
									
										
									
										
									
										
									
								
							
								
							
								
							
								
							
						
							
								
							
								
									
										
									
										
									
										
									
										
									
										
									
										
									
										
											
											<td class="fail">FAIL</td>
										
									
										
									
										
									
										
									
										
									
								
							
								
							
								
							
								
							
						
							
								
							
								
									
										
									
										
									
										
									
										
									
										
									
										
									
										
									
										
									
										
											
											<td class="fail">FAIL</td>
										
									
										
									
										
									
								
							
								
							
								
							
								
							
						
							
								
							
								
									
										
									
										
									
										
									
										
									
										
									
										
									
										
									
										
									
										
									
										
									
										
											
											<td class="fail">FAIL</td>
										
									
								
							
								
							
								
							
								
							
						
							
								
							
								
									
										
											
											<td class="fail">FAIL</td>
										
									
										
									
										
									
										
									
										
									
										
									
										
									
										
									
										
									
										
									
										
									
								
							
								
							
								
							
								
							
						
							
								
							
								
									
										
									
										
									
										
											
											<td class="fail">FAIL</td>
										
									
										
									
										
									
										
									
										
									
										
									
										
									
										
									
										
									
								
							
								
							
								
							
								
							
						
							
								
							
								
									
										
									
										
									
										
									
										
											
											<td class="fail">FAIL</td>
										
									
										
									
										
									
										
									
										
									
										
									
										
									
										
									
								
							
								
							
								
							
								
							
						
							
								
							
								
									
										
									
										
									
										
									
										
									
										
											
											<td class="fail">FAIL</td>
										
									
										
									
										
									
										
									
										
									
										
									
										
									
								
							
								
							
								
							
								
							
						
							
								
							
								
									
										
									
										
									
										
									
										
									
										
									
										
											
											<td class="fail">FAIL</td>
										
									
										
									
										
									
										
									
										
									
										
									
								
							
								
							
								
							
								
							
						
							
								
							
								
									
										
									
										
									
										
									
										
									
										
									
										
									
										
									
										
											
											<td class="fail">FAIL</td>
										
									
										
									
										
									
										
									
								
							
								
							
								
							
								
							
						
							
								
							
								
									
										
									
										
									
										
									
										
									
										
									
										
									
										
									
										
									
										
									
										
											
											<td class="fail">FAIL</td>
										
									
										
									
								
							
								
							
								
							
								
							
						
					</tr>
					
					<tr>
						<td>
							<a href="#arduino%3amegaavr%3anona4809"><b>arduino:megaavr:nona4809</b></a>
							<br />
							<small>1.8.7</small>
						</td>

						
						
						
						
							<td>No</td>
							<td class="fail">FAIL</td>
						

						
							
								
							
								
							
								
									
										
									
										
											
											<td class="fail">FAIL</td>
										
									
										
									
										
									
										
									
										
									
										
									
										
									
										
									
										
									
										
									
								
							
								
							
								
							
						
							
								
							
								
							
								
									
										
									
										
									
										
									
										
									
										
									
										
									
										
											
											<td class="fail">FAIL</td>
										
									
										
									
										
									
										
									
										
									
								
							
								
							
								
							
						
							
								
							
								
							
								
									
										
									
										
									
										
									
										
									
										
									
										
									
										
									
										
									
										
											
											<td class="fail">FAIL</td>
										
									
										
									
										
									
								
							
								
							
								
							
						
							
								
							
								
							
								
									
										
									
										
									
										
									
										
									
										
									
										
									
										
									
										
									
										
									
										
									
										
											
											<td class="fail">FAIL</td>
										
									
								
							
								
							
								
							
						
							
								
							
								
							
								
									
										
											
											<td class="fail">FAIL</td>
										
									
										
									
										
									
										
									
										
									
										
									
										
									
										
									
										
									
										
									
										
									
								
							
								
							
								
							
						
							
								
							
								
							
								
									
										
									
										
									
										
											
											<td class="fail">FAIL</td>
										
									
										
									
										
									
										
									
										
									
										
									
										
									
										
									
										
									
								
							
								
							
								
							
						
							
								
							
								
							
								
									
										
									
										
									
										
									
										
											
											<td class="fail">FAIL</td>
										
									
										
									
										
									
										
									
										
									
										
									
										
									
										
									
								
							
								
							
								
							
						
							
								
							
								
							
								
									
										
									
										
									
										
									
										
									
										
											
											<td class="fail">FAIL</td>
										
									
										
									
										
									
										
									
										
									
										
									
										
									
								
							
								
							
								
							
						
							
								
							
								
							
								
									
										
									
										
									
										
									
										
									
										
									
										
											
											<td class="fail">FAIL</td>
										
									
										
									
										
									
										
									
										
									
										
									
								
							
								
							
								
							
						
							
								
							
								
							
								
									
										
									
										
									
										
									
										
									
										
									
										
									
										
									
										
											
											<td class="fail">FAIL</td>
										
									
										
									
										
									
										
									
								
							
								
							
								
							
						
							
								
							
								
							
								
									
										
									
										
									
										
									
										
									
										
									
										
									
										
									
										
									
										
									
										
											
											<td class="fail">FAIL</td>
										
									
										
									
								
							
								
							
								
							
						
					</tr>
					
					<tr>
						<td>
							<a href="#arduino%3asamd%3amkrwifi1010"><b>arduino:samd:mkrwifi1010</b></a>
							<br />
							<small>1.8.12</small>
						</td>

						
						
						
						
							<td>No</td>
							<td class="fail">FAIL</td>
						

						
							
								
							
								
							
								
							
								
									
										
									
										
											
											<td class="fail">FAIL</td>
										
									
										
									
										
									
										
									
										
									
										
									
										
									
										
									
										
									
										
									
								
							
								
							
						
							
								
							
								
							
								
							
								
									
										
									
										
									
										
									
										
									
										
									
										
									
										
											
											<td class="fail">FAIL</td>
										
									
										
									
										
									
										
									
										
									
								
							
								
							
						
							
								
							
								
							
								
							
								
									
										
									
										
									
										
									
										
									
										
									
										
									
										
									
										
									
										
											
											<td class="fail">FAIL</td>
										
									
										
									
										
									
								
							
								
							
						
							
								
							
								
							
								
							
								
									
										
									
										
									
										
									
										
									
										
									
										
									
										
									
										
									
										
									
										
									
										
											
											<td class="fail">FAIL</td>
										
									
								
							
								
							
						
							
								
							
								
							
								
							
								
									
										
											
											<td class="fail">FAIL</td>
										
									
										
									
										
									
										
									
										
									
										
									
										
									
										
									
										
									
										
									
										
									
								
							
								
							
						
							
								
							
								
							
								
							
								
									
										
									
										
									
										
											
											<td class="fail">FAIL</td>
										
									
										
									
										
									
										
									
										
									
										
									
										
									
										
									
										
									
								
							
								
							
						
							
								
							
								
							
								
							
								
									
										
									
										
									
										
									
										
											
											<td class="fail">FAIL</td>
										
									
										
									
										
									
										
									
										
									
										
									
										
									
										
									
								
							
								
							
						
							
								
							
								
							
								
							
								
									
										
									
										
									
										
									
										
									
										
											
											<td class="fail">FAIL</td>
										
									
										
									
										
									
										
									
										
									
										
									
										
									
								
							
								
							
						
							
								
							
								
							
								
							
								
									
										
									
										
									
										
									
										
									
										
									
										
											
											<td class="fail">FAIL</td>
										
									
										
									
										
									
										
									
										
									
										
									
								
							
								
							
						
							
								
							
								
							
								
							
								
									
										
									
										
									
										
									
										
									
										
									
										
									
										
									
										
											
											<td class="fail">FAIL</td>
										
									
										
									
										
									
										
									
								
							
								
							
						
							
								
							
								
							
								
							
								
									
										
									
										
									
										
									
										
									
										
									
										
									
										
									
										
									
										
									
										
											
											<td class="fail">FAIL</td>
										
									
										
									
								
							
								
							
						
					</tr>
					
					<tr>
						<td>
							<a href="#esp32%3aesp32%3ad1_mini32"><b>esp32:esp32:d1_mini32</b></a>
							<br />
							<small>1.0.6</small>
						</td>

						
						
						
						
							<td>No</td>
							<td class="fail">FAIL</td>
						

						
							
								
							
								
							
								
							
								
							
								
									
										
									
										
											
											<td class="fail">FAIL</td>
										
									
										
									
										
									
										
									
										
									
										
									
										
									
										
									
										
									
										
									
								
							
						
							
								
							
								
							
								
							
								
							
								
									
										
									
										
									
										
									
										
									
										
									
										
									
										
											
											<td class="fail">FAIL</td>
										
									
										
									
										
									
										
									
										
									
								
							
						
							
								
							
								
							
								
							
								
							
								
									
										
									
										
									
										
									
										
									
										
									
										
									
										
									
										
									
										
											
											<td class="fail">FAIL</td>
										
									
										
									
										
									
								
							
						
							
								
							
								
							
								
							
								
							
								
									
										
									
										
									
										
									
										
									
										
									
										
									
										
									
										
									
										
									
										
									
										
											
											<td class="fail">FAIL</td>
										
									
								
							
						
							
								
							
								
							
								
							
								
							
								
									
										
											
											<td class="fail">FAIL</td>
										
									
										
									
										
									
										
									
										
									
										
									
										
									
										
									
										
									
										
									
										
									
								
							
						
							
								
							
								
							
								
							
								
							
								
									
										
									
										
									
										
											
											<td class="fail">FAIL</td>
										
									
										
									
										
									
										
									
										
									
										
									
										
									
										
									
										
									
								
							
						
							
								
							
								
							
								
							
								
							
								
									
										
									
										
									
										
									
										
											
											<td class="fail">FAIL</td>
										
									
										
									
										
									
										
									
										
									
										
									
										
									
										
									
								
							
						
							
								
							
								
							
								
							
								
							
								
									
										
									
										
									
										
									
										
									
										
											
											<td class="fail">FAIL</td>
										
									
										
									
										
									
										
									
										
									
										
									
										
									
								
							
						
							
								
							
								
							
								
							
								
							
								
									
										
									
										
									
										
									
										
									
										
									
										
											
											<td class="fail">FAIL</td>
										
									
										
									
										
									
										
									
										
									
										
									
								
							
						
							
								
							
								
							
								
							
								
							
								
									
										
									
										
									
										
									
										
									
										
									
										
									
										
									
										
											
											<td class="fail">FAIL</td>
										
									
										
									
										
									
										
									
								
							
						
							
								
							
								
							
								
							
								
							
								
									
										
									
										
									
										
									
										
									
										
									
										
									
										
									
										
									
										
									
										
											
											<td class="fail">FAIL</td>
										
									
										
									
								
							
						
					</tr>
					
				</table>

				<h2>Compilation logs</h2>
				
				<h3 id="arduino:avr:uno">arduino:avr:uno @ 1.8.4</h3>
				<h4>Inclusion</h4>
				<p>
					Result: <b>PASS</b>
					
				</p>
				<pre class="pre-scrollable">Sketch uses 1202 bytes (3%) of program storage space. Maximum is 32256 bytes.
Global variables use 11 bytes (0%) of dynamic memory, leaving 2037 bytes for local variables. Maximum is 2048 bytes.
</pre>

					
					<h4>examples/Alien</h4>
					<p>
						Result: <b>PASS</b>
					</p>
					<pre class="pre-scrollable">Sketch uses 2280 bytes (7%) of program storage space. Maximum is 32256 bytes.
Global variables use 175 bytes (8%) of dynamic memory, leaving 1873 bytes for local variables. Maximum is 2048 bytes.
</pre>
					
					<h4>examples/AnimationExample</h4>
					<p>
						Result: <b>PASS</b>
					</p>
					<pre class="pre-scrollable">Sketch uses 2178 bytes (6%) of program storage space. Maximum is 32256 bytes.
Global variables use 191 bytes (9%) of dynamic memory, leaving 1857 bytes for local variables. Maximum is 2048 bytes.
</pre>
					
					<h4>examples/AnimationWithLDR</h4>
					<p>
						Result: <b>PASS</b>
					</p>
					<pre class="pre-scrollable">Sketch uses 2396 bytes (7%) of program storage space. Maximum is 32256 bytes.
Global variables use 199 bytes (9%) of dynamic memory, leaving 1849 bytes for local variables. Maximum is 2048 bytes.
</pre>
					
					<h4>examples/Breakout</h4>
					<p>
						Result: <b>PASS</b>
					</p>
					<pre class="pre-scrollable">Sketch uses 6336 bytes (19%) of program storage space. Maximum is 32256 bytes.
Global variables use 820 bytes (40%) of dynamic memory, leaving 1228 bytes for local variables. Maximum is 2048 bytes.
</pre>
					
					<h4>examples/BuzzerExample</h4>
					<p>
						Result: <b>PASS</b>
					</p>
					<pre class="pre-scrollable">Sketch uses 2608 bytes (8%) of program storage space. Maximum is 32256 bytes.
Global variables use 187 bytes (9%) of dynamic memory, leaving 1861 bytes for local variables. Maximum is 2048 bytes.
</pre>
					
					<h4>examples/FlappyBird</h4>
					<p>
						Result: <b>PASS</b>
					</p>
					<pre class="pre-scrollable">Sketch uses 6640 bytes (20%) of program storage space. Maximum is 32256 bytes.
Global variables use 1057 bytes (51%) of dynamic memory, leaving 991 bytes for local variables. Maximum is 2048 bytes.
</pre>
					
					<h4>examples/MoveCharacter</h4>
					<p>
						Result: <b>PASS</b>
					</p>
					<pre class="pre-scrollable">Sketch uses 2222 bytes (6%) of program storage space. Maximum is 32256 bytes.
Global variables use 163 bytes (7%) of dynamic memory, leaving 1885 bytes for local variables. Maximum is 2048 bytes.
</pre>
					
					<h4>examples/QuadGamer</h4>
					<p>
						Result: <b>PASS</b>
					</p>
					<pre class="pre-scrollable">Sketch uses 12284 bytes (38%) of program storage space. Maximum is 32256 bytes.
Global variables use 1309 bytes (63%) of dynamic memory, leaving 739 bytes for local variables. Maximum is 2048 bytes.
</pre>
					
					<h4>examples/ScrollTextExample</h4>
					<p>
						Result: <b>PASS</b>
					</p>
					<pre class="pre-scrollable">Sketch uses 4610 bytes (14%) of program storage space. Maximum is 32256 bytes.
Global variables use 944 bytes (46%) of dynamic memory, leaving 1104 bytes for local variables. Maximum is 2048 bytes.
</pre>
					
					<h4>examples/SnakeGame</h4>
					<p>
						Result: <b>PASS</b>
					</p>
					<pre class="pre-scrollable">Sketch uses 6428 bytes (19%) of program storage space. Maximum is 32256 bytes.
Global variables use 1302 bytes (63%) of dynamic memory, leaving 746 bytes for local variables. Maximum is 2048 bytes.
</pre>
					
					<h4>examples/sequencer</h4>
					<p>
						Result: <b>FAIL</b>
					</p>
					<pre class="pre-scrollable">/home/ec2-user/arduino-testlib/cli-datadir/user/libraries/Gamer/examples/sequencer/sequencer.ino: In function &#39;void loop()&#39;:
/home/ec2-user/arduino-testlib/cli-datadir/user/libraries/Gamer/examples/sequencer/sequencer.ino:143:9: error: &#39;class Gamer&#39; has no member named &#39;stopPlay&#39;; did you mean &#39;stopTone&#39;?
   gamer.stopPlay();
         ^~~~~~~~
         stopTone
/home/ec2-user/arduino-testlib/cli-datadir/user/libraries/Gamer/examples/sequencer/sequencer.ino:145:8: error: &#39;class Gamer&#39; has no member named &#39;play&#39;
  gamer.play(notes[noteStep[currNote]]);
        ^~~~

</pre>
					
				
				<h3 id="arduino:mbed_nano:nanorp2040connect">arduino:mbed_nano:nanorp2040connect @ 2.7.2</h3>
				<h4>Inclusion</h4>
				<p>
					Result: <b>FAIL</b>
					
				</p>
				<pre class="pre-scrollable">In file included from /tmp/arduino-testlib524893079/test/test.ino:1:0:
/home/ec2-user/arduino-testlib/cli-datadir/user/libraries/Gamer/Gamer.h:6:10: fatal error: avr/io.h: No such file or directory
 #include &lt;avr/io.h&gt;
          ^~~~~~~~~~
compilation terminated.

</pre>

					
					<h4>examples/Alien</h4>
					<p>
						Result: <b>FAIL</b>
					</p>
					<pre class="pre-scrollable">In file included from /home/ec2-user/arduino-testlib/cli-datadir/user/libraries/Gamer/examples/Alien/Alien.ino:8:0:
/home/ec2-user/arduino-testlib/cli-datadir/user/libraries/Gamer/Gamer.h:6:10: fatal error: avr/io.h: No such file or directory
 #include &lt;avr/io.h&gt;
          ^~~~~~~~~~
compilation terminated.

</pre>
					
					<h4>examples/AnimationExample</h4>
					<p>
						Result: <b>FAIL</b>
					</p>
					<pre class="pre-scrollable">In file included from /home/ec2-user/arduino-testlib/cli-datadir/user/libraries/Gamer/examples/AnimationExample/AnimationExample.ino:9:0:
/home/ec2-user/arduino-testlib/cli-datadir/user/libraries/Gamer/Gamer.h:6:10: fatal error: avr/io.h: No such file or directory
 #include &lt;avr/io.h&gt;
          ^~~~~~~~~~
compilation terminated.

</pre>
					
					<h4>examples/AnimationWithLDR</h4>
					<p>
						Result: <b>FAIL</b>
					</p>
					<pre class="pre-scrollable">In file included from /home/ec2-user/arduino-testlib/cli-datadir/user/libraries/Gamer/examples/AnimationWithLDR/AnimationWithLDR.ino:2:0:
/home/ec2-user/arduino-testlib/cli-datadir/user/libraries/Gamer/Gamer.h:6:10: fatal error: avr/io.h: No such file or directory
 #include &lt;avr/io.h&gt;
          ^~~~~~~~~~
compilation terminated.

</pre>
					
					<h4>examples/Breakout</h4>
					<p>
						Result: <b>FAIL</b>
					</p>
					<pre class="pre-scrollable">In file included from /home/ec2-user/arduino-testlib/cli-datadir/user/libraries/Gamer/examples/Breakout/Breakout.ino:1:0:
/home/ec2-user/arduino-testlib/cli-datadir/user/libraries/Gamer/Gamer.h:6:10: fatal error: avr/io.h: No such file or directory
 #include &lt;avr/io.h&gt;
          ^~~~~~~~~~
compilation terminated.

</pre>
					
					<h4>examples/BuzzerExample</h4>
					<p>
						Result: <b>FAIL</b>
					</p>
					<pre class="pre-scrollable">In file included from /home/ec2-user/arduino-testlib/cli-datadir/user/libraries/Gamer/examples/BuzzerExample/BuzzerExample.ino:8:0:
/home/ec2-user/arduino-testlib/cli-datadir/user/libraries/Gamer/Gamer.h:6:10: fatal error: avr/io.h: No such file or directory
 #include &lt;avr/io.h&gt;
          ^~~~~~~~~~
compilation terminated.

</pre>
					
					<h4>examples/FlappyBird</h4>
					<p>
						Result: <b>FAIL</b>
					</p>
					<pre class="pre-scrollable">In file included from /home/ec2-user/arduino-testlib/cli-datadir/user/libraries/Gamer/examples/FlappyBird/FlappyBird.ino:12:0:
/home/ec2-user/arduino-testlib/cli-datadir/user/libraries/Gamer/Gamer.h:6:10: fatal error: avr/io.h: No such file or directory
 #include &lt;avr/io.h&gt;
          ^~~~~~~~~~
compilation terminated.

</pre>
					
					<h4>examples/MoveCharacter</h4>
					<p>
						Result: <b>FAIL</b>
					</p>
					<pre class="pre-scrollable">In file included from /home/ec2-user/arduino-testlib/cli-datadir/user/libraries/Gamer/examples/MoveCharacter/MoveCharacter.ino:10:0:
/home/ec2-user/arduino-testlib/cli-datadir/user/libraries/Gamer/Gamer.h:6:10: fatal error: avr/io.h: No such file or directory
 #include &lt;avr/io.h&gt;
          ^~~~~~~~~~
compilation terminated.

</pre>
					
					<h4>examples/QuadGamer</h4>
					<p>
						Result: <b>FAIL</b>
					</p>
					<pre class="pre-scrollable">In file included from /home/ec2-user/arduino-testlib/cli-datadir/user/libraries/Gamer/examples/QuadGamer/QuadGamer.ino:17:0:
/home/ec2-user/arduino-testlib/cli-datadir/user/libraries/Gamer/Gamer.h:6:10: fatal error: avr/io.h: No such file or directory
 #include &lt;avr/io.h&gt;
          ^~~~~~~~~~
compilation terminated.

</pre>
					
					<h4>examples/ScrollTextExample</h4>
					<p>
						Result: <b>FAIL</b>
					</p>
					<pre class="pre-scrollable">In file included from /home/ec2-user/arduino-testlib/cli-datadir/user/libraries/Gamer/examples/ScrollTextExample/ScrollTextExample.ino:7:0:
/home/ec2-user/arduino-testlib/cli-datadir/user/libraries/Gamer/Gamer.h:6:10: fatal error: avr/io.h: No such file or directory
 #include &lt;avr/io.h&gt;
          ^~~~~~~~~~
compilation terminated.

</pre>
					
					<h4>examples/SnakeGame</h4>
					<p>
						Result: <b>FAIL</b>
					</p>
					<pre class="pre-scrollable">In file included from /home/ec2-user/arduino-testlib/cli-datadir/user/libraries/Gamer/examples/SnakeGame/SnakeGame.ino:10:0:
/home/ec2-user/arduino-testlib/cli-datadir/user/libraries/Gamer/Gamer.h:6:10: fatal error: avr/io.h: No such file or directory
 #include &lt;avr/io.h&gt;
          ^~~~~~~~~~
compilation terminated.

</pre>
					
					<h4>examples/sequencer</h4>
					<p>
						Result: <b>FAIL</b>
					</p>
					<pre class="pre-scrollable">In file included from /home/ec2-user/arduino-testlib/cli-datadir/user/libraries/Gamer/examples/sequencer/sequencer.ino:1:0:
/home/ec2-user/arduino-testlib/cli-datadir/user/libraries/Gamer/Gamer.h:6:10: fatal error: avr/io.h: No such file or directory
 #include &lt;avr/io.h&gt;
          ^~~~~~~~~~
compilation terminated.

</pre>
					
				
				<h3 id="arduino:megaavr:nona4809">arduino:megaavr:nona4809 @ 1.8.7</h3>
				<h4>Inclusion</h4>
				<p>
					Result: <b>FAIL</b>
					
				</p>
				<pre class="pre-scrollable">WARNING: library Gamer claims to run on avr architecture(s) and may be incompatible with your current board which runs on megaavr architecture(s).
In file included from /home/ec2-user/arduino-testlib/cli-datadir/data/packages/arduino/tools/avr-gcc/7.3.0-atmel3.6.1-arduino5/avr/include/avr/io.h:99:0,
                 from /home/ec2-user/arduino-testlib/cli-datadir/data/packages/arduino/tools/avr-gcc/7.3.0-atmel3.6.1-arduino5/avr/include/avr/pgmspace.h:90,
                 from /home/ec2-user/arduino-testlib/cli-datadir/data/packages/arduino/hardware/megaavr/1.8.7/cores/arduino/api/String.h:31,
                 from /home/ec2-user/arduino-testlib/cli-datadir/data/packages/arduino/hardware/megaavr/1.8.7/cores/arduino/api/IPAddress.h:24,
                 from /home/ec2-user/arduino-testlib/cli-datadir/data/packages/arduino/hardware/megaavr/1.8.7/cores/arduino/api/ArduinoAPI.h:30,
                 from /home/ec2-user/arduino-testlib/cli-datadir/data/packages/arduino/hardware/megaavr/1.8.7/cores/arduino/Arduino.h:23,
                 from /home/ec2-user/arduino-testlib/cli-datadir/user/libraries/Gamer/Gamer.h:4,
                 from /home/ec2-user/arduino-testlib/cli-datadir/user/libraries/Gamer/Gamer.cpp:1:
/home/ec2-user/arduino-testlib/cli-datadir/user/libraries/Gamer/Gamer.cpp: In function &#39;void TIMER2_COMPA_vect()&#39;:
/home/ec2-user/arduino-testlib/cli-datadir/user/libraries/Gamer/Gamer.cpp:31:22: error: &#39;PORTD2&#39; was not declared in this scope
         PORTD |= _BV(PORTD2);
                      ^
/home/ec2-user/arduino-testlib/cli-datadir/user/libraries/Gamer/Gamer.cpp:31:22: note: suggested alternative: &#39;PORTD&#39;
/home/ec2-user/arduino-testlib/cli-datadir/user/libraries/Gamer/Gamer.cpp:39:23: error: &#39;PORTD2&#39; was not declared in this scope
         PORTD &amp;= ~_BV(PORTD2);
                       ^
/home/ec2-user/arduino-testlib/cli-datadir/user/libraries/Gamer/Gamer.cpp:39:23: note: suggested alternative: &#39;PORTD&#39;
/home/ec2-user/arduino-testlib/cli-datadir/user/libraries/Gamer/Gamer.cpp:49:21: error: &#39;PORTD2&#39; was not declared in this scope
       PORTD &amp;= ~_BV(PORTD2);
                     ^
/home/ec2-user/arduino-testlib/cli-datadir/user/libraries/Gamer/Gamer.cpp:49:21: note: suggested alternative: &#39;PORTD&#39;
/home/ec2-user/arduino-testlib/cli-datadir/user/libraries/Gamer/Gamer.cpp: In member function &#39;void Gamer::playTone(int)&#39;:
/home/ec2-user/arduino-testlib/cli-datadir/user/libraries/Gamer/Gamer.cpp:75:3: error: &#39;TIMSK2&#39; was not declared in this scope
   TIMSK2 &amp;= (1&lt;&lt;OCIE2A);
   ^~~~~~
/home/ec2-user/arduino-testlib/cli-datadir/user/libraries/Gamer/Gamer.cpp:75:3: note: suggested alternative: &#39;TIMERB2&#39;
   TIMSK2 &amp;= (1&lt;&lt;OCIE2A);
   ^~~~~~
   TIMERB2
/home/ec2-user/arduino-testlib/cli-datadir/user/libraries/Gamer/Gamer.cpp:75:17: error: &#39;OCIE2A&#39; was not declared in this scope
   TIMSK2 &amp;= (1&lt;&lt;OCIE2A);
                 ^~~~~~
/home/ec2-user/arduino-testlib/cli-datadir/user/libraries/Gamer/Gamer.cpp:83:5: error: &#39;TCCR2A&#39; was not declared in this scope
     TCCR2A = ~(_BV(COM2B1)) | ~(_BV(WGM21)) | ~(_BV(WGM20));
     ^~~~~~
/home/ec2-user/arduino-testlib/cli-datadir/user/libraries/Gamer/Gamer.cpp:83:5: note: suggested alternative: &#39;TCB2&#39;
     TCCR2A = ~(_BV(COM2B1)) | ~(_BV(WGM21)) | ~(_BV(WGM20));
     ^~~~~~
     TCB2
In file included from /home/ec2-user/arduino-testlib/cli-datadir/data/packages/arduino/tools/avr-gcc/7.3.0-atmel3.6.1-arduino5/avr/include/avr/io.h:99:0,
                 from /home/ec2-user/arduino-testlib/cli-datadir/data/packages/arduino/tools/avr-gcc/7.3.0-atmel3.6.1-arduino5/avr/include/avr/pgmspace.h:90,
                 from /home/ec2-user/arduino-testlib/cli-datadir/data/packages/arduino/hardware/megaavr/1.8.7/cores/arduino/api/String.h:31,
                 from /home/ec2-user/arduino-testlib/cli-datadir/data/packages/arduino/hardware/megaavr/1.8.7/cores/arduino/api/IPAddress.h:24,
                 from /home/ec2-user/arduino-testlib/cli-datadir/data/packages/arduino/hardware/megaavr/1.8.7/cores/arduino/api/ArduinoAPI.h:30,
                 from /home/ec2-user/arduino-testlib/cli-datadir/data/packages/arduino/hardware/megaavr/1.8.7/cores/arduino/Arduino.h:23,
                 from /home/ec2-user/arduino-testlib/cli-datadir/user/libraries/Gamer/Gamer.h:4,
                 from /home/ec2-user/arduino-testlib/cli-datadir/user/libraries/Gamer/Gamer.cpp:1:
/home/ec2-user/arduino-testlib/cli-datadir/user/libraries/Gamer/Gamer.cpp:83:20: error: &#39;COM2B1&#39; was not declared in this scope
     TCCR2A = ~(_BV(COM2B1)) | ~(_BV(WGM21)) | ~(_BV(WGM20));
                    ^
/home/ec2-user/arduino-testlib/cli-datadir/user/libraries/Gamer/Gamer.cpp:83:37: error: &#39;WGM21&#39; was not declared in this scope
     TCCR2A = ~(_BV(COM2B1)) | ~(_BV(WGM21)) | ~(_BV(WGM20));
                                     ^
/home/ec2-user/arduino-testlib/cli-datadir/user/libraries/Gamer/Gamer.cpp:83:53: error: &#39;WGM20&#39; was not declared in this scope
     TCCR2A = ~(_BV(COM2B1)) | ~(_BV(WGM21)) | ~(_BV(WGM20));
                                                     ^
/home/ec2-user/arduino-testlib/cli-datadir/user/libraries/Gamer/Gamer.cpp:84:5: error: &#39;TCCR2B&#39; was not declared in this scope
     TCCR2B = ~(_BV(WGM22)) | ~(_BV(CS22));
     ^~~~~~
/home/ec2-user/arduino-testlib/cli-datadir/user/libraries/Gamer/Gamer.cpp:84:5: note: suggested alternative: &#39;TCB2&#39;
     TCCR2B = ~(_BV(WGM22)) | ~(_BV(CS22));
     ^~~~~~
     TCB2
In file included from /home/ec2-user/arduino-testlib/cli-datadir/data/packages/arduino/tools/avr-gcc/7.3.0-atmel3.6.1-arduino5/avr/include/avr/io.h:99:0,
                 from /home/ec2-user/arduino-testlib/cli-datadir/data/packages/arduino/tools/avr-gcc/7.3.0-atmel3.6.1-arduino5/avr/include/avr/pgmspace.h:90,
                 from /home/ec2-user/arduino-testlib/cli-datadir/data/packages/arduino/hardware/megaavr/1.8.7/cores/arduino/api/String.h:31,
                 from /home/ec2-user/arduino-testlib/cli-datadir/data/packages/arduino/hardware/megaavr/1.8.7/cores/arduino/api/IPAddress.h:24,
                 from /home/ec2-user/arduino-testlib/cli-datadir/data/packages/arduino/hardware/megaavr/1.8.7/cores/arduino/api/ArduinoAPI.h:30,
                 from /home/ec2-user/arduino-testlib/cli-datadir/data/packages/arduino/hardware/megaavr/1.8.7/cores/arduino/Arduino.h:23,
                 from /home/ec2-user/arduino-testlib/cli-datadir/user/libraries/Gamer/Gamer.h:4,
                 from /home/ec2-user/arduino-testlib/cli-datadir/user/libraries/Gamer/Gamer.cpp:1:
/home/ec2-user/arduino-testlib/cli-datadir/user/libraries/Gamer/Gamer.cpp:84:20: error: &#39;WGM22&#39; was not declared in this scope
     TCCR2B = ~(_BV(WGM22)) | ~(_BV(CS22));
                    ^
/home/ec2-user/arduino-testlib/cli-datadir/user/libraries/Gamer/Gamer.cpp:84:36: error: &#39;CS22&#39; was not declared in this scope
     TCCR2B = ~(_BV(WGM22)) | ~(_BV(CS22));
                                    ^
/home/ec2-user/arduino-testlib/cli-datadir/user/libraries/Gamer/Gamer.cpp:84:36: note: suggested alternative: &#39;CLK2&#39;
/home/ec2-user/arduino-testlib/cli-datadir/user/libraries/Gamer/Gamer.cpp:86:20: error: &#39;OCIE2B&#39; was not declared in this scope
     TIMSK2 = ~(_BV(OCIE2B));
                    ^
/home/ec2-user/arduino-testlib/cli-datadir/user/libraries/Gamer/Gamer.cpp:88:5: error: &#39;OCR2A&#39; was not declared in this scope
     OCR2A = 0;
     ^~~~~
/home/ec2-user/arduino-testlib/cli-datadir/user/libraries/Gamer/Gamer.cpp:90:5: error: &#39;OCR2B&#39; was not declared in this scope
     OCR2B = 0;
     ^~~~~
/home/ec2-user/arduino-testlib/cli-datadir/user/libraries/Gamer/Gamer.cpp:93:5: error: &#39;TCNT2&#39; was not declared in this scope
     TCNT2  = 0;
     ^~~~~
/home/ec2-user/arduino-testlib/cli-datadir/user/libraries/Gamer/Gamer.cpp:93:5: note: suggested alternative: &#39;TCB2&#39;
     TCNT2  = 0;
     ^~~~~
     TCB2
/home/ec2-user/arduino-testlib/cli-datadir/user/libraries/Gamer/Gamer.cpp:96:21: error: &#39;CS21&#39; was not declared in this scope
     TCCR2B |= (1 &lt;&lt; CS21);
                     ^~~~
/home/ec2-user/arduino-testlib/cli-datadir/user/libraries/Gamer/Gamer.cpp:96:21: note: suggested alternative: &#39;CLK1&#39;
     TCCR2B |= (1 &lt;&lt; CS21);
                     ^~~~
                     CLK1
/home/ec2-user/arduino-testlib/cli-datadir/user/libraries/Gamer/Gamer.cpp:101:3: error: &#39;OCR2A&#39; was not declared in this scope
   OCR2A = note;
   ^~~~~
/home/ec2-user/arduino-testlib/cli-datadir/user/libraries/Gamer/Gamer.cpp: In member function &#39;void Gamer::stopTone()&#39;:
/home/ec2-user/arduino-testlib/cli-datadir/user/libraries/Gamer/Gamer.cpp:111:5: error: &#39;TIMSK2&#39; was not declared in this scope
     TIMSK2 &amp;= (1&lt;&lt;OCIE1A);
     ^~~~~~
/home/ec2-user/arduino-testlib/cli-datadir/user/libraries/Gamer/Gamer.cpp:111:5: note: suggested alternative: &#39;TIMERB2&#39;
     TIMSK2 &amp;= (1&lt;&lt;OCIE1A);
     ^~~~~~
     TIMERB2
/home/ec2-user/arduino-testlib/cli-datadir/user/libraries/Gamer/Gamer.cpp:111:19: error: &#39;OCIE1A&#39; was not declared in this scope
     TIMSK2 &amp;= (1&lt;&lt;OCIE1A);
                   ^~~~~~
/home/ec2-user/arduino-testlib/cli-datadir/user/libraries/Gamer/Gamer.cpp:115:5: error: &#39;OCR2A&#39; was not declared in this scope
     OCR2A = 180;
     ^~~~~
/home/ec2-user/arduino-testlib/cli-datadir/user/libraries/Gamer/Gamer.cpp:123:3: error: &#39;OCR1A&#39; was not declared in this scope
   OCR1A = 14;
   ^~~~~
/home/ec2-user/arduino-testlib/cli-datadir/user/libraries/Gamer/Gamer.cpp: In member function &#39;void Gamer::irBegin()&#39;:
/home/ec2-user/arduino-testlib/cli-datadir/user/libraries/Gamer/Gamer.cpp:140:3: error: &#39;TIMSK2&#39; was not declared in this scope
   TIMSK2 &amp;= ~(1&lt;&lt;OCIE2A);
   ^~~~~~
/home/ec2-user/arduino-testlib/cli-datadir/user/libraries/Gamer/Gamer.cpp:140:3: note: suggested alternative: &#39;TIMERB2&#39;
   TIMSK2 &amp;= ~(1&lt;&lt;OCIE2A);
   ^~~~~~
   TIMERB2
/home/ec2-user/arduino-testlib/cli-datadir/user/libraries/Gamer/Gamer.cpp:140:18: error: &#39;OCIE2A&#39; was not declared in this scope
   TIMSK2 &amp;= ~(1&lt;&lt;OCIE2A);
                  ^~~~~~
/home/ec2-user/arduino-testlib/cli-datadir/user/libraries/Gamer/Gamer.cpp:141:17: error: &#39;OCIE1B&#39; was</pre>

					
					<h4>examples/Alien</h4>
					<p>
						Result: <b>FAIL</b>
					</p>
					<pre class="pre-scrollable">WARNING: library Gamer claims to run on avr architecture(s) and may be incompatible with your current board which runs on megaavr architecture(s).
In file included from /home/ec2-user/arduino-testlib/cli-datadir/data/packages/arduino/tools/avr-gcc/7.3.0-atmel3.6.1-arduino5/avr/include/avr/io.h:99:0,
                 from /home/ec2-user/arduino-testlib/cli-datadir/data/packages/arduino/tools/avr-gcc/7.3.0-atmel3.6.1-arduino5/avr/include/avr/pgmspace.h:90,
                 from /home/ec2-user/arduino-testlib/cli-datadir/data/packages/arduino/hardware/megaavr/1.8.7/cores/arduino/api/String.h:31,
                 from /home/ec2-user/arduino-testlib/cli-datadir/data/packages/arduino/hardware/megaavr/1.8.7/cores/arduino/api/IPAddress.h:24,
                 from /home/ec2-user/arduino-testlib/cli-datadir/data/packages/arduino/hardware/megaavr/1.8.7/cores/arduino/api/ArduinoAPI.h:30,
                 from /home/ec2-user/arduino-testlib/cli-datadir/data/packages/arduino/hardware/megaavr/1.8.7/cores/arduino/Arduino.h:23,
                 from /home/ec2-user/arduino-testlib/cli-datadir/user/libraries/Gamer/Gamer.h:4,
                 from /home/ec2-user/arduino-testlib/cli-datadir/user/libraries/Gamer/Gamer.cpp:1:
/home/ec2-user/arduino-testlib/cli-datadir/user/libraries/Gamer/Gamer.cpp: In function &#39;void TIMER2_COMPA_vect()&#39;:
/home/ec2-user/arduino-testlib/cli-datadir/user/libraries/Gamer/Gamer.cpp:31:22: error: &#39;PORTD2&#39; was not declared in this scope
         PORTD |= _BV(PORTD2);
                      ^
/home/ec2-user/arduino-testlib/cli-datadir/user/libraries/Gamer/Gamer.cpp:31:22: note: suggested alternative: &#39;PORTD&#39;
/home/ec2-user/arduino-testlib/cli-datadir/user/libraries/Gamer/Gamer.cpp:39:23: error: &#39;PORTD2&#39; was not declared in this scope
         PORTD &amp;= ~_BV(PORTD2);
                       ^
/home/ec2-user/arduino-testlib/cli-datadir/user/libraries/Gamer/Gamer.cpp:39:23: note: suggested alternative: &#39;PORTD&#39;
/home/ec2-user/arduino-testlib/cli-datadir/user/libraries/Gamer/Gamer.cpp:49:21: error: &#39;PORTD2&#39; was not declared in this scope
       PORTD &amp;= ~_BV(PORTD2);
                     ^
/home/ec2-user/arduino-testlib/cli-datadir/user/libraries/Gamer/Gamer.cpp:49:21: note: suggested alternative: &#39;PORTD&#39;
/home/ec2-user/arduino-testlib/cli-datadir/user/libraries/Gamer/Gamer.cpp: In member function &#39;void Gamer::playTone(int)&#39;:
/home/ec2-user/arduino-testlib/cli-datadir/user/libraries/Gamer/Gamer.cpp:75:3: error: &#39;TIMSK2&#39; was not declared in this scope
   TIMSK2 &amp;= (1&lt;&lt;OCIE2A);
   ^~~~~~
/home/ec2-user/arduino-testlib/cli-datadir/user/libraries/Gamer/Gamer.cpp:75:3: note: suggested alternative: &#39;TIMERB2&#39;
   TIMSK2 &amp;= (1&lt;&lt;OCIE2A);
   ^~~~~~
   TIMERB2
/home/ec2-user/arduino-testlib/cli-datadir/user/libraries/Gamer/Gamer.cpp:75:17: error: &#39;OCIE2A&#39; was not declared in this scope
   TIMSK2 &amp;= (1&lt;&lt;OCIE2A);
                 ^~~~~~
/home/ec2-user/arduino-testlib/cli-datadir/user/libraries/Gamer/Gamer.cpp:83:5: error: &#39;TCCR2A&#39; was not declared in this scope
     TCCR2A = ~(_BV(COM2B1)) | ~(_BV(WGM21)) | ~(_BV(WGM20));
     ^~~~~~
/home/ec2-user/arduino-testlib/cli-datadir/user/libraries/Gamer/Gamer.cpp:83:5: note: suggested alternative: &#39;TCB2&#39;
     TCCR2A = ~(_BV(COM2B1)) | ~(_BV(WGM21)) | ~(_BV(WGM20));
     ^~~~~~
     TCB2
In file included from /home/ec2-user/arduino-testlib/cli-datadir/data/packages/arduino/tools/avr-gcc/7.3.0-atmel3.6.1-arduino5/avr/include/avr/io.h:99:0,
                 from /home/ec2-user/arduino-testlib/cli-datadir/data/packages/arduino/tools/avr-gcc/7.3.0-atmel3.6.1-arduino5/avr/include/avr/pgmspace.h:90,
                 from /home/ec2-user/arduino-testlib/cli-datadir/data/packages/arduino/hardware/megaavr/1.8.7/cores/arduino/api/String.h:31,
                 from /home/ec2-user/arduino-testlib/cli-datadir/data/packages/arduino/hardware/megaavr/1.8.7/cores/arduino/api/IPAddress.h:24,
                 from /home/ec2-user/arduino-testlib/cli-datadir/data/packages/arduino/hardware/megaavr/1.8.7/cores/arduino/api/ArduinoAPI.h:30,
                 from /home/ec2-user/arduino-testlib/cli-datadir/data/packages/arduino/hardware/megaavr/1.8.7/cores/arduino/Arduino.h:23,
                 from /home/ec2-user/arduino-testlib/cli-datadir/user/libraries/Gamer/Gamer.h:4,
                 from /home/ec2-user/arduino-testlib/cli-datadir/user/libraries/Gamer/Gamer.cpp:1:
/home/ec2-user/arduino-testlib/cli-datadir/user/libraries/Gamer/Gamer.cpp:83:20: error: &#39;COM2B1&#39; was not declared in this scope
     TCCR2A = ~(_BV(COM2B1)) | ~(_BV(WGM21)) | ~(_BV(WGM20));
                    ^
/home/ec2-user/arduino-testlib/cli-datadir/user/libraries/Gamer/Gamer.cpp:83:37: error: &#39;WGM21&#39; was not declared in this scope
     TCCR2A = ~(_BV(COM2B1)) | ~(_BV(WGM21)) | ~(_BV(WGM20));
                                     ^
/home/ec2-user/arduino-testlib/cli-datadir/user/libraries/Gamer/Gamer.cpp:83:53: error: &#39;WGM20&#39; was not declared in this scope
     TCCR2A = ~(_BV(COM2B1)) | ~(_BV(WGM21)) | ~(_BV(WGM20));
                                                     ^
/home/ec2-user/arduino-testlib/cli-datadir/user/libraries/Gamer/Gamer.cpp:84:5: error: &#39;TCCR2B&#39; was not declared in this scope
     TCCR2B = ~(_BV(WGM22)) | ~(_BV(CS22));
     ^~~~~~
/home/ec2-user/arduino-testlib/cli-datadir/user/libraries/Gamer/Gamer.cpp:84:5: note: suggested alternative: &#39;TCB2&#39;
     TCCR2B = ~(_BV(WGM22)) | ~(_BV(CS22));
     ^~~~~~
     TCB2
In file included from /home/ec2-user/arduino-testlib/cli-datadir/data/packages/arduino/tools/avr-gcc/7.3.0-atmel3.6.1-arduino5/avr/include/avr/io.h:99:0,
                 from /home/ec2-user/arduino-testlib/cli-datadir/data/packages/arduino/tools/avr-gcc/7.3.0-atmel3.6.1-arduino5/avr/include/avr/pgmspace.h:90,
                 from /home/ec2-user/arduino-testlib/cli-datadir/data/packages/arduino/hardware/megaavr/1.8.7/cores/arduino/api/String.h:31,
                 from /home/ec2-user/arduino-testlib/cli-datadir/data/packages/arduino/hardware/megaavr/1.8.7/cores/arduino/api/IPAddress.h:24,
                 from /home/ec2-user/arduino-testlib/cli-datadir/data/packages/arduino/hardware/megaavr/1.8.7/cores/arduino/api/ArduinoAPI.h:30,
                 from /home/ec2-user/arduino-testlib/cli-datadir/data/packages/arduino/hardware/megaavr/1.8.7/cores/arduino/Arduino.h:23,
                 from /home/ec2-user/arduino-testlib/cli-datadir/user/libraries/Gamer/Gamer.h:4,
                 from /home/ec2-user/arduino-testlib/cli-datadir/user/libraries/Gamer/Gamer.cpp:1:
/home/ec2-user/arduino-testlib/cli-datadir/user/libraries/Gamer/Gamer.cpp:84:20: error: &#39;WGM22&#39; was not declared in this scope
     TCCR2B = ~(_BV(WGM22)) | ~(_BV(CS22));
                    ^
/home/ec2-user/arduino-testlib/cli-datadir/user/libraries/Gamer/Gamer.cpp:84:36: error: &#39;CS22&#39; was not declared in this scope
     TCCR2B = ~(_BV(WGM22)) | ~(_BV(CS22));
                                    ^
/home/ec2-user/arduino-testlib/cli-datadir/user/libraries/Gamer/Gamer.cpp:84:36: note: suggested alternative: &#39;CLK2&#39;
/home/ec2-user/arduino-testlib/cli-datadir/user/libraries/Gamer/Gamer.cpp:86:20: error: &#39;OCIE2B&#39; was not declared in this scope
     TIMSK2 = ~(_BV(OCIE2B));
                    ^
/home/ec2-user/arduino-testlib/cli-datadir/user/libraries/Gamer/Gamer.cpp:88:5: error: &#39;OCR2A&#39; was not declared in this scope
     OCR2A = 0;
     ^~~~~
/home/ec2-user/arduino-testlib/cli-datadir/user/libraries/Gamer/Gamer.cpp:90:5: error: &#39;OCR2B&#39; was not declared in this scope
     OCR2B = 0;
     ^~~~~
/home/ec2-user/arduino-testlib/cli-datadir/user/libraries/Gamer/Gamer.cpp:93:5: error: &#39;TCNT2&#39; was not declared in this scope
     TCNT2  = 0;
     ^~~~~
/home/ec2-user/arduino-testlib/cli-datadir/user/libraries/Gamer/Gamer.cpp:93:5: note: suggested alternative: &#39;TCB2&#39;
     TCNT2  = 0;
     ^~~~~
     TCB2
/home/ec2-user/arduino-testlib/cli-datadir/user/libraries/Gamer/Gamer.cpp:96:21: error: &#39;CS21&#39; was not declared in this scope
     TCCR2B |= (1 &lt;&lt; CS21);
                     ^~~~
/home/ec2-user/arduino-testlib/cli-datadir/user/libraries/Gamer/Gamer.cpp:96:21: note: suggested alternative: &#39;CLK1&#39;
     TCCR2B |= (1 &lt;&lt; CS21);
                     ^~~~
                     CLK1
/home/ec2-user/arduino-testlib/cli-datadir/user/libraries/Gamer/Gamer.cpp:101:3: error: &#39;OCR2A&#39; was not declared in this scope
   OCR2A = note;
   ^~~~~
/home/ec2-user/arduino-testlib/cli-datadir/user/libraries/Gamer/Gamer.cpp: In member function &#39;void Gamer::stopTone()&#39;:
/home/ec2-user/arduino-testlib/cli-datadir/user/libraries/Gamer/Gamer.cpp:111:5: error: &#39;TIMSK2&#39; was not declared in this scope
     TIMSK2 &amp;= (1&lt;&lt;OCIE1A);
     ^~~~~~
/home/ec2-user/arduino-testlib/cli-datadir/user/libraries/Gamer/Gamer.cpp:111:5: note: suggested alternative: &#39;TIMERB2&#39;
     TIMSK2 &amp;= (1&lt;&lt;OCIE1A);
     ^~~~~~
     TIMERB2
/home/ec2-user/arduino-testlib/cli-datadir/user/libraries/Gamer/Gamer.cpp:111:19: error: &#39;OCIE1A&#39; was not declared in this scope
     TIMSK2 &amp;= (1&lt;&lt;OCIE1A);
                   ^~~~~~
/home/ec2-user/arduino-testlib/cli-datadir/user/libraries/Gamer/Gamer.cpp:115:5: error: &#39;OCR2A&#39; was not declared in this scope
     OCR2A = 180;
     ^~~~~
/home/ec2-user/arduino-testlib/cli-datadir/user/libraries/Gamer/Gamer.cpp:123:3: error: &#39;OCR1A&#39; was not declared in this scope
   OCR1A = 14;
   ^~~~~
/home/ec2-user/arduino-testlib/cli-datadir/user/libraries/Gamer/Gamer.cpp: In member function &#39;void Gamer::irBegin()&#39;:
/home/ec2-user/arduino-testlib/cli-datadir/user/libraries/Gamer/Gamer.cpp:140:3: error: &#39;TIMSK2&#39; was not declared in this scope
   TIMSK2 &amp;= ~(1&lt;&lt;OCIE2A);
   ^~~~~~
/home/ec2-user/arduino-testlib/cli-datadir/user/libraries/Gamer/Gamer.cpp:140:3: note: suggested alternative: &#39;TIMERB2&#39;
   TIMSK2 &amp;= ~(1&lt;&lt;OCIE2A);
   ^~~~~~
   TIMERB2
/home/ec2-user/arduino-testlib/cli-datadir/user/libraries/Gamer/Gamer.cpp:140:18: error: &#39;OCIE2A&#39; was not declared in this scope
   TIMSK2 &amp;= ~(1&lt;&lt;OCIE2A);
                  ^~~~~~
/home/ec2-user/arduino-testlib/cli-datadir/user/libraries/Gamer/Gamer.cpp:141:17: error: &#39;OCIE1B&#39; was</pre>
					
					<h4>examples/AnimationExample</h4>
					<p>
						Result: <b>FAIL</b>
					</p>
					<pre class="pre-scrollable">WARNING: library Gamer claims to run on avr architecture(s) and may be incompatible with your current board which runs on megaavr architecture(s).
In file included from /home/ec2-user/arduino-testlib/cli-datadir/data/packages/arduino/tools/avr-gcc/7.3.0-atmel3.6.1-arduino5/avr/include/avr/io.h:99:0,
                 from /home/ec2-user/arduino-testlib/cli-datadir/data/packages/arduino/tools/avr-gcc/7.3.0-atmel3.6.1-arduino5/avr/include/avr/pgmspace.h:90,
                 from /home/ec2-user/arduino-testlib/cli-datadir/data/packages/arduino/hardware/megaavr/1.8.7/cores/arduino/api/String.h:31,
                 from /home/ec2-user/arduino-testlib/cli-datadir/data/packages/arduino/hardware/megaavr/1.8.7/cores/arduino/api/IPAddress.h:24,
                 from /home/ec2-user/arduino-testlib/cli-datadir/data/packages/arduino/hardware/megaavr/1.8.7/cores/arduino/api/ArduinoAPI.h:30,
                 from /home/ec2-user/arduino-testlib/cli-datadir/data/packages/arduino/hardware/megaavr/1.8.7/cores/arduino/Arduino.h:23,
                 from /home/ec2-user/arduino-testlib/cli-datadir/user/libraries/Gamer/Gamer.h:4,
                 from /home/ec2-user/arduino-testlib/cli-datadir/user/libraries/Gamer/Gamer.cpp:1:
/home/ec2-user/arduino-testlib/cli-datadir/user/libraries/Gamer/Gamer.cpp: In function &#39;void TIMER2_COMPA_vect()&#39;:
/home/ec2-user/arduino-testlib/cli-datadir/user/libraries/Gamer/Gamer.cpp:31:22: error: &#39;PORTD2&#39; was not declared in this scope
         PORTD |= _BV(PORTD2);
                      ^
/home/ec2-user/arduino-testlib/cli-datadir/user/libraries/Gamer/Gamer.cpp:31:22: note: suggested alternative: &#39;PORTD&#39;
/home/ec2-user/arduino-testlib/cli-datadir/user/libraries/Gamer/Gamer.cpp:39:23: error: &#39;PORTD2&#39; was not declared in this scope
         PORTD &amp;= ~_BV(PORTD2);
                       ^
/home/ec2-user/arduino-testlib/cli-datadir/user/libraries/Gamer/Gamer.cpp:39:23: note: suggested alternative: &#39;PORTD&#39;
/home/ec2-user/arduino-testlib/cli-datadir/user/libraries/Gamer/Gamer.cpp:49:21: error: &#39;PORTD2&#39; was not declared in this scope
       PORTD &amp;= ~_BV(PORTD2);
                     ^
/home/ec2-user/arduino-testlib/cli-datadir/user/libraries/Gamer/Gamer.cpp:49:21: note: suggested alternative: &#39;PORTD&#39;
/home/ec2-user/arduino-testlib/cli-datadir/user/libraries/Gamer/Gamer.cpp: In member function &#39;void Gamer::playTone(int)&#39;:
/home/ec2-user/arduino-testlib/cli-datadir/user/libraries/Gamer/Gamer.cpp:75:3: error: &#39;TIMSK2&#39; was not declared in this scope
   TIMSK2 &amp;= (1&lt;&lt;OCIE2A);
   ^~~~~~
/home/ec2-user/arduino-testlib/cli-datadir/user/libraries/Gamer/Gamer.cpp:75:3: note: suggested alternative: &#39;TIMERB2&#39;
   TIMSK2 &amp;= (1&lt;&lt;OCIE2A);
   ^~~~~~
   TIMERB2
/home/ec2-user/arduino-testlib/cli-datadir/user/libraries/Gamer/Gamer.cpp:75:17: error: &#39;OCIE2A&#39; was not declared in this scope
   TIMSK2 &amp;= (1&lt;&lt;OCIE2A);
                 ^~~~~~
/home/ec2-user/arduino-testlib/cli-datadir/user/libraries/Gamer/Gamer.cpp:83:5: error: &#39;TCCR2A&#39; was not declared in this scope
     TCCR2A = ~(_BV(COM2B1)) | ~(_BV(WGM21)) | ~(_BV(WGM20));
     ^~~~~~
/home/ec2-user/arduino-testlib/cli-datadir/user/libraries/Gamer/Gamer.cpp:83:5: note: suggested alternative: &#39;TCB2&#39;
     TCCR2A = ~(_BV(COM2B1)) | ~(_BV(WGM21)) | ~(_BV(WGM20));
     ^~~~~~
     TCB2
In file included from /home/ec2-user/arduino-testlib/cli-datadir/data/packages/arduino/tools/avr-gcc/7.3.0-atmel3.6.1-arduino5/avr/include/avr/io.h:99:0,
                 from /home/ec2-user/arduino-testlib/cli-datadir/data/packages/arduino/tools/avr-gcc/7.3.0-atmel3.6.1-arduino5/avr/include/avr/pgmspace.h:90,
                 from /home/ec2-user/arduino-testlib/cli-datadir/data/packages/arduino/hardware/megaavr/1.8.7/cores/arduino/api/String.h:31,
                 from /home/ec2-user/arduino-testlib/cli-datadir/data/packages/arduino/hardware/megaavr/1.8.7/cores/arduino/api/IPAddress.h:24,
                 from /home/ec2-user/arduino-testlib/cli-datadir/data/packages/arduino/hardware/megaavr/1.8.7/cores/arduino/api/ArduinoAPI.h:30,
                 from /home/ec2-user/arduino-testlib/cli-datadir/data/packages/arduino/hardware/megaavr/1.8.7/cores/arduino/Arduino.h:23,
                 from /home/ec2-user/arduino-testlib/cli-datadir/user/libraries/Gamer/Gamer.h:4,
                 from /home/ec2-user/arduino-testlib/cli-datadir/user/libraries/Gamer/Gamer.cpp:1:
/home/ec2-user/arduino-testlib/cli-datadir/user/libraries/Gamer/Gamer.cpp:83:20: error: &#39;COM2B1&#39; was not declared in this scope
     TCCR2A = ~(_BV(COM2B1)) | ~(_BV(WGM21)) | ~(_BV(WGM20));
                    ^
/home/ec2-user/arduino-testlib/cli-datadir/user/libraries/Gamer/Gamer.cpp:83:37: error: &#39;WGM21&#39; was not declared in this scope
     TCCR2A = ~(_BV(COM2B1)) | ~(_BV(WGM21)) | ~(_BV(WGM20));
                                     ^
/home/ec2-user/arduino-testlib/cli-datadir/user/libraries/Gamer/Gamer.cpp:83:53: error: &#39;WGM20&#39; was not declared in this scope
     TCCR2A = ~(_BV(COM2B1)) | ~(_BV(WGM21)) | ~(_BV(WGM20));
                                                     ^
/home/ec2-user/arduino-testlib/cli-datadir/user/libraries/Gamer/Gamer.cpp:84:5: error: &#39;TCCR2B&#39; was not declared in this scope
     TCCR2B = ~(_BV(WGM22)) | ~(_BV(CS22));
     ^~~~~~
/home/ec2-user/arduino-testlib/cli-datadir/user/libraries/Gamer/Gamer.cpp:84:5: note: suggested alternative: &#39;TCB2&#39;
     TCCR2B = ~(_BV(WGM22)) | ~(_BV(CS22));
     ^~~~~~
     TCB2
In file included from /home/ec2-user/arduino-testlib/cli-datadir/data/packages/arduino/tools/avr-gcc/7.3.0-atmel3.6.1-arduino5/avr/include/avr/io.h:99:0,
                 from /home/ec2-user/arduino-testlib/cli-datadir/data/packages/arduino/tools/avr-gcc/7.3.0-atmel3.6.1-arduino5/avr/include/avr/pgmspace.h:90,
                 from /home/ec2-user/arduino-testlib/cli-datadir/data/packages/arduino/hardware/megaavr/1.8.7/cores/arduino/api/String.h:31,
                 from /home/ec2-user/arduino-testlib/cli-datadir/data/packages/arduino/hardware/megaavr/1.8.7/cores/arduino/api/IPAddress.h:24,
                 from /home/ec2-user/arduino-testlib/cli-datadir/data/packages/arduino/hardware/megaavr/1.8.7/cores/arduino/api/ArduinoAPI.h:30,
                 from /home/ec2-user/arduino-testlib/cli-datadir/data/packages/arduino/hardware/megaavr/1.8.7/cores/arduino/Arduino.h:23,
                 from /home/ec2-user/arduino-testlib/cli-datadir/user/libraries/Gamer/Gamer.h:4,
                 from /home/ec2-user/arduino-testlib/cli-datadir/user/libraries/Gamer/Gamer.cpp:1:
/home/ec2-user/arduino-testlib/cli-datadir/user/libraries/Gamer/Gamer.cpp:84:20: error: &#39;WGM22&#39; was not declared in this scope
     TCCR2B = ~(_BV(WGM22)) | ~(_BV(CS22));
                    ^
/home/ec2-user/arduino-testlib/cli-datadir/user/libraries/Gamer/Gamer.cpp:84:36: error: &#39;CS22&#39; was not declared in this scope
     TCCR2B = ~(_BV(WGM22)) | ~(_BV(CS22));
                                    ^
/home/ec2-user/arduino-testlib/cli-datadir/user/libraries/Gamer/Gamer.cpp:84:36: note: suggested alternative: &#39;CLK2&#39;
/home/ec2-user/arduino-testlib/cli-datadir/user/libraries/Gamer/Gamer.cpp:86:20: error: &#39;OCIE2B&#39; was not declared in this scope
     TIMSK2 = ~(_BV(OCIE2B));
                    ^
/home/ec2-user/arduino-testlib/cli-datadir/user/libraries/Gamer/Gamer.cpp:88:5: error: &#39;OCR2A&#39; was not declared in this scope
     OCR2A = 0;
     ^~~~~
/home/ec2-user/arduino-testlib/cli-datadir/user/libraries/Gamer/Gamer.cpp:90:5: error: &#39;OCR2B&#39; was not declared in this scope
     OCR2B = 0;
     ^~~~~
/home/ec2-user/arduino-testlib/cli-datadir/user/libraries/Gamer/Gamer.cpp:93:5: error: &#39;TCNT2&#39; was not declared in this scope
     TCNT2  = 0;
     ^~~~~
/home/ec2-user/arduino-testlib/cli-datadir/user/libraries/Gamer/Gamer.cpp:93:5: note: suggested alternative: &#39;TCB2&#39;
     TCNT2  = 0;
     ^~~~~
     TCB2
/home/ec2-user/arduino-testlib/cli-datadir/user/libraries/Gamer/Gamer.cpp:96:21: error: &#39;CS21&#39; was not declared in this scope
     TCCR2B |= (1 &lt;&lt; CS21);
                     ^~~~
/home/ec2-user/arduino-testlib/cli-datadir/user/libraries/Gamer/Gamer.cpp:96:21: note: suggested alternative: &#39;CLK1&#39;
     TCCR2B |= (1 &lt;&lt; CS21);
                     ^~~~
                     CLK1
/home/ec2-user/arduino-testlib/cli-datadir/user/libraries/Gamer/Gamer.cpp:101:3: error: &#39;OCR2A&#39; was not declared in this scope
   OCR2A = note;
   ^~~~~
/home/ec2-user/arduino-testlib/cli-datadir/user/libraries/Gamer/Gamer.cpp: In member function &#39;void Gamer::stopTone()&#39;:
/home/ec2-user/arduino-testlib/cli-datadir/user/libraries/Gamer/Gamer.cpp:111:5: error: &#39;TIMSK2&#39; was not declared in this scope
     TIMSK2 &amp;= (1&lt;&lt;OCIE1A);
     ^~~~~~
/home/ec2-user/arduino-testlib/cli-datadir/user/libraries/Gamer/Gamer.cpp:111:5: note: suggested alternative: &#39;TIMERB2&#39;
     TIMSK2 &amp;= (1&lt;&lt;OCIE1A);
     ^~~~~~
     TIMERB2
/home/ec2-user/arduino-testlib/cli-datadir/user/libraries/Gamer/Gamer.cpp:111:19: error: &#39;OCIE1A&#39; was not declared in this scope
     TIMSK2 &amp;= (1&lt;&lt;OCIE1A);
                   ^~~~~~
/home/ec2-user/arduino-testlib/cli-datadir/user/libraries/Gamer/Gamer.cpp:115:5: error: &#39;OCR2A&#39; was not declared in this scope
     OCR2A = 180;
     ^~~~~
/home/ec2-user/arduino-testlib/cli-datadir/user/libraries/Gamer/Gamer.cpp:123:3: error: &#39;OCR1A&#39; was not declared in this scope
   OCR1A = 14;
   ^~~~~
/home/ec2-user/arduino-testlib/cli-datadir/user/libraries/Gamer/Gamer.cpp: In member function &#39;void Gamer::irBegin()&#39;:
/home/ec2-user/arduino-testlib/cli-datadir/user/libraries/Gamer/Gamer.cpp:140:3: error: &#39;TIMSK2&#39; was not declared in this scope
   TIMSK2 &amp;= ~(1&lt;&lt;OCIE2A);
   ^~~~~~
/home/ec2-user/arduino-testlib/cli-datadir/user/libraries/Gamer/Gamer.cpp:140:3: note: suggested alternative: &#39;TIMERB2&#39;
   TIMSK2 &amp;= ~(1&lt;&lt;OCIE2A);
   ^~~~~~
   TIMERB2
/home/ec2-user/arduino-testlib/cli-datadir/user/libraries/Gamer/Gamer.cpp:140:18: error: &#39;OCIE2A&#39; was not declared in this scope
   TIMSK2 &amp;= ~(1&lt;&lt;OCIE2A);
                  ^~~~~~
/home/ec2-user/arduino-testlib/cli-datadir/user/libraries/Gamer/Gamer.cpp:141:17: error: &#39;OCIE1B&#39; was</pre>
					
					<h4>examples/AnimationWithLDR</h4>
					<p>
						Result: <b>FAIL</b>
					</p>
					<pre class="pre-scrollable">WARNING: library Gamer claims to run on avr architecture(s) and may be incompatible with your current board which runs on megaavr architecture(s).
In file included from /home/ec2-user/arduino-testlib/cli-datadir/data/packages/arduino/tools/avr-gcc/7.3.0-atmel3.6.1-arduino5/avr/include/avr/io.h:99:0,
                 from /home/ec2-user/arduino-testlib/cli-datadir/data/packages/arduino/tools/avr-gcc/7.3.0-atmel3.6.1-arduino5/avr/include/avr/pgmspace.h:90,
                 from /home/ec2-user/arduino-testlib/cli-datadir/data/packages/arduino/hardware/megaavr/1.8.7/cores/arduino/api/String.h:31,
                 from /home/ec2-user/arduino-testlib/cli-datadir/data/packages/arduino/hardware/megaavr/1.8.7/cores/arduino/api/IPAddress.h:24,
                 from /home/ec2-user/arduino-testlib/cli-datadir/data/packages/arduino/hardware/megaavr/1.8.7/cores/arduino/api/ArduinoAPI.h:30,
                 from /home/ec2-user/arduino-testlib/cli-datadir/data/packages/arduino/hardware/megaavr/1.8.7/cores/arduino/Arduino.h:23,
                 from /home/ec2-user/arduino-testlib/cli-datadir/user/libraries/Gamer/Gamer.h:4,
                 from /home/ec2-user/arduino-testlib/cli-datadir/user/libraries/Gamer/Gamer.cpp:1:
/home/ec2-user/arduino-testlib/cli-datadir/user/libraries/Gamer/Gamer.cpp: In function &#39;void TIMER2_COMPA_vect()&#39;:
/home/ec2-user/arduino-testlib/cli-datadir/user/libraries/Gamer/Gamer.cpp:31:22: error: &#39;PORTD2&#39; was not declared in this scope
         PORTD |= _BV(PORTD2);
                      ^
/home/ec2-user/arduino-testlib/cli-datadir/user/libraries/Gamer/Gamer.cpp:31:22: note: suggested alternative: &#39;PORTD&#39;
/home/ec2-user/arduino-testlib/cli-datadir/user/libraries/Gamer/Gamer.cpp:39:23: error: &#39;PORTD2&#39; was not declared in this scope
         PORTD &amp;= ~_BV(PORTD2);
                       ^
/home/ec2-user/arduino-testlib/cli-datadir/user/libraries/Gamer/Gamer.cpp:39:23: note: suggested alternative: &#39;PORTD&#39;
/home/ec2-user/arduino-testlib/cli-datadir/user/libraries/Gamer/Gamer.cpp:49:21: error: &#39;PORTD2&#39; was not declared in this scope
       PORTD &amp;= ~_BV(PORTD2);
                     ^
/home/ec2-user/arduino-testlib/cli-datadir/user/libraries/Gamer/Gamer.cpp:49:21: note: suggested alternative: &#39;PORTD&#39;
/home/ec2-user/arduino-testlib/cli-datadir/user/libraries/Gamer/Gamer.cpp: In member function &#39;void Gamer::playTone(int)&#39;:
/home/ec2-user/arduino-testlib/cli-datadir/user/libraries/Gamer/Gamer.cpp:75:3: error: &#39;TIMSK2&#39; was not declared in this scope
   TIMSK2 &amp;= (1&lt;&lt;OCIE2A);
   ^~~~~~
/home/ec2-user/arduino-testlib/cli-datadir/user/libraries/Gamer/Gamer.cpp:75:3: note: suggested alternative: &#39;TIMERB2&#39;
   TIMSK2 &amp;= (1&lt;&lt;OCIE2A);
   ^~~~~~
   TIMERB2
/home/ec2-user/arduino-testlib/cli-datadir/user/libraries/Gamer/Gamer.cpp:75:17: error: &#39;OCIE2A&#39; was not declared in this scope
   TIMSK2 &amp;= (1&lt;&lt;OCIE2A);
                 ^~~~~~
/home/ec2-user/arduino-testlib/cli-datadir/user/libraries/Gamer/Gamer.cpp:83:5: error: &#39;TCCR2A&#39; was not declared in this scope
     TCCR2A = ~(_BV(COM2B1)) | ~(_BV(WGM21)) | ~(_BV(WGM20));
     ^~~~~~
/home/ec2-user/arduino-testlib/cli-datadir/user/libraries/Gamer/Gamer.cpp:83:5: note: suggested alternative: &#39;TCB2&#39;
     TCCR2A = ~(_BV(COM2B1)) | ~(_BV(WGM21)) | ~(_BV(WGM20));
     ^~~~~~
     TCB2
In file included from /home/ec2-user/arduino-testlib/cli-datadir/data/packages/arduino/tools/avr-gcc/7.3.0-atmel3.6.1-arduino5/avr/include/avr/io.h:99:0,
                 from /home/ec2-user/arduino-testlib/cli-datadir/data/packages/arduino/tools/avr-gcc/7.3.0-atmel3.6.1-arduino5/avr/include/avr/pgmspace.h:90,
                 from /home/ec2-user/arduino-testlib/cli-datadir/data/packages/arduino/hardware/megaavr/1.8.7/cores/arduino/api/String.h:31,
                 from /home/ec2-user/arduino-testlib/cli-datadir/data/packages/arduino/hardware/megaavr/1.8.7/cores/arduino/api/IPAddress.h:24,
                 from /home/ec2-user/arduino-testlib/cli-datadir/data/packages/arduino/hardware/megaavr/1.8.7/cores/arduino/api/ArduinoAPI.h:30,
                 from /home/ec2-user/arduino-testlib/cli-datadir/data/packages/arduino/hardware/megaavr/1.8.7/cores/arduino/Arduino.h:23,
                 from /home/ec2-user/arduino-testlib/cli-datadir/user/libraries/Gamer/Gamer.h:4,
                 from /home/ec2-user/arduino-testlib/cli-datadir/user/libraries/Gamer/Gamer.cpp:1:
/home/ec2-user/arduino-testlib/cli-datadir/user/libraries/Gamer/Gamer.cpp:83:20: error: &#39;COM2B1&#39; was not declared in this scope
     TCCR2A = ~(_BV(COM2B1)) | ~(_BV(WGM21)) | ~(_BV(WGM20));
                    ^
/home/ec2-user/arduino-testlib/cli-datadir/user/libraries/Gamer/Gamer.cpp:83:37: error: &#39;WGM21&#39; was not declared in this scope
     TCCR2A = ~(_BV(COM2B1)) | ~(_BV(WGM21)) | ~(_BV(WGM20));
                                     ^
/home/ec2-user/arduino-testlib/cli-datadir/user/libraries/Gamer/Gamer.cpp:83:53: error: &#39;WGM20&#39; was not declared in this scope
     TCCR2A = ~(_BV(COM2B1)) | ~(_BV(WGM21)) | ~(_BV(WGM20));
                                                     ^
/home/ec2-user/arduino-testlib/cli-datadir/user/libraries/Gamer/Gamer.cpp:84:5: error: &#39;TCCR2B&#39; was not declared in this scope
     TCCR2B = ~(_BV(WGM22)) | ~(_BV(CS22));
     ^~~~~~
/home/ec2-user/arduino-testlib/cli-datadir/user/libraries/Gamer/Gamer.cpp:84:5: note: suggested alternative: &#39;TCB2&#39;
     TCCR2B = ~(_BV(WGM22)) | ~(_BV(CS22));
     ^~~~~~
     TCB2
In file included from /home/ec2-user/arduino-testlib/cli-datadir/data/packages/arduino/tools/avr-gcc/7.3.0-atmel3.6.1-arduino5/avr/include/avr/io.h:99:0,
                 from /home/ec2-user/arduino-testlib/cli-datadir/data/packages/arduino/tools/avr-gcc/7.3.0-atmel3.6.1-arduino5/avr/include/avr/pgmspace.h:90,
                 from /home/ec2-user/arduino-testlib/cli-datadir/data/packages/arduino/hardware/megaavr/1.8.7/cores/arduino/api/String.h:31,
                 from /home/ec2-user/arduino-testlib/cli-datadir/data/packages/arduino/hardware/megaavr/1.8.7/cores/arduino/api/IPAddress.h:24,
                 from /home/ec2-user/arduino-testlib/cli-datadir/data/packages/arduino/hardware/megaavr/1.8.7/cores/arduino/api/ArduinoAPI.h:30,
                 from /home/ec2-user/arduino-testlib/cli-datadir/data/packages/arduino/hardware/megaavr/1.8.7/cores/arduino/Arduino.h:23,
                 from /home/ec2-user/arduino-testlib/cli-datadir/user/libraries/Gamer/Gamer.h:4,
                 from /home/ec2-user/arduino-testlib/cli-datadir/user/libraries/Gamer/Gamer.cpp:1:
/home/ec2-user/arduino-testlib/cli-datadir/user/libraries/Gamer/Gamer.cpp:84:20: error: &#39;WGM22&#39; was not declared in this scope
     TCCR2B = ~(_BV(WGM22)) | ~(_BV(CS22));
                    ^
/home/ec2-user/arduino-testlib/cli-datadir/user/libraries/Gamer/Gamer.cpp:84:36: error: &#39;CS22&#39; was not declared in this scope
     TCCR2B = ~(_BV(WGM22)) | ~(_BV(CS22));
                                    ^
/home/ec2-user/arduino-testlib/cli-datadir/user/libraries/Gamer/Gamer.cpp:84:36: note: suggested alternative: &#39;CLK2&#39;
/home/ec2-user/arduino-testlib/cli-datadir/user/libraries/Gamer/Gamer.cpp:86:20: error: &#39;OCIE2B&#39; was not declared in this scope
     TIMSK2 = ~(_BV(OCIE2B));
                    ^
/home/ec2-user/arduino-testlib/cli-datadir/user/libraries/Gamer/Gamer.cpp:88:5: error: &#39;OCR2A&#39; was not declared in this scope
     OCR2A = 0;
     ^~~~~
/home/ec2-user/arduino-testlib/cli-datadir/user/libraries/Gamer/Gamer.cpp:90:5: error: &#39;OCR2B&#39; was not declared in this scope
     OCR2B = 0;
     ^~~~~
/home/ec2-user/arduino-testlib/cli-datadir/user/libraries/Gamer/Gamer.cpp:93:5: error: &#39;TCNT2&#39; was not declared in this scope
     TCNT2  = 0;
     ^~~~~
/home/ec2-user/arduino-testlib/cli-datadir/user/libraries/Gamer/Gamer.cpp:93:5: note: suggested alternative: &#39;TCB2&#39;
     TCNT2  = 0;
     ^~~~~
     TCB2
/home/ec2-user/arduino-testlib/cli-datadir/user/libraries/Gamer/Gamer.cpp:96:21: error: &#39;CS21&#39; was not declared in this scope
     TCCR2B |= (1 &lt;&lt; CS21);
                     ^~~~
/home/ec2-user/arduino-testlib/cli-datadir/user/libraries/Gamer/Gamer.cpp:96:21: note: suggested alternative: &#39;CLK1&#39;
     TCCR2B |= (1 &lt;&lt; CS21);
                     ^~~~
                     CLK1
/home/ec2-user/arduino-testlib/cli-datadir/user/libraries/Gamer/Gamer.cpp:101:3: error: &#39;OCR2A&#39; was not declared in this scope
   OCR2A = note;
   ^~~~~
/home/ec2-user/arduino-testlib/cli-datadir/user/libraries/Gamer/Gamer.cpp: In member function &#39;void Gamer::stopTone()&#39;:
/home/ec2-user/arduino-testlib/cli-datadir/user/libraries/Gamer/Gamer.cpp:111:5: error: &#39;TIMSK2&#39; was not declared in this scope
     TIMSK2 &amp;= (1&lt;&lt;OCIE1A);
     ^~~~~~
/home/ec2-user/arduino-testlib/cli-datadir/user/libraries/Gamer/Gamer.cpp:111:5: note: suggested alternative: &#39;TIMERB2&#39;
     TIMSK2 &amp;= (1&lt;&lt;OCIE1A);
     ^~~~~~
     TIMERB2
/home/ec2-user/arduino-testlib/cli-datadir/user/libraries/Gamer/Gamer.cpp:111:19: error: &#39;OCIE1A&#39; was not declared in this scope
     TIMSK2 &amp;= (1&lt;&lt;OCIE1A);
                   ^~~~~~
/home/ec2-user/arduino-testlib/cli-datadir/user/libraries/Gamer/Gamer.cpp:115:5: error: &#39;OCR2A&#39; was not declared in this scope
     OCR2A = 180;
     ^~~~~
/home/ec2-user/arduino-testlib/cli-datadir/user/libraries/Gamer/Gamer.cpp:123:3: error: &#39;OCR1A&#39; was not declared in this scope
   OCR1A = 14;
   ^~~~~
/home/ec2-user/arduino-testlib/cli-datadir/user/libraries/Gamer/Gamer.cpp: In member function &#39;void Gamer::irBegin()&#39;:
/home/ec2-user/arduino-testlib/cli-datadir/user/libraries/Gamer/Gamer.cpp:140:3: error: &#39;TIMSK2&#39; was not declared in this scope
   TIMSK2 &amp;= ~(1&lt;&lt;OCIE2A);
   ^~~~~~
/home/ec2-user/arduino-testlib/cli-datadir/user/libraries/Gamer/Gamer.cpp:140:3: note: suggested alternative: &#39;TIMERB2&#39;
   TIMSK2 &amp;= ~(1&lt;&lt;OCIE2A);
   ^~~~~~
   TIMERB2
/home/ec2-user/arduino-testlib/cli-datadir/user/libraries/Gamer/Gamer.cpp:140:18: error: &#39;OCIE2A&#39; was not declared in this scope
   TIMSK2 &amp;= ~(1&lt;&lt;OCIE2A);
                  ^~~~~~
/home/ec2-user/arduino-testlib/cli-datadir/user/libraries/Gamer/Gamer.cpp:141:17: error: &#39;OCIE1B&#39; was</pre>
					
					<h4>examples/Breakout</h4>
					<p>
						Result: <b>FAIL</b>
					</p>
					<pre class="pre-scrollable">WARNING: library Gamer claims to run on avr architecture(s) and may be incompatible with your current board which runs on megaavr architecture(s).
In file included from /home/ec2-user/arduino-testlib/cli-datadir/data/packages/arduino/tools/avr-gcc/7.3.0-atmel3.6.1-arduino5/avr/include/avr/io.h:99:0,
                 from /home/ec2-user/arduino-testlib/cli-datadir/data/packages/arduino/tools/avr-gcc/7.3.0-atmel3.6.1-arduino5/avr/include/avr/pgmspace.h:90,
                 from /home/ec2-user/arduino-testlib/cli-datadir/data/packages/arduino/hardware/megaavr/1.8.7/cores/arduino/api/String.h:31,
                 from /home/ec2-user/arduino-testlib/cli-datadir/data/packages/arduino/hardware/megaavr/1.8.7/cores/arduino/api/IPAddress.h:24,
                 from /home/ec2-user/arduino-testlib/cli-datadir/data/packages/arduino/hardware/megaavr/1.8.7/cores/arduino/api/ArduinoAPI.h:30,
                 from /home/ec2-user/arduino-testlib/cli-datadir/data/packages/arduino/hardware/megaavr/1.8.7/cores/arduino/Arduino.h:23,
                 from /home/ec2-user/arduino-testlib/cli-datadir/user/libraries/Gamer/Gamer.h:4,
                 from /home/ec2-user/arduino-testlib/cli-datadir/user/libraries/Gamer/Gamer.cpp:1:
/home/ec2-user/arduino-testlib/cli-datadir/user/libraries/Gamer/Gamer.cpp: In function &#39;void TIMER2_COMPA_vect()&#39;:
/home/ec2-user/arduino-testlib/cli-datadir/user/libraries/Gamer/Gamer.cpp:31:22: error: &#39;PORTD2&#39; was not declared in this scope
         PORTD |= _BV(PORTD2);
                      ^
/home/ec2-user/arduino-testlib/cli-datadir/user/libraries/Gamer/Gamer.cpp:31:22: note: suggested alternative: &#39;PORTD&#39;
/home/ec2-user/arduino-testlib/cli-datadir/user/libraries/Gamer/Gamer.cpp:39:23: error: &#39;PORTD2&#39; was not declared in this scope
         PORTD &amp;= ~_BV(PORTD2);
                       ^
/home/ec2-user/arduino-testlib/cli-datadir/user/libraries/Gamer/Gamer.cpp:39:23: note: suggested alternative: &#39;PORTD&#39;
/home/ec2-user/arduino-testlib/cli-datadir/user/libraries/Gamer/Gamer.cpp:49:21: error: &#39;PORTD2&#39; was not declared in this scope
       PORTD &amp;= ~_BV(PORTD2);
                     ^
/home/ec2-user/arduino-testlib/cli-datadir/user/libraries/Gamer/Gamer.cpp:49:21: note: suggested alternative: &#39;PORTD&#39;
/home/ec2-user/arduino-testlib/cli-datadir/user/libraries/Gamer/Gamer.cpp: In member function &#39;void Gamer::playTone(int)&#39;:
/home/ec2-user/arduino-testlib/cli-datadir/user/libraries/Gamer/Gamer.cpp:75:3: error: &#39;TIMSK2&#39; was not declared in this scope
   TIMSK2 &amp;= (1&lt;&lt;OCIE2A);
   ^~~~~~
/home/ec2-user/arduino-testlib/cli-datadir/user/libraries/Gamer/Gamer.cpp:75:3: note: suggested alternative: &#39;TIMERB2&#39;
   TIMSK2 &amp;= (1&lt;&lt;OCIE2A);
   ^~~~~~
   TIMERB2
/home/ec2-user/arduino-testlib/cli-datadir/user/libraries/Gamer/Gamer.cpp:75:17: error: &#39;OCIE2A&#39; was not declared in this scope
   TIMSK2 &amp;= (1&lt;&lt;OCIE2A);
                 ^~~~~~
/home/ec2-user/arduino-testlib/cli-datadir/user/libraries/Gamer/Gamer.cpp:83:5: error: &#39;TCCR2A&#39; was not declared in this scope
     TCCR2A = ~(_BV(COM2B1)) | ~(_BV(WGM21)) | ~(_BV(WGM20));
     ^~~~~~
/home/ec2-user/arduino-testlib/cli-datadir/user/libraries/Gamer/Gamer.cpp:83:5: note: suggested alternative: &#39;TCB2&#39;
     TCCR2A = ~(_BV(COM2B1)) | ~(_BV(WGM21)) | ~(_BV(WGM20));
     ^~~~~~
     TCB2
In file included from /home/ec2-user/arduino-testlib/cli-datadir/data/packages/arduino/tools/avr-gcc/7.3.0-atmel3.6.1-arduino5/avr/include/avr/io.h:99:0,
                 from /home/ec2-user/arduino-testlib/cli-datadir/data/packages/arduino/tools/avr-gcc/7.3.0-atmel3.6.1-arduino5/avr/include/avr/pgmspace.h:90,
                 from /home/ec2-user/arduino-testlib/cli-datadir/data/packages/arduino/hardware/megaavr/1.8.7/cores/arduino/api/String.h:31,
                 from /home/ec2-user/arduino-testlib/cli-datadir/data/packages/arduino/hardware/megaavr/1.8.7/cores/arduino/api/IPAddress.h:24,
                 from /home/ec2-user/arduino-testlib/cli-datadir/data/packages/arduino/hardware/megaavr/1.8.7/cores/arduino/api/ArduinoAPI.h:30,
                 from /home/ec2-user/arduino-testlib/cli-datadir/data/packages/arduino/hardware/megaavr/1.8.7/cores/arduino/Arduino.h:23,
                 from /home/ec2-user/arduino-testlib/cli-datadir/user/libraries/Gamer/Gamer.h:4,
                 from /home/ec2-user/arduino-testlib/cli-datadir/user/libraries/Gamer/Gamer.cpp:1:
/home/ec2-user/arduino-testlib/cli-datadir/user/libraries/Gamer/Gamer.cpp:83:20: error: &#39;COM2B1&#39; was not declared in this scope
     TCCR2A = ~(_BV(COM2B1)) | ~(_BV(WGM21)) | ~(_BV(WGM20));
                    ^
/home/ec2-user/arduino-testlib/cli-datadir/user/libraries/Gamer/Gamer.cpp:83:37: error: &#39;WGM21&#39; was not declared in this scope
     TCCR2A = ~(_BV(COM2B1)) | ~(_BV(WGM21)) | ~(_BV(WGM20));
                                     ^
/home/ec2-user/arduino-testlib/cli-datadir/user/libraries/Gamer/Gamer.cpp:83:53: error: &#39;WGM20&#39; was not declared in this scope
     TCCR2A = ~(_BV(COM2B1)) | ~(_BV(WGM21)) | ~(_BV(WGM20));
                                                     ^
/home/ec2-user/arduino-testlib/cli-datadir/user/libraries/Gamer/Gamer.cpp:84:5: error: &#39;TCCR2B&#39; was not declared in this scope
     TCCR2B = ~(_BV(WGM22)) | ~(_BV(CS22));
     ^~~~~~
/home/ec2-user/arduino-testlib/cli-datadir/user/libraries/Gamer/Gamer.cpp:84:5: note: suggested alternative: &#39;TCB2&#39;
     TCCR2B = ~(_BV(WGM22)) | ~(_BV(CS22));
     ^~~~~~
     TCB2
In file included from /home/ec2-user/arduino-testlib/cli-datadir/data/packages/arduino/tools/avr-gcc/7.3.0-atmel3.6.1-arduino5/avr/include/avr/io.h:99:0,
                 from /home/ec2-user/arduino-testlib/cli-datadir/data/packages/arduino/tools/avr-gcc/7.3.0-atmel3.6.1-arduino5/avr/include/avr/pgmspace.h:90,
                 from /home/ec2-user/arduino-testlib/cli-datadir/data/packages/arduino/hardware/megaavr/1.8.7/cores/arduino/api/String.h:31,
                 from /home/ec2-user/arduino-testlib/cli-datadir/data/packages/arduino/hardware/megaavr/1.8.7/cores/arduino/api/IPAddress.h:24,
                 from /home/ec2-user/arduino-testlib/cli-datadir/data/packages/arduino/hardware/megaavr/1.8.7/cores/arduino/api/ArduinoAPI.h:30,
                 from /home/ec2-user/arduino-testlib/cli-datadir/data/packages/arduino/hardware/megaavr/1.8.7/cores/arduino/Arduino.h:23,
                 from /home/ec2-user/arduino-testlib/cli-datadir/user/libraries/Gamer/Gamer.h:4,
                 from /home/ec2-user/arduino-testlib/cli-datadir/user/libraries/Gamer/Gamer.cpp:1:
/home/ec2-user/arduino-testlib/cli-datadir/user/libraries/Gamer/Gamer.cpp:84:20: error: &#39;WGM22&#39; was not declared in this scope
     TCCR2B = ~(_BV(WGM22)) | ~(_BV(CS22));
                    ^
/home/ec2-user/arduino-testlib/cli-datadir/user/libraries/Gamer/Gamer.cpp:84:36: error: &#39;CS22&#39; was not declared in this scope
     TCCR2B = ~(_BV(WGM22)) | ~(_BV(CS22));
                                    ^
/home/ec2-user/arduino-testlib/cli-datadir/user/libraries/Gamer/Gamer.cpp:84:36: note: suggested alternative: &#39;CLK2&#39;
/home/ec2-user/arduino-testlib/cli-datadir/user/libraries/Gamer/Gamer.cpp:86:20: error: &#39;OCIE2B&#39; was not declared in this scope
     TIMSK2 = ~(_BV(OCIE2B));
                    ^
/home/ec2-user/arduino-testlib/cli-datadir/user/libraries/Gamer/Gamer.cpp:88:5: error: &#39;OCR2A&#39; was not declared in this scope
     OCR2A = 0;
     ^~~~~
/home/ec2-user/arduino-testlib/cli-datadir/user/libraries/Gamer/Gamer.cpp:90:5: error: &#39;OCR2B&#39; was not declared in this scope
     OCR2B = 0;
     ^~~~~
/home/ec2-user/arduino-testlib/cli-datadir/user/libraries/Gamer/Gamer.cpp:93:5: error: &#39;TCNT2&#39; was not declared in this scope
     TCNT2  = 0;
     ^~~~~
/home/ec2-user/arduino-testlib/cli-datadir/user/libraries/Gamer/Gamer.cpp:93:5: note: suggested alternative: &#39;TCB2&#39;
     TCNT2  = 0;
     ^~~~~
     TCB2
/home/ec2-user/arduino-testlib/cli-datadir/user/libraries/Gamer/Gamer.cpp:96:21: error: &#39;CS21&#39; was not declared in this scope
     TCCR2B |= (1 &lt;&lt; CS21);
                     ^~~~
/home/ec2-user/arduino-testlib/cli-datadir/user/libraries/Gamer/Gamer.cpp:96:21: note: suggested alternative: &#39;CLK1&#39;
     TCCR2B |= (1 &lt;&lt; CS21);
                     ^~~~
                     CLK1
/home/ec2-user/arduino-testlib/cli-datadir/user/libraries/Gamer/Gamer.cpp:101:3: error: &#39;OCR2A&#39; was not declared in this scope
   OCR2A = note;
   ^~~~~
/home/ec2-user/arduino-testlib/cli-datadir/user/libraries/Gamer/Gamer.cpp: In member function &#39;void Gamer::stopTone()&#39;:
/home/ec2-user/arduino-testlib/cli-datadir/user/libraries/Gamer/Gamer.cpp:111:5: error: &#39;TIMSK2&#39; was not declared in this scope
     TIMSK2 &amp;= (1&lt;&lt;OCIE1A);
     ^~~~~~
/home/ec2-user/arduino-testlib/cli-datadir/user/libraries/Gamer/Gamer.cpp:111:5: note: suggested alternative: &#39;TIMERB2&#39;
     TIMSK2 &amp;= (1&lt;&lt;OCIE1A);
     ^~~~~~
     TIMERB2
/home/ec2-user/arduino-testlib/cli-datadir/user/libraries/Gamer/Gamer.cpp:111:19: error: &#39;OCIE1A&#39; was not declared in this scope
     TIMSK2 &amp;= (1&lt;&lt;OCIE1A);
                   ^~~~~~
/home/ec2-user/arduino-testlib/cli-datadir/user/libraries/Gamer/Gamer.cpp:115:5: error: &#39;OCR2A&#39; was not declared in this scope
     OCR2A = 180;
     ^~~~~
/home/ec2-user/arduino-testlib/cli-datadir/user/libraries/Gamer/Gamer.cpp:123:3: error: &#39;OCR1A&#39; was not declared in this scope
   OCR1A = 14;
   ^~~~~
/home/ec2-user/arduino-testlib/cli-datadir/user/libraries/Gamer/Gamer.cpp: In member function &#39;void Gamer::irBegin()&#39;:
/home/ec2-user/arduino-testlib/cli-datadir/user/libraries/Gamer/Gamer.cpp:140:3: error: &#39;TIMSK2&#39; was not declared in this scope
   TIMSK2 &amp;= ~(1&lt;&lt;OCIE2A);
   ^~~~~~
/home/ec2-user/arduino-testlib/cli-datadir/user/libraries/Gamer/Gamer.cpp:140:3: note: suggested alternative: &#39;TIMERB2&#39;
   TIMSK2 &amp;= ~(1&lt;&lt;OCIE2A);
   ^~~~~~
   TIMERB2
/home/ec2-user/arduino-testlib/cli-datadir/user/libraries/Gamer/Gamer.cpp:140:18: error: &#39;OCIE2A&#39; was not declared in this scope
   TIMSK2 &amp;= ~(1&lt;&lt;OCIE2A);
                  ^~~~~~
/home/ec2-user/arduino-testlib/cli-datadir/user/libraries/Gamer/Gamer.cpp:141:17: error: &#39;OCIE1B&#39; was</pre>
					
					<h4>examples/BuzzerExample</h4>
					<p>
						Result: <b>FAIL</b>
					</p>
					<pre class="pre-scrollable">WARNING: library Gamer claims to run on avr architecture(s) and may be incompatible with your current board which runs on megaavr architecture(s).
In file included from /home/ec2-user/arduino-testlib/cli-datadir/data/packages/arduino/tools/avr-gcc/7.3.0-atmel3.6.1-arduino5/avr/include/avr/io.h:99:0,
                 from /home/ec2-user/arduino-testlib/cli-datadir/data/packages/arduino/tools/avr-gcc/7.3.0-atmel3.6.1-arduino5/avr/include/avr/pgmspace.h:90,
                 from /home/ec2-user/arduino-testlib/cli-datadir/data/packages/arduino/hardware/megaavr/1.8.7/cores/arduino/api/String.h:31,
                 from /home/ec2-user/arduino-testlib/cli-datadir/data/packages/arduino/hardware/megaavr/1.8.7/cores/arduino/api/IPAddress.h:24,
                 from /home/ec2-user/arduino-testlib/cli-datadir/data/packages/arduino/hardware/megaavr/1.8.7/cores/arduino/api/ArduinoAPI.h:30,
                 from /home/ec2-user/arduino-testlib/cli-datadir/data/packages/arduino/hardware/megaavr/1.8.7/cores/arduino/Arduino.h:23,
                 from /home/ec2-user/arduino-testlib/cli-datadir/user/libraries/Gamer/Gamer.h:4,
                 from /home/ec2-user/arduino-testlib/cli-datadir/user/libraries/Gamer/Gamer.cpp:1:
/home/ec2-user/arduino-testlib/cli-datadir/user/libraries/Gamer/Gamer.cpp: In function &#39;void TIMER2_COMPA_vect()&#39;:
/home/ec2-user/arduino-testlib/cli-datadir/user/libraries/Gamer/Gamer.cpp:31:22: error: &#39;PORTD2&#39; was not declared in this scope
         PORTD |= _BV(PORTD2);
                      ^
/home/ec2-user/arduino-testlib/cli-datadir/user/libraries/Gamer/Gamer.cpp:31:22: note: suggested alternative: &#39;PORTD&#39;
/home/ec2-user/arduino-testlib/cli-datadir/user/libraries/Gamer/Gamer.cpp:39:23: error: &#39;PORTD2&#39; was not declared in this scope
         PORTD &amp;= ~_BV(PORTD2);
                       ^
/home/ec2-user/arduino-testlib/cli-datadir/user/libraries/Gamer/Gamer.cpp:39:23: note: suggested alternative: &#39;PORTD&#39;
/home/ec2-user/arduino-testlib/cli-datadir/user/libraries/Gamer/Gamer.cpp:49:21: error: &#39;PORTD2&#39; was not declared in this scope
       PORTD &amp;= ~_BV(PORTD2);
                     ^
/home/ec2-user/arduino-testlib/cli-datadir/user/libraries/Gamer/Gamer.cpp:49:21: note: suggested alternative: &#39;PORTD&#39;
/home/ec2-user/arduino-testlib/cli-datadir/user/libraries/Gamer/Gamer.cpp: In member function &#39;void Gamer::playTone(int)&#39;:
/home/ec2-user/arduino-testlib/cli-datadir/user/libraries/Gamer/Gamer.cpp:75:3: error: &#39;TIMSK2&#39; was not declared in this scope
   TIMSK2 &amp;= (1&lt;&lt;OCIE2A);
   ^~~~~~
/home/ec2-user/arduino-testlib/cli-datadir/user/libraries/Gamer/Gamer.cpp:75:3: note: suggested alternative: &#39;TIMERB2&#39;
   TIMSK2 &amp;= (1&lt;&lt;OCIE2A);
   ^~~~~~
   TIMERB2
/home/ec2-user/arduino-testlib/cli-datadir/user/libraries/Gamer/Gamer.cpp:75:17: error: &#39;OCIE2A&#39; was not declared in this scope
   TIMSK2 &amp;= (1&lt;&lt;OCIE2A);
                 ^~~~~~
/home/ec2-user/arduino-testlib/cli-datadir/user/libraries/Gamer/Gamer.cpp:83:5: error: &#39;TCCR2A&#39; was not declared in this scope
     TCCR2A = ~(_BV(COM2B1)) | ~(_BV(WGM21)) | ~(_BV(WGM20));
     ^~~~~~
/home/ec2-user/arduino-testlib/cli-datadir/user/libraries/Gamer/Gamer.cpp:83:5: note: suggested alternative: &#39;TCB2&#39;
     TCCR2A = ~(_BV(COM2B1)) | ~(_BV(WGM21)) | ~(_BV(WGM20));
     ^~~~~~
     TCB2
In file included from /home/ec2-user/arduino-testlib/cli-datadir/data/packages/arduino/tools/avr-gcc/7.3.0-atmel3.6.1-arduino5/avr/include/avr/io.h:99:0,
                 from /home/ec2-user/arduino-testlib/cli-datadir/data/packages/arduino/tools/avr-gcc/7.3.0-atmel3.6.1-arduino5/avr/include/avr/pgmspace.h:90,
                 from /home/ec2-user/arduino-testlib/cli-datadir/data/packages/arduino/hardware/megaavr/1.8.7/cores/arduino/api/String.h:31,
                 from /home/ec2-user/arduino-testlib/cli-datadir/data/packages/arduino/hardware/megaavr/1.8.7/cores/arduino/api/IPAddress.h:24,
                 from /home/ec2-user/arduino-testlib/cli-datadir/data/packages/arduino/hardware/megaavr/1.8.7/cores/arduino/api/ArduinoAPI.h:30,
                 from /home/ec2-user/arduino-testlib/cli-datadir/data/packages/arduino/hardware/megaavr/1.8.7/cores/arduino/Arduino.h:23,
                 from /home/ec2-user/arduino-testlib/cli-datadir/user/libraries/Gamer/Gamer.h:4,
                 from /home/ec2-user/arduino-testlib/cli-datadir/user/libraries/Gamer/Gamer.cpp:1:
/home/ec2-user/arduino-testlib/cli-datadir/user/libraries/Gamer/Gamer.cpp:83:20: error: &#39;COM2B1&#39; was not declared in this scope
     TCCR2A = ~(_BV(COM2B1)) | ~(_BV(WGM21)) | ~(_BV(WGM20));
                    ^
/home/ec2-user/arduino-testlib/cli-datadir/user/libraries/Gamer/Gamer.cpp:83:37: error: &#39;WGM21&#39; was not declared in this scope
     TCCR2A = ~(_BV(COM2B1)) | ~(_BV(WGM21)) | ~(_BV(WGM20));
                                     ^
/home/ec2-user/arduino-testlib/cli-datadir/user/libraries/Gamer/Gamer.cpp:83:53: error: &#39;WGM20&#39; was not declared in this scope
     TCCR2A = ~(_BV(COM2B1)) | ~(_BV(WGM21)) | ~(_BV(WGM20));
                                                     ^
/home/ec2-user/arduino-testlib/cli-datadir/user/libraries/Gamer/Gamer.cpp:84:5: error: &#39;TCCR2B&#39; was not declared in this scope
     TCCR2B = ~(_BV(WGM22)) | ~(_BV(CS22));
     ^~~~~~
/home/ec2-user/arduino-testlib/cli-datadir/user/libraries/Gamer/Gamer.cpp:84:5: note: suggested alternative: &#39;TCB2&#39;
     TCCR2B = ~(_BV(WGM22)) | ~(_BV(CS22));
     ^~~~~~
     TCB2
In file included from /home/ec2-user/arduino-testlib/cli-datadir/data/packages/arduino/tools/avr-gcc/7.3.0-atmel3.6.1-arduino5/avr/include/avr/io.h:99:0,
                 from /home/ec2-user/arduino-testlib/cli-datadir/data/packages/arduino/tools/avr-gcc/7.3.0-atmel3.6.1-arduino5/avr/include/avr/pgmspace.h:90,
                 from /home/ec2-user/arduino-testlib/cli-datadir/data/packages/arduino/hardware/megaavr/1.8.7/cores/arduino/api/String.h:31,
                 from /home/ec2-user/arduino-testlib/cli-datadir/data/packages/arduino/hardware/megaavr/1.8.7/cores/arduino/api/IPAddress.h:24,
                 from /home/ec2-user/arduino-testlib/cli-datadir/data/packages/arduino/hardware/megaavr/1.8.7/cores/arduino/api/ArduinoAPI.h:30,
                 from /home/ec2-user/arduino-testlib/cli-datadir/data/packages/arduino/hardware/megaavr/1.8.7/cores/arduino/Arduino.h:23,
                 from /home/ec2-user/arduino-testlib/cli-datadir/user/libraries/Gamer/Gamer.h:4,
                 from /home/ec2-user/arduino-testlib/cli-datadir/user/libraries/Gamer/Gamer.cpp:1:
/home/ec2-user/arduino-testlib/cli-datadir/user/libraries/Gamer/Gamer.cpp:84:20: error: &#39;WGM22&#39; was not declared in this scope
     TCCR2B = ~(_BV(WGM22)) | ~(_BV(CS22));
                    ^
/home/ec2-user/arduino-testlib/cli-datadir/user/libraries/Gamer/Gamer.cpp:84:36: error: &#39;CS22&#39; was not declared in this scope
     TCCR2B = ~(_BV(WGM22)) | ~(_BV(CS22));
                                    ^
/home/ec2-user/arduino-testlib/cli-datadir/user/libraries/Gamer/Gamer.cpp:84:36: note: suggested alternative: &#39;CLK2&#39;
/home/ec2-user/arduino-testlib/cli-datadir/user/libraries/Gamer/Gamer.cpp:86:20: error: &#39;OCIE2B&#39; was not declared in this scope
     TIMSK2 = ~(_BV(OCIE2B));
                    ^
/home/ec2-user/arduino-testlib/cli-datadir/user/libraries/Gamer/Gamer.cpp:88:5: error: &#39;OCR2A&#39; was not declared in this scope
     OCR2A = 0;
     ^~~~~
/home/ec2-user/arduino-testlib/cli-datadir/user/libraries/Gamer/Gamer.cpp:90:5: error: &#39;OCR2B&#39; was not declared in this scope
     OCR2B = 0;
     ^~~~~
/home/ec2-user/arduino-testlib/cli-datadir/user/libraries/Gamer/Gamer.cpp:93:5: error: &#39;TCNT2&#39; was not declared in this scope
     TCNT2  = 0;
     ^~~~~
/home/ec2-user/arduino-testlib/cli-datadir/user/libraries/Gamer/Gamer.cpp:93:5: note: suggested alternative: &#39;TCB2&#39;
     TCNT2  = 0;
     ^~~~~
     TCB2
/home/ec2-user/arduino-testlib/cli-datadir/user/libraries/Gamer/Gamer.cpp:96:21: error: &#39;CS21&#39; was not declared in this scope
     TCCR2B |= (1 &lt;&lt; CS21);
                     ^~~~
/home/ec2-user/arduino-testlib/cli-datadir/user/libraries/Gamer/Gamer.cpp:96:21: note: suggested alternative: &#39;CLK1&#39;
     TCCR2B |= (1 &lt;&lt; CS21);
                     ^~~~
                     CLK1
/home/ec2-user/arduino-testlib/cli-datadir/user/libraries/Gamer/Gamer.cpp:101:3: error: &#39;OCR2A&#39; was not declared in this scope
   OCR2A = note;
   ^~~~~
/home/ec2-user/arduino-testlib/cli-datadir/user/libraries/Gamer/Gamer.cpp: In member function &#39;void Gamer::stopTone()&#39;:
/home/ec2-user/arduino-testlib/cli-datadir/user/libraries/Gamer/Gamer.cpp:111:5: error: &#39;TIMSK2&#39; was not declared in this scope
     TIMSK2 &amp;= (1&lt;&lt;OCIE1A);
     ^~~~~~
/home/ec2-user/arduino-testlib/cli-datadir/user/libraries/Gamer/Gamer.cpp:111:5: note: suggested alternative: &#39;TIMERB2&#39;
     TIMSK2 &amp;= (1&lt;&lt;OCIE1A);
     ^~~~~~
     TIMERB2
/home/ec2-user/arduino-testlib/cli-datadir/user/libraries/Gamer/Gamer.cpp:111:19: error: &#39;OCIE1A&#39; was not declared in this scope
     TIMSK2 &amp;= (1&lt;&lt;OCIE1A);
                   ^~~~~~
/home/ec2-user/arduino-testlib/cli-datadir/user/libraries/Gamer/Gamer.cpp:115:5: error: &#39;OCR2A&#39; was not declared in this scope
     OCR2A = 180;
     ^~~~~
/home/ec2-user/arduino-testlib/cli-datadir/user/libraries/Gamer/Gamer.cpp:123:3: error: &#39;OCR1A&#39; was not declared in this scope
   OCR1A = 14;
   ^~~~~
/home/ec2-user/arduino-testlib/cli-datadir/user/libraries/Gamer/Gamer.cpp: In member function &#39;void Gamer::irBegin()&#39;:
/home/ec2-user/arduino-testlib/cli-datadir/user/libraries/Gamer/Gamer.cpp:140:3: error: &#39;TIMSK2&#39; was not declared in this scope
   TIMSK2 &amp;= ~(1&lt;&lt;OCIE2A);
   ^~~~~~
/home/ec2-user/arduino-testlib/cli-datadir/user/libraries/Gamer/Gamer.cpp:140:3: note: suggested alternative: &#39;TIMERB2&#39;
   TIMSK2 &amp;= ~(1&lt;&lt;OCIE2A);
   ^~~~~~
   TIMERB2
/home/ec2-user/arduino-testlib/cli-datadir/user/libraries/Gamer/Gamer.cpp:140:18: error: &#39;OCIE2A&#39; was not declared in this scope
   TIMSK2 &amp;= ~(1&lt;&lt;OCIE2A);
                  ^~~~~~
/home/ec2-user/arduino-testlib/cli-datadir/user/libraries/Gamer/Gamer.cpp:141:17: error: &#39;OCIE1B&#39; was</pre>
					
					<h4>examples/FlappyBird</h4>
					<p>
						Result: <b>FAIL</b>
					</p>
					<pre class="pre-scrollable">WARNING: library Gamer claims to run on avr architecture(s) and may be incompatible with your current board which runs on megaavr architecture(s).
In file included from /home/ec2-user/arduino-testlib/cli-datadir/data/packages/arduino/tools/avr-gcc/7.3.0-atmel3.6.1-arduino5/avr/include/avr/io.h:99:0,
                 from /home/ec2-user/arduino-testlib/cli-datadir/data/packages/arduino/tools/avr-gcc/7.3.0-atmel3.6.1-arduino5/avr/include/avr/pgmspace.h:90,
                 from /home/ec2-user/arduino-testlib/cli-datadir/data/packages/arduino/hardware/megaavr/1.8.7/cores/arduino/api/String.h:31,
                 from /home/ec2-user/arduino-testlib/cli-datadir/data/packages/arduino/hardware/megaavr/1.8.7/cores/arduino/api/IPAddress.h:24,
                 from /home/ec2-user/arduino-testlib/cli-datadir/data/packages/arduino/hardware/megaavr/1.8.7/cores/arduino/api/ArduinoAPI.h:30,
                 from /home/ec2-user/arduino-testlib/cli-datadir/data/packages/arduino/hardware/megaavr/1.8.7/cores/arduino/Arduino.h:23,
                 from /home/ec2-user/arduino-testlib/cli-datadir/user/libraries/Gamer/Gamer.h:4,
                 from /home/ec2-user/arduino-testlib/cli-datadir/user/libraries/Gamer/Gamer.cpp:1:
/home/ec2-user/arduino-testlib/cli-datadir/user/libraries/Gamer/Gamer.cpp: In function &#39;void TIMER2_COMPA_vect()&#39;:
/home/ec2-user/arduino-testlib/cli-datadir/user/libraries/Gamer/Gamer.cpp:31:22: error: &#39;PORTD2&#39; was not declared in this scope
         PORTD |= _BV(PORTD2);
                      ^
/home/ec2-user/arduino-testlib/cli-datadir/user/libraries/Gamer/Gamer.cpp:31:22: note: suggested alternative: &#39;PORTD&#39;
/home/ec2-user/arduino-testlib/cli-datadir/user/libraries/Gamer/Gamer.cpp:39:23: error: &#39;PORTD2&#39; was not declared in this scope
         PORTD &amp;= ~_BV(PORTD2);
                       ^
/home/ec2-user/arduino-testlib/cli-datadir/user/libraries/Gamer/Gamer.cpp:39:23: note: suggested alternative: &#39;PORTD&#39;
/home/ec2-user/arduino-testlib/cli-datadir/user/libraries/Gamer/Gamer.cpp:49:21: error: &#39;PORTD2&#39; was not declared in this scope
       PORTD &amp;= ~_BV(PORTD2);
                     ^
/home/ec2-user/arduino-testlib/cli-datadir/user/libraries/Gamer/Gamer.cpp:49:21: note: suggested alternative: &#39;PORTD&#39;
/home/ec2-user/arduino-testlib/cli-datadir/user/libraries/Gamer/Gamer.cpp: In member function &#39;void Gamer::playTone(int)&#39;:
/home/ec2-user/arduino-testlib/cli-datadir/user/libraries/Gamer/Gamer.cpp:75:3: error: &#39;TIMSK2&#39; was not declared in this scope
   TIMSK2 &amp;= (1&lt;&lt;OCIE2A);
   ^~~~~~
/home/ec2-user/arduino-testlib/cli-datadir/user/libraries/Gamer/Gamer.cpp:75:3: note: suggested alternative: &#39;TIMERB2&#39;
   TIMSK2 &amp;= (1&lt;&lt;OCIE2A);
   ^~~~~~
   TIMERB2
/home/ec2-user/arduino-testlib/cli-datadir/user/libraries/Gamer/Gamer.cpp:75:17: error: &#39;OCIE2A&#39; was not declared in this scope
   TIMSK2 &amp;= (1&lt;&lt;OCIE2A);
                 ^~~~~~
/home/ec2-user/arduino-testlib/cli-datadir/user/libraries/Gamer/Gamer.cpp:83:5: error: &#39;TCCR2A&#39; was not declared in this scope
     TCCR2A = ~(_BV(COM2B1)) | ~(_BV(WGM21)) | ~(_BV(WGM20));
     ^~~~~~
/home/ec2-user/arduino-testlib/cli-datadir/user/libraries/Gamer/Gamer.cpp:83:5: note: suggested alternative: &#39;TCB2&#39;
     TCCR2A = ~(_BV(COM2B1)) | ~(_BV(WGM21)) | ~(_BV(WGM20));
     ^~~~~~
     TCB2
In file included from /home/ec2-user/arduino-testlib/cli-datadir/data/packages/arduino/tools/avr-gcc/7.3.0-atmel3.6.1-arduino5/avr/include/avr/io.h:99:0,
                 from /home/ec2-user/arduino-testlib/cli-datadir/data/packages/arduino/tools/avr-gcc/7.3.0-atmel3.6.1-arduino5/avr/include/avr/pgmspace.h:90,
                 from /home/ec2-user/arduino-testlib/cli-datadir/data/packages/arduino/hardware/megaavr/1.8.7/cores/arduino/api/String.h:31,
                 from /home/ec2-user/arduino-testlib/cli-datadir/data/packages/arduino/hardware/megaavr/1.8.7/cores/arduino/api/IPAddress.h:24,
                 from /home/ec2-user/arduino-testlib/cli-datadir/data/packages/arduino/hardware/megaavr/1.8.7/cores/arduino/api/ArduinoAPI.h:30,
                 from /home/ec2-user/arduino-testlib/cli-datadir/data/packages/arduino/hardware/megaavr/1.8.7/cores/arduino/Arduino.h:23,
                 from /home/ec2-user/arduino-testlib/cli-datadir/user/libraries/Gamer/Gamer.h:4,
                 from /home/ec2-user/arduino-testlib/cli-datadir/user/libraries/Gamer/Gamer.cpp:1:
/home/ec2-user/arduino-testlib/cli-datadir/user/libraries/Gamer/Gamer.cpp:83:20: error: &#39;COM2B1&#39; was not declared in this scope
     TCCR2A = ~(_BV(COM2B1)) | ~(_BV(WGM21)) | ~(_BV(WGM20));
                    ^
/home/ec2-user/arduino-testlib/cli-datadir/user/libraries/Gamer/Gamer.cpp:83:37: error: &#39;WGM21&#39; was not declared in this scope
     TCCR2A = ~(_BV(COM2B1)) | ~(_BV(WGM21)) | ~(_BV(WGM20));
                                     ^
/home/ec2-user/arduino-testlib/cli-datadir/user/libraries/Gamer/Gamer.cpp:83:53: error: &#39;WGM20&#39; was not declared in this scope
     TCCR2A = ~(_BV(COM2B1)) | ~(_BV(WGM21)) | ~(_BV(WGM20));
                                                     ^
/home/ec2-user/arduino-testlib/cli-datadir/user/libraries/Gamer/Gamer.cpp:84:5: error: &#39;TCCR2B&#39; was not declared in this scope
     TCCR2B = ~(_BV(WGM22)) | ~(_BV(CS22));
     ^~~~~~
/home/ec2-user/arduino-testlib/cli-datadir/user/libraries/Gamer/Gamer.cpp:84:5: note: suggested alternative: &#39;TCB2&#39;
     TCCR2B = ~(_BV(WGM22)) | ~(_BV(CS22));
     ^~~~~~
     TCB2
In file included from /home/ec2-user/arduino-testlib/cli-datadir/data/packages/arduino/tools/avr-gcc/7.3.0-atmel3.6.1-arduino5/avr/include/avr/io.h:99:0,
                 from /home/ec2-user/arduino-testlib/cli-datadir/data/packages/arduino/tools/avr-gcc/7.3.0-atmel3.6.1-arduino5/avr/include/avr/pgmspace.h:90,
                 from /home/ec2-user/arduino-testlib/cli-datadir/data/packages/arduino/hardware/megaavr/1.8.7/cores/arduino/api/String.h:31,
                 from /home/ec2-user/arduino-testlib/cli-datadir/data/packages/arduino/hardware/megaavr/1.8.7/cores/arduino/api/IPAddress.h:24,
                 from /home/ec2-user/arduino-testlib/cli-datadir/data/packages/arduino/hardware/megaavr/1.8.7/cores/arduino/api/ArduinoAPI.h:30,
                 from /home/ec2-user/arduino-testlib/cli-datadir/data/packages/arduino/hardware/megaavr/1.8.7/cores/arduino/Arduino.h:23,
                 from /home/ec2-user/arduino-testlib/cli-datadir/user/libraries/Gamer/Gamer.h:4,
                 from /home/ec2-user/arduino-testlib/cli-datadir/user/libraries/Gamer/Gamer.cpp:1:
/home/ec2-user/arduino-testlib/cli-datadir/user/libraries/Gamer/Gamer.cpp:84:20: error: &#39;WGM22&#39; was not declared in this scope
     TCCR2B = ~(_BV(WGM22)) | ~(_BV(CS22));
                    ^
/home/ec2-user/arduino-testlib/cli-datadir/user/libraries/Gamer/Gamer.cpp:84:36: error: &#39;CS22&#39; was not declared in this scope
     TCCR2B = ~(_BV(WGM22)) | ~(_BV(CS22));
                                    ^
/home/ec2-user/arduino-testlib/cli-datadir/user/libraries/Gamer/Gamer.cpp:84:36: note: suggested alternative: &#39;CLK2&#39;
/home/ec2-user/arduino-testlib/cli-datadir/user/libraries/Gamer/Gamer.cpp:86:20: error: &#39;OCIE2B&#39; was not declared in this scope
     TIMSK2 = ~(_BV(OCIE2B));
                    ^
/home/ec2-user/arduino-testlib/cli-datadir/user/libraries/Gamer/Gamer.cpp:88:5: error: &#39;OCR2A&#39; was not declared in this scope
     OCR2A = 0;
     ^~~~~
/home/ec2-user/arduino-testlib/cli-datadir/user/libraries/Gamer/Gamer.cpp:90:5: error: &#39;OCR2B&#39; was not declared in this scope
     OCR2B = 0;
     ^~~~~
/home/ec2-user/arduino-testlib/cli-datadir/user/libraries/Gamer/Gamer.cpp:93:5: error: &#39;TCNT2&#39; was not declared in this scope
     TCNT2  = 0;
     ^~~~~
/home/ec2-user/arduino-testlib/cli-datadir/user/libraries/Gamer/Gamer.cpp:93:5: note: suggested alternative: &#39;TCB2&#39;
     TCNT2  = 0;
     ^~~~~
     TCB2
/home/ec2-user/arduino-testlib/cli-datadir/user/libraries/Gamer/Gamer.cpp:96:21: error: &#39;CS21&#39; was not declared in this scope
     TCCR2B |= (1 &lt;&lt; CS21);
                     ^~~~
/home/ec2-user/arduino-testlib/cli-datadir/user/libraries/Gamer/Gamer.cpp:96:21: note: suggested alternative: &#39;CLK1&#39;
     TCCR2B |= (1 &lt;&lt; CS21);
                     ^~~~
                     CLK1
/home/ec2-user/arduino-testlib/cli-datadir/user/libraries/Gamer/Gamer.cpp:101:3: error: &#39;OCR2A&#39; was not declared in this scope
   OCR2A = note;
   ^~~~~
/home/ec2-user/arduino-testlib/cli-datadir/user/libraries/Gamer/Gamer.cpp: In member function &#39;void Gamer::stopTone()&#39;:
/home/ec2-user/arduino-testlib/cli-datadir/user/libraries/Gamer/Gamer.cpp:111:5: error: &#39;TIMSK2&#39; was not declared in this scope
     TIMSK2 &amp;= (1&lt;&lt;OCIE1A);
     ^~~~~~
/home/ec2-user/arduino-testlib/cli-datadir/user/libraries/Gamer/Gamer.cpp:111:5: note: suggested alternative: &#39;TIMERB2&#39;
     TIMSK2 &amp;= (1&lt;&lt;OCIE1A);
     ^~~~~~
     TIMERB2
/home/ec2-user/arduino-testlib/cli-datadir/user/libraries/Gamer/Gamer.cpp:111:19: error: &#39;OCIE1A&#39; was not declared in this scope
     TIMSK2 &amp;= (1&lt;&lt;OCIE1A);
                   ^~~~~~
/home/ec2-user/arduino-testlib/cli-datadir/user/libraries/Gamer/Gamer.cpp:115:5: error: &#39;OCR2A&#39; was not declared in this scope
     OCR2A = 180;
     ^~~~~
/home/ec2-user/arduino-testlib/cli-datadir/user/libraries/Gamer/Gamer.cpp:123:3: error: &#39;OCR1A&#39; was not declared in this scope
   OCR1A = 14;
   ^~~~~
/home/ec2-user/arduino-testlib/cli-datadir/user/libraries/Gamer/Gamer.cpp: In member function &#39;void Gamer::irBegin()&#39;:
/home/ec2-user/arduino-testlib/cli-datadir/user/libraries/Gamer/Gamer.cpp:140:3: error: &#39;TIMSK2&#39; was not declared in this scope
   TIMSK2 &amp;= ~(1&lt;&lt;OCIE2A);
   ^~~~~~
/home/ec2-user/arduino-testlib/cli-datadir/user/libraries/Gamer/Gamer.cpp:140:3: note: suggested alternative: &#39;TIMERB2&#39;
   TIMSK2 &amp;= ~(1&lt;&lt;OCIE2A);
   ^~~~~~
   TIMERB2
/home/ec2-user/arduino-testlib/cli-datadir/user/libraries/Gamer/Gamer.cpp:140:18: error: &#39;OCIE2A&#39; was not declared in this scope
   TIMSK2 &amp;= ~(1&lt;&lt;OCIE2A);
                  ^~~~~~
/home/ec2-user/arduino-testlib/cli-datadir/user/libraries/Gamer/Gamer.cpp:141:17: error: &#39;OCIE1B&#39; was</pre>
					
					<h4>examples/MoveCharacter</h4>
					<p>
						Result: <b>FAIL</b>
					</p>
					<pre class="pre-scrollable">WARNING: library Gamer claims to run on avr architecture(s) and may be incompatible with your current board which runs on megaavr architecture(s).
In file included from /home/ec2-user/arduino-testlib/cli-datadir/data/packages/arduino/tools/avr-gcc/7.3.0-atmel3.6.1-arduino5/avr/include/avr/io.h:99:0,
                 from /home/ec2-user/arduino-testlib/cli-datadir/data/packages/arduino/tools/avr-gcc/7.3.0-atmel3.6.1-arduino5/avr/include/avr/pgmspace.h:90,
                 from /home/ec2-user/arduino-testlib/cli-datadir/data/packages/arduino/hardware/megaavr/1.8.7/cores/arduino/api/String.h:31,
                 from /home/ec2-user/arduino-testlib/cli-datadir/data/packages/arduino/hardware/megaavr/1.8.7/cores/arduino/api/IPAddress.h:24,
                 from /home/ec2-user/arduino-testlib/cli-datadir/data/packages/arduino/hardware/megaavr/1.8.7/cores/arduino/api/ArduinoAPI.h:30,
                 from /home/ec2-user/arduino-testlib/cli-datadir/data/packages/arduino/hardware/megaavr/1.8.7/cores/arduino/Arduino.h:23,
                 from /home/ec2-user/arduino-testlib/cli-datadir/user/libraries/Gamer/Gamer.h:4,
                 from /home/ec2-user/arduino-testlib/cli-datadir/user/libraries/Gamer/Gamer.cpp:1:
/home/ec2-user/arduino-testlib/cli-datadir/user/libraries/Gamer/Gamer.cpp: In function &#39;void TIMER2_COMPA_vect()&#39;:
/home/ec2-user/arduino-testlib/cli-datadir/user/libraries/Gamer/Gamer.cpp:31:22: error: &#39;PORTD2&#39; was not declared in this scope
         PORTD |= _BV(PORTD2);
                      ^
/home/ec2-user/arduino-testlib/cli-datadir/user/libraries/Gamer/Gamer.cpp:31:22: note: suggested alternative: &#39;PORTD&#39;
/home/ec2-user/arduino-testlib/cli-datadir/user/libraries/Gamer/Gamer.cpp:39:23: error: &#39;PORTD2&#39; was not declared in this scope
         PORTD &amp;= ~_BV(PORTD2);
                       ^
/home/ec2-user/arduino-testlib/cli-datadir/user/libraries/Gamer/Gamer.cpp:39:23: note: suggested alternative: &#39;PORTD&#39;
/home/ec2-user/arduino-testlib/cli-datadir/user/libraries/Gamer/Gamer.cpp:49:21: error: &#39;PORTD2&#39; was not declared in this scope
       PORTD &amp;= ~_BV(PORTD2);
                     ^
/home/ec2-user/arduino-testlib/cli-datadir/user/libraries/Gamer/Gamer.cpp:49:21: note: suggested alternative: &#39;PORTD&#39;
/home/ec2-user/arduino-testlib/cli-datadir/user/libraries/Gamer/Gamer.cpp: In member function &#39;void Gamer::playTone(int)&#39;:
/home/ec2-user/arduino-testlib/cli-datadir/user/libraries/Gamer/Gamer.cpp:75:3: error: &#39;TIMSK2&#39; was not declared in this scope
   TIMSK2 &amp;= (1&lt;&lt;OCIE2A);
   ^~~~~~
/home/ec2-user/arduino-testlib/cli-datadir/user/libraries/Gamer/Gamer.cpp:75:3: note: suggested alternative: &#39;TIMERB2&#39;
   TIMSK2 &amp;= (1&lt;&lt;OCIE2A);
   ^~~~~~
   TIMERB2
/home/ec2-user/arduino-testlib/cli-datadir/user/libraries/Gamer/Gamer.cpp:75:17: error: &#39;OCIE2A&#39; was not declared in this scope
   TIMSK2 &amp;= (1&lt;&lt;OCIE2A);
                 ^~~~~~
/home/ec2-user/arduino-testlib/cli-datadir/user/libraries/Gamer/Gamer.cpp:83:5: error: &#39;TCCR2A&#39; was not declared in this scope
     TCCR2A = ~(_BV(COM2B1)) | ~(_BV(WGM21)) | ~(_BV(WGM20));
     ^~~~~~
/home/ec2-user/arduino-testlib/cli-datadir/user/libraries/Gamer/Gamer.cpp:83:5: note: suggested alternative: &#39;TCB2&#39;
     TCCR2A = ~(_BV(COM2B1)) | ~(_BV(WGM21)) | ~(_BV(WGM20));
     ^~~~~~
     TCB2
In file included from /home/ec2-user/arduino-testlib/cli-datadir/data/packages/arduino/tools/avr-gcc/7.3.0-atmel3.6.1-arduino5/avr/include/avr/io.h:99:0,
                 from /home/ec2-user/arduino-testlib/cli-datadir/data/packages/arduino/tools/avr-gcc/7.3.0-atmel3.6.1-arduino5/avr/include/avr/pgmspace.h:90,
                 from /home/ec2-user/arduino-testlib/cli-datadir/data/packages/arduino/hardware/megaavr/1.8.7/cores/arduino/api/String.h:31,
                 from /home/ec2-user/arduino-testlib/cli-datadir/data/packages/arduino/hardware/megaavr/1.8.7/cores/arduino/api/IPAddress.h:24,
                 from /home/ec2-user/arduino-testlib/cli-datadir/data/packages/arduino/hardware/megaavr/1.8.7/cores/arduino/api/ArduinoAPI.h:30,
                 from /home/ec2-user/arduino-testlib/cli-datadir/data/packages/arduino/hardware/megaavr/1.8.7/cores/arduino/Arduino.h:23,
                 from /home/ec2-user/arduino-testlib/cli-datadir/user/libraries/Gamer/Gamer.h:4,
                 from /home/ec2-user/arduino-testlib/cli-datadir/user/libraries/Gamer/Gamer.cpp:1:
/home/ec2-user/arduino-testlib/cli-datadir/user/libraries/Gamer/Gamer.cpp:83:20: error: &#39;COM2B1&#39; was not declared in this scope
     TCCR2A = ~(_BV(COM2B1)) | ~(_BV(WGM21)) | ~(_BV(WGM20));
                    ^
/home/ec2-user/arduino-testlib/cli-datadir/user/libraries/Gamer/Gamer.cpp:83:37: error: &#39;WGM21&#39; was not declared in this scope
     TCCR2A = ~(_BV(COM2B1)) | ~(_BV(WGM21)) | ~(_BV(WGM20));
                                     ^
/home/ec2-user/arduino-testlib/cli-datadir/user/libraries/Gamer/Gamer.cpp:83:53: error: &#39;WGM20&#39; was not declared in this scope
     TCCR2A = ~(_BV(COM2B1)) | ~(_BV(WGM21)) | ~(_BV(WGM20));
                                                     ^
/home/ec2-user/arduino-testlib/cli-datadir/user/libraries/Gamer/Gamer.cpp:84:5: error: &#39;TCCR2B&#39; was not declared in this scope
     TCCR2B = ~(_BV(WGM22)) | ~(_BV(CS22));
     ^~~~~~
/home/ec2-user/arduino-testlib/cli-datadir/user/libraries/Gamer/Gamer.cpp:84:5: note: suggested alternative: &#39;TCB2&#39;
     TCCR2B = ~(_BV(WGM22)) | ~(_BV(CS22));
     ^~~~~~
     TCB2
In file included from /home/ec2-user/arduino-testlib/cli-datadir/data/packages/arduino/tools/avr-gcc/7.3.0-atmel3.6.1-arduino5/avr/include/avr/io.h:99:0,
                 from /home/ec2-user/arduino-testlib/cli-datadir/data/packages/arduino/tools/avr-gcc/7.3.0-atmel3.6.1-arduino5/avr/include/avr/pgmspace.h:90,
                 from /home/ec2-user/arduino-testlib/cli-datadir/data/packages/arduino/hardware/megaavr/1.8.7/cores/arduino/api/String.h:31,
                 from /home/ec2-user/arduino-testlib/cli-datadir/data/packages/arduino/hardware/megaavr/1.8.7/cores/arduino/api/IPAddress.h:24,
                 from /home/ec2-user/arduino-testlib/cli-datadir/data/packages/arduino/hardware/megaavr/1.8.7/cores/arduino/api/ArduinoAPI.h:30,
                 from /home/ec2-user/arduino-testlib/cli-datadir/data/packages/arduino/hardware/megaavr/1.8.7/cores/arduino/Arduino.h:23,
                 from /home/ec2-user/arduino-testlib/cli-datadir/user/libraries/Gamer/Gamer.h:4,
                 from /home/ec2-user/arduino-testlib/cli-datadir/user/libraries/Gamer/Gamer.cpp:1:
/home/ec2-user/arduino-testlib/cli-datadir/user/libraries/Gamer/Gamer.cpp:84:20: error: &#39;WGM22&#39; was not declared in this scope
     TCCR2B = ~(_BV(WGM22)) | ~(_BV(CS22));
                    ^
/home/ec2-user/arduino-testlib/cli-datadir/user/libraries/Gamer/Gamer.cpp:84:36: error: &#39;CS22&#39; was not declared in this scope
     TCCR2B = ~(_BV(WGM22)) | ~(_BV(CS22));
                                    ^
/home/ec2-user/arduino-testlib/cli-datadir/user/libraries/Gamer/Gamer.cpp:84:36: note: suggested alternative: &#39;CLK2&#39;
/home/ec2-user/arduino-testlib/cli-datadir/user/libraries/Gamer/Gamer.cpp:86:20: error: &#39;OCIE2B&#39; was not declared in this scope
     TIMSK2 = ~(_BV(OCIE2B));
                    ^
/home/ec2-user/arduino-testlib/cli-datadir/user/libraries/Gamer/Gamer.cpp:88:5: error: &#39;OCR2A&#39; was not declared in this scope
     OCR2A = 0;
     ^~~~~
/home/ec2-user/arduino-testlib/cli-datadir/user/libraries/Gamer/Gamer.cpp:90:5: error: &#39;OCR2B&#39; was not declared in this scope
     OCR2B = 0;
     ^~~~~
/home/ec2-user/arduino-testlib/cli-datadir/user/libraries/Gamer/Gamer.cpp:93:5: error: &#39;TCNT2&#39; was not declared in this scope
     TCNT2  = 0;
     ^~~~~
/home/ec2-user/arduino-testlib/cli-datadir/user/libraries/Gamer/Gamer.cpp:93:5: note: suggested alternative: &#39;TCB2&#39;
     TCNT2  = 0;
     ^~~~~
     TCB2
/home/ec2-user/arduino-testlib/cli-datadir/user/libraries/Gamer/Gamer.cpp:96:21: error: &#39;CS21&#39; was not declared in this scope
     TCCR2B |= (1 &lt;&lt; CS21);
                     ^~~~
/home/ec2-user/arduino-testlib/cli-datadir/user/libraries/Gamer/Gamer.cpp:96:21: note: suggested alternative: &#39;CLK1&#39;
     TCCR2B |= (1 &lt;&lt; CS21);
                     ^~~~
                     CLK1
/home/ec2-user/arduino-testlib/cli-datadir/user/libraries/Gamer/Gamer.cpp:101:3: error: &#39;OCR2A&#39; was not declared in this scope
   OCR2A = note;
   ^~~~~
/home/ec2-user/arduino-testlib/cli-datadir/user/libraries/Gamer/Gamer.cpp: In member function &#39;void Gamer::stopTone()&#39;:
/home/ec2-user/arduino-testlib/cli-datadir/user/libraries/Gamer/Gamer.cpp:111:5: error: &#39;TIMSK2&#39; was not declared in this scope
     TIMSK2 &amp;= (1&lt;&lt;OCIE1A);
     ^~~~~~
/home/ec2-user/arduino-testlib/cli-datadir/user/libraries/Gamer/Gamer.cpp:111:5: note: suggested alternative: &#39;TIMERB2&#39;
     TIMSK2 &amp;= (1&lt;&lt;OCIE1A);
     ^~~~~~
     TIMERB2
/home/ec2-user/arduino-testlib/cli-datadir/user/libraries/Gamer/Gamer.cpp:111:19: error: &#39;OCIE1A&#39; was not declared in this scope
     TIMSK2 &amp;= (1&lt;&lt;OCIE1A);
                   ^~~~~~
/home/ec2-user/arduino-testlib/cli-datadir/user/libraries/Gamer/Gamer.cpp:115:5: error: &#39;OCR2A&#39; was not declared in this scope
     OCR2A = 180;
     ^~~~~
/home/ec2-user/arduino-testlib/cli-datadir/user/libraries/Gamer/Gamer.cpp:123:3: error: &#39;OCR1A&#39; was not declared in this scope
   OCR1A = 14;
   ^~~~~
/home/ec2-user/arduino-testlib/cli-datadir/user/libraries/Gamer/Gamer.cpp: In member function &#39;void Gamer::irBegin()&#39;:
/home/ec2-user/arduino-testlib/cli-datadir/user/libraries/Gamer/Gamer.cpp:140:3: error: &#39;TIMSK2&#39; was not declared in this scope
   TIMSK2 &amp;= ~(1&lt;&lt;OCIE2A);
   ^~~~~~
/home/ec2-user/arduino-testlib/cli-datadir/user/libraries/Gamer/Gamer.cpp:140:3: note: suggested alternative: &#39;TIMERB2&#39;
   TIMSK2 &amp;= ~(1&lt;&lt;OCIE2A);
   ^~~~~~
   TIMERB2
/home/ec2-user/arduino-testlib/cli-datadir/user/libraries/Gamer/Gamer.cpp:140:18: error: &#39;OCIE2A&#39; was not declared in this scope
   TIMSK2 &amp;= ~(1&lt;&lt;OCIE2A);
                  ^~~~~~
/home/ec2-user/arduino-testlib/cli-datadir/user/libraries/Gamer/Gamer.cpp:141:17: error: &#39;OCIE1B&#39; was</pre>
					
					<h4>examples/QuadGamer</h4>
					<p>
						Result: <b>FAIL</b>
					</p>
					<pre class="pre-scrollable">WARNING: library Gamer claims to run on avr architecture(s) and may be incompatible with your current board which runs on megaavr architecture(s).
In file included from /home/ec2-user/arduino-testlib/cli-datadir/data/packages/arduino/tools/avr-gcc/7.3.0-atmel3.6.1-arduino5/avr/include/avr/io.h:99:0,
                 from /home/ec2-user/arduino-testlib/cli-datadir/data/packages/arduino/tools/avr-gcc/7.3.0-atmel3.6.1-arduino5/avr/include/avr/pgmspace.h:90,
                 from /home/ec2-user/arduino-testlib/cli-datadir/data/packages/arduino/hardware/megaavr/1.8.7/cores/arduino/api/String.h:31,
                 from /home/ec2-user/arduino-testlib/cli-datadir/data/packages/arduino/hardware/megaavr/1.8.7/cores/arduino/api/IPAddress.h:24,
                 from /home/ec2-user/arduino-testlib/cli-datadir/data/packages/arduino/hardware/megaavr/1.8.7/cores/arduino/api/ArduinoAPI.h:30,
                 from /home/ec2-user/arduino-testlib/cli-datadir/data/packages/arduino/hardware/megaavr/1.8.7/cores/arduino/Arduino.h:23,
                 from /home/ec2-user/arduino-testlib/cli-datadir/user/libraries/Gamer/Gamer.h:4,
                 from /home/ec2-user/arduino-testlib/cli-datadir/user/libraries/Gamer/Gamer.cpp:1:
/home/ec2-user/arduino-testlib/cli-datadir/user/libraries/Gamer/Gamer.cpp: In function &#39;void TIMER2_COMPA_vect()&#39;:
/home/ec2-user/arduino-testlib/cli-datadir/user/libraries/Gamer/Gamer.cpp:31:22: error: &#39;PORTD2&#39; was not declared in this scope
         PORTD |= _BV(PORTD2);
                      ^
/home/ec2-user/arduino-testlib/cli-datadir/user/libraries/Gamer/Gamer.cpp:31:22: note: suggested alternative: &#39;PORTD&#39;
/home/ec2-user/arduino-testlib/cli-datadir/user/libraries/Gamer/Gamer.cpp:39:23: error: &#39;PORTD2&#39; was not declared in this scope
         PORTD &amp;= ~_BV(PORTD2);
                       ^
/home/ec2-user/arduino-testlib/cli-datadir/user/libraries/Gamer/Gamer.cpp:39:23: note: suggested alternative: &#39;PORTD&#39;
/home/ec2-user/arduino-testlib/cli-datadir/user/libraries/Gamer/Gamer.cpp:49:21: error: &#39;PORTD2&#39; was not declared in this scope
       PORTD &amp;= ~_BV(PORTD2);
                     ^
/home/ec2-user/arduino-testlib/cli-datadir/user/libraries/Gamer/Gamer.cpp:49:21: note: suggested alternative: &#39;PORTD&#39;
/home/ec2-user/arduino-testlib/cli-datadir/user/libraries/Gamer/Gamer.cpp: In member function &#39;void Gamer::playTone(int)&#39;:
/home/ec2-user/arduino-testlib/cli-datadir/user/libraries/Gamer/Gamer.cpp:75:3: error: &#39;TIMSK2&#39; was not declared in this scope
   TIMSK2 &amp;= (1&lt;&lt;OCIE2A);
   ^~~~~~
/home/ec2-user/arduino-testlib/cli-datadir/user/libraries/Gamer/Gamer.cpp:75:3: note: suggested alternative: &#39;TIMERB2&#39;
   TIMSK2 &amp;= (1&lt;&lt;OCIE2A);
   ^~~~~~
   TIMERB2
/home/ec2-user/arduino-testlib/cli-datadir/user/libraries/Gamer/Gamer.cpp:75:17: error: &#39;OCIE2A&#39; was not declared in this scope
   TIMSK2 &amp;= (1&lt;&lt;OCIE2A);
                 ^~~~~~
/home/ec2-user/arduino-testlib/cli-datadir/user/libraries/Gamer/Gamer.cpp:83:5: error: &#39;TCCR2A&#39; was not declared in this scope
     TCCR2A = ~(_BV(COM2B1)) | ~(_BV(WGM21)) | ~(_BV(WGM20));
     ^~~~~~
/home/ec2-user/arduino-testlib/cli-datadir/user/libraries/Gamer/Gamer.cpp:83:5: note: suggested alternative: &#39;TCB2&#39;
     TCCR2A = ~(_BV(COM2B1)) | ~(_BV(WGM21)) | ~(_BV(WGM20));
     ^~~~~~
     TCB2
In file included from /home/ec2-user/arduino-testlib/cli-datadir/data/packages/arduino/tools/avr-gcc/7.3.0-atmel3.6.1-arduino5/avr/include/avr/io.h:99:0,
                 from /home/ec2-user/arduino-testlib/cli-datadir/data/packages/arduino/tools/avr-gcc/7.3.0-atmel3.6.1-arduino5/avr/include/avr/pgmspace.h:90,
                 from /home/ec2-user/arduino-testlib/cli-datadir/data/packages/arduino/hardware/megaavr/1.8.7/cores/arduino/api/String.h:31,
                 from /home/ec2-user/arduino-testlib/cli-datadir/data/packages/arduino/hardware/megaavr/1.8.7/cores/arduino/api/IPAddress.h:24,
                 from /home/ec2-user/arduino-testlib/cli-datadir/data/packages/arduino/hardware/megaavr/1.8.7/cores/arduino/api/ArduinoAPI.h:30,
                 from /home/ec2-user/arduino-testlib/cli-datadir/data/packages/arduino/hardware/megaavr/1.8.7/cores/arduino/Arduino.h:23,
                 from /home/ec2-user/arduino-testlib/cli-datadir/user/libraries/Gamer/Gamer.h:4,
                 from /home/ec2-user/arduino-testlib/cli-datadir/user/libraries/Gamer/Gamer.cpp:1:
/home/ec2-user/arduino-testlib/cli-datadir/user/libraries/Gamer/Gamer.cpp:83:20: error: &#39;COM2B1&#39; was not declared in this scope
     TCCR2A = ~(_BV(COM2B1)) | ~(_BV(WGM21)) | ~(_BV(WGM20));
                    ^
/home/ec2-user/arduino-testlib/cli-datadir/user/libraries/Gamer/Gamer.cpp:83:37: error: &#39;WGM21&#39; was not declared in this scope
     TCCR2A = ~(_BV(COM2B1)) | ~(_BV(WGM21)) | ~(_BV(WGM20));
                                     ^
/home/ec2-user/arduino-testlib/cli-datadir/user/libraries/Gamer/Gamer.cpp:83:53: error: &#39;WGM20&#39; was not declared in this scope
     TCCR2A = ~(_BV(COM2B1)) | ~(_BV(WGM21)) | ~(_BV(WGM20));
                                                     ^
/home/ec2-user/arduino-testlib/cli-datadir/user/libraries/Gamer/Gamer.cpp:84:5: error: &#39;TCCR2B&#39; was not declared in this scope
     TCCR2B = ~(_BV(WGM22)) | ~(_BV(CS22));
     ^~~~~~
/home/ec2-user/arduino-testlib/cli-datadir/user/libraries/Gamer/Gamer.cpp:84:5: note: suggested alternative: &#39;TCB2&#39;
     TCCR2B = ~(_BV(WGM22)) | ~(_BV(CS22));
     ^~~~~~
     TCB2
In file included from /home/ec2-user/arduino-testlib/cli-datadir/data/packages/arduino/tools/avr-gcc/7.3.0-atmel3.6.1-arduino5/avr/include/avr/io.h:99:0,
                 from /home/ec2-user/arduino-testlib/cli-datadir/data/packages/arduino/tools/avr-gcc/7.3.0-atmel3.6.1-arduino5/avr/include/avr/pgmspace.h:90,
                 from /home/ec2-user/arduino-testlib/cli-datadir/data/packages/arduino/hardware/megaavr/1.8.7/cores/arduino/api/String.h:31,
                 from /home/ec2-user/arduino-testlib/cli-datadir/data/packages/arduino/hardware/megaavr/1.8.7/cores/arduino/api/IPAddress.h:24,
                 from /home/ec2-user/arduino-testlib/cli-datadir/data/packages/arduino/hardware/megaavr/1.8.7/cores/arduino/api/ArduinoAPI.h:30,
                 from /home/ec2-user/arduino-testlib/cli-datadir/data/packages/arduino/hardware/megaavr/1.8.7/cores/arduino/Arduino.h:23,
                 from /home/ec2-user/arduino-testlib/cli-datadir/user/libraries/Gamer/Gamer.h:4,
                 from /home/ec2-user/arduino-testlib/cli-datadir/user/libraries/Gamer/Gamer.cpp:1:
/home/ec2-user/arduino-testlib/cli-datadir/user/libraries/Gamer/Gamer.cpp:84:20: error: &#39;WGM22&#39; was not declared in this scope
     TCCR2B = ~(_BV(WGM22)) | ~(_BV(CS22));
                    ^
/home/ec2-user/arduino-testlib/cli-datadir/user/libraries/Gamer/Gamer.cpp:84:36: error: &#39;CS22&#39; was not declared in this scope
     TCCR2B = ~(_BV(WGM22)) | ~(_BV(CS22));
                                    ^
/home/ec2-user/arduino-testlib/cli-datadir/user/libraries/Gamer/Gamer.cpp:84:36: note: suggested alternative: &#39;CLK2&#39;
/home/ec2-user/arduino-testlib/cli-datadir/user/libraries/Gamer/Gamer.cpp:86:20: error: &#39;OCIE2B&#39; was not declared in this scope
     TIMSK2 = ~(_BV(OCIE2B));
                    ^
/home/ec2-user/arduino-testlib/cli-datadir/user/libraries/Gamer/Gamer.cpp:88:5: error: &#39;OCR2A&#39; was not declared in this scope
     OCR2A = 0;
     ^~~~~
/home/ec2-user/arduino-testlib/cli-datadir/user/libraries/Gamer/Gamer.cpp:90:5: error: &#39;OCR2B&#39; was not declared in this scope
     OCR2B = 0;
     ^~~~~
/home/ec2-user/arduino-testlib/cli-datadir/user/libraries/Gamer/Gamer.cpp:93:5: error: &#39;TCNT2&#39; was not declared in this scope
     TCNT2  = 0;
     ^~~~~
/home/ec2-user/arduino-testlib/cli-datadir/user/libraries/Gamer/Gamer.cpp:93:5: note: suggested alternative: &#39;TCB2&#39;
     TCNT2  = 0;
     ^~~~~
     TCB2
/home/ec2-user/arduino-testlib/cli-datadir/user/libraries/Gamer/Gamer.cpp:96:21: error: &#39;CS21&#39; was not declared in this scope
     TCCR2B |= (1 &lt;&lt; CS21);
                     ^~~~
/home/ec2-user/arduino-testlib/cli-datadir/user/libraries/Gamer/Gamer.cpp:96:21: note: suggested alternative: &#39;CLK1&#39;
     TCCR2B |= (1 &lt;&lt; CS21);
                     ^~~~
                     CLK1
/home/ec2-user/arduino-testlib/cli-datadir/user/libraries/Gamer/Gamer.cpp:101:3: error: &#39;OCR2A&#39; was not declared in this scope
   OCR2A = note;
   ^~~~~
/home/ec2-user/arduino-testlib/cli-datadir/user/libraries/Gamer/Gamer.cpp: In member function &#39;void Gamer::stopTone()&#39;:
/home/ec2-user/arduino-testlib/cli-datadir/user/libraries/Gamer/Gamer.cpp:111:5: error: &#39;TIMSK2&#39; was not declared in this scope
     TIMSK2 &amp;= (1&lt;&lt;OCIE1A);
     ^~~~~~
/home/ec2-user/arduino-testlib/cli-datadir/user/libraries/Gamer/Gamer.cpp:111:5: note: suggested alternative: &#39;TIMERB2&#39;
     TIMSK2 &amp;= (1&lt;&lt;OCIE1A);
     ^~~~~~
     TIMERB2
/home/ec2-user/arduino-testlib/cli-datadir/user/libraries/Gamer/Gamer.cpp:111:19: error: &#39;OCIE1A&#39; was not declared in this scope
     TIMSK2 &amp;= (1&lt;&lt;OCIE1A);
                   ^~~~~~
/home/ec2-user/arduino-testlib/cli-datadir/user/libraries/Gamer/Gamer.cpp:115:5: error: &#39;OCR2A&#39; was not declared in this scope
     OCR2A = 180;
     ^~~~~
/home/ec2-user/arduino-testlib/cli-datadir/user/libraries/Gamer/Gamer.cpp:123:3: error: &#39;OCR1A&#39; was not declared in this scope
   OCR1A = 14;
   ^~~~~
/home/ec2-user/arduino-testlib/cli-datadir/user/libraries/Gamer/Gamer.cpp: In member function &#39;void Gamer::irBegin()&#39;:
/home/ec2-user/arduino-testlib/cli-datadir/user/libraries/Gamer/Gamer.cpp:140:3: error: &#39;TIMSK2&#39; was not declared in this scope
   TIMSK2 &amp;= ~(1&lt;&lt;OCIE2A);
   ^~~~~~
/home/ec2-user/arduino-testlib/cli-datadir/user/libraries/Gamer/Gamer.cpp:140:3: note: suggested alternative: &#39;TIMERB2&#39;
   TIMSK2 &amp;= ~(1&lt;&lt;OCIE2A);
   ^~~~~~
   TIMERB2
/home/ec2-user/arduino-testlib/cli-datadir/user/libraries/Gamer/Gamer.cpp:140:18: error: &#39;OCIE2A&#39; was not declared in this scope
   TIMSK2 &amp;= ~(1&lt;&lt;OCIE2A);
                  ^~~~~~
/home/ec2-user/arduino-testlib/cli-datadir/user/libraries/Gamer/Gamer.cpp:141:17: error: &#39;OCIE1B&#39; was</pre>
					
					<h4>examples/ScrollTextExample</h4>
					<p>
						Result: <b>FAIL</b>
					</p>
					<pre class="pre-scrollable">WARNING: library Gamer claims to run on avr architecture(s) and may be incompatible with your current board which runs on megaavr architecture(s).
In file included from /home/ec2-user/arduino-testlib/cli-datadir/data/packages/arduino/tools/avr-gcc/7.3.0-atmel3.6.1-arduino5/avr/include/avr/io.h:99:0,
                 from /home/ec2-user/arduino-testlib/cli-datadir/data/packages/arduino/tools/avr-gcc/7.3.0-atmel3.6.1-arduino5/avr/include/avr/pgmspace.h:90,
                 from /home/ec2-user/arduino-testlib/cli-datadir/data/packages/arduino/hardware/megaavr/1.8.7/cores/arduino/api/String.h:31,
                 from /home/ec2-user/arduino-testlib/cli-datadir/data/packages/arduino/hardware/megaavr/1.8.7/cores/arduino/api/IPAddress.h:24,
                 from /home/ec2-user/arduino-testlib/cli-datadir/data/packages/arduino/hardware/megaavr/1.8.7/cores/arduino/api/ArduinoAPI.h:30,
                 from /home/ec2-user/arduino-testlib/cli-datadir/data/packages/arduino/hardware/megaavr/1.8.7/cores/arduino/Arduino.h:23,
                 from /home/ec2-user/arduino-testlib/cli-datadir/user/libraries/Gamer/Gamer.h:4,
                 from /home/ec2-user/arduino-testlib/cli-datadir/user/libraries/Gamer/Gamer.cpp:1:
/home/ec2-user/arduino-testlib/cli-datadir/user/libraries/Gamer/Gamer.cpp: In function &#39;void TIMER2_COMPA_vect()&#39;:
/home/ec2-user/arduino-testlib/cli-datadir/user/libraries/Gamer/Gamer.cpp:31:22: error: &#39;PORTD2&#39; was not declared in this scope
         PORTD |= _BV(PORTD2);
                      ^
/home/ec2-user/arduino-testlib/cli-datadir/user/libraries/Gamer/Gamer.cpp:31:22: note: suggested alternative: &#39;PORTD&#39;
/home/ec2-user/arduino-testlib/cli-datadir/user/libraries/Gamer/Gamer.cpp:39:23: error: &#39;PORTD2&#39; was not declared in this scope
         PORTD &amp;= ~_BV(PORTD2);
                       ^
/home/ec2-user/arduino-testlib/cli-datadir/user/libraries/Gamer/Gamer.cpp:39:23: note: suggested alternative: &#39;PORTD&#39;
/home/ec2-user/arduino-testlib/cli-datadir/user/libraries/Gamer/Gamer.cpp:49:21: error: &#39;PORTD2&#39; was not declared in this scope
       PORTD &amp;= ~_BV(PORTD2);
                     ^
/home/ec2-user/arduino-testlib/cli-datadir/user/libraries/Gamer/Gamer.cpp:49:21: note: suggested alternative: &#39;PORTD&#39;
/home/ec2-user/arduino-testlib/cli-datadir/user/libraries/Gamer/Gamer.cpp: In member function &#39;void Gamer::playTone(int)&#39;:
/home/ec2-user/arduino-testlib/cli-datadir/user/libraries/Gamer/Gamer.cpp:75:3: error: &#39;TIMSK2&#39; was not declared in this scope
   TIMSK2 &amp;= (1&lt;&lt;OCIE2A);
   ^~~~~~
/home/ec2-user/arduino-testlib/cli-datadir/user/libraries/Gamer/Gamer.cpp:75:3: note: suggested alternative: &#39;TIMERB2&#39;
   TIMSK2 &amp;= (1&lt;&lt;OCIE2A);
   ^~~~~~
   TIMERB2
/home/ec2-user/arduino-testlib/cli-datadir/user/libraries/Gamer/Gamer.cpp:75:17: error: &#39;OCIE2A&#39; was not declared in this scope
   TIMSK2 &amp;= (1&lt;&lt;OCIE2A);
                 ^~~~~~
/home/ec2-user/arduino-testlib/cli-datadir/user/libraries/Gamer/Gamer.cpp:83:5: error: &#39;TCCR2A&#39; was not declared in this scope
     TCCR2A = ~(_BV(COM2B1)) | ~(_BV(WGM21)) | ~(_BV(WGM20));
     ^~~~~~
/home/ec2-user/arduino-testlib/cli-datadir/user/libraries/Gamer/Gamer.cpp:83:5: note: suggested alternative: &#39;TCB2&#39;
     TCCR2A = ~(_BV(COM2B1)) | ~(_BV(WGM21)) | ~(_BV(WGM20));
     ^~~~~~
     TCB2
In file included from /home/ec2-user/arduino-testlib/cli-datadir/data/packages/arduino/tools/avr-gcc/7.3.0-atmel3.6.1-arduino5/avr/include/avr/io.h:99:0,
                 from /home/ec2-user/arduino-testlib/cli-datadir/data/packages/arduino/tools/avr-gcc/7.3.0-atmel3.6.1-arduino5/avr/include/avr/pgmspace.h:90,
                 from /home/ec2-user/arduino-testlib/cli-datadir/data/packages/arduino/hardware/megaavr/1.8.7/cores/arduino/api/String.h:31,
                 from /home/ec2-user/arduino-testlib/cli-datadir/data/packages/arduino/hardware/megaavr/1.8.7/cores/arduino/api/IPAddress.h:24,
                 from /home/ec2-user/arduino-testlib/cli-datadir/data/packages/arduino/hardware/megaavr/1.8.7/cores/arduino/api/ArduinoAPI.h:30,
                 from /home/ec2-user/arduino-testlib/cli-datadir/data/packages/arduino/hardware/megaavr/1.8.7/cores/arduino/Arduino.h:23,
                 from /home/ec2-user/arduino-testlib/cli-datadir/user/libraries/Gamer/Gamer.h:4,
                 from /home/ec2-user/arduino-testlib/cli-datadir/user/libraries/Gamer/Gamer.cpp:1:
/home/ec2-user/arduino-testlib/cli-datadir/user/libraries/Gamer/Gamer.cpp:83:20: error: &#39;COM2B1&#39; was not declared in this scope
     TCCR2A = ~(_BV(COM2B1)) | ~(_BV(WGM21)) | ~(_BV(WGM20));
                    ^
/home/ec2-user/arduino-testlib/cli-datadir/user/libraries/Gamer/Gamer.cpp:83:37: error: &#39;WGM21&#39; was not declared in this scope
     TCCR2A = ~(_BV(COM2B1)) | ~(_BV(WGM21)) | ~(_BV(WGM20));
                                     ^
/home/ec2-user/arduino-testlib/cli-datadir/user/libraries/Gamer/Gamer.cpp:83:53: error: &#39;WGM20&#39; was not declared in this scope
     TCCR2A = ~(_BV(COM2B1)) | ~(_BV(WGM21)) | ~(_BV(WGM20));
                                                     ^
/home/ec2-user/arduino-testlib/cli-datadir/user/libraries/Gamer/Gamer.cpp:84:5: error: &#39;TCCR2B&#39; was not declared in this scope
     TCCR2B = ~(_BV(WGM22)) | ~(_BV(CS22));
     ^~~~~~
/home/ec2-user/arduino-testlib/cli-datadir/user/libraries/Gamer/Gamer.cpp:84:5: note: suggested alternative: &#39;TCB2&#39;
     TCCR2B = ~(_BV(WGM22)) | ~(_BV(CS22));
     ^~~~~~
     TCB2
In file included from /home/ec2-user/arduino-testlib/cli-datadir/data/packages/arduino/tools/avr-gcc/7.3.0-atmel3.6.1-arduino5/avr/include/avr/io.h:99:0,
                 from /home/ec2-user/arduino-testlib/cli-datadir/data/packages/arduino/tools/avr-gcc/7.3.0-atmel3.6.1-arduino5/avr/include/avr/pgmspace.h:90,
                 from /home/ec2-user/arduino-testlib/cli-datadir/data/packages/arduino/hardware/megaavr/1.8.7/cores/arduino/api/String.h:31,
                 from /home/ec2-user/arduino-testlib/cli-datadir/data/packages/arduino/hardware/megaavr/1.8.7/cores/arduino/api/IPAddress.h:24,
                 from /home/ec2-user/arduino-testlib/cli-datadir/data/packages/arduino/hardware/megaavr/1.8.7/cores/arduino/api/ArduinoAPI.h:30,
                 from /home/ec2-user/arduino-testlib/cli-datadir/data/packages/arduino/hardware/megaavr/1.8.7/cores/arduino/Arduino.h:23,
                 from /home/ec2-user/arduino-testlib/cli-datadir/user/libraries/Gamer/Gamer.h:4,
                 from /home/ec2-user/arduino-testlib/cli-datadir/user/libraries/Gamer/Gamer.cpp:1:
/home/ec2-user/arduino-testlib/cli-datadir/user/libraries/Gamer/Gamer.cpp:84:20: error: &#39;WGM22&#39; was not declared in this scope
     TCCR2B = ~(_BV(WGM22)) | ~(_BV(CS22));
                    ^
/home/ec2-user/arduino-testlib/cli-datadir/user/libraries/Gamer/Gamer.cpp:84:36: error: &#39;CS22&#39; was not declared in this scope
     TCCR2B = ~(_BV(WGM22)) | ~(_BV(CS22));
                                    ^
/home/ec2-user/arduino-testlib/cli-datadir/user/libraries/Gamer/Gamer.cpp:84:36: note: suggested alternative: &#39;CLK2&#39;
/home/ec2-user/arduino-testlib/cli-datadir/user/libraries/Gamer/Gamer.cpp:86:20: error: &#39;OCIE2B&#39; was not declared in this scope
     TIMSK2 = ~(_BV(OCIE2B));
                    ^
/home/ec2-user/arduino-testlib/cli-datadir/user/libraries/Gamer/Gamer.cpp:88:5: error: &#39;OCR2A&#39; was not declared in this scope
     OCR2A = 0;
     ^~~~~
/home/ec2-user/arduino-testlib/cli-datadir/user/libraries/Gamer/Gamer.cpp:90:5: error: &#39;OCR2B&#39; was not declared in this scope
     OCR2B = 0;
     ^~~~~
/home/ec2-user/arduino-testlib/cli-datadir/user/libraries/Gamer/Gamer.cpp:93:5: error: &#39;TCNT2&#39; was not declared in this scope
     TCNT2  = 0;
     ^~~~~
/home/ec2-user/arduino-testlib/cli-datadir/user/libraries/Gamer/Gamer.cpp:93:5: note: suggested alternative: &#39;TCB2&#39;
     TCNT2  = 0;
     ^~~~~
     TCB2
/home/ec2-user/arduino-testlib/cli-datadir/user/libraries/Gamer/Gamer.cpp:96:21: error: &#39;CS21&#39; was not declared in this scope
     TCCR2B |= (1 &lt;&lt; CS21);
                     ^~~~
/home/ec2-user/arduino-testlib/cli-datadir/user/libraries/Gamer/Gamer.cpp:96:21: note: suggested alternative: &#39;CLK1&#39;
     TCCR2B |= (1 &lt;&lt; CS21);
                     ^~~~
                     CLK1
/home/ec2-user/arduino-testlib/cli-datadir/user/libraries/Gamer/Gamer.cpp:101:3: error: &#39;OCR2A&#39; was not declared in this scope
   OCR2A = note;
   ^~~~~
/home/ec2-user/arduino-testlib/cli-datadir/user/libraries/Gamer/Gamer.cpp: In member function &#39;void Gamer::stopTone()&#39;:
/home/ec2-user/arduino-testlib/cli-datadir/user/libraries/Gamer/Gamer.cpp:111:5: error: &#39;TIMSK2&#39; was not declared in this scope
     TIMSK2 &amp;= (1&lt;&lt;OCIE1A);
     ^~~~~~
/home/ec2-user/arduino-testlib/cli-datadir/user/libraries/Gamer/Gamer.cpp:111:5: note: suggested alternative: &#39;TIMERB2&#39;
     TIMSK2 &amp;= (1&lt;&lt;OCIE1A);
     ^~~~~~
     TIMERB2
/home/ec2-user/arduino-testlib/cli-datadir/user/libraries/Gamer/Gamer.cpp:111:19: error: &#39;OCIE1A&#39; was not declared in this scope
     TIMSK2 &amp;= (1&lt;&lt;OCIE1A);
                   ^~~~~~
/home/ec2-user/arduino-testlib/cli-datadir/user/libraries/Gamer/Gamer.cpp:115:5: error: &#39;OCR2A&#39; was not declared in this scope
     OCR2A = 180;
     ^~~~~
/home/ec2-user/arduino-testlib/cli-datadir/user/libraries/Gamer/Gamer.cpp:123:3: error: &#39;OCR1A&#39; was not declared in this scope
   OCR1A = 14;
   ^~~~~
/home/ec2-user/arduino-testlib/cli-datadir/user/libraries/Gamer/Gamer.cpp: In member function &#39;void Gamer::irBegin()&#39;:
/home/ec2-user/arduino-testlib/cli-datadir/user/libraries/Gamer/Gamer.cpp:140:3: error: &#39;TIMSK2&#39; was not declared in this scope
   TIMSK2 &amp;= ~(1&lt;&lt;OCIE2A);
   ^~~~~~
/home/ec2-user/arduino-testlib/cli-datadir/user/libraries/Gamer/Gamer.cpp:140:3: note: suggested alternative: &#39;TIMERB2&#39;
   TIMSK2 &amp;= ~(1&lt;&lt;OCIE2A);
   ^~~~~~
   TIMERB2
/home/ec2-user/arduino-testlib/cli-datadir/user/libraries/Gamer/Gamer.cpp:140:18: error: &#39;OCIE2A&#39; was not declared in this scope
   TIMSK2 &amp;= ~(1&lt;&lt;OCIE2A);
                  ^~~~~~
/home/ec2-user/arduino-testlib/cli-datadir/user/libraries/Gamer/Gamer.cpp:141:17: error: &#39;OCIE1B&#39; was</pre>
					
					<h4>examples/SnakeGame</h4>
					<p>
						Result: <b>FAIL</b>
					</p>
					<pre class="pre-scrollable">WARNING: library Gamer claims to run on avr architecture(s) and may be incompatible with your current board which runs on megaavr architecture(s).
In file included from /home/ec2-user/arduino-testlib/cli-datadir/data/packages/arduino/tools/avr-gcc/7.3.0-atmel3.6.1-arduino5/avr/include/avr/io.h:99:0,
                 from /home/ec2-user/arduino-testlib/cli-datadir/data/packages/arduino/tools/avr-gcc/7.3.0-atmel3.6.1-arduino5/avr/include/avr/pgmspace.h:90,
                 from /home/ec2-user/arduino-testlib/cli-datadir/data/packages/arduino/hardware/megaavr/1.8.7/cores/arduino/api/String.h:31,
                 from /home/ec2-user/arduino-testlib/cli-datadir/data/packages/arduino/hardware/megaavr/1.8.7/cores/arduino/api/IPAddress.h:24,
                 from /home/ec2-user/arduino-testlib/cli-datadir/data/packages/arduino/hardware/megaavr/1.8.7/cores/arduino/api/ArduinoAPI.h:30,
                 from /home/ec2-user/arduino-testlib/cli-datadir/data/packages/arduino/hardware/megaavr/1.8.7/cores/arduino/Arduino.h:23,
                 from /home/ec2-user/arduino-testlib/cli-datadir/user/libraries/Gamer/Gamer.h:4,
                 from /home/ec2-user/arduino-testlib/cli-datadir/user/libraries/Gamer/Gamer.cpp:1:
/home/ec2-user/arduino-testlib/cli-datadir/user/libraries/Gamer/Gamer.cpp: In function &#39;void TIMER2_COMPA_vect()&#39;:
/home/ec2-user/arduino-testlib/cli-datadir/user/libraries/Gamer/Gamer.cpp:31:22: error: &#39;PORTD2&#39; was not declared in this scope
         PORTD |= _BV(PORTD2);
                      ^
/home/ec2-user/arduino-testlib/cli-datadir/user/libraries/Gamer/Gamer.cpp:31:22: note: suggested alternative: &#39;PORTD&#39;
/home/ec2-user/arduino-testlib/cli-datadir/user/libraries/Gamer/Gamer.cpp:39:23: error: &#39;PORTD2&#39; was not declared in this scope
         PORTD &amp;= ~_BV(PORTD2);
                       ^
/home/ec2-user/arduino-testlib/cli-datadir/user/libraries/Gamer/Gamer.cpp:39:23: note: suggested alternative: &#39;PORTD&#39;
/home/ec2-user/arduino-testlib/cli-datadir/user/libraries/Gamer/Gamer.cpp:49:21: error: &#39;PORTD2&#39; was not declared in this scope
       PORTD &amp;= ~_BV(PORTD2);
                     ^
/home/ec2-user/arduino-testlib/cli-datadir/user/libraries/Gamer/Gamer.cpp:49:21: note: suggested alternative: &#39;PORTD&#39;
/home/ec2-user/arduino-testlib/cli-datadir/user/libraries/Gamer/Gamer.cpp: In member function &#39;void Gamer::playTone(int)&#39;:
/home/ec2-user/arduino-testlib/cli-datadir/user/libraries/Gamer/Gamer.cpp:75:3: error: &#39;TIMSK2&#39; was not declared in this scope
   TIMSK2 &amp;= (1&lt;&lt;OCIE2A);
   ^~~~~~
/home/ec2-user/arduino-testlib/cli-datadir/user/libraries/Gamer/Gamer.cpp:75:3: note: suggested alternative: &#39;TIMERB2&#39;
   TIMSK2 &amp;= (1&lt;&lt;OCIE2A);
   ^~~~~~
   TIMERB2
/home/ec2-user/arduino-testlib/cli-datadir/user/libraries/Gamer/Gamer.cpp:75:17: error: &#39;OCIE2A&#39; was not declared in this scope
   TIMSK2 &amp;= (1&lt;&lt;OCIE2A);
                 ^~~~~~
/home/ec2-user/arduino-testlib/cli-datadir/user/libraries/Gamer/Gamer.cpp:83:5: error: &#39;TCCR2A&#39; was not declared in this scope
     TCCR2A = ~(_BV(COM2B1)) | ~(_BV(WGM21)) | ~(_BV(WGM20));
     ^~~~~~
/home/ec2-user/arduino-testlib/cli-datadir/user/libraries/Gamer/Gamer.cpp:83:5: note: suggested alternative: &#39;TCB2&#39;
     TCCR2A = ~(_BV(COM2B1)) | ~(_BV(WGM21)) | ~(_BV(WGM20));
     ^~~~~~
     TCB2
In file included from /home/ec2-user/arduino-testlib/cli-datadir/data/packages/arduino/tools/avr-gcc/7.3.0-atmel3.6.1-arduino5/avr/include/avr/io.h:99:0,
                 from /home/ec2-user/arduino-testlib/cli-datadir/data/packages/arduino/tools/avr-gcc/7.3.0-atmel3.6.1-arduino5/avr/include/avr/pgmspace.h:90,
                 from /home/ec2-user/arduino-testlib/cli-datadir/data/packages/arduino/hardware/megaavr/1.8.7/cores/arduino/api/String.h:31,
                 from /home/ec2-user/arduino-testlib/cli-datadir/data/packages/arduino/hardware/megaavr/1.8.7/cores/arduino/api/IPAddress.h:24,
                 from /home/ec2-user/arduino-testlib/cli-datadir/data/packages/arduino/hardware/megaavr/1.8.7/cores/arduino/api/ArduinoAPI.h:30,
                 from /home/ec2-user/arduino-testlib/cli-datadir/data/packages/arduino/hardware/megaavr/1.8.7/cores/arduino/Arduino.h:23,
                 from /home/ec2-user/arduino-testlib/cli-datadir/user/libraries/Gamer/Gamer.h:4,
                 from /home/ec2-user/arduino-testlib/cli-datadir/user/libraries/Gamer/Gamer.cpp:1:
/home/ec2-user/arduino-testlib/cli-datadir/user/libraries/Gamer/Gamer.cpp:83:20: error: &#39;COM2B1&#39; was not declared in this scope
     TCCR2A = ~(_BV(COM2B1)) | ~(_BV(WGM21)) | ~(_BV(WGM20));
                    ^
/home/ec2-user/arduino-testlib/cli-datadir/user/libraries/Gamer/Gamer.cpp:83:37: error: &#39;WGM21&#39; was not declared in this scope
     TCCR2A = ~(_BV(COM2B1)) | ~(_BV(WGM21)) | ~(_BV(WGM20));
                                     ^
/home/ec2-user/arduino-testlib/cli-datadir/user/libraries/Gamer/Gamer.cpp:83:53: error: &#39;WGM20&#39; was not declared in this scope
     TCCR2A = ~(_BV(COM2B1)) | ~(_BV(WGM21)) | ~(_BV(WGM20));
                                                     ^
/home/ec2-user/arduino-testlib/cli-datadir/user/libraries/Gamer/Gamer.cpp:84:5: error: &#39;TCCR2B&#39; was not declared in this scope
     TCCR2B = ~(_BV(WGM22)) | ~(_BV(CS22));
     ^~~~~~
/home/ec2-user/arduino-testlib/cli-datadir/user/libraries/Gamer/Gamer.cpp:84:5: note: suggested alternative: &#39;TCB2&#39;
     TCCR2B = ~(_BV(WGM22)) | ~(_BV(CS22));
     ^~~~~~
     TCB2
In file included from /home/ec2-user/arduino-testlib/cli-datadir/data/packages/arduino/tools/avr-gcc/7.3.0-atmel3.6.1-arduino5/avr/include/avr/io.h:99:0,
                 from /home/ec2-user/arduino-testlib/cli-datadir/data/packages/arduino/tools/avr-gcc/7.3.0-atmel3.6.1-arduino5/avr/include/avr/pgmspace.h:90,
                 from /home/ec2-user/arduino-testlib/cli-datadir/data/packages/arduino/hardware/megaavr/1.8.7/cores/arduino/api/String.h:31,
                 from /home/ec2-user/arduino-testlib/cli-datadir/data/packages/arduino/hardware/megaavr/1.8.7/cores/arduino/api/IPAddress.h:24,
                 from /home/ec2-user/arduino-testlib/cli-datadir/data/packages/arduino/hardware/megaavr/1.8.7/cores/arduino/api/ArduinoAPI.h:30,
                 from /home/ec2-user/arduino-testlib/cli-datadir/data/packages/arduino/hardware/megaavr/1.8.7/cores/arduino/Arduino.h:23,
                 from /home/ec2-user/arduino-testlib/cli-datadir/user/libraries/Gamer/Gamer.h:4,
                 from /home/ec2-user/arduino-testlib/cli-datadir/user/libraries/Gamer/Gamer.cpp:1:
/home/ec2-user/arduino-testlib/cli-datadir/user/libraries/Gamer/Gamer.cpp:84:20: error: &#39;WGM22&#39; was not declared in this scope
     TCCR2B = ~(_BV(WGM22)) | ~(_BV(CS22));
                    ^
/home/ec2-user/arduino-testlib/cli-datadir/user/libraries/Gamer/Gamer.cpp:84:36: error: &#39;CS22&#39; was not declared in this scope
     TCCR2B = ~(_BV(WGM22)) | ~(_BV(CS22));
                                    ^
/home/ec2-user/arduino-testlib/cli-datadir/user/libraries/Gamer/Gamer.cpp:84:36: note: suggested alternative: &#39;CLK2&#39;
/home/ec2-user/arduino-testlib/cli-datadir/user/libraries/Gamer/Gamer.cpp:86:20: error: &#39;OCIE2B&#39; was not declared in this scope
     TIMSK2 = ~(_BV(OCIE2B));
                    ^
/home/ec2-user/arduino-testlib/cli-datadir/user/libraries/Gamer/Gamer.cpp:88:5: error: &#39;OCR2A&#39; was not declared in this scope
     OCR2A = 0;
     ^~~~~
/home/ec2-user/arduino-testlib/cli-datadir/user/libraries/Gamer/Gamer.cpp:90:5: error: &#39;OCR2B&#39; was not declared in this scope
     OCR2B = 0;
     ^~~~~
/home/ec2-user/arduino-testlib/cli-datadir/user/libraries/Gamer/Gamer.cpp:93:5: error: &#39;TCNT2&#39; was not declared in this scope
     TCNT2  = 0;
     ^~~~~
/home/ec2-user/arduino-testlib/cli-datadir/user/libraries/Gamer/Gamer.cpp:93:5: note: suggested alternative: &#39;TCB2&#39;
     TCNT2  = 0;
     ^~~~~
     TCB2
/home/ec2-user/arduino-testlib/cli-datadir/user/libraries/Gamer/Gamer.cpp:96:21: error: &#39;CS21&#39; was not declared in this scope
     TCCR2B |= (1 &lt;&lt; CS21);
                     ^~~~
/home/ec2-user/arduino-testlib/cli-datadir/user/libraries/Gamer/Gamer.cpp:96:21: note: suggested alternative: &#39;CLK1&#39;
     TCCR2B |= (1 &lt;&lt; CS21);
                     ^~~~
                     CLK1
/home/ec2-user/arduino-testlib/cli-datadir/user/libraries/Gamer/Gamer.cpp:101:3: error: &#39;OCR2A&#39; was not declared in this scope
   OCR2A = note;
   ^~~~~
/home/ec2-user/arduino-testlib/cli-datadir/user/libraries/Gamer/Gamer.cpp: In member function &#39;void Gamer::stopTone()&#39;:
/home/ec2-user/arduino-testlib/cli-datadir/user/libraries/Gamer/Gamer.cpp:111:5: error: &#39;TIMSK2&#39; was not declared in this scope
     TIMSK2 &amp;= (1&lt;&lt;OCIE1A);
     ^~~~~~
/home/ec2-user/arduino-testlib/cli-datadir/user/libraries/Gamer/Gamer.cpp:111:5: note: suggested alternative: &#39;TIMERB2&#39;
     TIMSK2 &amp;= (1&lt;&lt;OCIE1A);
     ^~~~~~
     TIMERB2
/home/ec2-user/arduino-testlib/cli-datadir/user/libraries/Gamer/Gamer.cpp:111:19: error: &#39;OCIE1A&#39; was not declared in this scope
     TIMSK2 &amp;= (1&lt;&lt;OCIE1A);
                   ^~~~~~
/home/ec2-user/arduino-testlib/cli-datadir/user/libraries/Gamer/Gamer.cpp:115:5: error: &#39;OCR2A&#39; was not declared in this scope
     OCR2A = 180;
     ^~~~~
/home/ec2-user/arduino-testlib/cli-datadir/user/libraries/Gamer/Gamer.cpp:123:3: error: &#39;OCR1A&#39; was not declared in this scope
   OCR1A = 14;
   ^~~~~
/home/ec2-user/arduino-testlib/cli-datadir/user/libraries/Gamer/Gamer.cpp: In member function &#39;void Gamer::irBegin()&#39;:
/home/ec2-user/arduino-testlib/cli-datadir/user/libraries/Gamer/Gamer.cpp:140:3: error: &#39;TIMSK2&#39; was not declared in this scope
   TIMSK2 &amp;= ~(1&lt;&lt;OCIE2A);
   ^~~~~~
/home/ec2-user/arduino-testlib/cli-datadir/user/libraries/Gamer/Gamer.cpp:140:3: note: suggested alternative: &#39;TIMERB2&#39;
   TIMSK2 &amp;= ~(1&lt;&lt;OCIE2A);
   ^~~~~~
   TIMERB2
/home/ec2-user/arduino-testlib/cli-datadir/user/libraries/Gamer/Gamer.cpp:140:18: error: &#39;OCIE2A&#39; was not declared in this scope
   TIMSK2 &amp;= ~(1&lt;&lt;OCIE2A);
                  ^~~~~~
/home/ec2-user/arduino-testlib/cli-datadir/user/libraries/Gamer/Gamer.cpp:141:17: error: &#39;OCIE1B&#39; was</pre>
					
					<h4>examples/sequencer</h4>
					<p>
						Result: <b>FAIL</b>
					</p>
					<pre class="pre-scrollable">WARNING: library Gamer claims to run on avr architecture(s) and may be incompatible with your current board which runs on megaavr architecture(s).
/home/ec2-user/arduino-testlib/cli-datadir/user/libraries/Gamer/examples/sequencer/sequencer.ino: In function &#39;void loop()&#39;:
/home/ec2-user/arduino-testlib/cli-datadir/user/libraries/Gamer/examples/sequencer/sequencer.ino:143:9: error: &#39;class Gamer&#39; has no member named &#39;stopPlay&#39;; did you mean &#39;stopTone&#39;?
   gamer.stopPlay();
         ^~~~~~~~
         stopTone
/home/ec2-user/arduino-testlib/cli-datadir/user/libraries/Gamer/examples/sequencer/sequencer.ino:145:8: error: &#39;class Gamer&#39; has no member named &#39;play&#39;
  gamer.play(notes[noteStep[currNote]]);
        ^~~~

</pre>
					
				
				<h3 id="arduino:samd:mkrwifi1010">arduino:samd:mkrwifi1010 @ 1.8.12</h3>
				<h4>Inclusion</h4>
				<p>
					Result: <b>FAIL</b>
					
				</p>
				<pre class="pre-scrollable">In file included from /tmp/arduino-testlib3000214889/test/test.ino:1:0:
/home/ec2-user/arduino-testlib/cli-datadir/user/libraries/Gamer/Gamer.h:6:10: fatal error: avr/io.h: No such file or directory
 #include &lt;avr/io.h&gt;
          ^~~~~~~~~~
compilation terminated.

</pre>

					
					<h4>examples/Alien</h4>
					<p>
						Result: <b>FAIL</b>
					</p>
					<pre class="pre-scrollable">In file included from /home/ec2-user/arduino-testlib/cli-datadir/user/libraries/Gamer/examples/Alien/Alien.ino:8:0:
/home/ec2-user/arduino-testlib/cli-datadir/user/libraries/Gamer/Gamer.h:6:10: fatal error: avr/io.h: No such file or directory
 #include &lt;avr/io.h&gt;
          ^~~~~~~~~~
compilation terminated.

</pre>
					
					<h4>examples/AnimationExample</h4>
					<p>
						Result: <b>FAIL</b>
					</p>
					<pre class="pre-scrollable">In file included from /home/ec2-user/arduino-testlib/cli-datadir/user/libraries/Gamer/examples/AnimationExample/AnimationExample.ino:9:0:
/home/ec2-user/arduino-testlib/cli-datadir/user/libraries/Gamer/Gamer.h:6:10: fatal error: avr/io.h: No such file or directory
 #include &lt;avr/io.h&gt;
          ^~~~~~~~~~
compilation terminated.

</pre>
					
					<h4>examples/AnimationWithLDR</h4>
					<p>
						Result: <b>FAIL</b>
					</p>
					<pre class="pre-scrollable">In file included from /home/ec2-user/arduino-testlib/cli-datadir/user/libraries/Gamer/examples/AnimationWithLDR/AnimationWithLDR.ino:2:0:
/home/ec2-user/arduino-testlib/cli-datadir/user/libraries/Gamer/Gamer.h:6:10: fatal error: avr/io.h: No such file or directory
 #include &lt;avr/io.h&gt;
          ^~~~~~~~~~
compilation terminated.

</pre>
					
					<h4>examples/Breakout</h4>
					<p>
						Result: <b>FAIL</b>
					</p>
					<pre class="pre-scrollable">In file included from /home/ec2-user/arduino-testlib/cli-datadir/user/libraries/Gamer/examples/Breakout/Breakout.ino:1:0:
/home/ec2-user/arduino-testlib/cli-datadir/user/libraries/Gamer/Gamer.h:6:10: fatal error: avr/io.h: No such file or directory
 #include &lt;avr/io.h&gt;
          ^~~~~~~~~~
compilation terminated.

</pre>
					
					<h4>examples/BuzzerExample</h4>
					<p>
						Result: <b>FAIL</b>
					</p>
					<pre class="pre-scrollable">In file included from /home/ec2-user/arduino-testlib/cli-datadir/user/libraries/Gamer/examples/BuzzerExample/BuzzerExample.ino:8:0:
/home/ec2-user/arduino-testlib/cli-datadir/user/libraries/Gamer/Gamer.h:6:10: fatal error: avr/io.h: No such file or directory
 #include &lt;avr/io.h&gt;
          ^~~~~~~~~~
compilation terminated.

</pre>
					
					<h4>examples/FlappyBird</h4>
					<p>
						Result: <b>FAIL</b>
					</p>
					<pre class="pre-scrollable">In file included from /home/ec2-user/arduino-testlib/cli-datadir/user/libraries/Gamer/examples/FlappyBird/FlappyBird.ino:12:0:
/home/ec2-user/arduino-testlib/cli-datadir/user/libraries/Gamer/Gamer.h:6:10: fatal error: avr/io.h: No such file or directory
 #include &lt;avr/io.h&gt;
          ^~~~~~~~~~
compilation terminated.

</pre>
					
					<h4>examples/MoveCharacter</h4>
					<p>
						Result: <b>FAIL</b>
					</p>
					<pre class="pre-scrollable">In file included from /home/ec2-user/arduino-testlib/cli-datadir/user/libraries/Gamer/examples/MoveCharacter/MoveCharacter.ino:10:0:
/home/ec2-user/arduino-testlib/cli-datadir/user/libraries/Gamer/Gamer.h:6:10: fatal error: avr/io.h: No such file or directory
 #include &lt;avr/io.h&gt;
          ^~~~~~~~~~
compilation terminated.

</pre>
					
					<h4>examples/QuadGamer</h4>
					<p>
						Result: <b>FAIL</b>
					</p>
					<pre class="pre-scrollable">In file included from /home/ec2-user/arduino-testlib/cli-datadir/user/libraries/Gamer/examples/QuadGamer/QuadGamer.ino:17:0:
/home/ec2-user/arduino-testlib/cli-datadir/user/libraries/Gamer/Gamer.h:6:10: fatal error: avr/io.h: No such file or directory
 #include &lt;avr/io.h&gt;
          ^~~~~~~~~~
compilation terminated.

</pre>
					
					<h4>examples/ScrollTextExample</h4>
					<p>
						Result: <b>FAIL</b>
					</p>
					<pre class="pre-scrollable">In file included from /home/ec2-user/arduino-testlib/cli-datadir/user/libraries/Gamer/examples/ScrollTextExample/ScrollTextExample.ino:7:0:
/home/ec2-user/arduino-testlib/cli-datadir/user/libraries/Gamer/Gamer.h:6:10: fatal error: avr/io.h: No such file or directory
 #include &lt;avr/io.h&gt;
          ^~~~~~~~~~
compilation terminated.

</pre>
					
					<h4>examples/SnakeGame</h4>
					<p>
						Result: <b>FAIL</b>
					</p>
					<pre class="pre-scrollable">In file included from /home/ec2-user/arduino-testlib/cli-datadir/user/libraries/Gamer/examples/SnakeGame/SnakeGame.ino:10:0:
/home/ec2-user/arduino-testlib/cli-datadir/user/libraries/Gamer/Gamer.h:6:10: fatal error: avr/io.h: No such file or directory
 #include &lt;avr/io.h&gt;
          ^~~~~~~~~~
compilation terminated.

</pre>
					
					<h4>examples/sequencer</h4>
					<p>
						Result: <b>FAIL</b>
					</p>
					<pre class="pre-scrollable">In file included from /home/ec2-user/arduino-testlib/cli-datadir/user/libraries/Gamer/examples/sequencer/sequencer.ino:1:0:
/home/ec2-user/arduino-testlib/cli-datadir/user/libraries/Gamer/Gamer.h:6:10: fatal error: avr/io.h: No such file or directory
 #include &lt;avr/io.h&gt;
          ^~~~~~~~~~
compilation terminated.

</pre>
					
				
				<h3 id="esp32:esp32:d1_mini32">esp32:esp32:d1_mini32 @ 1.0.6</h3>
				<h4>Inclusion</h4>
				<p>
					Result: <b>FAIL</b>
					
				</p>
				<pre class="pre-scrollable">In file included from /tmp/arduino-testlib2351207593/test/test.ino:1:0:
/home/ec2-user/arduino-testlib/cli-datadir/user/libraries/Gamer/Gamer.h:5:27: fatal error: avr/interrupt.h: No such file or directory
compilation terminated.

</pre>

					
					<h4>examples/Alien</h4>
					<p>
						Result: <b>FAIL</b>
					</p>
					<pre class="pre-scrollable">In file included from /home/ec2-user/arduino-testlib/cli-datadir/user/libraries/Gamer/examples/Alien/Alien.ino:8:0:
/home/ec2-user/arduino-testlib/cli-datadir/user/libraries/Gamer/Gamer.h:5:27: fatal error: avr/interrupt.h: No such file or directory
compilation terminated.

</pre>
					
					<h4>examples/AnimationExample</h4>
					<p>
						Result: <b>FAIL</b>
					</p>
					<pre class="pre-scrollable">In file included from /home/ec2-user/arduino-testlib/cli-datadir/user/libraries/Gamer/examples/AnimationExample/AnimationExample.ino:9:0:
/home/ec2-user/arduino-testlib/cli-datadir/user/libraries/Gamer/Gamer.h:5:27: fatal error: avr/interrupt.h: No such file or directory
compilation terminated.

</pre>
					
					<h4>examples/AnimationWithLDR</h4>
					<p>
						Result: <b>FAIL</b>
					</p>
					<pre class="pre-scrollable">In file included from /home/ec2-user/arduino-testlib/cli-datadir/user/libraries/Gamer/examples/AnimationWithLDR/AnimationWithLDR.ino:2:0:
/home/ec2-user/arduino-testlib/cli-datadir/user/libraries/Gamer/Gamer.h:5:27: fatal error: avr/interrupt.h: No such file or directory
compilation terminated.

</pre>
					
					<h4>examples/Breakout</h4>
					<p>
						Result: <b>FAIL</b>
					</p>
					<pre class="pre-scrollable">In file included from /home/ec2-user/arduino-testlib/cli-datadir/user/libraries/Gamer/examples/Breakout/Breakout.ino:1:0:
/home/ec2-user/arduino-testlib/cli-datadir/user/libraries/Gamer/Gamer.h:5:27: fatal error: avr/interrupt.h: No such file or directory
compilation terminated.

</pre>
					
					<h4>examples/BuzzerExample</h4>
					<p>
						Result: <b>FAIL</b>
					</p>
					<pre class="pre-scrollable">In file included from /home/ec2-user/arduino-testlib/cli-datadir/user/libraries/Gamer/examples/BuzzerExample/BuzzerExample.ino:8:0:
/home/ec2-user/arduino-testlib/cli-datadir/user/libraries/Gamer/Gamer.h:5:27: fatal error: avr/interrupt.h: No such file or directory
compilation terminated.

</pre>
					
					<h4>examples/FlappyBird</h4>
					<p>
						Result: <b>FAIL</b>
					</p>
					<pre class="pre-scrollable">In file included from /home/ec2-user/arduino-testlib/cli-datadir/user/libraries/Gamer/examples/FlappyBird/FlappyBird.ino:12:0:
/home/ec2-user/arduino-testlib/cli-datadir/user/libraries/Gamer/Gamer.h:5:27: fatal error: avr/interrupt.h: No such file or directory
compilation terminated.

</pre>
					
					<h4>examples/MoveCharacter</h4>
					<p>
						Result: <b>FAIL</b>
					</p>
					<pre class="pre-scrollable">In file included from /home/ec2-user/arduino-testlib/cli-datadir/user/libraries/Gamer/examples/MoveCharacter/MoveCharacter.ino:10:0:
/home/ec2-user/arduino-testlib/cli-datadir/user/libraries/Gamer/Gamer.h:5:27: fatal error: avr/interrupt.h: No such file or directory
compilation terminated.

</pre>
					
					<h4>examples/QuadGamer</h4>
					<p>
						Result: <b>FAIL</b>
					</p>
					<pre class="pre-scrollable">In file included from /home/ec2-user/arduino-testlib/cli-datadir/user/libraries/Gamer/examples/QuadGamer/QuadGamer.ino:17:0:
/home/ec2-user/arduino-testlib/cli-datadir/user/libraries/Gamer/Gamer.h:5:27: fatal error: avr/interrupt.h: No such file or directory
compilation terminated.

</pre>
					
					<h4>examples/ScrollTextExample</h4>
					<p>
						Result: <b>FAIL</b>
					</p>
					<pre class="pre-scrollable">In file included from /home/ec2-user/arduino-testlib/cli-datadir/user/libraries/Gamer/examples/ScrollTextExample/ScrollTextExample.ino:7:0:
/home/ec2-user/arduino-testlib/cli-datadir/user/libraries/Gamer/Gamer.h:5:27: fatal error: avr/interrupt.h: No such file or directory
compilation terminated.

</pre>
					
					<h4>examples/SnakeGame</h4>
					<p>
						Result: <b>FAIL</b>
					</p>
					<pre class="pre-scrollable">In file included from /home/ec2-user/arduino-testlib/cli-datadir/user/libraries/Gamer/examples/SnakeGame/SnakeGame.ino:10:0:
/home/ec2-user/arduino-testlib/cli-datadir/user/libraries/Gamer/Gamer.h:5:27: fatal error: avr/interrupt.h: No such file or directory
compilation terminated.

</pre>
					
					<h4>examples/sequencer</h4>
					<p>
						Result: <b>FAIL</b>
					</p>
					<pre class="pre-scrollable">In file included from /home/ec2-user/arduino-testlib/cli-datadir/user/libraries/Gamer/examples/sequencer/sequencer.ino:1:0:
/home/ec2-user/arduino-testlib/cli-datadir/user/libraries/Gamer/Gamer.h:5:27: fatal error: avr/interrupt.h: No such file or directory
compilation terminated.

</pre>
					
				
			</div>
		</div>
	</div>
  </body>
</html>
