
<!doctype html>
<html lang="en">
  <head>
    <meta charset="utf-8">
    <meta name="viewport" content="width=device-width, initial-scale=1">
    <link href="https://cdn.jsdelivr.net/npm/bootstrap@5.0.2/dist/css/bootstrap.min.css" rel="stylesheet" integrity="sha384-EVSTQN3/azprG1Anm3QDgpJLIm9Nao0Yz1ztcQTwFspd3yD65VohhpuuCOmLASjC" crossorigin="anonymous">
    <title>arduino-testlib report</title>
	<style>
	.pass { background-color: #00FF00 !important; }
	.fail { background-color: #FF0000 !important; }
	</style>
  </head>
  <body>
	<div class="container">
		<div class="row">
			<div class="col">
				<h1>GuaraTeca_Hardware - compatibility matrix</h1>
				<p>
					<small>This report was generated on Monday, 21-Feb-22 12:00:25 CET using 
					<a href="https://github.com/alranel/arduino-testlib">arduino-testlib</a>.</small>
				</p>

				<h2>GuaraTeca_Hardware</h2>
				<p>
					Version: <b>1.5.2</b>
					<br />
					<a href="https://www.arduino.cc/reference/en/libraries/guarateca_hardware/">More details</a>
				</p>

				<h2>Compatibility matrix</h2>
				<table class="table table-bordered">
					<tr>
						<th>Board</th>
						<th>Claims compatibility</th>
						<th>Inclusion</th>
						
						<th><pre>SensorRefletancia</pre></th>
						
						<th><pre>SensorUltrassonico</pre></th>
						
						<th><pre>TelaCristalLiquido</pre></th>
						
						<th><pre>MotorShield</pre></th>
						
						<th><pre>PonteH</pre></th>
						
						<th><pre>SensorCor</pre></th>
						
						<th><pre>Servo</pre></th>
						
						<th><pre>SensorAgua</pre></th>
						
						<th><pre>SensorDHT</pre></th>
						
						<th><pre>SensorGiroscopioAcelerometro</pre></th>
						
					</tr>
					
					<tr>
						<td>
							<a href="#arduino%3aavr%3auno"><b>arduino:avr:uno</b></a>
							<br />
							<small>1.8.4</small>
						</td>

						
							<td>Yes</td>
							<td class="pass">PASS</td>
						
						
						
						

						
							
								
									
										
									
										
									
										
									
										
									
										
									
										
									
										
											<td class="pass">PASS</td>
											
										
									
										
									
										
									
										
									
								
							
								
							
								
							
								
							
								
							
						
							
								
									
										
									
										
									
										
									
										
									
										
									
										
									
										
									
										
											
											<td class="fail">FAIL</td>
										
									
										
									
										
									
								
							
								
							
								
							
								
							
								
							
						
							
								
									
										
									
										
									
										
									
										
									
										
									
										
									
										
									
										
									
										
									
										
											<td class="pass">PASS</td>
											
										
									
								
							
								
							
								
							
								
							
								
							
						
							
								
									
										
											<td class="pass">PASS</td>
											
										
									
										
									
										
									
										
									
										
									
										
									
										
									
										
									
										
									
										
									
								
							
								
							
								
							
								
							
								
							
						
							
								
									
										
									
										
											<td class="pass">PASS</td>
											
										
									
										
									
										
									
										
									
										
									
										
									
										
									
										
									
										
									
								
							
								
							
								
							
								
							
								
							
						
							
								
									
										
									
										
									
										
									
										
											
											<td class="fail">FAIL</td>
										
									
										
									
										
									
										
									
										
									
										
									
										
									
								
							
								
							
								
							
								
							
								
							
						
							
								
									
										
									
										
									
										
									
										
									
										
									
										
									
										
									
										
									
										
											<td class="pass">PASS</td>
											
										
									
										
									
								
							
								
							
								
							
								
							
								
							
						
							
								
									
										
									
										
									
										
											<td class="pass">PASS</td>
											
										
									
										
									
										
									
										
									
										
									
										
									
										
									
										
									
								
							
								
							
								
							
								
							
								
							
						
							
								
									
										
									
										
									
										
									
										
									
										
											<td class="pass">PASS</td>
											
										
									
										
									
										
									
										
									
										
									
										
									
								
							
								
							
								
							
								
							
								
							
						
							
								
									
										
									
										
									
										
									
										
									
										
									
										
											
											<td class="fail">FAIL</td>
										
									
										
									
										
									
										
									
										
									
								
							
								
							
								
							
								
							
								
							
						
					</tr>
					
					<tr>
						<td>
							<a href="#arduino%3ambed_nano%3ananorp2040connect"><b>arduino:mbed_nano:nanorp2040connect</b></a>
							<br />
							<small>2.7.2</small>
						</td>

						
						
						
							<td>Yes ⚠️</td>
							<td class="fail">FAIL</td>
						
						

						
							
								
							
								
									
										
									
										
									
										
									
										
									
										
									
										
									
										
											
											<td class="fail">FAIL</td>
										
									
										
									
										
									
										
									
								
							
								
							
								
							
								
							
						
							
								
							
								
									
										
									
										
									
										
									
										
									
										
									
										
									
										
									
										
											
											<td class="fail">FAIL</td>
										
									
										
									
										
									
								
							
								
							
								
							
								
							
						
							
								
							
								
									
										
									
										
									
										
									
										
									
										
									
										
									
										
									
										
									
										
									
										
											
											<td class="fail">FAIL</td>
										
									
								
							
								
							
								
							
								
							
						
							
								
							
								
									
										
											
											<td class="fail">FAIL</td>
										
									
										
									
										
									
										
									
										
									
										
									
										
									
										
									
										
									
										
									
								
							
								
							
								
							
								
							
						
							
								
							
								
									
										
									
										
											
											<td class="fail">FAIL</td>
										
									
										
									
										
									
										
									
										
									
										
									
										
									
										
									
										
									
								
							
								
							
								
							
								
							
						
							
								
							
								
									
										
									
										
									
										
									
										
											
											<td class="fail">FAIL</td>
										
									
										
									
										
									
										
									
										
									
										
									
										
									
								
							
								
							
								
							
								
							
						
							
								
							
								
									
										
									
										
									
										
									
										
									
										
									
										
									
										
									
										
									
										
											
											<td class="fail">FAIL</td>
										
									
										
									
								
							
								
							
								
							
								
							
						
							
								
							
								
									
										
									
										
									
										
											
											<td class="fail">FAIL</td>
										
									
										
									
										
									
										
									
										
									
										
									
										
									
										
									
								
							
								
							
								
							
								
							
						
							
								
							
								
									
										
									
										
									
										
									
										
									
										
											
											<td class="fail">FAIL</td>
										
									
										
									
										
									
										
									
										
									
										
									
								
							
								
							
								
							
								
							
						
							
								
							
								
									
										
									
										
									
										
									
										
									
										
									
										
											
											<td class="fail">FAIL</td>
										
									
										
									
										
									
										
									
										
									
								
							
								
							
								
							
								
							
						
					</tr>
					
					<tr>
						<td>
							<a href="#arduino%3amegaavr%3anona4809"><b>arduino:megaavr:nona4809</b></a>
							<br />
							<small>1.8.7</small>
						</td>

						
						
						
							<td>Yes ⚠️</td>
							<td class="fail">FAIL</td>
						
						

						
							
								
							
								
							
								
									
										
									
										
									
										
									
										
									
										
									
										
									
										
											
											<td class="fail">FAIL</td>
										
									
										
									
										
									
										
									
								
							
								
							
								
							
						
							
								
							
								
							
								
									
										
									
										
									
										
									
										
									
										
									
										
									
										
									
										
											
											<td class="fail">FAIL</td>
										
									
										
									
										
									
								
							
								
							
								
							
						
							
								
							
								
							
								
									
										
									
										
									
										
									
										
									
										
									
										
									
										
									
										
									
										
									
										
											
											<td class="fail">FAIL</td>
										
									
								
							
								
							
								
							
						
							
								
							
								
							
								
									
										
											
											<td class="fail">FAIL</td>
										
									
										
									
										
									
										
									
										
									
										
									
										
									
										
									
										
									
										
									
								
							
								
							
								
							
						
							
								
							
								
							
								
									
										
									
										
											
											<td class="fail">FAIL</td>
										
									
										
									
										
									
										
									
										
									
										
									
										
									
										
									
										
									
								
							
								
							
								
							
						
							
								
							
								
							
								
									
										
									
										
									
										
									
										
											
											<td class="fail">FAIL</td>
										
									
										
									
										
									
										
									
										
									
										
									
										
									
								
							
								
							
								
							
						
							
								
							
								
							
								
									
										
									
										
									
										
									
										
									
										
									
										
									
										
									
										
									
										
											
											<td class="fail">FAIL</td>
										
									
										
									
								
							
								
							
								
							
						
							
								
							
								
							
								
									
										
									
										
									
										
											
											<td class="fail">FAIL</td>
										
									
										
									
										
									
										
									
										
									
										
									
										
									
										
									
								
							
								
							
								
							
						
							
								
							
								
							
								
									
										
									
										
									
										
									
										
									
										
											
											<td class="fail">FAIL</td>
										
									
										
									
										
									
										
									
										
									
										
									
								
							
								
							
								
							
						
							
								
							
								
							
								
									
										
									
										
									
										
									
										
									
										
									
										
											
											<td class="fail">FAIL</td>
										
									
										
									
										
									
										
									
										
									
								
							
								
							
								
							
						
					</tr>
					
					<tr>
						<td>
							<a href="#arduino%3asamd%3amkrwifi1010"><b>arduino:samd:mkrwifi1010</b></a>
							<br />
							<small>1.8.12</small>
						</td>

						
						
						
							<td>Yes ⚠️</td>
							<td class="fail">FAIL</td>
						
						

						
							
								
							
								
							
								
							
								
									
										
									
										
									
										
									
										
									
										
									
										
									
										
											
											<td class="fail">FAIL</td>
										
									
										
									
										
									
										
									
								
							
								
							
						
							
								
							
								
							
								
							
								
									
										
									
										
									
										
									
										
									
										
									
										
									
										
									
										
											
											<td class="fail">FAIL</td>
										
									
										
									
										
									
								
							
								
							
						
							
								
							
								
							
								
							
								
									
										
									
										
									
										
									
										
									
										
									
										
									
										
									
										
									
										
									
										
											
											<td class="fail">FAIL</td>
										
									
								
							
								
							
						
							
								
							
								
							
								
							
								
									
										
											
											<td class="fail">FAIL</td>
										
									
										
									
										
									
										
									
										
									
										
									
										
									
										
									
										
									
										
									
								
							
								
							
						
							
								
							
								
							
								
							
								
									
										
									
										
											
											<td class="fail">FAIL</td>
										
									
										
									
										
									
										
									
										
									
										
									
										
									
										
									
										
									
								
							
								
							
						
							
								
							
								
							
								
							
								
									
										
									
										
									
										
									
										
											
											<td class="fail">FAIL</td>
										
									
										
									
										
									
										
									
										
									
										
									
										
									
								
							
								
							
						
							
								
							
								
							
								
							
								
									
										
									
										
									
										
									
										
									
										
									
										
									
										
									
										
									
										
											
											<td class="fail">FAIL</td>
										
									
										
									
								
							
								
							
						
							
								
							
								
							
								
							
								
									
										
									
										
									
										
											
											<td class="fail">FAIL</td>
										
									
										
									
										
									
										
									
										
									
										
									
										
									
										
									
								
							
								
							
						
							
								
							
								
							
								
							
								
									
										
									
										
									
										
									
										
									
										
											
											<td class="fail">FAIL</td>
										
									
										
									
										
									
										
									
										
									
										
									
								
							
								
							
						
							
								
							
								
							
								
							
								
									
										
									
										
									
										
									
										
									
										
									
										
											
											<td class="fail">FAIL</td>
										
									
										
									
										
									
										
									
										
									
								
							
								
							
						
					</tr>
					
					<tr>
						<td>
							<a href="#esp32%3aesp32%3ad1_mini32"><b>esp32:esp32:d1_mini32</b></a>
							<br />
							<small>1.0.6</small>
						</td>

						
						
						
							<td>Yes ⚠️</td>
							<td class="fail">FAIL</td>
						
						

						
							
								
							
								
							
								
							
								
							
								
									
										
									
										
									
										
									
										
									
										
									
										
									
										
											
											<td class="fail">FAIL</td>
										
									
										
									
										
									
										
									
								
							
						
							
								
							
								
							
								
							
								
							
								
									
										
									
										
									
										
									
										
									
										
									
										
									
										
									
										
											
											<td class="fail">FAIL</td>
										
									
										
									
										
									
								
							
						
							
								
							
								
							
								
							
								
							
								
									
										
									
										
									
										
									
										
									
										
									
										
									
										
									
										
									
										
									
										
											
											<td class="fail">FAIL</td>
										
									
								
							
						
							
								
							
								
							
								
							
								
							
								
									
										
											
											<td class="fail">FAIL</td>
										
									
										
									
										
									
										
									
										
									
										
									
										
									
										
									
										
									
										
									
								
							
						
							
								
							
								
							
								
							
								
							
								
									
										
									
										
											
											<td class="fail">FAIL</td>
										
									
										
									
										
									
										
									
										
									
										
									
										
									
										
									
										
									
								
							
						
							
								
							
								
							
								
							
								
							
								
									
										
									
										
									
										
									
										
											
											<td class="fail">FAIL</td>
										
									
										
									
										
									
										
									
										
									
										
									
										
									
								
							
						
							
								
							
								
							
								
							
								
							
								
									
										
									
										
									
										
									
										
									
										
									
										
									
										
									
										
									
										
											
											<td class="fail">FAIL</td>
										
									
										
									
								
							
						
							
								
							
								
							
								
							
								
							
								
									
										
									
										
									
										
											
											<td class="fail">FAIL</td>
										
									
										
									
										
									
										
									
										
									
										
									
										
									
										
									
								
							
						
							
								
							
								
							
								
							
								
							
								
									
										
									
										
									
										
									
										
									
										
											
											<td class="fail">FAIL</td>
										
									
										
									
										
									
										
									
										
									
										
									
								
							
						
							
								
							
								
							
								
							
								
							
								
									
										
									
										
									
										
									
										
									
										
									
										
											
											<td class="fail">FAIL</td>
										
									
										
									
										
									
										
									
										
									
								
							
						
					</tr>
					
				</table>

				<h2>Compilation logs</h2>
				
				<h3 id="arduino:avr:uno">arduino:avr:uno @ 1.8.4</h3>
				<h4>Inclusion</h4>
				<p>
					Result: <b>PASS</b>
					
				</p>
				<pre class="pre-scrollable">Sketch uses 2802 bytes (8%) of program storage space. Maximum is 32256 bytes.
Global variables use 316 bytes (15%) of dynamic memory, leaving 1732 bytes for local variables. Maximum is 2048 bytes.
</pre>

					
					<h4>examples/MotorShield</h4>
					<p>
						Result: <b>PASS</b>
					</p>
					<pre class="pre-scrollable">Sketch uses 3578 bytes (11%) of program storage space. Maximum is 32256 bytes.
Global variables use 336 bytes (16%) of dynamic memory, leaving 1712 bytes for local variables. Maximum is 2048 bytes.
</pre>
					
					<h4>examples/PonteH</h4>
					<p>
						Result: <b>PASS</b>
					</p>
					<pre class="pre-scrollable">Sketch uses 3372 bytes (10%) of program storage space. Maximum is 32256 bytes.
Global variables use 316 bytes (15%) of dynamic memory, leaving 1732 bytes for local variables. Maximum is 2048 bytes.
</pre>
					
					<h4>examples/SensorAgua</h4>
					<p>
						Result: <b>PASS</b>
					</p>
					<pre class="pre-scrollable">Sketch uses 3448 bytes (10%) of program storage space. Maximum is 32256 bytes.
Global variables use 344 bytes (16%) of dynamic memory, leaving 1704 bytes for local variables. Maximum is 2048 bytes.
</pre>
					
					<h4>examples/SensorCor</h4>
					<p>
						Result: <b>FAIL</b>
					</p>
					<pre class="pre-scrollable">/home/ec2-user/arduino-testlib/cli-datadir/user/libraries/GuaraTeca_Hardware/examples/SensorCor/SensorCor.ino:21:10: fatal error: GuaraTeca_SensorCor.h: No such file or directory
 #include &lt;GuaraTeca_SensorCor.h&gt;
          ^~~~~~~~~~~~~~~~~~~~~~~
compilation terminated.

</pre>
					
					<h4>examples/SensorDHT</h4>
					<p>
						Result: <b>PASS</b>
					</p>
					<pre class="pre-scrollable">Sketch uses 6274 bytes (19%) of program storage space. Maximum is 32256 bytes.
Global variables use 379 bytes (18%) of dynamic memory, leaving 1669 bytes for local variables. Maximum is 2048 bytes.
</pre>
					
					<h4>examples/SensorGiroscopioAcelerometro</h4>
					<p>
						Result: <b>FAIL</b>
					</p>
					<pre class="pre-scrollable">/home/ec2-user/arduino-testlib/cli-datadir/user/libraries/GuaraTeca_Hardware/examples/SensorGiroscopioAcelerometro/SensorGiroscopioAcelerometro.ino:21:10: fatal error: GuaraTeca_SensorGiroscopioAcelerometro.h: No such file or directory
 #include &lt;GuaraTeca_SensorGiroscopioAcelerometro.h&gt;
          ^~~~~~~~~~~~~~~~~~~~~~~~~~~~~~~~~~~~~~~~~~
compilation terminated.

</pre>
					
					<h4>examples/SensorRefletancia</h4>
					<p>
						Result: <b>PASS</b>
					</p>
					<pre class="pre-scrollable">Sketch uses 3310 bytes (10%) of program storage space. Maximum is 32256 bytes.
Global variables use 332 bytes (16%) of dynamic memory, leaving 1716 bytes for local variables. Maximum is 2048 bytes.
</pre>
					
					<h4>examples/SensorUltrassonico</h4>
					<p>
						Result: <b>FAIL</b>
					</p>
					<pre class="pre-scrollable">/tmp/cc6yLKyJ.ltrans0.ltrans.o: In function `global constructors keyed to 65535_0_SensorUltrassonico.ino.cpp.o.2966&#39;:
&lt;artificial&gt;:(.text.startup&#43;0x5c): undefined reference to `SensorUltrassonico::SensorUltrassonico()&#39;
/tmp/cc6yLKyJ.ltrans0.ltrans.o: In function `setup&#39;:
/home/ec2-user/arduino-testlib/cli-datadir/user/libraries/GuaraTeca_Hardware/examples/SensorUltrassonico/SensorUltrassonico.ino:27: undefined reference to `SensorUltrassonico::iniciaSensorUltrassonico(unsigned char, unsigned char)&#39;
/tmp/cc6yLKyJ.ltrans0.ltrans.o: In function `loop&#39;:
/home/ec2-user/arduino-testlib/cli-datadir/user/libraries/GuaraTeca_Hardware/examples/SensorUltrassonico/SensorUltrassonico.ino:32: undefined reference to `SensorUltrassonico::leitura(unsigned char, unsigned char)&#39;
collect2: error: ld returned 1 exit status
Multiple libraries were found for &#34;Adafruit_Sensor.h&#34;
  Used: /home/ec2-user/arduino-testlib/cli-datadir/user/libraries/Adafruit_Unified_Sensor
  Not used: /home/ec2-user/arduino-testlib/cli-datadir/user/libraries/ArdUAV
  Not used: /home/ec2-user/arduino-testlib/cli-datadir/user/libraries/ClimaStick
Multiple libraries were found for &#34;SoftwareSerial.h&#34;
  Used: /home/ec2-user/arduino-testlib/cli-datadir/data/packages/arduino/hardware/avr/1.8.4/libraries/SoftwareSerial
  Not used: /home/ec2-user/arduino-testlib/cli-datadir/user/libraries/EspSoftwareSerial
  Not used: /home/ec2-user/arduino-testlib/cli-datadir/user/libraries/Printoo_Library
  Not used: /home/ec2-user/arduino-testlib/cli-datadir/user/libraries/Dabble
Multiple libraries were found for &#34;DHT.h&#34;
  Used: /home/ec2-user/arduino-testlib/cli-datadir/user/libraries/DHT_sensor_library
  Not used: /home/ec2-user/arduino-testlib/cli-datadir/user/libraries/uKit_Explore
  Not used: /home/ec2-user/arduino-testlib/cli-datadir/user/libraries/NanoPlayBoard
  Not used: /home/ec2-user/arduino-testlib/cli-datadir/user/libraries/Grove_Temperature_And_Humidity_Sensor
</pre>
					
					<h4>examples/Servo</h4>
					<p>
						Result: <b>PASS</b>
					</p>
					<pre class="pre-scrollable">Sketch uses 4446 bytes (13%) of program storage space. Maximum is 32256 bytes.
Global variables use 317 bytes (15%) of dynamic memory, leaving 1731 bytes for local variables. Maximum is 2048 bytes.
</pre>
					
					<h4>examples/TelaCristalLiquido</h4>
					<p>
						Result: <b>PASS</b>
					</p>
					<pre class="pre-scrollable">Sketch uses 3866 bytes (11%) of program storage space. Maximum is 32256 bytes.
Global variables use 374 bytes (18%) of dynamic memory, leaving 1674 bytes for local variables. Maximum is 2048 bytes.
</pre>
					
				
				<h3 id="arduino:mbed_nano:nanorp2040connect">arduino:mbed_nano:nanorp2040connect @ 2.7.2</h3>
				<h4>Inclusion</h4>
				<p>
					Result: <b>FAIL</b>
					
				</p>
				<pre class="pre-scrollable">/home/ec2-user/arduino-testlib/cli-datadir/user/libraries/Dabble/src/SoftwareSerial.cpp:45:10: fatal error: util/delay_basic.h: No such file or directory
 #include &lt;util/delay_basic.h&gt;
          ^~~~~~~~~~~~~~~~~~~~
compilation terminated.
Multiple libraries were found for &#34;SoftwareSerial.h&#34;
  Used: /home/ec2-user/arduino-testlib/cli-datadir/user/libraries/Dabble
  Not used: /home/ec2-user/arduino-testlib/cli-datadir/user/libraries/EspSoftwareSerial
  Not used: /home/ec2-user/arduino-testlib/cli-datadir/user/libraries/Printoo_Library
Multiple libraries were found for &#34;DHT.h&#34;
  Used: /home/ec2-user/arduino-testlib/cli-datadir/user/libraries/DHT_sensor_library
  Not used: /home/ec2-user/arduino-testlib/cli-datadir/user/libraries/uKit_Explore
  Not used: /home/ec2-user/arduino-testlib/cli-datadir/user/libraries/Grove_Temperature_And_Humidity_Sensor
  Not used: /home/ec2-user/arduino-testlib/cli-datadir/user/libraries/NanoPlayBoard
</pre>

					
					<h4>examples/MotorShield</h4>
					<p>
						Result: <b>FAIL</b>
					</p>
					<pre class="pre-scrollable">/home/ec2-user/arduino-testlib/cli-datadir/user/libraries/Dabble/src/SoftwareSerial.cpp:45:10: fatal error: util/delay_basic.h: No such file or directory
 #include &lt;util/delay_basic.h&gt;
          ^~~~~~~~~~~~~~~~~~~~
compilation terminated.
Multiple libraries were found for &#34;DHT.h&#34;
  Used: /home/ec2-user/arduino-testlib/cli-datadir/user/libraries/DHT_sensor_library
  Not used: /home/ec2-user/arduino-testlib/cli-datadir/user/libraries/uKit_Explore
  Not used: /home/ec2-user/arduino-testlib/cli-datadir/user/libraries/Grove_Temperature_And_Humidity_Sensor
  Not used: /home/ec2-user/arduino-testlib/cli-datadir/user/libraries/NanoPlayBoard
Multiple libraries were found for &#34;SoftwareSerial.h&#34;
  Used: /home/ec2-user/arduino-testlib/cli-datadir/user/libraries/Dabble
  Not used: /home/ec2-user/arduino-testlib/cli-datadir/user/libraries/Printoo_Library
  Not used: /home/ec2-user/arduino-testlib/cli-datadir/user/libraries/EspSoftwareSerial
</pre>
					
					<h4>examples/PonteH</h4>
					<p>
						Result: <b>FAIL</b>
					</p>
					<pre class="pre-scrollable">/home/ec2-user/arduino-testlib/cli-datadir/user/libraries/Dabble/src/SoftwareSerial.cpp:45:10: fatal error: util/delay_basic.h: No such file or directory
 #include &lt;util/delay_basic.h&gt;
          ^~~~~~~~~~~~~~~~~~~~
compilation terminated.
Multiple libraries were found for &#34;SoftwareSerial.h&#34;
  Used: /home/ec2-user/arduino-testlib/cli-datadir/user/libraries/Dabble
  Not used: /home/ec2-user/arduino-testlib/cli-datadir/user/libraries/Printoo_Library
  Not used: /home/ec2-user/arduino-testlib/cli-datadir/user/libraries/EspSoftwareSerial
Multiple libraries were found for &#34;DHT.h&#34;
  Used: /home/ec2-user/arduino-testlib/cli-datadir/user/libraries/DHT_sensor_library
  Not used: /home/ec2-user/arduino-testlib/cli-datadir/user/libraries/Grove_Temperature_And_Humidity_Sensor
  Not used: /home/ec2-user/arduino-testlib/cli-datadir/user/libraries/NanoPlayBoard
  Not used: /home/ec2-user/arduino-testlib/cli-datadir/user/libraries/uKit_Explore
</pre>
					
					<h4>examples/SensorAgua</h4>
					<p>
						Result: <b>FAIL</b>
					</p>
					<pre class="pre-scrollable">/home/ec2-user/arduino-testlib/cli-datadir/user/libraries/Dabble/src/SoftwareSerial.cpp:45:10: fatal error: util/delay_basic.h: No such file or directory
 #include &lt;util/delay_basic.h&gt;
          ^~~~~~~~~~~~~~~~~~~~
compilation terminated.
Multiple libraries were found for &#34;SoftwareSerial.h&#34;
  Used: /home/ec2-user/arduino-testlib/cli-datadir/user/libraries/Dabble
  Not used: /home/ec2-user/arduino-testlib/cli-datadir/user/libraries/Printoo_Library
  Not used: /home/ec2-user/arduino-testlib/cli-datadir/user/libraries/EspSoftwareSerial
Multiple libraries were found for &#34;DHT.h&#34;
  Used: /home/ec2-user/arduino-testlib/cli-datadir/user/libraries/DHT_sensor_library
  Not used: /home/ec2-user/arduino-testlib/cli-datadir/user/libraries/Grove_Temperature_And_Humidity_Sensor
  Not used: /home/ec2-user/arduino-testlib/cli-datadir/user/libraries/NanoPlayBoard
  Not used: /home/ec2-user/arduino-testlib/cli-datadir/user/libraries/uKit_Explore
</pre>
					
					<h4>examples/SensorCor</h4>
					<p>
						Result: <b>FAIL</b>
					</p>
					<pre class="pre-scrollable">/home/ec2-user/arduino-testlib/cli-datadir/user/libraries/GuaraTeca_Hardware/examples/SensorCor/SensorCor.ino:21:10: fatal error: GuaraTeca_SensorCor.h: No such file or directory
 #include &lt;GuaraTeca_SensorCor.h&gt;
          ^~~~~~~~~~~~~~~~~~~~~~~
compilation terminated.

</pre>
					
					<h4>examples/SensorDHT</h4>
					<p>
						Result: <b>FAIL</b>
					</p>
					<pre class="pre-scrollable">/home/ec2-user/arduino-testlib/cli-datadir/user/libraries/Dabble/src/SoftwareSerial.cpp:45:10: fatal error: util/delay_basic.h: No such file or directory
 #include &lt;util/delay_basic.h&gt;
          ^~~~~~~~~~~~~~~~~~~~
compilation terminated.
Multiple libraries were found for &#34;Adafruit_Sensor.h&#34;
  Used: /home/ec2-user/arduino-testlib/cli-datadir/user/libraries/Adafruit_Unified_Sensor
  Not used: /home/ec2-user/arduino-testlib/cli-datadir/user/libraries/ClimaStick
  Not used: /home/ec2-user/arduino-testlib/cli-datadir/user/libraries/ArdUAV
Multiple libraries were found for &#34;DHT.h&#34;
  Used: /home/ec2-user/arduino-testlib/cli-datadir/user/libraries/DHT_sensor_library
  Not used: /home/ec2-user/arduino-testlib/cli-datadir/user/libraries/Grove_Temperature_And_Humidity_Sensor
  Not used: /home/ec2-user/arduino-testlib/cli-datadir/user/libraries/uKit_Explore
  Not used: /home/ec2-user/arduino-testlib/cli-datadir/user/libraries/NanoPlayBoard
Multiple libraries were found for &#34;SoftwareSerial.h&#34;
  Used: /home/ec2-user/arduino-testlib/cli-datadir/user/libraries/Dabble
  Not used: /home/ec2-user/arduino-testlib/cli-datadir/user/libraries/EspSoftwareSerial
  Not used: /home/ec2-user/arduino-testlib/cli-datadir/user/libraries/Printoo_Library
</pre>
					
					<h4>examples/SensorGiroscopioAcelerometro</h4>
					<p>
						Result: <b>FAIL</b>
					</p>
					<pre class="pre-scrollable">/home/ec2-user/arduino-testlib/cli-datadir/user/libraries/GuaraTeca_Hardware/examples/SensorGiroscopioAcelerometro/SensorGiroscopioAcelerometro.ino:21:10: fatal error: GuaraTeca_SensorGiroscopioAcelerometro.h: No such file or directory
 #include &lt;GuaraTeca_SensorGiroscopioAcelerometro.h&gt;
          ^~~~~~~~~~~~~~~~~~~~~~~~~~~~~~~~~~~~~~~~~~
compilation terminated.

</pre>
					
					<h4>examples/SensorRefletancia</h4>
					<p>
						Result: <b>FAIL</b>
					</p>
					<pre class="pre-scrollable">/home/ec2-user/arduino-testlib/cli-datadir/user/libraries/Dabble/src/SoftwareSerial.cpp:45:10: fatal error: util/delay_basic.h: No such file or directory
 #include &lt;util/delay_basic.h&gt;
          ^~~~~~~~~~~~~~~~~~~~
compilation terminated.
Multiple libraries were found for &#34;DHT.h&#34;
  Used: /home/ec2-user/arduino-testlib/cli-datadir/user/libraries/DHT_sensor_library
  Not used: /home/ec2-user/arduino-testlib/cli-datadir/user/libraries/uKit_Explore
  Not used: /home/ec2-user/arduino-testlib/cli-datadir/user/libraries/NanoPlayBoard
  Not used: /home/ec2-user/arduino-testlib/cli-datadir/user/libraries/Grove_Temperature_And_Humidity_Sensor
Multiple libraries were found for &#34;SoftwareSerial.h&#34;
  Used: /home/ec2-user/arduino-testlib/cli-datadir/user/libraries/Dabble
  Not used: /home/ec2-user/arduino-testlib/cli-datadir/user/libraries/EspSoftwareSerial
  Not used: /home/ec2-user/arduino-testlib/cli-datadir/user/libraries/Printoo_Library
</pre>
					
					<h4>examples/SensorUltrassonico</h4>
					<p>
						Result: <b>FAIL</b>
					</p>
					<pre class="pre-scrollable">/home/ec2-user/arduino-testlib/cli-datadir/user/libraries/Dabble/src/SoftwareSerial.cpp:45:10: fatal error: util/delay_basic.h: No such file or directory
 #include &lt;util/delay_basic.h&gt;
          ^~~~~~~~~~~~~~~~~~~~
compilation terminated.
Multiple libraries were found for &#34;SoftwareSerial.h&#34;
  Used: /home/ec2-user/arduino-testlib/cli-datadir/user/libraries/Dabble
  Not used: /home/ec2-user/arduino-testlib/cli-datadir/user/libraries/Printoo_Library
  Not used: /home/ec2-user/arduino-testlib/cli-datadir/user/libraries/EspSoftwareSerial
Multiple libraries were found for &#34;DHT.h&#34;
  Used: /home/ec2-user/arduino-testlib/cli-datadir/user/libraries/DHT_sensor_library
  Not used: /home/ec2-user/arduino-testlib/cli-datadir/user/libraries/Grove_Temperature_And_Humidity_Sensor
  Not used: /home/ec2-user/arduino-testlib/cli-datadir/user/libraries/NanoPlayBoard
  Not used: /home/ec2-user/arduino-testlib/cli-datadir/user/libraries/uKit_Explore
</pre>
					
					<h4>examples/Servo</h4>
					<p>
						Result: <b>FAIL</b>
					</p>
					<pre class="pre-scrollable">/home/ec2-user/arduino-testlib/cli-datadir/user/libraries/Dabble/src/SoftwareSerial.cpp:45:10: fatal error: util/delay_basic.h: No such file or directory
 #include &lt;util/delay_basic.h&gt;
          ^~~~~~~~~~~~~~~~~~~~
compilation terminated.
Multiple libraries were found for &#34;SoftwareSerial.h&#34;
  Used: /home/ec2-user/arduino-testlib/cli-datadir/user/libraries/Dabble
  Not used: /home/ec2-user/arduino-testlib/cli-datadir/user/libraries/Printoo_Library
  Not used: /home/ec2-user/arduino-testlib/cli-datadir/user/libraries/EspSoftwareSerial
Multiple libraries were found for &#34;DHT.h&#34;
  Used: /home/ec2-user/arduino-testlib/cli-datadir/user/libraries/DHT_sensor_library
  Not used: /home/ec2-user/arduino-testlib/cli-datadir/user/libraries/Grove_Temperature_And_Humidity_Sensor
  Not used: /home/ec2-user/arduino-testlib/cli-datadir/user/libraries/NanoPlayBoard
  Not used: /home/ec2-user/arduino-testlib/cli-datadir/user/libraries/uKit_Explore
</pre>
					
					<h4>examples/TelaCristalLiquido</h4>
					<p>
						Result: <b>FAIL</b>
					</p>
					<pre class="pre-scrollable">/home/ec2-user/arduino-testlib/cli-datadir/user/libraries/Dabble/src/SoftwareSerial.cpp:45:10: fatal error: util/delay_basic.h: No such file or directory
 #include &lt;util/delay_basic.h&gt;
          ^~~~~~~~~~~~~~~~~~~~
compilation terminated.
Multiple libraries were found for &#34;SoftwareSerial.h&#34;
  Used: /home/ec2-user/arduino-testlib/cli-datadir/user/libraries/Dabble
  Not used: /home/ec2-user/arduino-testlib/cli-datadir/user/libraries/EspSoftwareSerial
  Not used: /home/ec2-user/arduino-testlib/cli-datadir/user/libraries/Printoo_Library
Multiple libraries were found for &#34;DHT.h&#34;
  Used: /home/ec2-user/arduino-testlib/cli-datadir/user/libraries/DHT_sensor_library
  Not used: /home/ec2-user/arduino-testlib/cli-datadir/user/libraries/Grove_Temperature_And_Humidity_Sensor
  Not used: /home/ec2-user/arduino-testlib/cli-datadir/user/libraries/NanoPlayBoard
  Not used: /home/ec2-user/arduino-testlib/cli-datadir/user/libraries/uKit_Explore
</pre>
					
				
				<h3 id="arduino:megaavr:nona4809">arduino:megaavr:nona4809 @ 1.8.7</h3>
				<h4>Inclusion</h4>
				<p>
					Result: <b>FAIL</b>
					
				</p>
				<pre class="pre-scrollable">/home/ec2-user/arduino-testlib/cli-datadir/user/libraries/GuaraTeca_Hardware/src/Others/Print.cpp:34:8: error: reference to &#39;Print&#39; is ambiguous
 size_t Print::write(const uint8_t *buffer, size_t size)
        ^~~~~
In file included from /home/ec2-user/arduino-testlib/cli-datadir/user/libraries/GuaraTeca_Hardware/src/Others/Print.cpp:29:0:
/home/ec2-user/arduino-testlib/cli-datadir/user/libraries/GuaraTeca_Hardware/src/Others/Print.h:34:7: note: candidates are: class Print
 class Print
       ^~~~~
In file packages/arduino/hardware/megaavr/1.8.7/libraries/Wire/src/Wire.h:64:12: note: candidate 1: size_t TwoWire::requestFrom(int, int, int)
     size_t requestFrom(int, int, int);
            ^~~~~~~~~~~
/home/ec2-user/arduino-testlib/cli-datadir/data/packages/arduino/hardware/megaavr/1.8.7/libraries/Wire/src/Wire.h:62:12: note: candidate 2: virtual size_t TwoWire::requestFrom(uint8_t, size_t, bool)
     size_t requestFrom(uint8_t, size_t, bool);
            ^~~~~~~~~~~
ware/megaavr/1.8.7/cores/arduino/api/Print.h:34:7: note:                 class arduino::Print
 class Print
       ^~~~~
/home/ec2-user/arduino-testlib/cli-datadir/user/libraries/GuaraTeca_Hardware/src/Others/Print.cpp: In function &#39;size_t write(const uint8_t*, size_t)&#39;:
/home/ec2-user/arduino-testlib/cli-datadir/user/libraries/GuaraTeca_Hardware/src/Others/Print.cpp:38:24: error: too few arguments to function &#39;size_t write(const uint8_t*, size_t)&#39;
     if (write(*buffer&#43;&#43;)) n&#43;&#43;;
                        ^
/home/ec2-user/arduino-testlib/cli-datadir/user/libraries/GuaraTeca_Hardware/src/Others/Print.cpp:34:8: note: declared here
 size_t Print::write(const uint8_t *buffer, size_t size)
        ^~~~~
/home/ec2-user/arduino-testlib/cli-datadir/user/libraries/GuaraTeca_Hardware/src/Others/Print.cpp: At global scope:
/home/ec2-user/arduino-testlib/cli-datadir/user/libraries/GuaraTeca_Hardware/src/Others/Print.cpp:44:8: error: reference to &#39;Print&#39; is ambiguous
 size_t Print::print(const __FlashStringHelper *ifsh)
        ^~~~~
In file included from /home/ec2-user/arduino-testlib/cli-datadir/user/libraries/GuaraTeca_Hardware/src/Others/Print.cpp:29:0:
/home/ec2-user/arduino-testlib/cli-datadir/user/libraries/GuaraTeca_Hardware/src/Others/Print.h:34:7: note: candidates are: class Print
 class Print
       ^~~~~
In file included from /home/ec2-user/arduino-testlib/cli-datadir/data/packages/arduino/hardware/megaavr/1.8.7/cores/arduino/api/ArduinoAPI.h:31:0,
                 from /home/ec2-user/arduino-testlib/cli-datadir/data/packages/arduino/hardware/megaavr/1.8.7/cores/arduino/Arduino.h:23,
                 from /home/ec2-user/arduino-testlib/cli-datadir/user/libraries/GuaraTeca_Hardware/src/Others/Print.cpp:27:
/home/ec2-user/arduino-testlib/cli-datadir/data/packages/arduino/hardware/megaavr/1.8.7/cores/arduino/api/Print.h:34:7: note:                 class arduino::Print
 class Print
       ^~~~~
/home/ec2-user/arduino-testlib/cli-datadir/user/libraries/GuaraTeca_Hardware/src/Others/Print.cpp: In function &#39;size_t print(const arduino::__FlashStringHelper*)&#39;:
/home/ec2-user/arduino-testlib/cli-datadir/user/libraries/GuaraTeca_Hardware/src/Others/Print.cpp:51:16: error: too few arguments to function &#39;size_t write(const uint8_t*, size_t)&#39;
     if (write(c)) n&#43;&#43;;
                ^
/home/ec2-user/arduino-testlib/cli-datadir/user/libraries/GuaraTeca_Hardware/src/Others/Print.cpp:34:8: note: declared here
 size_t Print::write(const uint8_t *buffer, size_t size)
        ^~~~~
/home/ec2-user/arduino-testlib/cli-datadir/user/libraries/GuaraTeca_Hardware/src/Others/Print.cpp: At global scope:
/home/ec2-user/arduino-testlib/cli-datadir/user/libraries/GuaraTeca_Hardware/src/Others/Print.cpp:57:8: error: reference to &#39;Print&#39; is ambiguous
 size_t Print::print(const String &amp;s)
        ^~~~~
In file included from /home/ec2-user/arduino-testlib/cli-datadir/user/libraries/GuaraTeca_Hardware/src/Others/Print.cpp:29:0:
/home/ec2-user/arduino-testlib/cli-datadir/user/libraries/GuaraTeca_Hardware/src/Others/Print.h:34:7: note: candidates are: class Print
 class Print
       ^~~~~
In file included from /home/ec2-user/arduino-testlib/cli-datadir/data/packages/arduino/hardware/megaavr/1.8.7/cores/arduino/api/ArduinoAPI.h:31:0,
                 from /home/ec2-user/arduino-testlib/cli-datadir/data/packages/arduino/hardware/megaavr/1.8.7/cores/arduino/Arduino.h:23,
                 from /home/ec2-user/arduino-testlib/cli-datadir/user/libraries/GuaraTeca_Hardware/src/Others/Print.cpp:27:
/home/ec2-user/arduino-testlib/cli-datadir/data/packages/arduino/hardware/megaavr/1.8.7/cores/arduino/api/Print.h:34:7: note:                 class arduino::Print
 class Print
       ^~~~~
/home/ec2-user/arduino-testlib/cli-datadir/user/libraries/GuaraTeca_Hardware/src/Others/Print.cpp:62:8: error: reference to &#39;Print&#39; is ambiguous
 size_t Print::print(const char str[])
        ^~~~~
In file included from /home/ec2-user/arduino-testlib/cli-datadir/user/libraries/GuaraTeca_Hardware/src/Others/Print.cpp:29:0:
/home/ec2-user/arduino-testlib/cli-datadir/user/libraries/GuaraTeca_Hardware/src/Others/Print.h:34:7: note: candidates are: class Print
 class Print
       ^~~~~
In file included from /home/ec2-user/arduino-testlib/cli-datadir/data/packages/arduino/hardware/megaavr/1.8.7/cores/arduino/api/ArduinoAPI.h:31:0,
                 from /home/ec2-user/arduino-testlib/cli-datadir/data/packages/arduino/hardware/megaavr/1.8.7/cores/arduino/Arduino.h:23,
                 from /home/ec2-user/arduino-testlib/cli-datadir/user/libraries/GuaraTeca_Hardware/src/Others/Print.cpp:27:
/home/ec2-user/arduino-testlib/cli-datadir/data/packages/arduino/hardware/megaavr/1.8.7/cores/arduino/api/Print.h:34:7: note:                 class arduino::Print
 class Print
       ^~~~~
/home/ec2-user/arduino-testlib/cli-datadir/user/libraries/GuaraTeca_Hardware/src/Others/Print.cpp: In function &#39;size_t print(const char*)&#39;:
/home/ec2-user/arduino-testlib/cli-datadir/user/libraries/GuaraTeca_Hardware/src/Others/Print.cpp:64:19: error: too few arguments to function &#39;size_t write(const uint8_t*, size_t)&#39;
   return write(str);
                   ^
/home/ec2-user/arduino-testlib/cli-datadir/user/libraries/GuaraTeca_Hardware/src/Others/Print.cpp:34:8: note: declared here
 size_t Print::write(const uint8_t *buffer, size_t size)
        ^~~~~
/home/ec2-user/arduino-testlib/cli-datadir/user/libraries/GuaraTeca_Hardware/src/Others/Print.cpp: At global scope:
/home/ec2-user/arduino-testlib/cli-datadir/user/libraries/GuaraTeca_Hardware/src/Others/Print.cpp:67:8: error: reference to &#39;Print&#39; is ambiguous
 size_t Print::print(char c)
        ^~~~~
In file included from /home/ec2-user/arduino-testlib/cli-datadir/user/libraries/GuaraTeca_Hardware/src/Others/Print.cpp:29:0:
/home/ec2-user/arduino-testlib/cli-datadir/user/libraries/GuaraTeca_Hardware/src/Others/Print.h:34:7: note: candidates are: class Print
 class Print
       ^~~~~
In file included from /home/ec2-user/arduino-testlib/cli-datadir/data/packages/arduino/hardware/megaavr/1.8.7/cores/arduino/api/ArduinoAPI.h:31:0,
                 from /home/ec2-user/arduino-testlib/cli-datadir/data/packages/arduino/hardware/megaavr/1.8.7/cores/arduino/Arduino.h:23,
                 from /home/ec2-user/arduino-testlib/cli-datadir/user/libraries/GuaraTeca_Hardware/src/Others/Print.cpp:27:
/home/ec2-user/arduino-testlib/cli-datadir/data/packages/arduino/hardware/megaavr/1.8.7/cores/arduino/api/Print.h:34:7: note:                 class arduino::Print
 class Print
       ^~~~~
/home/ec2-user/arduino-testlib/cli-datadir/user/libraries/GuaraTeca_Hardware/src/Others/Print.cpp: In function &#39;size_t print(char)&#39;:
/home/ec2-user/arduino-testlib/cli-datadir/user/libraries/GuaraTeca_Hardware/src/Others/Print.cpp:69:17: error: too few arguments to function &#39;size_t write(const uint8_t*, size_t)&#39;
   return write(c);
                 ^
/home/ec2-user/arduino-testlib/cli-datadir/user/libraries/GuaraTeca_Hardware/src/Others/Print.cpp:34:8: note: declared here
 size_t Print::write(const uint8_t *buffer, size_t size)
        ^~~~~
/home/ec2-user/arduino-testlib/cli-datadir/user/libraries/GuaraTeca_Hardware/src/Others/Print.cpp: At global scope:
/home/ec2-user/arduino-testlib/cli-datadir/user/libraries/GuaraTeca_Hardware/src/Others/Print.cpp:72:8: error: reference to &#39;Print&#39; is ambiguous
 size_t Print::print(unsigned char b, int base)
        ^~~~~
In file included from /home/ec2-user/arduino-testlib/cli-datadir/user/libraries/GuaraTeca_Hardware/src/Others/Print.cpp:29:0:
/home/ec2-user/arduino-testlib/cli-datadir/user/libraries/GuaraTeca_Hardware/src/Others/Print.h:34:7: note: candidates are: class Print
 class Print
       ^~~~~
In file included from /home/ec2-user/arduino-testlib/cli-datadir/data/packages/arduino/hardware/megaavr/1.8.7/cores/arduino/api/ArduinoAPI.h:31:0,
                 from /home/ec2-user/arduino-testlib/cli-datadir/data/packages/arduino/hardware/megaavr/1.8.7/cores/arduino/Arduino.h:23,
                 from /home/ec2-user/arduino-testlib/cli-datadir/user/libraries/GuaraTeca_Hardware/src/Others/Print.cpp:27:
/home/ec2-user/arduino-testlib/cli-datadir/data/packages/arduino/hardware/megaavr/1.8.7/cores/arduino/api/Print.h:34:7: note:                 class arduino::Print
 class Print
       ^~~~~
/home/ec2-user/arduino-testlib/cli-datadir/user/libraries/GuaraTeca_Hardware/src/Others/Print.cpp:77:8: error: reference to &#39;Print&#39; is ambiguous
 size_t Print::print(int n, int base)
        ^~~~~
In file included from /home/ec2-user/arduino-testlib/cli-datadir/user/libraries/GuaraTeca_Hardware/src/Others/Print.cpp:29:0:
/home/ec2-user/arduino-testlib/cli-datadir/user/libraries/GuaraTeca_Hardware/src/Others/Print.h:34:7: note: candidates are: class Print
 class Print
       ^~~~~
In file included from /home/ec2-user/arduino-testlib/cli-datadir/data/packages/arduino/hardware/megaavr/1.8.7/cores/arduino/api/ArduinoAPI.h:31:0,
                 from /home/ec2-user/arduino-testlib/cli-datadir/data/packages/arduino/hardware</pre>

					
					<h4>examples/MotorShield</h4>
					<p>
						Result: <b>FAIL</b>
					</p>
					<pre class="pre-scrollable">In file included from /home/ec2-user/arduino-testlib/cli-datadir/user/libraries/GuaraTeca_Hardware/src/GuaraTeca_Sensor_GY521_MPU6050.h:25:0,
                 from /home/ec2-user/arduino-testlib/cli-datadir/user/librIn file included from /home/ec2-user/arduino-testlib/cli-datadir/user/libraries/GuaraTeca_Hardware/src/Others/Print.cpp:29:0:
/home/ec2-user/arduino-testlib/cli-datadir/user/libraries/GuaraTeca_Hardware/src/Others/Print.h:34:7: note: candidates are: class Print
 class Print
       ^~~~~
In file included from /home/ec2-user/arduino-testlib/cli-datadir/data/packages/arduino/hardware/megaavr/1.8.7/cores/arduino/api/ArduinoAPI.h:31:0,
                 from /home/ec2-user/arduino-testlib/cli-datadir/data/packages/arduino/hardware/megaavr/1.8.7/cores/arduino/Arduino.h:23,
                 from /home/ec2-user/arduino-testlib/cli-datadir/user/libraries/GuaraTeca_Hardware/src/Others/Print.cpp:27:
/home/ec2-user/arduino-testlib/cli-datadir/data/packages/arduino/hardware/megaavr/1.8.7/cores/arduino/api/Print.h:34:7: note:                 class arduino::Print
 class Print
       ^~~~~
/home/ec2-user/arduino-testlib/cli-datadir/user/libraries/GuaraTeca_Hardware/src/Others/Print.cpp: In function &#39;size_t write(const uint8_t*, size_t)&#39;:
/home/ec2-user/arduino-testlib/cli-datadir/user/libraries/GuaraTeca_Hardware/src/Others/Print.cpp:38:24: error: too few arguments to function &#39;size_t write(const uint8_t*, size_t)&#39;
     if (write(*buffer&#43;&#43;)) n&#43;&#43;;
                        ^
/home/ec2-user/arduino-testlib/cli-datadir/user/libraries/GuaraTeca_Hardware/src/Others/Print.cpp:34:8: note: declared here
 size_t Print::write(const uint8_t *buffer, size_t size)
        ^~~~~
/home/ec2-user/arduino-testlib/cli-datadir/user/libraries/GuaraTeca_Hardware/src/Others/Print.cpp: At global scope:
/home/ec2-user/arduino-testlib/cli-datadir/user/libraries/GuaraTeca_Hardware/src/Others/Print.cpp:44:8: error: reference to &#39;Print&#39; is ambiguous
 size_t Print::print(const __FlashStringHelper *ifsh)
        ^~~~~
In file included from /home/ec2-user/arduino-testlib/cli-datadir/user/libraries/GuaraTeca_Hardware/src/Others/Print.cpp:29:0:
/home/ec2-user/arduino-testlib/cli-datadir/user/libraries/GuaraTeca_Hardware/src/Others/Print.h:34:7: note: candidates are: class Print
 class Print
       ^~~~~
In file included from /home/ec2-user/arduino-testlib/cli-datadir/data/packages/arduino/hardware/megaavr/1.8.7/cores/arduino/api/ArduinoAPI.h:31:0,
                 from /home/ec2-user/arduino-testlib/cli-datadir/data/packages/arduino/hardware/megaavr/1.8.7/cores/arduino/Arduino.h:23,
                 from /home/ec2-user/arduino-testlib/cli-datadir/user/libraries/GuaraTeca_Hardware/src/Others/Print.cpp:27:
/home/ec2-user/arduino-testlib/cli-datadir/data/packages/arduino/hardware/megaavr/1.8.7/cores/arduino/api/Print.h:34:7: note:                 class arduino::Print
 class Print
       ^~~~~
/home/ec2-user/arduino-testlib/cli-datadir/user/libraries/GuaraTeca_Hardware/src/Others/Print.cpp: In function &#39;size_t print(const arduino::__FlashStringHelper*)&#39;:
/home/ec2-user/arduino-testlib/cli-datadir/user/libraries/GuaraTeca_Hardware/src/Others/Print.cpp:51:16: error: too few arguments to function &#39;size_t write(const uint8_t*, size_t)&#39;
     if (write(c)) n&#43;&#43;;
                ^
/home/ec2-user/arduino-testlib/cli-datadir/user/libraries/GuaraTeca_Hardware/src/Others/Print.cpp:34:8: note: declared here
 size_t Print::write(const uint8_t *buffer, size_t size)
        ^~~~~
/home/ec2-user/arduino-testlib/cli-datadir/user/libraries/GuaraTeca_Hardware/src/Others/Print.cpp: At global scope:
/home/ec2-user/arduino-testlib/cli-datadir/user/libraries/GuaraTeca_Hardware/src/Others/Print.cpp:57:8: error: reference to &#39;Print&#39; is ambiguous
 size_t Print::print(const String &amp;s)
        ^~~~~
In file included from /home/ec2-user/arduino-testlib/cli-datadir/user/libraries/GuaraTeca_Hardware/src/Others/Print.cpp:29:0:
/home/ec2-user/arduino-testlib/cli-datadir/user/libraries/GuaraTeca_Hardware/src/Others/Print.h:34:7: note: candidates are: class Print
 class Print
       ^~~~~
In file included from /home/ec2-user/arduino-testlib/cli-datadir/data/packages/arduino/hardware/megaavr/1.8.7/cores/arduino/api/ArduinoAPI.h:31:0,
                 from /home/ec2-user/arduino-testlib/cli-datadir/data/packages/arduino/hardware/megaavr/1.8.7/cores/arduino/Arduino.h:23,
                 from /home/ec2-user/arduino-testlib/cli-datadir/user/libraries/GuaraTeca_Hardware/src/Others/Print.cpp:27:
/home/ec2-user/arduino-testlib/cli-datadir/data/packages/arduino/hardware/megaavr/1.8.7/cores/arduino/api/Print.h:34:7: note:                 class arduino::Print
 class Print
       ^~~~~
/home/ec2-user/arduino-testlib/cli-datadir/user/libraries/GuaraTeca_Hardware/src/Others/Print.cpp:62:8: error: reference to &#39;Print&#39; is ambiguous
 size_t Print::print(const char str[])
        ^~~~~
In file included from /home/ec2-user/arduino-testlib/cli-datadir/user/libraries/GuaraTeca_Hardware/src/Others/Print.cpp:29:0:
/home/ec2-user/arduino-testlib/cli-datadir/user/libraries/GuaraTeca_Hardware/src/Others/Print.h:34:7: note: candidates are: class Print
 class Print
       ^~~~~
In file included from /home/ec2-user/arduino-testlib/cli-datadir/data/packages/arduino/hardware/megaavr/1.8.7/cores/arduino/api/ArduinoAPI.h:31:0,
                 from /home/ec2-user/arduino-testlib/cli-datadir/data/packages/arduino/hardware/megaavr/1.8.7/cores/arduino/Arduino.h:23,
                 from /home/ec2-user/arduino-testlib/cli-datadir/user/libraries/GuaraTeca_Hardware/src/Others/Print.cpp:27:
/home/ec2-user/arduino-testlib/cli-datadir/data/packages/arduino/hardware/megaavr/1.8.7/cores/arduino/api/Print.h:34:7: note:                 class arduino::Print
 class Print
       ^~~~~
/home/ec2-user/arduino-testlib/cli-datadir/user/libraries/GuaraTeca_Hardware/src/Others/Print.cpp: In function &#39;size_t print(const char*)&#39;:
/home/ec2-user/arduino-testlib/cli-datadir/user/libraries/GuaraTeca_Hardware/src/Others/Print.cpp:64:19: error: too few arguments to function &#39;size_t write(const uint8_t*, size_t)&#39;
   return write(str);
                   ^
/home/ec2-user/arduino-testlib/cli-datadir/user/libraries/GuaraTeca_Hardware/src/Others/Print.cpp:34:8: note: declared here
 size_t Print::write(const uint8_t *buffer, size_t size)
        ^~~~~
/home/ec2-user/arduino-testlib/cli-datadir/user/libraries/GuaraTeca_Hardware/src/Others/Print.cpp: At global scope:
/home/ec2-user/arduino-testlib/cli-datadir/user/libraries/GuaraTeca_Hardware/src/Others/Print.cpp:67:8: error: reference to &#39;Print&#39; is ambiguous
 size_t Print::print(char c)
        ^~~~~
In file included from /home/ec2-user/arduino-testlib/cli-datadir/user/libraries/GuaraTeca_Hardware/src/Others/Print.cpp:29:0:
/home/ec2-user/arduino-testlib/cli-datadir/user/libraries/GuaraTeca_Hardware/src/Others/Print.h:34:7: note: candidates are: class Print
 class Print
       ^~~~~
In file included from /home/ec2-user/arduino-testlib/cli-datadir/data/packages/arduino/hardware/megaavr/1.8.7/cores/arduino/api/ArduinoAPI.h:31:0,
                 from /home/ec2-user/arduino-testlib/cli-datadir/data/packages/arduino/hardware/megaavr/1.8.7/cores/arduino/Arduino.h:23,
                 from /home/ec2-user/arduino-testlib/cli-datadir/user/libraries/GuaraTeca_Hardware/src/Others/Print.cpp:27:
/home/ec2-user/arduino-testlib/cli-datadir/data/packages/arduino/hardware/megaavr/1.8.7/cores/arduino/api/Print.h:34:7: note:                 class arduino::Print
 class Print
       ^~~~~
/home/ec2-user/arduino-testlib/cli-datadir/user/libraries/GuaraTeca_Hardware/src/Others/Print.cpp: In function &#39;size_t print(char)&#39;:
/home/ec2-user/arduino-testlib/cli-datadir/user/libraries/GuaraTeca_Hardware/src/Others/Print.cpp:69:17: error: too few arguments to function &#39;size_t write(const uint8_t*, size_t)&#39;
   return write(c);
                 ^
/home/ec2-user/arduino-testlib/cli-datadir/user/libraries/GuaraTeca_Hardware/src/Others/Print.cpp:34:8: note: declared here
 size_t Print::write(const uint8_t *buffer, size_t size)
        ^~~~~
/home/ec2-user/arduino-testlib/cli-datadir/user/libraries/GuaraTeca_Hardware/src/Others/Print.cpp: At global scope:
/home/ec2-user/arduino-testlib/cli-datadir/user/libraries/GuaraTeca_Hardware/src/Others/Print.cpp:72:8: error: reference to &#39;Print&#39; is ambiguous
 size_t Print::print(unsigned char b, int base)
        ^~~~~
In file included from /home/ec2-user/arduino-testlib/cli-datadir/user/libraries/GuaraTeca_Hardware/src/Others/Print.cpp:29:0:
/home/ec2-user/arduino-testlib/cli-datadir/user/libraries/GuaraTeca_Hardware/src/Others/Print.h:34:7: note: candidates are: class Print
 class Print
       ^~~~~
In file included from /home/ec2-user/arduino-testlib/cli-datadir/data/packages/arduino/hardware/megaavr/1.8.7/cores/arduino/api/ArduinoAPI.h:31:0,
                 from /home/ec2-user/arduino-testlib/cli-datadir/data/packages/arduino/hardware/megaavr/1.8.7/cores/arduino/Arduino.h:23,
                 from /home/ec2-user/arduino-testlib/cli-datadir/user/libraries/GuaraTeca_Hardware/src/Others/Print.cpp:27:
/home/ec2-user/arduino-testlib/cli-datadir/data/packages/arduino/hardware/megaavr/1.8.7/cores/arduino/api/Print.h:34:7: note:                 class arduino::Print
 class Print
       ^~~~~
/home/ec2-user/arduino-testlib/cli-datadir/user/libraries/GuaraTeca_Hardware/src/Others/Print.cpp:77:8: error: reference to &#39;Print&#39; is ambiguous
 size_t Print::print(int n, int base)
        ^~~~~
In file included from /home/ec2-user/arduino-testlib/cli-datadir/user/libraries/GuaraTeca_Hardware/src/Others/Print.cpp:29:0:
/home/ec2-user/arduino-testlib/cli-datadir/user/libraries/GuaraTeca_Hardware/src/Others/Print.h:34:7: note: candidates are: class Print
 class Print
       ^~~~~
In file included from /home/ec2-user/arduino-testlib/cli-datadir/data/packages/arduino/hardware/megaavr/1.8.7/cores/arduino/api/ArduinoAPI.h:31:0,
                 from /home/ec2-user/arduino-testlib/cli-datadir/data/packages/arduino/hardware</pre>
					
					<h4>examples/PonteH</h4>
					<p>
						Result: <b>FAIL</b>
					</p>
					<pre class="pre-scrollable">/home/ec2-user/arduino-testlib/cli-datadir/user/libraries/GuaraTeca_Hardware/src/Others/Print.cpp:34:8: error: reference to &#39;Print&#39; is ambiguous
 size_t Print::write(const uint8_t *buffer, size_t size)
        ^~~~~
In file included from /home/ec2-user/arduino-testlib/cli-datadir/user/libraries/GuaraTeca_Hardware/src/Others/Print.cpp:29:0:
/home/ec2-user/arduino-testlib/cli-datadir/user/libraries/GuaraTeca_Hardware/src/Others/Print.h:34:7: note: candidates are: class Print
 class Print
       ^~~~~
In file packages/arduino/hardware/megaavr/1.8.7/libraries/Wire/src/Wire.h:64:12: note: candidate 1: size_t TwoWire::requestFrom(int, int, int)
     size_t requestFrom(int, int, int);
            ^~~~~~~~~~~
/home/ec2-user/arduino-testlib/cli-datadir/data/packages/arduino/hardware/megaavr/1.8.7/libraries/Wire/src/Wire.h:62:12: note: candidate 2: virtual size_t TwoWire::requestFrom(uint8_t, size_t, bool)
     size_t requestFrom(uint8_t, size_t, bool);
            ^~~~~~~~~~~
ware/megaavr/1.8.7/cores/arduino/api/Print.h:34:7: note:                 class arduino::Print
 class Print
       ^~~~~
/home/ec2-user/arduino-testlib/cli-datadir/user/libraries/GuaraTeca_Hardware/src/Others/Print.cpp: In function &#39;size_t write(const uint8_t*, size_t)&#39;:
/home/ec2-user/arduino-testlib/cli-datadir/user/libraries/GuaraTeca_Hardware/src/Others/Print.cpp:38:24: error: too few arguments to function &#39;size_t write(const uint8_t*, size_t)&#39;
     if (write(*buffer&#43;&#43;)) n&#43;&#43;;
                        ^
/home/ec2-user/arduino-testlib/cli-datadir/user/libraries/GuaraTeca_Hardware/src/Others/Print.cpp:34:8: note: declared here
 size_t Print::write(const uint8_t *buffer, size_t size)
        ^~~~~
/home/ec2-user/arduino-testlib/cli-datadir/user/libraries/GuaraTeca_Hardware/src/Others/Print.cpp: At global scope:
/home/ec2-user/arduino-testlib/cli-datadir/user/libraries/GuaraTeca_Hardware/src/Others/Print.cpp:44:8: error: reference to &#39;Print&#39; is ambiguous
 size_t Print::print(const __FlashStringHelper *ifsh)
        ^~~~~
In file included from /home/ec2-user/arduino-testlib/cli-datadir/user/libraries/GuaraTeca_Hardware/src/Others/Print.cpp:29:0:
/home/ec2-user/arduino-testlib/cli-datadir/user/libraries/GuaraTeca_Hardware/src/Others/Print.h:34:7: note: candidates are: class Print
 class Print
       ^~~~~
In file included from /home/ec2-user/arduino-testlib/cli-datadir/data/packages/arduino/hardware/megaavr/1.8.7/cores/arduino/api/ArduinoAPI.h:31:0,
                 from /home/ec2-user/arduino-testlib/cli-datadir/data/packages/arduino/hardware/megaavr/1.8.7/cores/arduino/Arduino.h:23,
                 from /home/ec2-user/arduino-testlib/cli-datadir/user/libraries/GuaraTeca_Hardware/src/Others/Print.cpp:27:
/home/ec2-user/arduino-testlib/cli-datadir/data/packages/arduino/hardware/megaavr/1.8.7/cores/arduino/api/Print.h:34:7: note:                 class arduino::Print
 class Print
       ^~~~~
/home/ec2-user/arduino-testlib/cli-datadir/user/libraries/GuaraTeca_Hardware/src/Others/Print.cpp: In function &#39;size_t print(const arduino::__FlashStringHelper*)&#39;:
/home/ec2-user/arduino-testlib/cli-datadir/user/libraries/GuaraTeca_Hardware/src/Others/Print.cpp:51:16: error: too few arguments to function &#39;size_t write(const uint8_t*, size_t)&#39;
     if (write(c)) n&#43;&#43;;
                ^
/home/ec2-user/arduino-testlib/cli-datadir/user/libraries/GuaraTeca_Hardware/src/Others/Print.cpp:34:8: note: declared here
 size_t Print::write(const uint8_t *buffer, size_t size)
        ^~~~~
/home/ec2-user/arduino-testlib/cli-datadir/user/libraries/GuaraTeca_Hardware/src/Others/Print.cpp: At global scope:
/home/ec2-user/arduino-testlib/cli-datadir/user/libraries/GuaraTeca_Hardware/src/Others/Print.cpp:57:8: error: reference to &#39;Print&#39; is ambiguous
 size_t Print::print(const String &amp;s)
        ^~~~~
In file included from /home/ec2-user/arduino-testlib/cli-datadir/user/libraries/GuaraTeca_Hardware/src/Others/Print.cpp:29:0:
/home/ec2-user/arduino-testlib/cli-datadir/user/libraries/GuaraTeca_Hardware/src/Others/Print.h:34:7: note: candidates are: class Print
 class Print
       ^~~~~
In file included from /home/ec2-user/arduino-testlib/cli-datadir/data/packages/arduino/hardware/megaavr/1.8.7/cores/arduino/api/ArduinoAPI.h:31:0,
                 from /home/ec2-user/arduino-testlib/cli-datadir/data/packages/arduino/hardware/megaavr/1.8.7/cores/arduino/Arduino.h:23,
                 from /home/ec2-user/arduino-testlib/cli-datadir/user/libraries/GuaraTeca_Hardware/src/Others/Print.cpp:27:
/home/ec2-user/arduino-testlib/cli-datadir/data/packages/arduino/hardware/megaavr/1.8.7/cores/arduino/api/Print.h:34:7: note:                 class arduino::Print
 class Print
       ^~~~~
/home/ec2-user/arduino-testlib/cli-datadir/user/libraries/GuaraTeca_Hardware/src/Others/Print.cpp:62:8: error: reference to &#39;Print&#39; is ambiguous
 size_t Print::print(const char str[])
        ^~~~~
In file included from /home/ec2-user/arduino-testlib/cli-datadir/user/libraries/GuaraTeca_Hardware/src/Others/Print.cpp:29:0:
/home/ec2-user/arduino-testlib/cli-datadir/user/libraries/GuaraTeca_Hardware/src/Others/Print.h:34:7: note: candidates are: class Print
 class Print
       ^~~~~
In file included from /home/ec2-user/arduino-testlib/cli-datadir/data/packages/arduino/hardware/megaavr/1.8.7/cores/arduino/api/ArduinoAPI.h:31:0,
                 from /home/ec2-user/arduino-testlib/cli-datadir/data/packages/arduino/hardware/megaavr/1.8.7/cores/arduino/Arduino.h:23,
                 from /home/ec2-user/arduino-testlib/cli-datadir/user/libraries/GuaraTeca_Hardware/src/Others/Print.cpp:27:
/home/ec2-user/arduino-testlib/cli-datadir/data/packages/arduino/hardware/megaavr/1.8.7/cores/arduino/api/Print.h:34:7: note:                 class arduino::Print
 class Print
       ^~~~~
/home/ec2-user/arduino-testlib/cli-datadir/user/libraries/GuaraTeca_Hardware/src/Others/Print.cpp: In function &#39;size_t print(const char*)&#39;:
/home/ec2-user/arduino-testlib/cli-datadir/user/libraries/GuaraTeca_Hardware/src/Others/Print.cpp:64:19: error: too few arguments to function &#39;size_t write(const uint8_t*, size_t)&#39;
   return write(str);
                   ^
/home/ec2-user/arduino-testlib/cli-datadir/user/libraries/GuaraTeca_Hardware/src/Others/Print.cpp:34:8: note: declared here
 size_t Print::write(const uint8_t *buffer, size_t size)
        ^~~~~
/home/ec2-user/arduino-testlib/cli-datadir/user/libraries/GuaraTeca_Hardware/src/Others/Print.cpp: At global scope:
/home/ec2-user/arduino-testlib/cli-datadir/user/libraries/GuaraTeca_Hardware/src/Others/Print.cpp:67:8: error: reference to &#39;Print&#39; is ambiguous
 size_t Print::print(char c)
        ^~~~~
In file included from /home/ec2-user/arduino-testlib/cli-datadir/user/libraries/GuaraTeca_Hardware/src/Others/Print.cpp:29:0:
/home/ec2-user/arduino-testlib/cli-datadir/user/libraries/GuaraTeca_Hardware/src/Others/Print.h:34:7: note: candidates are: class Print
 class Print
       ^~~~~
In file included from /home/ec2-user/arduino-testlib/cli-datadir/data/packages/arduino/hardware/megaavr/1.8.7/cores/arduino/api/ArduinoAPI.h:31:0,
                 from /home/ec2-user/arduino-testlib/cli-datadir/data/packages/arduino/hardware/megaavr/1.8.7/cores/arduino/Arduino.h:23,
                 from /home/ec2-user/arduino-testlib/cli-datadir/user/libraries/GuaraTeca_Hardware/src/Others/Print.cpp:27:
/home/ec2-user/arduino-testlib/cli-datadir/data/packages/arduino/hardware/megaavr/1.8.7/cores/arduino/api/Print.h:34:7: note:                 class arduino::Print
 class Print
       ^~~~~
/home/ec2-user/arduino-testlib/cli-datadir/user/libraries/GuaraTeca_Hardware/src/Others/Print.cpp: In function &#39;size_t print(char)&#39;:
/home/ec2-user/arduino-testlib/cli-datadir/user/libraries/GuaraTeca_Hardware/src/Others/Print.cpp:69:17: error: too few arguments to function &#39;size_t write(const uint8_t*, size_t)&#39;
   return write(c);
                 ^
/home/ec2-user/arduino-testlib/cli-datadir/user/libraries/GuaraTeca_Hardware/src/Others/Print.cpp:34:8: note: declared here
 size_t Print::write(const uint8_t *buffer, size_t size)
        ^~~~~
/home/ec2-user/arduino-testlib/cli-datadir/user/libraries/GuaraTeca_Hardware/src/Others/Print.cpp: At global scope:
/home/ec2-user/arduino-testlib/cli-datadir/user/libraries/GuaraTeca_Hardware/src/Others/Print.cpp:72:8: error: reference to &#39;Print&#39; is ambiguous
 size_t Print::print(unsigned char b, int base)
        ^~~~~
In file included from /home/ec2-user/arduino-testlib/cli-datadir/user/libraries/GuaraTeca_Hardware/src/Others/Print.cpp:29:0:
/home/ec2-user/arduino-testlib/cli-datadir/user/libraries/GuaraTeca_Hardware/src/Others/Print.h:34:7: note: candidates are: class Print
 class Print
       ^~~~~
In file included from /home/ec2-user/arduino-testlib/cli-datadir/data/packages/arduino/hardware/megaavr/1.8.7/cores/arduino/api/ArduinoAPI.h:31:0,
                 from /home/ec2-user/arduino-testlib/cli-datadir/data/packages/arduino/hardware/megaavr/1.8.7/cores/arduino/Arduino.h:23,
                 from /home/ec2-user/arduino-testlib/cli-datadir/user/libraries/GuaraTeca_Hardware/src/Others/Print.cpp:27:
/home/ec2-user/arduino-testlib/cli-datadir/data/packages/arduino/hardware/megaavr/1.8.7/cores/arduino/api/Print.h:34:7: note:                 class arduino::Print
 class Print
       ^~~~~
/home/ec2-user/arduino-testlib/cli-datadir/user/libraries/GuaraTeca_Hardware/src/Others/Print.cpp:77:8: error: reference to &#39;Print&#39; is ambiguous
 size_t Print::print(int n, int base)
        ^~~~~
In file included from /home/ec2-user/arduino-testlib/cli-datadir/user/libraries/GuaraTeca_Hardware/src/Others/Print.cpp:29:0:
/home/ec2-user/arduino-testlib/cli-datadir/user/libraries/GuaraTeca_Hardware/src/Others/Print.h:34:7: note: candidates are: class Print
 class Print
       ^~~~~
In file included from /home/ec2-user/arduino-testlib/cli-datadir/data/packages/arduino/hardware/megaavr/1.8.7/cores/arduino/api/ArduinoAPI.h:31:0,
                 from /home/ec2-user/arduino-testlib/cli-datadir/data/packages/arduino/hardware</pre>
					
					<h4>examples/SensorAgua</h4>
					<p>
						Result: <b>FAIL</b>
					</p>
					<pre class="pre-scrollable">/home/ec2-user/arduino-testlib/cli-datadir/user/libraries/GuaraTeca_Hardware/src/Others/Print.cpp:34:8: error: reference to &#39;Print&#39; is ambiguous
 size_t Print::write(const uint8_t *buffer, size_t size)
        ^~~~~
In file included from /home/ec2-user/arduino-testlib/cli-datadir/user/libraries/GuaraTeca_Hardware/src/Others/Print.cpp:29:0:
/home/ec2-user/arduino-testlib/cli-datadir/user/libraries/GuaraTeca_Hardware/src/Others/Print.h:34:7: note: candidates are: class Print
 class Print
       ^~~~~
In file packages/arduino/hardware/megaavr/1.8.7/libraries/Wire/src/Wire.h:64:12: note: candidate 1: size_t TwoWire::requestFrom(int, int, int)
     size_t requestFrom(int, int, int);
            ^~~~~~~~~~~
/home/ec2-user/arduino-testlib/cli-datadir/data/packages/arduino/hardware/megaavr/1.8.7/libraries/Wire/src/Wire.h:62:12: note: candidate 2: virtual size_t TwoWire::requestFrom(uint8_t, size_t, bool)
     size_t requestFrom(uint8_t, size_t, bool);
            ^~~~~~~~~~~
ware/megaavr/1.8.7/cores/arduino/api/Print.h:34:7: note:                 class arduino::Print
 class Print
       ^~~~~
/home/ec2-user/arduino-testlib/cli-datadir/user/libraries/GuaraTeca_Hardware/src/Others/Print.cpp: In function &#39;size_t write(const uint8_t*, size_t)&#39;:
/home/ec2-user/arduino-testlib/cli-datadir/user/libraries/GuaraTeca_Hardware/src/Others/Print.cpp:38:24: error: too few arguments to function &#39;size_t write(const uint8_t*, size_t)&#39;
     if (write(*buffer&#43;&#43;)) n&#43;&#43;;
                        ^
/home/ec2-user/arduino-testlib/cli-datadir/user/libraries/GuaraTeca_Hardware/src/Others/Print.cpp:34:8: note: declared here
 size_t Print::write(const uint8_t *buffer, size_t size)
        ^~~~~
/home/ec2-user/arduino-testlib/cli-datadir/user/libraries/GuaraTeca_Hardware/src/Others/Print.cpp: At global scope:
/home/ec2-user/arduino-testlib/cli-datadir/user/libraries/GuaraTeca_Hardware/src/Others/Print.cpp:44:8: error: reference to &#39;Print&#39; is ambiguous
 size_t Print::print(const __FlashStringHelper *ifsh)
        ^~~~~
In file included from /home/ec2-user/arduino-testlib/cli-datadir/user/libraries/GuaraTeca_Hardware/src/Others/Print.cpp:29:0:
/home/ec2-user/arduino-testlib/cli-datadir/user/libraries/GuaraTeca_Hardware/src/Others/Print.h:34:7: note: candidates are: class Print
 class Print
       ^~~~~
In file included from /home/ec2-user/arduino-testlib/cli-datadir/data/packages/arduino/hardware/megaavr/1.8.7/cores/arduino/api/ArduinoAPI.h:31:0,
                 from /home/ec2-user/arduino-testlib/cli-datadir/data/packages/arduino/hardware/megaavr/1.8.7/cores/arduino/Arduino.h:23,
                 from /home/ec2-user/arduino-testlib/cli-datadir/user/libraries/GuaraTeca_Hardware/src/Others/Print.cpp:27:
/home/ec2-user/arduino-testlib/cli-datadir/data/packages/arduino/hardware/megaavr/1.8.7/cores/arduino/api/Print.h:34:7: note:                 class arduino::Print
 class Print
       ^~~~~
/home/ec2-user/arduino-testlib/cli-datadir/user/libraries/GuaraTeca_Hardware/src/Others/Print.cpp: In function &#39;size_t print(const arduino::__FlashStringHelper*)&#39;:
/home/ec2-user/arduino-testlib/cli-datadir/user/libraries/GuaraTeca_Hardware/src/Others/Print.cpp:51:16: error: too few arguments to function &#39;size_t write(const uint8_t*, size_t)&#39;
     if (write(c)) n&#43;&#43;;
                ^
/home/ec2-user/arduino-testlib/cli-datadir/user/libraries/GuaraTeca_Hardware/src/Others/Print.cpp:34:8: note: declared here
 size_t Print::write(const uint8_t *buffer, size_t size)
        ^~~~~
/home/ec2-user/arduino-testlib/cli-datadir/user/libraries/GuaraTeca_Hardware/src/Others/Print.cpp: At global scope:
/home/ec2-user/arduino-testlib/cli-datadir/user/libraries/GuaraTeca_Hardware/src/Others/Print.cpp:57:8: error: reference to &#39;Print&#39; is ambiguous
 size_t Print::print(const String &amp;s)
        ^~~~~
In file included from /home/ec2-user/arduino-testlib/cli-datadir/user/libraries/GuaraTeca_Hardware/src/Others/Print.cpp:29:0:
/home/ec2-user/arduino-testlib/cli-datadir/user/libraries/GuaraTeca_Hardware/src/Others/Print.h:34:7: note: candidates are: class Print
 class Print
       ^~~~~
In file included from /home/ec2-user/arduino-testlib/cli-datadir/data/packages/arduino/hardware/megaavr/1.8.7/cores/arduino/api/ArduinoAPI.h:31:0,
                 from /home/ec2-user/arduino-testlib/cli-datadir/data/packages/arduino/hardware/megaavr/1.8.7/cores/arduino/Arduino.h:23,
                 from /home/ec2-user/arduino-testlib/cli-datadir/user/libraries/GuaraTeca_Hardware/src/Others/Print.cpp:27:
/home/ec2-user/arduino-testlib/cli-datadir/data/packages/arduino/hardware/megaavr/1.8.7/cores/arduino/api/Print.h:34:7: note:                 class arduino::Print
 class Print
       ^~~~~
/home/ec2-user/arduino-testlib/cli-datadir/user/libraries/GuaraTeca_Hardware/src/Others/Print.cpp:62:8: error: reference to &#39;Print&#39; is ambiguous
 size_t Print::print(const char str[])
        ^~~~~
In file included from /home/ec2-user/arduino-testlib/cli-datadir/user/libraries/GuaraTeca_Hardware/src/Others/Print.cpp:29:0:
/home/ec2-user/arduino-testlib/cli-datadir/user/libraries/GuaraTeca_Hardware/src/Others/Print.h:34:7: note: candidates are: class Print
 class Print
       ^~~~~
In file included from /home/ec2-user/arduino-testlib/cli-datadir/data/packages/arduino/hardware/megaavr/1.8.7/cores/arduino/api/ArduinoAPI.h:31:0,
                 from /home/ec2-user/arduino-testlib/cli-datadir/data/packages/arduino/hardware/megaavr/1.8.7/cores/arduino/Arduino.h:23,
                 from /home/ec2-user/arduino-testlib/cli-datadir/user/libraries/GuaraTeca_Hardware/src/Others/Print.cpp:27:
/home/ec2-user/arduino-testlib/cli-datadir/data/packages/arduino/hardware/megaavr/1.8.7/cores/arduino/api/Print.h:34:7: note:                 class arduino::Print
 class Print
       ^~~~~
/home/ec2-user/arduino-testlib/cli-datadir/user/libraries/GuaraTeca_Hardware/src/Others/Print.cpp: In function &#39;size_t print(const char*)&#39;:
/home/ec2-user/arduino-testlib/cli-datadir/user/libraries/GuaraTeca_Hardware/src/Others/Print.cpp:64:19: error: too few arguments to function &#39;size_t write(const uint8_t*, size_t)&#39;
   return write(str);
                   ^
/home/ec2-user/arduino-testlib/cli-datadir/user/libraries/GuaraTeca_Hardware/src/Others/Print.cpp:34:8: note: declared here
 size_t Print::write(const uint8_t *buffer, size_t size)
        ^~~~~
/home/ec2-user/arduino-testlib/cli-datadir/user/libraries/GuaraTeca_Hardware/src/Others/Print.cpp: At global scope:
/home/ec2-user/arduino-testlib/cli-datadir/user/libraries/GuaraTeca_Hardware/src/Others/Print.cpp:67:8: error: reference to &#39;Print&#39; is ambiguous
 size_t Print::print(char c)
        ^~~~~
In file included from /home/ec2-user/arduino-testlib/cli-datadir/user/libraries/GuaraTeca_Hardware/src/Others/Print.cpp:29:0:
/home/ec2-user/arduino-testlib/cli-datadir/user/libraries/GuaraTeca_Hardware/src/Others/Print.h:34:7: note: candidates are: class Print
 class Print
       ^~~~~
In file included from /home/ec2-user/arduino-testlib/cli-datadir/data/packages/arduino/hardware/megaavr/1.8.7/cores/arduino/api/ArduinoAPI.h:31:0,
                 from /home/ec2-user/arduino-testlib/cli-datadir/data/packages/arduino/hardware/megaavr/1.8.7/cores/arduino/Arduino.h:23,
                 from /home/ec2-user/arduino-testlib/cli-datadir/user/libraries/GuaraTeca_Hardware/src/Others/Print.cpp:27:
/home/ec2-user/arduino-testlib/cli-datadir/data/packages/arduino/hardware/megaavr/1.8.7/cores/arduino/api/Print.h:34:7: note:                 class arduino::Print
 class Print
       ^~~~~
/home/ec2-user/arduino-testlib/cli-datadir/user/libraries/GuaraTeca_Hardware/src/Others/Print.cpp: In function &#39;size_t print(char)&#39;:
/home/ec2-user/arduino-testlib/cli-datadir/user/libraries/GuaraTeca_Hardware/src/Others/Print.cpp:69:17: error: too few arguments to function &#39;size_t write(const uint8_t*, size_t)&#39;
   return write(c);
                 ^
/home/ec2-user/arduino-testlib/cli-datadir/user/libraries/GuaraTeca_Hardware/src/Others/Print.cpp:34:8: note: declared here
 size_t Print::write(const uint8_t *buffer, size_t size)
        ^~~~~
/home/ec2-user/arduino-testlib/cli-datadir/user/libraries/GuaraTeca_Hardware/src/Others/Print.cpp: At global scope:
/home/ec2-user/arduino-testlib/cli-datadir/user/libraries/GuaraTeca_Hardware/src/Others/Print.cpp:72:8: error: reference to &#39;Print&#39; is ambiguous
 size_t Print::print(unsigned char b, int base)
        ^~~~~
In file included from /home/ec2-user/arduino-testlib/cli-datadir/user/libraries/GuaraTeca_Hardware/src/Others/Print.cpp:29:0:
/home/ec2-user/arduino-testlib/cli-datadir/user/libraries/GuaraTeca_Hardware/src/Others/Print.h:34:7: note: candidates are: class Print
 class Print
       ^~~~~
In file included from /home/ec2-user/arduino-testlib/cli-datadir/data/packages/arduino/hardware/megaavr/1.8.7/cores/arduino/api/ArduinoAPI.h:31:0,
                 from /home/ec2-user/arduino-testlib/cli-datadir/data/packages/arduino/hardware/megaavr/1.8.7/cores/arduino/Arduino.h:23,
                 from /home/ec2-user/arduino-testlib/cli-datadir/user/libraries/GuaraTeca_Hardware/src/Others/Print.cpp:27:
/home/ec2-user/arduino-testlib/cli-datadir/data/packages/arduino/hardware/megaavr/1.8.7/cores/arduino/api/Print.h:34:7: note:                 class arduino::Print
 class Print
       ^~~~~
/home/ec2-user/arduino-testlib/cli-datadir/user/libraries/GuaraTeca_Hardware/src/Others/Print.cpp:77:8: error: reference to &#39;Print&#39; is ambiguous
 size_t Print::print(int n, int base)
        ^~~~~
In file included from /home/ec2-user/arduino-testlib/cli-datadir/user/libraries/GuaraTeca_Hardware/src/Others/Print.cpp:29:0:
/home/ec2-user/arduino-testlib/cli-datadir/user/libraries/GuaraTeca_Hardware/src/Others/Print.h:34:7: note: candidates are: class Print
 class Print
       ^~~~~
In file included from /home/ec2-user/arduino-testlib/cli-datadir/data/packages/arduino/hardware/megaavr/1.8.7/cores/arduino/api/ArduinoAPI.h:31:0,
                 from /home/ec2-user/arduino-testlib/cli-datadir/data/packages/arduino/hardware</pre>
					
					<h4>examples/SensorCor</h4>
					<p>
						Result: <b>FAIL</b>
					</p>
					<pre class="pre-scrollable">/home/ec2-user/arduino-testlib/cli-datadir/user/libraries/GuaraTeca_Hardware/examples/SensorCor/SensorCor.ino:21:10: fatal error: GuaraTeca_SensorCor.h: No such file or directory
 #include &lt;GuaraTeca_SensorCor.h&gt;
          ^~~~~~~~~~~~~~~~~~~~~~~
compilation terminated.

</pre>
					
					<h4>examples/SensorDHT</h4>
					<p>
						Result: <b>FAIL</b>
					</p>
					<pre class="pre-scrollable">In file included from /home/ec2-user/arduino-testlib/cli-datadir/user/libraries/GuaraTeca_Hardware/src/GuaraTeca_Sensor_GY521_MPU6050.h:25:0,
                 from /home/ec2-user/arduino-testlib/cli-datadir/user/librIn file included from /home/ec2-user/arduino-testlib/cli-datadir/user/libraries/GuaraTeca_Hardware/src/Others/Print.cpp:29:0:
/home/ec2-user/arduino-testlib/cli-datadir/user/libraries/GuaraTeca_Hardware/src/Others/Print.h:34:7: note: candidates are: class Print
 class Print
       ^~~~~
In file included from /home/ec2-user/arduino-testlib/cli-datadir/data/packages/arduino/hardware/megaavr/1.8.7/cores/arduino/api/ArduinoAPI.h:31:0,
                 from /home/ec2-user/arduino-testlib/cli-datadir/data/packages/arduino/hardware/megaavr/1.8.7/cores/arduino/Arduino.h:23,
                 from /home/ec2-user/arduino-testlib/cli-datadir/user/libraries/GuaraTeca_Hardware/src/Others/Print.cpp:27:
/home/ec2-user/arduino-testlib/cli-datadir/data/packages/arduino/hardware/megaavr/1.8.7/cores/arduino/api/Print.h:34:7: note:                 class arduino::Print
 class Print
       ^~~~~
/home/ec2-user/arduino-testlib/cli-datadir/user/libraries/GuaraTeca_Hardware/src/Others/Print.cpp: In function &#39;size_t write(const uint8_t*, size_t)&#39;:
/home/ec2-user/arduino-testlib/cli-datadir/user/libraries/GuaraTeca_Hardware/src/Others/Print.cpp:38:24: error: too few arguments to function &#39;size_t write(const uint8_t*, size_t)&#39;
     if (write(*buffer&#43;&#43;)) n&#43;&#43;;
                        ^
/home/ec2-user/arduino-testlib/cli-datadir/user/libraries/GuaraTeca_Hardware/src/Others/Print.cpp:34:8: note: declared here
 size_t Print::write(const uint8_t *buffer, size_t size)
        ^~~~~
/home/ec2-user/arduino-testlib/cli-datadir/user/libraries/GuaraTeca_Hardware/src/Others/Print.cpp: At global scope:
/home/ec2-user/arduino-testlib/cli-datadir/user/libraries/GuaraTeca_Hardware/src/Others/Print.cpp:44:8: error: reference to &#39;Print&#39; is ambiguous
 size_t Print::print(const __FlashStringHelper *ifsh)
        ^~~~~
In file included from /home/ec2-user/arduino-testlib/cli-datadir/user/libraries/GuaraTeca_Hardware/src/Others/Print.cpp:29:0:
/home/ec2-user/arduino-testlib/cli-datadir/user/libraries/GuaraTeca_Hardware/src/Others/Print.h:34:7: note: candidates are: class Print
 class Print
       ^~~~~
In file included from /home/ec2-user/arduino-testlib/cli-datadir/data/packages/arduino/hardware/megaavr/1.8.7/cores/arduino/api/ArduinoAPI.h:31:0,
                 from /home/ec2-user/arduino-testlib/cli-datadir/data/packages/arduino/hardware/megaavr/1.8.7/cores/arduino/Arduino.h:23,
                 from /home/ec2-user/arduino-testlib/cli-datadir/user/libraries/GuaraTeca_Hardware/src/Others/Print.cpp:27:
/home/ec2-user/arduino-testlib/cli-datadir/data/packages/arduino/hardware/megaavr/1.8.7/cores/arduino/api/Print.h:34:7: note:                 class arduino::Print
 class Print
       ^~~~~
/home/ec2-user/arduino-testlib/cli-datadir/user/libraries/GuaraTeca_Hardware/src/Others/Print.cpp: In function &#39;size_t print(const arduino::__FlashStringHelper*)&#39;:
/home/ec2-user/arduino-testlib/cli-datadir/user/libraries/GuaraTeca_Hardware/src/Others/Print.cpp:51:16: error: too few arguments to function &#39;size_t write(const uint8_t*, size_t)&#39;
     if (write(c)) n&#43;&#43;;
                ^
/home/ec2-user/arduino-testlib/cli-datadir/user/libraries/GuaraTeca_Hardware/src/Others/Print.cpp:34:8: note: declared here
 size_t Print::write(const uint8_t *buffer, size_t size)
        ^~~~~
/home/ec2-user/arduino-testlib/cli-datadir/user/libraries/GuaraTeca_Hardware/src/Others/Print.cpp: At global scope:
/home/ec2-user/arduino-testlib/cli-datadir/user/libraries/GuaraTeca_Hardware/src/Others/Print.cpp:57:8: error: reference to &#39;Print&#39; is ambiguous
 size_t Print::print(const String &amp;s)
        ^~~~~
In file included from /home/ec2-user/arduino-testlib/cli-datadir/user/libraries/GuaraTeca_Hardware/src/Others/Print.cpp:29:0:
/home/ec2-user/arduino-testlib/cli-datadir/user/libraries/GuaraTeca_Hardware/src/Others/Print.h:34:7: note: candidates are: class Print
 class Print
       ^~~~~
In file included from /home/ec2-user/arduino-testlib/cli-datadir/data/packages/arduino/hardware/megaavr/1.8.7/cores/arduino/api/ArduinoAPI.h:31:0,
                 from /home/ec2-user/arduino-testlib/cli-datadir/data/packages/arduino/hardware/megaavr/1.8.7/cores/arduino/Arduino.h:23,
                 from /home/ec2-user/arduino-testlib/cli-datadir/user/libraries/GuaraTeca_Hardware/src/Others/Print.cpp:27:
/home/ec2-user/arduino-testlib/cli-datadir/data/packages/arduino/hardware/megaavr/1.8.7/cores/arduino/api/Print.h:34:7: note:                 class arduino::Print
 class Print
       ^~~~~
/home/ec2-user/arduino-testlib/cli-datadir/user/libraries/GuaraTeca_Hardware/src/Others/Print.cpp:62:8: error: reference to &#39;Print&#39; is ambiguous
 size_t Print::print(const char str[])
        ^~~~~
In file included from /home/ec2-user/arduino-testlib/cli-datadir/user/libraries/GuaraTeca_Hardware/src/Others/Print.cpp:29:0:
/home/ec2-user/arduino-testlib/cli-datadir/user/libraries/GuaraTeca_Hardware/src/Others/Print.h:34:7: note: candidates are: class Print
 class Print
       ^~~~~
In file included from /home/ec2-user/arduino-testlib/cli-datadir/data/packages/arduino/hardware/megaavr/1.8.7/cores/arduino/api/ArduinoAPI.h:31:0,
                 from /home/ec2-user/arduino-testlib/cli-datadir/data/packages/arduino/hardware/megaavr/1.8.7/cores/arduino/Arduino.h:23,
                 from /home/ec2-user/arduino-testlib/cli-datadir/user/libraries/GuaraTeca_Hardware/src/Others/Print.cpp:27:
/home/ec2-user/arduino-testlib/cli-datadir/data/packages/arduino/hardware/megaavr/1.8.7/cores/arduino/api/Print.h:34:7: note:                 class arduino::Print
 class Print
       ^~~~~
/home/ec2-user/arduino-testlib/cli-datadir/user/libraries/GuaraTeca_Hardware/src/Others/Print.cpp: In function &#39;size_t print(const char*)&#39;:
/home/ec2-user/arduino-testlib/cli-datadir/user/libraries/GuaraTeca_Hardware/src/Others/Print.cpp:64:19: error: too few arguments to function &#39;size_t write(const uint8_t*, size_t)&#39;
   return write(str);
                   ^
/home/ec2-user/arduino-testlib/cli-datadir/user/libraries/GuaraTeca_Hardware/src/Others/Print.cpp:34:8: note: declared here
 size_t Print::write(const uint8_t *buffer, size_t size)
        ^~~~~
/home/ec2-user/arduino-testlib/cli-datadir/user/libraries/GuaraTeca_Hardware/src/Others/Print.cpp: At global scope:
/home/ec2-user/arduino-testlib/cli-datadir/user/libraries/GuaraTeca_Hardware/src/Others/Print.cpp:67:8: error: reference to &#39;Print&#39; is ambiguous
 size_t Print::print(char c)
        ^~~~~
In file included from /home/ec2-user/arduino-testlib/cli-datadir/user/libraries/GuaraTeca_Hardware/src/Others/Print.cpp:29:0:
/home/ec2-user/arduino-testlib/cli-datadir/user/libraries/GuaraTeca_Hardware/src/Others/Print.h:34:7: note: candidates are: class Print
 class Print
       ^~~~~
In file included from /home/ec2-user/arduino-testlib/cli-datadir/data/packages/arduino/hardware/megaavr/1.8.7/cores/arduino/api/ArduinoAPI.h:31:0,
                 from /home/ec2-user/arduino-testlib/cli-datadir/data/packages/arduino/hardware/megaavr/1.8.7/cores/arduino/Arduino.h:23,
                 from /home/ec2-user/arduino-testlib/cli-datadir/user/libraries/GuaraTeca_Hardware/src/Others/Print.cpp:27:
/home/ec2-user/arduino-testlib/cli-datadir/data/packages/arduino/hardware/megaavr/1.8.7/cores/arduino/api/Print.h:34:7: note:                 class arduino::Print
 class Print
       ^~~~~
/home/ec2-user/arduino-testlib/cli-datadir/user/libraries/GuaraTeca_Hardware/src/Others/Print.cpp: In function &#39;size_t print(char)&#39;:
/home/ec2-user/arduino-testlib/cli-datadir/user/libraries/GuaraTeca_Hardware/src/Others/Print.cpp:69:17: error: too few arguments to function &#39;size_t write(const uint8_t*, size_t)&#39;
   return write(c);
                 ^
/home/ec2-user/arduino-testlib/cli-datadir/user/libraries/GuaraTeca_Hardware/src/Others/Print.cpp:34:8: note: declared here
 size_t Print::write(const uint8_t *buffer, size_t size)
        ^~~~~
/home/ec2-user/arduino-testlib/cli-datadir/user/libraries/GuaraTeca_Hardware/src/Others/Print.cpp: At global scope:
/home/ec2-user/arduino-testlib/cli-datadir/user/libraries/GuaraTeca_Hardware/src/Others/Print.cpp:72:8: error: reference to &#39;Print&#39; is ambiguous
 size_t Print::print(unsigned char b, int base)
        ^~~~~
In file included from /home/ec2-user/arduino-testlib/cli-datadir/user/libraries/GuaraTeca_Hardware/src/Others/Print.cpp:29:0:
/home/ec2-user/arduino-testlib/cli-datadir/user/libraries/GuaraTeca_Hardware/src/Others/Print.h:34:7: note: candidates are: class Print
 class Print
       ^~~~~
In file included from /home/ec2-user/arduino-testlib/cli-datadir/data/packages/arduino/hardware/megaavr/1.8.7/cores/arduino/api/ArduinoAPI.h:31:0,
                 from /home/ec2-user/arduino-testlib/cli-datadir/data/packages/arduino/hardware/megaavr/1.8.7/cores/arduino/Arduino.h:23,
                 from /home/ec2-user/arduino-testlib/cli-datadir/user/libraries/GuaraTeca_Hardware/src/Others/Print.cpp:27:
/home/ec2-user/arduino-testlib/cli-datadir/data/packages/arduino/hardware/megaavr/1.8.7/cores/arduino/api/Print.h:34:7: note:                 class arduino::Print
 class Print
       ^~~~~
/home/ec2-user/arduino-testlib/cli-datadir/user/libraries/GuaraTeca_Hardware/src/Others/Print.cpp:77:8: error: reference to &#39;Print&#39; is ambiguous
 size_t Print::print(int n, int base)
        ^~~~~
In file included from /home/ec2-user/arduino-testlib/cli-datadir/user/libraries/GuaraTeca_Hardware/src/Others/Print.cpp:29:0:
/home/ec2-user/arduino-testlib/cli-datadir/user/libraries/GuaraTeca_Hardware/src/Others/Print.h:34:7: note: candidates are: class Print
 class Print
       ^~~~~
In file included from /home/ec2-user/arduino-testlib/cli-datadir/data/packages/arduino/hardware/megaavr/1.8.7/cores/arduino/api/ArduinoAPI.h:31:0,
                 from /home/ec2-user/arduino-testlib/cli-datadir/data/packages/arduino/hardware</pre>
					
					<h4>examples/SensorGiroscopioAcelerometro</h4>
					<p>
						Result: <b>FAIL</b>
					</p>
					<pre class="pre-scrollable">/home/ec2-user/arduino-testlib/cli-datadir/user/libraries/GuaraTeca_Hardware/examples/SensorGiroscopioAcelerometro/SensorGiroscopioAcelerometro.ino:21:10: fatal error: GuaraTeca_SensorGiroscopioAcelerometro.h: No such file or directory
 #include &lt;GuaraTeca_SensorGiroscopioAcelerometro.h&gt;
          ^~~~~~~~~~~~~~~~~~~~~~~~~~~~~~~~~~~~~~~~~~
compilation terminated.

</pre>
					
					<h4>examples/SensorRefletancia</h4>
					<p>
						Result: <b>FAIL</b>
					</p>
					<pre class="pre-scrollable">In file included from /home/ec2-user/arduino-testlib/cli-datadir/user/libraries/GuaraTeca_Hardware/src/GuaraTeca_Sensor_GY521_MPU6050.h:25:0,
                 from /home/ec2-user/arduino-testlib/cli-datadir/user/librIn file included from /home/ec2-user/arduino-testlib/cli-datadir/user/libraries/GuaraTeca_Hardware/src/Others/Print.cpp:29:0:
/home/ec2-user/arduino-testlib/cli-datadir/user/libraries/GuaraTeca_Hardware/src/Others/Print.h:34:7: note: candidates are: class Print
 class Print
       ^~~~~
In file included from /home/ec2-user/arduino-testlib/cli-datadir/data/packages/arduino/hardware/megaavr/1.8.7/cores/arduino/api/ArduinoAPI.h:31:0,
                 from /home/ec2-user/arduino-testlib/cli-datadir/data/packages/arduino/hardware/megaavr/1.8.7/cores/arduino/Arduino.h:23,
                 from /home/ec2-user/arduino-testlib/cli-datadir/user/libraries/GuaraTeca_Hardware/src/Others/Print.cpp:27:
/home/ec2-user/arduino-testlib/cli-datadir/data/packages/arduino/hardware/megaavr/1.8.7/cores/arduino/api/Print.h:34:7: note:                 class arduino::Print
 class Print
       ^~~~~
/home/ec2-user/arduino-testlib/cli-datadir/user/libraries/GuaraTeca_Hardware/src/Others/Print.cpp: In function &#39;size_t write(const uint8_t*, size_t)&#39;:
/home/ec2-user/arduino-testlib/cli-datadir/user/libraries/GuaraTeca_Hardware/src/Others/Print.cpp:38:24: error: too few arguments to function &#39;size_t write(const uint8_t*, size_t)&#39;
     if (write(*buffer&#43;&#43;)) n&#43;&#43;;
                        ^
/home/ec2-user/arduino-testlib/cli-datadir/user/libraries/GuaraTeca_Hardware/src/Others/Print.cpp:34:8: note: declared here
 size_t Print::write(const uint8_t *buffer, size_t size)
        ^~~~~
/home/ec2-user/arduino-testlib/cli-datadir/user/libraries/GuaraTeca_Hardware/src/Others/Print.cpp: At global scope:
/home/ec2-user/arduino-testlib/cli-datadir/user/libraries/GuaraTeca_Hardware/src/Others/Print.cpp:44:8: error: reference to &#39;Print&#39; is ambiguous
 size_t Print::print(const __FlashStringHelper *ifsh)
        ^~~~~
In file included from /home/ec2-user/arduino-testlib/cli-datadir/user/libraries/GuaraTeca_Hardware/src/Others/Print.cpp:29:0:
/home/ec2-user/arduino-testlib/cli-datadir/user/libraries/GuaraTeca_Hardware/src/Others/Print.h:34:7: note: candidates are: class Print
 class Print
       ^~~~~
In file included from /home/ec2-user/arduino-testlib/cli-datadir/data/packages/arduino/hardware/megaavr/1.8.7/cores/arduino/api/ArduinoAPI.h:31:0,
                 from /home/ec2-user/arduino-testlib/cli-datadir/data/packages/arduino/hardware/megaavr/1.8.7/cores/arduino/Arduino.h:23,
                 from /home/ec2-user/arduino-testlib/cli-datadir/user/libraries/GuaraTeca_Hardware/src/Others/Print.cpp:27:
/home/ec2-user/arduino-testlib/cli-datadir/data/packages/arduino/hardware/megaavr/1.8.7/cores/arduino/api/Print.h:34:7: note:                 class arduino::Print
 class Print
       ^~~~~
/home/ec2-user/arduino-testlib/cli-datadir/user/libraries/GuaraTeca_Hardware/src/Others/Print.cpp: In function &#39;size_t print(const arduino::__FlashStringHelper*)&#39;:
/home/ec2-user/arduino-testlib/cli-datadir/user/libraries/GuaraTeca_Hardware/src/Others/Print.cpp:51:16: error: too few arguments to function &#39;size_t write(const uint8_t*, size_t)&#39;
     if (write(c)) n&#43;&#43;;
                ^
/home/ec2-user/arduino-testlib/cli-datadir/user/libraries/GuaraTeca_Hardware/src/Others/Print.cpp:34:8: note: declared here
 size_t Print::write(const uint8_t *buffer, size_t size)
        ^~~~~
/home/ec2-user/arduino-testlib/cli-datadir/user/libraries/GuaraTeca_Hardware/src/Others/Print.cpp: At global scope:
/home/ec2-user/arduino-testlib/cli-datadir/user/libraries/GuaraTeca_Hardware/src/Others/Print.cpp:57:8: error: reference to &#39;Print&#39; is ambiguous
 size_t Print::print(const String &amp;s)
        ^~~~~
In file included from /home/ec2-user/arduino-testlib/cli-datadir/user/libraries/GuaraTeca_Hardware/src/Others/Print.cpp:29:0:
/home/ec2-user/arduino-testlib/cli-datadir/user/libraries/GuaraTeca_Hardware/src/Others/Print.h:34:7: note: candidates are: class Print
 class Print
       ^~~~~
In file included from /home/ec2-user/arduino-testlib/cli-datadir/data/packages/arduino/hardware/megaavr/1.8.7/cores/arduino/api/ArduinoAPI.h:31:0,
                 from /home/ec2-user/arduino-testlib/cli-datadir/data/packages/arduino/hardware/megaavr/1.8.7/cores/arduino/Arduino.h:23,
                 from /home/ec2-user/arduino-testlib/cli-datadir/user/libraries/GuaraTeca_Hardware/src/Others/Print.cpp:27:
/home/ec2-user/arduino-testlib/cli-datadir/data/packages/arduino/hardware/megaavr/1.8.7/cores/arduino/api/Print.h:34:7: note:                 class arduino::Print
 class Print
       ^~~~~
/home/ec2-user/arduino-testlib/cli-datadir/user/libraries/GuaraTeca_Hardware/src/Others/Print.cpp:62:8: error: reference to &#39;Print&#39; is ambiguous
 size_t Print::print(const char str[])
        ^~~~~
In file included from /home/ec2-user/arduino-testlib/cli-datadir/user/libraries/GuaraTeca_Hardware/src/Others/Print.cpp:29:0:
/home/ec2-user/arduino-testlib/cli-datadir/user/libraries/GuaraTeca_Hardware/src/Others/Print.h:34:7: note: candidates are: class Print
 class Print
       ^~~~~
In file included from /home/ec2-user/arduino-testlib/cli-datadir/data/packages/arduino/hardware/megaavr/1.8.7/cores/arduino/api/ArduinoAPI.h:31:0,
                 from /home/ec2-user/arduino-testlib/cli-datadir/data/packages/arduino/hardware/megaavr/1.8.7/cores/arduino/Arduino.h:23,
                 from /home/ec2-user/arduino-testlib/cli-datadir/user/libraries/GuaraTeca_Hardware/src/Others/Print.cpp:27:
/home/ec2-user/arduino-testlib/cli-datadir/data/packages/arduino/hardware/megaavr/1.8.7/cores/arduino/api/Print.h:34:7: note:                 class arduino::Print
 class Print
       ^~~~~
/home/ec2-user/arduino-testlib/cli-datadir/user/libraries/GuaraTeca_Hardware/src/Others/Print.cpp: In function &#39;size_t print(const char*)&#39;:
/home/ec2-user/arduino-testlib/cli-datadir/user/libraries/GuaraTeca_Hardware/src/Others/Print.cpp:64:19: error: too few arguments to function &#39;size_t write(const uint8_t*, size_t)&#39;
   return write(str);
                   ^
/home/ec2-user/arduino-testlib/cli-datadir/user/libraries/GuaraTeca_Hardware/src/Others/Print.cpp:34:8: note: declared here
 size_t Print::write(const uint8_t *buffer, size_t size)
        ^~~~~
/home/ec2-user/arduino-testlib/cli-datadir/user/libraries/GuaraTeca_Hardware/src/Others/Print.cpp: At global scope:
/home/ec2-user/arduino-testlib/cli-datadir/user/libraries/GuaraTeca_Hardware/src/Others/Print.cpp:67:8: error: reference to &#39;Print&#39; is ambiguous
 size_t Print::print(char c)
        ^~~~~
In file included from /home/ec2-user/arduino-testlib/cli-datadir/user/libraries/GuaraTeca_Hardware/src/Others/Print.cpp:29:0:
/home/ec2-user/arduino-testlib/cli-datadir/user/libraries/GuaraTeca_Hardware/src/Others/Print.h:34:7: note: candidates are: class Print
 class Print
       ^~~~~
In file included from /home/ec2-user/arduino-testlib/cli-datadir/data/packages/arduino/hardware/megaavr/1.8.7/cores/arduino/api/ArduinoAPI.h:31:0,
                 from /home/ec2-user/arduino-testlib/cli-datadir/data/packages/arduino/hardware/megaavr/1.8.7/cores/arduino/Arduino.h:23,
                 from /home/ec2-user/arduino-testlib/cli-datadir/user/libraries/GuaraTeca_Hardware/src/Others/Print.cpp:27:
/home/ec2-user/arduino-testlib/cli-datadir/data/packages/arduino/hardware/megaavr/1.8.7/cores/arduino/api/Print.h:34:7: note:                 class arduino::Print
 class Print
       ^~~~~
/home/ec2-user/arduino-testlib/cli-datadir/user/libraries/GuaraTeca_Hardware/src/Others/Print.cpp: In function &#39;size_t print(char)&#39;:
/home/ec2-user/arduino-testlib/cli-datadir/user/libraries/GuaraTeca_Hardware/src/Others/Print.cpp:69:17: error: too few arguments to function &#39;size_t write(const uint8_t*, size_t)&#39;
   return write(c);
                 ^
/home/ec2-user/arduino-testlib/cli-datadir/user/libraries/GuaraTeca_Hardware/src/Others/Print.cpp:34:8: note: declared here
 size_t Print::write(const uint8_t *buffer, size_t size)
        ^~~~~
/home/ec2-user/arduino-testlib/cli-datadir/user/libraries/GuaraTeca_Hardware/src/Others/Print.cpp: At global scope:
/home/ec2-user/arduino-testlib/cli-datadir/user/libraries/GuaraTeca_Hardware/src/Others/Print.cpp:72:8: error: reference to &#39;Print&#39; is ambiguous
 size_t Print::print(unsigned char b, int base)
        ^~~~~
In file included from /home/ec2-user/arduino-testlib/cli-datadir/user/libraries/GuaraTeca_Hardware/src/Others/Print.cpp:29:0:
/home/ec2-user/arduino-testlib/cli-datadir/user/libraries/GuaraTeca_Hardware/src/Others/Print.h:34:7: note: candidates are: class Print
 class Print
       ^~~~~
In file included from /home/ec2-user/arduino-testlib/cli-datadir/data/packages/arduino/hardware/megaavr/1.8.7/cores/arduino/api/ArduinoAPI.h:31:0,
                 from /home/ec2-user/arduino-testlib/cli-datadir/data/packages/arduino/hardware/megaavr/1.8.7/cores/arduino/Arduino.h:23,
                 from /home/ec2-user/arduino-testlib/cli-datadir/user/libraries/GuaraTeca_Hardware/src/Others/Print.cpp:27:
/home/ec2-user/arduino-testlib/cli-datadir/data/packages/arduino/hardware/megaavr/1.8.7/cores/arduino/api/Print.h:34:7: note:                 class arduino::Print
 class Print
       ^~~~~
/home/ec2-user/arduino-testlib/cli-datadir/user/libraries/GuaraTeca_Hardware/src/Others/Print.cpp:77:8: error: reference to &#39;Print&#39; is ambiguous
 size_t Print::print(int n, int base)
        ^~~~~
In file included from /home/ec2-user/arduino-testlib/cli-datadir/user/libraries/GuaraTeca_Hardware/src/Others/Print.cpp:29:0:
/home/ec2-user/arduino-testlib/cli-datadir/user/libraries/GuaraTeca_Hardware/src/Others/Print.h:34:7: note: candidates are: class Print
 class Print
       ^~~~~
In file included from /home/ec2-user/arduino-testlib/cli-datadir/data/packages/arduino/hardware/megaavr/1.8.7/cores/arduino/api/ArduinoAPI.h:31:0,
                 from /home/ec2-user/arduino-testlib/cli-datadir/data/packages/arduino/hardware</pre>
					
					<h4>examples/SensorUltrassonico</h4>
					<p>
						Result: <b>FAIL</b>
					</p>
					<pre class="pre-scrollable">Multiple libraries were found for &#34;DHT.h&#34;
  Used: /home/ec2-user/arduino-testlib/cli-datadir/user/libraries/DHT_sensor_library
  Not used: /home/ec2-user/arduino-testlib/cli-datadir/user/libraries/uKit_Explore
  Not used: /home/ec2-user/arduino-testlib/cli-datadir/user/libraries/Grove_Temperature_And_Humidity_Sensor
  Not used: /home/ec2-user/arduino-testlib/cli-datadir/user/libraries/NanoPlayBoard
Multiple libraries were found for &#34;Adafruit_Sensor.h&#34;
  Used: /home/ec2-user/arduino-testlib/cli-datadir/user/libraries/Adafruit_Unified_Sensor
  Not used: /home/ec2-user/arduino-testlib/cli-datadir/user/libraries/ClimaStick
  Not used: /home/ec2-user/arduino-testlib/cli-datadir/user/libraries/ArdUAV
Multiple libraries were found for &#34;SoftwareSerial.h&#34;
  Used: /home/ec2-user/arduino-testlib/cli-datadir/data/packages/arduino/hardware/megaavr/1.8.7/libraries/SoftwareSerial
  Not used: /home/ec2-user/arduino-testlib/cli-datadir/user/libraries/EspSoftwareSerial
  Not used: /home/ec2-user/arduino-testlib/cli-datadir/user/libraries/Printoo_Library
  Not used: /home/ec2-user/arduino-testlib/cli-datadir/user/libraries/Dabble
</pre>
					
					<h4>examples/Servo</h4>
					<p>
						Result: <b>FAIL</b>
					</p>
					<pre class="pre-scrollable">In file included from /home/ec2-user/arduino-testlib/cli-datadir/user/libraries/GuaraTeca_Hardware/src/GuaraTeca_Sensor_GY521_MPU6050.h:25:0,
                 from /home/ec2-user/arduino-testlib/cli-datadir/user/librIn file included from /home/ec2-user/arduino-testlib/cli-datadir/user/libraries/GuaraTeca_Hardware/src/Others/Print.cpp:29:0:
/home/ec2-user/arduino-testlib/cli-datadir/user/libraries/GuaraTeca_Hardware/src/Others/Print.h:34:7: note: candidates are: class Print
 class Print
       ^~~~~
In file included from /home/ec2-user/arduino-testlib/cli-datadir/data/packages/arduino/hardware/megaavr/1.8.7/cores/arduino/api/ArduinoAPI.h:31:0,
                 from /home/ec2-user/arduino-testlib/cli-datadir/data/packages/arduino/hardware/megaavr/1.8.7/cores/arduino/Arduino.h:23,
                 from /home/ec2-user/arduino-testlib/cli-datadir/user/libraries/GuaraTeca_Hardware/src/Others/Print.cpp:27:
/home/ec2-user/arduino-testlib/cli-datadir/data/packages/arduino/hardware/megaavr/1.8.7/cores/arduino/api/Print.h:34:7: note:                 class arduino::Print
 class Print
       ^~~~~
/home/ec2-user/arduino-testlib/cli-datadir/user/libraries/GuaraTeca_Hardware/src/Others/Print.cpp: In function &#39;size_t write(const uint8_t*, size_t)&#39;:
/home/ec2-user/arduino-testlib/cli-datadir/user/libraries/GuaraTeca_Hardware/src/Others/Print.cpp:38:24: error: too few arguments to function &#39;size_t write(const uint8_t*, size_t)&#39;
     if (write(*buffer&#43;&#43;)) n&#43;&#43;;
                        ^
/home/ec2-user/arduino-testlib/cli-datadir/user/libraries/GuaraTeca_Hardware/src/Others/Print.cpp:34:8: note: declared here
 size_t Print::write(const uint8_t *buffer, size_t size)
        ^~~~~
/home/ec2-user/arduino-testlib/cli-datadir/user/libraries/GuaraTeca_Hardware/src/Others/Print.cpp: At global scope:
/home/ec2-user/arduino-testlib/cli-datadir/user/libraries/GuaraTeca_Hardware/src/Others/Print.cpp:44:8: error: reference to &#39;Print&#39; is ambiguous
 size_t Print::print(const __FlashStringHelper *ifsh)
        ^~~~~
In file included from /home/ec2-user/arduino-testlib/cli-datadir/user/libraries/GuaraTeca_Hardware/src/Others/Print.cpp:29:0:
/home/ec2-user/arduino-testlib/cli-datadir/user/libraries/GuaraTeca_Hardware/src/Others/Print.h:34:7: note: candidates are: class Print
 class Print
       ^~~~~
In file included from /home/ec2-user/arduino-testlib/cli-datadir/data/packages/arduino/hardware/megaavr/1.8.7/cores/arduino/api/ArduinoAPI.h:31:0,
                 from /home/ec2-user/arduino-testlib/cli-datadir/data/packages/arduino/hardware/megaavr/1.8.7/cores/arduino/Arduino.h:23,
                 from /home/ec2-user/arduino-testlib/cli-datadir/user/libraries/GuaraTeca_Hardware/src/Others/Print.cpp:27:
/home/ec2-user/arduino-testlib/cli-datadir/data/packages/arduino/hardware/megaavr/1.8.7/cores/arduino/api/Print.h:34:7: note:                 class arduino::Print
 class Print
       ^~~~~
/home/ec2-user/arduino-testlib/cli-datadir/user/libraries/GuaraTeca_Hardware/src/Others/Print.cpp: In function &#39;size_t print(const arduino::__FlashStringHelper*)&#39;:
/home/ec2-user/arduino-testlib/cli-datadir/user/libraries/GuaraTeca_Hardware/src/Others/Print.cpp:51:16: error: too few arguments to function &#39;size_t write(const uint8_t*, size_t)&#39;
     if (write(c)) n&#43;&#43;;
                ^
/home/ec2-user/arduino-testlib/cli-datadir/user/libraries/GuaraTeca_Hardware/src/Others/Print.cpp:34:8: note: declared here
 size_t Print::write(const uint8_t *buffer, size_t size)
        ^~~~~
/home/ec2-user/arduino-testlib/cli-datadir/user/libraries/GuaraTeca_Hardware/src/Others/Print.cpp: At global scope:
/home/ec2-user/arduino-testlib/cli-datadir/user/libraries/GuaraTeca_Hardware/src/Others/Print.cpp:57:8: error: reference to &#39;Print&#39; is ambiguous
 size_t Print::print(const String &amp;s)
        ^~~~~
In file included from /home/ec2-user/arduino-testlib/cli-datadir/user/libraries/GuaraTeca_Hardware/src/Others/Print.cpp:29:0:
/home/ec2-user/arduino-testlib/cli-datadir/user/libraries/GuaraTeca_Hardware/src/Others/Print.h:34:7: note: candidates are: class Print
 class Print
       ^~~~~
In file included from /home/ec2-user/arduino-testlib/cli-datadir/data/packages/arduino/hardware/megaavr/1.8.7/cores/arduino/api/ArduinoAPI.h:31:0,
                 from /home/ec2-user/arduino-testlib/cli-datadir/data/packages/arduino/hardware/megaavr/1.8.7/cores/arduino/Arduino.h:23,
                 from /home/ec2-user/arduino-testlib/cli-datadir/user/libraries/GuaraTeca_Hardware/src/Others/Print.cpp:27:
/home/ec2-user/arduino-testlib/cli-datadir/data/packages/arduino/hardware/megaavr/1.8.7/cores/arduino/api/Print.h:34:7: note:                 class arduino::Print
 class Print
       ^~~~~
/home/ec2-user/arduino-testlib/cli-datadir/user/libraries/GuaraTeca_Hardware/src/Others/Print.cpp:62:8: error: reference to &#39;Print&#39; is ambiguous
 size_t Print::print(const char str[])
        ^~~~~
In file included from /home/ec2-user/arduino-testlib/cli-datadir/user/libraries/GuaraTeca_Hardware/src/Others/Print.cpp:29:0:
/home/ec2-user/arduino-testlib/cli-datadir/user/libraries/GuaraTeca_Hardware/src/Others/Print.h:34:7: note: candidates are: class Print
 class Print
       ^~~~~
In file included from /home/ec2-user/arduino-testlib/cli-datadir/data/packages/arduino/hardware/megaavr/1.8.7/cores/arduino/api/ArduinoAPI.h:31:0,
                 from /home/ec2-user/arduino-testlib/cli-datadir/data/packages/arduino/hardware/megaavr/1.8.7/cores/arduino/Arduino.h:23,
                 from /home/ec2-user/arduino-testlib/cli-datadir/user/libraries/GuaraTeca_Hardware/src/Others/Print.cpp:27:
/home/ec2-user/arduino-testlib/cli-datadir/data/packages/arduino/hardware/megaavr/1.8.7/cores/arduino/api/Print.h:34:7: note:                 class arduino::Print
 class Print
       ^~~~~
/home/ec2-user/arduino-testlib/cli-datadir/user/libraries/GuaraTeca_Hardware/src/Others/Print.cpp: In function &#39;size_t print(const char*)&#39;:
/home/ec2-user/arduino-testlib/cli-datadir/user/libraries/GuaraTeca_Hardware/src/Others/Print.cpp:64:19: error: too few arguments to function &#39;size_t write(const uint8_t*, size_t)&#39;
   return write(str);
                   ^
/home/ec2-user/arduino-testlib/cli-datadir/user/libraries/GuaraTeca_Hardware/src/Others/Print.cpp:34:8: note: declared here
 size_t Print::write(const uint8_t *buffer, size_t size)
        ^~~~~
/home/ec2-user/arduino-testlib/cli-datadir/user/libraries/GuaraTeca_Hardware/src/Others/Print.cpp: At global scope:
/home/ec2-user/arduino-testlib/cli-datadir/user/libraries/GuaraTeca_Hardware/src/Others/Print.cpp:67:8: error: reference to &#39;Print&#39; is ambiguous
 size_t Print::print(char c)
        ^~~~~
In file included from /home/ec2-user/arduino-testlib/cli-datadir/user/libraries/GuaraTeca_Hardware/src/Others/Print.cpp:29:0:
/home/ec2-user/arduino-testlib/cli-datadir/user/libraries/GuaraTeca_Hardware/src/Others/Print.h:34:7: note: candidates are: class Print
 class Print
       ^~~~~
In file included from /home/ec2-user/arduino-testlib/cli-datadir/data/packages/arduino/hardware/megaavr/1.8.7/cores/arduino/api/ArduinoAPI.h:31:0,
                 from /home/ec2-user/arduino-testlib/cli-datadir/data/packages/arduino/hardware/megaavr/1.8.7/cores/arduino/Arduino.h:23,
                 from /home/ec2-user/arduino-testlib/cli-datadir/user/libraries/GuaraTeca_Hardware/src/Others/Print.cpp:27:
/home/ec2-user/arduino-testlib/cli-datadir/data/packages/arduino/hardware/megaavr/1.8.7/cores/arduino/api/Print.h:34:7: note:                 class arduino::Print
 class Print
       ^~~~~
/home/ec2-user/arduino-testlib/cli-datadir/user/libraries/GuaraTeca_Hardware/src/Others/Print.cpp: In function &#39;size_t print(char)&#39;:
/home/ec2-user/arduino-testlib/cli-datadir/user/libraries/GuaraTeca_Hardware/src/Others/Print.cpp:69:17: error: too few arguments to function &#39;size_t write(const uint8_t*, size_t)&#39;
   return write(c);
                 ^
/home/ec2-user/arduino-testlib/cli-datadir/user/libraries/GuaraTeca_Hardware/src/Others/Print.cpp:34:8: note: declared here
 size_t Print::write(const uint8_t *buffer, size_t size)
        ^~~~~
/home/ec2-user/arduino-testlib/cli-datadir/user/libraries/GuaraTeca_Hardware/src/Others/Print.cpp: At global scope:
/home/ec2-user/arduino-testlib/cli-datadir/user/libraries/GuaraTeca_Hardware/src/Others/Print.cpp:72:8: error: reference to &#39;Print&#39; is ambiguous
 size_t Print::print(unsigned char b, int base)
        ^~~~~
In file included from /home/ec2-user/arduino-testlib/cli-datadir/user/libraries/GuaraTeca_Hardware/src/Others/Print.cpp:29:0:
/home/ec2-user/arduino-testlib/cli-datadir/user/libraries/GuaraTeca_Hardware/src/Others/Print.h:34:7: note: candidates are: class Print
 class Print
       ^~~~~
In file included from /home/ec2-user/arduino-testlib/cli-datadir/data/packages/arduino/hardware/megaavr/1.8.7/cores/arduino/api/ArduinoAPI.h:31:0,
                 from /home/ec2-user/arduino-testlib/cli-datadir/data/packages/arduino/hardware/megaavr/1.8.7/cores/arduino/Arduino.h:23,
                 from /home/ec2-user/arduino-testlib/cli-datadir/user/libraries/GuaraTeca_Hardware/src/Others/Print.cpp:27:
/home/ec2-user/arduino-testlib/cli-datadir/data/packages/arduino/hardware/megaavr/1.8.7/cores/arduino/api/Print.h:34:7: note:                 class arduino::Print
 class Print
       ^~~~~
/home/ec2-user/arduino-testlib/cli-datadir/user/libraries/GuaraTeca_Hardware/src/Others/Print.cpp:77:8: error: reference to &#39;Print&#39; is ambiguous
 size_t Print::print(int n, int base)
        ^~~~~
In file included from /home/ec2-user/arduino-testlib/cli-datadir/user/libraries/GuaraTeca_Hardware/src/Others/Print.cpp:29:0:
/home/ec2-user/arduino-testlib/cli-datadir/user/libraries/GuaraTeca_Hardware/src/Others/Print.h:34:7: note: candidates are: class Print
 class Print
       ^~~~~
In file included from /home/ec2-user/arduino-testlib/cli-datadir/data/packages/arduino/hardware/megaavr/1.8.7/cores/arduino/api/ArduinoAPI.h:31:0,
                 from /home/ec2-user/arduino-testlib/cli-datadir/data/packages/arduino/hardware</pre>
					
					<h4>examples/TelaCristalLiquido</h4>
					<p>
						Result: <b>FAIL</b>
					</p>
					<pre class="pre-scrollable">/home/ec2-user/arduino-testlib/cli-datadir/user/libraries/GuaraTeca_Hardware/src/Others/Print.cpp:34:8: error: reference to &#39;Print&#39; is ambiguous
 size_t Print::write(const uint8_t *buffer, size_t size)
        ^~~~~
In file included from /home/ec2-user/arduino-testlib/cli-datadir/user/libraries/GuaraTeca_Hardware/src/Others/Print.cpp:29:0:
/home/ec2-user/arduino-testlib/cli-datadir/user/libraries/GuaraTeca_Hardware/src/Others/Print.h:34:7: note: candidates are: class Print
 class Print
       ^~~~~
In file packages/arduino/hardware/megaavr/1.8.7/libraries/Wire/src/Wire.h:64:12: note: candidate 1: size_t TwoWire::requestFrom(int, int, int)
     size_t requestFrom(int, int, int);
            ^~~~~~~~~~~
/home/ec2-user/arduino-testlib/cli-datadir/data/packages/arduino/hardware/megaavr/1.8.7/libraries/Wire/src/Wire.h:62:12: note: candidate 2: virtual size_t TwoWire::requestFrom(uint8_t, size_t, bool)
     size_t requestFrom(uint8_t, size_t, bool);
            ^~~~~~~~~~~
Multiple libraries were found for &#34;SoftwareSerial.h&#34;
  Used: /home/ec2-user/arduino-testlib/cli-datadir/data/packages/arduino/hardware/megaavr/1.8.7/libraries/SoftwareSerial
  Not used: /home/ec2-user/arduino-testlib/cli-datadir/user/libraries/Printoo_Library
  Not used: /home/ec2-user/arduino-testlib/cli-datadir/user/libraries/EspSoftwareSerial
  Not used: /home/ec2-user/arduino-testlib/cli-datadir/user/libraries/Dabble
Multiple libraries were found for &#34;DHT.h&#34;
  Used: /home/ec2-user/arduino-testlib/cli-datadir/user/libraries/DHT_sensor_library
  Not used: /home/ec2-user/arduino-testlib/cli-datadir/user/libraries/uKit_Explore
  Not used: /home/ec2-user/arduino-testlib/cli-datadir/user/libraries/NanoPlayBoard
  Not used: /home/ec2-user/arduino-testlib/cli-datadir/user/libraries/Grove_Temperature_And_Humidity_Sensor
Multiple libraries were found for &#34;Adafruit_Sensor.h&#34;
  Used: /home/ec2-user/arduino-testlib/cli-datadir/user/libraries/Adafruit_Unified_Sensor
  Not used: /home/ec2-user/arduino-testlib/cli-datadir/user/libraries/ArdUAV
  Not used: /home/ec2-user/arduino-testlib/cli-datadir/user/libraries/ClimaStick
</pre>
					
				
				<h3 id="arduino:samd:mkrwifi1010">arduino:samd:mkrwifi1010 @ 1.8.12</h3>
				<h4>Inclusion</h4>
				<p>
					Result: <b>FAIL</b>
					
				</p>
				<pre class="pre-scrollable">/home/ec2-user/arduino-testlib/cli-datadir/user/libraries/Dabble/src/SoftwareSerial.cpp:45:10: fatal error: util/delay_basic.h: No such file or directory
 #include &lt;util/delay_basic.h&gt;
          ^~~~~~~~~~~~~~~~~~~~
compilation terminated.
Multiple libraries were found for &#34;SoftwareSerial.h&#34;
  Used: /home/ec2-user/arduino-testlib/cli-datadir/user/libraries/Dabble
  Not used: /home/ec2-user/arduino-testlib/cli-datadir/user/libraries/EspSoftwareSerial
  Not used: /home/ec2-user/arduino-testlib/cli-datadir/user/libraries/Printoo_Library
Multiple libraries were found for &#34;DHT.h&#34;
  Used: /home/ec2-user/arduino-testlib/cli-datadir/user/libraries/DHT_sensor_library
  Not used: /home/ec2-user/arduino-testlib/cli-datadir/user/libraries/NanoPlayBoard
  Not used: /home/ec2-user/arduino-testlib/cli-datadir/user/libraries/uKit_Explore
  Not used: /home/ec2-user/arduino-testlib/cli-datadir/user/libraries/Grove_Temperature_And_Humidity_Sensor
</pre>

					
					<h4>examples/MotorShield</h4>
					<p>
						Result: <b>FAIL</b>
					</p>
					<pre class="pre-scrollable">/home/ec2-user/arduino-testlib/cli-datadir/user/libraries/Dabble/src/SoftwareSerial.cpp:45:10: fatal error: util/delay_basic.h: No such file or directory
 #include &lt;util/delay_basic.h&gt;
          ^~~~~~~~~~~~~~~~~~~~
compilation terminated.
Multiple libraries were found for &#34;SoftwareSerial.h&#34;
  Used: /home/ec2-user/arduino-testlib/cli-datadir/user/libraries/Dabble
  Not used: /home/ec2-user/arduino-testlib/cli-datadir/user/libraries/Printoo_Library
  Not used: /home/ec2-user/arduino-testlib/cli-datadir/user/libraries/EspSoftwareSerial
Multiple libraries were found for &#34;DHT.h&#34;
  Used: /home/ec2-user/arduino-testlib/cli-datadir/user/libraries/DHT_sensor_library
  Not used: /home/ec2-user/arduino-testlib/cli-datadir/user/libraries/Grove_Temperature_And_Humidity_Sensor
  Not used: /home/ec2-user/arduino-testlib/cli-datadir/user/libraries/NanoPlayBoard
  Not used: /home/ec2-user/arduino-testlib/cli-datadir/user/libraries/uKit_Explore
</pre>
					
					<h4>examples/PonteH</h4>
					<p>
						Result: <b>FAIL</b>
					</p>
					<pre class="pre-scrollable">/home/ec2-user/arduino-testlib/cli-datadir/user/libraries/Dabble/src/SoftwareSerial.cpp:45:10: fatal error: util/delay_basic.h: No such file or directory
 #include &lt;util/delay_basic.h&gt;
          ^~~~~~~~~~~~~~~~~~~~
compilation terminated.
Multiple libraries were found for &#34;SoftwareSerial.h&#34;
  Used: /home/ec2-user/arduino-testlib/cli-datadir/user/libraries/Dabble
  Not used: /home/ec2-user/arduino-testlib/cli-datadir/user/libraries/EspSoftwareSerial
  Not used: /home/ec2-user/arduino-testlib/cli-datadir/user/libraries/Printoo_Library
Multiple libraries were found for &#34;DHT.h&#34;
  Used: /home/ec2-user/arduino-testlib/cli-datadir/user/libraries/DHT_sensor_library
  Not used: /home/ec2-user/arduino-testlib/cli-datadir/user/libraries/Grove_Temperature_And_Humidity_Sensor
  Not used: /home/ec2-user/arduino-testlib/cli-datadir/user/libraries/uKit_Explore
  Not used: /home/ec2-user/arduino-testlib/cli-datadir/user/libraries/NanoPlayBoard
</pre>
					
					<h4>examples/SensorAgua</h4>
					<p>
						Result: <b>FAIL</b>
					</p>
					<pre class="pre-scrollable">/home/ec2-user/arduino-testlib/cli-datadir/user/libraries/Dabble/src/SoftwareSerial.cpp:45:10: fatal error: util/delay_basic.h: No such file or directory
 #include &lt;util/delay_basic.h&gt;
          ^~~~~~~~~~~~~~~~~~~~
compilation terminated.
Multiple libraries were found for &#34;SoftwareSerial.h&#34;
  Used: /home/ec2-user/arduino-testlib/cli-datadir/user/libraries/Dabble
  Not used: /home/ec2-user/arduino-testlib/cli-datadir/user/libraries/Printoo_Library
  Not used: /home/ec2-user/arduino-testlib/cli-datadir/user/libraries/EspSoftwareSerial
Multiple libraries were found for &#34;DHT.h&#34;
  Used: /home/ec2-user/arduino-testlib/cli-datadir/user/libraries/DHT_sensor_library
  Not used: /home/ec2-user/arduino-testlib/cli-datadir/user/libraries/Grove_Temperature_And_Humidity_Sensor
  Not used: /home/ec2-user/arduino-testlib/cli-datadir/user/libraries/NanoPlayBoard
  Not used: /home/ec2-user/arduino-testlib/cli-datadir/user/libraries/uKit_Explore
</pre>
					
					<h4>examples/SensorCor</h4>
					<p>
						Result: <b>FAIL</b>
					</p>
					<pre class="pre-scrollable">/home/ec2-user/arduino-testlib/cli-datadir/user/libraries/GuaraTeca_Hardware/examples/SensorCor/SensorCor.ino:21:10: fatal error: GuaraTeca_SensorCor.h: No such file or directory
 #include &lt;GuaraTeca_SensorCor.h&gt;
          ^~~~~~~~~~~~~~~~~~~~~~~
compilation terminated.

</pre>
					
					<h4>examples/SensorDHT</h4>
					<p>
						Result: <b>FAIL</b>
					</p>
					<pre class="pre-scrollable">/home/ec2-user/arduino-testlib/cli-datadir/user/libraries/Dabble/src/SoftwareSerial.cpp:45:10: fatal error: util/delay_basic.h: No such file or directory
 #include &lt;util/delay_basic.h&gt;
          ^~~~~~~~~~~~~~~~~~~~
compilation terminated.
Multiple libraries were found for &#34;DHT.h&#34;
  Used: /home/ec2-user/arduino-testlib/cli-datadir/user/libraries/DHT_sensor_library
  Not used: /home/ec2-user/arduino-testlib/cli-datadir/user/libraries/NanoPlayBoard
  Not used: /home/ec2-user/arduino-testlib/cli-datadir/user/libraries/Grove_Temperature_And_Humidity_Sensor
  Not used: /home/ec2-user/arduino-testlib/cli-datadir/user/libraries/uKit_Explore
Multiple libraries were found for &#34;SoftwareSerial.h&#34;
  Used: /home/ec2-user/arduino-testlib/cli-datadir/user/libraries/Dabble
  Not used: /home/ec2-user/arduino-testlib/cli-datadir/user/libraries/EspSoftwareSerial
  Not used: /home/ec2-user/arduino-testlib/cli-datadir/user/libraries/Printoo_Library
Multiple libraries were found for &#34;Adafruit_Sensor.h&#34;
  Used: /home/ec2-user/arduino-testlib/cli-datadir/user/libraries/Adafruit_Unified_Sensor
  Not used: /home/ec2-user/arduino-testlib/cli-datadir/user/libraries/ClimaStick
  Not used: /home/ec2-user/arduino-testlib/cli-datadir/user/libraries/ArdUAV
</pre>
					
					<h4>examples/SensorGiroscopioAcelerometro</h4>
					<p>
						Result: <b>FAIL</b>
					</p>
					<pre class="pre-scrollable">/home/ec2-user/arduino-testlib/cli-datadir/user/libraries/GuaraTeca_Hardware/examples/SensorGiroscopioAcelerometro/SensorGiroscopioAcelerometro.ino:21:10: fatal error: GuaraTeca_SensorGiroscopioAcelerometro.h: No such file or directory
 #include &lt;GuaraTeca_SensorGiroscopioAcelerometro.h&gt;
          ^~~~~~~~~~~~~~~~~~~~~~~~~~~~~~~~~~~~~~~~~~
compilation terminated.

</pre>
					
					<h4>examples/SensorRefletancia</h4>
					<p>
						Result: <b>FAIL</b>
					</p>
					<pre class="pre-scrollable">/home/ec2-user/arduino-testlib/cli-datadir/user/libraries/Dabble/src/SoftwareSerial.cpp:45:10: fatal error: util/delay_basic.h: No such file or directory
 #include &lt;util/delay_basic.h&gt;
          ^~~~~~~~~~~~~~~~~~~~
compilation terminated.
Multiple libraries were found for &#34;SoftwareSerial.h&#34;
  Used: /home/ec2-user/arduino-testlib/cli-datadir/user/libraries/Dabble
  Not used: /home/ec2-user/arduino-testlib/cli-datadir/user/libraries/Printoo_Library
  Not used: /home/ec2-user/arduino-testlib/cli-datadir/user/libraries/EspSoftwareSerial
Multiple libraries were found for &#34;DHT.h&#34;
  Used: /home/ec2-user/arduino-testlib/cli-datadir/user/libraries/DHT_sensor_library
  Not used: /home/ec2-user/arduino-testlib/cli-datadir/user/libraries/Grove_Temperature_And_Humidity_Sensor
  Not used: /home/ec2-user/arduino-testlib/cli-datadir/user/libraries/uKit_Explore
  Not used: /home/ec2-user/arduino-testlib/cli-datadir/user/libraries/NanoPlayBoard
</pre>
					
					<h4>examples/SensorUltrassonico</h4>
					<p>
						Result: <b>FAIL</b>
					</p>
					<pre class="pre-scrollable">/home/ec2-user/arduino-testlib/cli-datadir/user/libraries/Dabble/src/SoftwareSerial.cpp:45:10: fatal error: util/delay_basic.h: No such file or directory
 #include &lt;util/delay_basic.h&gt;
          ^~~~~~~~~~~~~~~~~~~~
compilation terminated.
Multiple libraries were found for &#34;SoftwareSerial.h&#34;
  Used: /home/ec2-user/arduino-testlib/cli-datadir/user/libraries/Dabble
  Not used: /home/ec2-user/arduino-testlib/cli-datadir/user/libraries/EspSoftwareSerial
  Not used: /home/ec2-user/arduino-testlib/cli-datadir/user/libraries/Printoo_Library
Multiple libraries were found for &#34;DHT.h&#34;
  Used: /home/ec2-user/arduino-testlib/cli-datadir/user/libraries/DHT_sensor_library
  Not used: /home/ec2-user/arduino-testlib/cli-datadir/user/libraries/Grove_Temperature_And_Humidity_Sensor
  Not used: /home/ec2-user/arduino-testlib/cli-datadir/user/libraries/NanoPlayBoard
  Not used: /home/ec2-user/arduino-testlib/cli-datadir/user/libraries/uKit_Explore
</pre>
					
					<h4>examples/Servo</h4>
					<p>
						Result: <b>FAIL</b>
					</p>
					<pre class="pre-scrollable">/home/ec2-user/arduino-testlib/cli-datadir/user/libraries/Dabble/src/SoftwareSerial.cpp:45:10: fatal error: util/delay_basic.h: No such file or directory
 #include &lt;util/delay_basic.h&gt;
          ^~~~~~~~~~~~~~~~~~~~
compilation terminated.
Multiple libraries were found for &#34;SoftwareSerial.h&#34;
  Used: /home/ec2-user/arduino-testlib/cli-datadir/user/libraries/Dabble
  Not used: /home/ec2-user/arduino-testlib/cli-datadir/user/libraries/EspSoftwareSerial
  Not used: /home/ec2-user/arduino-testlib/cli-datadir/user/libraries/Printoo_Library
Multiple libraries were found for &#34;DHT.h&#34;
  Used: /home/ec2-user/arduino-testlib/cli-datadir/user/libraries/DHT_sensor_library
  Not used: /home/ec2-user/arduino-testlib/cli-datadir/user/libraries/NanoPlayBoard
  Not used: /home/ec2-user/arduino-testlib/cli-datadir/user/libraries/Grove_Temperature_And_Humidity_Sensor
  Not used: /home/ec2-user/arduino-testlib/cli-datadir/user/libraries/uKit_Explore
</pre>
					
					<h4>examples/TelaCristalLiquido</h4>
					<p>
						Result: <b>FAIL</b>
					</p>
					<pre class="pre-scrollable">/home/ec2-user/arduino-testlib/cli-datadir/user/libraries/Dabble/src/SoftwareSerial.cpp:45:10: fatal error: util/delay_basic.h: No such file or directory
 #include &lt;util/delay_basic.h&gt;
          ^~~~~~~~~~~~~~~~~~~~
compilation terminated.
Multiple libraries were found for &#34;SoftwareSerial.h&#34;
  Used: /home/ec2-user/arduino-testlib/cli-datadir/user/libraries/Dabble
  Not used: /home/ec2-user/arduino-testlib/cli-datadir/user/libraries/Printoo_Library
  Not used: /home/ec2-user/arduino-testlib/cli-datadir/user/libraries/EspSoftwareSerial
Multiple libraries were found for &#34;DHT.h&#34;
  Used: /home/ec2-user/arduino-testlib/cli-datadir/user/libraries/DHT_sensor_library
  Not used: /home/ec2-user/arduino-testlib/cli-datadir/user/libraries/NanoPlayBoard
  Not used: /home/ec2-user/arduino-testlib/cli-datadir/user/libraries/Grove_Temperature_And_Humidity_Sensor
  Not used: /home/ec2-user/arduino-testlib/cli-datadir/user/libraries/uKit_Explore
</pre>
					
				
				<h3 id="esp32:esp32:d1_mini32">esp32:esp32:d1_mini32 @ 1.0.6</h3>
				<h4>Inclusion</h4>
				<p>
					Result: <b>FAIL</b>
					
				</p>
				<pre class="pre-scrollable">Multiple libraries were found for &#34;DHT.h&#34;
  Used: /home/ec2-user/arduino-testlib/cli-datadir/user/libraries/DHT_sensor_library
  Not used: /home/ec2-user/arduino-testlib/cli-datadir/user/libraries/Grove_Temperature_And_Humidity_Sensor
  Not used: /home/ec2-user/arduino-testlib/cli-datadir/user/libraries/NanoPlayBoard
  Not used: /home/ec2-user/arduino-testlib/cli-datadir/user/libraries/uKit_Explore
Multiple libraries were found for &#34;Adafruit_Sensor.h&#34;
  Used: /home/ec2-user/arduino-testlib/cli-datadir/user/libraries/Adafruit_Unified_Sensor
  Not used: /home/ec2-user/arduino-testlib/cli-datadir/user/libraries/ArdUAV
  Not used: /home/ec2-user/arduino-testlib/cli-datadir/user/libraries/ClimaStick
Multiple libraries were found for &#34;SoftwareSerial.h&#34;
  Used: /home/ec2-user/arduino-testlib/cli-datadir/user/libraries/EspSoftwareSerial
  Not used: /home/ec2-user/arduino-testlib/cli-datadir/user/libraries/Dabble
  Not used: /home/ec2-user/arduino-testlib/cli-datadir/user/libraries/Printoo_Library
</pre>

					
					<h4>examples/MotorShield</h4>
					<p>
						Result: <b>FAIL</b>
					</p>
					<pre class="pre-scrollable">Multiple libraries were found for &#34;DHT.h&#34;
  Used: /home/ec2-user/arduino-testlib/cli-datadir/user/libraries/DHT_sensor_library
  Not used: /home/ec2-user/arduino-testlib/cli-datadir/user/libraries/NanoPlayBoard
  Not used: /home/ec2-user/arduino-testlib/cli-datadir/user/libraries/Grove_Temperature_And_Humidity_Sensor
  Not used: /home/ec2-user/arduino-testlib/cli-datadir/user/libraries/uKit_Explore
Multiple libraries were found for &#34;Adafruit_Sensor.h&#34;
  Used: /home/ec2-user/arduino-testlib/cli-datadir/user/libraries/Adafruit_Unified_Sensor
  Not used: /home/ec2-user/arduino-testlib/cli-datadir/user/libraries/ArdUAV
  Not used: /home/ec2-user/arduino-testlib/cli-datadir/user/libraries/ClimaStick
Multiple libraries were found for &#34;SoftwareSerial.h&#34;
  Used: /home/ec2-user/arduino-testlib/cli-datadir/user/libraries/EspSoftwareSerial
  Not used: /home/ec2-user/arduino-testlib/cli-datadir/user/libraries/Printoo_Library
  Not used: /home/ec2-user/arduino-testlib/cli-datadir/user/libraries/Dabble
</pre>
					
					<h4>examples/PonteH</h4>
					<p>
						Result: <b>FAIL</b>
					</p>
					<pre class="pre-scrollable">Multiple libraries were found for &#34;Adafruit_Sensor.h&#34;
  Used: /home/ec2-user/arduino-testlib/cli-datadir/user/libraries/Adafruit_Unified_Sensor
  Not used: /home/ec2-user/arduino-testlib/cli-datadir/user/libraries/ArdUAV
  Not used: /home/ec2-user/arduino-testlib/cli-datadir/user/libraries/ClimaStick
Multiple libraries were found for &#34;SoftwareSerial.h&#34;
  Used: /home/ec2-user/arduino-testlib/cli-datadir/user/libraries/EspSoftwareSerial
  Not used: /home/ec2-user/arduino-testlib/cli-datadir/user/libraries/Dabble
  Not used: /home/ec2-user/arduino-testlib/cli-datadir/user/libraries/Printoo_Library
Multiple libraries were found for &#34;DHT.h&#34;
  Used: /home/ec2-user/arduino-testlib/cli-datadir/user/libraries/DHT_sensor_library
  Not used: /home/ec2-user/arduino-testlib/cli-datadir/user/libraries/uKit_Explore
  Not used: /home/ec2-user/arduino-testlib/cli-datadir/user/libraries/NanoPlayBoard
  Not used: /home/ec2-user/arduino-testlib/cli-datadir/user/libraries/Grove_Temperature_And_Humidity_Sensor
</pre>
					
					<h4>examples/SensorAgua</h4>
					<p>
						Result: <b>FAIL</b>
					</p>
					<pre class="pre-scrollable">Multiple libraries were found for &#34;SoftwareSerial.h&#34;
  Used: /home/ec2-user/arduino-testlib/cli-datadir/user/libraries/EspSoftwareSerial
  Not used: /home/ec2-user/arduino-testlib/cli-datadir/user/libraries/Dabble
  Not used: /home/ec2-user/arduino-testlib/cli-datadir/user/libraries/Printoo_Library
Multiple libraries were found for &#34;DHT.h&#34;
  Used: /home/ec2-user/arduino-testlib/cli-datadir/user/libraries/DHT_sensor_library
  Not used: /home/ec2-user/arduino-testlib/cli-datadir/user/libraries/uKit_Explore
  Not used: /home/ec2-user/arduino-testlib/cli-datadir/user/libraries/Grove_Temperature_And_Humidity_Sensor
  Not used: /home/ec2-user/arduino-testlib/cli-datadir/user/libraries/NanoPlayBoard
Multiple libraries were found for &#34;Adafruit_Sensor.h&#34;
  Used: /home/ec2-user/arduino-testlib/cli-datadir/user/libraries/Adafruit_Unified_Sensor
  Not used: /home/ec2-user/arduino-testlib/cli-datadir/user/libraries/ClimaStick
  Not used: /home/ec2-user/arduino-testlib/cli-datadir/user/libraries/ArdUAV
</pre>
					
					<h4>examples/SensorCor</h4>
					<p>
						Result: <b>FAIL</b>
					</p>
					<pre class="pre-scrollable">/home/ec2-user/arduino-testlib/cli-datadir/user/libraries/GuaraTeca_Hardware/examples/SensorCor/SensorCor.ino:21:33: fatal error: GuaraTeca_SensorCor.h: No such file or directory
compilation terminated.

</pre>
					
					<h4>examples/SensorDHT</h4>
					<p>
						Result: <b>FAIL</b>
					</p>
					<pre class="pre-scrollable">Multiple libraries were found for &#34;SoftwareSerial.h&#34;
  Used: /home/ec2-user/arduino-testlib/cli-datadir/user/libraries/EspSoftwareSerial
  Not used: /home/ec2-user/arduino-testlib/cli-datadir/user/libraries/Printoo_Library
  Not used: /home/ec2-user/arduino-testlib/cli-datadir/user/libraries/Dabble
Multiple libraries were found for &#34;Adafruit_Sensor.h&#34;
  Used: /home/ec2-user/arduino-testlib/cli-datadir/user/libraries/Adafruit_Unified_Sensor
  Not used: /home/ec2-user/arduino-testlib/cli-datadir/user/libraries/ClimaStick
  Not used: /home/ec2-user/arduino-testlib/cli-datadir/user/libraries/ArdUAV
Multiple libraries were found for &#34;DHT.h&#34;
  Used: /home/ec2-user/arduino-testlib/cli-datadir/user/libraries/DHT_sensor_library
  Not used: /home/ec2-user/arduino-testlib/cli-datadir/user/libraries/NanoPlayBoard
  Not used: /home/ec2-user/arduino-testlib/cli-datadir/user/libraries/Grove_Temperature_And_Humidity_Sensor
  Not used: /home/ec2-user/arduino-testlib/cli-datadir/user/libraries/uKit_Explore
</pre>
					
					<h4>examples/SensorGiroscopioAcelerometro</h4>
					<p>
						Result: <b>FAIL</b>
					</p>
					<pre class="pre-scrollable">/home/ec2-user/arduino-testlib/cli-datadir/user/libraries/GuaraTeca_Hardware/examples/SensorGiroscopioAcelerometro/SensorGiroscopioAcelerometro.ino:21:52: fatal error: GuaraTeca_SensorGiroscopioAcelerometro.h: No such file or directory
compilation terminated.

</pre>
					
					<h4>examples/SensorRefletancia</h4>
					<p>
						Result: <b>FAIL</b>
					</p>
					<pre class="pre-scrollable">Multiple libraries were found for &#34;Adafruit_Sensor.h&#34;
  Used: /home/ec2-user/arduino-testlib/cli-datadir/user/libraries/Adafruit_Unified_Sensor
  Not used: /home/ec2-user/arduino-testlib/cli-datadir/user/libraries/ClimaStick
  Not used: /home/ec2-user/arduino-testlib/cli-datadir/user/libraries/ArdUAV
Multiple libraries were found for &#34;SoftwareSerial.h&#34;
  Used: /home/ec2-user/arduino-testlib/cli-datadir/user/libraries/EspSoftwareSerial
  Not used: /home/ec2-user/arduino-testlib/cli-datadir/user/libraries/Dabble
  Not used: /home/ec2-user/arduino-testlib/cli-datadir/user/libraries/Printoo_Library
Multiple libraries were found for &#34;DHT.h&#34;
  Used: /home/ec2-user/arduino-testlib/cli-datadir/user/libraries/DHT_sensor_library
  Not used: /home/ec2-user/arduino-testlib/cli-datadir/user/libraries/NanoPlayBoard
  Not used: /home/ec2-user/arduino-testlib/cli-datadir/user/libraries/Grove_Temperature_And_Humidity_Sensor
  Not used: /home/ec2-user/arduino-testlib/cli-datadir/user/libraries/uKit_Explore
</pre>
					
					<h4>examples/SensorUltrassonico</h4>
					<p>
						Result: <b>FAIL</b>
					</p>
					<pre class="pre-scrollable">/home/ec2-user/arduino-testlib/cli-datadir/user/libraries/GuaraTeca_Hardware/examples/SensorUltrassonico/SensorUltrassonico.ino: In function &#39;void setup()&#39;:
/home/ec2-user/arduino-testlib/cli-datadir/user/libraries/GuaraTeca_Hardware/examples/SensorUltrassonico/SensorUltrassonico.ino:27:38: error: &#39;A1&#39; was not declared in this scope
   objct.iniciaSensorUltrassonico(A0, A1);//iniciamos o sensor de refletancia na porta A0(Trig pin) e A1(Echo pin)
                                      ^
/home/ec2-user/arduino-testlib/cli-datadir/user/libraries/GuaraTeca_Hardware/examples/SensorUltrassonico/SensorUltrassonico.ino: In function &#39;void loop()&#39;:
/home/ec2-user/arduino-testlib/cli-datadir/user/libraries/GuaraTeca_Hardware/examples/SensorUltrassonico/SensorUltrassonico.ino:32:36: error: &#39;A1&#39; was not declared in this scope
   Serial.println(objct.leitura(A0, A1));//imprimimos a leitura do sensor na porta A0
                                    ^
Multiple libraries were found for &#34;SoftwareSerial.h&#34;
  Used: /home/ec2-user/arduino-testlib/cli-datadir/user/libraries/EspSoftwareSerial
  Not used: /home/ec2-user/arduino-testlib/cli-datadir/user/libraries/Dabble
  Not used: /home/ec2-user/arduino-testlib/cli-datadir/user/libraries/Printoo_Library
Multiple libraries were found for &#34;DHT.h&#34;
  Used: /home/ec2-user/arduino-testlib/cli-datadir/user/libraries/DHT_sensor_library
  Not used: /home/ec2-user/arduino-testlib/cli-datadir/user/libraries/uKit_Explore
  Not used: /home/ec2-user/arduino-testlib/cli-datadir/user/libraries/Grove_Temperature_And_Humidity_Sensor
  Not used: /home/ec2-user/arduino-testlib/cli-datadir/user/libraries/NanoPlayBoard
Multiple libraries were found for &#34;Adafruit_Sensor.h&#34;
  Used: /home/ec2-user/arduino-testlib/cli-datadir/user/libraries/Adafruit_Unified_Sensor
  Not used: /home/ec2-user/arduino-testlib/cli-datadir/user/libraries/ArdUAV
  Not used: /home/ec2-user/arduino-testlib/cli-datadir/user/libraries/ClimaStick
</pre>
					
					<h4>examples/Servo</h4>
					<p>
						Result: <b>FAIL</b>
					</p>
					<pre class="pre-scrollable">Multiple libraries were found for &#34;SoftwareSerial.h&#34;
  Used: /home/ec2-user/arduino-testlib/cli-datadir/user/libraries/EspSoftwareSerial
  Not used: /home/ec2-user/arduino-testlib/cli-datadir/user/libraries/Printoo_Library
  Not used: /home/ec2-user/arduino-testlib/cli-datadir/user/libraries/Dabble
Multiple libraries were found for &#34;DHT.h&#34;
  Used: /home/ec2-user/arduino-testlib/cli-datadir/user/libraries/DHT_sensor_library
  Not used: /home/ec2-user/arduino-testlib/cli-datadir/user/libraries/uKit_Explore
  Not used: /home/ec2-user/arduino-testlib/cli-datadir/user/libraries/NanoPlayBoard
  Not used: /home/ec2-user/arduino-testlib/cli-datadir/user/libraries/Grove_Temperature_And_Humidity_Sensor
Multiple libraries were found for &#34;Adafruit_Sensor.h&#34;
  Used: /home/ec2-user/arduino-testlib/cli-datadir/user/libraries/Adafruit_Unified_Sensor
  Not used: /home/ec2-user/arduino-testlib/cli-datadir/user/libraries/ClimaStick
  Not used: /home/ec2-user/arduino-testlib/cli-datadir/user/libraries/ArdUAV
</pre>
					
					<h4>examples/TelaCristalLiquido</h4>
					<p>
						Result: <b>FAIL</b>
					</p>
					<pre class="pre-scrollable">Multiple libraries were found for &#34;Adafruit_Sensor.h&#34;
  Used: /home/ec2-user/arduino-testlib/cli-datadir/user/libraries/Adafruit_Unified_Sensor
  Not used: /home/ec2-user/arduino-testlib/cli-datadir/user/libraries/ClimaStick
  Not used: /home/ec2-user/arduino-testlib/cli-datadir/user/libraries/ArdUAV
Multiple libraries were found for &#34;SoftwareSerial.h&#34;
  Used: /home/ec2-user/arduino-testlib/cli-datadir/user/libraries/EspSoftwareSerial
  Not used: /home/ec2-user/arduino-testlib/cli-datadir/user/libraries/Dabble
  Not used: /home/ec2-user/arduino-testlib/cli-datadir/user/libraries/Printoo_Library
Multiple libraries were found for &#34;DHT.h&#34;
  Used: /home/ec2-user/arduino-testlib/cli-datadir/user/libraries/DHT_sensor_library
  Not used: /home/ec2-user/arduino-testlib/cli-datadir/user/libraries/Grove_Temperature_And_Humidity_Sensor
  Not used: /home/ec2-user/arduino-testlib/cli-datadir/user/libraries/NanoPlayBoard
  Not used: /home/ec2-user/arduino-testlib/cli-datadir/user/libraries/uKit_Explore
</pre>
					
				
			</div>
		</div>
	</div>
  </body>
</html>
