
<!doctype html>
<html lang="en">
  <head>
    <meta charset="utf-8">
    <meta name="viewport" content="width=device-width, initial-scale=1">
    <link href="https://cdn.jsdelivr.net/npm/bootstrap@5.0.2/dist/css/bootstrap.min.css" rel="stylesheet" integrity="sha384-EVSTQN3/azprG1Anm3QDgpJLIm9Nao0Yz1ztcQTwFspd3yD65VohhpuuCOmLASjC" crossorigin="anonymous">
    <title>arduino-testlib report</title>
	<style>
	.pass { background-color: #00FF00 !important; }
	.fail { background-color: #FF0000 !important; }
	</style>
  </head>
  <body>
	<div class="container">
		<div class="row">
			<div class="col">
				<h1>GyverDimmer - compatibility matrix</h1>
				<p>
					<small>This report was generated on Monday, 21-Feb-22 12:00:25 CET using 
					<a href="https://github.com/alranel/arduino-testlib">arduino-testlib</a>.</small>
				</p>

				<h2>GyverDimmer</h2>
				<p>
					Version: <b>1.2</b>
					<br />
					<a href="https://www.arduino.cc/reference/en/libraries/gyverdimmer/">More details</a>
				</p>

				<h2>Compatibility matrix</h2>
				<table class="table table-bordered">
					<tr>
						<th>Board</th>
						<th>Claims compatibility</th>
						<th>Inclusion</th>
						
						<th><pre>dimFewTestHard</pre></th>
						
						<th><pre>dimFewTestSoft</pre></th>
						
						<th><pre>dimTestHard</pre></th>
						
						<th><pre>dimTestSoft</pre></th>
						
						<th><pre>dimBresMultiTest</pre></th>
						
						<th><pre>dimBresTest</pre></th>
						
					</tr>
					
					<tr>
						<td>
							<a href="#arduino%3aavr%3auno"><b>arduino:avr:uno</b></a>
							<br />
							<small>1.8.4</small>
						</td>

						
							<td>Yes</td>
							<td class="pass">PASS</td>
						
						
						
						

						
							
								
									
										
									
										
									
										
											
											<td class="fail">FAIL</td>
										
									
										
									
										
									
										
									
								
							
								
							
								
							
								
							
								
							
						
							
								
									
										
									
										
									
										
									
										
											
											<td class="fail">FAIL</td>
										
									
										
									
										
									
								
							
								
							
								
							
								
							
								
							
						
							
								
									
										
									
										
									
										
									
										
									
										
											<td class="pass">PASS</td>
											
										
									
										
									
								
							
								
							
								
							
								
							
								
							
						
							
								
									
										
									
										
									
										
									
										
									
										
									
										
											
											<td class="fail">FAIL</td>
										
									
								
							
								
							
								
							
								
							
								
							
						
							
								
									
										
											<td class="pass">PASS</td>
											
										
									
										
									
										
									
										
									
										
									
										
									
								
							
								
							
								
							
								
							
								
							
						
							
								
									
										
									
										
											<td class="pass">PASS</td>
											
										
									
										
									
										
									
										
									
										
									
								
							
								
							
								
							
								
							
								
							
						
					</tr>
					
					<tr>
						<td>
							<a href="#arduino%3ambed_nano%3ananorp2040connect"><b>arduino:mbed_nano:nanorp2040connect</b></a>
							<br />
							<small>2.7.2</small>
						</td>

						
							<td>Yes</td>
							<td class="pass">PASS</td>
						
						
						
						

						
							
								
							
								
									
										
									
										
									
										
											
											<td class="fail">FAIL</td>
										
									
										
									
										
									
										
									
								
							
								
							
								
							
								
							
						
							
								
							
								
									
										
									
										
									
										
									
										
											
											<td class="fail">FAIL</td>
										
									
										
									
										
									
								
							
								
							
								
							
								
							
						
							
								
							
								
									
										
									
										
									
										
									
										
									
										
											
											<td class="fail">FAIL</td>
										
									
										
									
								
							
								
							
								
							
								
							
						
							
								
							
								
									
										
									
										
									
										
									
										
									
										
									
										
											
											<td class="fail">FAIL</td>
										
									
								
							
								
							
								
							
								
							
						
							
								
							
								
									
										
											<td class="pass">PASS</td>
											
										
									
										
									
										
									
										
									
										
									
										
									
								
							
								
							
								
							
								
							
						
							
								
							
								
									
										
									
										
											<td class="pass">PASS</td>
											
										
									
										
									
										
									
										
									
										
									
								
							
								
							
								
							
								
							
						
					</tr>
					
					<tr>
						<td>
							<a href="#arduino%3amegaavr%3anona4809"><b>arduino:megaavr:nona4809</b></a>
							<br />
							<small>1.8.7</small>
						</td>

						
							<td>Yes</td>
							<td class="pass">PASS</td>
						
						
						
						

						
							
								
							
								
							
								
									
										
									
										
									
										
											
											<td class="fail">FAIL</td>
										
									
										
									
										
									
										
									
								
							
								
							
								
							
						
							
								
							
								
							
								
									
										
									
										
									
										
									
										
											
											<td class="fail">FAIL</td>
										
									
										
									
										
									
								
							
								
							
								
							
						
							
								
							
								
							
								
									
										
									
										
									
										
									
										
									
										
											
											<td class="fail">FAIL</td>
										
									
										
									
								
							
								
							
								
							
						
							
								
							
								
							
								
									
										
									
										
									
										
									
										
									
										
									
										
											
											<td class="fail">FAIL</td>
										
									
								
							
								
							
								
							
						
							
								
							
								
							
								
									
										
											<td class="pass">PASS</td>
											
										
									
										
									
										
									
										
									
										
									
										
									
								
							
								
							
								
							
						
							
								
							
								
							
								
									
										
									
										
											<td class="pass">PASS</td>
											
										
									
										
									
										
									
										
									
										
									
								
							
								
							
								
							
						
					</tr>
					
					<tr>
						<td>
							<a href="#arduino%3asamd%3amkrwifi1010"><b>arduino:samd:mkrwifi1010</b></a>
							<br />
							<small>1.8.12</small>
						</td>

						
							<td>Yes</td>
							<td class="pass">PASS</td>
						
						
						
						

						
							
								
							
								
							
								
							
								
									
										
									
										
									
										
											
											<td class="fail">FAIL</td>
										
									
										
									
										
									
										
									
								
							
								
							
						
							
								
							
								
							
								
							
								
									
										
									
										
									
										
									
										
											
											<td class="fail">FAIL</td>
										
									
										
									
										
									
								
							
								
							
						
							
								
							
								
							
								
							
								
									
										
									
										
									
										
									
										
									
										
											
											<td class="fail">FAIL</td>
										
									
										
									
								
							
								
							
						
							
								
							
								
							
								
							
								
									
										
									
										
									
										
									
										
									
										
									
										
											
											<td class="fail">FAIL</td>
										
									
								
							
								
							
						
							
								
							
								
							
								
							
								
									
										
											<td class="pass">PASS</td>
											
										
									
										
									
										
									
										
									
										
									
										
									
								
							
								
							
						
							
								
							
								
							
								
							
								
									
										
									
										
											<td class="pass">PASS</td>
											
										
									
										
									
										
									
										
									
										
									
								
							
								
							
						
					</tr>
					
					<tr>
						<td>
							<a href="#esp32%3aesp32%3ad1_mini32"><b>esp32:esp32:d1_mini32</b></a>
							<br />
							<small>1.0.6</small>
						</td>

						
							<td>Yes</td>
							<td class="pass">PASS</td>
						
						
						
						

						
							
								
							
								
							
								
							
								
							
								
									
										
									
										
									
										
											
											<td class="fail">FAIL</td>
										
									
										
									
										
									
										
									
								
							
						
							
								
							
								
							
								
							
								
							
								
									
										
									
										
									
										
									
										
											
											<td class="fail">FAIL</td>
										
									
										
									
										
									
								
							
						
							
								
							
								
							
								
							
								
							
								
									
										
									
										
									
										
									
										
									
										
											
											<td class="fail">FAIL</td>
										
									
										
									
								
							
						
							
								
							
								
							
								
							
								
							
								
									
										
									
										
									
										
									
										
									
										
									
										
											
											<td class="fail">FAIL</td>
										
									
								
							
						
							
								
							
								
							
								
							
								
							
								
									
										
											<td class="pass">PASS</td>
											
										
									
										
									
										
									
										
									
										
									
										
									
								
							
						
							
								
							
								
							
								
							
								
							
								
									
										
									
										
											<td class="pass">PASS</td>
											
										
									
										
									
										
									
										
									
										
									
								
							
						
					</tr>
					
				</table>

				<h2>Compilation logs</h2>
				
				<h3 id="arduino:avr:uno">arduino:avr:uno @ 1.8.4</h3>
				<h4>Inclusion</h4>
				<p>
					Result: <b>PASS</b>
					
				</p>
				<pre class="pre-scrollable">Sketch uses 444 bytes (1%) of program storage space. Maximum is 32256 bytes.
Global variables use 9 bytes (0%) of dynamic memory, leaving 2039 bytes for local variables. Maximum is 2048 bytes.
</pre>

					
					<h4>examples/dimBresMultiTest</h4>
					<p>
						Result: <b>PASS</b>
					</p>
					<pre class="pre-scrollable">Sketch uses 1270 bytes (3%) of program storage space. Maximum is 32256 bytes.
Global variables use 22 bytes (1%) of dynamic memory, leaving 2026 bytes for local variables. Maximum is 2048 bytes.
</pre>
					
					<h4>examples/dimBresTest</h4>
					<p>
						Result: <b>PASS</b>
					</p>
					<pre class="pre-scrollable">Sketch uses 1098 bytes (3%) of program storage space. Maximum is 32256 bytes.
Global variables use 17 bytes (0%) of dynamic memory, leaving 2031 bytes for local variables. Maximum is 2048 bytes.
</pre>
					
					<h4>examples/dimFewTestHard</h4>
					<p>
						Result: <b>FAIL</b>
					</p>
					<pre class="pre-scrollable"></pre>
					
					<h4>examples/dimFewTestSoft</h4>
					<p>
						Result: <b>FAIL</b>
					</p>
					<pre class="pre-scrollable"></pre>
					
					<h4>examples/dimTestHard</h4>
					<p>
						Result: <b>PASS</b>
					</p>
					<pre class="pre-scrollable">Sketch uses 1652 bytes (5%) of program storage space. Maximum is 32256 bytes.
Global variables use 20 bytes (0%) of dynamic memory, leaving 2028 bytes for local variables. Maximum is 2048 bytes.
</pre>
					
					<h4>examples/dimTestSoft</h4>
					<p>
						Result: <b>FAIL</b>
					</p>
					<pre class="pre-scrollable">/home/ec2-user/arduino-testlib/cli-datadir/user/libraries/GyverDimmer/examples/dimTestSoft/dimTestSoft.ino:36:8: error: &#39;D_PIN&#39; was not declared in this scope
 Dimmer&lt;D_PIN&gt; dim;   // указать пин диммера
        ^~~~~
/home/ec2-user/arduino-testlib/cli-datadir/user/libraries/GyverDimmer/examples/dimTestSoft/dimTestSoft.ino:36:8: note: suggested alternative: &#39;M_PI&#39;
 Dimmer&lt;D_PIN&gt; dim;   // указать пин диммера
        ^~~~~
        M_PI
/home/ec2-user/arduino-testlib/cli-datadir/user/libraries/GyverDimmer/examples/dimTestSoft/dimTestSoft.ino:36:13: error: template argument 1 is invalid
 Dimmer&lt;D_PIN&gt; dim;   // указать пин диммера
             ^
/home/ec2-user/arduino-testlib/cli-datadir/user/libraries/GyverDimmer/examples/dimTestSoft/dimTestSoft.ino: In function &#39;void isr()&#39;:
/home/ec2-user/arduino-testlib/cli-datadir/user/libraries/GyverDimmer/examples/dimTestSoft/dimTestSoft.ino:47:11: error: request for member &#39;tickZero&#39; in &#39;dim&#39;, which is of non-class type &#39;int&#39;
   if (dim.tickZero()) timer.setPeriod(dim.getPeriod());
           ^~~~~~~~
/home/ec2-user/arduino-testlib/cli-datadir/user/libraries/GyverDimmer/examples/dimTestSoft/dimTestSoft.ino:47:43: error: request for member &#39;getPeriod&#39; in &#39;dim&#39;, which is of non-class type &#39;int&#39;
   if (dim.tickZero()) timer.setPeriod(dim.getPeriod());
                                           ^~~~~~~~~
/home/ec2-user/arduino-testlib/cli-datadir/user/libraries/GyverDimmer/examples/dimTestSoft/dimTestSoft.ino: In function &#39;void loop()&#39;:
/home/ec2-user/arduino-testlib/cli-datadir/user/libraries/GyverDimmer/examples/dimTestSoft/dimTestSoft.ino:55:9: error: request for member &#39;tickTimer&#39; in &#39;dim&#39;, which is of non-class type &#39;int&#39;
     dim.tickTimer();    // вызвать tickTimer()
         ^~~~~~~~~
/home/ec2-user/arduino-testlib/cli-datadir/user/libraries/GyverDimmer/examples/dimTestSoft/dimTestSoft.ino:58:7: error: request for member &#39;write&#39; in &#39;dim&#39;, which is of non-class type &#39;int&#39;
   dim.write(analogRead(A0) / 4);  // принимает 0-255
       ^~~~~

</pre>
					
				
				<h3 id="arduino:mbed_nano:nanorp2040connect">arduino:mbed_nano:nanorp2040connect @ 2.7.2</h3>
				<h4>Inclusion</h4>
				<p>
					Result: <b>PASS</b>
					
				</p>
				<pre class="pre-scrollable">Sketch uses 78756 bytes (0%) of program storage space. Maximum is 16777216 bytes.
Global variables use 43444 bytes (16%) of dynamic memory, leaving 226892 bytes for local variables. Maximum is 270336 bytes.
</pre>

					
					<h4>examples/dimBresMultiTest</h4>
					<p>
						Result: <b>PASS</b>
					</p>
					<pre class="pre-scrollable">Sketch uses 80862 bytes (0%) of program storage space. Maximum is 16777216 bytes.
Global variables use 43776 bytes (16%) of dynamic memory, leaving 226560 bytes for local variables. Maximum is 270336 bytes.
</pre>
					
					<h4>examples/dimBresTest</h4>
					<p>
						Result: <b>PASS</b>
					</p>
					<pre class="pre-scrollable">Sketch uses 80862 bytes (0%) of program storage space. Maximum is 16777216 bytes.
Global variables use 43776 bytes (16%) of dynamic memory, leaving 226560 bytes for local variables. Maximum is 270336 bytes.
</pre>
					
					<h4>examples/dimFewTestHard</h4>
					<p>
						Result: <b>FAIL</b>
					</p>
					<pre class="pre-scrollable"></pre>
					
					<h4>examples/dimFewTestSoft</h4>
					<p>
						Result: <b>FAIL</b>
					</p>
					<pre class="pre-scrollable"></pre>
					
					<h4>examples/dimTestHard</h4>
					<p>
						Result: <b>FAIL</b>
					</p>
					<pre class="pre-scrollable">WARNING: library GyverTimers claims to run on avr architecture(s) and may be incompatible with your current board which runs on mbed_nano architecture(s).
/home/ec2-user/arduino-testlib/cli-datadir/user/libraries/GyverDimmer/examples/dimTestHard/dimTestHard.ino:31:5: error: expected constructor, destructor, or type conversion before &#39;(&#39; token
 ISR(TIMER2_A) {
     ^
/home/ec2-user/arduino-testlib/cli-datadir/user/libraries/GyverDimmer/examples/dimTestHard/dimTestHard.ino:31:4: error: expected constructor, destructor, or type conversion before &#39;(&#39; token
 ISR(TIMER2_A) {
    ^

</pre>
					
					<h4>examples/dimTestSoft</h4>
					<p>
						Result: <b>FAIL</b>
					</p>
					<pre class="pre-scrollable">/home/ec2-user/arduino-testlib/cli-datadir/user/libraries/GyverDimmer/examples/dimTestSoft/dimTestSoft.ino:36:8: error: &#39;D_PIN&#39; was not declared in this scope
 Dimmer&lt;D_PIN&gt; dim;   // указать пин диммера
        ^~~~~
/home/ec2-user/arduino-testlib/cli-datadir/user/libraries/GyverDimmer/examples/dimTestSoft/dimTestSoft.ino:36:8: note: suggested alternative: &#39;M_PI&#39;
 Dimmer&lt;D_PIN&gt; dim;   // указать пин диммера
        ^~~~~
        M_PI
/home/ec2-user/arduino-testlib/cli-datadir/user/libraries/GyverDimmer/examples/dimTestSoft/dimTestSoft.ino:36:13: error: template argument 1 is invalid
 Dimmer&lt;D_PIN&gt; dim;   // указать пин диммера
             ^
/home/ec2-user/arduino-testlib/cli-datadir/user/libraries/GyverDimmer/examples/dimTestSoft/dimTestSoft.ino: In function &#39;void isr()&#39;:
/home/ec2-user/arduino-testlib/cli-datadir/user/libraries/GyverDimmer/examples/dimTestSoft/dimTestSoft.ino:47:11: error: request for member &#39;tickZero&#39; in &#39;dim&#39;, which is of non-class type &#39;int&#39;
   if (dim.tickZero()) timer.setPeriod(dim.getPeriod());
           ^~~~~~~~
/home/ec2-user/arduino-testlib/cli-datadir/user/libraries/GyverDimmer/examples/dimTestSoft/dimTestSoft.ino:47:43: error: request for member &#39;getPeriod&#39; in &#39;dim&#39;, which is of non-class type &#39;int&#39;
   if (dim.tickZero()) timer.setPeriod(dim.getPeriod());
                                           ^~~~~~~~~
/home/ec2-user/arduino-testlib/cli-datadir/user/libraries/GyverDimmer/examples/dimTestSoft/dimTestSoft.ino: In function &#39;void loop()&#39;:
/home/ec2-user/arduino-testlib/cli-datadir/user/libraries/GyverDimmer/examples/dimTestSoft/dimTestSoft.ino:55:9: error: request for member &#39;tickTimer&#39; in &#39;dim&#39;, which is of non-class type &#39;int&#39;
     dim.tickTimer();    // вызвать tickTimer()
         ^~~~~~~~~
/home/ec2-user/arduino-testlib/cli-datadir/user/libraries/GyverDimmer/examples/dimTestSoft/dimTestSoft.ino:58:7: error: request for member &#39;write&#39; in &#39;dim&#39;, which is of non-class type &#39;int&#39;
   dim.write(analogRead(A0) / 4);  // принимает 0-255
       ^~~~~

</pre>
					
				
				<h3 id="arduino:megaavr:nona4809">arduino:megaavr:nona4809 @ 1.8.7</h3>
				<h4>Inclusion</h4>
				<p>
					Result: <b>PASS</b>
					
				</p>
				<pre class="pre-scrollable">Sketch uses 802 bytes (1%) of program storage space. Maximum is 49152 bytes.
Global variables use 22 bytes (0%) of dynamic memory, leaving 6122 bytes for local variables. Maximum is 6144 bytes.
</pre>

					
					<h4>examples/dimBresMultiTest</h4>
					<p>
						Result: <b>PASS</b>
					</p>
					<pre class="pre-scrollable">Sketch uses 2202 bytes (4%) of program storage space. Maximum is 49152 bytes.
Global variables use 223 bytes (3%) of dynamic memory, leaving 5921 bytes for local variables. Maximum is 6144 bytes.
</pre>
					
					<h4>examples/dimBresTest</h4>
					<p>
						Result: <b>PASS</b>
					</p>
					<pre class="pre-scrollable">Sketch uses 1886 bytes (3%) of program storage space. Maximum is 49152 bytes.
Global variables use 218 bytes (3%) of dynamic memory, leaving 5926 bytes for local variables. Maximum is 6144 bytes.
</pre>
					
					<h4>examples/dimFewTestHard</h4>
					<p>
						Result: <b>FAIL</b>
					</p>
					<pre class="pre-scrollable"></pre>
					
					<h4>examples/dimFewTestSoft</h4>
					<p>
						Result: <b>FAIL</b>
					</p>
					<pre class="pre-scrollable"></pre>
					
					<h4>examples/dimTestHard</h4>
					<p>
						Result: <b>FAIL</b>
					</p>
					<pre class="pre-scrollable">WARNING: library GyverTimers claims to run on avr architecture(s) and may be incompatible with your current board which runs on megaavr architecture(s).
In file included from /home/ec2-user/arduino-testlib/cli-datadir/data/packages/arduino/hardware/megaavr/1.8.7/cores/arduino/api/Interrupts.h:8:0,
                 from /home/ec2-user/arduino-testlib/cli-datadir/data/packages/arduino/hardware/megaavr/1.8.7/cores/arduino/api/ArduinoAPI.h:29,
                 from /home/ec2-user/arduino-testlib/cli-datadir/data/packages/arduino/hardware/megaavr/1.8.7/cores/arduino/Arduino.h:23,
                 from /home/ec2-user/arduino-testlib/cli-datadir/user/libraries/GyverTimers/src/GyverTimers.h:98,
                 from /home/ec2-user/arduino-testlib/cli-datadir/user/libraries/GyverTimers/src/GyverTimers.cpp:1:
/home/ec2-user/arduino-testlib/cli-datadir/user/libraries/GyverTimers/src/GyverTimers.cpp: In member function &#39;bool Timer_0::ready(uint8_t)&#39;:
/home/ec2-user/arduino-testlib/cli-datadir/user/libraries/GyverTimers/src/GyverTimers.cpp:7:36: error: &#39;TIFR0&#39; was not declared in this scope
     case CHANNEL_A: flag = bitRead(TIFR0, OCF0A); if (flag)bitSet(TIFR0, OCF0A); break; // Return interrupt flag &#43; clear flag
                                    ^
/home/ec2-user/arduino-testlib/cli-datadir/data/packages/arduino/hardware/megaavr/1.8.7/cores/arduino/api/Common.h:64:32: note: in definition of macro &#39;bitRead&#39;
 #define bitRead(value, bit) (((value) &gt;&gt; (bit)) &amp; 0x01)
                                ^~~~~
/home/ec2-user/arduino-testlib/cli-datadir/user/libraries/GyverTimers/src/GyverTimers.cpp:7:43: error: &#39;OCF0A&#39; was not declared in this scope
     case CHANNEL_A: flag = bitRead(TIFR0, OCF0A); if (flag)bitSet(TIFR0, OCF0A); break; // Return interrupt flag &#43; clear flag
                                           ^
/home/ec2-user/arduino-testlib/cli-datadir/data/packages/arduino/hardware/megaavr/1.8.7/cores/arduino/api/Common.h:64:43: note: in definition of macro &#39;bitRead&#39;
 #define bitRead(value, bit) (((value) &gt;&gt; (bit)) &amp; 0x01)
                                           ^~~
/home/ec2-user/arduino-testlib/cli-datadir/user/libraries/GyverTimers/src/GyverTimers.cpp:8:43: error: &#39;OCF0B&#39; was not declared in this scope
     case CHANNEL_B: flag = bitRead(TIFR0, OCF0B); if (flag)bitSet(TIFR0, OCF0B); break;
                                           ^
/home/ec2-user/arduino-testlib/cli-datadir/data/packages/arduino/hardware/megaavr/1.8.7/cores/arduino/api/Common.h:64:43: note: in definition of macro &#39;bitRead&#39;
 #define bitRead(value, bit) (((value) &gt;&gt; (bit)) &amp; 0x01)
                                           ^~~
/home/ec2-user/arduino-testlib/cli-datadir/user/libraries/GyverTimers/src/GyverTimers.cpp: In member function &#39;bool Timer_1::ready(uint8_t)&#39;:
/home/ec2-user/arduino-testlib/cli-datadir/user/libraries/GyverTimers/src/GyverTimers.cpp:16:36: error: &#39;TIFR1&#39; was not declared in this scope
     case CHANNEL_A: flag = bitRead(TIFR1, OCF1A); if (flag)bitSet(TIFR1, OCF1A); break; // Return interrupt flag &#43; clear flag
                                    ^
/home/ec2-user/arduino-testlib/cli-datadir/data/packages/arduino/hardware/megaavr/1.8.7/cores/arduino/api/Common.h:64:32: note: in definition of macro &#39;bitRead&#39;
 #define bitRead(value, bit) (((value) &gt;&gt; (bit)) &amp; 0x01)
                                ^~~~~
/home/ec2-user/arduino-testlib/cli-datadir/user/libraries/GyverTimers/src/GyverTimers.cpp:16:43: error: &#39;OCF1A&#39; was not declared in this scope
     case CHANNEL_A: flag = bitRead(TIFR1, OCF1A); if (flag)bitSet(TIFR1, OCF1A); break; // Return interrupt flag &#43; clear flag
                                           ^
/home/ec2-user/arduino-testlib/cli-datadir/data/packages/arduino/hardware/megaavr/1.8.7/cores/arduino/api/Common.h:64:43: note: in definition of macro &#39;bitRead&#39;
 #define bitRead(value, bit) (((value) &gt;&gt; (bit)) &amp; 0x01)
                                           ^~~
/home/ec2-user/arduino-testlib/cli-datadir/user/libraries/GyverTimers/src/GyverTimers.cpp:17:43: error: &#39;OCF1B&#39; was not declared in this scope
     case CHANNEL_B: flag = bitRead(TIFR1, OCF1B); if (flag)bitSet(TIFR1, OCF1B); break;
                                           ^
/home/ec2-user/arduino-testlib/cli-datadir/data/packages/arduino/hardware/megaavr/1.8.7/cores/arduino/api/Common.h:64:43: note: in definition of macro &#39;bitRead&#39;
 #define bitRead(value, bit) (((value) &gt;&gt; (bit)) &amp; 0x01)
                                           ^~~
/home/ec2-user/arduino-testlib/cli-datadir/user/libraries/GyverTimers/src/GyverTimers.cpp: In member function &#39;bool Timer_2::ready(uint8_t)&#39;:
/home/ec2-user/arduino-testlib/cli-datadir/user/libraries/GyverTimers/src/GyverTimers.cpp:28:36: error: &#39;TIFR2&#39; was not declared in this scope
     case CHANNEL_A: flag = bitRead(TIFR2, OCF2A); if (flag)bitSet(TIFR2, OCF2A); break; // Return interrupt flag &#43; clear flag
                                    ^
/home/ec2-user/arduino-testlib/cli-datadir/data/packages/arduino/hardware/megaavr/1.8.7/cores/arduino/api/Common.h:64:32: note: in definition of macro &#39;bitRead&#39;
 #define bitRead(value, bit) (((value) &gt;&gt; (bit)) &amp; 0x01)
                                ^~~~~
/home/ec2-user/arduino-testlib/cli-datadir/user/libraries/GyverTimers/src/GyverTimers.cpp:28:36: note: suggested alternative: &#39;TIMERB2&#39;
     case CHANNEL_A: flag = bitRead(TIFR2, OCF2A); if (flag)bitSet(TIFR2, OCF2A); break; // Return interrupt flag &#43; clear flag
                                    ^
/home/ec2-user/arduino-testlib/cli-datadir/data/packages/arduino/hardware/megaavr/1.8.7/cores/arduino/api/Common.h:64:32: note: in definition of macro &#39;bitRead&#39;
 #define bitRead(value, bit) (((value) &gt;&gt; (bit)) &amp; 0x01)
                                ^~~~~
/home/ec2-user/arduino-testlib/cli-datadir/user/libraries/GyverTimers/src/GyverTimers.cpp:28:43: error: &#39;OCF2A&#39; was not declared in this scope
     case CHANNEL_A: flag = bitRead(TIFR2, OCF2A); if (flag)bitSet(TIFR2, OCF2A); break; // Return interrupt flag &#43; clear flag
                                           ^
/home/ec2-user/arduino-testlib/cli-datadir/data/packages/arduino/hardware/megaavr/1.8.7/cores/arduino/api/Common.h:64:43: note: in definition of macro &#39;bitRead&#39;
 #define bitRead(value, bit) (((value) &gt;&gt; (bit)) &amp; 0x01)
                                           ^~~
/home/ec2-user/arduino-testlib/cli-datadir/user/libraries/GyverTimers/src/GyverTimers.cpp:29:43: error: &#39;OCF2B&#39; was not declared in this scope
     case CHANNEL_B: flag = bitRead(TIFR2, OCF2B); if (flag)bitSet(TIFR2, OCF2B); break;
                                           ^
/home/ec2-user/arduino-testlib/cli-datadir/data/packages/arduino/hardware/megaavr/1.8.7/cores/arduino/api/Common.h:64:43: note: in definition of macro &#39;bitRead&#39;
 #define bitRead(value, bit) (((value) &gt;&gt; (bit)) &amp; 0x01)
                                           ^~~
/home/ec2-user/arduino-testlib/cli-datadir/user/libraries/GyverTimers/src/GyverTimers.cpp: In member function &#39;void Timer_0::outputState(uint8_t, bool)&#39;:
/home/ec2-user/arduino-testlib/cli-datadir/user/libraries/GyverTimers/src/GyverTimers.cpp:69:21: error: &#39;TCCR0B&#39; was not declared in this scope
     case CHANNEL_A: TCCR0B = (TCCR0B &amp; 0x7F) | (state &lt;&lt; FOC0A); break;
                     ^~~~~~
/home/ec2-user/arduino-testlib/cli-datadir/user/libraries/GyverTimers/src/GyverTimers.cpp:69:21: note: suggested alternative: &#39;TCA0&#39;
     case CHANNEL_A: TCCR0B = (TCCR0B &amp; 0x7F) | (state &lt;&lt; FOC0A); break;
                     ^~~~~~
                     TCA0
/home/ec2-user/arduino-testlib/cli-datadir/user/libraries/GyverTimers/src/GyverTimers.cpp:69:58: error: &#39;FOC0A&#39; was not declared in this scope
     case CHANNEL_A: TCCR0B = (TCCR0B &amp; 0x7F) | (state &lt;&lt; FOC0A); break;
                                                          ^~~~~
/home/ec2-user/arduino-testlib/cli-datadir/user/libraries/GyverTimers/src/GyverTimers.cpp:70:58: error: &#39;FOC0B&#39; was not declared in this scope
     case CHANNEL_B: TCCR0B = (TCCR0B &amp; 0xBF) | (state &lt;&lt; FOC0B); break;
                                                          ^~~~~
/home/ec2-user/arduino-testlib/cli-datadir/user/libraries/GyverTimers/src/GyverTimers.cpp: In member function &#39;void Timer_1::outputState(uint8_t, bool)&#39;:
/home/ec2-user/arduino-testlib/cli-datadir/user/libraries/GyverTimers/src/GyverTimers.cpp:76:21: error: &#39;TCCR1C&#39; was not declared in this scope
     case CHANNEL_A: TCCR1C = (TCCR1C &amp; 0x7F) | (state &lt;&lt; FOC1A); break;
                     ^~~~~~
/home/ec2-user/arduino-testlib/cli-datadir/user/libraries/GyverTimers/src/GyverTimers.cpp:76:21: note: suggested alternative: &#39;TCB1&#39;
     case CHANNEL_A: TCCR1C = (TCCR1C &amp; 0x7F) | (state &lt;&lt; FOC1A); break;
                     ^~~~~~
                     TCB1
/home/ec2-user/arduino-testlib/cli-datadir/user/libraries/GyverTimers/src/GyverTimers.cpp:76:58: error: &#39;FOC1A&#39; was not declared in this scope
     case CHANNEL_A: TCCR1C = (TCCR1C &amp; 0x7F) | (state &lt;&lt; FOC1A); break;
                                                          ^~~~~
/home/ec2-user/arduino-testlib/cli-datadir/user/libraries/GyverTimers/src/GyverTimers.cpp:77:58: error: &#39;FOC1B&#39; was not declared in this scope
     case CHANNEL_B: TCCR1C = (TCCR1C &amp; 0xBF) | (state &lt;&lt; FOC1B); break;
                                                          ^~~~~
/home/ec2-user/arduino-testlib/cli-datadir/user/libraries/GyverTimers/src/GyverTimers.cpp: In member function &#39;void Timer_2::outputState(uint8_t, bool)&#39;:
/home/ec2-user/arduino-testlib/cli-datadir/user/libraries/GyverTimers/src/GyverTimers.cpp:86:21: error: &#39;TCCR2B&#39; was not declared in this scope
     case CHANNEL_A: TCCR2B = (TCCR2B &amp; 0x7F) | (state &lt;&lt; FOC2A); break;
                     ^~~~~~
/home/ec2-user/arduino-testlib/cli-datadir/user/libraries/GyverTimers/src/GyverTimers.cpp:86:21: note: suggested alternative: &#39;TCB2&#39;
     case CHANNEL_A: TCCR2B = (TCCR2B &amp; 0x7F) | (state &lt;&lt; FOC2A); break;
                     ^~~~~~
                     TCB2
/home/ec2-user/arduino-testlib/cli-datadir/user/librar</pre>
					
					<h4>examples/dimTestSoft</h4>
					<p>
						Result: <b>FAIL</b>
					</p>
					<pre class="pre-scrollable">/home/ec2-user/arduino-testlib/cli-datadir/user/libraries/GyverDimmer/examples/dimTestSoft/dimTestSoft.ino:36:8: error: &#39;D_PIN&#39; was not declared in this scope
 Dimmer&lt;D_PIN&gt; dim;   // указать пин диммера
        ^~~~~
/home/ec2-user/arduino-testlib/cli-datadir/user/libraries/GyverDimmer/examples/dimTestSoft/dimTestSoft.ino:36:8: note: suggested alternative: &#39;M_PI&#39;
 Dimmer&lt;D_PIN&gt; dim;   // указать пин диммера
        ^~~~~
        M_PI
/home/ec2-user/arduino-testlib/cli-datadir/user/libraries/GyverDimmer/examples/dimTestSoft/dimTestSoft.ino:36:13: error: template argument 1 is invalid
 Dimmer&lt;D_PIN&gt; dim;   // указать пин диммера
             ^
/home/ec2-user/arduino-testlib/cli-datadir/user/libraries/GyverDimmer/examples/dimTestSoft/dimTestSoft.ino: In function &#39;void isr()&#39;:
/home/ec2-user/arduino-testlib/cli-datadir/user/libraries/GyverDimmer/examples/dimTestSoft/dimTestSoft.ino:47:11: error: request for member &#39;tickZero&#39; in &#39;dim&#39;, which is of non-class type &#39;int&#39;
   if (dim.tickZero()) timer.setPeriod(dim.getPeriod());
           ^~~~~~~~
/home/ec2-user/arduino-testlib/cli-datadir/user/libraries/GyverDimmer/examples/dimTestSoft/dimTestSoft.ino:47:43: error: request for member &#39;getPeriod&#39; in &#39;dim&#39;, which is of non-class type &#39;int&#39;
   if (dim.tickZero()) timer.setPeriod(dim.getPeriod());
                                           ^~~~~~~~~
/home/ec2-user/arduino-testlib/cli-datadir/user/libraries/GyverDimmer/examples/dimTestSoft/dimTestSoft.ino: In function &#39;void loop()&#39;:
/home/ec2-user/arduino-testlib/cli-datadir/user/libraries/GyverDimmer/examples/dimTestSoft/dimTestSoft.ino:55:9: error: request for member &#39;tickTimer&#39; in &#39;dim&#39;, which is of non-class type &#39;int&#39;
     dim.tickTimer();    // вызвать tickTimer()
         ^~~~~~~~~
/home/ec2-user/arduino-testlib/cli-datadir/user/libraries/GyverDimmer/examples/dimTestSoft/dimTestSoft.ino:58:7: error: request for member &#39;write&#39; in &#39;dim&#39;, which is of non-class type &#39;int&#39;
   dim.write(analogRead(A0) / 4);  // принимает 0-255
       ^~~~~

</pre>
					
				
				<h3 id="arduino:samd:mkrwifi1010">arduino:samd:mkrwifi1010 @ 1.8.12</h3>
				<h4>Inclusion</h4>
				<p>
					Result: <b>PASS</b>
					
				</p>
				<pre class="pre-scrollable">Sketch uses 12156 bytes (4%) of program storage space. Maximum is 262144 bytes.
Global variables use 2996 bytes (9%) of dynamic memory, leaving 29772 bytes for local variables. Maximum is 32768 bytes.
</pre>

					
					<h4>examples/dimBresMultiTest</h4>
					<p>
						Result: <b>PASS</b>
					</p>
					<pre class="pre-scrollable">Sketch uses 12672 bytes (4%) of program storage space. Maximum is 262144 bytes.
Global variables use 3152 bytes (9%) of dynamic memory, leaving 29616 bytes for local variables. Maximum is 32768 bytes.
</pre>
					
					<h4>examples/dimBresTest</h4>
					<p>
						Result: <b>PASS</b>
					</p>
					<pre class="pre-scrollable">Sketch uses 12668 bytes (4%) of program storage space. Maximum is 262144 bytes.
Global variables use 3144 bytes (9%) of dynamic memory, leaving 29624 bytes for local variables. Maximum is 32768 bytes.
</pre>
					
					<h4>examples/dimFewTestHard</h4>
					<p>
						Result: <b>FAIL</b>
					</p>
					<pre class="pre-scrollable"></pre>
					
					<h4>examples/dimFewTestSoft</h4>
					<p>
						Result: <b>FAIL</b>
					</p>
					<pre class="pre-scrollable"></pre>
					
					<h4>examples/dimTestHard</h4>
					<p>
						Result: <b>FAIL</b>
					</p>
					<pre class="pre-scrollable">WARNING: library GyverTimers claims to run on avr architecture(s) and may be incompatible with your current board which runs on samd architecture(s).
/home/ec2-user/arduino-testlib/cli-datadir/user/libraries/GyverDimmer/examples/dimTestHard/dimTestHard.ino:31:5: error: expected constructor, destructor, or type conversion before &#39;(&#39; token
 ISR(TIMER2_A) {
     ^
/home/ec2-user/arduino-testlib/cli-datadir/user/libraries/GyverDimmer/examples/dimTestHard/dimTestHard.ino:31:4: error: expected constructor, destructor, or type conversion before &#39;(&#39; token
 ISR(TIMER2_A) {
    ^

</pre>
					
					<h4>examples/dimTestSoft</h4>
					<p>
						Result: <b>FAIL</b>
					</p>
					<pre class="pre-scrollable">/home/ec2-user/arduino-testlib/cli-datadir/user/libraries/GyverDimmer/examples/dimTestSoft/dimTestSoft.ino:36:8: error: &#39;D_PIN&#39; was not declared in this scope
 Dimmer&lt;D_PIN&gt; dim;   // указать пин диммера
        ^~~~~
/home/ec2-user/arduino-testlib/cli-datadir/user/libraries/GyverDimmer/examples/dimTestSoft/dimTestSoft.ino:36:8: note: suggested alternative: &#39;M_PI&#39;
 Dimmer&lt;D_PIN&gt; dim;   // указать пин диммера
        ^~~~~
        M_PI
/home/ec2-user/arduino-testlib/cli-datadir/user/libraries/GyverDimmer/examples/dimTestSoft/dimTestSoft.ino:36:13: error: template argument 1 is invalid
 Dimmer&lt;D_PIN&gt; dim;   // указать пин диммера
             ^
/home/ec2-user/arduino-testlib/cli-datadir/user/libraries/GyverDimmer/examples/dimTestSoft/dimTestSoft.ino: In function &#39;void isr()&#39;:
/home/ec2-user/arduino-testlib/cli-datadir/user/libraries/GyverDimmer/examples/dimTestSoft/dimTestSoft.ino:47:11: error: request for member &#39;tickZero&#39; in &#39;dim&#39;, which is of non-class type &#39;int&#39;
   if (dim.tickZero()) timer.setPeriod(dim.getPeriod());
           ^~~~~~~~
/home/ec2-user/arduino-testlib/cli-datadir/user/libraries/GyverDimmer/examples/dimTestSoft/dimTestSoft.ino:47:43: error: request for member &#39;getPeriod&#39; in &#39;dim&#39;, which is of non-class type &#39;int&#39;
   if (dim.tickZero()) timer.setPeriod(dim.getPeriod());
                                           ^~~~~~~~~
/home/ec2-user/arduino-testlib/cli-datadir/user/libraries/GyverDimmer/examples/dimTestSoft/dimTestSoft.ino: In function &#39;void loop()&#39;:
/home/ec2-user/arduino-testlib/cli-datadir/user/libraries/GyverDimmer/examples/dimTestSoft/dimTestSoft.ino:55:9: error: request for member &#39;tickTimer&#39; in &#39;dim&#39;, which is of non-class type &#39;int&#39;
     dim.tickTimer();    // вызвать tickTimer()
         ^~~~~~~~~
/home/ec2-user/arduino-testlib/cli-datadir/user/libraries/GyverDimmer/examples/dimTestSoft/dimTestSoft.ino:58:7: error: request for member &#39;write&#39; in &#39;dim&#39;, which is of non-class type &#39;int&#39;
   dim.write(analogRead(A0) / 4);  // принимает 0-255
       ^~~~~

</pre>
					
				
				<h3 id="esp32:esp32:d1_mini32">esp32:esp32:d1_mini32 @ 1.0.6</h3>
				<h4>Inclusion</h4>
				<p>
					Result: <b>PASS</b>
					
				</p>
				<pre class="pre-scrollable">Sketch uses 197736 bytes (15%) of program storage space. Maximum is 1310720 bytes.
Global variables use 13084 bytes (3%) of dynamic memory, leaving 314596 bytes for local variables. Maximum is 327680 bytes.
</pre>

					
					<h4>examples/dimBresMultiTest</h4>
					<p>
						Result: <b>PASS</b>
					</p>
					<pre class="pre-scrollable">Sketch uses 214934 bytes (16%) of program storage space. Maximum is 1310720 bytes.
Global variables use 13776 bytes (4%) of dynamic memory, leaving 313904 bytes for local variables. Maximum is 327680 bytes.
</pre>
					
					<h4>examples/dimBresTest</h4>
					<p>
						Result: <b>PASS</b>
					</p>
					<pre class="pre-scrollable">Sketch uses 214910 bytes (16%) of program storage space. Maximum is 1310720 bytes.
Global variables use 13768 bytes (4%) of dynamic memory, leaving 313912 bytes for local variables. Maximum is 327680 bytes.
</pre>
					
					<h4>examples/dimFewTestHard</h4>
					<p>
						Result: <b>FAIL</b>
					</p>
					<pre class="pre-scrollable"></pre>
					
					<h4>examples/dimFewTestSoft</h4>
					<p>
						Result: <b>FAIL</b>
					</p>
					<pre class="pre-scrollable"></pre>
					
					<h4>examples/dimTestHard</h4>
					<p>
						Result: <b>FAIL</b>
					</p>
					<pre class="pre-scrollable">WARNING: library GyverTimers claims to run on avr architecture(s) and may be incompatible with your current board which runs on esp32 architecture(s).
/home/ec2-user/arduino-testlib/cli-datadir/user/libraries/GyverDimmer/examples/dimTestHard/dimTestHard.ino:31:5: error: expected constructor, destructor, or type conversion before &#39;(&#39; token
 ISR(TIMER2_A) {
     ^
/home/ec2-user/arduino-testlib/cli-datadir/user/libraries/GyverDimmer/examples/dimTestHard/dimTestHard.ino:31:4: error: expected constructor, destructor, or type conversion before &#39;(&#39; token
 ISR(TIMER2_A) {
    ^

</pre>
					
					<h4>examples/dimTestSoft</h4>
					<p>
						Result: <b>FAIL</b>
					</p>
					<pre class="pre-scrollable">/home/ec2-user/arduino-testlib/cli-datadir/user/libraries/GyverDimmer/examples/dimTestSoft/dimTestSoft.ino:36:8: error: &#39;D_PIN&#39; was not declared in this scope
 Dimmer&lt;D_PIN&gt; dim;   // указать пин диммера
        ^
/home/ec2-user/arduino-testlib/cli-datadir/user/libraries/GyverDimmer/examples/dimTestSoft/dimTestSoft.ino:36:13: error: template argument 1 is invalid
 Dimmer&lt;D_PIN&gt; dim;   // указать пин диммера
             ^
/home/ec2-user/arduino-testlib/cli-datadir/user/libraries/GyverDimmer/examples/dimTestSoft/dimTestSoft.ino: In function &#39;void isr()&#39;:
/home/ec2-user/arduino-testlib/cli-datadir/user/libraries/GyverDimmer/examples/dimTestSoft/dimTestSoft.ino:47:11: error: request for member &#39;tickZero&#39; in &#39;dim&#39;, which is of non-class type &#39;int&#39;
   if (dim.tickZero()) timer.setPeriod(dim.getPeriod());
           ^
/home/ec2-user/arduino-testlib/cli-datadir/user/libraries/GyverDimmer/examples/dimTestSoft/dimTestSoft.ino:47:43: error: request for member &#39;getPeriod&#39; in &#39;dim&#39;, which is of non-class type &#39;int&#39;
   if (dim.tickZero()) timer.setPeriod(dim.getPeriod());
                                           ^
/home/ec2-user/arduino-testlib/cli-datadir/user/libraries/GyverDimmer/examples/dimTestSoft/dimTestSoft.ino: In function &#39;void loop()&#39;:
/home/ec2-user/arduino-testlib/cli-datadir/user/libraries/GyverDimmer/examples/dimTestSoft/dimTestSoft.ino:55:9: error: request for member &#39;tickTimer&#39; in &#39;dim&#39;, which is of non-class type &#39;int&#39;
     dim.tickTimer();    // вызвать tickTimer()
         ^
/home/ec2-user/arduino-testlib/cli-datadir/user/libraries/GyverDimmer/examples/dimTestSoft/dimTestSoft.ino:58:7: error: request for member &#39;write&#39; in &#39;dim&#39;, which is of non-class type &#39;int&#39;
   dim.write(analogRead(A0) / 4);  // принимает 0-255
       ^

</pre>
					
				
			</div>
		</div>
	</div>
  </body>
</html>
