
<!doctype html>
<html lang="en">
  <head>
    <meta charset="utf-8">
    <meta name="viewport" content="width=device-width, initial-scale=1">
    <link href="https://cdn.jsdelivr.net/npm/bootstrap@5.0.2/dist/css/bootstrap.min.css" rel="stylesheet" integrity="sha384-EVSTQN3/azprG1Anm3QDgpJLIm9Nao0Yz1ztcQTwFspd3yD65VohhpuuCOmLASjC" crossorigin="anonymous">
    <title>arduino-testlib report</title>
	<style>
	.pass { background-color: #00FF00 !important; }
	.fail { background-color: #FF0000 !important; }
	</style>
  </head>
  <body>
	<div class="container">
		<div class="row">
			<div class="col">
				<h1>GyverUART - compatibility matrix</h1>
				<p>
					<small>This report was generated on Monday, 21-Feb-22 12:00:25 CET using 
					<a href="https://github.com/alranel/arduino-testlib">arduino-testlib</a>.</small>
				</p>

				<h2>GyverUART</h2>
				<p>
					Version: <b>1.10</b>
					<br />
					<a href="https://www.arduino.cc/reference/en/libraries/gyveruart/">More details</a>
				</p>

				<h2>Compatibility matrix</h2>
				<table class="table table-bordered">
					<tr>
						<th>Board</th>
						<th>Claims compatibility</th>
						<th>Inclusion</th>
						
						<th><pre>parseTest</pre></th>
						
						<th><pre>printTest</pre></th>
						
					</tr>
					
					<tr>
						<td>
							<a href="#arduino%3aavr%3auno"><b>arduino:avr:uno</b></a>
							<br />
							<small>1.8.4</small>
						</td>

						
							<td>Yes</td>
							<td class="pass">PASS</td>
						
						
						
						

						
							
								
									
										
											<td class="pass">PASS</td>
											
										
									
										
									
								
							
								
							
								
							
								
							
								
							
						
							
								
									
										
									
										
											<td class="pass">PASS</td>
											
										
									
								
							
								
							
								
							
								
							
								
							
						
					</tr>
					
					<tr>
						<td>
							<a href="#arduino%3ambed_nano%3ananorp2040connect"><b>arduino:mbed_nano:nanorp2040connect</b></a>
							<br />
							<small>2.7.2</small>
						</td>

						
						
						
						
							<td>No</td>
							<td class="fail">FAIL</td>
						

						
							
								
							
								
									
										
											
											<td class="fail">FAIL</td>
										
									
										
									
								
							
								
							
								
							
								
							
						
							
								
							
								
									
										
									
										
											
											<td class="fail">FAIL</td>
										
									
								
							
								
							
								
							
								
							
						
					</tr>
					
					<tr>
						<td>
							<a href="#arduino%3amegaavr%3anona4809"><b>arduino:megaavr:nona4809</b></a>
							<br />
							<small>1.8.7</small>
						</td>

						
						
						
						
							<td>No</td>
							<td class="fail">FAIL</td>
						

						
							
								
							
								
							
								
									
										
											
											<td class="fail">FAIL</td>
										
									
										
									
								
							
								
							
								
							
						
							
								
							
								
							
								
									
										
									
										
											
											<td class="fail">FAIL</td>
										
									
								
							
								
							
								
							
						
					</tr>
					
					<tr>
						<td>
							<a href="#arduino%3asamd%3amkrwifi1010"><b>arduino:samd:mkrwifi1010</b></a>
							<br />
							<small>1.8.12</small>
						</td>

						
						
						
						
							<td>No</td>
							<td class="fail">FAIL</td>
						

						
							
								
							
								
							
								
							
								
									
										
											
											<td class="fail">FAIL</td>
										
									
										
									
								
							
								
							
						
							
								
							
								
							
								
							
								
									
										
									
										
											
											<td class="fail">FAIL</td>
										
									
								
							
								
							
						
					</tr>
					
					<tr>
						<td>
							<a href="#esp32%3aesp32%3ad1_mini32"><b>esp32:esp32:d1_mini32</b></a>
							<br />
							<small>1.0.6</small>
						</td>

						
						
						
						
							<td>No</td>
							<td class="fail">FAIL</td>
						

						
							
								
							
								
							
								
							
								
							
								
									
										
											
											<td class="fail">FAIL</td>
										
									
										
									
								
							
						
							
								
							
								
							
								
							
								
							
								
									
										
									
										
											
											<td class="fail">FAIL</td>
										
									
								
							
						
					</tr>
					
				</table>

				<h2>Compilation logs</h2>
				
				<h3 id="arduino:avr:uno">arduino:avr:uno @ 1.8.4</h3>
				<h4>Inclusion</h4>
				<p>
					Result: <b>PASS</b>
					
				</p>
				<pre class="pre-scrollable">Sketch uses 636 bytes (1%) of program storage space. Maximum is 32256 bytes.
Global variables use 109 bytes (5%) of dynamic memory, leaving 1939 bytes for local variables. Maximum is 2048 bytes.
</pre>

					
					<h4>examples/parseTest</h4>
					<p>
						Result: <b>PASS</b>
					</p>
					<pre class="pre-scrollable">Sketch uses 1560 bytes (4%) of program storage space. Maximum is 32256 bytes.
Global variables use 131 bytes (6%) of dynamic memory, leaving 1917 bytes for local variables. Maximum is 2048 bytes.
</pre>
					
					<h4>examples/printTest</h4>
					<p>
						Result: <b>PASS</b>
					</p>
					<pre class="pre-scrollable">Sketch uses 4350 bytes (13%) of program storage space. Maximum is 32256 bytes.
Global variables use 165 bytes (8%) of dynamic memory, leaving 1883 bytes for local variables. Maximum is 2048 bytes.
</pre>
					
				
				<h3 id="arduino:mbed_nano:nanorp2040connect">arduino:mbed_nano:nanorp2040connect @ 2.7.2</h3>
				<h4>Inclusion</h4>
				<p>
					Result: <b>FAIL</b>
					
				</p>
				<pre class="pre-scrollable">In file included from /tmp/arduino-testlib1452384477/test/test.ino:1:0:
/home/ec2-user/arduino-testlib/cli-datadir/user/libraries/GyverUART/src/GyverUART.h:30:10: fatal error: avr/io.h: No such file or directory
 #include &lt;avr/io.h&gt;
          ^~~~~~~~~~
compilation terminated.

</pre>

					
					<h4>examples/parseTest</h4>
					<p>
						Result: <b>FAIL</b>
					</p>
					<pre class="pre-scrollable">In file included from /home/ec2-user/arduino-testlib/cli-datadir/user/libraries/GyverUART/examples/parseTest/parseTest.ino:1:0:
/home/ec2-user/arduino-testlib/cli-datadir/user/libraries/GyverUART/src/GyverUART.h:30:10: fatal error: avr/io.h: No such file or directory
 #include &lt;avr/io.h&gt;
          ^~~~~~~~~~
compilation terminated.

</pre>
					
					<h4>examples/printTest</h4>
					<p>
						Result: <b>FAIL</b>
					</p>
					<pre class="pre-scrollable">In file included from /home/ec2-user/arduino-testlib/cli-datadir/user/libraries/GyverUART/examples/printTest/printTest.ino:1:0:
/home/ec2-user/arduino-testlib/cli-datadir/user/libraries/GyverUART/src/GyverUART.h:30:10: fatal error: avr/io.h: No such file or directory
 #include &lt;avr/io.h&gt;
          ^~~~~~~~~~
compilation terminated.

</pre>
					
				
				<h3 id="arduino:megaavr:nona4809">arduino:megaavr:nona4809 @ 1.8.7</h3>
				<h4>Inclusion</h4>
				<p>
					Result: <b>FAIL</b>
					
				</p>
				<pre class="pre-scrollable">WARNING: library GyverUART claims to run on avr architecture(s) and may be incompatible with your current board which runs on megaavr architecture(s).
/home/ec2-user/arduino-testlib/cli-datadir/user/libraries/GyverUART/src/GyverUART.cpp: In member function &#39;void GyverUart::begin(uint32_t)&#39;:
/home/ec2-user/arduino-testlib/cli-datadir/user/libraries/GyverUART/src/GyverUART.cpp:25:5: error: &#39;UBRR0H&#39; was not declared in this scope
     UBRR0H = highByte(speed);
     ^~~~~~
/home/ec2-user/arduino-testlib/cli-datadir/user/libraries/GyverUART/src/GyverUART.cpp:26:5: error: &#39;UBRR0L&#39; was not declared in this scope
     UBRR0L = lowByte(speed);
     ^~~~~~
/home/ec2-user/arduino-testlib/cli-datadir/user/libraries/GyverUART/src/GyverUART.cpp:27:5: error: &#39;UCSR0A&#39; was not declared in this scope
     UCSR0A = (1 &lt;&lt; U2X0);
     ^~~~~~
/home/ec2-user/arduino-testlib/cli-datadir/user/libraries/GyverUART/src/GyverUART.cpp:27:20: error: &#39;U2X0&#39; was not declared in this scope
     UCSR0A = (1 &lt;&lt; U2X0);
                    ^~~~
/home/ec2-user/arduino-testlib/cli-datadir/user/libraries/GyverUART/src/GyverUART.cpp:28:5: error: &#39;UCSR0B&#39; was not declared in this scope
     UCSR0B = ((1&lt;&lt;TXEN0) | (1&lt;&lt;RXEN0) | (1&lt;&lt;RXCIE0));
     ^~~~~~
/home/ec2-user/arduino-testlib/cli-datadir/user/libraries/GyverUART/src/GyverUART.cpp:28:19: error: &#39;TXEN0&#39; was not declared in this scope
     UCSR0B = ((1&lt;&lt;TXEN0) | (1&lt;&lt;RXEN0) | (1&lt;&lt;RXCIE0));
                   ^~~~~
/home/ec2-user/arduino-testlib/cli-datadir/user/libraries/GyverUART/src/GyverUART.cpp:28:32: error: &#39;RXEN0&#39; was not declared in this scope
     UCSR0B = ((1&lt;&lt;TXEN0) | (1&lt;&lt;RXEN0) | (1&lt;&lt;RXCIE0));
                                ^~~~~
/home/ec2-user/arduino-testlib/cli-datadir/user/libraries/GyverUART/src/GyverUART.cpp:28:45: error: &#39;RXCIE0&#39; was not declared in this scope
     UCSR0B = ((1&lt;&lt;TXEN0) | (1&lt;&lt;RXEN0) | (1&lt;&lt;RXCIE0));
                                             ^~~~~~
/home/ec2-user/arduino-testlib/cli-datadir/user/libraries/GyverUART/src/GyverUART.cpp:29:5: error: &#39;UCSR0C&#39; was not declared in this scope
     UCSR0C = ((1&lt;&lt;UCSZ01) | (1&lt;&lt;UCSZ00));
     ^~~~~~
/home/ec2-user/arduino-testlib/cli-datadir/user/libraries/GyverUART/src/GyverUART.cpp:29:19: error: &#39;UCSZ01&#39; was not declared in this scope
     UCSR0C = ((1&lt;&lt;UCSZ01) | (1&lt;&lt;UCSZ00));
                   ^~~~~~
/home/ec2-user/arduino-testlib/cli-datadir/user/libraries/GyverUART/src/GyverUART.cpp:29:33: error: &#39;UCSZ00&#39; was not declared in this scope
     UCSR0C = ((1&lt;&lt;UCSZ01) | (1&lt;&lt;UCSZ00));
                                 ^~~~~~
/home/ec2-user/arduino-testlib/cli-datadir/user/libraries/GyverUART/src/GyverUART.cpp: In member function &#39;void GyverUart::end()&#39;:
/home/ec2-user/arduino-testlib/cli-datadir/user/libraries/GyverUART/src/GyverUART.cpp:35:5: error: &#39;UCSR0B&#39; was not declared in this scope
     UCSR0B = 0;
     ^~~~~~
/home/ec2-user/arduino-testlib/cli-datadir/user/libraries/GyverUART/src/GyverUART.cpp: In function &#39;void USART_RX_vect()&#39;:
/home/ec2-user/arduino-testlib/cli-datadir/user/libraries/GyverUART/src/GyverUART.cpp:41:9: error: &#39;UCSR0A&#39; was not declared in this scope
     if (UCSR0A &amp; (1&lt;&lt;UPE0)){c = UDR0;} // Не сохранять новые данные если parity error
         ^~~~~~
/home/ec2-user/arduino-testlib/cli-datadir/user/libraries/GyverUART/src/GyverUART.cpp:41:22: error: &#39;UPE0&#39; was not declared in this scope
     if (UCSR0A &amp; (1&lt;&lt;UPE0)){c = UDR0;} // Не сохранять новые данные если parity error
                      ^~~~
/home/ec2-user/arduino-testlib/cli-datadir/user/libraries/GyverUART/src/GyverUART.cpp:41:22: note: suggested alternative: &#39;SPI0&#39;
     if (UCSR0A &amp; (1&lt;&lt;UPE0)){c = UDR0;} // Не сохранять новые данные если parity error
                      ^~~~
                      SPI0
/home/ec2-user/arduino-testlib/cli-datadir/user/libraries/GyverUART/src/GyverUART.cpp:41:33: error: &#39;UDR0&#39; was not declared in this scope
     if (UCSR0A &amp; (1&lt;&lt;UPE0)){c = UDR0;} // Не сохранять новые данные если parity error
                                 ^~~~
/home/ec2-user/arduino-testlib/cli-datadir/user/libraries/GyverUART/src/GyverUART.cpp:41:33: note: suggested alternative: &#39;DDRD&#39;
     if (UCSR0A &amp; (1&lt;&lt;UPE0)){c = UDR0;} // Не сохранять новые данные если parity error
                                 ^~~~
                                 DDRD
/home/ec2-user/arduino-testlib/cli-datadir/user/libraries/GyverUART/src/GyverUART.cpp:43:13: error: &#39;UDR0&#39; was not declared in this scope
         c = UDR0;
             ^~~~
/home/ec2-user/arduino-testlib/cli-datadir/user/libraries/GyverUART/src/GyverUART.cpp:43:13: note: suggested alternative: &#39;DDRD&#39;
         c = UDR0;
             ^~~~
             DDRD
/home/ec2-user/arduino-testlib/cli-datadir/user/libraries/GyverUART/src/GyverUART.cpp: In member function &#39;void GyverUart::writeBuffer(byte)&#39;:
/home/ec2-user/arduino-testlib/cli-datadir/user/libraries/GyverUART/src/GyverUART.cpp:224:9: error: &#39;UCSR0B&#39; was not declared in this scope
         UCSR0B |= (1&lt;&lt;UDRIE0);
         ^~~~~~
/home/ec2-user/arduino-testlib/cli-datadir/user/libraries/GyverUART/src/GyverUART.cpp:224:23: error: &#39;UDRIE0&#39; was not declared in this scope
         UCSR0B |= (1&lt;&lt;UDRIE0);
                       ^~~~~~
/home/ec2-user/arduino-testlib/cli-datadir/user/libraries/GyverUART/src/GyverUART.cpp: In function &#39;void USART_UDRE_vect()&#39;:
/home/ec2-user/arduino-testlib/cli-datadir/user/libraries/GyverUART/src/GyverUART.cpp:229:5: error: &#39;UDR0&#39; was not declared in this scope
     UDR0 = _UART_TX_BUFFER[_UART_TX_BUFFER_TAIL];
     ^~~~
/home/ec2-user/arduino-testlib/cli-datadir/user/libraries/GyverUART/src/GyverUART.cpp:229:5: note: suggested alternative: &#39;DDRD&#39;
     UDR0 = _UART_TX_BUFFER[_UART_TX_BUFFER_TAIL];
     ^~~~
     DDRD
/home/ec2-user/arduino-testlib/cli-datadir/user/libraries/GyverUART/src/GyverUART.cpp:231:56: error: &#39;UCSR0B&#39; was not declared in this scope
     if (_UART_TX_BUFFER_HEAD == _UART_TX_BUFFER_TAIL) {UCSR0B &amp;=~ (1&lt;&lt;UDRIE0);}
                                                        ^~~~~~
/home/ec2-user/arduino-testlib/cli-datadir/user/libraries/GyverUART/src/GyverUART.cpp:231:71: error: &#39;UDRIE0&#39; was not declared in this scope
     if (_UART_TX_BUFFER_HEAD == _UART_TX_BUFFER_TAIL) {UCSR0B &amp;=~ (1&lt;&lt;UDRIE0);}
                                                                       ^~~~~~

</pre>

					
					<h4>examples/parseTest</h4>
					<p>
						Result: <b>FAIL</b>
					</p>
					<pre class="pre-scrollable">WARNING: library GyverUART claims to run on avr architecture(s) and may be incompatible with your current board which runs on megaavr architecture(s).
/home/ec2-user/arduino-testlib/cli-datadir/user/libraries/GyverUART/src/GyverUART.cpp: In member function &#39;void GyverUart::begin(uint32_t)&#39;:
/home/ec2-user/arduino-testlib/cli-datadir/user/libraries/GyverUART/src/GyverUART.cpp:25:5: error: &#39;UBRR0H&#39; was not declared in this scope
     UBRR0H = highByte(speed);
     ^~~~~~
/home/ec2-user/arduino-testlib/cli-datadir/user/libraries/GyverUART/src/GyverUART.cpp:26:5: error: &#39;UBRR0L&#39; was not declared in this scope
     UBRR0L = lowByte(speed);
     ^~~~~~
/home/ec2-user/arduino-testlib/cli-datadir/user/libraries/GyverUART/src/GyverUART.cpp:27:5: error: &#39;UCSR0A&#39; was not declared in this scope
     UCSR0A = (1 &lt;&lt; U2X0);
     ^~~~~~
/home/ec2-user/arduino-testlib/cli-datadir/user/libraries/GyverUART/src/GyverUART.cpp:27:20: error: &#39;U2X0&#39; was not declared in this scope
     UCSR0A = (1 &lt;&lt; U2X0);
                    ^~~~
/home/ec2-user/arduino-testlib/cli-datadir/user/libraries/GyverUART/src/GyverUART.cpp:28:5: error: &#39;UCSR0B&#39; was not declared in this scope
     UCSR0B = ((1&lt;&lt;TXEN0) | (1&lt;&lt;RXEN0) | (1&lt;&lt;RXCIE0));
     ^~~~~~
/home/ec2-user/arduino-testlib/cli-datadir/user/libraries/GyverUART/src/GyverUART.cpp:28:19: error: &#39;TXEN0&#39; was not declared in this scope
     UCSR0B = ((1&lt;&lt;TXEN0) | (1&lt;&lt;RXEN0) | (1&lt;&lt;RXCIE0));
                   ^~~~~
/home/ec2-user/arduino-testlib/cli-datadir/user/libraries/GyverUART/src/GyverUART.cpp:28:32: error: &#39;RXEN0&#39; was not declared in this scope
     UCSR0B = ((1&lt;&lt;TXEN0) | (1&lt;&lt;RXEN0) | (1&lt;&lt;RXCIE0));
                                ^~~~~
/home/ec2-user/arduino-testlib/cli-datadir/user/libraries/GyverUART/src/GyverUART.cpp:28:45: error: &#39;RXCIE0&#39; was not declared in this scope
     UCSR0B = ((1&lt;&lt;TXEN0) | (1&lt;&lt;RXEN0) | (1&lt;&lt;RXCIE0));
                                             ^~~~~~
/home/ec2-user/arduino-testlib/cli-datadir/user/libraries/GyverUART/src/GyverUART.cpp:29:5: error: &#39;UCSR0C&#39; was not declared in this scope
     UCSR0C = ((1&lt;&lt;UCSZ01) | (1&lt;&lt;UCSZ00));
     ^~~~~~
/home/ec2-user/arduino-testlib/cli-datadir/user/libraries/GyverUART/src/GyverUART.cpp:29:19: error: &#39;UCSZ01&#39; was not declared in this scope
     UCSR0C = ((1&lt;&lt;UCSZ01) | (1&lt;&lt;UCSZ00));
                   ^~~~~~
/home/ec2-user/arduino-testlib/cli-datadir/user/libraries/GyverUART/src/GyverUART.cpp:29:33: error: &#39;UCSZ00&#39; was not declared in this scope
     UCSR0C = ((1&lt;&lt;UCSZ01) | (1&lt;&lt;UCSZ00));
                                 ^~~~~~
/home/ec2-user/arduino-testlib/cli-datadir/user/libraries/GyverUART/src/GyverUART.cpp: In member function &#39;void GyverUart::end()&#39;:
/home/ec2-user/arduino-testlib/cli-datadir/user/libraries/GyverUART/src/GyverUART.cpp:35:5: error: &#39;UCSR0B&#39; was not declared in this scope
     UCSR0B = 0;
     ^~~~~~
/home/ec2-user/arduino-testlib/cli-datadir/user/libraries/GyverUART/src/GyverUART.cpp: In function &#39;void USART_RX_vect()&#39;:
/home/ec2-user/arduino-testlib/cli-datadir/user/libraries/GyverUART/src/GyverUART.cpp:41:9: error: &#39;UCSR0A&#39; was not declared in this scope
     if (UCSR0A &amp; (1&lt;&lt;UPE0)){c = UDR0;} // Не сохранять новые данные если parity error
         ^~~~~~
/home/ec2-user/arduino-testlib/cli-datadir/user/libraries/GyverUART/src/GyverUART.cpp:41:22: error: &#39;UPE0&#39; was not declared in this scope
     if (UCSR0A &amp; (1&lt;&lt;UPE0)){c = UDR0;} // Не сохранять новые данные если parity error
                      ^~~~
/home/ec2-user/arduino-testlib/cli-datadir/user/libraries/GyverUART/src/GyverUART.cpp:41:22: note: suggested alternative: &#39;SPI0&#39;
     if (UCSR0A &amp; (1&lt;&lt;UPE0)){c = UDR0;} // Не сохранять новые данные если parity error
                      ^~~~
                      SPI0
/home/ec2-user/arduino-testlib/cli-datadir/user/libraries/GyverUART/src/GyverUART.cpp:41:33: error: &#39;UDR0&#39; was not declared in this scope
     if (UCSR0A &amp; (1&lt;&lt;UPE0)){c = UDR0;} // Не сохранять новые данные если parity error
                                 ^~~~
/home/ec2-user/arduino-testlib/cli-datadir/user/libraries/GyverUART/src/GyverUART.cpp:41:33: note: suggested alternative: &#39;DDRD&#39;
     if (UCSR0A &amp; (1&lt;&lt;UPE0)){c = UDR0;} // Не сохранять новые данные если parity error
                                 ^~~~
                                 DDRD
/home/ec2-user/arduino-testlib/cli-datadir/user/libraries/GyverUART/src/GyverUART.cpp:43:13: error: &#39;UDR0&#39; was not declared in this scope
         c = UDR0;
             ^~~~
/home/ec2-user/arduino-testlib/cli-datadir/user/libraries/GyverUART/src/GyverUART.cpp:43:13: note: suggested alternative: &#39;DDRD&#39;
         c = UDR0;
             ^~~~
             DDRD
/home/ec2-user/arduino-testlib/cli-datadir/user/libraries/GyverUART/src/GyverUART.cpp: In member function &#39;void GyverUart::writeBuffer(byte)&#39;:
/home/ec2-user/arduino-testlib/cli-datadir/user/libraries/GyverUART/src/GyverUART.cpp:224:9: error: &#39;UCSR0B&#39; was not declared in this scope
         UCSR0B |= (1&lt;&lt;UDRIE0);
         ^~~~~~
/home/ec2-user/arduino-testlib/cli-datadir/user/libraries/GyverUART/src/GyverUART.cpp:224:23: error: &#39;UDRIE0&#39; was not declared in this scope
         UCSR0B |= (1&lt;&lt;UDRIE0);
                       ^~~~~~
/home/ec2-user/arduino-testlib/cli-datadir/user/libraries/GyverUART/src/GyverUART.cpp: In function &#39;void USART_UDRE_vect()&#39;:
/home/ec2-user/arduino-testlib/cli-datadir/user/libraries/GyverUART/src/GyverUART.cpp:229:5: error: &#39;UDR0&#39; was not declared in this scope
     UDR0 = _UART_TX_BUFFER[_UART_TX_BUFFER_TAIL];
     ^~~~
/home/ec2-user/arduino-testlib/cli-datadir/user/libraries/GyverUART/src/GyverUART.cpp:229:5: note: suggested alternative: &#39;DDRD&#39;
     UDR0 = _UART_TX_BUFFER[_UART_TX_BUFFER_TAIL];
     ^~~~
     DDRD
/home/ec2-user/arduino-testlib/cli-datadir/user/libraries/GyverUART/src/GyverUART.cpp:231:56: error: &#39;UCSR0B&#39; was not declared in this scope
     if (_UART_TX_BUFFER_HEAD == _UART_TX_BUFFER_TAIL) {UCSR0B &amp;=~ (1&lt;&lt;UDRIE0);}
                                                        ^~~~~~
/home/ec2-user/arduino-testlib/cli-datadir/user/libraries/GyverUART/src/GyverUART.cpp:231:71: error: &#39;UDRIE0&#39; was not declared in this scope
     if (_UART_TX_BUFFER_HEAD == _UART_TX_BUFFER_TAIL) {UCSR0B &amp;=~ (1&lt;&lt;UDRIE0);}
                                                                       ^~~~~~

</pre>
					
					<h4>examples/printTest</h4>
					<p>
						Result: <b>FAIL</b>
					</p>
					<pre class="pre-scrollable">WARNING: library GyverUART claims to run on avr architecture(s) and may be incompatible with your current board which runs on megaavr architecture(s).
/home/ec2-user/arduino-testlib/cli-datadir/user/libraries/GyverUART/src/GyverUART.cpp: In member function &#39;void GyverUart::begin(uint32_t)&#39;:
/home/ec2-user/arduino-testlib/cli-datadir/user/libraries/GyverUART/src/GyverUART.cpp:25:5: error: &#39;UBRR0H&#39; was not declared in this scope
     UBRR0H = highByte(speed);
     ^~~~~~
/home/ec2-user/arduino-testlib/cli-datadir/user/libraries/GyverUART/src/GyverUART.cpp:26:5: error: &#39;UBRR0L&#39; was not declared in this scope
     UBRR0L = lowByte(speed);
     ^~~~~~
/home/ec2-user/arduino-testlib/cli-datadir/user/libraries/GyverUART/src/GyverUART.cpp:27:5: error: &#39;UCSR0A&#39; was not declared in this scope
     UCSR0A = (1 &lt;&lt; U2X0);
     ^~~~~~
/home/ec2-user/arduino-testlib/cli-datadir/user/libraries/GyverUART/src/GyverUART.cpp:27:20: error: &#39;U2X0&#39; was not declared in this scope
     UCSR0A = (1 &lt;&lt; U2X0);
                    ^~~~
/home/ec2-user/arduino-testlib/cli-datadir/user/libraries/GyverUART/src/GyverUART.cpp:28:5: error: &#39;UCSR0B&#39; was not declared in this scope
     UCSR0B = ((1&lt;&lt;TXEN0) | (1&lt;&lt;RXEN0) | (1&lt;&lt;RXCIE0));
     ^~~~~~
/home/ec2-user/arduino-testlib/cli-datadir/user/libraries/GyverUART/src/GyverUART.cpp:28:19: error: &#39;TXEN0&#39; was not declared in this scope
     UCSR0B = ((1&lt;&lt;TXEN0) | (1&lt;&lt;RXEN0) | (1&lt;&lt;RXCIE0));
                   ^~~~~
/home/ec2-user/arduino-testlib/cli-datadir/user/libraries/GyverUART/src/GyverUART.cpp:28:32: error: &#39;RXEN0&#39; was not declared in this scope
     UCSR0B = ((1&lt;&lt;TXEN0) | (1&lt;&lt;RXEN0) | (1&lt;&lt;RXCIE0));
                                ^~~~~
/home/ec2-user/arduino-testlib/cli-datadir/user/libraries/GyverUART/src/GyverUART.cpp:28:45: error: &#39;RXCIE0&#39; was not declared in this scope
     UCSR0B = ((1&lt;&lt;TXEN0) | (1&lt;&lt;RXEN0) | (1&lt;&lt;RXCIE0));
                                             ^~~~~~
/home/ec2-user/arduino-testlib/cli-datadir/user/libraries/GyverUART/src/GyverUART.cpp:29:5: error: &#39;UCSR0C&#39; was not declared in this scope
     UCSR0C = ((1&lt;&lt;UCSZ01) | (1&lt;&lt;UCSZ00));
     ^~~~~~
/home/ec2-user/arduino-testlib/cli-datadir/user/libraries/GyverUART/src/GyverUART.cpp:29:19: error: &#39;UCSZ01&#39; was not declared in this scope
     UCSR0C = ((1&lt;&lt;UCSZ01) | (1&lt;&lt;UCSZ00));
                   ^~~~~~
/home/ec2-user/arduino-testlib/cli-datadir/user/libraries/GyverUART/src/GyverUART.cpp:29:33: error: &#39;UCSZ00&#39; was not declared in this scope
     UCSR0C = ((1&lt;&lt;UCSZ01) | (1&lt;&lt;UCSZ00));
                                 ^~~~~~
/home/ec2-user/arduino-testlib/cli-datadir/user/libraries/GyverUART/src/GyverUART.cpp: In member function &#39;void GyverUart::end()&#39;:
/home/ec2-user/arduino-testlib/cli-datadir/user/libraries/GyverUART/src/GyverUART.cpp:35:5: error: &#39;UCSR0B&#39; was not declared in this scope
     UCSR0B = 0;
     ^~~~~~
/home/ec2-user/arduino-testlib/cli-datadir/user/libraries/GyverUART/src/GyverUART.cpp: In function &#39;void USART_RX_vect()&#39;:
/home/ec2-user/arduino-testlib/cli-datadir/user/libraries/GyverUART/src/GyverUART.cpp:41:9: error: &#39;UCSR0A&#39; was not declared in this scope
     if (UCSR0A &amp; (1&lt;&lt;UPE0)){c = UDR0;} // Не сохранять новые данные если parity error
         ^~~~~~
/home/ec2-user/arduino-testlib/cli-datadir/user/libraries/GyverUART/src/GyverUART.cpp:41:22: error: &#39;UPE0&#39; was not declared in this scope
     if (UCSR0A &amp; (1&lt;&lt;UPE0)){c = UDR0;} // Не сохранять новые данные если parity error
                      ^~~~
/home/ec2-user/arduino-testlib/cli-datadir/user/libraries/GyverUART/src/GyverUART.cpp:41:22: note: suggested alternative: &#39;SPI0&#39;
     if (UCSR0A &amp; (1&lt;&lt;UPE0)){c = UDR0;} // Не сохранять новые данные если parity error
                      ^~~~
                      SPI0
/home/ec2-user/arduino-testlib/cli-datadir/user/libraries/GyverUART/src/GyverUART.cpp:41:33: error: &#39;UDR0&#39; was not declared in this scope
     if (UCSR0A &amp; (1&lt;&lt;UPE0)){c = UDR0;} // Не сохранять новые данные если parity error
                                 ^~~~
/home/ec2-user/arduino-testlib/cli-datadir/user/libraries/GyverUART/src/GyverUART.cpp:41:33: note: suggested alternative: &#39;DDRD&#39;
     if (UCSR0A &amp; (1&lt;&lt;UPE0)){c = UDR0;} // Не сохранять новые данные если parity error
                                 ^~~~
                                 DDRD
/home/ec2-user/arduino-testlib/cli-datadir/user/libraries/GyverUART/src/GyverUART.cpp:43:13: error: &#39;UDR0&#39; was not declared in this scope
         c = UDR0;
             ^~~~
/home/ec2-user/arduino-testlib/cli-datadir/user/libraries/GyverUART/src/GyverUART.cpp:43:13: note: suggested alternative: &#39;DDRD&#39;
         c = UDR0;
             ^~~~
             DDRD
/home/ec2-user/arduino-testlib/cli-datadir/user/libraries/GyverUART/src/GyverUART.cpp: In member function &#39;void GyverUart::writeBuffer(byte)&#39;:
/home/ec2-user/arduino-testlib/cli-datadir/user/libraries/GyverUART/src/GyverUART.cpp:224:9: error: &#39;UCSR0B&#39; was not declared in this scope
         UCSR0B |= (1&lt;&lt;UDRIE0);
         ^~~~~~
/home/ec2-user/arduino-testlib/cli-datadir/user/libraries/GyverUART/src/GyverUART.cpp:224:23: error: &#39;UDRIE0&#39; was not declared in this scope
         UCSR0B |= (1&lt;&lt;UDRIE0);
                       ^~~~~~
/home/ec2-user/arduino-testlib/cli-datadir/user/libraries/GyverUART/src/GyverUART.cpp: In function &#39;void USART_UDRE_vect()&#39;:
/home/ec2-user/arduino-testlib/cli-datadir/user/libraries/GyverUART/src/GyverUART.cpp:229:5: error: &#39;UDR0&#39; was not declared in this scope
     UDR0 = _UART_TX_BUFFER[_UART_TX_BUFFER_TAIL];
     ^~~~
/home/ec2-user/arduino-testlib/cli-datadir/user/libraries/GyverUART/src/GyverUART.cpp:229:5: note: suggested alternative: &#39;DDRD&#39;
     UDR0 = _UART_TX_BUFFER[_UART_TX_BUFFER_TAIL];
     ^~~~
     DDRD
/home/ec2-user/arduino-testlib/cli-datadir/user/libraries/GyverUART/src/GyverUART.cpp:231:56: error: &#39;UCSR0B&#39; was not declared in this scope
     if (_UART_TX_BUFFER_HEAD == _UART_TX_BUFFER_TAIL) {UCSR0B &amp;=~ (1&lt;&lt;UDRIE0);}
                                                        ^~~~~~
/home/ec2-user/arduino-testlib/cli-datadir/user/libraries/GyverUART/src/GyverUART.cpp:231:71: error: &#39;UDRIE0&#39; was not declared in this scope
     if (_UART_TX_BUFFER_HEAD == _UART_TX_BUFFER_TAIL) {UCSR0B &amp;=~ (1&lt;&lt;UDRIE0);}
                                                                       ^~~~~~

</pre>
					
				
				<h3 id="arduino:samd:mkrwifi1010">arduino:samd:mkrwifi1010 @ 1.8.12</h3>
				<h4>Inclusion</h4>
				<p>
					Result: <b>FAIL</b>
					
				</p>
				<pre class="pre-scrollable">In file included from /tmp/arduino-testlib2705995417/test/test.ino:1:0:
/home/ec2-user/arduino-testlib/cli-datadir/user/libraries/GyverUART/src/GyverUART.h:30:10: fatal error: avr/io.h: No such file or directory
 #include &lt;avr/io.h&gt;
          ^~~~~~~~~~
compilation terminated.

</pre>

					
					<h4>examples/parseTest</h4>
					<p>
						Result: <b>FAIL</b>
					</p>
					<pre class="pre-scrollable">In file included from /home/ec2-user/arduino-testlib/cli-datadir/user/libraries/GyverUART/examples/parseTest/parseTest.ino:1:0:
/home/ec2-user/arduino-testlib/cli-datadir/user/libraries/GyverUART/src/GyverUART.h:30:10: fatal error: avr/io.h: No such file or directory
 #include &lt;avr/io.h&gt;
          ^~~~~~~~~~
compilation terminated.

</pre>
					
					<h4>examples/printTest</h4>
					<p>
						Result: <b>FAIL</b>
					</p>
					<pre class="pre-scrollable">In file included from /home/ec2-user/arduino-testlib/cli-datadir/user/libraries/GyverUART/examples/printTest/printTest.ino:1:0:
/home/ec2-user/arduino-testlib/cli-datadir/user/libraries/GyverUART/src/GyverUART.h:30:10: fatal error: avr/io.h: No such file or directory
 #include &lt;avr/io.h&gt;
          ^~~~~~~~~~
compilation terminated.

</pre>
					
				
				<h3 id="esp32:esp32:d1_mini32">esp32:esp32:d1_mini32 @ 1.0.6</h3>
				<h4>Inclusion</h4>
				<p>
					Result: <b>FAIL</b>
					
				</p>
				<pre class="pre-scrollable">In file included from /tmp/arduino-testlib3960569048/test/test.ino:1:0:
/home/ec2-user/arduino-testlib/cli-datadir/user/libraries/GyverUART/src/GyverUART.h:30:20: fatal error: avr/io.h: No such file or directory
compilation terminated.

</pre>

					
					<h4>examples/parseTest</h4>
					<p>
						Result: <b>FAIL</b>
					</p>
					<pre class="pre-scrollable">In file included from /home/ec2-user/arduino-testlib/cli-datadir/user/libraries/GyverUART/examples/parseTest/parseTest.ino:1:0:
/home/ec2-user/arduino-testlib/cli-datadir/user/libraries/GyverUART/src/GyverUART.h:30:20: fatal error: avr/io.h: No such file or directory
compilation terminated.

</pre>
					
					<h4>examples/printTest</h4>
					<p>
						Result: <b>FAIL</b>
					</p>
					<pre class="pre-scrollable">In file included from /home/ec2-user/arduino-testlib/cli-datadir/user/libraries/GyverUART/examples/printTest/printTest.ino:1:0:
/home/ec2-user/arduino-testlib/cli-datadir/user/libraries/GyverUART/src/GyverUART.h:30:20: fatal error: avr/io.h: No such file or directory
compilation terminated.

</pre>
					
				
			</div>
		</div>
	</div>
  </body>
</html>
