
<!doctype html>
<html lang="en">
  <head>
    <meta charset="utf-8">
    <meta name="viewport" content="width=device-width, initial-scale=1">
    <link href="https://cdn.jsdelivr.net/npm/bootstrap@5.0.2/dist/css/bootstrap.min.css" rel="stylesheet" integrity="sha384-EVSTQN3/azprG1Anm3QDgpJLIm9Nao0Yz1ztcQTwFspd3yD65VohhpuuCOmLASjC" crossorigin="anonymous">
    <title>arduino-testlib report</title>
	<style>
	.pass { background-color: #00FF00 !important; }
	.fail { background-color: #FF0000 !important; }
	</style>
  </head>
  <body>
	<div class="container">
		<div class="row">
			<div class="col">
				<h1>HamShield - compatibility matrix</h1>
				<p>
					<small>This report was generated on Monday, 21-Feb-22 12:00:25 CET using 
					<a href="https://github.com/alranel/arduino-testlib">arduino-testlib</a>.</small>
				</p>

				<h2>HamShield</h2>
				<p>
					Version: <b>1.1.4</b>
					<br />
					<a href="https://www.arduino.cc/reference/en/libraries/hamshield/">More details</a>
				</p>

				<h2>Compatibility matrix</h2>
				<table class="table table-bordered">
					<tr>
						<th>Board</th>
						<th>Claims compatibility</th>
						<th>Inclusion</th>
						
						<th><pre>KISS</pre></th>
						
						<th><pre>SSTV_M1_Static</pre></th>
						
						<th><pre>SerialTransceiver</pre></th>
						
						<th><pre>SpeechTX</pre></th>
						
						<th><pre>FoxHunt</pre></th>
						
						<th><pre>AppSerialController</pre></th>
						
						<th><pre>DDS</pre></th>
						
						<th><pre>HandyTalkie</pre></th>
						
						<th><pre>HandyTalkie_nRF52840</pre></th>
						
						<th><pre>SSTV</pre></th>
						
						<th><pre>AFSK_SerialMessenger</pre></th>
						
						<th><pre>CTCSS</pre></th>
						
						<th><pre>DTMF</pre></th>
						
						<th><pre>FMBeacon</pre></th>
						
						<th><pre>Morse</pre></th>
						
						<th><pre>APRS_Beacon</pre></th>
						
						<th><pre>SignalTest</pre></th>
						
						<th><pre>SerialTransceiver_nRF52840</pre></th>
						
					</tr>
					
					<tr>
						<td>
							<a href="#arduino%3aavr%3auno"><b>arduino:avr:uno</b></a>
							<br />
							<small>1.8.4</small>
						</td>

						
							<td>Yes</td>
							<td class="pass">PASS</td>
						
						
						
						

						
							
								
									
										
									
										
									
										
									
										
									
										
									
										
									
										
									
										
									
										
									
										
									
										
											<td class="pass">PASS</td>
											
										
									
										
									
										
									
										
									
										
									
										
									
										
									
										
									
								
							
								
							
								
							
								
							
								
							
						
							
								
									
										
									
										
									
										
									
										
									
										
									
										
									
										
									
										
									
										
									
										
									
										
									
										
									
										
									
										
											<td class="pass">PASS</td>
											
										
									
										
									
										
									
										
									
										
									
								
							
								
							
								
							
								
							
								
							
						
							
								
									
										
									
										
									
										
									
										
									
										
									
										
									
										
									
										
									
										
									
										
									
										
									
										
									
										
									
										
									
										
											<td class="pass">PASS</td>
											
										
									
										
									
										
									
										
									
								
							
								
							
								
							
								
							
								
							
						
							
								
									
										
									
										
									
										
									
										
									
										
									
										
									
										
									
										
									
										
									
										
									
										
									
										
									
										
									
										
									
										
									
										
									
										
									
										
											
											<td class="fail">FAIL</td>
										
									
								
							
								
							
								
							
								
							
								
							
						
							
								
									
										
									
										
									
										
									
										
									
										
									
										
									
										
									
										
											<td class="pass">PASS</td>
											
										
									
										
									
										
									
										
									
										
									
										
									
										
									
										
									
										
									
										
									
										
									
								
							
								
							
								
							
								
							
								
							
						
							
								
									
										
									
										
									
										
											<td class="pass">PASS</td>
											
										
									
										
									
										
									
										
									
										
									
										
									
										
									
										
									
										
									
										
									
										
									
										
									
										
									
										
									
										
									
										
									
								
							
								
							
								
							
								
							
								
							
						
							
								
									
										
									
										
									
										
									
										
									
										
											<td class="pass">PASS</td>
											
										
									
										
									
										
									
										
									
										
									
										
									
										
									
										
									
										
									
										
									
										
									
										
									
										
									
										
									
								
							
								
							
								
							
								
							
								
							
						
							
								
									
										
									
										
									
										
									
										
									
										
									
										
									
										
									
										
									
										
											<td class="pass">PASS</td>
											
										
									
										
									
										
									
										
									
										
									
										
									
										
									
										
									
										
									
										
									
								
							
								
							
								
							
								
							
								
							
						
							
								
									
										
									
										
									
										
									
										
									
										
									
										
									
										
									
										
									
										
									
										
											
											<td class="fail">FAIL</td>
										
									
										
									
										
									
										
									
										
									
										
									
										
									
										
									
										
									
								
							
								
							
								
							
								
							
								
							
						
							
								
									
										
									
										
									
										
									
										
									
										
									
										
									
										
									
										
									
										
									
										
									
										
									
										
									
										
											<td class="pass">PASS</td>
											
										
									
										
									
										
									
										
									
										
									
										
									
								
							
								
							
								
							
								
							
								
							
						
							
								
									
										
											<td class="pass">PASS</td>
											
										
									
										
									
										
									
										
									
										
									
										
									
										
									
										
									
										
									
										
									
										
									
										
									
										
									
										
									
										
									
										
									
										
									
										
									
								
							
								
							
								
							
								
							
								
							
						
							
								
									
										
									
										
									
										
									
										
											<td class="pass">PASS</td>
											
										
									
										
									
										
									
										
									
										
									
										
									
										
									
										
									
										
									
										
									
										
									
										
									
										
									
										
									
										
									
								
							
								
							
								
							
								
							
								
							
						
							
								
									
										
									
										
									
										
									
										
									
										
									
										
											<td class="pass">PASS</td>
											
										
									
										
									
										
									
										
									
										
									
										
									
										
									
										
									
										
									
										
									
										
									
										
									
										
									
								
							
								
							
								
							
								
							
								
							
						
							
								
									
										
									
										
									
										
									
										
									
										
									
										
									
										
											<td class="pass">PASS</td>
											
										
									
										
									
										
									
										
									
										
									
										
									
										
									
										
									
										
									
										
									
										
									
										
									
								
							
								
							
								
							
								
							
								
							
						
							
								
									
										
									
										
									
										
									
										
									
										
									
										
									
										
									
										
									
										
									
										
									
										
									
										
											<td class="pass">PASS</td>
											
										
									
										
									
										
									
										
									
										
									
										
									
										
									
								
							
								
							
								
							
								
							
								
							
						
							
								
									
										
									
										
											
											<td class="fail">FAIL</td>
										
									
										
									
										
									
										
									
										
									
										
									
										
									
										
									
										
									
										
									
										
									
										
									
										
									
										
									
										
									
										
									
										
									
								
							
								
							
								
							
								
							
								
							
						
							
								
									
										
									
										
									
										
									
										
									
										
									
										
									
										
									
										
									
										
									
										
									
										
									
										
									
										
									
										
									
										
									
										
									
										
											<td class="pass">PASS</td>
											
										
									
										
									
								
							
								
							
								
							
								
							
								
							
						
							
								
									
										
									
										
									
										
									
										
									
										
									
										
									
										
									
										
									
										
									
										
									
										
									
										
									
										
									
										
									
										
									
										
											
											<td class="fail">FAIL</td>
										
									
										
									
										
									
								
							
								
							
								
							
								
							
								
							
						
					</tr>
					
					<tr>
						<td>
							<a href="#arduino%3ambed_nano%3ananorp2040connect"><b>arduino:mbed_nano:nanorp2040connect</b></a>
							<br />
							<small>2.7.2</small>
						</td>

						
						
						
							<td>Yes ⚠️</td>
							<td class="fail">FAIL</td>
						
						

						
							
								
							
								
									
										
									
										
									
										
									
										
									
										
									
										
									
										
									
										
									
										
									
										
									
										
											
											<td class="fail">FAIL</td>
										
									
										
									
										
									
										
									
										
									
										
									
										
									
										
									
								
							
								
							
								
							
								
							
						
							
								
							
								
									
										
									
										
									
										
									
										
									
										
									
										
									
										
									
										
									
										
									
										
									
										
									
										
									
										
									
										
											
											<td class="fail">FAIL</td>
										
									
										
									
										
									
										
									
										
									
								
							
								
							
								
							
								
							
						
							
								
							
								
									
										
									
										
									
										
									
										
									
										
									
										
									
										
									
										
									
										
									
										
									
										
									
										
									
										
									
										
									
										
											
											<td class="fail">FAIL</td>
										
									
										
									
										
									
										
									
								
							
								
							
								
							
								
							
						
							
								
							
								
									
										
									
										
									
										
									
										
									
										
									
										
									
										
									
										
									
										
									
										
									
										
									
										
									
										
									
										
									
										
									
										
									
										
									
										
											
											<td class="fail">FAIL</td>
										
									
								
							
								
							
								
							
								
							
						
							
								
							
								
									
										
									
										
									
										
									
										
									
										
									
										
									
										
									
										
											
											<td class="fail">FAIL</td>
										
									
										
									
										
									
										
									
										
									
										
									
										
									
										
									
										
									
										
									
										
									
								
							
								
							
								
							
								
							
						
							
								
							
								
									
										
									
										
									
										
											
											<td class="fail">FAIL</td>
										
									
										
									
										
									
										
									
										
									
										
									
										
									
										
									
										
									
										
									
										
									
										
									
										
									
										
									
										
									
										
									
								
							
								
							
								
							
								
							
						
							
								
							
								
									
										
									
										
									
										
									
										
									
										
											
											<td class="fail">FAIL</td>
										
									
										
									
										
									
										
									
										
									
										
									
										
									
										
									
										
									
										
									
										
									
										
									
										
									
										
									
								
							
								
							
								
							
								
							
						
							
								
							
								
									
										
									
										
									
										
									
										
									
										
									
										
									
										
									
										
									
										
											
											<td class="fail">FAIL</td>
										
									
										
									
										
									
										
									
										
									
										
									
										
									
										
									
										
									
										
									
								
							
								
							
								
							
								
							
						
							
								
							
								
									
										
									
										
									
										
									
										
									
										
									
										
									
										
									
										
									
										
									
										
											
											<td class="fail">FAIL</td>
										
									
										
									
										
									
										
									
										
									
										
									
										
									
										
									
										
									
								
							
								
							
								
							
								
							
						
							
								
							
								
									
										
									
										
									
										
									
										
									
										
									
										
									
										
									
										
									
										
									
										
									
										
									
										
									
										
											
											<td class="fail">FAIL</td>
										
									
										
									
										
									
										
									
										
									
										
									
								
							
								
							
								
							
								
							
						
							
								
							
								
									
										
											
											<td class="fail">FAIL</td>
										
									
										
									
										
									
										
									
										
									
										
									
										
									
										
									
										
									
										
									
										
									
										
									
										
									
										
									
										
									
										
									
										
									
										
									
								
							
								
							
								
							
								
							
						
							
								
							
								
									
										
									
										
									
										
									
										
											
											<td class="fail">FAIL</td>
										
									
										
									
										
									
										
									
										
									
										
									
										
									
										
									
										
									
										
									
										
									
										
									
										
									
										
									
										
									
								
							
								
							
								
							
								
							
						
							
								
							
								
									
										
									
										
									
										
									
										
									
										
									
										
											
											<td class="fail">FAIL</td>
										
									
										
									
										
									
										
									
										
									
										
									
										
									
										
									
										
									
										
									
										
									
										
									
										
									
								
							
								
							
								
							
								
							
						
							
								
							
								
									
										
									
										
									
										
									
										
									
										
									
										
									
										
											
											<td class="fail">FAIL</td>
										
									
										
									
										
									
										
									
										
									
										
									
										
									
										
									
										
									
										
									
										
									
										
									
								
							
								
							
								
							
								
							
						
							
								
							
								
									
										
									
										
									
										
									
										
									
										
									
										
									
										
									
										
									
										
									
										
									
										
									
										
											
											<td class="fail">FAIL</td>
										
									
										
									
										
									
										
									
										
									
										
									
										
									
								
							
								
							
								
							
								
							
						
							
								
							
								
									
										
									
										
											
											<td class="fail">FAIL</td>
										
									
										
									
										
									
										
									
										
									
										
									
										
									
										
									
										
									
										
									
										
									
										
									
										
									
										
									
										
									
										
									
										
									
								
							
								
							
								
							
								
							
						
							
								
							
								
									
										
									
										
									
										
									
										
									
										
									
										
									
										
									
										
									
										
									
										
									
										
									
										
									
										
									
										
									
										
									
										
									
										
											
											<td class="fail">FAIL</td>
										
									
										
									
								
							
								
							
								
							
								
							
						
							
								
							
								
									
										
									
										
									
										
									
										
									
										
									
										
									
										
									
										
									
										
									
										
									
										
									
										
									
										
									
										
									
										
									
										
											
											<td class="fail">FAIL</td>
										
									
										
									
										
									
								
							
								
							
								
							
								
							
						
					</tr>
					
					<tr>
						<td>
							<a href="#arduino%3amegaavr%3anona4809"><b>arduino:megaavr:nona4809</b></a>
							<br />
							<small>1.8.7</small>
						</td>

						
							<td>Yes</td>
							<td class="pass">PASS</td>
						
						
						
						

						
							
								
							
								
							
								
									
										
									
										
									
										
									
										
									
										
									
										
									
										
									
										
									
										
									
										
									
										
											
											<td class="fail">FAIL</td>
										
									
										
									
										
									
										
									
										
									
										
									
										
									
										
									
								
							
								
							
								
							
						
							
								
							
								
							
								
									
										
									
										
									
										
									
										
									
										
									
										
									
										
									
										
									
										
									
										
									
										
									
										
									
										
									
										
											
											<td class="fail">FAIL</td>
										
									
										
									
										
									
										
									
										
									
								
							
								
							
								
							
						
							
								
							
								
							
								
									
										
									
										
									
										
									
										
									
										
									
										
									
										
									
										
									
										
									
										
									
										
									
										
									
										
									
										
									
										
											<td class="pass">PASS</td>
											
										
									
										
									
										
									
										
									
								
							
								
							
								
							
						
							
								
							
								
							
								
									
										
									
										
									
										
									
										
									
										
									
										
									
										
									
										
									
										
									
										
									
										
									
										
									
										
									
										
									
										
									
										
									
										
									
										
											
											<td class="fail">FAIL</td>
										
									
								
							
								
							
								
							
						
							
								
							
								
							
								
									
										
									
										
									
										
									
										
									
										
									
										
									
										
									
										
											<td class="pass">PASS</td>
											
										
									
										
									
										
									
										
									
										
									
										
									
										
									
										
									
										
									
										
									
										
									
								
							
								
							
								
							
						
							
								
							
								
							
								
									
										
									
										
									
										
											<td class="pass">PASS</td>
											
										
									
										
									
										
									
										
									
										
									
										
									
										
									
										
									
										
									
										
									
										
									
										
									
										
									
										
									
										
									
										
									
								
							
								
							
								
							
						
							
								
							
								
							
								
									
										
									
										
									
										
									
										
									
										
											
											<td class="fail">FAIL</td>
										
									
										
									
										
									
										
									
										
									
										
									
										
									
										
									
										
									
										
									
										
									
										
									
										
									
										
									
								
							
								
							
								
							
						
							
								
							
								
							
								
									
										
									
										
									
										
									
										
									
										
									
										
									
										
									
										
									
										
											<td class="pass">PASS</td>
											
										
									
										
									
										
									
										
									
										
									
										
									
										
									
										
									
										
									
										
									
								
							
								
							
								
							
						
							
								
							
								
							
								
									
										
									
										
									
										
									
										
									
										
									
										
									
										
									
										
									
										
									
										
											
											<td class="fail">FAIL</td>
										
									
										
									
										
									
										
									
										
									
										
									
										
									
										
									
										
									
								
							
								
							
								
							
						
							
								
							
								
							
								
									
										
									
										
									
										
									
										
									
										
									
										
									
										
									
										
									
										
									
										
									
										
									
										
									
										
											<td class="pass">PASS</td>
											
										
									
										
									
										
									
										
									
										
									
										
									
								
							
								
							
								
							
						
							
								
							
								
							
								
									
										
											
											<td class="fail">FAIL</td>
										
									
										
									
										
									
										
									
										
									
										
									
										
									
										
									
										
									
										
									
										
									
										
									
										
									
										
									
										
									
										
									
										
									
										
									
								
							
								
							
								
							
						
							
								
							
								
							
								
									
										
									
										
									
										
									
										
											<td class="pass">PASS</td>
											
										
									
										
									
										
									
										
									
										
									
										
									
										
									
										
									
										
									
										
									
										
									
										
									
										
									
										
									
										
									
								
							
								
							
								
							
						
							
								
							
								
							
								
									
										
									
										
									
										
									
										
									
										
									
										
											<td class="pass">PASS</td>
											
										
									
										
									
										
									
										
									
										
									
										
									
										
									
										
									
										
									
										
									
										
									
										
									
										
									
								
							
								
							
								
							
						
							
								
							
								
							
								
									
										
									
										
									
										
									
										
									
										
									
										
									
										
											<td class="pass">PASS</td>
											
										
									
										
									
										
									
										
									
										
									
										
									
										
									
										
									
										
									
										
									
										
									
										
									
								
							
								
							
								
							
						
							
								
							
								
							
								
									
										
									
										
									
										
									
										
									
										
									
										
									
										
									
										
									
										
									
										
									
										
									
										
											<td class="pass">PASS</td>
											
										
									
										
									
										
									
										
									
										
									
										
									
										
									
								
							
								
							
								
							
						
							
								
							
								
							
								
									
										
									
										
											
											<td class="fail">FAIL</td>
										
									
										
									
										
									
										
									
										
									
										
									
										
									
										
									
										
									
										
									
										
									
										
									
										
									
										
									
										
									
										
									
										
									
								
							
								
							
								
							
						
							
								
							
								
							
								
									
										
									
										
									
										
									
										
									
										
									
										
									
										
									
										
									
										
									
										
									
										
									
										
									
										
									
										
									
										
									
										
									
										
											
											<td class="fail">FAIL</td>
										
									
										
									
								
							
								
							
								
							
						
							
								
							
								
							
								
									
										
									
										
									
										
									
										
									
										
									
										
									
										
									
										
									
										
									
										
									
										
									
										
									
										
									
										
									
										
									
										
											
											<td class="fail">FAIL</td>
										
									
										
									
										
									
								
							
								
							
								
							
						
					</tr>
					
					<tr>
						<td>
							<a href="#arduino%3asamd%3amkrwifi1010"><b>arduino:samd:mkrwifi1010</b></a>
							<br />
							<small>1.8.12</small>
						</td>

						
							<td>Yes</td>
							<td class="pass">PASS</td>
						
						
						
						

						
							
								
							
								
							
								
							
								
									
										
									
										
									
										
									
										
									
										
									
										
									
										
									
										
									
										
									
										
									
										
											
											<td class="fail">FAIL</td>
										
									
										
									
										
									
										
									
										
									
										
									
										
									
										
									
								
							
								
							
						
							
								
							
								
							
								
							
								
									
										
									
										
									
										
									
										
									
										
									
										
									
										
									
										
									
										
									
										
									
										
									
										
									
										
									
										
											
											<td class="fail">FAIL</td>
										
									
										
									
										
									
										
									
										
									
								
							
								
							
						
							
								
							
								
							
								
							
								
									
										
									
										
									
										
									
										
									
										
									
										
									
										
									
										
									
										
									
										
									
										
									
										
									
										
									
										
									
										
											<td class="pass">PASS</td>
											
										
									
										
									
										
									
										
									
								
							
								
							
						
							
								
							
								
							
								
							
								
									
										
									
										
									
										
									
										
									
										
									
										
									
										
									
										
									
										
									
										
									
										
									
										
									
										
									
										
									
										
									
										
									
										
									
										
											
											<td class="fail">FAIL</td>
										
									
								
							
								
							
						
							
								
							
								
							
								
							
								
									
										
									
										
									
										
									
										
									
										
									
										
									
										
									
										
											<td class="pass">PASS</td>
											
										
									
										
									
										
									
										
									
										
									
										
									
										
									
										
									
										
									
										
									
										
									
								
							
								
							
						
							
								
							
								
							
								
							
								
									
										
									
										
									
										
											
											<td class="fail">FAIL</td>
										
									
										
									
										
									
										
									
										
									
										
									
										
									
										
									
										
									
										
									
										
									
										
									
										
									
										
									
										
									
										
									
								
							
								
							
						
							
								
							
								
							
								
							
								
									
										
									
										
									
										
									
										
									
										
											
											<td class="fail">FAIL</td>
										
									
										
									
										
									
										
									
										
									
										
									
										
									
										
									
										
									
										
									
										
									
										
									
										
									
										
									
								
							
								
							
						
							
								
							
								
							
								
							
								
									
										
									
										
									
										
									
										
									
										
									
										
									
										
									
										
									
										
											<td class="pass">PASS</td>
											
										
									
										
									
										
									
										
									
										
									
										
									
										
									
										
									
										
									
										
									
								
							
								
							
						
							
								
							
								
							
								
							
								
									
										
									
										
									
										
									
										
									
										
									
										
									
										
									
										
									
										
									
										
											
											<td class="fail">FAIL</td>
										
									
										
									
										
									
										
									
										
									
										
									
										
									
										
									
										
									
								
							
								
							
						
							
								
							
								
							
								
							
								
									
										
									
										
									
										
									
										
									
										
									
										
									
										
									
										
									
										
									
										
									
										
									
										
									
										
											<td class="pass">PASS</td>
											
										
									
										
									
										
									
										
									
										
									
										
									
								
							
								
							
						
							
								
							
								
							
								
							
								
									
										
											
											<td class="fail">FAIL</td>
										
									
										
									
										
									
										
									
										
									
										
									
										
									
										
									
										
									
										
									
										
									
										
									
										
									
										
									
										
									
										
									
										
									
										
									
								
							
								
							
						
							
								
							
								
							
								
							
								
									
										
									
										
									
										
									
										
											<td class="pass">PASS</td>
											
										
									
										
									
										
									
										
									
										
									
										
									
										
									
										
									
										
									
										
									
										
									
										
									
										
									
										
									
										
									
								
							
								
							
						
							
								
							
								
							
								
							
								
									
										
									
										
									
										
									
										
									
										
									
										
											<td class="pass">PASS</td>
											
										
									
										
									
										
									
										
									
										
									
										
									
										
									
										
									
										
									
										
									
										
									
										
									
										
									
								
							
								
							
						
							
								
							
								
							
								
							
								
									
										
									
										
									
										
									
										
									
										
									
										
									
										
											<td class="pass">PASS</td>
											
										
									
										
									
										
									
										
									
										
									
										
									
										
									
										
									
										
									
										
									
										
									
										
									
								
							
								
							
						
							
								
							
								
							
								
							
								
									
										
									
										
									
										
									
										
									
										
									
										
									
										
									
										
									
										
									
										
									
										
									
										
											<td class="pass">PASS</td>
											
										
									
										
									
										
									
										
									
										
									
										
									
										
									
								
							
								
							
						
							
								
							
								
							
								
							
								
									
										
									
										
											
											<td class="fail">FAIL</td>
										
									
										
									
										
									
										
									
										
									
										
									
										
									
										
									
										
									
										
									
										
									
										
									
										
									
										
									
										
									
										
									
										
									
								
							
								
							
						
							
								
							
								
							
								
							
								
									
										
									
										
									
										
									
										
									
										
									
										
									
										
									
										
									
										
									
										
									
										
									
										
									
										
									
										
									
										
									
										
									
										
											
											<td class="fail">FAIL</td>
										
									
										
									
								
							
								
							
						
							
								
							
								
							
								
							
								
									
										
									
										
									
										
									
										
									
										
									
										
									
										
									
										
									
										
									
										
									
										
									
										
									
										
									
										
									
										
									
										
											
											<td class="fail">FAIL</td>
										
									
										
									
										
									
								
							
								
							
						
					</tr>
					
					<tr>
						<td>
							<a href="#esp32%3aesp32%3ad1_mini32"><b>esp32:esp32:d1_mini32</b></a>
							<br />
							<small>1.0.6</small>
						</td>

						
						
						
							<td>Yes ⚠️</td>
							<td class="fail">FAIL</td>
						
						

						
							
								
							
								
							
								
							
								
							
								
									
										
									
										
									
										
									
										
									
										
									
										
									
										
									
										
									
										
									
										
									
										
											
											<td class="fail">FAIL</td>
										
									
										
									
										
									
										
									
										
									
										
									
										
									
										
									
								
							
						
							
								
							
								
							
								
							
								
							
								
									
										
									
										
									
										
									
										
									
										
									
										
									
										
									
										
									
										
									
										
									
										
									
										
									
										
									
										
											
											<td class="fail">FAIL</td>
										
									
										
									
										
									
										
									
										
									
								
							
						
							
								
							
								
							
								
							
								
							
								
									
										
									
										
									
										
									
										
									
										
									
										
									
										
									
										
									
										
									
										
									
										
									
										
									
										
									
										
									
										
											
											<td class="fail">FAIL</td>
										
									
										
									
										
									
										
									
								
							
						
							
								
							
								
							
								
							
								
							
								
									
										
									
										
									
										
									
										
									
										
									
										
									
										
									
										
									
										
									
										
									
										
									
										
									
										
									
										
									
										
									
										
									
										
									
										
											
											<td class="fail">FAIL</td>
										
									
								
							
						
							
								
							
								
							
								
							
								
							
								
									
										
									
										
									
										
									
										
									
										
									
										
									
										
									
										
											
											<td class="fail">FAIL</td>
										
									
										
									
										
									
										
									
										
									
										
									
										
									
										
									
										
									
										
									
										
									
								
							
						
							
								
							
								
							
								
							
								
							
								
									
										
									
										
									
										
											
											<td class="fail">FAIL</td>
										
									
										
									
										
									
										
									
										
									
										
									
										
									
										
									
										
									
										
									
										
									
										
									
										
									
										
									
										
									
										
									
								
							
						
							
								
							
								
							
								
							
								
							
								
									
										
									
										
									
										
									
										
									
										
											
											<td class="fail">FAIL</td>
										
									
										
									
										
									
										
									
										
									
										
									
										
									
										
									
										
									
										
									
										
									
										
									
										
									
										
									
								
							
						
							
								
							
								
							
								
							
								
							
								
									
										
									
										
									
										
									
										
									
										
									
										
									
										
									
										
									
										
											
											<td class="fail">FAIL</td>
										
									
										
									
										
									
										
									
										
									
										
									
										
									
										
									
										
									
										
									
								
							
						
							
								
							
								
							
								
							
								
							
								
									
										
									
										
									
										
									
										
									
										
									
										
									
										
									
										
									
										
									
										
											
											<td class="fail">FAIL</td>
										
									
										
									
										
									
										
									
										
									
										
									
										
									
										
									
										
									
								
							
						
							
								
							
								
							
								
							
								
							
								
									
										
									
										
									
										
									
										
									
										
									
										
									
										
									
										
									
										
									
										
									
										
									
										
									
										
											
											<td class="fail">FAIL</td>
										
									
										
									
										
									
										
									
										
									
										
									
								
							
						
							
								
							
								
							
								
							
								
							
								
									
										
											
											<td class="fail">FAIL</td>
										
									
										
									
										
									
										
									
										
									
										
									
										
									
										
									
										
									
										
									
										
									
										
									
										
									
										
									
										
									
										
									
										
									
										
									
								
							
						
							
								
							
								
							
								
							
								
							
								
									
										
									
										
									
										
									
										
											
											<td class="fail">FAIL</td>
										
									
										
									
										
									
										
									
										
									
										
									
										
									
										
									
										
									
										
									
										
									
										
									
										
									
										
									
										
									
								
							
						
							
								
							
								
							
								
							
								
							
								
									
										
									
										
									
										
									
										
									
										
									
										
											
											<td class="fail">FAIL</td>
										
									
										
									
										
									
										
									
										
									
										
									
										
									
										
									
										
									
										
									
										
									
										
									
										
									
								
							
						
							
								
							
								
							
								
							
								
							
								
									
										
									
										
									
										
									
										
									
										
									
										
									
										
											
											<td class="fail">FAIL</td>
										
									
										
									
										
									
										
									
										
									
										
									
										
									
										
									
										
									
										
									
										
									
										
									
								
							
						
							
								
							
								
							
								
							
								
							
								
									
										
									
										
									
										
									
										
									
										
									
										
									
										
									
										
									
										
									
										
									
										
									
										
											
											<td class="fail">FAIL</td>
										
									
										
									
										
									
										
									
										
									
										
									
										
									
								
							
						
							
								
							
								
							
								
							
								
							
								
									
										
									
										
											
											<td class="fail">FAIL</td>
										
									
										
									
										
									
										
									
										
									
										
									
										
									
										
									
										
									
										
									
										
									
										
									
										
									
										
									
										
									
										
									
										
									
								
							
						
							
								
							
								
							
								
							
								
							
								
									
										
									
										
									
										
									
										
									
										
									
										
									
										
									
										
									
										
									
										
									
										
									
										
									
										
									
										
									
										
									
										
									
										
											
											<td class="fail">FAIL</td>
										
									
										
									
								
							
						
							
								
							
								
							
								
							
								
							
								
									
										
									
										
									
										
									
										
									
										
									
										
									
										
									
										
									
										
									
										
									
										
									
										
									
										
									
										
									
										
									
										
											
											<td class="fail">FAIL</td>
										
									
										
									
										
									
								
							
						
					</tr>
					
				</table>

				<h2>Compilation logs</h2>
				
				<h3 id="arduino:avr:uno">arduino:avr:uno @ 1.8.4</h3>
				<h4>Inclusion</h4>
				<p>
					Result: <b>PASS</b>
					
				</p>
				<pre class="pre-scrollable">Sketch uses 444 bytes (1%) of program storage space. Maximum is 32256 bytes.
Global variables use 9 bytes (0%) of dynamic memory, leaving 2039 bytes for local variables. Maximum is 2048 bytes.
</pre>

					
					<h4>examples/AFSK_SerialMessenger</h4>
					<p>
						Result: <b>PASS</b>
					</p>
					<pre class="pre-scrollable">Sketch uses 13978 bytes (43%) of program storage space. Maximum is 32256 bytes.
Global variables use 1266 bytes (61%) of dynamic memory, leaving 782 bytes for local variables. Maximum is 2048 bytes.
</pre>
					
					<h4>examples/APRS_Beacon</h4>
					<p>
						Result: <b>FAIL</b>
					</p>
					<pre class="pre-scrollable"></pre>
					
					<h4>examples/AppSerialController</h4>
					<p>
						Result: <b>PASS</b>
					</p>
					<pre class="pre-scrollable">Sketch uses 8764 bytes (27%) of program storage space. Maximum is 32256 bytes.
Global variables use 620 bytes (30%) of dynamic memory, leaving 1428 bytes for local variables. Maximum is 2048 bytes.
</pre>
					
					<h4>examples/CTCSS</h4>
					<p>
						Result: <b>PASS</b>
					</p>
					<pre class="pre-scrollable">Sketch uses 8334 bytes (25%) of program storage space. Maximum is 32256 bytes.
Global variables use 510 bytes (24%) of dynamic memory, leaving 1538 bytes for local variables. Maximum is 2048 bytes.
</pre>
					
					<h4>examples/DDS</h4>
					<p>
						Result: <b>PASS</b>
					</p>
					<pre class="pre-scrollable">Sketch uses 5692 bytes (17%) of program storage space. Maximum is 32256 bytes.
Global variables use 46 bytes (2%) of dynamic memory, leaving 2002 bytes for local variables. Maximum is 2048 bytes.
</pre>
					
					<h4>examples/DTMF</h4>
					<p>
						Result: <b>PASS</b>
					</p>
					<pre class="pre-scrollable">Sketch uses 6850 bytes (21%) of program storage space. Maximum is 32256 bytes.
Global variables use 448 bytes (21%) of dynamic memory, leaving 1600 bytes for local variables. Maximum is 2048 bytes.
</pre>
					
					<h4>examples/FMBeacon</h4>
					<p>
						Result: <b>PASS</b>
					</p>
					<pre class="pre-scrollable">Sketch uses 6272 bytes (19%) of program storage space. Maximum is 32256 bytes.
Global variables use 394 bytes (19%) of dynamic memory, leaving 1654 bytes for local variables. Maximum is 2048 bytes.
</pre>
					
					<h4>examples/FoxHunt</h4>
					<p>
						Result: <b>PASS</b>
					</p>
					<pre class="pre-scrollable">Sketch uses 7506 bytes (23%) of program storage space. Maximum is 32256 bytes.
Global variables use 385 bytes (18%) of dynamic memory, leaving 1663 bytes for local variables. Maximum is 2048 bytes.
</pre>
					
					<h4>examples/HandyTalkie</h4>
					<p>
						Result: <b>PASS</b>
					</p>
					<pre class="pre-scrollable">Sketch uses 6658 bytes (20%) of program storage space. Maximum is 32256 bytes.
Global variables use 497 bytes (24%) of dynamic memory, leaving 1551 bytes for local variables. Maximum is 2048 bytes.
</pre>
					
					<h4>examples/HandyTalkie_nRF52840</h4>
					<p>
						Result: <b>FAIL</b>
					</p>
					<pre class="pre-scrollable">/home/ec2-user/arduino-testlib/cli-datadir/user/libraries/HamShield/examples/HandyTalkie_nRF52840/HandyTalkie_nRF52840.ino:37:10: fatal error: bluefruit.h: No such file or directory
 #include &lt;bluefruit.h&gt;
          ^~~~~~~~~~~~~
compilation terminated.

</pre>
					
					<h4>examples/KISS</h4>
					<p>
						Result: <b>PASS</b>
					</p>
					<pre class="pre-scrollable">Sketch uses 10296 bytes (31%) of program storage space. Maximum is 32256 bytes.
Global variables use 1538 bytes (75%) of dynamic memory, leaving 510 bytes for local variables. Maximum is 2048 bytes.
Low memory available, stability problems may occur.
</pre>
					
					<h4>examples/Morse</h4>
					<p>
						Result: <b>PASS</b>
					</p>
					<pre class="pre-scrollable">Sketch uses 7174 bytes (22%) of program storage space. Maximum is 32256 bytes.
Global variables use 353 bytes (17%) of dynamic memory, leaving 1695 bytes for local variables. Maximum is 2048 bytes.
</pre>
					
					<h4>examples/SSTV</h4>
					<p>
						Result: <b>PASS</b>
					</p>
					<pre class="pre-scrollable">Sketch uses 5958 bytes (18%) of program storage space. Maximum is 32256 bytes.
Global variables use 222 bytes (10%) of dynamic memory, leaving 1826 bytes for local variables. Maximum is 2048 bytes.
</pre>
					
					<h4>examples/SSTV_M1_Static</h4>
					<p>
						Result: <b>PASS</b>
					</p>
					<pre class="pre-scrollable">Sketch uses 17822 bytes (55%) of program storage space. Maximum is 32256 bytes.
Global variables use 348 bytes (16%) of dynamic memory, leaving 1700 bytes for local variables. Maximum is 2048 bytes.
</pre>
					
					<h4>examples/SerialTransceiver</h4>
					<p>
						Result: <b>PASS</b>
					</p>
					<pre class="pre-scrollable">Sketch uses 12460 bytes (38%) of program storage space. Maximum is 32256 bytes.
Global variables use 414 bytes (20%) of dynamic memory, leaving 1634 bytes for local variables. Maximum is 2048 bytes.
</pre>
					
					<h4>examples/SerialTransceiver_nRF52840</h4>
					<p>
						Result: <b>FAIL</b>
					</p>
					<pre class="pre-scrollable">/home/ec2-user/arduino-testlib/cli-datadir/user/libraries/HamShield/examples/SerialTransceiver_nRF52840/SerialTransceiver_nRF52840.ino:78:10: fatal error: bluefruit.h: No such file or directory
 #include &lt;bluefruit.h&gt;
          ^~~~~~~~~~~~~
compilation terminated.

</pre>
					
					<h4>examples/SignalTest</h4>
					<p>
						Result: <b>PASS</b>
					</p>
					<pre class="pre-scrollable">Sketch uses 25968 bytes (80%) of program storage space. Maximum is 32256 bytes.
Global variables use 318 bytes (15%) of dynamic memory, leaving 1730 bytes for local variables. Maximum is 2048 bytes.
</pre>
					
					<h4>examples/SpeechTX</h4>
					<p>
						Result: <b>FAIL</b>
					</p>
					<pre class="pre-scrollable">/home/ec2-user/arduino-testlib/cli-datadir/user/libraries/HamShield/examples/SpeechTX/SpeechTX.ino:24:10: fatal error: talkie.h: No such file or directory
 #include &#34;talkie.h&#34;
          ^~~~~~~~~~
compilation terminated.

</pre>
					
				
				<h3 id="arduino:mbed_nano:nanorp2040connect">arduino:mbed_nano:nanorp2040connect @ 2.7.2</h3>
				<h4>Inclusion</h4>
				<p>
					Result: <b>FAIL</b>
					
				</p>
				<pre class="pre-scrollable">
</pre>

					
					<h4>examples/AFSK_SerialMessenger</h4>
					<p>
						Result: <b>FAIL</b>
					</p>
					<pre class="pre-scrollable">/home/ec2-user/arduino-testlib/cli-datadir/user/libraries/HamShield/examples/AFSK_SerialMessenger/AFSK_SerialMessenger.ino:23:10: fatal error: avr/wdt.h: No such file or directory
 #include &lt;avr/wdt.h&gt;
          ^~~~~~~~~~~
compilation terminated.

</pre>
					
					<h4>examples/APRS_Beacon</h4>
					<p>
						Result: <b>FAIL</b>
					</p>
					<pre class="pre-scrollable"></pre>
					
					<h4>examples/AppSerialController</h4>
					<p>
						Result: <b>FAIL</b>
					</p>
					<pre class="pre-scrollable">/home/ec2-user/arduino-testlib/cli-datadir/user/libraries/HamShield/examples/AppSerialController/AppSerialController.ino: In function &#39;void program_pl_tx()&#39;:
/home/ec2-user/arduino-testlib/cli-datadir/user/libraries/HamShield/examples/AppSerialController/AppSerialController.ino:102:33: error: invalid conversion from &#39;uint8_t* {aka unsigned char*}&#39; to &#39;const char*&#39; [-fpermissive]
   long pl_tx = atof(pl_tx_buffer);
                                 ^
In file included from /home/ec2-user/arduino-testlib/cli-datadir/data/packages/arduino/tools/arm-none-eabi-gcc/7-2017q4/arm-none-eabi/include/stdlib.h:11:0,
                 from /home/ec2-user/arduino-testlib/cli-datadir/data/packages/arduino/tools/arm-none-eabi-gcc/7-2017q4/arm-none-eabi/include/c&#43;&#43;/7.2.1/cstdlib:75,
                 from /home/ec2-user/arduino-testlib/cli-datadir/data/packages/arduino/tools/arm-none-eabi-gcc/7-2017q4/arm-none-eabi/include/c&#43;&#43;/7.2.1/stdlib.h:36,
                 from /home/ec2-user/arduino-testlib/cli-datadir/data/packages/arduino/hardware/mbed_nano/2.7.2/cores/arduino/api/Interrupts.h:5,
                 from /home/ec2-user/arduino-testlib/cli-datadir/data/packages/arduino/hardware/mbed_nano/2.7.2/cores/arduino/api/ArduinoAPI.h:29,
                 from /home/ec2-user/arduino-testlib/cli-datadir/data/packages/arduino/hardware/mbed_nano/2.7.2/cores/arduino/Arduino.h:27,
                 from /tmp/arduino-sketch-E471E452A19527E35FFA7662DEFAD656/sketch/AppSerialController.ino.cpp:1:
/home/ec2-user/arduino-testlib/cli-datadir/data/packages/arduino/tools/arm-none-eabi-gcc/7-2017q4/arm-none-eabi/include/stdlib.h:77:8: note:   initializing argument 1 of &#39;double atof(const char*)&#39;
 double _EXFUN(atof,(const char *__nptr));
        ^
/home/ec2-user/arduino-testlib/cli-datadir/user/libraries/HamShield/examples/AppSerialController/AppSerialController.ino: In function &#39;void program_pl_rx()&#39;:
/home/ec2-user/arduino-testlib/cli-datadir/user/libraries/HamShield/examples/AppSerialController/AppSerialController.ino:129:33: error: invalid conversion from &#39;uint8_t* {aka unsigned char*}&#39; to &#39;const char*&#39; [-fpermissive]
   long pl_rx = atof(pl_rx_buffer);
                                 ^
In file included from /home/ec2-user/arduino-testlib/cli-datadir/data/packages/arduino/tools/arm-none-eabi-gcc/7-2017q4/arm-none-eabi/include/stdlib.h:11:0,
                 from /home/ec2-user/arduino-testlib/cli-datadir/data/packages/arduino/tools/arm-none-eabi-gcc/7-2017q4/arm-none-eabi/include/c&#43;&#43;/7.2.1/cstdlib:75,
                 from /home/ec2-user/arduino-testlib/cli-datadir/data/packages/arduino/tools/arm-none-eabi-gcc/7-2017q4/arm-none-eabi/include/c&#43;&#43;/7.2.1/stdlib.h:36,
                 from /home/ec2-user/arduino-testlib/cli-datadir/data/packages/arduino/hardware/mbed_nano/2.7.2/cores/arduino/api/Interrupts.h:5,
                 from /home/ec2-user/arduino-testlib/cli-datadir/data/packages/arduino/hardware/mbed_nano/2.7.2/cores/arduino/api/ArduinoAPI.h:29,
                 from /home/ec2-user/arduino-testlib/cli-datadir/data/packages/arduino/hardware/mbed_nano/2.7.2/cores/arduino/Arduino.h:27,
                 from /tmp/arduino-sketch-E471E452A19527E35FFA7662DEFAD656/sketch/AppSerialController.ino.cpp:1:
/home/ec2-user/arduino-testlib/cli-datadir/data/packages/arduino/tools/arm-none-eabi-gcc/7-2017q4/arm-none-eabi/include/stdlib.h:77:8: note:   initializing argument 1 of &#39;double atof(const char*)&#39;
 double _EXFUN(atof,(const char *__nptr));
        ^
/home/ec2-user/arduino-testlib/cli-datadir/user/libraries/HamShield/examples/AppSerialController/AppSerialController.ino: In function &#39;void program_frequency()&#39;:
/home/ec2-user/arduino-testlib/cli-datadir/user/libraries/HamShield/examples/AppSerialController/AppSerialController.ino:159:31: error: invalid conversion from &#39;uint8_t* {aka unsigned char*}&#39; to &#39;const char*&#39; [-fpermissive]
   long freq = atol(freq_buffer);
                               ^
In file included from /home/ec2-user/arduino-testlib/cli-datadir/data/packages/arduino/tools/arm-none-eabi-gcc/7-2017q4/arm-none-eabi/include/stdlib.h:11:0,
                 from /home/ec2-user/arduino-testlib/cli-datadir/data/packages/arduino/tools/arm-none-eabi-gcc/7-2017q4/arm-none-eabi/include/c&#43;&#43;/7.2.1/cstdlib:75,
                 from /home/ec2-user/arduino-testlib/cli-datadir/data/packages/arduino/tools/arm-none-eabi-gcc/7-2017q4/arm-none-eabi/include/c&#43;&#43;/7.2.1/stdlib.h:36,
                 from /home/ec2-user/arduino-testlib/cli-datadir/data/packages/arduino/hardware/mbed_nano/2.7.2/cores/arduino/api/Interrupts.h:5,
                 from /home/ec2-user/arduino-testlib/cli-datadir/data/packages/arduino/hardware/mbed_nano/2.7.2/cores/arduino/api/ArduinoAPI.h:29,
                 from /home/ec2-user/arduino-testlib/cli-datadir/data/packages/arduino/hardware/mbed_nano/2.7.2/cores/arduino/Arduino.h:27,
                 from /tmp/arduino-sketch-E471E452A19527E35FFA7662DEFAD656/sketch/AppSerialController.ino.cpp:1:
/home/ec2-user/arduino-testlib/cli-datadir/data/packages/arduino/tools/arm-none-eabi-gcc/7-2017q4/arm-none-eabi/include/stdlib.h:83:6: note:   initializing argument 1 of &#39;long int atol(const char*)&#39;
 long _EXFUN(atol,(const char *__nptr));
      ^

</pre>
					
					<h4>examples/CTCSS</h4>
					<p>
						Result: <b>FAIL</b>
					</p>
					<pre class="pre-scrollable">In function &#39;void __static_initialization_and_destruction_0(int, int)&#39;,
    inlined from &#39;(static initializers for /home/ec2-user/arduino-testlib/cli-datadir/user/libraries/HamShield/examples/CTCSS/CTCSS.ino)&#39; at /home/ec2-user/arduino-testlib/cli-datadir/user/libraries/HamShield/examples/CTCSS/CTCSS.ino:183:1:
/home/ec2-user/arduino-testlib/cli-datadir/user/libraries/HamShield/examples/CTCSS/CTCSS.ino:27:11: error: call to &#39;NinaPin::operator int&#39; declared with attribute error: Change me to a #define
 HamShield radio;
           ^~~~~
/home/ec2-user/arduino-testlib/cli-datadir/user/libraries/HamShield/examples/CTCSS/CTCSS.ino:27:11: error: call to &#39;NinaPin::operator int&#39; declared with attribute error: Change me to a #define

</pre>
					
					<h4>examples/DDS</h4>
					<p>
						Result: <b>FAIL</b>
					</p>
					<pre class="pre-scrollable">WARNING: library DDS claims to run on avr architecture(s) and may be incompatible with your current board which runs on mbed_nano architecture(s).
/home/ec2-user/arduino-testlib/cli-datadir/user/libraries/HamShield/examples/DDS/DDS.ino:62:5: error: expected constructor, destructor, or type conversion before &#39;(&#39; token
 ISR(TIMER2_OVF_vect) {
     ^
/home/ec2-user/arduino-testlib/cli-datadir/user/libraries/HamShield/examples/DDS/DDS.ino:62:4: error: expected constructor, destructor, or type conversion before &#39;(&#39; token
 ISR(TIMER2_OVF_vect) {
    ^

</pre>
					
					<h4>examples/DTMF</h4>
					<p>
						Result: <b>FAIL</b>
					</p>
					<pre class="pre-scrollable">In function &#39;void __static_initialization_and_destruction_0(int, int)&#39;,
    inlined from &#39;(static initializers for /home/ec2-user/arduino-testlib/cli-datadir/user/libraries/HamShield/examples/DTMF/DTMF.ino)&#39; at /home/ec2-user/arduino-testlib/cli-datadir/user/libraries/HamShield/examples/DTMF/DTMF.ino:153:1:
/home/ec2-user/arduino-testlib/cli-datadir/user/libraries/HamShield/examples/DTMF/DTMF.ino:19:11: error: call to &#39;NinaPin::operator int&#39; declared with attribute error: Change me to a #define
 HamShield radio;
           ^~~~~
/home/ec2-user/arduino-testlib/cli-datadir/user/libraries/HamShield/examples/DTMF/DTMF.ino:19:11: error: call to &#39;NinaPin::operator int&#39; declared with attribute error: Change me to a #define

</pre>
					
					<h4>examples/FMBeacon</h4>
					<p>
						Result: <b>FAIL</b>
					</p>
					<pre class="pre-scrollable">In function &#39;void __static_initialization_and_destruction_0(int, int)&#39;,
    inlined from &#39;(static initializers for /home/ec2-user/arduino-testlib/cli-datadir/user/libraries/HamShield/examples/FMBeacon/FMBeacon.ino)&#39; at /home/ec2-user/arduino-testlib/cli-datadir/user/libraries/HamShield/examples/FMBeacon/FMBeacon.ino:92:1:
/home/ec2-user/arduino-testlib/cli-datadir/user/libraries/HamShield/examples/FMBeacon/FMBeacon.ino:23:11: error: call to &#39;NinaPin::operator int&#39; declared with attribute error: Change me to a #define
 HamShield radio;
           ^~~~~
/home/ec2-user/arduino-testlib/cli-datadir/user/libraries/HamShield/examples/FMBeacon/FMBeacon.ino:23:11: error: call to &#39;NinaPin::operator int&#39; declared with attribute error: Change me to a #define

</pre>
					
					<h4>examples/FoxHunt</h4>
					<p>
						Result: <b>FAIL</b>
					</p>
					<pre class="pre-scrollable">In function &#39;void __static_initialization_and_destruction_0(int, int)&#39;,
    inlined from &#39;(static initializers for /home/ec2-user/arduino-testlib/cli-datadir/user/libraries/HamShield/examples/FoxHunt/FoxHunt.ino)&#39; at /home/ec2-user/arduino-testlib/cli-datadir/user/libraries/HamShield/examples/FoxHunt/FoxHunt.ino:104:1:
/home/ec2-user/arduino-testlib/cli-datadir/user/libraries/HamShield/examples/FoxHunt/FoxHunt.ino:28:11: error: call to &#39;NinaPin::operator int&#39; declared with attribute error: Change me to a #define
 HamShield radio;
           ^~~~~
/home/ec2-user/arduino-testlib/cli-datadir/user/libraries/HamShield/examples/FoxHunt/FoxHunt.ino:28:11: error: call to &#39;NinaPin::operator int&#39; declared with attribute error: Change me to a #define

</pre>
					
					<h4>examples/HandyTalkie</h4>
					<p>
						Result: <b>FAIL</b>
					</p>
					<pre class="pre-scrollable">In function &#39;void __static_initialization_and_destruction_0(int, int)&#39;,
    inlined from &#39;(static initializers for /home/ec2-user/arduino-testlib/cli-datadir/user/libraries/HamShield/examples/HandyTalkie/HandyTalkie.ino)&#39; at /home/ec2-user/arduino-testlib/cli-datadir/user/libraries/HamShield/examples/HandyTalkie/HandyTalkie.ino:152:1:
/home/ec2-user/arduino-testlib/cli-datadir/user/libraries/HamShield/examples/HandyTalkie/HandyTalkie.ino:22:11: error: call to &#39;NinaPin::operator int&#39; declared with attribute error: Change me to a #define
 HamShield radio;
           ^~~~~
/home/ec2-user/arduino-testlib/cli-datadir/user/libraries/HamShield/examples/HandyTalkie/HandyTalkie.ino:22:11: error: call to &#39;NinaPin::operator int&#39; declared with attribute error: Change me to a #define

</pre>
					
					<h4>examples/HandyTalkie_nRF52840</h4>
					<p>
						Result: <b>FAIL</b>
					</p>
					<pre class="pre-scrollable">/home/ec2-user/arduino-testlib/cli-datadir/user/libraries/HamShield/examples/HandyTalkie_nRF52840/HandyTalkie_nRF52840.ino:37:10: fatal error: bluefruit.h: No such file or directory
 #include &lt;bluefruit.h&gt;
          ^~~~~~~~~~~~~
compilation terminated.

</pre>
					
					<h4>examples/KISS</h4>
					<p>
						Result: <b>FAIL</b>
					</p>
					<pre class="pre-scrollable">/home/ec2-user/arduino-testlib/cli-datadir/user/libraries/HamShield/examples/KISS/KISS.ino:31:10: fatal error: avr/wdt.h: No such file or directory
 #include &lt;avr/wdt.h&gt;
          ^~~~~~~~~~~
compilation terminated.

</pre>
					
					<h4>examples/Morse</h4>
					<p>
						Result: <b>FAIL</b>
					</p>
					<pre class="pre-scrollable">In function &#39;void __static_initialization_and_destruction_0(int, int)&#39;,
    inlined from &#39;(static initializers for /home/ec2-user/arduino-testlib/cli-datadir/user/libraries/HamShield/examples/Morse/Morse.ino)&#39; at /home/ec2-user/arduino-testlib/cli-datadir/user/libraries/HamShield/examples/Morse/Morse.ino:126:1:
/home/ec2-user/arduino-testlib/cli-datadir/user/libraries/HamShield/examples/Morse/Morse.ino:40:11: error: call to &#39;NinaPin::operator int&#39; declared with attribute error: Change me to a #define
 HamShield radio;
           ^~~~~
/home/ec2-user/arduino-testlib/cli-datadir/user/libraries/HamShield/examples/Morse/Morse.ino:40:11: error: call to &#39;NinaPin::operator int&#39; declared with attribute error: Change me to a #define

</pre>
					
					<h4>examples/SSTV</h4>
					<p>
						Result: <b>FAIL</b>
					</p>
					<pre class="pre-scrollable">In function &#39;void __static_initialization_and_destruction_0(int, int)&#39;,
    inlined from &#39;(static initializers for /home/ec2-user/arduino-testlib/cli-datadir/user/libraries/HamShield/examples/SSTV/SSTV.ino)&#39; at /home/ec2-user/arduino-testlib/cli-datadir/user/libraries/HamShield/examples/SSTV/SSTV.ino:65:1:
/home/ec2-user/arduino-testlib/cli-datadir/user/libraries/HamShield/examples/SSTV/SSTV.ino:24:11: error: call to &#39;NinaPin::operator int&#39; declared with attribute error: Change me to a #define
 HamShield radio;
           ^~~~~
/home/ec2-user/arduino-testlib/cli-datadir/user/libraries/HamShield/examples/SSTV/SSTV.ino:24:11: error: call to &#39;NinaPin::operator int&#39; declared with attribute error: Change me to a #define

</pre>
					
					<h4>examples/SSTV_M1_Static</h4>
					<p>
						Result: <b>FAIL</b>
					</p>
					<pre class="pre-scrollable">WARNING: library DDS claims to run on avr architecture(s) and may be incompatible with your current board which runs on mbed_nano architecture(s).
/home/ec2-user/arduino-testlib/cli-datadir/user/libraries/HamShield/examples/SSTV_M1_Static/SSTV_M1_Static.ino:160:5: error: expected constructor, destructor, or type conversion before &#39;(&#39; token
 ISR(ADC_vect) {
     ^
/home/ec2-user/arduino-testlib/cli-datadir/user/libraries/HamShield/examples/SSTV_M1_Static/SSTV_M1_Static.ino: In function &#39;void loop()&#39;:
/home/ec2-user/arduino-testlib/cli-datadir/user/libraries/HamShield/examples/SSTV_M1_Static/SSTV_M1_Static.ino:108:16: error: &#39;PORTD&#39; was not declared in this scope
 #define DON()  PORTD |= _BV(2);
                ^
/home/ec2-user/arduino-testlib/cli-datadir/user/libraries/HamShield/examples/SSTV_M1_Static/SSTV_M1_Static.ino:127:5: note: in expansion of macro &#39;DON&#39;
     DON();
     ^~~
/home/ec2-user/arduino-testlib/cli-datadir/user/libraries/HamShield/examples/SSTV_M1_Static/SSTV_M1_Static.ino:108:25: error: &#39;_BV&#39; was not declared in this scope
 #define DON()  PORTD |= _BV(2);
                         ^
/home/ec2-user/arduino-testlib/cli-datadir/user/libraries/HamShield/examples/SSTV_M1_Static/SSTV_M1_Static.ino:127:5: note: in expansion of macro &#39;DON&#39;
     DON();
     ^~~
/home/ec2-user/arduino-testlib/cli-datadir/user/libraries/HamShield/examples/SSTV_M1_Static/SSTV_M1_Static.ino:108:25: note: suggested alternative: &#39;_B&#39;
 #define DON()  PORTD |= _BV(2);
                         ^
/home/ec2-user/arduino-testlib/cli-datadir/user/libraries/HamShield/examples/SSTV_M1_Static/SSTV_M1_Static.ino:127:5: note: in expansion of macro &#39;DON&#39;
     DON();
     ^~~
/home/ec2-user/arduino-testlib/cli-datadir/user/libraries/HamShield/examples/SSTV_M1_Static/SSTV_M1_Static.ino: At global scope:
/home/ec2-user/arduino-testlib/cli-datadir/user/libraries/HamShield/examples/SSTV_M1_Static/SSTV_M1_Static.ino:160:4: error: expected constructor, destructor, or type conversion before &#39;(&#39; token
 ISR(ADC_vect) {
    ^

</pre>
					
					<h4>examples/SerialTransceiver</h4>
					<p>
						Result: <b>FAIL</b>
					</p>
					<pre class="pre-scrollable">In function &#39;void __static_initialization_and_destruction_0(int, int)&#39;,
    inlined from &#39;(static initializers for /home/ec2-user/arduino-testlib/cli-datadir/user/libraries/HamShield/examples/SerialTransceiver/SerialTransceiver.ino)&#39; at /home/ec2-user/arduino-testlib/cli-datadir/user/libraries/HamShield/examples/SerialTransceiver/SerialTransceiver.ino:562:1:
/home/ec2-user/arduino-testlib/cli-datadir/user/libraries/HamShield/examples/SerialTransceiver/SerialTransceiver.ino:99:11: error: call to &#39;NinaPin::operator int&#39; declared with attribute error: Change me to a #define
 HamShield radio;
           ^~~~~
/home/ec2-user/arduino-testlib/cli-datadir/user/libraries/HamShield/examples/SerialTransceiver/SerialTransceiver.ino:99:11: error: call to &#39;NinaPin::operator int&#39; declared with attribute error: Change me to a #define

</pre>
					
					<h4>examples/SerialTransceiver_nRF52840</h4>
					<p>
						Result: <b>FAIL</b>
					</p>
					<pre class="pre-scrollable">/home/ec2-user/arduino-testlib/cli-datadir/user/libraries/HamShield/examples/SerialTransceiver_nRF52840/SerialTransceiver_nRF52840.ino:78:10: fatal error: bluefruit.h: No such file or directory
 #include &lt;bluefruit.h&gt;
          ^~~~~~~~~~~~~
compilation terminated.

</pre>
					
					<h4>examples/SignalTest</h4>
					<p>
						Result: <b>FAIL</b>
					</p>
					<pre class="pre-scrollable">/home/ec2-user/arduino-testlib/cli-datadir/user/libraries/PCM/PCM.c:30:10: fatal error: avr/io.h: No such file or directory
 #include &lt;avr/io.h&gt;
          ^~~~~~~~~~
compilation terminated.

</pre>
					
					<h4>examples/SpeechTX</h4>
					<p>
						Result: <b>FAIL</b>
					</p>
					<pre class="pre-scrollable">/home/ec2-user/arduino-testlib/cli-datadir/user/libraries/HamShield/examples/SpeechTX/SpeechTX.ino:24:10: fatal error: talkie.h: No such file or directory
 #include &#34;talkie.h&#34;
          ^~~~~~~~~~
compilation terminated.

</pre>
					
				
				<h3 id="arduino:megaavr:nona4809">arduino:megaavr:nona4809 @ 1.8.7</h3>
				<h4>Inclusion</h4>
				<p>
					Result: <b>PASS</b>
					
				</p>
				<pre class="pre-scrollable">Sketch uses 802 bytes (1%) of program storage space. Maximum is 49152 bytes.
Global variables use 22 bytes (0%) of dynamic memory, leaving 6122 bytes for local variables. Maximum is 6144 bytes.
</pre>

					
					<h4>examples/AFSK_SerialMessenger</h4>
					<p>
						Result: <b>FAIL</b>
					</p>
					<pre class="pre-scrollable">WARNING: library DDS claims to run on avr architecture(s) and may be incompatible with your current board which runs on megaavr architecture(s).
/home/ec2-user/arduino-testlib/cli-datadir/user/libraries/HamShield/examples/AFSK_SerialMessenger/AFSK_SerialMessenger.ino: In function &#39;void TIMER2_OVF_vect()&#39;:
/home/ec2-user/arduino-testlib/cli-datadir/user/libraries/HamShield/examples/AFSK_SerialMessenger/AFSK_SerialMessenger.ino:149:3: error: &#39;TIFR2&#39; was not declared in this scope
   TIFR2 = _BV(TOV2);
   ^~~~~
/home/ec2-user/arduino-testlib/cli-datadir/user/libraries/HamShield/examples/AFSK_SerialMessenger/AFSK_SerialMessenger.ino:149:3: note: suggested alternative: &#39;TIMERB2&#39;
   TIFR2 = _BV(TOV2);
   ^~~~~
   TIMERB2
In file included from /home/ec2-user/arduino-testlib/cli-datadir/data/packages/arduino/tools/avr-gcc/7.3.0-atmel3.6.1-arduino5/avr/include/avr/io.h:99:0,
                 from /home/ec2-user/arduino-testlib/cli-datadir/data/packages/arduino/tools/avr-gcc/7.3.0-atmel3.6.1-arduino5/avr/include/avr/pgmspace.h:90,
                 from /home/ec2-user/arduino-testlib/cli-datadir/data/packages/arduino/hardware/megaavr/1.8.7/cores/arduino/api/String.h:31,
                 from /home/ec2-user/arduino-testlib/cli-datadir/data/packages/arduino/hardware/megaavr/1.8.7/cores/arduino/api/IPAddress.h:24,
                 from /home/ec2-user/arduino-testlib/cli-datadir/data/packages/arduino/hardware/megaavr/1.8.7/cores/arduino/api/ArduinoAPI.h:30,
                 from /home/ec2-user/arduino-testlib/cli-datadir/data/packages/arduino/hardware/megaavr/1.8.7/cores/arduino/Arduino.h:23,
                 from /tmp/arduino-sketch-FA76870ECAB1ED594D6C6CAEAD415FF4/sketch/AFSK_SerialMessenger.ino.cpp:1:
/home/ec2-user/arduino-testlib/cli-datadir/user/libraries/HamShield/examples/AFSK_SerialMessenger/AFSK_SerialMessenger.ino:149:15: error: &#39;TOV2&#39; was not declared in this scope
   TIFR2 = _BV(TOV2);
               ^
/home/ec2-user/arduino-testlib/cli-datadir/user/libraries/HamShield/examples/AFSK_SerialMessenger/AFSK_SerialMessenger.ino:149:15: note: suggested alternative: &#39;TCB2&#39;
/home/ec2-user/arduino-testlib/cli-datadir/user/libraries/HamShield/examples/AFSK_SerialMessenger/AFSK_SerialMessenger.ino: In function &#39;void ADC_vect()&#39;:
/home/ec2-user/arduino-testlib/cli-datadir/user/libraries/HamShield/examples/AFSK_SerialMessenger/AFSK_SerialMessenger.ino:159:3: error: &#39;TIFR1&#39; was not declared in this scope
   TIFR1 = _BV(ICF1); // Clear the timer flag
   ^~~~~
In file included from /home/ec2-user/arduino-testlib/cli-datadir/data/packages/arduino/tools/avr-gcc/7.3.0-atmel3.6.1-arduino5/avr/include/avr/io.h:99:0,
                 from /home/ec2-user/arduino-testlib/cli-datadir/data/packages/arduino/tools/avr-gcc/7.3.0-atmel3.6.1-arduino5/avr/include/avr/pgmspace.h:90,
                 from /home/ec2-user/arduino-testlib/cli-datadir/data/packages/arduino/hardware/megaavr/1.8.7/cores/arduino/api/String.h:31,
                 from /home/ec2-user/arduino-testlib/cli-datadir/data/packages/arduino/hardware/megaavr/1.8.7/cores/arduino/api/IPAddress.h:24,
                 from /home/ec2-user/arduino-testlib/cli-datadir/data/packages/arduino/hardware/megaavr/1.8.7/cores/arduino/api/ArduinoAPI.h:30,
                 from /home/ec2-user/arduino-testlib/cli-datadir/data/packages/arduino/hardware/megaavr/1.8.7/cores/arduino/Arduino.h:23,
                 from /tmp/arduino-sketch-FA76870ECAB1ED594D6C6CAEAD415FF4/sketch/AFSK_SerialMessenger.ino.cpp:1:
/home/ec2-user/arduino-testlib/cli-datadir/user/libraries/HamShield/examples/AFSK_SerialMessenger/AFSK_SerialMessenger.ino:159:15: error: &#39;ICF1&#39; was not declared in this scope
   TIFR1 = _BV(ICF1); // Clear the timer flag
               ^
/home/ec2-user/arduino-testlib/cli-datadir/user/libraries/HamShield/examples/AFSK_SerialMessenger/AFSK_SerialMessenger.ino:159:15: note: suggested alternative: &#39;TCB1&#39;

</pre>
					
					<h4>examples/APRS_Beacon</h4>
					<p>
						Result: <b>FAIL</b>
					</p>
					<pre class="pre-scrollable"></pre>
					
					<h4>examples/AppSerialController</h4>
					<p>
						Result: <b>PASS</b>
					</p>
					<pre class="pre-scrollable">Sketch uses 9601 bytes (19%) of program storage space. Maximum is 49152 bytes.
Global variables use 295 bytes (4%) of dynamic memory, leaving 5849 bytes for local variables. Maximum is 6144 bytes.
</pre>
					
					<h4>examples/CTCSS</h4>
					<p>
						Result: <b>PASS</b>
					</p>
					<pre class="pre-scrollable">Sketch uses 9202 bytes (18%) of program storage space. Maximum is 49152 bytes.
Global variables use 207 bytes (3%) of dynamic memory, leaving 5937 bytes for local variables. Maximum is 6144 bytes.
</pre>
					
					<h4>examples/DDS</h4>
					<p>
						Result: <b>FAIL</b>
					</p>
					<pre class="pre-scrollable">WARNING: library DDS claims to run on avr architecture(s) and may be incompatible with your current board which runs on megaavr architecture(s).
/home/ec2-user/arduino-testlib/cli-datadir/user/libraries/DDS/src/DDS.cpp: In member function &#39;void DDS::start()&#39;:
/home/ec2-user/arduino-testlib/cli-datadir/user/libraries/DDS/src/DDS.cpp:8:3: error: &#39;ASSR&#39; was not declared in this scope
   ASSR &amp;= ~(_BV(EXCLK) | _BV(AS2));
   ^~~~
/home/ec2-user/arduino-testlib/cli-datadir/user/libraries/DDS/src/DDS.cpp:8:3: note: suggested alternative: &#39;SS&#39;
   ASSR &amp;= ~(_BV(EXCLK) | _BV(AS2));
   ^~~~
   SS
In file included from /home/ec2-user/arduino-testlib/cli-datadir/data/packages/arduino/tools/avr-gcc/7.3.0-atmel3.6.1-arduino5/avr/include/avr/io.h:99:0,
                 from /home/ec2-user/arduino-testlib/cli-datadir/data/packages/arduino/tools/avr-gcc/7.3.0-atmel3.6.1-arduino5/avr/include/avr/pgmspace.h:90,
                 from /home/ec2-user/arduino-testlib/cli-datadir/data/packages/arduino/hardware/megaavr/1.8.7/cores/arduino/api/String.h:31,
                 from /home/ec2-user/arduino-testlib/cli-datadir/data/packages/arduino/hardware/megaavr/1.8.7/cores/arduino/api/IPAddress.h:24,
                 from /home/ec2-user/arduino-testlib/cli-datadir/data/packages/arduino/hardware/megaavr/1.8.7/cores/arduino/api/ArduinoAPI.h:30,
                 from /home/ec2-user/arduino-testlib/cli-datadir/data/packages/arduino/hardware/megaavr/1.8.7/cores/arduino/Arduino.h:23,
                 from /home/ec2-user/arduino-testlib/cli-datadir/user/libraries/DDS/src/DDS.cpp:1:
/home/ec2-user/arduino-testlib/cli-datadir/user/libraries/DDS/src/DDS.cpp:8:17: error: &#39;EXCLK&#39; was not declared in this scope
   ASSR &amp;= ~(_BV(EXCLK) | _BV(AS2));
                 ^
/home/ec2-user/arduino-testlib/cli-datadir/user/libraries/DDS/src/DDS.cpp:8:30: error: &#39;AS2&#39; was not declared in this scope
   ASSR &amp;= ~(_BV(EXCLK) | _BV(AS2));
                              ^
/home/ec2-user/arduino-testlib/cli-datadir/user/libraries/DDS/src/DDS.cpp:8:30: note: suggested alternative: &#39;A2&#39;
/home/ec2-user/arduino-testlib/cli-datadir/user/libraries/DDS/src/DDS.cpp:14:3: error: &#39;TCCR2A&#39; was not declared in this scope
   TCCR2A = (TCCR2A | _BV(COM2B1)) &amp; ~(_BV(COM2B0) | _BV(COM2A1) | _BV(COM2A0)) |
   ^~~~~~
/home/ec2-user/arduino-testlib/cli-datadir/user/libraries/DDS/src/DDS.cpp:14:3: note: suggested alternative: &#39;TCB2&#39;
   TCCR2A = (TCCR2A | _BV(COM2B1)) &amp; ~(_BV(COM2B0) | _BV(COM2A1) | _BV(COM2A0)) |
   ^~~~~~
   TCB2
In file included from /home/ec2-user/arduino-testlib/cli-datadir/data/packages/arduino/tools/avr-gcc/7.3.0-atmel3.6.1-arduino5/avr/include/avr/io.h:99:0,
                 from /home/ec2-user/arduino-testlib/cli-datadir/data/packages/arduino/tools/avr-gcc/7.3.0-atmel3.6.1-arduino5/avr/include/avr/pgmspace.h:90,
                 from /home/ec2-user/arduino-testlib/cli-datadir/data/packages/arduino/hardware/megaavr/1.8.7/cores/arduino/api/String.h:31,
                 from /home/ec2-user/arduino-testlib/cli-datadir/data/packages/arduino/hardware/megaavr/1.8.7/cores/arduino/api/IPAddress.h:24,
                 from /home/ec2-user/arduino-testlib/cli-datadir/data/packages/arduino/hardware/megaavr/1.8.7/cores/arduino/api/ArduinoAPI.h:30,
                 from /home/ec2-user/arduino-testlib/cli-datadir/data/packages/arduino/hardware/megaavr/1.8.7/cores/arduino/Arduino.h:23,
                 from /home/ec2-user/arduino-testlib/cli-datadir/user/libraries/DDS/src/DDS.cpp:1:
/home/ec2-user/arduino-testlib/cli-datadir/user/libraries/DDS/src/DDS.cpp:14:26: error: &#39;COM2B1&#39; was not declared in this scope
   TCCR2A = (TCCR2A | _BV(COM2B1)) &amp; ~(_BV(COM2B0) | _BV(COM2A1) | _BV(COM2A0)) |
                          ^
/home/ec2-user/arduino-testlib/cli-datadir/user/libraries/DDS/src/DDS.cpp:14:43: error: &#39;COM2B0&#39; was not declared in this scope
   TCCR2A = (TCCR2A | _BV(COM2B1)) &amp; ~(_BV(COM2B0) | _BV(COM2A1) | _BV(COM2A0)) |
                                           ^
/home/ec2-user/arduino-testlib/cli-datadir/user/libraries/DDS/src/DDS.cpp:14:57: error: &#39;COM2A1&#39; was not declared in this scope
   TCCR2A = (TCCR2A | _BV(COM2B1)) &amp; ~(_BV(COM2B0) | _BV(COM2A1) | _BV(COM2A0)) |
                                                         ^
/home/ec2-user/arduino-testlib/cli-datadir/user/libraries/DDS/src/DDS.cpp:14:71: error: &#39;COM2A0&#39; was not declared in this scope
   TCCR2A = (TCCR2A | _BV(COM2B1)) &amp; ~(_BV(COM2B0) | _BV(COM2A1) | _BV(COM2A0)) |
                                                                       ^
/home/ec2-user/arduino-testlib/cli-datadir/user/libraries/DDS/src/DDS.cpp:15:14: error: &#39;WGM21&#39; was not declared in this scope
          _BV(WGM21) | _BV(WGM20);
              ^
/home/ec2-user/arduino-testlib/cli-datadir/user/libraries/DDS/src/DDS.cpp:15:27: error: &#39;WGM20&#39; was not declared in this scope
          _BV(WGM21) | _BV(WGM20);
                           ^
/home/ec2-user/arduino-testlib/cli-datadir/user/libraries/DDS/src/DDS.cpp:17:3: error: &#39;TCCR2B&#39; was not declared in this scope
   TCCR2B = (TCCR2B &amp; ~(_BV(CS22) | _BV(CS21))) | _BV(CS20) | _BV(WGM22);
   ^~~~~~
/home/ec2-user/arduino-testlib/cli-datadir/user/libraries/DDS/src/DDS.cpp:17:3: note: suggested alternative: &#39;TCB2&#39;
   TCCR2B = (TCCR2B &amp; ~(_BV(CS22) | _BV(CS21))) | _BV(CS20) | _BV(WGM22);
   ^~~~~~
   TCB2
In file included from /home/ec2-user/arduino-testlib/cli-datadir/data/packages/arduino/tools/avr-gcc/7.3.0-atmel3.6.1-arduino5/avr/include/avr/io.h:99:0,
                 from /home/ec2-user/arduino-testlib/cli-datadir/data/packages/arduino/tools/avr-gcc/7.3.0-atmel3.6.1-arduino5/avr/include/avr/pgmspace.h:90,
                 from /home/ec2-user/arduino-testlib/cli-datadir/data/packages/arduino/hardware/megaavr/1.8.7/cores/arduino/api/String.h:31,
                 from /home/ec2-user/arduino-testlib/cli-datadir/data/packages/arduino/hardware/megaavr/1.8.7/cores/arduino/api/IPAddress.h:24,
                 from /home/ec2-user/arduino-testlib/cli-datadir/data/packages/arduino/hardware/megaavr/1.8.7/cores/arduino/api/ArduinoAPI.h:30,
                 from /home/ec2-user/arduino-testlib/cli-datadir/data/packages/arduino/hardware/megaavr/1.8.7/cores/arduino/Arduino.h:23,
                 from /home/ec2-user/arduino-testlib/cli-datadir/user/libraries/DDS/src/DDS.cpp:1:
/home/ec2-user/arduino-testlib/cli-datadir/user/libraries/DDS/src/DDS.cpp:17:28: error: &#39;CS22&#39; was not declared in this scope
   TCCR2B = (TCCR2B &amp; ~(_BV(CS22) | _BV(CS21))) | _BV(CS20) | _BV(WGM22);
                            ^
/home/ec2-user/arduino-testlib/cli-datadir/user/libraries/DDS/src/DDS.cpp:17:40: error: &#39;CS21&#39; was not declared in this scope
   TCCR2B = (TCCR2B &amp; ~(_BV(CS22) | _BV(CS21))) | _BV(CS20) | _BV(WGM22);
                                        ^
/home/ec2-user/arduino-testlib/cli-datadir/user/libraries/DDS/src/DDS.cpp:17:54: error: &#39;CS20&#39; was not declared in this scope
   TCCR2B = (TCCR2B &amp; ~(_BV(CS22) | _BV(CS21))) | _BV(CS20) | _BV(WGM22);
                                                      ^
/home/ec2-user/arduino-testlib/cli-datadir/user/libraries/DDS/src/DDS.cpp:17:66: error: &#39;WGM22&#39; was not declared in this scope
   TCCR2B = (TCCR2B &amp; ~(_BV(CS22) | _BV(CS21))) | _BV(CS20) | _BV(WGM22);
                                                                  ^
/home/ec2-user/arduino-testlib/cli-datadir/user/libraries/DDS/src/DDS.cpp:31:3: error: &#39;OCR2A&#39; was not declared in this scope
   OCR2A = pow(2,COMPARATOR_BITS)-1;
   ^~~~~
/home/ec2-user/arduino-testlib/cli-datadir/user/libraries/DDS/src/DDS.cpp:32:3: error: &#39;OCR2B&#39; was not declared in this scope
   OCR2B = 0;
   ^~~~~
/home/ec2-user/arduino-testlib/cli-datadir/user/libraries/DDS/src/DDS.cpp: In member function &#39;void DDS::stop()&#39;:
/home/ec2-user/arduino-testlib/cli-datadir/user/libraries/DDS/src/DDS.cpp:43:5: error: &#39;TCCR1B&#39; was not declared in this scope
     TCCR1B = 0;
     ^~~~~~
/home/ec2-user/arduino-testlib/cli-datadir/user/libraries/DDS/src/DDS.cpp:43:5: note: suggested alternative: &#39;TCB1&#39;
     TCCR1B = 0;
     ^~~~~~
     TCB1
/home/ec2-user/arduino-testlib/cli-datadir/user/libraries/DDS/src/DDS.cpp:45:3: error: &#39;TCCR2B&#39; was not declared in this scope
   TCCR2B = 0;
   ^~~~~~
/home/ec2-user/arduino-testlib/cli-datadir/user/libraries/DDS/src/DDS.cpp:45:3: note: suggested alternative: &#39;TCB2&#39;
   TCCR2B = 0;
   ^~~~~~
   TCB2
/home/ec2-user/arduino-testlib/cli-datadir/user/libraries/DDS/src/DDS.cpp: In member function &#39;void DDS::startPhaseAccumulator(bool)&#39;:
/home/ec2-user/arduino-testlib/cli-datadir/user/libraries/DDS/src/DDS.cpp:52:5: error: &#39;TIMSK2&#39; was not declared in this scope
     TIMSK2 |= _BV(TOIE2);
     ^~~~~~
/home/ec2-user/arduino-testlib/cli-datadir/user/libraries/DDS/src/DDS.cpp:52:5: note: suggested alternative: &#39;TIMERB2&#39;
     TIMSK2 |= _BV(TOIE2);
     ^~~~~~
     TIMERB2
In file included from /home/ec2-user/arduino-testlib/cli-datadir/data/packages/arduino/tools/avr-gcc/7.3.0-atmel3.6.1-arduino5/avr/include/avr/io.h:99:0,
                 from /home/ec2-user/arduino-testlib/cli-datadir/data/packages/arduino/tools/avr-gcc/7.3.0-atmel3.6.1-arduino5/avr/include/avr/pgmspace.h:90,
                 from /home/ec2-user/arduino-testlib/cli-datadir/data/packages/arduino/hardware/megaavr/1.8.7/cores/arduino/api/String.h:31,
                 from /home/ec2-user/arduino-testlib/cli-datadir/data/packages/arduino/hardware/megaavr/1.8.7/cores/arduino/api/IPAddress.h:24,
                 from /home/ec2-user/arduino-testlib/cli-datadir/data/packages/arduino/hardware/megaavr/1.8.7/cores/arduino/api/ArduinoAPI.h:30,
                 from /home/ec2-user/arduino-testlib/cli-datadir/data/packages/arduino/hardware/megaavr/1.8.7/cores/arduino/Arduino.h:23,
                 from /home/ec2-user/arduino-testlib/cli-datadir/user/libraries/DDS/src/DDS.cpp:1:
/home/ec2-user/arduino-testlib/cli-datadir/user/libraries/DDS/src/DDS.cpp:52:19: error: &#39;TOIE2&#39; was not declared in this scope
     TIMSK2 |= _BV(TOIE2);
                   ^
/home/ec2-user/arduino-testlib/cli-datadir/</pre>
					
					<h4>examples/DTMF</h4>
					<p>
						Result: <b>PASS</b>
					</p>
					<pre class="pre-scrollable">Sketch uses 7769 bytes (15%) of program storage space. Maximum is 49152 bytes.
Global variables use 197 bytes (3%) of dynamic memory, leaving 5947 bytes for local variables. Maximum is 6144 bytes.
</pre>
					
					<h4>examples/FMBeacon</h4>
					<p>
						Result: <b>PASS</b>
					</p>
					<pre class="pre-scrollable">Sketch uses 7173 bytes (14%) of program storage space. Maximum is 49152 bytes.
Global variables use 201 bytes (3%) of dynamic memory, leaving 5943 bytes for local variables. Maximum is 6144 bytes.
</pre>
					
					<h4>examples/FoxHunt</h4>
					<p>
						Result: <b>PASS</b>
					</p>
					<pre class="pre-scrollable">Sketch uses 7950 bytes (16%) of program storage space. Maximum is 49152 bytes.
Global variables use 214 bytes (3%) of dynamic memory, leaving 5930 bytes for local variables. Maximum is 6144 bytes.
</pre>
					
					<h4>examples/HandyTalkie</h4>
					<p>
						Result: <b>PASS</b>
					</p>
					<pre class="pre-scrollable">Sketch uses 7529 bytes (15%) of program storage space. Maximum is 49152 bytes.
Global variables use 206 bytes (3%) of dynamic memory, leaving 5938 bytes for local variables. Maximum is 6144 bytes.
</pre>
					
					<h4>examples/HandyTalkie_nRF52840</h4>
					<p>
						Result: <b>FAIL</b>
					</p>
					<pre class="pre-scrollable">/home/ec2-user/arduino-testlib/cli-datadir/user/libraries/HamShield/examples/HandyTalkie_nRF52840/HandyTalkie_nRF52840.ino:37:10: fatal error: bluefruit.h: No such file or directory
 #include &lt;bluefruit.h&gt;
          ^~~~~~~~~~~~~
compilation terminated.

</pre>
					
					<h4>examples/KISS</h4>
					<p>
						Result: <b>FAIL</b>
					</p>
					<pre class="pre-scrollable">WARNING: library DDS claims to run on avr architecture(s) and may be incompatible with your current board which runs on megaavr architecture(s).
/home/ec2-user/arduino-testlib/cli-datadir/user/libraries/HamShield/examples/KISS/KISS.ino: In function &#39;void TIMER2_OVF_vect()&#39;:
/home/ec2-user/arduino-testlib/cli-datadir/user/libraries/HamShield/examples/KISS/KISS.ino:79:3: error: &#39;TIFR2&#39; was not declared in this scope
   TIFR2 = _BV(TOV2);
   ^~~~~
/home/ec2-user/arduino-testlib/cli-datadir/user/libraries/HamShield/examples/KISS/KISS.ino:79:3: note: suggested alternative: &#39;TIMERB2&#39;
   TIFR2 = _BV(TOV2);
   ^~~~~
   TIMERB2
In file included from /home/ec2-user/arduino-testlib/cli-datadir/data/packages/arduino/tools/avr-gcc/7.3.0-atmel3.6.1-arduino5/avr/include/avr/io.h:99:0,
                 from /home/ec2-user/arduino-testlib/cli-datadir/data/packages/arduino/tools/avr-gcc/7.3.0-atmel3.6.1-arduino5/avr/include/avr/pgmspace.h:90,
                 from /home/ec2-user/arduino-testlib/cli-datadir/data/packages/arduino/hardware/megaavr/1.8.7/cores/arduino/api/String.h:31,
                 from /home/ec2-user/arduino-testlib/cli-datadir/data/packages/arduino/hardware/megaavr/1.8.7/cores/arduino/api/IPAddress.h:24,
                 from /home/ec2-user/arduino-testlib/cli-datadir/data/packages/arduino/hardware/megaavr/1.8.7/cores/arduino/api/ArduinoAPI.h:30,
                 from /home/ec2-user/arduino-testlib/cli-datadir/data/packages/arduino/hardware/megaavr/1.8.7/cores/arduino/Arduino.h:23,
                 from /tmp/arduino-sketch-B04FA932385A6248B3E58EBA6B43D4BB/sketch/KISS.ino.cpp:1:
/home/ec2-user/arduino-testlib/cli-datadir/user/libraries/HamShield/examples/KISS/KISS.ino:79:15: error: &#39;TOV2&#39; was not declared in this scope
   TIFR2 = _BV(TOV2);
               ^
/home/ec2-user/arduino-testlib/cli-datadir/user/libraries/HamShield/examples/KISS/KISS.ino:79:15: note: suggested alternative: &#39;TCB2&#39;
/home/ec2-user/arduino-testlib/cli-datadir/user/libraries/HamShield/examples/KISS/KISS.ino: In function &#39;void ADC_vect()&#39;:
/home/ec2-user/arduino-testlib/cli-datadir/user/libraries/HamShield/examples/KISS/KISS.ino:89:3: error: &#39;TIFR1&#39; was not declared in this scope
   TIFR1 = _BV(ICF1); // Clear the timer flag
   ^~~~~
In file included from /home/ec2-user/arduino-testlib/cli-datadir/data/packages/arduino/tools/avr-gcc/7.3.0-atmel3.6.1-arduino5/avr/include/avr/io.h:99:0,
                 from /home/ec2-user/arduino-testlib/cli-datadir/data/packages/arduino/tools/avr-gcc/7.3.0-atmel3.6.1-arduino5/avr/include/avr/pgmspace.h:90,
                 from /home/ec2-user/arduino-testlib/cli-datadir/data/packages/arduino/hardware/megaavr/1.8.7/cores/arduino/api/String.h:31,
                 from /home/ec2-user/arduino-testlib/cli-datadir/data/packages/arduino/hardware/megaavr/1.8.7/cores/arduino/api/IPAddress.h:24,
                 from /home/ec2-user/arduino-testlib/cli-datadir/data/packages/arduino/hardware/megaavr/1.8.7/cores/arduino/api/ArduinoAPI.h:30,
                 from /home/ec2-user/arduino-testlib/cli-datadir/data/packages/arduino/hardware/megaavr/1.8.7/cores/arduino/Arduino.h:23,
                 from /tmp/arduino-sketch-B04FA932385A6248B3E58EBA6B43D4BB/sketch/KISS.ino.cpp:1:
/home/ec2-user/arduino-testlib/cli-datadir/user/libraries/HamShield/examples/KISS/KISS.ino:89:15: error: &#39;ICF1&#39; was not declared in this scope
   TIFR1 = _BV(ICF1); // Clear the timer flag
               ^
/home/ec2-user/arduino-testlib/cli-datadir/user/libraries/HamShield/examples/KISS/KISS.ino:89:15: note: suggested alternative: &#39;TCB1&#39;

</pre>
					
					<h4>examples/Morse</h4>
					<p>
						Result: <b>PASS</b>
					</p>
					<pre class="pre-scrollable">Sketch uses 8061 bytes (16%) of program storage space. Maximum is 49152 bytes.
Global variables use 218 bytes (3%) of dynamic memory, leaving 5926 bytes for local variables. Maximum is 6144 bytes.
</pre>
					
					<h4>examples/SSTV</h4>
					<p>
						Result: <b>PASS</b>
					</p>
					<pre class="pre-scrollable">Sketch uses 6930 bytes (14%) of program storage space. Maximum is 49152 bytes.
Global variables use 197 bytes (3%) of dynamic memory, leaving 5947 bytes for local variables. Maximum is 6144 bytes.
</pre>
					
					<h4>examples/SSTV_M1_Static</h4>
					<p>
						Result: <b>FAIL</b>
					</p>
					<pre class="pre-scrollable">WARNING: library DDS claims to run on avr architecture(s) and may be incompatible with your current board which runs on megaavr architecture(s).
/home/ec2-user/arduino-testlib/cli-datadir/user/libraries/HamShield/examples/SSTV_M1_Static/SSTV_M1_Static.ino: In function &#39;void ADC_vect()&#39;:
/home/ec2-user/arduino-testlib/cli-datadir/user/libraries/HamShield/examples/SSTV_M1_Static/SSTV_M1_Static.ino:166:3: error: &#39;TIFR1&#39; was not declared in this scope
   TIFR1 |= _BV(ICF1);
   ^~~~~
In file included from /home/ec2-user/arduino-testlib/cli-datadir/data/packages/arduino/tools/avr-gcc/7.3.0-atmel3.6.1-arduino5/avr/include/avr/io.h:99:0,
                 from /home/ec2-user/arduino-testlib/cli-datadir/data/packages/arduino/tools/avr-gcc/7.3.0-atmel3.6.1-arduino5/avr/include/avr/pgmspace.h:90,
                 from /home/ec2-user/arduino-testlib/cli-datadir/data/packages/arduino/hardware/megaavr/1.8.7/cores/arduino/api/String.h:31,
                 from /home/ec2-user/arduino-testlib/cli-datadir/data/packages/arduino/hardware/megaavr/1.8.7/cores/arduino/api/IPAddress.h:24,
                 from /home/ec2-user/arduino-testlib/cli-datadir/data/packages/arduino/hardware/megaavr/1.8.7/cores/arduino/api/ArduinoAPI.h:30,
                 from /home/ec2-user/arduino-testlib/cli-datadir/data/packages/arduino/hardware/megaavr/1.8.7/cores/arduino/Arduino.h:23,
                 from /tmp/arduino-sketch-CCF91E9F4F557D5D7F42F71FB4904806/sketch/SSTV_M1_Static.ino.cpp:1:
/home/ec2-user/arduino-testlib/cli-datadir/user/libraries/HamShield/examples/SSTV_M1_Static/SSTV_M1_Static.ino:166:16: error: &#39;ICF1&#39; was not declared in this scope
   TIFR1 |= _BV(ICF1);
                ^
/home/ec2-user/arduino-testlib/cli-datadir/user/libraries/HamShield/examples/SSTV_M1_Static/SSTV_M1_Static.ino:166:16: note: suggested alternative: &#39;TCB1&#39;

</pre>
					
					<h4>examples/SerialTransceiver</h4>
					<p>
						Result: <b>PASS</b>
					</p>
					<pre class="pre-scrollable">Sketch uses 13295 bytes (27%) of program storage space. Maximum is 49152 bytes.
Global variables use 335 bytes (5%) of dynamic memory, leaving 5809 bytes for local variables. Maximum is 6144 bytes.
</pre>
					
					<h4>examples/SerialTransceiver_nRF52840</h4>
					<p>
						Result: <b>FAIL</b>
					</p>
					<pre class="pre-scrollable">/home/ec2-user/arduino-testlib/cli-datadir/user/libraries/HamShield/examples/SerialTransceiver_nRF52840/SerialTransceiver_nRF52840.ino:78:10: fatal error: bluefruit.h: No such file or directory
 #include &lt;bluefruit.h&gt;
          ^~~~~~~~~~~~~
compilation terminated.

</pre>
					
					<h4>examples/SignalTest</h4>
					<p>
						Result: <b>FAIL</b>
					</p>
					<pre class="pre-scrollable">WARNING: library PCM claims to run on avr architecture(s) and may be incompatible with your current board which runs on megaavr architecture(s).
/home/ec2-user/arduino-testlib/cli-datadir/user/libraries/PCM/PCM.c: In function &#39;TIMER1_COMPA_vect&#39;:
/home/ec2-user/arduino-testlib/cli-datadir/user/libraries/PCM/PCM.c:81:7: error: &#39;OCR2A&#39; undeclared (first use in this function)
       OCR2A = sounddata_length &#43; lastSample - sample;
       ^~~~~
/home/ec2-user/arduino-testlib/cli-datadir/user/libraries/PCM/PCM.c:81:7: note: each undeclared identifier is reported only once for each function it appears in
/home/ec2-user/arduino-testlib/cli-datadir/user/libraries/PCM/PCM.c: In function &#39;startPlayback&#39;:
/home/ec2-user/arduino-testlib/cli-datadir/user/libraries/PCM/PCM.c:102:3: error: &#39;ASSR&#39; undeclared (first use in this function); did you mean &#39;SS&#39;?
   ASSR &amp;= ~(_BV(EXCLK) | _BV(AS2));
   ^~~~
   SS
In file included from /home/ec2-user/arduino-testlib/cli-datadir/data/packages/arduino/tools/avr-gcc/7.3.0-atmel3.6.1-arduino5/avr/include/avr/io.h:99:0,
                 from /home/ec2-user/arduino-testlib/cli-datadir/data/packages/arduino/tools/avr-gcc/7.3.0-atmel3.6.1-arduino5/avr/include/avr/interrupt.h:38,
                 from /home/ec2-user/arduino-testlib/cli-datadir/user/libraries/PCM/PCM.c:29:
/home/ec2-user/arduino-testlib/cli-datadir/user/libraries/PCM/PCM.c:102:17: error: &#39;EXCLK&#39; undeclared (first use in this function)
   ASSR &amp;= ~(_BV(EXCLK) | _BV(AS2));
                 ^
/home/ec2-user/arduino-testlib/cli-datadir/user/libraries/PCM/PCM.c:102:30: error: &#39;AS2&#39; undeclared (first use in this function); did you mean &#39;A2&#39;?
   ASSR &amp;= ~(_BV(EXCLK) | _BV(AS2));
                              ^
/home/ec2-user/arduino-testlib/cli-datadir/user/libraries/PCM/PCM.c:105:3: error: &#39;TCCR2A&#39; undeclared (first use in this function); did you mean &#39;TCB2&#39;?
   TCCR2A |= _BV(WGM21) | _BV(WGM20);
   ^~~~~~
   TCB2
In file included from /home/ec2-user/arduino-testlib/cli-datadir/data/packages/arduino/tools/avr-gcc/7.3.0-atmel3.6.1-arduino5/avr/include/avr/io.h:99:0,
                 from /home/ec2-user/arduino-testlib/cli-datadir/data/packages/arduino/tools/avr-gcc/7.3.0-atmel3.6.1-arduino5/avr/include/avr/interrupt.h:38,
                 from /home/ec2-user/arduino-testlib/cli-datadir/user/libraries/PCM/PCM.c:29:
/home/ec2-user/arduino-testlib/cli-datadir/user/libraries/PCM/PCM.c:105:17: error: &#39;WGM21&#39; undeclared (first use in this function)
   TCCR2A |= _BV(WGM21) | _BV(WGM20);
                 ^
/home/ec2-user/arduino-testlib/cli-datadir/user/libraries/PCM/PCM.c:105:30: error: &#39;WGM20&#39; undeclared (first use in this function); did you mean &#39;WGM21&#39;?
   TCCR2A |= _BV(WGM21) | _BV(WGM20);
                              ^
/home/ec2-user/arduino-testlib/cli-datadir/user/libraries/PCM/PCM.c:106:3: error: &#39;TCCR2B&#39; undeclared (first use in this function); did you mean &#39;TCCR2A&#39;?
   TCCR2B &amp;= ~_BV(WGM22);
   ^~~~~~
   TCCR2A
In file included from /home/ec2-user/arduino-testlib/cli-datadir/data/packages/arduino/tools/avr-gcc/7.3.0-atmel3.6.1-arduino5/avr/include/avr/io.h:99:0,
                 from /home/ec2-user/arduino-testlib/cli-datadir/data/packages/arduino/tools/avr-gcc/7.3.0-atmel3.6.1-arduino5/avr/include/avr/interrupt.h:38,
                 from /home/ec2-user/arduino-testlib/cli-datadir/user/libraries/PCM/PCM.c:29:
/home/ec2-user/arduino-testlib/cli-datadir/user/libraries/PCM/PCM.c:106:18: error: &#39;WGM22&#39; undeclared (first use in this function); did you mean &#39;WGM20&#39;?
   TCCR2B &amp;= ~_BV(WGM22);
                  ^
/home/ec2-user/arduino-testlib/cli-datadir/user/libraries/PCM/PCM.c:110:26: error: &#39;COM2A1&#39; undeclared (first use in this function); did you mean &#39;WGM21&#39;?
   TCCR2A = (TCCR2A | _BV(COM2A1)) &amp; ~_BV(COM2A0);
                          ^
/home/ec2-user/arduino-testlib/cli-datadir/user/libraries/PCM/PCM.c:110:42: error: &#39;COM2A0&#39; undeclared (first use in this function); did you mean &#39;COM2A1&#39;?
   TCCR2A = (TCCR2A | _BV(COM2A1)) &amp; ~_BV(COM2A0);
                                          ^
/home/ec2-user/arduino-testlib/cli-datadir/user/libraries/PCM/PCM.c:111:19: error: &#39;COM2B1&#39; undeclared (first use in this function); did you mean &#39;COM2A1&#39;?
   TCCR2A &amp;= ~(_BV(COM2B1) | _BV(COM2B0));
                   ^
/home/ec2-user/arduino-testlib/cli-datadir/user/libraries/PCM/PCM.c:111:33: error: &#39;COM2B0&#39; undeclared (first use in this function); did you mean &#39;COM2B1&#39;?
   TCCR2A &amp;= ~(_BV(COM2B1) | _BV(COM2B0));
                                 ^
/home/ec2-user/arduino-testlib/cli-datadir/user/libraries/PCM/PCM.c:114:28: error: &#39;CS12&#39; undeclared (first use in this function); did you mean &#39;AS2&#39;?
   TCCR2B = (TCCR2B &amp; ~(_BV(CS12) | _BV(CS11))) | _BV(CS10);
                            ^
/home/ec2-user/arduino-testlib/cli-datadir/user/libraries/PCM/PCM.c:114:40: error: &#39;CS11&#39; undeclared (first use in this function); did you mean &#39;CS12&#39;?
   TCCR2B = (TCCR2B &amp; ~(_BV(CS12) | _BV(CS11))) | _BV(CS10);
                                        ^
/home/ec2-user/arduino-testlib/cli-datadir/user/libraries/PCM/PCM.c:114:54: error: &#39;CS10&#39; undeclared (first use in this function); did you mean &#39;CS11&#39;?
   TCCR2B = (TCCR2B &amp; ~(_BV(CS12) | _BV(CS11))) | _BV(CS10);
                                                      ^
/home/ec2-user/arduino-testlib/cli-datadir/user/libraries/PCM/PCM.c:117:3: error: &#39;OCR2A&#39; undeclared (first use in this function); did you mean &#39;TCCR2A&#39;?
   OCR2A = pgm_read_byte(&amp;sounddata_data[0]);
   ^~~~~
   TCCR2A
/home/ec2-user/arduino-testlib/cli-datadir/user/libraries/PCM/PCM.c:126:3: error: &#39;TCCR1B&#39; undeclared (first use in this function); did you mean &#39;TCCR2B&#39;?
   TCCR1B = (TCCR1B &amp; ~_BV(WGM13)) | _BV(WGM12);
   ^~~~~~
   TCCR2B
In file included from /home/ec2-user/arduino-testlib/cli-datadir/data/packages/arduino/tools/avr-gcc/7.3.0-atmel3.6.1-arduino5/avr/include/avr/io.h:99:0,
                 from /home/ec2-user/arduino-testlib/cli-datadir/data/packages/arduino/tools/avr-gcc/7.3.0-atmel3.6.1-arduino5/avr/include/avr/interrupt.h:38,
                 from /home/ec2-user/arduino-testlib/cli-datadir/user/libraries/PCM/PCM.c:29:
/home/ec2-user/arduino-testlib/cli-datadir/user/libraries/PCM/PCM.c:126:27: error: &#39;WGM13&#39; undeclared (first use in this function); did you mean &#39;WGM22&#39;?
   TCCR1B = (TCCR1B &amp; ~_BV(WGM13)) | _BV(WGM12);
                           ^
/home/ec2-user/arduino-testlib/cli-datadir/user/libraries/PCM/PCM.c:126:41: error: &#39;WGM12&#39; undeclared (first use in this function); did you mean &#39;WGM13&#39;?
   TCCR1B = (TCCR1B &amp; ~_BV(WGM13)) | _BV(WGM12);
                                         ^
/home/ec2-user/arduino-testlib/cli-datadir/user/libraries/PCM/PCM.c:127:3: error: &#39;TCCR1A&#39; undeclared (first use in this function); did you mean &#39;TCCR1B&#39;?
   TCCR1A = TCCR1A &amp; ~(_BV(WGM11) | _BV(WGM10));
   ^~~~~~
   TCCR1B
In file included from /home/ec2-user/arduino-testlib/cli-datadir/data/packages/arduino/tools/avr-gcc/7.3.0-atmel3.6.1-arduino5/avr/include/avr/io.h:99:0,
                 from /home/ec2-user/arduino-testlib/cli-datadir/data/packages/arduino/tools/avr-gcc/7.3.0-atmel3.6.1-arduino5/avr/include/avr/interrupt.h:38,
                 from /home/ec2-user/arduino-testlib/cli-datadir/user/libraries/PCM/PCM.c:29:
/home/ec2-user/arduino-testlib/cli-datadir/user/libraries/PCM/PCM.c:127:27: error: &#39;WGM11&#39; undeclared (first use in this function); did you mean &#39;WGM12&#39;?
   TCCR1A = TCCR1A &amp; ~(_BV(WGM11) | _BV(WGM10));
                           ^
/home/ec2-user/arduino-testlib/cli-datadir/user/libraries/PCM/PCM.c:127:40: error: &#39;WGM10&#39; undeclared (first use in this function); did you mean &#39;WGM11&#39;?
   TCCR1A = TCCR1A &amp; ~(_BV(WGM11) | _BV(WGM10));
                                        ^
/home/ec2-user/arduino-testlib/cli-datadir/user/libraries/PCM/PCM.c:135:3: error: &#39;OCR1A&#39; undeclared (first use in this function); did you mean &#39;OCR2A&#39;?
   OCR1A = F_CPU / SAMPLE_RATE;    // 16e6 / 8000 = 2000
   ^~~~~
   OCR2A
/home/ec2-user/arduino-testlib/cli-datadir/user/libraries/PCM/PCM.c:138:3: error: &#39;TIMSK1&#39; undeclared (first use in this function); did you mean &#39;TIMERB1&#39;?
   TIMSK1 |= _BV(OCIE1A);
   ^~~~~~
   TIMERB1
In file included from /home/ec2-user/arduino-testlib/cli-datadir/data/packages/arduino/tools/avr-gcc/7.3.0-atmel3.6.1-arduino5/avr/include/avr/io.h:99:0,
                 from /home/ec2-user/arduino-testlib/cli-datadir/data/packages/arduino/tools/avr-gcc/7.3.0-atmel3.6.1-arduino5/avr/include/avr/interrupt.h:38,
                 from /home/ec2-user/arduino-testlib/cli-datadir/user/libraries/PCM/PCM.c:29:
/home/ec2-user/arduino-testlib/cli-datadir/user/libraries/PCM/PCM.c:138:17: error: &#39;OCIE1A&#39; undeclared (first use in this function); did you mean &#39;OCR1A&#39;?
   TIMSK1 |= _BV(OCIE1A);
                 ^
/home/ec2-user/arduino-testlib/cli-datadir/user/libraries/PCM/PCM.c: In function &#39;stopPlayback&#39;:
/home/ec2-user/arduino-testlib/cli-datadir/user/libraries/PCM/PCM.c:148:3: error: &#39;TIMSK1&#39; undeclared (first use in this function); did you mean &#39;TIMERB1&#39;?
   TIMSK1 &amp;= ~_BV(OCIE1A);
   ^~~~~~
   TIMERB1
In file included from /home/ec2-user/arduino-testlib/cli-datadir/data/packages/arduino/tools/avr-gcc/7.3.0-atmel3.6.1-arduino5/avr/include/avr/io.h:99:0,
                 from /home/ec2-user/arduino-testlib/cli-datadir/data/packages/arduino/tools/avr-gcc/7.3.0-atmel3.6.1-arduino5/avr/include/avr/interrupt.h:38,
                 from /home/ec2-user/arduino-testlib/cli-datadir/user/libraries/PCM/PCM.c:29:
/home/ec2-user/arduino-testlib/cli-datadir/user/libraries/PCM/PCM.c:148:18: error: &#39;OCIE1A&#39; undeclared (first use in this function)
   TIMSK1 &amp;= ~_BV(OCIE1A);
                  ^
/home/ec2-user/arduino-testlib/cli-datadir/user/libraries/PCM/PCM.c:151:3: error: &#39;TCCR1B&#39; undeclared (first use in this function); did you mean &#39;TCB1&#39;?
   TCCR1B &amp;= ~_BV(CS10);
   ^~~~~~
   TCB1
In file included from /home/ec2-user/arduino-testlib/cli-datadir/data/packages/arduino/tools/avr-gcc/7.3.0-atmel3.6.1-arduino5/avr/include/avr/io.h:99:0,
                 from /home/ec2-u</pre>
					
					<h4>examples/SpeechTX</h4>
					<p>
						Result: <b>FAIL</b>
					</p>
					<pre class="pre-scrollable">/home/ec2-user/arduino-testlib/cli-datadir/user/libraries/HamShield/examples/SpeechTX/SpeechTX.ino:24:10: fatal error: talkie.h: No such file or directory
 #include &#34;talkie.h&#34;
          ^~~~~~~~~~
compilation terminated.

</pre>
					
				
				<h3 id="arduino:samd:mkrwifi1010">arduino:samd:mkrwifi1010 @ 1.8.12</h3>
				<h4>Inclusion</h4>
				<p>
					Result: <b>PASS</b>
					
				</p>
				<pre class="pre-scrollable">Sketch uses 12156 bytes (4%) of program storage space. Maximum is 262144 bytes.
Global variables use 2996 bytes (9%) of dynamic memory, leaving 29772 bytes for local variables. Maximum is 32768 bytes.
</pre>

					
					<h4>examples/AFSK_SerialMessenger</h4>
					<p>
						Result: <b>FAIL</b>
					</p>
					<pre class="pre-scrollable">/home/ec2-user/arduino-testlib/cli-datadir/user/libraries/HamShield/examples/AFSK_SerialMessenger/AFSK_SerialMessenger.ino:23:10: fatal error: avr/wdt.h: No such file or directory
 #include &lt;avr/wdt.h&gt;
          ^~~~~~~~~~~
compilation terminated.

</pre>
					
					<h4>examples/APRS_Beacon</h4>
					<p>
						Result: <b>FAIL</b>
					</p>
					<pre class="pre-scrollable"></pre>
					
					<h4>examples/AppSerialController</h4>
					<p>
						Result: <b>FAIL</b>
					</p>
					<pre class="pre-scrollable">/home/ec2-user/arduino-testlib/cli-datadir/user/libraries/HamShield/examples/AppSerialController/AppSerialController.ino: In function &#39;void program_pl_tx()&#39;:
/home/ec2-user/arduino-testlib/cli-datadir/user/libraries/HamShield/examples/AppSerialController/AppSerialController.ino:102:33: error: invalid conversion from &#39;uint8_t* {aka unsigned char*}&#39; to &#39;const char*&#39; [-fpermissive]
   long pl_tx = atof(pl_tx_buffer);
                                 ^
In file included from /home/ec2-user/arduino-testlib/cli-datadir/data/packages/arduino/tools/arm-none-eabi-gcc/7-2017q4/arm-none-eabi/include/stdlib.h:11:0,
                 from /home/ec2-user/arduino-testlib/cli-datadir/data/packages/arduino/tools/arm-none-eabi-gcc/7-2017q4/arm-none-eabi/include/c&#43;&#43;/7.2.1/cstdlib:75,
                 from /home/ec2-user/arduino-testlib/cli-datadir/data/packages/arduino/tools/arm-none-eabi-gcc/7-2017q4/arm-none-eabi/include/c&#43;&#43;/7.2.1/stdlib.h:36,
                 from /home/ec2-user/arduino-testlib/cli-datadir/data/packages/arduino/hardware/samd/1.8.12/cores/arduino/api/Interrupts.h:5,
                 from /home/ec2-user/arduino-testlib/cli-datadir/data/packages/arduino/hardware/samd/1.8.12/cores/arduino/api/ArduinoAPI.h:29,
                 from /home/ec2-user/arduino-testlib/cli-datadir/data/packages/arduino/hardware/samd/1.8.12/cores/arduino/Arduino.h:23,
                 from /tmp/arduino-sketch-E471E452A19527E35FFA7662DEFAD656/sketch/AppSerialController.ino.cpp:1:
/home/ec2-user/arduino-testlib/cli-datadir/data/packages/arduino/tools/arm-none-eabi-gcc/7-2017q4/arm-none-eabi/include/stdlib.h:77:8: note:   initializing argument 1 of &#39;double atof(const char*)&#39;
 double _EXFUN(atof,(const char *__nptr));
        ^
/home/ec2-user/arduino-testlib/cli-datadir/user/libraries/HamShield/examples/AppSerialController/AppSerialController.ino: In function &#39;void program_pl_rx()&#39;:
/home/ec2-user/arduino-testlib/cli-datadir/user/libraries/HamShield/examples/AppSerialController/AppSerialController.ino:129:33: error: invalid conversion from &#39;uint8_t* {aka unsigned char*}&#39; to &#39;const char*&#39; [-fpermissive]
   long pl_rx = atof(pl_rx_buffer);
                                 ^
In file included from /home/ec2-user/arduino-testlib/cli-datadir/data/packages/arduino/tools/arm-none-eabi-gcc/7-2017q4/arm-none-eabi/include/stdlib.h:11:0,
                 from /home/ec2-user/arduino-testlib/cli-datadir/data/packages/arduino/tools/arm-none-eabi-gcc/7-2017q4/arm-none-eabi/include/c&#43;&#43;/7.2.1/cstdlib:75,
                 from /home/ec2-user/arduino-testlib/cli-datadir/data/packages/arduino/tools/arm-none-eabi-gcc/7-2017q4/arm-none-eabi/include/c&#43;&#43;/7.2.1/stdlib.h:36,
                 from /home/ec2-user/arduino-testlib/cli-datadir/data/packages/arduino/hardware/samd/1.8.12/cores/arduino/api/Interrupts.h:5,
                 from /home/ec2-user/arduino-testlib/cli-datadir/data/packages/arduino/hardware/samd/1.8.12/cores/arduino/api/ArduinoAPI.h:29,
                 from /home/ec2-user/arduino-testlib/cli-datadir/data/packages/arduino/hardware/samd/1.8.12/cores/arduino/Arduino.h:23,
                 from /tmp/arduino-sketch-E471E452A19527E35FFA7662DEFAD656/sketch/AppSerialController.ino.cpp:1:
/home/ec2-user/arduino-testlib/cli-datadir/data/packages/arduino/tools/arm-none-eabi-gcc/7-2017q4/arm-none-eabi/include/stdlib.h:77:8: note:   initializing argument 1 of &#39;double atof(const char*)&#39;
 double _EXFUN(atof,(const char *__nptr));
        ^
/home/ec2-user/arduino-testlib/cli-datadir/user/libraries/HamShield/examples/AppSerialController/AppSerialController.ino: In function &#39;void program_frequency()&#39;:
/home/ec2-user/arduino-testlib/cli-datadir/user/libraries/HamShield/examples/AppSerialController/AppSerialController.ino:159:31: error: invalid conversion from &#39;uint8_t* {aka unsigned char*}&#39; to &#39;const char*&#39; [-fpermissive]
   long freq = atol(freq_buffer);
                               ^
In file included from /home/ec2-user/arduino-testlib/cli-datadir/data/packages/arduino/tools/arm-none-eabi-gcc/7-2017q4/arm-none-eabi/include/stdlib.h:11:0,
                 from /home/ec2-user/arduino-testlib/cli-datadir/data/packages/arduino/tools/arm-none-eabi-gcc/7-2017q4/arm-none-eabi/include/c&#43;&#43;/7.2.1/cstdlib:75,
                 from /home/ec2-user/arduino-testlib/cli-datadir/data/packages/arduino/tools/arm-none-eabi-gcc/7-2017q4/arm-none-eabi/include/c&#43;&#43;/7.2.1/stdlib.h:36,
                 from /home/ec2-user/arduino-testlib/cli-datadir/data/packages/arduino/hardware/samd/1.8.12/cores/arduino/api/Interrupts.h:5,
                 from /home/ec2-user/arduino-testlib/cli-datadir/data/packages/arduino/hardware/samd/1.8.12/cores/arduino/api/ArduinoAPI.h:29,
                 from /home/ec2-user/arduino-testlib/cli-datadir/data/packages/arduino/hardware/samd/1.8.12/cores/arduino/Arduino.h:23,
                 from /tmp/arduino-sketch-E471E452A19527E35FFA7662DEFAD656/sketch/AppSerialController.ino.cpp:1:
/home/ec2-user/arduino-testlib/cli-datadir/data/packages/arduino/tools/arm-none-eabi-gcc/7-2017q4/arm-none-eabi/include/stdlib.h:83:6: note:   initializing argument 1 of &#39;long int atol(const char*)&#39;
 long _EXFUN(atol,(const char *__nptr));
      ^

</pre>
					
					<h4>examples/CTCSS</h4>
					<p>
						Result: <b>PASS</b>
					</p>
					<pre class="pre-scrollable">Sketch uses 28808 bytes (10%) of program storage space. Maximum is 262144 bytes.
Global variables use 3036 bytes (9%) of dynamic memory, leaving 29732 bytes for local variables. Maximum is 32768 bytes.
</pre>
					
					<h4>examples/DDS</h4>
					<p>
						Result: <b>FAIL</b>
					</p>
					<pre class="pre-scrollable">WARNING: library DDS claims to run on avr architecture(s) and may be incompatible with your current board which runs on samd architecture(s).
/home/ec2-user/arduino-testlib/cli-datadir/user/libraries/HamShield/examples/DDS/DDS.ino:62:5: error: expected constructor, destructor, or type conversion before &#39;(&#39; token
 ISR(TIMER2_OVF_vect) {
     ^
/home/ec2-user/arduino-testlib/cli-datadir/user/libraries/HamShield/examples/DDS/DDS.ino:62:4: error: expected constructor, destructor, or type conversion before &#39;(&#39; token
 ISR(TIMER2_OVF_vect) {
    ^

</pre>
					
					<h4>examples/DTMF</h4>
					<p>
						Result: <b>PASS</b>
					</p>
					<pre class="pre-scrollable">Sketch uses 18564 bytes (7%) of program storage space. Maximum is 262144 bytes.
Global variables use 3020 bytes (9%) of dynamic memory, leaving 29748 bytes for local variables. Maximum is 32768 bytes.
</pre>
					
					<h4>examples/FMBeacon</h4>
					<p>
						Result: <b>PASS</b>
					</p>
					<pre class="pre-scrollable">Sketch uses 17116 bytes (6%) of program storage space. Maximum is 262144 bytes.
Global variables use 3032 bytes (9%) of dynamic memory, leaving 29736 bytes for local variables. Maximum is 32768 bytes.
</pre>
					
					<h4>examples/FoxHunt</h4>
					<p>
						Result: <b>PASS</b>
					</p>
					<pre class="pre-scrollable">Sketch uses 18488 bytes (7%) of program storage space. Maximum is 262144 bytes.
Global variables use 3060 bytes (9%) of dynamic memory, leaving 29708 bytes for local variables. Maximum is 32768 bytes.
</pre>
					
					<h4>examples/HandyTalkie</h4>
					<p>
						Result: <b>PASS</b>
					</p>
					<pre class="pre-scrollable">Sketch uses 17236 bytes (6%) of program storage space. Maximum is 262144 bytes.
Global variables use 3028 bytes (9%) of dynamic memory, leaving 29740 bytes for local variables. Maximum is 32768 bytes.
</pre>
					
					<h4>examples/HandyTalkie_nRF52840</h4>
					<p>
						Result: <b>FAIL</b>
					</p>
					<pre class="pre-scrollable">/home/ec2-user/arduino-testlib/cli-datadir/user/libraries/HamShield/examples/HandyTalkie_nRF52840/HandyTalkie_nRF52840.ino:37:10: fatal error: bluefruit.h: No such file or directory
 #include &lt;bluefruit.h&gt;
          ^~~~~~~~~~~~~
compilation terminated.

</pre>
					
					<h4>examples/KISS</h4>
					<p>
						Result: <b>FAIL</b>
					</p>
					<pre class="pre-scrollable">/home/ec2-user/arduino-testlib/cli-datadir/user/libraries/HamShield/examples/KISS/KISS.ino:31:10: fatal error: avr/wdt.h: No such file or directory
 #include &lt;avr/wdt.h&gt;
          ^~~~~~~~~~~
compilation terminated.

</pre>
					
					<h4>examples/Morse</h4>
					<p>
						Result: <b>PASS</b>
					</p>
					<pre class="pre-scrollable">Sketch uses 33780 bytes (12%) of program storage space. Maximum is 262144 bytes.
Global variables use 3052 bytes (9%) of dynamic memory, leaving 29716 bytes for local variables. Maximum is 32768 bytes.
</pre>
					
					<h4>examples/SSTV</h4>
					<p>
						Result: <b>PASS</b>
					</p>
					<pre class="pre-scrollable">Sketch uses 16900 bytes (6%) of program storage space. Maximum is 262144 bytes.
Global variables use 3016 bytes (9%) of dynamic memory, leaving 29752 bytes for local variables. Maximum is 32768 bytes.
</pre>
					
					<h4>examples/SSTV_M1_Static</h4>
					<p>
						Result: <b>FAIL</b>
					</p>
					<pre class="pre-scrollable">WARNING: library DDS claims to run on avr architecture(s) and may be incompatible with your current board which runs on samd architecture(s).
/home/ec2-user/arduino-testlib/cli-datadir/user/libraries/HamShield/examples/SSTV_M1_Static/SSTV_M1_Static.ino:160:5: error: expected constructor, destructor, or type conversion before &#39;(&#39; token
 ISR(ADC_vect) {
     ^
/home/ec2-user/arduino-testlib/cli-datadir/user/libraries/HamShield/examples/SSTV_M1_Static/SSTV_M1_Static.ino: In function &#39;void loop()&#39;:
/home/ec2-user/arduino-testlib/cli-datadir/user/libraries/HamShield/examples/SSTV_M1_Static/SSTV_M1_Static.ino:108:16: error: &#39;PORTD&#39; was not declared in this scope
 #define DON()  PORTD |= _BV(2);
                ^
/home/ec2-user/arduino-testlib/cli-datadir/user/libraries/HamShield/examples/SSTV_M1_Static/SSTV_M1_Static.ino:127:5: note: in expansion of macro &#39;DON&#39;
     DON();
     ^~~
/home/ec2-user/arduino-testlib/cli-datadir/user/libraries/HamShield/examples/SSTV_M1_Static/SSTV_M1_Static.ino:108:16: note: suggested alternative: &#39;PORTC&#39;
 #define DON()  PORTD |= _BV(2);
                ^
/home/ec2-user/arduino-testlib/cli-datadir/user/libraries/HamShield/examples/SSTV_M1_Static/SSTV_M1_Static.ino:127:5: note: in expansion of macro &#39;DON&#39;
     DON();
     ^~~
/home/ec2-user/arduino-testlib/cli-datadir/user/libraries/HamShield/examples/SSTV_M1_Static/SSTV_M1_Static.ino:108:25: error: &#39;_BV&#39; was not declared in this scope
 #define DON()  PORTD |= _BV(2);
                         ^
/home/ec2-user/arduino-testlib/cli-datadir/user/libraries/HamShield/examples/SSTV_M1_Static/SSTV_M1_Static.ino:127:5: note: in expansion of macro &#39;DON&#39;
     DON();
     ^~~
/home/ec2-user/arduino-testlib/cli-datadir/user/libraries/HamShield/examples/SSTV_M1_Static/SSTV_M1_Static.ino:108:25: note: suggested alternative: &#39;_B&#39;
 #define DON()  PORTD |= _BV(2);
                         ^
/home/ec2-user/arduino-testlib/cli-datadir/user/libraries/HamShield/examples/SSTV_M1_Static/SSTV_M1_Static.ino:127:5: note: in expansion of macro &#39;DON&#39;
     DON();
     ^~~
/home/ec2-user/arduino-testlib/cli-datadir/user/libraries/HamShield/examples/SSTV_M1_Static/SSTV_M1_Static.ino: At global scope:
/home/ec2-user/arduino-testlib/cli-datadir/user/libraries/HamShield/examples/SSTV_M1_Static/SSTV_M1_Static.ino:160:4: error: expected constructor, destructor, or type conversion before &#39;(&#39; token
 ISR(ADC_vect) {
    ^

</pre>
					
					<h4>examples/SerialTransceiver</h4>
					<p>
						Result: <b>PASS</b>
					</p>
					<pre class="pre-scrollable">Sketch uses 45876 bytes (17%) of program storage space. Maximum is 262144 bytes.
Global variables use 3544 bytes (10%) of dynamic memory, leaving 29224 bytes for local variables. Maximum is 32768 bytes.
</pre>
					
					<h4>examples/SerialTransceiver_nRF52840</h4>
					<p>
						Result: <b>FAIL</b>
					</p>
					<pre class="pre-scrollable">/home/ec2-user/arduino-testlib/cli-datadir/user/libraries/HamShield/examples/SerialTransceiver_nRF52840/SerialTransceiver_nRF52840.ino:78:10: fatal error: bluefruit.h: No such file or directory
 #include &lt;bluefruit.h&gt;
          ^~~~~~~~~~~~~
compilation terminated.

</pre>
					
					<h4>examples/SignalTest</h4>
					<p>
						Result: <b>FAIL</b>
					</p>
					<pre class="pre-scrollable">/home/ec2-user/arduino-testlib/cli-datadir/user/libraries/PCM/PCM.c:30:10: fatal error: avr/io.h: No such file or directory
 #include &lt;avr/io.h&gt;
          ^~~~~~~~~~
compilation terminated.

</pre>
					
					<h4>examples/SpeechTX</h4>
					<p>
						Result: <b>FAIL</b>
					</p>
					<pre class="pre-scrollable">/home/ec2-user/arduino-testlib/cli-datadir/user/libraries/HamShield/examples/SpeechTX/SpeechTX.ino:24:10: fatal error: talkie.h: No such file or directory
 #include &#34;talkie.h&#34;
          ^~~~~~~~~~
compilation terminated.

</pre>
					
				
				<h3 id="esp32:esp32:d1_mini32">esp32:esp32:d1_mini32 @ 1.0.6</h3>
				<h4>Inclusion</h4>
				<p>
					Result: <b>FAIL</b>
					
				</p>
				<pre class="pre-scrollable">In file included from /home/ec2-user/arduino-testlib/cli-datadir/user/libraries/HamShield/src/HamShield.h:11:0,
                 from /tmp/arduino-testlib350386880/test/test.ino:1:
/home/ec2-user/arduino-testlib/cli-datadir/user/libraries/HamShield/src/HamShield_comms.h:11:13: error: &#39;A1&#39; was not declared in this scope
 #define nCS A1 //15 //
             ^
/home/ec2-user/arduino-testlib/cli-datadir/user/libraries/HamShield/src/HamShield.h:237:31: note: in expansion of macro &#39;nCS&#39;
   HamShield(uint8_t ncs_pin = nCS, uint8_t clk_pin = CLK, uint8_t dat_pin = DAT, uint8_t mic_pin = MIC);
                               ^

</pre>

					
					<h4>examples/AFSK_SerialMessenger</h4>
					<p>
						Result: <b>FAIL</b>
					</p>
					<pre class="pre-scrollable">In file included from /home/ec2-user/arduino-testlib/cli-datadir/user/libraries/HamShield/examples/AFSK_SerialMessenger/AFSK_SerialMessenger.ino:21:0:
/home/ec2-user/arduino-testlib/cli-datadir/user/libraries/DDS/src/DDS.h:5:26: fatal error: avr/pgmspace.h: No such file or directory
compilation terminated.

</pre>
					
					<h4>examples/APRS_Beacon</h4>
					<p>
						Result: <b>FAIL</b>
					</p>
					<pre class="pre-scrollable"></pre>
					
					<h4>examples/AppSerialController</h4>
					<p>
						Result: <b>FAIL</b>
					</p>
					<pre class="pre-scrollable">In file included from /home/ec2-user/arduino-testlib/cli-datadir/user/libraries/HamShield/src/HamShield.h:11:0,
                 from /home/ec2-user/arduino-testlib/cli-datadir/user/libraries/HamShield/examples/AppSerialController/AppSerialController.ino:6:
/home/ec2-user/arduino-testlib/cli-datadir/user/libraries/HamShield/src/HamShield_comms.h:11:13: error: &#39;A1&#39; was not declared in this scope
 #define nCS A1 //15 //
             ^
/home/ec2-user/arduino-testlib/cli-datadir/user/libraries/HamShield/src/HamShield.h:237:31: note: in expansion of macro &#39;nCS&#39;
   HamShield(uint8_t ncs_pin = nCS, uint8_t clk_pin = CLK, uint8_t dat_pin = DAT, uint8_t mic_pin = MIC);
                               ^
/home/ec2-user/arduino-testlib/cli-datadir/user/libraries/HamShield/examples/AppSerialController/AppSerialController.ino:12:11: error: call to &#39;HamShield::HamShield(uint8_t, uint8_t, uint8_t, uint8_t)&#39; uses the default argument for parameter 1, which is not yet defined
 HamShield radio;
           ^
/home/ec2-user/arduino-testlib/cli-datadir/user/libraries/HamShield/examples/AppSerialController/AppSerialController.ino: In function &#39;void program_pl_tx()&#39;:
/home/ec2-user/arduino-testlib/cli-datadir/user/libraries/HamShield/examples/AppSerialController/AppSerialController.ino:102:33: error: invalid conversion from &#39;uint8_t* {aka unsigned char*}&#39; to &#39;const char*&#39; [-fpermissive]
   long pl_tx = atof(pl_tx_buffer);
                                 ^
In file included from /home/ec2-user/arduino-testlib/cli-datadir/data/packages/esp32/hardware/esp32/1.0.6/cores/esp32/Arduino.h:39:0,
                 from /tmp/arduino-sketch-E471E452A19527E35FFA7662DEFAD656/sketch/AppSerialController.ino.cpp:1:
/home/ec2-user/arduino-testlib/cli-datadir/data/packages/esp32/hardware/esp32/1.0.6/cores/esp32/stdlib_noniso.h:32:8: note:   initializing argument 1 of &#39;double atof(const char*)&#39;
 double atof(const char* s);
        ^
/home/ec2-user/arduino-testlib/cli-datadir/user/libraries/HamShield/examples/AppSerialController/AppSerialController.ino: In function &#39;void program_pl_rx()&#39;:
/home/ec2-user/arduino-testlib/cli-datadir/user/libraries/HamShield/examples/AppSerialController/AppSerialController.ino:129:33: error: invalid conversion from &#39;uint8_t* {aka unsigned char*}&#39; to &#39;const char*&#39; [-fpermissive]
   long pl_rx = atof(pl_rx_buffer);
                                 ^
In file included from /home/ec2-user/arduino-testlib/cli-datadir/data/packages/esp32/hardware/esp32/1.0.6/cores/esp32/Arduino.h:39:0,
                 from /tmp/arduino-sketch-E471E452A19527E35FFA7662DEFAD656/sketch/AppSerialController.ino.cpp:1:
/home/ec2-user/arduino-testlib/cli-datadir/data/packages/esp32/hardware/esp32/1.0.6/cores/esp32/stdlib_noniso.h:32:8: note:   initializing argument 1 of &#39;double atof(const char*)&#39;
 double atof(const char* s);
        ^
/home/ec2-user/arduino-testlib/cli-datadir/user/libraries/HamShield/examples/AppSerialController/AppSerialController.ino: In function &#39;void program_frequency()&#39;:
/home/ec2-user/arduino-testlib/cli-datadir/user/libraries/HamShield/examples/AppSerialController/AppSerialController.ino:159:31: error: invalid conversion from &#39;uint8_t* {aka unsigned char*}&#39; to &#39;const char*&#39; [-fpermissive]
   long freq = atol(freq_buffer);
                               ^
In file included from /home/ec2-user/arduino-testlib/cli-datadir/data/packages/esp32/hardware/esp32/1.0.6/cores/esp32/Arduino.h:39:0,
                 from /tmp/arduino-sketch-E471E452A19527E35FFA7662DEFAD656/sketch/AppSerialController.ino.cpp:1:
/home/ec2-user/arduino-testlib/cli-datadir/data/packages/esp32/hardware/esp32/1.0.6/cores/esp32/stdlib_noniso.h:30:6: note:   initializing argument 1 of &#39;long int atol(const char*)&#39;
 long atol(const char* s);
      ^

</pre>
					
					<h4>examples/CTCSS</h4>
					<p>
						Result: <b>FAIL</b>
					</p>
					<pre class="pre-scrollable">In file included from /home/ec2-user/arduino-testlib/cli-datadir/user/libraries/HamShield/src/HamShield.h:11:0,
                 from /home/ec2-user/arduino-testlib/cli-datadir/user/libraries/HamShield/examples/CTCSS/CTCSS.ino:24:
/home/ec2-user/arduino-testlib/cli-datadir/user/libraries/HamShield/src/HamShield_comms.h:11:13: error: &#39;A1&#39; was not declared in this scope
 #define nCS A1 //15 //
             ^
/home/ec2-user/arduino-testlib/cli-datadir/user/libraries/HamShield/src/HamShield.h:237:31: note: in expansion of macro &#39;nCS&#39;
   HamShield(uint8_t ncs_pin = nCS, uint8_t clk_pin = CLK, uint8_t dat_pin = DAT, uint8_t mic_pin = MIC);
                               ^
/home/ec2-user/arduino-testlib/cli-datadir/user/libraries/HamShield/examples/CTCSS/CTCSS.ino:27:11: error: call to &#39;HamShield::HamShield(uint8_t, uint8_t, uint8_t, uint8_t)&#39; uses the default argument for parameter 1, which is not yet defined
 HamShield radio;
           ^

</pre>
					
					<h4>examples/DDS</h4>
					<p>
						Result: <b>FAIL</b>
					</p>
					<pre class="pre-scrollable">In file included from /home/ec2-user/arduino-testlib/cli-datadir/user/libraries/HamShield/examples/DDS/DDS.ino:15:0:
/home/ec2-user/arduino-testlib/cli-datadir/user/libraries/DDS/src/DDS.h:5:26: fatal error: avr/pgmspace.h: No such file or directory
compilation terminated.

</pre>
					
					<h4>examples/DTMF</h4>
					<p>
						Result: <b>FAIL</b>
					</p>
					<pre class="pre-scrollable">In file included from /home/ec2-user/arduino-testlib/cli-datadir/user/libraries/HamShield/src/HamShield.h:11:0,
                 from /home/ec2-user/arduino-testlib/cli-datadir/user/libraries/HamShield/examples/DTMF/DTMF.ino:16:
/home/ec2-user/arduino-testlib/cli-datadir/user/libraries/HamShield/src/HamShield_comms.h:11:13: error: &#39;A1&#39; was not declared in this scope
 #define nCS A1 //15 //
             ^
/home/ec2-user/arduino-testlib/cli-datadir/user/libraries/HamShield/src/HamShield.h:237:31: note: in expansion of macro &#39;nCS&#39;
   HamShield(uint8_t ncs_pin = nCS, uint8_t clk_pin = CLK, uint8_t dat_pin = DAT, uint8_t mic_pin = MIC);
                               ^
/home/ec2-user/arduino-testlib/cli-datadir/user/libraries/HamShield/examples/DTMF/DTMF.ino:19:11: error: call to &#39;HamShield::HamShield(uint8_t, uint8_t, uint8_t, uint8_t)&#39; uses the default argument for parameter 1, which is not yet defined
 HamShield radio;
           ^

</pre>
					
					<h4>examples/FMBeacon</h4>
					<p>
						Result: <b>FAIL</b>
					</p>
					<pre class="pre-scrollable">In file included from /home/ec2-user/arduino-testlib/cli-datadir/user/libraries/HamShield/src/HamShield.h:11:0,
                 from /home/ec2-user/arduino-testlib/cli-datadir/user/libraries/HamShield/examples/FMBeacon/FMBeacon.ino:17:
/home/ec2-user/arduino-testlib/cli-datadir/user/libraries/HamShield/src/HamShield_comms.h:11:13: error: &#39;A1&#39; was not declared in this scope
 #define nCS A1 //15 //
             ^
/home/ec2-user/arduino-testlib/cli-datadir/user/libraries/HamShield/src/HamShield.h:237:31: note: in expansion of macro &#39;nCS&#39;
   HamShield(uint8_t ncs_pin = nCS, uint8_t clk_pin = CLK, uint8_t dat_pin = DAT, uint8_t mic_pin = MIC);
                               ^
/home/ec2-user/arduino-testlib/cli-datadir/user/libraries/HamShield/examples/FMBeacon/FMBeacon.ino:23:11: error: call to &#39;HamShield::HamShield(uint8_t, uint8_t, uint8_t, uint8_t)&#39; uses the default argument for parameter 1, which is not yet defined
 HamShield radio;
           ^

</pre>
					
					<h4>examples/FoxHunt</h4>
					<p>
						Result: <b>FAIL</b>
					</p>
					<pre class="pre-scrollable">In file included from /home/ec2-user/arduino-testlib/cli-datadir/user/libraries/HamShield/src/HamShield.h:11:0,
                 from /home/ec2-user/arduino-testlib/cli-datadir/user/libraries/HamShield/examples/FoxHunt/FoxHunt.ino:16:
/home/ec2-user/arduino-testlib/cli-datadir/user/libraries/HamShield/src/HamShield_comms.h:11:13: error: &#39;A1&#39; was not declared in this scope
 #define nCS A1 //15 //
             ^
/home/ec2-user/arduino-testlib/cli-datadir/user/libraries/HamShield/src/HamShield.h:237:31: note: in expansion of macro &#39;nCS&#39;
   HamShield(uint8_t ncs_pin = nCS, uint8_t clk_pin = CLK, uint8_t dat_pin = DAT, uint8_t mic_pin = MIC);
                               ^
/home/ec2-user/arduino-testlib/cli-datadir/user/libraries/HamShield/examples/FoxHunt/FoxHunt.ino:28:11: error: call to &#39;HamShield::HamShield(uint8_t, uint8_t, uint8_t, uint8_t)&#39; uses the default argument for parameter 1, which is not yet defined
 HamShield radio;
           ^
/home/ec2-user/arduino-testlib/cli-datadir/user/libraries/HamShield/examples/FoxHunt/FoxHunt.ino: In function &#39;void loop()&#39;:
/home/ec2-user/arduino-testlib/cli-datadir/user/libraries/HamShield/examples/FoxHunt/FoxHunt.ino:83:38: error: &#39;tone&#39; was not declared in this scope
     tone(MIC_PIN, 600, TRANSMITLENGTH);
                                      ^

</pre>
					
					<h4>examples/HandyTalkie</h4>
					<p>
						Result: <b>FAIL</b>
					</p>
					<pre class="pre-scrollable">In file included from /home/ec2-user/arduino-testlib/cli-datadir/user/libraries/HamShield/src/HamShield.h:11:0,
                 from /home/ec2-user/arduino-testlib/cli-datadir/user/libraries/HamShield/examples/HandyTalkie/HandyTalkie.ino:19:
/home/ec2-user/arduino-testlib/cli-datadir/user/libraries/HamShield/src/HamShield_comms.h:11:13: error: &#39;A1&#39; was not declared in this scope
 #define nCS A1 //15 //
             ^
/home/ec2-user/arduino-testlib/cli-datadir/user/libraries/HamShield/src/HamShield.h:237:31: note: in expansion of macro &#39;nCS&#39;
   HamShield(uint8_t ncs_pin = nCS, uint8_t clk_pin = CLK, uint8_t dat_pin = DAT, uint8_t mic_pin = MIC);
                               ^
/home/ec2-user/arduino-testlib/cli-datadir/user/libraries/HamShield/examples/HandyTalkie/HandyTalkie.ino:22:11: error: call to &#39;HamShield::HamShield(uint8_t, uint8_t, uint8_t, uint8_t)&#39; uses the default argument for parameter 1, which is not yet defined
 HamShield radio;
           ^

</pre>
					
					<h4>examples/HandyTalkie_nRF52840</h4>
					<p>
						Result: <b>FAIL</b>
					</p>
					<pre class="pre-scrollable">/home/ec2-user/arduino-testlib/cli-datadir/user/libraries/HamShield/examples/HandyTalkie_nRF52840/HandyTalkie_nRF52840.ino:37:23: fatal error: bluefruit.h: No such file or directory
 #include &lt;bluefruit.h&gt;
                       ^
compilation terminated.

</pre>
					
					<h4>examples/KISS</h4>
					<p>
						Result: <b>FAIL</b>
					</p>
					<pre class="pre-scrollable">In file included from /home/ec2-user/arduino-testlib/cli-datadir/user/libraries/HamShield_KISS/src/packet.h:6:0,
                 from /home/ec2-user/arduino-testlib/cli-datadir/user/libraries/HamShield_KISS/src/KISS.h:5,
                 from /home/ec2-user/arduino-testlib/cli-datadir/user/libraries/HamShield/examples/KISS/KISS.ino:28:
/home/ec2-user/arduino-testlib/cli-datadir/user/libraries/DDS/src/DDS.h:5:26: fatal error: avr/pgmspace.h: No such file or directory
compilation terminated.

</pre>
					
					<h4>examples/Morse</h4>
					<p>
						Result: <b>FAIL</b>
					</p>
					<pre class="pre-scrollable">In file included from /home/ec2-user/arduino-testlib/cli-datadir/user/libraries/HamShield/src/HamShield.h:11:0,
                 from /home/ec2-user/arduino-testlib/cli-datadir/user/libraries/HamShield/examples/Morse/Morse.ino:28:
/home/ec2-user/arduino-testlib/cli-datadir/user/libraries/HamShield/src/HamShield_comms.h:11:13: error: &#39;A1&#39; was not declared in this scope
 #define nCS A1 //15 //
             ^
/home/ec2-user/arduino-testlib/cli-datadir/user/libraries/HamShield/src/HamShield.h:237:31: note: in expansion of macro &#39;nCS&#39;
   HamShield(uint8_t ncs_pin = nCS, uint8_t clk_pin = CLK, uint8_t dat_pin = DAT, uint8_t mic_pin = MIC);
                               ^
/home/ec2-user/arduino-testlib/cli-datadir/user/libraries/HamShield/examples/Morse/Morse.ino:40:11: error: call to &#39;HamShield::HamShield(uint8_t, uint8_t, uint8_t, uint8_t)&#39; uses the default argument for parameter 1, which is not yet defined
 HamShield radio;
           ^

</pre>
					
					<h4>examples/SSTV</h4>
					<p>
						Result: <b>FAIL</b>
					</p>
					<pre class="pre-scrollable">In file included from /home/ec2-user/arduino-testlib/cli-datadir/user/libraries/HamShield/src/HamShield.h:11:0,
                 from /home/ec2-user/arduino-testlib/cli-datadir/user/libraries/HamShield/examples/SSTV/SSTV.ino:22:
/home/ec2-user/arduino-testlib/cli-datadir/user/libraries/HamShield/src/HamShield_comms.h:11:13: error: &#39;A1&#39; was not declared in this scope
 #define nCS A1 //15 //
             ^
/home/ec2-user/arduino-testlib/cli-datadir/user/libraries/HamShield/src/HamShield.h:237:31: note: in expansion of macro &#39;nCS&#39;
   HamShield(uint8_t ncs_pin = nCS, uint8_t clk_pin = CLK, uint8_t dat_pin = DAT, uint8_t mic_pin = MIC);
                               ^
/home/ec2-user/arduino-testlib/cli-datadir/user/libraries/HamShield/examples/SSTV/SSTV.ino:24:11: error: call to &#39;HamShield::HamShield(uint8_t, uint8_t, uint8_t, uint8_t)&#39; uses the default argument for parameter 1, which is not yet defined
 HamShield radio;
           ^

</pre>
					
					<h4>examples/SSTV_M1_Static</h4>
					<p>
						Result: <b>FAIL</b>
					</p>
					<pre class="pre-scrollable">In file included from /home/ec2-user/arduino-testlib/cli-datadir/user/libraries/HamShield/examples/SSTV_M1_Static/SSTV_M1_Static.ino:17:0:
/home/ec2-user/arduino-testlib/cli-datadir/user/libraries/DDS/src/DDS.h:5:26: fatal error: avr/pgmspace.h: No such file or directory
compilation terminated.

</pre>
					
					<h4>examples/SerialTransceiver</h4>
					<p>
						Result: <b>FAIL</b>
					</p>
					<pre class="pre-scrollable">In file included from /home/ec2-user/arduino-testlib/cli-datadir/user/libraries/HamShield/src/HamShield.h:11:0,
                 from /home/ec2-user/arduino-testlib/cli-datadir/user/libraries/HamShield/examples/SerialTransceiver/SerialTransceiver.ino:67:
/home/ec2-user/arduino-testlib/cli-datadir/user/libraries/HamShield/src/HamShield_comms.h:11:13: error: &#39;A1&#39; was not declared in this scope
 #define nCS A1 //15 //
             ^
/home/ec2-user/arduino-testlib/cli-datadir/user/libraries/HamShield/src/HamShield.h:237:31: note: in expansion of macro &#39;nCS&#39;
   HamShield(uint8_t ncs_pin = nCS, uint8_t clk_pin = CLK, uint8_t dat_pin = DAT, uint8_t mic_pin = MIC);
                               ^
/home/ec2-user/arduino-testlib/cli-datadir/user/libraries/HamShield/examples/SerialTransceiver/SerialTransceiver.ino:73:7: error: &#39;TX&#39; redeclared as different kind of symbol
 enum {TX, NORMAL, DTMF, MORSE, KISS};
       ^
In file included from /home/ec2-user/arduino-testlib/cli-datadir/data/packages/esp32/hardware/esp32/1.0.6/variants/d1_mini32/pins_arduino.h:5:0,
                 from /home/ec2-user/arduino-testlib/cli-datadir/data/packages/esp32/hardware/esp32/1.0.6/cores/esp32/Arduino.h:185,
                 from /tmp/arduino-sketch-BB1C832B834CBB68633D7242045F49B9/sketch/SerialTransceiver.ino.cpp:1:
/home/ec2-user/arduino-testlib/cli-datadir/data/packages/esp32/hardware/esp32/1.0.6/variants/d1_mini32/../d32/d32_core.h:12:22: note: previous declaration &#39;const uint8_t TX&#39;
 static const uint8_t TX = 1;
                      ^
/home/ec2-user/arduino-testlib/cli-datadir/user/libraries/HamShield/examples/SerialTransceiver/SerialTransceiver.ino:99:11: error: call to &#39;HamShield::HamShield(uint8_t, uint8_t, uint8_t, uint8_t)&#39; uses the default argument for parameter 1, which is not yet defined
 HamShield radio;
           ^
/home/ec2-user/arduino-testlib/cli-datadir/user/libraries/HamShield/examples/SerialTransceiver/SerialTransceiver.ino: In function &#39;void loop()&#39;:
/home/ec2-user/arduino-testlib/cli-datadir/user/libraries/HamShield/examples/SerialTransceiver/SerialTransceiver.ino:149:7: error: duplicate case value
       case NORMAL:
       ^
/home/ec2-user/arduino-testlib/cli-datadir/user/libraries/HamShield/examples/SerialTransceiver/SerialTransceiver.ino:143:7: error: previously used here
       case TX:
       ^
/home/ec2-user/arduino-testlib/cli-datadir/user/libraries/HamShield/examples/SerialTransceiver/SerialTransceiver.ino:363:5: error: duplicate case value
     case NORMAL:
     ^
/home/ec2-user/arduino-testlib/cli-datadir/user/libraries/HamShield/examples/SerialTransceiver/SerialTransceiver.ino:349:5: error: previously used here
     case TX:
     ^

</pre>
					
					<h4>examples/SerialTransceiver_nRF52840</h4>
					<p>
						Result: <b>FAIL</b>
					</p>
					<pre class="pre-scrollable">/home/ec2-user/arduino-testlib/cli-datadir/user/libraries/HamShield/examples/SerialTransceiver_nRF52840/SerialTransceiver_nRF52840.ino:78:23: fatal error: bluefruit.h: No such file or directory
compilation terminated.

</pre>
					
					<h4>examples/SignalTest</h4>
					<p>
						Result: <b>FAIL</b>
					</p>
					<pre class="pre-scrollable">In file included from /home/ec2-user/arduino-testlib/cli-datadir/user/libraries/HamShield/examples/SignalTest/SignalTest.ino:26:0:
/home/ec2-user/arduino-testlib/cli-datadir/user/libraries/PCM/PCM.h:52:26: fatal error: avr/pgmspace.h: No such file or directory
compilation terminated.

</pre>
					
					<h4>examples/SpeechTX</h4>
					<p>
						Result: <b>FAIL</b>
					</p>
					<pre class="pre-scrollable">/home/ec2-user/arduino-testlib/cli-datadir/user/libraries/HamShield/examples/SpeechTX/SpeechTX.ino:24:20: fatal error: talkie.h: No such file or directory
compilation terminated.

</pre>
					
				
			</div>
		</div>
	</div>
  </body>
</html>
