
<!doctype html>
<html lang="en">
  <head>
    <meta charset="utf-8">
    <meta name="viewport" content="width=device-width, initial-scale=1">
    <link href="https://cdn.jsdelivr.net/npm/bootstrap@5.0.2/dist/css/bootstrap.min.css" rel="stylesheet" integrity="sha384-EVSTQN3/azprG1Anm3QDgpJLIm9Nao0Yz1ztcQTwFspd3yD65VohhpuuCOmLASjC" crossorigin="anonymous">
    <title>arduino-testlib report</title>
	<style>
	.pass { background-color: #00FF00 !important; }
	.fail { background-color: #FF0000 !important; }
	</style>
  </head>
  <body>
	<div class="container">
		<div class="row">
			<div class="col">
				<h1>HomeDing - compatibility matrix</h1>
				<p>
					<small>This report was generated on Monday, 21-Feb-22 12:00:25 CET using 
					<a href="https://github.com/alranel/arduino-testlib">arduino-testlib</a>.</small>
				</p>

				<h2>HomeDing</h2>
				<p>
					Version: <b>0.7.2</b>
					<br />
					<a href="https://www.arduino.cc/reference/en/libraries/homeding/">More details</a>
				</p>

				<h2>Compatibility matrix</h2>
				<table class="table table-bordered">
					<tr>
						<th>Board</th>
						<th>Claims compatibility</th>
						<th>Inclusion</th>
						
						<th><pre>DevDing</pre></th>
						
						<th><pre>RFBridge</pre></th>
						
						<th><pre>WordClock</pre></th>
						
						<th><pre>minimal</pre></th>
						
						<th><pre>standard</pre></th>
						
					</tr>
					
					<tr>
						<td>
							<a href="#arduino%3aavr%3auno"><b>arduino:avr:uno</b></a>
							<br />
							<small>1.8.4</small>
						</td>

						
						
						
						
							<td>No</td>
							<td class="fail">FAIL</td>
						

						
							
								
									
										
											
											<td class="fail">FAIL</td>
										
									
										
									
										
									
										
									
										
									
								
							
								
							
								
							
								
							
								
							
						
							
								
									
										
									
										
											
											<td class="fail">FAIL</td>
										
									
										
									
										
									
										
									
								
							
								
							
								
							
								
							
								
							
						
							
								
									
										
									
										
									
										
											
											<td class="fail">FAIL</td>
										
									
										
									
										
									
								
							
								
							
								
							
								
							
								
							
						
							
								
									
										
									
										
									
										
									
										
											
											<td class="fail">FAIL</td>
										
									
										
									
								
							
								
							
								
							
								
							
								
							
						
							
								
									
										
									
										
									
										
									
										
									
										
											
											<td class="fail">FAIL</td>
										
									
								
							
								
							
								
							
								
							
								
							
						
					</tr>
					
					<tr>
						<td>
							<a href="#arduino%3ambed_nano%3ananorp2040connect"><b>arduino:mbed_nano:nanorp2040connect</b></a>
							<br />
							<small>2.7.2</small>
						</td>

						
						
						
						
							<td>No</td>
							<td class="fail">FAIL</td>
						

						
							
								
							
								
									
										
											
											<td class="fail">FAIL</td>
										
									
										
									
										
									
										
									
										
									
								
							
								
							
								
							
								
							
						
							
								
							
								
									
										
									
										
											
											<td class="fail">FAIL</td>
										
									
										
									
										
									
										
									
								
							
								
							
								
							
								
							
						
							
								
							
								
									
										
									
										
									
										
											
											<td class="fail">FAIL</td>
										
									
										
									
										
									
								
							
								
							
								
							
								
							
						
							
								
							
								
									
										
									
										
									
										
									
										
											
											<td class="fail">FAIL</td>
										
									
										
									
								
							
								
							
								
							
								
							
						
							
								
							
								
									
										
									
										
									
										
									
										
									
										
											
											<td class="fail">FAIL</td>
										
									
								
							
								
							
								
							
								
							
						
					</tr>
					
					<tr>
						<td>
							<a href="#arduino%3amegaavr%3anona4809"><b>arduino:megaavr:nona4809</b></a>
							<br />
							<small>1.8.7</small>
						</td>

						
						
						
						
							<td>No</td>
							<td class="fail">FAIL</td>
						

						
							
								
							
								
							
								
									
										
											
											<td class="fail">FAIL</td>
										
									
										
									
										
									
										
									
										
									
								
							
								
							
								
							
						
							
								
							
								
							
								
									
										
									
										
											
											<td class="fail">FAIL</td>
										
									
										
									
										
									
										
									
								
							
								
							
								
							
						
							
								
							
								
							
								
									
										
									
										
									
										
											
											<td class="fail">FAIL</td>
										
									
										
									
										
									
								
							
								
							
								
							
						
							
								
							
								
							
								
									
										
									
										
									
										
									
										
											
											<td class="fail">FAIL</td>
										
									
										
									
								
							
								
							
								
							
						
							
								
							
								
							
								
									
										
									
										
									
										
									
										
									
										
											
											<td class="fail">FAIL</td>
										
									
								
							
								
							
								
							
						
					</tr>
					
					<tr>
						<td>
							<a href="#arduino%3asamd%3amkrwifi1010"><b>arduino:samd:mkrwifi1010</b></a>
							<br />
							<small>1.8.12</small>
						</td>

						
						
						
						
							<td>No</td>
							<td class="fail">FAIL</td>
						

						
							
								
							
								
							
								
							
								
									
										
											
											<td class="fail">FAIL</td>
										
									
										
									
										
									
										
									
										
									
								
							
								
							
						
							
								
							
								
							
								
							
								
									
										
									
										
											
											<td class="fail">FAIL</td>
										
									
										
									
										
									
										
									
								
							
								
							
						
							
								
							
								
							
								
							
								
									
										
									
										
									
										
											
											<td class="fail">FAIL</td>
										
									
										
									
										
									
								
							
								
							
						
							
								
							
								
							
								
							
								
									
										
									
										
									
										
									
										
											
											<td class="fail">FAIL</td>
										
									
										
									
								
							
								
							
						
							
								
							
								
							
								
							
								
									
										
									
										
									
										
									
										
									
										
											
											<td class="fail">FAIL</td>
										
									
								
							
								
							
						
					</tr>
					
					<tr>
						<td>
							<a href="#esp32%3aesp32%3ad1_mini32"><b>esp32:esp32:d1_mini32</b></a>
							<br />
							<small>1.0.6</small>
						</td>

						
						
						
							<td>Yes ⚠️</td>
							<td class="fail">FAIL</td>
						
						

						
							
								
							
								
							
								
							
								
							
								
									
										
											
											<td class="fail">FAIL</td>
										
									
										
									
										
									
										
									
										
									
								
							
						
							
								
							
								
							
								
							
								
							
								
									
										
									
										
											
											<td class="fail">FAIL</td>
										
									
										
									
										
									
										
									
								
							
						
							
								
							
								
							
								
							
								
							
								
									
										
									
										
									
										
											
											<td class="fail">FAIL</td>
										
									
										
									
										
									
								
							
						
							
								
							
								
							
								
							
								
							
								
									
										
									
										
									
										
									
										
											
											<td class="fail">FAIL</td>
										
									
										
									
								
							
						
							
								
							
								
							
								
							
								
							
								
									
										
									
										
									
										
									
										
									
										
											
											<td class="fail">FAIL</td>
										
									
								
							
						
					</tr>
					
				</table>

				<h2>Compilation logs</h2>
				
				<h3 id="arduino:avr:uno">arduino:avr:uno @ 1.8.4</h3>
				<h4>Inclusion</h4>
				<p>
					Result: <b>FAIL</b>
					
				</p>
				<pre class="pre-scrollable">In file included from /home/ec2-user/arduino-testlib/cli-datadir/user/libraries/HomeDing/src/core/Logger.h:77:0,
                 from /home/ec2-user/arduino-testlib/cli-datadir/user/libraries/HomeDing/src/Board.h:67,
                 from /home/ec2-user/arduino-testlib/cli-datadir/user/libraries/HomeDing/src/HomeDing.h:8,
                 from /tmp/arduino-testlib4267681481/test/test.ino:1:
/home/ec2-user/arduino-testlib/cli-datadir/user/libraries/HomeDing/src/Element.h:21:10: fatal error: cstdarg: No such file or directory
 #include &lt;cstdarg&gt;
          ^~~~~~~~~
compilation terminated.
Multiple libraries were found for &#34;WiFiClient.h&#34;
  Used: /home/ec2-user/arduino-testlib/cli-datadir/user/libraries/WiFi_Link
  Not used: /home/ec2-user/arduino-testlib/cli-datadir/user/libraries/WiFiEspAT
  Not used: /home/ec2-user/arduino-testlib/cli-datadir/user/libraries/WiFi101
  Not used: /home/ec2-user/arduino-testlib/cli-datadir/user/libraries/WiFi
  Not used: /home/ec2-user/arduino-testlib/cli-datadir/user/libraries/WiFiNINA
  Not used: /home/ec2-user/arduino-testlib/cli-datadir/user/libraries/Seeed_Arduino_rpcWiFi
</pre>

					
					<h4>examples/DevDing</h4>
					<p>
						Result: <b>FAIL</b>
					</p>
					<pre class="pre-scrollable">In file included from /home/ec2-user/arduino-testlib/cli-datadir/user/libraries/HomeDing/src/core/Logger.h:77:0,
                 from /home/ec2-user/arduino-testlib/cli-datadir/user/libraries/HomeDing/src/Board.h:67,
                 from /home/ec2-user/arduino-testlib/cli-datadir/user/libraries/HomeDing/src/HomeDing.h:8,
                 from /home/ec2-user/arduino-testlib/cli-datadir/user/libraries/HomeDing/examples/DevDing/DevDing.ino:73:
/home/ec2-user/arduino-testlib/cli-datadir/user/libraries/HomeDing/src/Element.h:21:10: fatal error: cstdarg: No such file or directory
 #include &lt;cstdarg&gt;
          ^~~~~~~~~
compilation terminated.
Multiple libraries were found for &#34;WiFiClient.h&#34;
  Used: /home/ec2-user/arduino-testlib/cli-datadir/user/libraries/WiFi_Link
  Not used: /home/ec2-user/arduino-testlib/cli-datadir/user/libraries/WiFiNINA
  Not used: /home/ec2-user/arduino-testlib/cli-datadir/user/libraries/Seeed_Arduino_rpcWiFi
  Not used: /home/ec2-user/arduino-testlib/cli-datadir/user/libraries/WiFi
  Not used: /home/ec2-user/arduino-testlib/cli-datadir/user/libraries/WiFiEspAT
  Not used: /home/ec2-user/arduino-testlib/cli-datadir/user/libraries/WiFi101
</pre>
					
					<h4>examples/RFBridge</h4>
					<p>
						Result: <b>FAIL</b>
					</p>
					<pre class="pre-scrollable">In file included from /home/ec2-user/arduino-testlib/cli-datadir/user/libraries/HomeDing/src/core/Logger.h:77:0,
                 from /home/ec2-user/arduino-testlib/cli-datadir/user/libraries/HomeDing/src/Board.h:67,
                 from /home/ec2-user/arduino-testlib/cli-datadir/user/libraries/HomeDing/src/HomeDing.h:8,
                 from /home/ec2-user/arduino-testlib/cli-datadir/user/libraries/HomeDing/examples/RFBridge/RFBridge.ino:37:
/home/ec2-user/arduino-testlib/cli-datadir/user/libraries/HomeDing/src/Element.h:21:10: fatal error: cstdarg: No such file or directory
 #include &lt;cstdarg&gt;
          ^~~~~~~~~
compilation terminated.
Multiple libraries were found for &#34;WiFiClient.h&#34;
  Used: /home/ec2-user/arduino-testlib/cli-datadir/user/libraries/WiFi_Link
  Not used: /home/ec2-user/arduino-testlib/cli-datadir/user/libraries/WiFi
  Not used: /home/ec2-user/arduino-testlib/cli-datadir/user/libraries/WiFiNINA
  Not used: /home/ec2-user/arduino-testlib/cli-datadir/user/libraries/WiFi101
  Not used: /home/ec2-user/arduino-testlib/cli-datadir/user/libraries/WiFiEspAT
  Not used: /home/ec2-user/arduino-testlib/cli-datadir/user/libraries/Seeed_Arduino_rpcWiFi
</pre>
					
					<h4>examples/WordClock</h4>
					<p>
						Result: <b>FAIL</b>
					</p>
					<pre class="pre-scrollable">In file included from /home/ec2-user/arduino-testlib/cli-datadir/user/libraries/HomeDing/src/core/Logger.h:77:0,
                 from /home/ec2-user/arduino-testlib/cli-datadir/user/libraries/HomeDing/src/Board.h:67,
                 from /home/ec2-user/arduino-testlib/cli-datadir/user/libraries/HomeDing/src/HomeDing.h:8,
                 from /home/ec2-user/arduino-testlib/cli-datadir/user/libraries/HomeDing/examples/WordClock/WordClock.ino:41:
/home/ec2-user/arduino-testlib/cli-datadir/user/libraries/HomeDing/src/Element.h:21:10: fatal error: cstdarg: No such file or directory
 #include &lt;cstdarg&gt;
          ^~~~~~~~~
compilation terminated.
Multiple libraries were found for &#34;WiFiClient.h&#34;
  Used: /home/ec2-user/arduino-testlib/cli-datadir/user/libraries/WiFi_Link
  Not used: /home/ec2-user/arduino-testlib/cli-datadir/user/libraries/Seeed_Arduino_rpcWiFi
  Not used: /home/ec2-user/arduino-testlib/cli-datadir/user/libraries/WiFi
  Not used: /home/ec2-user/arduino-testlib/cli-datadir/user/libraries/WiFiNINA
  Not used: /home/ec2-user/arduino-testlib/cli-datadir/user/libraries/WiFi101
  Not used: /home/ec2-user/arduino-testlib/cli-datadir/user/libraries/WiFiEspAT
</pre>
					
					<h4>examples/minimal</h4>
					<p>
						Result: <b>FAIL</b>
					</p>
					<pre class="pre-scrollable"></pre>
					
					<h4>examples/standard</h4>
					<p>
						Result: <b>FAIL</b>
					</p>
					<pre class="pre-scrollable"></pre>
					
				
				<h3 id="arduino:mbed_nano:nanorp2040connect">arduino:mbed_nano:nanorp2040connect @ 2.7.2</h3>
				<h4>Inclusion</h4>
				<p>
					Result: <b>FAIL</b>
					
				</p>
				<pre class="pre-scrollable">In file included from /tmp/arduino-testlib1113177692/test/test.ino:1:0:
/home/ec2-user/arduino-testlib/cli-datadir/user/libraries/HomeDing/src/HomeDing.h:87:10: fatal error: core/logger.h: No such file or directory
 #include &lt;core/logger.h&gt;
          ^~~~~~~~~~~~~~~
compilation terminated.
Multiple libraries were found for &#34;WiFiClient.h&#34;
  Used: /home/ec2-user/arduino-testlib/cli-datadir/user/libraries/WiFi_Link
  Not used: /home/ec2-user/arduino-testlib/cli-datadir/user/libraries/WiFi101
  Not used: /home/ec2-user/arduino-testlib/cli-datadir/user/libraries/Seeed_Arduino_rpcWiFi
  Not used: /home/ec2-user/arduino-testlib/cli-datadir/user/libraries/WiFiEspAT
  Not used: /home/ec2-user/arduino-testlib/cli-datadir/user/libraries/WiFi
  Not used: /home/ec2-user/arduino-testlib/cli-datadir/user/libraries/WiFiNINA
</pre>

					
					<h4>examples/DevDing</h4>
					<p>
						Result: <b>FAIL</b>
					</p>
					<pre class="pre-scrollable">In file included from /home/ec2-user/arduino-testlib/cli-datadir/user/libraries/HomeDing/examples/DevDing/DevDing.ino:73:0:
/home/ec2-user/arduino-testlib/cli-datadir/user/libraries/HomeDing/src/HomeDing.h:87:10: fatal error: core/logger.h: No such file or directory
 #include &lt;core/logger.h&gt;
          ^~~~~~~~~~~~~~~
compilation terminated.
Multiple libraries were found for &#34;WiFiClient.h&#34;
  Used: /home/ec2-user/arduino-testlib/cli-datadir/user/libraries/WiFi_Link
  Not used: /home/ec2-user/arduino-testlib/cli-datadir/user/libraries/WiFi101
  Not used: /home/ec2-user/arduino-testlib/cli-datadir/user/libraries/WiFiNINA
  Not used: /home/ec2-user/arduino-testlib/cli-datadir/user/libraries/Seeed_Arduino_rpcWiFi
  Not used: /home/ec2-user/arduino-testlib/cli-datadir/user/libraries/WiFiEspAT
  Not used: /home/ec2-user/arduino-testlib/cli-datadir/user/libraries/WiFi
</pre>
					
					<h4>examples/RFBridge</h4>
					<p>
						Result: <b>FAIL</b>
					</p>
					<pre class="pre-scrollable">In file included from /home/ec2-user/arduino-testlib/cli-datadir/user/libraries/HomeDing/examples/RFBridge/RFBridge.ino:37:0:
/home/ec2-user/arduino-testlib/cli-datadir/user/libraries/HomeDing/src/HomeDing.h:87:10: fatal error: core/logger.h: No such file or directory
 #include &lt;core/logger.h&gt;
          ^~~~~~~~~~~~~~~
compilation terminated.
Multiple libraries were found for &#34;WiFiClient.h&#34;
  Used: /home/ec2-user/arduino-testlib/cli-datadir/user/libraries/WiFiEspAT
  Not used: /home/ec2-user/arduino-testlib/cli-datadir/user/libraries/Seeed_Arduino_rpcWiFi
  Not used: /home/ec2-user/arduino-testlib/cli-datadir/user/libraries/WiFiNINA
  Not used: /home/ec2-user/arduino-testlib/cli-datadir/user/libraries/WiFi101
  Not used: /home/ec2-user/arduino-testlib/cli-datadir/user/libraries/WiFi
  Not used: /home/ec2-user/arduino-testlib/cli-datadir/user/libraries/WiFi_Link
</pre>
					
					<h4>examples/WordClock</h4>
					<p>
						Result: <b>FAIL</b>
					</p>
					<pre class="pre-scrollable">In file included from /home/ec2-user/arduino-testlib/cli-datadir/user/libraries/HomeDing/examples/WordClock/WordClock.ino:41:0:
/home/ec2-user/arduino-testlib/cli-datadir/user/libraries/HomeDing/src/HomeDing.h:87:10: fatal error: core/logger.h: No such file or directory
 #include &lt;core/logger.h&gt;
          ^~~~~~~~~~~~~~~
compilation terminated.
Multiple libraries were found for &#34;WiFiClient.h&#34;
  Used: /home/ec2-user/arduino-testlib/cli-datadir/user/libraries/WiFi_Link
  Not used: /home/ec2-user/arduino-testlib/cli-datadir/user/libraries/WiFi
  Not used: /home/ec2-user/arduino-testlib/cli-datadir/user/libraries/WiFiNINA
  Not used: /home/ec2-user/arduino-testlib/cli-datadir/user/libraries/WiFiEspAT
  Not used: /home/ec2-user/arduino-testlib/cli-datadir/user/libraries/Seeed_Arduino_rpcWiFi
  Not used: /home/ec2-user/arduino-testlib/cli-datadir/user/libraries/WiFi101
</pre>
					
					<h4>examples/minimal</h4>
					<p>
						Result: <b>FAIL</b>
					</p>
					<pre class="pre-scrollable"></pre>
					
					<h4>examples/standard</h4>
					<p>
						Result: <b>FAIL</b>
					</p>
					<pre class="pre-scrollable"></pre>
					
				
				<h3 id="arduino:megaavr:nona4809">arduino:megaavr:nona4809 @ 1.8.7</h3>
				<h4>Inclusion</h4>
				<p>
					Result: <b>FAIL</b>
					
				</p>
				<pre class="pre-scrollable">In file included from /home/ec2-user/arduino-testlib/cli-datadir/user/libraries/HomeDing/src/core/Logger.h:77:0,
                 from /home/ec2-user/arduino-testlib/cli-datadir/user/libraries/HomeDing/src/Board.h:67,
                 from /home/ec2-user/arduino-testlib/cli-datadir/user/libraries/HomeDing/src/HomeDing.h:8,
                 from /tmp/arduino-testlib1113177692/test/test.ino:1:
/home/ec2-user/arduino-testlib/cli-datadir/user/libraries/HomeDing/src/Element.h:21:10: fatal error: cstdarg: No such file or directory
 #include &lt;cstdarg&gt;
          ^~~~~~~~~
compilation terminated.
Multiple libraries were found for &#34;WiFiClient.h&#34;
  Used: /home/ec2-user/arduino-testlib/cli-datadir/user/libraries/WiFiEspAT
  Not used: /home/ec2-user/arduino-testlib/cli-datadir/user/libraries/WiFi
  Not used: /home/ec2-user/arduino-testlib/cli-datadir/user/libraries/WiFiNINA
  Not used: /home/ec2-user/arduino-testlib/cli-datadir/user/libraries/WiFi101
  Not used: /home/ec2-user/arduino-testlib/cli-datadir/user/libraries/Seeed_Arduino_rpcWiFi
  Not used: /home/ec2-user/arduino-testlib/cli-datadir/user/libraries/WiFi_Link
</pre>

					
					<h4>examples/DevDing</h4>
					<p>
						Result: <b>FAIL</b>
					</p>
					<pre class="pre-scrollable">In file included from /home/ec2-user/arduino-testlib/cli-datadir/user/libraries/HomeDing/src/core/Logger.h:77:0,
                 from /home/ec2-user/arduino-testlib/cli-datadir/user/libraries/HomeDing/src/Board.h:67,
                 from /home/ec2-user/arduino-testlib/cli-datadir/user/libraries/HomeDing/src/HomeDing.h:8,
                 from /home/ec2-user/arduino-testlib/cli-datadir/user/libraries/HomeDing/examples/DevDing/DevDing.ino:73:
/home/ec2-user/arduino-testlib/cli-datadir/user/libraries/HomeDing/src/Element.h:21:10: fatal error: cstdarg: No such file or directory
 #include &lt;cstdarg&gt;
          ^~~~~~~~~
compilation terminated.
Multiple libraries were found for &#34;WiFiClient.h&#34;
  Used: /home/ec2-user/arduino-testlib/cli-datadir/user/libraries/WiFiEspAT
  Not used: /home/ec2-user/arduino-testlib/cli-datadir/user/libraries/WiFi
  Not used: /home/ec2-user/arduino-testlib/cli-datadir/user/libraries/WiFiNINA
  Not used: /home/ec2-user/arduino-testlib/cli-datadir/user/libraries/Seeed_Arduino_rpcWiFi
  Not used: /home/ec2-user/arduino-testlib/cli-datadir/user/libraries/WiFi_Link
  Not used: /home/ec2-user/arduino-testlib/cli-datadir/user/libraries/WiFi101
</pre>
					
					<h4>examples/RFBridge</h4>
					<p>
						Result: <b>FAIL</b>
					</p>
					<pre class="pre-scrollable">In file included from /home/ec2-user/arduino-testlib/cli-datadir/user/libraries/HomeDing/src/core/Logger.h:77:0,
                 from /home/ec2-user/arduino-testlib/cli-datadir/user/libraries/HomeDing/src/Board.h:67,
                 from /home/ec2-user/arduino-testlib/cli-datadir/user/libraries/HomeDing/src/HomeDing.h:8,
                 from /home/ec2-user/arduino-testlib/cli-datadir/user/libraries/HomeDing/examples/RFBridge/RFBridge.ino:37:
/home/ec2-user/arduino-testlib/cli-datadir/user/libraries/HomeDing/src/Element.h:21:10: fatal error: cstdarg: No such file or directory
 #include &lt;cstdarg&gt;
          ^~~~~~~~~
compilation terminated.
Multiple libraries were found for &#34;WiFiClient.h&#34;
  Used: /home/ec2-user/arduino-testlib/cli-datadir/user/libraries/WiFiEspAT
  Not used: /home/ec2-user/arduino-testlib/cli-datadir/user/libraries/WiFi
  Not used: /home/ec2-user/arduino-testlib/cli-datadir/user/libraries/WiFi_Link
  Not used: /home/ec2-user/arduino-testlib/cli-datadir/user/libraries/Seeed_Arduino_rpcWiFi
  Not used: /home/ec2-user/arduino-testlib/cli-datadir/user/libraries/WiFiNINA
  Not used: /home/ec2-user/arduino-testlib/cli-datadir/user/libraries/WiFi101
</pre>
					
					<h4>examples/WordClock</h4>
					<p>
						Result: <b>FAIL</b>
					</p>
					<pre class="pre-scrollable">In file included from /home/ec2-user/arduino-testlib/cli-datadir/user/libraries/HomeDing/src/core/Logger.h:77:0,
                 from /home/ec2-user/arduino-testlib/cli-datadir/user/libraries/HomeDing/src/Board.h:67,
                 from /home/ec2-user/arduino-testlib/cli-datadir/user/libraries/HomeDing/src/HomeDing.h:8,
                 from /home/ec2-user/arduino-testlib/cli-datadir/user/libraries/HomeDing/examples/WordClock/WordClock.ino:41:
/home/ec2-user/arduino-testlib/cli-datadir/user/libraries/HomeDing/src/Element.h:21:10: fatal error: cstdarg: No such file or directory
 #include &lt;cstdarg&gt;
          ^~~~~~~~~
compilation terminated.
Multiple libraries were found for &#34;WiFiClient.h&#34;
  Used: /home/ec2-user/arduino-testlib/cli-datadir/user/libraries/WiFiEspAT
  Not used: /home/ec2-user/arduino-testlib/cli-datadir/user/libraries/WiFiNINA
  Not used: /home/ec2-user/arduino-testlib/cli-datadir/user/libraries/WiFi_Link
  Not used: /home/ec2-user/arduino-testlib/cli-datadir/user/libraries/WiFi101
  Not used: /home/ec2-user/arduino-testlib/cli-datadir/user/libraries/WiFi
  Not used: /home/ec2-user/arduino-testlib/cli-datadir/user/libraries/Seeed_Arduino_rpcWiFi
</pre>
					
					<h4>examples/minimal</h4>
					<p>
						Result: <b>FAIL</b>
					</p>
					<pre class="pre-scrollable"></pre>
					
					<h4>examples/standard</h4>
					<p>
						Result: <b>FAIL</b>
					</p>
					<pre class="pre-scrollable"></pre>
					
				
				<h3 id="arduino:samd:mkrwifi1010">arduino:samd:mkrwifi1010 @ 1.8.12</h3>
				<h4>Inclusion</h4>
				<p>
					Result: <b>FAIL</b>
					
				</p>
				<pre class="pre-scrollable">In file included from /tmp/arduino-testlib4267681481/test/test.ino:1:0:
/home/ec2-user/arduino-testlib/cli-datadir/user/libraries/HomeDing/src/HomeDing.h:87:10: fatal error: core/logger.h: No such file or directory
 #include &lt;core/logger.h&gt;
          ^~~~~~~~~~~~~~~
compilation terminated.
Multiple libraries were found for &#34;WiFiClient.h&#34;
  Used: /home/ec2-user/arduino-testlib/cli-datadir/user/libraries/WiFi_Link
  Not used: /home/ec2-user/arduino-testlib/cli-datadir/user/libraries/WiFi
  Not used: /home/ec2-user/arduino-testlib/cli-datadir/user/libraries/WiFiEspAT
  Not used: /home/ec2-user/arduino-testlib/cli-datadir/user/libraries/WiFi101
  Not used: /home/ec2-user/arduino-testlib/cli-datadir/user/libraries/Seeed_Arduino_rpcWiFi
  Not used: /home/ec2-user/arduino-testlib/cli-datadir/user/libraries/WiFiNINA
</pre>

					
					<h4>examples/DevDing</h4>
					<p>
						Result: <b>FAIL</b>
					</p>
					<pre class="pre-scrollable">In file included from /home/ec2-user/arduino-testlib/cli-datadir/user/libraries/HomeDing/examples/DevDing/DevDing.ino:73:0:
/home/ec2-user/arduino-testlib/cli-datadir/user/libraries/HomeDing/src/HomeDing.h:87:10: fatal error: core/logger.h: No such file or directory
 #include &lt;core/logger.h&gt;
          ^~~~~~~~~~~~~~~
compilation terminated.
Multiple libraries were found for &#34;WiFiClient.h&#34;
  Used: /home/ec2-user/arduino-testlib/cli-datadir/user/libraries/WiFi_Link
  Not used: /home/ec2-user/arduino-testlib/cli-datadir/user/libraries/Seeed_Arduino_rpcWiFi
  Not used: /home/ec2-user/arduino-testlib/cli-datadir/user/libraries/WiFiEspAT
  Not used: /home/ec2-user/arduino-testlib/cli-datadir/user/libraries/WiFiNINA
  Not used: /home/ec2-user/arduino-testlib/cli-datadir/user/libraries/WiFi
  Not used: /home/ec2-user/arduino-testlib/cli-datadir/user/libraries/WiFi101
</pre>
					
					<h4>examples/RFBridge</h4>
					<p>
						Result: <b>FAIL</b>
					</p>
					<pre class="pre-scrollable">In file included from /home/ec2-user/arduino-testlib/cli-datadir/user/libraries/HomeDing/examples/RFBridge/RFBridge.ino:37:0:
/home/ec2-user/arduino-testlib/cli-datadir/user/libraries/HomeDing/src/HomeDing.h:87:10: fatal error: core/logger.h: No such file or directory
 #include &lt;core/logger.h&gt;
          ^~~~~~~~~~~~~~~
compilation terminated.
Multiple libraries were found for &#34;WiFiClient.h&#34;
  Used: /home/ec2-user/arduino-testlib/cli-datadir/user/libraries/WiFiEspAT
  Not used: /home/ec2-user/arduino-testlib/cli-datadir/user/libraries/Seeed_Arduino_rpcWiFi
  Not used: /home/ec2-user/arduino-testlib/cli-datadir/user/libraries/WiFi101
  Not used: /home/ec2-user/arduino-testlib/cli-datadir/user/libraries/WiFi
  Not used: /home/ec2-user/arduino-testlib/cli-datadir/user/libraries/WiFiNINA
  Not used: /home/ec2-user/arduino-testlib/cli-datadir/user/libraries/WiFi_Link
</pre>
					
					<h4>examples/WordClock</h4>
					<p>
						Result: <b>FAIL</b>
					</p>
					<pre class="pre-scrollable">In file included from /home/ec2-user/arduino-testlib/cli-datadir/user/libraries/HomeDing/examples/WordClock/WordClock.ino:41:0:
/home/ec2-user/arduino-testlib/cli-datadir/user/libraries/HomeDing/src/HomeDing.h:87:10: fatal error: core/logger.h: No such file or directory
 #include &lt;core/logger.h&gt;
          ^~~~~~~~~~~~~~~
compilation terminated.
Multiple libraries were found for &#34;WiFiClient.h&#34;
  Used: /home/ec2-user/arduino-testlib/cli-datadir/user/libraries/WiFi_Link
  Not used: /home/ec2-user/arduino-testlib/cli-datadir/user/libraries/WiFi
  Not used: /home/ec2-user/arduino-testlib/cli-datadir/user/libraries/WiFi101
  Not used: /home/ec2-user/arduino-testlib/cli-datadir/user/libraries/WiFiEspAT
  Not used: /home/ec2-user/arduino-testlib/cli-datadir/user/libraries/Seeed_Arduino_rpcWiFi
  Not used: /home/ec2-user/arduino-testlib/cli-datadir/user/libraries/WiFiNINA
</pre>
					
					<h4>examples/minimal</h4>
					<p>
						Result: <b>FAIL</b>
					</p>
					<pre class="pre-scrollable"></pre>
					
					<h4>examples/standard</h4>
					<p>
						Result: <b>FAIL</b>
					</p>
					<pre class="pre-scrollable"></pre>
					
				
				<h3 id="esp32:esp32:d1_mini32">esp32:esp32:d1_mini32 @ 1.0.6</h3>
				<h4>Inclusion</h4>
				<p>
					Result: <b>FAIL</b>
					
				</p>
				<pre class="pre-scrollable">In file included from /tmp/arduino-testlib835231409/test/test.ino:1:0:
/home/ec2-user/arduino-testlib/cli-datadir/user/libraries/HomeDing/src/HomeDing.h:87:25: fatal error: core/logger.h: No such file or directory
 #include &lt;core/logger.h&gt;
                         ^
compilation terminated.
Multiple libraries were found for &#34;WebServer.h&#34;
  Used: /home/ec2-user/arduino-testlib/cli-datadir/data/packages/esp32/hardware/esp32/1.0.6/libraries/WebServer
  Not used: /home/ec2-user/arduino-testlib/cli-datadir/user/libraries/Seeed_Arduino_rpcWiFi
  Not used: /home/ec2-user/arduino-testlib/cli-datadir/user/libraries/ESPEssentials
Multiple libraries were found for &#34;WiFi.h&#34;
  Used: /home/ec2-user/arduino-testlib/cli-datadir/data/packages/esp32/hardware/esp32/1.0.6/libraries/WiFi
  Not used: /home/ec2-user/arduino-testlib/cli-datadir/user/libraries/Seeed_Arduino_rpcWiFi
  Not used: /home/ec2-user/arduino-testlib/cli-datadir/user/libraries/WiFiNINA
  Not used: /home/ec2-user/arduino-testlib/cli-datadir/user/libraries/WiFiEspAT
  Not used: /home/ec2-user/arduino-testlib/cli-datadir/user/libraries/WiFi
</pre>

					
					<h4>examples/DevDing</h4>
					<p>
						Result: <b>FAIL</b>
					</p>
					<pre class="pre-scrollable">In file included from /home/ec2-user/arduino-testlib/cli-datadir/user/libraries/HomeDing/examples/DevDing/DevDing.ino:73:0:
/home/ec2-user/arduino-testlib/cli-datadir/user/libraries/HomeDing/src/HomeDing.h:87:25: fatal error: core/logger.h: No such file or directory
 #include &lt;core/logger.h&gt;
                         ^
compilation terminated.
Multiple libraries were found for &#34;WiFi.h&#34;
  Used: /home/ec2-user/arduino-testlib/cli-datadir/data/packages/esp32/hardware/esp32/1.0.6/libraries/WiFi
  Not used: /home/ec2-user/arduino-testlib/cli-datadir/user/libraries/WiFiEspAT
  Not used: /home/ec2-user/arduino-testlib/cli-datadir/user/libraries/Seeed_Arduino_rpcWiFi
  Not used: /home/ec2-user/arduino-testlib/cli-datadir/user/libraries/WiFiNINA
  Not used: /home/ec2-user/arduino-testlib/cli-datadir/user/libraries/WiFi
Multiple libraries were found for &#34;WebServer.h&#34;
  Used: /home/ec2-user/arduino-testlib/cli-datadir/data/packages/esp32/hardware/esp32/1.0.6/libraries/WebServer
  Not used: /home/ec2-user/arduino-testlib/cli-datadir/user/libraries/Seeed_Arduino_rpcWiFi
  Not used: /home/ec2-user/arduino-testlib/cli-datadir/user/libraries/ESPEssentials
</pre>
					
					<h4>examples/RFBridge</h4>
					<p>
						Result: <b>FAIL</b>
					</p>
					<pre class="pre-scrollable">In file included from /home/ec2-user/arduino-testlib/cli-datadir/user/libraries/HomeDing/examples/RFBridge/RFBridge.ino:37:0:
/home/ec2-user/arduino-testlib/cli-datadir/user/libraries/HomeDing/src/HomeDing.h:87:25: fatal error: core/logger.h: No such file or directory
 #include &lt;core/logger.h&gt;
                         ^
compilation terminated.
Multiple libraries were found for &#34;WebServer.h&#34;
  Used: /home/ec2-user/arduino-testlib/cli-datadir/data/packages/esp32/hardware/esp32/1.0.6/libraries/WebServer
  Not used: /home/ec2-user/arduino-testlib/cli-datadir/user/libraries/ESPEssentials
  Not used: /home/ec2-user/arduino-testlib/cli-datadir/user/libraries/Seeed_Arduino_rpcWiFi
Multiple libraries were found for &#34;WiFi.h&#34;
  Used: /home/ec2-user/arduino-testlib/cli-datadir/data/packages/esp32/hardware/esp32/1.0.6/libraries/WiFi
  Not used: /home/ec2-user/arduino-testlib/cli-datadir/user/libraries/WiFiEspAT
  Not used: /home/ec2-user/arduino-testlib/cli-datadir/user/libraries/WiFiNINA
  Not used: /home/ec2-user/arduino-testlib/cli-datadir/user/libraries/WiFi
  Not used: /home/ec2-user/arduino-testlib/cli-datadir/user/libraries/Seeed_Arduino_rpcWiFi
</pre>
					
					<h4>examples/WordClock</h4>
					<p>
						Result: <b>FAIL</b>
					</p>
					<pre class="pre-scrollable">In file included from /home/ec2-user/arduino-testlib/cli-datadir/user/libraries/HomeDing/examples/WordClock/WordClock.ino:41:0:
/home/ec2-user/arduino-testlib/cli-datadir/user/libraries/HomeDing/src/HomeDing.h:87:25: fatal error: core/logger.h: No such file or directory
 #include &lt;core/logger.h&gt;
                         ^
compilation terminated.
Multiple libraries were found for &#34;WiFi.h&#34;
  Used: /home/ec2-user/arduino-testlib/cli-datadir/data/packages/esp32/hardware/esp32/1.0.6/libraries/WiFi
  Not used: /home/ec2-user/arduino-testlib/cli-datadir/user/libraries/Seeed_Arduino_rpcWiFi
  Not used: /home/ec2-user/arduino-testlib/cli-datadir/user/libraries/WiFi
  Not used: /home/ec2-user/arduino-testlib/cli-datadir/user/libraries/WiFiNINA
  Not used: /home/ec2-user/arduino-testlib/cli-datadir/user/libraries/WiFiEspAT
Multiple libraries were found for &#34;WebServer.h&#34;
  Used: /home/ec2-user/arduino-testlib/cli-datadir/data/packages/esp32/hardware/esp32/1.0.6/libraries/WebServer
  Not used: /home/ec2-user/arduino-testlib/cli-datadir/user/libraries/Seeed_Arduino_rpcWiFi
  Not used: /home/ec2-user/arduino-testlib/cli-datadir/user/libraries/ESPEssentials
</pre>
					
					<h4>examples/minimal</h4>
					<p>
						Result: <b>FAIL</b>
					</p>
					<pre class="pre-scrollable"></pre>
					
					<h4>examples/standard</h4>
					<p>
						Result: <b>FAIL</b>
					</p>
					<pre class="pre-scrollable"></pre>
					
				
			</div>
		</div>
	</div>
  </body>
</html>
