
<!doctype html>
<html lang="en">
  <head>
    <meta charset="utf-8">
    <meta name="viewport" content="width=device-width, initial-scale=1">
    <link href="https://cdn.jsdelivr.net/npm/bootstrap@5.0.2/dist/css/bootstrap.min.css" rel="stylesheet" integrity="sha384-EVSTQN3/azprG1Anm3QDgpJLIm9Nao0Yz1ztcQTwFspd3yD65VohhpuuCOmLASjC" crossorigin="anonymous">
    <title>arduino-testlib report</title>
	<style>
	.pass { background-color: #00FF00 !important; }
	.fail { background-color: #FF0000 !important; }
	</style>
  </head>
  <body>
	<div class="container">
		<div class="row">
			<div class="col">
				<h1>Ingenia Serial Servo Drive Library - compatibility matrix</h1>
				<p>
					<small>This report was generated on Monday, 21-Feb-22 12:00:25 CET using 
					<a href="https://github.com/alranel/arduino-testlib">arduino-testlib</a>.</small>
				</p>

				<h2>Ingenia Serial Servo Drive Library</h2>
				<p>
					Version: <b>1.1.1</b>
					<br />
					<a href="https://www.arduino.cc/reference/en/libraries/ingenia-serial-servo-drive-library/">More details</a>
				</p>

				<h2>Compatibility matrix</h2>
				<table class="table table-bordered">
					<tr>
						<th>Board</th>
						<th>Claims compatibility</th>
						<th>Inclusion</th>
						
						<th><pre>AdvancedComms</pre></th>
						
						<th><pre>BasicComms</pre></th>
						
						<th><pre>StatusWordTargetReach</pre></th>
						
					</tr>
					
					<tr>
						<td>
							<a href="#arduino%3aavr%3auno"><b>arduino:avr:uno</b></a>
							<br />
							<small>1.8.4</small>
						</td>

						
						
						
							<td>Yes ⚠️</td>
							<td class="fail">FAIL</td>
						
						

						
							
								
									
										
											
											<td class="fail">FAIL</td>
										
									
										
									
										
									
								
							
								
							
								
							
								
							
								
							
						
							
								
									
										
									
										
											
											<td class="fail">FAIL</td>
										
									
										
									
								
							
								
							
								
							
								
							
								
							
						
							
								
									
										
									
										
									
										
											
											<td class="fail">FAIL</td>
										
									
								
							
								
							
								
							
								
							
								
							
						
					</tr>
					
					<tr>
						<td>
							<a href="#arduino%3ambed_nano%3ananorp2040connect"><b>arduino:mbed_nano:nanorp2040connect</b></a>
							<br />
							<small>2.7.2</small>
						</td>

						
						
						
							<td>Yes ⚠️</td>
							<td class="fail">FAIL</td>
						
						

						
							
								
							
								
									
										
											<td class="pass">PASS</td>
											
										
									
										
									
										
									
								
							
								
							
								
							
								
							
						
							
								
							
								
									
										
									
										
											<td class="pass">PASS</td>
											
										
									
										
									
								
							
								
							
								
							
								
							
						
							
								
							
								
									
										
									
										
									
										
											<td class="pass">PASS</td>
											
										
									
								
							
								
							
								
							
								
							
						
					</tr>
					
					<tr>
						<td>
							<a href="#arduino%3amegaavr%3anona4809"><b>arduino:megaavr:nona4809</b></a>
							<br />
							<small>1.8.7</small>
						</td>

						
						
						
							<td>Yes ⚠️</td>
							<td class="fail">FAIL</td>
						
						

						
							
								
							
								
							
								
									
										
											<td class="pass">PASS</td>
											
										
									
										
									
										
									
								
							
								
							
								
							
						
							
								
							
								
							
								
									
										
									
										
											<td class="pass">PASS</td>
											
										
									
										
									
								
							
								
							
								
							
						
							
								
							
								
							
								
									
										
									
										
									
										
											<td class="pass">PASS</td>
											
										
									
								
							
								
							
								
							
						
					</tr>
					
					<tr>
						<td>
							<a href="#arduino%3asamd%3amkrwifi1010"><b>arduino:samd:mkrwifi1010</b></a>
							<br />
							<small>1.8.12</small>
						</td>

						
						
						
							<td>Yes ⚠️</td>
							<td class="fail">FAIL</td>
						
						

						
							
								
							
								
							
								
							
								
									
										
											<td class="pass">PASS</td>
											
										
									
										
									
										
									
								
							
								
							
						
							
								
							
								
							
								
							
								
									
										
									
										
											<td class="pass">PASS</td>
											
										
									
										
									
								
							
								
							
						
							
								
							
								
							
								
							
								
									
										
									
										
									
										
											<td class="pass">PASS</td>
											
										
									
								
							
								
							
						
					</tr>
					
					<tr>
						<td>
							<a href="#esp32%3aesp32%3ad1_mini32"><b>esp32:esp32:d1_mini32</b></a>
							<br />
							<small>1.0.6</small>
						</td>

						
						
						
							<td>Yes ⚠️</td>
							<td class="fail">FAIL</td>
						
						

						
							
								
							
								
							
								
							
								
							
								
									
										
											
											<td class="fail">FAIL</td>
										
									
										
									
										
									
								
							
						
							
								
							
								
							
								
							
								
							
								
									
										
									
										
											<td class="pass">PASS</td>
											
										
									
										
									
								
							
						
							
								
							
								
							
								
							
								
							
								
									
										
									
										
									
										
											<td class="pass">PASS</td>
											
										
									
								
							
						
					</tr>
					
				</table>

				<h2>Compilation logs</h2>
				
				<h3 id="arduino:avr:uno">arduino:avr:uno @ 1.8.4</h3>
				<h4>Inclusion</h4>
				<p>
					Result: <b>FAIL</b>
					
					<br />This library has no main header file so an empty one was created.
					
				</p>
				<pre class="pre-scrollable">/tmp/arduino-testlib2705756202/test/test.ino:1:10: fatal error: Ingenia_Serial_Servo_Drive_Library.h: No such file or directory
 #include &lt;Ingenia_Serial_Servo_Drive_Library.h&gt;
          ^~~~~~~~~~~~~~~~~~~~~~~~~~~~~~~~~~~~~~
compilation terminated.

</pre>

					
					<h4>examples/AdvancedComms</h4>
					<p>
						Result: <b>FAIL</b>
					</p>
					<pre class="pre-scrollable">/home/ec2-user/arduino-testlib/cli-datadir/user/libraries/Ingenia_Serial_Servo_Drive_Library/examples/AdvancedComms/AdvancedComms.ino:4:33: error: &#39;Serial1&#39; was not declared in this scope
 Ingenia_SerialServoDrive servo(&amp;Serial1);
                                 ^~~~~~~
/home/ec2-user/arduino-testlib/cli-datadir/user/libraries/Ingenia_Serial_Servo_Drive_Library/examples/AdvancedComms/AdvancedComms.ino:4:33: note: suggested alternative: &#39;Serial&#39;
 Ingenia_SerialServoDrive servo(&amp;Serial1);
                                 ^~~~~~~
                                 Serial
/home/ec2-user/arduino-testlib/cli-datadir/user/libraries/Ingenia_Serial_Servo_Drive_Library/examples/AdvancedComms/AdvancedComms.ino: In function &#39;void setup()&#39;:
/home/ec2-user/arduino-testlib/cli-datadir/user/libraries/Ingenia_Serial_Servo_Drive_Library/examples/AdvancedComms/AdvancedComms.ino:10:3: error: &#39;Serial1&#39; was not declared in this scope
   Serial1.begin(115200);
   ^~~~~~~
/home/ec2-user/arduino-testlib/cli-datadir/user/libraries/Ingenia_Serial_Servo_Drive_Library/examples/AdvancedComms/AdvancedComms.ino:10:3: note: suggested alternative: &#39;Serial&#39;
   Serial1.begin(115200);
   ^~~~~~~
   Serial

</pre>
					
					<h4>examples/BasicComms</h4>
					<p>
						Result: <b>FAIL</b>
					</p>
					<pre class="pre-scrollable">/home/ec2-user/arduino-testlib/cli-datadir/user/libraries/Ingenia_Serial_Servo_Drive_Library/examples/BasicComms/BasicComms.ino:4:33: error: &#39;Serial1&#39; was not declared in this scope
 Ingenia_SerialServoDrive servo(&amp;Serial1);
                                 ^~~~~~~
/home/ec2-user/arduino-testlib/cli-datadir/user/libraries/Ingenia_Serial_Servo_Drive_Library/examples/BasicComms/BasicComms.ino:4:33: note: suggested alternative: &#39;Serial&#39;
 Ingenia_SerialServoDrive servo(&amp;Serial1);
                                 ^~~~~~~
                                 Serial
/home/ec2-user/arduino-testlib/cli-datadir/user/libraries/Ingenia_Serial_Servo_Drive_Library/examples/BasicComms/BasicComms.ino: In function &#39;void setup()&#39;:
/home/ec2-user/arduino-testlib/cli-datadir/user/libraries/Ingenia_Serial_Servo_Drive_Library/examples/BasicComms/BasicComms.ino:7:3: error: &#39;Serial1&#39; was not declared in this scope
   Serial1.begin(115200);
   ^~~~~~~
/home/ec2-user/arduino-testlib/cli-datadir/user/libraries/Ingenia_Serial_Servo_Drive_Library/examples/BasicComms/BasicComms.ino:7:3: note: suggested alternative: &#39;Serial&#39;
   Serial1.begin(115200);
   ^~~~~~~
   Serial

</pre>
					
					<h4>examples/StatusWordTargetReach</h4>
					<p>
						Result: <b>FAIL</b>
					</p>
					<pre class="pre-scrollable">/home/ec2-user/arduino-testlib/cli-datadir/user/libraries/Ingenia_Serial_Servo_Drive_Library/examples/StatusWordTargetReach/StatusWordTargetReach.ino:4:33: error: &#39;Serial1&#39; was not declared in this scope
 Ingenia_SerialServoDrive servo(&amp;Serial1);
                                 ^~~~~~~
/home/ec2-user/arduino-testlib/cli-datadir/user/libraries/Ingenia_Serial_Servo_Drive_Library/examples/StatusWordTargetReach/StatusWordTargetReach.ino:4:33: note: suggested alternative: &#39;Serial&#39;
 Ingenia_SerialServoDrive servo(&amp;Serial1);
                                 ^~~~~~~
                                 Serial
/home/ec2-user/arduino-testlib/cli-datadir/user/libraries/Ingenia_Serial_Servo_Drive_Library/examples/StatusWordTargetReach/StatusWordTargetReach.ino: In function &#39;void setup()&#39;:
/home/ec2-user/arduino-testlib/cli-datadir/user/libraries/Ingenia_Serial_Servo_Drive_Library/examples/StatusWordTargetReach/StatusWordTargetReach.ino:10:3: error: &#39;Serial1&#39; was not declared in this scope
   Serial1.begin(115200);
   ^~~~~~~
/home/ec2-user/arduino-testlib/cli-datadir/user/libraries/Ingenia_Serial_Servo_Drive_Library/examples/StatusWordTargetReach/StatusWordTargetReach.ino:10:3: note: suggested alternative: &#39;Serial&#39;
   Serial1.begin(115200);
   ^~~~~~~
   Serial

</pre>
					
				
				<h3 id="arduino:mbed_nano:nanorp2040connect">arduino:mbed_nano:nanorp2040connect @ 2.7.2</h3>
				<h4>Inclusion</h4>
				<p>
					Result: <b>FAIL</b>
					
					<br />This library has no main header file so an empty one was created.
					
				</p>
				<pre class="pre-scrollable">/tmp/arduino-testlib2330463171/test/test.ino:1:10: fatal error: Ingenia_Serial_Servo_Drive_Library.h: No such file or directory
 #include &lt;Ingenia_Serial_Servo_Drive_Library.h&gt;
          ^~~~~~~~~~~~~~~~~~~~~~~~~~~~~~~~~~~~~~
compilation terminated.

</pre>

					
					<h4>examples/AdvancedComms</h4>
					<p>
						Result: <b>PASS</b>
					</p>
					<pre class="pre-scrollable">Sketch uses 79570 bytes (0%) of program storage space. Maximum is 16777216 bytes.
Global variables use 43496 bytes (16%) of dynamic memory, leaving 226840 bytes for local variables. Maximum is 270336 bytes.
</pre>
					
					<h4>examples/BasicComms</h4>
					<p>
						Result: <b>PASS</b>
					</p>
					<pre class="pre-scrollable">Sketch uses 82118 bytes (0%) of program storage space. Maximum is 16777216 bytes.
Global variables use 43496 bytes (16%) of dynamic memory, leaving 226840 bytes for local variables. Maximum is 270336 bytes.
</pre>
					
					<h4>examples/StatusWordTargetReach</h4>
					<p>
						Result: <b>PASS</b>
					</p>
					<pre class="pre-scrollable">Sketch uses 82182 bytes (0%) of program storage space. Maximum is 16777216 bytes.
Global variables use 43496 bytes (16%) of dynamic memory, leaving 226840 bytes for local variables. Maximum is 270336 bytes.
</pre>
					
				
				<h3 id="arduino:megaavr:nona4809">arduino:megaavr:nona4809 @ 1.8.7</h3>
				<h4>Inclusion</h4>
				<p>
					Result: <b>FAIL</b>
					
					<br />This library has no main header file so an empty one was created.
					
				</p>
				<pre class="pre-scrollable">/tmp/arduino-testlib2330463171/test/test.ino:1:10: fatal error: Ingenia_Serial_Servo_Drive_Library.h: No such file or directory
 #include &lt;Ingenia_Serial_Servo_Drive_Library.h&gt;
          ^~~~~~~~~~~~~~~~~~~~~~~~~~~~~~~~~~~~~~
compilation terminated.

</pre>

					
					<h4>examples/AdvancedComms</h4>
					<p>
						Result: <b>PASS</b>
					</p>
					<pre class="pre-scrollable">Sketch uses 5489 bytes (11%) of program storage space. Maximum is 49152 bytes.
Global variables use 232 bytes (3%) of dynamic memory, leaving 5912 bytes for local variables. Maximum is 6144 bytes.
</pre>
					
					<h4>examples/BasicComms</h4>
					<p>
						Result: <b>PASS</b>
					</p>
					<pre class="pre-scrollable">Sketch uses 9268 bytes (18%) of program storage space. Maximum is 49152 bytes.
Global variables use 236 bytes (3%) of dynamic memory, leaving 5908 bytes for local variables. Maximum is 6144 bytes.
</pre>
					
					<h4>examples/StatusWordTargetReach</h4>
					<p>
						Result: <b>PASS</b>
					</p>
					<pre class="pre-scrollable">Sketch uses 9082 bytes (18%) of program storage space. Maximum is 49152 bytes.
Global variables use 238 bytes (3%) of dynamic memory, leaving 5906 bytes for local variables. Maximum is 6144 bytes.
</pre>
					
				
				<h3 id="arduino:samd:mkrwifi1010">arduino:samd:mkrwifi1010 @ 1.8.12</h3>
				<h4>Inclusion</h4>
				<p>
					Result: <b>FAIL</b>
					
					<br />This library has no main header file so an empty one was created.
					
				</p>
				<pre class="pre-scrollable">/tmp/arduino-testlib2705756202/test/test.ino:1:10: fatal error: Ingenia_Serial_Servo_Drive_Library.h: No such file or directory
 #include &lt;Ingenia_Serial_Servo_Drive_Library.h&gt;
          ^~~~~~~~~~~~~~~~~~~~~~~~~~~~~~~~~~~~~~
compilation terminated.

</pre>

					
					<h4>examples/AdvancedComms</h4>
					<p>
						Result: <b>PASS</b>
					</p>
					<pre class="pre-scrollable">Sketch uses 29756 bytes (11%) of program storage space. Maximum is 262144 bytes.
Global variables use 3412 bytes (10%) of dynamic memory, leaving 29356 bytes for local variables. Maximum is 32768 bytes.
</pre>
					
					<h4>examples/BasicComms</h4>
					<p>
						Result: <b>PASS</b>
					</p>
					<pre class="pre-scrollable">Sketch uses 32052 bytes (12%) of program storage space. Maximum is 262144 bytes.
Global variables use 3412 bytes (10%) of dynamic memory, leaving 29356 bytes for local variables. Maximum is 32768 bytes.
</pre>
					
					<h4>examples/StatusWordTargetReach</h4>
					<p>
						Result: <b>PASS</b>
					</p>
					<pre class="pre-scrollable">Sketch uses 32116 bytes (12%) of program storage space. Maximum is 262144 bytes.
Global variables use 3412 bytes (10%) of dynamic memory, leaving 29356 bytes for local variables. Maximum is 32768 bytes.
</pre>
					
				
				<h3 id="esp32:esp32:d1_mini32">esp32:esp32:d1_mini32 @ 1.0.6</h3>
				<h4>Inclusion</h4>
				<p>
					Result: <b>FAIL</b>
					
					<br />This library has no main header file so an empty one was created.
					
				</p>
				<pre class="pre-scrollable">/tmp/arduino-testlib2330463171/test/test.ino:1:48: fatal error: Ingenia_Serial_Servo_Drive_Library.h: No such file or directory
compilation terminated.

</pre>

					
					<h4>examples/AdvancedComms</h4>
					<p>
						Result: <b>FAIL</b>
					</p>
					<pre class="pre-scrollable">/home/ec2-user/arduino-testlib/cli-datadir/user/libraries/Ingenia_Serial_Servo_Drive_Library/examples/AdvancedComms/AdvancedComms.ino: In function &#39;void setup()&#39;:
/home/ec2-user/arduino-testlib/cli-datadir/user/libraries/Ingenia_Serial_Servo_Drive_Library/examples/AdvancedComms/AdvancedComms.ino:13:30: error: call of overloaded &#39;write(int, int, long int)&#39; is ambiguous
   servo.write(0x6060, 0x0, 1L);
                              ^
In file included from /home/ec2-user/arduino-testlib/cli-datadir/user/libraries/Ingenia_Serial_Servo_Drive_Library/examples/AdvancedComms/AdvancedComms.ino:1:0:
/home/ec2-user/arduino-testlib/cli-datadir/user/libraries/Ingenia_Serial_Servo_Drive_Library/Ingenia_SerialServoDrive.h:37:10: note: candidate: void Ingenia_SerialServoDrive::write(uint32_t, uint8_t, uint64_t)
     void write(uint32_t u32Index, uint8_t u8SubIndex, uint64_t value);
          ^
/home/ec2-user/arduino-testlib/cli-datadir/user/libraries/Ingenia_Serial_Servo_Drive_Library/Ingenia_SerialServoDrive.h:38:10: note: candidate: void Ingenia_SerialServoDrive::write(uint32_t, uint8_t, int64_t)
     void write(uint32_t u32Index, uint8_t u8SubIndex, int64_t value);
          ^
/home/ec2-user/arduino-testlib/cli-datadir/user/libraries/Ingenia_Serial_Servo_Drive_Library/Ingenia_SerialServoDrive.h:39:10: note: candidate: void Ingenia_SerialServoDrive::write(uint32_t, uint8_t, uint32_t)
     void write(uint32_t u32Index, uint8_t u8SubIndex, uint32_t value);
          ^
/home/ec2-user/arduino-testlib/cli-datadir/user/libraries/Ingenia_Serial_Servo_Drive_Library/Ingenia_SerialServoDrive.h:40:10: note: candidate: void Ingenia_SerialServoDrive::write(uint32_t, uint8_t, int32_t)
     void write(uint32_t u32Index, uint8_t u8SubIndex, int32_t value);
          ^
/home/ec2-user/arduino-testlib/cli-datadir/user/libraries/Ingenia_Serial_Servo_Drive_Library/Ingenia_SerialServoDrive.h:41:10: note: candidate: void Ingenia_SerialServoDrive::write(uint32_t, uint8_t, uint16_t)
     void write(uint32_t u32Index, uint8_t u8SubIndex, uint16_t value);
          ^
/home/ec2-user/arduino-testlib/cli-datadir/user/libraries/Ingenia_Serial_Servo_Drive_Library/Ingenia_SerialServoDrive.h:42:10: note: candidate: void Ingenia_SerialServoDrive::write(uint32_t, uint8_t, int16_t)
     void write(uint32_t u32Index, uint8_t u8SubIndex, int16_t value);
          ^
/home/ec2-user/arduino-testlib/cli-datadir/user/libraries/Ingenia_Serial_Servo_Drive_Library/Ingenia_SerialServoDrive.h:43:10: note: candidate: void Ingenia_SerialServoDrive::write(uint32_t, uint8_t, uint8_t)
     void write(uint32_t u32Index, uint8_t u8SubIndex, uint8_t value);
          ^
/home/ec2-user/arduino-testlib/cli-datadir/user/libraries/Ingenia_Serial_Servo_Drive_Library/Ingenia_SerialServoDrive.h:44:10: note: candidate: void Ingenia_SerialServoDrive::write(uint32_t, uint8_t, int8_t)
     void write(uint32_t u32Index, uint8_t u8SubIndex, int8_t value);
          ^
/home/ec2-user/arduino-testlib/cli-datadir/user/libraries/Ingenia_Serial_Servo_Drive_Library/examples/AdvancedComms/AdvancedComms.ino:17:30: error: call of overloaded &#39;write(int, int, long int)&#39; is ambiguous
   servo.write(0x6040, 0x0, 6L);
                              ^
In file included from /home/ec2-user/arduino-testlib/cli-datadir/user/libraries/Ingenia_Serial_Servo_Drive_Library/examples/AdvancedComms/AdvancedComms.ino:1:0:
/home/ec2-user/arduino-testlib/cli-datadir/user/libraries/Ingenia_Serial_Servo_Drive_Library/Ingenia_SerialServoDrive.h:37:10: note: candidate: void Ingenia_SerialServoDrive::write(uint32_t, uint8_t, uint64_t)
     void write(uint32_t u32Index, uint8_t u8SubIndex, uint64_t value);
          ^
/home/ec2-user/arduino-testlib/cli-datadir/user/libraries/Ingenia_Serial_Servo_Drive_Library/Ingenia_SerialServoDrive.h:38:10: note: candidate: void Ingenia_SerialServoDrive::write(uint32_t, uint8_t, int64_t)
     void write(uint32_t u32Index, uint8_t u8SubIndex, int64_t value);
          ^
/home/ec2-user/arduino-testlib/cli-datadir/user/libraries/Ingenia_Serial_Servo_Drive_Library/Ingenia_SerialServoDrive.h:39:10: note: candidate: void Ingenia_SerialServoDrive::write(uint32_t, uint8_t, uint32_t)
     void write(uint32_t u32Index, uint8_t u8SubIndex, uint32_t value);
          ^
/home/ec2-user/arduino-testlib/cli-datadir/user/libraries/Ingenia_Serial_Servo_Drive_Library/Ingenia_SerialServoDrive.h:40:10: note: candidate: void Ingenia_SerialServoDrive::write(uint32_t, uint8_t, int32_t)
     void write(uint32_t u32Index, uint8_t u8SubIndex, int32_t value);
          ^
/home/ec2-user/arduino-testlib/cli-datadir/user/libraries/Ingenia_Serial_Servo_Drive_Library/Ingenia_SerialServoDrive.h:41:10: note: candidate: void Ingenia_SerialServoDrive::write(uint32_t, uint8_t, uint16_t)
     void write(uint32_t u32Index, uint8_t u8SubIndex, uint16_t value);
          ^
/home/ec2-user/arduino-testlib/cli-datadir/user/libraries/Ingenia_Serial_Servo_Drive_Library/Ingenia_SerialServoDrive.h:42:10: note: candidate: void Ingenia_SerialServoDrive::write(uint32_t, uint8_t, int16_t)
     void write(uint32_t u32Index, uint8_t u8SubIndex, int16_t value);
          ^
/home/ec2-user/arduino-testlib/cli-datadir/user/libraries/Ingenia_Serial_Servo_Drive_Library/Ingenia_SerialServoDrive.h:43:10: note: candidate: void Ingenia_SerialServoDrive::write(uint32_t, uint8_t, uint8_t)
     void write(uint32_t u32Index, uint8_t u8SubIndex, uint8_t value);
          ^
/home/ec2-user/arduino-testlib/cli-datadir/user/libraries/Ingenia_Serial_Servo_Drive_Library/Ingenia_SerialServoDrive.h:44:10: note: candidate: void Ingenia_SerialServoDrive::write(uint32_t, uint8_t, int8_t)
     void write(uint32_t u32Index, uint8_t u8SubIndex, int8_t value);
          ^
/home/ec2-user/arduino-testlib/cli-datadir/user/libraries/Ingenia_Serial_Servo_Drive_Library/examples/AdvancedComms/AdvancedComms.ino:19:30: error: call of overloaded &#39;write(int, int, long int)&#39; is ambiguous
   servo.write(0x6040, 0x0, 7L);
                              ^
In file included from /home/ec2-user/arduino-testlib/cli-datadir/user/libraries/Ingenia_Serial_Servo_Drive_Library/examples/AdvancedComms/AdvancedComms.ino:1:0:
/home/ec2-user/arduino-testlib/cli-datadir/user/libraries/Ingenia_Serial_Servo_Drive_Library/Ingenia_SerialServoDrive.h:37:10: note: candidate: void Ingenia_SerialServoDrive::write(uint32_t, uint8_t, uint64_t)
     void write(uint32_t u32Index, uint8_t u8SubIndex, uint64_t value);
          ^
/home/ec2-user/arduino-testlib/cli-datadir/user/libraries/Ingenia_Serial_Servo_Drive_Library/Ingenia_SerialServoDrive.h:38:10: note: candidate: void Ingenia_SerialServoDrive::write(uint32_t, uint8_t, int64_t)
     void write(uint32_t u32Index, uint8_t u8SubIndex, int64_t value);
          ^
/home/ec2-user/arduino-testlib/cli-datadir/user/libraries/Ingenia_Serial_Servo_Drive_Library/Ingenia_SerialServoDrive.h:39:10: note: candidate: void Ingenia_SerialServoDrive::write(uint32_t, uint8_t, uint32_t)
     void write(uint32_t u32Index, uint8_t u8SubIndex, uint32_t value);
          ^
/home/ec2-user/arduino-testlib/cli-datadir/user/libraries/Ingenia_Serial_Servo_Drive_Library/Ingenia_SerialServoDrive.h:40:10: note: candidate: void Ingenia_SerialServoDrive::write(uint32_t, uint8_t, int32_t)
     void write(uint32_t u32Index, uint8_t u8SubIndex, int32_t value);
          ^
/home/ec2-user/arduino-testlib/cli-datadir/user/libraries/Ingenia_Serial_Servo_Drive_Library/Ingenia_SerialServoDrive.h:41:10: note: candidate: void Ingenia_SerialServoDrive::write(uint32_t, uint8_t, uint16_t)
     void write(uint32_t u32Index, uint8_t u8SubIndex, uint16_t value);
          ^
/home/ec2-user/arduino-testlib/cli-datadir/user/libraries/Ingenia_Serial_Servo_Drive_Library/Ingenia_SerialServoDrive.h:42:10: note: candidate: void Ingenia_SerialServoDrive::write(uint32_t, uint8_t, int16_t)
     void write(uint32_t u32Index, uint8_t u8SubIndex, int16_t value);
          ^
/home/ec2-user/arduino-testlib/cli-datadir/user/libraries/Ingenia_Serial_Servo_Drive_Library/Ingenia_SerialServoDrive.h:43:10: note: candidate: void Ingenia_SerialServoDrive::write(uint32_t, uint8_t, uint8_t)
     void write(uint32_t u32Index, uint8_t u8SubIndex, uint8_t value);
          ^
/home/ec2-user/arduino-testlib/cli-datadir/user/libraries/Ingenia_Serial_Servo_Drive_Library/Ingenia_SerialServoDrive.h:44:10: note: candidate: void Ingenia_SerialServoDrive::write(uint32_t, uint8_t, int8_t)
     void write(uint32_t u32Index, uint8_t u8SubIndex, int8_t value);
          ^
/home/ec2-user/arduino-testlib/cli-datadir/user/libraries/Ingenia_Serial_Servo_Drive_Library/examples/AdvancedComms/AdvancedComms.ino:21:31: error: call of overloaded &#39;write(int, int, long int)&#39; is ambiguous
   servo.write(0x6040, 0x0, 15L);
                               ^
In file included from /home/ec2-user/arduino-testlib/cli-datadir/user/libraries/Ingenia_Serial_Servo_Drive_Library/examples/AdvancedComms/AdvancedComms.ino:1:0:
/home/ec2-user/arduino-testlib/cli-datadir/user/libraries/Ingenia_Serial_Servo_Drive_Library/Ingenia_SerialServoDrive.h:37:10: note: candidate: void Ingenia_SerialServoDrive::write(uint32_t, uint8_t, uint64_t)
     void write(uint32_t u32Index, uint8_t u8SubIndex, uint64_t value);
          ^
/home/ec2-user/arduino-testlib/cli-datadir/user/libraries/Ingenia_Serial_Servo_Drive_Library/Ingenia_SerialServoDrive.h:38:10: note: candidate: void Ingenia_SerialServoDrive::write(uint32_t, uint8_t, int64_t)
     void write(uint32_t u32Index, uint8_t u8SubIndex, int64_t value);
          ^
/home/ec2-user/arduino-testlib/cli-datadir/user/libraries/Ingenia_Serial_Servo_Drive_Library/Ingenia_SerialServoDrive.h:39:10: note: candidate: void Ingenia_SerialServoDrive::write(uint32_t, uint8_t, uint32_t)
     void write(uint32_t u32Index, uint8_t u8SubIndex, uint32_t value);
          ^
/home/ec2-user/arduino-testlib/cli-datadir/user/libraries/Ingenia_Serial_Servo_Drive_Library/Ingenia_SerialServoDrive.h:40:10: note: candidate: void Ingenia_SerialServoDrive::write(uint32_t, uint8_t,</pre>
					
					<h4>examples/BasicComms</h4>
					<p>
						Result: <b>PASS</b>
					</p>
					<pre class="pre-scrollable">Sketch uses 209762 bytes (16%) of program storage space. Maximum is 1310720 bytes.
Global variables use 13472 bytes (4%) of dynamic memory, leaving 314208 bytes for local variables. Maximum is 327680 bytes.
</pre>
					
					<h4>examples/StatusWordTargetReach</h4>
					<p>
						Result: <b>PASS</b>
					</p>
					<pre class="pre-scrollable">Sketch uses 209838 bytes (16%) of program storage space. Maximum is 1310720 bytes.
Global variables use 13472 bytes (4%) of dynamic memory, leaving 314208 bytes for local variables. Maximum is 327680 bytes.
</pre>
					
				
			</div>
		</div>
	</div>
  </body>
</html>
