
<!doctype html>
<html lang="en">
  <head>
    <meta charset="utf-8">
    <meta name="viewport" content="width=device-width, initial-scale=1">
    <link href="https://cdn.jsdelivr.net/npm/bootstrap@5.0.2/dist/css/bootstrap.min.css" rel="stylesheet" integrity="sha384-EVSTQN3/azprG1Anm3QDgpJLIm9Nao0Yz1ztcQTwFspd3yD65VohhpuuCOmLASjC" crossorigin="anonymous">
    <title>arduino-testlib report</title>
	<style>
	.pass { background-color: #00FF00 !important; }
	.fail { background-color: #FF0000 !important; }
	</style>
  </head>
  <body>
	<div class="container">
		<div class="row">
			<div class="col">
				<h1>IoTtweetNBIoT - compatibility matrix</h1>
				<p>
					<small>This report was generated on Monday, 21-Feb-22 12:00:25 CET using 
					<a href="https://github.com/alranel/arduino-testlib">arduino-testlib</a>.</small>
				</p>

				<h2>IoTtweetNBIoT</h2>
				<p>
					Version: <b>2.3</b>
					<br />
					<a href="https://www.arduino.cc/reference/en/libraries/iottweetnbiot/">More details</a>
				</p>

				<h2>Compatibility matrix</h2>
				<table class="table table-bordered">
					<tr>
						<th>Board</th>
						<th>Claims compatibility</th>
						<th>Inclusion</th>
						
						<th><pre>pushdata_linenotify_control</pre></th>
						
						<th><pre>SendDHTsensor</pre></th>
						
						<th><pre>SendDataToDashboard</pre></th>
						
						<th><pre>SendDataToDashboard_with_pushLineNotify</pre></th>
						
						<th><pre>SendRSSI</pre></th>
						
						<th><pre>controlFromDashboard</pre></th>
						
						<th><pre>getNetworkTime</pre></th>
						
						<th><pre>getUDPip</pre></th>
						
					</tr>
					
					<tr>
						<td>
							<a href="#arduino%3aavr%3auno"><b>arduino:avr:uno</b></a>
							<br />
							<small>1.8.4</small>
						</td>

						
							<td>Yes</td>
							<td class="pass">PASS</td>
						
						
						
						

						
							
								
									
										
									
										
									
										
									
										
									
										
									
										
									
										
									
										
											<td class="pass">PASS</td>
											
										
									
								
							
								
							
								
							
								
							
								
							
						
							
								
									
										
											<td class="pass">PASS</td>
											
										
									
										
									
										
									
										
									
										
									
										
									
										
									
										
									
								
							
								
							
								
							
								
							
								
							
						
							
								
									
										
									
										
											<td class="pass">PASS</td>
											
										
									
										
									
										
									
										
									
										
									
										
									
										
									
								
							
								
							
								
							
								
							
								
							
						
							
								
									
										
									
										
									
										
											<td class="pass">PASS</td>
											
										
									
										
									
										
									
										
									
										
									
										
									
								
							
								
							
								
							
								
							
								
							
						
							
								
									
										
									
										
									
										
									
										
											<td class="pass">PASS</td>
											
										
									
										
									
										
									
										
									
										
									
								
							
								
							
								
							
								
							
								
							
						
							
								
									
										
									
										
									
										
									
										
									
										
											<td class="pass">PASS</td>
											
										
									
										
									
										
									
										
									
								
							
								
							
								
							
								
							
								
							
						
							
								
									
										
									
										
									
										
									
										
									
										
									
										
											<td class="pass">PASS</td>
											
										
									
										
									
										
									
								
							
								
							
								
							
								
							
								
							
						
							
								
									
										
									
										
									
										
									
										
									
										
									
										
									
										
											<td class="pass">PASS</td>
											
										
									
										
									
								
							
								
							
								
							
								
							
								
							
						
					</tr>
					
					<tr>
						<td>
							<a href="#arduino%3ambed_nano%3ananorp2040connect"><b>arduino:mbed_nano:nanorp2040connect</b></a>
							<br />
							<small>2.7.2</small>
						</td>

						
						
						
							<td>Yes ⚠️</td>
							<td class="fail">FAIL</td>
						
						

						
							
								
							
								
									
										
									
										
									
										
									
										
									
										
									
										
									
										
									
										
											
											<td class="fail">FAIL</td>
										
									
								
							
								
							
								
							
								
							
						
							
								
							
								
									
										
											
											<td class="fail">FAIL</td>
										
									
										
									
										
									
										
									
										
									
										
									
										
									
										
									
								
							
								
							
								
							
								
							
						
							
								
							
								
									
										
									
										
											
											<td class="fail">FAIL</td>
										
									
										
									
										
									
										
									
										
									
										
									
										
									
								
							
								
							
								
							
								
							
						
							
								
							
								
									
										
									
										
									
										
											
											<td class="fail">FAIL</td>
										
									
										
									
										
									
										
									
										
									
										
									
								
							
								
							
								
							
								
							
						
							
								
							
								
									
										
									
										
									
										
									
										
											
											<td class="fail">FAIL</td>
										
									
										
									
										
									
										
									
										
									
								
							
								
							
								
							
								
							
						
							
								
							
								
									
										
									
										
									
										
									
										
									
										
											
											<td class="fail">FAIL</td>
										
									
										
									
										
									
										
									
								
							
								
							
								
							
								
							
						
							
								
							
								
									
										
									
										
									
										
									
										
									
										
									
										
											
											<td class="fail">FAIL</td>
										
									
										
									
										
									
								
							
								
							
								
							
								
							
						
							
								
							
								
									
										
									
										
									
										
									
										
									
										
									
										
									
										
											
											<td class="fail">FAIL</td>
										
									
										
									
								
							
								
							
								
							
								
							
						
					</tr>
					
					<tr>
						<td>
							<a href="#arduino%3amegaavr%3anona4809"><b>arduino:megaavr:nona4809</b></a>
							<br />
							<small>1.8.7</small>
						</td>

						
						
						
							<td>Yes ⚠️</td>
							<td class="fail">FAIL</td>
						
						

						
							
								
							
								
							
								
									
										
									
										
									
										
									
										
									
										
									
										
									
										
									
										
											
											<td class="fail">FAIL</td>
										
									
								
							
								
							
								
							
						
							
								
							
								
							
								
									
										
											
											<td class="fail">FAIL</td>
										
									
										
									
										
									
										
									
										
									
										
									
										
									
										
									
								
							
								
							
								
							
						
							
								
							
								
							
								
									
										
									
										
											
											<td class="fail">FAIL</td>
										
									
										
									
										
									
										
									
										
									
										
									
										
									
								
							
								
							
								
							
						
							
								
							
								
							
								
									
										
									
										
									
										
											
											<td class="fail">FAIL</td>
										
									
										
									
										
									
										
									
										
									
										
									
								
							
								
							
								
							
						
							
								
							
								
							
								
									
										
									
										
									
										
									
										
											
											<td class="fail">FAIL</td>
										
									
										
									
										
									
										
									
										
									
								
							
								
							
								
							
						
							
								
							
								
							
								
									
										
									
										
									
										
									
										
									
										
											
											<td class="fail">FAIL</td>
										
									
										
									
										
									
										
									
								
							
								
							
								
							
						
							
								
							
								
							
								
									
										
									
										
									
										
									
										
									
										
									
										
											
											<td class="fail">FAIL</td>
										
									
										
									
										
									
								
							
								
							
								
							
						
							
								
							
								
							
								
									
										
									
										
									
										
									
										
									
										
									
										
									
										
											
											<td class="fail">FAIL</td>
										
									
										
									
								
							
								
							
								
							
						
					</tr>
					
					<tr>
						<td>
							<a href="#arduino%3asamd%3amkrwifi1010"><b>arduino:samd:mkrwifi1010</b></a>
							<br />
							<small>1.8.12</small>
						</td>

						
						
						
							<td>Yes ⚠️</td>
							<td class="fail">FAIL</td>
						
						

						
							
								
							
								
							
								
							
								
									
										
									
										
									
										
									
										
									
										
									
										
									
										
									
										
											
											<td class="fail">FAIL</td>
										
									
								
							
								
							
						
							
								
							
								
							
								
							
								
									
										
											
											<td class="fail">FAIL</td>
										
									
										
									
										
									
										
									
										
									
										
									
										
									
										
									
								
							
								
							
						
							
								
							
								
							
								
							
								
									
										
									
										
											
											<td class="fail">FAIL</td>
										
									
										
									
										
									
										
									
										
									
										
									
										
									
								
							
								
							
						
							
								
							
								
							
								
							
								
									
										
									
										
									
										
											
											<td class="fail">FAIL</td>
										
									
										
									
										
									
										
									
										
									
										
									
								
							
								
							
						
							
								
							
								
							
								
							
								
									
										
									
										
									
										
									
										
											
											<td class="fail">FAIL</td>
										
									
										
									
										
									
										
									
										
									
								
							
								
							
						
							
								
							
								
							
								
							
								
									
										
									
										
									
										
									
										
									
										
											
											<td class="fail">FAIL</td>
										
									
										
									
										
									
										
									
								
							
								
							
						
							
								
							
								
							
								
							
								
									
										
									
										
									
										
									
										
									
										
									
										
											
											<td class="fail">FAIL</td>
										
									
										
									
										
									
								
							
								
							
						
							
								
							
								
							
								
							
								
									
										
									
										
									
										
									
										
									
										
									
										
									
										
											
											<td class="fail">FAIL</td>
										
									
										
									
								
							
								
							
						
					</tr>
					
					<tr>
						<td>
							<a href="#esp32%3aesp32%3ad1_mini32"><b>esp32:esp32:d1_mini32</b></a>
							<br />
							<small>1.0.6</small>
						</td>

						
						
						
							<td>Yes ⚠️</td>
							<td class="fail">FAIL</td>
						
						

						
							
								
							
								
							
								
							
								
							
								
									
										
									
										
									
										
									
										
									
										
									
										
									
										
									
										
											
											<td class="fail">FAIL</td>
										
									
								
							
						
							
								
							
								
							
								
							
								
							
								
									
										
											
											<td class="fail">FAIL</td>
										
									
										
									
										
									
										
									
										
									
										
									
										
									
										
									
								
							
						
							
								
							
								
							
								
							
								
							
								
									
										
									
										
											
											<td class="fail">FAIL</td>
										
									
										
									
										
									
										
									
										
									
										
									
										
									
								
							
						
							
								
							
								
							
								
							
								
							
								
									
										
									
										
									
										
											
											<td class="fail">FAIL</td>
										
									
										
									
										
									
										
									
										
									
										
									
								
							
						
							
								
							
								
							
								
							
								
							
								
									
										
									
										
									
										
									
										
											
											<td class="fail">FAIL</td>
										
									
										
									
										
									
										
									
										
									
								
							
						
							
								
							
								
							
								
							
								
							
								
									
										
									
										
									
										
									
										
									
										
											
											<td class="fail">FAIL</td>
										
									
										
									
										
									
										
									
								
							
						
							
								
							
								
							
								
							
								
							
								
									
										
									
										
									
										
									
										
									
										
									
										
											
											<td class="fail">FAIL</td>
										
									
										
									
										
									
								
							
						
							
								
							
								
							
								
							
								
							
								
									
										
									
										
									
										
									
										
									
										
									
										
									
										
											
											<td class="fail">FAIL</td>
										
									
										
									
								
							
						
					</tr>
					
				</table>

				<h2>Compilation logs</h2>
				
				<h3 id="arduino:avr:uno">arduino:avr:uno @ 1.8.4</h3>
				<h4>Inclusion</h4>
				<p>
					Result: <b>PASS</b>
					
				</p>
				<pre class="pre-scrollable">Sketch uses 3754 bytes (11%) of program storage space. Maximum is 32256 bytes.
Global variables use 441 bytes (21%) of dynamic memory, leaving 1607 bytes for local variables. Maximum is 2048 bytes.
</pre>

					
					<h4>examples/SendDHTsensor</h4>
					<p>
						Result: <b>PASS</b>
					</p>
					<pre class="pre-scrollable">Sketch uses 18528 bytes (57%) of program storage space. Maximum is 32256 bytes.
Global variables use 1165 bytes (56%) of dynamic memory, leaving 883 bytes for local variables. Maximum is 2048 bytes.
</pre>
					
					<h4>examples/SendDataToDashboard</h4>
					<p>
						Result: <b>PASS</b>
					</p>
					<pre class="pre-scrollable">Sketch uses 17024 bytes (52%) of program storage space. Maximum is 32256 bytes.
Global variables use 1036 bytes (50%) of dynamic memory, leaving 1012 bytes for local variables. Maximum is 2048 bytes.
</pre>
					
					<h4>examples/SendDataToDashboard_with_pushLineNotify</h4>
					<p>
						Result: <b>PASS</b>
					</p>
					<pre class="pre-scrollable">Sketch uses 17906 bytes (55%) of program storage space. Maximum is 32256 bytes.
Global variables use 1166 bytes (56%) of dynamic memory, leaving 882 bytes for local variables. Maximum is 2048 bytes.
</pre>
					
					<h4>examples/SendRSSI</h4>
					<p>
						Result: <b>PASS</b>
					</p>
					<pre class="pre-scrollable">Sketch uses 17390 bytes (53%) of program storage space. Maximum is 32256 bytes.
Global variables use 1040 bytes (50%) of dynamic memory, leaving 1008 bytes for local variables. Maximum is 2048 bytes.
</pre>
					
					<h4>examples/controlFromDashboard</h4>
					<p>
						Result: <b>PASS</b>
					</p>
					<pre class="pre-scrollable">Sketch uses 16924 bytes (52%) of program storage space. Maximum is 32256 bytes.
Global variables use 1036 bytes (50%) of dynamic memory, leaving 1012 bytes for local variables. Maximum is 2048 bytes.
</pre>
					
					<h4>examples/getNetworkTime</h4>
					<p>
						Result: <b>PASS</b>
					</p>
					<pre class="pre-scrollable">Sketch uses 16076 bytes (49%) of program storage space. Maximum is 32256 bytes.
Global variables use 1062 bytes (51%) of dynamic memory, leaving 986 bytes for local variables. Maximum is 2048 bytes.
</pre>
					
					<h4>examples/getUDPip</h4>
					<p>
						Result: <b>PASS</b>
					</p>
					<pre class="pre-scrollable">Sketch uses 22944 bytes (71%) of program storage space. Maximum is 32256 bytes.
Global variables use 1128 bytes (55%) of dynamic memory, leaving 920 bytes for local variables. Maximum is 2048 bytes.
</pre>
					
					<h4>examples/pushdata_linenotify_control</h4>
					<p>
						Result: <b>PASS</b>
					</p>
					<pre class="pre-scrollable">Sketch uses 23396 bytes (72%) of program storage space. Maximum is 32256 bytes.
Global variables use 1383 bytes (67%) of dynamic memory, leaving 665 bytes for local variables. Maximum is 2048 bytes.
</pre>
					
				
				<h3 id="arduino:mbed_nano:nanorp2040connect">arduino:mbed_nano:nanorp2040connect @ 2.7.2</h3>
				<h4>Inclusion</h4>
				<p>
					Result: <b>FAIL</b>
					
				</p>
				<pre class="pre-scrollable">In file included from /home/ec2-user/arduino-testlib/cli-datadir/user/libraries/AIS_NB_BC95/src/AIS_NB_BC95.h:13:0,
                 from /home/ec2-user/arduino-testlib/cli-datadir/user/libraries/IoTtweetNBIoT/src/IoTtweetNBIoT.h:6,
                 from /tmp/arduino-testlib2347105740/test/test.ino:1:
/home/ec2-user/arduino-testlib/cli-datadir/user/libraries/AIS_NB_BC95/src/AltSoftSerial.h: In static member function &#39;static void AltSoftSerial::begin(uint32_t)&#39;:
/home/ec2-user/arduino-testlib/cli-datadir/user/libraries/AIS_NB_BC95/src/AltSoftSerial.h:39:25: error: &#39;F_CPU&#39; was not declared in this scope
 #define ALTSS_BASE_FREQ F_CPU
                         ^
/home/ec2-user/arduino-testlib/cli-datadir/user/libraries/AIS_NB_BC95/src/AltSoftSerial.h:47:43: note: in expansion of macro &#39;ALTSS_BASE_FREQ&#39;
  static void begin(uint32_t baud) { init((ALTSS_BASE_FREQ &#43; baud / 2) / baud); }
                                           ^~~~~~~~~~~~~~~

</pre>

					
					<h4>examples/SendDHTsensor</h4>
					<p>
						Result: <b>FAIL</b>
					</p>
					<pre class="pre-scrollable">In file included from /home/ec2-user/arduino-testlib/cli-datadir/user/libraries/AIS_NB_BC95/src/AIS_NB_BC95.h:13:0,
                 from /home/ec2-user/arduino-testlib/cli-datadir/user/libraries/IoTtweetNBIoT/src/IoTtweetNBIoT.h:6,
                 from /home/ec2-user/arduino-testlib/cli-datadir/user/libraries/IoTtweetNBIoT/examples/SendDHTsensor/SendDHTsensor.ino:2:
/home/ec2-user/arduino-testlib/cli-datadir/user/libraries/AIS_NB_BC95/src/AltSoftSerial.h: In static member function &#39;static void AltSoftSerial::begin(uint32_t)&#39;:
/home/ec2-user/arduino-testlib/cli-datadir/user/libraries/AIS_NB_BC95/src/AltSoftSerial.h:39:25: error: &#39;F_CPU&#39; was not declared in this scope
 #define ALTSS_BASE_FREQ F_CPU
                         ^
/home/ec2-user/arduino-testlib/cli-datadir/user/libraries/AIS_NB_BC95/src/AltSoftSerial.h:47:43: note: in expansion of macro &#39;ALTSS_BASE_FREQ&#39;
  static void begin(uint32_t baud) { init((ALTSS_BASE_FREQ &#43; baud / 2) / baud); }
                                           ^~~~~~~~~~~~~~~
Multiple libraries were found for &#34;DHT.h&#34;
  Used: /home/ec2-user/arduino-testlib/cli-datadir/user/libraries/DHT_sensor_library
  Not used: /home/ec2-user/arduino-testlib/cli-datadir/user/libraries/uKit_Explore
  Not used: /home/ec2-user/arduino-testlib/cli-datadir/user/libraries/Grove_Temperature_And_Humidity_Sensor
  Not used: /home/ec2-user/arduino-testlib/cli-datadir/user/libraries/NanoPlayBoard
Multiple libraries were found for &#34;Adafruit_Sensor.h&#34;
  Used: /home/ec2-user/arduino-testlib/cli-datadir/user/libraries/Adafruit_Unified_Sensor
  Not used: /home/ec2-user/arduino-testlib/cli-datadir/user/libraries/ArdUAV
  Not used: /home/ec2-user/arduino-testlib/cli-datadir/user/libraries/ClimaStick
</pre>
					
					<h4>examples/SendDataToDashboard</h4>
					<p>
						Result: <b>FAIL</b>
					</p>
					<pre class="pre-scrollable">In file included from /home/ec2-user/arduino-testlib/cli-datadir/user/libraries/AIS_NB_BC95/src/AIS_NB_BC95.h:13:0,
                 from /home/ec2-user/arduino-testlib/cli-datadir/user/libraries/IoTtweetNBIoT/src/IoTtweetNBIoT.h:6,
                 from /home/ec2-user/arduino-testlib/cli-datadir/user/libraries/IoTtweetNBIoT/examples/SendDataToDashboard/SendDataToDashboard.ino:1:
/home/ec2-user/arduino-testlib/cli-datadir/user/libraries/AIS_NB_BC95/src/AltSoftSerial.h: In static member function &#39;static void AltSoftSerial::begin(uint32_t)&#39;:
/home/ec2-user/arduino-testlib/cli-datadir/user/libraries/AIS_NB_BC95/src/AltSoftSerial.h:39:25: error: &#39;F_CPU&#39; was not declared in this scope
 #define ALTSS_BASE_FREQ F_CPU
                         ^
/home/ec2-user/arduino-testlib/cli-datadir/user/libraries/AIS_NB_BC95/src/AltSoftSerial.h:47:43: note: in expansion of macro &#39;ALTSS_BASE_FREQ&#39;
  static void begin(uint32_t baud) { init((ALTSS_BASE_FREQ &#43; baud / 2) / baud); }
                                           ^~~~~~~~~~~~~~~

</pre>
					
					<h4>examples/SendDataToDashboard_with_pushLineNotify</h4>
					<p>
						Result: <b>FAIL</b>
					</p>
					<pre class="pre-scrollable">In file included from /home/ec2-user/arduino-testlib/cli-datadir/user/libraries/AIS_NB_BC95/src/AIS_NB_BC95.h:13:0,
                 from /home/ec2-user/arduino-testlib/cli-datadir/user/libraries/IoTtweetNBIoT/src/IoTtweetNBIoT.h:6,
                 from /home/ec2-user/arduino-testlib/cli-datadir/user/libraries/IoTtweetNBIoT/examples/SendDataToDashboard_with_pushLineNotify/SendDataToDashboard_with_pushLineNotify.ino:1:
/home/ec2-user/arduino-testlib/cli-datadir/user/libraries/AIS_NB_BC95/src/AltSoftSerial.h: In static member function &#39;static void AltSoftSerial::begin(uint32_t)&#39;:
/home/ec2-user/arduino-testlib/cli-datadir/user/libraries/AIS_NB_BC95/src/AltSoftSerial.h:39:25: error: &#39;F_CPU&#39; was not declared in this scope
 #define ALTSS_BASE_FREQ F_CPU
                         ^
/home/ec2-user/arduino-testlib/cli-datadir/user/libraries/AIS_NB_BC95/src/AltSoftSerial.h:47:43: note: in expansion of macro &#39;ALTSS_BASE_FREQ&#39;
  static void begin(uint32_t baud) { init((ALTSS_BASE_FREQ &#43; baud / 2) / baud); }
                                           ^~~~~~~~~~~~~~~

</pre>
					
					<h4>examples/SendRSSI</h4>
					<p>
						Result: <b>FAIL</b>
					</p>
					<pre class="pre-scrollable">In file included from /home/ec2-user/arduino-testlib/cli-datadir/user/libraries/AIS_NB_BC95/src/AIS_NB_BC95.h:13:0,
                 from /home/ec2-user/arduino-testlib/cli-datadir/user/libraries/IoTtweetNBIoT/src/IoTtweetNBIoT.h:6,
                 from /home/ec2-user/arduino-testlib/cli-datadir/user/libraries/IoTtweetNBIoT/examples/SendRSSI/SendRSSI.ino:1:
/home/ec2-user/arduino-testlib/cli-datadir/user/libraries/AIS_NB_BC95/src/AltSoftSerial.h: In static member function &#39;static void AltSoftSerial::begin(uint32_t)&#39;:
/home/ec2-user/arduino-testlib/cli-datadir/user/libraries/AIS_NB_BC95/src/AltSoftSerial.h:39:25: error: &#39;F_CPU&#39; was not declared in this scope
 #define ALTSS_BASE_FREQ F_CPU
                         ^
/home/ec2-user/arduino-testlib/cli-datadir/user/libraries/AIS_NB_BC95/src/AltSoftSerial.h:47:43: note: in expansion of macro &#39;ALTSS_BASE_FREQ&#39;
  static void begin(uint32_t baud) { init((ALTSS_BASE_FREQ &#43; baud / 2) / baud); }
                                           ^~~~~~~~~~~~~~~
/home/ec2-user/arduino-testlib/cli-datadir/user/libraries/IoTtweetNBIoT/examples/SendRSSI/SendRSSI.ino: In function &#39;void loop()&#39;:
/home/ec2-user/arduino-testlib/cli-datadir/user/libraries/IoTtweetNBIoT/examples/SendRSSI/SendRSSI.ino:32:30: error: invalid conversion from &#39;byte* {aka unsigned char*}&#39; to &#39;char*&#39; [-fpermissive]
       rssi.toCharArray(buf,30);
                              ^
In file included from /home/ec2-user/arduino-testlib/cli-datadir/data/packages/arduino/hardware/mbed_nano/2.7.2/cores/arduino/api/IPAddress.h:24:0,
                 from /home/ec2-user/arduino-testlib/cli-datadir/data/packages/arduino/hardware/mbed_nano/2.7.2/cores/arduino/api/ArduinoAPI.h:30,
                 from /home/ec2-user/arduino-testlib/cli-datadir/data/packages/arduino/hardware/mbed_nano/2.7.2/cores/arduino/Arduino.h:27,
                 from /tmp/arduino-sketch-990D9309847F33FA03FF0535F3587094/sketch/SendRSSI.ino.cpp:1:
/home/ec2-user/arduino-testlib/cli-datadir/data/packages/arduino/hardware/mbed_nano/2.7.2/cores/arduino/api/String.h:188:7: note:   initializing argument 1 of &#39;void arduino::String::toCharArray(char*, unsigned int, unsigned int) const&#39;
  void toCharArray(char *buf, unsigned int bufsize, unsigned int index=0) const
       ^~~~~~~~~~~
/home/ec2-user/arduino-testlib/cli-datadir/user/libraries/IoTtweetNBIoT/examples/SendRSSI/SendRSSI.ino:34:30: error: invalid conversion from &#39;byte* {aka unsigned char*}&#39; to &#39;const char*&#39; [-fpermissive]
       int rssi_num = atoi(buf);
                              ^
In file included from /home/ec2-user/arduino-testlib/cli-datadir/data/packages/arduino/tools/arm-none-eabi-gcc/7-2017q4/arm-none-eabi/include/stdlib.h:11:0,
                 from /home/ec2-user/arduino-testlib/cli-datadir/data/packages/arduino/tools/arm-none-eabi-gcc/7-2017q4/arm-none-eabi/include/c&#43;&#43;/7.2.1/cstdlib:75,
                 from /home/ec2-user/arduino-testlib/cli-datadir/data/packages/arduino/tools/arm-none-eabi-gcc/7-2017q4/arm-none-eabi/include/c&#43;&#43;/7.2.1/stdlib.h:36,
                 from /home/ec2-user/arduino-testlib/cli-datadir/data/packages/arduino/hardware/mbed_nano/2.7.2/cores/arduino/api/Interrupts.h:5,
                 from /home/ec2-user/arduino-testlib/cli-datadir/data/packages/arduino/hardware/mbed_nano/2.7.2/cores/arduino/api/ArduinoAPI.h:29,
                 from /home/ec2-user/arduino-testlib/cli-datadir/data/packages/arduino/hardware/mbed_nano/2.7.2/cores/arduino/Arduino.h:27,
                 from /tmp/arduino-sketch-990D9309847F33FA03FF0535F3587094/sketch/SendRSSI.ino.cpp:1:
/home/ec2-user/arduino-testlib/cli-datadir/data/packages/arduino/tools/arm-none-eabi-gcc/7-2017q4/arm-none-eabi/include/stdlib.h:81:5: note:   initializing argument 1 of &#39;int atoi(const char*)&#39;
 int _EXFUN(atoi,(const char *__nptr));
     ^

</pre>
					
					<h4>examples/controlFromDashboard</h4>
					<p>
						Result: <b>FAIL</b>
					</p>
					<pre class="pre-scrollable">In file included from /home/ec2-user/arduino-testlib/cli-datadir/user/libraries/AIS_NB_BC95/src/AIS_NB_BC95.h:13:0,
                 from /home/ec2-user/arduino-testlib/cli-datadir/user/libraries/IoTtweetNBIoT/src/IoTtweetNBIoT.h:6,
                 from /home/ec2-user/arduino-testlib/cli-datadir/user/libraries/IoTtweetNBIoT/examples/controlFromDashboard/controlFromDashboard.ino:1:
/home/ec2-user/arduino-testlib/cli-datadir/user/libraries/AIS_NB_BC95/src/AltSoftSerial.h: In static member function &#39;static void AltSoftSerial::begin(uint32_t)&#39;:
/home/ec2-user/arduino-testlib/cli-datadir/user/libraries/AIS_NB_BC95/src/AltSoftSerial.h:39:25: error: &#39;F_CPU&#39; was not declared in this scope
 #define ALTSS_BASE_FREQ F_CPU
                         ^
/home/ec2-user/arduino-testlib/cli-datadir/user/libraries/AIS_NB_BC95/src/AltSoftSerial.h:47:43: note: in expansion of macro &#39;ALTSS_BASE_FREQ&#39;
  static void begin(uint32_t baud) { init((ALTSS_BASE_FREQ &#43; baud / 2) / baud); }
                                           ^~~~~~~~~~~~~~~

</pre>
					
					<h4>examples/getNetworkTime</h4>
					<p>
						Result: <b>FAIL</b>
					</p>
					<pre class="pre-scrollable">In file included from /home/ec2-user/arduino-testlib/cli-datadir/user/libraries/AIS_NB_BC95/src/AIS_NB_BC95.h:13:0,
                 from /home/ec2-user/arduino-testlib/cli-datadir/user/libraries/IoTtweetNBIoT/src/IoTtweetNBIoT.h:6,
                 from /home/ec2-user/arduino-testlib/cli-datadir/user/libraries/IoTtweetNBIoT/examples/getNetworkTime/getNetworkTime.ino:1:
/home/ec2-user/arduino-testlib/cli-datadir/user/libraries/AIS_NB_BC95/src/AltSoftSerial.h: In static member function &#39;static void AltSoftSerial::begin(uint32_t)&#39;:
/home/ec2-user/arduino-testlib/cli-datadir/user/libraries/AIS_NB_BC95/src/AltSoftSerial.h:39:25: error: &#39;F_CPU&#39; was not declared in this scope
 #define ALTSS_BASE_FREQ F_CPU
                         ^
/home/ec2-user/arduino-testlib/cli-datadir/user/libraries/AIS_NB_BC95/src/AltSoftSerial.h:47:43: note: in expansion of macro &#39;ALTSS_BASE_FREQ&#39;
  static void begin(uint32_t baud) { init((ALTSS_BASE_FREQ &#43; baud / 2) / baud); }
                                           ^~~~~~~~~~~~~~~

</pre>
					
					<h4>examples/getUDPip</h4>
					<p>
						Result: <b>FAIL</b>
					</p>
					<pre class="pre-scrollable">In file included from /home/ec2-user/arduino-testlib/cli-datadir/user/libraries/AIS_NB_BC95/src/AIS_NB_BC95.h:13:0,
                 from /home/ec2-user/arduino-testlib/cli-datadir/user/libraries/IoTtweetNBIoT/src/IoTtweetNBIoT.h:6,
                 from /home/ec2-user/arduino-testlib/cli-datadir/user/libraries/IoTtweetNBIoT/examples/getUDPip/getUDPip.ino:1:
/home/ec2-user/arduino-testlib/cli-datadir/user/libraries/AIS_NB_BC95/src/AltSoftSerial.h: In static member function &#39;static void AltSoftSerial::begin(uint32_t)&#39;:
/home/ec2-user/arduino-testlib/cli-datadir/user/libraries/AIS_NB_BC95/src/AltSoftSerial.h:39:25: error: &#39;F_CPU&#39; was not declared in this scope
 #define ALTSS_BASE_FREQ F_CPU
                         ^
/home/ec2-user/arduino-testlib/cli-datadir/user/libraries/AIS_NB_BC95/src/AltSoftSerial.h:47:43: note: in expansion of macro &#39;ALTSS_BASE_FREQ&#39;
  static void begin(uint32_t baud) { init((ALTSS_BASE_FREQ &#43; baud / 2) / baud); }
                                           ^~~~~~~~~~~~~~~
Multiple libraries were found for &#34;ArduinoJson.h&#34;
  Used: /home/ec2-user/arduino-testlib/cli-datadir/user/libraries/ArduinoJson
  Not used: /home/ec2-user/arduino-testlib/cli-datadir/user/libraries/AllThingsTalk_LTE-M_SDK
  Not used: /home/ec2-user/arduino-testlib/cli-datadir/user/libraries/CMMC_MQTT_Connector
  Not used: /home/ec2-user/arduino-testlib/cli-datadir/user/libraries/Antares_ESP8266_HTTP
  Not used: /home/ec2-user/arduino-testlib/cli-datadir/user/libraries/Antares_ESP8266_MQTT
  Not used: /home/ec2-user/arduino-testlib/cli-datadir/user/libraries/CoogleIOT
  Not used: /home/ec2-user/arduino-testlib/cli-datadir/user/libraries/ThingsIoT
  Not used: /home/ec2-user/arduino-testlib/cli-datadir/user/libraries/BaleMessengerBot_Arduino
  Not used: /home/ec2-user/arduino-testlib/cli-datadir/user/libraries/ThingESP
</pre>
					
					<h4>examples/pushdata_linenotify_control</h4>
					<p>
						Result: <b>FAIL</b>
					</p>
					<pre class="pre-scrollable">In file included from /home/ec2-user/arduino-testlib/cli-datadir/user/libraries/AIS_NB_BC95/src/AIS_NB_BC95.h:13:0,
                 from /home/ec2-user/arduino-testlib/cli-datadir/user/libraries/IoTtweetNBIoT/src/IoTtweetNBIoT.h:6,
                 from /home/ec2-user/arduino-testlib/cli-datadir/user/libraries/IoTtweetNBIoT/examples/pushdata_linenotify_control/pushdata_linenotify_control.ino:7:
/home/ec2-user/arduino-testlib/cli-datadir/user/libraries/AIS_NB_BC95/src/AltSoftSerial.h: In static member function &#39;static void AltSoftSerial::begin(uint32_t)&#39;:
/home/ec2-user/arduino-testlib/cli-datadir/user/libraries/AIS_NB_BC95/src/AltSoftSerial.h:39:25: error: &#39;F_CPU&#39; was not declared in this scope
 #define ALTSS_BASE_FREQ F_CPU
                         ^
/home/ec2-user/arduino-testlib/cli-datadir/user/libraries/AIS_NB_BC95/src/AltSoftSerial.h:47:43: note: in expansion of macro &#39;ALTSS_BASE_FREQ&#39;
  static void begin(uint32_t baud) { init((ALTSS_BASE_FREQ &#43; baud / 2) / baud); }
                                           ^~~~~~~~~~~~~~~
Multiple libraries were found for &#34;DHT.h&#34;
  Used: /home/ec2-user/arduino-testlib/cli-datadir/user/libraries/DHT_sensor_library
  Not used: /home/ec2-user/arduino-testlib/cli-datadir/user/libraries/NanoPlayBoard
  Not used: /home/ec2-user/arduino-testlib/cli-datadir/user/libraries/Grove_Temperature_And_Humidity_Sensor
  Not used: /home/ec2-user/arduino-testlib/cli-datadir/user/libraries/uKit_Explore
Multiple libraries were found for &#34;Adafruit_Sensor.h&#34;
  Used: /home/ec2-user/arduino-testlib/cli-datadir/user/libraries/Adafruit_Unified_Sensor
  Not used: /home/ec2-user/arduino-testlib/cli-datadir/user/libraries/ClimaStick
  Not used: /home/ec2-user/arduino-testlib/cli-datadir/user/libraries/ArdUAV
</pre>
					
				
				<h3 id="arduino:megaavr:nona4809">arduino:megaavr:nona4809 @ 1.8.7</h3>
				<h4>Inclusion</h4>
				<p>
					Result: <b>FAIL</b>
					
				</p>
				<pre class="pre-scrollable">In file included from /home/ec2-user/arduino-testlib/cli-datadir/user/libraries/AIS_NB_BC95/src/AltSoftSerial.cpp:35:0:
/home/ec2-user/arduino-testlib/cli-datadir/user/libraries/AIS_NB_BC95/src/config/AltSoftSerial_Boards.h:136:2: error: #error &#34;Please define your board timer and pins&#34;
 #error &#34;Please define your board timer and pins&#34;
  ^~~~~
/home/ec2-user/arduino-testlib/cli-datadir/user/libraries/AIS_NB_BC95/src/AltSoftSerial.cpp: In static member function &#39;static void AltSoftSerial::init(uint32_t)&#39;:
/home/ec2-user/arduino-testlib/cli-datadir/user/libraries/AIS_NB_BC95/src/AltSoftSerial.cpp:74:3: error: &#39;CONFIG_TIMER_NOPRESCALE&#39; was not declared in this scope
   CONFIG_TIMER_NOPRESCALE();
   ^~~~~~~~~~~~~~~~~~~~~~~
/home/ec2-user/arduino-testlib/cli-datadir/user/libraries/AIS_NB_BC95/src/AltSoftSerial.cpp:79:4: error: &#39;CONFIG_TIMER_PRESCALE_8&#39; was not declared in this scope
    CONFIG_TIMER_PRESCALE_8();
    ^~~~~~~~~~~~~~~~~~~~~~~
/home/ec2-user/arduino-testlib/cli-datadir/user/libraries/AIS_NB_BC95/src/AltSoftSerial.cpp:104:10: error: &#39;INPUT_CAPTURE_PIN&#39; was not declared in this scope
  pinMode(INPUT_CAPTURE_PIN, INPUT_PULLUP);
          ^~~~~~~~~~~~~~~~~
/home/ec2-user/arduino-testlib/cli-datadir/user/libraries/AIS_NB_BC95/src/AltSoftSerial.cpp:104:10: note: suggested alternative: &#39;INPUT_PULLDOWN&#39;
  pinMode(INPUT_CAPTURE_PIN, INPUT_PULLUP);
          ^~~~~~~~~~~~~~~~~
          INPUT_PULLDOWN
/home/ec2-user/arduino-testlib/cli-datadir/user/libraries/AIS_NB_BC95/src/AltSoftSerial.cpp:105:15: error: &#39;OUTPUT_COMPARE_A_PIN&#39; was not declared in this scope
  digitalWrite(OUTPUT_COMPARE_A_PIN, HIGH);
               ^~~~~~~~~~~~~~~~~~~~
/home/ec2-user/arduino-testlib/cli-datadir/user/libraries/AIS_NB_BC95/src/AltSoftSerial.cpp:113:2: error: &#39;ENABLE_INT_INPUT_CAPTURE&#39; was not declared in this scope
  ENABLE_INT_INPUT_CAPTURE();
  ^~~~~~~~~~~~~~~~~~~~~~~~
/home/ec2-user/arduino-testlib/cli-datadir/user/libraries/AIS_NB_BC95/src/AltSoftSerial.cpp: In static member function &#39;static void AltSoftSerial::end()&#39;:
/home/ec2-user/arduino-testlib/cli-datadir/user/libraries/AIS_NB_BC95/src/AltSoftSerial.cpp:118:2: error: &#39;DISABLE_INT_COMPARE_B&#39; was not declared in this scope
  DISABLE_INT_COMPARE_B();
  ^~~~~~~~~~~~~~~~~~~~~
/home/ec2-user/arduino-testlib/cli-datadir/user/libraries/AIS_NB_BC95/src/AltSoftSerial.cpp:119:2: error: &#39;DISABLE_INT_INPUT_CAPTURE&#39; was not declared in this scope
  DISABLE_INT_INPUT_CAPTURE();
  ^~~~~~~~~~~~~~~~~~~~~~~~~
/home/ec2-user/arduino-testlib/cli-datadir/user/libraries/AIS_NB_BC95/src/AltSoftSerial.cpp:122:2: error: &#39;DISABLE_INT_COMPARE_A&#39; was not declared in this scope
  DISABLE_INT_COMPARE_A();
  ^~~~~~~~~~~~~~~~~~~~~
/home/ec2-user/arduino-testlib/cli-datadir/user/libraries/AIS_NB_BC95/src/AltSoftSerial.cpp: In static member function &#39;static void AltSoftSerial::writeByte(uint8_t)&#39;:
/home/ec2-user/arduino-testlib/cli-datadir/user/libraries/AIS_NB_BC95/src/AltSoftSerial.cpp:147:3: error: &#39;ENABLE_INT_COMPARE_A&#39; was not declared in this scope
   ENABLE_INT_COMPARE_A();
   ^~~~~~~~~~~~~~~~~~~~
/home/ec2-user/arduino-testlib/cli-datadir/user/libraries/AIS_NB_BC95/src/AltSoftSerial.cpp:148:3: error: &#39;CONFIG_MATCH_CLEAR&#39; was not declared in this scope
   CONFIG_MATCH_CLEAR();
   ^~~~~~~~~~~~~~~~~~
/home/ec2-user/arduino-testlib/cli-datadir/user/libraries/AIS_NB_BC95/src/AltSoftSerial.cpp:149:17: error: &#39;GET_TIMER_COUNT&#39; was not declared in this scope
   SET_COMPARE_A(GET_TIMER_COUNT() &#43; 16);
                 ^~~~~~~~~~~~~~~
/home/ec2-user/arduino-testlib/cli-datadir/user/libraries/AIS_NB_BC95/src/AltSoftSerial.cpp:149:17: note: suggested alternative: &#39;PWM_TIMER_COMPARE&#39;
   SET_COMPARE_A(GET_TIMER_COUNT() &#43; 16);
                 ^~~~~~~~~~~~~~~
                 PWM_TIMER_COMPARE
/home/ec2-user/arduino-testlib/cli-datadir/user/libraries/AIS_NB_BC95/src/AltSoftSerial.cpp:149:3: error: &#39;SET_COMPARE_A&#39; was not declared in this scope
   SET_COMPARE_A(GET_TIMER_COUNT() &#43; 16);
   ^~~~~~~~~~~~~
/home/ec2-user/arduino-testlib/cli-datadir/user/libraries/AIS_NB_BC95/src/AltSoftSerial.cpp: In function &#39;void COMPARE_A_INTERRUPT()&#39;:
/home/ec2-user/arduino-testlib/cli-datadir/user/libraries/AIS_NB_BC95/src/AltSoftSerial.cpp:162:11: error: &#39;GET_COMPARE_A&#39; was not declared in this scope
  target = GET_COMPARE_A();
           ^~~~~~~~~~~~~
/home/ec2-user/arduino-testlib/cli-datadir/user/libraries/AIS_NB_BC95/src/AltSoftSerial.cpp:173:5: error: &#39;CONFIG_MATCH_SET&#39; was not declared in this scope
     CONFIG_MATCH_SET();
     ^~~~~~~~~~~~~~~~
/home/ec2-user/arduino-testlib/cli-datadir/user/libraries/AIS_NB_BC95/src/AltSoftSerial.cpp:175:5: error: &#39;CONFIG_MATCH_CLEAR&#39; was not declared in this scope
     CONFIG_MATCH_CLEAR();
     ^~~~~~~~~~~~~~~~~~
/home/ec2-user/arduino-testlib/cli-datadir/user/libraries/AIS_NB_BC95/src/AltSoftSerial.cpp:177:4: error: &#39;SET_COMPARE_A&#39; was not declared in this scope
    SET_COMPARE_A(target);
    ^~~~~~~~~~~~~
/home/ec2-user/arduino-testlib/cli-datadir/user/libraries/AIS_NB_BC95/src/AltSoftSerial.cpp:191:4: error: &#39;SET_COMPARE_A&#39; was not declared in this scope
    SET_COMPARE_A(target &#43; ticks_per_bit);
    ^~~~~~~~~~~~~
/home/ec2-user/arduino-testlib/cli-datadir/user/libraries/AIS_NB_BC95/src/AltSoftSerial.cpp:194:4: error: &#39;CONFIG_MATCH_NORMAL&#39; was not declared in this scope
    CONFIG_MATCH_NORMAL();
    ^~~~~~~~~~~~~~~~~~~
/home/ec2-user/arduino-testlib/cli-datadir/user/libraries/AIS_NB_BC95/src/AltSoftSerial.cpp:195:4: error: &#39;DISABLE_INT_COMPARE_A&#39; was not declared in this scope
    DISABLE_INT_COMPARE_A();
    ^~~~~~~~~~~~~~~~~~~~~
/home/ec2-user/arduino-testlib/cli-datadir/user/libraries/AIS_NB_BC95/src/AltSoftSerial.cpp:202:3: error: &#39;CONFIG_MATCH_CLEAR&#39; was not declared in this scope
   CONFIG_MATCH_CLEAR();
   ^~~~~~~~~~~~~~~~~~
/home/ec2-user/arduino-testlib/cli-datadir/user/libraries/AIS_NB_BC95/src/AltSoftSerial.cpp:204:4: error: &#39;SET_COMPARE_A&#39; was not declared in this scope
    SET_COMPARE_A(target &#43; ticks_per_bit);
    ^~~~~~~~~~~~~
/home/ec2-user/arduino-testlib/cli-datadir/user/libraries/AIS_NB_BC95/src/AltSoftSerial.cpp:206:18: error: &#39;GET_TIMER_COUNT&#39; was not declared in this scope
    SET_COMPARE_A(GET_TIMER_COUNT() &#43; 16);
                  ^~~~~~~~~~~~~~~
/home/ec2-user/arduino-testlib/cli-datadir/user/libraries/AIS_NB_BC95/src/AltSoftSerial.cpp:206:18: note: suggested alternative: &#39;PWM_TIMER_COMPARE&#39;
    SET_COMPARE_A(GET_TIMER_COUNT() &#43; 16);
                  ^~~~~~~~~~~~~~~
                  PWM_TIMER_COMPARE
/home/ec2-user/arduino-testlib/cli-datadir/user/libraries/AIS_NB_BC95/src/AltSoftSerial.cpp:206:4: error: &#39;SET_COMPARE_A&#39; was not declared in this scope
    SET_COMPARE_A(GET_TIMER_COUNT() &#43; 16);
    ^~~~~~~~~~~~~
/home/ec2-user/arduino-testlib/cli-datadir/user/libraries/AIS_NB_BC95/src/AltSoftSerial.cpp: In function &#39;void CAPTURE_INTERRUPT()&#39;:
/home/ec2-user/arduino-testlib/cli-datadir/user/libraries/AIS_NB_BC95/src/AltSoftSerial.cpp:228:12: error: &#39;GET_INPUT_CAPTURE&#39; was not declared in this scope
  capture = GET_INPUT_CAPTURE();
            ^~~~~~~~~~~~~~~~~
/home/ec2-user/arduino-testlib/cli-datadir/user/libraries/AIS_NB_BC95/src/AltSoftSerial.cpp:231:3: error: &#39;CONFIG_CAPTURE_FALLING_EDGE&#39; was not declared in this scope
   CONFIG_CAPTURE_FALLING_EDGE();
   ^~~~~~~~~~~~~~~~~~~~~~~~~~~
/home/ec2-user/arduino-testlib/cli-datadir/user/libraries/AIS_NB_BC95/src/AltSoftSerial.cpp:234:3: error: &#39;CONFIG_CAPTURE_RISING_EDGE&#39; was not declared in this scope
   CONFIG_CAPTURE_RISING_EDGE();
   ^~~~~~~~~~~~~~~~~~~~~~~~~~
/home/ec2-user/arduino-testlib/cli-datadir/user/libraries/AIS_NB_BC95/src/AltSoftSerial.cpp:241:4: error: &#39;SET_COMPARE_B&#39; was not declared in this scope
    SET_COMPARE_B(end);
    ^~~~~~~~~~~~~
/home/ec2-user/arduino-testlib/cli-datadir/user/libraries/AIS_NB_BC95/src/AltSoftSerial.cpp:242:4: error: &#39;ENABLE_INT_COMPARE_B&#39; was not declared in this scope
    ENABLE_INT_COMPARE_B();
    ^~~~~~~~~~~~~~~~~~~~
/home/ec2-user/arduino-testlib/cli-datadir/user/libraries/AIS_NB_BC95/src/AltSoftSerial.cpp:256:5: error: &#39;DISABLE_INT_COMPARE_B&#39; was not declared in this scope
     DISABLE_INT_COMPARE_B();
     ^~~~~~~~~~~~~~~~~~~~~
/home/ec2-user/arduino-testlib/cli-datadir/user/libraries/AIS_NB_BC95/src/AltSoftSerial.cpp:263:5: error: &#39;CONFIG_CAPTURE_FALLING_EDGE&#39; was not declared in this scope
     CONFIG_CAPTURE_FALLING_EDGE();
     ^~~~~~~~~~~~~~~~~~~~~~~~~~~
/home/ec2-user/arduino-testlib/cli-datadir/user/libraries/AIS_NB_BC95/src/AltSoftSerial.cpp: In function &#39;void COMPARE_B_INTERRUPT()&#39;:
/home/ec2-user/arduino-testlib/cli-datadir/user/libraries/AIS_NB_BC95/src/AltSoftSerial.cpp:279:2: error: &#39;DISABLE_INT_COMPARE_B&#39; was not declared in this scope
  DISABLE_INT_COMPARE_B();
  ^~~~~~~~~~~~~~~~~~~~~
/home/ec2-user/arduino-testlib/cli-datadir/user/libraries/AIS_NB_BC95/src/AltSoftSerial.cpp:280:2: error: &#39;CONFIG_CAPTURE_FALLING_EDGE&#39; was not declared in this scope
  CONFIG_CAPTURE_FALLING_EDGE();
  ^~~~~~~~~~~~~~~~~~~~~~~~~~~

</pre>

					
					<h4>examples/SendDHTsensor</h4>
					<p>
						Result: <b>FAIL</b>
					</p>
					<pre class="pre-scrollable">In file included from /home/ec2-user/arduino-testlib/cli-datadir/user/libraries/AIS_NB_BC95/src/AltSoftSerial.cpp:35:0:
/home/ec2-user/arduino-testlib/cli-datadir/user/libraries/AIS_NB_BC95/src/config/AltSoftSerial_Boards.h:136:2: error: #error &#34;Please define your board timer and pins&#34;
 #error &#34;Please define your board timer and pins&#34;
  ^~~~~
/home/ec2-user/arduino-testlib/cli-datadir/user/libraries/AIS_NB_BC95/src/AltSoftSerial.cpp: In static member function &#39;static void AltSoftSerial::init(uint32_t)&#39;:
/home/ec2-user/arduino-testlib/cli-datadir/user/libraries/AIS_NB_BC95/src/AltSoftSerial.cpp:74:3: error: &#39;CONFIG_TIMER_NOPRESCALE&#39; was not declared in this scope
   CONFIG_TIMER_NOPRESCALE();
   ^~~~~~~~~~~~~~~~~~~~~~~
/home/ec2-user/arduino-testlib/cli-datadir/user/libraries/AIS_NB_BC95/src/AltSoftSerial.cpp:79:4: error: &#39;CONFIG_TIMER_PRESCALE_8&#39; was not declared in this scope
    CONFIG_TIMER_PRESCALE_8();
    ^~~~~~~~~~~~~~~~~~~~~~~
/home/ec2-user/arduino-testlib/cli-datadir/user/libraries/AIS_NB_BC95/src/AltSoftSerial.cpp:104:10: error: &#39;INPUT_CAPTURE_PIN&#39; was not declared in this scope
  pinMode(INPUT_CAPTURE_PIN, INPUT_PULLUP);
          ^~~~~~~~~~~~~~~~~
/home/ec2-user/arduino-testlib/cli-datadir/user/libraries/AIS_NB_BC95/src/AltSoftSerial.cpp:104:10: note: suggested alternative: &#39;INPUT_PULLDOWN&#39;
  pinMode(INPUT_CAPTURE_PIN, INPUT_PULLUP);
          ^~~~~~~~~~~~~~~~~
          INPUT_PULLDOWN
/home/ec2-user/arduino-testlib/cli-datadir/user/libraries/AIS_NB_BC95/src/AltSoftSerial.cpp:105:15: error: &#39;OUTPUT_COMPARE_A_PIN&#39; was not declared in this scope
  digitalWrite(OUTPUT_COMPARE_A_PIN, HIGH);
               ^~~~~~~~~~~~~~~~~~~~
/home/ec2-user/arduino-testlib/cli-datadir/user/libraries/AIS_NB_BC95/src/AltSoftSerial.cpp:113:2: error: &#39;ENABLE_INT_INPUT_CAPTURE&#39; was not declared in this scope
  ENABLE_INT_INPUT_CAPTURE();
  ^~~~~~~~~~~~~~~~~~~~~~~~
/home/ec2-user/arduino-testlib/cli-datadir/user/libraries/AIS_NB_BC95/src/AltSoftSerial.cpp: In static member function &#39;static void AltSoftSerial::end()&#39;:
/home/ec2-user/arduino-testlib/cli-datadir/user/libraries/AIS_NB_BC95/src/AltSoftSerial.cpp:118:2: error: &#39;DISABLE_INT_COMPARE_B&#39; was not declared in this scope
  DISABLE_INT_COMPARE_B();
  ^~~~~~~~~~~~~~~~~~~~~
/home/ec2-user/arduino-testlib/cli-datadir/user/libraries/AIS_NB_BC95/src/AltSoftSerial.cpp:119:2: error: &#39;DISABLE_INT_INPUT_CAPTURE&#39; was not declared in this scope
  DISABLE_INT_INPUT_CAPTURE();
  ^~~~~~~~~~~~~~~~~~~~~~~~~
/home/ec2-user/arduino-testlib/cli-datadir/user/libraries/AIS_NB_BC95/src/AltSoftSerial.cpp:122:2: error: &#39;DISABLE_INT_COMPARE_A&#39; was not declared in this scope
  DISABLE_INT_COMPARE_A();
  ^~~~~~~~~~~~~~~~~~~~~
/home/ec2-user/arduino-testlib/cli-datadir/user/libraries/AIS_NB_BC95/src/AltSoftSerial.cpp: In static member function &#39;static void AltSoftSerial::writeByte(uint8_t)&#39;:
/home/ec2-user/arduino-testlib/cli-datadir/user/libraries/AIS_NB_BC95/src/AltSoftSerial.cpp:147:3: error: &#39;ENABLE_INT_COMPARE_A&#39; was not declared in this scope
   ENABLE_INT_COMPARE_A();
   ^~~~~~~~~~~~~~~~~~~~
/home/ec2-user/arduino-testlib/cli-datadir/user/libraries/AIS_NB_BC95/src/AltSoftSerial.cpp:148:3: error: &#39;CONFIG_MATCH_CLEAR&#39; was not declared in this scope
   CONFIG_MATCH_CLEAR();
   ^~~~~~~~~~~~~~~~~~
/home/ec2-user/arduino-testlib/cli-datadir/user/libraries/AIS_NB_BC95/src/AltSoftSerial.cpp:149:17: error: &#39;GET_TIMER_COUNT&#39; was not declared in this scope
   SET_COMPARE_A(GET_TIMER_COUNT() &#43; 16);
                 ^~~~~~~~~~~~~~~
/home/ec2-user/arduino-testlib/cli-datadir/user/libraries/AIS_NB_BC95/src/AltSoftSerial.cpp:149:17: note: suggested alternative: &#39;PWM_TIMER_COMPARE&#39;
   SET_COMPARE_A(GET_TIMER_COUNT() &#43; 16);
                 ^~~~~~~~~~~~~~~
                 PWM_TIMER_COMPARE
/home/ec2-user/arduino-testlib/cli-datadir/user/libraries/AIS_NB_BC95/src/AltSoftSerial.cpp:149:3: error: &#39;SET_COMPARE_A&#39; was not declared in this scope
   SET_COMPARE_A(GET_TIMER_COUNT() &#43; 16);
   ^~~~~~~~~~~~~
/home/ec2-user/arduino-testlib/cli-datadir/user/libraries/AIS_NB_BC95/src/AltSoftSerial.cpp: In function &#39;void COMPARE_A_INTERRUPT()&#39;:
/home/ec2-user/arduino-testlib/cli-datadir/user/libraries/AIS_NB_BC95/src/AltSoftSerial.cpp:162:11: error: &#39;GET_COMPARE_A&#39; was not declared in this scope
  target = GET_COMPARE_A();
           ^~~~~~~~~~~~~
/home/ec2-user/arduino-testlib/cli-datadir/user/libraries/AIS_NB_BC95/src/AltSoftSerial.cpp:173:5: error: &#39;CONFIG_MATCH_SET&#39; was not declared in this scope
     CONFIG_MATCH_SET();
     ^~~~~~~~~~~~~~~~
/home/ec2-user/arduino-testlib/cli-datadir/user/libraries/AIS_NB_BC95/src/AltSoftSerial.cpp:175:5: error: &#39;CONFIG_MATCH_CLEAR&#39; was not declared in this scope
     CONFIG_MATCH_CLEAR();
     ^~~~~~~~~~~~~~~~~~
/home/ec2-user/arduino-testlib/cli-datadir/user/libraries/AIS_NB_BC95/src/AltSoftSerial.cpp:177:4: error: &#39;SET_COMPARE_A&#39; was not declared in this scope
    SET_COMPARE_A(target);
    ^~~~~~~~~~~~~
/home/ec2-user/arduino-testlib/cli-datadir/user/libraries/AIS_NB_BC95/src/AltSoftSerial.cpp:191:4: error: &#39;SET_COMPARE_A&#39; was not declared in this scope
    SET_COMPARE_A(target &#43; ticks_per_bit);
    ^~~~~~~~~~~~~
/home/ec2-user/arduino-testlib/cli-datadir/user/libraries/AIS_NB_BC95/src/AltSoftSerial.cpp:194:4: error: &#39;CONFIG_MATCH_NORMAL&#39; was not declared in this scope
    CONFIG_MATCH_NORMAL();
    ^~~~~~~~~~~~~~~~~~~
/home/ec2-user/arduino-testlib/cli-datadir/user/libraries/AIS_NB_BC95/src/AltSoftSerial.cpp:195:4: error: &#39;DISABLE_INT_COMPARE_A&#39; was not declared in this scope
    DISABLE_INT_COMPARE_A();
    ^~~~~~~~~~~~~~~~~~~~~
/home/ec2-user/arduino-testlib/cli-datadir/user/libraries/AIS_NB_BC95/src/AltSoftSerial.cpp:202:3: error: &#39;CONFIG_MATCH_CLEAR&#39; was not declared in this scope
   CONFIG_MATCH_CLEAR();
   ^~~~~~~~~~~~~~~~~~
/home/ec2-user/arduino-testlib/cli-datadir/user/libraries/AIS_NB_BC95/src/AltSoftSerial.cpp:204:4: error: &#39;SET_COMPARE_A&#39; was not declared in this scope
    SET_COMPARE_A(target &#43; ticks_per_bit);
    ^~~~~~~~~~~~~
/home/ec2-user/arduino-testlib/cli-datadir/user/libraries/AIS_NB_BC95/src/AltSoftSerial.cpp:206:18: error: &#39;GET_TIMER_COUNT&#39; was not declared in this scope
    SET_COMPARE_A(GET_TIMER_COUNT() &#43; 16);
                  ^~~~~~~~~~~~~~~
/home/ec2-user/arduino-testlib/cli-datadir/user/libraries/AIS_NB_BC95/src/AltSoftSerial.cpp:206:18: note: suggested alternative: &#39;PWM_TIMER_COMPARE&#39;
    SET_COMPARE_A(GET_TIMER_COUNT() &#43; 16);
                  ^~~~~~~~~~~~~~~
                  PWM_TIMER_COMPARE
/home/ec2-user/arduino-testlib/cli-datadir/user/libraries/AIS_NB_BC95/src/AltSoftSerial.cpp:206:4: error: &#39;SET_COMPARE_A&#39; was not declared in this scope
    SET_COMPARE_A(GET_TIMER_COUNT() &#43; 16);
    ^~~~~~~~~~~~~
/home/ec2-user/arduino-testlib/cli-datadir/user/libraries/AIS_NB_BC95/src/AltSoftSerial.cpp: In function &#39;void CAPTURE_INTERRUPT()&#39;:
/home/ec2-user/arduino-testlib/cli-datadir/user/libraries/AIS_NB_BC95/src/AltSoftSerial.cpp:228:12: error: &#39;GET_INPUT_CAPTURE&#39; was not declared in this scope
  capture = GET_INPUT_CAPTURE();
            ^~~~~~~~~~~~~~~~~
/home/ec2-user/arduino-testlib/cli-datadir/user/libraries/AIS_NB_BC95/src/AltSoftSerial.cpp:231:3: error: &#39;CONFIG_CAPTURE_FALLING_EDGE&#39; was not declared in this scope
   CONFIG_CAPTURE_FALLING_EDGE();
   ^~~~~~~~~~~~~~~~~~~~~~~~~~~
/home/ec2-user/arduino-testlib/cli-datadir/user/libraries/AIS_NB_BC95/src/AltSoftSerial.cpp:234:3: error: &#39;CONFIG_CAPTURE_RISING_EDGE&#39; was not declared in this scope
   CONFIG_CAPTURE_RISING_EDGE();
   ^~~~~~~~~~~~~~~~~~~~~~~~~~
/home/ec2-user/arduino-testlib/cli-datadir/user/libraries/AIS_NB_BC95/src/AltSoftSerial.cpp:241:4: error: &#39;SET_COMPARE_B&#39; was not declared in this scope
    SET_COMPARE_B(end);
    ^~~~~~~~~~~~~
/home/ec2-user/arduino-testlib/cli-datadir/user/libraries/AIS_NB_BC95/src/AltSoftSerial.cpp:242:4: error: &#39;ENABLE_INT_COMPARE_B&#39; was not declared in this scope
    ENABLE_INT_COMPARE_B();
    ^~~~~~~~~~~~~~~~~~~~
/home/ec2-user/arduino-testlib/cli-datadir/user/libraries/AIS_NB_BC95/src/AltSoftSerial.cpp:256:5: error: &#39;DISABLE_INT_COMPARE_B&#39; was not declared in this scope
     DISABLE_INT_COMPARE_B();
     ^~~~~~~~~~~~~~~~~~~~~
/home/ec2-user/arduino-testlib/cli-datadir/user/libraries/AIS_NB_BC95/src/AltSoftSerial.cpp:263:5: error: &#39;CONFIG_CAPTURE_FALLING_EDGE&#39; was not declared in this scope
     CONFIG_CAPTURE_FALLING_EDGE();
     ^~~~~~~~~~~~~~~~~~~~~~~~~~~
/home/ec2-user/arduino-testlib/cli-datadir/user/libraries/AIS_NB_BC95/src/AltSoftSerial.cpp: In function &#39;void COMPARE_B_INTERRUPT()&#39;:
/home/ec2-user/arduino-testlib/cli-datadir/user/libraries/AIS_NB_BC95/src/AltSoftSerial.cpp:279:2: error: &#39;DISABLE_INT_COMPARE_B&#39; was not declared in this scope
  DISABLE_INT_COMPARE_B();
  ^~~~~~~~~~~~~~~~~~~~~
/home/ec2-user/arduino-testlib/cli-datadir/user/libraries/AIS_NB_BC95/src/AltSoftSerial.cpp:280:2: error: &#39;CONFIG_CAPTURE_FALLING_EDGE&#39; was not declared in this scope
  CONFIG_CAPTURE_FALLING_EDGE();
  ^~~~~~~~~~~~~~~~~~~~~~~~~~~
Multiple libraries were found for &#34;DHT.h&#34;
  Used: /home/ec2-user/arduino-testlib/cli-datadir/user/libraries/DHT_sensor_library
  Not used: /home/ec2-user/arduino-testlib/cli-datadir/user/libraries/NanoPlayBoard
  Not used: /home/ec2-user/arduino-testlib/cli-datadir/user/libraries/Grove_Temperature_And_Humidity_Sensor
  Not used: /home/ec2-user/arduino-testlib/cli-datadir/user/libraries/uKit_Explore
Multiple libraries were found for &#34;Adafruit_Sensor.h&#34;
  Used: /home/ec2-user/arduino-testlib/cli-datadir/user/libraries/Adafruit_Unified_Sensor
  Not used: /home/ec2-user/arduino-testlib/cli-datadir/user/libraries/ClimaStick
  Not used: /home/ec2-user/arduino-testlib/cli-datadir/user/libraries/ArdUAV
</pre>
					
					<h4>examples/SendDataToDashboard</h4>
					<p>
						Result: <b>FAIL</b>
					</p>
					<pre class="pre-scrollable">In file included from /home/ec2-user/arduino-testlib/cli-datadir/user/libraries/AIS_NB_BC95/src/AltSoftSerial.cpp:35:0:
/home/ec2-user/arduino-testlib/cli-datadir/user/libraries/AIS_NB_BC95/src/config/AltSoftSerial_Boards.h:136:2: error: #error &#34;Please define your board timer and pins&#34;
 #error &#34;Please define your board timer and pins&#34;
  ^~~~~
/home/ec2-user/arduino-testlib/cli-datadir/user/libraries/AIS_NB_BC95/src/AltSoftSerial.cpp: In static member function &#39;static void AltSoftSerial::init(uint32_t)&#39;:
/home/ec2-user/arduino-testlib/cli-datadir/user/libraries/AIS_NB_BC95/src/AltSoftSerial.cpp:74:3: error: &#39;CONFIG_TIMER_NOPRESCALE&#39; was not declared in this scope
   CONFIG_TIMER_NOPRESCALE();
   ^~~~~~~~~~~~~~~~~~~~~~~
/home/ec2-user/arduino-testlib/cli-datadir/user/libraries/AIS_NB_BC95/src/AltSoftSerial.cpp:79:4: error: &#39;CONFIG_TIMER_PRESCALE_8&#39; was not declared in this scope
    CONFIG_TIMER_PRESCALE_8();
    ^~~~~~~~~~~~~~~~~~~~~~~
/home/ec2-user/arduino-testlib/cli-datadir/user/libraries/AIS_NB_BC95/src/AltSoftSerial.cpp:104:10: error: &#39;INPUT_CAPTURE_PIN&#39; was not declared in this scope
  pinMode(INPUT_CAPTURE_PIN, INPUT_PULLUP);
          ^~~~~~~~~~~~~~~~~
/home/ec2-user/arduino-testlib/cli-datadir/user/libraries/AIS_NB_BC95/src/AltSoftSerial.cpp:104:10: note: suggested alternative: &#39;INPUT_PULLDOWN&#39;
  pinMode(INPUT_CAPTURE_PIN, INPUT_PULLUP);
          ^~~~~~~~~~~~~~~~~
          INPUT_PULLDOWN
/home/ec2-user/arduino-testlib/cli-datadir/user/libraries/AIS_NB_BC95/src/AltSoftSerial.cpp:105:15: error: &#39;OUTPUT_COMPARE_A_PIN&#39; was not declared in this scope
  digitalWrite(OUTPUT_COMPARE_A_PIN, HIGH);
               ^~~~~~~~~~~~~~~~~~~~
/home/ec2-user/arduino-testlib/cli-datadir/user/libraries/AIS_NB_BC95/src/AltSoftSerial.cpp:113:2: error: &#39;ENABLE_INT_INPUT_CAPTURE&#39; was not declared in this scope
  ENABLE_INT_INPUT_CAPTURE();
  ^~~~~~~~~~~~~~~~~~~~~~~~
/home/ec2-user/arduino-testlib/cli-datadir/user/libraries/AIS_NB_BC95/src/AltSoftSerial.cpp: In static member function &#39;static void AltSoftSerial::end()&#39;:
/home/ec2-user/arduino-testlib/cli-datadir/user/libraries/AIS_NB_BC95/src/AltSoftSerial.cpp:118:2: error: &#39;DISABLE_INT_COMPARE_B&#39; was not declared in this scope
  DISABLE_INT_COMPARE_B();
  ^~~~~~~~~~~~~~~~~~~~~
/home/ec2-user/arduino-testlib/cli-datadir/user/libraries/AIS_NB_BC95/src/AltSoftSerial.cpp:119:2: error: &#39;DISABLE_INT_INPUT_CAPTURE&#39; was not declared in this scope
  DISABLE_INT_INPUT_CAPTURE();
  ^~~~~~~~~~~~~~~~~~~~~~~~~
/home/ec2-user/arduino-testlib/cli-datadir/user/libraries/AIS_NB_BC95/src/AltSoftSerial.cpp:122:2: error: &#39;DISABLE_INT_COMPARE_A&#39; was not declared in this scope
  DISABLE_INT_COMPARE_A();
  ^~~~~~~~~~~~~~~~~~~~~
/home/ec2-user/arduino-testlib/cli-datadir/user/libraries/AIS_NB_BC95/src/AltSoftSerial.cpp: In static member function &#39;static void AltSoftSerial::writeByte(uint8_t)&#39;:
/home/ec2-user/arduino-testlib/cli-datadir/user/libraries/AIS_NB_BC95/src/AltSoftSerial.cpp:147:3: error: &#39;ENABLE_INT_COMPARE_A&#39; was not declared in this scope
   ENABLE_INT_COMPARE_A();
   ^~~~~~~~~~~~~~~~~~~~
/home/ec2-user/arduino-testlib/cli-datadir/user/libraries/AIS_NB_BC95/src/AltSoftSerial.cpp:148:3: error: &#39;CONFIG_MATCH_CLEAR&#39; was not declared in this scope
   CONFIG_MATCH_CLEAR();
   ^~~~~~~~~~~~~~~~~~
/home/ec2-user/arduino-testlib/cli-datadir/user/libraries/AIS_NB_BC95/src/AltSoftSerial.cpp:149:17: error: &#39;GET_TIMER_COUNT&#39; was not declared in this scope
   SET_COMPARE_A(GET_TIMER_COUNT() &#43; 16);
                 ^~~~~~~~~~~~~~~
/home/ec2-user/arduino-testlib/cli-datadir/user/libraries/AIS_NB_BC95/src/AltSoftSerial.cpp:149:17: note: suggested alternative: &#39;PWM_TIMER_COMPARE&#39;
   SET_COMPARE_A(GET_TIMER_COUNT() &#43; 16);
                 ^~~~~~~~~~~~~~~
                 PWM_TIMER_COMPARE
/home/ec2-user/arduino-testlib/cli-datadir/user/libraries/AIS_NB_BC95/src/AltSoftSerial.cpp:149:3: error: &#39;SET_COMPARE_A&#39; was not declared in this scope
   SET_COMPARE_A(GET_TIMER_COUNT() &#43; 16);
   ^~~~~~~~~~~~~
/home/ec2-user/arduino-testlib/cli-datadir/user/libraries/AIS_NB_BC95/src/AltSoftSerial.cpp: In function &#39;void COMPARE_A_INTERRUPT()&#39;:
/home/ec2-user/arduino-testlib/cli-datadir/user/libraries/AIS_NB_BC95/src/AltSoftSerial.cpp:162:11: error: &#39;GET_COMPARE_A&#39; was not declared in this scope
  target = GET_COMPARE_A();
           ^~~~~~~~~~~~~
/home/ec2-user/arduino-testlib/cli-datadir/user/libraries/AIS_NB_BC95/src/AltSoftSerial.cpp:173:5: error: &#39;CONFIG_MATCH_SET&#39; was not declared in this scope
     CONFIG_MATCH_SET();
     ^~~~~~~~~~~~~~~~
/home/ec2-user/arduino-testlib/cli-datadir/user/libraries/AIS_NB_BC95/src/AltSoftSerial.cpp:175:5: error: &#39;CONFIG_MATCH_CLEAR&#39; was not declared in this scope
     CONFIG_MATCH_CLEAR();
     ^~~~~~~~~~~~~~~~~~
/home/ec2-user/arduino-testlib/cli-datadir/user/libraries/AIS_NB_BC95/src/AltSoftSerial.cpp:177:4: error: &#39;SET_COMPARE_A&#39; was not declared in this scope
    SET_COMPARE_A(target);
    ^~~~~~~~~~~~~
/home/ec2-user/arduino-testlib/cli-datadir/user/libraries/AIS_NB_BC95/src/AltSoftSerial.cpp:191:4: error: &#39;SET_COMPARE_A&#39; was not declared in this scope
    SET_COMPARE_A(target &#43; ticks_per_bit);
    ^~~~~~~~~~~~~
/home/ec2-user/arduino-testlib/cli-datadir/user/libraries/AIS_NB_BC95/src/AltSoftSerial.cpp:194:4: error: &#39;CONFIG_MATCH_NORMAL&#39; was not declared in this scope
    CONFIG_MATCH_NORMAL();
    ^~~~~~~~~~~~~~~~~~~
/home/ec2-user/arduino-testlib/cli-datadir/user/libraries/AIS_NB_BC95/src/AltSoftSerial.cpp:195:4: error: &#39;DISABLE_INT_COMPARE_A&#39; was not declared in this scope
    DISABLE_INT_COMPARE_A();
    ^~~~~~~~~~~~~~~~~~~~~
/home/ec2-user/arduino-testlib/cli-datadir/user/libraries/AIS_NB_BC95/src/AltSoftSerial.cpp:202:3: error: &#39;CONFIG_MATCH_CLEAR&#39; was not declared in this scope
   CONFIG_MATCH_CLEAR();
   ^~~~~~~~~~~~~~~~~~
/home/ec2-user/arduino-testlib/cli-datadir/user/libraries/AIS_NB_BC95/src/AltSoftSerial.cpp:204:4: error: &#39;SET_COMPARE_A&#39; was not declared in this scope
    SET_COMPARE_A(target &#43; ticks_per_bit);
    ^~~~~~~~~~~~~
/home/ec2-user/arduino-testlib/cli-datadir/user/libraries/AIS_NB_BC95/src/AltSoftSerial.cpp:206:18: error: &#39;GET_TIMER_COUNT&#39; was not declared in this scope
    SET_COMPARE_A(GET_TIMER_COUNT() &#43; 16);
                  ^~~~~~~~~~~~~~~
/home/ec2-user/arduino-testlib/cli-datadir/user/libraries/AIS_NB_BC95/src/AltSoftSerial.cpp:206:18: note: suggested alternative: &#39;PWM_TIMER_COMPARE&#39;
    SET_COMPARE_A(GET_TIMER_COUNT() &#43; 16);
                  ^~~~~~~~~~~~~~~
                  PWM_TIMER_COMPARE
/home/ec2-user/arduino-testlib/cli-datadir/user/libraries/AIS_NB_BC95/src/AltSoftSerial.cpp:206:4: error: &#39;SET_COMPARE_A&#39; was not declared in this scope
    SET_COMPARE_A(GET_TIMER_COUNT() &#43; 16);
    ^~~~~~~~~~~~~
/home/ec2-user/arduino-testlib/cli-datadir/user/libraries/AIS_NB_BC95/src/AltSoftSerial.cpp: In function &#39;void CAPTURE_INTERRUPT()&#39;:
/home/ec2-user/arduino-testlib/cli-datadir/user/libraries/AIS_NB_BC95/src/AltSoftSerial.cpp:228:12: error: &#39;GET_INPUT_CAPTURE&#39; was not declared in this scope
  capture = GET_INPUT_CAPTURE();
            ^~~~~~~~~~~~~~~~~
/home/ec2-user/arduino-testlib/cli-datadir/user/libraries/AIS_NB_BC95/src/AltSoftSerial.cpp:231:3: error: &#39;CONFIG_CAPTURE_FALLING_EDGE&#39; was not declared in this scope
   CONFIG_CAPTURE_FALLING_EDGE();
   ^~~~~~~~~~~~~~~~~~~~~~~~~~~
/home/ec2-user/arduino-testlib/cli-datadir/user/libraries/AIS_NB_BC95/src/AltSoftSerial.cpp:234:3: error: &#39;CONFIG_CAPTURE_RISING_EDGE&#39; was not declared in this scope
   CONFIG_CAPTURE_RISING_EDGE();
   ^~~~~~~~~~~~~~~~~~~~~~~~~~
/home/ec2-user/arduino-testlib/cli-datadir/user/libraries/AIS_NB_BC95/src/AltSoftSerial.cpp:241:4: error: &#39;SET_COMPARE_B&#39; was not declared in this scope
    SET_COMPARE_B(end);
    ^~~~~~~~~~~~~
/home/ec2-user/arduino-testlib/cli-datadir/user/libraries/AIS_NB_BC95/src/AltSoftSerial.cpp:242:4: error: &#39;ENABLE_INT_COMPARE_B&#39; was not declared in this scope
    ENABLE_INT_COMPARE_B();
    ^~~~~~~~~~~~~~~~~~~~
/home/ec2-user/arduino-testlib/cli-datadir/user/libraries/AIS_NB_BC95/src/AltSoftSerial.cpp:256:5: error: &#39;DISABLE_INT_COMPARE_B&#39; was not declared in this scope
     DISABLE_INT_COMPARE_B();
     ^~~~~~~~~~~~~~~~~~~~~
/home/ec2-user/arduino-testlib/cli-datadir/user/libraries/AIS_NB_BC95/src/AltSoftSerial.cpp:263:5: error: &#39;CONFIG_CAPTURE_FALLING_EDGE&#39; was not declared in this scope
     CONFIG_CAPTURE_FALLING_EDGE();
     ^~~~~~~~~~~~~~~~~~~~~~~~~~~
/home/ec2-user/arduino-testlib/cli-datadir/user/libraries/AIS_NB_BC95/src/AltSoftSerial.cpp: In function &#39;void COMPARE_B_INTERRUPT()&#39;:
/home/ec2-user/arduino-testlib/cli-datadir/user/libraries/AIS_NB_BC95/src/AltSoftSerial.cpp:279:2: error: &#39;DISABLE_INT_COMPARE_B&#39; was not declared in this scope
  DISABLE_INT_COMPARE_B();
  ^~~~~~~~~~~~~~~~~~~~~
/home/ec2-user/arduino-testlib/cli-datadir/user/libraries/AIS_NB_BC95/src/AltSoftSerial.cpp:280:2: error: &#39;CONFIG_CAPTURE_FALLING_EDGE&#39; was not declared in this scope
  CONFIG_CAPTURE_FALLING_EDGE();
  ^~~~~~~~~~~~~~~~~~~~~~~~~~~

</pre>
					
					<h4>examples/SendDataToDashboard_with_pushLineNotify</h4>
					<p>
						Result: <b>FAIL</b>
					</p>
					<pre class="pre-scrollable">In file included from /home/ec2-user/arduino-testlib/cli-datadir/user/libraries/AIS_NB_BC95/src/AltSoftSerial.cpp:35:0:
/home/ec2-user/arduino-testlib/cli-datadir/user/libraries/AIS_NB_BC95/src/config/AltSoftSerial_Boards.h:136:2: error: #error &#34;Please define your board timer and pins&#34;
 #error &#34;Please define your board timer and pins&#34;
  ^~~~~
/home/ec2-user/arduino-testlib/cli-datadir/user/libraries/AIS_NB_BC95/src/AltSoftSerial.cpp: In static member function &#39;static void AltSoftSerial::init(uint32_t)&#39;:
/home/ec2-user/arduino-testlib/cli-datadir/user/libraries/AIS_NB_BC95/src/AltSoftSerial.cpp:74:3: error: &#39;CONFIG_TIMER_NOPRESCALE&#39; was not declared in this scope
   CONFIG_TIMER_NOPRESCALE();
   ^~~~~~~~~~~~~~~~~~~~~~~
/home/ec2-user/arduino-testlib/cli-datadir/user/libraries/AIS_NB_BC95/src/AltSoftSerial.cpp:79:4: error: &#39;CONFIG_TIMER_PRESCALE_8&#39; was not declared in this scope
    CONFIG_TIMER_PRESCALE_8();
    ^~~~~~~~~~~~~~~~~~~~~~~
/home/ec2-user/arduino-testlib/cli-datadir/user/libraries/AIS_NB_BC95/src/AltSoftSerial.cpp:104:10: error: &#39;INPUT_CAPTURE_PIN&#39; was not declared in this scope
  pinMode(INPUT_CAPTURE_PIN, INPUT_PULLUP);
          ^~~~~~~~~~~~~~~~~
/home/ec2-user/arduino-testlib/cli-datadir/user/libraries/AIS_NB_BC95/src/AltSoftSerial.cpp:104:10: note: suggested alternative: &#39;INPUT_PULLDOWN&#39;
  pinMode(INPUT_CAPTURE_PIN, INPUT_PULLUP);
          ^~~~~~~~~~~~~~~~~
          INPUT_PULLDOWN
/home/ec2-user/arduino-testlib/cli-datadir/user/libraries/AIS_NB_BC95/src/AltSoftSerial.cpp:105:15: error: &#39;OUTPUT_COMPARE_A_PIN&#39; was not declared in this scope
  digitalWrite(OUTPUT_COMPARE_A_PIN, HIGH);
               ^~~~~~~~~~~~~~~~~~~~
/home/ec2-user/arduino-testlib/cli-datadir/user/libraries/AIS_NB_BC95/src/AltSoftSerial.cpp:113:2: error: &#39;ENABLE_INT_INPUT_CAPTURE&#39; was not declared in this scope
  ENABLE_INT_INPUT_CAPTURE();
  ^~~~~~~~~~~~~~~~~~~~~~~~
/home/ec2-user/arduino-testlib/cli-datadir/user/libraries/AIS_NB_BC95/src/AltSoftSerial.cpp: In static member function &#39;static void AltSoftSerial::end()&#39;:
/home/ec2-user/arduino-testlib/cli-datadir/user/libraries/AIS_NB_BC95/src/AltSoftSerial.cpp:118:2: error: &#39;DISABLE_INT_COMPARE_B&#39; was not declared in this scope
  DISABLE_INT_COMPARE_B();
  ^~~~~~~~~~~~~~~~~~~~~
/home/ec2-user/arduino-testlib/cli-datadir/user/libraries/AIS_NB_BC95/src/AltSoftSerial.cpp:119:2: error: &#39;DISABLE_INT_INPUT_CAPTURE&#39; was not declared in this scope
  DISABLE_INT_INPUT_CAPTURE();
  ^~~~~~~~~~~~~~~~~~~~~~~~~
/home/ec2-user/arduino-testlib/cli-datadir/user/libraries/AIS_NB_BC95/src/AltSoftSerial.cpp:122:2: error: &#39;DISABLE_INT_COMPARE_A&#39; was not declared in this scope
  DISABLE_INT_COMPARE_A();
  ^~~~~~~~~~~~~~~~~~~~~
/home/ec2-user/arduino-testlib/cli-datadir/user/libraries/AIS_NB_BC95/src/AltSoftSerial.cpp: In static member function &#39;static void AltSoftSerial::writeByte(uint8_t)&#39;:
/home/ec2-user/arduino-testlib/cli-datadir/user/libraries/AIS_NB_BC95/src/AltSoftSerial.cpp:147:3: error: &#39;ENABLE_INT_COMPARE_A&#39; was not declared in this scope
   ENABLE_INT_COMPARE_A();
   ^~~~~~~~~~~~~~~~~~~~
/home/ec2-user/arduino-testlib/cli-datadir/user/libraries/AIS_NB_BC95/src/AltSoftSerial.cpp:148:3: error: &#39;CONFIG_MATCH_CLEAR&#39; was not declared in this scope
   CONFIG_MATCH_CLEAR();
   ^~~~~~~~~~~~~~~~~~
/home/ec2-user/arduino-testlib/cli-datadir/user/libraries/AIS_NB_BC95/src/AltSoftSerial.cpp:149:17: error: &#39;GET_TIMER_COUNT&#39; was not declared in this scope
   SET_COMPARE_A(GET_TIMER_COUNT() &#43; 16);
                 ^~~~~~~~~~~~~~~
/home/ec2-user/arduino-testlib/cli-datadir/user/libraries/AIS_NB_BC95/src/AltSoftSerial.cpp:149:17: note: suggested alternative: &#39;PWM_TIMER_COMPARE&#39;
   SET_COMPARE_A(GET_TIMER_COUNT() &#43; 16);
                 ^~~~~~~~~~~~~~~
                 PWM_TIMER_COMPARE
/home/ec2-user/arduino-testlib/cli-datadir/user/libraries/AIS_NB_BC95/src/AltSoftSerial.cpp:149:3: error: &#39;SET_COMPARE_A&#39; was not declared in this scope
   SET_COMPARE_A(GET_TIMER_COUNT() &#43; 16);
   ^~~~~~~~~~~~~
/home/ec2-user/arduino-testlib/cli-datadir/user/libraries/AIS_NB_BC95/src/AltSoftSerial.cpp: In function &#39;void COMPARE_A_INTERRUPT()&#39;:
/home/ec2-user/arduino-testlib/cli-datadir/user/libraries/AIS_NB_BC95/src/AltSoftSerial.cpp:162:11: error: &#39;GET_COMPARE_A&#39; was not declared in this scope
  target = GET_COMPARE_A();
           ^~~~~~~~~~~~~
/home/ec2-user/arduino-testlib/cli-datadir/user/libraries/AIS_NB_BC95/src/AltSoftSerial.cpp:173:5: error: &#39;CONFIG_MATCH_SET&#39; was not declared in this scope
     CONFIG_MATCH_SET();
     ^~~~~~~~~~~~~~~~
/home/ec2-user/arduino-testlib/cli-datadir/user/libraries/AIS_NB_BC95/src/AltSoftSerial.cpp:175:5: error: &#39;CONFIG_MATCH_CLEAR&#39; was not declared in this scope
     CONFIG_MATCH_CLEAR();
     ^~~~~~~~~~~~~~~~~~
/home/ec2-user/arduino-testlib/cli-datadir/user/libraries/AIS_NB_BC95/src/AltSoftSerial.cpp:177:4: error: &#39;SET_COMPARE_A&#39; was not declared in this scope
    SET_COMPARE_A(target);
    ^~~~~~~~~~~~~
/home/ec2-user/arduino-testlib/cli-datadir/user/libraries/AIS_NB_BC95/src/AltSoftSerial.cpp:191:4: error: &#39;SET_COMPARE_A&#39; was not declared in this scope
    SET_COMPARE_A(target &#43; ticks_per_bit);
    ^~~~~~~~~~~~~
/home/ec2-user/arduino-testlib/cli-datadir/user/libraries/AIS_NB_BC95/src/AltSoftSerial.cpp:194:4: error: &#39;CONFIG_MATCH_NORMAL&#39; was not declared in this scope
    CONFIG_MATCH_NORMAL();
    ^~~~~~~~~~~~~~~~~~~
/home/ec2-user/arduino-testlib/cli-datadir/user/libraries/AIS_NB_BC95/src/AltSoftSerial.cpp:195:4: error: &#39;DISABLE_INT_COMPARE_A&#39; was not declared in this scope
    DISABLE_INT_COMPARE_A();
    ^~~~~~~~~~~~~~~~~~~~~
/home/ec2-user/arduino-testlib/cli-datadir/user/libraries/AIS_NB_BC95/src/AltSoftSerial.cpp:202:3: error: &#39;CONFIG_MATCH_CLEAR&#39; was not declared in this scope
   CONFIG_MATCH_CLEAR();
   ^~~~~~~~~~~~~~~~~~
/home/ec2-user/arduino-testlib/cli-datadir/user/libraries/AIS_NB_BC95/src/AltSoftSerial.cpp:204:4: error: &#39;SET_COMPARE_A&#39; was not declared in this scope
    SET_COMPARE_A(target &#43; ticks_per_bit);
    ^~~~~~~~~~~~~
/home/ec2-user/arduino-testlib/cli-datadir/user/libraries/AIS_NB_BC95/src/AltSoftSerial.cpp:206:18: error: &#39;GET_TIMER_COUNT&#39; was not declared in this scope
    SET_COMPARE_A(GET_TIMER_COUNT() &#43; 16);
                  ^~~~~~~~~~~~~~~
/home/ec2-user/arduino-testlib/cli-datadir/user/libraries/AIS_NB_BC95/src/AltSoftSerial.cpp:206:18: note: suggested alternative: &#39;PWM_TIMER_COMPARE&#39;
    SET_COMPARE_A(GET_TIMER_COUNT() &#43; 16);
                  ^~~~~~~~~~~~~~~
                  PWM_TIMER_COMPARE
/home/ec2-user/arduino-testlib/cli-datadir/user/libraries/AIS_NB_BC95/src/AltSoftSerial.cpp:206:4: error: &#39;SET_COMPARE_A&#39; was not declared in this scope
    SET_COMPARE_A(GET_TIMER_COUNT() &#43; 16);
    ^~~~~~~~~~~~~
/home/ec2-user/arduino-testlib/cli-datadir/user/libraries/AIS_NB_BC95/src/AltSoftSerial.cpp: In function &#39;void CAPTURE_INTERRUPT()&#39;:
/home/ec2-user/arduino-testlib/cli-datadir/user/libraries/AIS_NB_BC95/src/AltSoftSerial.cpp:228:12: error: &#39;GET_INPUT_CAPTURE&#39; was not declared in this scope
  capture = GET_INPUT_CAPTURE();
            ^~~~~~~~~~~~~~~~~
/home/ec2-user/arduino-testlib/cli-datadir/user/libraries/AIS_NB_BC95/src/AltSoftSerial.cpp:231:3: error: &#39;CONFIG_CAPTURE_FALLING_EDGE&#39; was not declared in this scope
   CONFIG_CAPTURE_FALLING_EDGE();
   ^~~~~~~~~~~~~~~~~~~~~~~~~~~
/home/ec2-user/arduino-testlib/cli-datadir/user/libraries/AIS_NB_BC95/src/AltSoftSerial.cpp:234:3: error: &#39;CONFIG_CAPTURE_RISING_EDGE&#39; was not declared in this scope
   CONFIG_CAPTURE_RISING_EDGE();
   ^~~~~~~~~~~~~~~~~~~~~~~~~~
/home/ec2-user/arduino-testlib/cli-datadir/user/libraries/AIS_NB_BC95/src/AltSoftSerial.cpp:241:4: error: &#39;SET_COMPARE_B&#39; was not declared in this scope
    SET_COMPARE_B(end);
    ^~~~~~~~~~~~~
/home/ec2-user/arduino-testlib/cli-datadir/user/libraries/AIS_NB_BC95/src/AltSoftSerial.cpp:242:4: error: &#39;ENABLE_INT_COMPARE_B&#39; was not declared in this scope
    ENABLE_INT_COMPARE_B();
    ^~~~~~~~~~~~~~~~~~~~
/home/ec2-user/arduino-testlib/cli-datadir/user/libraries/AIS_NB_BC95/src/AltSoftSerial.cpp:256:5: error: &#39;DISABLE_INT_COMPARE_B&#39; was not declared in this scope
     DISABLE_INT_COMPARE_B();
     ^~~~~~~~~~~~~~~~~~~~~
/home/ec2-user/arduino-testlib/cli-datadir/user/libraries/AIS_NB_BC95/src/AltSoftSerial.cpp:263:5: error: &#39;CONFIG_CAPTURE_FALLING_EDGE&#39; was not declared in this scope
     CONFIG_CAPTURE_FALLING_EDGE();
     ^~~~~~~~~~~~~~~~~~~~~~~~~~~
/home/ec2-user/arduino-testlib/cli-datadir/user/libraries/AIS_NB_BC95/src/AltSoftSerial.cpp: In function &#39;void COMPARE_B_INTERRUPT()&#39;:
/home/ec2-user/arduino-testlib/cli-datadir/user/libraries/AIS_NB_BC95/src/AltSoftSerial.cpp:279:2: error: &#39;DISABLE_INT_COMPARE_B&#39; was not declared in this scope
  DISABLE_INT_COMPARE_B();
  ^~~~~~~~~~~~~~~~~~~~~
/home/ec2-user/arduino-testlib/cli-datadir/user/libraries/AIS_NB_BC95/src/AltSoftSerial.cpp:280:2: error: &#39;CONFIG_CAPTURE_FALLING_EDGE&#39; was not declared in this scope
  CONFIG_CAPTURE_FALLING_EDGE();
  ^~~~~~~~~~~~~~~~~~~~~~~~~~~

</pre>
					
					<h4>examples/SendRSSI</h4>
					<p>
						Result: <b>FAIL</b>
					</p>
					<pre class="pre-scrollable">In file included from /home/ec2-user/arduino-testlib/cli-datadir/user/libraries/AIS_NB_BC95/src/AltSoftSerial.cpp:35:0:
/home/ec2-user/arduino-testlib/cli-datadir/user/libraries/AIS_NB_BC95/src/config/AltSoftSerial_Boards.h:136:2: error: #error &#34;Please define your board timer and pins&#34;
 #error &#34;Please define your board timer and pins&#34;
  ^~~~~
/home/ec2-user/arduino-testlib/cli-datadir/user/libraries/AIS_NB_BC95/src/AltSoftSerial.cpp: In static member function &#39;static void AltSoftSerial::init(uint32_t)&#39;:
/home/ec2-user/arduino-testlib/cli-datadir/user/libraries/AIS_NB_BC95/src/AltSoftSerial.cpp:74:3: error: &#39;CONFIG_TIMER_NOPRESCALE&#39; was not declared in this scope
   CONFIG_TIMER_NOPRESCALE();
   ^~~~~~~~~~~~~~~~~~~~~~~
/home/ec2-user/arduino-testlib/cli-datadir/user/libraries/AIS_NB_BC95/src/AltSoftSerial.cpp:79:4: error: &#39;CONFIG_TIMER_PRESCALE_8&#39; was not declared in this scope
    CONFIG_TIMER_PRESCALE_8();
    ^~~~~~~~~~~~~~~~~~~~~~~
/home/ec2-user/arduino-testlib/cli-datadir/user/libraries/AIS_NB_BC95/src/AltSoftSerial.cpp:104:10: error: &#39;INPUT_CAPTURE_PIN&#39; was not declared in this scope
  pinMode(INPUT_CAPTURE_PIN, INPUT_PULLUP);
          ^~~~~~~~~~~~~~~~~
/home/ec2-user/arduino-testlib/cli-datadir/user/libraries/AIS_NB_BC95/src/AltSoftSerial.cpp:104:10: note: suggested alternative: &#39;INPUT_PULLDOWN&#39;
  pinMode(INPUT_CAPTURE_PIN, INPUT_PULLUP);
          ^~~~~~~~~~~~~~~~~
          INPUT_PULLDOWN
/home/ec2-user/arduino-testlib/cli-datadir/user/libraries/AIS_NB_BC95/src/AltSoftSerial.cpp:105:15: error: &#39;OUTPUT_COMPARE_A_PIN&#39; was not declared in this scope
  digitalWrite(OUTPUT_COMPARE_A_PIN, HIGH);
               ^~~~~~~~~~~~~~~~~~~~
/home/ec2-user/arduino-testlib/cli-datadir/user/libraries/AIS_NB_BC95/src/AltSoftSerial.cpp:113:2: error: &#39;ENABLE_INT_INPUT_CAPTURE&#39; was not declared in this scope
  ENABLE_INT_INPUT_CAPTURE();
  ^~~~~~~~~~~~~~~~~~~~~~~~
/home/ec2-user/arduino-testlib/cli-datadir/user/libraries/AIS_NB_BC95/src/AltSoftSerial.cpp: In static member function &#39;static void AltSoftSerial::end()&#39;:
/home/ec2-user/arduino-testlib/cli-datadir/user/libraries/AIS_NB_BC95/src/AltSoftSerial.cpp:118:2: error: &#39;DISABLE_INT_COMPARE_B&#39; was not declared in this scope
  DISABLE_INT_COMPARE_B();
  ^~~~~~~~~~~~~~~~~~~~~
/home/ec2-user/arduino-testlib/cli-datadir/user/libraries/AIS_NB_BC95/src/AltSoftSerial.cpp:119:2: error: &#39;DISABLE_INT_INPUT_CAPTURE&#39; was not declared in this scope
  DISABLE_INT_INPUT_CAPTURE();
  ^~~~~~~~~~~~~~~~~~~~~~~~~
/home/ec2-user/arduino-testlib/cli-datadir/user/libraries/AIS_NB_BC95/src/AltSoftSerial.cpp:122:2: error: &#39;DISABLE_INT_COMPARE_A&#39; was not declared in this scope
  DISABLE_INT_COMPARE_A();
  ^~~~~~~~~~~~~~~~~~~~~
/home/ec2-user/arduino-testlib/cli-datadir/user/libraries/AIS_NB_BC95/src/AltSoftSerial.cpp: In static member function &#39;static void AltSoftSerial::writeByte(uint8_t)&#39;:
/home/ec2-user/arduino-testlib/cli-datadir/user/libraries/AIS_NB_BC95/src/AltSoftSerial.cpp:147:3: error: &#39;ENABLE_INT_COMPARE_A&#39; was not declared in this scope
   ENABLE_INT_COMPARE_A();
   ^~~~~~~~~~~~~~~~~~~~
/home/ec2-user/arduino-testlib/cli-datadir/user/libraries/AIS_NB_BC95/src/AltSoftSerial.cpp:148:3: error: &#39;CONFIG_MATCH_CLEAR&#39; was not declared in this scope
   CONFIG_MATCH_CLEAR();
   ^~~~~~~~~~~~~~~~~~
/home/ec2-user/arduino-testlib/cli-datadir/user/libraries/AIS_NB_BC95/src/AltSoftSerial.cpp:149:17: error: &#39;GET_TIMER_COUNT&#39; was not declared in this scope
   SET_COMPARE_A(GET_TIMER_COUNT() &#43; 16);
                 ^~~~~~~~~~~~~~~
/home/ec2-user/arduino-testlib/cli-datadir/user/libraries/AIS_NB_BC95/src/AltSoftSerial.cpp:149:17: note: suggested alternative: &#39;PWM_TIMER_COMPARE&#39;
   SET_COMPARE_A(GET_TIMER_COUNT() &#43; 16);
                 ^~~~~~~~~~~~~~~
                 PWM_TIMER_COMPARE
/home/ec2-user/arduino-testlib/cli-datadir/user/libraries/AIS_NB_BC95/src/AltSoftSerial.cpp:149:3: error: &#39;SET_COMPARE_A&#39; was not declared in this scope
   SET_COMPARE_A(GET_TIMER_COUNT() &#43; 16);
   ^~~~~~~~~~~~~
/home/ec2-user/arduino-testlib/cli-datadir/user/libraries/AIS_NB_BC95/src/AltSoftSerial.cpp: In function &#39;void COMPARE_A_INTERRUPT()&#39;:
/home/ec2-user/arduino-testlib/cli-datadir/user/libraries/AIS_NB_BC95/src/AltSoftSerial.cpp:162:11: error: &#39;GET_COMPARE_A&#39; was not declared in this scope
  target = GET_COMPARE_A();
           ^~~~~~~~~~~~~
/home/ec2-user/arduino-testlib/cli-datadir/user/libraries/AIS_NB_BC95/src/AltSoftSerial.cpp:173:5: error: &#39;CONFIG_MATCH_SET&#39; was not declared in this scope
     CONFIG_MATCH_SET();
     ^~~~~~~~~~~~~~~~
/home/ec2-user/arduino-testlib/cli-datadir/user/libraries/AIS_NB_BC95/src/AltSoftSerial.cpp:175:5: error: &#39;CONFIG_MATCH_CLEAR&#39; was not declared in this scope
     CONFIG_MATCH_CLEAR();
     ^~~~~~~~~~~~~~~~~~
/home/ec2-user/arduino-testlib/cli-datadir/user/libraries/AIS_NB_BC95/src/AltSoftSerial.cpp:177:4: error: &#39;SET_COMPARE_A&#39; was not declared in this scope
    SET_COMPARE_A(target);
    ^~~~~~~~~~~~~
/home/ec2-user/arduino-testlib/cli-datadir/user/libraries/AIS_NB_BC95/src/AltSoftSerial.cpp:191:4: error: &#39;SET_COMPARE_A&#39; was not declared in this scope
    SET_COMPARE_A(target &#43; ticks_per_bit);
    ^~~~~~~~~~~~~
/home/ec2-user/arduino-testlib/cli-datadir/user/libraries/AIS_NB_BC95/src/AltSoftSerial.cpp:194:4: error: &#39;CONFIG_MATCH_NORMAL&#39; was not declared in this scope
    CONFIG_MATCH_NORMAL();
    ^~~~~~~~~~~~~~~~~~~
/home/ec2-user/arduino-testlib/cli-datadir/user/libraries/AIS_NB_BC95/src/AltSoftSerial.cpp:195:4: error: &#39;DISABLE_INT_COMPARE_A&#39; was not declared in this scope
    DISABLE_INT_COMPARE_A();
    ^~~~~~~~~~~~~~~~~~~~~
/home/ec2-user/arduino-testlib/cli-datadir/user/libraries/AIS_NB_BC95/src/AltSoftSerial.cpp:202:3: error: &#39;CONFIG_MATCH_CLEAR&#39; was not declared in this scope
   CONFIG_MATCH_CLEAR();
   ^~~~~~~~~~~~~~~~~~
/home/ec2-user/arduino-testlib/cli-datadir/user/libraries/AIS_NB_BC95/src/AltSoftSerial.cpp:204:4: error: &#39;SET_COMPARE_A&#39; was not declared in this scope
    SET_COMPARE_A(target &#43; ticks_per_bit);
    ^~~~~~~~~~~~~
/home/ec2-user/arduino-testlib/cli-datadir/user/libraries/AIS_NB_BC95/src/AltSoftSerial.cpp:206:18: error: &#39;GET_TIMER_COUNT&#39; was not declared in this scope
    SET_COMPARE_A(GET_TIMER_COUNT() &#43; 16);
                  ^~~~~~~~~~~~~~~
/home/ec2-user/arduino-testlib/cli-datadir/user/libraries/AIS_NB_BC95/src/AltSoftSerial.cpp:206:18: note: suggested alternative: &#39;PWM_TIMER_COMPARE&#39;
    SET_COMPARE_A(GET_TIMER_COUNT() &#43; 16);
                  ^~~~~~~~~~~~~~~
                  PWM_TIMER_COMPARE
/home/ec2-user/arduino-testlib/cli-datadir/user/libraries/AIS_NB_BC95/src/AltSoftSerial.cpp:206:4: error: &#39;SET_COMPARE_A&#39; was not declared in this scope
    SET_COMPARE_A(GET_TIMER_COUNT() &#43; 16);
    ^~~~~~~~~~~~~
/home/ec2-user/arduino-testlib/cli-datadir/user/libraries/AIS_NB_BC95/src/AltSoftSerial.cpp: In function &#39;void CAPTURE_INTERRUPT()&#39;:
/home/ec2-user/arduino-testlib/cli-datadir/user/libraries/AIS_NB_BC95/src/AltSoftSerial.cpp:228:12: error: &#39;GET_INPUT_CAPTURE&#39; was not declared in this scope
  capture = GET_INPUT_CAPTURE();
            ^~~~~~~~~~~~~~~~~
/home/ec2-user/arduino-testlib/cli-datadir/user/libraries/AIS_NB_BC95/src/AltSoftSerial.cpp:231:3: error: &#39;CONFIG_CAPTURE_FALLING_EDGE&#39; was not declared in this scope
   CONFIG_CAPTURE_FALLING_EDGE();
   ^~~~~~~~~~~~~~~~~~~~~~~~~~~
/home/ec2-user/arduino-testlib/cli-datadir/user/libraries/AIS_NB_BC95/src/AltSoftSerial.cpp:234:3: error: &#39;CONFIG_CAPTURE_RISING_EDGE&#39; was not declared in this scope
   CONFIG_CAPTURE_RISING_EDGE();
   ^~~~~~~~~~~~~~~~~~~~~~~~~~
/home/ec2-user/arduino-testlib/cli-datadir/user/libraries/AIS_NB_BC95/src/AltSoftSerial.cpp:241:4: error: &#39;SET_COMPARE_B&#39; was not declared in this scope
    SET_COMPARE_B(end);
    ^~~~~~~~~~~~~
/home/ec2-user/arduino-testlib/cli-datadir/user/libraries/AIS_NB_BC95/src/AltSoftSerial.cpp:242:4: error: &#39;ENABLE_INT_COMPARE_B&#39; was not declared in this scope
    ENABLE_INT_COMPARE_B();
    ^~~~~~~~~~~~~~~~~~~~
/home/ec2-user/arduino-testlib/cli-datadir/user/libraries/AIS_NB_BC95/src/AltSoftSerial.cpp:256:5: error: &#39;DISABLE_INT_COMPARE_B&#39; was not declared in this scope
     DISABLE_INT_COMPARE_B();
     ^~~~~~~~~~~~~~~~~~~~~
/home/ec2-user/arduino-testlib/cli-datadir/user/libraries/AIS_NB_BC95/src/AltSoftSerial.cpp:263:5: error: &#39;CONFIG_CAPTURE_FALLING_EDGE&#39; was not declared in this scope
     CONFIG_CAPTURE_FALLING_EDGE();
     ^~~~~~~~~~~~~~~~~~~~~~~~~~~
/home/ec2-user/arduino-testlib/cli-datadir/user/libraries/AIS_NB_BC95/src/AltSoftSerial.cpp: In function &#39;void COMPARE_B_INTERRUPT()&#39;:
/home/ec2-user/arduino-testlib/cli-datadir/user/libraries/AIS_NB_BC95/src/AltSoftSerial.cpp:279:2: error: &#39;DISABLE_INT_COMPARE_B&#39; was not declared in this scope
  DISABLE_INT_COMPARE_B();
  ^~~~~~~~~~~~~~~~~~~~~
/home/ec2-user/arduino-testlib/cli-datadir/user/libraries/AIS_NB_BC95/src/AltSoftSerial.cpp:280:2: error: &#39;CONFIG_CAPTURE_FALLING_EDGE&#39; was not declared in this scope
  CONFIG_CAPTURE_FALLING_EDGE();
  ^~~~~~~~~~~~~~~~~~~~~~~~~~~

</pre>
					
					<h4>examples/controlFromDashboard</h4>
					<p>
						Result: <b>FAIL</b>
					</p>
					<pre class="pre-scrollable">In file included from /home/ec2-user/arduino-testlib/cli-datadir/user/libraries/AIS_NB_BC95/src/AltSoftSerial.cpp:35:0:
/home/ec2-user/arduino-testlib/cli-datadir/user/libraries/AIS_NB_BC95/src/config/AltSoftSerial_Boards.h:136:2: error: #error &#34;Please define your board timer and pins&#34;
 #error &#34;Please define your board timer and pins&#34;
  ^~~~~
/home/ec2-user/arduino-testlib/cli-datadir/user/libraries/AIS_NB_BC95/src/AltSoftSerial.cpp: In static member function &#39;static void AltSoftSerial::init(uint32_t)&#39;:
/home/ec2-user/arduino-testlib/cli-datadir/user/libraries/AIS_NB_BC95/src/AltSoftSerial.cpp:74:3: error: &#39;CONFIG_TIMER_NOPRESCALE&#39; was not declared in this scope
   CONFIG_TIMER_NOPRESCALE();
   ^~~~~~~~~~~~~~~~~~~~~~~
/home/ec2-user/arduino-testlib/cli-datadir/user/libraries/AIS_NB_BC95/src/AltSoftSerial.cpp:79:4: error: &#39;CONFIG_TIMER_PRESCALE_8&#39; was not declared in this scope
    CONFIG_TIMER_PRESCALE_8();
    ^~~~~~~~~~~~~~~~~~~~~~~
/home/ec2-user/arduino-testlib/cli-datadir/user/libraries/AIS_NB_BC95/src/AltSoftSerial.cpp:104:10: error: &#39;INPUT_CAPTURE_PIN&#39; was not declared in this scope
  pinMode(INPUT_CAPTURE_PIN, INPUT_PULLUP);
          ^~~~~~~~~~~~~~~~~
/home/ec2-user/arduino-testlib/cli-datadir/user/libraries/AIS_NB_BC95/src/AltSoftSerial.cpp:104:10: note: suggested alternative: &#39;INPUT_PULLDOWN&#39;
  pinMode(INPUT_CAPTURE_PIN, INPUT_PULLUP);
          ^~~~~~~~~~~~~~~~~
          INPUT_PULLDOWN
/home/ec2-user/arduino-testlib/cli-datadir/user/libraries/AIS_NB_BC95/src/AltSoftSerial.cpp:105:15: error: &#39;OUTPUT_COMPARE_A_PIN&#39; was not declared in this scope
  digitalWrite(OUTPUT_COMPARE_A_PIN, HIGH);
               ^~~~~~~~~~~~~~~~~~~~
/home/ec2-user/arduino-testlib/cli-datadir/user/libraries/AIS_NB_BC95/src/AltSoftSerial.cpp:113:2: error: &#39;ENABLE_INT_INPUT_CAPTURE&#39; was not declared in this scope
  ENABLE_INT_INPUT_CAPTURE();
  ^~~~~~~~~~~~~~~~~~~~~~~~
/home/ec2-user/arduino-testlib/cli-datadir/user/libraries/AIS_NB_BC95/src/AltSoftSerial.cpp: In static member function &#39;static void AltSoftSerial::end()&#39;:
/home/ec2-user/arduino-testlib/cli-datadir/user/libraries/AIS_NB_BC95/src/AltSoftSerial.cpp:118:2: error: &#39;DISABLE_INT_COMPARE_B&#39; was not declared in this scope
  DISABLE_INT_COMPARE_B();
  ^~~~~~~~~~~~~~~~~~~~~
/home/ec2-user/arduino-testlib/cli-datadir/user/libraries/AIS_NB_BC95/src/AltSoftSerial.cpp:119:2: error: &#39;DISABLE_INT_INPUT_CAPTURE&#39; was not declared in this scope
  DISABLE_INT_INPUT_CAPTURE();
  ^~~~~~~~~~~~~~~~~~~~~~~~~
/home/ec2-user/arduino-testlib/cli-datadir/user/libraries/AIS_NB_BC95/src/AltSoftSerial.cpp:122:2: error: &#39;DISABLE_INT_COMPARE_A&#39; was not declared in this scope
  DISABLE_INT_COMPARE_A();
  ^~~~~~~~~~~~~~~~~~~~~
/home/ec2-user/arduino-testlib/cli-datadir/user/libraries/AIS_NB_BC95/src/AltSoftSerial.cpp: In static member function &#39;static void AltSoftSerial::writeByte(uint8_t)&#39;:
/home/ec2-user/arduino-testlib/cli-datadir/user/libraries/AIS_NB_BC95/src/AltSoftSerial.cpp:147:3: error: &#39;ENABLE_INT_COMPARE_A&#39; was not declared in this scope
   ENABLE_INT_COMPARE_A();
   ^~~~~~~~~~~~~~~~~~~~
/home/ec2-user/arduino-testlib/cli-datadir/user/libraries/AIS_NB_BC95/src/AltSoftSerial.cpp:148:3: error: &#39;CONFIG_MATCH_CLEAR&#39; was not declared in this scope
   CONFIG_MATCH_CLEAR();
   ^~~~~~~~~~~~~~~~~~
/home/ec2-user/arduino-testlib/cli-datadir/user/libraries/AIS_NB_BC95/src/AltSoftSerial.cpp:149:17: error: &#39;GET_TIMER_COUNT&#39; was not declared in this scope
   SET_COMPARE_A(GET_TIMER_COUNT() &#43; 16);
                 ^~~~~~~~~~~~~~~
/home/ec2-user/arduino-testlib/cli-datadir/user/libraries/AIS_NB_BC95/src/AltSoftSerial.cpp:149:17: note: suggested alternative: &#39;PWM_TIMER_COMPARE&#39;
   SET_COMPARE_A(GET_TIMER_COUNT() &#43; 16);
                 ^~~~~~~~~~~~~~~
                 PWM_TIMER_COMPARE
/home/ec2-user/arduino-testlib/cli-datadir/user/libraries/AIS_NB_BC95/src/AltSoftSerial.cpp:149:3: error: &#39;SET_COMPARE_A&#39; was not declared in this scope
   SET_COMPARE_A(GET_TIMER_COUNT() &#43; 16);
   ^~~~~~~~~~~~~
/home/ec2-user/arduino-testlib/cli-datadir/user/libraries/AIS_NB_BC95/src/AltSoftSerial.cpp: In function &#39;void COMPARE_A_INTERRUPT()&#39;:
/home/ec2-user/arduino-testlib/cli-datadir/user/libraries/AIS_NB_BC95/src/AltSoftSerial.cpp:162:11: error: &#39;GET_COMPARE_A&#39; was not declared in this scope
  target = GET_COMPARE_A();
           ^~~~~~~~~~~~~
/home/ec2-user/arduino-testlib/cli-datadir/user/libraries/AIS_NB_BC95/src/AltSoftSerial.cpp:173:5: error: &#39;CONFIG_MATCH_SET&#39; was not declared in this scope
     CONFIG_MATCH_SET();
     ^~~~~~~~~~~~~~~~
/home/ec2-user/arduino-testlib/cli-datadir/user/libraries/AIS_NB_BC95/src/AltSoftSerial.cpp:175:5: error: &#39;CONFIG_MATCH_CLEAR&#39; was not declared in this scope
     CONFIG_MATCH_CLEAR();
     ^~~~~~~~~~~~~~~~~~
/home/ec2-user/arduino-testlib/cli-datadir/user/libraries/AIS_NB_BC95/src/AltSoftSerial.cpp:177:4: error: &#39;SET_COMPARE_A&#39; was not declared in this scope
    SET_COMPARE_A(target);
    ^~~~~~~~~~~~~
/home/ec2-user/arduino-testlib/cli-datadir/user/libraries/AIS_NB_BC95/src/AltSoftSerial.cpp:191:4: error: &#39;SET_COMPARE_A&#39; was not declared in this scope
    SET_COMPARE_A(target &#43; ticks_per_bit);
    ^~~~~~~~~~~~~
/home/ec2-user/arduino-testlib/cli-datadir/user/libraries/AIS_NB_BC95/src/AltSoftSerial.cpp:194:4: error: &#39;CONFIG_MATCH_NORMAL&#39; was not declared in this scope
    CONFIG_MATCH_NORMAL();
    ^~~~~~~~~~~~~~~~~~~
/home/ec2-user/arduino-testlib/cli-datadir/user/libraries/AIS_NB_BC95/src/AltSoftSerial.cpp:195:4: error: &#39;DISABLE_INT_COMPARE_A&#39; was not declared in this scope
    DISABLE_INT_COMPARE_A();
    ^~~~~~~~~~~~~~~~~~~~~
/home/ec2-user/arduino-testlib/cli-datadir/user/libraries/AIS_NB_BC95/src/AltSoftSerial.cpp:202:3: error: &#39;CONFIG_MATCH_CLEAR&#39; was not declared in this scope
   CONFIG_MATCH_CLEAR();
   ^~~~~~~~~~~~~~~~~~
/home/ec2-user/arduino-testlib/cli-datadir/user/libraries/AIS_NB_BC95/src/AltSoftSerial.cpp:204:4: error: &#39;SET_COMPARE_A&#39; was not declared in this scope
    SET_COMPARE_A(target &#43; ticks_per_bit);
    ^~~~~~~~~~~~~
/home/ec2-user/arduino-testlib/cli-datadir/user/libraries/AIS_NB_BC95/src/AltSoftSerial.cpp:206:18: error: &#39;GET_TIMER_COUNT&#39; was not declared in this scope
    SET_COMPARE_A(GET_TIMER_COUNT() &#43; 16);
                  ^~~~~~~~~~~~~~~
/home/ec2-user/arduino-testlib/cli-datadir/user/libraries/AIS_NB_BC95/src/AltSoftSerial.cpp:206:18: note: suggested alternative: &#39;PWM_TIMER_COMPARE&#39;
    SET_COMPARE_A(GET_TIMER_COUNT() &#43; 16);
                  ^~~~~~~~~~~~~~~
                  PWM_TIMER_COMPARE
/home/ec2-user/arduino-testlib/cli-datadir/user/libraries/AIS_NB_BC95/src/AltSoftSerial.cpp:206:4: error: &#39;SET_COMPARE_A&#39; was not declared in this scope
    SET_COMPARE_A(GET_TIMER_COUNT() &#43; 16);
    ^~~~~~~~~~~~~
/home/ec2-user/arduino-testlib/cli-datadir/user/libraries/AIS_NB_BC95/src/AltSoftSerial.cpp: In function &#39;void CAPTURE_INTERRUPT()&#39;:
/home/ec2-user/arduino-testlib/cli-datadir/user/libraries/AIS_NB_BC95/src/AltSoftSerial.cpp:228:12: error: &#39;GET_INPUT_CAPTURE&#39; was not declared in this scope
  capture = GET_INPUT_CAPTURE();
            ^~~~~~~~~~~~~~~~~
/home/ec2-user/arduino-testlib/cli-datadir/user/libraries/AIS_NB_BC95/src/AltSoftSerial.cpp:231:3: error: &#39;CONFIG_CAPTURE_FALLING_EDGE&#39; was not declared in this scope
   CONFIG_CAPTURE_FALLING_EDGE();
   ^~~~~~~~~~~~~~~~~~~~~~~~~~~
/home/ec2-user/arduino-testlib/cli-datadir/user/libraries/AIS_NB_BC95/src/AltSoftSerial.cpp:234:3: error: &#39;CONFIG_CAPTURE_RISING_EDGE&#39; was not declared in this scope
   CONFIG_CAPTURE_RISING_EDGE();
   ^~~~~~~~~~~~~~~~~~~~~~~~~~
/home/ec2-user/arduino-testlib/cli-datadir/user/libraries/AIS_NB_BC95/src/AltSoftSerial.cpp:241:4: error: &#39;SET_COMPARE_B&#39; was not declared in this scope
    SET_COMPARE_B(end);
    ^~~~~~~~~~~~~
/home/ec2-user/arduino-testlib/cli-datadir/user/libraries/AIS_NB_BC95/src/AltSoftSerial.cpp:242:4: error: &#39;ENABLE_INT_COMPARE_B&#39; was not declared in this scope
    ENABLE_INT_COMPARE_B();
    ^~~~~~~~~~~~~~~~~~~~
/home/ec2-user/arduino-testlib/cli-datadir/user/libraries/AIS_NB_BC95/src/AltSoftSerial.cpp:256:5: error: &#39;DISABLE_INT_COMPARE_B&#39; was not declared in this scope
     DISABLE_INT_COMPARE_B();
     ^~~~~~~~~~~~~~~~~~~~~
/home/ec2-user/arduino-testlib/cli-datadir/user/libraries/AIS_NB_BC95/src/AltSoftSerial.cpp:263:5: error: &#39;CONFIG_CAPTURE_FALLING_EDGE&#39; was not declared in this scope
     CONFIG_CAPTURE_FALLING_EDGE();
     ^~~~~~~~~~~~~~~~~~~~~~~~~~~
/home/ec2-user/arduino-testlib/cli-datadir/user/libraries/AIS_NB_BC95/src/AltSoftSerial.cpp: In function &#39;void COMPARE_B_INTERRUPT()&#39;:
/home/ec2-user/arduino-testlib/cli-datadir/user/libraries/AIS_NB_BC95/src/AltSoftSerial.cpp:279:2: error: &#39;DISABLE_INT_COMPARE_B&#39; was not declared in this scope
  DISABLE_INT_COMPARE_B();
  ^~~~~~~~~~~~~~~~~~~~~
/home/ec2-user/arduino-testlib/cli-datadir/user/libraries/AIS_NB_BC95/src/AltSoftSerial.cpp:280:2: error: &#39;CONFIG_CAPTURE_FALLING_EDGE&#39; was not declared in this scope
  CONFIG_CAPTURE_FALLING_EDGE();
  ^~~~~~~~~~~~~~~~~~~~~~~~~~~

</pre>
					
					<h4>examples/getNetworkTime</h4>
					<p>
						Result: <b>FAIL</b>
					</p>
					<pre class="pre-scrollable">In file included from /home/ec2-user/arduino-testlib/cli-datadir/user/libraries/AIS_NB_BC95/src/AltSoftSerial.cpp:35:0:
/home/ec2-user/arduino-testlib/cli-datadir/user/libraries/AIS_NB_BC95/src/config/AltSoftSerial_Boards.h:136:2: error: #error &#34;Please define your board timer and pins&#34;
 #error &#34;Please define your board timer and pins&#34;
  ^~~~~
/home/ec2-user/arduino-testlib/cli-datadir/user/libraries/AIS_NB_BC95/src/AltSoftSerial.cpp: In static member function &#39;static void AltSoftSerial::init(uint32_t)&#39;:
/home/ec2-user/arduino-testlib/cli-datadir/user/libraries/AIS_NB_BC95/src/AltSoftSerial.cpp:74:3: error: &#39;CONFIG_TIMER_NOPRESCALE&#39; was not declared in this scope
   CONFIG_TIMER_NOPRESCALE();
   ^~~~~~~~~~~~~~~~~~~~~~~
/home/ec2-user/arduino-testlib/cli-datadir/user/libraries/AIS_NB_BC95/src/AltSoftSerial.cpp:79:4: error: &#39;CONFIG_TIMER_PRESCALE_8&#39; was not declared in this scope
    CONFIG_TIMER_PRESCALE_8();
    ^~~~~~~~~~~~~~~~~~~~~~~
/home/ec2-user/arduino-testlib/cli-datadir/user/libraries/AIS_NB_BC95/src/AltSoftSerial.cpp:104:10: error: &#39;INPUT_CAPTURE_PIN&#39; was not declared in this scope
  pinMode(INPUT_CAPTURE_PIN, INPUT_PULLUP);
          ^~~~~~~~~~~~~~~~~
/home/ec2-user/arduino-testlib/cli-datadir/user/libraries/AIS_NB_BC95/src/AltSoftSerial.cpp:104:10: note: suggested alternative: &#39;INPUT_PULLDOWN&#39;
  pinMode(INPUT_CAPTURE_PIN, INPUT_PULLUP);
          ^~~~~~~~~~~~~~~~~
          INPUT_PULLDOWN
/home/ec2-user/arduino-testlib/cli-datadir/user/libraries/AIS_NB_BC95/src/AltSoftSerial.cpp:105:15: error: &#39;OUTPUT_COMPARE_A_PIN&#39; was not declared in this scope
  digitalWrite(OUTPUT_COMPARE_A_PIN, HIGH);
               ^~~~~~~~~~~~~~~~~~~~
/home/ec2-user/arduino-testlib/cli-datadir/user/libraries/AIS_NB_BC95/src/AltSoftSerial.cpp:113:2: error: &#39;ENABLE_INT_INPUT_CAPTURE&#39; was not declared in this scope
  ENABLE_INT_INPUT_CAPTURE();
  ^~~~~~~~~~~~~~~~~~~~~~~~
/home/ec2-user/arduino-testlib/cli-datadir/user/libraries/AIS_NB_BC95/src/AltSoftSerial.cpp: In static member function &#39;static void AltSoftSerial::end()&#39;:
/home/ec2-user/arduino-testlib/cli-datadir/user/libraries/AIS_NB_BC95/src/AltSoftSerial.cpp:118:2: error: &#39;DISABLE_INT_COMPARE_B&#39; was not declared in this scope
  DISABLE_INT_COMPARE_B();
  ^~~~~~~~~~~~~~~~~~~~~
/home/ec2-user/arduino-testlib/cli-datadir/user/libraries/AIS_NB_BC95/src/AltSoftSerial.cpp:119:2: error: &#39;DISABLE_INT_INPUT_CAPTURE&#39; was not declared in this scope
  DISABLE_INT_INPUT_CAPTURE();
  ^~~~~~~~~~~~~~~~~~~~~~~~~
/home/ec2-user/arduino-testlib/cli-datadir/user/libraries/AIS_NB_BC95/src/AltSoftSerial.cpp:122:2: error: &#39;DISABLE_INT_COMPARE_A&#39; was not declared in this scope
  DISABLE_INT_COMPARE_A();
  ^~~~~~~~~~~~~~~~~~~~~
/home/ec2-user/arduino-testlib/cli-datadir/user/libraries/AIS_NB_BC95/src/AltSoftSerial.cpp: In static member function &#39;static void AltSoftSerial::writeByte(uint8_t)&#39;:
/home/ec2-user/arduino-testlib/cli-datadir/user/libraries/AIS_NB_BC95/src/AltSoftSerial.cpp:147:3: error: &#39;ENABLE_INT_COMPARE_A&#39; was not declared in this scope
   ENABLE_INT_COMPARE_A();
   ^~~~~~~~~~~~~~~~~~~~
/home/ec2-user/arduino-testlib/cli-datadir/user/libraries/AIS_NB_BC95/src/AltSoftSerial.cpp:148:3: error: &#39;CONFIG_MATCH_CLEAR&#39; was not declared in this scope
   CONFIG_MATCH_CLEAR();
   ^~~~~~~~~~~~~~~~~~
/home/ec2-user/arduino-testlib/cli-datadir/user/libraries/AIS_NB_BC95/src/AltSoftSerial.cpp:149:17: error: &#39;GET_TIMER_COUNT&#39; was not declared in this scope
   SET_COMPARE_A(GET_TIMER_COUNT() &#43; 16);
                 ^~~~~~~~~~~~~~~
/home/ec2-user/arduino-testlib/cli-datadir/user/libraries/AIS_NB_BC95/src/AltSoftSerial.cpp:149:17: note: suggested alternative: &#39;PWM_TIMER_COMPARE&#39;
   SET_COMPARE_A(GET_TIMER_COUNT() &#43; 16);
                 ^~~~~~~~~~~~~~~
                 PWM_TIMER_COMPARE
/home/ec2-user/arduino-testlib/cli-datadir/user/libraries/AIS_NB_BC95/src/AltSoftSerial.cpp:149:3: error: &#39;SET_COMPARE_A&#39; was not declared in this scope
   SET_COMPARE_A(GET_TIMER_COUNT() &#43; 16);
   ^~~~~~~~~~~~~
/home/ec2-user/arduino-testlib/cli-datadir/user/libraries/AIS_NB_BC95/src/AltSoftSerial.cpp: In function &#39;void COMPARE_A_INTERRUPT()&#39;:
/home/ec2-user/arduino-testlib/cli-datadir/user/libraries/AIS_NB_BC95/src/AltSoftSerial.cpp:162:11: error: &#39;GET_COMPARE_A&#39; was not declared in this scope
  target = GET_COMPARE_A();
           ^~~~~~~~~~~~~
/home/ec2-user/arduino-testlib/cli-datadir/user/libraries/AIS_NB_BC95/src/AltSoftSerial.cpp:173:5: error: &#39;CONFIG_MATCH_SET&#39; was not declared in this scope
     CONFIG_MATCH_SET();
     ^~~~~~~~~~~~~~~~
/home/ec2-user/arduino-testlib/cli-datadir/user/libraries/AIS_NB_BC95/src/AltSoftSerial.cpp:175:5: error: &#39;CONFIG_MATCH_CLEAR&#39; was not declared in this scope
     CONFIG_MATCH_CLEAR();
     ^~~~~~~~~~~~~~~~~~
/home/ec2-user/arduino-testlib/cli-datadir/user/libraries/AIS_NB_BC95/src/AltSoftSerial.cpp:177:4: error: &#39;SET_COMPARE_A&#39; was not declared in this scope
    SET_COMPARE_A(target);
    ^~~~~~~~~~~~~
/home/ec2-user/arduino-testlib/cli-datadir/user/libraries/AIS_NB_BC95/src/AltSoftSerial.cpp:191:4: error: &#39;SET_COMPARE_A&#39; was not declared in this scope
    SET_COMPARE_A(target &#43; ticks_per_bit);
    ^~~~~~~~~~~~~
/home/ec2-user/arduino-testlib/cli-datadir/user/libraries/AIS_NB_BC95/src/AltSoftSerial.cpp:194:4: error: &#39;CONFIG_MATCH_NORMAL&#39; was not declared in this scope
    CONFIG_MATCH_NORMAL();
    ^~~~~~~~~~~~~~~~~~~
/home/ec2-user/arduino-testlib/cli-datadir/user/libraries/AIS_NB_BC95/src/AltSoftSerial.cpp:195:4: error: &#39;DISABLE_INT_COMPARE_A&#39; was not declared in this scope
    DISABLE_INT_COMPARE_A();
    ^~~~~~~~~~~~~~~~~~~~~
/home/ec2-user/arduino-testlib/cli-datadir/user/libraries/AIS_NB_BC95/src/AltSoftSerial.cpp:202:3: error: &#39;CONFIG_MATCH_CLEAR&#39; was not declared in this scope
   CONFIG_MATCH_CLEAR();
   ^~~~~~~~~~~~~~~~~~
/home/ec2-user/arduino-testlib/cli-datadir/user/libraries/AIS_NB_BC95/src/AltSoftSerial.cpp:204:4: error: &#39;SET_COMPARE_A&#39; was not declared in this scope
    SET_COMPARE_A(target &#43; ticks_per_bit);
    ^~~~~~~~~~~~~
/home/ec2-user/arduino-testlib/cli-datadir/user/libraries/AIS_NB_BC95/src/AltSoftSerial.cpp:206:18: error: &#39;GET_TIMER_COUNT&#39; was not declared in this scope
    SET_COMPARE_A(GET_TIMER_COUNT() &#43; 16);
                  ^~~~~~~~~~~~~~~
/home/ec2-user/arduino-testlib/cli-datadir/user/libraries/AIS_NB_BC95/src/AltSoftSerial.cpp:206:18: note: suggested alternative: &#39;PWM_TIMER_COMPARE&#39;
    SET_COMPARE_A(GET_TIMER_COUNT() &#43; 16);
                  ^~~~~~~~~~~~~~~
                  PWM_TIMER_COMPARE
/home/ec2-user/arduino-testlib/cli-datadir/user/libraries/AIS_NB_BC95/src/AltSoftSerial.cpp:206:4: error: &#39;SET_COMPARE_A&#39; was not declared in this scope
    SET_COMPARE_A(GET_TIMER_COUNT() &#43; 16);
    ^~~~~~~~~~~~~
/home/ec2-user/arduino-testlib/cli-datadir/user/libraries/AIS_NB_BC95/src/AltSoftSerial.cpp: In function &#39;void CAPTURE_INTERRUPT()&#39;:
/home/ec2-user/arduino-testlib/cli-datadir/user/libraries/AIS_NB_BC95/src/AltSoftSerial.cpp:228:12: error: &#39;GET_INPUT_CAPTURE&#39; was not declared in this scope
  capture = GET_INPUT_CAPTURE();
            ^~~~~~~~~~~~~~~~~
/home/ec2-user/arduino-testlib/cli-datadir/user/libraries/AIS_NB_BC95/src/AltSoftSerial.cpp:231:3: error: &#39;CONFIG_CAPTURE_FALLING_EDGE&#39; was not declared in this scope
   CONFIG_CAPTURE_FALLING_EDGE();
   ^~~~~~~~~~~~~~~~~~~~~~~~~~~
/home/ec2-user/arduino-testlib/cli-datadir/user/libraries/AIS_NB_BC95/src/AltSoftSerial.cpp:234:3: error: &#39;CONFIG_CAPTURE_RISING_EDGE&#39; was not declared in this scope
   CONFIG_CAPTURE_RISING_EDGE();
   ^~~~~~~~~~~~~~~~~~~~~~~~~~
/home/ec2-user/arduino-testlib/cli-datadir/user/libraries/AIS_NB_BC95/src/AltSoftSerial.cpp:241:4: error: &#39;SET_COMPARE_B&#39; was not declared in this scope
    SET_COMPARE_B(end);
    ^~~~~~~~~~~~~
/home/ec2-user/arduino-testlib/cli-datadir/user/libraries/AIS_NB_BC95/src/AltSoftSerial.cpp:242:4: error: &#39;ENABLE_INT_COMPARE_B&#39; was not declared in this scope
    ENABLE_INT_COMPARE_B();
    ^~~~~~~~~~~~~~~~~~~~
/home/ec2-user/arduino-testlib/cli-datadir/user/libraries/AIS_NB_BC95/src/AltSoftSerial.cpp:256:5: error: &#39;DISABLE_INT_COMPARE_B&#39; was not declared in this scope
     DISABLE_INT_COMPARE_B();
     ^~~~~~~~~~~~~~~~~~~~~
/home/ec2-user/arduino-testlib/cli-datadir/user/libraries/AIS_NB_BC95/src/AltSoftSerial.cpp:263:5: error: &#39;CONFIG_CAPTURE_FALLING_EDGE&#39; was not declared in this scope
     CONFIG_CAPTURE_FALLING_EDGE();
     ^~~~~~~~~~~~~~~~~~~~~~~~~~~
/home/ec2-user/arduino-testlib/cli-datadir/user/libraries/AIS_NB_BC95/src/AltSoftSerial.cpp: In function &#39;void COMPARE_B_INTERRUPT()&#39;:
/home/ec2-user/arduino-testlib/cli-datadir/user/libraries/AIS_NB_BC95/src/AltSoftSerial.cpp:279:2: error: &#39;DISABLE_INT_COMPARE_B&#39; was not declared in this scope
  DISABLE_INT_COMPARE_B();
  ^~~~~~~~~~~~~~~~~~~~~
/home/ec2-user/arduino-testlib/cli-datadir/user/libraries/AIS_NB_BC95/src/AltSoftSerial.cpp:280:2: error: &#39;CONFIG_CAPTURE_FALLING_EDGE&#39; was not declared in this scope
  CONFIG_CAPTURE_FALLING_EDGE();
  ^~~~~~~~~~~~~~~~~~~~~~~~~~~

</pre>
					
					<h4>examples/getUDPip</h4>
					<p>
						Result: <b>FAIL</b>
					</p>
					<pre class="pre-scrollable">In file included from /home/ec2-user/arduino-testlib/cli-datadir/user/libraries/AIS_NB_BC95/src/AltSoftSerial.cpp:35:0:
/home/ec2-user/arduino-testlib/cli-datadir/user/libraries/AIS_NB_BC95/src/config/AltSoftSerial_Boards.h:136:2: error: #error &#34;Please define your board timer and pins&#34;
 #error &#34;Please define your board timer and pins&#34;
  ^~~~~
/home/ec2-user/arduino-testlib/cli-datadir/user/libraries/AIS_NB_BC95/src/AltSoftSerial.cpp: In static member function &#39;static void AltSoftSerial::init(uint32_t)&#39;:
/home/ec2-user/arduino-testlib/cli-datadir/user/libraries/AIS_NB_BC95/src/AltSoftSerial.cpp:74:3: error: &#39;CONFIG_TIMER_NOPRESCALE&#39; was not declared in this scope
   CONFIG_TIMER_NOPRESCALE();
   ^~~~~~~~~~~~~~~~~~~~~~~
/home/ec2-user/arduino-testlib/cli-datadir/user/libraries/AIS_NB_BC95/src/AltSoftSerial.cpp:79:4: error: &#39;CONFIG_TIMER_PRESCALE_8&#39; was not declared in this scope
    CONFIG_TIMER_PRESCALE_8();
    ^~~~~~~~~~~~~~~~~~~~~~~
/home/ec2-user/arduino-testlib/cli-datadir/user/libraries/AIS_NB_BC95/src/AltSoftSerial.cpp:104:10: error: &#39;INPUT_CAPTURE_PIN&#39; was not declared in this scope
  pinMode(INPUT_CAPTURE_PIN, INPUT_PULLUP);
          ^~~~~~~~~~~~~~~~~
/home/ec2-user/arduino-testlib/cli-datadir/user/libraries/AIS_NB_BC95/src/AltSoftSerial.cpp:104:10: note: suggested alternative: &#39;INPUT_PULLDOWN&#39;
  pinMode(INPUT_CAPTURE_PIN, INPUT_PULLUP);
          ^~~~~~~~~~~~~~~~~
          INPUT_PULLDOWN
/home/ec2-user/arduino-testlib/cli-datadir/user/libraries/AIS_NB_BC95/src/AltSoftSerial.cpp:105:15: error: &#39;OUTPUT_COMPARE_A_PIN&#39; was not declared in this scope
  digitalWrite(OUTPUT_COMPARE_A_PIN, HIGH);
               ^~~~~~~~~~~~~~~~~~~~
/home/ec2-user/arduino-testlib/cli-datadir/user/libraries/AIS_NB_BC95/src/AltSoftSerial.cpp:113:2: error: &#39;ENABLE_INT_INPUT_CAPTURE&#39; was not declared in this scope
  ENABLE_INT_INPUT_CAPTURE();
  ^~~~~~~~~~~~~~~~~~~~~~~~
/home/ec2-user/arduino-testlib/cli-datadir/user/libraries/AIS_NB_BC95/src/AltSoftSerial.cpp: In static member function &#39;static void AltSoftSerial::end()&#39;:
/home/ec2-user/arduino-testlib/cli-datadir/user/libraries/AIS_NB_BC95/src/AltSoftSerial.cpp:118:2: error: &#39;DISABLE_INT_COMPARE_B&#39; was not declared in this scope
  DISABLE_INT_COMPARE_B();
  ^~~~~~~~~~~~~~~~~~~~~
/home/ec2-user/arduino-testlib/cli-datadir/user/libraries/AIS_NB_BC95/src/AltSoftSerial.cpp:119:2: error: &#39;DISABLE_INT_INPUT_CAPTURE&#39; was not declared in this scope
  DISABLE_INT_INPUT_CAPTURE();
  ^~~~~~~~~~~~~~~~~~~~~~~~~
/home/ec2-user/arduino-testlib/cli-datadir/user/libraries/AIS_NB_BC95/src/AltSoftSerial.cpp:122:2: error: &#39;DISABLE_INT_COMPARE_A&#39; was not declared in this scope
  DISABLE_INT_COMPARE_A();
  ^~~~~~~~~~~~~~~~~~~~~
/home/ec2-user/arduino-testlib/cli-datadir/user/libraries/AIS_NB_BC95/src/AltSoftSerial.cpp: In static member function &#39;static void AltSoftSerial::writeByte(uint8_t)&#39;:
/home/ec2-user/arduino-testlib/cli-datadir/user/libraries/AIS_NB_BC95/src/AltSoftSerial.cpp:147:3: error: &#39;ENABLE_INT_COMPARE_A&#39; was not declared in this scope
   ENABLE_INT_COMPARE_A();
   ^~~~~~~~~~~~~~~~~~~~
/home/ec2-user/arduino-testlib/cli-datadir/user/libraries/AIS_NB_BC95/src/AltSoftSerial.cpp:148:3: error: &#39;CONFIG_MATCH_CLEAR&#39; was not declared in this scope
   CONFIG_MATCH_CLEAR();
   ^~~~~~~~~~~~~~~~~~
/home/ec2-user/arduino-testlib/cli-datadir/user/libraries/AIS_NB_BC95/src/AltSoftSerial.cpp:149:17: error: &#39;GET_TIMER_COUNT&#39; was not declared in this scope
   SET_COMPARE_A(GET_TIMER_COUNT() &#43; 16);
                 ^~~~~~~~~~~~~~~
/home/ec2-user/arduino-testlib/cli-datadir/user/libraries/AIS_NB_BC95/src/AltSoftSerial.cpp:149:17: note: suggested alternative: &#39;PWM_TIMER_COMPARE&#39;
   SET_COMPARE_A(GET_TIMER_COUNT() &#43; 16);
                 ^~~~~~~~~~~~~~~
                 PWM_TIMER_COMPARE
/home/ec2-user/arduino-testlib/cli-datadir/user/libraries/AIS_NB_BC95/src/AltSoftSerial.cpp:149:3: error: &#39;SET_COMPARE_A&#39; was not declared in this scope
   SET_COMPARE_A(GET_TIMER_COUNT() &#43; 16);
   ^~~~~~~~~~~~~
/home/ec2-user/arduino-testlib/cli-datadir/user/libraries/AIS_NB_BC95/src/AltSoftSerial.cpp: In function &#39;void COMPARE_A_INTERRUPT()&#39;:
/home/ec2-user/arduino-testlib/cli-datadir/user/libraries/AIS_NB_BC95/src/AltSoftSerial.cpp:162:11: error: &#39;GET_COMPARE_A&#39; was not declared in this scope
  target = GET_COMPARE_A();
           ^~~~~~~~~~~~~
/home/ec2-user/arduino-testlib/cli-datadir/user/libraries/AIS_NB_BC95/src/AltSoftSerial.cpp:173:5: error: &#39;CONFIG_MATCH_SET&#39; was not declared in this scope
     CONFIG_MATCH_SET();
     ^~~~~~~~~~~~~~~~
/home/ec2-user/arduino-testlib/cli-datadir/user/libraries/AIS_NB_BC95/src/AltSoftSerial.cpp:175:5: error: &#39;CONFIG_MATCH_CLEAR&#39; was not declared in this scope
     CONFIG_MATCH_CLEAR();
     ^~~~~~~~~~~~~~~~~~
/home/ec2-user/arduino-testlib/cli-datadir/user/libraries/AIS_NB_BC95/src/AltSoftSerial.cpp:177:4: error: &#39;SET_COMPARE_A&#39; was not declared in this scope
    SET_COMPARE_A(target);
    ^~~~~~~~~~~~~
/home/ec2-user/arduino-testlib/cli-datadir/user/libraries/AIS_NB_BC95/src/AltSoftSerial.cpp:191:4: error: &#39;SET_COMPARE_A&#39; was not declared in this scope
    SET_COMPARE_A(target &#43; ticks_per_bit);
    ^~~~~~~~~~~~~
/home/ec2-user/arduino-testlib/cli-datadir/user/libraries/AIS_NB_BC95/src/AltSoftSerial.cpp:194:4: error: &#39;CONFIG_MATCH_NORMAL&#39; was not declared in this scope
    CONFIG_MATCH_NORMAL();
    ^~~~~~~~~~~~~~~~~~~
/home/ec2-user/arduino-testlib/cli-datadir/user/libraries/AIS_NB_BC95/src/AltSoftSerial.cpp:195:4: error: &#39;DISABLE_INT_COMPARE_A&#39; was not declared in this scope
    DISABLE_INT_COMPARE_A();
    ^~~~~~~~~~~~~~~~~~~~~
/home/ec2-user/arduino-testlib/cli-datadir/user/libraries/AIS_NB_BC95/src/AltSoftSerial.cpp:202:3: error: &#39;CONFIG_MATCH_CLEAR&#39; was not declared in this scope
   CONFIG_MATCH_CLEAR();
   ^~~~~~~~~~~~~~~~~~
/home/ec2-user/arduino-testlib/cli-datadir/user/libraries/AIS_NB_BC95/src/AltSoftSerial.cpp:204:4: error: &#39;SET_COMPARE_A&#39; was not declared in this scope
    SET_COMPARE_A(target &#43; ticks_per_bit);
    ^~~~~~~~~~~~~
/home/ec2-user/arduino-testlib/cli-datadir/user/libraries/AIS_NB_BC95/src/AltSoftSerial.cpp:206:18: error: &#39;GET_TIMER_COUNT&#39; was not declared in this scope
    SET_COMPARE_A(GET_TIMER_COUNT() &#43; 16);
                  ^~~~~~~~~~~~~~~
/home/ec2-user/arduino-testlib/cli-datadir/user/libraries/AIS_NB_BC95/src/AltSoftSerial.cpp:206:18: note: suggested alternative: &#39;PWM_TIMER_COMPARE&#39;
    SET_COMPARE_A(GET_TIMER_COUNT() &#43; 16);
                  ^~~~~~~~~~~~~~~
                  PWM_TIMER_COMPARE
/home/ec2-user/arduino-testlib/cli-datadir/user/libraries/AIS_NB_BC95/src/AltSoftSerial.cpp:206:4: error: &#39;SET_COMPARE_A&#39; was not declared in this scope
    SET_COMPARE_A(GET_TIMER_COUNT() &#43; 16);
    ^~~~~~~~~~~~~
/home/ec2-user/arduino-testlib/cli-datadir/user/libraries/AIS_NB_BC95/src/AltSoftSerial.cpp: In function &#39;void CAPTURE_INTERRUPT()&#39;:
/home/ec2-user/arduino-testlib/cli-datadir/user/libraries/AIS_NB_BC95/src/AltSoftSerial.cpp:228:12: error: &#39;GET_INPUT_CAPTURE&#39; was not declared in this scope
  capture = GET_INPUT_CAPTURE();
            ^~~~~~~~~~~~~~~~~
/home/ec2-user/arduino-testlib/cli-datadir/user/libraries/AIS_NB_BC95/src/AltSoftSerial.cpp:231:3: error: &#39;CONFIG_CAPTURE_FALLING_EDGE&#39; was not declared in this scope
   CONFIG_CAPTURE_FALLING_EDGE();
   ^~~~~~~~~~~~~~~~~~~~~~~~~~~
/home/ec2-user/arduino-testlib/cli-datadir/user/libraries/AIS_NB_BC95/src/AltSoftSerial.cpp:234:3: error: &#39;CONFIG_CAPTURE_RISING_EDGE&#39; was not declared in this scope
   CONFIG_CAPTURE_RISING_EDGE();
   ^~~~~~~~~~~~~~~~~~~~~~~~~~
/home/ec2-user/arduino-testlib/cli-datadir/user/libraries/AIS_NB_BC95/src/AltSoftSerial.cpp:241:4: error: &#39;SET_COMPARE_B&#39; was not declared in this scope
    SET_COMPARE_B(end);
    ^~~~~~~~~~~~~
/home/ec2-user/arduino-testlib/cli-datadir/user/libraries/AIS_NB_BC95/src/AltSoftSerial.cpp:242:4: error: &#39;ENABLE_INT_COMPARE_B&#39; was not declared in this scope
    ENABLE_INT_COMPARE_B();
    ^~~~~~~~~~~~~~~~~~~~
/home/ec2-user/arduino-testlib/cli-datadir/user/libraries/AIS_NB_BC95/src/AltSoftSerial.cpp:256:5: error: &#39;DISABLE_INT_COMPARE_B&#39; was not declared in this scope
     DISABLE_INT_COMPARE_B();
     ^~~~~~~~~~~~~~~~~~~~~
/home/ec2-user/arduino-testlib/cli-datadir/user/libraries/AIS_NB_BC95/src/AltSoftSerial.cpp:263:5: error: &#39;CONFIG_CAPTURE_FALLING_EDGE&#39; was not declared in this scope
     CONFIG_CAPTURE_FALLING_EDGE();
     ^~~~~~~~~~~~~~~~~~~~~~~~~~~
/home/ec2-user/arduino-testlib/cli-datadir/user/libraries/AIS_NB_BC95/src/AltSoftSerial.cpp: In function &#39;void COMPARE_B_INTERRUPT()&#39;:
/home/ec2-user/arduino-testlib/cli-datadir/user/libraries/AIS_NB_BC95/src/AltSoftSerial.cpp:279:2: error: &#39;DISABLE_INT_COMPARE_B&#39; was not declared in this scope
  DISABLE_INT_COMPARE_B();
  ^~~~~~~~~~~~~~~~~~~~~
/home/ec2-user/arduino-testlib/cli-datadir/user/libraries/AIS_NB_BC95/src/AltSoftSerial.cpp:280:2: error: &#39;CONFIG_CAPTURE_FALLING_EDGE&#39; was not declared in this scope
  CONFIG_CAPTURE_FALLING_EDGE();
  ^~~~~~~~~~~~~~~~~~~~~~~~~~~
Multiple libraries were found for &#34;ArduinoJson.h&#34;
  Used: /home/ec2-user/arduino-testlib/cli-datadir/user/libraries/ArduinoJson
  Not used: /home/ec2-user/arduino-testlib/cli-datadir/user/libraries/ThingsIoT
  Not used: /home/ec2-user/arduino-testlib/cli-datadir/user/libraries/Antares_ESP8266_HTTP
  Not used: /home/ec2-user/arduino-testlib/cli-datadir/user/libraries/CoogleIOT
  Not used: /home/ec2-user/arduino-testlib/cli-datadir/user/libraries/Antares_ESP8266_MQTT
  Not used: /home/ec2-user/arduino-testlib/cli-datadir/user/libraries/AllThingsTalk_LTE-M_SDK
  Not used: /home/ec2-user/arduino-testlib/cli-datadir/user/libraries/ThingESP
  Not used: /home/ec2-user/arduino-testlib/cli-datadir/user/libraries/BaleMessengerBot_Arduino
  Not used: /home/ec2-user/arduino-testlib/cli-datadir/user/libraries/CMMC_MQTT_Connector
</pre>
					
					<h4>examples/pushdata_linenotify_control</h4>
					<p>
						Result: <b>FAIL</b>
					</p>
					<pre class="pre-scrollable">In file included from /home/ec2-user/arduino-testlib/cli-datadir/user/libraries/AIS_NB_BC95/src/AltSoftSerial.cpp:35:0:
/home/ec2-user/arduino-testlib/cli-datadir/user/libraries/AIS_NB_BC95/src/config/AltSoftSerial_Boards.h:136:2: error: #error &#34;Please define your board timer and pins&#34;
 #error &#34;Please define your board timer and pins&#34;
  ^~~~~
/home/ec2-user/arduino-testlib/cli-datadir/user/libraries/AIS_NB_BC95/src/AltSoftSerial.cpp: In static member function &#39;static void AltSoftSerial::init(uint32_t)&#39;:
/home/ec2-user/arduino-testlib/cli-datadir/user/libraries/AIS_NB_BC95/src/AltSoftSerial.cpp:74:3: error: &#39;CONFIG_TIMER_NOPRESCALE&#39; was not declared in this scope
   CONFIG_TIMER_NOPRESCALE();
   ^~~~~~~~~~~~~~~~~~~~~~~
/home/ec2-user/arduino-testlib/cli-datadir/user/libraries/AIS_NB_BC95/src/AltSoftSerial.cpp:79:4: error: &#39;CONFIG_TIMER_PRESCALE_8&#39; was not declared in this scope
    CONFIG_TIMER_PRESCALE_8();
    ^~~~~~~~~~~~~~~~~~~~~~~
/home/ec2-user/arduino-testlib/cli-datadir/user/libraries/AIS_NB_BC95/src/AltSoftSerial.cpp:104:10: error: &#39;INPUT_CAPTURE_PIN&#39; was not declared in this scope
  pinMode(INPUT_CAPTURE_PIN, INPUT_PULLUP);
          ^~~~~~~~~~~~~~~~~
/home/ec2-user/arduino-testlib/cli-datadir/user/libraries/AIS_NB_BC95/src/AltSoftSerial.cpp:104:10: note: suggested alternative: &#39;INPUT_PULLDOWN&#39;
  pinMode(INPUT_CAPTURE_PIN, INPUT_PULLUP);
          ^~~~~~~~~~~~~~~~~
          INPUT_PULLDOWN
/home/ec2-user/arduino-testlib/cli-datadir/user/libraries/AIS_NB_BC95/src/AltSoftSerial.cpp:105:15: error: &#39;OUTPUT_COMPARE_A_PIN&#39; was not declared in this scope
  digitalWrite(OUTPUT_COMPARE_A_PIN, HIGH);
               ^~~~~~~~~~~~~~~~~~~~
/home/ec2-user/arduino-testlib/cli-datadir/user/libraries/AIS_NB_BC95/src/AltSoftSerial.cpp:113:2: error: &#39;ENABLE_INT_INPUT_CAPTURE&#39; was not declared in this scope
  ENABLE_INT_INPUT_CAPTURE();
  ^~~~~~~~~~~~~~~~~~~~~~~~
/home/ec2-user/arduino-testlib/cli-datadir/user/libraries/AIS_NB_BC95/src/AltSoftSerial.cpp: In static member function &#39;static void AltSoftSerial::end()&#39;:
/home/ec2-user/arduino-testlib/cli-datadir/user/libraries/AIS_NB_BC95/src/AltSoftSerial.cpp:118:2: error: &#39;DISABLE_INT_COMPARE_B&#39; was not declared in this scope
  DISABLE_INT_COMPARE_B();
  ^~~~~~~~~~~~~~~~~~~~~
/home/ec2-user/arduino-testlib/cli-datadir/user/libraries/AIS_NB_BC95/src/AltSoftSerial.cpp:119:2: error: &#39;DISABLE_INT_INPUT_CAPTURE&#39; was not declared in this scope
  DISABLE_INT_INPUT_CAPTURE();
  ^~~~~~~~~~~~~~~~~~~~~~~~~
/home/ec2-user/arduino-testlib/cli-datadir/user/libraries/AIS_NB_BC95/src/AltSoftSerial.cpp:122:2: error: &#39;DISABLE_INT_COMPARE_A&#39; was not declared in this scope
  DISABLE_INT_COMPARE_A();
  ^~~~~~~~~~~~~~~~~~~~~
/home/ec2-user/arduino-testlib/cli-datadir/user/libraries/AIS_NB_BC95/src/AltSoftSerial.cpp: In static member function &#39;static void AltSoftSerial::writeByte(uint8_t)&#39;:
/home/ec2-user/arduino-testlib/cli-datadir/user/libraries/AIS_NB_BC95/src/AltSoftSerial.cpp:147:3: error: &#39;ENABLE_INT_COMPARE_A&#39; was not declared in this scope
   ENABLE_INT_COMPARE_A();
   ^~~~~~~~~~~~~~~~~~~~
/home/ec2-user/arduino-testlib/cli-datadir/user/libraries/AIS_NB_BC95/src/AltSoftSerial.cpp:148:3: error: &#39;CONFIG_MATCH_CLEAR&#39; was not declared in this scope
   CONFIG_MATCH_CLEAR();
   ^~~~~~~~~~~~~~~~~~
/home/ec2-user/arduino-testlib/cli-datadir/user/libraries/AIS_NB_BC95/src/AltSoftSerial.cpp:149:17: error: &#39;GET_TIMER_COUNT&#39; was not declared in this scope
   SET_COMPARE_A(GET_TIMER_COUNT() &#43; 16);
                 ^~~~~~~~~~~~~~~
/home/ec2-user/arduino-testlib/cli-datadir/user/libraries/AIS_NB_BC95/src/AltSoftSerial.cpp:149:17: note: suggested alternative: &#39;PWM_TIMER_COMPARE&#39;
   SET_COMPARE_A(GET_TIMER_COUNT() &#43; 16);
                 ^~~~~~~~~~~~~~~
                 PWM_TIMER_COMPARE
/home/ec2-user/arduino-testlib/cli-datadir/user/libraries/AIS_NB_BC95/src/AltSoftSerial.cpp:149:3: error: &#39;SET_COMPARE_A&#39; was not declared in this scope
   SET_COMPARE_A(GET_TIMER_COUNT() &#43; 16);
   ^~~~~~~~~~~~~
/home/ec2-user/arduino-testlib/cli-datadir/user/libraries/AIS_NB_BC95/src/AltSoftSerial.cpp: In function &#39;void COMPARE_A_INTERRUPT()&#39;:
/home/ec2-user/arduino-testlib/cli-datadir/user/libraries/AIS_NB_BC95/src/AltSoftSerial.cpp:162:11: error: &#39;GET_COMPARE_A&#39; was not declared in this scope
  target = GET_COMPARE_A();
           ^~~~~~~~~~~~~
/home/ec2-user/arduino-testlib/cli-datadir/user/libraries/AIS_NB_BC95/src/AltSoftSerial.cpp:173:5: error: &#39;CONFIG_MATCH_SET&#39; was not declared in this scope
     CONFIG_MATCH_SET();
     ^~~~~~~~~~~~~~~~
/home/ec2-user/arduino-testlib/cli-datadir/user/libraries/AIS_NB_BC95/src/AltSoftSerial.cpp:175:5: error: &#39;CONFIG_MATCH_CLEAR&#39; was not declared in this scope
     CONFIG_MATCH_CLEAR();
     ^~~~~~~~~~~~~~~~~~
/home/ec2-user/arduino-testlib/cli-datadir/user/libraries/AIS_NB_BC95/src/AltSoftSerial.cpp:177:4: error: &#39;SET_COMPARE_A&#39; was not declared in this scope
    SET_COMPARE_A(target);
    ^~~~~~~~~~~~~
/home/ec2-user/arduino-testlib/cli-datadir/user/libraries/AIS_NB_BC95/src/AltSoftSerial.cpp:191:4: error: &#39;SET_COMPARE_A&#39; was not declared in this scope
    SET_COMPARE_A(target &#43; ticks_per_bit);
    ^~~~~~~~~~~~~
/home/ec2-user/arduino-testlib/cli-datadir/user/libraries/AIS_NB_BC95/src/AltSoftSerial.cpp:194:4: error: &#39;CONFIG_MATCH_NORMAL&#39; was not declared in this scope
    CONFIG_MATCH_NORMAL();
    ^~~~~~~~~~~~~~~~~~~
/home/ec2-user/arduino-testlib/cli-datadir/user/libraries/AIS_NB_BC95/src/AltSoftSerial.cpp:195:4: error: &#39;DISABLE_INT_COMPARE_A&#39; was not declared in this scope
    DISABLE_INT_COMPARE_A();
    ^~~~~~~~~~~~~~~~~~~~~
/home/ec2-user/arduino-testlib/cli-datadir/user/libraries/AIS_NB_BC95/src/AltSoftSerial.cpp:202:3: error: &#39;CONFIG_MATCH_CLEAR&#39; was not declared in this scope
   CONFIG_MATCH_CLEAR();
   ^~~~~~~~~~~~~~~~~~
/home/ec2-user/arduino-testlib/cli-datadir/user/libraries/AIS_NB_BC95/src/AltSoftSerial.cpp:204:4: error: &#39;SET_COMPARE_A&#39; was not declared in this scope
    SET_COMPARE_A(target &#43; ticks_per_bit);
    ^~~~~~~~~~~~~
/home/ec2-user/arduino-testlib/cli-datadir/user/libraries/AIS_NB_BC95/src/AltSoftSerial.cpp:206:18: error: &#39;GET_TIMER_COUNT&#39; was not declared in this scope
    SET_COMPARE_A(GET_TIMER_COUNT() &#43; 16);
                  ^~~~~~~~~~~~~~~
/home/ec2-user/arduino-testlib/cli-datadir/user/libraries/AIS_NB_BC95/src/AltSoftSerial.cpp:206:18: note: suggested alternative: &#39;PWM_TIMER_COMPARE&#39;
    SET_COMPARE_A(GET_TIMER_COUNT() &#43; 16);
                  ^~~~~~~~~~~~~~~
                  PWM_TIMER_COMPARE
/home/ec2-user/arduino-testlib/cli-datadir/user/libraries/AIS_NB_BC95/src/AltSoftSerial.cpp:206:4: error: &#39;SET_COMPARE_A&#39; was not declared in this scope
    SET_COMPARE_A(GET_TIMER_COUNT() &#43; 16);
    ^~~~~~~~~~~~~
/home/ec2-user/arduino-testlib/cli-datadir/user/libraries/AIS_NB_BC95/src/AltSoftSerial.cpp: In function &#39;void CAPTURE_INTERRUPT()&#39;:
/home/ec2-user/arduino-testlib/cli-datadir/user/libraries/AIS_NB_BC95/src/AltSoftSerial.cpp:228:12: error: &#39;GET_INPUT_CAPTURE&#39; was not declared in this scope
  capture = GET_INPUT_CAPTURE();
            ^~~~~~~~~~~~~~~~~
/home/ec2-user/arduino-testlib/cli-datadir/user/libraries/AIS_NB_BC95/src/AltSoftSerial.cpp:231:3: error: &#39;CONFIG_CAPTURE_FALLING_EDGE&#39; was not declared in this scope
   CONFIG_CAPTURE_FALLING_EDGE();
   ^~~~~~~~~~~~~~~~~~~~~~~~~~~
/home/ec2-user/arduino-testlib/cli-datadir/user/libraries/AIS_NB_BC95/src/AltSoftSerial.cpp:234:3: error: &#39;CONFIG_CAPTURE_RISING_EDGE&#39; was not declared in this scope
   CONFIG_CAPTURE_RISING_EDGE();
   ^~~~~~~~~~~~~~~~~~~~~~~~~~
/home/ec2-user/arduino-testlib/cli-datadir/user/libraries/AIS_NB_BC95/src/AltSoftSerial.cpp:241:4: error: &#39;SET_COMPARE_B&#39; was not declared in this scope
    SET_COMPARE_B(end);
    ^~~~~~~~~~~~~
/home/ec2-user/arduino-testlib/cli-datadir/user/libraries/AIS_NB_BC95/src/AltSoftSerial.cpp:242:4: error: &#39;ENABLE_INT_COMPARE_B&#39; was not declared in this scope
    ENABLE_INT_COMPARE_B();
    ^~~~~~~~~~~~~~~~~~~~
/home/ec2-user/arduino-testlib/cli-datadir/user/libraries/AIS_NB_BC95/src/AltSoftSerial.cpp:256:5: error: &#39;DISABLE_INT_COMPARE_B&#39; was not declared in this scope
     DISABLE_INT_COMPARE_B();
     ^~~~~~~~~~~~~~~~~~~~~
/home/ec2-user/arduino-testlib/cli-datadir/user/libraries/AIS_NB_BC95/src/AltSoftSerial.cpp:263:5: error: &#39;CONFIG_CAPTURE_FALLING_EDGE&#39; was not declared in this scope
     CONFIG_CAPTURE_FALLING_EDGE();
     ^~~~~~~~~~~~~~~~~~~~~~~~~~~
/home/ec2-user/arduino-testlib/cli-datadir/user/libraries/AIS_NB_BC95/src/AltSoftSerial.cpp: In function &#39;void COMPARE_B_INTERRUPT()&#39;:
/home/ec2-user/arduino-testlib/cli-datadir/user/libraries/AIS_NB_BC95/src/AltSoftSerial.cpp:279:2: error: &#39;DISABLE_INT_COMPARE_B&#39; was not declared in this scope
  DISABLE_INT_COMPARE_B();
  ^~~~~~~~~~~~~~~~~~~~~
/home/ec2-user/arduino-testlib/cli-datadir/user/libraries/AIS_NB_BC95/src/AltSoftSerial.cpp:280:2: error: &#39;CONFIG_CAPTURE_FALLING_EDGE&#39; was not declared in this scope
  CONFIG_CAPTURE_FALLING_EDGE();
  ^~~~~~~~~~~~~~~~~~~~~~~~~~~
Multiple libraries were found for &#34;DHT.h&#34;
  Used: /home/ec2-user/arduino-testlib/cli-datadir/user/libraries/DHT_sensor_library
  Not used: /home/ec2-user/arduino-testlib/cli-datadir/user/libraries/Grove_Temperature_And_Humidity_Sensor
  Not used: /home/ec2-user/arduino-testlib/cli-datadir/user/libraries/NanoPlayBoard
  Not used: /home/ec2-user/arduino-testlib/cli-datadir/user/libraries/uKit_Explore
Multiple libraries were found for &#34;Adafruit_Sensor.h&#34;
  Used: /home/ec2-user/arduino-testlib/cli-datadir/user/libraries/Adafruit_Unified_Sensor
  Not used: /home/ec2-user/arduino-testlib/cli-datadir/user/libraries/ClimaStick
  Not used: /home/ec2-user/arduino-testlib/cli-datadir/user/libraries/ArdUAV
</pre>
					
				
				<h3 id="arduino:samd:mkrwifi1010">arduino:samd:mkrwifi1010 @ 1.8.12</h3>
				<h4>Inclusion</h4>
				<p>
					Result: <b>FAIL</b>
					
				</p>
				<pre class="pre-scrollable">
</pre>

					
					<h4>examples/SendDHTsensor</h4>
					<p>
						Result: <b>FAIL</b>
					</p>
					<pre class="pre-scrollable">Multiple libraries were found for &#34;DHT.h&#34;
  Used: /Users/alranel/Documents/git/arduino/arduino-testlib/cli-datadir/user/libraries/DHT_sensor_library
  Not used: /Users/alranel/Documents/git/arduino/arduino-testlib/cli-datadir/user/libraries/Grove_Temperature_And_Humidity_Sensor
  Not used: /Users/alranel/Documents/git/arduino/arduino-testlib/cli-datadir/user/libraries/NanoPlayBoard
  Not used: /Users/alranel/Documents/git/arduino/arduino-testlib/cli-datadir/user/libraries/uKit_Explore
Multiple libraries were found for &#34;Adafruit_Sensor.h&#34;
  Used: /Users/alranel/Documents/git/arduino/arduino-testlib/cli-datadir/user/libraries/Adafruit_Unified_Sensor
  Not used: /Users/alranel/Documents/git/arduino/arduino-testlib/cli-datadir/user/libraries/ArdUAV
  Not used: /Users/alranel/Documents/git/arduino/arduino-testlib/cli-datadir/user/libraries/ClimaStick
</pre>
					
					<h4>examples/SendDataToDashboard</h4>
					<p>
						Result: <b>FAIL</b>
					</p>
					<pre class="pre-scrollable">
</pre>
					
					<h4>examples/SendDataToDashboard_with_pushLineNotify</h4>
					<p>
						Result: <b>FAIL</b>
					</p>
					<pre class="pre-scrollable">
</pre>
					
					<h4>examples/SendRSSI</h4>
					<p>
						Result: <b>FAIL</b>
					</p>
					<pre class="pre-scrollable">/Users/alranel/Documents/git/arduino/arduino-testlib/cli-datadir/user/libraries/IoTtweetNBIoT/examples/SendRSSI/SendRSSI.ino: In function &#39;void loop()&#39;:
/Users/alranel/Documents/git/arduino/arduino-testlib/cli-datadir/user/libraries/IoTtweetNBIoT/examples/SendRSSI/SendRSSI.ino:32:30: error: invalid conversion from &#39;byte* {aka unsigned char*}&#39; to &#39;char*&#39; [-fpermissive]
       rssi.toCharArray(buf,30);
                              ^
In file included from /Users/alranel/Documents/git/arduino/arduino-testlib/cli-datadir/data/packages/arduino/hardware/samd/1.8.12/cores/arduino/api/IPAddress.h:24:0,
                 from /Users/alranel/Documents/git/arduino/arduino-testlib/cli-datadir/data/packages/arduino/hardware/samd/1.8.12/cores/arduino/api/ArduinoAPI.h:30,
                 from /Users/alranel/Documents/git/arduino/arduino-testlib/cli-datadir/data/packages/arduino/hardware/samd/1.8.12/cores/arduino/Arduino.h:23,
                 from /private/var/folders/47/_57rjy4111jc7dfpgjmcc93w0000gp/T/arduino-sketch-E8A92E8F7FF7A6838A426D6B410A2AB3/sketch/SendRSSI.ino.cpp:1:
/Users/alranel/Documents/git/arduino/arduino-testlib/cli-datadir/data/packages/arduino/hardware/samd/1.8.12/cores/arduino/api/String.h:190:7: note:   initializing argument 1 of &#39;void arduino::String::toCharArray(char*, unsigned int, unsigned int) const&#39;
  void toCharArray(char *buf, unsigned int bufsize, unsigned int index=0) const
       ^~~~~~~~~~~
/Users/alranel/Documents/git/arduino/arduino-testlib/cli-datadir/user/libraries/IoTtweetNBIoT/examples/SendRSSI/SendRSSI.ino:34:30: error: invalid conversion from &#39;byte* {aka unsigned char*}&#39; to &#39;const char*&#39; [-fpermissive]
       int rssi_num = atoi(buf);
                              ^
In file included from /Users/alranel/Documents/git/arduino/arduino-testlib/cli-datadir/data/packages/arduino/tools/arm-none-eabi-gcc/7-2017q4/arm-none-eabi/include/stdlib.h:11:0,
                 from /Users/alranel/Documents/git/arduino/arduino-testlib/cli-datadir/data/packages/arduino/tools/arm-none-eabi-gcc/7-2017q4/arm-none-eabi/include/c&#43;&#43;/7.2.1/cstdlib:75,
                 from /Users/alranel/Documents/git/arduino/arduino-testlib/cli-datadir/data/packages/arduino/tools/arm-none-eabi-gcc/7-2017q4/arm-none-eabi/include/c&#43;&#43;/7.2.1/stdlib.h:36,
                 from /Users/alranel/Documents/git/arduino/arduino-testlib/cli-datadir/data/packages/arduino/hardware/samd/1.8.12/cores/arduino/api/Interrupts.h:5,
                 from /Users/alranel/Documents/git/arduino/arduino-testlib/cli-datadir/data/packages/arduino/hardware/samd/1.8.12/cores/arduino/api/ArduinoAPI.h:29,
                 from /Users/alranel/Documents/git/arduino/arduino-testlib/cli-datadir/data/packages/arduino/hardware/samd/1.8.12/cores/arduino/Arduino.h:23,
                 from /private/var/folders/47/_57rjy4111jc7dfpgjmcc93w0000gp/T/arduino-sketch-E8A92E8F7FF7A6838A426D6B410A2AB3/sketch/SendRSSI.ino.cpp:1:
/Users/alranel/Documents/git/arduino/arduino-testlib/cli-datadir/data/packages/arduino/tools/arm-none-eabi-gcc/7-2017q4/arm-none-eabi/include/stdlib.h:81:5: note:   initializing argument 1 of &#39;int atoi(const char*)&#39;
 int _EXFUN(atoi,(const char *__nptr));
     ^

</pre>
					
					<h4>examples/controlFromDashboard</h4>
					<p>
						Result: <b>FAIL</b>
					</p>
					<pre class="pre-scrollable">
</pre>
					
					<h4>examples/getNetworkTime</h4>
					<p>
						Result: <b>FAIL</b>
					</p>
					<pre class="pre-scrollable">
</pre>
					
					<h4>examples/getUDPip</h4>
					<p>
						Result: <b>FAIL</b>
					</p>
					<pre class="pre-scrollable">Multiple libraries were found for &#34;ArduinoJson.h&#34;
  Used: /Users/alranel/Documents/git/arduino/arduino-testlib/cli-datadir/user/libraries/ArduinoJson
  Not used: /Users/alranel/Documents/git/arduino/arduino-testlib/cli-datadir/user/libraries/ThingsIoT
  Not used: /Users/alranel/Documents/git/arduino/arduino-testlib/cli-datadir/user/libraries/ThingESP
  Not used: /Users/alranel/Documents/git/arduino/arduino-testlib/cli-datadir/user/libraries/CMMC_MQTT_Connector
  Not used: /Users/alranel/Documents/git/arduino/arduino-testlib/cli-datadir/user/libraries/Antares_ESP8266_MQTT
  Not used: /Users/alranel/Documents/git/arduino/arduino-testlib/cli-datadir/user/libraries/AllThingsTalk_LTE-M_SDK
  Not used: /Users/alranel/Documents/git/arduino/arduino-testlib/cli-datadir/user/libraries/Antares_ESP8266_HTTP
  Not used: /Users/alranel/Documents/git/arduino/arduino-testlib/cli-datadir/user/libraries/CoogleIOT
  Not used: /Users/alranel/Documents/git/arduino/arduino-testlib/cli-datadir/user/libraries/BaleMessengerBot_Arduino
</pre>
					
					<h4>examples/pushdata_linenotify_control</h4>
					<p>
						Result: <b>FAIL</b>
					</p>
					<pre class="pre-scrollable">Multiple libraries were found for &#34;DHT.h&#34;
  Used: /Users/alranel/Documents/git/arduino/arduino-testlib/cli-datadir/user/libraries/DHT_sensor_library
  Not used: /Users/alranel/Documents/git/arduino/arduino-testlib/cli-datadir/user/libraries/uKit_Explore
  Not used: /Users/alranel/Documents/git/arduino/arduino-testlib/cli-datadir/user/libraries/Grove_Temperature_And_Humidity_Sensor
  Not used: /Users/alranel/Documents/git/arduino/arduino-testlib/cli-datadir/user/libraries/NanoPlayBoard
Multiple libraries were found for &#34;Adafruit_Sensor.h&#34;
  Used: /Users/alranel/Documents/git/arduino/arduino-testlib/cli-datadir/user/libraries/Adafruit_Unified_Sensor
  Not used: /Users/alranel/Documents/git/arduino/arduino-testlib/cli-datadir/user/libraries/ArdUAV
  Not used: /Users/alranel/Documents/git/arduino/arduino-testlib/cli-datadir/user/libraries/ClimaStick
</pre>
					
				
				<h3 id="esp32:esp32:d1_mini32">esp32:esp32:d1_mini32 @ 1.0.6</h3>
				<h4>Inclusion</h4>
				<p>
					Result: <b>FAIL</b>
					
				</p>
				<pre class="pre-scrollable">
</pre>

					
					<h4>examples/SendDHTsensor</h4>
					<p>
						Result: <b>FAIL</b>
					</p>
					<pre class="pre-scrollable">Multiple libraries were found for &#34;DHT.h&#34;
  Used: /home/ec2-user/arduino-testlib/cli-datadir/user/libraries/DHT_sensor_library
  Not used: /home/ec2-user/arduino-testlib/cli-datadir/user/libraries/Grove_Temperature_And_Humidity_Sensor
  Not used: /home/ec2-user/arduino-testlib/cli-datadir/user/libraries/NanoPlayBoard
  Not used: /home/ec2-user/arduino-testlib/cli-datadir/user/libraries/uKit_Explore
Multiple libraries were found for &#34;Adafruit_Sensor.h&#34;
  Used: /home/ec2-user/arduino-testlib/cli-datadir/user/libraries/Adafruit_Unified_Sensor
  Not used: /home/ec2-user/arduino-testlib/cli-datadir/user/libraries/ClimaStick
  Not used: /home/ec2-user/arduino-testlib/cli-datadir/user/libraries/ArdUAV
</pre>
					
					<h4>examples/SendDataToDashboard</h4>
					<p>
						Result: <b>FAIL</b>
					</p>
					<pre class="pre-scrollable">
</pre>
					
					<h4>examples/SendDataToDashboard_with_pushLineNotify</h4>
					<p>
						Result: <b>FAIL</b>
					</p>
					<pre class="pre-scrollable">
</pre>
					
					<h4>examples/SendRSSI</h4>
					<p>
						Result: <b>FAIL</b>
					</p>
					<pre class="pre-scrollable">/home/ec2-user/arduino-testlib/cli-datadir/user/libraries/IoTtweetNBIoT/examples/SendRSSI/SendRSSI.ino: In function &#39;void loop()&#39;:
/home/ec2-user/arduino-testlib/cli-datadir/user/libraries/IoTtweetNBIoT/examples/SendRSSI/SendRSSI.ino:32:30: error: invalid conversion from &#39;byte* {aka unsigned char*}&#39; to &#39;char*&#39; [-fpermissive]
       rssi.toCharArray(buf,30);
                              ^
In file included from /home/ec2-user/arduino-testlib/cli-datadir/data/packages/esp32/hardware/esp32/1.0.6/cores/esp32/Arduino.h:146:0,
                 from /tmp/arduino-sketch-990D9309847F33FA03FF0535F3587094/sketch/SendRSSI.ino.cpp:1:
/home/ec2-user/arduino-testlib/cli-datadir/data/packages/esp32/hardware/esp32/1.0.6/cores/esp32/WString.h:227:14: note:   initializing argument 1 of &#39;void String::toCharArray(char*, unsigned int, unsigned int) const&#39;
         void toCharArray(char *buf, unsigned int bufsize, unsigned int index = 0) const {
              ^
/home/ec2-user/arduino-testlib/cli-datadir/user/libraries/IoTtweetNBIoT/examples/SendRSSI/SendRSSI.ino:34:30: error: invalid conversion from &#39;byte* {aka unsigned char*}&#39; to &#39;const char*&#39; [-fpermissive]
       int rssi_num = atoi(buf);
                              ^
In file included from /home/ec2-user/arduino-testlib/cli-datadir/data/packages/esp32/hardware/esp32/1.0.6/cores/esp32/Arduino.h:39:0,
                 from /tmp/arduino-sketch-990D9309847F33FA03FF0535F3587094/sketch/SendRSSI.ino.cpp:1:
/home/ec2-user/arduino-testlib/cli-datadir/data/packages/esp32/hardware/esp32/1.0.6/cores/esp32/stdlib_noniso.h:28:5: note:   initializing argument 1 of &#39;int atoi(const char*)&#39;
 int atoi(const char *s);
     ^

</pre>
					
					<h4>examples/controlFromDashboard</h4>
					<p>
						Result: <b>FAIL</b>
					</p>
					<pre class="pre-scrollable">
</pre>
					
					<h4>examples/getNetworkTime</h4>
					<p>
						Result: <b>FAIL</b>
					</p>
					<pre class="pre-scrollable">
</pre>
					
					<h4>examples/getUDPip</h4>
					<p>
						Result: <b>FAIL</b>
					</p>
					<pre class="pre-scrollable">Multiple libraries were found for &#34;ArduinoJson.h&#34;
  Used: /home/ec2-user/arduino-testlib/cli-datadir/user/libraries/ArduinoJson
  Not used: /home/ec2-user/arduino-testlib/cli-datadir/user/libraries/AllThingsTalk_LTE-M_SDK
  Not used: /home/ec2-user/arduino-testlib/cli-datadir/user/libraries/ThingsIoT
  Not used: /home/ec2-user/arduino-testlib/cli-datadir/user/libraries/CoogleIOT
  Not used: /home/ec2-user/arduino-testlib/cli-datadir/user/libraries/Antares_ESP8266_HTTP
  Not used: /home/ec2-user/arduino-testlib/cli-datadir/user/libraries/BaleMessengerBot_Arduino
  Not used: /home/ec2-user/arduino-testlib/cli-datadir/user/libraries/Antares_ESP8266_MQTT
  Not used: /home/ec2-user/arduino-testlib/cli-datadir/user/libraries/ThingESP
  Not used: /home/ec2-user/arduino-testlib/cli-datadir/user/libraries/CMMC_MQTT_Connector
</pre>
					
					<h4>examples/pushdata_linenotify_control</h4>
					<p>
						Result: <b>FAIL</b>
					</p>
					<pre class="pre-scrollable">Multiple libraries were found for &#34;DHT.h&#34;
  Used: /home/ec2-user/arduino-testlib/cli-datadir/user/libraries/DHT_sensor_library
  Not used: /home/ec2-user/arduino-testlib/cli-datadir/user/libraries/NanoPlayBoard
  Not used: /home/ec2-user/arduino-testlib/cli-datadir/user/libraries/Grove_Temperature_And_Humidity_Sensor
  Not used: /home/ec2-user/arduino-testlib/cli-datadir/user/libraries/uKit_Explore
Multiple libraries were found for &#34;Adafruit_Sensor.h&#34;
  Used: /home/ec2-user/arduino-testlib/cli-datadir/user/libraries/Adafruit_Unified_Sensor
  Not used: /home/ec2-user/arduino-testlib/cli-datadir/user/libraries/ClimaStick
  Not used: /home/ec2-user/arduino-testlib/cli-datadir/user/libraries/ArdUAV
</pre>
					
				
			</div>
		</div>
	</div>
  </body>
</html>
