
<!doctype html>
<html lang="en">
  <head>
    <meta charset="utf-8">
    <meta name="viewport" content="width=device-width, initial-scale=1">
    <link href="https://cdn.jsdelivr.net/npm/bootstrap@5.0.2/dist/css/bootstrap.min.css" rel="stylesheet" integrity="sha384-EVSTQN3/azprG1Anm3QDgpJLIm9Nao0Yz1ztcQTwFspd3yD65VohhpuuCOmLASjC" crossorigin="anonymous">
    <title>arduino-testlib report</title>
	<style>
	.pass { background-color: #00FF00 !important; }
	.fail { background-color: #FF0000 !important; }
	</style>
  </head>
  <body>
	<div class="container">
		<div class="row">
			<div class="col">
				<h1>Joba Tsl2561 Library - compatibility matrix</h1>
				<p>
					<small>This report was generated on Monday, 21-Feb-22 12:00:25 CET using 
					<a href="https://github.com/alranel/arduino-testlib">arduino-testlib</a>.</small>
				</p>

				<h2>Joba Tsl2561 Library</h2>
				<p>
					Version: <b>2.0.10</b>
					<br />
					<a href="https://www.arduino.cc/reference/en/libraries/joba-tsl2561-library/">More details</a>
				</p>

				<h2>Compatibility matrix</h2>
				<table class="table table-bordered">
					<tr>
						<th>Board</th>
						<th>Claims compatibility</th>
						<th>Inclusion</th>
						
						<th><pre>Autogain</pre></th>
						
						<th><pre>Simple</pre></th>
						
						<th><pre>Testing</pre></th>
						
						<th><pre>Utility</pre></th>
						
					</tr>
					
					<tr>
						<td>
							<a href="#arduino%3aavr%3auno"><b>arduino:avr:uno</b></a>
							<br />
							<small>1.8.4</small>
						</td>

						
							<td>Yes</td>
							<td class="pass">PASS</td>
						
						
						
						

						
							
								
									
										
											
											<td class="fail">FAIL</td>
										
									
										
									
										
									
										
									
								
							
								
							
								
							
								
							
								
							
						
							
								
									
										
									
										
											
											<td class="fail">FAIL</td>
										
									
										
									
										
									
								
							
								
							
								
							
								
							
								
							
						
							
								
									
										
									
										
									
										
											
											<td class="fail">FAIL</td>
										
									
										
									
								
							
								
							
								
							
								
							
								
							
						
							
								
									
										
									
										
									
										
									
										
											
											<td class="fail">FAIL</td>
										
									
								
							
								
							
								
							
								
							
								
							
						
					</tr>
					
					<tr>
						<td>
							<a href="#arduino%3ambed_nano%3ananorp2040connect"><b>arduino:mbed_nano:nanorp2040connect</b></a>
							<br />
							<small>2.7.2</small>
						</td>

						
							<td>Yes</td>
							<td class="pass">PASS</td>
						
						
						
						

						
							
								
							
								
									
										
											
											<td class="fail">FAIL</td>
										
									
										
									
										
									
										
									
								
							
								
							
								
							
								
							
						
							
								
							
								
									
										
									
										
											
											<td class="fail">FAIL</td>
										
									
										
									
										
									
								
							
								
							
								
							
								
							
						
							
								
							
								
									
										
									
										
									
										
											
											<td class="fail">FAIL</td>
										
									
										
									
								
							
								
							
								
							
								
							
						
							
								
							
								
									
										
									
										
									
										
									
										
											
											<td class="fail">FAIL</td>
										
									
								
							
								
							
								
							
								
							
						
					</tr>
					
					<tr>
						<td>
							<a href="#arduino%3amegaavr%3anona4809"><b>arduino:megaavr:nona4809</b></a>
							<br />
							<small>1.8.7</small>
						</td>

						
							<td>Yes</td>
							<td class="pass">PASS</td>
						
						
						
						

						
							
								
							
								
							
								
									
										
											
											<td class="fail">FAIL</td>
										
									
										
									
										
									
										
									
								
							
								
							
								
							
						
							
								
							
								
							
								
									
										
									
										
											
											<td class="fail">FAIL</td>
										
									
										
									
										
									
								
							
								
							
								
							
						
							
								
							
								
							
								
									
										
									
										
									
										
											
											<td class="fail">FAIL</td>
										
									
										
									
								
							
								
							
								
							
						
							
								
							
								
							
								
									
										
									
										
									
										
									
										
											
											<td class="fail">FAIL</td>
										
									
								
							
								
							
								
							
						
					</tr>
					
					<tr>
						<td>
							<a href="#arduino%3asamd%3amkrwifi1010"><b>arduino:samd:mkrwifi1010</b></a>
							<br />
							<small>1.8.12</small>
						</td>

						
							<td>Yes</td>
							<td class="pass">PASS</td>
						
						
						
						

						
							
								
							
								
							
								
							
								
									
										
											
											<td class="fail">FAIL</td>
										
									
										
									
										
									
										
									
								
							
								
							
						
							
								
							
								
							
								
							
								
									
										
									
										
											
											<td class="fail">FAIL</td>
										
									
										
									
										
									
								
							
								
							
						
							
								
							
								
							
								
							
								
									
										
									
										
									
										
											
											<td class="fail">FAIL</td>
										
									
										
									
								
							
								
							
						
							
								
							
								
							
								
							
								
									
										
									
										
									
										
									
										
											
											<td class="fail">FAIL</td>
										
									
								
							
								
							
						
					</tr>
					
					<tr>
						<td>
							<a href="#esp32%3aesp32%3ad1_mini32"><b>esp32:esp32:d1_mini32</b></a>
							<br />
							<small>1.0.6</small>
						</td>

						
							<td>Yes</td>
							<td class="pass">PASS</td>
						
						
						
						

						
							
								
							
								
							
								
							
								
							
								
									
										
											<td class="pass">PASS</td>
											
										
									
										
									
										
									
										
									
								
							
						
							
								
							
								
							
								
							
								
							
								
									
										
									
										
											<td class="pass">PASS</td>
											
										
									
										
									
										
									
								
							
						
							
								
							
								
							
								
							
								
							
								
									
										
									
										
									
										
											<td class="pass">PASS</td>
											
										
									
										
									
								
							
						
							
								
							
								
							
								
							
								
							
								
									
										
									
										
									
										
									
										
											<td class="pass">PASS</td>
											
										
									
								
							
						
					</tr>
					
				</table>

				<h2>Compilation logs</h2>
				
				<h3 id="arduino:avr:uno">arduino:avr:uno @ 1.8.4</h3>
				<h4>Inclusion</h4>
				<p>
					Result: <b>PASS</b>
					
				</p>
				<pre class="pre-scrollable">Sketch uses 1636 bytes (5%) of program storage space. Maximum is 32256 bytes.
Global variables use 122 bytes (5%) of dynamic memory, leaving 1926 bytes for local variables. Maximum is 2048 bytes.
</pre>

					
					<h4>examples/Autogain</h4>
					<p>
						Result: <b>FAIL</b>
					</p>
					<pre class="pre-scrollable">/home/ec2-user/arduino-testlib/cli-datadir/user/libraries/Joba_Tsl2561_Library/examples/Autogain/Autogain.ino: In function &#39;void setup()&#39;:
/home/ec2-user/arduino-testlib/cli-datadir/user/libraries/Joba_Tsl2561_Library/examples/Autogain/Autogain.ino:40:38: error: no matching function for call to &#39;TwoWire::begin(const uint8_t&amp;, const uint8_t&amp;)&#39;
   Wire.begin(TSL2561_SDA, TSL2561_SCL);
                                      ^
In file included from /home/ec2-user/arduino-testlib/cli-datadir/user/libraries/Joba_Tsl2561_Library/src/Tsl2561.h:24:0,
                 from /home/ec2-user/arduino-testlib/cli-datadir/user/libraries/Joba_Tsl2561_Library/src/Tsl2561Util.h:23,
                 from /home/ec2-user/arduino-testlib/cli-datadir/user/libraries/Joba_Tsl2561_Library/examples/Autogain/Autogain.ino:22:
/home/ec2-user/arduino-testlib/cli-datadir/data/packages/arduino/hardware/avr/1.8.4/libraries/Wire/src/Wire.h:53:10: note: candidate: void TwoWire::begin()
     void begin();
          ^~~~~
/home/ec2-user/arduino-testlib/cli-datadir/data/packages/arduino/hardware/avr/1.8.4/libraries/Wire/src/Wire.h:53:10: note:   candidate expects 0 arguments, 2 provided
/home/ec2-user/arduino-testlib/cli-datadir/data/packages/arduino/hardware/avr/1.8.4/libraries/Wire/src/Wire.h:54:10: note: candidate: void TwoWire::begin(uint8_t)
     void begin(uint8_t);
          ^~~~~
/home/ec2-user/arduino-testlib/cli-datadir/data/packages/arduino/hardware/avr/1.8.4/libraries/Wire/src/Wire.h:54:10: note:   candidate expects 1 argument, 2 provided
/home/ec2-user/arduino-testlib/cli-datadir/data/packages/arduino/hardware/avr/1.8.4/libraries/Wire/src/Wire.h:55:10: note: candidate: void TwoWire::begin(int)
     void begin(int);
          ^~~~~
/home/ec2-user/arduino-testlib/cli-datadir/data/packages/arduino/hardware/avr/1.8.4/libraries/Wire/src/Wire.h:55:10: note:   candidate expects 1 argument, 2 provided

</pre>
					
					<h4>examples/Simple</h4>
					<p>
						Result: <b>FAIL</b>
					</p>
					<pre class="pre-scrollable">/home/ec2-user/arduino-testlib/cli-datadir/user/libraries/Joba_Tsl2561_Library/examples/Simple/Simple.ino: In function &#39;void setup()&#39;:
/home/ec2-user/arduino-testlib/cli-datadir/user/libraries/Joba_Tsl2561_Library/examples/Simple/Simple.ino:39:38: error: no matching function for call to &#39;TwoWire::begin(const uint8_t&amp;, const uint8_t&amp;)&#39;
   Wire.begin(TSL2561_SDA, TSL2561_SCL);
                                      ^
In file included from /home/ec2-user/arduino-testlib/cli-datadir/user/libraries/Joba_Tsl2561_Library/src/Tsl2561.h:24:0,
                 from /home/ec2-user/arduino-testlib/cli-datadir/user/libraries/Joba_Tsl2561_Library/examples/Simple/Simple.ino:22:
/home/ec2-user/arduino-testlib/cli-datadir/data/packages/arduino/hardware/avr/1.8.4/libraries/Wire/src/Wire.h:53:10: note: candidate: void TwoWire::begin()
     void begin();
          ^~~~~
/home/ec2-user/arduino-testlib/cli-datadir/data/packages/arduino/hardware/avr/1.8.4/libraries/Wire/src/Wire.h:53:10: note:   candidate expects 0 arguments, 2 provided
/home/ec2-user/arduino-testlib/cli-datadir/data/packages/arduino/hardware/avr/1.8.4/libraries/Wire/src/Wire.h:54:10: note: candidate: void TwoWire::begin(uint8_t)
     void begin(uint8_t);
          ^~~~~
/home/ec2-user/arduino-testlib/cli-datadir/data/packages/arduino/hardware/avr/1.8.4/libraries/Wire/src/Wire.h:54:10: note:   candidate expects 1 argument, 2 provided
/home/ec2-user/arduino-testlib/cli-datadir/data/packages/arduino/hardware/avr/1.8.4/libraries/Wire/src/Wire.h:55:10: note: candidate: void TwoWire::begin(int)
     void begin(int);
          ^~~~~
/home/ec2-user/arduino-testlib/cli-datadir/data/packages/arduino/hardware/avr/1.8.4/libraries/Wire/src/Wire.h:55:10: note:   candidate expects 1 argument, 2 provided

</pre>
					
					<h4>examples/Testing</h4>
					<p>
						Result: <b>FAIL</b>
					</p>
					<pre class="pre-scrollable">/home/ec2-user/arduino-testlib/cli-datadir/user/libraries/Joba_Tsl2561_Library/examples/Testing/Testing.ino: In function &#39;void setup()&#39;:
/home/ec2-user/arduino-testlib/cli-datadir/user/libraries/Joba_Tsl2561_Library/examples/Testing/Testing.ino:161:38: error: no matching function for call to &#39;TwoWire::begin(const uint8_t&amp;, const uint8_t&amp;)&#39;
   Wire.begin(TSL2561_SDA, TSL2561_SCL);
                                      ^
In file included from /home/ec2-user/arduino-testlib/cli-datadir/user/libraries/Joba_Tsl2561_Library/src/Tsl2561.h:24:0,
                 from /home/ec2-user/arduino-testlib/cli-datadir/user/libraries/Joba_Tsl2561_Library/examples/Testing/Testing.ino:23:
/home/ec2-user/arduino-testlib/cli-datadir/data/packages/arduino/hardware/avr/1.8.4/libraries/Wire/src/Wire.h:53:10: note: candidate: void TwoWire::begin()
     void begin();
          ^~~~~
/home/ec2-user/arduino-testlib/cli-datadir/data/packages/arduino/hardware/avr/1.8.4/libraries/Wire/src/Wire.h:53:10: note:   candidate expects 0 arguments, 2 provided
/home/ec2-user/arduino-testlib/cli-datadir/data/packages/arduino/hardware/avr/1.8.4/libraries/Wire/src/Wire.h:54:10: note: candidate: void TwoWire::begin(uint8_t)
     void begin(uint8_t);
          ^~~~~
/home/ec2-user/arduino-testlib/cli-datadir/data/packages/arduino/hardware/avr/1.8.4/libraries/Wire/src/Wire.h:54:10: note:   candidate expects 1 argument, 2 provided
/home/ec2-user/arduino-testlib/cli-datadir/data/packages/arduino/hardware/avr/1.8.4/libraries/Wire/src/Wire.h:55:10: note: candidate: void TwoWire::begin(int)
     void begin(int);
          ^~~~~
/home/ec2-user/arduino-testlib/cli-datadir/data/packages/arduino/hardware/avr/1.8.4/libraries/Wire/src/Wire.h:55:10: note:   candidate expects 1 argument, 2 provided

</pre>
					
					<h4>examples/Utility</h4>
					<p>
						Result: <b>FAIL</b>
					</p>
					<pre class="pre-scrollable">/home/ec2-user/arduino-testlib/cli-datadir/user/libraries/Joba_Tsl2561_Library/examples/Utility/Utility.ino: In function &#39;void setup()&#39;:
/home/ec2-user/arduino-testlib/cli-datadir/user/libraries/Joba_Tsl2561_Library/examples/Utility/Utility.ino:40:38: error: no matching function for call to &#39;TwoWire::begin(const uint8_t&amp;, const uint8_t&amp;)&#39;
   Wire.begin(TSL2561_SDA, TSL2561_SCL);
                                      ^
In file included from /home/ec2-user/arduino-testlib/cli-datadir/user/libraries/Joba_Tsl2561_Library/src/Tsl2561.h:24:0,
                 from /home/ec2-user/arduino-testlib/cli-datadir/user/libraries/Joba_Tsl2561_Library/src/Tsl2561Util.h:23,
                 from /home/ec2-user/arduino-testlib/cli-datadir/user/libraries/Joba_Tsl2561_Library/examples/Utility/Utility.ino:22:
/home/ec2-user/arduino-testlib/cli-datadir/data/packages/arduino/hardware/avr/1.8.4/libraries/Wire/src/Wire.h:53:10: note: candidate: void TwoWire::begin()
     void begin();
          ^~~~~
/home/ec2-user/arduino-testlib/cli-datadir/data/packages/arduino/hardware/avr/1.8.4/libraries/Wire/src/Wire.h:53:10: note:   candidate expects 0 arguments, 2 provided
/home/ec2-user/arduino-testlib/cli-datadir/data/packages/arduino/hardware/avr/1.8.4/libraries/Wire/src/Wire.h:54:10: note: candidate: void TwoWire::begin(uint8_t)
     void begin(uint8_t);
          ^~~~~
/home/ec2-user/arduino-testlib/cli-datadir/data/packages/arduino/hardware/avr/1.8.4/libraries/Wire/src/Wire.h:54:10: note:   candidate expects 1 argument, 2 provided
/home/ec2-user/arduino-testlib/cli-datadir/data/packages/arduino/hardware/avr/1.8.4/libraries/Wire/src/Wire.h:55:10: note: candidate: void TwoWire::begin(int)
     void begin(int);
          ^~~~~
/home/ec2-user/arduino-testlib/cli-datadir/data/packages/arduino/hardware/avr/1.8.4/libraries/Wire/src/Wire.h:55:10: note:   candidate expects 1 argument, 2 provided

</pre>
					
				
				<h3 id="arduino:mbed_nano:nanorp2040connect">arduino:mbed_nano:nanorp2040connect @ 2.7.2</h3>
				<h4>Inclusion</h4>
				<p>
					Result: <b>PASS</b>
					
				</p>
				<pre class="pre-scrollable">Sketch uses 81706 bytes (0%) of program storage space. Maximum is 16777216 bytes.
Global variables use 44220 bytes (16%) of dynamic memory, leaving 226116 bytes for local variables. Maximum is 270336 bytes.
</pre>

					
					<h4>examples/Autogain</h4>
					<p>
						Result: <b>FAIL</b>
					</p>
					<pre class="pre-scrollable">/home/ec2-user/arduino-testlib/cli-datadir/user/libraries/Joba_Tsl2561_Library/examples/Autogain/Autogain.ino: In function &#39;char* format(const char*, ...)&#39;:
/home/ec2-user/arduino-testlib/cli-datadir/user/libraries/Joba_Tsl2561_Library/examples/Autogain/Autogain.ino:28:3: error: &#39;va_start&#39; was not declared in this scope
   va_start(arg, fmt);
   ^~~~~~~~
/home/ec2-user/arduino-testlib/cli-datadir/user/libraries/Joba_Tsl2561_Library/examples/Autogain/Autogain.ino:28:3: note: suggested alternative: &#39;i2c_start&#39;
   va_start(arg, fmt);
   ^~~~~~~~
   i2c_start
/home/ec2-user/arduino-testlib/cli-datadir/user/libraries/Joba_Tsl2561_Library/examples/Autogain/Autogain.ino:31:3: error: &#39;va_end&#39; was not declared in this scope
   va_end(arg);
   ^~~~~~
/home/ec2-user/arduino-testlib/cli-datadir/user/libraries/Joba_Tsl2561_Library/examples/Autogain/Autogain.ino:31:3: note: suggested alternative: &#39;rand&#39;
   va_end(arg);
   ^~~~~~
   rand
In file included from /home/ec2-user/arduino-testlib/cli-datadir/user/libraries/Joba_Tsl2561_Library/src/Tsl2561Util.h:23:0,
                 from /home/ec2-user/arduino-testlib/cli-datadir/user/libraries/Joba_Tsl2561_Library/examples/Autogain/Autogain.ino:22:
/home/ec2-user/arduino-testlib/cli-datadir/user/libraries/Joba_Tsl2561_Library/examples/Autogain/Autogain.ino: In function &#39;void setup()&#39;:
/home/ec2-user/arduino-testlib/cli-datadir/user/libraries/Joba_Tsl2561_Library/src/Tsl2561.h:28:23: error: &#39;SDA&#39; was not declared in this scope
   #define TSL2561_SDA SDA
                       ^
/home/ec2-user/arduino-testlib/cli-datadir/user/libraries/Joba_Tsl2561_Library/examples/Autogain/Autogain.ino:40:14: note: in expansion of macro &#39;TSL2561_SDA&#39;
   Wire.begin(TSL2561_SDA, TSL2561_SCL);
              ^~~~~~~~~~~
/home/ec2-user/arduino-testlib/cli-datadir/user/libraries/Joba_Tsl2561_Library/src/Tsl2561.h:31:23: error: &#39;SCL&#39; was not declared in this scope
   #define TSL2561_SCL SCL
                       ^
/home/ec2-user/arduino-testlib/cli-datadir/user/libraries/Joba_Tsl2561_Library/examples/Autogain/Autogain.ino:40:27: note: in expansion of macro &#39;TSL2561_SCL&#39;
   Wire.begin(TSL2561_SDA, TSL2561_SCL);
                           ^~~~~~~~~~~
/home/ec2-user/arduino-testlib/cli-datadir/user/libraries/Joba_Tsl2561_Library/src/Tsl2561.h:31:23: note: suggested alternative: &#39;SCK&#39;
   #define TSL2561_SCL SCL
                       ^
/home/ec2-user/arduino-testlib/cli-datadir/user/libraries/Joba_Tsl2561_Library/examples/Autogain/Autogain.ino:40:27: note: in expansion of macro &#39;TSL2561_SCL&#39;
   Wire.begin(TSL2561_SDA, TSL2561_SCL);
                           ^~~~~~~~~~~

</pre>
					
					<h4>examples/Simple</h4>
					<p>
						Result: <b>FAIL</b>
					</p>
					<pre class="pre-scrollable">/home/ec2-user/arduino-testlib/cli-datadir/user/libraries/Joba_Tsl2561_Library/examples/Simple/Simple.ino: In function &#39;char* format(const char*, ...)&#39;:
/home/ec2-user/arduino-testlib/cli-datadir/user/libraries/Joba_Tsl2561_Library/examples/Simple/Simple.ino:28:3: error: &#39;va_start&#39; was not declared in this scope
   va_start(arg, fmt);
   ^~~~~~~~
/home/ec2-user/arduino-testlib/cli-datadir/user/libraries/Joba_Tsl2561_Library/examples/Simple/Simple.ino:28:3: note: suggested alternative: &#39;i2c_start&#39;
   va_start(arg, fmt);
   ^~~~~~~~
   i2c_start
/home/ec2-user/arduino-testlib/cli-datadir/user/libraries/Joba_Tsl2561_Library/examples/Simple/Simple.ino:31:3: error: &#39;va_end&#39; was not declared in this scope
   va_end(arg);
   ^~~~~~
/home/ec2-user/arduino-testlib/cli-datadir/user/libraries/Joba_Tsl2561_Library/examples/Simple/Simple.ino:31:3: note: suggested alternative: &#39;rand&#39;
   va_end(arg);
   ^~~~~~
   rand
In file included from /home/ec2-user/arduino-testlib/cli-datadir/user/libraries/Joba_Tsl2561_Library/examples/Simple/Simple.ino:22:0:
/home/ec2-user/arduino-testlib/cli-datadir/user/libraries/Joba_Tsl2561_Library/examples/Simple/Simple.ino: In function &#39;void setup()&#39;:
/home/ec2-user/arduino-testlib/cli-datadir/user/libraries/Joba_Tsl2561_Library/src/Tsl2561.h:28:23: error: &#39;SDA&#39; was not declared in this scope
   #define TSL2561_SDA SDA
                       ^
/home/ec2-user/arduino-testlib/cli-datadir/user/libraries/Joba_Tsl2561_Library/examples/Simple/Simple.ino:39:14: note: in expansion of macro &#39;TSL2561_SDA&#39;
   Wire.begin(TSL2561_SDA, TSL2561_SCL);
              ^~~~~~~~~~~
/home/ec2-user/arduino-testlib/cli-datadir/user/libraries/Joba_Tsl2561_Library/src/Tsl2561.h:31:23: error: &#39;SCL&#39; was not declared in this scope
   #define TSL2561_SCL SCL
                       ^
/home/ec2-user/arduino-testlib/cli-datadir/user/libraries/Joba_Tsl2561_Library/examples/Simple/Simple.ino:39:27: note: in expansion of macro &#39;TSL2561_SCL&#39;
   Wire.begin(TSL2561_SDA, TSL2561_SCL);
                           ^~~~~~~~~~~
/home/ec2-user/arduino-testlib/cli-datadir/user/libraries/Joba_Tsl2561_Library/src/Tsl2561.h:31:23: note: suggested alternative: &#39;SCK&#39;
   #define TSL2561_SCL SCL
                       ^
/home/ec2-user/arduino-testlib/cli-datadir/user/libraries/Joba_Tsl2561_Library/examples/Simple/Simple.ino:39:27: note: in expansion of macro &#39;TSL2561_SCL&#39;
   Wire.begin(TSL2561_SDA, TSL2561_SCL);
                           ^~~~~~~~~~~
/home/ec2-user/arduino-testlib/cli-datadir/user/libraries/Joba_Tsl2561_Library/examples/Simple/Simple.ino: In function &#39;void loop()&#39;:
/home/ec2-user/arduino-testlib/cli-datadir/user/libraries/Joba_Tsl2561_Library/src/Tsl2561.h:31:23: error: &#39;SCL&#39; was not declared in this scope
   #define TSL2561_SCL SCL
                       ^
/home/ec2-user/arduino-testlib/cli-datadir/user/libraries/Joba_Tsl2561_Library/examples/Simple/Simple.ino:63:77: note: in expansion of macro &#39;TSL2561_SCL&#39;
     Serial.print(format(&#34;No Tsl2561 found. Check wiring: SCL=%u, SDA=%u\n&#34;, TSL2561_SCL, TSL2561_SDA));
                                                                             ^~~~~~~~~~~
/home/ec2-user/arduino-testlib/cli-datadir/user/libraries/Joba_Tsl2561_Library/src/Tsl2561.h:31:23: note: suggested alternative: &#39;SCK&#39;
   #define TSL2561_SCL SCL
                       ^
/home/ec2-user/arduino-testlib/cli-datadir/user/libraries/Joba_Tsl2561_Library/examples/Simple/Simple.ino:63:77: note: in expansion of macro &#39;TSL2561_SCL&#39;
     Serial.print(format(&#34;No Tsl2561 found. Check wiring: SCL=%u, SDA=%u\n&#34;, TSL2561_SCL, TSL2561_SDA));
                                                                             ^~~~~~~~~~~
/home/ec2-user/arduino-testlib/cli-datadir/user/libraries/Joba_Tsl2561_Library/src/Tsl2561.h:28:23: error: &#39;SDA&#39; was not declared in this scope
   #define TSL2561_SDA SDA
                       ^
/home/ec2-user/arduino-testlib/cli-datadir/user/libraries/Joba_Tsl2561_Library/examples/Simple/Simple.ino:63:90: note: in expansion of macro &#39;TSL2561_SDA&#39;
     Serial.print(format(&#34;No Tsl2561 found. Check wiring: SCL=%u, SDA=%u\n&#34;, TSL2561_SCL, TSL2561_SDA));
                                                                                          ^~~~~~~~~~~

</pre>
					
					<h4>examples/Testing</h4>
					<p>
						Result: <b>FAIL</b>
					</p>
					<pre class="pre-scrollable">/home/ec2-user/arduino-testlib/cli-datadir/user/libraries/Joba_Tsl2561_Library/examples/Testing/Testing.ino: In function &#39;char* format(const char*, ...)&#39;:
/home/ec2-user/arduino-testlib/cli-datadir/user/libraries/Joba_Tsl2561_Library/examples/Testing/Testing.ino:29:3: error: &#39;va_start&#39; was not declared in this scope
   va_start(arg, fmt);
   ^~~~~~~~
/home/ec2-user/arduino-testlib/cli-datadir/user/libraries/Joba_Tsl2561_Library/examples/Testing/Testing.ino:29:3: note: suggested alternative: &#39;i2c_start&#39;
   va_start(arg, fmt);
   ^~~~~~~~
   i2c_start
/home/ec2-user/arduino-testlib/cli-datadir/user/libraries/Joba_Tsl2561_Library/examples/Testing/Testing.ino:32:3: error: &#39;va_end&#39; was not declared in this scope
   va_end(arg);
   ^~~~~~
/home/ec2-user/arduino-testlib/cli-datadir/user/libraries/Joba_Tsl2561_Library/examples/Testing/Testing.ino:32:3: note: suggested alternative: &#39;rand&#39;
   va_end(arg);
   ^~~~~~
   rand
In file included from /home/ec2-user/arduino-testlib/cli-datadir/user/libraries/Joba_Tsl2561_Library/examples/Testing/Testing.ino:23:0:
/home/ec2-user/arduino-testlib/cli-datadir/user/libraries/Joba_Tsl2561_Library/examples/Testing/Testing.ino: In function &#39;void setup()&#39;:
/home/ec2-user/arduino-testlib/cli-datadir/user/libraries/Joba_Tsl2561_Library/src/Tsl2561.h:28:23: error: &#39;SDA&#39; was not declared in this scope
   #define TSL2561_SDA SDA
                       ^
/home/ec2-user/arduino-testlib/cli-datadir/user/libraries/Joba_Tsl2561_Library/examples/Testing/Testing.ino:161:14: note: in expansion of macro &#39;TSL2561_SDA&#39;
   Wire.begin(TSL2561_SDA, TSL2561_SCL);
              ^~~~~~~~~~~
/home/ec2-user/arduino-testlib/cli-datadir/user/libraries/Joba_Tsl2561_Library/src/Tsl2561.h:31:23: error: &#39;SCL&#39; was not declared in this scope
   #define TSL2561_SCL SCL
                       ^
/home/ec2-user/arduino-testlib/cli-datadir/user/libraries/Joba_Tsl2561_Library/examples/Testing/Testing.ino:161:27: note: in expansion of macro &#39;TSL2561_SCL&#39;
   Wire.begin(TSL2561_SDA, TSL2561_SCL);
                           ^~~~~~~~~~~
/home/ec2-user/arduino-testlib/cli-datadir/user/libraries/Joba_Tsl2561_Library/src/Tsl2561.h:31:23: note: suggested alternative: &#39;SCK&#39;
   #define TSL2561_SCL SCL
                       ^
/home/ec2-user/arduino-testlib/cli-datadir/user/libraries/Joba_Tsl2561_Library/examples/Testing/Testing.ino:161:27: note: in expansion of macro &#39;TSL2561_SCL&#39;
   Wire.begin(TSL2561_SDA, TSL2561_SCL);
                           ^~~~~~~~~~~

</pre>
					
					<h4>examples/Utility</h4>
					<p>
						Result: <b>FAIL</b>
					</p>
					<pre class="pre-scrollable">/home/ec2-user/arduino-testlib/cli-datadir/user/libraries/Joba_Tsl2561_Library/examples/Utility/Utility.ino: In function &#39;char* format(const char*, ...)&#39;:
/home/ec2-user/arduino-testlib/cli-datadir/user/libraries/Joba_Tsl2561_Library/examples/Utility/Utility.ino:28:3: error: &#39;va_start&#39; was not declared in this scope
   va_start(arg, fmt);
   ^~~~~~~~
/home/ec2-user/arduino-testlib/cli-datadir/user/libraries/Joba_Tsl2561_Library/examples/Utility/Utility.ino:28:3: note: suggested alternative: &#39;i2c_start&#39;
   va_start(arg, fmt);
   ^~~~~~~~
   i2c_start
/home/ec2-user/arduino-testlib/cli-datadir/user/libraries/Joba_Tsl2561_Library/examples/Utility/Utility.ino:31:3: error: &#39;va_end&#39; was not declared in this scope
   va_end(arg);
   ^~~~~~
/home/ec2-user/arduino-testlib/cli-datadir/user/libraries/Joba_Tsl2561_Library/examples/Utility/Utility.ino:31:3: note: suggested alternative: &#39;rand&#39;
   va_end(arg);
   ^~~~~~
   rand
In file included from /home/ec2-user/arduino-testlib/cli-datadir/user/libraries/Joba_Tsl2561_Library/src/Tsl2561Util.h:23:0,
                 from /home/ec2-user/arduino-testlib/cli-datadir/user/libraries/Joba_Tsl2561_Library/examples/Utility/Utility.ino:22:
/home/ec2-user/arduino-testlib/cli-datadir/user/libraries/Joba_Tsl2561_Library/examples/Utility/Utility.ino: In function &#39;void setup()&#39;:
/home/ec2-user/arduino-testlib/cli-datadir/user/libraries/Joba_Tsl2561_Library/src/Tsl2561.h:28:23: error: &#39;SDA&#39; was not declared in this scope
   #define TSL2561_SDA SDA
                       ^
/home/ec2-user/arduino-testlib/cli-datadir/user/libraries/Joba_Tsl2561_Library/examples/Utility/Utility.ino:40:14: note: in expansion of macro &#39;TSL2561_SDA&#39;
   Wire.begin(TSL2561_SDA, TSL2561_SCL);
              ^~~~~~~~~~~
/home/ec2-user/arduino-testlib/cli-datadir/user/libraries/Joba_Tsl2561_Library/src/Tsl2561.h:31:23: error: &#39;SCL&#39; was not declared in this scope
   #define TSL2561_SCL SCL
                       ^
/home/ec2-user/arduino-testlib/cli-datadir/user/libraries/Joba_Tsl2561_Library/examples/Utility/Utility.ino:40:27: note: in expansion of macro &#39;TSL2561_SCL&#39;
   Wire.begin(TSL2561_SDA, TSL2561_SCL);
                           ^~~~~~~~~~~
/home/ec2-user/arduino-testlib/cli-datadir/user/libraries/Joba_Tsl2561_Library/src/Tsl2561.h:31:23: note: suggested alternative: &#39;SCK&#39;
   #define TSL2561_SCL SCL
                       ^
/home/ec2-user/arduino-testlib/cli-datadir/user/libraries/Joba_Tsl2561_Library/examples/Utility/Utility.ino:40:27: note: in expansion of macro &#39;TSL2561_SCL&#39;
   Wire.begin(TSL2561_SDA, TSL2561_SCL);
                           ^~~~~~~~~~~
/home/ec2-user/arduino-testlib/cli-datadir/user/libraries/Joba_Tsl2561_Library/examples/Utility/Utility.ino: In function &#39;void loop()&#39;:
/home/ec2-user/arduino-testlib/cli-datadir/user/libraries/Joba_Tsl2561_Library/src/Tsl2561.h:31:23: error: &#39;SCL&#39; was not declared in this scope
   #define TSL2561_SCL SCL
                       ^
/home/ec2-user/arduino-testlib/cli-datadir/user/libraries/Joba_Tsl2561_Library/examples/Utility/Utility.ino:94:77: note: in expansion of macro &#39;TSL2561_SCL&#39;
     Serial.print(format(&#34;No Tsl2561 found. Check wiring: SCL=%u, SDA=%u\n&#34;, TSL2561_SCL, TSL2561_SDA));
                                                                             ^~~~~~~~~~~
/home/ec2-user/arduino-testlib/cli-datadir/user/libraries/Joba_Tsl2561_Library/src/Tsl2561.h:31:23: note: suggested alternative: &#39;SCK&#39;
   #define TSL2561_SCL SCL
                       ^
/home/ec2-user/arduino-testlib/cli-datadir/user/libraries/Joba_Tsl2561_Library/examples/Utility/Utility.ino:94:77: note: in expansion of macro &#39;TSL2561_SCL&#39;
     Serial.print(format(&#34;No Tsl2561 found. Check wiring: SCL=%u, SDA=%u\n&#34;, TSL2561_SCL, TSL2561_SDA));
                                                                             ^~~~~~~~~~~
/home/ec2-user/arduino-testlib/cli-datadir/user/libraries/Joba_Tsl2561_Library/src/Tsl2561.h:28:23: error: &#39;SDA&#39; was not declared in this scope
   #define TSL2561_SDA SDA
                       ^
/home/ec2-user/arduino-testlib/cli-datadir/user/libraries/Joba_Tsl2561_Library/examples/Utility/Utility.ino:94:90: note: in expansion of macro &#39;TSL2561_SDA&#39;
     Serial.print(format(&#34;No Tsl2561 found. Check wiring: SCL=%u, SDA=%u\n&#34;, TSL2561_SCL, TSL2561_SDA));
                                                                                          ^~~~~~~~~~~

</pre>
					
				
				<h3 id="arduino:megaavr:nona4809">arduino:megaavr:nona4809 @ 1.8.7</h3>
				<h4>Inclusion</h4>
				<p>
					Result: <b>PASS</b>
					
				</p>
				<pre class="pre-scrollable">Sketch uses 3104 bytes (6%) of program storage space. Maximum is 49152 bytes.
Global variables use 317 bytes (5%) of dynamic memory, leaving 5827 bytes for local variables. Maximum is 6144 bytes.
</pre>

					
					<h4>examples/Autogain</h4>
					<p>
						Result: <b>FAIL</b>
					</p>
					<pre class="pre-scrollable">/home/ec2-user/arduino-testlib/cli-datadir/user/libraries/Joba_Tsl2561_Library/examples/Autogain/Autogain.ino: In function &#39;void setup()&#39;:
/home/ec2-user/arduino-testlib/cli-datadir/user/libraries/Joba_Tsl2561_Library/examples/Autogain/Autogain.ino:40:38: error: no matching function for call to &#39;TwoWire::begin(const uint8_t&amp;, const uint8_t&amp;)&#39;
   Wire.begin(TSL2561_SDA, TSL2561_SCL);
                                      ^
In file included from /home/ec2-user/arduino-testlib/cli-datadir/user/libraries/Joba_Tsl2561_Library/src/Tsl2561.h:24:0,
                 from /home/ec2-user/arduino-testlib/cli-datadir/user/libraries/Joba_Tsl2561_Library/src/Tsl2561Util.h:23,
                 from /home/ec2-user/arduino-testlib/cli-datadir/user/libraries/Joba_Tsl2561_Library/examples/Autogain/Autogain.ino:22:
/home/ec2-user/arduino-testlib/cli-datadir/data/packages/arduino/hardware/megaavr/1.8.7/libraries/Wire/src/Wire.h:52:10: note: candidate: virtual void TwoWire::begin()
     void begin();
          ^~~~~
/home/ec2-user/arduino-testlib/cli-datadir/data/packages/arduino/hardware/megaavr/1.8.7/libraries/Wire/src/Wire.h:52:10: note:   candidate expects 0 arguments, 2 provided
/home/ec2-user/arduino-testlib/cli-datadir/data/packages/arduino/hardware/megaavr/1.8.7/libraries/Wire/src/Wire.h:53:10: note: candidate: virtual void TwoWire::begin(uint8_t)
     void begin(uint8_t);
          ^~~~~
/home/ec2-user/arduino-testlib/cli-datadir/data/packages/arduino/hardware/megaavr/1.8.7/libraries/Wire/src/Wire.h:53:10: note:   candidate expects 1 argument, 2 provided
/home/ec2-user/arduino-testlib/cli-datadir/data/packages/arduino/hardware/megaavr/1.8.7/libraries/Wire/src/Wire.h:54:10: note: candidate: void TwoWire::begin(int)
     void begin(int);
          ^~~~~
/home/ec2-user/arduino-testlib/cli-datadir/data/packages/arduino/hardware/megaavr/1.8.7/libraries/Wire/src/Wire.h:54:10: note:   candidate expects 1 argument, 2 provided

</pre>
					
					<h4>examples/Simple</h4>
					<p>
						Result: <b>FAIL</b>
					</p>
					<pre class="pre-scrollable">/home/ec2-user/arduino-testlib/cli-datadir/user/libraries/Joba_Tsl2561_Library/examples/Simple/Simple.ino: In function &#39;void setup()&#39;:
/home/ec2-user/arduino-testlib/cli-datadir/user/libraries/Joba_Tsl2561_Library/examples/Simple/Simple.ino:39:38: error: no matching function for call to &#39;TwoWire::begin(const uint8_t&amp;, const uint8_t&amp;)&#39;
   Wire.begin(TSL2561_SDA, TSL2561_SCL);
                                      ^
In file included from /home/ec2-user/arduino-testlib/cli-datadir/user/libraries/Joba_Tsl2561_Library/src/Tsl2561.h:24:0,
                 from /home/ec2-user/arduino-testlib/cli-datadir/user/libraries/Joba_Tsl2561_Library/examples/Simple/Simple.ino:22:
/home/ec2-user/arduino-testlib/cli-datadir/data/packages/arduino/hardware/megaavr/1.8.7/libraries/Wire/src/Wire.h:52:10: note: candidate: virtual void TwoWire::begin()
     void begin();
          ^~~~~
/home/ec2-user/arduino-testlib/cli-datadir/data/packages/arduino/hardware/megaavr/1.8.7/libraries/Wire/src/Wire.h:52:10: note:   candidate expects 0 arguments, 2 provided
/home/ec2-user/arduino-testlib/cli-datadir/data/packages/arduino/hardware/megaavr/1.8.7/libraries/Wire/src/Wire.h:53:10: note: candidate: virtual void TwoWire::begin(uint8_t)
     void begin(uint8_t);
          ^~~~~
/home/ec2-user/arduino-testlib/cli-datadir/data/packages/arduino/hardware/megaavr/1.8.7/libraries/Wire/src/Wire.h:53:10: note:   candidate expects 1 argument, 2 provided
/home/ec2-user/arduino-testlib/cli-datadir/data/packages/arduino/hardware/megaavr/1.8.7/libraries/Wire/src/Wire.h:54:10: note: candidate: void TwoWire::begin(int)
     void begin(int);
          ^~~~~
/home/ec2-user/arduino-testlib/cli-datadir/data/packages/arduino/hardware/megaavr/1.8.7/libraries/Wire/src/Wire.h:54:10: note:   candidate expects 1 argument, 2 provided

</pre>
					
					<h4>examples/Testing</h4>
					<p>
						Result: <b>FAIL</b>
					</p>
					<pre class="pre-scrollable">/home/ec2-user/arduino-testlib/cli-datadir/user/libraries/Joba_Tsl2561_Library/examples/Testing/Testing.ino: In function &#39;void setup()&#39;:
/home/ec2-user/arduino-testlib/cli-datadir/user/libraries/Joba_Tsl2561_Library/examples/Testing/Testing.ino:161:38: error: no matching function for call to &#39;TwoWire::begin(const uint8_t&amp;, const uint8_t&amp;)&#39;
   Wire.begin(TSL2561_SDA, TSL2561_SCL);
                                      ^
In file included from /home/ec2-user/arduino-testlib/cli-datadir/user/libraries/Joba_Tsl2561_Library/src/Tsl2561.h:24:0,
                 from /home/ec2-user/arduino-testlib/cli-datadir/user/libraries/Joba_Tsl2561_Library/examples/Testing/Testing.ino:23:
/home/ec2-user/arduino-testlib/cli-datadir/data/packages/arduino/hardware/megaavr/1.8.7/libraries/Wire/src/Wire.h:52:10: note: candidate: virtual void TwoWire::begin()
     void begin();
          ^~~~~
/home/ec2-user/arduino-testlib/cli-datadir/data/packages/arduino/hardware/megaavr/1.8.7/libraries/Wire/src/Wire.h:52:10: note:   candidate expects 0 arguments, 2 provided
/home/ec2-user/arduino-testlib/cli-datadir/data/packages/arduino/hardware/megaavr/1.8.7/libraries/Wire/src/Wire.h:53:10: note: candidate: virtual void TwoWire::begin(uint8_t)
     void begin(uint8_t);
          ^~~~~
/home/ec2-user/arduino-testlib/cli-datadir/data/packages/arduino/hardware/megaavr/1.8.7/libraries/Wire/src/Wire.h:53:10: note:   candidate expects 1 argument, 2 provided
/home/ec2-user/arduino-testlib/cli-datadir/data/packages/arduino/hardware/megaavr/1.8.7/libraries/Wire/src/Wire.h:54:10: note: candidate: void TwoWire::begin(int)
     void begin(int);
          ^~~~~
/home/ec2-user/arduino-testlib/cli-datadir/data/packages/arduino/hardware/megaavr/1.8.7/libraries/Wire/src/Wire.h:54:10: note:   candidate expects 1 argument, 2 provided

</pre>
					
					<h4>examples/Utility</h4>
					<p>
						Result: <b>FAIL</b>
					</p>
					<pre class="pre-scrollable">/home/ec2-user/arduino-testlib/cli-datadir/user/libraries/Joba_Tsl2561_Library/examples/Utility/Utility.ino: In function &#39;void setup()&#39;:
/home/ec2-user/arduino-testlib/cli-datadir/user/libraries/Joba_Tsl2561_Library/examples/Utility/Utility.ino:40:38: error: no matching function for call to &#39;TwoWire::begin(const uint8_t&amp;, const uint8_t&amp;)&#39;
   Wire.begin(TSL2561_SDA, TSL2561_SCL);
                                      ^
In file included from /home/ec2-user/arduino-testlib/cli-datadir/user/libraries/Joba_Tsl2561_Library/src/Tsl2561.h:24:0,
                 from /home/ec2-user/arduino-testlib/cli-datadir/user/libraries/Joba_Tsl2561_Library/src/Tsl2561Util.h:23,
                 from /home/ec2-user/arduino-testlib/cli-datadir/user/libraries/Joba_Tsl2561_Library/examples/Utility/Utility.ino:22:
/home/ec2-user/arduino-testlib/cli-datadir/data/packages/arduino/hardware/megaavr/1.8.7/libraries/Wire/src/Wire.h:52:10: note: candidate: virtual void TwoWire::begin()
     void begin();
          ^~~~~
/home/ec2-user/arduino-testlib/cli-datadir/data/packages/arduino/hardware/megaavr/1.8.7/libraries/Wire/src/Wire.h:52:10: note:   candidate expects 0 arguments, 2 provided
/home/ec2-user/arduino-testlib/cli-datadir/data/packages/arduino/hardware/megaavr/1.8.7/libraries/Wire/src/Wire.h:53:10: note: candidate: virtual void TwoWire::begin(uint8_t)
     void begin(uint8_t);
          ^~~~~
/home/ec2-user/arduino-testlib/cli-datadir/data/packages/arduino/hardware/megaavr/1.8.7/libraries/Wire/src/Wire.h:53:10: note:   candidate expects 1 argument, 2 provided
/home/ec2-user/arduino-testlib/cli-datadir/data/packages/arduino/hardware/megaavr/1.8.7/libraries/Wire/src/Wire.h:54:10: note: candidate: void TwoWire::begin(int)
     void begin(int);
          ^~~~~
/home/ec2-user/arduino-testlib/cli-datadir/data/packages/arduino/hardware/megaavr/1.8.7/libraries/Wire/src/Wire.h:54:10: note:   candidate expects 1 argument, 2 provided

</pre>
					
				
				<h3 id="arduino:samd:mkrwifi1010">arduino:samd:mkrwifi1010 @ 1.8.12</h3>
				<h4>Inclusion</h4>
				<p>
					Result: <b>PASS</b>
					
				</p>
				<pre class="pre-scrollable">Sketch uses 13588 bytes (5%) of program storage space. Maximum is 262144 bytes.
Global variables use 3568 bytes (10%) of dynamic memory, leaving 29200 bytes for local variables. Maximum is 32768 bytes.
</pre>

					
					<h4>examples/Autogain</h4>
					<p>
						Result: <b>FAIL</b>
					</p>
					<pre class="pre-scrollable">/home/ec2-user/arduino-testlib/cli-datadir/user/libraries/Joba_Tsl2561_Library/examples/Autogain/Autogain.ino: In function &#39;char* format(const char*, ...)&#39;:
/home/ec2-user/arduino-testlib/cli-datadir/user/libraries/Joba_Tsl2561_Library/examples/Autogain/Autogain.ino:28:3: error: &#39;va_start&#39; was not declared in this scope
   va_start(arg, fmt);
   ^~~~~~~~
/home/ec2-user/arduino-testlib/cli-datadir/user/libraries/Joba_Tsl2561_Library/examples/Autogain/Autogain.ino:28:3: note: suggested alternative: &#39;u_short&#39;
   va_start(arg, fmt);
   ^~~~~~~~
   u_short
/home/ec2-user/arduino-testlib/cli-datadir/user/libraries/Joba_Tsl2561_Library/examples/Autogain/Autogain.ino:31:3: error: &#39;va_end&#39; was not declared in this scope
   va_end(arg);
   ^~~~~~
/home/ec2-user/arduino-testlib/cli-datadir/user/libraries/Joba_Tsl2561_Library/examples/Autogain/Autogain.ino:31:3: note: suggested alternative: &#39;rand&#39;
   va_end(arg);
   ^~~~~~
   rand

</pre>
					
					<h4>examples/Simple</h4>
					<p>
						Result: <b>FAIL</b>
					</p>
					<pre class="pre-scrollable">/home/ec2-user/arduino-testlib/cli-datadir/user/libraries/Joba_Tsl2561_Library/examples/Simple/Simple.ino: In function &#39;char* format(const char*, ...)&#39;:
/home/ec2-user/arduino-testlib/cli-datadir/user/libraries/Joba_Tsl2561_Library/examples/Simple/Simple.ino:28:3: error: &#39;va_start&#39; was not declared in this scope
   va_start(arg, fmt);
   ^~~~~~~~
/home/ec2-user/arduino-testlib/cli-datadir/user/libraries/Joba_Tsl2561_Library/examples/Simple/Simple.ino:28:3: note: suggested alternative: &#39;u_short&#39;
   va_start(arg, fmt);
   ^~~~~~~~
   u_short
/home/ec2-user/arduino-testlib/cli-datadir/user/libraries/Joba_Tsl2561_Library/examples/Simple/Simple.ino:31:3: error: &#39;va_end&#39; was not declared in this scope
   va_end(arg);
   ^~~~~~
/home/ec2-user/arduino-testlib/cli-datadir/user/libraries/Joba_Tsl2561_Library/examples/Simple/Simple.ino:31:3: note: suggested alternative: &#39;rand&#39;
   va_end(arg);
   ^~~~~~
   rand

</pre>
					
					<h4>examples/Testing</h4>
					<p>
						Result: <b>FAIL</b>
					</p>
					<pre class="pre-scrollable">/home/ec2-user/arduino-testlib/cli-datadir/user/libraries/Joba_Tsl2561_Library/examples/Testing/Testing.ino: In function &#39;char* format(const char*, ...)&#39;:
/home/ec2-user/arduino-testlib/cli-datadir/user/libraries/Joba_Tsl2561_Library/examples/Testing/Testing.ino:29:3: error: &#39;va_start&#39; was not declared in this scope
   va_start(arg, fmt);
   ^~~~~~~~
/home/ec2-user/arduino-testlib/cli-datadir/user/libraries/Joba_Tsl2561_Library/examples/Testing/Testing.ino:29:3: note: suggested alternative: &#39;u_short&#39;
   va_start(arg, fmt);
   ^~~~~~~~
   u_short
/home/ec2-user/arduino-testlib/cli-datadir/user/libraries/Joba_Tsl2561_Library/examples/Testing/Testing.ino:32:3: error: &#39;va_end&#39; was not declared in this scope
   va_end(arg);
   ^~~~~~
/home/ec2-user/arduino-testlib/cli-datadir/user/libraries/Joba_Tsl2561_Library/examples/Testing/Testing.ino:32:3: note: suggested alternative: &#39;rand&#39;
   va_end(arg);
   ^~~~~~
   rand

</pre>
					
					<h4>examples/Utility</h4>
					<p>
						Result: <b>FAIL</b>
					</p>
					<pre class="pre-scrollable">/home/ec2-user/arduino-testlib/cli-datadir/user/libraries/Joba_Tsl2561_Library/examples/Utility/Utility.ino: In function &#39;char* format(const char*, ...)&#39;:
/home/ec2-user/arduino-testlib/cli-datadir/user/libraries/Joba_Tsl2561_Library/examples/Utility/Utility.ino:28:3: error: &#39;va_start&#39; was not declared in this scope
   va_start(arg, fmt);
   ^~~~~~~~
/home/ec2-user/arduino-testlib/cli-datadir/user/libraries/Joba_Tsl2561_Library/examples/Utility/Utility.ino:28:3: note: suggested alternative: &#39;u_short&#39;
   va_start(arg, fmt);
   ^~~~~~~~
   u_short
/home/ec2-user/arduino-testlib/cli-datadir/user/libraries/Joba_Tsl2561_Library/examples/Utility/Utility.ino:31:3: error: &#39;va_end&#39; was not declared in this scope
   va_end(arg);
   ^~~~~~
/home/ec2-user/arduino-testlib/cli-datadir/user/libraries/Joba_Tsl2561_Library/examples/Utility/Utility.ino:31:3: note: suggested alternative: &#39;rand&#39;
   va_end(arg);
   ^~~~~~
   rand

</pre>
					
				
				<h3 id="esp32:esp32:d1_mini32">esp32:esp32:d1_mini32 @ 1.0.6</h3>
				<h4>Inclusion</h4>
				<p>
					Result: <b>PASS</b>
					
				</p>
				<pre class="pre-scrollable">Sketch uses 202802 bytes (15%) of program storage space. Maximum is 1310720 bytes.
Global variables use 13888 bytes (4%) of dynamic memory, leaving 313792 bytes for local variables. Maximum is 327680 bytes.
</pre>

					
					<h4>examples/Autogain</h4>
					<p>
						Result: <b>PASS</b>
					</p>
					<pre class="pre-scrollable">Sketch uses 215930 bytes (16%) of program storage space. Maximum is 1310720 bytes.
Global variables use 14288 bytes (4%) of dynamic memory, leaving 313392 bytes for local variables. Maximum is 327680 bytes.
</pre>
					
					<h4>examples/Simple</h4>
					<p>
						Result: <b>PASS</b>
					</p>
					<pre class="pre-scrollable">Sketch uses 214262 bytes (16%) of program storage space. Maximum is 1310720 bytes.
Global variables use 14280 bytes (4%) of dynamic memory, leaving 313400 bytes for local variables. Maximum is 327680 bytes.
</pre>
					
					<h4>examples/Testing</h4>
					<p>
						Result: <b>PASS</b>
					</p>
					<pre class="pre-scrollable">Sketch uses 215638 bytes (16%) of program storage space. Maximum is 1310720 bytes.
Global variables use 14280 bytes (4%) of dynamic memory, leaving 313400 bytes for local variables. Maximum is 327680 bytes.
</pre>
					
					<h4>examples/Utility</h4>
					<p>
						Result: <b>PASS</b>
					</p>
					<pre class="pre-scrollable">Sketch uses 215614 bytes (16%) of program storage space. Maximum is 1310720 bytes.
Global variables use 14296 bytes (4%) of dynamic memory, leaving 313384 bytes for local variables. Maximum is 327680 bytes.
</pre>
					
				
			</div>
		</div>
	</div>
  </body>
</html>
