
<!doctype html>
<html lang="en">
  <head>
    <meta charset="utf-8">
    <meta name="viewport" content="width=device-width, initial-scale=1">
    <link href="https://cdn.jsdelivr.net/npm/bootstrap@5.0.2/dist/css/bootstrap.min.css" rel="stylesheet" integrity="sha384-EVSTQN3/azprG1Anm3QDgpJLIm9Nao0Yz1ztcQTwFspd3yD65VohhpuuCOmLASjC" crossorigin="anonymous">
    <title>arduino-testlib report</title>
	<style>
	.pass { background-color: #00FF00 !important; }
	.fail { background-color: #FF0000 !important; }
	</style>
  </head>
  <body>
	<div class="container">
		<div class="row">
			<div class="col">
				<h1>Lewis - compatibility matrix</h1>
				<p>
					<small>This report was generated on Monday, 21-Feb-22 12:00:25 CET using 
					<a href="https://github.com/alranel/arduino-testlib">arduino-testlib</a>.</small>
				</p>

				<h2>Lewis</h2>
				<p>
					Version: <b>0.1.4</b>
					<br />
					<a href="https://www.arduino.cc/reference/en/libraries/lewis/">More details</a>
				</p>

				<h2>Compatibility matrix</h2>
				<table class="table table-bordered">
					<tr>
						<th>Board</th>
						<th>Claims compatibility</th>
						<th>Inclusion</th>
						
						<th><pre>non_blocking_out</pre></th>
						
						<th><pre>read_respond</pre></th>
						
						<th><pre>serial_morse</pre></th>
						
						<th><pre>serial_one_pin</pre></th>
						
						<th><pre>message_out</pre></th>
						
					</tr>
					
					<tr>
						<td>
							<a href="#arduino%3aavr%3auno"><b>arduino:avr:uno</b></a>
							<br />
							<small>1.8.4</small>
						</td>

						
							<td>Yes</td>
							<td class="pass">PASS</td>
						
						
						
						

						
							
								
									
										
									
										
											<td class="pass">PASS</td>
											
										
									
										
									
										
									
										
									
								
							
								
							
								
							
								
							
								
							
						
							
								
									
										
									
										
									
										
											<td class="pass">PASS</td>
											
										
									
										
									
										
									
								
							
								
							
								
							
								
							
								
							
						
							
								
									
										
									
										
									
										
									
										
											<td class="pass">PASS</td>
											
										
									
										
									
								
							
								
							
								
							
								
							
								
							
						
							
								
									
										
									
										
									
										
									
										
									
										
											<td class="pass">PASS</td>
											
										
									
								
							
								
							
								
							
								
							
								
							
						
							
								
									
										
											<td class="pass">PASS</td>
											
										
									
										
									
										
									
										
									
										
									
								
							
								
							
								
							
								
							
								
							
						
					</tr>
					
					<tr>
						<td>
							<a href="#arduino%3ambed_nano%3ananorp2040connect"><b>arduino:mbed_nano:nanorp2040connect</b></a>
							<br />
							<small>2.7.2</small>
						</td>

						
							<td>Yes</td>
							<td class="pass">PASS</td>
						
						
						
						

						
							
								
							
								
									
										
									
										
											
											<td class="fail">FAIL</td>
										
									
										
									
										
									
										
									
								
							
								
							
								
							
								
							
						
							
								
							
								
									
										
									
										
									
										
											<td class="pass">PASS</td>
											
										
									
										
									
										
									
								
							
								
							
								
							
								
							
						
							
								
							
								
									
										
									
										
									
										
									
										
											
											<td class="fail">FAIL</td>
										
									
										
									
								
							
								
							
								
							
								
							
						
							
								
							
								
									
										
									
										
									
										
									
										
									
										
											
											<td class="fail">FAIL</td>
										
									
								
							
								
							
								
							
								
							
						
							
								
							
								
									
										
											<td class="pass">PASS</td>
											
										
									
										
									
										
									
										
									
										
									
								
							
								
							
								
							
								
							
						
					</tr>
					
					<tr>
						<td>
							<a href="#arduino%3amegaavr%3anona4809"><b>arduino:megaavr:nona4809</b></a>
							<br />
							<small>1.8.7</small>
						</td>

						
							<td>Yes</td>
							<td class="pass">PASS</td>
						
						
						
						

						
							
								
							
								
							
								
									
										
									
										
											
											<td class="fail">FAIL</td>
										
									
										
									
										
									
										
									
								
							
								
							
								
							
						
							
								
							
								
							
								
									
										
									
										
									
										
											<td class="pass">PASS</td>
											
										
									
										
									
										
									
								
							
								
							
								
							
						
							
								
							
								
							
								
									
										
									
										
									
										
									
										
											
											<td class="fail">FAIL</td>
										
									
										
									
								
							
								
							
								
							
						
							
								
							
								
							
								
									
										
									
										
									
										
									
										
									
										
											
											<td class="fail">FAIL</td>
										
									
								
							
								
							
								
							
						
							
								
							
								
							
								
									
										
											<td class="pass">PASS</td>
											
										
									
										
									
										
									
										
									
										
									
								
							
								
							
								
							
						
					</tr>
					
					<tr>
						<td>
							<a href="#arduino%3asamd%3amkrwifi1010"><b>arduino:samd:mkrwifi1010</b></a>
							<br />
							<small>1.8.12</small>
						</td>

						
							<td>Yes</td>
							<td class="pass">PASS</td>
						
						
						
						

						
							
								
							
								
							
								
							
								
									
										
									
										
											
											<td class="fail">FAIL</td>
										
									
										
									
										
									
										
									
								
							
								
							
						
							
								
							
								
							
								
							
								
									
										
									
										
									
										
											<td class="pass">PASS</td>
											
										
									
										
									
										
									
								
							
								
							
						
							
								
							
								
							
								
							
								
									
										
									
										
									
										
									
										
											
											<td class="fail">FAIL</td>
										
									
										
									
								
							
								
							
						
							
								
							
								
							
								
							
								
									
										
									
										
									
										
									
										
									
										
											
											<td class="fail">FAIL</td>
										
									
								
							
								
							
						
							
								
							
								
							
								
							
								
									
										
											<td class="pass">PASS</td>
											
										
									
										
									
										
									
										
									
										
									
								
							
								
							
						
					</tr>
					
					<tr>
						<td>
							<a href="#esp32%3aesp32%3ad1_mini32"><b>esp32:esp32:d1_mini32</b></a>
							<br />
							<small>1.0.6</small>
						</td>

						
							<td>Yes</td>
							<td class="pass">PASS</td>
						
						
						
						

						
							
								
							
								
							
								
							
								
							
								
									
										
									
										
											
											<td class="fail">FAIL</td>
										
									
										
									
										
									
										
									
								
							
						
							
								
							
								
							
								
							
								
							
								
									
										
									
										
									
										
											<td class="pass">PASS</td>
											
										
									
										
									
										
									
								
							
						
							
								
							
								
							
								
							
								
							
								
									
										
									
										
									
										
									
										
											
											<td class="fail">FAIL</td>
										
									
										
									
								
							
						
							
								
							
								
							
								
							
								
							
								
									
										
									
										
									
										
									
										
									
										
											
											<td class="fail">FAIL</td>
										
									
								
							
						
							
								
							
								
							
								
							
								
							
								
									
										
											<td class="pass">PASS</td>
											
										
									
										
									
										
									
										
									
										
									
								
							
						
					</tr>
					
				</table>

				<h2>Compilation logs</h2>
				
				<h3 id="arduino:avr:uno">arduino:avr:uno @ 1.8.4</h3>
				<h4>Inclusion</h4>
				<p>
					Result: <b>PASS</b>
					
				</p>
				<pre class="pre-scrollable">Sketch uses 444 bytes (1%) of program storage space. Maximum is 32256 bytes.
Global variables use 9 bytes (0%) of dynamic memory, leaving 2039 bytes for local variables. Maximum is 2048 bytes.
</pre>

					
					<h4>examples/message_out</h4>
					<p>
						Result: <b>PASS</b>
					</p>
					<pre class="pre-scrollable">Sketch uses 2466 bytes (7%) of program storage space. Maximum is 32256 bytes.
Global variables use 323 bytes (15%) of dynamic memory, leaving 1725 bytes for local variables. Maximum is 2048 bytes.
</pre>
					
					<h4>examples/non_blocking_out</h4>
					<p>
						Result: <b>PASS</b>
					</p>
					<pre class="pre-scrollable">Sketch uses 3370 bytes (10%) of program storage space. Maximum is 32256 bytes.
Global variables use 325 bytes (15%) of dynamic memory, leaving 1723 bytes for local variables. Maximum is 2048 bytes.
</pre>
					
					<h4>examples/read_respond</h4>
					<p>
						Result: <b>PASS</b>
					</p>
					<pre class="pre-scrollable">Sketch uses 2728 bytes (8%) of program storage space. Maximum is 32256 bytes.
Global variables use 323 bytes (15%) of dynamic memory, leaving 1725 bytes for local variables. Maximum is 2048 bytes.
</pre>
					
					<h4>examples/serial_morse</h4>
					<p>
						Result: <b>PASS</b>
					</p>
					<pre class="pre-scrollable">Sketch uses 4200 bytes (13%) of program storage space. Maximum is 32256 bytes.
Global variables use 498 bytes (24%) of dynamic memory, leaving 1550 bytes for local variables. Maximum is 2048 bytes.
</pre>
					
					<h4>examples/serial_one_pin</h4>
					<p>
						Result: <b>PASS</b>
					</p>
					<pre class="pre-scrollable">Sketch uses 4176 bytes (12%) of program storage space. Maximum is 32256 bytes.
Global variables use 498 bytes (24%) of dynamic memory, leaving 1550 bytes for local variables. Maximum is 2048 bytes.
</pre>
					
				
				<h3 id="arduino:mbed_nano:nanorp2040connect">arduino:mbed_nano:nanorp2040connect @ 2.7.2</h3>
				<h4>Inclusion</h4>
				<p>
					Result: <b>PASS</b>
					
				</p>
				<pre class="pre-scrollable">Sketch uses 78756 bytes (0%) of program storage space. Maximum is 16777216 bytes.
Global variables use 43444 bytes (16%) of dynamic memory, leaving 226892 bytes for local variables. Maximum is 270336 bytes.
</pre>

					
					<h4>examples/message_out</h4>
					<p>
						Result: <b>PASS</b>
					</p>
					<pre class="pre-scrollable">Sketch uses 80600 bytes (0%) of program storage space. Maximum is 16777216 bytes.
Global variables use 43524 bytes (16%) of dynamic memory, leaving 226812 bytes for local variables. Maximum is 270336 bytes.
</pre>
					
					<h4>examples/non_blocking_out</h4>
					<p>
						Result: <b>FAIL</b>
					</p>
					<pre class="pre-scrollable">In file included from /home/ec2-user/arduino-testlib/cli-datadir/user/libraries/Lewis/examples/non_blocking_out/non_blocking_out.ino:2:0:
/home/ec2-user/arduino-testlib/cli-datadir/user/libraries/AIStarter/src/TimerOne.h:39:10: fatal error: avr/io.h: No such file or directory
 #include &lt;avr/io.h&gt;
          ^~~~~~~~~~
compilation terminated.
Multiple libraries were found for &#34;TimerOne.h&#34;
  Used: /home/ec2-user/arduino-testlib/cli-datadir/user/libraries/AIStarter
  Not used: /home/ec2-user/arduino-testlib/cli-datadir/user/libraries/MP3Player
  Not used: /home/ec2-user/arduino-testlib/cli-datadir/user/libraries/TimerOne
  Not used: /home/ec2-user/arduino-testlib/cli-datadir/user/libraries/Volume_3
</pre>
					
					<h4>examples/read_respond</h4>
					<p>
						Result: <b>PASS</b>
					</p>
					<pre class="pre-scrollable">Sketch uses 80364 bytes (0%) of program storage space. Maximum is 16777216 bytes.
Global variables use 43524 bytes (16%) of dynamic memory, leaving 226812 bytes for local variables. Maximum is 270336 bytes.
</pre>
					
					<h4>examples/serial_morse</h4>
					<p>
						Result: <b>FAIL</b>
					</p>
					<pre class="pre-scrollable">In file included from /home/ec2-user/arduino-testlib/cli-datadir/user/libraries/Lewis/examples/serial_morse/serial_morse.ino:2:0:
/home/ec2-user/arduino-testlib/cli-datadir/user/libraries/AIStarter/src/TimerOne.h:39:10: fatal error: avr/io.h: No such file or directory
 #include &lt;avr/io.h&gt;
          ^~~~~~~~~~
compilation terminated.
Multiple libraries were found for &#34;TimerOne.h&#34;
  Used: /home/ec2-user/arduino-testlib/cli-datadir/user/libraries/AIStarter
  Not used: /home/ec2-user/arduino-testlib/cli-datadir/user/libraries/Volume_3
  Not used: /home/ec2-user/arduino-testlib/cli-datadir/user/libraries/MP3Player
  Not used: /home/ec2-user/arduino-testlib/cli-datadir/user/libraries/TimerOne
</pre>
					
					<h4>examples/serial_one_pin</h4>
					<p>
						Result: <b>FAIL</b>
					</p>
					<pre class="pre-scrollable">In file included from /home/ec2-user/arduino-testlib/cli-datadir/user/libraries/Lewis/examples/serial_one_pin/serial_one_pin.ino:2:0:
/home/ec2-user/arduino-testlib/cli-datadir/user/libraries/AIStarter/src/TimerOne.h:39:10: fatal error: avr/io.h: No such file or directory
 #include &lt;avr/io.h&gt;
          ^~~~~~~~~~
compilation terminated.
Multiple libraries were found for &#34;TimerOne.h&#34;
  Used: /home/ec2-user/arduino-testlib/cli-datadir/user/libraries/AIStarter
  Not used: /home/ec2-user/arduino-testlib/cli-datadir/user/libraries/Volume_3
  Not used: /home/ec2-user/arduino-testlib/cli-datadir/user/libraries/MP3Player
  Not used: /home/ec2-user/arduino-testlib/cli-datadir/user/libraries/TimerOne
</pre>
					
				
				<h3 id="arduino:megaavr:nona4809">arduino:megaavr:nona4809 @ 1.8.7</h3>
				<h4>Inclusion</h4>
				<p>
					Result: <b>PASS</b>
					
				</p>
				<pre class="pre-scrollable">Sketch uses 802 bytes (1%) of program storage space. Maximum is 49152 bytes.
Global variables use 22 bytes (0%) of dynamic memory, leaving 6122 bytes for local variables. Maximum is 6144 bytes.
</pre>

					
					<h4>examples/message_out</h4>
					<p>
						Result: <b>PASS</b>
					</p>
					<pre class="pre-scrollable">Sketch uses 2938 bytes (5%) of program storage space. Maximum is 49152 bytes.
Global variables use 186 bytes (3%) of dynamic memory, leaving 5958 bytes for local variables. Maximum is 6144 bytes.
</pre>
					
					<h4>examples/non_blocking_out</h4>
					<p>
						Result: <b>FAIL</b>
					</p>
					<pre class="pre-scrollable">/home/ec2-user/arduino-testlib/cli-datadir/user/libraries/AIStarter/src/Beep.cpp:1:10: fatal error: arduino.h: No such file or directory
 #include &#34;arduino.h&#34;
          ^~~~~~~~~~~
compilation terminated.
Multiple libraries were found for &#34;TimerOne.h&#34;
  Used: /home/ec2-user/arduino-testlib/cli-datadir/user/libraries/AIStarter
  Not used: /home/ec2-user/arduino-testlib/cli-datadir/user/libraries/MP3Player
  Not used: /home/ec2-user/arduino-testlib/cli-datadir/user/libraries/TimerOne
  Not used: /home/ec2-user/arduino-testlib/cli-datadir/user/libraries/Volume_3
</pre>
					
					<h4>examples/read_respond</h4>
					<p>
						Result: <b>PASS</b>
					</p>
					<pre class="pre-scrollable">Sketch uses 3206 bytes (6%) of program storage space. Maximum is 49152 bytes.
Global variables use 186 bytes (3%) of dynamic memory, leaving 5958 bytes for local variables. Maximum is 6144 bytes.
</pre>
					
					<h4>examples/serial_morse</h4>
					<p>
						Result: <b>FAIL</b>
					</p>
					<pre class="pre-scrollable">/home/ec2-user/arduino-testlib/cli-datadir/user/libraries/AIStarter/src/Beep.cpp:1:10: fatal error: arduino.h: No such file or directory
 #include &#34;arduino.h&#34;
          ^~~~~~~~~~~
compilation terminated.
Multiple libraries were found for &#34;TimerOne.h&#34;
  Used: /home/ec2-user/arduino-testlib/cli-datadir/user/libraries/AIStarter
  Not used: /home/ec2-user/arduino-testlib/cli-datadir/user/libraries/MP3Player
  Not used: /home/ec2-user/arduino-testlib/cli-datadir/user/libraries/TimerOne
  Not used: /home/ec2-user/arduino-testlib/cli-datadir/user/libraries/Volume_3
</pre>
					
					<h4>examples/serial_one_pin</h4>
					<p>
						Result: <b>FAIL</b>
					</p>
					<pre class="pre-scrollable">/home/ec2-user/arduino-testlib/cli-datadir/user/libraries/AIStarter/src/Beep.cpp:1:10: fatal error: arduino.h: No such file or directory
 #include &#34;arduino.h&#34;
          ^~~~~~~~~~~
compilation terminated.
Multiple libraries were found for &#34;TimerOne.h&#34;
  Used: /home/ec2-user/arduino-testlib/cli-datadir/user/libraries/AIStarter
  Not used: /home/ec2-user/arduino-testlib/cli-datadir/user/libraries/Volume_3
  Not used: /home/ec2-user/arduino-testlib/cli-datadir/user/libraries/TimerOne
  Not used: /home/ec2-user/arduino-testlib/cli-datadir/user/libraries/MP3Player
</pre>
					
				
				<h3 id="arduino:samd:mkrwifi1010">arduino:samd:mkrwifi1010 @ 1.8.12</h3>
				<h4>Inclusion</h4>
				<p>
					Result: <b>PASS</b>
					
				</p>
				<pre class="pre-scrollable">Sketch uses 12156 bytes (4%) of program storage space. Maximum is 262144 bytes.
Global variables use 2996 bytes (9%) of dynamic memory, leaving 29772 bytes for local variables. Maximum is 32768 bytes.
</pre>

					
					<h4>examples/message_out</h4>
					<p>
						Result: <b>PASS</b>
					</p>
					<pre class="pre-scrollable">Sketch uses 21576 bytes (8%) of program storage space. Maximum is 262144 bytes.
Global variables use 3168 bytes (9%) of dynamic memory, leaving 29600 bytes for local variables. Maximum is 32768 bytes.
</pre>
					
					<h4>examples/non_blocking_out</h4>
					<p>
						Result: <b>FAIL</b>
					</p>
					<pre class="pre-scrollable">In file included from /home/ec2-user/arduino-testlib/cli-datadir/user/libraries/Lewis/examples/non_blocking_out/non_blocking_out.ino:2:0:
/home/ec2-user/arduino-testlib/cli-datadir/user/libraries/AIStarter/src/TimerOne.h:39:10: fatal error: avr/io.h: No such file or directory
 #include &lt;avr/io.h&gt;
          ^~~~~~~~~~
compilation terminated.
Multiple libraries were found for &#34;TimerOne.h&#34;
  Used: /home/ec2-user/arduino-testlib/cli-datadir/user/libraries/AIStarter
  Not used: /home/ec2-user/arduino-testlib/cli-datadir/user/libraries/TimerOne
  Not used: /home/ec2-user/arduino-testlib/cli-datadir/user/libraries/MP3Player
  Not used: /home/ec2-user/arduino-testlib/cli-datadir/user/libraries/Volume_3
</pre>
					
					<h4>examples/read_respond</h4>
					<p>
						Result: <b>PASS</b>
					</p>
					<pre class="pre-scrollable">Sketch uses 14048 bytes (5%) of program storage space. Maximum is 262144 bytes.
Global variables use 3168 bytes (9%) of dynamic memory, leaving 29600 bytes for local variables. Maximum is 32768 bytes.
</pre>
					
					<h4>examples/serial_morse</h4>
					<p>
						Result: <b>FAIL</b>
					</p>
					<pre class="pre-scrollable">In file included from /home/ec2-user/arduino-testlib/cli-datadir/user/libraries/Lewis/examples/serial_morse/serial_morse.ino:2:0:
/home/ec2-user/arduino-testlib/cli-datadir/user/libraries/AIStarter/src/TimerOne.h:39:10: fatal error: avr/io.h: No such file or directory
 #include &lt;avr/io.h&gt;
          ^~~~~~~~~~
compilation terminated.
Multiple libraries were found for &#34;TimerOne.h&#34;
  Used: /home/ec2-user/arduino-testlib/cli-datadir/user/libraries/AIStarter
  Not used: /home/ec2-user/arduino-testlib/cli-datadir/user/libraries/Volume_3
  Not used: /home/ec2-user/arduino-testlib/cli-datadir/user/libraries/TimerOne
  Not used: /home/ec2-user/arduino-testlib/cli-datadir/user/libraries/MP3Player
</pre>
					
					<h4>examples/serial_one_pin</h4>
					<p>
						Result: <b>FAIL</b>
					</p>
					<pre class="pre-scrollable">In file included from /home/ec2-user/arduino-testlib/cli-datadir/user/libraries/Lewis/examples/serial_one_pin/serial_one_pin.ino:2:0:
/home/ec2-user/arduino-testlib/cli-datadir/user/libraries/AIStarter/src/TimerOne.h:39:10: fatal error: avr/io.h: No such file or directory
 #include &lt;avr/io.h&gt;
          ^~~~~~~~~~
compilation terminated.
Multiple libraries were found for &#34;TimerOne.h&#34;
  Used: /home/ec2-user/arduino-testlib/cli-datadir/user/libraries/AIStarter
  Not used: /home/ec2-user/arduino-testlib/cli-datadir/user/libraries/MP3Player
  Not used: /home/ec2-user/arduino-testlib/cli-datadir/user/libraries/Volume_3
  Not used: /home/ec2-user/arduino-testlib/cli-datadir/user/libraries/TimerOne
</pre>
					
				
				<h3 id="esp32:esp32:d1_mini32">esp32:esp32:d1_mini32 @ 1.0.6</h3>
				<h4>Inclusion</h4>
				<p>
					Result: <b>PASS</b>
					
				</p>
				<pre class="pre-scrollable">Sketch uses 198734 bytes (15%) of program storage space. Maximum is 1310720 bytes.
Global variables use 13104 bytes (3%) of dynamic memory, leaving 314576 bytes for local variables. Maximum is 327680 bytes.
</pre>

					
					<h4>examples/message_out</h4>
					<p>
						Result: <b>PASS</b>
					</p>
					<pre class="pre-scrollable">Sketch uses 201858 bytes (15%) of program storage space. Maximum is 1310720 bytes.
Global variables use 13344 bytes (4%) of dynamic memory, leaving 314336 bytes for local variables. Maximum is 327680 bytes.
</pre>
					
					<h4>examples/non_blocking_out</h4>
					<p>
						Result: <b>FAIL</b>
					</p>
					<pre class="pre-scrollable">In file included from /home/ec2-user/arduino-testlib/cli-datadir/user/libraries/Lewis/examples/non_blocking_out/non_blocking_out.ino:2:0:
/home/ec2-user/arduino-testlib/cli-datadir/user/libraries/AIStarter/src/TimerOne.h:39:20: fatal error: avr/io.h: No such file or directory
compilation terminated.
Multiple libraries were found for &#34;TimerOne.h&#34;
  Used: /home/ec2-user/arduino-testlib/cli-datadir/user/libraries/AIStarter
  Not used: /home/ec2-user/arduino-testlib/cli-datadir/user/libraries/MP3Player
  Not used: /home/ec2-user/arduino-testlib/cli-datadir/user/libraries/Volume_3
  Not used: /home/ec2-user/arduino-testlib/cli-datadir/user/libraries/TimerOne
</pre>
					
					<h4>examples/read_respond</h4>
					<p>
						Result: <b>PASS</b>
					</p>
					<pre class="pre-scrollable">Sketch uses 201770 bytes (15%) of program storage space. Maximum is 1310720 bytes.
Global variables use 13344 bytes (4%) of dynamic memory, leaving 314336 bytes for local variables. Maximum is 327680 bytes.
</pre>
					
					<h4>examples/serial_morse</h4>
					<p>
						Result: <b>FAIL</b>
					</p>
					<pre class="pre-scrollable">In file included from /home/ec2-user/arduino-testlib/cli-datadir/user/libraries/Lewis/examples/serial_morse/serial_morse.ino:2:0:
/home/ec2-user/arduino-testlib/cli-datadir/user/libraries/AIStarter/src/TimerOne.h:39:20: fatal error: avr/io.h: No such file or directory
compilation terminated.
Multiple libraries were found for &#34;TimerOne.h&#34;
  Used: /home/ec2-user/arduino-testlib/cli-datadir/user/libraries/AIStarter
  Not used: /home/ec2-user/arduino-testlib/cli-datadir/user/libraries/Volume_3
  Not used: /home/ec2-user/arduino-testlib/cli-datadir/user/libraries/TimerOne
  Not used: /home/ec2-user/arduino-testlib/cli-datadir/user/libraries/MP3Player
</pre>
					
					<h4>examples/serial_one_pin</h4>
					<p>
						Result: <b>FAIL</b>
					</p>
					<pre class="pre-scrollable">In file included from /home/ec2-user/arduino-testlib/cli-datadir/user/libraries/Lewis/examples/serial_one_pin/serial_one_pin.ino:2:0:
/home/ec2-user/arduino-testlib/cli-datadir/user/libraries/AIStarter/src/TimerOne.h:39:20: fatal error: avr/io.h: No such file or directory
compilation terminated.
Multiple libraries were found for &#34;TimerOne.h&#34;
  Used: /home/ec2-user/arduino-testlib/cli-datadir/user/libraries/AIStarter
  Not used: /home/ec2-user/arduino-testlib/cli-datadir/user/libraries/MP3Player
  Not used: /home/ec2-user/arduino-testlib/cli-datadir/user/libraries/Volume_3
  Not used: /home/ec2-user/arduino-testlib/cli-datadir/user/libraries/TimerOne
</pre>
					
				
			</div>
		</div>
	</div>
  </body>
</html>
