
<!doctype html>
<html lang="en">
  <head>
    <meta charset="utf-8">
    <meta name="viewport" content="width=device-width, initial-scale=1">
    <link href="https://cdn.jsdelivr.net/npm/bootstrap@5.0.2/dist/css/bootstrap.min.css" rel="stylesheet" integrity="sha384-EVSTQN3/azprG1Anm3QDgpJLIm9Nao0Yz1ztcQTwFspd3yD65VohhpuuCOmLASjC" crossorigin="anonymous">
    <title>arduino-testlib report</title>
	<style>
	.pass { background-color: #00FF00 !important; }
	.fail { background-color: #FF0000 !important; }
	</style>
  </head>
  <body>
	<div class="container">
		<div class="row">
			<div class="col">
				<h1>LinkedList - compatibility matrix</h1>
				<p>
					<small>This report was generated on Monday, 21-Feb-22 12:00:25 CET using 
					<a href="https://github.com/alranel/arduino-testlib">arduino-testlib</a>.</small>
				</p>

				<h2>LinkedList</h2>
				<p>
					Version: <b>1.3.2</b>
					<br />
					<a href="https://www.arduino.cc/reference/en/libraries/linkedlist/">More details</a>
				</p>

				<h2>Compatibility matrix</h2>
				<table class="table table-bordered">
					<tr>
						<th>Board</th>
						<th>Claims compatibility</th>
						<th>Inclusion</th>
						
						<th><pre>ClassList</pre></th>
						
						<th><pre>SimpleIntegerList</pre></th>
						
						<th><pre>Sort</pre></th>
						
					</tr>
					
					<tr>
						<td>
							<a href="#arduino%3aavr%3auno"><b>arduino:avr:uno</b></a>
							<br />
							<small>1.8.4</small>
						</td>

						
						
						
							<td>Yes ⚠️</td>
							<td class="fail">FAIL</td>
						
						

						
							
								
									
										
											
											<td class="fail">FAIL</td>
										
									
										
									
										
									
								
							
								
							
								
							
								
							
								
							
						
							
								
									
										
									
										
											
											<td class="fail">FAIL</td>
										
									
										
									
								
							
								
							
								
							
								
							
								
							
						
							
								
									
										
									
										
									
										
											
											<td class="fail">FAIL</td>
										
									
								
							
								
							
								
							
								
							
								
							
						
					</tr>
					
					<tr>
						<td>
							<a href="#arduino%3ambed_nano%3ananorp2040connect"><b>arduino:mbed_nano:nanorp2040connect</b></a>
							<br />
							<small>2.7.2</small>
						</td>

						
							<td>Yes</td>
							<td class="pass">PASS</td>
						
						
						
						

						
							
								
							
								
									
										
											
											<td class="fail">FAIL</td>
										
									
										
									
										
									
								
							
								
							
								
							
								
							
						
							
								
							
								
									
										
									
										
											
											<td class="fail">FAIL</td>
										
									
										
									
								
							
								
							
								
							
								
							
						
							
								
							
								
									
										
									
										
									
										
											
											<td class="fail">FAIL</td>
										
									
								
							
								
							
								
							
								
							
						
					</tr>
					
					<tr>
						<td>
							<a href="#arduino%3amegaavr%3anona4809"><b>arduino:megaavr:nona4809</b></a>
							<br />
							<small>1.8.7</small>
						</td>

						
						
						
							<td>Yes ⚠️</td>
							<td class="fail">FAIL</td>
						
						

						
							
								
							
								
							
								
									
										
											
											<td class="fail">FAIL</td>
										
									
										
									
										
									
								
							
								
							
								
							
						
							
								
							
								
							
								
									
										
									
										
											
											<td class="fail">FAIL</td>
										
									
										
									
								
							
								
							
								
							
						
							
								
							
								
							
								
									
										
									
										
									
										
											
											<td class="fail">FAIL</td>
										
									
								
							
								
							
								
							
						
					</tr>
					
					<tr>
						<td>
							<a href="#arduino%3asamd%3amkrwifi1010"><b>arduino:samd:mkrwifi1010</b></a>
							<br />
							<small>1.8.12</small>
						</td>

						
							<td>Yes</td>
							<td class="pass">PASS</td>
						
						
						
						

						
							
								
							
								
							
								
							
								
									
										
											<td class="pass">PASS</td>
											
										
									
										
									
										
									
								
							
								
							
						
							
								
							
								
							
								
							
								
									
										
									
										
											<td class="pass">PASS</td>
											
										
									
										
									
								
							
								
							
						
							
								
							
								
							
								
							
								
									
										
									
										
									
										
											<td class="pass">PASS</td>
											
										
									
								
							
								
							
						
					</tr>
					
					<tr>
						<td>
							<a href="#esp32%3aesp32%3ad1_mini32"><b>esp32:esp32:d1_mini32</b></a>
							<br />
							<small>1.0.6</small>
						</td>

						
							<td>Yes</td>
							<td class="pass">PASS</td>
						
						
						
						

						
							
								
							
								
							
								
							
								
							
								
									
										
											<td class="pass">PASS</td>
											
										
									
										
									
										
									
								
							
						
							
								
							
								
							
								
							
								
							
								
									
										
									
										
											<td class="pass">PASS</td>
											
										
									
										
									
								
							
						
							
								
							
								
							
								
							
								
							
								
									
										
									
										
									
										
											<td class="pass">PASS</td>
											
										
									
								
							
						
					</tr>
					
				</table>

				<h2>Compilation logs</h2>
				
				<h3 id="arduino:avr:uno">arduino:avr:uno @ 1.8.4</h3>
				<h4>Inclusion</h4>
				<p>
					Result: <b>FAIL</b>
					
				</p>
				<pre class="pre-scrollable">/home/ec2-user/arduino-testlib/cli-datadir/user/libraries/LinkedList/tests.cpp:5:10: fatal error: iostream: No such file or directory
 #include &lt;iostream&gt;
          ^~~~~~~~~~
compilation terminated.
Multiple libraries were found for &#34;LinkedList.h&#34;
  Used: /home/ec2-user/arduino-testlib/cli-datadir/user/libraries/LinkedList
  Not used: /home/ec2-user/arduino-testlib/cli-datadir/user/libraries/Constellation
  Not used: /home/ec2-user/arduino-testlib/cli-datadir/user/libraries/SimpleTaskManager
  Not used: /home/ec2-user/arduino-testlib/cli-datadir/user/libraries/SoftFilters
  Not used: /home/ec2-user/arduino-testlib/cli-datadir/user/libraries/DisplayMenu
</pre>

					
					<h4>examples/ClassList</h4>
					<p>
						Result: <b>FAIL</b>
					</p>
					<pre class="pre-scrollable">/home/ec2-user/arduino-testlib/cli-datadir/user/libraries/LinkedList/tests.cpp:5:10: fatal error: iostream: No such file or directory
 #include &lt;iostream&gt;
          ^~~~~~~~~~
compilation terminated.
Multiple libraries were found for &#34;LinkedList.h&#34;
  Used: /home/ec2-user/arduino-testlib/cli-datadir/user/libraries/LinkedList
  Not used: /home/ec2-user/arduino-testlib/cli-datadir/user/libraries/SimpleTaskManager
  Not used: /home/ec2-user/arduino-testlib/cli-datadir/user/libraries/SoftFilters
  Not used: /home/ec2-user/arduino-testlib/cli-datadir/user/libraries/DisplayMenu
  Not used: /home/ec2-user/arduino-testlib/cli-datadir/user/libraries/Constellation
</pre>
					
					<h4>examples/SimpleIntegerList</h4>
					<p>
						Result: <b>FAIL</b>
					</p>
					<pre class="pre-scrollable">/home/ec2-user/arduino-testlib/cli-datadir/user/libraries/LinkedList/tests.cpp:5:10: fatal error: iostream: No such file or directory
 #include &lt;iostream&gt;
          ^~~~~~~~~~
compilation terminated.
Multiple libraries were found for &#34;LinkedList.h&#34;
  Used: /home/ec2-user/arduino-testlib/cli-datadir/user/libraries/LinkedList
  Not used: /home/ec2-user/arduino-testlib/cli-datadir/user/libraries/DisplayMenu
  Not used: /home/ec2-user/arduino-testlib/cli-datadir/user/libraries/SimpleTaskManager
  Not used: /home/ec2-user/arduino-testlib/cli-datadir/user/libraries/SoftFilters
  Not used: /home/ec2-user/arduino-testlib/cli-datadir/user/libraries/Constellation
</pre>
					
					<h4>examples/Sort</h4>
					<p>
						Result: <b>FAIL</b>
					</p>
					<pre class="pre-scrollable">/home/ec2-user/arduino-testlib/cli-datadir/user/libraries/LinkedList/tests.cpp:5:10: fatal error: iostream: No such file or directory
 #include &lt;iostream&gt;
          ^~~~~~~~~~
compilation terminated.
Multiple libraries were found for &#34;LinkedList.h&#34;
  Used: /home/ec2-user/arduino-testlib/cli-datadir/user/libraries/LinkedList
  Not used: /home/ec2-user/arduino-testlib/cli-datadir/user/libraries/DisplayMenu
  Not used: /home/ec2-user/arduino-testlib/cli-datadir/user/libraries/Constellation
  Not used: /home/ec2-user/arduino-testlib/cli-datadir/user/libraries/SoftFilters
  Not used: /home/ec2-user/arduino-testlib/cli-datadir/user/libraries/SimpleTaskManager
</pre>
					
				
				<h3 id="arduino:mbed_nano:nanorp2040connect">arduino:mbed_nano:nanorp2040connect @ 2.7.2</h3>
				<h4>Inclusion</h4>
				<p>
					Result: <b>PASS</b>
					
				</p>
				<pre class="pre-scrollable">Sketch uses 78756 bytes (0%) of program storage space. Maximum is 16777216 bytes.
Global variables use 43444 bytes (16%) of dynamic memory, leaving 226892 bytes for local variables. Maximum is 270336 bytes.
</pre>

					
					<h4>examples/ClassList</h4>
					<p>
						Result: <b>FAIL</b>
					</p>
					<pre class="pre-scrollable">/home/ec2-user/arduino-testlib/cli-datadir/user/libraries/LinkedList/examples/ClassList/ClassList.pde: In function &#39;void setup()&#39;:
/home/ec2-user/arduino-testlib/cli-datadir/user/libraries/LinkedList/examples/ClassList/ClassList.pde:49:15: error: &#39;class LinkedList&lt;Animal*&gt;&#39; has no member named &#39;add&#39;
  myAnimalList.add(cat);
               ^~~
/home/ec2-user/arduino-testlib/cli-datadir/user/libraries/LinkedList/examples/ClassList/ClassList.pde:50:15: error: &#39;class LinkedList&lt;Animal*&gt;&#39; has no member named &#39;add&#39;
  myAnimalList.add(emu);
               ^~~
/home/ec2-user/arduino-testlib/cli-datadir/user/libraries/LinkedList/examples/ClassList/ClassList.pde:51:15: error: &#39;class LinkedList&lt;Animal*&gt;&#39; has no member named &#39;add&#39;
  myAnimalList.add(dog);
               ^~~
/home/ec2-user/arduino-testlib/cli-datadir/user/libraries/LinkedList/examples/ClassList/ClassList.pde: In function &#39;void loop()&#39;:
/home/ec2-user/arduino-testlib/cli-datadir/user/libraries/LinkedList/examples/ClassList/ClassList.pde:57:28: error: &#39;class LinkedList&lt;Animal*&gt;&#39; has no member named &#39;size&#39;
  Serial.print(myAnimalList.size());
                            ^~~~
/home/ec2-user/arduino-testlib/cli-datadir/user/libraries/LinkedList/examples/ClassList/ClassList.pde:62:34: error: &#39;class LinkedList&lt;Animal*&gt;&#39; has no member named &#39;size&#39;
  for(int i = 0; i &lt; myAnimalList.size(); i&#43;&#43;){
                                  ^~~~
/home/ec2-user/arduino-testlib/cli-datadir/user/libraries/LinkedList/examples/ClassList/ClassList.pde:65:25: error: &#39;class LinkedList&lt;Animal*&gt;&#39; has no member named &#39;get&#39;
   animal = myAnimalList.get(i);
                         ^~~

</pre>
					
					<h4>examples/SimpleIntegerList</h4>
					<p>
						Result: <b>FAIL</b>
					</p>
					<pre class="pre-scrollable">/home/ec2-user/arduino-testlib/cli-datadir/user/libraries/LinkedList/examples/SimpleIntegerList/SimpleIntegerList.pde: In function &#39;void setup()&#39;:
/home/ec2-user/arduino-testlib/cli-datadir/user/libraries/LinkedList/examples/SimpleIntegerList/SimpleIntegerList.pde:26:9: error: &#39;class LinkedList&lt;int&gt;&#39; has no member named &#39;add&#39;
  myList.add(n);
         ^~~
/home/ec2-user/arduino-testlib/cli-datadir/user/libraries/LinkedList/examples/SimpleIntegerList/SimpleIntegerList.pde:27:9: error: &#39;class LinkedList&lt;int&gt;&#39; has no member named &#39;add&#39;
  myList.add(0);
         ^~~
/home/ec2-user/arduino-testlib/cli-datadir/user/libraries/LinkedList/examples/SimpleIntegerList/SimpleIntegerList.pde:28:9: error: &#39;class LinkedList&lt;int&gt;&#39; has no member named &#39;add&#39;
  myList.add(l);
         ^~~
/home/ec2-user/arduino-testlib/cli-datadir/user/libraries/LinkedList/examples/SimpleIntegerList/SimpleIntegerList.pde:29:9: error: &#39;class LinkedList&lt;int&gt;&#39; has no member named &#39;add&#39;
  myList.add(17);
         ^~~
/home/ec2-user/arduino-testlib/cli-datadir/user/libraries/LinkedList/examples/SimpleIntegerList/SimpleIntegerList.pde:30:9: error: &#39;class LinkedList&lt;int&gt;&#39; has no member named &#39;add&#39;
  myList.add(k);
         ^~~
/home/ec2-user/arduino-testlib/cli-datadir/user/libraries/LinkedList/examples/SimpleIntegerList/SimpleIntegerList.pde:31:9: error: &#39;class LinkedList&lt;int&gt;&#39; has no member named &#39;add&#39;
  myList.add(m);
         ^~~
/home/ec2-user/arduino-testlib/cli-datadir/user/libraries/LinkedList/examples/SimpleIntegerList/SimpleIntegerList.pde: In function &#39;void loop()&#39;:
/home/ec2-user/arduino-testlib/cli-datadir/user/libraries/LinkedList/examples/SimpleIntegerList/SimpleIntegerList.pde:36:24: error: &#39;class LinkedList&lt;int&gt;&#39; has no member named &#39;size&#39;
  int listSize = myList.size();
                        ^~~~
/home/ec2-user/arduino-testlib/cli-datadir/user/libraries/LinkedList/examples/SimpleIntegerList/SimpleIntegerList.pde:46:20: error: &#39;class LinkedList&lt;int&gt;&#39; has no member named &#39;get&#39;
   int val = myList.get(h);
                    ^~~

</pre>
					
					<h4>examples/Sort</h4>
					<p>
						Result: <b>FAIL</b>
					</p>
					<pre class="pre-scrollable">/home/ec2-user/arduino-testlib/cli-datadir/user/libraries/LinkedList/examples/Sort/Sort.ino: In function &#39;void setup()&#39;:
/home/ec2-user/arduino-testlib/cli-datadir/user/libraries/LinkedList/examples/Sort/Sort.ino:49:10: error: &#39;class LinkedList&lt;char*&gt;&#39; has no member named &#39;add&#39;
     list.add(p);
          ^~~
/home/ec2-user/arduino-testlib/cli-datadir/user/libraries/LinkedList/examples/Sort/Sort.ino:62:8: error: &#39;class LinkedList&lt;char*&gt;&#39; has no member named &#39;sort&#39;
   list.sort(compare);
        ^~~~
/home/ec2-user/arduino-testlib/cli-datadir/user/libraries/LinkedList/examples/Sort/Sort.ino:68:19: error: &#39;class LinkedList&lt;char*&gt;&#39; has no member named &#39;shift&#39;
   while (p = list.shift()) {
                   ^~~~~

</pre>
					
				
				<h3 id="arduino:megaavr:nona4809">arduino:megaavr:nona4809 @ 1.8.7</h3>
				<h4>Inclusion</h4>
				<p>
					Result: <b>FAIL</b>
					
				</p>
				<pre class="pre-scrollable">/home/ec2-user/arduino-testlib/cli-datadir/user/libraries/LinkedList/tests.cpp:5:10: fatal error: iostream: No such file or directory
 #include &lt;iostream&gt;
          ^~~~~~~~~~
compilation terminated.
Multiple libraries were found for &#34;LinkedList.h&#34;
  Used: /home/ec2-user/arduino-testlib/cli-datadir/user/libraries/LinkedList
  Not used: /home/ec2-user/arduino-testlib/cli-datadir/user/libraries/SoftFilters
  Not used: /home/ec2-user/arduino-testlib/cli-datadir/user/libraries/SimpleTaskManager
  Not used: /home/ec2-user/arduino-testlib/cli-datadir/user/libraries/Constellation
  Not used: /home/ec2-user/arduino-testlib/cli-datadir/user/libraries/DisplayMenu
</pre>

					
					<h4>examples/ClassList</h4>
					<p>
						Result: <b>FAIL</b>
					</p>
					<pre class="pre-scrollable">/home/ec2-user/arduino-testlib/cli-datadir/user/libraries/LinkedList/tests.cpp:5:10: fatal error: iostream: No such file or directory
 #include &lt;iostream&gt;
          ^~~~~~~~~~
compilation terminated.
Multiple libraries were found for &#34;LinkedList.h&#34;
  Used: /home/ec2-user/arduino-testlib/cli-datadir/user/libraries/LinkedList
  Not used: /home/ec2-user/arduino-testlib/cli-datadir/user/libraries/SimpleTaskManager
  Not used: /home/ec2-user/arduino-testlib/cli-datadir/user/libraries/Constellation
  Not used: /home/ec2-user/arduino-testlib/cli-datadir/user/libraries/DisplayMenu
  Not used: /home/ec2-user/arduino-testlib/cli-datadir/user/libraries/SoftFilters
</pre>
					
					<h4>examples/SimpleIntegerList</h4>
					<p>
						Result: <b>FAIL</b>
					</p>
					<pre class="pre-scrollable">/home/ec2-user/arduino-testlib/cli-datadir/user/libraries/LinkedList/tests.cpp:5:10: fatal error: iostream: No such file or directory
 #include &lt;iostream&gt;
          ^~~~~~~~~~
compilation terminated.
Multiple libraries were found for &#34;LinkedList.h&#34;
  Used: /home/ec2-user/arduino-testlib/cli-datadir/user/libraries/LinkedList
  Not used: /home/ec2-user/arduino-testlib/cli-datadir/user/libraries/SoftFilters
  Not used: /home/ec2-user/arduino-testlib/cli-datadir/user/libraries/SimpleTaskManager
  Not used: /home/ec2-user/arduino-testlib/cli-datadir/user/libraries/Constellation
  Not used: /home/ec2-user/arduino-testlib/cli-datadir/user/libraries/DisplayMenu
</pre>
					
					<h4>examples/Sort</h4>
					<p>
						Result: <b>FAIL</b>
					</p>
					<pre class="pre-scrollable">/home/ec2-user/arduino-testlib/cli-datadir/user/libraries/LinkedList/tests.cpp:5:10: fatal error: iostream: No such file or directory
 #include &lt;iostream&gt;
          ^~~~~~~~~~
compilation terminated.
Multiple libraries were found for &#34;LinkedList.h&#34;
  Used: /home/ec2-user/arduino-testlib/cli-datadir/user/libraries/LinkedList
  Not used: /home/ec2-user/arduino-testlib/cli-datadir/user/libraries/SoftFilters
  Not used: /home/ec2-user/arduino-testlib/cli-datadir/user/libraries/Constellation
  Not used: /home/ec2-user/arduino-testlib/cli-datadir/user/libraries/DisplayMenu
  Not used: /home/ec2-user/arduino-testlib/cli-datadir/user/libraries/SimpleTaskManager
</pre>
					
				
				<h3 id="arduino:samd:mkrwifi1010">arduino:samd:mkrwifi1010 @ 1.8.12</h3>
				<h4>Inclusion</h4>
				<p>
					Result: <b>PASS</b>
					
				</p>
				<pre class="pre-scrollable">Sketch uses 172288 bytes (65%) of program storage space. Maximum is 262144 bytes.
Global variables use 7704 bytes (23%) of dynamic memory, leaving 25064 bytes for local variables. Maximum is 32768 bytes.
</pre>

					
					<h4>examples/ClassList</h4>
					<p>
						Result: <b>PASS</b>
					</p>
					<pre class="pre-scrollable">Sketch uses 175264 bytes (66%) of program storage space. Maximum is 262144 bytes.
Global variables use 9316 bytes (28%) of dynamic memory, leaving 23452 bytes for local variables. Maximum is 32768 bytes.
</pre>
					
					<h4>examples/SimpleIntegerList</h4>
					<p>
						Result: <b>PASS</b>
					</p>
					<pre class="pre-scrollable">Sketch uses 174456 bytes (66%) of program storage space. Maximum is 262144 bytes.
Global variables use 9316 bytes (28%) of dynamic memory, leaving 23452 bytes for local variables. Maximum is 32768 bytes.
</pre>
					
					<h4>examples/Sort</h4>
					<p>
						Result: <b>PASS</b>
					</p>
					<pre class="pre-scrollable">Sketch uses 175264 bytes (66%) of program storage space. Maximum is 262144 bytes.
Global variables use 9316 bytes (28%) of dynamic memory, leaving 23452 bytes for local variables. Maximum is 32768 bytes.
</pre>
					
				
				<h3 id="esp32:esp32:d1_mini32">esp32:esp32:d1_mini32 @ 1.0.6</h3>
				<h4>Inclusion</h4>
				<p>
					Result: <b>PASS</b>
					
				</p>
				<pre class="pre-scrollable">Sketch uses 423480 bytes (32%) of program storage space. Maximum is 1310720 bytes.
Global variables use 18880 bytes (5%) of dynamic memory, leaving 308800 bytes for local variables. Maximum is 327680 bytes.
</pre>

					
					<h4>examples/ClassList</h4>
					<p>
						Result: <b>PASS</b>
					</p>
					<pre class="pre-scrollable">Sketch uses 431506 bytes (32%) of program storage space. Maximum is 1310720 bytes.
Global variables use 19272 bytes (5%) of dynamic memory, leaving 308408 bytes for local variables. Maximum is 327680 bytes.
</pre>
					
					<h4>examples/SimpleIntegerList</h4>
					<p>
						Result: <b>PASS</b>
					</p>
					<pre class="pre-scrollable">Sketch uses 431414 bytes (32%) of program storage space. Maximum is 1310720 bytes.
Global variables use 19240 bytes (5%) of dynamic memory, leaving 308440 bytes for local variables. Maximum is 327680 bytes.
</pre>
					
					<h4>examples/Sort</h4>
					<p>
						Result: <b>PASS</b>
					</p>
					<pre class="pre-scrollable">Sketch uses 432166 bytes (32%) of program storage space. Maximum is 1310720 bytes.
Global variables use 19688 bytes (6%) of dynamic memory, leaving 307992 bytes for local variables. Maximum is 327680 bytes.
</pre>
					
				
			</div>
		</div>
	</div>
  </body>
</html>
