
<!doctype html>
<html lang="en">
  <head>
    <meta charset="utf-8">
    <meta name="viewport" content="width=device-width, initial-scale=1">
    <link href="https://cdn.jsdelivr.net/npm/bootstrap@5.0.2/dist/css/bootstrap.min.css" rel="stylesheet" integrity="sha384-EVSTQN3/azprG1Anm3QDgpJLIm9Nao0Yz1ztcQTwFspd3yD65VohhpuuCOmLASjC" crossorigin="anonymous">
    <title>arduino-testlib report</title>
	<style>
	.pass { background-color: #00FF00 !important; }
	.fail { background-color: #FF0000 !important; }
	</style>
  </head>
  <body>
	<div class="container">
		<div class="row">
			<div class="col">
				<h1>LiteOSCParser - compatibility matrix</h1>
				<p>
					<small>This report was generated on Monday, 21-Feb-22 12:00:25 CET using 
					<a href="https://github.com/alranel/arduino-testlib">arduino-testlib</a>.</small>
				</p>

				<h2>LiteOSCParser</h2>
				<p>
					Version: <b>1.4.0</b>
					<br />
					<a href="https://www.arduino.cc/reference/en/libraries/liteoscparser/">More details</a>
				</p>

				<h2>Compatibility matrix</h2>
				<table class="table table-bordered">
					<tr>
						<th>Board</th>
						<th>Claims compatibility</th>
						<th>Inclusion</th>
						
						<th><pre>AllInOne</pre></th>
						
					</tr>
					
					<tr>
						<td>
							<a href="#arduino%3aavr%3auno"><b>arduino:avr:uno</b></a>
							<br />
							<small>1.8.4</small>
						</td>

						
							<td>Yes</td>
							<td class="pass">PASS</td>
						
						
						
						

						
							
								
									
										
											
											<td class="fail">FAIL</td>
										
									
								
							
								
							
								
							
								
							
								
							
						
					</tr>
					
					<tr>
						<td>
							<a href="#arduino%3ambed_nano%3ananorp2040connect"><b>arduino:mbed_nano:nanorp2040connect</b></a>
							<br />
							<small>2.7.2</small>
						</td>

						
							<td>Yes</td>
							<td class="pass">PASS</td>
						
						
						
						

						
							
								
							
								
									
										
											
											<td class="fail">FAIL</td>
										
									
								
							
								
							
								
							
								
							
						
					</tr>
					
					<tr>
						<td>
							<a href="#arduino%3amegaavr%3anona4809"><b>arduino:megaavr:nona4809</b></a>
							<br />
							<small>1.8.7</small>
						</td>

						
							<td>Yes</td>
							<td class="pass">PASS</td>
						
						
						
						

						
							
								
							
								
							
								
									
										
											
											<td class="fail">FAIL</td>
										
									
								
							
								
							
								
							
						
					</tr>
					
					<tr>
						<td>
							<a href="#arduino%3asamd%3amkrwifi1010"><b>arduino:samd:mkrwifi1010</b></a>
							<br />
							<small>1.8.12</small>
						</td>

						
							<td>Yes</td>
							<td class="pass">PASS</td>
						
						
						
						

						
							
								
							
								
							
								
							
								
									
										
											
											<td class="fail">FAIL</td>
										
									
								
							
								
							
						
					</tr>
					
					<tr>
						<td>
							<a href="#esp32%3aesp32%3ad1_mini32"><b>esp32:esp32:d1_mini32</b></a>
							<br />
							<small>1.0.6</small>
						</td>

						
							<td>Yes</td>
							<td class="pass">PASS</td>
						
						
						
						

						
							
								
							
								
							
								
							
								
							
								
									
										
											<td class="pass">PASS</td>
											
										
									
								
							
						
					</tr>
					
				</table>

				<h2>Compilation logs</h2>
				
				<h3 id="arduino:avr:uno">arduino:avr:uno @ 1.8.4</h3>
				<h4>Inclusion</h4>
				<p>
					Result: <b>PASS</b>
					
				</p>
				<pre class="pre-scrollable">Sketch uses 444 bytes (1%) of program storage space. Maximum is 32256 bytes.
Global variables use 9 bytes (0%) of dynamic memory, leaving 2039 bytes for local variables. Maximum is 2048 bytes.
</pre>

					
					<h4>examples/AllInOne</h4>
					<p>
						Result: <b>FAIL</b>
					</p>
					<pre class="pre-scrollable">/home/ec2-user/arduino-testlib/cli-datadir/user/libraries/LiteOSCParser/examples/AllInOne/AllInOne.ino: In function &#39;void setup()&#39;:
/home/ec2-user/arduino-testlib/cli-datadir/user/libraries/LiteOSCParser/examples/AllInOne/AllInOne.ino:28:12: error: &#39;class HardwareSerial&#39; has no member named &#39;printf&#39;; did you mean &#39;print&#39;?
     Serial.printf(&#34;  Address:    \&#34;/abc/d\&#34; == \&#34;%s\&#34;\n&#34;, osc.getAddress());
            ^~~~~~
            print
/home/ec2-user/arduino-testlib/cli-datadir/user/libraries/LiteOSCParser/examples/AllInOne/AllInOne.ino:29:12: error: &#39;class HardwareSerial&#39; has no member named &#39;printf&#39;; did you mean &#39;print&#39;?
     Serial.printf(&#34;  Arg count:  1 == %d\n&#34;, osc.getArgCount());
            ^~~~~~
            print
/home/ec2-user/arduino-testlib/cli-datadir/user/libraries/LiteOSCParser/examples/AllInOne/AllInOne.ino:30:12: error: &#39;class HardwareSerial&#39; has no member named &#39;printf&#39;; did you mean &#39;print&#39;?
     Serial.printf(&#34;  Param(0):   &#39;i&#39; == %c&#39;\n&#34;, osc.getTag(0));
            ^~~~~~
            print
/home/ec2-user/arduino-testlib/cli-datadir/user/libraries/LiteOSCParser/examples/AllInOne/AllInOne.ino:31:12: error: &#39;class HardwareSerial&#39; has no member named &#39;printf&#39;; did you mean &#39;print&#39;?
     Serial.printf(&#34;  isFloat(0): false == %s\n&#34;,
            ^~~~~~
            print
/home/ec2-user/arduino-testlib/cli-datadir/user/libraries/LiteOSCParser/examples/AllInOne/AllInOne.ino:33:12: error: &#39;class HardwareSerial&#39; has no member named &#39;printf&#39;; did you mean &#39;print&#39;?
     Serial.printf(&#34;  isInt(0):   true == %s\n&#34;,
            ^~~~~~
            print
/home/ec2-user/arduino-testlib/cli-datadir/user/libraries/LiteOSCParser/examples/AllInOne/AllInOne.ino:35:12: error: &#39;class HardwareSerial&#39; has no member named &#39;printf&#39;; did you mean &#39;print&#39;?
     Serial.printf(&#34;  getInt(0):  0x01020304 == 0x%08x\n&#34;, osc.getInt(0));
            ^~~~~~
            print
/home/ec2-user/arduino-testlib/cli-datadir/user/libraries/LiteOSCParser/examples/AllInOne/AllInOne.ino:37:12: error: &#39;class HardwareSerial&#39; has no member named &#39;printf&#39;; did you mean &#39;print&#39;?
     Serial.printf(&#34;  Should fully match \&#34;/abc/d\&#34;: true == %s\n&#34;,
            ^~~~~~
            print
/home/ec2-user/arduino-testlib/cli-datadir/user/libraries/LiteOSCParser/examples/AllInOne/AllInOne.ino:39:12: error: &#39;class HardwareSerial&#39; has no member named &#39;printf&#39;; did you mean &#39;print&#39;?
     Serial.printf(&#34;  Should not fully match \&#34;/abc/\&#34;: false == %s\n&#34;,
            ^~~~~~
            print
/home/ec2-user/arduino-testlib/cli-datadir/user/libraries/LiteOSCParser/examples/AllInOne/AllInOne.ino:41:12: error: &#39;class HardwareSerial&#39; has no member named &#39;printf&#39;; did you mean &#39;print&#39;?
     Serial.printf(&#34;  Should partially match \&#34;/abc\&#34;: 4 == %d\n&#34;,
            ^~~~~~
            print
/home/ec2-user/arduino-testlib/cli-datadir/user/libraries/LiteOSCParser/examples/AllInOne/AllInOne.ino:43:12: error: &#39;class HardwareSerial&#39; has no member named &#39;printf&#39;; did you mean &#39;print&#39;?
     Serial.printf(&#34;  Should not partially match \&#34;/abc/\&#34;: 0 == %d\n&#34;,
            ^~~~~~
            print
/home/ec2-user/arduino-testlib/cli-datadir/user/libraries/LiteOSCParser/examples/AllInOne/AllInOne.ino:45:12: error: &#39;class HardwareSerial&#39; has no member named &#39;printf&#39;; did you mean &#39;print&#39;?
     Serial.printf(&#34;  Should not partially match \&#34;/ab\&#34;: 0 == %d\n&#34;,
            ^~~~~~
            print
/home/ec2-user/arduino-testlib/cli-datadir/user/libraries/LiteOSCParser/examples/AllInOne/AllInOne.ino:47:12: error: &#39;class HardwareSerial&#39; has no member named &#39;printf&#39;; did you mean &#39;print&#39;?
     Serial.printf(&#34;  Should partially match \&#34;/d\&#34; at 4: 6 == %d\n&#34;,
            ^~~~~~
            print
/home/ec2-user/arduino-testlib/cli-datadir/user/libraries/LiteOSCParser/examples/AllInOne/AllInOne.ino:58:10: error: &#39;class HardwareSerial&#39; has no member named &#39;printf&#39;; did you mean &#39;print&#39;?
   Serial.printf(&#34;  Address:      \&#34;/abc/\&#34; == \&#34;%s\&#34;\n&#34;, osc.getAddress());
          ^~~~~~
          print
/home/ec2-user/arduino-testlib/cli-datadir/user/libraries/LiteOSCParser/examples/AllInOne/AllInOne.ino:59:10: error: &#39;class HardwareSerial&#39; has no member named &#39;printf&#39;; did you mean &#39;print&#39;?
   Serial.printf(&#34;  Arg count:    2 == %d\n&#34;, osc.getArgCount());
          ^~~~~~
          print
/home/ec2-user/arduino-testlib/cli-datadir/user/libraries/LiteOSCParser/examples/AllInOne/AllInOne.ino:60:10: error: &#39;class HardwareSerial&#39; has no member named &#39;printf&#39;; did you mean &#39;print&#39;?
   Serial.printf(&#34;  getFloat(0):  1.1 == %f\n&#34;, osc.getFloat(0));
          ^~~~~~
          print
/home/ec2-user/arduino-testlib/cli-datadir/user/libraries/LiteOSCParser/examples/AllInOne/AllInOne.ino:61:10: error: &#39;class HardwareSerial&#39; has no member named &#39;printf&#39;; did you mean &#39;print&#39;?
   Serial.printf(&#34;  getString(1): \&#34;hello\&#34; == \&#34;%s\&#34;\n&#34;, osc.getString(1));
          ^~~~~~
          print
/home/ec2-user/arduino-testlib/cli-datadir/user/libraries/LiteOSCParser/examples/AllInOne/AllInOne.ino:62:10: error: &#39;class HardwareSerial&#39; has no member named &#39;printf&#39;; did you mean &#39;print&#39;?
   Serial.printf(&#34;  Should partially match \&#34;/abc\&#34;: 4 == %d\n&#34;,
          ^~~~~~
          print

</pre>
					
				
				<h3 id="arduino:mbed_nano:nanorp2040connect">arduino:mbed_nano:nanorp2040connect @ 2.7.2</h3>
				<h4>Inclusion</h4>
				<p>
					Result: <b>PASS</b>
					
				</p>
				<pre class="pre-scrollable">Sketch uses 78756 bytes (0%) of program storage space. Maximum is 16777216 bytes.
Global variables use 43444 bytes (16%) of dynamic memory, leaving 226892 bytes for local variables. Maximum is 270336 bytes.
</pre>

					
					<h4>examples/AllInOne</h4>
					<p>
						Result: <b>FAIL</b>
					</p>
					<pre class="pre-scrollable">/home/ec2-user/arduino-testlib/cli-datadir/user/libraries/LiteOSCParser/examples/AllInOne/AllInOne.ino: In function &#39;void setup()&#39;:
/home/ec2-user/arduino-testlib/cli-datadir/user/libraries/LiteOSCParser/examples/AllInOne/AllInOne.ino:28:12: error: &#39;class arduino::UART&#39; has no member named &#39;printf&#39;; did you mean &#39;print&#39;?
     Serial.printf(&#34;  Address:    \&#34;/abc/d\&#34; == \&#34;%s\&#34;\n&#34;, osc.getAddress());
            ^~~~~~
            print
/home/ec2-user/arduino-testlib/cli-datadir/user/libraries/LiteOSCParser/examples/AllInOne/AllInOne.ino:29:12: error: &#39;class arduino::UART&#39; has no member named &#39;printf&#39;; did you mean &#39;print&#39;?
     Serial.printf(&#34;  Arg count:  1 == %d\n&#34;, osc.getArgCount());
            ^~~~~~
            print
/home/ec2-user/arduino-testlib/cli-datadir/user/libraries/LiteOSCParser/examples/AllInOne/AllInOne.ino:30:12: error: &#39;class arduino::UART&#39; has no member named &#39;printf&#39;; did you mean &#39;print&#39;?
     Serial.printf(&#34;  Param(0):   &#39;i&#39; == %c&#39;\n&#34;, osc.getTag(0));
            ^~~~~~
            print
/home/ec2-user/arduino-testlib/cli-datadir/user/libraries/LiteOSCParser/examples/AllInOne/AllInOne.ino:31:12: error: &#39;class arduino::UART&#39; has no member named &#39;printf&#39;; did you mean &#39;print&#39;?
     Serial.printf(&#34;  isFloat(0): false == %s\n&#34;,
            ^~~~~~
            print
/home/ec2-user/arduino-testlib/cli-datadir/user/libraries/LiteOSCParser/examples/AllInOne/AllInOne.ino:33:12: error: &#39;class arduino::UART&#39; has no member named &#39;printf&#39;; did you mean &#39;print&#39;?
     Serial.printf(&#34;  isInt(0):   true == %s\n&#34;,
            ^~~~~~
            print
/home/ec2-user/arduino-testlib/cli-datadir/user/libraries/LiteOSCParser/examples/AllInOne/AllInOne.ino:35:12: error: &#39;class arduino::UART&#39; has no member named &#39;printf&#39;; did you mean &#39;print&#39;?
     Serial.printf(&#34;  getInt(0):  0x01020304 == 0x%08x\n&#34;, osc.getInt(0));
            ^~~~~~
            print
/home/ec2-user/arduino-testlib/cli-datadir/user/libraries/LiteOSCParser/examples/AllInOne/AllInOne.ino:37:12: error: &#39;class arduino::UART&#39; has no member named &#39;printf&#39;; did you mean &#39;print&#39;?
     Serial.printf(&#34;  Should fully match \&#34;/abc/d\&#34;: true == %s\n&#34;,
            ^~~~~~
            print
/home/ec2-user/arduino-testlib/cli-datadir/user/libraries/LiteOSCParser/examples/AllInOne/AllInOne.ino:39:12: error: &#39;class arduino::UART&#39; has no member named &#39;printf&#39;; did you mean &#39;print&#39;?
     Serial.printf(&#34;  Should not fully match \&#34;/abc/\&#34;: false == %s\n&#34;,
            ^~~~~~
            print
/home/ec2-user/arduino-testlib/cli-datadir/user/libraries/LiteOSCParser/examples/AllInOne/AllInOne.ino:41:12: error: &#39;class arduino::UART&#39; has no member named &#39;printf&#39;; did you mean &#39;print&#39;?
     Serial.printf(&#34;  Should partially match \&#34;/abc\&#34;: 4 == %d\n&#34;,
            ^~~~~~
            print
/home/ec2-user/arduino-testlib/cli-datadir/user/libraries/LiteOSCParser/examples/AllInOne/AllInOne.ino:43:12: error: &#39;class arduino::UART&#39; has no member named &#39;printf&#39;; did you mean &#39;print&#39;?
     Serial.printf(&#34;  Should not partially match \&#34;/abc/\&#34;: 0 == %d\n&#34;,
            ^~~~~~
            print
/home/ec2-user/arduino-testlib/cli-datadir/user/libraries/LiteOSCParser/examples/AllInOne/AllInOne.ino:45:12: error: &#39;class arduino::UART&#39; has no member named &#39;printf&#39;; did you mean &#39;print&#39;?
     Serial.printf(&#34;  Should not partially match \&#34;/ab\&#34;: 0 == %d\n&#34;,
            ^~~~~~
            print
/home/ec2-user/arduino-testlib/cli-datadir/user/libraries/LiteOSCParser/examples/AllInOne/AllInOne.ino:47:12: error: &#39;class arduino::UART&#39; has no member named &#39;printf&#39;; did you mean &#39;print&#39;?
     Serial.printf(&#34;  Should partially match \&#34;/d\&#34; at 4: 6 == %d\n&#34;,
            ^~~~~~
            print
/home/ec2-user/arduino-testlib/cli-datadir/user/libraries/LiteOSCParser/examples/AllInOne/AllInOne.ino:58:10: error: &#39;class arduino::UART&#39; has no member named &#39;printf&#39;; did you mean &#39;print&#39;?
   Serial.printf(&#34;  Address:      \&#34;/abc/\&#34; == \&#34;%s\&#34;\n&#34;, osc.getAddress());
          ^~~~~~
          print
/home/ec2-user/arduino-testlib/cli-datadir/user/libraries/LiteOSCParser/examples/AllInOne/AllInOne.ino:59:10: error: &#39;class arduino::UART&#39; has no member named &#39;printf&#39;; did you mean &#39;print&#39;?
   Serial.printf(&#34;  Arg count:    2 == %d\n&#34;, osc.getArgCount());
          ^~~~~~
          print
/home/ec2-user/arduino-testlib/cli-datadir/user/libraries/LiteOSCParser/examples/AllInOne/AllInOne.ino:60:10: error: &#39;class arduino::UART&#39; has no member named &#39;printf&#39;; did you mean &#39;print&#39;?
   Serial.printf(&#34;  getFloat(0):  1.1 == %f\n&#34;, osc.getFloat(0));
          ^~~~~~
          print
/home/ec2-user/arduino-testlib/cli-datadir/user/libraries/LiteOSCParser/examples/AllInOne/AllInOne.ino:61:10: error: &#39;class arduino::UART&#39; has no member named &#39;printf&#39;; did you mean &#39;print&#39;?
   Serial.printf(&#34;  getString(1): \&#34;hello\&#34; == \&#34;%s\&#34;\n&#34;, osc.getString(1));
          ^~~~~~
          print
/home/ec2-user/arduino-testlib/cli-datadir/user/libraries/LiteOSCParser/examples/AllInOne/AllInOne.ino:62:10: error: &#39;class arduino::UART&#39; has no member named &#39;printf&#39;; did you mean &#39;print&#39;?
   Serial.printf(&#34;  Should partially match \&#34;/abc\&#34;: 4 == %d\n&#34;,
          ^~~~~~
          print

</pre>
					
				
				<h3 id="arduino:megaavr:nona4809">arduino:megaavr:nona4809 @ 1.8.7</h3>
				<h4>Inclusion</h4>
				<p>
					Result: <b>PASS</b>
					
				</p>
				<pre class="pre-scrollable">Sketch uses 802 bytes (1%) of program storage space. Maximum is 49152 bytes.
Global variables use 22 bytes (0%) of dynamic memory, leaving 6122 bytes for local variables. Maximum is 6144 bytes.
</pre>

					
					<h4>examples/AllInOne</h4>
					<p>
						Result: <b>FAIL</b>
					</p>
					<pre class="pre-scrollable">/home/ec2-user/arduino-testlib/cli-datadir/user/libraries/LiteOSCParser/examples/AllInOne/AllInOne.ino: In function &#39;void setup()&#39;:
/home/ec2-user/arduino-testlib/cli-datadir/user/libraries/LiteOSCParser/examples/AllInOne/AllInOne.ino:28:12: error: &#39;class UartClass&#39; has no member named &#39;printf&#39;; did you mean &#39;print&#39;?
     Serial.printf(&#34;  Address:    \&#34;/abc/d\&#34; == \&#34;%s\&#34;\n&#34;, osc.getAddress());
            ^~~~~~
            print
/home/ec2-user/arduino-testlib/cli-datadir/user/libraries/LiteOSCParser/examples/AllInOne/AllInOne.ino:29:12: error: &#39;class UartClass&#39; has no member named &#39;printf&#39;; did you mean &#39;print&#39;?
     Serial.printf(&#34;  Arg count:  1 == %d\n&#34;, osc.getArgCount());
            ^~~~~~
            print
/home/ec2-user/arduino-testlib/cli-datadir/user/libraries/LiteOSCParser/examples/AllInOne/AllInOne.ino:30:12: error: &#39;class UartClass&#39; has no member named &#39;printf&#39;; did you mean &#39;print&#39;?
     Serial.printf(&#34;  Param(0):   &#39;i&#39; == %c&#39;\n&#34;, osc.getTag(0));
            ^~~~~~
            print
/home/ec2-user/arduino-testlib/cli-datadir/user/libraries/LiteOSCParser/examples/AllInOne/AllInOne.ino:31:12: error: &#39;class UartClass&#39; has no member named &#39;printf&#39;; did you mean &#39;print&#39;?
     Serial.printf(&#34;  isFloat(0): false == %s\n&#34;,
            ^~~~~~
            print
/home/ec2-user/arduino-testlib/cli-datadir/user/libraries/LiteOSCParser/examples/AllInOne/AllInOne.ino:33:12: error: &#39;class UartClass&#39; has no member named &#39;printf&#39;; did you mean &#39;print&#39;?
     Serial.printf(&#34;  isInt(0):   true == %s\n&#34;,
            ^~~~~~
            print
/home/ec2-user/arduino-testlib/cli-datadir/user/libraries/LiteOSCParser/examples/AllInOne/AllInOne.ino:35:12: error: &#39;class UartClass&#39; has no member named &#39;printf&#39;; did you mean &#39;print&#39;?
     Serial.printf(&#34;  getInt(0):  0x01020304 == 0x%08x\n&#34;, osc.getInt(0));
            ^~~~~~
            print
/home/ec2-user/arduino-testlib/cli-datadir/user/libraries/LiteOSCParser/examples/AllInOne/AllInOne.ino:37:12: error: &#39;class UartClass&#39; has no member named &#39;printf&#39;; did you mean &#39;print&#39;?
     Serial.printf(&#34;  Should fully match \&#34;/abc/d\&#34;: true == %s\n&#34;,
            ^~~~~~
            print
/home/ec2-user/arduino-testlib/cli-datadir/user/libraries/LiteOSCParser/examples/AllInOne/AllInOne.ino:39:12: error: &#39;class UartClass&#39; has no member named &#39;printf&#39;; did you mean &#39;print&#39;?
     Serial.printf(&#34;  Should not fully match \&#34;/abc/\&#34;: false == %s\n&#34;,
            ^~~~~~
            print
/home/ec2-user/arduino-testlib/cli-datadir/user/libraries/LiteOSCParser/examples/AllInOne/AllInOne.ino:41:12: error: &#39;class UartClass&#39; has no member named &#39;printf&#39;; did you mean &#39;print&#39;?
     Serial.printf(&#34;  Should partially match \&#34;/abc\&#34;: 4 == %d\n&#34;,
            ^~~~~~
            print
/home/ec2-user/arduino-testlib/cli-datadir/user/libraries/LiteOSCParser/examples/AllInOne/AllInOne.ino:43:12: error: &#39;class UartClass&#39; has no member named &#39;printf&#39;; did you mean &#39;print&#39;?
     Serial.printf(&#34;  Should not partially match \&#34;/abc/\&#34;: 0 == %d\n&#34;,
            ^~~~~~
            print
/home/ec2-user/arduino-testlib/cli-datadir/user/libraries/LiteOSCParser/examples/AllInOne/AllInOne.ino:45:12: error: &#39;class UartClass&#39; has no member named &#39;printf&#39;; did you mean &#39;print&#39;?
     Serial.printf(&#34;  Should not partially match \&#34;/ab\&#34;: 0 == %d\n&#34;,
            ^~~~~~
            print
/home/ec2-user/arduino-testlib/cli-datadir/user/libraries/LiteOSCParser/examples/AllInOne/AllInOne.ino:47:12: error: &#39;class UartClass&#39; has no member named &#39;printf&#39;; did you mean &#39;print&#39;?
     Serial.printf(&#34;  Should partially match \&#34;/d\&#34; at 4: 6 == %d\n&#34;,
            ^~~~~~
            print
/home/ec2-user/arduino-testlib/cli-datadir/user/libraries/LiteOSCParser/examples/AllInOne/AllInOne.ino:58:10: error: &#39;class UartClass&#39; has no member named &#39;printf&#39;; did you mean &#39;print&#39;?
   Serial.printf(&#34;  Address:      \&#34;/abc/\&#34; == \&#34;%s\&#34;\n&#34;, osc.getAddress());
          ^~~~~~
          print
/home/ec2-user/arduino-testlib/cli-datadir/user/libraries/LiteOSCParser/examples/AllInOne/AllInOne.ino:59:10: error: &#39;class UartClass&#39; has no member named &#39;printf&#39;; did you mean &#39;print&#39;?
   Serial.printf(&#34;  Arg count:    2 == %d\n&#34;, osc.getArgCount());
          ^~~~~~
          print
/home/ec2-user/arduino-testlib/cli-datadir/user/libraries/LiteOSCParser/examples/AllInOne/AllInOne.ino:60:10: error: &#39;class UartClass&#39; has no member named &#39;printf&#39;; did you mean &#39;print&#39;?
   Serial.printf(&#34;  getFloat(0):  1.1 == %f\n&#34;, osc.getFloat(0));
          ^~~~~~
          print
/home/ec2-user/arduino-testlib/cli-datadir/user/libraries/LiteOSCParser/examples/AllInOne/AllInOne.ino:61:10: error: &#39;class UartClass&#39; has no member named &#39;printf&#39;; did you mean &#39;print&#39;?
   Serial.printf(&#34;  getString(1): \&#34;hello\&#34; == \&#34;%s\&#34;\n&#34;, osc.getString(1));
          ^~~~~~
          print
/home/ec2-user/arduino-testlib/cli-datadir/user/libraries/LiteOSCParser/examples/AllInOne/AllInOne.ino:62:10: error: &#39;class UartClass&#39; has no member named &#39;printf&#39;; did you mean &#39;print&#39;?
   Serial.printf(&#34;  Should partially match \&#34;/abc\&#34;: 4 == %d\n&#34;,
          ^~~~~~
          print

</pre>
					
				
				<h3 id="arduino:samd:mkrwifi1010">arduino:samd:mkrwifi1010 @ 1.8.12</h3>
				<h4>Inclusion</h4>
				<p>
					Result: <b>PASS</b>
					
				</p>
				<pre class="pre-scrollable">Sketch uses 12156 bytes (4%) of program storage space. Maximum is 262144 bytes.
Global variables use 2996 bytes (9%) of dynamic memory, leaving 29772 bytes for local variables. Maximum is 32768 bytes.
</pre>

					
					<h4>examples/AllInOne</h4>
					<p>
						Result: <b>FAIL</b>
					</p>
					<pre class="pre-scrollable">/home/ec2-user/arduino-testlib/cli-datadir/user/libraries/LiteOSCParser/examples/AllInOne/AllInOne.ino: In function &#39;void setup()&#39;:
/home/ec2-user/arduino-testlib/cli-datadir/user/libraries/LiteOSCParser/examples/AllInOne/AllInOne.ino:28:12: error: &#39;class Serial_&#39; has no member named &#39;printf&#39;; did you mean &#39;print&#39;?
     Serial.printf(&#34;  Address:    \&#34;/abc/d\&#34; == \&#34;%s\&#34;\n&#34;, osc.getAddress());
            ^~~~~~
            print
/home/ec2-user/arduino-testlib/cli-datadir/user/libraries/LiteOSCParser/examples/AllInOne/AllInOne.ino:29:12: error: &#39;class Serial_&#39; has no member named &#39;printf&#39;; did you mean &#39;print&#39;?
     Serial.printf(&#34;  Arg count:  1 == %d\n&#34;, osc.getArgCount());
            ^~~~~~
            print
/home/ec2-user/arduino-testlib/cli-datadir/user/libraries/LiteOSCParser/examples/AllInOne/AllInOne.ino:30:12: error: &#39;class Serial_&#39; has no member named &#39;printf&#39;; did you mean &#39;print&#39;?
     Serial.printf(&#34;  Param(0):   &#39;i&#39; == %c&#39;\n&#34;, osc.getTag(0));
            ^~~~~~
            print
/home/ec2-user/arduino-testlib/cli-datadir/user/libraries/LiteOSCParser/examples/AllInOne/AllInOne.ino:31:12: error: &#39;class Serial_&#39; has no member named &#39;printf&#39;; did you mean &#39;print&#39;?
     Serial.printf(&#34;  isFloat(0): false == %s\n&#34;,
            ^~~~~~
            print
/home/ec2-user/arduino-testlib/cli-datadir/user/libraries/LiteOSCParser/examples/AllInOne/AllInOne.ino:33:12: error: &#39;class Serial_&#39; has no member named &#39;printf&#39;; did you mean &#39;print&#39;?
     Serial.printf(&#34;  isInt(0):   true == %s\n&#34;,
            ^~~~~~
            print
/home/ec2-user/arduino-testlib/cli-datadir/user/libraries/LiteOSCParser/examples/AllInOne/AllInOne.ino:35:12: error: &#39;class Serial_&#39; has no member named &#39;printf&#39;; did you mean &#39;print&#39;?
     Serial.printf(&#34;  getInt(0):  0x01020304 == 0x%08x\n&#34;, osc.getInt(0));
            ^~~~~~
            print
/home/ec2-user/arduino-testlib/cli-datadir/user/libraries/LiteOSCParser/examples/AllInOne/AllInOne.ino:37:12: error: &#39;class Serial_&#39; has no member named &#39;printf&#39;; did you mean &#39;print&#39;?
     Serial.printf(&#34;  Should fully match \&#34;/abc/d\&#34;: true == %s\n&#34;,
            ^~~~~~
            print
/home/ec2-user/arduino-testlib/cli-datadir/user/libraries/LiteOSCParser/examples/AllInOne/AllInOne.ino:39:12: error: &#39;class Serial_&#39; has no member named &#39;printf&#39;; did you mean &#39;print&#39;?
     Serial.printf(&#34;  Should not fully match \&#34;/abc/\&#34;: false == %s\n&#34;,
            ^~~~~~
            print
/home/ec2-user/arduino-testlib/cli-datadir/user/libraries/LiteOSCParser/examples/AllInOne/AllInOne.ino:41:12: error: &#39;class Serial_&#39; has no member named &#39;printf&#39;; did you mean &#39;print&#39;?
     Serial.printf(&#34;  Should partially match \&#34;/abc\&#34;: 4 == %d\n&#34;,
            ^~~~~~
            print
/home/ec2-user/arduino-testlib/cli-datadir/user/libraries/LiteOSCParser/examples/AllInOne/AllInOne.ino:43:12: error: &#39;class Serial_&#39; has no member named &#39;printf&#39;; did you mean &#39;print&#39;?
     Serial.printf(&#34;  Should not partially match \&#34;/abc/\&#34;: 0 == %d\n&#34;,
            ^~~~~~
            print
/home/ec2-user/arduino-testlib/cli-datadir/user/libraries/LiteOSCParser/examples/AllInOne/AllInOne.ino:45:12: error: &#39;class Serial_&#39; has no member named &#39;printf&#39;; did you mean &#39;print&#39;?
     Serial.printf(&#34;  Should not partially match \&#34;/ab\&#34;: 0 == %d\n&#34;,
            ^~~~~~
            print
/home/ec2-user/arduino-testlib/cli-datadir/user/libraries/LiteOSCParser/examples/AllInOne/AllInOne.ino:47:12: error: &#39;class Serial_&#39; has no member named &#39;printf&#39;; did you mean &#39;print&#39;?
     Serial.printf(&#34;  Should partially match \&#34;/d\&#34; at 4: 6 == %d\n&#34;,
            ^~~~~~
            print
/home/ec2-user/arduino-testlib/cli-datadir/user/libraries/LiteOSCParser/examples/AllInOne/AllInOne.ino:58:10: error: &#39;class Serial_&#39; has no member named &#39;printf&#39;; did you mean &#39;print&#39;?
   Serial.printf(&#34;  Address:      \&#34;/abc/\&#34; == \&#34;%s\&#34;\n&#34;, osc.getAddress());
          ^~~~~~
          print
/home/ec2-user/arduino-testlib/cli-datadir/user/libraries/LiteOSCParser/examples/AllInOne/AllInOne.ino:59:10: error: &#39;class Serial_&#39; has no member named &#39;printf&#39;; did you mean &#39;print&#39;?
   Serial.printf(&#34;  Arg count:    2 == %d\n&#34;, osc.getArgCount());
          ^~~~~~
          print
/home/ec2-user/arduino-testlib/cli-datadir/user/libraries/LiteOSCParser/examples/AllInOne/AllInOne.ino:60:10: error: &#39;class Serial_&#39; has no member named &#39;printf&#39;; did you mean &#39;print&#39;?
   Serial.printf(&#34;  getFloat(0):  1.1 == %f\n&#34;, osc.getFloat(0));
          ^~~~~~
          print
/home/ec2-user/arduino-testlib/cli-datadir/user/libraries/LiteOSCParser/examples/AllInOne/AllInOne.ino:61:10: error: &#39;class Serial_&#39; has no member named &#39;printf&#39;; did you mean &#39;print&#39;?
   Serial.printf(&#34;  getString(1): \&#34;hello\&#34; == \&#34;%s\&#34;\n&#34;, osc.getString(1));
          ^~~~~~
          print
/home/ec2-user/arduino-testlib/cli-datadir/user/libraries/LiteOSCParser/examples/AllInOne/AllInOne.ino:62:10: error: &#39;class Serial_&#39; has no member named &#39;printf&#39;; did you mean &#39;print&#39;?
   Serial.printf(&#34;  Should partially match \&#34;/abc\&#34;: 4 == %d\n&#34;,
          ^~~~~~
          print

</pre>
					
				
				<h3 id="esp32:esp32:d1_mini32">esp32:esp32:d1_mini32 @ 1.0.6</h3>
				<h4>Inclusion</h4>
				<p>
					Result: <b>PASS</b>
					
				</p>
				<pre class="pre-scrollable">Sketch uses 197736 bytes (15%) of program storage space. Maximum is 1310720 bytes.
Global variables use 13084 bytes (3%) of dynamic memory, leaving 314596 bytes for local variables. Maximum is 327680 bytes.
</pre>

					
					<h4>examples/AllInOne</h4>
					<p>
						Result: <b>PASS</b>
					</p>
					<pre class="pre-scrollable">Sketch uses 203950 bytes (15%) of program storage space. Maximum is 1310720 bytes.
Global variables use 13224 bytes (4%) of dynamic memory, leaving 314456 bytes for local variables. Maximum is 327680 bytes.
</pre>
					
				
			</div>
		</div>
	</div>
  </body>
</html>
