
<!doctype html>
<html lang="en">
  <head>
    <meta charset="utf-8">
    <meta name="viewport" content="width=device-width, initial-scale=1">
    <link href="https://cdn.jsdelivr.net/npm/bootstrap@5.0.2/dist/css/bootstrap.min.css" rel="stylesheet" integrity="sha384-EVSTQN3/azprG1Anm3QDgpJLIm9Nao0Yz1ztcQTwFspd3yD65VohhpuuCOmLASjC" crossorigin="anonymous">
    <title>arduino-testlib report</title>
	<style>
	.pass { background-color: #00FF00 !important; }
	.fail { background-color: #FF0000 !important; }
	</style>
  </head>
  <body>
	<div class="container">
		<div class="row">
			<div class="col">
				<h1>MAX30100lib - compatibility matrix</h1>
				<p>
					<small>This report was generated on Monday, 21-Feb-22 12:00:25 CET using 
					<a href="https://github.com/alranel/arduino-testlib">arduino-testlib</a>.</small>
				</p>

				<h2>MAX30100lib</h2>
				<p>
					Version: <b>1.2.1</b>
					<br />
					<a href="https://www.arduino.cc/reference/en/libraries/max30100lib/">More details</a>
				</p>

				<h2>Compatibility matrix</h2>
				<table class="table table-bordered">
					<tr>
						<th>Board</th>
						<th>Claims compatibility</th>
						<th>Inclusion</th>
						
						<th><pre>MAX30100_RawData</pre></th>
						
						<th><pre>MAX30100_Tester</pre></th>
						
						<th><pre>MAX30100_Debug</pre></th>
						
						<th><pre>MAX30100_Minimal</pre></th>
						
					</tr>
					
					<tr>
						<td>
							<a href="#arduino%3aavr%3auno"><b>arduino:avr:uno</b></a>
							<br />
							<small>1.8.4</small>
						</td>

						
							<td>Yes</td>
							<td class="pass">PASS</td>
						
						
						
						

						
							
								
									
										
									
										
									
										
											
											<td class="fail">FAIL</td>
										
									
										
									
								
							
								
							
								
							
								
							
								
							
						
							
								
									
										
									
										
									
										
									
										
											
											<td class="fail">FAIL</td>
										
									
								
							
								
							
								
							
								
							
								
							
						
							
								
									
										
											<td class="pass">PASS</td>
											
										
									
										
									
										
									
										
									
								
							
								
							
								
							
								
							
								
							
						
							
								
									
										
									
										
											<td class="pass">PASS</td>
											
										
									
										
									
										
									
								
							
								
							
								
							
								
							
								
							
						
					</tr>
					
					<tr>
						<td>
							<a href="#arduino%3ambed_nano%3ananorp2040connect"><b>arduino:mbed_nano:nanorp2040connect</b></a>
							<br />
							<small>2.7.2</small>
						</td>

						
							<td>Yes</td>
							<td class="pass">PASS</td>
						
						
						
						

						
							
								
							
								
									
										
									
										
									
										
											
											<td class="fail">FAIL</td>
										
									
										
									
								
							
								
							
								
							
								
							
						
							
								
							
								
									
										
									
										
									
										
									
										
											
											<td class="fail">FAIL</td>
										
									
								
							
								
							
								
							
								
							
						
							
								
							
								
									
										
											<td class="pass">PASS</td>
											
										
									
										
									
										
									
										
									
								
							
								
							
								
							
								
							
						
							
								
							
								
									
										
									
										
											<td class="pass">PASS</td>
											
										
									
										
									
										
									
								
							
								
							
								
							
								
							
						
					</tr>
					
					<tr>
						<td>
							<a href="#arduino%3amegaavr%3anona4809"><b>arduino:megaavr:nona4809</b></a>
							<br />
							<small>1.8.7</small>
						</td>

						
							<td>Yes</td>
							<td class="pass">PASS</td>
						
						
						
						

						
							
								
							
								
							
								
									
										
									
										
									
										
											
											<td class="fail">FAIL</td>
										
									
										
									
								
							
								
							
								
							
						
							
								
							
								
							
								
									
										
									
										
									
										
									
										
											
											<td class="fail">FAIL</td>
										
									
								
							
								
							
								
							
						
							
								
							
								
							
								
									
										
											<td class="pass">PASS</td>
											
										
									
										
									
										
									
										
									
								
							
								
							
								
							
						
							
								
							
								
							
								
									
										
									
										
											<td class="pass">PASS</td>
											
										
									
										
									
										
									
								
							
								
							
								
							
						
					</tr>
					
					<tr>
						<td>
							<a href="#arduino%3asamd%3amkrwifi1010"><b>arduino:samd:mkrwifi1010</b></a>
							<br />
							<small>1.8.12</small>
						</td>

						
							<td>Yes</td>
							<td class="pass">PASS</td>
						
						
						
						

						
							
								
							
								
							
								
							
								
									
										
									
										
									
										
											
											<td class="fail">FAIL</td>
										
									
										
									
								
							
								
							
						
							
								
							
								
							
								
							
								
									
										
									
										
									
										
									
										
											
											<td class="fail">FAIL</td>
										
									
								
							
								
							
						
							
								
							
								
							
								
							
								
									
										
											<td class="pass">PASS</td>
											
										
									
										
									
										
									
										
									
								
							
								
							
						
							
								
							
								
							
								
							
								
									
										
									
										
											<td class="pass">PASS</td>
											
										
									
										
									
										
									
								
							
								
							
						
					</tr>
					
					<tr>
						<td>
							<a href="#esp32%3aesp32%3ad1_mini32"><b>esp32:esp32:d1_mini32</b></a>
							<br />
							<small>1.0.6</small>
						</td>

						
							<td>Yes</td>
							<td class="pass">PASS</td>
						
						
						
						

						
							
								
							
								
							
								
							
								
							
								
									
										
									
										
									
										
											
											<td class="fail">FAIL</td>
										
									
										
									
								
							
						
							
								
							
								
							
								
							
								
							
								
									
										
									
										
									
										
									
										
											
											<td class="fail">FAIL</td>
										
									
								
							
						
							
								
							
								
							
								
							
								
							
								
									
										
											<td class="pass">PASS</td>
											
										
									
										
									
										
									
										
									
								
							
						
							
								
							
								
							
								
							
								
							
								
									
										
									
										
											<td class="pass">PASS</td>
											
										
									
										
									
										
									
								
							
						
					</tr>
					
				</table>

				<h2>Compilation logs</h2>
				
				<h3 id="arduino:avr:uno">arduino:avr:uno @ 1.8.4</h3>
				<h4>Inclusion</h4>
				<p>
					Result: <b>PASS</b>
					
					<br />This library has no main header file so an empty one was created.
					
				</p>
				<pre class="pre-scrollable">Sketch uses 2522 bytes (7%) of program storage space. Maximum is 32256 bytes.
Global variables use 297 bytes (14%) of dynamic memory, leaving 1751 bytes for local variables. Maximum is 2048 bytes.
</pre>

					
					<h4>examples/MAX30100_Debug</h4>
					<p>
						Result: <b>PASS</b>
					</p>
					<pre class="pre-scrollable">Sketch uses 9864 bytes (30%) of program storage space. Maximum is 32256 bytes.
Global variables use 711 bytes (34%) of dynamic memory, leaving 1337 bytes for local variables. Maximum is 2048 bytes.
</pre>
					
					<h4>examples/MAX30100_Minimal</h4>
					<p>
						Result: <b>PASS</b>
					</p>
					<pre class="pre-scrollable">Sketch uses 9880 bytes (30%) of program storage space. Maximum is 32256 bytes.
Global variables use 735 bytes (35%) of dynamic memory, leaving 1313 bytes for local variables. Maximum is 2048 bytes.
</pre>
					
					<h4>examples/MAX30100_RawData</h4>
					<p>
						Result: <b>FAIL</b>
					</p>
					<pre class="pre-scrollable">/Users/alranel/Documents/git/arduino/arduino-testlib/cli-datadir/user/libraries/MAX30100lib/examples/MAX30100_RawData/MAX30100_RawData.ino: In function &#39;void setup()&#39;:
/Users/alranel/Documents/git/arduino/arduino-testlib/cli-datadir/user/libraries/MAX30100lib/examples/MAX30100_RawData/MAX30100_RawData.ino:54:22: error: could not convert &#39;sensor.MAX30100::begin((pulseWidth)3, (ledCurrent)14, (sampleRate)1)&#39; from &#39;void&#39; to &#39;bool&#39;
     if (!sensor.begin()) {
          ~~~~~~~~~~~~^~
/Users/alranel/Documents/git/arduino/arduino-testlib/cli-datadir/user/libraries/MAX30100lib/examples/MAX30100_RawData/MAX30100_RawData.ino:54:23: error: in argument to unary !
     if (!sensor.begin()) {
                       ^
/Users/alranel/Documents/git/arduino/arduino-testlib/cli-datadir/user/libraries/MAX30100lib/examples/MAX30100_RawData/MAX30100_RawData.ino:62:12: error: &#39;class MAX30100&#39; has no member named &#39;setMode&#39;
     sensor.setMode(MAX30100_MODE_SPO2_HR);
            ^~~~~~~
/Users/alranel/Documents/git/arduino/arduino-testlib/cli-datadir/user/libraries/MAX30100lib/examples/MAX30100_RawData/MAX30100_RawData.ino:62:20: error: &#39;MAX30100_MODE_SPO2_HR&#39; was not declared in this scope
     sensor.setMode(MAX30100_MODE_SPO2_HR);
                    ^~~~~~~~~~~~~~~~~~~~~
/Users/alranel/Documents/git/arduino/arduino-testlib/cli-datadir/user/libraries/MAX30100lib/examples/MAX30100_RawData/MAX30100_RawData.ino:62:20: note: suggested alternative: &#39;MAX30100_MODE_CONFIG&#39;
     sensor.setMode(MAX30100_MODE_SPO2_HR);
                    ^~~~~~~~~~~~~~~~~~~~~
                    MAX30100_MODE_CONFIG
/Users/alranel/Documents/git/arduino/arduino-testlib/cli-datadir/user/libraries/MAX30100lib/examples/MAX30100_RawData/MAX30100_RawData.ino:63:12: error: &#39;class MAX30100&#39; has no member named &#39;setLedsCurrent&#39;
     sensor.setLedsCurrent(IR_LED_CURRENT, RED_LED_CURRENT);
            ^~~~~~~~~~~~~~
/Users/alranel/Documents/git/arduino/arduino-testlib/cli-datadir/user/libraries/MAX30100lib/examples/MAX30100_RawData/MAX30100_RawData.ino:32:45: error: &#39;MAX30100_LED_CURR_50MA&#39; was not declared in this scope
 #define IR_LED_CURRENT                      MAX30100_LED_CURR_50MA
                                             ^
/Users/alranel/Documents/git/arduino/arduino-testlib/cli-datadir/user/libraries/MAX30100lib/examples/MAX30100_RawData/MAX30100_RawData.ino:63:27: note: in expansion of macro &#39;IR_LED_CURRENT&#39;
     sensor.setLedsCurrent(IR_LED_CURRENT, RED_LED_CURRENT);
                           ^~~~~~~~~~~~~~
/Users/alranel/Documents/git/arduino/arduino-testlib/cli-datadir/user/libraries/MAX30100lib/examples/MAX30100_RawData/MAX30100_RawData.ino:32:45: note: suggested alternative: &#39;MAX30100_LED_CONFIG&#39;
 #define IR_LED_CURRENT                      MAX30100_LED_CURR_50MA
                                             ^
/Users/alranel/Documents/git/arduino/arduino-testlib/cli-datadir/user/libraries/MAX30100lib/examples/MAX30100_RawData/MAX30100_RawData.ino:63:27: note: in expansion of macro &#39;IR_LED_CURRENT&#39;
     sensor.setLedsCurrent(IR_LED_CURRENT, RED_LED_CURRENT);
                           ^~~~~~~~~~~~~~
/Users/alranel/Documents/git/arduino/arduino-testlib/cli-datadir/user/libraries/MAX30100lib/examples/MAX30100_RawData/MAX30100_RawData.ino:33:45: error: &#39;MAX30100_LED_CURR_27_1MA&#39; was not declared in this scope
 #define RED_LED_CURRENT                     MAX30100_LED_CURR_27_1MA
                                             ^
/Users/alranel/Documents/git/arduino/arduino-testlib/cli-datadir/user/libraries/MAX30100lib/examples/MAX30100_RawData/MAX30100_RawData.ino:63:43: note: in expansion of macro &#39;RED_LED_CURRENT&#39;
     sensor.setLedsCurrent(IR_LED_CURRENT, RED_LED_CURRENT);
                                           ^~~~~~~~~~~~~~~
/Users/alranel/Documents/git/arduino/arduino-testlib/cli-datadir/user/libraries/MAX30100lib/examples/MAX30100_RawData/MAX30100_RawData.ino:33:45: note: suggested alternative: &#39;MAX30100_LED_CONFIG&#39;
 #define RED_LED_CURRENT                     MAX30100_LED_CURR_27_1MA
                                             ^
/Users/alranel/Documents/git/arduino/arduino-testlib/cli-datadir/user/libraries/MAX30100lib/examples/MAX30100_RawData/MAX30100_RawData.ino:63:43: note: in expansion of macro &#39;RED_LED_CURRENT&#39;
     sensor.setLedsCurrent(IR_LED_CURRENT, RED_LED_CURRENT);
                                           ^~~~~~~~~~~~~~~
/Users/alranel/Documents/git/arduino/arduino-testlib/cli-datadir/user/libraries/MAX30100lib/examples/MAX30100_RawData/MAX30100_RawData.ino:64:12: error: &#39;class MAX30100&#39; has no member named &#39;setLedsPulseWidth&#39;
     sensor.setLedsPulseWidth(PULSE_WIDTH);
            ^~~~~~~~~~~~~~~~~
/Users/alranel/Documents/git/arduino/arduino-testlib/cli-datadir/user/libraries/MAX30100lib/examples/MAX30100_RawData/MAX30100_RawData.ino:38:45: error: &#39;MAX30100_SPC_PW_1600US_16BITS&#39; was not declared in this scope
 #define PULSE_WIDTH                         MAX30100_SPC_PW_1600US_16BITS
                                             ^
/Users/alranel/Documents/git/arduino/arduino-testlib/cli-datadir/user/libraries/MAX30100lib/examples/MAX30100_RawData/MAX30100_RawData.ino:64:30: note: in expansion of macro &#39;PULSE_WIDTH&#39;
     sensor.setLedsPulseWidth(PULSE_WIDTH);
                              ^~~~~~~~~~~
/Users/alranel/Documents/git/arduino/arduino-testlib/cli-datadir/user/libraries/MAX30100lib/examples/MAX30100_RawData/MAX30100_RawData.ino:65:12: error: &#39;class MAX30100&#39; has no member named &#39;setSamplingRate&#39;
     sensor.setSamplingRate(SAMPLING_RATE);
            ^~~~~~~~~~~~~~~
/Users/alranel/Documents/git/arduino/arduino-testlib/cli-datadir/user/libraries/MAX30100lib/examples/MAX30100_RawData/MAX30100_RawData.ino:28:45: error: &#39;MAX30100_SAMPRATE_100HZ&#39; was not declared in this scope
 #define SAMPLING_RATE                       MAX30100_SAMPRATE_100HZ
                                             ^
/Users/alranel/Documents/git/arduino/arduino-testlib/cli-datadir/user/libraries/MAX30100lib/examples/MAX30100_RawData/MAX30100_RawData.ino:65:28: note: in expansion of macro &#39;SAMPLING_RATE&#39;
     sensor.setSamplingRate(SAMPLING_RATE);
                            ^~~~~~~~~~~~~
/Users/alranel/Documents/git/arduino/arduino-testlib/cli-datadir/user/libraries/MAX30100lib/examples/MAX30100_RawData/MAX30100_RawData.ino:28:45: note: suggested alternative: &#39;MAX30100_PART_ID&#39;
 #define SAMPLING_RATE                       MAX30100_SAMPRATE_100HZ
                                             ^
/Users/alranel/Documents/git/arduino/arduino-testlib/cli-datadir/user/libraries/MAX30100lib/examples/MAX30100_RawData/MAX30100_RawData.ino:65:28: note: in expansion of macro &#39;SAMPLING_RATE&#39;
     sensor.setSamplingRate(SAMPLING_RATE);
                            ^~~~~~~~~~~~~
/Users/alranel/Documents/git/arduino/arduino-testlib/cli-datadir/user/libraries/MAX30100lib/examples/MAX30100_RawData/MAX30100_RawData.ino:66:12: error: &#39;class MAX30100&#39; has no member named &#39;setHighresModeEnabled&#39;
     sensor.setHighresModeEnabled(HIGHRES_MODE);
            ^~~~~~~~~~~~~~~~~~~~~
/Users/alranel/Documents/git/arduino/arduino-testlib/cli-datadir/user/libraries/MAX30100lib/examples/MAX30100_RawData/MAX30100_RawData.ino: In function &#39;void loop()&#39;:
/Users/alranel/Documents/git/arduino/arduino-testlib/cli-datadir/user/libraries/MAX30100lib/examples/MAX30100_RawData/MAX30100_RawData.ino:73:12: error: &#39;class MAX30100&#39; has no member named &#39;update&#39;
     sensor.update();
            ^~~~~~
/Users/alranel/Documents/git/arduino/arduino-testlib/cli-datadir/user/libraries/MAX30100lib/examples/MAX30100_RawData/MAX30100_RawData.ino:75:19: error: &#39;class MAX30100&#39; has no member named &#39;getRawValues&#39;
     while (sensor.getRawValues(&amp;ir, &amp;red)) {
                   ^~~~~~~~~~~~
Multiple libraries were found for &#34;MAX30100.h&#34;
  Used: /Users/alranel/Documents/git/arduino/arduino-testlib/cli-datadir/user/libraries/MAX30100
  Not used: /Users/alranel/Documents/git/arduino/arduino-testlib/cli-datadir/user/libraries/MAX3010x_Sensor_Library
  Not used: /Users/alranel/Documents/git/arduino/arduino-testlib/cli-datadir/user/libraries/MAX30100_milan
  Not used: /Users/alranel/Documents/git/arduino/arduino-testlib/cli-datadir/user/libraries/MAX30100lib
</pre>
					
					<h4>examples/MAX30100_Tester</h4>
					<p>
						Result: <b>FAIL</b>
					</p>
					<pre class="pre-scrollable">/Users/alranel/Documents/git/arduino/arduino-testlib/cli-datadir/user/libraries/MAX30100lib/examples/MAX30100_Tester/MAX30100_Tester.ino: In function &#39;void setup()&#39;:
/Users/alranel/Documents/git/arduino/arduino-testlib/cli-datadir/user/libraries/MAX30100lib/examples/MAX30100_Tester/MAX30100_Tester.ino:34:22: error: could not convert &#39;sensor.MAX30100::begin((pulseWidth)3, (ledCurrent)14, (sampleRate)1)&#39; from &#39;void&#39; to &#39;bool&#39;
     if (!sensor.begin()) {
          ~~~~~~~~~~~~^~
/Users/alranel/Documents/git/arduino/arduino-testlib/cli-datadir/user/libraries/MAX30100lib/examples/MAX30100_Tester/MAX30100_Tester.ino:34:23: error: in argument to unary !
     if (!sensor.begin()) {
                       ^
/Users/alranel/Documents/git/arduino/arduino-testlib/cli-datadir/user/libraries/MAX30100lib/examples/MAX30100_Tester/MAX30100_Tester.ino:37:33: error: &#39;class MAX30100&#39; has no member named &#39;getPartId&#39;; did you mean &#39;getPartID&#39;?
         uint8_t partId = sensor.getPartId();
                                 ^~~~~~~~~
                                 getPartID
/Users/alranel/Documents/git/arduino/arduino-testlib/cli-datadir/user/libraries/MAX30100lib/examples/MAX30100_Tester/MAX30100_Tester.ino:44:28: error: &#39;EXPECTED_PART_ID&#39; was not declared in this scope
             Serial.println(EXPECTED_PART_ID, HEX);
                            ^~~~~~~~~~~~~~~~
/Users/alranel/Documents/git/arduino/arduino-testlib/cli-datadir/user/libraries/MAX30100lib/examples/MAX30100_Tester/MAX30100_Tester.ino:44:28: note: suggested alternative: &#39;MAX30100_PART_ID&#39;
             Serial.println(EXPECTED_PART_ID, HEX);
                            ^~~~~~~~~~~~~~~~
                            MAX30100_PART_ID
/Users/alranel/Documents/git/arduino/arduino-testlib/cli-datadir/user/libraries/MAX30100lib/examples/MAX30100_Tester/MAX30100_Tester.ino:53:12: error: &#39;class MAX30100&#39; has no member named &#39;setMode&#39;
     sensor.setMode(MAX30100_MODE_SPO2_HR);
            ^~~~~~~
/Users/alranel/Documents/git/arduino/arduino-testlib/cli-datadir/user/libraries/MAX30100lib/examples/MAX30100_Tester/MAX30100_Tester.ino:53:20: error: &#39;MAX30100_MODE_SPO2_HR&#39; was not declared in this scope
     sensor.setMode(MAX30100_MODE_SPO2_HR);
                    ^~~~~~~~~~~~~~~~~~~~~
/Users/alranel/Documents/git/arduino/arduino-testlib/cli-datadir/user/libraries/MAX30100lib/examples/MAX30100_Tester/MAX30100_Tester.ino:53:20: note: suggested alternative: &#39;MAX30100_MODE_CONFIG&#39;
     sensor.setMode(MAX30100_MODE_SPO2_HR);
                    ^~~~~~~~~~~~~~~~~~~~~
                    MAX30100_MODE_CONFIG
/Users/alranel/Documents/git/arduino/arduino-testlib/cli-datadir/user/libraries/MAX30100lib/examples/MAX30100_Tester/MAX30100_Tester.ino:57:12: error: &#39;class MAX30100&#39; has no member named &#39;setLedsCurrent&#39;
     sensor.setLedsCurrent(MAX30100_LED_CURR_50MA, MAX30100_LED_CURR_50MA);
            ^~~~~~~~~~~~~~
/Users/alranel/Documents/git/arduino/arduino-testlib/cli-datadir/user/libraries/MAX30100lib/examples/MAX30100_Tester/MAX30100_Tester.ino:57:27: error: &#39;MAX30100_LED_CURR_50MA&#39; was not declared in this scope
     sensor.setLedsCurrent(MAX30100_LED_CURR_50MA, MAX30100_LED_CURR_50MA);
                           ^~~~~~~~~~~~~~~~~~~~~~
/Users/alranel/Documents/git/arduino/arduino-testlib/cli-datadir/user/libraries/MAX30100lib/examples/MAX30100_Tester/MAX30100_Tester.ino:57:27: note: suggested alternative: &#39;MAX30100_LED_CONFIG&#39;
     sensor.setLedsCurrent(MAX30100_LED_CURR_50MA, MAX30100_LED_CURR_50MA);
                           ^~~~~~~~~~~~~~~~~~~~~~
                           MAX30100_LED_CONFIG
/Users/alranel/Documents/git/arduino/arduino-testlib/cli-datadir/user/libraries/MAX30100lib/examples/MAX30100_Tester/MAX30100_Tester.ino:63:12: error: &#39;class MAX30100&#39; has no member named &#39;setLedsCurrent&#39;
     sensor.setLedsCurrent(MAX30100_LED_CURR_7_6MA, MAX30100_LED_CURR_7_6MA);
            ^~~~~~~~~~~~~~
/Users/alranel/Documents/git/arduino/arduino-testlib/cli-datadir/user/libraries/MAX30100lib/examples/MAX30100_Tester/MAX30100_Tester.ino:63:27: error: &#39;MAX30100_LED_CURR_7_6MA&#39; was not declared in this scope
     sensor.setLedsCurrent(MAX30100_LED_CURR_7_6MA, MAX30100_LED_CURR_7_6MA);
                           ^~~~~~~~~~~~~~~~~~~~~~~
/Users/alranel/Documents/git/arduino/arduino-testlib/cli-datadir/user/libraries/MAX30100lib/examples/MAX30100_Tester/MAX30100_Tester.ino:63:27: note: suggested alternative: &#39;MAX30100_LED_CONFIG&#39;
     sensor.setLedsCurrent(MAX30100_LED_CURR_7_6MA, MAX30100_LED_CURR_7_6MA);
                           ^~~~~~~~~~~~~~~~~~~~~~~
                           MAX30100_LED_CONFIG
/Users/alranel/Documents/git/arduino/arduino-testlib/cli-datadir/user/libraries/MAX30100lib/examples/MAX30100_Tester/MAX30100_Tester.ino:75:12: error: &#39;class MAX30100&#39; has no member named &#39;resume&#39;; did you mean &#39;reset&#39;?
     sensor.resume();
            ^~~~~~
            reset
/Users/alranel/Documents/git/arduino/arduino-testlib/cli-datadir/user/libraries/MAX30100lib/examples/MAX30100_Tester/MAX30100_Tester.ino:81:12: error: &#39;class MAX30100&#39; has no member named &#39;startTemperatureSampling&#39;
     sensor.startTemperatureSampling();
            ^~~~~~~~~~~~~~~~~~~~~~~~
/Users/alranel/Documents/git/arduino/arduino-testlib/cli-datadir/user/libraries/MAX30100lib/examples/MAX30100_Tester/MAX30100_Tester.ino:82:19: error: &#39;class MAX30100&#39; has no member named &#39;isTemperatureReady&#39;
     while(!sensor.isTemperatureReady()) {
                   ^~~~~~~~~~~~~~~~~~
/Users/alranel/Documents/git/arduino/arduino-testlib/cli-datadir/user/libraries/MAX30100lib/examples/MAX30100_Tester/MAX30100_Tester.ino:90:32: error: &#39;class MAX30100&#39; has no member named &#39;retrieveTemperature&#39;
     float temperature = sensor.retrieveTemperature();
                                ^~~~~~~~~~~~~~~~~~~
/Users/alranel/Documents/git/arduino/arduino-testlib/cli-datadir/user/libraries/MAX30100lib/examples/MAX30100_Tester/MAX30100_Tester.ino:105:12: error: &#39;class MAX30100&#39; has no member named &#39;resetFifo&#39;; did you mean &#39;reset&#39;?
     sensor.resetFifo();
            ^~~~~~~~~
            reset
/Users/alranel/Documents/git/arduino/arduino-testlib/cli-datadir/user/libraries/MAX30100lib/examples/MAX30100_Tester/MAX30100_Tester.ino: In function &#39;void loop()&#39;:
/Users/alranel/Documents/git/arduino/arduino-testlib/cli-datadir/user/libraries/MAX30100lib/examples/MAX30100_Tester/MAX30100_Tester.ino:112:12: error: &#39;class MAX30100&#39; has no member named &#39;update&#39;
     sensor.update();
            ^~~~~~
/Users/alranel/Documents/git/arduino/arduino-testlib/cli-datadir/user/libraries/MAX30100lib/examples/MAX30100_Tester/MAX30100_Tester.ino:114:19: error: &#39;class MAX30100&#39; has no member named &#39;getRawValues&#39;
     while (sensor.getRawValues(&amp;ir, &amp;red)) {
                   ^~~~~~~~~~~~
Multiple libraries were found for &#34;MAX30100.h&#34;
  Used: /Users/alranel/Documents/git/arduino/arduino-testlib/cli-datadir/user/libraries/MAX30100
  Not used: /Users/alranel/Documents/git/arduino/arduino-testlib/cli-datadir/user/libraries/MAX30100lib
  Not used: /Users/alranel/Documents/git/arduino/arduino-testlib/cli-datadir/user/libraries/MAX3010x_Sensor_Library
  Not used: /Users/alranel/Documents/git/arduino/arduino-testlib/cli-datadir/user/libraries/MAX30100_milan
</pre>
					
				
				<h3 id="arduino:mbed_nano:nanorp2040connect">arduino:mbed_nano:nanorp2040connect @ 2.7.2</h3>
				<h4>Inclusion</h4>
				<p>
					Result: <b>PASS</b>
					
				</p>
				<pre class="pre-scrollable">Sketch uses 81706 bytes (0%) of program storage space. Maximum is 16777216 bytes.
Global variables use 44220 bytes (16%) of dynamic memory, leaving 226116 bytes for local variables. Maximum is 270336 bytes.
</pre>

					
					<h4>examples/MAX30100_Debug</h4>
					<p>
						Result: <b>PASS</b>
					</p>
					<pre class="pre-scrollable">Sketch uses 89360 bytes (0%) of program storage space. Maximum is 16777216 bytes.
Global variables use 44396 bytes (16%) of dynamic memory, leaving 225940 bytes for local variables. Maximum is 270336 bytes.
</pre>
					
					<h4>examples/MAX30100_Minimal</h4>
					<p>
						Result: <b>PASS</b>
					</p>
					<pre class="pre-scrollable">Sketch uses 89396 bytes (0%) of program storage space. Maximum is 16777216 bytes.
Global variables use 44396 bytes (16%) of dynamic memory, leaving 225940 bytes for local variables. Maximum is 270336 bytes.
</pre>
					
					<h4>examples/MAX30100_RawData</h4>
					<p>
						Result: <b>FAIL</b>
					</p>
					<pre class="pre-scrollable">/home/ec2-user/arduino-testlib/cli-datadir/user/libraries/MAX30100lib/examples/MAX30100_RawData/MAX30100_RawData.ino: In function &#39;void setup()&#39;:
/home/ec2-user/arduino-testlib/cli-datadir/user/libraries/MAX30100lib/examples/MAX30100_RawData/MAX30100_RawData.ino:54:22: error: could not convert &#39;sensor.MAX30100::begin((pulseWidth)3, (ledCurrent)14, (sampleRate)1)&#39; from &#39;void&#39; to &#39;bool&#39;
     if (!sensor.begin()) {
          ~~~~~~~~~~~~^~
/home/ec2-user/arduino-testlib/cli-datadir/user/libraries/MAX30100lib/examples/MAX30100_RawData/MAX30100_RawData.ino:54:23: error: in argument to unary !
     if (!sensor.begin()) {
                       ^
/home/ec2-user/arduino-testlib/cli-datadir/user/libraries/MAX30100lib/examples/MAX30100_RawData/MAX30100_RawData.ino:62:12: error: &#39;class MAX30100&#39; has no member named &#39;setMode&#39;
     sensor.setMode(MAX30100_MODE_SPO2_HR);
            ^~~~~~~
/home/ec2-user/arduino-testlib/cli-datadir/user/libraries/MAX30100lib/examples/MAX30100_RawData/MAX30100_RawData.ino:62:20: error: &#39;MAX30100_MODE_SPO2_HR&#39; was not declared in this scope
     sensor.setMode(MAX30100_MODE_SPO2_HR);
                    ^~~~~~~~~~~~~~~~~~~~~
/home/ec2-user/arduino-testlib/cli-datadir/user/libraries/MAX30100lib/examples/MAX30100_RawData/MAX30100_RawData.ino:62:20: note: suggested alternative: &#39;MAX30100_MODE_CONFIG&#39;
     sensor.setMode(MAX30100_MODE_SPO2_HR);
                    ^~~~~~~~~~~~~~~~~~~~~
                    MAX30100_MODE_CONFIG
/home/ec2-user/arduino-testlib/cli-datadir/user/libraries/MAX30100lib/examples/MAX30100_RawData/MAX30100_RawData.ino:63:12: error: &#39;class MAX30100&#39; has no member named &#39;setLedsCurrent&#39;
     sensor.setLedsCurrent(IR_LED_CURRENT, RED_LED_CURRENT);
            ^~~~~~~~~~~~~~
/home/ec2-user/arduino-testlib/cli-datadir/user/libraries/MAX30100lib/examples/MAX30100_RawData/MAX30100_RawData.ino:32:45: error: &#39;MAX30100_LED_CURR_50MA&#39; was not declared in this scope
 #define IR_LED_CURRENT                      MAX30100_LED_CURR_50MA
                                             ^
/home/ec2-user/arduino-testlib/cli-datadir/user/libraries/MAX30100lib/examples/MAX30100_RawData/MAX30100_RawData.ino:63:27: note: in expansion of macro &#39;IR_LED_CURRENT&#39;
     sensor.setLedsCurrent(IR_LED_CURRENT, RED_LED_CURRENT);
                           ^~~~~~~~~~~~~~
/home/ec2-user/arduino-testlib/cli-datadir/user/libraries/MAX30100lib/examples/MAX30100_RawData/MAX30100_RawData.ino:32:45: note: suggested alternative: &#39;MAX30100_LED_CONFIG&#39;
 #define IR_LED_CURRENT                      MAX30100_LED_CURR_50MA
                                             ^
/home/ec2-user/arduino-testlib/cli-datadir/user/libraries/MAX30100lib/examples/MAX30100_RawData/MAX30100_RawData.ino:63:27: note: in expansion of macro &#39;IR_LED_CURRENT&#39;
     sensor.setLedsCurrent(IR_LED_CURRENT, RED_LED_CURRENT);
                           ^~~~~~~~~~~~~~
/home/ec2-user/arduino-testlib/cli-datadir/user/libraries/MAX30100lib/examples/MAX30100_RawData/MAX30100_RawData.ino:33:45: error: &#39;MAX30100_LED_CURR_27_1MA&#39; was not declared in this scope
 #define RED_LED_CURRENT                     MAX30100_LED_CURR_27_1MA
                                             ^
/home/ec2-user/arduino-testlib/cli-datadir/user/libraries/MAX30100lib/examples/MAX30100_RawData/MAX30100_RawData.ino:63:43: note: in expansion of macro &#39;RED_LED_CURRENT&#39;
     sensor.setLedsCurrent(IR_LED_CURRENT, RED_LED_CURRENT);
                                           ^~~~~~~~~~~~~~~
/home/ec2-user/arduino-testlib/cli-datadir/user/libraries/MAX30100lib/examples/MAX30100_RawData/MAX30100_RawData.ino:33:45: note: suggested alternative: &#39;MAX30100_LED_CONFIG&#39;
 #define RED_LED_CURRENT                     MAX30100_LED_CURR_27_1MA
                                             ^
/home/ec2-user/arduino-testlib/cli-datadir/user/libraries/MAX30100lib/examples/MAX30100_RawData/MAX30100_RawData.ino:63:43: note: in expansion of macro &#39;RED_LED_CURRENT&#39;
     sensor.setLedsCurrent(IR_LED_CURRENT, RED_LED_CURRENT);
                                           ^~~~~~~~~~~~~~~
/home/ec2-user/arduino-testlib/cli-datadir/user/libraries/MAX30100lib/examples/MAX30100_RawData/MAX30100_RawData.ino:64:12: error: &#39;class MAX30100&#39; has no member named &#39;setLedsPulseWidth&#39;
     sensor.setLedsPulseWidth(PULSE_WIDTH);
            ^~~~~~~~~~~~~~~~~
/home/ec2-user/arduino-testlib/cli-datadir/user/libraries/MAX30100lib/examples/MAX30100_RawData/MAX30100_RawData.ino:38:45: error: &#39;MAX30100_SPC_PW_1600US_16BITS&#39; was not declared in this scope
 #define PULSE_WIDTH                         MAX30100_SPC_PW_1600US_16BITS
                                             ^
/home/ec2-user/arduino-testlib/cli-datadir/user/libraries/MAX30100lib/examples/MAX30100_RawData/MAX30100_RawData.ino:64:30: note: in expansion of macro &#39;PULSE_WIDTH&#39;
     sensor.setLedsPulseWidth(PULSE_WIDTH);
                              ^~~~~~~~~~~
/home/ec2-user/arduino-testlib/cli-datadir/user/libraries/MAX30100lib/examples/MAX30100_RawData/MAX30100_RawData.ino:65:12: error: &#39;class MAX30100&#39; has no member named &#39;setSamplingRate&#39;
     sensor.setSamplingRate(SAMPLING_RATE);
            ^~~~~~~~~~~~~~~
/home/ec2-user/arduino-testlib/cli-datadir/user/libraries/MAX30100lib/examples/MAX30100_RawData/MAX30100_RawData.ino:28:45: error: &#39;MAX30100_SAMPRATE_100HZ&#39; was not declared in this scope
 #define SAMPLING_RATE                       MAX30100_SAMPRATE_100HZ
                                             ^
/home/ec2-user/arduino-testlib/cli-datadir/user/libraries/MAX30100lib/examples/MAX30100_RawData/MAX30100_RawData.ino:65:28: note: in expansion of macro &#39;SAMPLING_RATE&#39;
     sensor.setSamplingRate(SAMPLING_RATE);
                            ^~~~~~~~~~~~~
/home/ec2-user/arduino-testlib/cli-datadir/user/libraries/MAX30100lib/examples/MAX30100_RawData/MAX30100_RawData.ino:28:45: note: suggested alternative: &#39;MAX30100_PART_ID&#39;
 #define SAMPLING_RATE                       MAX30100_SAMPRATE_100HZ
                                             ^
/home/ec2-user/arduino-testlib/cli-datadir/user/libraries/MAX30100lib/examples/MAX30100_RawData/MAX30100_RawData.ino:65:28: note: in expansion of macro &#39;SAMPLING_RATE&#39;
     sensor.setSamplingRate(SAMPLING_RATE);
                            ^~~~~~~~~~~~~
/home/ec2-user/arduino-testlib/cli-datadir/user/libraries/MAX30100lib/examples/MAX30100_RawData/MAX30100_RawData.ino:66:12: error: &#39;class MAX30100&#39; has no member named &#39;setHighresModeEnabled&#39;
     sensor.setHighresModeEnabled(HIGHRES_MODE);
            ^~~~~~~~~~~~~~~~~~~~~
/home/ec2-user/arduino-testlib/cli-datadir/user/libraries/MAX30100lib/examples/MAX30100_RawData/MAX30100_RawData.ino: In function &#39;void loop()&#39;:
/home/ec2-user/arduino-testlib/cli-datadir/user/libraries/MAX30100lib/examples/MAX30100_RawData/MAX30100_RawData.ino:73:12: error: &#39;class MAX30100&#39; has no member named &#39;update&#39;
     sensor.update();
            ^~~~~~
/home/ec2-user/arduino-testlib/cli-datadir/user/libraries/MAX30100lib/examples/MAX30100_RawData/MAX30100_RawData.ino:75:19: error: &#39;class MAX30100&#39; has no member named &#39;getRawValues&#39;
     while (sensor.getRawValues(&amp;ir, &amp;red)) {
                   ^~~~~~~~~~~~
Multiple libraries were found for &#34;MAX30100.h&#34;
  Used: /home/ec2-user/arduino-testlib/cli-datadir/user/libraries/MAX30100
  Not used: /home/ec2-user/arduino-testlib/cli-datadir/user/libraries/MAX30100lib
  Not used: /home/ec2-user/arduino-testlib/cli-datadir/user/libraries/MAX30100_milan
  Not used: /home/ec2-user/arduino-testlib/cli-datadir/user/libraries/MAX3010x_Sensor_Library
</pre>
					
					<h4>examples/MAX30100_Tester</h4>
					<p>
						Result: <b>FAIL</b>
					</p>
					<pre class="pre-scrollable">/home/ec2-user/arduino-testlib/cli-datadir/user/libraries/MAX30100lib/examples/MAX30100_Tester/MAX30100_Tester.ino: In function &#39;void setup()&#39;:
/home/ec2-user/arduino-testlib/cli-datadir/user/libraries/MAX30100lib/examples/MAX30100_Tester/MAX30100_Tester.ino:34:22: error: could not convert &#39;sensor.MAX30100::begin((pulseWidth)3, (ledCurrent)14, (sampleRate)1)&#39; from &#39;void&#39; to &#39;bool&#39;
     if (!sensor.begin()) {
          ~~~~~~~~~~~~^~
/home/ec2-user/arduino-testlib/cli-datadir/user/libraries/MAX30100lib/examples/MAX30100_Tester/MAX30100_Tester.ino:34:23: error: in argument to unary !
     if (!sensor.begin()) {
                       ^
/home/ec2-user/arduino-testlib/cli-datadir/user/libraries/MAX30100lib/examples/MAX30100_Tester/MAX30100_Tester.ino:37:33: error: &#39;class MAX30100&#39; has no member named &#39;getPartId&#39;; did you mean &#39;getPartID&#39;?
         uint8_t partId = sensor.getPartId();
                                 ^~~~~~~~~
                                 getPartID
/home/ec2-user/arduino-testlib/cli-datadir/user/libraries/MAX30100lib/examples/MAX30100_Tester/MAX30100_Tester.ino:44:28: error: &#39;EXPECTED_PART_ID&#39; was not declared in this scope
             Serial.println(EXPECTED_PART_ID, HEX);
                            ^~~~~~~~~~~~~~~~
/home/ec2-user/arduino-testlib/cli-datadir/user/libraries/MAX30100lib/examples/MAX30100_Tester/MAX30100_Tester.ino:44:28: note: suggested alternative: &#39;DEVICE_PORT_IN&#39;
             Serial.println(EXPECTED_PART_ID, HEX);
                            ^~~~~~~~~~~~~~~~
                            DEVICE_PORT_IN
/home/ec2-user/arduino-testlib/cli-datadir/user/libraries/MAX30100lib/examples/MAX30100_Tester/MAX30100_Tester.ino:53:12: error: &#39;class MAX30100&#39; has no member named &#39;setMode&#39;
     sensor.setMode(MAX30100_MODE_SPO2_HR);
            ^~~~~~~
/home/ec2-user/arduino-testlib/cli-datadir/user/libraries/MAX30100lib/examples/MAX30100_Tester/MAX30100_Tester.ino:53:20: error: &#39;MAX30100_MODE_SPO2_HR&#39; was not declared in this scope
     sensor.setMode(MAX30100_MODE_SPO2_HR);
                    ^~~~~~~~~~~~~~~~~~~~~
/home/ec2-user/arduino-testlib/cli-datadir/user/libraries/MAX30100lib/examples/MAX30100_Tester/MAX30100_Tester.ino:53:20: note: suggested alternative: &#39;MAX30100_MODE_CONFIG&#39;
     sensor.setMode(MAX30100_MODE_SPO2_HR);
                    ^~~~~~~~~~~~~~~~~~~~~
                    MAX30100_MODE_CONFIG
/home/ec2-user/arduino-testlib/cli-datadir/user/libraries/MAX30100lib/examples/MAX30100_Tester/MAX30100_Tester.ino:57:12: error: &#39;class MAX30100&#39; has no member named &#39;setLedsCurrent&#39;
     sensor.setLedsCurrent(MAX30100_LED_CURR_50MA, MAX30100_LED_CURR_50MA);
            ^~~~~~~~~~~~~~
/home/ec2-user/arduino-testlib/cli-datadir/user/libraries/MAX30100lib/examples/MAX30100_Tester/MAX30100_Tester.ino:57:27: error: &#39;MAX30100_LED_CURR_50MA&#39; was not declared in this scope
     sensor.setLedsCurrent(MAX30100_LED_CURR_50MA, MAX30100_LED_CURR_50MA);
                           ^~~~~~~~~~~~~~~~~~~~~~
/home/ec2-user/arduino-testlib/cli-datadir/user/libraries/MAX30100lib/examples/MAX30100_Tester/MAX30100_Tester.ino:57:27: note: suggested alternative: &#39;MAX30100_LED_CONFIG&#39;
     sensor.setLedsCurrent(MAX30100_LED_CURR_50MA, MAX30100_LED_CURR_50MA);
                           ^~~~~~~~~~~~~~~~~~~~~~
                           MAX30100_LED_CONFIG
/home/ec2-user/arduino-testlib/cli-datadir/user/libraries/MAX30100lib/examples/MAX30100_Tester/MAX30100_Tester.ino:63:12: error: &#39;class MAX30100&#39; has no member named &#39;setLedsCurrent&#39;
     sensor.setLedsCurrent(MAX30100_LED_CURR_7_6MA, MAX30100_LED_CURR_7_6MA);
            ^~~~~~~~~~~~~~
/home/ec2-user/arduino-testlib/cli-datadir/user/libraries/MAX30100lib/examples/MAX30100_Tester/MAX30100_Tester.ino:63:27: error: &#39;MAX30100_LED_CURR_7_6MA&#39; was not declared in this scope
     sensor.setLedsCurrent(MAX30100_LED_CURR_7_6MA, MAX30100_LED_CURR_7_6MA);
                           ^~~~~~~~~~~~~~~~~~~~~~~
/home/ec2-user/arduino-testlib/cli-datadir/user/libraries/MAX30100lib/examples/MAX30100_Tester/MAX30100_Tester.ino:63:27: note: suggested alternative: &#39;MAX30100_LED_CONFIG&#39;
     sensor.setLedsCurrent(MAX30100_LED_CURR_7_6MA, MAX30100_LED_CURR_7_6MA);
                           ^~~~~~~~~~~~~~~~~~~~~~~
                           MAX30100_LED_CONFIG
/home/ec2-user/arduino-testlib/cli-datadir/user/libraries/MAX30100lib/examples/MAX30100_Tester/MAX30100_Tester.ino:75:12: error: &#39;class MAX30100&#39; has no member named &#39;resume&#39;; did you mean &#39;reset&#39;?
     sensor.resume();
            ^~~~~~
            reset
/home/ec2-user/arduino-testlib/cli-datadir/user/libraries/MAX30100lib/examples/MAX30100_Tester/MAX30100_Tester.ino:81:12: error: &#39;class MAX30100&#39; has no member named &#39;startTemperatureSampling&#39;
     sensor.startTemperatureSampling();
            ^~~~~~~~~~~~~~~~~~~~~~~~
/home/ec2-user/arduino-testlib/cli-datadir/user/libraries/MAX30100lib/examples/MAX30100_Tester/MAX30100_Tester.ino:82:19: error: &#39;class MAX30100&#39; has no member named &#39;isTemperatureReady&#39;
     while(!sensor.isTemperatureReady()) {
                   ^~~~~~~~~~~~~~~~~~
/home/ec2-user/arduino-testlib/cli-datadir/user/libraries/MAX30100lib/examples/MAX30100_Tester/MAX30100_Tester.ino:90:32: error: &#39;class MAX30100&#39; has no member named &#39;retrieveTemperature&#39;
     float temperature = sensor.retrieveTemperature();
                                ^~~~~~~~~~~~~~~~~~~
/home/ec2-user/arduino-testlib/cli-datadir/user/libraries/MAX30100lib/examples/MAX30100_Tester/MAX30100_Tester.ino:105:12: error: &#39;class MAX30100&#39; has no member named &#39;resetFifo&#39;; did you mean &#39;reset&#39;?
     sensor.resetFifo();
            ^~~~~~~~~
            reset
/home/ec2-user/arduino-testlib/cli-datadir/user/libraries/MAX30100lib/examples/MAX30100_Tester/MAX30100_Tester.ino: In function &#39;void loop()&#39;:
/home/ec2-user/arduino-testlib/cli-datadir/user/libraries/MAX30100lib/examples/MAX30100_Tester/MAX30100_Tester.ino:112:12: error: &#39;class MAX30100&#39; has no member named &#39;update&#39;
     sensor.update();
            ^~~~~~
/home/ec2-user/arduino-testlib/cli-datadir/user/libraries/MAX30100lib/examples/MAX30100_Tester/MAX30100_Tester.ino:114:19: error: &#39;class MAX30100&#39; has no member named &#39;getRawValues&#39;
     while (sensor.getRawValues(&amp;ir, &amp;red)) {
                   ^~~~~~~~~~~~
Multiple libraries were found for &#34;MAX30100.h&#34;
  Used: /home/ec2-user/arduino-testlib/cli-datadir/user/libraries/MAX30100
  Not used: /home/ec2-user/arduino-testlib/cli-datadir/user/libraries/MAX3010x_Sensor_Library
  Not used: /home/ec2-user/arduino-testlib/cli-datadir/user/libraries/MAX30100lib
  Not used: /home/ec2-user/arduino-testlib/cli-datadir/user/libraries/MAX30100_milan
</pre>
					
				
				<h3 id="arduino:megaavr:nona4809">arduino:megaavr:nona4809 @ 1.8.7</h3>
				<h4>Inclusion</h4>
				<p>
					Result: <b>PASS</b>
					
				</p>
				<pre class="pre-scrollable">Sketch uses 4640 bytes (9%) of program storage space. Maximum is 49152 bytes.
Global variables use 472 bytes (7%) of dynamic memory, leaving 5672 bytes for local variables. Maximum is 6144 bytes.
</pre>

					
					<h4>examples/MAX30100_Debug</h4>
					<p>
						Result: <b>PASS</b>
					</p>
					<pre class="pre-scrollable">Sketch uses 10581 bytes (21%) of program storage space. Maximum is 49152 bytes.
Global variables use 639 bytes (10%) of dynamic memory, leaving 5505 bytes for local variables. Maximum is 6144 bytes.
In file included from /home/ec2-user/arduino-testlib/cli-datadir/user/libraries/MAX30100_milan/src/MAX30100.cpp:19:0:
/home/ec2-user/arduino-testlib/cli-datadir/data/packages/arduino/hardware/megaavr/1.8.7/libraries/Wire/src/Wire.h: In member function &#39;void MAX30100::burstRead(uint8_t, uint8_t*, uint8_t)&#39;:
/home/ec2-user/arduino-testlib/cli-datadir/data/packages/arduino/hardware/megaavr/1.8.7/libraries/Wire/src/Wire.h:63:12: note: candidate 1: size_t TwoWire::requestFrom(int, int)
     size_t requestFrom(int, int);
            ^~~~~~~~~~~
/home/ec2-user/arduino-testlib/cli-datadir/data/packages/arduino/hardware/megaavr/1.8.7/libraries/Wire/src/Wire.h:61:12: note: candidate 2: virtual size_t TwoWire::requestFrom(uint8_t, size_t)
     size_t requestFrom(uint8_t, size_t);
            ^~~~~~~~~~~
</pre>
					
					<h4>examples/MAX30100_Minimal</h4>
					<p>
						Result: <b>PASS</b>
					</p>
					<pre class="pre-scrollable">Sketch uses 10591 bytes (21%) of program storage space. Maximum is 49152 bytes.
Global variables use 639 bytes (10%) of dynamic memory, leaving 5505 bytes for local variables. Maximum is 6144 bytes.
In file included from /home/ec2-user/arduino-testlib/cli-datadir/user/libraries/MAX30100_milan/src/MAX30100.cpp:19:0:
/home/ec2-user/arduino-testlib/cli-datadir/data/packages/arduino/hardware/megaavr/1.8.7/libraries/Wire/src/Wire.h: In member function &#39;void MAX30100::burstRead(uint8_t, uint8_t*, uint8_t)&#39;:
/home/ec2-user/arduino-testlib/cli-datadir/data/packages/arduino/hardware/megaavr/1.8.7/libraries/Wire/src/Wire.h:63:12: note: candidate 1: size_t TwoWire::requestFrom(int, int)
     size_t requestFrom(int, int);
            ^~~~~~~~~~~
/home/ec2-user/arduino-testlib/cli-datadir/data/packages/arduino/hardware/megaavr/1.8.7/libraries/Wire/src/Wire.h:61:12: note: candidate 2: virtual size_t TwoWire::requestFrom(uint8_t, size_t)
     size_t requestFrom(uint8_t, size_t);
            ^~~~~~~~~~~
</pre>
					
					<h4>examples/MAX30100_RawData</h4>
					<p>
						Result: <b>FAIL</b>
					</p>
					<pre class="pre-scrollable">/home/ec2-user/arduino-testlib/cli-datadir/user/libraries/MAX30100lib/examples/MAX30100_RawData/MAX30100_RawData.ino: In function &#39;void setup()&#39;:
/home/ec2-user/arduino-testlib/cli-datadir/user/libraries/MAX30100lib/examples/MAX30100_RawData/MAX30100_RawData.ino:54:22: error: could not convert &#39;sensor.MAX30100::begin((pulseWidth)3, (ledCurrent)14, (sampleRate)1)&#39; from &#39;void&#39; to &#39;bool&#39;
     if (!sensor.begin()) {
          ~~~~~~~~~~~~^~
/home/ec2-user/arduino-testlib/cli-datadir/user/libraries/MAX30100lib/examples/MAX30100_RawData/MAX30100_RawData.ino:54:23: error: in argument to unary !
     if (!sensor.begin()) {
                       ^
/home/ec2-user/arduino-testlib/cli-datadir/user/libraries/MAX30100lib/examples/MAX30100_RawData/MAX30100_RawData.ino:62:12: error: &#39;class MAX30100&#39; has no member named &#39;setMode&#39;
     sensor.setMode(MAX30100_MODE_SPO2_HR);
            ^~~~~~~
/home/ec2-user/arduino-testlib/cli-datadir/user/libraries/MAX30100lib/examples/MAX30100_RawData/MAX30100_RawData.ino:62:20: error: &#39;MAX30100_MODE_SPO2_HR&#39; was not declared in this scope
     sensor.setMode(MAX30100_MODE_SPO2_HR);
                    ^~~~~~~~~~~~~~~~~~~~~
/home/ec2-user/arduino-testlib/cli-datadir/user/libraries/MAX30100lib/examples/MAX30100_RawData/MAX30100_RawData.ino:62:20: note: suggested alternative: &#39;MAX30100_MODE_CONFIG&#39;
     sensor.setMode(MAX30100_MODE_SPO2_HR);
                    ^~~~~~~~~~~~~~~~~~~~~
                    MAX30100_MODE_CONFIG
/home/ec2-user/arduino-testlib/cli-datadir/user/libraries/MAX30100lib/examples/MAX30100_RawData/MAX30100_RawData.ino:63:12: error: &#39;class MAX30100&#39; has no member named &#39;setLedsCurrent&#39;
     sensor.setLedsCurrent(IR_LED_CURRENT, RED_LED_CURRENT);
            ^~~~~~~~~~~~~~
/home/ec2-user/arduino-testlib/cli-datadir/user/libraries/MAX30100lib/examples/MAX30100_RawData/MAX30100_RawData.ino:32:45: error: &#39;MAX30100_LED_CURR_50MA&#39; was not declared in this scope
 #define IR_LED_CURRENT                      MAX30100_LED_CURR_50MA
                                             ^
/home/ec2-user/arduino-testlib/cli-datadir/user/libraries/MAX30100lib/examples/MAX30100_RawData/MAX30100_RawData.ino:63:27: note: in expansion of macro &#39;IR_LED_CURRENT&#39;
     sensor.setLedsCurrent(IR_LED_CURRENT, RED_LED_CURRENT);
                           ^~~~~~~~~~~~~~
/home/ec2-user/arduino-testlib/cli-datadir/user/libraries/MAX30100lib/examples/MAX30100_RawData/MAX30100_RawData.ino:32:45: note: suggested alternative: &#39;MAX30100_LED_CONFIG&#39;
 #define IR_LED_CURRENT                      MAX30100_LED_CURR_50MA
                                             ^
/home/ec2-user/arduino-testlib/cli-datadir/user/libraries/MAX30100lib/examples/MAX30100_RawData/MAX30100_RawData.ino:63:27: note: in expansion of macro &#39;IR_LED_CURRENT&#39;
     sensor.setLedsCurrent(IR_LED_CURRENT, RED_LED_CURRENT);
                           ^~~~~~~~~~~~~~
/home/ec2-user/arduino-testlib/cli-datadir/user/libraries/MAX30100lib/examples/MAX30100_RawData/MAX30100_RawData.ino:33:45: error: &#39;MAX30100_LED_CURR_27_1MA&#39; was not declared in this scope
 #define RED_LED_CURRENT                     MAX30100_LED_CURR_27_1MA
                                             ^
/home/ec2-user/arduino-testlib/cli-datadir/user/libraries/MAX30100lib/examples/MAX30100_RawData/MAX30100_RawData.ino:63:43: note: in expansion of macro &#39;RED_LED_CURRENT&#39;
     sensor.setLedsCurrent(IR_LED_CURRENT, RED_LED_CURRENT);
                                           ^~~~~~~~~~~~~~~
/home/ec2-user/arduino-testlib/cli-datadir/user/libraries/MAX30100lib/examples/MAX30100_RawData/MAX30100_RawData.ino:33:45: note: suggested alternative: &#39;MAX30100_LED_CONFIG&#39;
 #define RED_LED_CURRENT                     MAX30100_LED_CURR_27_1MA
                                             ^
/home/ec2-user/arduino-testlib/cli-datadir/user/libraries/MAX30100lib/examples/MAX30100_RawData/MAX30100_RawData.ino:63:43: note: in expansion of macro &#39;RED_LED_CURRENT&#39;
     sensor.setLedsCurrent(IR_LED_CURRENT, RED_LED_CURRENT);
                                           ^~~~~~~~~~~~~~~
/home/ec2-user/arduino-testlib/cli-datadir/user/libraries/MAX30100lib/examples/MAX30100_RawData/MAX30100_RawData.ino:64:12: error: &#39;class MAX30100&#39; has no member named &#39;setLedsPulseWidth&#39;
     sensor.setLedsPulseWidth(PULSE_WIDTH);
            ^~~~~~~~~~~~~~~~~
/home/ec2-user/arduino-testlib/cli-datadir/user/libraries/MAX30100lib/examples/MAX30100_RawData/MAX30100_RawData.ino:38:45: error: &#39;MAX30100_SPC_PW_1600US_16BITS&#39; was not declared in this scope
 #define PULSE_WIDTH                         MAX30100_SPC_PW_1600US_16BITS
                                             ^
/home/ec2-user/arduino-testlib/cli-datadir/user/libraries/MAX30100lib/examples/MAX30100_RawData/MAX30100_RawData.ino:64:30: note: in expansion of macro &#39;PULSE_WIDTH&#39;
     sensor.setLedsPulseWidth(PULSE_WIDTH);
                              ^~~~~~~~~~~
/home/ec2-user/arduino-testlib/cli-datadir/user/libraries/MAX30100lib/examples/MAX30100_RawData/MAX30100_RawData.ino:65:12: error: &#39;class MAX30100&#39; has no member named &#39;setSamplingRate&#39;
     sensor.setSamplingRate(SAMPLING_RATE);
            ^~~~~~~~~~~~~~~
/home/ec2-user/arduino-testlib/cli-datadir/user/libraries/MAX30100lib/examples/MAX30100_RawData/MAX30100_RawData.ino:28:45: error: &#39;MAX30100_SAMPRATE_100HZ&#39; was not declared in this scope
 #define SAMPLING_RATE                       MAX30100_SAMPRATE_100HZ
                                             ^
/home/ec2-user/arduino-testlib/cli-datadir/user/libraries/MAX30100lib/examples/MAX30100_RawData/MAX30100_RawData.ino:65:28: note: in expansion of macro &#39;SAMPLING_RATE&#39;
     sensor.setSamplingRate(SAMPLING_RATE);
                            ^~~~~~~~~~~~~
/home/ec2-user/arduino-testlib/cli-datadir/user/libraries/MAX30100lib/examples/MAX30100_RawData/MAX30100_RawData.ino:28:45: note: suggested alternative: &#39;MAX30100_PART_ID&#39;
 #define SAMPLING_RATE                       MAX30100_SAMPRATE_100HZ
                                             ^
/home/ec2-user/arduino-testlib/cli-datadir/user/libraries/MAX30100lib/examples/MAX30100_RawData/MAX30100_RawData.ino:65:28: note: in expansion of macro &#39;SAMPLING_RATE&#39;
     sensor.setSamplingRate(SAMPLING_RATE);
                            ^~~~~~~~~~~~~
/home/ec2-user/arduino-testlib/cli-datadir/user/libraries/MAX30100lib/examples/MAX30100_RawData/MAX30100_RawData.ino:66:12: error: &#39;class MAX30100&#39; has no member named &#39;setHighresModeEnabled&#39;
     sensor.setHighresModeEnabled(HIGHRES_MODE);
            ^~~~~~~~~~~~~~~~~~~~~
/home/ec2-user/arduino-testlib/cli-datadir/user/libraries/MAX30100lib/examples/MAX30100_RawData/MAX30100_RawData.ino: In function &#39;void loop()&#39;:
/home/ec2-user/arduino-testlib/cli-datadir/user/libraries/MAX30100lib/examples/MAX30100_RawData/MAX30100_RawData.ino:73:12: error: &#39;class MAX30100&#39; has no member named &#39;update&#39;
     sensor.update();
            ^~~~~~
/home/ec2-user/arduino-testlib/cli-datadir/user/libraries/MAX30100lib/examples/MAX30100_RawData/MAX30100_RawData.ino:75:19: error: &#39;class MAX30100&#39; has no member named &#39;getRawValues&#39;
     while (sensor.getRawValues(&amp;ir, &amp;red)) {
                   ^~~~~~~~~~~~
Multiple libraries were found for &#34;MAX30100.h&#34;
  Used: /home/ec2-user/arduino-testlib/cli-datadir/user/libraries/MAX30100
  Not used: /home/ec2-user/arduino-testlib/cli-datadir/user/libraries/MAX30100_milan
  Not used: /home/ec2-user/arduino-testlib/cli-datadir/user/libraries/MAX3010x_Sensor_Library
  Not used: /home/ec2-user/arduino-testlib/cli-datadir/user/libraries/MAX30100lib
</pre>
					
					<h4>examples/MAX30100_Tester</h4>
					<p>
						Result: <b>FAIL</b>
					</p>
					<pre class="pre-scrollable">/home/ec2-user/arduino-testlib/cli-datadir/user/libraries/MAX30100lib/examples/MAX30100_Tester/MAX30100_Tester.ino: In function &#39;void setup()&#39;:
/home/ec2-user/arduino-testlib/cli-datadir/user/libraries/MAX30100lib/examples/MAX30100_Tester/MAX30100_Tester.ino:34:22: error: could not convert &#39;sensor.MAX30100::begin((pulseWidth)3, (ledCurrent)14, (sampleRate)1)&#39; from &#39;void&#39; to &#39;bool&#39;
     if (!sensor.begin()) {
          ~~~~~~~~~~~~^~
/home/ec2-user/arduino-testlib/cli-datadir/user/libraries/MAX30100lib/examples/MAX30100_Tester/MAX30100_Tester.ino:34:23: error: in argument to unary !
     if (!sensor.begin()) {
                       ^
/home/ec2-user/arduino-testlib/cli-datadir/user/libraries/MAX30100lib/examples/MAX30100_Tester/MAX30100_Tester.ino:37:33: error: &#39;class MAX30100&#39; has no member named &#39;getPartId&#39;; did you mean &#39;getPartID&#39;?
         uint8_t partId = sensor.getPartId();
                                 ^~~~~~~~~
                                 getPartID
/home/ec2-user/arduino-testlib/cli-datadir/user/libraries/MAX30100lib/examples/MAX30100_Tester/MAX30100_Tester.ino:44:28: error: &#39;EXPECTED_PART_ID&#39; was not declared in this scope
             Serial.println(EXPECTED_PART_ID, HEX);
                            ^~~~~~~~~~~~~~~~
/home/ec2-user/arduino-testlib/cli-datadir/user/libraries/MAX30100lib/examples/MAX30100_Tester/MAX30100_Tester.ino:44:28: note: suggested alternative: &#39;MAX30100_PART_ID&#39;
             Serial.println(EXPECTED_PART_ID, HEX);
                            ^~~~~~~~~~~~~~~~
                            MAX30100_PART_ID
/home/ec2-user/arduino-testlib/cli-datadir/user/libraries/MAX30100lib/examples/MAX30100_Tester/MAX30100_Tester.ino:53:12: error: &#39;class MAX30100&#39; has no member named &#39;setMode&#39;
     sensor.setMode(MAX30100_MODE_SPO2_HR);
            ^~~~~~~
/home/ec2-user/arduino-testlib/cli-datadir/user/libraries/MAX30100lib/examples/MAX30100_Tester/MAX30100_Tester.ino:53:20: error: &#39;MAX30100_MODE_SPO2_HR&#39; was not declared in this scope
     sensor.setMode(MAX30100_MODE_SPO2_HR);
                    ^~~~~~~~~~~~~~~~~~~~~
/home/ec2-user/arduino-testlib/cli-datadir/user/libraries/MAX30100lib/examples/MAX30100_Tester/MAX30100_Tester.ino:53:20: note: suggested alternative: &#39;MAX30100_MODE_CONFIG&#39;
     sensor.setMode(MAX30100_MODE_SPO2_HR);
                    ^~~~~~~~~~~~~~~~~~~~~
                    MAX30100_MODE_CONFIG
/home/ec2-user/arduino-testlib/cli-datadir/user/libraries/MAX30100lib/examples/MAX30100_Tester/MAX30100_Tester.ino:57:12: error: &#39;class MAX30100&#39; has no member named &#39;setLedsCurrent&#39;
     sensor.setLedsCurrent(MAX30100_LED_CURR_50MA, MAX30100_LED_CURR_50MA);
            ^~~~~~~~~~~~~~
/home/ec2-user/arduino-testlib/cli-datadir/user/libraries/MAX30100lib/examples/MAX30100_Tester/MAX30100_Tester.ino:57:27: error: &#39;MAX30100_LED_CURR_50MA&#39; was not declared in this scope
     sensor.setLedsCurrent(MAX30100_LED_CURR_50MA, MAX30100_LED_CURR_50MA);
                           ^~~~~~~~~~~~~~~~~~~~~~
/home/ec2-user/arduino-testlib/cli-datadir/user/libraries/MAX30100lib/examples/MAX30100_Tester/MAX30100_Tester.ino:57:27: note: suggested alternative: &#39;MAX30100_LED_CONFIG&#39;
     sensor.setLedsCurrent(MAX30100_LED_CURR_50MA, MAX30100_LED_CURR_50MA);
                           ^~~~~~~~~~~~~~~~~~~~~~
                           MAX30100_LED_CONFIG
/home/ec2-user/arduino-testlib/cli-datadir/user/libraries/MAX30100lib/examples/MAX30100_Tester/MAX30100_Tester.ino:63:12: error: &#39;class MAX30100&#39; has no member named &#39;setLedsCurrent&#39;
     sensor.setLedsCurrent(MAX30100_LED_CURR_7_6MA, MAX30100_LED_CURR_7_6MA);
            ^~~~~~~~~~~~~~
/home/ec2-user/arduino-testlib/cli-datadir/user/libraries/MAX30100lib/examples/MAX30100_Tester/MAX30100_Tester.ino:63:27: error: &#39;MAX30100_LED_CURR_7_6MA&#39; was not declared in this scope
     sensor.setLedsCurrent(MAX30100_LED_CURR_7_6MA, MAX30100_LED_CURR_7_6MA);
                           ^~~~~~~~~~~~~~~~~~~~~~~
/home/ec2-user/arduino-testlib/cli-datadir/user/libraries/MAX30100lib/examples/MAX30100_Tester/MAX30100_Tester.ino:63:27: note: suggested alternative: &#39;MAX30100_LED_CONFIG&#39;
     sensor.setLedsCurrent(MAX30100_LED_CURR_7_6MA, MAX30100_LED_CURR_7_6MA);
                           ^~~~~~~~~~~~~~~~~~~~~~~
                           MAX30100_LED_CONFIG
/home/ec2-user/arduino-testlib/cli-datadir/user/libraries/MAX30100lib/examples/MAX30100_Tester/MAX30100_Tester.ino:75:12: error: &#39;class MAX30100&#39; has no member named &#39;resume&#39;; did you mean &#39;reset&#39;?
     sensor.resume();
            ^~~~~~
            reset
/home/ec2-user/arduino-testlib/cli-datadir/user/libraries/MAX30100lib/examples/MAX30100_Tester/MAX30100_Tester.ino:81:12: error: &#39;class MAX30100&#39; has no member named &#39;startTemperatureSampling&#39;
     sensor.startTemperatureSampling();
            ^~~~~~~~~~~~~~~~~~~~~~~~
/home/ec2-user/arduino-testlib/cli-datadir/user/libraries/MAX30100lib/examples/MAX30100_Tester/MAX30100_Tester.ino:82:19: error: &#39;class MAX30100&#39; has no member named &#39;isTemperatureReady&#39;
     while(!sensor.isTemperatureReady()) {
                   ^~~~~~~~~~~~~~~~~~
/home/ec2-user/arduino-testlib/cli-datadir/user/libraries/MAX30100lib/examples/MAX30100_Tester/MAX30100_Tester.ino:90:32: error: &#39;class MAX30100&#39; has no member named &#39;retrieveTemperature&#39;
     float temperature = sensor.retrieveTemperature();
                                ^~~~~~~~~~~~~~~~~~~
/home/ec2-user/arduino-testlib/cli-datadir/user/libraries/MAX30100lib/examples/MAX30100_Tester/MAX30100_Tester.ino:105:12: error: &#39;class MAX30100&#39; has no member named &#39;resetFifo&#39;; did you mean &#39;reset&#39;?
     sensor.resetFifo();
            ^~~~~~~~~
            reset
/home/ec2-user/arduino-testlib/cli-datadir/user/libraries/MAX30100lib/examples/MAX30100_Tester/MAX30100_Tester.ino: In function &#39;void loop()&#39;:
/home/ec2-user/arduino-testlib/cli-datadir/user/libraries/MAX30100lib/examples/MAX30100_Tester/MAX30100_Tester.ino:112:12: error: &#39;class MAX30100&#39; has no member named &#39;update&#39;
     sensor.update();
            ^~~~~~
/home/ec2-user/arduino-testlib/cli-datadir/user/libraries/MAX30100lib/examples/MAX30100_Tester/MAX30100_Tester.ino:114:19: error: &#39;class MAX30100&#39; has no member named &#39;getRawValues&#39;
     while (sensor.getRawValues(&amp;ir, &amp;red)) {
                   ^~~~~~~~~~~~
Multiple libraries were found for &#34;MAX30100.h&#34;
  Used: /home/ec2-user/arduino-testlib/cli-datadir/user/libraries/MAX30100
  Not used: /home/ec2-user/arduino-testlib/cli-datadir/user/libraries/MAX3010x_Sensor_Library
  Not used: /home/ec2-user/arduino-testlib/cli-datadir/user/libraries/MAX30100_milan
  Not used: /home/ec2-user/arduino-testlib/cli-datadir/user/libraries/MAX30100lib
</pre>
					
				
				<h3 id="arduino:samd:mkrwifi1010">arduino:samd:mkrwifi1010 @ 1.8.12</h3>
				<h4>Inclusion</h4>
				<p>
					Result: <b>PASS</b>
					
					<br />This library has no main header file so an empty one was created.
					
				</p>
				<pre class="pre-scrollable">Sketch uses 13584 bytes (5%) of program storage space. Maximum is 262144 bytes.
Global variables use 3568 bytes (10%) of dynamic memory, leaving 29200 bytes for local variables. Maximum is 32768 bytes.
</pre>

					
					<h4>examples/MAX30100_Debug</h4>
					<p>
						Result: <b>PASS</b>
					</p>
					<pre class="pre-scrollable">Sketch uses 29404 bytes (11%) of program storage space. Maximum is 262144 bytes.
Global variables use 3756 bytes (11%) of dynamic memory, leaving 29012 bytes for local variables. Maximum is 32768 bytes.
</pre>
					
					<h4>examples/MAX30100_Minimal</h4>
					<p>
						Result: <b>PASS</b>
					</p>
					<pre class="pre-scrollable">Sketch uses 29468 bytes (11%) of program storage space. Maximum is 262144 bytes.
Global variables use 3756 bytes (11%) of dynamic memory, leaving 29012 bytes for local variables. Maximum is 32768 bytes.
</pre>
					
					<h4>examples/MAX30100_RawData</h4>
					<p>
						Result: <b>FAIL</b>
					</p>
					<pre class="pre-scrollable">/Users/alranel/Documents/git/arduino/arduino-testlib/cli-datadir/user/libraries/MAX30100lib/examples/MAX30100_RawData/MAX30100_RawData.ino: In function &#39;void setup()&#39;:
/Users/alranel/Documents/git/arduino/arduino-testlib/cli-datadir/user/libraries/MAX30100lib/examples/MAX30100_RawData/MAX30100_RawData.ino:54:22: error: could not convert &#39;sensor.MAX30100::begin((pulseWidth)3, (ledCurrent)14, (sampleRate)1)&#39; from &#39;void&#39; to &#39;bool&#39;
     if (!sensor.begin()) {
          ~~~~~~~~~~~~^~
/Users/alranel/Documents/git/arduino/arduino-testlib/cli-datadir/user/libraries/MAX30100lib/examples/MAX30100_RawData/MAX30100_RawData.ino:54:23: error: in argument to unary !
     if (!sensor.begin()) {
                       ^
/Users/alranel/Documents/git/arduino/arduino-testlib/cli-datadir/user/libraries/MAX30100lib/examples/MAX30100_RawData/MAX30100_RawData.ino:62:12: error: &#39;class MAX30100&#39; has no member named &#39;setMode&#39;
     sensor.setMode(MAX30100_MODE_SPO2_HR);
            ^~~~~~~
/Users/alranel/Documents/git/arduino/arduino-testlib/cli-datadir/user/libraries/MAX30100lib/examples/MAX30100_RawData/MAX30100_RawData.ino:62:20: error: &#39;MAX30100_MODE_SPO2_HR&#39; was not declared in this scope
     sensor.setMode(MAX30100_MODE_SPO2_HR);
                    ^~~~~~~~~~~~~~~~~~~~~
/Users/alranel/Documents/git/arduino/arduino-testlib/cli-datadir/user/libraries/MAX30100lib/examples/MAX30100_RawData/MAX30100_RawData.ino:62:20: note: suggested alternative: &#39;MAX30100_MODE_CONFIG&#39;
     sensor.setMode(MAX30100_MODE_SPO2_HR);
                    ^~~~~~~~~~~~~~~~~~~~~
                    MAX30100_MODE_CONFIG
/Users/alranel/Documents/git/arduino/arduino-testlib/cli-datadir/user/libraries/MAX30100lib/examples/MAX30100_RawData/MAX30100_RawData.ino:63:12: error: &#39;class MAX30100&#39; has no member named &#39;setLedsCurrent&#39;
     sensor.setLedsCurrent(IR_LED_CURRENT, RED_LED_CURRENT);
            ^~~~~~~~~~~~~~
/Users/alranel/Documents/git/arduino/arduino-testlib/cli-datadir/user/libraries/MAX30100lib/examples/MAX30100_RawData/MAX30100_RawData.ino:32:45: error: &#39;MAX30100_LED_CURR_50MA&#39; was not declared in this scope
 #define IR_LED_CURRENT                      MAX30100_LED_CURR_50MA
                                             ^
/Users/alranel/Documents/git/arduino/arduino-testlib/cli-datadir/user/libraries/MAX30100lib/examples/MAX30100_RawData/MAX30100_RawData.ino:63:27: note: in expansion of macro &#39;IR_LED_CURRENT&#39;
     sensor.setLedsCurrent(IR_LED_CURRENT, RED_LED_CURRENT);
                           ^~~~~~~~~~~~~~
/Users/alranel/Documents/git/arduino/arduino-testlib/cli-datadir/user/libraries/MAX30100lib/examples/MAX30100_RawData/MAX30100_RawData.ino:32:45: note: suggested alternative: &#39;MAX30100_LED_CONFIG&#39;
 #define IR_LED_CURRENT                      MAX30100_LED_CURR_50MA
                                             ^
/Users/alranel/Documents/git/arduino/arduino-testlib/cli-datadir/user/libraries/MAX30100lib/examples/MAX30100_RawData/MAX30100_RawData.ino:63:27: note: in expansion of macro &#39;IR_LED_CURRENT&#39;
     sensor.setLedsCurrent(IR_LED_CURRENT, RED_LED_CURRENT);
                           ^~~~~~~~~~~~~~
/Users/alranel/Documents/git/arduino/arduino-testlib/cli-datadir/user/libraries/MAX30100lib/examples/MAX30100_RawData/MAX30100_RawData.ino:33:45: error: &#39;MAX30100_LED_CURR_27_1MA&#39; was not declared in this scope
 #define RED_LED_CURRENT                     MAX30100_LED_CURR_27_1MA
                                             ^
/Users/alranel/Documents/git/arduino/arduino-testlib/cli-datadir/user/libraries/MAX30100lib/examples/MAX30100_RawData/MAX30100_RawData.ino:63:43: note: in expansion of macro &#39;RED_LED_CURRENT&#39;
     sensor.setLedsCurrent(IR_LED_CURRENT, RED_LED_CURRENT);
                                           ^~~~~~~~~~~~~~~
/Users/alranel/Documents/git/arduino/arduino-testlib/cli-datadir/user/libraries/MAX30100lib/examples/MAX30100_RawData/MAX30100_RawData.ino:33:45: note: suggested alternative: &#39;MAX30100_LED_CONFIG&#39;
 #define RED_LED_CURRENT                     MAX30100_LED_CURR_27_1MA
                                             ^
/Users/alranel/Documents/git/arduino/arduino-testlib/cli-datadir/user/libraries/MAX30100lib/examples/MAX30100_RawData/MAX30100_RawData.ino:63:43: note: in expansion of macro &#39;RED_LED_CURRENT&#39;
     sensor.setLedsCurrent(IR_LED_CURRENT, RED_LED_CURRENT);
                                           ^~~~~~~~~~~~~~~
/Users/alranel/Documents/git/arduino/arduino-testlib/cli-datadir/user/libraries/MAX30100lib/examples/MAX30100_RawData/MAX30100_RawData.ino:64:12: error: &#39;class MAX30100&#39; has no member named &#39;setLedsPulseWidth&#39;
     sensor.setLedsPulseWidth(PULSE_WIDTH);
            ^~~~~~~~~~~~~~~~~
/Users/alranel/Documents/git/arduino/arduino-testlib/cli-datadir/user/libraries/MAX30100lib/examples/MAX30100_RawData/MAX30100_RawData.ino:38:45: error: &#39;MAX30100_SPC_PW_1600US_16BITS&#39; was not declared in this scope
 #define PULSE_WIDTH                         MAX30100_SPC_PW_1600US_16BITS
                                             ^
/Users/alranel/Documents/git/arduino/arduino-testlib/cli-datadir/user/libraries/MAX30100lib/examples/MAX30100_RawData/MAX30100_RawData.ino:64:30: note: in expansion of macro &#39;PULSE_WIDTH&#39;
     sensor.setLedsPulseWidth(PULSE_WIDTH);
                              ^~~~~~~~~~~
/Users/alranel/Documents/git/arduino/arduino-testlib/cli-datadir/user/libraries/MAX30100lib/examples/MAX30100_RawData/MAX30100_RawData.ino:65:12: error: &#39;class MAX30100&#39; has no member named &#39;setSamplingRate&#39;
     sensor.setSamplingRate(SAMPLING_RATE);
            ^~~~~~~~~~~~~~~
/Users/alranel/Documents/git/arduino/arduino-testlib/cli-datadir/user/libraries/MAX30100lib/examples/MAX30100_RawData/MAX30100_RawData.ino:28:45: error: &#39;MAX30100_SAMPRATE_100HZ&#39; was not declared in this scope
 #define SAMPLING_RATE                       MAX30100_SAMPRATE_100HZ
                                             ^
/Users/alranel/Documents/git/arduino/arduino-testlib/cli-datadir/user/libraries/MAX30100lib/examples/MAX30100_RawData/MAX30100_RawData.ino:65:28: note: in expansion of macro &#39;SAMPLING_RATE&#39;
     sensor.setSamplingRate(SAMPLING_RATE);
                            ^~~~~~~~~~~~~
/Users/alranel/Documents/git/arduino/arduino-testlib/cli-datadir/user/libraries/MAX30100lib/examples/MAX30100_RawData/MAX30100_RawData.ino:28:45: note: suggested alternative: &#39;MAX30100_PART_ID&#39;
 #define SAMPLING_RATE                       MAX30100_SAMPRATE_100HZ
                                             ^
/Users/alranel/Documents/git/arduino/arduino-testlib/cli-datadir/user/libraries/MAX30100lib/examples/MAX30100_RawData/MAX30100_RawData.ino:65:28: note: in expansion of macro &#39;SAMPLING_RATE&#39;
     sensor.setSamplingRate(SAMPLING_RATE);
                            ^~~~~~~~~~~~~
/Users/alranel/Documents/git/arduino/arduino-testlib/cli-datadir/user/libraries/MAX30100lib/examples/MAX30100_RawData/MAX30100_RawData.ino:66:12: error: &#39;class MAX30100&#39; has no member named &#39;setHighresModeEnabled&#39;
     sensor.setHighresModeEnabled(HIGHRES_MODE);
            ^~~~~~~~~~~~~~~~~~~~~
/Users/alranel/Documents/git/arduino/arduino-testlib/cli-datadir/user/libraries/MAX30100lib/examples/MAX30100_RawData/MAX30100_RawData.ino: In function &#39;void loop()&#39;:
/Users/alranel/Documents/git/arduino/arduino-testlib/cli-datadir/user/libraries/MAX30100lib/examples/MAX30100_RawData/MAX30100_RawData.ino:73:12: error: &#39;class MAX30100&#39; has no member named &#39;update&#39;
     sensor.update();
            ^~~~~~
/Users/alranel/Documents/git/arduino/arduino-testlib/cli-datadir/user/libraries/MAX30100lib/examples/MAX30100_RawData/MAX30100_RawData.ino:75:19: error: &#39;class MAX30100&#39; has no member named &#39;getRawValues&#39;
     while (sensor.getRawValues(&amp;ir, &amp;red)) {
                   ^~~~~~~~~~~~
Multiple libraries were found for &#34;MAX30100.h&#34;
  Used: /Users/alranel/Documents/git/arduino/arduino-testlib/cli-datadir/user/libraries/MAX30100
  Not used: /Users/alranel/Documents/git/arduino/arduino-testlib/cli-datadir/user/libraries/MAX30100_milan
  Not used: /Users/alranel/Documents/git/arduino/arduino-testlib/cli-datadir/user/libraries/MAX30100lib
  Not used: /Users/alranel/Documents/git/arduino/arduino-testlib/cli-datadir/user/libraries/MAX3010x_Sensor_Library
</pre>
					
					<h4>examples/MAX30100_Tester</h4>
					<p>
						Result: <b>FAIL</b>
					</p>
					<pre class="pre-scrollable">/Users/alranel/Documents/git/arduino/arduino-testlib/cli-datadir/user/libraries/MAX30100lib/examples/MAX30100_Tester/MAX30100_Tester.ino: In function &#39;void setup()&#39;:
/Users/alranel/Documents/git/arduino/arduino-testlib/cli-datadir/user/libraries/MAX30100lib/examples/MAX30100_Tester/MAX30100_Tester.ino:34:22: error: could not convert &#39;sensor.MAX30100::begin((pulseWidth)3, (ledCurrent)14, (sampleRate)1)&#39; from &#39;void&#39; to &#39;bool&#39;
     if (!sensor.begin()) {
          ~~~~~~~~~~~~^~
/Users/alranel/Documents/git/arduino/arduino-testlib/cli-datadir/user/libraries/MAX30100lib/examples/MAX30100_Tester/MAX30100_Tester.ino:34:23: error: in argument to unary !
     if (!sensor.begin()) {
                       ^
/Users/alranel/Documents/git/arduino/arduino-testlib/cli-datadir/user/libraries/MAX30100lib/examples/MAX30100_Tester/MAX30100_Tester.ino:37:33: error: &#39;class MAX30100&#39; has no member named &#39;getPartId&#39;; did you mean &#39;getPartID&#39;?
         uint8_t partId = sensor.getPartId();
                                 ^~~~~~~~~
                                 getPartID
/Users/alranel/Documents/git/arduino/arduino-testlib/cli-datadir/user/libraries/MAX30100lib/examples/MAX30100_Tester/MAX30100_Tester.ino:44:28: error: &#39;EXPECTED_PART_ID&#39; was not declared in this scope
             Serial.println(EXPECTED_PART_ID, HEX);
                            ^~~~~~~~~~~~~~~~
/Users/alranel/Documents/git/arduino/arduino-testlib/cli-datadir/user/libraries/MAX30100lib/examples/MAX30100_Tester/MAX30100_Tester.ino:44:28: note: suggested alternative: &#39;MAX30100_PART_ID&#39;
             Serial.println(EXPECTED_PART_ID, HEX);
                            ^~~~~~~~~~~~~~~~
                            MAX30100_PART_ID
/Users/alranel/Documents/git/arduino/arduino-testlib/cli-datadir/user/libraries/MAX30100lib/examples/MAX30100_Tester/MAX30100_Tester.ino:53:12: error: &#39;class MAX30100&#39; has no member named &#39;setMode&#39;
     sensor.setMode(MAX30100_MODE_SPO2_HR);
            ^~~~~~~
/Users/alranel/Documents/git/arduino/arduino-testlib/cli-datadir/user/libraries/MAX30100lib/examples/MAX30100_Tester/MAX30100_Tester.ino:53:20: error: &#39;MAX30100_MODE_SPO2_HR&#39; was not declared in this scope
     sensor.setMode(MAX30100_MODE_SPO2_HR);
                    ^~~~~~~~~~~~~~~~~~~~~
/Users/alranel/Documents/git/arduino/arduino-testlib/cli-datadir/user/libraries/MAX30100lib/examples/MAX30100_Tester/MAX30100_Tester.ino:53:20: note: suggested alternative: &#39;MAX30100_MODE_CONFIG&#39;
     sensor.setMode(MAX30100_MODE_SPO2_HR);
                    ^~~~~~~~~~~~~~~~~~~~~
                    MAX30100_MODE_CONFIG
/Users/alranel/Documents/git/arduino/arduino-testlib/cli-datadir/user/libraries/MAX30100lib/examples/MAX30100_Tester/MAX30100_Tester.ino:57:12: error: &#39;class MAX30100&#39; has no member named &#39;setLedsCurrent&#39;
     sensor.setLedsCurrent(MAX30100_LED_CURR_50MA, MAX30100_LED_CURR_50MA);
            ^~~~~~~~~~~~~~
/Users/alranel/Documents/git/arduino/arduino-testlib/cli-datadir/user/libraries/MAX30100lib/examples/MAX30100_Tester/MAX30100_Tester.ino:57:27: error: &#39;MAX30100_LED_CURR_50MA&#39; was not declared in this scope
     sensor.setLedsCurrent(MAX30100_LED_CURR_50MA, MAX30100_LED_CURR_50MA);
                           ^~~~~~~~~~~~~~~~~~~~~~
/Users/alranel/Documents/git/arduino/arduino-testlib/cli-datadir/user/libraries/MAX30100lib/examples/MAX30100_Tester/MAX30100_Tester.ino:57:27: note: suggested alternative: &#39;MAX30100_LED_CONFIG&#39;
     sensor.setLedsCurrent(MAX30100_LED_CURR_50MA, MAX30100_LED_CURR_50MA);
                           ^~~~~~~~~~~~~~~~~~~~~~
                           MAX30100_LED_CONFIG
/Users/alranel/Documents/git/arduino/arduino-testlib/cli-datadir/user/libraries/MAX30100lib/examples/MAX30100_Tester/MAX30100_Tester.ino:63:12: error: &#39;class MAX30100&#39; has no member named &#39;setLedsCurrent&#39;
     sensor.setLedsCurrent(MAX30100_LED_CURR_7_6MA, MAX30100_LED_CURR_7_6MA);
            ^~~~~~~~~~~~~~
/Users/alranel/Documents/git/arduino/arduino-testlib/cli-datadir/user/libraries/MAX30100lib/examples/MAX30100_Tester/MAX30100_Tester.ino:63:27: error: &#39;MAX30100_LED_CURR_7_6MA&#39; was not declared in this scope
     sensor.setLedsCurrent(MAX30100_LED_CURR_7_6MA, MAX30100_LED_CURR_7_6MA);
                           ^~~~~~~~~~~~~~~~~~~~~~~
/Users/alranel/Documents/git/arduino/arduino-testlib/cli-datadir/user/libraries/MAX30100lib/examples/MAX30100_Tester/MAX30100_Tester.ino:63:27: note: suggested alternative: &#39;MAX30100_LED_CONFIG&#39;
     sensor.setLedsCurrent(MAX30100_LED_CURR_7_6MA, MAX30100_LED_CURR_7_6MA);
                           ^~~~~~~~~~~~~~~~~~~~~~~
                           MAX30100_LED_CONFIG
/Users/alranel/Documents/git/arduino/arduino-testlib/cli-datadir/user/libraries/MAX30100lib/examples/MAX30100_Tester/MAX30100_Tester.ino:75:12: error: &#39;class MAX30100&#39; has no member named &#39;resume&#39;; did you mean &#39;reset&#39;?
     sensor.resume();
            ^~~~~~
            reset
/Users/alranel/Documents/git/arduino/arduino-testlib/cli-datadir/user/libraries/MAX30100lib/examples/MAX30100_Tester/MAX30100_Tester.ino:81:12: error: &#39;class MAX30100&#39; has no member named &#39;startTemperatureSampling&#39;
     sensor.startTemperatureSampling();
            ^~~~~~~~~~~~~~~~~~~~~~~~
/Users/alranel/Documents/git/arduino/arduino-testlib/cli-datadir/user/libraries/MAX30100lib/examples/MAX30100_Tester/MAX30100_Tester.ino:82:19: error: &#39;class MAX30100&#39; has no member named &#39;isTemperatureReady&#39;
     while(!sensor.isTemperatureReady()) {
                   ^~~~~~~~~~~~~~~~~~
/Users/alranel/Documents/git/arduino/arduino-testlib/cli-datadir/user/libraries/MAX30100lib/examples/MAX30100_Tester/MAX30100_Tester.ino:90:32: error: &#39;class MAX30100&#39; has no member named &#39;retrieveTemperature&#39;
     float temperature = sensor.retrieveTemperature();
                                ^~~~~~~~~~~~~~~~~~~
/Users/alranel/Documents/git/arduino/arduino-testlib/cli-datadir/user/libraries/MAX30100lib/examples/MAX30100_Tester/MAX30100_Tester.ino:105:12: error: &#39;class MAX30100&#39; has no member named &#39;resetFifo&#39;; did you mean &#39;reset&#39;?
     sensor.resetFifo();
            ^~~~~~~~~
            reset
/Users/alranel/Documents/git/arduino/arduino-testlib/cli-datadir/user/libraries/MAX30100lib/examples/MAX30100_Tester/MAX30100_Tester.ino: In function &#39;void loop()&#39;:
/Users/alranel/Documents/git/arduino/arduino-testlib/cli-datadir/user/libraries/MAX30100lib/examples/MAX30100_Tester/MAX30100_Tester.ino:112:12: error: &#39;class MAX30100&#39; has no member named &#39;update&#39;
     sensor.update();
            ^~~~~~
/Users/alranel/Documents/git/arduino/arduino-testlib/cli-datadir/user/libraries/MAX30100lib/examples/MAX30100_Tester/MAX30100_Tester.ino:114:19: error: &#39;class MAX30100&#39; has no member named &#39;getRawValues&#39;
     while (sensor.getRawValues(&amp;ir, &amp;red)) {
                   ^~~~~~~~~~~~
Multiple libraries were found for &#34;MAX30100.h&#34;
  Used: /Users/alranel/Documents/git/arduino/arduino-testlib/cli-datadir/user/libraries/MAX30100
  Not used: /Users/alranel/Documents/git/arduino/arduino-testlib/cli-datadir/user/libraries/MAX3010x_Sensor_Library
  Not used: /Users/alranel/Documents/git/arduino/arduino-testlib/cli-datadir/user/libraries/MAX30100lib
  Not used: /Users/alranel/Documents/git/arduino/arduino-testlib/cli-datadir/user/libraries/MAX30100_milan
</pre>
					
				
				<h3 id="esp32:esp32:d1_mini32">esp32:esp32:d1_mini32 @ 1.0.6</h3>
				<h4>Inclusion</h4>
				<p>
					Result: <b>PASS</b>
					
				</p>
				<pre class="pre-scrollable">Sketch uses 204590 bytes (15%) of program storage space. Maximum is 1310720 bytes.
Global variables use 13976 bytes (4%) of dynamic memory, leaving 313704 bytes for local variables. Maximum is 327680 bytes.
</pre>

					
					<h4>examples/MAX30100_Debug</h4>
					<p>
						Result: <b>PASS</b>
					</p>
					<pre class="pre-scrollable">Sketch uses 218662 bytes (16%) of program storage space. Maximum is 1310720 bytes.
Global variables use 14336 bytes (4%) of dynamic memory, leaving 313344 bytes for local variables. Maximum is 327680 bytes.
</pre>
					
					<h4>examples/MAX30100_Minimal</h4>
					<p>
						Result: <b>PASS</b>
					</p>
					<pre class="pre-scrollable">Sketch uses 218734 bytes (16%) of program storage space. Maximum is 1310720 bytes.
Global variables use 14336 bytes (4%) of dynamic memory, leaving 313344 bytes for local variables. Maximum is 327680 bytes.
</pre>
					
					<h4>examples/MAX30100_RawData</h4>
					<p>
						Result: <b>FAIL</b>
					</p>
					<pre class="pre-scrollable">/home/ec2-user/arduino-testlib/cli-datadir/user/libraries/MAX30100lib/examples/MAX30100_RawData/MAX30100_RawData.ino: In function &#39;void setup()&#39;:
/home/ec2-user/arduino-testlib/cli-datadir/user/libraries/MAX30100lib/examples/MAX30100_RawData/MAX30100_RawData.ino:54:22: error: could not convert &#39;sensor.MAX30100::begin((pulseWidth)3u, (ledCurrent)14u, (sampleRate)1u)&#39; from &#39;void&#39; to &#39;bool&#39;
     if (!sensor.begin()) {
                      ^
/home/ec2-user/arduino-testlib/cli-datadir/user/libraries/MAX30100lib/examples/MAX30100_RawData/MAX30100_RawData.ino:54:23: error: in argument to unary !
     if (!sensor.begin()) {
                       ^
/home/ec2-user/arduino-testlib/cli-datadir/user/libraries/MAX30100lib/examples/MAX30100_RawData/MAX30100_RawData.ino:62:12: error: &#39;class MAX30100&#39; has no member named &#39;setMode&#39;
     sensor.setMode(MAX30100_MODE_SPO2_HR);
            ^
/home/ec2-user/arduino-testlib/cli-datadir/user/libraries/MAX30100lib/examples/MAX30100_RawData/MAX30100_RawData.ino:62:20: error: &#39;MAX30100_MODE_SPO2_HR&#39; was not declared in this scope
     sensor.setMode(MAX30100_MODE_SPO2_HR);
                    ^
/home/ec2-user/arduino-testlib/cli-datadir/user/libraries/MAX30100lib/examples/MAX30100_RawData/MAX30100_RawData.ino:63:12: error: &#39;class MAX30100&#39; has no member named &#39;setLedsCurrent&#39;
     sensor.setLedsCurrent(IR_LED_CURRENT, RED_LED_CURRENT);
            ^
/home/ec2-user/arduino-testlib/cli-datadir/user/libraries/MAX30100lib/examples/MAX30100_RawData/MAX30100_RawData.ino:32:45: error: &#39;MAX30100_LED_CURR_50MA&#39; was not declared in this scope
 #define IR_LED_CURRENT                      MAX30100_LED_CURR_50MA
                                             ^
/home/ec2-user/arduino-testlib/cli-datadir/user/libraries/MAX30100lib/examples/MAX30100_RawData/MAX30100_RawData.ino:63:27: note: in expansion of macro &#39;IR_LED_CURRENT&#39;
     sensor.setLedsCurrent(IR_LED_CURRENT, RED_LED_CURRENT);
                           ^
/home/ec2-user/arduino-testlib/cli-datadir/user/libraries/MAX30100lib/examples/MAX30100_RawData/MAX30100_RawData.ino:33:45: error: &#39;MAX30100_LED_CURR_27_1MA&#39; was not declared in this scope
 #define RED_LED_CURRENT                     MAX30100_LED_CURR_27_1MA
                                             ^
/home/ec2-user/arduino-testlib/cli-datadir/user/libraries/MAX30100lib/examples/MAX30100_RawData/MAX30100_RawData.ino:63:43: note: in expansion of macro &#39;RED_LED_CURRENT&#39;
     sensor.setLedsCurrent(IR_LED_CURRENT, RED_LED_CURRENT);
                                           ^
/home/ec2-user/arduino-testlib/cli-datadir/user/libraries/MAX30100lib/examples/MAX30100_RawData/MAX30100_RawData.ino:64:12: error: &#39;class MAX30100&#39; has no member named &#39;setLedsPulseWidth&#39;
     sensor.setLedsPulseWidth(PULSE_WIDTH);
            ^
/home/ec2-user/arduino-testlib/cli-datadir/user/libraries/MAX30100lib/examples/MAX30100_RawData/MAX30100_RawData.ino:38:45: error: &#39;MAX30100_SPC_PW_1600US_16BITS&#39; was not declared in this scope
 #define PULSE_WIDTH                         MAX30100_SPC_PW_1600US_16BITS
                                             ^
/home/ec2-user/arduino-testlib/cli-datadir/user/libraries/MAX30100lib/examples/MAX30100_RawData/MAX30100_RawData.ino:64:30: note: in expansion of macro &#39;PULSE_WIDTH&#39;
     sensor.setLedsPulseWidth(PULSE_WIDTH);
                              ^
/home/ec2-user/arduino-testlib/cli-datadir/user/libraries/MAX30100lib/examples/MAX30100_RawData/MAX30100_RawData.ino:65:12: error: &#39;class MAX30100&#39; has no member named &#39;setSamplingRate&#39;
     sensor.setSamplingRate(SAMPLING_RATE);
            ^
/home/ec2-user/arduino-testlib/cli-datadir/user/libraries/MAX30100lib/examples/MAX30100_RawData/MAX30100_RawData.ino:28:45: error: &#39;MAX30100_SAMPRATE_100HZ&#39; was not declared in this scope
 #define SAMPLING_RATE                       MAX30100_SAMPRATE_100HZ
                                             ^
/home/ec2-user/arduino-testlib/cli-datadir/user/libraries/MAX30100lib/examples/MAX30100_RawData/MAX30100_RawData.ino:65:28: note: in expansion of macro &#39;SAMPLING_RATE&#39;
     sensor.setSamplingRate(SAMPLING_RATE);
                            ^
/home/ec2-user/arduino-testlib/cli-datadir/user/libraries/MAX30100lib/examples/MAX30100_RawData/MAX30100_RawData.ino:66:12: error: &#39;class MAX30100&#39; has no member named &#39;setHighresModeEnabled&#39;
     sensor.setHighresModeEnabled(HIGHRES_MODE);
            ^
/home/ec2-user/arduino-testlib/cli-datadir/user/libraries/MAX30100lib/examples/MAX30100_RawData/MAX30100_RawData.ino: In function &#39;void loop()&#39;:
/home/ec2-user/arduino-testlib/cli-datadir/user/libraries/MAX30100lib/examples/MAX30100_RawData/MAX30100_RawData.ino:73:12: error: &#39;class MAX30100&#39; has no member named &#39;update&#39;
     sensor.update();
            ^
/home/ec2-user/arduino-testlib/cli-datadir/user/libraries/MAX30100lib/examples/MAX30100_RawData/MAX30100_RawData.ino:75:19: error: &#39;class MAX30100&#39; has no member named &#39;getRawValues&#39;
     while (sensor.getRawValues(&amp;ir, &amp;red)) {
                   ^
Multiple libraries were found for &#34;MAX30100.h&#34;
  Used: /home/ec2-user/arduino-testlib/cli-datadir/user/libraries/MAX30100
  Not used: /home/ec2-user/arduino-testlib/cli-datadir/user/libraries/MAX30100_milan
  Not used: /home/ec2-user/arduino-testlib/cli-datadir/user/libraries/MAX3010x_Sensor_Library
  Not used: /home/ec2-user/arduino-testlib/cli-datadir/user/libraries/MAX30100lib
</pre>
					
					<h4>examples/MAX30100_Tester</h4>
					<p>
						Result: <b>FAIL</b>
					</p>
					<pre class="pre-scrollable">/home/ec2-user/arduino-testlib/cli-datadir/user/libraries/MAX30100lib/examples/MAX30100_Tester/MAX30100_Tester.ino: In function &#39;void setup()&#39;:
/home/ec2-user/arduino-testlib/cli-datadir/user/libraries/MAX30100lib/examples/MAX30100_Tester/MAX30100_Tester.ino:34:22: error: could not convert &#39;sensor.MAX30100::begin((pulseWidth)3u, (ledCurrent)14u, (sampleRate)1u)&#39; from &#39;void&#39; to &#39;bool&#39;
     if (!sensor.begin()) {
                      ^
/home/ec2-user/arduino-testlib/cli-datadir/user/libraries/MAX30100lib/examples/MAX30100_Tester/MAX30100_Tester.ino:34:23: error: in argument to unary !
     if (!sensor.begin()) {
                       ^
/home/ec2-user/arduino-testlib/cli-datadir/user/libraries/MAX30100lib/examples/MAX30100_Tester/MAX30100_Tester.ino:37:33: error: &#39;class MAX30100&#39; has no member named &#39;getPartId&#39;
         uint8_t partId = sensor.getPartId();
                                 ^
/home/ec2-user/arduino-testlib/cli-datadir/user/libraries/MAX30100lib/examples/MAX30100_Tester/MAX30100_Tester.ino:44:28: error: &#39;EXPECTED_PART_ID&#39; was not declared in this scope
             Serial.println(EXPECTED_PART_ID, HEX);
                            ^
/home/ec2-user/arduino-testlib/cli-datadir/user/libraries/MAX30100lib/examples/MAX30100_Tester/MAX30100_Tester.ino:53:12: error: &#39;class MAX30100&#39; has no member named &#39;setMode&#39;
     sensor.setMode(MAX30100_MODE_SPO2_HR);
            ^
/home/ec2-user/arduino-testlib/cli-datadir/user/libraries/MAX30100lib/examples/MAX30100_Tester/MAX30100_Tester.ino:53:20: error: &#39;MAX30100_MODE_SPO2_HR&#39; was not declared in this scope
     sensor.setMode(MAX30100_MODE_SPO2_HR);
                    ^
/home/ec2-user/arduino-testlib/cli-datadir/user/libraries/MAX30100lib/examples/MAX30100_Tester/MAX30100_Tester.ino:57:12: error: &#39;class MAX30100&#39; has no member named &#39;setLedsCurrent&#39;
     sensor.setLedsCurrent(MAX30100_LED_CURR_50MA, MAX30100_LED_CURR_50MA);
            ^
/home/ec2-user/arduino-testlib/cli-datadir/user/libraries/MAX30100lib/examples/MAX30100_Tester/MAX30100_Tester.ino:57:27: error: &#39;MAX30100_LED_CURR_50MA&#39; was not declared in this scope
     sensor.setLedsCurrent(MAX30100_LED_CURR_50MA, MAX30100_LED_CURR_50MA);
                           ^
/home/ec2-user/arduino-testlib/cli-datadir/user/libraries/MAX30100lib/examples/MAX30100_Tester/MAX30100_Tester.ino:63:12: error: &#39;class MAX30100&#39; has no member named &#39;setLedsCurrent&#39;
     sensor.setLedsCurrent(MAX30100_LED_CURR_7_6MA, MAX30100_LED_CURR_7_6MA);
            ^
/home/ec2-user/arduino-testlib/cli-datadir/user/libraries/MAX30100lib/examples/MAX30100_Tester/MAX30100_Tester.ino:63:27: error: &#39;MAX30100_LED_CURR_7_6MA&#39; was not declared in this scope
     sensor.setLedsCurrent(MAX30100_LED_CURR_7_6MA, MAX30100_LED_CURR_7_6MA);
                           ^
/home/ec2-user/arduino-testlib/cli-datadir/user/libraries/MAX30100lib/examples/MAX30100_Tester/MAX30100_Tester.ino:75:12: error: &#39;class MAX30100&#39; has no member named &#39;resume&#39;
     sensor.resume();
            ^
/home/ec2-user/arduino-testlib/cli-datadir/user/libraries/MAX30100lib/examples/MAX30100_Tester/MAX30100_Tester.ino:81:12: error: &#39;class MAX30100&#39; has no member named &#39;startTemperatureSampling&#39;
     sensor.startTemperatureSampling();
            ^
/home/ec2-user/arduino-testlib/cli-datadir/user/libraries/MAX30100lib/examples/MAX30100_Tester/MAX30100_Tester.ino:82:19: error: &#39;class MAX30100&#39; has no member named &#39;isTemperatureReady&#39;
     while(!sensor.isTemperatureReady()) {
                   ^
/home/ec2-user/arduino-testlib/cli-datadir/user/libraries/MAX30100lib/examples/MAX30100_Tester/MAX30100_Tester.ino:90:32: error: &#39;class MAX30100&#39; has no member named &#39;retrieveTemperature&#39;
     float temperature = sensor.retrieveTemperature();
                                ^
/home/ec2-user/arduino-testlib/cli-datadir/user/libraries/MAX30100lib/examples/MAX30100_Tester/MAX30100_Tester.ino:105:12: error: &#39;class MAX30100&#39; has no member named &#39;resetFifo&#39;
     sensor.resetFifo();
            ^
/home/ec2-user/arduino-testlib/cli-datadir/user/libraries/MAX30100lib/examples/MAX30100_Tester/MAX30100_Tester.ino: In function &#39;void loop()&#39;:
/home/ec2-user/arduino-testlib/cli-datadir/user/libraries/MAX30100lib/examples/MAX30100_Tester/MAX30100_Tester.ino:112:12: error: &#39;class MAX30100&#39; has no member named &#39;update&#39;
     sensor.update();
            ^
/home/ec2-user/arduino-testlib/cli-datadir/user/libraries/MAX30100lib/examples/MAX30100_Tester/MAX30100_Tester.ino:114:19: error: &#39;class MAX30100&#39; has no member named &#39;getRawValues&#39;
     while (sensor.getRawValues(&amp;ir, &amp;red)) {
                   ^
Multiple libraries were found for &#34;MAX30100.h&#34;
  Used: /home/ec2-user/arduino-testlib/cli-datadir/user/libraries/MAX30100
  Not used: /home/ec2-user/arduino-testlib/cli-datadir/user/libraries/MAX3010x_Sensor_Library
  Not used: /home/ec2-user/arduino-testlib/cli-datadir/user/libraries/MAX30100lib
  Not used: /home/ec2-user/arduino-testlib/cli-datadir/user/libraries/MAX30100_milan
</pre>
					
				
			</div>
		</div>
	</div>
  </body>
</html>
