
<!doctype html>
<html lang="en">
  <head>
    <meta charset="utf-8">
    <meta name="viewport" content="width=device-width, initial-scale=1">
    <link href="https://cdn.jsdelivr.net/npm/bootstrap@5.0.2/dist/css/bootstrap.min.css" rel="stylesheet" integrity="sha384-EVSTQN3/azprG1Anm3QDgpJLIm9Nao0Yz1ztcQTwFspd3yD65VohhpuuCOmLASjC" crossorigin="anonymous">
    <title>arduino-testlib report</title>
	<style>
	.pass { background-color: #00FF00 !important; }
	.fail { background-color: #FF0000 !important; }
	</style>
  </head>
  <body>
	<div class="container">
		<div class="row">
			<div class="col">
				<h1>MCCI Catena SCD30 - compatibility matrix</h1>
				<p>
					<small>This report was generated on Monday, 21-Feb-22 12:00:25 CET using 
					<a href="https://github.com/alranel/arduino-testlib">arduino-testlib</a>.</small>
				</p>

				<h2>MCCI Catena SCD30</h2>
				<p>
					Version: <b>0.2.0</b>
					<br />
					<a href="https://www.arduino.cc/reference/en/libraries/mcci-catena-scd30/">More details</a>
				</p>

				<h2>Compatibility matrix</h2>
				<table class="table table-bordered">
					<tr>
						<th>Board</th>
						<th>Claims compatibility</th>
						<th>Inclusion</th>
						
						<th><pre>header-test</pre></th>
						
						<th><pre>scd30_lorawan</pre></th>
						
						<th><pre>scd30_simple</pre></th>
						
					</tr>
					
					<tr>
						<td>
							<a href="#arduino%3aavr%3auno"><b>arduino:avr:uno</b></a>
							<br />
							<small>1.8.4</small>
						</td>

						
						
						
							<td>Yes ⚠️</td>
							<td class="fail">FAIL</td>
						
						

						
							
								
									
										
											
											<td class="fail">FAIL</td>
										
									
										
									
										
									
								
							
								
							
								
							
								
							
								
							
						
							
								
									
										
									
										
											
											<td class="fail">FAIL</td>
										
									
										
									
								
							
								
							
								
							
								
							
								
							
						
							
								
									
										
									
										
									
										
											
											<td class="fail">FAIL</td>
										
									
								
							
								
							
								
							
								
							
								
							
						
					</tr>
					
					<tr>
						<td>
							<a href="#arduino%3ambed_nano%3ananorp2040connect"><b>arduino:mbed_nano:nanorp2040connect</b></a>
							<br />
							<small>2.7.2</small>
						</td>

						
							<td>Yes</td>
							<td class="pass">PASS</td>
						
						
						
						

						
							
								
							
								
									
										
											<td class="pass">PASS</td>
											
										
									
										
									
										
									
								
							
								
							
								
							
								
							
						
							
								
							
								
									
										
									
										
											
											<td class="fail">FAIL</td>
										
									
										
									
								
							
								
							
								
							
								
							
						
							
								
							
								
									
										
									
										
									
										
											
											<td class="fail">FAIL</td>
										
									
								
							
								
							
								
							
								
							
						
					</tr>
					
					<tr>
						<td>
							<a href="#arduino%3amegaavr%3anona4809"><b>arduino:megaavr:nona4809</b></a>
							<br />
							<small>1.8.7</small>
						</td>

						
						
						
							<td>Yes ⚠️</td>
							<td class="fail">FAIL</td>
						
						

						
							
								
							
								
							
								
									
										
											
											<td class="fail">FAIL</td>
										
									
										
									
										
									
								
							
								
							
								
							
						
							
								
							
								
							
								
									
										
									
										
											
											<td class="fail">FAIL</td>
										
									
										
									
								
							
								
							
								
							
						
							
								
							
								
							
								
									
										
									
										
									
										
											
											<td class="fail">FAIL</td>
										
									
								
							
								
							
								
							
						
					</tr>
					
					<tr>
						<td>
							<a href="#arduino%3asamd%3amkrwifi1010"><b>arduino:samd:mkrwifi1010</b></a>
							<br />
							<small>1.8.12</small>
						</td>

						
						
						
							<td>Yes ⚠️</td>
							<td class="fail">FAIL</td>
						
						

						
							
								
							
								
							
								
							
								
									
										
											
											<td class="fail">FAIL</td>
										
									
										
									
										
									
								
							
								
							
						
							
								
							
								
							
								
							
								
									
										
									
										
											
											<td class="fail">FAIL</td>
										
									
										
									
								
							
								
							
						
							
								
							
								
							
								
							
								
									
										
									
										
									
										
											
											<td class="fail">FAIL</td>
										
									
								
							
								
							
						
					</tr>
					
					<tr>
						<td>
							<a href="#esp32%3aesp32%3ad1_mini32"><b>esp32:esp32:d1_mini32</b></a>
							<br />
							<small>1.0.6</small>
						</td>

						
							<td>Yes</td>
							<td class="pass">PASS</td>
						
						
						
						

						
							
								
							
								
							
								
							
								
							
								
									
										
											<td class="pass">PASS</td>
											
										
									
										
									
										
									
								
							
						
							
								
							
								
							
								
							
								
							
								
									
										
									
										
											
											<td class="fail">FAIL</td>
										
									
										
									
								
							
						
							
								
							
								
							
								
							
								
							
								
									
										
									
										
									
										
											
											<td class="fail">FAIL</td>
										
									
								
							
						
					</tr>
					
				</table>

				<h2>Compilation logs</h2>
				
				<h3 id="arduino:avr:uno">arduino:avr:uno @ 1.8.4</h3>
				<h4>Inclusion</h4>
				<p>
					Result: <b>FAIL</b>
					
				</p>
				<pre class="pre-scrollable">In file included from /private/tmp/arduino-testlib1516280318/test/test.ino:1:0:
/Users/alranel/Documents/git/arduino/arduino-testlib/cli-datadir/user/libraries/MCCI_Catena_SCD30/src/MCCI_Catena_SCD30.h:20:10: fatal error: cstdint: No such file or directory
 #include &lt;cstdint&gt;
          ^~~~~~~~~
compilation terminated.

</pre>

					
					<h4>examples/header-test</h4>
					<p>
						Result: <b>FAIL</b>
					</p>
					<pre class="pre-scrollable">In file included from /Users/alranel/Documents/git/arduino/arduino-testlib/cli-datadir/user/libraries/MCCI_Catena_SCD30/examples/header-test/header-test.ino:22:0:
/Users/alranel/Documents/git/arduino/arduino-testlib/cli-datadir/user/libraries/MCCI_Catena_SCD30/src/MCCI_Catena_SCD30.h:20:10: fatal error: cstdint: No such file or directory
 #include &lt;cstdint&gt;
          ^~~~~~~~~
compilation terminated.

</pre>
					
					<h4>examples/scd30_lorawan</h4>
					<p>
						Result: <b>FAIL</b>
					</p>
					<pre class="pre-scrollable">/Users/alranel/Documents/git/arduino/arduino-testlib/cli-datadir/user/libraries/MCCI_Catena_SCD30/examples/scd30_lorawan/scd30_lorawan.ino:17:3: error: #error &#34;This sketch targets the MCCI Catena 4801&#34;
 # error &#34;This sketch targets the MCCI Catena 4801&#34;
   ^~~~~
In file included from /Users/alranel/Documents/git/arduino/arduino-testlib/cli-datadir/user/libraries/MCCI_Catena_SCD30/examples/scd30_lorawan/scd30_lorawan.h:29:0,
                 from /Users/alranel/Documents/git/arduino/arduino-testlib/cli-datadir/user/libraries/MCCI_Catena_SCD30/examples/scd30_lorawan/scd30_lorawan.ino:21:
/Users/alranel/Documents/git/arduino/arduino-testlib/cli-datadir/user/libraries/MCCI_Catena_Arduino_Platform/src/Catena.h:76:3: error: #error Architecture not supported
 # error Architecture not supported
   ^~~~~
In file included from /Users/alranel/Documents/git/arduino/arduino-testlib/cli-datadir/user/libraries/MCCI_Catena_SCD30/examples/scd30_lorawan/scd30_lorawan.h:30:0,
                 from /Users/alranel/Documents/git/arduino/arduino-testlib/cli-datadir/user/libraries/MCCI_Catena_SCD30/examples/scd30_lorawan/scd30_lorawan.ino:21:
/Users/alranel/Documents/git/arduino/arduino-testlib/cli-datadir/user/libraries/MCCI_Catena_Arduino_Platform/src/Catena_Led.h:40:10: fatal error: type_traits: No such file or directory
 #include &lt;type_traits&gt;
          ^~~~~~~~~~~~~
compilation terminated.

</pre>
					
					<h4>examples/scd30_simple</h4>
					<p>
						Result: <b>FAIL</b>
					</p>
					<pre class="pre-scrollable">In file included from /Users/alranel/Documents/git/arduino/arduino-testlib/cli-datadir/user/libraries/MCCI_Catena_SCD30/examples/scd30_simple/scd30_simple.ino:16:0:
/Users/alranel/Documents/git/arduino/arduino-testlib/cli-datadir/user/libraries/MCCI_Catena_SCD30/src/MCCI_Catena_SCD30.h:20:10: fatal error: cstdint: No such file or directory
 #include &lt;cstdint&gt;
          ^~~~~~~~~
compilation terminated.

</pre>
					
				
				<h3 id="arduino:mbed_nano:nanorp2040connect">arduino:mbed_nano:nanorp2040connect @ 2.7.2</h3>
				<h4>Inclusion</h4>
				<p>
					Result: <b>PASS</b>
					
				</p>
				<pre class="pre-scrollable">Sketch uses 81706 bytes (0%) of program storage space. Maximum is 16777216 bytes.
Global variables use 44220 bytes (16%) of dynamic memory, leaving 226116 bytes for local variables. Maximum is 270336 bytes.
</pre>

					
					<h4>examples/header-test</h4>
					<p>
						Result: <b>PASS</b>
					</p>
					<pre class="pre-scrollable">Sketch uses 81706 bytes (0%) of program storage space. Maximum is 16777216 bytes.
Global variables use 44220 bytes (16%) of dynamic memory, leaving 226116 bytes for local variables. Maximum is 270336 bytes.
</pre>
					
					<h4>examples/scd30_lorawan</h4>
					<p>
						Result: <b>FAIL</b>
					</p>
					<pre class="pre-scrollable">WARNING: library MCCI_Catena_Arduino_Platform claims to run on samd, stm32 architecture(s) and may be incompatible with your current board which runs on mbed_nano architecture(s).
WARNING: library MCCI_FRAM_I2C claims to run on samd, stm32 architecture(s) and may be incompatible with your current board which runs on mbed_nano architecture(s).
/home/ec2-user/arduino-testlib/cli-datadir/user/libraries/MCCI_Catena_SCD30/examples/scd30_lorawan/scd30_lorawan.ino:17:3: error: #error &#34;This sketch targets the MCCI Catena 4801&#34;
 # error &#34;This sketch targets the MCCI Catena 4801&#34;
   ^~~~~
In file included from /home/ec2-user/arduino-testlib/cli-datadir/user/libraries/MCCI_Catena_SCD30/examples/scd30_lorawan/scd30_lorawan.h:29:0,
                 from /home/ec2-user/arduino-testlib/cli-datadir/user/libraries/MCCI_Catena_SCD30/examples/scd30_lorawan/scd30_lorawan.ino:21:
/home/ec2-user/arduino-testlib/cli-datadir/user/libraries/MCCI_Catena_Arduino_Platform/src/Catena.h:76:3: error: #error Architecture not supported
 # error Architecture not supported
   ^~~~~

</pre>
					
					<h4>examples/scd30_simple</h4>
					<p>
						Result: <b>FAIL</b>
					</p>
					<pre class="pre-scrollable">/home/ec2-user/arduino-testlib/cli-datadir/user/libraries/MCCI_Catena_SCD30/examples/scd30_simple/scd30_simple.ino: In function &#39;void setup()&#39;:
/home/ec2-user/arduino-testlib/cli-datadir/user/libraries/MCCI_Catena_SCD30/examples/scd30_simple/scd30_simple.ino:86:17: error: &#39;D5&#39; was not declared in this scope
         pinMode(D5, OUTPUT);
                 ^~
/home/ec2-user/arduino-testlib/cli-datadir/user/libraries/MCCI_Catena_SCD30/examples/scd30_simple/scd30_simple.ino:86:17: note: suggested alternative: &#39;A5&#39;
         pinMode(D5, OUTPUT);
                 ^~
                 A5
/home/ec2-user/arduino-testlib/cli-datadir/user/libraries/MCCI_Catena_SCD30/examples/scd30_simple/scd30_simple.ino:90:17: error: &#39;D11&#39; was not declared in this scope
         pinMode(D11, OUTPUT);
                 ^~~
/home/ec2-user/arduino-testlib/cli-datadir/user/libraries/MCCI_Catena_SCD30/examples/scd30_simple/scd30_simple.ino:90:17: note: suggested alternative: &#39;B11&#39;
         pinMode(D11, OUTPUT);
                 ^~~
                 B11
/home/ec2-user/arduino-testlib/cli-datadir/user/libraries/MCCI_Catena_SCD30/examples/scd30_simple/scd30_simple.ino:94:17: error: &#39;D10&#39; was not declared in this scope
         pinMode(D10, OUTPUT);
                 ^~~
/home/ec2-user/arduino-testlib/cli-datadir/user/libraries/MCCI_Catena_SCD30/examples/scd30_simple/scd30_simple.ino:94:17: note: suggested alternative: &#39;B10&#39;
         pinMode(D10, OUTPUT);
                 ^~~
                 B10
/home/ec2-user/arduino-testlib/cli-datadir/user/libraries/MCCI_Catena_SCD30/examples/scd30_simple/scd30_simple.ino:98:24: error: &#39;RCC&#39; was not declared in this scope
         Serial.println(RCC-&gt;CSR &gt;&gt; 24, HEX);
                        ^~~
/home/ec2-user/arduino-testlib/cli-datadir/user/libraries/MCCI_Catena_SCD30/examples/scd30_simple/scd30_simple.ino:99:21: error: &#39;RCC_CSR_RMVF&#39; was not declared in this scope
         RCC-&gt;CSR |= RCC_CSR_RMVF;
                     ^~~~~~~~~~~~

</pre>
					
				
				<h3 id="arduino:megaavr:nona4809">arduino:megaavr:nona4809 @ 1.8.7</h3>
				<h4>Inclusion</h4>
				<p>
					Result: <b>FAIL</b>
					
				</p>
				<pre class="pre-scrollable">In file included from /tmp/arduino-testlib722157351/test/test.ino:1:0:
/home/ec2-user/arduino-testlib/cli-datadir/user/libraries/MCCI_Catena_SCD30/src/MCCI_Catena_SCD30.h:20:10: fatal error: cstdint: No such file or directory
 #include &lt;cstdint&gt;
          ^~~~~~~~~
compilation terminated.

</pre>

					
					<h4>examples/header-test</h4>
					<p>
						Result: <b>FAIL</b>
					</p>
					<pre class="pre-scrollable">In file included from /home/ec2-user/arduino-testlib/cli-datadir/user/libraries/MCCI_Catena_SCD30/examples/header-test/header-test.ino:22:0:
/home/ec2-user/arduino-testlib/cli-datadir/user/libraries/MCCI_Catena_SCD30/src/MCCI_Catena_SCD30.h:20:10: fatal error: cstdint: No such file or directory
 #include &lt;cstdint&gt;
          ^~~~~~~~~
compilation terminated.

</pre>
					
					<h4>examples/scd30_lorawan</h4>
					<p>
						Result: <b>FAIL</b>
					</p>
					<pre class="pre-scrollable">/home/ec2-user/arduino-testlib/cli-datadir/user/libraries/MCCI_Catena_SCD30/examples/scd30_lorawan/scd30_lorawan.ino:17:3: error: #error &#34;This sketch targets the MCCI Catena 4801&#34;
 # error &#34;This sketch targets the MCCI Catena 4801&#34;
   ^~~~~
In file included from /home/ec2-user/arduino-testlib/cli-datadir/user/libraries/MCCI_Catena_SCD30/examples/scd30_lorawan/scd30_lorawan.h:29:0,
                 from /home/ec2-user/arduino-testlib/cli-datadir/user/libraries/MCCI_Catena_SCD30/examples/scd30_lorawan/scd30_lorawan.ino:21:
/home/ec2-user/arduino-testlib/cli-datadir/user/libraries/MCCI_Catena_Arduino_Platform/src/Catena.h:76:3: error: #error Architecture not supported
 # error Architecture not supported
   ^~~~~
In file included from /home/ec2-user/arduino-testlib/cli-datadir/user/libraries/MCCI_Catena_SCD30/examples/scd30_lorawan/scd30_lorawan.h:30:0,
                 from /home/ec2-user/arduino-testlib/cli-datadir/user/libraries/MCCI_Catena_SCD30/examples/scd30_lorawan/scd30_lorawan.ino:21:
/home/ec2-user/arduino-testlib/cli-datadir/user/libraries/MCCI_Catena_Arduino_Platform/src/Catena_Led.h:40:10: fatal error: type_traits: No such file or directory
 #include &lt;type_traits&gt;
          ^~~~~~~~~~~~~
compilation terminated.

</pre>
					
					<h4>examples/scd30_simple</h4>
					<p>
						Result: <b>FAIL</b>
					</p>
					<pre class="pre-scrollable">In file included from /home/ec2-user/arduino-testlib/cli-datadir/user/libraries/MCCI_Catena_SCD30/examples/scd30_simple/scd30_simple.ino:16:0:
/home/ec2-user/arduino-testlib/cli-datadir/user/libraries/MCCI_Catena_SCD30/src/MCCI_Catena_SCD30.h:20:10: fatal error: cstdint: No such file or directory
 #include &lt;cstdint&gt;
          ^~~~~~~~~
compilation terminated.

</pre>
					
				
				<h3 id="arduino:samd:mkrwifi1010">arduino:samd:mkrwifi1010 @ 1.8.12</h3>
				<h4>Inclusion</h4>
				<p>
					Result: <b>FAIL</b>
					
				</p>
				<pre class="pre-scrollable">In file included from /Users/alranel/Documents/git/arduino/arduino-testlib/cli-datadir/user/libraries/MCCI_Catena_SCD30/src/MCCI_Catena_SCD30.cpp:22:0:
/Users/alranel/Documents/git/arduino/arduino-testlib/cli-datadir/user/libraries/MCCI_Catena_SCD30/src/MCCI_Catena_SCD30.h:82:20: error: expected &#39;)&#39; before &#39;&amp;&#39; token
     cSCD30(TwoWire &amp;wire, Address Address = Address::SCD30, Pin_t pinReady = -1)
                    ^
In file included from /Users/alranel/Documents/git/arduino/arduino-testlib/cli-datadir/user/libraries/MCCI_Catena_SCD30/src/MCCI_Catena_SCD30.cpp:22:0:
/Users/alranel/Documents/git/arduino/arduino-testlib/cli-datadir/user/libraries/MCCI_Catena_SCD30/src/MCCI_Catena_SCD30.h:290:5: error: &#39;TwoWire&#39; does not name a type; did you mean &#39;TwoWire_h&#39;?
     TwoWire *m_wire;                /// pointer to bus to be used for this device
     ^~~~~~~
     TwoWire_h
/Users/alranel/Documents/git/arduino/arduino-testlib/cli-datadir/user/libraries/MCCI_Catena_SCD30/src/MCCI_Catena_SCD30.h: In member function &#39;uint32_t McciCatenaScd30::cSCD30::getMsToNextMeasurement() const&#39;:
/Users/alranel/Documents/git/arduino/arduino-testlib/cli-datadir/user/libraries/MCCI_Catena_SCD30/src/MCCI_Catena_SCD30.h:254:26: error: &#39;millis&#39; was not declared in this scope
         auto const now = millis();
                          ^~~~~~
/Users/alranel/Documents/git/arduino/arduino-testlib/cli-datadir/user/libraries/MCCI_Catena_SCD30/src/MCCI_Catena_SCD30.h:254:26: note: suggested alternative: &#39;malloc&#39;
         auto const now = millis();
                          ^~~~~~
                          malloc
/Users/alranel/Documents/git/arduino/arduino-testlib/cli-datadir/user/libraries/MCCI_Catena_SCD30/src/MCCI_Catena_SCD30.cpp: In member function &#39;bool McciCatenaScd30::cSCD30::begin()&#39;:
/Users/alranel/Documents/git/arduino/arduino-testlib/cli-datadir/user/libraries/MCCI_Catena_SCD30/src/MCCI_Catena_SCD30.cpp:29:15: error: &#39;class McciCatenaScd30::cSCD30&#39; has no member named &#39;m_wire&#39;
     if (this-&gt;m_wire == nullptr)
               ^~~~~~
/Users/alranel/Documents/git/arduino/arduino-testlib/cli-datadir/user/libraries/MCCI_Catena_SCD30/src/MCCI_Catena_SCD30.cpp:35:11: error: &#39;class McciCatenaScd30::cSCD30&#39; has no member named &#39;m_wire&#39;
     this-&gt;m_wire-&gt;begin();
           ^~~~~~
/Users/alranel/Documents/git/arduino/arduino-testlib/cli-datadir/user/libraries/MCCI_Catena_SCD30/src/MCCI_Catena_SCD30.cpp:41:26: error: &#39;millis&#39; was not declared in this scope
         this-&gt;m_tReady = millis() &#43; this-&gt;m_ProductInfo.MeasurementInterval * 1000;
                          ^~~~~~
/Users/alranel/Documents/git/arduino/arduino-testlib/cli-datadir/user/libraries/MCCI_Catena_SCD30/src/MCCI_Catena_SCD30.cpp:41:26: note: suggested alternative: &#39;malloc&#39;
         this-&gt;m_tReady = millis() &#43; this-&gt;m_ProductInfo.MeasurementInterval * 1000;
                          ^~~~~~
                          malloc
/Users/alranel/Documents/git/arduino/arduino-testlib/cli-datadir/user/libraries/MCCI_Catena_SCD30/src/MCCI_Catena_SCD30.cpp: In member function &#39;bool McciCatenaScd30::cSCD30::readUint16(McciCatenaScd30::cSCD30::Command, uint16_t&amp;)&#39;:
/Users/alranel/Documents/git/arduino/arduino-testlib/cli-datadir/user/libraries/MCCI_Catena_SCD30/src/MCCI_Catena_SCD30.cpp:206:9: error: &#39;delay&#39; was not declared in this scope
         delay(this-&gt;kReadDelayMs);
         ^~~~~
/Users/alranel/Documents/git/arduino/arduino-testlib/cli-datadir/user/libraries/MCCI_Catena_SCD30/src/MCCI_Catena_SCD30.cpp: In member function &#39;bool McciCatenaScd30::cSCD30::setMeasurementInterval(uint16_t)&#39;:
/Users/alranel/Documents/git/arduino/arduino-testlib/cli-datadir/user/libraries/MCCI_Catena_SCD30/src/MCCI_Catena_SCD30.cpp:238:9: error: &#39;delay&#39; was not declared in this scope
         delay(this-&gt;kCommandRecoveryMs);
         ^~~~~
/Users/alranel/Documents/git/arduino/arduino-testlib/cli-datadir/user/libraries/MCCI_Catena_SCD30/src/MCCI_Catena_SCD30.cpp: In member function &#39;bool McciCatenaScd30::cSCD30::activateAutomaticSelfCalbration(bool)&#39;:
/Users/alranel/Documents/git/arduino/arduino-testlib/cli-datadir/user/libraries/MCCI_Catena_SCD30/src/MCCI_Catena_SCD30.cpp:265:9: error: &#39;delay&#39; was not declared in this scope
         delay(this-&gt;kCommandRecoveryMs);
         ^~~~~
/Users/alranel/Documents/git/arduino/arduino-testlib/cli-datadir/user/libraries/MCCI_Catena_SCD30/src/MCCI_Catena_SCD30.cpp: In member function &#39;bool McciCatenaScd30::cSCD30::writeCommandBuffer(const uint8_t*, size_t)&#39;:
/Users/alranel/Documents/git/arduino/arduino-testlib/cli-datadir/user/libraries/MCCI_Catena_SCD30/src/MCCI_Catena_SCD30.cpp:299:11: error: &#39;class McciCatenaScd30::cSCD30&#39; has no member named &#39;m_wire&#39;
     this-&gt;m_wire-&gt;beginTransmission(std::uint8_t(this-&gt;m_address));
           ^~~~~~
/Users/alranel/Documents/git/arduino/arduino-testlib/cli-datadir/user/libraries/MCCI_Catena_SCD30/src/MCCI_Catena_SCD30.cpp:300:15: error: &#39;class McciCatenaScd30::cSCD30&#39; has no member named &#39;m_wire&#39;
     if (this-&gt;m_wire-&gt;write(pBuffer, nBuffer) != nBuffer)
               ^~~~~~
/Users/alranel/Documents/git/arduino/arduino-testlib/cli-datadir/user/libraries/MCCI_Catena_SCD30/src/MCCI_Catena_SCD30.cpp:302:15: error: &#39;class McciCatenaScd30::cSCD30&#39; has no member named &#39;m_wire&#39;
     if (this-&gt;m_wire-&gt;endTransmission() != 0)
               ^~~~~~
/Users/alranel/Documents/git/arduino/arduino-testlib/cli-datadir/user/libraries/MCCI_Catena_SCD30/src/MCCI_Catena_SCD30.cpp: In member function &#39;bool McciCatenaScd30::cSCD30::readResponse(uint8_t*, size_t)&#39;:
/Users/alranel/Documents/git/arduino/arduino-testlib/cli-datadir/user/libraries/MCCI_Catena_SCD30/src/MCCI_Catena_SCD30.cpp:321:23: error: &#39;class McciCatenaScd30::cSCD30&#39; has no member named &#39;m_wire&#39;
     nReadFrom = this-&gt;m_wire-&gt;requestFrom(std::uint8_t(addr), /* bytes */ std::uint8_t(nBuf));
                       ^~~~~~
/Users/alranel/Documents/git/arduino/arduino-testlib/cli-datadir/user/libraries/MCCI_Catena_SCD30/src/MCCI_Catena_SCD30.cpp:327:21: error: &#39;class McciCatenaScd30::cSCD30&#39; has no member named &#39;m_wire&#39;
     nResult = this-&gt;m_wire-&gt;available();
                     ^~~~~~
/Users/alranel/Documents/git/arduino/arduino-testlib/cli-datadir/user/libraries/MCCI_Catena_SCD30/src/MCCI_Catena_SCD30.cpp:332:24: error: &#39;class McciCatenaScd30::cSCD30&#39; has no member named &#39;m_wire&#39;
         buf[i] = this-&gt;m_wire-&gt;read();
                        ^~~~~~
/Users/alranel/Documents/git/arduino/arduino-testlib/cli-datadir/user/libraries/MCCI_Catena_SCD30/src/MCCI_Catena_SCD30.cpp: In member function &#39;bool McciCatenaScd30::cSCD30::startContinuousMeasurementCommon(uint16_t)&#39;:
/Users/alranel/Documents/git/arduino/arduino-testlib/cli-datadir/user/libraries/MCCI_Catena_SCD30/src/MCCI_Catena_SCD30.cpp:352:9: error: &#39;delay&#39; was not declared in this scope
         delay(this-&gt;kCommandRecoveryMs);
         ^~~~~
/Users/alranel/Documents/git/arduino/arduino-testlib/cli-datadir/user/libraries/MCCI_Catena_SCD30/src/MCCI_Catena_SCD30.cpp:355:26: error: &#39;millis&#39; was not declared in this scope
         this-&gt;m_tReady = millis() &#43; this-&gt;m_ProductInfo.MeasurementInterval * 1000;
                          ^~~~~~
/Users/alranel/Documents/git/arduino/arduino-testlib/cli-datadir/user/libraries/MCCI_Catena_SCD30/src/MCCI_Catena_SCD30.cpp:355:26: note: suggested alternative: &#39;malloc&#39;
         this-&gt;m_tReady = millis() &#43; this-&gt;m_ProductInfo.MeasurementInterval * 1000;
                          ^~~~~~
                          malloc
/Users/alranel/Documents/git/arduino/arduino-testlib/cli-datadir/user/libraries/MCCI_Catena_SCD30/src/MCCI_Catena_SCD30.cpp: In member function &#39;bool McciCatenaScd30::cSCD30::queryReady(bool&amp;)&#39;:
/Users/alranel/Documents/git/arduino/arduino-testlib/cli-datadir/user/libraries/MCCI_Catena_SCD30/src/MCCI_Catena_SCD30.cpp:381:24: error: &#39;millis&#39; was not declared in this scope
     if ((std::int32_t)(millis() - this-&gt;m_tReady) &lt; 0)
                        ^~~~~~
/Users/alranel/Documents/git/arduino/arduino-testlib/cli-datadir/user/libraries/MCCI_Catena_SCD30/src/MCCI_Catena_SCD30.cpp:381:24: note: suggested alternative: &#39;malloc&#39;
     if ((std::int32_t)(millis() - this-&gt;m_tReady) &lt; 0)
                        ^~~~~~
                        malloc
/Users/alranel/Documents/git/arduino/arduino-testlib/cli-datadir/user/libraries/MCCI_Catena_SCD30/src/MCCI_Catena_SCD30.cpp:396:30: error: &#39;millis&#39; was not declared in this scope
             this-&gt;m_tReady = millis() &#43; 1000;
                              ^~~~~~
/Users/alranel/Documents/git/arduino/arduino-testlib/cli-datadir/user/libraries/MCCI_Catena_SCD30/src/MCCI_Catena_SCD30.cpp:396:30: note: suggested alternative: &#39;malloc&#39;
             this-&gt;m_tReady = millis() &#43; 1000;
                              ^~~~~~
                              malloc
/Users/alranel/Documents/git/arduino/arduino-testlib/cli-datadir/user/libraries/MCCI_Catena_SCD30/src/MCCI_Catena_SCD30.cpp:414:34: error: &#39;millis&#39; was not declared in this scope
                 this-&gt;m_tReady = millis() &#43; 1000;
                                  ^~~~~~
/Users/alranel/Documents/git/arduino/arduino-testlib/cli-datadir/user/libraries/MCCI_Catena_SCD30/src/MCCI_Catena_SCD30.cpp:414:34: note: suggested alternative: &#39;malloc&#39;
                 this-&gt;m_tReady = millis() &#43; 1000;
                                  ^~~~~~
                                  malloc
/Users/alranel/Documents/git/arduino/arduino-testlib/cli-datadir/user/libraries/MCCI_Catena_SCD30/src/MCCI_Catena_SCD30.cpp:425:30: error: &#39;millis&#39; was not declared in this scope
             this-&gt;m_tReady = millis() &#43; 100;
                              ^~~~~~
/Users/alranel/Documents/git/arduino/arduino-testlib/cli-datadir/user/libraries/MCCI_Catena_SCD30/src/MCCI_Catena_SCD30.cpp:425:30: note: suggested alternative: &#39;malloc&#39;
             this-&gt;m_tReady = millis() &#43; 100;
                              ^~~~~~
                              malloc
/Users/alranel/Documents/git/arduino/arduino-testlib/cli-datadir/user/libraries/MCCI_Catena_SCD30/src/MCCI_</pre>

					
					<h4>examples/header-test</h4>
					<p>
						Result: <b>FAIL</b>
					</p>
					<pre class="pre-scrollable">In file included from /Users/alranel/Documents/git/arduino/arduino-testlib/cli-datadir/user/libraries/MCCI_Catena_SCD30/src/MCCI_Catena_SCD30.cpp:22:0:
/Users/alranel/Documents/git/arduino/arduino-testlib/cli-datadir/user/libraries/MCCI_Catena_SCD30/src/MCCI_Catena_SCD30.h:82:20: error: expected &#39;)&#39; before &#39;&amp;&#39; token
     cSCD30(TwoWire &amp;wire, Address Address = Address::SCD30, Pin_t pinReady = -1)
                    ^
In file included from /Users/alranel/Documents/git/arduino/arduino-testlib/cli-datadir/user/libraries/MCCI_Catena_SCD30/src/MCCI_Catena_SCD30.cpp:22:0:
/Users/alranel/Documents/git/arduino/arduino-testlib/cli-datadir/user/libraries/MCCI_Catena_SCD30/src/MCCI_Catena_SCD30.h:290:5: error: &#39;TwoWire&#39; does not name a type; did you mean &#39;TwoWire_h&#39;?
     TwoWire *m_wire;                /// pointer to bus to be used for this device
     ^~~~~~~
     TwoWire_h
/Users/alranel/Documents/git/arduino/arduino-testlib/cli-datadir/user/libraries/MCCI_Catena_SCD30/src/MCCI_Catena_SCD30.h: In member function &#39;uint32_t McciCatenaScd30::cSCD30::getMsToNextMeasurement() const&#39;:
/Users/alranel/Documents/git/arduino/arduino-testlib/cli-datadir/user/libraries/MCCI_Catena_SCD30/src/MCCI_Catena_SCD30.h:254:26: error: &#39;millis&#39; was not declared in this scope
         auto const now = millis();
                          ^~~~~~
/Users/alranel/Documents/git/arduino/arduino-testlib/cli-datadir/user/libraries/MCCI_Catena_SCD30/src/MCCI_Catena_SCD30.h:254:26: note: suggested alternative: &#39;malloc&#39;
         auto const now = millis();
                          ^~~~~~
                          malloc
/Users/alranel/Documents/git/arduino/arduino-testlib/cli-datadir/user/libraries/MCCI_Catena_SCD30/src/MCCI_Catena_SCD30.cpp: In member function &#39;bool McciCatenaScd30::cSCD30::begin()&#39;:
/Users/alranel/Documents/git/arduino/arduino-testlib/cli-datadir/user/libraries/MCCI_Catena_SCD30/src/MCCI_Catena_SCD30.cpp:29:15: error: &#39;class McciCatenaScd30::cSCD30&#39; has no member named &#39;m_wire&#39;
     if (this-&gt;m_wire == nullptr)
               ^~~~~~
/Users/alranel/Documents/git/arduino/arduino-testlib/cli-datadir/user/libraries/MCCI_Catena_SCD30/src/MCCI_Catena_SCD30.cpp:35:11: error: &#39;class McciCatenaScd30::cSCD30&#39; has no member named &#39;m_wire&#39;
     this-&gt;m_wire-&gt;begin();
           ^~~~~~
/Users/alranel/Documents/git/arduino/arduino-testlib/cli-datadir/user/libraries/MCCI_Catena_SCD30/src/MCCI_Catena_SCD30.cpp:41:26: error: &#39;millis&#39; was not declared in this scope
         this-&gt;m_tReady = millis() &#43; this-&gt;m_ProductInfo.MeasurementInterval * 1000;
                          ^~~~~~
/Users/alranel/Documents/git/arduino/arduino-testlib/cli-datadir/user/libraries/MCCI_Catena_SCD30/src/MCCI_Catena_SCD30.cpp:41:26: note: suggested alternative: &#39;malloc&#39;
         this-&gt;m_tReady = millis() &#43; this-&gt;m_ProductInfo.MeasurementInterval * 1000;
                          ^~~~~~
                          malloc
/Users/alranel/Documents/git/arduino/arduino-testlib/cli-datadir/user/libraries/MCCI_Catena_SCD30/src/MCCI_Catena_SCD30.cpp: In member function &#39;bool McciCatenaScd30::cSCD30::readUint16(McciCatenaScd30::cSCD30::Command, uint16_t&amp;)&#39;:
/Users/alranel/Documents/git/arduino/arduino-testlib/cli-datadir/user/libraries/MCCI_Catena_SCD30/src/MCCI_Catena_SCD30.cpp:206:9: error: &#39;delay&#39; was not declared in this scope
         delay(this-&gt;kReadDelayMs);
         ^~~~~
/Users/alranel/Documents/git/arduino/arduino-testlib/cli-datadir/user/libraries/MCCI_Catena_SCD30/src/MCCI_Catena_SCD30.cpp: In member function &#39;bool McciCatenaScd30::cSCD30::setMeasurementInterval(uint16_t)&#39;:
/Users/alranel/Documents/git/arduino/arduino-testlib/cli-datadir/user/libraries/MCCI_Catena_SCD30/src/MCCI_Catena_SCD30.cpp:238:9: error: &#39;delay&#39; was not declared in this scope
         delay(this-&gt;kCommandRecoveryMs);
         ^~~~~
/Users/alranel/Documents/git/arduino/arduino-testlib/cli-datadir/user/libraries/MCCI_Catena_SCD30/src/MCCI_Catena_SCD30.cpp: In member function &#39;bool McciCatenaScd30::cSCD30::activateAutomaticSelfCalbration(bool)&#39;:
/Users/alranel/Documents/git/arduino/arduino-testlib/cli-datadir/user/libraries/MCCI_Catena_SCD30/src/MCCI_Catena_SCD30.cpp:265:9: error: &#39;delay&#39; was not declared in this scope
         delay(this-&gt;kCommandRecoveryMs);
         ^~~~~
/Users/alranel/Documents/git/arduino/arduino-testlib/cli-datadir/user/libraries/MCCI_Catena_SCD30/src/MCCI_Catena_SCD30.cpp: In member function &#39;bool McciCatenaScd30::cSCD30::writeCommandBuffer(const uint8_t*, size_t)&#39;:
/Users/alranel/Documents/git/arduino/arduino-testlib/cli-datadir/user/libraries/MCCI_Catena_SCD30/src/MCCI_Catena_SCD30.cpp:299:11: error: &#39;class McciCatenaScd30::cSCD30&#39; has no member named &#39;m_wire&#39;
     this-&gt;m_wire-&gt;beginTransmission(std::uint8_t(this-&gt;m_address));
           ^~~~~~
/Users/alranel/Documents/git/arduino/arduino-testlib/cli-datadir/user/libraries/MCCI_Catena_SCD30/src/MCCI_Catena_SCD30.cpp:300:15: error: &#39;class McciCatenaScd30::cSCD30&#39; has no member named &#39;m_wire&#39;
     if (this-&gt;m_wire-&gt;write(pBuffer, nBuffer) != nBuffer)
               ^~~~~~
/Users/alranel/Documents/git/arduino/arduino-testlib/cli-datadir/user/libraries/MCCI_Catena_SCD30/src/MCCI_Catena_SCD30.cpp:302:15: error: &#39;class McciCatenaScd30::cSCD30&#39; has no member named &#39;m_wire&#39;
     if (this-&gt;m_wire-&gt;endTransmission() != 0)
               ^~~~~~
/Users/alranel/Documents/git/arduino/arduino-testlib/cli-datadir/user/libraries/MCCI_Catena_SCD30/src/MCCI_Catena_SCD30.cpp: In member function &#39;bool McciCatenaScd30::cSCD30::readResponse(uint8_t*, size_t)&#39;:
/Users/alranel/Documents/git/arduino/arduino-testlib/cli-datadir/user/libraries/MCCI_Catena_SCD30/src/MCCI_Catena_SCD30.cpp:321:23: error: &#39;class McciCatenaScd30::cSCD30&#39; has no member named &#39;m_wire&#39;
     nReadFrom = this-&gt;m_wire-&gt;requestFrom(std::uint8_t(addr), /* bytes */ std::uint8_t(nBuf));
                       ^~~~~~
/Users/alranel/Documents/git/arduino/arduino-testlib/cli-datadir/user/libraries/MCCI_Catena_SCD30/src/MCCI_Catena_SCD30.cpp:327:21: error: &#39;class McciCatenaScd30::cSCD30&#39; has no member named &#39;m_wire&#39;
     nResult = this-&gt;m_wire-&gt;available();
                     ^~~~~~
/Users/alranel/Documents/git/arduino/arduino-testlib/cli-datadir/user/libraries/MCCI_Catena_SCD30/src/MCCI_Catena_SCD30.cpp:332:24: error: &#39;class McciCatenaScd30::cSCD30&#39; has no member named &#39;m_wire&#39;
         buf[i] = this-&gt;m_wire-&gt;read();
                        ^~~~~~
/Users/alranel/Documents/git/arduino/arduino-testlib/cli-datadir/user/libraries/MCCI_Catena_SCD30/src/MCCI_Catena_SCD30.cpp: In member function &#39;bool McciCatenaScd30::cSCD30::startContinuousMeasurementCommon(uint16_t)&#39;:
/Users/alranel/Documents/git/arduino/arduino-testlib/cli-datadir/user/libraries/MCCI_Catena_SCD30/src/MCCI_Catena_SCD30.cpp:352:9: error: &#39;delay&#39; was not declared in this scope
         delay(this-&gt;kCommandRecoveryMs);
         ^~~~~
/Users/alranel/Documents/git/arduino/arduino-testlib/cli-datadir/user/libraries/MCCI_Catena_SCD30/src/MCCI_Catena_SCD30.cpp:355:26: error: &#39;millis&#39; was not declared in this scope
         this-&gt;m_tReady = millis() &#43; this-&gt;m_ProductInfo.MeasurementInterval * 1000;
                          ^~~~~~
/Users/alranel/Documents/git/arduino/arduino-testlib/cli-datadir/user/libraries/MCCI_Catena_SCD30/src/MCCI_Catena_SCD30.cpp:355:26: note: suggested alternative: &#39;malloc&#39;
         this-&gt;m_tReady = millis() &#43; this-&gt;m_ProductInfo.MeasurementInterval * 1000;
                          ^~~~~~
                          malloc
/Users/alranel/Documents/git/arduino/arduino-testlib/cli-datadir/user/libraries/MCCI_Catena_SCD30/src/MCCI_Catena_SCD30.cpp: In member function &#39;bool McciCatenaScd30::cSCD30::queryReady(bool&amp;)&#39;:
/Users/alranel/Documents/git/arduino/arduino-testlib/cli-datadir/user/libraries/MCCI_Catena_SCD30/src/MCCI_Catena_SCD30.cpp:381:24: error: &#39;millis&#39; was not declared in this scope
     if ((std::int32_t)(millis() - this-&gt;m_tReady) &lt; 0)
                        ^~~~~~
/Users/alranel/Documents/git/arduino/arduino-testlib/cli-datadir/user/libraries/MCCI_Catena_SCD30/src/MCCI_Catena_SCD30.cpp:381:24: note: suggested alternative: &#39;malloc&#39;
     if ((std::int32_t)(millis() - this-&gt;m_tReady) &lt; 0)
                        ^~~~~~
                        malloc
/Users/alranel/Documents/git/arduino/arduino-testlib/cli-datadir/user/libraries/MCCI_Catena_SCD30/src/MCCI_Catena_SCD30.cpp:396:30: error: &#39;millis&#39; was not declared in this scope
             this-&gt;m_tReady = millis() &#43; 1000;
                              ^~~~~~
/Users/alranel/Documents/git/arduino/arduino-testlib/cli-datadir/user/libraries/MCCI_Catena_SCD30/src/MCCI_Catena_SCD30.cpp:396:30: note: suggested alternative: &#39;malloc&#39;
             this-&gt;m_tReady = millis() &#43; 1000;
                              ^~~~~~
                              malloc
/Users/alranel/Documents/git/arduino/arduino-testlib/cli-datadir/user/libraries/MCCI_Catena_SCD30/src/MCCI_Catena_SCD30.cpp:414:34: error: &#39;millis&#39; was not declared in this scope
                 this-&gt;m_tReady = millis() &#43; 1000;
                                  ^~~~~~
/Users/alranel/Documents/git/arduino/arduino-testlib/cli-datadir/user/libraries/MCCI_Catena_SCD30/src/MCCI_Catena_SCD30.cpp:414:34: note: suggested alternative: &#39;malloc&#39;
                 this-&gt;m_tReady = millis() &#43; 1000;
                                  ^~~~~~
                                  malloc
/Users/alranel/Documents/git/arduino/arduino-testlib/cli-datadir/user/libraries/MCCI_Catena_SCD30/src/MCCI_Catena_SCD30.cpp:425:30: error: &#39;millis&#39; was not declared in this scope
             this-&gt;m_tReady = millis() &#43; 100;
                              ^~~~~~
/Users/alranel/Documents/git/arduino/arduino-testlib/cli-datadir/user/libraries/MCCI_Catena_SCD30/src/MCCI_Catena_SCD30.cpp:425:30: note: suggested alternative: &#39;malloc&#39;
             this-&gt;m_tReady = millis() &#43; 100;
                              ^~~~~~
                              malloc
/Users/alranel/Documents/git/arduino/arduino-testlib/cli-datadir/user/libraries/MCCI_Catena_SCD30/src/MCCI_</pre>
					
					<h4>examples/scd30_lorawan</h4>
					<p>
						Result: <b>FAIL</b>
					</p>
					<pre class="pre-scrollable">In file included from /Users/alranel/Documents/git/arduino/arduino-testlib/cli-datadir/user/libraries/MCCI_Catena_Arduino_Platform/src/lib/samd/catena4410/Catena4410_gk_lorawan_keys.cpp:37:0:
/Users/alranel/Documents/git/arduino/arduino-testlib/cli-datadir/user/libraries/MCCI_Catena_Arduino_Platform/src/Catena4410_project_config.h:37:10: fatal error: ../../arduino-lmic/src/lmic/lmic_config_preconditions.h: No such file or directory
 #include &#34;../../arduino-lmic/src/lmic/lmic_config_preconditions.h&#34;
          ^~~~~~~~~~~~~~~~~~~~~~~~~~~~~~~~~~~~~~~~~~~~~~~~~~~~~~~~~
compilation terminated.

</pre>
					
					<h4>examples/scd30_simple</h4>
					<p>
						Result: <b>FAIL</b>
					</p>
					<pre class="pre-scrollable">In file included from /Users/alranel/Documents/git/arduino/arduino-testlib/cli-datadir/user/libraries/MCCI_Catena_SCD30/examples/scd30_simple/scd30_simple.ino:16:0:
/Users/alranel/Documents/git/arduino/arduino-testlib/cli-datadir/user/libraries/MCCI_Catena_SCD30/src/MCCI_Catena_SCD30.h:82:20: error: expected &#39;)&#39; before &#39;&amp;&#39; token
     cSCD30(TwoWire &amp;wire, Address Address = Address::SCD30, Pin_t pinReady = -1)
                    ^
In file included from /Users/alranel/Documents/git/arduino/arduino-testlib/cli-datadir/user/libraries/MCCI_Catena_SCD30/examples/scd30_simple/scd30_simple.ino:16:0:
/Users/alranel/Documents/git/arduino/arduino-testlib/cli-datadir/user/libraries/MCCI_Catena_SCD30/src/MCCI_Catena_SCD30.h:290:5: error: &#39;TwoWire&#39; does not name a type; did you mean &#39;TwoWire_h&#39;?
     TwoWire *m_wire;                /// pointer to bus to be used for this device
     ^~~~~~~
     TwoWire_h
/Users/alranel/Documents/git/arduino/arduino-testlib/cli-datadir/user/libraries/MCCI_Catena_SCD30/src/MCCI_Catena_SCD30.h: In member function &#39;uint32_t McciCatenaScd30::cSCD30::getMsToNextMeasurement() const&#39;:
/Users/alranel/Documents/git/arduino/arduino-testlib/cli-datadir/user/libraries/MCCI_Catena_SCD30/src/MCCI_Catena_SCD30.h:254:26: error: &#39;millis&#39; was not declared in this scope
         auto const now = millis();
                          ^~~~~~
/Users/alranel/Documents/git/arduino/arduino-testlib/cli-datadir/user/libraries/MCCI_Catena_SCD30/src/MCCI_Catena_SCD30.h:254:26: note: suggested alternative: &#39;malloc&#39;
         auto const now = millis();
                          ^~~~~~
                          malloc
/Users/alranel/Documents/git/arduino/arduino-testlib/cli-datadir/user/libraries/MCCI_Catena_SCD30/examples/scd30_simple/scd30_simple.ino: At global scope:
/Users/alranel/Documents/git/arduino/arduino-testlib/cli-datadir/user/libraries/MCCI_Catena_SCD30/examples/scd30_simple/scd30_simple.ino:49:20: error: no matching function for call to &#39;McciCatenaScd30::cSCD30::cSCD30(&lt;brace-enclosed initializer list&gt;)&#39;
 cSCD30 gScd30 {Wire};
                    ^
In file included from /Users/alranel/Documents/git/arduino/arduino-testlib/cli-datadir/user/libraries/MCCI_Catena_SCD30/examples/scd30_simple/scd30_simple.ino:16:0:
/Users/alranel/Documents/git/arduino/arduino-testlib/cli-datadir/user/libraries/MCCI_Catena_SCD30/src/MCCI_Catena_SCD30.h:91:5: note: candidate: McciCatenaScd30::cSCD30::cSCD30(const McciCatenaScd30::cSCD30&amp;&amp;) &lt;deleted&gt;
     cSCD30(const cSCD30&amp;&amp;) = delete;
     ^~~~~~
/Users/alranel/Documents/git/arduino/arduino-testlib/cli-datadir/user/libraries/MCCI_Catena_SCD30/src/MCCI_Catena_SCD30.h:91:5: note:   no known conversion for argument 1 from &#39;arduino::TwoWire&#39; to &#39;const McciCatenaScd30::cSCD30&amp;&amp;&#39;
/Users/alranel/Documents/git/arduino/arduino-testlib/cli-datadir/user/libraries/MCCI_Catena_SCD30/src/MCCI_Catena_SCD30.h:89:5: note: candidate: McciCatenaScd30::cSCD30::cSCD30(const McciCatenaScd30::cSCD30&amp;) &lt;deleted&gt;
     cSCD30(const cSCD30&amp;) = delete;
     ^~~~~~
/Users/alranel/Documents/git/arduino/arduino-testlib/cli-datadir/user/libraries/MCCI_Catena_SCD30/src/MCCI_Catena_SCD30.h:89:5: note:   no known conversion for argument 1 from &#39;arduino::TwoWire&#39; to &#39;const McciCatenaScd30::cSCD30&amp;&#39;
/Users/alranel/Documents/git/arduino/arduino-testlib/cli-datadir/user/libraries/MCCI_Catena_SCD30/examples/scd30_simple/scd30_simple.ino: In function &#39;void setup()&#39;:
/Users/alranel/Documents/git/arduino/arduino-testlib/cli-datadir/user/libraries/MCCI_Catena_SCD30/examples/scd30_simple/scd30_simple.ino:86:17: error: &#39;D5&#39; was not declared in this scope
         pinMode(D5, OUTPUT);
                 ^~
/Users/alranel/Documents/git/arduino/arduino-testlib/cli-datadir/user/libraries/MCCI_Catena_SCD30/examples/scd30_simple/scd30_simple.ino:86:17: note: suggested alternative: &#39;A5&#39;
         pinMode(D5, OUTPUT);
                 ^~
                 A5
/Users/alranel/Documents/git/arduino/arduino-testlib/cli-datadir/user/libraries/MCCI_Catena_SCD30/examples/scd30_simple/scd30_simple.ino:90:17: error: &#39;D11&#39; was not declared in this scope
         pinMode(D11, OUTPUT);
                 ^~~
/Users/alranel/Documents/git/arduino/arduino-testlib/cli-datadir/user/libraries/MCCI_Catena_SCD30/examples/scd30_simple/scd30_simple.ino:90:17: note: suggested alternative: &#39;B11&#39;
         pinMode(D11, OUTPUT);
                 ^~~
                 B11
/Users/alranel/Documents/git/arduino/arduino-testlib/cli-datadir/user/libraries/MCCI_Catena_SCD30/examples/scd30_simple/scd30_simple.ino:94:17: error: &#39;D10&#39; was not declared in this scope
         pinMode(D10, OUTPUT);
                 ^~~
/Users/alranel/Documents/git/arduino/arduino-testlib/cli-datadir/user/libraries/MCCI_Catena_SCD30/examples/scd30_simple/scd30_simple.ino:94:17: note: suggested alternative: &#39;B10&#39;
         pinMode(D10, OUTPUT);
                 ^~~
                 B10
/Users/alranel/Documents/git/arduino/arduino-testlib/cli-datadir/user/libraries/MCCI_Catena_SCD30/examples/scd30_simple/scd30_simple.ino:98:24: error: &#39;RCC&#39; was not declared in this scope
         Serial.println(RCC-&gt;CSR &gt;&gt; 24, HEX);
                        ^~~
/Users/alranel/Documents/git/arduino/arduino-testlib/cli-datadir/user/libraries/MCCI_Catena_SCD30/examples/scd30_simple/scd30_simple.ino:98:24: note: suggested alternative: &#39;RTC&#39;
         Serial.println(RCC-&gt;CSR &gt;&gt; 24, HEX);
                        ^~~
                        RTC
/Users/alranel/Documents/git/arduino/arduino-testlib/cli-datadir/user/libraries/MCCI_Catena_SCD30/examples/scd30_simple/scd30_simple.ino:99:21: error: &#39;RCC_CSR_RMVF&#39; was not declared in this scope
         RCC-&gt;CSR |= RCC_CSR_RMVF;
                     ^~~~~~~~~~~~

</pre>
					
				
				<h3 id="esp32:esp32:d1_mini32">esp32:esp32:d1_mini32 @ 1.0.6</h3>
				<h4>Inclusion</h4>
				<p>
					Result: <b>PASS</b>
					
				</p>
				<pre class="pre-scrollable">Sketch uses 202322 bytes (15%) of program storage space. Maximum is 1310720 bytes.
Global variables use 13872 bytes (4%) of dynamic memory, leaving 313808 bytes for local variables. Maximum is 327680 bytes.
</pre>

					
					<h4>examples/header-test</h4>
					<p>
						Result: <b>PASS</b>
					</p>
					<pre class="pre-scrollable">Sketch uses 202322 bytes (15%) of program storage space. Maximum is 1310720 bytes.
Global variables use 13872 bytes (4%) of dynamic memory, leaving 313808 bytes for local variables. Maximum is 327680 bytes.
</pre>
					
					<h4>examples/scd30_lorawan</h4>
					<p>
						Result: <b>FAIL</b>
					</p>
					<pre class="pre-scrollable">WARNING: library MCCI_Catena_Arduino_Platform claims to run on samd, stm32 architecture(s) and may be incompatible with your current board which runs on esp32 architecture(s).
WARNING: library MCCI_FRAM_I2C claims to run on samd, stm32 architecture(s) and may be incompatible with your current board which runs on esp32 architecture(s).
/home/ec2-user/arduino-testlib/cli-datadir/user/libraries/MCCI_Catena_SCD30/examples/scd30_lorawan/scd30_lorawan.ino:17:3: error: #error &#34;This sketch targets the MCCI Catena 4801&#34;
 # error &#34;This sketch targets the MCCI Catena 4801&#34;
   ^
In file included from /home/ec2-user/arduino-testlib/cli-datadir/user/libraries/MCCI_Catena_SCD30/examples/scd30_lorawan/scd30_lorawan.h:29:0,
                 from /home/ec2-user/arduino-testlib/cli-datadir/user/libraries/MCCI_Catena_SCD30/examples/scd30_lorawan/scd30_lorawan.ino:21:
/home/ec2-user/arduino-testlib/cli-datadir/user/libraries/MCCI_Catena_Arduino_Platform/src/Catena.h:76:3: error: #error Architecture not supported
 # error Architecture not supported
   ^

</pre>
					
					<h4>examples/scd30_simple</h4>
					<p>
						Result: <b>FAIL</b>
					</p>
					<pre class="pre-scrollable">/home/ec2-user/arduino-testlib/cli-datadir/user/libraries/MCCI_Catena_SCD30/examples/scd30_simple/scd30_simple.ino: In function &#39;void setup()&#39;:
/home/ec2-user/arduino-testlib/cli-datadir/user/libraries/MCCI_Catena_SCD30/examples/scd30_simple/scd30_simple.ino:90:17: error: &#39;D11&#39; was not declared in this scope
         pinMode(D11, OUTPUT);
                 ^
/home/ec2-user/arduino-testlib/cli-datadir/user/libraries/MCCI_Catena_SCD30/examples/scd30_simple/scd30_simple.ino:94:17: error: &#39;D10&#39; was not declared in this scope
         pinMode(D10, OUTPUT);
                 ^
/home/ec2-user/arduino-testlib/cli-datadir/user/libraries/MCCI_Catena_SCD30/examples/scd30_simple/scd30_simple.ino:98:24: error: &#39;RCC&#39; was not declared in this scope
         Serial.println(RCC-&gt;CSR &gt;&gt; 24, HEX);
                        ^
/home/ec2-user/arduino-testlib/cli-datadir/user/libraries/MCCI_Catena_SCD30/examples/scd30_simple/scd30_simple.ino:99:21: error: &#39;RCC_CSR_RMVF&#39; was not declared in this scope
         RCC-&gt;CSR |= RCC_CSR_RMVF;
                     ^

</pre>
					
				
			</div>
		</div>
	</div>
  </body>
</html>
