
<!doctype html>
<html lang="en">
  <head>
    <meta charset="utf-8">
    <meta name="viewport" content="width=device-width, initial-scale=1">
    <link href="https://cdn.jsdelivr.net/npm/bootstrap@5.0.2/dist/css/bootstrap.min.css" rel="stylesheet" integrity="sha384-EVSTQN3/azprG1Anm3QDgpJLIm9Nao0Yz1ztcQTwFspd3yD65VohhpuuCOmLASjC" crossorigin="anonymous">
    <title>arduino-testlib report</title>
	<style>
	.pass { background-color: #00FF00 !important; }
	.fail { background-color: #FF0000 !important; }
	</style>
  </head>
  <body>
	<div class="container">
		<div class="row">
			<div class="col">
				<h1>MD_PWM - compatibility matrix</h1>
				<p>
					<small>This report was generated on Monday, 21-Feb-22 12:00:25 CET using 
					<a href="https://github.com/alranel/arduino-testlib">arduino-testlib</a>.</small>
				</p>

				<h2>MD_PWM</h2>
				<p>
					Version: <b>1.1.0</b>
					<br />
					<a href="https://www.arduino.cc/reference/en/libraries/md_pwm/">More details</a>
				</p>

				<h2>Compatibility matrix</h2>
				<table class="table table-bordered">
					<tr>
						<th>Board</th>
						<th>Claims compatibility</th>
						<th>Inclusion</th>
						
						<th><pre>MD_PWM_Test</pre></th>
						
					</tr>
					
					<tr>
						<td>
							<a href="#arduino%3aavr%3auno"><b>arduino:avr:uno</b></a>
							<br />
							<small>1.8.4</small>
						</td>

						
							<td>Yes</td>
							<td class="pass">PASS</td>
						
						
						
						

						
							
								
									
										
											<td class="pass">PASS</td>
											
										
									
								
							
								
							
								
							
								
							
								
							
						
					</tr>
					
					<tr>
						<td>
							<a href="#arduino%3ambed_nano%3ananorp2040connect"><b>arduino:mbed_nano:nanorp2040connect</b></a>
							<br />
							<small>2.7.2</small>
						</td>

						
						
						
						
							<td>No</td>
							<td class="fail">FAIL</td>
						

						
							
								
							
								
									
										
											
											<td class="fail">FAIL</td>
										
									
								
							
								
							
								
							
								
							
						
					</tr>
					
					<tr>
						<td>
							<a href="#arduino%3amegaavr%3anona4809"><b>arduino:megaavr:nona4809</b></a>
							<br />
							<small>1.8.7</small>
						</td>

						
						
						
						
							<td>No</td>
							<td class="fail">FAIL</td>
						

						
							
								
							
								
							
								
									
										
											
											<td class="fail">FAIL</td>
										
									
								
							
								
							
								
							
						
					</tr>
					
					<tr>
						<td>
							<a href="#arduino%3asamd%3amkrwifi1010"><b>arduino:samd:mkrwifi1010</b></a>
							<br />
							<small>1.8.12</small>
						</td>

						
						
						
						
							<td>No</td>
							<td class="fail">FAIL</td>
						

						
							
								
							
								
							
								
							
								
									
										
											
											<td class="fail">FAIL</td>
										
									
								
							
								
							
						
					</tr>
					
					<tr>
						<td>
							<a href="#esp32%3aesp32%3ad1_mini32"><b>esp32:esp32:d1_mini32</b></a>
							<br />
							<small>1.0.6</small>
						</td>

						
						
						
						
							<td>No</td>
							<td class="fail">FAIL</td>
						

						
							
								
							
								
							
								
							
								
							
								
									
										
											
											<td class="fail">FAIL</td>
										
									
								
							
						
					</tr>
					
				</table>

				<h2>Compilation logs</h2>
				
				<h3 id="arduino:avr:uno">arduino:avr:uno @ 1.8.4</h3>
				<h4>Inclusion</h4>
				<p>
					Result: <b>PASS</b>
					
				</p>
				<pre class="pre-scrollable">WARNING: library MD_PWM claims to run on AVR architecture(s) and may be incompatible with your current board which runs on avr architecture(s).
Sketch uses 478 bytes (1%) of program storage space. Maximum is 32256 bytes.
Global variables use 10 bytes (0%) of dynamic memory, leaving 2038 bytes for local variables. Maximum is 2048 bytes.
</pre>

					
					<h4>examples/MD_PWM_Test</h4>
					<p>
						Result: <b>PASS</b>
					</p>
					<pre class="pre-scrollable">WARNING: library MD_PWM claims to run on AVR architecture(s) and may be incompatible with your current board which runs on avr architecture(s).
Sketch uses 4722 bytes (14%) of program storage space. Maximum is 32256 bytes.
Global variables use 410 bytes (20%) of dynamic memory, leaving 1638 bytes for local variables. Maximum is 2048 bytes.
</pre>
					
				
				<h3 id="arduino:mbed_nano:nanorp2040connect">arduino:mbed_nano:nanorp2040connect @ 2.7.2</h3>
				<h4>Inclusion</h4>
				<p>
					Result: <b>FAIL</b>
					
				</p>
				<pre class="pre-scrollable">WARNING: library MD_PWM claims to run on AVR architecture(s) and may be incompatible with your current board which runs on mbed_nano architecture(s).
/home/ec2-user/arduino-testlib/cli-datadir/user/libraries/MD_PWM/src/MD_PWM.cpp: In constructor &#39;MD_PWM::MD_PWM(uint8_t)&#39;:
/home/ec2-user/arduino-testlib/cli-datadir/user/libraries/MD_PWM/src/MD_PWM.cpp:16:13: error: &#39;portOutputRegister&#39; was not declared in this scope
   _outReg = portOutputRegister(digitalPinToPort(pin)); // output pin register
             ^~~~~~~~~~~~~~~~~~
/home/ec2-user/arduino-testlib/cli-datadir/user/libraries/MD_PWM/src/MD_PWM.cpp:17:17: error: &#39;digitalPinToBitMask&#39; was not declared in this scope
   _outRegMask = digitalPinToBitMask(pin);              // mask for pin in that register
                 ^~~~~~~~~~~~~~~~~~~
/home/ec2-user/arduino-testlib/cli-datadir/user/libraries/MD_PWM/src/MD_PWM.cpp:17:17: note: suggested alternative: &#39;digitalPinToPinName&#39;
   _outRegMask = digitalPinToBitMask(pin);              // mask for pin in that register
                 ^~~~~~~~~~~~~~~~~~~
                 digitalPinToPinName
/home/ec2-user/arduino-testlib/cli-datadir/user/libraries/MD_PWM/src/MD_PWM.cpp: At global scope:
/home/ec2-user/arduino-testlib/cli-datadir/user/libraries/MD_PWM/src/MD_PWM.cpp:136:4: error: expected constructor, destructor, or type conversion before &#39;(&#39; token
 ISR(TIMER2_OVF_vect)
    ^
/home/ec2-user/arduino-testlib/cli-datadir/user/libraries/MD_PWM/src/MD_PWM.cpp: In member function &#39;void MD_PWM::setTimerMode()&#39;:
/home/ec2-user/arduino-testlib/cli-datadir/user/libraries/MD_PWM/src/MD_PWM.cpp:154:3: error: &#39;TCCR2B&#39; was not declared in this scope
   TCCR2B = _BV(WGM22);
   ^~~~~~
/home/ec2-user/arduino-testlib/cli-datadir/user/libraries/MD_PWM/src/MD_PWM.cpp:154:16: error: &#39;WGM22&#39; was not declared in this scope
   TCCR2B = _BV(WGM22);
                ^~~~~
/home/ec2-user/arduino-testlib/cli-datadir/user/libraries/MD_PWM/src/MD_PWM.cpp:154:12: error: &#39;_BV&#39; was not declared in this scope
   TCCR2B = _BV(WGM22);
            ^~~
/home/ec2-user/arduino-testlib/cli-datadir/user/libraries/MD_PWM/src/MD_PWM.cpp:154:12: note: suggested alternative: &#39;_B&#39;
   TCCR2B = _BV(WGM22);
            ^~~
            _B
/home/ec2-user/arduino-testlib/cli-datadir/user/libraries/MD_PWM/src/MD_PWM.cpp: In member function &#39;void MD_PWM::setFrequency(uint32_t)&#39;:
/home/ec2-user/arduino-testlib/cli-datadir/user/libraries/MD_PWM/src/MD_PWM.cpp:166:22: error: &#39;F_CPU&#39; was not declared in this scope
   uint32_t cycles = (F_CPU / (freq &lt;&lt; 8))/2;
                      ^~~~~
/home/ec2-user/arduino-testlib/cli-datadir/user/libraries/MD_PWM/src/MD_PWM.cpp:189:59: error: &#39;CS20&#39; was not declared in this scope
   if      (cycles         &lt; TIMER_RESOLUTION) scale = _BV(CS20);              // prescale /1 (full xtal)
                                                           ^~~~
/home/ec2-user/arduino-testlib/cli-datadir/user/libraries/MD_PWM/src/MD_PWM.cpp:189:59: note: suggested alternative: &#39;._20&#39;
   if      (cycles         &lt; TIMER_RESOLUTION) scale = _BV(CS20);              // prescale /1 (full xtal)
                                                           ^~~~
                                                           ._20
/home/ec2-user/arduino-testlib/cli-datadir/user/libraries/MD_PWM/src/MD_PWM.cpp:189:55: error: &#39;_BV&#39; was not declared in this scope
   if      (cycles         &lt; TIMER_RESOLUTION) scale = _BV(CS20);              // prescale /1 (full xtal)
                                                       ^~~
/home/ec2-user/arduino-testlib/cli-datadir/user/libraries/MD_PWM/src/MD_PWM.cpp:189:55: note: suggested alternative: &#39;_B&#39;
   if      (cycles         &lt; TIMER_RESOLUTION) scale = _BV(CS20);              // prescale /1 (full xtal)
                                                       ^~~
                                                       _B
/home/ec2-user/arduino-testlib/cli-datadir/user/libraries/MD_PWM/src/MD_PWM.cpp:190:59: error: &#39;CS21&#39; was not declared in this scope
   else if ((cycles &gt;&gt;= 3) &lt; TIMER_RESOLUTION) scale = _BV(CS21);              // prescale /8
                                                           ^~~~
/home/ec2-user/arduino-testlib/cli-datadir/user/libraries/MD_PWM/src/MD_PWM.cpp:190:59: note: suggested alternative: &#39;._21&#39;
   else if ((cycles &gt;&gt;= 3) &lt; TIMER_RESOLUTION) scale = _BV(CS21);              // prescale /8
                                                           ^~~~
                                                           ._21
/home/ec2-user/arduino-testlib/cli-datadir/user/libraries/MD_PWM/src/MD_PWM.cpp:190:55: error: &#39;_BV&#39; was not declared in this scope
   else if ((cycles &gt;&gt;= 3) &lt; TIMER_RESOLUTION) scale = _BV(CS21);              // prescale /8
                                                       ^~~
/home/ec2-user/arduino-testlib/cli-datadir/user/libraries/MD_PWM/src/MD_PWM.cpp:190:55: note: suggested alternative: &#39;_B&#39;
   else if ((cycles &gt;&gt;= 3) &lt; TIMER_RESOLUTION) scale = _BV(CS21);              // prescale /8
                                                       ^~~
                                                       _B
/home/ec2-user/arduino-testlib/cli-datadir/user/libraries/MD_PWM/src/MD_PWM.cpp:191:59: error: &#39;CS21&#39; was not declared in this scope
   else if ((cycles &gt;&gt;= 2) &lt; TIMER_RESOLUTION) scale = _BV(CS21) | _BV(CS20);  // prescale /32
                                                           ^~~~
/home/ec2-user/arduino-testlib/cli-datadir/user/libraries/MD_PWM/src/MD_PWM.cpp:191:59: note: suggested alternative: &#39;._21&#39;
   else if ((cycles &gt;&gt;= 2) &lt; TIMER_RESOLUTION) scale = _BV(CS21) | _BV(CS20);  // prescale /32
                                                           ^~~~
                                                           ._21
/home/ec2-user/arduino-testlib/cli-datadir/user/libraries/MD_PWM/src/MD_PWM.cpp:191:55: error: &#39;_BV&#39; was not declared in this scope
   else if ((cycles &gt;&gt;= 2) &lt; TIMER_RESOLUTION) scale = _BV(CS21) | _BV(CS20);  // prescale /32
                                                       ^~~
/home/ec2-user/arduino-testlib/cli-datadir/user/libraries/MD_PWM/src/MD_PWM.cpp:191:55: note: suggested alternative: &#39;_B&#39;
   else if ((cycles &gt;&gt;= 2) &lt; TIMER_RESOLUTION) scale = _BV(CS21) | _BV(CS20);  // prescale /32
                                                       ^~~
                                                       _B
/home/ec2-user/arduino-testlib/cli-datadir/user/libraries/MD_PWM/src/MD_PWM.cpp:191:71: error: &#39;CS20&#39; was not declared in this scope
   else if ((cycles &gt;&gt;= 2) &lt; TIMER_RESOLUTION) scale = _BV(CS21) | _BV(CS20);  // prescale /32
                                                                       ^~~~
/home/ec2-user/arduino-testlib/cli-datadir/user/libraries/MD_PWM/src/MD_PWM.cpp:191:71: note: suggested alternative: &#39;._20&#39;
   else if ((cycles &gt;&gt;= 2) &lt; TIMER_RESOLUTION) scale = _BV(CS21) | _BV(CS20);  // prescale /32
                                                                       ^~~~
                                                                       ._20
/home/ec2-user/arduino-testlib/cli-datadir/user/libraries/MD_PWM/src/MD_PWM.cpp:192:59: error: &#39;CS22&#39; was not declared in this scope
   else if ((cycles &gt;&gt;= 1) &lt; TIMER_RESOLUTION) scale = _BV(CS22);              // prescale /64
                                                           ^~~~
/home/ec2-user/arduino-testlib/cli-datadir/user/libraries/MD_PWM/src/MD_PWM.cpp:192:59: note: suggested alternative: &#39;._22&#39;
   else if ((cycles &gt;&gt;= 1) &lt; TIMER_RESOLUTION) scale = _BV(CS22);              // prescale /64
                                                           ^~~~
                                                           ._22
/home/ec2-user/arduino-testlib/cli-datadir/user/libraries/MD_PWM/src/MD_PWM.cpp:192:55: error: &#39;_BV&#39; was not declared in this scope
   else if ((cycles &gt;&gt;= 1) &lt; TIMER_RESOLUTION) scale = _BV(CS22);              // prescale /64
                                                       ^~~
/home/ec2-user/arduino-testlib/cli-datadir/user/libraries/MD_PWM/src/MD_PWM.cpp:192:55: note: suggested alternative: &#39;_B&#39;
   else if ((cycles &gt;&gt;= 1) &lt; TIMER_RESOLUTION) scale = _BV(CS22);              // prescale /64
                                                       ^~~
                                                       _B
/home/ec2-user/arduino-testlib/cli-datadir/user/libraries/MD_PWM/src/MD_PWM.cpp:193:59: error: &#39;CS22&#39; was not declared in this scope
   else if ((cycles &gt;&gt;= 1) &lt; TIMER_RESOLUTION) scale = _BV(CS22) | _BV(CS20);  // prescale /128
                                                           ^~~~
/home/ec2-user/arduino-testlib/cli-datadir/user/libraries/MD_PWM/src/MD_PWM.cpp:193:59: note: suggested alternative: &#39;._22&#39;
   else if ((cycles &gt;&gt;= 1) &lt; TIMER_RESOLUTION) scale = _BV(CS22) | _BV(CS20);  // prescale /128
                                                           ^~~~
                                                           ._22
/home/ec2-user/arduino-testlib/cli-datadir/user/libraries/MD_PWM/src/MD_PWM.cpp:193:55: error: &#39;_BV&#39; was not declared in this scope
   else if ((cycles &gt;&gt;= 1) &lt; TIMER_RESOLUTION) scale = _BV(CS22) | _BV(CS20);  // prescale /128
                                                       ^~~
/home/ec2-user/arduino-testlib/cli-datadir/user/libraries/MD_PWM/src/MD_PWM.cpp:193:55: note: suggested alternative: &#39;_B&#39;
   else if ((cycles &gt;&gt;= 1) &lt; TIMER_RESOLUTION) scale = _BV(CS22) | _BV(CS20);  // prescale /128
                                                       ^~~
                                                       _B
/home/ec2-user/arduino-testlib/cli-datadir/user/libraries/MD_PWM/src/MD_PWM.cpp:193:71: error: &#39;CS20&#39; was not declared in this scope
   else if ((cycles &gt;&gt;= 1) &lt; TIMER_RESOLUTION) scale = _BV(CS22) | _BV(CS20);  // prescale /128
                                                                       ^~~~
/home/ec2-user/arduino-testlib/cli-datadir/user/libraries/MD_PWM/src/MD_PWM.cpp:193:71: note: suggested alternat</pre>

					
					<h4>examples/MD_PWM_Test</h4>
					<p>
						Result: <b>FAIL</b>
					</p>
					<pre class="pre-scrollable">WARNING: library MD_PWM claims to run on AVR architecture(s) and may be incompatible with your current board which runs on mbed_nano architecture(s).
/home/ec2-user/arduino-testlib/cli-datadir/user/libraries/MD_PWM/src/MD_PWM.cpp: In constructor &#39;MD_PWM::MD_PWM(uint8_t)&#39;:
/home/ec2-user/arduino-testlib/cli-datadir/user/libraries/MD_PWM/src/MD_PWM.cpp:16:13: error: &#39;portOutputRegister&#39; was not declared in this scope
   _outReg = portOutputRegister(digitalPinToPort(pin)); // output pin register
             ^~~~~~~~~~~~~~~~~~
/home/ec2-user/arduino-testlib/cli-datadir/user/libraries/MD_PWM/src/MD_PWM.cpp:17:17: error: &#39;digitalPinToBitMask&#39; was not declared in this scope
   _outRegMask = digitalPinToBitMask(pin);              // mask for pin in that register
                 ^~~~~~~~~~~~~~~~~~~
/home/ec2-user/arduino-testlib/cli-datadir/user/libraries/MD_PWM/src/MD_PWM.cpp:17:17: note: suggested alternative: &#39;digitalPinToPinName&#39;
   _outRegMask = digitalPinToBitMask(pin);              // mask for pin in that register
                 ^~~~~~~~~~~~~~~~~~~
                 digitalPinToPinName
/home/ec2-user/arduino-testlib/cli-datadir/user/libraries/MD_PWM/src/MD_PWM.cpp: At global scope:
/home/ec2-user/arduino-testlib/cli-datadir/user/libraries/MD_PWM/src/MD_PWM.cpp:136:4: error: expected constructor, destructor, or type conversion before &#39;(&#39; token
 ISR(TIMER2_OVF_vect)
    ^
/home/ec2-user/arduino-testlib/cli-datadir/user/libraries/MD_PWM/src/MD_PWM.cpp: In member function &#39;void MD_PWM::setTimerMode()&#39;:
/home/ec2-user/arduino-testlib/cli-datadir/user/libraries/MD_PWM/src/MD_PWM.cpp:154:3: error: &#39;TCCR2B&#39; was not declared in this scope
   TCCR2B = _BV(WGM22);
   ^~~~~~
/home/ec2-user/arduino-testlib/cli-datadir/user/libraries/MD_PWM/src/MD_PWM.cpp:154:16: error: &#39;WGM22&#39; was not declared in this scope
   TCCR2B = _BV(WGM22);
                ^~~~~
/home/ec2-user/arduino-testlib/cli-datadir/user/libraries/MD_PWM/src/MD_PWM.cpp:154:12: error: &#39;_BV&#39; was not declared in this scope
   TCCR2B = _BV(WGM22);
            ^~~
/home/ec2-user/arduino-testlib/cli-datadir/user/libraries/MD_PWM/src/MD_PWM.cpp:154:12: note: suggested alternative: &#39;_B&#39;
   TCCR2B = _BV(WGM22);
            ^~~
            _B
/home/ec2-user/arduino-testlib/cli-datadir/user/libraries/MD_PWM/src/MD_PWM.cpp: In member function &#39;void MD_PWM::setFrequency(uint32_t)&#39;:
/home/ec2-user/arduino-testlib/cli-datadir/user/libraries/MD_PWM/src/MD_PWM.cpp:166:22: error: &#39;F_CPU&#39; was not declared in this scope
   uint32_t cycles = (F_CPU / (freq &lt;&lt; 8))/2;
                      ^~~~~
/home/ec2-user/arduino-testlib/cli-datadir/user/libraries/MD_PWM/src/MD_PWM.cpp:189:59: error: &#39;CS20&#39; was not declared in this scope
   if      (cycles         &lt; TIMER_RESOLUTION) scale = _BV(CS20);              // prescale /1 (full xtal)
                                                           ^~~~
/home/ec2-user/arduino-testlib/cli-datadir/user/libraries/MD_PWM/src/MD_PWM.cpp:189:59: note: suggested alternative: &#39;._20&#39;
   if      (cycles         &lt; TIMER_RESOLUTION) scale = _BV(CS20);              // prescale /1 (full xtal)
                                                           ^~~~
                                                           ._20
/home/ec2-user/arduino-testlib/cli-datadir/user/libraries/MD_PWM/src/MD_PWM.cpp:189:55: error: &#39;_BV&#39; was not declared in this scope
   if      (cycles         &lt; TIMER_RESOLUTION) scale = _BV(CS20);              // prescale /1 (full xtal)
                                                       ^~~
/home/ec2-user/arduino-testlib/cli-datadir/user/libraries/MD_PWM/src/MD_PWM.cpp:189:55: note: suggested alternative: &#39;_B&#39;
   if      (cycles         &lt; TIMER_RESOLUTION) scale = _BV(CS20);              // prescale /1 (full xtal)
                                                       ^~~
                                                       _B
/home/ec2-user/arduino-testlib/cli-datadir/user/libraries/MD_PWM/src/MD_PWM.cpp:190:59: error: &#39;CS21&#39; was not declared in this scope
   else if ((cycles &gt;&gt;= 3) &lt; TIMER_RESOLUTION) scale = _BV(CS21);              // prescale /8
                                                           ^~~~
/home/ec2-user/arduino-testlib/cli-datadir/user/libraries/MD_PWM/src/MD_PWM.cpp:190:59: note: suggested alternative: &#39;._21&#39;
   else if ((cycles &gt;&gt;= 3) &lt; TIMER_RESOLUTION) scale = _BV(CS21);              // prescale /8
                                                           ^~~~
                                                           ._21
/home/ec2-user/arduino-testlib/cli-datadir/user/libraries/MD_PWM/src/MD_PWM.cpp:190:55: error: &#39;_BV&#39; was not declared in this scope
   else if ((cycles &gt;&gt;= 3) &lt; TIMER_RESOLUTION) scale = _BV(CS21);              // prescale /8
                                                       ^~~
/home/ec2-user/arduino-testlib/cli-datadir/user/libraries/MD_PWM/src/MD_PWM.cpp:190:55: note: suggested alternative: &#39;_B&#39;
   else if ((cycles &gt;&gt;= 3) &lt; TIMER_RESOLUTION) scale = _BV(CS21);              // prescale /8
                                                       ^~~
                                                       _B
/home/ec2-user/arduino-testlib/cli-datadir/user/libraries/MD_PWM/src/MD_PWM.cpp:191:59: error: &#39;CS21&#39; was not declared in this scope
   else if ((cycles &gt;&gt;= 2) &lt; TIMER_RESOLUTION) scale = _BV(CS21) | _BV(CS20);  // prescale /32
                                                           ^~~~
/home/ec2-user/arduino-testlib/cli-datadir/user/libraries/MD_PWM/src/MD_PWM.cpp:191:59: note: suggested alternative: &#39;._21&#39;
   else if ((cycles &gt;&gt;= 2) &lt; TIMER_RESOLUTION) scale = _BV(CS21) | _BV(CS20);  // prescale /32
                                                           ^~~~
                                                           ._21
/home/ec2-user/arduino-testlib/cli-datadir/user/libraries/MD_PWM/src/MD_PWM.cpp:191:55: error: &#39;_BV&#39; was not declared in this scope
   else if ((cycles &gt;&gt;= 2) &lt; TIMER_RESOLUTION) scale = _BV(CS21) | _BV(CS20);  // prescale /32
                                                       ^~~
/home/ec2-user/arduino-testlib/cli-datadir/user/libraries/MD_PWM/src/MD_PWM.cpp:191:55: note: suggested alternative: &#39;_B&#39;
   else if ((cycles &gt;&gt;= 2) &lt; TIMER_RESOLUTION) scale = _BV(CS21) | _BV(CS20);  // prescale /32
                                                       ^~~
                                                       _B
/home/ec2-user/arduino-testlib/cli-datadir/user/libraries/MD_PWM/src/MD_PWM.cpp:191:71: error: &#39;CS20&#39; was not declared in this scope
   else if ((cycles &gt;&gt;= 2) &lt; TIMER_RESOLUTION) scale = _BV(CS21) | _BV(CS20);  // prescale /32
                                                                       ^~~~
/home/ec2-user/arduino-testlib/cli-datadir/user/libraries/MD_PWM/src/MD_PWM.cpp:191:71: note: suggested alternative: &#39;._20&#39;
   else if ((cycles &gt;&gt;= 2) &lt; TIMER_RESOLUTION) scale = _BV(CS21) | _BV(CS20);  // prescale /32
                                                                       ^~~~
                                                                       ._20
/home/ec2-user/arduino-testlib/cli-datadir/user/libraries/MD_PWM/src/MD_PWM.cpp:192:59: error: &#39;CS22&#39; was not declared in this scope
   else if ((cycles &gt;&gt;= 1) &lt; TIMER_RESOLUTION) scale = _BV(CS22);              // prescale /64
                                                           ^~~~
/home/ec2-user/arduino-testlib/cli-datadir/user/libraries/MD_PWM/src/MD_PWM.cpp:192:59: note: suggested alternative: &#39;._22&#39;
   else if ((cycles &gt;&gt;= 1) &lt; TIMER_RESOLUTION) scale = _BV(CS22);              // prescale /64
                                                           ^~~~
                                                           ._22
/home/ec2-user/arduino-testlib/cli-datadir/user/libraries/MD_PWM/src/MD_PWM.cpp:192:55: error: &#39;_BV&#39; was not declared in this scope
   else if ((cycles &gt;&gt;= 1) &lt; TIMER_RESOLUTION) scale = _BV(CS22);              // prescale /64
                                                       ^~~
/home/ec2-user/arduino-testlib/cli-datadir/user/libraries/MD_PWM/src/MD_PWM.cpp:192:55: note: suggested alternative: &#39;_B&#39;
   else if ((cycles &gt;&gt;= 1) &lt; TIMER_RESOLUTION) scale = _BV(CS22);              // prescale /64
                                                       ^~~
                                                       _B
/home/ec2-user/arduino-testlib/cli-datadir/user/libraries/MD_PWM/src/MD_PWM.cpp:193:59: error: &#39;CS22&#39; was not declared in this scope
   else if ((cycles &gt;&gt;= 1) &lt; TIMER_RESOLUTION) scale = _BV(CS22) | _BV(CS20);  // prescale /128
                                                           ^~~~
/home/ec2-user/arduino-testlib/cli-datadir/user/libraries/MD_PWM/src/MD_PWM.cpp:193:59: note: suggested alternative: &#39;._22&#39;
   else if ((cycles &gt;&gt;= 1) &lt; TIMER_RESOLUTION) scale = _BV(CS22) | _BV(CS20);  // prescale /128
                                                           ^~~~
                                                           ._22
/home/ec2-user/arduino-testlib/cli-datadir/user/libraries/MD_PWM/src/MD_PWM.cpp:193:55: error: &#39;_BV&#39; was not declared in this scope
   else if ((cycles &gt;&gt;= 1) &lt; TIMER_RESOLUTION) scale = _BV(CS22) | _BV(CS20);  // prescale /128
                                                       ^~~
/home/ec2-user/arduino-testlib/cli-datadir/user/libraries/MD_PWM/src/MD_PWM.cpp:193:55: note: suggested alternative: &#39;_B&#39;
   else if ((cycles &gt;&gt;= 1) &lt; TIMER_RESOLUTION) scale = _BV(CS22) | _BV(CS20);  // prescale /128
                                                       ^~~
                                                       _B
/home/ec2-user/arduino-testlib/cli-datadir/user/libraries/MD_PWM/src/MD_PWM.cpp:193:71: error: &#39;CS20&#39; was not declared in this scope
   else if ((cycles &gt;&gt;= 1) &lt; TIMER_RESOLUTION) scale = _BV(CS22) | _BV(CS20);  // prescale /128
                                                                       ^~~~
/home/ec2-user/arduino-testlib/cli-datadir/user/libraries/MD_PWM/src/MD_PWM.cpp:193:71: note: suggested alternat</pre>
					
				
				<h3 id="arduino:megaavr:nona4809">arduino:megaavr:nona4809 @ 1.8.7</h3>
				<h4>Inclusion</h4>
				<p>
					Result: <b>FAIL</b>
					
				</p>
				<pre class="pre-scrollable">WARNING: library MD_PWM claims to run on AVR architecture(s) and may be incompatible with your current board which runs on megaavr architecture(s).
/home/ec2-user/arduino-testlib/cli-datadir/user/libraries/MD_PWM/src/MD_PWM.cpp: In member function &#39;void MD_PWM::setTimerMode()&#39;:
/home/ec2-user/arduino-testlib/cli-datadir/user/libraries/MD_PWM/src/MD_PWM.cpp:154:3: error: &#39;TCCR2B&#39; was not declared in this scope
   TCCR2B = _BV(WGM22);
   ^~~~~~
/home/ec2-user/arduino-testlib/cli-datadir/user/libraries/MD_PWM/src/MD_PWM.cpp:154:3: note: suggested alternative: &#39;TCB2&#39;
   TCCR2B = _BV(WGM22);
   ^~~~~~
   TCB2
In file included from /home/ec2-user/arduino-testlib/cli-datadir/data/packages/arduino/tools/avr-gcc/7.3.0-atmel3.6.1-arduino5/avr/include/avr/io.h:99:0,
                 from /home/ec2-user/arduino-testlib/cli-datadir/data/packages/arduino/tools/avr-gcc/7.3.0-atmel3.6.1-arduino5/avr/include/avr/pgmspace.h:90,
                 from /home/ec2-user/arduino-testlib/cli-datadir/data/packages/arduino/hardware/megaavr/1.8.7/cores/arduino/api/String.h:31,
                 from /home/ec2-user/arduino-testlib/cli-datadir/data/packages/arduino/hardware/megaavr/1.8.7/cores/arduino/api/IPAddress.h:24,
                 from /home/ec2-user/arduino-testlib/cli-datadir/data/packages/arduino/hardware/megaavr/1.8.7/cores/arduino/api/ArduinoAPI.h:30,
                 from /home/ec2-user/arduino-testlib/cli-datadir/data/packages/arduino/hardware/megaavr/1.8.7/cores/arduino/Arduino.h:23,
                 from /home/ec2-user/arduino-testlib/cli-datadir/user/libraries/MD_PWM/src/MD_PWM.h:129,
                 from /home/ec2-user/arduino-testlib/cli-datadir/user/libraries/MD_PWM/src/MD_PWM.cpp:1:
/home/ec2-user/arduino-testlib/cli-datadir/user/libraries/MD_PWM/src/MD_PWM.cpp:154:16: error: &#39;WGM22&#39; was not declared in this scope
   TCCR2B = _BV(WGM22);
                ^
/home/ec2-user/arduino-testlib/cli-datadir/user/libraries/MD_PWM/src/MD_PWM.cpp: In member function &#39;void MD_PWM::setFrequency(uint32_t)&#39;:
/home/ec2-user/arduino-testlib/cli-datadir/user/libraries/MD_PWM/src/MD_PWM.cpp:189:59: error: &#39;CS20&#39; was not declared in this scope
   if      (cycles         &lt; TIMER_RESOLUTION) scale = _BV(CS20);              // prescale /1 (full xtal)
                                                           ^
/home/ec2-user/arduino-testlib/cli-datadir/user/libraries/MD_PWM/src/MD_PWM.cpp:190:59: error: &#39;CS21&#39; was not declared in this scope
   else if ((cycles &gt;&gt;= 3) &lt; TIMER_RESOLUTION) scale = _BV(CS21);              // prescale /8
                                                           ^
/home/ec2-user/arduino-testlib/cli-datadir/user/libraries/MD_PWM/src/MD_PWM.cpp:191:59: error: &#39;CS21&#39; was not declared in this scope
   else if ((cycles &gt;&gt;= 2) &lt; TIMER_RESOLUTION) scale = _BV(CS21) | _BV(CS20);  // prescale /32
                                                           ^
/home/ec2-user/arduino-testlib/cli-datadir/user/libraries/MD_PWM/src/MD_PWM.cpp:191:71: error: &#39;CS20&#39; was not declared in this scope
   else if ((cycles &gt;&gt;= 2) &lt; TIMER_RESOLUTION) scale = _BV(CS21) | _BV(CS20);  // prescale /32
                                                                       ^
/home/ec2-user/arduino-testlib/cli-datadir/user/libraries/MD_PWM/src/MD_PWM.cpp:192:59: error: &#39;CS22&#39; was not declared in this scope
   else if ((cycles &gt;&gt;= 1) &lt; TIMER_RESOLUTION) scale = _BV(CS22);              // prescale /64
                                                           ^
/home/ec2-user/arduino-testlib/cli-datadir/user/libraries/MD_PWM/src/MD_PWM.cpp:193:59: error: &#39;CS22&#39; was not declared in this scope
   else if ((cycles &gt;&gt;= 1) &lt; TIMER_RESOLUTION) scale = _BV(CS22) | _BV(CS20);  // prescale /128
                                                           ^
/home/ec2-user/arduino-testlib/cli-datadir/user/libraries/MD_PWM/src/MD_PWM.cpp:193:71: error: &#39;CS20&#39; was not declared in this scope
   else if ((cycles &gt;&gt;= 1) &lt; TIMER_RESOLUTION) scale = _BV(CS22) | _BV(CS20);  // prescale /128
                                                                       ^
/home/ec2-user/arduino-testlib/cli-datadir/user/libraries/MD_PWM/src/MD_PWM.cpp:194:59: error: &#39;CS22&#39; was not declared in this scope
   else if ((cycles &gt;&gt;= 1) &lt; TIMER_RESOLUTION) scale = _BV(CS22) | _BV(CS21);  // prescale /256
                                                           ^
/home/ec2-user/arduino-testlib/cli-datadir/user/libraries/MD_PWM/src/MD_PWM.cpp:194:71: error: &#39;CS21&#39; was not declared in this scope
   else if ((cycles &gt;&gt;= 1) &lt; TIMER_RESOLUTION) scale = _BV(CS22) | _BV(CS21);  // prescale /256
                                                                       ^
/home/ec2-user/arduino-testlib/cli-datadir/user/libraries/MD_PWM/src/MD_PWM.cpp:195:59: error: &#39;CS22&#39; was not declared in this scope
   else if ((cycles &gt;&gt;= 2) &lt; TIMER_RESOLUTION) scale = _BV(CS22) | _BV(CS21) | _BV(CS20); // prescale by /1024
                                                           ^
/home/ec2-user/arduino-testlib/cli-datadir/user/libraries/MD_PWM/src/MD_PWM.cpp:195:71: error: &#39;CS21&#39; was not declared in this scope
   else if ((cycles &gt;&gt;= 2) &lt; TIMER_RESOLUTION) scale = _BV(CS22) | _BV(CS21) | _BV(CS20); // prescale by /1024
                                                                       ^
/home/ec2-user/arduino-testlib/cli-datadir/user/libraries/MD_PWM/src/MD_PWM.cpp:195:83: error: &#39;CS20&#39; was not declared in this scope
   else if ((cycles &gt;&gt;= 2) &lt; TIMER_RESOLUTION) scale = _BV(CS22) | _BV(CS21) | _BV(CS20); // prescale by /1024
                                                                                   ^
/home/ec2-user/arduino-testlib/cli-datadir/user/libraries/MD_PWM/src/MD_PWM.cpp:199:17: error: &#39;CS22&#39; was not declared in this scope
     scale = _BV(CS22) | _BV(CS21) | _BV(CS20);
                 ^
/home/ec2-user/arduino-testlib/cli-datadir/user/libraries/MD_PWM/src/MD_PWM.cpp:199:29: error: &#39;CS21&#39; was not declared in this scope
     scale = _BV(CS22) | _BV(CS21) | _BV(CS20);
                             ^
/home/ec2-user/arduino-testlib/cli-datadir/user/libraries/MD_PWM/src/MD_PWM.cpp:199:41: error: &#39;CS20&#39; was not declared in this scope
     scale = _BV(CS22) | _BV(CS21) | _BV(CS20);
                                         ^
/home/ec2-user/arduino-testlib/cli-datadir/user/libraries/MD_PWM/src/MD_PWM.cpp:203:3: error: &#39;TCCR2B&#39; was not declared in this scope
   TCCR2B &amp;= ~(_BV(CS20) | _BV(CS21) | _BV(CS22));  // clear prescaler value
   ^~~~~~
/home/ec2-user/arduino-testlib/cli-datadir/user/libraries/MD_PWM/src/MD_PWM.cpp:203:3: note: suggested alternative: &#39;TCB2&#39;
   TCCR2B &amp;= ~(_BV(CS20) | _BV(CS21) | _BV(CS22));  // clear prescaler value
   ^~~~~~
   TCB2
In file included from /home/ec2-user/arduino-testlib/cli-datadir/data/packages/arduino/tools/avr-gcc/7.3.0-atmel3.6.1-arduino5/avr/include/avr/io.h:99:0,
                 from /home/ec2-user/arduino-testlib/cli-datadir/data/packages/arduino/tools/avr-gcc/7.3.0-atmel3.6.1-arduino5/avr/include/avr/pgmspace.h:90,
                 from /home/ec2-user/arduino-testlib/cli-datadir/data/packages/arduino/hardware/megaavr/1.8.7/cores/arduino/api/String.h:31,
                 from /home/ec2-user/arduino-testlib/cli-datadir/data/packages/arduino/hardware/megaavr/1.8.7/cores/arduino/api/IPAddress.h:24,
                 from /home/ec2-user/arduino-testlib/cli-datadir/data/packages/arduino/hardware/megaavr/1.8.7/cores/arduino/api/ArduinoAPI.h:30,
                 from /home/ec2-user/arduino-testlib/cli-datadir/data/packages/arduino/hardware/megaavr/1.8.7/cores/arduino/Arduino.h:23,
                 from /home/ec2-user/arduino-testlib/cli-datadir/user/libraries/MD_PWM/src/MD_PWM.h:129,
                 from /home/ec2-user/arduino-testlib/cli-datadir/user/libraries/MD_PWM/src/MD_PWM.cpp:1:
/home/ec2-user/arduino-testlib/cli-datadir/user/libraries/MD_PWM/src/MD_PWM.cpp:203:19: error: &#39;CS20&#39; was not declared in this scope
   TCCR2B &amp;= ~(_BV(CS20) | _BV(CS21) | _BV(CS22));  // clear prescaler value
                   ^
/home/ec2-user/arduino-testlib/cli-datadir/user/libraries/MD_PWM/src/MD_PWM.cpp:203:31: error: &#39;CS21&#39; was not declared in this scope
   TCCR2B &amp;= ~(_BV(CS20) | _BV(CS21) | _BV(CS22));  // clear prescaler value
                               ^
/home/ec2-user/arduino-testlib/cli-datadir/user/libraries/MD_PWM/src/MD_PWM.cpp:203:43: error: &#39;CS22&#39; was not declared in this scope
   TCCR2B &amp;= ~(_BV(CS20) | _BV(CS21) | _BV(CS22));  // clear prescaler value
                                           ^
/home/ec2-user/arduino-testlib/cli-datadir/user/libraries/MD_PWM/src/MD_PWM.cpp:205:3: error: &#39;OCR2A&#39; was not declared in this scope
   OCR2A = cycles;     // OCR2A is TOP in phase correct pwm mode for Timer2
   ^~~~~
/home/ec2-user/arduino-testlib/cli-datadir/user/libraries/MD_PWM/src/MD_PWM.cpp:206:3: error: &#39;TCNT2&#39; was not declared in this scope
   TCNT2 = 0;
   ^~~~~
/home/ec2-user/arduino-testlib/cli-datadir/user/libraries/MD_PWM/src/MD_PWM.cpp:206:3: note: suggested alternative: &#39;TCB2&#39;
   TCNT2 = 0;
   ^~~~~
   TCB2
/home/ec2-user/arduino-testlib/cli-datadir/user/libraries/MD_PWM/src/MD_PWM.cpp: In member function &#39;void MD_PWM::attachISR()&#39;:
/home/ec2-user/arduino-testlib/cli-datadir/user/libraries/MD_PWM/src/MD_PWM.cpp:219:3: error: &#39;TIMSK2&#39; was not declared in this scope
   TIMSK2 = _BV(TOIE2);
   ^~~~~~
/home/ec2-user/arduino-testlib/cli-datadir/user/libraries/MD_PWM/src/MD_PWM.cpp:219:3: note: suggested alternative: &#39;TIMERB2&#39;
   TIMSK2 = _BV(TOIE2);
   ^~~~~~
   TIMERB2
In file included from /home/ec2-user/arduino-testlib/cli-datadir/data/packages/arduino/tools/avr-gcc/7.3.0-atmel3.6.1-arduino5/avr/include/avr/io.h:99:0,
                 from /home/ec2-user/arduino-testlib/cli-datadir/data/packages/arduino/tools/avr-gcc/7.3.0-atmel3.6.1-arduino5/avr/include/avr/pgmspace.h:90,
                 from /home/ec2-user/arduino-testlib/cli-datadir/data/packages/arduino/hardware/megaavr/1.8.7/cores/arduino/api/String.h:31,
                 from /home/ec2-user/ar</pre>

					
					<h4>examples/MD_PWM_Test</h4>
					<p>
						Result: <b>FAIL</b>
					</p>
					<pre class="pre-scrollable">WARNING: library MD_PWM claims to run on AVR architecture(s) and may be incompatible with your current board which runs on megaavr architecture(s).
/home/ec2-user/arduino-testlib/cli-datadir/user/libraries/MD_PWM/src/MD_PWM.cpp: In member function &#39;void MD_PWM::setTimerMode()&#39;:
/home/ec2-user/arduino-testlib/cli-datadir/user/libraries/MD_PWM/src/MD_PWM.cpp:154:3: error: &#39;TCCR2B&#39; was not declared in this scope
   TCCR2B = _BV(WGM22);
   ^~~~~~
/home/ec2-user/arduino-testlib/cli-datadir/user/libraries/MD_PWM/src/MD_PWM.cpp:154:3: note: suggested alternative: &#39;TCB2&#39;
   TCCR2B = _BV(WGM22);
   ^~~~~~
   TCB2
In file included from /home/ec2-user/arduino-testlib/cli-datadir/data/packages/arduino/tools/avr-gcc/7.3.0-atmel3.6.1-arduino5/avr/include/avr/io.h:99:0,
                 from /home/ec2-user/arduino-testlib/cli-datadir/data/packages/arduino/tools/avr-gcc/7.3.0-atmel3.6.1-arduino5/avr/include/avr/pgmspace.h:90,
                 from /home/ec2-user/arduino-testlib/cli-datadir/data/packages/arduino/hardware/megaavr/1.8.7/cores/arduino/api/String.h:31,
                 from /home/ec2-user/arduino-testlib/cli-datadir/data/packages/arduino/hardware/megaavr/1.8.7/cores/arduino/api/IPAddress.h:24,
                 from /home/ec2-user/arduino-testlib/cli-datadir/data/packages/arduino/hardware/megaavr/1.8.7/cores/arduino/api/ArduinoAPI.h:30,
                 from /home/ec2-user/arduino-testlib/cli-datadir/data/packages/arduino/hardware/megaavr/1.8.7/cores/arduino/Arduino.h:23,
                 from /home/ec2-user/arduino-testlib/cli-datadir/user/libraries/MD_PWM/src/MD_PWM.h:129,
                 from /home/ec2-user/arduino-testlib/cli-datadir/user/libraries/MD_PWM/src/MD_PWM.cpp:1:
/home/ec2-user/arduino-testlib/cli-datadir/user/libraries/MD_PWM/src/MD_PWM.cpp:154:16: error: &#39;WGM22&#39; was not declared in this scope
   TCCR2B = _BV(WGM22);
                ^
/home/ec2-user/arduino-testlib/cli-datadir/user/libraries/MD_PWM/src/MD_PWM.cpp: In member function &#39;void MD_PWM::setFrequency(uint32_t)&#39;:
/home/ec2-user/arduino-testlib/cli-datadir/user/libraries/MD_PWM/src/MD_PWM.cpp:189:59: error: &#39;CS20&#39; was not declared in this scope
   if      (cycles         &lt; TIMER_RESOLUTION) scale = _BV(CS20);              // prescale /1 (full xtal)
                                                           ^
/home/ec2-user/arduino-testlib/cli-datadir/user/libraries/MD_PWM/src/MD_PWM.cpp:190:59: error: &#39;CS21&#39; was not declared in this scope
   else if ((cycles &gt;&gt;= 3) &lt; TIMER_RESOLUTION) scale = _BV(CS21);              // prescale /8
                                                           ^
/home/ec2-user/arduino-testlib/cli-datadir/user/libraries/MD_PWM/src/MD_PWM.cpp:191:59: error: &#39;CS21&#39; was not declared in this scope
   else if ((cycles &gt;&gt;= 2) &lt; TIMER_RESOLUTION) scale = _BV(CS21) | _BV(CS20);  // prescale /32
                                                           ^
/home/ec2-user/arduino-testlib/cli-datadir/user/libraries/MD_PWM/src/MD_PWM.cpp:191:71: error: &#39;CS20&#39; was not declared in this scope
   else if ((cycles &gt;&gt;= 2) &lt; TIMER_RESOLUTION) scale = _BV(CS21) | _BV(CS20);  // prescale /32
                                                                       ^
/home/ec2-user/arduino-testlib/cli-datadir/user/libraries/MD_PWM/src/MD_PWM.cpp:192:59: error: &#39;CS22&#39; was not declared in this scope
   else if ((cycles &gt;&gt;= 1) &lt; TIMER_RESOLUTION) scale = _BV(CS22);              // prescale /64
                                                           ^
/home/ec2-user/arduino-testlib/cli-datadir/user/libraries/MD_PWM/src/MD_PWM.cpp:193:59: error: &#39;CS22&#39; was not declared in this scope
   else if ((cycles &gt;&gt;= 1) &lt; TIMER_RESOLUTION) scale = _BV(CS22) | _BV(CS20);  // prescale /128
                                                           ^
/home/ec2-user/arduino-testlib/cli-datadir/user/libraries/MD_PWM/src/MD_PWM.cpp:193:71: error: &#39;CS20&#39; was not declared in this scope
   else if ((cycles &gt;&gt;= 1) &lt; TIMER_RESOLUTION) scale = _BV(CS22) | _BV(CS20);  // prescale /128
                                                                       ^
/home/ec2-user/arduino-testlib/cli-datadir/user/libraries/MD_PWM/src/MD_PWM.cpp:194:59: error: &#39;CS22&#39; was not declared in this scope
   else if ((cycles &gt;&gt;= 1) &lt; TIMER_RESOLUTION) scale = _BV(CS22) | _BV(CS21);  // prescale /256
                                                           ^
/home/ec2-user/arduino-testlib/cli-datadir/user/libraries/MD_PWM/src/MD_PWM.cpp:194:71: error: &#39;CS21&#39; was not declared in this scope
   else if ((cycles &gt;&gt;= 1) &lt; TIMER_RESOLUTION) scale = _BV(CS22) | _BV(CS21);  // prescale /256
                                                                       ^
/home/ec2-user/arduino-testlib/cli-datadir/user/libraries/MD_PWM/src/MD_PWM.cpp:195:59: error: &#39;CS22&#39; was not declared in this scope
   else if ((cycles &gt;&gt;= 2) &lt; TIMER_RESOLUTION) scale = _BV(CS22) | _BV(CS21) | _BV(CS20); // prescale by /1024
                                                           ^
/home/ec2-user/arduino-testlib/cli-datadir/user/libraries/MD_PWM/src/MD_PWM.cpp:195:71: error: &#39;CS21&#39; was not declared in this scope
   else if ((cycles &gt;&gt;= 2) &lt; TIMER_RESOLUTION) scale = _BV(CS22) | _BV(CS21) | _BV(CS20); // prescale by /1024
                                                                       ^
/home/ec2-user/arduino-testlib/cli-datadir/user/libraries/MD_PWM/src/MD_PWM.cpp:195:83: error: &#39;CS20&#39; was not declared in this scope
   else if ((cycles &gt;&gt;= 2) &lt; TIMER_RESOLUTION) scale = _BV(CS22) | _BV(CS21) | _BV(CS20); // prescale by /1024
                                                                                   ^
/home/ec2-user/arduino-testlib/cli-datadir/user/libraries/MD_PWM/src/MD_PWM.cpp:199:17: error: &#39;CS22&#39; was not declared in this scope
     scale = _BV(CS22) | _BV(CS21) | _BV(CS20);
                 ^
/home/ec2-user/arduino-testlib/cli-datadir/user/libraries/MD_PWM/src/MD_PWM.cpp:199:29: error: &#39;CS21&#39; was not declared in this scope
     scale = _BV(CS22) | _BV(CS21) | _BV(CS20);
                             ^
/home/ec2-user/arduino-testlib/cli-datadir/user/libraries/MD_PWM/src/MD_PWM.cpp:199:41: error: &#39;CS20&#39; was not declared in this scope
     scale = _BV(CS22) | _BV(CS21) | _BV(CS20);
                                         ^
/home/ec2-user/arduino-testlib/cli-datadir/user/libraries/MD_PWM/src/MD_PWM.cpp:203:3: error: &#39;TCCR2B&#39; was not declared in this scope
   TCCR2B &amp;= ~(_BV(CS20) | _BV(CS21) | _BV(CS22));  // clear prescaler value
   ^~~~~~
/home/ec2-user/arduino-testlib/cli-datadir/user/libraries/MD_PWM/src/MD_PWM.cpp:203:3: note: suggested alternative: &#39;TCB2&#39;
   TCCR2B &amp;= ~(_BV(CS20) | _BV(CS21) | _BV(CS22));  // clear prescaler value
   ^~~~~~
   TCB2
In file included from /home/ec2-user/arduino-testlib/cli-datadir/data/packages/arduino/tools/avr-gcc/7.3.0-atmel3.6.1-arduino5/avr/include/avr/io.h:99:0,
                 from /home/ec2-user/arduino-testlib/cli-datadir/data/packages/arduino/tools/avr-gcc/7.3.0-atmel3.6.1-arduino5/avr/include/avr/pgmspace.h:90,
                 from /home/ec2-user/arduino-testlib/cli-datadir/data/packages/arduino/hardware/megaavr/1.8.7/cores/arduino/api/String.h:31,
                 from /home/ec2-user/arduino-testlib/cli-datadir/data/packages/arduino/hardware/megaavr/1.8.7/cores/arduino/api/IPAddress.h:24,
                 from /home/ec2-user/arduino-testlib/cli-datadir/data/packages/arduino/hardware/megaavr/1.8.7/cores/arduino/api/ArduinoAPI.h:30,
                 from /home/ec2-user/arduino-testlib/cli-datadir/data/packages/arduino/hardware/megaavr/1.8.7/cores/arduino/Arduino.h:23,
                 from /home/ec2-user/arduino-testlib/cli-datadir/user/libraries/MD_PWM/src/MD_PWM.h:129,
                 from /home/ec2-user/arduino-testlib/cli-datadir/user/libraries/MD_PWM/src/MD_PWM.cpp:1:
/home/ec2-user/arduino-testlib/cli-datadir/user/libraries/MD_PWM/src/MD_PWM.cpp:203:19: error: &#39;CS20&#39; was not declared in this scope
   TCCR2B &amp;= ~(_BV(CS20) | _BV(CS21) | _BV(CS22));  // clear prescaler value
                   ^
/home/ec2-user/arduino-testlib/cli-datadir/user/libraries/MD_PWM/src/MD_PWM.cpp:203:31: error: &#39;CS21&#39; was not declared in this scope
   TCCR2B &amp;= ~(_BV(CS20) | _BV(CS21) | _BV(CS22));  // clear prescaler value
                               ^
/home/ec2-user/arduino-testlib/cli-datadir/user/libraries/MD_PWM/src/MD_PWM.cpp:203:43: error: &#39;CS22&#39; was not declared in this scope
   TCCR2B &amp;= ~(_BV(CS20) | _BV(CS21) | _BV(CS22));  // clear prescaler value
                                           ^
/home/ec2-user/arduino-testlib/cli-datadir/user/libraries/MD_PWM/src/MD_PWM.cpp:205:3: error: &#39;OCR2A&#39; was not declared in this scope
   OCR2A = cycles;     // OCR2A is TOP in phase correct pwm mode for Timer2
   ^~~~~
/home/ec2-user/arduino-testlib/cli-datadir/user/libraries/MD_PWM/src/MD_PWM.cpp:206:3: error: &#39;TCNT2&#39; was not declared in this scope
   TCNT2 = 0;
   ^~~~~
/home/ec2-user/arduino-testlib/cli-datadir/user/libraries/MD_PWM/src/MD_PWM.cpp:206:3: note: suggested alternative: &#39;TCB2&#39;
   TCNT2 = 0;
   ^~~~~
   TCB2
/home/ec2-user/arduino-testlib/cli-datadir/user/libraries/MD_PWM/src/MD_PWM.cpp: In member function &#39;void MD_PWM::attachISR()&#39;:
/home/ec2-user/arduino-testlib/cli-datadir/user/libraries/MD_PWM/src/MD_PWM.cpp:219:3: error: &#39;TIMSK2&#39; was not declared in this scope
   TIMSK2 = _BV(TOIE2);
   ^~~~~~
/home/ec2-user/arduino-testlib/cli-datadir/user/libraries/MD_PWM/src/MD_PWM.cpp:219:3: note: suggested alternative: &#39;TIMERB2&#39;
   TIMSK2 = _BV(TOIE2);
   ^~~~~~
   TIMERB2
In file included from /home/ec2-user/arduino-testlib/cli-datadir/data/packages/arduino/tools/avr-gcc/7.3.0-atmel3.6.1-arduino5/avr/include/avr/io.h:99:0,
                 from /home/ec2-user/arduino-testlib/cli-datadir/data/packages/arduino/tools/avr-gcc/7.3.0-atmel3.6.1-arduino5/avr/include/avr/pgmspace.h:90,
                 from /home/ec2-user/arduino-testlib/cli-datadir/data/packages/arduino/hardware/megaavr/1.8.7/cores/arduino/api/String.h:31,
                 from /home/ec2-user/ar</pre>
					
				
				<h3 id="arduino:samd:mkrwifi1010">arduino:samd:mkrwifi1010 @ 1.8.12</h3>
				<h4>Inclusion</h4>
				<p>
					Result: <b>FAIL</b>
					
				</p>
				<pre class="pre-scrollable">WARNING: library MD_PWM claims to run on AVR architecture(s) and may be incompatible with your current board which runs on samd architecture(s).
In file included from /home/ec2-user/arduino-testlib/cli-datadir/data/packages/arduino/hardware/samd/1.8.12/cores/arduino/Arduino.h:51:0,
                 from /home/ec2-user/arduino-testlib/cli-datadir/user/libraries/MD_PWM/src/MD_PWM.h:129,
                 from /home/ec2-user/arduino-testlib/cli-datadir/user/libraries/MD_PWM/src/MD_PWM.cpp:1:
/home/ec2-user/arduino-testlib/cli-datadir/user/libraries/MD_PWM/src/MD_PWM.cpp: In constructor &#39;MD_PWM::MD_PWM(uint8_t)&#39;:
/home/ec2-user/arduino-testlib/cli-datadir/data/packages/arduino/hardware/samd/1.8.12/variants/mkrwifi1010/variant.h:52:51: error: cannot convert &#39;volatile uint32_t* {aka volatile long unsigned int*}&#39; to &#39;volatile uint8_t* {aka volatile unsigned char*}&#39; in assignment
 #define portOutputRegister(port) (&amp;(port-&gt;OUT.reg))
                                                   ^
/home/ec2-user/arduino-testlib/cli-datadir/user/libraries/MD_PWM/src/MD_PWM.cpp:16:13: note: in expansion of macro &#39;portOutputRegister&#39;
   _outReg = portOutputRegister(digitalPinToPort(pin)); // output pin register
             ^~~~~~~~~~~~~~~~~~
/home/ec2-user/arduino-testlib/cli-datadir/user/libraries/MD_PWM/src/MD_PWM.cpp: At global scope:
/home/ec2-user/arduino-testlib/cli-datadir/user/libraries/MD_PWM/src/MD_PWM.cpp:136:4: error: expected constructor, destructor, or type conversion before &#39;(&#39; token
 ISR(TIMER2_OVF_vect)
    ^
/home/ec2-user/arduino-testlib/cli-datadir/user/libraries/MD_PWM/src/MD_PWM.cpp: In member function &#39;void MD_PWM::setTimerMode()&#39;:
/home/ec2-user/arduino-testlib/cli-datadir/user/libraries/MD_PWM/src/MD_PWM.cpp:154:3: error: &#39;TCCR2B&#39; was not declared in this scope
   TCCR2B = _BV(WGM22);
   ^~~~~~
/home/ec2-user/arduino-testlib/cli-datadir/user/libraries/MD_PWM/src/MD_PWM.cpp:154:3: note: suggested alternative: &#39;TCC2&#39;
   TCCR2B = _BV(WGM22);
   ^~~~~~
   TCC2
/home/ec2-user/arduino-testlib/cli-datadir/user/libraries/MD_PWM/src/MD_PWM.cpp:154:16: error: &#39;WGM22&#39; was not declared in this scope
   TCCR2B = _BV(WGM22);
                ^~~~~
/home/ec2-user/arduino-testlib/cli-datadir/user/libraries/MD_PWM/src/MD_PWM.cpp:154:12: error: &#39;_BV&#39; was not declared in this scope
   TCCR2B = _BV(WGM22);
            ^~~
/home/ec2-user/arduino-testlib/cli-datadir/user/libraries/MD_PWM/src/MD_PWM.cpp:154:12: note: suggested alternative: &#39;_B&#39;
   TCCR2B = _BV(WGM22);
            ^~~
            _B
/home/ec2-user/arduino-testlib/cli-datadir/user/libraries/MD_PWM/src/MD_PWM.cpp: In member function &#39;void MD_PWM::setFrequency(uint32_t)&#39;:
/home/ec2-user/arduino-testlib/cli-datadir/user/libraries/MD_PWM/src/MD_PWM.cpp:189:59: error: &#39;CS20&#39; was not declared in this scope
   if      (cycles         &lt; TIMER_RESOLUTION) scale = _BV(CS20);              // prescale /1 (full xtal)
                                                           ^~~~
/home/ec2-user/arduino-testlib/cli-datadir/user/libraries/MD_PWM/src/MD_PWM.cpp:189:55: error: &#39;_BV&#39; was not declared in this scope
   if      (cycles         &lt; TIMER_RESOLUTION) scale = _BV(CS20);              // prescale /1 (full xtal)
                                                       ^~~
/home/ec2-user/arduino-testlib/cli-datadir/user/libraries/MD_PWM/src/MD_PWM.cpp:189:55: note: suggested alternative: &#39;_B&#39;
   if      (cycles         &lt; TIMER_RESOLUTION) scale = _BV(CS20);              // prescale /1 (full xtal)
                                                       ^~~
                                                       _B
/home/ec2-user/arduino-testlib/cli-datadir/user/libraries/MD_PWM/src/MD_PWM.cpp:190:59: error: &#39;CS21&#39; was not declared in this scope
   else if ((cycles &gt;&gt;= 3) &lt; TIMER_RESOLUTION) scale = _BV(CS21);              // prescale /8
                                                           ^~~~
/home/ec2-user/arduino-testlib/cli-datadir/user/libraries/MD_PWM/src/MD_PWM.cpp:190:59: note: suggested alternative: &#39;SS1&#39;
   else if ((cycles &gt;&gt;= 3) &lt; TIMER_RESOLUTION) scale = _BV(CS21);              // prescale /8
                                                           ^~~~
                                                           SS1
/home/ec2-user/arduino-testlib/cli-datadir/user/libraries/MD_PWM/src/MD_PWM.cpp:190:55: error: &#39;_BV&#39; was not declared in this scope
   else if ((cycles &gt;&gt;= 3) &lt; TIMER_RESOLUTION) scale = _BV(CS21);              // prescale /8
                                                       ^~~
/home/ec2-user/arduino-testlib/cli-datadir/user/libraries/MD_PWM/src/MD_PWM.cpp:190:55: note: suggested alternative: &#39;_B&#39;
   else if ((cycles &gt;&gt;= 3) &lt; TIMER_RESOLUTION) scale = _BV(CS21);              // prescale /8
                                                       ^~~
                                                       _B
/home/ec2-user/arduino-testlib/cli-datadir/user/libraries/MD_PWM/src/MD_PWM.cpp:191:59: error: &#39;CS21&#39; was not declared in this scope
   else if ((cycles &gt;&gt;= 2) &lt; TIMER_RESOLUTION) scale = _BV(CS21) | _BV(CS20);  // prescale /32
                                                           ^~~~
/home/ec2-user/arduino-testlib/cli-datadir/user/libraries/MD_PWM/src/MD_PWM.cpp:191:59: note: suggested alternative: &#39;SS1&#39;
   else if ((cycles &gt;&gt;= 2) &lt; TIMER_RESOLUTION) scale = _BV(CS21) | _BV(CS20);  // prescale /32
                                                           ^~~~
                                                           SS1
/home/ec2-user/arduino-testlib/cli-datadir/user/libraries/MD_PWM/src/MD_PWM.cpp:191:55: error: &#39;_BV&#39; was not declared in this scope
   else if ((cycles &gt;&gt;= 2) &lt; TIMER_RESOLUTION) scale = _BV(CS21) | _BV(CS20);  // prescale /32
                                                       ^~~
/home/ec2-user/arduino-testlib/cli-datadir/user/libraries/MD_PWM/src/MD_PWM.cpp:191:55: note: suggested alternative: &#39;_B&#39;
   else if ((cycles &gt;&gt;= 2) &lt; TIMER_RESOLUTION) scale = _BV(CS21) | _BV(CS20);  // prescale /32
                                                       ^~~
                                                       _B
/home/ec2-user/arduino-testlib/cli-datadir/user/libraries/MD_PWM/src/MD_PWM.cpp:191:71: error: &#39;CS20&#39; was not declared in this scope
   else if ((cycles &gt;&gt;= 2) &lt; TIMER_RESOLUTION) scale = _BV(CS21) | _BV(CS20);  // prescale /32
                                                                       ^~~~
/home/ec2-user/arduino-testlib/cli-datadir/user/libraries/MD_PWM/src/MD_PWM.cpp:192:59: error: &#39;CS22&#39; was not declared in this scope
   else if ((cycles &gt;&gt;= 1) &lt; TIMER_RESOLUTION) scale = _BV(CS22);              // prescale /64
                                                           ^~~~
/home/ec2-user/arduino-testlib/cli-datadir/user/libraries/MD_PWM/src/MD_PWM.cpp:192:55: error: &#39;_BV&#39; was not declared in this scope
   else if ((cycles &gt;&gt;= 1) &lt; TIMER_RESOLUTION) scale = _BV(CS22);              // prescale /64
                                                       ^~~
/home/ec2-user/arduino-testlib/cli-datadir/user/libraries/MD_PWM/src/MD_PWM.cpp:192:55: note: suggested alternative: &#39;_B&#39;
   else if ((cycles &gt;&gt;= 1) &lt; TIMER_RESOLUTION) scale = _BV(CS22);              // prescale /64
                                                       ^~~
                                                       _B
/home/ec2-user/arduino-testlib/cli-datadir/user/libraries/MD_PWM/src/MD_PWM.cpp:193:59: error: &#39;CS22&#39; was not declared in this scope
   else if ((cycles &gt;&gt;= 1) &lt; TIMER_RESOLUTION) scale = _BV(CS22) | _BV(CS20);  // prescale /128
                                                           ^~~~
/home/ec2-user/arduino-testlib/cli-datadir/user/libraries/MD_PWM/src/MD_PWM.cpp:193:55: error: &#39;_BV&#39; was not declared in this scope
   else if ((cycles &gt;&gt;= 1) &lt; TIMER_RESOLUTION) scale = _BV(CS22) | _BV(CS20);  // prescale /128
                                                       ^~~
/home/ec2-user/arduino-testlib/cli-datadir/user/libraries/MD_PWM/src/MD_PWM.cpp:193:55: note: suggested alternative: &#39;_B&#39;
   else if ((cycles &gt;&gt;= 1) &lt; TIMER_RESOLUTION) scale = _BV(CS22) | _BV(CS20);  // prescale /128
                                                       ^~~
                                                       _B
/home/ec2-user/arduino-testlib/cli-datadir/user/libraries/MD_PWM/src/MD_PWM.cpp:193:71: error: &#39;CS20&#39; was not declared in this scope
   else if ((cycles &gt;&gt;= 1) &lt; TIMER_RESOLUTION) scale = _BV(CS22) | _BV(CS20);  // prescale /128
                                                                       ^~~~
/home/ec2-user/arduino-testlib/cli-datadir/user/libraries/MD_PWM/src/MD_PWM.cpp:194:59: error: &#39;CS22&#39; was not declared in this scope
   else if ((cycles &gt;&gt;= 1) &lt; TIMER_RESOLUTION) scale = _BV(CS22) | _BV(CS21);  // prescale /256
                                                           ^~~~
/home/ec2-user/arduino-testlib/cli-datadir/user/libraries/MD_PWM/src/MD_PWM.cpp:194:55: error: &#39;_BV&#39; was not declared in this scope
   else if ((cycles &gt;&gt;= 1) &lt; TIMER_RESOLUTION) scale = _BV(CS22) | _BV(CS21);  // prescale /256
                                                       ^~~
/home/ec2-user/arduino-testlib/cli-datadir/user/libraries/MD_PWM/src/MD_PWM.cpp:194:55: note: suggested alternative: &#39;_B&#39;
   else if ((cycles &gt;&gt;= 1) &lt; TIMER_RESOLUTION) scale = _BV(CS22) | _BV(CS21);  // prescale /256
                                                       ^~~
                                                       _B
/home/ec2-user/arduino-testlib/cli-datadir/user/libraries/MD_PWM/src/MD_PWM.cpp:194:71: error: &#39;CS21&#39; was not declared in this scope
   else if ((cycles &gt;&gt;= 1) &lt; TIMER_RESOLUTION) scale = _BV(CS22) | _BV(CS21);  // prescale /256
                                                                       ^~~~
/home/ec2-user/arduino-testlib/cli-datadir/user/libraries/MD_PWM/src/MD_PWM.cpp:194:71: note: suggested alternative: &#39;SS1&#39;
   else if ((cycles &gt;&gt;= 1) &lt; TIMER_RESOLUTION) scale = _BV(CS22) | _BV(CS21);  // prescale /256
           </pre>

					
					<h4>examples/MD_PWM_Test</h4>
					<p>
						Result: <b>FAIL</b>
					</p>
					<pre class="pre-scrollable">WARNING: library MD_PWM claims to run on AVR architecture(s) and may be incompatible with your current board which runs on samd architecture(s).
In file included from /home/ec2-user/arduino-testlib/cli-datadir/data/packages/arduino/hardware/samd/1.8.12/cores/arduino/Arduino.h:51:0,
                 from /home/ec2-user/arduino-testlib/cli-datadir/user/libraries/MD_PWM/src/MD_PWM.h:129,
                 from /home/ec2-user/arduino-testlib/cli-datadir/user/libraries/MD_PWM/src/MD_PWM.cpp:1:
/home/ec2-user/arduino-testlib/cli-datadir/user/libraries/MD_PWM/src/MD_PWM.cpp: In constructor &#39;MD_PWM::MD_PWM(uint8_t)&#39;:
/home/ec2-user/arduino-testlib/cli-datadir/data/packages/arduino/hardware/samd/1.8.12/variants/mkrwifi1010/variant.h:52:51: error: cannot convert &#39;volatile uint32_t* {aka volatile long unsigned int*}&#39; to &#39;volatile uint8_t* {aka volatile unsigned char*}&#39; in assignment
 #define portOutputRegister(port) (&amp;(port-&gt;OUT.reg))
                                                   ^
/home/ec2-user/arduino-testlib/cli-datadir/user/libraries/MD_PWM/src/MD_PWM.cpp:16:13: note: in expansion of macro &#39;portOutputRegister&#39;
   _outReg = portOutputRegister(digitalPinToPort(pin)); // output pin register
             ^~~~~~~~~~~~~~~~~~
/home/ec2-user/arduino-testlib/cli-datadir/user/libraries/MD_PWM/src/MD_PWM.cpp: At global scope:
/home/ec2-user/arduino-testlib/cli-datadir/user/libraries/MD_PWM/src/MD_PWM.cpp:136:4: error: expected constructor, destructor, or type conversion before &#39;(&#39; token
 ISR(TIMER2_OVF_vect)
    ^
/home/ec2-user/arduino-testlib/cli-datadir/user/libraries/MD_PWM/src/MD_PWM.cpp: In member function &#39;void MD_PWM::setTimerMode()&#39;:
/home/ec2-user/arduino-testlib/cli-datadir/user/libraries/MD_PWM/src/MD_PWM.cpp:154:3: error: &#39;TCCR2B&#39; was not declared in this scope
   TCCR2B = _BV(WGM22);
   ^~~~~~
/home/ec2-user/arduino-testlib/cli-datadir/user/libraries/MD_PWM/src/MD_PWM.cpp:154:3: note: suggested alternative: &#39;TCC2&#39;
   TCCR2B = _BV(WGM22);
   ^~~~~~
   TCC2
/home/ec2-user/arduino-testlib/cli-datadir/user/libraries/MD_PWM/src/MD_PWM.cpp:154:16: error: &#39;WGM22&#39; was not declared in this scope
   TCCR2B = _BV(WGM22);
                ^~~~~
/home/ec2-user/arduino-testlib/cli-datadir/user/libraries/MD_PWM/src/MD_PWM.cpp:154:12: error: &#39;_BV&#39; was not declared in this scope
   TCCR2B = _BV(WGM22);
            ^~~
/home/ec2-user/arduino-testlib/cli-datadir/user/libraries/MD_PWM/src/MD_PWM.cpp:154:12: note: suggested alternative: &#39;_B&#39;
   TCCR2B = _BV(WGM22);
            ^~~
            _B
/home/ec2-user/arduino-testlib/cli-datadir/user/libraries/MD_PWM/src/MD_PWM.cpp: In member function &#39;void MD_PWM::setFrequency(uint32_t)&#39;:
/home/ec2-user/arduino-testlib/cli-datadir/user/libraries/MD_PWM/src/MD_PWM.cpp:189:59: error: &#39;CS20&#39; was not declared in this scope
   if      (cycles         &lt; TIMER_RESOLUTION) scale = _BV(CS20);              // prescale /1 (full xtal)
                                                           ^~~~
/home/ec2-user/arduino-testlib/cli-datadir/user/libraries/MD_PWM/src/MD_PWM.cpp:189:55: error: &#39;_BV&#39; was not declared in this scope
   if      (cycles         &lt; TIMER_RESOLUTION) scale = _BV(CS20);              // prescale /1 (full xtal)
                                                       ^~~
/home/ec2-user/arduino-testlib/cli-datadir/user/libraries/MD_PWM/src/MD_PWM.cpp:189:55: note: suggested alternative: &#39;_B&#39;
   if      (cycles         &lt; TIMER_RESOLUTION) scale = _BV(CS20);              // prescale /1 (full xtal)
                                                       ^~~
                                                       _B
/home/ec2-user/arduino-testlib/cli-datadir/user/libraries/MD_PWM/src/MD_PWM.cpp:190:59: error: &#39;CS21&#39; was not declared in this scope
   else if ((cycles &gt;&gt;= 3) &lt; TIMER_RESOLUTION) scale = _BV(CS21);              // prescale /8
                                                           ^~~~
/home/ec2-user/arduino-testlib/cli-datadir/user/libraries/MD_PWM/src/MD_PWM.cpp:190:59: note: suggested alternative: &#39;SS1&#39;
   else if ((cycles &gt;&gt;= 3) &lt; TIMER_RESOLUTION) scale = _BV(CS21);              // prescale /8
                                                           ^~~~
                                                           SS1
/home/ec2-user/arduino-testlib/cli-datadir/user/libraries/MD_PWM/src/MD_PWM.cpp:190:55: error: &#39;_BV&#39; was not declared in this scope
   else if ((cycles &gt;&gt;= 3) &lt; TIMER_RESOLUTION) scale = _BV(CS21);              // prescale /8
                                                       ^~~
/home/ec2-user/arduino-testlib/cli-datadir/user/libraries/MD_PWM/src/MD_PWM.cpp:190:55: note: suggested alternative: &#39;_B&#39;
   else if ((cycles &gt;&gt;= 3) &lt; TIMER_RESOLUTION) scale = _BV(CS21);              // prescale /8
                                                       ^~~
                                                       _B
/home/ec2-user/arduino-testlib/cli-datadir/user/libraries/MD_PWM/src/MD_PWM.cpp:191:59: error: &#39;CS21&#39; was not declared in this scope
   else if ((cycles &gt;&gt;= 2) &lt; TIMER_RESOLUTION) scale = _BV(CS21) | _BV(CS20);  // prescale /32
                                                           ^~~~
/home/ec2-user/arduino-testlib/cli-datadir/user/libraries/MD_PWM/src/MD_PWM.cpp:191:59: note: suggested alternative: &#39;SS1&#39;
   else if ((cycles &gt;&gt;= 2) &lt; TIMER_RESOLUTION) scale = _BV(CS21) | _BV(CS20);  // prescale /32
                                                           ^~~~
                                                           SS1
/home/ec2-user/arduino-testlib/cli-datadir/user/libraries/MD_PWM/src/MD_PWM.cpp:191:55: error: &#39;_BV&#39; was not declared in this scope
   else if ((cycles &gt;&gt;= 2) &lt; TIMER_RESOLUTION) scale = _BV(CS21) | _BV(CS20);  // prescale /32
                                                       ^~~
/home/ec2-user/arduino-testlib/cli-datadir/user/libraries/MD_PWM/src/MD_PWM.cpp:191:55: note: suggested alternative: &#39;_B&#39;
   else if ((cycles &gt;&gt;= 2) &lt; TIMER_RESOLUTION) scale = _BV(CS21) | _BV(CS20);  // prescale /32
                                                       ^~~
                                                       _B
/home/ec2-user/arduino-testlib/cli-datadir/user/libraries/MD_PWM/src/MD_PWM.cpp:191:71: error: &#39;CS20&#39; was not declared in this scope
   else if ((cycles &gt;&gt;= 2) &lt; TIMER_RESOLUTION) scale = _BV(CS21) | _BV(CS20);  // prescale /32
                                                                       ^~~~
/home/ec2-user/arduino-testlib/cli-datadir/user/libraries/MD_PWM/src/MD_PWM.cpp:192:59: error: &#39;CS22&#39; was not declared in this scope
   else if ((cycles &gt;&gt;= 1) &lt; TIMER_RESOLUTION) scale = _BV(CS22);              // prescale /64
                                                           ^~~~
/home/ec2-user/arduino-testlib/cli-datadir/user/libraries/MD_PWM/src/MD_PWM.cpp:192:55: error: &#39;_BV&#39; was not declared in this scope
   else if ((cycles &gt;&gt;= 1) &lt; TIMER_RESOLUTION) scale = _BV(CS22);              // prescale /64
                                                       ^~~
/home/ec2-user/arduino-testlib/cli-datadir/user/libraries/MD_PWM/src/MD_PWM.cpp:192:55: note: suggested alternative: &#39;_B&#39;
   else if ((cycles &gt;&gt;= 1) &lt; TIMER_RESOLUTION) scale = _BV(CS22);              // prescale /64
                                                       ^~~
                                                       _B
/home/ec2-user/arduino-testlib/cli-datadir/user/libraries/MD_PWM/src/MD_PWM.cpp:193:59: error: &#39;CS22&#39; was not declared in this scope
   else if ((cycles &gt;&gt;= 1) &lt; TIMER_RESOLUTION) scale = _BV(CS22) | _BV(CS20);  // prescale /128
                                                           ^~~~
/home/ec2-user/arduino-testlib/cli-datadir/user/libraries/MD_PWM/src/MD_PWM.cpp:193:55: error: &#39;_BV&#39; was not declared in this scope
   else if ((cycles &gt;&gt;= 1) &lt; TIMER_RESOLUTION) scale = _BV(CS22) | _BV(CS20);  // prescale /128
                                                       ^~~
/home/ec2-user/arduino-testlib/cli-datadir/user/libraries/MD_PWM/src/MD_PWM.cpp:193:55: note: suggested alternative: &#39;_B&#39;
   else if ((cycles &gt;&gt;= 1) &lt; TIMER_RESOLUTION) scale = _BV(CS22) | _BV(CS20);  // prescale /128
                                                       ^~~
                                                       _B
/home/ec2-user/arduino-testlib/cli-datadir/user/libraries/MD_PWM/src/MD_PWM.cpp:193:71: error: &#39;CS20&#39; was not declared in this scope
   else if ((cycles &gt;&gt;= 1) &lt; TIMER_RESOLUTION) scale = _BV(CS22) | _BV(CS20);  // prescale /128
                                                                       ^~~~
/home/ec2-user/arduino-testlib/cli-datadir/user/libraries/MD_PWM/src/MD_PWM.cpp:194:59: error: &#39;CS22&#39; was not declared in this scope
   else if ((cycles &gt;&gt;= 1) &lt; TIMER_RESOLUTION) scale = _BV(CS22) | _BV(CS21);  // prescale /256
                                                           ^~~~
/home/ec2-user/arduino-testlib/cli-datadir/user/libraries/MD_PWM/src/MD_PWM.cpp:194:55: error: &#39;_BV&#39; was not declared in this scope
   else if ((cycles &gt;&gt;= 1) &lt; TIMER_RESOLUTION) scale = _BV(CS22) | _BV(CS21);  // prescale /256
                                                       ^~~
/home/ec2-user/arduino-testlib/cli-datadir/user/libraries/MD_PWM/src/MD_PWM.cpp:194:55: note: suggested alternative: &#39;_B&#39;
   else if ((cycles &gt;&gt;= 1) &lt; TIMER_RESOLUTION) scale = _BV(CS22) | _BV(CS21);  // prescale /256
                                                       ^~~
                                                       _B
/home/ec2-user/arduino-testlib/cli-datadir/user/libraries/MD_PWM/src/MD_PWM.cpp:194:71: error: &#39;CS21&#39; was not declared in this scope
   else if ((cycles &gt;&gt;= 1) &lt; TIMER_RESOLUTION) scale = _BV(CS22) | _BV(CS21);  // prescale /256
                                                                       ^~~~
/home/ec2-user/arduino-testlib/cli-datadir/user/libraries/MD_PWM/src/MD_PWM.cpp:194:71: note: suggested alternative: &#39;SS1&#39;
   else if ((cycles &gt;&gt;= 1) &lt; TIMER_RESOLUTION) scale = _BV(CS22) | _BV(CS21);  // prescale /256
           </pre>
					
				
				<h3 id="esp32:esp32:d1_mini32">esp32:esp32:d1_mini32 @ 1.0.6</h3>
				<h4>Inclusion</h4>
				<p>
					Result: <b>FAIL</b>
					
				</p>
				<pre class="pre-scrollable">WARNING: library MD_PWM claims to run on AVR architecture(s) and may be incompatible with your current board which runs on esp32 architecture(s).
/home/ec2-user/arduino-testlib/cli-datadir/user/libraries/MD_PWM/src/MD_PWM.cpp: In constructor &#39;MD_PWM::MD_PWM(uint8_t)&#39;:
/home/ec2-user/arduino-testlib/cli-datadir/user/libraries/MD_PWM/src/MD_PWM.cpp:16:11: error: cannot convert &#39;volatile uint32_t* {aka volatile unsigned int*}&#39; to &#39;volatile uint8_t* {aka volatile unsigned char*}&#39; in assignment
   _outReg = portOutputRegister(digitalPinToPort(pin)); // output pin register
           ^
/home/ec2-user/arduino-testlib/cli-datadir/user/libraries/MD_PWM/src/MD_PWM.cpp: At global scope:
/home/ec2-user/arduino-testlib/cli-datadir/user/libraries/MD_PWM/src/MD_PWM.cpp:136:4: error: expected constructor, destructor, or type conversion before &#39;(&#39; token
 ISR(TIMER2_OVF_vect)
    ^

</pre>

					
					<h4>examples/MD_PWM_Test</h4>
					<p>
						Result: <b>FAIL</b>
					</p>
					<pre class="pre-scrollable">WARNING: library MD_PWM claims to run on AVR architecture(s) and may be incompatible with your current board which runs on esp32 architecture(s).
/home/ec2-user/arduino-testlib/cli-datadir/user/libraries/MD_PWM/src/MD_PWM.cpp: In constructor &#39;MD_PWM::MD_PWM(uint8_t)&#39;:
/home/ec2-user/arduino-testlib/cli-datadir/user/libraries/MD_PWM/src/MD_PWM.cpp:16:11: error: cannot convert &#39;volatile uint32_t* {aka volatile unsigned int*}&#39; to &#39;volatile uint8_t* {aka volatile unsigned char*}&#39; in assignment
   _outReg = portOutputRegister(digitalPinToPort(pin)); // output pin register
           ^
/home/ec2-user/arduino-testlib/cli-datadir/user/libraries/MD_PWM/src/MD_PWM.cpp: At global scope:
/home/ec2-user/arduino-testlib/cli-datadir/user/libraries/MD_PWM/src/MD_PWM.cpp:136:4: error: expected constructor, destructor, or type conversion before &#39;(&#39; token
 ISR(TIMER2_OVF_vect)
    ^

</pre>
					
				
			</div>
		</div>
	</div>
  </body>
</html>
