
<!doctype html>
<html lang="en">
  <head>
    <meta charset="utf-8">
    <meta name="viewport" content="width=device-width, initial-scale=1">
    <link href="https://cdn.jsdelivr.net/npm/bootstrap@5.0.2/dist/css/bootstrap.min.css" rel="stylesheet" integrity="sha384-EVSTQN3/azprG1Anm3QDgpJLIm9Nao0Yz1ztcQTwFspd3yD65VohhpuuCOmLASjC" crossorigin="anonymous">
    <title>arduino-testlib report</title>
	<style>
	.pass { background-color: #00FF00 !important; }
	.fail { background-color: #FF0000 !important; }
	</style>
  </head>
  <body>
	<div class="container">
		<div class="row">
			<div class="col">
				<h1>MemoryUsage - compatibility matrix</h1>
				<p>
					<small>This report was generated on Monday, 21-Feb-22 12:00:25 CET using 
					<a href="https://github.com/alranel/arduino-testlib">arduino-testlib</a>.</small>
				</p>

				<h2>MemoryUsage</h2>
				<p>
					Version: <b>2.21.1</b>
					<br />
					<a href="https://www.arduino.cc/reference/en/libraries/memoryusage/">More details</a>
				</p>

				<h2>Compatibility matrix</h2>
				<table class="table table-bordered">
					<tr>
						<th>Board</th>
						<th>Claims compatibility</th>
						<th>Inclusion</th>
						
						<th><pre>FreeRam</pre></th>
						
						<th><pre>Stack</pre></th>
						
					</tr>
					
					<tr>
						<td>
							<a href="#arduino%3aavr%3auno"><b>arduino:avr:uno</b></a>
							<br />
							<small>1.8.4</small>
						</td>

						
							<td>Yes</td>
							<td class="pass">PASS</td>
						
						
						
						

						
							
								
									
										
											<td class="pass">PASS</td>
											
										
									
										
									
								
							
								
							
								
							
								
							
								
							
						
							
								
									
										
									
										
											<td class="pass">PASS</td>
											
										
									
								
							
								
							
								
							
								
							
								
							
						
					</tr>
					
					<tr>
						<td>
							<a href="#arduino%3ambed_nano%3ananorp2040connect"><b>arduino:mbed_nano:nanorp2040connect</b></a>
							<br />
							<small>2.7.2</small>
						</td>

						
						
						
						
							<td>No</td>
							<td class="fail">FAIL</td>
						

						
							
								
							
								
									
										
											
											<td class="fail">FAIL</td>
										
									
										
									
								
							
								
							
								
							
								
							
						
							
								
							
								
									
										
									
										
											
											<td class="fail">FAIL</td>
										
									
								
							
								
							
								
							
								
							
						
					</tr>
					
					<tr>
						<td>
							<a href="#arduino%3amegaavr%3anona4809"><b>arduino:megaavr:nona4809</b></a>
							<br />
							<small>1.8.7</small>
						</td>

						
						
							<td>No ⚠️</td>
							<td class="pass">PASS</td>
						
						
						

						
							
								
							
								
							
								
									
										
											<td class="pass">PASS</td>
											
										
									
										
									
								
							
								
							
								
							
						
							
								
							
								
							
								
									
										
									
										
											<td class="pass">PASS</td>
											
										
									
								
							
								
							
								
							
						
					</tr>
					
					<tr>
						<td>
							<a href="#arduino%3asamd%3amkrwifi1010"><b>arduino:samd:mkrwifi1010</b></a>
							<br />
							<small>1.8.12</small>
						</td>

						
						
						
						
							<td>No</td>
							<td class="fail">FAIL</td>
						

						
							
								
							
								
							
								
							
								
									
										
											
											<td class="fail">FAIL</td>
										
									
										
									
								
							
								
							
						
							
								
							
								
							
								
							
								
									
										
									
										
											
											<td class="fail">FAIL</td>
										
									
								
							
								
							
						
					</tr>
					
					<tr>
						<td>
							<a href="#esp32%3aesp32%3ad1_mini32"><b>esp32:esp32:d1_mini32</b></a>
							<br />
							<small>1.0.6</small>
						</td>

						
						
						
						
							<td>No</td>
							<td class="fail">FAIL</td>
						

						
							
								
							
								
							
								
							
								
							
								
									
										
											
											<td class="fail">FAIL</td>
										
									
										
									
								
							
						
							
								
							
								
							
								
							
								
							
								
									
										
									
										
											
											<td class="fail">FAIL</td>
										
									
								
							
						
					</tr>
					
				</table>

				<h2>Compilation logs</h2>
				
				<h3 id="arduino:avr:uno">arduino:avr:uno @ 1.8.4</h3>
				<h4>Inclusion</h4>
				<p>
					Result: <b>PASS</b>
					
				</p>
				<pre class="pre-scrollable">Sketch uses 1332 bytes (4%) of program storage space. Maximum is 32256 bytes.
Global variables use 184 bytes (8%) of dynamic memory, leaving 1864 bytes for local variables. Maximum is 2048 bytes.
</pre>

					
					<h4>examples/FreeRam</h4>
					<p>
						Result: <b>PASS</b>
					</p>
					<pre class="pre-scrollable">Sketch uses 2458 bytes (7%) of program storage space. Maximum is 32256 bytes.
Global variables use 192 bytes (9%) of dynamic memory, leaving 1856 bytes for local variables. Maximum is 2048 bytes.
</pre>
					
					<h4>examples/Stack</h4>
					<p>
						Result: <b>PASS</b>
					</p>
					<pre class="pre-scrollable">Sketch uses 5262 bytes (16%) of program storage space. Maximum is 32256 bytes.
Global variables use 286 bytes (13%) of dynamic memory, leaving 1762 bytes for local variables. Maximum is 2048 bytes.
</pre>
					
				
				<h3 id="arduino:mbed_nano:nanorp2040connect">arduino:mbed_nano:nanorp2040connect @ 2.7.2</h3>
				<h4>Inclusion</h4>
				<p>
					Result: <b>FAIL</b>
					
				</p>
				<pre class="pre-scrollable">WARNING: library MemoryUsage claims to run on avr architecture(s) and may be incompatible with your current board which runs on mbed_nano architecture(s).
/home/ec2-user/arduino-testlib/cli-datadir/user/libraries/MemoryUsage/src/MemoryUsage.cpp: In function &#39;uint16_t mu_StackCount()&#39;:
/home/ec2-user/arduino-testlib/cli-datadir/user/libraries/MemoryUsage/src/MemoryUsage.cpp:76:42: error: &#39;SP&#39; was not declared in this scope
  while (*p == STACK_CANARY &amp;&amp; (int) p &lt;= SP)
                                          ^~
/home/ec2-user/arduino-testlib/cli-datadir/user/libraries/MemoryUsage/src/MemoryUsage.cpp:76:42: note: suggested alternative: &#39;SS&#39;
  while (*p == STACK_CANARY &amp;&amp; (int) p &lt;= SP)
                                          ^~
                                          SS
/home/ec2-user/arduino-testlib/cli-datadir/user/libraries/MemoryUsage/src/MemoryUsage.cpp:79:19: error: &#39;RAMEND&#39; was not declared in this scope
  return (uint16_t)RAMEND - (uint16_t)p;
                   ^~~~~~
/home/ec2-user/arduino-testlib/cli-datadir/user/libraries/MemoryUsage/src/MemoryUsage.cpp:79:19: note: suggested alternative: &#39;SRAM_END&#39;
  return (uint16_t)RAMEND - (uint16_t)p;
                   ^~~~~~
                   SRAM_END
/home/ec2-user/arduino-testlib/cli-datadir/user/libraries/MemoryUsage/src/MemoryUsage.cpp:79:38: error: cast from &#39;uint8_t* {aka unsigned char*}&#39; to &#39;uint16_t {aka short unsigned int}&#39; loses precision [-fpermissive]
  return (uint16_t)RAMEND - (uint16_t)p;
                                      ^
/home/ec2-user/arduino-testlib/cli-datadir/user/libraries/MemoryUsage/src/MemoryUsage.cpp: In function &#39;void SRamDisplay()&#39;:
/home/ec2-user/arduino-testlib/cli-datadir/user/libraries/MemoryUsage/src/MemoryUsage.cpp:90:19: error: &#39;RAMEND&#39; was not declared in this scope
  int stack_size = RAMEND - (int)SP &#43; 1;
                   ^~~~~~
/home/ec2-user/arduino-testlib/cli-datadir/user/libraries/MemoryUsage/src/MemoryUsage.cpp:90:19: note: suggested alternative: &#39;SRAM_END&#39;
  int stack_size = RAMEND - (int)SP &#43; 1;
                   ^~~~~~
                   SRAM_END
/home/ec2-user/arduino-testlib/cli-datadir/user/libraries/MemoryUsage/src/MemoryUsage.cpp:90:33: error: &#39;SP&#39; was not declared in this scope
  int stack_size = RAMEND - (int)SP &#43; 1;
                                 ^~
/home/ec2-user/arduino-testlib/cli-datadir/user/libraries/MemoryUsage/src/MemoryUsage.cpp:90:33: note: suggested alternative: &#39;SS&#39;
  int stack_size = RAMEND - (int)SP &#43; 1;
                                 ^~
                                 SS

</pre>

					
					<h4>examples/FreeRam</h4>
					<p>
						Result: <b>FAIL</b>
					</p>
					<pre class="pre-scrollable">WARNING: library MemoryUsage claims to run on avr architecture(s) and may be incompatible with your current board which runs on mbed_nano architecture(s).
In file included from /home/ec2-user/arduino-testlib/cli-datadir/user/libraries/MemoryUsage/examples/FreeRam/FreeRam.ino:1:0:
/home/ec2-user/arduino-testlib/cli-datadir/user/libraries/MemoryUsage/examples/FreeRam/FreeRam.ino: In function &#39;void setup()&#39;:
/home/ec2-user/arduino-testlib/cli-datadir/user/libraries/MemoryUsage/src/MemoryUsage.h:128:89: error: &#39;SP&#39; was not declared in this scope
 #define MEMORY_PRINT_STACKSTART { Serial.print(F(&#34;Stack start:&#34;)); Serial.println((int) SP); }
                                                                                         ^
/home/ec2-user/arduino-testlib/cli-datadir/user/libraries/MemoryUsage/examples/FreeRam/FreeRam.ino:12:5: note: in expansion of macro &#39;MEMORY_PRINT_STACKSTART&#39;
     MEMORY_PRINT_STACKSTART
     ^~~~~~~~~~~~~~~~~~~~~~~
/home/ec2-user/arduino-testlib/cli-datadir/user/libraries/MemoryUsage/src/MemoryUsage.h:128:89: note: suggested alternative: &#39;SS&#39;
 #define MEMORY_PRINT_STACKSTART { Serial.print(F(&#34;Stack start:&#34;)); Serial.println((int) SP); }
                                                                                         ^
/home/ec2-user/arduino-testlib/cli-datadir/user/libraries/MemoryUsage/examples/FreeRam/FreeRam.ino:12:5: note: in expansion of macro &#39;MEMORY_PRINT_STACKSTART&#39;
     MEMORY_PRINT_STACKSTART
     ^~~~~~~~~~~~~~~~~~~~~~~
/home/ec2-user/arduino-testlib/cli-datadir/user/libraries/MemoryUsage/src/MemoryUsage.h:130:81: error: &#39;RAMEND&#39; was not declared in this scope
 #define MEMORY_PRINT_END  { Serial.print(F(&#34;Stack end:&#34;)); Serial.println((int) RAMEND); }
                                                                                 ^
/home/ec2-user/arduino-testlib/cli-datadir/user/libraries/MemoryUsage/examples/FreeRam/FreeRam.ino:13:5: note: in expansion of macro &#39;MEMORY_PRINT_END&#39;
     MEMORY_PRINT_END
     ^~~~~~~~~~~~~~~~
/home/ec2-user/arduino-testlib/cli-datadir/user/libraries/MemoryUsage/src/MemoryUsage.h:130:81: note: suggested alternative: &#39;SRAM_END&#39;
 #define MEMORY_PRINT_END  { Serial.print(F(&#34;Stack end:&#34;)); Serial.println((int) RAMEND); }
                                                                                 ^
/home/ec2-user/arduino-testlib/cli-datadir/user/libraries/MemoryUsage/examples/FreeRam/FreeRam.ino:13:5: note: in expansion of macro &#39;MEMORY_PRINT_END&#39;
     MEMORY_PRINT_END
     ^~~~~~~~~~~~~~~~
/home/ec2-user/arduino-testlib/cli-datadir/user/libraries/MemoryUsage/src/MemoryUsage.h:128:89: error: &#39;SP&#39; was not declared in this scope
 #define MEMORY_PRINT_STACKSTART { Serial.print(F(&#34;Stack start:&#34;)); Serial.println((int) SP); }
                                                                                         ^
/home/ec2-user/arduino-testlib/cli-datadir/user/libraries/MemoryUsage/examples/FreeRam/FreeRam.ino:32:5: note: in expansion of macro &#39;MEMORY_PRINT_STACKSTART&#39;
     MEMORY_PRINT_STACKSTART
     ^~~~~~~~~~~~~~~~~~~~~~~
/home/ec2-user/arduino-testlib/cli-datadir/user/libraries/MemoryUsage/src/MemoryUsage.h:128:89: note: suggested alternative: &#39;SS&#39;
 #define MEMORY_PRINT_STACKSTART { Serial.print(F(&#34;Stack start:&#34;)); Serial.println((int) SP); }
                                                                                         ^
/home/ec2-user/arduino-testlib/cli-datadir/user/libraries/MemoryUsage/examples/FreeRam/FreeRam.ino:32:5: note: in expansion of macro &#39;MEMORY_PRINT_STACKSTART&#39;
     MEMORY_PRINT_STACKSTART
     ^~~~~~~~~~~~~~~~~~~~~~~
/home/ec2-user/arduino-testlib/cli-datadir/user/libraries/MemoryUsage/src/MemoryUsage.h:130:81: error: &#39;RAMEND&#39; was not declared in this scope
 #define MEMORY_PRINT_END  { Serial.print(F(&#34;Stack end:&#34;)); Serial.println((int) RAMEND); }
                                                                                 ^
/home/ec2-user/arduino-testlib/cli-datadir/user/libraries/MemoryUsage/examples/FreeRam/FreeRam.ino:33:5: note: in expansion of macro &#39;MEMORY_PRINT_END&#39;
     MEMORY_PRINT_END
     ^~~~~~~~~~~~~~~~
/home/ec2-user/arduino-testlib/cli-datadir/user/libraries/MemoryUsage/src/MemoryUsage.h:130:81: note: suggested alternative: &#39;SRAM_END&#39;
 #define MEMORY_PRINT_END  { Serial.print(F(&#34;Stack end:&#34;)); Serial.println((int) RAMEND); }
                                                                                 ^
/home/ec2-user/arduino-testlib/cli-datadir/user/libraries/MemoryUsage/examples/FreeRam/FreeRam.ino:33:5: note: in expansion of macro &#39;MEMORY_PRINT_END&#39;
     MEMORY_PRINT_END
     ^~~~~~~~~~~~~~~~

</pre>
					
					<h4>examples/Stack</h4>
					<p>
						Result: <b>FAIL</b>
					</p>
					<pre class="pre-scrollable">WARNING: library MemoryUsage claims to run on avr architecture(s) and may be incompatible with your current board which runs on mbed_nano architecture(s).
In file included from /home/ec2-user/arduino-testlib/cli-datadir/user/libraries/MemoryUsage/examples/Stack/Stack.ino:1:0:
/home/ec2-user/arduino-testlib/cli-datadir/user/libraries/MemoryUsage/src/MemoryUsage.h:149:58: error: &#39;RAMEND&#39; was not declared in this scope
 #define STACK_DECLARE      unsigned int mu_stack_size = (RAMEND - SP);
                                                          ^
/home/ec2-user/arduino-testlib/cli-datadir/user/libraries/MemoryUsage/examples/Stack/Stack.ino:3:1: note: in expansion of macro &#39;STACK_DECLARE&#39;
 STACK_DECLARE
 ^~~~~~~~~~~~~
/home/ec2-user/arduino-testlib/cli-datadir/user/libraries/MemoryUsage/src/MemoryUsage.h:149:58: note: suggested alternative: &#39;SRAM_END&#39;
 #define STACK_DECLARE      unsigned int mu_stack_size = (RAMEND - SP);
                                                          ^
/home/ec2-user/arduino-testlib/cli-datadir/user/libraries/MemoryUsage/examples/Stack/Stack.ino:3:1: note: in expansion of macro &#39;STACK_DECLARE&#39;
 STACK_DECLARE
 ^~~~~~~~~~~~~
/home/ec2-user/arduino-testlib/cli-datadir/user/libraries/MemoryUsage/src/MemoryUsage.h:149:67: error: &#39;SP&#39; was not declared in this scope
 #define STACK_DECLARE      unsigned int mu_stack_size = (RAMEND - SP);
                                                                   ^
/home/ec2-user/arduino-testlib/cli-datadir/user/libraries/MemoryUsage/examples/Stack/Stack.ino:3:1: note: in expansion of macro &#39;STACK_DECLARE&#39;
 STACK_DECLARE
 ^~~~~~~~~~~~~
/home/ec2-user/arduino-testlib/cli-datadir/user/libraries/MemoryUsage/src/MemoryUsage.h:149:67: note: suggested alternative: &#39;SS&#39;
 #define STACK_DECLARE      unsigned int mu_stack_size = (RAMEND - SP);
                                                                   ^
/home/ec2-user/arduino-testlib/cli-datadir/user/libraries/MemoryUsage/examples/Stack/Stack.ino:3:1: note: in expansion of macro &#39;STACK_DECLARE&#39;
 STACK_DECLARE
 ^~~~~~~~~~~~~
/home/ec2-user/arduino-testlib/cli-datadir/user/libraries/MemoryUsage/examples/Stack/Stack.ino: In function &#39;void setup()&#39;:
/home/ec2-user/arduino-testlib/cli-datadir/user/libraries/MemoryUsage/src/MemoryUsage.h:128:89: error: &#39;SP&#39; was not declared in this scope
 #define MEMORY_PRINT_STACKSTART { Serial.print(F(&#34;Stack start:&#34;)); Serial.println((int) SP); }
                                                                                         ^
/home/ec2-user/arduino-testlib/cli-datadir/user/libraries/MemoryUsage/examples/Stack/Stack.ino:37:5: note: in expansion of macro &#39;MEMORY_PRINT_STACKSTART&#39;
     MEMORY_PRINT_STACKSTART
     ^~~~~~~~~~~~~~~~~~~~~~~
/home/ec2-user/arduino-testlib/cli-datadir/user/libraries/MemoryUsage/src/MemoryUsage.h:128:89: note: suggested alternative: &#39;SS&#39;
 #define MEMORY_PRINT_STACKSTART { Serial.print(F(&#34;Stack start:&#34;)); Serial.println((int) SP); }
                                                                                         ^
/home/ec2-user/arduino-testlib/cli-datadir/user/libraries/MemoryUsage/examples/Stack/Stack.ino:37:5: note: in expansion of macro &#39;MEMORY_PRINT_STACKSTART&#39;
     MEMORY_PRINT_STACKSTART
     ^~~~~~~~~~~~~~~~~~~~~~~
/home/ec2-user/arduino-testlib/cli-datadir/user/libraries/MemoryUsage/src/MemoryUsage.h:130:81: error: &#39;RAMEND&#39; was not declared in this scope
 #define MEMORY_PRINT_END  { Serial.print(F(&#34;Stack end:&#34;)); Serial.println((int) RAMEND); }
                                                                                 ^
/home/ec2-user/arduino-testlib/cli-datadir/user/libraries/MemoryUsage/examples/Stack/Stack.ino:38:5: note: in expansion of macro &#39;MEMORY_PRINT_END&#39;
     MEMORY_PRINT_END
     ^~~~~~~~~~~~~~~~
/home/ec2-user/arduino-testlib/cli-datadir/user/libraries/MemoryUsage/src/MemoryUsage.h:130:81: note: suggested alternative: &#39;SRAM_END&#39;
 #define MEMORY_PRINT_END  { Serial.print(F(&#34;Stack end:&#34;)); Serial.println((int) RAMEND); }
                                                                                 ^
/home/ec2-user/arduino-testlib/cli-datadir/user/libraries/MemoryUsage/examples/Stack/Stack.ino:38:5: note: in expansion of macro &#39;MEMORY_PRINT_END&#39;
     MEMORY_PRINT_END
     ^~~~~~~~~~~~~~~~
/home/ec2-user/arduino-testlib/cli-datadir/user/libraries/MemoryUsage/src/MemoryUsage.h:135:87: error: &#39;RAMEND&#39; was not declared in this scope
 #define MEMORY_PRINT_STACKSIZE { Serial.print(F(&#34;Stack size:&#34;)); Serial.println((int) RAMEND - (int)SP); }
                                                                                       ^
/home/ec2-user/arduino-testlib/cli-datadir/user/libraries/MemoryUsage/examples/Stack/Stack.ino:39:5: note: in expansion of macro &#39;MEMORY_PRINT_STACKSIZE&#39;
     MEMORY_PRINT_STACKSIZE
     ^~~~~~~~~~~~~~~~~~~~~~
/home/ec2-user/arduino-testlib/cli-datadir/user/libraries/MemoryUsage/src/MemoryUsage.h:135:87: note: suggested alternative: &#39;SRAM_END&#39;
 #define MEMORY_PRINT_STACKSIZE { Serial.print(F(&#34;Stack size:&#34;)); Serial.println((int) RAMEND - (int)SP); }
                                                                                       ^
/home/ec2-user/arduino-testlib/cli-datadir/user/libraries/MemoryUsage/examples/Stack/Stack.ino:39:5: note: in expansion of macro &#39;MEMORY_PRINT_STACKSIZE&#39;
     MEMORY_PRINT_STACKSIZE
     ^~~~~~~~~~~~~~~~~~~~~~
/home/ec2-user/arduino-testlib/cli-datadir/user/libraries/MemoryUsage/src/MemoryUsage.h:135:101: error: &#39;SP&#39; was not declared in this scope
 #define MEMORY_PRINT_STACKSIZE { Serial.print(F(&#34;Stack size:&#34;)); Serial.println((int) RAMEND - (int)SP); }
                                                                                                     ^
/home/ec2-user/arduino-testlib/cli-datadir/user/libraries/MemoryUsage/examples/Stack/Stack.ino:39:5: note: in expansion of macro &#39;MEMORY_PRINT_STACKSIZE&#39;
     MEMORY_PRINT_STACKSIZE
     ^~~~~~~~~~~~~~~~~~~~~~
/home/ec2-user/arduino-testlib/cli-datadir/user/libraries/MemoryUsage/src/MemoryUsage.h:135:101: note: suggested alternative: &#39;SS&#39;
 #define MEMORY_PRINT_STACKSIZE { Serial.print(F(&#34;Stack size:&#34;)); Serial.println((int) RAMEND - (int)SP); }
                                                                                                     ^
/home/ec2-user/arduino-testlib/cli-datadir/user/libraries/MemoryUsage/examples/Stack/Stack.ino:39:5: note: in expansion of macro &#39;MEMORY_PRINT_STACKSIZE&#39;
     MEMORY_PRINT_STACKSIZE
     ^~~~~~~~~~~~~~~~~~~~~~
/home/ec2-user/arduino-testlib/cli-datadir/user/libraries/MemoryUsage/src/MemoryUsage.h:128:89: error: &#39;SP&#39; was not declared in this scope
 #define MEMORY_PRINT_STACKSTART { Serial.print(F(&#34;Stack start:&#34;)); Serial.println((int) SP); }
                                                                                         ^
/home/ec2-user/arduino-testlib/cli-datadir/user/libraries/MemoryUsage/examples/Stack/Stack.ino:82:5: note: in expansion of macro &#39;MEMORY_PRINT_STACKSTART&#39;
     MEMORY_PRINT_STACKSTART
     ^~~~~~~~~~~~~~~~~~~~~~~
/home/ec2-user/arduino-testlib/cli-datadir/user/libraries/MemoryUsage/src/MemoryUsage.h:128:89: note: suggested alternative: &#39;SS&#39;
 #define MEMORY_PRINT_STACKSTART { Serial.print(F(&#34;Stack start:&#34;)); Serial.println((int) SP); }
                                                                                         ^
/home/ec2-user/arduino-testlib/cli-datadir/user/libraries/MemoryUsage/examples/Stack/Stack.ino:82:5: note: in expansion of macro &#39;MEMORY_PRINT_STACKSTART&#39;
     MEMORY_PRINT_STACKSTART
     ^~~~~~~~~~~~~~~~~~~~~~~
/home/ec2-user/arduino-testlib/cli-datadir/user/libraries/MemoryUsage/src/MemoryUsage.h:130:81: error: &#39;RAMEND&#39; was not declared in this scope
 #define MEMORY_PRINT_END  { Serial.print(F(&#34;Stack end:&#34;)); Serial.println((int) RAMEND); }
                                                                                 ^
/home/ec2-user/arduino-testlib/cli-datadir/user/libraries/MemoryUsage/examples/Stack/Stack.ino:83:5: note: in expansion of macro &#39;MEMORY_PRINT_END&#39;
     MEMORY_PRINT_END
     ^~~~~~~~~~~~~~~~
/home/ec2-user/arduino-testlib/cli-datadir/user/libraries/MemoryUsage/src/MemoryUsage.h:130:81: note: suggested alternative: &#39;SRAM_END&#39;
 #define MEMORY_PRINT_END  { Serial.print(F(&#34;Stack end:&#34;)); Serial.println((int) RAMEND); }
                                                                                 ^
/home/ec2-user/arduino-testlib/cli-datadir/user/libraries/MemoryUsage/examples/Stack/Stack.ino:83:5: note: in expansion of macro &#39;MEMORY_PRINT_END&#39;
     MEMORY_PRINT_END
     ^~~~~~~~~~~~~~~~
/home/ec2-user/arduino-testlib/cli-datadir/user/libraries/MemoryUsage/src/MemoryUsage.h:135:87: error: &#39;RAMEND&#39; was not declared in this scope
 #define MEMORY_PRINT_STACKSIZE { Serial.print(F(&#34;Stack size:&#34;)); Serial.println((int) RAMEND - (int)SP); }
                                                                                       ^
/home/ec2-user/arduino-testlib/cli-datadir/user/libraries/MemoryUsage/examples/Stack/Stack.ino:84:5: note: in expansion of macro &#39;MEMORY_PRINT_STACKSIZE&#39;
     MEMORY_PRINT_STACKSIZE
     ^~~~~~~~~~~~~~~~~~~~~~
/home/ec2-user/arduino-testlib/cli-datadir/user/libraries/MemoryUsage/src/MemoryUsage.h:135:87: note: suggested alternative: &#39;SRAM_END&#39;
 #define MEMORY_PRINT_STACKSIZE { Serial.print(F(&#34;Stack size:&#34;)); Serial.println((int) RAMEND - (int)SP); }
                                                                                       ^
/home/ec2-user/arduino-testlib/cli-datadir/user/libraries/MemoryUsage/examples/Stack/Stack.ino:84:5: note: in expansion of macro &#39;MEMORY_PRINT_STACKSIZE&#39;
     MEMORY_PRINT_STACKSIZE
     ^~~~~~~~~~~~~~~~~~~~~~
/home/ec2-user/arduino-testlib/cli-datadir/user/libraries/MemoryUsage/src/MemoryUsage.h:135:101: error: &#39;SP&#39; was not declared in this scope
 #define MEMORY_PRINT_STACKSIZE { Serial.print(F(&#34;Stack size:&#34;)); Serial.println((int) RAMEND - (int)SP); }
                                                                               </pre>
					
				
				<h3 id="arduino:megaavr:nona4809">arduino:megaavr:nona4809 @ 1.8.7</h3>
				<h4>Inclusion</h4>
				<p>
					Result: <b>PASS</b>
					
				</p>
				<pre class="pre-scrollable">WARNING: library MemoryUsage claims to run on avr architecture(s) and may be incompatible with your current board which runs on megaavr architecture(s).
Sketch uses 2614 bytes (5%) of program storage space. Maximum is 49152 bytes.
Global variables use 177 bytes (2%) of dynamic memory, leaving 5967 bytes for local variables. Maximum is 6144 bytes.
</pre>

					
					<h4>examples/FreeRam</h4>
					<p>
						Result: <b>PASS</b>
					</p>
					<pre class="pre-scrollable">WARNING: library MemoryUsage claims to run on avr architecture(s) and may be incompatible with your current board which runs on megaavr architecture(s).
Sketch uses 3567 bytes (7%) of program storage space. Maximum is 49152 bytes.
Global variables use 181 bytes (2%) of dynamic memory, leaving 5963 bytes for local variables. Maximum is 6144 bytes.
</pre>
					
					<h4>examples/Stack</h4>
					<p>
						Result: <b>PASS</b>
					</p>
					<pre class="pre-scrollable">WARNING: library MemoryUsage claims to run on avr architecture(s) and may be incompatible with your current board which runs on megaavr architecture(s).
Sketch uses 6362 bytes (12%) of program storage space. Maximum is 49152 bytes.
Global variables use 183 bytes (2%) of dynamic memory, leaving 5961 bytes for local variables. Maximum is 6144 bytes.
</pre>
					
				
				<h3 id="arduino:samd:mkrwifi1010">arduino:samd:mkrwifi1010 @ 1.8.12</h3>
				<h4>Inclusion</h4>
				<p>
					Result: <b>FAIL</b>
					
				</p>
				<pre class="pre-scrollable">WARNING: library MemoryUsage claims to run on avr architecture(s) and may be incompatible with your current board which runs on samd architecture(s).
/home/ec2-user/arduino-testlib/cli-datadir/user/libraries/MemoryUsage/src/MemoryUsage.cpp: In function &#39;uint16_t mu_StackCount()&#39;:
/home/ec2-user/arduino-testlib/cli-datadir/user/libraries/MemoryUsage/src/MemoryUsage.cpp:76:42: error: &#39;SP&#39; was not declared in this scope
  while (*p == STACK_CANARY &amp;&amp; (int) p &lt;= SP)
                                          ^~
/home/ec2-user/arduino-testlib/cli-datadir/user/libraries/MemoryUsage/src/MemoryUsage.cpp:76:42: note: suggested alternative: &#39;SS&#39;
  while (*p == STACK_CANARY &amp;&amp; (int) p &lt;= SP)
                                          ^~
                                          SS
/home/ec2-user/arduino-testlib/cli-datadir/user/libraries/MemoryUsage/src/MemoryUsage.cpp:79:38: error: cast from &#39;uint8_t* {aka unsigned char*}&#39; to &#39;uint16_t {aka short unsigned int}&#39; loses precision [-fpermissive]
  return (uint16_t)RAMEND - (uint16_t)p;
                                      ^
/home/ec2-user/arduino-testlib/cli-datadir/user/libraries/MemoryUsage/src/MemoryUsage.cpp: In function &#39;void SRamDisplay()&#39;:
/home/ec2-user/arduino-testlib/cli-datadir/user/libraries/MemoryUsage/src/MemoryUsage.cpp:90:33: error: &#39;SP&#39; was not declared in this scope
  int stack_size = RAMEND - (int)SP &#43; 1;
                                 ^~
/home/ec2-user/arduino-testlib/cli-datadir/user/libraries/MemoryUsage/src/MemoryUsage.cpp:90:33: note: suggested alternative: &#39;SS&#39;
  int stack_size = RAMEND - (int)SP &#43; 1;
                                 ^~
                                 SS

</pre>

					
					<h4>examples/FreeRam</h4>
					<p>
						Result: <b>FAIL</b>
					</p>
					<pre class="pre-scrollable">WARNING: library MemoryUsage claims to run on avr architecture(s) and may be incompatible with your current board which runs on samd architecture(s).
In file included from /home/ec2-user/arduino-testlib/cli-datadir/user/libraries/MemoryUsage/examples/FreeRam/FreeRam.ino:1:0:
/home/ec2-user/arduino-testlib/cli-datadir/user/libraries/MemoryUsage/examples/FreeRam/FreeRam.ino: In function &#39;void setup()&#39;:
/home/ec2-user/arduino-testlib/cli-datadir/user/libraries/MemoryUsage/src/MemoryUsage.h:128:89: error: &#39;SP&#39; was not declared in this scope
 #define MEMORY_PRINT_STACKSTART { Serial.print(F(&#34;Stack start:&#34;)); Serial.println((int) SP); }
                                                                                         ^
/home/ec2-user/arduino-testlib/cli-datadir/user/libraries/MemoryUsage/examples/FreeRam/FreeRam.ino:12:5: note: in expansion of macro &#39;MEMORY_PRINT_STACKSTART&#39;
     MEMORY_PRINT_STACKSTART
     ^~~~~~~~~~~~~~~~~~~~~~~
/home/ec2-user/arduino-testlib/cli-datadir/user/libraries/MemoryUsage/src/MemoryUsage.h:128:89: note: suggested alternative: &#39;SS&#39;
 #define MEMORY_PRINT_STACKSTART { Serial.print(F(&#34;Stack start:&#34;)); Serial.println((int) SP); }
                                                                                         ^
/home/ec2-user/arduino-testlib/cli-datadir/user/libraries/MemoryUsage/examples/FreeRam/FreeRam.ino:12:5: note: in expansion of macro &#39;MEMORY_PRINT_STACKSTART&#39;
     MEMORY_PRINT_STACKSTART
     ^~~~~~~~~~~~~~~~~~~~~~~
/home/ec2-user/arduino-testlib/cli-datadir/user/libraries/MemoryUsage/src/MemoryUsage.h:128:89: error: &#39;SP&#39; was not declared in this scope
 #define MEMORY_PRINT_STACKSTART { Serial.print(F(&#34;Stack start:&#34;)); Serial.println((int) SP); }
                                                                                         ^
/home/ec2-user/arduino-testlib/cli-datadir/user/libraries/MemoryUsage/examples/FreeRam/FreeRam.ino:32:5: note: in expansion of macro &#39;MEMORY_PRINT_STACKSTART&#39;
     MEMORY_PRINT_STACKSTART
     ^~~~~~~~~~~~~~~~~~~~~~~
/home/ec2-user/arduino-testlib/cli-datadir/user/libraries/MemoryUsage/src/MemoryUsage.h:128:89: note: suggested alternative: &#39;SS&#39;
 #define MEMORY_PRINT_STACKSTART { Serial.print(F(&#34;Stack start:&#34;)); Serial.println((int) SP); }
                                                                                         ^
/home/ec2-user/arduino-testlib/cli-datadir/user/libraries/MemoryUsage/examples/FreeRam/FreeRam.ino:32:5: note: in expansion of macro &#39;MEMORY_PRINT_STACKSTART&#39;
     MEMORY_PRINT_STACKSTART
     ^~~~~~~~~~~~~~~~~~~~~~~

</pre>
					
					<h4>examples/Stack</h4>
					<p>
						Result: <b>FAIL</b>
					</p>
					<pre class="pre-scrollable">WARNING: library MemoryUsage claims to run on avr architecture(s) and may be incompatible with your current board which runs on samd architecture(s).
In file included from /home/ec2-user/arduino-testlib/cli-datadir/user/libraries/MemoryUsage/examples/Stack/Stack.ino:1:0:
/home/ec2-user/arduino-testlib/cli-datadir/user/libraries/MemoryUsage/src/MemoryUsage.h:149:67: error: &#39;SP&#39; was not declared in this scope
 #define STACK_DECLARE      unsigned int mu_stack_size = (RAMEND - SP);
                                                                   ^
/home/ec2-user/arduino-testlib/cli-datadir/user/libraries/MemoryUsage/examples/Stack/Stack.ino:3:1: note: in expansion of macro &#39;STACK_DECLARE&#39;
 STACK_DECLARE
 ^~~~~~~~~~~~~
/home/ec2-user/arduino-testlib/cli-datadir/user/libraries/MemoryUsage/src/MemoryUsage.h:149:67: note: suggested alternative: &#39;SS&#39;
 #define STACK_DECLARE      unsigned int mu_stack_size = (RAMEND - SP);
                                                                   ^
/home/ec2-user/arduino-testlib/cli-datadir/user/libraries/MemoryUsage/examples/Stack/Stack.ino:3:1: note: in expansion of macro &#39;STACK_DECLARE&#39;
 STACK_DECLARE
 ^~~~~~~~~~~~~
/home/ec2-user/arduino-testlib/cli-datadir/user/libraries/MemoryUsage/examples/Stack/Stack.ino: In function &#39;void setup()&#39;:
/home/ec2-user/arduino-testlib/cli-datadir/user/libraries/MemoryUsage/src/MemoryUsage.h:128:89: error: &#39;SP&#39; was not declared in this scope
 #define MEMORY_PRINT_STACKSTART { Serial.print(F(&#34;Stack start:&#34;)); Serial.println((int) SP); }
                                                                                         ^
/home/ec2-user/arduino-testlib/cli-datadir/user/libraries/MemoryUsage/examples/Stack/Stack.ino:37:5: note: in expansion of macro &#39;MEMORY_PRINT_STACKSTART&#39;
     MEMORY_PRINT_STACKSTART
     ^~~~~~~~~~~~~~~~~~~~~~~
/home/ec2-user/arduino-testlib/cli-datadir/user/libraries/MemoryUsage/src/MemoryUsage.h:128:89: note: suggested alternative: &#39;SS&#39;
 #define MEMORY_PRINT_STACKSTART { Serial.print(F(&#34;Stack start:&#34;)); Serial.println((int) SP); }
                                                                                         ^
/home/ec2-user/arduino-testlib/cli-datadir/user/libraries/MemoryUsage/examples/Stack/Stack.ino:37:5: note: in expansion of macro &#39;MEMORY_PRINT_STACKSTART&#39;
     MEMORY_PRINT_STACKSTART
     ^~~~~~~~~~~~~~~~~~~~~~~
/home/ec2-user/arduino-testlib/cli-datadir/user/libraries/MemoryUsage/src/MemoryUsage.h:135:101: error: &#39;SP&#39; was not declared in this scope
 #define MEMORY_PRINT_STACKSIZE { Serial.print(F(&#34;Stack size:&#34;)); Serial.println((int) RAMEND - (int)SP); }
                                                                                                     ^
/home/ec2-user/arduino-testlib/cli-datadir/user/libraries/MemoryUsage/examples/Stack/Stack.ino:39:5: note: in expansion of macro &#39;MEMORY_PRINT_STACKSIZE&#39;
     MEMORY_PRINT_STACKSIZE
     ^~~~~~~~~~~~~~~~~~~~~~
/home/ec2-user/arduino-testlib/cli-datadir/user/libraries/MemoryUsage/src/MemoryUsage.h:135:101: note: suggested alternative: &#39;SS&#39;
 #define MEMORY_PRINT_STACKSIZE { Serial.print(F(&#34;Stack size:&#34;)); Serial.println((int) RAMEND - (int)SP); }
                                                                                                     ^
/home/ec2-user/arduino-testlib/cli-datadir/user/libraries/MemoryUsage/examples/Stack/Stack.ino:39:5: note: in expansion of macro &#39;MEMORY_PRINT_STACKSIZE&#39;
     MEMORY_PRINT_STACKSIZE
     ^~~~~~~~~~~~~~~~~~~~~~
/home/ec2-user/arduino-testlib/cli-datadir/user/libraries/MemoryUsage/src/MemoryUsage.h:128:89: error: &#39;SP&#39; was not declared in this scope
 #define MEMORY_PRINT_STACKSTART { Serial.print(F(&#34;Stack start:&#34;)); Serial.println((int) SP); }
                                                                                         ^
/home/ec2-user/arduino-testlib/cli-datadir/user/libraries/MemoryUsage/examples/Stack/Stack.ino:82:5: note: in expansion of macro &#39;MEMORY_PRINT_STACKSTART&#39;
     MEMORY_PRINT_STACKSTART
     ^~~~~~~~~~~~~~~~~~~~~~~
/home/ec2-user/arduino-testlib/cli-datadir/user/libraries/MemoryUsage/src/MemoryUsage.h:128:89: note: suggested alternative: &#39;SS&#39;
 #define MEMORY_PRINT_STACKSTART { Serial.print(F(&#34;Stack start:&#34;)); Serial.println((int) SP); }
                                                                                         ^
/home/ec2-user/arduino-testlib/cli-datadir/user/libraries/MemoryUsage/examples/Stack/Stack.ino:82:5: note: in expansion of macro &#39;MEMORY_PRINT_STACKSTART&#39;
     MEMORY_PRINT_STACKSTART
     ^~~~~~~~~~~~~~~~~~~~~~~
/home/ec2-user/arduino-testlib/cli-datadir/user/libraries/MemoryUsage/src/MemoryUsage.h:135:101: error: &#39;SP&#39; was not declared in this scope
 #define MEMORY_PRINT_STACKSIZE { Serial.print(F(&#34;Stack size:&#34;)); Serial.println((int) RAMEND - (int)SP); }
                                                                                                     ^
/home/ec2-user/arduino-testlib/cli-datadir/user/libraries/MemoryUsage/examples/Stack/Stack.ino:84:5: note: in expansion of macro &#39;MEMORY_PRINT_STACKSIZE&#39;
     MEMORY_PRINT_STACKSIZE
     ^~~~~~~~~~~~~~~~~~~~~~
/home/ec2-user/arduino-testlib/cli-datadir/user/libraries/MemoryUsage/src/MemoryUsage.h:135:101: note: suggested alternative: &#39;SS&#39;
 #define MEMORY_PRINT_STACKSIZE { Serial.print(F(&#34;Stack size:&#34;)); Serial.println((int) RAMEND - (int)SP); }
                                                                                                     ^
/home/ec2-user/arduino-testlib/cli-datadir/user/libraries/MemoryUsage/examples/Stack/Stack.ino:84:5: note: in expansion of macro &#39;MEMORY_PRINT_STACKSIZE&#39;
     MEMORY_PRINT_STACKSIZE
     ^~~~~~~~~~~~~~~~~~~~~~
/home/ec2-user/arduino-testlib/cli-datadir/user/libraries/MemoryUsage/examples/Stack/Stack.ino: In function &#39;void subFull(rhaaa)&#39;:
/home/ec2-user/arduino-testlib/cli-datadir/user/libraries/MemoryUsage/src/MemoryUsage.h:128:89: error: &#39;SP&#39; was not declared in this scope
 #define MEMORY_PRINT_STACKSTART { Serial.print(F(&#34;Stack start:&#34;)); Serial.println((int) SP); }
                                                                                         ^
/home/ec2-user/arduino-testlib/cli-datadir/user/libraries/MemoryUsage/examples/Stack/Stack.ino:94:5: note: in expansion of macro &#39;MEMORY_PRINT_STACKSTART&#39;
     MEMORY_PRINT_STACKSTART
     ^~~~~~~~~~~~~~~~~~~~~~~
/home/ec2-user/arduino-testlib/cli-datadir/user/libraries/MemoryUsage/src/MemoryUsage.h:128:89: note: suggested alternative: &#39;SS&#39;
 #define MEMORY_PRINT_STACKSTART { Serial.print(F(&#34;Stack start:&#34;)); Serial.println((int) SP); }
                                                                                         ^
/home/ec2-user/arduino-testlib/cli-datadir/user/libraries/MemoryUsage/examples/Stack/Stack.ino:94:5: note: in expansion of macro &#39;MEMORY_PRINT_STACKSTART&#39;
     MEMORY_PRINT_STACKSTART
     ^~~~~~~~~~~~~~~~~~~~~~~
/home/ec2-user/arduino-testlib/cli-datadir/user/libraries/MemoryUsage/src/MemoryUsage.h:135:101: error: &#39;SP&#39; was not declared in this scope
 #define MEMORY_PRINT_STACKSIZE { Serial.print(F(&#34;Stack size:&#34;)); Serial.println((int) RAMEND - (int)SP); }
                                                                                                     ^
/home/ec2-user/arduino-testlib/cli-datadir/user/libraries/MemoryUsage/examples/Stack/Stack.ino:96:5: note: in expansion of macro &#39;MEMORY_PRINT_STACKSIZE&#39;
     MEMORY_PRINT_STACKSIZE
     ^~~~~~~~~~~~~~~~~~~~~~
/home/ec2-user/arduino-testlib/cli-datadir/user/libraries/MemoryUsage/src/MemoryUsage.h:135:101: note: suggested alternative: &#39;SS&#39;
 #define MEMORY_PRINT_STACKSIZE { Serial.print(F(&#34;Stack size:&#34;)); Serial.println((int) RAMEND - (int)SP); }
                                                                                                     ^
/home/ec2-user/arduino-testlib/cli-datadir/user/libraries/MemoryUsage/examples/Stack/Stack.ino:96:5: note: in expansion of macro &#39;MEMORY_PRINT_STACKSIZE&#39;
     MEMORY_PRINT_STACKSIZE
     ^~~~~~~~~~~~~~~~~~~~~~
/home/ec2-user/arduino-testlib/cli-datadir/user/libraries/MemoryUsage/src/MemoryUsage.h:152:56: error: &#39;SP&#39; was not declared in this scope
 #define STACK_COMPUTE      { mu_stack_size = (RAMEND - SP) &gt; mu_stack_size ? (RAMEND - SP) : mu_stack_size;}
                                                        ^
/home/ec2-user/arduino-testlib/cli-datadir/user/libraries/MemoryUsage/src/MemoryUsage.h:155:35: note: in expansion of macro &#39;STACK_COMPUTE&#39;
 #define STACK_PRINT_TEXT(text)  { STACK_COMPUTE; Serial.print(text);  Serial.println(mu_stack_size); }
                                   ^~~~~~~~~~~~~
/home/ec2-user/arduino-testlib/cli-datadir/user/libraries/MemoryUsage/src/MemoryUsage.h:158:28: note: in expansion of macro &#39;STACK_PRINT_TEXT&#39;
 #define STACK_PRINT        STACK_PRINT_TEXT(F(&#34;Stack Maximum Size (Instrumentation method): &#34;));
                            ^~~~~~~~~~~~~~~~
/home/ec2-user/arduino-testlib/cli-datadir/user/libraries/MemoryUsage/examples/Stack/Stack.ino:97:5: note: in expansion of macro &#39;STACK_PRINT&#39;
     STACK_PRINT
     ^~~~~~~~~~~
/home/ec2-user/arduino-testlib/cli-datadir/user/libraries/MemoryUsage/src/MemoryUsage.h:152:56: note: suggested alternative: &#39;SS&#39;
 #define STACK_COMPUTE      { mu_stack_size = (RAMEND - SP) &gt; mu_stack_size ? (RAMEND - SP) : mu_stack_size;}
                                                        ^
/home/ec2-user/arduino-testlib/cli-datadir/user/libraries/MemoryUsage/src/MemoryUsage.h:155:35: note: in expansion of macro &#39;STACK_COMPUTE&#39;
 #define STACK_PRINT_TEXT(text)  { STACK_COMPUTE; Serial.print(text);  Serial.println(mu_stack_size); }
                                   ^~~~~~~~~~~~~
/home/ec2-user/arduino-testlib/cli-datadir/user/libraries/MemoryUsage/src/MemoryUsage.h:158:28: note: in expansion of macro &#39;STACK_PRINT_TEXT&#39;
 #define STACK_PRINT        STACK_PRINT_TEXT(F(&#34;Stack Maximum Size (Instrumentation method): &#34;));
                            ^~~~~~~~~~~~~~~~
/home/ec2-user/arduino-testlib/cli-datadir/user/libraries/MemoryUsag</pre>
					
				
				<h3 id="esp32:esp32:d1_mini32">esp32:esp32:d1_mini32 @ 1.0.6</h3>
				<h4>Inclusion</h4>
				<p>
					Result: <b>FAIL</b>
					
				</p>
				<pre class="pre-scrollable">WARNING: library MemoryUsage claims to run on avr architecture(s) and may be incompatible with your current board which runs on esp32 architecture(s).
/home/ec2-user/arduino-testlib/cli-datadir/user/libraries/MemoryUsage/src/MemoryUsage.cpp: In function &#39;uint16_t mu_StackCount()&#39;:
/home/ec2-user/arduino-testlib/cli-datadir/user/libraries/MemoryUsage/src/MemoryUsage.cpp:76:42: error: &#39;SP&#39; was not declared in this scope
  while (*p == STACK_CANARY &amp;&amp; (int) p &lt;= SP)
                                          ^
/home/ec2-user/arduino-testlib/cli-datadir/user/libraries/MemoryUsage/src/MemoryUsage.cpp:79:19: error: &#39;RAMEND&#39; was not declared in this scope
  return (uint16_t)RAMEND - (uint16_t)p;
                   ^
/home/ec2-user/arduino-testlib/cli-datadir/user/libraries/MemoryUsage/src/MemoryUsage.cpp:79:38: error: cast from &#39;uint8_t* {aka unsigned char*}&#39; to &#39;uint16_t {aka short unsigned int}&#39; loses precision [-fpermissive]
  return (uint16_t)RAMEND - (uint16_t)p;
                                      ^
/home/ec2-user/arduino-testlib/cli-datadir/user/libraries/MemoryUsage/src/MemoryUsage.cpp: In function &#39;void SRamDisplay()&#39;:
/home/ec2-user/arduino-testlib/cli-datadir/user/libraries/MemoryUsage/src/MemoryUsage.cpp:90:19: error: &#39;RAMEND&#39; was not declared in this scope
  int stack_size = RAMEND - (int)SP &#43; 1;
                   ^
/home/ec2-user/arduino-testlib/cli-datadir/user/libraries/MemoryUsage/src/MemoryUsage.cpp:90:33: error: &#39;SP&#39; was not declared in this scope
  int stack_size = RAMEND - (int)SP &#43; 1;
                                 ^

</pre>

					
					<h4>examples/FreeRam</h4>
					<p>
						Result: <b>FAIL</b>
					</p>
					<pre class="pre-scrollable">WARNING: library MemoryUsage claims to run on avr architecture(s) and may be incompatible with your current board which runs on esp32 architecture(s).
In file included from /home/ec2-user/arduino-testlib/cli-datadir/user/libraries/MemoryUsage/examples/FreeRam/FreeRam.ino:1:0:
/home/ec2-user/arduino-testlib/cli-datadir/user/libraries/MemoryUsage/examples/FreeRam/FreeRam.ino: In function &#39;void setup()&#39;:
/home/ec2-user/arduino-testlib/cli-datadir/user/libraries/MemoryUsage/src/MemoryUsage.h:128:89: error: &#39;SP&#39; was not declared in this scope
 #define MEMORY_PRINT_STACKSTART { Serial.print(F(&#34;Stack start:&#34;)); Serial.println((int) SP); }
                                                                                         ^
/home/ec2-user/arduino-testlib/cli-datadir/user/libraries/MemoryUsage/examples/FreeRam/FreeRam.ino:12:5: note: in expansion of macro &#39;MEMORY_PRINT_STACKSTART&#39;
     MEMORY_PRINT_STACKSTART
     ^
/home/ec2-user/arduino-testlib/cli-datadir/user/libraries/MemoryUsage/src/MemoryUsage.h:130:81: error: &#39;RAMEND&#39; was not declared in this scope
 #define MEMORY_PRINT_END  { Serial.print(F(&#34;Stack end:&#34;)); Serial.println((int) RAMEND); }
                                                                                 ^
/home/ec2-user/arduino-testlib/cli-datadir/user/libraries/MemoryUsage/examples/FreeRam/FreeRam.ino:13:5: note: in expansion of macro &#39;MEMORY_PRINT_END&#39;
     MEMORY_PRINT_END
     ^
/home/ec2-user/arduino-testlib/cli-datadir/user/libraries/MemoryUsage/src/MemoryUsage.h:128:89: error: &#39;SP&#39; was not declared in this scope
 #define MEMORY_PRINT_STACKSTART { Serial.print(F(&#34;Stack start:&#34;)); Serial.println((int) SP); }
                                                                                         ^
/home/ec2-user/arduino-testlib/cli-datadir/user/libraries/MemoryUsage/examples/FreeRam/FreeRam.ino:32:5: note: in expansion of macro &#39;MEMORY_PRINT_STACKSTART&#39;
     MEMORY_PRINT_STACKSTART
     ^
/home/ec2-user/arduino-testlib/cli-datadir/user/libraries/MemoryUsage/src/MemoryUsage.h:130:81: error: &#39;RAMEND&#39; was not declared in this scope
 #define MEMORY_PRINT_END  { Serial.print(F(&#34;Stack end:&#34;)); Serial.println((int) RAMEND); }
                                                                                 ^
/home/ec2-user/arduino-testlib/cli-datadir/user/libraries/MemoryUsage/examples/FreeRam/FreeRam.ino:33:5: note: in expansion of macro &#39;MEMORY_PRINT_END&#39;
     MEMORY_PRINT_END
     ^

</pre>
					
					<h4>examples/Stack</h4>
					<p>
						Result: <b>FAIL</b>
					</p>
					<pre class="pre-scrollable">WARNING: library MemoryUsage claims to run on avr architecture(s) and may be incompatible with your current board which runs on esp32 architecture(s).
In file included from /home/ec2-user/arduino-testlib/cli-datadir/user/libraries/MemoryUsage/examples/Stack/Stack.ino:1:0:
/home/ec2-user/arduino-testlib/cli-datadir/user/libraries/MemoryUsage/src/MemoryUsage.h:149:58: error: &#39;RAMEND&#39; was not declared in this scope
 #define STACK_DECLARE      unsigned int mu_stack_size = (RAMEND - SP);
                                                          ^
/home/ec2-user/arduino-testlib/cli-datadir/user/libraries/MemoryUsage/examples/Stack/Stack.ino:3:1: note: in expansion of macro &#39;STACK_DECLARE&#39;
 STACK_DECLARE
 ^
/home/ec2-user/arduino-testlib/cli-datadir/user/libraries/MemoryUsage/src/MemoryUsage.h:149:67: error: &#39;SP&#39; was not declared in this scope
 #define STACK_DECLARE      unsigned int mu_stack_size = (RAMEND - SP);
                                                                   ^
/home/ec2-user/arduino-testlib/cli-datadir/user/libraries/MemoryUsage/examples/Stack/Stack.ino:3:1: note: in expansion of macro &#39;STACK_DECLARE&#39;
 STACK_DECLARE
 ^
/home/ec2-user/arduino-testlib/cli-datadir/user/libraries/MemoryUsage/examples/Stack/Stack.ino: In function &#39;void setup()&#39;:
/home/ec2-user/arduino-testlib/cli-datadir/user/libraries/MemoryUsage/src/MemoryUsage.h:128:89: error: &#39;SP&#39; was not declared in this scope
 #define MEMORY_PRINT_STACKSTART { Serial.print(F(&#34;Stack start:&#34;)); Serial.println((int) SP); }
                                                                                         ^
/home/ec2-user/arduino-testlib/cli-datadir/user/libraries/MemoryUsage/examples/Stack/Stack.ino:37:5: note: in expansion of macro &#39;MEMORY_PRINT_STACKSTART&#39;
     MEMORY_PRINT_STACKSTART
     ^
/home/ec2-user/arduino-testlib/cli-datadir/user/libraries/MemoryUsage/src/MemoryUsage.h:130:81: error: &#39;RAMEND&#39; was not declared in this scope
 #define MEMORY_PRINT_END  { Serial.print(F(&#34;Stack end:&#34;)); Serial.println((int) RAMEND); }
                                                                                 ^
/home/ec2-user/arduino-testlib/cli-datadir/user/libraries/MemoryUsage/examples/Stack/Stack.ino:38:5: note: in expansion of macro &#39;MEMORY_PRINT_END&#39;
     MEMORY_PRINT_END
     ^
/home/ec2-user/arduino-testlib/cli-datadir/user/libraries/MemoryUsage/src/MemoryUsage.h:135:87: error: &#39;RAMEND&#39; was not declared in this scope
 #define MEMORY_PRINT_STACKSIZE { Serial.print(F(&#34;Stack size:&#34;)); Serial.println((int) RAMEND - (int)SP); }
                                                                                       ^
/home/ec2-user/arduino-testlib/cli-datadir/user/libraries/MemoryUsage/examples/Stack/Stack.ino:39:5: note: in expansion of macro &#39;MEMORY_PRINT_STACKSIZE&#39;
     MEMORY_PRINT_STACKSIZE
     ^
/home/ec2-user/arduino-testlib/cli-datadir/user/libraries/MemoryUsage/src/MemoryUsage.h:135:101: error: &#39;SP&#39; was not declared in this scope
 #define MEMORY_PRINT_STACKSIZE { Serial.print(F(&#34;Stack size:&#34;)); Serial.println((int) RAMEND - (int)SP); }
                                                                                                     ^
/home/ec2-user/arduino-testlib/cli-datadir/user/libraries/MemoryUsage/examples/Stack/Stack.ino:39:5: note: in expansion of macro &#39;MEMORY_PRINT_STACKSIZE&#39;
     MEMORY_PRINT_STACKSIZE
     ^
/home/ec2-user/arduino-testlib/cli-datadir/user/libraries/MemoryUsage/src/MemoryUsage.h:128:89: error: &#39;SP&#39; was not declared in this scope
 #define MEMORY_PRINT_STACKSTART { Serial.print(F(&#34;Stack start:&#34;)); Serial.println((int) SP); }
                                                                                         ^
/home/ec2-user/arduino-testlib/cli-datadir/user/libraries/MemoryUsage/examples/Stack/Stack.ino:82:5: note: in expansion of macro &#39;MEMORY_PRINT_STACKSTART&#39;
     MEMORY_PRINT_STACKSTART
     ^
/home/ec2-user/arduino-testlib/cli-datadir/user/libraries/MemoryUsage/src/MemoryUsage.h:130:81: error: &#39;RAMEND&#39; was not declared in this scope
 #define MEMORY_PRINT_END  { Serial.print(F(&#34;Stack end:&#34;)); Serial.println((int) RAMEND); }
                                                                                 ^
/home/ec2-user/arduino-testlib/cli-datadir/user/libraries/MemoryUsage/examples/Stack/Stack.ino:83:5: note: in expansion of macro &#39;MEMORY_PRINT_END&#39;
     MEMORY_PRINT_END
     ^
/home/ec2-user/arduino-testlib/cli-datadir/user/libraries/MemoryUsage/src/MemoryUsage.h:135:87: error: &#39;RAMEND&#39; was not declared in this scope
 #define MEMORY_PRINT_STACKSIZE { Serial.print(F(&#34;Stack size:&#34;)); Serial.println((int) RAMEND - (int)SP); }
                                                                                       ^
/home/ec2-user/arduino-testlib/cli-datadir/user/libraries/MemoryUsage/examples/Stack/Stack.ino:84:5: note: in expansion of macro &#39;MEMORY_PRINT_STACKSIZE&#39;
     MEMORY_PRINT_STACKSIZE
     ^
/home/ec2-user/arduino-testlib/cli-datadir/user/libraries/MemoryUsage/src/MemoryUsage.h:135:101: error: &#39;SP&#39; was not declared in this scope
 #define MEMORY_PRINT_STACKSIZE { Serial.print(F(&#34;Stack size:&#34;)); Serial.println((int) RAMEND - (int)SP); }
                                                                                                     ^
/home/ec2-user/arduino-testlib/cli-datadir/user/libraries/MemoryUsage/examples/Stack/Stack.ino:84:5: note: in expansion of macro &#39;MEMORY_PRINT_STACKSIZE&#39;
     MEMORY_PRINT_STACKSIZE
     ^
/home/ec2-user/arduino-testlib/cli-datadir/user/libraries/MemoryUsage/examples/Stack/Stack.ino: In function &#39;void subFull(rhaaa)&#39;:
/home/ec2-user/arduino-testlib/cli-datadir/user/libraries/MemoryUsage/src/MemoryUsage.h:128:89: error: &#39;SP&#39; was not declared in this scope
 #define MEMORY_PRINT_STACKSTART { Serial.print(F(&#34;Stack start:&#34;)); Serial.println((int) SP); }
                                                                                         ^
/home/ec2-user/arduino-testlib/cli-datadir/user/libraries/MemoryUsage/examples/Stack/Stack.ino:94:5: note: in expansion of macro &#39;MEMORY_PRINT_STACKSTART&#39;
     MEMORY_PRINT_STACKSTART
     ^
/home/ec2-user/arduino-testlib/cli-datadir/user/libraries/MemoryUsage/src/MemoryUsage.h:130:81: error: &#39;RAMEND&#39; was not declared in this scope
 #define MEMORY_PRINT_END  { Serial.print(F(&#34;Stack end:&#34;)); Serial.println((int) RAMEND); }
                                                                                 ^
/home/ec2-user/arduino-testlib/cli-datadir/user/libraries/MemoryUsage/examples/Stack/Stack.ino:95:5: note: in expansion of macro &#39;MEMORY_PRINT_END&#39;
     MEMORY_PRINT_END
     ^
/home/ec2-user/arduino-testlib/cli-datadir/user/libraries/MemoryUsage/src/MemoryUsage.h:135:87: error: &#39;RAMEND&#39; was not declared in this scope
 #define MEMORY_PRINT_STACKSIZE { Serial.print(F(&#34;Stack size:&#34;)); Serial.println((int) RAMEND - (int)SP); }
                                                                                       ^
/home/ec2-user/arduino-testlib/cli-datadir/user/libraries/MemoryUsage/examples/Stack/Stack.ino:96:5: note: in expansion of macro &#39;MEMORY_PRINT_STACKSIZE&#39;
     MEMORY_PRINT_STACKSIZE
     ^
/home/ec2-user/arduino-testlib/cli-datadir/user/libraries/MemoryUsage/src/MemoryUsage.h:135:101: error: &#39;SP&#39; was not declared in this scope
 #define MEMORY_PRINT_STACKSIZE { Serial.print(F(&#34;Stack size:&#34;)); Serial.println((int) RAMEND - (int)SP); }
                                                                                                     ^
/home/ec2-user/arduino-testlib/cli-datadir/user/libraries/MemoryUsage/examples/Stack/Stack.ino:96:5: note: in expansion of macro &#39;MEMORY_PRINT_STACKSIZE&#39;
     MEMORY_PRINT_STACKSIZE
     ^
/home/ec2-user/arduino-testlib/cli-datadir/user/libraries/MemoryUsage/src/MemoryUsage.h:152:47: error: &#39;RAMEND&#39; was not declared in this scope
 #define STACK_COMPUTE      { mu_stack_size = (RAMEND - SP) &gt; mu_stack_size ? (RAMEND - SP) : mu_stack_size;}
                                               ^
/home/ec2-user/arduino-testlib/cli-datadir/user/libraries/MemoryUsage/src/MemoryUsage.h:155:35: note: in expansion of macro &#39;STACK_COMPUTE&#39;
 #define STACK_PRINT_TEXT(text)  { STACK_COMPUTE; Serial.print(text);  Serial.println(mu_stack_size); }
                                   ^
/home/ec2-user/arduino-testlib/cli-datadir/user/libraries/MemoryUsage/src/MemoryUsage.h:158:28: note: in expansion of macro &#39;STACK_PRINT_TEXT&#39;
 #define STACK_PRINT        STACK_PRINT_TEXT(F(&#34;Stack Maximum Size (Instrumentation method): &#34;));
                            ^
/home/ec2-user/arduino-testlib/cli-datadir/user/libraries/MemoryUsage/examples/Stack/Stack.ino:97:5: note: in expansion of macro &#39;STACK_PRINT&#39;
     STACK_PRINT
     ^
/home/ec2-user/arduino-testlib/cli-datadir/user/libraries/MemoryUsage/src/MemoryUsage.h:152:56: error: &#39;SP&#39; was not declared in this scope
 #define STACK_COMPUTE      { mu_stack_size = (RAMEND - SP) &gt; mu_stack_size ? (RAMEND - SP) : mu_stack_size;}
                                                        ^
/home/ec2-user/arduino-testlib/cli-datadir/user/libraries/MemoryUsage/src/MemoryUsage.h:155:35: note: in expansion of macro &#39;STACK_COMPUTE&#39;
 #define STACK_PRINT_TEXT(text)  { STACK_COMPUTE; Serial.print(text);  Serial.println(mu_stack_size); }
                                   ^
/home/ec2-user/arduino-testlib/cli-datadir/user/libraries/MemoryUsage/src/MemoryUsage.h:158:28: note: in expansion of macro &#39;STACK_PRINT_TEXT&#39;
 #define STACK_PRINT        STACK_PRINT_TEXT(F(&#34;Stack Maximum Size (Instrumentation method): &#34;));
                            ^
/home/ec2-user/arduino-testlib/cli-datadir/user/libraries/MemoryUsage/examples/Stack/Stack.ino:97:5: note: in expansion of macro &#39;STACK_PRINT&#39;
     STACK_PRINT
     ^
/home/ec2-user/arduino-testlib/cli-datadir/user/libraries/MemoryUsage/examples/Stack/Stack.ino: In function &#39;void subPointer(rhaaa*)&#39;:
/home/ec2-user/arduino-testlib/cli-datadir/user/libraries/MemoryUsage/src/MemoryUsage.h:128:89: error: &#39;SP&#39; was not declared in this scope
 #define </pre>
					
				
			</div>
		</div>
	</div>
  </body>
</html>
