
<!doctype html>
<html lang="en">
  <head>
    <meta charset="utf-8">
    <meta name="viewport" content="width=device-width, initial-scale=1">
    <link href="https://cdn.jsdelivr.net/npm/bootstrap@5.0.2/dist/css/bootstrap.min.css" rel="stylesheet" integrity="sha384-EVSTQN3/azprG1Anm3QDgpJLIm9Nao0Yz1ztcQTwFspd3yD65VohhpuuCOmLASjC" crossorigin="anonymous">
    <title>arduino-testlib report</title>
	<style>
	.pass { background-color: #00FF00 !important; }
	.fail { background-color: #FF0000 !important; }
	</style>
  </head>
  <body>
	<div class="container">
		<div class="row">
			<div class="col">
				<h1>Motor Shield V2.0 - compatibility matrix</h1>
				<p>
					<small>This report was generated on Monday, 21-Feb-22 12:00:25 CET using 
					<a href="https://github.com/alranel/arduino-testlib">arduino-testlib</a>.</small>
				</p>

				<h2>Motor Shield V2.0</h2>
				<p>
					Version: <b>1.0.0</b>
					<br />
					<a href="https://www.arduino.cc/reference/en/libraries/motor-shield-v20/">More details</a>
				</p>

				<h2>Compatibility matrix</h2>
				<table class="table table-bordered">
					<tr>
						<th>Board</th>
						<th>Claims compatibility</th>
						<th>Inclusion</th>
						
						<th><pre>motor_dc</pre></th>
						
						<th><pre>stepper_knob</pre></th>
						
						<th><pre>stepper_oneRevolution</pre></th>
						
						<th><pre>stepper_oneStepAtATime</pre></th>
						
						<th><pre>stepper_speedControl</pre></th>
						
						<th><pre>stepper_test</pre></th>
						
					</tr>
					
					<tr>
						<td>
							<a href="#arduino%3aavr%3auno"><b>arduino:avr:uno</b></a>
							<br />
							<small>1.8.4</small>
						</td>

						
						
						
							<td>Yes ⚠️</td>
							<td class="fail">FAIL</td>
						
						

						
							
								
									
										
											
											<td class="fail">FAIL</td>
										
									
										
									
										
									
										
									
										
									
										
									
								
							
								
							
								
							
								
							
								
							
						
							
								
									
										
									
										
											<td class="pass">PASS</td>
											
										
									
										
									
										
									
										
									
										
									
								
							
								
							
								
							
								
							
								
							
						
							
								
									
										
									
										
									
										
											
											<td class="fail">FAIL</td>
										
									
										
									
										
									
										
									
								
							
								
							
								
							
								
							
								
							
						
							
								
									
										
									
										
									
										
									
										
											<td class="pass">PASS</td>
											
										
									
										
									
										
									
								
							
								
							
								
							
								
							
								
							
						
							
								
									
										
									
										
									
										
									
										
									
										
											<td class="pass">PASS</td>
											
										
									
										
									
								
							
								
							
								
							
								
							
								
							
						
							
								
									
										
									
										
									
										
									
										
									
										
									
										
											<td class="pass">PASS</td>
											
										
									
								
							
								
							
								
							
								
							
								
							
						
					</tr>
					
					<tr>
						<td>
							<a href="#arduino%3ambed_nano%3ananorp2040connect"><b>arduino:mbed_nano:nanorp2040connect</b></a>
							<br />
							<small>2.7.2</small>
						</td>

						
						
						
							<td>Yes ⚠️</td>
							<td class="fail">FAIL</td>
						
						

						
							
								
							
								
									
										
											
											<td class="fail">FAIL</td>
										
									
										
									
										
									
										
									
										
									
										
									
								
							
								
							
								
							
								
							
						
							
								
							
								
									
										
									
										
											<td class="pass">PASS</td>
											
										
									
										
									
										
									
										
									
										
									
								
							
								
							
								
							
								
							
						
							
								
							
								
									
										
									
										
									
										
											
											<td class="fail">FAIL</td>
										
									
										
									
										
									
										
									
								
							
								
							
								
							
								
							
						
							
								
							
								
									
										
									
										
									
										
									
										
											<td class="pass">PASS</td>
											
										
									
										
									
										
									
								
							
								
							
								
							
								
							
						
							
								
							
								
									
										
									
										
									
										
									
										
									
										
											<td class="pass">PASS</td>
											
										
									
										
									
								
							
								
							
								
							
								
							
						
							
								
							
								
									
										
									
										
									
										
									
										
									
										
									
										
											<td class="pass">PASS</td>
											
										
									
								
							
								
							
								
							
								
							
						
					</tr>
					
					<tr>
						<td>
							<a href="#arduino%3amegaavr%3anona4809"><b>arduino:megaavr:nona4809</b></a>
							<br />
							<small>1.8.7</small>
						</td>

						
						
						
							<td>Yes ⚠️</td>
							<td class="fail">FAIL</td>
						
						

						
							
								
							
								
							
								
									
										
											
											<td class="fail">FAIL</td>
										
									
										
									
										
									
										
									
										
									
										
									
								
							
								
							
								
							
						
							
								
							
								
							
								
									
										
									
										
											<td class="pass">PASS</td>
											
										
									
										
									
										
									
										
									
										
									
								
							
								
							
								
							
						
							
								
							
								
							
								
									
										
									
										
									
										
											
											<td class="fail">FAIL</td>
										
									
										
									
										
									
										
									
								
							
								
							
								
							
						
							
								
							
								
							
								
									
										
									
										
									
										
									
										
											<td class="pass">PASS</td>
											
										
									
										
									
										
									
								
							
								
							
								
							
						
							
								
							
								
							
								
									
										
									
										
									
										
									
										
									
										
											<td class="pass">PASS</td>
											
										
									
										
									
								
							
								
							
								
							
						
							
								
							
								
							
								
									
										
									
										
									
										
									
										
									
										
									
										
											<td class="pass">PASS</td>
											
										
									
								
							
								
							
								
							
						
					</tr>
					
					<tr>
						<td>
							<a href="#arduino%3asamd%3amkrwifi1010"><b>arduino:samd:mkrwifi1010</b></a>
							<br />
							<small>1.8.12</small>
						</td>

						
						
						
							<td>Yes ⚠️</td>
							<td class="fail">FAIL</td>
						
						

						
							
								
							
								
							
								
							
								
									
										
											
											<td class="fail">FAIL</td>
										
									
										
									
										
									
										
									
										
									
										
									
								
							
								
							
						
							
								
							
								
							
								
							
								
									
										
									
										
											<td class="pass">PASS</td>
											
										
									
										
									
										
									
										
									
										
									
								
							
								
							
						
							
								
							
								
							
								
							
								
									
										
									
										
									
										
											
											<td class="fail">FAIL</td>
										
									
										
									
										
									
										
									
								
							
								
							
						
							
								
							
								
							
								
							
								
									
										
									
										
									
										
									
										
											<td class="pass">PASS</td>
											
										
									
										
									
										
									
								
							
								
							
						
							
								
							
								
							
								
							
								
									
										
									
										
									
										
									
										
									
										
											<td class="pass">PASS</td>
											
										
									
										
									
								
							
								
							
						
							
								
							
								
							
								
							
								
									
										
									
										
									
										
									
										
									
										
									
										
											<td class="pass">PASS</td>
											
										
									
								
							
								
							
						
					</tr>
					
					<tr>
						<td>
							<a href="#esp32%3aesp32%3ad1_mini32"><b>esp32:esp32:d1_mini32</b></a>
							<br />
							<small>1.0.6</small>
						</td>

						
						
						
							<td>Yes ⚠️</td>
							<td class="fail">FAIL</td>
						
						

						
							
								
							
								
							
								
							
								
							
								
									
										
											
											<td class="fail">FAIL</td>
										
									
										
									
										
									
										
									
										
									
										
									
								
							
						
							
								
							
								
							
								
							
								
							
								
									
										
									
										
											<td class="pass">PASS</td>
											
										
									
										
									
										
									
										
									
										
									
								
							
						
							
								
							
								
							
								
							
								
							
								
									
										
									
										
									
										
											
											<td class="fail">FAIL</td>
										
									
										
									
										
									
										
									
								
							
						
							
								
							
								
							
								
							
								
							
								
									
										
									
										
									
										
									
										
											<td class="pass">PASS</td>
											
										
									
										
									
										
									
								
							
						
							
								
							
								
							
								
							
								
							
								
									
										
									
										
									
										
									
										
									
										
											<td class="pass">PASS</td>
											
										
									
										
									
								
							
						
							
								
							
								
							
								
							
								
							
								
									
										
									
										
									
										
									
										
									
										
									
										
											<td class="pass">PASS</td>
											
										
									
								
							
						
					</tr>
					
				</table>

				<h2>Compilation logs</h2>
				
				<h3 id="arduino:avr:uno">arduino:avr:uno @ 1.8.4</h3>
				<h4>Inclusion</h4>
				<p>
					Result: <b>FAIL</b>
					
					<br />This library has no main header file so an empty one was created.
					
				</p>
				<pre class="pre-scrollable">/tmp/arduino-testlib1348834145/test/test.ino:1:10: fatal error: Motor_Shield_V2.0.h: No such file or directory
 #include &lt;Motor_Shield_V2.0.h&gt;
          ^~~~~~~~~~~~~~~~~~~~~
compilation terminated.

</pre>

					
					<h4>examples/motor_dc</h4>
					<p>
						Result: <b>FAIL</b>
					</p>
					<pre class="pre-scrollable">/home/ec2-user/arduino-testlib/cli-datadir/user/libraries/Motor_Shield_V2.0/examples/motor_dc/motor_dc.ino: In function &#39;void setup()&#39;:
/home/ec2-user/arduino-testlib/cli-datadir/user/libraries/Motor_Shield_V2.0/examples/motor_dc/motor_dc.ino:12:11: error: &#39;class MotorDriver&#39; has no member named &#39;begin&#39;
     motor.begin();
           ^~~~~
/home/ec2-user/arduino-testlib/cli-datadir/user/libraries/Motor_Shield_V2.0/examples/motor_dc/motor_dc.ino: In function &#39;void loop()&#39;:
/home/ec2-user/arduino-testlib/cli-datadir/user/libraries/Motor_Shield_V2.0/examples/motor_dc/motor_dc.ino:17:11: error: &#39;class MotorDriver&#39; has no member named &#39;speed&#39;
     motor.speed(0, 100);            // set motor0 to speed 100
           ^~~~~
/home/ec2-user/arduino-testlib/cli-datadir/user/libraries/Motor_Shield_V2.0/examples/motor_dc/motor_dc.ino:19:11: error: &#39;class MotorDriver&#39; has no member named &#39;brake&#39;
     motor.brake(0);                 // brake
           ^~~~~
/home/ec2-user/arduino-testlib/cli-datadir/user/libraries/Motor_Shield_V2.0/examples/motor_dc/motor_dc.ino:21:11: error: &#39;class MotorDriver&#39; has no member named &#39;speed&#39;
     motor.speed(0, -100);           // set motor0 to speed -100
           ^~~~~
/home/ec2-user/arduino-testlib/cli-datadir/user/libraries/Motor_Shield_V2.0/examples/motor_dc/motor_dc.ino:23:11: error: &#39;class MotorDriver&#39; has no member named &#39;stop&#39;
     motor.stop(0);                  // stop
           ^~~~
Multiple libraries were found for &#34;MotorDriver.h&#34;
  Used: /home/ec2-user/arduino-testlib/cli-datadir/user/libraries/Motor_Driver_Library
  Not used: /home/ec2-user/arduino-testlib/cli-datadir/user/libraries/GuiN-E_Bot
  Not used: /home/ec2-user/arduino-testlib/cli-datadir/user/libraries/ArxRobot_Library
  Not used: /home/ec2-user/arduino-testlib/cli-datadir/user/libraries/Yfrobot_Motor_Driver_Library
  Not used: /home/ec2-user/arduino-testlib/cli-datadir/user/libraries/Motor_Shield_V2.0
</pre>
					
					<h4>examples/stepper_knob</h4>
					<p>
						Result: <b>PASS</b>
					</p>
					<pre class="pre-scrollable">Sketch uses 2158 bytes (6%) of program storage space. Maximum is 32256 bytes.
Global variables use 37 bytes (1%) of dynamic memory, leaving 2011 bytes for local variables. Maximum is 2048 bytes.
</pre>
					
					<h4>examples/stepper_oneRevolution</h4>
					<p>
						Result: <b>FAIL</b>
					</p>
					<pre class="pre-scrollable">/home/ec2-user/arduino-testlib/cli-datadir/user/libraries/Motor_Shield_V2.0/examples/stepper_oneRevolution/stepper_oneRevolution.ino: In function &#39;void loop()&#39;:
/home/ec2-user/arduino-testlib/cli-datadir/user/libraries/Motor_Shield_V2.0/examples/stepper_oneRevolution/stepper_oneRevolution.ino:53:5: error: &#39;setp&#39; was not declared in this scope
     setp(stepsPerRevolution);
     ^~~~
/home/ec2-user/arduino-testlib/cli-datadir/user/libraries/Motor_Shield_V2.0/examples/stepper_oneRevolution/stepper_oneRevolution.ino:53:5: note: suggested alternative: &#39;setup&#39;
     setp(stepsPerRevolution);
     ^~~~
     setup
Multiple libraries were found for &#34;Stepper.h&#34;
  Used: /home/ec2-user/arduino-testlib/cli-datadir/user/libraries/Stepper
  Not used: /home/ec2-user/arduino-testlib/cli-datadir/user/libraries/TeensyStep
  Not used: /home/ec2-user/arduino-testlib/cli-datadir/user/libraries/evive
</pre>
					
					<h4>examples/stepper_oneStepAtATime</h4>
					<p>
						Result: <b>PASS</b>
					</p>
					<pre class="pre-scrollable">Sketch uses 3214 bytes (9%) of program storage space. Maximum is 32256 bytes.
Global variables use 222 bytes (10%) of dynamic memory, leaving 1826 bytes for local variables. Maximum is 2048 bytes.
</pre>
					
					<h4>examples/stepper_speedControl</h4>
					<p>
						Result: <b>PASS</b>
					</p>
					<pre class="pre-scrollable">Sketch uses 2182 bytes (6%) of program storage space. Maximum is 32256 bytes.
Global variables use 35 bytes (1%) of dynamic memory, leaving 2013 bytes for local variables. Maximum is 2048 bytes.
</pre>
					
					<h4>examples/stepper_test</h4>
					<p>
						Result: <b>PASS</b>
					</p>
					<pre class="pre-scrollable">Sketch uses 2150 bytes (6%) of program storage space. Maximum is 32256 bytes.
Global variables use 35 bytes (1%) of dynamic memory, leaving 2013 bytes for local variables. Maximum is 2048 bytes.
</pre>
					
				
				<h3 id="arduino:mbed_nano:nanorp2040connect">arduino:mbed_nano:nanorp2040connect @ 2.7.2</h3>
				<h4>Inclusion</h4>
				<p>
					Result: <b>FAIL</b>
					
					<br />This library has no main header file so an empty one was created.
					
				</p>
				<pre class="pre-scrollable">/tmp/arduino-testlib3036243978/test/test.ino:1:10: fatal error: Motor_Shield_V2.0.h: No such file or directory
 #include &lt;Motor_Shield_V2.0.h&gt;
          ^~~~~~~~~~~~~~~~~~~~~
compilation terminated.

</pre>

					
					<h4>examples/motor_dc</h4>
					<p>
						Result: <b>FAIL</b>
					</p>
					<pre class="pre-scrollable">/home/ec2-user/arduino-testlib/cli-datadir/user/libraries/Motor_Shield_V2.0/examples/motor_dc/motor_dc.ino:7:13: error: no matching function for call to &#39;MotorDriver::MotorDriver()&#39;
 MotorDriver motor;
             ^~~~~
In file included from /home/ec2-user/arduino-testlib/cli-datadir/user/libraries/Motor_Shield_V2.0/examples/motor_dc/motor_dc.ino:5:0:
/home/ec2-user/arduino-testlib/cli-datadir/user/libraries/Yfrobot_Motor_Driver_Library/src/MotorDriver.h:119:3: note: candidate: MotorDriver::MotorDriver(uint8_t, uint8_t, uint8_t, int8_t, uint8_t, uint8_t)
   MotorDriver(uint8_t type, uint8_t _dirPin, uint8_t _pwmPin, int8_t _offset, uint8_t _slpPin, uint8_t _csPin);
   ^~~~~~~~~~~
/home/ec2-user/arduino-testlib/cli-datadir/user/libraries/Yfrobot_Motor_Driver_Library/src/MotorDriver.h:119:3: note:   candidate expects 6 arguments, 0 provided
/home/ec2-user/arduino-testlib/cli-datadir/user/libraries/Yfrobot_Motor_Driver_Library/src/MotorDriver.h:118:3: note: candidate: MotorDriver::MotorDriver(uint8_t, uint8_t, uint8_t, int8_t, uint8_t)
   MotorDriver(uint8_t type, uint8_t _dirPin, uint8_t _pwmPin, int8_t _offset, uint8_t _slpPin);
   ^~~~~~~~~~~
/home/ec2-user/arduino-testlib/cli-datadir/user/libraries/Yfrobot_Motor_Driver_Library/src/MotorDriver.h:118:3: note:   candidate expects 5 arguments, 0 provided
/home/ec2-user/arduino-testlib/cli-datadir/user/libraries/Yfrobot_Motor_Driver_Library/src/MotorDriver.h:117:3: note: candidate: MotorDriver::MotorDriver(uint8_t, uint8_t, uint8_t, int8_t)
   MotorDriver(uint8_t type, uint8_t _dirPin, uint8_t _pwmPin, int8_t _offset);
   ^~~~~~~~~~~
/home/ec2-user/arduino-testlib/cli-datadir/user/libraries/Yfrobot_Motor_Driver_Library/src/MotorDriver.h:117:3: note:   candidate expects 4 arguments, 0 provided
/home/ec2-user/arduino-testlib/cli-datadir/user/libraries/Yfrobot_Motor_Driver_Library/src/MotorDriver.h:116:3: note: candidate: MotorDriver::MotorDriver(uint8_t, uint8_t, uint8_t)
   MotorDriver(uint8_t type, uint8_t _dirPin, uint8_t _pwmPin);
   ^~~~~~~~~~~
/home/ec2-user/arduino-testlib/cli-datadir/user/libraries/Yfrobot_Motor_Driver_Library/src/MotorDriver.h:116:3: note:   candidate expects 3 arguments, 0 provided
/home/ec2-user/arduino-testlib/cli-datadir/user/libraries/Yfrobot_Motor_Driver_Library/src/MotorDriver.h:115:3: note: candidate: MotorDriver::MotorDriver(uint8_t)
   MotorDriver(uint8_t type);
   ^~~~~~~~~~~
/home/ec2-user/arduino-testlib/cli-datadir/user/libraries/Yfrobot_Motor_Driver_Library/src/MotorDriver.h:115:3: note:   candidate expects 1 argument, 0 provided
/home/ec2-user/arduino-testlib/cli-datadir/user/libraries/Yfrobot_Motor_Driver_Library/src/MotorDriver.h:113:7: note: candidate: constexpr MotorDriver::MotorDriver(const MotorDriver&amp;)
 class MotorDriver {
       ^~~~~~~~~~~
/home/ec2-user/arduino-testlib/cli-datadir/user/libraries/Yfrobot_Motor_Driver_Library/src/MotorDriver.h:113:7: note:   candidate expects 1 argument, 0 provided
/home/ec2-user/arduino-testlib/cli-datadir/user/libraries/Yfrobot_Motor_Driver_Library/src/MotorDriver.h:113:7: note: candidate: constexpr MotorDriver::MotorDriver(MotorDriver&amp;&amp;)
/home/ec2-user/arduino-testlib/cli-datadir/user/libraries/Yfrobot_Motor_Driver_Library/src/MotorDriver.h:113:7: note:   candidate expects 1 argument, 0 provided
/home/ec2-user/arduino-testlib/cli-datadir/user/libraries/Motor_Shield_V2.0/examples/motor_dc/motor_dc.ino: In function &#39;void loop()&#39;:
/home/ec2-user/arduino-testlib/cli-datadir/user/libraries/Motor_Shield_V2.0/examples/motor_dc/motor_dc.ino:17:11: error: &#39;class MotorDriver&#39; has no member named &#39;speed&#39;; did you mean &#39;sleep&#39;?
     motor.speed(0, 100);            // set motor0 to speed 100
           ^~~~~
           sleep
/home/ec2-user/arduino-testlib/cli-datadir/user/libraries/Motor_Shield_V2.0/examples/motor_dc/motor_dc.ino:19:11: error: &#39;class MotorDriver&#39; has no member named &#39;brake&#39;
     motor.brake(0);                 // brake
           ^~~~~
/home/ec2-user/arduino-testlib/cli-datadir/user/libraries/Motor_Shield_V2.0/examples/motor_dc/motor_dc.ino:21:11: error: &#39;class MotorDriver&#39; has no member named &#39;speed&#39;; did you mean &#39;sleep&#39;?
     motor.speed(0, -100);           // set motor0 to speed -100
           ^~~~~
           sleep
/home/ec2-user/arduino-testlib/cli-datadir/user/libraries/Motor_Shield_V2.0/examples/motor_dc/motor_dc.ino:23:11: error: &#39;class MotorDriver&#39; has no member named &#39;stop&#39;
     motor.stop(0);                  // stop
           ^~~~
Multiple libraries were found for &#34;MotorDriver.h&#34;
  Used: /home/ec2-user/arduino-testlib/cli-datadir/user/libraries/Yfrobot_Motor_Driver_Library
  Not used: /home/ec2-user/arduino-testlib/cli-datadir/user/libraries/Motor_Shield_V2.0
  Not used: /home/ec2-user/arduino-testlib/cli-datadir/user/libraries/ArxRobot_Library
  Not used: /home/ec2-user/arduino-testlib/cli-datadir/user/libraries/GuiN-E_Bot
  Not used: /home/ec2-user/arduino-testlib/cli-datadir/user/libraries/Motor_Driver_Library
</pre>
					
					<h4>examples/stepper_knob</h4>
					<p>
						Result: <b>PASS</b>
					</p>
					<pre class="pre-scrollable">Sketch uses 80550 bytes (0%) of program storage space. Maximum is 16777216 bytes.
Global variables use 43568 bytes (16%) of dynamic memory, leaving 226768 bytes for local variables. Maximum is 270336 bytes.
</pre>
					
					<h4>examples/stepper_oneRevolution</h4>
					<p>
						Result: <b>FAIL</b>
					</p>
					<pre class="pre-scrollable">/home/ec2-user/arduino-testlib/cli-datadir/user/libraries/Motor_Shield_V2.0/examples/stepper_oneRevolution/stepper_oneRevolution.ino: In function &#39;void loop()&#39;:
/home/ec2-user/arduino-testlib/cli-datadir/user/libraries/Motor_Shield_V2.0/examples/stepper_oneRevolution/stepper_oneRevolution.ino:53:5: error: &#39;setp&#39; was not declared in this scope
     setp(stepsPerRevolution);
     ^~~~
/home/ec2-user/arduino-testlib/cli-datadir/user/libraries/Motor_Shield_V2.0/examples/stepper_oneRevolution/stepper_oneRevolution.ino:53:5: note: suggested alternative: &#39;setup&#39;
     setp(stepsPerRevolution);
     ^~~~
     setup
Multiple libraries were found for &#34;Stepper.h&#34;
  Used: /home/ec2-user/arduino-testlib/cli-datadir/user/libraries/Stepper
  Not used: /home/ec2-user/arduino-testlib/cli-datadir/user/libraries/TeensyStep
  Not used: /home/ec2-user/arduino-testlib/cli-datadir/user/libraries/evive
</pre>
					
					<h4>examples/stepper_oneStepAtATime</h4>
					<p>
						Result: <b>PASS</b>
					</p>
					<pre class="pre-scrollable">Sketch uses 80106 bytes (0%) of program storage space. Maximum is 16777216 bytes.
Global variables use 43496 bytes (16%) of dynamic memory, leaving 226840 bytes for local variables. Maximum is 270336 bytes.
</pre>
					
					<h4>examples/stepper_speedControl</h4>
					<p>
						Result: <b>PASS</b>
					</p>
					<pre class="pre-scrollable">Sketch uses 80546 bytes (0%) of program storage space. Maximum is 16777216 bytes.
Global variables use 43564 bytes (16%) of dynamic memory, leaving 226772 bytes for local variables. Maximum is 270336 bytes.
</pre>
					
					<h4>examples/stepper_test</h4>
					<p>
						Result: <b>PASS</b>
					</p>
					<pre class="pre-scrollable">Sketch uses 79988 bytes (0%) of program storage space. Maximum is 16777216 bytes.
Global variables use 43492 bytes (16%) of dynamic memory, leaving 226844 bytes for local variables. Maximum is 270336 bytes.
</pre>
					
				
				<h3 id="arduino:megaavr:nona4809">arduino:megaavr:nona4809 @ 1.8.7</h3>
				<h4>Inclusion</h4>
				<p>
					Result: <b>FAIL</b>
					
					<br />This library has no main header file so an empty one was created.
					
				</p>
				<pre class="pre-scrollable">/tmp/arduino-testlib3036243978/test/test.ino:1:10: fatal error: Motor_Shield_V2.0.h: No such file or directory
 #include &lt;Motor_Shield_V2.0.h&gt;
          ^~~~~~~~~~~~~~~~~~~~~
compilation terminated.

</pre>

					
					<h4>examples/motor_dc</h4>
					<p>
						Result: <b>FAIL</b>
					</p>
					<pre class="pre-scrollable">/home/ec2-user/arduino-testlib/cli-datadir/user/libraries/Motor_Shield_V2.0/examples/motor_dc/motor_dc.ino:7:13: error: no matching function for call to &#39;MotorDriver::MotorDriver()&#39;
 MotorDriver motor;
             ^~~~~
In file included from /home/ec2-user/arduino-testlib/cli-datadir/user/libraries/Motor_Shield_V2.0/examples/motor_dc/motor_dc.ino:5:0:
/home/ec2-user/arduino-testlib/cli-datadir/user/libraries/Yfrobot_Motor_Driver_Library/src/MotorDriver.h:119:3: note: candidate: MotorDriver::MotorDriver(uint8_t, uint8_t, uint8_t, int8_t, uint8_t, uint8_t)
   MotorDriver(uint8_t type, uint8_t _dirPin, uint8_t _pwmPin, int8_t _offset, uint8_t _slpPin, uint8_t _csPin);
   ^~~~~~~~~~~
/home/ec2-user/arduino-testlib/cli-datadir/user/libraries/Yfrobot_Motor_Driver_Library/src/MotorDriver.h:119:3: note:   candidate expects 6 arguments, 0 provided
/home/ec2-user/arduino-testlib/cli-datadir/user/libraries/Yfrobot_Motor_Driver_Library/src/MotorDriver.h:118:3: note: candidate: MotorDriver::MotorDriver(uint8_t, uint8_t, uint8_t, int8_t, uint8_t)
   MotorDriver(uint8_t type, uint8_t _dirPin, uint8_t _pwmPin, int8_t _offset, uint8_t _slpPin);
   ^~~~~~~~~~~
/home/ec2-user/arduino-testlib/cli-datadir/user/libraries/Yfrobot_Motor_Driver_Library/src/MotorDriver.h:118:3: note:   candidate expects 5 arguments, 0 provided
/home/ec2-user/arduino-testlib/cli-datadir/user/libraries/Yfrobot_Motor_Driver_Library/src/MotorDriver.h:117:3: note: candidate: MotorDriver::MotorDriver(uint8_t, uint8_t, uint8_t, int8_t)
   MotorDriver(uint8_t type, uint8_t _dirPin, uint8_t _pwmPin, int8_t _offset);
   ^~~~~~~~~~~
/home/ec2-user/arduino-testlib/cli-datadir/user/libraries/Yfrobot_Motor_Driver_Library/src/MotorDriver.h:117:3: note:   candidate expects 4 arguments, 0 provided
/home/ec2-user/arduino-testlib/cli-datadir/user/libraries/Yfrobot_Motor_Driver_Library/src/MotorDriver.h:116:3: note: candidate: MotorDriver::MotorDriver(uint8_t, uint8_t, uint8_t)
   MotorDriver(uint8_t type, uint8_t _dirPin, uint8_t _pwmPin);
   ^~~~~~~~~~~
/home/ec2-user/arduino-testlib/cli-datadir/user/libraries/Yfrobot_Motor_Driver_Library/src/MotorDriver.h:116:3: note:   candidate expects 3 arguments, 0 provided
/home/ec2-user/arduino-testlib/cli-datadir/user/libraries/Yfrobot_Motor_Driver_Library/src/MotorDriver.h:115:3: note: candidate: MotorDriver::MotorDriver(uint8_t)
   MotorDriver(uint8_t type);
   ^~~~~~~~~~~
/home/ec2-user/arduino-testlib/cli-datadir/user/libraries/Yfrobot_Motor_Driver_Library/src/MotorDriver.h:115:3: note:   candidate expects 1 argument, 0 provided
/home/ec2-user/arduino-testlib/cli-datadir/user/libraries/Yfrobot_Motor_Driver_Library/src/MotorDriver.h:113:7: note: candidate: constexpr MotorDriver::MotorDriver(const MotorDriver&amp;)
 class MotorDriver {
       ^~~~~~~~~~~
/home/ec2-user/arduino-testlib/cli-datadir/user/libraries/Yfrobot_Motor_Driver_Library/src/MotorDriver.h:113:7: note:   candidate expects 1 argument, 0 provided
/home/ec2-user/arduino-testlib/cli-datadir/user/libraries/Yfrobot_Motor_Driver_Library/src/MotorDriver.h:113:7: note: candidate: constexpr MotorDriver::MotorDriver(MotorDriver&amp;&amp;)
/home/ec2-user/arduino-testlib/cli-datadir/user/libraries/Yfrobot_Motor_Driver_Library/src/MotorDriver.h:113:7: note:   candidate expects 1 argument, 0 provided
/home/ec2-user/arduino-testlib/cli-datadir/user/libraries/Motor_Shield_V2.0/examples/motor_dc/motor_dc.ino: In function &#39;void loop()&#39;:
/home/ec2-user/arduino-testlib/cli-datadir/user/libraries/Motor_Shield_V2.0/examples/motor_dc/motor_dc.ino:17:11: error: &#39;class MotorDriver&#39; has no member named &#39;speed&#39;; did you mean &#39;sleep&#39;?
     motor.speed(0, 100);            // set motor0 to speed 100
           ^~~~~
           sleep
/home/ec2-user/arduino-testlib/cli-datadir/user/libraries/Motor_Shield_V2.0/examples/motor_dc/motor_dc.ino:19:11: error: &#39;class MotorDriver&#39; has no member named &#39;brake&#39;
     motor.brake(0);                 // brake
           ^~~~~
/home/ec2-user/arduino-testlib/cli-datadir/user/libraries/Motor_Shield_V2.0/examples/motor_dc/motor_dc.ino:21:11: error: &#39;class MotorDriver&#39; has no member named &#39;speed&#39;; did you mean &#39;sleep&#39;?
     motor.speed(0, -100);           // set motor0 to speed -100
           ^~~~~
           sleep
/home/ec2-user/arduino-testlib/cli-datadir/user/libraries/Motor_Shield_V2.0/examples/motor_dc/motor_dc.ino:23:11: error: &#39;class MotorDriver&#39; has no member named &#39;stop&#39;
     motor.stop(0);                  // stop
           ^~~~
Multiple libraries were found for &#34;MotorDriver.h&#34;
  Used: /home/ec2-user/arduino-testlib/cli-datadir/user/libraries/Yfrobot_Motor_Driver_Library
  Not used: /home/ec2-user/arduino-testlib/cli-datadir/user/libraries/Motor_Shield_V2.0
  Not used: /home/ec2-user/arduino-testlib/cli-datadir/user/libraries/ArxRobot_Library
  Not used: /home/ec2-user/arduino-testlib/cli-datadir/user/libraries/Motor_Driver_Library
  Not used: /home/ec2-user/arduino-testlib/cli-datadir/user/libraries/GuiN-E_Bot
</pre>
					
					<h4>examples/stepper_knob</h4>
					<p>
						Result: <b>PASS</b>
					</p>
					<pre class="pre-scrollable">Sketch uses 2756 bytes (5%) of program storage space. Maximum is 49152 bytes.
Global variables use 50 bytes (0%) of dynamic memory, leaving 6094 bytes for local variables. Maximum is 6144 bytes.
</pre>
					
					<h4>examples/stepper_oneRevolution</h4>
					<p>
						Result: <b>FAIL</b>
					</p>
					<pre class="pre-scrollable">/home/ec2-user/arduino-testlib/cli-datadir/user/libraries/Motor_Shield_V2.0/examples/stepper_oneRevolution/stepper_oneRevolution.ino: In function &#39;void loop()&#39;:
/home/ec2-user/arduino-testlib/cli-datadir/user/libraries/Motor_Shield_V2.0/examples/stepper_oneRevolution/stepper_oneRevolution.ino:53:5: error: &#39;setp&#39; was not declared in this scope
     setp(stepsPerRevolution);
     ^~~~
/home/ec2-user/arduino-testlib/cli-datadir/user/libraries/Motor_Shield_V2.0/examples/stepper_oneRevolution/stepper_oneRevolution.ino:53:5: note: suggested alternative: &#39;setup&#39;
     setp(stepsPerRevolution);
     ^~~~
     setup
Multiple libraries were found for &#34;Stepper.h&#34;
  Used: /home/ec2-user/arduino-testlib/cli-datadir/user/libraries/Stepper
  Not used: /home/ec2-user/arduino-testlib/cli-datadir/user/libraries/evive
  Not used: /home/ec2-user/arduino-testlib/cli-datadir/user/libraries/TeensyStep
</pre>
					
					<h4>examples/stepper_oneStepAtATime</h4>
					<p>
						Result: <b>PASS</b>
					</p>
					<pre class="pre-scrollable">Sketch uses 4190 bytes (8%) of program storage space. Maximum is 49152 bytes.
Global variables use 205 bytes (3%) of dynamic memory, leaving 5939 bytes for local variables. Maximum is 6144 bytes.
</pre>
					
					<h4>examples/stepper_speedControl</h4>
					<p>
						Result: <b>PASS</b>
					</p>
					<pre class="pre-scrollable">Sketch uses 2714 bytes (5%) of program storage space. Maximum is 49152 bytes.
Global variables use 48 bytes (0%) of dynamic memory, leaving 6096 bytes for local variables. Maximum is 6144 bytes.
</pre>
					
					<h4>examples/stepper_test</h4>
					<p>
						Result: <b>PASS</b>
					</p>
					<pre class="pre-scrollable">Sketch uses 2760 bytes (5%) of program storage space. Maximum is 49152 bytes.
Global variables use 48 bytes (0%) of dynamic memory, leaving 6096 bytes for local variables. Maximum is 6144 bytes.
</pre>
					
				
				<h3 id="arduino:samd:mkrwifi1010">arduino:samd:mkrwifi1010 @ 1.8.12</h3>
				<h4>Inclusion</h4>
				<p>
					Result: <b>FAIL</b>
					
					<br />This library has no main header file so an empty one was created.
					
				</p>
				<pre class="pre-scrollable">/tmp/arduino-testlib1348834145/test/test.ino:1:10: fatal error: Motor_Shield_V2.0.h: No such file or directory
 #include &lt;Motor_Shield_V2.0.h&gt;
          ^~~~~~~~~~~~~~~~~~~~~
compilation terminated.

</pre>

					
					<h4>examples/motor_dc</h4>
					<p>
						Result: <b>FAIL</b>
					</p>
					<pre class="pre-scrollable">/home/ec2-user/arduino-testlib/cli-datadir/user/libraries/Motor_Shield_V2.0/examples/motor_dc/motor_dc.ino:7:13: error: no matching function for call to &#39;MotorDriver::MotorDriver()&#39;
 MotorDriver motor;
             ^~~~~
In file included from /home/ec2-user/arduino-testlib/cli-datadir/user/libraries/Motor_Shield_V2.0/examples/motor_dc/motor_dc.ino:5:0:
/home/ec2-user/arduino-testlib/cli-datadir/user/libraries/Yfrobot_Motor_Driver_Library/src/MotorDriver.h:119:3: note: candidate: MotorDriver::MotorDriver(uint8_t, uint8_t, uint8_t, int8_t, uint8_t, uint8_t)
   MotorDriver(uint8_t type, uint8_t _dirPin, uint8_t _pwmPin, int8_t _offset, uint8_t _slpPin, uint8_t _csPin);
   ^~~~~~~~~~~
/home/ec2-user/arduino-testlib/cli-datadir/user/libraries/Yfrobot_Motor_Driver_Library/src/MotorDriver.h:119:3: note:   candidate expects 6 arguments, 0 provided
/home/ec2-user/arduino-testlib/cli-datadir/user/libraries/Yfrobot_Motor_Driver_Library/src/MotorDriver.h:118:3: note: candidate: MotorDriver::MotorDriver(uint8_t, uint8_t, uint8_t, int8_t, uint8_t)
   MotorDriver(uint8_t type, uint8_t _dirPin, uint8_t _pwmPin, int8_t _offset, uint8_t _slpPin);
   ^~~~~~~~~~~
/home/ec2-user/arduino-testlib/cli-datadir/user/libraries/Yfrobot_Motor_Driver_Library/src/MotorDriver.h:118:3: note:   candidate expects 5 arguments, 0 provided
/home/ec2-user/arduino-testlib/cli-datadir/user/libraries/Yfrobot_Motor_Driver_Library/src/MotorDriver.h:117:3: note: candidate: MotorDriver::MotorDriver(uint8_t, uint8_t, uint8_t, int8_t)
   MotorDriver(uint8_t type, uint8_t _dirPin, uint8_t _pwmPin, int8_t _offset);
   ^~~~~~~~~~~
/home/ec2-user/arduino-testlib/cli-datadir/user/libraries/Yfrobot_Motor_Driver_Library/src/MotorDriver.h:117:3: note:   candidate expects 4 arguments, 0 provided
/home/ec2-user/arduino-testlib/cli-datadir/user/libraries/Yfrobot_Motor_Driver_Library/src/MotorDriver.h:116:3: note: candidate: MotorDriver::MotorDriver(uint8_t, uint8_t, uint8_t)
   MotorDriver(uint8_t type, uint8_t _dirPin, uint8_t _pwmPin);
   ^~~~~~~~~~~
/home/ec2-user/arduino-testlib/cli-datadir/user/libraries/Yfrobot_Motor_Driver_Library/src/MotorDriver.h:116:3: note:   candidate expects 3 arguments, 0 provided
/home/ec2-user/arduino-testlib/cli-datadir/user/libraries/Yfrobot_Motor_Driver_Library/src/MotorDriver.h:115:3: note: candidate: MotorDriver::MotorDriver(uint8_t)
   MotorDriver(uint8_t type);
   ^~~~~~~~~~~
/home/ec2-user/arduino-testlib/cli-datadir/user/libraries/Yfrobot_Motor_Driver_Library/src/MotorDriver.h:115:3: note:   candidate expects 1 argument, 0 provided
/home/ec2-user/arduino-testlib/cli-datadir/user/libraries/Yfrobot_Motor_Driver_Library/src/MotorDriver.h:113:7: note: candidate: constexpr MotorDriver::MotorDriver(const MotorDriver&amp;)
 class MotorDriver {
       ^~~~~~~~~~~
/home/ec2-user/arduino-testlib/cli-datadir/user/libraries/Yfrobot_Motor_Driver_Library/src/MotorDriver.h:113:7: note:   candidate expects 1 argument, 0 provided
/home/ec2-user/arduino-testlib/cli-datadir/user/libraries/Yfrobot_Motor_Driver_Library/src/MotorDriver.h:113:7: note: candidate: constexpr MotorDriver::MotorDriver(MotorDriver&amp;&amp;)
/home/ec2-user/arduino-testlib/cli-datadir/user/libraries/Yfrobot_Motor_Driver_Library/src/MotorDriver.h:113:7: note:   candidate expects 1 argument, 0 provided
/home/ec2-user/arduino-testlib/cli-datadir/user/libraries/Motor_Shield_V2.0/examples/motor_dc/motor_dc.ino: In function &#39;void loop()&#39;:
/home/ec2-user/arduino-testlib/cli-datadir/user/libraries/Motor_Shield_V2.0/examples/motor_dc/motor_dc.ino:17:11: error: &#39;class MotorDriver&#39; has no member named &#39;speed&#39;; did you mean &#39;sleep&#39;?
     motor.speed(0, 100);            // set motor0 to speed 100
           ^~~~~
           sleep
/home/ec2-user/arduino-testlib/cli-datadir/user/libraries/Motor_Shield_V2.0/examples/motor_dc/motor_dc.ino:19:11: error: &#39;class MotorDriver&#39; has no member named &#39;brake&#39;
     motor.brake(0);                 // brake
           ^~~~~
/home/ec2-user/arduino-testlib/cli-datadir/user/libraries/Motor_Shield_V2.0/examples/motor_dc/motor_dc.ino:21:11: error: &#39;class MotorDriver&#39; has no member named &#39;speed&#39;; did you mean &#39;sleep&#39;?
     motor.speed(0, -100);           // set motor0 to speed -100
           ^~~~~
           sleep
/home/ec2-user/arduino-testlib/cli-datadir/user/libraries/Motor_Shield_V2.0/examples/motor_dc/motor_dc.ino:23:11: error: &#39;class MotorDriver&#39; has no member named &#39;stop&#39;
     motor.stop(0);                  // stop
           ^~~~
Multiple libraries were found for &#34;MotorDriver.h&#34;
  Used: /home/ec2-user/arduino-testlib/cli-datadir/user/libraries/Yfrobot_Motor_Driver_Library
  Not used: /home/ec2-user/arduino-testlib/cli-datadir/user/libraries/Motor_Driver_Library
  Not used: /home/ec2-user/arduino-testlib/cli-datadir/user/libraries/Motor_Shield_V2.0
  Not used: /home/ec2-user/arduino-testlib/cli-datadir/user/libraries/GuiN-E_Bot
  Not used: /home/ec2-user/arduino-testlib/cli-datadir/user/libraries/ArxRobot_Library
</pre>
					
					<h4>examples/stepper_knob</h4>
					<p>
						Result: <b>PASS</b>
					</p>
					<pre class="pre-scrollable">Sketch uses 13508 bytes (5%) of program storage space. Maximum is 262144 bytes.
Global variables use 3044 bytes (9%) of dynamic memory, leaving 29724 bytes for local variables. Maximum is 32768 bytes.
</pre>
					
					<h4>examples/stepper_oneRevolution</h4>
					<p>
						Result: <b>FAIL</b>
					</p>
					<pre class="pre-scrollable">/home/ec2-user/arduino-testlib/cli-datadir/user/libraries/Motor_Shield_V2.0/examples/stepper_oneRevolution/stepper_oneRevolution.ino: In function &#39;void loop()&#39;:
/home/ec2-user/arduino-testlib/cli-datadir/user/libraries/Motor_Shield_V2.0/examples/stepper_oneRevolution/stepper_oneRevolution.ino:53:5: error: &#39;setp&#39; was not declared in this scope
     setp(stepsPerRevolution);
     ^~~~
/home/ec2-user/arduino-testlib/cli-datadir/user/libraries/Motor_Shield_V2.0/examples/stepper_oneRevolution/stepper_oneRevolution.ino:53:5: note: suggested alternative: &#39;setup&#39;
     setp(stepsPerRevolution);
     ^~~~
     setup
Multiple libraries were found for &#34;Stepper.h&#34;
  Used: /home/ec2-user/arduino-testlib/cli-datadir/user/libraries/Stepper
  Not used: /home/ec2-user/arduino-testlib/cli-datadir/user/libraries/evive
  Not used: /home/ec2-user/arduino-testlib/cli-datadir/user/libraries/TeensyStep
</pre>
					
					<h4>examples/stepper_oneStepAtATime</h4>
					<p>
						Result: <b>PASS</b>
					</p>
					<pre class="pre-scrollable">Sketch uses 13752 bytes (5%) of program storage space. Maximum is 262144 bytes.
Global variables use 3044 bytes (9%) of dynamic memory, leaving 29724 bytes for local variables. Maximum is 32768 bytes.
</pre>
					
					<h4>examples/stepper_speedControl</h4>
					<p>
						Result: <b>PASS</b>
					</p>
					<pre class="pre-scrollable">Sketch uses 13508 bytes (5%) of program storage space. Maximum is 262144 bytes.
Global variables use 3040 bytes (9%) of dynamic memory, leaving 29728 bytes for local variables. Maximum is 32768 bytes.
</pre>
					
					<h4>examples/stepper_test</h4>
					<p>
						Result: <b>PASS</b>
					</p>
					<pre class="pre-scrollable">Sketch uses 13504 bytes (5%) of program storage space. Maximum is 262144 bytes.
Global variables use 3040 bytes (9%) of dynamic memory, leaving 29728 bytes for local variables. Maximum is 32768 bytes.
</pre>
					
				
				<h3 id="esp32:esp32:d1_mini32">esp32:esp32:d1_mini32 @ 1.0.6</h3>
				<h4>Inclusion</h4>
				<p>
					Result: <b>FAIL</b>
					
					<br />This library has no main header file so an empty one was created.
					
				</p>
				<pre class="pre-scrollable">/tmp/arduino-testlib4229831564/test/test.ino:1:31: fatal error: Motor_Shield_V2.0.h: No such file or directory
compilation terminated.

</pre>

					
					<h4>examples/motor_dc</h4>
					<p>
						Result: <b>FAIL</b>
					</p>
					<pre class="pre-scrollable">/home/ec2-user/arduino-testlib/cli-datadir/user/libraries/Motor_Shield_V2.0/examples/motor_dc/motor_dc.ino:7:13: error: no matching function for call to &#39;MotorDriver::MotorDriver()&#39;
 MotorDriver motor;
             ^
In file included from /home/ec2-user/arduino-testlib/cli-datadir/user/libraries/Motor_Shield_V2.0/examples/motor_dc/motor_dc.ino:5:0:
/home/ec2-user/arduino-testlib/cli-datadir/user/libraries/Yfrobot_Motor_Driver_Library/src/MotorDriver.h:119:3: note: candidate: MotorDriver::MotorDriver(uint8_t, uint8_t, uint8_t, int8_t, uint8_t, uint8_t)
   MotorDriver(uint8_t type, uint8_t _dirPin, uint8_t _pwmPin, int8_t _offset, uint8_t _slpPin, uint8_t _csPin);
   ^
/home/ec2-user/arduino-testlib/cli-datadir/user/libraries/Yfrobot_Motor_Driver_Library/src/MotorDriver.h:119:3: note:   candidate expects 6 arguments, 0 provided
/home/ec2-user/arduino-testlib/cli-datadir/user/libraries/Yfrobot_Motor_Driver_Library/src/MotorDriver.h:118:3: note: candidate: MotorDriver::MotorDriver(uint8_t, uint8_t, uint8_t, int8_t, uint8_t)
   MotorDriver(uint8_t type, uint8_t _dirPin, uint8_t _pwmPin, int8_t _offset, uint8_t _slpPin);
   ^
/home/ec2-user/arduino-testlib/cli-datadir/user/libraries/Yfrobot_Motor_Driver_Library/src/MotorDriver.h:118:3: note:   candidate expects 5 arguments, 0 provided
/home/ec2-user/arduino-testlib/cli-datadir/user/libraries/Yfrobot_Motor_Driver_Library/src/MotorDriver.h:117:3: note: candidate: MotorDriver::MotorDriver(uint8_t, uint8_t, uint8_t, int8_t)
   MotorDriver(uint8_t type, uint8_t _dirPin, uint8_t _pwmPin, int8_t _offset);
   ^
/home/ec2-user/arduino-testlib/cli-datadir/user/libraries/Yfrobot_Motor_Driver_Library/src/MotorDriver.h:117:3: note:   candidate expects 4 arguments, 0 provided
/home/ec2-user/arduino-testlib/cli-datadir/user/libraries/Yfrobot_Motor_Driver_Library/src/MotorDriver.h:116:3: note: candidate: MotorDriver::MotorDriver(uint8_t, uint8_t, uint8_t)
   MotorDriver(uint8_t type, uint8_t _dirPin, uint8_t _pwmPin);
   ^
/home/ec2-user/arduino-testlib/cli-datadir/user/libraries/Yfrobot_Motor_Driver_Library/src/MotorDriver.h:116:3: note:   candidate expects 3 arguments, 0 provided
/home/ec2-user/arduino-testlib/cli-datadir/user/libraries/Yfrobot_Motor_Driver_Library/src/MotorDriver.h:115:3: note: candidate: MotorDriver::MotorDriver(uint8_t)
   MotorDriver(uint8_t type);
   ^
/home/ec2-user/arduino-testlib/cli-datadir/user/libraries/Yfrobot_Motor_Driver_Library/src/MotorDriver.h:115:3: note:   candidate expects 1 argument, 0 provided
/home/ec2-user/arduino-testlib/cli-datadir/user/libraries/Yfrobot_Motor_Driver_Library/src/MotorDriver.h:113:7: note: candidate: constexpr MotorDriver::MotorDriver(const MotorDriver&amp;)
 class MotorDriver {
       ^
/home/ec2-user/arduino-testlib/cli-datadir/user/libraries/Yfrobot_Motor_Driver_Library/src/MotorDriver.h:113:7: note:   candidate expects 1 argument, 0 provided
/home/ec2-user/arduino-testlib/cli-datadir/user/libraries/Yfrobot_Motor_Driver_Library/src/MotorDriver.h:113:7: note: candidate: constexpr MotorDriver::MotorDriver(MotorDriver&amp;&amp;)
/home/ec2-user/arduino-testlib/cli-datadir/user/libraries/Yfrobot_Motor_Driver_Library/src/MotorDriver.h:113:7: note:   candidate expects 1 argument, 0 provided
/home/ec2-user/arduino-testlib/cli-datadir/user/libraries/Motor_Shield_V2.0/examples/motor_dc/motor_dc.ino: In function &#39;void loop()&#39;:
/home/ec2-user/arduino-testlib/cli-datadir/user/libraries/Motor_Shield_V2.0/examples/motor_dc/motor_dc.ino:17:11: error: &#39;class MotorDriver&#39; has no member named &#39;speed&#39;
     motor.speed(0, 100);            // set motor0 to speed 100
           ^
/home/ec2-user/arduino-testlib/cli-datadir/user/libraries/Motor_Shield_V2.0/examples/motor_dc/motor_dc.ino:19:11: error: &#39;class MotorDriver&#39; has no member named &#39;brake&#39;
     motor.brake(0);                 // brake
           ^
/home/ec2-user/arduino-testlib/cli-datadir/user/libraries/Motor_Shield_V2.0/examples/motor_dc/motor_dc.ino:21:11: error: &#39;class MotorDriver&#39; has no member named &#39;speed&#39;
     motor.speed(0, -100);           // set motor0 to speed -100
           ^
/home/ec2-user/arduino-testlib/cli-datadir/user/libraries/Motor_Shield_V2.0/examples/motor_dc/motor_dc.ino:23:11: error: &#39;class MotorDriver&#39; has no member named &#39;stop&#39;
     motor.stop(0);                  // stop
           ^
Multiple libraries were found for &#34;MotorDriver.h&#34;
  Used: /home/ec2-user/arduino-testlib/cli-datadir/user/libraries/Yfrobot_Motor_Driver_Library
  Not used: /home/ec2-user/arduino-testlib/cli-datadir/user/libraries/GuiN-E_Bot
  Not used: /home/ec2-user/arduino-testlib/cli-datadir/user/libraries/Motor_Shield_V2.0
  Not used: /home/ec2-user/arduino-testlib/cli-datadir/user/libraries/Motor_Driver_Library
  Not used: /home/ec2-user/arduino-testlib/cli-datadir/user/libraries/ArxRobot_Library
</pre>
					
					<h4>examples/stepper_knob</h4>
					<p>
						Result: <b>PASS</b>
					</p>
					<pre class="pre-scrollable">Sketch uses 215330 bytes (16%) of program storage space. Maximum is 1310720 bytes.
Global variables use 13336 bytes (4%) of dynamic memory, leaving 314344 bytes for local variables. Maximum is 327680 bytes.
</pre>
					
					<h4>examples/stepper_oneRevolution</h4>
					<p>
						Result: <b>FAIL</b>
					</p>
					<pre class="pre-scrollable">/home/ec2-user/arduino-testlib/cli-datadir/user/libraries/Motor_Shield_V2.0/examples/stepper_oneRevolution/stepper_oneRevolution.ino: In function &#39;void loop()&#39;:
/home/ec2-user/arduino-testlib/cli-datadir/user/libraries/Motor_Shield_V2.0/examples/stepper_oneRevolution/stepper_oneRevolution.ino:53:28: error: &#39;setp&#39; was not declared in this scope
     setp(stepsPerRevolution);
                            ^
Multiple libraries were found for &#34;Stepper.h&#34;
  Used: /home/ec2-user/arduino-testlib/cli-datadir/user/libraries/Stepper
  Not used: /home/ec2-user/arduino-testlib/cli-datadir/user/libraries/TeensyStep
  Not used: /home/ec2-user/arduino-testlib/cli-datadir/user/libraries/evive
</pre>
					
					<h4>examples/stepper_oneStepAtATime</h4>
					<p>
						Result: <b>PASS</b>
					</p>
					<pre class="pre-scrollable">Sketch uses 205730 bytes (15%) of program storage space. Maximum is 1310720 bytes.
Global variables use 13472 bytes (4%) of dynamic memory, leaving 314208 bytes for local variables. Maximum is 327680 bytes.
</pre>
					
					<h4>examples/stepper_speedControl</h4>
					<p>
						Result: <b>PASS</b>
					</p>
					<pre class="pre-scrollable">Sketch uses 215378 bytes (16%) of program storage space. Maximum is 1310720 bytes.
Global variables use 13328 bytes (4%) of dynamic memory, leaving 314352 bytes for local variables. Maximum is 327680 bytes.
</pre>
					
					<h4>examples/stepper_test</h4>
					<p>
						Result: <b>PASS</b>
					</p>
					<pre class="pre-scrollable">Sketch uses 199762 bytes (15%) of program storage space. Maximum is 1310720 bytes.
Global variables use 13304 bytes (4%) of dynamic memory, leaving 314376 bytes for local variables. Maximum is 327680 bytes.
</pre>
					
				
			</div>
		</div>
	</div>
  </body>
</html>
