
<!doctype html>
<html lang="en">
  <head>
    <meta charset="utf-8">
    <meta name="viewport" content="width=device-width, initial-scale=1">
    <link href="https://cdn.jsdelivr.net/npm/bootstrap@5.0.2/dist/css/bootstrap.min.css" rel="stylesheet" integrity="sha384-EVSTQN3/azprG1Anm3QDgpJLIm9Nao0Yz1ztcQTwFspd3yD65VohhpuuCOmLASjC" crossorigin="anonymous">
    <title>arduino-testlib report</title>
	<style>
	.pass { background-color: #00FF00 !important; }
	.fail { background-color: #FF0000 !important; }
	</style>
  </head>
  <body>
	<div class="container">
		<div class="row">
			<div class="col">
				<h1>MultiTrans - compatibility matrix</h1>
				<p>
					<small>This report was generated on Monday, 21-Feb-22 12:00:25 CET using 
					<a href="https://github.com/alranel/arduino-testlib">arduino-testlib</a>.</small>
				</p>

				<h2>MultiTrans</h2>
				<p>
					Version: <b>1.4.0</b>
					<br />
					<a href="https://www.arduino.cc/reference/en/libraries/multitrans/">More details</a>
				</p>

				<h2>Compatibility matrix</h2>
				<table class="table table-bordered">
					<tr>
						<th>Board</th>
						<th>Claims compatibility</th>
						<th>Inclusion</th>
						
						<th><pre>Simple</pre></th>
						
						<th><pre>SimpleBinary</pre></th>
						
						<th><pre>StressTest</pre></th>
						
						<th><pre>Triangle</pre></th>
						
						<th><pre>IR</pre></th>
						
					</tr>
					
					<tr>
						<td>
							<a href="#arduino%3aavr%3auno"><b>arduino:avr:uno</b></a>
							<br />
							<small>1.8.4</small>
						</td>

						
							<td>Yes</td>
							<td class="pass">PASS</td>
						
						
						
						

						
							
								
									
										
									
										
											<td class="pass">PASS</td>
											
										
									
										
									
										
									
										
									
								
							
								
							
								
							
								
							
								
							
						
							
								
									
										
									
										
									
										
											<td class="pass">PASS</td>
											
										
									
										
									
										
									
								
							
								
							
								
							
								
							
								
							
						
							
								
									
										
									
										
									
										
									
										
											<td class="pass">PASS</td>
											
										
									
										
									
								
							
								
							
								
							
								
							
								
							
						
							
								
									
										
									
										
									
										
									
										
									
										
											<td class="pass">PASS</td>
											
										
									
								
							
								
							
								
							
								
							
								
							
						
							
								
									
										
											<td class="pass">PASS</td>
											
										
									
										
									
										
									
										
									
										
									
								
							
								
							
								
							
								
							
								
							
						
					</tr>
					
					<tr>
						<td>
							<a href="#arduino%3ambed_nano%3ananorp2040connect"><b>arduino:mbed_nano:nanorp2040connect</b></a>
							<br />
							<small>2.7.2</small>
						</td>

						
						
						
						
							<td>No</td>
							<td class="fail">FAIL</td>
						

						
							
								
							
								
									
										
									
										
											
											<td class="fail">FAIL</td>
										
									
										
									
										
									
										
									
								
							
								
							
								
							
								
							
						
							
								
							
								
									
										
									
										
									
										
											
											<td class="fail">FAIL</td>
										
									
										
									
										
									
								
							
								
							
								
							
								
							
						
							
								
							
								
									
										
									
										
									
										
									
										
											
											<td class="fail">FAIL</td>
										
									
										
									
								
							
								
							
								
							
								
							
						
							
								
							
								
									
										
									
										
									
										
									
										
									
										
											
											<td class="fail">FAIL</td>
										
									
								
							
								
							
								
							
								
							
						
							
								
							
								
									
										
											
											<td class="fail">FAIL</td>
										
									
										
									
										
									
										
									
										
									
								
							
								
							
								
							
								
							
						
					</tr>
					
					<tr>
						<td>
							<a href="#arduino%3amegaavr%3anona4809"><b>arduino:megaavr:nona4809</b></a>
							<br />
							<small>1.8.7</small>
						</td>

						
						
						
						
							<td>No</td>
							<td class="fail">FAIL</td>
						

						
							
								
							
								
							
								
									
										
									
										
											
											<td class="fail">FAIL</td>
										
									
										
									
										
									
										
									
								
							
								
							
								
							
						
							
								
							
								
							
								
									
										
									
										
									
										
											
											<td class="fail">FAIL</td>
										
									
										
									
										
									
								
							
								
							
								
							
						
							
								
							
								
							
								
									
										
									
										
									
										
									
										
											
											<td class="fail">FAIL</td>
										
									
										
									
								
							
								
							
								
							
						
							
								
							
								
							
								
									
										
									
										
									
										
									
										
									
										
											
											<td class="fail">FAIL</td>
										
									
								
							
								
							
								
							
						
							
								
							
								
							
								
									
										
											
											<td class="fail">FAIL</td>
										
									
										
									
										
									
										
									
										
									
								
							
								
							
								
							
						
					</tr>
					
					<tr>
						<td>
							<a href="#arduino%3asamd%3amkrwifi1010"><b>arduino:samd:mkrwifi1010</b></a>
							<br />
							<small>1.8.12</small>
						</td>

						
						
						
						
							<td>No</td>
							<td class="fail">FAIL</td>
						

						
							
								
							
								
							
								
							
								
									
										
									
										
											
											<td class="fail">FAIL</td>
										
									
										
									
										
									
										
									
								
							
								
							
						
							
								
							
								
							
								
							
								
									
										
									
										
									
										
											
											<td class="fail">FAIL</td>
										
									
										
									
										
									
								
							
								
							
						
							
								
							
								
							
								
							
								
									
										
									
										
									
										
									
										
											
											<td class="fail">FAIL</td>
										
									
										
									
								
							
								
							
						
							
								
							
								
							
								
							
								
									
										
									
										
									
										
									
										
									
										
											
											<td class="fail">FAIL</td>
										
									
								
							
								
							
						
							
								
							
								
							
								
							
								
									
										
											
											<td class="fail">FAIL</td>
										
									
										
									
										
									
										
									
										
									
								
							
								
							
						
					</tr>
					
					<tr>
						<td>
							<a href="#esp32%3aesp32%3ad1_mini32"><b>esp32:esp32:d1_mini32</b></a>
							<br />
							<small>1.0.6</small>
						</td>

						
						
						
						
							<td>No</td>
							<td class="fail">FAIL</td>
						

						
							
								
							
								
							
								
							
								
							
								
									
										
									
										
											
											<td class="fail">FAIL</td>
										
									
										
									
										
									
										
									
								
							
						
							
								
							
								
							
								
							
								
							
								
									
										
									
										
									
										
											
											<td class="fail">FAIL</td>
										
									
										
									
										
									
								
							
						
							
								
							
								
							
								
							
								
							
								
									
										
									
										
									
										
									
										
											
											<td class="fail">FAIL</td>
										
									
										
									
								
							
						
							
								
							
								
							
								
							
								
							
								
									
										
									
										
									
										
									
										
									
										
											
											<td class="fail">FAIL</td>
										
									
								
							
						
							
								
							
								
							
								
							
								
							
								
									
										
											
											<td class="fail">FAIL</td>
										
									
										
									
										
									
										
									
										
									
								
							
						
					</tr>
					
				</table>

				<h2>Compilation logs</h2>
				
				<h3 id="arduino:avr:uno">arduino:avr:uno @ 1.8.4</h3>
				<h4>Inclusion</h4>
				<p>
					Result: <b>PASS</b>
					
				</p>
				<pre class="pre-scrollable">Sketch uses 444 bytes (1%) of program storage space. Maximum is 32256 bytes.
Global variables use 9 bytes (0%) of dynamic memory, leaving 2039 bytes for local variables. Maximum is 2048 bytes.
</pre>

					
					<h4>examples/IR</h4>
					<p>
						Result: <b>PASS</b>
					</p>
					<pre class="pre-scrollable">Sketch uses 3100 bytes (9%) of program storage space. Maximum is 32256 bytes.
Global variables use 670 bytes (32%) of dynamic memory, leaving 1378 bytes for local variables. Maximum is 2048 bytes.
</pre>
					
					<h4>examples/Simple</h4>
					<p>
						Result: <b>PASS</b>
					</p>
					<pre class="pre-scrollable">Sketch uses 2802 bytes (8%) of program storage space. Maximum is 32256 bytes.
Global variables use 656 bytes (32%) of dynamic memory, leaving 1392 bytes for local variables. Maximum is 2048 bytes.
</pre>
					
					<h4>examples/SimpleBinary</h4>
					<p>
						Result: <b>PASS</b>
					</p>
					<pre class="pre-scrollable">Sketch uses 3062 bytes (9%) of program storage space. Maximum is 32256 bytes.
Global variables use 656 bytes (32%) of dynamic memory, leaving 1392 bytes for local variables. Maximum is 2048 bytes.
</pre>
					
					<h4>examples/StressTest</h4>
					<p>
						Result: <b>PASS</b>
					</p>
					<pre class="pre-scrollable">Sketch uses 8018 bytes (24%) of program storage space. Maximum is 32256 bytes.
Global variables use 768 bytes (37%) of dynamic memory, leaving 1280 bytes for local variables. Maximum is 2048 bytes.
</pre>
					
					<h4>examples/Triangle</h4>
					<p>
						Result: <b>PASS</b>
					</p>
					<pre class="pre-scrollable">Sketch uses 3730 bytes (11%) of program storage space. Maximum is 32256 bytes.
Global variables use 1184 bytes (57%) of dynamic memory, leaving 864 bytes for local variables. Maximum is 2048 bytes.
</pre>
					
				
				<h3 id="arduino:mbed_nano:nanorp2040connect">arduino:mbed_nano:nanorp2040connect @ 2.7.2</h3>
				<h4>Inclusion</h4>
				<p>
					Result: <b>FAIL</b>
					
				</p>
				<pre class="pre-scrollable">In file included from /home/ec2-user/arduino-testlib/cli-datadir/user/libraries/MultiTrans/src/./Receiver.h:4:0,
                 from /home/ec2-user/arduino-testlib/cli-datadir/user/libraries/MultiTrans/src/Transceiver.h:5,
                 from /home/ec2-user/arduino-testlib/cli-datadir/user/libraries/MultiTrans/src/MultiTrans.h:187,
                 from /tmp/arduino-testlib1442569372/test/test.ino:1:
/home/ec2-user/arduino-testlib/cli-datadir/user/libraries/MultiTrans/src/././ReceiveBuffer.h:5:10: fatal error: util/atomic.h: No such file or directory
 #include &lt;util/atomic.h&gt;
          ^~~~~~~~~~~~~~~
compilation terminated.

</pre>

					
					<h4>examples/IR</h4>
					<p>
						Result: <b>FAIL</b>
					</p>
					<pre class="pre-scrollable">In file included from /home/ec2-user/arduino-testlib/cli-datadir/user/libraries/MultiTrans/src/./Receiver.h:4:0,
                 from /home/ec2-user/arduino-testlib/cli-datadir/user/libraries/MultiTrans/src/Transceiver.h:5,
                 from /home/ec2-user/arduino-testlib/cli-datadir/user/libraries/MultiTrans/src/MultiTrans.h:187,
                 from /home/ec2-user/arduino-testlib/cli-datadir/user/libraries/MultiTrans/examples/IR/IR.ino:11:
/home/ec2-user/arduino-testlib/cli-datadir/user/libraries/MultiTrans/src/././ReceiveBuffer.h:5:10: fatal error: util/atomic.h: No such file or directory
 #include &lt;util/atomic.h&gt;
          ^~~~~~~~~~~~~~~
compilation terminated.

</pre>
					
					<h4>examples/Simple</h4>
					<p>
						Result: <b>FAIL</b>
					</p>
					<pre class="pre-scrollable">In file included from /home/ec2-user/arduino-testlib/cli-datadir/user/libraries/MultiTrans/src/./Receiver.h:4:0,
                 from /home/ec2-user/arduino-testlib/cli-datadir/user/libraries/MultiTrans/src/Transceiver.h:5,
                 from /home/ec2-user/arduino-testlib/cli-datadir/user/libraries/MultiTrans/src/MultiTrans.h:187,
                 from /home/ec2-user/arduino-testlib/cli-datadir/user/libraries/MultiTrans/examples/Simple/Simple.ino:10:
/home/ec2-user/arduino-testlib/cli-datadir/user/libraries/MultiTrans/src/././ReceiveBuffer.h:5:10: fatal error: util/atomic.h: No such file or directory
 #include &lt;util/atomic.h&gt;
          ^~~~~~~~~~~~~~~
compilation terminated.

</pre>
					
					<h4>examples/SimpleBinary</h4>
					<p>
						Result: <b>FAIL</b>
					</p>
					<pre class="pre-scrollable">In file included from /home/ec2-user/arduino-testlib/cli-datadir/user/libraries/MultiTrans/src/./Receiver.h:4:0,
                 from /home/ec2-user/arduino-testlib/cli-datadir/user/libraries/MultiTrans/src/Transceiver.h:5,
                 from /home/ec2-user/arduino-testlib/cli-datadir/user/libraries/MultiTrans/src/MultiTrans.h:187,
                 from /home/ec2-user/arduino-testlib/cli-datadir/user/libraries/MultiTrans/examples/SimpleBinary/SimpleBinary.ino:11:
/home/ec2-user/arduino-testlib/cli-datadir/user/libraries/MultiTrans/src/././ReceiveBuffer.h:5:10: fatal error: util/atomic.h: No such file or directory
 #include &lt;util/atomic.h&gt;
          ^~~~~~~~~~~~~~~
compilation terminated.

</pre>
					
					<h4>examples/StressTest</h4>
					<p>
						Result: <b>FAIL</b>
					</p>
					<pre class="pre-scrollable">In file included from /home/ec2-user/arduino-testlib/cli-datadir/user/libraries/MultiTrans/src/./Receiver.h:4:0,
                 from /home/ec2-user/arduino-testlib/cli-datadir/user/libraries/MultiTrans/src/Transceiver.h:5,
                 from /home/ec2-user/arduino-testlib/cli-datadir/user/libraries/MultiTrans/src/MultiTrans.h:187,
                 from /home/ec2-user/arduino-testlib/cli-datadir/user/libraries/MultiTrans/examples/StressTest/StressTest.ino:11:
/home/ec2-user/arduino-testlib/cli-datadir/user/libraries/MultiTrans/src/././ReceiveBuffer.h:5:10: fatal error: util/atomic.h: No such file or directory
 #include &lt;util/atomic.h&gt;
          ^~~~~~~~~~~~~~~
compilation terminated.

</pre>
					
					<h4>examples/Triangle</h4>
					<p>
						Result: <b>FAIL</b>
					</p>
					<pre class="pre-scrollable">In file included from /home/ec2-user/arduino-testlib/cli-datadir/user/libraries/MultiTrans/src/./Receiver.h:4:0,
                 from /home/ec2-user/arduino-testlib/cli-datadir/user/libraries/MultiTrans/src/Transceiver.h:5,
                 from /home/ec2-user/arduino-testlib/cli-datadir/user/libraries/MultiTrans/src/MultiTrans.h:187,
                 from /home/ec2-user/arduino-testlib/cli-datadir/user/libraries/MultiTrans/examples/Triangle/Triangle.ino:11:
/home/ec2-user/arduino-testlib/cli-datadir/user/libraries/MultiTrans/src/././ReceiveBuffer.h:5:10: fatal error: util/atomic.h: No such file or directory
 #include &lt;util/atomic.h&gt;
          ^~~~~~~~~~~~~~~
compilation terminated.

</pre>
					
				
				<h3 id="arduino:megaavr:nona4809">arduino:megaavr:nona4809 @ 1.8.7</h3>
				<h4>Inclusion</h4>
				<p>
					Result: <b>FAIL</b>
					
				</p>
				<pre class="pre-scrollable">WARNING: library MultiTrans claims to run on avr architecture(s) and may be incompatible with your current board which runs on megaavr architecture(s).
In file included from /home/ec2-user/arduino-testlib/cli-datadir/data/packages/arduino/hardware/megaavr/1.8.7/cores/arduino/api/Interrupts.h:8:0,
                 from /home/ec2-user/arduino-testlib/cli-datadir/data/packages/arduino/hardware/megaavr/1.8.7/cores/arduino/api/ArduinoAPI.h:29,
                 from /home/ec2-user/arduino-testlib/cli-datadir/data/packages/arduino/hardware/megaavr/1.8.7/cores/arduino/Arduino.h:23,
                 from /tmp/arduino-sketch-0093E8CA77180F4CBD93735A44B6AE54/sketch/test.ino.cpp:1:
/home/ec2-user/arduino-testlib/cli-datadir/user/libraries/MultiTrans/src/MultiTrans.h: In static member function &#39;static byte MultiTrans&lt;s, t, u, v, w, x&gt;::rPrescaleBits()&#39;:
/home/ec2-user/arduino-testlib/cli-datadir/user/libraries/MultiTrans/src/MultiTrans.h:112:16: error: &#39;CS10&#39; was not declared in this scope
     return bit(CS10);
                ^
/home/ec2-user/arduino-testlib/cli-datadir/data/packages/arduino/hardware/megaavr/1.8.7/cores/arduino/api/Common.h:71:25: note: in definition of macro &#39;bit&#39;
 #define bit(b) (1UL &lt;&lt; (b))
                         ^
/home/ec2-user/arduino-testlib/cli-datadir/user/libraries/MultiTrans/src/MultiTrans.h:112:16: note: suggested alternative: &#39;B110&#39;
     return bit(CS10);
                ^
/home/ec2-user/arduino-testlib/cli-datadir/data/packages/arduino/hardware/megaavr/1.8.7/cores/arduino/api/Common.h:71:25: note: in definition of macro &#39;bit&#39;
 #define bit(b) (1UL &lt;&lt; (b))
                         ^
/home/ec2-user/arduino-testlib/cli-datadir/user/libraries/MultiTrans/src/MultiTrans.h:114:16: error: &#39;CS11&#39; was not declared in this scope
     return bit(CS11);
                ^
/home/ec2-user/arduino-testlib/cli-datadir/data/packages/arduino/hardware/megaavr/1.8.7/cores/arduino/api/Common.h:71:25: note: in definition of macro &#39;bit&#39;
 #define bit(b) (1UL &lt;&lt; (b))
                         ^
/home/ec2-user/arduino-testlib/cli-datadir/user/libraries/MultiTrans/src/MultiTrans.h:114:16: note: suggested alternative: &#39;B111&#39;
     return bit(CS11);
                ^
/home/ec2-user/arduino-testlib/cli-datadir/data/packages/arduino/hardware/megaavr/1.8.7/cores/arduino/api/Common.h:71:25: note: in definition of macro &#39;bit&#39;
 #define bit(b) (1UL &lt;&lt; (b))
                         ^
/home/ec2-user/arduino-testlib/cli-datadir/user/libraries/MultiTrans/src/MultiTrans.h:118:16: error: &#39;CS12&#39; was not declared in this scope
     return bit(CS12);
                ^
/home/ec2-user/arduino-testlib/cli-datadir/data/packages/arduino/hardware/megaavr/1.8.7/cores/arduino/api/Common.h:71:25: note: in definition of macro &#39;bit&#39;
 #define bit(b) (1UL &lt;&lt; (b))
                         ^
In file included from /tmp/arduino-testlib1442569372/test/test.ino:1:0:
/home/ec2-user/arduino-testlib/cli-datadir/user/libraries/MultiTrans/src/MultiTrans.h: In static member function &#39;static void MultiTrans&lt;s, t, u, v, w, x&gt;::startTimer1()&#39;:
/home/ec2-user/arduino-testlib/cli-datadir/user/libraries/MultiTrans/src/MultiTrans.h:128:3: error: &#39;TCCR1A&#39; was not declared in this scope
   TCCR1A = 0; // normal operation
   ^~~~~~
/home/ec2-user/arduino-testlib/cli-datadir/user/libraries/MultiTrans/src/MultiTrans.h:128:3: note: suggested alternative: &#39;TCB1&#39;
   TCCR1A = 0; // normal operation
   ^~~~~~
   TCB1
/home/ec2-user/arduino-testlib/cli-datadir/user/libraries/MultiTrans/src/MultiTrans.h:129:3: error: &#39;TCCR1B&#39; was not declared in this scope
   TCCR1B = rPrescaleBits();
   ^~~~~~
/home/ec2-user/arduino-testlib/cli-datadir/user/libraries/MultiTrans/src/MultiTrans.h:129:3: note: suggested alternative: &#39;TCB1&#39;
   TCCR1B = rPrescaleBits();
   ^~~~~~
   TCB1
/home/ec2-user/arduino-testlib/cli-datadir/user/libraries/MultiTrans/src/MultiTrans.h:130:3: error: &#39;TCCR1C&#39; was not declared in this scope
   TCCR1C = 0;
   ^~~~~~
/home/ec2-user/arduino-testlib/cli-datadir/user/libraries/MultiTrans/src/MultiTrans.h:130:3: note: suggested alternative: &#39;TCB1&#39;
   TCCR1C = 0;
   ^~~~~~
   TCB1
/home/ec2-user/arduino-testlib/cli-datadir/user/libraries/MultiTrans/src/MultiTrans.h:131:3: error: &#39;OCR1A&#39; was not declared in this scope
   OCR1A = 0;
   ^~~~~
/home/ec2-user/arduino-testlib/cli-datadir/user/libraries/MultiTrans/src/MultiTrans.h:132:3: error: &#39;OCR1B&#39; was not declared in this scope
   OCR1B = 0;
   ^~~~~
/home/ec2-user/arduino-testlib/cli-datadir/user/libraries/MultiTrans/src/MultiTrans.h:133:3: error: &#39;TIMSK1&#39; was not declared in this scope
   TIMSK1 = 0; // no interrupts
   ^~~~~~
/home/ec2-user/arduino-testlib/cli-datadir/user/libraries/MultiTrans/src/MultiTrans.h:133:3: note: suggested alternative: &#39;TIMERB1&#39;
   TIMSK1 = 0; // no interrupts
   ^~~~~~
   TIMERB1
In file included from /home/ec2-user/arduino-testlib/cli-datadir/data/packages/arduino/hardware/megaavr/1.8.7/cores/arduino/api/Interrupts.h:8:0,
                 from /home/ec2-user/arduino-testlib/cli-datadir/data/packages/arduino/hardware/megaavr/1.8.7/cores/arduino/api/ArduinoAPI.h:29,
                 from /home/ec2-user/arduino-testlib/cli-datadir/data/packages/arduino/hardware/megaavr/1.8.7/cores/arduino/Arduino.h:23,
                 from /tmp/arduino-sketch-0093E8CA77180F4CBD93735A44B6AE54/sketch/test.ino.cpp:1:
/home/ec2-user/arduino-testlib/cli-datadir/user/libraries/MultiTrans/src/MultiTrans.h: In static member function &#39;static uint8_t MultiTrans&lt;s, t, u, v, w, x&gt;::tPrescaleBits()&#39;:
/home/ec2-user/arduino-testlib/cli-datadir/user/libraries/MultiTrans/src/MultiTrans.h:142:16: error: &#39;CS20&#39; was not declared in this scope
     return bit(CS20);
                ^
/home/ec2-user/arduino-testlib/cli-datadir/data/packages/arduino/hardware/megaavr/1.8.7/cores/arduino/api/Common.h:71:25: note: in definition of macro &#39;bit&#39;
 #define bit(b) (1UL &lt;&lt; (b))
                         ^
/home/ec2-user/arduino-testlib/cli-datadir/user/libraries/MultiTrans/src/MultiTrans.h:144:16: error: &#39;CS21&#39; was not declared in this scope
     return bit(CS21);
                ^
/home/ec2-user/arduino-testlib/cli-datadir/data/packages/arduino/hardware/megaavr/1.8.7/cores/arduino/api/Common.h:71:25: note: in definition of macro &#39;bit&#39;
 #define bit(b) (1UL &lt;&lt; (b))
                         ^
/home/ec2-user/arduino-testlib/cli-datadir/user/libraries/MultiTrans/src/MultiTrans.h:148:16: error: &#39;CS22&#39; was not declared in this scope
     return bit(CS22);
                ^
/home/ec2-user/arduino-testlib/cli-datadir/data/packages/arduino/hardware/megaavr/1.8.7/cores/arduino/api/Common.h:71:25: note: in definition of macro &#39;bit&#39;
 #define bit(b) (1UL &lt;&lt; (b))
                         ^
In file included from /tmp/arduino-testlib1442569372/test/test.ino:1:0:
/home/ec2-user/arduino-testlib/cli-datadir/user/libraries/MultiTrans/src/MultiTrans.h: In static member function &#39;static void MultiTrans&lt;s, t, u, v, w, x&gt;::configureTimer2()&#39;:
/home/ec2-user/arduino-testlib/cli-datadir/user/libraries/MultiTrans/src/MultiTrans.h:163:3: error: &#39;TCCR2A&#39; was not declared in this scope
   TCCR2A = 0;
   ^~~~~~
/home/ec2-user/arduino-testlib/cli-datadir/user/libraries/MultiTrans/src/MultiTrans.h:163:3: note: suggested alternative: &#39;TCB2&#39;
   TCCR2A = 0;
   ^~~~~~
   TCB2
/home/ec2-user/arduino-testlib/cli-datadir/user/libraries/MultiTrans/src/MultiTrans.h:164:3: error: &#39;TCCR2B&#39; was not declared in this scope
   TCCR2B = tPrescaleBits();
   ^~~~~~
/home/ec2-user/arduino-testlib/cli-datadir/user/libraries/MultiTrans/src/MultiTrans.h:164:3: note: suggested alternative: &#39;TCB2&#39;
   TCCR2B = tPrescaleBits();
   ^~~~~~
   TCB2
/home/ec2-user/arduino-testlib/cli-datadir/user/libraries/MultiTrans/src/MultiTrans.h:169:3: error: &#39;OCR2A&#39; was not declared in this scope
   OCR2A = unscaledBitDuration - 1;
   ^~~~~
/home/ec2-user/arduino-testlib/cli-datadir/user/libraries/MultiTrans/src/MultiTrans.h:170:3: error: &#39;OCR2B&#39; was not declared in this scope
   OCR2B = 0;
   ^~~~~
In file included from /home/ec2-user/arduino-testlib/cli-datadir/data/packages/arduino/hardware/megaavr/1.8.7/cores/arduino/api/Interrupts.h:8:0,
                 from /home/ec2-user/arduino-testlib/cli-datadir/data/packages/arduino/hardware/megaavr/1.8.7/cores/arduino/api/ArduinoAPI.h:29,
                 from /home/ec2-user/arduino-testlib/cli-datadir/data/packages/arduino/hardware/megaavr/1.8.7/cores/arduino/Arduino.h:23,
                 from /tmp/arduino-sketch-0093E8CA77180F4CBD93735A44B6AE54/sketch/test.ino.cpp:1:
/home/ec2-user/arduino-testlib/cli-datadir/user/libraries/MultiTrans/src/MultiTrans.h:172:16: error: &#39;WGM21&#39; was not declared in this scope
   TCCR2A = bit(WGM21); // CTC - Clear Timer on Compare
                ^
/home/ec2-user/arduino-testlib/cli-datadir/data/packages/arduino/hardware/megaavr/1.8.7/cores/arduino/api/Common.h:71:25: note: in definition of macro &#39;bit&#39;
 #define bit(b) (1UL &lt;&lt; (b))
                         ^
In file included from /tmp/arduino-testlib1442569372/test/test.ino:1:0:
/home/ec2-user/arduino-testlib/cli-datadir/user/libraries/MultiTrans/src/MultiTrans.h: In static member function &#39;static void MultiTrans&lt;s, t, u, v, w, x&gt;::enableTimer2Interrupt()&#39;:
/home/ec2-user/arduino-testlib/cli-datadir/user/libraries/MultiTrans/src/MultiTrans.h:177:3: error: &#39;TIMSK2&#39; was not declared in this scope
   TIMSK2 = bit(OCIE2A); // Output Compare A Match Interrupt Enable
   ^~~~~~
/home/ec2-user/arduino-testlib/cli-datadir/user/libraries/MultiTrans/src/MultiTrans.h:177:3: note: suggested alternative: &#39;TIMERB2&#39;
   TIMSK2 = bit(OCIE2A); // Output Compare A Match Interrupt Enable
   ^~~~~~
   TIMERB2
In file included from /home/ec2-user/arduino-testlib/cli-datadir/data/packages/arduino/hardware/megaavr/1.8.7/cores/arduino/api/Interrupts.h:8:0,
                 from /home/ec2-user/arduino-testlib/cli-datadir/data/packages/arduino/hardware/megaavr/1.8.7/cores/arduino/api/ArduinoAPI.h:29,
                 from /home/ec2-user/arduino-testlib/cli-datadir/data/packages/arduino/hardware/megaavr/1.8.7/cores/ard</pre>

					
					<h4>examples/IR</h4>
					<p>
						Result: <b>FAIL</b>
					</p>
					<pre class="pre-scrollable">WARNING: library MultiTrans claims to run on avr architecture(s) and may be incompatible with your current board which runs on megaavr architecture(s).
In file included from /home/ec2-user/arduino-testlib/cli-datadir/data/packages/arduino/hardware/megaavr/1.8.7/cores/arduino/api/Interrupts.h:8:0,
                 from /home/ec2-user/arduino-testlib/cli-datadir/data/packages/arduino/hardware/megaavr/1.8.7/cores/arduino/api/ArduinoAPI.h:29,
                 from /home/ec2-user/arduino-testlib/cli-datadir/data/packages/arduino/hardware/megaavr/1.8.7/cores/arduino/Arduino.h:23,
                 from /tmp/arduino-sketch-8CF74DB914F9C14489299C0E3561D154/sketch/IR.ino.cpp:1:
/home/ec2-user/arduino-testlib/cli-datadir/user/libraries/MultiTrans/src/MultiTrans.h: In static member function &#39;static byte MultiTrans&lt;s, t, u, v, w, x&gt;::rPrescaleBits()&#39;:
/home/ec2-user/arduino-testlib/cli-datadir/user/libraries/MultiTrans/src/MultiTrans.h:112:16: error: &#39;CS10&#39; was not declared in this scope
     return bit(CS10);
                ^
/home/ec2-user/arduino-testlib/cli-datadir/data/packages/arduino/hardware/megaavr/1.8.7/cores/arduino/api/Common.h:71:25: note: in definition of macro &#39;bit&#39;
 #define bit(b) (1UL &lt;&lt; (b))
                         ^
/home/ec2-user/arduino-testlib/cli-datadir/user/libraries/MultiTrans/src/MultiTrans.h:112:16: note: suggested alternative: &#39;B110&#39;
     return bit(CS10);
                ^
/home/ec2-user/arduino-testlib/cli-datadir/data/packages/arduino/hardware/megaavr/1.8.7/cores/arduino/api/Common.h:71:25: note: in definition of macro &#39;bit&#39;
 #define bit(b) (1UL &lt;&lt; (b))
                         ^
/home/ec2-user/arduino-testlib/cli-datadir/user/libraries/MultiTrans/src/MultiTrans.h:114:16: error: &#39;CS11&#39; was not declared in this scope
     return bit(CS11);
                ^
/home/ec2-user/arduino-testlib/cli-datadir/data/packages/arduino/hardware/megaavr/1.8.7/cores/arduino/api/Common.h:71:25: note: in definition of macro &#39;bit&#39;
 #define bit(b) (1UL &lt;&lt; (b))
                         ^
/home/ec2-user/arduino-testlib/cli-datadir/user/libraries/MultiTrans/src/MultiTrans.h:114:16: note: suggested alternative: &#39;B111&#39;
     return bit(CS11);
                ^
/home/ec2-user/arduino-testlib/cli-datadir/data/packages/arduino/hardware/megaavr/1.8.7/cores/arduino/api/Common.h:71:25: note: in definition of macro &#39;bit&#39;
 #define bit(b) (1UL &lt;&lt; (b))
                         ^
/home/ec2-user/arduino-testlib/cli-datadir/user/libraries/MultiTrans/src/MultiTrans.h:118:16: error: &#39;CS12&#39; was not declared in this scope
     return bit(CS12);
                ^
/home/ec2-user/arduino-testlib/cli-datadir/data/packages/arduino/hardware/megaavr/1.8.7/cores/arduino/api/Common.h:71:25: note: in definition of macro &#39;bit&#39;
 #define bit(b) (1UL &lt;&lt; (b))
                         ^
In file included from /home/ec2-user/arduino-testlib/cli-datadir/user/libraries/MultiTrans/examples/IR/IR.ino:11:0:
/home/ec2-user/arduino-testlib/cli-datadir/user/libraries/MultiTrans/src/MultiTrans.h: In static member function &#39;static void MultiTrans&lt;s, t, u, v, w, x&gt;::startTimer1()&#39;:
/home/ec2-user/arduino-testlib/cli-datadir/user/libraries/MultiTrans/src/MultiTrans.h:128:3: error: &#39;TCCR1A&#39; was not declared in this scope
   TCCR1A = 0; // normal operation
   ^~~~~~
/home/ec2-user/arduino-testlib/cli-datadir/user/libraries/MultiTrans/src/MultiTrans.h:128:3: note: suggested alternative: &#39;TCB1&#39;
   TCCR1A = 0; // normal operation
   ^~~~~~
   TCB1
/home/ec2-user/arduino-testlib/cli-datadir/user/libraries/MultiTrans/src/MultiTrans.h:129:3: error: &#39;TCCR1B&#39; was not declared in this scope
   TCCR1B = rPrescaleBits();
   ^~~~~~
/home/ec2-user/arduino-testlib/cli-datadir/user/libraries/MultiTrans/src/MultiTrans.h:129:3: note: suggested alternative: &#39;TCB1&#39;
   TCCR1B = rPrescaleBits();
   ^~~~~~
   TCB1
/home/ec2-user/arduino-testlib/cli-datadir/user/libraries/MultiTrans/src/MultiTrans.h:130:3: error: &#39;TCCR1C&#39; was not declared in this scope
   TCCR1C = 0;
   ^~~~~~
/home/ec2-user/arduino-testlib/cli-datadir/user/libraries/MultiTrans/src/MultiTrans.h:130:3: note: suggested alternative: &#39;TCB1&#39;
   TCCR1C = 0;
   ^~~~~~
   TCB1
/home/ec2-user/arduino-testlib/cli-datadir/user/libraries/MultiTrans/src/MultiTrans.h:131:3: error: &#39;OCR1A&#39; was not declared in this scope
   OCR1A = 0;
   ^~~~~
/home/ec2-user/arduino-testlib/cli-datadir/user/libraries/MultiTrans/src/MultiTrans.h:132:3: error: &#39;OCR1B&#39; was not declared in this scope
   OCR1B = 0;
   ^~~~~
/home/ec2-user/arduino-testlib/cli-datadir/user/libraries/MultiTrans/src/MultiTrans.h:133:3: error: &#39;TIMSK1&#39; was not declared in this scope
   TIMSK1 = 0; // no interrupts
   ^~~~~~
/home/ec2-user/arduino-testlib/cli-datadir/user/libraries/MultiTrans/src/MultiTrans.h:133:3: note: suggested alternative: &#39;TIMERB1&#39;
   TIMSK1 = 0; // no interrupts
   ^~~~~~
   TIMERB1
In file included from /home/ec2-user/arduino-testlib/cli-datadir/data/packages/arduino/hardware/megaavr/1.8.7/cores/arduino/api/Interrupts.h:8:0,
                 from /home/ec2-user/arduino-testlib/cli-datadir/data/packages/arduino/hardware/megaavr/1.8.7/cores/arduino/api/ArduinoAPI.h:29,
                 from /home/ec2-user/arduino-testlib/cli-datadir/data/packages/arduino/hardware/megaavr/1.8.7/cores/arduino/Arduino.h:23,
                 from /tmp/arduino-sketch-8CF74DB914F9C14489299C0E3561D154/sketch/IR.ino.cpp:1:
/home/ec2-user/arduino-testlib/cli-datadir/user/libraries/MultiTrans/src/MultiTrans.h: In static member function &#39;static uint8_t MultiTrans&lt;s, t, u, v, w, x&gt;::tPrescaleBits()&#39;:
/home/ec2-user/arduino-testlib/cli-datadir/user/libraries/MultiTrans/src/MultiTrans.h:142:16: error: &#39;CS20&#39; was not declared in this scope
     return bit(CS20);
                ^
/home/ec2-user/arduino-testlib/cli-datadir/data/packages/arduino/hardware/megaavr/1.8.7/cores/arduino/api/Common.h:71:25: note: in definition of macro &#39;bit&#39;
 #define bit(b) (1UL &lt;&lt; (b))
                         ^
/home/ec2-user/arduino-testlib/cli-datadir/user/libraries/MultiTrans/src/MultiTrans.h:144:16: error: &#39;CS21&#39; was not declared in this scope
     return bit(CS21);
                ^
/home/ec2-user/arduino-testlib/cli-datadir/data/packages/arduino/hardware/megaavr/1.8.7/cores/arduino/api/Common.h:71:25: note: in definition of macro &#39;bit&#39;
 #define bit(b) (1UL &lt;&lt; (b))
                         ^
/home/ec2-user/arduino-testlib/cli-datadir/user/libraries/MultiTrans/src/MultiTrans.h:148:16: error: &#39;CS22&#39; was not declared in this scope
     return bit(CS22);
                ^
/home/ec2-user/arduino-testlib/cli-datadir/data/packages/arduino/hardware/megaavr/1.8.7/cores/arduino/api/Common.h:71:25: note: in definition of macro &#39;bit&#39;
 #define bit(b) (1UL &lt;&lt; (b))
                         ^
In file included from /home/ec2-user/arduino-testlib/cli-datadir/user/libraries/MultiTrans/examples/IR/IR.ino:11:0:
/home/ec2-user/arduino-testlib/cli-datadir/user/libraries/MultiTrans/src/MultiTrans.h: In static member function &#39;static void MultiTrans&lt;s, t, u, v, w, x&gt;::configureTimer2()&#39;:
/home/ec2-user/arduino-testlib/cli-datadir/user/libraries/MultiTrans/src/MultiTrans.h:163:3: error: &#39;TCCR2A&#39; was not declared in this scope
   TCCR2A = 0;
   ^~~~~~
/home/ec2-user/arduino-testlib/cli-datadir/user/libraries/MultiTrans/src/MultiTrans.h:163:3: note: suggested alternative: &#39;TCB2&#39;
   TCCR2A = 0;
   ^~~~~~
   TCB2
/home/ec2-user/arduino-testlib/cli-datadir/user/libraries/MultiTrans/src/MultiTrans.h:164:3: error: &#39;TCCR2B&#39; was not declared in this scope
   TCCR2B = tPrescaleBits();
   ^~~~~~
/home/ec2-user/arduino-testlib/cli-datadir/user/libraries/MultiTrans/src/MultiTrans.h:164:3: note: suggested alternative: &#39;TCB2&#39;
   TCCR2B = tPrescaleBits();
   ^~~~~~
   TCB2
/home/ec2-user/arduino-testlib/cli-datadir/user/libraries/MultiTrans/src/MultiTrans.h:169:3: error: &#39;OCR2A&#39; was not declared in this scope
   OCR2A = unscaledBitDuration - 1;
   ^~~~~
/home/ec2-user/arduino-testlib/cli-datadir/user/libraries/MultiTrans/src/MultiTrans.h:170:3: error: &#39;OCR2B&#39; was not declared in this scope
   OCR2B = 0;
   ^~~~~
In file included from /home/ec2-user/arduino-testlib/cli-datadir/data/packages/arduino/hardware/megaavr/1.8.7/cores/arduino/api/Interrupts.h:8:0,
                 from /home/ec2-user/arduino-testlib/cli-datadir/data/packages/arduino/hardware/megaavr/1.8.7/cores/arduino/api/ArduinoAPI.h:29,
                 from /home/ec2-user/arduino-testlib/cli-datadir/data/packages/arduino/hardware/megaavr/1.8.7/cores/arduino/Arduino.h:23,
                 from /tmp/arduino-sketch-8CF74DB914F9C14489299C0E3561D154/sketch/IR.ino.cpp:1:
/home/ec2-user/arduino-testlib/cli-datadir/user/libraries/MultiTrans/src/MultiTrans.h:172:16: error: &#39;WGM21&#39; was not declared in this scope
   TCCR2A = bit(WGM21); // CTC - Clear Timer on Compare
                ^
/home/ec2-user/arduino-testlib/cli-datadir/data/packages/arduino/hardware/megaavr/1.8.7/cores/arduino/api/Common.h:71:25: note: in definition of macro &#39;bit&#39;
 #define bit(b) (1UL &lt;&lt; (b))
                         ^
In file included from /home/ec2-user/arduino-testlib/cli-datadir/user/libraries/MultiTrans/examples/IR/IR.ino:11:0:
/home/ec2-user/arduino-testlib/cli-datadir/user/libraries/MultiTrans/src/MultiTrans.h: In static member function &#39;static void MultiTrans&lt;s, t, u, v, w, x&gt;::enableTimer2Interrupt()&#39;:
/home/ec2-user/arduino-testlib/cli-datadir/user/libraries/MultiTrans/src/MultiTrans.h:177:3: error: &#39;TIMSK2&#39; was not declared in this scope
   TIMSK2 = bit(OCIE2A); // Output Compare A Match Interrupt Enable
   ^~~~~~
/home/ec2-user/arduino-testlib/cli-datadir/user/libraries/MultiTrans/src/MultiTrans.h:177:3: note: suggested alternative: &#39;TIMERB2&#39;
   TIMSK2 = bit(OCIE2A); // Output Compare A Match Interrupt Enable
   ^~~~~~
   TIMERB2
In file included from /home/ec2-user/arduino-testlib/cli-datadir/data/packages/arduino/hardware/megaavr/1.8.7/cores/arduino/api/Interrupts.h:8:0,
                 from /home/ec2-user/arduino-testlib/cli-datadir/data/packages/arduino/hardware/megaavr/1.8.7/cores/arduino/api/ArduinoAPI</pre>
					
					<h4>examples/Simple</h4>
					<p>
						Result: <b>FAIL</b>
					</p>
					<pre class="pre-scrollable">WARNING: library MultiTrans claims to run on avr architecture(s) and may be incompatible with your current board which runs on megaavr architecture(s).
In file included from /home/ec2-user/arduino-testlib/cli-datadir/data/packages/arduino/hardware/megaavr/1.8.7/cores/arduino/api/Interrupts.h:8:0,
                 from /home/ec2-user/arduino-testlib/cli-datadir/data/packages/arduino/hardware/megaavr/1.8.7/cores/arduino/api/ArduinoAPI.h:29,
                 from /home/ec2-user/arduino-testlib/cli-datadir/data/packages/arduino/hardware/megaavr/1.8.7/cores/arduino/Arduino.h:23,
                 from /tmp/arduino-sketch-C7B4799C4D7418033C3ED779FB331D2D/sketch/Simple.ino.cpp:1:
/home/ec2-user/arduino-testlib/cli-datadir/user/libraries/MultiTrans/src/MultiTrans.h: In static member function &#39;static byte MultiTrans&lt;s, t, u, v, w, x&gt;::rPrescaleBits()&#39;:
/home/ec2-user/arduino-testlib/cli-datadir/user/libraries/MultiTrans/src/MultiTrans.h:112:16: error: &#39;CS10&#39; was not declared in this scope
     return bit(CS10);
                ^
/home/ec2-user/arduino-testlib/cli-datadir/data/packages/arduino/hardware/megaavr/1.8.7/cores/arduino/api/Common.h:71:25: note: in definition of macro &#39;bit&#39;
 #define bit(b) (1UL &lt;&lt; (b))
                         ^
/home/ec2-user/arduino-testlib/cli-datadir/user/libraries/MultiTrans/src/MultiTrans.h:112:16: note: suggested alternative: &#39;B110&#39;
     return bit(CS10);
                ^
/home/ec2-user/arduino-testlib/cli-datadir/data/packages/arduino/hardware/megaavr/1.8.7/cores/arduino/api/Common.h:71:25: note: in definition of macro &#39;bit&#39;
 #define bit(b) (1UL &lt;&lt; (b))
                         ^
/home/ec2-user/arduino-testlib/cli-datadir/user/libraries/MultiTrans/src/MultiTrans.h:114:16: error: &#39;CS11&#39; was not declared in this scope
     return bit(CS11);
                ^
/home/ec2-user/arduino-testlib/cli-datadir/data/packages/arduino/hardware/megaavr/1.8.7/cores/arduino/api/Common.h:71:25: note: in definition of macro &#39;bit&#39;
 #define bit(b) (1UL &lt;&lt; (b))
                         ^
/home/ec2-user/arduino-testlib/cli-datadir/user/libraries/MultiTrans/src/MultiTrans.h:114:16: note: suggested alternative: &#39;B111&#39;
     return bit(CS11);
                ^
/home/ec2-user/arduino-testlib/cli-datadir/data/packages/arduino/hardware/megaavr/1.8.7/cores/arduino/api/Common.h:71:25: note: in definition of macro &#39;bit&#39;
 #define bit(b) (1UL &lt;&lt; (b))
                         ^
/home/ec2-user/arduino-testlib/cli-datadir/user/libraries/MultiTrans/src/MultiTrans.h:118:16: error: &#39;CS12&#39; was not declared in this scope
     return bit(CS12);
                ^
/home/ec2-user/arduino-testlib/cli-datadir/data/packages/arduino/hardware/megaavr/1.8.7/cores/arduino/api/Common.h:71:25: note: in definition of macro &#39;bit&#39;
 #define bit(b) (1UL &lt;&lt; (b))
                         ^
In file included from /home/ec2-user/arduino-testlib/cli-datadir/user/libraries/MultiTrans/examples/Simple/Simple.ino:10:0:
/home/ec2-user/arduino-testlib/cli-datadir/user/libraries/MultiTrans/src/MultiTrans.h: In static member function &#39;static void MultiTrans&lt;s, t, u, v, w, x&gt;::startTimer1()&#39;:
/home/ec2-user/arduino-testlib/cli-datadir/user/libraries/MultiTrans/src/MultiTrans.h:128:3: error: &#39;TCCR1A&#39; was not declared in this scope
   TCCR1A = 0; // normal operation
   ^~~~~~
/home/ec2-user/arduino-testlib/cli-datadir/user/libraries/MultiTrans/src/MultiTrans.h:128:3: note: suggested alternative: &#39;TCB1&#39;
   TCCR1A = 0; // normal operation
   ^~~~~~
   TCB1
/home/ec2-user/arduino-testlib/cli-datadir/user/libraries/MultiTrans/src/MultiTrans.h:129:3: error: &#39;TCCR1B&#39; was not declared in this scope
   TCCR1B = rPrescaleBits();
   ^~~~~~
/home/ec2-user/arduino-testlib/cli-datadir/user/libraries/MultiTrans/src/MultiTrans.h:129:3: note: suggested alternative: &#39;TCB1&#39;
   TCCR1B = rPrescaleBits();
   ^~~~~~
   TCB1
/home/ec2-user/arduino-testlib/cli-datadir/user/libraries/MultiTrans/src/MultiTrans.h:130:3: error: &#39;TCCR1C&#39; was not declared in this scope
   TCCR1C = 0;
   ^~~~~~
/home/ec2-user/arduino-testlib/cli-datadir/user/libraries/MultiTrans/src/MultiTrans.h:130:3: note: suggested alternative: &#39;TCB1&#39;
   TCCR1C = 0;
   ^~~~~~
   TCB1
/home/ec2-user/arduino-testlib/cli-datadir/user/libraries/MultiTrans/src/MultiTrans.h:131:3: error: &#39;OCR1A&#39; was not declared in this scope
   OCR1A = 0;
   ^~~~~
/home/ec2-user/arduino-testlib/cli-datadir/user/libraries/MultiTrans/src/MultiTrans.h:132:3: error: &#39;OCR1B&#39; was not declared in this scope
   OCR1B = 0;
   ^~~~~
/home/ec2-user/arduino-testlib/cli-datadir/user/libraries/MultiTrans/src/MultiTrans.h:133:3: error: &#39;TIMSK1&#39; was not declared in this scope
   TIMSK1 = 0; // no interrupts
   ^~~~~~
/home/ec2-user/arduino-testlib/cli-datadir/user/libraries/MultiTrans/src/MultiTrans.h:133:3: note: suggested alternative: &#39;TIMERB1&#39;
   TIMSK1 = 0; // no interrupts
   ^~~~~~
   TIMERB1
In file included from /home/ec2-user/arduino-testlib/cli-datadir/data/packages/arduino/hardware/megaavr/1.8.7/cores/arduino/api/Interrupts.h:8:0,
                 from /home/ec2-user/arduino-testlib/cli-datadir/data/packages/arduino/hardware/megaavr/1.8.7/cores/arduino/api/ArduinoAPI.h:29,
                 from /home/ec2-user/arduino-testlib/cli-datadir/data/packages/arduino/hardware/megaavr/1.8.7/cores/arduino/Arduino.h:23,
                 from /tmp/arduino-sketch-C7B4799C4D7418033C3ED779FB331D2D/sketch/Simple.ino.cpp:1:
/home/ec2-user/arduino-testlib/cli-datadir/user/libraries/MultiTrans/src/MultiTrans.h: In static member function &#39;static uint8_t MultiTrans&lt;s, t, u, v, w, x&gt;::tPrescaleBits()&#39;:
/home/ec2-user/arduino-testlib/cli-datadir/user/libraries/MultiTrans/src/MultiTrans.h:142:16: error: &#39;CS20&#39; was not declared in this scope
     return bit(CS20);
                ^
/home/ec2-user/arduino-testlib/cli-datadir/data/packages/arduino/hardware/megaavr/1.8.7/cores/arduino/api/Common.h:71:25: note: in definition of macro &#39;bit&#39;
 #define bit(b) (1UL &lt;&lt; (b))
                         ^
/home/ec2-user/arduino-testlib/cli-datadir/user/libraries/MultiTrans/src/MultiTrans.h:144:16: error: &#39;CS21&#39; was not declared in this scope
     return bit(CS21);
                ^
/home/ec2-user/arduino-testlib/cli-datadir/data/packages/arduino/hardware/megaavr/1.8.7/cores/arduino/api/Common.h:71:25: note: in definition of macro &#39;bit&#39;
 #define bit(b) (1UL &lt;&lt; (b))
                         ^
/home/ec2-user/arduino-testlib/cli-datadir/user/libraries/MultiTrans/src/MultiTrans.h:148:16: error: &#39;CS22&#39; was not declared in this scope
     return bit(CS22);
                ^
/home/ec2-user/arduino-testlib/cli-datadir/data/packages/arduino/hardware/megaavr/1.8.7/cores/arduino/api/Common.h:71:25: note: in definition of macro &#39;bit&#39;
 #define bit(b) (1UL &lt;&lt; (b))
                         ^
In file included from /home/ec2-user/arduino-testlib/cli-datadir/user/libraries/MultiTrans/examples/Simple/Simple.ino:10:0:
/home/ec2-user/arduino-testlib/cli-datadir/user/libraries/MultiTrans/src/MultiTrans.h: In static member function &#39;static void MultiTrans&lt;s, t, u, v, w, x&gt;::configureTimer2()&#39;:
/home/ec2-user/arduino-testlib/cli-datadir/user/libraries/MultiTrans/src/MultiTrans.h:163:3: error: &#39;TCCR2A&#39; was not declared in this scope
   TCCR2A = 0;
   ^~~~~~
/home/ec2-user/arduino-testlib/cli-datadir/user/libraries/MultiTrans/src/MultiTrans.h:163:3: note: suggested alternative: &#39;TCB2&#39;
   TCCR2A = 0;
   ^~~~~~
   TCB2
/home/ec2-user/arduino-testlib/cli-datadir/user/libraries/MultiTrans/src/MultiTrans.h:164:3: error: &#39;TCCR2B&#39; was not declared in this scope
   TCCR2B = tPrescaleBits();
   ^~~~~~
/home/ec2-user/arduino-testlib/cli-datadir/user/libraries/MultiTrans/src/MultiTrans.h:164:3: note: suggested alternative: &#39;TCB2&#39;
   TCCR2B = tPrescaleBits();
   ^~~~~~
   TCB2
/home/ec2-user/arduino-testlib/cli-datadir/user/libraries/MultiTrans/src/MultiTrans.h:169:3: error: &#39;OCR2A&#39; was not declared in this scope
   OCR2A = unscaledBitDuration - 1;
   ^~~~~
/home/ec2-user/arduino-testlib/cli-datadir/user/libraries/MultiTrans/src/MultiTrans.h:170:3: error: &#39;OCR2B&#39; was not declared in this scope
   OCR2B = 0;
   ^~~~~
In file included from /home/ec2-user/arduino-testlib/cli-datadir/data/packages/arduino/hardware/megaavr/1.8.7/cores/arduino/api/Interrupts.h:8:0,
                 from /home/ec2-user/arduino-testlib/cli-datadir/data/packages/arduino/hardware/megaavr/1.8.7/cores/arduino/api/ArduinoAPI.h:29,
                 from /home/ec2-user/arduino-testlib/cli-datadir/data/packages/arduino/hardware/megaavr/1.8.7/cores/arduino/Arduino.h:23,
                 from /tmp/arduino-sketch-C7B4799C4D7418033C3ED779FB331D2D/sketch/Simple.ino.cpp:1:
/home/ec2-user/arduino-testlib/cli-datadir/user/libraries/MultiTrans/src/MultiTrans.h:172:16: error: &#39;WGM21&#39; was not declared in this scope
   TCCR2A = bit(WGM21); // CTC - Clear Timer on Compare
                ^
/home/ec2-user/arduino-testlib/cli-datadir/data/packages/arduino/hardware/megaavr/1.8.7/cores/arduino/api/Common.h:71:25: note: in definition of macro &#39;bit&#39;
 #define bit(b) (1UL &lt;&lt; (b))
                         ^
In file included from /home/ec2-user/arduino-testlib/cli-datadir/user/libraries/MultiTrans/examples/Simple/Simple.ino:10:0:
/home/ec2-user/arduino-testlib/cli-datadir/user/libraries/MultiTrans/src/MultiTrans.h: In static member function &#39;static void MultiTrans&lt;s, t, u, v, w, x&gt;::enableTimer2Interrupt()&#39;:
/home/ec2-user/arduino-testlib/cli-datadir/user/libraries/MultiTrans/src/MultiTrans.h:177:3: error: &#39;TIMSK2&#39; was not declared in this scope
   TIMSK2 = bit(OCIE2A); // Output Compare A Match Interrupt Enable
   ^~~~~~
/home/ec2-user/arduino-testlib/cli-datadir/user/libraries/MultiTrans/src/MultiTrans.h:177:3: note: suggested alternative: &#39;TIMERB2&#39;
   TIMSK2 = bit(OCIE2A); // Output Compare A Match Interrupt Enable
   ^~~~~~
   TIMERB2
In file included from /home/ec2-user/arduino-testlib/cli-datadir/data/packages/arduino/hardware/megaavr/1.8.7/cores/arduino/api/Interrupts.h:8:0,
                 from /home/ec2-user/arduino-testlib/cli-datadir/data/packages/arduino/hardware/megaav</pre>
					
					<h4>examples/SimpleBinary</h4>
					<p>
						Result: <b>FAIL</b>
					</p>
					<pre class="pre-scrollable">WARNING: library MultiTrans claims to run on avr architecture(s) and may be incompatible with your current board which runs on megaavr architecture(s).
In file included from /home/ec2-user/arduino-testlib/cli-datadir/data/packages/arduino/hardware/megaavr/1.8.7/cores/arduino/api/Interrupts.h:8:0,
                 from /home/ec2-user/arduino-testlib/cli-datadir/data/packages/arduino/hardware/megaavr/1.8.7/cores/arduino/api/ArduinoAPI.h:29,
                 from /home/ec2-user/arduino-testlib/cli-datadir/data/packages/arduino/hardware/megaavr/1.8.7/cores/arduino/Arduino.h:23,
                 from /tmp/arduino-sketch-6D10FB8052F5DCED5FCC0ADF16BADB8B/sketch/SimpleBinary.ino.cpp:1:
/home/ec2-user/arduino-testlib/cli-datadir/user/libraries/MultiTrans/src/MultiTrans.h: In static member function &#39;static byte MultiTrans&lt;s, t, u, v, w, x&gt;::rPrescaleBits()&#39;:
/home/ec2-user/arduino-testlib/cli-datadir/user/libraries/MultiTrans/src/MultiTrans.h:112:16: error: &#39;CS10&#39; was not declared in this scope
     return bit(CS10);
                ^
/home/ec2-user/arduino-testlib/cli-datadir/data/packages/arduino/hardware/megaavr/1.8.7/cores/arduino/api/Common.h:71:25: note: in definition of macro &#39;bit&#39;
 #define bit(b) (1UL &lt;&lt; (b))
                         ^
/home/ec2-user/arduino-testlib/cli-datadir/user/libraries/MultiTrans/src/MultiTrans.h:112:16: note: suggested alternative: &#39;B110&#39;
     return bit(CS10);
                ^
/home/ec2-user/arduino-testlib/cli-datadir/data/packages/arduino/hardware/megaavr/1.8.7/cores/arduino/api/Common.h:71:25: note: in definition of macro &#39;bit&#39;
 #define bit(b) (1UL &lt;&lt; (b))
                         ^
/home/ec2-user/arduino-testlib/cli-datadir/user/libraries/MultiTrans/src/MultiTrans.h:114:16: error: &#39;CS11&#39; was not declared in this scope
     return bit(CS11);
                ^
/home/ec2-user/arduino-testlib/cli-datadir/data/packages/arduino/hardware/megaavr/1.8.7/cores/arduino/api/Common.h:71:25: note: in definition of macro &#39;bit&#39;
 #define bit(b) (1UL &lt;&lt; (b))
                         ^
/home/ec2-user/arduino-testlib/cli-datadir/user/libraries/MultiTrans/src/MultiTrans.h:114:16: note: suggested alternative: &#39;B111&#39;
     return bit(CS11);
                ^
/home/ec2-user/arduino-testlib/cli-datadir/data/packages/arduino/hardware/megaavr/1.8.7/cores/arduino/api/Common.h:71:25: note: in definition of macro &#39;bit&#39;
 #define bit(b) (1UL &lt;&lt; (b))
                         ^
/home/ec2-user/arduino-testlib/cli-datadir/user/libraries/MultiTrans/src/MultiTrans.h:118:16: error: &#39;CS12&#39; was not declared in this scope
     return bit(CS12);
                ^
/home/ec2-user/arduino-testlib/cli-datadir/data/packages/arduino/hardware/megaavr/1.8.7/cores/arduino/api/Common.h:71:25: note: in definition of macro &#39;bit&#39;
 #define bit(b) (1UL &lt;&lt; (b))
                         ^
In file included from /home/ec2-user/arduino-testlib/cli-datadir/user/libraries/MultiTrans/examples/SimpleBinary/SimpleBinary.ino:11:0:
/home/ec2-user/arduino-testlib/cli-datadir/user/libraries/MultiTrans/src/MultiTrans.h: In static member function &#39;static void MultiTrans&lt;s, t, u, v, w, x&gt;::startTimer1()&#39;:
/home/ec2-user/arduino-testlib/cli-datadir/user/libraries/MultiTrans/src/MultiTrans.h:128:3: error: &#39;TCCR1A&#39; was not declared in this scope
   TCCR1A = 0; // normal operation
   ^~~~~~
/home/ec2-user/arduino-testlib/cli-datadir/user/libraries/MultiTrans/src/MultiTrans.h:128:3: note: suggested alternative: &#39;TCB1&#39;
   TCCR1A = 0; // normal operation
   ^~~~~~
   TCB1
/home/ec2-user/arduino-testlib/cli-datadir/user/libraries/MultiTrans/src/MultiTrans.h:129:3: error: &#39;TCCR1B&#39; was not declared in this scope
   TCCR1B = rPrescaleBits();
   ^~~~~~
/home/ec2-user/arduino-testlib/cli-datadir/user/libraries/MultiTrans/src/MultiTrans.h:129:3: note: suggested alternative: &#39;TCB1&#39;
   TCCR1B = rPrescaleBits();
   ^~~~~~
   TCB1
/home/ec2-user/arduino-testlib/cli-datadir/user/libraries/MultiTrans/src/MultiTrans.h:130:3: error: &#39;TCCR1C&#39; was not declared in this scope
   TCCR1C = 0;
   ^~~~~~
/home/ec2-user/arduino-testlib/cli-datadir/user/libraries/MultiTrans/src/MultiTrans.h:130:3: note: suggested alternative: &#39;TCB1&#39;
   TCCR1C = 0;
   ^~~~~~
   TCB1
/home/ec2-user/arduino-testlib/cli-datadir/user/libraries/MultiTrans/src/MultiTrans.h:131:3: error: &#39;OCR1A&#39; was not declared in this scope
   OCR1A = 0;
   ^~~~~
/home/ec2-user/arduino-testlib/cli-datadir/user/libraries/MultiTrans/src/MultiTrans.h:132:3: error: &#39;OCR1B&#39; was not declared in this scope
   OCR1B = 0;
   ^~~~~
/home/ec2-user/arduino-testlib/cli-datadir/user/libraries/MultiTrans/src/MultiTrans.h:133:3: error: &#39;TIMSK1&#39; was not declared in this scope
   TIMSK1 = 0; // no interrupts
   ^~~~~~
/home/ec2-user/arduino-testlib/cli-datadir/user/libraries/MultiTrans/src/MultiTrans.h:133:3: note: suggested alternative: &#39;TIMERB1&#39;
   TIMSK1 = 0; // no interrupts
   ^~~~~~
   TIMERB1
In file included from /home/ec2-user/arduino-testlib/cli-datadir/data/packages/arduino/hardware/megaavr/1.8.7/cores/arduino/api/Interrupts.h:8:0,
                 from /home/ec2-user/arduino-testlib/cli-datadir/data/packages/arduino/hardware/megaavr/1.8.7/cores/arduino/api/ArduinoAPI.h:29,
                 from /home/ec2-user/arduino-testlib/cli-datadir/data/packages/arduino/hardware/megaavr/1.8.7/cores/arduino/Arduino.h:23,
                 from /tmp/arduino-sketch-6D10FB8052F5DCED5FCC0ADF16BADB8B/sketch/SimpleBinary.ino.cpp:1:
/home/ec2-user/arduino-testlib/cli-datadir/user/libraries/MultiTrans/src/MultiTrans.h: In static member function &#39;static uint8_t MultiTrans&lt;s, t, u, v, w, x&gt;::tPrescaleBits()&#39;:
/home/ec2-user/arduino-testlib/cli-datadir/user/libraries/MultiTrans/src/MultiTrans.h:142:16: error: &#39;CS20&#39; was not declared in this scope
     return bit(CS20);
                ^
/home/ec2-user/arduino-testlib/cli-datadir/data/packages/arduino/hardware/megaavr/1.8.7/cores/arduino/api/Common.h:71:25: note: in definition of macro &#39;bit&#39;
 #define bit(b) (1UL &lt;&lt; (b))
                         ^
/home/ec2-user/arduino-testlib/cli-datadir/user/libraries/MultiTrans/src/MultiTrans.h:144:16: error: &#39;CS21&#39; was not declared in this scope
     return bit(CS21);
                ^
/home/ec2-user/arduino-testlib/cli-datadir/data/packages/arduino/hardware/megaavr/1.8.7/cores/arduino/api/Common.h:71:25: note: in definition of macro &#39;bit&#39;
 #define bit(b) (1UL &lt;&lt; (b))
                         ^
/home/ec2-user/arduino-testlib/cli-datadir/user/libraries/MultiTrans/src/MultiTrans.h:148:16: error: &#39;CS22&#39; was not declared in this scope
     return bit(CS22);
                ^
/home/ec2-user/arduino-testlib/cli-datadir/data/packages/arduino/hardware/megaavr/1.8.7/cores/arduino/api/Common.h:71:25: note: in definition of macro &#39;bit&#39;
 #define bit(b) (1UL &lt;&lt; (b))
                         ^
In file included from /home/ec2-user/arduino-testlib/cli-datadir/user/libraries/MultiTrans/examples/SimpleBinary/SimpleBinary.ino:11:0:
/home/ec2-user/arduino-testlib/cli-datadir/user/libraries/MultiTrans/src/MultiTrans.h: In static member function &#39;static void MultiTrans&lt;s, t, u, v, w, x&gt;::configureTimer2()&#39;:
/home/ec2-user/arduino-testlib/cli-datadir/user/libraries/MultiTrans/src/MultiTrans.h:163:3: error: &#39;TCCR2A&#39; was not declared in this scope
   TCCR2A = 0;
   ^~~~~~
/home/ec2-user/arduino-testlib/cli-datadir/user/libraries/MultiTrans/src/MultiTrans.h:163:3: note: suggested alternative: &#39;TCB2&#39;
   TCCR2A = 0;
   ^~~~~~
   TCB2
/home/ec2-user/arduino-testlib/cli-datadir/user/libraries/MultiTrans/src/MultiTrans.h:164:3: error: &#39;TCCR2B&#39; was not declared in this scope
   TCCR2B = tPrescaleBits();
   ^~~~~~
/home/ec2-user/arduino-testlib/cli-datadir/user/libraries/MultiTrans/src/MultiTrans.h:164:3: note: suggested alternative: &#39;TCB2&#39;
   TCCR2B = tPrescaleBits();
   ^~~~~~
   TCB2
/home/ec2-user/arduino-testlib/cli-datadir/user/libraries/MultiTrans/src/MultiTrans.h:169:3: error: &#39;OCR2A&#39; was not declared in this scope
   OCR2A = unscaledBitDuration - 1;
   ^~~~~
/home/ec2-user/arduino-testlib/cli-datadir/user/libraries/MultiTrans/src/MultiTrans.h:170:3: error: &#39;OCR2B&#39; was not declared in this scope
   OCR2B = 0;
   ^~~~~
In file included from /home/ec2-user/arduino-testlib/cli-datadir/data/packages/arduino/hardware/megaavr/1.8.7/cores/arduino/api/Interrupts.h:8:0,
                 from /home/ec2-user/arduino-testlib/cli-datadir/data/packages/arduino/hardware/megaavr/1.8.7/cores/arduino/api/ArduinoAPI.h:29,
                 from /home/ec2-user/arduino-testlib/cli-datadir/data/packages/arduino/hardware/megaavr/1.8.7/cores/arduino/Arduino.h:23,
                 from /tmp/arduino-sketch-6D10FB8052F5DCED5FCC0ADF16BADB8B/sketch/SimpleBinary.ino.cpp:1:
/home/ec2-user/arduino-testlib/cli-datadir/user/libraries/MultiTrans/src/MultiTrans.h:172:16: error: &#39;WGM21&#39; was not declared in this scope
   TCCR2A = bit(WGM21); // CTC - Clear Timer on Compare
                ^
/home/ec2-user/arduino-testlib/cli-datadir/data/packages/arduino/hardware/megaavr/1.8.7/cores/arduino/api/Common.h:71:25: note: in definition of macro &#39;bit&#39;
 #define bit(b) (1UL &lt;&lt; (b))
                         ^
In file included from /home/ec2-user/arduino-testlib/cli-datadir/user/libraries/MultiTrans/examples/SimpleBinary/SimpleBinary.ino:11:0:
/home/ec2-user/arduino-testlib/cli-datadir/user/libraries/MultiTrans/src/MultiTrans.h: In static member function &#39;static void MultiTrans&lt;s, t, u, v, w, x&gt;::enableTimer2Interrupt()&#39;:
/home/ec2-user/arduino-testlib/cli-datadir/user/libraries/MultiTrans/src/MultiTrans.h:177:3: error: &#39;TIMSK2&#39; was not declared in this scope
   TIMSK2 = bit(OCIE2A); // Output Compare A Match Interrupt Enable
   ^~~~~~
/home/ec2-user/arduino-testlib/cli-datadir/user/libraries/MultiTrans/src/MultiTrans.h:177:3: note: suggested alternative: &#39;TIMERB2&#39;
   TIMSK2 = bit(OCIE2A); // Output Compare A Match Interrupt Enable
   ^~~~~~
   TIMERB2
In file included from /home/ec2-user/arduino-testlib/cli-datadir/data/packages/arduino/hardware/megaavr/1.8.7/cores/arduino/api/Interrupts.h:8:0,
                 from /home/ec2-user/arduino-tes</pre>
					
					<h4>examples/StressTest</h4>
					<p>
						Result: <b>FAIL</b>
					</p>
					<pre class="pre-scrollable">WARNING: library MultiTrans claims to run on avr architecture(s) and may be incompatible with your current board which runs on megaavr architecture(s).
In file included from /home/ec2-user/arduino-testlib/cli-datadir/data/packages/arduino/hardware/megaavr/1.8.7/cores/arduino/api/Interrupts.h:8:0,
                 from /home/ec2-user/arduino-testlib/cli-datadir/data/packages/arduino/hardware/megaavr/1.8.7/cores/arduino/api/ArduinoAPI.h:29,
                 from /home/ec2-user/arduino-testlib/cli-datadir/data/packages/arduino/hardware/megaavr/1.8.7/cores/arduino/Arduino.h:23,
                 from /tmp/arduino-sketch-758241866E367180E424A76D147ECB1C/sketch/StressTest.ino.cpp:1:
/home/ec2-user/arduino-testlib/cli-datadir/user/libraries/MultiTrans/src/MultiTrans.h: In static member function &#39;static byte MultiTrans&lt;s, t, u, v, w, x&gt;::rPrescaleBits()&#39;:
/home/ec2-user/arduino-testlib/cli-datadir/user/libraries/MultiTrans/src/MultiTrans.h:112:16: error: &#39;CS10&#39; was not declared in this scope
     return bit(CS10);
                ^
/home/ec2-user/arduino-testlib/cli-datadir/data/packages/arduino/hardware/megaavr/1.8.7/cores/arduino/api/Common.h:71:25: note: in definition of macro &#39;bit&#39;
 #define bit(b) (1UL &lt;&lt; (b))
                         ^
/home/ec2-user/arduino-testlib/cli-datadir/user/libraries/MultiTrans/src/MultiTrans.h:112:16: note: suggested alternative: &#39;B110&#39;
     return bit(CS10);
                ^
/home/ec2-user/arduino-testlib/cli-datadir/data/packages/arduino/hardware/megaavr/1.8.7/cores/arduino/api/Common.h:71:25: note: in definition of macro &#39;bit&#39;
 #define bit(b) (1UL &lt;&lt; (b))
                         ^
/home/ec2-user/arduino-testlib/cli-datadir/user/libraries/MultiTrans/src/MultiTrans.h:114:16: error: &#39;CS11&#39; was not declared in this scope
     return bit(CS11);
                ^
/home/ec2-user/arduino-testlib/cli-datadir/data/packages/arduino/hardware/megaavr/1.8.7/cores/arduino/api/Common.h:71:25: note: in definition of macro &#39;bit&#39;
 #define bit(b) (1UL &lt;&lt; (b))
                         ^
/home/ec2-user/arduino-testlib/cli-datadir/user/libraries/MultiTrans/src/MultiTrans.h:114:16: note: suggested alternative: &#39;B111&#39;
     return bit(CS11);
                ^
/home/ec2-user/arduino-testlib/cli-datadir/data/packages/arduino/hardware/megaavr/1.8.7/cores/arduino/api/Common.h:71:25: note: in definition of macro &#39;bit&#39;
 #define bit(b) (1UL &lt;&lt; (b))
                         ^
/home/ec2-user/arduino-testlib/cli-datadir/user/libraries/MultiTrans/src/MultiTrans.h:118:16: error: &#39;CS12&#39; was not declared in this scope
     return bit(CS12);
                ^
/home/ec2-user/arduino-testlib/cli-datadir/data/packages/arduino/hardware/megaavr/1.8.7/cores/arduino/api/Common.h:71:25: note: in definition of macro &#39;bit&#39;
 #define bit(b) (1UL &lt;&lt; (b))
                         ^
In file included from /home/ec2-user/arduino-testlib/cli-datadir/user/libraries/MultiTrans/examples/StressTest/StressTest.ino:11:0:
/home/ec2-user/arduino-testlib/cli-datadir/user/libraries/MultiTrans/src/MultiTrans.h: In static member function &#39;static void MultiTrans&lt;s, t, u, v, w, x&gt;::startTimer1()&#39;:
/home/ec2-user/arduino-testlib/cli-datadir/user/libraries/MultiTrans/src/MultiTrans.h:128:3: error: &#39;TCCR1A&#39; was not declared in this scope
   TCCR1A = 0; // normal operation
   ^~~~~~
/home/ec2-user/arduino-testlib/cli-datadir/user/libraries/MultiTrans/src/MultiTrans.h:128:3: note: suggested alternative: &#39;TCB1&#39;
   TCCR1A = 0; // normal operation
   ^~~~~~
   TCB1
/home/ec2-user/arduino-testlib/cli-datadir/user/libraries/MultiTrans/src/MultiTrans.h:129:3: error: &#39;TCCR1B&#39; was not declared in this scope
   TCCR1B = rPrescaleBits();
   ^~~~~~
/home/ec2-user/arduino-testlib/cli-datadir/user/libraries/MultiTrans/src/MultiTrans.h:129:3: note: suggested alternative: &#39;TCB1&#39;
   TCCR1B = rPrescaleBits();
   ^~~~~~
   TCB1
/home/ec2-user/arduino-testlib/cli-datadir/user/libraries/MultiTrans/src/MultiTrans.h:130:3: error: &#39;TCCR1C&#39; was not declared in this scope
   TCCR1C = 0;
   ^~~~~~
/home/ec2-user/arduino-testlib/cli-datadir/user/libraries/MultiTrans/src/MultiTrans.h:130:3: note: suggested alternative: &#39;TCB1&#39;
   TCCR1C = 0;
   ^~~~~~
   TCB1
/home/ec2-user/arduino-testlib/cli-datadir/user/libraries/MultiTrans/src/MultiTrans.h:131:3: error: &#39;OCR1A&#39; was not declared in this scope
   OCR1A = 0;
   ^~~~~
/home/ec2-user/arduino-testlib/cli-datadir/user/libraries/MultiTrans/src/MultiTrans.h:132:3: error: &#39;OCR1B&#39; was not declared in this scope
   OCR1B = 0;
   ^~~~~
/home/ec2-user/arduino-testlib/cli-datadir/user/libraries/MultiTrans/src/MultiTrans.h:133:3: error: &#39;TIMSK1&#39; was not declared in this scope
   TIMSK1 = 0; // no interrupts
   ^~~~~~
/home/ec2-user/arduino-testlib/cli-datadir/user/libraries/MultiTrans/src/MultiTrans.h:133:3: note: suggested alternative: &#39;TIMERB1&#39;
   TIMSK1 = 0; // no interrupts
   ^~~~~~
   TIMERB1
In file included from /home/ec2-user/arduino-testlib/cli-datadir/data/packages/arduino/hardware/megaavr/1.8.7/cores/arduino/api/Interrupts.h:8:0,
                 from /home/ec2-user/arduino-testlib/cli-datadir/data/packages/arduino/hardware/megaavr/1.8.7/cores/arduino/api/ArduinoAPI.h:29,
                 from /home/ec2-user/arduino-testlib/cli-datadir/data/packages/arduino/hardware/megaavr/1.8.7/cores/arduino/Arduino.h:23,
                 from /tmp/arduino-sketch-758241866E367180E424A76D147ECB1C/sketch/StressTest.ino.cpp:1:
/home/ec2-user/arduino-testlib/cli-datadir/user/libraries/MultiTrans/src/MultiTrans.h: In static member function &#39;static uint8_t MultiTrans&lt;s, t, u, v, w, x&gt;::tPrescaleBits()&#39;:
/home/ec2-user/arduino-testlib/cli-datadir/user/libraries/MultiTrans/src/MultiTrans.h:142:16: error: &#39;CS20&#39; was not declared in this scope
     return bit(CS20);
                ^
/home/ec2-user/arduino-testlib/cli-datadir/data/packages/arduino/hardware/megaavr/1.8.7/cores/arduino/api/Common.h:71:25: note: in definition of macro &#39;bit&#39;
 #define bit(b) (1UL &lt;&lt; (b))
                         ^
/home/ec2-user/arduino-testlib/cli-datadir/user/libraries/MultiTrans/src/MultiTrans.h:144:16: error: &#39;CS21&#39; was not declared in this scope
     return bit(CS21);
                ^
/home/ec2-user/arduino-testlib/cli-datadir/data/packages/arduino/hardware/megaavr/1.8.7/cores/arduino/api/Common.h:71:25: note: in definition of macro &#39;bit&#39;
 #define bit(b) (1UL &lt;&lt; (b))
                         ^
/home/ec2-user/arduino-testlib/cli-datadir/user/libraries/MultiTrans/src/MultiTrans.h:148:16: error: &#39;CS22&#39; was not declared in this scope
     return bit(CS22);
                ^
/home/ec2-user/arduino-testlib/cli-datadir/data/packages/arduino/hardware/megaavr/1.8.7/cores/arduino/api/Common.h:71:25: note: in definition of macro &#39;bit&#39;
 #define bit(b) (1UL &lt;&lt; (b))
                         ^
In file included from /home/ec2-user/arduino-testlib/cli-datadir/user/libraries/MultiTrans/examples/StressTest/StressTest.ino:11:0:
/home/ec2-user/arduino-testlib/cli-datadir/user/libraries/MultiTrans/src/MultiTrans.h: In static member function &#39;static void MultiTrans&lt;s, t, u, v, w, x&gt;::configureTimer2()&#39;:
/home/ec2-user/arduino-testlib/cli-datadir/user/libraries/MultiTrans/src/MultiTrans.h:163:3: error: &#39;TCCR2A&#39; was not declared in this scope
   TCCR2A = 0;
   ^~~~~~
/home/ec2-user/arduino-testlib/cli-datadir/user/libraries/MultiTrans/src/MultiTrans.h:163:3: note: suggested alternative: &#39;TCB2&#39;
   TCCR2A = 0;
   ^~~~~~
   TCB2
/home/ec2-user/arduino-testlib/cli-datadir/user/libraries/MultiTrans/src/MultiTrans.h:164:3: error: &#39;TCCR2B&#39; was not declared in this scope
   TCCR2B = tPrescaleBits();
   ^~~~~~
/home/ec2-user/arduino-testlib/cli-datadir/user/libraries/MultiTrans/src/MultiTrans.h:164:3: note: suggested alternative: &#39;TCB2&#39;
   TCCR2B = tPrescaleBits();
   ^~~~~~
   TCB2
/home/ec2-user/arduino-testlib/cli-datadir/user/libraries/MultiTrans/src/MultiTrans.h:169:3: error: &#39;OCR2A&#39; was not declared in this scope
   OCR2A = unscaledBitDuration - 1;
   ^~~~~
/home/ec2-user/arduino-testlib/cli-datadir/user/libraries/MultiTrans/src/MultiTrans.h:170:3: error: &#39;OCR2B&#39; was not declared in this scope
   OCR2B = 0;
   ^~~~~
In file included from /home/ec2-user/arduino-testlib/cli-datadir/data/packages/arduino/hardware/megaavr/1.8.7/cores/arduino/api/Interrupts.h:8:0,
                 from /home/ec2-user/arduino-testlib/cli-datadir/data/packages/arduino/hardware/megaavr/1.8.7/cores/arduino/api/ArduinoAPI.h:29,
                 from /home/ec2-user/arduino-testlib/cli-datadir/data/packages/arduino/hardware/megaavr/1.8.7/cores/arduino/Arduino.h:23,
                 from /tmp/arduino-sketch-758241866E367180E424A76D147ECB1C/sketch/StressTest.ino.cpp:1:
/home/ec2-user/arduino-testlib/cli-datadir/user/libraries/MultiTrans/src/MultiTrans.h:172:16: error: &#39;WGM21&#39; was not declared in this scope
   TCCR2A = bit(WGM21); // CTC - Clear Timer on Compare
                ^
/home/ec2-user/arduino-testlib/cli-datadir/data/packages/arduino/hardware/megaavr/1.8.7/cores/arduino/api/Common.h:71:25: note: in definition of macro &#39;bit&#39;
 #define bit(b) (1UL &lt;&lt; (b))
                         ^
In file included from /home/ec2-user/arduino-testlib/cli-datadir/user/libraries/MultiTrans/examples/StressTest/StressTest.ino:11:0:
/home/ec2-user/arduino-testlib/cli-datadir/user/libraries/MultiTrans/src/MultiTrans.h: In static member function &#39;static void MultiTrans&lt;s, t, u, v, w, x&gt;::enableTimer2Interrupt()&#39;:
/home/ec2-user/arduino-testlib/cli-datadir/user/libraries/MultiTrans/src/MultiTrans.h:177:3: error: &#39;TIMSK2&#39; was not declared in this scope
   TIMSK2 = bit(OCIE2A); // Output Compare A Match Interrupt Enable
   ^~~~~~
/home/ec2-user/arduino-testlib/cli-datadir/user/libraries/MultiTrans/src/MultiTrans.h:177:3: note: suggested alternative: &#39;TIMERB2&#39;
   TIMSK2 = bit(OCIE2A); // Output Compare A Match Interrupt Enable
   ^~~~~~
   TIMERB2
In file included from /home/ec2-user/arduino-testlib/cli-datadir/data/packages/arduino/hardware/megaavr/1.8.7/cores/arduino/api/Interrupts.h:8:0,
                 from /home/ec2-user/arduino-testlib/cli-datadir/d</pre>
					
					<h4>examples/Triangle</h4>
					<p>
						Result: <b>FAIL</b>
					</p>
					<pre class="pre-scrollable">WARNING: library MultiTrans claims to run on avr architecture(s) and may be incompatible with your current board which runs on megaavr architecture(s).
In file included from /home/ec2-user/arduino-testlib/cli-datadir/data/packages/arduino/hardware/megaavr/1.8.7/cores/arduino/api/Interrupts.h:8:0,
                 from /home/ec2-user/arduino-testlib/cli-datadir/data/packages/arduino/hardware/megaavr/1.8.7/cores/arduino/api/ArduinoAPI.h:29,
                 from /home/ec2-user/arduino-testlib/cli-datadir/data/packages/arduino/hardware/megaavr/1.8.7/cores/arduino/Arduino.h:23,
                 from /tmp/arduino-sketch-452BBCC6E9B2D12CEB079252A6850FE2/sketch/Triangle.ino.cpp:1:
/home/ec2-user/arduino-testlib/cli-datadir/user/libraries/MultiTrans/src/MultiTrans.h: In static member function &#39;static byte MultiTrans&lt;s, t, u, v, w, x&gt;::rPrescaleBits()&#39;:
/home/ec2-user/arduino-testlib/cli-datadir/user/libraries/MultiTrans/src/MultiTrans.h:112:16: error: &#39;CS10&#39; was not declared in this scope
     return bit(CS10);
                ^
/home/ec2-user/arduino-testlib/cli-datadir/data/packages/arduino/hardware/megaavr/1.8.7/cores/arduino/api/Common.h:71:25: note: in definition of macro &#39;bit&#39;
 #define bit(b) (1UL &lt;&lt; (b))
                         ^
/home/ec2-user/arduino-testlib/cli-datadir/user/libraries/MultiTrans/src/MultiTrans.h:112:16: note: suggested alternative: &#39;B110&#39;
     return bit(CS10);
                ^
/home/ec2-user/arduino-testlib/cli-datadir/data/packages/arduino/hardware/megaavr/1.8.7/cores/arduino/api/Common.h:71:25: note: in definition of macro &#39;bit&#39;
 #define bit(b) (1UL &lt;&lt; (b))
                         ^
/home/ec2-user/arduino-testlib/cli-datadir/user/libraries/MultiTrans/src/MultiTrans.h:114:16: error: &#39;CS11&#39; was not declared in this scope
     return bit(CS11);
                ^
/home/ec2-user/arduino-testlib/cli-datadir/data/packages/arduino/hardware/megaavr/1.8.7/cores/arduino/api/Common.h:71:25: note: in definition of macro &#39;bit&#39;
 #define bit(b) (1UL &lt;&lt; (b))
                         ^
/home/ec2-user/arduino-testlib/cli-datadir/user/libraries/MultiTrans/src/MultiTrans.h:114:16: note: suggested alternative: &#39;B111&#39;
     return bit(CS11);
                ^
/home/ec2-user/arduino-testlib/cli-datadir/data/packages/arduino/hardware/megaavr/1.8.7/cores/arduino/api/Common.h:71:25: note: in definition of macro &#39;bit&#39;
 #define bit(b) (1UL &lt;&lt; (b))
                         ^
/home/ec2-user/arduino-testlib/cli-datadir/user/libraries/MultiTrans/src/MultiTrans.h:118:16: error: &#39;CS12&#39; was not declared in this scope
     return bit(CS12);
                ^
/home/ec2-user/arduino-testlib/cli-datadir/data/packages/arduino/hardware/megaavr/1.8.7/cores/arduino/api/Common.h:71:25: note: in definition of macro &#39;bit&#39;
 #define bit(b) (1UL &lt;&lt; (b))
                         ^
In file included from /home/ec2-user/arduino-testlib/cli-datadir/user/libraries/MultiTrans/examples/Triangle/Triangle.ino:11:0:
/home/ec2-user/arduino-testlib/cli-datadir/user/libraries/MultiTrans/src/MultiTrans.h: In static member function &#39;static void MultiTrans&lt;s, t, u, v, w, x&gt;::startTimer1()&#39;:
/home/ec2-user/arduino-testlib/cli-datadir/user/libraries/MultiTrans/src/MultiTrans.h:128:3: error: &#39;TCCR1A&#39; was not declared in this scope
   TCCR1A = 0; // normal operation
   ^~~~~~
/home/ec2-user/arduino-testlib/cli-datadir/user/libraries/MultiTrans/src/MultiTrans.h:128:3: note: suggested alternative: &#39;TCB1&#39;
   TCCR1A = 0; // normal operation
   ^~~~~~
   TCB1
/home/ec2-user/arduino-testlib/cli-datadir/user/libraries/MultiTrans/src/MultiTrans.h:129:3: error: &#39;TCCR1B&#39; was not declared in this scope
   TCCR1B = rPrescaleBits();
   ^~~~~~
/home/ec2-user/arduino-testlib/cli-datadir/user/libraries/MultiTrans/src/MultiTrans.h:129:3: note: suggested alternative: &#39;TCB1&#39;
   TCCR1B = rPrescaleBits();
   ^~~~~~
   TCB1
/home/ec2-user/arduino-testlib/cli-datadir/user/libraries/MultiTrans/src/MultiTrans.h:130:3: error: &#39;TCCR1C&#39; was not declared in this scope
   TCCR1C = 0;
   ^~~~~~
/home/ec2-user/arduino-testlib/cli-datadir/user/libraries/MultiTrans/src/MultiTrans.h:130:3: note: suggested alternative: &#39;TCB1&#39;
   TCCR1C = 0;
   ^~~~~~
   TCB1
/home/ec2-user/arduino-testlib/cli-datadir/user/libraries/MultiTrans/src/MultiTrans.h:131:3: error: &#39;OCR1A&#39; was not declared in this scope
   OCR1A = 0;
   ^~~~~
/home/ec2-user/arduino-testlib/cli-datadir/user/libraries/MultiTrans/src/MultiTrans.h:132:3: error: &#39;OCR1B&#39; was not declared in this scope
   OCR1B = 0;
   ^~~~~
/home/ec2-user/arduino-testlib/cli-datadir/user/libraries/MultiTrans/src/MultiTrans.h:133:3: error: &#39;TIMSK1&#39; was not declared in this scope
   TIMSK1 = 0; // no interrupts
   ^~~~~~
/home/ec2-user/arduino-testlib/cli-datadir/user/libraries/MultiTrans/src/MultiTrans.h:133:3: note: suggested alternative: &#39;TIMERB1&#39;
   TIMSK1 = 0; // no interrupts
   ^~~~~~
   TIMERB1
In file included from /home/ec2-user/arduino-testlib/cli-datadir/data/packages/arduino/hardware/megaavr/1.8.7/cores/arduino/api/Interrupts.h:8:0,
                 from /home/ec2-user/arduino-testlib/cli-datadir/data/packages/arduino/hardware/megaavr/1.8.7/cores/arduino/api/ArduinoAPI.h:29,
                 from /home/ec2-user/arduino-testlib/cli-datadir/data/packages/arduino/hardware/megaavr/1.8.7/cores/arduino/Arduino.h:23,
                 from /tmp/arduino-sketch-452BBCC6E9B2D12CEB079252A6850FE2/sketch/Triangle.ino.cpp:1:
/home/ec2-user/arduino-testlib/cli-datadir/user/libraries/MultiTrans/src/MultiTrans.h: In static member function &#39;static uint8_t MultiTrans&lt;s, t, u, v, w, x&gt;::tPrescaleBits()&#39;:
/home/ec2-user/arduino-testlib/cli-datadir/user/libraries/MultiTrans/src/MultiTrans.h:142:16: error: &#39;CS20&#39; was not declared in this scope
     return bit(CS20);
                ^
/home/ec2-user/arduino-testlib/cli-datadir/data/packages/arduino/hardware/megaavr/1.8.7/cores/arduino/api/Common.h:71:25: note: in definition of macro &#39;bit&#39;
 #define bit(b) (1UL &lt;&lt; (b))
                         ^
/home/ec2-user/arduino-testlib/cli-datadir/user/libraries/MultiTrans/src/MultiTrans.h:144:16: error: &#39;CS21&#39; was not declared in this scope
     return bit(CS21);
                ^
/home/ec2-user/arduino-testlib/cli-datadir/data/packages/arduino/hardware/megaavr/1.8.7/cores/arduino/api/Common.h:71:25: note: in definition of macro &#39;bit&#39;
 #define bit(b) (1UL &lt;&lt; (b))
                         ^
/home/ec2-user/arduino-testlib/cli-datadir/user/libraries/MultiTrans/src/MultiTrans.h:148:16: error: &#39;CS22&#39; was not declared in this scope
     return bit(CS22);
                ^
/home/ec2-user/arduino-testlib/cli-datadir/data/packages/arduino/hardware/megaavr/1.8.7/cores/arduino/api/Common.h:71:25: note: in definition of macro &#39;bit&#39;
 #define bit(b) (1UL &lt;&lt; (b))
                         ^
In file included from /home/ec2-user/arduino-testlib/cli-datadir/user/libraries/MultiTrans/examples/Triangle/Triangle.ino:11:0:
/home/ec2-user/arduino-testlib/cli-datadir/user/libraries/MultiTrans/src/MultiTrans.h: In static member function &#39;static void MultiTrans&lt;s, t, u, v, w, x&gt;::configureTimer2()&#39;:
/home/ec2-user/arduino-testlib/cli-datadir/user/libraries/MultiTrans/src/MultiTrans.h:163:3: error: &#39;TCCR2A&#39; was not declared in this scope
   TCCR2A = 0;
   ^~~~~~
/home/ec2-user/arduino-testlib/cli-datadir/user/libraries/MultiTrans/src/MultiTrans.h:163:3: note: suggested alternative: &#39;TCB2&#39;
   TCCR2A = 0;
   ^~~~~~
   TCB2
/home/ec2-user/arduino-testlib/cli-datadir/user/libraries/MultiTrans/src/MultiTrans.h:164:3: error: &#39;TCCR2B&#39; was not declared in this scope
   TCCR2B = tPrescaleBits();
   ^~~~~~
/home/ec2-user/arduino-testlib/cli-datadir/user/libraries/MultiTrans/src/MultiTrans.h:164:3: note: suggested alternative: &#39;TCB2&#39;
   TCCR2B = tPrescaleBits();
   ^~~~~~
   TCB2
/home/ec2-user/arduino-testlib/cli-datadir/user/libraries/MultiTrans/src/MultiTrans.h:169:3: error: &#39;OCR2A&#39; was not declared in this scope
   OCR2A = unscaledBitDuration - 1;
   ^~~~~
/home/ec2-user/arduino-testlib/cli-datadir/user/libraries/MultiTrans/src/MultiTrans.h:170:3: error: &#39;OCR2B&#39; was not declared in this scope
   OCR2B = 0;
   ^~~~~
In file included from /home/ec2-user/arduino-testlib/cli-datadir/data/packages/arduino/hardware/megaavr/1.8.7/cores/arduino/api/Interrupts.h:8:0,
                 from /home/ec2-user/arduino-testlib/cli-datadir/data/packages/arduino/hardware/megaavr/1.8.7/cores/arduino/api/ArduinoAPI.h:29,
                 from /home/ec2-user/arduino-testlib/cli-datadir/data/packages/arduino/hardware/megaavr/1.8.7/cores/arduino/Arduino.h:23,
                 from /tmp/arduino-sketch-452BBCC6E9B2D12CEB079252A6850FE2/sketch/Triangle.ino.cpp:1:
/home/ec2-user/arduino-testlib/cli-datadir/user/libraries/MultiTrans/src/MultiTrans.h:172:16: error: &#39;WGM21&#39; was not declared in this scope
   TCCR2A = bit(WGM21); // CTC - Clear Timer on Compare
                ^
/home/ec2-user/arduino-testlib/cli-datadir/data/packages/arduino/hardware/megaavr/1.8.7/cores/arduino/api/Common.h:71:25: note: in definition of macro &#39;bit&#39;
 #define bit(b) (1UL &lt;&lt; (b))
                         ^
In file included from /home/ec2-user/arduino-testlib/cli-datadir/user/libraries/MultiTrans/examples/Triangle/Triangle.ino:11:0:
/home/ec2-user/arduino-testlib/cli-datadir/user/libraries/MultiTrans/src/MultiTrans.h: In static member function &#39;static void MultiTrans&lt;s, t, u, v, w, x&gt;::enableTimer2Interrupt()&#39;:
/home/ec2-user/arduino-testlib/cli-datadir/user/libraries/MultiTrans/src/MultiTrans.h:177:3: error: &#39;TIMSK2&#39; was not declared in this scope
   TIMSK2 = bit(OCIE2A); // Output Compare A Match Interrupt Enable
   ^~~~~~
/home/ec2-user/arduino-testlib/cli-datadir/user/libraries/MultiTrans/src/MultiTrans.h:177:3: note: suggested alternative: &#39;TIMERB2&#39;
   TIMSK2 = bit(OCIE2A); // Output Compare A Match Interrupt Enable
   ^~~~~~
   TIMERB2
In file included from /home/ec2-user/arduino-testlib/cli-datadir/data/packages/arduino/hardware/megaavr/1.8.7/cores/arduino/api/Interrupts.h:8:0,
                 from /home/ec2-user/arduino-testlib/cli-datadir/data/packages/ardui</pre>
					
				
				<h3 id="arduino:samd:mkrwifi1010">arduino:samd:mkrwifi1010 @ 1.8.12</h3>
				<h4>Inclusion</h4>
				<p>
					Result: <b>FAIL</b>
					
				</p>
				<pre class="pre-scrollable">In file included from /home/ec2-user/arduino-testlib/cli-datadir/user/libraries/MultiTrans/src/./Receiver.h:4:0,
                 from /home/ec2-user/arduino-testlib/cli-datadir/user/libraries/MultiTrans/src/Transceiver.h:5,
                 from /home/ec2-user/arduino-testlib/cli-datadir/user/libraries/MultiTrans/src/MultiTrans.h:187,
                 from /tmp/arduino-testlib766223396/test/test.ino:1:
/home/ec2-user/arduino-testlib/cli-datadir/user/libraries/MultiTrans/src/././ReceiveBuffer.h:5:10: fatal error: util/atomic.h: No such file or directory
 #include &lt;util/atomic.h&gt;
          ^~~~~~~~~~~~~~~
compilation terminated.

</pre>

					
					<h4>examples/IR</h4>
					<p>
						Result: <b>FAIL</b>
					</p>
					<pre class="pre-scrollable">In file included from /home/ec2-user/arduino-testlib/cli-datadir/user/libraries/MultiTrans/src/./Receiver.h:4:0,
                 from /home/ec2-user/arduino-testlib/cli-datadir/user/libraries/MultiTrans/src/Transceiver.h:5,
                 from /home/ec2-user/arduino-testlib/cli-datadir/user/libraries/MultiTrans/src/MultiTrans.h:187,
                 from /home/ec2-user/arduino-testlib/cli-datadir/user/libraries/MultiTrans/examples/IR/IR.ino:11:
/home/ec2-user/arduino-testlib/cli-datadir/user/libraries/MultiTrans/src/././ReceiveBuffer.h:5:10: fatal error: util/atomic.h: No such file or directory
 #include &lt;util/atomic.h&gt;
          ^~~~~~~~~~~~~~~
compilation terminated.

</pre>
					
					<h4>examples/Simple</h4>
					<p>
						Result: <b>FAIL</b>
					</p>
					<pre class="pre-scrollable">In file included from /home/ec2-user/arduino-testlib/cli-datadir/user/libraries/MultiTrans/src/./Receiver.h:4:0,
                 from /home/ec2-user/arduino-testlib/cli-datadir/user/libraries/MultiTrans/src/Transceiver.h:5,
                 from /home/ec2-user/arduino-testlib/cli-datadir/user/libraries/MultiTrans/src/MultiTrans.h:187,
                 from /home/ec2-user/arduino-testlib/cli-datadir/user/libraries/MultiTrans/examples/Simple/Simple.ino:10:
/home/ec2-user/arduino-testlib/cli-datadir/user/libraries/MultiTrans/src/././ReceiveBuffer.h:5:10: fatal error: util/atomic.h: No such file or directory
 #include &lt;util/atomic.h&gt;
          ^~~~~~~~~~~~~~~
compilation terminated.

</pre>
					
					<h4>examples/SimpleBinary</h4>
					<p>
						Result: <b>FAIL</b>
					</p>
					<pre class="pre-scrollable">In file included from /home/ec2-user/arduino-testlib/cli-datadir/user/libraries/MultiTrans/src/./Receiver.h:4:0,
                 from /home/ec2-user/arduino-testlib/cli-datadir/user/libraries/MultiTrans/src/Transceiver.h:5,
                 from /home/ec2-user/arduino-testlib/cli-datadir/user/libraries/MultiTrans/src/MultiTrans.h:187,
                 from /home/ec2-user/arduino-testlib/cli-datadir/user/libraries/MultiTrans/examples/SimpleBinary/SimpleBinary.ino:11:
/home/ec2-user/arduino-testlib/cli-datadir/user/libraries/MultiTrans/src/././ReceiveBuffer.h:5:10: fatal error: util/atomic.h: No such file or directory
 #include &lt;util/atomic.h&gt;
          ^~~~~~~~~~~~~~~
compilation terminated.

</pre>
					
					<h4>examples/StressTest</h4>
					<p>
						Result: <b>FAIL</b>
					</p>
					<pre class="pre-scrollable">In file included from /home/ec2-user/arduino-testlib/cli-datadir/user/libraries/MultiTrans/src/./Receiver.h:4:0,
                 from /home/ec2-user/arduino-testlib/cli-datadir/user/libraries/MultiTrans/src/Transceiver.h:5,
                 from /home/ec2-user/arduino-testlib/cli-datadir/user/libraries/MultiTrans/src/MultiTrans.h:187,
                 from /home/ec2-user/arduino-testlib/cli-datadir/user/libraries/MultiTrans/examples/StressTest/StressTest.ino:11:
/home/ec2-user/arduino-testlib/cli-datadir/user/libraries/MultiTrans/src/././ReceiveBuffer.h:5:10: fatal error: util/atomic.h: No such file or directory
 #include &lt;util/atomic.h&gt;
          ^~~~~~~~~~~~~~~
compilation terminated.

</pre>
					
					<h4>examples/Triangle</h4>
					<p>
						Result: <b>FAIL</b>
					</p>
					<pre class="pre-scrollable">In file included from /home/ec2-user/arduino-testlib/cli-datadir/user/libraries/MultiTrans/src/./Receiver.h:4:0,
                 from /home/ec2-user/arduino-testlib/cli-datadir/user/libraries/MultiTrans/src/Transceiver.h:5,
                 from /home/ec2-user/arduino-testlib/cli-datadir/user/libraries/MultiTrans/src/MultiTrans.h:187,
                 from /home/ec2-user/arduino-testlib/cli-datadir/user/libraries/MultiTrans/examples/Triangle/Triangle.ino:11:
/home/ec2-user/arduino-testlib/cli-datadir/user/libraries/MultiTrans/src/././ReceiveBuffer.h:5:10: fatal error: util/atomic.h: No such file or directory
 #include &lt;util/atomic.h&gt;
          ^~~~~~~~~~~~~~~
compilation terminated.

</pre>
					
				
				<h3 id="esp32:esp32:d1_mini32">esp32:esp32:d1_mini32 @ 1.0.6</h3>
				<h4>Inclusion</h4>
				<p>
					Result: <b>FAIL</b>
					
				</p>
				<pre class="pre-scrollable">In file included from /home/ec2-user/arduino-testlib/cli-datadir/user/libraries/MultiTrans/src/./Receiver.h:4:0,
                 from /home/ec2-user/arduino-testlib/cli-datadir/user/libraries/MultiTrans/src/Transceiver.h:5,
                 from /home/ec2-user/arduino-testlib/cli-datadir/user/libraries/MultiTrans/src/MultiTrans.h:187,
                 from /tmp/arduino-testlib3095644567/test/test.ino:1:
/home/ec2-user/arduino-testlib/cli-datadir/user/libraries/MultiTrans/src/././ReceiveBuffer.h:5:25: fatal error: util/atomic.h: No such file or directory
compilation terminated.

</pre>

					
					<h4>examples/IR</h4>
					<p>
						Result: <b>FAIL</b>
					</p>
					<pre class="pre-scrollable">In file included from /home/ec2-user/arduino-testlib/cli-datadir/user/libraries/MultiTrans/src/./Receiver.h:4:0,
                 from /home/ec2-user/arduino-testlib/cli-datadir/user/libraries/MultiTrans/src/Transceiver.h:5,
                 from /home/ec2-user/arduino-testlib/cli-datadir/user/libraries/MultiTrans/src/MultiTrans.h:187,
                 from /home/ec2-user/arduino-testlib/cli-datadir/user/libraries/MultiTrans/examples/IR/IR.ino:11:
/home/ec2-user/arduino-testlib/cli-datadir/user/libraries/MultiTrans/src/././ReceiveBuffer.h:5:25: fatal error: util/atomic.h: No such file or directory
compilation terminated.

</pre>
					
					<h4>examples/Simple</h4>
					<p>
						Result: <b>FAIL</b>
					</p>
					<pre class="pre-scrollable">In file included from /home/ec2-user/arduino-testlib/cli-datadir/user/libraries/MultiTrans/src/./Receiver.h:4:0,
                 from /home/ec2-user/arduino-testlib/cli-datadir/user/libraries/MultiTrans/src/Transceiver.h:5,
                 from /home/ec2-user/arduino-testlib/cli-datadir/user/libraries/MultiTrans/src/MultiTrans.h:187,
                 from /home/ec2-user/arduino-testlib/cli-datadir/user/libraries/MultiTrans/examples/Simple/Simple.ino:10:
/home/ec2-user/arduino-testlib/cli-datadir/user/libraries/MultiTrans/src/././ReceiveBuffer.h:5:25: fatal error: util/atomic.h: No such file or directory
compilation terminated.

</pre>
					
					<h4>examples/SimpleBinary</h4>
					<p>
						Result: <b>FAIL</b>
					</p>
					<pre class="pre-scrollable">In file included from /home/ec2-user/arduino-testlib/cli-datadir/user/libraries/MultiTrans/src/./Receiver.h:4:0,
                 from /home/ec2-user/arduino-testlib/cli-datadir/user/libraries/MultiTrans/src/Transceiver.h:5,
                 from /home/ec2-user/arduino-testlib/cli-datadir/user/libraries/MultiTrans/src/MultiTrans.h:187,
                 from /home/ec2-user/arduino-testlib/cli-datadir/user/libraries/MultiTrans/examples/SimpleBinary/SimpleBinary.ino:11:
/home/ec2-user/arduino-testlib/cli-datadir/user/libraries/MultiTrans/src/././ReceiveBuffer.h:5:25: fatal error: util/atomic.h: No such file or directory
compilation terminated.

</pre>
					
					<h4>examples/StressTest</h4>
					<p>
						Result: <b>FAIL</b>
					</p>
					<pre class="pre-scrollable">In file included from /home/ec2-user/arduino-testlib/cli-datadir/user/libraries/MultiTrans/src/./Receiver.h:4:0,
                 from /home/ec2-user/arduino-testlib/cli-datadir/user/libraries/MultiTrans/src/Transceiver.h:5,
                 from /home/ec2-user/arduino-testlib/cli-datadir/user/libraries/MultiTrans/src/MultiTrans.h:187,
                 from /home/ec2-user/arduino-testlib/cli-datadir/user/libraries/MultiTrans/examples/StressTest/StressTest.ino:11:
/home/ec2-user/arduino-testlib/cli-datadir/user/libraries/MultiTrans/src/././ReceiveBuffer.h:5:25: fatal error: util/atomic.h: No such file or directory
compilation terminated.

</pre>
					
					<h4>examples/Triangle</h4>
					<p>
						Result: <b>FAIL</b>
					</p>
					<pre class="pre-scrollable">In file included from /home/ec2-user/arduino-testlib/cli-datadir/user/libraries/MultiTrans/src/./Receiver.h:4:0,
                 from /home/ec2-user/arduino-testlib/cli-datadir/user/libraries/MultiTrans/src/Transceiver.h:5,
                 from /home/ec2-user/arduino-testlib/cli-datadir/user/libraries/MultiTrans/src/MultiTrans.h:187,
                 from /home/ec2-user/arduino-testlib/cli-datadir/user/libraries/MultiTrans/examples/Triangle/Triangle.ino:11:
/home/ec2-user/arduino-testlib/cli-datadir/user/libraries/MultiTrans/src/././ReceiveBuffer.h:5:25: fatal error: util/atomic.h: No such file or directory
compilation terminated.

</pre>
					
				
			</div>
		</div>
	</div>
  </body>
</html>
