
<!doctype html>
<html lang="en">
  <head>
    <meta charset="utf-8">
    <meta name="viewport" content="width=device-width, initial-scale=1">
    <link href="https://cdn.jsdelivr.net/npm/bootstrap@5.0.2/dist/css/bootstrap.min.css" rel="stylesheet" integrity="sha384-EVSTQN3/azprG1Anm3QDgpJLIm9Nao0Yz1ztcQTwFspd3yD65VohhpuuCOmLASjC" crossorigin="anonymous">
    <title>arduino-testlib report</title>
	<style>
	.pass { background-color: #00FF00 !important; }
	.fail { background-color: #FF0000 !important; }
	</style>
  </head>
  <body>
	<div class="container">
		<div class="row">
			<div class="col">
				<h1>MyOwnBricks - compatibility matrix</h1>
				<p>
					<small>This report was generated on Monday, 21-Feb-22 12:00:25 CET using 
					<a href="https://github.com/alranel/arduino-testlib">arduino-testlib</a>.</small>
				</p>

				<h2>MyOwnBricks</h2>
				<p>
					Version: <b>1.0.0</b>
					<br />
					<a href="https://www.arduino.cc/reference/en/libraries/myownbricks/">More details</a>
				</p>

				<h2>Compatibility matrix</h2>
				<table class="table table-bordered">
					<tr>
						<th>Board</th>
						<th>Claims compatibility</th>
						<th>Inclusion</th>
						
						<th><pre>IR_emitter</pre></th>
						
						<th><pre>color_distance_sensor</pre></th>
						
						<th><pre>color_sensor</pre></th>
						
						<th><pre>distance_sensor</pre></th>
						
						<th><pre>test_pro_micro</pre></th>
						
						<th><pre>tilt_sensor</pre></th>
						
					</tr>
					
					<tr>
						<td>
							<a href="#arduino%3aavr%3auno"><b>arduino:avr:uno</b></a>
							<br />
							<small>1.8.4</small>
						</td>

						
							<td>Yes</td>
							<td class="pass">PASS</td>
						
						
						
						

						
							
								
									
										
											
											<td class="fail">FAIL</td>
										
									
										
									
										
									
										
									
										
									
										
									
								
							
								
							
								
							
								
							
								
							
						
							
								
									
										
									
										
											
											<td class="fail">FAIL</td>
										
									
										
									
										
									
										
									
										
									
								
							
								
							
								
							
								
							
								
							
						
							
								
									
										
									
										
									
										
											
											<td class="fail">FAIL</td>
										
									
										
									
										
									
										
									
								
							
								
							
								
							
								
							
								
							
						
							
								
									
										
									
										
									
										
									
										
											
											<td class="fail">FAIL</td>
										
									
										
									
										
									
								
							
								
							
								
							
								
							
								
							
						
							
								
									
										
									
										
									
										
									
										
									
										
											
											<td class="fail">FAIL</td>
										
									
										
									
								
							
								
							
								
							
								
							
								
							
						
							
								
									
										
									
										
									
										
									
										
									
										
									
										
											
											<td class="fail">FAIL</td>
										
									
								
							
								
							
								
							
								
							
								
							
						
					</tr>
					
					<tr>
						<td>
							<a href="#arduino%3ambed_nano%3ananorp2040connect"><b>arduino:mbed_nano:nanorp2040connect</b></a>
							<br />
							<small>2.7.2</small>
						</td>

						
							<td>Yes</td>
							<td class="pass">PASS</td>
						
						
						
						

						
							
								
							
								
									
										
											
											<td class="fail">FAIL</td>
										
									
										
									
										
									
										
									
										
									
										
									
								
							
								
							
								
							
								
							
						
							
								
							
								
									
										
									
										
											
											<td class="fail">FAIL</td>
										
									
										
									
										
									
										
									
										
									
								
							
								
							
								
							
								
							
						
							
								
							
								
									
										
									
										
									
										
											
											<td class="fail">FAIL</td>
										
									
										
									
										
									
										
									
								
							
								
							
								
							
								
							
						
							
								
							
								
									
										
									
										
									
										
									
										
											
											<td class="fail">FAIL</td>
										
									
										
									
										
									
								
							
								
							
								
							
								
							
						
							
								
							
								
									
										
									
										
									
										
									
										
									
										
											
											<td class="fail">FAIL</td>
										
									
										
									
								
							
								
							
								
							
								
							
						
							
								
							
								
									
										
									
										
									
										
									
										
									
										
									
										
											
											<td class="fail">FAIL</td>
										
									
								
							
								
							
								
							
								
							
						
					</tr>
					
					<tr>
						<td>
							<a href="#arduino%3amegaavr%3anona4809"><b>arduino:megaavr:nona4809</b></a>
							<br />
							<small>1.8.7</small>
						</td>

						
							<td>Yes</td>
							<td class="pass">PASS</td>
						
						
						
						

						
							
								
							
								
							
								
									
										
											
											<td class="fail">FAIL</td>
										
									
										
									
										
									
										
									
										
									
										
									
								
							
								
							
								
							
						
							
								
							
								
							
								
									
										
									
										
											
											<td class="fail">FAIL</td>
										
									
										
									
										
									
										
									
										
									
								
							
								
							
								
							
						
							
								
							
								
							
								
									
										
									
										
									
										
											
											<td class="fail">FAIL</td>
										
									
										
									
										
									
										
									
								
							
								
							
								
							
						
							
								
							
								
							
								
									
										
									
										
									
										
									
										
											
											<td class="fail">FAIL</td>
										
									
										
									
										
									
								
							
								
							
								
							
						
							
								
							
								
							
								
									
										
									
										
									
										
									
										
									
										
											
											<td class="fail">FAIL</td>
										
									
										
									
								
							
								
							
								
							
						
							
								
							
								
							
								
									
										
									
										
									
										
									
										
									
										
									
										
											
											<td class="fail">FAIL</td>
										
									
								
							
								
							
								
							
						
					</tr>
					
					<tr>
						<td>
							<a href="#arduino%3asamd%3amkrwifi1010"><b>arduino:samd:mkrwifi1010</b></a>
							<br />
							<small>1.8.12</small>
						</td>

						
						
						
							<td>Yes ⚠️</td>
							<td class="fail">FAIL</td>
						
						

						
							
								
							
								
							
								
							
								
									
										
											
											<td class="fail">FAIL</td>
										
									
										
									
										
									
										
									
										
									
										
									
								
							
								
							
						
							
								
							
								
							
								
							
								
									
										
									
										
											
											<td class="fail">FAIL</td>
										
									
										
									
										
									
										
									
										
									
								
							
								
							
						
							
								
							
								
							
								
							
								
									
										
									
										
									
										
											
											<td class="fail">FAIL</td>
										
									
										
									
										
									
										
									
								
							
								
							
						
							
								
							
								
							
								
							
								
									
										
									
										
									
										
									
										
											
											<td class="fail">FAIL</td>
										
									
										
									
										
									
								
							
								
							
						
							
								
							
								
							
								
							
								
									
										
									
										
									
										
									
										
									
										
											
											<td class="fail">FAIL</td>
										
									
										
									
								
							
								
							
						
							
								
							
								
							
								
							
								
									
										
									
										
									
										
									
										
									
										
									
										
											
											<td class="fail">FAIL</td>
										
									
								
							
								
							
						
					</tr>
					
					<tr>
						<td>
							<a href="#esp32%3aesp32%3ad1_mini32"><b>esp32:esp32:d1_mini32</b></a>
							<br />
							<small>1.0.6</small>
						</td>

						
							<td>Yes</td>
							<td class="pass">PASS</td>
						
						
						
						

						
							
								
							
								
							
								
							
								
							
								
									
										
											
											<td class="fail">FAIL</td>
										
									
										
									
										
									
										
									
										
									
										
									
								
							
						
							
								
							
								
							
								
							
								
							
								
									
										
									
										
											
											<td class="fail">FAIL</td>
										
									
										
									
										
									
										
									
										
									
								
							
						
							
								
							
								
							
								
							
								
							
								
									
										
									
										
									
										
											
											<td class="fail">FAIL</td>
										
									
										
									
										
									
										
									
								
							
						
							
								
							
								
							
								
							
								
							
								
									
										
									
										
									
										
									
										
											
											<td class="fail">FAIL</td>
										
									
										
									
										
									
								
							
						
							
								
							
								
							
								
							
								
							
								
									
										
									
										
									
										
									
										
									
										
											
											<td class="fail">FAIL</td>
										
									
										
									
								
							
						
							
								
							
								
							
								
							
								
							
								
									
										
									
										
									
										
									
										
									
										
									
										
											
											<td class="fail">FAIL</td>
										
									
								
							
						
					</tr>
					
				</table>

				<h2>Compilation logs</h2>
				
				<h3 id="arduino:avr:uno">arduino:avr:uno @ 1.8.4</h3>
				<h4>Inclusion</h4>
				<p>
					Result: <b>PASS</b>
					
				</p>
				<pre class="pre-scrollable">Sketch uses 1332 bytes (4%) of program storage space. Maximum is 32256 bytes.
Global variables use 184 bytes (8%) of dynamic memory, leaving 1864 bytes for local variables. Maximum is 2048 bytes.
</pre>

					
					<h4>examples/IR_emitter</h4>
					<p>
						Result: <b>FAIL</b>
					</p>
					<pre class="pre-scrollable">/tmp/ccQkyCYt.ltrans0.ltrans.o: In function `IRCallback(unsigned int)&#39;:
/home/ec2-user/arduino-testlib/cli-datadir/user/libraries/MyOwnBricks/examples/IR_emitter/IR_emitter.ino:62: undefined reference to `IRsend::sendLegoPowerFunctions(unsigned int, bool)&#39;
collect2: error: ld returned 1 exit status

</pre>
					
					<h4>examples/color_distance_sensor</h4>
					<p>
						Result: <b>FAIL</b>
					</p>
					<pre class="pre-scrollable">In file included from /home/ec2-user/arduino-testlib/cli-datadir/user/libraries/MyOwnBricks/examples/color_distance_sensor/color_distance_sensor.ino:41:0:
/home/ec2-user/arduino-testlib/cli-datadir/user/libraries/MyOwnBricks/examples/color_distance_sensor/distance_sensor.hpp: In function &#39;void handleDistSensorData()&#39;:
/home/ec2-user/arduino-testlib/cli-datadir/user/libraries/MyOwnBricks/examples/color_distance_sensor/distance_sensor.hpp:85:34: error: &#39;class VL6180X&#39; has no member named &#39;readRangeStatus&#39;; did you mean &#39;readRangeSingle&#39;?
     uint8_t status = dist_sensor.readRangeStatus();
                                  ^~~~~~~~~~~~~~~
                                  readRangeSingle
/home/ec2-user/arduino-testlib/cli-datadir/user/libraries/MyOwnBricks/examples/color_distance_sensor/distance_sensor.hpp:87:19: error: &#39;VL6180X_ERROR_NONE&#39; was not declared in this scope
     if (status == VL6180X_ERROR_NONE) {
                   ^~~~~~~~~~~~~~~~~~
/home/ec2-user/arduino-testlib/cli-datadir/user/libraries/MyOwnBricks/examples/color_distance_sensor/distance_sensor.hpp:109:20: error: &#39;INTF6&#39; was not declared in this scope
     EIFR &amp;= ~(1 &lt;&lt; INTF6); // clear interrupt flag in case of bounce
                    ^~~~~
/home/ec2-user/arduino-testlib/cli-datadir/user/libraries/MyOwnBricks/examples/color_distance_sensor/distance_sensor.hpp:109:20: note: suggested alternative: &#39;INTF0&#39;
     EIFR &amp;= ~(1 &lt;&lt; INTF6); // clear interrupt flag in case of bounce
                    ^~~~~
                    INTF0
/home/ec2-user/arduino-testlib/cli-datadir/user/libraries/MyOwnBricks/examples/color_distance_sensor/color_distance_sensor.ino: In function &#39;void loop()&#39;:
/home/ec2-user/arduino-testlib/cli-datadir/user/libraries/MyOwnBricks/examples/color_distance_sensor/color_distance_sensor.ino:236:21: error: &#39;LED_BUILTIN_TX&#39; was not declared in this scope
             pinMode(LED_BUILTIN_TX, INPUT);
                     ^~~~~~~~~~~~~~
/home/ec2-user/arduino-testlib/cli-datadir/user/libraries/MyOwnBricks/examples/color_distance_sensor/color_distance_sensor.ino:236:21: note: suggested alternative: &#39;LED_BUILTIN&#39;
             pinMode(LED_BUILTIN_TX, INPUT);
                     ^~~~~~~~~~~~~~
                     LED_BUILTIN
/home/ec2-user/arduino-testlib/cli-datadir/user/libraries/MyOwnBricks/examples/color_distance_sensor/color_distance_sensor.ino:237:21: error: &#39;LED_BUILTIN_RX&#39; was not declared in this scope
             pinMode(LED_BUILTIN_RX, INPUT);
                     ^~~~~~~~~~~~~~
/home/ec2-user/arduino-testlib/cli-datadir/user/libraries/MyOwnBricks/examples/color_distance_sensor/color_distance_sensor.ino:237:21: note: suggested alternative: &#39;LED_BUILTIN&#39;
             pinMode(LED_BUILTIN_RX, INPUT);
                     ^~~~~~~~~~~~~~
                     LED_BUILTIN
/home/ec2-user/arduino-testlib/cli-datadir/user/libraries/MyOwnBricks/examples/color_distance_sensor/color_distance_sensor.ino:243:17: error: &#39;LED_BUILTIN_TX&#39; was not declared in this scope
         pinMode(LED_BUILTIN_TX, OUTPUT);
                 ^~~~~~~~~~~~~~
/home/ec2-user/arduino-testlib/cli-datadir/user/libraries/MyOwnBricks/examples/color_distance_sensor/color_distance_sensor.ino:243:17: note: suggested alternative: &#39;LED_BUILTIN&#39;
         pinMode(LED_BUILTIN_TX, OUTPUT);
                 ^~~~~~~~~~~~~~
                 LED_BUILTIN
/home/ec2-user/arduino-testlib/cli-datadir/user/libraries/MyOwnBricks/examples/color_distance_sensor/color_distance_sensor.ino:244:17: error: &#39;LED_BUILTIN_RX&#39; was not declared in this scope
         pinMode(LED_BUILTIN_RX, OUTPUT);
                 ^~~~~~~~~~~~~~
/home/ec2-user/arduino-testlib/cli-datadir/user/libraries/MyOwnBricks/examples/color_distance_sensor/color_distance_sensor.ino:244:17: note: suggested alternative: &#39;LED_BUILTIN&#39;
         pinMode(LED_BUILTIN_RX, OUTPUT);
                 ^~~~~~~~~~~~~~
                 LED_BUILTIN
Multiple libraries were found for &#34;Adafruit_TCS34725.h&#34;
  Used: /home/ec2-user/arduino-testlib/cli-datadir/user/libraries/Adafruit_TCS34725
  Not used: /home/ec2-user/arduino-testlib/cli-datadir/user/libraries/Leaphy_Extra_Extension
</pre>
					
					<h4>examples/color_sensor</h4>
					<p>
						Result: <b>FAIL</b>
					</p>
					<pre class="pre-scrollable">/home/ec2-user/arduino-testlib/cli-datadir/user/libraries/MyOwnBricks/examples/color_sensor/color_sensor.ino: In function &#39;void loop()&#39;:
/home/ec2-user/arduino-testlib/cli-datadir/user/libraries/MyOwnBricks/examples/color_sensor/color_sensor.ino:229:21: error: &#39;LED_BUILTIN_TX&#39; was not declared in this scope
             pinMode(LED_BUILTIN_TX, INPUT);
                     ^~~~~~~~~~~~~~
/home/ec2-user/arduino-testlib/cli-datadir/user/libraries/MyOwnBricks/examples/color_sensor/color_sensor.ino:229:21: note: suggested alternative: &#39;LED_BUILTIN&#39;
             pinMode(LED_BUILTIN_TX, INPUT);
                     ^~~~~~~~~~~~~~
                     LED_BUILTIN
/home/ec2-user/arduino-testlib/cli-datadir/user/libraries/MyOwnBricks/examples/color_sensor/color_sensor.ino:230:21: error: &#39;LED_BUILTIN_RX&#39; was not declared in this scope
             pinMode(LED_BUILTIN_RX, INPUT);
                     ^~~~~~~~~~~~~~
/home/ec2-user/arduino-testlib/cli-datadir/user/libraries/MyOwnBricks/examples/color_sensor/color_sensor.ino:230:21: note: suggested alternative: &#39;LED_BUILTIN&#39;
             pinMode(LED_BUILTIN_RX, INPUT);
                     ^~~~~~~~~~~~~~
                     LED_BUILTIN
/home/ec2-user/arduino-testlib/cli-datadir/user/libraries/MyOwnBricks/examples/color_sensor/color_sensor.ino:236:17: error: &#39;LED_BUILTIN_TX&#39; was not declared in this scope
         pinMode(LED_BUILTIN_TX, OUTPUT);
                 ^~~~~~~~~~~~~~
/home/ec2-user/arduino-testlib/cli-datadir/user/libraries/MyOwnBricks/examples/color_sensor/color_sensor.ino:236:17: note: suggested alternative: &#39;LED_BUILTIN&#39;
         pinMode(LED_BUILTIN_TX, OUTPUT);
                 ^~~~~~~~~~~~~~
                 LED_BUILTIN
/home/ec2-user/arduino-testlib/cli-datadir/user/libraries/MyOwnBricks/examples/color_sensor/color_sensor.ino:237:17: error: &#39;LED_BUILTIN_RX&#39; was not declared in this scope
         pinMode(LED_BUILTIN_RX, OUTPUT);
                 ^~~~~~~~~~~~~~
/home/ec2-user/arduino-testlib/cli-datadir/user/libraries/MyOwnBricks/examples/color_sensor/color_sensor.ino:237:17: note: suggested alternative: &#39;LED_BUILTIN&#39;
         pinMode(LED_BUILTIN_RX, OUTPUT);
                 ^~~~~~~~~~~~~~
                 LED_BUILTIN
Multiple libraries were found for &#34;Adafruit_TCS34725.h&#34;
  Used: /home/ec2-user/arduino-testlib/cli-datadir/user/libraries/Adafruit_TCS34725
  Not used: /home/ec2-user/arduino-testlib/cli-datadir/user/libraries/Leaphy_Extra_Extension
</pre>
					
					<h4>examples/distance_sensor</h4>
					<p>
						Result: <b>FAIL</b>
					</p>
					<pre class="pre-scrollable">/home/ec2-user/arduino-testlib/cli-datadir/user/libraries/MyOwnBricks/examples/distance_sensor/distance_sensor.ino: In function &#39;void loop()&#39;:
/home/ec2-user/arduino-testlib/cli-datadir/user/libraries/MyOwnBricks/examples/distance_sensor/distance_sensor.ino:154:37: error: &#39;class VL6180X&#39; has no member named &#39;readRangeStatus&#39;; did you mean &#39;readRangeSingle&#39;?
         uint8_t status = distSensor.readRangeStatus();
                                     ^~~~~~~~~~~~~~~
                                     readRangeSingle
/home/ec2-user/arduino-testlib/cli-datadir/user/libraries/MyOwnBricks/examples/distance_sensor/distance_sensor.ino:156:23: error: &#39;VL6180X_ERROR_NONE&#39; was not declared in this scope
         if (status == VL6180X_ERROR_NONE) {
                       ^~~~~~~~~~~~~~~~~~
/home/ec2-user/arduino-testlib/cli-datadir/user/libraries/MyOwnBricks/examples/distance_sensor/distance_sensor.ino:177:24: error: &#39;INTF6&#39; was not declared in this scope
         EIFR &amp;= ~(1 &lt;&lt; INTF6); // clear interrupt flag in case of bounce
                        ^~~~~
/home/ec2-user/arduino-testlib/cli-datadir/user/libraries/MyOwnBricks/examples/distance_sensor/distance_sensor.ino:177:24: note: suggested alternative: &#39;INTF0&#39;
         EIFR &amp;= ~(1 &lt;&lt; INTF6); // clear interrupt flag in case of bounce
                        ^~~~~
                        INTF0
/home/ec2-user/arduino-testlib/cli-datadir/user/libraries/MyOwnBricks/examples/distance_sensor/distance_sensor.ino:189:21: error: &#39;LED_BUILTIN_TX&#39; was not declared in this scope
             pinMode(LED_BUILTIN_TX, INPUT);
                     ^~~~~~~~~~~~~~
/home/ec2-user/arduino-testlib/cli-datadir/user/libraries/MyOwnBricks/examples/distance_sensor/distance_sensor.ino:189:21: note: suggested alternative: &#39;LED_BUILTIN&#39;
             pinMode(LED_BUILTIN_TX, INPUT);
                     ^~~~~~~~~~~~~~
                     LED_BUILTIN
/home/ec2-user/arduino-testlib/cli-datadir/user/libraries/MyOwnBricks/examples/distance_sensor/distance_sensor.ino:190:21: error: &#39;LED_BUILTIN_RX&#39; was not declared in this scope
             pinMode(LED_BUILTIN_RX, INPUT);
                     ^~~~~~~~~~~~~~
/home/ec2-user/arduino-testlib/cli-datadir/user/libraries/MyOwnBricks/examples/distance_sensor/distance_sensor.ino:190:21: note: suggested alternative: &#39;LED_BUILTIN&#39;
             pinMode(LED_BUILTIN_RX, INPUT);
                     ^~~~~~~~~~~~~~
                     LED_BUILTIN
/home/ec2-user/arduino-testlib/cli-datadir/user/libraries/MyOwnBricks/examples/distance_sensor/distance_sensor.ino:196:17: error: &#39;LED_BUILTIN_TX&#39; was not declared in this scope
         pinMode(LED_BUILTIN_TX, OUTPUT);
                 ^~~~~~~~~~~~~~
/home/ec2-user/arduino-testlib/cli-datadir/user/libraries/MyOwnBricks/examples/distance_sensor/distance_sensor.ino:196:17: note: suggested alternative: &#39;LED_BUILTIN&#39;
         pinMode(LED_BUILTIN_TX, OUTPUT);
                 ^~~~~~~~~~~~~~
                 LED_BUILTIN
/home/ec2-user/arduino-testlib/cli-datadir/user/libraries/MyOwnBricks/examples/distance_sensor/distance_sensor.ino:197:17: error: &#39;LED_BUILTIN_RX&#39; was not declared in this scope
         pinMode(LED_BUILTIN_RX, OUTPUT);
                 ^~~~~~~~~~~~~~
/home/ec2-user/arduino-testlib/cli-datadir/user/libraries/MyOwnBricks/examples/distance_sensor/distance_sensor.ino:197:17: note: suggested alternative: &#39;LED_BUILTIN&#39;
         pinMode(LED_BUILTIN_RX, OUTPUT);
                 ^~~~~~~~~~~~~~
                 LED_BUILTIN

</pre>
					
					<h4>examples/test_pro_micro</h4>
					<p>
						Result: <b>FAIL</b>
					</p>
					<pre class="pre-scrollable">/home/ec2-user/arduino-testlib/cli-datadir/user/libraries/MyOwnBricks/examples/test_pro_micro/test_pro_micro.ino: In function &#39;void loop()&#39;:
/home/ec2-user/arduino-testlib/cli-datadir/user/libraries/MyOwnBricks/examples/test_pro_micro/test_pro_micro.ino:94:21: error: &#39;LED_BUILTIN_TX&#39; was not declared in this scope
             pinMode(LED_BUILTIN_TX, INPUT);
                     ^~~~~~~~~~~~~~
/home/ec2-user/arduino-testlib/cli-datadir/user/libraries/MyOwnBricks/examples/test_pro_micro/test_pro_micro.ino:94:21: note: suggested alternative: &#39;LED_BUILTIN&#39;
             pinMode(LED_BUILTIN_TX, INPUT);
                     ^~~~~~~~~~~~~~
                     LED_BUILTIN
/home/ec2-user/arduino-testlib/cli-datadir/user/libraries/MyOwnBricks/examples/test_pro_micro/test_pro_micro.ino:95:21: error: &#39;LED_BUILTIN_RX&#39; was not declared in this scope
             pinMode(LED_BUILTIN_RX, INPUT);
                     ^~~~~~~~~~~~~~
/home/ec2-user/arduino-testlib/cli-datadir/user/libraries/MyOwnBricks/examples/test_pro_micro/test_pro_micro.ino:95:21: note: suggested alternative: &#39;LED_BUILTIN&#39;
             pinMode(LED_BUILTIN_RX, INPUT);
                     ^~~~~~~~~~~~~~
                     LED_BUILTIN
/home/ec2-user/arduino-testlib/cli-datadir/user/libraries/MyOwnBricks/examples/test_pro_micro/test_pro_micro.ino:101:17: error: &#39;LED_BUILTIN_TX&#39; was not declared in this scope
         pinMode(LED_BUILTIN_TX, OUTPUT);
                 ^~~~~~~~~~~~~~
/home/ec2-user/arduino-testlib/cli-datadir/user/libraries/MyOwnBricks/examples/test_pro_micro/test_pro_micro.ino:101:17: note: suggested alternative: &#39;LED_BUILTIN&#39;
         pinMode(LED_BUILTIN_TX, OUTPUT);
                 ^~~~~~~~~~~~~~
                 LED_BUILTIN
/home/ec2-user/arduino-testlib/cli-datadir/user/libraries/MyOwnBricks/examples/test_pro_micro/test_pro_micro.ino:102:17: error: &#39;LED_BUILTIN_RX&#39; was not declared in this scope
         pinMode(LED_BUILTIN_RX, OUTPUT);
                 ^~~~~~~~~~~~~~
/home/ec2-user/arduino-testlib/cli-datadir/user/libraries/MyOwnBricks/examples/test_pro_micro/test_pro_micro.ino:102:17: note: suggested alternative: &#39;LED_BUILTIN&#39;
         pinMode(LED_BUILTIN_RX, OUTPUT);
                 ^~~~~~~~~~~~~~
                 LED_BUILTIN

</pre>
					
					<h4>examples/tilt_sensor</h4>
					<p>
						Result: <b>FAIL</b>
					</p>
					<pre class="pre-scrollable">/home/ec2-user/arduino-testlib/cli-datadir/user/libraries/MyOwnBricks/examples/tilt_sensor/tilt_sensor.ino: In function &#39;void loop()&#39;:
/home/ec2-user/arduino-testlib/cli-datadir/user/libraries/MyOwnBricks/examples/tilt_sensor/tilt_sensor.ino:49:15: error: &#39;class TiltSensor&#39; has no member named &#39;Process&#39;; did you mean &#39;process&#39;?
     myOwnTilt.Process();
               ^~~~~~~
               process
/home/ec2-user/arduino-testlib/cli-datadir/user/libraries/MyOwnBricks/examples/tilt_sensor/tilt_sensor.ino:51:31: error: &#39;bool BaseSensor::isConnected()&#39; is inaccessible within this context
     if (myOwnTilt.isConnected()) {
                               ^
In file included from /home/ec2-user/arduino-testlib/cli-datadir/user/libraries/MyOwnBricks/src/TiltSensor.h:23:0,
                 from /home/ec2-user/arduino-testlib/cli-datadir/user/libraries/MyOwnBricks/examples/tilt_sensor/tilt_sensor.ino:18:
/home/ec2-user/arduino-testlib/cli-datadir/user/libraries/MyOwnBricks/src/BaseSensor.h:45:10: note: declared here
     bool isConnected();
          ^~~~~~~~~~~
/home/ec2-user/arduino-testlib/cli-datadir/user/libraries/MyOwnBricks/examples/tilt_sensor/tilt_sensor.ino:51:31: error: &#39;BaseSensor&#39; is not an accessible base of &#39;TiltSensor&#39;
     if (myOwnTilt.isConnected()) {
                               ^

</pre>
					
				
				<h3 id="arduino:mbed_nano:nanorp2040connect">arduino:mbed_nano:nanorp2040connect @ 2.7.2</h3>
				<h4>Inclusion</h4>
				<p>
					Result: <b>PASS</b>
					
				</p>
				<pre class="pre-scrollable">Sketch uses 78756 bytes (0%) of program storage space. Maximum is 16777216 bytes.
Global variables use 43444 bytes (16%) of dynamic memory, leaving 226892 bytes for local variables. Maximum is 270336 bytes.
</pre>

					
					<h4>examples/IR_emitter</h4>
					<p>
						Result: <b>FAIL</b>
					</p>
					<pre class="pre-scrollable">In file included from /home/ec2-user/arduino-testlib/cli-datadir/user/libraries/IRremote/src/IRremote.hpp:215:0,
                 from /home/ec2-user/arduino-testlib/cli-datadir/user/libraries/MyOwnBricks/examples/IR_emitter/IR_emitter.ino:43:
/home/ec2-user/arduino-testlib/cli-datadir/user/libraries/IRremote/src/IRremoteInt.h:63:2: error: #error F_CPU not defined, please define it for your board in IRremoteInt.h
 #error F_CPU not defined, please define it for your board in IRremoteInt.h
  ^~~~~
In file included from /home/ec2-user/arduino-testlib/cli-datadir/user/libraries/IRremote/src/IRremote.hpp:216:0,
                 from /home/ec2-user/arduino-testlib/cli-datadir/user/libraries/MyOwnBricks/examples/IR_emitter/IR_emitter.ino:43:
/home/ec2-user/arduino-testlib/cli-datadir/user/libraries/IRremote/src/private/IRTimer.hpp:1129:2: error: #error PWM generation by hardware not implemented for MBED
 #error PWM generation by hardware not implemented for MBED
  ^~~~~

</pre>
					
					<h4>examples/color_distance_sensor</h4>
					<p>
						Result: <b>FAIL</b>
					</p>
					<pre class="pre-scrollable">In file included from /home/ec2-user/arduino-testlib/cli-datadir/user/libraries/MyOwnBricks/examples/color_distance_sensor/color_distance_sensor.ino:41:0:
/home/ec2-user/arduino-testlib/cli-datadir/user/libraries/MyOwnBricks/examples/color_distance_sensor/distance_sensor.hpp: In function &#39;void handleDistSensorData()&#39;:
/home/ec2-user/arduino-testlib/cli-datadir/user/libraries/MyOwnBricks/examples/color_distance_sensor/distance_sensor.hpp:85:34: error: &#39;class VL6180X&#39; has no member named &#39;readRangeStatus&#39;; did you mean &#39;readRangeSingle&#39;?
     uint8_t status = dist_sensor.readRangeStatus();
                                  ^~~~~~~~~~~~~~~
                                  readRangeSingle
/home/ec2-user/arduino-testlib/cli-datadir/user/libraries/MyOwnBricks/examples/color_distance_sensor/distance_sensor.hpp:87:19: error: &#39;VL6180X_ERROR_NONE&#39; was not declared in this scope
     if (status == VL6180X_ERROR_NONE) {
                   ^~~~~~~~~~~~~~~~~~
/home/ec2-user/arduino-testlib/cli-datadir/user/libraries/MyOwnBricks/examples/color_distance_sensor/distance_sensor.hpp:87:19: note: suggested alternative: &#39;PICO_ERROR_NONE&#39;
     if (status == VL6180X_ERROR_NONE) {
                   ^~~~~~~~~~~~~~~~~~
                   PICO_ERROR_NONE
/home/ec2-user/arduino-testlib/cli-datadir/user/libraries/MyOwnBricks/examples/color_distance_sensor/distance_sensor.hpp:109:5: error: &#39;EIFR&#39; was not declared in this scope
     EIFR &amp;= ~(1 &lt;&lt; INTF6); // clear interrupt flag in case of bounce
     ^~~~
/home/ec2-user/arduino-testlib/cli-datadir/user/libraries/MyOwnBricks/examples/color_distance_sensor/distance_sensor.hpp:109:5: note: suggested alternative: &#39;DIR&#39;
     EIFR &amp;= ~(1 &lt;&lt; INTF6); // clear interrupt flag in case of bounce
     ^~~~
     DIR
/home/ec2-user/arduino-testlib/cli-datadir/user/libraries/MyOwnBricks/examples/color_distance_sensor/distance_sensor.hpp:109:20: error: &#39;INTF6&#39; was not declared in this scope
     EIFR &amp;= ~(1 &lt;&lt; INTF6); // clear interrupt flag in case of bounce
                    ^~~~~
In file included from /home/ec2-user/arduino-testlib/cli-datadir/user/libraries/MyOwnBricks/examples/color_distance_sensor/color_distance_sensor.ino:42:0:
/home/ec2-user/arduino-testlib/cli-datadir/user/libraries/MyOwnBricks/examples/color_distance_sensor/rgb_sensor.hpp: In function &#39;void handleRGBSensorData()&#39;:
/home/ec2-user/arduino-testlib/cli-datadir/user/libraries/MyOwnBricks/examples/color_distance_sensor/rgb_sensor.hpp:99:5: error: &#39;PCIFR&#39; was not declared in this scope
     PCIFR &amp;= ~(1 &lt;&lt; PCIF0); // clear PC interrupt flag in case of bounce
     ^~~~~
/home/ec2-user/arduino-testlib/cli-datadir/user/libraries/MyOwnBricks/examples/color_distance_sensor/rgb_sensor.hpp:99:21: error: &#39;PCIF0&#39; was not declared in this scope
     PCIFR &amp;= ~(1 &lt;&lt; PCIF0); // clear PC interrupt flag in case of bounce
                     ^~~~~
/home/ec2-user/arduino-testlib/cli-datadir/user/libraries/MyOwnBricks/examples/color_distance_sensor/color_distance_sensor.ino: At global scope:
/home/ec2-user/arduino-testlib/cli-datadir/user/libraries/MyOwnBricks/examples/color_distance_sensor/color_distance_sensor.ino:72:5: error: expected constructor, destructor, or type conversion before &#39;(&#39; token
 ISR(PCINT0_vect) {
     ^
/home/ec2-user/arduino-testlib/cli-datadir/user/libraries/MyOwnBricks/examples/color_distance_sensor/color_distance_sensor.ino:72:4: error: expected constructor, destructor, or type conversion before &#39;(&#39; token
 ISR(PCINT0_vect) {
    ^
/home/ec2-user/arduino-testlib/cli-datadir/user/libraries/MyOwnBricks/examples/color_distance_sensor/color_distance_sensor.ino: In function &#39;void setup()&#39;:
/home/ec2-user/arduino-testlib/cli-datadir/user/libraries/MyOwnBricks/examples/color_distance_sensor/color_distance_sensor.ino:197:5: error: &#39;cli&#39; was not declared in this scope
     cli();                                    // Disable all interrupts: Avoid first and not wanted trigger of the interrupt
     ^~~
/home/ec2-user/arduino-testlib/cli-datadir/user/libraries/MyOwnBricks/examples/color_distance_sensor/color_distance_sensor.ino:198:5: error: &#39;PCICR&#39; was not declared in this scope
     PCICR  |= 0b00000001;                     // enable PORTB pin change interrupt
     ^~~~~
/home/ec2-user/arduino-testlib/cli-datadir/user/libraries/MyOwnBricks/examples/color_distance_sensor/color_distance_sensor.ino:199:5: error: &#39;PCMSK0&#39; was not declared in this scope
     PCMSK0 |= 0b00010000;                     // enable PB4, PCINT4, pin 8
     ^~~~~~
/home/ec2-user/arduino-testlib/cli-datadir/user/libraries/MyOwnBricks/examples/color_distance_sensor/color_distance_sensor.ino:199:5: note: suggested alternative: &#39;PWM_0&#39;
     PCMSK0 |= 0b00010000;                     // enable PB4, PCINT4, pin 8
     ^~~~~~
     PWM_0
/home/ec2-user/arduino-testlib/cli-datadir/user/libraries/MyOwnBricks/examples/color_distance_sensor/color_distance_sensor.ino:200:5: error: &#39;sei&#39; was not declared in this scope
     sei();                                    // Enable all interrupts
     ^~~
/home/ec2-user/arduino-testlib/cli-datadir/user/libraries/MyOwnBricks/examples/color_distance_sensor/color_distance_sensor.ino: In function &#39;void loop()&#39;:
/home/ec2-user/arduino-testlib/cli-datadir/user/libraries/MyOwnBricks/examples/color_distance_sensor/color_distance_sensor.ino:236:21: error: &#39;LED_BUILTIN_TX&#39; was not declared in this scope
             pinMode(LED_BUILTIN_TX, INPUT);
                     ^~~~~~~~~~~~~~
/home/ec2-user/arduino-testlib/cli-datadir/user/libraries/MyOwnBricks/examples/color_distance_sensor/color_distance_sensor.ino:236:21: note: suggested alternative: &#39;LED_BUILTIN&#39;
             pinMode(LED_BUILTIN_TX, INPUT);
                     ^~~~~~~~~~~~~~
                     LED_BUILTIN
/home/ec2-user/arduino-testlib/cli-datadir/user/libraries/MyOwnBricks/examples/color_distance_sensor/color_distance_sensor.ino:237:21: error: &#39;LED_BUILTIN_RX&#39; was not declared in this scope
             pinMode(LED_BUILTIN_RX, INPUT);
                     ^~~~~~~~~~~~~~
/home/ec2-user/arduino-testlib/cli-datadir/user/libraries/MyOwnBricks/examples/color_distance_sensor/color_distance_sensor.ino:237:21: note: suggested alternative: &#39;LED_BUILTIN&#39;
             pinMode(LED_BUILTIN_RX, INPUT);
                     ^~~~~~~~~~~~~~
                     LED_BUILTIN
/home/ec2-user/arduino-testlib/cli-datadir/user/libraries/MyOwnBricks/examples/color_distance_sensor/color_distance_sensor.ino:243:17: error: &#39;LED_BUILTIN_TX&#39; was not declared in this scope
         pinMode(LED_BUILTIN_TX, OUTPUT);
                 ^~~~~~~~~~~~~~
/home/ec2-user/arduino-testlib/cli-datadir/user/libraries/MyOwnBricks/examples/color_distance_sensor/color_distance_sensor.ino:243:17: note: suggested alternative: &#39;LED_BUILTIN&#39;
         pinMode(LED_BUILTIN_TX, OUTPUT);
                 ^~~~~~~~~~~~~~
                 LED_BUILTIN
/home/ec2-user/arduino-testlib/cli-datadir/user/libraries/MyOwnBricks/examples/color_distance_sensor/color_distance_sensor.ino:244:17: error: &#39;LED_BUILTIN_RX&#39; was not declared in this scope
         pinMode(LED_BUILTIN_RX, OUTPUT);
                 ^~~~~~~~~~~~~~
/home/ec2-user/arduino-testlib/cli-datadir/user/libraries/MyOwnBricks/examples/color_distance_sensor/color_distance_sensor.ino:244:17: note: suggested alternative: &#39;LED_BUILTIN&#39;
         pinMode(LED_BUILTIN_RX, OUTPUT);
                 ^~~~~~~~~~~~~~
                 LED_BUILTIN
Multiple libraries were found for &#34;Adafruit_TCS34725.h&#34;
  Used: /home/ec2-user/arduino-testlib/cli-datadir/user/libraries/Adafruit_TCS34725
  Not used: /home/ec2-user/arduino-testlib/cli-datadir/user/libraries/Leaphy_Extra_Extension
</pre>
					
					<h4>examples/color_sensor</h4>
					<p>
						Result: <b>FAIL</b>
					</p>
					<pre class="pre-scrollable">/home/ec2-user/arduino-testlib/cli-datadir/user/libraries/MyOwnBricks/examples/color_sensor/color_sensor.ino:63:5: error: expected constructor, destructor, or type conversion before &#39;(&#39; token
 ISR(PCINT0_vect) {
     ^
/home/ec2-user/arduino-testlib/cli-datadir/user/libraries/MyOwnBricks/examples/color_sensor/color_sensor.ino:63:4: error: expected constructor, destructor, or type conversion before &#39;(&#39; token
 ISR(PCINT0_vect) {
    ^
/home/ec2-user/arduino-testlib/cli-datadir/user/libraries/MyOwnBricks/examples/color_sensor/color_sensor.ino: In function &#39;void setup()&#39;:
/home/ec2-user/arduino-testlib/cli-datadir/user/libraries/MyOwnBricks/examples/color_sensor/color_sensor.ino:135:5: error: &#39;cli&#39; was not declared in this scope
     cli();                                    // Disable all interrupts: Avoid first and not wanted trigger of the interrupt
     ^~~
/home/ec2-user/arduino-testlib/cli-datadir/user/libraries/MyOwnBricks/examples/color_sensor/color_sensor.ino:136:5: error: &#39;PCICR&#39; was not declared in this scope
     PCICR  |= 0b00000001;                     // enable PORTB pin change interrupt
     ^~~~~
/home/ec2-user/arduino-testlib/cli-datadir/user/libraries/MyOwnBricks/examples/color_sensor/color_sensor.ino:137:5: error: &#39;PCMSK0&#39; was not declared in this scope
     PCMSK0 |= 0b00010000;                     // enable PB4, PCINT4, pin 8
     ^~~~~~
/home/ec2-user/arduino-testlib/cli-datadir/user/libraries/MyOwnBricks/examples/color_sensor/color_sensor.ino:137:5: note: suggested alternative: &#39;PWM_0&#39;
     PCMSK0 |= 0b00010000;                     // enable PB4, PCINT4, pin 8
     ^~~~~~
     PWM_0
/home/ec2-user/arduino-testlib/cli-datadir/user/libraries/MyOwnBricks/examples/color_sensor/color_sensor.ino:138:5: error: &#39;sei&#39; was not declared in this scope
     sei();                                    // Enable all interrupts
     ^~~
/home/ec2-user/arduino-testlib/cli-datadir/user/libraries/MyOwnBricks/examples/color_sensor/color_sensor.ino: In function &#39;void loop()&#39;:
/home/ec2-user/arduino-testlib/cli-datadir/user/libraries/MyOwnBricks/examples/color_sensor/color_sensor.ino:219:9: error: &#39;PCIFR&#39; was not declared in this scope
         PCIFR      &amp;= ~(1 &lt;&lt; PCIF0); // clear PC interrupt flag in case of bounce
         ^~~~~
/home/ec2-user/arduino-testlib/cli-datadir/user/libraries/MyOwnBricks/examples/color_sensor/color_sensor.ino:219:30: error: &#39;PCIF0&#39; was not declared in this scope
         PCIFR      &amp;= ~(1 &lt;&lt; PCIF0); // clear PC interrupt flag in case of bounce
                              ^~~~~
/home/ec2-user/arduino-testlib/cli-datadir/user/libraries/MyOwnBricks/examples/color_sensor/color_sensor.ino:229:21: error: &#39;LED_BUILTIN_TX&#39; was not declared in this scope
             pinMode(LED_BUILTIN_TX, INPUT);
                     ^~~~~~~~~~~~~~
/home/ec2-user/arduino-testlib/cli-datadir/user/libraries/MyOwnBricks/examples/color_sensor/color_sensor.ino:229:21: note: suggested alternative: &#39;LED_BUILTIN&#39;
             pinMode(LED_BUILTIN_TX, INPUT);
                     ^~~~~~~~~~~~~~
                     LED_BUILTIN
/home/ec2-user/arduino-testlib/cli-datadir/user/libraries/MyOwnBricks/examples/color_sensor/color_sensor.ino:230:21: error: &#39;LED_BUILTIN_RX&#39; was not declared in this scope
             pinMode(LED_BUILTIN_RX, INPUT);
                     ^~~~~~~~~~~~~~
/home/ec2-user/arduino-testlib/cli-datadir/user/libraries/MyOwnBricks/examples/color_sensor/color_sensor.ino:230:21: note: suggested alternative: &#39;LED_BUILTIN&#39;
             pinMode(LED_BUILTIN_RX, INPUT);
                     ^~~~~~~~~~~~~~
                     LED_BUILTIN
/home/ec2-user/arduino-testlib/cli-datadir/user/libraries/MyOwnBricks/examples/color_sensor/color_sensor.ino:236:17: error: &#39;LED_BUILTIN_TX&#39; was not declared in this scope
         pinMode(LED_BUILTIN_TX, OUTPUT);
                 ^~~~~~~~~~~~~~
/home/ec2-user/arduino-testlib/cli-datadir/user/libraries/MyOwnBricks/examples/color_sensor/color_sensor.ino:236:17: note: suggested alternative: &#39;LED_BUILTIN&#39;
         pinMode(LED_BUILTIN_TX, OUTPUT);
                 ^~~~~~~~~~~~~~
                 LED_BUILTIN
/home/ec2-user/arduino-testlib/cli-datadir/user/libraries/MyOwnBricks/examples/color_sensor/color_sensor.ino:237:17: error: &#39;LED_BUILTIN_RX&#39; was not declared in this scope
         pinMode(LED_BUILTIN_RX, OUTPUT);
                 ^~~~~~~~~~~~~~
/home/ec2-user/arduino-testlib/cli-datadir/user/libraries/MyOwnBricks/examples/color_sensor/color_sensor.ino:237:17: note: suggested alternative: &#39;LED_BUILTIN&#39;
         pinMode(LED_BUILTIN_RX, OUTPUT);
                 ^~~~~~~~~~~~~~
                 LED_BUILTIN
Multiple libraries were found for &#34;Adafruit_TCS34725.h&#34;
  Used: /home/ec2-user/arduino-testlib/cli-datadir/user/libraries/Adafruit_TCS34725
  Not used: /home/ec2-user/arduino-testlib/cli-datadir/user/libraries/Leaphy_Extra_Extension
</pre>
					
					<h4>examples/distance_sensor</h4>
					<p>
						Result: <b>FAIL</b>
					</p>
					<pre class="pre-scrollable">/home/ec2-user/arduino-testlib/cli-datadir/user/libraries/MyOwnBricks/examples/distance_sensor/distance_sensor.ino: In function &#39;void setup()&#39;:
/home/ec2-user/arduino-testlib/cli-datadir/user/libraries/MyOwnBricks/examples/distance_sensor/distance_sensor.ino:140:5: error: &#39;cli&#39; was not declared in this scope
     cli(); // Disable all interrupts: Avoid first and not wanted trigger of the interrupt
     ^~~
/home/ec2-user/arduino-testlib/cli-datadir/user/libraries/MyOwnBricks/examples/distance_sensor/distance_sensor.ino:142:5: error: &#39;sei&#39; was not declared in this scope
     sei(); // Enable all interrupts
     ^~~
/home/ec2-user/arduino-testlib/cli-datadir/user/libraries/MyOwnBricks/examples/distance_sensor/distance_sensor.ino: In function &#39;void loop()&#39;:
/home/ec2-user/arduino-testlib/cli-datadir/user/libraries/MyOwnBricks/examples/distance_sensor/distance_sensor.ino:154:37: error: &#39;class VL6180X&#39; has no member named &#39;readRangeStatus&#39;; did you mean &#39;readRangeSingle&#39;?
         uint8_t status = distSensor.readRangeStatus();
                                     ^~~~~~~~~~~~~~~
                                     readRangeSingle
/home/ec2-user/arduino-testlib/cli-datadir/user/libraries/MyOwnBricks/examples/distance_sensor/distance_sensor.ino:156:23: error: &#39;VL6180X_ERROR_NONE&#39; was not declared in this scope
         if (status == VL6180X_ERROR_NONE) {
                       ^~~~~~~~~~~~~~~~~~
/home/ec2-user/arduino-testlib/cli-datadir/user/libraries/MyOwnBricks/examples/distance_sensor/distance_sensor.ino:156:23: note: suggested alternative: &#39;PICO_ERROR_NONE&#39;
         if (status == VL6180X_ERROR_NONE) {
                       ^~~~~~~~~~~~~~~~~~
                       PICO_ERROR_NONE
/home/ec2-user/arduino-testlib/cli-datadir/user/libraries/MyOwnBricks/examples/distance_sensor/distance_sensor.ino:177:9: error: &#39;EIFR&#39; was not declared in this scope
         EIFR &amp;= ~(1 &lt;&lt; INTF6); // clear interrupt flag in case of bounce
         ^~~~
/home/ec2-user/arduino-testlib/cli-datadir/user/libraries/MyOwnBricks/examples/distance_sensor/distance_sensor.ino:177:9: note: suggested alternative: &#39;DIR&#39;
         EIFR &amp;= ~(1 &lt;&lt; INTF6); // clear interrupt flag in case of bounce
         ^~~~
         DIR
/home/ec2-user/arduino-testlib/cli-datadir/user/libraries/MyOwnBricks/examples/distance_sensor/distance_sensor.ino:177:24: error: &#39;INTF6&#39; was not declared in this scope
         EIFR &amp;= ~(1 &lt;&lt; INTF6); // clear interrupt flag in case of bounce
                        ^~~~~
/home/ec2-user/arduino-testlib/cli-datadir/user/libraries/MyOwnBricks/examples/distance_sensor/distance_sensor.ino:189:21: error: &#39;LED_BUILTIN_TX&#39; was not declared in this scope
             pinMode(LED_BUILTIN_TX, INPUT);
                     ^~~~~~~~~~~~~~
/home/ec2-user/arduino-testlib/cli-datadir/user/libraries/MyOwnBricks/examples/distance_sensor/distance_sensor.ino:189:21: note: suggested alternative: &#39;LED_BUILTIN&#39;
             pinMode(LED_BUILTIN_TX, INPUT);
                     ^~~~~~~~~~~~~~
                     LED_BUILTIN
/home/ec2-user/arduino-testlib/cli-datadir/user/libraries/MyOwnBricks/examples/distance_sensor/distance_sensor.ino:190:21: error: &#39;LED_BUILTIN_RX&#39; was not declared in this scope
             pinMode(LED_BUILTIN_RX, INPUT);
                     ^~~~~~~~~~~~~~
/home/ec2-user/arduino-testlib/cli-datadir/user/libraries/MyOwnBricks/examples/distance_sensor/distance_sensor.ino:190:21: note: suggested alternative: &#39;LED_BUILTIN&#39;
             pinMode(LED_BUILTIN_RX, INPUT);
                     ^~~~~~~~~~~~~~
                     LED_BUILTIN
/home/ec2-user/arduino-testlib/cli-datadir/user/libraries/MyOwnBricks/examples/distance_sensor/distance_sensor.ino:196:17: error: &#39;LED_BUILTIN_TX&#39; was not declared in this scope
         pinMode(LED_BUILTIN_TX, OUTPUT);
                 ^~~~~~~~~~~~~~
/home/ec2-user/arduino-testlib/cli-datadir/user/libraries/MyOwnBricks/examples/distance_sensor/distance_sensor.ino:196:17: note: suggested alternative: &#39;LED_BUILTIN&#39;
         pinMode(LED_BUILTIN_TX, OUTPUT);
                 ^~~~~~~~~~~~~~
                 LED_BUILTIN
/home/ec2-user/arduino-testlib/cli-datadir/user/libraries/MyOwnBricks/examples/distance_sensor/distance_sensor.ino:197:17: error: &#39;LED_BUILTIN_RX&#39; was not declared in this scope
         pinMode(LED_BUILTIN_RX, OUTPUT);
                 ^~~~~~~~~~~~~~
/home/ec2-user/arduino-testlib/cli-datadir/user/libraries/MyOwnBricks/examples/distance_sensor/distance_sensor.ino:197:17: note: suggested alternative: &#39;LED_BUILTIN&#39;
         pinMode(LED_BUILTIN_RX, OUTPUT);
                 ^~~~~~~~~~~~~~
                 LED_BUILTIN

</pre>
					
					<h4>examples/test_pro_micro</h4>
					<p>
						Result: <b>FAIL</b>
					</p>
					<pre class="pre-scrollable">/home/ec2-user/arduino-testlib/cli-datadir/user/libraries/MyOwnBricks/examples/test_pro_micro/test_pro_micro.ino: In function &#39;void loop()&#39;:
/home/ec2-user/arduino-testlib/cli-datadir/user/libraries/MyOwnBricks/examples/test_pro_micro/test_pro_micro.ino:94:21: error: &#39;LED_BUILTIN_TX&#39; was not declared in this scope
             pinMode(LED_BUILTIN_TX, INPUT);
                     ^~~~~~~~~~~~~~
/home/ec2-user/arduino-testlib/cli-datadir/user/libraries/MyOwnBricks/examples/test_pro_micro/test_pro_micro.ino:94:21: note: suggested alternative: &#39;LED_BUILTIN&#39;
             pinMode(LED_BUILTIN_TX, INPUT);
                     ^~~~~~~~~~~~~~
                     LED_BUILTIN
/home/ec2-user/arduino-testlib/cli-datadir/user/libraries/MyOwnBricks/examples/test_pro_micro/test_pro_micro.ino:95:21: error: &#39;LED_BUILTIN_RX&#39; was not declared in this scope
             pinMode(LED_BUILTIN_RX, INPUT);
                     ^~~~~~~~~~~~~~
/home/ec2-user/arduino-testlib/cli-datadir/user/libraries/MyOwnBricks/examples/test_pro_micro/test_pro_micro.ino:95:21: note: suggested alternative: &#39;LED_BUILTIN&#39;
             pinMode(LED_BUILTIN_RX, INPUT);
                     ^~~~~~~~~~~~~~
                     LED_BUILTIN
/home/ec2-user/arduino-testlib/cli-datadir/user/libraries/MyOwnBricks/examples/test_pro_micro/test_pro_micro.ino:101:17: error: &#39;LED_BUILTIN_TX&#39; was not declared in this scope
         pinMode(LED_BUILTIN_TX, OUTPUT);
                 ^~~~~~~~~~~~~~
/home/ec2-user/arduino-testlib/cli-datadir/user/libraries/MyOwnBricks/examples/test_pro_micro/test_pro_micro.ino:101:17: note: suggested alternative: &#39;LED_BUILTIN&#39;
         pinMode(LED_BUILTIN_TX, OUTPUT);
                 ^~~~~~~~~~~~~~
                 LED_BUILTIN
/home/ec2-user/arduino-testlib/cli-datadir/user/libraries/MyOwnBricks/examples/test_pro_micro/test_pro_micro.ino:102:17: error: &#39;LED_BUILTIN_RX&#39; was not declared in this scope
         pinMode(LED_BUILTIN_RX, OUTPUT);
                 ^~~~~~~~~~~~~~
/home/ec2-user/arduino-testlib/cli-datadir/user/libraries/MyOwnBricks/examples/test_pro_micro/test_pro_micro.ino:102:17: note: suggested alternative: &#39;LED_BUILTIN&#39;
         pinMode(LED_BUILTIN_RX, OUTPUT);
                 ^~~~~~~~~~~~~~
                 LED_BUILTIN

</pre>
					
					<h4>examples/tilt_sensor</h4>
					<p>
						Result: <b>FAIL</b>
					</p>
					<pre class="pre-scrollable">/home/ec2-user/arduino-testlib/cli-datadir/user/libraries/MyOwnBricks/examples/tilt_sensor/tilt_sensor.ino: In function &#39;void loop()&#39;:
/home/ec2-user/arduino-testlib/cli-datadir/user/libraries/MyOwnBricks/examples/tilt_sensor/tilt_sensor.ino:49:15: error: &#39;class TiltSensor&#39; has no member named &#39;Process&#39;; did you mean &#39;process&#39;?
     myOwnTilt.Process();
               ^~~~~~~
               process
/home/ec2-user/arduino-testlib/cli-datadir/user/libraries/MyOwnBricks/examples/tilt_sensor/tilt_sensor.ino:51:31: error: &#39;bool BaseSensor::isConnected()&#39; is inaccessible within this context
     if (myOwnTilt.isConnected()) {
                               ^
In file included from /home/ec2-user/arduino-testlib/cli-datadir/user/libraries/MyOwnBricks/src/TiltSensor.h:23:0,
                 from /home/ec2-user/arduino-testlib/cli-datadir/user/libraries/MyOwnBricks/examples/tilt_sensor/tilt_sensor.ino:18:
/home/ec2-user/arduino-testlib/cli-datadir/user/libraries/MyOwnBricks/src/BaseSensor.h:45:10: note: declared here
     bool isConnected();
          ^~~~~~~~~~~
/home/ec2-user/arduino-testlib/cli-datadir/user/libraries/MyOwnBricks/examples/tilt_sensor/tilt_sensor.ino:51:31: error: &#39;BaseSensor&#39; is not an accessible base of &#39;TiltSensor&#39;
     if (myOwnTilt.isConnected()) {
                               ^

</pre>
					
				
				<h3 id="arduino:megaavr:nona4809">arduino:megaavr:nona4809 @ 1.8.7</h3>
				<h4>Inclusion</h4>
				<p>
					Result: <b>PASS</b>
					
				</p>
				<pre class="pre-scrollable">Sketch uses 2614 bytes (5%) of program storage space. Maximum is 49152 bytes.
Global variables use 177 bytes (2%) of dynamic memory, leaving 5967 bytes for local variables. Maximum is 6144 bytes.
</pre>

					
					<h4>examples/IR_emitter</h4>
					<p>
						Result: <b>FAIL</b>
					</p>
					<pre class="pre-scrollable">/tmp/ccLTERJo.ltrans0.ltrans.o: In function `IRCallback(unsigned int)&#39;:
/home/ec2-user/arduino-testlib/cli-datadir/user/libraries/MyOwnBricks/examples/IR_emitter/IR_emitter.ino:62: undefined reference to `IRsend::sendLegoPowerFunctions(unsigned int, bool)&#39;
collect2: error: ld returned 1 exit status

</pre>
					
					<h4>examples/color_distance_sensor</h4>
					<p>
						Result: <b>FAIL</b>
					</p>
					<pre class="pre-scrollable">In file included from /home/ec2-user/arduino-testlib/cli-datadir/user/libraries/MyOwnBricks/examples/color_distance_sensor/color_distance_sensor.ino:41:0:
/home/ec2-user/arduino-testlib/cli-datadir/user/libraries/MyOwnBricks/examples/color_distance_sensor/distance_sensor.hpp: In function &#39;void handleDistSensorData()&#39;:
/home/ec2-user/arduino-testlib/cli-datadir/user/libraries/MyOwnBricks/examples/color_distance_sensor/distance_sensor.hpp:85:34: error: &#39;class VL6180X&#39; has no member named &#39;readRangeStatus&#39;; did you mean &#39;readRangeSingle&#39;?
     uint8_t status = dist_sensor.readRangeStatus();
                                  ^~~~~~~~~~~~~~~
                                  readRangeSingle
/home/ec2-user/arduino-testlib/cli-datadir/user/libraries/MyOwnBricks/examples/color_distance_sensor/distance_sensor.hpp:87:19: error: &#39;VL6180X_ERROR_NONE&#39; was not declared in this scope
     if (status == VL6180X_ERROR_NONE) {
                   ^~~~~~~~~~~~~~~~~~
/home/ec2-user/arduino-testlib/cli-datadir/user/libraries/MyOwnBricks/examples/color_distance_sensor/distance_sensor.hpp:109:5: error: &#39;EIFR&#39; was not declared in this scope
     EIFR &amp;= ~(1 &lt;&lt; INTF6); // clear interrupt flag in case of bounce
     ^~~~
/home/ec2-user/arduino-testlib/cli-datadir/user/libraries/MyOwnBricks/examples/color_distance_sensor/distance_sensor.hpp:109:5: note: suggested alternative: &#39;EOF&#39;
     EIFR &amp;= ~(1 &lt;&lt; INTF6); // clear interrupt flag in case of bounce
     ^~~~
     EOF
/home/ec2-user/arduino-testlib/cli-datadir/user/libraries/MyOwnBricks/examples/color_distance_sensor/distance_sensor.hpp:109:20: error: &#39;INTF6&#39; was not declared in this scope
     EIFR &amp;= ~(1 &lt;&lt; INTF6); // clear interrupt flag in case of bounce
                    ^~~~~
In file included from /home/ec2-user/arduino-testlib/cli-datadir/user/libraries/MyOwnBricks/examples/color_distance_sensor/color_distance_sensor.ino:42:0:
/home/ec2-user/arduino-testlib/cli-datadir/user/libraries/MyOwnBricks/examples/color_distance_sensor/rgb_sensor.hpp: In function &#39;void handleRGBSensorData()&#39;:
/home/ec2-user/arduino-testlib/cli-datadir/user/libraries/MyOwnBricks/examples/color_distance_sensor/rgb_sensor.hpp:99:5: error: &#39;PCIFR&#39; was not declared in this scope
     PCIFR &amp;= ~(1 &lt;&lt; PCIF0); // clear PC interrupt flag in case of bounce
     ^~~~~
/home/ec2-user/arduino-testlib/cli-datadir/user/libraries/MyOwnBricks/examples/color_distance_sensor/rgb_sensor.hpp:99:21: error: &#39;PCIF0&#39; was not declared in this scope
     PCIFR &amp;= ~(1 &lt;&lt; PCIF0); // clear PC interrupt flag in case of bounce
                     ^~~~~
/home/ec2-user/arduino-testlib/cli-datadir/user/libraries/MyOwnBricks/examples/color_distance_sensor/rgb_sensor.hpp:99:21: note: suggested alternative: &#39;PIN0&#39;
     PCIFR &amp;= ~(1 &lt;&lt; PCIF0); // clear PC interrupt flag in case of bounce
                     ^~~~~
                     PIN0
/home/ec2-user/arduino-testlib/cli-datadir/user/libraries/MyOwnBricks/examples/color_distance_sensor/color_distance_sensor.ino: In function &#39;void PCINT0_vect()&#39;:
/home/ec2-user/arduino-testlib/cli-datadir/user/libraries/MyOwnBricks/examples/color_distance_sensor/color_distance_sensor.ino:50:24: error: &#39;PINB&#39; was not declared in this scope
 #define tstPin(b)    ((PINB &amp; (1 &lt;&lt; (b))) != 0)
                        ^
/home/ec2-user/arduino-testlib/cli-datadir/user/libraries/MyOwnBricks/examples/color_distance_sensor/color_distance_sensor.ino:74:10: note: in expansion of macro &#39;tstPin&#39;
     if (!tstPin(RGB_SENSOR_INTERRUPT_PORT))
          ^~~~~~
/home/ec2-user/arduino-testlib/cli-datadir/user/libraries/MyOwnBricks/examples/color_distance_sensor/color_distance_sensor.ino:50:24: note: suggested alternative: &#39;PIN0&#39;
 #define tstPin(b)    ((PINB &amp; (1 &lt;&lt; (b))) != 0)
                        ^
/home/ec2-user/arduino-testlib/cli-datadir/user/libraries/MyOwnBricks/examples/color_distance_sensor/color_distance_sensor.ino:74:10: note: in expansion of macro &#39;tstPin&#39;
     if (!tstPin(RGB_SENSOR_INTERRUPT_PORT))
          ^~~~~~
/home/ec2-user/arduino-testlib/cli-datadir/user/libraries/MyOwnBricks/examples/color_distance_sensor/color_distance_sensor.ino:47:38: error: &#39;PB4&#39; was not declared in this scope
 #define RGB_SENSOR_INTERRUPT_PORT    PB4
                                      ^
/home/ec2-user/arduino-testlib/cli-datadir/user/libraries/MyOwnBricks/examples/color_distance_sensor/color_distance_sensor.ino:50:38: note: in definition of macro &#39;tstPin&#39;
 #define tstPin(b)    ((PINB &amp; (1 &lt;&lt; (b))) != 0)
                                      ^
/home/ec2-user/arduino-testlib/cli-datadir/user/libraries/MyOwnBricks/examples/color_distance_sensor/color_distance_sensor.ino:74:17: note: in expansion of macro &#39;RGB_SENSOR_INTERRUPT_PORT&#39;
     if (!tstPin(RGB_SENSOR_INTERRUPT_PORT))
                 ^~~~~~~~~~~~~~~~~~~~~~~~~
/home/ec2-user/arduino-testlib/cli-datadir/user/libraries/MyOwnBricks/examples/color_distance_sensor/color_distance_sensor.ino:47:38: note: suggested alternative: &#39;PB&#39;
 #define RGB_SENSOR_INTERRUPT_PORT    PB4
                                      ^
/home/ec2-user/arduino-testlib/cli-datadir/user/libraries/MyOwnBricks/examples/color_distance_sensor/color_distance_sensor.ino:50:38: note: in definition of macro &#39;tstPin&#39;
 #define tstPin(b)    ((PINB &amp; (1 &lt;&lt; (b))) != 0)
                                      ^
/home/ec2-user/arduino-testlib/cli-datadir/user/libraries/MyOwnBricks/examples/color_distance_sensor/color_distance_sensor.ino:74:17: note: in expansion of macro &#39;RGB_SENSOR_INTERRUPT_PORT&#39;
     if (!tstPin(RGB_SENSOR_INTERRUPT_PORT))
                 ^~~~~~~~~~~~~~~~~~~~~~~~~
/home/ec2-user/arduino-testlib/cli-datadir/user/libraries/MyOwnBricks/examples/color_distance_sensor/color_distance_sensor.ino: In function &#39;void setup()&#39;:
/home/ec2-user/arduino-testlib/cli-datadir/user/libraries/MyOwnBricks/examples/color_distance_sensor/color_distance_sensor.ino:198:5: error: &#39;PCICR&#39; was not declared in this scope
     PCICR  |= 0b00000001;                     // enable PORTB pin change interrupt
     ^~~~~
/home/ec2-user/arduino-testlib/cli-datadir/user/libraries/MyOwnBricks/examples/color_distance_sensor/color_distance_sensor.ino:199:5: error: &#39;PCMSK0&#39; was not declared in this scope
     PCMSK0 |= 0b00010000;                     // enable PB4, PCINT4, pin 8
     ^~~~~~
/home/ec2-user/arduino-testlib/cli-datadir/user/libraries/MyOwnBricks/examples/color_distance_sensor/color_distance_sensor.ino: In function &#39;void loop()&#39;:
/home/ec2-user/arduino-testlib/cli-datadir/user/libraries/MyOwnBricks/examples/color_distance_sensor/color_distance_sensor.ino:236:21: error: &#39;LED_BUILTIN_TX&#39; was not declared in this scope
             pinMode(LED_BUILTIN_TX, INPUT);
                     ^~~~~~~~~~~~~~
/home/ec2-user/arduino-testlib/cli-datadir/user/libraries/MyOwnBricks/examples/color_distance_sensor/color_distance_sensor.ino:236:21: note: suggested alternative: &#39;LED_BUILTIN&#39;
             pinMode(LED_BUILTIN_TX, INPUT);
                     ^~~~~~~~~~~~~~
                     LED_BUILTIN
/home/ec2-user/arduino-testlib/cli-datadir/user/libraries/MyOwnBricks/examples/color_distance_sensor/color_distance_sensor.ino:237:21: error: &#39;LED_BUILTIN_RX&#39; was not declared in this scope
             pinMode(LED_BUILTIN_RX, INPUT);
                     ^~~~~~~~~~~~~~
/home/ec2-user/arduino-testlib/cli-datadir/user/libraries/MyOwnBricks/examples/color_distance_sensor/color_distance_sensor.ino:237:21: note: suggested alternative: &#39;LED_BUILTIN&#39;
             pinMode(LED_BUILTIN_RX, INPUT);
                     ^~~~~~~~~~~~~~
                     LED_BUILTIN
/home/ec2-user/arduino-testlib/cli-datadir/user/libraries/MyOwnBricks/examples/color_distance_sensor/color_distance_sensor.ino:243:17: error: &#39;LED_BUILTIN_TX&#39; was not declared in this scope
         pinMode(LED_BUILTIN_TX, OUTPUT);
                 ^~~~~~~~~~~~~~
/home/ec2-user/arduino-testlib/cli-datadir/user/libraries/MyOwnBricks/examples/color_distance_sensor/color_distance_sensor.ino:243:17: note: suggested alternative: &#39;LED_BUILTIN&#39;
         pinMode(LED_BUILTIN_TX, OUTPUT);
                 ^~~~~~~~~~~~~~
                 LED_BUILTIN
/home/ec2-user/arduino-testlib/cli-datadir/user/libraries/MyOwnBricks/examples/color_distance_sensor/color_distance_sensor.ino:244:17: error: &#39;LED_BUILTIN_RX&#39; was not declared in this scope
         pinMode(LED_BUILTIN_RX, OUTPUT);
                 ^~~~~~~~~~~~~~
/home/ec2-user/arduino-testlib/cli-datadir/user/libraries/MyOwnBricks/examples/color_distance_sensor/color_distance_sensor.ino:244:17: note: suggested alternative: &#39;LED_BUILTIN&#39;
         pinMode(LED_BUILTIN_RX, OUTPUT);
                 ^~~~~~~~~~~~~~
                 LED_BUILTIN
Multiple libraries were found for &#34;Adafruit_TCS34725.h&#34;
  Used: /home/ec2-user/arduino-testlib/cli-datadir/user/libraries/Adafruit_TCS34725
  Not used: /home/ec2-user/arduino-testlib/cli-datadir/user/libraries/Leaphy_Extra_Extension
</pre>
					
					<h4>examples/color_sensor</h4>
					<p>
						Result: <b>FAIL</b>
					</p>
					<pre class="pre-scrollable">/home/ec2-user/arduino-testlib/cli-datadir/user/libraries/MyOwnBricks/examples/color_sensor/color_sensor.ino: In function &#39;void PCINT0_vect()&#39;:
/home/ec2-user/arduino-testlib/cli-datadir/user/libraries/MyOwnBricks/examples/color_sensor/color_sensor.ino:43:49: error: &#39;PINB&#39; was not declared in this scope
 #define tstPin(b)                             ((PINB &amp; (1 &lt;&lt; (b))) != 0)
                                                 ^
/home/ec2-user/arduino-testlib/cli-datadir/user/libraries/MyOwnBricks/examples/color_sensor/color_sensor.ino:65:10: note: in expansion of macro &#39;tstPin&#39;
     if (!tstPin(RGB_SENSOR_INTERRUPT_PORT))
          ^~~~~~
/home/ec2-user/arduino-testlib/cli-datadir/user/libraries/MyOwnBricks/examples/color_sensor/color_sensor.ino:43:49: note: suggested alternative: &#39;PIN0&#39;
 #define tstPin(b)                             ((PINB &amp; (1 &lt;&lt; (b))) != 0)
                                                 ^
/home/ec2-user/arduino-testlib/cli-datadir/user/libraries/MyOwnBricks/examples/color_sensor/color_sensor.ino:65:10: note: in expansion of macro &#39;tstPin&#39;
     if (!tstPin(RGB_SENSOR_INTERRUPT_PORT))
          ^~~~~~
/home/ec2-user/arduino-testlib/cli-datadir/user/libraries/MyOwnBricks/examples/color_sensor/color_sensor.ino:40:38: error: &#39;PB4&#39; was not declared in this scope
 #define RGB_SENSOR_INTERRUPT_PORT    PB4
                                      ^
/home/ec2-user/arduino-testlib/cli-datadir/user/libraries/MyOwnBricks/examples/color_sensor/color_sensor.ino:43:63: note: in definition of macro &#39;tstPin&#39;
 #define tstPin(b)                             ((PINB &amp; (1 &lt;&lt; (b))) != 0)
                                                               ^
/home/ec2-user/arduino-testlib/cli-datadir/user/libraries/MyOwnBricks/examples/color_sensor/color_sensor.ino:65:17: note: in expansion of macro &#39;RGB_SENSOR_INTERRUPT_PORT&#39;
     if (!tstPin(RGB_SENSOR_INTERRUPT_PORT))
                 ^~~~~~~~~~~~~~~~~~~~~~~~~
/home/ec2-user/arduino-testlib/cli-datadir/user/libraries/MyOwnBricks/examples/color_sensor/color_sensor.ino:40:38: note: suggested alternative: &#39;PB&#39;
 #define RGB_SENSOR_INTERRUPT_PORT    PB4
                                      ^
/home/ec2-user/arduino-testlib/cli-datadir/user/libraries/MyOwnBricks/examples/color_sensor/color_sensor.ino:43:63: note: in definition of macro &#39;tstPin&#39;
 #define tstPin(b)                             ((PINB &amp; (1 &lt;&lt; (b))) != 0)
                                                               ^
/home/ec2-user/arduino-testlib/cli-datadir/user/libraries/MyOwnBricks/examples/color_sensor/color_sensor.ino:65:17: note: in expansion of macro &#39;RGB_SENSOR_INTERRUPT_PORT&#39;
     if (!tstPin(RGB_SENSOR_INTERRUPT_PORT))
                 ^~~~~~~~~~~~~~~~~~~~~~~~~
/home/ec2-user/arduino-testlib/cli-datadir/user/libraries/MyOwnBricks/examples/color_sensor/color_sensor.ino: In function &#39;void setup()&#39;:
/home/ec2-user/arduino-testlib/cli-datadir/user/libraries/MyOwnBricks/examples/color_sensor/color_sensor.ino:136:5: error: &#39;PCICR&#39; was not declared in this scope
     PCICR  |= 0b00000001;                     // enable PORTB pin change interrupt
     ^~~~~
/home/ec2-user/arduino-testlib/cli-datadir/user/libraries/MyOwnBricks/examples/color_sensor/color_sensor.ino:137:5: error: &#39;PCMSK0&#39; was not declared in this scope
     PCMSK0 |= 0b00010000;                     // enable PB4, PCINT4, pin 8
     ^~~~~~
/home/ec2-user/arduino-testlib/cli-datadir/user/libraries/MyOwnBricks/examples/color_sensor/color_sensor.ino: In function &#39;void loop()&#39;:
/home/ec2-user/arduino-testlib/cli-datadir/user/libraries/MyOwnBricks/examples/color_sensor/color_sensor.ino:219:9: error: &#39;PCIFR&#39; was not declared in this scope
         PCIFR      &amp;= ~(1 &lt;&lt; PCIF0); // clear PC interrupt flag in case of bounce
         ^~~~~
/home/ec2-user/arduino-testlib/cli-datadir/user/libraries/MyOwnBricks/examples/color_sensor/color_sensor.ino:219:30: error: &#39;PCIF0&#39; was not declared in this scope
         PCIFR      &amp;= ~(1 &lt;&lt; PCIF0); // clear PC interrupt flag in case of bounce
                              ^~~~~
/home/ec2-user/arduino-testlib/cli-datadir/user/libraries/MyOwnBricks/examples/color_sensor/color_sensor.ino:219:30: note: suggested alternative: &#39;PIN0&#39;
         PCIFR      &amp;= ~(1 &lt;&lt; PCIF0); // clear PC interrupt flag in case of bounce
                              ^~~~~
                              PIN0
/home/ec2-user/arduino-testlib/cli-datadir/user/libraries/MyOwnBricks/examples/color_sensor/color_sensor.ino:229:21: error: &#39;LED_BUILTIN_TX&#39; was not declared in this scope
             pinMode(LED_BUILTIN_TX, INPUT);
                     ^~~~~~~~~~~~~~
/home/ec2-user/arduino-testlib/cli-datadir/user/libraries/MyOwnBricks/examples/color_sensor/color_sensor.ino:229:21: note: suggested alternative: &#39;LED_BUILTIN&#39;
             pinMode(LED_BUILTIN_TX, INPUT);
                     ^~~~~~~~~~~~~~
                     LED_BUILTIN
/home/ec2-user/arduino-testlib/cli-datadir/user/libraries/MyOwnBricks/examples/color_sensor/color_sensor.ino:230:21: error: &#39;LED_BUILTIN_RX&#39; was not declared in this scope
             pinMode(LED_BUILTIN_RX, INPUT);
                     ^~~~~~~~~~~~~~
/home/ec2-user/arduino-testlib/cli-datadir/user/libraries/MyOwnBricks/examples/color_sensor/color_sensor.ino:230:21: note: suggested alternative: &#39;LED_BUILTIN&#39;
             pinMode(LED_BUILTIN_RX, INPUT);
                     ^~~~~~~~~~~~~~
                     LED_BUILTIN
/home/ec2-user/arduino-testlib/cli-datadir/user/libraries/MyOwnBricks/examples/color_sensor/color_sensor.ino:236:17: error: &#39;LED_BUILTIN_TX&#39; was not declared in this scope
         pinMode(LED_BUILTIN_TX, OUTPUT);
                 ^~~~~~~~~~~~~~
/home/ec2-user/arduino-testlib/cli-datadir/user/libraries/MyOwnBricks/examples/color_sensor/color_sensor.ino:236:17: note: suggested alternative: &#39;LED_BUILTIN&#39;
         pinMode(LED_BUILTIN_TX, OUTPUT);
                 ^~~~~~~~~~~~~~
                 LED_BUILTIN
/home/ec2-user/arduino-testlib/cli-datadir/user/libraries/MyOwnBricks/examples/color_sensor/color_sensor.ino:237:17: error: &#39;LED_BUILTIN_RX&#39; was not declared in this scope
         pinMode(LED_BUILTIN_RX, OUTPUT);
                 ^~~~~~~~~~~~~~
/home/ec2-user/arduino-testlib/cli-datadir/user/libraries/MyOwnBricks/examples/color_sensor/color_sensor.ino:237:17: note: suggested alternative: &#39;LED_BUILTIN&#39;
         pinMode(LED_BUILTIN_RX, OUTPUT);
                 ^~~~~~~~~~~~~~
                 LED_BUILTIN
Multiple libraries were found for &#34;Adafruit_TCS34725.h&#34;
  Used: /home/ec2-user/arduino-testlib/cli-datadir/user/libraries/Adafruit_TCS34725
  Not used: /home/ec2-user/arduino-testlib/cli-datadir/user/libraries/Leaphy_Extra_Extension
</pre>
					
					<h4>examples/distance_sensor</h4>
					<p>
						Result: <b>FAIL</b>
					</p>
					<pre class="pre-scrollable">/home/ec2-user/arduino-testlib/cli-datadir/user/libraries/MyOwnBricks/examples/distance_sensor/distance_sensor.ino: In function &#39;void loop()&#39;:
/home/ec2-user/arduino-testlib/cli-datadir/user/libraries/MyOwnBricks/examples/distance_sensor/distance_sensor.ino:154:37: error: &#39;class VL6180X&#39; has no member named &#39;readRangeStatus&#39;; did you mean &#39;readRangeSingle&#39;?
         uint8_t status = distSensor.readRangeStatus();
                                     ^~~~~~~~~~~~~~~
                                     readRangeSingle
/home/ec2-user/arduino-testlib/cli-datadir/user/libraries/MyOwnBricks/examples/distance_sensor/distance_sensor.ino:156:23: error: &#39;VL6180X_ERROR_NONE&#39; was not declared in this scope
         if (status == VL6180X_ERROR_NONE) {
                       ^~~~~~~~~~~~~~~~~~
/home/ec2-user/arduino-testlib/cli-datadir/user/libraries/MyOwnBricks/examples/distance_sensor/distance_sensor.ino:177:9: error: &#39;EIFR&#39; was not declared in this scope
         EIFR &amp;= ~(1 &lt;&lt; INTF6); // clear interrupt flag in case of bounce
         ^~~~
/home/ec2-user/arduino-testlib/cli-datadir/user/libraries/MyOwnBricks/examples/distance_sensor/distance_sensor.ino:177:9: note: suggested alternative: &#39;EOF&#39;
         EIFR &amp;= ~(1 &lt;&lt; INTF6); // clear interrupt flag in case of bounce
         ^~~~
         EOF
/home/ec2-user/arduino-testlib/cli-datadir/user/libraries/MyOwnBricks/examples/distance_sensor/distance_sensor.ino:177:24: error: &#39;INTF6&#39; was not declared in this scope
         EIFR &amp;= ~(1 &lt;&lt; INTF6); // clear interrupt flag in case of bounce
                        ^~~~~
/home/ec2-user/arduino-testlib/cli-datadir/user/libraries/MyOwnBricks/examples/distance_sensor/distance_sensor.ino:189:21: error: &#39;LED_BUILTIN_TX&#39; was not declared in this scope
             pinMode(LED_BUILTIN_TX, INPUT);
                     ^~~~~~~~~~~~~~
/home/ec2-user/arduino-testlib/cli-datadir/user/libraries/MyOwnBricks/examples/distance_sensor/distance_sensor.ino:189:21: note: suggested alternative: &#39;LED_BUILTIN&#39;
             pinMode(LED_BUILTIN_TX, INPUT);
                     ^~~~~~~~~~~~~~
                     LED_BUILTIN
/home/ec2-user/arduino-testlib/cli-datadir/user/libraries/MyOwnBricks/examples/distance_sensor/distance_sensor.ino:190:21: error: &#39;LED_BUILTIN_RX&#39; was not declared in this scope
             pinMode(LED_BUILTIN_RX, INPUT);
                     ^~~~~~~~~~~~~~
/home/ec2-user/arduino-testlib/cli-datadir/user/libraries/MyOwnBricks/examples/distance_sensor/distance_sensor.ino:190:21: note: suggested alternative: &#39;LED_BUILTIN&#39;
             pinMode(LED_BUILTIN_RX, INPUT);
                     ^~~~~~~~~~~~~~
                     LED_BUILTIN
/home/ec2-user/arduino-testlib/cli-datadir/user/libraries/MyOwnBricks/examples/distance_sensor/distance_sensor.ino:196:17: error: &#39;LED_BUILTIN_TX&#39; was not declared in this scope
         pinMode(LED_BUILTIN_TX, OUTPUT);
                 ^~~~~~~~~~~~~~
/home/ec2-user/arduino-testlib/cli-datadir/user/libraries/MyOwnBricks/examples/distance_sensor/distance_sensor.ino:196:17: note: suggested alternative: &#39;LED_BUILTIN&#39;
         pinMode(LED_BUILTIN_TX, OUTPUT);
                 ^~~~~~~~~~~~~~
                 LED_BUILTIN
/home/ec2-user/arduino-testlib/cli-datadir/user/libraries/MyOwnBricks/examples/distance_sensor/distance_sensor.ino:197:17: error: &#39;LED_BUILTIN_RX&#39; was not declared in this scope
         pinMode(LED_BUILTIN_RX, OUTPUT);
                 ^~~~~~~~~~~~~~
/home/ec2-user/arduino-testlib/cli-datadir/user/libraries/MyOwnBricks/examples/distance_sensor/distance_sensor.ino:197:17: note: suggested alternative: &#39;LED_BUILTIN&#39;
         pinMode(LED_BUILTIN_RX, OUTPUT);
                 ^~~~~~~~~~~~~~
                 LED_BUILTIN

</pre>
					
					<h4>examples/test_pro_micro</h4>
					<p>
						Result: <b>FAIL</b>
					</p>
					<pre class="pre-scrollable">/home/ec2-user/arduino-testlib/cli-datadir/user/libraries/MyOwnBricks/examples/test_pro_micro/test_pro_micro.ino: In function &#39;void loop()&#39;:
/home/ec2-user/arduino-testlib/cli-datadir/user/libraries/MyOwnBricks/examples/test_pro_micro/test_pro_micro.ino:94:21: error: &#39;LED_BUILTIN_TX&#39; was not declared in this scope
             pinMode(LED_BUILTIN_TX, INPUT);
                     ^~~~~~~~~~~~~~
/home/ec2-user/arduino-testlib/cli-datadir/user/libraries/MyOwnBricks/examples/test_pro_micro/test_pro_micro.ino:94:21: note: suggested alternative: &#39;LED_BUILTIN&#39;
             pinMode(LED_BUILTIN_TX, INPUT);
                     ^~~~~~~~~~~~~~
                     LED_BUILTIN
/home/ec2-user/arduino-testlib/cli-datadir/user/libraries/MyOwnBricks/examples/test_pro_micro/test_pro_micro.ino:95:21: error: &#39;LED_BUILTIN_RX&#39; was not declared in this scope
             pinMode(LED_BUILTIN_RX, INPUT);
                     ^~~~~~~~~~~~~~
/home/ec2-user/arduino-testlib/cli-datadir/user/libraries/MyOwnBricks/examples/test_pro_micro/test_pro_micro.ino:95:21: note: suggested alternative: &#39;LED_BUILTIN&#39;
             pinMode(LED_BUILTIN_RX, INPUT);
                     ^~~~~~~~~~~~~~
                     LED_BUILTIN
/home/ec2-user/arduino-testlib/cli-datadir/user/libraries/MyOwnBricks/examples/test_pro_micro/test_pro_micro.ino:101:17: error: &#39;LED_BUILTIN_TX&#39; was not declared in this scope
         pinMode(LED_BUILTIN_TX, OUTPUT);
                 ^~~~~~~~~~~~~~
/home/ec2-user/arduino-testlib/cli-datadir/user/libraries/MyOwnBricks/examples/test_pro_micro/test_pro_micro.ino:101:17: note: suggested alternative: &#39;LED_BUILTIN&#39;
         pinMode(LED_BUILTIN_TX, OUTPUT);
                 ^~~~~~~~~~~~~~
                 LED_BUILTIN
/home/ec2-user/arduino-testlib/cli-datadir/user/libraries/MyOwnBricks/examples/test_pro_micro/test_pro_micro.ino:102:17: error: &#39;LED_BUILTIN_RX&#39; was not declared in this scope
         pinMode(LED_BUILTIN_RX, OUTPUT);
                 ^~~~~~~~~~~~~~
/home/ec2-user/arduino-testlib/cli-datadir/user/libraries/MyOwnBricks/examples/test_pro_micro/test_pro_micro.ino:102:17: note: suggested alternative: &#39;LED_BUILTIN&#39;
         pinMode(LED_BUILTIN_RX, OUTPUT);
                 ^~~~~~~~~~~~~~
                 LED_BUILTIN

</pre>
					
					<h4>examples/tilt_sensor</h4>
					<p>
						Result: <b>FAIL</b>
					</p>
					<pre class="pre-scrollable">/home/ec2-user/arduino-testlib/cli-datadir/user/libraries/MyOwnBricks/examples/tilt_sensor/tilt_sensor.ino: In function &#39;void loop()&#39;:
/home/ec2-user/arduino-testlib/cli-datadir/user/libraries/MyOwnBricks/examples/tilt_sensor/tilt_sensor.ino:49:15: error: &#39;class TiltSensor&#39; has no member named &#39;Process&#39;; did you mean &#39;process&#39;?
     myOwnTilt.Process();
               ^~~~~~~
               process
/home/ec2-user/arduino-testlib/cli-datadir/user/libraries/MyOwnBricks/examples/tilt_sensor/tilt_sensor.ino:51:31: error: &#39;bool BaseSensor::isConnected()&#39; is inaccessible within this context
     if (myOwnTilt.isConnected()) {
                               ^
In file included from /home/ec2-user/arduino-testlib/cli-datadir/user/libraries/MyOwnBricks/src/TiltSensor.h:23:0,
                 from /home/ec2-user/arduino-testlib/cli-datadir/user/libraries/MyOwnBricks/examples/tilt_sensor/tilt_sensor.ino:18:
/home/ec2-user/arduino-testlib/cli-datadir/user/libraries/MyOwnBricks/src/BaseSensor.h:45:10: note: declared here
     bool isConnected();
          ^~~~~~~~~~~
/home/ec2-user/arduino-testlib/cli-datadir/user/libraries/MyOwnBricks/examples/tilt_sensor/tilt_sensor.ino:51:31: error: &#39;BaseSensor&#39; is not an accessible base of &#39;TiltSensor&#39;
     if (myOwnTilt.isConnected()) {
                               ^

</pre>
					
				
				<h3 id="arduino:samd:mkrwifi1010">arduino:samd:mkrwifi1010 @ 1.8.12</h3>
				<h4>Inclusion</h4>
				<p>
					Result: <b>FAIL</b>
					
				</p>
				<pre class="pre-scrollable">
</pre>

					
					<h4>examples/IR_emitter</h4>
					<p>
						Result: <b>FAIL</b>
					</p>
					<pre class="pre-scrollable">In file included from /home/ec2-user/arduino-testlib/cli-datadir/user/libraries/IRremote/src/IRremote.hpp:216:0,
                 from /home/ec2-user/arduino-testlib/cli-datadir/user/libraries/MyOwnBricks/examples/IR_emitter/IR_emitter.ino:43:
/home/ec2-user/arduino-testlib/cli-datadir/user/libraries/IRremote/src/private/IRTimer.hpp:1046:2: error: #error PWM generation by hardware not implemented for SAMD
 #error PWM generation by hardware not implemented for SAMD
  ^~~~~

</pre>
					
					<h4>examples/color_distance_sensor</h4>
					<p>
						Result: <b>FAIL</b>
					</p>
					<pre class="pre-scrollable">In file included from /home/ec2-user/arduino-testlib/cli-datadir/user/libraries/MyOwnBricks/examples/color_distance_sensor/color_distance_sensor.ino:41:0:
/home/ec2-user/arduino-testlib/cli-datadir/user/libraries/MyOwnBricks/examples/color_distance_sensor/distance_sensor.hpp: In function &#39;void handleDistSensorData()&#39;:
/home/ec2-user/arduino-testlib/cli-datadir/user/libraries/MyOwnBricks/examples/color_distance_sensor/distance_sensor.hpp:85:34: error: &#39;class VL6180X&#39; has no member named &#39;readRangeStatus&#39;; did you mean &#39;readRangeSingle&#39;?
     uint8_t status = dist_sensor.readRangeStatus();
                                  ^~~~~~~~~~~~~~~
                                  readRangeSingle
/home/ec2-user/arduino-testlib/cli-datadir/user/libraries/MyOwnBricks/examples/color_distance_sensor/distance_sensor.hpp:87:19: error: &#39;VL6180X_ERROR_NONE&#39; was not declared in this scope
     if (status == VL6180X_ERROR_NONE) {
                   ^~~~~~~~~~~~~~~~~~
/home/ec2-user/arduino-testlib/cli-datadir/user/libraries/MyOwnBricks/examples/color_distance_sensor/distance_sensor.hpp:109:5: error: &#39;EIFR&#39; was not declared in this scope
     EIFR &amp;= ~(1 &lt;&lt; INTF6); // clear interrupt flag in case of bounce
     ^~~~
/home/ec2-user/arduino-testlib/cli-datadir/user/libraries/MyOwnBricks/examples/color_distance_sensor/distance_sensor.hpp:109:5: note: suggested alternative: &#39;EIC&#39;
     EIFR &amp;= ~(1 &lt;&lt; INTF6); // clear interrupt flag in case of bounce
     ^~~~
     EIC
/home/ec2-user/arduino-testlib/cli-datadir/user/libraries/MyOwnBricks/examples/color_distance_sensor/distance_sensor.hpp:109:20: error: &#39;INTF6&#39; was not declared in this scope
     EIFR &amp;= ~(1 &lt;&lt; INTF6); // clear interrupt flag in case of bounce
                    ^~~~~
In file included from /home/ec2-user/arduino-testlib/cli-datadir/user/libraries/MyOwnBricks/examples/color_distance_sensor/color_distance_sensor.ino:42:0:
/home/ec2-user/arduino-testlib/cli-datadir/user/libraries/MyOwnBricks/examples/color_distance_sensor/rgb_sensor.hpp: In function &#39;void handleRGBSensorData()&#39;:
/home/ec2-user/arduino-testlib/cli-datadir/user/libraries/MyOwnBricks/examples/color_distance_sensor/rgb_sensor.hpp:99:5: error: &#39;PCIFR&#39; was not declared in this scope
     PCIFR &amp;= ~(1 &lt;&lt; PCIF0); // clear PC interrupt flag in case of bounce
     ^~~~~
/home/ec2-user/arduino-testlib/cli-datadir/user/libraries/MyOwnBricks/examples/color_distance_sensor/rgb_sensor.hpp:99:21: error: &#39;PCIF0&#39; was not declared in this scope
     PCIFR &amp;= ~(1 &lt;&lt; PCIF0); // clear PC interrupt flag in case of bounce
                     ^~~~~
/home/ec2-user/arduino-testlib/cli-datadir/user/libraries/MyOwnBricks/examples/color_distance_sensor/color_distance_sensor.ino: At global scope:
/home/ec2-user/arduino-testlib/cli-datadir/user/libraries/MyOwnBricks/examples/color_distance_sensor/color_distance_sensor.ino:72:5: error: expected constructor, destructor, or type conversion before &#39;(&#39; token
 ISR(PCINT0_vect) {
     ^
/home/ec2-user/arduino-testlib/cli-datadir/user/libraries/MyOwnBricks/examples/color_distance_sensor/color_distance_sensor.ino:72:4: error: expected constructor, destructor, or type conversion before &#39;(&#39; token
 ISR(PCINT0_vect) {
    ^
/home/ec2-user/arduino-testlib/cli-datadir/user/libraries/MyOwnBricks/examples/color_distance_sensor/color_distance_sensor.ino: In function &#39;void setup()&#39;:
/home/ec2-user/arduino-testlib/cli-datadir/user/libraries/MyOwnBricks/examples/color_distance_sensor/color_distance_sensor.ino:197:5: error: &#39;cli&#39; was not declared in this scope
     cli();                                    // Disable all interrupts: Avoid first and not wanted trigger of the interrupt
     ^~~
/home/ec2-user/arduino-testlib/cli-datadir/user/libraries/MyOwnBricks/examples/color_distance_sensor/color_distance_sensor.ino:197:5: note: suggested alternative: &#39;Gclk&#39;
     cli();                                    // Disable all interrupts: Avoid first and not wanted trigger of the interrupt
     ^~~
     Gclk
/home/ec2-user/arduino-testlib/cli-datadir/user/libraries/MyOwnBricks/examples/color_distance_sensor/color_distance_sensor.ino:198:5: error: &#39;PCICR&#39; was not declared in this scope
     PCICR  |= 0b00000001;                     // enable PORTB pin change interrupt
     ^~~~~
/home/ec2-user/arduino-testlib/cli-datadir/user/libraries/MyOwnBricks/examples/color_distance_sensor/color_distance_sensor.ino:199:5: error: &#39;PCMSK0&#39; was not declared in this scope
     PCMSK0 |= 0b00010000;                     // enable PB4, PCINT4, pin 8
     ^~~~~~
/home/ec2-user/arduino-testlib/cli-datadir/user/libraries/MyOwnBricks/examples/color_distance_sensor/color_distance_sensor.ino:200:5: error: &#39;sei&#39; was not declared in this scope
     sei();                                    // Enable all interrupts
     ^~~
/home/ec2-user/arduino-testlib/cli-datadir/user/libraries/MyOwnBricks/examples/color_distance_sensor/color_distance_sensor.ino: In function &#39;void loop()&#39;:
/home/ec2-user/arduino-testlib/cli-datadir/user/libraries/MyOwnBricks/examples/color_distance_sensor/color_distance_sensor.ino:236:21: error: &#39;LED_BUILTIN_TX&#39; was not declared in this scope
             pinMode(LED_BUILTIN_TX, INPUT);
                     ^~~~~~~~~~~~~~
/home/ec2-user/arduino-testlib/cli-datadir/user/libraries/MyOwnBricks/examples/color_distance_sensor/color_distance_sensor.ino:236:21: note: suggested alternative: &#39;LED_BUILTIN&#39;
             pinMode(LED_BUILTIN_TX, INPUT);
                     ^~~~~~~~~~~~~~
                     LED_BUILTIN
/home/ec2-user/arduino-testlib/cli-datadir/user/libraries/MyOwnBricks/examples/color_distance_sensor/color_distance_sensor.ino:237:21: error: &#39;LED_BUILTIN_RX&#39; was not declared in this scope
             pinMode(LED_BUILTIN_RX, INPUT);
                     ^~~~~~~~~~~~~~
/home/ec2-user/arduino-testlib/cli-datadir/user/libraries/MyOwnBricks/examples/color_distance_sensor/color_distance_sensor.ino:237:21: note: suggested alternative: &#39;LED_BUILTIN&#39;
             pinMode(LED_BUILTIN_RX, INPUT);
                     ^~~~~~~~~~~~~~
                     LED_BUILTIN
/home/ec2-user/arduino-testlib/cli-datadir/user/libraries/MyOwnBricks/examples/color_distance_sensor/color_distance_sensor.ino:243:17: error: &#39;LED_BUILTIN_TX&#39; was not declared in this scope
         pinMode(LED_BUILTIN_TX, OUTPUT);
                 ^~~~~~~~~~~~~~
/home/ec2-user/arduino-testlib/cli-datadir/user/libraries/MyOwnBricks/examples/color_distance_sensor/color_distance_sensor.ino:243:17: note: suggested alternative: &#39;LED_BUILTIN&#39;
         pinMode(LED_BUILTIN_TX, OUTPUT);
                 ^~~~~~~~~~~~~~
                 LED_BUILTIN
/home/ec2-user/arduino-testlib/cli-datadir/user/libraries/MyOwnBricks/examples/color_distance_sensor/color_distance_sensor.ino:244:17: error: &#39;LED_BUILTIN_RX&#39; was not declared in this scope
         pinMode(LED_BUILTIN_RX, OUTPUT);
                 ^~~~~~~~~~~~~~
/home/ec2-user/arduino-testlib/cli-datadir/user/libraries/MyOwnBricks/examples/color_distance_sensor/color_distance_sensor.ino:244:17: note: suggested alternative: &#39;LED_BUILTIN&#39;
         pinMode(LED_BUILTIN_RX, OUTPUT);
                 ^~~~~~~~~~~~~~
                 LED_BUILTIN
Multiple libraries were found for &#34;Adafruit_TCS34725.h&#34;
  Used: /home/ec2-user/arduino-testlib/cli-datadir/user/libraries/Adafruit_TCS34725
  Not used: /home/ec2-user/arduino-testlib/cli-datadir/user/libraries/Leaphy_Extra_Extension
</pre>
					
					<h4>examples/color_sensor</h4>
					<p>
						Result: <b>FAIL</b>
					</p>
					<pre class="pre-scrollable">/home/ec2-user/arduino-testlib/cli-datadir/user/libraries/MyOwnBricks/examples/color_sensor/color_sensor.ino:63:5: error: expected constructor, destructor, or type conversion before &#39;(&#39; token
 ISR(PCINT0_vect) {
     ^
/home/ec2-user/arduino-testlib/cli-datadir/user/libraries/MyOwnBricks/examples/color_sensor/color_sensor.ino:63:4: error: expected constructor, destructor, or type conversion before &#39;(&#39; token
 ISR(PCINT0_vect) {
    ^
/home/ec2-user/arduino-testlib/cli-datadir/user/libraries/MyOwnBricks/examples/color_sensor/color_sensor.ino: In function &#39;void setup()&#39;:
/home/ec2-user/arduino-testlib/cli-datadir/user/libraries/MyOwnBricks/examples/color_sensor/color_sensor.ino:135:5: error: &#39;cli&#39; was not declared in this scope
     cli();                                    // Disable all interrupts: Avoid first and not wanted trigger of the interrupt
     ^~~
/home/ec2-user/arduino-testlib/cli-datadir/user/libraries/MyOwnBricks/examples/color_sensor/color_sensor.ino:135:5: note: suggested alternative: &#39;Gclk&#39;
     cli();                                    // Disable all interrupts: Avoid first and not wanted trigger of the interrupt
     ^~~
     Gclk
/home/ec2-user/arduino-testlib/cli-datadir/user/libraries/MyOwnBricks/examples/color_sensor/color_sensor.ino:136:5: error: &#39;PCICR&#39; was not declared in this scope
     PCICR  |= 0b00000001;                     // enable PORTB pin change interrupt
     ^~~~~
/home/ec2-user/arduino-testlib/cli-datadir/user/libraries/MyOwnBricks/examples/color_sensor/color_sensor.ino:137:5: error: &#39;PCMSK0&#39; was not declared in this scope
     PCMSK0 |= 0b00010000;                     // enable PB4, PCINT4, pin 8
     ^~~~~~
/home/ec2-user/arduino-testlib/cli-datadir/user/libraries/MyOwnBricks/examples/color_sensor/color_sensor.ino:138:5: error: &#39;sei&#39; was not declared in this scope
     sei();                                    // Enable all interrupts
     ^~~
/home/ec2-user/arduino-testlib/cli-datadir/user/libraries/MyOwnBricks/examples/color_sensor/color_sensor.ino: In function &#39;void loop()&#39;:
/home/ec2-user/arduino-testlib/cli-datadir/user/libraries/MyOwnBricks/examples/color_sensor/color_sensor.ino:219:9: error: &#39;PCIFR&#39; was not declared in this scope
         PCIFR      &amp;= ~(1 &lt;&lt; PCIF0); // clear PC interrupt flag in case of bounce
         ^~~~~
/home/ec2-user/arduino-testlib/cli-datadir/user/libraries/MyOwnBricks/examples/color_sensor/color_sensor.ino:219:30: error: &#39;PCIF0&#39; was not declared in this scope
         PCIFR      &amp;= ~(1 &lt;&lt; PCIF0); // clear PC interrupt flag in case of bounce
                              ^~~~~
/home/ec2-user/arduino-testlib/cli-datadir/user/libraries/MyOwnBricks/examples/color_sensor/color_sensor.ino:229:21: error: &#39;LED_BUILTIN_TX&#39; was not declared in this scope
             pinMode(LED_BUILTIN_TX, INPUT);
                     ^~~~~~~~~~~~~~
/home/ec2-user/arduino-testlib/cli-datadir/user/libraries/MyOwnBricks/examples/color_sensor/color_sensor.ino:229:21: note: suggested alternative: &#39;LED_BUILTIN&#39;
             pinMode(LED_BUILTIN_TX, INPUT);
                     ^~~~~~~~~~~~~~
                     LED_BUILTIN
/home/ec2-user/arduino-testlib/cli-datadir/user/libraries/MyOwnBricks/examples/color_sensor/color_sensor.ino:230:21: error: &#39;LED_BUILTIN_RX&#39; was not declared in this scope
             pinMode(LED_BUILTIN_RX, INPUT);
                     ^~~~~~~~~~~~~~
/home/ec2-user/arduino-testlib/cli-datadir/user/libraries/MyOwnBricks/examples/color_sensor/color_sensor.ino:230:21: note: suggested alternative: &#39;LED_BUILTIN&#39;
             pinMode(LED_BUILTIN_RX, INPUT);
                     ^~~~~~~~~~~~~~
                     LED_BUILTIN
/home/ec2-user/arduino-testlib/cli-datadir/user/libraries/MyOwnBricks/examples/color_sensor/color_sensor.ino:236:17: error: &#39;LED_BUILTIN_TX&#39; was not declared in this scope
         pinMode(LED_BUILTIN_TX, OUTPUT);
                 ^~~~~~~~~~~~~~
/home/ec2-user/arduino-testlib/cli-datadir/user/libraries/MyOwnBricks/examples/color_sensor/color_sensor.ino:236:17: note: suggested alternative: &#39;LED_BUILTIN&#39;
         pinMode(LED_BUILTIN_TX, OUTPUT);
                 ^~~~~~~~~~~~~~
                 LED_BUILTIN
/home/ec2-user/arduino-testlib/cli-datadir/user/libraries/MyOwnBricks/examples/color_sensor/color_sensor.ino:237:17: error: &#39;LED_BUILTIN_RX&#39; was not declared in this scope
         pinMode(LED_BUILTIN_RX, OUTPUT);
                 ^~~~~~~~~~~~~~
/home/ec2-user/arduino-testlib/cli-datadir/user/libraries/MyOwnBricks/examples/color_sensor/color_sensor.ino:237:17: note: suggested alternative: &#39;LED_BUILTIN&#39;
         pinMode(LED_BUILTIN_RX, OUTPUT);
                 ^~~~~~~~~~~~~~
                 LED_BUILTIN
Multiple libraries were found for &#34;Adafruit_TCS34725.h&#34;
  Used: /home/ec2-user/arduino-testlib/cli-datadir/user/libraries/Adafruit_TCS34725
  Not used: /home/ec2-user/arduino-testlib/cli-datadir/user/libraries/Leaphy_Extra_Extension
</pre>
					
					<h4>examples/distance_sensor</h4>
					<p>
						Result: <b>FAIL</b>
					</p>
					<pre class="pre-scrollable">/home/ec2-user/arduino-testlib/cli-datadir/user/libraries/MyOwnBricks/examples/distance_sensor/distance_sensor.ino: In function &#39;void setup()&#39;:
/home/ec2-user/arduino-testlib/cli-datadir/user/libraries/MyOwnBricks/examples/distance_sensor/distance_sensor.ino:140:5: error: &#39;cli&#39; was not declared in this scope
     cli(); // Disable all interrupts: Avoid first and not wanted trigger of the interrupt
     ^~~
/home/ec2-user/arduino-testlib/cli-datadir/user/libraries/MyOwnBricks/examples/distance_sensor/distance_sensor.ino:140:5: note: suggested alternative: &#39;Gclk&#39;
     cli(); // Disable all interrupts: Avoid first and not wanted trigger of the interrupt
     ^~~
     Gclk
/home/ec2-user/arduino-testlib/cli-datadir/user/libraries/MyOwnBricks/examples/distance_sensor/distance_sensor.ino:142:5: error: &#39;sei&#39; was not declared in this scope
     sei(); // Enable all interrupts
     ^~~
/home/ec2-user/arduino-testlib/cli-datadir/user/libraries/MyOwnBricks/examples/distance_sensor/distance_sensor.ino: In function &#39;void loop()&#39;:
/home/ec2-user/arduino-testlib/cli-datadir/user/libraries/MyOwnBricks/examples/distance_sensor/distance_sensor.ino:154:37: error: &#39;class VL6180X&#39; has no member named &#39;readRangeStatus&#39;; did you mean &#39;readRangeSingle&#39;?
         uint8_t status = distSensor.readRangeStatus();
                                     ^~~~~~~~~~~~~~~
                                     readRangeSingle
/home/ec2-user/arduino-testlib/cli-datadir/user/libraries/MyOwnBricks/examples/distance_sensor/distance_sensor.ino:156:23: error: &#39;VL6180X_ERROR_NONE&#39; was not declared in this scope
         if (status == VL6180X_ERROR_NONE) {
                       ^~~~~~~~~~~~~~~~~~
/home/ec2-user/arduino-testlib/cli-datadir/user/libraries/MyOwnBricks/examples/distance_sensor/distance_sensor.ino:177:9: error: &#39;EIFR&#39; was not declared in this scope
         EIFR &amp;= ~(1 &lt;&lt; INTF6); // clear interrupt flag in case of bounce
         ^~~~
/home/ec2-user/arduino-testlib/cli-datadir/user/libraries/MyOwnBricks/examples/distance_sensor/distance_sensor.ino:177:9: note: suggested alternative: &#39;EIC&#39;
         EIFR &amp;= ~(1 &lt;&lt; INTF6); // clear interrupt flag in case of bounce
         ^~~~
         EIC
/home/ec2-user/arduino-testlib/cli-datadir/user/libraries/MyOwnBricks/examples/distance_sensor/distance_sensor.ino:177:24: error: &#39;INTF6&#39; was not declared in this scope
         EIFR &amp;= ~(1 &lt;&lt; INTF6); // clear interrupt flag in case of bounce
                        ^~~~~
/home/ec2-user/arduino-testlib/cli-datadir/user/libraries/MyOwnBricks/examples/distance_sensor/distance_sensor.ino:189:21: error: &#39;LED_BUILTIN_TX&#39; was not declared in this scope
             pinMode(LED_BUILTIN_TX, INPUT);
                     ^~~~~~~~~~~~~~
/home/ec2-user/arduino-testlib/cli-datadir/user/libraries/MyOwnBricks/examples/distance_sensor/distance_sensor.ino:189:21: note: suggested alternative: &#39;LED_BUILTIN&#39;
             pinMode(LED_BUILTIN_TX, INPUT);
                     ^~~~~~~~~~~~~~
                     LED_BUILTIN
/home/ec2-user/arduino-testlib/cli-datadir/user/libraries/MyOwnBricks/examples/distance_sensor/distance_sensor.ino:190:21: error: &#39;LED_BUILTIN_RX&#39; was not declared in this scope
             pinMode(LED_BUILTIN_RX, INPUT);
                     ^~~~~~~~~~~~~~
/home/ec2-user/arduino-testlib/cli-datadir/user/libraries/MyOwnBricks/examples/distance_sensor/distance_sensor.ino:190:21: note: suggested alternative: &#39;LED_BUILTIN&#39;
             pinMode(LED_BUILTIN_RX, INPUT);
                     ^~~~~~~~~~~~~~
                     LED_BUILTIN
/home/ec2-user/arduino-testlib/cli-datadir/user/libraries/MyOwnBricks/examples/distance_sensor/distance_sensor.ino:196:17: error: &#39;LED_BUILTIN_TX&#39; was not declared in this scope
         pinMode(LED_BUILTIN_TX, OUTPUT);
                 ^~~~~~~~~~~~~~
/home/ec2-user/arduino-testlib/cli-datadir/user/libraries/MyOwnBricks/examples/distance_sensor/distance_sensor.ino:196:17: note: suggested alternative: &#39;LED_BUILTIN&#39;
         pinMode(LED_BUILTIN_TX, OUTPUT);
                 ^~~~~~~~~~~~~~
                 LED_BUILTIN
/home/ec2-user/arduino-testlib/cli-datadir/user/libraries/MyOwnBricks/examples/distance_sensor/distance_sensor.ino:197:17: error: &#39;LED_BUILTIN_RX&#39; was not declared in this scope
         pinMode(LED_BUILTIN_RX, OUTPUT);
                 ^~~~~~~~~~~~~~
/home/ec2-user/arduino-testlib/cli-datadir/user/libraries/MyOwnBricks/examples/distance_sensor/distance_sensor.ino:197:17: note: suggested alternative: &#39;LED_BUILTIN&#39;
         pinMode(LED_BUILTIN_RX, OUTPUT);
                 ^~~~~~~~~~~~~~
                 LED_BUILTIN

</pre>
					
					<h4>examples/test_pro_micro</h4>
					<p>
						Result: <b>FAIL</b>
					</p>
					<pre class="pre-scrollable">/home/ec2-user/arduino-testlib/cli-datadir/user/libraries/MyOwnBricks/examples/test_pro_micro/test_pro_micro.ino: In function &#39;void loop()&#39;:
/home/ec2-user/arduino-testlib/cli-datadir/user/libraries/MyOwnBricks/examples/test_pro_micro/test_pro_micro.ino:94:21: error: &#39;LED_BUILTIN_TX&#39; was not declared in this scope
             pinMode(LED_BUILTIN_TX, INPUT);
                     ^~~~~~~~~~~~~~
/home/ec2-user/arduino-testlib/cli-datadir/user/libraries/MyOwnBricks/examples/test_pro_micro/test_pro_micro.ino:94:21: note: suggested alternative: &#39;LED_BUILTIN&#39;
             pinMode(LED_BUILTIN_TX, INPUT);
                     ^~~~~~~~~~~~~~
                     LED_BUILTIN
/home/ec2-user/arduino-testlib/cli-datadir/user/libraries/MyOwnBricks/examples/test_pro_micro/test_pro_micro.ino:95:21: error: &#39;LED_BUILTIN_RX&#39; was not declared in this scope
             pinMode(LED_BUILTIN_RX, INPUT);
                     ^~~~~~~~~~~~~~
/home/ec2-user/arduino-testlib/cli-datadir/user/libraries/MyOwnBricks/examples/test_pro_micro/test_pro_micro.ino:95:21: note: suggested alternative: &#39;LED_BUILTIN&#39;
             pinMode(LED_BUILTIN_RX, INPUT);
                     ^~~~~~~~~~~~~~
                     LED_BUILTIN
/home/ec2-user/arduino-testlib/cli-datadir/user/libraries/MyOwnBricks/examples/test_pro_micro/test_pro_micro.ino:101:17: error: &#39;LED_BUILTIN_TX&#39; was not declared in this scope
         pinMode(LED_BUILTIN_TX, OUTPUT);
                 ^~~~~~~~~~~~~~
/home/ec2-user/arduino-testlib/cli-datadir/user/libraries/MyOwnBricks/examples/test_pro_micro/test_pro_micro.ino:101:17: note: suggested alternative: &#39;LED_BUILTIN&#39;
         pinMode(LED_BUILTIN_TX, OUTPUT);
                 ^~~~~~~~~~~~~~
                 LED_BUILTIN
/home/ec2-user/arduino-testlib/cli-datadir/user/libraries/MyOwnBricks/examples/test_pro_micro/test_pro_micro.ino:102:17: error: &#39;LED_BUILTIN_RX&#39; was not declared in this scope
         pinMode(LED_BUILTIN_RX, OUTPUT);
                 ^~~~~~~~~~~~~~
/home/ec2-user/arduino-testlib/cli-datadir/user/libraries/MyOwnBricks/examples/test_pro_micro/test_pro_micro.ino:102:17: note: suggested alternative: &#39;LED_BUILTIN&#39;
         pinMode(LED_BUILTIN_RX, OUTPUT);
                 ^~~~~~~~~~~~~~
                 LED_BUILTIN

</pre>
					
					<h4>examples/tilt_sensor</h4>
					<p>
						Result: <b>FAIL</b>
					</p>
					<pre class="pre-scrollable">/home/ec2-user/arduino-testlib/cli-datadir/user/libraries/MyOwnBricks/examples/tilt_sensor/tilt_sensor.ino: In function &#39;void loop()&#39;:
/home/ec2-user/arduino-testlib/cli-datadir/user/libraries/MyOwnBricks/examples/tilt_sensor/tilt_sensor.ino:49:15: error: &#39;class TiltSensor&#39; has no member named &#39;Process&#39;; did you mean &#39;process&#39;?
     myOwnTilt.Process();
               ^~~~~~~
               process
/home/ec2-user/arduino-testlib/cli-datadir/user/libraries/MyOwnBricks/examples/tilt_sensor/tilt_sensor.ino:51:31: error: &#39;bool BaseSensor::isConnected()&#39; is inaccessible within this context
     if (myOwnTilt.isConnected()) {
                               ^
In file included from /home/ec2-user/arduino-testlib/cli-datadir/user/libraries/MyOwnBricks/src/TiltSensor.h:23:0,
                 from /home/ec2-user/arduino-testlib/cli-datadir/user/libraries/MyOwnBricks/examples/tilt_sensor/tilt_sensor.ino:18:
/home/ec2-user/arduino-testlib/cli-datadir/user/libraries/MyOwnBricks/src/BaseSensor.h:45:10: note: declared here
     bool isConnected();
          ^~~~~~~~~~~
/home/ec2-user/arduino-testlib/cli-datadir/user/libraries/MyOwnBricks/examples/tilt_sensor/tilt_sensor.ino:51:31: error: &#39;BaseSensor&#39; is not an accessible base of &#39;TiltSensor&#39;
     if (myOwnTilt.isConnected()) {
                               ^

</pre>
					
				
				<h3 id="esp32:esp32:d1_mini32">esp32:esp32:d1_mini32 @ 1.0.6</h3>
				<h4>Inclusion</h4>
				<p>
					Result: <b>PASS</b>
					
				</p>
				<pre class="pre-scrollable">Sketch uses 201014 bytes (15%) of program storage space. Maximum is 1310720 bytes.
Global variables use 13208 bytes (4%) of dynamic memory, leaving 314472 bytes for local variables. Maximum is 327680 bytes.
</pre>

					
					<h4>examples/IR_emitter</h4>
					<p>
						Result: <b>FAIL</b>
					</p>
					<pre class="pre-scrollable">/tmp/arduino-sketch-587F869DD1EE641B7EAA9CC8D2E5274F/sketch/IR_emitter.ino.cpp.o:(.literal._Z10IRCallbackt&#43;0x4): undefined reference to `IRsend::sendLegoPowerFunctions(unsigned short, bool)&#39;
/tmp/arduino-sketch-587F869DD1EE641B7EAA9CC8D2E5274F/sketch/IR_emitter.ino.cpp.o: In function `IRCallback(unsigned short)&#39;:
/home/ec2-user/arduino-testlib/cli-datadir/user/libraries/IRremote/src/ir_Dish.hpp:42: undefined reference to `IRsend::sendLegoPowerFunctions(unsigned short, bool)&#39;
collect2: error: ld returned 1 exit status

</pre>
					
					<h4>examples/color_distance_sensor</h4>
					<p>
						Result: <b>FAIL</b>
					</p>
					<pre class="pre-scrollable">In file included from /home/ec2-user/arduino-testlib/cli-datadir/user/libraries/MyOwnBricks/examples/color_distance_sensor/color_distance_sensor.ino:41:0:
/home/ec2-user/arduino-testlib/cli-datadir/user/libraries/MyOwnBricks/examples/color_distance_sensor/distance_sensor.hpp: In function &#39;void handleDistSensorData()&#39;:
/home/ec2-user/arduino-testlib/cli-datadir/user/libraries/MyOwnBricks/examples/color_distance_sensor/distance_sensor.hpp:85:34: error: &#39;class VL6180X&#39; has no member named &#39;readRangeStatus&#39;
     uint8_t status = dist_sensor.readRangeStatus();
                                  ^
/home/ec2-user/arduino-testlib/cli-datadir/user/libraries/MyOwnBricks/examples/color_distance_sensor/distance_sensor.hpp:87:19: error: &#39;VL6180X_ERROR_NONE&#39; was not declared in this scope
     if (status == VL6180X_ERROR_NONE) {
                   ^
/home/ec2-user/arduino-testlib/cli-datadir/user/libraries/MyOwnBricks/examples/color_distance_sensor/distance_sensor.hpp:109:5: error: &#39;EIFR&#39; was not declared in this scope
     EIFR &amp;= ~(1 &lt;&lt; INTF6); // clear interrupt flag in case of bounce
     ^
/home/ec2-user/arduino-testlib/cli-datadir/user/libraries/MyOwnBricks/examples/color_distance_sensor/distance_sensor.hpp:109:20: error: &#39;INTF6&#39; was not declared in this scope
     EIFR &amp;= ~(1 &lt;&lt; INTF6); // clear interrupt flag in case of bounce
                    ^
In file included from /home/ec2-user/arduino-testlib/cli-datadir/user/libraries/MyOwnBricks/examples/color_distance_sensor/color_distance_sensor.ino:42:0:
/home/ec2-user/arduino-testlib/cli-datadir/user/libraries/MyOwnBricks/examples/color_distance_sensor/rgb_sensor.hpp: In function &#39;void handleRGBSensorData()&#39;:
/home/ec2-user/arduino-testlib/cli-datadir/user/libraries/MyOwnBricks/examples/color_distance_sensor/rgb_sensor.hpp:99:5: error: &#39;PCIFR&#39; was not declared in this scope
     PCIFR &amp;= ~(1 &lt;&lt; PCIF0); // clear PC interrupt flag in case of bounce
     ^
/home/ec2-user/arduino-testlib/cli-datadir/user/libraries/MyOwnBricks/examples/color_distance_sensor/rgb_sensor.hpp:99:21: error: &#39;PCIF0&#39; was not declared in this scope
     PCIFR &amp;= ~(1 &lt;&lt; PCIF0); // clear PC interrupt flag in case of bounce
                     ^
/home/ec2-user/arduino-testlib/cli-datadir/user/libraries/MyOwnBricks/examples/color_distance_sensor/color_distance_sensor.ino: At global scope:
/home/ec2-user/arduino-testlib/cli-datadir/user/libraries/MyOwnBricks/examples/color_distance_sensor/color_distance_sensor.ino:72:5: error: expected constructor, destructor, or type conversion before &#39;(&#39; token
 ISR(PCINT0_vect) {
     ^
/home/ec2-user/arduino-testlib/cli-datadir/user/libraries/MyOwnBricks/examples/color_distance_sensor/color_distance_sensor.ino:72:4: error: expected constructor, destructor, or type conversion before &#39;(&#39; token
 ISR(PCINT0_vect) {
    ^
/home/ec2-user/arduino-testlib/cli-datadir/user/libraries/MyOwnBricks/examples/color_distance_sensor/color_distance_sensor.ino: In function &#39;void setup()&#39;:
/home/ec2-user/arduino-testlib/cli-datadir/user/libraries/MyOwnBricks/examples/color_distance_sensor/color_distance_sensor.ino:198:5: error: &#39;PCICR&#39; was not declared in this scope
     PCICR  |= 0b00000001;                     // enable PORTB pin change interrupt
     ^
/home/ec2-user/arduino-testlib/cli-datadir/user/libraries/MyOwnBricks/examples/color_distance_sensor/color_distance_sensor.ino:199:5: error: &#39;PCMSK0&#39; was not declared in this scope
     PCMSK0 |= 0b00010000;                     // enable PB4, PCINT4, pin 8
     ^
/home/ec2-user/arduino-testlib/cli-datadir/user/libraries/MyOwnBricks/examples/color_distance_sensor/color_distance_sensor.ino: In function &#39;void loop()&#39;:
/home/ec2-user/arduino-testlib/cli-datadir/user/libraries/MyOwnBricks/examples/color_distance_sensor/color_distance_sensor.ino:236:21: error: &#39;LED_BUILTIN_TX&#39; was not declared in this scope
             pinMode(LED_BUILTIN_TX, INPUT);
                     ^
/home/ec2-user/arduino-testlib/cli-datadir/user/libraries/MyOwnBricks/examples/color_distance_sensor/color_distance_sensor.ino:237:21: error: &#39;LED_BUILTIN_RX&#39; was not declared in this scope
             pinMode(LED_BUILTIN_RX, INPUT);
                     ^
/home/ec2-user/arduino-testlib/cli-datadir/user/libraries/MyOwnBricks/examples/color_distance_sensor/color_distance_sensor.ino:243:17: error: &#39;LED_BUILTIN_TX&#39; was not declared in this scope
         pinMode(LED_BUILTIN_TX, OUTPUT);
                 ^
/home/ec2-user/arduino-testlib/cli-datadir/user/libraries/MyOwnBricks/examples/color_distance_sensor/color_distance_sensor.ino:244:17: error: &#39;LED_BUILTIN_RX&#39; was not declared in this scope
         pinMode(LED_BUILTIN_RX, OUTPUT);
                 ^
Multiple libraries were found for &#34;Adafruit_TCS34725.h&#34;
  Used: /home/ec2-user/arduino-testlib/cli-datadir/user/libraries/Adafruit_TCS34725
  Not used: /home/ec2-user/arduino-testlib/cli-datadir/user/libraries/Leaphy_Extra_Extension
</pre>
					
					<h4>examples/color_sensor</h4>
					<p>
						Result: <b>FAIL</b>
					</p>
					<pre class="pre-scrollable">/home/ec2-user/arduino-testlib/cli-datadir/user/libraries/MyOwnBricks/examples/color_sensor/color_sensor.ino:63:5: error: expected constructor, destructor, or type conversion before &#39;(&#39; token
 ISR(PCINT0_vect) {
     ^
/home/ec2-user/arduino-testlib/cli-datadir/user/libraries/MyOwnBricks/examples/color_sensor/color_sensor.ino:63:4: error: expected constructor, destructor, or type conversion before &#39;(&#39; token
 ISR(PCINT0_vect) {
    ^
/home/ec2-user/arduino-testlib/cli-datadir/user/libraries/MyOwnBricks/examples/color_sensor/color_sensor.ino: In function &#39;void setup()&#39;:
/home/ec2-user/arduino-testlib/cli-datadir/user/libraries/MyOwnBricks/examples/color_sensor/color_sensor.ino:136:5: error: &#39;PCICR&#39; was not declared in this scope
     PCICR  |= 0b00000001;                     // enable PORTB pin change interrupt
     ^
/home/ec2-user/arduino-testlib/cli-datadir/user/libraries/MyOwnBricks/examples/color_sensor/color_sensor.ino:137:5: error: &#39;PCMSK0&#39; was not declared in this scope
     PCMSK0 |= 0b00010000;                     // enable PB4, PCINT4, pin 8
     ^
/home/ec2-user/arduino-testlib/cli-datadir/user/libraries/MyOwnBricks/examples/color_sensor/color_sensor.ino: In function &#39;void loop()&#39;:
/home/ec2-user/arduino-testlib/cli-datadir/user/libraries/MyOwnBricks/examples/color_sensor/color_sensor.ino:219:9: error: &#39;PCIFR&#39; was not declared in this scope
         PCIFR      &amp;= ~(1 &lt;&lt; PCIF0); // clear PC interrupt flag in case of bounce
         ^
/home/ec2-user/arduino-testlib/cli-datadir/user/libraries/MyOwnBricks/examples/color_sensor/color_sensor.ino:219:30: error: &#39;PCIF0&#39; was not declared in this scope
         PCIFR      &amp;= ~(1 &lt;&lt; PCIF0); // clear PC interrupt flag in case of bounce
                              ^
/home/ec2-user/arduino-testlib/cli-datadir/user/libraries/MyOwnBricks/examples/color_sensor/color_sensor.ino:229:21: error: &#39;LED_BUILTIN_TX&#39; was not declared in this scope
             pinMode(LED_BUILTIN_TX, INPUT);
                     ^
/home/ec2-user/arduino-testlib/cli-datadir/user/libraries/MyOwnBricks/examples/color_sensor/color_sensor.ino:230:21: error: &#39;LED_BUILTIN_RX&#39; was not declared in this scope
             pinMode(LED_BUILTIN_RX, INPUT);
                     ^
/home/ec2-user/arduino-testlib/cli-datadir/user/libraries/MyOwnBricks/examples/color_sensor/color_sensor.ino:236:17: error: &#39;LED_BUILTIN_TX&#39; was not declared in this scope
         pinMode(LED_BUILTIN_TX, OUTPUT);
                 ^
/home/ec2-user/arduino-testlib/cli-datadir/user/libraries/MyOwnBricks/examples/color_sensor/color_sensor.ino:237:17: error: &#39;LED_BUILTIN_RX&#39; was not declared in this scope
         pinMode(LED_BUILTIN_RX, OUTPUT);
                 ^
Multiple libraries were found for &#34;Adafruit_TCS34725.h&#34;
  Used: /home/ec2-user/arduino-testlib/cli-datadir/user/libraries/Adafruit_TCS34725
  Not used: /home/ec2-user/arduino-testlib/cli-datadir/user/libraries/Leaphy_Extra_Extension
</pre>
					
					<h4>examples/distance_sensor</h4>
					<p>
						Result: <b>FAIL</b>
					</p>
					<pre class="pre-scrollable">/home/ec2-user/arduino-testlib/cli-datadir/user/libraries/MyOwnBricks/examples/distance_sensor/distance_sensor.ino: In function &#39;void loop()&#39;:
/home/ec2-user/arduino-testlib/cli-datadir/user/libraries/MyOwnBricks/examples/distance_sensor/distance_sensor.ino:154:37: error: &#39;class VL6180X&#39; has no member named &#39;readRangeStatus&#39;
         uint8_t status = distSensor.readRangeStatus();
                                     ^
/home/ec2-user/arduino-testlib/cli-datadir/user/libraries/MyOwnBricks/examples/distance_sensor/distance_sensor.ino:156:23: error: &#39;VL6180X_ERROR_NONE&#39; was not declared in this scope
         if (status == VL6180X_ERROR_NONE) {
                       ^
/home/ec2-user/arduino-testlib/cli-datadir/user/libraries/MyOwnBricks/examples/distance_sensor/distance_sensor.ino:177:9: error: &#39;EIFR&#39; was not declared in this scope
         EIFR &amp;= ~(1 &lt;&lt; INTF6); // clear interrupt flag in case of bounce
         ^
/home/ec2-user/arduino-testlib/cli-datadir/user/libraries/MyOwnBricks/examples/distance_sensor/distance_sensor.ino:177:24: error: &#39;INTF6&#39; was not declared in this scope
         EIFR &amp;= ~(1 &lt;&lt; INTF6); // clear interrupt flag in case of bounce
                        ^
/home/ec2-user/arduino-testlib/cli-datadir/user/libraries/MyOwnBricks/examples/distance_sensor/distance_sensor.ino:189:21: error: &#39;LED_BUILTIN_TX&#39; was not declared in this scope
             pinMode(LED_BUILTIN_TX, INPUT);
                     ^
/home/ec2-user/arduino-testlib/cli-datadir/user/libraries/MyOwnBricks/examples/distance_sensor/distance_sensor.ino:190:21: error: &#39;LED_BUILTIN_RX&#39; was not declared in this scope
             pinMode(LED_BUILTIN_RX, INPUT);
                     ^
/home/ec2-user/arduino-testlib/cli-datadir/user/libraries/MyOwnBricks/examples/distance_sensor/distance_sensor.ino:196:17: error: &#39;LED_BUILTIN_TX&#39; was not declared in this scope
         pinMode(LED_BUILTIN_TX, OUTPUT);
                 ^
/home/ec2-user/arduino-testlib/cli-datadir/user/libraries/MyOwnBricks/examples/distance_sensor/distance_sensor.ino:197:17: error: &#39;LED_BUILTIN_RX&#39; was not declared in this scope
         pinMode(LED_BUILTIN_RX, OUTPUT);
                 ^

</pre>
					
					<h4>examples/test_pro_micro</h4>
					<p>
						Result: <b>FAIL</b>
					</p>
					<pre class="pre-scrollable">/home/ec2-user/arduino-testlib/cli-datadir/user/libraries/MyOwnBricks/examples/test_pro_micro/test_pro_micro.ino: In function &#39;void loop()&#39;:
/home/ec2-user/arduino-testlib/cli-datadir/user/libraries/MyOwnBricks/examples/test_pro_micro/test_pro_micro.ino:94:21: error: &#39;LED_BUILTIN_TX&#39; was not declared in this scope
             pinMode(LED_BUILTIN_TX, INPUT);
                     ^
/home/ec2-user/arduino-testlib/cli-datadir/user/libraries/MyOwnBricks/examples/test_pro_micro/test_pro_micro.ino:95:21: error: &#39;LED_BUILTIN_RX&#39; was not declared in this scope
             pinMode(LED_BUILTIN_RX, INPUT);
                     ^
/home/ec2-user/arduino-testlib/cli-datadir/user/libraries/MyOwnBricks/examples/test_pro_micro/test_pro_micro.ino:101:17: error: &#39;LED_BUILTIN_TX&#39; was not declared in this scope
         pinMode(LED_BUILTIN_TX, OUTPUT);
                 ^
/home/ec2-user/arduino-testlib/cli-datadir/user/libraries/MyOwnBricks/examples/test_pro_micro/test_pro_micro.ino:102:17: error: &#39;LED_BUILTIN_RX&#39; was not declared in this scope
         pinMode(LED_BUILTIN_RX, OUTPUT);
                 ^

</pre>
					
					<h4>examples/tilt_sensor</h4>
					<p>
						Result: <b>FAIL</b>
					</p>
					<pre class="pre-scrollable">/home/ec2-user/arduino-testlib/cli-datadir/user/libraries/MyOwnBricks/examples/tilt_sensor/tilt_sensor.ino: In function &#39;void loop()&#39;:
/home/ec2-user/arduino-testlib/cli-datadir/user/libraries/MyOwnBricks/examples/tilt_sensor/tilt_sensor.ino:49:15: error: &#39;class TiltSensor&#39; has no member named &#39;Process&#39;
     myOwnTilt.Process();
               ^
In file included from /home/ec2-user/arduino-testlib/cli-datadir/user/libraries/MyOwnBricks/src/TiltSensor.h:23:0,
                 from /home/ec2-user/arduino-testlib/cli-datadir/user/libraries/MyOwnBricks/examples/tilt_sensor/tilt_sensor.ino:18:
/home/ec2-user/arduino-testlib/cli-datadir/user/libraries/MyOwnBricks/src/BaseSensor.h:45:10: error: &#39;bool BaseSensor::isConnected()&#39; is inaccessible
     bool isConnected();
          ^
/home/ec2-user/arduino-testlib/cli-datadir/user/libraries/MyOwnBricks/examples/tilt_sensor/tilt_sensor.ino:51:31: error: within this context
     if (myOwnTilt.isConnected()) {
                               ^
/home/ec2-user/arduino-testlib/cli-datadir/user/libraries/MyOwnBricks/examples/tilt_sensor/tilt_sensor.ino:51:31: error: &#39;BaseSensor&#39; is not an accessible base of &#39;TiltSensor&#39;

</pre>
					
				
			</div>
		</div>
	</div>
  </body>
</html>
