
<!doctype html>
<html lang="en">
  <head>
    <meta charset="utf-8">
    <meta name="viewport" content="width=device-width, initial-scale=1">
    <link href="https://cdn.jsdelivr.net/npm/bootstrap@5.0.2/dist/css/bootstrap.min.css" rel="stylesheet" integrity="sha384-EVSTQN3/azprG1Anm3QDgpJLIm9Nao0Yz1ztcQTwFspd3yD65VohhpuuCOmLASjC" crossorigin="anonymous">
    <title>arduino-testlib report</title>
	<style>
	.pass { background-color: #00FF00 !important; }
	.fail { background-color: #FF0000 !important; }
	</style>
  </head>
  <body>
	<div class="container">
		<div class="row">
			<div class="col">
				<h1>noolite_tx - compatibility matrix</h1>
				<p>
					<small>This report was generated on Monday, 21-Feb-22 12:00:25 CET using 
					<a href="https://github.com/alranel/arduino-testlib">arduino-testlib</a>.</small>
				</p>

				<h2>noolite_tx</h2>
				<p>
					Version: <b>0.2.0</b>
					<br />
					<a href="https://www.arduino.cc/reference/en/libraries/noolite_tx/">More details</a>
				</p>

				<h2>Compatibility matrix</h2>
				<table class="table table-bordered">
					<tr>
						<th>Board</th>
						<th>Claims compatibility</th>
						<th>Inclusion</th>
						
						<th><pre>PT111-DHT22</pre></th>
						
					</tr>
					
					<tr>
						<td>
							<a href="#arduino%3aavr%3auno"><b>arduino:avr:uno</b></a>
							<br />
							<small>1.8.4</small>
						</td>

						
							<td>Yes</td>
							<td class="pass">PASS</td>
						
						
						
						

						
							
								
									
										
											<td class="pass">PASS</td>
											
										
									
								
							
								
							
								
							
								
							
								
							
						
					</tr>
					
					<tr>
						<td>
							<a href="#arduino%3ambed_nano%3ananorp2040connect"><b>arduino:mbed_nano:nanorp2040connect</b></a>
							<br />
							<small>2.7.2</small>
						</td>

						
						
						
							<td>Yes ⚠️</td>
							<td class="fail">FAIL</td>
						
						

						
							
								
							
								
									
										
											
											<td class="fail">FAIL</td>
										
									
								
							
								
							
								
							
								
							
						
					</tr>
					
					<tr>
						<td>
							<a href="#arduino%3amegaavr%3anona4809"><b>arduino:megaavr:nona4809</b></a>
							<br />
							<small>1.8.7</small>
						</td>

						
						
						
							<td>Yes ⚠️</td>
							<td class="fail">FAIL</td>
						
						

						
							
								
							
								
							
								
									
										
											
											<td class="fail">FAIL</td>
										
									
								
							
								
							
								
							
						
					</tr>
					
					<tr>
						<td>
							<a href="#arduino%3asamd%3amkrwifi1010"><b>arduino:samd:mkrwifi1010</b></a>
							<br />
							<small>1.8.12</small>
						</td>

						
						
						
							<td>Yes ⚠️</td>
							<td class="fail">FAIL</td>
						
						

						
							
								
							
								
							
								
							
								
									
										
											
											<td class="fail">FAIL</td>
										
									
								
							
								
							
						
					</tr>
					
					<tr>
						<td>
							<a href="#esp32%3aesp32%3ad1_mini32"><b>esp32:esp32:d1_mini32</b></a>
							<br />
							<small>1.0.6</small>
						</td>

						
						
						
							<td>Yes ⚠️</td>
							<td class="fail">FAIL</td>
						
						

						
							
								
							
								
							
								
							
								
							
								
									
										
											
											<td class="fail">FAIL</td>
										
									
								
							
						
					</tr>
					
				</table>

				<h2>Compilation logs</h2>
				
				<h3 id="arduino:avr:uno">arduino:avr:uno @ 1.8.4</h3>
				<h4>Inclusion</h4>
				<p>
					Result: <b>PASS</b>
					
				</p>
				<pre class="pre-scrollable">Sketch uses 818 bytes (2%) of program storage space. Maximum is 32256 bytes.
Global variables use 13 bytes (0%) of dynamic memory, leaving 2035 bytes for local variables. Maximum is 2048 bytes.
</pre>

					
					<h4>examples/PT111-DHT22</h4>
					<p>
						Result: <b>PASS</b>
					</p>
					<pre class="pre-scrollable">Sketch uses 4890 bytes (15%) of program storage space. Maximum is 32256 bytes.
Global variables use 57 bytes (2%) of dynamic memory, leaving 1991 bytes for local variables. Maximum is 2048 bytes.
</pre>
					
				
				<h3 id="arduino:mbed_nano:nanorp2040connect">arduino:mbed_nano:nanorp2040connect @ 2.7.2</h3>
				<h4>Inclusion</h4>
				<p>
					Result: <b>FAIL</b>
					
				</p>
				<pre class="pre-scrollable">/home/ec2-user/arduino-testlib/cli-datadir/user/libraries/noolite_tx/noolite_tx.cpp:8:10: fatal error: avr/power.h: No such file or directory
 #include &lt;avr/power.h&gt;
          ^~~~~~~~~~~~~
compilation terminated.

</pre>

					
					<h4>examples/PT111-DHT22</h4>
					<p>
						Result: <b>FAIL</b>
					</p>
					<pre class="pre-scrollable">/home/ec2-user/arduino-testlib/cli-datadir/user/libraries/noolite_tx/noolite_tx.cpp:8:10: fatal error: avr/power.h: No such file or directory
 #include &lt;avr/power.h&gt;
          ^~~~~~~~~~~~~
compilation terminated.

</pre>
					
				
				<h3 id="arduino:megaavr:nona4809">arduino:megaavr:nona4809 @ 1.8.7</h3>
				<h4>Inclusion</h4>
				<p>
					Result: <b>FAIL</b>
					
				</p>
				<pre class="pre-scrollable">/home/ec2-user/arduino-testlib/cli-datadir/user/libraries/noolite_tx/noolite_tx.cpp:26:4: error: #error cannot find timer overflow vector
   #error cannot find timer overflow vector
    ^~~~~
/home/ec2-user/arduino-testlib/cli-datadir/user/libraries/noolite_tx/noolite_tx.cpp:28:1: error: expected unqualified-id before &#39;{&#39; token
 {
 ^
/home/ec2-user/arduino-testlib/cli-datadir/user/libraries/noolite_tx/noolite_tx.cpp: In function &#39;void send_bit(uint8_t, uint8_t)&#39;:
/home/ec2-user/arduino-testlib/cli-datadir/user/libraries/noolite_tx/noolite_tx.cpp:62:5: error: &#39;TIMSK1&#39; was not declared in this scope
     TIMSK1 |= (1&lt;&lt;TOIE1);
     ^~~~~~
/home/ec2-user/arduino-testlib/cli-datadir/user/libraries/noolite_tx/noolite_tx.cpp:62:5: note: suggested alternative: &#39;TIMERB1&#39;
     TIMSK1 |= (1&lt;&lt;TOIE1);
     ^~~~~~
     TIMERB1
/home/ec2-user/arduino-testlib/cli-datadir/user/libraries/noolite_tx/noolite_tx.cpp:62:19: error: &#39;TOIE1&#39; was not declared in this scope
     TIMSK1 |= (1&lt;&lt;TOIE1);
                   ^~~~~
/home/ec2-user/arduino-testlib/cli-datadir/user/libraries/noolite_tx/noolite_tx.cpp: In function &#39;void __setup_timer()&#39;:
/home/ec2-user/arduino-testlib/cli-datadir/user/libraries/noolite_tx/noolite_tx.cpp:327:5: error: &#39;TCCR1A&#39; was not declared in this scope
     TCCR1A = 0;
     ^~~~~~
/home/ec2-user/arduino-testlib/cli-datadir/user/libraries/noolite_tx/noolite_tx.cpp:327:5: note: suggested alternative: &#39;TCB1&#39;
     TCCR1A = 0;
     ^~~~~~
     TCB1
/home/ec2-user/arduino-testlib/cli-datadir/user/libraries/noolite_tx/noolite_tx.cpp:328:5: error: &#39;TCCR1B&#39; was not declared in this scope
     TCCR1B = 0;
     ^~~~~~
/home/ec2-user/arduino-testlib/cli-datadir/user/libraries/noolite_tx/noolite_tx.cpp:328:5: note: suggested alternative: &#39;TCB1&#39;
     TCCR1B = 0;
     ^~~~~~
     TCB1
/home/ec2-user/arduino-testlib/cli-datadir/user/libraries/noolite_tx/noolite_tx.cpp:341:5: error: &#39;TCNT1&#39; was not declared in this scope
     TCNT1 = 0;
     ^~~~~
/home/ec2-user/arduino-testlib/cli-datadir/user/libraries/noolite_tx/noolite_tx.cpp:341:5: note: suggested alternative: &#39;TCB1&#39;
     TCNT1 = 0;
     ^~~~~
     TCB1
/home/ec2-user/arduino-testlib/cli-datadir/user/libraries/noolite_tx/noolite_tx.cpp:343:5: error: &#39;OCR1A&#39; was not declared in this scope
     OCR1A = 0;
     ^~~~~
/home/ec2-user/arduino-testlib/cli-datadir/user/libraries/noolite_tx/noolite_tx.cpp:344:5: error: &#39;OCR1B&#39; was not declared in this scope
     OCR1B = 0;
     ^~~~~
/home/ec2-user/arduino-testlib/cli-datadir/user/libraries/noolite_tx/noolite_tx.cpp:347:19: error: &#39;WGM11&#39; was not declared in this scope
     TCCR1A |= (1&lt;&lt;WGM11) | (1&lt;&lt;WGM10);
                   ^~~~~
/home/ec2-user/arduino-testlib/cli-datadir/user/libraries/noolite_tx/noolite_tx.cpp:347:32: error: &#39;WGM10&#39; was not declared in this scope
     TCCR1A |= (1&lt;&lt;WGM11) | (1&lt;&lt;WGM10);
                                ^~~~~
/home/ec2-user/arduino-testlib/cli-datadir/user/libraries/noolite_tx/noolite_tx.cpp:348:19: error: &#39;WGM13&#39; was not declared in this scope
     TCCR1B |= (1&lt;&lt;WGM13) | (1&lt;&lt;WGM12);
                   ^~~~~
/home/ec2-user/arduino-testlib/cli-datadir/user/libraries/noolite_tx/noolite_tx.cpp:348:32: error: &#39;WGM12&#39; was not declared in this scope
     TCCR1B |= (1&lt;&lt;WGM13) | (1&lt;&lt;WGM12);
                                ^~~~~
/home/ec2-user/arduino-testlib/cli-datadir/user/libraries/noolite_tx/noolite_tx.cpp:358:21: error: &#39;CS11&#39; was not declared in this scope
       TCCR1B |= (1&lt;&lt;CS11) | (1&lt;&lt;CS10);
                     ^~~~
/home/ec2-user/arduino-testlib/cli-datadir/user/libraries/noolite_tx/noolite_tx.cpp:358:21: note: suggested alternative: &#39;B111&#39;
       TCCR1B |= (1&lt;&lt;CS11) | (1&lt;&lt;CS10);
                     ^~~~
                     B111
/home/ec2-user/arduino-testlib/cli-datadir/user/libraries/noolite_tx/noolite_tx.cpp:358:33: error: &#39;CS10&#39; was not declared in this scope
       TCCR1B |= (1&lt;&lt;CS11) | (1&lt;&lt;CS10);
                                 ^~~~
/home/ec2-user/arduino-testlib/cli-datadir/user/libraries/noolite_tx/noolite_tx.cpp:358:33: note: suggested alternative: &#39;B110&#39;
       TCCR1B |= (1&lt;&lt;CS11) | (1&lt;&lt;CS10);
                                 ^~~~
                                 B110

</pre>

					
					<h4>examples/PT111-DHT22</h4>
					<p>
						Result: <b>FAIL</b>
					</p>
					<pre class="pre-scrollable">/home/ec2-user/arduino-testlib/cli-datadir/user/libraries/noolite_tx/noolite_tx.cpp:26:4: error: #error cannot find timer overflow vector
   #error cannot find timer overflow vector
    ^~~~~
/home/ec2-user/arduino-testlib/cli-datadir/user/libraries/noolite_tx/noolite_tx.cpp:28:1: error: expected unqualified-id before &#39;{&#39; token
 {
 ^
/home/ec2-user/arduino-testlib/cli-datadir/user/libraries/noolite_tx/noolite_tx.cpp: In function &#39;void send_bit(uint8_t, uint8_t)&#39;:
/home/ec2-user/arduino-testlib/cli-datadir/user/libraries/noolite_tx/noolite_tx.cpp:62:5: error: &#39;TIMSK1&#39; was not declared in this scope
     TIMSK1 |= (1&lt;&lt;TOIE1);
     ^~~~~~
/home/ec2-user/arduino-testlib/cli-datadir/user/libraries/noolite_tx/noolite_tx.cpp:62:5: note: suggested alternative: &#39;TIMERB1&#39;
     TIMSK1 |= (1&lt;&lt;TOIE1);
     ^~~~~~
     TIMERB1
/home/ec2-user/arduino-testlib/cli-datadir/user/libraries/noolite_tx/noolite_tx.cpp:62:19: error: &#39;TOIE1&#39; was not declared in this scope
     TIMSK1 |= (1&lt;&lt;TOIE1);
                   ^~~~~
/home/ec2-user/arduino-testlib/cli-datadir/user/libraries/noolite_tx/noolite_tx.cpp: In function &#39;void __setup_timer()&#39;:
/home/ec2-user/arduino-testlib/cli-datadir/user/libraries/noolite_tx/noolite_tx.cpp:327:5: error: &#39;TCCR1A&#39; was not declared in this scope
     TCCR1A = 0;
     ^~~~~~
/home/ec2-user/arduino-testlib/cli-datadir/user/libraries/noolite_tx/noolite_tx.cpp:327:5: note: suggested alternative: &#39;TCB1&#39;
     TCCR1A = 0;
     ^~~~~~
     TCB1
/home/ec2-user/arduino-testlib/cli-datadir/user/libraries/noolite_tx/noolite_tx.cpp:328:5: error: &#39;TCCR1B&#39; was not declared in this scope
     TCCR1B = 0;
     ^~~~~~
/home/ec2-user/arduino-testlib/cli-datadir/user/libraries/noolite_tx/noolite_tx.cpp:328:5: note: suggested alternative: &#39;TCB1&#39;
     TCCR1B = 0;
     ^~~~~~
     TCB1
/home/ec2-user/arduino-testlib/cli-datadir/user/libraries/noolite_tx/noolite_tx.cpp:341:5: error: &#39;TCNT1&#39; was not declared in this scope
     TCNT1 = 0;
     ^~~~~
/home/ec2-user/arduino-testlib/cli-datadir/user/libraries/noolite_tx/noolite_tx.cpp:341:5: note: suggested alternative: &#39;TCB1&#39;
     TCNT1 = 0;
     ^~~~~
     TCB1
/home/ec2-user/arduino-testlib/cli-datadir/user/libraries/noolite_tx/noolite_tx.cpp:343:5: error: &#39;OCR1A&#39; was not declared in this scope
     OCR1A = 0;
     ^~~~~
/home/ec2-user/arduino-testlib/cli-datadir/user/libraries/noolite_tx/noolite_tx.cpp:344:5: error: &#39;OCR1B&#39; was not declared in this scope
     OCR1B = 0;
     ^~~~~
/home/ec2-user/arduino-testlib/cli-datadir/user/libraries/noolite_tx/noolite_tx.cpp:347:19: error: &#39;WGM11&#39; was not declared in this scope
     TCCR1A |= (1&lt;&lt;WGM11) | (1&lt;&lt;WGM10);
                   ^~~~~
/home/ec2-user/arduino-testlib/cli-datadir/user/libraries/noolite_tx/noolite_tx.cpp:347:32: error: &#39;WGM10&#39; was not declared in this scope
     TCCR1A |= (1&lt;&lt;WGM11) | (1&lt;&lt;WGM10);
                                ^~~~~
/home/ec2-user/arduino-testlib/cli-datadir/user/libraries/noolite_tx/noolite_tx.cpp:348:19: error: &#39;WGM13&#39; was not declared in this scope
     TCCR1B |= (1&lt;&lt;WGM13) | (1&lt;&lt;WGM12);
                   ^~~~~
/home/ec2-user/arduino-testlib/cli-datadir/user/libraries/noolite_tx/noolite_tx.cpp:348:32: error: &#39;WGM12&#39; was not declared in this scope
     TCCR1B |= (1&lt;&lt;WGM13) | (1&lt;&lt;WGM12);
                                ^~~~~
/home/ec2-user/arduino-testlib/cli-datadir/user/libraries/noolite_tx/noolite_tx.cpp:358:21: error: &#39;CS11&#39; was not declared in this scope
       TCCR1B |= (1&lt;&lt;CS11) | (1&lt;&lt;CS10);
                     ^~~~
/home/ec2-user/arduino-testlib/cli-datadir/user/libraries/noolite_tx/noolite_tx.cpp:358:21: note: suggested alternative: &#39;B111&#39;
       TCCR1B |= (1&lt;&lt;CS11) | (1&lt;&lt;CS10);
                     ^~~~
                     B111
/home/ec2-user/arduino-testlib/cli-datadir/user/libraries/noolite_tx/noolite_tx.cpp:358:33: error: &#39;CS10&#39; was not declared in this scope
       TCCR1B |= (1&lt;&lt;CS11) | (1&lt;&lt;CS10);
                                 ^~~~
/home/ec2-user/arduino-testlib/cli-datadir/user/libraries/noolite_tx/noolite_tx.cpp:358:33: note: suggested alternative: &#39;B110&#39;
       TCCR1B |= (1&lt;&lt;CS11) | (1&lt;&lt;CS10);
                                 ^~~~
                                 B110

</pre>
					
				
				<h3 id="arduino:samd:mkrwifi1010">arduino:samd:mkrwifi1010 @ 1.8.12</h3>
				<h4>Inclusion</h4>
				<p>
					Result: <b>FAIL</b>
					
				</p>
				<pre class="pre-scrollable">/home/ec2-user/arduino-testlib/cli-datadir/user/libraries/noolite_tx/noolite_tx.cpp:8:10: fatal error: avr/power.h: No such file or directory
 #include &lt;avr/power.h&gt;
          ^~~~~~~~~~~~~
compilation terminated.

</pre>

					
					<h4>examples/PT111-DHT22</h4>
					<p>
						Result: <b>FAIL</b>
					</p>
					<pre class="pre-scrollable">/home/ec2-user/arduino-testlib/cli-datadir/user/libraries/noolite_tx/noolite_tx.cpp:8:10: fatal error: avr/power.h: No such file or directory
 #include &lt;avr/power.h&gt;
          ^~~~~~~~~~~~~
compilation terminated.

</pre>
					
				
				<h3 id="esp32:esp32:d1_mini32">esp32:esp32:d1_mini32 @ 1.0.6</h3>
				<h4>Inclusion</h4>
				<p>
					Result: <b>FAIL</b>
					
				</p>
				<pre class="pre-scrollable">/home/ec2-user/arduino-testlib/cli-datadir/user/libraries/noolite_tx/noolite_tx.cpp:8:23: fatal error: avr/power.h: No such file or directory
compilation terminated.

</pre>

					
					<h4>examples/PT111-DHT22</h4>
					<p>
						Result: <b>FAIL</b>
					</p>
					<pre class="pre-scrollable">/home/ec2-user/arduino-testlib/cli-datadir/user/libraries/noolite_tx/noolite_tx.cpp:8:23: fatal error: avr/power.h: No such file or directory
compilation terminated.

</pre>
					
				
			</div>
		</div>
	</div>
  </body>
</html>
