
<!doctype html>
<html lang="en">
  <head>
    <meta charset="utf-8">
    <meta name="viewport" content="width=device-width, initial-scale=1">
    <link href="https://cdn.jsdelivr.net/npm/bootstrap@5.0.2/dist/css/bootstrap.min.css" rel="stylesheet" integrity="sha384-EVSTQN3/azprG1Anm3QDgpJLIm9Nao0Yz1ztcQTwFspd3yD65VohhpuuCOmLASjC" crossorigin="anonymous">
    <title>arduino-testlib report</title>
	<style>
	.pass { background-color: #00FF00 !important; }
	.fail { background-color: #FF0000 !important; }
	</style>
  </head>
  <body>
	<div class="container">
		<div class="row">
			<div class="col">
				<h1>Opentherm - compatibility matrix</h1>
				<p>
					<small>This report was generated on Monday, 21-Feb-22 12:00:25 CET using 
					<a href="https://github.com/alranel/arduino-testlib">arduino-testlib</a>.</small>
				</p>

				<h2>Opentherm</h2>
				<p>
					Version: <b>1.1</b>
					<br />
					<a href="https://www.arduino.cc/reference/en/libraries/opentherm/">More details</a>
				</p>

				<h2>Compatibility matrix</h2>
				<table class="table table-bordered">
					<tr>
						<th>Board</th>
						<th>Claims compatibility</th>
						<th>Inclusion</th>
						
						<th><pre>gateway</pre></th>
						
						<th><pre>master</pre></th>
						
						<th><pre>slave</pre></th>
						
					</tr>
					
					<tr>
						<td>
							<a href="#arduino%3aavr%3auno"><b>arduino:avr:uno</b></a>
							<br />
							<small>1.8.4</small>
						</td>

						
							<td>Yes</td>
							<td class="pass">PASS</td>
						
						
						
						

						
							
								
									
										
											<td class="pass">PASS</td>
											
										
									
										
									
										
									
								
							
								
							
								
							
								
							
								
							
						
							
								
									
										
									
										
											<td class="pass">PASS</td>
											
										
									
										
									
								
							
								
							
								
							
								
							
								
							
						
							
								
									
										
									
										
									
										
											<td class="pass">PASS</td>
											
										
									
								
							
								
							
								
							
								
							
								
							
						
					</tr>
					
					<tr>
						<td>
							<a href="#arduino%3ambed_nano%3ananorp2040connect"><b>arduino:mbed_nano:nanorp2040connect</b></a>
							<br />
							<small>2.7.2</small>
						</td>

						
						
						
						
							<td>No</td>
							<td class="fail">FAIL</td>
						

						
							
								
							
								
									
										
											
											<td class="fail">FAIL</td>
										
									
										
									
										
									
								
							
								
							
								
							
								
							
						
							
								
							
								
									
										
									
										
											
											<td class="fail">FAIL</td>
										
									
										
									
								
							
								
							
								
							
								
							
						
							
								
							
								
									
										
									
										
									
										
											
											<td class="fail">FAIL</td>
										
									
								
							
								
							
								
							
								
							
						
					</tr>
					
					<tr>
						<td>
							<a href="#arduino%3amegaavr%3anona4809"><b>arduino:megaavr:nona4809</b></a>
							<br />
							<small>1.8.7</small>
						</td>

						
						
						
						
							<td>No</td>
							<td class="fail">FAIL</td>
						

						
							
								
							
								
							
								
									
										
											
											<td class="fail">FAIL</td>
										
									
										
									
										
									
								
							
								
							
								
							
						
							
								
							
								
							
								
									
										
									
										
											
											<td class="fail">FAIL</td>
										
									
										
									
								
							
								
							
								
							
						
							
								
							
								
							
								
									
										
									
										
									
										
											
											<td class="fail">FAIL</td>
										
									
								
							
								
							
								
							
						
					</tr>
					
					<tr>
						<td>
							<a href="#arduino%3asamd%3amkrwifi1010"><b>arduino:samd:mkrwifi1010</b></a>
							<br />
							<small>1.8.12</small>
						</td>

						
						
						
						
							<td>No</td>
							<td class="fail">FAIL</td>
						

						
							
								
							
								
							
								
							
								
									
										
											
											<td class="fail">FAIL</td>
										
									
										
									
										
									
								
							
								
							
						
							
								
							
								
							
								
							
								
									
										
									
										
											
											<td class="fail">FAIL</td>
										
									
										
									
								
							
								
							
						
							
								
							
								
							
								
							
								
									
										
									
										
									
										
											
											<td class="fail">FAIL</td>
										
									
								
							
								
							
						
					</tr>
					
					<tr>
						<td>
							<a href="#esp32%3aesp32%3ad1_mini32"><b>esp32:esp32:d1_mini32</b></a>
							<br />
							<small>1.0.6</small>
						</td>

						
						
						
						
							<td>No</td>
							<td class="fail">FAIL</td>
						

						
							
								
							
								
							
								
							
								
							
								
									
										
											
											<td class="fail">FAIL</td>
										
									
										
									
										
									
								
							
						
							
								
							
								
							
								
							
								
							
								
									
										
									
										
											
											<td class="fail">FAIL</td>
										
									
										
									
								
							
						
							
								
							
								
							
								
							
								
							
								
									
										
									
										
									
										
											
											<td class="fail">FAIL</td>
										
									
								
							
						
					</tr>
					
				</table>

				<h2>Compilation logs</h2>
				
				<h3 id="arduino:avr:uno">arduino:avr:uno @ 1.8.4</h3>
				<h4>Inclusion</h4>
				<p>
					Result: <b>PASS</b>
					
				</p>
				<pre class="pre-scrollable">Sketch uses 2504 bytes (7%) of program storage space. Maximum is 32256 bytes.
Global variables use 198 bytes (9%) of dynamic memory, leaving 1850 bytes for local variables. Maximum is 2048 bytes.
</pre>

					
					<h4>examples/gateway</h4>
					<p>
						Result: <b>PASS</b>
					</p>
					<pre class="pre-scrollable">Sketch uses 3982 bytes (12%) of program storage space. Maximum is 32256 bytes.
Global variables use 297 bytes (14%) of dynamic memory, leaving 1751 bytes for local variables. Maximum is 2048 bytes.
</pre>
					
					<h4>examples/master</h4>
					<p>
						Result: <b>PASS</b>
					</p>
					<pre class="pre-scrollable">Sketch uses 4012 bytes (12%) of program storage space. Maximum is 32256 bytes.
Global variables use 295 bytes (14%) of dynamic memory, leaving 1753 bytes for local variables. Maximum is 2048 bytes.
</pre>
					
					<h4>examples/slave</h4>
					<p>
						Result: <b>PASS</b>
					</p>
					<pre class="pre-scrollable">Sketch uses 4006 bytes (12%) of program storage space. Maximum is 32256 bytes.
Global variables use 285 bytes (13%) of dynamic memory, leaving 1763 bytes for local variables. Maximum is 2048 bytes.
</pre>
					
				
				<h3 id="arduino:mbed_nano:nanorp2040connect">arduino:mbed_nano:nanorp2040connect @ 2.7.2</h3>
				<h4>Inclusion</h4>
				<p>
					Result: <b>FAIL</b>
					
				</p>
				<pre class="pre-scrollable">WARNING: library Opentherm claims to run on avr, esp8266 architecture(s) and may be incompatible with your current board which runs on mbed_nano architecture(s).
/home/ec2-user/arduino-testlib/cli-datadir/user/libraries/Opentherm/src/opentherm.cpp:101:27: error: no &#39;void OPENTHERM::_timerISR()&#39; member function declared in class &#39;OPENTHERM&#39;
 void OPENTHERM::_timerISR() {
                           ^

</pre>

					
					<h4>examples/gateway</h4>
					<p>
						Result: <b>FAIL</b>
					</p>
					<pre class="pre-scrollable">WARNING: library Opentherm claims to run on avr, esp8266 architecture(s) and may be incompatible with your current board which runs on mbed_nano architecture(s).
/home/ec2-user/arduino-testlib/cli-datadir/user/libraries/Opentherm/src/opentherm.cpp:101:27: error: no &#39;void OPENTHERM::_timerISR()&#39; member function declared in class &#39;OPENTHERM&#39;
 void OPENTHERM::_timerISR() {
                           ^

</pre>
					
					<h4>examples/master</h4>
					<p>
						Result: <b>FAIL</b>
					</p>
					<pre class="pre-scrollable">WARNING: library Opentherm claims to run on avr, esp8266 architecture(s) and may be incompatible with your current board which runs on mbed_nano architecture(s).
/home/ec2-user/arduino-testlib/cli-datadir/user/libraries/Opentherm/src/opentherm.cpp:101:27: error: no &#39;void OPENTHERM::_timerISR()&#39; member function declared in class &#39;OPENTHERM&#39;
 void OPENTHERM::_timerISR() {
                           ^

</pre>
					
					<h4>examples/slave</h4>
					<p>
						Result: <b>FAIL</b>
					</p>
					<pre class="pre-scrollable">WARNING: library Opentherm claims to run on avr, esp8266 architecture(s) and may be incompatible with your current board which runs on mbed_nano architecture(s).
/home/ec2-user/arduino-testlib/cli-datadir/user/libraries/Opentherm/src/opentherm.cpp:101:27: error: no &#39;void OPENTHERM::_timerISR()&#39; member function declared in class &#39;OPENTHERM&#39;
 void OPENTHERM::_timerISR() {
                           ^

</pre>
					
				
				<h3 id="arduino:megaavr:nona4809">arduino:megaavr:nona4809 @ 1.8.7</h3>
				<h4>Inclusion</h4>
				<p>
					Result: <b>FAIL</b>
					
				</p>
				<pre class="pre-scrollable">WARNING: library Opentherm claims to run on avr, esp8266 architecture(s) and may be incompatible with your current board which runs on megaavr architecture(s).
/home/ec2-user/arduino-testlib/cli-datadir/user/libraries/Opentherm/src/opentherm.cpp: In static member function &#39;static void OPENTHERM::_startReadTimer()&#39;:
/home/ec2-user/arduino-testlib/cli-datadir/user/libraries/Opentherm/src/opentherm.cpp:240:3: error: &#39;TCCR2A&#39; was not declared in this scope
   TCCR2A = 0; // set entire TCCR2A register to 0
   ^~~~~~
/home/ec2-user/arduino-testlib/cli-datadir/user/libraries/Opentherm/src/opentherm.cpp:240:3: note: suggested alternative: &#39;TCB2&#39;
   TCCR2A = 0; // set entire TCCR2A register to 0
   ^~~~~~
   TCB2
/home/ec2-user/arduino-testlib/cli-datadir/user/libraries/Opentherm/src/opentherm.cpp:241:3: error: &#39;TCCR2B&#39; was not declared in this scope
   TCCR2B = 0; // same for TCCR2B
   ^~~~~~
/home/ec2-user/arduino-testlib/cli-datadir/user/libraries/Opentherm/src/opentherm.cpp:241:3: note: suggested alternative: &#39;TCB2&#39;
   TCCR2B = 0; // same for TCCR2B
   ^~~~~~
   TCB2
/home/ec2-user/arduino-testlib/cli-datadir/user/libraries/Opentherm/src/opentherm.cpp:242:3: error: &#39;TCNT2&#39; was not declared in this scope
   TCNT2  = 0; //initialize counter value to 0
   ^~~~~
/home/ec2-user/arduino-testlib/cli-datadir/user/libraries/Opentherm/src/opentherm.cpp:242:3: note: suggested alternative: &#39;TCB2&#39;
   TCNT2  = 0; //initialize counter value to 0
   ^~~~~
   TCB2
/home/ec2-user/arduino-testlib/cli-datadir/user/libraries/Opentherm/src/opentherm.cpp:244:3: error: &#39;OCR2A&#39; was not declared in this scope
   OCR2A = 99; // = (16*10^6) / (5000*32) - 1 (must be &lt;256)
   ^~~~~
/home/ec2-user/arduino-testlib/cli-datadir/user/libraries/Opentherm/src/opentherm.cpp:245:19: error: &#39;WGM21&#39; was not declared in this scope
   TCCR2A |= (1 &lt;&lt; WGM21); // turn on CTC mode
                   ^~~~~
/home/ec2-user/arduino-testlib/cli-datadir/user/libraries/Opentherm/src/opentherm.cpp:246:19: error: &#39;CS21&#39; was not declared in this scope
   TCCR2B |= (1 &lt;&lt; CS21) | (1 &lt;&lt; CS20); // Set CS21 &amp; CS20 bit for 32 prescaler
                   ^~~~
/home/ec2-user/arduino-testlib/cli-datadir/user/libraries/Opentherm/src/opentherm.cpp:246:33: error: &#39;CS20&#39; was not declared in this scope
   TCCR2B |= (1 &lt;&lt; CS21) | (1 &lt;&lt; CS20); // Set CS21 &amp; CS20 bit for 32 prescaler
                                 ^~~~
/home/ec2-user/arduino-testlib/cli-datadir/user/libraries/Opentherm/src/opentherm.cpp:247:3: error: &#39;TIMSK2&#39; was not declared in this scope
   TIMSK2 |= (1 &lt;&lt; OCIE2A); // enable timer compare interrupt
   ^~~~~~
/home/ec2-user/arduino-testlib/cli-datadir/user/libraries/Opentherm/src/opentherm.cpp:247:3: note: suggested alternative: &#39;TIMERB2&#39;
   TIMSK2 |= (1 &lt;&lt; OCIE2A); // enable timer compare interrupt
   ^~~~~~
   TIMERB2
/home/ec2-user/arduino-testlib/cli-datadir/user/libraries/Opentherm/src/opentherm.cpp:247:19: error: &#39;OCIE2A&#39; was not declared in this scope
   TIMSK2 |= (1 &lt;&lt; OCIE2A); // enable timer compare interrupt
                   ^~~~~~
/home/ec2-user/arduino-testlib/cli-datadir/user/libraries/Opentherm/src/opentherm.cpp: In static member function &#39;static void OPENTHERM::_startWriteTimer()&#39;:
/home/ec2-user/arduino-testlib/cli-datadir/user/libraries/Opentherm/src/opentherm.cpp:254:3: error: &#39;TCCR2A&#39; was not declared in this scope
   TCCR2A = 0; // set entire TCCR2A register to 0
   ^~~~~~
/home/ec2-user/arduino-testlib/cli-datadir/user/libraries/Opentherm/src/opentherm.cpp:254:3: note: suggested alternative: &#39;TCB2&#39;
   TCCR2A = 0; // set entire TCCR2A register to 0
   ^~~~~~
   TCB2
/home/ec2-user/arduino-testlib/cli-datadir/user/libraries/Opentherm/src/opentherm.cpp:255:3: error: &#39;TCCR2B&#39; was not declared in this scope
   TCCR2B = 0; // same for TCCR2B
   ^~~~~~
/home/ec2-user/arduino-testlib/cli-datadir/user/libraries/Opentherm/src/opentherm.cpp:255:3: note: suggested alternative: &#39;TCB2&#39;
   TCCR2B = 0; // same for TCCR2B
   ^~~~~~
   TCB2
/home/ec2-user/arduino-testlib/cli-datadir/user/libraries/Opentherm/src/opentherm.cpp:256:3: error: &#39;TCNT2&#39; was not declared in this scope
   TCNT2  = 0; //initialize counter value to 0
   ^~~~~
/home/ec2-user/arduino-testlib/cli-datadir/user/libraries/Opentherm/src/opentherm.cpp:256:3: note: suggested alternative: &#39;TCB2&#39;
   TCNT2  = 0; //initialize counter value to 0
   ^~~~~
   TCB2
/home/ec2-user/arduino-testlib/cli-datadir/user/libraries/Opentherm/src/opentherm.cpp:258:3: error: &#39;OCR2A&#39; was not declared in this scope
   OCR2A = 252;// = (16*10^6) / (2080*32) - 1 (must be &lt;256)
   ^~~~~
/home/ec2-user/arduino-testlib/cli-datadir/user/libraries/Opentherm/src/opentherm.cpp:259:19: error: &#39;WGM21&#39; was not declared in this scope
   TCCR2A |= (1 &lt;&lt; WGM21); // turn on CTC mode
                   ^~~~~
/home/ec2-user/arduino-testlib/cli-datadir/user/libraries/Opentherm/src/opentherm.cpp:260:19: error: &#39;CS21&#39; was not declared in this scope
   TCCR2B |= (1 &lt;&lt; CS21) | (1 &lt;&lt; CS20); // Set CS21 &amp; CS20 bit for 32 prescaler
                   ^~~~
/home/ec2-user/arduino-testlib/cli-datadir/user/libraries/Opentherm/src/opentherm.cpp:260:33: error: &#39;CS20&#39; was not declared in this scope
   TCCR2B |= (1 &lt;&lt; CS21) | (1 &lt;&lt; CS20); // Set CS21 &amp; CS20 bit for 32 prescaler
                                 ^~~~
/home/ec2-user/arduino-testlib/cli-datadir/user/libraries/Opentherm/src/opentherm.cpp:261:3: error: &#39;TIMSK2&#39; was not declared in this scope
   TIMSK2 |= (1 &lt;&lt; OCIE2A); // enable timer compare interrupt
   ^~~~~~
/home/ec2-user/arduino-testlib/cli-datadir/user/libraries/Opentherm/src/opentherm.cpp:261:3: note: suggested alternative: &#39;TIMERB2&#39;
   TIMSK2 |= (1 &lt;&lt; OCIE2A); // enable timer compare interrupt
   ^~~~~~
   TIMERB2
/home/ec2-user/arduino-testlib/cli-datadir/user/libraries/Opentherm/src/opentherm.cpp:261:19: error: &#39;OCIE2A&#39; was not declared in this scope
   TIMSK2 |= (1 &lt;&lt; OCIE2A); // enable timer compare interrupt
                   ^~~~~~
/home/ec2-user/arduino-testlib/cli-datadir/user/libraries/Opentherm/src/opentherm.cpp: In static member function &#39;static void OPENTHERM::_startTimeoutTimer()&#39;:
/home/ec2-user/arduino-testlib/cli-datadir/user/libraries/Opentherm/src/opentherm.cpp:268:3: error: &#39;TCCR2A&#39; was not declared in this scope
   TCCR2A = 0; // set entire TCCR2A register to 0
   ^~~~~~
/home/ec2-user/arduino-testlib/cli-datadir/user/libraries/Opentherm/src/opentherm.cpp:268:3: note: suggested alternative: &#39;TCB2&#39;
   TCCR2A = 0; // set entire TCCR2A register to 0
   ^~~~~~
   TCB2
/home/ec2-user/arduino-testlib/cli-datadir/user/libraries/Opentherm/src/opentherm.cpp:269:3: error: &#39;TCCR2B&#39; was not declared in this scope
   TCCR2B = 0; // same for TCCR2B
   ^~~~~~
/home/ec2-user/arduino-testlib/cli-datadir/user/libraries/Opentherm/src/opentherm.cpp:269:3: note: suggested alternative: &#39;TCB2&#39;
   TCCR2B = 0; // same for TCCR2B
   ^~~~~~
   TCB2
/home/ec2-user/arduino-testlib/cli-datadir/user/libraries/Opentherm/src/opentherm.cpp:270:3: error: &#39;TCNT2&#39; was not declared in this scope
   TCNT2  = 0; //initialize counter value to 0
   ^~~~~
/home/ec2-user/arduino-testlib/cli-datadir/user/libraries/Opentherm/src/opentherm.cpp:270:3: note: suggested alternative: &#39;TCB2&#39;
   TCNT2  = 0; //initialize counter value to 0
   ^~~~~
   TCB2
/home/ec2-user/arduino-testlib/cli-datadir/user/libraries/Opentherm/src/opentherm.cpp:272:3: error: &#39;OCR2A&#39; was not declared in this scope
   OCR2A = 249; // = (16*10^6) / (1000*64) - 1 (must be &lt;256)
   ^~~~~
/home/ec2-user/arduino-testlib/cli-datadir/user/libraries/Opentherm/src/opentherm.cpp:273:19: error: &#39;WGM21&#39; was not declared in this scope
   TCCR2A |= (1 &lt;&lt; WGM21); // turn on CTC mode
                   ^~~~~
/home/ec2-user/arduino-testlib/cli-datadir/user/libraries/Opentherm/src/opentherm.cpp:274:19: error: &#39;CS22&#39; was not declared in this scope
   TCCR2B |= (1 &lt;&lt; CS22); // Set CS22 bit for 64 prescaler
                   ^~~~
/home/ec2-user/arduino-testlib/cli-datadir/user/libraries/Opentherm/src/opentherm.cpp:275:3: error: &#39;TIMSK2&#39; was not declared in this scope
   TIMSK2 |= (1 &lt;&lt; OCIE2A); // enable timer compare interrupt
   ^~~~~~
/home/ec2-user/arduino-testlib/cli-datadir/user/libraries/Opentherm/src/opentherm.cpp:275:3: note: suggested alternative: &#39;TIMERB2&#39;
   TIMSK2 |= (1 &lt;&lt; OCIE2A); // enable timer compare interrupt
   ^~~~~~
   TIMERB2
/home/ec2-user/arduino-testlib/cli-datadir/user/libraries/Opentherm/src/opentherm.cpp:275:19: error: &#39;OCIE2A&#39; was not declared in this scope
   TIMSK2 |= (1 &lt;&lt; OCIE2A); // enable timer compare interrupt
                   ^~~~~~
/home/ec2-user/arduino-testlib/cli-datadir/user/libraries/Opentherm/src/opentherm.cpp: In static member function &#39;static void OPENTHERM::_stopTimer()&#39;:
/home/ec2-user/arduino-testlib/cli-datadir/user/libraries/Opentherm/src/opentherm.cpp:281:3: error: &#39;TIMSK2&#39; was not declared in this scope
   TIMSK2 = 0;
   ^~~~~~
/home/ec2-user/arduino-testlib/cli-datadir/user/libraries/Opentherm/src/opentherm.cpp:281:3: note: suggested alternative: &#39;TIMERB2&#39;
   TIMSK2 = 0;
   ^~~~~~
   TIMERB2

</pre>

					
					<h4>examples/gateway</h4>
					<p>
						Result: <b>FAIL</b>
					</p>
					<pre class="pre-scrollable">WARNING: library Opentherm claims to run on avr, esp8266 architecture(s) and may be incompatible with your current board which runs on megaavr architecture(s).
/home/ec2-user/arduino-testlib/cli-datadir/user/libraries/Opentherm/src/opentherm.cpp: In static member function &#39;static void OPENTHERM::_startReadTimer()&#39;:
/home/ec2-user/arduino-testlib/cli-datadir/user/libraries/Opentherm/src/opentherm.cpp:240:3: error: &#39;TCCR2A&#39; was not declared in this scope
   TCCR2A = 0; // set entire TCCR2A register to 0
   ^~~~~~
/home/ec2-user/arduino-testlib/cli-datadir/user/libraries/Opentherm/src/opentherm.cpp:240:3: note: suggested alternative: &#39;TCB2&#39;
   TCCR2A = 0; // set entire TCCR2A register to 0
   ^~~~~~
   TCB2
/home/ec2-user/arduino-testlib/cli-datadir/user/libraries/Opentherm/src/opentherm.cpp:241:3: error: &#39;TCCR2B&#39; was not declared in this scope
   TCCR2B = 0; // same for TCCR2B
   ^~~~~~
/home/ec2-user/arduino-testlib/cli-datadir/user/libraries/Opentherm/src/opentherm.cpp:241:3: note: suggested alternative: &#39;TCB2&#39;
   TCCR2B = 0; // same for TCCR2B
   ^~~~~~
   TCB2
/home/ec2-user/arduino-testlib/cli-datadir/user/libraries/Opentherm/src/opentherm.cpp:242:3: error: &#39;TCNT2&#39; was not declared in this scope
   TCNT2  = 0; //initialize counter value to 0
   ^~~~~
/home/ec2-user/arduino-testlib/cli-datadir/user/libraries/Opentherm/src/opentherm.cpp:242:3: note: suggested alternative: &#39;TCB2&#39;
   TCNT2  = 0; //initialize counter value to 0
   ^~~~~
   TCB2
/home/ec2-user/arduino-testlib/cli-datadir/user/libraries/Opentherm/src/opentherm.cpp:244:3: error: &#39;OCR2A&#39; was not declared in this scope
   OCR2A = 99; // = (16*10^6) / (5000*32) - 1 (must be &lt;256)
   ^~~~~
/home/ec2-user/arduino-testlib/cli-datadir/user/libraries/Opentherm/src/opentherm.cpp:245:19: error: &#39;WGM21&#39; was not declared in this scope
   TCCR2A |= (1 &lt;&lt; WGM21); // turn on CTC mode
                   ^~~~~
/home/ec2-user/arduino-testlib/cli-datadir/user/libraries/Opentherm/src/opentherm.cpp:246:19: error: &#39;CS21&#39; was not declared in this scope
   TCCR2B |= (1 &lt;&lt; CS21) | (1 &lt;&lt; CS20); // Set CS21 &amp; CS20 bit for 32 prescaler
                   ^~~~
/home/ec2-user/arduino-testlib/cli-datadir/user/libraries/Opentherm/src/opentherm.cpp:246:33: error: &#39;CS20&#39; was not declared in this scope
   TCCR2B |= (1 &lt;&lt; CS21) | (1 &lt;&lt; CS20); // Set CS21 &amp; CS20 bit for 32 prescaler
                                 ^~~~
/home/ec2-user/arduino-testlib/cli-datadir/user/libraries/Opentherm/src/opentherm.cpp:247:3: error: &#39;TIMSK2&#39; was not declared in this scope
   TIMSK2 |= (1 &lt;&lt; OCIE2A); // enable timer compare interrupt
   ^~~~~~
/home/ec2-user/arduino-testlib/cli-datadir/user/libraries/Opentherm/src/opentherm.cpp:247:3: note: suggested alternative: &#39;TIMERB2&#39;
   TIMSK2 |= (1 &lt;&lt; OCIE2A); // enable timer compare interrupt
   ^~~~~~
   TIMERB2
/home/ec2-user/arduino-testlib/cli-datadir/user/libraries/Opentherm/src/opentherm.cpp:247:19: error: &#39;OCIE2A&#39; was not declared in this scope
   TIMSK2 |= (1 &lt;&lt; OCIE2A); // enable timer compare interrupt
                   ^~~~~~
/home/ec2-user/arduino-testlib/cli-datadir/user/libraries/Opentherm/src/opentherm.cpp: In static member function &#39;static void OPENTHERM::_startWriteTimer()&#39;:
/home/ec2-user/arduino-testlib/cli-datadir/user/libraries/Opentherm/src/opentherm.cpp:254:3: error: &#39;TCCR2A&#39; was not declared in this scope
   TCCR2A = 0; // set entire TCCR2A register to 0
   ^~~~~~
/home/ec2-user/arduino-testlib/cli-datadir/user/libraries/Opentherm/src/opentherm.cpp:254:3: note: suggested alternative: &#39;TCB2&#39;
   TCCR2A = 0; // set entire TCCR2A register to 0
   ^~~~~~
   TCB2
/home/ec2-user/arduino-testlib/cli-datadir/user/libraries/Opentherm/src/opentherm.cpp:255:3: error: &#39;TCCR2B&#39; was not declared in this scope
   TCCR2B = 0; // same for TCCR2B
   ^~~~~~
/home/ec2-user/arduino-testlib/cli-datadir/user/libraries/Opentherm/src/opentherm.cpp:255:3: note: suggested alternative: &#39;TCB2&#39;
   TCCR2B = 0; // same for TCCR2B
   ^~~~~~
   TCB2
/home/ec2-user/arduino-testlib/cli-datadir/user/libraries/Opentherm/src/opentherm.cpp:256:3: error: &#39;TCNT2&#39; was not declared in this scope
   TCNT2  = 0; //initialize counter value to 0
   ^~~~~
/home/ec2-user/arduino-testlib/cli-datadir/user/libraries/Opentherm/src/opentherm.cpp:256:3: note: suggested alternative: &#39;TCB2&#39;
   TCNT2  = 0; //initialize counter value to 0
   ^~~~~
   TCB2
/home/ec2-user/arduino-testlib/cli-datadir/user/libraries/Opentherm/src/opentherm.cpp:258:3: error: &#39;OCR2A&#39; was not declared in this scope
   OCR2A = 252;// = (16*10^6) / (2080*32) - 1 (must be &lt;256)
   ^~~~~
/home/ec2-user/arduino-testlib/cli-datadir/user/libraries/Opentherm/src/opentherm.cpp:259:19: error: &#39;WGM21&#39; was not declared in this scope
   TCCR2A |= (1 &lt;&lt; WGM21); // turn on CTC mode
                   ^~~~~
/home/ec2-user/arduino-testlib/cli-datadir/user/libraries/Opentherm/src/opentherm.cpp:260:19: error: &#39;CS21&#39; was not declared in this scope
   TCCR2B |= (1 &lt;&lt; CS21) | (1 &lt;&lt; CS20); // Set CS21 &amp; CS20 bit for 32 prescaler
                   ^~~~
/home/ec2-user/arduino-testlib/cli-datadir/user/libraries/Opentherm/src/opentherm.cpp:260:33: error: &#39;CS20&#39; was not declared in this scope
   TCCR2B |= (1 &lt;&lt; CS21) | (1 &lt;&lt; CS20); // Set CS21 &amp; CS20 bit for 32 prescaler
                                 ^~~~
/home/ec2-user/arduino-testlib/cli-datadir/user/libraries/Opentherm/src/opentherm.cpp:261:3: error: &#39;TIMSK2&#39; was not declared in this scope
   TIMSK2 |= (1 &lt;&lt; OCIE2A); // enable timer compare interrupt
   ^~~~~~
/home/ec2-user/arduino-testlib/cli-datadir/user/libraries/Opentherm/src/opentherm.cpp:261:3: note: suggested alternative: &#39;TIMERB2&#39;
   TIMSK2 |= (1 &lt;&lt; OCIE2A); // enable timer compare interrupt
   ^~~~~~
   TIMERB2
/home/ec2-user/arduino-testlib/cli-datadir/user/libraries/Opentherm/src/opentherm.cpp:261:19: error: &#39;OCIE2A&#39; was not declared in this scope
   TIMSK2 |= (1 &lt;&lt; OCIE2A); // enable timer compare interrupt
                   ^~~~~~
/home/ec2-user/arduino-testlib/cli-datadir/user/libraries/Opentherm/src/opentherm.cpp: In static member function &#39;static void OPENTHERM::_startTimeoutTimer()&#39;:
/home/ec2-user/arduino-testlib/cli-datadir/user/libraries/Opentherm/src/opentherm.cpp:268:3: error: &#39;TCCR2A&#39; was not declared in this scope
   TCCR2A = 0; // set entire TCCR2A register to 0
   ^~~~~~
/home/ec2-user/arduino-testlib/cli-datadir/user/libraries/Opentherm/src/opentherm.cpp:268:3: note: suggested alternative: &#39;TCB2&#39;
   TCCR2A = 0; // set entire TCCR2A register to 0
   ^~~~~~
   TCB2
/home/ec2-user/arduino-testlib/cli-datadir/user/libraries/Opentherm/src/opentherm.cpp:269:3: error: &#39;TCCR2B&#39; was not declared in this scope
   TCCR2B = 0; // same for TCCR2B
   ^~~~~~
/home/ec2-user/arduino-testlib/cli-datadir/user/libraries/Opentherm/src/opentherm.cpp:269:3: note: suggested alternative: &#39;TCB2&#39;
   TCCR2B = 0; // same for TCCR2B
   ^~~~~~
   TCB2
/home/ec2-user/arduino-testlib/cli-datadir/user/libraries/Opentherm/src/opentherm.cpp:270:3: error: &#39;TCNT2&#39; was not declared in this scope
   TCNT2  = 0; //initialize counter value to 0
   ^~~~~
/home/ec2-user/arduino-testlib/cli-datadir/user/libraries/Opentherm/src/opentherm.cpp:270:3: note: suggested alternative: &#39;TCB2&#39;
   TCNT2  = 0; //initialize counter value to 0
   ^~~~~
   TCB2
/home/ec2-user/arduino-testlib/cli-datadir/user/libraries/Opentherm/src/opentherm.cpp:272:3: error: &#39;OCR2A&#39; was not declared in this scope
   OCR2A = 249; // = (16*10^6) / (1000*64) - 1 (must be &lt;256)
   ^~~~~
/home/ec2-user/arduino-testlib/cli-datadir/user/libraries/Opentherm/src/opentherm.cpp:273:19: error: &#39;WGM21&#39; was not declared in this scope
   TCCR2A |= (1 &lt;&lt; WGM21); // turn on CTC mode
                   ^~~~~
/home/ec2-user/arduino-testlib/cli-datadir/user/libraries/Opentherm/src/opentherm.cpp:274:19: error: &#39;CS22&#39; was not declared in this scope
   TCCR2B |= (1 &lt;&lt; CS22); // Set CS22 bit for 64 prescaler
                   ^~~~
/home/ec2-user/arduino-testlib/cli-datadir/user/libraries/Opentherm/src/opentherm.cpp:275:3: error: &#39;TIMSK2&#39; was not declared in this scope
   TIMSK2 |= (1 &lt;&lt; OCIE2A); // enable timer compare interrupt
   ^~~~~~
/home/ec2-user/arduino-testlib/cli-datadir/user/libraries/Opentherm/src/opentherm.cpp:275:3: note: suggested alternative: &#39;TIMERB2&#39;
   TIMSK2 |= (1 &lt;&lt; OCIE2A); // enable timer compare interrupt
   ^~~~~~
   TIMERB2
/home/ec2-user/arduino-testlib/cli-datadir/user/libraries/Opentherm/src/opentherm.cpp:275:19: error: &#39;OCIE2A&#39; was not declared in this scope
   TIMSK2 |= (1 &lt;&lt; OCIE2A); // enable timer compare interrupt
                   ^~~~~~
/home/ec2-user/arduino-testlib/cli-datadir/user/libraries/Opentherm/src/opentherm.cpp: In static member function &#39;static void OPENTHERM::_stopTimer()&#39;:
/home/ec2-user/arduino-testlib/cli-datadir/user/libraries/Opentherm/src/opentherm.cpp:281:3: error: &#39;TIMSK2&#39; was not declared in this scope
   TIMSK2 = 0;
   ^~~~~~
/home/ec2-user/arduino-testlib/cli-datadir/user/libraries/Opentherm/src/opentherm.cpp:281:3: note: suggested alternative: &#39;TIMERB2&#39;
   TIMSK2 = 0;
   ^~~~~~
   TIMERB2

</pre>
					
					<h4>examples/master</h4>
					<p>
						Result: <b>FAIL</b>
					</p>
					<pre class="pre-scrollable">WARNING: library Opentherm claims to run on avr, esp8266 architecture(s) and may be incompatible with your current board which runs on megaavr architecture(s).
/home/ec2-user/arduino-testlib/cli-datadir/user/libraries/Opentherm/src/opentherm.cpp: In static member function &#39;static void OPENTHERM::_startReadTimer()&#39;:
/home/ec2-user/arduino-testlib/cli-datadir/user/libraries/Opentherm/src/opentherm.cpp:240:3: error: &#39;TCCR2A&#39; was not declared in this scope
   TCCR2A = 0; // set entire TCCR2A register to 0
   ^~~~~~
/home/ec2-user/arduino-testlib/cli-datadir/user/libraries/Opentherm/src/opentherm.cpp:240:3: note: suggested alternative: &#39;TCB2&#39;
   TCCR2A = 0; // set entire TCCR2A register to 0
   ^~~~~~
   TCB2
/home/ec2-user/arduino-testlib/cli-datadir/user/libraries/Opentherm/src/opentherm.cpp:241:3: error: &#39;TCCR2B&#39; was not declared in this scope
   TCCR2B = 0; // same for TCCR2B
   ^~~~~~
/home/ec2-user/arduino-testlib/cli-datadir/user/libraries/Opentherm/src/opentherm.cpp:241:3: note: suggested alternative: &#39;TCB2&#39;
   TCCR2B = 0; // same for TCCR2B
   ^~~~~~
   TCB2
/home/ec2-user/arduino-testlib/cli-datadir/user/libraries/Opentherm/src/opentherm.cpp:242:3: error: &#39;TCNT2&#39; was not declared in this scope
   TCNT2  = 0; //initialize counter value to 0
   ^~~~~
/home/ec2-user/arduino-testlib/cli-datadir/user/libraries/Opentherm/src/opentherm.cpp:242:3: note: suggested alternative: &#39;TCB2&#39;
   TCNT2  = 0; //initialize counter value to 0
   ^~~~~
   TCB2
/home/ec2-user/arduino-testlib/cli-datadir/user/libraries/Opentherm/src/opentherm.cpp:244:3: error: &#39;OCR2A&#39; was not declared in this scope
   OCR2A = 99; // = (16*10^6) / (5000*32) - 1 (must be &lt;256)
   ^~~~~
/home/ec2-user/arduino-testlib/cli-datadir/user/libraries/Opentherm/src/opentherm.cpp:245:19: error: &#39;WGM21&#39; was not declared in this scope
   TCCR2A |= (1 &lt;&lt; WGM21); // turn on CTC mode
                   ^~~~~
/home/ec2-user/arduino-testlib/cli-datadir/user/libraries/Opentherm/src/opentherm.cpp:246:19: error: &#39;CS21&#39; was not declared in this scope
   TCCR2B |= (1 &lt;&lt; CS21) | (1 &lt;&lt; CS20); // Set CS21 &amp; CS20 bit for 32 prescaler
                   ^~~~
/home/ec2-user/arduino-testlib/cli-datadir/user/libraries/Opentherm/src/opentherm.cpp:246:33: error: &#39;CS20&#39; was not declared in this scope
   TCCR2B |= (1 &lt;&lt; CS21) | (1 &lt;&lt; CS20); // Set CS21 &amp; CS20 bit for 32 prescaler
                                 ^~~~
/home/ec2-user/arduino-testlib/cli-datadir/user/libraries/Opentherm/src/opentherm.cpp:247:3: error: &#39;TIMSK2&#39; was not declared in this scope
   TIMSK2 |= (1 &lt;&lt; OCIE2A); // enable timer compare interrupt
   ^~~~~~
/home/ec2-user/arduino-testlib/cli-datadir/user/libraries/Opentherm/src/opentherm.cpp:247:3: note: suggested alternative: &#39;TIMERB2&#39;
   TIMSK2 |= (1 &lt;&lt; OCIE2A); // enable timer compare interrupt
   ^~~~~~
   TIMERB2
/home/ec2-user/arduino-testlib/cli-datadir/user/libraries/Opentherm/src/opentherm.cpp:247:19: error: &#39;OCIE2A&#39; was not declared in this scope
   TIMSK2 |= (1 &lt;&lt; OCIE2A); // enable timer compare interrupt
                   ^~~~~~
/home/ec2-user/arduino-testlib/cli-datadir/user/libraries/Opentherm/src/opentherm.cpp: In static member function &#39;static void OPENTHERM::_startWriteTimer()&#39;:
/home/ec2-user/arduino-testlib/cli-datadir/user/libraries/Opentherm/src/opentherm.cpp:254:3: error: &#39;TCCR2A&#39; was not declared in this scope
   TCCR2A = 0; // set entire TCCR2A register to 0
   ^~~~~~
/home/ec2-user/arduino-testlib/cli-datadir/user/libraries/Opentherm/src/opentherm.cpp:254:3: note: suggested alternative: &#39;TCB2&#39;
   TCCR2A = 0; // set entire TCCR2A register to 0
   ^~~~~~
   TCB2
/home/ec2-user/arduino-testlib/cli-datadir/user/libraries/Opentherm/src/opentherm.cpp:255:3: error: &#39;TCCR2B&#39; was not declared in this scope
   TCCR2B = 0; // same for TCCR2B
   ^~~~~~
/home/ec2-user/arduino-testlib/cli-datadir/user/libraries/Opentherm/src/opentherm.cpp:255:3: note: suggested alternative: &#39;TCB2&#39;
   TCCR2B = 0; // same for TCCR2B
   ^~~~~~
   TCB2
/home/ec2-user/arduino-testlib/cli-datadir/user/libraries/Opentherm/src/opentherm.cpp:256:3: error: &#39;TCNT2&#39; was not declared in this scope
   TCNT2  = 0; //initialize counter value to 0
   ^~~~~
/home/ec2-user/arduino-testlib/cli-datadir/user/libraries/Opentherm/src/opentherm.cpp:256:3: note: suggested alternative: &#39;TCB2&#39;
   TCNT2  = 0; //initialize counter value to 0
   ^~~~~
   TCB2
/home/ec2-user/arduino-testlib/cli-datadir/user/libraries/Opentherm/src/opentherm.cpp:258:3: error: &#39;OCR2A&#39; was not declared in this scope
   OCR2A = 252;// = (16*10^6) / (2080*32) - 1 (must be &lt;256)
   ^~~~~
/home/ec2-user/arduino-testlib/cli-datadir/user/libraries/Opentherm/src/opentherm.cpp:259:19: error: &#39;WGM21&#39; was not declared in this scope
   TCCR2A |= (1 &lt;&lt; WGM21); // turn on CTC mode
                   ^~~~~
/home/ec2-user/arduino-testlib/cli-datadir/user/libraries/Opentherm/src/opentherm.cpp:260:19: error: &#39;CS21&#39; was not declared in this scope
   TCCR2B |= (1 &lt;&lt; CS21) | (1 &lt;&lt; CS20); // Set CS21 &amp; CS20 bit for 32 prescaler
                   ^~~~
/home/ec2-user/arduino-testlib/cli-datadir/user/libraries/Opentherm/src/opentherm.cpp:260:33: error: &#39;CS20&#39; was not declared in this scope
   TCCR2B |= (1 &lt;&lt; CS21) | (1 &lt;&lt; CS20); // Set CS21 &amp; CS20 bit for 32 prescaler
                                 ^~~~
/home/ec2-user/arduino-testlib/cli-datadir/user/libraries/Opentherm/src/opentherm.cpp:261:3: error: &#39;TIMSK2&#39; was not declared in this scope
   TIMSK2 |= (1 &lt;&lt; OCIE2A); // enable timer compare interrupt
   ^~~~~~
/home/ec2-user/arduino-testlib/cli-datadir/user/libraries/Opentherm/src/opentherm.cpp:261:3: note: suggested alternative: &#39;TIMERB2&#39;
   TIMSK2 |= (1 &lt;&lt; OCIE2A); // enable timer compare interrupt
   ^~~~~~
   TIMERB2
/home/ec2-user/arduino-testlib/cli-datadir/user/libraries/Opentherm/src/opentherm.cpp:261:19: error: &#39;OCIE2A&#39; was not declared in this scope
   TIMSK2 |= (1 &lt;&lt; OCIE2A); // enable timer compare interrupt
                   ^~~~~~
/home/ec2-user/arduino-testlib/cli-datadir/user/libraries/Opentherm/src/opentherm.cpp: In static member function &#39;static void OPENTHERM::_startTimeoutTimer()&#39;:
/home/ec2-user/arduino-testlib/cli-datadir/user/libraries/Opentherm/src/opentherm.cpp:268:3: error: &#39;TCCR2A&#39; was not declared in this scope
   TCCR2A = 0; // set entire TCCR2A register to 0
   ^~~~~~
/home/ec2-user/arduino-testlib/cli-datadir/user/libraries/Opentherm/src/opentherm.cpp:268:3: note: suggested alternative: &#39;TCB2&#39;
   TCCR2A = 0; // set entire TCCR2A register to 0
   ^~~~~~
   TCB2
/home/ec2-user/arduino-testlib/cli-datadir/user/libraries/Opentherm/src/opentherm.cpp:269:3: error: &#39;TCCR2B&#39; was not declared in this scope
   TCCR2B = 0; // same for TCCR2B
   ^~~~~~
/home/ec2-user/arduino-testlib/cli-datadir/user/libraries/Opentherm/src/opentherm.cpp:269:3: note: suggested alternative: &#39;TCB2&#39;
   TCCR2B = 0; // same for TCCR2B
   ^~~~~~
   TCB2
/home/ec2-user/arduino-testlib/cli-datadir/user/libraries/Opentherm/src/opentherm.cpp:270:3: error: &#39;TCNT2&#39; was not declared in this scope
   TCNT2  = 0; //initialize counter value to 0
   ^~~~~
/home/ec2-user/arduino-testlib/cli-datadir/user/libraries/Opentherm/src/opentherm.cpp:270:3: note: suggested alternative: &#39;TCB2&#39;
   TCNT2  = 0; //initialize counter value to 0
   ^~~~~
   TCB2
/home/ec2-user/arduino-testlib/cli-datadir/user/libraries/Opentherm/src/opentherm.cpp:272:3: error: &#39;OCR2A&#39; was not declared in this scope
   OCR2A = 249; // = (16*10^6) / (1000*64) - 1 (must be &lt;256)
   ^~~~~
/home/ec2-user/arduino-testlib/cli-datadir/user/libraries/Opentherm/src/opentherm.cpp:273:19: error: &#39;WGM21&#39; was not declared in this scope
   TCCR2A |= (1 &lt;&lt; WGM21); // turn on CTC mode
                   ^~~~~
/home/ec2-user/arduino-testlib/cli-datadir/user/libraries/Opentherm/src/opentherm.cpp:274:19: error: &#39;CS22&#39; was not declared in this scope
   TCCR2B |= (1 &lt;&lt; CS22); // Set CS22 bit for 64 prescaler
                   ^~~~
/home/ec2-user/arduino-testlib/cli-datadir/user/libraries/Opentherm/src/opentherm.cpp:275:3: error: &#39;TIMSK2&#39; was not declared in this scope
   TIMSK2 |= (1 &lt;&lt; OCIE2A); // enable timer compare interrupt
   ^~~~~~
/home/ec2-user/arduino-testlib/cli-datadir/user/libraries/Opentherm/src/opentherm.cpp:275:3: note: suggested alternative: &#39;TIMERB2&#39;
   TIMSK2 |= (1 &lt;&lt; OCIE2A); // enable timer compare interrupt
   ^~~~~~
   TIMERB2
/home/ec2-user/arduino-testlib/cli-datadir/user/libraries/Opentherm/src/opentherm.cpp:275:19: error: &#39;OCIE2A&#39; was not declared in this scope
   TIMSK2 |= (1 &lt;&lt; OCIE2A); // enable timer compare interrupt
                   ^~~~~~
/home/ec2-user/arduino-testlib/cli-datadir/user/libraries/Opentherm/src/opentherm.cpp: In static member function &#39;static void OPENTHERM::_stopTimer()&#39;:
/home/ec2-user/arduino-testlib/cli-datadir/user/libraries/Opentherm/src/opentherm.cpp:281:3: error: &#39;TIMSK2&#39; was not declared in this scope
   TIMSK2 = 0;
   ^~~~~~
/home/ec2-user/arduino-testlib/cli-datadir/user/libraries/Opentherm/src/opentherm.cpp:281:3: note: suggested alternative: &#39;TIMERB2&#39;
   TIMSK2 = 0;
   ^~~~~~
   TIMERB2

</pre>
					
					<h4>examples/slave</h4>
					<p>
						Result: <b>FAIL</b>
					</p>
					<pre class="pre-scrollable">WARNING: library Opentherm claims to run on avr, esp8266 architecture(s) and may be incompatible with your current board which runs on megaavr architecture(s).
/home/ec2-user/arduino-testlib/cli-datadir/user/libraries/Opentherm/src/opentherm.cpp: In static member function &#39;static void OPENTHERM::_startReadTimer()&#39;:
/home/ec2-user/arduino-testlib/cli-datadir/user/libraries/Opentherm/src/opentherm.cpp:240:3: error: &#39;TCCR2A&#39; was not declared in this scope
   TCCR2A = 0; // set entire TCCR2A register to 0
   ^~~~~~
/home/ec2-user/arduino-testlib/cli-datadir/user/libraries/Opentherm/src/opentherm.cpp:240:3: note: suggested alternative: &#39;TCB2&#39;
   TCCR2A = 0; // set entire TCCR2A register to 0
   ^~~~~~
   TCB2
/home/ec2-user/arduino-testlib/cli-datadir/user/libraries/Opentherm/src/opentherm.cpp:241:3: error: &#39;TCCR2B&#39; was not declared in this scope
   TCCR2B = 0; // same for TCCR2B
   ^~~~~~
/home/ec2-user/arduino-testlib/cli-datadir/user/libraries/Opentherm/src/opentherm.cpp:241:3: note: suggested alternative: &#39;TCB2&#39;
   TCCR2B = 0; // same for TCCR2B
   ^~~~~~
   TCB2
/home/ec2-user/arduino-testlib/cli-datadir/user/libraries/Opentherm/src/opentherm.cpp:242:3: error: &#39;TCNT2&#39; was not declared in this scope
   TCNT2  = 0; //initialize counter value to 0
   ^~~~~
/home/ec2-user/arduino-testlib/cli-datadir/user/libraries/Opentherm/src/opentherm.cpp:242:3: note: suggested alternative: &#39;TCB2&#39;
   TCNT2  = 0; //initialize counter value to 0
   ^~~~~
   TCB2
/home/ec2-user/arduino-testlib/cli-datadir/user/libraries/Opentherm/src/opentherm.cpp:244:3: error: &#39;OCR2A&#39; was not declared in this scope
   OCR2A = 99; // = (16*10^6) / (5000*32) - 1 (must be &lt;256)
   ^~~~~
/home/ec2-user/arduino-testlib/cli-datadir/user/libraries/Opentherm/src/opentherm.cpp:245:19: error: &#39;WGM21&#39; was not declared in this scope
   TCCR2A |= (1 &lt;&lt; WGM21); // turn on CTC mode
                   ^~~~~
/home/ec2-user/arduino-testlib/cli-datadir/user/libraries/Opentherm/src/opentherm.cpp:246:19: error: &#39;CS21&#39; was not declared in this scope
   TCCR2B |= (1 &lt;&lt; CS21) | (1 &lt;&lt; CS20); // Set CS21 &amp; CS20 bit for 32 prescaler
                   ^~~~
/home/ec2-user/arduino-testlib/cli-datadir/user/libraries/Opentherm/src/opentherm.cpp:246:33: error: &#39;CS20&#39; was not declared in this scope
   TCCR2B |= (1 &lt;&lt; CS21) | (1 &lt;&lt; CS20); // Set CS21 &amp; CS20 bit for 32 prescaler
                                 ^~~~
/home/ec2-user/arduino-testlib/cli-datadir/user/libraries/Opentherm/src/opentherm.cpp:247:3: error: &#39;TIMSK2&#39; was not declared in this scope
   TIMSK2 |= (1 &lt;&lt; OCIE2A); // enable timer compare interrupt
   ^~~~~~
/home/ec2-user/arduino-testlib/cli-datadir/user/libraries/Opentherm/src/opentherm.cpp:247:3: note: suggested alternative: &#39;TIMERB2&#39;
   TIMSK2 |= (1 &lt;&lt; OCIE2A); // enable timer compare interrupt
   ^~~~~~
   TIMERB2
/home/ec2-user/arduino-testlib/cli-datadir/user/libraries/Opentherm/src/opentherm.cpp:247:19: error: &#39;OCIE2A&#39; was not declared in this scope
   TIMSK2 |= (1 &lt;&lt; OCIE2A); // enable timer compare interrupt
                   ^~~~~~
/home/ec2-user/arduino-testlib/cli-datadir/user/libraries/Opentherm/src/opentherm.cpp: In static member function &#39;static void OPENTHERM::_startWriteTimer()&#39;:
/home/ec2-user/arduino-testlib/cli-datadir/user/libraries/Opentherm/src/opentherm.cpp:254:3: error: &#39;TCCR2A&#39; was not declared in this scope
   TCCR2A = 0; // set entire TCCR2A register to 0
   ^~~~~~
/home/ec2-user/arduino-testlib/cli-datadir/user/libraries/Opentherm/src/opentherm.cpp:254:3: note: suggested alternative: &#39;TCB2&#39;
   TCCR2A = 0; // set entire TCCR2A register to 0
   ^~~~~~
   TCB2
/home/ec2-user/arduino-testlib/cli-datadir/user/libraries/Opentherm/src/opentherm.cpp:255:3: error: &#39;TCCR2B&#39; was not declared in this scope
   TCCR2B = 0; // same for TCCR2B
   ^~~~~~
/home/ec2-user/arduino-testlib/cli-datadir/user/libraries/Opentherm/src/opentherm.cpp:255:3: note: suggested alternative: &#39;TCB2&#39;
   TCCR2B = 0; // same for TCCR2B
   ^~~~~~
   TCB2
/home/ec2-user/arduino-testlib/cli-datadir/user/libraries/Opentherm/src/opentherm.cpp:256:3: error: &#39;TCNT2&#39; was not declared in this scope
   TCNT2  = 0; //initialize counter value to 0
   ^~~~~
/home/ec2-user/arduino-testlib/cli-datadir/user/libraries/Opentherm/src/opentherm.cpp:256:3: note: suggested alternative: &#39;TCB2&#39;
   TCNT2  = 0; //initialize counter value to 0
   ^~~~~
   TCB2
/home/ec2-user/arduino-testlib/cli-datadir/user/libraries/Opentherm/src/opentherm.cpp:258:3: error: &#39;OCR2A&#39; was not declared in this scope
   OCR2A = 252;// = (16*10^6) / (2080*32) - 1 (must be &lt;256)
   ^~~~~
/home/ec2-user/arduino-testlib/cli-datadir/user/libraries/Opentherm/src/opentherm.cpp:259:19: error: &#39;WGM21&#39; was not declared in this scope
   TCCR2A |= (1 &lt;&lt; WGM21); // turn on CTC mode
                   ^~~~~
/home/ec2-user/arduino-testlib/cli-datadir/user/libraries/Opentherm/src/opentherm.cpp:260:19: error: &#39;CS21&#39; was not declared in this scope
   TCCR2B |= (1 &lt;&lt; CS21) | (1 &lt;&lt; CS20); // Set CS21 &amp; CS20 bit for 32 prescaler
                   ^~~~
/home/ec2-user/arduino-testlib/cli-datadir/user/libraries/Opentherm/src/opentherm.cpp:260:33: error: &#39;CS20&#39; was not declared in this scope
   TCCR2B |= (1 &lt;&lt; CS21) | (1 &lt;&lt; CS20); // Set CS21 &amp; CS20 bit for 32 prescaler
                                 ^~~~
/home/ec2-user/arduino-testlib/cli-datadir/user/libraries/Opentherm/src/opentherm.cpp:261:3: error: &#39;TIMSK2&#39; was not declared in this scope
   TIMSK2 |= (1 &lt;&lt; OCIE2A); // enable timer compare interrupt
   ^~~~~~
/home/ec2-user/arduino-testlib/cli-datadir/user/libraries/Opentherm/src/opentherm.cpp:261:3: note: suggested alternative: &#39;TIMERB2&#39;
   TIMSK2 |= (1 &lt;&lt; OCIE2A); // enable timer compare interrupt
   ^~~~~~
   TIMERB2
/home/ec2-user/arduino-testlib/cli-datadir/user/libraries/Opentherm/src/opentherm.cpp:261:19: error: &#39;OCIE2A&#39; was not declared in this scope
   TIMSK2 |= (1 &lt;&lt; OCIE2A); // enable timer compare interrupt
                   ^~~~~~
/home/ec2-user/arduino-testlib/cli-datadir/user/libraries/Opentherm/src/opentherm.cpp: In static member function &#39;static void OPENTHERM::_startTimeoutTimer()&#39;:
/home/ec2-user/arduino-testlib/cli-datadir/user/libraries/Opentherm/src/opentherm.cpp:268:3: error: &#39;TCCR2A&#39; was not declared in this scope
   TCCR2A = 0; // set entire TCCR2A register to 0
   ^~~~~~
/home/ec2-user/arduino-testlib/cli-datadir/user/libraries/Opentherm/src/opentherm.cpp:268:3: note: suggested alternative: &#39;TCB2&#39;
   TCCR2A = 0; // set entire TCCR2A register to 0
   ^~~~~~
   TCB2
/home/ec2-user/arduino-testlib/cli-datadir/user/libraries/Opentherm/src/opentherm.cpp:269:3: error: &#39;TCCR2B&#39; was not declared in this scope
   TCCR2B = 0; // same for TCCR2B
   ^~~~~~
/home/ec2-user/arduino-testlib/cli-datadir/user/libraries/Opentherm/src/opentherm.cpp:269:3: note: suggested alternative: &#39;TCB2&#39;
   TCCR2B = 0; // same for TCCR2B
   ^~~~~~
   TCB2
/home/ec2-user/arduino-testlib/cli-datadir/user/libraries/Opentherm/src/opentherm.cpp:270:3: error: &#39;TCNT2&#39; was not declared in this scope
   TCNT2  = 0; //initialize counter value to 0
   ^~~~~
/home/ec2-user/arduino-testlib/cli-datadir/user/libraries/Opentherm/src/opentherm.cpp:270:3: note: suggested alternative: &#39;TCB2&#39;
   TCNT2  = 0; //initialize counter value to 0
   ^~~~~
   TCB2
/home/ec2-user/arduino-testlib/cli-datadir/user/libraries/Opentherm/src/opentherm.cpp:272:3: error: &#39;OCR2A&#39; was not declared in this scope
   OCR2A = 249; // = (16*10^6) / (1000*64) - 1 (must be &lt;256)
   ^~~~~
/home/ec2-user/arduino-testlib/cli-datadir/user/libraries/Opentherm/src/opentherm.cpp:273:19: error: &#39;WGM21&#39; was not declared in this scope
   TCCR2A |= (1 &lt;&lt; WGM21); // turn on CTC mode
                   ^~~~~
/home/ec2-user/arduino-testlib/cli-datadir/user/libraries/Opentherm/src/opentherm.cpp:274:19: error: &#39;CS22&#39; was not declared in this scope
   TCCR2B |= (1 &lt;&lt; CS22); // Set CS22 bit for 64 prescaler
                   ^~~~
/home/ec2-user/arduino-testlib/cli-datadir/user/libraries/Opentherm/src/opentherm.cpp:275:3: error: &#39;TIMSK2&#39; was not declared in this scope
   TIMSK2 |= (1 &lt;&lt; OCIE2A); // enable timer compare interrupt
   ^~~~~~
/home/ec2-user/arduino-testlib/cli-datadir/user/libraries/Opentherm/src/opentherm.cpp:275:3: note: suggested alternative: &#39;TIMERB2&#39;
   TIMSK2 |= (1 &lt;&lt; OCIE2A); // enable timer compare interrupt
   ^~~~~~
   TIMERB2
/home/ec2-user/arduino-testlib/cli-datadir/user/libraries/Opentherm/src/opentherm.cpp:275:19: error: &#39;OCIE2A&#39; was not declared in this scope
   TIMSK2 |= (1 &lt;&lt; OCIE2A); // enable timer compare interrupt
                   ^~~~~~
/home/ec2-user/arduino-testlib/cli-datadir/user/libraries/Opentherm/src/opentherm.cpp: In static member function &#39;static void OPENTHERM::_stopTimer()&#39;:
/home/ec2-user/arduino-testlib/cli-datadir/user/libraries/Opentherm/src/opentherm.cpp:281:3: error: &#39;TIMSK2&#39; was not declared in this scope
   TIMSK2 = 0;
   ^~~~~~
/home/ec2-user/arduino-testlib/cli-datadir/user/libraries/Opentherm/src/opentherm.cpp:281:3: note: suggested alternative: &#39;TIMERB2&#39;
   TIMSK2 = 0;
   ^~~~~~
   TIMERB2

</pre>
					
				
				<h3 id="arduino:samd:mkrwifi1010">arduino:samd:mkrwifi1010 @ 1.8.12</h3>
				<h4>Inclusion</h4>
				<p>
					Result: <b>FAIL</b>
					
				</p>
				<pre class="pre-scrollable">WARNING: library Opentherm claims to run on avr, esp8266 architecture(s) and may be incompatible with your current board which runs on samd architecture(s).
/home/ec2-user/arduino-testlib/cli-datadir/user/libraries/Opentherm/src/opentherm.cpp:101:27: error: no &#39;void OPENTHERM::_timerISR()&#39; member function declared in class &#39;OPENTHERM&#39;
 void OPENTHERM::_timerISR() {
                           ^

</pre>

					
					<h4>examples/gateway</h4>
					<p>
						Result: <b>FAIL</b>
					</p>
					<pre class="pre-scrollable">WARNING: library Opentherm claims to run on avr, esp8266 architecture(s) and may be incompatible with your current board which runs on samd architecture(s).
/home/ec2-user/arduino-testlib/cli-datadir/user/libraries/Opentherm/src/opentherm.cpp:101:27: error: no &#39;void OPENTHERM::_timerISR()&#39; member function declared in class &#39;OPENTHERM&#39;
 void OPENTHERM::_timerISR() {
                           ^

</pre>
					
					<h4>examples/master</h4>
					<p>
						Result: <b>FAIL</b>
					</p>
					<pre class="pre-scrollable">WARNING: library Opentherm claims to run on avr, esp8266 architecture(s) and may be incompatible with your current board which runs on samd architecture(s).
/home/ec2-user/arduino-testlib/cli-datadir/user/libraries/Opentherm/src/opentherm.cpp:101:27: error: no &#39;void OPENTHERM::_timerISR()&#39; member function declared in class &#39;OPENTHERM&#39;
 void OPENTHERM::_timerISR() {
                           ^

</pre>
					
					<h4>examples/slave</h4>
					<p>
						Result: <b>FAIL</b>
					</p>
					<pre class="pre-scrollable">WARNING: library Opentherm claims to run on avr, esp8266 architecture(s) and may be incompatible with your current board which runs on samd architecture(s).
/home/ec2-user/arduino-testlib/cli-datadir/user/libraries/Opentherm/src/opentherm.cpp:101:27: error: no &#39;void OPENTHERM::_timerISR()&#39; member function declared in class &#39;OPENTHERM&#39;
 void OPENTHERM::_timerISR() {
                           ^

</pre>
					
				
				<h3 id="esp32:esp32:d1_mini32">esp32:esp32:d1_mini32 @ 1.0.6</h3>
				<h4>Inclusion</h4>
				<p>
					Result: <b>FAIL</b>
					
				</p>
				<pre class="pre-scrollable">WARNING: library Opentherm claims to run on avr, esp8266 architecture(s) and may be incompatible with your current board which runs on esp32 architecture(s).
/home/ec2-user/arduino-testlib/cli-datadir/user/libraries/Opentherm/src/opentherm.cpp:101:27: error: no &#39;void OPENTHERM::_timerISR()&#39; member function declared in class &#39;OPENTHERM&#39;
 void OPENTHERM::_timerISR() {
                           ^

</pre>

					
					<h4>examples/gateway</h4>
					<p>
						Result: <b>FAIL</b>
					</p>
					<pre class="pre-scrollable">WARNING: library Opentherm claims to run on avr, esp8266 architecture(s) and may be incompatible with your current board which runs on esp32 architecture(s).
/home/ec2-user/arduino-testlib/cli-datadir/user/libraries/Opentherm/src/opentherm.cpp:101:27: error: no &#39;void OPENTHERM::_timerISR()&#39; member function declared in class &#39;OPENTHERM&#39;
 void OPENTHERM::_timerISR() {
                           ^

</pre>
					
					<h4>examples/master</h4>
					<p>
						Result: <b>FAIL</b>
					</p>
					<pre class="pre-scrollable">WARNING: library Opentherm claims to run on avr, esp8266 architecture(s) and may be incompatible with your current board which runs on esp32 architecture(s).
/home/ec2-user/arduino-testlib/cli-datadir/user/libraries/Opentherm/src/opentherm.cpp:101:27: error: no &#39;void OPENTHERM::_timerISR()&#39; member function declared in class &#39;OPENTHERM&#39;
 void OPENTHERM::_timerISR() {
                           ^

</pre>
					
					<h4>examples/slave</h4>
					<p>
						Result: <b>FAIL</b>
					</p>
					<pre class="pre-scrollable">WARNING: library Opentherm claims to run on avr, esp8266 architecture(s) and may be incompatible with your current board which runs on esp32 architecture(s).
/home/ec2-user/arduino-testlib/cli-datadir/user/libraries/Opentherm/src/opentherm.cpp:101:27: error: no &#39;void OPENTHERM::_timerISR()&#39; member function declared in class &#39;OPENTHERM&#39;
 void OPENTHERM::_timerISR() {
                           ^

</pre>
					
				
			</div>
		</div>
	</div>
  </body>
</html>
