
<!doctype html>
<html lang="en">
  <head>
    <meta charset="utf-8">
    <meta name="viewport" content="width=device-width, initial-scale=1">
    <link href="https://cdn.jsdelivr.net/npm/bootstrap@5.0.2/dist/css/bootstrap.min.css" rel="stylesheet" integrity="sha384-EVSTQN3/azprG1Anm3QDgpJLIm9Nao0Yz1ztcQTwFspd3yD65VohhpuuCOmLASjC" crossorigin="anonymous">
    <title>arduino-testlib report</title>
	<style>
	.pass { background-color: #00FF00 !important; }
	.fail { background-color: #FF0000 !important; }
	</style>
  </head>
  <body>
	<div class="container">
		<div class="row">
			<div class="col">
				<h1>PeanutKing Soccer - compatibility matrix</h1>
				<p>
					<small>This report was generated on Monday, 21-Feb-22 12:00:25 CET using 
					<a href="https://github.com/alranel/arduino-testlib">arduino-testlib</a>.</small>
				</p>

				<h2>PeanutKing Soccer</h2>
				<p>
					Version: <b>2.3.0</b>
					<br />
					<a href="https://www.arduino.cc/reference/en/libraries/peanutking-soccer/">More details</a>
				</p>

				<h2>Compatibility matrix</h2>
				<table class="table table-bordered">
					<tr>
						<th>Board</th>
						<th>Claims compatibility</th>
						<th>Inclusion</th>
						
						<th><pre>Version2</pre></th>
						
						<th><pre>Version3</pre></th>
						
					</tr>
					
					<tr>
						<td>
							<a href="#arduino%3aavr%3auno"><b>arduino:avr:uno</b></a>
							<br />
							<small>1.8.4</small>
						</td>

						
						
						
							<td>Yes ⚠️</td>
							<td class="fail">FAIL</td>
						
						

						
							
								
									
										
											
											<td class="fail">FAIL</td>
										
									
										
									
								
							
								
							
								
							
								
							
								
							
						
							
								
									
										
									
										
											
											<td class="fail">FAIL</td>
										
									
								
							
								
							
								
							
								
							
								
							
						
					</tr>
					
					<tr>
						<td>
							<a href="#arduino%3ambed_nano%3ananorp2040connect"><b>arduino:mbed_nano:nanorp2040connect</b></a>
							<br />
							<small>2.7.2</small>
						</td>

						
						
						
							<td>Yes ⚠️</td>
							<td class="fail">FAIL</td>
						
						

						
							
								
							
								
									
										
											
											<td class="fail">FAIL</td>
										
									
										
									
								
							
								
							
								
							
								
							
						
							
								
							
								
									
										
									
										
											
											<td class="fail">FAIL</td>
										
									
								
							
								
							
								
							
								
							
						
					</tr>
					
					<tr>
						<td>
							<a href="#arduino%3amegaavr%3anona4809"><b>arduino:megaavr:nona4809</b></a>
							<br />
							<small>1.8.7</small>
						</td>

						
						
						
							<td>Yes ⚠️</td>
							<td class="fail">FAIL</td>
						
						

						
							
								
							
								
							
								
									
										
											
											<td class="fail">FAIL</td>
										
									
										
									
								
							
								
							
								
							
						
							
								
							
								
							
								
									
										
									
										
											
											<td class="fail">FAIL</td>
										
									
								
							
								
							
								
							
						
					</tr>
					
					<tr>
						<td>
							<a href="#arduino%3asamd%3amkrwifi1010"><b>arduino:samd:mkrwifi1010</b></a>
							<br />
							<small>1.8.12</small>
						</td>

						
						
						
							<td>Yes ⚠️</td>
							<td class="fail">FAIL</td>
						
						

						
							
								
							
								
							
								
							
								
									
										
											
											<td class="fail">FAIL</td>
										
									
										
									
								
							
								
							
						
							
								
							
								
							
								
							
								
									
										
									
										
											
											<td class="fail">FAIL</td>
										
									
								
							
								
							
						
					</tr>
					
					<tr>
						<td>
							<a href="#esp32%3aesp32%3ad1_mini32"><b>esp32:esp32:d1_mini32</b></a>
							<br />
							<small>1.0.6</small>
						</td>

						
						
						
							<td>Yes ⚠️</td>
							<td class="fail">FAIL</td>
						
						

						
							
								
							
								
							
								
							
								
							
								
									
										
											
											<td class="fail">FAIL</td>
										
									
										
									
								
							
						
							
								
							
								
							
								
							
								
							
								
									
										
									
										
											
											<td class="fail">FAIL</td>
										
									
								
							
						
					</tr>
					
				</table>

				<h2>Compilation logs</h2>
				
				<h3 id="arduino:avr:uno">arduino:avr:uno @ 1.8.4</h3>
				<h4>Inclusion</h4>
				<p>
					Result: <b>FAIL</b>
					
				</p>
				<pre class="pre-scrollable">/home/ec2-user/arduino-testlib/cli-datadir/user/libraries/PeanutKing_Soccer/PeanutKing_Soccer_V1.cpp: In member function &#39;void PeanutKing_Soccer_V1::init(uint8_t)&#39;:
/home/ec2-user/arduino-testlib/cli-datadir/user/libraries/PeanutKing_Soccer/PeanutKing_Soccer_V1.cpp:32:3: error: &#39;Serial1&#39; was not declared in this scope
   Serial1.begin(9600);
   ^~~~~~~
/home/ec2-user/arduino-testlib/cli-datadir/user/libraries/PeanutKing_Soccer/PeanutKing_Soccer_V1.cpp:32:3: note: suggested alternative: &#39;Serial&#39;
   Serial1.begin(9600);
   ^~~~~~~
   Serial
�������������������������������������������������������������������������������������������������������������������������������������������������������������������������������������������������������������������������������������������������������������������������������������������������������������������������������������������������������������������������������������������������������������������������������������������������������������������������������������������������������������������������������������������������������������������������������������������������������������������������������������������������������������������������������������������������������������������������������������������������������������������������������������������������������������������������������������������������������������������������������������������������������������������������������������������������������������������������������������������������������������������������������                                   ^~~
/home/ec2-user/arduino-testlib/cli-datadir/user/libraries/PeanutKing_Soccer/PeanutKing_Soccer_V2.cpp:35:53: note: suggested alternative: &#39;A1&#39;
   irPin    {A0, A1, A2, A3, A4, A5, A6, A7, A8, A9, A10, A11}
                                                     ^~~
                                                     A1
/home/ec2-user/arduino-testlib/cli-datadir/user/libraries/PeanutKing_Soccer/PeanutKing_Soccer_V2.cpp:35:58: error: &#39;A11&#39; was not declared in this scope
   irPin    {A0, A1, A2, A3, A4, A5, A6, A7, A8, A9, A10, A11}
                                                          ^~~
/home/ec2-user/arduino-testlib/cli-datadir/user/libraries/PeanutKing_Soccer/PeanutKing_Soccer_V2.cpp:35:58: note: suggested alternative: &#39;A1&#39;
   irPin    {A0, A1, A2, A3, A4, A5, A6, A7, A8, A9, A10, A11}
                                                          ^~~
                                                          A1
/home/ec2-user/arduino-testlib/cli-datadir/user/libraries/PeanutKing_Soccer/PeanutKing_Soccer_V2.cpp: In member function &#39;void PeanutKing_Soccer_V2::init(uint8_t)&#39;:
/home/ec2-user/arduino-testlib/cli-datadir/user/libraries/PeanutKing_Soccer/PeanutKing_Soccer_V2.cpp:55:3: error: &#39;Serial1&#39; was not declared in this scope
   Serial1.begin(9600);
   ^~~~~~~
/home/ec2-user/arduino-testlib/cli-datadir/user/libraries/PeanutKing_Soccer/PeanutKing_Soccer_V2.cpp:55:3: note: suggested alternative: &#39;Serial&#39;
   Serial1.begin(9600);
   ^~~~~~~
   Serial
�������������������������������������������������������������������������������������������������������������������������������������������������������������������������������������������������������������������������������������������������������������������������������������������������������������������������������������������������������������������������/home/ec2-user/arduino-testlib/cli-datadir/user/libraries/PeanutKing_Soccer/PeanutKing_Soccer_V2.cpp:723:7: note: suggested alternative: &#39;Serial&#39;
   if (Serial1.available()) {
       ^~~~~~~
       Serial
/home/ec2-user/arduino-testlib/cli-datadir/user/libraries/PeanutKing_Soccer/PeanutKing_Soccer_V2.cpp:738:5: error: &#39;Serial1&#39; was not declared in this scope
     Serial1.write(v);
     ^~~~~~~
/home/ec2-user/arduino-testlib/cli-datadir/user/libraries/PeanutKing_Soccer/PeanutKing_Soccer_V2.cpp:738:5: note: suggested alternative: &#39;Serial&#39;
     Serial1.write(v);
     ^~~~~~~
     Serial
/home/ec2-user/arduino-testlib/cli-datadir/user/libraries/PeanutKing_Soccer/PeanutKing_Soccer_V2.cpp: In member function &#39;void PeanutKing_Soccer_V2::bluetoothAttributes()&#39;:
/home/ec2-user/arduino-testlib/cli-datadir/user/libraries/PeanutKing_Soccer/PeanutKing_Soccer_V2.cpp:815:7: error: &#39;Serial1&#39; was not declared in this scope
   if (Serial1.available()) {
       ^~~~~~~
/home/ec2-user/arduino-testlib/cli-datadir/user/libraries/PeanutKing_Soccer/PeanutKing_Soccer_V2.cpp:815:7: note: suggested alternative: &#39;Serial&#39;
   if (Serial1.available()) {
       ^~~~~~~
       Serial
/home/ec2-user/arduino-testlib/cli-datadir/user/libraries/PeanutKing_Soccer/PeanutKing_Soccer_V2.cpp: In member function &#39;void PeanutKing_Soccer_V2::bluetoothRemote()&#39;:
/home/ec2-user/arduino-testlib/cli-datadir/user/libraries/PeanutKing_Soccer/PeanutKing_Soccer_V2.cpp:856:7: error: &#39;Serial1&#39; was not declared in this scope
   if (Serial1.available()) {
       ^~~~~~~
/home/ec2-user/arduino-testlib/cli-datadir/user/libraries/PeanutKing_Soccer/PeanutKing_Soccer_V2.cpp:856:7: note: suggested alternative: &#39;Serial&#39;
   if (Serial1.available()) {
       ^~~~~~~
       Serial
/home/ec2-user/arduino-testlib/cli-datadir/user/libraries/PeanutKing_Soccer/PeanutKing_Soccer_V2.cpp:1039:9: error: &#39;Serial1&#39; was not declared in this scope
     if (Serial1.availableForWrite() &gt; 50) {
         ^~~~~~~
/home/ec2-user/arduino-testlib/cli-datadir/user/libraries/PeanutKing_Soccer/PeanutKing_Soccer_V2.cpp:1039:9: note: suggested alternative: &#39;Serial&#39;
     if (Serial1.availableForWrite() &gt; 50) {
         ^~~~~~~
         Serial
was not declared in this scope
 #define PIN_READ_COLOR (PINA)
                         ^
/home/ec2-user/arduino-testlib/cli-datadir/user/libraries/PeanutKing_Soccer/PeanutKingSoccerV2.cpp:86:13: note: in expansion of macro &#39;PIN_READ_COLOR&#39;
   pinRead = PIN_READ_COLOR;
             ^~~~~~~~~~~~~~
/home/ec2-user/arduino-testlib/cli-datadir/user/libraries/PeanutKing_Soccer/PeanutKingSoccerV2.cpp:13:25: note: suggested alternative: &#39;PIN0&#39;
 #define PIN_READ_COLOR (PINA)
                         ^
/home/ec2-user/arduino-testlib/cli-datadir/user/libraries/PeanutKing_Soccer/PeanutKingSoccerV2.cpp:86:13: note: in expansion of macro &#39;PIN_READ_COLOR&#39;
   pinRead = PIN_READ_COLOR;
             ^~~~~~~~~~~~~~
/home/ec2-user/arduino-testlib/cli-datadir/user/libraries/PeanutKing_Soccer/PeanutKingSoccerV2.cpp: In function &#39;void __vector_7()&#39;:
/home/ec2-user/arduino-testlib/cli-datadir/user/libraries/PeanutKing_Soccer/PeanutKingSoccerV2.cpp:223:9: error: &#39;PORTL&#39; was not declared in this scope
         PORTL &amp;= ~(1 &lt;&lt; 4);     // LOW s2
         ^~~~~
/home/ec2-user/arduino-testlib/cli-datadir/user/libraries/PeanutKing_Soccer/PeanutKingSoccerV2.cpp:223:9: note: suggested alternative: &#39;PORT0&#39;
         PORTL &amp;= ~(1 &lt;&lt; 4);     // LOW s2
         ^~~~~
         PORT0
/home/ec2-user/arduino-testlib/cli-datadir/user/libraries/PeanutKing_Soccer/PeanutKingSoccerV2.cpp: In constructor &#39;PeanutKingSoccerV2::PeanutKingSoccerV2()&#39;:
/home/ec2-user/arduino-testlib/cli-datadir/user/libraries/PeanutKing_Soccer/PeanutKingSoccerV2.cpp:261:45: error: &#39;A8&#39; was not declared in this scope
   irPin    {A0, A1, A2, A3, A4, A5, A6, A7, A8, A9, A10, A11}
                                             ^~
/home/ec2-user/arduino-testlib/cli-datadir/user/libraries/PeanutKing_Soccer/PeanutKingSoccerV2.cpp:261:45: note: suggested alternative: &#39;A7&#39;
   irPin    {A0, A1, A2, A3, A4, A5, A6, A7, A8, A9, A10, A11}
                                             ^~
                                             A7
/home/ec2-user/arduino-testlib/cli-datadir/user/libraries/PeanutKing_Soccer/PeanutKingSoccerV2.cpp:261:49: error: &#39;A9&#39; was not declared in this scope
   irPin    {A0, A1, A2, A3, A4, A5, A6, A7, A8, A9, A10, A11}
                                                 ^~
/home/ec2-user/arduino-testlib/cli-datadir/user/libraries/PeanutKing_Soccer/PeanutKingSoccerV2.cpp:261:49: note: suggested alternative: &#39;A7&#39;
   irPin    {A0, A1, A2, A3, A4, A5, A6, A7, A8, A9, A10, A11}
                                                 ^~
                                                 A7
/home/ec2-user/arduino-testlib/cli-datadir/user/libraries/PeanutKing_Soccer/PeanutKingSoccerV2.cpp:261:53: error: &#39;A10&#39; was not declared in this scope
   irPin    {A0, A1, A2, A3, A4, A5, A6, A7, A8, A9, A10, A11}
                                                     ^~~
/home/ec2-user/arduino-testlib/cli-datadir/user/libraries/PeanutKing_Soccer/PeanutKingSoccerV2.cpp:261:53: note: suggested alternative: &#39;A1&#39;
   irPin    {A0, A1, A2, A3, A4, A5, A6, A7, A8, A9, A10, A11}
                                                     ^~~
                                                     A1
/home/ec2-user/arduino-testlib/cli-datadir/user/libraries/PeanutKing_Soccer/PeanutKingSoccerV2.cpp:261:58: error: &#39;A11&#39; was not declared in this scope
   irPin    {A0, A1, A2, A3, A4, A5, A6, A7, A8, A9, A10, A11}
                                                          ^~~
/home/ec2-user/arduino-testlib/cli-datadir/user/libraries/PeanutKing_Soccer/PeanutKingSoccerV2.cpp:261:58: note: suggested alternative: &#39;A1&#39;
   irPin    {A0, A1, A2, A3, A4, A5, A6, A7, A8, A9, A10, A11}
                                                          ^~~
                                                          A1
/home/ec2-user/arduino-testlib/cli-datadir/user/libraries/PeanutKing_Soccer/PeanutKingSoccerV2.cpp: In member function &#39;void PeanutKingSoccerV2::init()&#39;:
/home/ec2-user/arduino-testlib/cli-datadir/user/libraries/PeanutKing_Soccer/PeanutKingSoccerV2.cpp:271:3: error: &#39;Serial1&#39; was not declared in this scope
   Serial1.begin(9600);
   ^~~~~~~
/home/ec2-user/arduino-testlib/cli-datadir/user/libraries/PeanutKing_Soccer/PeanutKingSoccerV2.cpp:271:3: note: suggested alternative: &#39;Serial&#39;
   Serial1.begin(9600);
   ^~~~~~~
   Serial
/home/ec2-user/arduino-testlib/cli-datadir/user/libraries/PeanutKing_Soccer/PeanutKingSoccerV2.cpp:293:3: error: &#39;PORTL&#39; was no</pre>

					
					<h4>examples/Version2</h4>
					<p>
						Result: <b>FAIL</b>
					</p>
					<pre class="pre-scrollable"></pre>
					
					<h4>examples/Version3</h4>
					<p>
						Result: <b>FAIL</b>
					</p>
					<pre class="pre-scrollable"></pre>
					
				
				<h3 id="arduino:mbed_nano:nanorp2040connect">arduino:mbed_nano:nanorp2040connect @ 2.7.2</h3>
				<h4>Inclusion</h4>
				<p>
					Result: <b>FAIL</b>
					
				</p>
				<pre class="pre-scrollable">/home/ec2-user/arduino-testlib/cli-datadir/user/libraries/PeanutKing_Soccer/PeanutKing_Soccer_V1.cpp: In constructor &#39;PeanutKing_Soccer_V1::PeanutKing_Soccer_V1()&#39;:
/home/ec2-user/arduino-testlib/cli-datadir/user/libraries/PeanutKing_Soccer/PeanutKing_Soccer_V1.cpp:5:1: error: uninitialized const member in &#39;const uint8_t [3] {/home/ec2-user/arduino-testlib/cli-datadir/user/libraries/PeanutKing_Soccer/PeanutKingSoccerV2.h:470:15: error: &#39;P/home/ec2-user/arduino-testlib/cli-datadir/user/libraries/PeanutKing_Soccer/PeanutKing_Soccer.cpp:178:18: error: &#39;digitalPinToBitMask&#39; was not declared in this scope
   leds[x].mask = digitalPinToBitMask(p);
                  ^~~~~~~~~~~~~~~~~~~
     {&amp;OCR0B, &amp;PORTB, 4, 5},  // B4 5
       ^~~~~
/home/ec2-user/arduino-testlib/cli-datadir/user/libraries/PeanutKing_Soccer/PeanutKingSoccerV2.h:471:15: error: &#39;PORTB&#39; was not declared in this scope
     {&amp;OCR0B, &amp;PORTB, 4, 5},  // B4 5
               ^~~~~
/home/ec2-user/home/ec2-user/arduino-testlib/cli-datadir/user/libraries/PeanutKing_Soccer/PeanutKing_Soccer.cpp: In member function &#39;void PeanutKing_Soccer::ledUpdate(uint8_t)&#39;:
/home/ec2-user/arduino-testlib/cli-datadir/user/libraries/PeanutKing_Soccer/PeanutKing_Soccer.cpp:243:3: error: &#39;cli&#39; was not declared in this scope
   cli();
   ^~~
/home/ec2-user/arduino-testlib/cli-datadir/user/libraries/PeanutKing_Soccer/PeanutKing_Soccer.cpp:278:3: error: &#39;sei&#39; was not declared in this scope
   sei();
   ^~~
/home/ec2-user/arduino-testlib/cli-datadir/user/libraries/PeanutKing_Soccer/PeanutKing_Soccer.cpp:278:3: note: suggested alternative: &#39;send&#39;
   sei();
   ^~~
   send
/home/ec2-user/arduino-testlib/cli-datadir/user/libraries/PeanutKing_Soccer/PeanutKing_Soccer.cpp: In member function &#39;size_t PeanutKing_Soccer::print(long int, int)&#39;:
/home/ec2-user/arduino-testlib/cli-datadir/user/libraries/PeanutKing_Soccer/PeanutKing_Soccer.cpp:370:19: error: initializer-string for array of chars is too long [-fpermissive]
       char v[1] = &#34;-&#34;;
                   ^~~
cer/PeanutKingSoccerV2.cpp:40:5: note: suggested alternative: &#39;SING&#39;
   {&amp;PING, 0},
     ^~~~
     SING
/home/ec2-user/arduino-testlib/cli-datadir/user/libraries/PeanutKing_Soccer/PeanutKingSoccerV2.cpp:41:5: error: &#39;PING&#39; was not declared in this scope
   {&amp;PING, 2},
     ^~~~
/home/ec2-user/arduino-testlib/cli-datadir/user/libraries/PeanutKing_Soccer/PeanutKingSoccerV2.cpp:41:5: note: suggested alternative: &#39;SING&#39;
   {&amp;PING, 2},
     ^~~~
     SING
/home/ec2-user/arduino-testlib/cli-datadir/user/libraries/PeanutKing_Soccer/PeanutKingSoccerV2.cpp:42:5: error: &#39;PIND&#39; was not declared in this scope
   {&amp;PIND, 7},
     ^~~~
/home/ec2-user/arduino-testlib/cli-datadir/user/libraries/PeanutKing_Soccer/PeanutKingSoccerV2.cpp:42:5: note: suggested alternative: &#39;PIN&#39;
   {&amp;PIND, 7},
     ^~~~
     PIN
/home/ec2-user/arduino-testlib/cli-datadir/user/libraries/PeanutKing_Soccer/PeanutKingSoccerV2.cpp:43:5: error: &#39;PING&#39; was not declared in this scope
   {&amp;PING, 1},
     ^~~~
/home/ec2-user/arduino-testlib/cli-datadir/user/libraries/PeanutKing_Soccer/PeanutKingSoccerV2.cpp:43:5: note: suggested alternative: &#39;SING&#39;
   {&amp;PING, 1},
     ^~~~
     SING
/home/ec2-user/arduino-testlib/cli-datadir/user/libraries/PeanutKing_Soccer/PeanutKingSoccerV2.cpp:47:5: error: &#39;PORTC&#39; was not declared in this scope
   {&amp;PORTC, 0},
     ^~~~~
/home/ec2-user/arduino-testlib/cli-datadir/user/libraries/PeanutKing_Soccer/PeanutKingSoccerV2.cpp:48:5: error: &#39;PORTC&#39; was not declared in this scope
   {&amp;PORTC, 2},
     ^~~~~
/home/ec2-user/arduino-testlib/cli-datadir/user/libraries/PeanutKing_Soccer/PeanutKingSoccerV2.cpp:49:5: error: &#39;PORTC&#39; was not declared in this scope
   {&amp;PORTC, 3},
     ^~~~~
/home/ec2-user/arduino-testlib/cli-datadir/user/libraries/PeanutKing_Soccer/PeanutKingSoccerV2.cpp:50:5: error: &#39;PORTC&#39; was not declared in this scope
   {&amp;PORTC, 1},
     ^~~~~
/home/ec2-user/arduino-testlib/cli-datadir/user/libraries/PeanutKing_Soccer/PeanutKingSoccerV2.cpp:54:5: error: &#39;PINA&#39; was not declared in this scope
   {&amp;PINA, 6},
     ^~~~
/home/ec2-user/arduino-testlib/cli-datadir/user/libraries/PeanutKing_Soccer/PeanutKingSoccerV2.cpp:54:5: note: suggested alternative: &#39;PIN&#39;
   {&amp;PINA, 6},
     ^~~~
     PIN
/home/ec2-user/arduino-testlib/cli-datadir/user/libraries/PeanutKing_Soccer/PeanutKingSoccerV2.cpp:55:5: error: &#39;PINA&#39; was not declared in this scope
   {&amp;PINA, 5},
     ^~~~
/home/ec2-user/arduino-testlib/cli-datadir/user/libraries/PeanutKing_Soccer/PeanutKingSoccerV2.cpp:55:5: note: suggested alternative: &#39;PIN&#39;
   {&amp;PINA, 5},
     ^~~~
     PIN
/home/ec2-user/arduino-testlib/cli-datadir/user/libraries/PeanutKing_Soccer/PeanutKingSoccerV2.cpp:56:5: error: &#39;PINA&#39; was not declared in this scope
   {&amp;PINA, 7},
     ^~~~
/home/ec2-user/arduino-testlib/cli-datadir/user/libraries/PeanutKing_Soccer/PeanutKingSoccerV2.cpp:56:5: note: suggested alternative: &#39;PIN&#39;
   {&amp;PINA, 7},
     ^~~~
     PIN
/home/ec2-user/arduino-testlib/cli-datadir/user/libraries/PeanutKing_Soccer/PeanutKingSoccerV2.cpp:57:5: error: &#39;PINA&#39; was not declared in this scope
   {&amp;PINA, 4},
     ^~~~
/home/ec2-user/arduino-testlib/cli-datadir/user/libraries/PeanutKing_Soccer/PeanutKingSoccerV2.cpp:57:5: note: suggested alternative: &#39;PIN&#39;
   {&amp;PINA, 4},
     ^~~~
     PIN
/home/ec2-user/arduino-testlib/cli-datadir/user/libraries/PeanutKing_Soccer/PeanutKingSoccerV2.cpp:61:4: error: expected constructor, destructor, or type conversion before &#39;(&#39; token
 ISR(ADC_vect) {     //when new ADC value ready
    ^
/home/ec2-user/arduino-testlib/cli-datadir/user/libraries/PeanutKing_Soccer/PeanutKingSoccerV2.cpp:85:4: error: expected constructor, destructor, or type conversion before &#39;(&#39; token
 ISR(TIMER1_COMPA_vect) {
    ^
/home/ec2-user/arduino-testlib/cli-datadir/user/libraries/PeanutKing_Soccer/PeanutKingSoccerV2.cpp:191:4: error: expected constructor, destructor, or type conversion before &#39;(&#39; token
 ISR(TIMER2_COMPA_vect) {
    ^
/home/ec2-user/arduino-testlib/cli-datadir/user/libraries/PeanutKing_Soccer/PeanutKingSoccerV2.cpp: In constructor &#39;PeanutKingSoccerV2::PeanutKingSoccerV2()&#39;:
/home/ec2-user/arduino-testlib/cli-datadir/user/libraries/PeanutKing_Soccer/PeanutKingSoccerV2.cpp:261:45: error: &#39;A8&#39; was not declared in this scope
   irPin    {A0, A1, A2, A3, A4, A5, A6, A7, A8, A9, A10, A11}
                                             ^~
/home/ec2-user/arduino-testlib/cli-datadir/user/libraries/PeanutKing_Soccer/PeanutKingSoccerV2.cpp:261:45: note: suggested alternative: &#39;A7&#39;
   irPin    {A0, A1, A2, A3, A4, A5, A6, A7, A8, A9, A10, A11}
                                             ^~
                                             A7
/home/ec2-user/arduino-testlib/cli-datadir/user/libraries/PeanutKing_Soccer/PeanutKingSoccerV2.cpp:261:49: error: &#39;A9&#39; was not declared in this scope
   irPin    {A0, A1, A2, A3, A4, A5, A6, A7, A8, A9, A10, A11}
                                                 ^~
/home/ec2-user/arduino-testlib/cli-datadir/user/libraries/PeanutKing_Soccer/PeanutKingSoccerV2.cpp:261:49: note: suggested alternative: &#39;A7&#39;
   irPin    {A0, A1, A2, A3, A4, A5, A6, A7, A8, A9, A10, A11}
                                                 ^~
                                                 A7
/home/ec2-user/arduino-testlib/cli-datadir/user/libraries/PeanutKing_Soccer/PeanutKingSoccerV2.cpp:261:53: error: &#39;A10&#39; was not declared in this scope
   irPin    {A0, A1, A2, A3, A4, A5, A6, A7, A8, A9, A10, A11}
                                                     ^~~
/home/ec2-user/arduino-testlib/cli-datadir/user/libraries/PeanutKing_Soccer/PeanutKingSoccerV2.cpp:261:53: note: suggested alternative: &#39;A1&#39;
   irPin    {A0, A1, A2, A3, A4, A5, A6, A7, A8, A9, A10, A11}
                                                     ^~~
                                                     A1
/home/ec2-user/arduino-testlib/cli-datadir/user/libraries/PeanutKing_Soccer/PeanutKingSoccerV2.cpp:261:58: error: &#39;A11&#39; was not declared in this scope
   irPin    {A0, A1, A2, A3, A4, A5, A6, A7, A8, A9, A10, A11}
                                                          ^~~
/home/ec2-user/arduino-testlib/cli-datadir/user/libraries/PeanutKing_Soccer/PeanutKingSoccerV2.cpp:261:58: note: suggested alternative: &#39;A1&#39;
   irPin    {A0, A1, A2, A3, A4, A5, A6, A7, A8, A9, A10, A11}
                                                          ^~~
                                                          A1
/home/ec2-user/arduino-testlib/cli-datadir/user/libraries/PeanutKing_Soccer/PeanutKingSoccerV2.cpp: In member function &#39;void PeanutKingSoccerV2::init()&#39;:
/home/ec2-user/arduino-testlib/cli-datadir/user/libraries/PeanutKing_Soccer/PeanutKingSoccerV2.cpp:293:3: error: &#39;PORTL&#39; was not declared in this scope
   PORTL &amp;= ~(1 &lt;&lt; 4);     // LOW s2
   ^~~~~
/home/ec2-user/arduino-testlib/cli-datadir/user/libraries/PeanutKing_Soccer/PeanutKingSoccerV2.cpp:322:3: error: &#39;cli&#39; was not declared in this scope
   cli();    //disable interrupts
   ^~~
/home/ec2-user/arduino-testlib/cli-datadir/user/libraries/PeanutKing_Soccer/PeanutKingSoccerV2.cpp:322:3: note: suggested alternative: &#39;clr&#39;
   cli();    //disable interrupts
   ^~~
   clr
/home/ec2-user/arduino-testlib/cli-datadir/user/libraries/PeanutKing_Soccer/PeanutKingSoccerV2.cpp:337:3: error: &#39;TCCR1A&#39; was not declared in this scope
   TCCR1A  = 0x00;           // Normal mode, just as a Timer
   ^~~~~~
/home/ec2-user/arduino-testlib/cli-datadir/user/libraries/PeanutKing_Soccer/PeanutKingSoccerV2.cpp:338:3: error: &#39;TCNT1&#39; was not declared in this scope
   TCNT1   = 0;
   ^~~~~
/home/ec2-user/arduino-testlib/cli-datadir/user/libraries/PeanutKing_Soccer/PeanutKingSoccerV2.cpp:338:3: note: suggested alternative: &#39;SCNd16&#39;
   TCNT1   = 0;
   ^~~~~
   SCNd16
/home/ec2-user/arduino-testlib/cli-datadir/user/libraries/PeanutKing_Soccer/PeanutKingSoccerV2.cpp:339:3: error: &#39;OCR1A&#39; was not declared in this scope
   OCR1A   = 2;             // 8 * 4 / 16 = 2us
   ^~~~~
/home/ec2-user/arduino-testlib/cli-datadir/user/l</pre>

					
					<h4>examples/Version2</h4>
					<p>
						Result: <b>FAIL</b>
					</p>
					<pre class="pre-scrollable"></pre>
					
					<h4>examples/Version3</h4>
					<p>
						Result: <b>FAIL</b>
					</p>
					<pre class="pre-scrollable"></pre>
					
				
				<h3 id="arduino:megaavr:nona4809">arduino:megaavr:nona4809 @ 1.8.7</h3>
				<h4>Inclusion</h4>
				<p>
					Result: <b>FAIL</b>
					
				</p>
				<pre class="pre-scrollable">In file included from /home/ec2-user/arduino-testlib/cli-datadir/user/libraries/PeanutKing_Soccer/PeanutKingSoccerV2.cpp:11:0:
/home/ec2-user/arduino-testlib/cli-datadir/user/libraries/PeanutKing_Soccer/PeanutKingSoccerV2.h:470:7: error: &#39;OCR3A&#39; was not declared in this scope
     {&amp;OCR3A, &amp;PORTB, 6, 7},  // B6 7
       ^~~~~
/home/ec2-user/arduino-testlib/cli-datadir/user/libraries/PeanutKing_Soccer/PeanutKingSoccerV2.h:471:7: error: &#39;OCR0B&#39; was not declared in this scope
     {&amp;OCR0B, &amp;PORTB, 4, 5},  // B4 5
       ^~~~~
5:45: note: suggested alternative: &#39;A7&#39;
   irPin    {A0, A1, A2, A3, A4, A5, A6, A7/home/ec2-user/arduino-testlib/cli-datadir/user/libraries/PeanutKing_Soccer/PeanutKing_Soccer_V3.cpp:67:3: error: &#39;TCC/home/ec2-user/arduino-testlib/cli-datadir/user/libraries/PeanutKing_Soccer/PeanutKingSoccerV2/home/ec2-user/arduino-testlib/cli-datadir/user/libraries/PeanutKing_Soccer/PeanutKing_Soccer_V3.cpp:67:3: note: suggested alternative: &#39;TCB1&#39;
   TCCR1B = 0;               // same for TCCR0B
   ^~~~~~
   TCB1
/home/ec2-user/arduino-testlib/cli-datadir/user/libraries/PeanutKing_Soccer/PeanutKing_Soccer_V3.cpp:68:3: error: &#39;TCNT1&#39; was not declared in this scope
   TCNT1 = 0;
   ^~~~~
/home/ec2-user/arduino-testlib/cli-datadir/user/libraries/PeanutKing_Soccer/PeanutKing_Soccer_V3.cpp:68:3: note: suggested alternative: &#39;TCB1&#39;
   TCNT1 = 0;
   ^~~~~
   TCB1
/home/ec2-user/arduino-testlib/cli-datadir/user/libraries/PeanutKing_Soccer/PeanutKing_Soccer_V3.cpp:70:3: error: &#39;OCR1A&#39; was not declared in this scope
   OCR1A = 624;       // =(16*10^6) //home/ec2-user/arduino-testlib/cli-datadir/user/libraries/PeanutKing_Soccer/PeanutKingSoccerV2.h:473:15: note: suggested alternative: &#39;PORTD&#39;
     {&amp;OCR3B, &amp;PORTH, 3, 4}   // H3 4
               ^~~~~
               PORTD
                                      ^~~
                    /home/ec2-user/arduino-testlib/cli-datadir/user/libraries/PeanutKing_Soccer/PeanutKing_Soccer_V3.cpp:73:19: error: &#39;CS12&#39; was not declared in this scope
   TCCR1B |= (1 &lt;&lt; CS12);    // prescaler = 256
                   ^~~~
/home/ec2-user/arduino-testlib/cli-datadir/user/libraries/PeanutKing_Soccer/PeanutKing_Soccer_V3.cpp:75:3: error: &#39;TIMSK1&#39; was not declared in this scope
   TIMSK1 |= (1 &lt;&lt; OCIE1A);  // enable timer compare interrupt
   ^~~~~~
/home/ec2-user/arduino-testlib/cli-datadir/user/libraries/PeanutKing_Soccer/PeanutKing_Soccer_V3.cpp:75:3: note: suggested alternative: &#39;TIMERB1&#39;
   TIMSK1 |= (1 &lt;&lt; OCIE1A);  // enable timer compare interrupt
   ^~~~~~
   TIMERB1
/home/ec2-user/arduino-testlib/cli-datadir/user/libraries/PeanutKing_Soccer/PeanutKing_Soccer_V3.cpp:75:19: error: &#39;OCIE1A&#39; was not declared in this scope
   TIMSK1 |= (1 &lt;&lt; OCIE1A);  // enable timer compare interrupt
                   ^~~~~~
suggested alternative: &#39;PIN0&#39;
   {&amp;PIND, 7},
     ^~~~
     PIN0
/home/ec2-user/arduino-testlib/cli-datadir/user/libraries/PeanutKing_Soccer/PeanutKingSoccerV2.cpp:43:5: error: &#39;PING&#39; was not declared in this scope
   {&amp;PING, 1},
     ^~~~
/home/ec2-user/arduino-testlib/cli-datadir/user/libraries/PeanutKing_Soccer/PeanutKingSoccerV2.cpp:43:5: note: suggested alternative: &#39;PIN0&#39;
   {&amp;PING, 1},
     ^~~~
     PIN0
/home/ec2-user/arduino-testlib/cli-datadir/user/libraries/PeanutKing_Soccer/PeanutKingSoccerV2.cpp:51:1: error: cannot convert &#39;PORTCClass*&#39; to &#39;volatile uint8_t* {aka volatile unsigned char*}&#39; in initialization
 };
 ^
/home/ec2-user/arduino-testlib/cli-datadir/user/libraries/PeanutKing_Soccer/PeanutKingSoccerV2.cpp:51:1: error: cannot convert &#39;PORTCClass*&#39; to &#39;volatile uint8_t* {aka volatile unsigned char*}&#39; in initialization
/home/ec2-user/arduino-testlib/cli-datadir/user/libraries/PeanutKing_Soccer/PeanutKingSoccerV2.cpp:51:1: error: cannot convert &#39;PORTCClass*&#39; to &#39;volatile uint8_t* {aka volatile unsigned char*}&#39; in initialization
/home/ec2-user/arduino-testlib/cli-datadir/user/libraries/PeanutKing_Soccer/PeanutKingSoccerV2.cpp:51:1: error: cannot convert &#39;PORTCClass*&#39; to &#39;volatile uint8_t* {aka volatile unsigned char*}&#39; in initialization
/home/ec2-user/arduino-testlib/cli-datadir/user/libraries/Peanut/home/ec2-user/arduino-testlib/cli-datadir/user/libraries/PeanutKing_Soccer/PeanutKing_Soccer_V2.cpp:106:19: error: &#39;WGM12&#39; was not declared in this scope
   TCCR1B |= (1 &lt;&lt; WGM12);   // CTC mode; Clear Timer on Compare
                   ^~~~~
/home/ec2-user/arduino-testlib/cli-datadir/user/libraries/PeanutKing_Soccer/PeanutKing_Soccer_V2.cpp:107:19: error: &#39;CS12&#39; was not declared in this scope
   TCCR1B |= (1 &lt;&lt; CS12);    // prescaler = 256
                   ^~~~
/home/ec2-user/arduino-testlib/cli-datadir/user/libraries/PeanutKing_Soccer/PeanutKing_Soccer_V2.cpp:109:3: error: &#39;TIMSK1&#39; was not declared in this scope
   TIMSK1 |= (1 &lt;&lt; OCIE1A);  // enable timer compare interrupt
   ^~~~~~
/home/ec2-user/arduino-testlib/cli-datadir/user/libraries/PeanutKing_Soccer/PeanutKing_Soccer_V2.cpp:109:3: note: suggested alternative: &#39;TIMERB1&#39;
   TIMSK1 |= (1 &lt;&lt; OCIE1A);  // enable timer compare interrupt
   ^~~~~~
   TIMERB1
/home/ec2-user/arduino-testlib/cli-datadir/user/libraries/PeanutKing_Soccer/PeanutKing_Soccer_V2.cpp:109:19: error: &#39;OCIE1A&#39; was not declared in this scope
   TIMSK1 |= (1 &lt;&lt; OCIE1A);  // enable timer compare interrupt
                   ^~~~~~
ser/arduino-testlib/cli-datadir/user/libraries/PeanutKing_Soccer/PeanutKingSoccerV2.cpp:57:5: note: suggested alternative: &#39;PIN0&#39;
   {&amp;PINA, 4},
     ^~~~
     PIN0
/home/ec2-user/arduino-testlib/cli-datadir/user/libraries/PeanutKing_Soccer/PeanutKingSoccerV2.cpp: In function &#39;void ADC_vect()&#39;:
/home/ec2-user/arduino-testlib/cli-datadir/user/libraries/PeanutKing_Soccer/PeanutKingSoccerV2.cpp:62:32: error: &#39;ADCL&#39; was not declared in this scope
   V2bot-&gt;eye[adcCnt] = 1023 - (ADCL&gt;&gt;6| ADCH&lt;&lt;2);   //update the new value from A0 (between 0 and 255)
                                ^~~~
/home/ec2-user/arduino-testlib/cli-datadir/user/libraries/PeanutKing_Soccer/PeanutKingSoccerV2.cpp:62:32: note: suggested alternative: &#39;ADC0&#39;
   V2bot-&gt;eye[adcCnt] = 1023 - (ADCL&gt;&gt;6| ADCH&lt;&lt;2);   //update the new value from A0 (between 0 and 255)
                                ^~~~
                                ADC0
/home/ec2-user/arduino-testlib/cli-datadir/user/libraries/PeanutKing_Soccer/PeanutKingSoccerV2.cpp:62:41: error: &#39;ADCH&#39; was not declared in this scope
   V2bot-&gt;eye[adcCnt] = 1023 - (ADCL&gt;&gt;6| ADCH&lt;&lt;2);   //update the new value from A0 (between 0 and 255)
                                         ^~~~
/home/ec2-user/arduino-testlib/cli-datadir/user/libraries/PeanutKing_Soccer/PeanutKingSoccerV2.cpp:62:41: note: suggested alternative: &#39;ADC0&#39;
   V2bot-&gt;eye[adcCnt] = 1023 - (ADCL&gt;&gt;6| ADCH&lt;&lt;2);   //update the new value from A0 (between 0 and 255)
                                         ^~~~
                                         ADC0
/home/ec2-user/arduino-testlib/cli-datadir/user/libraries/PeanutKing_Soccer/PeanutKingSoccerV2.cpp:65:3: error: &#39;ADMUX&#39; was not declared in this scope
   ADMUX = (1 &lt;&lt; REFS0) | (1 &lt;&lt; ADLAR) | (adcCnt&amp;0x07);
   ^~~~~
/home/ec2-user/arduino-testlib/cli-datadir/user/libraries/PeanutKing_Soccer/PeanutKingSoccerV2.cpp:65:17: error: &#39;REFS0&#39; was not declared in this scope
   ADMUX = (1 &lt;&lt; REFS0) | (1 &lt;&lt; ADLAR) | (adcCnt&amp;0x07);
                 ^~~~~
/home/ec2-user/arduino-testlib/cli-datadir/user/libraries/PeanutKing_Soccer/PeanutKingSoccerV2.cpp:65:17: note: suggested alternative: &#39;VREF_t&#39;
   ADMUX = (1 &lt;&lt; REFS0) | (1 &lt;&lt; ADLAR) | (adcCnt&amp;0x07);
                 ^~~~~
                 VREF_t
/home/ec2-user/arduino-testlib/cli-datadir/user/libraries/PeanutKing_Soccer/PeanutKingSoccerV2.cpp:65:32: error: &#39;ADLAR&#39; was not declared in this scope
   ADMUX = (1 &lt;&lt; REFS0) | (1 &lt;&lt; ADLAR) | (adcCnt&amp;0x07);
                                ^~~~~
/home/ec2-user/arduino-testlib/cli-datadir/user/libraries/PeanutKing_Soccer/PeanutKingSoccerV2.cpp:69:3: error: &#39;ADCSRB&#39; was not declared in this scope
   ADCSRB = (ADCSRB &amp; ~(1 &lt;&lt; MUX5)) | (((adcCnt &gt;&gt; 3) &amp; 0x01) &lt;&lt; MUX5);
   ^~~~~~
/home/ec2-user/arduino-testlib/cli-datadir/user/libraries/PeanutKing_Soccer/PeanutKingSoccerV2.cpp:69:3: note: suggested alternative: &#39;DDRB&#39;
   ADCSRB = (ADCSRB &amp; ~(1 &lt;&lt; MUX5)) | (((adcCnt &gt;&gt; 3) &amp; 0x01) &lt;&lt; MUX5);
   ^~~~~~
   DDRB
/home/ec2-user/arduino-testlib/cli-datadir/user/libraries/PeanutKing_Soccer/PeanutKingSoccerV2.cpp:69:29: error: &#39;MUX5&#39; was not declared in this scope
   ADCSRB = (ADCSRB &amp; ~(1 &lt;&lt; MUX5)) | (((adcCnt &gt;&gt; 3) &amp; 0x01) &lt;&lt; MUX5);
                             ^~~~
/home/ec2-user/arduino-testlib/cli-datadir/user/libraries/PeanutKing_Soccer/PeanutKingSoccerV2.cpp: In function &#39;void TIMER1_COMPA_vect()&#39;:
/home/ec2-user/arduino-testlib/cli-datadir/user/libraries/PeanutKing_Soccer/PeanutKingSoccerV2.cpp:13:25: error: &#39;PINA&#39; was not declared in this scope
 #define PIN_READ_COLOR (PINA)
                         ^
/home/ec2-user/arduino-testlib/cli-datadir/user/libraries/PeanutKing_Soccer/PeanutKingSoccerV2.cpp:86:13: note: in expansion of macro &#39;PIN_READ_COLOR&#39;
   pinRead = PIN_READ_COLOR;
             ^~~~~~~~~~~~~~
/home/ec2-user/arduino-testlib/cli-datadir/user/libraries/PeanutKing_Soccer/PeanutKingSoccerV2.cpp:13:25: note: suggested alternative: &#39;PIN0&#39;
 #define PIN_READ_COLOR (PINA)
                         ^
/home/ec2-user/arduino-testlib/cli-datadir/user/libraries/PeanutKing_Soccer/PeanutKingSoccerV2.cpp:86:13: note: in expansion of macro &#39;PIN_READ_COLOR&#39;
   pinRead = PIN_READ_COLOR;
             ^~~~~~~~~~~~~~
/home/ec2-user/arduino-testlib/cli-datadir/user/libraries/PeanutKing_Soccer/PeanutKingSoccerV2.cpp: In function &#39;void TIMER2_COMPA_vect()&#39;:
/home/ec2-user/arduino-testlib/cli-datadir/user/libraries/PeanutKing_Soccer/PeanutKingSoccerV2.cpp:204:7: error: &#39;_delay_us&#39; was not declared in this scope
       _delay_us(1);
       ^~~~~~~~~
/home/ec2-user/arduino-testlib/cli-datadir/user/libraries/PeanutKing_Soccer/PeanutKingSoccerV2.cpp:204:7: note: suggested alternative: &#39;delay&#39;
       _delay_us(1);
       ^~~~~~~~~
       delay
/home</pre>

					
					<h4>examples/Version2</h4>
					<p>
						Result: <b>FAIL</b>
					</p>
					<pre class="pre-scrollable"></pre>
					
					<h4>examples/Version3</h4>
					<p>
						Result: <b>FAIL</b>
					</p>
					<pre class="pre-scrollable"></pre>
					
				
				<h3 id="arduino:samd:mkrwifi1010">arduino:samd:mkrwifi1010 @ 1.8.12</h3>
				<h4>Inclusion</h4>
				<p>
					Result: <b>FAIL</b>
					
				</p>
				<pre class="pre-scrollable">/home/ec2-user/arduino-testlib/cli-datadir/user/libraries/PeanutKing_Soccer/PeanutKing_Soccer_V1.cpp: In constructor &#39;PeanutKing_Soccer_V1::PeanutKing_Soccer_V1()&#39;:
/home/ec2-user/arduino-testlib/cli-datadir/user/libraries/PeanutKing_Soccer/PeanutKing_Soccer_V1.cpp:19:41: error: &#39;A7&#39; was not declared in this scope
   irPin    {A0, A1, A2, A6, A3, A4, A5, A7}
                                         ^~
/home/ec2-user/ard/home/ec2-user/arduino-testlib/cli-datadir/user/libraries/PeanutKing_Soccer/PeanutKing_Soccer_V2.cpp:35:41: note: suggested alternative: &#39;A6&#39;
   irPin    {A0, /home/ec2-user/arduino-testlib/cli-datadir/user/libraries/PeanutKing_Soccer/PeanutKing_Soccer_V3.cpp:66:3: note: suggested alternative: &#39;TCC1&#39;
   TCCR1A = 0x00;            // Normal mode, just as a Timer
   ^~~~~~
   TCC1
/home/ec2-user/arduino-testlib/cli-datadir/user/libraries/PeanutKing_Soccer/PeanutKing_Soccer_V3.cpp:67:3: error: &#39;TCCR1B&#39; was not declared in this scope
   TCCR1B = 0;               // same for TCCR0B
   ^~~~~~
/home/ec2-user/arduino-testlib/cli-datadir/user/libraries/PeanutKing_Soccer/PeanutKing_Soccer_V3.cpp:67:3: note: suggested alternative: &#39;TCC1&#39;
   TCCR1B = 0;               // same for TCCR0B
   ^~~~~~
   TCC1
/home/ec2-user/arduino-testlib/cli-datadir/user/libraries/PeanutKing_Soccer/PeanutKing_Soccer_V3.cpp:68:3: error: &#39;TCNT1&#39; was not d/home/ec2-user/arduino-testlib/cli-datadir/user/libraries/PeanutKing_Soccer/PeanutKingSoccerV2.h:472:15: note: suggested alternative: &#39;PORTC&#39;
     {&amp;OCR3C, &amp;PORTH, 5, 6},  // H5 6
               ^~~~~
               POR/home/ec2-user/arduino-testlib/cli-datadir/user/libraries/PeanutKing_Soccer/PeanutKing_Soccer_V3.cpp:70:3: error: &#39;OCR1A&#39; was not declared in this scope
   OCR1A = 624;       // =(16*10^6) / (125*256) -1 (must be &lt;65536)
   ^~~~~
/home/ec2-user/arduino-testlib/cli-datadir/user/libraries/PeanutKing_Soccer/PeanutKing_Soccer_V3.cpp:72:19: error: &#39;WGM12&#39; was not declared in this scope
   TCCR1B |= (1 &lt;&lt; WGM12);   // CTC mode; Clear Timer on Compare
                   ^~~~~
/home/ec2-user/arduino-testlib/cli-datadir/user/libraries/PeanutKing_Soccer/PeanutKing_Soccer_V3.cpp:73:19: error: &#39;CS12&#39; was not declared in this scope
   TCCR1B |= (1 &lt;&lt; CS12);    // prescaler = 256
                   ^~~~
/home/ec2-user/arduino-testlib/cli-datadir/user/libraries/PeanutKing_Soccer/PeanutKing_Soccer_V3.cpp:73:19: note: suggested alternative: &#39;SS1&#39;
   TCCR1B |= (1 &lt;&lt; CS12);    // prescaler = 256
                   ^~~~
                   SS1
/home/ec2-user/arduino-testlib/cli-datadir/user/libraries/PeanutKing_Soccer/PeanutKing_Soccer_V3.cpp:75:3: error: &#39;TIMSK1&#39; was not declared in this scope
   TIMSK1 |= (1 &lt;&lt; OCIE1A);  // enable timer compare interrupt
   ^~~~~~
/home/ec2-user/arduino-testlib/cli-datadir/user/libraries/PeanutKing_Soccer/PeanutKing_Soccer_V3.cpp:75:3: note: suggested alternative: &#39;MISO1&#39;
   TIMSK1 |= (1 &lt;&lt; OCIE1A);  // enable timer compare interrupt
   ^~~~~~
   MISO1
/home/ec2-user/arduino-testlib/cli-datadir/user/libraries/PeanutKing_Soccer/PeanutKing_Soccer_V3.cpp:75:19: error: &#39;OCIE1A&#39; was not declared in this scope
   TIMSK1 |= (1 &lt;&lt; OCIE1A);  // enable timer compare interrupt
                   ^~~~~~
/home/ec2-user/arduino-testlib/cli-datadir/user/libraries/PeanutKing_Soccer/PeanutKing_Soccer_V3.cpp:76:3: error: &#39;sei&#39; was not declared in this scope
   sei();    //allow interrupts
   ^~~
n this scope
   {&amp;PING, 1},
     ^~~~
/home/ec2-user/arduino-testlib/cli-datadir/user/libraries/PeanutKing_Soccer/PeanutKingSoccerV2.cpp:43:5: note: suggested alternative: &#39;SING&#39;
   {&amp;PING, 1},
     ^~~~
     SING
/home/ec2-user/arduino-testlib/cli-datadir/user/libraries/PeanutKing_Soccer/PeanutKingSoccerV2.cpp:47:5: error: lvalue required as unary &#39;&amp;&#39; operand
   {&amp;PORTC, 0},
     ^~~~~
/home/ec2-user/arduino-testlib/cli-datadir/user/libraries/PeanutKing_Soccer/PeanutKingSoccerV2.cpp:48:5: error: lvalue required as unary &#39;&amp;&#39; operand
   {&amp;PORTC, 2},
     ^~~~~
/home/ec2-user/arduino-testlib/cli-datadir/user/libraries/PeanutKing_Soccer/PeanutKingSoccerV2.cpp:49:5: error: lvalue required as unary &#39;&amp;&#39; operand
   {&amp;PORTC, 3},
     ^~~~~
/home/ec2-user/arduino-testlib/cli-datadir/user/libraries/PeanutKing_Soccer/PeanutKingSoccerV2.cpp:50:5: error: lvalue required as unary &#39;&amp;&#39; operand
   {&amp;PORTC, 1},
     ^~~~~
/home/ec2-user/arduino-testlib/cli-datadir/user/libraries/PeanutKing_Soccer/PeanutKingSoccerV2.cpp:54:5: error: &#39;PINA&#39; was not declared in/home/ec2-user/arduino-testlib/cli-da/home/ec2-user/arduino-testlib/cli-datadir/user/libraries/PeanutKing_Soccer/PeanutKingSoccerV2.cpp:54:5: note: suggested alternative: &#39;PIN&#39;
   {&amp;PINA, 6},
     ^~~~
     PIN
/home/ec2-user/arduino-testlib/cli-datadir/user/libraries/PeanutKing_Soccer/PeanutKingSoccerV2.cpp:55:5: error: &#39;PINA&#39; was not declared in this scope
   {&amp;PINA, 5},
     ^~~~
/home/ec2-user/ardui/home/ec2-user/arduino-testlib/cli-datadir/user/libraries/PeanutKing_Soccer/PeanutKing_Soccer_V2.cpp:106:19: error: &#39;WGM12&#39; was not declared in this scope
   TCCR1B |= (1 &lt;&lt; WGM12);   // CTC mode; Clear Timer on Compare
                   ^~~~~
/home/ec2-user/arduino-testlib/cli-datadir/user/libraries/PeanutKing_Soccer/PeanutKing_Soccer_V2.cpp:107:19: error: &#39;CS12&#39; was not declared in this scope
   TCCR1B |= (1 &lt;&lt; CS12);    // prescaler = 256
                   ^~~~
/home/ec2-user/arduino-testlib/cli-datadir/user/libraries/PeanutKing_Soccer/PeanutKing_Soccer_V2.cpp:107:19: note: suggested alternative: &#39;SS1&#39;
   TCCR1B |= (1 &lt;&lt; CS12);    // prescaler = 256
                   ^~~~
                   SS1
/home/ec2-user/arduino-testlib/cli-datadir/user/libraries/PeanutKing_Soccer/PeanutKing_Soccer_V2.cpp:109:3: error: &#39;TIMSK1&#39; was not declared in this scope
   TIMSK1 |= (1 &lt;&lt; OCIE1A);  // enable timer compare interrupt
   ^~~~~~
SoccerV2.cpp:61:4: error: expected constructor, destructor, or type conversion before &#39;(&#39; token
 ISR(ADC_vect) {     //when new ADC value ready
    ^
/home/ec2-user/arduino-testlib/cli-datadir/user/libraries/PeanutKing_Soccer/P/home/ec2-user/arduino-testlib/cli-datadir/user/libraries/PeanutKing_Soccer/PeanutKing_Soccer_V2.cpp:109:19: error: &#39;OCIE1A&#39; was not declared in this scope
   TIMSK1 |= (1 &lt;&lt; OCIE1A);  // enable timer compare interrupt
                   ^~~~~~
/home/ec2-user/arduino-testlib/cli-datadir/user/libraries/PeanutKing_Soccer/PeanutKing_Soccer_V2.cpp:110:3: error: &#39;sei&#39; was not declared in this scope
   sei();    //allow interrupts
   ^~~
/home/ec2-user/arduino-testlib/cli-datadir/user/libraries/PeanutKing_Soccer/PeanutKing_Soccer_V2.cpp:110:3: note: suggested alternative: &#39;send&#39;
   sei();    //allow interrupts
   ^~~
   send
/home/ec2-user/arduino-testlib/cli-datadir/user/libraries/PeanutKing_Soccer/PeanutKing_Soccer_V2.cpp: In member function &#39;void PeanutKing_Soccer_V2::autoScanning()&#39;:
/home/ec2-user/arduino-testlib/cli-datadir/user/libraries/PeanutKing_Soccer/PeanutKing_Soccer_V2.cpp:370:7: error: &#39;sei&#39; was not declared in this scope
       sei();    //allow interrupts
       ^~~
/home/ec2-user/arduino-testlib/cli-datadir/user/libraries/PeanutKing_Soccer/PeanutKing_Soccer_V2.cpp:370:7: note: suggested alternative: &#39;send&#39;
       sei();    //allow interrupts
       ^~~
       send
/home/ec2-user/arduino-testlib/cli-datadir/user/libraries/PeanutKing_Soccer/PeanutKing_Soccer_V2.cpp:372:7: error: &#39;cli&#39; was not declared in this scope
       cli();    //disable interrupts
       ^~~
/home/ec2-user/arduino-testlib/cli-datadir/user/libraries/PeanutKing_Soccer/PeanutKing_Soccer_V2.cpp: In member function &#39;void PeanutKing_Soccer_V2::bluetoothRemote()&#39;:
/home/ec2-user/arduino-testlib/cli-datadir/user/libraries/PeanutKing_Soccer/PeanutKing_Soccer_V2.cpp:980:16: error: cannot bind non-const lvalue reference of type &#39;int&amp;&#39; to an rvalue of type &#39;int&#39;
           Back(btDegree, btDistance, btRotate);
                ^~~~~~~~
In file included from /home/ec2-user/arduino-testlib/cli-datadir/user/libraries/PeanutKing_Soccer/PeanutKing_Soccer_V2.cpp:13:0:
/home/ec2-user/arduino-testlib/cli-datadir/user/libraries/PeanutKing_Soccer/PeanutKing_Soccer_V2.h:58:5: note:   initializing argument 1 of &#39;void PeanutKing_Soccer_V2::Back(int&amp;, int&amp;, int&amp;)&#39;
     Back(int&amp;, int&amp;, int&amp;),
     ^~~~
/home/ec2-user/arduino-testlib/cli-datadir/user/libraries/PeanutKing_Soccer/PeanutKing_Soccer_V2.cpp:983:17: error: cannot bind non-const lvalue reference of type &#39;int&amp;&#39; to an rvalue of type &#39;int&#39;
           Chase(btDegree, btDistance, btRotate);
                 ^~~~~~~~
In file included from /home/ec2-user/arduino-testlib/cli-datadir/user/libraries/PeanutKing_Soccer/PeanutKing_Soccer_V2.cpp:13:0:
/home/ec2-user/arduino-testlib/cli-datadir/user/libraries/PeanutKing_Soccer/PeanutKing_Soccer_V2.h:57:5: note:   initializing argument 1 of &#39;void PeanutKing_Soccer_V2::Chase(int&amp;, int&amp;, int&amp;)&#39;
     Chase(int&amp;, int&amp;, int&amp;),
     ^~~~~
/home/ec2-user/arduino-testlib/cli-datadir/user/libraries/PeanutKing_Soccer/PeanutKing_Soccer_V2.cpp:987:19: error: cannot bind non-const lvalue reference of type &#39;int&amp;&#39; to an rvalue of type &#39;int&#39;
             Chase(btDegree, btDistance, btRotate);
                   ^~~~~~~~
In file included from /home/ec2-user/arduino-testlib/cli-datadir/user/libraries/PeanutKing_Soccer/PeanutKing_Soccer_V2.cpp:13:0:
/home/ec2-user/arduino-testlib/cli-datadir/user/libraries/PeanutKing_Soccer/PeanutKing_Soccer_V2.h:57:5: note:   initializing argument 1 of &#39;void PeanutKing_Soccer_V2::Chase(int&amp;, int&amp;, int&amp;)&#39;
     Chase(int&amp;, int&amp;, int&amp;),
     ^~~~~
occerV2.cpp: In member function &#39;void PeanutKingSoccerV2::init()&#39;:
/home/ec2-user/arduino-testlib/cli-datadir/user/libraries/PeanutKing_Soccer/PeanutKingSoccerV2.cpp:293:3: error: &#39;PORTL&#39; was not declared in this scope
   PORTL &amp;= ~(1 &lt;&lt; 4);     // LOW s2
   ^~~~~
/home/ec2-user/arduino-testlib/cli-datadir/user/libraries/PeanutKing_Soccer/PeanutKingSoccerV2.cpp:293:3: note: suggested alternative: &#39;PORTC&#39;
   PORTL &amp;= ~(1 &lt;&lt; 4);     // LOW s2
   ^~~~~
   PORTC
/home/ec2-user/arduino-testlib/cli-data</pre>

					
					<h4>examples/Version2</h4>
					<p>
						Result: <b>FAIL</b>
					</p>
					<pre class="pre-scrollable"></pre>
					
					<h4>examples/Version3</h4>
					<p>
						Result: <b>FAIL</b>
					</p>
					<pre class="pre-scrollable"></pre>
					
				
				<h3 id="esp32:esp32:d1_mini32">esp32:esp32:d1_mini32 @ 1.0.6</h3>
				<h4>Inclusion</h4>
				<p>
					Result: <b>FAIL</b>
					
				</p>
				<pre class="pre-scrollable">/home/ec2-user/arduino-testlib/cli-datadir/user/libraries/PeanutKing_Soccer/PeanutKing_Soccer_V2.cpp: In constructor &#39;PeanutKing_Soccer_V2::PeanutKing_Soccer_V2()&#39;:
/home/ec2-user/arduino-testlib/cli-datadir/user/libraries/PeanutKing_Soccer/PeanutKing_Soccer_V2.cpp:35:17: error: &#39;A1&#39; was not declared in this scope
   irPin/home/ec2-user/arduino-testlib/cli-datadir/user/libraries/PeanutKing_Soccer/PeanutKingSoccerV2.h:470:15: error: &#39;PORTB&#39; was not declared in this scope
     {&amp;OCR3A, &amp;PORTB, 6, 7},  // B6 7
               ^
/home/ec2-user/arduino-testlib/cli-datadir/user/libraries/PeanutKing_Soccer/PeanutKingSoccerV2.h:471:7: error: &#39;OCR0B&#39; was not declared in this scope
     {&amp;OCR0B, &amp;PORTB, 4, 5},  // B4 5
       ^
/home/ec2-user/arduino-testlib/cli-datadir/user/libraries/PeanutKing_Soccer/PeanutKingSoccerV2.h:471:15: error: &#39;PORTB&#39; was not declared in this scope
     {&amp;OCR0B, &amp;PORTB, 4, 5},  // B4 5
               ^
/home/ec2-user/arduino-testlib/cli-datadir/user/libraries/PeanutKing_Soccer/PeanutKingSoccerV2.h:472:7: error: &#39;OCR3C&#39; was not declared in this scope
     {&amp;OCR3C, &amp;PORTH, 5, 6},  // H5 6
       ^
/home/ec2-user/arduino-testlib/cli-datadir/user/libraries/PeanutKing_Soccer/PeanutKingSoccerV2.h:472:15: error: &#39;PORTH&#39; was not declared in this scope
     {&amp;OCR3C, &amp;PORTH, 5, 6},  // H5 6
               ^
/home/ec2-user/arduino-testlib/cli-datadir/user/libraries/PeanutKing_Soccer/PeanutKingSoccerV2.h:473:7: error: &#39;OCR3B&#39; was not declared in this scope
     {&amp;OCR3B, &amp;PORTH, 3, 4}   // H3 4
       ^
/home/ec2-user/arduino-testlib/cli-datadir/user/libraries/PeanutKing_Soccer/PeanutKingSoccerV2.h:473:15: error: &#39;PORTH&#39; was not declared in this scope
     {&amp;OCR3B, &amp;PORTH, 3, 4}   // H3 4
               ^
/home/ec2-user/arduino-testlib/cli-datadir/user/libraries/PeanutKing_Soccer//home/ec2-user/arduino-testlib/cli-datadir/user/libraries/PeanutKing_Soccer/PeanutKing_Soccer_V1.cpp: In member function &#39;void PeanutKing_Soccer_V1::motors(int16_t, int16_t, int16_t)&#39;:
/home/ec2-user/arduino-testlib/cli-datadir/user/libraries/PeanutKing_Soccer/PeanutKing_Soccer_V1.cpp:235:35: error: &#39;analogWrite&#39; was not declared in this scope
       analogWrite(pwmPin[i], mc[i]);
                                   ^
/home/ec2-user/arduino-testlib/cli-datadir/user/libraries/PeanutKing_Soccer/PeanutKing_Soccer_V1.cpp:239:37: error: &#39;analogWrite&#39; was not declared in this scope
       analogWrite(pwmPin[i], 0-mc[i]);
                                     ^
eclared in this scope
     analogWrite(pwmPin[motor_no], -speed);
                                         ^
RTC, 0},
     ^
/home/ec2-user/arduino-testlib/cli-datadir/user/libraries/PeanutKing_Soccer/PeanutKingSoccerV2.cpp:48:5: error: &#39;PORTC&#39; was not declared in this scope
   {&amp;PORTC, 2},
     ^
/home/ec2-user/arduino-testlib/cli-datadir/user/libraries/PeanutKing_Soccer/PeanutKingSoccerV2.cpp:49:5: error: &#39;PORTC&#39; was not declared in this scope
   {&amp;PORTC, 3},
     ^
/home/ec2-user/arduino-testlib/cli-datadir/user/libraries/PeanutKing_Soccer/PeanutKingSoccerV2.cpp:50:5: error: &#39;PORTC&#39; was not decla/home/ec2-user/arduino-testlib/cli-datadir/user/libraries/PeanutKing_Soccer/PeanutKing_Soccer_V2.cpp: In member function &#39;void PeanutKing_Soccer_V2::motorSet(uint8_t, int16_t)&#39;:
/home/ec2-user/arduino-testlib/cli-datadir/user/libraries/PeanutKing_Soccer/PeanutKing_Soccer_V2.cpp:270:40: error: &#39;analogWrite&#39; was not declared in this scope
     analogWrite(pwmPin[motor_no], speed);
                                        ^
/home/ec2-user/arduino-testlib/cli-datadir/user/libraries/PeanutKing_Soccer/PeanutKing_Soccer_V2.cpp:276:41: error: &#39;analogWrite&#39; was not declared in this scope
     analogWrite(pwmPin[motor_no], -speed);
                                         ^
/home/ec2-user/arduino-testlib/cli-datadir/user/libraries/PeanutKing_Soccer/PeanutKing_Soccer_V2.cpp: In member function &#39;void PeanutKing_Soccer_V2::bluetoothRemote()&#39;:
/home/ec2-user/arduino-testlib/cli-datadir/user/libraries/PeanutKing_Soccer/PeanutKing_Soccer_V2.cpp:980:16: error: invalid initialization of non-const reference of type &#39;int&amp;&#39; from an rvalue of type &#39;int&#39;
           Back(btDegree, btDistance, btRotate);
                ^
In file included from /home/ec2-user/arduino-testlib/cli-datadir/user/libraries/PeanutKing_Soccer/PeanutKing_Soccer_V2.cpp:13:0:
/home/ec2-user/arduino-testlib/cli-datadir/user/libraries/PeanutKing_Soccer/PeanutKing_Soccer_V2.h:58:5: note:   initializing argument 1 of &#39;void PeanutKing_Soccer_V2::Back(int&amp;, int&amp;, int&amp;)&#39;
     Back(int&amp;, int&amp;, int&amp;),
     ^
/home/ec2-user/arduino-testlib/cli-datadir/user/libraries/PeanutKing_Soccer/PeanutKing_Soccer_V2.cpp:983:17: error: invalid initialization of non-const reference of type &#39;int&amp;&#39; from an rvalue of type &#39;int&#39;
           Chase(btDegree, btDistance, btRotate);
                 ^
In file included from /home/ec2-user/arduino-testlib/cli-datadir/user/libraries/PeanutKing_Soccer/PeanutKing_Soccer_V2.cpp:13:0:
/home/ec2-user/arduino-testlib/cli-datadir/user/libraries/PeanutKing_Soccer/PeanutKing_Soccer_V2.h:57:5: note:   initializing argument 1 of &#39;void PeanutKing_Soccer_V2::Chase(int&amp;, int&amp;, int&amp;)&#39;
     Chase(int&amp;, int&amp;, int&amp;),
     ^
/home/ec2-user/arduino-testlib/cli-datadir/user/libraries/PeanutKing_Soccer/PeanutKing_Soccer_V2.cpp:987:19: error: invalid initialization of non-const reference of type &#39;int&amp;&#39; from an rvalue of type &#39;int&#39;
             Chase(btDegree, btDistance, btRotate);
                   ^
In file included from /home/ec2-user/arduino-testlib/cli-datadir/user/libraries/PeanutKing_Soccer/PeanutKing_Soccer_V2.cpp:13:0:
/home/ec2-user/arduino-testlib/cli-datadir/user/libraries/PeanutKing_Soccer/PeanutKing_Soccer_V2.h:57:5: note:   initializing argument 1 of &#39;void PeanutKing_Soccer_V2::Chase(int&amp;, int&amp;, int&amp;)&#39;
     Chase(int&amp;, int&amp;, int&amp;),
     ^

</pre>

					
					<h4>examples/Version2</h4>
					<p>
						Result: <b>FAIL</b>
					</p>
					<pre class="pre-scrollable"></pre>
					
					<h4>examples/Version3</h4>
					<p>
						Result: <b>FAIL</b>
					</p>
					<pre class="pre-scrollable"></pre>
					
				
			</div>
		</div>
	</div>
  </body>
</html>
