
<!doctype html>
<html lang="en">
  <head>
    <meta charset="utf-8">
    <meta name="viewport" content="width=device-width, initial-scale=1">
    <link href="https://cdn.jsdelivr.net/npm/bootstrap@5.0.2/dist/css/bootstrap.min.css" rel="stylesheet" integrity="sha384-EVSTQN3/azprG1Anm3QDgpJLIm9Nao0Yz1ztcQTwFspd3yD65VohhpuuCOmLASjC" crossorigin="anonymous">
    <title>arduino-testlib report</title>
	<style>
	.pass { background-color: #00FF00 !important; }
	.fail { background-color: #FF0000 !important; }
	</style>
  </head>
  <body>
	<div class="container">
		<div class="row">
			<div class="col">
				<h1>Piano Board - compatibility matrix</h1>
				<p>
					<small>This report was generated on Monday, 21-Feb-22 12:00:25 CET using 
					<a href="https://github.com/alranel/arduino-testlib">arduino-testlib</a>.</small>
				</p>

				<h2>Piano Board</h2>
				<p>
					Version: <b>1.0.1</b>
					<br />
					<a href="https://www.arduino.cc/reference/en/libraries/piano-board/">More details</a>
				</p>

				<h2>Compatibility matrix</h2>
				<table class="table table-bordered">
					<tr>
						<th>Board</th>
						<th>Claims compatibility</th>
						<th>Inclusion</th>
						
						<th><pre>PressRelease</pre></th>
						
						<th><pre>Piano</pre></th>
						
					</tr>
					
					<tr>
						<td>
							<a href="#arduino%3aavr%3auno"><b>arduino:avr:uno</b></a>
							<br />
							<small>1.8.4</small>
						</td>

						
							<td>Yes</td>
							<td class="pass">PASS</td>
						
						
						
						

						
							
								
									
										
									
										
											<td class="pass">PASS</td>
											
										
									
								
							
								
							
								
							
								
							
								
							
						
							
								
									
										
											<td class="pass">PASS</td>
											
										
									
										
									
								
							
								
							
								
							
								
							
								
							
						
					</tr>
					
					<tr>
						<td>
							<a href="#arduino%3ambed_nano%3ananorp2040connect"><b>arduino:mbed_nano:nanorp2040connect</b></a>
							<br />
							<small>2.7.2</small>
						</td>

						
							<td>Yes</td>
							<td class="pass">PASS</td>
						
						
						
						

						
							
								
							
								
									
										
									
										
											<td class="pass">PASS</td>
											
										
									
								
							
								
							
								
							
								
							
						
							
								
							
								
									
										
											<td class="pass">PASS</td>
											
										
									
										
									
								
							
								
							
								
							
								
							
						
					</tr>
					
					<tr>
						<td>
							<a href="#arduino%3amegaavr%3anona4809"><b>arduino:megaavr:nona4809</b></a>
							<br />
							<small>1.8.7</small>
						</td>

						
							<td>Yes</td>
							<td class="pass">PASS</td>
						
						
						
						

						
							
								
							
								
							
								
									
										
									
										
											<td class="pass">PASS</td>
											
										
									
								
							
								
							
								
							
						
							
								
							
								
							
								
									
										
											<td class="pass">PASS</td>
											
										
									
										
									
								
							
								
							
								
							
						
					</tr>
					
					<tr>
						<td>
							<a href="#arduino%3asamd%3amkrwifi1010"><b>arduino:samd:mkrwifi1010</b></a>
							<br />
							<small>1.8.12</small>
						</td>

						
							<td>Yes</td>
							<td class="pass">PASS</td>
						
						
						
						

						
							
								
							
								
							
								
							
								
									
										
									
										
											<td class="pass">PASS</td>
											
										
									
								
							
								
							
						
							
								
							
								
							
								
							
								
									
										
											<td class="pass">PASS</td>
											
										
									
										
									
								
							
								
							
						
					</tr>
					
					<tr>
						<td>
							<a href="#esp32%3aesp32%3ad1_mini32"><b>esp32:esp32:d1_mini32</b></a>
							<br />
							<small>1.0.6</small>
						</td>

						
						
						
							<td>Yes ⚠️</td>
							<td class="fail">FAIL</td>
						
						

						
							
								
							
								
							
								
							
								
							
								
									
										
									
										
											
											<td class="fail">FAIL</td>
										
									
								
							
						
							
								
							
								
							
								
							
								
							
								
									
										
											
											<td class="fail">FAIL</td>
										
									
										
									
								
							
						
					</tr>
					
				</table>

				<h2>Compilation logs</h2>
				
				<h3 id="arduino:avr:uno">arduino:avr:uno @ 1.8.4</h3>
				<h4>Inclusion</h4>
				<p>
					Result: <b>PASS</b>
					
				</p>
				<pre class="pre-scrollable">Sketch uses 444 bytes (1%) of program storage space. Maximum is 32256 bytes.
Global variables use 9 bytes (0%) of dynamic memory, leaving 2039 bytes for local variables. Maximum is 2048 bytes.
</pre>

					
					<h4>examples/Piano</h4>
					<p>
						Result: <b>PASS</b>
					</p>
					<pre class="pre-scrollable">Sketch uses 4240 bytes (13%) of program storage space. Maximum is 32256 bytes.
Global variables use 93 bytes (4%) of dynamic memory, leaving 1955 bytes for local variables. Maximum is 2048 bytes.
</pre>
					
					<h4>examples/PressRelease</h4>
					<p>
						Result: <b>PASS</b>
					</p>
					<pre class="pre-scrollable">Sketch uses 4038 bytes (12%) of program storage space. Maximum is 32256 bytes.
Global variables use 410 bytes (20%) of dynamic memory, leaving 1638 bytes for local variables. Maximum is 2048 bytes.
</pre>
					
				
				<h3 id="arduino:mbed_nano:nanorp2040connect">arduino:mbed_nano:nanorp2040connect @ 2.7.2</h3>
				<h4>Inclusion</h4>
				<p>
					Result: <b>PASS</b>
					
				</p>
				<pre class="pre-scrollable">Sketch uses 80722 bytes (0%) of program storage space. Maximum is 16777216 bytes.
Global variables use 43616 bytes (16%) of dynamic memory, leaving 226720 bytes for local variables. Maximum is 270336 bytes.
</pre>

					
					<h4>examples/Piano</h4>
					<p>
						Result: <b>PASS</b>
					</p>
					<pre class="pre-scrollable">Sketch uses 88534 bytes (0%) of program storage space. Maximum is 16777216 bytes.
Global variables use 43640 bytes (16%) of dynamic memory, leaving 226696 bytes for local variables. Maximum is 270336 bytes.
</pre>
					
					<h4>examples/PressRelease</h4>
					<p>
						Result: <b>PASS</b>
					</p>
					<pre class="pre-scrollable">Sketch uses 82016 bytes (0%) of program storage space. Maximum is 16777216 bytes.
Global variables use 43824 bytes (16%) of dynamic memory, leaving 226512 bytes for local variables. Maximum is 270336 bytes.
</pre>
					
				
				<h3 id="arduino:megaavr:nona4809">arduino:megaavr:nona4809 @ 1.8.7</h3>
				<h4>Inclusion</h4>
				<p>
					Result: <b>PASS</b>
					
				</p>
				<pre class="pre-scrollable">Sketch uses 3246 bytes (6%) of program storage space. Maximum is 49152 bytes.
Global variables use 40 bytes (0%) of dynamic memory, leaving 6104 bytes for local variables. Maximum is 6144 bytes.
</pre>

					
					<h4>examples/Piano</h4>
					<p>
						Result: <b>PASS</b>
					</p>
					<pre class="pre-scrollable">Sketch uses 6200 bytes (12%) of program storage space. Maximum is 49152 bytes.
Global variables use 125 bytes (2%) of dynamic memory, leaving 6019 bytes for local variables. Maximum is 6144 bytes.
</pre>
					
					<h4>examples/PressRelease</h4>
					<p>
						Result: <b>PASS</b>
					</p>
					<pre class="pre-scrollable">Sketch uses 6693 bytes (13%) of program storage space. Maximum is 49152 bytes.
Global variables use 362 bytes (5%) of dynamic memory, leaving 5782 bytes for local variables. Maximum is 6144 bytes.
</pre>
					
				
				<h3 id="arduino:samd:mkrwifi1010">arduino:samd:mkrwifi1010 @ 1.8.12</h3>
				<h4>Inclusion</h4>
				<p>
					Result: <b>PASS</b>
					
				</p>
				<pre class="pre-scrollable">Sketch uses 13336 bytes (5%) of program storage space. Maximum is 262144 bytes.
Global variables use 3068 bytes (9%) of dynamic memory, leaving 29700 bytes for local variables. Maximum is 32768 bytes.
</pre>

					
					<h4>examples/Piano</h4>
					<p>
						Result: <b>PASS</b>
					</p>
					<pre class="pre-scrollable">Sketch uses 27004 bytes (10%) of program storage space. Maximum is 262144 bytes.
Global variables use 3132 bytes (9%) of dynamic memory, leaving 29636 bytes for local variables. Maximum is 32768 bytes.
</pre>
					
					<h4>examples/PressRelease</h4>
					<p>
						Result: <b>PASS</b>
					</p>
					<pre class="pre-scrollable">Sketch uses 14564 bytes (5%) of program storage space. Maximum is 262144 bytes.
Global variables use 3288 bytes (10%) of dynamic memory, leaving 29480 bytes for local variables. Maximum is 32768 bytes.
</pre>
					
				
				<h3 id="esp32:esp32:d1_mini32">esp32:esp32:d1_mini32 @ 1.0.6</h3>
				<h4>Inclusion</h4>
				<p>
					Result: <b>FAIL</b>
					
				</p>
				<pre class="pre-scrollable">In file included from /home/ec2-user/arduino-testlib/cli-datadir/user/libraries/Piano_Board/src/PianoKeys.cpp:25:0:
/home/ec2-user/arduino-testlib/cli-datadir/user/libraries/Piano_Board/src/PianoKeys.h:28:23: error: &#39;byte&#39; does not name a type
       PianoKeys(const byte alternatePinSS);
                       ^
/home/ec2-user/arduino-testlib/cli-datadir/user/libraries/Piano_Board/src/PianoKeys.h:30:37: error: &#39;byte&#39; does not name a type
       unsigned int getKeyMask(const byte key);
                                     ^
/home/ec2-user/arduino-testlib/cli-datadir/user/libraries/Piano_Board/src/PianoKeys.h:32:28: error: &#39;byte&#39; does not name a type
       bool isKeyDown(const byte key);
                            ^
/home/ec2-user/arduino-testlib/cli-datadir/user/libraries/Piano_Board/src/PianoKeys.h:33:32: error: &#39;byte&#39; does not name a type
       bool wasKeyPressed(const byte key);
                                ^
/home/ec2-user/arduino-testlib/cli-datadir/user/libraries/Piano_Board/src/PianoKeys.h:34:33: error: &#39;byte&#39; does not name a type
       bool wasKeyReleased(const byte key);
                                 ^
/home/ec2-user/arduino-testlib/cli-datadir/user/libraries/Piano_Board/src/PianoKeys.h:36:7: error: &#39;byte&#39; does not name a type
       byte pinSS = DEFAULT_PIN_SS;
       ^
/home/ec2-user/arduino-testlib/cli-datadir/user/libraries/Piano_Board/src/PianoKeys.cpp:41:28: error: &#39;byte&#39; does not name a type
 PianoKeys::PianoKeys(const byte alternatePinSS) {
                            ^
/home/ec2-user/arduino-testlib/cli-datadir/user/libraries/Piano_Board/src/PianoKeys.cpp: In constructor &#39;PianoKeys::PianoKeys(int)&#39;:
/home/ec2-user/arduino-testlib/cli-datadir/user/libraries/Piano_Board/src/PianoKeys.cpp:42:3: error: &#39;pinSS&#39; was not declared in this scope
   pinSS = alternatePinSS;
   ^
/home/ec2-user/arduino-testlib/cli-datadir/user/libraries/Piano_Board/src/PianoKeys.cpp: In member function &#39;void PianoKeys::init()&#39;:
/home/ec2-user/arduino-testlib/cli-datadir/user/libraries/Piano_Board/src/PianoKeys.cpp:51:11: error: &#39;pinSS&#39; was not declared in this scope
   pinMode(pinSS, OUTPUT);
           ^
/home/ec2-user/arduino-testlib/cli-datadir/user/libraries/Piano_Board/src/PianoKeys.cpp:51:18: error: &#39;OUTPUT&#39; was not declared in this scope
   pinMode(pinSS, OUTPUT);
                  ^
/home/ec2-user/arduino-testlib/cli-datadir/user/libraries/Piano_Board/src/PianoKeys.cpp:51:24: error: &#39;pinMode&#39; was not declared in this scope
   pinMode(pinSS, OUTPUT);
                        ^
/home/ec2-user/arduino-testlib/cli-datadir/user/libraries/Piano_Board/src/PianoKeys.cpp:52:23: error: &#39;HIGH&#39; was not declared in this scope
   digitalWrite(pinSS, HIGH);
                       ^
/home/ec2-user/arduino-testlib/cli-datadir/user/libraries/Piano_Board/src/PianoKeys.cpp:52:27: error: &#39;digitalWrite&#39; was not declared in this scope
   digitalWrite(pinSS, HIGH);
                           ^
/home/ec2-user/arduino-testlib/cli-datadir/user/libraries/Piano_Board/src/PianoKeys.cpp: In member function &#39;void PianoKeys::updateKeys()&#39;:
/home/ec2-user/arduino-testlib/cli-datadir/user/libraries/Piano_Board/src/PianoKeys.cpp:62:16: error: &#39;pinSS&#39; was not declared in this scope
   digitalWrite(pinSS, LOW);
                ^
/home/ec2-user/arduino-testlib/cli-datadir/user/libraries/Piano_Board/src/PianoKeys.cpp:62:23: error: &#39;LOW&#39; was not declared in this scope
   digitalWrite(pinSS, LOW);
                       ^
/home/ec2-user/arduino-testlib/cli-datadir/user/libraries/Piano_Board/src/PianoKeys.cpp:62:26: error: &#39;digitalWrite&#39; was not declared in this scope
   digitalWrite(pinSS, LOW);
                          ^
/home/ec2-user/arduino-testlib/cli-datadir/user/libraries/Piano_Board/src/PianoKeys.cpp:63:22: error: &#39;delayMicroseconds&#39; was not declared in this scope
   delayMicroseconds(5);
                      ^
/home/ec2-user/arduino-testlib/cli-datadir/user/libraries/Piano_Board/src/PianoKeys.cpp:66:23: error: &#39;HIGH&#39; was not declared in this scope
   digitalWrite(pinSS, HIGH);
                       ^
/home/ec2-user/arduino-testlib/cli-datadir/user/libraries/Piano_Board/src/PianoKeys.cpp: At global scope:
/home/ec2-user/arduino-testlib/cli-datadir/user/libraries/Piano_Board/src/PianoKeys.cpp:76:42: error: &#39;byte&#39; does not name a type
 unsigned int PianoKeys::getKeyMask(const byte key) {
                                          ^
/home/ec2-user/arduino-testlib/cli-datadir/user/libraries/Piano_Board/src/PianoKeys.cpp:97:33: error: &#39;byte&#39; does not name a type
 bool PianoKeys::isKeyDown(const byte key) {
                                 ^
/home/ec2-user/arduino-testlib/cli-datadir/user/libraries/Piano_Board/src/PianoKeys.cpp:109:37: error: &#39;byte&#39; does not name a type
 bool PianoKeys::wasKeyPressed(const byte key) {
                                     ^
/home/ec2-user/arduino-testlib/cli-datadir/user/libraries/Piano_Board/src/PianoKeys.cpp:122:38: error: &#39;byte&#39; does not name a type
 bool PianoKeys::wasKeyReleased(const byte key) {
                                      ^

</pre>

					
					<h4>examples/Piano</h4>
					<p>
						Result: <b>FAIL</b>
					</p>
					<pre class="pre-scrollable">/home/ec2-user/arduino-testlib/cli-datadir/user/libraries/Piano_Board/examples/Piano/Piano.ino: In function &#39;void loop()&#39;:
/home/ec2-user/arduino-testlib/cli-datadir/user/libraries/Piano_Board/examples/Piano/Piano.ino:49:30: error: &#39;tone&#39; was not declared in this scope
    tone(PIN_BEEPER, frequency);
                              ^
/home/ec2-user/arduino-testlib/cli-datadir/user/libraries/Piano_Board/examples/Piano/Piano.ino:60:20: error: &#39;noTone&#39; was not declared in this scope
   noTone(PIN_BEEPER);
                    ^
/home/ec2-user/arduino-testlib/cli-datadir/user/libraries/Piano_Board/examples/Piano/Piano.ino:78:30: error: &#39;tone&#39; was not declared in this scope
    tone(PIN_BEEPER, frequency);
                              ^
/home/ec2-user/arduino-testlib/cli-datadir/user/libraries/Piano_Board/examples/Piano/Piano.ino:84:57: error: &#39;tone&#39; was not declared in this scope
   tone(PIN_BEEPER, frequency &#43; (sin(millis() / 25) * 10));
                                                         ^

</pre>
					
					<h4>examples/PressRelease</h4>
					<p>
						Result: <b>FAIL</b>
					</p>
					<pre class="pre-scrollable">In file included from /home/ec2-user/arduino-testlib/cli-datadir/user/libraries/Piano_Board/src/PianoKeys.cpp:25:0:
/home/ec2-user/arduino-testlib/cli-datadir/user/libraries/Piano_Board/src/PianoKeys.h:28:23: error: &#39;byte&#39; does not name a type
       PianoKeys(const byte alternatePinSS);
                       ^
/home/ec2-user/arduino-testlib/cli-datadir/user/libraries/Piano_Board/src/PianoKeys.h:30:37: error: &#39;byte&#39; does not name a type
       unsigned int getKeyMask(const byte key);
                                     ^
/home/ec2-user/arduino-testlib/cli-datadir/user/libraries/Piano_Board/src/PianoKeys.h:32:28: error: &#39;byte&#39; does not name a type
       bool isKeyDown(const byte key);
                            ^
/home/ec2-user/arduino-testlib/cli-datadir/user/libraries/Piano_Board/src/PianoKeys.h:33:32: error: &#39;byte&#39; does not name a type
       bool wasKeyPressed(const byte key);
                                ^
/home/ec2-user/arduino-testlib/cli-datadir/user/libraries/Piano_Board/src/PianoKeys.h:34:33: error: &#39;byte&#39; does not name a type
       bool wasKeyReleased(const byte key);
                                 ^
/home/ec2-user/arduino-testlib/cli-datadir/user/libraries/Piano_Board/src/PianoKeys.h:36:7: error: &#39;byte&#39; does not name a type
       byte pinSS = DEFAULT_PIN_SS;
       ^
/home/ec2-user/arduino-testlib/cli-datadir/user/libraries/Piano_Board/src/PianoKeys.cpp:41:28: error: &#39;byte&#39; does not name a type
 PianoKeys::PianoKeys(const byte alternatePinSS) {
                            ^
/home/ec2-user/arduino-testlib/cli-datadir/user/libraries/Piano_Board/src/PianoKeys.cpp: In constructor &#39;PianoKeys::PianoKeys(int)&#39;:
/home/ec2-user/arduino-testlib/cli-datadir/user/libraries/Piano_Board/src/PianoKeys.cpp:42:3: error: &#39;pinSS&#39; was not declared in this scope
   pinSS = alternatePinSS;
   ^
/home/ec2-user/arduino-testlib/cli-datadir/user/libraries/Piano_Board/src/PianoKeys.cpp: In member function &#39;void PianoKeys::init()&#39;:
/home/ec2-user/arduino-testlib/cli-datadir/user/libraries/Piano_Board/src/PianoKeys.cpp:51:11: error: &#39;pinSS&#39; was not declared in this scope
   pinMode(pinSS, OUTPUT);
           ^
/home/ec2-user/arduino-testlib/cli-datadir/user/libraries/Piano_Board/src/PianoKeys.cpp:51:18: error: &#39;OUTPUT&#39; was not declared in this scope
   pinMode(pinSS, OUTPUT);
                  ^
/home/ec2-user/arduino-testlib/cli-datadir/user/libraries/Piano_Board/src/PianoKeys.cpp:51:24: error: &#39;pinMode&#39; was not declared in this scope
   pinMode(pinSS, OUTPUT);
                        ^
/home/ec2-user/arduino-testlib/cli-datadir/user/libraries/Piano_Board/src/PianoKeys.cpp:52:23: error: &#39;HIGH&#39; was not declared in this scope
   digitalWrite(pinSS, HIGH);
                       ^
/home/ec2-user/arduino-testlib/cli-datadir/user/libraries/Piano_Board/src/PianoKeys.cpp:52:27: error: &#39;digitalWrite&#39; was not declared in this scope
   digitalWrite(pinSS, HIGH);
                           ^
/home/ec2-user/arduino-testlib/cli-datadir/user/libraries/Piano_Board/src/PianoKeys.cpp: In member function &#39;void PianoKeys::updateKeys()&#39;:
/home/ec2-user/arduino-testlib/cli-datadir/user/libraries/Piano_Board/src/PianoKeys.cpp:62:16: error: &#39;pinSS&#39; was not declared in this scope
   digitalWrite(pinSS, LOW);
                ^
/home/ec2-user/arduino-testlib/cli-datadir/user/libraries/Piano_Board/src/PianoKeys.cpp:62:23: error: &#39;LOW&#39; was not declared in this scope
   digitalWrite(pinSS, LOW);
                       ^
/home/ec2-user/arduino-testlib/cli-datadir/user/libraries/Piano_Board/src/PianoKeys.cpp:62:26: error: &#39;digitalWrite&#39; was not declared in this scope
   digitalWrite(pinSS, LOW);
                          ^
/home/ec2-user/arduino-testlib/cli-datadir/user/libraries/Piano_Board/src/PianoKeys.cpp:63:22: error: &#39;delayMicroseconds&#39; was not declared in this scope
   delayMicroseconds(5);
                      ^
/home/ec2-user/arduino-testlib/cli-datadir/user/libraries/Piano_Board/src/PianoKeys.cpp:66:23: error: &#39;HIGH&#39; was not declared in this scope
   digitalWrite(pinSS, HIGH);
                       ^
/home/ec2-user/arduino-testlib/cli-datadir/user/libraries/Piano_Board/src/PianoKeys.cpp: At global scope:
/home/ec2-user/arduino-testlib/cli-datadir/user/libraries/Piano_Board/src/PianoKeys.cpp:76:42: error: &#39;byte&#39; does not name a type
 unsigned int PianoKeys::getKeyMask(const byte key) {
                                          ^
/home/ec2-user/arduino-testlib/cli-datadir/user/libraries/Piano_Board/src/PianoKeys.cpp:97:33: error: &#39;byte&#39; does not name a type
 bool PianoKeys::isKeyDown(const byte key) {
                                 ^
/home/ec2-user/arduino-testlib/cli-datadir/user/libraries/Piano_Board/src/PianoKeys.cpp:109:37: error: &#39;byte&#39; does not name a type
 bool PianoKeys::wasKeyPressed(const byte key) {
                                     ^
/home/ec2-user/arduino-testlib/cli-datadir/user/libraries/Piano_Board/src/PianoKeys.cpp:122:38: error: &#39;byte&#39; does not name a type
 bool PianoKeys::wasKeyReleased(const byte key) {
                                      ^

</pre>
					
				
			</div>
		</div>
	</div>
  </body>
</html>
