
<!doctype html>
<html lang="en">
  <head>
    <meta charset="utf-8">
    <meta name="viewport" content="width=device-width, initial-scale=1">
    <link href="https://cdn.jsdelivr.net/npm/bootstrap@5.0.2/dist/css/bootstrap.min.css" rel="stylesheet" integrity="sha384-EVSTQN3/azprG1Anm3QDgpJLIm9Nao0Yz1ztcQTwFspd3yD65VohhpuuCOmLASjC" crossorigin="anonymous">
    <title>arduino-testlib report</title>
	<style>
	.pass { background-color: #00FF00 !important; }
	.fail { background-color: #FF0000 !important; }
	</style>
  </head>
  <body>
	<div class="container">
		<div class="row">
			<div class="col">
				<h1>PololuLedStrip - compatibility matrix</h1>
				<p>
					<small>This report was generated on Monday, 21-Feb-22 12:00:25 CET using 
					<a href="https://github.com/alranel/arduino-testlib">arduino-testlib</a>.</small>
				</p>

				<h2>PololuLedStrip</h2>
				<p>
					Version: <b>4.3.1</b>
					<br />
					<a href="https://www.arduino.cc/reference/en/libraries/pololuledstrip/">More details</a>
				</p>

				<h2>Compatibility matrix</h2>
				<table class="table table-bordered">
					<tr>
						<th>Board</th>
						<th>Claims compatibility</th>
						<th>Inclusion</th>
						
						<th><pre>LedStripColorTester</pre></th>
						
						<th><pre>LedStripGradient</pre></th>
						
						<th><pre>LedStripRainbow</pre></th>
						
						<th><pre>LedStripXmas</pre></th>
						
					</tr>
					
					<tr>
						<td>
							<a href="#arduino%3aavr%3auno"><b>arduino:avr:uno</b></a>
							<br />
							<small>1.8.4</small>
						</td>

						
							<td>Yes</td>
							<td class="pass">PASS</td>
						
						
						
						

						
							
								
									
										
											<td class="pass">PASS</td>
											
										
									
										
									
										
									
										
									
								
							
								
							
								
							
								
							
								
							
						
							
								
									
										
									
										
											<td class="pass">PASS</td>
											
										
									
										
									
										
									
								
							
								
							
								
							
								
							
								
							
						
							
								
									
										
									
										
									
										
											<td class="pass">PASS</td>
											
										
									
										
									
								
							
								
							
								
							
								
							
								
							
						
							
								
									
										
									
										
									
										
									
										
											<td class="pass">PASS</td>
											
										
									
								
							
								
							
								
							
								
							
								
							
						
					</tr>
					
					<tr>
						<td>
							<a href="#arduino%3ambed_nano%3ananorp2040connect"><b>arduino:mbed_nano:nanorp2040connect</b></a>
							<br />
							<small>2.7.2</small>
						</td>

						
						
						
						
							<td>No</td>
							<td class="fail">FAIL</td>
						

						
							
								
							
								
									
										
											
											<td class="fail">FAIL</td>
										
									
										
									
										
									
										
									
								
							
								
							
								
							
								
							
						
							
								
							
								
									
										
									
										
											
											<td class="fail">FAIL</td>
										
									
										
									
										
									
								
							
								
							
								
							
								
							
						
							
								
							
								
									
										
									
										
									
										
											
											<td class="fail">FAIL</td>
										
									
										
									
								
							
								
							
								
							
								
							
						
							
								
							
								
									
										
									
										
									
										
									
										
											
											<td class="fail">FAIL</td>
										
									
								
							
								
							
								
							
								
							
						
					</tr>
					
					<tr>
						<td>
							<a href="#arduino%3amegaavr%3anona4809"><b>arduino:megaavr:nona4809</b></a>
							<br />
							<small>1.8.7</small>
						</td>

						
						
						
						
							<td>No</td>
							<td class="fail">FAIL</td>
						

						
							
								
							
								
							
								
									
										
											
											<td class="fail">FAIL</td>
										
									
										
									
										
									
										
									
								
							
								
							
								
							
						
							
								
							
								
							
								
									
										
									
										
											
											<td class="fail">FAIL</td>
										
									
										
									
										
									
								
							
								
							
								
							
						
							
								
							
								
							
								
									
										
									
										
									
										
											
											<td class="fail">FAIL</td>
										
									
										
									
								
							
								
							
								
							
						
							
								
							
								
							
								
									
										
									
										
									
										
									
										
											
											<td class="fail">FAIL</td>
										
									
								
							
								
							
								
							
						
					</tr>
					
					<tr>
						<td>
							<a href="#arduino%3asamd%3amkrwifi1010"><b>arduino:samd:mkrwifi1010</b></a>
							<br />
							<small>1.8.12</small>
						</td>

						
						
						
						
							<td>No</td>
							<td class="fail">FAIL</td>
						

						
							
								
							
								
							
								
							
								
									
										
											
											<td class="fail">FAIL</td>
										
									
										
									
										
									
										
									
								
							
								
							
						
							
								
							
								
							
								
							
								
									
										
									
										
											
											<td class="fail">FAIL</td>
										
									
										
									
										
									
								
							
								
							
						
							
								
							
								
							
								
							
								
									
										
									
										
									
										
											
											<td class="fail">FAIL</td>
										
									
										
									
								
							
								
							
						
							
								
							
								
							
								
							
								
									
										
									
										
									
										
									
										
											
											<td class="fail">FAIL</td>
										
									
								
							
								
							
						
					</tr>
					
					<tr>
						<td>
							<a href="#esp32%3aesp32%3ad1_mini32"><b>esp32:esp32:d1_mini32</b></a>
							<br />
							<small>1.0.6</small>
						</td>

						
						
						
						
							<td>No</td>
							<td class="fail">FAIL</td>
						

						
							
								
							
								
							
								
							
								
							
								
									
										
											
											<td class="fail">FAIL</td>
										
									
										
									
										
									
										
									
								
							
						
							
								
							
								
							
								
							
								
							
								
									
										
									
										
											
											<td class="fail">FAIL</td>
										
									
										
									
										
									
								
							
						
							
								
							
								
							
								
							
								
							
								
									
										
									
										
									
										
											
											<td class="fail">FAIL</td>
										
									
										
									
								
							
						
							
								
							
								
							
								
							
								
							
								
									
										
									
										
									
										
									
										
											
											<td class="fail">FAIL</td>
										
									
								
							
						
					</tr>
					
				</table>

				<h2>Compilation logs</h2>
				
				<h3 id="arduino:avr:uno">arduino:avr:uno @ 1.8.4</h3>
				<h4>Inclusion</h4>
				<p>
					Result: <b>PASS</b>
					
				</p>
				<pre class="pre-scrollable">Sketch uses 444 bytes (1%) of program storage space. Maximum is 32256 bytes.
Global variables use 9 bytes (0%) of dynamic memory, leaving 2039 bytes for local variables. Maximum is 2048 bytes.
</pre>

					
					<h4>examples/LedStripColorTester</h4>
					<p>
						Result: <b>PASS</b>
					</p>
					<pre class="pre-scrollable">Sketch uses 2694 bytes (8%) of program storage space. Maximum is 32256 bytes.
Global variables use 418 bytes (20%) of dynamic memory, leaving 1630 bytes for local variables. Maximum is 2048 bytes.
</pre>
					
					<h4>examples/LedStripGradient</h4>
					<p>
						Result: <b>PASS</b>
					</p>
					<pre class="pre-scrollable">Sketch uses 1116 bytes (3%) of program storage space. Maximum is 32256 bytes.
Global variables use 197 bytes (9%) of dynamic memory, leaving 1851 bytes for local variables. Maximum is 2048 bytes.
</pre>
					
					<h4>examples/LedStripRainbow</h4>
					<p>
						Result: <b>PASS</b>
					</p>
					<pre class="pre-scrollable">Sketch uses 1430 bytes (4%) of program storage space. Maximum is 32256 bytes.
Global variables use 197 bytes (9%) of dynamic memory, leaving 1851 bytes for local variables. Maximum is 2048 bytes.
</pre>
					
					<h4>examples/LedStripXmas</h4>
					<p>
						Result: <b>PASS</b>
					</p>
					<pre class="pre-scrollable">Sketch uses 5878 bytes (18%) of program storage space. Maximum is 32256 bytes.
Global variables use 1559 bytes (76%) of dynamic memory, leaving 489 bytes for local variables. Maximum is 2048 bytes.
Low memory available, stability problems may occur.
</pre>
					
				
				<h3 id="arduino:mbed_nano:nanorp2040connect">arduino:mbed_nano:nanorp2040connect @ 2.7.2</h3>
				<h4>Inclusion</h4>
				<p>
					Result: <b>FAIL</b>
					
				</p>
				<pre class="pre-scrollable">In file included from /tmp/arduino-testlib1809635185/test/test.ino:1:0:
/home/ec2-user/arduino-testlib/cli-datadir/user/libraries/MakerVision/PololuLedStrip.h:20:2: error: #error &#34;On an ARM, this version of the PololuLedStrip library only supports 84 MHz.&#34;
 #error &#34;On an ARM, this version of the PololuLedStrip library only supports 84 MHz.&#34;
  ^~~~~
Multiple libraries were found for &#34;PololuLedStrip.h&#34;
  Used: /home/ec2-user/arduino-testlib/cli-datadir/user/libraries/MakerVision
  Not used: /home/ec2-user/arduino-testlib/cli-datadir/user/libraries/PololuLedStrip
Multiple libraries were found for &#34;Servo.h&#34;
  Used: /home/ec2-user/arduino-testlib/cli-datadir/user/libraries/Servo
  Not used: /home/ec2-user/arduino-testlib/cli-datadir/user/libraries/ServoESP32
  Not used: /home/ec2-user/arduino-testlib/cli-datadir/user/libraries/Printoo_Library
  Not used: /home/ec2-user/arduino-testlib/cli-datadir/user/libraries/evive
  Not used: /home/ec2-user/arduino-testlib/cli-datadir/user/libraries/RokitSmart
  Not used: /home/ec2-user/arduino-testlib/cli-datadir/user/libraries/XMC_Servo
</pre>

					
					<h4>examples/LedStripColorTester</h4>
					<p>
						Result: <b>FAIL</b>
					</p>
					<pre class="pre-scrollable">In file included from /home/ec2-user/arduino-testlib/cli-datadir/user/libraries/PololuLedStrip/examples/LedStripColorTester/LedStripColorTester.ino:26:0:
/home/ec2-user/arduino-testlib/cli-datadir/user/libraries/MakerVision/PololuLedStrip.h:20:2: error: #error &#34;On an ARM, this version of the PololuLedStrip library only supports 84 MHz.&#34;
 #error &#34;On an ARM, this version of the PololuLedStrip library only supports 84 MHz.&#34;
  ^~~~~
Multiple libraries were found for &#34;PololuLedStrip.h&#34;
  Used: /home/ec2-user/arduino-testlib/cli-datadir/user/libraries/MakerVision
  Not used: /home/ec2-user/arduino-testlib/cli-datadir/user/libraries/PololuLedStrip
Multiple libraries were found for &#34;Servo.h&#34;
  Used: /home/ec2-user/arduino-testlib/cli-datadir/user/libraries/Servo
  Not used: /home/ec2-user/arduino-testlib/cli-datadir/user/libraries/ServoESP32
  Not used: /home/ec2-user/arduino-testlib/cli-datadir/user/libraries/evive
  Not used: /home/ec2-user/arduino-testlib/cli-datadir/user/libraries/RokitSmart
  Not used: /home/ec2-user/arduino-testlib/cli-datadir/user/libraries/Printoo_Library
  Not used: /home/ec2-user/arduino-testlib/cli-datadir/user/libraries/XMC_Servo
</pre>
					
					<h4>examples/LedStripGradient</h4>
					<p>
						Result: <b>FAIL</b>
					</p>
					<pre class="pre-scrollable">In file included from /home/ec2-user/arduino-testlib/cli-datadir/user/libraries/PololuLedStrip/examples/LedStripGradient/LedStripGradient.ino:10:0:
/home/ec2-user/arduino-testlib/cli-datadir/user/libraries/MakerVision/PololuLedStrip.h:20:2: error: #error &#34;On an ARM, this version of the PololuLedStrip library only supports 84 MHz.&#34;
 #error &#34;On an ARM, this version of the PololuLedStrip library only supports 84 MHz.&#34;
  ^~~~~
Multiple libraries were found for &#34;PololuLedStrip.h&#34;
  Used: /home/ec2-user/arduino-testlib/cli-datadir/user/libraries/MakerVision
  Not used: /home/ec2-user/arduino-testlib/cli-datadir/user/libraries/PololuLedStrip
Multiple libraries were found for &#34;Servo.h&#34;
  Used: /home/ec2-user/arduino-testlib/cli-datadir/user/libraries/Servo
  Not used: /home/ec2-user/arduino-testlib/cli-datadir/user/libraries/Printoo_Library
  Not used: /home/ec2-user/arduino-testlib/cli-datadir/user/libraries/ServoESP32
  Not used: /home/ec2-user/arduino-testlib/cli-datadir/user/libraries/RokitSmart
  Not used: /home/ec2-user/arduino-testlib/cli-datadir/user/libraries/evive
  Not used: /home/ec2-user/arduino-testlib/cli-datadir/user/libraries/XMC_Servo
</pre>
					
					<h4>examples/LedStripRainbow</h4>
					<p>
						Result: <b>FAIL</b>
					</p>
					<pre class="pre-scrollable">In file included from /home/ec2-user/arduino-testlib/cli-datadir/user/libraries/PololuLedStrip/examples/LedStripRainbow/LedStripRainbow.ino:10:0:
/home/ec2-user/arduino-testlib/cli-datadir/user/libraries/MakerVision/PololuLedStrip.h:20:2: error: #error &#34;On an ARM, this version of the PololuLedStrip library only supports 84 MHz.&#34;
 #error &#34;On an ARM, this version of the PololuLedStrip library only supports 84 MHz.&#34;
  ^~~~~
Multiple libraries were found for &#34;PololuLedStrip.h&#34;
  Used: /home/ec2-user/arduino-testlib/cli-datadir/user/libraries/MakerVision
  Not used: /home/ec2-user/arduino-testlib/cli-datadir/user/libraries/PololuLedStrip
Multiple libraries were found for &#34;Servo.h&#34;
  Used: /home/ec2-user/arduino-testlib/cli-datadir/user/libraries/Servo
  Not used: /home/ec2-user/arduino-testlib/cli-datadir/user/libraries/Printoo_Library
  Not used: /home/ec2-user/arduino-testlib/cli-datadir/user/libraries/XMC_Servo
  Not used: /home/ec2-user/arduino-testlib/cli-datadir/user/libraries/RokitSmart
  Not used: /home/ec2-user/arduino-testlib/cli-datadir/user/libraries/evive
  Not used: /home/ec2-user/arduino-testlib/cli-datadir/user/libraries/ServoESP32
</pre>
					
					<h4>examples/LedStripXmas</h4>
					<p>
						Result: <b>FAIL</b>
					</p>
					<pre class="pre-scrollable">In file included from /home/ec2-user/arduino-testlib/cli-datadir/user/libraries/PololuLedStrip/examples/LedStripXmas/LedStripXmas.ino:35:0:
/home/ec2-user/arduino-testlib/cli-datadir/user/libraries/MakerVision/PololuLedStrip.h:20:2: error: #error &#34;On an ARM, this version of the PololuLedStrip library only supports 84 MHz.&#34;
 #error &#34;On an ARM, this version of the PololuLedStrip library only supports 84 MHz.&#34;
  ^~~~~
Multiple libraries were found for &#34;PololuLedStrip.h&#34;
  Used: /home/ec2-user/arduino-testlib/cli-datadir/user/libraries/MakerVision
  Not used: /home/ec2-user/arduino-testlib/cli-datadir/user/libraries/PololuLedStrip
Multiple libraries were found for &#34;Servo.h&#34;
  Used: /home/ec2-user/arduino-testlib/cli-datadir/user/libraries/Servo
  Not used: /home/ec2-user/arduino-testlib/cli-datadir/user/libraries/ServoESP32
  Not used: /home/ec2-user/arduino-testlib/cli-datadir/user/libraries/Printoo_Library
  Not used: /home/ec2-user/arduino-testlib/cli-datadir/user/libraries/evive
  Not used: /home/ec2-user/arduino-testlib/cli-datadir/user/libraries/RokitSmart
  Not used: /home/ec2-user/arduino-testlib/cli-datadir/user/libraries/XMC_Servo
</pre>
					
				
				<h3 id="arduino:megaavr:nona4809">arduino:megaavr:nona4809 @ 1.8.7</h3>
				<h4>Inclusion</h4>
				<p>
					Result: <b>FAIL</b>
					
				</p>
				<pre class="pre-scrollable">In file included from /tmp/arduino-testlib1809635185/test/test.ino:1:0:
/home/ec2-user/arduino-testlib/cli-datadir/user/libraries/MakerVision/PololuLedStrip.h: In member function &#39;virtual void Pololu::PololuLedStrip&lt;pin&gt;::write(Pololu::rgb_color*, unsigned int)&#39;:
/home/ec2-user/arduino-testlib/cli-datadir/user/libraries/MakerVision/PololuLedStrip.h:303:16: error: &#39;pinAddr&#39; was not declared in this scope
           &#34;I&#34; (pinAddr[pin]),   // %2 is the port register (e.g. PORTC)
                ^~~~~~~
/home/ec2-user/arduino-testlib/cli-datadir/user/libraries/MakerVision/PololuLedStrip.h:303:16: note: suggested alternative: &#39;pinMode&#39;
           &#34;I&#34; (pinAddr[pin]),   // %2 is the port register (e.g. PORTC)
                ^~~~~~~
                pinMode
/home/ec2-user/arduino-testlib/cli-datadir/user/libraries/MakerVision/PololuLedStrip.h:304:16: error: &#39;pinBit&#39; was not declared in this scope
           &#34;I&#34; (pinBit[pin])     // %3 is the pin number (0-8)
                ^~~~~~
/home/ec2-user/arduino-testlib/cli-datadir/user/libraries/MakerVision/PololuLedStrip.h:304:16: note: suggested alternative: &#39;init&#39;
           &#34;I&#34; (pinBit[pin])     // %3 is the pin number (0-8)
                ^~~~~~
                init
Multiple libraries were found for &#34;PololuLedStrip.h&#34;
  Used: /home/ec2-user/arduino-testlib/cli-datadir/user/libraries/MakerVision
  Not used: /home/ec2-user/arduino-testlib/cli-datadir/user/libraries/PololuLedStrip
Multiple libraries were found for &#34;Servo.h&#34;
  Used: /home/ec2-user/arduino-testlib/cli-datadir/user/libraries/Servo
  Not used: /home/ec2-user/arduino-testlib/cli-datadir/user/libraries/XMC_Servo
  Not used: /home/ec2-user/arduino-testlib/cli-datadir/user/libraries/Printoo_Library
  Not used: /home/ec2-user/arduino-testlib/cli-datadir/user/libraries/RokitSmart
  Not used: /home/ec2-user/arduino-testlib/cli-datadir/user/libraries/evive
  Not used: /home/ec2-user/arduino-testlib/cli-datadir/user/libraries/ServoESP32
</pre>

					
					<h4>examples/LedStripColorTester</h4>
					<p>
						Result: <b>FAIL</b>
					</p>
					<pre class="pre-scrollable">In file included from /home/ec2-user/arduino-testlib/cli-datadir/user/libraries/PololuLedStrip/examples/LedStripColorTester/LedStripColorTester.ino:26:0:
/home/ec2-user/arduino-testlib/cli-datadir/user/libraries/MakerVision/PololuLedStrip.h: In member function &#39;virtual void Pololu::PololuLedStrip&lt;pin&gt;::write(Pololu::rgb_color*, unsigned int)&#39;:
/home/ec2-user/arduino-testlib/cli-datadir/user/libraries/MakerVision/PololuLedStrip.h:303:16: error: &#39;pinAddr&#39; was not declared in this scope
           &#34;I&#34; (pinAddr[pin]),   // %2 is the port register (e.g. PORTC)
                ^~~~~~~
/home/ec2-user/arduino-testlib/cli-datadir/user/libraries/MakerVision/PololuLedStrip.h:303:16: note: suggested alternative: &#39;pinMode&#39;
           &#34;I&#34; (pinAddr[pin]),   // %2 is the port register (e.g. PORTC)
                ^~~~~~~
                pinMode
/home/ec2-user/arduino-testlib/cli-datadir/user/libraries/MakerVision/PololuLedStrip.h:304:16: error: &#39;pinBit&#39; was not declared in this scope
           &#34;I&#34; (pinBit[pin])     // %3 is the pin number (0-8)
                ^~~~~~
/home/ec2-user/arduino-testlib/cli-datadir/user/libraries/MakerVision/PololuLedStrip.h:304:16: note: suggested alternative: &#39;init&#39;
           &#34;I&#34; (pinBit[pin])     // %3 is the pin number (0-8)
                ^~~~~~
                init
Multiple libraries were found for &#34;PololuLedStrip.h&#34;
  Used: /home/ec2-user/arduino-testlib/cli-datadir/user/libraries/MakerVision
  Not used: /home/ec2-user/arduino-testlib/cli-datadir/user/libraries/PololuLedStrip
Multiple libraries were found for &#34;Servo.h&#34;
  Used: /home/ec2-user/arduino-testlib/cli-datadir/user/libraries/Servo
  Not used: /home/ec2-user/arduino-testlib/cli-datadir/user/libraries/RokitSmart
  Not used: /home/ec2-user/arduino-testlib/cli-datadir/user/libraries/ServoESP32
  Not used: /home/ec2-user/arduino-testlib/cli-datadir/user/libraries/evive
  Not used: /home/ec2-user/arduino-testlib/cli-datadir/user/libraries/XMC_Servo
  Not used: /home/ec2-user/arduino-testlib/cli-datadir/user/libraries/Printoo_Library
</pre>
					
					<h4>examples/LedStripGradient</h4>
					<p>
						Result: <b>FAIL</b>
					</p>
					<pre class="pre-scrollable">In file included from /home/ec2-user/arduino-testlib/cli-datadir/user/libraries/PololuLedStrip/examples/LedStripGradient/LedStripGradient.ino:10:0:
/home/ec2-user/arduino-testlib/cli-datadir/user/libraries/MakerVision/PololuLedStrip.h: In member function &#39;virtual void Pololu::PololuLedStrip&lt;pin&gt;::write(Pololu::rgb_color*, unsigned int)&#39;:
/home/ec2-user/arduino-testlib/cli-datadir/user/libraries/MakerVision/PololuLedStrip.h:303:16: error: &#39;pinAddr&#39; was not declared in this scope
           &#34;I&#34; (pinAddr[pin]),   // %2 is the port register (e.g. PORTC)
                ^~~~~~~
/home/ec2-user/arduino-testlib/cli-datadir/user/libraries/MakerVision/PololuLedStrip.h:303:16: note: suggested alternative: &#39;pinMode&#39;
           &#34;I&#34; (pinAddr[pin]),   // %2 is the port register (e.g. PORTC)
                ^~~~~~~
                pinMode
/home/ec2-user/arduino-testlib/cli-datadir/user/libraries/MakerVision/PololuLedStrip.h:304:16: error: &#39;pinBit&#39; was not declared in this scope
           &#34;I&#34; (pinBit[pin])     // %3 is the pin number (0-8)
                ^~~~~~
/home/ec2-user/arduino-testlib/cli-datadir/user/libraries/MakerVision/PololuLedStrip.h:304:16: note: suggested alternative: &#39;init&#39;
           &#34;I&#34; (pinBit[pin])     // %3 is the pin number (0-8)
                ^~~~~~
                init
/home/ec2-user/arduino-testlib/cli-datadir/user/libraries/PololuLedStrip/examples/LedStripGradient/LedStripGradient.ino: In function &#39;void loop()&#39;:
/home/ec2-user/arduino-testlib/cli-datadir/user/libraries/PololuLedStrip/examples/LedStripGradient/LedStripGradient.ino:30:40: error: no matching function for call to &#39;Pololu::rgb_color::rgb_color(byte&amp;, int, byte&amp;)&#39;
     colors[i] = rgb_color(x, 255 - x, x);
                                        ^
In file included from /home/ec2-user/arduino-testlib/cli-datadir/user/libraries/PololuLedStrip/examples/LedStripGradient/LedStripGradient.ino:10:0:
/home/ec2-user/arduino-testlib/cli-datadir/user/libraries/MakerVision/PololuLedStrip.h:29:18: note: candidate: Pololu::rgb_color::rgb_color()
   typedef struct rgb_color
                  ^~~~~~~~~
/home/ec2-user/arduino-testlib/cli-datadir/user/libraries/MakerVision/PololuLedStrip.h:29:18: note:   candidate expects 0 arguments, 3 provided
/home/ec2-user/arduino-testlib/cli-datadir/user/libraries/MakerVision/PololuLedStrip.h:29:18: note: candidate: constexpr Pololu::rgb_color::rgb_color(const Pololu::rgb_color&amp;)
/home/ec2-user/arduino-testlib/cli-datadir/user/libraries/MakerVision/PololuLedStrip.h:29:18: note:   candidate expects 1 argument, 3 provided
/home/ec2-user/arduino-testlib/cli-datadir/user/libraries/MakerVision/PololuLedStrip.h:29:18: note: candidate: constexpr Pololu::rgb_color::rgb_color(Pololu::rgb_color&amp;&amp;)
/home/ec2-user/arduino-testlib/cli-datadir/user/libraries/MakerVision/PololuLedStrip.h:29:18: note:   candidate expects 1 argument, 3 provided
Multiple libraries were found for &#34;PololuLedStrip.h&#34;
  Used: /home/ec2-user/arduino-testlib/cli-datadir/user/libraries/MakerVision
  Not used: /home/ec2-user/arduino-testlib/cli-datadir/user/libraries/PololuLedStrip
Multiple libraries were found for &#34;Servo.h&#34;
  Used: /home/ec2-user/arduino-testlib/cli-datadir/user/libraries/Servo
  Not used: /home/ec2-user/arduino-testlib/cli-datadir/user/libraries/RokitSmart
  Not used: /home/ec2-user/arduino-testlib/cli-datadir/user/libraries/Printoo_Library
  Not used: /home/ec2-user/arduino-testlib/cli-datadir/user/libraries/evive
  Not used: /home/ec2-user/arduino-testlib/cli-datadir/user/libraries/ServoESP32
  Not used: /home/ec2-user/arduino-testlib/cli-datadir/user/libraries/XMC_Servo
</pre>
					
					<h4>examples/LedStripRainbow</h4>
					<p>
						Result: <b>FAIL</b>
					</p>
					<pre class="pre-scrollable">In file included from /home/ec2-user/arduino-testlib/cli-datadir/user/libraries/PololuLedStrip/examples/LedStripRainbow/LedStripRainbow.ino:10:0:
/home/ec2-user/arduino-testlib/cli-datadir/user/libraries/MakerVision/PololuLedStrip.h: In member function &#39;virtual void Pololu::PololuLedStrip&lt;pin&gt;::write(Pololu::rgb_color*, unsigned int)&#39;:
/home/ec2-user/arduino-testlib/cli-datadir/user/libraries/MakerVision/PololuLedStrip.h:303:16: error: &#39;pinAddr&#39; was not declared in this scope
           &#34;I&#34; (pinAddr[pin]),   // %2 is the port register (e.g. PORTC)
                ^~~~~~~
/home/ec2-user/arduino-testlib/cli-datadir/user/libraries/MakerVision/PololuLedStrip.h:303:16: note: suggested alternative: &#39;pinMode&#39;
           &#34;I&#34; (pinAddr[pin]),   // %2 is the port register (e.g. PORTC)
                ^~~~~~~
                pinMode
/home/ec2-user/arduino-testlib/cli-datadir/user/libraries/MakerVision/PololuLedStrip.h:304:16: error: &#39;pinBit&#39; was not declared in this scope
           &#34;I&#34; (pinBit[pin])     // %3 is the pin number (0-8)
                ^~~~~~
/home/ec2-user/arduino-testlib/cli-datadir/user/libraries/MakerVision/PololuLedStrip.h:304:16: note: suggested alternative: &#39;init&#39;
           &#34;I&#34; (pinBit[pin])     // %3 is the pin number (0-8)
                ^~~~~~
                init
/home/ec2-user/arduino-testlib/cli-datadir/user/libraries/PololuLedStrip/examples/LedStripRainbow/LedStripRainbow.ino: In function &#39;Pololu::rgb_color hsvToRgb(uint16_t, uint8_t, uint8_t)&#39;:
/home/ec2-user/arduino-testlib/cli-datadir/user/libraries/PololuLedStrip/examples/LedStripRainbow/LedStripRainbow.ino:42:29: error: no matching function for call to &#39;Pololu::rgb_color::rgb_color(uint8_t&amp;, uint8_t&amp;, uint8_t&amp;)&#39;
     return rgb_color(r, g, b);
                             ^
In file included from /home/ec2-user/arduino-testlib/cli-datadir/user/libraries/PololuLedStrip/examples/LedStripRainbow/LedStripRainbow.ino:10:0:
/home/ec2-user/arduino-testlib/cli-datadir/user/libraries/MakerVision/PololuLedStrip.h:29:18: note: candidate: Pololu::rgb_color::rgb_color()
   typedef struct rgb_color
                  ^~~~~~~~~
/home/ec2-user/arduino-testlib/cli-datadir/user/libraries/MakerVision/PololuLedStrip.h:29:18: note:   candidate expects 0 arguments, 3 provided
/home/ec2-user/arduino-testlib/cli-datadir/user/libraries/MakerVision/PololuLedStrip.h:29:18: note: candidate: constexpr Pololu::rgb_color::rgb_color(const Pololu::rgb_color&amp;)
/home/ec2-user/arduino-testlib/cli-datadir/user/libraries/MakerVision/PololuLedStrip.h:29:18: note:   candidate expects 1 argument, 3 provided
/home/ec2-user/arduino-testlib/cli-datadir/user/libraries/MakerVision/PololuLedStrip.h:29:18: note: candidate: constexpr Pololu::rgb_color::rgb_color(Pololu::rgb_color&amp;&amp;)
/home/ec2-user/arduino-testlib/cli-datadir/user/libraries/MakerVision/PololuLedStrip.h:29:18: note:   candidate expects 1 argument, 3 provided
Multiple libraries were found for &#34;PololuLedStrip.h&#34;
  Used: /home/ec2-user/arduino-testlib/cli-datadir/user/libraries/MakerVision
  Not used: /home/ec2-user/arduino-testlib/cli-datadir/user/libraries/PololuLedStrip
Multiple libraries were found for &#34;Servo.h&#34;
  Used: /home/ec2-user/arduino-testlib/cli-datadir/user/libraries/Servo
  Not used: /home/ec2-user/arduino-testlib/cli-datadir/user/libraries/RokitSmart
  Not used: /home/ec2-user/arduino-testlib/cli-datadir/user/libraries/evive
  Not used: /home/ec2-user/arduino-testlib/cli-datadir/user/libraries/ServoESP32
  Not used: /home/ec2-user/arduino-testlib/cli-datadir/user/libraries/XMC_Servo
  Not used: /home/ec2-user/arduino-testlib/cli-datadir/user/libraries/Printoo_Library
</pre>
					
					<h4>examples/LedStripXmas</h4>
					<p>
						Result: <b>FAIL</b>
					</p>
					<pre class="pre-scrollable">In file included from /home/ec2-user/arduino-testlib/cli-datadir/user/libraries/PololuLedStrip/examples/LedStripXmas/LedStripXmas.ino:35:0:
/home/ec2-user/arduino-testlib/cli-datadir/user/libraries/MakerVision/PololuLedStrip.h: In member function &#39;virtual void Pololu::PololuLedStrip&lt;pin&gt;::write(Pololu::rgb_color*, unsigned int)&#39;:
/home/ec2-user/arduino-testlib/cli-datadir/user/libraries/MakerVision/PololuLedStrip.h:303:16: error: &#39;pinAddr&#39; was not declared in this scope
           &#34;I&#34; (pinAddr[pin]),   // %2 is the port register (e.g. PORTC)
                ^~~~~~~
/home/ec2-user/arduino-testlib/cli-datadir/user/libraries/MakerVision/PololuLedStrip.h:303:16: note: suggested alternative: &#39;pinMode&#39;
           &#34;I&#34; (pinAddr[pin]),   // %2 is the port register (e.g. PORTC)
                ^~~~~~~
                pinMode
/home/ec2-user/arduino-testlib/cli-datadir/user/libraries/MakerVision/PololuLedStrip.h:304:16: error: &#39;pinBit&#39; was not declared in this scope
           &#34;I&#34; (pinBit[pin])     // %3 is the pin number (0-8)
                ^~~~~~
/home/ec2-user/arduino-testlib/cli-datadir/user/libraries/MakerVision/PololuLedStrip.h:304:16: note: suggested alternative: &#39;init&#39;
           &#34;I&#34; (pinBit[pin])     // %3 is the pin number (0-8)
                ^~~~~~
                init
/home/ec2-user/arduino-testlib/cli-datadir/user/libraries/PololuLedStrip/examples/LedStripXmas/LedStripXmas.ino: In function &#39;void loop()&#39;:
/home/ec2-user/arduino-testlib/cli-datadir/user/libraries/PololuLedStrip/examples/LedStripXmas/LedStripXmas.ino:119:36: error: no matching function for call to &#39;Pololu::rgb_color::rgb_color(int, int, int)&#39;
       colors[i] = rgb_color(0, 0, 0);
                                    ^
In file included from /home/ec2-user/arduino-testlib/cli-datadir/user/libraries/PololuLedStrip/examples/LedStripXmas/LedStripXmas.ino:35:0:
/home/ec2-user/arduino-testlib/cli-datadir/user/libraries/MakerVision/PololuLedStrip.h:29:18: note: candidate: Pololu::rgb_color::rgb_color()
   typedef struct rgb_color
                  ^~~~~~~~~
/home/ec2-user/arduino-testlib/cli-datadir/user/libraries/MakerVision/PololuLedStrip.h:29:18: note:   candidate expects 0 arguments, 3 provided
/home/ec2-user/arduino-testlib/cli-datadir/user/libraries/MakerVision/PololuLedStrip.h:29:18: note: candidate: constexpr Pololu::rgb_color::rgb_color(const Pololu::rgb_color&amp;)
/home/ec2-user/arduino-testlib/cli-datadir/user/libraries/MakerVision/PololuLedStrip.h:29:18: note:   candidate expects 1 argument, 3 provided
/home/ec2-user/arduino-testlib/cli-datadir/user/libraries/MakerVision/PololuLedStrip.h:29:18: note: candidate: constexpr Pololu::rgb_color::rgb_color(Pololu::rgb_color&amp;&amp;)
/home/ec2-user/arduino-testlib/cli-datadir/user/libraries/MakerVision/PololuLedStrip.h:29:18: note:   candidate expects 1 argument, 3 provided
/home/ec2-user/arduino-testlib/cli-datadir/user/libraries/PololuLedStrip/examples/LedStripXmas/LedStripXmas.ino: In function &#39;void warmWhiteShimmer(unsigned char)&#39;:
/home/ec2-user/arduino-testlib/cli-datadir/user/libraries/PololuLedStrip/examples/LedStripXmas/LedStripXmas.ino:336:92: error: no matching function for call to &#39;Pololu::rgb_color::rgb_color(int, int, int)&#39;
       colors[i&#43;1] = rgb_color(colors[i].red &gt;&gt; 2, colors[i].green &gt;&gt; 2, colors[i].blue &gt;&gt; 2);
                                                                                            ^
In file included from /home/ec2-user/arduino-testlib/cli-datadir/user/libraries/PololuLedStrip/examples/LedStripXmas/LedStripXmas.ino:35:0:
/home/ec2-user/arduino-testlib/cli-datadir/user/libraries/MakerVision/PololuLedStrip.h:29:18: note: candidate: Pololu::rgb_color::rgb_color()
   typedef struct rgb_color
                  ^~~~~~~~~
/home/ec2-user/arduino-testlib/cli-datadir/user/libraries/MakerVision/PololuLedStrip.h:29:18: note:   candidate expects 0 arguments, 3 provided
/home/ec2-user/arduino-testlib/cli-datadir/user/libraries/MakerVision/PololuLedStrip.h:29:18: note: candidate: constexpr Pololu::rgb_color::rgb_color(const Pololu::rgb_color&amp;)
/home/ec2-user/arduino-testlib/cli-datadir/user/libraries/MakerVision/PololuLedStrip.h:29:18: note:   candidate expects 1 argument, 3 provided
/home/ec2-user/arduino-testlib/cli-datadir/user/libraries/MakerVision/PololuLedStrip.h:29:18: note: candidate: constexpr Pololu::rgb_color::rgb_color(Pololu::rgb_color&amp;&amp;)
/home/ec2-user/arduino-testlib/cli-datadir/user/libraries/MakerVision/PololuLedStrip.h:29:18: note:   candidate expects 1 argument, 3 provided
/home/ec2-user/arduino-testlib/cli-datadir/user/libraries/PololuLedStrip/examples/LedStripXmas/LedStripXmas.ino: In function &#39;void randomColorWalk(unsigned char, unsigned char)&#39;:
/home/ec2-user/arduino-testlib/cli-datadir/user/libraries/PololuLedStrip/examples/LedStripXmas/LedStripXmas.ino:393:50: error: no matching function for call to &#39;Pololu::rgb_color::rgb_color(const unsigned char&amp;, int, int)&#39;
         colors[i] = rgb_color(maxBrightness, 0, 0);
                                                  ^
In file included from /home/ec2-user/arduino-testlib/cli-datadir/user/libraries/PololuLedStrip/examples/LedStripXmas/LedStripXmas.ino:35:0:
/home/ec2-user/arduino-testlib/cli-datadir/user/libraries/MakerVision/PololuLedStrip.h:29:18: note: candidate: Pololu::rgb_color::rgb_color()
   typedef struct rgb_color
                  ^~~~~~~~~
/home/ec2-user/arduino-testlib/cli-datadir/user/libraries/MakerVision/PololuLedStrip.h:29:18: note:   candidate expects 0 arguments, 3 provided
/home/ec2-user/arduino-testlib/cli-datadir/user/libraries/MakerVision/PololuLedStrip.h:29:18: note: candidate: constexpr Pololu::rgb_color::rgb_color(const Pololu::rgb_color&amp;)
/home/ec2-user/arduino-testlib/cli-datadir/user/libraries/MakerVision/PololuLedStrip.h:29:18: note:   candidate expects 1 argument, 3 provided
/home/ec2-user/arduino-testlib/cli-datadir/user/libraries/MakerVision/PololuLedStrip.h:29:18: note: candidate: constexpr Pololu::rgb_color::rgb_color(Pololu::rgb_color&amp;&amp;)
/home/ec2-user/arduino-testlib/cli-datadir/user/libraries/MakerVision/PololuLedStrip.h:29:18: note:   candidate expects 1 argument, 3 provided
/home/ec2-user/arduino-testlib/cli-datadir/user/libraries/PololuLedStrip/examples/LedStripXmas/LedStripXmas.ino:397:50: error: no matching function for call to &#39;Pololu::rgb_color::rgb_color(int, const unsigned char&amp;, int)&#39;
         colors[i] = rgb_color(0, maxBrightness, 0);
                                                  ^
In file included from /home/ec2-user/arduino-testlib/cli-datadir/user/libraries/PololuLedStrip/examples/LedStripXmas/LedStripXmas.ino:35:0:
/home/ec2-user/arduino-testlib/cli-datadir/user/libraries/MakerVision/PololuLedStrip.h:29:18: note: candidate: Pololu::rgb_color::rgb_color()
   typedef struct rgb_color
                  ^~~~~~~~~
/home/ec2-user/arduino-testlib/cli-datadir/user/libraries/MakerVision/PololuLedStrip.h:29:18: note:   candidate expects 0 arguments, 3 provided
/home/ec2-user/arduino-testlib/cli-datadir/user/libraries/MakerVision/PololuLedStrip.h:29:18: note: candidate: constexpr Pololu::rgb_color::rgb_color(const Pololu::rgb_color&amp;)
/home/ec2-user/arduino-testlib/cli-datadir/user/libraries/MakerVision/PololuLedStrip.h:29:18: note:   candidate expects 1 argument, 3 provided
/home/ec2-user/arduino-testlib/cli-datadir/user/libraries/MakerVision/PololuLedStrip.h:29:18: note: candidate: constexpr Pololu::rgb_color::rgb_color(Pololu::rgb_color&amp;&amp;)
/home/ec2-user/arduino-testlib/cli-datadir/user/libraries/MakerVision/PololuLedStrip.h:29:18: note:   candidate expects 1 argument, 3 provided
/home/ec2-user/arduino-testlib/cli-datadir/user/libraries/PololuLedStrip/examples/LedStripXmas/LedStripXmas.ino:403:96: error: no matching function for call to &#39;Pololu::rgb_color::rgb_color(long int, long int, long int)&#39;
       colors[i] = rgb_color(random(maxBrightness), random(maxBrightness), random(maxBrightness));
                                                                                                ^
In file included from /home/ec2-user/arduino-testlib/cli-datadir/user/libraries/PololuLedStrip/examples/LedStripXmas/LedStripXmas.ino:35:0:
/home/ec2-user/arduino-testlib/cli-datadir/user/libraries/MakerVision/PololuLedStrip.h:29:18: note: candidate: Pololu::rgb_color::rgb_color()
   typedef struct rgb_color
                  ^~~~~~~~~
/home/ec2-user/arduino-testlib/cli-datadir/user/libraries/MakerVision/PololuLedStrip.h:29:18: note:   candidate expects 0 arguments, 3 provided
/home/ec2-user/arduino-testlib/cli-datadir/user/libraries/MakerVision/PololuLedStrip.h:29:18: note: candidate: constexpr Pololu::rgb_color::rgb_color(const Pololu::rgb_color&amp;)
/home/ec2-user/arduino-testlib/cli-datadir/user/libraries/MakerVision/PololuLedStrip.h:29:18: note:   candidate expects 1 argument, 3 provided
/home/ec2-user/arduino-testlib/cli-datadir/user/libraries/MakerVision/PololuLedStrip.h:29:18: note: candidate: constexpr Pololu::rgb_color::rgb_color(Pololu::rgb_color&amp;&amp;)
/home/ec2-user/arduino-testlib/cli-datadir/user/libraries/MakerVision/PololuLedStrip.h:29:18: note:   candidate expects 1 argument, 3 provided
/home/ec2-user/arduino-testlib/cli-datadir/user/libraries/PololuLedStrip/examples/LedStripXmas/LedStripXmas.ino:409:92: error: no matching function for call to &#39;Pololu::rgb_color::rgb_color(int, int, int)&#39;
       colors[i-1] = rgb_color(colors[i].red &gt;&gt; 2, colors[i].green &gt;&gt; 2, colors[i].blue &gt;&gt; 2);
                                                                                            ^
In file included from /home/ec2-user/arduino-testlib/cli-datadir/user/libraries/PololuLedStrip/examples/LedStripXmas/LedStripXmas.ino:35:0:
/home/ec2-user/arduino-testlib/cli-datadir/user/libraries/MakerVision/PololuLedStrip.h:29:18: note: candidate: Pololu::rgb_color::rgb_color()
   typedef struct rgb_color
                  ^~~~~~~~~
/home/ec2-user/arduino-testlib/cli-datadir/user/libraries/MakerVision/PololuLedStrip.h:29:18: note:   candidate expects 0 arguments, 3 provided
/home/ec2-user/ardu</pre>
					
				
				<h3 id="arduino:samd:mkrwifi1010">arduino:samd:mkrwifi1010 @ 1.8.12</h3>
				<h4>Inclusion</h4>
				<p>
					Result: <b>FAIL</b>
					
				</p>
				<pre class="pre-scrollable">In file included from /tmp/arduino-testlib3255922492/test/test.ino:1:0:
/home/ec2-user/arduino-testlib/cli-datadir/user/libraries/MakerVision/PololuLedStrip.h:20:2: error: #error &#34;On an ARM, this version of the PololuLedStrip library only supports 84 MHz.&#34;
 #error &#34;On an ARM, this version of the PololuLedStrip library only supports 84 MHz.&#34;
  ^~~~~
Multiple libraries were found for &#34;PololuLedStrip.h&#34;
  Used: /home/ec2-user/arduino-testlib/cli-datadir/user/libraries/MakerVision
  Not used: /home/ec2-user/arduino-testlib/cli-datadir/user/libraries/PololuLedStrip
Multiple libraries were found for &#34;Servo.h&#34;
  Used: /home/ec2-user/arduino-testlib/cli-datadir/user/libraries/Servo
  Not used: /home/ec2-user/arduino-testlib/cli-datadir/user/libraries/RokitSmart
  Not used: /home/ec2-user/arduino-testlib/cli-datadir/user/libraries/XMC_Servo
  Not used: /home/ec2-user/arduino-testlib/cli-datadir/user/libraries/Printoo_Library
  Not used: /home/ec2-user/arduino-testlib/cli-datadir/user/libraries/ServoESP32
  Not used: /home/ec2-user/arduino-testlib/cli-datadir/user/libraries/evive
</pre>

					
					<h4>examples/LedStripColorTester</h4>
					<p>
						Result: <b>FAIL</b>
					</p>
					<pre class="pre-scrollable">In file included from /home/ec2-user/arduino-testlib/cli-datadir/user/libraries/PololuLedStrip/examples/LedStripColorTester/LedStripColorTester.ino:26:0:
/home/ec2-user/arduino-testlib/cli-datadir/user/libraries/MakerVision/PololuLedStrip.h:20:2: error: #error &#34;On an ARM, this version of the PololuLedStrip library only supports 84 MHz.&#34;
 #error &#34;On an ARM, this version of the PololuLedStrip library only supports 84 MHz.&#34;
  ^~~~~
Multiple libraries were found for &#34;PololuLedStrip.h&#34;
  Used: /home/ec2-user/arduino-testlib/cli-datadir/user/libraries/MakerVision
  Not used: /home/ec2-user/arduino-testlib/cli-datadir/user/libraries/PololuLedStrip
Multiple libraries were found for &#34;Servo.h&#34;
  Used: /home/ec2-user/arduino-testlib/cli-datadir/user/libraries/Servo
  Not used: /home/ec2-user/arduino-testlib/cli-datadir/user/libraries/Printoo_Library
  Not used: /home/ec2-user/arduino-testlib/cli-datadir/user/libraries/RokitSmart
  Not used: /home/ec2-user/arduino-testlib/cli-datadir/user/libraries/evive
  Not used: /home/ec2-user/arduino-testlib/cli-datadir/user/libraries/ServoESP32
  Not used: /home/ec2-user/arduino-testlib/cli-datadir/user/libraries/XMC_Servo
</pre>
					
					<h4>examples/LedStripGradient</h4>
					<p>
						Result: <b>FAIL</b>
					</p>
					<pre class="pre-scrollable">In file included from /home/ec2-user/arduino-testlib/cli-datadir/user/libraries/PololuLedStrip/examples/LedStripGradient/LedStripGradient.ino:10:0:
/home/ec2-user/arduino-testlib/cli-datadir/user/libraries/MakerVision/PololuLedStrip.h:20:2: error: #error &#34;On an ARM, this version of the PololuLedStrip library only supports 84 MHz.&#34;
 #error &#34;On an ARM, this version of the PololuLedStrip library only supports 84 MHz.&#34;
  ^~~~~
Multiple libraries were found for &#34;PololuLedStrip.h&#34;
  Used: /home/ec2-user/arduino-testlib/cli-datadir/user/libraries/MakerVision
  Not used: /home/ec2-user/arduino-testlib/cli-datadir/user/libraries/PololuLedStrip
Multiple libraries were found for &#34;Servo.h&#34;
  Used: /home/ec2-user/arduino-testlib/cli-datadir/user/libraries/Servo
  Not used: /home/ec2-user/arduino-testlib/cli-datadir/user/libraries/Printoo_Library
  Not used: /home/ec2-user/arduino-testlib/cli-datadir/user/libraries/ServoESP32
  Not used: /home/ec2-user/arduino-testlib/cli-datadir/user/libraries/XMC_Servo
  Not used: /home/ec2-user/arduino-testlib/cli-datadir/user/libraries/RokitSmart
  Not used: /home/ec2-user/arduino-testlib/cli-datadir/user/libraries/evive
</pre>
					
					<h4>examples/LedStripRainbow</h4>
					<p>
						Result: <b>FAIL</b>
					</p>
					<pre class="pre-scrollable">In file included from /home/ec2-user/arduino-testlib/cli-datadir/user/libraries/PololuLedStrip/examples/LedStripRainbow/LedStripRainbow.ino:10:0:
/home/ec2-user/arduino-testlib/cli-datadir/user/libraries/MakerVision/PololuLedStrip.h:20:2: error: #error &#34;On an ARM, this version of the PololuLedStrip library only supports 84 MHz.&#34;
 #error &#34;On an ARM, this version of the PololuLedStrip library only supports 84 MHz.&#34;
  ^~~~~
Multiple libraries were found for &#34;PololuLedStrip.h&#34;
  Used: /home/ec2-user/arduino-testlib/cli-datadir/user/libraries/MakerVision
  Not used: /home/ec2-user/arduino-testlib/cli-datadir/user/libraries/PololuLedStrip
Multiple libraries were found for &#34;Servo.h&#34;
  Used: /home/ec2-user/arduino-testlib/cli-datadir/user/libraries/Servo
  Not used: /home/ec2-user/arduino-testlib/cli-datadir/user/libraries/RokitSmart
  Not used: /home/ec2-user/arduino-testlib/cli-datadir/user/libraries/XMC_Servo
  Not used: /home/ec2-user/arduino-testlib/cli-datadir/user/libraries/Printoo_Library
  Not used: /home/ec2-user/arduino-testlib/cli-datadir/user/libraries/ServoESP32
  Not used: /home/ec2-user/arduino-testlib/cli-datadir/user/libraries/evive
</pre>
					
					<h4>examples/LedStripXmas</h4>
					<p>
						Result: <b>FAIL</b>
					</p>
					<pre class="pre-scrollable">In file included from /home/ec2-user/arduino-testlib/cli-datadir/user/libraries/PololuLedStrip/examples/LedStripXmas/LedStripXmas.ino:35:0:
/home/ec2-user/arduino-testlib/cli-datadir/user/libraries/MakerVision/PololuLedStrip.h:20:2: error: #error &#34;On an ARM, this version of the PololuLedStrip library only supports 84 MHz.&#34;
 #error &#34;On an ARM, this version of the PololuLedStrip library only supports 84 MHz.&#34;
  ^~~~~
Multiple libraries were found for &#34;PololuLedStrip.h&#34;
  Used: /home/ec2-user/arduino-testlib/cli-datadir/user/libraries/MakerVision
  Not used: /home/ec2-user/arduino-testlib/cli-datadir/user/libraries/PololuLedStrip
Multiple libraries were found for &#34;Servo.h&#34;
  Used: /home/ec2-user/arduino-testlib/cli-datadir/user/libraries/Servo
  Not used: /home/ec2-user/arduino-testlib/cli-datadir/user/libraries/evive
  Not used: /home/ec2-user/arduino-testlib/cli-datadir/user/libraries/XMC_Servo
  Not used: /home/ec2-user/arduino-testlib/cli-datadir/user/libraries/ServoESP32
  Not used: /home/ec2-user/arduino-testlib/cli-datadir/user/libraries/Printoo_Library
  Not used: /home/ec2-user/arduino-testlib/cli-datadir/user/libraries/RokitSmart
</pre>
					
				
				<h3 id="esp32:esp32:d1_mini32">esp32:esp32:d1_mini32 @ 1.0.6</h3>
				<h4>Inclusion</h4>
				<p>
					Result: <b>FAIL</b>
					
				</p>
				<pre class="pre-scrollable">In file included from /tmp/arduino-testlib1809635185/test/test.ino:1:0:
/home/ec2-user/arduino-testlib/cli-datadir/user/libraries/MakerVision/PololuLedStrip.h: In member function &#39;virtual void Pololu::PololuLedStrip&lt;pin&gt;::write(Pololu::rgb_color*, unsigned int)&#39;:
/home/ec2-user/arduino-testlib/cli-datadir/user/libraries/MakerVision/PololuLedStrip.h:236:19: error: there are no arguments to &#39;__disable_irq&#39; that depend on a template parameter, so a declaration of &#39;__disable_irq&#39; must be available [-fpermissive]
     __disable_irq();   // Disable interrupts temporarily because we don&#39;t want our pulse timing to be messed up.
                   ^
/home/ec2-user/arduino-testlib/cli-datadir/user/libraries/MakerVision/PololuLedStrip.h:236:19: note: (if you use &#39;-fpermissive&#39;, G&#43;&#43; will accept your code, but allowing the use of an undeclared name is deprecated)
/home/ec2-user/arduino-testlib/cli-datadir/user/libraries/MakerVision/PololuLedStrip.h:362:22: error: there are no arguments to &#39;__enable_irq&#39; that depend on a template parameter, so a declaration of &#39;__enable_irq&#39; must be available [-fpermissive]
         __enable_irq();
                      ^
/home/ec2-user/arduino-testlib/cli-datadir/user/libraries/MakerVision/PololuLedStrip.h:364:23: error: there are no arguments to &#39;__disable_irq&#39; that depend on a template parameter, so a declaration of &#39;__disable_irq&#39; must be available [-fpermissive]
         __disable_irq();
                       ^
/home/ec2-user/arduino-testlib/cli-datadir/user/libraries/MakerVision/PololuLedStrip.h:367:18: error: there are no arguments to &#39;__enable_irq&#39; that depend on a template parameter, so a declaration of &#39;__enable_irq&#39; must be available [-fpermissive]
     __enable_irq();         // Re-enable interrupts now that we are done.
                  ^
Multiple libraries were found for &#34;PololuLedStrip.h&#34;
  Used: /home/ec2-user/arduino-testlib/cli-datadir/user/libraries/MakerVision
  Not used: /home/ec2-user/arduino-testlib/cli-datadir/user/libraries/PololuLedStrip
Multiple libraries were found for &#34;Servo.h&#34;
  Used: /home/ec2-user/arduino-testlib/cli-datadir/user/libraries/ServoESP32
  Not used: /home/ec2-user/arduino-testlib/cli-datadir/user/libraries/Servo
  Not used: /home/ec2-user/arduino-testlib/cli-datadir/user/libraries/Printoo_Library
  Not used: /home/ec2-user/arduino-testlib/cli-datadir/user/libraries/RokitSmart
  Not used: /home/ec2-user/arduino-testlib/cli-datadir/user/libraries/XMC_Servo
  Not used: /home/ec2-user/arduino-testlib/cli-datadir/user/libraries/evive
</pre>

					
					<h4>examples/LedStripColorTester</h4>
					<p>
						Result: <b>FAIL</b>
					</p>
					<pre class="pre-scrollable">In file included from /home/ec2-user/arduino-testlib/cli-datadir/user/libraries/PololuLedStrip/examples/LedStripColorTester/LedStripColorTester.ino:26:0:
/home/ec2-user/arduino-testlib/cli-datadir/user/libraries/MakerVision/PololuLedStrip.h: In member function &#39;virtual void Pololu::PololuLedStrip&lt;pin&gt;::write(Pololu::rgb_color*, unsigned int)&#39;:
/home/ec2-user/arduino-testlib/cli-datadir/user/libraries/MakerVision/PololuLedStrip.h:236:19: error: there are no arguments to &#39;__disable_irq&#39; that depend on a template parameter, so a declaration of &#39;__disable_irq&#39; must be available [-fpermissive]
     __disable_irq();   // Disable interrupts temporarily because we don&#39;t want our pulse timing to be messed up.
                   ^
/home/ec2-user/arduino-testlib/cli-datadir/user/libraries/MakerVision/PololuLedStrip.h:236:19: note: (if you use &#39;-fpermissive&#39;, G&#43;&#43; will accept your code, but allowing the use of an undeclared name is deprecated)
/home/ec2-user/arduino-testlib/cli-datadir/user/libraries/MakerVision/PololuLedStrip.h:362:22: error: there are no arguments to &#39;__enable_irq&#39; that depend on a template parameter, so a declaration of &#39;__enable_irq&#39; must be available [-fpermissive]
         __enable_irq();
                      ^
/home/ec2-user/arduino-testlib/cli-datadir/user/libraries/MakerVision/PololuLedStrip.h:364:23: error: there are no arguments to &#39;__disable_irq&#39; that depend on a template parameter, so a declaration of &#39;__disable_irq&#39; must be available [-fpermissive]
         __disable_irq();
                       ^
/home/ec2-user/arduino-testlib/cli-datadir/user/libraries/MakerVision/PololuLedStrip.h:367:18: error: there are no arguments to &#39;__enable_irq&#39; that depend on a template parameter, so a declaration of &#39;__enable_irq&#39; must be available [-fpermissive]
     __enable_irq();         // Re-enable interrupts now that we are done.
                  ^
/home/ec2-user/arduino-testlib/cli-datadir/user/libraries/MakerVision/PololuLedStrip.h: In instantiation of &#39;void Pololu::PololuLedStrip&lt;pin&gt;::write(Pololu::rgb_color*, unsigned int) [with unsigned char pin = 12u; Pololu::rgb_color = Pololu::rgb_color]&#39;:
/home/ec2-user/arduino-testlib/cli-datadir/user/libraries/PololuLedStrip/examples/LedStripColorTester/LedStripColorTester.ino:68:39:   required from here
/home/ec2-user/arduino-testlib/cli-datadir/user/libraries/MakerVision/PololuLedStrip.h:236:18: error: &#39;__disable_irq&#39; was not declared in this scope
     __disable_irq();   // Disable interrupts temporarily because we don&#39;t want our pulse timing to be messed up.
                  ^
/home/ec2-user/arduino-testlib/cli-datadir/user/libraries/MakerVision/PololuLedStrip.h:362:21: error: &#39;__enable_irq&#39; was not declared in this scope
         __enable_irq();
                     ^
/home/ec2-user/arduino-testlib/cli-datadir/user/libraries/MakerVision/PololuLedStrip.h:367:17: error: &#39;__enable_irq&#39; was not declared in this scope
     __enable_irq();         // Re-enable interrupts now that we are done.
                 ^
Multiple libraries were found for &#34;PololuLedStrip.h&#34;
  Used: /home/ec2-user/arduino-testlib/cli-datadir/user/libraries/MakerVision
  Not used: /home/ec2-user/arduino-testlib/cli-datadir/user/libraries/PololuLedStrip
Multiple libraries were found for &#34;Servo.h&#34;
  Used: /home/ec2-user/arduino-testlib/cli-datadir/user/libraries/ServoESP32
  Not used: /home/ec2-user/arduino-testlib/cli-datadir/user/libraries/RokitSmart
  Not used: /home/ec2-user/arduino-testlib/cli-datadir/user/libraries/evive
  Not used: /home/ec2-user/arduino-testlib/cli-datadir/user/libraries/XMC_Servo
  Not used: /home/ec2-user/arduino-testlib/cli-datadir/user/libraries/Printoo_Library
  Not used: /home/ec2-user/arduino-testlib/cli-datadir/user/libraries/Servo
</pre>
					
					<h4>examples/LedStripGradient</h4>
					<p>
						Result: <b>FAIL</b>
					</p>
					<pre class="pre-scrollable">In file included from /home/ec2-user/arduino-testlib/cli-datadir/user/libraries/PololuLedStrip/examples/LedStripGradient/LedStripGradient.ino:10:0:
/home/ec2-user/arduino-testlib/cli-datadir/user/libraries/MakerVision/PololuLedStrip.h: In member function &#39;virtual void Pololu::PololuLedStrip&lt;pin&gt;::write(Pololu::rgb_color*, unsigned int)&#39;:
/home/ec2-user/arduino-testlib/cli-datadir/user/libraries/MakerVision/PololuLedStrip.h:236:19: error: there are no arguments to &#39;__disable_irq&#39; that depend on a template parameter, so a declaration of &#39;__disable_irq&#39; must be available [-fpermissive]
     __disable_irq();   // Disable interrupts temporarily because we don&#39;t want our pulse timing to be messed up.
                   ^
/home/ec2-user/arduino-testlib/cli-datadir/user/libraries/MakerVision/PololuLedStrip.h:236:19: note: (if you use &#39;-fpermissive&#39;, G&#43;&#43; will accept your code, but allowing the use of an undeclared name is deprecated)
/home/ec2-user/arduino-testlib/cli-datadir/user/libraries/MakerVision/PololuLedStrip.h:362:22: error: there are no arguments to &#39;__enable_irq&#39; that depend on a template parameter, so a declaration of &#39;__enable_irq&#39; must be available [-fpermissive]
         __enable_irq();
                      ^
/home/ec2-user/arduino-testlib/cli-datadir/user/libraries/MakerVision/PololuLedStrip.h:364:23: error: there are no arguments to &#39;__disable_irq&#39; that depend on a template parameter, so a declaration of &#39;__disable_irq&#39; must be available [-fpermissive]
         __disable_irq();
                       ^
/home/ec2-user/arduino-testlib/cli-datadir/user/libraries/MakerVision/PololuLedStrip.h:367:18: error: there are no arguments to &#39;__enable_irq&#39; that depend on a template parameter, so a declaration of &#39;__enable_irq&#39; must be available [-fpermissive]
     __enable_irq();         // Re-enable interrupts now that we are done.
                  ^
/home/ec2-user/arduino-testlib/cli-datadir/user/libraries/PololuLedStrip/examples/LedStripGradient/LedStripGradient.ino: In function &#39;void loop()&#39;:
/home/ec2-user/arduino-testlib/cli-datadir/user/libraries/PololuLedStrip/examples/LedStripGradient/LedStripGradient.ino:30:40: error: no matching function for call to &#39;Pololu::rgb_color::rgb_color(byte&amp;, int, byte&amp;)&#39;
     colors[i] = rgb_color(x, 255 - x, x);
                                        ^
In file included from /home/ec2-user/arduino-testlib/cli-datadir/user/libraries/PololuLedStrip/examples/LedStripGradient/LedStripGradient.ino:10:0:
/home/ec2-user/arduino-testlib/cli-datadir/user/libraries/MakerVision/PololuLedStrip.h:29:18: note: candidate: Pololu::rgb_color::rgb_color()
   typedef struct rgb_color
                  ^
/home/ec2-user/arduino-testlib/cli-datadir/user/libraries/MakerVision/PololuLedStrip.h:29:18: note:   candidate expects 0 arguments, 3 provided
/home/ec2-user/arduino-testlib/cli-datadir/user/libraries/MakerVision/PololuLedStrip.h:29:18: note: candidate: constexpr Pololu::rgb_color::rgb_color(const Pololu::rgb_color&amp;)
/home/ec2-user/arduino-testlib/cli-datadir/user/libraries/MakerVision/PololuLedStrip.h:29:18: note:   candidate expects 1 argument, 3 provided
/home/ec2-user/arduino-testlib/cli-datadir/user/libraries/MakerVision/PololuLedStrip.h:29:18: note: candidate: constexpr Pololu::rgb_color::rgb_color(Pololu::rgb_color&amp;&amp;)
/home/ec2-user/arduino-testlib/cli-datadir/user/libraries/MakerVision/PololuLedStrip.h:29:18: note:   candidate expects 1 argument, 3 provided
In file included from /home/ec2-user/arduino-testlib/cli-datadir/user/libraries/PololuLedStrip/examples/LedStripGradient/LedStripGradient.ino:10:0:
/home/ec2-user/arduino-testlib/cli-datadir/user/libraries/MakerVision/PololuLedStrip.h: In instantiation of &#39;void Pololu::PololuLedStrip&lt;pin&gt;::write(Pololu::rgb_color*, unsigned int) [with unsigned char pin = 12u; Pololu::rgb_color = Pololu::rgb_color]&#39;:
/home/ec2-user/arduino-testlib/cli-datadir/user/libraries/PololuLedStrip/examples/LedStripGradient/LedStripGradient.ino:34:35:   required from here
/home/ec2-user/arduino-testlib/cli-datadir/user/libraries/MakerVision/PololuLedStrip.h:236:18: error: &#39;__disable_irq&#39; was not declared in this scope
     __disable_irq();   // Disable interrupts temporarily because we don&#39;t want our pulse timing to be messed up.
                  ^
/home/ec2-user/arduino-testlib/cli-datadir/user/libraries/MakerVision/PololuLedStrip.h:362:21: error: &#39;__enable_irq&#39; was not declared in this scope
         __enable_irq();
                     ^
/home/ec2-user/arduino-testlib/cli-datadir/user/libraries/MakerVision/PololuLedStrip.h:367:17: error: &#39;__enable_irq&#39; was not declared in this scope
     __enable_irq();         // Re-enable interrupts now that we are done.
                 ^
Multiple libraries were found for &#34;PololuLedStrip.h&#34;
  Used: /home/ec2-user/arduino-testlib/cli-datadir/user/libraries/MakerVision
  Not used: /home/ec2-user/arduino-testlib/cli-datadir/user/libraries/PololuLedStrip
Multiple libraries were found for &#34;Servo.h&#34;
  Used: /home/ec2-user/arduino-testlib/cli-datadir/user/libraries/ServoESP32
  Not used: /home/ec2-user/arduino-testlib/cli-datadir/user/libraries/evive
  Not used: /home/ec2-user/arduino-testlib/cli-datadir/user/libraries/Printoo_Library
  Not used: /home/ec2-user/arduino-testlib/cli-datadir/user/libraries/XMC_Servo
  Not used: /home/ec2-user/arduino-testlib/cli-datadir/user/libraries/RokitSmart
  Not used: /home/ec2-user/arduino-testlib/cli-datadir/user/libraries/Servo
</pre>
					
					<h4>examples/LedStripRainbow</h4>
					<p>
						Result: <b>FAIL</b>
					</p>
					<pre class="pre-scrollable">In file included from /home/ec2-user/arduino-testlib/cli-datadir/user/libraries/PololuLedStrip/examples/LedStripRainbow/LedStripRainbow.ino:10:0:
/home/ec2-user/arduino-testlib/cli-datadir/user/libraries/MakerVision/PololuLedStrip.h: In member function &#39;virtual void Pololu::PololuLedStrip&lt;pin&gt;::write(Pololu::rgb_color*, unsigned int)&#39;:
/home/ec2-user/arduino-testlib/cli-datadir/user/libraries/MakerVision/PololuLedStrip.h:236:19: error: there are no arguments to &#39;__disable_irq&#39; that depend on a template parameter, so a declaration of &#39;__disable_irq&#39; must be available [-fpermissive]
     __disable_irq();   // Disable interrupts temporarily because we don&#39;t want our pulse timing to be messed up.
                   ^
/home/ec2-user/arduino-testlib/cli-datadir/user/libraries/MakerVision/PololuLedStrip.h:236:19: note: (if you use &#39;-fpermissive&#39;, G&#43;&#43; will accept your code, but allowing the use of an undeclared name is deprecated)
/home/ec2-user/arduino-testlib/cli-datadir/user/libraries/MakerVision/PololuLedStrip.h:362:22: error: there are no arguments to &#39;__enable_irq&#39; that depend on a template parameter, so a declaration of &#39;__enable_irq&#39; must be available [-fpermissive]
         __enable_irq();
                      ^
/home/ec2-user/arduino-testlib/cli-datadir/user/libraries/MakerVision/PololuLedStrip.h:364:23: error: there are no arguments to &#39;__disable_irq&#39; that depend on a template parameter, so a declaration of &#39;__disable_irq&#39; must be available [-fpermissive]
         __disable_irq();
                       ^
/home/ec2-user/arduino-testlib/cli-datadir/user/libraries/MakerVision/PololuLedStrip.h:367:18: error: there are no arguments to &#39;__enable_irq&#39; that depend on a template parameter, so a declaration of &#39;__enable_irq&#39; must be available [-fpermissive]
     __enable_irq();         // Re-enable interrupts now that we are done.
                  ^
/home/ec2-user/arduino-testlib/cli-datadir/user/libraries/PololuLedStrip/examples/LedStripRainbow/LedStripRainbow.ino: In function &#39;Pololu::rgb_color hsvToRgb(uint16_t, uint8_t, uint8_t)&#39;:
/home/ec2-user/arduino-testlib/cli-datadir/user/libraries/PololuLedStrip/examples/LedStripRainbow/LedStripRainbow.ino:42:29: error: no matching function for call to &#39;Pololu::rgb_color::rgb_color(uint8_t&amp;, uint8_t&amp;, uint8_t&amp;)&#39;
     return rgb_color(r, g, b);
                             ^
In file included from /home/ec2-user/arduino-testlib/cli-datadir/user/libraries/PololuLedStrip/examples/LedStripRainbow/LedStripRainbow.ino:10:0:
/home/ec2-user/arduino-testlib/cli-datadir/user/libraries/MakerVision/PololuLedStrip.h:29:18: note: candidate: Pololu::rgb_color::rgb_color()
   typedef struct rgb_color
                  ^
/home/ec2-user/arduino-testlib/cli-datadir/user/libraries/MakerVision/PololuLedStrip.h:29:18: note:   candidate expects 0 arguments, 3 provided
/home/ec2-user/arduino-testlib/cli-datadir/user/libraries/MakerVision/PololuLedStrip.h:29:18: note: candidate: constexpr Pololu::rgb_color::rgb_color(const Pololu::rgb_color&amp;)
/home/ec2-user/arduino-testlib/cli-datadir/user/libraries/MakerVision/PololuLedStrip.h:29:18: note:   candidate expects 1 argument, 3 provided
/home/ec2-user/arduino-testlib/cli-datadir/user/libraries/MakerVision/PololuLedStrip.h:29:18: note: candidate: constexpr Pololu::rgb_color::rgb_color(Pololu::rgb_color&amp;&amp;)
/home/ec2-user/arduino-testlib/cli-datadir/user/libraries/MakerVision/PololuLedStrip.h:29:18: note:   candidate expects 1 argument, 3 provided
In file included from /home/ec2-user/arduino-testlib/cli-datadir/user/libraries/PololuLedStrip/examples/LedStripRainbow/LedStripRainbow.ino:10:0:
/home/ec2-user/arduino-testlib/cli-datadir/user/libraries/MakerVision/PololuLedStrip.h: In instantiation of &#39;void Pololu::PololuLedStrip&lt;pin&gt;::write(Pololu::rgb_color*, unsigned int) [with unsigned char pin = 12u; Pololu::rgb_color = Pololu::rgb_color]&#39;:
/home/ec2-user/arduino-testlib/cli-datadir/user/libraries/PololuLedStrip/examples/LedStripRainbow/LedStripRainbow.ino:56:35:   required from here
/home/ec2-user/arduino-testlib/cli-datadir/user/libraries/MakerVision/PololuLedStrip.h:236:18: error: &#39;__disable_irq&#39; was not declared in this scope
     __disable_irq();   // Disable interrupts temporarily because we don&#39;t want our pulse timing to be messed up.
                  ^
/home/ec2-user/arduino-testlib/cli-datadir/user/libraries/MakerVision/PololuLedStrip.h:362:21: error: &#39;__enable_irq&#39; was not declared in this scope
         __enable_irq();
                     ^
/home/ec2-user/arduino-testlib/cli-datadir/user/libraries/MakerVision/PololuLedStrip.h:367:17: error: &#39;__enable_irq&#39; was not declared in this scope
     __enable_irq();         // Re-enable interrupts now that we are done.
                 ^
Multiple libraries were found for &#34;PololuLedStrip.h&#34;
  Used: /home/ec2-user/arduino-testlib/cli-datadir/user/libraries/MakerVision
  Not used: /home/ec2-user/arduino-testlib/cli-datadir/user/libraries/PololuLedStrip
Multiple libraries were found for &#34;Servo.h&#34;
  Used: /home/ec2-user/arduino-testlib/cli-datadir/user/libraries/ServoESP32
  Not used: /home/ec2-user/arduino-testlib/cli-datadir/user/libraries/Printoo_Library
  Not used: /home/ec2-user/arduino-testlib/cli-datadir/user/libraries/RokitSmart
  Not used: /home/ec2-user/arduino-testlib/cli-datadir/user/libraries/Servo
  Not used: /home/ec2-user/arduino-testlib/cli-datadir/user/libraries/evive
  Not used: /home/ec2-user/arduino-testlib/cli-datadir/user/libraries/XMC_Servo
</pre>
					
					<h4>examples/LedStripXmas</h4>
					<p>
						Result: <b>FAIL</b>
					</p>
					<pre class="pre-scrollable">In file included from /home/ec2-user/arduino-testlib/cli-datadir/user/libraries/PololuLedStrip/examples/LedStripXmas/LedStripXmas.ino:35:0:
/home/ec2-user/arduino-testlib/cli-datadir/user/libraries/MakerVision/PololuLedStrip.h: In member function &#39;virtual void Pololu::PololuLedStrip&lt;pin&gt;::write(Pololu::rgb_color*, unsigned int)&#39;:
/home/ec2-user/arduino-testlib/cli-datadir/user/libraries/MakerVision/PololuLedStrip.h:236:19: error: there are no arguments to &#39;__disable_irq&#39; that depend on a template parameter, so a declaration of &#39;__disable_irq&#39; must be available [-fpermissive]
     __disable_irq();   // Disable interrupts temporarily because we don&#39;t want our pulse timing to be messed up.
                   ^
/home/ec2-user/arduino-testlib/cli-datadir/user/libraries/MakerVision/PololuLedStrip.h:236:19: note: (if you use &#39;-fpermissive&#39;, G&#43;&#43; will accept your code, but allowing the use of an undeclared name is deprecated)
/home/ec2-user/arduino-testlib/cli-datadir/user/libraries/MakerVision/PololuLedStrip.h:362:22: error: there are no arguments to &#39;__enable_irq&#39; that depend on a template parameter, so a declaration of &#39;__enable_irq&#39; must be available [-fpermissive]
         __enable_irq();
                      ^
/home/ec2-user/arduino-testlib/cli-datadir/user/libraries/MakerVision/PololuLedStrip.h:364:23: error: there are no arguments to &#39;__disable_irq&#39; that depend on a template parameter, so a declaration of &#39;__disable_irq&#39; must be available [-fpermissive]
         __disable_irq();
                       ^
/home/ec2-user/arduino-testlib/cli-datadir/user/libraries/MakerVision/PololuLedStrip.h:367:18: error: there are no arguments to &#39;__enable_irq&#39; that depend on a template parameter, so a declaration of &#39;__enable_irq&#39; must be available [-fpermissive]
     __enable_irq();         // Re-enable interrupts now that we are done.
                  ^
/home/ec2-user/arduino-testlib/cli-datadir/user/libraries/PololuLedStrip/examples/LedStripXmas/LedStripXmas.ino: In function &#39;void loop()&#39;:
/home/ec2-user/arduino-testlib/cli-datadir/user/libraries/PololuLedStrip/examples/LedStripXmas/LedStripXmas.ino:119:36: error: no matching function for call to &#39;Pololu::rgb_color::rgb_color(int, int, int)&#39;
       colors[i] = rgb_color(0, 0, 0);
                                    ^
In file included from /home/ec2-user/arduino-testlib/cli-datadir/user/libraries/PololuLedStrip/examples/LedStripXmas/LedStripXmas.ino:35:0:
/home/ec2-user/arduino-testlib/cli-datadir/user/libraries/MakerVision/PololuLedStrip.h:29:18: note: candidate: Pololu::rgb_color::rgb_color()
   typedef struct rgb_color
                  ^
/home/ec2-user/arduino-testlib/cli-datadir/user/libraries/MakerVision/PololuLedStrip.h:29:18: note:   candidate expects 0 arguments, 3 provided
/home/ec2-user/arduino-testlib/cli-datadir/user/libraries/MakerVision/PololuLedStrip.h:29:18: note: candidate: constexpr Pololu::rgb_color::rgb_color(const Pololu::rgb_color&amp;)
/home/ec2-user/arduino-testlib/cli-datadir/user/libraries/MakerVision/PololuLedStrip.h:29:18: note:   candidate expects 1 argument, 3 provided
/home/ec2-user/arduino-testlib/cli-datadir/user/libraries/MakerVision/PololuLedStrip.h:29:18: note: candidate: constexpr Pololu::rgb_color::rgb_color(Pololu::rgb_color&amp;&amp;)
/home/ec2-user/arduino-testlib/cli-datadir/user/libraries/MakerVision/PololuLedStrip.h:29:18: note:   candidate expects 1 argument, 3 provided
/home/ec2-user/arduino-testlib/cli-datadir/user/libraries/PololuLedStrip/examples/LedStripXmas/LedStripXmas.ino: In function &#39;void warmWhiteShimmer(unsigned char)&#39;:
/home/ec2-user/arduino-testlib/cli-datadir/user/libraries/PololuLedStrip/examples/LedStripXmas/LedStripXmas.ino:336:92: error: no matching function for call to &#39;Pololu::rgb_color::rgb_color(int, int, int)&#39;
       colors[i&#43;1] = rgb_color(colors[i].red &gt;&gt; 2, colors[i].green &gt;&gt; 2, colors[i].blue &gt;&gt; 2);
                                                                                            ^
In file included from /home/ec2-user/arduino-testlib/cli-datadir/user/libraries/PololuLedStrip/examples/LedStripXmas/LedStripXmas.ino:35:0:
/home/ec2-user/arduino-testlib/cli-datadir/user/libraries/MakerVision/PololuLedStrip.h:29:18: note: candidate: Pololu::rgb_color::rgb_color()
   typedef struct rgb_color
                  ^
/home/ec2-user/arduino-testlib/cli-datadir/user/libraries/MakerVision/PololuLedStrip.h:29:18: note:   candidate expects 0 arguments, 3 provided
/home/ec2-user/arduino-testlib/cli-datadir/user/libraries/MakerVision/PololuLedStrip.h:29:18: note: candidate: constexpr Pololu::rgb_color::rgb_color(const Pololu::rgb_color&amp;)
/home/ec2-user/arduino-testlib/cli-datadir/user/libraries/MakerVision/PololuLedStrip.h:29:18: note:   candidate expects 1 argument, 3 provided
/home/ec2-user/arduino-testlib/cli-datadir/user/libraries/MakerVision/PololuLedStrip.h:29:18: note: candidate: constexpr Pololu::rgb_color::rgb_color(Pololu::rgb_color&amp;&amp;)
/home/ec2-user/arduino-testlib/cli-datadir/user/libraries/MakerVision/PololuLedStrip.h:29:18: note:   candidate expects 1 argument, 3 provided
/home/ec2-user/arduino-testlib/cli-datadir/user/libraries/PololuLedStrip/examples/LedStripXmas/LedStripXmas.ino: In function &#39;void randomColorWalk(unsigned char, unsigned char)&#39;:
/home/ec2-user/arduino-testlib/cli-datadir/user/libraries/PololuLedStrip/examples/LedStripXmas/LedStripXmas.ino:393:50: error: no matching function for call to &#39;Pololu::rgb_color::rgb_color(const unsigned char&amp;, int, int)&#39;
         colors[i] = rgb_color(maxBrightness, 0, 0);
                                                  ^
In file included from /home/ec2-user/arduino-testlib/cli-datadir/user/libraries/PololuLedStrip/examples/LedStripXmas/LedStripXmas.ino:35:0:
/home/ec2-user/arduino-testlib/cli-datadir/user/libraries/MakerVision/PololuLedStrip.h:29:18: note: candidate: Pololu::rgb_color::rgb_color()
   typedef struct rgb_color
                  ^
/home/ec2-user/arduino-testlib/cli-datadir/user/libraries/MakerVision/PololuLedStrip.h:29:18: note:   candidate expects 0 arguments, 3 provided
/home/ec2-user/arduino-testlib/cli-datadir/user/libraries/MakerVision/PololuLedStrip.h:29:18: note: candidate: constexpr Pololu::rgb_color::rgb_color(const Pololu::rgb_color&amp;)
/home/ec2-user/arduino-testlib/cli-datadir/user/libraries/MakerVision/PololuLedStrip.h:29:18: note:   candidate expects 1 argument, 3 provided
/home/ec2-user/arduino-testlib/cli-datadir/user/libraries/MakerVision/PololuLedStrip.h:29:18: note: candidate: constexpr Pololu::rgb_color::rgb_color(Pololu::rgb_color&amp;&amp;)
/home/ec2-user/arduino-testlib/cli-datadir/user/libraries/MakerVision/PololuLedStrip.h:29:18: note:   candidate expects 1 argument, 3 provided
/home/ec2-user/arduino-testlib/cli-datadir/user/libraries/PololuLedStrip/examples/LedStripXmas/LedStripXmas.ino:397:50: error: no matching function for call to &#39;Pololu::rgb_color::rgb_color(int, const unsigned char&amp;, int)&#39;
         colors[i] = rgb_color(0, maxBrightness, 0);
                                                  ^
In file included from /home/ec2-user/arduino-testlib/cli-datadir/user/libraries/PololuLedStrip/examples/LedStripXmas/LedStripXmas.ino:35:0:
/home/ec2-user/arduino-testlib/cli-datadir/user/libraries/MakerVision/PololuLedStrip.h:29:18: note: candidate: Pololu::rgb_color::rgb_color()
   typedef struct rgb_color
                  ^
/home/ec2-user/arduino-testlib/cli-datadir/user/libraries/MakerVision/PololuLedStrip.h:29:18: note:   candidate expects 0 arguments, 3 provided
/home/ec2-user/arduino-testlib/cli-datadir/user/libraries/MakerVision/PololuLedStrip.h:29:18: note: candidate: constexpr Pololu::rgb_color::rgb_color(const Pololu::rgb_color&amp;)
/home/ec2-user/arduino-testlib/cli-datadir/user/libraries/MakerVision/PololuLedStrip.h:29:18: note:   candidate expects 1 argument, 3 provided
/home/ec2-user/arduino-testlib/cli-datadir/user/libraries/MakerVision/PololuLedStrip.h:29:18: note: candidate: constexpr Pololu::rgb_color::rgb_color(Pololu::rgb_color&amp;&amp;)
/home/ec2-user/arduino-testlib/cli-datadir/user/libraries/MakerVision/PololuLedStrip.h:29:18: note:   candidate expects 1 argument, 3 provided
/home/ec2-user/arduino-testlib/cli-datadir/user/libraries/PololuLedStrip/examples/LedStripXmas/LedStripXmas.ino:403:96: error: no matching function for call to &#39;Pololu::rgb_color::rgb_color(long int, long int, long int)&#39;
       colors[i] = rgb_color(random(maxBrightness), random(maxBrightness), random(maxBrightness));
                                                                                                ^
In file included from /home/ec2-user/arduino-testlib/cli-datadir/user/libraries/PololuLedStrip/examples/LedStripXmas/LedStripXmas.ino:35:0:
/home/ec2-user/arduino-testlib/cli-datadir/user/libraries/MakerVision/PololuLedStrip.h:29:18: note: candidate: Pololu::rgb_color::rgb_color()
   typedef struct rgb_color
                  ^
/home/ec2-user/arduino-testlib/cli-datadir/user/libraries/MakerVision/PololuLedStrip.h:29:18: note:   candidate expects 0 arguments, 3 provided
/home/ec2-user/arduino-testlib/cli-datadir/user/libraries/MakerVision/PololuLedStrip.h:29:18: note: candidate: constexpr Pololu::rgb_color::rgb_color(const Pololu::rgb_color&amp;)
/home/ec2-user/arduino-testlib/cli-datadir/user/libraries/MakerVision/PololuLedStrip.h:29:18: note:   candidate expects 1 argument, 3 provided
/home/ec2-user/arduino-testlib/cli-datadir/user/libraries/MakerVision/PololuLedStrip.h:29:18: note: candidate: constexpr Pololu::rgb_color::rgb_color(Pololu::rgb_color&amp;&amp;)
/home/ec2-user/arduino-testlib/cli-datadir/user/libraries/MakerVision/PololuLedStrip.h:29:18: note:   candidate expects 1 argument, 3 provided
/home/ec2-user/arduino-testlib/cli-datadir/user/libraries/PololuLedStrip/examples/LedStripXmas/LedStripXmas.ino:409:92: error: no matching function for call to &#39;Pololu::rgb_color::rgb_color(int, int, int)&#39;
       colors[i-1] = rgb_color(colors[i].red &gt;&gt; 2, colors[i].green &gt;&gt; 2, colors[i].blue &gt;&gt; 2);
                                                        </pre>
					
				
			</div>
		</div>
	</div>
  </body>
</html>
