
<!doctype html>
<html lang="en">
  <head>
    <meta charset="utf-8">
    <meta name="viewport" content="width=device-width, initial-scale=1">
    <link href="https://cdn.jsdelivr.net/npm/bootstrap@5.0.2/dist/css/bootstrap.min.css" rel="stylesheet" integrity="sha384-EVSTQN3/azprG1Anm3QDgpJLIm9Nao0Yz1ztcQTwFspd3yD65VohhpuuCOmLASjC" crossorigin="anonymous">
    <title>arduino-testlib report</title>
	<style>
	.pass { background-color: #00FF00 !important; }
	.fail { background-color: #FF0000 !important; }
	</style>
  </head>
  <body>
	<div class="container">
		<div class="row">
			<div class="col">
				<h1>PrintEx - compatibility matrix</h1>
				<p>
					<small>This report was generated on Monday, 21-Feb-22 12:00:25 CET using 
					<a href="https://github.com/alranel/arduino-testlib">arduino-testlib</a>.</small>
				</p>

				<h2>PrintEx</h2>
				<p>
					Version: <b>1.2.0</b>
					<br />
					<a href="https://www.arduino.cc/reference/en/libraries/printex/">More details</a>
				</p>

				<h2>Compatibility matrix</h2>
				<table class="table table-bordered">
					<tr>
						<th>Board</th>
						<th>Claims compatibility</th>
						<th>Inclusion</th>
						
						<th><pre>basic_usage</pre></th>
						
						<th><pre>tools</pre></th>
						
					</tr>
					
					<tr>
						<td>
							<a href="#arduino%3aavr%3auno"><b>arduino:avr:uno</b></a>
							<br />
							<small>1.8.4</small>
						</td>

						
							<td>Yes</td>
							<td class="pass">PASS</td>
						
						
						
						

						
							
								
									
										
											<td class="pass">PASS</td>
											
										
									
										
									
								
							
								
							
								
							
								
							
								
							
						
							
								
									
										
									
										
											
											<td class="fail">FAIL</td>
										
									
								
							
								
							
								
							
								
							
								
							
						
					</tr>
					
					<tr>
						<td>
							<a href="#arduino%3ambed_nano%3ananorp2040connect"><b>arduino:mbed_nano:nanorp2040connect</b></a>
							<br />
							<small>2.7.2</small>
						</td>

						
						
						
							<td>Yes ⚠️</td>
							<td class="fail">FAIL</td>
						
						

						
							
								
							
								
									
										
											
											<td class="fail">FAIL</td>
										
									
										
									
								
							
								
							
								
							
								
							
						
							
								
							
								
									
										
									
										
											
											<td class="fail">FAIL</td>
										
									
								
							
								
							
								
							
								
							
						
					</tr>
					
					<tr>
						<td>
							<a href="#arduino%3amegaavr%3anona4809"><b>arduino:megaavr:nona4809</b></a>
							<br />
							<small>1.8.7</small>
						</td>

						
							<td>Yes</td>
							<td class="pass">PASS</td>
						
						
						
						

						
							
								
							
								
							
								
									
										
											<td class="pass">PASS</td>
											
										
									
										
									
								
							
								
							
								
							
						
							
								
							
								
							
								
									
										
									
										
											
											<td class="fail">FAIL</td>
										
									
								
							
								
							
								
							
						
					</tr>
					
					<tr>
						<td>
							<a href="#arduino%3asamd%3amkrwifi1010"><b>arduino:samd:mkrwifi1010</b></a>
							<br />
							<small>1.8.12</small>
						</td>

						
						
						
							<td>Yes ⚠️</td>
							<td class="fail">FAIL</td>
						
						

						
							
								
							
								
							
								
							
								
									
										
											
											<td class="fail">FAIL</td>
										
									
										
									
								
							
								
							
						
							
								
							
								
							
								
							
								
									
										
									
										
											
											<td class="fail">FAIL</td>
										
									
								
							
								
							
						
					</tr>
					
					<tr>
						<td>
							<a href="#esp32%3aesp32%3ad1_mini32"><b>esp32:esp32:d1_mini32</b></a>
							<br />
							<small>1.0.6</small>
						</td>

						
							<td>Yes</td>
							<td class="pass">PASS</td>
						
						
						
						

						
							
								
							
								
							
								
							
								
							
								
									
										
											<td class="pass">PASS</td>
											
										
									
										
									
								
							
						
							
								
							
								
							
								
							
								
							
								
									
										
									
										
											
											<td class="fail">FAIL</td>
										
									
								
							
						
					</tr>
					
				</table>

				<h2>Compilation logs</h2>
				
				<h3 id="arduino:avr:uno">arduino:avr:uno @ 1.8.4</h3>
				<h4>Inclusion</h4>
				<p>
					Result: <b>PASS</b>
					
				</p>
				<pre class="pre-scrollable">Sketch uses 444 bytes (1%) of program storage space. Maximum is 32256 bytes.
Global variables use 9 bytes (0%) of dynamic memory, leaving 2039 bytes for local variables. Maximum is 2048 bytes.
</pre>

					
					<h4>examples/basic_usage</h4>
					<p>
						Result: <b>PASS</b>
					</p>
					<pre class="pre-scrollable">Sketch uses 5400 bytes (16%) of program storage space. Maximum is 32256 bytes.
Global variables use 398 bytes (19%) of dynamic memory, leaving 1650 bytes for local variables. Maximum is 2048 bytes.
</pre>
					
					<h4>examples/tools</h4>
					<p>
						Result: <b>FAIL</b>
					</p>
					<pre class="pre-scrollable"></pre>
					
				
				<h3 id="arduino:mbed_nano:nanorp2040connect">arduino:mbed_nano:nanorp2040connect @ 2.7.2</h3>
				<h4>Inclusion</h4>
				<p>
					Result: <b>FAIL</b>
					
				</p>
				<pre class="pre-scrollable">In file included from /home/ec2-user/arduino-testlib/cli-datadir/user/libraries/PrintEx/src/lib/PrintVariadic.h:24:0,
                 from /home/ec2-user/arduino-testlib/cli-datadir/user/libraries/PrintEx/src/lib/PrintExtension.h:43,
                 from /home/ec2-user/arduino-testlib/cli-datadir/user/libraries/PrintEx/src/lib/MemoryPrinter.h:25,
                 from /home/ec2-user/arduino-testlib/cli-datadir/user/libraries/PrintEx/src/PrintEx.h:26,
                 from /tmp/arduino-testlib1273730734/test/test.ino:1:
/home/ec2-user/arduino-testlib/cli-datadir/user/libraries/PrintEx/src/lib/TypeTraits.h:78:55: error: &#39;template&lt;bool V, class T, class U&gt; struct select&#39; redeclared as different kind of symbol
     template&lt; bool V, typename T, typename U &gt; struct select { typedef U type; };
                                                       ^~~~~~
In file included from /home/ec2-user/arduino-testlib/cli-datadir/data/packages/arduino/tools/arm-none-eabi-gcc/7-2017q4/arm-none-eabi/include/sys/types.h:68:0,
                 from /home/ec2-user/arduino-testlib/cli-datadir/data/packages/arduino/tools/arm-none-eabi-gcc/7-2017q4/arm-none-eabi/include/stdio.h:61,
                 from /home/ec2-user/arduino-testlib/cli-datadir/data/packages/arduino/hardware/mbed_nano/2.7.2/cores/arduino/api/Print.h:22,
                 from /home/ec2-user/arduino-testlib/cli-datadir/data/packages/arduino/hardware/mbed_nano/2.7.2/cores/arduino/api/ArduinoAPI.h:31,
                 from /home/ec2-user/arduino-testlib/cli-datadir/data/packages/arduino/hardware/mbed_nano/2.7.2/cores/arduino/Arduino.h:27,
                 from /tmp/arduino-sketch-CE9B5350BFE1011850F6165A4CFF7E21/sketch/test.ino.cpp:1:
/home/ec2-user/arduino-testlib/cli-datadir/data/packages/arduino/tools/arm-none-eabi-gcc/7-2017q4/arm-none-eabi/include/sys/select.h:73:5: note: previous declaration &#39;int select(int, _types_fd_set*, _types_fd_set*, _types_fd_set*, timeval*)&#39;
 int select __P ((int __n, fd_set *__readfds, fd_set *__writefds,
     ^~~~~~
In file included from /home/ec2-user/arduino-testlib/cli-datadir/user/libraries/PrintEx/src/lib/PrintVariadic.h:24:0,
                 from /home/ec2-user/arduino-testlib/cli-datadir/user/libraries/PrintEx/src/lib/PrintExtension.h:43,
                 from /home/ec2-user/arduino-testlib/cli-datadir/user/libraries/PrintEx/src/lib/MemoryPrinter.h:25,
                 from /home/ec2-user/arduino-testlib/cli-datadir/user/libraries/PrintEx/src/PrintEx.h:26,
                 from /tmp/arduino-testlib1273730734/test/test.ino:1:
/home/ec2-user/arduino-testlib/cli-datadir/user/libraries/PrintEx/src/lib/TypeTraits.h:79:46: error: &#39;select&#39; is not a class template
     template&lt;typename T, typename U &gt; struct select&lt;true,T,U&gt;{ typedef T type; };
                                              ^~~~~~
/home/ec2-user/arduino-testlib/cli-datadir/user/libraries/PrintEx/src/lib/TypeTraits.h:79:61: error: &#39;template&lt;class T, class U&gt; struct select&#39; redeclared as different kind of symbol
     template&lt;typename T, typename U &gt; struct select&lt;true,T,U&gt;{ typedef T type; };
                                                             ^
In file included from /home/ec2-user/arduino-testlib/cli-datadir/data/packages/arduino/tools/arm-none-eabi-gcc/7-2017q4/arm-none-eabi/include/sys/types.h:68:0,
                 from /home/ec2-user/arduino-testlib/cli-datadir/data/packages/arduino/tools/arm-none-eabi-gcc/7-2017q4/arm-none-eabi/include/stdio.h:61,
                 from /home/ec2-user/arduino-testlib/cli-datadir/data/packages/arduino/hardware/mbed_nano/2.7.2/cores/arduino/api/Print.h:22,
                 from /home/ec2-user/arduino-testlib/cli-datadir/data/packages/arduino/hardware/mbed_nano/2.7.2/cores/arduino/api/ArduinoAPI.h:31,
                 from /home/ec2-user/arduino-testlib/cli-datadir/data/packages/arduino/hardware/mbed_nano/2.7.2/cores/arduino/Arduino.h:27,
                 from /tmp/arduino-sketch-CE9B5350BFE1011850F6165A4CFF7E21/sketch/test.ino.cpp:1:
/home/ec2-user/arduino-testlib/cli-datadir/data/packages/arduino/tools/arm-none-eabi-gcc/7-2017q4/arm-none-eabi/include/sys/select.h:73:5: note: previous declaration &#39;int select(int, _types_fd_set*, _types_fd_set*, _types_fd_set*, timeval*)&#39;
 int select __P ((int __n, fd_set *__readfds, fd_set *__writefds,
     ^~~~~~
In file included from /home/ec2-user/arduino-testlib/cli-datadir/user/libraries/PrintEx/src/lib/MemoryPrinter.h:25:0,
                 from /home/ec2-user/arduino-testlib/cli-datadir/user/libraries/PrintEx/src/PrintEx.h:26,
                 from /tmp/arduino-testlib1273730734/test/test.ino:1:
/home/ec2-user/arduino-testlib/cli-datadir/user/libraries/PrintEx/src/lib/PrintExtension.h: In member function &#39;pft PrintExWrap&lt;T&gt;::printf(const char*, ...)&#39;:
/home/ec2-user/arduino-testlib/cli-datadir/user/libraries/PrintEx/src/lib/PrintExtension.h:130:13: error: there are no arguments to &#39;va_start&#39; that depend on a template parameter, so a declaration of &#39;va_start&#39; must be available [-fpermissive]
             va_start( vList, format );
             ^~~~~~~~
/home/ec2-user/arduino-testlib/cli-datadir/user/libraries/PrintEx/src/lib/PrintExtension.h:130:13: note: (if you use &#39;-fpermissive&#39;, G&#43;&#43; will accept your code, but allowing the use of an undeclared name is deprecated)
/home/ec2-user/arduino-testlib/cli-datadir/user/libraries/PrintEx/src/lib/PrintExtension.h:133:13: error: there are no arguments to &#39;va_end&#39; that depend on a template parameter, so a declaration of &#39;va_end&#39; must be available [-fpermissive]
             va_end( vList );
             ^~~~~~

</pre>

					
					<h4>examples/basic_usage</h4>
					<p>
						Result: <b>FAIL</b>
					</p>
					<pre class="pre-scrollable">In file included from /home/ec2-user/arduino-testlib/cli-datadir/user/libraries/PrintEx/src/lib/PrintVariadic.h:24:0,
                 from /home/ec2-user/arduino-testlib/cli-datadir/user/libraries/PrintEx/src/lib/PrintExtension.h:43,
                 from /home/ec2-user/arduino-testlib/cli-datadir/user/libraries/PrintEx/src/lib/MemoryPrinter.h:25,
                 from /home/ec2-user/arduino-testlib/cli-datadir/user/libraries/PrintEx/src/PrintEx.h:26,
                 from /home/ec2-user/arduino-testlib/cli-datadir/user/libraries/PrintEx/examples/basic_usage/basic_usage.ino:8:
/home/ec2-user/arduino-testlib/cli-datadir/user/libraries/PrintEx/src/lib/TypeTraits.h:78:55: error: &#39;template&lt;bool V, class T, class U&gt; struct select&#39; redeclared as different kind of symbol
     template&lt; bool V, typename T, typename U &gt; struct select { typedef U type; };
                                                       ^~~~~~
In file included from /home/ec2-user/arduino-testlib/cli-datadir/data/packages/arduino/tools/arm-none-eabi-gcc/7-2017q4/arm-none-eabi/include/sys/types.h:68:0,
                 from /home/ec2-user/arduino-testlib/cli-datadir/data/packages/arduino/tools/arm-none-eabi-gcc/7-2017q4/arm-none-eabi/include/stdio.h:61,
                 from /home/ec2-user/arduino-testlib/cli-datadir/data/packages/arduino/hardware/mbed_nano/2.7.2/cores/arduino/api/Print.h:22,
                 from /home/ec2-user/arduino-testlib/cli-datadir/data/packages/arduino/hardware/mbed_nano/2.7.2/cores/arduino/api/ArduinoAPI.h:31,
                 from /home/ec2-user/arduino-testlib/cli-datadir/data/packages/arduino/hardware/mbed_nano/2.7.2/cores/arduino/Arduino.h:27,
                 from /tmp/arduino-sketch-1F7754343E31D2081265424C20E45800/sketch/basic_usage.ino.cpp:1:
/home/ec2-user/arduino-testlib/cli-datadir/data/packages/arduino/tools/arm-none-eabi-gcc/7-2017q4/arm-none-eabi/include/sys/select.h:73:5: note: previous declaration &#39;int select(int, _types_fd_set*, _types_fd_set*, _types_fd_set*, timeval*)&#39;
 int select __P ((int __n, fd_set *__readfds, fd_set *__writefds,
     ^~~~~~
In file included from /home/ec2-user/arduino-testlib/cli-datadir/user/libraries/PrintEx/src/lib/PrintVariadic.h:24:0,
                 from /home/ec2-user/arduino-testlib/cli-datadir/user/libraries/PrintEx/src/lib/PrintExtension.h:43,
                 from /home/ec2-user/arduino-testlib/cli-datadir/user/libraries/PrintEx/src/lib/MemoryPrinter.h:25,
                 from /home/ec2-user/arduino-testlib/cli-datadir/user/libraries/PrintEx/src/PrintEx.h:26,
                 from /home/ec2-user/arduino-testlib/cli-datadir/user/libraries/PrintEx/examples/basic_usage/basic_usage.ino:8:
/home/ec2-user/arduino-testlib/cli-datadir/user/libraries/PrintEx/src/lib/TypeTraits.h:79:46: error: &#39;select&#39; is not a class template
     template&lt;typename T, typename U &gt; struct select&lt;true,T,U&gt;{ typedef T type; };
                                              ^~~~~~
/home/ec2-user/arduino-testlib/cli-datadir/user/libraries/PrintEx/src/lib/TypeTraits.h:79:61: error: &#39;template&lt;class T, class U&gt; struct select&#39; redeclared as different kind of symbol
     template&lt;typename T, typename U &gt; struct select&lt;true,T,U&gt;{ typedef T type; };
                                                             ^
In file included from /home/ec2-user/arduino-testlib/cli-datadir/data/packages/arduino/tools/arm-none-eabi-gcc/7-2017q4/arm-none-eabi/include/sys/types.h:68:0,
                 from /home/ec2-user/arduino-testlib/cli-datadir/data/packages/arduino/tools/arm-none-eabi-gcc/7-2017q4/arm-none-eabi/include/stdio.h:61,
                 from /home/ec2-user/arduino-testlib/cli-datadir/data/packages/arduino/hardware/mbed_nano/2.7.2/cores/arduino/api/Print.h:22,
                 from /home/ec2-user/arduino-testlib/cli-datadir/data/packages/arduino/hardware/mbed_nano/2.7.2/cores/arduino/api/ArduinoAPI.h:31,
                 from /home/ec2-user/arduino-testlib/cli-datadir/data/packages/arduino/hardware/mbed_nano/2.7.2/cores/arduino/Arduino.h:27,
                 from /tmp/arduino-sketch-1F7754343E31D2081265424C20E45800/sketch/basic_usage.ino.cpp:1:
/home/ec2-user/arduino-testlib/cli-datadir/data/packages/arduino/tools/arm-none-eabi-gcc/7-2017q4/arm-none-eabi/include/sys/select.h:73:5: note: previous declaration &#39;int select(int, _types_fd_set*, _types_fd_set*, _types_fd_set*, timeval*)&#39;
 int select __P ((int __n, fd_set *__readfds, fd_set *__writefds,
     ^~~~~~
In file included from /home/ec2-user/arduino-testlib/cli-datadir/user/libraries/PrintEx/src/lib/MemoryPrinter.h:25:0,
                 from /home/ec2-user/arduino-testlib/cli-datadir/user/libraries/PrintEx/src/PrintEx.h:26,
                 from /home/ec2-user/arduino-testlib/cli-datadir/user/libraries/PrintEx/examples/basic_usage/basic_usage.ino:8:
/home/ec2-user/arduino-testlib/cli-datadir/user/libraries/PrintEx/src/lib/PrintExtension.h: In member function &#39;pft PrintExWrap&lt;T&gt;::printf(const char*, ...)&#39;:
/home/ec2-user/arduino-testlib/cli-datadir/user/libraries/PrintEx/src/lib/PrintExtension.h:130:13: error: there are no arguments to &#39;va_start&#39; that depend on a template parameter, so a declaration of &#39;va_start&#39; must be available [-fpermissive]
             va_start( vList, format );
             ^~~~~~~~
/home/ec2-user/arduino-testlib/cli-datadir/user/libraries/PrintEx/src/lib/PrintExtension.h:130:13: note: (if you use &#39;-fpermissive&#39;, G&#43;&#43; will accept your code, but allowing the use of an undeclared name is deprecated)
/home/ec2-user/arduino-testlib/cli-datadir/user/libraries/PrintEx/src/lib/PrintExtension.h:133:13: error: there are no arguments to &#39;va_end&#39; that depend on a template parameter, so a declaration of &#39;va_end&#39; must be available [-fpermissive]
             va_end( vList );
             ^~~~~~

</pre>
					
					<h4>examples/tools</h4>
					<p>
						Result: <b>FAIL</b>
					</p>
					<pre class="pre-scrollable"></pre>
					
				
				<h3 id="arduino:megaavr:nona4809">arduino:megaavr:nona4809 @ 1.8.7</h3>
				<h4>Inclusion</h4>
				<p>
					Result: <b>PASS</b>
					
				</p>
				<pre class="pre-scrollable">Sketch uses 802 bytes (1%) of program storage space. Maximum is 49152 bytes.
Global variables use 22 bytes (0%) of dynamic memory, leaving 6122 bytes for local variables. Maximum is 6144 bytes.
</pre>

					
					<h4>examples/basic_usage</h4>
					<p>
						Result: <b>PASS</b>
					</p>
					<pre class="pre-scrollable">Sketch uses 6506 bytes (13%) of program storage space. Maximum is 49152 bytes.
Global variables use 177 bytes (2%) of dynamic memory, leaving 5967 bytes for local variables. Maximum is 6144 bytes.
</pre>
					
					<h4>examples/tools</h4>
					<p>
						Result: <b>FAIL</b>
					</p>
					<pre class="pre-scrollable"></pre>
					
				
				<h3 id="arduino:samd:mkrwifi1010">arduino:samd:mkrwifi1010 @ 1.8.12</h3>
				<h4>Inclusion</h4>
				<p>
					Result: <b>FAIL</b>
					
				</p>
				<pre class="pre-scrollable">In file included from /Users/alranel/Documents/git/arduino/arduino-testlib/cli-datadir/user/libraries/PrintEx/src/lib/PrintVariadic.h:24:0,
                 from /Users/alranel/Documents/git/arduino/arduino-testlib/cli-datadir/user/libraries/PrintEx/src/lib/PrintExtension.h:43,
                 from /Users/alranel/Documents/git/arduino/arduino-testlib/cli-datadir/user/libraries/PrintEx/src/lib/MemoryPrinter.h:25,
                 from /Users/alranel/Documents/git/arduino/arduino-testlib/cli-datadir/user/libraries/PrintEx/src/PrintEx.h:26,
                 from /private/tmp/arduino-testlib1971887804/test/test.ino:1:
/Users/alranel/Documents/git/arduino/arduino-testlib/cli-datadir/user/libraries/PrintEx/src/lib/TypeTraits.h:78:55: error: &#39;template&lt;bool V, class T, class U&gt; struct select&#39; redeclared as different kind of symbol
     template&lt; bool V, typename T, typename U &gt; struct select { typedef U type; };
                                                       ^~~~~~
In file included from /Users/alranel/Documents/git/arduino/arduino-testlib/cli-datadir/data/packages/arduino/tools/arm-none-eabi-gcc/7-2017q4/arm-none-eabi/include/sys/types.h:68:0,
                 from /Users/alranel/Documents/git/arduino/arduino-testlib/cli-datadir/data/packages/arduino/tools/arm-none-eabi-gcc/7-2017q4/arm-none-eabi/include/stdio.h:61,
                 from /Users/alranel/Documents/git/arduino/arduino-testlib/cli-datadir/data/packages/arduino/hardware/samd/1.8.12/cores/arduino/api/Print.h:22,
                 from /Users/alranel/Documents/git/arduino/arduino-testlib/cli-datadir/data/packages/arduino/hardware/samd/1.8.12/cores/arduino/api/ArduinoAPI.h:31,
                 from /Users/alranel/Documents/git/arduino/arduino-testlib/cli-datadir/data/packages/arduino/hardware/samd/1.8.12/cores/arduino/Arduino.h:23,
                 from /private/var/folders/47/_57rjy4111jc7dfpgjmcc93w0000gp/T/arduino-sketch-C6ECD9FC404198025F6528ABCD7E049F/sketch/test.ino.cpp:1:
/Users/alranel/Documents/git/arduino/arduino-testlib/cli-datadir/data/packages/arduino/tools/arm-none-eabi-gcc/7-2017q4/arm-none-eabi/include/sys/select.h:73:5: note: previous declaration &#39;int select(int, _types_fd_set*, _types_fd_set*, _types_fd_set*, timeval*)&#39;
 int select __P ((int __n, fd_set *__readfds, fd_set *__writefds,
     ^~~~~~
In file included from /Users/alranel/Documents/git/arduino/arduino-testlib/cli-datadir/user/libraries/PrintEx/src/lib/PrintVariadic.h:24:0,
                 from /Users/alranel/Documents/git/arduino/arduino-testlib/cli-datadir/user/libraries/PrintEx/src/lib/PrintExtension.h:43,
                 from /Users/alranel/Documents/git/arduino/arduino-testlib/cli-datadir/user/libraries/PrintEx/src/lib/MemoryPrinter.h:25,
                 from /Users/alranel/Documents/git/arduino/arduino-testlib/cli-datadir/user/libraries/PrintEx/src/PrintEx.h:26,
                 from /private/tmp/arduino-testlib1971887804/test/test.ino:1:
/Users/alranel/Documents/git/arduino/arduino-testlib/cli-datadir/user/libraries/PrintEx/src/lib/TypeTraits.h:79:46: error: &#39;select&#39; is not a class template
     template&lt;typename T, typename U &gt; struct select&lt;true,T,U&gt;{ typedef T type; };
                                              ^~~~~~
/Users/alranel/Documents/git/arduino/arduino-testlib/cli-datadir/user/libraries/PrintEx/src/lib/TypeTraits.h:79:61: error: &#39;template&lt;class T, class U&gt; struct select&#39; redeclared as different kind of symbol
     template&lt;typename T, typename U &gt; struct select&lt;true,T,U&gt;{ typedef T type; };
                                                             ^
In file included from /Users/alranel/Documents/git/arduino/arduino-testlib/cli-datadir/data/packages/arduino/tools/arm-none-eabi-gcc/7-2017q4/arm-none-eabi/include/sys/types.h:68:0,
                 from /Users/alranel/Documents/git/arduino/arduino-testlib/cli-datadir/data/packages/arduino/tools/arm-none-eabi-gcc/7-2017q4/arm-none-eabi/include/stdio.h:61,
                 from /Users/alranel/Documents/git/arduino/arduino-testlib/cli-datadir/data/packages/arduino/hardware/samd/1.8.12/cores/arduino/api/Print.h:22,
                 from /Users/alranel/Documents/git/arduino/arduino-testlib/cli-datadir/data/packages/arduino/hardware/samd/1.8.12/cores/arduino/api/ArduinoAPI.h:31,
                 from /Users/alranel/Documents/git/arduino/arduino-testlib/cli-datadir/data/packages/arduino/hardware/samd/1.8.12/cores/arduino/Arduino.h:23,
                 from /private/var/folders/47/_57rjy4111jc7dfpgjmcc93w0000gp/T/arduino-sketch-C6ECD9FC404198025F6528ABCD7E049F/sketch/test.ino.cpp:1:
/Users/alranel/Documents/git/arduino/arduino-testlib/cli-datadir/data/packages/arduino/tools/arm-none-eabi-gcc/7-2017q4/arm-none-eabi/include/sys/select.h:73:5: note: previous declaration &#39;int select(int, _types_fd_set*, _types_fd_set*, _types_fd_set*, timeval*)&#39;
 int select __P ((int __n, fd_set *__readfds, fd_set *__writefds,
     ^~~~~~
In file included from /Users/alranel/Documents/git/arduino/arduino-testlib/cli-datadir/user/libraries/PrintEx/src/lib/MemoryPrinter.h:25:0,
                 from /Users/alranel/Documents/git/arduino/arduino-testlib/cli-datadir/user/libraries/PrintEx/src/PrintEx.h:26,
                 from /private/tmp/arduino-testlib1971887804/test/test.ino:1:
/Users/alranel/Documents/git/arduino/arduino-testlib/cli-datadir/user/libraries/PrintEx/src/lib/PrintExtension.h: In member function &#39;pft PrintExWrap&lt;T&gt;::printf(const char*, ...)&#39;:
/Users/alranel/Documents/git/arduino/arduino-testlib/cli-datadir/user/libraries/PrintEx/src/lib/PrintExtension.h:130:13: error: there are no arguments to &#39;va_start&#39; that depend on a template parameter, so a declaration of &#39;va_start&#39; must be available [-fpermissive]
             va_start( vList, format );
             ^~~~~~~~
/Users/alranel/Documents/git/arduino/arduino-testlib/cli-datadir/user/libraries/PrintEx/src/lib/PrintExtension.h:130:13: note: (if you use &#39;-fpermissive&#39;, G&#43;&#43; will accept your code, but allowing the use of an undeclared name is deprecated)
/Users/alranel/Documents/git/arduino/arduino-testlib/cli-datadir/user/libraries/PrintEx/src/lib/PrintExtension.h:133:13: error: there are no arguments to &#39;va_end&#39; that depend on a template parameter, so a declaration of &#39;va_end&#39; must be available [-fpermissive]
             va_end( vList );
             ^~~~~~

</pre>

					
					<h4>examples/basic_usage</h4>
					<p>
						Result: <b>FAIL</b>
					</p>
					<pre class="pre-scrollable">In file included from /Users/alranel/Documents/git/arduino/arduino-testlib/cli-datadir/user/libraries/PrintEx/src/lib/PrintVariadic.h:24:0,
                 from /Users/alranel/Documents/git/arduino/arduino-testlib/cli-datadir/user/libraries/PrintEx/src/lib/PrintExtension.h:43,
                 from /Users/alranel/Documents/git/arduino/arduino-testlib/cli-datadir/user/libraries/PrintEx/src/lib/MemoryPrinter.h:25,
                 from /Users/alranel/Documents/git/arduino/arduino-testlib/cli-datadir/user/libraries/PrintEx/src/PrintEx.h:26,
                 from /Users/alranel/Documents/git/arduino/arduino-testlib/cli-datadir/user/libraries/PrintEx/examples/basic_usage/basic_usage.ino:8:
/Users/alranel/Documents/git/arduino/arduino-testlib/cli-datadir/user/libraries/PrintEx/src/lib/TypeTraits.h:78:55: error: &#39;template&lt;bool V, class T, class U&gt; struct select&#39; redeclared as different kind of symbol
     template&lt; bool V, typename T, typename U &gt; struct select { typedef U type; };
                                                       ^~~~~~
In file included from /Users/alranel/Documents/git/arduino/arduino-testlib/cli-datadir/data/packages/arduino/tools/arm-none-eabi-gcc/7-2017q4/arm-none-eabi/include/sys/types.h:68:0,
                 from /Users/alranel/Documents/git/arduino/arduino-testlib/cli-datadir/data/packages/arduino/tools/arm-none-eabi-gcc/7-2017q4/arm-none-eabi/include/stdio.h:61,
                 from /Users/alranel/Documents/git/arduino/arduino-testlib/cli-datadir/data/packages/arduino/hardware/samd/1.8.12/cores/arduino/api/Print.h:22,
                 from /Users/alranel/Documents/git/arduino/arduino-testlib/cli-datadir/data/packages/arduino/hardware/samd/1.8.12/cores/arduino/api/ArduinoAPI.h:31,
                 from /Users/alranel/Documents/git/arduino/arduino-testlib/cli-datadir/data/packages/arduino/hardware/samd/1.8.12/cores/arduino/Arduino.h:23,
                 from /private/var/folders/47/_57rjy4111jc7dfpgjmcc93w0000gp/T/arduino-sketch-E4BAED25FF87BD4CD8410CE0862750F1/sketch/basic_usage.ino.cpp:1:
/Users/alranel/Documents/git/arduino/arduino-testlib/cli-datadir/data/packages/arduino/tools/arm-none-eabi-gcc/7-2017q4/arm-none-eabi/include/sys/select.h:73:5: note: previous declaration &#39;int select(int, _types_fd_set*, _types_fd_set*, _types_fd_set*, timeval*)&#39;
 int select __P ((int __n, fd_set *__readfds, fd_set *__writefds,
     ^~~~~~
In file included from /Users/alranel/Documents/git/arduino/arduino-testlib/cli-datadir/user/libraries/PrintEx/src/lib/PrintVariadic.h:24:0,
                 from /Users/alranel/Documents/git/arduino/arduino-testlib/cli-datadir/user/libraries/PrintEx/src/lib/PrintExtension.h:43,
                 from /Users/alranel/Documents/git/arduino/arduino-testlib/cli-datadir/user/libraries/PrintEx/src/lib/MemoryPrinter.h:25,
                 from /Users/alranel/Documents/git/arduino/arduino-testlib/cli-datadir/user/libraries/PrintEx/src/PrintEx.h:26,
                 from /Users/alranel/Documents/git/arduino/arduino-testlib/cli-datadir/user/libraries/PrintEx/examples/basic_usage/basic_usage.ino:8:
/Users/alranel/Documents/git/arduino/arduino-testlib/cli-datadir/user/libraries/PrintEx/src/lib/TypeTraits.h:79:46: error: &#39;select&#39; is not a class template
     template&lt;typename T, typename U &gt; struct select&lt;true,T,U&gt;{ typedef T type; };
                                              ^~~~~~
/Users/alranel/Documents/git/arduino/arduino-testlib/cli-datadir/user/libraries/PrintEx/src/lib/TypeTraits.h:79:61: error: &#39;template&lt;class T, class U&gt; struct select&#39; redeclared as different kind of symbol
     template&lt;typename T, typename U &gt; struct select&lt;true,T,U&gt;{ typedef T type; };
                                                             ^
In file included from /Users/alranel/Documents/git/arduino/arduino-testlib/cli-datadir/data/packages/arduino/tools/arm-none-eabi-gcc/7-2017q4/arm-none-eabi/include/sys/types.h:68:0,
                 from /Users/alranel/Documents/git/arduino/arduino-testlib/cli-datadir/data/packages/arduino/tools/arm-none-eabi-gcc/7-2017q4/arm-none-eabi/include/stdio.h:61,
                 from /Users/alranel/Documents/git/arduino/arduino-testlib/cli-datadir/data/packages/arduino/hardware/samd/1.8.12/cores/arduino/api/Print.h:22,
                 from /Users/alranel/Documents/git/arduino/arduino-testlib/cli-datadir/data/packages/arduino/hardware/samd/1.8.12/cores/arduino/api/ArduinoAPI.h:31,
                 from /Users/alranel/Documents/git/arduino/arduino-testlib/cli-datadir/data/packages/arduino/hardware/samd/1.8.12/cores/arduino/Arduino.h:23,
                 from /private/var/folders/47/_57rjy4111jc7dfpgjmcc93w0000gp/T/arduino-sketch-E4BAED25FF87BD4CD8410CE0862750F1/sketch/basic_usage.ino.cpp:1:
/Users/alranel/Documents/git/arduino/arduino-testlib/cli-datadir/data/packages/arduino/tools/arm-none-eabi-gcc/7-2017q4/arm-none-eabi/include/sys/select.h:73:5: note: previous declaration &#39;int select(int, _types_fd_set*, _types_fd_set*, _types_fd_set*, timeval*)&#39;
 int select __P ((int __n, fd_set *__readfds, fd_set *__writefds,
     ^~~~~~
In file included from /Users/alranel/Documents/git/arduino/arduino-testlib/cli-datadir/user/libraries/PrintEx/src/lib/MemoryPrinter.h:25:0,
                 from /Users/alranel/Documents/git/arduino/arduino-testlib/cli-datadir/user/libraries/PrintEx/src/PrintEx.h:26,
                 from /Users/alranel/Documents/git/arduino/arduino-testlib/cli-datadir/user/libraries/PrintEx/examples/basic_usage/basic_usage.ino:8:
/Users/alranel/Documents/git/arduino/arduino-testlib/cli-datadir/user/libraries/PrintEx/src/lib/PrintExtension.h: In member function &#39;pft PrintExWrap&lt;T&gt;::printf(const char*, ...)&#39;:
/Users/alranel/Documents/git/arduino/arduino-testlib/cli-datadir/user/libraries/PrintEx/src/lib/PrintExtension.h:130:13: error: there are no arguments to &#39;va_start&#39; that depend on a template parameter, so a declaration of &#39;va_start&#39; must be available [-fpermissive]
             va_start( vList, format );
             ^~~~~~~~
/Users/alranel/Documents/git/arduino/arduino-testlib/cli-datadir/user/libraries/PrintEx/src/lib/PrintExtension.h:130:13: note: (if you use &#39;-fpermissive&#39;, G&#43;&#43; will accept your code, but allowing the use of an undeclared name is deprecated)
/Users/alranel/Documents/git/arduino/arduino-testlib/cli-datadir/user/libraries/PrintEx/src/lib/PrintExtension.h:133:13: error: there are no arguments to &#39;va_end&#39; that depend on a template parameter, so a declaration of &#39;va_end&#39; must be available [-fpermissive]
             va_end( vList );
             ^~~~~~

</pre>
					
					<h4>examples/tools</h4>
					<p>
						Result: <b>FAIL</b>
					</p>
					<pre class="pre-scrollable"></pre>
					
				
				<h3 id="esp32:esp32:d1_mini32">esp32:esp32:d1_mini32 @ 1.0.6</h3>
				<h4>Inclusion</h4>
				<p>
					Result: <b>PASS</b>
					
				</p>
				<pre class="pre-scrollable">Sketch uses 198998 bytes (15%) of program storage space. Maximum is 1310720 bytes.
Global variables use 13136 bytes (4%) of dynamic memory, leaving 314544 bytes for local variables. Maximum is 327680 bytes.
</pre>

					
					<h4>examples/basic_usage</h4>
					<p>
						Result: <b>PASS</b>
					</p>
					<pre class="pre-scrollable">Sketch uses 207146 bytes (15%) of program storage space. Maximum is 1310720 bytes.
Global variables use 13464 bytes (4%) of dynamic memory, leaving 314216 bytes for local variables. Maximum is 327680 bytes.
</pre>
					
					<h4>examples/tools</h4>
					<p>
						Result: <b>FAIL</b>
					</p>
					<pre class="pre-scrollable"></pre>
					
				
			</div>
		</div>
	</div>
  </body>
</html>
