
<!doctype html>
<html lang="en">
  <head>
    <meta charset="utf-8">
    <meta name="viewport" content="width=device-width, initial-scale=1">
    <link href="https://cdn.jsdelivr.net/npm/bootstrap@5.0.2/dist/css/bootstrap.min.css" rel="stylesheet" integrity="sha384-EVSTQN3/azprG1Anm3QDgpJLIm9Nao0Yz1ztcQTwFspd3yD65VohhpuuCOmLASjC" crossorigin="anonymous">
    <title>arduino-testlib report</title>
	<style>
	.pass { background-color: #00FF00 !important; }
	.fail { background-color: #FF0000 !important; }
	</style>
  </head>
  <body>
	<div class="container">
		<div class="row">
			<div class="col">
				<h1>PxMatrix LED MATRIX library - compatibility matrix</h1>
				<p>
					<small>This report was generated on Monday, 21-Feb-22 12:00:25 CET using 
					<a href="https://github.com/alranel/arduino-testlib">arduino-testlib</a>.</small>
				</p>

				<h2>PxMatrix LED MATRIX library</h2>
				<p>
					Version: <b>1.8.1</b>
					<br />
					<a href="https://www.arduino.cc/reference/en/libraries/pxmatrix-led-matrix-library/">More details</a>
				</p>

				<h2>Compatibility matrix</h2>
				<table class="table table-bordered">
					<tr>
						<th>Board</th>
						<th>Claims compatibility</th>
						<th>Inclusion</th>
						
						<th><pre>override_spi_pins_esp32</pre></th>
						
						<th><pre>pattern_test</pre></th>
						
						<th><pre>pixeltime</pre></th>
						
						<th><pre>pixeltime_AVR</pre></th>
						
						<th><pre>Aurora_Demo</pre></th>
						
						<th><pre>double_buffer</pre></th>
						
						<th><pre>mario_image_fm6216a_esp32</pre></th>
						
					</tr>
					
					<tr>
						<td>
							<a href="#arduino%3aavr%3auno"><b>arduino:avr:uno</b></a>
							<br />
							<small>1.8.4</small>
						</td>

						
						
						
							<td>Yes ⚠️</td>
							<td class="fail">FAIL</td>
						
						

						
							
								
									
										
									
										
									
										
									
										
											
											<td class="fail">FAIL</td>
										
									
										
									
										
									
										
									
								
							
								
							
								
							
								
							
								
							
						
							
								
									
										
									
										
									
										
									
										
									
										
											
											<td class="fail">FAIL</td>
										
									
										
									
										
									
								
							
								
							
								
							
								
							
								
							
						
							
								
									
										
									
										
									
										
									
										
									
										
									
										
											
											<td class="fail">FAIL</td>
										
									
										
									
								
							
								
							
								
							
								
							
								
							
						
							
								
									
										
									
										
									
										
									
										
									
										
									
										
									
										
											<td class="pass">PASS</td>
											
										
									
								
							
								
							
								
							
								
							
								
							
						
							
								
									
										
											
											<td class="fail">FAIL</td>
										
									
										
									
										
									
										
									
										
									
										
									
										
									
								
							
								
							
								
							
								
							
								
							
						
							
								
									
										
									
										
											
											<td class="fail">FAIL</td>
										
									
										
									
										
									
										
									
										
									
										
									
								
							
								
							
								
							
								
							
								
							
						
							
								
									
										
									
										
									
										
											
											<td class="fail">FAIL</td>
										
									
										
									
										
									
										
									
										
									
								
							
								
							
								
							
								
							
								
							
						
					</tr>
					
					<tr>
						<td>
							<a href="#arduino%3ambed_nano%3ananorp2040connect"><b>arduino:mbed_nano:nanorp2040connect</b></a>
							<br />
							<small>2.7.2</small>
						</td>

						
						
						
							<td>Yes ⚠️</td>
							<td class="fail">FAIL</td>
						
						

						
							
								
							
								
									
										
									
										
									
										
									
										
											
											<td class="fail">FAIL</td>
										
									
										
									
										
									
										
									
								
							
								
							
								
							
								
							
						
							
								
							
								
									
										
									
										
									
										
									
										
									
										
											
											<td class="fail">FAIL</td>
										
									
										
									
										
									
								
							
								
							
								
							
								
							
						
							
								
							
								
									
										
									
										
									
										
									
										
									
										
									
										
											
											<td class="fail">FAIL</td>
										
									
										
									
								
							
								
							
								
							
								
							
						
							
								
							
								
									
										
									
										
									
										
									
										
									
										
									
										
									
										
											
											<td class="fail">FAIL</td>
										
									
								
							
								
							
								
							
								
							
						
							
								
							
								
									
										
											
											<td class="fail">FAIL</td>
										
									
										
									
										
									
										
									
										
									
										
									
										
									
								
							
								
							
								
							
								
							
						
							
								
							
								
									
										
									
										
											
											<td class="fail">FAIL</td>
										
									
										
									
										
									
										
									
										
									
										
									
								
							
								
							
								
							
								
							
						
							
								
							
								
									
										
									
										
									
										
											
											<td class="fail">FAIL</td>
										
									
										
									
										
									
										
									
										
									
								
							
								
							
								
							
								
							
						
					</tr>
					
					<tr>
						<td>
							<a href="#arduino%3amegaavr%3anona4809"><b>arduino:megaavr:nona4809</b></a>
							<br />
							<small>1.8.7</small>
						</td>

						
						
						
							<td>Yes ⚠️</td>
							<td class="fail">FAIL</td>
						
						

						
							
								
							
								
							
								
									
										
									
										
									
										
									
										
											
											<td class="fail">FAIL</td>
										
									
										
									
										
									
										
									
								
							
								
							
								
							
						
							
								
							
								
							
								
									
										
									
										
									
										
									
										
									
										
											
											<td class="fail">FAIL</td>
										
									
										
									
										
									
								
							
								
							
								
							
						
							
								
							
								
							
								
									
										
									
										
									
										
									
										
									
										
									
										
											
											<td class="fail">FAIL</td>
										
									
										
									
								
							
								
							
								
							
						
							
								
							
								
							
								
									
										
									
										
									
										
									
										
									
										
									
										
									
										
											
											<td class="fail">FAIL</td>
										
									
								
							
								
							
								
							
						
							
								
							
								
							
								
									
										
											
											<td class="fail">FAIL</td>
										
									
										
									
										
									
										
									
										
									
										
									
										
									
								
							
								
							
								
							
						
							
								
							
								
							
								
									
										
									
										
											
											<td class="fail">FAIL</td>
										
									
										
									
										
									
										
									
										
									
										
									
								
							
								
							
								
							
						
							
								
							
								
							
								
									
										
									
										
									
										
											
											<td class="fail">FAIL</td>
										
									
										
									
										
									
										
									
										
									
								
							
								
							
								
							
						
					</tr>
					
					<tr>
						<td>
							<a href="#arduino%3asamd%3amkrwifi1010"><b>arduino:samd:mkrwifi1010</b></a>
							<br />
							<small>1.8.12</small>
						</td>

						
						
						
							<td>Yes ⚠️</td>
							<td class="fail">FAIL</td>
						
						

						
							
								
							
								
							
								
							
								
									
										
									
										
									
										
									
										
											
											<td class="fail">FAIL</td>
										
									
										
									
										
									
										
									
								
							
								
							
						
							
								
							
								
							
								
							
								
									
										
									
										
									
										
									
										
									
										
											
											<td class="fail">FAIL</td>
										
									
										
									
										
									
								
							
								
							
						
							
								
							
								
							
								
							
								
									
										
									
										
									
										
									
										
									
										
									
										
											
											<td class="fail">FAIL</td>
										
									
										
									
								
							
								
							
						
							
								
							
								
							
								
							
								
									
										
									
										
									
										
									
										
									
										
									
										
									
										
											
											<td class="fail">FAIL</td>
										
									
								
							
								
							
						
							
								
							
								
							
								
							
								
									
										
											
											<td class="fail">FAIL</td>
										
									
										
									
										
									
										
									
										
									
										
									
										
									
								
							
								
							
						
							
								
							
								
							
								
							
								
									
										
									
										
											
											<td class="fail">FAIL</td>
										
									
										
									
										
									
										
									
										
									
										
									
								
							
								
							
						
							
								
							
								
							
								
							
								
									
										
									
										
									
										
											
											<td class="fail">FAIL</td>
										
									
										
									
										
									
										
									
										
									
								
							
								
							
						
					</tr>
					
					<tr>
						<td>
							<a href="#esp32%3aesp32%3ad1_mini32"><b>esp32:esp32:d1_mini32</b></a>
							<br />
							<small>1.0.6</small>
						</td>

						
						
						
							<td>Yes ⚠️</td>
							<td class="fail">FAIL</td>
						
						

						
							
								
							
								
							
								
							
								
							
								
									
										
									
										
									
										
									
										
											
											<td class="fail">FAIL</td>
										
									
										
									
										
									
										
									
								
							
						
							
								
							
								
							
								
							
								
							
								
									
										
									
										
									
										
									
										
									
										
											
											<td class="fail">FAIL</td>
										
									
										
									
										
									
								
							
						
							
								
							
								
							
								
							
								
							
								
									
										
									
										
									
										
									
										
									
										
									
										
											
											<td class="fail">FAIL</td>
										
									
										
									
								
							
						
							
								
							
								
							
								
							
								
							
								
									
										
									
										
									
										
									
										
									
										
									
										
									
										
											
											<td class="fail">FAIL</td>
										
									
								
							
						
							
								
							
								
							
								
							
								
							
								
									
										
											
											<td class="fail">FAIL</td>
										
									
										
									
										
									
										
									
										
									
										
									
										
									
								
							
						
							
								
							
								
							
								
							
								
							
								
									
										
									
										
											
											<td class="fail">FAIL</td>
										
									
										
									
										
									
										
									
										
									
										
									
								
							
						
							
								
							
								
							
								
							
								
							
								
									
										
									
										
									
										
											
											<td class="fail">FAIL</td>
										
									
										
									
										
									
										
									
										
									
								
							
						
					</tr>
					
				</table>

				<h2>Compilation logs</h2>
				
				<h3 id="arduino:avr:uno">arduino:avr:uno @ 1.8.4</h3>
				<h4>Inclusion</h4>
				<p>
					Result: <b>FAIL</b>
					
					<br />This library has no main header file so an empty one was created.
					
				</p>
				<pre class="pre-scrollable">/tmp/arduino-testlib1252468868/test/test.ino:1:10: fatal error: PxMatrix_LED_MATRIX_library.h: No such file or directory
 #include &lt;PxMatrix_LED_MATRIX_library.h&gt;
          ^~~~~~~~~~~~~~~~~~~~~~~~~~~~~~~
compilation terminated.

</pre>

					
					<h4>examples/Aurora_Demo</h4>
					<p>
						Result: <b>FAIL</b>
					</p>
					<pre class="pre-scrollable">/home/ec2-user/arduino-testlib/cli-datadir/user/libraries/PxMatrix_LED_MATRIX_library/examples/Aurora_Demo/Aurora_Demo.ino:65:24: error: &#39;P_LAT&#39; was not declared in this scope
 PxMATRIX display(32,16,P_LAT, P_OE,P_A,P_B,P_C);
                        ^~~~~
/home/ec2-user/arduino-testlib/cli-datadir/user/libraries/PxMatrix_LED_MATRIX_library/examples/Aurora_Demo/Aurora_Demo.ino:65:31: error: &#39;P_OE&#39; was not declared in this scope
 PxMATRIX display(32,16,P_LAT, P_OE,P_A,P_B,P_C);
                               ^~~~
/home/ec2-user/arduino-testlib/cli-datadir/user/libraries/PxMatrix_LED_MATRIX_library/examples/Aurora_Demo/Aurora_Demo.ino:65:31: note: suggested alternative: &#39;M_E&#39;
 PxMATRIX display(32,16,P_LAT, P_OE,P_A,P_B,P_C);
                               ^~~~
                               M_E
/home/ec2-user/arduino-testlib/cli-datadir/user/libraries/PxMatrix_LED_MATRIX_library/examples/Aurora_Demo/Aurora_Demo.ino:65:36: error: &#39;P_A&#39; was not declared in this scope
 PxMATRIX display(32,16,P_LAT, P_OE,P_A,P_B,P_C);
                                    ^~~
/home/ec2-user/arduino-testlib/cli-datadir/user/libraries/PxMatrix_LED_MATRIX_library/examples/Aurora_Demo/Aurora_Demo.ino:65:40: error: &#39;P_B&#39; was not declared in this scope
 PxMATRIX display(32,16,P_LAT, P_OE,P_A,P_B,P_C);
                                        ^~~
/home/ec2-user/arduino-testlib/cli-datadir/user/libraries/PxMatrix_LED_MATRIX_library/examples/Aurora_Demo/Aurora_Demo.ino:65:44: error: &#39;P_C&#39; was not declared in this scope
 PxMATRIX display(32,16,P_LAT, P_OE,P_A,P_B,P_C);
                                            ^~~

</pre>
					
					<h4>examples/double_buffer</h4>
					<p>
						Result: <b>FAIL</b>
					</p>
					<pre class="pre-scrollable">/home/ec2-user/arduino-testlib/cli-datadir/user/libraries/PxMatrix_LED_MATRIX_library/examples/double_buffer/double_buffer.ino:35:24: error: &#39;P_LAT&#39; was not declared in this scope
 PxMATRIX display(64,32,P_LAT, P_OE,P_A,P_B,P_C,P_D);
                        ^~~~~
/home/ec2-user/arduino-testlib/cli-datadir/user/libraries/PxMatrix_LED_MATRIX_library/examples/double_buffer/double_buffer.ino:35:31: error: &#39;P_OE&#39; was not declared in this scope
 PxMATRIX display(64,32,P_LAT, P_OE,P_A,P_B,P_C,P_D);
                               ^~~~
/home/ec2-user/arduino-testlib/cli-datadir/user/libraries/PxMatrix_LED_MATRIX_library/examples/double_buffer/double_buffer.ino:35:31: note: suggested alternative: &#39;M_E&#39;
 PxMATRIX display(64,32,P_LAT, P_OE,P_A,P_B,P_C,P_D);
                               ^~~~
                               M_E
/home/ec2-user/arduino-testlib/cli-datadir/user/libraries/PxMatrix_LED_MATRIX_library/examples/double_buffer/double_buffer.ino:35:36: error: &#39;P_A&#39; was not declared in this scope
 PxMATRIX display(64,32,P_LAT, P_OE,P_A,P_B,P_C,P_D);
                                    ^~~
/home/ec2-user/arduino-testlib/cli-datadir/user/libraries/PxMatrix_LED_MATRIX_library/examples/double_buffer/double_buffer.ino:35:40: error: &#39;P_B&#39; was not declared in this scope
 PxMATRIX display(64,32,P_LAT, P_OE,P_A,P_B,P_C,P_D);
                                        ^~~
/home/ec2-user/arduino-testlib/cli-datadir/user/libraries/PxMatrix_LED_MATRIX_library/examples/double_buffer/double_buffer.ino:35:44: error: &#39;P_C&#39; was not declared in this scope
 PxMATRIX display(64,32,P_LAT, P_OE,P_A,P_B,P_C,P_D);
                                            ^~~
/home/ec2-user/arduino-testlib/cli-datadir/user/libraries/PxMatrix_LED_MATRIX_library/examples/double_buffer/double_buffer.ino:35:48: error: &#39;P_D&#39; was not declared in this scope
 PxMATRIX display(64,32,P_LAT, P_OE,P_A,P_B,P_C,P_D);
                                                ^~~
/home/ec2-user/arduino-testlib/cli-datadir/user/libraries/PxMatrix_LED_MATRIX_library/examples/double_buffer/double_buffer.ino:35:48: note: suggested alternative: &#39;PUD&#39;
 PxMATRIX display(64,32,P_LAT, P_OE,P_A,P_B,P_C,P_D);
                                                ^~~
                                                PUD

</pre>
					
					<h4>examples/mario_image_fm6216a_esp32</h4>
					<p>
						Result: <b>FAIL</b>
					</p>
					<pre class="pre-scrollable"></pre>
					
					<h4>examples/override_spi_pins_esp32</h4>
					<p>
						Result: <b>FAIL</b>
					</p>
					<pre class="pre-scrollable">/home/ec2-user/arduino-testlib/cli-datadir/user/libraries/PxMatrix_LED_MATRIX_library/examples/override_spi_pins_esp32/override_spi_pins_esp32.ino:52:24: error: &#39;P_LAT&#39; was not declared in this scope
 PxMATRIX display(64,32,P_LAT, P_OE,P_A,P_B,P_C,P_D);
                        ^~~~~
/home/ec2-user/arduino-testlib/cli-datadir/user/libraries/PxMatrix_LED_MATRIX_library/examples/override_spi_pins_esp32/override_spi_pins_esp32.ino:52:31: error: &#39;P_OE&#39; was not declared in this scope
 PxMATRIX display(64,32,P_LAT, P_OE,P_A,P_B,P_C,P_D);
                               ^~~~
/home/ec2-user/arduino-testlib/cli-datadir/user/libraries/PxMatrix_LED_MATRIX_library/examples/override_spi_pins_esp32/override_spi_pins_esp32.ino:52:31: note: suggested alternative: &#39;M_E&#39;
 PxMATRIX display(64,32,P_LAT, P_OE,P_A,P_B,P_C,P_D);
                               ^~~~
                               M_E
/home/ec2-user/arduino-testlib/cli-datadir/user/libraries/PxMatrix_LED_MATRIX_library/examples/override_spi_pins_esp32/override_spi_pins_esp32.ino:52:36: error: &#39;P_A&#39; was not declared in this scope
 PxMATRIX display(64,32,P_LAT, P_OE,P_A,P_B,P_C,P_D);
                                    ^~~
/home/ec2-user/arduino-testlib/cli-datadir/user/libraries/PxMatrix_LED_MATRIX_library/examples/override_spi_pins_esp32/override_spi_pins_esp32.ino:52:40: error: &#39;P_B&#39; was not declared in this scope
 PxMATRIX display(64,32,P_LAT, P_OE,P_A,P_B,P_C,P_D);
                                        ^~~
/home/ec2-user/arduino-testlib/cli-datadir/user/libraries/PxMatrix_LED_MATRIX_library/examples/override_spi_pins_esp32/override_spi_pins_esp32.ino:52:44: error: &#39;P_C&#39; was not declared in this scope
 PxMATRIX display(64,32,P_LAT, P_OE,P_A,P_B,P_C,P_D);
                                            ^~~
/home/ec2-user/arduino-testlib/cli-datadir/user/libraries/PxMatrix_LED_MATRIX_library/examples/override_spi_pins_esp32/override_spi_pins_esp32.ino:52:48: error: &#39;P_D&#39; was not declared in this scope
 PxMATRIX display(64,32,P_LAT, P_OE,P_A,P_B,P_C,P_D);
                                                ^~~
/home/ec2-user/arduino-testlib/cli-datadir/user/libraries/PxMatrix_LED_MATRIX_library/examples/override_spi_pins_esp32/override_spi_pins_esp32.ino:52:48: note: suggested alternative: &#39;PUD&#39;
 PxMATRIX display(64,32,P_LAT, P_OE,P_A,P_B,P_C,P_D);
                                                ^~~
                                                PUD

</pre>
					
					<h4>examples/pattern_test</h4>
					<p>
						Result: <b>FAIL</b>
					</p>
					<pre class="pre-scrollable">/home/ec2-user/arduino-testlib/cli-datadir/user/libraries/PxMatrix_LED_MATRIX_library/examples/pattern_test/pattern_test.ino:33:24: error: &#39;P_LAT&#39; was not declared in this scope
 PxMATRIX display(32,16,P_LAT, P_OE,P_A,P_B,P_C);
                        ^~~~~
/home/ec2-user/arduino-testlib/cli-datadir/user/libraries/PxMatrix_LED_MATRIX_library/examples/pattern_test/pattern_test.ino:33:31: error: &#39;P_OE&#39; was not declared in this scope
 PxMATRIX display(32,16,P_LAT, P_OE,P_A,P_B,P_C);
                               ^~~~
/home/ec2-user/arduino-testlib/cli-datadir/user/libraries/PxMatrix_LED_MATRIX_library/examples/pattern_test/pattern_test.ino:33:31: note: suggested alternative: &#39;M_E&#39;
 PxMATRIX display(32,16,P_LAT, P_OE,P_A,P_B,P_C);
                               ^~~~
                               M_E
/home/ec2-user/arduino-testlib/cli-datadir/user/libraries/PxMatrix_LED_MATRIX_library/examples/pattern_test/pattern_test.ino:33:36: error: &#39;P_A&#39; was not declared in this scope
 PxMATRIX display(32,16,P_LAT, P_OE,P_A,P_B,P_C);
                                    ^~~
/home/ec2-user/arduino-testlib/cli-datadir/user/libraries/PxMatrix_LED_MATRIX_library/examples/pattern_test/pattern_test.ino:33:40: error: &#39;P_B&#39; was not declared in this scope
 PxMATRIX display(32,16,P_LAT, P_OE,P_A,P_B,P_C);
                                        ^~~
/home/ec2-user/arduino-testlib/cli-datadir/user/libraries/PxMatrix_LED_MATRIX_library/examples/pattern_test/pattern_test.ino:33:44: error: &#39;P_C&#39; was not declared in this scope
 PxMATRIX display(32,16,P_LAT, P_OE,P_A,P_B,P_C);
                                            ^~~

</pre>
					
					<h4>examples/pixeltime</h4>
					<p>
						Result: <b>FAIL</b>
					</p>
					<pre class="pre-scrollable">/home/ec2-user/arduino-testlib/cli-datadir/user/libraries/PxMatrix_LED_MATRIX_library/examples/pixeltime/pixeltime.ino:57:24: error: &#39;P_LAT&#39; was not declared in this scope
 PxMATRIX display(32,16,P_LAT, P_OE,P_A,P_B,P_C);
                        ^~~~~
/home/ec2-user/arduino-testlib/cli-datadir/user/libraries/PxMatrix_LED_MATRIX_library/examples/pixeltime/pixeltime.ino:57:31: error: &#39;P_OE&#39; was not declared in this scope
 PxMATRIX display(32,16,P_LAT, P_OE,P_A,P_B,P_C);
                               ^~~~
/home/ec2-user/arduino-testlib/cli-datadir/user/libraries/PxMatrix_LED_MATRIX_library/examples/pixeltime/pixeltime.ino:57:31: note: suggested alternative: &#39;M_E&#39;
 PxMATRIX display(32,16,P_LAT, P_OE,P_A,P_B,P_C);
                               ^~~~
                               M_E
/home/ec2-user/arduino-testlib/cli-datadir/user/libraries/PxMatrix_LED_MATRIX_library/examples/pixeltime/pixeltime.ino:57:36: error: &#39;P_A&#39; was not declared in this scope
 PxMATRIX display(32,16,P_LAT, P_OE,P_A,P_B,P_C);
                                    ^~~
/home/ec2-user/arduino-testlib/cli-datadir/user/libraries/PxMatrix_LED_MATRIX_library/examples/pixeltime/pixeltime.ino:57:40: error: &#39;P_B&#39; was not declared in this scope
 PxMATRIX display(32,16,P_LAT, P_OE,P_A,P_B,P_C);
                                        ^~~
/home/ec2-user/arduino-testlib/cli-datadir/user/libraries/PxMatrix_LED_MATRIX_library/examples/pixeltime/pixeltime.ino:57:44: error: &#39;P_C&#39; was not declared in this scope
 PxMATRIX display(32,16,P_LAT, P_OE,P_A,P_B,P_C);
                                            ^~~

</pre>
					
					<h4>examples/pixeltime_AVR</h4>
					<p>
						Result: <b>PASS</b>
					</p>
					<pre class="pre-scrollable">Sketch uses 13626 bytes (42%) of program storage space. Maximum is 32256 bytes.
Global variables use 1365 bytes (66%) of dynamic memory, leaving 683 bytes for local variables. Maximum is 2048 bytes.
</pre>
					
				
				<h3 id="arduino:mbed_nano:nanorp2040connect">arduino:mbed_nano:nanorp2040connect @ 2.7.2</h3>
				<h4>Inclusion</h4>
				<p>
					Result: <b>FAIL</b>
					
					<br />This library has no main header file so an empty one was created.
					
				</p>
				<pre class="pre-scrollable">/tmp/arduino-testlib1349879570/test/test.ino:1:10: fatal error: PxMatrix_LED_MATRIX_library.h: No such file or directory
 #include &lt;PxMatrix_LED_MATRIX_library.h&gt;
          ^~~~~~~~~~~~~~~~~~~~~~~~~~~~~~~
compilation terminated.

</pre>

					
					<h4>examples/Aurora_Demo</h4>
					<p>
						Result: <b>FAIL</b>
					</p>
					<pre class="pre-scrollable">In file included from /home/ec2-user/arduino-testlib/cli-datadir/user/libraries/FastLED/src/FastLED.h:43:0,
                 from /home/ec2-user/arduino-testlib/cli-datadir/user/libraries/PxMatrix_LED_MATRIX_library/examples/Aurora_Demo/Aurora_Demo.ino:69:
/home/ec2-user/arduino-testlib/cli-datadir/user/libraries/FastLED/src/led_sysdefs.h:55:2: error: #error &#34;This platform isn&#39;t recognized by FastLED... yet.  See comments in FastLED/led_sysdefs.h for options.&#34;
 #error &#34;This platform isn&#39;t recognized by FastLED... yet.  See comments in FastLED/led_sysdefs.h for options.&#34;
  ^~~~~

</pre>
					
					<h4>examples/double_buffer</h4>
					<p>
						Result: <b>FAIL</b>
					</p>
					<pre class="pre-scrollable">In file included from /home/ec2-user/arduino-testlib/cli-datadir/user/libraries/PxMatrix_LED_MATRIX_library/examples/double_buffer/double_buffer.ino:3:0:
/home/ec2-user/arduino-testlib/cli-datadir/user/libraries/PxMatrix_LED_MATRIX_library/PxMatrix.h: In member function &#39;void PxMATRIX::spi_init()&#39;:
/home/ec2-user/arduino-testlib/cli-datadir/user/libraries/PxMatrix_LED_MATRIX_library/PxMatrix.h:862:9: error: &#39;class arduino::MbedSPI&#39; has no member named &#39;setDataMode&#39;
     SPI.setDataMode(SPI_MODE0);
         ^~~~~~~~~~~
/home/ec2-user/arduino-testlib/cli-datadir/user/libraries/PxMatrix_LED_MATRIX_library/PxMatrix.h:863:9: error: &#39;class arduino::MbedSPI&#39; has no member named &#39;setBitOrder&#39;
     SPI.setBitOrder(MSBFIRST);
         ^~~~~~~~~~~
/home/ec2-user/arduino-testlib/cli-datadir/user/libraries/PxMatrix_LED_MATRIX_library/PxMatrix.h: In member function &#39;void PxMATRIX::display(uint16_t)&#39;:
/home/ec2-user/arduino-testlib/cli-datadir/user/libraries/PxMatrix_LED_MATRIX_library/PxMatrix.h:1073:9: error: &#39;SPI_TRANSFER&#39; was not declared in this scope
         SPI_TRANSFER(&amp;(*bufferp)[_display_color][i*_send_buffer_size],_send_buffer_size);
         ^~~~~~~~~~~~
/home/ec2-user/arduino-testlib/cli-datadir/user/libraries/PxMatrix_LED_MATRIX_library/PxMatrix.h:1073:9: note: suggested alternative: &#39;SPI0_BASE&#39;
         SPI_TRANSFER(&amp;(*bufferp)[_display_color][i*_send_buffer_size],_send_buffer_size);
         ^~~~~~~~~~~~
         SPI0_BASE
/home/ec2-user/arduino-testlib/cli-datadir/user/libraries/PxMatrix_LED_MATRIX_library/PxMatrix.h:1090:3: error: &#39;SPI_TRANSFER&#39; was not declared in this scope
   SPI_TRANSFER(&amp;(*bufferp)[_display_color][i*_send_buffer_size],_send_buffer_size);
   ^~~~~~~~~~~~
/home/ec2-user/arduino-testlib/cli-datadir/user/libraries/PxMatrix_LED_MATRIX_library/PxMatrix.h:1090:3: note: suggested alternative: &#39;SPI0_BASE&#39;
   SPI_TRANSFER(&amp;(*bufferp)[_display_color][i*_send_buffer_size],_send_buffer_size);
   ^~~~~~~~~~~~
   SPI0_BASE
/home/ec2-user/arduino-testlib/cli-datadir/user/libraries/PxMatrix_LED_MATRIX_library/PxMatrix.h:1132:7: error: &#39;SPI_TRANSFER&#39; was not declared in this scope
       SPI_TRANSFER(&amp;(*bufferp)[_display_color][i*_send_buffer_size],_send_buffer_size-1);
       ^~~~~~~~~~~~
/home/ec2-user/arduino-testlib/cli-datadir/user/libraries/PxMatrix_LED_MATRIX_library/PxMatrix.h:1132:7: note: suggested alternative: &#39;SPI0_BASE&#39;
       SPI_TRANSFER(&amp;(*bufferp)[_display_color][i*_send_buffer_size],_send_buffer_size-1);
       ^~~~~~~~~~~~
       SPI0_BASE
/home/ec2-user/arduino-testlib/cli-datadir/user/libraries/PxMatrix_LED_MATRIX_library/PxMatrix.h:1142:11: error: &#39;GPIO_REG_SET&#39; was not declared in this scope
           GPIO_REG_SET( 1 &lt;&lt; _SPI_MOSI);
           ^~~~~~~~~~~~
/home/ec2-user/arduino-testlib/cli-datadir/user/libraries/PxMatrix_LED_MATRIX_library/PxMatrix.h:1142:11: note: suggested alternative: &#39;GPIO_FUNC_SIO&#39;
           GPIO_REG_SET( 1 &lt;&lt; _SPI_MOSI);
           ^~~~~~~~~~~~
           GPIO_FUNC_SIO
/home/ec2-user/arduino-testlib/cli-datadir/user/libraries/PxMatrix_LED_MATRIX_library/PxMatrix.h:1144:11: error: &#39;GPIO_REG_CLEAR&#39; was not declared in this scope
           GPIO_REG_CLEAR( 1 &lt;&lt; _SPI_MOSI);
           ^~~~~~~~~~~~~~
/home/ec2-user/arduino-testlib/cli-datadir/user/libraries/PxMatrix_LED_MATRIX_library/PxMatrix.h:1144:11: note: suggested alternative: &#39;GPIO_FUNC_UART&#39;
           GPIO_REG_CLEAR( 1 &lt;&lt; _SPI_MOSI);
           ^~~~~~~~~~~~~~
           GPIO_FUNC_UART
/home/ec2-user/arduino-testlib/cli-datadir/user/libraries/PxMatrix_LED_MATRIX_library/PxMatrix.h:1145:9: error: &#39;GPIO_REG_SET&#39; was not declared in this scope
         GPIO_REG_SET( 1 &lt;&lt; _SPI_CLK);
         ^~~~~~~~~~~~
/home/ec2-user/arduino-testlib/cli-datadir/user/libraries/PxMatrix_LED_MATRIX_library/PxMatrix.h:1145:9: note: suggested alternative: &#39;GPIO_FUNC_SIO&#39;
         GPIO_REG_SET( 1 &lt;&lt; _SPI_CLK);
         ^~~~~~~~~~~~
         GPIO_FUNC_SIO
/home/ec2-user/arduino-testlib/cli-datadir/user/libraries/PxMatrix_LED_MATRIX_library/PxMatrix.h:1146:9: error: &#39;GPIO_REG_CLEAR&#39; was not declared in this scope
         GPIO_REG_CLEAR( 1 &lt;&lt; _SPI_CLK);
         ^~~~~~~~~~~~~~
/home/ec2-user/arduino-testlib/cli-datadir/user/libraries/PxMatrix_LED_MATRIX_library/PxMatrix.h:1146:9: note: suggested alternative: &#39;GPIO_FUNC_UART&#39;
         GPIO_REG_CLEAR( 1 &lt;&lt; _SPI_CLK);
         ^~~~~~~~~~~~~~
         GPIO_FUNC_UART
/home/ec2-user/arduino-testlib/cli-datadir/user/libraries/PxMatrix_LED_MATRIX_library/PxMatrix.h: In member function &#39;void PxMATRIX::flushDisplay()&#39;:
/home/ec2-user/arduino-testlib/cli-datadir/user/libraries/PxMatrix_LED_MATRIX_library/PxMatrix.h:1176:5: error: &#39;SPI_BYTE&#39; was not declared in this scope
     SPI_BYTE(0x00);
     ^~~~~~~~
/home/ec2-user/arduino-testlib/cli-datadir/user/libraries/PxMatrix_LED_MATRIX_library/PxMatrix.h:1176:5: note: suggested alternative: &#39;SPI0_BASE&#39;
     SPI_BYTE(0x00);
     ^~~~~~~~
     SPI0_BASE
/home/ec2-user/arduino-testlib/cli-datadir/user/libraries/PxMatrix_LED_MATRIX_library/PxMatrix.h: In member function &#39;void PxMATRIX::displayTestPattern(uint16_t)&#39;:
/home/ec2-user/arduino-testlib/cli-datadir/user/libraries/PxMatrix_LED_MATRIX_library/PxMatrix.h:1185:7: error: &#39;SPI_BYTE&#39; was not declared in this scope
       SPI_BYTE(0xFF);
       ^~~~~~~~
/home/ec2-user/arduino-testlib/cli-datadir/user/libraries/PxMatrix_LED_MATRIX_library/PxMatrix.h:1185:7: note: suggested alternative: &#39;SPI0_BASE&#39;
       SPI_BYTE(0xFF);
       ^~~~~~~~
       SPI0_BASE
/home/ec2-user/arduino-testlib/cli-datadir/user/libraries/PxMatrix_LED_MATRIX_library/PxMatrix.h: In member function &#39;void PxMATRIX::displayTestPixel(uint16_t)&#39;:
/home/ec2-user/arduino-testlib/cli-datadir/user/libraries/PxMatrix_LED_MATRIX_library/PxMatrix.h:1232:5: error: &#39;SPI_BYTE&#39; was not declared in this scope
     SPI_BYTE(1&lt;&lt;_test_pixel_counter%8);
     ^~~~~~~~
/home/ec2-user/arduino-testlib/cli-datadir/user/libraries/PxMatrix_LED_MATRIX_library/PxMatrix.h:1232:5: note: suggested alternative: &#39;SPI0_BASE&#39;
     SPI_BYTE(1&lt;&lt;_test_pixel_counter%8);
     ^~~~~~~~
     SPI0_BASE
/home/ec2-user/arduino-testlib/cli-datadir/user/libraries/PxMatrix_LED_MATRIX_library/examples/double_buffer/double_buffer.ino: At global scope:
/home/ec2-user/arduino-testlib/cli-datadir/user/libraries/PxMatrix_LED_MATRIX_library/examples/double_buffer/double_buffer.ino:35:24: error: &#39;P_LAT&#39; was not declared in this scope
 PxMATRIX display(64,32,P_LAT, P_OE,P_A,P_B,P_C,P_D);
                        ^~~~~
/home/ec2-user/arduino-testlib/cli-datadir/user/libraries/PxMatrix_LED_MATRIX_library/examples/double_buffer/double_buffer.ino:35:24: note: suggested alternative: &#39;__USAT&#39;
 PxMATRIX display(64,32,P_LAT, P_OE,P_A,P_B,P_C,P_D);
                        ^~~~~
                        __USAT
/home/ec2-user/arduino-testlib/cli-datadir/user/libraries/PxMatrix_LED_MATRIX_library/examples/double_buffer/double_buffer.ino:35:31: error: &#39;P_OE&#39; was not declared in this scope
 PxMATRIX display(64,32,P_LAT, P_OE,P_A,P_B,P_C,P_D);
                               ^~~~
/home/ec2-user/arduino-testlib/cli-datadir/user/libraries/PxMatrix_LED_MATRIX_library/examples/double_buffer/double_buffer.ino:35:31: note: suggested alternative: &#39;M_E&#39;
 PxMATRIX display(64,32,P_LAT, P_OE,P_A,P_B,P_C,P_D);
                               ^~~~
                               M_E
/home/ec2-user/arduino-testlib/cli-datadir/user/libraries/PxMatrix_LED_MATRIX_library/examples/double_buffer/double_buffer.ino:35:36: error: &#39;P_A&#39; was not declared in this scope
 PxMATRIX display(64,32,P_LAT, P_OE,P_A,P_B,P_C,P_D);
                                    ^~~
/home/ec2-user/arduino-testlib/cli-datadir/user/libraries/PxMatrix_LED_MATRIX_library/examples/double_buffer/double_buffer.ino:35:40: error: &#39;P_B&#39; was not declared in this scope
 PxMATRIX display(64,32,P_LAT, P_OE,P_A,P_B,P_C,P_D);
                                        ^~~
/home/ec2-user/arduino-testlib/cli-datadir/user/libraries/PxMatrix_LED_MATRIX_library/examples/double_buffer/double_buffer.ino:35:40: note: suggested alternative: &#39;_B&#39;
 PxMATRIX display(64,32,P_LAT, P_OE,P_A,P_B,P_C,P_D);
                                        ^~~
                                        _B
/home/ec2-user/arduino-testlib/cli-datadir/user/libraries/PxMatrix_LED_MATRIX_library/examples/double_buffer/double_buffer.ino:35:44: error: &#39;P_C&#39; was not declared in this scope
 PxMATRIX display(64,32,P_LAT, P_OE,P_A,P_B,P_C,P_D);
                                            ^~~
/home/ec2-user/arduino-testlib/cli-datadir/user/libraries/PxMatrix_LED_MATRIX_library/examples/double_buffer/double_buffer.ino:35:44: note: suggested alternative: &#39;_C&#39;
 PxMATRIX display(64,32,P_LAT, P_OE,P_A,P_B,P_C,P_D);
                                            ^~~
                                            _C
/home/ec2-user/arduino-testlib/cli-datadir/user/libraries/PxMatrix_LED_MATRIX_library/examples/double_buffer/double_buffer.ino:35:48: error: &#39;P_D&#39; was not declared in this scope
 PxMATRIX display(64,32,P_LAT, P_OE,P_A,P_B,P_C,P_D);
                                                ^~~

</pre>
					
					<h4>examples/mario_image_fm6216a_esp32</h4>
					<p>
						Result: <b>FAIL</b>
					</p>
					<pre class="pre-scrollable"></pre>
					
					<h4>examples/override_spi_pins_esp32</h4>
					<p>
						Result: <b>FAIL</b>
					</p>
					<pre class="pre-scrollable">In file included from /home/ec2-user/arduino-testlib/cli-datadir/user/libraries/PxMatrix_LED_MATRIX_library/examples/override_spi_pins_esp32/override_spi_pins_esp32.ino:27:0:
/home/ec2-user/arduino-testlib/cli-datadir/user/libraries/PxMatrix_LED_MATRIX_library/PxMatrix.h: In member function &#39;void PxMATRIX::spi_init()&#39;:
/home/ec2-user/arduino-testlib/cli-datadir/user/libraries/PxMatrix_LED_MATRIX_library/PxMatrix.h:862:9: error: &#39;class arduino::MbedSPI&#39; has no member named &#39;setDataMode&#39;
     SPI.setDataMode(SPI_MODE0);
         ^~~~~~~~~~~
/home/ec2-user/arduino-testlib/cli-datadir/user/libraries/PxMatrix_LED_MATRIX_library/PxMatrix.h:863:9: error: &#39;class arduino::MbedSPI&#39; has no member named &#39;setBitOrder&#39;
     SPI.setBitOrder(MSBFIRST);
         ^~~~~~~~~~~
/home/ec2-user/arduino-testlib/cli-datadir/user/libraries/PxMatrix_LED_MATRIX_library/PxMatrix.h: In member function &#39;void PxMATRIX::display(uint16_t)&#39;:
/home/ec2-user/arduino-testlib/cli-datadir/user/libraries/PxMatrix_LED_MATRIX_library/PxMatrix.h:1073:9: error: &#39;SPI_TRANSFER&#39; was not declared in this scope
         SPI_TRANSFER(&amp;(*bufferp)[_display_color][i*_send_buffer_size],_send_buffer_size);
         ^~~~~~~~~~~~
/home/ec2-user/arduino-testlib/cli-datadir/user/libraries/PxMatrix_LED_MATRIX_library/PxMatrix.h:1073:9: note: suggested alternative: &#39;SPI0_BASE&#39;
         SPI_TRANSFER(&amp;(*bufferp)[_display_color][i*_send_buffer_size],_send_buffer_size);
         ^~~~~~~~~~~~
         SPI0_BASE
/home/ec2-user/arduino-testlib/cli-datadir/user/libraries/PxMatrix_LED_MATRIX_library/PxMatrix.h:1090:3: error: &#39;SPI_TRANSFER&#39; was not declared in this scope
   SPI_TRANSFER(&amp;(*bufferp)[_display_color][i*_send_buffer_size],_send_buffer_size);
   ^~~~~~~~~~~~
/home/ec2-user/arduino-testlib/cli-datadir/user/libraries/PxMatrix_LED_MATRIX_library/PxMatrix.h:1090:3: note: suggested alternative: &#39;SPI0_BASE&#39;
   SPI_TRANSFER(&amp;(*bufferp)[_display_color][i*_send_buffer_size],_send_buffer_size);
   ^~~~~~~~~~~~
   SPI0_BASE
/home/ec2-user/arduino-testlib/cli-datadir/user/libraries/PxMatrix_LED_MATRIX_library/PxMatrix.h:1132:7: error: &#39;SPI_TRANSFER&#39; was not declared in this scope
       SPI_TRANSFER(&amp;(*bufferp)[_display_color][i*_send_buffer_size],_send_buffer_size-1);
       ^~~~~~~~~~~~
/home/ec2-user/arduino-testlib/cli-datadir/user/libraries/PxMatrix_LED_MATRIX_library/PxMatrix.h:1132:7: note: suggested alternative: &#39;SPI0_BASE&#39;
       SPI_TRANSFER(&amp;(*bufferp)[_display_color][i*_send_buffer_size],_send_buffer_size-1);
       ^~~~~~~~~~~~
       SPI0_BASE
/home/ec2-user/arduino-testlib/cli-datadir/user/libraries/PxMatrix_LED_MATRIX_library/PxMatrix.h:1142:11: error: &#39;GPIO_REG_SET&#39; was not declared in this scope
           GPIO_REG_SET( 1 &lt;&lt; _SPI_MOSI);
           ^~~~~~~~~~~~
/home/ec2-user/arduino-testlib/cli-datadir/user/libraries/PxMatrix_LED_MATRIX_library/PxMatrix.h:1142:11: note: suggested alternative: &#39;GPIO_FUNC_SIO&#39;
           GPIO_REG_SET( 1 &lt;&lt; _SPI_MOSI);
           ^~~~~~~~~~~~
           GPIO_FUNC_SIO
/home/ec2-user/arduino-testlib/cli-datadir/user/libraries/PxMatrix_LED_MATRIX_library/PxMatrix.h:1144:11: error: &#39;GPIO_REG_CLEAR&#39; was not declared in this scope
           GPIO_REG_CLEAR( 1 &lt;&lt; _SPI_MOSI);
           ^~~~~~~~~~~~~~
/home/ec2-user/arduino-testlib/cli-datadir/user/libraries/PxMatrix_LED_MATRIX_library/PxMatrix.h:1144:11: note: suggested alternative: &#39;GPIO_FUNC_UART&#39;
           GPIO_REG_CLEAR( 1 &lt;&lt; _SPI_MOSI);
           ^~~~~~~~~~~~~~
           GPIO_FUNC_UART
/home/ec2-user/arduino-testlib/cli-datadir/user/libraries/PxMatrix_LED_MATRIX_library/PxMatrix.h:1145:9: error: &#39;GPIO_REG_SET&#39; was not declared in this scope
         GPIO_REG_SET( 1 &lt;&lt; _SPI_CLK);
         ^~~~~~~~~~~~
/home/ec2-user/arduino-testlib/cli-datadir/user/libraries/PxMatrix_LED_MATRIX_library/PxMatrix.h:1145:9: note: suggested alternative: &#39;GPIO_FUNC_SIO&#39;
         GPIO_REG_SET( 1 &lt;&lt; _SPI_CLK);
         ^~~~~~~~~~~~
         GPIO_FUNC_SIO
/home/ec2-user/arduino-testlib/cli-datadir/user/libraries/PxMatrix_LED_MATRIX_library/PxMatrix.h:1146:9: error: &#39;GPIO_REG_CLEAR&#39; was not declared in this scope
         GPIO_REG_CLEAR( 1 &lt;&lt; _SPI_CLK);
         ^~~~~~~~~~~~~~
/home/ec2-user/arduino-testlib/cli-datadir/user/libraries/PxMatrix_LED_MATRIX_library/PxMatrix.h:1146:9: note: suggested alternative: &#39;GPIO_FUNC_UART&#39;
         GPIO_REG_CLEAR( 1 &lt;&lt; _SPI_CLK);
         ^~~~~~~~~~~~~~
         GPIO_FUNC_UART
/home/ec2-user/arduino-testlib/cli-datadir/user/libraries/PxMatrix_LED_MATRIX_library/PxMatrix.h: In member function &#39;void PxMATRIX::flushDisplay()&#39;:
/home/ec2-user/arduino-testlib/cli-datadir/user/libraries/PxMatrix_LED_MATRIX_library/PxMatrix.h:1176:5: error: &#39;SPI_BYTE&#39; was not declared in this scope
     SPI_BYTE(0x00);
     ^~~~~~~~
/home/ec2-user/arduino-testlib/cli-datadir/user/libraries/PxMatrix_LED_MATRIX_library/PxMatrix.h:1176:5: note: suggested alternative: &#39;SPI0_BASE&#39;
     SPI_BYTE(0x00);
     ^~~~~~~~
     SPI0_BASE
/home/ec2-user/arduino-testlib/cli-datadir/user/libraries/PxMatrix_LED_MATRIX_library/PxMatrix.h: In member function &#39;void PxMATRIX::displayTestPattern(uint16_t)&#39;:
/home/ec2-user/arduino-testlib/cli-datadir/user/libraries/PxMatrix_LED_MATRIX_library/PxMatrix.h:1185:7: error: &#39;SPI_BYTE&#39; was not declared in this scope
       SPI_BYTE(0xFF);
       ^~~~~~~~
/home/ec2-user/arduino-testlib/cli-datadir/user/libraries/PxMatrix_LED_MATRIX_library/PxMatrix.h:1185:7: note: suggested alternative: &#39;SPI0_BASE&#39;
       SPI_BYTE(0xFF);
       ^~~~~~~~
       SPI0_BASE
/home/ec2-user/arduino-testlib/cli-datadir/user/libraries/PxMatrix_LED_MATRIX_library/PxMatrix.h: In member function &#39;void PxMATRIX::displayTestPixel(uint16_t)&#39;:
/home/ec2-user/arduino-testlib/cli-datadir/user/libraries/PxMatrix_LED_MATRIX_library/PxMatrix.h:1232:5: error: &#39;SPI_BYTE&#39; was not declared in this scope
     SPI_BYTE(1&lt;&lt;_test_pixel_counter%8);
     ^~~~~~~~
/home/ec2-user/arduino-testlib/cli-datadir/user/libraries/PxMatrix_LED_MATRIX_library/PxMatrix.h:1232:5: note: suggested alternative: &#39;SPI0_BASE&#39;
     SPI_BYTE(1&lt;&lt;_test_pixel_counter%8);
     ^~~~~~~~
     SPI0_BASE
/home/ec2-user/arduino-testlib/cli-datadir/user/libraries/PxMatrix_LED_MATRIX_library/examples/override_spi_pins_esp32/override_spi_pins_esp32.ino: At global scope:
/home/ec2-user/arduino-testlib/cli-datadir/user/libraries/PxMatrix_LED_MATRIX_library/examples/override_spi_pins_esp32/override_spi_pins_esp32.ino:52:24: error: &#39;P_LAT&#39; was not declared in this scope
 PxMATRIX display(64,32,P_LAT, P_OE,P_A,P_B,P_C,P_D);
                        ^~~~~
/home/ec2-user/arduino-testlib/cli-datadir/user/libraries/PxMatrix_LED_MATRIX_library/examples/override_spi_pins_esp32/override_spi_pins_esp32.ino:52:24: note: suggested alternative: &#39;__USAT&#39;
 PxMATRIX display(64,32,P_LAT, P_OE,P_A,P_B,P_C,P_D);
                        ^~~~~
                        __USAT
/home/ec2-user/arduino-testlib/cli-datadir/user/libraries/PxMatrix_LED_MATRIX_library/examples/override_spi_pins_esp32/override_spi_pins_esp32.ino:52:31: error: &#39;P_OE&#39; was not declared in this scope
 PxMATRIX display(64,32,P_LAT, P_OE,P_A,P_B,P_C,P_D);
                               ^~~~
/home/ec2-user/arduino-testlib/cli-datadir/user/libraries/PxMatrix_LED_MATRIX_library/examples/override_spi_pins_esp32/override_spi_pins_esp32.ino:52:31: note: suggested alternative: &#39;M_E&#39;
 PxMATRIX display(64,32,P_LAT, P_OE,P_A,P_B,P_C,P_D);
                               ^~~~
                               M_E
/home/ec2-user/arduino-testlib/cli-datadir/user/libraries/PxMatrix_LED_MATRIX_library/examples/override_spi_pins_esp32/override_spi_pins_esp32.ino:52:36: error: &#39;P_A&#39; was not declared in this scope
 PxMATRIX display(64,32,P_LAT, P_OE,P_A,P_B,P_C,P_D);
                                    ^~~
/home/ec2-user/arduino-testlib/cli-datadir/user/libraries/PxMatrix_LED_MATRIX_library/examples/override_spi_pins_esp32/override_spi_pins_esp32.ino:52:40: error: &#39;P_B&#39; was not declared in this scope
 PxMATRIX display(64,32,P_LAT, P_OE,P_A,P_B,P_C,P_D);
                                        ^~~
/home/ec2-user/arduino-testlib/cli-datadir/user/libraries/PxMatrix_LED_MATRIX_library/examples/override_spi_pins_esp32/override_spi_pins_esp32.ino:52:40: note: suggested alternative: &#39;_B&#39;
 PxMATRIX display(64,32,P_LAT, P_OE,P_A,P_B,P_C,P_D);
                                        ^~~
                                        _B
/home/ec2-user/arduino-testlib/cli-datadir/user/libraries/PxMatrix_LED_MATRIX_library/examples/override_spi_pins_esp32/override_spi_pins_esp32.ino:52:44: error: &#39;P_C&#39; was not declared in this scope
 PxMATRIX display(64,32,P_LAT, P_OE,P_A,P_B,P_C,P_D);
                                            ^~~
/home/ec2-user/arduino-testlib/cli-datadir/user/libraries/PxMatrix_LED_MATRIX_library/examples/override_spi_pins_esp32/override_spi_pins_esp32.ino:52:44: note: suggested alternative: &#39;_C&#39;
 PxMATRIX display(64,32,P_LAT, P_OE,P_A,P_B,P_C,P_D);
                                            ^~~
                                            _C
/home/ec2-user/arduino-testlib/cli-datadir/user/libraries/PxMatrix_LED_MATRIX_library/examples/override_spi_pins_esp32/override_spi_pins_esp32.ino:52:48: error: &#39;P_D&#39; was not declared in this scope
 PxMATRIX display(64,32,P_LAT, P_OE,P_A,P_B,P_C,P_D);
                                                ^~~

</pre>
					
					<h4>examples/pattern_test</h4>
					<p>
						Result: <b>FAIL</b>
					</p>
					<pre class="pre-scrollable">In file included from /home/ec2-user/arduino-testlib/cli-datadir/user/libraries/PxMatrix_LED_MATRIX_library/examples/pattern_test/pattern_test.ino:1:0:
/home/ec2-user/arduino-testlib/cli-datadir/user/libraries/PxMatrix_LED_MATRIX_library/PxMatrix.h: In member function &#39;void PxMATRIX::spi_init()&#39;:
/home/ec2-user/arduino-testlib/cli-datadir/user/libraries/PxMatrix_LED_MATRIX_library/PxMatrix.h:862:9: error: &#39;class arduino::MbedSPI&#39; has no member named &#39;setDataMode&#39;
     SPI.setDataMode(SPI_MODE0);
         ^~~~~~~~~~~
/home/ec2-user/arduino-testlib/cli-datadir/user/libraries/PxMatrix_LED_MATRIX_library/PxMatrix.h:863:9: error: &#39;class arduino::MbedSPI&#39; has no member named &#39;setBitOrder&#39;
     SPI.setBitOrder(MSBFIRST);
         ^~~~~~~~~~~
/home/ec2-user/arduino-testlib/cli-datadir/user/libraries/PxMatrix_LED_MATRIX_library/PxMatrix.h: In member function &#39;void PxMATRIX::display(uint16_t)&#39;:
/home/ec2-user/arduino-testlib/cli-datadir/user/libraries/PxMatrix_LED_MATRIX_library/PxMatrix.h:1073:9: error: &#39;SPI_TRANSFER&#39; was not declared in this scope
         SPI_TRANSFER(&amp;(*bufferp)[_display_color][i*_send_buffer_size],_send_buffer_size);
         ^~~~~~~~~~~~
/home/ec2-user/arduino-testlib/cli-datadir/user/libraries/PxMatrix_LED_MATRIX_library/PxMatrix.h:1073:9: note: suggested alternative: &#39;SPI0_BASE&#39;
         SPI_TRANSFER(&amp;(*bufferp)[_display_color][i*_send_buffer_size],_send_buffer_size);
         ^~~~~~~~~~~~
         SPI0_BASE
/home/ec2-user/arduino-testlib/cli-datadir/user/libraries/PxMatrix_LED_MATRIX_library/PxMatrix.h:1090:3: error: &#39;SPI_TRANSFER&#39; was not declared in this scope
   SPI_TRANSFER(&amp;(*bufferp)[_display_color][i*_send_buffer_size],_send_buffer_size);
   ^~~~~~~~~~~~
/home/ec2-user/arduino-testlib/cli-datadir/user/libraries/PxMatrix_LED_MATRIX_library/PxMatrix.h:1090:3: note: suggested alternative: &#39;SPI0_BASE&#39;
   SPI_TRANSFER(&amp;(*bufferp)[_display_color][i*_send_buffer_size],_send_buffer_size);
   ^~~~~~~~~~~~
   SPI0_BASE
/home/ec2-user/arduino-testlib/cli-datadir/user/libraries/PxMatrix_LED_MATRIX_library/PxMatrix.h:1132:7: error: &#39;SPI_TRANSFER&#39; was not declared in this scope
       SPI_TRANSFER(&amp;(*bufferp)[_display_color][i*_send_buffer_size],_send_buffer_size-1);
       ^~~~~~~~~~~~
/home/ec2-user/arduino-testlib/cli-datadir/user/libraries/PxMatrix_LED_MATRIX_library/PxMatrix.h:1132:7: note: suggested alternative: &#39;SPI0_BASE&#39;
       SPI_TRANSFER(&amp;(*bufferp)[_display_color][i*_send_buffer_size],_send_buffer_size-1);
       ^~~~~~~~~~~~
       SPI0_BASE
/home/ec2-user/arduino-testlib/cli-datadir/user/libraries/PxMatrix_LED_MATRIX_library/PxMatrix.h:1142:11: error: &#39;GPIO_REG_SET&#39; was not declared in this scope
           GPIO_REG_SET( 1 &lt;&lt; _SPI_MOSI);
           ^~~~~~~~~~~~
/home/ec2-user/arduino-testlib/cli-datadir/user/libraries/PxMatrix_LED_MATRIX_library/PxMatrix.h:1142:11: note: suggested alternative: &#39;GPIO_FUNC_SIO&#39;
           GPIO_REG_SET( 1 &lt;&lt; _SPI_MOSI);
           ^~~~~~~~~~~~
           GPIO_FUNC_SIO
/home/ec2-user/arduino-testlib/cli-datadir/user/libraries/PxMatrix_LED_MATRIX_library/PxMatrix.h:1144:11: error: &#39;GPIO_REG_CLEAR&#39; was not declared in this scope
           GPIO_REG_CLEAR( 1 &lt;&lt; _SPI_MOSI);
           ^~~~~~~~~~~~~~
/home/ec2-user/arduino-testlib/cli-datadir/user/libraries/PxMatrix_LED_MATRIX_library/PxMatrix.h:1144:11: note: suggested alternative: &#39;GPIO_FUNC_UART&#39;
           GPIO_REG_CLEAR( 1 &lt;&lt; _SPI_MOSI);
           ^~~~~~~~~~~~~~
           GPIO_FUNC_UART
/home/ec2-user/arduino-testlib/cli-datadir/user/libraries/PxMatrix_LED_MATRIX_library/PxMatrix.h:1145:9: error: &#39;GPIO_REG_SET&#39; was not declared in this scope
         GPIO_REG_SET( 1 &lt;&lt; _SPI_CLK);
         ^~~~~~~~~~~~
/home/ec2-user/arduino-testlib/cli-datadir/user/libraries/PxMatrix_LED_MATRIX_library/PxMatrix.h:1145:9: note: suggested alternative: &#39;GPIO_FUNC_SIO&#39;
         GPIO_REG_SET( 1 &lt;&lt; _SPI_CLK);
         ^~~~~~~~~~~~
         GPIO_FUNC_SIO
/home/ec2-user/arduino-testlib/cli-datadir/user/libraries/PxMatrix_LED_MATRIX_library/PxMatrix.h:1146:9: error: &#39;GPIO_REG_CLEAR&#39; was not declared in this scope
         GPIO_REG_CLEAR( 1 &lt;&lt; _SPI_CLK);
         ^~~~~~~~~~~~~~
/home/ec2-user/arduino-testlib/cli-datadir/user/libraries/PxMatrix_LED_MATRIX_library/PxMatrix.h:1146:9: note: suggested alternative: &#39;GPIO_FUNC_UART&#39;
         GPIO_REG_CLEAR( 1 &lt;&lt; _SPI_CLK);
         ^~~~~~~~~~~~~~
         GPIO_FUNC_UART
/home/ec2-user/arduino-testlib/cli-datadir/user/libraries/PxMatrix_LED_MATRIX_library/PxMatrix.h: In member function &#39;void PxMATRIX::flushDisplay()&#39;:
/home/ec2-user/arduino-testlib/cli-datadir/user/libraries/PxMatrix_LED_MATRIX_library/PxMatrix.h:1176:5: error: &#39;SPI_BYTE&#39; was not declared in this scope
     SPI_BYTE(0x00);
     ^~~~~~~~
/home/ec2-user/arduino-testlib/cli-datadir/user/libraries/PxMatrix_LED_MATRIX_library/PxMatrix.h:1176:5: note: suggested alternative: &#39;SPI0_BASE&#39;
     SPI_BYTE(0x00);
     ^~~~~~~~
     SPI0_BASE
/home/ec2-user/arduino-testlib/cli-datadir/user/libraries/PxMatrix_LED_MATRIX_library/PxMatrix.h: In member function &#39;void PxMATRIX::displayTestPattern(uint16_t)&#39;:
/home/ec2-user/arduino-testlib/cli-datadir/user/libraries/PxMatrix_LED_MATRIX_library/PxMatrix.h:1185:7: error: &#39;SPI_BYTE&#39; was not declared in this scope
       SPI_BYTE(0xFF);
       ^~~~~~~~
/home/ec2-user/arduino-testlib/cli-datadir/user/libraries/PxMatrix_LED_MATRIX_library/PxMatrix.h:1185:7: note: suggested alternative: &#39;SPI0_BASE&#39;
       SPI_BYTE(0xFF);
       ^~~~~~~~
       SPI0_BASE
/home/ec2-user/arduino-testlib/cli-datadir/user/libraries/PxMatrix_LED_MATRIX_library/PxMatrix.h: In member function &#39;void PxMATRIX::displayTestPixel(uint16_t)&#39;:
/home/ec2-user/arduino-testlib/cli-datadir/user/libraries/PxMatrix_LED_MATRIX_library/PxMatrix.h:1232:5: error: &#39;SPI_BYTE&#39; was not declared in this scope
     SPI_BYTE(1&lt;&lt;_test_pixel_counter%8);
     ^~~~~~~~
/home/ec2-user/arduino-testlib/cli-datadir/user/libraries/PxMatrix_LED_MATRIX_library/PxMatrix.h:1232:5: note: suggested alternative: &#39;SPI0_BASE&#39;
     SPI_BYTE(1&lt;&lt;_test_pixel_counter%8);
     ^~~~~~~~
     SPI0_BASE
/home/ec2-user/arduino-testlib/cli-datadir/user/libraries/PxMatrix_LED_MATRIX_library/examples/pattern_test/pattern_test.ino: At global scope:
/home/ec2-user/arduino-testlib/cli-datadir/user/libraries/PxMatrix_LED_MATRIX_library/examples/pattern_test/pattern_test.ino:33:24: error: &#39;P_LAT&#39; was not declared in this scope
 PxMATRIX display(32,16,P_LAT, P_OE,P_A,P_B,P_C);
                        ^~~~~
/home/ec2-user/arduino-testlib/cli-datadir/user/libraries/PxMatrix_LED_MATRIX_library/examples/pattern_test/pattern_test.ino:33:24: note: suggested alternative: &#39;__USAT&#39;
 PxMATRIX display(32,16,P_LAT, P_OE,P_A,P_B,P_C);
                        ^~~~~
                        __USAT
/home/ec2-user/arduino-testlib/cli-datadir/user/libraries/PxMatrix_LED_MATRIX_library/examples/pattern_test/pattern_test.ino:33:31: error: &#39;P_OE&#39; was not declared in this scope
 PxMATRIX display(32,16,P_LAT, P_OE,P_A,P_B,P_C);
                               ^~~~
/home/ec2-user/arduino-testlib/cli-datadir/user/libraries/PxMatrix_LED_MATRIX_library/examples/pattern_test/pattern_test.ino:33:31: note: suggested alternative: &#39;M_E&#39;
 PxMATRIX display(32,16,P_LAT, P_OE,P_A,P_B,P_C);
                               ^~~~
                               M_E
/home/ec2-user/arduino-testlib/cli-datadir/user/libraries/PxMatrix_LED_MATRIX_library/examples/pattern_test/pattern_test.ino:33:36: error: &#39;P_A&#39; was not declared in this scope
 PxMATRIX display(32,16,P_LAT, P_OE,P_A,P_B,P_C);
                                    ^~~
/home/ec2-user/arduino-testlib/cli-datadir/user/libraries/PxMatrix_LED_MATRIX_library/examples/pattern_test/pattern_test.ino:33:40: error: &#39;P_B&#39; was not declared in this scope
 PxMATRIX display(32,16,P_LAT, P_OE,P_A,P_B,P_C);
                                        ^~~
/home/ec2-user/arduino-testlib/cli-datadir/user/libraries/PxMatrix_LED_MATRIX_library/examples/pattern_test/pattern_test.ino:33:40: note: suggested alternative: &#39;_B&#39;
 PxMATRIX display(32,16,P_LAT, P_OE,P_A,P_B,P_C);
                                        ^~~
                                        _B
/home/ec2-user/arduino-testlib/cli-datadir/user/libraries/PxMatrix_LED_MATRIX_library/examples/pattern_test/pattern_test.ino:33:44: error: &#39;P_C&#39; was not declared in this scope
 PxMATRIX display(32,16,P_LAT, P_OE,P_A,P_B,P_C);
                                            ^~~
/home/ec2-user/arduino-testlib/cli-datadir/user/libraries/PxMatrix_LED_MATRIX_library/examples/pattern_test/pattern_test.ino:33:44: note: suggested alternative: &#39;_C&#39;
 PxMATRIX display(32,16,P_LAT, P_OE,P_A,P_B,P_C);
                                            ^~~
                                            _C

</pre>
					
					<h4>examples/pixeltime</h4>
					<p>
						Result: <b>FAIL</b>
					</p>
					<pre class="pre-scrollable">In file included from /home/ec2-user/arduino-testlib/cli-datadir/user/libraries/PxMatrix_LED_MATRIX_library/examples/pixeltime/pixeltime.ino:19:0:
/home/ec2-user/arduino-testlib/cli-datadir/user/libraries/PxMatrix_LED_MATRIX_library/PxMatrix.h: In member function &#39;void PxMATRIX::spi_init()&#39;:
/home/ec2-user/arduino-testlib/cli-datadir/user/libraries/PxMatrix_LED_MATRIX_library/PxMatrix.h:862:9: error: &#39;class arduino::MbedSPI&#39; has no member named &#39;setDataMode&#39;
     SPI.setDataMode(SPI_MODE0);
         ^~~~~~~~~~~
/home/ec2-user/arduino-testlib/cli-datadir/user/libraries/PxMatrix_LED_MATRIX_library/PxMatrix.h:863:9: error: &#39;class arduino::MbedSPI&#39; has no member named &#39;setBitOrder&#39;
     SPI.setBitOrder(MSBFIRST);
         ^~~~~~~~~~~
/home/ec2-user/arduino-testlib/cli-datadir/user/libraries/PxMatrix_LED_MATRIX_library/PxMatrix.h: In member function &#39;void PxMATRIX::display(uint16_t)&#39;:
/home/ec2-user/arduino-testlib/cli-datadir/user/libraries/PxMatrix_LED_MATRIX_library/PxMatrix.h:1073:9: error: &#39;SPI_TRANSFER&#39; was not declared in this scope
         SPI_TRANSFER(&amp;(*bufferp)[_display_color][i*_send_buffer_size],_send_buffer_size);
         ^~~~~~~~~~~~
/home/ec2-user/arduino-testlib/cli-datadir/user/libraries/PxMatrix_LED_MATRIX_library/PxMatrix.h:1073:9: note: suggested alternative: &#39;SPI0_BASE&#39;
         SPI_TRANSFER(&amp;(*bufferp)[_display_color][i*_send_buffer_size],_send_buffer_size);
         ^~~~~~~~~~~~
         SPI0_BASE
/home/ec2-user/arduino-testlib/cli-datadir/user/libraries/PxMatrix_LED_MATRIX_library/PxMatrix.h:1090:3: error: &#39;SPI_TRANSFER&#39; was not declared in this scope
   SPI_TRANSFER(&amp;(*bufferp)[_display_color][i*_send_buffer_size],_send_buffer_size);
   ^~~~~~~~~~~~
/home/ec2-user/arduino-testlib/cli-datadir/user/libraries/PxMatrix_LED_MATRIX_library/PxMatrix.h:1090:3: note: suggested alternative: &#39;SPI0_BASE&#39;
   SPI_TRANSFER(&amp;(*bufferp)[_display_color][i*_send_buffer_size],_send_buffer_size);
   ^~~~~~~~~~~~
   SPI0_BASE
/home/ec2-user/arduino-testlib/cli-datadir/user/libraries/PxMatrix_LED_MATRIX_library/PxMatrix.h:1132:7: error: &#39;SPI_TRANSFER&#39; was not declared in this scope
       SPI_TRANSFER(&amp;(*bufferp)[_display_color][i*_send_buffer_size],_send_buffer_size-1);
       ^~~~~~~~~~~~
/home/ec2-user/arduino-testlib/cli-datadir/user/libraries/PxMatrix_LED_MATRIX_library/PxMatrix.h:1132:7: note: suggested alternative: &#39;SPI0_BASE&#39;
       SPI_TRANSFER(&amp;(*bufferp)[_display_color][i*_send_buffer_size],_send_buffer_size-1);
       ^~~~~~~~~~~~
       SPI0_BASE
/home/ec2-user/arduino-testlib/cli-datadir/user/libraries/PxMatrix_LED_MATRIX_library/PxMatrix.h:1142:11: error: &#39;GPIO_REG_SET&#39; was not declared in this scope
           GPIO_REG_SET( 1 &lt;&lt; _SPI_MOSI);
           ^~~~~~~~~~~~
/home/ec2-user/arduino-testlib/cli-datadir/user/libraries/PxMatrix_LED_MATRIX_library/PxMatrix.h:1142:11: note: suggested alternative: &#39;GPIO_FUNC_SIO&#39;
           GPIO_REG_SET( 1 &lt;&lt; _SPI_MOSI);
           ^~~~~~~~~~~~
           GPIO_FUNC_SIO
/home/ec2-user/arduino-testlib/cli-datadir/user/libraries/PxMatrix_LED_MATRIX_library/PxMatrix.h:1144:11: error: &#39;GPIO_REG_CLEAR&#39; was not declared in this scope
           GPIO_REG_CLEAR( 1 &lt;&lt; _SPI_MOSI);
           ^~~~~~~~~~~~~~
/home/ec2-user/arduino-testlib/cli-datadir/user/libraries/PxMatrix_LED_MATRIX_library/PxMatrix.h:1144:11: note: suggested alternative: &#39;GPIO_FUNC_UART&#39;
           GPIO_REG_CLEAR( 1 &lt;&lt; _SPI_MOSI);
           ^~~~~~~~~~~~~~
           GPIO_FUNC_UART
/home/ec2-user/arduino-testlib/cli-datadir/user/libraries/PxMatrix_LED_MATRIX_library/PxMatrix.h:1145:9: error: &#39;GPIO_REG_SET&#39; was not declared in this scope
         GPIO_REG_SET( 1 &lt;&lt; _SPI_CLK);
         ^~~~~~~~~~~~
/home/ec2-user/arduino-testlib/cli-datadir/user/libraries/PxMatrix_LED_MATRIX_library/PxMatrix.h:1145:9: note: suggested alternative: &#39;GPIO_FUNC_SIO&#39;
         GPIO_REG_SET( 1 &lt;&lt; _SPI_CLK);
         ^~~~~~~~~~~~
         GPIO_FUNC_SIO
/home/ec2-user/arduino-testlib/cli-datadir/user/libraries/PxMatrix_LED_MATRIX_library/PxMatrix.h:1146:9: error: &#39;GPIO_REG_CLEAR&#39; was not declared in this scope
         GPIO_REG_CLEAR( 1 &lt;&lt; _SPI_CLK);
         ^~~~~~~~~~~~~~
/home/ec2-user/arduino-testlib/cli-datadir/user/libraries/PxMatrix_LED_MATRIX_library/PxMatrix.h:1146:9: note: suggested alternative: &#39;GPIO_FUNC_UART&#39;
         GPIO_REG_CLEAR( 1 &lt;&lt; _SPI_CLK);
         ^~~~~~~~~~~~~~
         GPIO_FUNC_UART
/home/ec2-user/arduino-testlib/cli-datadir/user/libraries/PxMatrix_LED_MATRIX_library/PxMatrix.h: In member function &#39;void PxMATRIX::flushDisplay()&#39;:
/home/ec2-user/arduino-testlib/cli-datadir/user/libraries/PxMatrix_LED_MATRIX_library/PxMatrix.h:1176:5: error: &#39;SPI_BYTE&#39; was not declared in this scope
     SPI_BYTE(0x00);
     ^~~~~~~~
/home/ec2-user/arduino-testlib/cli-datadir/user/libraries/PxMatrix_LED_MATRIX_library/PxMatrix.h:1176:5: note: suggested alternative: &#39;SPI0_BASE&#39;
     SPI_BYTE(0x00);
     ^~~~~~~~
     SPI0_BASE
/home/ec2-user/arduino-testlib/cli-datadir/user/libraries/PxMatrix_LED_MATRIX_library/PxMatrix.h: In member function &#39;void PxMATRIX::displayTestPattern(uint16_t)&#39;:
/home/ec2-user/arduino-testlib/cli-datadir/user/libraries/PxMatrix_LED_MATRIX_library/PxMatrix.h:1185:7: error: &#39;SPI_BYTE&#39; was not declared in this scope
       SPI_BYTE(0xFF);
       ^~~~~~~~
/home/ec2-user/arduino-testlib/cli-datadir/user/libraries/PxMatrix_LED_MATRIX_library/PxMatrix.h:1185:7: note: suggested alternative: &#39;SPI0_BASE&#39;
       SPI_BYTE(0xFF);
       ^~~~~~~~
       SPI0_BASE
/home/ec2-user/arduino-testlib/cli-datadir/user/libraries/PxMatrix_LED_MATRIX_library/PxMatrix.h: In member function &#39;void PxMATRIX::displayTestPixel(uint16_t)&#39;:
/home/ec2-user/arduino-testlib/cli-datadir/user/libraries/PxMatrix_LED_MATRIX_library/PxMatrix.h:1232:5: error: &#39;SPI_BYTE&#39; was not declared in this scope
     SPI_BYTE(1&lt;&lt;_test_pixel_counter%8);
     ^~~~~~~~
/home/ec2-user/arduino-testlib/cli-datadir/user/libraries/PxMatrix_LED_MATRIX_library/PxMatrix.h:1232:5: note: suggested alternative: &#39;SPI0_BASE&#39;
     SPI_BYTE(1&lt;&lt;_test_pixel_counter%8);
     ^~~~~~~~
     SPI0_BASE
/home/ec2-user/arduino-testlib/cli-datadir/user/libraries/PxMatrix_LED_MATRIX_library/examples/pixeltime/pixeltime.ino: At global scope:
/home/ec2-user/arduino-testlib/cli-datadir/user/libraries/PxMatrix_LED_MATRIX_library/examples/pixeltime/pixeltime.ino:57:24: error: &#39;P_LAT&#39; was not declared in this scope
 PxMATRIX display(32,16,P_LAT, P_OE,P_A,P_B,P_C);
                        ^~~~~
/home/ec2-user/arduino-testlib/cli-datadir/user/libraries/PxMatrix_LED_MATRIX_library/examples/pixeltime/pixeltime.ino:57:24: note: suggested alternative: &#39;__USAT&#39;
 PxMATRIX display(32,16,P_LAT, P_OE,P_A,P_B,P_C);
                        ^~~~~
                        __USAT
/home/ec2-user/arduino-testlib/cli-datadir/user/libraries/PxMatrix_LED_MATRIX_library/examples/pixeltime/pixeltime.ino:57:31: error: &#39;P_OE&#39; was not declared in this scope
 PxMATRIX display(32,16,P_LAT, P_OE,P_A,P_B,P_C);
                               ^~~~
/home/ec2-user/arduino-testlib/cli-datadir/user/libraries/PxMatrix_LED_MATRIX_library/examples/pixeltime/pixeltime.ino:57:31: note: suggested alternative: &#39;M_E&#39;
 PxMATRIX display(32,16,P_LAT, P_OE,P_A,P_B,P_C);
                               ^~~~
                               M_E
/home/ec2-user/arduino-testlib/cli-datadir/user/libraries/PxMatrix_LED_MATRIX_library/examples/pixeltime/pixeltime.ino:57:36: error: &#39;P_A&#39; was not declared in this scope
 PxMATRIX display(32,16,P_LAT, P_OE,P_A,P_B,P_C);
                                    ^~~
/home/ec2-user/arduino-testlib/cli-datadir/user/libraries/PxMatrix_LED_MATRIX_library/examples/pixeltime/pixeltime.ino:57:40: error: &#39;P_B&#39; was not declared in this scope
 PxMATRIX display(32,16,P_LAT, P_OE,P_A,P_B,P_C);
                                        ^~~
/home/ec2-user/arduino-testlib/cli-datadir/user/libraries/PxMatrix_LED_MATRIX_library/examples/pixeltime/pixeltime.ino:57:40: note: suggested alternative: &#39;_B&#39;
 PxMATRIX display(32,16,P_LAT, P_OE,P_A,P_B,P_C);
                                        ^~~
                                        _B
/home/ec2-user/arduino-testlib/cli-datadir/user/libraries/PxMatrix_LED_MATRIX_library/examples/pixeltime/pixeltime.ino:57:44: error: &#39;P_C&#39; was not declared in this scope
 PxMATRIX display(32,16,P_LAT, P_OE,P_A,P_B,P_C);
                                            ^~~
/home/ec2-user/arduino-testlib/cli-datadir/user/libraries/PxMatrix_LED_MATRIX_library/examples/pixeltime/pixeltime.ino:57:44: note: suggested alternative: &#39;_C&#39;
 PxMATRIX display(32,16,P_LAT, P_OE,P_A,P_B,P_C);
                                            ^~~
                                            _C

</pre>
					
					<h4>examples/pixeltime_AVR</h4>
					<p>
						Result: <b>FAIL</b>
					</p>
					<pre class="pre-scrollable">In file included from /home/ec2-user/arduino-testlib/cli-datadir/user/libraries/PxMatrix_LED_MATRIX_library/examples/pixeltime_AVR/pixeltime_AVR.ino:5:0:
/home/ec2-user/arduino-testlib/cli-datadir/user/libraries/PxMatrix_LED_MATRIX_library/PxMatrix.h: In member function &#39;void PxMATRIX::spi_init()&#39;:
/home/ec2-user/arduino-testlib/cli-datadir/user/libraries/PxMatrix_LED_MATRIX_library/PxMatrix.h:862:9: error: &#39;class arduino::MbedSPI&#39; has no member named &#39;setDataMode&#39;
     SPI.setDataMode(SPI_MODE0);
         ^~~~~~~~~~~
/home/ec2-user/arduino-testlib/cli-datadir/user/libraries/PxMatrix_LED_MATRIX_library/PxMatrix.h:863:9: error: &#39;class arduino::MbedSPI&#39; has no member named &#39;setBitOrder&#39;
     SPI.setBitOrder(MSBFIRST);
         ^~~~~~~~~~~
/home/ec2-user/arduino-testlib/cli-datadir/user/libraries/PxMatrix_LED_MATRIX_library/PxMatrix.h: In member function &#39;void PxMATRIX::display(uint16_t)&#39;:
/home/ec2-user/arduino-testlib/cli-datadir/user/libraries/PxMatrix_LED_MATRIX_library/PxMatrix.h:1073:9: error: &#39;SPI_TRANSFER&#39; was not declared in this scope
         SPI_TRANSFER(&amp;(*bufferp)[_display_color][i*_send_buffer_size],_send_buffer_size);
         ^~~~~~~~~~~~
/home/ec2-user/arduino-testlib/cli-datadir/user/libraries/PxMatrix_LED_MATRIX_library/PxMatrix.h:1073:9: note: suggested alternative: &#39;SPI0_BASE&#39;
         SPI_TRANSFER(&amp;(*bufferp)[_display_color][i*_send_buffer_size],_send_buffer_size);
         ^~~~~~~~~~~~
         SPI0_BASE
/home/ec2-user/arduino-testlib/cli-datadir/user/libraries/PxMatrix_LED_MATRIX_library/PxMatrix.h:1090:3: error: &#39;SPI_TRANSFER&#39; was not declared in this scope
   SPI_TRANSFER(&amp;(*bufferp)[_display_color][i*_send_buffer_size],_send_buffer_size);
   ^~~~~~~~~~~~
/home/ec2-user/arduino-testlib/cli-datadir/user/libraries/PxMatrix_LED_MATRIX_library/PxMatrix.h:1090:3: note: suggested alternative: &#39;SPI0_BASE&#39;
   SPI_TRANSFER(&amp;(*bufferp)[_display_color][i*_send_buffer_size],_send_buffer_size);
   ^~~~~~~~~~~~
   SPI0_BASE
/home/ec2-user/arduino-testlib/cli-datadir/user/libraries/PxMatrix_LED_MATRIX_library/PxMatrix.h:1132:7: error: &#39;SPI_TRANSFER&#39; was not declared in this scope
       SPI_TRANSFER(&amp;(*bufferp)[_display_color][i*_send_buffer_size],_send_buffer_size-1);
       ^~~~~~~~~~~~
/home/ec2-user/arduino-testlib/cli-datadir/user/libraries/PxMatrix_LED_MATRIX_library/PxMatrix.h:1132:7: note: suggested alternative: &#39;SPI0_BASE&#39;
       SPI_TRANSFER(&amp;(*bufferp)[_display_color][i*_send_buffer_size],_send_buffer_size-1);
       ^~~~~~~~~~~~
       SPI0_BASE
/home/ec2-user/arduino-testlib/cli-datadir/user/libraries/PxMatrix_LED_MATRIX_library/PxMatrix.h:1142:11: error: &#39;GPIO_REG_SET&#39; was not declared in this scope
           GPIO_REG_SET( 1 &lt;&lt; _SPI_MOSI);
           ^~~~~~~~~~~~
/home/ec2-user/arduino-testlib/cli-datadir/user/libraries/PxMatrix_LED_MATRIX_library/PxMatrix.h:1142:11: note: suggested alternative: &#39;GPIO_FUNC_SIO&#39;
           GPIO_REG_SET( 1 &lt;&lt; _SPI_MOSI);
           ^~~~~~~~~~~~
           GPIO_FUNC_SIO
/home/ec2-user/arduino-testlib/cli-datadir/user/libraries/PxMatrix_LED_MATRIX_library/PxMatrix.h:1144:11: error: &#39;GPIO_REG_CLEAR&#39; was not declared in this scope
           GPIO_REG_CLEAR( 1 &lt;&lt; _SPI_MOSI);
           ^~~~~~~~~~~~~~
/home/ec2-user/arduino-testlib/cli-datadir/user/libraries/PxMatrix_LED_MATRIX_library/PxMatrix.h:1144:11: note: suggested alternative: &#39;GPIO_FUNC_UART&#39;
           GPIO_REG_CLEAR( 1 &lt;&lt; _SPI_MOSI);
           ^~~~~~~~~~~~~~
           GPIO_FUNC_UART
/home/ec2-user/arduino-testlib/cli-datadir/user/libraries/PxMatrix_LED_MATRIX_library/PxMatrix.h:1145:9: error: &#39;GPIO_REG_SET&#39; was not declared in this scope
         GPIO_REG_SET( 1 &lt;&lt; _SPI_CLK);
         ^~~~~~~~~~~~
/home/ec2-user/arduino-testlib/cli-datadir/user/libraries/PxMatrix_LED_MATRIX_library/PxMatrix.h:1145:9: note: suggested alternative: &#39;GPIO_FUNC_SIO&#39;
         GPIO_REG_SET( 1 &lt;&lt; _SPI_CLK);
         ^~~~~~~~~~~~
         GPIO_FUNC_SIO
/home/ec2-user/arduino-testlib/cli-datadir/user/libraries/PxMatrix_LED_MATRIX_library/PxMatrix.h:1146:9: error: &#39;GPIO_REG_CLEAR&#39; was not declared in this scope
         GPIO_REG_CLEAR( 1 &lt;&lt; _SPI_CLK);
         ^~~~~~~~~~~~~~
/home/ec2-user/arduino-testlib/cli-datadir/user/libraries/PxMatrix_LED_MATRIX_library/PxMatrix.h:1146:9: note: suggested alternative: &#39;GPIO_FUNC_UART&#39;
         GPIO_REG_CLEAR( 1 &lt;&lt; _SPI_CLK);
         ^~~~~~~~~~~~~~
         GPIO_FUNC_UART
/home/ec2-user/arduino-testlib/cli-datadir/user/libraries/PxMatrix_LED_MATRIX_library/PxMatrix.h: In member function &#39;void PxMATRIX::flushDisplay()&#39;:
/home/ec2-user/arduino-testlib/cli-datadir/user/libraries/PxMatrix_LED_MATRIX_library/PxMatrix.h:1176:5: error: &#39;SPI_BYTE&#39; was not declared in this scope
     SPI_BYTE(0x00);
     ^~~~~~~~
/home/ec2-user/arduino-testlib/cli-datadir/user/libraries/PxMatrix_LED_MATRIX_library/PxMatrix.h:1176:5: note: suggested alternative: &#39;SPI0_BASE&#39;
     SPI_BYTE(0x00);
     ^~~~~~~~
     SPI0_BASE
/home/ec2-user/arduino-testlib/cli-datadir/user/libraries/PxMatrix_LED_MATRIX_library/PxMatrix.h: In member function &#39;void PxMATRIX::displayTestPattern(uint16_t)&#39;:
/home/ec2-user/arduino-testlib/cli-datadir/user/libraries/PxMatrix_LED_MATRIX_library/PxMatrix.h:1185:7: error: &#39;SPI_BYTE&#39; was not declared in this scope
       SPI_BYTE(0xFF);
       ^~~~~~~~
/home/ec2-user/arduino-testlib/cli-datadir/user/libraries/PxMatrix_LED_MATRIX_library/PxMatrix.h:1185:7: note: suggested alternative: &#39;SPI0_BASE&#39;
       SPI_BYTE(0xFF);
       ^~~~~~~~
       SPI0_BASE
/home/ec2-user/arduino-testlib/cli-datadir/user/libraries/PxMatrix_LED_MATRIX_library/PxMatrix.h: In member function &#39;void PxMATRIX::displayTestPixel(uint16_t)&#39;:
/home/ec2-user/arduino-testlib/cli-datadir/user/libraries/PxMatrix_LED_MATRIX_library/PxMatrix.h:1232:5: error: &#39;SPI_BYTE&#39; was not declared in this scope
     SPI_BYTE(1&lt;&lt;_test_pixel_counter%8);
     ^~~~~~~~
/home/ec2-user/arduino-testlib/cli-datadir/user/libraries/PxMatrix_LED_MATRIX_library/PxMatrix.h:1232:5: note: suggested alternative: &#39;SPI0_BASE&#39;
     SPI_BYTE(1&lt;&lt;_test_pixel_counter%8);
     ^~~~~~~~
     SPI0_BASE

</pre>
					
				
				<h3 id="arduino:megaavr:nona4809">arduino:megaavr:nona4809 @ 1.8.7</h3>
				<h4>Inclusion</h4>
				<p>
					Result: <b>FAIL</b>
					
					<br />This library has no main header file so an empty one was created.
					
				</p>
				<pre class="pre-scrollable">/tmp/arduino-testlib1349879570/test/test.ino:1:10: fatal error: PxMatrix_LED_MATRIX_library.h: No such file or directory
 #include &lt;PxMatrix_LED_MATRIX_library.h&gt;
          ^~~~~~~~~~~~~~~~~~~~~~~~~~~~~~~
compilation terminated.

</pre>

					
					<h4>examples/Aurora_Demo</h4>
					<p>
						Result: <b>FAIL</b>
					</p>
					<pre class="pre-scrollable">In file included from /home/ec2-user/arduino-testlib/cli-datadir/user/libraries/PxMatrix_LED_MATRIX_library/examples/Aurora_Demo/Aurora_Demo.ino:19:0:
/home/ec2-user/arduino-testlib/cli-datadir/user/libraries/PxMatrix_LED_MATRIX_library/PxMatrix.h: In member function &#39;void PxMATRIX::display(uint16_t)&#39;:
/home/ec2-user/arduino-testlib/cli-datadir/user/libraries/PxMatrix_LED_MATRIX_library/PxMatrix.h:93:39: error: operands to ?: have different types &#39;PORTDClass&#39; and &#39;PORTBClass&#39;
   #define GPIO_REG_SET(val) (val &lt; 8) ? PORTD |= _BV(val) : PORTB |= _BV(val-8)
                                       ^
/home/ec2-user/arduino-testlib/cli-datadir/user/libraries/PxMatrix_LED_MATRIX_library/PxMatrix.h:1142:11: note: in expansion of macro &#39;GPIO_REG_SET&#39;
           GPIO_REG_SET( 1 &lt;&lt; _SPI_MOSI);
           ^~~~~~~~~~~~
/home/ec2-user/arduino-testlib/cli-datadir/user/libraries/PxMatrix_LED_MATRIX_library/PxMatrix.h:94:41: error: operands to ?: have different types &#39;PORTDClass&#39; and &#39;PORTBClass&#39;
   #define GPIO_REG_CLEAR(val) (val &lt; 8) ? PORTD &amp;= ~_BV(val) : PORTB &amp;= ~_BV(val-8)
                                         ^
/home/ec2-user/arduino-testlib/cli-datadir/user/libraries/PxMatrix_LED_MATRIX_library/PxMatrix.h:1144:11: note: in expansion of macro &#39;GPIO_REG_CLEAR&#39;
           GPIO_REG_CLEAR( 1 &lt;&lt; _SPI_MOSI);
           ^~~~~~~~~~~~~~
/home/ec2-user/arduino-testlib/cli-datadir/user/libraries/PxMatrix_LED_MATRIX_library/PxMatrix.h:93:39: error: operands to ?: have different types &#39;PORTDClass&#39; and &#39;PORTBClass&#39;
   #define GPIO_REG_SET(val) (val &lt; 8) ? PORTD |= _BV(val) : PORTB |= _BV(val-8)
                                       ^
/home/ec2-user/arduino-testlib/cli-datadir/user/libraries/PxMatrix_LED_MATRIX_library/PxMatrix.h:1145:9: note: in expansion of macro &#39;GPIO_REG_SET&#39;
         GPIO_REG_SET( 1 &lt;&lt; _SPI_CLK);
         ^~~~~~~~~~~~
/home/ec2-user/arduino-testlib/cli-datadir/user/libraries/PxMatrix_LED_MATRIX_library/PxMatrix.h:94:41: error: operands to ?: have different types &#39;PORTDClass&#39; and &#39;PORTBClass&#39;
   #define GPIO_REG_CLEAR(val) (val &lt; 8) ? PORTD &amp;= ~_BV(val) : PORTB &amp;= ~_BV(val-8)
                                         ^
/home/ec2-user/arduino-testlib/cli-datadir/user/libraries/PxMatrix_LED_MATRIX_library/PxMatrix.h:1146:9: note: in expansion of macro &#39;GPIO_REG_CLEAR&#39;
         GPIO_REG_CLEAR( 1 &lt;&lt; _SPI_CLK);
         ^~~~~~~~~~~~~~
/home/ec2-user/arduino-testlib/cli-datadir/user/libraries/PxMatrix_LED_MATRIX_library/examples/Aurora_Demo/Aurora_Demo.ino: At global scope:
/home/ec2-user/arduino-testlib/cli-datadir/user/libraries/PxMatrix_LED_MATRIX_library/examples/Aurora_Demo/Aurora_Demo.ino:65:24: error: &#39;P_LAT&#39; was not declared in this scope
 PxMATRIX display(32,16,P_LAT, P_OE,P_A,P_B,P_C);
                        ^~~~~
/home/ec2-user/arduino-testlib/cli-datadir/user/libraries/PxMatrix_LED_MATRIX_library/examples/Aurora_Demo/Aurora_Demo.ino:65:31: error: &#39;P_OE&#39; was not declared in this scope
 PxMATRIX display(32,16,P_LAT, P_OE,P_A,P_B,P_C);
                               ^~~~
/home/ec2-user/arduino-testlib/cli-datadir/user/libraries/PxMatrix_LED_MATRIX_library/examples/Aurora_Demo/Aurora_Demo.ino:65:31: note: suggested alternative: &#39;M_E&#39;
 PxMATRIX display(32,16,P_LAT, P_OE,P_A,P_B,P_C);
                               ^~~~
                               M_E
/home/ec2-user/arduino-testlib/cli-datadir/user/libraries/PxMatrix_LED_MATRIX_library/examples/Aurora_Demo/Aurora_Demo.ino:65:36: error: &#39;P_A&#39; was not declared in this scope
 PxMATRIX display(32,16,P_LAT, P_OE,P_A,P_B,P_C);
                                    ^~~
/home/ec2-user/arduino-testlib/cli-datadir/user/libraries/PxMatrix_LED_MATRIX_library/examples/Aurora_Demo/Aurora_Demo.ino:65:36: note: suggested alternative: &#39;PA&#39;
 PxMATRIX display(32,16,P_LAT, P_OE,P_A,P_B,P_C);
                                    ^~~
                                    PA
/home/ec2-user/arduino-testlib/cli-datadir/user/libraries/PxMatrix_LED_MATRIX_library/examples/Aurora_Demo/Aurora_Demo.ino:65:40: error: &#39;P_B&#39; was not declared in this scope
 PxMATRIX display(32,16,P_LAT, P_OE,P_A,P_B,P_C);
                                        ^~~
/home/ec2-user/arduino-testlib/cli-datadir/user/libraries/PxMatrix_LED_MATRIX_library/examples/Aurora_Demo/Aurora_Demo.ino:65:40: note: suggested alternative: &#39;PB&#39;
 PxMATRIX display(32,16,P_LAT, P_OE,P_A,P_B,P_C);
                                        ^~~
                                        PB
/home/ec2-user/arduino-testlib/cli-datadir/user/libraries/PxMatrix_LED_MATRIX_library/examples/Aurora_Demo/Aurora_Demo.ino:65:44: error: &#39;P_C&#39; was not declared in this scope
 PxMATRIX display(32,16,P_LAT, P_OE,P_A,P_B,P_C);
                                            ^~~
/home/ec2-user/arduino-testlib/cli-datadir/user/libraries/PxMatrix_LED_MATRIX_library/examples/Aurora_Demo/Aurora_Demo.ino:65:44: note: suggested alternative: &#39;PC&#39;
 PxMATRIX display(32,16,P_LAT, P_OE,P_A,P_B,P_C);
                                            ^~~
                                            PC

</pre>
					
					<h4>examples/double_buffer</h4>
					<p>
						Result: <b>FAIL</b>
					</p>
					<pre class="pre-scrollable">In file included from /home/ec2-user/arduino-testlib/cli-datadir/user/libraries/PxMatrix_LED_MATRIX_library/examples/double_buffer/double_buffer.ino:3:0:
/home/ec2-user/arduino-testlib/cli-datadir/user/libraries/PxMatrix_LED_MATRIX_library/PxMatrix.h: In member function &#39;void PxMATRIX::display(uint16_t)&#39;:
/home/ec2-user/arduino-testlib/cli-datadir/user/libraries/PxMatrix_LED_MATRIX_library/PxMatrix.h:93:39: error: operands to ?: have different types &#39;PORTDClass&#39; and &#39;PORTBClass&#39;
   #define GPIO_REG_SET(val) (val &lt; 8) ? PORTD |= _BV(val) : PORTB |= _BV(val-8)
                                       ^
/home/ec2-user/arduino-testlib/cli-datadir/user/libraries/PxMatrix_LED_MATRIX_library/PxMatrix.h:1142:11: note: in expansion of macro &#39;GPIO_REG_SET&#39;
           GPIO_REG_SET( 1 &lt;&lt; _SPI_MOSI);
           ^~~~~~~~~~~~
/home/ec2-user/arduino-testlib/cli-datadir/user/libraries/PxMatrix_LED_MATRIX_library/PxMatrix.h:94:41: error: operands to ?: have different types &#39;PORTDClass&#39; and &#39;PORTBClass&#39;
   #define GPIO_REG_CLEAR(val) (val &lt; 8) ? PORTD &amp;= ~_BV(val) : PORTB &amp;= ~_BV(val-8)
                                         ^
/home/ec2-user/arduino-testlib/cli-datadir/user/libraries/PxMatrix_LED_MATRIX_library/PxMatrix.h:1144:11: note: in expansion of macro &#39;GPIO_REG_CLEAR&#39;
           GPIO_REG_CLEAR( 1 &lt;&lt; _SPI_MOSI);
           ^~~~~~~~~~~~~~
/home/ec2-user/arduino-testlib/cli-datadir/user/libraries/PxMatrix_LED_MATRIX_library/PxMatrix.h:93:39: error: operands to ?: have different types &#39;PORTDClass&#39; and &#39;PORTBClass&#39;
   #define GPIO_REG_SET(val) (val &lt; 8) ? PORTD |= _BV(val) : PORTB |= _BV(val-8)
                                       ^
/home/ec2-user/arduino-testlib/cli-datadir/user/libraries/PxMatrix_LED_MATRIX_library/PxMatrix.h:1145:9: note: in expansion of macro &#39;GPIO_REG_SET&#39;
         GPIO_REG_SET( 1 &lt;&lt; _SPI_CLK);
         ^~~~~~~~~~~~
/home/ec2-user/arduino-testlib/cli-datadir/user/libraries/PxMatrix_LED_MATRIX_library/PxMatrix.h:94:41: error: operands to ?: have different types &#39;PORTDClass&#39; and &#39;PORTBClass&#39;
   #define GPIO_REG_CLEAR(val) (val &lt; 8) ? PORTD &amp;= ~_BV(val) : PORTB &amp;= ~_BV(val-8)
                                         ^
/home/ec2-user/arduino-testlib/cli-datadir/user/libraries/PxMatrix_LED_MATRIX_library/PxMatrix.h:1146:9: note: in expansion of macro &#39;GPIO_REG_CLEAR&#39;
         GPIO_REG_CLEAR( 1 &lt;&lt; _SPI_CLK);
         ^~~~~~~~~~~~~~
/home/ec2-user/arduino-testlib/cli-datadir/user/libraries/PxMatrix_LED_MATRIX_library/examples/double_buffer/double_buffer.ino: At global scope:
/home/ec2-user/arduino-testlib/cli-datadir/user/libraries/PxMatrix_LED_MATRIX_library/examples/double_buffer/double_buffer.ino:35:24: error: &#39;P_LAT&#39; was not declared in this scope
 PxMATRIX display(64,32,P_LAT, P_OE,P_A,P_B,P_C,P_D);
                        ^~~~~
/home/ec2-user/arduino-testlib/cli-datadir/user/libraries/PxMatrix_LED_MATRIX_library/examples/double_buffer/double_buffer.ino:35:31: error: &#39;P_OE&#39; was not declared in this scope
 PxMATRIX display(64,32,P_LAT, P_OE,P_A,P_B,P_C,P_D);
                               ^~~~
/home/ec2-user/arduino-testlib/cli-datadir/user/libraries/PxMatrix_LED_MATRIX_library/examples/double_buffer/double_buffer.ino:35:31: note: suggested alternative: &#39;M_E&#39;
 PxMATRIX display(64,32,P_LAT, P_OE,P_A,P_B,P_C,P_D);
                               ^~~~
                               M_E
/home/ec2-user/arduino-testlib/cli-datadir/user/libraries/PxMatrix_LED_MATRIX_library/examples/double_buffer/double_buffer.ino:35:36: error: &#39;P_A&#39; was not declared in this scope
 PxMATRIX display(64,32,P_LAT, P_OE,P_A,P_B,P_C,P_D);
                                    ^~~
/home/ec2-user/arduino-testlib/cli-datadir/user/libraries/PxMatrix_LED_MATRIX_library/examples/double_buffer/double_buffer.ino:35:36: note: suggested alternative: &#39;PA&#39;
 PxMATRIX display(64,32,P_LAT, P_OE,P_A,P_B,P_C,P_D);
                                    ^~~
                                    PA
/home/ec2-user/arduino-testlib/cli-datadir/user/libraries/PxMatrix_LED_MATRIX_library/examples/double_buffer/double_buffer.ino:35:40: error: &#39;P_B&#39; was not declared in this scope
 PxMATRIX display(64,32,P_LAT, P_OE,P_A,P_B,P_C,P_D);
                                        ^~~
/home/ec2-user/arduino-testlib/cli-datadir/user/libraries/PxMatrix_LED_MATRIX_library/examples/double_buffer/double_buffer.ino:35:40: note: suggested alternative: &#39;PB&#39;
 PxMATRIX display(64,32,P_LAT, P_OE,P_A,P_B,P_C,P_D);
                                        ^~~
                                        PB
/home/ec2-user/arduino-testlib/cli-datadir/user/libraries/PxMatrix_LED_MATRIX_library/examples/double_buffer/double_buffer.ino:35:44: error: &#39;P_C&#39; was not declared in this scope
 PxMATRIX display(64,32,P_LAT, P_OE,P_A,P_B,P_C,P_D);
                                            ^~~
/home/ec2-user/arduino-testlib/cli-datadir/user/libraries/PxMatrix_LED_MATRIX_library/examples/double_buffer/double_buffer.ino:35:44: note: suggested alternative: &#39;PC&#39;
 PxMATRIX display(64,32,P_LAT, P_OE,P_A,P_B,P_C,P_D);
                                            ^~~
                                            PC
/home/ec2-user/arduino-testlib/cli-datadir/user/libraries/PxMatrix_LED_MATRIX_library/examples/double_buffer/double_buffer.ino:35:48: error: &#39;P_D&#39; was not declared in this scope
 PxMATRIX display(64,32,P_LAT, P_OE,P_A,P_B,P_C,P_D);
                                                ^~~
/home/ec2-user/arduino-testlib/cli-datadir/user/libraries/PxMatrix_LED_MATRIX_library/examples/double_buffer/double_buffer.ino:35:48: note: suggested alternative: &#39;PD&#39;
 PxMATRIX display(64,32,P_LAT, P_OE,P_A,P_B,P_C,P_D);
                                                ^~~
                                                PD

</pre>
					
					<h4>examples/mario_image_fm6216a_esp32</h4>
					<p>
						Result: <b>FAIL</b>
					</p>
					<pre class="pre-scrollable"></pre>
					
					<h4>examples/override_spi_pins_esp32</h4>
					<p>
						Result: <b>FAIL</b>
					</p>
					<pre class="pre-scrollable">In file included from /home/ec2-user/arduino-testlib/cli-datadir/user/libraries/PxMatrix_LED_MATRIX_library/examples/override_spi_pins_esp32/override_spi_pins_esp32.ino:27:0:
/home/ec2-user/arduino-testlib/cli-datadir/user/libraries/PxMatrix_LED_MATRIX_library/PxMatrix.h: In member function &#39;void PxMATRIX::display(uint16_t)&#39;:
/home/ec2-user/arduino-testlib/cli-datadir/user/libraries/PxMatrix_LED_MATRIX_library/PxMatrix.h:93:39: error: operands to ?: have different types &#39;PORTDClass&#39; and &#39;PORTBClass&#39;
   #define GPIO_REG_SET(val) (val &lt; 8) ? PORTD |= _BV(val) : PORTB |= _BV(val-8)
                                       ^
/home/ec2-user/arduino-testlib/cli-datadir/user/libraries/PxMatrix_LED_MATRIX_library/PxMatrix.h:1142:11: note: in expansion of macro &#39;GPIO_REG_SET&#39;
           GPIO_REG_SET( 1 &lt;&lt; _SPI_MOSI);
           ^~~~~~~~~~~~
/home/ec2-user/arduino-testlib/cli-datadir/user/libraries/PxMatrix_LED_MATRIX_library/PxMatrix.h:94:41: error: operands to ?: have different types &#39;PORTDClass&#39; and &#39;PORTBClass&#39;
   #define GPIO_REG_CLEAR(val) (val &lt; 8) ? PORTD &amp;= ~_BV(val) : PORTB &amp;= ~_BV(val-8)
                                         ^
/home/ec2-user/arduino-testlib/cli-datadir/user/libraries/PxMatrix_LED_MATRIX_library/PxMatrix.h:1144:11: note: in expansion of macro &#39;GPIO_REG_CLEAR&#39;
           GPIO_REG_CLEAR( 1 &lt;&lt; _SPI_MOSI);
           ^~~~~~~~~~~~~~
/home/ec2-user/arduino-testlib/cli-datadir/user/libraries/PxMatrix_LED_MATRIX_library/PxMatrix.h:93:39: error: operands to ?: have different types &#39;PORTDClass&#39; and &#39;PORTBClass&#39;
   #define GPIO_REG_SET(val) (val &lt; 8) ? PORTD |= _BV(val) : PORTB |= _BV(val-8)
                                       ^
/home/ec2-user/arduino-testlib/cli-datadir/user/libraries/PxMatrix_LED_MATRIX_library/PxMatrix.h:1145:9: note: in expansion of macro &#39;GPIO_REG_SET&#39;
         GPIO_REG_SET( 1 &lt;&lt; _SPI_CLK);
         ^~~~~~~~~~~~
/home/ec2-user/arduino-testlib/cli-datadir/user/libraries/PxMatrix_LED_MATRIX_library/PxMatrix.h:94:41: error: operands to ?: have different types &#39;PORTDClass&#39; and &#39;PORTBClass&#39;
   #define GPIO_REG_CLEAR(val) (val &lt; 8) ? PORTD &amp;= ~_BV(val) : PORTB &amp;= ~_BV(val-8)
                                         ^
/home/ec2-user/arduino-testlib/cli-datadir/user/libraries/PxMatrix_LED_MATRIX_library/PxMatrix.h:1146:9: note: in expansion of macro &#39;GPIO_REG_CLEAR&#39;
         GPIO_REG_CLEAR( 1 &lt;&lt; _SPI_CLK);
         ^~~~~~~~~~~~~~
/home/ec2-user/arduino-testlib/cli-datadir/user/libraries/PxMatrix_LED_MATRIX_library/examples/override_spi_pins_esp32/override_spi_pins_esp32.ino: At global scope:
/home/ec2-user/arduino-testlib/cli-datadir/user/libraries/PxMatrix_LED_MATRIX_library/examples/override_spi_pins_esp32/override_spi_pins_esp32.ino:52:24: error: &#39;P_LAT&#39; was not declared in this scope
 PxMATRIX display(64,32,P_LAT, P_OE,P_A,P_B,P_C,P_D);
                        ^~~~~
/home/ec2-user/arduino-testlib/cli-datadir/user/libraries/PxMatrix_LED_MATRIX_library/examples/override_spi_pins_esp32/override_spi_pins_esp32.ino:52:31: error: &#39;P_OE&#39; was not declared in this scope
 PxMATRIX display(64,32,P_LAT, P_OE,P_A,P_B,P_C,P_D);
                               ^~~~
/home/ec2-user/arduino-testlib/cli-datadir/user/libraries/PxMatrix_LED_MATRIX_library/examples/override_spi_pins_esp32/override_spi_pins_esp32.ino:52:31: note: suggested alternative: &#39;M_E&#39;
 PxMATRIX display(64,32,P_LAT, P_OE,P_A,P_B,P_C,P_D);
                               ^~~~
                               M_E
/home/ec2-user/arduino-testlib/cli-datadir/user/libraries/PxMatrix_LED_MATRIX_library/examples/override_spi_pins_esp32/override_spi_pins_esp32.ino:52:36: error: &#39;P_A&#39; was not declared in this scope
 PxMATRIX display(64,32,P_LAT, P_OE,P_A,P_B,P_C,P_D);
                                    ^~~
/home/ec2-user/arduino-testlib/cli-datadir/user/libraries/PxMatrix_LED_MATRIX_library/examples/override_spi_pins_esp32/override_spi_pins_esp32.ino:52:36: note: suggested alternative: &#39;PA&#39;
 PxMATRIX display(64,32,P_LAT, P_OE,P_A,P_B,P_C,P_D);
                                    ^~~
                                    PA
/home/ec2-user/arduino-testlib/cli-datadir/user/libraries/PxMatrix_LED_MATRIX_library/examples/override_spi_pins_esp32/override_spi_pins_esp32.ino:52:40: error: &#39;P_B&#39; was not declared in this scope
 PxMATRIX display(64,32,P_LAT, P_OE,P_A,P_B,P_C,P_D);
                                        ^~~
/home/ec2-user/arduino-testlib/cli-datadir/user/libraries/PxMatrix_LED_MATRIX_library/examples/override_spi_pins_esp32/override_spi_pins_esp32.ino:52:40: note: suggested alternative: &#39;PB&#39;
 PxMATRIX display(64,32,P_LAT, P_OE,P_A,P_B,P_C,P_D);
                                        ^~~
                                        PB
/home/ec2-user/arduino-testlib/cli-datadir/user/libraries/PxMatrix_LED_MATRIX_library/examples/override_spi_pins_esp32/override_spi_pins_esp32.ino:52:44: error: &#39;P_C&#39; was not declared in this scope
 PxMATRIX display(64,32,P_LAT, P_OE,P_A,P_B,P_C,P_D);
                                            ^~~
/home/ec2-user/arduino-testlib/cli-datadir/user/libraries/PxMatrix_LED_MATRIX_library/examples/override_spi_pins_esp32/override_spi_pins_esp32.ino:52:44: note: suggested alternative: &#39;PC&#39;
 PxMATRIX display(64,32,P_LAT, P_OE,P_A,P_B,P_C,P_D);
                                            ^~~
                                            PC
/home/ec2-user/arduino-testlib/cli-datadir/user/libraries/PxMatrix_LED_MATRIX_library/examples/override_spi_pins_esp32/override_spi_pins_esp32.ino:52:48: error: &#39;P_D&#39; was not declared in this scope
 PxMATRIX display(64,32,P_LAT, P_OE,P_A,P_B,P_C,P_D);
                                                ^~~
/home/ec2-user/arduino-testlib/cli-datadir/user/libraries/PxMatrix_LED_MATRIX_library/examples/override_spi_pins_esp32/override_spi_pins_esp32.ino:52:48: note: suggested alternative: &#39;PD&#39;
 PxMATRIX display(64,32,P_LAT, P_OE,P_A,P_B,P_C,P_D);
                                                ^~~
                                                PD

</pre>
					
					<h4>examples/pattern_test</h4>
					<p>
						Result: <b>FAIL</b>
					</p>
					<pre class="pre-scrollable">In file included from /home/ec2-user/arduino-testlib/cli-datadir/user/libraries/PxMatrix_LED_MATRIX_library/examples/pattern_test/pattern_test.ino:1:0:
/home/ec2-user/arduino-testlib/cli-datadir/user/libraries/PxMatrix_LED_MATRIX_library/PxMatrix.h: In member function &#39;void PxMATRIX::display(uint16_t)&#39;:
/home/ec2-user/arduino-testlib/cli-datadir/user/libraries/PxMatrix_LED_MATRIX_library/PxMatrix.h:93:39: error: operands to ?: have different types &#39;PORTDClass&#39; and &#39;PORTBClass&#39;
   #define GPIO_REG_SET(val) (val &lt; 8) ? PORTD |= _BV(val) : PORTB |= _BV(val-8)
                                       ^
/home/ec2-user/arduino-testlib/cli-datadir/user/libraries/PxMatrix_LED_MATRIX_library/PxMatrix.h:1142:11: note: in expansion of macro &#39;GPIO_REG_SET&#39;
           GPIO_REG_SET( 1 &lt;&lt; _SPI_MOSI);
           ^~~~~~~~~~~~
/home/ec2-user/arduino-testlib/cli-datadir/user/libraries/PxMatrix_LED_MATRIX_library/PxMatrix.h:94:41: error: operands to ?: have different types &#39;PORTDClass&#39; and &#39;PORTBClass&#39;
   #define GPIO_REG_CLEAR(val) (val &lt; 8) ? PORTD &amp;= ~_BV(val) : PORTB &amp;= ~_BV(val-8)
                                         ^
/home/ec2-user/arduino-testlib/cli-datadir/user/libraries/PxMatrix_LED_MATRIX_library/PxMatrix.h:1144:11: note: in expansion of macro &#39;GPIO_REG_CLEAR&#39;
           GPIO_REG_CLEAR( 1 &lt;&lt; _SPI_MOSI);
           ^~~~~~~~~~~~~~
/home/ec2-user/arduino-testlib/cli-datadir/user/libraries/PxMatrix_LED_MATRIX_library/PxMatrix.h:93:39: error: operands to ?: have different types &#39;PORTDClass&#39; and &#39;PORTBClass&#39;
   #define GPIO_REG_SET(val) (val &lt; 8) ? PORTD |= _BV(val) : PORTB |= _BV(val-8)
                                       ^
/home/ec2-user/arduino-testlib/cli-datadir/user/libraries/PxMatrix_LED_MATRIX_library/PxMatrix.h:1145:9: note: in expansion of macro &#39;GPIO_REG_SET&#39;
         GPIO_REG_SET( 1 &lt;&lt; _SPI_CLK);
         ^~~~~~~~~~~~
/home/ec2-user/arduino-testlib/cli-datadir/user/libraries/PxMatrix_LED_MATRIX_library/PxMatrix.h:94:41: error: operands to ?: have different types &#39;PORTDClass&#39; and &#39;PORTBClass&#39;
   #define GPIO_REG_CLEAR(val) (val &lt; 8) ? PORTD &amp;= ~_BV(val) : PORTB &amp;= ~_BV(val-8)
                                         ^
/home/ec2-user/arduino-testlib/cli-datadir/user/libraries/PxMatrix_LED_MATRIX_library/PxMatrix.h:1146:9: note: in expansion of macro &#39;GPIO_REG_CLEAR&#39;
         GPIO_REG_CLEAR( 1 &lt;&lt; _SPI_CLK);
         ^~~~~~~~~~~~~~
/home/ec2-user/arduino-testlib/cli-datadir/user/libraries/PxMatrix_LED_MATRIX_library/examples/pattern_test/pattern_test.ino: At global scope:
/home/ec2-user/arduino-testlib/cli-datadir/user/libraries/PxMatrix_LED_MATRIX_library/examples/pattern_test/pattern_test.ino:33:24: error: &#39;P_LAT&#39; was not declared in this scope
 PxMATRIX display(32,16,P_LAT, P_OE,P_A,P_B,P_C);
                        ^~~~~
/home/ec2-user/arduino-testlib/cli-datadir/user/libraries/PxMatrix_LED_MATRIX_library/examples/pattern_test/pattern_test.ino:33:31: error: &#39;P_OE&#39; was not declared in this scope
 PxMATRIX display(32,16,P_LAT, P_OE,P_A,P_B,P_C);
                               ^~~~
/home/ec2-user/arduino-testlib/cli-datadir/user/libraries/PxMatrix_LED_MATRIX_library/examples/pattern_test/pattern_test.ino:33:31: note: suggested alternative: &#39;M_E&#39;
 PxMATRIX display(32,16,P_LAT, P_OE,P_A,P_B,P_C);
                               ^~~~
                               M_E
/home/ec2-user/arduino-testlib/cli-datadir/user/libraries/PxMatrix_LED_MATRIX_library/examples/pattern_test/pattern_test.ino:33:36: error: &#39;P_A&#39; was not declared in this scope
 PxMATRIX display(32,16,P_LAT, P_OE,P_A,P_B,P_C);
                                    ^~~
/home/ec2-user/arduino-testlib/cli-datadir/user/libraries/PxMatrix_LED_MATRIX_library/examples/pattern_test/pattern_test.ino:33:36: note: suggested alternative: &#39;PA&#39;
 PxMATRIX display(32,16,P_LAT, P_OE,P_A,P_B,P_C);
                                    ^~~
                                    PA
/home/ec2-user/arduino-testlib/cli-datadir/user/libraries/PxMatrix_LED_MATRIX_library/examples/pattern_test/pattern_test.ino:33:40: error: &#39;P_B&#39; was not declared in this scope
 PxMATRIX display(32,16,P_LAT, P_OE,P_A,P_B,P_C);
                                        ^~~
/home/ec2-user/arduino-testlib/cli-datadir/user/libraries/PxMatrix_LED_MATRIX_library/examples/pattern_test/pattern_test.ino:33:40: note: suggested alternative: &#39;PB&#39;
 PxMATRIX display(32,16,P_LAT, P_OE,P_A,P_B,P_C);
                                        ^~~
                                        PB
/home/ec2-user/arduino-testlib/cli-datadir/user/libraries/PxMatrix_LED_MATRIX_library/examples/pattern_test/pattern_test.ino:33:44: error: &#39;P_C&#39; was not declared in this scope
 PxMATRIX display(32,16,P_LAT, P_OE,P_A,P_B,P_C);
                                            ^~~
/home/ec2-user/arduino-testlib/cli-datadir/user/libraries/PxMatrix_LED_MATRIX_library/examples/pattern_test/pattern_test.ino:33:44: note: suggested alternative: &#39;PC&#39;
 PxMATRIX display(32,16,P_LAT, P_OE,P_A,P_B,P_C);
                                            ^~~
                                            PC

</pre>
					
					<h4>examples/pixeltime</h4>
					<p>
						Result: <b>FAIL</b>
					</p>
					<pre class="pre-scrollable">In file included from /home/ec2-user/arduino-testlib/cli-datadir/user/libraries/PxMatrix_LED_MATRIX_library/examples/pixeltime/pixeltime.ino:19:0:
/home/ec2-user/arduino-testlib/cli-datadir/user/libraries/PxMatrix_LED_MATRIX_library/PxMatrix.h: In member function &#39;void PxMATRIX::display(uint16_t)&#39;:
/home/ec2-user/arduino-testlib/cli-datadir/user/libraries/PxMatrix_LED_MATRIX_library/PxMatrix.h:93:39: error: operands to ?: have different types &#39;PORTDClass&#39; and &#39;PORTBClass&#39;
   #define GPIO_REG_SET(val) (val &lt; 8) ? PORTD |= _BV(val) : PORTB |= _BV(val-8)
                                       ^
/home/ec2-user/arduino-testlib/cli-datadir/user/libraries/PxMatrix_LED_MATRIX_library/PxMatrix.h:1142:11: note: in expansion of macro &#39;GPIO_REG_SET&#39;
           GPIO_REG_SET( 1 &lt;&lt; _SPI_MOSI);
           ^~~~~~~~~~~~
/home/ec2-user/arduino-testlib/cli-datadir/user/libraries/PxMatrix_LED_MATRIX_library/PxMatrix.h:94:41: error: operands to ?: have different types &#39;PORTDClass&#39; and &#39;PORTBClass&#39;
   #define GPIO_REG_CLEAR(val) (val &lt; 8) ? PORTD &amp;= ~_BV(val) : PORTB &amp;= ~_BV(val-8)
                                         ^
/home/ec2-user/arduino-testlib/cli-datadir/user/libraries/PxMatrix_LED_MATRIX_library/PxMatrix.h:1144:11: note: in expansion of macro &#39;GPIO_REG_CLEAR&#39;
           GPIO_REG_CLEAR( 1 &lt;&lt; _SPI_MOSI);
           ^~~~~~~~~~~~~~
/home/ec2-user/arduino-testlib/cli-datadir/user/libraries/PxMatrix_LED_MATRIX_library/PxMatrix.h:93:39: error: operands to ?: have different types &#39;PORTDClass&#39; and &#39;PORTBClass&#39;
   #define GPIO_REG_SET(val) (val &lt; 8) ? PORTD |= _BV(val) : PORTB |= _BV(val-8)
                                       ^
/home/ec2-user/arduino-testlib/cli-datadir/user/libraries/PxMatrix_LED_MATRIX_library/PxMatrix.h:1145:9: note: in expansion of macro &#39;GPIO_REG_SET&#39;
         GPIO_REG_SET( 1 &lt;&lt; _SPI_CLK);
         ^~~~~~~~~~~~
/home/ec2-user/arduino-testlib/cli-datadir/user/libraries/PxMatrix_LED_MATRIX_library/PxMatrix.h:94:41: error: operands to ?: have different types &#39;PORTDClass&#39; and &#39;PORTBClass&#39;
   #define GPIO_REG_CLEAR(val) (val &lt; 8) ? PORTD &amp;= ~_BV(val) : PORTB &amp;= ~_BV(val-8)
                                         ^
/home/ec2-user/arduino-testlib/cli-datadir/user/libraries/PxMatrix_LED_MATRIX_library/PxMatrix.h:1146:9: note: in expansion of macro &#39;GPIO_REG_CLEAR&#39;
         GPIO_REG_CLEAR( 1 &lt;&lt; _SPI_CLK);
         ^~~~~~~~~~~~~~
/home/ec2-user/arduino-testlib/cli-datadir/user/libraries/PxMatrix_LED_MATRIX_library/examples/pixeltime/pixeltime.ino: At global scope:
/home/ec2-user/arduino-testlib/cli-datadir/user/libraries/PxMatrix_LED_MATRIX_library/examples/pixeltime/pixeltime.ino:57:24: error: &#39;P_LAT&#39; was not declared in this scope
 PxMATRIX display(32,16,P_LAT, P_OE,P_A,P_B,P_C);
                        ^~~~~
/home/ec2-user/arduino-testlib/cli-datadir/user/libraries/PxMatrix_LED_MATRIX_library/examples/pixeltime/pixeltime.ino:57:31: error: &#39;P_OE&#39; was not declared in this scope
 PxMATRIX display(32,16,P_LAT, P_OE,P_A,P_B,P_C);
                               ^~~~
/home/ec2-user/arduino-testlib/cli-datadir/user/libraries/PxMatrix_LED_MATRIX_library/examples/pixeltime/pixeltime.ino:57:31: note: suggested alternative: &#39;M_E&#39;
 PxMATRIX display(32,16,P_LAT, P_OE,P_A,P_B,P_C);
                               ^~~~
                               M_E
/home/ec2-user/arduino-testlib/cli-datadir/user/libraries/PxMatrix_LED_MATRIX_library/examples/pixeltime/pixeltime.ino:57:36: error: &#39;P_A&#39; was not declared in this scope
 PxMATRIX display(32,16,P_LAT, P_OE,P_A,P_B,P_C);
                                    ^~~
/home/ec2-user/arduino-testlib/cli-datadir/user/libraries/PxMatrix_LED_MATRIX_library/examples/pixeltime/pixeltime.ino:57:36: note: suggested alternative: &#39;PA&#39;
 PxMATRIX display(32,16,P_LAT, P_OE,P_A,P_B,P_C);
                                    ^~~
                                    PA
/home/ec2-user/arduino-testlib/cli-datadir/user/libraries/PxMatrix_LED_MATRIX_library/examples/pixeltime/pixeltime.ino:57:40: error: &#39;P_B&#39; was not declared in this scope
 PxMATRIX display(32,16,P_LAT, P_OE,P_A,P_B,P_C);
                                        ^~~
/home/ec2-user/arduino-testlib/cli-datadir/user/libraries/PxMatrix_LED_MATRIX_library/examples/pixeltime/pixeltime.ino:57:40: note: suggested alternative: &#39;PB&#39;
 PxMATRIX display(32,16,P_LAT, P_OE,P_A,P_B,P_C);
                                        ^~~
                                        PB
/home/ec2-user/arduino-testlib/cli-datadir/user/libraries/PxMatrix_LED_MATRIX_library/examples/pixeltime/pixeltime.ino:57:44: error: &#39;P_C&#39; was not declared in this scope
 PxMATRIX display(32,16,P_LAT, P_OE,P_A,P_B,P_C);
                                            ^~~
/home/ec2-user/arduino-testlib/cli-datadir/user/libraries/PxMatrix_LED_MATRIX_library/examples/pixeltime/pixeltime.ino:57:44: note: suggested alternative: &#39;PC&#39;
 PxMATRIX display(32,16,P_LAT, P_OE,P_A,P_B,P_C);
                                            ^~~
                                            PC

</pre>
					
					<h4>examples/pixeltime_AVR</h4>
					<p>
						Result: <b>FAIL</b>
					</p>
					<pre class="pre-scrollable">In file included from /home/ec2-user/arduino-testlib/cli-datadir/user/libraries/PxMatrix_LED_MATRIX_library/examples/pixeltime_AVR/pixeltime_AVR.ino:5:0:
/home/ec2-user/arduino-testlib/cli-datadir/user/libraries/PxMatrix_LED_MATRIX_library/PxMatrix.h: In member function &#39;void PxMATRIX::display(uint16_t)&#39;:
/home/ec2-user/arduino-testlib/cli-datadir/user/libraries/PxMatrix_LED_MATRIX_library/PxMatrix.h:93:39: error: operands to ?: have different types &#39;PORTDClass&#39; and &#39;PORTBClass&#39;
   #define GPIO_REG_SET(val) (val &lt; 8) ? PORTD |= _BV(val) : PORTB |= _BV(val-8)
                                       ^
/home/ec2-user/arduino-testlib/cli-datadir/user/libraries/PxMatrix_LED_MATRIX_library/PxMatrix.h:1142:11: note: in expansion of macro &#39;GPIO_REG_SET&#39;
           GPIO_REG_SET( 1 &lt;&lt; _SPI_MOSI);
           ^~~~~~~~~~~~
/home/ec2-user/arduino-testlib/cli-datadir/user/libraries/PxMatrix_LED_MATRIX_library/PxMatrix.h:94:41: error: operands to ?: have different types &#39;PORTDClass&#39; and &#39;PORTBClass&#39;
   #define GPIO_REG_CLEAR(val) (val &lt; 8) ? PORTD &amp;= ~_BV(val) : PORTB &amp;= ~_BV(val-8)
                                         ^
/home/ec2-user/arduino-testlib/cli-datadir/user/libraries/PxMatrix_LED_MATRIX_library/PxMatrix.h:1144:11: note: in expansion of macro &#39;GPIO_REG_CLEAR&#39;
           GPIO_REG_CLEAR( 1 &lt;&lt; _SPI_MOSI);
           ^~~~~~~~~~~~~~
/home/ec2-user/arduino-testlib/cli-datadir/user/libraries/PxMatrix_LED_MATRIX_library/PxMatrix.h:93:39: error: operands to ?: have different types &#39;PORTDClass&#39; and &#39;PORTBClass&#39;
   #define GPIO_REG_SET(val) (val &lt; 8) ? PORTD |= _BV(val) : PORTB |= _BV(val-8)
                                       ^
/home/ec2-user/arduino-testlib/cli-datadir/user/libraries/PxMatrix_LED_MATRIX_library/PxMatrix.h:1145:9: note: in expansion of macro &#39;GPIO_REG_SET&#39;
         GPIO_REG_SET( 1 &lt;&lt; _SPI_CLK);
         ^~~~~~~~~~~~
/home/ec2-user/arduino-testlib/cli-datadir/user/libraries/PxMatrix_LED_MATRIX_library/PxMatrix.h:94:41: error: operands to ?: have different types &#39;PORTDClass&#39; and &#39;PORTBClass&#39;
   #define GPIO_REG_CLEAR(val) (val &lt; 8) ? PORTD &amp;= ~_BV(val) : PORTB &amp;= ~_BV(val-8)
                                         ^
/home/ec2-user/arduino-testlib/cli-datadir/user/libraries/PxMatrix_LED_MATRIX_library/PxMatrix.h:1146:9: note: in expansion of macro &#39;GPIO_REG_CLEAR&#39;
         GPIO_REG_CLEAR( 1 &lt;&lt; _SPI_CLK);
         ^~~~~~~~~~~~~~

</pre>
					
				
				<h3 id="arduino:samd:mkrwifi1010">arduino:samd:mkrwifi1010 @ 1.8.12</h3>
				<h4>Inclusion</h4>
				<p>
					Result: <b>FAIL</b>
					
					<br />This library has no main header file so an empty one was created.
					
				</p>
				<pre class="pre-scrollable">/tmp/arduino-testlib1252468868/test/test.ino:1:10: fatal error: PxMatrix_LED_MATRIX_library.h: No such file or directory
 #include &lt;PxMatrix_LED_MATRIX_library.h&gt;
          ^~~~~~~~~~~~~~~~~~~~~~~~~~~~~~~
compilation terminated.

</pre>

					
					<h4>examples/Aurora_Demo</h4>
					<p>
						Result: <b>FAIL</b>
					</p>
					<pre class="pre-scrollable">In file included from /home/ec2-user/arduino-testlib/cli-datadir/user/libraries/PxMatrix_LED_MATRIX_library/examples/Aurora_Demo/Aurora_Demo.ino:19:0:
/home/ec2-user/arduino-testlib/cli-datadir/user/libraries/PxMatrix_LED_MATRIX_library/PxMatrix.h: In member function &#39;void PxMATRIX::display(uint16_t)&#39;:
/home/ec2-user/arduino-testlib/cli-datadir/user/libraries/PxMatrix_LED_MATRIX_library/PxMatrix.h:1073:9: error: &#39;SPI_TRANSFER&#39; was not declared in this scope
         SPI_TRANSFER(&amp;(*bufferp)[_display_color][i*_send_buffer_size],_send_buffer_size);
         ^~~~~~~~~~~~
/home/ec2-user/arduino-testlib/cli-datadir/user/libraries/PxMatrix_LED_MATRIX_library/PxMatrix.h:1073:9: note: suggested alternative: &#39;SPI_ADVANCE&#39;
         SPI_TRANSFER(&amp;(*bufferp)[_display_color][i*_send_buffer_size],_send_buffer_size);
         ^~~~~~~~~~~~
         SPI_ADVANCE
/home/ec2-user/arduino-testlib/cli-datadir/user/libraries/PxMatrix_LED_MATRIX_library/PxMatrix.h:1090:3: error: &#39;SPI_TRANSFER&#39; was not declared in this scope
   SPI_TRANSFER(&amp;(*bufferp)[_display_color][i*_send_buffer_size],_send_buffer_size);
   ^~~~~~~~~~~~
/home/ec2-user/arduino-testlib/cli-datadir/user/libraries/PxMatrix_LED_MATRIX_library/PxMatrix.h:1090:3: note: suggested alternative: &#39;SPI_ADVANCE&#39;
   SPI_TRANSFER(&amp;(*bufferp)[_display_color][i*_send_buffer_size],_send_buffer_size);
   ^~~~~~~~~~~~
   SPI_ADVANCE
/home/ec2-user/arduino-testlib/cli-datadir/user/libraries/PxMatrix_LED_MATRIX_library/PxMatrix.h:1132:7: error: &#39;SPI_TRANSFER&#39; was not declared in this scope
       SPI_TRANSFER(&amp;(*bufferp)[_display_color][i*_send_buffer_size],_send_buffer_size-1);
       ^~~~~~~~~~~~
/home/ec2-user/arduino-testlib/cli-datadir/user/libraries/PxMatrix_LED_MATRIX_library/PxMatrix.h:1132:7: note: suggested alternative: &#39;SPI_ADVANCE&#39;
       SPI_TRANSFER(&amp;(*bufferp)[_display_color][i*_send_buffer_size],_send_buffer_size-1);
       ^~~~~~~~~~~~
       SPI_ADVANCE
/home/ec2-user/arduino-testlib/cli-datadir/user/libraries/PxMatrix_LED_MATRIX_library/PxMatrix.h:1142:11: error: &#39;GPIO_REG_SET&#39; was not declared in this scope
           GPIO_REG_SET( 1 &lt;&lt; _SPI_MOSI);
           ^~~~~~~~~~~~
/home/ec2-user/arduino-testlib/cli-datadir/user/libraries/PxMatrix_LED_MATRIX_library/PxMatrix.h:1142:11: note: suggested alternative: &#39;PIO_PWM_ALT&#39;
           GPIO_REG_SET( 1 &lt;&lt; _SPI_MOSI);
           ^~~~~~~~~~~~
           PIO_PWM_ALT
/home/ec2-user/arduino-testlib/cli-datadir/user/libraries/PxMatrix_LED_MATRIX_library/PxMatrix.h:1144:11: error: &#39;GPIO_REG_CLEAR&#39; was not declared in this scope
           GPIO_REG_CLEAR( 1 &lt;&lt; _SPI_MOSI);
           ^~~~~~~~~~~~~~
/home/ec2-user/arduino-testlib/cli-datadir/user/libraries/PxMatrix_LED_MATRIX_library/PxMatrix.h:1144:11: note: suggested alternative: &#39;PIO_AC_CLK&#39;
           GPIO_REG_CLEAR( 1 &lt;&lt; _SPI_MOSI);
           ^~~~~~~~~~~~~~
           PIO_AC_CLK
/home/ec2-user/arduino-testlib/cli-datadir/user/libraries/PxMatrix_LED_MATRIX_library/PxMatrix.h:1145:9: error: &#39;GPIO_REG_SET&#39; was not declared in this scope
         GPIO_REG_SET( 1 &lt;&lt; _SPI_CLK);
         ^~~~~~~~~~~~
/home/ec2-user/arduino-testlib/cli-datadir/user/libraries/PxMatrix_LED_MATRIX_library/PxMatrix.h:1145:9: note: suggested alternative: &#39;PIO_PWM_ALT&#39;
         GPIO_REG_SET( 1 &lt;&lt; _SPI_CLK);
         ^~~~~~~~~~~~
         PIO_PWM_ALT
/home/ec2-user/arduino-testlib/cli-datadir/user/libraries/PxMatrix_LED_MATRIX_library/PxMatrix.h:1146:9: error: &#39;GPIO_REG_CLEAR&#39; was not declared in this scope
         GPIO_REG_CLEAR( 1 &lt;&lt; _SPI_CLK);
         ^~~~~~~~~~~~~~
/home/ec2-user/arduino-testlib/cli-datadir/user/libraries/PxMatrix_LED_MATRIX_library/PxMatrix.h:1146:9: note: suggested alternative: &#39;PIO_AC_CLK&#39;
         GPIO_REG_CLEAR( 1 &lt;&lt; _SPI_CLK);
         ^~~~~~~~~~~~~~
         PIO_AC_CLK
/home/ec2-user/arduino-testlib/cli-datadir/user/libraries/PxMatrix_LED_MATRIX_library/PxMatrix.h: In member function &#39;void PxMATRIX::flushDisplay()&#39;:
/home/ec2-user/arduino-testlib/cli-datadir/user/libraries/PxMatrix_LED_MATRIX_library/PxMatrix.h:1176:5: error: &#39;SPI_BYTE&#39; was not declared in this scope
     SPI_BYTE(0x00);
     ^~~~~~~~
/home/ec2-user/arduino-testlib/cli-datadir/user/libraries/PxMatrix_LED_MATRIX_library/PxMatrix.h:1176:5: note: suggested alternative: &#39;SPI_DATA&#39;
     SPI_BYTE(0x00);
     ^~~~~~~~
     SPI_DATA
/home/ec2-user/arduino-testlib/cli-datadir/user/libraries/PxMatrix_LED_MATRIX_library/PxMatrix.h: In member function &#39;void PxMATRIX::displayTestPattern(uint16_t)&#39;:
/home/ec2-user/arduino-testlib/cli-datadir/user/libraries/PxMatrix_LED_MATRIX_library/PxMatrix.h:1185:7: error: &#39;SPI_BYTE&#39; was not declared in this scope
       SPI_BYTE(0xFF);
       ^~~~~~~~
/home/ec2-user/arduino-testlib/cli-datadir/user/libraries/PxMatrix_LED_MATRIX_library/PxMatrix.h:1185:7: note: suggested alternative: &#39;SPI_DATA&#39;
       SPI_BYTE(0xFF);
       ^~~~~~~~
       SPI_DATA
/home/ec2-user/arduino-testlib/cli-datadir/user/libraries/PxMatrix_LED_MATRIX_library/PxMatrix.h: In member function &#39;void PxMATRIX::displayTestPixel(uint16_t)&#39;:
/home/ec2-user/arduino-testlib/cli-datadir/user/libraries/PxMatrix_LED_MATRIX_library/PxMatrix.h:1232:5: error: &#39;SPI_BYTE&#39; was not declared in this scope
     SPI_BYTE(1&lt;&lt;_test_pixel_counter%8);
     ^~~~~~~~
/home/ec2-user/arduino-testlib/cli-datadir/user/libraries/PxMatrix_LED_MATRIX_library/PxMatrix.h:1232:5: note: suggested alternative: &#39;SPI_DATA&#39;
     SPI_BYTE(1&lt;&lt;_test_pixel_counter%8);
     ^~~~~~~~
     SPI_DATA
/home/ec2-user/arduino-testlib/cli-datadir/user/libraries/PxMatrix_LED_MATRIX_library/examples/Aurora_Demo/Aurora_Demo.ino: At global scope:
/home/ec2-user/arduino-testlib/cli-datadir/user/libraries/PxMatrix_LED_MATRIX_library/examples/Aurora_Demo/Aurora_Demo.ino:65:24: error: &#39;P_LAT&#39; was not declared in this scope
 PxMATRIX display(32,16,P_LAT, P_OE,P_A,P_B,P_C);
                        ^~~~~
/home/ec2-user/arduino-testlib/cli-datadir/user/libraries/PxMatrix_LED_MATRIX_library/examples/Aurora_Demo/Aurora_Demo.ino:65:24: note: suggested alternative: &#39;FP_NAN&#39;
 PxMATRIX display(32,16,P_LAT, P_OE,P_A,P_B,P_C);
                        ^~~~~
                        FP_NAN
/home/ec2-user/arduino-testlib/cli-datadir/user/libraries/PxMatrix_LED_MATRIX_library/examples/Aurora_Demo/Aurora_Demo.ino:65:31: error: &#39;P_OE&#39; was not declared in this scope
 PxMATRIX display(32,16,P_LAT, P_OE,P_A,P_B,P_C);
                               ^~~~
/home/ec2-user/arduino-testlib/cli-datadir/user/libraries/PxMatrix_LED_MATRIX_library/examples/Aurora_Demo/Aurora_Demo.ino:65:31: note: suggested alternative: &#39;M_E&#39;
 PxMATRIX display(32,16,P_LAT, P_OE,P_A,P_B,P_C);
                               ^~~~
                               M_E
/home/ec2-user/arduino-testlib/cli-datadir/user/libraries/PxMatrix_LED_MATRIX_library/examples/Aurora_Demo/Aurora_Demo.ino:65:36: error: &#39;P_A&#39; was not declared in this scope
 PxMATRIX display(32,16,P_LAT, P_OE,P_A,P_B,P_C);
                                    ^~~
/home/ec2-user/arduino-testlib/cli-datadir/user/libraries/PxMatrix_LED_MATRIX_library/examples/Aurora_Demo/Aurora_Demo.ino:65:40: error: &#39;P_B&#39; was not declared in this scope
 PxMATRIX display(32,16,P_LAT, P_OE,P_A,P_B,P_C);
                                        ^~~
/home/ec2-user/arduino-testlib/cli-datadir/user/libraries/PxMatrix_LED_MATRIX_library/examples/Aurora_Demo/Aurora_Demo.ino:65:40: note: suggested alternative: &#39;_B&#39;
 PxMATRIX display(32,16,P_LAT, P_OE,P_A,P_B,P_C);
                                        ^~~
                                        _B
/home/ec2-user/arduino-testlib/cli-datadir/user/libraries/PxMatrix_LED_MATRIX_library/examples/Aurora_Demo/Aurora_Demo.ino:65:44: error: &#39;P_C&#39; was not declared in this scope
 PxMATRIX display(32,16,P_LAT, P_OE,P_A,P_B,P_C);
                                            ^~~
/home/ec2-user/arduino-testlib/cli-datadir/user/libraries/PxMatrix_LED_MATRIX_library/examples/Aurora_Demo/Aurora_Demo.ino:65:44: note: suggested alternative: &#39;_C&#39;
 PxMATRIX display(32,16,P_LAT, P_OE,P_A,P_B,P_C);
                                            ^~~
                                            _C

</pre>
					
					<h4>examples/double_buffer</h4>
					<p>
						Result: <b>FAIL</b>
					</p>
					<pre class="pre-scrollable">In file included from /home/ec2-user/arduino-testlib/cli-datadir/user/libraries/PxMatrix_LED_MATRIX_library/examples/double_buffer/double_buffer.ino:3:0:
/home/ec2-user/arduino-testlib/cli-datadir/user/libraries/PxMatrix_LED_MATRIX_library/PxMatrix.h: In member function &#39;void PxMATRIX::display(uint16_t)&#39;:
/home/ec2-user/arduino-testlib/cli-datadir/user/libraries/PxMatrix_LED_MATRIX_library/PxMatrix.h:1073:9: error: &#39;SPI_TRANSFER&#39; was not declared in this scope
         SPI_TRANSFER(&amp;(*bufferp)[_display_color][i*_send_buffer_size],_send_buffer_size);
         ^~~~~~~~~~~~
/home/ec2-user/arduino-testlib/cli-datadir/user/libraries/PxMatrix_LED_MATRIX_library/PxMatrix.h:1090:3: error: &#39;SPI_TRANSFER&#39; was not declared in this scope
   SPI_TRANSFER(&amp;(*bufferp)[_display_color][i*_send_buffer_size],_send_buffer_size);
   ^~~~~~~~~~~~
/home/ec2-user/arduino-testlib/cli-datadir/user/libraries/PxMatrix_LED_MATRIX_library/PxMatrix.h:1132:7: error: &#39;SPI_TRANSFER&#39; was not declared in this scope
       SPI_TRANSFER(&amp;(*bufferp)[_display_color][i*_send_buffer_size],_send_buffer_size-1);
       ^~~~~~~~~~~~
/home/ec2-user/arduino-testlib/cli-datadir/user/libraries/PxMatrix_LED_MATRIX_library/PxMatrix.h:1142:11: error: &#39;GPIO_REG_SET&#39; was not declared in this scope
           GPIO_REG_SET( 1 &lt;&lt; _SPI_MOSI);
           ^~~~~~~~~~~~
/home/ec2-user/arduino-testlib/cli-datadir/user/libraries/PxMatrix_LED_MATRIX_library/PxMatrix.h:1142:11: note: suggested alternative: &#39;PIO_PWM_ALT&#39;
           GPIO_REG_SET( 1 &lt;&lt; _SPI_MOSI);
           ^~~~~~~~~~~~
           PIO_PWM_ALT
/home/ec2-user/arduino-testlib/cli-datadir/user/libraries/PxMatrix_LED_MATRIX_library/PxMatrix.h:1144:11: error: &#39;GPIO_REG_CLEAR&#39; was not declared in this scope
           GPIO_REG_CLEAR( 1 &lt;&lt; _SPI_MOSI);
           ^~~~~~~~~~~~~~
/home/ec2-user/arduino-testlib/cli-datadir/user/libraries/PxMatrix_LED_MATRIX_library/PxMatrix.h:1144:11: note: suggested alternative: &#39;PIO_AC_CLK&#39;
           GPIO_REG_CLEAR( 1 &lt;&lt; _SPI_MOSI);
           ^~~~~~~~~~~~~~
           PIO_AC_CLK
/home/ec2-user/arduino-testlib/cli-datadir/user/libraries/PxMatrix_LED_MATRIX_library/PxMatrix.h:1145:9: error: &#39;GPIO_REG_SET&#39; was not declared in this scope
         GPIO_REG_SET( 1 &lt;&lt; _SPI_CLK);
         ^~~~~~~~~~~~
/home/ec2-user/arduino-testlib/cli-datadir/user/libraries/PxMatrix_LED_MATRIX_library/PxMatrix.h:1145:9: note: suggested alternative: &#39;PIO_PWM_ALT&#39;
         GPIO_REG_SET( 1 &lt;&lt; _SPI_CLK);
         ^~~~~~~~~~~~
         PIO_PWM_ALT
/home/ec2-user/arduino-testlib/cli-datadir/user/libraries/PxMatrix_LED_MATRIX_library/PxMatrix.h:1146:9: error: &#39;GPIO_REG_CLEAR&#39; was not declared in this scope
         GPIO_REG_CLEAR( 1 &lt;&lt; _SPI_CLK);
         ^~~~~~~~~~~~~~
/home/ec2-user/arduino-testlib/cli-datadir/user/libraries/PxMatrix_LED_MATRIX_library/PxMatrix.h:1146:9: note: suggested alternative: &#39;PIO_AC_CLK&#39;
         GPIO_REG_CLEAR( 1 &lt;&lt; _SPI_CLK);
         ^~~~~~~~~~~~~~
         PIO_AC_CLK
/home/ec2-user/arduino-testlib/cli-datadir/user/libraries/PxMatrix_LED_MATRIX_library/PxMatrix.h: In member function &#39;void PxMATRIX::flushDisplay()&#39;:
/home/ec2-user/arduino-testlib/cli-datadir/user/libraries/PxMatrix_LED_MATRIX_library/PxMatrix.h:1176:5: error: &#39;SPI_BYTE&#39; was not declared in this scope
     SPI_BYTE(0x00);
     ^~~~~~~~
/home/ec2-user/arduino-testlib/cli-datadir/user/libraries/PxMatrix_LED_MATRIX_library/PxMatrix.h:1176:5: note: suggested alternative: &#39;_SFR_BYTE&#39;
     SPI_BYTE(0x00);
     ^~~~~~~~
     _SFR_BYTE
/home/ec2-user/arduino-testlib/cli-datadir/user/libraries/PxMatrix_LED_MATRIX_library/PxMatrix.h: In member function &#39;void PxMATRIX::displayTestPattern(uint16_t)&#39;:
/home/ec2-user/arduino-testlib/cli-datadir/user/libraries/PxMatrix_LED_MATRIX_library/PxMatrix.h:1185:7: error: &#39;SPI_BYTE&#39; was not declared in this scope
       SPI_BYTE(0xFF);
       ^~~~~~~~
/home/ec2-user/arduino-testlib/cli-datadir/user/libraries/PxMatrix_LED_MATRIX_library/PxMatrix.h:1185:7: note: suggested alternative: &#39;_SFR_BYTE&#39;
       SPI_BYTE(0xFF);
       ^~~~~~~~
       _SFR_BYTE
/home/ec2-user/arduino-testlib/cli-datadir/user/libraries/PxMatrix_LED_MATRIX_library/PxMatrix.h: In member function &#39;void PxMATRIX::displayTestPixel(uint16_t)&#39;:
/home/ec2-user/arduino-testlib/cli-datadir/user/libraries/PxMatrix_LED_MATRIX_library/PxMatrix.h:1232:5: error: &#39;SPI_BYTE&#39; was not declared in this scope
     SPI_BYTE(1&lt;&lt;_test_pixel_counter%8);
     ^~~~~~~~
/home/ec2-user/arduino-testlib/cli-datadir/user/libraries/PxMatrix_LED_MATRIX_library/PxMatrix.h:1232:5: note: suggested alternative: &#39;_SFR_BYTE&#39;
     SPI_BYTE(1&lt;&lt;_test_pixel_counter%8);
     ^~~~~~~~
     _SFR_BYTE
/home/ec2-user/arduino-testlib/cli-datadir/user/libraries/PxMatrix_LED_MATRIX_library/examples/double_buffer/double_buffer.ino: At global scope:
/home/ec2-user/arduino-testlib/cli-datadir/user/libraries/PxMatrix_LED_MATRIX_library/examples/double_buffer/double_buffer.ino:35:24: error: &#39;P_LAT&#39; was not declared in this scope
 PxMATRIX display(64,32,P_LAT, P_OE,P_A,P_B,P_C,P_D);
                        ^~~~~
/home/ec2-user/arduino-testlib/cli-datadir/user/libraries/PxMatrix_LED_MATRIX_library/examples/double_buffer/double_buffer.ino:35:24: note: suggested alternative: &#39;FP_NAN&#39;
 PxMATRIX display(64,32,P_LAT, P_OE,P_A,P_B,P_C,P_D);
                        ^~~~~
                        FP_NAN
/home/ec2-user/arduino-testlib/cli-datadir/user/libraries/PxMatrix_LED_MATRIX_library/examples/double_buffer/double_buffer.ino:35:31: error: &#39;P_OE&#39; was not declared in this scope
 PxMATRIX display(64,32,P_LAT, P_OE,P_A,P_B,P_C,P_D);
                               ^~~~
/home/ec2-user/arduino-testlib/cli-datadir/user/libraries/PxMatrix_LED_MATRIX_library/examples/double_buffer/double_buffer.ino:35:31: note: suggested alternative: &#39;M_E&#39;
 PxMATRIX display(64,32,P_LAT, P_OE,P_A,P_B,P_C,P_D);
                               ^~~~
                               M_E
/home/ec2-user/arduino-testlib/cli-datadir/user/libraries/PxMatrix_LED_MATRIX_library/examples/double_buffer/double_buffer.ino:35:36: error: &#39;P_A&#39; was not declared in this scope
 PxMATRIX display(64,32,P_LAT, P_OE,P_A,P_B,P_C,P_D);
                                    ^~~
/home/ec2-user/arduino-testlib/cli-datadir/user/libraries/PxMatrix_LED_MATRIX_library/examples/double_buffer/double_buffer.ino:35:40: error: &#39;P_B&#39; was not declared in this scope
 PxMATRIX display(64,32,P_LAT, P_OE,P_A,P_B,P_C,P_D);
                                        ^~~
/home/ec2-user/arduino-testlib/cli-datadir/user/libraries/PxMatrix_LED_MATRIX_library/examples/double_buffer/double_buffer.ino:35:40: note: suggested alternative: &#39;_B&#39;
 PxMATRIX display(64,32,P_LAT, P_OE,P_A,P_B,P_C,P_D);
                                        ^~~
                                        _B
/home/ec2-user/arduino-testlib/cli-datadir/user/libraries/PxMatrix_LED_MATRIX_library/examples/double_buffer/double_buffer.ino:35:44: error: &#39;P_C&#39; was not declared in this scope
 PxMATRIX display(64,32,P_LAT, P_OE,P_A,P_B,P_C,P_D);
                                            ^~~
/home/ec2-user/arduino-testlib/cli-datadir/user/libraries/PxMatrix_LED_MATRIX_library/examples/double_buffer/double_buffer.ino:35:44: note: suggested alternative: &#39;_C&#39;
 PxMATRIX display(64,32,P_LAT, P_OE,P_A,P_B,P_C,P_D);
                                            ^~~
                                            _C
/home/ec2-user/arduino-testlib/cli-datadir/user/libraries/PxMatrix_LED_MATRIX_library/examples/double_buffer/double_buffer.ino:35:48: error: &#39;P_D&#39; was not declared in this scope
 PxMATRIX display(64,32,P_LAT, P_OE,P_A,P_B,P_C,P_D);
                                                ^~~

</pre>
					
					<h4>examples/mario_image_fm6216a_esp32</h4>
					<p>
						Result: <b>FAIL</b>
					</p>
					<pre class="pre-scrollable"></pre>
					
					<h4>examples/override_spi_pins_esp32</h4>
					<p>
						Result: <b>FAIL</b>
					</p>
					<pre class="pre-scrollable">In file included from /home/ec2-user/arduino-testlib/cli-datadir/user/libraries/PxMatrix_LED_MATRIX_library/examples/override_spi_pins_esp32/override_spi_pins_esp32.ino:27:0:
/home/ec2-user/arduino-testlib/cli-datadir/user/libraries/PxMatrix_LED_MATRIX_library/PxMatrix.h: In member function &#39;void PxMATRIX::display(uint16_t)&#39;:
/home/ec2-user/arduino-testlib/cli-datadir/user/libraries/PxMatrix_LED_MATRIX_library/PxMatrix.h:1073:9: error: &#39;SPI_TRANSFER&#39; was not declared in this scope
         SPI_TRANSFER(&amp;(*bufferp)[_display_color][i*_send_buffer_size],_send_buffer_size);
         ^~~~~~~~~~~~
/home/ec2-user/arduino-testlib/cli-datadir/user/libraries/PxMatrix_LED_MATRIX_library/PxMatrix.h:1090:3: error: &#39;SPI_TRANSFER&#39; was not declared in this scope
   SPI_TRANSFER(&amp;(*bufferp)[_display_color][i*_send_buffer_size],_send_buffer_size);
   ^~~~~~~~~~~~
/home/ec2-user/arduino-testlib/cli-datadir/user/libraries/PxMatrix_LED_MATRIX_library/PxMatrix.h:1132:7: error: &#39;SPI_TRANSFER&#39; was not declared in this scope
       SPI_TRANSFER(&amp;(*bufferp)[_display_color][i*_send_buffer_size],_send_buffer_size-1);
       ^~~~~~~~~~~~
/home/ec2-user/arduino-testlib/cli-datadir/user/libraries/PxMatrix_LED_MATRIX_library/PxMatrix.h:1142:11: error: &#39;GPIO_REG_SET&#39; was not declared in this scope
           GPIO_REG_SET( 1 &lt;&lt; _SPI_MOSI);
           ^~~~~~~~~~~~
/home/ec2-user/arduino-testlib/cli-datadir/user/libraries/PxMatrix_LED_MATRIX_library/PxMatrix.h:1142:11: note: suggested alternative: &#39;PIO_PWM_ALT&#39;
           GPIO_REG_SET( 1 &lt;&lt; _SPI_MOSI);
           ^~~~~~~~~~~~
           PIO_PWM_ALT
/home/ec2-user/arduino-testlib/cli-datadir/user/libraries/PxMatrix_LED_MATRIX_library/PxMatrix.h:1144:11: error: &#39;GPIO_REG_CLEAR&#39; was not declared in this scope
           GPIO_REG_CLEAR( 1 &lt;&lt; _SPI_MOSI);
           ^~~~~~~~~~~~~~
/home/ec2-user/arduino-testlib/cli-datadir/user/libraries/PxMatrix_LED_MATRIX_library/PxMatrix.h:1144:11: note: suggested alternative: &#39;PIO_AC_CLK&#39;
           GPIO_REG_CLEAR( 1 &lt;&lt; _SPI_MOSI);
           ^~~~~~~~~~~~~~
           PIO_AC_CLK
/home/ec2-user/arduino-testlib/cli-datadir/user/libraries/PxMatrix_LED_MATRIX_library/PxMatrix.h:1145:9: error: &#39;GPIO_REG_SET&#39; was not declared in this scope
         GPIO_REG_SET( 1 &lt;&lt; _SPI_CLK);
         ^~~~~~~~~~~~
/home/ec2-user/arduino-testlib/cli-datadir/user/libraries/PxMatrix_LED_MATRIX_library/PxMatrix.h:1145:9: note: suggested alternative: &#39;PIO_PWM_ALT&#39;
         GPIO_REG_SET( 1 &lt;&lt; _SPI_CLK);
         ^~~~~~~~~~~~
         PIO_PWM_ALT
/home/ec2-user/arduino-testlib/cli-datadir/user/libraries/PxMatrix_LED_MATRIX_library/PxMatrix.h:1146:9: error: &#39;GPIO_REG_CLEAR&#39; was not declared in this scope
         GPIO_REG_CLEAR( 1 &lt;&lt; _SPI_CLK);
         ^~~~~~~~~~~~~~
/home/ec2-user/arduino-testlib/cli-datadir/user/libraries/PxMatrix_LED_MATRIX_library/PxMatrix.h:1146:9: note: suggested alternative: &#39;PIO_AC_CLK&#39;
         GPIO_REG_CLEAR( 1 &lt;&lt; _SPI_CLK);
         ^~~~~~~~~~~~~~
         PIO_AC_CLK
/home/ec2-user/arduino-testlib/cli-datadir/user/libraries/PxMatrix_LED_MATRIX_library/PxMatrix.h: In member function &#39;void PxMATRIX::flushDisplay()&#39;:
/home/ec2-user/arduino-testlib/cli-datadir/user/libraries/PxMatrix_LED_MATRIX_library/PxMatrix.h:1176:5: error: &#39;SPI_BYTE&#39; was not declared in this scope
     SPI_BYTE(0x00);
     ^~~~~~~~
/home/ec2-user/arduino-testlib/cli-datadir/user/libraries/PxMatrix_LED_MATRIX_library/PxMatrix.h:1176:5: note: suggested alternative: &#39;_SFR_BYTE&#39;
     SPI_BYTE(0x00);
     ^~~~~~~~
     _SFR_BYTE
/home/ec2-user/arduino-testlib/cli-datadir/user/libraries/PxMatrix_LED_MATRIX_library/PxMatrix.h: In member function &#39;void PxMATRIX::displayTestPattern(uint16_t)&#39;:
/home/ec2-user/arduino-testlib/cli-datadir/user/libraries/PxMatrix_LED_MATRIX_library/PxMatrix.h:1185:7: error: &#39;SPI_BYTE&#39; was not declared in this scope
       SPI_BYTE(0xFF);
       ^~~~~~~~
/home/ec2-user/arduino-testlib/cli-datadir/user/libraries/PxMatrix_LED_MATRIX_library/PxMatrix.h:1185:7: note: suggested alternative: &#39;_SFR_BYTE&#39;
       SPI_BYTE(0xFF);
       ^~~~~~~~
       _SFR_BYTE
/home/ec2-user/arduino-testlib/cli-datadir/user/libraries/PxMatrix_LED_MATRIX_library/PxMatrix.h: In member function &#39;void PxMATRIX::displayTestPixel(uint16_t)&#39;:
/home/ec2-user/arduino-testlib/cli-datadir/user/libraries/PxMatrix_LED_MATRIX_library/PxMatrix.h:1232:5: error: &#39;SPI_BYTE&#39; was not declared in this scope
     SPI_BYTE(1&lt;&lt;_test_pixel_counter%8);
     ^~~~~~~~
/home/ec2-user/arduino-testlib/cli-datadir/user/libraries/PxMatrix_LED_MATRIX_library/PxMatrix.h:1232:5: note: suggested alternative: &#39;_SFR_BYTE&#39;
     SPI_BYTE(1&lt;&lt;_test_pixel_counter%8);
     ^~~~~~~~
     _SFR_BYTE
/home/ec2-user/arduino-testlib/cli-datadir/user/libraries/PxMatrix_LED_MATRIX_library/examples/override_spi_pins_esp32/override_spi_pins_esp32.ino: At global scope:
/home/ec2-user/arduino-testlib/cli-datadir/user/libraries/PxMatrix_LED_MATRIX_library/examples/override_spi_pins_esp32/override_spi_pins_esp32.ino:52:24: error: &#39;P_LAT&#39; was not declared in this scope
 PxMATRIX display(64,32,P_LAT, P_OE,P_A,P_B,P_C,P_D);
                        ^~~~~
/home/ec2-user/arduino-testlib/cli-datadir/user/libraries/PxMatrix_LED_MATRIX_library/examples/override_spi_pins_esp32/override_spi_pins_esp32.ino:52:24: note: suggested alternative: &#39;FP_NAN&#39;
 PxMATRIX display(64,32,P_LAT, P_OE,P_A,P_B,P_C,P_D);
                        ^~~~~
                        FP_NAN
/home/ec2-user/arduino-testlib/cli-datadir/user/libraries/PxMatrix_LED_MATRIX_library/examples/override_spi_pins_esp32/override_spi_pins_esp32.ino:52:31: error: &#39;P_OE&#39; was not declared in this scope
 PxMATRIX display(64,32,P_LAT, P_OE,P_A,P_B,P_C,P_D);
                               ^~~~
/home/ec2-user/arduino-testlib/cli-datadir/user/libraries/PxMatrix_LED_MATRIX_library/examples/override_spi_pins_esp32/override_spi_pins_esp32.ino:52:31: note: suggested alternative: &#39;M_E&#39;
 PxMATRIX display(64,32,P_LAT, P_OE,P_A,P_B,P_C,P_D);
                               ^~~~
                               M_E
/home/ec2-user/arduino-testlib/cli-datadir/user/libraries/PxMatrix_LED_MATRIX_library/examples/override_spi_pins_esp32/override_spi_pins_esp32.ino:52:36: error: &#39;P_A&#39; was not declared in this scope
 PxMATRIX display(64,32,P_LAT, P_OE,P_A,P_B,P_C,P_D);
                                    ^~~
/home/ec2-user/arduino-testlib/cli-datadir/user/libraries/PxMatrix_LED_MATRIX_library/examples/override_spi_pins_esp32/override_spi_pins_esp32.ino:52:40: error: &#39;P_B&#39; was not declared in this scope
 PxMATRIX display(64,32,P_LAT, P_OE,P_A,P_B,P_C,P_D);
                                        ^~~
/home/ec2-user/arduino-testlib/cli-datadir/user/libraries/PxMatrix_LED_MATRIX_library/examples/override_spi_pins_esp32/override_spi_pins_esp32.ino:52:40: note: suggested alternative: &#39;_B&#39;
 PxMATRIX display(64,32,P_LAT, P_OE,P_A,P_B,P_C,P_D);
                                        ^~~
                                        _B
/home/ec2-user/arduino-testlib/cli-datadir/user/libraries/PxMatrix_LED_MATRIX_library/examples/override_spi_pins_esp32/override_spi_pins_esp32.ino:52:44: error: &#39;P_C&#39; was not declared in this scope
 PxMATRIX display(64,32,P_LAT, P_OE,P_A,P_B,P_C,P_D);
                                            ^~~
/home/ec2-user/arduino-testlib/cli-datadir/user/libraries/PxMatrix_LED_MATRIX_library/examples/override_spi_pins_esp32/override_spi_pins_esp32.ino:52:44: note: suggested alternative: &#39;_C&#39;
 PxMATRIX display(64,32,P_LAT, P_OE,P_A,P_B,P_C,P_D);
                                            ^~~
                                            _C
/home/ec2-user/arduino-testlib/cli-datadir/user/libraries/PxMatrix_LED_MATRIX_library/examples/override_spi_pins_esp32/override_spi_pins_esp32.ino:52:48: error: &#39;P_D&#39; was not declared in this scope
 PxMATRIX display(64,32,P_LAT, P_OE,P_A,P_B,P_C,P_D);
                                                ^~~

</pre>
					
					<h4>examples/pattern_test</h4>
					<p>
						Result: <b>FAIL</b>
					</p>
					<pre class="pre-scrollable">In file included from /home/ec2-user/arduino-testlib/cli-datadir/user/libraries/PxMatrix_LED_MATRIX_library/examples/pattern_test/pattern_test.ino:1:0:
/home/ec2-user/arduino-testlib/cli-datadir/user/libraries/PxMatrix_LED_MATRIX_library/PxMatrix.h: In member function &#39;void PxMATRIX::display(uint16_t)&#39;:
/home/ec2-user/arduino-testlib/cli-datadir/user/libraries/PxMatrix_LED_MATRIX_library/PxMatrix.h:1073:9: error: &#39;SPI_TRANSFER&#39; was not declared in this scope
         SPI_TRANSFER(&amp;(*bufferp)[_display_color][i*_send_buffer_size],_send_buffer_size);
         ^~~~~~~~~~~~
/home/ec2-user/arduino-testlib/cli-datadir/user/libraries/PxMatrix_LED_MATRIX_library/PxMatrix.h:1090:3: error: &#39;SPI_TRANSFER&#39; was not declared in this scope
   SPI_TRANSFER(&amp;(*bufferp)[_display_color][i*_send_buffer_size],_send_buffer_size);
   ^~~~~~~~~~~~
/home/ec2-user/arduino-testlib/cli-datadir/user/libraries/PxMatrix_LED_MATRIX_library/PxMatrix.h:1132:7: error: &#39;SPI_TRANSFER&#39; was not declared in this scope
       SPI_TRANSFER(&amp;(*bufferp)[_display_color][i*_send_buffer_size],_send_buffer_size-1);
       ^~~~~~~~~~~~
/home/ec2-user/arduino-testlib/cli-datadir/user/libraries/PxMatrix_LED_MATRIX_library/PxMatrix.h:1142:11: error: &#39;GPIO_REG_SET&#39; was not declared in this scope
           GPIO_REG_SET( 1 &lt;&lt; _SPI_MOSI);
           ^~~~~~~~~~~~
/home/ec2-user/arduino-testlib/cli-datadir/user/libraries/PxMatrix_LED_MATRIX_library/PxMatrix.h:1142:11: note: suggested alternative: &#39;PIO_PWM_ALT&#39;
           GPIO_REG_SET( 1 &lt;&lt; _SPI_MOSI);
           ^~~~~~~~~~~~
           PIO_PWM_ALT
/home/ec2-user/arduino-testlib/cli-datadir/user/libraries/PxMatrix_LED_MATRIX_library/PxMatrix.h:1144:11: error: &#39;GPIO_REG_CLEAR&#39; was not declared in this scope
           GPIO_REG_CLEAR( 1 &lt;&lt; _SPI_MOSI);
           ^~~~~~~~~~~~~~
/home/ec2-user/arduino-testlib/cli-datadir/user/libraries/PxMatrix_LED_MATRIX_library/PxMatrix.h:1144:11: note: suggested alternative: &#39;PIO_AC_CLK&#39;
           GPIO_REG_CLEAR( 1 &lt;&lt; _SPI_MOSI);
           ^~~~~~~~~~~~~~
           PIO_AC_CLK
/home/ec2-user/arduino-testlib/cli-datadir/user/libraries/PxMatrix_LED_MATRIX_library/PxMatrix.h:1145:9: error: &#39;GPIO_REG_SET&#39; was not declared in this scope
         GPIO_REG_SET( 1 &lt;&lt; _SPI_CLK);
         ^~~~~~~~~~~~
/home/ec2-user/arduino-testlib/cli-datadir/user/libraries/PxMatrix_LED_MATRIX_library/PxMatrix.h:1145:9: note: suggested alternative: &#39;PIO_PWM_ALT&#39;
         GPIO_REG_SET( 1 &lt;&lt; _SPI_CLK);
         ^~~~~~~~~~~~
         PIO_PWM_ALT
/home/ec2-user/arduino-testlib/cli-datadir/user/libraries/PxMatrix_LED_MATRIX_library/PxMatrix.h:1146:9: error: &#39;GPIO_REG_CLEAR&#39; was not declared in this scope
         GPIO_REG_CLEAR( 1 &lt;&lt; _SPI_CLK);
         ^~~~~~~~~~~~~~
/home/ec2-user/arduino-testlib/cli-datadir/user/libraries/PxMatrix_LED_MATRIX_library/PxMatrix.h:1146:9: note: suggested alternative: &#39;PIO_AC_CLK&#39;
         GPIO_REG_CLEAR( 1 &lt;&lt; _SPI_CLK);
         ^~~~~~~~~~~~~~
         PIO_AC_CLK
/home/ec2-user/arduino-testlib/cli-datadir/user/libraries/PxMatrix_LED_MATRIX_library/PxMatrix.h: In member function &#39;void PxMATRIX::flushDisplay()&#39;:
/home/ec2-user/arduino-testlib/cli-datadir/user/libraries/PxMatrix_LED_MATRIX_library/PxMatrix.h:1176:5: error: &#39;SPI_BYTE&#39; was not declared in this scope
     SPI_BYTE(0x00);
     ^~~~~~~~
/home/ec2-user/arduino-testlib/cli-datadir/user/libraries/PxMatrix_LED_MATRIX_library/PxMatrix.h:1176:5: note: suggested alternative: &#39;_SFR_BYTE&#39;
     SPI_BYTE(0x00);
     ^~~~~~~~
     _SFR_BYTE
/home/ec2-user/arduino-testlib/cli-datadir/user/libraries/PxMatrix_LED_MATRIX_library/PxMatrix.h: In member function &#39;void PxMATRIX::displayTestPattern(uint16_t)&#39;:
/home/ec2-user/arduino-testlib/cli-datadir/user/libraries/PxMatrix_LED_MATRIX_library/PxMatrix.h:1185:7: error: &#39;SPI_BYTE&#39; was not declared in this scope
       SPI_BYTE(0xFF);
       ^~~~~~~~
/home/ec2-user/arduino-testlib/cli-datadir/user/libraries/PxMatrix_LED_MATRIX_library/PxMatrix.h:1185:7: note: suggested alternative: &#39;_SFR_BYTE&#39;
       SPI_BYTE(0xFF);
       ^~~~~~~~
       _SFR_BYTE
/home/ec2-user/arduino-testlib/cli-datadir/user/libraries/PxMatrix_LED_MATRIX_library/PxMatrix.h: In member function &#39;void PxMATRIX::displayTestPixel(uint16_t)&#39;:
/home/ec2-user/arduino-testlib/cli-datadir/user/libraries/PxMatrix_LED_MATRIX_library/PxMatrix.h:1232:5: error: &#39;SPI_BYTE&#39; was not declared in this scope
     SPI_BYTE(1&lt;&lt;_test_pixel_counter%8);
     ^~~~~~~~
/home/ec2-user/arduino-testlib/cli-datadir/user/libraries/PxMatrix_LED_MATRIX_library/PxMatrix.h:1232:5: note: suggested alternative: &#39;_SFR_BYTE&#39;
     SPI_BYTE(1&lt;&lt;_test_pixel_counter%8);
     ^~~~~~~~
     _SFR_BYTE
/home/ec2-user/arduino-testlib/cli-datadir/user/libraries/PxMatrix_LED_MATRIX_library/examples/pattern_test/pattern_test.ino: At global scope:
/home/ec2-user/arduino-testlib/cli-datadir/user/libraries/PxMatrix_LED_MATRIX_library/examples/pattern_test/pattern_test.ino:33:24: error: &#39;P_LAT&#39; was not declared in this scope
 PxMATRIX display(32,16,P_LAT, P_OE,P_A,P_B,P_C);
                        ^~~~~
/home/ec2-user/arduino-testlib/cli-datadir/user/libraries/PxMatrix_LED_MATRIX_library/examples/pattern_test/pattern_test.ino:33:24: note: suggested alternative: &#39;FP_NAN&#39;
 PxMATRIX display(32,16,P_LAT, P_OE,P_A,P_B,P_C);
                        ^~~~~
                        FP_NAN
/home/ec2-user/arduino-testlib/cli-datadir/user/libraries/PxMatrix_LED_MATRIX_library/examples/pattern_test/pattern_test.ino:33:31: error: &#39;P_OE&#39; was not declared in this scope
 PxMATRIX display(32,16,P_LAT, P_OE,P_A,P_B,P_C);
                               ^~~~
/home/ec2-user/arduino-testlib/cli-datadir/user/libraries/PxMatrix_LED_MATRIX_library/examples/pattern_test/pattern_test.ino:33:31: note: suggested alternative: &#39;M_E&#39;
 PxMATRIX display(32,16,P_LAT, P_OE,P_A,P_B,P_C);
                               ^~~~
                               M_E
/home/ec2-user/arduino-testlib/cli-datadir/user/libraries/PxMatrix_LED_MATRIX_library/examples/pattern_test/pattern_test.ino:33:36: error: &#39;P_A&#39; was not declared in this scope
 PxMATRIX display(32,16,P_LAT, P_OE,P_A,P_B,P_C);
                                    ^~~
/home/ec2-user/arduino-testlib/cli-datadir/user/libraries/PxMatrix_LED_MATRIX_library/examples/pattern_test/pattern_test.ino:33:40: error: &#39;P_B&#39; was not declared in this scope
 PxMATRIX display(32,16,P_LAT, P_OE,P_A,P_B,P_C);
                                        ^~~
/home/ec2-user/arduino-testlib/cli-datadir/user/libraries/PxMatrix_LED_MATRIX_library/examples/pattern_test/pattern_test.ino:33:40: note: suggested alternative: &#39;_B&#39;
 PxMATRIX display(32,16,P_LAT, P_OE,P_A,P_B,P_C);
                                        ^~~
                                        _B
/home/ec2-user/arduino-testlib/cli-datadir/user/libraries/PxMatrix_LED_MATRIX_library/examples/pattern_test/pattern_test.ino:33:44: error: &#39;P_C&#39; was not declared in this scope
 PxMATRIX display(32,16,P_LAT, P_OE,P_A,P_B,P_C);
                                            ^~~
/home/ec2-user/arduino-testlib/cli-datadir/user/libraries/PxMatrix_LED_MATRIX_library/examples/pattern_test/pattern_test.ino:33:44: note: suggested alternative: &#39;_C&#39;
 PxMATRIX display(32,16,P_LAT, P_OE,P_A,P_B,P_C);
                                            ^~~
                                            _C

</pre>
					
					<h4>examples/pixeltime</h4>
					<p>
						Result: <b>FAIL</b>
					</p>
					<pre class="pre-scrollable">In file included from /home/ec2-user/arduino-testlib/cli-datadir/user/libraries/PxMatrix_LED_MATRIX_library/examples/pixeltime/pixeltime.ino:19:0:
/home/ec2-user/arduino-testlib/cli-datadir/user/libraries/PxMatrix_LED_MATRIX_library/PxMatrix.h: In member function &#39;void PxMATRIX::display(uint16_t)&#39;:
/home/ec2-user/arduino-testlib/cli-datadir/user/libraries/PxMatrix_LED_MATRIX_library/PxMatrix.h:1073:9: error: &#39;SPI_TRANSFER&#39; was not declared in this scope
         SPI_TRANSFER(&amp;(*bufferp)[_display_color][i*_send_buffer_size],_send_buffer_size);
         ^~~~~~~~~~~~
/home/ec2-user/arduino-testlib/cli-datadir/user/libraries/PxMatrix_LED_MATRIX_library/PxMatrix.h:1090:3: error: &#39;SPI_TRANSFER&#39; was not declared in this scope
   SPI_TRANSFER(&amp;(*bufferp)[_display_color][i*_send_buffer_size],_send_buffer_size);
   ^~~~~~~~~~~~
/home/ec2-user/arduino-testlib/cli-datadir/user/libraries/PxMatrix_LED_MATRIX_library/PxMatrix.h:1132:7: error: &#39;SPI_TRANSFER&#39; was not declared in this scope
       SPI_TRANSFER(&amp;(*bufferp)[_display_color][i*_send_buffer_size],_send_buffer_size-1);
       ^~~~~~~~~~~~
/home/ec2-user/arduino-testlib/cli-datadir/user/libraries/PxMatrix_LED_MATRIX_library/PxMatrix.h:1142:11: error: &#39;GPIO_REG_SET&#39; was not declared in this scope
           GPIO_REG_SET( 1 &lt;&lt; _SPI_MOSI);
           ^~~~~~~~~~~~
/home/ec2-user/arduino-testlib/cli-datadir/user/libraries/PxMatrix_LED_MATRIX_library/PxMatrix.h:1142:11: note: suggested alternative: &#39;PIO_PWM_ALT&#39;
           GPIO_REG_SET( 1 &lt;&lt; _SPI_MOSI);
           ^~~~~~~~~~~~
           PIO_PWM_ALT
/home/ec2-user/arduino-testlib/cli-datadir/user/libraries/PxMatrix_LED_MATRIX_library/PxMatrix.h:1144:11: error: &#39;GPIO_REG_CLEAR&#39; was not declared in this scope
           GPIO_REG_CLEAR( 1 &lt;&lt; _SPI_MOSI);
           ^~~~~~~~~~~~~~
/home/ec2-user/arduino-testlib/cli-datadir/user/libraries/PxMatrix_LED_MATRIX_library/PxMatrix.h:1144:11: note: suggested alternative: &#39;PIO_AC_CLK&#39;
           GPIO_REG_CLEAR( 1 &lt;&lt; _SPI_MOSI);
           ^~~~~~~~~~~~~~
           PIO_AC_CLK
/home/ec2-user/arduino-testlib/cli-datadir/user/libraries/PxMatrix_LED_MATRIX_library/PxMatrix.h:1145:9: error: &#39;GPIO_REG_SET&#39; was not declared in this scope
         GPIO_REG_SET( 1 &lt;&lt; _SPI_CLK);
         ^~~~~~~~~~~~
/home/ec2-user/arduino-testlib/cli-datadir/user/libraries/PxMatrix_LED_MATRIX_library/PxMatrix.h:1145:9: note: suggested alternative: &#39;PIO_PWM_ALT&#39;
         GPIO_REG_SET( 1 &lt;&lt; _SPI_CLK);
         ^~~~~~~~~~~~
         PIO_PWM_ALT
/home/ec2-user/arduino-testlib/cli-datadir/user/libraries/PxMatrix_LED_MATRIX_library/PxMatrix.h:1146:9: error: &#39;GPIO_REG_CLEAR&#39; was not declared in this scope
         GPIO_REG_CLEAR( 1 &lt;&lt; _SPI_CLK);
         ^~~~~~~~~~~~~~
/home/ec2-user/arduino-testlib/cli-datadir/user/libraries/PxMatrix_LED_MATRIX_library/PxMatrix.h:1146:9: note: suggested alternative: &#39;PIO_AC_CLK&#39;
         GPIO_REG_CLEAR( 1 &lt;&lt; _SPI_CLK);
         ^~~~~~~~~~~~~~
         PIO_AC_CLK
/home/ec2-user/arduino-testlib/cli-datadir/user/libraries/PxMatrix_LED_MATRIX_library/PxMatrix.h: In member function &#39;void PxMATRIX::flushDisplay()&#39;:
/home/ec2-user/arduino-testlib/cli-datadir/user/libraries/PxMatrix_LED_MATRIX_library/PxMatrix.h:1176:5: error: &#39;SPI_BYTE&#39; was not declared in this scope
     SPI_BYTE(0x00);
     ^~~~~~~~
/home/ec2-user/arduino-testlib/cli-datadir/user/libraries/PxMatrix_LED_MATRIX_library/PxMatrix.h:1176:5: note: suggested alternative: &#39;_SFR_BYTE&#39;
     SPI_BYTE(0x00);
     ^~~~~~~~
     _SFR_BYTE
/home/ec2-user/arduino-testlib/cli-datadir/user/libraries/PxMatrix_LED_MATRIX_library/PxMatrix.h: In member function &#39;void PxMATRIX::displayTestPattern(uint16_t)&#39;:
/home/ec2-user/arduino-testlib/cli-datadir/user/libraries/PxMatrix_LED_MATRIX_library/PxMatrix.h:1185:7: error: &#39;SPI_BYTE&#39; was not declared in this scope
       SPI_BYTE(0xFF);
       ^~~~~~~~
/home/ec2-user/arduino-testlib/cli-datadir/user/libraries/PxMatrix_LED_MATRIX_library/PxMatrix.h:1185:7: note: suggested alternative: &#39;_SFR_BYTE&#39;
       SPI_BYTE(0xFF);
       ^~~~~~~~
       _SFR_BYTE
/home/ec2-user/arduino-testlib/cli-datadir/user/libraries/PxMatrix_LED_MATRIX_library/PxMatrix.h: In member function &#39;void PxMATRIX::displayTestPixel(uint16_t)&#39;:
/home/ec2-user/arduino-testlib/cli-datadir/user/libraries/PxMatrix_LED_MATRIX_library/PxMatrix.h:1232:5: error: &#39;SPI_BYTE&#39; was not declared in this scope
     SPI_BYTE(1&lt;&lt;_test_pixel_counter%8);
     ^~~~~~~~
/home/ec2-user/arduino-testlib/cli-datadir/user/libraries/PxMatrix_LED_MATRIX_library/PxMatrix.h:1232:5: note: suggested alternative: &#39;_SFR_BYTE&#39;
     SPI_BYTE(1&lt;&lt;_test_pixel_counter%8);
     ^~~~~~~~
     _SFR_BYTE
/home/ec2-user/arduino-testlib/cli-datadir/user/libraries/PxMatrix_LED_MATRIX_library/examples/pixeltime/pixeltime.ino: At global scope:
/home/ec2-user/arduino-testlib/cli-datadir/user/libraries/PxMatrix_LED_MATRIX_library/examples/pixeltime/pixeltime.ino:57:24: error: &#39;P_LAT&#39; was not declared in this scope
 PxMATRIX display(32,16,P_LAT, P_OE,P_A,P_B,P_C);
                        ^~~~~
/home/ec2-user/arduino-testlib/cli-datadir/user/libraries/PxMatrix_LED_MATRIX_library/examples/pixeltime/pixeltime.ino:57:24: note: suggested alternative: &#39;FP_NAN&#39;
 PxMATRIX display(32,16,P_LAT, P_OE,P_A,P_B,P_C);
                        ^~~~~
                        FP_NAN
/home/ec2-user/arduino-testlib/cli-datadir/user/libraries/PxMatrix_LED_MATRIX_library/examples/pixeltime/pixeltime.ino:57:31: error: &#39;P_OE&#39; was not declared in this scope
 PxMATRIX display(32,16,P_LAT, P_OE,P_A,P_B,P_C);
                               ^~~~
/home/ec2-user/arduino-testlib/cli-datadir/user/libraries/PxMatrix_LED_MATRIX_library/examples/pixeltime/pixeltime.ino:57:31: note: suggested alternative: &#39;M_E&#39;
 PxMATRIX display(32,16,P_LAT, P_OE,P_A,P_B,P_C);
                               ^~~~
                               M_E
/home/ec2-user/arduino-testlib/cli-datadir/user/libraries/PxMatrix_LED_MATRIX_library/examples/pixeltime/pixeltime.ino:57:36: error: &#39;P_A&#39; was not declared in this scope
 PxMATRIX display(32,16,P_LAT, P_OE,P_A,P_B,P_C);
                                    ^~~
/home/ec2-user/arduino-testlib/cli-datadir/user/libraries/PxMatrix_LED_MATRIX_library/examples/pixeltime/pixeltime.ino:57:40: error: &#39;P_B&#39; was not declared in this scope
 PxMATRIX display(32,16,P_LAT, P_OE,P_A,P_B,P_C);
                                        ^~~
/home/ec2-user/arduino-testlib/cli-datadir/user/libraries/PxMatrix_LED_MATRIX_library/examples/pixeltime/pixeltime.ino:57:40: note: suggested alternative: &#39;_B&#39;
 PxMATRIX display(32,16,P_LAT, P_OE,P_A,P_B,P_C);
                                        ^~~
                                        _B
/home/ec2-user/arduino-testlib/cli-datadir/user/libraries/PxMatrix_LED_MATRIX_library/examples/pixeltime/pixeltime.ino:57:44: error: &#39;P_C&#39; was not declared in this scope
 PxMATRIX display(32,16,P_LAT, P_OE,P_A,P_B,P_C);
                                            ^~~
/home/ec2-user/arduino-testlib/cli-datadir/user/libraries/PxMatrix_LED_MATRIX_library/examples/pixeltime/pixeltime.ino:57:44: note: suggested alternative: &#39;_C&#39;
 PxMATRIX display(32,16,P_LAT, P_OE,P_A,P_B,P_C);
                                            ^~~
                                            _C

</pre>
					
					<h4>examples/pixeltime_AVR</h4>
					<p>
						Result: <b>FAIL</b>
					</p>
					<pre class="pre-scrollable">In file included from /home/ec2-user/arduino-testlib/cli-datadir/user/libraries/PxMatrix_LED_MATRIX_library/examples/pixeltime_AVR/pixeltime_AVR.ino:5:0:
/home/ec2-user/arduino-testlib/cli-datadir/user/libraries/PxMatrix_LED_MATRIX_library/PxMatrix.h: In member function &#39;void PxMATRIX::display(uint16_t)&#39;:
/home/ec2-user/arduino-testlib/cli-datadir/user/libraries/PxMatrix_LED_MATRIX_library/PxMatrix.h:1073:9: error: &#39;SPI_TRANSFER&#39; was not declared in this scope
         SPI_TRANSFER(&amp;(*bufferp)[_display_color][i*_send_buffer_size],_send_buffer_size);
         ^~~~~~~~~~~~
/home/ec2-user/arduino-testlib/cli-datadir/user/libraries/PxMatrix_LED_MATRIX_library/PxMatrix.h:1090:3: error: &#39;SPI_TRANSFER&#39; was not declared in this scope
   SPI_TRANSFER(&amp;(*bufferp)[_display_color][i*_send_buffer_size],_send_buffer_size);
   ^~~~~~~~~~~~
/home/ec2-user/arduino-testlib/cli-datadir/user/libraries/PxMatrix_LED_MATRIX_library/PxMatrix.h:1132:7: error: &#39;SPI_TRANSFER&#39; was not declared in this scope
       SPI_TRANSFER(&amp;(*bufferp)[_display_color][i*_send_buffer_size],_send_buffer_size-1);
       ^~~~~~~~~~~~
/home/ec2-user/arduino-testlib/cli-datadir/user/libraries/PxMatrix_LED_MATRIX_library/PxMatrix.h:1142:11: error: &#39;GPIO_REG_SET&#39; was not declared in this scope
           GPIO_REG_SET( 1 &lt;&lt; _SPI_MOSI);
           ^~~~~~~~~~~~
/home/ec2-user/arduino-testlib/cli-datadir/user/libraries/PxMatrix_LED_MATRIX_library/PxMatrix.h:1142:11: note: suggested alternative: &#39;PIO_PWM_ALT&#39;
           GPIO_REG_SET( 1 &lt;&lt; _SPI_MOSI);
           ^~~~~~~~~~~~
           PIO_PWM_ALT
/home/ec2-user/arduino-testlib/cli-datadir/user/libraries/PxMatrix_LED_MATRIX_library/PxMatrix.h:1144:11: error: &#39;GPIO_REG_CLEAR&#39; was not declared in this scope
           GPIO_REG_CLEAR( 1 &lt;&lt; _SPI_MOSI);
           ^~~~~~~~~~~~~~
/home/ec2-user/arduino-testlib/cli-datadir/user/libraries/PxMatrix_LED_MATRIX_library/PxMatrix.h:1144:11: note: suggested alternative: &#39;PIO_AC_CLK&#39;
           GPIO_REG_CLEAR( 1 &lt;&lt; _SPI_MOSI);
           ^~~~~~~~~~~~~~
           PIO_AC_CLK
/home/ec2-user/arduino-testlib/cli-datadir/user/libraries/PxMatrix_LED_MATRIX_library/PxMatrix.h:1145:9: error: &#39;GPIO_REG_SET&#39; was not declared in this scope
         GPIO_REG_SET( 1 &lt;&lt; _SPI_CLK);
         ^~~~~~~~~~~~
/home/ec2-user/arduino-testlib/cli-datadir/user/libraries/PxMatrix_LED_MATRIX_library/PxMatrix.h:1145:9: note: suggested alternative: &#39;PIO_PWM_ALT&#39;
         GPIO_REG_SET( 1 &lt;&lt; _SPI_CLK);
         ^~~~~~~~~~~~
         PIO_PWM_ALT
/home/ec2-user/arduino-testlib/cli-datadir/user/libraries/PxMatrix_LED_MATRIX_library/PxMatrix.h:1146:9: error: &#39;GPIO_REG_CLEAR&#39; was not declared in this scope
         GPIO_REG_CLEAR( 1 &lt;&lt; _SPI_CLK);
         ^~~~~~~~~~~~~~
/home/ec2-user/arduino-testlib/cli-datadir/user/libraries/PxMatrix_LED_MATRIX_library/PxMatrix.h:1146:9: note: suggested alternative: &#39;PIO_AC_CLK&#39;
         GPIO_REG_CLEAR( 1 &lt;&lt; _SPI_CLK);
         ^~~~~~~~~~~~~~
         PIO_AC_CLK
/home/ec2-user/arduino-testlib/cli-datadir/user/libraries/PxMatrix_LED_MATRIX_library/PxMatrix.h: In member function &#39;void PxMATRIX::flushDisplay()&#39;:
/home/ec2-user/arduino-testlib/cli-datadir/user/libraries/PxMatrix_LED_MATRIX_library/PxMatrix.h:1176:5: error: &#39;SPI_BYTE&#39; was not declared in this scope
     SPI_BYTE(0x00);
     ^~~~~~~~
/home/ec2-user/arduino-testlib/cli-datadir/user/libraries/PxMatrix_LED_MATRIX_library/PxMatrix.h:1176:5: note: suggested alternative: &#39;_SFR_BYTE&#39;
     SPI_BYTE(0x00);
     ^~~~~~~~
     _SFR_BYTE
/home/ec2-user/arduino-testlib/cli-datadir/user/libraries/PxMatrix_LED_MATRIX_library/PxMatrix.h: In member function &#39;void PxMATRIX::displayTestPattern(uint16_t)&#39;:
/home/ec2-user/arduino-testlib/cli-datadir/user/libraries/PxMatrix_LED_MATRIX_library/PxMatrix.h:1185:7: error: &#39;SPI_BYTE&#39; was not declared in this scope
       SPI_BYTE(0xFF);
       ^~~~~~~~
/home/ec2-user/arduino-testlib/cli-datadir/user/libraries/PxMatrix_LED_MATRIX_library/PxMatrix.h:1185:7: note: suggested alternative: &#39;_SFR_BYTE&#39;
       SPI_BYTE(0xFF);
       ^~~~~~~~
       _SFR_BYTE
/home/ec2-user/arduino-testlib/cli-datadir/user/libraries/PxMatrix_LED_MATRIX_library/PxMatrix.h: In member function &#39;void PxMATRIX::displayTestPixel(uint16_t)&#39;:
/home/ec2-user/arduino-testlib/cli-datadir/user/libraries/PxMatrix_LED_MATRIX_library/PxMatrix.h:1232:5: error: &#39;SPI_BYTE&#39; was not declared in this scope
     SPI_BYTE(1&lt;&lt;_test_pixel_counter%8);
     ^~~~~~~~
/home/ec2-user/arduino-testlib/cli-datadir/user/libraries/PxMatrix_LED_MATRIX_library/PxMatrix.h:1232:5: note: suggested alternative: &#39;_SFR_BYTE&#39;
     SPI_BYTE(1&lt;&lt;_test_pixel_counter%8);
     ^~~~~~~~
     _SFR_BYTE

</pre>
					
				
				<h3 id="esp32:esp32:d1_mini32">esp32:esp32:d1_mini32 @ 1.0.6</h3>
				<h4>Inclusion</h4>
				<p>
					Result: <b>FAIL</b>
					
					<br />This library has no main header file so an empty one was created.
					
				</p>
				<pre class="pre-scrollable">cp: cannot create regular file &#39;/tmp/arduino-sketch-46775442946880DDDD459606250C4AF3/partitions.csv&#39;: No space left on device

</pre>

					
					<h4>examples/Aurora_Demo</h4>
					<p>
						Result: <b>FAIL</b>
					</p>
					<pre class="pre-scrollable">&lt;built-in&gt;: fatal error: when writing output to /tmp/arduino-sketch-9DD1F998119E3C0D806ABFBCFB5B2204/preproc/ctags_target_for_gcc_minus_e.cpp: No space left on device
compilation terminated.

</pre>
					
					<h4>examples/double_buffer</h4>
					<p>
						Result: <b>FAIL</b>
					</p>
					<pre class="pre-scrollable">&lt;built-in&gt;: fatal error: when writing output to /tmp/arduino-sketch-5E93DA44C263456F2D3204A13DF621D0/preproc/ctags_target_for_gcc_minus_e.cpp: No space left on device
compilation terminated.

</pre>
					
					<h4>examples/mario_image_fm6216a_esp32</h4>
					<p>
						Result: <b>FAIL</b>
					</p>
					<pre class="pre-scrollable"></pre>
					
					<h4>examples/override_spi_pins_esp32</h4>
					<p>
						Result: <b>FAIL</b>
					</p>
					<pre class="pre-scrollable"></pre>
					
					<h4>examples/pattern_test</h4>
					<p>
						Result: <b>FAIL</b>
					</p>
					<pre class="pre-scrollable"></pre>
					
					<h4>examples/pixeltime</h4>
					<p>
						Result: <b>FAIL</b>
					</p>
					<pre class="pre-scrollable"></pre>
					
					<h4>examples/pixeltime_AVR</h4>
					<p>
						Result: <b>FAIL</b>
					</p>
					<pre class="pre-scrollable"></pre>
					
				
			</div>
		</div>
	</div>
  </body>
</html>
