
<!doctype html>
<html lang="en">
  <head>
    <meta charset="utf-8">
    <meta name="viewport" content="width=device-width, initial-scale=1">
    <link href="https://cdn.jsdelivr.net/npm/bootstrap@5.0.2/dist/css/bootstrap.min.css" rel="stylesheet" integrity="sha384-EVSTQN3/azprG1Anm3QDgpJLIm9Nao0Yz1ztcQTwFspd3yD65VohhpuuCOmLASjC" crossorigin="anonymous">
    <title>arduino-testlib report</title>
	<style>
	.pass { background-color: #00FF00 !important; }
	.fail { background-color: #FF0000 !important; }
	</style>
  </head>
  <body>
	<div class="container">
		<div class="row">
			<div class="col">
				<h1>RAK12035_SoilMoisture - compatibility matrix</h1>
				<p>
					<small>This report was generated on Monday, 21-Feb-22 12:00:25 CET using 
					<a href="https://github.com/alranel/arduino-testlib">arduino-testlib</a>.</small>
				</p>

				<h2>RAK12035_SoilMoisture</h2>
				<p>
					Version: <b>1.0.3</b>
					<br />
					<a href="https://www.arduino.cc/reference/en/libraries/rak12035_soilmoisture/">More details</a>
				</p>

				<h2>Compatibility matrix</h2>
				<table class="table table-bordered">
					<tr>
						<th>Board</th>
						<th>Claims compatibility</th>
						<th>Inclusion</th>
						
						<th><pre>RAK12035_RAK4631_LPWAN</pre></th>
						
						<th><pre>RAK12035_Soil_Humidity</pre></th>
						
						<th><pre>RAK12035_Calibration</pre></th>
						
						<th><pre>RAK12035_Change_Address</pre></th>
						
						<th><pre>RAK12035_LowPower</pre></th>
						
					</tr>
					
					<tr>
						<td>
							<a href="#arduino%3aavr%3auno"><b>arduino:avr:uno</b></a>
							<br />
							<small>1.8.4</small>
						</td>

						
						
						
							<td>Yes ⚠️</td>
							<td class="fail">FAIL</td>
						
						

						
							
								
									
										
									
										
									
										
									
										
											
											<td class="fail">FAIL</td>
										
									
										
									
								
							
								
							
								
							
								
							
								
							
						
							
								
									
										
									
										
									
										
									
										
									
										
											
											<td class="fail">FAIL</td>
										
									
								
							
								
							
								
							
								
							
								
							
						
							
								
									
										
											
											<td class="fail">FAIL</td>
										
									
										
									
										
									
										
									
										
									
								
							
								
							
								
							
								
							
								
							
						
							
								
									
										
									
										
											
											<td class="fail">FAIL</td>
										
									
										
									
										
									
										
									
								
							
								
							
								
							
								
							
								
							
						
							
								
									
										
									
										
									
										
											
											<td class="fail">FAIL</td>
										
									
										
									
										
									
								
							
								
							
								
							
								
							
								
							
						
					</tr>
					
					<tr>
						<td>
							<a href="#arduino%3ambed_nano%3ananorp2040connect"><b>arduino:mbed_nano:nanorp2040connect</b></a>
							<br />
							<small>2.7.2</small>
						</td>

						
						
						
							<td>Yes ⚠️</td>
							<td class="fail">FAIL</td>
						
						

						
							
								
							
								
									
										
									
										
									
										
									
										
											
											<td class="fail">FAIL</td>
										
									
										
									
								
							
								
							
								
							
								
							
						
							
								
							
								
									
										
									
										
									
										
									
										
									
										
											
											<td class="fail">FAIL</td>
										
									
								
							
								
							
								
							
								
							
						
							
								
							
								
									
										
											
											<td class="fail">FAIL</td>
										
									
										
									
										
									
										
									
										
									
								
							
								
							
								
							
								
							
						
							
								
							
								
									
										
									
										
											
											<td class="fail">FAIL</td>
										
									
										
									
										
									
										
									
								
							
								
							
								
							
								
							
						
							
								
							
								
									
										
									
										
									
										
											
											<td class="fail">FAIL</td>
										
									
										
									
										
									
								
							
								
							
								
							
								
							
						
					</tr>
					
					<tr>
						<td>
							<a href="#arduino%3amegaavr%3anona4809"><b>arduino:megaavr:nona4809</b></a>
							<br />
							<small>1.8.7</small>
						</td>

						
						
						
							<td>Yes ⚠️</td>
							<td class="fail">FAIL</td>
						
						

						
							
								
							
								
							
								
									
										
									
										
									
										
									
										
											
											<td class="fail">FAIL</td>
										
									
										
									
								
							
								
							
								
							
						
							
								
							
								
							
								
									
										
									
										
									
										
									
										
									
										
											
											<td class="fail">FAIL</td>
										
									
								
							
								
							
								
							
						
							
								
							
								
							
								
									
										
											
											<td class="fail">FAIL</td>
										
									
										
									
										
									
										
									
										
									
								
							
								
							
								
							
						
							
								
							
								
							
								
									
										
									
										
											
											<td class="fail">FAIL</td>
										
									
										
									
										
									
										
									
								
							
								
							
								
							
						
							
								
							
								
							
								
									
										
									
										
									
										
											
											<td class="fail">FAIL</td>
										
									
										
									
										
									
								
							
								
							
								
							
						
					</tr>
					
					<tr>
						<td>
							<a href="#arduino%3asamd%3amkrwifi1010"><b>arduino:samd:mkrwifi1010</b></a>
							<br />
							<small>1.8.12</small>
						</td>

						
						
						
							<td>Yes ⚠️</td>
							<td class="fail">FAIL</td>
						
						

						
							
								
							
								
							
								
							
								
									
										
									
										
									
										
									
										
											
											<td class="fail">FAIL</td>
										
									
										
									
								
							
								
							
						
							
								
							
								
							
								
							
								
									
										
									
										
									
										
									
										
									
										
											
											<td class="fail">FAIL</td>
										
									
								
							
								
							
						
							
								
							
								
							
								
							
								
									
										
											
											<td class="fail">FAIL</td>
										
									
										
									
										
									
										
									
										
									
								
							
								
							
						
							
								
							
								
							
								
							
								
									
										
									
										
											
											<td class="fail">FAIL</td>
										
									
										
									
										
									
										
									
								
							
								
							
						
							
								
							
								
							
								
							
								
									
										
									
										
									
										
											
											<td class="fail">FAIL</td>
										
									
										
									
										
									
								
							
								
							
						
					</tr>
					
					<tr>
						<td>
							<a href="#esp32%3aesp32%3ad1_mini32"><b>esp32:esp32:d1_mini32</b></a>
							<br />
							<small>1.0.6</small>
						</td>

						
						
						
							<td>Yes ⚠️</td>
							<td class="fail">FAIL</td>
						
						

						
							
								
							
								
							
								
							
								
							
								
									
										
									
										
									
										
									
										
											
											<td class="fail">FAIL</td>
										
									
										
									
								
							
						
							
								
							
								
							
								
							
								
							
								
									
										
									
										
									
										
									
										
									
										
											
											<td class="fail">FAIL</td>
										
									
								
							
						
							
								
							
								
							
								
							
								
							
								
									
										
											
											<td class="fail">FAIL</td>
										
									
										
									
										
									
										
									
										
									
								
							
						
							
								
							
								
							
								
							
								
							
								
									
										
									
										
											
											<td class="fail">FAIL</td>
										
									
										
									
										
									
										
									
								
							
						
							
								
							
								
							
								
							
								
							
								
									
										
									
										
									
										
											
											<td class="fail">FAIL</td>
										
									
										
									
										
									
								
							
						
					</tr>
					
				</table>

				<h2>Compilation logs</h2>
				
				<h3 id="arduino:avr:uno">arduino:avr:uno @ 1.8.4</h3>
				<h4>Inclusion</h4>
				<p>
					Result: <b>FAIL</b>
					
				</p>
				<pre class="pre-scrollable">/home/ec2-user/arduino-testlib/cli-datadir/user/libraries/RAK12035_SoilMoisture/RAK12035_SoilMoisture.cpp: In member function &#39;void RAK12035::begin(bool)&#39;:
/home/ec2-user/arduino-testlib/cli-datadir/user/libraries/RAK12035_SoilMoisture/RAK12035_SoilMoisture.cpp:46:10: error: &#39;WB_IO2&#39; was not declared in this scope
  pinMode(WB_IO2, OUTPUT);
          ^~~~~~
/home/ec2-user/arduino-testlib/cli-datadir/user/libraries/RAK12035_SoilMoisture/RAK12035_SoilMoisture.cpp:49:10: error: &#39;WB_IO5&#39; was not declared in this scope
  pinMode(WB_IO5, INPUT);
          ^~~~~~
/home/ec2-user/arduino-testlib/cli-datadir/user/libraries/RAK12035_SoilMoisture/RAK12035_SoilMoisture.cpp:56:2: error: &#39;time_t&#39; was not declared in this scope
  time_t timeout = millis();
  ^~~~~~
/home/ec2-user/arduino-testlib/cli-datadir/user/libraries/RAK12035_SoilMoisture/RAK12035_SoilMoisture.cpp:56:2: note: suggested alternative: &#39;size_t&#39;
  time_t timeout = millis();
  ^~~~~~
  size_t
/home/ec2-user/arduino-testlib/cli-datadir/user/libraries/RAK12035_SoilMoisture/RAK12035_SoilMoisture.cpp:60:19: error: &#39;timeout&#39; was not declared in this scope
   if ((millis() - timeout) &gt; 5000)
                   ^~~~~~~
/home/ec2-user/arduino-testlib/cli-datadir/user/libraries/RAK12035_SoilMoisture/RAK12035_SoilMoisture.cpp: In member function &#39;bool RAK12035::sensor_on()&#39;:
/home/ec2-user/arduino-testlib/cli-datadir/user/libraries/RAK12035_SoilMoisture/RAK12035_SoilMoisture.cpp:227:15: error: &#39;WB_IO2&#39; was not declared in this scope
  digitalWrite(WB_IO2, HIGH);
               ^~~~~~
/home/ec2-user/arduino-testlib/cli-datadir/user/libraries/RAK12035_SoilMoisture/RAK12035_SoilMoisture.cpp:230:15: error: &#39;WB_IO4&#39; was not declared in this scope
  digitalWrite(WB_IO4, LOW);
               ^~~~~~
/home/ec2-user/arduino-testlib/cli-datadir/user/libraries/RAK12035_SoilMoisture/RAK12035_SoilMoisture.cpp:235:2: error: &#39;time_t&#39; was not declared in this scope
  time_t timeout = millis();
  ^~~~~~
/home/ec2-user/arduino-testlib/cli-datadir/user/libraries/RAK12035_SoilMoisture/RAK12035_SoilMoisture.cpp:235:2: note: suggested alternative: &#39;size_t&#39;
  time_t timeout = millis();
  ^~~~~~
  size_t
/home/ec2-user/arduino-testlib/cli-datadir/user/libraries/RAK12035_SoilMoisture/RAK12035_SoilMoisture.cpp:238:19: error: &#39;timeout&#39; was not declared in this scope
   if ((millis() - timeout) &gt; 5000)
                   ^~~~~~~
/home/ec2-user/arduino-testlib/cli-datadir/user/libraries/RAK12035_SoilMoisture/RAK12035_SoilMoisture.cpp: In member function &#39;bool RAK12035::sensor_sleep()&#39;:
/home/ec2-user/arduino-testlib/cli-datadir/user/libraries/RAK12035_SoilMoisture/RAK12035_SoilMoisture.cpp:256:15: error: &#39;WB_IO2&#39; was not declared in this scope
  digitalWrite(WB_IO2, LOW);
               ^~~~~~
/home/ec2-user/arduino-testlib/cli-datadir/user/libraries/RAK12035_SoilMoisture/RAK12035_SoilMoisture.cpp: In member function &#39;void RAK12035::reset()&#39;:
/home/ec2-user/arduino-testlib/cli-datadir/user/libraries/RAK12035_SoilMoisture/RAK12035_SoilMoisture.cpp:311:10: error: &#39;WB_IO4&#39; was not declared in this scope
  pinMode(WB_IO4, OUTPUT);
          ^~~~~~
/home/ec2-user/arduino-testlib/cli-datadir/user/libraries/RAK12035_SoilMoisture/RAK12035_SoilMoisture.cpp:316:2: error: &#39;time_t&#39; was not declared in this scope
  time_t timeout = millis();
  ^~~~~~
/home/ec2-user/arduino-testlib/cli-datadir/user/libraries/RAK12035_SoilMoisture/RAK12035_SoilMoisture.cpp:316:2: note: suggested alternative: &#39;size_t&#39;
  time_t timeout = millis();
  ^~~~~~
  size_t
/home/ec2-user/arduino-testlib/cli-datadir/user/libraries/RAK12035_SoilMoisture/RAK12035_SoilMoisture.cpp:320:19: error: &#39;timeout&#39; was not declared in this scope
   if ((millis() - timeout) &gt; 5000)
                   ^~~~~~~
In file included from /home/ec2-user/arduino-testlib/cli-datadir/user/libraries/RAK12035_SoilMoisture/RAK12035_SoilMoisture.h:15:0,
                 from /home/ec2-user/arduino-testlib/cli-datadir/user/libraries/RAK12035_SoilMoisture/RAK12035_SoilMoisture.cpp:12:
/home/ec2-user/arduino-testlib/cli-datadir/data/packages/arduino/hardware/avr/1.8.4/libraries/Wire/src/Wire.h: In member function &#39;bool RAK12035::read_rak12035(uint8_t, uint8_t*, uint8_t)&#39;:
/home/ec2-user/arduino-testlib/cli-datadir/data/packages/arduino/hardware/avr/1.8.4/libraries/Wire/src/Wire.h:68:13: note: candidate 1: uint8_t TwoWire::requestFrom(int, int)
     uint8_t requestFrom(int, int);
             ^~~~~~~~~~~
/home/ec2-user/arduino-testlib/cli-datadir/data/packages/arduino/hardware/avr/1.8.4/libraries/Wire/src/Wire.h:65:13: note: candidate 2: uint8_t TwoWire::requestFrom(uint8_t, uint8_t)
     uint8_t requestFrom(uint8_t, uint8_t);
             ^~~~~~~~~~~
/home/ec2-user/arduino-testlib/cli-datadir/user/libraries/RAK12035_SoilMoisture/RAK12035_SoilMoisture.cpp:350:2: error: &#39;time_t&#39; was not declared in this scope
  time_t timeout = millis();
  ^~~~~~
/home/ec2-user/arduino-testlib/cli-datadir/user/libraries/RAK12035_SoilMoisture/RAK12035_SoilMoisture.cpp:350:2: note: suggested alternative: &#39;size_t&#39;
  time_t timeout = millis();
  ^~~~~~
  size_t
/home/ec2-user/arduino-testlib/cli-datadir/user/libraries/RAK12035_SoilMoisture/RAK12035_SoilMoisture.cpp:354:19: error: &#39;timeout&#39; was not declared in this scope
   if ((millis() - timeout) &gt; 1000)
                   ^~~~~~~

</pre>

					
					<h4>examples/RAK12035_Calibration</h4>
					<p>
						Result: <b>FAIL</b>
					</p>
					<pre class="pre-scrollable">/home/ec2-user/arduino-testlib/cli-datadir/user/libraries/RAK12035_SoilMoisture/examples/RAK12035_Calibration/RAK12035_Calibration.ino: In function &#39;void setup()&#39;:
/home/ec2-user/arduino-testlib/cli-datadir/user/libraries/RAK12035_SoilMoisture/examples/RAK12035_Calibration/RAK12035_Calibration.ino:24:10: error: &#39;LED_GREEN&#39; was not declared in this scope
  pinMode(LED_GREEN, OUTPUT);
          ^~~~~~~~~
/home/ec2-user/arduino-testlib/cli-datadir/user/libraries/RAK12035_SoilMoisture/examples/RAK12035_Calibration/RAK12035_Calibration.ino:28:10: error: &#39;LED_BLUE&#39; was not declared in this scope
  pinMode(LED_BLUE, OUTPUT);
          ^~~~~~~~
/home/ec2-user/arduino-testlib/cli-datadir/user/libraries/RAK12035_SoilMoisture/examples/RAK12035_Calibration/RAK12035_Calibration.ino:28:10: note: suggested alternative: &#39;LED_BUILTIN&#39;
  pinMode(LED_BLUE, OUTPUT);
          ^~~~~~~~
          LED_BUILTIN
/home/ec2-user/arduino-testlib/cli-datadir/user/libraries/RAK12035_SoilMoisture/examples/RAK12035_Calibration/RAK12035_Calibration.ino:34:2: error: &#39;time_t&#39; was not declared in this scope
  time_t serial_timeout = millis();
  ^~~~~~
/home/ec2-user/arduino-testlib/cli-datadir/user/libraries/RAK12035_SoilMoisture/examples/RAK12035_Calibration/RAK12035_Calibration.ino:34:2: note: suggested alternative: &#39;size_t&#39;
  time_t serial_timeout = millis();
  ^~~~~~
  size_t
/home/ec2-user/arduino-testlib/cli-datadir/user/libraries/RAK12035_SoilMoisture/examples/RAK12035_Calibration/RAK12035_Calibration.ino:38:19: error: &#39;serial_timeout&#39; was not declared in this scope
   if ((millis() - serial_timeout) &lt; 5000)
                   ^~~~~~~~~~~~~~
/home/ec2-user/arduino-testlib/cli-datadir/user/libraries/RAK12035_SoilMoisture/examples/RAK12035_Calibration/RAK12035_Calibration.ino:38:19: note: suggested alternative: &#39;serialEventRun&#39;
   if ((millis() - serial_timeout) &lt; 5000)
                   ^~~~~~~~~~~~~~
                   serialEventRun

</pre>
					
					<h4>examples/RAK12035_Change_Address</h4>
					<p>
						Result: <b>FAIL</b>
					</p>
					<pre class="pre-scrollable">/home/ec2-user/arduino-testlib/cli-datadir/user/libraries/RAK12035_SoilMoisture/examples/RAK12035_Change_Address/RAK12035_Change_Address.ino: In function &#39;void setup()&#39;:
/home/ec2-user/arduino-testlib/cli-datadir/user/libraries/RAK12035_SoilMoisture/examples/RAK12035_Change_Address/RAK12035_Change_Address.ino:24:10: error: &#39;LED_GREEN&#39; was not declared in this scope
  pinMode(LED_GREEN, OUTPUT);
          ^~~~~~~~~
/home/ec2-user/arduino-testlib/cli-datadir/user/libraries/RAK12035_SoilMoisture/examples/RAK12035_Change_Address/RAK12035_Change_Address.ino:28:10: error: &#39;LED_BLUE&#39; was not declared in this scope
  pinMode(LED_BLUE, OUTPUT);
          ^~~~~~~~
/home/ec2-user/arduino-testlib/cli-datadir/user/libraries/RAK12035_SoilMoisture/examples/RAK12035_Change_Address/RAK12035_Change_Address.ino:28:10: note: suggested alternative: &#39;LED_BUILTIN&#39;
  pinMode(LED_BLUE, OUTPUT);
          ^~~~~~~~
          LED_BUILTIN
/home/ec2-user/arduino-testlib/cli-datadir/user/libraries/RAK12035_SoilMoisture/examples/RAK12035_Change_Address/RAK12035_Change_Address.ino:34:2: error: &#39;time_t&#39; was not declared in this scope
  time_t serial_timeout = millis();
  ^~~~~~
/home/ec2-user/arduino-testlib/cli-datadir/user/libraries/RAK12035_SoilMoisture/examples/RAK12035_Change_Address/RAK12035_Change_Address.ino:34:2: note: suggested alternative: &#39;size_t&#39;
  time_t serial_timeout = millis();
  ^~~~~~
  size_t
/home/ec2-user/arduino-testlib/cli-datadir/user/libraries/RAK12035_SoilMoisture/examples/RAK12035_Change_Address/RAK12035_Change_Address.ino:38:19: error: &#39;serial_timeout&#39; was not declared in this scope
   if ((millis() - serial_timeout) &lt; 5000)
                   ^~~~~~~~~~~~~~
/home/ec2-user/arduino-testlib/cli-datadir/user/libraries/RAK12035_SoilMoisture/examples/RAK12035_Change_Address/RAK12035_Change_Address.ino:38:19: note: suggested alternative: &#39;serialEventRun&#39;
   if ((millis() - serial_timeout) &lt; 5000)
                   ^~~~~~~~~~~~~~
                   serialEventRun
/home/ec2-user/arduino-testlib/cli-datadir/user/libraries/RAK12035_SoilMoisture/examples/RAK12035_Change_Address/RAK12035_Change_Address.ino:66:9: error: &#39;class HardwareSerial&#39; has no member named &#39;printf&#39;; did you mean &#39;print&#39;?
  Serial.printf(&#34;Dry calibration value is %d\n&#34;, zero_val);
         ^~~~~~
         print
/home/ec2-user/arduino-testlib/cli-datadir/user/libraries/RAK12035_SoilMoisture/examples/RAK12035_Change_Address/RAK12035_Change_Address.ino:67:9: error: &#39;class HardwareSerial&#39; has no member named &#39;printf&#39;; did you mean &#39;print&#39;?
  Serial.printf(&#34;Wet calibration value is %d\n&#34;, hundred_val);
         ^~~~~~
         print

</pre>
					
					<h4>examples/RAK12035_LowPower</h4>
					<p>
						Result: <b>FAIL</b>
					</p>
					<pre class="pre-scrollable">/home/ec2-user/arduino-testlib/cli-datadir/user/libraries/RAK12035_SoilMoisture/examples/RAK12035_LowPower/RAK12035_LowPower.ino: In function &#39;void setup()&#39;:
/home/ec2-user/arduino-testlib/cli-datadir/user/libraries/RAK12035_SoilMoisture/examples/RAK12035_LowPower/RAK12035_LowPower.ino:24:10: error: &#39;LED_GREEN&#39; was not declared in this scope
  pinMode(LED_GREEN, OUTPUT);
          ^~~~~~~~~
/home/ec2-user/arduino-testlib/cli-datadir/user/libraries/RAK12035_SoilMoisture/examples/RAK12035_LowPower/RAK12035_LowPower.ino:28:10: error: &#39;LED_BLUE&#39; was not declared in this scope
  pinMode(LED_BLUE, OUTPUT);
          ^~~~~~~~
/home/ec2-user/arduino-testlib/cli-datadir/user/libraries/RAK12035_SoilMoisture/examples/RAK12035_LowPower/RAK12035_LowPower.ino:28:10: note: suggested alternative: &#39;LED_BUILTIN&#39;
  pinMode(LED_BLUE, OUTPUT);
          ^~~~~~~~
          LED_BUILTIN
/home/ec2-user/arduino-testlib/cli-datadir/user/libraries/RAK12035_SoilMoisture/examples/RAK12035_LowPower/RAK12035_LowPower.ino:34:2: error: &#39;time_t&#39; was not declared in this scope
  time_t serial_timeout = millis();
  ^~~~~~
/home/ec2-user/arduino-testlib/cli-datadir/user/libraries/RAK12035_SoilMoisture/examples/RAK12035_LowPower/RAK12035_LowPower.ino:34:2: note: suggested alternative: &#39;size_t&#39;
  time_t serial_timeout = millis();
  ^~~~~~
  size_t
/home/ec2-user/arduino-testlib/cli-datadir/user/libraries/RAK12035_SoilMoisture/examples/RAK12035_LowPower/RAK12035_LowPower.ino:38:19: error: &#39;serial_timeout&#39; was not declared in this scope
   if ((millis() - serial_timeout) &lt; 5000)
                   ^~~~~~~~~~~~~~
/home/ec2-user/arduino-testlib/cli-datadir/user/libraries/RAK12035_SoilMoisture/examples/RAK12035_LowPower/RAK12035_LowPower.ino:38:19: note: suggested alternative: &#39;serialEventRun&#39;
   if ((millis() - serial_timeout) &lt; 5000)
                   ^~~~~~~~~~~~~~
                   serialEventRun
/home/ec2-user/arduino-testlib/cli-datadir/user/libraries/RAK12035_SoilMoisture/examples/RAK12035_LowPower/RAK12035_LowPower.ino:59:9: error: &#39;class HardwareSerial&#39; has no member named &#39;printf&#39;; did you mean &#39;print&#39;?
  Serial.printf(&#34;0x%02X&#34;, data);
         ^~~~~~
         print
/home/ec2-user/arduino-testlib/cli-datadir/user/libraries/RAK12035_SoilMoisture/examples/RAK12035_LowPower/RAK12035_LowPower.ino:66:9: error: &#39;class HardwareSerial&#39; has no member named &#39;printf&#39;; did you mean &#39;print&#39;?
  Serial.printf(&#34;Dry calibration value is %d\n&#34;, zero_val);
         ^~~~~~
         print
/home/ec2-user/arduino-testlib/cli-datadir/user/libraries/RAK12035_SoilMoisture/examples/RAK12035_LowPower/RAK12035_LowPower.ino:67:9: error: &#39;class HardwareSerial&#39; has no member named &#39;printf&#39;; did you mean &#39;print&#39;?
  Serial.printf(&#34;Wet calibration value is %d\n&#34;, hundred_val);
         ^~~~~~
         print
/home/ec2-user/arduino-testlib/cli-datadir/user/libraries/RAK12035_SoilMoisture/examples/RAK12035_LowPower/RAK12035_LowPower.ino: In function &#39;void loop()&#39;:
/home/ec2-user/arduino-testlib/cli-datadir/user/libraries/RAK12035_SoilMoisture/examples/RAK12035_LowPower/RAK12035_LowPower.ino:72:15: error: &#39;LED_BLUE&#39; was not declared in this scope
  digitalWrite(LED_BLUE, HIGH);
               ^~~~~~~~
/home/ec2-user/arduino-testlib/cli-datadir/user/libraries/RAK12035_SoilMoisture/examples/RAK12035_LowPower/RAK12035_LowPower.ino:72:15: note: suggested alternative: &#39;LED_BUILTIN&#39;
  digitalWrite(LED_BLUE, HIGH);
               ^~~~~~~~
               LED_BUILTIN

</pre>
					
					<h4>examples/RAK12035_RAK4631_LPWAN</h4>
					<p>
						Result: <b>FAIL</b>
					</p>
					<pre class="pre-scrollable">/home/ec2-user/arduino-testlib/cli-datadir/user/libraries/RAK12035_SoilMoisture/examples/RAK12035_RAK4631_LPWAN/soil.cpp:26:10: fatal error: Adafruit_LittleFS.h: No such file or directory
 #include &lt;Adafruit_LittleFS.h&gt;
          ^~~~~~~~~~~~~~~~~~~~~
compilation terminated.

</pre>
					
					<h4>examples/RAK12035_Soil_Humidity</h4>
					<p>
						Result: <b>FAIL</b>
					</p>
					<pre class="pre-scrollable">/home/ec2-user/arduino-testlib/cli-datadir/user/libraries/RAK12035_SoilMoisture/examples/RAK12035_Soil_Humidity/RAK12035_Soil_Humidity.ino: In function &#39;void setup()&#39;:
/home/ec2-user/arduino-testlib/cli-datadir/user/libraries/RAK12035_SoilMoisture/examples/RAK12035_Soil_Humidity/RAK12035_Soil_Humidity.ino:24:10: error: &#39;LED_GREEN&#39; was not declared in this scope
  pinMode(LED_GREEN, OUTPUT);
          ^~~~~~~~~
/home/ec2-user/arduino-testlib/cli-datadir/user/libraries/RAK12035_SoilMoisture/examples/RAK12035_Soil_Humidity/RAK12035_Soil_Humidity.ino:28:10: error: &#39;LED_BLUE&#39; was not declared in this scope
  pinMode(LED_BLUE, OUTPUT);
          ^~~~~~~~
/home/ec2-user/arduino-testlib/cli-datadir/user/libraries/RAK12035_SoilMoisture/examples/RAK12035_Soil_Humidity/RAK12035_Soil_Humidity.ino:28:10: note: suggested alternative: &#39;LED_BUILTIN&#39;
  pinMode(LED_BLUE, OUTPUT);
          ^~~~~~~~
          LED_BUILTIN
/home/ec2-user/arduino-testlib/cli-datadir/user/libraries/RAK12035_SoilMoisture/examples/RAK12035_Soil_Humidity/RAK12035_Soil_Humidity.ino:34:2: error: &#39;time_t&#39; was not declared in this scope
  time_t serial_timeout = millis();
  ^~~~~~
/home/ec2-user/arduino-testlib/cli-datadir/user/libraries/RAK12035_SoilMoisture/examples/RAK12035_Soil_Humidity/RAK12035_Soil_Humidity.ino:34:2: note: suggested alternative: &#39;size_t&#39;
  time_t serial_timeout = millis();
  ^~~~~~
  size_t
/home/ec2-user/arduino-testlib/cli-datadir/user/libraries/RAK12035_SoilMoisture/examples/RAK12035_Soil_Humidity/RAK12035_Soil_Humidity.ino:38:19: error: &#39;serial_timeout&#39; was not declared in this scope
   if ((millis() - serial_timeout) &lt; 5000)
                   ^~~~~~~~~~~~~~
/home/ec2-user/arduino-testlib/cli-datadir/user/libraries/RAK12035_SoilMoisture/examples/RAK12035_Soil_Humidity/RAK12035_Soil_Humidity.ino:38:19: note: suggested alternative: &#39;serialEventRun&#39;
   if ((millis() - serial_timeout) &lt; 5000)
                   ^~~~~~~~~~~~~~
                   serialEventRun
/home/ec2-user/arduino-testlib/cli-datadir/user/libraries/RAK12035_SoilMoisture/examples/RAK12035_Soil_Humidity/RAK12035_Soil_Humidity.ino:66:9: error: &#39;class HardwareSerial&#39; has no member named &#39;printf&#39;; did you mean &#39;print&#39;?
  Serial.printf(&#34;Dry calibration value is %d\n&#34;, zero_val);
         ^~~~~~
         print
/home/ec2-user/arduino-testlib/cli-datadir/user/libraries/RAK12035_SoilMoisture/examples/RAK12035_Soil_Humidity/RAK12035_Soil_Humidity.ino:67:9: error: &#39;class HardwareSerial&#39; has no member named &#39;printf&#39;; did you mean &#39;print&#39;?
  Serial.printf(&#34;Wet calibration value is %d\n&#34;, hundred_val);
         ^~~~~~
         print

</pre>
					
				
				<h3 id="arduino:mbed_nano:nanorp2040connect">arduino:mbed_nano:nanorp2040connect @ 2.7.2</h3>
				<h4>Inclusion</h4>
				<p>
					Result: <b>FAIL</b>
					
				</p>
				<pre class="pre-scrollable">/home/ec2-user/arduino-testlib/cli-datadir/user/libraries/RAK12035_SoilMoisture/RAK12035_SoilMoisture.cpp: In member function &#39;void RAK12035::begin(bool)&#39;:
/home/ec2-user/arduino-testlib/cli-datadir/user/libraries/RAK12035_SoilMoisture/RAK12035_SoilMoisture.cpp:46:10: error: &#39;WB_IO2&#39; was not declared in this scope
  pinMode(WB_IO2, OUTPUT);
          ^~~~~~
/home/ec2-user/arduino-testlib/cli-datadir/user/libraries/RAK12035_SoilMoisture/RAK12035_SoilMoisture.cpp:46:10: note: suggested alternative: &#39;__IOM&#39;
  pinMode(WB_IO2, OUTPUT);
          ^~~~~~
          __IOM
/home/ec2-user/arduino-testlib/cli-datadir/user/libraries/RAK12035_SoilMoisture/RAK12035_SoilMoisture.cpp:49:10: error: &#39;WB_IO5&#39; was not declared in this scope
  pinMode(WB_IO5, INPUT);
          ^~~~~~
/home/ec2-user/arduino-testlib/cli-datadir/user/libraries/RAK12035_SoilMoisture/RAK12035_SoilMoisture.cpp:49:10: note: suggested alternative: &#39;__IOM&#39;
  pinMode(WB_IO5, INPUT);
          ^~~~~~
          __IOM
/home/ec2-user/arduino-testlib/cli-datadir/user/libraries/RAK12035_SoilMoisture/RAK12035_SoilMoisture.cpp: In member function &#39;bool RAK12035::sensor_on()&#39;:
/home/ec2-user/arduino-testlib/cli-datadir/user/libraries/RAK12035_SoilMoisture/RAK12035_SoilMoisture.cpp:227:15: error: &#39;WB_IO2&#39; was not declared in this scope
  digitalWrite(WB_IO2, HIGH);
               ^~~~~~
/home/ec2-user/arduino-testlib/cli-datadir/user/libraries/RAK12035_SoilMoisture/RAK12035_SoilMoisture.cpp:227:15: note: suggested alternative: &#39;__IOM&#39;
  digitalWrite(WB_IO2, HIGH);
               ^~~~~~
               __IOM
/home/ec2-user/arduino-testlib/cli-datadir/user/libraries/RAK12035_SoilMoisture/RAK12035_SoilMoisture.cpp:230:15: error: &#39;WB_IO4&#39; was not declared in this scope
  digitalWrite(WB_IO4, LOW);
               ^~~~~~
/home/ec2-user/arduino-testlib/cli-datadir/user/libraries/RAK12035_SoilMoisture/RAK12035_SoilMoisture.cpp:230:15: note: suggested alternative: &#39;__IOM&#39;
  digitalWrite(WB_IO4, LOW);
               ^~~~~~
               __IOM
/home/ec2-user/arduino-testlib/cli-datadir/user/libraries/RAK12035_SoilMoisture/RAK12035_SoilMoisture.cpp: In member function &#39;bool RAK12035::sensor_sleep()&#39;:
/home/ec2-user/arduino-testlib/cli-datadir/user/libraries/RAK12035_SoilMoisture/RAK12035_SoilMoisture.cpp:256:15: error: &#39;WB_IO2&#39; was not declared in this scope
  digitalWrite(WB_IO2, LOW);
               ^~~~~~
/home/ec2-user/arduino-testlib/cli-datadir/user/libraries/RAK12035_SoilMoisture/RAK12035_SoilMoisture.cpp:256:15: note: suggested alternative: &#39;__IOM&#39;
  digitalWrite(WB_IO2, LOW);
               ^~~~~~
               __IOM
/home/ec2-user/arduino-testlib/cli-datadir/user/libraries/RAK12035_SoilMoisture/RAK12035_SoilMoisture.cpp: In member function &#39;void RAK12035::reset()&#39;:
/home/ec2-user/arduino-testlib/cli-datadir/user/libraries/RAK12035_SoilMoisture/RAK12035_SoilMoisture.cpp:311:10: error: &#39;WB_IO4&#39; was not declared in this scope
  pinMode(WB_IO4, OUTPUT);
          ^~~~~~
/home/ec2-user/arduino-testlib/cli-datadir/user/libraries/RAK12035_SoilMoisture/RAK12035_SoilMoisture.cpp:311:10: note: suggested alternative: &#39;__IOM&#39;
  pinMode(WB_IO4, OUTPUT);
          ^~~~~~
          __IOM

</pre>

					
					<h4>examples/RAK12035_Calibration</h4>
					<p>
						Result: <b>FAIL</b>
					</p>
					<pre class="pre-scrollable">/home/ec2-user/arduino-testlib/cli-datadir/user/libraries/RAK12035_SoilMoisture/examples/RAK12035_Calibration/RAK12035_Calibration.ino: In function &#39;void setup()&#39;:
/home/ec2-user/arduino-testlib/cli-datadir/user/libraries/RAK12035_SoilMoisture/examples/RAK12035_Calibration/RAK12035_Calibration.ino:24:10: error: &#39;LED_GREEN&#39; was not declared in this scope
  pinMode(LED_GREEN, OUTPUT);
          ^~~~~~~~~
/home/ec2-user/arduino-testlib/cli-datadir/user/libraries/RAK12035_SoilMoisture/examples/RAK12035_Calibration/RAK12035_Calibration.ino:24:10: note: suggested alternative: &#39;MEM_FREE&#39;
  pinMode(LED_GREEN, OUTPUT);
          ^~~~~~~~~
          MEM_FREE
/home/ec2-user/arduino-testlib/cli-datadir/user/libraries/RAK12035_SoilMoisture/examples/RAK12035_Calibration/RAK12035_Calibration.ino:28:10: error: &#39;LED_BLUE&#39; was not declared in this scope
  pinMode(LED_BLUE, OUTPUT);
          ^~~~~~~~
/home/ec2-user/arduino-testlib/cli-datadir/user/libraries/RAK12035_SoilMoisture/examples/RAK12035_Calibration/RAK12035_Calibration.ino:28:10: note: suggested alternative: &#39;LEDB&#39;
  pinMode(LED_BLUE, OUTPUT);
          ^~~~~~~~
          LEDB

</pre>
					
					<h4>examples/RAK12035_Change_Address</h4>
					<p>
						Result: <b>FAIL</b>
					</p>
					<pre class="pre-scrollable">/home/ec2-user/arduino-testlib/cli-datadir/user/libraries/RAK12035_SoilMoisture/examples/RAK12035_Change_Address/RAK12035_Change_Address.ino: In function &#39;void setup()&#39;:
/home/ec2-user/arduino-testlib/cli-datadir/user/libraries/RAK12035_SoilMoisture/examples/RAK12035_Change_Address/RAK12035_Change_Address.ino:24:10: error: &#39;LED_GREEN&#39; was not declared in this scope
  pinMode(LED_GREEN, OUTPUT);
          ^~~~~~~~~
/home/ec2-user/arduino-testlib/cli-datadir/user/libraries/RAK12035_SoilMoisture/examples/RAK12035_Change_Address/RAK12035_Change_Address.ino:24:10: note: suggested alternative: &#39;MEM_FREE&#39;
  pinMode(LED_GREEN, OUTPUT);
          ^~~~~~~~~
          MEM_FREE
/home/ec2-user/arduino-testlib/cli-datadir/user/libraries/RAK12035_SoilMoisture/examples/RAK12035_Change_Address/RAK12035_Change_Address.ino:28:10: error: &#39;LED_BLUE&#39; was not declared in this scope
  pinMode(LED_BLUE, OUTPUT);
          ^~~~~~~~
/home/ec2-user/arduino-testlib/cli-datadir/user/libraries/RAK12035_SoilMoisture/examples/RAK12035_Change_Address/RAK12035_Change_Address.ino:28:10: note: suggested alternative: &#39;LEDB&#39;
  pinMode(LED_BLUE, OUTPUT);
          ^~~~~~~~
          LEDB
/home/ec2-user/arduino-testlib/cli-datadir/user/libraries/RAK12035_SoilMoisture/examples/RAK12035_Change_Address/RAK12035_Change_Address.ino:66:9: error: &#39;class arduino::UART&#39; has no member named &#39;printf&#39;; did you mean &#39;print&#39;?
  Serial.printf(&#34;Dry calibration value is %d\n&#34;, zero_val);
         ^~~~~~
         print
/home/ec2-user/arduino-testlib/cli-datadir/user/libraries/RAK12035_SoilMoisture/examples/RAK12035_Change_Address/RAK12035_Change_Address.ino:67:9: error: &#39;class arduino::UART&#39; has no member named &#39;printf&#39;; did you mean &#39;print&#39;?
  Serial.printf(&#34;Wet calibration value is %d\n&#34;, hundred_val);
         ^~~~~~
         print

</pre>
					
					<h4>examples/RAK12035_LowPower</h4>
					<p>
						Result: <b>FAIL</b>
					</p>
					<pre class="pre-scrollable">/home/ec2-user/arduino-testlib/cli-datadir/user/libraries/RAK12035_SoilMoisture/examples/RAK12035_LowPower/RAK12035_LowPower.ino: In function &#39;void setup()&#39;:
/home/ec2-user/arduino-testlib/cli-datadir/user/libraries/RAK12035_SoilMoisture/examples/RAK12035_LowPower/RAK12035_LowPower.ino:24:10: error: &#39;LED_GREEN&#39; was not declared in this scope
  pinMode(LED_GREEN, OUTPUT);
          ^~~~~~~~~
/home/ec2-user/arduino-testlib/cli-datadir/user/libraries/RAK12035_SoilMoisture/examples/RAK12035_LowPower/RAK12035_LowPower.ino:24:10: note: suggested alternative: &#39;MEM_FREE&#39;
  pinMode(LED_GREEN, OUTPUT);
          ^~~~~~~~~
          MEM_FREE
/home/ec2-user/arduino-testlib/cli-datadir/user/libraries/RAK12035_SoilMoisture/examples/RAK12035_LowPower/RAK12035_LowPower.ino:28:10: error: &#39;LED_BLUE&#39; was not declared in this scope
  pinMode(LED_BLUE, OUTPUT);
          ^~~~~~~~
/home/ec2-user/arduino-testlib/cli-datadir/user/libraries/RAK12035_SoilMoisture/examples/RAK12035_LowPower/RAK12035_LowPower.ino:28:10: note: suggested alternative: &#39;LEDB&#39;
  pinMode(LED_BLUE, OUTPUT);
          ^~~~~~~~
          LEDB
/home/ec2-user/arduino-testlib/cli-datadir/user/libraries/RAK12035_SoilMoisture/examples/RAK12035_LowPower/RAK12035_LowPower.ino:59:9: error: &#39;class arduino::UART&#39; has no member named &#39;printf&#39;; did you mean &#39;print&#39;?
  Serial.printf(&#34;0x%02X&#34;, data);
         ^~~~~~
         print
/home/ec2-user/arduino-testlib/cli-datadir/user/libraries/RAK12035_SoilMoisture/examples/RAK12035_LowPower/RAK12035_LowPower.ino:66:9: error: &#39;class arduino::UART&#39; has no member named &#39;printf&#39;; did you mean &#39;print&#39;?
  Serial.printf(&#34;Dry calibration value is %d\n&#34;, zero_val);
         ^~~~~~
         print
/home/ec2-user/arduino-testlib/cli-datadir/user/libraries/RAK12035_SoilMoisture/examples/RAK12035_LowPower/RAK12035_LowPower.ino:67:9: error: &#39;class arduino::UART&#39; has no member named &#39;printf&#39;; did you mean &#39;print&#39;?
  Serial.printf(&#34;Wet calibration value is %d\n&#34;, hundred_val);
         ^~~~~~
         print
/home/ec2-user/arduino-testlib/cli-datadir/user/libraries/RAK12035_SoilMoisture/examples/RAK12035_LowPower/RAK12035_LowPower.ino: In function &#39;void loop()&#39;:
/home/ec2-user/arduino-testlib/cli-datadir/user/libraries/RAK12035_SoilMoisture/examples/RAK12035_LowPower/RAK12035_LowPower.ino:72:15: error: &#39;LED_BLUE&#39; was not declared in this scope
  digitalWrite(LED_BLUE, HIGH);
               ^~~~~~~~
/home/ec2-user/arduino-testlib/cli-datadir/user/libraries/RAK12035_SoilMoisture/examples/RAK12035_LowPower/RAK12035_LowPower.ino:72:15: note: suggested alternative: &#39;LEDB&#39;
  digitalWrite(LED_BLUE, HIGH);
               ^~~~~~~~
               LEDB

</pre>
					
					<h4>examples/RAK12035_RAK4631_LPWAN</h4>
					<p>
						Result: <b>FAIL</b>
					</p>
					<pre class="pre-scrollable">/home/ec2-user/arduino-testlib/cli-datadir/user/libraries/RAK12035_SoilMoisture/examples/RAK12035_RAK4631_LPWAN/soil.cpp:26:10: fatal error: Adafruit_LittleFS.h: No such file or directory
 #include &lt;Adafruit_LittleFS.h&gt;
          ^~~~~~~~~~~~~~~~~~~~~
compilation terminated.

</pre>
					
					<h4>examples/RAK12035_Soil_Humidity</h4>
					<p>
						Result: <b>FAIL</b>
					</p>
					<pre class="pre-scrollable">/home/ec2-user/arduino-testlib/cli-datadir/user/libraries/RAK12035_SoilMoisture/examples/RAK12035_Soil_Humidity/RAK12035_Soil_Humidity.ino: In function &#39;void setup()&#39;:
/home/ec2-user/arduino-testlib/cli-datadir/user/libraries/RAK12035_SoilMoisture/examples/RAK12035_Soil_Humidity/RAK12035_Soil_Humidity.ino:24:10: error: &#39;LED_GREEN&#39; was not declared in this scope
  pinMode(LED_GREEN, OUTPUT);
          ^~~~~~~~~
/home/ec2-user/arduino-testlib/cli-datadir/user/libraries/RAK12035_SoilMoisture/examples/RAK12035_Soil_Humidity/RAK12035_Soil_Humidity.ino:24:10: note: suggested alternative: &#39;MEM_FREE&#39;
  pinMode(LED_GREEN, OUTPUT);
          ^~~~~~~~~
          MEM_FREE
/home/ec2-user/arduino-testlib/cli-datadir/user/libraries/RAK12035_SoilMoisture/examples/RAK12035_Soil_Humidity/RAK12035_Soil_Humidity.ino:28:10: error: &#39;LED_BLUE&#39; was not declared in this scope
  pinMode(LED_BLUE, OUTPUT);
          ^~~~~~~~
/home/ec2-user/arduino-testlib/cli-datadir/user/libraries/RAK12035_SoilMoisture/examples/RAK12035_Soil_Humidity/RAK12035_Soil_Humidity.ino:28:10: note: suggested alternative: &#39;LEDB&#39;
  pinMode(LED_BLUE, OUTPUT);
          ^~~~~~~~
          LEDB
/home/ec2-user/arduino-testlib/cli-datadir/user/libraries/RAK12035_SoilMoisture/examples/RAK12035_Soil_Humidity/RAK12035_Soil_Humidity.ino:66:9: error: &#39;class arduino::UART&#39; has no member named &#39;printf&#39;; did you mean &#39;print&#39;?
  Serial.printf(&#34;Dry calibration value is %d\n&#34;, zero_val);
         ^~~~~~
         print
/home/ec2-user/arduino-testlib/cli-datadir/user/libraries/RAK12035_SoilMoisture/examples/RAK12035_Soil_Humidity/RAK12035_Soil_Humidity.ino:67:9: error: &#39;class arduino::UART&#39; has no member named &#39;printf&#39;; did you mean &#39;print&#39;?
  Serial.printf(&#34;Wet calibration value is %d\n&#34;, hundred_val);
         ^~~~~~
         print

</pre>
					
				
				<h3 id="arduino:megaavr:nona4809">arduino:megaavr:nona4809 @ 1.8.7</h3>
				<h4>Inclusion</h4>
				<p>
					Result: <b>FAIL</b>
					
				</p>
				<pre class="pre-scrollable">/home/ec2-user/arduino-testlib/cli-datadir/user/libraries/RAK12035_SoilMoisture/RAK12035_SoilMoisture.cpp: In member function &#39;void RAK12035::begin(bool)&#39;:
/home/ec2-user/arduino-testlib/cli-datadir/user/libraries/RAK12035_SoilMoisture/RAK12035_SoilMoisture.cpp:46:10: error: &#39;WB_IO2&#39; was not declared in this scope
  pinMode(WB_IO2, OUTPUT);
          ^~~~~~
/home/ec2-user/arduino-testlib/cli-datadir/user/libraries/RAK12035_SoilMoisture/RAK12035_SoilMoisture.cpp:46:10: note: suggested alternative: &#39;GPIO2&#39;
  pinMode(WB_IO2, OUTPUT);
          ^~~~~~
          GPIO2
/home/ec2-user/arduino-testlib/cli-datadir/user/libraries/RAK12035_SoilMoisture/RAK12035_SoilMoisture.cpp:49:10: error: &#39;WB_IO5&#39; was not declared in this scope
  pinMode(WB_IO5, INPUT);
          ^~~~~~
/home/ec2-user/arduino-testlib/cli-datadir/user/libraries/RAK12035_SoilMoisture/RAK12035_SoilMoisture.cpp:56:2: error: &#39;time_t&#39; was not declared in this scope
  time_t timeout = millis();
  ^~~~~~
/home/ec2-user/arduino-testlib/cli-datadir/user/libraries/RAK12035_SoilMoisture/RAK12035_SoilMoisture.cpp:56:2: note: suggested alternative: &#39;size_t&#39;
  time_t timeout = millis();
  ^~~~~~
  size_t
/home/ec2-user/arduino-testlib/cli-datadir/user/libraries/RAK12035_SoilMoisture/RAK12035_SoilMoisture.cpp:60:19: error: &#39;timeout&#39; was not declared in this scope
   if ((millis() - timeout) &gt; 5000)
                   ^~~~~~~
/home/ec2-user/arduino-testlib/cli-datadir/user/libraries/RAK12035_SoilMoisture/RAK12035_SoilMoisture.cpp: In member function &#39;bool RAK12035::sensor_on()&#39;:
/home/ec2-user/arduino-testlib/cli-datadir/user/libraries/RAK12035_SoilMoisture/RAK12035_SoilMoisture.cpp:227:15: error: &#39;WB_IO2&#39; was not declared in this scope
  digitalWrite(WB_IO2, HIGH);
               ^~~~~~
/home/ec2-user/arduino-testlib/cli-datadir/user/libraries/RAK12035_SoilMoisture/RAK12035_SoilMoisture.cpp:227:15: note: suggested alternative: &#39;GPIO2&#39;
  digitalWrite(WB_IO2, HIGH);
               ^~~~~~
               GPIO2
/home/ec2-user/arduino-testlib/cli-datadir/user/libraries/RAK12035_SoilMoisture/RAK12035_SoilMoisture.cpp:230:15: error: &#39;WB_IO4&#39; was not declared in this scope
  digitalWrite(WB_IO4, LOW);
               ^~~~~~
/home/ec2-user/arduino-testlib/cli-datadir/user/libraries/RAK12035_SoilMoisture/RAK12035_SoilMoisture.cpp:235:2: error: &#39;time_t&#39; was not declared in this scope
  time_t timeout = millis();
  ^~~~~~
/home/ec2-user/arduino-testlib/cli-datadir/user/libraries/RAK12035_SoilMoisture/RAK12035_SoilMoisture.cpp:235:2: note: suggested alternative: &#39;size_t&#39;
  time_t timeout = millis();
  ^~~~~~
  size_t
/home/ec2-user/arduino-testlib/cli-datadir/user/libraries/RAK12035_SoilMoisture/RAK12035_SoilMoisture.cpp:238:19: error: &#39;timeout&#39; was not declared in this scope
   if ((millis() - timeout) &gt; 5000)
                   ^~~~~~~
/home/ec2-user/arduino-testlib/cli-datadir/user/libraries/RAK12035_SoilMoisture/RAK12035_SoilMoisture.cpp: In member function &#39;bool RAK12035::sensor_sleep()&#39;:
/home/ec2-user/arduino-testlib/cli-datadir/user/libraries/RAK12035_SoilMoisture/RAK12035_SoilMoisture.cpp:256:15: error: &#39;WB_IO2&#39; was not declared in this scope
  digitalWrite(WB_IO2, LOW);
               ^~~~~~
/home/ec2-user/arduino-testlib/cli-datadir/user/libraries/RAK12035_SoilMoisture/RAK12035_SoilMoisture.cpp:256:15: note: suggested alternative: &#39;GPIO2&#39;
  digitalWrite(WB_IO2, LOW);
               ^~~~~~
               GPIO2
/home/ec2-user/arduino-testlib/cli-datadir/user/libraries/RAK12035_SoilMoisture/RAK12035_SoilMoisture.cpp: In member function &#39;void RAK12035::reset()&#39;:
/home/ec2-user/arduino-testlib/cli-datadir/user/libraries/RAK12035_SoilMoisture/RAK12035_SoilMoisture.cpp:311:10: error: &#39;WB_IO4&#39; was not declared in this scope
  pinMode(WB_IO4, OUTPUT);
          ^~~~~~
/home/ec2-user/arduino-testlib/cli-datadir/user/libraries/RAK12035_SoilMoisture/RAK12035_SoilMoisture.cpp:316:2: error: &#39;time_t&#39; was not declared in this scope
  time_t timeout = millis();
  ^~~~~~
/home/ec2-user/arduino-testlib/cli-datadir/user/libraries/RAK12035_SoilMoisture/RAK12035_SoilMoisture.cpp:316:2: note: suggested alternative: &#39;size_t&#39;
  time_t timeout = millis();
  ^~~~~~
  size_t
/home/ec2-user/arduino-testlib/cli-datadir/user/libraries/RAK12035_SoilMoisture/RAK12035_SoilMoisture.cpp:320:19: error: &#39;timeout&#39; was not declared in this scope
   if ((millis() - timeout) &gt; 5000)
                   ^~~~~~~
/home/ec2-user/arduino-testlib/cli-datadir/user/libraries/RAK12035_SoilMoisture/RAK12035_SoilMoisture.cpp: In member function &#39;bool RAK12035::read_rak12035(uint8_t, uint8_t*, uint8_t)&#39;:
/home/ec2-user/arduino-testlib/cli-datadir/user/libraries/RAK12035_SoilMoisture/RAK12035_SoilMoisture.cpp:350:2: error: &#39;time_t&#39; was not declared in this scope
  time_t timeout = millis();
  ^~~~~~
/home/ec2-user/arduino-testlib/cli-datadir/user/libraries/RAK12035_SoilMoisture/RAK12035_SoilMoisture.cpp:350:2: note: suggested alternative: &#39;size_t&#39;
  time_t timeout = millis();
  ^~~~~~
  size_t
/home/ec2-user/arduino-testlib/cli-datadir/user/libraries/RAK12035_SoilMoisture/RAK12035_SoilMoisture.cpp:354:19: error: &#39;timeout&#39; was not declared in this scope
   if ((millis() - timeout) &gt; 1000)
                   ^~~~~~~

</pre>

					
					<h4>examples/RAK12035_Calibration</h4>
					<p>
						Result: <b>FAIL</b>
					</p>
					<pre class="pre-scrollable">/home/ec2-user/arduino-testlib/cli-datadir/user/libraries/RAK12035_SoilMoisture/examples/RAK12035_Calibration/RAK12035_Calibration.ino: In function &#39;void setup()&#39;:
/home/ec2-user/arduino-testlib/cli-datadir/user/libraries/RAK12035_SoilMoisture/examples/RAK12035_Calibration/RAK12035_Calibration.ino:24:10: error: &#39;LED_GREEN&#39; was not declared in this scope
  pinMode(LED_GREEN, OUTPUT);
          ^~~~~~~~~
/home/ec2-user/arduino-testlib/cli-datadir/user/libraries/RAK12035_SoilMoisture/examples/RAK12035_Calibration/RAK12035_Calibration.ino:28:10: error: &#39;LED_BLUE&#39; was not declared in this scope
  pinMode(LED_BLUE, OUTPUT);
          ^~~~~~~~
/home/ec2-user/arduino-testlib/cli-datadir/user/libraries/RAK12035_SoilMoisture/examples/RAK12035_Calibration/RAK12035_Calibration.ino:28:10: note: suggested alternative: &#39;LED_BUILTIN&#39;
  pinMode(LED_BLUE, OUTPUT);
          ^~~~~~~~
          LED_BUILTIN
/home/ec2-user/arduino-testlib/cli-datadir/user/libraries/RAK12035_SoilMoisture/examples/RAK12035_Calibration/RAK12035_Calibration.ino:34:2: error: &#39;time_t&#39; was not declared in this scope
  time_t serial_timeout = millis();
  ^~~~~~
/home/ec2-user/arduino-testlib/cli-datadir/user/libraries/RAK12035_SoilMoisture/examples/RAK12035_Calibration/RAK12035_Calibration.ino:34:2: note: suggested alternative: &#39;size_t&#39;
  time_t serial_timeout = millis();
  ^~~~~~
  size_t
/home/ec2-user/arduino-testlib/cli-datadir/user/libraries/RAK12035_SoilMoisture/examples/RAK12035_Calibration/RAK12035_Calibration.ino:38:19: error: &#39;serial_timeout&#39; was not declared in this scope
   if ((millis() - serial_timeout) &lt; 5000)
                   ^~~~~~~~~~~~~~
/home/ec2-user/arduino-testlib/cli-datadir/user/libraries/RAK12035_SoilMoisture/examples/RAK12035_Calibration/RAK12035_Calibration.ino:38:19: note: suggested alternative: &#39;setup_timers&#39;
   if ((millis() - serial_timeout) &lt; 5000)
                   ^~~~~~~~~~~~~~
                   setup_timers

</pre>
					
					<h4>examples/RAK12035_Change_Address</h4>
					<p>
						Result: <b>FAIL</b>
					</p>
					<pre class="pre-scrollable">/home/ec2-user/arduino-testlib/cli-datadir/user/libraries/RAK12035_SoilMoisture/examples/RAK12035_Change_Address/RAK12035_Change_Address.ino: In function &#39;void setup()&#39;:
/home/ec2-user/arduino-testlib/cli-datadir/user/libraries/RAK12035_SoilMoisture/examples/RAK12035_Change_Address/RAK12035_Change_Address.ino:24:10: error: &#39;LED_GREEN&#39; was not declared in this scope
  pinMode(LED_GREEN, OUTPUT);
          ^~~~~~~~~
/home/ec2-user/arduino-testlib/cli-datadir/user/libraries/RAK12035_SoilMoisture/examples/RAK12035_Change_Address/RAK12035_Change_Address.ino:28:10: error: &#39;LED_BLUE&#39; was not declared in this scope
  pinMode(LED_BLUE, OUTPUT);
          ^~~~~~~~
/home/ec2-user/arduino-testlib/cli-datadir/user/libraries/RAK12035_SoilMoisture/examples/RAK12035_Change_Address/RAK12035_Change_Address.ino:28:10: note: suggested alternative: &#39;LED_BUILTIN&#39;
  pinMode(LED_BLUE, OUTPUT);
          ^~~~~~~~
          LED_BUILTIN
/home/ec2-user/arduino-testlib/cli-datadir/user/libraries/RAK12035_SoilMoisture/examples/RAK12035_Change_Address/RAK12035_Change_Address.ino:34:2: error: &#39;time_t&#39; was not declared in this scope
  time_t serial_timeout = millis();
  ^~~~~~
/home/ec2-user/arduino-testlib/cli-datadir/user/libraries/RAK12035_SoilMoisture/examples/RAK12035_Change_Address/RAK12035_Change_Address.ino:34:2: note: suggested alternative: &#39;size_t&#39;
  time_t serial_timeout = millis();
  ^~~~~~
  size_t
/home/ec2-user/arduino-testlib/cli-datadir/user/libraries/RAK12035_SoilMoisture/examples/RAK12035_Change_Address/RAK12035_Change_Address.ino:38:19: error: &#39;serial_timeout&#39; was not declared in this scope
   if ((millis() - serial_timeout) &lt; 5000)
                   ^~~~~~~~~~~~~~
/home/ec2-user/arduino-testlib/cli-datadir/user/libraries/RAK12035_SoilMoisture/examples/RAK12035_Change_Address/RAK12035_Change_Address.ino:38:19: note: suggested alternative: &#39;setup_timers&#39;
   if ((millis() - serial_timeout) &lt; 5000)
                   ^~~~~~~~~~~~~~
                   setup_timers
/home/ec2-user/arduino-testlib/cli-datadir/user/libraries/RAK12035_SoilMoisture/examples/RAK12035_Change_Address/RAK12035_Change_Address.ino:66:9: error: &#39;class UartClass&#39; has no member named &#39;printf&#39;; did you mean &#39;print&#39;?
  Serial.printf(&#34;Dry calibration value is %d\n&#34;, zero_val);
         ^~~~~~
         print
/home/ec2-user/arduino-testlib/cli-datadir/user/libraries/RAK12035_SoilMoisture/examples/RAK12035_Change_Address/RAK12035_Change_Address.ino:67:9: error: &#39;class UartClass&#39; has no member named &#39;printf&#39;; did you mean &#39;print&#39;?
  Serial.printf(&#34;Wet calibration value is %d\n&#34;, hundred_val);
         ^~~~~~
         print

</pre>
					
					<h4>examples/RAK12035_LowPower</h4>
					<p>
						Result: <b>FAIL</b>
					</p>
					<pre class="pre-scrollable">/home/ec2-user/arduino-testlib/cli-datadir/user/libraries/RAK12035_SoilMoisture/examples/RAK12035_LowPower/RAK12035_LowPower.ino: In function &#39;void setup()&#39;:
/home/ec2-user/arduino-testlib/cli-datadir/user/libraries/RAK12035_SoilMoisture/examples/RAK12035_LowPower/RAK12035_LowPower.ino:24:10: error: &#39;LED_GREEN&#39; was not declared in this scope
  pinMode(LED_GREEN, OUTPUT);
          ^~~~~~~~~
/home/ec2-user/arduino-testlib/cli-datadir/user/libraries/RAK12035_SoilMoisture/examples/RAK12035_LowPower/RAK12035_LowPower.ino:28:10: error: &#39;LED_BLUE&#39; was not declared in this scope
  pinMode(LED_BLUE, OUTPUT);
          ^~~~~~~~
/home/ec2-user/arduino-testlib/cli-datadir/user/libraries/RAK12035_SoilMoisture/examples/RAK12035_LowPower/RAK12035_LowPower.ino:28:10: note: suggested alternative: &#39;LED_BUILTIN&#39;
  pinMode(LED_BLUE, OUTPUT);
          ^~~~~~~~
          LED_BUILTIN
/home/ec2-user/arduino-testlib/cli-datadir/user/libraries/RAK12035_SoilMoisture/examples/RAK12035_LowPower/RAK12035_LowPower.ino:34:2: error: &#39;time_t&#39; was not declared in this scope
  time_t serial_timeout = millis();
  ^~~~~~
/home/ec2-user/arduino-testlib/cli-datadir/user/libraries/RAK12035_SoilMoisture/examples/RAK12035_LowPower/RAK12035_LowPower.ino:34:2: note: suggested alternative: &#39;size_t&#39;
  time_t serial_timeout = millis();
  ^~~~~~
  size_t
/home/ec2-user/arduino-testlib/cli-datadir/user/libraries/RAK12035_SoilMoisture/examples/RAK12035_LowPower/RAK12035_LowPower.ino:38:19: error: &#39;serial_timeout&#39; was not declared in this scope
   if ((millis() - serial_timeout) &lt; 5000)
                   ^~~~~~~~~~~~~~
/home/ec2-user/arduino-testlib/cli-datadir/user/libraries/RAK12035_SoilMoisture/examples/RAK12035_LowPower/RAK12035_LowPower.ino:38:19: note: suggested alternative: &#39;setup_timers&#39;
   if ((millis() - serial_timeout) &lt; 5000)
                   ^~~~~~~~~~~~~~
                   setup_timers
/home/ec2-user/arduino-testlib/cli-datadir/user/libraries/RAK12035_SoilMoisture/examples/RAK12035_LowPower/RAK12035_LowPower.ino:59:9: error: &#39;class UartClass&#39; has no member named &#39;printf&#39;; did you mean &#39;print&#39;?
  Serial.printf(&#34;0x%02X&#34;, data);
         ^~~~~~
         print
/home/ec2-user/arduino-testlib/cli-datadir/user/libraries/RAK12035_SoilMoisture/examples/RAK12035_LowPower/RAK12035_LowPower.ino:66:9: error: &#39;class UartClass&#39; has no member named &#39;printf&#39;; did you mean &#39;print&#39;?
  Serial.printf(&#34;Dry calibration value is %d\n&#34;, zero_val);
         ^~~~~~
         print
/home/ec2-user/arduino-testlib/cli-datadir/user/libraries/RAK12035_SoilMoisture/examples/RAK12035_LowPower/RAK12035_LowPower.ino:67:9: error: &#39;class UartClass&#39; has no member named &#39;printf&#39;; did you mean &#39;print&#39;?
  Serial.printf(&#34;Wet calibration value is %d\n&#34;, hundred_val);
         ^~~~~~
         print
/home/ec2-user/arduino-testlib/cli-datadir/user/libraries/RAK12035_SoilMoisture/examples/RAK12035_LowPower/RAK12035_LowPower.ino: In function &#39;void loop()&#39;:
/home/ec2-user/arduino-testlib/cli-datadir/user/libraries/RAK12035_SoilMoisture/examples/RAK12035_LowPower/RAK12035_LowPower.ino:72:15: error: &#39;LED_BLUE&#39; was not declared in this scope
  digitalWrite(LED_BLUE, HIGH);
               ^~~~~~~~
/home/ec2-user/arduino-testlib/cli-datadir/user/libraries/RAK12035_SoilMoisture/examples/RAK12035_LowPower/RAK12035_LowPower.ino:72:15: note: suggested alternative: &#39;LED_BUILTIN&#39;
  digitalWrite(LED_BLUE, HIGH);
               ^~~~~~~~
               LED_BUILTIN

</pre>
					
					<h4>examples/RAK12035_RAK4631_LPWAN</h4>
					<p>
						Result: <b>FAIL</b>
					</p>
					<pre class="pre-scrollable">/home/ec2-user/arduino-testlib/cli-datadir/user/libraries/RAK12035_SoilMoisture/examples/RAK12035_RAK4631_LPWAN/soil.cpp:26:10: fatal error: Adafruit_LittleFS.h: No such file or directory
 #include &lt;Adafruit_LittleFS.h&gt;
          ^~~~~~~~~~~~~~~~~~~~~
compilation terminated.

</pre>
					
					<h4>examples/RAK12035_Soil_Humidity</h4>
					<p>
						Result: <b>FAIL</b>
					</p>
					<pre class="pre-scrollable">/home/ec2-user/arduino-testlib/cli-datadir/user/libraries/RAK12035_SoilMoisture/examples/RAK12035_Soil_Humidity/RAK12035_Soil_Humidity.ino: In function &#39;void setup()&#39;:
/home/ec2-user/arduino-testlib/cli-datadir/user/libraries/RAK12035_SoilMoisture/examples/RAK12035_Soil_Humidity/RAK12035_Soil_Humidity.ino:24:10: error: &#39;LED_GREEN&#39; was not declared in this scope
  pinMode(LED_GREEN, OUTPUT);
          ^~~~~~~~~
/home/ec2-user/arduino-testlib/cli-datadir/user/libraries/RAK12035_SoilMoisture/examples/RAK12035_Soil_Humidity/RAK12035_Soil_Humidity.ino:28:10: error: &#39;LED_BLUE&#39; was not declared in this scope
  pinMode(LED_BLUE, OUTPUT);
          ^~~~~~~~
/home/ec2-user/arduino-testlib/cli-datadir/user/libraries/RAK12035_SoilMoisture/examples/RAK12035_Soil_Humidity/RAK12035_Soil_Humidity.ino:28:10: note: suggested alternative: &#39;LED_BUILTIN&#39;
  pinMode(LED_BLUE, OUTPUT);
          ^~~~~~~~
          LED_BUILTIN
/home/ec2-user/arduino-testlib/cli-datadir/user/libraries/RAK12035_SoilMoisture/examples/RAK12035_Soil_Humidity/RAK12035_Soil_Humidity.ino:34:2: error: &#39;time_t&#39; was not declared in this scope
  time_t serial_timeout = millis();
  ^~~~~~
/home/ec2-user/arduino-testlib/cli-datadir/user/libraries/RAK12035_SoilMoisture/examples/RAK12035_Soil_Humidity/RAK12035_Soil_Humidity.ino:34:2: note: suggested alternative: &#39;size_t&#39;
  time_t serial_timeout = millis();
  ^~~~~~
  size_t
/home/ec2-user/arduino-testlib/cli-datadir/user/libraries/RAK12035_SoilMoisture/examples/RAK12035_Soil_Humidity/RAK12035_Soil_Humidity.ino:38:19: error: &#39;serial_timeout&#39; was not declared in this scope
   if ((millis() - serial_timeout) &lt; 5000)
                   ^~~~~~~~~~~~~~
/home/ec2-user/arduino-testlib/cli-datadir/user/libraries/RAK12035_SoilMoisture/examples/RAK12035_Soil_Humidity/RAK12035_Soil_Humidity.ino:38:19: note: suggested alternative: &#39;setup_timers&#39;
   if ((millis() - serial_timeout) &lt; 5000)
                   ^~~~~~~~~~~~~~
                   setup_timers
/home/ec2-user/arduino-testlib/cli-datadir/user/libraries/RAK12035_SoilMoisture/examples/RAK12035_Soil_Humidity/RAK12035_Soil_Humidity.ino:66:9: error: &#39;class UartClass&#39; has no member named &#39;printf&#39;; did you mean &#39;print&#39;?
  Serial.printf(&#34;Dry calibration value is %d\n&#34;, zero_val);
         ^~~~~~
         print
/home/ec2-user/arduino-testlib/cli-datadir/user/libraries/RAK12035_SoilMoisture/examples/RAK12035_Soil_Humidity/RAK12035_Soil_Humidity.ino:67:9: error: &#39;class UartClass&#39; has no member named &#39;printf&#39;; did you mean &#39;print&#39;?
  Serial.printf(&#34;Wet calibration value is %d\n&#34;, hundred_val);
         ^~~~~~
         print

</pre>
					
				
				<h3 id="arduino:samd:mkrwifi1010">arduino:samd:mkrwifi1010 @ 1.8.12</h3>
				<h4>Inclusion</h4>
				<p>
					Result: <b>FAIL</b>
					
				</p>
				<pre class="pre-scrollable">/home/ec2-user/arduino-testlib/cli-datadir/user/libraries/RAK12035_SoilMoisture/RAK12035_SoilMoisture.cpp: In member function &#39;void RAK12035::begin(bool)&#39;:
/home/ec2-user/arduino-testlib/cli-datadir/user/libraries/RAK12035_SoilMoisture/RAK12035_SoilMoisture.cpp:46:10: error: &#39;WB_IO2&#39; was not declared in this scope
  pinMode(WB_IO2, OUTPUT);
          ^~~~~~
/home/ec2-user/arduino-testlib/cli-datadir/user/libraries/RAK12035_SoilMoisture/RAK12035_SoilMoisture.cpp:46:10: note: suggested alternative: &#39;__IOM&#39;
  pinMode(WB_IO2, OUTPUT);
          ^~~~~~
          __IOM
/home/ec2-user/arduino-testlib/cli-datadir/user/libraries/RAK12035_SoilMoisture/RAK12035_SoilMoisture.cpp:49:10: error: &#39;WB_IO5&#39; was not declared in this scope
  pinMode(WB_IO5, INPUT);
          ^~~~~~
/home/ec2-user/arduino-testlib/cli-datadir/user/libraries/RAK12035_SoilMoisture/RAK12035_SoilMoisture.cpp:49:10: note: suggested alternative: &#39;__IOM&#39;
  pinMode(WB_IO5, INPUT);
          ^~~~~~
          __IOM
/home/ec2-user/arduino-testlib/cli-datadir/user/libraries/RAK12035_SoilMoisture/RAK12035_SoilMoisture.cpp: In member function &#39;bool RAK12035::sensor_on()&#39;:
/home/ec2-user/arduino-testlib/cli-datadir/user/libraries/RAK12035_SoilMoisture/RAK12035_SoilMoisture.cpp:227:15: error: &#39;WB_IO2&#39; was not declared in this scope
  digitalWrite(WB_IO2, HIGH);
               ^~~~~~
/home/ec2-user/arduino-testlib/cli-datadir/user/libraries/RAK12035_SoilMoisture/RAK12035_SoilMoisture.cpp:227:15: note: suggested alternative: &#39;__IOM&#39;
  digitalWrite(WB_IO2, HIGH);
               ^~~~~~
               __IOM
/home/ec2-user/arduino-testlib/cli-datadir/user/libraries/RAK12035_SoilMoisture/RAK12035_SoilMoisture.cpp:230:15: error: &#39;WB_IO4&#39; was not declared in this scope
  digitalWrite(WB_IO4, LOW);
               ^~~~~~
/home/ec2-user/arduino-testlib/cli-datadir/user/libraries/RAK12035_SoilMoisture/RAK12035_SoilMoisture.cpp:230:15: note: suggested alternative: &#39;__IOM&#39;
  digitalWrite(WB_IO4, LOW);
               ^~~~~~
               __IOM
/home/ec2-user/arduino-testlib/cli-datadir/user/libraries/RAK12035_SoilMoisture/RAK12035_SoilMoisture.cpp: In member function &#39;bool RAK12035::sensor_sleep()&#39;:
/home/ec2-user/arduino-testlib/cli-datadir/user/libraries/RAK12035_SoilMoisture/RAK12035_SoilMoisture.cpp:256:15: error: &#39;WB_IO2&#39; was not declared in this scope
  digitalWrite(WB_IO2, LOW);
               ^~~~~~
/home/ec2-user/arduino-testlib/cli-datadir/user/libraries/RAK12035_SoilMoisture/RAK12035_SoilMoisture.cpp:256:15: note: suggested alternative: &#39;__IOM&#39;
  digitalWrite(WB_IO2, LOW);
               ^~~~~~
               __IOM
/home/ec2-user/arduino-testlib/cli-datadir/user/libraries/RAK12035_SoilMoisture/RAK12035_SoilMoisture.cpp: In member function &#39;void RAK12035::reset()&#39;:
/home/ec2-user/arduino-testlib/cli-datadir/user/libraries/RAK12035_SoilMoisture/RAK12035_SoilMoisture.cpp:311:10: error: &#39;WB_IO4&#39; was not declared in this scope
  pinMode(WB_IO4, OUTPUT);
          ^~~~~~
/home/ec2-user/arduino-testlib/cli-datadir/user/libraries/RAK12035_SoilMoisture/RAK12035_SoilMoisture.cpp:311:10: note: suggested alternative: &#39;__IOM&#39;
  pinMode(WB_IO4, OUTPUT);
          ^~~~~~
          __IOM

</pre>

					
					<h4>examples/RAK12035_Calibration</h4>
					<p>
						Result: <b>FAIL</b>
					</p>
					<pre class="pre-scrollable">/home/ec2-user/arduino-testlib/cli-datadir/user/libraries/RAK12035_SoilMoisture/examples/RAK12035_Calibration/RAK12035_Calibration.ino: In function &#39;void setup()&#39;:
/home/ec2-user/arduino-testlib/cli-datadir/user/libraries/RAK12035_SoilMoisture/examples/RAK12035_Calibration/RAK12035_Calibration.ino:24:10: error: &#39;LED_GREEN&#39; was not declared in this scope
  pinMode(LED_GREEN, OUTPUT);
          ^~~~~~~~~
/home/ec2-user/arduino-testlib/cli-datadir/user/libraries/RAK12035_SoilMoisture/examples/RAK12035_Calibration/RAK12035_Calibration.ino:28:10: error: &#39;LED_BLUE&#39; was not declared in this scope
  pinMode(LED_BLUE, OUTPUT);
          ^~~~~~~~

</pre>
					
					<h4>examples/RAK12035_Change_Address</h4>
					<p>
						Result: <b>FAIL</b>
					</p>
					<pre class="pre-scrollable">/home/ec2-user/arduino-testlib/cli-datadir/user/libraries/RAK12035_SoilMoisture/examples/RAK12035_Change_Address/RAK12035_Change_Address.ino: In function &#39;void setup()&#39;:
/home/ec2-user/arduino-testlib/cli-datadir/user/libraries/RAK12035_SoilMoisture/examples/RAK12035_Change_Address/RAK12035_Change_Address.ino:24:10: error: &#39;LED_GREEN&#39; was not declared in this scope
  pinMode(LED_GREEN, OUTPUT);
          ^~~~~~~~~
/home/ec2-user/arduino-testlib/cli-datadir/user/libraries/RAK12035_SoilMoisture/examples/RAK12035_Change_Address/RAK12035_Change_Address.ino:28:10: error: &#39;LED_BLUE&#39; was not declared in this scope
  pinMode(LED_BLUE, OUTPUT);
          ^~~~~~~~
/home/ec2-user/arduino-testlib/cli-datadir/user/libraries/RAK12035_SoilMoisture/examples/RAK12035_Change_Address/RAK12035_Change_Address.ino:66:9: error: &#39;class Serial_&#39; has no member named &#39;printf&#39;; did you mean &#39;print&#39;?
  Serial.printf(&#34;Dry calibration value is %d\n&#34;, zero_val);
         ^~~~~~
         print
/home/ec2-user/arduino-testlib/cli-datadir/user/libraries/RAK12035_SoilMoisture/examples/RAK12035_Change_Address/RAK12035_Change_Address.ino:67:9: error: &#39;class Serial_&#39; has no member named &#39;printf&#39;; did you mean &#39;print&#39;?
  Serial.printf(&#34;Wet calibration value is %d\n&#34;, hundred_val);
         ^~~~~~
         print

</pre>
					
					<h4>examples/RAK12035_LowPower</h4>
					<p>
						Result: <b>FAIL</b>
					</p>
					<pre class="pre-scrollable">/home/ec2-user/arduino-testlib/cli-datadir/user/libraries/RAK12035_SoilMoisture/examples/RAK12035_LowPower/RAK12035_LowPower.ino: In function &#39;void setup()&#39;:
/home/ec2-user/arduino-testlib/cli-datadir/user/libraries/RAK12035_SoilMoisture/examples/RAK12035_LowPower/RAK12035_LowPower.ino:24:10: error: &#39;LED_GREEN&#39; was not declared in this scope
  pinMode(LED_GREEN, OUTPUT);
          ^~~~~~~~~
/home/ec2-user/arduino-testlib/cli-datadir/user/libraries/RAK12035_SoilMoisture/examples/RAK12035_LowPower/RAK12035_LowPower.ino:28:10: error: &#39;LED_BLUE&#39; was not declared in this scope
  pinMode(LED_BLUE, OUTPUT);
          ^~~~~~~~
/home/ec2-user/arduino-testlib/cli-datadir/user/libraries/RAK12035_SoilMoisture/examples/RAK12035_LowPower/RAK12035_LowPower.ino:59:9: error: &#39;class Serial_&#39; has no member named &#39;printf&#39;; did you mean &#39;print&#39;?
  Serial.printf(&#34;0x%02X&#34;, data);
         ^~~~~~
         print
/home/ec2-user/arduino-testlib/cli-datadir/user/libraries/RAK12035_SoilMoisture/examples/RAK12035_LowPower/RAK12035_LowPower.ino:66:9: error: &#39;class Serial_&#39; has no member named &#39;printf&#39;; did you mean &#39;print&#39;?
  Serial.printf(&#34;Dry calibration value is %d\n&#34;, zero_val);
         ^~~~~~
         print
/home/ec2-user/arduino-testlib/cli-datadir/user/libraries/RAK12035_SoilMoisture/examples/RAK12035_LowPower/RAK12035_LowPower.ino:67:9: error: &#39;class Serial_&#39; has no member named &#39;printf&#39;; did you mean &#39;print&#39;?
  Serial.printf(&#34;Wet calibration value is %d\n&#34;, hundred_val);
         ^~~~~~
         print
/home/ec2-user/arduino-testlib/cli-datadir/user/libraries/RAK12035_SoilMoisture/examples/RAK12035_LowPower/RAK12035_LowPower.ino: In function &#39;void loop()&#39;:
/home/ec2-user/arduino-testlib/cli-datadir/user/libraries/RAK12035_SoilMoisture/examples/RAK12035_LowPower/RAK12035_LowPower.ino:72:15: error: &#39;LED_BLUE&#39; was not declared in this scope
  digitalWrite(LED_BLUE, HIGH);
               ^~~~~~~~

</pre>
					
					<h4>examples/RAK12035_RAK4631_LPWAN</h4>
					<p>
						Result: <b>FAIL</b>
					</p>
					<pre class="pre-scrollable">/home/ec2-user/arduino-testlib/cli-datadir/user/libraries/RAK12035_SoilMoisture/examples/RAK12035_RAK4631_LPWAN/soil.cpp:26:10: fatal error: Adafruit_LittleFS.h: No such file or directory
 #include &lt;Adafruit_LittleFS.h&gt;
          ^~~~~~~~~~~~~~~~~~~~~
compilation terminated.

</pre>
					
					<h4>examples/RAK12035_Soil_Humidity</h4>
					<p>
						Result: <b>FAIL</b>
					</p>
					<pre class="pre-scrollable">/home/ec2-user/arduino-testlib/cli-datadir/user/libraries/RAK12035_SoilMoisture/examples/RAK12035_Soil_Humidity/RAK12035_Soil_Humidity.ino: In function &#39;void setup()&#39;:
/home/ec2-user/arduino-testlib/cli-datadir/user/libraries/RAK12035_SoilMoisture/examples/RAK12035_Soil_Humidity/RAK12035_Soil_Humidity.ino:24:10: error: &#39;LED_GREEN&#39; was not declared in this scope
  pinMode(LED_GREEN, OUTPUT);
          ^~~~~~~~~
/home/ec2-user/arduino-testlib/cli-datadir/user/libraries/RAK12035_SoilMoisture/examples/RAK12035_Soil_Humidity/RAK12035_Soil_Humidity.ino:28:10: error: &#39;LED_BLUE&#39; was not declared in this scope
  pinMode(LED_BLUE, OUTPUT);
          ^~~~~~~~
/home/ec2-user/arduino-testlib/cli-datadir/user/libraries/RAK12035_SoilMoisture/examples/RAK12035_Soil_Humidity/RAK12035_Soil_Humidity.ino:66:9: error: &#39;class Serial_&#39; has no member named &#39;printf&#39;; did you mean &#39;print&#39;?
  Serial.printf(&#34;Dry calibration value is %d\n&#34;, zero_val);
         ^~~~~~
         print
/home/ec2-user/arduino-testlib/cli-datadir/user/libraries/RAK12035_SoilMoisture/examples/RAK12035_Soil_Humidity/RAK12035_Soil_Humidity.ino:67:9: error: &#39;class Serial_&#39; has no member named &#39;printf&#39;; did you mean &#39;print&#39;?
  Serial.printf(&#34;Wet calibration value is %d\n&#34;, hundred_val);
         ^~~~~~
         print

</pre>
					
				
				<h3 id="esp32:esp32:d1_mini32">esp32:esp32:d1_mini32 @ 1.0.6</h3>
				<h4>Inclusion</h4>
				<p>
					Result: <b>FAIL</b>
					
				</p>
				<pre class="pre-scrollable">/home/ec2-user/arduino-testlib/cli-datadir/user/libraries/RAK12035_SoilMoisture/RAK12035_SoilMoisture.cpp: In member function &#39;void RAK12035::begin(bool)&#39;:
/home/ec2-user/arduino-testlib/cli-datadir/user/libraries/RAK12035_SoilMoisture/RAK12035_SoilMoisture.cpp:46:10: error: &#39;WB_IO2&#39; was not declared in this scope
  pinMode(WB_IO2, OUTPUT);
          ^
/home/ec2-user/arduino-testlib/cli-datadir/user/libraries/RAK12035_SoilMoisture/RAK12035_SoilMoisture.cpp:49:10: error: &#39;WB_IO5&#39; was not declared in this scope
  pinMode(WB_IO5, INPUT);
          ^
/home/ec2-user/arduino-testlib/cli-datadir/user/libraries/RAK12035_SoilMoisture/RAK12035_SoilMoisture.cpp: In member function &#39;bool RAK12035::sensor_on()&#39;:
/home/ec2-user/arduino-testlib/cli-datadir/user/libraries/RAK12035_SoilMoisture/RAK12035_SoilMoisture.cpp:227:15: error: &#39;WB_IO2&#39; was not declared in this scope
  digitalWrite(WB_IO2, HIGH);
               ^
/home/ec2-user/arduino-testlib/cli-datadir/user/libraries/RAK12035_SoilMoisture/RAK12035_SoilMoisture.cpp:230:15: error: &#39;WB_IO4&#39; was not declared in this scope
  digitalWrite(WB_IO4, LOW);
               ^
/home/ec2-user/arduino-testlib/cli-datadir/user/libraries/RAK12035_SoilMoisture/RAK12035_SoilMoisture.cpp: In member function &#39;bool RAK12035::sensor_sleep()&#39;:
/home/ec2-user/arduino-testlib/cli-datadir/user/libraries/RAK12035_SoilMoisture/RAK12035_SoilMoisture.cpp:256:15: error: &#39;WB_IO2&#39; was not declared in this scope
  digitalWrite(WB_IO2, LOW);
               ^
/home/ec2-user/arduino-testlib/cli-datadir/user/libraries/RAK12035_SoilMoisture/RAK12035_SoilMoisture.cpp: In member function &#39;void RAK12035::reset()&#39;:
/home/ec2-user/arduino-testlib/cli-datadir/user/libraries/RAK12035_SoilMoisture/RAK12035_SoilMoisture.cpp:311:10: error: &#39;WB_IO4&#39; was not declared in this scope
  pinMode(WB_IO4, OUTPUT);
          ^
In file included from /home/ec2-user/arduino-testlib/cli-datadir/user/libraries/RAK12035_SoilMoisture/RAK12035_SoilMoisture.h:15:0,
                 from /home/ec2-user/arduino-testlib/cli-datadir/user/libraries/RAK12035_SoilMoisture/RAK12035_SoilMoisture.cpp:12:
/home/ec2-user/arduino-testlib/cli-datadir/data/packages/esp32/hardware/esp32/1.0.6/libraries/Wire/src/Wire.h: In member function &#39;bool RAK12035::read_rak12035(uint8_t, uint8_t*, uint8_t)&#39;:
/home/ec2-user/arduino-testlib/cli-datadir/data/packages/esp32/hardware/esp32/1.0.6/libraries/Wire/src/Wire.h:103:13: note: candidate 1: uint8_t TwoWire::requestFrom(int, int)
     uint8_t requestFrom(int address, int size);
             ^
/home/ec2-user/arduino-testlib/cli-datadir/data/packages/esp32/hardware/esp32/1.0.6/libraries/Wire/src/Wire.h:101:13: note: candidate 2: uint8_t TwoWire::requestFrom(uint8_t, uint8_t)
     uint8_t requestFrom(uint8_t address, uint8_t size);
             ^
/home/ec2-user/arduino-testlib/cli-datadir/data/packages/esp32/hardware/esp32/1.0.6/libraries/Wire/src/Wire.h:103:13: note: candidate 1: uint8_t TwoWire::requestFrom(int, int)
     uint8_t requestFrom(int address, int size);
             ^
/home/ec2-user/arduino-testlib/cli-datadir/data/packages/esp32/hardware/esp32/1.0.6/libraries/Wire/src/Wire.h:99:13: note: candidate 2: uint8_t TwoWire::requestFrom(uint16_t, uint8_t)
     uint8_t requestFrom(uint16_t address, uint8_t size);
             ^

</pre>

					
					<h4>examples/RAK12035_Calibration</h4>
					<p>
						Result: <b>FAIL</b>
					</p>
					<pre class="pre-scrollable">/home/ec2-user/arduino-testlib/cli-datadir/user/libraries/RAK12035_SoilMoisture/examples/RAK12035_Calibration/RAK12035_Calibration.ino: In function &#39;void setup()&#39;:
/home/ec2-user/arduino-testlib/cli-datadir/user/libraries/RAK12035_SoilMoisture/examples/RAK12035_Calibration/RAK12035_Calibration.ino:24:10: error: &#39;LED_GREEN&#39; was not declared in this scope
  pinMode(LED_GREEN, OUTPUT);
          ^
/home/ec2-user/arduino-testlib/cli-datadir/user/libraries/RAK12035_SoilMoisture/examples/RAK12035_Calibration/RAK12035_Calibration.ino:28:10: error: &#39;LED_BLUE&#39; was not declared in this scope
  pinMode(LED_BLUE, OUTPUT);
          ^

</pre>
					
					<h4>examples/RAK12035_Change_Address</h4>
					<p>
						Result: <b>FAIL</b>
					</p>
					<pre class="pre-scrollable">/home/ec2-user/arduino-testlib/cli-datadir/user/libraries/RAK12035_SoilMoisture/examples/RAK12035_Change_Address/RAK12035_Change_Address.ino: In function &#39;void setup()&#39;:
/home/ec2-user/arduino-testlib/cli-datadir/user/libraries/RAK12035_SoilMoisture/examples/RAK12035_Change_Address/RAK12035_Change_Address.ino:24:10: error: &#39;LED_GREEN&#39; was not declared in this scope
  pinMode(LED_GREEN, OUTPUT);
          ^
/home/ec2-user/arduino-testlib/cli-datadir/user/libraries/RAK12035_SoilMoisture/examples/RAK12035_Change_Address/RAK12035_Change_Address.ino:28:10: error: &#39;LED_BLUE&#39; was not declared in this scope
  pinMode(LED_BLUE, OUTPUT);
          ^

</pre>
					
					<h4>examples/RAK12035_LowPower</h4>
					<p>
						Result: <b>FAIL</b>
					</p>
					<pre class="pre-scrollable">/home/ec2-user/arduino-testlib/cli-datadir/user/libraries/RAK12035_SoilMoisture/examples/RAK12035_LowPower/RAK12035_LowPower.ino: In function &#39;void setup()&#39;:
/home/ec2-user/arduino-testlib/cli-datadir/user/libraries/RAK12035_SoilMoisture/examples/RAK12035_LowPower/RAK12035_LowPower.ino:24:10: error: &#39;LED_GREEN&#39; was not declared in this scope
  pinMode(LED_GREEN, OUTPUT);
          ^
/home/ec2-user/arduino-testlib/cli-datadir/user/libraries/RAK12035_SoilMoisture/examples/RAK12035_LowPower/RAK12035_LowPower.ino:28:10: error: &#39;LED_BLUE&#39; was not declared in this scope
  pinMode(LED_BLUE, OUTPUT);
          ^
/home/ec2-user/arduino-testlib/cli-datadir/user/libraries/RAK12035_SoilMoisture/examples/RAK12035_LowPower/RAK12035_LowPower.ino: In function &#39;void loop()&#39;:
/home/ec2-user/arduino-testlib/cli-datadir/user/libraries/RAK12035_SoilMoisture/examples/RAK12035_LowPower/RAK12035_LowPower.ino:72:15: error: &#39;LED_BLUE&#39; was not declared in this scope
  digitalWrite(LED_BLUE, HIGH);
               ^

</pre>
					
					<h4>examples/RAK12035_RAK4631_LPWAN</h4>
					<p>
						Result: <b>FAIL</b>
					</p>
					<pre class="pre-scrollable">/home/ec2-user/arduino-testlib/cli-datadir/user/libraries/RAK12035_SoilMoisture/examples/RAK12035_RAK4631_LPWAN/soil.cpp:26:31: fatal error: Adafruit_LittleFS.h: No such file or directory
compilation terminated.
Multiple libraries were found for &#34;Ticker.h&#34;
  Used: /home/ec2-user/arduino-testlib/cli-datadir/data/packages/esp32/hardware/esp32/1.0.6/libraries/Ticker
  Not used: /home/ec2-user/arduino-testlib/cli-datadir/user/libraries/SimpleTicker
  Not used: /home/ec2-user/arduino-testlib/cli-datadir/user/libraries/Ticker
</pre>
					
					<h4>examples/RAK12035_Soil_Humidity</h4>
					<p>
						Result: <b>FAIL</b>
					</p>
					<pre class="pre-scrollable">/home/ec2-user/arduino-testlib/cli-datadir/user/libraries/RAK12035_SoilMoisture/examples/RAK12035_Soil_Humidity/RAK12035_Soil_Humidity.ino: In function &#39;void setup()&#39;:
/home/ec2-user/arduino-testlib/cli-datadir/user/libraries/RAK12035_SoilMoisture/examples/RAK12035_Soil_Humidity/RAK12035_Soil_Humidity.ino:24:10: error: &#39;LED_GREEN&#39; was not declared in this scope
  pinMode(LED_GREEN, OUTPUT);
          ^
/home/ec2-user/arduino-testlib/cli-datadir/user/libraries/RAK12035_SoilMoisture/examples/RAK12035_Soil_Humidity/RAK12035_Soil_Humidity.ino:28:10: error: &#39;LED_BLUE&#39; was not declared in this scope
  pinMode(LED_BLUE, OUTPUT);
          ^

</pre>
					
				
			</div>
		</div>
	</div>
  </body>
</html>
