
<!doctype html>
<html lang="en">
  <head>
    <meta charset="utf-8">
    <meta name="viewport" content="width=device-width, initial-scale=1">
    <link href="https://cdn.jsdelivr.net/npm/bootstrap@5.0.2/dist/css/bootstrap.min.css" rel="stylesheet" integrity="sha384-EVSTQN3/azprG1Anm3QDgpJLIm9Nao0Yz1ztcQTwFspd3yD65VohhpuuCOmLASjC" crossorigin="anonymous">
    <title>arduino-testlib report</title>
	<style>
	.pass { background-color: #00FF00 !important; }
	.fail { background-color: #FF0000 !important; }
	</style>
  </head>
  <body>
	<div class="container">
		<div class="row">
			<div class="col">
				<h1>RAKwireless Storage - compatibility matrix</h1>
				<p>
					<small>This report was generated on Monday, 21-Feb-22 12:00:25 CET using 
					<a href="https://github.com/alranel/arduino-testlib">arduino-testlib</a>.</small>
				</p>

				<h2>RAKwireless Storage</h2>
				<p>
					Version: <b>1.0.0</b>
					<br />
					<a href="https://www.arduino.cc/reference/en/libraries/rakwireless-storage/">More details</a>
				</p>

				<h2>Compatibility matrix</h2>
				<table class="table table-bordered">
					<tr>
						<th>Board</th>
						<th>Claims compatibility</th>
						<th>Inclusion</th>
						
						<th><pre>Generic_I2C_EEPROM</pre></th>
						
						<th><pre>MB85RC256V</pre></th>
						
						<th><pre>validate_memory</pre></th>
						
						<th><pre>write_multibyte</pre></th>
						
						<th><pre>write_objects</pre></th>
						
					</tr>
					
					<tr>
						<td>
							<a href="#arduino%3aavr%3auno"><b>arduino:avr:uno</b></a>
							<br />
							<small>1.8.4</small>
						</td>

						
						
						
							<td>Yes ⚠️</td>
							<td class="fail">FAIL</td>
						
						

						
							
								
									
										
											
											<td class="fail">FAIL</td>
										
									
										
									
										
									
										
									
										
									
								
							
								
							
								
							
								
							
								
							
						
							
								
									
										
									
										
											
											<td class="fail">FAIL</td>
										
									
										
									
										
									
										
									
								
							
								
							
								
							
								
							
								
							
						
							
								
									
										
									
										
									
										
											
											<td class="fail">FAIL</td>
										
									
										
									
										
									
								
							
								
							
								
							
								
							
								
							
						
							
								
									
										
									
										
									
										
									
										
											
											<td class="fail">FAIL</td>
										
									
										
									
								
							
								
							
								
							
								
							
								
							
						
							
								
									
										
									
										
									
										
									
										
									
										
											
											<td class="fail">FAIL</td>
										
									
								
							
								
							
								
							
								
							
								
							
						
					</tr>
					
					<tr>
						<td>
							<a href="#arduino%3ambed_nano%3ananorp2040connect"><b>arduino:mbed_nano:nanorp2040connect</b></a>
							<br />
							<small>2.7.2</small>
						</td>

						
						
						
							<td>Yes ⚠️</td>
							<td class="fail">FAIL</td>
						
						

						
							
								
							
								
									
										
											<td class="pass">PASS</td>
											
										
									
										
									
										
									
										
									
										
									
								
							
								
							
								
							
								
							
						
							
								
							
								
									
										
									
										
											<td class="pass">PASS</td>
											
										
									
										
									
										
									
										
									
								
							
								
							
								
							
								
							
						
							
								
							
								
									
										
									
										
									
										
											<td class="pass">PASS</td>
											
										
									
										
									
										
									
								
							
								
							
								
							
								
							
						
							
								
							
								
									
										
									
										
									
										
									
										
											<td class="pass">PASS</td>
											
										
									
										
									
								
							
								
							
								
							
								
							
						
							
								
							
								
									
										
									
										
									
										
									
										
									
										
											<td class="pass">PASS</td>
											
										
									
								
							
								
							
								
							
								
							
						
					</tr>
					
					<tr>
						<td>
							<a href="#arduino%3amegaavr%3anona4809"><b>arduino:megaavr:nona4809</b></a>
							<br />
							<small>1.8.7</small>
						</td>

						
						
						
							<td>Yes ⚠️</td>
							<td class="fail">FAIL</td>
						
						

						
							
								
							
								
							
								
									
										
											
											<td class="fail">FAIL</td>
										
									
										
									
										
									
										
									
										
									
								
							
								
							
								
							
						
							
								
							
								
							
								
									
										
									
										
											
											<td class="fail">FAIL</td>
										
									
										
									
										
									
										
									
								
							
								
							
								
							
						
							
								
							
								
							
								
									
										
									
										
									
										
											
											<td class="fail">FAIL</td>
										
									
										
									
										
									
								
							
								
							
								
							
						
							
								
							
								
							
								
									
										
									
										
									
										
									
										
											
											<td class="fail">FAIL</td>
										
									
										
									
								
							
								
							
								
							
						
							
								
							
								
							
								
									
										
									
										
									
										
									
										
									
										
											
											<td class="fail">FAIL</td>
										
									
								
							
								
							
								
							
						
					</tr>
					
					<tr>
						<td>
							<a href="#arduino%3asamd%3amkrwifi1010"><b>arduino:samd:mkrwifi1010</b></a>
							<br />
							<small>1.8.12</small>
						</td>

						
						
						
							<td>Yes ⚠️</td>
							<td class="fail">FAIL</td>
						
						

						
							
								
							
								
							
								
							
								
									
										
											<td class="pass">PASS</td>
											
										
									
										
									
										
									
										
									
										
									
								
							
								
							
						
							
								
							
								
							
								
							
								
									
										
									
										
											<td class="pass">PASS</td>
											
										
									
										
									
										
									
										
									
								
							
								
							
						
							
								
							
								
							
								
							
								
									
										
									
										
									
										
											<td class="pass">PASS</td>
											
										
									
										
									
										
									
								
							
								
							
						
							
								
							
								
							
								
							
								
									
										
									
										
									
										
									
										
											<td class="pass">PASS</td>
											
										
									
										
									
								
							
								
							
						
							
								
							
								
							
								
							
								
									
										
									
										
									
										
									
										
									
										
											<td class="pass">PASS</td>
											
										
									
								
							
								
							
						
					</tr>
					
					<tr>
						<td>
							<a href="#esp32%3aesp32%3ad1_mini32"><b>esp32:esp32:d1_mini32</b></a>
							<br />
							<small>1.0.6</small>
						</td>

						
						
						
							<td>Yes ⚠️</td>
							<td class="fail">FAIL</td>
						
						

						
							
								
							
								
							
								
							
								
							
								
									
										
											<td class="pass">PASS</td>
											
										
									
										
									
										
									
										
									
										
									
								
							
						
							
								
							
								
							
								
							
								
							
								
									
										
									
										
											<td class="pass">PASS</td>
											
										
									
										
									
										
									
										
									
								
							
						
							
								
							
								
							
								
							
								
							
								
									
										
									
										
									
										
											<td class="pass">PASS</td>
											
										
									
										
									
										
									
								
							
						
							
								
							
								
							
								
							
								
							
								
									
										
									
										
									
										
									
										
											<td class="pass">PASS</td>
											
										
									
										
									
								
							
						
							
								
							
								
							
								
							
								
							
								
									
										
									
										
									
										
									
										
									
										
											<td class="pass">PASS</td>
											
										
									
								
							
						
					</tr>
					
				</table>

				<h2>Compilation logs</h2>
				
				<h3 id="arduino:avr:uno">arduino:avr:uno @ 1.8.4</h3>
				<h4>Inclusion</h4>
				<p>
					Result: <b>FAIL</b>
					
					<br />This library has no main header file so an empty one was created.
					
				</p>
				<pre class="pre-scrollable">/tmp/arduino-testlib2075090925/test/test.ino:1:10: fatal error: RAKwireless_Storage.h: No such file or directory
 #include &lt;RAKwireless_Storage.h&gt;
          ^~~~~~~~~~~~~~~~~~~~~~~
compilation terminated.

</pre>

					
					<h4>examples/Generic_I2C_EEPROM</h4>
					<p>
						Result: <b>FAIL</b>
					</p>
					<pre class="pre-scrollable">/home/ec2-user/arduino-testlib/cli-datadir/user/libraries/RAKwireless_Storage/RAK_EEPROM_I2C.cpp: In member function &#39;bool RAK_EEPROM_I2C::write(uint16_t, uint8_t)&#39;:
/home/ec2-user/arduino-testlib/cli-datadir/user/libraries/RAKwireless_Storage/RAK_EEPROM_I2C.cpp:70:33: error: call of overloaded &#39;beginTransmission(uint16_t&amp;)&#39; is ambiguous
  i2c_dev-&gt;beginTransmission(addr);
                                 ^
In file included from /home/ec2-user/arduino-testlib/cli-datadir/user/libraries/RAKwireless_Storage/RAK_EEPROM_I2C.h:15:0,
                 from /home/ec2-user/arduino-testlib/cli-datadir/user/libraries/RAKwireless_Storage/RAK_EEPROM_I2C.cpp:15:
/home/ec2-user/arduino-testlib/cli-datadir/data/packages/arduino/hardware/avr/1.8.4/libraries/Wire/src/Wire.h:61:10: note: candidate: void TwoWire::beginTransmission(uint8_t)
     void beginTransmission(uint8_t);
          ^~~~~~~~~~~~~~~~~
/home/ec2-user/arduino-testlib/cli-datadir/data/packages/arduino/hardware/avr/1.8.4/libraries/Wire/src/Wire.h:62:10: note: candidate: void TwoWire::beginTransmission(int)
     void beginTransmission(int);
          ^~~~~~~~~~~~~~~~~
/home/ec2-user/arduino-testlib/cli-datadir/user/libraries/RAKwireless_Storage/RAK_EEPROM_I2C.cpp:80:34: error: call of overloaded &#39;beginTransmission(uint16_t&amp;)&#39; is ambiguous
   i2c_dev-&gt;beginTransmission(addr);
                                  ^
In file included from /home/ec2-user/arduino-testlib/cli-datadir/user/libraries/RAKwireless_Storage/RAK_EEPROM_I2C.h:15:0,
                 from /home/ec2-user/arduino-testlib/cli-datadir/user/libraries/RAKwireless_Storage/RAK_EEPROM_I2C.cpp:15:
/home/ec2-user/arduino-testlib/cli-datadir/data/packages/arduino/hardware/avr/1.8.4/libraries/Wire/src/Wire.h:61:10: note: candidate: void TwoWire::beginTransmission(uint8_t)
     void beginTransmission(uint8_t);
          ^~~~~~~~~~~~~~~~~
/home/ec2-user/arduino-testlib/cli-datadir/data/packages/arduino/hardware/avr/1.8.4/libraries/Wire/src/Wire.h:62:10: note: candidate: void TwoWire::beginTransmission(int)
     void beginTransmission(int);
          ^~~~~~~~~~~~~~~~~
/home/ec2-user/arduino-testlib/cli-datadir/user/libraries/RAKwireless_Storage/RAK_EEPROM_I2C.cpp: In member function &#39;uint8_t RAK_EEPROM_I2C::read(uint16_t)&#39;:
/home/ec2-user/arduino-testlib/cli-datadir/user/libraries/RAKwireless_Storage/RAK_EEPROM_I2C.cpp:102:33: error: call of overloaded &#39;beginTransmission(uint16_t&amp;)&#39; is ambiguous
  i2c_dev-&gt;beginTransmission(addr);
                                 ^
In file included from /home/ec2-user/arduino-testlib/cli-datadir/user/libraries/RAKwireless_Storage/RAK_EEPROM_I2C.h:15:0,
                 from /home/ec2-user/arduino-testlib/cli-datadir/user/libraries/RAKwireless_Storage/RAK_EEPROM_I2C.cpp:15:
/home/ec2-user/arduino-testlib/cli-datadir/data/packages/arduino/hardware/avr/1.8.4/libraries/Wire/src/Wire.h:61:10: note: candidate: void TwoWire::beginTransmission(uint8_t)
     void beginTransmission(uint8_t);
          ^~~~~~~~~~~~~~~~~
/home/ec2-user/arduino-testlib/cli-datadir/data/packages/arduino/hardware/avr/1.8.4/libraries/Wire/src/Wire.h:62:10: note: candidate: void TwoWire::beginTransmission(int)
     void beginTransmission(int);
          ^~~~~~~~~~~~~~~~~

</pre>
					
					<h4>examples/MB85RC256V</h4>
					<p>
						Result: <b>FAIL</b>
					</p>
					<pre class="pre-scrollable">/home/ec2-user/arduino-testlib/cli-datadir/user/libraries/RAKwireless_Storage/RAK_EEPROM_I2C.cpp: In member function &#39;bool RAK_EEPROM_I2C::write(uint16_t, uint8_t)&#39;:
/home/ec2-user/arduino-testlib/cli-datadir/user/libraries/RAKwireless_Storage/RAK_EEPROM_I2C.cpp:70:33: error: call of overloaded &#39;beginTransmission(uint16_t&amp;)&#39; is ambiguous
  i2c_dev-&gt;beginTransmission(addr);
                                 ^
In file included from /home/ec2-user/arduino-testlib/cli-datadir/user/libraries/RAKwireless_Storage/RAK_EEPROM_I2C.h:15:0,
                 from /home/ec2-user/arduino-testlib/cli-datadir/user/libraries/RAKwireless_Storage/RAK_EEPROM_I2C.cpp:15:
/home/ec2-user/arduino-testlib/cli-datadir/data/packages/arduino/hardware/avr/1.8.4/libraries/Wire/src/Wire.h:61:10: note: candidate: void TwoWire::beginTransmission(uint8_t)
     void beginTransmission(uint8_t);
          ^~~~~~~~~~~~~~~~~
/home/ec2-user/arduino-testlib/cli-datadir/data/packages/arduino/hardware/avr/1.8.4/libraries/Wire/src/Wire.h:62:10: note: candidate: void TwoWire::beginTransmission(int)
     void beginTransmission(int);
          ^~~~~~~~~~~~~~~~~
/home/ec2-user/arduino-testlib/cli-datadir/user/libraries/RAKwireless_Storage/RAK_EEPROM_I2C.cpp:80:34: error: call of overloaded &#39;beginTransmission(uint16_t&amp;)&#39; is ambiguous
   i2c_dev-&gt;beginTransmission(addr);
                                  ^
In file included from /home/ec2-user/arduino-testlib/cli-datadir/user/libraries/RAKwireless_Storage/RAK_EEPROM_I2C.h:15:0,
                 from /home/ec2-user/arduino-testlib/cli-datadir/user/libraries/RAKwireless_Storage/RAK_EEPROM_I2C.cpp:15:
/home/ec2-user/arduino-testlib/cli-datadir/data/packages/arduino/hardware/avr/1.8.4/libraries/Wire/src/Wire.h:61:10: note: candidate: void TwoWire::beginTransmission(uint8_t)
     void beginTransmission(uint8_t);
          ^~~~~~~~~~~~~~~~~
/home/ec2-user/arduino-testlib/cli-datadir/data/packages/arduino/hardware/avr/1.8.4/libraries/Wire/src/Wire.h:62:10: note: candidate: void TwoWire::beginTransmission(int)
     void beginTransmission(int);
          ^~~~~~~~~~~~~~~~~
/home/ec2-user/arduino-testlib/cli-datadir/user/libraries/RAKwireless_Storage/RAK_EEPROM_I2C.cpp: In member function &#39;uint8_t RAK_EEPROM_I2C::read(uint16_t)&#39;:
/home/ec2-user/arduino-testlib/cli-datadir/user/libraries/RAKwireless_Storage/RAK_EEPROM_I2C.cpp:102:33: error: call of overloaded &#39;beginTransmission(uint16_t&amp;)&#39; is ambiguous
  i2c_dev-&gt;beginTransmission(addr);
                                 ^
In file included from /home/ec2-user/arduino-testlib/cli-datadir/user/libraries/RAKwireless_Storage/RAK_EEPROM_I2C.h:15:0,
                 from /home/ec2-user/arduino-testlib/cli-datadir/user/libraries/RAKwireless_Storage/RAK_EEPROM_I2C.cpp:15:
/home/ec2-user/arduino-testlib/cli-datadir/data/packages/arduino/hardware/avr/1.8.4/libraries/Wire/src/Wire.h:61:10: note: candidate: void TwoWire::beginTransmission(uint8_t)
     void beginTransmission(uint8_t);
          ^~~~~~~~~~~~~~~~~
/home/ec2-user/arduino-testlib/cli-datadir/data/packages/arduino/hardware/avr/1.8.4/libraries/Wire/src/Wire.h:62:10: note: candidate: void TwoWire::beginTransmission(int)
     void beginTransmission(int);
          ^~~~~~~~~~~~~~~~~

</pre>
					
					<h4>examples/validate_memory</h4>
					<p>
						Result: <b>FAIL</b>
					</p>
					<pre class="pre-scrollable">/home/ec2-user/arduino-testlib/cli-datadir/user/libraries/RAKwireless_Storage/RAK_EEPROM_I2C.cpp: In member function &#39;bool RAK_EEPROM_I2C::write(uint16_t, uint8_t)&#39;:
/home/ec2-user/arduino-testlib/cli-datadir/user/libraries/RAKwireless_Storage/RAK_EEPROM_I2C.cpp:70:33: error: call of overloaded &#39;beginTransmission(uint16_t&amp;)&#39; is ambiguous
  i2c_dev-&gt;beginTransmission(addr);
                                 ^
In file included from /home/ec2-user/arduino-testlib/cli-datadir/user/libraries/RAKwireless_Storage/RAK_EEPROM_I2C.h:15:0,
                 from /home/ec2-user/arduino-testlib/cli-datadir/user/libraries/RAKwireless_Storage/RAK_EEPROM_I2C.cpp:15:
/home/ec2-user/arduino-testlib/cli-datadir/data/packages/arduino/hardware/avr/1.8.4/libraries/Wire/src/Wire.h:61:10: note: candidate: void TwoWire::beginTransmission(uint8_t)
     void beginTransmission(uint8_t);
          ^~~~~~~~~~~~~~~~~
/home/ec2-user/arduino-testlib/cli-datadir/data/packages/arduino/hardware/avr/1.8.4/libraries/Wire/src/Wire.h:62:10: note: candidate: void TwoWire::beginTransmission(int)
     void beginTransmission(int);
          ^~~~~~~~~~~~~~~~~
/home/ec2-user/arduino-testlib/cli-datadir/user/libraries/RAKwireless_Storage/RAK_EEPROM_I2C.cpp:80:34: error: call of overloaded &#39;beginTransmission(uint16_t&amp;)&#39; is ambiguous
   i2c_dev-&gt;beginTransmission(addr);
                                  ^
In file included from /home/ec2-user/arduino-testlib/cli-datadir/user/libraries/RAKwireless_Storage/RAK_EEPROM_I2C.h:15:0,
                 from /home/ec2-user/arduino-testlib/cli-datadir/user/libraries/RAKwireless_Storage/RAK_EEPROM_I2C.cpp:15:
/home/ec2-user/arduino-testlib/cli-datadir/data/packages/arduino/hardware/avr/1.8.4/libraries/Wire/src/Wire.h:61:10: note: candidate: void TwoWire::beginTransmission(uint8_t)
     void beginTransmission(uint8_t);
          ^~~~~~~~~~~~~~~~~
/home/ec2-user/arduino-testlib/cli-datadir/data/packages/arduino/hardware/avr/1.8.4/libraries/Wire/src/Wire.h:62:10: note: candidate: void TwoWire::beginTransmission(int)
     void beginTransmission(int);
          ^~~~~~~~~~~~~~~~~
/home/ec2-user/arduino-testlib/cli-datadir/user/libraries/RAKwireless_Storage/RAK_EEPROM_I2C.cpp: In member function &#39;uint8_t RAK_EEPROM_I2C::read(uint16_t)&#39;:
/home/ec2-user/arduino-testlib/cli-datadir/user/libraries/RAKwireless_Storage/RAK_EEPROM_I2C.cpp:102:33: error: call of overloaded &#39;beginTransmission(uint16_t&amp;)&#39; is ambiguous
  i2c_dev-&gt;beginTransmission(addr);
                                 ^
In file included from /home/ec2-user/arduino-testlib/cli-datadir/user/libraries/RAKwireless_Storage/RAK_EEPROM_I2C.h:15:0,
                 from /home/ec2-user/arduino-testlib/cli-datadir/user/libraries/RAKwireless_Storage/RAK_EEPROM_I2C.cpp:15:
/home/ec2-user/arduino-testlib/cli-datadir/data/packages/arduino/hardware/avr/1.8.4/libraries/Wire/src/Wire.h:61:10: note: candidate: void TwoWire::beginTransmission(uint8_t)
     void beginTransmission(uint8_t);
          ^~~~~~~~~~~~~~~~~
/home/ec2-user/arduino-testlib/cli-datadir/data/packages/arduino/hardware/avr/1.8.4/libraries/Wire/src/Wire.h:62:10: note: candidate: void TwoWire::beginTransmission(int)
     void beginTransmission(int);
          ^~~~~~~~~~~~~~~~~

</pre>
					
					<h4>examples/write_multibyte</h4>
					<p>
						Result: <b>FAIL</b>
					</p>
					<pre class="pre-scrollable">/home/ec2-user/arduino-testlib/cli-datadir/user/libraries/RAKwireless_Storage/RAK_EEPROM_I2C.cpp: In member function &#39;bool RAK_EEPROM_I2C::write(uint16_t, uint8_t)&#39;:
/home/ec2-user/arduino-testlib/cli-datadir/user/libraries/RAKwireless_Storage/RAK_EEPROM_I2C.cpp:70:33: error: call of overloaded &#39;beginTransmission(uint16_t&amp;)&#39; is ambiguous
  i2c_dev-&gt;beginTransmission(addr);
                                 ^
In file included from /home/ec2-user/arduino-testlib/cli-datadir/user/libraries/RAKwireless_Storage/RAK_EEPROM_I2C.h:15:0,
                 from /home/ec2-user/arduino-testlib/cli-datadir/user/libraries/RAKwireless_Storage/RAK_EEPROM_I2C.cpp:15:
/home/ec2-user/arduino-testlib/cli-datadir/data/packages/arduino/hardware/avr/1.8.4/libraries/Wire/src/Wire.h:61:10: note: candidate: void TwoWire::beginTransmission(uint8_t)
     void beginTransmission(uint8_t);
          ^~~~~~~~~~~~~~~~~
/home/ec2-user/arduino-testlib/cli-datadir/data/packages/arduino/hardware/avr/1.8.4/libraries/Wire/src/Wire.h:62:10: note: candidate: void TwoWire::beginTransmission(int)
     void beginTransmission(int);
          ^~~~~~~~~~~~~~~~~
/home/ec2-user/arduino-testlib/cli-datadir/user/libraries/RAKwireless_Storage/RAK_EEPROM_I2C.cpp:80:34: error: call of overloaded &#39;beginTransmission(uint16_t&amp;)&#39; is ambiguous
   i2c_dev-&gt;beginTransmission(addr);
                                  ^
In file included from /home/ec2-user/arduino-testlib/cli-datadir/user/libraries/RAKwireless_Storage/RAK_EEPROM_I2C.h:15:0,
                 from /home/ec2-user/arduino-testlib/cli-datadir/user/libraries/RAKwireless_Storage/RAK_EEPROM_I2C.cpp:15:
/home/ec2-user/arduino-testlib/cli-datadir/data/packages/arduino/hardware/avr/1.8.4/libraries/Wire/src/Wire.h:61:10: note: candidate: void TwoWire::beginTransmission(uint8_t)
     void beginTransmission(uint8_t);
          ^~~~~~~~~~~~~~~~~
/home/ec2-user/arduino-testlib/cli-datadir/data/packages/arduino/hardware/avr/1.8.4/libraries/Wire/src/Wire.h:62:10: note: candidate: void TwoWire::beginTransmission(int)
     void beginTransmission(int);
          ^~~~~~~~~~~~~~~~~
/home/ec2-user/arduino-testlib/cli-datadir/user/libraries/RAKwireless_Storage/RAK_EEPROM_I2C.cpp: In member function &#39;uint8_t RAK_EEPROM_I2C::read(uint16_t)&#39;:
/home/ec2-user/arduino-testlib/cli-datadir/user/libraries/RAKwireless_Storage/RAK_EEPROM_I2C.cpp:102:33: error: call of overloaded &#39;beginTransmission(uint16_t&amp;)&#39; is ambiguous
  i2c_dev-&gt;beginTransmission(addr);
                                 ^
In file included from /home/ec2-user/arduino-testlib/cli-datadir/user/libraries/RAKwireless_Storage/RAK_EEPROM_I2C.h:15:0,
                 from /home/ec2-user/arduino-testlib/cli-datadir/user/libraries/RAKwireless_Storage/RAK_EEPROM_I2C.cpp:15:
/home/ec2-user/arduino-testlib/cli-datadir/data/packages/arduino/hardware/avr/1.8.4/libraries/Wire/src/Wire.h:61:10: note: candidate: void TwoWire::beginTransmission(uint8_t)
     void beginTransmission(uint8_t);
          ^~~~~~~~~~~~~~~~~
/home/ec2-user/arduino-testlib/cli-datadir/data/packages/arduino/hardware/avr/1.8.4/libraries/Wire/src/Wire.h:62:10: note: candidate: void TwoWire::beginTransmission(int)
     void beginTransmission(int);
          ^~~~~~~~~~~~~~~~~

</pre>
					
					<h4>examples/write_objects</h4>
					<p>
						Result: <b>FAIL</b>
					</p>
					<pre class="pre-scrollable">/home/ec2-user/arduino-testlib/cli-datadir/user/libraries/RAKwireless_Storage/RAK_EEPROM_I2C.cpp: In member function &#39;bool RAK_EEPROM_I2C::write(uint16_t, uint8_t)&#39;:
/home/ec2-user/arduino-testlib/cli-datadir/user/libraries/RAKwireless_Storage/RAK_EEPROM_I2C.cpp:70:33: error: call of overloaded &#39;beginTransmission(uint16_t&amp;)&#39; is ambiguous
  i2c_dev-&gt;beginTransmission(addr);
                                 ^
In file included from /home/ec2-user/arduino-testlib/cli-datadir/user/libraries/RAKwireless_Storage/RAK_EEPROM_I2C.h:15:0,
                 from /home/ec2-user/arduino-testlib/cli-datadir/user/libraries/RAKwireless_Storage/RAK_EEPROM_I2C.cpp:15:
/home/ec2-user/arduino-testlib/cli-datadir/data/packages/arduino/hardware/avr/1.8.4/libraries/Wire/src/Wire.h:61:10: note: candidate: void TwoWire::beginTransmission(uint8_t)
     void beginTransmission(uint8_t);
          ^~~~~~~~~~~~~~~~~
/home/ec2-user/arduino-testlib/cli-datadir/data/packages/arduino/hardware/avr/1.8.4/libraries/Wire/src/Wire.h:62:10: note: candidate: void TwoWire::beginTransmission(int)
     void beginTransmission(int);
          ^~~~~~~~~~~~~~~~~
/home/ec2-user/arduino-testlib/cli-datadir/user/libraries/RAKwireless_Storage/RAK_EEPROM_I2C.cpp:80:34: error: call of overloaded &#39;beginTransmission(uint16_t&amp;)&#39; is ambiguous
   i2c_dev-&gt;beginTransmission(addr);
                                  ^
In file included from /home/ec2-user/arduino-testlib/cli-datadir/user/libraries/RAKwireless_Storage/RAK_EEPROM_I2C.h:15:0,
                 from /home/ec2-user/arduino-testlib/cli-datadir/user/libraries/RAKwireless_Storage/RAK_EEPROM_I2C.cpp:15:
/home/ec2-user/arduino-testlib/cli-datadir/data/packages/arduino/hardware/avr/1.8.4/libraries/Wire/src/Wire.h:61:10: note: candidate: void TwoWire::beginTransmission(uint8_t)
     void beginTransmission(uint8_t);
          ^~~~~~~~~~~~~~~~~
/home/ec2-user/arduino-testlib/cli-datadir/data/packages/arduino/hardware/avr/1.8.4/libraries/Wire/src/Wire.h:62:10: note: candidate: void TwoWire::beginTransmission(int)
     void beginTransmission(int);
          ^~~~~~~~~~~~~~~~~
/home/ec2-user/arduino-testlib/cli-datadir/user/libraries/RAKwireless_Storage/RAK_EEPROM_I2C.cpp: In member function &#39;uint8_t RAK_EEPROM_I2C::read(uint16_t)&#39;:
/home/ec2-user/arduino-testlib/cli-datadir/user/libraries/RAKwireless_Storage/RAK_EEPROM_I2C.cpp:102:33: error: call of overloaded &#39;beginTransmission(uint16_t&amp;)&#39; is ambiguous
  i2c_dev-&gt;beginTransmission(addr);
                                 ^
In file included from /home/ec2-user/arduino-testlib/cli-datadir/user/libraries/RAKwireless_Storage/RAK_EEPROM_I2C.h:15:0,
                 from /home/ec2-user/arduino-testlib/cli-datadir/user/libraries/RAKwireless_Storage/RAK_EEPROM_I2C.cpp:15:
/home/ec2-user/arduino-testlib/cli-datadir/data/packages/arduino/hardware/avr/1.8.4/libraries/Wire/src/Wire.h:61:10: note: candidate: void TwoWire::beginTransmission(uint8_t)
     void beginTransmission(uint8_t);
          ^~~~~~~~~~~~~~~~~
/home/ec2-user/arduino-testlib/cli-datadir/data/packages/arduino/hardware/avr/1.8.4/libraries/Wire/src/Wire.h:62:10: note: candidate: void TwoWire::beginTransmission(int)
     void beginTransmission(int);
          ^~~~~~~~~~~~~~~~~

</pre>
					
				
				<h3 id="arduino:mbed_nano:nanorp2040connect">arduino:mbed_nano:nanorp2040connect @ 2.7.2</h3>
				<h4>Inclusion</h4>
				<p>
					Result: <b>FAIL</b>
					
					<br />This library has no main header file so an empty one was created.
					
				</p>
				<pre class="pre-scrollable">/tmp/arduino-testlib2111857641/test/test.ino:1:10: fatal error: RAKwireless_Storage.h: No such file or directory
 #include &lt;RAKwireless_Storage.h&gt;
          ^~~~~~~~~~~~~~~~~~~~~~~
compilation terminated.

</pre>

					
					<h4>examples/Generic_I2C_EEPROM</h4>
					<p>
						Result: <b>PASS</b>
					</p>
					<pre class="pre-scrollable">Sketch uses 82528 bytes (0%) of program storage space. Maximum is 16777216 bytes.
Global variables use 44232 bytes (16%) of dynamic memory, leaving 226104 bytes for local variables. Maximum is 270336 bytes.
</pre>
					
					<h4>examples/MB85RC256V</h4>
					<p>
						Result: <b>PASS</b>
					</p>
					<pre class="pre-scrollable">Sketch uses 82702 bytes (0%) of program storage space. Maximum is 16777216 bytes.
Global variables use 44240 bytes (16%) of dynamic memory, leaving 226096 bytes for local variables. Maximum is 270336 bytes.
</pre>
					
					<h4>examples/validate_memory</h4>
					<p>
						Result: <b>PASS</b>
					</p>
					<pre class="pre-scrollable">Sketch uses 82612 bytes (0%) of program storage space. Maximum is 16777216 bytes.
Global variables use 44232 bytes (16%) of dynamic memory, leaving 226104 bytes for local variables. Maximum is 270336 bytes.
</pre>
					
					<h4>examples/write_multibyte</h4>
					<p>
						Result: <b>PASS</b>
					</p>
					<pre class="pre-scrollable">Sketch uses 82828 bytes (0%) of program storage space. Maximum is 16777216 bytes.
Global variables use 44232 bytes (16%) of dynamic memory, leaving 226104 bytes for local variables. Maximum is 270336 bytes.
</pre>
					
					<h4>examples/write_objects</h4>
					<p>
						Result: <b>PASS</b>
					</p>
					<pre class="pre-scrollable">Sketch uses 82518 bytes (0%) of program storage space. Maximum is 16777216 bytes.
Global variables use 44232 bytes (16%) of dynamic memory, leaving 226104 bytes for local variables. Maximum is 270336 bytes.
</pre>
					
				
				<h3 id="arduino:megaavr:nona4809">arduino:megaavr:nona4809 @ 1.8.7</h3>
				<h4>Inclusion</h4>
				<p>
					Result: <b>FAIL</b>
					
					<br />This library has no main header file so an empty one was created.
					
				</p>
				<pre class="pre-scrollable">/tmp/arduino-testlib2111857641/test/test.ino:1:10: fatal error: RAKwireless_Storage.h: No such file or directory
 #include &lt;RAKwireless_Storage.h&gt;
          ^~~~~~~~~~~~~~~~~~~~~~~
compilation terminated.

</pre>

					
					<h4>examples/Generic_I2C_EEPROM</h4>
					<p>
						Result: <b>FAIL</b>
					</p>
					<pre class="pre-scrollable">
</pre>
					
					<h4>examples/MB85RC256V</h4>
					<p>
						Result: <b>FAIL</b>
					</p>
					<pre class="pre-scrollable">
</pre>
					
					<h4>examples/validate_memory</h4>
					<p>
						Result: <b>FAIL</b>
					</p>
					<pre class="pre-scrollable">
</pre>
					
					<h4>examples/write_multibyte</h4>
					<p>
						Result: <b>FAIL</b>
					</p>
					<pre class="pre-scrollable">
</pre>
					
					<h4>examples/write_objects</h4>
					<p>
						Result: <b>FAIL</b>
					</p>
					<pre class="pre-scrollable">
</pre>
					
				
				<h3 id="arduino:samd:mkrwifi1010">arduino:samd:mkrwifi1010 @ 1.8.12</h3>
				<h4>Inclusion</h4>
				<p>
					Result: <b>FAIL</b>
					
					<br />This library has no main header file so an empty one was created.
					
				</p>
				<pre class="pre-scrollable">/tmp/arduino-testlib2075090925/test/test.ino:1:10: fatal error: RAKwireless_Storage.h: No such file or directory
 #include &lt;RAKwireless_Storage.h&gt;
          ^~~~~~~~~~~~~~~~~~~~~~~
compilation terminated.

</pre>

					
					<h4>examples/Generic_I2C_EEPROM</h4>
					<p>
						Result: <b>PASS</b>
					</p>
					<pre class="pre-scrollable">Sketch uses 14788 bytes (5%) of program storage space. Maximum is 262144 bytes.
Global variables use 3576 bytes (10%) of dynamic memory, leaving 29192 bytes for local variables. Maximum is 32768 bytes.
</pre>
					
					<h4>examples/MB85RC256V</h4>
					<p>
						Result: <b>PASS</b>
					</p>
					<pre class="pre-scrollable">Sketch uses 14964 bytes (5%) of program storage space. Maximum is 262144 bytes.
Global variables use 3584 bytes (10%) of dynamic memory, leaving 29184 bytes for local variables. Maximum is 32768 bytes.
</pre>
					
					<h4>examples/validate_memory</h4>
					<p>
						Result: <b>PASS</b>
					</p>
					<pre class="pre-scrollable">Sketch uses 15024 bytes (5%) of program storage space. Maximum is 262144 bytes.
Global variables use 3576 bytes (10%) of dynamic memory, leaving 29192 bytes for local variables. Maximum is 32768 bytes.
</pre>
					
					<h4>examples/write_multibyte</h4>
					<p>
						Result: <b>PASS</b>
					</p>
					<pre class="pre-scrollable">Sketch uses 22148 bytes (8%) of program storage space. Maximum is 262144 bytes.
Global variables use 3576 bytes (10%) of dynamic memory, leaving 29192 bytes for local variables. Maximum is 32768 bytes.
</pre>
					
					<h4>examples/write_objects</h4>
					<p>
						Result: <b>PASS</b>
					</p>
					<pre class="pre-scrollable">Sketch uses 14756 bytes (5%) of program storage space. Maximum is 262144 bytes.
Global variables use 3576 bytes (10%) of dynamic memory, leaving 29192 bytes for local variables. Maximum is 32768 bytes.
</pre>
					
				
				<h3 id="esp32:esp32:d1_mini32">esp32:esp32:d1_mini32 @ 1.0.6</h3>
				<h4>Inclusion</h4>
				<p>
					Result: <b>FAIL</b>
					
					<br />This library has no main header file so an empty one was created.
					
				</p>
				<pre class="pre-scrollable">/tmp/arduino-testlib2576573032/test/test.ino:1:33: fatal error: RAKwireless_Storage.h: No such file or directory
compilation terminated.

</pre>

					
					<h4>examples/Generic_I2C_EEPROM</h4>
					<p>
						Result: <b>PASS</b>
					</p>
					<pre class="pre-scrollable">Sketch uses 214210 bytes (16%) of program storage space. Maximum is 1310720 bytes.
Global variables use 14152 bytes (4%) of dynamic memory, leaving 313528 bytes for local variables. Maximum is 327680 bytes.
</pre>
					
					<h4>examples/MB85RC256V</h4>
					<p>
						Result: <b>PASS</b>
					</p>
					<pre class="pre-scrollable">Sketch uses 214390 bytes (16%) of program storage space. Maximum is 1310720 bytes.
Global variables use 14160 bytes (4%) of dynamic memory, leaving 313520 bytes for local variables. Maximum is 327680 bytes.
</pre>
					
					<h4>examples/validate_memory</h4>
					<p>
						Result: <b>PASS</b>
					</p>
					<pre class="pre-scrollable">Sketch uses 214466 bytes (16%) of program storage space. Maximum is 1310720 bytes.
Global variables use 14152 bytes (4%) of dynamic memory, leaving 313528 bytes for local variables. Maximum is 327680 bytes.
</pre>
					
					<h4>examples/write_multibyte</h4>
					<p>
						Result: <b>PASS</b>
					</p>
					<pre class="pre-scrollable">Sketch uses 213926 bytes (16%) of program storage space. Maximum is 1310720 bytes.
Global variables use 14152 bytes (4%) of dynamic memory, leaving 313528 bytes for local variables. Maximum is 327680 bytes.
</pre>
					
					<h4>examples/write_objects</h4>
					<p>
						Result: <b>PASS</b>
					</p>
					<pre class="pre-scrollable">Sketch uses 214082 bytes (16%) of program storage space. Maximum is 1310720 bytes.
Global variables use 14152 bytes (4%) of dynamic memory, leaving 313528 bytes for local variables. Maximum is 327680 bytes.
</pre>
					
				
			</div>
		</div>
	</div>
  </body>
</html>
