
<!doctype html>
<html lang="en">
  <head>
    <meta charset="utf-8">
    <meta name="viewport" content="width=device-width, initial-scale=1">
    <link href="https://cdn.jsdelivr.net/npm/bootstrap@5.0.2/dist/css/bootstrap.min.css" rel="stylesheet" integrity="sha384-EVSTQN3/azprG1Anm3QDgpJLIm9Nao0Yz1ztcQTwFspd3yD65VohhpuuCOmLASjC" crossorigin="anonymous">
    <title>arduino-testlib report</title>
	<style>
	.pass { background-color: #00FF00 !important; }
	.fail { background-color: #FF0000 !important; }
	</style>
  </head>
  <body>
	<div class="container">
		<div class="row">
			<div class="col">
				<h1>RAKwireless MQx library - compatibility matrix</h1>
				<p>
					<small>This report was generated on Monday, 21-Feb-22 12:00:25 CET using 
					<a href="https://github.com/alranel/arduino-testlib">arduino-testlib</a>.</small>
				</p>

				<h2>RAKwireless MQx library</h2>
				<p>
					Version: <b>1.0.0</b>
					<br />
					<a href="https://www.arduino.cc/reference/en/libraries/rakwireless-mqx-library/">More details</a>
				</p>

				<h2>Compatibility matrix</h2>
				<table class="table table-bordered">
					<tr>
						<th>Board</th>
						<th>Claims compatibility</th>
						<th>Inclusion</th>
						
						<th><pre>RAK12004_MQ2_Sampling</pre></th>
						
						<th><pre>RAK12004_MQ2_SmokeDetection</pre></th>
						
						<th><pre>RAK12004_MQ2_read</pre></th>
						
						<th><pre>RAK12009_MQ3_AlcoholDetection</pre></th>
						
					</tr>
					
					<tr>
						<td>
							<a href="#arduino%3aavr%3auno"><b>arduino:avr:uno</b></a>
							<br />
							<small>1.8.4</small>
						</td>

						
							<td>Yes</td>
							<td class="pass">PASS</td>
						
						
						
						

						
							
								
									
										
											
											<td class="fail">FAIL</td>
										
									
										
									
										
									
										
									
								
							
								
							
								
							
								
							
								
							
						
							
								
									
										
									
										
											
											<td class="fail">FAIL</td>
										
									
										
									
										
									
								
							
								
							
								
							
								
							
								
							
						
							
								
									
										
									
										
									
										
											
											<td class="fail">FAIL</td>
										
									
										
									
								
							
								
							
								
							
								
							
								
							
						
							
								
									
										
									
										
									
										
									
										
											
											<td class="fail">FAIL</td>
										
									
								
							
								
							
								
							
								
							
								
							
						
					</tr>
					
					<tr>
						<td>
							<a href="#arduino%3ambed_nano%3ananorp2040connect"><b>arduino:mbed_nano:nanorp2040connect</b></a>
							<br />
							<small>2.7.2</small>
						</td>

						
							<td>Yes</td>
							<td class="pass">PASS</td>
						
						
						
						

						
							
								
							
								
									
										
											
											<td class="fail">FAIL</td>
										
									
										
									
										
									
										
									
								
							
								
							
								
							
								
							
						
							
								
							
								
									
										
									
										
											
											<td class="fail">FAIL</td>
										
									
										
									
										
									
								
							
								
							
								
							
								
							
						
							
								
							
								
									
										
									
										
									
										
											
											<td class="fail">FAIL</td>
										
									
										
									
								
							
								
							
								
							
								
							
						
							
								
							
								
									
										
									
										
									
										
									
										
											
											<td class="fail">FAIL</td>
										
									
								
							
								
							
								
							
								
							
						
					</tr>
					
					<tr>
						<td>
							<a href="#arduino%3amegaavr%3anona4809"><b>arduino:megaavr:nona4809</b></a>
							<br />
							<small>1.8.7</small>
						</td>

						
							<td>Yes</td>
							<td class="pass">PASS</td>
						
						
						
						

						
							
								
							
								
							
								
									
										
											
											<td class="fail">FAIL</td>
										
									
										
									
										
									
										
									
								
							
								
							
								
							
						
							
								
							
								
							
								
									
										
									
										
											
											<td class="fail">FAIL</td>
										
									
										
									
										
									
								
							
								
							
								
							
						
							
								
							
								
							
								
									
										
									
										
									
										
											
											<td class="fail">FAIL</td>
										
									
										
									
								
							
								
							
								
							
						
							
								
							
								
							
								
									
										
									
										
									
										
									
										
											
											<td class="fail">FAIL</td>
										
									
								
							
								
							
								
							
						
					</tr>
					
					<tr>
						<td>
							<a href="#arduino%3asamd%3amkrwifi1010"><b>arduino:samd:mkrwifi1010</b></a>
							<br />
							<small>1.8.12</small>
						</td>

						
							<td>Yes</td>
							<td class="pass">PASS</td>
						
						
						
						

						
							
								
							
								
							
								
							
								
									
										
											
											<td class="fail">FAIL</td>
										
									
										
									
										
									
										
									
								
							
								
							
						
							
								
							
								
							
								
							
								
									
										
									
										
											
											<td class="fail">FAIL</td>
										
									
										
									
										
									
								
							
								
							
						
							
								
							
								
							
								
							
								
									
										
									
										
									
										
											
											<td class="fail">FAIL</td>
										
									
										
									
								
							
								
							
						
							
								
							
								
							
								
							
								
									
										
									
										
									
										
									
										
											
											<td class="fail">FAIL</td>
										
									
								
							
								
							
						
					</tr>
					
					<tr>
						<td>
							<a href="#esp32%3aesp32%3ad1_mini32"><b>esp32:esp32:d1_mini32</b></a>
							<br />
							<small>1.0.6</small>
						</td>

						
							<td>Yes</td>
							<td class="pass">PASS</td>
						
						
						
						

						
							
								
							
								
							
								
							
								
							
								
									
										
											
											<td class="fail">FAIL</td>
										
									
										
									
										
									
										
									
								
							
						
							
								
							
								
							
								
							
								
							
								
									
										
									
										
											
											<td class="fail">FAIL</td>
										
									
										
									
										
									
								
							
						
							
								
							
								
							
								
							
								
							
								
									
										
									
										
									
										
											
											<td class="fail">FAIL</td>
										
									
										
									
								
							
						
							
								
							
								
							
								
							
								
							
								
									
										
									
										
									
										
									
										
											
											<td class="fail">FAIL</td>
										
									
								
							
						
					</tr>
					
				</table>

				<h2>Compilation logs</h2>
				
				<h3 id="arduino:avr:uno">arduino:avr:uno @ 1.8.4</h3>
				<h4>Inclusion</h4>
				<p>
					Result: <b>PASS</b>
					
					<br />This library has no main header file so an empty one was created.
					
				</p>
				<pre class="pre-scrollable">Sketch uses 1636 bytes (5%) of program storage space. Maximum is 32256 bytes.
Global variables use 122 bytes (5%) of dynamic memory, leaving 1926 bytes for local variables. Maximum is 2048 bytes.
In file included from /home/ec2-user/arduino-testlib/cli-datadir/user/libraries/RAKwireless_MQx_library/src/ADC121C021.h:15:0,
                 from /home/ec2-user/arduino-testlib/cli-datadir/user/libraries/RAKwireless_MQx_library/src/ADC121C021.cpp:11:
/home/ec2-user/arduino-testlib/cli-datadir/data/packages/arduino/hardware/avr/1.8.4/libraries/Wire/src/Wire.h: In member function &#39;uint8_t ADC121C021::readRegister8(uint8_t)&#39;:
/home/ec2-user/arduino-testlib/cli-datadir/data/packages/arduino/hardware/avr/1.8.4/libraries/Wire/src/Wire.h:68:13: note: candidate 1: uint8_t TwoWire::requestFrom(int, int)
     uint8_t requestFrom(int, int);
             ^~~~~~~~~~~
/home/ec2-user/arduino-testlib/cli-datadir/data/packages/arduino/hardware/avr/1.8.4/libraries/Wire/src/Wire.h:65:13: note: candidate 2: uint8_t TwoWire::requestFrom(uint8_t, uint8_t)
     uint8_t requestFrom(uint8_t, uint8_t);
             ^~~~~~~~~~~
/home/ec2-user/arduino-testlib/cli-datadir/data/packages/arduino/hardware/avr/1.8.4/libraries/Wire/src/Wire.h: In member function &#39;uint16_t ADC121C021::readRegister16(uint8_t)&#39;:
/home/ec2-user/arduino-testlib/cli-datadir/data/packages/arduino/hardware/avr/1.8.4/libraries/Wire/src/Wire.h:68:13: note: candidate 1: uint8_t TwoWire::requestFrom(int, int)
     uint8_t requestFrom(int, int);
             ^~~~~~~~~~~
/home/ec2-user/arduino-testlib/cli-datadir/data/packages/arduino/hardware/avr/1.8.4/libraries/Wire/src/Wire.h:65:13: note: candidate 2: uint8_t TwoWire::requestFrom(uint8_t, uint8_t)
     uint8_t requestFrom(uint8_t, uint8_t);
             ^~~~~~~~~~~
/home/ec2-user/arduino-testlib/cli-datadir/data/packages/arduino/hardware/avr/1.8.4/libraries/Wire/src/Wire.h: In member function &#39;uint8_t ADC121C021::readAlertStatus()&#39;:
/home/ec2-user/arduino-testlib/cli-datadir/data/packages/arduino/hardware/avr/1.8.4/libraries/Wire/src/Wire.h:68:13: note: candidate 1: uint8_t TwoWire::requestFrom(int, int)
     uint8_t requestFrom(int, int);
             ^~~~~~~~~~~
/home/ec2-user/arduino-testlib/cli-datadir/data/packages/arduino/hardware/avr/1.8.4/libraries/Wire/src/Wire.h:65:13: note: candidate 2: uint8_t TwoWire::requestFrom(uint8_t, uint8_t)
     uint8_t requestFrom(uint8_t, uint8_t);
             ^~~~~~~~~~~
/home/ec2-user/arduino-testlib/cli-datadir/data/packages/arduino/hardware/avr/1.8.4/libraries/Wire/src/Wire.h:68:13: note: candidate 1: uint8_t TwoWire::requestFrom(int, int)
     uint8_t requestFrom(int, int);
             ^~~~~~~~~~~
/home/ec2-user/arduino-testlib/cli-datadir/data/packages/arduino/hardware/avr/1.8.4/libraries/Wire/src/Wire.h:65:13: note: candidate 2: uint8_t TwoWire::requestFrom(uint8_t, uint8_t)
     uint8_t requestFrom(uint8_t, uint8_t);
             ^~~~~~~~~~~
/home/ec2-user/arduino-testlib/cli-datadir/data/packages/arduino/hardware/avr/1.8.4/libraries/Wire/src/Wire.h: In member function &#39;uint8_t ADC121C021::readConfigRegister()&#39;:
/home/ec2-user/arduino-testlib/cli-datadir/data/packages/arduino/hardware/avr/1.8.4/libraries/Wire/src/Wire.h:68:13: note: candidate 1: uint8_t TwoWire::requestFrom(int, int)
     uint8_t requestFrom(int, int);
             ^~~~~~~~~~~
/home/ec2-user/arduino-testlib/cli-datadir/data/packages/arduino/hardware/avr/1.8.4/libraries/Wire/src/Wire.h:65:13: note: candidate 2: uint8_t TwoWire::requestFrom(uint8_t, uint8_t)
     uint8_t requestFrom(uint8_t, uint8_t);
             ^~~~~~~~~~~
/home/ec2-user/arduino-testlib/cli-datadir/data/packages/arduino/hardware/avr/1.8.4/libraries/Wire/src/Wire.h: In member function &#39;uint16_t ADC121C021::getAdcValue()&#39;:
/home/ec2-user/arduino-testlib/cli-datadir/data/packages/arduino/hardware/avr/1.8.4/libraries/Wire/src/Wire.h:68:13: note: candidate 1: uint8_t TwoWire::requestFrom(int, int)
     uint8_t requestFrom(int, int);
             ^~~~~~~~~~~
/home/ec2-user/arduino-testlib/cli-datadir/data/packages/arduino/hardware/avr/1.8.4/libraries/Wire/src/Wire.h:65:13: note: candidate 2: uint8_t TwoWire::requestFrom(uint8_t, uint8_t)
     uint8_t requestFrom(uint8_t, uint8_t);
             ^~~~~~~~~~~
</pre>

					
					<h4>examples/RAK12004_MQ2_Sampling</h4>
					<p>
						Result: <b>FAIL</b>
					</p>
					<pre class="pre-scrollable">/home/ec2-user/arduino-testlib/cli-datadir/user/libraries/RAKwireless_MQx_library/examples/RAK12004_MQ2_Sampling/RAK12004_MQ2_Sampling.ino: In function &#39;void setup()&#39;:
/home/ec2-user/arduino-testlib/cli-datadir/user/libraries/RAKwireless_MQx_library/examples/RAK12004_MQ2_Sampling/RAK12004_MQ2_Sampling.ino:13:19: error: &#39;WB_IO5&#39; was not declared in this scope
 #define ALERT_PIN WB_IO5 //a high indicates that the respective limit has been violated.
                   ^
/home/ec2-user/arduino-testlib/cli-datadir/user/libraries/RAKwireless_MQx_library/examples/RAK12004_MQ2_Sampling/RAK12004_MQ2_Sampling.ino:23:10: note: in expansion of macro &#39;ALERT_PIN&#39;
  pinMode(ALERT_PIN, INPUT);
          ^~~~~~~~~
/home/ec2-user/arduino-testlib/cli-datadir/user/libraries/RAKwireless_MQx_library/examples/RAK12004_MQ2_Sampling/RAK12004_MQ2_Sampling.ino:12:16: error: &#39;WB_IO6&#39; was not declared in this scope
 #define EN_PIN WB_IO6  //Logic high enables the device. Logic low disables the device
                ^
/home/ec2-user/arduino-testlib/cli-datadir/user/libraries/RAKwireless_MQx_library/examples/RAK12004_MQ2_Sampling/RAK12004_MQ2_Sampling.ino:24:10: note: in expansion of macro &#39;EN_PIN&#39;
  pinMode(EN_PIN, OUTPUT);
          ^~~~~~
/home/ec2-user/arduino-testlib/cli-datadir/user/libraries/RAKwireless_MQx_library/examples/RAK12004_MQ2_Sampling/RAK12004_MQ2_Sampling.ino:27:2: error: &#39;time_t&#39; was not declared in this scope
  time_t timeout = millis();
  ^~~~~~
/home/ec2-user/arduino-testlib/cli-datadir/user/libraries/RAKwireless_MQx_library/examples/RAK12004_MQ2_Sampling/RAK12004_MQ2_Sampling.ino:27:2: note: suggested alternative: &#39;size_t&#39;
  time_t timeout = millis();
  ^~~~~~
  size_t
/home/ec2-user/arduino-testlib/cli-datadir/user/libraries/RAKwireless_MQx_library/examples/RAK12004_MQ2_Sampling/RAK12004_MQ2_Sampling.ino:31:19: error: &#39;timeout&#39; was not declared in this scope
   if ((millis() - timeout) &lt; 5000)
                   ^~~~~~~
/home/ec2-user/arduino-testlib/cli-datadir/user/libraries/RAKwireless_MQx_library/examples/RAK12004_MQ2_Sampling/RAK12004_MQ2_Sampling.ino:83:9: error: &#39;class HardwareSerial&#39; has no member named &#39;printf&#39;; did you mean &#39;print&#39;?
  Serial.printf(&#34;R0 Value is:%3.2f\r\n&#34;, MQ2.getR0());
         ^~~~~~
         print
/home/ec2-user/arduino-testlib/cli-datadir/user/libraries/RAKwireless_MQx_library/examples/RAK12004_MQ2_Sampling/RAK12004_MQ2_Sampling.ino: In function &#39;void loop()&#39;:
/home/ec2-user/arduino-testlib/cli-datadir/user/libraries/RAKwireless_MQx_library/examples/RAK12004_MQ2_Sampling/RAK12004_MQ2_Sampling.ino:93:9: error: &#39;class HardwareSerial&#39; has no member named &#39;printf&#39;; did you mean &#39;print&#39;?
  Serial.printf(&#34;sensor PPM Value is: %3.2f\r\n&#34;, sensorPPM);
         ^~~~~~
         print
/home/ec2-user/arduino-testlib/cli-datadir/user/libraries/RAKwireless_MQx_library/examples/RAK12004_MQ2_Sampling/RAK12004_MQ2_Sampling.ino:95:9: error: &#39;class HardwareSerial&#39; has no member named &#39;printf&#39;; did you mean &#39;print&#39;?
  Serial.printf(&#34;PPM percentage Value is:%3.2f%%\r\n&#34;, PPMpercentage);
         ^~~~~~
         print
/home/ec2-user/arduino-testlib/cli-datadir/user/libraries/RAKwireless_MQx_library/examples/RAK12004_MQ2_Sampling/RAK12004_MQ2_Sampling.ino:13:19: error: &#39;WB_IO5&#39; was not declared in this scope
 #define ALERT_PIN WB_IO5 //a high indicates that the respective limit has been violated.
                   ^
/home/ec2-user/arduino-testlib/cli-datadir/user/libraries/RAKwireless_MQx_library/examples/RAK12004_MQ2_Sampling/RAK12004_MQ2_Sampling.ino:100:34: note: in expansion of macro &#39;ALERT_PIN&#39;
  uint8_t PINstatus = digitalRead(ALERT_PIN);
                                  ^~~~~~~~~

</pre>
					
					<h4>examples/RAK12004_MQ2_SmokeDetection</h4>
					<p>
						Result: <b>FAIL</b>
					</p>
					<pre class="pre-scrollable">/home/ec2-user/arduino-testlib/cli-datadir/user/libraries/RAKwireless_MQx_library/examples/RAK12004_MQ2_SmokeDetection/RAK12004_MQ2_SmokeDetection.ino: In function &#39;void setup()&#39;:
/home/ec2-user/arduino-testlib/cli-datadir/user/libraries/RAKwireless_MQx_library/examples/RAK12004_MQ2_SmokeDetection/RAK12004_MQ2_SmokeDetection.ino:22:19: error: &#39;WB_IO5&#39; was not declared in this scope
 #define ALERT_PIN WB_IO5 //a high indicates that the respective limit has been violated.
                   ^
/home/ec2-user/arduino-testlib/cli-datadir/user/libraries/RAKwireless_MQx_library/examples/RAK12004_MQ2_SmokeDetection/RAK12004_MQ2_SmokeDetection.ino:40:10: note: in expansion of macro &#39;ALERT_PIN&#39;
  pinMode(ALERT_PIN, INPUT);
          ^~~~~~~~~
/home/ec2-user/arduino-testlib/cli-datadir/user/libraries/RAKwireless_MQx_library/examples/RAK12004_MQ2_SmokeDetection/RAK12004_MQ2_SmokeDetection.ino:21:16: error: &#39;WB_IO6&#39; was not declared in this scope
 #define EN_PIN WB_IO6  //Logic high enables the device. Logic low disables the device
                ^
/home/ec2-user/arduino-testlib/cli-datadir/user/libraries/RAKwireless_MQx_library/examples/RAK12004_MQ2_SmokeDetection/RAK12004_MQ2_SmokeDetection.ino:41:10: note: in expansion of macro &#39;EN_PIN&#39;
  pinMode(EN_PIN, OUTPUT);
          ^~~~~~
/home/ec2-user/arduino-testlib/cli-datadir/user/libraries/RAKwireless_MQx_library/examples/RAK12004_MQ2_SmokeDetection/RAK12004_MQ2_SmokeDetection.ino:46:2: error: &#39;time_t&#39; was not declared in this scope
  time_t timeout = millis();
  ^~~~~~
/home/ec2-user/arduino-testlib/cli-datadir/user/libraries/RAKwireless_MQx_library/examples/RAK12004_MQ2_SmokeDetection/RAK12004_MQ2_SmokeDetection.ino:46:2: note: suggested alternative: &#39;size_t&#39;
  time_t timeout = millis();
  ^~~~~~
  size_t
/home/ec2-user/arduino-testlib/cli-datadir/user/libraries/RAKwireless_MQx_library/examples/RAK12004_MQ2_SmokeDetection/RAK12004_MQ2_SmokeDetection.ino:50:19: error: &#39;timeout&#39; was not declared in this scope
   if ((millis() - timeout) &lt; 5000)
                   ^~~~~~~
/home/ec2-user/arduino-testlib/cli-datadir/user/libraries/RAKwireless_MQx_library/examples/RAK12004_MQ2_SmokeDetection/RAK12004_MQ2_SmokeDetection.ino:106:9: error: &#39;class HardwareSerial&#39; has no member named &#39;printf&#39;; did you mean &#39;print&#39;?
  Serial.printf(&#34;R0 Value is:%3.2f\r\n&#34;, r0);
         ^~~~~~
         print
/home/ec2-user/arduino-testlib/cli-datadir/user/libraries/RAKwireless_MQx_library/examples/RAK12004_MQ2_SmokeDetection/RAK12004_MQ2_SmokeDetection.ino: In function &#39;void loop()&#39;:
/home/ec2-user/arduino-testlib/cli-datadir/user/libraries/RAKwireless_MQx_library/examples/RAK12004_MQ2_SmokeDetection/RAK12004_MQ2_SmokeDetection.ino:118:9: error: &#39;class HardwareSerial&#39; has no member named &#39;printf&#39;; did you mean &#39;print&#39;?
  Serial.printf(&#34;sensor PPM Value is: %3.2f\r\n&#34;, sensorPPM);
         ^~~~~~
         print
/home/ec2-user/arduino-testlib/cli-datadir/user/libraries/RAKwireless_MQx_library/examples/RAK12004_MQ2_SmokeDetection/RAK12004_MQ2_SmokeDetection.ino:120:9: error: &#39;class HardwareSerial&#39; has no member named &#39;printf&#39;; did you mean &#39;print&#39;?
  Serial.printf(&#34;PPM percentage Value is:%3.2f%%\r\n&#34;, PPMpercentage);
         ^~~~~~
         print
/home/ec2-user/arduino-testlib/cli-datadir/user/libraries/RAKwireless_MQx_library/examples/RAK12004_MQ2_SmokeDetection/RAK12004_MQ2_SmokeDetection.ino:149:3: error: &#39;HwPWM0&#39; was not declared in this scope
   HwPWM0.stop();
   ^~~~~~
/home/ec2-user/arduino-testlib/cli-datadir/user/libraries/RAKwireless_MQx_library/examples/RAK12004_MQ2_SmokeDetection/RAK12004_MQ2_SmokeDetection.ino:149:3: note: suggested alternative: &#39;MPCM0&#39;
   HwPWM0.stop();
   ^~~~~~
   MPCM0
/home/ec2-user/arduino-testlib/cli-datadir/user/libraries/RAKwireless_MQx_library/examples/RAK12004_MQ2_SmokeDetection/RAK12004_MQ2_SmokeDetection.ino: In function &#39;void buzzer_init()&#39;:
/home/ec2-user/arduino-testlib/cli-datadir/user/libraries/RAKwireless_MQx_library/examples/RAK12004_MQ2_SmokeDetection/RAK12004_MQ2_SmokeDetection.ino:15:24: error: &#39;WB_IO1&#39; was not declared in this scope
 #define BUZZER_CONTROL WB_IO1
                        ^
/home/ec2-user/arduino-testlib/cli-datadir/user/libraries/RAKwireless_MQx_library/examples/RAK12004_MQ2_SmokeDetection/RAK12004_MQ2_SmokeDetection.ino:175:10: note: in expansion of macro &#39;BUZZER_CONTROL&#39;
  pinMode(BUZZER_CONTROL, OUTPUT);
          ^~~~~~~~~~~~~~
/home/ec2-user/arduino-testlib/cli-datadir/user/libraries/RAKwireless_MQx_library/examples/RAK12004_MQ2_SmokeDetection/RAK12004_MQ2_SmokeDetection.ino:176:2: error: &#39;HwPWM0&#39; was not declared in this scope
  HwPWM0.addPin(BUZZER_CONTROL);
  ^~~~~~
/home/ec2-user/arduino-testlib/cli-datadir/user/libraries/RAKwireless_MQx_library/examples/RAK12004_MQ2_SmokeDetection/RAK12004_MQ2_SmokeDetection.ino:176:2: note: suggested alternative: &#39;MPCM0&#39;
  HwPWM0.addPin(BUZZER_CONTROL);
  ^~~~~~
  MPCM0
/home/ec2-user/arduino-testlib/cli-datadir/user/libraries/RAKwireless_MQx_library/examples/RAK12004_MQ2_SmokeDetection/RAK12004_MQ2_SmokeDetection.ino: In function &#39;void buzzer(long unsigned int)&#39;:
/home/ec2-user/arduino-testlib/cli-datadir/user/libraries/RAKwireless_MQx_library/examples/RAK12004_MQ2_SmokeDetection/RAK12004_MQ2_SmokeDetection.ino:188:2: error: &#39;HwPWM0&#39; was not declared in this scope
  HwPWM0.setMaxValue(pwm_period); // set max value = 16000000/pwm_frequency - 1
  ^~~~~~
/home/ec2-user/arduino-testlib/cli-datadir/user/libraries/RAKwireless_MQx_library/examples/RAK12004_MQ2_SmokeDetection/RAK12004_MQ2_SmokeDetection.ino:188:2: note: suggested alternative: &#39;MPCM0&#39;
  HwPWM0.setMaxValue(pwm_period); // set max value = 16000000/pwm_frequency - 1
  ^~~~~~
  MPCM0
/home/ec2-user/arduino-testlib/cli-datadir/user/libraries/RAKwireless_MQx_library/examples/RAK12004_MQ2_SmokeDetection/RAK12004_MQ2_SmokeDetection.ino:15:24: error: &#39;WB_IO1&#39; was not declared in this scope
 #define BUZZER_CONTROL WB_IO1
                        ^
/home/ec2-user/arduino-testlib/cli-datadir/user/libraries/RAKwireless_MQx_library/examples/RAK12004_MQ2_SmokeDetection/RAK12004_MQ2_SmokeDetection.ino:189:18: note: in expansion of macro &#39;BUZZER_CONTROL&#39;
  HwPWM0.writePin(BUZZER_CONTROL, duty, false);
                  ^~~~~~~~~~~~~~

</pre>
					
					<h4>examples/RAK12004_MQ2_read</h4>
					<p>
						Result: <b>FAIL</b>
					</p>
					<pre class="pre-scrollable">/home/ec2-user/arduino-testlib/cli-datadir/user/libraries/RAKwireless_MQx_library/examples/RAK12004_MQ2_read/RAK12004_MQ2_read.ino: In function &#39;void setup()&#39;:
/home/ec2-user/arduino-testlib/cli-datadir/user/libraries/RAKwireless_MQx_library/examples/RAK12004_MQ2_read/RAK12004_MQ2_read.ino:14:19: error: &#39;WB_IO5&#39; was not declared in this scope
 #define ALERT_PIN WB_IO5 //a high indicates that the respective limit has been violated.
                   ^
/home/ec2-user/arduino-testlib/cli-datadir/user/libraries/RAKwireless_MQx_library/examples/RAK12004_MQ2_read/RAK12004_MQ2_read.ino:31:10: note: in expansion of macro &#39;ALERT_PIN&#39;
  pinMode(ALERT_PIN, INPUT);
          ^~~~~~~~~
/home/ec2-user/arduino-testlib/cli-datadir/user/libraries/RAKwireless_MQx_library/examples/RAK12004_MQ2_read/RAK12004_MQ2_read.ino:13:16: error: &#39;WB_IO6&#39; was not declared in this scope
 #define EN_PIN WB_IO6  //Logic high enables the device. Logic low disables the device
                ^
/home/ec2-user/arduino-testlib/cli-datadir/user/libraries/RAKwireless_MQx_library/examples/RAK12004_MQ2_read/RAK12004_MQ2_read.ino:32:10: note: in expansion of macro &#39;EN_PIN&#39;
  pinMode(EN_PIN, OUTPUT);
          ^~~~~~
/home/ec2-user/arduino-testlib/cli-datadir/user/libraries/RAKwireless_MQx_library/examples/RAK12004_MQ2_read/RAK12004_MQ2_read.ino:35:2: error: &#39;time_t&#39; was not declared in this scope
  time_t timeout = millis();
  ^~~~~~
/home/ec2-user/arduino-testlib/cli-datadir/user/libraries/RAKwireless_MQx_library/examples/RAK12004_MQ2_read/RAK12004_MQ2_read.ino:35:2: note: suggested alternative: &#39;size_t&#39;
  time_t timeout = millis();
  ^~~~~~
  size_t
/home/ec2-user/arduino-testlib/cli-datadir/user/libraries/RAKwireless_MQx_library/examples/RAK12004_MQ2_read/RAK12004_MQ2_read.ino:39:19: error: &#39;timeout&#39; was not declared in this scope
   if ((millis() - timeout) &lt; 5000)
                   ^~~~~~~
/home/ec2-user/arduino-testlib/cli-datadir/user/libraries/RAKwireless_MQx_library/examples/RAK12004_MQ2_read/RAK12004_MQ2_read.ino:98:9: error: &#39;class HardwareSerial&#39; has no member named &#39;printf&#39;; did you mean &#39;print&#39;?
  Serial.printf(&#34;R0 Value is:%3.2f\r\n&#34;, r0);
         ^~~~~~
         print
/home/ec2-user/arduino-testlib/cli-datadir/user/libraries/RAKwireless_MQx_library/examples/RAK12004_MQ2_read/RAK12004_MQ2_read.ino: In function &#39;void loop()&#39;:
/home/ec2-user/arduino-testlib/cli-datadir/user/libraries/RAKwireless_MQx_library/examples/RAK12004_MQ2_read/RAK12004_MQ2_read.ino:110:9: error: &#39;class HardwareSerial&#39; has no member named &#39;printf&#39;; did you mean &#39;print&#39;?
  Serial.printf(&#34;sensor PPM Value is: %3.2f\r\n&#34;, sensorPPM);
         ^~~~~~
         print
/home/ec2-user/arduino-testlib/cli-datadir/user/libraries/RAKwireless_MQx_library/examples/RAK12004_MQ2_read/RAK12004_MQ2_read.ino:112:9: error: &#39;class HardwareSerial&#39; has no member named &#39;printf&#39;; did you mean &#39;print&#39;?
  Serial.printf(&#34;PPM percentage Value is:%3.2f%%\r\n&#34;, PPMpercentage);
         ^~~~~~
         print

</pre>
					
					<h4>examples/RAK12009_MQ3_AlcoholDetection</h4>
					<p>
						Result: <b>FAIL</b>
					</p>
					<pre class="pre-scrollable">/home/ec2-user/arduino-testlib/cli-datadir/user/libraries/RAKwireless_MQx_library/examples/RAK12009_MQ3_AlcoholDetection/RAK12009_MQ3_AlcoholDetection.ino: In function &#39;void setup()&#39;:
/home/ec2-user/arduino-testlib/cli-datadir/user/libraries/RAKwireless_MQx_library/examples/RAK12009_MQ3_AlcoholDetection/RAK12009_MQ3_AlcoholDetection.ino:14:19: error: &#39;WB_IO5&#39; was not declared in this scope
 #define ALERT_PIN WB_IO5 //a high indicates that the respective limit has been violated.
                   ^
/home/ec2-user/arduino-testlib/cli-datadir/user/libraries/RAKwireless_MQx_library/examples/RAK12009_MQ3_AlcoholDetection/RAK12009_MQ3_AlcoholDetection.ino:31:10: note: in expansion of macro &#39;ALERT_PIN&#39;
  pinMode(ALERT_PIN, INPUT);
          ^~~~~~~~~
/home/ec2-user/arduino-testlib/cli-datadir/user/libraries/RAKwireless_MQx_library/examples/RAK12009_MQ3_AlcoholDetection/RAK12009_MQ3_AlcoholDetection.ino:13:16: error: &#39;WB_IO6&#39; was not declared in this scope
 #define EN_PIN WB_IO6  //Logic high enables the device. Logic low disables the device
                ^
/home/ec2-user/arduino-testlib/cli-datadir/user/libraries/RAKwireless_MQx_library/examples/RAK12009_MQ3_AlcoholDetection/RAK12009_MQ3_AlcoholDetection.ino:32:10: note: in expansion of macro &#39;EN_PIN&#39;
  pinMode(EN_PIN, OUTPUT);
          ^~~~~~
/home/ec2-user/arduino-testlib/cli-datadir/user/libraries/RAKwireless_MQx_library/examples/RAK12009_MQ3_AlcoholDetection/RAK12009_MQ3_AlcoholDetection.ino:35:2: error: &#39;time_t&#39; was not declared in this scope
  time_t timeout = millis();
  ^~~~~~
/home/ec2-user/arduino-testlib/cli-datadir/user/libraries/RAKwireless_MQx_library/examples/RAK12009_MQ3_AlcoholDetection/RAK12009_MQ3_AlcoholDetection.ino:35:2: note: suggested alternative: &#39;size_t&#39;
  time_t timeout = millis();
  ^~~~~~
  size_t
/home/ec2-user/arduino-testlib/cli-datadir/user/libraries/RAKwireless_MQx_library/examples/RAK12009_MQ3_AlcoholDetection/RAK12009_MQ3_AlcoholDetection.ino:39:19: error: &#39;timeout&#39; was not declared in this scope
   if ((millis() - timeout) &lt; 5000)
                   ^~~~~~~
/home/ec2-user/arduino-testlib/cli-datadir/user/libraries/RAKwireless_MQx_library/examples/RAK12009_MQ3_AlcoholDetection/RAK12009_MQ3_AlcoholDetection.ino: In function &#39;void loop()&#39;:
/home/ec2-user/arduino-testlib/cli-datadir/user/libraries/RAKwireless_MQx_library/examples/RAK12009_MQ3_AlcoholDetection/RAK12009_MQ3_AlcoholDetection.ino:106:9: error: &#39;class HardwareSerial&#39; has no member named &#39;printf&#39;; did you mean &#39;print&#39;?
  Serial.printf(&#34;sensor PPM Value is: %3.2f\r\n&#34;, sensorPPM);
         ^~~~~~
         print
/home/ec2-user/arduino-testlib/cli-datadir/user/libraries/RAKwireless_MQx_library/examples/RAK12009_MQ3_AlcoholDetection/RAK12009_MQ3_AlcoholDetection.ino:108:9: error: &#39;class HardwareSerial&#39; has no member named &#39;printf&#39;; did you mean &#39;print&#39;?
  Serial.printf(&#34;PPM percentage Value is:%3.2f%%\r\n&#34;, PPMpercentage);
         ^~~~~~
         print

</pre>
					
				
				<h3 id="arduino:mbed_nano:nanorp2040connect">arduino:mbed_nano:nanorp2040connect @ 2.7.2</h3>
				<h4>Inclusion</h4>
				<p>
					Result: <b>PASS</b>
					
				</p>
				<pre class="pre-scrollable">Sketch uses 81706 bytes (0%) of program storage space. Maximum is 16777216 bytes.
Global variables use 44220 bytes (16%) of dynamic memory, leaving 226116 bytes for local variables. Maximum is 270336 bytes.
</pre>

					
					<h4>examples/RAK12004_MQ2_Sampling</h4>
					<p>
						Result: <b>FAIL</b>
					</p>
					<pre class="pre-scrollable">/home/ec2-user/arduino-testlib/cli-datadir/user/libraries/RAKwireless_MQx_library/examples/RAK12004_MQ2_Sampling/RAK12004_MQ2_Sampling.ino: In function &#39;void setup()&#39;:
/home/ec2-user/arduino-testlib/cli-datadir/user/libraries/RAKwireless_MQx_library/examples/RAK12004_MQ2_Sampling/RAK12004_MQ2_Sampling.ino:13:19: error: &#39;WB_IO5&#39; was not declared in this scope
 #define ALERT_PIN WB_IO5 //a high indicates that the respective limit has been violated.
                   ^
/home/ec2-user/arduino-testlib/cli-datadir/user/libraries/RAKwireless_MQx_library/examples/RAK12004_MQ2_Sampling/RAK12004_MQ2_Sampling.ino:23:10: note: in expansion of macro &#39;ALERT_PIN&#39;
  pinMode(ALERT_PIN, INPUT);
          ^~~~~~~~~
/home/ec2-user/arduino-testlib/cli-datadir/user/libraries/RAKwireless_MQx_library/examples/RAK12004_MQ2_Sampling/RAK12004_MQ2_Sampling.ino:13:19: note: suggested alternative: &#39;__IOM&#39;
 #define ALERT_PIN WB_IO5 //a high indicates that the respective limit has been violated.
                   ^
/home/ec2-user/arduino-testlib/cli-datadir/user/libraries/RAKwireless_MQx_library/examples/RAK12004_MQ2_Sampling/RAK12004_MQ2_Sampling.ino:23:10: note: in expansion of macro &#39;ALERT_PIN&#39;
  pinMode(ALERT_PIN, INPUT);
          ^~~~~~~~~
/home/ec2-user/arduino-testlib/cli-datadir/user/libraries/RAKwireless_MQx_library/examples/RAK12004_MQ2_Sampling/RAK12004_MQ2_Sampling.ino:12:16: error: &#39;WB_IO6&#39; was not declared in this scope
 #define EN_PIN WB_IO6  //Logic high enables the device. Logic low disables the device
                ^
/home/ec2-user/arduino-testlib/cli-datadir/user/libraries/RAKwireless_MQx_library/examples/RAK12004_MQ2_Sampling/RAK12004_MQ2_Sampling.ino:24:10: note: in expansion of macro &#39;EN_PIN&#39;
  pinMode(EN_PIN, OUTPUT);
          ^~~~~~
/home/ec2-user/arduino-testlib/cli-datadir/user/libraries/RAKwireless_MQx_library/examples/RAK12004_MQ2_Sampling/RAK12004_MQ2_Sampling.ino:12:16: note: suggested alternative: &#39;__IOM&#39;
 #define EN_PIN WB_IO6  //Logic high enables the device. Logic low disables the device
                ^
/home/ec2-user/arduino-testlib/cli-datadir/user/libraries/RAKwireless_MQx_library/examples/RAK12004_MQ2_Sampling/RAK12004_MQ2_Sampling.ino:24:10: note: in expansion of macro &#39;EN_PIN&#39;
  pinMode(EN_PIN, OUTPUT);
          ^~~~~~
/home/ec2-user/arduino-testlib/cli-datadir/user/libraries/RAKwireless_MQx_library/examples/RAK12004_MQ2_Sampling/RAK12004_MQ2_Sampling.ino:83:9: error: &#39;class arduino::UART&#39; has no member named &#39;printf&#39;; did you mean &#39;print&#39;?
  Serial.printf(&#34;R0 Value is:%3.2f\r\n&#34;, MQ2.getR0());
         ^~~~~~
         print
/home/ec2-user/arduino-testlib/cli-datadir/user/libraries/RAKwireless_MQx_library/examples/RAK12004_MQ2_Sampling/RAK12004_MQ2_Sampling.ino: In function &#39;void loop()&#39;:
/home/ec2-user/arduino-testlib/cli-datadir/user/libraries/RAKwireless_MQx_library/examples/RAK12004_MQ2_Sampling/RAK12004_MQ2_Sampling.ino:93:9: error: &#39;class arduino::UART&#39; has no member named &#39;printf&#39;; did you mean &#39;print&#39;?
  Serial.printf(&#34;sensor PPM Value is: %3.2f\r\n&#34;, sensorPPM);
         ^~~~~~
         print
/home/ec2-user/arduino-testlib/cli-datadir/user/libraries/RAKwireless_MQx_library/examples/RAK12004_MQ2_Sampling/RAK12004_MQ2_Sampling.ino:95:9: error: &#39;class arduino::UART&#39; has no member named &#39;printf&#39;; did you mean &#39;print&#39;?
  Serial.printf(&#34;PPM percentage Value is:%3.2f%%\r\n&#34;, PPMpercentage);
         ^~~~~~
         print
/home/ec2-user/arduino-testlib/cli-datadir/user/libraries/RAKwireless_MQx_library/examples/RAK12004_MQ2_Sampling/RAK12004_MQ2_Sampling.ino:13:19: error: &#39;WB_IO5&#39; was not declared in this scope
 #define ALERT_PIN WB_IO5 //a high indicates that the respective limit has been violated.
                   ^
/home/ec2-user/arduino-testlib/cli-datadir/user/libraries/RAKwireless_MQx_library/examples/RAK12004_MQ2_Sampling/RAK12004_MQ2_Sampling.ino:100:34: note: in expansion of macro &#39;ALERT_PIN&#39;
  uint8_t PINstatus = digitalRead(ALERT_PIN);
                                  ^~~~~~~~~
/home/ec2-user/arduino-testlib/cli-datadir/user/libraries/RAKwireless_MQx_library/examples/RAK12004_MQ2_Sampling/RAK12004_MQ2_Sampling.ino:13:19: note: suggested alternative: &#39;__IOM&#39;
 #define ALERT_PIN WB_IO5 //a high indicates that the respective limit has been violated.
                   ^
/home/ec2-user/arduino-testlib/cli-datadir/user/libraries/RAKwireless_MQx_library/examples/RAK12004_MQ2_Sampling/RAK12004_MQ2_Sampling.ino:100:34: note: in expansion of macro &#39;ALERT_PIN&#39;
  uint8_t PINstatus = digitalRead(ALERT_PIN);
                                  ^~~~~~~~~

</pre>
					
					<h4>examples/RAK12004_MQ2_SmokeDetection</h4>
					<p>
						Result: <b>FAIL</b>
					</p>
					<pre class="pre-scrollable">/home/ec2-user/arduino-testlib/cli-datadir/user/libraries/RAKwireless_MQx_library/examples/RAK12004_MQ2_SmokeDetection/RAK12004_MQ2_SmokeDetection.ino: In function &#39;void setup()&#39;:
/home/ec2-user/arduino-testlib/cli-datadir/user/libraries/RAKwireless_MQx_library/examples/RAK12004_MQ2_SmokeDetection/RAK12004_MQ2_SmokeDetection.ino:22:19: error: &#39;WB_IO5&#39; was not declared in this scope
 #define ALERT_PIN WB_IO5 //a high indicates that the respective limit has been violated.
                   ^
/home/ec2-user/arduino-testlib/cli-datadir/user/libraries/RAKwireless_MQx_library/examples/RAK12004_MQ2_SmokeDetection/RAK12004_MQ2_SmokeDetection.ino:40:10: note: in expansion of macro &#39;ALERT_PIN&#39;
  pinMode(ALERT_PIN, INPUT);
          ^~~~~~~~~
/home/ec2-user/arduino-testlib/cli-datadir/user/libraries/RAKwireless_MQx_library/examples/RAK12004_MQ2_SmokeDetection/RAK12004_MQ2_SmokeDetection.ino:22:19: note: suggested alternative: &#39;__IO&#39;
 #define ALERT_PIN WB_IO5 //a high indicates that the respective limit has been violated.
                   ^
/home/ec2-user/arduino-testlib/cli-datadir/user/libraries/RAKwireless_MQx_library/examples/RAK12004_MQ2_SmokeDetection/RAK12004_MQ2_SmokeDetection.ino:40:10: note: in expansion of macro &#39;ALERT_PIN&#39;
  pinMode(ALERT_PIN, INPUT);
          ^~~~~~~~~
/home/ec2-user/arduino-testlib/cli-datadir/user/libraries/RAKwireless_MQx_library/examples/RAK12004_MQ2_SmokeDetection/RAK12004_MQ2_SmokeDetection.ino:21:16: error: &#39;WB_IO6&#39; was not declared in this scope
 #define EN_PIN WB_IO6  //Logic high enables the device. Logic low disables the device
                ^
/home/ec2-user/arduino-testlib/cli-datadir/user/libraries/RAKwireless_MQx_library/examples/RAK12004_MQ2_SmokeDetection/RAK12004_MQ2_SmokeDetection.ino:41:10: note: in expansion of macro &#39;EN_PIN&#39;
  pinMode(EN_PIN, OUTPUT);
          ^~~~~~
/home/ec2-user/arduino-testlib/cli-datadir/user/libraries/RAKwireless_MQx_library/examples/RAK12004_MQ2_SmokeDetection/RAK12004_MQ2_SmokeDetection.ino:21:16: note: suggested alternative: &#39;__IO&#39;
 #define EN_PIN WB_IO6  //Logic high enables the device. Logic low disables the device
                ^
/home/ec2-user/arduino-testlib/cli-datadir/user/libraries/RAKwireless_MQx_library/examples/RAK12004_MQ2_SmokeDetection/RAK12004_MQ2_SmokeDetection.ino:41:10: note: in expansion of macro &#39;EN_PIN&#39;
  pinMode(EN_PIN, OUTPUT);
          ^~~~~~
/home/ec2-user/arduino-testlib/cli-datadir/user/libraries/RAKwireless_MQx_library/examples/RAK12004_MQ2_SmokeDetection/RAK12004_MQ2_SmokeDetection.ino:106:9: error: &#39;class arduino::UART&#39; has no member named &#39;printf&#39;; did you mean &#39;print&#39;?
  Serial.printf(&#34;R0 Value is:%3.2f\r\n&#34;, r0);
         ^~~~~~
         print
/home/ec2-user/arduino-testlib/cli-datadir/user/libraries/RAKwireless_MQx_library/examples/RAK12004_MQ2_SmokeDetection/RAK12004_MQ2_SmokeDetection.ino: In function &#39;void loop()&#39;:
/home/ec2-user/arduino-testlib/cli-datadir/user/libraries/RAKwireless_MQx_library/examples/RAK12004_MQ2_SmokeDetection/RAK12004_MQ2_SmokeDetection.ino:118:9: error: &#39;class arduino::UART&#39; has no member named &#39;printf&#39;; did you mean &#39;print&#39;?
  Serial.printf(&#34;sensor PPM Value is: %3.2f\r\n&#34;, sensorPPM);
         ^~~~~~
         print
/home/ec2-user/arduino-testlib/cli-datadir/user/libraries/RAKwireless_MQx_library/examples/RAK12004_MQ2_SmokeDetection/RAK12004_MQ2_SmokeDetection.ino:120:9: error: &#39;class arduino::UART&#39; has no member named &#39;printf&#39;; did you mean &#39;print&#39;?
  Serial.printf(&#34;PPM percentage Value is:%3.2f%%\r\n&#34;, PPMpercentage);
         ^~~~~~
         print
/home/ec2-user/arduino-testlib/cli-datadir/user/libraries/RAKwireless_MQx_library/examples/RAK12004_MQ2_SmokeDetection/RAK12004_MQ2_SmokeDetection.ino:149:3: error: &#39;HwPWM0&#39; was not declared in this scope
   HwPWM0.stop();
   ^~~~~~
/home/ec2-user/arduino-testlib/cli-datadir/user/libraries/RAKwireless_MQx_library/examples/RAK12004_MQ2_SmokeDetection/RAK12004_MQ2_SmokeDetection.ino:149:3: note: suggested alternative: &#39;PWM_0&#39;
   HwPWM0.stop();
   ^~~~~~
   PWM_0
/home/ec2-user/arduino-testlib/cli-datadir/user/libraries/RAKwireless_MQx_library/examples/RAK12004_MQ2_SmokeDetection/RAK12004_MQ2_SmokeDetection.ino: In function &#39;void buzzer_init()&#39;:
/home/ec2-user/arduino-testlib/cli-datadir/user/libraries/RAKwireless_MQx_library/examples/RAK12004_MQ2_SmokeDetection/RAK12004_MQ2_SmokeDetection.ino:15:24: error: &#39;WB_IO1&#39; was not declared in this scope
 #define BUZZER_CONTROL WB_IO1
                        ^
/home/ec2-user/arduino-testlib/cli-datadir/user/libraries/RAKwireless_MQx_library/examples/RAK12004_MQ2_SmokeDetection/RAK12004_MQ2_SmokeDetection.ino:175:10: note: in expansion of macro &#39;BUZZER_CONTROL&#39;
  pinMode(BUZZER_CONTROL, OUTPUT);
          ^~~~~~~~~~~~~~
/home/ec2-user/arduino-testlib/cli-datadir/user/libraries/RAKwireless_MQx_library/examples/RAK12004_MQ2_SmokeDetection/RAK12004_MQ2_SmokeDetection.ino:15:24: note: suggested alternative: &#39;__IO&#39;
 #define BUZZER_CONTROL WB_IO1
                        ^
/home/ec2-user/arduino-testlib/cli-datadir/user/libraries/RAKwireless_MQx_library/examples/RAK12004_MQ2_SmokeDetection/RAK12004_MQ2_SmokeDetection.ino:175:10: note: in expansion of macro &#39;BUZZER_CONTROL&#39;
  pinMode(BUZZER_CONTROL, OUTPUT);
          ^~~~~~~~~~~~~~
/home/ec2-user/arduino-testlib/cli-datadir/user/libraries/RAKwireless_MQx_library/examples/RAK12004_MQ2_SmokeDetection/RAK12004_MQ2_SmokeDetection.ino:176:2: error: &#39;HwPWM0&#39; was not declared in this scope
  HwPWM0.addPin(BUZZER_CONTROL);
  ^~~~~~
/home/ec2-user/arduino-testlib/cli-datadir/user/libraries/RAKwireless_MQx_library/examples/RAK12004_MQ2_SmokeDetection/RAK12004_MQ2_SmokeDetection.ino:176:2: note: suggested alternative: &#39;PWM_0&#39;
  HwPWM0.addPin(BUZZER_CONTROL);
  ^~~~~~
  PWM_0
/home/ec2-user/arduino-testlib/cli-datadir/user/libraries/RAKwireless_MQx_library/examples/RAK12004_MQ2_SmokeDetection/RAK12004_MQ2_SmokeDetection.ino: In function &#39;void buzzer(long unsigned int)&#39;:
/home/ec2-user/arduino-testlib/cli-datadir/user/libraries/RAKwireless_MQx_library/examples/RAK12004_MQ2_SmokeDetection/RAK12004_MQ2_SmokeDetection.ino:188:2: error: &#39;HwPWM0&#39; was not declared in this scope
  HwPWM0.setMaxValue(pwm_period); // set max value = 16000000/pwm_frequency - 1
  ^~~~~~
/home/ec2-user/arduino-testlib/cli-datadir/user/libraries/RAKwireless_MQx_library/examples/RAK12004_MQ2_SmokeDetection/RAK12004_MQ2_SmokeDetection.ino:188:2: note: suggested alternative: &#39;PWM_0&#39;
  HwPWM0.setMaxValue(pwm_period); // set max value = 16000000/pwm_frequency - 1
  ^~~~~~
  PWM_0
/home/ec2-user/arduino-testlib/cli-datadir/user/libraries/RAKwireless_MQx_library/examples/RAK12004_MQ2_SmokeDetection/RAK12004_MQ2_SmokeDetection.ino:15:24: error: &#39;WB_IO1&#39; was not declared in this scope
 #define BUZZER_CONTROL WB_IO1
                        ^
/home/ec2-user/arduino-testlib/cli-datadir/user/libraries/RAKwireless_MQx_library/examples/RAK12004_MQ2_SmokeDetection/RAK12004_MQ2_SmokeDetection.ino:189:18: note: in expansion of macro &#39;BUZZER_CONTROL&#39;
  HwPWM0.writePin(BUZZER_CONTROL, duty, false);
                  ^~~~~~~~~~~~~~
/home/ec2-user/arduino-testlib/cli-datadir/user/libraries/RAKwireless_MQx_library/examples/RAK12004_MQ2_SmokeDetection/RAK12004_MQ2_SmokeDetection.ino:15:24: note: suggested alternative: &#39;__IO&#39;
 #define BUZZER_CONTROL WB_IO1
                        ^
/home/ec2-user/arduino-testlib/cli-datadir/user/libraries/RAKwireless_MQx_library/examples/RAK12004_MQ2_SmokeDetection/RAK12004_MQ2_SmokeDetection.ino:189:18: note: in expansion of macro &#39;BUZZER_CONTROL&#39;
  HwPWM0.writePin(BUZZER_CONTROL, duty, false);
                  ^~~~~~~~~~~~~~

</pre>
					
					<h4>examples/RAK12004_MQ2_read</h4>
					<p>
						Result: <b>FAIL</b>
					</p>
					<pre class="pre-scrollable">/home/ec2-user/arduino-testlib/cli-datadir/user/libraries/RAKwireless_MQx_library/examples/RAK12004_MQ2_read/RAK12004_MQ2_read.ino: In function &#39;void setup()&#39;:
/home/ec2-user/arduino-testlib/cli-datadir/user/libraries/RAKwireless_MQx_library/examples/RAK12004_MQ2_read/RAK12004_MQ2_read.ino:14:19: error: &#39;WB_IO5&#39; was not declared in this scope
 #define ALERT_PIN WB_IO5 //a high indicates that the respective limit has been violated.
                   ^
/home/ec2-user/arduino-testlib/cli-datadir/user/libraries/RAKwireless_MQx_library/examples/RAK12004_MQ2_read/RAK12004_MQ2_read.ino:31:10: note: in expansion of macro &#39;ALERT_PIN&#39;
  pinMode(ALERT_PIN, INPUT);
          ^~~~~~~~~
/home/ec2-user/arduino-testlib/cli-datadir/user/libraries/RAKwireless_MQx_library/examples/RAK12004_MQ2_read/RAK12004_MQ2_read.ino:14:19: note: suggested alternative: &#39;__IO&#39;
 #define ALERT_PIN WB_IO5 //a high indicates that the respective limit has been violated.
                   ^
/home/ec2-user/arduino-testlib/cli-datadir/user/libraries/RAKwireless_MQx_library/examples/RAK12004_MQ2_read/RAK12004_MQ2_read.ino:31:10: note: in expansion of macro &#39;ALERT_PIN&#39;
  pinMode(ALERT_PIN, INPUT);
          ^~~~~~~~~
/home/ec2-user/arduino-testlib/cli-datadir/user/libraries/RAKwireless_MQx_library/examples/RAK12004_MQ2_read/RAK12004_MQ2_read.ino:13:16: error: &#39;WB_IO6&#39; was not declared in this scope
 #define EN_PIN WB_IO6  //Logic high enables the device. Logic low disables the device
                ^
/home/ec2-user/arduino-testlib/cli-datadir/user/libraries/RAKwireless_MQx_library/examples/RAK12004_MQ2_read/RAK12004_MQ2_read.ino:32:10: note: in expansion of macro &#39;EN_PIN&#39;
  pinMode(EN_PIN, OUTPUT);
          ^~~~~~
/home/ec2-user/arduino-testlib/cli-datadir/user/libraries/RAKwireless_MQx_library/examples/RAK12004_MQ2_read/RAK12004_MQ2_read.ino:13:16: note: suggested alternative: &#39;__IO&#39;
 #define EN_PIN WB_IO6  //Logic high enables the device. Logic low disables the device
                ^
/home/ec2-user/arduino-testlib/cli-datadir/user/libraries/RAKwireless_MQx_library/examples/RAK12004_MQ2_read/RAK12004_MQ2_read.ino:32:10: note: in expansion of macro &#39;EN_PIN&#39;
  pinMode(EN_PIN, OUTPUT);
          ^~~~~~
/home/ec2-user/arduino-testlib/cli-datadir/user/libraries/RAKwireless_MQx_library/examples/RAK12004_MQ2_read/RAK12004_MQ2_read.ino:98:9: error: &#39;class arduino::UART&#39; has no member named &#39;printf&#39;; did you mean &#39;print&#39;?
  Serial.printf(&#34;R0 Value is:%3.2f\r\n&#34;, r0);
         ^~~~~~
         print
/home/ec2-user/arduino-testlib/cli-datadir/user/libraries/RAKwireless_MQx_library/examples/RAK12004_MQ2_read/RAK12004_MQ2_read.ino: In function &#39;void loop()&#39;:
/home/ec2-user/arduino-testlib/cli-datadir/user/libraries/RAKwireless_MQx_library/examples/RAK12004_MQ2_read/RAK12004_MQ2_read.ino:110:9: error: &#39;class arduino::UART&#39; has no member named &#39;printf&#39;; did you mean &#39;print&#39;?
  Serial.printf(&#34;sensor PPM Value is: %3.2f\r\n&#34;, sensorPPM);
         ^~~~~~
         print
/home/ec2-user/arduino-testlib/cli-datadir/user/libraries/RAKwireless_MQx_library/examples/RAK12004_MQ2_read/RAK12004_MQ2_read.ino:112:9: error: &#39;class arduino::UART&#39; has no member named &#39;printf&#39;; did you mean &#39;print&#39;?
  Serial.printf(&#34;PPM percentage Value is:%3.2f%%\r\n&#34;, PPMpercentage);
         ^~~~~~
         print

</pre>
					
					<h4>examples/RAK12009_MQ3_AlcoholDetection</h4>
					<p>
						Result: <b>FAIL</b>
					</p>
					<pre class="pre-scrollable">/home/ec2-user/arduino-testlib/cli-datadir/user/libraries/RAKwireless_MQx_library/examples/RAK12009_MQ3_AlcoholDetection/RAK12009_MQ3_AlcoholDetection.ino: In function &#39;void setup()&#39;:
/home/ec2-user/arduino-testlib/cli-datadir/user/libraries/RAKwireless_MQx_library/examples/RAK12009_MQ3_AlcoholDetection/RAK12009_MQ3_AlcoholDetection.ino:14:19: error: &#39;WB_IO5&#39; was not declared in this scope
 #define ALERT_PIN WB_IO5 //a high indicates that the respective limit has been violated.
                   ^
/home/ec2-user/arduino-testlib/cli-datadir/user/libraries/RAKwireless_MQx_library/examples/RAK12009_MQ3_AlcoholDetection/RAK12009_MQ3_AlcoholDetection.ino:31:10: note: in expansion of macro &#39;ALERT_PIN&#39;
  pinMode(ALERT_PIN, INPUT);
          ^~~~~~~~~
/home/ec2-user/arduino-testlib/cli-datadir/user/libraries/RAKwireless_MQx_library/examples/RAK12009_MQ3_AlcoholDetection/RAK12009_MQ3_AlcoholDetection.ino:14:19: note: suggested alternative: &#39;__IO&#39;
 #define ALERT_PIN WB_IO5 //a high indicates that the respective limit has been violated.
                   ^
/home/ec2-user/arduino-testlib/cli-datadir/user/libraries/RAKwireless_MQx_library/examples/RAK12009_MQ3_AlcoholDetection/RAK12009_MQ3_AlcoholDetection.ino:31:10: note: in expansion of macro &#39;ALERT_PIN&#39;
  pinMode(ALERT_PIN, INPUT);
          ^~~~~~~~~
/home/ec2-user/arduino-testlib/cli-datadir/user/libraries/RAKwireless_MQx_library/examples/RAK12009_MQ3_AlcoholDetection/RAK12009_MQ3_AlcoholDetection.ino:13:16: error: &#39;WB_IO6&#39; was not declared in this scope
 #define EN_PIN WB_IO6  //Logic high enables the device. Logic low disables the device
                ^
/home/ec2-user/arduino-testlib/cli-datadir/user/libraries/RAKwireless_MQx_library/examples/RAK12009_MQ3_AlcoholDetection/RAK12009_MQ3_AlcoholDetection.ino:32:10: note: in expansion of macro &#39;EN_PIN&#39;
  pinMode(EN_PIN, OUTPUT);
          ^~~~~~
/home/ec2-user/arduino-testlib/cli-datadir/user/libraries/RAKwireless_MQx_library/examples/RAK12009_MQ3_AlcoholDetection/RAK12009_MQ3_AlcoholDetection.ino:13:16: note: suggested alternative: &#39;__IO&#39;
 #define EN_PIN WB_IO6  //Logic high enables the device. Logic low disables the device
                ^
/home/ec2-user/arduino-testlib/cli-datadir/user/libraries/RAKwireless_MQx_library/examples/RAK12009_MQ3_AlcoholDetection/RAK12009_MQ3_AlcoholDetection.ino:32:10: note: in expansion of macro &#39;EN_PIN&#39;
  pinMode(EN_PIN, OUTPUT);
          ^~~~~~
/home/ec2-user/arduino-testlib/cli-datadir/user/libraries/RAKwireless_MQx_library/examples/RAK12009_MQ3_AlcoholDetection/RAK12009_MQ3_AlcoholDetection.ino: In function &#39;void loop()&#39;:
/home/ec2-user/arduino-testlib/cli-datadir/user/libraries/RAKwireless_MQx_library/examples/RAK12009_MQ3_AlcoholDetection/RAK12009_MQ3_AlcoholDetection.ino:106:9: error: &#39;class arduino::UART&#39; has no member named &#39;printf&#39;; did you mean &#39;print&#39;?
  Serial.printf(&#34;sensor PPM Value is: %3.2f\r\n&#34;, sensorPPM);
         ^~~~~~
         print
/home/ec2-user/arduino-testlib/cli-datadir/user/libraries/RAKwireless_MQx_library/examples/RAK12009_MQ3_AlcoholDetection/RAK12009_MQ3_AlcoholDetection.ino:108:9: error: &#39;class arduino::UART&#39; has no member named &#39;printf&#39;; did you mean &#39;print&#39;?
  Serial.printf(&#34;PPM percentage Value is:%3.2f%%\r\n&#34;, PPMpercentage);
         ^~~~~~
         print

</pre>
					
				
				<h3 id="arduino:megaavr:nona4809">arduino:megaavr:nona4809 @ 1.8.7</h3>
				<h4>Inclusion</h4>
				<p>
					Result: <b>PASS</b>
					
				</p>
				<pre class="pre-scrollable">Sketch uses 3104 bytes (6%) of program storage space. Maximum is 49152 bytes.
Global variables use 317 bytes (5%) of dynamic memory, leaving 5827 bytes for local variables. Maximum is 6144 bytes.
In file included from /home/ec2-user/arduino-testlib/cli-datadir/user/libraries/RAKwireless_MQx_library/src/ADC121C021.h:15:0,
                 from /home/ec2-user/arduino-testlib/cli-datadir/user/libraries/RAKwireless_MQx_library/src/ADC121C021.cpp:11:
/home/ec2-user/arduino-testlib/cli-datadir/data/packages/arduino/hardware/megaavr/1.8.7/libraries/Wire/src/Wire.h: In member function &#39;uint8_t ADC121C021::readRegister8(uint8_t)&#39;:
/home/ec2-user/arduino-testlib/cli-datadir/data/packages/arduino/hardware/megaavr/1.8.7/libraries/Wire/src/Wire.h:63:12: note: candidate 1: size_t TwoWire::requestFrom(int, int)
     size_t requestFrom(int, int);
            ^~~~~~~~~~~
/home/ec2-user/arduino-testlib/cli-datadir/data/packages/arduino/hardware/megaavr/1.8.7/libraries/Wire/src/Wire.h:61:12: note: candidate 2: virtual size_t TwoWire::requestFrom(uint8_t, size_t)
     size_t requestFrom(uint8_t, size_t);
            ^~~~~~~~~~~
/home/ec2-user/arduino-testlib/cli-datadir/data/packages/arduino/hardware/megaavr/1.8.7/libraries/Wire/src/Wire.h: In member function &#39;uint16_t ADC121C021::readRegister16(uint8_t)&#39;:
/home/ec2-user/arduino-testlib/cli-datadir/data/packages/arduino/hardware/megaavr/1.8.7/libraries/Wire/src/Wire.h:63:12: note: candidate 1: size_t TwoWire::requestFrom(int, int)
     size_t requestFrom(int, int);
            ^~~~~~~~~~~
/home/ec2-user/arduino-testlib/cli-datadir/data/packages/arduino/hardware/megaavr/1.8.7/libraries/Wire/src/Wire.h:61:12: note: candidate 2: virtual size_t TwoWire::requestFrom(uint8_t, size_t)
     size_t requestFrom(uint8_t, size_t);
            ^~~~~~~~~~~
/home/ec2-user/arduino-testlib/cli-datadir/data/packages/arduino/hardware/megaavr/1.8.7/libraries/Wire/src/Wire.h: In member function &#39;uint8_t ADC121C021::readAlertStatus()&#39;:
/home/ec2-user/arduino-testlib/cli-datadir/data/packages/arduino/hardware/megaavr/1.8.7/libraries/Wire/src/Wire.h:63:12: note: candidate 1: size_t TwoWire::requestFrom(int, int)
     size_t requestFrom(int, int);
            ^~~~~~~~~~~
/home/ec2-user/arduino-testlib/cli-datadir/data/packages/arduino/hardware/megaavr/1.8.7/libraries/Wire/src/Wire.h:61:12: note: candidate 2: virtual size_t TwoWire::requestFrom(uint8_t, size_t)
     size_t requestFrom(uint8_t, size_t);
            ^~~~~~~~~~~
/home/ec2-user/arduino-testlib/cli-datadir/data/packages/arduino/hardware/megaavr/1.8.7/libraries/Wire/src/Wire.h:63:12: note: candidate 1: size_t TwoWire::requestFrom(int, int)
     size_t requestFrom(int, int);
            ^~~~~~~~~~~
/home/ec2-user/arduino-testlib/cli-datadir/data/packages/arduino/hardware/megaavr/1.8.7/libraries/Wire/src/Wire.h:61:12: note: candidate 2: virtual size_t TwoWire::requestFrom(uint8_t, size_t)
     size_t requestFrom(uint8_t, size_t);
            ^~~~~~~~~~~
/home/ec2-user/arduino-testlib/cli-datadir/data/packages/arduino/hardware/megaavr/1.8.7/libraries/Wire/src/Wire.h: In member function &#39;uint8_t ADC121C021::readConfigRegister()&#39;:
/home/ec2-user/arduino-testlib/cli-datadir/data/packages/arduino/hardware/megaavr/1.8.7/libraries/Wire/src/Wire.h:63:12: note: candidate 1: size_t TwoWire::requestFrom(int, int)
     size_t requestFrom(int, int);
            ^~~~~~~~~~~
/home/ec2-user/arduino-testlib/cli-datadir/data/packages/arduino/hardware/megaavr/1.8.7/libraries/Wire/src/Wire.h:61:12: note: candidate 2: virtual size_t TwoWire::requestFrom(uint8_t, size_t)
     size_t requestFrom(uint8_t, size_t);
            ^~~~~~~~~~~
/home/ec2-user/arduino-testlib/cli-datadir/data/packages/arduino/hardware/megaavr/1.8.7/libraries/Wire/src/Wire.h: In member function &#39;uint16_t ADC121C021::getAdcValue()&#39;:
/home/ec2-user/arduino-testlib/cli-datadir/data/packages/arduino/hardware/megaavr/1.8.7/libraries/Wire/src/Wire.h:63:12: note: candidate 1: size_t TwoWire::requestFrom(int, int)
     size_t requestFrom(int, int);
            ^~~~~~~~~~~
/home/ec2-user/arduino-testlib/cli-datadir/data/packages/arduino/hardware/megaavr/1.8.7/libraries/Wire/src/Wire.h:61:12: note: candidate 2: virtual size_t TwoWire::requestFrom(uint8_t, size_t)
     size_t requestFrom(uint8_t, size_t);
            ^~~~~~~~~~~
</pre>

					
					<h4>examples/RAK12004_MQ2_Sampling</h4>
					<p>
						Result: <b>FAIL</b>
					</p>
					<pre class="pre-scrollable">/home/ec2-user/arduino-testlib/cli-datadir/user/libraries/RAKwireless_MQx_library/examples/RAK12004_MQ2_Sampling/RAK12004_MQ2_Sampling.ino: In function &#39;void setup()&#39;:
/home/ec2-user/arduino-testlib/cli-datadir/user/libraries/RAKwireless_MQx_library/examples/RAK12004_MQ2_Sampling/RAK12004_MQ2_Sampling.ino:13:19: error: &#39;WB_IO5&#39; was not declared in this scope
 #define ALERT_PIN WB_IO5 //a high indicates that the respective limit has been violated.
                   ^
/home/ec2-user/arduino-testlib/cli-datadir/user/libraries/RAKwireless_MQx_library/examples/RAK12004_MQ2_Sampling/RAK12004_MQ2_Sampling.ino:23:10: note: in expansion of macro &#39;ALERT_PIN&#39;
  pinMode(ALERT_PIN, INPUT);
          ^~~~~~~~~
/home/ec2-user/arduino-testlib/cli-datadir/user/libraries/RAKwireless_MQx_library/examples/RAK12004_MQ2_Sampling/RAK12004_MQ2_Sampling.ino:12:16: error: &#39;WB_IO6&#39; was not declared in this scope
 #define EN_PIN WB_IO6  //Logic high enables the device. Logic low disables the device
                ^
/home/ec2-user/arduino-testlib/cli-datadir/user/libraries/RAKwireless_MQx_library/examples/RAK12004_MQ2_Sampling/RAK12004_MQ2_Sampling.ino:24:10: note: in expansion of macro &#39;EN_PIN&#39;
  pinMode(EN_PIN, OUTPUT);
          ^~~~~~
/home/ec2-user/arduino-testlib/cli-datadir/user/libraries/RAKwireless_MQx_library/examples/RAK12004_MQ2_Sampling/RAK12004_MQ2_Sampling.ino:27:2: error: &#39;time_t&#39; was not declared in this scope
  time_t timeout = millis();
  ^~~~~~
/home/ec2-user/arduino-testlib/cli-datadir/user/libraries/RAKwireless_MQx_library/examples/RAK12004_MQ2_Sampling/RAK12004_MQ2_Sampling.ino:27:2: note: suggested alternative: &#39;size_t&#39;
  time_t timeout = millis();
  ^~~~~~
  size_t
/home/ec2-user/arduino-testlib/cli-datadir/user/libraries/RAKwireless_MQx_library/examples/RAK12004_MQ2_Sampling/RAK12004_MQ2_Sampling.ino:31:19: error: &#39;timeout&#39; was not declared in this scope
   if ((millis() - timeout) &lt; 5000)
                   ^~~~~~~
/home/ec2-user/arduino-testlib/cli-datadir/user/libraries/RAKwireless_MQx_library/examples/RAK12004_MQ2_Sampling/RAK12004_MQ2_Sampling.ino:83:9: error: &#39;class UartClass&#39; has no member named &#39;printf&#39;; did you mean &#39;print&#39;?
  Serial.printf(&#34;R0 Value is:%3.2f\r\n&#34;, MQ2.getR0());
         ^~~~~~
         print
/home/ec2-user/arduino-testlib/cli-datadir/user/libraries/RAKwireless_MQx_library/examples/RAK12004_MQ2_Sampling/RAK12004_MQ2_Sampling.ino: In function &#39;void loop()&#39;:
/home/ec2-user/arduino-testlib/cli-datadir/user/libraries/RAKwireless_MQx_library/examples/RAK12004_MQ2_Sampling/RAK12004_MQ2_Sampling.ino:93:9: error: &#39;class UartClass&#39; has no member named &#39;printf&#39;; did you mean &#39;print&#39;?
  Serial.printf(&#34;sensor PPM Value is: %3.2f\r\n&#34;, sensorPPM);
         ^~~~~~
         print
/home/ec2-user/arduino-testlib/cli-datadir/user/libraries/RAKwireless_MQx_library/examples/RAK12004_MQ2_Sampling/RAK12004_MQ2_Sampling.ino:95:9: error: &#39;class UartClass&#39; has no member named &#39;printf&#39;; did you mean &#39;print&#39;?
  Serial.printf(&#34;PPM percentage Value is:%3.2f%%\r\n&#34;, PPMpercentage);
         ^~~~~~
         print
/home/ec2-user/arduino-testlib/cli-datadir/user/libraries/RAKwireless_MQx_library/examples/RAK12004_MQ2_Sampling/RAK12004_MQ2_Sampling.ino:13:19: error: &#39;WB_IO5&#39; was not declared in this scope
 #define ALERT_PIN WB_IO5 //a high indicates that the respective limit has been violated.
                   ^
/home/ec2-user/arduino-testlib/cli-datadir/user/libraries/RAKwireless_MQx_library/examples/RAK12004_MQ2_Sampling/RAK12004_MQ2_Sampling.ino:100:34: note: in expansion of macro &#39;ALERT_PIN&#39;
  uint8_t PINstatus = digitalRead(ALERT_PIN);
                                  ^~~~~~~~~

</pre>
					
					<h4>examples/RAK12004_MQ2_SmokeDetection</h4>
					<p>
						Result: <b>FAIL</b>
					</p>
					<pre class="pre-scrollable">/home/ec2-user/arduino-testlib/cli-datadir/user/libraries/RAKwireless_MQx_library/examples/RAK12004_MQ2_SmokeDetection/RAK12004_MQ2_SmokeDetection.ino: In function &#39;void setup()&#39;:
/home/ec2-user/arduino-testlib/cli-datadir/user/libraries/RAKwireless_MQx_library/examples/RAK12004_MQ2_SmokeDetection/RAK12004_MQ2_SmokeDetection.ino:22:19: error: &#39;WB_IO5&#39; was not declared in this scope
 #define ALERT_PIN WB_IO5 //a high indicates that the respective limit has been violated.
                   ^
/home/ec2-user/arduino-testlib/cli-datadir/user/libraries/RAKwireless_MQx_library/examples/RAK12004_MQ2_SmokeDetection/RAK12004_MQ2_SmokeDetection.ino:40:10: note: in expansion of macro &#39;ALERT_PIN&#39;
  pinMode(ALERT_PIN, INPUT);
          ^~~~~~~~~
/home/ec2-user/arduino-testlib/cli-datadir/user/libraries/RAKwireless_MQx_library/examples/RAK12004_MQ2_SmokeDetection/RAK12004_MQ2_SmokeDetection.ino:21:16: error: &#39;WB_IO6&#39; was not declared in this scope
 #define EN_PIN WB_IO6  //Logic high enables the device. Logic low disables the device
                ^
/home/ec2-user/arduino-testlib/cli-datadir/user/libraries/RAKwireless_MQx_library/examples/RAK12004_MQ2_SmokeDetection/RAK12004_MQ2_SmokeDetection.ino:41:10: note: in expansion of macro &#39;EN_PIN&#39;
  pinMode(EN_PIN, OUTPUT);
          ^~~~~~
/home/ec2-user/arduino-testlib/cli-datadir/user/libraries/RAKwireless_MQx_library/examples/RAK12004_MQ2_SmokeDetection/RAK12004_MQ2_SmokeDetection.ino:46:2: error: &#39;time_t&#39; was not declared in this scope
  time_t timeout = millis();
  ^~~~~~
/home/ec2-user/arduino-testlib/cli-datadir/user/libraries/RAKwireless_MQx_library/examples/RAK12004_MQ2_SmokeDetection/RAK12004_MQ2_SmokeDetection.ino:46:2: note: suggested alternative: &#39;size_t&#39;
  time_t timeout = millis();
  ^~~~~~
  size_t
/home/ec2-user/arduino-testlib/cli-datadir/user/libraries/RAKwireless_MQx_library/examples/RAK12004_MQ2_SmokeDetection/RAK12004_MQ2_SmokeDetection.ino:50:19: error: &#39;timeout&#39; was not declared in this scope
   if ((millis() - timeout) &lt; 5000)
                   ^~~~~~~
/home/ec2-user/arduino-testlib/cli-datadir/user/libraries/RAKwireless_MQx_library/examples/RAK12004_MQ2_SmokeDetection/RAK12004_MQ2_SmokeDetection.ino:106:9: error: &#39;class UartClass&#39; has no member named &#39;printf&#39;; did you mean &#39;print&#39;?
  Serial.printf(&#34;R0 Value is:%3.2f\r\n&#34;, r0);
         ^~~~~~
         print
/home/ec2-user/arduino-testlib/cli-datadir/user/libraries/RAKwireless_MQx_library/examples/RAK12004_MQ2_SmokeDetection/RAK12004_MQ2_SmokeDetection.ino: In function &#39;void loop()&#39;:
/home/ec2-user/arduino-testlib/cli-datadir/user/libraries/RAKwireless_MQx_library/examples/RAK12004_MQ2_SmokeDetection/RAK12004_MQ2_SmokeDetection.ino:118:9: error: &#39;class UartClass&#39; has no member named &#39;printf&#39;; did you mean &#39;print&#39;?
  Serial.printf(&#34;sensor PPM Value is: %3.2f\r\n&#34;, sensorPPM);
         ^~~~~~
         print
/home/ec2-user/arduino-testlib/cli-datadir/user/libraries/RAKwireless_MQx_library/examples/RAK12004_MQ2_SmokeDetection/RAK12004_MQ2_SmokeDetection.ino:120:9: error: &#39;class UartClass&#39; has no member named &#39;printf&#39;; did you mean &#39;print&#39;?
  Serial.printf(&#34;PPM percentage Value is:%3.2f%%\r\n&#34;, PPMpercentage);
         ^~~~~~
         print
/home/ec2-user/arduino-testlib/cli-datadir/user/libraries/RAKwireless_MQx_library/examples/RAK12004_MQ2_SmokeDetection/RAK12004_MQ2_SmokeDetection.ino:149:3: error: &#39;HwPWM0&#39; was not declared in this scope
   HwPWM0.stop();
   ^~~~~~
/home/ec2-user/arduino-testlib/cli-datadir/user/libraries/RAKwireless_MQx_library/examples/RAK12004_MQ2_SmokeDetection/RAK12004_MQ2_SmokeDetection.ino: In function &#39;void buzzer_init()&#39;:
/home/ec2-user/arduino-testlib/cli-datadir/user/libraries/RAKwireless_MQx_library/examples/RAK12004_MQ2_SmokeDetection/RAK12004_MQ2_SmokeDetection.ino:15:24: error: &#39;WB_IO1&#39; was not declared in this scope
 #define BUZZER_CONTROL WB_IO1
                        ^
/home/ec2-user/arduino-testlib/cli-datadir/user/libraries/RAKwireless_MQx_library/examples/RAK12004_MQ2_SmokeDetection/RAK12004_MQ2_SmokeDetection.ino:175:10: note: in expansion of macro &#39;BUZZER_CONTROL&#39;
  pinMode(BUZZER_CONTROL, OUTPUT);
          ^~~~~~~~~~~~~~
/home/ec2-user/arduino-testlib/cli-datadir/user/libraries/RAKwireless_MQx_library/examples/RAK12004_MQ2_SmokeDetection/RAK12004_MQ2_SmokeDetection.ino:15:24: note: suggested alternative: &#39;GPIO1&#39;
 #define BUZZER_CONTROL WB_IO1
                        ^
/home/ec2-user/arduino-testlib/cli-datadir/user/libraries/RAKwireless_MQx_library/examples/RAK12004_MQ2_SmokeDetection/RAK12004_MQ2_SmokeDetection.ino:175:10: note: in expansion of macro &#39;BUZZER_CONTROL&#39;
  pinMode(BUZZER_CONTROL, OUTPUT);
          ^~~~~~~~~~~~~~
/home/ec2-user/arduino-testlib/cli-datadir/user/libraries/RAKwireless_MQx_library/examples/RAK12004_MQ2_SmokeDetection/RAK12004_MQ2_SmokeDetection.ino:176:2: error: &#39;HwPWM0&#39; was not declared in this scope
  HwPWM0.addPin(BUZZER_CONTROL);
  ^~~~~~
/home/ec2-user/arduino-testlib/cli-datadir/user/libraries/RAKwireless_MQx_library/examples/RAK12004_MQ2_SmokeDetection/RAK12004_MQ2_SmokeDetection.ino: In function &#39;void buzzer(long unsigned int)&#39;:
/home/ec2-user/arduino-testlib/cli-datadir/user/libraries/RAKwireless_MQx_library/examples/RAK12004_MQ2_SmokeDetection/RAK12004_MQ2_SmokeDetection.ino:188:2: error: &#39;HwPWM0&#39; was not declared in this scope
  HwPWM0.setMaxValue(pwm_period); // set max value = 16000000/pwm_frequency - 1
  ^~~~~~
/home/ec2-user/arduino-testlib/cli-datadir/user/libraries/RAKwireless_MQx_library/examples/RAK12004_MQ2_SmokeDetection/RAK12004_MQ2_SmokeDetection.ino:15:24: error: &#39;WB_IO1&#39; was not declared in this scope
 #define BUZZER_CONTROL WB_IO1
                        ^
/home/ec2-user/arduino-testlib/cli-datadir/user/libraries/RAKwireless_MQx_library/examples/RAK12004_MQ2_SmokeDetection/RAK12004_MQ2_SmokeDetection.ino:189:18: note: in expansion of macro &#39;BUZZER_CONTROL&#39;
  HwPWM0.writePin(BUZZER_CONTROL, duty, false);
                  ^~~~~~~~~~~~~~
/home/ec2-user/arduino-testlib/cli-datadir/user/libraries/RAKwireless_MQx_library/examples/RAK12004_MQ2_SmokeDetection/RAK12004_MQ2_SmokeDetection.ino:15:24: note: suggested alternative: &#39;GPIO1&#39;
 #define BUZZER_CONTROL WB_IO1
                        ^
/home/ec2-user/arduino-testlib/cli-datadir/user/libraries/RAKwireless_MQx_library/examples/RAK12004_MQ2_SmokeDetection/RAK12004_MQ2_SmokeDetection.ino:189:18: note: in expansion of macro &#39;BUZZER_CONTROL&#39;
  HwPWM0.writePin(BUZZER_CONTROL, duty, false);
                  ^~~~~~~~~~~~~~

</pre>
					
					<h4>examples/RAK12004_MQ2_read</h4>
					<p>
						Result: <b>FAIL</b>
					</p>
					<pre class="pre-scrollable">/home/ec2-user/arduino-testlib/cli-datadir/user/libraries/RAKwireless_MQx_library/examples/RAK12004_MQ2_read/RAK12004_MQ2_read.ino: In function &#39;void setup()&#39;:
/home/ec2-user/arduino-testlib/cli-datadir/user/libraries/RAKwireless_MQx_library/examples/RAK12004_MQ2_read/RAK12004_MQ2_read.ino:14:19: error: &#39;WB_IO5&#39; was not declared in this scope
 #define ALERT_PIN WB_IO5 //a high indicates that the respective limit has been violated.
                   ^
/home/ec2-user/arduino-testlib/cli-datadir/user/libraries/RAKwireless_MQx_library/examples/RAK12004_MQ2_read/RAK12004_MQ2_read.ino:31:10: note: in expansion of macro &#39;ALERT_PIN&#39;
  pinMode(ALERT_PIN, INPUT);
          ^~~~~~~~~
/home/ec2-user/arduino-testlib/cli-datadir/user/libraries/RAKwireless_MQx_library/examples/RAK12004_MQ2_read/RAK12004_MQ2_read.ino:13:16: error: &#39;WB_IO6&#39; was not declared in this scope
 #define EN_PIN WB_IO6  //Logic high enables the device. Logic low disables the device
                ^
/home/ec2-user/arduino-testlib/cli-datadir/user/libraries/RAKwireless_MQx_library/examples/RAK12004_MQ2_read/RAK12004_MQ2_read.ino:32:10: note: in expansion of macro &#39;EN_PIN&#39;
  pinMode(EN_PIN, OUTPUT);
          ^~~~~~
/home/ec2-user/arduino-testlib/cli-datadir/user/libraries/RAKwireless_MQx_library/examples/RAK12004_MQ2_read/RAK12004_MQ2_read.ino:35:2: error: &#39;time_t&#39; was not declared in this scope
  time_t timeout = millis();
  ^~~~~~
/home/ec2-user/arduino-testlib/cli-datadir/user/libraries/RAKwireless_MQx_library/examples/RAK12004_MQ2_read/RAK12004_MQ2_read.ino:35:2: note: suggested alternative: &#39;size_t&#39;
  time_t timeout = millis();
  ^~~~~~
  size_t
/home/ec2-user/arduino-testlib/cli-datadir/user/libraries/RAKwireless_MQx_library/examples/RAK12004_MQ2_read/RAK12004_MQ2_read.ino:39:19: error: &#39;timeout&#39; was not declared in this scope
   if ((millis() - timeout) &lt; 5000)
                   ^~~~~~~
/home/ec2-user/arduino-testlib/cli-datadir/user/libraries/RAKwireless_MQx_library/examples/RAK12004_MQ2_read/RAK12004_MQ2_read.ino:98:9: error: &#39;class UartClass&#39; has no member named &#39;printf&#39;; did you mean &#39;print&#39;?
  Serial.printf(&#34;R0 Value is:%3.2f\r\n&#34;, r0);
         ^~~~~~
         print
/home/ec2-user/arduino-testlib/cli-datadir/user/libraries/RAKwireless_MQx_library/examples/RAK12004_MQ2_read/RAK12004_MQ2_read.ino: In function &#39;void loop()&#39;:
/home/ec2-user/arduino-testlib/cli-datadir/user/libraries/RAKwireless_MQx_library/examples/RAK12004_MQ2_read/RAK12004_MQ2_read.ino:110:9: error: &#39;class UartClass&#39; has no member named &#39;printf&#39;; did you mean &#39;print&#39;?
  Serial.printf(&#34;sensor PPM Value is: %3.2f\r\n&#34;, sensorPPM);
         ^~~~~~
         print
/home/ec2-user/arduino-testlib/cli-datadir/user/libraries/RAKwireless_MQx_library/examples/RAK12004_MQ2_read/RAK12004_MQ2_read.ino:112:9: error: &#39;class UartClass&#39; has no member named &#39;printf&#39;; did you mean &#39;print&#39;?
  Serial.printf(&#34;PPM percentage Value is:%3.2f%%\r\n&#34;, PPMpercentage);
         ^~~~~~
         print

</pre>
					
					<h4>examples/RAK12009_MQ3_AlcoholDetection</h4>
					<p>
						Result: <b>FAIL</b>
					</p>
					<pre class="pre-scrollable">/home/ec2-user/arduino-testlib/cli-datadir/user/libraries/RAKwireless_MQx_library/examples/RAK12009_MQ3_AlcoholDetection/RAK12009_MQ3_AlcoholDetection.ino: In function &#39;void setup()&#39;:
/home/ec2-user/arduino-testlib/cli-datadir/user/libraries/RAKwireless_MQx_library/examples/RAK12009_MQ3_AlcoholDetection/RAK12009_MQ3_AlcoholDetection.ino:14:19: error: &#39;WB_IO5&#39; was not declared in this scope
 #define ALERT_PIN WB_IO5 //a high indicates that the respective limit has been violated.
                   ^
/home/ec2-user/arduino-testlib/cli-datadir/user/libraries/RAKwireless_MQx_library/examples/RAK12009_MQ3_AlcoholDetection/RAK12009_MQ3_AlcoholDetection.ino:31:10: note: in expansion of macro &#39;ALERT_PIN&#39;
  pinMode(ALERT_PIN, INPUT);
          ^~~~~~~~~
/home/ec2-user/arduino-testlib/cli-datadir/user/libraries/RAKwireless_MQx_library/examples/RAK12009_MQ3_AlcoholDetection/RAK12009_MQ3_AlcoholDetection.ino:13:16: error: &#39;WB_IO6&#39; was not declared in this scope
 #define EN_PIN WB_IO6  //Logic high enables the device. Logic low disables the device
                ^
/home/ec2-user/arduino-testlib/cli-datadir/user/libraries/RAKwireless_MQx_library/examples/RAK12009_MQ3_AlcoholDetection/RAK12009_MQ3_AlcoholDetection.ino:32:10: note: in expansion of macro &#39;EN_PIN&#39;
  pinMode(EN_PIN, OUTPUT);
          ^~~~~~
/home/ec2-user/arduino-testlib/cli-datadir/user/libraries/RAKwireless_MQx_library/examples/RAK12009_MQ3_AlcoholDetection/RAK12009_MQ3_AlcoholDetection.ino:35:2: error: &#39;time_t&#39; was not declared in this scope
  time_t timeout = millis();
  ^~~~~~
/home/ec2-user/arduino-testlib/cli-datadir/user/libraries/RAKwireless_MQx_library/examples/RAK12009_MQ3_AlcoholDetection/RAK12009_MQ3_AlcoholDetection.ino:35:2: note: suggested alternative: &#39;size_t&#39;
  time_t timeout = millis();
  ^~~~~~
  size_t
/home/ec2-user/arduino-testlib/cli-datadir/user/libraries/RAKwireless_MQx_library/examples/RAK12009_MQ3_AlcoholDetection/RAK12009_MQ3_AlcoholDetection.ino:39:19: error: &#39;timeout&#39; was not declared in this scope
   if ((millis() - timeout) &lt; 5000)
                   ^~~~~~~
/home/ec2-user/arduino-testlib/cli-datadir/user/libraries/RAKwireless_MQx_library/examples/RAK12009_MQ3_AlcoholDetection/RAK12009_MQ3_AlcoholDetection.ino: In function &#39;void loop()&#39;:
/home/ec2-user/arduino-testlib/cli-datadir/user/libraries/RAKwireless_MQx_library/examples/RAK12009_MQ3_AlcoholDetection/RAK12009_MQ3_AlcoholDetection.ino:106:9: error: &#39;class UartClass&#39; has no member named &#39;printf&#39;; did you mean &#39;print&#39;?
  Serial.printf(&#34;sensor PPM Value is: %3.2f\r\n&#34;, sensorPPM);
         ^~~~~~
         print
/home/ec2-user/arduino-testlib/cli-datadir/user/libraries/RAKwireless_MQx_library/examples/RAK12009_MQ3_AlcoholDetection/RAK12009_MQ3_AlcoholDetection.ino:108:9: error: &#39;class UartClass&#39; has no member named &#39;printf&#39;; did you mean &#39;print&#39;?
  Serial.printf(&#34;PPM percentage Value is:%3.2f%%\r\n&#34;, PPMpercentage);
         ^~~~~~
         print

</pre>
					
				
				<h3 id="arduino:samd:mkrwifi1010">arduino:samd:mkrwifi1010 @ 1.8.12</h3>
				<h4>Inclusion</h4>
				<p>
					Result: <b>PASS</b>
					
					<br />This library has no main header file so an empty one was created.
					
				</p>
				<pre class="pre-scrollable">Sketch uses 13588 bytes (5%) of program storage space. Maximum is 262144 bytes.
Global variables use 3568 bytes (10%) of dynamic memory, leaving 29200 bytes for local variables. Maximum is 32768 bytes.
</pre>

					
					<h4>examples/RAK12004_MQ2_Sampling</h4>
					<p>
						Result: <b>FAIL</b>
					</p>
					<pre class="pre-scrollable">/home/ec2-user/arduino-testlib/cli-datadir/user/libraries/RAKwireless_MQx_library/examples/RAK12004_MQ2_Sampling/RAK12004_MQ2_Sampling.ino: In function &#39;void setup()&#39;:
/home/ec2-user/arduino-testlib/cli-datadir/user/libraries/RAKwireless_MQx_library/examples/RAK12004_MQ2_Sampling/RAK12004_MQ2_Sampling.ino:13:19: error: &#39;WB_IO5&#39; was not declared in this scope
 #define ALERT_PIN WB_IO5 //a high indicates that the respective limit has been violated.
                   ^
/home/ec2-user/arduino-testlib/cli-datadir/user/libraries/RAKwireless_MQx_library/examples/RAK12004_MQ2_Sampling/RAK12004_MQ2_Sampling.ino:23:10: note: in expansion of macro &#39;ALERT_PIN&#39;
  pinMode(ALERT_PIN, INPUT);
          ^~~~~~~~~
/home/ec2-user/arduino-testlib/cli-datadir/user/libraries/RAKwireless_MQx_library/examples/RAK12004_MQ2_Sampling/RAK12004_MQ2_Sampling.ino:13:19: note: suggested alternative: &#39;__IOM&#39;
 #define ALERT_PIN WB_IO5 //a high indicates that the respective limit has been violated.
                   ^
/home/ec2-user/arduino-testlib/cli-datadir/user/libraries/RAKwireless_MQx_library/examples/RAK12004_MQ2_Sampling/RAK12004_MQ2_Sampling.ino:23:10: note: in expansion of macro &#39;ALERT_PIN&#39;
  pinMode(ALERT_PIN, INPUT);
          ^~~~~~~~~
/home/ec2-user/arduino-testlib/cli-datadir/user/libraries/RAKwireless_MQx_library/examples/RAK12004_MQ2_Sampling/RAK12004_MQ2_Sampling.ino:12:16: error: &#39;WB_IO6&#39; was not declared in this scope
 #define EN_PIN WB_IO6  //Logic high enables the device. Logic low disables the device
                ^
/home/ec2-user/arduino-testlib/cli-datadir/user/libraries/RAKwireless_MQx_library/examples/RAK12004_MQ2_Sampling/RAK12004_MQ2_Sampling.ino:24:10: note: in expansion of macro &#39;EN_PIN&#39;
  pinMode(EN_PIN, OUTPUT);
          ^~~~~~
/home/ec2-user/arduino-testlib/cli-datadir/user/libraries/RAKwireless_MQx_library/examples/RAK12004_MQ2_Sampling/RAK12004_MQ2_Sampling.ino:12:16: note: suggested alternative: &#39;__IOM&#39;
 #define EN_PIN WB_IO6  //Logic high enables the device. Logic low disables the device
                ^
/home/ec2-user/arduino-testlib/cli-datadir/user/libraries/RAKwireless_MQx_library/examples/RAK12004_MQ2_Sampling/RAK12004_MQ2_Sampling.ino:24:10: note: in expansion of macro &#39;EN_PIN&#39;
  pinMode(EN_PIN, OUTPUT);
          ^~~~~~
/home/ec2-user/arduino-testlib/cli-datadir/user/libraries/RAKwireless_MQx_library/examples/RAK12004_MQ2_Sampling/RAK12004_MQ2_Sampling.ino:83:9: error: &#39;class Serial_&#39; has no member named &#39;printf&#39;; did you mean &#39;print&#39;?
  Serial.printf(&#34;R0 Value is:%3.2f\r\n&#34;, MQ2.getR0());
         ^~~~~~
         print
/home/ec2-user/arduino-testlib/cli-datadir/user/libraries/RAKwireless_MQx_library/examples/RAK12004_MQ2_Sampling/RAK12004_MQ2_Sampling.ino: In function &#39;void loop()&#39;:
/home/ec2-user/arduino-testlib/cli-datadir/user/libraries/RAKwireless_MQx_library/examples/RAK12004_MQ2_Sampling/RAK12004_MQ2_Sampling.ino:93:9: error: &#39;class Serial_&#39; has no member named &#39;printf&#39;; did you mean &#39;print&#39;?
  Serial.printf(&#34;sensor PPM Value is: %3.2f\r\n&#34;, sensorPPM);
         ^~~~~~
         print
/home/ec2-user/arduino-testlib/cli-datadir/user/libraries/RAKwireless_MQx_library/examples/RAK12004_MQ2_Sampling/RAK12004_MQ2_Sampling.ino:95:9: error: &#39;class Serial_&#39; has no member named &#39;printf&#39;; did you mean &#39;print&#39;?
  Serial.printf(&#34;PPM percentage Value is:%3.2f%%\r\n&#34;, PPMpercentage);
         ^~~~~~
         print
/home/ec2-user/arduino-testlib/cli-datadir/user/libraries/RAKwireless_MQx_library/examples/RAK12004_MQ2_Sampling/RAK12004_MQ2_Sampling.ino:13:19: error: &#39;WB_IO5&#39; was not declared in this scope
 #define ALERT_PIN WB_IO5 //a high indicates that the respective limit has been violated.
                   ^
/home/ec2-user/arduino-testlib/cli-datadir/user/libraries/RAKwireless_MQx_library/examples/RAK12004_MQ2_Sampling/RAK12004_MQ2_Sampling.ino:100:34: note: in expansion of macro &#39;ALERT_PIN&#39;
  uint8_t PINstatus = digitalRead(ALERT_PIN);
                                  ^~~~~~~~~
/home/ec2-user/arduino-testlib/cli-datadir/user/libraries/RAKwireless_MQx_library/examples/RAK12004_MQ2_Sampling/RAK12004_MQ2_Sampling.ino:13:19: note: suggested alternative: &#39;__IOM&#39;
 #define ALERT_PIN WB_IO5 //a high indicates that the respective limit has been violated.
                   ^
/home/ec2-user/arduino-testlib/cli-datadir/user/libraries/RAKwireless_MQx_library/examples/RAK12004_MQ2_Sampling/RAK12004_MQ2_Sampling.ino:100:34: note: in expansion of macro &#39;ALERT_PIN&#39;
  uint8_t PINstatus = digitalRead(ALERT_PIN);
                                  ^~~~~~~~~

</pre>
					
					<h4>examples/RAK12004_MQ2_SmokeDetection</h4>
					<p>
						Result: <b>FAIL</b>
					</p>
					<pre class="pre-scrollable">/home/ec2-user/arduino-testlib/cli-datadir/user/libraries/RAKwireless_MQx_library/examples/RAK12004_MQ2_SmokeDetection/RAK12004_MQ2_SmokeDetection.ino: In function &#39;void setup()&#39;:
/home/ec2-user/arduino-testlib/cli-datadir/user/libraries/RAKwireless_MQx_library/examples/RAK12004_MQ2_SmokeDetection/RAK12004_MQ2_SmokeDetection.ino:22:19: error: &#39;WB_IO5&#39; was not declared in this scope
 #define ALERT_PIN WB_IO5 //a high indicates that the respective limit has been violated.
                   ^
/home/ec2-user/arduino-testlib/cli-datadir/user/libraries/RAKwireless_MQx_library/examples/RAK12004_MQ2_SmokeDetection/RAK12004_MQ2_SmokeDetection.ino:40:10: note: in expansion of macro &#39;ALERT_PIN&#39;
  pinMode(ALERT_PIN, INPUT);
          ^~~~~~~~~
/home/ec2-user/arduino-testlib/cli-datadir/user/libraries/RAKwireless_MQx_library/examples/RAK12004_MQ2_SmokeDetection/RAK12004_MQ2_SmokeDetection.ino:22:19: note: suggested alternative: &#39;__IO&#39;
 #define ALERT_PIN WB_IO5 //a high indicates that the respective limit has been violated.
                   ^
/home/ec2-user/arduino-testlib/cli-datadir/user/libraries/RAKwireless_MQx_library/examples/RAK12004_MQ2_SmokeDetection/RAK12004_MQ2_SmokeDetection.ino:40:10: note: in expansion of macro &#39;ALERT_PIN&#39;
  pinMode(ALERT_PIN, INPUT);
          ^~~~~~~~~
/home/ec2-user/arduino-testlib/cli-datadir/user/libraries/RAKwireless_MQx_library/examples/RAK12004_MQ2_SmokeDetection/RAK12004_MQ2_SmokeDetection.ino:21:16: error: &#39;WB_IO6&#39; was not declared in this scope
 #define EN_PIN WB_IO6  //Logic high enables the device. Logic low disables the device
                ^
/home/ec2-user/arduino-testlib/cli-datadir/user/libraries/RAKwireless_MQx_library/examples/RAK12004_MQ2_SmokeDetection/RAK12004_MQ2_SmokeDetection.ino:41:10: note: in expansion of macro &#39;EN_PIN&#39;
  pinMode(EN_PIN, OUTPUT);
          ^~~~~~
/home/ec2-user/arduino-testlib/cli-datadir/user/libraries/RAKwireless_MQx_library/examples/RAK12004_MQ2_SmokeDetection/RAK12004_MQ2_SmokeDetection.ino:21:16: note: suggested alternative: &#39;__IO&#39;
 #define EN_PIN WB_IO6  //Logic high enables the device. Logic low disables the device
                ^
/home/ec2-user/arduino-testlib/cli-datadir/user/libraries/RAKwireless_MQx_library/examples/RAK12004_MQ2_SmokeDetection/RAK12004_MQ2_SmokeDetection.ino:41:10: note: in expansion of macro &#39;EN_PIN&#39;
  pinMode(EN_PIN, OUTPUT);
          ^~~~~~
/home/ec2-user/arduino-testlib/cli-datadir/user/libraries/RAKwireless_MQx_library/examples/RAK12004_MQ2_SmokeDetection/RAK12004_MQ2_SmokeDetection.ino:106:9: error: &#39;class Serial_&#39; has no member named &#39;printf&#39;; did you mean &#39;print&#39;?
  Serial.printf(&#34;R0 Value is:%3.2f\r\n&#34;, r0);
         ^~~~~~
         print
/home/ec2-user/arduino-testlib/cli-datadir/user/libraries/RAKwireless_MQx_library/examples/RAK12004_MQ2_SmokeDetection/RAK12004_MQ2_SmokeDetection.ino: In function &#39;void loop()&#39;:
/home/ec2-user/arduino-testlib/cli-datadir/user/libraries/RAKwireless_MQx_library/examples/RAK12004_MQ2_SmokeDetection/RAK12004_MQ2_SmokeDetection.ino:118:9: error: &#39;class Serial_&#39; has no member named &#39;printf&#39;; did you mean &#39;print&#39;?
  Serial.printf(&#34;sensor PPM Value is: %3.2f\r\n&#34;, sensorPPM);
         ^~~~~~
         print
/home/ec2-user/arduino-testlib/cli-datadir/user/libraries/RAKwireless_MQx_library/examples/RAK12004_MQ2_SmokeDetection/RAK12004_MQ2_SmokeDetection.ino:120:9: error: &#39;class Serial_&#39; has no member named &#39;printf&#39;; did you mean &#39;print&#39;?
  Serial.printf(&#34;PPM percentage Value is:%3.2f%%\r\n&#34;, PPMpercentage);
         ^~~~~~
         print
/home/ec2-user/arduino-testlib/cli-datadir/user/libraries/RAKwireless_MQx_library/examples/RAK12004_MQ2_SmokeDetection/RAK12004_MQ2_SmokeDetection.ino:149:3: error: &#39;HwPWM0&#39; was not declared in this scope
   HwPWM0.stop();
   ^~~~~~
/home/ec2-user/arduino-testlib/cli-datadir/user/libraries/RAKwireless_MQx_library/examples/RAK12004_MQ2_SmokeDetection/RAK12004_MQ2_SmokeDetection.ino: In function &#39;void buzzer_init()&#39;:
/home/ec2-user/arduino-testlib/cli-datadir/user/libraries/RAKwireless_MQx_library/examples/RAK12004_MQ2_SmokeDetection/RAK12004_MQ2_SmokeDetection.ino:15:24: error: &#39;WB_IO1&#39; was not declared in this scope
 #define BUZZER_CONTROL WB_IO1
                        ^
/home/ec2-user/arduino-testlib/cli-datadir/user/libraries/RAKwireless_MQx_library/examples/RAK12004_MQ2_SmokeDetection/RAK12004_MQ2_SmokeDetection.ino:175:10: note: in expansion of macro &#39;BUZZER_CONTROL&#39;
  pinMode(BUZZER_CONTROL, OUTPUT);
          ^~~~~~~~~~~~~~
/home/ec2-user/arduino-testlib/cli-datadir/user/libraries/RAKwireless_MQx_library/examples/RAK12004_MQ2_SmokeDetection/RAK12004_MQ2_SmokeDetection.ino:15:24: note: suggested alternative: &#39;__IO&#39;
 #define BUZZER_CONTROL WB_IO1
                        ^
/home/ec2-user/arduino-testlib/cli-datadir/user/libraries/RAKwireless_MQx_library/examples/RAK12004_MQ2_SmokeDetection/RAK12004_MQ2_SmokeDetection.ino:175:10: note: in expansion of macro &#39;BUZZER_CONTROL&#39;
  pinMode(BUZZER_CONTROL, OUTPUT);
          ^~~~~~~~~~~~~~
/home/ec2-user/arduino-testlib/cli-datadir/user/libraries/RAKwireless_MQx_library/examples/RAK12004_MQ2_SmokeDetection/RAK12004_MQ2_SmokeDetection.ino:176:2: error: &#39;HwPWM0&#39; was not declared in this scope
  HwPWM0.addPin(BUZZER_CONTROL);
  ^~~~~~
/home/ec2-user/arduino-testlib/cli-datadir/user/libraries/RAKwireless_MQx_library/examples/RAK12004_MQ2_SmokeDetection/RAK12004_MQ2_SmokeDetection.ino: In function &#39;void buzzer(long unsigned int)&#39;:
/home/ec2-user/arduino-testlib/cli-datadir/user/libraries/RAKwireless_MQx_library/examples/RAK12004_MQ2_SmokeDetection/RAK12004_MQ2_SmokeDetection.ino:188:2: error: &#39;HwPWM0&#39; was not declared in this scope
  HwPWM0.setMaxValue(pwm_period); // set max value = 16000000/pwm_frequency - 1
  ^~~~~~
/home/ec2-user/arduino-testlib/cli-datadir/user/libraries/RAKwireless_MQx_library/examples/RAK12004_MQ2_SmokeDetection/RAK12004_MQ2_SmokeDetection.ino:15:24: error: &#39;WB_IO1&#39; was not declared in this scope
 #define BUZZER_CONTROL WB_IO1
                        ^
/home/ec2-user/arduino-testlib/cli-datadir/user/libraries/RAKwireless_MQx_library/examples/RAK12004_MQ2_SmokeDetection/RAK12004_MQ2_SmokeDetection.ino:189:18: note: in expansion of macro &#39;BUZZER_CONTROL&#39;
  HwPWM0.writePin(BUZZER_CONTROL, duty, false);
                  ^~~~~~~~~~~~~~
/home/ec2-user/arduino-testlib/cli-datadir/user/libraries/RAKwireless_MQx_library/examples/RAK12004_MQ2_SmokeDetection/RAK12004_MQ2_SmokeDetection.ino:15:24: note: suggested alternative: &#39;__IO&#39;
 #define BUZZER_CONTROL WB_IO1
                        ^
/home/ec2-user/arduino-testlib/cli-datadir/user/libraries/RAKwireless_MQx_library/examples/RAK12004_MQ2_SmokeDetection/RAK12004_MQ2_SmokeDetection.ino:189:18: note: in expansion of macro &#39;BUZZER_CONTROL&#39;
  HwPWM0.writePin(BUZZER_CONTROL, duty, false);
                  ^~~~~~~~~~~~~~

</pre>
					
					<h4>examples/RAK12004_MQ2_read</h4>
					<p>
						Result: <b>FAIL</b>
					</p>
					<pre class="pre-scrollable">/home/ec2-user/arduino-testlib/cli-datadir/user/libraries/RAKwireless_MQx_library/examples/RAK12004_MQ2_read/RAK12004_MQ2_read.ino: In function &#39;void setup()&#39;:
/home/ec2-user/arduino-testlib/cli-datadir/user/libraries/RAKwireless_MQx_library/examples/RAK12004_MQ2_read/RAK12004_MQ2_read.ino:14:19: error: &#39;WB_IO5&#39; was not declared in this scope
 #define ALERT_PIN WB_IO5 //a high indicates that the respective limit has been violated.
                   ^
/home/ec2-user/arduino-testlib/cli-datadir/user/libraries/RAKwireless_MQx_library/examples/RAK12004_MQ2_read/RAK12004_MQ2_read.ino:31:10: note: in expansion of macro &#39;ALERT_PIN&#39;
  pinMode(ALERT_PIN, INPUT);
          ^~~~~~~~~
/home/ec2-user/arduino-testlib/cli-datadir/user/libraries/RAKwireless_MQx_library/examples/RAK12004_MQ2_read/RAK12004_MQ2_read.ino:14:19: note: suggested alternative: &#39;__IO&#39;
 #define ALERT_PIN WB_IO5 //a high indicates that the respective limit has been violated.
                   ^
/home/ec2-user/arduino-testlib/cli-datadir/user/libraries/RAKwireless_MQx_library/examples/RAK12004_MQ2_read/RAK12004_MQ2_read.ino:31:10: note: in expansion of macro &#39;ALERT_PIN&#39;
  pinMode(ALERT_PIN, INPUT);
          ^~~~~~~~~
/home/ec2-user/arduino-testlib/cli-datadir/user/libraries/RAKwireless_MQx_library/examples/RAK12004_MQ2_read/RAK12004_MQ2_read.ino:13:16: error: &#39;WB_IO6&#39; was not declared in this scope
 #define EN_PIN WB_IO6  //Logic high enables the device. Logic low disables the device
                ^
/home/ec2-user/arduino-testlib/cli-datadir/user/libraries/RAKwireless_MQx_library/examples/RAK12004_MQ2_read/RAK12004_MQ2_read.ino:32:10: note: in expansion of macro &#39;EN_PIN&#39;
  pinMode(EN_PIN, OUTPUT);
          ^~~~~~
/home/ec2-user/arduino-testlib/cli-datadir/user/libraries/RAKwireless_MQx_library/examples/RAK12004_MQ2_read/RAK12004_MQ2_read.ino:13:16: note: suggested alternative: &#39;__IO&#39;
 #define EN_PIN WB_IO6  //Logic high enables the device. Logic low disables the device
                ^
/home/ec2-user/arduino-testlib/cli-datadir/user/libraries/RAKwireless_MQx_library/examples/RAK12004_MQ2_read/RAK12004_MQ2_read.ino:32:10: note: in expansion of macro &#39;EN_PIN&#39;
  pinMode(EN_PIN, OUTPUT);
          ^~~~~~
/home/ec2-user/arduino-testlib/cli-datadir/user/libraries/RAKwireless_MQx_library/examples/RAK12004_MQ2_read/RAK12004_MQ2_read.ino:98:9: error: &#39;class Serial_&#39; has no member named &#39;printf&#39;; did you mean &#39;print&#39;?
  Serial.printf(&#34;R0 Value is:%3.2f\r\n&#34;, r0);
         ^~~~~~
         print
/home/ec2-user/arduino-testlib/cli-datadir/user/libraries/RAKwireless_MQx_library/examples/RAK12004_MQ2_read/RAK12004_MQ2_read.ino: In function &#39;void loop()&#39;:
/home/ec2-user/arduino-testlib/cli-datadir/user/libraries/RAKwireless_MQx_library/examples/RAK12004_MQ2_read/RAK12004_MQ2_read.ino:110:9: error: &#39;class Serial_&#39; has no member named &#39;printf&#39;; did you mean &#39;print&#39;?
  Serial.printf(&#34;sensor PPM Value is: %3.2f\r\n&#34;, sensorPPM);
         ^~~~~~
         print
/home/ec2-user/arduino-testlib/cli-datadir/user/libraries/RAKwireless_MQx_library/examples/RAK12004_MQ2_read/RAK12004_MQ2_read.ino:112:9: error: &#39;class Serial_&#39; has no member named &#39;printf&#39;; did you mean &#39;print&#39;?
  Serial.printf(&#34;PPM percentage Value is:%3.2f%%\r\n&#34;, PPMpercentage);
         ^~~~~~
         print

</pre>
					
					<h4>examples/RAK12009_MQ3_AlcoholDetection</h4>
					<p>
						Result: <b>FAIL</b>
					</p>
					<pre class="pre-scrollable">/home/ec2-user/arduino-testlib/cli-datadir/user/libraries/RAKwireless_MQx_library/examples/RAK12009_MQ3_AlcoholDetection/RAK12009_MQ3_AlcoholDetection.ino: In function &#39;void setup()&#39;:
/home/ec2-user/arduino-testlib/cli-datadir/user/libraries/RAKwireless_MQx_library/examples/RAK12009_MQ3_AlcoholDetection/RAK12009_MQ3_AlcoholDetection.ino:14:19: error: &#39;WB_IO5&#39; was not declared in this scope
 #define ALERT_PIN WB_IO5 //a high indicates that the respective limit has been violated.
                   ^
/home/ec2-user/arduino-testlib/cli-datadir/user/libraries/RAKwireless_MQx_library/examples/RAK12009_MQ3_AlcoholDetection/RAK12009_MQ3_AlcoholDetection.ino:31:10: note: in expansion of macro &#39;ALERT_PIN&#39;
  pinMode(ALERT_PIN, INPUT);
          ^~~~~~~~~
/home/ec2-user/arduino-testlib/cli-datadir/user/libraries/RAKwireless_MQx_library/examples/RAK12009_MQ3_AlcoholDetection/RAK12009_MQ3_AlcoholDetection.ino:14:19: note: suggested alternative: &#39;__IO&#39;
 #define ALERT_PIN WB_IO5 //a high indicates that the respective limit has been violated.
                   ^
/home/ec2-user/arduino-testlib/cli-datadir/user/libraries/RAKwireless_MQx_library/examples/RAK12009_MQ3_AlcoholDetection/RAK12009_MQ3_AlcoholDetection.ino:31:10: note: in expansion of macro &#39;ALERT_PIN&#39;
  pinMode(ALERT_PIN, INPUT);
          ^~~~~~~~~
/home/ec2-user/arduino-testlib/cli-datadir/user/libraries/RAKwireless_MQx_library/examples/RAK12009_MQ3_AlcoholDetection/RAK12009_MQ3_AlcoholDetection.ino:13:16: error: &#39;WB_IO6&#39; was not declared in this scope
 #define EN_PIN WB_IO6  //Logic high enables the device. Logic low disables the device
                ^
/home/ec2-user/arduino-testlib/cli-datadir/user/libraries/RAKwireless_MQx_library/examples/RAK12009_MQ3_AlcoholDetection/RAK12009_MQ3_AlcoholDetection.ino:32:10: note: in expansion of macro &#39;EN_PIN&#39;
  pinMode(EN_PIN, OUTPUT);
          ^~~~~~
/home/ec2-user/arduino-testlib/cli-datadir/user/libraries/RAKwireless_MQx_library/examples/RAK12009_MQ3_AlcoholDetection/RAK12009_MQ3_AlcoholDetection.ino:13:16: note: suggested alternative: &#39;__IO&#39;
 #define EN_PIN WB_IO6  //Logic high enables the device. Logic low disables the device
                ^
/home/ec2-user/arduino-testlib/cli-datadir/user/libraries/RAKwireless_MQx_library/examples/RAK12009_MQ3_AlcoholDetection/RAK12009_MQ3_AlcoholDetection.ino:32:10: note: in expansion of macro &#39;EN_PIN&#39;
  pinMode(EN_PIN, OUTPUT);
          ^~~~~~
/home/ec2-user/arduino-testlib/cli-datadir/user/libraries/RAKwireless_MQx_library/examples/RAK12009_MQ3_AlcoholDetection/RAK12009_MQ3_AlcoholDetection.ino: In function &#39;void loop()&#39;:
/home/ec2-user/arduino-testlib/cli-datadir/user/libraries/RAKwireless_MQx_library/examples/RAK12009_MQ3_AlcoholDetection/RAK12009_MQ3_AlcoholDetection.ino:106:9: error: &#39;class Serial_&#39; has no member named &#39;printf&#39;; did you mean &#39;print&#39;?
  Serial.printf(&#34;sensor PPM Value is: %3.2f\r\n&#34;, sensorPPM);
         ^~~~~~
         print
/home/ec2-user/arduino-testlib/cli-datadir/user/libraries/RAKwireless_MQx_library/examples/RAK12009_MQ3_AlcoholDetection/RAK12009_MQ3_AlcoholDetection.ino:108:9: error: &#39;class Serial_&#39; has no member named &#39;printf&#39;; did you mean &#39;print&#39;?
  Serial.printf(&#34;PPM percentage Value is:%3.2f%%\r\n&#34;, PPMpercentage);
         ^~~~~~
         print

</pre>
					
				
				<h3 id="esp32:esp32:d1_mini32">esp32:esp32:d1_mini32 @ 1.0.6</h3>
				<h4>Inclusion</h4>
				<p>
					Result: <b>PASS</b>
					
				</p>
				<pre class="pre-scrollable">Sketch uses 203162 bytes (15%) of program storage space. Maximum is 1310720 bytes.
Global variables use 13880 bytes (4%) of dynamic memory, leaving 313800 bytes for local variables. Maximum is 327680 bytes.
In file included from /home/ec2-user/arduino-testlib/cli-datadir/user/libraries/RAKwireless_MQx_library/src/ADC121C021.h:15:0,
                 from /home/ec2-user/arduino-testlib/cli-datadir/user/libraries/RAKwireless_MQx_library/src/ADC121C021.cpp:11:
/home/ec2-user/arduino-testlib/cli-datadir/data/packages/esp32/hardware/esp32/1.0.6/libraries/Wire/src/Wire.h: In member function &#39;uint8_t ADC121C021::readRegister8(uint8_t)&#39;:
/home/ec2-user/arduino-testlib/cli-datadir/data/packages/esp32/hardware/esp32/1.0.6/libraries/Wire/src/Wire.h:103:13: note: candidate 1: uint8_t TwoWire::requestFrom(int, int)
     uint8_t requestFrom(int address, int size);
             ^
/home/ec2-user/arduino-testlib/cli-datadir/data/packages/esp32/hardware/esp32/1.0.6/libraries/Wire/src/Wire.h:101:13: note: candidate 2: uint8_t TwoWire::requestFrom(uint8_t, uint8_t)
     uint8_t requestFrom(uint8_t address, uint8_t size);
             ^
/home/ec2-user/arduino-testlib/cli-datadir/data/packages/esp32/hardware/esp32/1.0.6/libraries/Wire/src/Wire.h: In member function &#39;uint16_t ADC121C021::readRegister16(uint8_t)&#39;:
/home/ec2-user/arduino-testlib/cli-datadir/data/packages/esp32/hardware/esp32/1.0.6/libraries/Wire/src/Wire.h:103:13: note: candidate 1: uint8_t TwoWire::requestFrom(int, int)
     uint8_t requestFrom(int address, int size);
             ^
/home/ec2-user/arduino-testlib/cli-datadir/data/packages/esp32/hardware/esp32/1.0.6/libraries/Wire/src/Wire.h:101:13: note: candidate 2: uint8_t TwoWire::requestFrom(uint8_t, uint8_t)
     uint8_t requestFrom(uint8_t address, uint8_t size);
             ^
/home/ec2-user/arduino-testlib/cli-datadir/data/packages/esp32/hardware/esp32/1.0.6/libraries/Wire/src/Wire.h: In member function &#39;uint8_t ADC121C021::readAlertStatus()&#39;:
/home/ec2-user/arduino-testlib/cli-datadir/data/packages/esp32/hardware/esp32/1.0.6/libraries/Wire/src/Wire.h:103:13: note: candidate 1: uint8_t TwoWire::requestFrom(int, int)
     uint8_t requestFrom(int address, int size);
             ^
/home/ec2-user/arduino-testlib/cli-datadir/data/packages/esp32/hardware/esp32/1.0.6/libraries/Wire/src/Wire.h:101:13: note: candidate 2: uint8_t TwoWire::requestFrom(uint8_t, uint8_t)
     uint8_t requestFrom(uint8_t address, uint8_t size);
             ^
/home/ec2-user/arduino-testlib/cli-datadir/data/packages/esp32/hardware/esp32/1.0.6/libraries/Wire/src/Wire.h:103:13: note: candidate 1: uint8_t TwoWire::requestFrom(int, int)
     uint8_t requestFrom(int address, int size);
             ^
/home/ec2-user/arduino-testlib/cli-datadir/data/packages/esp32/hardware/esp32/1.0.6/libraries/Wire/src/Wire.h:101:13: note: candidate 2: uint8_t TwoWire::requestFrom(uint8_t, uint8_t)
     uint8_t requestFrom(uint8_t address, uint8_t size);
             ^
/home/ec2-user/arduino-testlib/cli-datadir/data/packages/esp32/hardware/esp32/1.0.6/libraries/Wire/src/Wire.h: In member function &#39;uint8_t ADC121C021::readConfigRegister()&#39;:
/home/ec2-user/arduino-testlib/cli-datadir/data/packages/esp32/hardware/esp32/1.0.6/libraries/Wire/src/Wire.h:103:13: note: candidate 1: uint8_t TwoWire::requestFrom(int, int)
     uint8_t requestFrom(int address, int size);
             ^
/home/ec2-user/arduino-testlib/cli-datadir/data/packages/esp32/hardware/esp32/1.0.6/libraries/Wire/src/Wire.h:101:13: note: candidate 2: uint8_t TwoWire::requestFrom(uint8_t, uint8_t)
     uint8_t requestFrom(uint8_t address, uint8_t size);
             ^
/home/ec2-user/arduino-testlib/cli-datadir/data/packages/esp32/hardware/esp32/1.0.6/libraries/Wire/src/Wire.h: In member function &#39;uint16_t ADC121C021::getAdcValue()&#39;:
/home/ec2-user/arduino-testlib/cli-datadir/data/packages/esp32/hardware/esp32/1.0.6/libraries/Wire/src/Wire.h:103:13: note: candidate 1: uint8_t TwoWire::requestFrom(int, int)
     uint8_t requestFrom(int address, int size);
             ^
/home/ec2-user/arduino-testlib/cli-datadir/data/packages/esp32/hardware/esp32/1.0.6/libraries/Wire/src/Wire.h:101:13: note: candidate 2: uint8_t TwoWire::requestFrom(uint8_t, uint8_t)
     uint8_t requestFrom(uint8_t address, uint8_t size);
             ^
</pre>

					
					<h4>examples/RAK12004_MQ2_Sampling</h4>
					<p>
						Result: <b>FAIL</b>
					</p>
					<pre class="pre-scrollable">/home/ec2-user/arduino-testlib/cli-datadir/user/libraries/RAKwireless_MQx_library/examples/RAK12004_MQ2_Sampling/RAK12004_MQ2_Sampling.ino: In function &#39;void setup()&#39;:
/home/ec2-user/arduino-testlib/cli-datadir/user/libraries/RAKwireless_MQx_library/examples/RAK12004_MQ2_Sampling/RAK12004_MQ2_Sampling.ino:13:19: error: &#39;WB_IO5&#39; was not declared in this scope
 #define ALERT_PIN WB_IO5 //a high indicates that the respective limit has been violated.
                   ^
/home/ec2-user/arduino-testlib/cli-datadir/user/libraries/RAKwireless_MQx_library/examples/RAK12004_MQ2_Sampling/RAK12004_MQ2_Sampling.ino:23:10: note: in expansion of macro &#39;ALERT_PIN&#39;
  pinMode(ALERT_PIN, INPUT);
          ^
/home/ec2-user/arduino-testlib/cli-datadir/user/libraries/RAKwireless_MQx_library/examples/RAK12004_MQ2_Sampling/RAK12004_MQ2_Sampling.ino:12:16: error: &#39;WB_IO6&#39; was not declared in this scope
 #define EN_PIN WB_IO6  //Logic high enables the device. Logic low disables the device
                ^
/home/ec2-user/arduino-testlib/cli-datadir/user/libraries/RAKwireless_MQx_library/examples/RAK12004_MQ2_Sampling/RAK12004_MQ2_Sampling.ino:24:10: note: in expansion of macro &#39;EN_PIN&#39;
  pinMode(EN_PIN, OUTPUT);
          ^
/home/ec2-user/arduino-testlib/cli-datadir/user/libraries/RAKwireless_MQx_library/examples/RAK12004_MQ2_Sampling/RAK12004_MQ2_Sampling.ino: In function &#39;void loop()&#39;:
/home/ec2-user/arduino-testlib/cli-datadir/user/libraries/RAKwireless_MQx_library/examples/RAK12004_MQ2_Sampling/RAK12004_MQ2_Sampling.ino:13:19: error: &#39;WB_IO5&#39; was not declared in this scope
 #define ALERT_PIN WB_IO5 //a high indicates that the respective limit has been violated.
                   ^
/home/ec2-user/arduino-testlib/cli-datadir/user/libraries/RAKwireless_MQx_library/examples/RAK12004_MQ2_Sampling/RAK12004_MQ2_Sampling.ino:100:34: note: in expansion of macro &#39;ALERT_PIN&#39;
  uint8_t PINstatus = digitalRead(ALERT_PIN);
                                  ^

</pre>
					
					<h4>examples/RAK12004_MQ2_SmokeDetection</h4>
					<p>
						Result: <b>FAIL</b>
					</p>
					<pre class="pre-scrollable">/home/ec2-user/arduino-testlib/cli-datadir/user/libraries/RAKwireless_MQx_library/examples/RAK12004_MQ2_SmokeDetection/RAK12004_MQ2_SmokeDetection.ino: In function &#39;void setup()&#39;:
/home/ec2-user/arduino-testlib/cli-datadir/user/libraries/RAKwireless_MQx_library/examples/RAK12004_MQ2_SmokeDetection/RAK12004_MQ2_SmokeDetection.ino:22:19: error: &#39;WB_IO5&#39; was not declared in this scope
 #define ALERT_PIN WB_IO5 //a high indicates that the respective limit has been violated.
                   ^
/home/ec2-user/arduino-testlib/cli-datadir/user/libraries/RAKwireless_MQx_library/examples/RAK12004_MQ2_SmokeDetection/RAK12004_MQ2_SmokeDetection.ino:40:10: note: in expansion of macro &#39;ALERT_PIN&#39;
  pinMode(ALERT_PIN, INPUT);
          ^
/home/ec2-user/arduino-testlib/cli-datadir/user/libraries/RAKwireless_MQx_library/examples/RAK12004_MQ2_SmokeDetection/RAK12004_MQ2_SmokeDetection.ino:21:16: error: &#39;WB_IO6&#39; was not declared in this scope
 #define EN_PIN WB_IO6  //Logic high enables the device. Logic low disables the device
                ^
/home/ec2-user/arduino-testlib/cli-datadir/user/libraries/RAKwireless_MQx_library/examples/RAK12004_MQ2_SmokeDetection/RAK12004_MQ2_SmokeDetection.ino:41:10: note: in expansion of macro &#39;EN_PIN&#39;
  pinMode(EN_PIN, OUTPUT);
          ^
/home/ec2-user/arduino-testlib/cli-datadir/user/libraries/RAKwireless_MQx_library/examples/RAK12004_MQ2_SmokeDetection/RAK12004_MQ2_SmokeDetection.ino: In function &#39;void loop()&#39;:
/home/ec2-user/arduino-testlib/cli-datadir/user/libraries/RAKwireless_MQx_library/examples/RAK12004_MQ2_SmokeDetection/RAK12004_MQ2_SmokeDetection.ino:149:3: error: &#39;HwPWM0&#39; was not declared in this scope
   HwPWM0.stop();
   ^
/home/ec2-user/arduino-testlib/cli-datadir/user/libraries/RAKwireless_MQx_library/examples/RAK12004_MQ2_SmokeDetection/RAK12004_MQ2_SmokeDetection.ino: In function &#39;void buzzer_init()&#39;:
/home/ec2-user/arduino-testlib/cli-datadir/user/libraries/RAKwireless_MQx_library/examples/RAK12004_MQ2_SmokeDetection/RAK12004_MQ2_SmokeDetection.ino:15:24: error: &#39;WB_IO1&#39; was not declared in this scope
 #define BUZZER_CONTROL WB_IO1
                        ^
/home/ec2-user/arduino-testlib/cli-datadir/user/libraries/RAKwireless_MQx_library/examples/RAK12004_MQ2_SmokeDetection/RAK12004_MQ2_SmokeDetection.ino:175:10: note: in expansion of macro &#39;BUZZER_CONTROL&#39;
  pinMode(BUZZER_CONTROL, OUTPUT);
          ^
/home/ec2-user/arduino-testlib/cli-datadir/user/libraries/RAKwireless_MQx_library/examples/RAK12004_MQ2_SmokeDetection/RAK12004_MQ2_SmokeDetection.ino:176:2: error: &#39;HwPWM0&#39; was not declared in this scope
  HwPWM0.addPin(BUZZER_CONTROL);
  ^
/home/ec2-user/arduino-testlib/cli-datadir/user/libraries/RAKwireless_MQx_library/examples/RAK12004_MQ2_SmokeDetection/RAK12004_MQ2_SmokeDetection.ino: In function &#39;void buzzer(long unsigned int)&#39;:
/home/ec2-user/arduino-testlib/cli-datadir/user/libraries/RAKwireless_MQx_library/examples/RAK12004_MQ2_SmokeDetection/RAK12004_MQ2_SmokeDetection.ino:188:2: error: &#39;HwPWM0&#39; was not declared in this scope
  HwPWM0.setMaxValue(pwm_period); // set max value = 16000000/pwm_frequency - 1
  ^
/home/ec2-user/arduino-testlib/cli-datadir/user/libraries/RAKwireless_MQx_library/examples/RAK12004_MQ2_SmokeDetection/RAK12004_MQ2_SmokeDetection.ino:15:24: error: &#39;WB_IO1&#39; was not declared in this scope
 #define BUZZER_CONTROL WB_IO1
                        ^
/home/ec2-user/arduino-testlib/cli-datadir/user/libraries/RAKwireless_MQx_library/examples/RAK12004_MQ2_SmokeDetection/RAK12004_MQ2_SmokeDetection.ino:189:18: note: in expansion of macro &#39;BUZZER_CONTROL&#39;
  HwPWM0.writePin(BUZZER_CONTROL, duty, false);
                  ^

</pre>
					
					<h4>examples/RAK12004_MQ2_read</h4>
					<p>
						Result: <b>FAIL</b>
					</p>
					<pre class="pre-scrollable">/home/ec2-user/arduino-testlib/cli-datadir/user/libraries/RAKwireless_MQx_library/examples/RAK12004_MQ2_read/RAK12004_MQ2_read.ino: In function &#39;void setup()&#39;:
/home/ec2-user/arduino-testlib/cli-datadir/user/libraries/RAKwireless_MQx_library/examples/RAK12004_MQ2_read/RAK12004_MQ2_read.ino:14:19: error: &#39;WB_IO5&#39; was not declared in this scope
 #define ALERT_PIN WB_IO5 //a high indicates that the respective limit has been violated.
                   ^
/home/ec2-user/arduino-testlib/cli-datadir/user/libraries/RAKwireless_MQx_library/examples/RAK12004_MQ2_read/RAK12004_MQ2_read.ino:31:10: note: in expansion of macro &#39;ALERT_PIN&#39;
  pinMode(ALERT_PIN, INPUT);
          ^
/home/ec2-user/arduino-testlib/cli-datadir/user/libraries/RAKwireless_MQx_library/examples/RAK12004_MQ2_read/RAK12004_MQ2_read.ino:13:16: error: &#39;WB_IO6&#39; was not declared in this scope
 #define EN_PIN WB_IO6  //Logic high enables the device. Logic low disables the device
                ^
/home/ec2-user/arduino-testlib/cli-datadir/user/libraries/RAKwireless_MQx_library/examples/RAK12004_MQ2_read/RAK12004_MQ2_read.ino:32:10: note: in expansion of macro &#39;EN_PIN&#39;
  pinMode(EN_PIN, OUTPUT);
          ^

</pre>
					
					<h4>examples/RAK12009_MQ3_AlcoholDetection</h4>
					<p>
						Result: <b>FAIL</b>
					</p>
					<pre class="pre-scrollable">/home/ec2-user/arduino-testlib/cli-datadir/user/libraries/RAKwireless_MQx_library/examples/RAK12009_MQ3_AlcoholDetection/RAK12009_MQ3_AlcoholDetection.ino: In function &#39;void setup()&#39;:
/home/ec2-user/arduino-testlib/cli-datadir/user/libraries/RAKwireless_MQx_library/examples/RAK12009_MQ3_AlcoholDetection/RAK12009_MQ3_AlcoholDetection.ino:14:19: error: &#39;WB_IO5&#39; was not declared in this scope
 #define ALERT_PIN WB_IO5 //a high indicates that the respective limit has been violated.
                   ^
/home/ec2-user/arduino-testlib/cli-datadir/user/libraries/RAKwireless_MQx_library/examples/RAK12009_MQ3_AlcoholDetection/RAK12009_MQ3_AlcoholDetection.ino:31:10: note: in expansion of macro &#39;ALERT_PIN&#39;
  pinMode(ALERT_PIN, INPUT);
          ^
/home/ec2-user/arduino-testlib/cli-datadir/user/libraries/RAKwireless_MQx_library/examples/RAK12009_MQ3_AlcoholDetection/RAK12009_MQ3_AlcoholDetection.ino:13:16: error: &#39;WB_IO6&#39; was not declared in this scope
 #define EN_PIN WB_IO6  //Logic high enables the device. Logic low disables the device
                ^
/home/ec2-user/arduino-testlib/cli-datadir/user/libraries/RAKwireless_MQx_library/examples/RAK12009_MQ3_AlcoholDetection/RAK12009_MQ3_AlcoholDetection.ino:32:10: note: in expansion of macro &#39;EN_PIN&#39;
  pinMode(EN_PIN, OUTPUT);
          ^

</pre>
					
				
			</div>
		</div>
	</div>
  </body>
</html>
