
<!doctype html>
<html lang="en">
  <head>
    <meta charset="utf-8">
    <meta name="viewport" content="width=device-width, initial-scale=1">
    <link href="https://cdn.jsdelivr.net/npm/bootstrap@5.0.2/dist/css/bootstrap.min.css" rel="stylesheet" integrity="sha384-EVSTQN3/azprG1Anm3QDgpJLIm9Nao0Yz1ztcQTwFspd3yD65VohhpuuCOmLASjC" crossorigin="anonymous">
    <title>arduino-testlib report</title>
	<style>
	.pass { background-color: #00FF00 !important; }
	.fail { background-color: #FF0000 !important; }
	</style>
  </head>
  <body>
	<div class="container">
		<div class="row">
			<div class="col">
				<h1>RemoteDebug - compatibility matrix</h1>
				<p>
					<small>This report was generated on Monday, 21-Feb-22 12:00:25 CET using 
					<a href="https://github.com/alranel/arduino-testlib">arduino-testlib</a>.</small>
				</p>

				<h2>RemoteDebug</h2>
				<p>
					Version: <b>3.0.5</b>
					<br />
					<a href="https://www.arduino.cc/reference/en/libraries/remotedebug/">More details</a>
				</p>

				<h2>Compatibility matrix</h2>
				<table class="table table-bordered">
					<tr>
						<th>Board</th>
						<th>Claims compatibility</th>
						<th>Inclusion</th>
						
						<th><pre>RemoteDebug_Basic</pre></th>
						
						<th><pre>RemoteDebug_Debugger</pre></th>
						
						<th><pre>RemoteDebug_Advanced</pre></th>
						
					</tr>
					
					<tr>
						<td>
							<a href="#arduino%3aavr%3auno"><b>arduino:avr:uno</b></a>
							<br />
							<small>1.8.4</small>
						</td>

						
						
						
							<td>Yes ⚠️</td>
							<td class="fail">FAIL</td>
						
						

						
							
								
									
										
									
										
											
											<td class="fail">FAIL</td>
										
									
										
									
								
							
								
							
								
							
								
							
								
							
						
							
								
									
										
									
										
									
										
											
											<td class="fail">FAIL</td>
										
									
								
							
								
							
								
							
								
							
								
							
						
							
								
									
										
											
											<td class="fail">FAIL</td>
										
									
										
									
										
									
								
							
								
							
								
							
								
							
								
							
						
					</tr>
					
					<tr>
						<td>
							<a href="#arduino%3ambed_nano%3ananorp2040connect"><b>arduino:mbed_nano:nanorp2040connect</b></a>
							<br />
							<small>2.7.2</small>
						</td>

						
						
						
							<td>Yes ⚠️</td>
							<td class="fail">FAIL</td>
						
						

						
							
								
							
								
									
										
									
										
											
											<td class="fail">FAIL</td>
										
									
										
									
								
							
								
							
								
							
								
							
						
							
								
							
								
									
										
									
										
									
										
											
											<td class="fail">FAIL</td>
										
									
								
							
								
							
								
							
								
							
						
							
								
							
								
									
										
											
											<td class="fail">FAIL</td>
										
									
										
									
										
									
								
							
								
							
								
							
								
							
						
					</tr>
					
					<tr>
						<td>
							<a href="#arduino%3amegaavr%3anona4809"><b>arduino:megaavr:nona4809</b></a>
							<br />
							<small>1.8.7</small>
						</td>

						
						
						
							<td>Yes ⚠️</td>
							<td class="fail">FAIL</td>
						
						

						
							
								
							
								
							
								
									
										
									
										
											
											<td class="fail">FAIL</td>
										
									
										
									
								
							
								
							
								
							
						
							
								
							
								
							
								
									
										
									
										
									
										
											
											<td class="fail">FAIL</td>
										
									
								
							
								
							
								
							
						
							
								
							
								
							
								
									
										
											
											<td class="fail">FAIL</td>
										
									
										
									
										
									
								
							
								
							
								
							
						
					</tr>
					
					<tr>
						<td>
							<a href="#arduino%3asamd%3amkrwifi1010"><b>arduino:samd:mkrwifi1010</b></a>
							<br />
							<small>1.8.12</small>
						</td>

						
						
						
							<td>Yes ⚠️</td>
							<td class="fail">FAIL</td>
						
						

						
							
								
							
								
							
								
							
								
									
										
									
										
											
											<td class="fail">FAIL</td>
										
									
										
									
								
							
								
							
						
							
								
							
								
							
								
							
								
									
										
									
										
									
										
											
											<td class="fail">FAIL</td>
										
									
								
							
								
							
						
							
								
							
								
							
								
							
								
									
										
											
											<td class="fail">FAIL</td>
										
									
										
									
										
									
								
							
								
							
						
					</tr>
					
					<tr>
						<td>
							<a href="#esp32%3aesp32%3ad1_mini32"><b>esp32:esp32:d1_mini32</b></a>
							<br />
							<small>1.0.6</small>
						</td>

						
							<td>Yes</td>
							<td class="pass">PASS</td>
						
						
						
						

						
							
								
							
								
							
								
							
								
							
								
									
										
									
										
											<td class="pass">PASS</td>
											
										
									
										
									
								
							
						
							
								
							
								
							
								
							
								
							
								
									
										
									
										
									
										
											
											<td class="fail">FAIL</td>
										
									
								
							
						
							
								
							
								
							
								
							
								
							
								
									
										
											<td class="pass">PASS</td>
											
										
									
										
									
										
									
								
							
						
					</tr>
					
				</table>

				<h2>Compilation logs</h2>
				
				<h3 id="arduino:avr:uno">arduino:avr:uno @ 1.8.4</h3>
				<h4>Inclusion</h4>
				<p>
					Result: <b>FAIL</b>
					
				</p>
				<pre class="pre-scrollable">In file included from /private/tmp/arduino-testlib1691243923/test/test.ino:1:0:
/Users/alranel/Documents/git/arduino/arduino-testlib/cli-datadir/user/libraries/RemoteDebug/src/RemoteDebug.h:110:2: error: #error &#34;Only for ESP8266 or ESP32&#34;
 #error &#34;Only for ESP8266 or ESP32&#34;
  ^~~~~
Multiple libraries were found for &#34;Ethernet.h&#34;
  Used: /Users/alranel/Documents/git/arduino/arduino-testlib/cli-datadir/user/libraries/Ethernet
  Not used: /Users/alranel/Documents/git/arduino/arduino-testlib/cli-datadir/user/libraries/EthernetENC
  Not used: /Users/alranel/Documents/git/arduino/arduino-testlib/cli-datadir/user/libraries/UIPEthernet
</pre>

					
					<h4>examples/RemoteDebug_Advanced</h4>
					<p>
						Result: <b>FAIL</b>
					</p>
					<pre class="pre-scrollable">/Users/alranel/Documents/git/arduino/arduino-testlib/cli-datadir/user/libraries/RemoteDebug/examples/RemoteDebug_Advanced/RemoteDebug_Advanced.ino:61:2: error: #error &#34;The board must be ESP8266 or ESP32&#34;
 #error &#34;The board must be ESP8266 or ESP32&#34;
  ^~~~~
/Users/alranel/Documents/git/arduino/arduino-testlib/cli-datadir/user/libraries/RemoteDebug/examples/RemoteDebug_Advanced/RemoteDebug_Advanced.ino:103:2: error: #error &#34;For now, RemoteDebug support only boards Espressif, as ESP8266 and ESP32&#34;
 #error &#34;For now, RemoteDebug support only boards Espressif, as ESP8266 and ESP32&#34;
  ^~~~~
In file included from /Users/alranel/Documents/git/arduino/arduino-testlib/cli-datadir/user/libraries/RemoteDebug/examples/RemoteDebug_Advanced/RemoteDebug_Advanced.ino:174:0:
/Users/alranel/Documents/git/arduino/arduino-testlib/cli-datadir/user/libraries/RemoteDebug/src/RemoteDebug.h:110:2: error: #error &#34;Only for ESP8266 or ESP32&#34;
 #error &#34;Only for ESP8266 or ESP32&#34;
  ^~~~~
Multiple libraries were found for &#34;Ethernet.h&#34;
  Used: /Users/alranel/Documents/git/arduino/arduino-testlib/cli-datadir/user/libraries/Ethernet
  Not used: /Users/alranel/Documents/git/arduino/arduino-testlib/cli-datadir/user/libraries/EthernetENC
  Not used: /Users/alranel/Documents/git/arduino/arduino-testlib/cli-datadir/user/libraries/UIPEthernet
</pre>
					
					<h4>examples/RemoteDebug_Basic</h4>
					<p>
						Result: <b>FAIL</b>
					</p>
					<pre class="pre-scrollable">/Users/alranel/Documents/git/arduino/arduino-testlib/cli-datadir/user/libraries/RemoteDebug/examples/RemoteDebug_Basic/RemoteDebug_Basic.ino:62:2: error: #error &#34;The board must be ESP8266 or ESP32&#34;
 #error &#34;The board must be ESP8266 or ESP32&#34;
  ^~~~~
In file included from /Users/alranel/Documents/git/arduino/arduino-testlib/cli-datadir/user/libraries/RemoteDebug/examples/RemoteDebug_Basic/RemoteDebug_Basic.ino:94:0:
/Users/alranel/Documents/git/arduino/arduino-testlib/cli-datadir/user/libraries/RemoteDebug/src/RemoteDebug.h:110:2: error: #error &#34;Only for ESP8266 or ESP32&#34;
 #error &#34;Only for ESP8266 or ESP32&#34;
  ^~~~~
Multiple libraries were found for &#34;Ethernet.h&#34;
  Used: /Users/alranel/Documents/git/arduino/arduino-testlib/cli-datadir/user/libraries/Ethernet
  Not used: /Users/alranel/Documents/git/arduino/arduino-testlib/cli-datadir/user/libraries/UIPEthernet
  Not used: /Users/alranel/Documents/git/arduino/arduino-testlib/cli-datadir/user/libraries/EthernetENC
</pre>
					
					<h4>examples/RemoteDebug_Debugger</h4>
					<p>
						Result: <b>FAIL</b>
					</p>
					<pre class="pre-scrollable">WARNING: library RemoteDebugger claims to run on esp32, esp8266, espressif architecture(s) and may be incompatible with your current board which runs on avr architecture(s).
/Users/alranel/Documents/git/arduino/arduino-testlib/cli-datadir/user/libraries/RemoteDebug/examples/RemoteDebug_Debugger/RemoteDebug_Debugger.ino:63:2: error: #error &#34;The board must be ESP8266 or ESP32&#34;
 #error &#34;The board must be ESP8266 or ESP32&#34;
  ^~~~~
/Users/alranel/Documents/git/arduino/arduino-testlib/cli-datadir/user/libraries/RemoteDebug/examples/RemoteDebug_Debugger/RemoteDebug_Debugger.ino:105:2: error: #error &#34;Now RemoteDebug support only boards Espressif, as ESP8266 and ESP32&#34;
 #error &#34;Now RemoteDebug support only boards Espressif, as ESP8266 and ESP32&#34;
  ^~~~~
In file included from /Users/alranel/Documents/git/arduino/arduino-testlib/cli-datadir/user/libraries/RemoteDebug/examples/RemoteDebug_Debugger/RemoteDebug_Debugger.ino:175:0:
/Users/alranel/Documents/git/arduino/arduino-testlib/cli-datadir/user/libraries/RemoteDebug/src/RemoteDebug.h:110:2: error: #error &#34;Only for ESP8266 or ESP32&#34;
 #error &#34;Only for ESP8266 or ESP32&#34;
  ^~~~~
/Users/alranel/Documents/git/arduino/arduino-testlib/cli-datadir/user/libraries/RemoteDebug/examples/RemoteDebug_Debugger/RemoteDebugger.ino:63:2: error: #error &#34;The board must be ESP8266 or ESP32&#34;
 #error &#34;The board must be ESP8266 or ESP32&#34;
  ^~~~~
/Users/alranel/Documents/git/arduino/arduino-testlib/cli-datadir/user/libraries/RemoteDebug/examples/RemoteDebug_Debugger/RemoteDebugger.ino:116:2: error: #error &#34;Now RemoteDebug support only boards Espressif, as ESP8266 and ESP32&#34;
 #error &#34;Now RemoteDebug support only boards Espressif, as ESP8266 and ESP32&#34;
  ^~~~~
Multiple libraries were found for &#34;Ethernet.h&#34;
  Used: /Users/alranel/Documents/git/arduino/arduino-testlib/cli-datadir/user/libraries/Ethernet
  Not used: /Users/alranel/Documents/git/arduino/arduino-testlib/cli-datadir/user/libraries/EthernetENC
  Not used: /Users/alranel/Documents/git/arduino/arduino-testlib/cli-datadir/user/libraries/UIPEthernet
</pre>
					
				
				<h3 id="arduino:mbed_nano:nanorp2040connect">arduino:mbed_nano:nanorp2040connect @ 2.7.2</h3>
				<h4>Inclusion</h4>
				<p>
					Result: <b>FAIL</b>
					
				</p>
				<pre class="pre-scrollable">In file included from /tmp/arduino-testlib87946604/test/test.ino:1:0:
/home/ec2-user/arduino-testlib/cli-datadir/user/libraries/RemoteDebug/src/RemoteDebug.h:110:2: error: #error &#34;Only for ESP8266 or ESP32&#34;
 #error &#34;Only for ESP8266 or ESP32&#34;
  ^~~~~
Multiple libraries were found for &#34;Ethernet.h&#34;
  Used: /home/ec2-user/arduino-testlib/cli-datadir/user/libraries/Ethernet
  Not used: /home/ec2-user/arduino-testlib/cli-datadir/user/libraries/UIPEthernet
  Not used: /home/ec2-user/arduino-testlib/cli-datadir/user/libraries/EthernetENC
</pre>

					
					<h4>examples/RemoteDebug_Advanced</h4>
					<p>
						Result: <b>FAIL</b>
					</p>
					<pre class="pre-scrollable">/home/ec2-user/arduino-testlib/cli-datadir/user/libraries/RemoteDebug/examples/RemoteDebug_Advanced/RemoteDebug_Advanced.ino:61:2: error: #error &#34;The board must be ESP8266 or ESP32&#34;
 #error &#34;The board must be ESP8266 or ESP32&#34;
  ^~~~~
/home/ec2-user/arduino-testlib/cli-datadir/user/libraries/RemoteDebug/examples/RemoteDebug_Advanced/RemoteDebug_Advanced.ino:103:2: error: #error &#34;For now, RemoteDebug support only boards Espressif, as ESP8266 and ESP32&#34;
 #error &#34;For now, RemoteDebug support only boards Espressif, as ESP8266 and ESP32&#34;
  ^~~~~
In file included from /home/ec2-user/arduino-testlib/cli-datadir/user/libraries/RemoteDebug/examples/RemoteDebug_Advanced/RemoteDebug_Advanced.ino:174:0:
/home/ec2-user/arduino-testlib/cli-datadir/user/libraries/RemoteDebug/src/RemoteDebug.h:110:2: error: #error &#34;Only for ESP8266 or ESP32&#34;
 #error &#34;Only for ESP8266 or ESP32&#34;
  ^~~~~
Multiple libraries were found for &#34;Ethernet.h&#34;
  Used: /home/ec2-user/arduino-testlib/cli-datadir/user/libraries/Ethernet
  Not used: /home/ec2-user/arduino-testlib/cli-datadir/user/libraries/UIPEthernet
  Not used: /home/ec2-user/arduino-testlib/cli-datadir/user/libraries/EthernetENC
</pre>
					
					<h4>examples/RemoteDebug_Basic</h4>
					<p>
						Result: <b>FAIL</b>
					</p>
					<pre class="pre-scrollable">/home/ec2-user/arduino-testlib/cli-datadir/user/libraries/RemoteDebug/examples/RemoteDebug_Basic/RemoteDebug_Basic.ino:62:2: error: #error &#34;The board must be ESP8266 or ESP32&#34;
 #error &#34;The board must be ESP8266 or ESP32&#34;
  ^~~~~
In file included from /home/ec2-user/arduino-testlib/cli-datadir/user/libraries/RemoteDebug/examples/RemoteDebug_Basic/RemoteDebug_Basic.ino:94:0:
/home/ec2-user/arduino-testlib/cli-datadir/user/libraries/RemoteDebug/src/RemoteDebug.h:110:2: error: #error &#34;Only for ESP8266 or ESP32&#34;
 #error &#34;Only for ESP8266 or ESP32&#34;
  ^~~~~
Multiple libraries were found for &#34;Ethernet.h&#34;
  Used: /home/ec2-user/arduino-testlib/cli-datadir/user/libraries/Ethernet
  Not used: /home/ec2-user/arduino-testlib/cli-datadir/user/libraries/UIPEthernet
  Not used: /home/ec2-user/arduino-testlib/cli-datadir/user/libraries/EthernetENC
</pre>
					
					<h4>examples/RemoteDebug_Debugger</h4>
					<p>
						Result: <b>FAIL</b>
					</p>
					<pre class="pre-scrollable">WARNING: library RemoteDebugger claims to run on esp32, esp8266, espressif architecture(s) and may be incompatible with your current board which runs on mbed_nano architecture(s).
/home/ec2-user/arduino-testlib/cli-datadir/user/libraries/RemoteDebug/examples/RemoteDebug_Debugger/RemoteDebug_Debugger.ino:63:2: error: #error &#34;The board must be ESP8266 or ESP32&#34;
 #error &#34;The board must be ESP8266 or ESP32&#34;
  ^~~~~
/home/ec2-user/arduino-testlib/cli-datadir/user/libraries/RemoteDebug/examples/RemoteDebug_Debugger/RemoteDebug_Debugger.ino:105:2: error: #error &#34;Now RemoteDebug support only boards Espressif, as ESP8266 and ESP32&#34;
 #error &#34;Now RemoteDebug support only boards Espressif, as ESP8266 and ESP32&#34;
  ^~~~~
In file included from /home/ec2-user/arduino-testlib/cli-datadir/user/libraries/RemoteDebug/examples/RemoteDebug_Debugger/RemoteDebug_Debugger.ino:175:0:
/home/ec2-user/arduino-testlib/cli-datadir/user/libraries/RemoteDebug/src/RemoteDebug.h:110:2: error: #error &#34;Only for ESP8266 or ESP32&#34;
 #error &#34;Only for ESP8266 or ESP32&#34;
  ^~~~~
/home/ec2-user/arduino-testlib/cli-datadir/user/libraries/RemoteDebug/examples/RemoteDebug_Debugger/RemoteDebugger.ino:63:2: error: #error &#34;The board must be ESP8266 or ESP32&#34;
 #error &#34;The board must be ESP8266 or ESP32&#34;
  ^~~~~
/home/ec2-user/arduino-testlib/cli-datadir/user/libraries/RemoteDebug/examples/RemoteDebug_Debugger/RemoteDebugger.ino:116:2: error: #error &#34;Now RemoteDebug support only boards Espressif, as ESP8266 and ESP32&#34;
 #error &#34;Now RemoteDebug support only boards Espressif, as ESP8266 and ESP32&#34;
  ^~~~~
Multiple libraries were found for &#34;Ethernet.h&#34;
  Used: /home/ec2-user/arduino-testlib/cli-datadir/user/libraries/Ethernet
  Not used: /home/ec2-user/arduino-testlib/cli-datadir/user/libraries/UIPEthernet
  Not used: /home/ec2-user/arduino-testlib/cli-datadir/user/libraries/EthernetENC
</pre>
					
				
				<h3 id="arduino:megaavr:nona4809">arduino:megaavr:nona4809 @ 1.8.7</h3>
				<h4>Inclusion</h4>
				<p>
					Result: <b>FAIL</b>
					
				</p>
				<pre class="pre-scrollable">/home/ec2-user/arduino-testlib/cli-datadir/user/libraries/RemoteDebug/src/RemoteDebug.cpp:126:2: error: #error Only for ESP8266 or ESP32
 #error Only for ESP8266 or ESP32
  ^~~~~
In file included from /home/ec2-user/arduino-testlib/cli-datadir/user/libraries/RemoteDebug/src/RemoteDebug.cpp:130:0:
/home/ec2-user/arduino-testlib/cli-datadir/user/libraries/RemoteDebug/src/RemoteDebug.h:110:2: error: #error &#34;Only for ESP8266 or ESP32&#34;
 #error &#34;Only for ESP8266 or ESP32&#34;
  ^~~~~
In file included from /home/ec2-user/arduino-testlib/cli-datadir/user/libraries/RemoteDebug/src/RemoteDebugWS.h:62:0,
                 from /home/ec2-user/arduino-testlib/cli-datadir/user/libraries/RemoteDebug/src/RemoteDebug.cpp:140:
/home/ec2-user/arduino-testlib/cli-datadir/user/libraries/RemoteDebug/src/utility/WebSockets.h:40:10: fatal error: functional: No such file or directory
 #include &lt;functional&gt;
          ^~~~~~~~~~~~
compilation terminated.

</pre>

					
					<h4>examples/RemoteDebug_Advanced</h4>
					<p>
						Result: <b>FAIL</b>
					</p>
					<pre class="pre-scrollable">/home/ec2-user/arduino-testlib/cli-datadir/user/libraries/RemoteDebug/src/RemoteDebug.cpp:126:2: error: #error Only for ESP8266 or ESP32
 #error Only for ESP8266 or ESP32
  ^~~~~
In file included from /home/ec2-user/arduino-testlib/cli-datadir/user/libraries/RemoteDebug/src/RemoteDebug.cpp:130:0:
/home/ec2-user/arduino-testlib/cli-datadir/user/libraries/RemoteDebug/src/RemoteDebug.h:110:2: error: #error &#34;Only for ESP8266 or ESP32&#34;
 #error &#34;Only for ESP8266 or ESP32&#34;
  ^~~~~
In file included from /home/ec2-user/arduino-testlib/cli-datadir/user/libraries/RemoteDebug/src/RemoteDebugWS.h:62:0,
                 from /home/ec2-user/arduino-testlib/cli-datadir/user/libraries/RemoteDebug/src/RemoteDebug.cpp:140:
/home/ec2-user/arduino-testlib/cli-datadir/user/libraries/RemoteDebug/src/utility/WebSockets.h:40:10: fatal error: functional: No such file or directory
 #include &lt;functional&gt;
          ^~~~~~~~~~~~
compilation terminated.

</pre>
					
					<h4>examples/RemoteDebug_Basic</h4>
					<p>
						Result: <b>FAIL</b>
					</p>
					<pre class="pre-scrollable">/home/ec2-user/arduino-testlib/cli-datadir/user/libraries/RemoteDebug/src/RemoteDebug.cpp:126:2: error: #error Only for ESP8266 or ESP32
 #error Only for ESP8266 or ESP32
  ^~~~~
In file included from /home/ec2-user/arduino-testlib/cli-datadir/user/libraries/RemoteDebug/src/RemoteDebug.cpp:130:0:
/home/ec2-user/arduino-testlib/cli-datadir/user/libraries/RemoteDebug/src/RemoteDebug.h:110:2: error: #error &#34;Only for ESP8266 or ESP32&#34;
 #error &#34;Only for ESP8266 or ESP32&#34;
  ^~~~~
In file included from /home/ec2-user/arduino-testlib/cli-datadir/user/libraries/RemoteDebug/src/RemoteDebugWS.h:62:0,
                 from /home/ec2-user/arduino-testlib/cli-datadir/user/libraries/RemoteDebug/src/RemoteDebug.cpp:140:
/home/ec2-user/arduino-testlib/cli-datadir/user/libraries/RemoteDebug/src/utility/WebSockets.h:40:10: fatal error: functional: No such file or directory
 #include &lt;functional&gt;
          ^~~~~~~~~~~~
compilation terminated.

</pre>
					
					<h4>examples/RemoteDebug_Debugger</h4>
					<p>
						Result: <b>FAIL</b>
					</p>
					<pre class="pre-scrollable">/home/ec2-user/arduino-testlib/cli-datadir/user/libraries/RemoteDebug/src/RemoteDebug.cpp:126:2: error: #error Only for ESP8266 or ESP32
 #error Only for ESP8266 or ESP32
  ^~~~~
In file included from /home/ec2-user/arduino-testlib/cli-datadir/user/libraries/RemoteDebug/src/RemoteDebug.cpp:130:0:
/home/ec2-user/arduino-testlib/cli-datadir/user/libraries/RemoteDebug/src/RemoteDebug.h:110:2: error: #error &#34;Only for ESP8266 or ESP32&#34;
 #error &#34;Only for ESP8266 or ESP32&#34;
  ^~~~~
In file included from /home/ec2-user/arduino-testlib/cli-datadir/user/libraries/RemoteDebug/src/RemoteDebugWS.h:62:0,
                 from /home/ec2-user/arduino-testlib/cli-datadir/user/libraries/RemoteDebug/src/RemoteDebug.cpp:140:
/home/ec2-user/arduino-testlib/cli-datadir/user/libraries/RemoteDebug/src/utility/WebSockets.h:40:10: fatal error: functional: No such file or directory
 #include &lt;functional&gt;
          ^~~~~~~~~~~~
compilation terminated.

</pre>
					
				
				<h3 id="arduino:samd:mkrwifi1010">arduino:samd:mkrwifi1010 @ 1.8.12</h3>
				<h4>Inclusion</h4>
				<p>
					Result: <b>FAIL</b>
					
				</p>
				<pre class="pre-scrollable">In file included from /private/tmp/arduino-testlib1691243923/test/test.ino:1:0:
/Users/alranel/Documents/git/arduino/arduino-testlib/cli-datadir/user/libraries/RemoteDebug/src/RemoteDebug.h:110:2: error: #error &#34;Only for ESP8266 or ESP32&#34;
 #error &#34;Only for ESP8266 or ESP32&#34;
  ^~~~~
Multiple libraries were found for &#34;Ethernet.h&#34;
  Used: /Users/alranel/Documents/git/arduino/arduino-testlib/cli-datadir/user/libraries/Ethernet
  Not used: /Users/alranel/Documents/git/arduino/arduino-testlib/cli-datadir/user/libraries/EthernetENC
  Not used: /Users/alranel/Documents/git/arduino/arduino-testlib/cli-datadir/user/libraries/UIPEthernet
</pre>

					
					<h4>examples/RemoteDebug_Advanced</h4>
					<p>
						Result: <b>FAIL</b>
					</p>
					<pre class="pre-scrollable">/Users/alranel/Documents/git/arduino/arduino-testlib/cli-datadir/user/libraries/RemoteDebug/examples/RemoteDebug_Advanced/RemoteDebug_Advanced.ino:61:2: error: #error &#34;The board must be ESP8266 or ESP32&#34;
 #error &#34;The board must be ESP8266 or ESP32&#34;
  ^~~~~
/Users/alranel/Documents/git/arduino/arduino-testlib/cli-datadir/user/libraries/RemoteDebug/examples/RemoteDebug_Advanced/RemoteDebug_Advanced.ino:103:2: error: #error &#34;For now, RemoteDebug support only boards Espressif, as ESP8266 and ESP32&#34;
 #error &#34;For now, RemoteDebug support only boards Espressif, as ESP8266 and ESP32&#34;
  ^~~~~
In file included from /Users/alranel/Documents/git/arduino/arduino-testlib/cli-datadir/user/libraries/RemoteDebug/examples/RemoteDebug_Advanced/RemoteDebug_Advanced.ino:174:0:
/Users/alranel/Documents/git/arduino/arduino-testlib/cli-datadir/user/libraries/RemoteDebug/src/RemoteDebug.h:110:2: error: #error &#34;Only for ESP8266 or ESP32&#34;
 #error &#34;Only for ESP8266 or ESP32&#34;
  ^~~~~
Multiple libraries were found for &#34;Ethernet.h&#34;
  Used: /Users/alranel/Documents/git/arduino/arduino-testlib/cli-datadir/user/libraries/Ethernet
  Not used: /Users/alranel/Documents/git/arduino/arduino-testlib/cli-datadir/user/libraries/UIPEthernet
  Not used: /Users/alranel/Documents/git/arduino/arduino-testlib/cli-datadir/user/libraries/EthernetENC
</pre>
					
					<h4>examples/RemoteDebug_Basic</h4>
					<p>
						Result: <b>FAIL</b>
					</p>
					<pre class="pre-scrollable">/Users/alranel/Documents/git/arduino/arduino-testlib/cli-datadir/user/libraries/RemoteDebug/examples/RemoteDebug_Basic/RemoteDebug_Basic.ino:62:2: error: #error &#34;The board must be ESP8266 or ESP32&#34;
 #error &#34;The board must be ESP8266 or ESP32&#34;
  ^~~~~
In file included from /Users/alranel/Documents/git/arduino/arduino-testlib/cli-datadir/user/libraries/RemoteDebug/examples/RemoteDebug_Basic/RemoteDebug_Basic.ino:94:0:
/Users/alranel/Documents/git/arduino/arduino-testlib/cli-datadir/user/libraries/RemoteDebug/src/RemoteDebug.h:110:2: error: #error &#34;Only for ESP8266 or ESP32&#34;
 #error &#34;Only for ESP8266 or ESP32&#34;
  ^~~~~
Multiple libraries were found for &#34;Ethernet.h&#34;
  Used: /Users/alranel/Documents/git/arduino/arduino-testlib/cli-datadir/user/libraries/Ethernet
  Not used: /Users/alranel/Documents/git/arduino/arduino-testlib/cli-datadir/user/libraries/EthernetENC
  Not used: /Users/alranel/Documents/git/arduino/arduino-testlib/cli-datadir/user/libraries/UIPEthernet
</pre>
					
					<h4>examples/RemoteDebug_Debugger</h4>
					<p>
						Result: <b>FAIL</b>
					</p>
					<pre class="pre-scrollable">WARNING: library RemoteDebugger claims to run on esp32, esp8266, espressif architecture(s) and may be incompatible with your current board which runs on samd architecture(s).
/Users/alranel/Documents/git/arduino/arduino-testlib/cli-datadir/user/libraries/RemoteDebug/examples/RemoteDebug_Debugger/RemoteDebug_Debugger.ino:63:2: error: #error &#34;The board must be ESP8266 or ESP32&#34;
 #error &#34;The board must be ESP8266 or ESP32&#34;
  ^~~~~
/Users/alranel/Documents/git/arduino/arduino-testlib/cli-datadir/user/libraries/RemoteDebug/examples/RemoteDebug_Debugger/RemoteDebug_Debugger.ino:105:2: error: #error &#34;Now RemoteDebug support only boards Espressif, as ESP8266 and ESP32&#34;
 #error &#34;Now RemoteDebug support only boards Espressif, as ESP8266 and ESP32&#34;
  ^~~~~
In file included from /Users/alranel/Documents/git/arduino/arduino-testlib/cli-datadir/user/libraries/RemoteDebug/examples/RemoteDebug_Debugger/RemoteDebug_Debugger.ino:175:0:
/Users/alranel/Documents/git/arduino/arduino-testlib/cli-datadir/user/libraries/RemoteDebug/src/RemoteDebug.h:110:2: error: #error &#34;Only for ESP8266 or ESP32&#34;
 #error &#34;Only for ESP8266 or ESP32&#34;
  ^~~~~
/Users/alranel/Documents/git/arduino/arduino-testlib/cli-datadir/user/libraries/RemoteDebug/examples/RemoteDebug_Debugger/RemoteDebugger.ino:63:2: error: #error &#34;The board must be ESP8266 or ESP32&#34;
 #error &#34;The board must be ESP8266 or ESP32&#34;
  ^~~~~
/Users/alranel/Documents/git/arduino/arduino-testlib/cli-datadir/user/libraries/RemoteDebug/examples/RemoteDebug_Debugger/RemoteDebugger.ino:116:2: error: #error &#34;Now RemoteDebug support only boards Espressif, as ESP8266 and ESP32&#34;
 #error &#34;Now RemoteDebug support only boards Espressif, as ESP8266 and ESP32&#34;
  ^~~~~
Multiple libraries were found for &#34;Ethernet.h&#34;
  Used: /Users/alranel/Documents/git/arduino/arduino-testlib/cli-datadir/user/libraries/Ethernet
  Not used: /Users/alranel/Documents/git/arduino/arduino-testlib/cli-datadir/user/libraries/UIPEthernet
  Not used: /Users/alranel/Documents/git/arduino/arduino-testlib/cli-datadir/user/libraries/EthernetENC
</pre>
					
				
				<h3 id="esp32:esp32:d1_mini32">esp32:esp32:d1_mini32 @ 1.0.6</h3>
				<h4>Inclusion</h4>
				<p>
					Result: <b>PASS</b>
					
				</p>
				<pre class="pre-scrollable">Sketch uses 369978 bytes (28%) of program storage space. Maximum is 1310720 bytes.
Global variables use 18056 bytes (5%) of dynamic memory, leaving 309624 bytes for local variables. Maximum is 327680 bytes.
</pre>

					
					<h4>examples/RemoteDebug_Advanced</h4>
					<p>
						Result: <b>PASS</b>
					</p>
					<pre class="pre-scrollable">Sketch uses 799658 bytes (61%) of program storage space. Maximum is 1310720 bytes.
Global variables use 42168 bytes (12%) of dynamic memory, leaving 285512 bytes for local variables. Maximum is 327680 bytes.
</pre>
					
					<h4>examples/RemoteDebug_Basic</h4>
					<p>
						Result: <b>PASS</b>
					</p>
					<pre class="pre-scrollable">Sketch uses 773350 bytes (59%) of program storage space. Maximum is 1310720 bytes.
Global variables use 41640 bytes (12%) of dynamic memory, leaving 286040 bytes for local variables. Maximum is 327680 bytes.
</pre>
					
					<h4>examples/RemoteDebug_Debugger</h4>
					<p>
						Result: <b>FAIL</b>
					</p>
					<pre class="pre-scrollable">/home/ec2-user/arduino-testlib/cli-datadir/user/libraries/RemoteDebug/examples/RemoteDebug_Debugger/RemoteDebugger.ino:154:13: error: redefinition of &#39;RemoteDebug Debug&#39;
 RemoteDebug Debug;
             ^
/home/ec2-user/arduino-testlib/cli-datadir/user/libraries/RemoteDebug/examples/RemoteDebug_Debugger/RemoteDebug_Debugger.ino:185:13: note: &#39;RemoteDebug Debug&#39; previously declared here
 RemoteDebug Debug;
             ^
/home/ec2-user/arduino-testlib/cli-datadir/user/libraries/RemoteDebug/examples/RemoteDebug_Debugger/RemoteDebugger.ino:170:10: error: redefinition of &#39;uint32_t mTimeToSec&#39;
 uint32_t mTimeToSec = 0;
          ^
/home/ec2-user/arduino-testlib/cli-datadir/user/libraries/RemoteDebug/examples/RemoteDebug_Debugger/RemoteDebug_Debugger.ino:201:10: note: &#39;uint32_t mTimeToSec&#39; previously defined here
 uint32_t mTimeToSec = 0;
          ^
/home/ec2-user/arduino-testlib/cli-datadir/user/libraries/RemoteDebug/examples/RemoteDebug_Debugger/RemoteDebugger.ino:172:9: error: redefinition of &#39;uint8_t mRunSeconds&#39;
 uint8_t mRunSeconds = 0;
         ^
/home/ec2-user/arduino-testlib/cli-datadir/user/libraries/RemoteDebug/examples/RemoteDebug_Debugger/RemoteDebug_Debugger.ino:203:9: note: &#39;uint8_t mRunSeconds&#39; previously defined here
 uint8_t mRunSeconds = 0;
         ^
/home/ec2-user/arduino-testlib/cli-datadir/user/libraries/RemoteDebug/examples/RemoteDebug_Debugger/RemoteDebugger.ino:173:9: error: redefinition of &#39;uint8_t mRunMinutes&#39;
 uint8_t mRunMinutes = 0;
         ^
/home/ec2-user/arduino-testlib/cli-datadir/user/libraries/RemoteDebug/examples/RemoteDebug_Debugger/RemoteDebug_Debugger.ino:204:9: note: &#39;uint8_t mRunMinutes&#39; previously defined here
 uint8_t mRunMinutes = 0;
         ^
/home/ec2-user/arduino-testlib/cli-datadir/user/libraries/RemoteDebug/examples/RemoteDebug_Debugger/RemoteDebugger.ino:174:9: error: redefinition of &#39;uint8_t mRunHours&#39;
 uint8_t mRunHours = 0;
         ^
/home/ec2-user/arduino-testlib/cli-datadir/user/libraries/RemoteDebug/examples/RemoteDebug_Debugger/RemoteDebug_Debugger.ino:205:9: note: &#39;uint8_t mRunHours&#39; previously defined here
 uint8_t mRunHours = 0;
         ^
/home/ec2-user/arduino-testlib/cli-datadir/user/libraries/RemoteDebug/examples/RemoteDebug_Debugger/RemoteDebugger.ino:178:9: error: redefinition of &#39;boolean mBoolean&#39;
 boolean mBoolean = false;
         ^
/home/ec2-user/arduino-testlib/cli-datadir/user/libraries/RemoteDebug/examples/RemoteDebug_Debugger/RemoteDebug_Debugger.ino:209:9: note: &#39;boolean mBoolean&#39; previously defined here
 boolean mBoolean = false;
         ^
/home/ec2-user/arduino-testlib/cli-datadir/user/libraries/RemoteDebug/examples/RemoteDebug_Debugger/RemoteDebugger.ino:179:6: error: redefinition of &#39;char mChar&#39;
 char mChar = &#39;X&#39;;
      ^
/home/ec2-user/arduino-testlib/cli-datadir/user/libraries/RemoteDebug/examples/RemoteDebug_Debugger/RemoteDebug_Debugger.ino:210:6: note: &#39;char mChar&#39; previously defined here
 char mChar = &#39;X&#39;;
      ^
/home/ec2-user/arduino-testlib/cli-datadir/user/libraries/RemoteDebug/examples/RemoteDebug_Debugger/RemoteDebugger.ino:180:6: error: redefinition of &#39;byte mByte&#39;
 byte mByte = &#39;Y&#39;;
      ^
/home/ec2-user/arduino-testlib/cli-datadir/user/libraries/RemoteDebug/examples/RemoteDebug_Debugger/RemoteDebug_Debugger.ino:211:6: note: &#39;byte mByte&#39; previously defined here
 byte mByte = &#39;Y&#39;;
      ^
/home/ec2-user/arduino-testlib/cli-datadir/user/libraries/RemoteDebug/examples/RemoteDebug_Debugger/RemoteDebugger.ino:181:5: error: redefinition of &#39;int mInt&#39;
 int mInt = 1;
     ^
/home/ec2-user/arduino-testlib/cli-datadir/user/libraries/RemoteDebug/examples/RemoteDebug_Debugger/RemoteDebug_Debugger.ino:212:5: note: &#39;int mInt&#39; previously defined here
 int mInt = 1;
     ^
/home/ec2-user/arduino-testlib/cli-datadir/user/libraries/RemoteDebug/examples/RemoteDebug_Debugger/RemoteDebugger.ino:182:14: error: redefinition of &#39;unsigned int mUInt&#39;
 unsigned int mUInt = 2;
              ^
/home/ec2-user/arduino-testlib/cli-datadir/user/libraries/RemoteDebug/examples/RemoteDebug_Debugger/RemoteDebug_Debugger.ino:213:14: note: &#39;unsigned int mUInt&#39; previously defined here
 unsigned int mUInt = 2;
              ^
/home/ec2-user/arduino-testlib/cli-datadir/user/libraries/RemoteDebug/examples/RemoteDebug_Debugger/RemoteDebugger.ino:183:6: error: redefinition of &#39;long int mLong&#39;
 long mLong = 3;
      ^
/home/ec2-user/arduino-testlib/cli-datadir/user/libraries/RemoteDebug/examples/RemoteDebug_Debugger/RemoteDebug_Debugger.ino:214:6: note: &#39;long int mLong&#39; previously defined here
 long mLong = 3;
      ^
/home/ec2-user/arduino-testlib/cli-datadir/user/libraries/RemoteDebug/examples/RemoteDebug_Debugger/RemoteDebugger.ino:184:15: error: redefinition of &#39;long unsigned int mULong&#39;
 unsigned long mULong = 4;
               ^
/home/ec2-user/arduino-testlib/cli-datadir/user/libraries/RemoteDebug/examples/RemoteDebug_Debugger/RemoteDebug_Debugger.ino:215:15: note: &#39;long unsigned int mULong&#39; previously defined here
 unsigned long mULong = 4;
               ^
/home/ec2-user/arduino-testlib/cli-datadir/user/libraries/RemoteDebug/examples/RemoteDebug_Debugger/RemoteDebugger.ino:185:7: error: redefinition of &#39;float mFloat&#39;
 float mFloat = 5.0f;
       ^
/home/ec2-user/arduino-testlib/cli-datadir/user/libraries/RemoteDebug/examples/RemoteDebug_Debugger/RemoteDebug_Debugger.ino:216:7: note: &#39;float mFloat&#39; previously defined here
 float mFloat = 5.0f;
       ^
/home/ec2-user/arduino-testlib/cli-datadir/user/libraries/RemoteDebug/examples/RemoteDebug_Debugger/RemoteDebugger.ino:186:8: error: redefinition of &#39;double mDouble&#39;
 double mDouble = 6.0;
        ^
/home/ec2-user/arduino-testlib/cli-datadir/user/libraries/RemoteDebug/examples/RemoteDebug_Debugger/RemoteDebug_Debugger.ino:217:8: note: &#39;double mDouble&#39; previously defined here
 double mDouble = 6.0;
        ^
/home/ec2-user/arduino-testlib/cli-datadir/user/libraries/RemoteDebug/examples/RemoteDebug_Debugger/RemoteDebugger.ino:188:8: error: redefinition of &#39;String mString&#39;
 String mString = &#34;This is a string&#34;;
        ^
/home/ec2-user/arduino-testlib/cli-datadir/user/libraries/RemoteDebug/examples/RemoteDebug_Debugger/RemoteDebug_Debugger.ino:219:8: note: &#39;String mString&#39; previously declared here
 String mString = &#34;This is a string&#34;;
        ^
/home/ec2-user/arduino-testlib/cli-datadir/user/libraries/RemoteDebug/examples/RemoteDebug_Debugger/RemoteDebugger.ino:189:8: error: redefinition of &#39;String mStringLarge&#39;
 String mStringLarge = &#34;This is a large stringggggggggggggggggggggggggggggggggggggggggggggg&#34;;
        ^
/home/ec2-user/arduino-testlib/cli-datadir/user/libraries/RemoteDebug/examples/RemoteDebug_Debugger/RemoteDebug_Debugger.ino:220:8: note: &#39;String mStringLarge&#39; previously declared here
 String mStringLarge = &#34;This is a large stringggggggggggggggggggggggggggggggggggggggggggggg&#34;;
        ^
/home/ec2-user/arduino-testlib/cli-datadir/user/libraries/RemoteDebug/examples/RemoteDebug_Debugger/RemoteDebugger.ino:191:17: error: redefinition of &#39;char mCharArray []&#39;
 char mCharArray[] = &#34;This is a char array&#34;;
                 ^
/home/ec2-user/arduino-testlib/cli-datadir/user/libraries/RemoteDebug/examples/RemoteDebug_Debugger/RemoteDebug_Debugger.ino:222:6: note: &#39;char mCharArray [21]&#39; previously defined here
 char mCharArray[] = &#34;This is a char array&#34;;
      ^
/home/ec2-user/arduino-testlib/cli-datadir/user/libraries/RemoteDebug/examples/RemoteDebug_Debugger/RemoteDebugger.ino:192:22: error: redefinition of &#39;char mCharArrayLarge []&#39;
 char mCharArrayLarge[] = &#34;This is a large char arrayyyyyyyyyyyyyyyyyyyyyyyyyyyyyyyyyyyyyyyyyy&#34;;
                      ^
/home/ec2-user/arduino-testlib/cli-datadir/user/libraries/RemoteDebug/examples/RemoteDebug_Debugger/RemoteDebug_Debugger.ino:223:6: note: &#39;char mCharArrayLarge [68]&#39; previously defined here
 char mCharArrayLarge[] = &#34;This is a large char arrayyyyyyyyyyyyyyyyyyyyyyyyyyyyyyyyyyyyyyyyyy&#34;;
      ^
/home/ec2-user/arduino-testlib/cli-datadir/user/libraries/RemoteDebug/examples/RemoteDebug_Debugger/RemoteDebugger.ino:194:16: error: redefinition of &#39;int mIntArray [5]&#39;
 int mIntArray[5] = {1 ,2 ,3, 4, 5};
                ^
/home/ec2-user/arduino-testlib/cli-datadir/user/libraries/RemoteDebug/examples/RemoteDebug_Debugger/RemoteDebug_Debugger.ino:225:5: note: &#39;int mIntArray [5]&#39; previously defined here
 int mIntArray[5] = {1 ,2 ,3, 4, 5};
     ^
/home/ec2-user/arduino-testlib/cli-datadir/user/libraries/RemoteDebug/examples/RemoteDebug_Debugger/RemoteDebugger.ino: In function &#39;void setup()&#39;:
/home/ec2-user/arduino-testlib/cli-datadir/user/libraries/RemoteDebug/examples/RemoteDebug_Debugger/RemoteDebugger.ino:200:6: error: redefinition of &#39;void setup()&#39;
 void setup() {
      ^
/home/ec2-user/arduino-testlib/cli-datadir/user/libraries/RemoteDebug/examples/RemoteDebug_Debugger/RemoteDebug_Debugger.ino:231:6: note: &#39;void setup()&#39; previously defined here
 void setup() {
      ^
/home/ec2-user/arduino-testlib/cli-datadir/user/libraries/RemoteDebug/examples/RemoteDebug_Debugger/RemoteDebugger.ino: In function &#39;void loop()&#39;:
/home/ec2-user/arduino-testlib/cli-datadir/user/libraries/RemoteDebug/examples/RemoteDebug_Debugger/RemoteDebugger.ino:411:6: error: redefinition of &#39;void loop()&#39;
 void loop() {
      ^
/home/ec2-user/arduino-testlib/cli-datadir/user/libraries/RemoteDebug/examples/RemoteDebug_Debugger/RemoteDebug_Debugger.ino:442:6: note: &#39;void loop()&#39; previously defined here
 void loop() {
      ^
/home/ec2-user/arduino-testlib/cli-datadir/user/libraries/RemoteDebug/examples/RemoteDebug_Debugger/RemoteDebugger.ino: In function &#39;void foo()&#39;:
/home/ec2-user/arduino-testlib/cli-datadir/user/libraries/RemoteDebug/examples/RemoteDebug_Debugger/RemoteDebugger.ino:524:6: error: redefinition of &#39;void foo()&#39;
 void foo() {
      ^
/home/ec2-user/arduino-testlib/cli-datadir/user/libraries/RemoteDebug/examples/RemoteDebug_Debugger/RemoteDebug_Debugger.ino:555:6: note: &#39;void foo()&#39; previously defined here
 void foo() {
      ^
/home/ec2-user/arduino-testlib/cli-datadir/user/libraries/Rem</pre>
					
				
			</div>
		</div>
	</div>
  </body>
</html>
