
<!doctype html>
<html lang="en">
  <head>
    <meta charset="utf-8">
    <meta name="viewport" content="width=device-width, initial-scale=1">
    <link href="https://cdn.jsdelivr.net/npm/bootstrap@5.0.2/dist/css/bootstrap.min.css" rel="stylesheet" integrity="sha384-EVSTQN3/azprG1Anm3QDgpJLIm9Nao0Yz1ztcQTwFspd3yD65VohhpuuCOmLASjC" crossorigin="anonymous">
    <title>arduino-testlib report</title>
	<style>
	.pass { background-color: #00FF00 !important; }
	.fail { background-color: #FF0000 !important; }
	</style>
  </head>
  <body>
	<div class="container">
		<div class="row">
			<div class="col">
				<h1>Robopoly Linear Camera - compatibility matrix</h1>
				<p>
					<small>This report was generated on Monday, 21-Feb-22 12:00:25 CET using 
					<a href="https://github.com/alranel/arduino-testlib">arduino-testlib</a>.</small>
				</p>

				<h2>Robopoly Linear Camera</h2>
				<p>
					Version: <b>0.2</b>
					<br />
					<a href="https://www.arduino.cc/reference/en/libraries/robopoly-linear-camera/">More details</a>
				</p>

				<h2>Compatibility matrix</h2>
				<table class="table table-bordered">
					<tr>
						<th>Board</th>
						<th>Claims compatibility</th>
						<th>Inclusion</th>
						
						<th><pre>GetPixels</pre></th>
						
						<th><pre>FindHighest</pre></th>
						
					</tr>
					
					<tr>
						<td>
							<a href="#arduino%3aavr%3auno"><b>arduino:avr:uno</b></a>
							<br />
							<small>1.8.4</small>
						</td>

						
							<td>Yes</td>
							<td class="pass">PASS</td>
						
						
						
						

						
							
								
									
										
									
										
											
											<td class="fail">FAIL</td>
										
									
								
							
								
							
								
							
								
							
								
							
						
							
								
									
										
											
											<td class="fail">FAIL</td>
										
									
										
									
								
							
								
							
								
							
								
							
								
							
						
					</tr>
					
					<tr>
						<td>
							<a href="#arduino%3ambed_nano%3ananorp2040connect"><b>arduino:mbed_nano:nanorp2040connect</b></a>
							<br />
							<small>2.7.2</small>
						</td>

						
						
						
						
							<td>No</td>
							<td class="fail">FAIL</td>
						

						
							
								
							
								
									
										
									
										
											
											<td class="fail">FAIL</td>
										
									
								
							
								
							
								
							
								
							
						
							
								
							
								
									
										
											
											<td class="fail">FAIL</td>
										
									
										
									
								
							
								
							
								
							
								
							
						
					</tr>
					
					<tr>
						<td>
							<a href="#arduino%3amegaavr%3anona4809"><b>arduino:megaavr:nona4809</b></a>
							<br />
							<small>1.8.7</small>
						</td>

						
						
						
						
							<td>No</td>
							<td class="fail">FAIL</td>
						

						
							
								
							
								
							
								
									
										
									
										
											
											<td class="fail">FAIL</td>
										
									
								
							
								
							
								
							
						
							
								
							
								
							
								
									
										
											
											<td class="fail">FAIL</td>
										
									
										
									
								
							
								
							
								
							
						
					</tr>
					
					<tr>
						<td>
							<a href="#arduino%3asamd%3amkrwifi1010"><b>arduino:samd:mkrwifi1010</b></a>
							<br />
							<small>1.8.12</small>
						</td>

						
						
						
						
							<td>No</td>
							<td class="fail">FAIL</td>
						

						
							
								
							
								
							
								
							
								
									
										
									
										
											
											<td class="fail">FAIL</td>
										
									
								
							
								
							
						
							
								
							
								
							
								
							
								
									
										
											
											<td class="fail">FAIL</td>
										
									
										
									
								
							
								
							
						
					</tr>
					
					<tr>
						<td>
							<a href="#esp32%3aesp32%3ad1_mini32"><b>esp32:esp32:d1_mini32</b></a>
							<br />
							<small>1.0.6</small>
						</td>

						
						
						
						
							<td>No</td>
							<td class="fail">FAIL</td>
						

						
							
								
							
								
							
								
							
								
							
								
									
										
									
										
											
											<td class="fail">FAIL</td>
										
									
								
							
						
							
								
							
								
							
								
							
								
							
								
									
										
											
											<td class="fail">FAIL</td>
										
									
										
									
								
							
						
					</tr>
					
				</table>

				<h2>Compilation logs</h2>
				
				<h3 id="arduino:avr:uno">arduino:avr:uno @ 1.8.4</h3>
				<h4>Inclusion</h4>
				<p>
					Result: <b>PASS</b>
					
					<br />This library has no main header file so an empty one was created.
					
				</p>
				<pre class="pre-scrollable">Sketch uses 444 bytes (1%) of program storage space. Maximum is 32256 bytes.
Global variables use 9 bytes (0%) of dynamic memory, leaving 2039 bytes for local variables. Maximum is 2048 bytes.
</pre>

					
					<h4>examples/FindHighest</h4>
					<p>
						Result: <b>FAIL</b>
					</p>
					<pre class="pre-scrollable">/home/ec2-user/arduino-testlib/cli-datadir/user/libraries/Robopoly_PRismino/src/prismino.cpp: In function &#39;void setSpeed(int8_t, int8_t)&#39;:
/home/ec2-user/arduino-testlib/cli-datadir/user/libraries/Robopoly_PRismino/src/prismino.cpp:21:3: error: &#39;TCCR4A&#39; was not declared in this scope
   TCCR4A = 0;
   ^~~~~~
/home/ec2-user/arduino-testlib/cli-datadir/user/libraries/Robopoly_PRismino/src/prismino.cpp:21:3: note: suggested alternative: &#39;TCCR0A&#39;
   TCCR4A = 0;
   ^~~~~~
   TCCR0A
/home/ec2-user/arduino-testlib/cli-datadir/user/libraries/Robopoly_PRismino/src/prismino.cpp:22:3: error: &#39;TCCR4B&#39; was not declared in this scope
   TCCR4B = 0;
   ^~~~~~
/home/ec2-user/arduino-testlib/cli-datadir/user/libraries/Robopoly_PRismino/src/prismino.cpp:22:3: note: suggested alternative: &#39;TCCR0B&#39;
   TCCR4B = 0;
   ^~~~~~
   TCCR0B
/home/ec2-user/arduino-testlib/cli-datadir/user/libraries/Robopoly_PRismino/src/prismino.cpp:23:3: error: &#39;TCCR4C&#39; was not declared in this scope
   TCCR4C = 0;
   ^~~~~~
/home/ec2-user/arduino-testlib/cli-datadir/user/libraries/Robopoly_PRismino/src/prismino.cpp:23:3: note: suggested alternative: &#39;TCCR1C&#39;
   TCCR4C = 0;
   ^~~~~~
   TCCR1C
/home/ec2-user/arduino-testlib/cli-datadir/user/libraries/Robopoly_PRismino/src/prismino.cpp:25:3: error: &#39;TCCR4D&#39; was not declared in this scope
   TCCR4D = 0;
   ^~~~~~
/home/ec2-user/arduino-testlib/cli-datadir/user/libraries/Robopoly_PRismino/src/prismino.cpp:25:3: note: suggested alternative: &#39;TCCR0A&#39;
   TCCR4D = 0;
   ^~~~~~
   TCCR0A
/home/ec2-user/arduino-testlib/cli-datadir/user/libraries/Robopoly_PRismino/src/prismino.cpp:26:3: error: &#39;TCCR4E&#39; was not declared in this scope
   TCCR4E = 0;
   ^~~~~~
/home/ec2-user/arduino-testlib/cli-datadir/user/libraries/Robopoly_PRismino/src/prismino.cpp:26:3: note: suggested alternative: &#39;TCCR0A&#39;
   TCCR4E = 0;
   ^~~~~~
   TCCR0A
/home/ec2-user/arduino-testlib/cli-datadir/user/libraries/Robopoly_PRismino/src/prismino.cpp:53:3: error: &#39;TC4H&#39; was not declared in this scope
   TC4H = temp &gt;&gt; 8;
   ^~~~
/home/ec2-user/arduino-testlib/cli-datadir/user/libraries/Robopoly_PRismino/src/prismino.cpp:53:3: note: suggested alternative: &#39;PC4&#39;
   TC4H = temp &gt;&gt; 8;
   ^~~~
   PC4
/home/ec2-user/arduino-testlib/cli-datadir/user/libraries/Robopoly_PRismino/src/prismino.cpp:54:3: error: &#39;OCR4A&#39; was not declared in this scope
   OCR4A = temp &amp; 0xff;
   ^~~~~
/home/ec2-user/arduino-testlib/cli-datadir/user/libraries/Robopoly_PRismino/src/prismino.cpp:54:3: note: suggested alternative: &#39;OCR2A&#39;
   OCR4A = temp &amp; 0xff;
   ^~~~~
   OCR2A
/home/ec2-user/arduino-testlib/cli-datadir/user/libraries/Robopoly_PRismino/src/prismino.cpp:59:3: error: &#39;OCR4B&#39; was not declared in this scope
   OCR4B = temp &amp; 0xff;
   ^~~~~
/home/ec2-user/arduino-testlib/cli-datadir/user/libraries/Robopoly_PRismino/src/prismino.cpp:59:3: note: suggested alternative: &#39;OCR0B&#39;
   OCR4B = temp &amp; 0xff;
   ^~~~~
   OCR0B
/home/ec2-user/arduino-testlib/cli-datadir/user/libraries/Robopoly_PRismino/src/prismino.cpp:63:3: error: &#39;TCNT4&#39; was not declared in this scope
   TCNT4 = 0;
   ^~~~~
/home/ec2-user/arduino-testlib/cli-datadir/user/libraries/Robopoly_PRismino/src/prismino.cpp:63:3: note: suggested alternative: &#39;TCNT0&#39;
   TCNT4 = 0;
   ^~~~~
   TCNT0
/home/ec2-user/arduino-testlib/cli-datadir/user/libraries/Robopoly_PRismino/src/prismino.cpp:67:3: error: &#39;OCR4C&#39; was not declared in this scope
   OCR4C = 0xff;
   ^~~~~
/home/ec2-user/arduino-testlib/cli-datadir/user/libraries/Robopoly_PRismino/src/prismino.cpp:67:3: note: suggested alternative: &#39;OCR2A&#39;
   OCR4C = 0xff;
   ^~~~~
   OCR2A
/home/ec2-user/arduino-testlib/cli-datadir/user/libraries/Robopoly_PRismino/src/prismino.cpp:84:3: error: &#39;TIMSK4&#39; was not declared in this scope
   TIMSK4 = (1 &lt;&lt; OCIE4A) | (1 &lt;&lt; OCIE4B) | (1 &lt;&lt; TOIE4);
   ^~~~~~
/home/ec2-user/arduino-testlib/cli-datadir/user/libraries/Robopoly_PRismino/src/prismino.cpp:84:3: note: suggested alternative: &#39;TIMSK0&#39;
   TIMSK4 = (1 &lt;&lt; OCIE4A) | (1 &lt;&lt; OCIE4B) | (1 &lt;&lt; TOIE4);
   ^~~~~~
   TIMSK0
/home/ec2-user/arduino-testlib/cli-datadir/user/libraries/Robopoly_PRismino/src/prismino.cpp:84:18: error: &#39;OCIE4A&#39; was not declared in this scope
   TIMSK4 = (1 &lt;&lt; OCIE4A) | (1 &lt;&lt; OCIE4B) | (1 &lt;&lt; TOIE4);
                  ^~~~~~
/home/ec2-user/arduino-testlib/cli-datadir/user/libraries/Robopoly_PRismino/src/prismino.cpp:84:18: note: suggested alternative: &#39;OCIE0A&#39;
   TIMSK4 = (1 &lt;&lt; OCIE4A) | (1 &lt;&lt; OCIE4B) | (1 &lt;&lt; TOIE4);
                  ^~~~~~
                  OCIE0A
/home/ec2-user/arduino-testlib/cli-datadir/user/libraries/Robopoly_PRismino/src/prismino.cpp:84:34: error: &#39;OCIE4B&#39; was not declared in this scope
   TIMSK4 = (1 &lt;&lt; OCIE4A) | (1 &lt;&lt; OCIE4B) | (1 &lt;&lt; TOIE4);
                                  ^~~~~~
/home/ec2-user/arduino-testlib/cli-datadir/user/libraries/Robopoly_PRismino/src/prismino.cpp:84:34: note: suggested alternative: &#39;OCIE0B&#39;
   TIMSK4 = (1 &lt;&lt; OCIE4A) | (1 &lt;&lt; OCIE4B) | (1 &lt;&lt; TOIE4);
                                  ^~~~~~
                                  OCIE0B
/home/ec2-user/arduino-testlib/cli-datadir/user/libraries/Robopoly_PRismino/src/prismino.cpp:84:50: error: &#39;TOIE4&#39; was not declared in this scope
   TIMSK4 = (1 &lt;&lt; OCIE4A) | (1 &lt;&lt; OCIE4B) | (1 &lt;&lt; TOIE4);
                                                  ^~~~~
/home/ec2-user/arduino-testlib/cli-datadir/user/libraries/Robopoly_PRismino/src/prismino.cpp:84:50: note: suggested alternative: &#39;TOIE0&#39;
   TIMSK4 = (1 &lt;&lt; OCIE4A) | (1 &lt;&lt; OCIE4B) | (1 &lt;&lt; TOIE4);
                                                  ^~~~~
                                                  TOIE0
/home/ec2-user/arduino-testlib/cli-datadir/user/libraries/Robopoly_PRismino/src/prismino.cpp:86:3: error: &#39;TIFR4&#39; was not declared in this scope
   TIFR4 = (1 &lt;&lt; OCF4A) | (1 &lt;&lt; OCF4B) | (1 &lt;&lt; TOV4);
   ^~~~~
/home/ec2-user/arduino-testlib/cli-datadir/user/libraries/Robopoly_PRismino/src/prismino.cpp:86:3: note: suggested alternative: &#39;TIFR0&#39;
   TIFR4 = (1 &lt;&lt; OCF4A) | (1 &lt;&lt; OCF4B) | (1 &lt;&lt; TOV4);
   ^~~~~
   TIFR0
/home/ec2-user/arduino-testlib/cli-datadir/user/libraries/Robopoly_PRismino/src/prismino.cpp:86:17: error: &#39;OCF4A&#39; was not declared in this scope
   TIFR4 = (1 &lt;&lt; OCF4A) | (1 &lt;&lt; OCF4B) | (1 &lt;&lt; TOV4);
                 ^~~~~
/home/ec2-user/arduino-testlib/cli-datadir/user/libraries/Robopoly_PRismino/src/prismino.cpp:86:17: note: suggested alternative: &#39;OCF1A&#39;
   TIFR4 = (1 &lt;&lt; OCF4A) | (1 &lt;&lt; OCF4B) | (1 &lt;&lt; TOV4);
                 ^~~~~
                 OCF1A
/home/ec2-user/arduino-testlib/cli-datadir/user/libraries/Robopoly_PRismino/src/prismino.cpp:86:32: error: &#39;OCF4B&#39; was not declared in this scope
   TIFR4 = (1 &lt;&lt; OCF4A) | (1 &lt;&lt; OCF4B) | (1 &lt;&lt; TOV4);
                                ^~~~~
/home/ec2-user/arduino-testlib/cli-datadir/user/libraries/Robopoly_PRismino/src/prismino.cpp:86:32: note: suggested alternative: &#39;OCF0B&#39;
   TIFR4 = (1 &lt;&lt; OCF4A) | (1 &lt;&lt; OCF4B) | (1 &lt;&lt; TOV4);
                                ^~~~~
                                OCF0B
/home/ec2-user/arduino-testlib/cli-datadir/user/libraries/Robopoly_PRismino/src/prismino.cpp:86:47: error: &#39;TOV4&#39; was not declared in this scope
   TIFR4 = (1 &lt;&lt; OCF4A) | (1 &lt;&lt; OCF4B) | (1 &lt;&lt; TOV4);
                                               ^~~~
/home/ec2-user/arduino-testlib/cli-datadir/user/libraries/Robopoly_PRismino/src/prismino.cpp:86:47: note: suggested alternative: &#39;TOV0&#39;
   TIFR4 = (1 &lt;&lt; OCF4A) | (1 &lt;&lt; OCF4B) | (1 &lt;&lt; TOV4);
                                               ^~~~
                                               TOV0
/home/ec2-user/arduino-testlib/cli-datadir/user/libraries/Robopoly_PRismino/src/prismino.cpp:89:18: error: &#39;CS40&#39; was not declared in this scope
   TCCR4B = (1 &lt;&lt; CS40);
                  ^~~~
/home/ec2-user/arduino-testlib/cli-datadir/user/libraries/Robopoly_PRismino/src/prismino.cpp:89:18: note: suggested alternative: &#39;CS00&#39;
   TCCR4B = (1 &lt;&lt; CS40);
                  ^~~~
                  CS00
/home/ec2-user/arduino-testlib/cli-datadir/user/libraries/Robopoly_PRismino/src/prismino.cpp: In function &#39;void TIMER4_OVF_vect()&#39;:
/home/ec2-user/arduino-testlib/cli-datadir/user/libraries/Robopoly_PRismino/src/prismino.cpp:179:7: error: &#39;TCCR4B&#39; was not declared in this scope
       TCCR4B = 0;
       ^~~~~~
/home/ec2-user/arduino-testlib/cli-datadir/user/libraries/Robopoly_PRismino/src/prismino.cpp:179:7: note: suggested alternative: &#39;TCCR0B&#39;
       TCCR4B = 0;
       ^~~~~~
       TCCR0B
/home/ec2-user/arduino-testlib/cli-datadir/user/libraries/Robopoly_PRismino/src/prismino.cpp: In function &#39;int8_t setTimer(void (*)(), uint16_t, uint8_t)&#39;:
/home/ec2-user/arduino-testlib/cli-datadir/user/libraries/Robopoly_PRismino/src/prismino.cpp:271:20: error: &#39;OCIE1C&#39; was not declared in this scope
     TIMSK1 = (1 &lt;&lt; OCIE1C);
                    ^~~~~~
/home/ec2-user/arduino-testlib/cli-datadir/user/libraries/Robopoly_PRismino/src/prismino.cpp:271:20: note: suggested alternative: &#39;OCIE1A&#39;
     TIMSK1 = (1 &lt;&lt; OCIE1C);
                    ^~~~~~
                    OCIE1A
/home/ec2-user/arduino-testlib/cli-datadir/user/libraries/Robopoly_PRismino/src/prismino.cpp:272:19: error: &#39;OCF1C&#39; was not declared in this scope
     TIFR1 = (1 &lt;&lt; OCF1C);
                   ^~~~~
/home/ec2-user/arduino-testlib/cli-datadir/user/libraries/Robopoly_PRismino/src/prismino.cpp:272:19: note: suggested alternative: &#39;OCF1A&#39;
     TIFR1 = (1 &lt;&lt; OCF1C);
                   ^~~~~
                   OCF1A
/home/ec2-user/arduino-testlib/cli-datadir/user/libraries/Robopoly_PRismino/src/prismino.cpp: In member function &#39;void Stepper::moveSteps(int16_t, uint16_t)&#39;:
/home/ec2-user/arduino-testlib/cli-datadir/user/libraries/Robopoly_PRismino/src/prismino.cpp:371:3: error: &#39;TCCR4A&#39; was not declared in this scope
   TCCR4A = 0;
   ^~~~~~
/home/ec2-user/arduino-testlib/cli-datadir/user/libraries/Robopoly_PRismino/src/prismino.cpp:371:3: note: suggested alternative: &#39;TCCR0A&#39;
   TCCR4A = 0;
   ^~~~~~
   TCCR0A
/home/ec2-user/arduino-testlib/cli-datadir/user/libraries/Robopoly_PRismino/src/prismino.cpp:3</pre>
					
					<h4>examples/GetPixels</h4>
					<p>
						Result: <b>FAIL</b>
					</p>
					<pre class="pre-scrollable">/home/ec2-user/arduino-testlib/cli-datadir/user/libraries/Robopoly_PRismino/src/prismino.cpp: In function &#39;void setSpeed(int8_t, int8_t)&#39;:
/home/ec2-user/arduino-testlib/cli-datadir/user/libraries/Robopoly_PRismino/src/prismino.cpp:21:3: error: &#39;TCCR4A&#39; was not declared in this scope
   TCCR4A = 0;
   ^~~~~~
/home/ec2-user/arduino-testlib/cli-datadir/user/libraries/Robopoly_PRismino/src/prismino.cpp:21:3: note: suggested alternative: &#39;TCCR0A&#39;
   TCCR4A = 0;
   ^~~~~~
   TCCR0A
/home/ec2-user/arduino-testlib/cli-datadir/user/libraries/Robopoly_PRismino/src/prismino.cpp:22:3: error: &#39;TCCR4B&#39; was not declared in this scope
   TCCR4B = 0;
   ^~~~~~
/home/ec2-user/arduino-testlib/cli-datadir/user/libraries/Robopoly_PRismino/src/prismino.cpp:22:3: note: suggested alternative: &#39;TCCR0B&#39;
   TCCR4B = 0;
   ^~~~~~
   TCCR0B
/home/ec2-user/arduino-testlib/cli-datadir/user/libraries/Robopoly_PRismino/src/prismino.cpp:23:3: error: &#39;TCCR4C&#39; was not declared in this scope
   TCCR4C = 0;
   ^~~~~~
/home/ec2-user/arduino-testlib/cli-datadir/user/libraries/Robopoly_PRismino/src/prismino.cpp:23:3: note: suggested alternative: &#39;TCCR1C&#39;
   TCCR4C = 0;
   ^~~~~~
   TCCR1C
/home/ec2-user/arduino-testlib/cli-datadir/user/libraries/Robopoly_PRismino/src/prismino.cpp:25:3: error: &#39;TCCR4D&#39; was not declared in this scope
   TCCR4D = 0;
   ^~~~~~
/home/ec2-user/arduino-testlib/cli-datadir/user/libraries/Robopoly_PRismino/src/prismino.cpp:25:3: note: suggested alternative: &#39;TCCR0A&#39;
   TCCR4D = 0;
   ^~~~~~
   TCCR0A
/home/ec2-user/arduino-testlib/cli-datadir/user/libraries/Robopoly_PRismino/src/prismino.cpp:26:3: error: &#39;TCCR4E&#39; was not declared in this scope
   TCCR4E = 0;
   ^~~~~~
/home/ec2-user/arduino-testlib/cli-datadir/user/libraries/Robopoly_PRismino/src/prismino.cpp:26:3: note: suggested alternative: &#39;TCCR0A&#39;
   TCCR4E = 0;
   ^~~~~~
   TCCR0A
/home/ec2-user/arduino-testlib/cli-datadir/user/libraries/Robopoly_PRismino/src/prismino.cpp:53:3: error: &#39;TC4H&#39; was not declared in this scope
   TC4H = temp &gt;&gt; 8;
   ^~~~
/home/ec2-user/arduino-testlib/cli-datadir/user/libraries/Robopoly_PRismino/src/prismino.cpp:53:3: note: suggested alternative: &#39;PC4&#39;
   TC4H = temp &gt;&gt; 8;
   ^~~~
   PC4
/home/ec2-user/arduino-testlib/cli-datadir/user/libraries/Robopoly_PRismino/src/prismino.cpp:54:3: error: &#39;OCR4A&#39; was not declared in this scope
   OCR4A = temp &amp; 0xff;
   ^~~~~
/home/ec2-user/arduino-testlib/cli-datadir/user/libraries/Robopoly_PRismino/src/prismino.cpp:54:3: note: suggested alternative: &#39;OCR2A&#39;
   OCR4A = temp &amp; 0xff;
   ^~~~~
   OCR2A
/home/ec2-user/arduino-testlib/cli-datadir/user/libraries/Robopoly_PRismino/src/prismino.cpp:59:3: error: &#39;OCR4B&#39; was not declared in this scope
   OCR4B = temp &amp; 0xff;
   ^~~~~
/home/ec2-user/arduino-testlib/cli-datadir/user/libraries/Robopoly_PRismino/src/prismino.cpp:59:3: note: suggested alternative: &#39;OCR0B&#39;
   OCR4B = temp &amp; 0xff;
   ^~~~~
   OCR0B
/home/ec2-user/arduino-testlib/cli-datadir/user/libraries/Robopoly_PRismino/src/prismino.cpp:63:3: error: &#39;TCNT4&#39; was not declared in this scope
   TCNT4 = 0;
   ^~~~~
/home/ec2-user/arduino-testlib/cli-datadir/user/libraries/Robopoly_PRismino/src/prismino.cpp:63:3: note: suggested alternative: &#39;TCNT0&#39;
   TCNT4 = 0;
   ^~~~~
   TCNT0
/home/ec2-user/arduino-testlib/cli-datadir/user/libraries/Robopoly_PRismino/src/prismino.cpp:67:3: error: &#39;OCR4C&#39; was not declared in this scope
   OCR4C = 0xff;
   ^~~~~
/home/ec2-user/arduino-testlib/cli-datadir/user/libraries/Robopoly_PRismino/src/prismino.cpp:67:3: note: suggested alternative: &#39;OCR2A&#39;
   OCR4C = 0xff;
   ^~~~~
   OCR2A
/home/ec2-user/arduino-testlib/cli-datadir/user/libraries/Robopoly_PRismino/src/prismino.cpp:84:3: error: &#39;TIMSK4&#39; was not declared in this scope
   TIMSK4 = (1 &lt;&lt; OCIE4A) | (1 &lt;&lt; OCIE4B) | (1 &lt;&lt; TOIE4);
   ^~~~~~
/home/ec2-user/arduino-testlib/cli-datadir/user/libraries/Robopoly_PRismino/src/prismino.cpp:84:3: note: suggested alternative: &#39;TIMSK0&#39;
   TIMSK4 = (1 &lt;&lt; OCIE4A) | (1 &lt;&lt; OCIE4B) | (1 &lt;&lt; TOIE4);
   ^~~~~~
   TIMSK0
/home/ec2-user/arduino-testlib/cli-datadir/user/libraries/Robopoly_PRismino/src/prismino.cpp:84:18: error: &#39;OCIE4A&#39; was not declared in this scope
   TIMSK4 = (1 &lt;&lt; OCIE4A) | (1 &lt;&lt; OCIE4B) | (1 &lt;&lt; TOIE4);
                  ^~~~~~
/home/ec2-user/arduino-testlib/cli-datadir/user/libraries/Robopoly_PRismino/src/prismino.cpp:84:18: note: suggested alternative: &#39;OCIE0A&#39;
   TIMSK4 = (1 &lt;&lt; OCIE4A) | (1 &lt;&lt; OCIE4B) | (1 &lt;&lt; TOIE4);
                  ^~~~~~
                  OCIE0A
/home/ec2-user/arduino-testlib/cli-datadir/user/libraries/Robopoly_PRismino/src/prismino.cpp:84:34: error: &#39;OCIE4B&#39; was not declared in this scope
   TIMSK4 = (1 &lt;&lt; OCIE4A) | (1 &lt;&lt; OCIE4B) | (1 &lt;&lt; TOIE4);
                                  ^~~~~~
/home/ec2-user/arduino-testlib/cli-datadir/user/libraries/Robopoly_PRismino/src/prismino.cpp:84:34: note: suggested alternative: &#39;OCIE0B&#39;
   TIMSK4 = (1 &lt;&lt; OCIE4A) | (1 &lt;&lt; OCIE4B) | (1 &lt;&lt; TOIE4);
                                  ^~~~~~
                                  OCIE0B
/home/ec2-user/arduino-testlib/cli-datadir/user/libraries/Robopoly_PRismino/src/prismino.cpp:84:50: error: &#39;TOIE4&#39; was not declared in this scope
   TIMSK4 = (1 &lt;&lt; OCIE4A) | (1 &lt;&lt; OCIE4B) | (1 &lt;&lt; TOIE4);
                                                  ^~~~~
/home/ec2-user/arduino-testlib/cli-datadir/user/libraries/Robopoly_PRismino/src/prismino.cpp:84:50: note: suggested alternative: &#39;TOIE0&#39;
   TIMSK4 = (1 &lt;&lt; OCIE4A) | (1 &lt;&lt; OCIE4B) | (1 &lt;&lt; TOIE4);
                                                  ^~~~~
                                                  TOIE0
/home/ec2-user/arduino-testlib/cli-datadir/user/libraries/Robopoly_PRismino/src/prismino.cpp:86:3: error: &#39;TIFR4&#39; was not declared in this scope
   TIFR4 = (1 &lt;&lt; OCF4A) | (1 &lt;&lt; OCF4B) | (1 &lt;&lt; TOV4);
   ^~~~~
/home/ec2-user/arduino-testlib/cli-datadir/user/libraries/Robopoly_PRismino/src/prismino.cpp:86:3: note: suggested alternative: &#39;TIFR0&#39;
   TIFR4 = (1 &lt;&lt; OCF4A) | (1 &lt;&lt; OCF4B) | (1 &lt;&lt; TOV4);
   ^~~~~
   TIFR0
/home/ec2-user/arduino-testlib/cli-datadir/user/libraries/Robopoly_PRismino/src/prismino.cpp:86:17: error: &#39;OCF4A&#39; was not declared in this scope
   TIFR4 = (1 &lt;&lt; OCF4A) | (1 &lt;&lt; OCF4B) | (1 &lt;&lt; TOV4);
                 ^~~~~
/home/ec2-user/arduino-testlib/cli-datadir/user/libraries/Robopoly_PRismino/src/prismino.cpp:86:17: note: suggested alternative: &#39;OCF1A&#39;
   TIFR4 = (1 &lt;&lt; OCF4A) | (1 &lt;&lt; OCF4B) | (1 &lt;&lt; TOV4);
                 ^~~~~
                 OCF1A
/home/ec2-user/arduino-testlib/cli-datadir/user/libraries/Robopoly_PRismino/src/prismino.cpp:86:32: error: &#39;OCF4B&#39; was not declared in this scope
   TIFR4 = (1 &lt;&lt; OCF4A) | (1 &lt;&lt; OCF4B) | (1 &lt;&lt; TOV4);
                                ^~~~~
/home/ec2-user/arduino-testlib/cli-datadir/user/libraries/Robopoly_PRismino/src/prismino.cpp:86:32: note: suggested alternative: &#39;OCF0B&#39;
   TIFR4 = (1 &lt;&lt; OCF4A) | (1 &lt;&lt; OCF4B) | (1 &lt;&lt; TOV4);
                                ^~~~~
                                OCF0B
/home/ec2-user/arduino-testlib/cli-datadir/user/libraries/Robopoly_PRismino/src/prismino.cpp:86:47: error: &#39;TOV4&#39; was not declared in this scope
   TIFR4 = (1 &lt;&lt; OCF4A) | (1 &lt;&lt; OCF4B) | (1 &lt;&lt; TOV4);
                                               ^~~~
/home/ec2-user/arduino-testlib/cli-datadir/user/libraries/Robopoly_PRismino/src/prismino.cpp:86:47: note: suggested alternative: &#39;TOV0&#39;
   TIFR4 = (1 &lt;&lt; OCF4A) | (1 &lt;&lt; OCF4B) | (1 &lt;&lt; TOV4);
                                               ^~~~
                                               TOV0
/home/ec2-user/arduino-testlib/cli-datadir/user/libraries/Robopoly_PRismino/src/prismino.cpp:89:18: error: &#39;CS40&#39; was not declared in this scope
   TCCR4B = (1 &lt;&lt; CS40);
                  ^~~~
/home/ec2-user/arduino-testlib/cli-datadir/user/libraries/Robopoly_PRismino/src/prismino.cpp:89:18: note: suggested alternative: &#39;CS00&#39;
   TCCR4B = (1 &lt;&lt; CS40);
                  ^~~~
                  CS00
/home/ec2-user/arduino-testlib/cli-datadir/user/libraries/Robopoly_PRismino/src/prismino.cpp: In function &#39;void TIMER4_OVF_vect()&#39;:
/home/ec2-user/arduino-testlib/cli-datadir/user/libraries/Robopoly_PRismino/src/prismino.cpp:179:7: error: &#39;TCCR4B&#39; was not declared in this scope
       TCCR4B = 0;
       ^~~~~~
/home/ec2-user/arduino-testlib/cli-datadir/user/libraries/Robopoly_PRismino/src/prismino.cpp:179:7: note: suggested alternative: &#39;TCCR0B&#39;
       TCCR4B = 0;
       ^~~~~~
       TCCR0B
/home/ec2-user/arduino-testlib/cli-datadir/user/libraries/Robopoly_PRismino/src/prismino.cpp: In function &#39;int8_t setTimer(void (*)(), uint16_t, uint8_t)&#39;:
/home/ec2-user/arduino-testlib/cli-datadir/user/libraries/Robopoly_PRismino/src/prismino.cpp:271:20: error: &#39;OCIE1C&#39; was not declared in this scope
     TIMSK1 = (1 &lt;&lt; OCIE1C);
                    ^~~~~~
/home/ec2-user/arduino-testlib/cli-datadir/user/libraries/Robopoly_PRismino/src/prismino.cpp:271:20: note: suggested alternative: &#39;OCIE1A&#39;
     TIMSK1 = (1 &lt;&lt; OCIE1C);
                    ^~~~~~
                    OCIE1A
/home/ec2-user/arduino-testlib/cli-datadir/user/libraries/Robopoly_PRismino/src/prismino.cpp:272:19: error: &#39;OCF1C&#39; was not declared in this scope
     TIFR1 = (1 &lt;&lt; OCF1C);
                   ^~~~~
/home/ec2-user/arduino-testlib/cli-datadir/user/libraries/Robopoly_PRismino/src/prismino.cpp:272:19: note: suggested alternative: &#39;OCF1A&#39;
     TIFR1 = (1 &lt;&lt; OCF1C);
                   ^~~~~
                   OCF1A
/home/ec2-user/arduino-testlib/cli-datadir/user/libraries/Robopoly_PRismino/src/prismino.cpp: In member function &#39;void Stepper::moveSteps(int16_t, uint16_t)&#39;:
/home/ec2-user/arduino-testlib/cli-datadir/user/libraries/Robopoly_PRismino/src/prismino.cpp:371:3: error: &#39;TCCR4A&#39; was not declared in this scope
   TCCR4A = 0;
   ^~~~~~
/home/ec2-user/arduino-testlib/cli-datadir/user/libraries/Robopoly_PRismino/src/prismino.cpp:371:3: note: suggested alternative: &#39;TCCR0A&#39;
   TCCR4A = 0;
   ^~~~~~
   TCCR0A
/home/ec2-user/arduino-testlib/cli-datadir/user/libraries/Robopoly_PRismino/src/prismino.cpp:3</pre>
					
				
				<h3 id="arduino:mbed_nano:nanorp2040connect">arduino:mbed_nano:nanorp2040connect @ 2.7.2</h3>
				<h4>Inclusion</h4>
				<p>
					Result: <b>FAIL</b>
					
				</p>
				<pre class="pre-scrollable">/home/ec2-user/arduino-testlib/cli-datadir/user/libraries/Robopoly_Linear_Camera/src/LinearCamera.cpp:11:10: fatal error: util/twi.h: No such file or directory
 #include &lt;util/twi.h&gt;
          ^~~~~~~~~~~~
compilation terminated.

</pre>

					
					<h4>examples/FindHighest</h4>
					<p>
						Result: <b>FAIL</b>
					</p>
					<pre class="pre-scrollable">/home/ec2-user/arduino-testlib/cli-datadir/user/libraries/Robopoly_Linear_Camera/src/LinearCamera.cpp:11:10: fatal error: util/twi.h: No such file or directory
 #include &lt;util/twi.h&gt;
          ^~~~~~~~~~~~
compilation terminated.

</pre>
					
					<h4>examples/GetPixels</h4>
					<p>
						Result: <b>FAIL</b>
					</p>
					<pre class="pre-scrollable">/home/ec2-user/arduino-testlib/cli-datadir/user/libraries/Robopoly_Linear_Camera/src/LinearCamera.cpp:11:10: fatal error: util/twi.h: No such file or directory
 #include &lt;util/twi.h&gt;
          ^~~~~~~~~~~~
compilation terminated.

</pre>
					
				
				<h3 id="arduino:megaavr:nona4809">arduino:megaavr:nona4809 @ 1.8.7</h3>
				<h4>Inclusion</h4>
				<p>
					Result: <b>FAIL</b>
					
				</p>
				<pre class="pre-scrollable">WARNING: library Robopoly_Linear_Camera claims to run on avr architecture(s) and may be incompatible with your current board which runs on megaavr architecture(s).
/home/ec2-user/arduino-testlib/cli-datadir/user/libraries/Robopoly_Linear_Camera/src/LinearCamera.cpp: In member function &#39;void LinearCamera::twiStart()&#39;:
/home/ec2-user/arduino-testlib/cli-datadir/user/libraries/Robopoly_Linear_Camera/src/LinearCamera.cpp:16:5: error: &#39;TWCR&#39; was not declared in this scope
     TWCR = (1 &lt;&lt; TWINT) | (1 &lt;&lt; TWSTA) | (1 &lt;&lt; TWEN);
     ^~~~
/home/ec2-user/arduino-testlib/cli-datadir/user/libraries/Robopoly_Linear_Camera/src/LinearCamera.cpp:16:5: note: suggested alternative: &#39;TWI0&#39;
     TWCR = (1 &lt;&lt; TWINT) | (1 &lt;&lt; TWSTA) | (1 &lt;&lt; TWEN);
     ^~~~
     TWI0
/home/ec2-user/arduino-testlib/cli-datadir/user/libraries/Robopoly_Linear_Camera/src/LinearCamera.cpp:16:18: error: &#39;TWINT&#39; was not declared in this scope
     TWCR = (1 &lt;&lt; TWINT) | (1 &lt;&lt; TWSTA) | (1 &lt;&lt; TWEN);
                  ^~~~~
/home/ec2-user/arduino-testlib/cli-datadir/user/libraries/Robopoly_Linear_Camera/src/LinearCamera.cpp:16:18: note: suggested alternative: &#39;TWI_t&#39;
     TWCR = (1 &lt;&lt; TWINT) | (1 &lt;&lt; TWSTA) | (1 &lt;&lt; TWEN);
                  ^~~~~
                  TWI_t
/home/ec2-user/arduino-testlib/cli-datadir/user/libraries/Robopoly_Linear_Camera/src/LinearCamera.cpp:16:33: error: &#39;TWSTA&#39; was not declared in this scope
     TWCR = (1 &lt;&lt; TWINT) | (1 &lt;&lt; TWSTA) | (1 &lt;&lt; TWEN);
                                 ^~~~~
/home/ec2-user/arduino-testlib/cli-datadir/user/libraries/Robopoly_Linear_Camera/src/LinearCamera.cpp:16:33: note: suggested alternative: &#39;TWISPD&#39;
     TWCR = (1 &lt;&lt; TWINT) | (1 &lt;&lt; TWSTA) | (1 &lt;&lt; TWEN);
                                 ^~~~~
                                 TWISPD
/home/ec2-user/arduino-testlib/cli-datadir/user/libraries/Robopoly_Linear_Camera/src/LinearCamera.cpp:16:48: error: &#39;TWEN&#39; was not declared in this scope
     TWCR = (1 &lt;&lt; TWINT) | (1 &lt;&lt; TWSTA) | (1 &lt;&lt; TWEN);
                                                ^~~~
/home/ec2-user/arduino-testlib/cli-datadir/user/libraries/Robopoly_Linear_Camera/src/LinearCamera.cpp:16:48: note: suggested alternative: &#39;TWI0&#39;
     TWCR = (1 &lt;&lt; TWINT) | (1 &lt;&lt; TWSTA) | (1 &lt;&lt; TWEN);
                                                ^~~~
                                                TWI0
/home/ec2-user/arduino-testlib/cli-datadir/user/libraries/Robopoly_Linear_Camera/src/LinearCamera.cpp: In member function &#39;void LinearCamera::twiStop()&#39;:
/home/ec2-user/arduino-testlib/cli-datadir/user/libraries/Robopoly_Linear_Camera/src/LinearCamera.cpp:23:5: error: &#39;TWCR&#39; was not declared in this scope
     TWCR = (1 &lt;&lt; TWINT) | (1 &lt;&lt; TWSTO) | (1 &lt;&lt; TWEN);
     ^~~~
/home/ec2-user/arduino-testlib/cli-datadir/user/libraries/Robopoly_Linear_Camera/src/LinearCamera.cpp:23:5: note: suggested alternative: &#39;TWI0&#39;
     TWCR = (1 &lt;&lt; TWINT) | (1 &lt;&lt; TWSTO) | (1 &lt;&lt; TWEN);
     ^~~~
     TWI0
/home/ec2-user/arduino-testlib/cli-datadir/user/libraries/Robopoly_Linear_Camera/src/LinearCamera.cpp:23:18: error: &#39;TWINT&#39; was not declared in this scope
     TWCR = (1 &lt;&lt; TWINT) | (1 &lt;&lt; TWSTO) | (1 &lt;&lt; TWEN);
                  ^~~~~
/home/ec2-user/arduino-testlib/cli-datadir/user/libraries/Robopoly_Linear_Camera/src/LinearCamera.cpp:23:18: note: suggested alternative: &#39;TWI_t&#39;
     TWCR = (1 &lt;&lt; TWINT) | (1 &lt;&lt; TWSTO) | (1 &lt;&lt; TWEN);
                  ^~~~~
                  TWI_t
/home/ec2-user/arduino-testlib/cli-datadir/user/libraries/Robopoly_Linear_Camera/src/LinearCamera.cpp:23:33: error: &#39;TWSTO&#39; was not declared in this scope
     TWCR = (1 &lt;&lt; TWINT) | (1 &lt;&lt; TWSTO) | (1 &lt;&lt; TWEN);
                                 ^~~~~
/home/ec2-user/arduino-testlib/cli-datadir/user/libraries/Robopoly_Linear_Camera/src/LinearCamera.cpp:23:33: note: suggested alternative: &#39;TWISPD&#39;
     TWCR = (1 &lt;&lt; TWINT) | (1 &lt;&lt; TWSTO) | (1 &lt;&lt; TWEN);
                                 ^~~~~
                                 TWISPD
/home/ec2-user/arduino-testlib/cli-datadir/user/libraries/Robopoly_Linear_Camera/src/LinearCamera.cpp:23:48: error: &#39;TWEN&#39; was not declared in this scope
     TWCR = (1 &lt;&lt; TWINT) | (1 &lt;&lt; TWSTO) | (1 &lt;&lt; TWEN);
                                                ^~~~
/home/ec2-user/arduino-testlib/cli-datadir/user/libraries/Robopoly_Linear_Camera/src/LinearCamera.cpp:23:48: note: suggested alternative: &#39;TWI0&#39;
     TWCR = (1 &lt;&lt; TWINT) | (1 &lt;&lt; TWSTO) | (1 &lt;&lt; TWEN);
                                                ^~~~
                                                TWI0
/home/ec2-user/arduino-testlib/cli-datadir/user/libraries/Robopoly_Linear_Camera/src/LinearCamera.cpp: In member function &#39;void LinearCamera::twiWrite(uint8_t)&#39;:
/home/ec2-user/arduino-testlib/cli-datadir/user/libraries/Robopoly_Linear_Camera/src/LinearCamera.cpp:29:5: error: &#39;TWDR&#39; was not declared in this scope
     TWDR = data;
     ^~~~
/home/ec2-user/arduino-testlib/cli-datadir/user/libraries/Robopoly_Linear_Camera/src/LinearCamera.cpp:29:5: note: suggested alternative: &#39;TWI0&#39;
     TWDR = data;
     ^~~~
     TWI0
/home/ec2-user/arduino-testlib/cli-datadir/user/libraries/Robopoly_Linear_Camera/src/LinearCamera.cpp:30:5: error: &#39;TWCR&#39; was not declared in this scope
     TWCR = (1 &lt;&lt; TWINT) | (1 &lt;&lt; TWEN);
     ^~~~
/home/ec2-user/arduino-testlib/cli-datadir/user/libraries/Robopoly_Linear_Camera/src/LinearCamera.cpp:30:5: note: suggested alternative: &#39;TWI0&#39;
     TWCR = (1 &lt;&lt; TWINT) | (1 &lt;&lt; TWEN);
     ^~~~
     TWI0
/home/ec2-user/arduino-testlib/cli-datadir/user/libraries/Robopoly_Linear_Camera/src/LinearCamera.cpp:30:18: error: &#39;TWINT&#39; was not declared in this scope
     TWCR = (1 &lt;&lt; TWINT) | (1 &lt;&lt; TWEN);
                  ^~~~~
/home/ec2-user/arduino-testlib/cli-datadir/user/libraries/Robopoly_Linear_Camera/src/LinearCamera.cpp:30:18: note: suggested alternative: &#39;TWI_t&#39;
     TWCR = (1 &lt;&lt; TWINT) | (1 &lt;&lt; TWEN);
                  ^~~~~
                  TWI_t
/home/ec2-user/arduino-testlib/cli-datadir/user/libraries/Robopoly_Linear_Camera/src/LinearCamera.cpp:30:33: error: &#39;TWEN&#39; was not declared in this scope
     TWCR = (1 &lt;&lt; TWINT) | (1 &lt;&lt; TWEN);
                                 ^~~~
/home/ec2-user/arduino-testlib/cli-datadir/user/libraries/Robopoly_Linear_Camera/src/LinearCamera.cpp:30:33: note: suggested alternative: &#39;TWI0&#39;
     TWCR = (1 &lt;&lt; TWINT) | (1 &lt;&lt; TWEN);
                                 ^~~~
                                 TWI0
/home/ec2-user/arduino-testlib/cli-datadir/user/libraries/Robopoly_Linear_Camera/src/LinearCamera.cpp: In member function &#39;uint8_t LinearCamera::twiReadAck()&#39;:
/home/ec2-user/arduino-testlib/cli-datadir/user/libraries/Robopoly_Linear_Camera/src/LinearCamera.cpp:38:5: error: &#39;TWCR&#39; was not declared in this scope
     TWCR = (1 &lt;&lt; TWINT) | (1 &lt;&lt; TWEN) | (1 &lt;&lt; TWEA);
     ^~~~
/home/ec2-user/arduino-testlib/cli-datadir/user/libraries/Robopoly_Linear_Camera/src/LinearCamera.cpp:38:5: note: suggested alternative: &#39;TWI0&#39;
     TWCR = (1 &lt;&lt; TWINT) | (1 &lt;&lt; TWEN) | (1 &lt;&lt; TWEA);
     ^~~~
     TWI0
/home/ec2-user/arduino-testlib/cli-datadir/user/libraries/Robopoly_Linear_Camera/src/LinearCamera.cpp:38:18: error: &#39;TWINT&#39; was not declared in this scope
     TWCR = (1 &lt;&lt; TWINT) | (1 &lt;&lt; TWEN) | (1 &lt;&lt; TWEA);
                  ^~~~~
/home/ec2-user/arduino-testlib/cli-datadir/user/libraries/Robopoly_Linear_Camera/src/LinearCamera.cpp:38:18: note: suggested alternative: &#39;TWI_t&#39;
     TWCR = (1 &lt;&lt; TWINT) | (1 &lt;&lt; TWEN) | (1 &lt;&lt; TWEA);
                  ^~~~~
                  TWI_t
/home/ec2-user/arduino-testlib/cli-datadir/user/libraries/Robopoly_Linear_Camera/src/LinearCamera.cpp:38:33: error: &#39;TWEN&#39; was not declared in this scope
     TWCR = (1 &lt;&lt; TWINT) | (1 &lt;&lt; TWEN) | (1 &lt;&lt; TWEA);
                                 ^~~~
/home/ec2-user/arduino-testlib/cli-datadir/user/libraries/Robopoly_Linear_Camera/src/LinearCamera.cpp:38:33: note: suggested alternative: &#39;TWI0&#39;
     TWCR = (1 &lt;&lt; TWINT) | (1 &lt;&lt; TWEN) | (1 &lt;&lt; TWEA);
                                 ^~~~
                                 TWI0
/home/ec2-user/arduino-testlib/cli-datadir/user/libraries/Robopoly_Linear_Camera/src/LinearCamera.cpp:38:47: error: &#39;TWEA&#39; was not declared in this scope
     TWCR = (1 &lt;&lt; TWINT) | (1 &lt;&lt; TWEN) | (1 &lt;&lt; TWEA);
                                               ^~~~
/home/ec2-user/arduino-testlib/cli-datadir/user/libraries/Robopoly_Linear_Camera/src/LinearCamera.cpp:38:47: note: suggested alternative: &#39;TWI0&#39;
     TWCR = (1 &lt;&lt; TWINT) | (1 &lt;&lt; TWEN) | (1 &lt;&lt; TWEA);
                                               ^~~~
                                               TWI0
/home/ec2-user/arduino-testlib/cli-datadir/user/libraries/Robopoly_Linear_Camera/src/LinearCamera.cpp:40:12: error: &#39;TWDR&#39; was not declared in this scope
     return TWDR;
            ^~~~
/home/ec2-user/arduino-testlib/cli-datadir/user/libraries/Robopoly_Linear_Camera/src/LinearCamera.cpp:40:12: note: suggested alternative: &#39;TWI0&#39;
     return TWDR;
            ^~~~
            TWI0
/home/ec2-user/arduino-testlib/cli-datadir/user/libraries/Robopoly_Linear_Camera/src/LinearCamera.cpp: In member function &#39;uint8_t LinearCamera::twiReadNack()&#39;:
/home/ec2-user/arduino-testlib/cli-datadir/user/libraries/Robopoly_Linear_Camera/src/LinearCamera.cpp:46:5: error: &#39;TWCR&#39; was not declared in this scope
     TWCR = (1 &lt;&lt; TWINT) | (1 &lt;&lt; TWEN);
     ^~~~
/home/ec2-user/arduino-testlib/cli-datadir/user/libraries/Robopoly_Linear_Camera/src/LinearCamera.cpp:46:5: note: suggested alternative: &#39;TWI0&#39;
     TWCR = (1 &lt;&lt; TWINT) | (1 &lt;&lt; TWEN);
     ^~~~
     TWI0
/home/ec2-user/arduino-testlib/cli-datadir/user/libraries/Robopoly_Linear_Camera/src/LinearCamera.cpp:46:18: error: &#39;TWINT&#39; was not declared in this scope
     TWCR = (1 &lt;&lt; TWINT) | (1 &lt;&lt; TWEN);
                  ^~~~~
/home/ec2-user/arduino-testlib/cli-datadir/user/libraries/Robopoly_Linear_Camera/src/LinearCamera.cpp:46:18: note: suggested alternative: &#39;TWI_t&#39;
     TWCR = (1 &lt;&lt; TWINT) | (1 &lt;&lt; TWEN);
                  ^~~~~
                  TWI_t
/home/ec2-user/arduino-testlib/cli-datadir/use</pre>

					
					<h4>examples/FindHighest</h4>
					<p>
						Result: <b>FAIL</b>
					</p>
					<pre class="pre-scrollable">WARNING: library Robopoly_PRismino claims to run on avr architecture(s) and may be incompatible with your current board which runs on megaavr architecture(s).
WARNING: library Robopoly_Linear_Camera claims to run on avr architecture(s) and may be incompatible with your current board which runs on megaavr architecture(s).
/home/ec2-user/arduino-testlib/cli-datadir/user/libraries/Robopoly_PRismino/src/prismino.cpp: In function &#39;void setSpeed(int8_t, int8_t)&#39;:
/home/ec2-user/arduino-testlib/cli-datadir/user/libraries/Robopoly_PRismino/src/prismino.cpp:21:3: error: &#39;TCCR4A&#39; was not declared in this scope
   TCCR4A = 0;
   ^~~~~~
/home/ec2-user/arduino-testlib/cli-datadir/user/libraries/Robopoly_PRismino/src/prismino.cpp:22:3: error: &#39;TCCR4B&#39; was not declared in this scope
   TCCR4B = 0;
   ^~~~~~
/home/ec2-user/arduino-testlib/cli-datadir/user/libraries/Robopoly_PRismino/src/prismino.cpp:23:3: error: &#39;TCCR4C&#39; was not declared in this scope
   TCCR4C = 0;
   ^~~~~~
/home/ec2-user/arduino-testlib/cli-datadir/user/libraries/Robopoly_PRismino/src/prismino.cpp:25:3: error: &#39;TCCR4D&#39; was not declared in this scope
   TCCR4D = 0;
   ^~~~~~
/home/ec2-user/arduino-testlib/cli-datadir/user/libraries/Robopoly_PRismino/src/prismino.cpp:26:3: error: &#39;TCCR4E&#39; was not declared in this scope
   TCCR4E = 0;
   ^~~~~~
/home/ec2-user/arduino-testlib/cli-datadir/user/libraries/Robopoly_PRismino/src/prismino.cpp:53:3: error: &#39;TC4H&#39; was not declared in this scope
   TC4H = temp &gt;&gt; 8;
   ^~~~
/home/ec2-user/arduino-testlib/cli-datadir/user/libraries/Robopoly_PRismino/src/prismino.cpp:53:3: note: suggested alternative: &#39;TCA0&#39;
   TC4H = temp &gt;&gt; 8;
   ^~~~
   TCA0
/home/ec2-user/arduino-testlib/cli-datadir/user/libraries/Robopoly_PRismino/src/prismino.cpp:54:3: error: &#39;OCR4A&#39; was not declared in this scope
   OCR4A = temp &amp; 0xff;
   ^~~~~
/home/ec2-user/arduino-testlib/cli-datadir/user/libraries/Robopoly_PRismino/src/prismino.cpp:59:3: error: &#39;OCR4B&#39; was not declared in this scope
   OCR4B = temp &amp; 0xff;
   ^~~~~
/home/ec2-user/arduino-testlib/cli-datadir/user/libraries/Robopoly_PRismino/src/prismino.cpp:63:3: error: &#39;TCNT4&#39; was not declared in this scope
   TCNT4 = 0;
   ^~~~~
/home/ec2-user/arduino-testlib/cli-datadir/user/libraries/Robopoly_PRismino/src/prismino.cpp:67:3: error: &#39;OCR4C&#39; was not declared in this scope
   OCR4C = 0xff;
   ^~~~~
/home/ec2-user/arduino-testlib/cli-datadir/user/libraries/Robopoly_PRismino/src/prismino.cpp:84:3: error: &#39;TIMSK4&#39; was not declared in this scope
   TIMSK4 = (1 &lt;&lt; OCIE4A) | (1 &lt;&lt; OCIE4B) | (1 &lt;&lt; TOIE4);
   ^~~~~~
/home/ec2-user/arduino-testlib/cli-datadir/user/libraries/Robopoly_PRismino/src/prismino.cpp:84:18: error: &#39;OCIE4A&#39; was not declared in this scope
   TIMSK4 = (1 &lt;&lt; OCIE4A) | (1 &lt;&lt; OCIE4B) | (1 &lt;&lt; TOIE4);
                  ^~~~~~
/home/ec2-user/arduino-testlib/cli-datadir/user/libraries/Robopoly_PRismino/src/prismino.cpp:84:34: error: &#39;OCIE4B&#39; was not declared in this scope
   TIMSK4 = (1 &lt;&lt; OCIE4A) | (1 &lt;&lt; OCIE4B) | (1 &lt;&lt; TOIE4);
                                  ^~~~~~
/home/ec2-user/arduino-testlib/cli-datadir/user/libraries/Robopoly_PRismino/src/prismino.cpp:84:50: error: &#39;TOIE4&#39; was not declared in this scope
   TIMSK4 = (1 &lt;&lt; OCIE4A) | (1 &lt;&lt; OCIE4B) | (1 &lt;&lt; TOIE4);
                                                  ^~~~~
/home/ec2-user/arduino-testlib/cli-datadir/user/libraries/Robopoly_PRismino/src/prismino.cpp:86:3: error: &#39;TIFR4&#39; was not declared in this scope
   TIFR4 = (1 &lt;&lt; OCF4A) | (1 &lt;&lt; OCF4B) | (1 &lt;&lt; TOV4);
   ^~~~~
/home/ec2-user/arduino-testlib/cli-datadir/user/libraries/Robopoly_PRismino/src/prismino.cpp:86:17: error: &#39;OCF4A&#39; was not declared in this scope
   TIFR4 = (1 &lt;&lt; OCF4A) | (1 &lt;&lt; OCF4B) | (1 &lt;&lt; TOV4);
                 ^~~~~
/home/ec2-user/arduino-testlib/cli-datadir/user/libraries/Robopoly_PRismino/src/prismino.cpp:86:32: error: &#39;OCF4B&#39; was not declared in this scope
   TIFR4 = (1 &lt;&lt; OCF4A) | (1 &lt;&lt; OCF4B) | (1 &lt;&lt; TOV4);
                                ^~~~~
/home/ec2-user/arduino-testlib/cli-datadir/user/libraries/Robopoly_PRismino/src/prismino.cpp:86:47: error: &#39;TOV4&#39; was not declared in this scope
   TIFR4 = (1 &lt;&lt; OCF4A) | (1 &lt;&lt; OCF4B) | (1 &lt;&lt; TOV4);
                                               ^~~~
/home/ec2-user/arduino-testlib/cli-datadir/user/libraries/Robopoly_PRismino/src/prismino.cpp:89:18: error: &#39;CS40&#39; was not declared in this scope
   TCCR4B = (1 &lt;&lt; CS40);
                  ^~~~
/home/ec2-user/arduino-testlib/cli-datadir/user/libraries/Robopoly_PRismino/src/prismino.cpp: In function &#39;void TIMER4_OVF_vect()&#39;:
/home/ec2-user/arduino-testlib/cli-datadir/user/libraries/Robopoly_PRismino/src/prismino.cpp:179:7: error: &#39;TCCR4B&#39; was not declared in this scope
       TCCR4B = 0;
       ^~~~~~
/home/ec2-user/arduino-testlib/cli-datadir/user/libraries/Robopoly_PRismino/src/prismino.cpp: In function &#39;int8_t setTimer(void (*)(), uint16_t, uint8_t)&#39;:
/home/ec2-user/arduino-testlib/cli-datadir/user/libraries/Robopoly_PRismino/src/prismino.cpp:265:5: error: &#39;TCCR1A&#39; was not declared in this scope
     TCCR1A = 0;
     ^~~~~~
/home/ec2-user/arduino-testlib/cli-datadir/user/libraries/Robopoly_PRismino/src/prismino.cpp:265:5: note: suggested alternative: &#39;TCB1&#39;
     TCCR1A = 0;
     ^~~~~~
     TCB1
/home/ec2-user/arduino-testlib/cli-datadir/user/libraries/Robopoly_PRismino/src/prismino.cpp:266:5: error: &#39;TCCR1B&#39; was not declared in this scope
     TCCR1B = (1 &lt;&lt; WGM12) | (1 &lt;&lt; CS12);
     ^~~~~~
/home/ec2-user/arduino-testlib/cli-datadir/user/libraries/Robopoly_PRismino/src/prismino.cpp:266:5: note: suggested alternative: &#39;TCB1&#39;
     TCCR1B = (1 &lt;&lt; WGM12) | (1 &lt;&lt; CS12);
     ^~~~~~
     TCB1
/home/ec2-user/arduino-testlib/cli-datadir/user/libraries/Robopoly_PRismino/src/prismino.cpp:266:20: error: &#39;WGM12&#39; was not declared in this scope
     TCCR1B = (1 &lt;&lt; WGM12) | (1 &lt;&lt; CS12);
                    ^~~~~
/home/ec2-user/arduino-testlib/cli-datadir/user/libraries/Robopoly_PRismino/src/prismino.cpp:266:35: error: &#39;CS12&#39; was not declared in this scope
     TCCR1B = (1 &lt;&lt; WGM12) | (1 &lt;&lt; CS12);
                                   ^~~~
/home/ec2-user/arduino-testlib/cli-datadir/user/libraries/Robopoly_PRismino/src/prismino.cpp:266:35: note: suggested alternative: &#39;S2&#39;
     TCCR1B = (1 &lt;&lt; WGM12) | (1 &lt;&lt; CS12);
                                   ^~~~
                                   S2
/home/ec2-user/arduino-testlib/cli-datadir/user/libraries/Robopoly_PRismino/src/prismino.cpp:267:5: error: &#39;TCNT1&#39; was not declared in this scope
     TCNT1 = 0;
     ^~~~~
/home/ec2-user/arduino-testlib/cli-datadir/user/libraries/Robopoly_PRismino/src/prismino.cpp:267:5: note: suggested alternative: &#39;TCB1&#39;
     TCNT1 = 0;
     ^~~~~
     TCB1
/home/ec2-user/arduino-testlib/cli-datadir/user/libraries/Robopoly_PRismino/src/prismino.cpp:270:5: error: &#39;OCR1A&#39; was not declared in this scope
     OCR1A = 6250;
     ^~~~~
/home/ec2-user/arduino-testlib/cli-datadir/user/libraries/Robopoly_PRismino/src/prismino.cpp:271:5: error: &#39;TIMSK1&#39; was not declared in this scope
     TIMSK1 = (1 &lt;&lt; OCIE1C);
     ^~~~~~
/home/ec2-user/arduino-testlib/cli-datadir/user/libraries/Robopoly_PRismino/src/prismino.cpp:271:5: note: suggested alternative: &#39;TIMERB1&#39;
     TIMSK1 = (1 &lt;&lt; OCIE1C);
     ^~~~~~
     TIMERB1
/home/ec2-user/arduino-testlib/cli-datadir/user/libraries/Robopoly_PRismino/src/prismino.cpp:271:20: error: &#39;OCIE1C&#39; was not declared in this scope
     TIMSK1 = (1 &lt;&lt; OCIE1C);
                    ^~~~~~
/home/ec2-user/arduino-testlib/cli-datadir/user/libraries/Robopoly_PRismino/src/prismino.cpp:272:5: error: &#39;TIFR1&#39; was not declared in this scope
     TIFR1 = (1 &lt;&lt; OCF1C);
     ^~~~~
/home/ec2-user/arduino-testlib/cli-datadir/user/libraries/Robopoly_PRismino/src/prismino.cpp:272:19: error: &#39;OCF1C&#39; was not declared in this scope
     TIFR1 = (1 &lt;&lt; OCF1C);
                   ^~~~~
/home/ec2-user/arduino-testlib/cli-datadir/user/libraries/Robopoly_PRismino/src/prismino.cpp: In member function &#39;void Stepper::moveSteps(int16_t, uint16_t)&#39;:
/home/ec2-user/arduino-testlib/cli-datadir/user/libraries/Robopoly_PRismino/src/prismino.cpp:371:3: error: &#39;TCCR4A&#39; was not declared in this scope
   TCCR4A = 0;
   ^~~~~~
/home/ec2-user/arduino-testlib/cli-datadir/user/libraries/Robopoly_PRismino/src/prismino.cpp:372:3: error: &#39;TCCR4B&#39; was not declared in this scope
   TCCR4B = 0;
   ^~~~~~
/home/ec2-user/arduino-testlib/cli-datadir/user/libraries/Robopoly_PRismino/src/prismino.cpp:373:3: error: &#39;TCCR4C&#39; was not declared in this scope
   TCCR4C = 0;
   ^~~~~~
/home/ec2-user/arduino-testlib/cli-datadir/user/libraries/Robopoly_PRismino/src/prismino.cpp:375:3: error: &#39;TCCR4D&#39; was not declared in this scope
   TCCR4D = (1 &lt;&lt; WGM40);
   ^~~~~~
/home/ec2-user/arduino-testlib/cli-datadir/user/libraries/Robopoly_PRismino/src/prismino.cpp:375:18: error: &#39;WGM40&#39; was not declared in this scope
   TCCR4D = (1 &lt;&lt; WGM40);
                  ^~~~~
/home/ec2-user/arduino-testlib/cli-datadir/user/libraries/Robopoly_PRismino/src/prismino.cpp:376:3: error: &#39;TCCR4E&#39; was not declared in this scope
   TCCR4E = 0;
   ^~~~~~
/home/ec2-user/arduino-testlib/cli-datadir/user/libraries/Robopoly_PRismino/src/prismino.cpp:379:3: error: &#39;TC4H&#39; was not declared in this scope
   TC4H = 0;
   ^~~~
/home/ec2-user/arduino-testlib/cli-datadir/user/libraries/Robopoly_PRismino/src/prismino.cpp:379:3: note: suggested alternative: &#39;TCA0&#39;
   TC4H = 0;
   ^~~~
   TCA0
/home/ec2-user/arduino-testlib/cli-datadir/user/libraries/Robopoly_PRismino/src/prismino.cpp:380:3: error: &#39;TCNT4&#39; was not declared in this scope
   TCNT4 = 0;
   ^~~~~
/home/ec2-user/arduino-testlib/cli-datadir/user/libraries/Robopoly_PRismino/src/prismino.cpp:387:3: error: &#39;TIMSK4&#39; was not declared in this scope
   TIMSK4 = (1 &lt;&lt; TOIE4);
   ^~~~~~
/home/ec2-user/arduino-testlib/cli-datadir/user/libraries/Robopoly_PRismino/src/prismino.cpp:387:18: error: &#39;TOIE4&#39; was not declared in this scope
   TIMSK4 = (1 &lt;&lt; TOIE4);
                  ^~~~~
/home/ec2-user/arduino-testlib/cli-datadir/user/libraries/Robopol</pre>
					
					<h4>examples/GetPixels</h4>
					<p>
						Result: <b>FAIL</b>
					</p>
					<pre class="pre-scrollable">WARNING: library Robopoly_PRismino claims to run on avr architecture(s) and may be incompatible with your current board which runs on megaavr architecture(s).
WARNING: library Robopoly_Linear_Camera claims to run on avr architecture(s) and may be incompatible with your current board which runs on megaavr architecture(s).
/home/ec2-user/arduino-testlib/cli-datadir/user/libraries/Robopoly_PRismino/src/prismino.cpp: In function &#39;void setSpeed(int8_t, int8_t)&#39;:
/home/ec2-user/arduino-testlib/cli-datadir/user/libraries/Robopoly_PRismino/src/prismino.cpp:21:3: error: &#39;TCCR4A&#39; was not declared in this scope
   TCCR4A = 0;
   ^~~~~~
/home/ec2-user/arduino-testlib/cli-datadir/user/libraries/Robopoly_PRismino/src/prismino.cpp:22:3: error: &#39;TCCR4B&#39; was not declared in this scope
   TCCR4B = 0;
   ^~~~~~
/home/ec2-user/arduino-testlib/cli-datadir/user/libraries/Robopoly_PRismino/src/prismino.cpp:23:3: error: &#39;TCCR4C&#39; was not declared in this scope
   TCCR4C = 0;
   ^~~~~~
/home/ec2-user/arduino-testlib/cli-datadir/user/libraries/Robopoly_PRismino/src/prismino.cpp:25:3: error: &#39;TCCR4D&#39; was not declared in this scope
   TCCR4D = 0;
   ^~~~~~
/home/ec2-user/arduino-testlib/cli-datadir/user/libraries/Robopoly_PRismino/src/prismino.cpp:26:3: error: &#39;TCCR4E&#39; was not declared in this scope
   TCCR4E = 0;
   ^~~~~~
/home/ec2-user/arduino-testlib/cli-datadir/user/libraries/Robopoly_PRismino/src/prismino.cpp:53:3: error: &#39;TC4H&#39; was not declared in this scope
   TC4H = temp &gt;&gt; 8;
   ^~~~
/home/ec2-user/arduino-testlib/cli-datadir/user/libraries/Robopoly_PRismino/src/prismino.cpp:53:3: note: suggested alternative: &#39;TCA0&#39;
   TC4H = temp &gt;&gt; 8;
   ^~~~
   TCA0
/home/ec2-user/arduino-testlib/cli-datadir/user/libraries/Robopoly_PRismino/src/prismino.cpp:54:3: error: &#39;OCR4A&#39; was not declared in this scope
   OCR4A = temp &amp; 0xff;
   ^~~~~
/home/ec2-user/arduino-testlib/cli-datadir/user/libraries/Robopoly_PRismino/src/prismino.cpp:59:3: error: &#39;OCR4B&#39; was not declared in this scope
   OCR4B = temp &amp; 0xff;
   ^~~~~
/home/ec2-user/arduino-testlib/cli-datadir/user/libraries/Robopoly_PRismino/src/prismino.cpp:63:3: error: &#39;TCNT4&#39; was not declared in this scope
   TCNT4 = 0;
   ^~~~~
/home/ec2-user/arduino-testlib/cli-datadir/user/libraries/Robopoly_PRismino/src/prismino.cpp:67:3: error: &#39;OCR4C&#39; was not declared in this scope
   OCR4C = 0xff;
   ^~~~~
/home/ec2-user/arduino-testlib/cli-datadir/user/libraries/Robopoly_PRismino/src/prismino.cpp:84:3: error: &#39;TIMSK4&#39; was not declared in this scope
   TIMSK4 = (1 &lt;&lt; OCIE4A) | (1 &lt;&lt; OCIE4B) | (1 &lt;&lt; TOIE4);
   ^~~~~~
/home/ec2-user/arduino-testlib/cli-datadir/user/libraries/Robopoly_PRismino/src/prismino.cpp:84:18: error: &#39;OCIE4A&#39; was not declared in this scope
   TIMSK4 = (1 &lt;&lt; OCIE4A) | (1 &lt;&lt; OCIE4B) | (1 &lt;&lt; TOIE4);
                  ^~~~~~
/home/ec2-user/arduino-testlib/cli-datadir/user/libraries/Robopoly_PRismino/src/prismino.cpp:84:34: error: &#39;OCIE4B&#39; was not declared in this scope
   TIMSK4 = (1 &lt;&lt; OCIE4A) | (1 &lt;&lt; OCIE4B) | (1 &lt;&lt; TOIE4);
                                  ^~~~~~
/home/ec2-user/arduino-testlib/cli-datadir/user/libraries/Robopoly_PRismino/src/prismino.cpp:84:50: error: &#39;TOIE4&#39; was not declared in this scope
   TIMSK4 = (1 &lt;&lt; OCIE4A) | (1 &lt;&lt; OCIE4B) | (1 &lt;&lt; TOIE4);
                                                  ^~~~~
/home/ec2-user/arduino-testlib/cli-datadir/user/libraries/Robopoly_PRismino/src/prismino.cpp:86:3: error: &#39;TIFR4&#39; was not declared in this scope
   TIFR4 = (1 &lt;&lt; OCF4A) | (1 &lt;&lt; OCF4B) | (1 &lt;&lt; TOV4);
   ^~~~~
/home/ec2-user/arduino-testlib/cli-datadir/user/libraries/Robopoly_PRismino/src/prismino.cpp:86:17: error: &#39;OCF4A&#39; was not declared in this scope
   TIFR4 = (1 &lt;&lt; OCF4A) | (1 &lt;&lt; OCF4B) | (1 &lt;&lt; TOV4);
                 ^~~~~
/home/ec2-user/arduino-testlib/cli-datadir/user/libraries/Robopoly_PRismino/src/prismino.cpp:86:32: error: &#39;OCF4B&#39; was not declared in this scope
   TIFR4 = (1 &lt;&lt; OCF4A) | (1 &lt;&lt; OCF4B) | (1 &lt;&lt; TOV4);
                                ^~~~~
/home/ec2-user/arduino-testlib/cli-datadir/user/libraries/Robopoly_PRismino/src/prismino.cpp:86:47: error: &#39;TOV4&#39; was not declared in this scope
   TIFR4 = (1 &lt;&lt; OCF4A) | (1 &lt;&lt; OCF4B) | (1 &lt;&lt; TOV4);
                                               ^~~~
/home/ec2-user/arduino-testlib/cli-datadir/user/libraries/Robopoly_PRismino/src/prismino.cpp:89:18: error: &#39;CS40&#39; was not declared in this scope
   TCCR4B = (1 &lt;&lt; CS40);
                  ^~~~
/home/ec2-user/arduino-testlib/cli-datadir/user/libraries/Robopoly_PRismino/src/prismino.cpp: In function &#39;void TIMER4_OVF_vect()&#39;:
/home/ec2-user/arduino-testlib/cli-datadir/user/libraries/Robopoly_PRismino/src/prismino.cpp:179:7: error: &#39;TCCR4B&#39; was not declared in this scope
       TCCR4B = 0;
       ^~~~~~
/home/ec2-user/arduino-testlib/cli-datadir/user/libraries/Robopoly_PRismino/src/prismino.cpp: In function &#39;int8_t setTimer(void (*)(), uint16_t, uint8_t)&#39;:
/home/ec2-user/arduino-testlib/cli-datadir/user/libraries/Robopoly_PRismino/src/prismino.cpp:265:5: error: &#39;TCCR1A&#39; was not declared in this scope
     TCCR1A = 0;
     ^~~~~~
/home/ec2-user/arduino-testlib/cli-datadir/user/libraries/Robopoly_PRismino/src/prismino.cpp:265:5: note: suggested alternative: &#39;TCB1&#39;
     TCCR1A = 0;
     ^~~~~~
     TCB1
/home/ec2-user/arduino-testlib/cli-datadir/user/libraries/Robopoly_PRismino/src/prismino.cpp:266:5: error: &#39;TCCR1B&#39; was not declared in this scope
     TCCR1B = (1 &lt;&lt; WGM12) | (1 &lt;&lt; CS12);
     ^~~~~~
/home/ec2-user/arduino-testlib/cli-datadir/user/libraries/Robopoly_PRismino/src/prismino.cpp:266:5: note: suggested alternative: &#39;TCB1&#39;
     TCCR1B = (1 &lt;&lt; WGM12) | (1 &lt;&lt; CS12);
     ^~~~~~
     TCB1
/home/ec2-user/arduino-testlib/cli-datadir/user/libraries/Robopoly_PRismino/src/prismino.cpp:266:20: error: &#39;WGM12&#39; was not declared in this scope
     TCCR1B = (1 &lt;&lt; WGM12) | (1 &lt;&lt; CS12);
                    ^~~~~
/home/ec2-user/arduino-testlib/cli-datadir/user/libraries/Robopoly_PRismino/src/prismino.cpp:266:35: error: &#39;CS12&#39; was not declared in this scope
     TCCR1B = (1 &lt;&lt; WGM12) | (1 &lt;&lt; CS12);
                                   ^~~~
/home/ec2-user/arduino-testlib/cli-datadir/user/libraries/Robopoly_PRismino/src/prismino.cpp:266:35: note: suggested alternative: &#39;S2&#39;
     TCCR1B = (1 &lt;&lt; WGM12) | (1 &lt;&lt; CS12);
                                   ^~~~
                                   S2
/home/ec2-user/arduino-testlib/cli-datadir/user/libraries/Robopoly_PRismino/src/prismino.cpp:267:5: error: &#39;TCNT1&#39; was not declared in this scope
     TCNT1 = 0;
     ^~~~~
/home/ec2-user/arduino-testlib/cli-datadir/user/libraries/Robopoly_PRismino/src/prismino.cpp:267:5: note: suggested alternative: &#39;TCB1&#39;
     TCNT1 = 0;
     ^~~~~
     TCB1
/home/ec2-user/arduino-testlib/cli-datadir/user/libraries/Robopoly_PRismino/src/prismino.cpp:270:5: error: &#39;OCR1A&#39; was not declared in this scope
     OCR1A = 6250;
     ^~~~~
/home/ec2-user/arduino-testlib/cli-datadir/user/libraries/Robopoly_PRismino/src/prismino.cpp:271:5: error: &#39;TIMSK1&#39; was not declared in this scope
     TIMSK1 = (1 &lt;&lt; OCIE1C);
     ^~~~~~
/home/ec2-user/arduino-testlib/cli-datadir/user/libraries/Robopoly_PRismino/src/prismino.cpp:271:5: note: suggested alternative: &#39;TIMERB1&#39;
     TIMSK1 = (1 &lt;&lt; OCIE1C);
     ^~~~~~
     TIMERB1
/home/ec2-user/arduino-testlib/cli-datadir/user/libraries/Robopoly_PRismino/src/prismino.cpp:271:20: error: &#39;OCIE1C&#39; was not declared in this scope
     TIMSK1 = (1 &lt;&lt; OCIE1C);
                    ^~~~~~
/home/ec2-user/arduino-testlib/cli-datadir/user/libraries/Robopoly_PRismino/src/prismino.cpp:272:5: error: &#39;TIFR1&#39; was not declared in this scope
     TIFR1 = (1 &lt;&lt; OCF1C);
     ^~~~~
/home/ec2-user/arduino-testlib/cli-datadir/user/libraries/Robopoly_PRismino/src/prismino.cpp:272:19: error: &#39;OCF1C&#39; was not declared in this scope
     TIFR1 = (1 &lt;&lt; OCF1C);
                   ^~~~~
/home/ec2-user/arduino-testlib/cli-datadir/user/libraries/Robopoly_PRismino/src/prismino.cpp: In member function &#39;void Stepper::moveSteps(int16_t, uint16_t)&#39;:
/home/ec2-user/arduino-testlib/cli-datadir/user/libraries/Robopoly_PRismino/src/prismino.cpp:371:3: error: &#39;TCCR4A&#39; was not declared in this scope
   TCCR4A = 0;
   ^~~~~~
/home/ec2-user/arduino-testlib/cli-datadir/user/libraries/Robopoly_PRismino/src/prismino.cpp:372:3: error: &#39;TCCR4B&#39; was not declared in this scope
   TCCR4B = 0;
   ^~~~~~
/home/ec2-user/arduino-testlib/cli-datadir/user/libraries/Robopoly_PRismino/src/prismino.cpp:373:3: error: &#39;TCCR4C&#39; was not declared in this scope
   TCCR4C = 0;
   ^~~~~~
/home/ec2-user/arduino-testlib/cli-datadir/user/libraries/Robopoly_PRismino/src/prismino.cpp:375:3: error: &#39;TCCR4D&#39; was not declared in this scope
   TCCR4D = (1 &lt;&lt; WGM40);
   ^~~~~~
/home/ec2-user/arduino-testlib/cli-datadir/user/libraries/Robopoly_PRismino/src/prismino.cpp:375:18: error: &#39;WGM40&#39; was not declared in this scope
   TCCR4D = (1 &lt;&lt; WGM40);
                  ^~~~~
/home/ec2-user/arduino-testlib/cli-datadir/user/libraries/Robopoly_PRismino/src/prismino.cpp:376:3: error: &#39;TCCR4E&#39; was not declared in this scope
   TCCR4E = 0;
   ^~~~~~
/home/ec2-user/arduino-testlib/cli-datadir/user/libraries/Robopoly_PRismino/src/prismino.cpp:379:3: error: &#39;TC4H&#39; was not declared in this scope
   TC4H = 0;
   ^~~~
/home/ec2-user/arduino-testlib/cli-datadir/user/libraries/Robopoly_PRismino/src/prismino.cpp:379:3: note: suggested alternative: &#39;TCA0&#39;
   TC4H = 0;
   ^~~~
   TCA0
/home/ec2-user/arduino-testlib/cli-datadir/user/libraries/Robopoly_PRismino/src/prismino.cpp:380:3: error: &#39;TCNT4&#39; was not declared in this scope
   TCNT4 = 0;
   ^~~~~
/home/ec2-user/arduino-testlib/cli-datadir/user/libraries/Robopoly_PRismino/src/prismino.cpp:387:3: error: &#39;TIMSK4&#39; was not declared in this scope
   TIMSK4 = (1 &lt;&lt; TOIE4);
   ^~~~~~
/home/ec2-user/arduino-testlib/cli-datadir/user/libraries/Robopoly_PRismino/src/prismino.cpp:387:18: error: &#39;TOIE4&#39; was not declared in this scope
   TIMSK4 = (1 &lt;&lt; TOIE4);
                  ^~~~~
/home/ec2-user/arduino-testlib/cli-datadir/user/libraries/Robopol</pre>
					
				
				<h3 id="arduino:samd:mkrwifi1010">arduino:samd:mkrwifi1010 @ 1.8.12</h3>
				<h4>Inclusion</h4>
				<p>
					Result: <b>FAIL</b>
					
					<br />This library has no main header file so an empty one was created.
					
				</p>
				<pre class="pre-scrollable">/home/ec2-user/arduino-testlib/cli-datadir/user/libraries/Robopoly_Linear_Camera/src/LinearCamera.cpp:11:10: fatal error: util/twi.h: No such file or directory
 #include &lt;util/twi.h&gt;
          ^~~~~~~~~~~~
compilation terminated.

</pre>

					
					<h4>examples/FindHighest</h4>
					<p>
						Result: <b>FAIL</b>
					</p>
					<pre class="pre-scrollable">/home/ec2-user/arduino-testlib/cli-datadir/user/libraries/Robopoly_Linear_Camera/src/LinearCamera.cpp:11:10: fatal error: util/twi.h: No such file or directory
 #include &lt;util/twi.h&gt;
          ^~~~~~~~~~~~
compilation terminated.

</pre>
					
					<h4>examples/GetPixels</h4>
					<p>
						Result: <b>FAIL</b>
					</p>
					<pre class="pre-scrollable">/home/ec2-user/arduino-testlib/cli-datadir/user/libraries/Robopoly_Linear_Camera/src/LinearCamera.cpp:11:10: fatal error: util/twi.h: No such file or directory
 #include &lt;util/twi.h&gt;
          ^~~~~~~~~~~~
compilation terminated.

</pre>
					
				
				<h3 id="esp32:esp32:d1_mini32">esp32:esp32:d1_mini32 @ 1.0.6</h3>
				<h4>Inclusion</h4>
				<p>
					Result: <b>FAIL</b>
					
				</p>
				<pre class="pre-scrollable">/home/ec2-user/arduino-testlib/cli-datadir/user/libraries/Robopoly_Linear_Camera/src/LinearCamera.cpp:11:22: fatal error: util/twi.h: No such file or directory
compilation terminated.

</pre>

					
					<h4>examples/FindHighest</h4>
					<p>
						Result: <b>FAIL</b>
					</p>
					<pre class="pre-scrollable">/home/ec2-user/arduino-testlib/cli-datadir/user/libraries/Robopoly_Linear_Camera/src/LinearCamera.cpp:11:22: fatal error: util/twi.h: No such file or directory
compilation terminated.

</pre>
					
					<h4>examples/GetPixels</h4>
					<p>
						Result: <b>FAIL</b>
					</p>
					<pre class="pre-scrollable">/home/ec2-user/arduino-testlib/cli-datadir/user/libraries/Robopoly_Linear_Camera/src/LinearCamera.cpp:11:22: fatal error: util/twi.h: No such file or directory
compilation terminated.

</pre>
					
				
			</div>
		</div>
	</div>
  </body>
</html>
