
<!doctype html>
<html lang="en">
  <head>
    <meta charset="utf-8">
    <meta name="viewport" content="width=device-width, initial-scale=1">
    <link href="https://cdn.jsdelivr.net/npm/bootstrap@5.0.2/dist/css/bootstrap.min.css" rel="stylesheet" integrity="sha384-EVSTQN3/azprG1Anm3QDgpJLIm9Nao0Yz1ztcQTwFspd3yD65VohhpuuCOmLASjC" crossorigin="anonymous">
    <title>arduino-testlib report</title>
	<style>
	.pass { background-color: #00FF00 !important; }
	.fail { background-color: #FF0000 !important; }
	</style>
  </head>
  <body>
	<div class="container">
		<div class="row">
			<div class="col">
				<h1>SBUS2 - compatibility matrix</h1>
				<p>
					<small>This report was generated on Monday, 21-Feb-22 12:00:25 CET using 
					<a href="https://github.com/alranel/arduino-testlib">arduino-testlib</a>.</small>
				</p>

				<h2>SBUS2</h2>
				<p>
					Version: <b>1.2.0</b>
					<br />
					<a href="https://www.arduino.cc/reference/en/libraries/sbus2/">More details</a>
				</p>

				<h2>Compatibility matrix</h2>
				<table class="table table-bordered">
					<tr>
						<th>Board</th>
						<th>Claims compatibility</th>
						<th>Inclusion</th>
						
						<th><pre>Futaba_Telemetry</pre></th>
						
					</tr>
					
					<tr>
						<td>
							<a href="#arduino%3aavr%3auno"><b>arduino:avr:uno</b></a>
							<br />
							<small>1.8.4</small>
						</td>

						
							<td>Yes</td>
							<td class="pass">PASS</td>
						
						
						
						

						
							
								
									
										
											<td class="pass">PASS</td>
											
										
									
								
							
								
							
								
							
								
							
								
							
						
					</tr>
					
					<tr>
						<td>
							<a href="#arduino%3ambed_nano%3ananorp2040connect"><b>arduino:mbed_nano:nanorp2040connect</b></a>
							<br />
							<small>2.7.2</small>
						</td>

						
							<td>Yes</td>
							<td class="pass">PASS</td>
						
						
						
						

						
							
								
							
								
									
										
											
											<td class="fail">FAIL</td>
										
									
								
							
								
							
								
							
								
							
						
					</tr>
					
					<tr>
						<td>
							<a href="#arduino%3amegaavr%3anona4809"><b>arduino:megaavr:nona4809</b></a>
							<br />
							<small>1.8.7</small>
						</td>

						
							<td>Yes</td>
							<td class="pass">PASS</td>
						
						
						
						

						
							
								
							
								
							
								
									
										
											
											<td class="fail">FAIL</td>
										
									
								
							
								
							
								
							
						
					</tr>
					
					<tr>
						<td>
							<a href="#arduino%3asamd%3amkrwifi1010"><b>arduino:samd:mkrwifi1010</b></a>
							<br />
							<small>1.8.12</small>
						</td>

						
							<td>Yes</td>
							<td class="pass">PASS</td>
						
						
						
						

						
							
								
							
								
							
								
							
								
									
										
											
											<td class="fail">FAIL</td>
										
									
								
							
								
							
						
					</tr>
					
					<tr>
						<td>
							<a href="#esp32%3aesp32%3ad1_mini32"><b>esp32:esp32:d1_mini32</b></a>
							<br />
							<small>1.0.6</small>
						</td>

						
							<td>Yes</td>
							<td class="pass">PASS</td>
						
						
						
						

						
							
								
							
								
							
								
							
								
							
								
									
										
											<td class="pass">PASS</td>
											
										
									
								
							
						
					</tr>
					
				</table>

				<h2>Compilation logs</h2>
				
				<h3 id="arduino:avr:uno">arduino:avr:uno @ 1.8.4</h3>
				<h4>Inclusion</h4>
				<p>
					Result: <b>PASS</b>
					
				</p>
				<pre class="pre-scrollable">Sketch uses 1652 bytes (5%) of program storage space. Maximum is 32256 bytes.
Global variables use 351 bytes (17%) of dynamic memory, leaving 1697 bytes for local variables. Maximum is 2048 bytes.
</pre>

					
					<h4>examples/Futaba_Telemetry</h4>
					<p>
						Result: <b>PASS</b>
					</p>
					<pre class="pre-scrollable">Sketch uses 3816 bytes (11%) of program storage space. Maximum is 32256 bytes.
Global variables use 421 bytes (20%) of dynamic memory, leaving 1627 bytes for local variables. Maximum is 2048 bytes.
</pre>
					
				
				<h3 id="arduino:mbed_nano:nanorp2040connect">arduino:mbed_nano:nanorp2040connect @ 2.7.2</h3>
				<h4>Inclusion</h4>
				<p>
					Result: <b>PASS</b>
					
				</p>
				<pre class="pre-scrollable">Sketch uses 78756 bytes (0%) of program storage space. Maximum is 16777216 bytes.
Global variables use 43444 bytes (16%) of dynamic memory, leaving 226892 bytes for local variables. Maximum is 270336 bytes.
</pre>

					
					<h4>examples/Futaba_Telemetry</h4>
					<p>
						Result: <b>FAIL</b>
					</p>
					<pre class="pre-scrollable">/tmp/arduino-sketch-FB0850012998B221794E90DD4F0972FF/sketch/Futaba_Telemetry.ino.cpp.o: In function `setup&#39;:
/home/ec2-user/arduino-testlib/cli-datadir/user/libraries/SBUS2/examples/Futaba_Telemetry/Futaba_Telemetry.ino:39: undefined reference to `SBUS2_Ready()&#39;
/tmp/arduino-sketch-FB0850012998B221794E90DD4F0972FF/sketch/Futaba_Telemetry.ino.cpp.o: In function `loop&#39;:
/home/ec2-user/arduino-testlib/cli-datadir/user/libraries/SBUS2/examples/Futaba_Telemetry/Futaba_Telemetry.ino:72: undefined reference to `SBUS_Ready()&#39;
/home/ec2-user/arduino-testlib/cli-datadir/user/libraries/SBUS2/examples/Futaba_Telemetry/Futaba_Telemetry.ino:73: undefined reference to `SBUS2_get_servo_data(unsigned char)&#39;
/home/ec2-user/arduino-testlib/cli-datadir/user/libraries/SBUS2/examples/Futaba_Telemetry/Futaba_Telemetry.ino:77: undefined reference to `SBUS2_Ready()&#39;
/home/ec2-user/arduino-testlib/cli-datadir/user/libraries/SBUS2/examples/Futaba_Telemetry/Futaba_Telemetry.ino:82: undefined reference to `SBUS2_get_status(unsigned short*, bool*, bool*)&#39;
/tmp/arduino-sketch-FB0850012998B221794E90DD4F0972FF/libraries/SBUS2/SBUS2.cpp.o: In function `SBUS2_Setup()&#39;:
/home/ec2-user/arduino-testlib/cli-datadir/user/libraries/SBUS2/src/SBUS2.cpp:24: undefined reference to `SBUS2_uart_setup()&#39;
/tmp/arduino-sketch-FB0850012998B221794E90DD4F0972FF/libraries/SBUS2/SBUS2.cpp.o: In function `SBUS2_get_FER()&#39;:
/home/ec2-user/arduino-testlib/cli-datadir/user/libraries/SBUS2/src/SBUS2.cpp:28: undefined reference to `SBUS_get_FER()&#39;
/tmp/arduino-sketch-FB0850012998B221794E90DD4F0972FF/libraries/SBUS2/SBUS2.cpp.o: In function `send_RPM(unsigned char, unsigned long)&#39;:
/home/ec2-user/arduino-testlib/cli-datadir/user/libraries/SBUS2/src/SBUS2.cpp:47: undefined reference to `SBUS2_transmit_telemetry_data(unsigned char, unsigned char*)&#39;
/tmp/arduino-sketch-FB0850012998B221794E90DD4F0972FF/libraries/SBUS2/SBUS2.cpp.o: In function `send_temp125(unsigned char, short)&#39;:
/home/ec2-user/arduino-testlib/cli-datadir/user/libraries/SBUS2/src/SBUS2.cpp:59: undefined reference to `SBUS2_transmit_telemetry_data(unsigned char, unsigned char*)&#39;
/tmp/arduino-sketch-FB0850012998B221794E90DD4F0972FF/libraries/SBUS2/SBUS2.cpp.o: In function `send_voltage(unsigned char, unsigned short, unsigned short)&#39;:
/home/ec2-user/arduino-testlib/cli-datadir/user/libraries/SBUS2/src/SBUS2.cpp:88: undefined reference to `SBUS2_transmit_telemetry_data(unsigned char, unsigned char*)&#39;
/home/ec2-user/arduino-testlib/cli-datadir/user/libraries/SBUS2/src/SBUS2.cpp:97: undefined reference to `SBUS2_transmit_telemetry_data(unsigned char, unsigned char*)&#39;
/tmp/arduino-sketch-FB0850012998B221794E90DD4F0972FF/libraries/SBUS2/SBUS2.cpp.o: In function `send_s1678_current(unsigned char, unsigned short, unsigned short, unsigned short)&#39;:
/home/ec2-user/arduino-testlib/cli-datadir/user/libraries/SBUS2/src/SBUS2.cpp:119: undefined reference to `SBUS2_transmit_telemetry_data(unsigned char, unsigned char*)&#39;
/tmp/arduino-sketch-FB0850012998B221794E90DD4F0972FF/libraries/SBUS2/SBUS2.cpp.o:/home/ec2-user/arduino-testlib/cli-datadir/user/libraries/SBUS2/src/SBUS2.cpp:126: more undefined references to `SBUS2_transmit_telemetry_data(unsigned char, unsigned char*)&#39; follow
collect2: error: ld returned 1 exit status

</pre>
					
				
				<h3 id="arduino:megaavr:nona4809">arduino:megaavr:nona4809 @ 1.8.7</h3>
				<h4>Inclusion</h4>
				<p>
					Result: <b>PASS</b>
					
				</p>
				<pre class="pre-scrollable">Sketch uses 802 bytes (1%) of program storage space. Maximum is 49152 bytes.
Global variables use 22 bytes (0%) of dynamic memory, leaving 6122 bytes for local variables. Maximum is 6144 bytes.
</pre>

					
					<h4>examples/Futaba_Telemetry</h4>
					<p>
						Result: <b>FAIL</b>
					</p>
					<pre class="pre-scrollable">/tmp/cciXikmf.ltrans0.ltrans.o: In function `send_f1672_vario(unsigned char, int, int) [clone .constprop.8]&#39;:
/home/ec2-user/arduino-testlib/cli-datadir/user/libraries/SBUS2/src/SBUS2.cpp:237: undefined reference to `SBUS2_transmit_telemetry_data(unsigned char, unsigned char*)&#39;
/home/ec2-user/arduino-testlib/cli-datadir/user/libraries/SBUS2/src/SBUS2.cpp:243: undefined reference to `SBUS2_transmit_telemetry_data(unsigned char, unsigned char*)&#39;
/tmp/cciXikmf.ltrans0.ltrans.o: In function `send_f1675_gps(unsigned char, unsigned int, int, int, long, long) [clone .constprop.7]&#39;:
/home/ec2-user/arduino-testlib/cli-datadir/user/libraries/SBUS2/src/SBUS2.cpp:158: undefined reference to `SBUS2_transmit_telemetry_data(unsigned char, unsigned char*)&#39;
/home/ec2-user/arduino-testlib/cli-datadir/user/libraries/SBUS2/src/SBUS2.cpp:170: undefined reference to `SBUS2_transmit_telemetry_data(unsigned char, unsigned char*)&#39;
/home/ec2-user/arduino-testlib/cli-datadir/user/libraries/SBUS2/src/SBUS2.cpp:175: undefined reference to `SBUS2_transmit_telemetry_data(unsigned char, unsigned char*)&#39;
/tmp/cciXikmf.ltrans0.ltrans.o:/home/ec2-user/arduino-testlib/cli-datadir/user/libraries/SBUS2/src/SBUS2.cpp:181: more undefined references to `SBUS2_transmit_telemetry_data(unsigned char, unsigned char*)&#39; follow
/tmp/cciXikmf.ltrans0.ltrans.o: In function `SBUS2_Setup&#39;:
/home/ec2-user/arduino-testlib/cli-datadir/user/libraries/SBUS2/src/SBUS2.cpp:24: undefined reference to `SBUS2_uart_setup()&#39;
/tmp/cciXikmf.ltrans0.ltrans.o: In function `setup&#39;:
/home/ec2-user/arduino-testlib/cli-datadir/user/libraries/SBUS2/examples/Futaba_Telemetry/Futaba_Telemetry.ino:39: undefined reference to `SBUS2_Ready()&#39;
/tmp/cciXikmf.ltrans0.ltrans.o: In function `loop&#39;:
/home/ec2-user/arduino-testlib/cli-datadir/user/libraries/SBUS2/examples/Futaba_Telemetry/Futaba_Telemetry.ino:72: undefined reference to `SBUS_Ready()&#39;
/home/ec2-user/arduino-testlib/cli-datadir/user/libraries/SBUS2/examples/Futaba_Telemetry/Futaba_Telemetry.ino:73: undefined reference to `SBUS2_get_servo_data(unsigned char)&#39;
/home/ec2-user/arduino-testlib/cli-datadir/user/libraries/SBUS2/examples/Futaba_Telemetry/Futaba_Telemetry.ino:77: undefined reference to `SBUS2_Ready()&#39;
/tmp/cciXikmf.ltrans0.ltrans.o: In function `SBUS2_get_FER&#39;:
/home/ec2-user/arduino-testlib/cli-datadir/user/libraries/SBUS2/src/SBUS2.cpp:28: undefined reference to `SBUS_get_FER()&#39;
/tmp/cciXikmf.ltrans0.ltrans.o: In function `send_temp125&#39;:
/home/ec2-user/arduino-testlib/cli-datadir/user/libraries/SBUS2/src/SBUS2.cpp:59: undefined reference to `SBUS2_transmit_telemetry_data(unsigned char, unsigned char*)&#39;
/tmp/cciXikmf.ltrans0.ltrans.o: In function `loop&#39;:
/home/ec2-user/arduino-testlib/cli-datadir/user/libraries/SBUS2/examples/Futaba_Telemetry/Futaba_Telemetry.ino:82: undefined reference to `SBUS2_get_status(unsigned int*, bool*, bool*)&#39;
/tmp/cciXikmf.ltrans0.ltrans.o: In function `send_temp125&#39;:
/home/ec2-user/arduino-testlib/cli-datadir/user/libraries/SBUS2/src/SBUS2.cpp:59: undefined reference to `SBUS2_transmit_telemetry_data(unsigned char, unsigned char*)&#39;
/tmp/cciXikmf.ltrans0.ltrans.o: In function `send_RPM&#39;:
/home/ec2-user/arduino-testlib/cli-datadir/user/libraries/SBUS2/src/SBUS2.cpp:47: undefined reference to `SBUS2_transmit_telemetry_data(unsigned char, unsigned char*)&#39;
/tmp/cciXikmf.ltrans0.ltrans.o: In function `send_s1678_current&#39;:
/home/ec2-user/arduino-testlib/cli-datadir/user/libraries/SBUS2/src/SBUS2.cpp:119: undefined reference to `SBUS2_transmit_telemetry_data(unsigned char, unsigned char*)&#39;
/home/ec2-user/arduino-testlib/cli-datadir/user/libraries/SBUS2/src/SBUS2.cpp:126: undefined reference to `SBUS2_transmit_telemetry_data(unsigned char, unsigned char*)&#39;
/home/ec2-user/arduino-testlib/cli-datadir/user/libraries/SBUS2/src/SBUS2.cpp:133: undefined reference to `SBUS2_transmit_telemetry_data(unsigned char, unsigned char*)&#39;
/tmp/cciXikmf.ltrans0.ltrans.o:/home/ec2-user/arduino-testlib/cli-datadir/user/libraries/SBUS2/src/SBUS2.cpp:88: more undefined references to `SBUS2_transmit_telemetry_data(unsigned char, unsigned char*)&#39; follow
collect2: error: ld returned 1 exit status

</pre>
					
				
				<h3 id="arduino:samd:mkrwifi1010">arduino:samd:mkrwifi1010 @ 1.8.12</h3>
				<h4>Inclusion</h4>
				<p>
					Result: <b>PASS</b>
					
				</p>
				<pre class="pre-scrollable">Sketch uses 12156 bytes (4%) of program storage space. Maximum is 262144 bytes.
Global variables use 2996 bytes (9%) of dynamic memory, leaving 29772 bytes for local variables. Maximum is 32768 bytes.
</pre>

					
					<h4>examples/Futaba_Telemetry</h4>
					<p>
						Result: <b>FAIL</b>
					</p>
					<pre class="pre-scrollable">/tmp/arduino-sketch-FB0850012998B221794E90DD4F0972FF/sketch/Futaba_Telemetry.ino.cpp.o: In function `setup&#39;:
/home/ec2-user/arduino-testlib/cli-datadir/user/libraries/SBUS2/examples/Futaba_Telemetry/Futaba_Telemetry.ino:39: undefined reference to `SBUS2_Ready()&#39;
/tmp/arduino-sketch-FB0850012998B221794E90DD4F0972FF/sketch/Futaba_Telemetry.ino.cpp.o: In function `loop&#39;:
/home/ec2-user/arduino-testlib/cli-datadir/user/libraries/SBUS2/examples/Futaba_Telemetry/Futaba_Telemetry.ino:72: undefined reference to `SBUS_Ready()&#39;
/home/ec2-user/arduino-testlib/cli-datadir/user/libraries/SBUS2/examples/Futaba_Telemetry/Futaba_Telemetry.ino:73: undefined reference to `SBUS2_get_servo_data(unsigned char)&#39;
/home/ec2-user/arduino-testlib/cli-datadir/user/libraries/SBUS2/examples/Futaba_Telemetry/Futaba_Telemetry.ino:77: undefined reference to `SBUS2_Ready()&#39;
/home/ec2-user/arduino-testlib/cli-datadir/user/libraries/SBUS2/examples/Futaba_Telemetry/Futaba_Telemetry.ino:82: undefined reference to `SBUS2_get_status(unsigned short*, bool*, bool*)&#39;
/tmp/arduino-sketch-FB0850012998B221794E90DD4F0972FF/libraries/SBUS2/SBUS2.cpp.o: In function `SBUS2_Setup()&#39;:
/home/ec2-user/arduino-testlib/cli-datadir/user/libraries/SBUS2/src/SBUS2.cpp:24: undefined reference to `SBUS2_uart_setup()&#39;
/tmp/arduino-sketch-FB0850012998B221794E90DD4F0972FF/libraries/SBUS2/SBUS2.cpp.o: In function `SBUS2_get_FER()&#39;:
/home/ec2-user/arduino-testlib/cli-datadir/user/libraries/SBUS2/src/SBUS2.cpp:28: undefined reference to `SBUS_get_FER()&#39;
/tmp/arduino-sketch-FB0850012998B221794E90DD4F0972FF/libraries/SBUS2/SBUS2.cpp.o: In function `send_RPM(unsigned char, unsigned long)&#39;:
/home/ec2-user/arduino-testlib/cli-datadir/user/libraries/SBUS2/src/SBUS2.cpp:47: undefined reference to `SBUS2_transmit_telemetry_data(unsigned char, unsigned char*)&#39;
/tmp/arduino-sketch-FB0850012998B221794E90DD4F0972FF/libraries/SBUS2/SBUS2.cpp.o: In function `send_temp125(unsigned char, short)&#39;:
/home/ec2-user/arduino-testlib/cli-datadir/user/libraries/SBUS2/src/SBUS2.cpp:59: undefined reference to `SBUS2_transmit_telemetry_data(unsigned char, unsigned char*)&#39;
/tmp/arduino-sketch-FB0850012998B221794E90DD4F0972FF/libraries/SBUS2/SBUS2.cpp.o: In function `send_voltage(unsigned char, unsigned short, unsigned short)&#39;:
/home/ec2-user/arduino-testlib/cli-datadir/user/libraries/SBUS2/src/SBUS2.cpp:88: undefined reference to `SBUS2_transmit_telemetry_data(unsigned char, unsigned char*)&#39;
/home/ec2-user/arduino-testlib/cli-datadir/user/libraries/SBUS2/src/SBUS2.cpp:97: undefined reference to `SBUS2_transmit_telemetry_data(unsigned char, unsigned char*)&#39;
/tmp/arduino-sketch-FB0850012998B221794E90DD4F0972FF/libraries/SBUS2/SBUS2.cpp.o: In function `send_s1678_current(unsigned char, unsigned short, unsigned short, unsigned short)&#39;:
/home/ec2-user/arduino-testlib/cli-datadir/user/libraries/SBUS2/src/SBUS2.cpp:119: undefined reference to `SBUS2_transmit_telemetry_data(unsigned char, unsigned char*)&#39;
/tmp/arduino-sketch-FB0850012998B221794E90DD4F0972FF/libraries/SBUS2/SBUS2.cpp.o:/home/ec2-user/arduino-testlib/cli-datadir/user/libraries/SBUS2/src/SBUS2.cpp:126: more undefined references to `SBUS2_transmit_telemetry_data(unsigned char, unsigned char*)&#39; follow
collect2: error: ld returned 1 exit status

</pre>
					
				
				<h3 id="esp32:esp32:d1_mini32">esp32:esp32:d1_mini32 @ 1.0.6</h3>
				<h4>Inclusion</h4>
				<p>
					Result: <b>PASS</b>
					
				</p>
				<pre class="pre-scrollable">Sketch uses 198564 bytes (15%) of program storage space. Maximum is 1310720 bytes.
Global variables use 13112 bytes (4%) of dynamic memory, leaving 314568 bytes for local variables. Maximum is 327680 bytes.
</pre>

					
					<h4>examples/Futaba_Telemetry</h4>
					<p>
						Result: <b>PASS</b>
					</p>
					<pre class="pre-scrollable">Sketch uses 234870 bytes (17%) of program storage space. Maximum is 1310720 bytes.
Global variables use 13972 bytes (4%) of dynamic memory, leaving 313708 bytes for local variables. Maximum is 327680 bytes.
</pre>
					
				
			</div>
		</div>
	</div>
  </body>
</html>
