
<!doctype html>
<html lang="en">
  <head>
    <meta charset="utf-8">
    <meta name="viewport" content="width=device-width, initial-scale=1">
    <link href="https://cdn.jsdelivr.net/npm/bootstrap@5.0.2/dist/css/bootstrap.min.css" rel="stylesheet" integrity="sha384-EVSTQN3/azprG1Anm3QDgpJLIm9Nao0Yz1ztcQTwFspd3yD65VohhpuuCOmLASjC" crossorigin="anonymous">
    <title>arduino-testlib report</title>
	<style>
	.pass { background-color: #00FF00 !important; }
	.fail { background-color: #FF0000 !important; }
	</style>
  </head>
  <body>
	<div class="container">
		<div class="row">
			<div class="col">
				<h1>SiguesAhi - compatibility matrix</h1>
				<p>
					<small>This report was generated on Monday, 21-Feb-22 12:00:25 CET using 
					<a href="https://github.com/alranel/arduino-testlib">arduino-testlib</a>.</small>
				</p>

				<h2>SiguesAhi</h2>
				<p>
					Version: <b>0.0.1</b>
					<br />
					<a href="https://www.arduino.cc/reference/en/libraries/siguesahi/">More details</a>
				</p>

				<h2>Compatibility matrix</h2>
				<table class="table table-bordered">
					<tr>
						<th>Board</th>
						<th>Claims compatibility</th>
						<th>Inclusion</th>
						
						<th><pre>printer_en</pre></th>
						
						<th><pre>printer_es</pre></th>
						
						<th><pre>screen_en</pre></th>
						
						<th><pre>screen_es</pre></th>
						
						<th><pre>serial_en</pre></th>
						
					</tr>
					
					<tr>
						<td>
							<a href="#arduino%3aavr%3auno"><b>arduino:avr:uno</b></a>
							<br />
							<small>1.8.4</small>
						</td>

						
						
						
						
							<td>No</td>
							<td class="fail">FAIL</td>
						

						
							
								
									
										
											
											<td class="fail">FAIL</td>
										
									
										
									
										
									
										
									
										
									
								
							
								
							
								
							
								
							
								
							
						
							
								
									
										
									
										
											
											<td class="fail">FAIL</td>
										
									
										
									
										
									
										
									
								
							
								
							
								
							
								
							
								
							
						
							
								
									
										
									
										
									
										
											
											<td class="fail">FAIL</td>
										
									
										
									
										
									
								
							
								
							
								
							
								
							
								
							
						
							
								
									
										
									
										
									
										
									
										
											
											<td class="fail">FAIL</td>
										
									
										
									
								
							
								
							
								
							
								
							
								
							
						
							
								
									
										
									
										
									
										
									
										
									
										
											
											<td class="fail">FAIL</td>
										
									
								
							
								
							
								
							
								
							
								
							
						
					</tr>
					
					<tr>
						<td>
							<a href="#arduino%3ambed_nano%3ananorp2040connect"><b>arduino:mbed_nano:nanorp2040connect</b></a>
							<br />
							<small>2.7.2</small>
						</td>

						
						
							<td>No ⚠️</td>
							<td class="pass">PASS</td>
						
						
						

						
							
								
							
								
									
										
											<td class="pass">PASS</td>
											
										
									
										
									
										
									
										
									
										
									
								
							
								
							
								
							
								
							
						
							
								
							
								
									
										
									
										
											<td class="pass">PASS</td>
											
										
									
										
									
										
									
										
									
								
							
								
							
								
							
								
							
						
							
								
							
								
									
										
									
										
									
										
											<td class="pass">PASS</td>
											
										
									
										
									
										
									
								
							
								
							
								
							
								
							
						
							
								
							
								
									
										
									
										
									
										
									
										
											
											<td class="fail">FAIL</td>
										
									
										
									
								
							
								
							
								
							
								
							
						
							
								
							
								
									
										
									
										
									
										
									
										
									
										
											<td class="pass">PASS</td>
											
										
									
								
							
								
							
								
							
								
							
						
					</tr>
					
					<tr>
						<td>
							<a href="#arduino%3amegaavr%3anona4809"><b>arduino:megaavr:nona4809</b></a>
							<br />
							<small>1.8.7</small>
						</td>

						
						
						
						
							<td>No</td>
							<td class="fail">FAIL</td>
						

						
							
								
							
								
							
								
									
										
											
											<td class="fail">FAIL</td>
										
									
										
									
										
									
										
									
										
									
								
							
								
							
								
							
						
							
								
							
								
							
								
									
										
									
										
											
											<td class="fail">FAIL</td>
										
									
										
									
										
									
										
									
								
							
								
							
								
							
						
							
								
							
								
							
								
									
										
									
										
									
										
											
											<td class="fail">FAIL</td>
										
									
										
									
										
									
								
							
								
							
								
							
						
							
								
							
								
							
								
									
										
									
										
									
										
									
										
											
											<td class="fail">FAIL</td>
										
									
										
									
								
							
								
							
								
							
						
							
								
							
								
							
								
									
										
									
										
									
										
									
										
									
										
											
											<td class="fail">FAIL</td>
										
									
								
							
								
							
								
							
						
					</tr>
					
					<tr>
						<td>
							<a href="#arduino%3asamd%3amkrwifi1010"><b>arduino:samd:mkrwifi1010</b></a>
							<br />
							<small>1.8.12</small>
						</td>

						
							<td>Yes</td>
							<td class="pass">PASS</td>
						
						
						
						

						
							
								
							
								
							
								
							
								
									
										
											<td class="pass">PASS</td>
											
										
									
										
									
										
									
										
									
										
									
								
							
								
							
						
							
								
							
								
							
								
							
								
									
										
									
										
											<td class="pass">PASS</td>
											
										
									
										
									
										
									
										
									
								
							
								
							
						
							
								
							
								
							
								
							
								
									
										
									
										
									
										
											<td class="pass">PASS</td>
											
										
									
										
									
										
									
								
							
								
							
						
							
								
							
								
							
								
							
								
									
										
									
										
									
										
									
										
											
											<td class="fail">FAIL</td>
										
									
										
									
								
							
								
							
						
							
								
							
								
							
								
							
								
									
										
									
										
									
										
									
										
									
										
											<td class="pass">PASS</td>
											
										
									
								
							
								
							
						
					</tr>
					
					<tr>
						<td>
							<a href="#esp32%3aesp32%3ad1_mini32"><b>esp32:esp32:d1_mini32</b></a>
							<br />
							<small>1.0.6</small>
						</td>

						
						
						
						
							<td>No</td>
							<td class="fail">FAIL</td>
						

						
							
								
							
								
							
								
							
								
							
								
									
										
											
											<td class="fail">FAIL</td>
										
									
										
									
										
									
										
									
										
									
								
							
						
							
								
							
								
							
								
							
								
							
								
									
										
									
										
											
											<td class="fail">FAIL</td>
										
									
										
									
										
									
										
									
								
							
						
							
								
							
								
							
								
							
								
							
								
									
										
									
										
									
										
											
											<td class="fail">FAIL</td>
										
									
										
									
										
									
								
							
						
							
								
							
								
							
								
							
								
							
								
									
										
									
										
									
										
									
										
											
											<td class="fail">FAIL</td>
										
									
										
									
								
							
						
							
								
							
								
							
								
							
								
							
								
									
										
									
										
									
										
									
										
									
										
											
											<td class="fail">FAIL</td>
										
									
								
							
						
					</tr>
					
				</table>

				<h2>Compilation logs</h2>
				
				<h3 id="arduino:avr:uno">arduino:avr:uno @ 1.8.4</h3>
				<h4>Inclusion</h4>
				<p>
					Result: <b>FAIL</b>
					
				</p>
				<pre class="pre-scrollable">WARNING: library SiguesAhi claims to run on samd architecture(s) and may be incompatible with your current board which runs on avr architecture(s).
In file included from /home/ec2-user/arduino-testlib/cli-datadir/user/libraries/WiFiNINA/src/WiFiStorage.h:23:0,
                 from /home/ec2-user/arduino-testlib/cli-datadir/user/libraries/WiFiNINA/src/WiFi.h:38,
                 from /home/ec2-user/arduino-testlib/cli-datadir/user/libraries/WiFiNINA/src/WiFiNINA.h:23,
                 from /home/ec2-user/arduino-testlib/cli-datadir/user/libraries/SiguesAhi/src/SiguesAhi.h:19,
                 from /tmp/arduino-testlib2091200318/test/test.ino:1:
/home/ec2-user/arduino-testlib/cli-datadir/user/libraries/WiFiNINA/src/utility/wifi_drv.h:293:12: error: &#39;PinStatus&#39; does not name a type
     static PinStatus digitalRead(uint8_t pin);
            ^~~~~~~~~
Multiple libraries were found for &#34;Adafruit_SSD1306.h&#34;
  Used: /home/ec2-user/arduino-testlib/cli-datadir/user/libraries/Adafruit_SSD1306
  Not used: /home/ec2-user/arduino-testlib/cli-datadir/user/libraries/Adafruit_SSD1306_Wemos_Mini_OLED
</pre>

					
					<h4>examples/printer_en</h4>
					<p>
						Result: <b>FAIL</b>
					</p>
					<pre class="pre-scrollable">WARNING: library SiguesAhi claims to run on samd architecture(s) and may be incompatible with your current board which runs on avr architecture(s).
In file included from /home/ec2-user/arduino-testlib/cli-datadir/user/libraries/WiFiNINA/src/WiFiStorage.h:23:0,
                 from /home/ec2-user/arduino-testlib/cli-datadir/user/libraries/WiFiNINA/src/WiFi.h:38,
                 from /home/ec2-user/arduino-testlib/cli-datadir/user/libraries/WiFiNINA/src/WiFiNINA.h:23,
                 from /home/ec2-user/arduino-testlib/cli-datadir/user/libraries/SiguesAhi/src/SiguesAhi.h:19,
                 from /home/ec2-user/arduino-testlib/cli-datadir/user/libraries/SiguesAhi/examples/printer_en/printer_en.ino:2:
/home/ec2-user/arduino-testlib/cli-datadir/user/libraries/WiFiNINA/src/utility/wifi_drv.h:293:12: error: &#39;PinStatus&#39; does not name a type
     static PinStatus digitalRead(uint8_t pin);
            ^~~~~~~~~
Multiple libraries were found for &#34;Adafruit_SSD1306.h&#34;
  Used: /home/ec2-user/arduino-testlib/cli-datadir/user/libraries/Adafruit_SSD1306
  Not used: /home/ec2-user/arduino-testlib/cli-datadir/user/libraries/Adafruit_SSD1306_Wemos_Mini_OLED
</pre>
					
					<h4>examples/printer_es</h4>
					<p>
						Result: <b>FAIL</b>
					</p>
					<pre class="pre-scrollable">WARNING: library SiguesAhi claims to run on samd architecture(s) and may be incompatible with your current board which runs on avr architecture(s).
In file included from /home/ec2-user/arduino-testlib/cli-datadir/user/libraries/WiFiNINA/src/WiFiStorage.h:23:0,
                 from /home/ec2-user/arduino-testlib/cli-datadir/user/libraries/WiFiNINA/src/WiFi.h:38,
                 from /home/ec2-user/arduino-testlib/cli-datadir/user/libraries/WiFiNINA/src/WiFiNINA.h:23,
                 from /home/ec2-user/arduino-testlib/cli-datadir/user/libraries/SiguesAhi/src/SiguesAhi.h:19,
                 from /home/ec2-user/arduino-testlib/cli-datadir/user/libraries/SiguesAhi/examples/printer_es/printer_es.ino:2:
/home/ec2-user/arduino-testlib/cli-datadir/user/libraries/WiFiNINA/src/utility/wifi_drv.h:293:12: error: &#39;PinStatus&#39; does not name a type
     static PinStatus digitalRead(uint8_t pin);
            ^~~~~~~~~
Multiple libraries were found for &#34;Adafruit_SSD1306.h&#34;
  Used: /home/ec2-user/arduino-testlib/cli-datadir/user/libraries/Adafruit_SSD1306
  Not used: /home/ec2-user/arduino-testlib/cli-datadir/user/libraries/Adafruit_SSD1306_Wemos_Mini_OLED
</pre>
					
					<h4>examples/screen_en</h4>
					<p>
						Result: <b>FAIL</b>
					</p>
					<pre class="pre-scrollable">WARNING: library SiguesAhi claims to run on samd architecture(s) and may be incompatible with your current board which runs on avr architecture(s).
In file included from /home/ec2-user/arduino-testlib/cli-datadir/user/libraries/WiFiNINA/src/WiFiStorage.h:23:0,
                 from /home/ec2-user/arduino-testlib/cli-datadir/user/libraries/WiFiNINA/src/WiFi.h:38,
                 from /home/ec2-user/arduino-testlib/cli-datadir/user/libraries/WiFiNINA/src/WiFiNINA.h:23,
                 from /home/ec2-user/arduino-testlib/cli-datadir/user/libraries/SiguesAhi/src/SiguesAhi.h:19,
                 from /home/ec2-user/arduino-testlib/cli-datadir/user/libraries/SiguesAhi/examples/screen_en/screen_en.ino:2:
/home/ec2-user/arduino-testlib/cli-datadir/user/libraries/WiFiNINA/src/utility/wifi_drv.h:293:12: error: &#39;PinStatus&#39; does not name a type
     static PinStatus digitalRead(uint8_t pin);
            ^~~~~~~~~
Multiple libraries were found for &#34;Adafruit_SSD1306.h&#34;
  Used: /home/ec2-user/arduino-testlib/cli-datadir/user/libraries/Adafruit_SSD1306
  Not used: /home/ec2-user/arduino-testlib/cli-datadir/user/libraries/Adafruit_SSD1306_Wemos_Mini_OLED
</pre>
					
					<h4>examples/screen_es</h4>
					<p>
						Result: <b>FAIL</b>
					</p>
					<pre class="pre-scrollable">WARNING: library SiguesAhi claims to run on samd architecture(s) and may be incompatible with your current board which runs on avr architecture(s).
In file included from /home/ec2-user/arduino-testlib/cli-datadir/user/libraries/WiFiNINA/src/WiFiStorage.h:23:0,
                 from /home/ec2-user/arduino-testlib/cli-datadir/user/libraries/WiFiNINA/src/WiFi.h:38,
                 from /home/ec2-user/arduino-testlib/cli-datadir/user/libraries/WiFiNINA/src/WiFiNINA.h:23,
                 from /home/ec2-user/arduino-testlib/cli-datadir/user/libraries/SiguesAhi/src/SiguesAhi.h:19,
                 from /home/ec2-user/arduino-testlib/cli-datadir/user/libraries/SiguesAhi/examples/screen_es/screen_es.ino:2:
/home/ec2-user/arduino-testlib/cli-datadir/user/libraries/WiFiNINA/src/utility/wifi_drv.h:293:12: error: &#39;PinStatus&#39; does not name a type
     static PinStatus digitalRead(uint8_t pin);
            ^~~~~~~~~
/home/ec2-user/arduino-testlib/cli-datadir/user/libraries/SiguesAhi/examples/screen_es/screen_es.ino: In function &#39;void setup()&#39;:
/home/ec2-user/arduino-testlib/cli-datadir/user/libraries/SiguesAhi/examples/screen_es/screen_es.ino:37:10: error: &#39;class SiguesAhi&#39; has no member named &#39;connectingSSL&#39;; did you mean &#39;connectSSL&#39;?
   sigues.connectingSSL();
          ^~~~~~~~~~~~~
          connectSSL
Multiple libraries were found for &#34;Adafruit_SSD1306.h&#34;
  Used: /home/ec2-user/arduino-testlib/cli-datadir/user/libraries/Adafruit_SSD1306
  Not used: /home/ec2-user/arduino-testlib/cli-datadir/user/libraries/Adafruit_SSD1306_Wemos_Mini_OLED
</pre>
					
					<h4>examples/serial_en</h4>
					<p>
						Result: <b>FAIL</b>
					</p>
					<pre class="pre-scrollable">WARNING: library SiguesAhi claims to run on samd architecture(s) and may be incompatible with your current board which runs on avr architecture(s).
In file included from /home/ec2-user/arduino-testlib/cli-datadir/user/libraries/WiFiNINA/src/WiFiStorage.h:23:0,
                 from /home/ec2-user/arduino-testlib/cli-datadir/user/libraries/WiFiNINA/src/WiFi.h:38,
                 from /home/ec2-user/arduino-testlib/cli-datadir/user/libraries/WiFiNINA/src/WiFiNINA.h:23,
                 from /home/ec2-user/arduino-testlib/cli-datadir/user/libraries/SiguesAhi/src/SiguesAhi.h:19,
                 from /home/ec2-user/arduino-testlib/cli-datadir/user/libraries/SiguesAhi/examples/serial_en/serial_en.ino:2:
/home/ec2-user/arduino-testlib/cli-datadir/user/libraries/WiFiNINA/src/utility/wifi_drv.h:293:12: error: &#39;PinStatus&#39; does not name a type
     static PinStatus digitalRead(uint8_t pin);
            ^~~~~~~~~
Multiple libraries were found for &#34;Adafruit_SSD1306.h&#34;
  Used: /home/ec2-user/arduino-testlib/cli-datadir/user/libraries/Adafruit_SSD1306
  Not used: /home/ec2-user/arduino-testlib/cli-datadir/user/libraries/Adafruit_SSD1306_Wemos_Mini_OLED
</pre>
					
				
				<h3 id="arduino:mbed_nano:nanorp2040connect">arduino:mbed_nano:nanorp2040connect @ 2.7.2</h3>
				<h4>Inclusion</h4>
				<p>
					Result: <b>PASS</b>
					
				</p>
				<pre class="pre-scrollable">WARNING: library SiguesAhi claims to run on samd architecture(s) and may be incompatible with your current board which runs on mbed_nano architecture(s).
Sketch uses 98394 bytes (0%) of program storage space. Maximum is 16777216 bytes.
Global variables use 44552 bytes (16%) of dynamic memory, leaving 225784 bytes for local variables. Maximum is 270336 bytes.
</pre>

					
					<h4>examples/printer_en</h4>
					<p>
						Result: <b>PASS</b>
					</p>
					<pre class="pre-scrollable">WARNING: library SiguesAhi claims to run on samd architecture(s) and may be incompatible with your current board which runs on mbed_nano architecture(s).
Sketch uses 108284 bytes (0%) of program storage space. Maximum is 16777216 bytes.
Global variables use 44740 bytes (16%) of dynamic memory, leaving 225596 bytes for local variables. Maximum is 270336 bytes.
</pre>
					
					<h4>examples/printer_es</h4>
					<p>
						Result: <b>PASS</b>
					</p>
					<pre class="pre-scrollable">WARNING: library SiguesAhi claims to run on samd architecture(s) and may be incompatible with your current board which runs on mbed_nano architecture(s).
Sketch uses 108284 bytes (0%) of program storage space. Maximum is 16777216 bytes.
Global variables use 44740 bytes (16%) of dynamic memory, leaving 225596 bytes for local variables. Maximum is 270336 bytes.
</pre>
					
					<h4>examples/screen_en</h4>
					<p>
						Result: <b>PASS</b>
					</p>
					<pre class="pre-scrollable">WARNING: library SiguesAhi claims to run on samd architecture(s) and may be incompatible with your current board which runs on mbed_nano architecture(s).
Sketch uses 108390 bytes (0%) of program storage space. Maximum is 16777216 bytes.
Global variables use 44740 bytes (16%) of dynamic memory, leaving 225596 bytes for local variables. Maximum is 270336 bytes.
</pre>
					
					<h4>examples/screen_es</h4>
					<p>
						Result: <b>FAIL</b>
					</p>
					<pre class="pre-scrollable">WARNING: library SiguesAhi claims to run on samd architecture(s) and may be incompatible with your current board which runs on mbed_nano architecture(s).
/home/ec2-user/arduino-testlib/cli-datadir/user/libraries/SiguesAhi/examples/screen_es/screen_es.ino: In function &#39;void setup()&#39;:
/home/ec2-user/arduino-testlib/cli-datadir/user/libraries/SiguesAhi/examples/screen_es/screen_es.ino:37:10: error: &#39;class SiguesAhi&#39; has no member named &#39;connectingSSL&#39;; did you mean &#39;connectSSL&#39;?
   sigues.connectingSSL();
          ^~~~~~~~~~~~~
          connectSSL
Multiple libraries were found for &#34;Adafruit_SSD1306.h&#34;
  Used: /home/ec2-user/arduino-testlib/cli-datadir/user/libraries/Adafruit_SSD1306
  Not used: /home/ec2-user/arduino-testlib/cli-datadir/user/libraries/Adafruit_SSD1306_Wemos_Mini_OLED
</pre>
					
					<h4>examples/serial_en</h4>
					<p>
						Result: <b>PASS</b>
					</p>
					<pre class="pre-scrollable">WARNING: library SiguesAhi claims to run on samd architecture(s) and may be incompatible with your current board which runs on mbed_nano architecture(s).
Sketch uses 110674 bytes (0%) of program storage space. Maximum is 16777216 bytes.
Global variables use 44768 bytes (16%) of dynamic memory, leaving 225568 bytes for local variables. Maximum is 270336 bytes.
</pre>
					
				
				<h3 id="arduino:megaavr:nona4809">arduino:megaavr:nona4809 @ 1.8.7</h3>
				<h4>Inclusion</h4>
				<p>
					Result: <b>FAIL</b>
					
				</p>
				<pre class="pre-scrollable">WARNING: library SiguesAhi claims to run on samd architecture(s) and may be incompatible with your current board which runs on megaavr architecture(s).
Multiple libraries were found for &#34;Adafruit_SSD1306.h&#34;
  Used: /home/ec2-user/arduino-testlib/cli-datadir/user/libraries/Adafruit_SSD1306
  Not used: /home/ec2-user/arduino-testlib/cli-datadir/user/libraries/Adafruit_SSD1306_Wemos_Mini_OLED
</pre>

					
					<h4>examples/printer_en</h4>
					<p>
						Result: <b>FAIL</b>
					</p>
					<pre class="pre-scrollable">WARNING: library SiguesAhi claims to run on samd architecture(s) and may be incompatible with your current board which runs on megaavr architecture(s).
Multiple libraries were found for &#34;Adafruit_SSD1306.h&#34;
  Used: /home/ec2-user/arduino-testlib/cli-datadir/user/libraries/Adafruit_SSD1306
  Not used: /home/ec2-user/arduino-testlib/cli-datadir/user/libraries/Adafruit_SSD1306_Wemos_Mini_OLED
</pre>
					
					<h4>examples/printer_es</h4>
					<p>
						Result: <b>FAIL</b>
					</p>
					<pre class="pre-scrollable">WARNING: library SiguesAhi claims to run on samd architecture(s) and may be incompatible with your current board which runs on megaavr architecture(s).
Multiple libraries were found for &#34;Adafruit_SSD1306.h&#34;
  Used: /home/ec2-user/arduino-testlib/cli-datadir/user/libraries/Adafruit_SSD1306
  Not used: /home/ec2-user/arduino-testlib/cli-datadir/user/libraries/Adafruit_SSD1306_Wemos_Mini_OLED
</pre>
					
					<h4>examples/screen_en</h4>
					<p>
						Result: <b>FAIL</b>
					</p>
					<pre class="pre-scrollable">WARNING: library SiguesAhi claims to run on samd architecture(s) and may be incompatible with your current board which runs on megaavr architecture(s).
Multiple libraries were found for &#34;Adafruit_SSD1306.h&#34;
  Used: /home/ec2-user/arduino-testlib/cli-datadir/user/libraries/Adafruit_SSD1306
  Not used: /home/ec2-user/arduino-testlib/cli-datadir/user/libraries/Adafruit_SSD1306_Wemos_Mini_OLED
</pre>
					
					<h4>examples/screen_es</h4>
					<p>
						Result: <b>FAIL</b>
					</p>
					<pre class="pre-scrollable">WARNING: library SiguesAhi claims to run on samd architecture(s) and may be incompatible with your current board which runs on megaavr architecture(s).
/home/ec2-user/arduino-testlib/cli-datadir/user/libraries/SiguesAhi/examples/screen_es/screen_es.ino: In function &#39;void setup()&#39;:
/home/ec2-user/arduino-testlib/cli-datadir/user/libraries/SiguesAhi/examples/screen_es/screen_es.ino:37:10: error: &#39;class SiguesAhi&#39; has no member named &#39;connectingSSL&#39;; did you mean &#39;connectSSL&#39;?
   sigues.connectingSSL();
          ^~~~~~~~~~~~~
          connectSSL
Multiple libraries were found for &#34;Adafruit_SSD1306.h&#34;
  Used: /home/ec2-user/arduino-testlib/cli-datadir/user/libraries/Adafruit_SSD1306
  Not used: /home/ec2-user/arduino-testlib/cli-datadir/user/libraries/Adafruit_SSD1306_Wemos_Mini_OLED
</pre>
					
					<h4>examples/serial_en</h4>
					<p>
						Result: <b>FAIL</b>
					</p>
					<pre class="pre-scrollable">WARNING: library SiguesAhi claims to run on samd architecture(s) and may be incompatible with your current board which runs on megaavr architecture(s).
Multiple libraries were found for &#34;Adafruit_SSD1306.h&#34;
  Used: /home/ec2-user/arduino-testlib/cli-datadir/user/libraries/Adafruit_SSD1306
  Not used: /home/ec2-user/arduino-testlib/cli-datadir/user/libraries/Adafruit_SSD1306_Wemos_Mini_OLED
</pre>
					
				
				<h3 id="arduino:samd:mkrwifi1010">arduino:samd:mkrwifi1010 @ 1.8.12</h3>
				<h4>Inclusion</h4>
				<p>
					Result: <b>PASS</b>
					
				</p>
				<pre class="pre-scrollable">Sketch uses 36372 bytes (13%) of program storage space. Maximum is 262144 bytes.
Global variables use 4192 bytes (12%) of dynamic memory, leaving 28576 bytes for local variables. Maximum is 32768 bytes.
</pre>

					
					<h4>examples/printer_en</h4>
					<p>
						Result: <b>PASS</b>
					</p>
					<pre class="pre-scrollable">Sketch uses 49108 bytes (18%) of program storage space. Maximum is 262144 bytes.
Global variables use 4380 bytes (13%) of dynamic memory, leaving 28388 bytes for local variables. Maximum is 32768 bytes.
</pre>
					
					<h4>examples/printer_es</h4>
					<p>
						Result: <b>PASS</b>
					</p>
					<pre class="pre-scrollable">Sketch uses 49108 bytes (18%) of program storage space. Maximum is 262144 bytes.
Global variables use 4380 bytes (13%) of dynamic memory, leaving 28388 bytes for local variables. Maximum is 32768 bytes.
</pre>
					
					<h4>examples/screen_en</h4>
					<p>
						Result: <b>PASS</b>
					</p>
					<pre class="pre-scrollable">Sketch uses 49252 bytes (18%) of program storage space. Maximum is 262144 bytes.
Global variables use 4380 bytes (13%) of dynamic memory, leaving 28388 bytes for local variables. Maximum is 32768 bytes.
</pre>
					
					<h4>examples/screen_es</h4>
					<p>
						Result: <b>FAIL</b>
					</p>
					<pre class="pre-scrollable">/home/ec2-user/arduino-testlib/cli-datadir/user/libraries/SiguesAhi/examples/screen_es/screen_es.ino: In function &#39;void setup()&#39;:
/home/ec2-user/arduino-testlib/cli-datadir/user/libraries/SiguesAhi/examples/screen_es/screen_es.ino:37:10: error: &#39;class SiguesAhi&#39; has no member named &#39;connectingSSL&#39;; did you mean &#39;connectSSL&#39;?
   sigues.connectingSSL();
          ^~~~~~~~~~~~~
          connectSSL
Multiple libraries were found for &#34;Adafruit_SSD1306.h&#34;
  Used: /home/ec2-user/arduino-testlib/cli-datadir/user/libraries/Adafruit_SSD1306
  Not used: /home/ec2-user/arduino-testlib/cli-datadir/user/libraries/Adafruit_SSD1306_Wemos_Mini_OLED
</pre>
					
					<h4>examples/serial_en</h4>
					<p>
						Result: <b>PASS</b>
					</p>
					<pre class="pre-scrollable">Sketch uses 51956 bytes (19%) of program storage space. Maximum is 262144 bytes.
Global variables use 4420 bytes (13%) of dynamic memory, leaving 28348 bytes for local variables. Maximum is 32768 bytes.
</pre>
					
				
				<h3 id="esp32:esp32:d1_mini32">esp32:esp32:d1_mini32 @ 1.0.6</h3>
				<h4>Inclusion</h4>
				<p>
					Result: <b>FAIL</b>
					
				</p>
				<pre class="pre-scrollable">WARNING: library SiguesAhi claims to run on samd architecture(s) and may be incompatible with your current board which runs on esp32 architecture(s).
In file included from /home/ec2-user/arduino-testlib/cli-datadir/user/libraries/WiFiNINA/src/WiFiStorage.h:23:0,
                 from /home/ec2-user/arduino-testlib/cli-datadir/user/libraries/WiFiNINA/src/WiFi.h:38,
                 from /home/ec2-user/arduino-testlib/cli-datadir/user/libraries/WiFiNINA/src/WiFiNINA.h:23,
                 from /home/ec2-user/arduino-testlib/cli-datadir/user/libraries/SiguesAhi/src/SiguesAhi.h:19,
                 from /tmp/arduino-testlib3322761642/test/test.ino:1:
/home/ec2-user/arduino-testlib/cli-datadir/user/libraries/WiFiNINA/src/utility/wifi_drv.h:293:12: error: &#39;PinStatus&#39; does not name a type
     static PinStatus digitalRead(uint8_t pin);
            ^
Multiple libraries were found for &#34;Adafruit_SSD1306.h&#34;
  Used: /home/ec2-user/arduino-testlib/cli-datadir/user/libraries/Adafruit_SSD1306
  Not used: /home/ec2-user/arduino-testlib/cli-datadir/user/libraries/Adafruit_SSD1306_Wemos_Mini_OLED
</pre>

					
					<h4>examples/printer_en</h4>
					<p>
						Result: <b>FAIL</b>
					</p>
					<pre class="pre-scrollable">WARNING: library SiguesAhi claims to run on samd architecture(s) and may be incompatible with your current board which runs on esp32 architecture(s).
In file included from /home/ec2-user/arduino-testlib/cli-datadir/user/libraries/WiFiNINA/src/WiFiStorage.h:23:0,
                 from /home/ec2-user/arduino-testlib/cli-datadir/user/libraries/WiFiNINA/src/WiFi.h:38,
                 from /home/ec2-user/arduino-testlib/cli-datadir/user/libraries/WiFiNINA/src/WiFiNINA.h:23,
                 from /home/ec2-user/arduino-testlib/cli-datadir/user/libraries/SiguesAhi/src/SiguesAhi.h:19,
                 from /home/ec2-user/arduino-testlib/cli-datadir/user/libraries/SiguesAhi/examples/printer_en/printer_en.ino:2:
/home/ec2-user/arduino-testlib/cli-datadir/user/libraries/WiFiNINA/src/utility/wifi_drv.h:293:12: error: &#39;PinStatus&#39; does not name a type
     static PinStatus digitalRead(uint8_t pin);
            ^
Multiple libraries were found for &#34;Adafruit_SSD1306.h&#34;
  Used: /home/ec2-user/arduino-testlib/cli-datadir/user/libraries/Adafruit_SSD1306
  Not used: /home/ec2-user/arduino-testlib/cli-datadir/user/libraries/Adafruit_SSD1306_Wemos_Mini_OLED
</pre>
					
					<h4>examples/printer_es</h4>
					<p>
						Result: <b>FAIL</b>
					</p>
					<pre class="pre-scrollable">WARNING: library SiguesAhi claims to run on samd architecture(s) and may be incompatible with your current board which runs on esp32 architecture(s).
In file included from /home/ec2-user/arduino-testlib/cli-datadir/user/libraries/WiFiNINA/src/WiFiStorage.h:23:0,
                 from /home/ec2-user/arduino-testlib/cli-datadir/user/libraries/WiFiNINA/src/WiFi.h:38,
                 from /home/ec2-user/arduino-testlib/cli-datadir/user/libraries/WiFiNINA/src/WiFiNINA.h:23,
                 from /home/ec2-user/arduino-testlib/cli-datadir/user/libraries/SiguesAhi/src/SiguesAhi.h:19,
                 from /home/ec2-user/arduino-testlib/cli-datadir/user/libraries/SiguesAhi/examples/printer_es/printer_es.ino:2:
/home/ec2-user/arduino-testlib/cli-datadir/user/libraries/WiFiNINA/src/utility/wifi_drv.h:293:12: error: &#39;PinStatus&#39; does not name a type
     static PinStatus digitalRead(uint8_t pin);
            ^
Multiple libraries were found for &#34;Adafruit_SSD1306.h&#34;
  Used: /home/ec2-user/arduino-testlib/cli-datadir/user/libraries/Adafruit_SSD1306
  Not used: /home/ec2-user/arduino-testlib/cli-datadir/user/libraries/Adafruit_SSD1306_Wemos_Mini_OLED
</pre>
					
					<h4>examples/screen_en</h4>
					<p>
						Result: <b>FAIL</b>
					</p>
					<pre class="pre-scrollable">WARNING: library SiguesAhi claims to run on samd architecture(s) and may be incompatible with your current board which runs on esp32 architecture(s).
In file included from /home/ec2-user/arduino-testlib/cli-datadir/user/libraries/WiFiNINA/src/WiFiStorage.h:23:0,
                 from /home/ec2-user/arduino-testlib/cli-datadir/user/libraries/WiFiNINA/src/WiFi.h:38,
                 from /home/ec2-user/arduino-testlib/cli-datadir/user/libraries/WiFiNINA/src/WiFiNINA.h:23,
                 from /home/ec2-user/arduino-testlib/cli-datadir/user/libraries/SiguesAhi/src/SiguesAhi.h:19,
                 from /home/ec2-user/arduino-testlib/cli-datadir/user/libraries/SiguesAhi/examples/screen_en/screen_en.ino:2:
/home/ec2-user/arduino-testlib/cli-datadir/user/libraries/WiFiNINA/src/utility/wifi_drv.h:293:12: error: &#39;PinStatus&#39; does not name a type
     static PinStatus digitalRead(uint8_t pin);
            ^
Multiple libraries were found for &#34;Adafruit_SSD1306.h&#34;
  Used: /home/ec2-user/arduino-testlib/cli-datadir/user/libraries/Adafruit_SSD1306
  Not used: /home/ec2-user/arduino-testlib/cli-datadir/user/libraries/Adafruit_SSD1306_Wemos_Mini_OLED
</pre>
					
					<h4>examples/screen_es</h4>
					<p>
						Result: <b>FAIL</b>
					</p>
					<pre class="pre-scrollable">WARNING: library SiguesAhi claims to run on samd architecture(s) and may be incompatible with your current board which runs on esp32 architecture(s).
In file included from /home/ec2-user/arduino-testlib/cli-datadir/user/libraries/WiFiNINA/src/WiFiStorage.h:23:0,
                 from /home/ec2-user/arduino-testlib/cli-datadir/user/libraries/WiFiNINA/src/WiFi.h:38,
                 from /home/ec2-user/arduino-testlib/cli-datadir/user/libraries/WiFiNINA/src/WiFiNINA.h:23,
                 from /home/ec2-user/arduino-testlib/cli-datadir/user/libraries/SiguesAhi/src/SiguesAhi.h:19,
                 from /home/ec2-user/arduino-testlib/cli-datadir/user/libraries/SiguesAhi/examples/screen_es/screen_es.ino:2:
/home/ec2-user/arduino-testlib/cli-datadir/user/libraries/WiFiNINA/src/utility/wifi_drv.h:293:12: error: &#39;PinStatus&#39; does not name a type
     static PinStatus digitalRead(uint8_t pin);
            ^
/home/ec2-user/arduino-testlib/cli-datadir/user/libraries/SiguesAhi/examples/screen_es/screen_es.ino: In function &#39;void setup()&#39;:
/home/ec2-user/arduino-testlib/cli-datadir/user/libraries/SiguesAhi/examples/screen_es/screen_es.ino:37:10: error: &#39;class SiguesAhi&#39; has no member named &#39;connectingSSL&#39;
   sigues.connectingSSL();
          ^
Multiple libraries were found for &#34;Adafruit_SSD1306.h&#34;
  Used: /home/ec2-user/arduino-testlib/cli-datadir/user/libraries/Adafruit_SSD1306
  Not used: /home/ec2-user/arduino-testlib/cli-datadir/user/libraries/Adafruit_SSD1306_Wemos_Mini_OLED
</pre>
					
					<h4>examples/serial_en</h4>
					<p>
						Result: <b>FAIL</b>
					</p>
					<pre class="pre-scrollable">WARNING: library SiguesAhi claims to run on samd architecture(s) and may be incompatible with your current board which runs on esp32 architecture(s).
In file included from /home/ec2-user/arduino-testlib/cli-datadir/user/libraries/WiFiNINA/src/WiFiStorage.h:23:0,
                 from /home/ec2-user/arduino-testlib/cli-datadir/user/libraries/WiFiNINA/src/WiFi.h:38,
                 from /home/ec2-user/arduino-testlib/cli-datadir/user/libraries/WiFiNINA/src/WiFiNINA.h:23,
                 from /home/ec2-user/arduino-testlib/cli-datadir/user/libraries/SiguesAhi/src/SiguesAhi.h:19,
                 from /home/ec2-user/arduino-testlib/cli-datadir/user/libraries/SiguesAhi/examples/serial_en/serial_en.ino:2:
/home/ec2-user/arduino-testlib/cli-datadir/user/libraries/WiFiNINA/src/utility/wifi_drv.h:293:12: error: &#39;PinStatus&#39; does not name a type
     static PinStatus digitalRead(uint8_t pin);
            ^
Multiple libraries were found for &#34;Adafruit_SSD1306.h&#34;
  Used: /home/ec2-user/arduino-testlib/cli-datadir/user/libraries/Adafruit_SSD1306
  Not used: /home/ec2-user/arduino-testlib/cli-datadir/user/libraries/Adafruit_SSD1306_Wemos_Mini_OLED
</pre>
					
				
			</div>
		</div>
	</div>
  </body>
</html>
