
<!doctype html>
<html lang="en">
  <head>
    <meta charset="utf-8">
    <meta name="viewport" content="width=device-width, initial-scale=1">
    <link href="https://cdn.jsdelivr.net/npm/bootstrap@5.0.2/dist/css/bootstrap.min.css" rel="stylesheet" integrity="sha384-EVSTQN3/azprG1Anm3QDgpJLIm9Nao0Yz1ztcQTwFspd3yD65VohhpuuCOmLASjC" crossorigin="anonymous">
    <title>arduino-testlib report</title>
	<style>
	.pass { background-color: #00FF00 !important; }
	.fail { background-color: #FF0000 !important; }
	</style>
  </head>
  <body>
	<div class="container">
		<div class="row">
			<div class="col">
				<h1>SIKTEC_Rotary - compatibility matrix</h1>
				<p>
					<small>This report was generated on Monday, 21-Feb-22 12:00:25 CET using 
					<a href="https://github.com/alranel/arduino-testlib">arduino-testlib</a>.</small>
				</p>

				<h2>SIKTEC_Rotary</h2>
				<p>
					Version: <b>1.0.2</b>
					<br />
					<a href="https://www.arduino.cc/reference/en/libraries/siktec_rotary/">More details</a>
				</p>

				<h2>Compatibility matrix</h2>
				<table class="table table-bordered">
					<tr>
						<th>Board</th>
						<th>Claims compatibility</th>
						<th>Inclusion</th>
						
						<th><pre>RotaryRangeCounter</pre></th>
						
					</tr>
					
					<tr>
						<td>
							<a href="#arduino%3aavr%3auno"><b>arduino:avr:uno</b></a>
							<br />
							<small>1.8.4</small>
						</td>

						
							<td>Yes</td>
							<td class="pass">PASS</td>
						
						
						
						

						
							
								
									
										
											<td class="pass">PASS</td>
											
										
									
								
							
								
							
								
							
								
							
								
							
						
					</tr>
					
					<tr>
						<td>
							<a href="#arduino%3ambed_nano%3ananorp2040connect"><b>arduino:mbed_nano:nanorp2040connect</b></a>
							<br />
							<small>2.7.2</small>
						</td>

						
						
						
							<td>Yes ⚠️</td>
							<td class="fail">FAIL</td>
						
						

						
							
								
							
								
									
										
											
											<td class="fail">FAIL</td>
										
									
								
							
								
							
								
							
								
							
						
					</tr>
					
					<tr>
						<td>
							<a href="#arduino%3amegaavr%3anona4809"><b>arduino:megaavr:nona4809</b></a>
							<br />
							<small>1.8.7</small>
						</td>

						
						
						
							<td>Yes ⚠️</td>
							<td class="fail">FAIL</td>
						
						

						
							
								
							
								
							
								
									
										
											
											<td class="fail">FAIL</td>
										
									
								
							
								
							
								
							
						
					</tr>
					
					<tr>
						<td>
							<a href="#arduino%3asamd%3amkrwifi1010"><b>arduino:samd:mkrwifi1010</b></a>
							<br />
							<small>1.8.12</small>
						</td>

						
						
						
							<td>Yes ⚠️</td>
							<td class="fail">FAIL</td>
						
						

						
							
								
							
								
							
								
							
								
									
										
											
											<td class="fail">FAIL</td>
										
									
								
							
								
							
						
					</tr>
					
					<tr>
						<td>
							<a href="#esp32%3aesp32%3ad1_mini32"><b>esp32:esp32:d1_mini32</b></a>
							<br />
							<small>1.0.6</small>
						</td>

						
						
						
							<td>Yes ⚠️</td>
							<td class="fail">FAIL</td>
						
						

						
							
								
							
								
							
								
							
								
							
								
									
										
											
											<td class="fail">FAIL</td>
										
									
								
							
						
					</tr>
					
				</table>

				<h2>Compilation logs</h2>
				
				<h3 id="arduino:avr:uno">arduino:avr:uno @ 1.8.4</h3>
				<h4>Inclusion</h4>
				<p>
					Result: <b>PASS</b>
					
				</p>
				<pre class="pre-scrollable">Sketch uses 628 bytes (1%) of program storage space. Maximum is 32256 bytes.
Global variables use 17 bytes (0%) of dynamic memory, leaving 2031 bytes for local variables. Maximum is 2048 bytes.
</pre>

					
					<h4>examples/RotaryRangeCounter</h4>
					<p>
						Result: <b>PASS</b>
					</p>
					<pre class="pre-scrollable">Sketch uses 4970 bytes (15%) of program storage space. Maximum is 32256 bytes.
Global variables use 267 bytes (13%) of dynamic memory, leaving 1781 bytes for local variables. Maximum is 2048 bytes.
</pre>
					
				
				<h3 id="arduino:mbed_nano:nanorp2040connect">arduino:mbed_nano:nanorp2040connect @ 2.7.2</h3>
				<h4>Inclusion</h4>
				<p>
					Result: <b>FAIL</b>
					
				</p>
				<pre class="pre-scrollable">/home/ec2-user/arduino-testlib/cli-datadir/user/libraries/SIKTEC_Rotary/SIKTEC_Rotary.cpp: In member function &#39;volatile int32_t SIKtec::Rotary::setRange(SIKtec::RotaryRange)&#39;:
/home/ec2-user/arduino-testlib/cli-datadir/user/libraries/SIKTEC_Rotary/SIKTEC_Rotary.cpp:73:9: error: &#39;cli&#39; was not declared in this scope
         cli();
         ^~~
/home/ec2-user/arduino-testlib/cli-datadir/user/libraries/SIKTEC_Rotary/SIKTEC_Rotary.cpp:80:9: error: &#39;sei&#39; was not declared in this scope
         sei();
         ^~~
/home/ec2-user/arduino-testlib/cli-datadir/user/libraries/SIKTEC_Rotary/SIKTEC_Rotary.cpp: In member function &#39;volatile int32_t SIKtec::Rotary::setPos(int32_t)&#39;:
/home/ec2-user/arduino-testlib/cli-datadir/user/libraries/SIKTEC_Rotary/SIKTEC_Rotary.cpp:87:9: error: &#39;cli&#39; was not declared in this scope
         cli();
         ^~~
/home/ec2-user/arduino-testlib/cli-datadir/user/libraries/SIKTEC_Rotary/SIKTEC_Rotary.cpp:93:9: error: &#39;sei&#39; was not declared in this scope
         sei();
         ^~~
/home/ec2-user/arduino-testlib/cli-datadir/user/libraries/SIKTEC_Rotary/SIKTEC_Rotary.cpp: In member function &#39;SIKtec::RotaryState SIKtec::Rotary::readState()&#39;:
/home/ec2-user/arduino-testlib/cli-datadir/user/libraries/SIKTEC_Rotary/SIKTEC_Rotary.cpp:118:9: error: &#39;cli&#39; was not declared in this scope
         cli();
         ^~~
/home/ec2-user/arduino-testlib/cli-datadir/user/libraries/SIKTEC_Rotary/SIKTEC_Rotary.cpp:122:9: error: &#39;sei&#39; was not declared in this scope
         sei();
         ^~~
/home/ec2-user/arduino-testlib/cli-datadir/user/libraries/SIKTEC_Rotary/SIKTEC_Rotary.cpp: In member function &#39;void SIKtec::Rotary::interA()&#39;:
/home/ec2-user/arduino-testlib/cli-datadir/user/libraries/SIKTEC_Rotary/SIKTEC_Rotary.cpp:180:5: error: &#39;cli&#39; was not declared in this scope
     cli();
     ^~~
/home/ec2-user/arduino-testlib/cli-datadir/user/libraries/SIKTEC_Rotary/SIKTEC_Rotary.cpp:181:21: error: &#39;PIND&#39; was not declared in this scope
     this-&gt;reading = PIND &amp; 0xC;
                     ^~~~
/home/ec2-user/arduino-testlib/cli-datadir/user/libraries/SIKTEC_Rotary/SIKTEC_Rotary.cpp:181:21: note: suggested alternative: &#39;SING&#39;
     this-&gt;reading = PIND &amp; 0xC;
                     ^~~~
                     SING
/home/ec2-user/arduino-testlib/cli-datadir/user/libraries/SIKTEC_Rotary/SIKTEC_Rotary.cpp:189:5: error: &#39;sei&#39; was not declared in this scope
     sei();
     ^~~
/home/ec2-user/arduino-testlib/cli-datadir/user/libraries/SIKTEC_Rotary/SIKTEC_Rotary.cpp: In member function &#39;void SIKtec::Rotary::interB()&#39;:
/home/ec2-user/arduino-testlib/cli-datadir/user/libraries/SIKTEC_Rotary/SIKTEC_Rotary.cpp:195:9: error: &#39;cli&#39; was not declared in this scope
         cli();
         ^~~
/home/ec2-user/arduino-testlib/cli-datadir/user/libraries/SIKTEC_Rotary/SIKTEC_Rotary.cpp:196:25: error: &#39;PIND&#39; was not declared in this scope
         this-&gt;reading = PIND &amp; 0xC;
                         ^~~~
/home/ec2-user/arduino-testlib/cli-datadir/user/libraries/SIKTEC_Rotary/SIKTEC_Rotary.cpp:196:25: note: suggested alternative: &#39;SING&#39;
         this-&gt;reading = PIND &amp; 0xC;
                         ^~~~
                         SING
/home/ec2-user/arduino-testlib/cli-datadir/user/libraries/SIKTEC_Rotary/SIKTEC_Rotary.cpp:205:9: error: &#39;sei&#39; was not declared in this scope
         sei();
         ^~~

</pre>

					
					<h4>examples/RotaryRangeCounter</h4>
					<p>
						Result: <b>FAIL</b>
					</p>
					<pre class="pre-scrollable">/home/ec2-user/arduino-testlib/cli-datadir/user/libraries/SIKTEC_Rotary/examples/RotaryRangeCounter/RotaryRangeCounter.ino:41:5: error: expected constructor, destructor, or type conversion before &#39;(&#39; token
 ISR (PCINT2_vect) 
     ^
/home/ec2-user/arduino-testlib/cli-datadir/user/libraries/SIKTEC_Rotary/examples/RotaryRangeCounter/RotaryRangeCounter.ino:41:5: error: expected constructor, destructor, or type conversion before &#39;(&#39; token
 ISR (PCINT2_vect) 
     ^
/home/ec2-user/arduino-testlib/cli-datadir/user/libraries/SIKTEC_Rotary/examples/RotaryRangeCounter/RotaryRangeCounter.ino: In function &#39;void setup()&#39;:
/home/ec2-user/arduino-testlib/cli-datadir/user/libraries/SIKTEC_Rotary/examples/RotaryRangeCounter/RotaryRangeCounter.ino:73:5: error: &#39;PCICR&#39; was not declared in this scope
     PCICR |= 0B00000100;
     ^~~~~
/home/ec2-user/arduino-testlib/cli-datadir/user/libraries/SIKTEC_Rotary/examples/RotaryRangeCounter/RotaryRangeCounter.ino:74:5: error: &#39;PCMSK2&#39; was not declared in this scope
     PCMSK2 |= 0B00010000; // Enable D4
     ^~~~~~
/home/ec2-user/arduino-testlib/cli-datadir/user/libraries/SIKTEC_Rotary/examples/RotaryRangeCounter/RotaryRangeCounter.ino:74:5: note: suggested alternative: &#39;PWM_2&#39;
     PCMSK2 |= 0B00010000; // Enable D4
     ^~~~~~
     PWM_2

</pre>
					
				
				<h3 id="arduino:megaavr:nona4809">arduino:megaavr:nona4809 @ 1.8.7</h3>
				<h4>Inclusion</h4>
				<p>
					Result: <b>FAIL</b>
					
				</p>
				<pre class="pre-scrollable">/home/ec2-user/arduino-testlib/cli-datadir/user/libraries/SIKTEC_Rotary/SIKTEC_Rotary.cpp: In member function &#39;void SIKtec::Rotary::interA()&#39;:
/home/ec2-user/arduino-testlib/cli-datadir/user/libraries/SIKTEC_Rotary/SIKTEC_Rotary.cpp:181:21: error: &#39;PIND&#39; was not declared in this scope
     this-&gt;reading = PIND &amp; 0xC;
                     ^~~~
/home/ec2-user/arduino-testlib/cli-datadir/user/libraries/SIKTEC_Rotary/SIKTEC_Rotary.cpp:181:21: note: suggested alternative: &#39;PIN0&#39;
     this-&gt;reading = PIND &amp; 0xC;
                     ^~~~
                     PIN0
/home/ec2-user/arduino-testlib/cli-datadir/user/libraries/SIKTEC_Rotary/SIKTEC_Rotary.cpp: In member function &#39;void SIKtec::Rotary::interB()&#39;:
/home/ec2-user/arduino-testlib/cli-datadir/user/libraries/SIKTEC_Rotary/SIKTEC_Rotary.cpp:196:25: error: &#39;PIND&#39; was not declared in this scope
         this-&gt;reading = PIND &amp; 0xC;
                         ^~~~
/home/ec2-user/arduino-testlib/cli-datadir/user/libraries/SIKTEC_Rotary/SIKTEC_Rotary.cpp:196:25: note: suggested alternative: &#39;PIN0&#39;
         this-&gt;reading = PIND &amp; 0xC;
                         ^~~~
                         PIN0

</pre>

					
					<h4>examples/RotaryRangeCounter</h4>
					<p>
						Result: <b>FAIL</b>
					</p>
					<pre class="pre-scrollable">/home/ec2-user/arduino-testlib/cli-datadir/user/libraries/SIKTEC_Rotary/examples/RotaryRangeCounter/RotaryRangeCounter.ino: In function &#39;void setup()&#39;:
/home/ec2-user/arduino-testlib/cli-datadir/user/libraries/SIKTEC_Rotary/examples/RotaryRangeCounter/RotaryRangeCounter.ino:73:5: error: &#39;PCICR&#39; was not declared in this scope
     PCICR |= 0B00000100;
     ^~~~~
/home/ec2-user/arduino-testlib/cli-datadir/user/libraries/SIKTEC_Rotary/examples/RotaryRangeCounter/RotaryRangeCounter.ino:74:5: error: &#39;PCMSK2&#39; was not declared in this scope
     PCMSK2 |= 0B00010000; // Enable D4
     ^~~~~~

</pre>
					
				
				<h3 id="arduino:samd:mkrwifi1010">arduino:samd:mkrwifi1010 @ 1.8.12</h3>
				<h4>Inclusion</h4>
				<p>
					Result: <b>FAIL</b>
					
				</p>
				<pre class="pre-scrollable">/home/ec2-user/arduino-testlib/cli-datadir/user/libraries/SIKTEC_Rotary/SIKTEC_Rotary.cpp: In member function &#39;volatile int32_t SIKtec::Rotary::setRange(SIKtec::RotaryRange)&#39;:
/home/ec2-user/arduino-testlib/cli-datadir/user/libraries/SIKTEC_Rotary/SIKTEC_Rotary.cpp:73:9: error: &#39;cli&#39; was not declared in this scope
         cli();
         ^~~
/home/ec2-user/arduino-testlib/cli-datadir/user/libraries/SIKTEC_Rotary/SIKTEC_Rotary.cpp:73:9: note: suggested alternative: &#39;Gclk&#39;
         cli();
         ^~~
         Gclk
/home/ec2-user/arduino-testlib/cli-datadir/user/libraries/SIKTEC_Rotary/SIKTEC_Rotary.cpp:80:9: error: &#39;sei&#39; was not declared in this scope
         sei();
         ^~~
/home/ec2-user/arduino-testlib/cli-datadir/user/libraries/SIKTEC_Rotary/SIKTEC_Rotary.cpp: In member function &#39;volatile int32_t SIKtec::Rotary::setPos(int32_t)&#39;:
/home/ec2-user/arduino-testlib/cli-datadir/user/libraries/SIKTEC_Rotary/SIKTEC_Rotary.cpp:87:9: error: &#39;cli&#39; was not declared in this scope
         cli();
         ^~~
/home/ec2-user/arduino-testlib/cli-datadir/user/libraries/SIKTEC_Rotary/SIKTEC_Rotary.cpp:87:9: note: suggested alternative: &#39;Gclk&#39;
         cli();
         ^~~
         Gclk
/home/ec2-user/arduino-testlib/cli-datadir/user/libraries/SIKTEC_Rotary/SIKTEC_Rotary.cpp:93:9: error: &#39;sei&#39; was not declared in this scope
         sei();
         ^~~
/home/ec2-user/arduino-testlib/cli-datadir/user/libraries/SIKTEC_Rotary/SIKTEC_Rotary.cpp: In member function &#39;SIKtec::RotaryState SIKtec::Rotary::readState()&#39;:
/home/ec2-user/arduino-testlib/cli-datadir/user/libraries/SIKTEC_Rotary/SIKTEC_Rotary.cpp:118:9: error: &#39;cli&#39; was not declared in this scope
         cli();
         ^~~
/home/ec2-user/arduino-testlib/cli-datadir/user/libraries/SIKTEC_Rotary/SIKTEC_Rotary.cpp:118:9: note: suggested alternative: &#39;Gclk&#39;
         cli();
         ^~~
         Gclk
/home/ec2-user/arduino-testlib/cli-datadir/user/libraries/SIKTEC_Rotary/SIKTEC_Rotary.cpp:122:9: error: &#39;sei&#39; was not declared in this scope
         sei();
         ^~~
/home/ec2-user/arduino-testlib/cli-datadir/user/libraries/SIKTEC_Rotary/SIKTEC_Rotary.cpp: In member function &#39;void SIKtec::Rotary::interA()&#39;:
/home/ec2-user/arduino-testlib/cli-datadir/user/libraries/SIKTEC_Rotary/SIKTEC_Rotary.cpp:180:5: error: &#39;cli&#39; was not declared in this scope
     cli();
     ^~~
/home/ec2-user/arduino-testlib/cli-datadir/user/libraries/SIKTEC_Rotary/SIKTEC_Rotary.cpp:180:5: note: suggested alternative: &#39;Gclk&#39;
     cli();
     ^~~
     Gclk
/home/ec2-user/arduino-testlib/cli-datadir/user/libraries/SIKTEC_Rotary/SIKTEC_Rotary.cpp:181:21: error: &#39;PIND&#39; was not declared in this scope
     this-&gt;reading = PIND &amp; 0xC;
                     ^~~~
/home/ec2-user/arduino-testlib/cli-datadir/user/libraries/SIKTEC_Rotary/SIKTEC_Rotary.cpp:181:21: note: suggested alternative: &#39;SING&#39;
     this-&gt;reading = PIND &amp; 0xC;
                     ^~~~
                     SING
/home/ec2-user/arduino-testlib/cli-datadir/user/libraries/SIKTEC_Rotary/SIKTEC_Rotary.cpp:189:5: error: &#39;sei&#39; was not declared in this scope
     sei();
     ^~~
/home/ec2-user/arduino-testlib/cli-datadir/user/libraries/SIKTEC_Rotary/SIKTEC_Rotary.cpp: In member function &#39;void SIKtec::Rotary::interB()&#39;:
/home/ec2-user/arduino-testlib/cli-datadir/user/libraries/SIKTEC_Rotary/SIKTEC_Rotary.cpp:195:9: error: &#39;cli&#39; was not declared in this scope
         cli();
         ^~~
/home/ec2-user/arduino-testlib/cli-datadir/user/libraries/SIKTEC_Rotary/SIKTEC_Rotary.cpp:195:9: note: suggested alternative: &#39;Gclk&#39;
         cli();
         ^~~
         Gclk
/home/ec2-user/arduino-testlib/cli-datadir/user/libraries/SIKTEC_Rotary/SIKTEC_Rotary.cpp:196:25: error: &#39;PIND&#39; was not declared in this scope
         this-&gt;reading = PIND &amp; 0xC;
                         ^~~~
/home/ec2-user/arduino-testlib/cli-datadir/user/libraries/SIKTEC_Rotary/SIKTEC_Rotary.cpp:196:25: note: suggested alternative: &#39;SING&#39;
         this-&gt;reading = PIND &amp; 0xC;
                         ^~~~
                         SING
/home/ec2-user/arduino-testlib/cli-datadir/user/libraries/SIKTEC_Rotary/SIKTEC_Rotary.cpp:205:9: error: &#39;sei&#39; was not declared in this scope
         sei();
         ^~~

</pre>

					
					<h4>examples/RotaryRangeCounter</h4>
					<p>
						Result: <b>FAIL</b>
					</p>
					<pre class="pre-scrollable">/home/ec2-user/arduino-testlib/cli-datadir/user/libraries/SIKTEC_Rotary/examples/RotaryRangeCounter/RotaryRangeCounter.ino:41:5: error: expected constructor, destructor, or type conversion before &#39;(&#39; token
 ISR (PCINT2_vect) 
     ^
/home/ec2-user/arduino-testlib/cli-datadir/user/libraries/SIKTEC_Rotary/examples/RotaryRangeCounter/RotaryRangeCounter.ino:41:5: error: expected constructor, destructor, or type conversion before &#39;(&#39; token
 ISR (PCINT2_vect) 
     ^
/home/ec2-user/arduino-testlib/cli-datadir/user/libraries/SIKTEC_Rotary/examples/RotaryRangeCounter/RotaryRangeCounter.ino: In function &#39;void setup()&#39;:
/home/ec2-user/arduino-testlib/cli-datadir/user/libraries/SIKTEC_Rotary/examples/RotaryRangeCounter/RotaryRangeCounter.ino:73:5: error: &#39;PCICR&#39; was not declared in this scope
     PCICR |= 0B00000100;
     ^~~~~
/home/ec2-user/arduino-testlib/cli-datadir/user/libraries/SIKTEC_Rotary/examples/RotaryRangeCounter/RotaryRangeCounter.ino:74:5: error: &#39;PCMSK2&#39; was not declared in this scope
     PCMSK2 |= 0B00010000; // Enable D4
     ^~~~~~

</pre>
					
				
				<h3 id="esp32:esp32:d1_mini32">esp32:esp32:d1_mini32 @ 1.0.6</h3>
				<h4>Inclusion</h4>
				<p>
					Result: <b>FAIL</b>
					
				</p>
				<pre class="pre-scrollable">In file included from /tmp/arduino-testlib1665737112/test/test.ino:1:0:
/home/ec2-user/arduino-testlib/cli-datadir/user/libraries/SIKTEC_Rotary/SIKTEC_Rotary.h:96:40: error: &#39;debounceDelay&#39; declared as an &#39;inline&#39; field
         volatile inline static int32_t debounceDelay;    // Defines teh debounce delay to be use    
                                        ^

</pre>

					
					<h4>examples/RotaryRangeCounter</h4>
					<p>
						Result: <b>FAIL</b>
					</p>
					<pre class="pre-scrollable">In file included from /home/ec2-user/arduino-testlib/cli-datadir/user/libraries/SIKTEC_Rotary/examples/RotaryRangeCounter/RotaryRangeCounter.ino:6:0:
/home/ec2-user/arduino-testlib/cli-datadir/user/libraries/SIKTEC_Rotary/SIKTEC_Rotary.h:96:40: error: &#39;debounceDelay&#39; declared as an &#39;inline&#39; field
         volatile inline static int32_t debounceDelay;    // Defines teh debounce delay to be use    
                                        ^
/home/ec2-user/arduino-testlib/cli-datadir/user/libraries/SIKTEC_Rotary/examples/RotaryRangeCounter/RotaryRangeCounter.ino:41:5: error: expected constructor, destructor, or type conversion before &#39;(&#39; token
 ISR (PCINT2_vect) 
     ^
/home/ec2-user/arduino-testlib/cli-datadir/user/libraries/SIKTEC_Rotary/examples/RotaryRangeCounter/RotaryRangeCounter.ino:41:5: error: expected constructor, destructor, or type conversion before &#39;(&#39; token
 ISR (PCINT2_vect) 
     ^

</pre>
					
				
			</div>
		</div>
	</div>
  </body>
</html>
