
<!doctype html>
<html lang="en">
  <head>
    <meta charset="utf-8">
    <meta name="viewport" content="width=device-width, initial-scale=1">
    <link href="https://cdn.jsdelivr.net/npm/bootstrap@5.0.2/dist/css/bootstrap.min.css" rel="stylesheet" integrity="sha384-EVSTQN3/azprG1Anm3QDgpJLIm9Nao0Yz1ztcQTwFspd3yD65VohhpuuCOmLASjC" crossorigin="anonymous">
    <title>arduino-testlib report</title>
	<style>
	.pass { background-color: #00FF00 !important; }
	.fail { background-color: #FF0000 !important; }
	</style>
  </head>
  <body>
	<div class="container">
		<div class="row">
			<div class="col">
				<h1>SmartEverything Lion RN2483 - compatibility matrix</h1>
				<p>
					<small>This report was generated on Monday, 21-Feb-22 12:00:25 CET using 
					<a href="https://github.com/alranel/arduino-testlib">arduino-testlib</a>.</small>
				</p>

				<h2>SmartEverything Lion RN2483</h2>
				<p>
					Version: <b>1.3.0</b>
					<br />
					<a href="https://www.arduino.cc/reference/en/libraries/smarteverything-lion-rn2483/">More details</a>
				</p>

				<h2>Compatibility matrix</h2>
				<table class="table table-bordered">
					<tr>
						<th>Board</th>
						<th>Claims compatibility</th>
						<th>Inclusion</th>
						
						<th><pre>download</pre></th>
						
						<th><pre>getChipInformation</pre></th>
						
						<th><pre>passthrough</pre></th>
						
						<th><pre>sendDataABP_console</pre></th>
						
						<th><pre>sendDataOTA_console</pre></th>
						
						<th><pre>storeConfiguration</pre></th>
						
					</tr>
					
					<tr>
						<td>
							<a href="#arduino%3aavr%3auno"><b>arduino:avr:uno</b></a>
							<br />
							<small>1.8.4</small>
						</td>

						
						
						
							<td>Yes ⚠️</td>
							<td class="fail">FAIL</td>
						
						

						
							
								
									
										
											
											<td class="fail">FAIL</td>
										
									
										
									
										
									
										
									
										
									
										
									
								
							
								
							
								
							
								
							
								
							
						
							
								
									
										
									
										
											
											<td class="fail">FAIL</td>
										
									
										
									
										
									
										
									
										
									
								
							
								
							
								
							
								
							
								
							
						
							
								
									
										
									
										
									
										
											
											<td class="fail">FAIL</td>
										
									
										
									
										
									
										
									
								
							
								
							
								
							
								
							
								
							
						
							
								
									
										
									
										
									
										
									
										
											
											<td class="fail">FAIL</td>
										
									
										
									
										
									
								
							
								
							
								
							
								
							
								
							
						
							
								
									
										
									
										
									
										
									
										
									
										
											
											<td class="fail">FAIL</td>
										
									
										
									
								
							
								
							
								
							
								
							
								
							
						
							
								
									
										
									
										
									
										
									
										
									
										
									
										
											
											<td class="fail">FAIL</td>
										
									
								
							
								
							
								
							
								
							
								
							
						
					</tr>
					
					<tr>
						<td>
							<a href="#arduino%3ambed_nano%3ananorp2040connect"><b>arduino:mbed_nano:nanorp2040connect</b></a>
							<br />
							<small>2.7.2</small>
						</td>

						
						
						
							<td>Yes ⚠️</td>
							<td class="fail">FAIL</td>
						
						

						
							
								
							
								
									
										
											
											<td class="fail">FAIL</td>
										
									
										
									
										
									
										
									
										
									
										
									
								
							
								
							
								
							
								
							
						
							
								
							
								
									
										
									
										
											
											<td class="fail">FAIL</td>
										
									
										
									
										
									
										
									
										
									
								
							
								
							
								
							
								
							
						
							
								
							
								
									
										
									
										
									
										
											
											<td class="fail">FAIL</td>
										
									
										
									
										
									
										
									
								
							
								
							
								
							
								
							
						
							
								
							
								
									
										
									
										
									
										
									
										
											
											<td class="fail">FAIL</td>
										
									
										
									
										
									
								
							
								
							
								
							
								
							
						
							
								
							
								
									
										
									
										
									
										
									
										
									
										
											
											<td class="fail">FAIL</td>
										
									
										
									
								
							
								
							
								
							
								
							
						
							
								
							
								
									
										
									
										
									
										
									
										
									
										
									
										
											
											<td class="fail">FAIL</td>
										
									
								
							
								
							
								
							
								
							
						
					</tr>
					
					<tr>
						<td>
							<a href="#arduino%3amegaavr%3anona4809"><b>arduino:megaavr:nona4809</b></a>
							<br />
							<small>1.8.7</small>
						</td>

						
						
						
							<td>Yes ⚠️</td>
							<td class="fail">FAIL</td>
						
						

						
							
								
							
								
							
								
									
										
											
											<td class="fail">FAIL</td>
										
									
										
									
										
									
										
									
										
									
										
									
								
							
								
							
								
							
						
							
								
							
								
							
								
									
										
									
										
											
											<td class="fail">FAIL</td>
										
									
										
									
										
									
										
									
										
									
								
							
								
							
								
							
						
							
								
							
								
							
								
									
										
									
										
									
										
											
											<td class="fail">FAIL</td>
										
									
										
									
										
									
										
									
								
							
								
							
								
							
						
							
								
							
								
							
								
									
										
									
										
									
										
									
										
											
											<td class="fail">FAIL</td>
										
									
										
									
										
									
								
							
								
							
								
							
						
							
								
							
								
							
								
									
										
									
										
									
										
									
										
									
										
											
											<td class="fail">FAIL</td>
										
									
										
									
								
							
								
							
								
							
						
							
								
							
								
							
								
									
										
									
										
									
										
									
										
									
										
									
										
											
											<td class="fail">FAIL</td>
										
									
								
							
								
							
								
							
						
					</tr>
					
					<tr>
						<td>
							<a href="#arduino%3asamd%3amkrwifi1010"><b>arduino:samd:mkrwifi1010</b></a>
							<br />
							<small>1.8.12</small>
						</td>

						
						
						
							<td>Yes ⚠️</td>
							<td class="fail">FAIL</td>
						
						

						
							
								
							
								
							
								
							
								
									
										
											
											<td class="fail">FAIL</td>
										
									
										
									
										
									
										
									
										
									
										
									
								
							
								
							
						
							
								
							
								
							
								
							
								
									
										
									
										
											
											<td class="fail">FAIL</td>
										
									
										
									
										
									
										
									
										
									
								
							
								
							
						
							
								
							
								
							
								
							
								
									
										
									
										
									
										
											
											<td class="fail">FAIL</td>
										
									
										
									
										
									
										
									
								
							
								
							
						
							
								
							
								
							
								
							
								
									
										
									
										
									
										
									
										
											
											<td class="fail">FAIL</td>
										
									
										
									
										
									
								
							
								
							
						
							
								
							
								
							
								
							
								
									
										
									
										
									
										
									
										
									
										
											
											<td class="fail">FAIL</td>
										
									
										
									
								
							
								
							
						
							
								
							
								
							
								
							
								
									
										
									
										
									
										
									
										
									
										
									
										
											
											<td class="fail">FAIL</td>
										
									
								
							
								
							
						
					</tr>
					
					<tr>
						<td>
							<a href="#esp32%3aesp32%3ad1_mini32"><b>esp32:esp32:d1_mini32</b></a>
							<br />
							<small>1.0.6</small>
						</td>

						
						
						
							<td>Yes ⚠️</td>
							<td class="fail">FAIL</td>
						
						

						
							
								
							
								
							
								
							
								
							
								
									
										
											
											<td class="fail">FAIL</td>
										
									
										
									
										
									
										
									
										
									
										
									
								
							
						
							
								
							
								
							
								
							
								
							
								
									
										
									
										
											
											<td class="fail">FAIL</td>
										
									
										
									
										
									
										
									
										
									
								
							
						
							
								
							
								
							
								
							
								
							
								
									
										
									
										
									
										
											
											<td class="fail">FAIL</td>
										
									
										
									
										
									
										
									
								
							
						
							
								
							
								
							
								
							
								
							
								
									
										
									
										
									
										
									
										
											
											<td class="fail">FAIL</td>
										
									
										
									
										
									
								
							
						
							
								
							
								
							
								
							
								
							
								
									
										
									
										
									
										
									
										
									
										
											
											<td class="fail">FAIL</td>
										
									
										
									
								
							
						
							
								
							
								
							
								
							
								
							
								
									
										
									
										
									
										
									
										
									
										
									
										
											
											<td class="fail">FAIL</td>
										
									
								
							
						
					</tr>
					
				</table>

				<h2>Compilation logs</h2>
				
				<h3 id="arduino:avr:uno">arduino:avr:uno @ 1.8.4</h3>
				<h4>Inclusion</h4>
				<p>
					Result: <b>FAIL</b>
					
					<br />This library has no main header file so an empty one was created.
					
				</p>
				<pre class="pre-scrollable">In file included from /home/ec2-user/arduino-testlib/cli-datadir/user/libraries/SmartEverything_Lion_RN2483/src/lora/rn2483.cpp:23:0:
/home/ec2-user/arduino-testlib/cli-datadir/user/libraries/SmartEverything_Lion_RN2483/src/lora/../rn2483.h:127:50: error: &#39;iotAntenna&#39; was not declared in this scope
     void begin(long speed = 57600, Uart *serial=&amp;iotAntenna);
                                                  ^~~~~~~~~~
/home/ec2-user/arduino-testlib/cli-datadir/user/libraries/SmartEverything_Lion_RN2483/src/lora/rn2483.cpp: In member function &#39;void RN2483::rawData(String)&#39;:
/home/ec2-user/arduino-testlib/cli-datadir/user/libraries/SmartEverything_Lion_RN2483/src/lora/rn2483.cpp:135:9: error: invalid use of incomplete type &#39;class Uart&#39;
     comm-&gt;print(stream);
         ^~
In file included from /home/ec2-user/arduino-testlib/cli-datadir/user/libraries/SmartEverything_Lion_RN2483/src/lora/rn2483.cpp:23:0:
/home/ec2-user/arduino-testlib/cli-datadir/user/libraries/SmartEverything_Lion_RN2483/src/lora/../rn2483.h:102:7: note: forward declaration of &#39;class Uart&#39;
 class Uart;
       ^~~~
/home/ec2-user/arduino-testlib/cli-datadir/user/libraries/SmartEverything_Lion_RN2483/src/lora/rn2483.cpp:135:11: error: invalid use of incomplete type &#39;class Uart&#39;
     comm-&gt;print(stream);
           ^~~~~
In file included from /home/ec2-user/arduino-testlib/cli-datadir/user/libraries/SmartEverything_Lion_RN2483/src/lora/rn2483.cpp:23:0:
/home/ec2-user/arduino-testlib/cli-datadir/user/libraries/SmartEverything_Lion_RN2483/src/lora/../rn2483.h:102:7: note: forward declaration of &#39;class Uart&#39;
 class Uart;
       ^~~~
/home/ec2-user/arduino-testlib/cli-datadir/user/libraries/SmartEverything_Lion_RN2483/src/lora/rn2483.cpp:137:9: error: &#39;SerialUSB&#39; was not declared in this scope
         SerialUSB.print(&#34;-&gt; &#34;);
         ^~~~~~~~~
/home/ec2-user/arduino-testlib/cli-datadir/user/libraries/SmartEverything_Lion_RN2483/src/lora/rn2483.cpp:137:9: note: suggested alternative: &#39;Serial&#39;
         SerialUSB.print(&#34;-&gt; &#34;);
         ^~~~~~~~~
         Serial
/home/ec2-user/arduino-testlib/cli-datadir/user/libraries/SmartEverything_Lion_RN2483/src/lora/rn2483.cpp: In member function &#39;uint8_t RN2483::waitAnswer()&#39;:
/home/ec2-user/arduino-testlib/cli-datadir/user/libraries/SmartEverything_Lion_RN2483/src/lora/rn2483.cpp:200:17: error: invalid use of incomplete type &#39;class Uart&#39;
     while (!comm-&gt;available())
                 ^~
In file included from /home/ec2-user/arduino-testlib/cli-datadir/user/libraries/SmartEverything_Lion_RN2483/src/lora/rn2483.cpp:23:0:
/home/ec2-user/arduino-testlib/cli-datadir/user/libraries/SmartEverything_Lion_RN2483/src/lora/../rn2483.h:102:7: note: forward declaration of &#39;class Uart&#39;
 class Uart;
       ^~~~
/home/ec2-user/arduino-testlib/cli-datadir/user/libraries/SmartEverything_Lion_RN2483/src/lora/rn2483.cpp:200:19: error: invalid use of incomplete type &#39;class Uart&#39;
     while (!comm-&gt;available())
                   ^~~~~~~~~
In file included from /home/ec2-user/arduino-testlib/cli-datadir/user/libraries/SmartEverything_Lion_RN2483/src/lora/rn2483.cpp:23:0:
/home/ec2-user/arduino-testlib/cli-datadir/user/libraries/SmartEverything_Lion_RN2483/src/lora/../rn2483.h:102:7: note: forward declaration of &#39;class Uart&#39;
 class Uart;
       ^~~~
/home/ec2-user/arduino-testlib/cli-datadir/user/libraries/SmartEverything_Lion_RN2483/src/lora/rn2483.cpp:208:17: error: invalid use of incomplete type &#39;class Uart&#39;
         if (comm-&gt;available()) {
                 ^~
In file included from /home/ec2-user/arduino-testlib/cli-datadir/user/libraries/SmartEverything_Lion_RN2483/src/lora/rn2483.cpp:23:0:
/home/ec2-user/arduino-testlib/cli-datadir/user/libraries/SmartEverything_Lion_RN2483/src/lora/../rn2483.h:102:7: note: forward declaration of &#39;class Uart&#39;
 class Uart;
       ^~~~
/home/ec2-user/arduino-testlib/cli-datadir/user/libraries/SmartEverything_Lion_RN2483/src/lora/rn2483.cpp:208:19: error: invalid use of incomplete type &#39;class Uart&#39;
         if (comm-&gt;available()) {
                   ^~~~~~~~~
In file included from /home/ec2-user/arduino-testlib/cli-datadir/user/libraries/SmartEverything_Lion_RN2483/src/lora/rn2483.cpp:23:0:
/home/ec2-user/arduino-testlib/cli-datadir/user/libraries/SmartEverything_Lion_RN2483/src/lora/../rn2483.h:102:7: note: forward declaration of &#39;class Uart&#39;
 class Uart;
       ^~~~
/home/ec2-user/arduino-testlib/cli-datadir/user/libraries/SmartEverything_Lion_RN2483/src/lora/rn2483.cpp:209:21: error: invalid use of incomplete type &#39;class Uart&#39;
             c = comm-&gt;read();
                     ^~
In file included from /home/ec2-user/arduino-testlib/cli-datadir/user/libraries/SmartEverything_Lion_RN2483/src/lora/rn2483.cpp:23:0:
/home/ec2-user/arduino-testlib/cli-datadir/user/libraries/SmartEverything_Lion_RN2483/src/lora/../rn2483.h:102:7: note: forward declaration of &#39;class Uart&#39;
 class Uart;
       ^~~~
/home/ec2-user/arduino-testlib/cli-datadir/user/libraries/SmartEverything_Lion_RN2483/src/lora/rn2483.cpp:209:23: error: invalid use of incomplete type &#39;class Uart&#39;
             c = comm-&gt;read();
                       ^~~~
In file included from /home/ec2-user/arduino-testlib/cli-datadir/user/libraries/SmartEverything_Lion_RN2483/src/lora/rn2483.cpp:23:0:
/home/ec2-user/arduino-testlib/cli-datadir/user/libraries/SmartEverything_Lion_RN2483/src/lora/../rn2483.h:102:7: note: forward declaration of &#39;class Uart&#39;
 class Uart;
       ^~~~
/home/ec2-user/arduino-testlib/cli-datadir/user/libraries/SmartEverything_Lion_RN2483/src/lora/rn2483.cpp:217:9: error: &#39;SerialUSB&#39; was not declared in this scope
         SerialUSB.print(&#34;&lt;- &#34;);
         ^~~~~~~~~
/home/ec2-user/arduino-testlib/cli-datadir/user/libraries/SmartEverything_Lion_RN2483/src/lora/rn2483.cpp:217:9: note: suggested alternative: &#39;Serial&#39;
         SerialUSB.print(&#34;&lt;- &#34;);
         ^~~~~~~~~
         Serial
/home/ec2-user/arduino-testlib/cli-datadir/user/libraries/SmartEverything_Lion_RN2483/src/lora/rn2483.cpp: In member function &#39;void RN2483::begin(long int, Uart*)&#39;:
/home/ec2-user/arduino-testlib/cli-datadir/user/libraries/SmartEverything_Lion_RN2483/src/lora/rn2483.cpp:299:9: error: invalid use of incomplete type &#39;class Uart&#39;
     comm-&gt;begin(speed);
         ^~
In file included from /home/ec2-user/arduino-testlib/cli-datadir/user/libraries/SmartEverything_Lion_RN2483/src/lora/rn2483.cpp:23:0:
/home/ec2-user/arduino-testlib/cli-datadir/user/libraries/SmartEverything_Lion_RN2483/src/lora/../rn2483.h:102:7: note: forward declaration of &#39;class Uart&#39;
 class Uart;
       ^~~~
/home/ec2-user/arduino-testlib/cli-datadir/user/libraries/SmartEverything_Lion_RN2483/src/lora/rn2483.cpp:299:11: error: invalid use of incomplete type &#39;class Uart&#39;
     comm-&gt;begin(speed);
           ^~~~~
In file included from /home/ec2-user/arduino-testlib/cli-datadir/user/libraries/SmartEverything_Lion_RN2483/src/lora/rn2483.cpp:23:0:
/home/ec2-user/arduino-testlib/cli-datadir/user/libraries/SmartEverything_Lion_RN2483/src/lora/../rn2483.h:102:7: note: forward declaration of &#39;class Uart&#39;
 class Uart;
       ^~~~
/home/ec2-user/arduino-testlib/cli-datadir/user/libraries/SmartEverything_Lion_RN2483/src/lora/rn2483.cpp: In member function &#39;bool RN2483::available()&#39;:
/home/ec2-user/arduino-testlib/cli-datadir/user/libraries/SmartEverything_Lion_RN2483/src/lora/rn2483.cpp:308:17: error: invalid use of incomplete type &#39;class Uart&#39;
      while (comm-&gt;available()) {
                 ^~
In file included from /home/ec2-user/arduino-testlib/cli-datadir/user/libraries/SmartEverything_Lion_RN2483/src/lora/rn2483.cpp:23:0:
/home/ec2-user/arduino-testlib/cli-datadir/user/libraries/SmartEverything_Lion_RN2483/src/lora/../rn2483.h:102:7: note: forward declaration of &#39;class Uart&#39;
 class Uart;
       ^~~~
/home/ec2-user/arduino-testlib/cli-datadir/user/libraries/SmartEverything_Lion_RN2483/src/lora/rn2483.cpp:308:19: error: invalid use of incomplete type &#39;class Uart&#39;
      while (comm-&gt;available()) {
                   ^~~~~~~~~
In file included from /home/ec2-user/arduino-testlib/cli-datadir/user/libraries/SmartEverything_Lion_RN2483/src/lora/rn2483.cpp:23:0:
/home/ec2-user/arduino-testlib/cli-datadir/user/libraries/SmartEverything_Lion_RN2483/src/lora/../rn2483.h:102:7: note: forward declaration of &#39;class Uart&#39;
 class Uart;
       ^~~~
/home/ec2-user/arduino-testlib/cli-datadir/user/libraries/SmartEverything_Lion_RN2483/src/lora/rn2483.cpp:310:34: error: invalid use of incomplete type &#39;class Uart&#39;
          char inChar = (char)comm-&gt;read();
                                  ^~
In file included from /home/ec2-user/arduino-testlib/cli-datadir/user/libraries/SmartEverything_Lion_RN2483/src/lora/rn2483.cpp:23:0:
/home/ec2-user/arduino-testlib/cli-datadir/user/libraries/SmartEverything_Lion_RN2483/src/lora/../rn2483.h:102:7: note: forward declaration of &#39;class Uart&#39;
 class Uart;
       ^~~~
/home/ec2-user/arduino-testlib/cli-datadir/user/libraries/SmartEverything_Lion_RN2483/src/lora/rn2483.cpp:310:36: error: invalid use of incomplete type &#39;class Uart&#39;
          char inChar = (char)comm-&gt;read();
                                    ^~~~
In file included from /home/ec2-user/arduino-testlib/cli-datadir/user/libraries/SmartEverything_Lion_RN2483/src/lora/rn2483.cpp:23:0:
/home/ec2-user/arduino-testlib/cli-datadir/user/libraries/SmartEverything_Lion_RN2483/src/lora/../rn2483.h:102:7: note: forward declaration of &#39;class Uart&#39;
 class Uart;
       ^~~~

</pre>

					
					<h4>examples/download</h4>
					<p>
						Result: <b>FAIL</b>
					</p>
					<pre class="pre-scrollable">In file included from /home/ec2-user/arduino-testlib/cli-datadir/user/libraries/SmartEverything_Lion_RN2483/examples/download/download.ino:42:0:
/home/ec2-user/arduino-testlib/cli-datadir/user/libraries/SmartEverything_Lion_RN2483/src/rn2483.h:127:50: error: &#39;iotAntenna&#39; was not declared in this scope
     void begin(long speed = 57600, Uart *serial=&amp;iotAntenna);
                                                  ^~~~~~~~~~
/home/ec2-user/arduino-testlib/cli-datadir/user/libraries/SmartEverything_Lion_RN2483/examples/download/download.ino: In function &#39;void setup()&#39;:
/home/ec2-user/arduino-testlib/cli-datadir/user/libraries/SmartEverything_Lion_RN2483/examples/download/download.ino:51:16: error: call to &#39;void RN2483::begin(long int, Uart*)&#39; uses the default argument for parameter 2, which is not yet defined
     lora.begin();  // Default speed 57600
                ^
/home/ec2-user/arduino-testlib/cli-datadir/user/libraries/SmartEverything_Lion_RN2483/examples/download/download.ino: In function &#39;void loop()&#39;:
/home/ec2-user/arduino-testlib/cli-datadir/user/libraries/SmartEverything_Lion_RN2483/examples/download/download.ino:67:7: error: &#39;iotAntenna&#39; was not declared in this scope
       iotAntenna.print(c);
       ^~~~~~~~~~
/home/ec2-user/arduino-testlib/cli-datadir/user/libraries/SmartEverything_Lion_RN2483/examples/download/download.ino:70:9: error: &#39;iotAntenna&#39; was not declared in this scope
     if (iotAntenna.available()) {
         ^~~~~~~~~~

</pre>
					
					<h4>examples/getChipInformation</h4>
					<p>
						Result: <b>FAIL</b>
					</p>
					<pre class="pre-scrollable">In file included from /home/ec2-user/arduino-testlib/cli-datadir/user/libraries/SmartEverything_Lion_RN2483/examples/getChipInformation/getChipInformation.ino:17:0:
/home/ec2-user/arduino-testlib/cli-datadir/user/libraries/SmartEverything_Lion_RN2483/src/rn2483.h:127:50: error: &#39;iotAntenna&#39; was not declared in this scope
     void begin(long speed = 57600, Uart *serial=&amp;iotAntenna);
                                                  ^~~~~~~~~~
/home/ec2-user/arduino-testlib/cli-datadir/user/libraries/SmartEverything_Lion_RN2483/examples/getChipInformation/getChipInformation.ino: In function &#39;void setup()&#39;:
/home/ec2-user/arduino-testlib/cli-datadir/user/libraries/SmartEverything_Lion_RN2483/examples/getChipInformation/getChipInformation.ino:26:16: error: call to &#39;void RN2483::begin(long int, Uart*)&#39; uses the default argument for parameter 2, which is not yet defined
     lora.begin();
                ^

</pre>
					
					<h4>examples/passthrough</h4>
					<p>
						Result: <b>FAIL</b>
					</p>
					<pre class="pre-scrollable">In file included from /home/ec2-user/arduino-testlib/cli-datadir/user/libraries/SmartEverything_Lion_RN2483/examples/passthrough/passthrough.ino:18:0:
/home/ec2-user/arduino-testlib/cli-datadir/user/libraries/SmartEverything_Lion_RN2483/src/rn2483.h:127:50: error: &#39;iotAntenna&#39; was not declared in this scope
     void begin(long speed = 57600, Uart *serial=&amp;iotAntenna);
                                                  ^~~~~~~~~~
/home/ec2-user/arduino-testlib/cli-datadir/user/libraries/SmartEverything_Lion_RN2483/examples/passthrough/passthrough.ino: In function &#39;void ledBlink(int, bool, unsigned int)&#39;:
/home/ec2-user/arduino-testlib/cli-datadir/user/libraries/SmartEverything_Lion_RN2483/examples/passthrough/passthrough.ino:32:9: error: &#39;ledYellowOneLight&#39; was not declared in this scope
         ledYellowOneLight(HIGH); // turn the LED On by making the voltage HIGH
         ^~~~~~~~~~~~~~~~~
/home/ec2-user/arduino-testlib/cli-datadir/user/libraries/SmartEverything_Lion_RN2483/examples/passthrough/passthrough.ino:36:9: error: &#39;ledYellowTwoLight&#39; was not declared in this scope
         ledYellowTwoLight(HIGH); // turn the LED On by making the voltage HIGH
         ^~~~~~~~~~~~~~~~~
/home/ec2-user/arduino-testlib/cli-datadir/user/libraries/SmartEverything_Lion_RN2483/examples/passthrough/passthrough.ino: In function &#39;void setup()&#39;:
/home/ec2-user/arduino-testlib/cli-datadir/user/libraries/SmartEverything_Lion_RN2483/examples/passthrough/passthrough.ino:47:5: error: &#39;ledYellowOneLight&#39; was not declared in this scope
     ledYellowOneLight(LOW);
     ^~~~~~~~~~~~~~~~~
/home/ec2-user/arduino-testlib/cli-datadir/user/libraries/SmartEverything_Lion_RN2483/examples/passthrough/passthrough.ino:48:5: error: &#39;ledYellowTwoLight&#39; was not declared in this scope
     ledYellowTwoLight(LOW);
     ^~~~~~~~~~~~~~~~~
/home/ec2-user/arduino-testlib/cli-datadir/user/libraries/SmartEverything_Lion_RN2483/examples/passthrough/passthrough.ino:52:16: error: call to &#39;void RN2483::begin(long int, Uart*)&#39; uses the default argument for parameter 2, which is not yet defined
     lora.begin();
                ^

</pre>
					
					<h4>examples/sendDataABP_console</h4>
					<p>
						Result: <b>FAIL</b>
					</p>
					<pre class="pre-scrollable">In file included from /home/ec2-user/arduino-testlib/cli-datadir/user/libraries/SmartEverything_Lion_RN2483/examples/sendDataABP_console/sendDataABP_console.ino:19:0:
/home/ec2-user/arduino-testlib/cli-datadir/user/libraries/SmartEverything_Lion_RN2483/src/rn2483.h:127:50: error: &#39;iotAntenna&#39; was not declared in this scope
     void begin(long speed = 57600, Uart *serial=&amp;iotAntenna);
                                                  ^~~~~~~~~~
/home/ec2-user/arduino-testlib/cli-datadir/user/libraries/SmartEverything_Lion_RN2483/examples/sendDataABP_console/sendDataABP_console.ino: In function &#39;void setup()&#39;:
/home/ec2-user/arduino-testlib/cli-datadir/user/libraries/SmartEverything_Lion_RN2483/examples/sendDataABP_console/sendDataABP_console.ino:46:16: error: call to &#39;void RN2483::begin(long int, Uart*)&#39; uses the default argument for parameter 2, which is not yet defined
     lora.begin();
                ^

</pre>
					
					<h4>examples/sendDataOTA_console</h4>
					<p>
						Result: <b>FAIL</b>
					</p>
					<pre class="pre-scrollable">In file included from /home/ec2-user/arduino-testlib/cli-datadir/user/libraries/SmartEverything_Lion_RN2483/examples/sendDataOTA_console/sendDataOTA_console.ino:20:0:
/home/ec2-user/arduino-testlib/cli-datadir/user/libraries/SmartEverything_Lion_RN2483/src/rn2483.h:127:50: error: &#39;iotAntenna&#39; was not declared in this scope
     void begin(long speed = 57600, Uart *serial=&amp;iotAntenna);
                                                  ^~~~~~~~~~
/home/ec2-user/arduino-testlib/cli-datadir/user/libraries/SmartEverything_Lion_RN2483/examples/sendDataOTA_console/sendDataOTA_console.ino: In function &#39;void setup()&#39;:
/home/ec2-user/arduino-testlib/cli-datadir/user/libraries/SmartEverything_Lion_RN2483/examples/sendDataOTA_console/sendDataOTA_console.ino:49:5: error: &#39;ledYellowOneLight&#39; was not declared in this scope
     ledYellowOneLight(LOW); // turn the LED off
     ^~~~~~~~~~~~~~~~~
/home/ec2-user/arduino-testlib/cli-datadir/user/libraries/SmartEverything_Lion_RN2483/examples/sendDataOTA_console/sendDataOTA_console.ino:50:5: error: &#39;ledYellowTwoLight&#39; was not declared in this scope
     ledYellowTwoLight(HIGH); // turn the LED on
     ^~~~~~~~~~~~~~~~~
/home/ec2-user/arduino-testlib/cli-datadir/user/libraries/SmartEverything_Lion_RN2483/examples/sendDataOTA_console/sendDataOTA_console.ino:54:16: error: call to &#39;void RN2483::begin(long int, Uart*)&#39; uses the default argument for parameter 2, which is not yet defined
     lora.begin();
                ^
/home/ec2-user/arduino-testlib/cli-datadir/user/libraries/SmartEverything_Lion_RN2483/examples/sendDataOTA_console/sendDataOTA_console.ino: In function &#39;void loop()&#39;:
/home/ec2-user/arduino-testlib/cli-datadir/user/libraries/SmartEverything_Lion_RN2483/examples/sendDataOTA_console/sendDataOTA_console.ino:156:12: error: &#39;ledYellowTwoLight&#39; was not declared in this scope
            ledYellowTwoLight(HIGH); // turn the LED on
            ^~~~~~~~~~~~~~~~~

</pre>
					
					<h4>examples/storeConfiguration</h4>
					<p>
						Result: <b>FAIL</b>
					</p>
					<pre class="pre-scrollable">In file included from /home/ec2-user/arduino-testlib/cli-datadir/user/libraries/SmartEverything_Lion_RN2483/examples/storeConfiguration/storeConfiguration.ino:47:0:
/home/ec2-user/arduino-testlib/cli-datadir/user/libraries/SmartEverything_Lion_RN2483/src/rn2483.h:127:50: error: &#39;iotAntenna&#39; was not declared in this scope
     void begin(long speed = 57600, Uart *serial=&amp;iotAntenna);
                                                  ^~~~~~~~~~
/home/ec2-user/arduino-testlib/cli-datadir/user/libraries/SmartEverything_Lion_RN2483/examples/storeConfiguration/storeConfiguration.ino: In function &#39;void setup()&#39;:
/home/ec2-user/arduino-testlib/cli-datadir/user/libraries/SmartEverything_Lion_RN2483/examples/storeConfiguration/storeConfiguration.ino:65:16: error: call to &#39;void RN2483::begin(long int, Uart*)&#39; uses the default argument for parameter 2, which is not yet defined
     lora.begin();
                ^

</pre>
					
				
				<h3 id="arduino:mbed_nano:nanorp2040connect">arduino:mbed_nano:nanorp2040connect @ 2.7.2</h3>
				<h4>Inclusion</h4>
				<p>
					Result: <b>FAIL</b>
					
					<br />This library has no main header file so an empty one was created.
					
				</p>
				<pre class="pre-scrollable">In file included from /home/ec2-user/arduino-testlib/cli-datadir/user/libraries/SmartEverything_Lion_RN2483/src/lora/rn2483.cpp:23:0:
/home/ec2-user/arduino-testlib/cli-datadir/user/libraries/SmartEverything_Lion_RN2483/src/lora/../rn2483.h:127:50: error: &#39;iotAntenna&#39; was not declared in this scope
     void begin(long speed = 57600, Uart *serial=&amp;iotAntenna);
                                                  ^~~~~~~~~~
/home/ec2-user/arduino-testlib/cli-datadir/user/libraries/SmartEverything_Lion_RN2483/src/lora/rn2483.cpp: In member function &#39;void RN2483::rawData(arduino::String)&#39;:
/home/ec2-user/arduino-testlib/cli-datadir/user/libraries/SmartEverything_Lion_RN2483/src/lora/rn2483.cpp:135:9: error: invalid use of incomplete type &#39;class Uart&#39;
     comm-&gt;print(stream);
         ^~
In file included from /home/ec2-user/arduino-testlib/cli-datadir/user/libraries/SmartEverything_Lion_RN2483/src/lora/rn2483.cpp:23:0:
/home/ec2-user/arduino-testlib/cli-datadir/user/libraries/SmartEverything_Lion_RN2483/src/lora/../rn2483.h:102:7: note: forward declaration of &#39;class Uart&#39;
 class Uart;
       ^~~~
/home/ec2-user/arduino-testlib/cli-datadir/user/libraries/SmartEverything_Lion_RN2483/src/lora/rn2483.cpp:135:11: error: invalid use of incomplete type &#39;class Uart&#39;
     comm-&gt;print(stream);
           ^~~~~
In file included from /home/ec2-user/arduino-testlib/cli-datadir/user/libraries/SmartEverything_Lion_RN2483/src/lora/rn2483.cpp:23:0:
/home/ec2-user/arduino-testlib/cli-datadir/user/libraries/SmartEverything_Lion_RN2483/src/lora/../rn2483.h:102:7: note: forward declaration of &#39;class Uart&#39;
 class Uart;
       ^~~~
/home/ec2-user/arduino-testlib/cli-datadir/user/libraries/SmartEverything_Lion_RN2483/src/lora/rn2483.cpp: In member function &#39;uint8_t RN2483::waitAnswer()&#39;:
/home/ec2-user/arduino-testlib/cli-datadir/user/libraries/SmartEverything_Lion_RN2483/src/lora/rn2483.cpp:200:17: error: invalid use of incomplete type &#39;class Uart&#39;
     while (!comm-&gt;available())
                 ^~
In file included from /home/ec2-user/arduino-testlib/cli-datadir/user/libraries/SmartEverything_Lion_RN2483/src/lora/rn2483.cpp:23:0:
/home/ec2-user/arduino-testlib/cli-datadir/user/libraries/SmartEverything_Lion_RN2483/src/lora/../rn2483.h:102:7: note: forward declaration of &#39;class Uart&#39;
 class Uart;
       ^~~~
/home/ec2-user/arduino-testlib/cli-datadir/user/libraries/SmartEverything_Lion_RN2483/src/lora/rn2483.cpp:200:19: error: invalid use of incomplete type &#39;class Uart&#39;
     while (!comm-&gt;available())
                   ^~~~~~~~~
In file included from /home/ec2-user/arduino-testlib/cli-datadir/user/libraries/SmartEverything_Lion_RN2483/src/lora/rn2483.cpp:23:0:
/home/ec2-user/arduino-testlib/cli-datadir/user/libraries/SmartEverything_Lion_RN2483/src/lora/../rn2483.h:102:7: note: forward declaration of &#39;class Uart&#39;
 class Uart;
       ^~~~
/home/ec2-user/arduino-testlib/cli-datadir/user/libraries/SmartEverything_Lion_RN2483/src/lora/rn2483.cpp:208:17: error: invalid use of incomplete type &#39;class Uart&#39;
         if (comm-&gt;available()) {
                 ^~
In file included from /home/ec2-user/arduino-testlib/cli-datadir/user/libraries/SmartEverything_Lion_RN2483/src/lora/rn2483.cpp:23:0:
/home/ec2-user/arduino-testlib/cli-datadir/user/libraries/SmartEverything_Lion_RN2483/src/lora/../rn2483.h:102:7: note: forward declaration of &#39;class Uart&#39;
 class Uart;
       ^~~~
/home/ec2-user/arduino-testlib/cli-datadir/user/libraries/SmartEverything_Lion_RN2483/src/lora/rn2483.cpp:208:19: error: invalid use of incomplete type &#39;class Uart&#39;
         if (comm-&gt;available()) {
                   ^~~~~~~~~
In file included from /home/ec2-user/arduino-testlib/cli-datadir/user/libraries/SmartEverything_Lion_RN2483/src/lora/rn2483.cpp:23:0:
/home/ec2-user/arduino-testlib/cli-datadir/user/libraries/SmartEverything_Lion_RN2483/src/lora/../rn2483.h:102:7: note: forward declaration of &#39;class Uart&#39;
 class Uart;
       ^~~~
/home/ec2-user/arduino-testlib/cli-datadir/user/libraries/SmartEverything_Lion_RN2483/src/lora/rn2483.cpp:209:21: error: invalid use of incomplete type &#39;class Uart&#39;
             c = comm-&gt;read();
                     ^~
In file included from /home/ec2-user/arduino-testlib/cli-datadir/user/libraries/SmartEverything_Lion_RN2483/src/lora/rn2483.cpp:23:0:
/home/ec2-user/arduino-testlib/cli-datadir/user/libraries/SmartEverything_Lion_RN2483/src/lora/../rn2483.h:102:7: note: forward declaration of &#39;class Uart&#39;
 class Uart;
       ^~~~
/home/ec2-user/arduino-testlib/cli-datadir/user/libraries/SmartEverything_Lion_RN2483/src/lora/rn2483.cpp:209:23: error: invalid use of incomplete type &#39;class Uart&#39;
             c = comm-&gt;read();
                       ^~~~
In file included from /home/ec2-user/arduino-testlib/cli-datadir/user/libraries/SmartEverything_Lion_RN2483/src/lora/rn2483.cpp:23:0:
/home/ec2-user/arduino-testlib/cli-datadir/user/libraries/SmartEverything_Lion_RN2483/src/lora/../rn2483.h:102:7: note: forward declaration of &#39;class Uart&#39;
 class Uart;
       ^~~~
/home/ec2-user/arduino-testlib/cli-datadir/user/libraries/SmartEverything_Lion_RN2483/src/lora/rn2483.cpp: In member function &#39;void RN2483::begin(long int, Uart*)&#39;:
/home/ec2-user/arduino-testlib/cli-datadir/user/libraries/SmartEverything_Lion_RN2483/src/lora/rn2483.cpp:299:9: error: invalid use of incomplete type &#39;class Uart&#39;
     comm-&gt;begin(speed);
         ^~
In file included from /home/ec2-user/arduino-testlib/cli-datadir/user/libraries/SmartEverything_Lion_RN2483/src/lora/rn2483.cpp:23:0:
/home/ec2-user/arduino-testlib/cli-datadir/user/libraries/SmartEverything_Lion_RN2483/src/lora/../rn2483.h:102:7: note: forward declaration of &#39;class Uart&#39;
 class Uart;
       ^~~~
/home/ec2-user/arduino-testlib/cli-datadir/user/libraries/SmartEverything_Lion_RN2483/src/lora/rn2483.cpp:299:11: error: invalid use of incomplete type &#39;class Uart&#39;
     comm-&gt;begin(speed);
           ^~~~~
In file included from /home/ec2-user/arduino-testlib/cli-datadir/user/libraries/SmartEverything_Lion_RN2483/src/lora/rn2483.cpp:23:0:
/home/ec2-user/arduino-testlib/cli-datadir/user/libraries/SmartEverything_Lion_RN2483/src/lora/../rn2483.h:102:7: note: forward declaration of &#39;class Uart&#39;
 class Uart;
       ^~~~
/home/ec2-user/arduino-testlib/cli-datadir/user/libraries/SmartEverything_Lion_RN2483/src/lora/rn2483.cpp: In member function &#39;bool RN2483::available()&#39;:
/home/ec2-user/arduino-testlib/cli-datadir/user/libraries/SmartEverything_Lion_RN2483/src/lora/rn2483.cpp:308:17: error: invalid use of incomplete type &#39;class Uart&#39;
      while (comm-&gt;available()) {
                 ^~
In file included from /home/ec2-user/arduino-testlib/cli-datadir/user/libraries/SmartEverything_Lion_RN2483/src/lora/rn2483.cpp:23:0:
/home/ec2-user/arduino-testlib/cli-datadir/user/libraries/SmartEverything_Lion_RN2483/src/lora/../rn2483.h:102:7: note: forward declaration of &#39;class Uart&#39;
 class Uart;
       ^~~~
/home/ec2-user/arduino-testlib/cli-datadir/user/libraries/SmartEverything_Lion_RN2483/src/lora/rn2483.cpp:308:19: error: invalid use of incomplete type &#39;class Uart&#39;
      while (comm-&gt;available()) {
                   ^~~~~~~~~
In file included from /home/ec2-user/arduino-testlib/cli-datadir/user/libraries/SmartEverything_Lion_RN2483/src/lora/rn2483.cpp:23:0:
/home/ec2-user/arduino-testlib/cli-datadir/user/libraries/SmartEverything_Lion_RN2483/src/lora/../rn2483.h:102:7: note: forward declaration of &#39;class Uart&#39;
 class Uart;
       ^~~~
/home/ec2-user/arduino-testlib/cli-datadir/user/libraries/SmartEverything_Lion_RN2483/src/lora/rn2483.cpp:310:34: error: invalid use of incomplete type &#39;class Uart&#39;
          char inChar = (char)comm-&gt;read();
                                  ^~
In file included from /home/ec2-user/arduino-testlib/cli-datadir/user/libraries/SmartEverything_Lion_RN2483/src/lora/rn2483.cpp:23:0:
/home/ec2-user/arduino-testlib/cli-datadir/user/libraries/SmartEverything_Lion_RN2483/src/lora/../rn2483.h:102:7: note: forward declaration of &#39;class Uart&#39;
 class Uart;
       ^~~~
/home/ec2-user/arduino-testlib/cli-datadir/user/libraries/SmartEverything_Lion_RN2483/src/lora/rn2483.cpp:310:36: error: invalid use of incomplete type &#39;class Uart&#39;
          char inChar = (char)comm-&gt;read();
                                    ^~~~
In file included from /home/ec2-user/arduino-testlib/cli-datadir/user/libraries/SmartEverything_Lion_RN2483/src/lora/rn2483.cpp:23:0:
/home/ec2-user/arduino-testlib/cli-datadir/user/libraries/SmartEverything_Lion_RN2483/src/lora/../rn2483.h:102:7: note: forward declaration of &#39;class Uart&#39;
 class Uart;
       ^~~~

</pre>

					
					<h4>examples/download</h4>
					<p>
						Result: <b>FAIL</b>
					</p>
					<pre class="pre-scrollable">In file included from /home/ec2-user/arduino-testlib/cli-datadir/user/libraries/SmartEverything_Lion_RN2483/examples/download/download.ino:42:0:
/home/ec2-user/arduino-testlib/cli-datadir/user/libraries/SmartEverything_Lion_RN2483/src/rn2483.h:127:50: error: &#39;iotAntenna&#39; was not declared in this scope
     void begin(long speed = 57600, Uart *serial=&amp;iotAntenna);
                                                  ^~~~~~~~~~
/home/ec2-user/arduino-testlib/cli-datadir/user/libraries/SmartEverything_Lion_RN2483/examples/download/download.ino: In function &#39;void setup()&#39;:
/home/ec2-user/arduino-testlib/cli-datadir/user/libraries/SmartEverything_Lion_RN2483/examples/download/download.ino:51:16: error: call to &#39;void RN2483::begin(long int, Uart*)&#39; uses the default argument for parameter 2, which is not yet defined
     lora.begin();  // Default speed 57600
                ^
/home/ec2-user/arduino-testlib/cli-datadir/user/libraries/SmartEverything_Lion_RN2483/examples/download/download.ino: In function &#39;void loop()&#39;:
/home/ec2-user/arduino-testlib/cli-datadir/user/libraries/SmartEverything_Lion_RN2483/examples/download/download.ino:67:7: error: &#39;iotAntenna&#39; was not declared in this scope
       iotAntenna.print(c);
       ^~~~~~~~~~
/home/ec2-user/arduino-testlib/cli-datadir/user/libraries/SmartEverything_Lion_RN2483/examples/download/download.ino:70:9: error: &#39;iotAntenna&#39; was not declared in this scope
     if (iotAntenna.available()) {
         ^~~~~~~~~~

</pre>
					
					<h4>examples/getChipInformation</h4>
					<p>
						Result: <b>FAIL</b>
					</p>
					<pre class="pre-scrollable">In file included from /home/ec2-user/arduino-testlib/cli-datadir/user/libraries/SmartEverything_Lion_RN2483/examples/getChipInformation/getChipInformation.ino:17:0:
/home/ec2-user/arduino-testlib/cli-datadir/user/libraries/SmartEverything_Lion_RN2483/src/rn2483.h:127:50: error: &#39;iotAntenna&#39; was not declared in this scope
     void begin(long speed = 57600, Uart *serial=&amp;iotAntenna);
                                                  ^~~~~~~~~~
/home/ec2-user/arduino-testlib/cli-datadir/user/libraries/SmartEverything_Lion_RN2483/examples/getChipInformation/getChipInformation.ino: In function &#39;void setup()&#39;:
/home/ec2-user/arduino-testlib/cli-datadir/user/libraries/SmartEverything_Lion_RN2483/examples/getChipInformation/getChipInformation.ino:26:16: error: call to &#39;void RN2483::begin(long int, Uart*)&#39; uses the default argument for parameter 2, which is not yet defined
     lora.begin();
                ^

</pre>
					
					<h4>examples/passthrough</h4>
					<p>
						Result: <b>FAIL</b>
					</p>
					<pre class="pre-scrollable">In file included from /home/ec2-user/arduino-testlib/cli-datadir/user/libraries/SmartEverything_Lion_RN2483/examples/passthrough/passthrough.ino:18:0:
/home/ec2-user/arduino-testlib/cli-datadir/user/libraries/SmartEverything_Lion_RN2483/src/rn2483.h:127:50: error: &#39;iotAntenna&#39; was not declared in this scope
     void begin(long speed = 57600, Uart *serial=&amp;iotAntenna);
                                                  ^~~~~~~~~~
/home/ec2-user/arduino-testlib/cli-datadir/user/libraries/SmartEverything_Lion_RN2483/examples/passthrough/passthrough.ino: In function &#39;void ledBlink(int, bool, unsigned int)&#39;:
/home/ec2-user/arduino-testlib/cli-datadir/user/libraries/SmartEverything_Lion_RN2483/examples/passthrough/passthrough.ino:32:9: error: &#39;ledYellowOneLight&#39; was not declared in this scope
         ledYellowOneLight(HIGH); // turn the LED On by making the voltage HIGH
         ^~~~~~~~~~~~~~~~~
/home/ec2-user/arduino-testlib/cli-datadir/user/libraries/SmartEverything_Lion_RN2483/examples/passthrough/passthrough.ino:36:9: error: &#39;ledYellowTwoLight&#39; was not declared in this scope
         ledYellowTwoLight(HIGH); // turn the LED On by making the voltage HIGH
         ^~~~~~~~~~~~~~~~~
/home/ec2-user/arduino-testlib/cli-datadir/user/libraries/SmartEverything_Lion_RN2483/examples/passthrough/passthrough.ino: In function &#39;void setup()&#39;:
/home/ec2-user/arduino-testlib/cli-datadir/user/libraries/SmartEverything_Lion_RN2483/examples/passthrough/passthrough.ino:47:5: error: &#39;ledYellowOneLight&#39; was not declared in this scope
     ledYellowOneLight(LOW);
     ^~~~~~~~~~~~~~~~~
/home/ec2-user/arduino-testlib/cli-datadir/user/libraries/SmartEverything_Lion_RN2483/examples/passthrough/passthrough.ino:48:5: error: &#39;ledYellowTwoLight&#39; was not declared in this scope
     ledYellowTwoLight(LOW);
     ^~~~~~~~~~~~~~~~~
/home/ec2-user/arduino-testlib/cli-datadir/user/libraries/SmartEverything_Lion_RN2483/examples/passthrough/passthrough.ino:52:16: error: call to &#39;void RN2483::begin(long int, Uart*)&#39; uses the default argument for parameter 2, which is not yet defined
     lora.begin();
                ^

</pre>
					
					<h4>examples/sendDataABP_console</h4>
					<p>
						Result: <b>FAIL</b>
					</p>
					<pre class="pre-scrollable">In file included from /home/ec2-user/arduino-testlib/cli-datadir/user/libraries/SmartEverything_Lion_RN2483/examples/sendDataABP_console/sendDataABP_console.ino:19:0:
/home/ec2-user/arduino-testlib/cli-datadir/user/libraries/SmartEverything_Lion_RN2483/src/rn2483.h:127:50: error: &#39;iotAntenna&#39; was not declared in this scope
     void begin(long speed = 57600, Uart *serial=&amp;iotAntenna);
                                                  ^~~~~~~~~~
/home/ec2-user/arduino-testlib/cli-datadir/user/libraries/SmartEverything_Lion_RN2483/examples/sendDataABP_console/sendDataABP_console.ino: In function &#39;void setup()&#39;:
/home/ec2-user/arduino-testlib/cli-datadir/user/libraries/SmartEverything_Lion_RN2483/examples/sendDataABP_console/sendDataABP_console.ino:46:16: error: call to &#39;void RN2483::begin(long int, Uart*)&#39; uses the default argument for parameter 2, which is not yet defined
     lora.begin();
                ^

</pre>
					
					<h4>examples/sendDataOTA_console</h4>
					<p>
						Result: <b>FAIL</b>
					</p>
					<pre class="pre-scrollable">In file included from /home/ec2-user/arduino-testlib/cli-datadir/user/libraries/SmartEverything_Lion_RN2483/examples/sendDataOTA_console/sendDataOTA_console.ino:20:0:
/home/ec2-user/arduino-testlib/cli-datadir/user/libraries/SmartEverything_Lion_RN2483/src/rn2483.h:127:50: error: &#39;iotAntenna&#39; was not declared in this scope
     void begin(long speed = 57600, Uart *serial=&amp;iotAntenna);
                                                  ^~~~~~~~~~
/home/ec2-user/arduino-testlib/cli-datadir/user/libraries/SmartEverything_Lion_RN2483/examples/sendDataOTA_console/sendDataOTA_console.ino: In function &#39;void setup()&#39;:
/home/ec2-user/arduino-testlib/cli-datadir/user/libraries/SmartEverything_Lion_RN2483/examples/sendDataOTA_console/sendDataOTA_console.ino:49:5: error: &#39;ledYellowOneLight&#39; was not declared in this scope
     ledYellowOneLight(LOW); // turn the LED off
     ^~~~~~~~~~~~~~~~~
/home/ec2-user/arduino-testlib/cli-datadir/user/libraries/SmartEverything_Lion_RN2483/examples/sendDataOTA_console/sendDataOTA_console.ino:50:5: error: &#39;ledYellowTwoLight&#39; was not declared in this scope
     ledYellowTwoLight(HIGH); // turn the LED on
     ^~~~~~~~~~~~~~~~~
/home/ec2-user/arduino-testlib/cli-datadir/user/libraries/SmartEverything_Lion_RN2483/examples/sendDataOTA_console/sendDataOTA_console.ino:54:16: error: call to &#39;void RN2483::begin(long int, Uart*)&#39; uses the default argument for parameter 2, which is not yet defined
     lora.begin();
                ^
/home/ec2-user/arduino-testlib/cli-datadir/user/libraries/SmartEverything_Lion_RN2483/examples/sendDataOTA_console/sendDataOTA_console.ino: In function &#39;void loop()&#39;:
/home/ec2-user/arduino-testlib/cli-datadir/user/libraries/SmartEverything_Lion_RN2483/examples/sendDataOTA_console/sendDataOTA_console.ino:156:12: error: &#39;ledYellowTwoLight&#39; was not declared in this scope
            ledYellowTwoLight(HIGH); // turn the LED on
            ^~~~~~~~~~~~~~~~~

</pre>
					
					<h4>examples/storeConfiguration</h4>
					<p>
						Result: <b>FAIL</b>
					</p>
					<pre class="pre-scrollable">In file included from /home/ec2-user/arduino-testlib/cli-datadir/user/libraries/SmartEverything_Lion_RN2483/examples/storeConfiguration/storeConfiguration.ino:47:0:
/home/ec2-user/arduino-testlib/cli-datadir/user/libraries/SmartEverything_Lion_RN2483/src/rn2483.h:127:50: error: &#39;iotAntenna&#39; was not declared in this scope
     void begin(long speed = 57600, Uart *serial=&amp;iotAntenna);
                                                  ^~~~~~~~~~
/home/ec2-user/arduino-testlib/cli-datadir/user/libraries/SmartEverything_Lion_RN2483/examples/storeConfiguration/storeConfiguration.ino: In function &#39;void setup()&#39;:
/home/ec2-user/arduino-testlib/cli-datadir/user/libraries/SmartEverything_Lion_RN2483/examples/storeConfiguration/storeConfiguration.ino:65:16: error: call to &#39;void RN2483::begin(long int, Uart*)&#39; uses the default argument for parameter 2, which is not yet defined
     lora.begin();
                ^

</pre>
					
				
				<h3 id="arduino:megaavr:nona4809">arduino:megaavr:nona4809 @ 1.8.7</h3>
				<h4>Inclusion</h4>
				<p>
					Result: <b>FAIL</b>
					
					<br />This library has no main header file so an empty one was created.
					
				</p>
				<pre class="pre-scrollable">In file included from /home/ec2-user/arduino-testlib/cli-datadir/user/libraries/SmartEverything_Lion_RN2483/src/lora/rn2483.cpp:23:0:
/home/ec2-user/arduino-testlib/cli-datadir/user/libraries/SmartEverything_Lion_RN2483/src/lora/../rn2483.h:127:50: error: &#39;iotAntenna&#39; was not declared in this scope
     void begin(long speed = 57600, Uart *serial=&amp;iotAntenna);
                                                  ^~~~~~~~~~
/home/ec2-user/arduino-testlib/cli-datadir/user/libraries/SmartEverything_Lion_RN2483/src/lora/rn2483.cpp: In member function &#39;void RN2483::rawData(arduino::String)&#39;:
/home/ec2-user/arduino-testlib/cli-datadir/user/libraries/SmartEverything_Lion_RN2483/src/lora/rn2483.cpp:135:9: error: invalid use of incomplete type &#39;class Uart&#39;
     comm-&gt;print(stream);
         ^~
In file included from /home/ec2-user/arduino-testlib/cli-datadir/user/libraries/SmartEverything_Lion_RN2483/src/lora/rn2483.cpp:23:0:
/home/ec2-user/arduino-testlib/cli-datadir/user/libraries/SmartEverything_Lion_RN2483/src/lora/../rn2483.h:102:7: note: forward declaration of &#39;class Uart&#39;
 class Uart;
       ^~~~
/home/ec2-user/arduino-testlib/cli-datadir/user/libraries/SmartEverything_Lion_RN2483/src/lora/rn2483.cpp:135:11: error: invalid use of incomplete type &#39;class Uart&#39;
     comm-&gt;print(stream);
           ^~~~~
In file included from /home/ec2-user/arduino-testlib/cli-datadir/user/libraries/SmartEverything_Lion_RN2483/src/lora/rn2483.cpp:23:0:
/home/ec2-user/arduino-testlib/cli-datadir/user/libraries/SmartEverything_Lion_RN2483/src/lora/../rn2483.h:102:7: note: forward declaration of &#39;class Uart&#39;
 class Uart;
       ^~~~
/home/ec2-user/arduino-testlib/cli-datadir/user/libraries/SmartEverything_Lion_RN2483/src/lora/rn2483.cpp:137:9: error: &#39;SerialUSB&#39; was not declared in this scope
         SerialUSB.print(&#34;-&gt; &#34;);
         ^~~~~~~~~
/home/ec2-user/arduino-testlib/cli-datadir/user/libraries/SmartEverything_Lion_RN2483/src/lora/rn2483.cpp:137:9: note: suggested alternative: &#39;Serial1&#39;
         SerialUSB.print(&#34;-&gt; &#34;);
         ^~~~~~~~~
         Serial1
/home/ec2-user/arduino-testlib/cli-datadir/user/libraries/SmartEverything_Lion_RN2483/src/lora/rn2483.cpp: In member function &#39;uint8_t RN2483::waitAnswer()&#39;:
/home/ec2-user/arduino-testlib/cli-datadir/user/libraries/SmartEverything_Lion_RN2483/src/lora/rn2483.cpp:200:17: error: invalid use of incomplete type &#39;class Uart&#39;
     while (!comm-&gt;available())
                 ^~
In file included from /home/ec2-user/arduino-testlib/cli-datadir/user/libraries/SmartEverything_Lion_RN2483/src/lora/rn2483.cpp:23:0:
/home/ec2-user/arduino-testlib/cli-datadir/user/libraries/SmartEverything_Lion_RN2483/src/lora/../rn2483.h:102:7: note: forward declaration of &#39;class Uart&#39;
 class Uart;
       ^~~~
/home/ec2-user/arduino-testlib/cli-datadir/user/libraries/SmartEverything_Lion_RN2483/src/lora/rn2483.cpp:200:19: error: invalid use of incomplete type &#39;class Uart&#39;
     while (!comm-&gt;available())
                   ^~~~~~~~~
In file included from /home/ec2-user/arduino-testlib/cli-datadir/user/libraries/SmartEverything_Lion_RN2483/src/lora/rn2483.cpp:23:0:
/home/ec2-user/arduino-testlib/cli-datadir/user/libraries/SmartEverything_Lion_RN2483/src/lora/../rn2483.h:102:7: note: forward declaration of &#39;class Uart&#39;
 class Uart;
       ^~~~
/home/ec2-user/arduino-testlib/cli-datadir/user/libraries/SmartEverything_Lion_RN2483/src/lora/rn2483.cpp:208:17: error: invalid use of incomplete type &#39;class Uart&#39;
         if (comm-&gt;available()) {
                 ^~
In file included from /home/ec2-user/arduino-testlib/cli-datadir/user/libraries/SmartEverything_Lion_RN2483/src/lora/rn2483.cpp:23:0:
/home/ec2-user/arduino-testlib/cli-datadir/user/libraries/SmartEverything_Lion_RN2483/src/lora/../rn2483.h:102:7: note: forward declaration of &#39;class Uart&#39;
 class Uart;
       ^~~~
/home/ec2-user/arduino-testlib/cli-datadir/user/libraries/SmartEverything_Lion_RN2483/src/lora/rn2483.cpp:208:19: error: invalid use of incomplete type &#39;class Uart&#39;
         if (comm-&gt;available()) {
                   ^~~~~~~~~
In file included from /home/ec2-user/arduino-testlib/cli-datadir/user/libraries/SmartEverything_Lion_RN2483/src/lora/rn2483.cpp:23:0:
/home/ec2-user/arduino-testlib/cli-datadir/user/libraries/SmartEverything_Lion_RN2483/src/lora/../rn2483.h:102:7: note: forward declaration of &#39;class Uart&#39;
 class Uart;
       ^~~~
/home/ec2-user/arduino-testlib/cli-datadir/user/libraries/SmartEverything_Lion_RN2483/src/lora/rn2483.cpp:209:21: error: invalid use of incomplete type &#39;class Uart&#39;
             c = comm-&gt;read();
                     ^~
In file included from /home/ec2-user/arduino-testlib/cli-datadir/user/libraries/SmartEverything_Lion_RN2483/src/lora/rn2483.cpp:23:0:
/home/ec2-user/arduino-testlib/cli-datadir/user/libraries/SmartEverything_Lion_RN2483/src/lora/../rn2483.h:102:7: note: forward declaration of &#39;class Uart&#39;
 class Uart;
       ^~~~
/home/ec2-user/arduino-testlib/cli-datadir/user/libraries/SmartEverything_Lion_RN2483/src/lora/rn2483.cpp:209:23: error: invalid use of incomplete type &#39;class Uart&#39;
             c = comm-&gt;read();
                       ^~~~
In file included from /home/ec2-user/arduino-testlib/cli-datadir/user/libraries/SmartEverything_Lion_RN2483/src/lora/rn2483.cpp:23:0:
/home/ec2-user/arduino-testlib/cli-datadir/user/libraries/SmartEverything_Lion_RN2483/src/lora/../rn2483.h:102:7: note: forward declaration of &#39;class Uart&#39;
 class Uart;
       ^~~~
/home/ec2-user/arduino-testlib/cli-datadir/user/libraries/SmartEverything_Lion_RN2483/src/lora/rn2483.cpp:217:9: error: &#39;SerialUSB&#39; was not declared in this scope
         SerialUSB.print(&#34;&lt;- &#34;);
         ^~~~~~~~~
/home/ec2-user/arduino-testlib/cli-datadir/user/libraries/SmartEverything_Lion_RN2483/src/lora/rn2483.cpp:217:9: note: suggested alternative: &#39;Serial1&#39;
         SerialUSB.print(&#34;&lt;- &#34;);
         ^~~~~~~~~
         Serial1
/home/ec2-user/arduino-testlib/cli-datadir/user/libraries/SmartEverything_Lion_RN2483/src/lora/rn2483.cpp: In member function &#39;void RN2483::begin(long int, Uart*)&#39;:
/home/ec2-user/arduino-testlib/cli-datadir/user/libraries/SmartEverything_Lion_RN2483/src/lora/rn2483.cpp:299:9: error: invalid use of incomplete type &#39;class Uart&#39;
     comm-&gt;begin(speed);
         ^~
In file included from /home/ec2-user/arduino-testlib/cli-datadir/user/libraries/SmartEverything_Lion_RN2483/src/lora/rn2483.cpp:23:0:
/home/ec2-user/arduino-testlib/cli-datadir/user/libraries/SmartEverything_Lion_RN2483/src/lora/../rn2483.h:102:7: note: forward declaration of &#39;class Uart&#39;
 class Uart;
       ^~~~
/home/ec2-user/arduino-testlib/cli-datadir/user/libraries/SmartEverything_Lion_RN2483/src/lora/rn2483.cpp:299:11: error: invalid use of incomplete type &#39;class Uart&#39;
     comm-&gt;begin(speed);
           ^~~~~
In file included from /home/ec2-user/arduino-testlib/cli-datadir/user/libraries/SmartEverything_Lion_RN2483/src/lora/rn2483.cpp:23:0:
/home/ec2-user/arduino-testlib/cli-datadir/user/libraries/SmartEverything_Lion_RN2483/src/lora/../rn2483.h:102:7: note: forward declaration of &#39;class Uart&#39;
 class Uart;
       ^~~~
/home/ec2-user/arduino-testlib/cli-datadir/user/libraries/SmartEverything_Lion_RN2483/src/lora/rn2483.cpp: In member function &#39;bool RN2483::available()&#39;:
/home/ec2-user/arduino-testlib/cli-datadir/user/libraries/SmartEverything_Lion_RN2483/src/lora/rn2483.cpp:308:17: error: invalid use of incomplete type &#39;class Uart&#39;
      while (comm-&gt;available()) {
                 ^~
In file included from /home/ec2-user/arduino-testlib/cli-datadir/user/libraries/SmartEverything_Lion_RN2483/src/lora/rn2483.cpp:23:0:
/home/ec2-user/arduino-testlib/cli-datadir/user/libraries/SmartEverything_Lion_RN2483/src/lora/../rn2483.h:102:7: note: forward declaration of &#39;class Uart&#39;
 class Uart;
       ^~~~
/home/ec2-user/arduino-testlib/cli-datadir/user/libraries/SmartEverything_Lion_RN2483/src/lora/rn2483.cpp:308:19: error: invalid use of incomplete type &#39;class Uart&#39;
      while (comm-&gt;available()) {
                   ^~~~~~~~~
In file included from /home/ec2-user/arduino-testlib/cli-datadir/user/libraries/SmartEverything_Lion_RN2483/src/lora/rn2483.cpp:23:0:
/home/ec2-user/arduino-testlib/cli-datadir/user/libraries/SmartEverything_Lion_RN2483/src/lora/../rn2483.h:102:7: note: forward declaration of &#39;class Uart&#39;
 class Uart;
       ^~~~
/home/ec2-user/arduino-testlib/cli-datadir/user/libraries/SmartEverything_Lion_RN2483/src/lora/rn2483.cpp:310:34: error: invalid use of incomplete type &#39;class Uart&#39;
          char inChar = (char)comm-&gt;read();
                                  ^~
In file included from /home/ec2-user/arduino-testlib/cli-datadir/user/libraries/SmartEverything_Lion_RN2483/src/lora/rn2483.cpp:23:0:
/home/ec2-user/arduino-testlib/cli-datadir/user/libraries/SmartEverything_Lion_RN2483/src/lora/../rn2483.h:102:7: note: forward declaration of &#39;class Uart&#39;
 class Uart;
       ^~~~
/home/ec2-user/arduino-testlib/cli-datadir/user/libraries/SmartEverything_Lion_RN2483/src/lora/rn2483.cpp:310:36: error: invalid use of incomplete type &#39;class Uart&#39;
          char inChar = (char)comm-&gt;read();
                                    ^~~~
In file included from /home/ec2-user/arduino-testlib/cli-datadir/user/libraries/SmartEverything_Lion_RN2483/src/lora/rn2483.cpp:23:0:
/home/ec2-user/arduino-testlib/cli-datadir/user/libraries/SmartEverything_Lion_RN2483/src/lora/../rn2483.h:102:7: note: forward declaration of &#39;class Uart&#39;
 class Uart;
       ^~~~

</pre>

					
					<h4>examples/download</h4>
					<p>
						Result: <b>FAIL</b>
					</p>
					<pre class="pre-scrollable">In file included from /home/ec2-user/arduino-testlib/cli-datadir/user/libraries/SmartEverything_Lion_RN2483/examples/download/download.ino:42:0:
/home/ec2-user/arduino-testlib/cli-datadir/user/libraries/SmartEverything_Lion_RN2483/src/rn2483.h:127:50: error: &#39;iotAntenna&#39; was not declared in this scope
     void begin(long speed = 57600, Uart *serial=&amp;iotAntenna);
                                                  ^~~~~~~~~~
/home/ec2-user/arduino-testlib/cli-datadir/user/libraries/SmartEverything_Lion_RN2483/examples/download/download.ino: In function &#39;void setup()&#39;:
/home/ec2-user/arduino-testlib/cli-datadir/user/libraries/SmartEverything_Lion_RN2483/examples/download/download.ino:51:16: error: call to &#39;void RN2483::begin(long int, Uart*)&#39; uses the default argument for parameter 2, which is not yet defined
     lora.begin();  // Default speed 57600
                ^
/home/ec2-user/arduino-testlib/cli-datadir/user/libraries/SmartEverything_Lion_RN2483/examples/download/download.ino: In function &#39;void loop()&#39;:
/home/ec2-user/arduino-testlib/cli-datadir/user/libraries/SmartEverything_Lion_RN2483/examples/download/download.ino:67:7: error: &#39;iotAntenna&#39; was not declared in this scope
       iotAntenna.print(c);
       ^~~~~~~~~~
/home/ec2-user/arduino-testlib/cli-datadir/user/libraries/SmartEverything_Lion_RN2483/examples/download/download.ino:70:9: error: &#39;iotAntenna&#39; was not declared in this scope
     if (iotAntenna.available()) {
         ^~~~~~~~~~

</pre>
					
					<h4>examples/getChipInformation</h4>
					<p>
						Result: <b>FAIL</b>
					</p>
					<pre class="pre-scrollable">In file included from /home/ec2-user/arduino-testlib/cli-datadir/user/libraries/SmartEverything_Lion_RN2483/examples/getChipInformation/getChipInformation.ino:17:0:
/home/ec2-user/arduino-testlib/cli-datadir/user/libraries/SmartEverything_Lion_RN2483/src/rn2483.h:127:50: error: &#39;iotAntenna&#39; was not declared in this scope
     void begin(long speed = 57600, Uart *serial=&amp;iotAntenna);
                                                  ^~~~~~~~~~
/home/ec2-user/arduino-testlib/cli-datadir/user/libraries/SmartEverything_Lion_RN2483/examples/getChipInformation/getChipInformation.ino: In function &#39;void setup()&#39;:
/home/ec2-user/arduino-testlib/cli-datadir/user/libraries/SmartEverything_Lion_RN2483/examples/getChipInformation/getChipInformation.ino:26:16: error: call to &#39;void RN2483::begin(long int, Uart*)&#39; uses the default argument for parameter 2, which is not yet defined
     lora.begin();
                ^

</pre>
					
					<h4>examples/passthrough</h4>
					<p>
						Result: <b>FAIL</b>
					</p>
					<pre class="pre-scrollable">In file included from /home/ec2-user/arduino-testlib/cli-datadir/user/libraries/SmartEverything_Lion_RN2483/examples/passthrough/passthrough.ino:18:0:
/home/ec2-user/arduino-testlib/cli-datadir/user/libraries/SmartEverything_Lion_RN2483/src/rn2483.h:127:50: error: &#39;iotAntenna&#39; was not declared in this scope
     void begin(long speed = 57600, Uart *serial=&amp;iotAntenna);
                                                  ^~~~~~~~~~
/home/ec2-user/arduino-testlib/cli-datadir/user/libraries/SmartEverything_Lion_RN2483/examples/passthrough/passthrough.ino: In function &#39;void ledBlink(int, bool, unsigned int)&#39;:
/home/ec2-user/arduino-testlib/cli-datadir/user/libraries/SmartEverything_Lion_RN2483/examples/passthrough/passthrough.ino:32:9: error: &#39;ledYellowOneLight&#39; was not declared in this scope
         ledYellowOneLight(HIGH); // turn the LED On by making the voltage HIGH
         ^~~~~~~~~~~~~~~~~
/home/ec2-user/arduino-testlib/cli-datadir/user/libraries/SmartEverything_Lion_RN2483/examples/passthrough/passthrough.ino:36:9: error: &#39;ledYellowTwoLight&#39; was not declared in this scope
         ledYellowTwoLight(HIGH); // turn the LED On by making the voltage HIGH
         ^~~~~~~~~~~~~~~~~
/home/ec2-user/arduino-testlib/cli-datadir/user/libraries/SmartEverything_Lion_RN2483/examples/passthrough/passthrough.ino: In function &#39;void setup()&#39;:
/home/ec2-user/arduino-testlib/cli-datadir/user/libraries/SmartEverything_Lion_RN2483/examples/passthrough/passthrough.ino:47:5: error: &#39;ledYellowOneLight&#39; was not declared in this scope
     ledYellowOneLight(LOW);
     ^~~~~~~~~~~~~~~~~
/home/ec2-user/arduino-testlib/cli-datadir/user/libraries/SmartEverything_Lion_RN2483/examples/passthrough/passthrough.ino:48:5: error: &#39;ledYellowTwoLight&#39; was not declared in this scope
     ledYellowTwoLight(LOW);
     ^~~~~~~~~~~~~~~~~
/home/ec2-user/arduino-testlib/cli-datadir/user/libraries/SmartEverything_Lion_RN2483/examples/passthrough/passthrough.ino:52:16: error: call to &#39;void RN2483::begin(long int, Uart*)&#39; uses the default argument for parameter 2, which is not yet defined
     lora.begin();
                ^

</pre>
					
					<h4>examples/sendDataABP_console</h4>
					<p>
						Result: <b>FAIL</b>
					</p>
					<pre class="pre-scrollable">In file included from /home/ec2-user/arduino-testlib/cli-datadir/user/libraries/SmartEverything_Lion_RN2483/examples/sendDataABP_console/sendDataABP_console.ino:19:0:
/home/ec2-user/arduino-testlib/cli-datadir/user/libraries/SmartEverything_Lion_RN2483/src/rn2483.h:127:50: error: &#39;iotAntenna&#39; was not declared in this scope
     void begin(long speed = 57600, Uart *serial=&amp;iotAntenna);
                                                  ^~~~~~~~~~
/home/ec2-user/arduino-testlib/cli-datadir/user/libraries/SmartEverything_Lion_RN2483/examples/sendDataABP_console/sendDataABP_console.ino: In function &#39;void setup()&#39;:
/home/ec2-user/arduino-testlib/cli-datadir/user/libraries/SmartEverything_Lion_RN2483/examples/sendDataABP_console/sendDataABP_console.ino:46:16: error: call to &#39;void RN2483::begin(long int, Uart*)&#39; uses the default argument for parameter 2, which is not yet defined
     lora.begin();
                ^

</pre>
					
					<h4>examples/sendDataOTA_console</h4>
					<p>
						Result: <b>FAIL</b>
					</p>
					<pre class="pre-scrollable">In file included from /home/ec2-user/arduino-testlib/cli-datadir/user/libraries/SmartEverything_Lion_RN2483/examples/sendDataOTA_console/sendDataOTA_console.ino:20:0:
/home/ec2-user/arduino-testlib/cli-datadir/user/libraries/SmartEverything_Lion_RN2483/src/rn2483.h:127:50: error: &#39;iotAntenna&#39; was not declared in this scope
     void begin(long speed = 57600, Uart *serial=&amp;iotAntenna);
                                                  ^~~~~~~~~~
/home/ec2-user/arduino-testlib/cli-datadir/user/libraries/SmartEverything_Lion_RN2483/examples/sendDataOTA_console/sendDataOTA_console.ino: In function &#39;void setup()&#39;:
/home/ec2-user/arduino-testlib/cli-datadir/user/libraries/SmartEverything_Lion_RN2483/examples/sendDataOTA_console/sendDataOTA_console.ino:49:5: error: &#39;ledYellowOneLight&#39; was not declared in this scope
     ledYellowOneLight(LOW); // turn the LED off
     ^~~~~~~~~~~~~~~~~
/home/ec2-user/arduino-testlib/cli-datadir/user/libraries/SmartEverything_Lion_RN2483/examples/sendDataOTA_console/sendDataOTA_console.ino:50:5: error: &#39;ledYellowTwoLight&#39; was not declared in this scope
     ledYellowTwoLight(HIGH); // turn the LED on
     ^~~~~~~~~~~~~~~~~
/home/ec2-user/arduino-testlib/cli-datadir/user/libraries/SmartEverything_Lion_RN2483/examples/sendDataOTA_console/sendDataOTA_console.ino:54:16: error: call to &#39;void RN2483::begin(long int, Uart*)&#39; uses the default argument for parameter 2, which is not yet defined
     lora.begin();
                ^
/home/ec2-user/arduino-testlib/cli-datadir/user/libraries/SmartEverything_Lion_RN2483/examples/sendDataOTA_console/sendDataOTA_console.ino: In function &#39;void loop()&#39;:
/home/ec2-user/arduino-testlib/cli-datadir/user/libraries/SmartEverything_Lion_RN2483/examples/sendDataOTA_console/sendDataOTA_console.ino:156:12: error: &#39;ledYellowTwoLight&#39; was not declared in this scope
            ledYellowTwoLight(HIGH); // turn the LED on
            ^~~~~~~~~~~~~~~~~

</pre>
					
					<h4>examples/storeConfiguration</h4>
					<p>
						Result: <b>FAIL</b>
					</p>
					<pre class="pre-scrollable">In file included from /home/ec2-user/arduino-testlib/cli-datadir/user/libraries/SmartEverything_Lion_RN2483/examples/storeConfiguration/storeConfiguration.ino:47:0:
/home/ec2-user/arduino-testlib/cli-datadir/user/libraries/SmartEverything_Lion_RN2483/src/rn2483.h:127:50: error: &#39;iotAntenna&#39; was not declared in this scope
     void begin(long speed = 57600, Uart *serial=&amp;iotAntenna);
                                                  ^~~~~~~~~~
/home/ec2-user/arduino-testlib/cli-datadir/user/libraries/SmartEverything_Lion_RN2483/examples/storeConfiguration/storeConfiguration.ino: In function &#39;void setup()&#39;:
/home/ec2-user/arduino-testlib/cli-datadir/user/libraries/SmartEverything_Lion_RN2483/examples/storeConfiguration/storeConfiguration.ino:65:16: error: call to &#39;void RN2483::begin(long int, Uart*)&#39; uses the default argument for parameter 2, which is not yet defined
     lora.begin();
                ^

</pre>
					
				
				<h3 id="arduino:samd:mkrwifi1010">arduino:samd:mkrwifi1010 @ 1.8.12</h3>
				<h4>Inclusion</h4>
				<p>
					Result: <b>FAIL</b>
					
					<br />This library has no main header file so an empty one was created.
					
				</p>
				<pre class="pre-scrollable">In file included from /home/ec2-user/arduino-testlib/cli-datadir/user/libraries/SmartEverything_Lion_RN2483/src/lora/rn2483.cpp:23:0:
/home/ec2-user/arduino-testlib/cli-datadir/user/libraries/SmartEverything_Lion_RN2483/src/lora/../rn2483.h:127:50: error: &#39;iotAntenna&#39; was not declared in this scope
     void begin(long speed = 57600, Uart *serial=&amp;iotAntenna);
                                                  ^~~~~~~~~~

</pre>

					
					<h4>examples/download</h4>
					<p>
						Result: <b>FAIL</b>
					</p>
					<pre class="pre-scrollable">In file included from /home/ec2-user/arduino-testlib/cli-datadir/user/libraries/SmartEverything_Lion_RN2483/examples/download/download.ino:42:0:
/home/ec2-user/arduino-testlib/cli-datadir/user/libraries/SmartEverything_Lion_RN2483/src/rn2483.h:127:50: error: &#39;iotAntenna&#39; was not declared in this scope
     void begin(long speed = 57600, Uart *serial=&amp;iotAntenna);
                                                  ^~~~~~~~~~
/home/ec2-user/arduino-testlib/cli-datadir/user/libraries/SmartEverything_Lion_RN2483/examples/download/download.ino: In function &#39;void setup()&#39;:
/home/ec2-user/arduino-testlib/cli-datadir/user/libraries/SmartEverything_Lion_RN2483/examples/download/download.ino:51:16: error: call to &#39;void RN2483::begin(long int, Uart*)&#39; uses the default argument for parameter 2, which is not yet defined
     lora.begin();  // Default speed 57600
                ^
/home/ec2-user/arduino-testlib/cli-datadir/user/libraries/SmartEverything_Lion_RN2483/examples/download/download.ino: In function &#39;void loop()&#39;:
/home/ec2-user/arduino-testlib/cli-datadir/user/libraries/SmartEverything_Lion_RN2483/examples/download/download.ino:67:7: error: &#39;iotAntenna&#39; was not declared in this scope
       iotAntenna.print(c);
       ^~~~~~~~~~
/home/ec2-user/arduino-testlib/cli-datadir/user/libraries/SmartEverything_Lion_RN2483/examples/download/download.ino:70:9: error: &#39;iotAntenna&#39; was not declared in this scope
     if (iotAntenna.available()) {
         ^~~~~~~~~~

</pre>
					
					<h4>examples/getChipInformation</h4>
					<p>
						Result: <b>FAIL</b>
					</p>
					<pre class="pre-scrollable">In file included from /home/ec2-user/arduino-testlib/cli-datadir/user/libraries/SmartEverything_Lion_RN2483/examples/getChipInformation/getChipInformation.ino:17:0:
/home/ec2-user/arduino-testlib/cli-datadir/user/libraries/SmartEverything_Lion_RN2483/src/rn2483.h:127:50: error: &#39;iotAntenna&#39; was not declared in this scope
     void begin(long speed = 57600, Uart *serial=&amp;iotAntenna);
                                                  ^~~~~~~~~~
/home/ec2-user/arduino-testlib/cli-datadir/user/libraries/SmartEverything_Lion_RN2483/examples/getChipInformation/getChipInformation.ino: In function &#39;void setup()&#39;:
/home/ec2-user/arduino-testlib/cli-datadir/user/libraries/SmartEverything_Lion_RN2483/examples/getChipInformation/getChipInformation.ino:26:16: error: call to &#39;void RN2483::begin(long int, Uart*)&#39; uses the default argument for parameter 2, which is not yet defined
     lora.begin();
                ^

</pre>
					
					<h4>examples/passthrough</h4>
					<p>
						Result: <b>FAIL</b>
					</p>
					<pre class="pre-scrollable">In file included from /home/ec2-user/arduino-testlib/cli-datadir/user/libraries/SmartEverything_Lion_RN2483/examples/passthrough/passthrough.ino:18:0:
/home/ec2-user/arduino-testlib/cli-datadir/user/libraries/SmartEverything_Lion_RN2483/src/rn2483.h:127:50: error: &#39;iotAntenna&#39; was not declared in this scope
     void begin(long speed = 57600, Uart *serial=&amp;iotAntenna);
                                                  ^~~~~~~~~~
/home/ec2-user/arduino-testlib/cli-datadir/user/libraries/SmartEverything_Lion_RN2483/examples/passthrough/passthrough.ino: In function &#39;void ledBlink(int, bool, unsigned int)&#39;:
/home/ec2-user/arduino-testlib/cli-datadir/user/libraries/SmartEverything_Lion_RN2483/examples/passthrough/passthrough.ino:32:9: error: &#39;ledYellowOneLight&#39; was not declared in this scope
         ledYellowOneLight(HIGH); // turn the LED On by making the voltage HIGH
         ^~~~~~~~~~~~~~~~~
/home/ec2-user/arduino-testlib/cli-datadir/user/libraries/SmartEverything_Lion_RN2483/examples/passthrough/passthrough.ino:36:9: error: &#39;ledYellowTwoLight&#39; was not declared in this scope
         ledYellowTwoLight(HIGH); // turn the LED On by making the voltage HIGH
         ^~~~~~~~~~~~~~~~~
/home/ec2-user/arduino-testlib/cli-datadir/user/libraries/SmartEverything_Lion_RN2483/examples/passthrough/passthrough.ino: In function &#39;void setup()&#39;:
/home/ec2-user/arduino-testlib/cli-datadir/user/libraries/SmartEverything_Lion_RN2483/examples/passthrough/passthrough.ino:47:5: error: &#39;ledYellowOneLight&#39; was not declared in this scope
     ledYellowOneLight(LOW);
     ^~~~~~~~~~~~~~~~~
/home/ec2-user/arduino-testlib/cli-datadir/user/libraries/SmartEverything_Lion_RN2483/examples/passthrough/passthrough.ino:48:5: error: &#39;ledYellowTwoLight&#39; was not declared in this scope
     ledYellowTwoLight(LOW);
     ^~~~~~~~~~~~~~~~~
/home/ec2-user/arduino-testlib/cli-datadir/user/libraries/SmartEverything_Lion_RN2483/examples/passthrough/passthrough.ino:52:16: error: call to &#39;void RN2483::begin(long int, Uart*)&#39; uses the default argument for parameter 2, which is not yet defined
     lora.begin();
                ^

</pre>
					
					<h4>examples/sendDataABP_console</h4>
					<p>
						Result: <b>FAIL</b>
					</p>
					<pre class="pre-scrollable">In file included from /home/ec2-user/arduino-testlib/cli-datadir/user/libraries/SmartEverything_Lion_RN2483/examples/sendDataABP_console/sendDataABP_console.ino:19:0:
/home/ec2-user/arduino-testlib/cli-datadir/user/libraries/SmartEverything_Lion_RN2483/src/rn2483.h:127:50: error: &#39;iotAntenna&#39; was not declared in this scope
     void begin(long speed = 57600, Uart *serial=&amp;iotAntenna);
                                                  ^~~~~~~~~~
/home/ec2-user/arduino-testlib/cli-datadir/user/libraries/SmartEverything_Lion_RN2483/examples/sendDataABP_console/sendDataABP_console.ino: In function &#39;void setup()&#39;:
/home/ec2-user/arduino-testlib/cli-datadir/user/libraries/SmartEverything_Lion_RN2483/examples/sendDataABP_console/sendDataABP_console.ino:46:16: error: call to &#39;void RN2483::begin(long int, Uart*)&#39; uses the default argument for parameter 2, which is not yet defined
     lora.begin();
                ^

</pre>
					
					<h4>examples/sendDataOTA_console</h4>
					<p>
						Result: <b>FAIL</b>
					</p>
					<pre class="pre-scrollable">In file included from /home/ec2-user/arduino-testlib/cli-datadir/user/libraries/SmartEverything_Lion_RN2483/examples/sendDataOTA_console/sendDataOTA_console.ino:20:0:
/home/ec2-user/arduino-testlib/cli-datadir/user/libraries/SmartEverything_Lion_RN2483/src/rn2483.h:127:50: error: &#39;iotAntenna&#39; was not declared in this scope
     void begin(long speed = 57600, Uart *serial=&amp;iotAntenna);
                                                  ^~~~~~~~~~
/home/ec2-user/arduino-testlib/cli-datadir/user/libraries/SmartEverything_Lion_RN2483/examples/sendDataOTA_console/sendDataOTA_console.ino: In function &#39;void setup()&#39;:
/home/ec2-user/arduino-testlib/cli-datadir/user/libraries/SmartEverything_Lion_RN2483/examples/sendDataOTA_console/sendDataOTA_console.ino:49:5: error: &#39;ledYellowOneLight&#39; was not declared in this scope
     ledYellowOneLight(LOW); // turn the LED off
     ^~~~~~~~~~~~~~~~~
/home/ec2-user/arduino-testlib/cli-datadir/user/libraries/SmartEverything_Lion_RN2483/examples/sendDataOTA_console/sendDataOTA_console.ino:50:5: error: &#39;ledYellowTwoLight&#39; was not declared in this scope
     ledYellowTwoLight(HIGH); // turn the LED on
     ^~~~~~~~~~~~~~~~~
/home/ec2-user/arduino-testlib/cli-datadir/user/libraries/SmartEverything_Lion_RN2483/examples/sendDataOTA_console/sendDataOTA_console.ino:54:16: error: call to &#39;void RN2483::begin(long int, Uart*)&#39; uses the default argument for parameter 2, which is not yet defined
     lora.begin();
                ^
/home/ec2-user/arduino-testlib/cli-datadir/user/libraries/SmartEverything_Lion_RN2483/examples/sendDataOTA_console/sendDataOTA_console.ino: In function &#39;void loop()&#39;:
/home/ec2-user/arduino-testlib/cli-datadir/user/libraries/SmartEverything_Lion_RN2483/examples/sendDataOTA_console/sendDataOTA_console.ino:156:12: error: &#39;ledYellowTwoLight&#39; was not declared in this scope
            ledYellowTwoLight(HIGH); // turn the LED on
            ^~~~~~~~~~~~~~~~~

</pre>
					
					<h4>examples/storeConfiguration</h4>
					<p>
						Result: <b>FAIL</b>
					</p>
					<pre class="pre-scrollable">In file included from /home/ec2-user/arduino-testlib/cli-datadir/user/libraries/SmartEverything_Lion_RN2483/examples/storeConfiguration/storeConfiguration.ino:47:0:
/home/ec2-user/arduino-testlib/cli-datadir/user/libraries/SmartEverything_Lion_RN2483/src/rn2483.h:127:50: error: &#39;iotAntenna&#39; was not declared in this scope
     void begin(long speed = 57600, Uart *serial=&amp;iotAntenna);
                                                  ^~~~~~~~~~
/home/ec2-user/arduino-testlib/cli-datadir/user/libraries/SmartEverything_Lion_RN2483/examples/storeConfiguration/storeConfiguration.ino: In function &#39;void setup()&#39;:
/home/ec2-user/arduino-testlib/cli-datadir/user/libraries/SmartEverything_Lion_RN2483/examples/storeConfiguration/storeConfiguration.ino:65:16: error: call to &#39;void RN2483::begin(long int, Uart*)&#39; uses the default argument for parameter 2, which is not yet defined
     lora.begin();
                ^

</pre>
					
				
				<h3 id="esp32:esp32:d1_mini32">esp32:esp32:d1_mini32 @ 1.0.6</h3>
				<h4>Inclusion</h4>
				<p>
					Result: <b>FAIL</b>
					
					<br />This library has no main header file so an empty one was created.
					
				</p>
				<pre class="pre-scrollable">In file included from /home/ec2-user/arduino-testlib/cli-datadir/user/libraries/SmartEverything_Lion_RN2483/src/lora/rn2483.cpp:23:0:
/home/ec2-user/arduino-testlib/cli-datadir/user/libraries/SmartEverything_Lion_RN2483/src/lora/../rn2483.h:127:50: error: &#39;iotAntenna&#39; was not declared in this scope
     void begin(long speed = 57600, Uart *serial=&amp;iotAntenna);
                                                  ^
/home/ec2-user/arduino-testlib/cli-datadir/user/libraries/SmartEverything_Lion_RN2483/src/lora/rn2483.cpp: In member function &#39;void RN2483::rawData(String)&#39;:
/home/ec2-user/arduino-testlib/cli-datadir/user/libraries/SmartEverything_Lion_RN2483/src/lora/rn2483.cpp:135:9: error: invalid use of incomplete type &#39;class Uart&#39;
     comm-&gt;print(stream);
         ^
In file included from /home/ec2-user/arduino-testlib/cli-datadir/user/libraries/SmartEverything_Lion_RN2483/src/lora/rn2483.cpp:23:0:
/home/ec2-user/arduino-testlib/cli-datadir/user/libraries/SmartEverything_Lion_RN2483/src/lora/../rn2483.h:102:7: note: forward declaration of &#39;class Uart&#39;
 class Uart;
       ^
/home/ec2-user/arduino-testlib/cli-datadir/user/libraries/SmartEverything_Lion_RN2483/src/lora/rn2483.cpp:137:9: error: &#39;SerialUSB&#39; was not declared in this scope
         SerialUSB.print(&#34;-&gt; &#34;);
         ^
/home/ec2-user/arduino-testlib/cli-datadir/user/libraries/SmartEverything_Lion_RN2483/src/lora/rn2483.cpp: In member function &#39;uint8_t RN2483::waitAnswer()&#39;:
/home/ec2-user/arduino-testlib/cli-datadir/user/libraries/SmartEverything_Lion_RN2483/src/lora/rn2483.cpp:200:17: error: invalid use of incomplete type &#39;class Uart&#39;
     while (!comm-&gt;available())
                 ^
In file included from /home/ec2-user/arduino-testlib/cli-datadir/user/libraries/SmartEverything_Lion_RN2483/src/lora/rn2483.cpp:23:0:
/home/ec2-user/arduino-testlib/cli-datadir/user/libraries/SmartEverything_Lion_RN2483/src/lora/../rn2483.h:102:7: note: forward declaration of &#39;class Uart&#39;
 class Uart;
       ^
/home/ec2-user/arduino-testlib/cli-datadir/user/libraries/SmartEverything_Lion_RN2483/src/lora/rn2483.cpp:208:17: error: invalid use of incomplete type &#39;class Uart&#39;
         if (comm-&gt;available()) {
                 ^
In file included from /home/ec2-user/arduino-testlib/cli-datadir/user/libraries/SmartEverything_Lion_RN2483/src/lora/rn2483.cpp:23:0:
/home/ec2-user/arduino-testlib/cli-datadir/user/libraries/SmartEverything_Lion_RN2483/src/lora/../rn2483.h:102:7: note: forward declaration of &#39;class Uart&#39;
 class Uart;
       ^
/home/ec2-user/arduino-testlib/cli-datadir/user/libraries/SmartEverything_Lion_RN2483/src/lora/rn2483.cpp:209:21: error: invalid use of incomplete type &#39;class Uart&#39;
             c = comm-&gt;read();
                     ^
In file included from /home/ec2-user/arduino-testlib/cli-datadir/user/libraries/SmartEverything_Lion_RN2483/src/lora/rn2483.cpp:23:0:
/home/ec2-user/arduino-testlib/cli-datadir/user/libraries/SmartEverything_Lion_RN2483/src/lora/../rn2483.h:102:7: note: forward declaration of &#39;class Uart&#39;
 class Uart;
       ^
/home/ec2-user/arduino-testlib/cli-datadir/user/libraries/SmartEverything_Lion_RN2483/src/lora/rn2483.cpp:217:9: error: &#39;SerialUSB&#39; was not declared in this scope
         SerialUSB.print(&#34;&lt;- &#34;);
         ^
/home/ec2-user/arduino-testlib/cli-datadir/user/libraries/SmartEverything_Lion_RN2483/src/lora/rn2483.cpp: In member function &#39;void RN2483::begin(long int, Uart*)&#39;:
/home/ec2-user/arduino-testlib/cli-datadir/user/libraries/SmartEverything_Lion_RN2483/src/lora/rn2483.cpp:299:9: error: invalid use of incomplete type &#39;class Uart&#39;
     comm-&gt;begin(speed);
         ^
In file included from /home/ec2-user/arduino-testlib/cli-datadir/user/libraries/SmartEverything_Lion_RN2483/src/lora/rn2483.cpp:23:0:
/home/ec2-user/arduino-testlib/cli-datadir/user/libraries/SmartEverything_Lion_RN2483/src/lora/../rn2483.h:102:7: note: forward declaration of &#39;class Uart&#39;
 class Uart;
       ^
/home/ec2-user/arduino-testlib/cli-datadir/user/libraries/SmartEverything_Lion_RN2483/src/lora/rn2483.cpp: In member function &#39;bool RN2483::available()&#39;:
/home/ec2-user/arduino-testlib/cli-datadir/user/libraries/SmartEverything_Lion_RN2483/src/lora/rn2483.cpp:308:17: error: invalid use of incomplete type &#39;class Uart&#39;
      while (comm-&gt;available()) {
                 ^
In file included from /home/ec2-user/arduino-testlib/cli-datadir/user/libraries/SmartEverything_Lion_RN2483/src/lora/rn2483.cpp:23:0:
/home/ec2-user/arduino-testlib/cli-datadir/user/libraries/SmartEverything_Lion_RN2483/src/lora/../rn2483.h:102:7: note: forward declaration of &#39;class Uart&#39;
 class Uart;
       ^
/home/ec2-user/arduino-testlib/cli-datadir/user/libraries/SmartEverything_Lion_RN2483/src/lora/rn2483.cpp:310:34: error: invalid use of incomplete type &#39;class Uart&#39;
          char inChar = (char)comm-&gt;read();
                                  ^
In file included from /home/ec2-user/arduino-testlib/cli-datadir/user/libraries/SmartEverything_Lion_RN2483/src/lora/rn2483.cpp:23:0:
/home/ec2-user/arduino-testlib/cli-datadir/user/libraries/SmartEverything_Lion_RN2483/src/lora/../rn2483.h:102:7: note: forward declaration of &#39;class Uart&#39;
 class Uart;
       ^

</pre>

					
					<h4>examples/download</h4>
					<p>
						Result: <b>FAIL</b>
					</p>
					<pre class="pre-scrollable">In file included from /home/ec2-user/arduino-testlib/cli-datadir/user/libraries/SmartEverything_Lion_RN2483/examples/download/download.ino:42:0:
/home/ec2-user/arduino-testlib/cli-datadir/user/libraries/SmartEverything_Lion_RN2483/src/rn2483.h:127:50: error: &#39;iotAntenna&#39; was not declared in this scope
     void begin(long speed = 57600, Uart *serial=&amp;iotAntenna);
                                                  ^
/home/ec2-user/arduino-testlib/cli-datadir/user/libraries/SmartEverything_Lion_RN2483/examples/download/download.ino: In function &#39;void setup()&#39;:
/home/ec2-user/arduino-testlib/cli-datadir/user/libraries/SmartEverything_Lion_RN2483/examples/download/download.ino:51:16: error: call to &#39;void RN2483::begin(long int, Uart*)&#39; uses the default argument for parameter 2, which is not yet defined
     lora.begin();  // Default speed 57600
                ^
/home/ec2-user/arduino-testlib/cli-datadir/user/libraries/SmartEverything_Lion_RN2483/examples/download/download.ino: In function &#39;void loop()&#39;:
/home/ec2-user/arduino-testlib/cli-datadir/user/libraries/SmartEverything_Lion_RN2483/examples/download/download.ino:67:7: error: &#39;iotAntenna&#39; was not declared in this scope
       iotAntenna.print(c);
       ^
/home/ec2-user/arduino-testlib/cli-datadir/user/libraries/SmartEverything_Lion_RN2483/examples/download/download.ino:70:9: error: &#39;iotAntenna&#39; was not declared in this scope
     if (iotAntenna.available()) {
         ^

</pre>
					
					<h4>examples/getChipInformation</h4>
					<p>
						Result: <b>FAIL</b>
					</p>
					<pre class="pre-scrollable">In file included from /home/ec2-user/arduino-testlib/cli-datadir/user/libraries/SmartEverything_Lion_RN2483/examples/getChipInformation/getChipInformation.ino:17:0:
/home/ec2-user/arduino-testlib/cli-datadir/user/libraries/SmartEverything_Lion_RN2483/src/rn2483.h:127:50: error: &#39;iotAntenna&#39; was not declared in this scope
     void begin(long speed = 57600, Uart *serial=&amp;iotAntenna);
                                                  ^
/home/ec2-user/arduino-testlib/cli-datadir/user/libraries/SmartEverything_Lion_RN2483/examples/getChipInformation/getChipInformation.ino: In function &#39;void setup()&#39;:
/home/ec2-user/arduino-testlib/cli-datadir/user/libraries/SmartEverything_Lion_RN2483/examples/getChipInformation/getChipInformation.ino:26:16: error: call to &#39;void RN2483::begin(long int, Uart*)&#39; uses the default argument for parameter 2, which is not yet defined
     lora.begin();
                ^

</pre>
					
					<h4>examples/passthrough</h4>
					<p>
						Result: <b>FAIL</b>
					</p>
					<pre class="pre-scrollable">In file included from /home/ec2-user/arduino-testlib/cli-datadir/user/libraries/SmartEverything_Lion_RN2483/examples/passthrough/passthrough.ino:18:0:
/home/ec2-user/arduino-testlib/cli-datadir/user/libraries/SmartEverything_Lion_RN2483/src/rn2483.h:127:50: error: &#39;iotAntenna&#39; was not declared in this scope
     void begin(long speed = 57600, Uart *serial=&amp;iotAntenna);
                                                  ^
/home/ec2-user/arduino-testlib/cli-datadir/user/libraries/SmartEverything_Lion_RN2483/examples/passthrough/passthrough.ino: In function &#39;void ledBlink(int, bool, unsigned int)&#39;:
/home/ec2-user/arduino-testlib/cli-datadir/user/libraries/SmartEverything_Lion_RN2483/examples/passthrough/passthrough.ino:32:31: error: &#39;ledYellowOneLight&#39; was not declared in this scope
         ledYellowOneLight(HIGH); // turn the LED On by making the voltage HIGH  
                               ^
/home/ec2-user/arduino-testlib/cli-datadir/user/libraries/SmartEverything_Lion_RN2483/examples/passthrough/passthrough.ino:36:31: error: &#39;ledYellowTwoLight&#39; was not declared in this scope
         ledYellowTwoLight(HIGH); // turn the LED On by making the voltage HIGH  
                               ^
/home/ec2-user/arduino-testlib/cli-datadir/user/libraries/SmartEverything_Lion_RN2483/examples/passthrough/passthrough.ino: In function &#39;void setup()&#39;:
/home/ec2-user/arduino-testlib/cli-datadir/user/libraries/SmartEverything_Lion_RN2483/examples/passthrough/passthrough.ino:47:26: error: &#39;ledYellowOneLight&#39; was not declared in this scope
     ledYellowOneLight(LOW);
                          ^
/home/ec2-user/arduino-testlib/cli-datadir/user/libraries/SmartEverything_Lion_RN2483/examples/passthrough/passthrough.ino:48:26: error: &#39;ledYellowTwoLight&#39; was not declared in this scope
     ledYellowTwoLight(LOW);   
                          ^
/home/ec2-user/arduino-testlib/cli-datadir/user/libraries/SmartEverything_Lion_RN2483/examples/passthrough/passthrough.ino:52:16: error: call to &#39;void RN2483::begin(long int, Uart*)&#39; uses the default argument for parameter 2, which is not yet defined
     lora.begin();
                ^

</pre>
					
					<h4>examples/sendDataABP_console</h4>
					<p>
						Result: <b>FAIL</b>
					</p>
					<pre class="pre-scrollable">In file included from /home/ec2-user/arduino-testlib/cli-datadir/user/libraries/SmartEverything_Lion_RN2483/examples/sendDataABP_console/sendDataABP_console.ino:19:0:
/home/ec2-user/arduino-testlib/cli-datadir/user/libraries/SmartEverything_Lion_RN2483/src/rn2483.h:127:50: error: &#39;iotAntenna&#39; was not declared in this scope
     void begin(long speed = 57600, Uart *serial=&amp;iotAntenna);
                                                  ^
/home/ec2-user/arduino-testlib/cli-datadir/user/libraries/SmartEverything_Lion_RN2483/examples/sendDataABP_console/sendDataABP_console.ino: In function &#39;void setup()&#39;:
/home/ec2-user/arduino-testlib/cli-datadir/user/libraries/SmartEverything_Lion_RN2483/examples/sendDataABP_console/sendDataABP_console.ino:46:16: error: call to &#39;void RN2483::begin(long int, Uart*)&#39; uses the default argument for parameter 2, which is not yet defined
     lora.begin();
                ^

</pre>
					
					<h4>examples/sendDataOTA_console</h4>
					<p>
						Result: <b>FAIL</b>
					</p>
					<pre class="pre-scrollable">In file included from /home/ec2-user/arduino-testlib/cli-datadir/user/libraries/SmartEverything_Lion_RN2483/examples/sendDataOTA_console/sendDataOTA_console.ino:20:0:
/home/ec2-user/arduino-testlib/cli-datadir/user/libraries/SmartEverything_Lion_RN2483/src/rn2483.h:127:50: error: &#39;iotAntenna&#39; was not declared in this scope
     void begin(long speed = 57600, Uart *serial=&amp;iotAntenna);
                                                  ^
/home/ec2-user/arduino-testlib/cli-datadir/user/libraries/SmartEverything_Lion_RN2483/examples/sendDataOTA_console/sendDataOTA_console.ino: In function &#39;void setup()&#39;:
/home/ec2-user/arduino-testlib/cli-datadir/user/libraries/SmartEverything_Lion_RN2483/examples/sendDataOTA_console/sendDataOTA_console.ino:49:26: error: &#39;ledYellowOneLight&#39; was not declared in this scope
     ledYellowOneLight(LOW); // turn the LED off
                          ^
/home/ec2-user/arduino-testlib/cli-datadir/user/libraries/SmartEverything_Lion_RN2483/examples/sendDataOTA_console/sendDataOTA_console.ino:50:27: error: &#39;ledYellowTwoLight&#39; was not declared in this scope
     ledYellowTwoLight(HIGH); // turn the LED on
                           ^
/home/ec2-user/arduino-testlib/cli-datadir/user/libraries/SmartEverything_Lion_RN2483/examples/sendDataOTA_console/sendDataOTA_console.ino:54:16: error: call to &#39;void RN2483::begin(long int, Uart*)&#39; uses the default argument for parameter 2, which is not yet defined
     lora.begin();
                ^
/home/ec2-user/arduino-testlib/cli-datadir/user/libraries/SmartEverything_Lion_RN2483/examples/sendDataOTA_console/sendDataOTA_console.ino: In function &#39;void loop()&#39;:
/home/ec2-user/arduino-testlib/cli-datadir/user/libraries/SmartEverything_Lion_RN2483/examples/sendDataOTA_console/sendDataOTA_console.ino:156:34: error: &#39;ledYellowTwoLight&#39; was not declared in this scope
            ledYellowTwoLight(HIGH); // turn the LED on
                                  ^

</pre>
					
					<h4>examples/storeConfiguration</h4>
					<p>
						Result: <b>FAIL</b>
					</p>
					<pre class="pre-scrollable">In file included from /home/ec2-user/arduino-testlib/cli-datadir/user/libraries/SmartEverything_Lion_RN2483/examples/storeConfiguration/storeConfiguration.ino:47:0:
/home/ec2-user/arduino-testlib/cli-datadir/user/libraries/SmartEverything_Lion_RN2483/src/rn2483.h:127:50: error: &#39;iotAntenna&#39; was not declared in this scope
     void begin(long speed = 57600, Uart *serial=&amp;iotAntenna);
                                                  ^
/home/ec2-user/arduino-testlib/cli-datadir/user/libraries/SmartEverything_Lion_RN2483/examples/storeConfiguration/storeConfiguration.ino: In function &#39;void setup()&#39;:
/home/ec2-user/arduino-testlib/cli-datadir/user/libraries/SmartEverything_Lion_RN2483/examples/storeConfiguration/storeConfiguration.ino:65:16: error: call to &#39;void RN2483::begin(long int, Uart*)&#39; uses the default argument for parameter 2, which is not yet defined
     lora.begin();
                ^

</pre>
					
				
			</div>
		</div>
	</div>
  </body>
</html>
