
<!doctype html>
<html lang="en">
  <head>
    <meta charset="utf-8">
    <meta name="viewport" content="width=device-width, initial-scale=1">
    <link href="https://cdn.jsdelivr.net/npm/bootstrap@5.0.2/dist/css/bootstrap.min.css" rel="stylesheet" integrity="sha384-EVSTQN3/azprG1Anm3QDgpJLIm9Nao0Yz1ztcQTwFspd3yD65VohhpuuCOmLASjC" crossorigin="anonymous">
    <title>arduino-testlib report</title>
	<style>
	.pass { background-color: #00FF00 !important; }
	.fail { background-color: #FF0000 !important; }
	</style>
  </head>
  <body>
	<div class="container">
		<div class="row">
			<div class="col">
				<h1>SparkFun DMX Shield Library - compatibility matrix</h1>
				<p>
					<small>This report was generated on Monday, 21-Feb-22 12:00:25 CET using 
					<a href="https://github.com/alranel/arduino-testlib">arduino-testlib</a>.</small>
				</p>

				<h2>SparkFun DMX Shield Library</h2>
				<p>
					Version: <b>1.0.5</b>
					<br />
					<a href="https://www.arduino.cc/reference/en/libraries/sparkfun-dmx-shield-library/">More details</a>
				</p>

				<h2>Compatibility matrix</h2>
				<table class="table table-bordered">
					<tr>
						<th>Board</th>
						<th>Claims compatibility</th>
						<th>Inclusion</th>
						
						<th><pre>Example2-DMXInput</pre></th>
						
						<th><pre>Example3-MovingHead</pre></th>
						
						<th><pre>Example4-ArtnetOutput</pre></th>
						
						<th><pre>Example1-DMXOutput</pre></th>
						
					</tr>
					
					<tr>
						<td>
							<a href="#arduino%3aavr%3auno"><b>arduino:avr:uno</b></a>
							<br />
							<small>1.8.4</small>
						</td>

						
						
						
							<td>Yes ⚠️</td>
							<td class="fail">FAIL</td>
						
						

						
							
								
									
										
									
										
											
											<td class="fail">FAIL</td>
										
									
										
									
										
									
								
							
								
							
								
							
								
							
								
							
						
							
								
									
										
									
										
									
										
											
											<td class="fail">FAIL</td>
										
									
										
									
								
							
								
							
								
							
								
							
								
							
						
							
								
									
										
									
										
									
										
									
										
											
											<td class="fail">FAIL</td>
										
									
								
							
								
							
								
							
								
							
								
							
						
							
								
									
										
											
											<td class="fail">FAIL</td>
										
									
										
									
										
									
										
									
								
							
								
							
								
							
								
							
								
							
						
					</tr>
					
					<tr>
						<td>
							<a href="#arduino%3ambed_nano%3ananorp2040connect"><b>arduino:mbed_nano:nanorp2040connect</b></a>
							<br />
							<small>2.7.2</small>
						</td>

						
						
						
							<td>Yes ⚠️</td>
							<td class="fail">FAIL</td>
						
						

						
							
								
							
								
									
										
									
										
											
											<td class="fail">FAIL</td>
										
									
										
									
										
									
								
							
								
							
								
							
								
							
						
							
								
							
								
									
										
									
										
									
										
											
											<td class="fail">FAIL</td>
										
									
										
									
								
							
								
							
								
							
								
							
						
							
								
							
								
									
										
									
										
									
										
									
										
											
											<td class="fail">FAIL</td>
										
									
								
							
								
							
								
							
								
							
						
							
								
							
								
									
										
											
											<td class="fail">FAIL</td>
										
									
										
									
										
									
										
									
								
							
								
							
								
							
								
							
						
					</tr>
					
					<tr>
						<td>
							<a href="#arduino%3amegaavr%3anona4809"><b>arduino:megaavr:nona4809</b></a>
							<br />
							<small>1.8.7</small>
						</td>

						
						
						
							<td>Yes ⚠️</td>
							<td class="fail">FAIL</td>
						
						

						
							
								
							
								
							
								
									
										
									
										
											
											<td class="fail">FAIL</td>
										
									
										
									
										
									
								
							
								
							
								
							
						
							
								
							
								
							
								
									
										
									
										
									
										
											
											<td class="fail">FAIL</td>
										
									
										
									
								
							
								
							
								
							
						
							
								
							
								
							
								
									
										
									
										
									
										
									
										
											
											<td class="fail">FAIL</td>
										
									
								
							
								
							
								
							
						
							
								
							
								
							
								
									
										
											
											<td class="fail">FAIL</td>
										
									
										
									
										
									
										
									
								
							
								
							
								
							
						
					</tr>
					
					<tr>
						<td>
							<a href="#arduino%3asamd%3amkrwifi1010"><b>arduino:samd:mkrwifi1010</b></a>
							<br />
							<small>1.8.12</small>
						</td>

						
						
						
							<td>Yes ⚠️</td>
							<td class="fail">FAIL</td>
						
						

						
							
								
							
								
							
								
							
								
									
										
									
										
											
											<td class="fail">FAIL</td>
										
									
										
									
										
									
								
							
								
							
						
							
								
							
								
							
								
							
								
									
										
									
										
									
										
											
											<td class="fail">FAIL</td>
										
									
										
									
								
							
								
							
						
							
								
							
								
							
								
							
								
									
										
									
										
									
										
									
										
											
											<td class="fail">FAIL</td>
										
									
								
							
								
							
						
							
								
							
								
							
								
							
								
									
										
											
											<td class="fail">FAIL</td>
										
									
										
									
										
									
										
									
								
							
								
							
						
					</tr>
					
					<tr>
						<td>
							<a href="#esp32%3aesp32%3ad1_mini32"><b>esp32:esp32:d1_mini32</b></a>
							<br />
							<small>1.0.6</small>
						</td>

						
							<td>Yes</td>
							<td class="pass">PASS</td>
						
						
						
						

						
							
								
							
								
							
								
							
								
							
								
									
										
									
										
											<td class="pass">PASS</td>
											
										
									
										
									
										
									
								
							
						
							
								
							
								
							
								
							
								
							
								
									
										
									
										
									
										
											
											<td class="fail">FAIL</td>
										
									
										
									
								
							
						
							
								
							
								
							
								
							
								
							
								
									
										
									
										
									
										
									
										
											
											<td class="fail">FAIL</td>
										
									
								
							
						
							
								
							
								
							
								
							
								
							
								
									
										
											<td class="pass">PASS</td>
											
										
									
										
									
										
									
										
									
								
							
						
					</tr>
					
				</table>

				<h2>Compilation logs</h2>
				
				<h3 id="arduino:avr:uno">arduino:avr:uno @ 1.8.4</h3>
				<h4>Inclusion</h4>
				<p>
					Result: <b>FAIL</b>
					
					<br />This library has no main header file so an empty one was created.
					
				</p>
				<pre class="pre-scrollable">/home/ec2-user/arduino-testlib/cli-datadir/user/libraries/SparkFun_DMX_Shield_Library/src/SparkFunDMX.cpp:37:27: error: no matching function for call to &#39;HardwareSerial::HardwareSerial(int)&#39;
 HardwareSerial DMXSerial(2);
                           ^
In file included from /home/ec2-user/arduino-testlib/cli-datadir/data/packages/arduino/hardware/avr/1.8.4/cores/arduino/Arduino.h:233:0,
                 from /home/ec2-user/arduino-testlib/cli-datadir/user/libraries/SparkFun_DMX_Shield_Library/src/SparkFunDMX.cpp:17:
/home/ec2-user/arduino-testlib/cli-datadir/data/packages/arduino/hardware/avr/1.8.4/cores/arduino/HardwareSerial.h:117:12: note: candidate: HardwareSerial::HardwareSerial(volatile uint8_t*, volatile uint8_t*, volatile uint8_t*, volatile uint8_t*, volatile uint8_t*, volatile uint8_t*)
     inline HardwareSerial(
            ^~~~~~~~~~~~~~
/home/ec2-user/arduino-testlib/cli-datadir/data/packages/arduino/hardware/avr/1.8.4/cores/arduino/HardwareSerial.h:117:12: note:   candidate expects 6 arguments, 1 provided
/home/ec2-user/arduino-testlib/cli-datadir/data/packages/arduino/hardware/avr/1.8.4/cores/arduino/HardwareSerial.h:93:7: note: candidate: constexpr HardwareSerial::HardwareSerial(const HardwareSerial&amp;)
 class HardwareSerial : public Stream
       ^~~~~~~~~~~~~~
/home/ec2-user/arduino-testlib/cli-datadir/data/packages/arduino/hardware/avr/1.8.4/cores/arduino/HardwareSerial.h:93:7: note:   no known conversion for argument 1 from &#39;int&#39; to &#39;const HardwareSerial&amp;&#39;
/home/ec2-user/arduino-testlib/cli-datadir/data/packages/arduino/hardware/avr/1.8.4/cores/arduino/HardwareSerial.h:93:7: note: candidate: constexpr HardwareSerial::HardwareSerial(HardwareSerial&amp;&amp;)
/home/ec2-user/arduino-testlib/cli-datadir/data/packages/arduino/hardware/avr/1.8.4/cores/arduino/HardwareSerial.h:93:7: note:   no known conversion for argument 1 from &#39;int&#39; to &#39;HardwareSerial&amp;&amp;&#39;
/home/ec2-user/arduino-testlib/cli-datadir/user/libraries/SparkFun_DMX_Shield_Library/src/SparkFunDMX.cpp:40:1: error: &#39;hw_timer_t&#39; does not name a type; did you mean &#39;__size_t&#39;?
 hw_timer_t * timer = NULL;
 ^~~~~~~~~~
 __size_t
/home/ec2-user/arduino-testlib/cli-datadir/user/libraries/SparkFun_DMX_Shield_Library/src/SparkFunDMX.cpp:41:1: error: &#39;portMUX_TYPE&#39; does not name a type
 portMUX_TYPE timerMux = portMUX_INITIALIZER_UNLOCKED;
 ^~~~~~~~~~~~
/home/ec2-user/arduino-testlib/cli-datadir/user/libraries/SparkFun_DMX_Shield_Library/src/SparkFunDMX.cpp:49:16: error: expected initializer before &#39;onTimer&#39;
 void IRAM_ATTR onTimer() {
                ^~~~~~~
/home/ec2-user/arduino-testlib/cli-datadir/user/libraries/SparkFun_DMX_Shield_Library/src/SparkFunDMX.cpp: In member function &#39;void SparkFunDMX::initRead(int)&#39;:
/home/ec2-user/arduino-testlib/cli-datadir/user/libraries/SparkFun_DMX_Shield_Library/src/SparkFunDMX.cpp:70:3: error: &#39;timer&#39; was not declared in this scope
   timer = timerBegin(0, 1, true);
   ^~~~~
/home/ec2-user/arduino-testlib/cli-datadir/user/libraries/SparkFun_DMX_Shield_Library/src/SparkFunDMX.cpp:70:11: error: &#39;timerBegin&#39; was not declared in this scope
   timer = timerBegin(0, 1, true);
           ^~~~~~~~~~
/home/ec2-user/arduino-testlib/cli-datadir/user/libraries/SparkFun_DMX_Shield_Library/src/SparkFunDMX.cpp:71:32: error: &#39;onTimer&#39; was not declared in this scope
   timerAttachInterrupt(timer, &amp;onTimer, true);
                                ^~~~~~~
/home/ec2-user/arduino-testlib/cli-datadir/user/libraries/SparkFun_DMX_Shield_Library/src/SparkFunDMX.cpp:71:3: error: &#39;timerAttachInterrupt&#39; was not declared in this scope
   timerAttachInterrupt(timer, &amp;onTimer, true);
   ^~~~~~~~~~~~~~~~~~~~
/home/ec2-user/arduino-testlib/cli-datadir/user/libraries/SparkFun_DMX_Shield_Library/src/SparkFunDMX.cpp:71:3: note: suggested alternative: &#39;detachInterrupt&#39;
   timerAttachInterrupt(timer, &amp;onTimer, true);
   ^~~~~~~~~~~~~~~~~~~~
   detachInterrupt
/home/ec2-user/arduino-testlib/cli-datadir/user/libraries/SparkFun_DMX_Shield_Library/src/SparkFunDMX.cpp:72:3: error: &#39;timerAlarmWrite&#39; was not declared in this scope
   timerAlarmWrite(timer, 320, true);
   ^~~~~~~~~~~~~~~
/home/ec2-user/arduino-testlib/cli-datadir/user/libraries/SparkFun_DMX_Shield_Library/src/SparkFunDMX.cpp:73:3: error: &#39;timerAlarmEnable&#39; was not declared in this scope
   timerAlarmEnable(timer);
   ^~~~~~~~~~~~~~~~
/home/ec2-user/arduino-testlib/cli-datadir/user/libraries/SparkFun_DMX_Shield_Library/src/SparkFunDMX.cpp: In member function &#39;void SparkFunDMX::initWrite(int)&#39;:
/home/ec2-user/arduino-testlib/cli-datadir/user/libraries/SparkFun_DMX_Shield_Library/src/SparkFunDMX.cpp:96:52: error: no matching function for call to &#39;HardwareSerial::begin(long int, int, int&amp;, int&amp;)&#39;
   DMXSerial.begin(DMXSPEED, DMXFORMAT, rxPin, txPin);
                                                    ^
In file included from /home/ec2-user/arduino-testlib/cli-datadir/data/packages/arduino/hardware/avr/1.8.4/cores/arduino/Arduino.h:233:0,
                 from /home/ec2-user/arduino-testlib/cli-datadir/user/libraries/SparkFun_DMX_Shield_Library/src/SparkFunDMX.cpp:17:
/home/ec2-user/arduino-testlib/cli-datadir/data/packages/arduino/hardware/avr/1.8.4/cores/arduino/HardwareSerial.h:121:10: note: candidate: void HardwareSerial::begin(long unsigned int)
     void begin(unsigned long baud) { begin(baud, SERIAL_8N1); }
          ^~~~~
/home/ec2-user/arduino-testlib/cli-datadir/data/packages/arduino/hardware/avr/1.8.4/cores/arduino/HardwareSerial.h:121:10: note:   candidate expects 1 argument, 4 provided
/home/ec2-user/arduino-testlib/cli-datadir/data/packages/arduino/hardware/avr/1.8.4/cores/arduino/HardwareSerial.h:122:10: note: candidate: void HardwareSerial::begin(long unsigned int, uint8_t)
     void begin(unsigned long, uint8_t);
          ^~~~~
/home/ec2-user/arduino-testlib/cli-datadir/data/packages/arduino/hardware/avr/1.8.4/cores/arduino/HardwareSerial.h:122:10: note:   candidate expects 2 arguments, 4 provided
/home/ec2-user/arduino-testlib/cli-datadir/user/libraries/SparkFun_DMX_Shield_Library/src/SparkFunDMX.cpp: In member function &#39;void SparkFunDMX::update()&#39;:
/home/ec2-user/arduino-testlib/cli-datadir/user/libraries/SparkFun_DMX_Shield_Library/src/SparkFunDMX.cpp:120:51: error: no matching function for call to &#39;HardwareSerial::begin(long int, int, int&amp;, int&amp;)&#39;
  DMXSerial.begin(DMXSPEED, DMXFORMAT, rxPin, txPin);//Begin the Serial port
                                                   ^
In file included from /home/ec2-user/arduino-testlib/cli-datadir/data/packages/arduino/hardware/avr/1.8.4/cores/arduino/Arduino.h:233:0,
                 from /home/ec2-user/arduino-testlib/cli-datadir/user/libraries/SparkFun_DMX_Shield_Library/src/SparkFunDMX.cpp:17:
/home/ec2-user/arduino-testlib/cli-datadir/data/packages/arduino/hardware/avr/1.8.4/cores/arduino/HardwareSerial.h:121:10: note: candidate: void HardwareSerial::begin(long unsigned int)
     void begin(unsigned long baud) { begin(baud, SERIAL_8N1); }
          ^~~~~
/home/ec2-user/arduino-testlib/cli-datadir/data/packages/arduino/hardware/avr/1.8.4/cores/arduino/HardwareSerial.h:121:10: note:   candidate expects 1 argument, 4 provided
/home/ec2-user/arduino-testlib/cli-datadir/data/packages/arduino/hardware/avr/1.8.4/cores/arduino/HardwareSerial.h:122:10: note: candidate: void HardwareSerial::begin(long unsigned int, uint8_t)
     void begin(unsigned long, uint8_t);
          ^~~~~
/home/ec2-user/arduino-testlib/cli-datadir/data/packages/arduino/hardware/avr/1.8.4/cores/arduino/HardwareSerial.h:122:10: note:   candidate expects 2 arguments, 4 provided
/home/ec2-user/arduino-testlib/cli-datadir/user/libraries/SparkFun_DMX_Shield_Library/src/SparkFunDMX.cpp:121:5: error: &#39;pinMatrixOutDetach&#39; was not declared in this scope
     pinMatrixOutDetach(txPin, false, false); //Detach our
     ^~~~~~~~~~~~~~~~~~
/home/ec2-user/arduino-testlib/cli-datadir/user/libraries/SparkFun_DMX_Shield_Library/src/SparkFunDMX.cpp:127:31: error: &#39;U2TXD_OUT_IDX&#39; was not declared in this scope
     pinMatrixOutAttach(txPin, U2TXD_OUT_IDX, false, false);
                               ^~~~~~~~~~~~~
/home/ec2-user/arduino-testlib/cli-datadir/user/libraries/SparkFun_DMX_Shield_Library/src/SparkFunDMX.cpp:127:5: error: &#39;pinMatrixOutAttach&#39; was not declared in this scope
     pinMatrixOutAttach(txPin, U2TXD_OUT_IDX, false, false);
     ^~~~~~~~~~~~~~~~~~
/home/ec2-user/arduino-testlib/cli-datadir/user/libraries/SparkFun_DMX_Shield_Library/src/SparkFunDMX.cpp:144:27: error: &#39;timerMux&#39; was not declared in this scope
       portENTER_CRITICAL(&amp;timerMux);
                           ^~~~~~~~
/home/ec2-user/arduino-testlib/cli-datadir/user/libraries/SparkFun_DMX_Shield_Library/src/SparkFunDMX.cpp:144:7: error: &#39;portENTER_CRITICAL&#39; was not declared in this scope
       portENTER_CRITICAL(&amp;timerMux);
       ^~~~~~~~~~~~~~~~~~
/home/ec2-user/arduino-testlib/cli-datadir/user/libraries/SparkFun_DMX_Shield_Library/src/SparkFunDMX.cpp:148:7: error: &#39;portEXIT_CRITICAL&#39; was not declared in this scope
       portEXIT_CRITICAL(&amp;timerMux);
       ^~~~~~~~~~~~~~~~~

</pre>

					
					<h4>examples/Example1-DMXOutput</h4>
					<p>
						Result: <b>FAIL</b>
					</p>
					<pre class="pre-scrollable">/home/ec2-user/arduino-testlib/cli-datadir/user/libraries/SparkFun_DMX_Shield_Library/src/SparkFunDMX.cpp:37:27: error: no matching function for call to &#39;HardwareSerial::HardwareSerial(int)&#39;
 HardwareSerial DMXSerial(2);
                           ^
In file included from /home/ec2-user/arduino-testlib/cli-datadir/data/packages/arduino/hardware/avr/1.8.4/cores/arduino/Arduino.h:233:0,
                 from /home/ec2-user/arduino-testlib/cli-datadir/user/libraries/SparkFun_DMX_Shield_Library/src/SparkFunDMX.cpp:17:
/home/ec2-user/arduino-testlib/cli-datadir/data/packages/arduino/hardware/avr/1.8.4/cores/arduino/HardwareSerial.h:117:12: note: candidate: HardwareSerial::HardwareSerial(volatile uint8_t*, volatile uint8_t*, volatile uint8_t*, volatile uint8_t*, volatile uint8_t*, volatile uint8_t*)
     inline HardwareSerial(
            ^~~~~~~~~~~~~~
/home/ec2-user/arduino-testlib/cli-datadir/data/packages/arduino/hardware/avr/1.8.4/cores/arduino/HardwareSerial.h:117:12: note:   candidate expects 6 arguments, 1 provided
/home/ec2-user/arduino-testlib/cli-datadir/data/packages/arduino/hardware/avr/1.8.4/cores/arduino/HardwareSerial.h:93:7: note: candidate: constexpr HardwareSerial::HardwareSerial(const HardwareSerial&amp;)
 class HardwareSerial : public Stream
       ^~~~~~~~~~~~~~
/home/ec2-user/arduino-testlib/cli-datadir/data/packages/arduino/hardware/avr/1.8.4/cores/arduino/HardwareSerial.h:93:7: note:   no known conversion for argument 1 from &#39;int&#39; to &#39;const HardwareSerial&amp;&#39;
/home/ec2-user/arduino-testlib/cli-datadir/data/packages/arduino/hardware/avr/1.8.4/cores/arduino/HardwareSerial.h:93:7: note: candidate: constexpr HardwareSerial::HardwareSerial(HardwareSerial&amp;&amp;)
/home/ec2-user/arduino-testlib/cli-datadir/data/packages/arduino/hardware/avr/1.8.4/cores/arduino/HardwareSerial.h:93:7: note:   no known conversion for argument 1 from &#39;int&#39; to &#39;HardwareSerial&amp;&amp;&#39;
/home/ec2-user/arduino-testlib/cli-datadir/user/libraries/SparkFun_DMX_Shield_Library/src/SparkFunDMX.cpp:40:1: error: &#39;hw_timer_t&#39; does not name a type; did you mean &#39;__size_t&#39;?
 hw_timer_t * timer = NULL;
 ^~~~~~~~~~
 __size_t
/home/ec2-user/arduino-testlib/cli-datadir/user/libraries/SparkFun_DMX_Shield_Library/src/SparkFunDMX.cpp:41:1: error: &#39;portMUX_TYPE&#39; does not name a type
 portMUX_TYPE timerMux = portMUX_INITIALIZER_UNLOCKED;
 ^~~~~~~~~~~~
/home/ec2-user/arduino-testlib/cli-datadir/user/libraries/SparkFun_DMX_Shield_Library/src/SparkFunDMX.cpp:49:16: error: expected initializer before &#39;onTimer&#39;
 void IRAM_ATTR onTimer() {
                ^~~~~~~
/home/ec2-user/arduino-testlib/cli-datadir/user/libraries/SparkFun_DMX_Shield_Library/src/SparkFunDMX.cpp: In member function &#39;void SparkFunDMX::initRead(int)&#39;:
/home/ec2-user/arduino-testlib/cli-datadir/user/libraries/SparkFun_DMX_Shield_Library/src/SparkFunDMX.cpp:70:3: error: &#39;timer&#39; was not declared in this scope
   timer = timerBegin(0, 1, true);
   ^~~~~
/home/ec2-user/arduino-testlib/cli-datadir/user/libraries/SparkFun_DMX_Shield_Library/src/SparkFunDMX.cpp:70:11: error: &#39;timerBegin&#39; was not declared in this scope
   timer = timerBegin(0, 1, true);
           ^~~~~~~~~~
/home/ec2-user/arduino-testlib/cli-datadir/user/libraries/SparkFun_DMX_Shield_Library/src/SparkFunDMX.cpp:71:32: error: &#39;onTimer&#39; was not declared in this scope
   timerAttachInterrupt(timer, &amp;onTimer, true);
                                ^~~~~~~
/home/ec2-user/arduino-testlib/cli-datadir/user/libraries/SparkFun_DMX_Shield_Library/src/SparkFunDMX.cpp:71:3: error: &#39;timerAttachInterrupt&#39; was not declared in this scope
   timerAttachInterrupt(timer, &amp;onTimer, true);
   ^~~~~~~~~~~~~~~~~~~~
/home/ec2-user/arduino-testlib/cli-datadir/user/libraries/SparkFun_DMX_Shield_Library/src/SparkFunDMX.cpp:71:3: note: suggested alternative: &#39;detachInterrupt&#39;
   timerAttachInterrupt(timer, &amp;onTimer, true);
   ^~~~~~~~~~~~~~~~~~~~
   detachInterrupt
/home/ec2-user/arduino-testlib/cli-datadir/user/libraries/SparkFun_DMX_Shield_Library/src/SparkFunDMX.cpp:72:3: error: &#39;timerAlarmWrite&#39; was not declared in this scope
   timerAlarmWrite(timer, 320, true);
   ^~~~~~~~~~~~~~~
/home/ec2-user/arduino-testlib/cli-datadir/user/libraries/SparkFun_DMX_Shield_Library/src/SparkFunDMX.cpp:73:3: error: &#39;timerAlarmEnable&#39; was not declared in this scope
   timerAlarmEnable(timer);
   ^~~~~~~~~~~~~~~~
/home/ec2-user/arduino-testlib/cli-datadir/user/libraries/SparkFun_DMX_Shield_Library/src/SparkFunDMX.cpp: In member function &#39;void SparkFunDMX::initWrite(int)&#39;:
/home/ec2-user/arduino-testlib/cli-datadir/user/libraries/SparkFun_DMX_Shield_Library/src/SparkFunDMX.cpp:96:52: error: no matching function for call to &#39;HardwareSerial::begin(long int, int, int&amp;, int&amp;)&#39;
   DMXSerial.begin(DMXSPEED, DMXFORMAT, rxPin, txPin);
                                                    ^
In file included from /home/ec2-user/arduino-testlib/cli-datadir/data/packages/arduino/hardware/avr/1.8.4/cores/arduino/Arduino.h:233:0,
                 from /home/ec2-user/arduino-testlib/cli-datadir/user/libraries/SparkFun_DMX_Shield_Library/src/SparkFunDMX.cpp:17:
/home/ec2-user/arduino-testlib/cli-datadir/data/packages/arduino/hardware/avr/1.8.4/cores/arduino/HardwareSerial.h:121:10: note: candidate: void HardwareSerial::begin(long unsigned int)
     void begin(unsigned long baud) { begin(baud, SERIAL_8N1); }
          ^~~~~
/home/ec2-user/arduino-testlib/cli-datadir/data/packages/arduino/hardware/avr/1.8.4/cores/arduino/HardwareSerial.h:121:10: note:   candidate expects 1 argument, 4 provided
/home/ec2-user/arduino-testlib/cli-datadir/data/packages/arduino/hardware/avr/1.8.4/cores/arduino/HardwareSerial.h:122:10: note: candidate: void HardwareSerial::begin(long unsigned int, uint8_t)
     void begin(unsigned long, uint8_t);
          ^~~~~
/home/ec2-user/arduino-testlib/cli-datadir/data/packages/arduino/hardware/avr/1.8.4/cores/arduino/HardwareSerial.h:122:10: note:   candidate expects 2 arguments, 4 provided
/home/ec2-user/arduino-testlib/cli-datadir/user/libraries/SparkFun_DMX_Shield_Library/src/SparkFunDMX.cpp: In member function &#39;void SparkFunDMX::update()&#39;:
/home/ec2-user/arduino-testlib/cli-datadir/user/libraries/SparkFun_DMX_Shield_Library/src/SparkFunDMX.cpp:120:51: error: no matching function for call to &#39;HardwareSerial::begin(long int, int, int&amp;, int&amp;)&#39;
  DMXSerial.begin(DMXSPEED, DMXFORMAT, rxPin, txPin);//Begin the Serial port
                                                   ^
In file included from /home/ec2-user/arduino-testlib/cli-datadir/data/packages/arduino/hardware/avr/1.8.4/cores/arduino/Arduino.h:233:0,
                 from /home/ec2-user/arduino-testlib/cli-datadir/user/libraries/SparkFun_DMX_Shield_Library/src/SparkFunDMX.cpp:17:
/home/ec2-user/arduino-testlib/cli-datadir/data/packages/arduino/hardware/avr/1.8.4/cores/arduino/HardwareSerial.h:121:10: note: candidate: void HardwareSerial::begin(long unsigned int)
     void begin(unsigned long baud) { begin(baud, SERIAL_8N1); }
          ^~~~~
/home/ec2-user/arduino-testlib/cli-datadir/data/packages/arduino/hardware/avr/1.8.4/cores/arduino/HardwareSerial.h:121:10: note:   candidate expects 1 argument, 4 provided
/home/ec2-user/arduino-testlib/cli-datadir/data/packages/arduino/hardware/avr/1.8.4/cores/arduino/HardwareSerial.h:122:10: note: candidate: void HardwareSerial::begin(long unsigned int, uint8_t)
     void begin(unsigned long, uint8_t);
          ^~~~~
/home/ec2-user/arduino-testlib/cli-datadir/data/packages/arduino/hardware/avr/1.8.4/cores/arduino/HardwareSerial.h:122:10: note:   candidate expects 2 arguments, 4 provided
/home/ec2-user/arduino-testlib/cli-datadir/user/libraries/SparkFun_DMX_Shield_Library/src/SparkFunDMX.cpp:121:5: error: &#39;pinMatrixOutDetach&#39; was not declared in this scope
     pinMatrixOutDetach(txPin, false, false); //Detach our
     ^~~~~~~~~~~~~~~~~~
/home/ec2-user/arduino-testlib/cli-datadir/user/libraries/SparkFun_DMX_Shield_Library/src/SparkFunDMX.cpp:127:31: error: &#39;U2TXD_OUT_IDX&#39; was not declared in this scope
     pinMatrixOutAttach(txPin, U2TXD_OUT_IDX, false, false);
                               ^~~~~~~~~~~~~
/home/ec2-user/arduino-testlib/cli-datadir/user/libraries/SparkFun_DMX_Shield_Library/src/SparkFunDMX.cpp:127:5: error: &#39;pinMatrixOutAttach&#39; was not declared in this scope
     pinMatrixOutAttach(txPin, U2TXD_OUT_IDX, false, false);
     ^~~~~~~~~~~~~~~~~~
/home/ec2-user/arduino-testlib/cli-datadir/user/libraries/SparkFun_DMX_Shield_Library/src/SparkFunDMX.cpp:144:27: error: &#39;timerMux&#39; was not declared in this scope
       portENTER_CRITICAL(&amp;timerMux);
                           ^~~~~~~~
/home/ec2-user/arduino-testlib/cli-datadir/user/libraries/SparkFun_DMX_Shield_Library/src/SparkFunDMX.cpp:144:7: error: &#39;portENTER_CRITICAL&#39; was not declared in this scope
       portENTER_CRITICAL(&amp;timerMux);
       ^~~~~~~~~~~~~~~~~~
/home/ec2-user/arduino-testlib/cli-datadir/user/libraries/SparkFun_DMX_Shield_Library/src/SparkFunDMX.cpp:148:7: error: &#39;portEXIT_CRITICAL&#39; was not declared in this scope
       portEXIT_CRITICAL(&amp;timerMux);
       ^~~~~~~~~~~~~~~~~

</pre>
					
					<h4>examples/Example2-DMXInput</h4>
					<p>
						Result: <b>FAIL</b>
					</p>
					<pre class="pre-scrollable">In file included from /home/ec2-user/arduino-testlib/cli-datadir/user/libraries/ESP32Servo/src/ESP32Servo.h:67:0,
                 from /home/ec2-user/arduino-testlib/cli-datadir/user/libraries/SparkFun_DMX_Shield_Library/examples/Example2-DMXInput/Example2-DMXInput.ino:18:
/home/ec2-user/arduino-testlib/cli-datadir/user/libraries/ESP32Servo/src/analogWrite.h:3:10: fatal error: cstdint: No such file or directory
 #include &lt;cstdint&gt;
          ^~~~~~~~~
compilation terminated.

</pre>
					
					<h4>examples/Example3-MovingHead</h4>
					<p>
						Result: <b>FAIL</b>
					</p>
					<pre class="pre-scrollable">In file included from /home/ec2-user/arduino-testlib/cli-datadir/user/libraries/SparkFun_DMX_Shield_Library/examples/Example3-MovingHead/Example3-MovingHead.ino:18:0:
/home/ec2-user/arduino-testlib/cli-datadir/user/libraries/ArtnetWifi/src/ArtnetWifi.h:31:10: fatal error: functional: No such file or directory
 #include &lt;functional&gt;
          ^~~~~~~~~~~~
compilation terminated.
Multiple libraries were found for &#34;WiFi.h&#34;
  Used: /home/ec2-user/arduino-testlib/cli-datadir/user/libraries/WiFi
  Not used: /home/ec2-user/arduino-testlib/cli-datadir/user/libraries/WiFiNINA
  Not used: /home/ec2-user/arduino-testlib/cli-datadir/user/libraries/Seeed_Arduino_rpcWiFi
  Not used: /home/ec2-user/arduino-testlib/cli-datadir/user/libraries/WiFiEspAT
</pre>
					
					<h4>examples/Example4-ArtnetOutput</h4>
					<p>
						Result: <b>FAIL</b>
					</p>
					<pre class="pre-scrollable">In file included from /home/ec2-user/arduino-testlib/cli-datadir/user/libraries/SparkFun_DMX_Shield_Library/examples/Example4-ArtnetOutput/Example4-ArtnetOutput.ino:18:0:
/home/ec2-user/arduino-testlib/cli-datadir/user/libraries/ArtnetWifi/src/ArtnetWifi.h:31:10: fatal error: functional: No such file or directory
 #include &lt;functional&gt;
          ^~~~~~~~~~~~
compilation terminated.
Multiple libraries were found for &#34;WiFi.h&#34;
  Used: /home/ec2-user/arduino-testlib/cli-datadir/user/libraries/WiFi
  Not used: /home/ec2-user/arduino-testlib/cli-datadir/user/libraries/WiFiNINA
  Not used: /home/ec2-user/arduino-testlib/cli-datadir/user/libraries/WiFiEspAT
  Not used: /home/ec2-user/arduino-testlib/cli-datadir/user/libraries/Seeed_Arduino_rpcWiFi
</pre>
					
				
				<h3 id="arduino:mbed_nano:nanorp2040connect">arduino:mbed_nano:nanorp2040connect @ 2.7.2</h3>
				<h4>Inclusion</h4>
				<p>
					Result: <b>FAIL</b>
					
				</p>
				<pre class="pre-scrollable">/home/ec2-user/arduino-testlib/cli-datadir/user/libraries/SparkFun_DMX_Shield_Library/src/SparkFunDMX.cpp:37:27: error: no matching function for call to &#39;arduino::HardwareSerial::HardwareSerial(int)&#39;
 HardwareSerial DMXSerial(2);
                           ^
In file included from /home/ec2-user/arduino-testlib/cli-datadir/data/packages/arduino/hardware/mbed_nano/2.7.2/cores/arduino/Serial.h:25:0,
                 from /home/ec2-user/arduino-testlib/cli-datadir/data/packages/arduino/hardware/mbed_nano/2.7.2/cores/arduino/Arduino.h:102,
                 from /home/ec2-user/arduino-testlib/cli-datadir/user/libraries/SparkFun_DMX_Shield_Library/src/SparkFunDMX.cpp:17:
/home/ec2-user/arduino-testlib/cli-datadir/data/packages/arduino/hardware/mbed_nano/2.7.2/cores/arduino/api/HardwareSerial.h:87:7: note: candidate: arduino::HardwareSerial::HardwareSerial()
 class HardwareSerial : public Stream
       ^~~~~~~~~~~~~~
/home/ec2-user/arduino-testlib/cli-datadir/data/packages/arduino/hardware/mbed_nano/2.7.2/cores/arduino/api/HardwareSerial.h:87:7: note:   candidate expects 0 arguments, 1 provided
/home/ec2-user/arduino-testlib/cli-datadir/data/packages/arduino/hardware/mbed_nano/2.7.2/cores/arduino/api/HardwareSerial.h:87:7: note: candidate: constexpr arduino::HardwareSerial::HardwareSerial(const arduino::HardwareSerial&amp;)
/home/ec2-user/arduino-testlib/cli-datadir/data/packages/arduino/hardware/mbed_nano/2.7.2/cores/arduino/api/HardwareSerial.h:87:7: note:   no known conversion for argument 1 from &#39;int&#39; to &#39;const arduino::HardwareSerial&amp;&#39;
/home/ec2-user/arduino-testlib/cli-datadir/data/packages/arduino/hardware/mbed_nano/2.7.2/cores/arduino/api/HardwareSerial.h:87:7: note: candidate: constexpr arduino::HardwareSerial::HardwareSerial(arduino::HardwareSerial&amp;&amp;)
/home/ec2-user/arduino-testlib/cli-datadir/data/packages/arduino/hardware/mbed_nano/2.7.2/cores/arduino/api/HardwareSerial.h:87:7: note:   no known conversion for argument 1 from &#39;int&#39; to &#39;arduino::HardwareSerial&amp;&amp;&#39;
/home/ec2-user/arduino-testlib/cli-datadir/user/libraries/SparkFun_DMX_Shield_Library/src/SparkFunDMX.cpp:37:16: error: cannot declare variable &#39;DMXSerial&#39; to be of abstract type &#39;arduino::HardwareSerial&#39;
 HardwareSerial DMXSerial(2);
                ^~~~~~~~~
In file included from /home/ec2-user/arduino-testlib/cli-datadir/data/packages/arduino/hardware/mbed_nano/2.7.2/cores/arduino/Serial.h:25:0,
                 from /home/ec2-user/arduino-testlib/cli-datadir/data/packages/arduino/hardware/mbed_nano/2.7.2/cores/arduino/Arduino.h:102,
                 from /home/ec2-user/arduino-testlib/cli-datadir/user/libraries/SparkFun_DMX_Shield_Library/src/SparkFunDMX.cpp:17:
/home/ec2-user/arduino-testlib/cli-datadir/data/packages/arduino/hardware/mbed_nano/2.7.2/cores/arduino/api/HardwareSerial.h:87:7: note:   because the following virtual functions are pure within &#39;arduino::HardwareSerial&#39;:
 class HardwareSerial : public Stream
       ^~~~~~~~~~~~~~
/home/ec2-user/arduino-testlib/cli-datadir/data/packages/arduino/hardware/mbed_nano/2.7.2/cores/arduino/api/HardwareSerial.h:97:20: note: 	virtual size_t arduino::HardwareSerial::write(uint8_t)
     virtual size_t write(uint8_t) = 0;
                    ^~~~~
/home/ec2-user/arduino-testlib/cli-datadir/data/packages/arduino/hardware/mbed_nano/2.7.2/cores/arduino/api/HardwareSerial.h:96:18: note: 	virtual void arduino::HardwareSerial::flush()
     virtual void flush(void) = 0;
                  ^~~~~
/home/ec2-user/arduino-testlib/cli-datadir/data/packages/arduino/hardware/mbed_nano/2.7.2/cores/arduino/api/HardwareSerial.h:93:17: note: 	virtual int arduino::HardwareSerial::available()
     virtual int available(void) = 0;
                 ^~~~~~~~~
/home/ec2-user/arduino-testlib/cli-datadir/data/packages/arduino/hardware/mbed_nano/2.7.2/cores/arduino/api/HardwareSerial.h:95:17: note: 	virtual int arduino::HardwareSerial::read()
     virtual int read(void) = 0;
                 ^~~~
/home/ec2-user/arduino-testlib/cli-datadir/data/packages/arduino/hardware/mbed_nano/2.7.2/cores/arduino/api/HardwareSerial.h:94:17: note: 	virtual int arduino::HardwareSerial::peek()
     virtual int peek(void) = 0;
                 ^~~~
/home/ec2-user/arduino-testlib/cli-datadir/data/packages/arduino/hardware/mbed_nano/2.7.2/cores/arduino/api/HardwareSerial.h:90:18: note: 	virtual void arduino::HardwareSerial::begin(long unsigned int)
     virtual void begin(unsigned long) = 0;
                  ^~~~~
/home/ec2-user/arduino-testlib/cli-datadir/data/packages/arduino/hardware/mbed_nano/2.7.2/cores/arduino/api/HardwareSerial.h:91:18: note: 	virtual void arduino::HardwareSerial::begin(long unsigned int, uint16_t)
     virtual void begin(unsigned long baudrate, uint16_t config) = 0;
                  ^~~~~
/home/ec2-user/arduino-testlib/cli-datadir/data/packages/arduino/hardware/mbed_nano/2.7.2/cores/arduino/api/HardwareSerial.h:92:18: note: 	virtual void arduino::HardwareSerial::end()
     virtual void end() = 0;
                  ^~~
/home/ec2-user/arduino-testlib/cli-datadir/data/packages/arduino/hardware/mbed_nano/2.7.2/cores/arduino/api/HardwareSerial.h:99:13: note: 	virtual arduino::HardwareSerial::operator bool()
     virtual operator bool() = 0;
             ^~~~~~~~
/home/ec2-user/arduino-testlib/cli-datadir/user/libraries/SparkFun_DMX_Shield_Library/src/SparkFunDMX.cpp:40:1: error: &#39;hw_timer_t&#39; does not name a type; did you mean &#39;__timer_t&#39;?
 hw_timer_t * timer = NULL;
 ^~~~~~~~~~
 __timer_t
/home/ec2-user/arduino-testlib/cli-datadir/user/libraries/SparkFun_DMX_Shield_Library/src/SparkFunDMX.cpp:41:1: error: &#39;portMUX_TYPE&#39; does not name a type
 portMUX_TYPE timerMux = portMUX_INITIALIZER_UNLOCKED;
 ^~~~~~~~~~~~
/home/ec2-user/arduino-testlib/cli-datadir/user/libraries/SparkFun_DMX_Shield_Library/src/SparkFunDMX.cpp:49:16: error: expected initializer before &#39;onTimer&#39;
 void IRAM_ATTR onTimer() {
                ^~~~~~~
/home/ec2-user/arduino-testlib/cli-datadir/user/libraries/SparkFun_DMX_Shield_Library/src/SparkFunDMX.cpp: In member function &#39;void SparkFunDMX::initRead(int)&#39;:
/home/ec2-user/arduino-testlib/cli-datadir/user/libraries/SparkFun_DMX_Shield_Library/src/SparkFunDMX.cpp:70:3: error: &#39;timer&#39; was not declared in this scope
   timer = timerBegin(0, 1, true);
   ^~~~~
/home/ec2-user/arduino-testlib/cli-datadir/user/libraries/SparkFun_DMX_Shield_Library/src/SparkFunDMX.cpp:70:3: note: suggested alternative: &#39;time&#39;
   timer = timerBegin(0, 1, true);
   ^~~~~
   time
/home/ec2-user/arduino-testlib/cli-datadir/user/libraries/SparkFun_DMX_Shield_Library/src/SparkFunDMX.cpp:70:11: error: &#39;timerBegin&#39; was not declared in this scope
   timer = timerBegin(0, 1, true);
           ^~~~~~~~~~
/home/ec2-user/arduino-testlib/cli-datadir/user/libraries/SparkFun_DMX_Shield_Library/src/SparkFunDMX.cpp:70:11: note: suggested alternative: &#39;timer_hw_t&#39;
   timer = timerBegin(0, 1, true);
           ^~~~~~~~~~
           timer_hw_t
/home/ec2-user/arduino-testlib/cli-datadir/user/libraries/SparkFun_DMX_Shield_Library/src/SparkFunDMX.cpp:71:32: error: &#39;onTimer&#39; was not declared in this scope
   timerAttachInterrupt(timer, &amp;onTimer, true);
                                ^~~~~~~
/home/ec2-user/arduino-testlib/cli-datadir/user/libraries/SparkFun_DMX_Shield_Library/src/SparkFunDMX.cpp:71:32: note: suggested alternative: &#39;getTimer&#39;
   timerAttachInterrupt(timer, &amp;onTimer, true);
                                ^~~~~~~
                                getTimer
/home/ec2-user/arduino-testlib/cli-datadir/user/libraries/SparkFun_DMX_Shield_Library/src/SparkFunDMX.cpp:71:3: error: &#39;timerAttachInterrupt&#39; was not declared in this scope
   timerAttachInterrupt(timer, &amp;onTimer, true);
   ^~~~~~~~~~~~~~~~~~~~
/home/ec2-user/arduino-testlib/cli-datadir/user/libraries/SparkFun_DMX_Shield_Library/src/SparkFunDMX.cpp:71:3: note: suggested alternative: &#39;detachInterrupt&#39;
   timerAttachInterrupt(timer, &amp;onTimer, true);
   ^~~~~~~~~~~~~~~~~~~~
   detachInterrupt
/home/ec2-user/arduino-testlib/cli-datadir/user/libraries/SparkFun_DMX_Shield_Library/src/SparkFunDMX.cpp:72:3: error: &#39;timerAlarmWrite&#39; was not declared in this scope
   timerAlarmWrite(timer, 320, true);
   ^~~~~~~~~~~~~~~
/home/ec2-user/arduino-testlib/cli-datadir/user/libraries/SparkFun_DMX_Shield_Library/src/SparkFunDMX.cpp:73:3: error: &#39;timerAlarmEnable&#39; was not declared in this scope
   timerAlarmEnable(timer);
   ^~~~~~~~~~~~~~~~
/home/ec2-user/arduino-testlib/cli-datadir/user/libraries/SparkFun_DMX_Shield_Library/src/SparkFunDMX.cpp: In member function &#39;void SparkFunDMX::initWrite(int)&#39;:
/home/ec2-user/arduino-testlib/cli-datadir/user/libraries/SparkFun_DMX_Shield_Library/src/SparkFunDMX.cpp:96:52: error: no matching function for call to &#39;arduino::HardwareSerial::begin(int, long unsigned int, int&amp;, int&amp;)&#39;
   DMXSerial.begin(DMXSPEED, DMXFORMAT, rxPin, txPin);
                                                    ^
In file included from /home/ec2-user/arduino-testlib/cli-datadir/data/packages/arduino/hardware/mbed_nano/2.7.2/cores/arduino/Serial.h:25:0,
                 from /home/ec2-user/arduino-testlib/cli-datadir/data/packages/arduino/hardware/mbed_nano/2.7.2/cores/arduino/Arduino.h:102,
                 from /home/ec2-user/arduino-testlib/cli-datadir/user/libraries/SparkFun_DMX_Shield_Library/src/SparkFunDMX.cpp:17:
/home/ec2-user/arduino-testlib/cli-datadir/data/packages/arduino/hardware/mbed_nano/2.7.2/cores/arduino/api/HardwareSerial.h:90:18: note: candidate: virtual void arduino::HardwareSerial::begin(long unsigned int)
     virtual void begin(unsigned long) = 0;
                  ^~~~~
/home/ec2-user/arduino-testlib/cli-datadir/data/packages/arduino/hardware/mbed_nano/2.7.2/cores/arduino/api/HardwareSerial.h:90:18: note:   candidate expects 1 argument, 4 provided
/home/ec2-user/arduino-testlib/cli-datadir/data/packages/arduino/hardware/mbed_nano/2.7.2/cores/arduino/api/HardwareSerial.h:91:18: note: candidate: virtual void arduino::HardwareSerial::begin(long unsigned int, uint16_t)
     virtual void b</pre>

					
					<h4>examples/Example1-DMXOutput</h4>
					<p>
						Result: <b>FAIL</b>
					</p>
					<pre class="pre-scrollable">/home/ec2-user/arduino-testlib/cli-datadir/user/libraries/SparkFun_DMX_Shield_Library/src/SparkFunDMX.cpp:37:27: error: no matching function for call to &#39;arduino::HardwareSerial::HardwareSerial(int)&#39;
 HardwareSerial DMXSerial(2);
                           ^
In file included from /home/ec2-user/arduino-testlib/cli-datadir/data/packages/arduino/hardware/mbed_nano/2.7.2/cores/arduino/Serial.h:25:0,
                 from /home/ec2-user/arduino-testlib/cli-datadir/data/packages/arduino/hardware/mbed_nano/2.7.2/cores/arduino/Arduino.h:102,
                 from /home/ec2-user/arduino-testlib/cli-datadir/user/libraries/SparkFun_DMX_Shield_Library/src/SparkFunDMX.cpp:17:
/home/ec2-user/arduino-testlib/cli-datadir/data/packages/arduino/hardware/mbed_nano/2.7.2/cores/arduino/api/HardwareSerial.h:87:7: note: candidate: arduino::HardwareSerial::HardwareSerial()
 class HardwareSerial : public Stream
       ^~~~~~~~~~~~~~
/home/ec2-user/arduino-testlib/cli-datadir/data/packages/arduino/hardware/mbed_nano/2.7.2/cores/arduino/api/HardwareSerial.h:87:7: note:   candidate expects 0 arguments, 1 provided
/home/ec2-user/arduino-testlib/cli-datadir/data/packages/arduino/hardware/mbed_nano/2.7.2/cores/arduino/api/HardwareSerial.h:87:7: note: candidate: constexpr arduino::HardwareSerial::HardwareSerial(const arduino::HardwareSerial&amp;)
/home/ec2-user/arduino-testlib/cli-datadir/data/packages/arduino/hardware/mbed_nano/2.7.2/cores/arduino/api/HardwareSerial.h:87:7: note:   no known conversion for argument 1 from &#39;int&#39; to &#39;const arduino::HardwareSerial&amp;&#39;
/home/ec2-user/arduino-testlib/cli-datadir/data/packages/arduino/hardware/mbed_nano/2.7.2/cores/arduino/api/HardwareSerial.h:87:7: note: candidate: constexpr arduino::HardwareSerial::HardwareSerial(arduino::HardwareSerial&amp;&amp;)
/home/ec2-user/arduino-testlib/cli-datadir/data/packages/arduino/hardware/mbed_nano/2.7.2/cores/arduino/api/HardwareSerial.h:87:7: note:   no known conversion for argument 1 from &#39;int&#39; to &#39;arduino::HardwareSerial&amp;&amp;&#39;
/home/ec2-user/arduino-testlib/cli-datadir/user/libraries/SparkFun_DMX_Shield_Library/src/SparkFunDMX.cpp:37:16: error: cannot declare variable &#39;DMXSerial&#39; to be of abstract type &#39;arduino::HardwareSerial&#39;
 HardwareSerial DMXSerial(2);
                ^~~~~~~~~
In file included from /home/ec2-user/arduino-testlib/cli-datadir/data/packages/arduino/hardware/mbed_nano/2.7.2/cores/arduino/Serial.h:25:0,
                 from /home/ec2-user/arduino-testlib/cli-datadir/data/packages/arduino/hardware/mbed_nano/2.7.2/cores/arduino/Arduino.h:102,
                 from /home/ec2-user/arduino-testlib/cli-datadir/user/libraries/SparkFun_DMX_Shield_Library/src/SparkFunDMX.cpp:17:
/home/ec2-user/arduino-testlib/cli-datadir/data/packages/arduino/hardware/mbed_nano/2.7.2/cores/arduino/api/HardwareSerial.h:87:7: note:   because the following virtual functions are pure within &#39;arduino::HardwareSerial&#39;:
 class HardwareSerial : public Stream
       ^~~~~~~~~~~~~~
/home/ec2-user/arduino-testlib/cli-datadir/data/packages/arduino/hardware/mbed_nano/2.7.2/cores/arduino/api/HardwareSerial.h:97:20: note: 	virtual size_t arduino::HardwareSerial::write(uint8_t)
     virtual size_t write(uint8_t) = 0;
                    ^~~~~
/home/ec2-user/arduino-testlib/cli-datadir/data/packages/arduino/hardware/mbed_nano/2.7.2/cores/arduino/api/HardwareSerial.h:96:18: note: 	virtual void arduino::HardwareSerial::flush()
     virtual void flush(void) = 0;
                  ^~~~~
/home/ec2-user/arduino-testlib/cli-datadir/data/packages/arduino/hardware/mbed_nano/2.7.2/cores/arduino/api/HardwareSerial.h:93:17: note: 	virtual int arduino::HardwareSerial::available()
     virtual int available(void) = 0;
                 ^~~~~~~~~
/home/ec2-user/arduino-testlib/cli-datadir/data/packages/arduino/hardware/mbed_nano/2.7.2/cores/arduino/api/HardwareSerial.h:95:17: note: 	virtual int arduino::HardwareSerial::read()
     virtual int read(void) = 0;
                 ^~~~
/home/ec2-user/arduino-testlib/cli-datadir/data/packages/arduino/hardware/mbed_nano/2.7.2/cores/arduino/api/HardwareSerial.h:94:17: note: 	virtual int arduino::HardwareSerial::peek()
     virtual int peek(void) = 0;
                 ^~~~
/home/ec2-user/arduino-testlib/cli-datadir/data/packages/arduino/hardware/mbed_nano/2.7.2/cores/arduino/api/HardwareSerial.h:90:18: note: 	virtual void arduino::HardwareSerial::begin(long unsigned int)
     virtual void begin(unsigned long) = 0;
                  ^~~~~
/home/ec2-user/arduino-testlib/cli-datadir/data/packages/arduino/hardware/mbed_nano/2.7.2/cores/arduino/api/HardwareSerial.h:91:18: note: 	virtual void arduino::HardwareSerial::begin(long unsigned int, uint16_t)
     virtual void begin(unsigned long baudrate, uint16_t config) = 0;
                  ^~~~~
/home/ec2-user/arduino-testlib/cli-datadir/data/packages/arduino/hardware/mbed_nano/2.7.2/cores/arduino/api/HardwareSerial.h:92:18: note: 	virtual void arduino::HardwareSerial::end()
     virtual void end() = 0;
                  ^~~
/home/ec2-user/arduino-testlib/cli-datadir/data/packages/arduino/hardware/mbed_nano/2.7.2/cores/arduino/api/HardwareSerial.h:99:13: note: 	virtual arduino::HardwareSerial::operator bool()
     virtual operator bool() = 0;
             ^~~~~~~~
/home/ec2-user/arduino-testlib/cli-datadir/user/libraries/SparkFun_DMX_Shield_Library/src/SparkFunDMX.cpp:40:1: error: &#39;hw_timer_t&#39; does not name a type; did you mean &#39;__timer_t&#39;?
 hw_timer_t * timer = NULL;
 ^~~~~~~~~~
 __timer_t
/home/ec2-user/arduino-testlib/cli-datadir/user/libraries/SparkFun_DMX_Shield_Library/src/SparkFunDMX.cpp:41:1: error: &#39;portMUX_TYPE&#39; does not name a type
 portMUX_TYPE timerMux = portMUX_INITIALIZER_UNLOCKED;
 ^~~~~~~~~~~~
/home/ec2-user/arduino-testlib/cli-datadir/user/libraries/SparkFun_DMX_Shield_Library/src/SparkFunDMX.cpp:49:16: error: expected initializer before &#39;onTimer&#39;
 void IRAM_ATTR onTimer() {
                ^~~~~~~
/home/ec2-user/arduino-testlib/cli-datadir/user/libraries/SparkFun_DMX_Shield_Library/src/SparkFunDMX.cpp: In member function &#39;void SparkFunDMX::initRead(int)&#39;:
/home/ec2-user/arduino-testlib/cli-datadir/user/libraries/SparkFun_DMX_Shield_Library/src/SparkFunDMX.cpp:70:3: error: &#39;timer&#39; was not declared in this scope
   timer = timerBegin(0, 1, true);
   ^~~~~
/home/ec2-user/arduino-testlib/cli-datadir/user/libraries/SparkFun_DMX_Shield_Library/src/SparkFunDMX.cpp:70:3: note: suggested alternative: &#39;time&#39;
   timer = timerBegin(0, 1, true);
   ^~~~~
   time
/home/ec2-user/arduino-testlib/cli-datadir/user/libraries/SparkFun_DMX_Shield_Library/src/SparkFunDMX.cpp:70:11: error: &#39;timerBegin&#39; was not declared in this scope
   timer = timerBegin(0, 1, true);
           ^~~~~~~~~~
/home/ec2-user/arduino-testlib/cli-datadir/user/libraries/SparkFun_DMX_Shield_Library/src/SparkFunDMX.cpp:70:11: note: suggested alternative: &#39;timer_hw_t&#39;
   timer = timerBegin(0, 1, true);
           ^~~~~~~~~~
           timer_hw_t
/home/ec2-user/arduino-testlib/cli-datadir/user/libraries/SparkFun_DMX_Shield_Library/src/SparkFunDMX.cpp:71:32: error: &#39;onTimer&#39; was not declared in this scope
   timerAttachInterrupt(timer, &amp;onTimer, true);
                                ^~~~~~~
/home/ec2-user/arduino-testlib/cli-datadir/user/libraries/SparkFun_DMX_Shield_Library/src/SparkFunDMX.cpp:71:32: note: suggested alternative: &#39;getTimer&#39;
   timerAttachInterrupt(timer, &amp;onTimer, true);
                                ^~~~~~~
                                getTimer
/home/ec2-user/arduino-testlib/cli-datadir/user/libraries/SparkFun_DMX_Shield_Library/src/SparkFunDMX.cpp:71:3: error: &#39;timerAttachInterrupt&#39; was not declared in this scope
   timerAttachInterrupt(timer, &amp;onTimer, true);
   ^~~~~~~~~~~~~~~~~~~~
/home/ec2-user/arduino-testlib/cli-datadir/user/libraries/SparkFun_DMX_Shield_Library/src/SparkFunDMX.cpp:71:3: note: suggested alternative: &#39;detachInterrupt&#39;
   timerAttachInterrupt(timer, &amp;onTimer, true);
   ^~~~~~~~~~~~~~~~~~~~
   detachInterrupt
/home/ec2-user/arduino-testlib/cli-datadir/user/libraries/SparkFun_DMX_Shield_Library/src/SparkFunDMX.cpp:72:3: error: &#39;timerAlarmWrite&#39; was not declared in this scope
   timerAlarmWrite(timer, 320, true);
   ^~~~~~~~~~~~~~~
/home/ec2-user/arduino-testlib/cli-datadir/user/libraries/SparkFun_DMX_Shield_Library/src/SparkFunDMX.cpp:73:3: error: &#39;timerAlarmEnable&#39; was not declared in this scope
   timerAlarmEnable(timer);
   ^~~~~~~~~~~~~~~~
/home/ec2-user/arduino-testlib/cli-datadir/user/libraries/SparkFun_DMX_Shield_Library/src/SparkFunDMX.cpp: In member function &#39;void SparkFunDMX::initWrite(int)&#39;:
/home/ec2-user/arduino-testlib/cli-datadir/user/libraries/SparkFun_DMX_Shield_Library/src/SparkFunDMX.cpp:96:52: error: no matching function for call to &#39;arduino::HardwareSerial::begin(int, long unsigned int, int&amp;, int&amp;)&#39;
   DMXSerial.begin(DMXSPEED, DMXFORMAT, rxPin, txPin);
                                                    ^
In file included from /home/ec2-user/arduino-testlib/cli-datadir/data/packages/arduino/hardware/mbed_nano/2.7.2/cores/arduino/Serial.h:25:0,
                 from /home/ec2-user/arduino-testlib/cli-datadir/data/packages/arduino/hardware/mbed_nano/2.7.2/cores/arduino/Arduino.h:102,
                 from /home/ec2-user/arduino-testlib/cli-datadir/user/libraries/SparkFun_DMX_Shield_Library/src/SparkFunDMX.cpp:17:
/home/ec2-user/arduino-testlib/cli-datadir/data/packages/arduino/hardware/mbed_nano/2.7.2/cores/arduino/api/HardwareSerial.h:90:18: note: candidate: virtual void arduino::HardwareSerial::begin(long unsigned int)
     virtual void begin(unsigned long) = 0;
                  ^~~~~
/home/ec2-user/arduino-testlib/cli-datadir/data/packages/arduino/hardware/mbed_nano/2.7.2/cores/arduino/api/HardwareSerial.h:90:18: note:   candidate expects 1 argument, 4 provided
/home/ec2-user/arduino-testlib/cli-datadir/data/packages/arduino/hardware/mbed_nano/2.7.2/cores/arduino/api/HardwareSerial.h:91:18: note: candidate: virtual void arduino::HardwareSerial::begin(long unsigned int, uint16_t)
     virtual void b</pre>
					
					<h4>examples/Example2-DMXInput</h4>
					<p>
						Result: <b>FAIL</b>
					</p>
					<pre class="pre-scrollable">In file included from /home/ec2-user/arduino-testlib/cli-datadir/user/libraries/FastLED/src/FastLED.h:43:0,
                 from /home/ec2-user/arduino-testlib/cli-datadir/user/libraries/SparkFun_DMX_Shield_Library/examples/Example2-DMXInput/Example2-DMXInput.ino:17:
/home/ec2-user/arduino-testlib/cli-datadir/user/libraries/FastLED/src/led_sysdefs.h:55:2: error: #error &#34;This platform isn&#39;t recognized by FastLED... yet.  See comments in FastLED/led_sysdefs.h for options.&#34;
 #error &#34;This platform isn&#39;t recognized by FastLED... yet.  See comments in FastLED/led_sysdefs.h for options.&#34;
  ^~~~~
In file included from /home/ec2-user/arduino-testlib/cli-datadir/user/libraries/ESP32Servo/src/ESP32Servo.h:67:0,
                 from /home/ec2-user/arduino-testlib/cli-datadir/user/libraries/SparkFun_DMX_Shield_Library/examples/Example2-DMXInput/Example2-DMXInput.ino:18:
/home/ec2-user/arduino-testlib/cli-datadir/user/libraries/ESP32Servo/src/analogWrite.h:4:10: fatal error: esp32-hal-ledc.h: No such file or directory
 #include &lt;esp32-hal-ledc.h&gt;
          ^~~~~~~~~~~~~~~~~~
compilation terminated.

</pre>
					
					<h4>examples/Example3-MovingHead</h4>
					<p>
						Result: <b>FAIL</b>
					</p>
					<pre class="pre-scrollable">In file included from /home/ec2-user/arduino-testlib/cli-datadir/user/libraries/SparkFun_DMX_Shield_Library/examples/Example3-MovingHead/Example3-MovingHead.ino:18:0:
/home/ec2-user/arduino-testlib/cli-datadir/user/libraries/ArtnetWifi/src/ArtnetWifi.h:44:2: error: #error &#34;Architecture not supported!&#34;
 #error &#34;Architecture not supported!&#34;
  ^~~~~
In file included from /home/ec2-user/arduino-testlib/cli-datadir/user/libraries/FastLED/src/FastLED.h:43:0,
                 from /home/ec2-user/arduino-testlib/cli-datadir/user/libraries/SparkFun_DMX_Shield_Library/examples/Example3-MovingHead/Example3-MovingHead.ino:19:
/home/ec2-user/arduino-testlib/cli-datadir/user/libraries/FastLED/src/led_sysdefs.h:55:2: error: #error &#34;This platform isn&#39;t recognized by FastLED... yet.  See comments in FastLED/led_sysdefs.h for options.&#34;
 #error &#34;This platform isn&#39;t recognized by FastLED... yet.  See comments in FastLED/led_sysdefs.h for options.&#34;
  ^~~~~
In file included from /home/ec2-user/arduino-testlib/cli-datadir/user/libraries/ESP32Servo/src/ESP32Servo.h:67:0,
                 from /home/ec2-user/arduino-testlib/cli-datadir/user/libraries/SparkFun_DMX_Shield_Library/examples/Example3-MovingHead/Example3-MovingHead.ino:20:
/home/ec2-user/arduino-testlib/cli-datadir/user/libraries/ESP32Servo/src/analogWrite.h:4:10: fatal error: esp32-hal-ledc.h: No such file or directory
 #include &lt;esp32-hal-ledc.h&gt;
          ^~~~~~~~~~~~~~~~~~
compilation terminated.
Multiple libraries were found for &#34;WiFi.h&#34;
  Used: /home/ec2-user/arduino-testlib/cli-datadir/user/libraries/WiFi
  Not used: /home/ec2-user/arduino-testlib/cli-datadir/user/libraries/Seeed_Arduino_rpcWiFi
  Not used: /home/ec2-user/arduino-testlib/cli-datadir/user/libraries/WiFiNINA
  Not used: /home/ec2-user/arduino-testlib/cli-datadir/user/libraries/WiFiEspAT
</pre>
					
					<h4>examples/Example4-ArtnetOutput</h4>
					<p>
						Result: <b>FAIL</b>
					</p>
					<pre class="pre-scrollable">In file included from /home/ec2-user/arduino-testlib/cli-datadir/user/libraries/SparkFun_DMX_Shield_Library/examples/Example4-ArtnetOutput/Example4-ArtnetOutput.ino:18:0:
/home/ec2-user/arduino-testlib/cli-datadir/user/libraries/ArtnetWifi/src/ArtnetWifi.h:44:2: error: #error &#34;Architecture not supported!&#34;
 #error &#34;Architecture not supported!&#34;
  ^~~~~
In file included from /home/ec2-user/arduino-testlib/cli-datadir/user/libraries/FastLED/src/FastLED.h:43:0,
                 from /home/ec2-user/arduino-testlib/cli-datadir/user/libraries/SparkFun_DMX_Shield_Library/examples/Example4-ArtnetOutput/Example4-ArtnetOutput.ino:19:
/home/ec2-user/arduino-testlib/cli-datadir/user/libraries/FastLED/src/led_sysdefs.h:55:2: error: #error &#34;This platform isn&#39;t recognized by FastLED... yet.  See comments in FastLED/led_sysdefs.h for options.&#34;
 #error &#34;This platform isn&#39;t recognized by FastLED... yet.  See comments in FastLED/led_sysdefs.h for options.&#34;
  ^~~~~
In file included from /home/ec2-user/arduino-testlib/cli-datadir/user/libraries/ESP32Servo/src/ESP32Servo.h:67:0,
                 from /home/ec2-user/arduino-testlib/cli-datadir/user/libraries/SparkFun_DMX_Shield_Library/examples/Example4-ArtnetOutput/Example4-ArtnetOutput.ino:21:
/home/ec2-user/arduino-testlib/cli-datadir/user/libraries/ESP32Servo/src/analogWrite.h:4:10: fatal error: esp32-hal-ledc.h: No such file or directory
 #include &lt;esp32-hal-ledc.h&gt;
          ^~~~~~~~~~~~~~~~~~
compilation terminated.
Multiple libraries were found for &#34;WiFi.h&#34;
  Used: /home/ec2-user/arduino-testlib/cli-datadir/user/libraries/WiFi
  Not used: /home/ec2-user/arduino-testlib/cli-datadir/user/libraries/Seeed_Arduino_rpcWiFi
  Not used: /home/ec2-user/arduino-testlib/cli-datadir/user/libraries/WiFiEspAT
  Not used: /home/ec2-user/arduino-testlib/cli-datadir/user/libraries/WiFiNINA
</pre>
					
				
				<h3 id="arduino:megaavr:nona4809">arduino:megaavr:nona4809 @ 1.8.7</h3>
				<h4>Inclusion</h4>
				<p>
					Result: <b>FAIL</b>
					
				</p>
				<pre class="pre-scrollable">/home/ec2-user/arduino-testlib/cli-datadir/user/libraries/SparkFun_DMX_Shield_Library/src/SparkFunDMX.cpp:37:27: error: no matching function for call to &#39;arduino::HardwareSerial::HardwareSerial(int)&#39;
 HardwareSerial DMXSerial(2);
                           ^
In file included from /home/ec2-user/arduino-testlib/cli-datadir/data/packages/arduino/hardware/megaavr/1.8.7/cores/arduino/UART.h:27:0,
                 from /home/ec2-user/arduino-testlib/cli-datadir/data/packages/arduino/hardware/megaavr/1.8.7/cores/arduino/Arduino.h:140,
                 from /home/ec2-user/arduino-testlib/cli-datadir/user/libraries/SparkFun_DMX_Shield_Library/src/SparkFunDMX.cpp:17:
/home/ec2-user/arduino-testlib/cli-datadir/data/packages/arduino/hardware/megaavr/1.8.7/cores/arduino/api/HardwareSerial.h:87:7: note: candidate: arduino::HardwareSerial::HardwareSerial()
 class HardwareSerial : public Stream
       ^~~~~~~~~~~~~~
/home/ec2-user/arduino-testlib/cli-datadir/data/packages/arduino/hardware/megaavr/1.8.7/cores/arduino/api/HardwareSerial.h:87:7: note:   candidate expects 0 arguments, 1 provided
/home/ec2-user/arduino-testlib/cli-datadir/data/packages/arduino/hardware/megaavr/1.8.7/cores/arduino/api/HardwareSerial.h:87:7: note: candidate: constexpr arduino::HardwareSerial::HardwareSerial(const arduino::HardwareSerial&amp;)
/home/ec2-user/arduino-testlib/cli-datadir/data/packages/arduino/hardware/megaavr/1.8.7/cores/arduino/api/HardwareSerial.h:87:7: note:   no known conversion for argument 1 from &#39;int&#39; to &#39;const arduino::HardwareSerial&amp;&#39;
/home/ec2-user/arduino-testlib/cli-datadir/data/packages/arduino/hardware/megaavr/1.8.7/cores/arduino/api/HardwareSerial.h:87:7: note: candidate: constexpr arduino::HardwareSerial::HardwareSerial(arduino::HardwareSerial&amp;&amp;)
/home/ec2-user/arduino-testlib/cli-datadir/data/packages/arduino/hardware/megaavr/1.8.7/cores/arduino/api/HardwareSerial.h:87:7: note:   no known conversion for argument 1 from &#39;int&#39; to &#39;arduino::HardwareSerial&amp;&amp;&#39;
/home/ec2-user/arduino-testlib/cli-datadir/user/libraries/SparkFun_DMX_Shield_Library/src/SparkFunDMX.cpp:37:16: error: cannot declare variable &#39;DMXSerial&#39; to be of abstract type &#39;arduino::HardwareSerial&#39;
 HardwareSerial DMXSerial(2);
                ^~~~~~~~~
In file included from /home/ec2-user/arduino-testlib/cli-datadir/data/packages/arduino/hardware/megaavr/1.8.7/cores/arduino/UART.h:27:0,
                 from /home/ec2-user/arduino-testlib/cli-datadir/data/packages/arduino/hardware/megaavr/1.8.7/cores/arduino/Arduino.h:140,
                 from /home/ec2-user/arduino-testlib/cli-datadir/user/libraries/SparkFun_DMX_Shield_Library/src/SparkFunDMX.cpp:17:
/home/ec2-user/arduino-testlib/cli-datadir/data/packages/arduino/hardware/megaavr/1.8.7/cores/arduino/api/HardwareSerial.h:87:7: note:   because the following virtual functions are pure within &#39;arduino::HardwareSerial&#39;:
 class HardwareSerial : public Stream
       ^~~~~~~~~~~~~~
/home/ec2-user/arduino-testlib/cli-datadir/data/packages/arduino/hardware/megaavr/1.8.7/cores/arduino/api/HardwareSerial.h:97:20: note: 	virtual size_t arduino::HardwareSerial::write(uint8_t)
     virtual size_t write(uint8_t) = 0;
                    ^~~~~
/home/ec2-user/arduino-testlib/cli-datadir/data/packages/arduino/hardware/megaavr/1.8.7/cores/arduino/api/HardwareSerial.h:96:18: note: 	virtual void arduino::HardwareSerial::flush()
     virtual void flush(void) = 0;
                  ^~~~~
/home/ec2-user/arduino-testlib/cli-datadir/data/packages/arduino/hardware/megaavr/1.8.7/cores/arduino/api/HardwareSerial.h:93:17: note: 	virtual int arduino::HardwareSerial::available()
     virtual int available(void) = 0;
                 ^~~~~~~~~
/home/ec2-user/arduino-testlib/cli-datadir/data/packages/arduino/hardware/megaavr/1.8.7/cores/arduino/api/HardwareSerial.h:95:17: note: 	virtual int arduino::HardwareSerial::read()
     virtual int read(void) = 0;
                 ^~~~
/home/ec2-user/arduino-testlib/cli-datadir/data/packages/arduino/hardware/megaavr/1.8.7/cores/arduino/api/HardwareSerial.h:94:17: note: 	virtual int arduino::HardwareSerial::peek()
     virtual int peek(void) = 0;
                 ^~~~
/home/ec2-user/arduino-testlib/cli-datadir/data/packages/arduino/hardware/megaavr/1.8.7/cores/arduino/api/HardwareSerial.h:90:18: note: 	virtual void arduino::HardwareSerial::begin(long unsigned int)
     virtual void begin(unsigned long) = 0;
                  ^~~~~
/home/ec2-user/arduino-testlib/cli-datadir/data/packages/arduino/hardware/megaavr/1.8.7/cores/arduino/api/HardwareSerial.h:91:18: note: 	virtual void arduino::HardwareSerial::begin(long unsigned int, uint16_t)
     virtual void begin(unsigned long baudrate, uint16_t config) = 0;
                  ^~~~~
/home/ec2-user/arduino-testlib/cli-datadir/data/packages/arduino/hardware/megaavr/1.8.7/cores/arduino/api/HardwareSerial.h:92:18: note: 	virtual void arduino::HardwareSerial::end()
     virtual void end() = 0;
                  ^~~
/home/ec2-user/arduino-testlib/cli-datadir/data/packages/arduino/hardware/megaavr/1.8.7/cores/arduino/api/HardwareSerial.h:99:13: note: 	virtual arduino::HardwareSerial::operator bool()
     virtual operator bool() = 0;
             ^~~~~~~~
/home/ec2-user/arduino-testlib/cli-datadir/user/libraries/SparkFun_DMX_Shield_Library/src/SparkFunDMX.cpp:40:1: error: &#39;hw_timer_t&#39; does not name a type; did you mean &#39;__size_t&#39;?
 hw_timer_t * timer = NULL;
 ^~~~~~~~~~
 __size_t
/home/ec2-user/arduino-testlib/cli-datadir/user/libraries/SparkFun_DMX_Shield_Library/src/SparkFunDMX.cpp:41:1: error: &#39;portMUX_TYPE&#39; does not name a type
 portMUX_TYPE timerMux = portMUX_INITIALIZER_UNLOCKED;
 ^~~~~~~~~~~~
/home/ec2-user/arduino-testlib/cli-datadir/user/libraries/SparkFun_DMX_Shield_Library/src/SparkFunDMX.cpp:49:16: error: expected initializer before &#39;onTimer&#39;
 void IRAM_ATTR onTimer() {
                ^~~~~~~
/home/ec2-user/arduino-testlib/cli-datadir/user/libraries/SparkFun_DMX_Shield_Library/src/SparkFunDMX.cpp: In member function &#39;void SparkFunDMX::initRead(int)&#39;:
/home/ec2-user/arduino-testlib/cli-datadir/user/libraries/SparkFun_DMX_Shield_Library/src/SparkFunDMX.cpp:70:3: error: &#39;timer&#39; was not declared in this scope
   timer = timerBegin(0, 1, true);
   ^~~~~
/home/ec2-user/arduino-testlib/cli-datadir/user/libraries/SparkFun_DMX_Shield_Library/src/SparkFunDMX.cpp:70:11: error: &#39;timerBegin&#39; was not declared in this scope
   timer = timerBegin(0, 1, true);
           ^~~~~~~~~~
/home/ec2-user/arduino-testlib/cli-datadir/user/libraries/SparkFun_DMX_Shield_Library/src/SparkFunDMX.cpp:71:32: error: &#39;onTimer&#39; was not declared in this scope
   timerAttachInterrupt(timer, &amp;onTimer, true);
                                ^~~~~~~
/home/ec2-user/arduino-testlib/cli-datadir/user/libraries/SparkFun_DMX_Shield_Library/src/SparkFunDMX.cpp:71:3: error: &#39;timerAttachInterrupt&#39; was not declared in this scope
   timerAttachInterrupt(timer, &amp;onTimer, true);
   ^~~~~~~~~~~~~~~~~~~~
/home/ec2-user/arduino-testlib/cli-datadir/user/libraries/SparkFun_DMX_Shield_Library/src/SparkFunDMX.cpp:71:3: note: suggested alternative: &#39;detachInterrupt&#39;
   timerAttachInterrupt(timer, &amp;onTimer, true);
   ^~~~~~~~~~~~~~~~~~~~
   detachInterrupt
/home/ec2-user/arduino-testlib/cli-datadir/user/libraries/SparkFun_DMX_Shield_Library/src/SparkFunDMX.cpp:72:3: error: &#39;timerAlarmWrite&#39; was not declared in this scope
   timerAlarmWrite(timer, 320, true);
   ^~~~~~~~~~~~~~~
/home/ec2-user/arduino-testlib/cli-datadir/user/libraries/SparkFun_DMX_Shield_Library/src/SparkFunDMX.cpp:73:3: error: &#39;timerAlarmEnable&#39; was not declared in this scope
   timerAlarmEnable(timer);
   ^~~~~~~~~~~~~~~~
/home/ec2-user/arduino-testlib/cli-datadir/user/libraries/SparkFun_DMX_Shield_Library/src/SparkFunDMX.cpp: In member function &#39;void SparkFunDMX::initWrite(int)&#39;:
/home/ec2-user/arduino-testlib/cli-datadir/user/libraries/SparkFun_DMX_Shield_Library/src/SparkFunDMX.cpp:96:52: error: no matching function for call to &#39;arduino::HardwareSerial::begin(long int, int, int&amp;, int&amp;)&#39;
   DMXSerial.begin(DMXSPEED, DMXFORMAT, rxPin, txPin);
                                                    ^
In file included from /home/ec2-user/arduino-testlib/cli-datadir/data/packages/arduino/hardware/megaavr/1.8.7/cores/arduino/UART.h:27:0,
                 from /home/ec2-user/arduino-testlib/cli-datadir/data/packages/arduino/hardware/megaavr/1.8.7/cores/arduino/Arduino.h:140,
                 from /home/ec2-user/arduino-testlib/cli-datadir/user/libraries/SparkFun_DMX_Shield_Library/src/SparkFunDMX.cpp:17:
/home/ec2-user/arduino-testlib/cli-datadir/data/packages/arduino/hardware/megaavr/1.8.7/cores/arduino/api/HardwareSerial.h:90:18: note: candidate: virtual void arduino::HardwareSerial::begin(long unsigned int)
     virtual void begin(unsigned long) = 0;
                  ^~~~~
/home/ec2-user/arduino-testlib/cli-datadir/data/packages/arduino/hardware/megaavr/1.8.7/cores/arduino/api/HardwareSerial.h:90:18: note:   candidate expects 1 argument, 4 provided
/home/ec2-user/arduino-testlib/cli-datadir/data/packages/arduino/hardware/megaavr/1.8.7/cores/arduino/api/HardwareSerial.h:91:18: note: candidate: virtual void arduino::HardwareSerial::begin(long unsigned int, uint16_t)
     virtual void begin(unsigned long baudrate, uint16_t config) = 0;
                  ^~~~~
/home/ec2-user/arduino-testlib/cli-datadir/data/packages/arduino/hardware/megaavr/1.8.7/cores/arduino/api/HardwareSerial.h:91:18: note:   candidate expects 2 arguments, 4 provided
/home/ec2-user/arduino-testlib/cli-datadir/user/libraries/SparkFun_DMX_Shield_Library/src/SparkFunDMX.cpp: In member function &#39;void SparkFunDMX::update()&#39;:
/home/ec2-user/arduino-testlib/cli-datadir/user/libraries/SparkFun_DMX_Shield_Library/src/SparkFunDMX.cpp:120:51: error: no matching function for call to &#39;arduino::HardwareSerial::begin(long int, int, int&amp;, int&amp;)&#39;
  DMXSerial.begin(DMXSPEED, DMXFORMAT, rxPin, txPin);//Begin the Serial port
                                                   ^
In file included from /home/</pre>

					
					<h4>examples/Example1-DMXOutput</h4>
					<p>
						Result: <b>FAIL</b>
					</p>
					<pre class="pre-scrollable">/home/ec2-user/arduino-testlib/cli-datadir/user/libraries/SparkFun_DMX_Shield_Library/src/SparkFunDMX.cpp:37:27: error: no matching function for call to &#39;arduino::HardwareSerial::HardwareSerial(int)&#39;
 HardwareSerial DMXSerial(2);
                           ^
In file included from /home/ec2-user/arduino-testlib/cli-datadir/data/packages/arduino/hardware/megaavr/1.8.7/cores/arduino/UART.h:27:0,
                 from /home/ec2-user/arduino-testlib/cli-datadir/data/packages/arduino/hardware/megaavr/1.8.7/cores/arduino/Arduino.h:140,
                 from /home/ec2-user/arduino-testlib/cli-datadir/user/libraries/SparkFun_DMX_Shield_Library/src/SparkFunDMX.cpp:17:
/home/ec2-user/arduino-testlib/cli-datadir/data/packages/arduino/hardware/megaavr/1.8.7/cores/arduino/api/HardwareSerial.h:87:7: note: candidate: arduino::HardwareSerial::HardwareSerial()
 class HardwareSerial : public Stream
       ^~~~~~~~~~~~~~
/home/ec2-user/arduino-testlib/cli-datadir/data/packages/arduino/hardware/megaavr/1.8.7/cores/arduino/api/HardwareSerial.h:87:7: note:   candidate expects 0 arguments, 1 provided
/home/ec2-user/arduino-testlib/cli-datadir/data/packages/arduino/hardware/megaavr/1.8.7/cores/arduino/api/HardwareSerial.h:87:7: note: candidate: constexpr arduino::HardwareSerial::HardwareSerial(const arduino::HardwareSerial&amp;)
/home/ec2-user/arduino-testlib/cli-datadir/data/packages/arduino/hardware/megaavr/1.8.7/cores/arduino/api/HardwareSerial.h:87:7: note:   no known conversion for argument 1 from &#39;int&#39; to &#39;const arduino::HardwareSerial&amp;&#39;
/home/ec2-user/arduino-testlib/cli-datadir/data/packages/arduino/hardware/megaavr/1.8.7/cores/arduino/api/HardwareSerial.h:87:7: note: candidate: constexpr arduino::HardwareSerial::HardwareSerial(arduino::HardwareSerial&amp;&amp;)
/home/ec2-user/arduino-testlib/cli-datadir/data/packages/arduino/hardware/megaavr/1.8.7/cores/arduino/api/HardwareSerial.h:87:7: note:   no known conversion for argument 1 from &#39;int&#39; to &#39;arduino::HardwareSerial&amp;&amp;&#39;
/home/ec2-user/arduino-testlib/cli-datadir/user/libraries/SparkFun_DMX_Shield_Library/src/SparkFunDMX.cpp:37:16: error: cannot declare variable &#39;DMXSerial&#39; to be of abstract type &#39;arduino::HardwareSerial&#39;
 HardwareSerial DMXSerial(2);
                ^~~~~~~~~
In file included from /home/ec2-user/arduino-testlib/cli-datadir/data/packages/arduino/hardware/megaavr/1.8.7/cores/arduino/UART.h:27:0,
                 from /home/ec2-user/arduino-testlib/cli-datadir/data/packages/arduino/hardware/megaavr/1.8.7/cores/arduino/Arduino.h:140,
                 from /home/ec2-user/arduino-testlib/cli-datadir/user/libraries/SparkFun_DMX_Shield_Library/src/SparkFunDMX.cpp:17:
/home/ec2-user/arduino-testlib/cli-datadir/data/packages/arduino/hardware/megaavr/1.8.7/cores/arduino/api/HardwareSerial.h:87:7: note:   because the following virtual functions are pure within &#39;arduino::HardwareSerial&#39;:
 class HardwareSerial : public Stream
       ^~~~~~~~~~~~~~
/home/ec2-user/arduino-testlib/cli-datadir/data/packages/arduino/hardware/megaavr/1.8.7/cores/arduino/api/HardwareSerial.h:97:20: note: 	virtual size_t arduino::HardwareSerial::write(uint8_t)
     virtual size_t write(uint8_t) = 0;
                    ^~~~~
/home/ec2-user/arduino-testlib/cli-datadir/data/packages/arduino/hardware/megaavr/1.8.7/cores/arduino/api/HardwareSerial.h:96:18: note: 	virtual void arduino::HardwareSerial::flush()
     virtual void flush(void) = 0;
                  ^~~~~
/home/ec2-user/arduino-testlib/cli-datadir/data/packages/arduino/hardware/megaavr/1.8.7/cores/arduino/api/HardwareSerial.h:93:17: note: 	virtual int arduino::HardwareSerial::available()
     virtual int available(void) = 0;
                 ^~~~~~~~~
/home/ec2-user/arduino-testlib/cli-datadir/data/packages/arduino/hardware/megaavr/1.8.7/cores/arduino/api/HardwareSerial.h:95:17: note: 	virtual int arduino::HardwareSerial::read()
     virtual int read(void) = 0;
                 ^~~~
/home/ec2-user/arduino-testlib/cli-datadir/data/packages/arduino/hardware/megaavr/1.8.7/cores/arduino/api/HardwareSerial.h:94:17: note: 	virtual int arduino::HardwareSerial::peek()
     virtual int peek(void) = 0;
                 ^~~~
/home/ec2-user/arduino-testlib/cli-datadir/data/packages/arduino/hardware/megaavr/1.8.7/cores/arduino/api/HardwareSerial.h:90:18: note: 	virtual void arduino::HardwareSerial::begin(long unsigned int)
     virtual void begin(unsigned long) = 0;
                  ^~~~~
/home/ec2-user/arduino-testlib/cli-datadir/data/packages/arduino/hardware/megaavr/1.8.7/cores/arduino/api/HardwareSerial.h:91:18: note: 	virtual void arduino::HardwareSerial::begin(long unsigned int, uint16_t)
     virtual void begin(unsigned long baudrate, uint16_t config) = 0;
                  ^~~~~
/home/ec2-user/arduino-testlib/cli-datadir/data/packages/arduino/hardware/megaavr/1.8.7/cores/arduino/api/HardwareSerial.h:92:18: note: 	virtual void arduino::HardwareSerial::end()
     virtual void end() = 0;
                  ^~~
/home/ec2-user/arduino-testlib/cli-datadir/data/packages/arduino/hardware/megaavr/1.8.7/cores/arduino/api/HardwareSerial.h:99:13: note: 	virtual arduino::HardwareSerial::operator bool()
     virtual operator bool() = 0;
             ^~~~~~~~
/home/ec2-user/arduino-testlib/cli-datadir/user/libraries/SparkFun_DMX_Shield_Library/src/SparkFunDMX.cpp:40:1: error: &#39;hw_timer_t&#39; does not name a type; did you mean &#39;__size_t&#39;?
 hw_timer_t * timer = NULL;
 ^~~~~~~~~~
 __size_t
/home/ec2-user/arduino-testlib/cli-datadir/user/libraries/SparkFun_DMX_Shield_Library/src/SparkFunDMX.cpp:41:1: error: &#39;portMUX_TYPE&#39; does not name a type
 portMUX_TYPE timerMux = portMUX_INITIALIZER_UNLOCKED;
 ^~~~~~~~~~~~
/home/ec2-user/arduino-testlib/cli-datadir/user/libraries/SparkFun_DMX_Shield_Library/src/SparkFunDMX.cpp:49:16: error: expected initializer before &#39;onTimer&#39;
 void IRAM_ATTR onTimer() {
                ^~~~~~~
/home/ec2-user/arduino-testlib/cli-datadir/user/libraries/SparkFun_DMX_Shield_Library/src/SparkFunDMX.cpp: In member function &#39;void SparkFunDMX::initRead(int)&#39;:
/home/ec2-user/arduino-testlib/cli-datadir/user/libraries/SparkFun_DMX_Shield_Library/src/SparkFunDMX.cpp:70:3: error: &#39;timer&#39; was not declared in this scope
   timer = timerBegin(0, 1, true);
   ^~~~~
/home/ec2-user/arduino-testlib/cli-datadir/user/libraries/SparkFun_DMX_Shield_Library/src/SparkFunDMX.cpp:70:11: error: &#39;timerBegin&#39; was not declared in this scope
   timer = timerBegin(0, 1, true);
           ^~~~~~~~~~
/home/ec2-user/arduino-testlib/cli-datadir/user/libraries/SparkFun_DMX_Shield_Library/src/SparkFunDMX.cpp:71:32: error: &#39;onTimer&#39; was not declared in this scope
   timerAttachInterrupt(timer, &amp;onTimer, true);
                                ^~~~~~~
/home/ec2-user/arduino-testlib/cli-datadir/user/libraries/SparkFun_DMX_Shield_Library/src/SparkFunDMX.cpp:71:3: error: &#39;timerAttachInterrupt&#39; was not declared in this scope
   timerAttachInterrupt(timer, &amp;onTimer, true);
   ^~~~~~~~~~~~~~~~~~~~
/home/ec2-user/arduino-testlib/cli-datadir/user/libraries/SparkFun_DMX_Shield_Library/src/SparkFunDMX.cpp:71:3: note: suggested alternative: &#39;detachInterrupt&#39;
   timerAttachInterrupt(timer, &amp;onTimer, true);
   ^~~~~~~~~~~~~~~~~~~~
   detachInterrupt
/home/ec2-user/arduino-testlib/cli-datadir/user/libraries/SparkFun_DMX_Shield_Library/src/SparkFunDMX.cpp:72:3: error: &#39;timerAlarmWrite&#39; was not declared in this scope
   timerAlarmWrite(timer, 320, true);
   ^~~~~~~~~~~~~~~
/home/ec2-user/arduino-testlib/cli-datadir/user/libraries/SparkFun_DMX_Shield_Library/src/SparkFunDMX.cpp:73:3: error: &#39;timerAlarmEnable&#39; was not declared in this scope
   timerAlarmEnable(timer);
   ^~~~~~~~~~~~~~~~
/home/ec2-user/arduino-testlib/cli-datadir/user/libraries/SparkFun_DMX_Shield_Library/src/SparkFunDMX.cpp: In member function &#39;void SparkFunDMX::initWrite(int)&#39;:
/home/ec2-user/arduino-testlib/cli-datadir/user/libraries/SparkFun_DMX_Shield_Library/src/SparkFunDMX.cpp:96:52: error: no matching function for call to &#39;arduino::HardwareSerial::begin(long int, int, int&amp;, int&amp;)&#39;
   DMXSerial.begin(DMXSPEED, DMXFORMAT, rxPin, txPin);
                                                    ^
In file included from /home/ec2-user/arduino-testlib/cli-datadir/data/packages/arduino/hardware/megaavr/1.8.7/cores/arduino/UART.h:27:0,
                 from /home/ec2-user/arduino-testlib/cli-datadir/data/packages/arduino/hardware/megaavr/1.8.7/cores/arduino/Arduino.h:140,
                 from /home/ec2-user/arduino-testlib/cli-datadir/user/libraries/SparkFun_DMX_Shield_Library/src/SparkFunDMX.cpp:17:
/home/ec2-user/arduino-testlib/cli-datadir/data/packages/arduino/hardware/megaavr/1.8.7/cores/arduino/api/HardwareSerial.h:90:18: note: candidate: virtual void arduino::HardwareSerial::begin(long unsigned int)
     virtual void begin(unsigned long) = 0;
                  ^~~~~
/home/ec2-user/arduino-testlib/cli-datadir/data/packages/arduino/hardware/megaavr/1.8.7/cores/arduino/api/HardwareSerial.h:90:18: note:   candidate expects 1 argument, 4 provided
/home/ec2-user/arduino-testlib/cli-datadir/data/packages/arduino/hardware/megaavr/1.8.7/cores/arduino/api/HardwareSerial.h:91:18: note: candidate: virtual void arduino::HardwareSerial::begin(long unsigned int, uint16_t)
     virtual void begin(unsigned long baudrate, uint16_t config) = 0;
                  ^~~~~
/home/ec2-user/arduino-testlib/cli-datadir/data/packages/arduino/hardware/megaavr/1.8.7/cores/arduino/api/HardwareSerial.h:91:18: note:   candidate expects 2 arguments, 4 provided
/home/ec2-user/arduino-testlib/cli-datadir/user/libraries/SparkFun_DMX_Shield_Library/src/SparkFunDMX.cpp: In member function &#39;void SparkFunDMX::update()&#39;:
/home/ec2-user/arduino-testlib/cli-datadir/user/libraries/SparkFun_DMX_Shield_Library/src/SparkFunDMX.cpp:120:51: error: no matching function for call to &#39;arduino::HardwareSerial::begin(long int, int, int&amp;, int&amp;)&#39;
  DMXSerial.begin(DMXSPEED, DMXFORMAT, rxPin, txPin);//Begin the Serial port
                                                   ^
In file included from /home/</pre>
					
					<h4>examples/Example2-DMXInput</h4>
					<p>
						Result: <b>FAIL</b>
					</p>
					<pre class="pre-scrollable">In file included from /home/ec2-user/arduino-testlib/cli-datadir/user/libraries/ESP32Servo/src/ESP32Servo.h:67:0,
                 from /home/ec2-user/arduino-testlib/cli-datadir/user/libraries/SparkFun_DMX_Shield_Library/examples/Example2-DMXInput/Example2-DMXInput.ino:18:
/home/ec2-user/arduino-testlib/cli-datadir/user/libraries/ESP32Servo/src/analogWrite.h:3:10: fatal error: cstdint: No such file or directory
 #include &lt;cstdint&gt;
          ^~~~~~~~~
compilation terminated.

</pre>
					
					<h4>examples/Example3-MovingHead</h4>
					<p>
						Result: <b>FAIL</b>
					</p>
					<pre class="pre-scrollable">In file included from /home/ec2-user/arduino-testlib/cli-datadir/user/libraries/SparkFun_DMX_Shield_Library/examples/Example3-MovingHead/Example3-MovingHead.ino:18:0:
/home/ec2-user/arduino-testlib/cli-datadir/user/libraries/ArtnetWifi/src/ArtnetWifi.h:31:10: fatal error: functional: No such file or directory
 #include &lt;functional&gt;
          ^~~~~~~~~~~~
compilation terminated.
Multiple libraries were found for &#34;WiFi.h&#34;
  Used: /home/ec2-user/arduino-testlib/cli-datadir/user/libraries/WiFi
  Not used: /home/ec2-user/arduino-testlib/cli-datadir/user/libraries/WiFiEspAT
  Not used: /home/ec2-user/arduino-testlib/cli-datadir/user/libraries/Seeed_Arduino_rpcWiFi
  Not used: /home/ec2-user/arduino-testlib/cli-datadir/user/libraries/WiFiNINA
</pre>
					
					<h4>examples/Example4-ArtnetOutput</h4>
					<p>
						Result: <b>FAIL</b>
					</p>
					<pre class="pre-scrollable">In file included from /home/ec2-user/arduino-testlib/cli-datadir/user/libraries/SparkFun_DMX_Shield_Library/examples/Example4-ArtnetOutput/Example4-ArtnetOutput.ino:18:0:
/home/ec2-user/arduino-testlib/cli-datadir/user/libraries/ArtnetWifi/src/ArtnetWifi.h:31:10: fatal error: functional: No such file or directory
 #include &lt;functional&gt;
          ^~~~~~~~~~~~
compilation terminated.
Multiple libraries were found for &#34;WiFi.h&#34;
  Used: /home/ec2-user/arduino-testlib/cli-datadir/user/libraries/WiFi
  Not used: /home/ec2-user/arduino-testlib/cli-datadir/user/libraries/Seeed_Arduino_rpcWiFi
  Not used: /home/ec2-user/arduino-testlib/cli-datadir/user/libraries/WiFiNINA
  Not used: /home/ec2-user/arduino-testlib/cli-datadir/user/libraries/WiFiEspAT
</pre>
					
				
				<h3 id="arduino:samd:mkrwifi1010">arduino:samd:mkrwifi1010 @ 1.8.12</h3>
				<h4>Inclusion</h4>
				<p>
					Result: <b>FAIL</b>
					
					<br />This library has no main header file so an empty one was created.
					
				</p>
				<pre class="pre-scrollable">/home/ec2-user/arduino-testlib/cli-datadir/user/libraries/SparkFun_DMX_Shield_Library/src/SparkFunDMX.cpp:37:27: error: no matching function for call to &#39;arduino::HardwareSerial::HardwareSerial(int)&#39;
 HardwareSerial DMXSerial(2);
                           ^
In file included from /home/ec2-user/arduino-testlib/cli-datadir/data/packages/arduino/hardware/samd/1.8.12/cores/arduino/Uart.h:21:0,
                 from /home/ec2-user/arduino-testlib/cli-datadir/data/packages/arduino/hardware/samd/1.8.12/variants/mkrwifi1010/variant.h:165,
                 from /home/ec2-user/arduino-testlib/cli-datadir/data/packages/arduino/hardware/samd/1.8.12/cores/arduino/Arduino.h:51,
                 from /home/ec2-user/arduino-testlib/cli-datadir/user/libraries/SparkFun_DMX_Shield_Library/src/SparkFunDMX.cpp:17:
/home/ec2-user/arduino-testlib/cli-datadir/data/packages/arduino/hardware/samd/1.8.12/cores/arduino/api/HardwareSerial.h:87:7: note: candidate: arduino::HardwareSerial::HardwareSerial()
 class HardwareSerial : public Stream
       ^~~~~~~~~~~~~~
/home/ec2-user/arduino-testlib/cli-datadir/data/packages/arduino/hardware/samd/1.8.12/cores/arduino/api/HardwareSerial.h:87:7: note:   candidate expects 0 arguments, 1 provided
/home/ec2-user/arduino-testlib/cli-datadir/data/packages/arduino/hardware/samd/1.8.12/cores/arduino/api/HardwareSerial.h:87:7: note: candidate: constexpr arduino::HardwareSerial::HardwareSerial(const arduino::HardwareSerial&amp;)
/home/ec2-user/arduino-testlib/cli-datadir/data/packages/arduino/hardware/samd/1.8.12/cores/arduino/api/HardwareSerial.h:87:7: note:   no known conversion for argument 1 from &#39;int&#39; to &#39;const arduino::HardwareSerial&amp;&#39;
/home/ec2-user/arduino-testlib/cli-datadir/data/packages/arduino/hardware/samd/1.8.12/cores/arduino/api/HardwareSerial.h:87:7: note: candidate: constexpr arduino::HardwareSerial::HardwareSerial(arduino::HardwareSerial&amp;&amp;)
/home/ec2-user/arduino-testlib/cli-datadir/data/packages/arduino/hardware/samd/1.8.12/cores/arduino/api/HardwareSerial.h:87:7: note:   no known conversion for argument 1 from &#39;int&#39; to &#39;arduino::HardwareSerial&amp;&amp;&#39;
/home/ec2-user/arduino-testlib/cli-datadir/user/libraries/SparkFun_DMX_Shield_Library/src/SparkFunDMX.cpp:37:16: error: cannot declare variable &#39;DMXSerial&#39; to be of abstract type &#39;arduino::HardwareSerial&#39;
 HardwareSerial DMXSerial(2);
                ^~~~~~~~~
In file included from /home/ec2-user/arduino-testlib/cli-datadir/data/packages/arduino/hardware/samd/1.8.12/cores/arduino/Uart.h:21:0,
                 from /home/ec2-user/arduino-testlib/cli-datadir/data/packages/arduino/hardware/samd/1.8.12/variants/mkrwifi1010/variant.h:165,
                 from /home/ec2-user/arduino-testlib/cli-datadir/data/packages/arduino/hardware/samd/1.8.12/cores/arduino/Arduino.h:51,
                 from /home/ec2-user/arduino-testlib/cli-datadir/user/libraries/SparkFun_DMX_Shield_Library/src/SparkFunDMX.cpp:17:
/home/ec2-user/arduino-testlib/cli-datadir/data/packages/arduino/hardware/samd/1.8.12/cores/arduino/api/HardwareSerial.h:87:7: note:   because the following virtual functions are pure within &#39;arduino::HardwareSerial&#39;:
 class HardwareSerial : public Stream
       ^~~~~~~~~~~~~~
/home/ec2-user/arduino-testlib/cli-datadir/data/packages/arduino/hardware/samd/1.8.12/cores/arduino/api/HardwareSerial.h:97:20: note: 	virtual size_t arduino::HardwareSerial::write(uint8_t)
     virtual size_t write(uint8_t) = 0;
                    ^~~~~
/home/ec2-user/arduino-testlib/cli-datadir/data/packages/arduino/hardware/samd/1.8.12/cores/arduino/api/HardwareSerial.h:96:18: note: 	virtual void arduino::HardwareSerial::flush()
     virtual void flush(void) = 0;
                  ^~~~~
/home/ec2-user/arduino-testlib/cli-datadir/data/packages/arduino/hardware/samd/1.8.12/cores/arduino/api/HardwareSerial.h:93:17: note: 	virtual int arduino::HardwareSerial::available()
     virtual int available(void) = 0;
                 ^~~~~~~~~
/home/ec2-user/arduino-testlib/cli-datadir/data/packages/arduino/hardware/samd/1.8.12/cores/arduino/api/HardwareSerial.h:95:17: note: 	virtual int arduino::HardwareSerial::read()
     virtual int read(void) = 0;
                 ^~~~
/home/ec2-user/arduino-testlib/cli-datadir/data/packages/arduino/hardware/samd/1.8.12/cores/arduino/api/HardwareSerial.h:94:17: note: 	virtual int arduino::HardwareSerial::peek()
     virtual int peek(void) = 0;
                 ^~~~
/home/ec2-user/arduino-testlib/cli-datadir/data/packages/arduino/hardware/samd/1.8.12/cores/arduino/api/HardwareSerial.h:90:18: note: 	virtual void arduino::HardwareSerial::begin(long unsigned int)
     virtual void begin(unsigned long) = 0;
                  ^~~~~
/home/ec2-user/arduino-testlib/cli-datadir/data/packages/arduino/hardware/samd/1.8.12/cores/arduino/api/HardwareSerial.h:91:18: note: 	virtual void arduino::HardwareSerial::begin(long unsigned int, uint16_t)
     virtual void begin(unsigned long baudrate, uint16_t config) = 0;
                  ^~~~~
/home/ec2-user/arduino-testlib/cli-datadir/data/packages/arduino/hardware/samd/1.8.12/cores/arduino/api/HardwareSerial.h:92:18: note: 	virtual void arduino::HardwareSerial::end()
     virtual void end() = 0;
                  ^~~
/home/ec2-user/arduino-testlib/cli-datadir/data/packages/arduino/hardware/samd/1.8.12/cores/arduino/api/HardwareSerial.h:99:13: note: 	virtual arduino::HardwareSerial::operator bool()
     virtual operator bool() = 0;
             ^~~~~~~~
/home/ec2-user/arduino-testlib/cli-datadir/user/libraries/SparkFun_DMX_Shield_Library/src/SparkFunDMX.cpp:40:1: error: &#39;hw_timer_t&#39; does not name a type; did you mean &#39;__timer_t&#39;?
 hw_timer_t * timer = NULL;
 ^~~~~~~~~~
 __timer_t
/home/ec2-user/arduino-testlib/cli-datadir/user/libraries/SparkFun_DMX_Shield_Library/src/SparkFunDMX.cpp:41:1: error: &#39;portMUX_TYPE&#39; does not name a type
 portMUX_TYPE timerMux = portMUX_INITIALIZER_UNLOCKED;
 ^~~~~~~~~~~~
/home/ec2-user/arduino-testlib/cli-datadir/user/libraries/SparkFun_DMX_Shield_Library/src/SparkFunDMX.cpp:49:16: error: expected initializer before &#39;onTimer&#39;
 void IRAM_ATTR onTimer() {
                ^~~~~~~
/home/ec2-user/arduino-testlib/cli-datadir/user/libraries/SparkFun_DMX_Shield_Library/src/SparkFunDMX.cpp: In member function &#39;void SparkFunDMX::initRead(int)&#39;:
/home/ec2-user/arduino-testlib/cli-datadir/user/libraries/SparkFun_DMX_Shield_Library/src/SparkFunDMX.cpp:70:3: error: &#39;timer&#39; was not declared in this scope
   timer = timerBegin(0, 1, true);
   ^~~~~
/home/ec2-user/arduino-testlib/cli-datadir/user/libraries/SparkFun_DMX_Shield_Library/src/SparkFunDMX.cpp:70:3: note: suggested alternative: &#39;timer_t&#39;
   timer = timerBegin(0, 1, true);
   ^~~~~
   timer_t
/home/ec2-user/arduino-testlib/cli-datadir/user/libraries/SparkFun_DMX_Shield_Library/src/SparkFunDMX.cpp:70:11: error: &#39;timerBegin&#39; was not declared in this scope
   timer = timerBegin(0, 1, true);
           ^~~~~~~~~~
/home/ec2-user/arduino-testlib/cli-datadir/user/libraries/SparkFun_DMX_Shield_Library/src/SparkFunDMX.cpp:70:11: note: suggested alternative: &#39;timer_t&#39;
   timer = timerBegin(0, 1, true);
           ^~~~~~~~~~
           timer_t
/home/ec2-user/arduino-testlib/cli-datadir/user/libraries/SparkFun_DMX_Shield_Library/src/SparkFunDMX.cpp:71:32: error: &#39;onTimer&#39; was not declared in this scope
   timerAttachInterrupt(timer, &amp;onTimer, true);
                                ^~~~~~~
/home/ec2-user/arduino-testlib/cli-datadir/user/libraries/SparkFun_DMX_Shield_Library/src/SparkFunDMX.cpp:71:3: error: &#39;timerAttachInterrupt&#39; was not declared in this scope
   timerAttachInterrupt(timer, &amp;onTimer, true);
   ^~~~~~~~~~~~~~~~~~~~
/home/ec2-user/arduino-testlib/cli-datadir/user/libraries/SparkFun_DMX_Shield_Library/src/SparkFunDMX.cpp:71:3: note: suggested alternative: &#39;detachInterrupt&#39;
   timerAttachInterrupt(timer, &amp;onTimer, true);
   ^~~~~~~~~~~~~~~~~~~~
   detachInterrupt
/home/ec2-user/arduino-testlib/cli-datadir/user/libraries/SparkFun_DMX_Shield_Library/src/SparkFunDMX.cpp:72:3: error: &#39;timerAlarmWrite&#39; was not declared in this scope
   timerAlarmWrite(timer, 320, true);
   ^~~~~~~~~~~~~~~
/home/ec2-user/arduino-testlib/cli-datadir/user/libraries/SparkFun_DMX_Shield_Library/src/SparkFunDMX.cpp:73:3: error: &#39;timerAlarmEnable&#39; was not declared in this scope
   timerAlarmEnable(timer);
   ^~~~~~~~~~~~~~~~
/home/ec2-user/arduino-testlib/cli-datadir/user/libraries/SparkFun_DMX_Shield_Library/src/SparkFunDMX.cpp: In member function &#39;void SparkFunDMX::initWrite(int)&#39;:
/home/ec2-user/arduino-testlib/cli-datadir/user/libraries/SparkFun_DMX_Shield_Library/src/SparkFunDMX.cpp:96:52: error: no matching function for call to &#39;arduino::HardwareSerial::begin(int, long unsigned int, int&amp;, int&amp;)&#39;
   DMXSerial.begin(DMXSPEED, DMXFORMAT, rxPin, txPin);
                                                    ^
In file included from /home/ec2-user/arduino-testlib/cli-datadir/data/packages/arduino/hardware/samd/1.8.12/cores/arduino/Uart.h:21:0,
                 from /home/ec2-user/arduino-testlib/cli-datadir/data/packages/arduino/hardware/samd/1.8.12/variants/mkrwifi1010/variant.h:165,
                 from /home/ec2-user/arduino-testlib/cli-datadir/data/packages/arduino/hardware/samd/1.8.12/cores/arduino/Arduino.h:51,
                 from /home/ec2-user/arduino-testlib/cli-datadir/user/libraries/SparkFun_DMX_Shield_Library/src/SparkFunDMX.cpp:17:
/home/ec2-user/arduino-testlib/cli-datadir/data/packages/arduino/hardware/samd/1.8.12/cores/arduino/api/HardwareSerial.h:90:18: note: candidate: virtual void arduino::HardwareSerial::begin(long unsigned int)
     virtual void begin(unsigned long) = 0;
                  ^~~~~
/home/ec2-user/arduino-testlib/cli-datadir/data/packages/arduino/hardware/samd/1.8.12/cores/arduino/api/HardwareSerial.h:90:18: note:   candidate expects 1 argument, 4 provided
/home/ec2-user/arduino-testlib/cli-datadir/data/packages/arduino/hardware/samd/1.8.12/cores/arduino/api/HardwareSerial.h:91:18: note: candidate: virtual void arduino::HardwareSerial::begin(long un</pre>

					
					<h4>examples/Example1-DMXOutput</h4>
					<p>
						Result: <b>FAIL</b>
					</p>
					<pre class="pre-scrollable">/home/ec2-user/arduino-testlib/cli-datadir/user/libraries/SparkFun_DMX_Shield_Library/src/SparkFunDMX.cpp:37:27: error: no matching function for call to &#39;arduino::HardwareSerial::HardwareSerial(int)&#39;
 HardwareSerial DMXSerial(2);
                           ^
In file included from /home/ec2-user/arduino-testlib/cli-datadir/data/packages/arduino/hardware/samd/1.8.12/cores/arduino/Uart.h:21:0,
                 from /home/ec2-user/arduino-testlib/cli-datadir/data/packages/arduino/hardware/samd/1.8.12/variants/mkrwifi1010/variant.h:165,
                 from /home/ec2-user/arduino-testlib/cli-datadir/data/packages/arduino/hardware/samd/1.8.12/cores/arduino/Arduino.h:51,
                 from /home/ec2-user/arduino-testlib/cli-datadir/user/libraries/SparkFun_DMX_Shield_Library/src/SparkFunDMX.cpp:17:
/home/ec2-user/arduino-testlib/cli-datadir/data/packages/arduino/hardware/samd/1.8.12/cores/arduino/api/HardwareSerial.h:87:7: note: candidate: arduino::HardwareSerial::HardwareSerial()
 class HardwareSerial : public Stream
       ^~~~~~~~~~~~~~
/home/ec2-user/arduino-testlib/cli-datadir/data/packages/arduino/hardware/samd/1.8.12/cores/arduino/api/HardwareSerial.h:87:7: note:   candidate expects 0 arguments, 1 provided
/home/ec2-user/arduino-testlib/cli-datadir/data/packages/arduino/hardware/samd/1.8.12/cores/arduino/api/HardwareSerial.h:87:7: note: candidate: constexpr arduino::HardwareSerial::HardwareSerial(const arduino::HardwareSerial&amp;)
/home/ec2-user/arduino-testlib/cli-datadir/data/packages/arduino/hardware/samd/1.8.12/cores/arduino/api/HardwareSerial.h:87:7: note:   no known conversion for argument 1 from &#39;int&#39; to &#39;const arduino::HardwareSerial&amp;&#39;
/home/ec2-user/arduino-testlib/cli-datadir/data/packages/arduino/hardware/samd/1.8.12/cores/arduino/api/HardwareSerial.h:87:7: note: candidate: constexpr arduino::HardwareSerial::HardwareSerial(arduino::HardwareSerial&amp;&amp;)
/home/ec2-user/arduino-testlib/cli-datadir/data/packages/arduino/hardware/samd/1.8.12/cores/arduino/api/HardwareSerial.h:87:7: note:   no known conversion for argument 1 from &#39;int&#39; to &#39;arduino::HardwareSerial&amp;&amp;&#39;
/home/ec2-user/arduino-testlib/cli-datadir/user/libraries/SparkFun_DMX_Shield_Library/src/SparkFunDMX.cpp:37:16: error: cannot declare variable &#39;DMXSerial&#39; to be of abstract type &#39;arduino::HardwareSerial&#39;
 HardwareSerial DMXSerial(2);
                ^~~~~~~~~
In file included from /home/ec2-user/arduino-testlib/cli-datadir/data/packages/arduino/hardware/samd/1.8.12/cores/arduino/Uart.h:21:0,
                 from /home/ec2-user/arduino-testlib/cli-datadir/data/packages/arduino/hardware/samd/1.8.12/variants/mkrwifi1010/variant.h:165,
                 from /home/ec2-user/arduino-testlib/cli-datadir/data/packages/arduino/hardware/samd/1.8.12/cores/arduino/Arduino.h:51,
                 from /home/ec2-user/arduino-testlib/cli-datadir/user/libraries/SparkFun_DMX_Shield_Library/src/SparkFunDMX.cpp:17:
/home/ec2-user/arduino-testlib/cli-datadir/data/packages/arduino/hardware/samd/1.8.12/cores/arduino/api/HardwareSerial.h:87:7: note:   because the following virtual functions are pure within &#39;arduino::HardwareSerial&#39;:
 class HardwareSerial : public Stream
       ^~~~~~~~~~~~~~
/home/ec2-user/arduino-testlib/cli-datadir/data/packages/arduino/hardware/samd/1.8.12/cores/arduino/api/HardwareSerial.h:97:20: note: 	virtual size_t arduino::HardwareSerial::write(uint8_t)
     virtual size_t write(uint8_t) = 0;
                    ^~~~~
/home/ec2-user/arduino-testlib/cli-datadir/data/packages/arduino/hardware/samd/1.8.12/cores/arduino/api/HardwareSerial.h:96:18: note: 	virtual void arduino::HardwareSerial::flush()
     virtual void flush(void) = 0;
                  ^~~~~
/home/ec2-user/arduino-testlib/cli-datadir/data/packages/arduino/hardware/samd/1.8.12/cores/arduino/api/HardwareSerial.h:93:17: note: 	virtual int arduino::HardwareSerial::available()
     virtual int available(void) = 0;
                 ^~~~~~~~~
/home/ec2-user/arduino-testlib/cli-datadir/data/packages/arduino/hardware/samd/1.8.12/cores/arduino/api/HardwareSerial.h:95:17: note: 	virtual int arduino::HardwareSerial::read()
     virtual int read(void) = 0;
                 ^~~~
/home/ec2-user/arduino-testlib/cli-datadir/data/packages/arduino/hardware/samd/1.8.12/cores/arduino/api/HardwareSerial.h:94:17: note: 	virtual int arduino::HardwareSerial::peek()
     virtual int peek(void) = 0;
                 ^~~~
/home/ec2-user/arduino-testlib/cli-datadir/data/packages/arduino/hardware/samd/1.8.12/cores/arduino/api/HardwareSerial.h:90:18: note: 	virtual void arduino::HardwareSerial::begin(long unsigned int)
     virtual void begin(unsigned long) = 0;
                  ^~~~~
/home/ec2-user/arduino-testlib/cli-datadir/data/packages/arduino/hardware/samd/1.8.12/cores/arduino/api/HardwareSerial.h:91:18: note: 	virtual void arduino::HardwareSerial::begin(long unsigned int, uint16_t)
     virtual void begin(unsigned long baudrate, uint16_t config) = 0;
                  ^~~~~
/home/ec2-user/arduino-testlib/cli-datadir/data/packages/arduino/hardware/samd/1.8.12/cores/arduino/api/HardwareSerial.h:92:18: note: 	virtual void arduino::HardwareSerial::end()
     virtual void end() = 0;
                  ^~~
/home/ec2-user/arduino-testlib/cli-datadir/data/packages/arduino/hardware/samd/1.8.12/cores/arduino/api/HardwareSerial.h:99:13: note: 	virtual arduino::HardwareSerial::operator bool()
     virtual operator bool() = 0;
             ^~~~~~~~
/home/ec2-user/arduino-testlib/cli-datadir/user/libraries/SparkFun_DMX_Shield_Library/src/SparkFunDMX.cpp:40:1: error: &#39;hw_timer_t&#39; does not name a type; did you mean &#39;__timer_t&#39;?
 hw_timer_t * timer = NULL;
 ^~~~~~~~~~
 __timer_t
/home/ec2-user/arduino-testlib/cli-datadir/user/libraries/SparkFun_DMX_Shield_Library/src/SparkFunDMX.cpp:41:1: error: &#39;portMUX_TYPE&#39; does not name a type
 portMUX_TYPE timerMux = portMUX_INITIALIZER_UNLOCKED;
 ^~~~~~~~~~~~
/home/ec2-user/arduino-testlib/cli-datadir/user/libraries/SparkFun_DMX_Shield_Library/src/SparkFunDMX.cpp:49:16: error: expected initializer before &#39;onTimer&#39;
 void IRAM_ATTR onTimer() {
                ^~~~~~~
/home/ec2-user/arduino-testlib/cli-datadir/user/libraries/SparkFun_DMX_Shield_Library/src/SparkFunDMX.cpp: In member function &#39;void SparkFunDMX::initRead(int)&#39;:
/home/ec2-user/arduino-testlib/cli-datadir/user/libraries/SparkFun_DMX_Shield_Library/src/SparkFunDMX.cpp:70:3: error: &#39;timer&#39; was not declared in this scope
   timer = timerBegin(0, 1, true);
   ^~~~~
/home/ec2-user/arduino-testlib/cli-datadir/user/libraries/SparkFun_DMX_Shield_Library/src/SparkFunDMX.cpp:70:3: note: suggested alternative: &#39;timer_t&#39;
   timer = timerBegin(0, 1, true);
   ^~~~~
   timer_t
/home/ec2-user/arduino-testlib/cli-datadir/user/libraries/SparkFun_DMX_Shield_Library/src/SparkFunDMX.cpp:70:11: error: &#39;timerBegin&#39; was not declared in this scope
   timer = timerBegin(0, 1, true);
           ^~~~~~~~~~
/home/ec2-user/arduino-testlib/cli-datadir/user/libraries/SparkFun_DMX_Shield_Library/src/SparkFunDMX.cpp:70:11: note: suggested alternative: &#39;timer_t&#39;
   timer = timerBegin(0, 1, true);
           ^~~~~~~~~~
           timer_t
/home/ec2-user/arduino-testlib/cli-datadir/user/libraries/SparkFun_DMX_Shield_Library/src/SparkFunDMX.cpp:71:32: error: &#39;onTimer&#39; was not declared in this scope
   timerAttachInterrupt(timer, &amp;onTimer, true);
                                ^~~~~~~
/home/ec2-user/arduino-testlib/cli-datadir/user/libraries/SparkFun_DMX_Shield_Library/src/SparkFunDMX.cpp:71:3: error: &#39;timerAttachInterrupt&#39; was not declared in this scope
   timerAttachInterrupt(timer, &amp;onTimer, true);
   ^~~~~~~~~~~~~~~~~~~~
/home/ec2-user/arduino-testlib/cli-datadir/user/libraries/SparkFun_DMX_Shield_Library/src/SparkFunDMX.cpp:71:3: note: suggested alternative: &#39;detachInterrupt&#39;
   timerAttachInterrupt(timer, &amp;onTimer, true);
   ^~~~~~~~~~~~~~~~~~~~
   detachInterrupt
/home/ec2-user/arduino-testlib/cli-datadir/user/libraries/SparkFun_DMX_Shield_Library/src/SparkFunDMX.cpp:72:3: error: &#39;timerAlarmWrite&#39; was not declared in this scope
   timerAlarmWrite(timer, 320, true);
   ^~~~~~~~~~~~~~~
/home/ec2-user/arduino-testlib/cli-datadir/user/libraries/SparkFun_DMX_Shield_Library/src/SparkFunDMX.cpp:73:3: error: &#39;timerAlarmEnable&#39; was not declared in this scope
   timerAlarmEnable(timer);
   ^~~~~~~~~~~~~~~~
/home/ec2-user/arduino-testlib/cli-datadir/user/libraries/SparkFun_DMX_Shield_Library/src/SparkFunDMX.cpp: In member function &#39;void SparkFunDMX::initWrite(int)&#39;:
/home/ec2-user/arduino-testlib/cli-datadir/user/libraries/SparkFun_DMX_Shield_Library/src/SparkFunDMX.cpp:96:52: error: no matching function for call to &#39;arduino::HardwareSerial::begin(int, long unsigned int, int&amp;, int&amp;)&#39;
   DMXSerial.begin(DMXSPEED, DMXFORMAT, rxPin, txPin);
                                                    ^
In file included from /home/ec2-user/arduino-testlib/cli-datadir/data/packages/arduino/hardware/samd/1.8.12/cores/arduino/Uart.h:21:0,
                 from /home/ec2-user/arduino-testlib/cli-datadir/data/packages/arduino/hardware/samd/1.8.12/variants/mkrwifi1010/variant.h:165,
                 from /home/ec2-user/arduino-testlib/cli-datadir/data/packages/arduino/hardware/samd/1.8.12/cores/arduino/Arduino.h:51,
                 from /home/ec2-user/arduino-testlib/cli-datadir/user/libraries/SparkFun_DMX_Shield_Library/src/SparkFunDMX.cpp:17:
/home/ec2-user/arduino-testlib/cli-datadir/data/packages/arduino/hardware/samd/1.8.12/cores/arduino/api/HardwareSerial.h:90:18: note: candidate: virtual void arduino::HardwareSerial::begin(long unsigned int)
     virtual void begin(unsigned long) = 0;
                  ^~~~~
/home/ec2-user/arduino-testlib/cli-datadir/data/packages/arduino/hardware/samd/1.8.12/cores/arduino/api/HardwareSerial.h:90:18: note:   candidate expects 1 argument, 4 provided
/home/ec2-user/arduino-testlib/cli-datadir/data/packages/arduino/hardware/samd/1.8.12/cores/arduino/api/HardwareSerial.h:91:18: note: candidate: virtual void arduino::HardwareSerial::begin(long un</pre>
					
					<h4>examples/Example2-DMXInput</h4>
					<p>
						Result: <b>FAIL</b>
					</p>
					<pre class="pre-scrollable">In file included from /home/ec2-user/arduino-testlib/cli-datadir/user/libraries/ESP32Servo/src/ESP32Servo.h:67:0,
                 from /home/ec2-user/arduino-testlib/cli-datadir/user/libraries/SparkFun_DMX_Shield_Library/examples/Example2-DMXInput/Example2-DMXInput.ino:18:
/home/ec2-user/arduino-testlib/cli-datadir/user/libraries/ESP32Servo/src/analogWrite.h:4:10: fatal error: esp32-hal-ledc.h: No such file or directory
 #include &lt;esp32-hal-ledc.h&gt;
          ^~~~~~~~~~~~~~~~~~
compilation terminated.

</pre>
					
					<h4>examples/Example3-MovingHead</h4>
					<p>
						Result: <b>FAIL</b>
					</p>
					<pre class="pre-scrollable">In file included from /home/ec2-user/arduino-testlib/cli-datadir/user/libraries/ESP32Servo/src/ESP32Servo.h:67:0,
                 from /home/ec2-user/arduino-testlib/cli-datadir/user/libraries/SparkFun_DMX_Shield_Library/examples/Example3-MovingHead/Example3-MovingHead.ino:20:
/home/ec2-user/arduino-testlib/cli-datadir/user/libraries/ESP32Servo/src/analogWrite.h:4:10: fatal error: esp32-hal-ledc.h: No such file or directory
 #include &lt;esp32-hal-ledc.h&gt;
          ^~~~~~~~~~~~~~~~~~
compilation terminated.
Multiple libraries were found for &#34;WiFi.h&#34;
  Used: /home/ec2-user/arduino-testlib/cli-datadir/user/libraries/WiFi
  Not used: /home/ec2-user/arduino-testlib/cli-datadir/user/libraries/WiFiEspAT
  Not used: /home/ec2-user/arduino-testlib/cli-datadir/user/libraries/WiFiNINA
  Not used: /home/ec2-user/arduino-testlib/cli-datadir/user/libraries/Seeed_Arduino_rpcWiFi
</pre>
					
					<h4>examples/Example4-ArtnetOutput</h4>
					<p>
						Result: <b>FAIL</b>
					</p>
					<pre class="pre-scrollable">In file included from /home/ec2-user/arduino-testlib/cli-datadir/user/libraries/ESP32Servo/src/ESP32Servo.h:67:0,
                 from /home/ec2-user/arduino-testlib/cli-datadir/user/libraries/SparkFun_DMX_Shield_Library/examples/Example4-ArtnetOutput/Example4-ArtnetOutput.ino:21:
/home/ec2-user/arduino-testlib/cli-datadir/user/libraries/ESP32Servo/src/analogWrite.h:4:10: fatal error: esp32-hal-ledc.h: No such file or directory
 #include &lt;esp32-hal-ledc.h&gt;
          ^~~~~~~~~~~~~~~~~~
compilation terminated.
Multiple libraries were found for &#34;WiFi.h&#34;
  Used: /home/ec2-user/arduino-testlib/cli-datadir/user/libraries/WiFi
  Not used: /home/ec2-user/arduino-testlib/cli-datadir/user/libraries/Seeed_Arduino_rpcWiFi
  Not used: /home/ec2-user/arduino-testlib/cli-datadir/user/libraries/WiFiEspAT
  Not used: /home/ec2-user/arduino-testlib/cli-datadir/user/libraries/WiFiNINA
</pre>
					
				
				<h3 id="esp32:esp32:d1_mini32">esp32:esp32:d1_mini32 @ 1.0.6</h3>
				<h4>Inclusion</h4>
				<p>
					Result: <b>PASS</b>
					
				</p>
				<pre class="pre-scrollable">Sketch uses 200426 bytes (15%) of program storage space. Maximum is 1310720 bytes.
Global variables use 13216 bytes (4%) of dynamic memory, leaving 314464 bytes for local variables. Maximum is 327680 bytes.
</pre>

					
					<h4>examples/Example1-DMXOutput</h4>
					<p>
						Result: <b>PASS</b>
					</p>
					<pre class="pre-scrollable">Sketch uses 205370 bytes (15%) of program storage space. Maximum is 1310720 bytes.
Global variables use 14000 bytes (4%) of dynamic memory, leaving 313680 bytes for local variables. Maximum is 327680 bytes.
</pre>
					
					<h4>examples/Example2-DMXInput</h4>
					<p>
						Result: <b>PASS</b>
					</p>
					<pre class="pre-scrollable">Sketch uses 217898 bytes (16%) of program storage space. Maximum is 1310720 bytes.
Global variables use 14768 bytes (4%) of dynamic memory, leaving 312912 bytes for local variables. Maximum is 327680 bytes.
In file included from /home/ec2-user/arduino-testlib/cli-datadir/user/libraries/FastLED/src/FastLED.h:67:0,
                 from /home/ec2-user/arduino-testlib/cli-datadir/user/libraries/SparkFun_DMX_Shield_Library/examples/Example2-DMXInput/Example2-DMXInput.ino:17:
/home/ec2-user/arduino-testlib/cli-datadir/user/libraries/FastLED/src/fastspi.h:145:23: note: #pragma message: No hardware SPI pins defined.  All SPI access will default to bitbanged output
 #      pragma message &#34;No hardware SPI pins defined.  All SPI access will default to bitbanged output&#34;
                       ^
</pre>
					
					<h4>examples/Example3-MovingHead</h4>
					<p>
						Result: <b>FAIL</b>
					</p>
					<pre class="pre-scrollable">In file included from /home/ec2-user/arduino-testlib/cli-datadir/user/libraries/FastLED/src/FastLED.h:67:0,
                 from /home/ec2-user/arduino-testlib/cli-datadir/user/libraries/SparkFun_DMX_Shield_Library/examples/Example3-MovingHead/Example3-MovingHead.ino:19:
/home/ec2-user/arduino-testlib/cli-datadir/user/libraries/FastLED/src/fastspi.h:145:23: note: #pragma message: No hardware SPI pins defined.  All SPI access will default to bitbanged output
 #      pragma message &#34;No hardware SPI pins defined.  All SPI access will default to bitbanged output&#34;
                       ^
/home/ec2-user/arduino-testlib/cli-datadir/user/libraries/SparkFun_DMX_Shield_Library/examples/Example3-MovingHead/Example3-MovingHead.ino:28:1: error: &#39;WiFiUdp&#39; does not name a type
 WiFiUdp UdpSend;
 ^
/home/ec2-user/arduino-testlib/cli-datadir/user/libraries/SparkFun_DMX_Shield_Library/examples/Example3-MovingHead/Example3-MovingHead.ino: In function &#39;void onDmxFrame(uint16_t, uint16_t, uint8_t, uint8_t*)&#39;:
/home/ec2-user/arduino-testlib/cli-datadir/user/libraries/SparkFun_DMX_Shield_Library/examples/Example3-MovingHead/Example3-MovingHead.ino:85:2: error: &#39;UdpSend&#39; was not declared in this scope
  UdpSend.flush();
  ^
Multiple libraries were found for &#34;WiFi.h&#34;
  Used: /home/ec2-user/arduino-testlib/cli-datadir/data/packages/esp32/hardware/esp32/1.0.6/libraries/WiFi
  Not used: /home/ec2-user/arduino-testlib/cli-datadir/user/libraries/WiFiEspAT
  Not used: /home/ec2-user/arduino-testlib/cli-datadir/user/libraries/Seeed_Arduino_rpcWiFi
  Not used: /home/ec2-user/arduino-testlib/cli-datadir/user/libraries/WiFiNINA
  Not used: /home/ec2-user/arduino-testlib/cli-datadir/user/libraries/WiFi
</pre>
					
					<h4>examples/Example4-ArtnetOutput</h4>
					<p>
						Result: <b>FAIL</b>
					</p>
					<pre class="pre-scrollable">In file included from /home/ec2-user/arduino-testlib/cli-datadir/user/libraries/FastLED/src/FastLED.h:67:0,
                 from /home/ec2-user/arduino-testlib/cli-datadir/user/libraries/SparkFun_DMX_Shield_Library/examples/Example4-ArtnetOutput/Example4-ArtnetOutput.ino:19:
/home/ec2-user/arduino-testlib/cli-datadir/user/libraries/FastLED/src/fastspi.h:145:23: note: #pragma message: No hardware SPI pins defined.  All SPI access will default to bitbanged output
 #      pragma message &#34;No hardware SPI pins defined.  All SPI access will default to bitbanged output&#34;
                       ^
/home/ec2-user/arduino-testlib/cli-datadir/user/libraries/SparkFun_DMX_Shield_Library/examples/Example4-ArtnetOutput/Example4-ArtnetOutput.ino:33:1: error: &#39;WiFiUdp&#39; does not name a type
 WiFiUdp UdpSend;
 ^
/home/ec2-user/arduino-testlib/cli-datadir/user/libraries/SparkFun_DMX_Shield_Library/examples/Example4-ArtnetOutput/Example4-ArtnetOutput.ino: In function &#39;void onDmxFrame(uint16_t, uint16_t, uint8_t, uint8_t*)&#39;:
/home/ec2-user/arduino-testlib/cli-datadir/user/libraries/SparkFun_DMX_Shield_Library/examples/Example4-ArtnetOutput/Example4-ArtnetOutput.ino:73:2: error: &#39;UdpSend&#39; was not declared in this scope
  UdpSend.flush();
  ^
Multiple libraries were found for &#34;WiFi.h&#34;
  Used: /home/ec2-user/arduino-testlib/cli-datadir/data/packages/esp32/hardware/esp32/1.0.6/libraries/WiFi
  Not used: /home/ec2-user/arduino-testlib/cli-datadir/user/libraries/Seeed_Arduino_rpcWiFi
  Not used: /home/ec2-user/arduino-testlib/cli-datadir/user/libraries/WiFiEspAT
  Not used: /home/ec2-user/arduino-testlib/cli-datadir/user/libraries/WiFi
  Not used: /home/ec2-user/arduino-testlib/cli-datadir/user/libraries/WiFiNINA
</pre>
					
				
			</div>
		</div>
	</div>
  </body>
</html>
