
<!doctype html>
<html lang="en">
  <head>
    <meta charset="utf-8">
    <meta name="viewport" content="width=device-width, initial-scale=1">
    <link href="https://cdn.jsdelivr.net/npm/bootstrap@5.0.2/dist/css/bootstrap.min.css" rel="stylesheet" integrity="sha384-EVSTQN3/azprG1Anm3QDgpJLIm9Nao0Yz1ztcQTwFspd3yD65VohhpuuCOmLASjC" crossorigin="anonymous">
    <title>arduino-testlib report</title>
	<style>
	.pass { background-color: #00FF00 !important; }
	.fail { background-color: #FF0000 !important; }
	</style>
  </head>
  <body>
	<div class="container">
		<div class="row">
			<div class="col">
				<h1>SparkFun SGP30 Arduino Library - compatibility matrix</h1>
				<p>
					<small>This report was generated on Monday, 21-Feb-22 12:00:25 CET using 
					<a href="https://github.com/alranel/arduino-testlib">arduino-testlib</a>.</small>
				</p>

				<h2>SparkFun SGP30 Arduino Library</h2>
				<p>
					Version: <b>1.0.5</b>
					<br />
					<a href="https://www.arduino.cc/reference/en/libraries/sparkfun-sgp30-arduino-library/">More details</a>
				</p>

				<h2>Compatibility matrix</h2>
				<table class="table table-bordered">
					<tr>
						<th>Board</th>
						<th>Claims compatibility</th>
						<th>Inclusion</th>
						
						<th><pre>Example1_BasicReadings</pre></th>
						
						<th><pre>Example6_SchedulerReadings</pre></th>
						
						<th><pre>Example9_UnitTest</pre></th>
						
						<th><pre>Example2_RawSignals</pre></th>
						
						<th><pre>Example3_Humidity</pre></th>
						
						<th><pre>Example4_ErrorChecking</pre></th>
						
						<th><pre>Example5_DeviceInfo</pre></th>
						
						<th><pre>Example7_Reset</pre></th>
						
						<th><pre>Example8_OtherI2C</pre></th>
						
					</tr>
					
					<tr>
						<td>
							<a href="#arduino%3aavr%3auno"><b>arduino:avr:uno</b></a>
							<br />
							<small>1.8.4</small>
						</td>

						
							<td>Yes</td>
							<td class="pass">PASS</td>
						
						
						
						

						
							
								
									
										
											<td class="pass">PASS</td>
											
										
									
										
									
										
									
										
									
										
									
										
									
										
									
										
									
										
									
								
							
								
							
								
							
								
							
								
							
						
							
								
									
										
									
										
									
										
									
										
									
										
									
										
											<td class="pass">PASS</td>
											
										
									
										
									
										
									
										
									
								
							
								
							
								
							
								
							
								
							
						
							
								
									
										
									
										
									
										
									
										
									
										
									
										
									
										
									
										
									
										
											<td class="pass">PASS</td>
											
										
									
								
							
								
							
								
							
								
							
								
							
						
							
								
									
										
									
										
											<td class="pass">PASS</td>
											
										
									
										
									
										
									
										
									
										
									
										
									
										
									
										
									
								
							
								
							
								
							
								
							
								
							
						
							
								
									
										
									
										
									
										
											<td class="pass">PASS</td>
											
										
									
										
									
										
									
										
									
										
									
										
									
										
									
								
							
								
							
								
							
								
							
								
							
						
							
								
									
										
									
										
									
										
									
										
											<td class="pass">PASS</td>
											
										
									
										
									
										
									
										
									
										
									
										
									
								
							
								
							
								
							
								
							
								
							
						
							
								
									
										
									
										
									
										
									
										
									
										
											<td class="pass">PASS</td>
											
										
									
										
									
										
									
										
									
										
									
								
							
								
							
								
							
								
							
								
							
						
							
								
									
										
									
										
									
										
									
										
									
										
									
										
									
										
											<td class="pass">PASS</td>
											
										
									
										
									
										
									
								
							
								
							
								
							
								
							
								
							
						
							
								
									
										
									
										
									
										
									
										
									
										
									
										
									
										
									
										
											<td class="pass">PASS</td>
											
										
									
										
									
								
							
								
							
								
							
								
							
								
							
						
					</tr>
					
					<tr>
						<td>
							<a href="#arduino%3ambed_nano%3ananorp2040connect"><b>arduino:mbed_nano:nanorp2040connect</b></a>
							<br />
							<small>2.7.2</small>
						</td>

						
							<td>Yes</td>
							<td class="pass">PASS</td>
						
						
						
						

						
							
								
							
								
									
										
											<td class="pass">PASS</td>
											
										
									
										
									
										
									
										
									
										
									
										
									
										
									
										
									
										
									
								
							
								
							
								
							
								
							
						
							
								
							
								
									
										
									
										
									
										
									
										
									
										
									
										
											<td class="pass">PASS</td>
											
										
									
										
									
										
									
										
									
								
							
								
							
								
							
								
							
						
							
								
							
								
									
										
									
										
									
										
									
										
									
										
									
										
									
										
									
										
									
										
											
											<td class="fail">FAIL</td>
										
									
								
							
								
							
								
							
								
							
						
							
								
							
								
									
										
									
										
											<td class="pass">PASS</td>
											
										
									
										
									
										
									
										
									
										
									
										
									
										
									
										
									
								
							
								
							
								
							
								
							
						
							
								
							
								
									
										
									
										
									
										
											<td class="pass">PASS</td>
											
										
									
										
									
										
									
										
									
										
									
										
									
										
									
								
							
								
							
								
							
								
							
						
							
								
							
								
									
										
									
										
									
										
									
										
											
											<td class="fail">FAIL</td>
										
									
										
									
										
									
										
									
										
									
										
									
								
							
								
							
								
							
								
							
						
							
								
							
								
									
										
									
										
									
										
									
										
									
										
											<td class="pass">PASS</td>
											
										
									
										
									
										
									
										
									
										
									
								
							
								
							
								
							
								
							
						
							
								
							
								
									
										
									
										
									
										
									
										
									
										
									
										
									
										
											
											<td class="fail">FAIL</td>
										
									
										
									
										
									
								
							
								
							
								
							
								
							
						
							
								
							
								
									
										
									
										
									
										
									
										
									
										
									
										
									
										
									
										
											
											<td class="fail">FAIL</td>
										
									
										
									
								
							
								
							
								
							
								
							
						
					</tr>
					
					<tr>
						<td>
							<a href="#arduino%3amegaavr%3anona4809"><b>arduino:megaavr:nona4809</b></a>
							<br />
							<small>1.8.7</small>
						</td>

						
							<td>Yes</td>
							<td class="pass">PASS</td>
						
						
						
						

						
							
								
							
								
							
								
									
										
											<td class="pass">PASS</td>
											
										
									
										
									
										
									
										
									
										
									
										
									
										
									
										
									
										
									
								
							
								
							
								
							
						
							
								
							
								
							
								
									
										
									
										
									
										
									
										
									
										
									
										
											<td class="pass">PASS</td>
											
										
									
										
									
										
									
										
									
								
							
								
							
								
							
						
							
								
							
								
							
								
									
										
									
										
									
										
									
										
									
										
									
										
									
										
									
										
									
										
											<td class="pass">PASS</td>
											
										
									
								
							
								
							
								
							
						
							
								
							
								
							
								
									
										
									
										
											<td class="pass">PASS</td>
											
										
									
										
									
										
									
										
									
										
									
										
									
										
									
										
									
								
							
								
							
								
							
						
							
								
							
								
							
								
									
										
									
										
									
										
											<td class="pass">PASS</td>
											
										
									
										
									
										
									
										
									
										
									
										
									
										
									
								
							
								
							
								
							
						
							
								
							
								
							
								
									
										
									
										
									
										
									
										
											<td class="pass">PASS</td>
											
										
									
										
									
										
									
										
									
										
									
										
									
								
							
								
							
								
							
						
							
								
							
								
							
								
									
										
									
										
									
										
									
										
									
										
											<td class="pass">PASS</td>
											
										
									
										
									
										
									
										
									
										
									
								
							
								
							
								
							
						
							
								
							
								
							
								
									
										
									
										
									
										
									
										
									
										
									
										
									
										
											<td class="pass">PASS</td>
											
										
									
										
									
										
									
								
							
								
							
								
							
						
							
								
							
								
							
								
									
										
									
										
									
										
									
										
									
										
									
										
									
										
									
										
											<td class="pass">PASS</td>
											
										
									
										
									
								
							
								
							
								
							
						
					</tr>
					
					<tr>
						<td>
							<a href="#arduino%3asamd%3amkrwifi1010"><b>arduino:samd:mkrwifi1010</b></a>
							<br />
							<small>1.8.12</small>
						</td>

						
							<td>Yes</td>
							<td class="pass">PASS</td>
						
						
						
						

						
							
								
							
								
							
								
							
								
									
										
											<td class="pass">PASS</td>
											
										
									
										
									
										
									
										
									
										
									
										
									
										
									
										
									
										
									
								
							
								
							
						
							
								
							
								
							
								
							
								
									
										
									
										
									
										
									
										
									
										
									
										
											<td class="pass">PASS</td>
											
										
									
										
									
										
									
										
									
								
							
								
							
						
							
								
							
								
							
								
							
								
									
										
									
										
									
										
									
										
									
										
									
										
									
										
									
										
									
										
											<td class="pass">PASS</td>
											
										
									
								
							
								
							
						
							
								
							
								
							
								
							
								
									
										
									
										
											<td class="pass">PASS</td>
											
										
									
										
									
										
									
										
									
										
									
										
									
										
									
										
									
								
							
								
							
						
							
								
							
								
							
								
							
								
									
										
									
										
									
										
											<td class="pass">PASS</td>
											
										
									
										
									
										
									
										
									
										
									
										
									
										
									
								
							
								
							
						
							
								
							
								
							
								
							
								
									
										
									
										
									
										
									
										
											<td class="pass">PASS</td>
											
										
									
										
									
										
									
										
									
										
									
										
									
								
							
								
							
						
							
								
							
								
							
								
							
								
									
										
									
										
									
										
									
										
									
										
											<td class="pass">PASS</td>
											
										
									
										
									
										
									
										
									
										
									
								
							
								
							
						
							
								
							
								
							
								
							
								
									
										
									
										
									
										
									
										
									
										
									
										
									
										
											
											<td class="fail">FAIL</td>
										
									
										
									
										
									
								
							
								
							
						
							
								
							
								
							
								
							
								
									
										
									
										
									
										
									
										
									
										
									
										
									
										
									
										
											
											<td class="fail">FAIL</td>
										
									
										
									
								
							
								
							
						
					</tr>
					
					<tr>
						<td>
							<a href="#esp32%3aesp32%3ad1_mini32"><b>esp32:esp32:d1_mini32</b></a>
							<br />
							<small>1.0.6</small>
						</td>

						
							<td>Yes</td>
							<td class="pass">PASS</td>
						
						
						
						

						
							
								
							
								
							
								
							
								
							
								
									
										
											<td class="pass">PASS</td>
											
										
									
										
									
										
									
										
									
										
									
										
									
										
									
										
									
										
									
								
							
						
							
								
							
								
							
								
							
								
							
								
									
										
									
										
									
										
									
										
									
										
									
										
											<td class="pass">PASS</td>
											
										
									
										
									
										
									
										
									
								
							
						
							
								
							
								
							
								
							
								
							
								
									
										
									
										
									
										
									
										
									
										
									
										
									
										
									
										
									
										
											<td class="pass">PASS</td>
											
										
									
								
							
						
							
								
							
								
							
								
							
								
							
								
									
										
									
										
											<td class="pass">PASS</td>
											
										
									
										
									
										
									
										
									
										
									
										
									
										
									
										
									
								
							
						
							
								
							
								
							
								
							
								
							
								
									
										
									
										
									
										
											<td class="pass">PASS</td>
											
										
									
										
									
										
									
										
									
										
									
										
									
										
									
								
							
						
							
								
							
								
							
								
							
								
							
								
									
										
									
										
									
										
									
										
											<td class="pass">PASS</td>
											
										
									
										
									
										
									
										
									
										
									
										
									
								
							
						
							
								
							
								
							
								
							
								
							
								
									
										
									
										
									
										
									
										
									
										
											<td class="pass">PASS</td>
											
										
									
										
									
										
									
										
									
										
									
								
							
						
							
								
							
								
							
								
							
								
							
								
									
										
									
										
									
										
									
										
									
										
									
										
									
										
											<td class="pass">PASS</td>
											
										
									
										
									
										
									
								
							
						
							
								
							
								
							
								
							
								
							
								
									
										
									
										
									
										
									
										
									
										
									
										
									
										
									
										
											
											<td class="fail">FAIL</td>
										
									
										
									
								
							
						
					</tr>
					
				</table>

				<h2>Compilation logs</h2>
				
				<h3 id="arduino:avr:uno">arduino:avr:uno @ 1.8.4</h3>
				<h4>Inclusion</h4>
				<p>
					Result: <b>PASS</b>
					
				</p>
				<pre class="pre-scrollable">Sketch uses 1636 bytes (5%) of program storage space. Maximum is 32256 bytes.
Global variables use 122 bytes (5%) of dynamic memory, leaving 1926 bytes for local variables. Maximum is 2048 bytes.
</pre>

					
					<h4>examples/Example1_BasicReadings</h4>
					<p>
						Result: <b>PASS</b>
					</p>
					<pre class="pre-scrollable">Sketch uses 5466 bytes (16%) of program storage space. Maximum is 32256 bytes.
Global variables use 495 bytes (24%) of dynamic memory, leaving 1553 bytes for local variables. Maximum is 2048 bytes.
</pre>
					
					<h4>examples/Example2_RawSignals</h4>
					<p>
						Result: <b>PASS</b>
					</p>
					<pre class="pre-scrollable">Sketch uses 5992 bytes (18%) of program storage space. Maximum is 32256 bytes.
Global variables use 527 bytes (25%) of dynamic memory, leaving 1521 bytes for local variables. Maximum is 2048 bytes.
</pre>
					
					<h4>examples/Example3_Humidity</h4>
					<p>
						Result: <b>PASS</b>
					</p>
					<pre class="pre-scrollable">Sketch uses 10420 bytes (32%) of program storage space. Maximum is 32256 bytes.
Global variables use 619 bytes (30%) of dynamic memory, leaving 1429 bytes for local variables. Maximum is 2048 bytes.
</pre>
					
					<h4>examples/Example4_ErrorChecking</h4>
					<p>
						Result: <b>PASS</b>
					</p>
					<pre class="pre-scrollable">Sketch uses 5622 bytes (17%) of program storage space. Maximum is 32256 bytes.
Global variables use 525 bytes (25%) of dynamic memory, leaving 1523 bytes for local variables. Maximum is 2048 bytes.
</pre>
					
					<h4>examples/Example5_DeviceInfo</h4>
					<p>
						Result: <b>PASS</b>
					</p>
					<pre class="pre-scrollable">Sketch uses 5386 bytes (16%) of program storage space. Maximum is 32256 bytes.
Global variables use 509 bytes (24%) of dynamic memory, leaving 1539 bytes for local variables. Maximum is 2048 bytes.
</pre>
					
					<h4>examples/Example6_SchedulerReadings</h4>
					<p>
						Result: <b>PASS</b>
					</p>
					<pre class="pre-scrollable">Sketch uses 7136 bytes (22%) of program storage space. Maximum is 32256 bytes.
Global variables use 559 bytes (27%) of dynamic memory, leaving 1489 bytes for local variables. Maximum is 2048 bytes.
</pre>
					
					<h4>examples/Example7_Reset</h4>
					<p>
						Result: <b>PASS</b>
					</p>
					<pre class="pre-scrollable">Sketch uses 6546 bytes (20%) of program storage space. Maximum is 32256 bytes.
Global variables use 561 bytes (27%) of dynamic memory, leaving 1487 bytes for local variables. Maximum is 2048 bytes.
</pre>
					
					<h4>examples/Example8_OtherI2C</h4>
					<p>
						Result: <b>PASS</b>
					</p>
					<pre class="pre-scrollable">Sketch uses 5566 bytes (17%) of program storage space. Maximum is 32256 bytes.
Global variables use 499 bytes (24%) of dynamic memory, leaving 1549 bytes for local variables. Maximum is 2048 bytes.
</pre>
					
					<h4>examples/Example9_UnitTest</h4>
					<p>
						Result: <b>PASS</b>
					</p>
					<pre class="pre-scrollable">Sketch uses 5058 bytes (15%) of program storage space. Maximum is 32256 bytes.
Global variables use 521 bytes (25%) of dynamic memory, leaving 1527 bytes for local variables. Maximum is 2048 bytes.
</pre>
					
				
				<h3 id="arduino:mbed_nano:nanorp2040connect">arduino:mbed_nano:nanorp2040connect @ 2.7.2</h3>
				<h4>Inclusion</h4>
				<p>
					Result: <b>PASS</b>
					
				</p>
				<pre class="pre-scrollable">Sketch uses 81706 bytes (0%) of program storage space. Maximum is 16777216 bytes.
Global variables use 44220 bytes (16%) of dynamic memory, leaving 226116 bytes for local variables. Maximum is 270336 bytes.
</pre>

					
					<h4>examples/Example1_BasicReadings</h4>
					<p>
						Result: <b>PASS</b>
					</p>
					<pre class="pre-scrollable">Sketch uses 82562 bytes (0%) of program storage space. Maximum is 16777216 bytes.
Global variables use 44256 bytes (16%) of dynamic memory, leaving 226080 bytes for local variables. Maximum is 270336 bytes.
</pre>
					
					<h4>examples/Example2_RawSignals</h4>
					<p>
						Result: <b>PASS</b>
					</p>
					<pre class="pre-scrollable">Sketch uses 82854 bytes (0%) of program storage space. Maximum is 16777216 bytes.
Global variables use 44264 bytes (16%) of dynamic memory, leaving 226072 bytes for local variables. Maximum is 270336 bytes.
</pre>
					
					<h4>examples/Example3_Humidity</h4>
					<p>
						Result: <b>PASS</b>
					</p>
					<pre class="pre-scrollable">Sketch uses 93056 bytes (0%) of program storage space. Maximum is 16777216 bytes.
Global variables use 44280 bytes (16%) of dynamic memory, leaving 226056 bytes for local variables. Maximum is 270336 bytes.
</pre>
					
					<h4>examples/Example4_ErrorChecking</h4>
					<p>
						Result: <b>FAIL</b>
					</p>
					<pre class="pre-scrollable">/home/ec2-user/arduino-testlib/cli-datadir/user/libraries/SparkFun_SGP30_Arduino_Library/examples/Example4_ErrorChecking/Example4_ErrorChecking.ino:20:10: error: &#39;SGP30ERR error&#39; redeclared as different kind of symbol
 SGP30ERR error;
          ^~~~~
In file included from /home/ec2-user/arduino-testlib/cli-datadir/data/packages/arduino/hardware/mbed_nano/2.7.2/cores/arduino/mbed/rtos/include/rtos/Queue.h:30:0,
                 from /home/ec2-user/arduino-testlib/cli-datadir/data/packages/arduino/hardware/mbed_nano/2.7.2/cores/arduino/mbed/rtos/include/rtos/Mail.h:29,
                 from /home/ec2-user/arduino-testlib/cli-datadir/data/packages/arduino/hardware/mbed_nano/2.7.2/cores/arduino/mbed/rtos/include/rtos/rtos.h:33,
                 from /home/ec2-user/arduino-testlib/cli-datadir/data/packages/arduino/hardware/mbed_nano/2.7.2/libraries/Wire/Wire.h:28,
                 from /home/ec2-user/arduino-testlib/cli-datadir/user/libraries/SparkFun_SGP30_Arduino_Library/src/SparkFun_SGP30_Arduino_Library.h:43,
                 from /home/ec2-user/arduino-testlib/cli-datadir/user/libraries/SparkFun_SGP30_Arduino_Library/examples/Example4_ErrorChecking/Example4_ErrorChecking.ino:16:
/home/ec2-user/arduino-testlib/cli-datadir/data/packages/arduino/hardware/mbed_nano/2.7.2/cores/arduino/mbed/platform/include/platform/mbed_error.h:896:20: note: previous declaration &#39;void error(const char*, ...)&#39;
 MBED_NORETURN void error(const char *format, ...) MBED_PRINTF(1, 2);
                    ^~~~~
/home/ec2-user/arduino-testlib/cli-datadir/user/libraries/SparkFun_SGP30_Arduino_Library/examples/Example4_ErrorChecking/Example4_ErrorChecking.ino: In function &#39;void loop()&#39;:
/home/ec2-user/arduino-testlib/cli-datadir/user/libraries/SparkFun_SGP30_Arduino_Library/examples/Example4_ErrorChecking/Example4_ErrorChecking.ino:46:40: error: assignment of function &#39;void error(const char*, ...)&#39;
     error = mySensor.measureAirQuality();
                                        ^
/home/ec2-user/arduino-testlib/cli-datadir/user/libraries/SparkFun_SGP30_Arduino_Library/examples/Example4_ErrorChecking/Example4_ErrorChecking.ino:46:40: error: cannot convert &#39;SGP30ERR&#39; to &#39;void(const char*, ...)&#39; in assignment
/home/ec2-user/arduino-testlib/cli-datadir/user/libraries/SparkFun_SGP30_Arduino_Library/examples/Example4_ErrorChecking/Example4_ErrorChecking.ino:47:15: error: no match for &#39;operator==&#39; (operand types are &#39;void(const char*, ...)&#39; and &#39;SGP30ERR&#39;)
     if (error == SGP30_SUCCESS) {
         ~~~~~~^~~~~~~~~~~~~~~~
/home/ec2-user/arduino-testlib/cli-datadir/user/libraries/SparkFun_SGP30_Arduino_Library/examples/Example4_ErrorChecking/Example4_ErrorChecking.ino:54:20: error: no match for &#39;operator==&#39; (operand types are &#39;void(const char*, ...)&#39; and &#39;SGP30ERR&#39;)
     else if (error == SGP30_ERR_BAD_CRC) {
              ~~~~~~^~~~~~~~~~~~~~~~~~~~
/home/ec2-user/arduino-testlib/cli-datadir/user/libraries/SparkFun_SGP30_Arduino_Library/examples/Example4_ErrorChecking/Example4_ErrorChecking.ino:57:20: error: no match for &#39;operator==&#39; (operand types are &#39;void(const char*, ...)&#39; and &#39;SGP30ERR&#39;)
     else if (error == SGP30_ERR_I2C_TIMEOUT) {
              ~~~~~~^~~~~~~~~~~~~~~~~~~~~~~~

</pre>
					
					<h4>examples/Example5_DeviceInfo</h4>
					<p>
						Result: <b>PASS</b>
					</p>
					<pre class="pre-scrollable">Sketch uses 82460 bytes (0%) of program storage space. Maximum is 16777216 bytes.
Global variables use 44256 bytes (16%) of dynamic memory, leaving 226080 bytes for local variables. Maximum is 270336 bytes.
</pre>
					
					<h4>examples/Example6_SchedulerReadings</h4>
					<p>
						Result: <b>PASS</b>
					</p>
					<pre class="pre-scrollable">Sketch uses 83250 bytes (0%) of program storage space. Maximum is 16777216 bytes.
Global variables use 44328 bytes (16%) of dynamic memory, leaving 226008 bytes for local variables. Maximum is 270336 bytes.
</pre>
					
					<h4>examples/Example7_Reset</h4>
					<p>
						Result: <b>FAIL</b>
					</p>
					<pre class="pre-scrollable">In file included from /home/ec2-user/arduino-testlib/cli-datadir/user/libraries/SparkFun_SGP30_Arduino_Library/examples/Example7_Reset/Example7_Reset.ino:18:0:
/home/ec2-user/arduino-testlib/cli-datadir/user/libraries/Hello_Drum/src/EEPROM.h:25:10: fatal error: avr/eeprom.h: No such file or directory
 #include &lt;avr/eeprom.h&gt;
          ^~~~~~~~~~~~~~
compilation terminated.
Multiple libraries were found for &#34;EEPROM.h&#34;
  Used: /home/ec2-user/arduino-testlib/cli-datadir/user/libraries/Hello_Drum
  Not used: /home/ec2-user/arduino-testlib/cli-datadir/user/libraries/arduino-NVM
</pre>
					
					<h4>examples/Example8_OtherI2C</h4>
					<p>
						Result: <b>FAIL</b>
					</p>
					<pre class="pre-scrollable">/home/ec2-user/arduino-testlib/cli-datadir/user/libraries/SoftwareWire/SoftwareWire.cpp: In constructor &#39;SoftwareWire::SoftwareWire(uint8_t, uint8_t, boolean, boolean)&#39;:
/home/ec2-user/arduino-testlib/cli-datadir/user/libraries/SoftwareWire/SoftwareWire.cpp:130:18: error: &#39;digitalPinToBitMask&#39; was not declared in this scope
   _sdaBitMask  = digitalPinToBitMask(_sdaPin);
                  ^~~~~~~~~~~~~~~~~~~
/home/ec2-user/arduino-testlib/cli-datadir/user/libraries/SoftwareWire/SoftwareWire.cpp:130:18: note: suggested alternative: &#39;digitalPinToPinName&#39;
   _sdaBitMask  = digitalPinToBitMask(_sdaPin);
                  ^~~~~~~~~~~~~~~~~~~
                  digitalPinToPinName
/home/ec2-user/arduino-testlib/cli-datadir/user/libraries/SoftwareWire/SoftwareWire.cpp:131:18: error: &#39;portOutputRegister&#39; was not declared in this scope
   _sdaPortReg  = portOutputRegister(port);
                  ^~~~~~~~~~~~~~~~~~
/home/ec2-user/arduino-testlib/cli-datadir/user/libraries/SoftwareWire/SoftwareWire.cpp:132:18: error: &#39;portModeRegister&#39; was not declared in this scope
   _sdaDirReg   = portModeRegister(port);
                  ^~~~~~~~~~~~~~~~
/home/ec2-user/arduino-testlib/cli-datadir/user/libraries/SoftwareWire/SoftwareWire.cpp:132:18: note: suggested alternative: &#39;register&#39;
   _sdaDirReg   = portModeRegister(port);
                  ^~~~~~~~~~~~~~~~
                  register
/home/ec2-user/arduino-testlib/cli-datadir/user/libraries/SoftwareWire/SoftwareWire.cpp:133:18: error: &#39;portInputRegister&#39; was not declared in this scope
   _sdaPinReg   = portInputRegister(port);      // PinReg is the input register, not the Arduino pin.
                  ^~~~~~~~~~~~~~~~~
/home/ec2-user/arduino-testlib/cli-datadir/user/libraries/SoftwareWire/SoftwareWire.cpp: In member function &#39;void SoftwareWire::setClock(uint32_t)&#39;:
/home/ec2-user/arduino-testlib/cli-datadir/user/libraries/SoftwareWire/SoftwareWire.cpp:438:18: error: &#39;F_CPU&#39; was not declared in this scope
   _i2cdelay = ( (F_CPU / 32L) / clock );               // The delay in microseconds, &#39;32&#39; is for this code.
                  ^~~~~
/home/ec2-user/arduino-testlib/cli-datadir/user/libraries/SoftwareWire/SoftwareWire.cpp: In member function &#39;void SoftwareWire::printStatus(arduino::Print&amp;)&#39;:
/home/ec2-user/arduino-testlib/cli-datadir/user/libraries/SoftwareWire/SoftwareWire.cpp:477:15: error: &#39;F_CPU&#39; was not declared in this scope
   Ser.println(F_CPU);
               ^~~~~
/home/ec2-user/arduino-testlib/cli-datadir/user/libraries/SoftwareWire/SoftwareWire.cpp:523:27: error: cast from &#39;volatile uint8_t* {aka volatile unsigned char*}&#39; to &#39;uint16_t {aka short unsigned int}&#39; loses precision [-fpermissive]
   Ser.println( (uint16_t) _sdaPortReg, HEX);
                           ^~~~~~~~~~~
/home/ec2-user/arduino-testlib/cli-datadir/user/libraries/SoftwareWire/SoftwareWire.cpp:525:27: error: cast from &#39;volatile uint8_t* {aka volatile unsigned char*}&#39; to &#39;uint16_t {aka short unsigned int}&#39; loses precision [-fpermissive]
   Ser.println( (uint16_t) _sclPortReg, HEX);
                           ^~~~~~~~~~~
/home/ec2-user/arduino-testlib/cli-datadir/user/libraries/SoftwareWire/SoftwareWire.cpp:527:27: error: cast from &#39;volatile uint8_t* {aka volatile unsigned char*}&#39; to &#39;uint16_t {aka short unsigned int}&#39; loses precision [-fpermissive]
   Ser.println( (uint16_t) _sdaDirReg, HEX);
                           ^~~~~~~~~~
/home/ec2-user/arduino-testlib/cli-datadir/user/libraries/SoftwareWire/SoftwareWire.cpp:529:27: error: cast from &#39;volatile uint8_t* {aka volatile unsigned char*}&#39; to &#39;uint16_t {aka short unsigned int}&#39; loses precision [-fpermissive]
   Ser.println( (uint16_t) _sclDirReg, HEX);
                           ^~~~~~~~~~
/home/ec2-user/arduino-testlib/cli-datadir/user/libraries/SoftwareWire/SoftwareWire.cpp:531:27: error: cast from &#39;volatile uint8_t* {aka volatile unsigned char*}&#39; to &#39;uint16_t {aka short unsigned int}&#39; loses precision [-fpermissive]
   Ser.println( (uint16_t) _sdaPinReg, HEX);
                           ^~~~~~~~~~
/home/ec2-user/arduino-testlib/cli-datadir/user/libraries/SoftwareWire/SoftwareWire.cpp:533:27: error: cast from &#39;volatile uint8_t* {aka volatile unsigned char*}&#39; to &#39;uint16_t {aka short unsigned int}&#39; loses precision [-fpermissive]
   Ser.println( (uint16_t) _sclPinReg, HEX);
                           ^~~~~~~~~~

</pre>
					
					<h4>examples/Example9_UnitTest</h4>
					<p>
						Result: <b>FAIL</b>
					</p>
					<pre class="pre-scrollable">/home/ec2-user/arduino-testlib/cli-datadir/user/libraries/SparkFun_SGP30_Arduino_Library/examples/Example9_UnitTest/Example9_UnitTest.ino:20:10: error: &#39;SGP30ERR error&#39; redeclared as different kind of symbol
 SGP30ERR error;
          ^~~~~
In file included from /home/ec2-user/arduino-testlib/cli-datadir/data/packages/arduino/hardware/mbed_nano/2.7.2/cores/arduino/mbed/rtos/include/rtos/Queue.h:30:0,
                 from /home/ec2-user/arduino-testlib/cli-datadir/data/packages/arduino/hardware/mbed_nano/2.7.2/cores/arduino/mbed/rtos/include/rtos/Mail.h:29,
                 from /home/ec2-user/arduino-testlib/cli-datadir/data/packages/arduino/hardware/mbed_nano/2.7.2/cores/arduino/mbed/rtos/include/rtos/rtos.h:33,
                 from /home/ec2-user/arduino-testlib/cli-datadir/data/packages/arduino/hardware/mbed_nano/2.7.2/libraries/Wire/Wire.h:28,
                 from /home/ec2-user/arduino-testlib/cli-datadir/user/libraries/SparkFun_SGP30_Arduino_Library/src/SparkFun_SGP30_Arduino_Library.h:43,
                 from /home/ec2-user/arduino-testlib/cli-datadir/user/libraries/SparkFun_SGP30_Arduino_Library/examples/Example9_UnitTest/Example9_UnitTest.ino:16:
/home/ec2-user/arduino-testlib/cli-datadir/data/packages/arduino/hardware/mbed_nano/2.7.2/cores/arduino/mbed/platform/include/platform/mbed_error.h:896:20: note: previous declaration &#39;void error(const char*, ...)&#39;
 MBED_NORETURN void error(const char *format, ...) MBED_PRINTF(1, 2);
                    ^~~~~
/home/ec2-user/arduino-testlib/cli-datadir/user/libraries/SparkFun_SGP30_Arduino_Library/examples/Example9_UnitTest/Example9_UnitTest.ino: In function &#39;void setup()&#39;:
/home/ec2-user/arduino-testlib/cli-datadir/user/libraries/SparkFun_SGP30_Arduino_Library/examples/Example9_UnitTest/Example9_UnitTest.ino:30:32: error: assignment of function &#39;void error(const char*, ...)&#39;
   error = mySensor.measureTest();
                                ^
/home/ec2-user/arduino-testlib/cli-datadir/user/libraries/SparkFun_SGP30_Arduino_Library/examples/Example9_UnitTest/Example9_UnitTest.ino:30:32: error: cannot convert &#39;SGP30ERR&#39; to &#39;void(const char*, ...)&#39; in assignment
/home/ec2-user/arduino-testlib/cli-datadir/user/libraries/SparkFun_SGP30_Arduino_Library/examples/Example9_UnitTest/Example9_UnitTest.ino:31:13: error: no match for &#39;operator==&#39; (operand types are &#39;void(const char*, ...)&#39; and &#39;SGP30ERR&#39;)
   if (error == SGP30_SUCCESS) {
       ~~~~~~^~~~~~~~~~~~~~~~
/home/ec2-user/arduino-testlib/cli-datadir/user/libraries/SparkFun_SGP30_Arduino_Library/examples/Example9_UnitTest/Example9_UnitTest.ino:34:18: error: no match for &#39;operator==&#39; (operand types are &#39;void(const char*, ...)&#39; and &#39;SGP30ERR&#39;)
   else if (error == SGP30_ERR_BAD_CRC) {
            ~~~~~~^~~~~~~~~~~~~~~~~~~~
/home/ec2-user/arduino-testlib/cli-datadir/user/libraries/SparkFun_SGP30_Arduino_Library/examples/Example9_UnitTest/Example9_UnitTest.ino:37:18: error: no match for &#39;operator==&#39; (operand types are &#39;void(const char*, ...)&#39; and &#39;SGP30ERR&#39;)
   else if (error == SGP30_ERR_I2C_TIMEOUT) {
            ~~~~~~^~~~~~~~~~~~~~~~~~~~~~~~
/home/ec2-user/arduino-testlib/cli-datadir/user/libraries/SparkFun_SGP30_Arduino_Library/examples/Example9_UnitTest/Example9_UnitTest.ino:40:18: error: no match for &#39;operator==&#39; (operand types are &#39;void(const char*, ...)&#39; and &#39;SGP30ERR&#39;)
   else if (error == SGP30_SELF_TEST_FAIL) {
            ~~~~~~^~~~~~~~~~~~~~~~~~~~~~~

</pre>
					
				
				<h3 id="arduino:megaavr:nona4809">arduino:megaavr:nona4809 @ 1.8.7</h3>
				<h4>Inclusion</h4>
				<p>
					Result: <b>PASS</b>
					
				</p>
				<pre class="pre-scrollable">Sketch uses 3104 bytes (6%) of program storage space. Maximum is 49152 bytes.
Global variables use 317 bytes (5%) of dynamic memory, leaving 5827 bytes for local variables. Maximum is 6144 bytes.
In file included from /home/ec2-user/arduino-testlib/cli-datadir/user/libraries/SparkFun_SGP30_Arduino_Library/src/SparkFun_SGP30_Arduino_Library.h:43:0,
                 from /home/ec2-user/arduino-testlib/cli-datadir/user/libraries/SparkFun_SGP30_Arduino_Library/src/SparkFun_SGP30_Arduino_Library.cpp:39:
/home/ec2-user/arduino-testlib/cli-datadir/data/packages/arduino/hardware/megaavr/1.8.7/libraries/Wire/src/Wire.h: In member function &#39;SGP30ERR SGP30::measureAirQuality()&#39;:
/home/ec2-user/arduino-testlib/cli-datadir/data/packages/arduino/hardware/megaavr/1.8.7/libraries/Wire/src/Wire.h:63:12: note: candidate 1: size_t TwoWire::requestFrom(int, int)
     size_t requestFrom(int, int);
            ^~~~~~~~~~~
/home/ec2-user/arduino-testlib/cli-datadir/data/packages/arduino/hardware/megaavr/1.8.7/libraries/Wire/src/Wire.h:61:12: note: candidate 2: virtual size_t TwoWire::requestFrom(uint8_t, size_t)
     size_t requestFrom(uint8_t, size_t);
            ^~~~~~~~~~~
/home/ec2-user/arduino-testlib/cli-datadir/data/packages/arduino/hardware/megaavr/1.8.7/libraries/Wire/src/Wire.h: In member function &#39;SGP30ERR SGP30::getBaseline()&#39;:
/home/ec2-user/arduino-testlib/cli-datadir/data/packages/arduino/hardware/megaavr/1.8.7/libraries/Wire/src/Wire.h:63:12: note: candidate 1: size_t TwoWire::requestFrom(int, int)
     size_t requestFrom(int, int);
            ^~~~~~~~~~~
/home/ec2-user/arduino-testlib/cli-datadir/data/packages/arduino/hardware/megaavr/1.8.7/libraries/Wire/src/Wire.h:61:12: note: candidate 2: virtual size_t TwoWire::requestFrom(uint8_t, size_t)
     size_t requestFrom(uint8_t, size_t);
            ^~~~~~~~~~~
/home/ec2-user/arduino-testlib/cli-datadir/data/packages/arduino/hardware/megaavr/1.8.7/libraries/Wire/src/Wire.h: In member function &#39;SGP30ERR SGP30::getFeatureSetVersion()&#39;:
/home/ec2-user/arduino-testlib/cli-datadir/data/packages/arduino/hardware/megaavr/1.8.7/libraries/Wire/src/Wire.h:63:12: note: candidate 1: size_t TwoWire::requestFrom(int, int)
     size_t requestFrom(int, int);
            ^~~~~~~~~~~
/home/ec2-user/arduino-testlib/cli-datadir/data/packages/arduino/hardware/megaavr/1.8.7/libraries/Wire/src/Wire.h:61:12: note: candidate 2: virtual size_t TwoWire::requestFrom(uint8_t, size_t)
     size_t requestFrom(uint8_t, size_t);
            ^~~~~~~~~~~
/home/ec2-user/arduino-testlib/cli-datadir/data/packages/arduino/hardware/megaavr/1.8.7/libraries/Wire/src/Wire.h: In member function &#39;SGP30ERR SGP30::measureRawSignals()&#39;:
/home/ec2-user/arduino-testlib/cli-datadir/data/packages/arduino/hardware/megaavr/1.8.7/libraries/Wire/src/Wire.h:63:12: note: candidate 1: size_t TwoWire::requestFrom(int, int)
     size_t requestFrom(int, int);
            ^~~~~~~~~~~
/home/ec2-user/arduino-testlib/cli-datadir/data/packages/arduino/hardware/megaavr/1.8.7/libraries/Wire/src/Wire.h:61:12: note: candidate 2: virtual size_t TwoWire::requestFrom(uint8_t, size_t)
     size_t requestFrom(uint8_t, size_t);
            ^~~~~~~~~~~
/home/ec2-user/arduino-testlib/cli-datadir/data/packages/arduino/hardware/megaavr/1.8.7/libraries/Wire/src/Wire.h: In member function &#39;SGP30ERR SGP30::getSerialID()&#39;:
/home/ec2-user/arduino-testlib/cli-datadir/data/packages/arduino/hardware/megaavr/1.8.7/libraries/Wire/src/Wire.h:63:12: note: candidate 1: size_t TwoWire::requestFrom(int, int)
     size_t requestFrom(int, int);
            ^~~~~~~~~~~
/home/ec2-user/arduino-testlib/cli-datadir/data/packages/arduino/hardware/megaavr/1.8.7/libraries/Wire/src/Wire.h:61:12: note: candidate 2: virtual size_t TwoWire::requestFrom(uint8_t, size_t)
     size_t requestFrom(uint8_t, size_t);
            ^~~~~~~~~~~
/home/ec2-user/arduino-testlib/cli-datadir/data/packages/arduino/hardware/megaavr/1.8.7/libraries/Wire/src/Wire.h: In member function &#39;SGP30ERR SGP30::measureTest()&#39;:
/home/ec2-user/arduino-testlib/cli-datadir/data/packages/arduino/hardware/megaavr/1.8.7/libraries/Wire/src/Wire.h:63:12: note: candidate 1: size_t TwoWire::requestFrom(int, int)
     size_t requestFrom(int, int);
            ^~~~~~~~~~~
/home/ec2-user/arduino-testlib/cli-datadir/data/packages/arduino/hardware/megaavr/1.8.7/libraries/Wire/src/Wire.h:61:12: note: candidate 2: virtual size_t TwoWire::requestFrom(uint8_t, size_t)
     size_t requestFrom(uint8_t, size_t);
            ^~~~~~~~~~~
</pre>

					
					<h4>examples/Example1_BasicReadings</h4>
					<p>
						Result: <b>PASS</b>
					</p>
					<pre class="pre-scrollable">Sketch uses 6412 bytes (13%) of program storage space. Maximum is 49152 bytes.
Global variables use 509 bytes (8%) of dynamic memory, leaving 5635 bytes for local variables. Maximum is 6144 bytes.
In file included from /home/ec2-user/arduino-testlib/cli-datadir/user/libraries/SparkFun_SGP30_Arduino_Library/src/SparkFun_SGP30_Arduino_Library.h:43:0,
                 from /home/ec2-user/arduino-testlib/cli-datadir/user/libraries/SparkFun_SGP30_Arduino_Library/src/SparkFun_SGP30_Arduino_Library.cpp:39:
/home/ec2-user/arduino-testlib/cli-datadir/data/packages/arduino/hardware/megaavr/1.8.7/libraries/Wire/src/Wire.h: In member function &#39;SGP30ERR SGP30::measureAirQuality()&#39;:
/home/ec2-user/arduino-testlib/cli-datadir/data/packages/arduino/hardware/megaavr/1.8.7/libraries/Wire/src/Wire.h:63:12: note: candidate 1: size_t TwoWire::requestFrom(int, int)
     size_t requestFrom(int, int);
            ^~~~~~~~~~~
/home/ec2-user/arduino-testlib/cli-datadir/data/packages/arduino/hardware/megaavr/1.8.7/libraries/Wire/src/Wire.h:61:12: note: candidate 2: virtual size_t TwoWire::requestFrom(uint8_t, size_t)
     size_t requestFrom(uint8_t, size_t);
            ^~~~~~~~~~~
/home/ec2-user/arduino-testlib/cli-datadir/data/packages/arduino/hardware/megaavr/1.8.7/libraries/Wire/src/Wire.h: In member function &#39;SGP30ERR SGP30::getBaseline()&#39;:
/home/ec2-user/arduino-testlib/cli-datadir/data/packages/arduino/hardware/megaavr/1.8.7/libraries/Wire/src/Wire.h:63:12: note: candidate 1: size_t TwoWire::requestFrom(int, int)
     size_t requestFrom(int, int);
            ^~~~~~~~~~~
/home/ec2-user/arduino-testlib/cli-datadir/data/packages/arduino/hardware/megaavr/1.8.7/libraries/Wire/src/Wire.h:61:12: note: candidate 2: virtual size_t TwoWire::requestFrom(uint8_t, size_t)
     size_t requestFrom(uint8_t, size_t);
            ^~~~~~~~~~~
/home/ec2-user/arduino-testlib/cli-datadir/data/packages/arduino/hardware/megaavr/1.8.7/libraries/Wire/src/Wire.h: In member function &#39;SGP30ERR SGP30::getFeatureSetVersion()&#39;:
/home/ec2-user/arduino-testlib/cli-datadir/data/packages/arduino/hardware/megaavr/1.8.7/libraries/Wire/src/Wire.h:63:12: note: candidate 1: size_t TwoWire::requestFrom(int, int)
     size_t requestFrom(int, int);
            ^~~~~~~~~~~
/home/ec2-user/arduino-testlib/cli-datadir/data/packages/arduino/hardware/megaavr/1.8.7/libraries/Wire/src/Wire.h:61:12: note: candidate 2: virtual size_t TwoWire::requestFrom(uint8_t, size_t)
     size_t requestFrom(uint8_t, size_t);
            ^~~~~~~~~~~
/home/ec2-user/arduino-testlib/cli-datadir/data/packages/arduino/hardware/megaavr/1.8.7/libraries/Wire/src/Wire.h: In member function &#39;SGP30ERR SGP30::measureRawSignals()&#39;:
/home/ec2-user/arduino-testlib/cli-datadir/data/packages/arduino/hardware/megaavr/1.8.7/libraries/Wire/src/Wire.h:63:12: note: candidate 1: size_t TwoWire::requestFrom(int, int)
     size_t requestFrom(int, int);
            ^~~~~~~~~~~
/home/ec2-user/arduino-testlib/cli-datadir/data/packages/arduino/hardware/megaavr/1.8.7/libraries/Wire/src/Wire.h:61:12: note: candidate 2: virtual size_t TwoWire::requestFrom(uint8_t, size_t)
     size_t requestFrom(uint8_t, size_t);
            ^~~~~~~~~~~
/home/ec2-user/arduino-testlib/cli-datadir/data/packages/arduino/hardware/megaavr/1.8.7/libraries/Wire/src/Wire.h: In member function &#39;SGP30ERR SGP30::getSerialID()&#39;:
/home/ec2-user/arduino-testlib/cli-datadir/data/packages/arduino/hardware/megaavr/1.8.7/libraries/Wire/src/Wire.h:63:12: note: candidate 1: size_t TwoWire::requestFrom(int, int)
     size_t requestFrom(int, int);
            ^~~~~~~~~~~
/home/ec2-user/arduino-testlib/cli-datadir/data/packages/arduino/hardware/megaavr/1.8.7/libraries/Wire/src/Wire.h:61:12: note: candidate 2: virtual size_t TwoWire::requestFrom(uint8_t, size_t)
     size_t requestFrom(uint8_t, size_t);
            ^~~~~~~~~~~
/home/ec2-user/arduino-testlib/cli-datadir/data/packages/arduino/hardware/megaavr/1.8.7/libraries/Wire/src/Wire.h: In member function &#39;SGP30ERR SGP30::measureTest()&#39;:
/home/ec2-user/arduino-testlib/cli-datadir/data/packages/arduino/hardware/megaavr/1.8.7/libraries/Wire/src/Wire.h:63:12: note: candidate 1: size_t TwoWire::requestFrom(int, int)
     size_t requestFrom(int, int);
            ^~~~~~~~~~~
/home/ec2-user/arduino-testlib/cli-datadir/data/packages/arduino/hardware/megaavr/1.8.7/libraries/Wire/src/Wire.h:61:12: note: candidate 2: virtual size_t TwoWire::requestFrom(uint8_t, size_t)
     size_t requestFrom(uint8_t, size_t);
            ^~~~~~~~~~~
</pre>
					
					<h4>examples/Example2_RawSignals</h4>
					<p>
						Result: <b>PASS</b>
					</p>
					<pre class="pre-scrollable">Sketch uses 6951 bytes (14%) of program storage space. Maximum is 49152 bytes.
Global variables use 513 bytes (8%) of dynamic memory, leaving 5631 bytes for local variables. Maximum is 6144 bytes.
In file included from /home/ec2-user/arduino-testlib/cli-datadir/user/libraries/SparkFun_SGP30_Arduino_Library/src/SparkFun_SGP30_Arduino_Library.h:43:0,
                 from /home/ec2-user/arduino-testlib/cli-datadir/user/libraries/SparkFun_SGP30_Arduino_Library/src/SparkFun_SGP30_Arduino_Library.cpp:39:
/home/ec2-user/arduino-testlib/cli-datadir/data/packages/arduino/hardware/megaavr/1.8.7/libraries/Wire/src/Wire.h: In member function &#39;SGP30ERR SGP30::measureAirQuality()&#39;:
/home/ec2-user/arduino-testlib/cli-datadir/data/packages/arduino/hardware/megaavr/1.8.7/libraries/Wire/src/Wire.h:63:12: note: candidate 1: size_t TwoWire::requestFrom(int, int)
     size_t requestFrom(int, int);
            ^~~~~~~~~~~
/home/ec2-user/arduino-testlib/cli-datadir/data/packages/arduino/hardware/megaavr/1.8.7/libraries/Wire/src/Wire.h:61:12: note: candidate 2: virtual size_t TwoWire::requestFrom(uint8_t, size_t)
     size_t requestFrom(uint8_t, size_t);
            ^~~~~~~~~~~
/home/ec2-user/arduino-testlib/cli-datadir/data/packages/arduino/hardware/megaavr/1.8.7/libraries/Wire/src/Wire.h: In member function &#39;SGP30ERR SGP30::getBaseline()&#39;:
/home/ec2-user/arduino-testlib/cli-datadir/data/packages/arduino/hardware/megaavr/1.8.7/libraries/Wire/src/Wire.h:63:12: note: candidate 1: size_t TwoWire::requestFrom(int, int)
     size_t requestFrom(int, int);
            ^~~~~~~~~~~
/home/ec2-user/arduino-testlib/cli-datadir/data/packages/arduino/hardware/megaavr/1.8.7/libraries/Wire/src/Wire.h:61:12: note: candidate 2: virtual size_t TwoWire::requestFrom(uint8_t, size_t)
     size_t requestFrom(uint8_t, size_t);
            ^~~~~~~~~~~
/home/ec2-user/arduino-testlib/cli-datadir/data/packages/arduino/hardware/megaavr/1.8.7/libraries/Wire/src/Wire.h: In member function &#39;SGP30ERR SGP30::getFeatureSetVersion()&#39;:
/home/ec2-user/arduino-testlib/cli-datadir/data/packages/arduino/hardware/megaavr/1.8.7/libraries/Wire/src/Wire.h:63:12: note: candidate 1: size_t TwoWire::requestFrom(int, int)
     size_t requestFrom(int, int);
            ^~~~~~~~~~~
/home/ec2-user/arduino-testlib/cli-datadir/data/packages/arduino/hardware/megaavr/1.8.7/libraries/Wire/src/Wire.h:61:12: note: candidate 2: virtual size_t TwoWire::requestFrom(uint8_t, size_t)
     size_t requestFrom(uint8_t, size_t);
            ^~~~~~~~~~~
/home/ec2-user/arduino-testlib/cli-datadir/data/packages/arduino/hardware/megaavr/1.8.7/libraries/Wire/src/Wire.h: In member function &#39;SGP30ERR SGP30::measureRawSignals()&#39;:
/home/ec2-user/arduino-testlib/cli-datadir/data/packages/arduino/hardware/megaavr/1.8.7/libraries/Wire/src/Wire.h:63:12: note: candidate 1: size_t TwoWire::requestFrom(int, int)
     size_t requestFrom(int, int);
            ^~~~~~~~~~~
/home/ec2-user/arduino-testlib/cli-datadir/data/packages/arduino/hardware/megaavr/1.8.7/libraries/Wire/src/Wire.h:61:12: note: candidate 2: virtual size_t TwoWire::requestFrom(uint8_t, size_t)
     size_t requestFrom(uint8_t, size_t);
            ^~~~~~~~~~~
/home/ec2-user/arduino-testlib/cli-datadir/data/packages/arduino/hardware/megaavr/1.8.7/libraries/Wire/src/Wire.h: In member function &#39;SGP30ERR SGP30::getSerialID()&#39;:
/home/ec2-user/arduino-testlib/cli-datadir/data/packages/arduino/hardware/megaavr/1.8.7/libraries/Wire/src/Wire.h:63:12: note: candidate 1: size_t TwoWire::requestFrom(int, int)
     size_t requestFrom(int, int);
            ^~~~~~~~~~~
/home/ec2-user/arduino-testlib/cli-datadir/data/packages/arduino/hardware/megaavr/1.8.7/libraries/Wire/src/Wire.h:61:12: note: candidate 2: virtual size_t TwoWire::requestFrom(uint8_t, size_t)
     size_t requestFrom(uint8_t, size_t);
            ^~~~~~~~~~~
/home/ec2-user/arduino-testlib/cli-datadir/data/packages/arduino/hardware/megaavr/1.8.7/libraries/Wire/src/Wire.h: In member function &#39;SGP30ERR SGP30::measureTest()&#39;:
/home/ec2-user/arduino-testlib/cli-datadir/data/packages/arduino/hardware/megaavr/1.8.7/libraries/Wire/src/Wire.h:63:12: note: candidate 1: size_t TwoWire::requestFrom(int, int)
     size_t requestFrom(int, int);
            ^~~~~~~~~~~
/home/ec2-user/arduino-testlib/cli-datadir/data/packages/arduino/hardware/megaavr/1.8.7/libraries/Wire/src/Wire.h:61:12: note: candidate 2: virtual size_t TwoWire::requestFrom(uint8_t, size_t)
     size_t requestFrom(uint8_t, size_t);
            ^~~~~~~~~~~
</pre>
					
					<h4>examples/Example3_Humidity</h4>
					<p>
						Result: <b>PASS</b>
					</p>
					<pre class="pre-scrollable">Sketch uses 11363 bytes (23%) of program storage space. Maximum is 49152 bytes.
Global variables use 531 bytes (8%) of dynamic memory, leaving 5613 bytes for local variables. Maximum is 6144 bytes.
In file included from /home/ec2-user/arduino-testlib/cli-datadir/user/libraries/SparkFun_SGP30_Arduino_Library/src/SparkFun_SGP30_Arduino_Library.h:43:0,
                 from /home/ec2-user/arduino-testlib/cli-datadir/user/libraries/SparkFun_SGP30_Arduino_Library/src/SparkFun_SGP30_Arduino_Library.cpp:39:
/home/ec2-user/arduino-testlib/cli-datadir/data/packages/arduino/hardware/megaavr/1.8.7/libraries/Wire/src/Wire.h: In member function &#39;SGP30ERR SGP30::measureAirQuality()&#39;:
/home/ec2-user/arduino-testlib/cli-datadir/data/packages/arduino/hardware/megaavr/1.8.7/libraries/Wire/src/Wire.h:63:12: note: candidate 1: size_t TwoWire::requestFrom(int, int)
     size_t requestFrom(int, int);
            ^~~~~~~~~~~
/home/ec2-user/arduino-testlib/cli-datadir/data/packages/arduino/hardware/megaavr/1.8.7/libraries/Wire/src/Wire.h:61:12: note: candidate 2: virtual size_t TwoWire::requestFrom(uint8_t, size_t)
     size_t requestFrom(uint8_t, size_t);
            ^~~~~~~~~~~
/home/ec2-user/arduino-testlib/cli-datadir/data/packages/arduino/hardware/megaavr/1.8.7/libraries/Wire/src/Wire.h: In member function &#39;SGP30ERR SGP30::getBaseline()&#39;:
/home/ec2-user/arduino-testlib/cli-datadir/data/packages/arduino/hardware/megaavr/1.8.7/libraries/Wire/src/Wire.h:63:12: note: candidate 1: size_t TwoWire::requestFrom(int, int)
     size_t requestFrom(int, int);
            ^~~~~~~~~~~
/home/ec2-user/arduino-testlib/cli-datadir/data/packages/arduino/hardware/megaavr/1.8.7/libraries/Wire/src/Wire.h:61:12: note: candidate 2: virtual size_t TwoWire::requestFrom(uint8_t, size_t)
     size_t requestFrom(uint8_t, size_t);
            ^~~~~~~~~~~
/home/ec2-user/arduino-testlib/cli-datadir/data/packages/arduino/hardware/megaavr/1.8.7/libraries/Wire/src/Wire.h: In member function &#39;SGP30ERR SGP30::getFeatureSetVersion()&#39;:
/home/ec2-user/arduino-testlib/cli-datadir/data/packages/arduino/hardware/megaavr/1.8.7/libraries/Wire/src/Wire.h:63:12: note: candidate 1: size_t TwoWire::requestFrom(int, int)
     size_t requestFrom(int, int);
            ^~~~~~~~~~~
/home/ec2-user/arduino-testlib/cli-datadir/data/packages/arduino/hardware/megaavr/1.8.7/libraries/Wire/src/Wire.h:61:12: note: candidate 2: virtual size_t TwoWire::requestFrom(uint8_t, size_t)
     size_t requestFrom(uint8_t, size_t);
            ^~~~~~~~~~~
/home/ec2-user/arduino-testlib/cli-datadir/data/packages/arduino/hardware/megaavr/1.8.7/libraries/Wire/src/Wire.h: In member function &#39;SGP30ERR SGP30::measureRawSignals()&#39;:
/home/ec2-user/arduino-testlib/cli-datadir/data/packages/arduino/hardware/megaavr/1.8.7/libraries/Wire/src/Wire.h:63:12: note: candidate 1: size_t TwoWire::requestFrom(int, int)
     size_t requestFrom(int, int);
            ^~~~~~~~~~~
/home/ec2-user/arduino-testlib/cli-datadir/data/packages/arduino/hardware/megaavr/1.8.7/libraries/Wire/src/Wire.h:61:12: note: candidate 2: virtual size_t TwoWire::requestFrom(uint8_t, size_t)
     size_t requestFrom(uint8_t, size_t);
            ^~~~~~~~~~~
/home/ec2-user/arduino-testlib/cli-datadir/data/packages/arduino/hardware/megaavr/1.8.7/libraries/Wire/src/Wire.h: In member function &#39;SGP30ERR SGP30::getSerialID()&#39;:
/home/ec2-user/arduino-testlib/cli-datadir/data/packages/arduino/hardware/megaavr/1.8.7/libraries/Wire/src/Wire.h:63:12: note: candidate 1: size_t TwoWire::requestFrom(int, int)
     size_t requestFrom(int, int);
            ^~~~~~~~~~~
/home/ec2-user/arduino-testlib/cli-datadir/data/packages/arduino/hardware/megaavr/1.8.7/libraries/Wire/src/Wire.h:61:12: note: candidate 2: virtual size_t TwoWire::requestFrom(uint8_t, size_t)
     size_t requestFrom(uint8_t, size_t);
            ^~~~~~~~~~~
/home/ec2-user/arduino-testlib/cli-datadir/data/packages/arduino/hardware/megaavr/1.8.7/libraries/Wire/src/Wire.h: In member function &#39;SGP30ERR SGP30::measureTest()&#39;:
/home/ec2-user/arduino-testlib/cli-datadir/data/packages/arduino/hardware/megaavr/1.8.7/libraries/Wire/src/Wire.h:63:12: note: candidate 1: size_t TwoWire::requestFrom(int, int)
     size_t requestFrom(int, int);
            ^~~~~~~~~~~
/home/ec2-user/arduino-testlib/cli-datadir/data/packages/arduino/hardware/megaavr/1.8.7/libraries/Wire/src/Wire.h:61:12: note: candidate 2: virtual size_t TwoWire::requestFrom(uint8_t, size_t)
     size_t requestFrom(uint8_t, size_t);
            ^~~~~~~~~~~
In file included from /home/ec2-user/arduino-testlib/cli-datadir/user/libraries/SparkFun_SHTC3_Humidity_and_Temperature_Sensor_Library/src/SparkFun_SHTC3.h:11:0,
                 from /home/ec2-user/arduino-testlib/cli-datadir/user/libraries/SparkFun_SHTC3_Humidity_and_Temperature_Sensor_Library/src/SparkFun_SHTC3.cpp:7:
/home/ec2-user/arduino-testlib/cli-datadir/data/packages/arduino/hardware/megaavr/1.8.7/libraries/Wire/src/Wire.h: In member function &#39;SHTC3_Status_TypeDef SHTC3::checkID()&#39;:
/home/ec2-user/arduino-testlib/cli-datadir/data/packages/arduino/hardware/megaavr/1.8.7/libraries/Wire/src/Wire.h:63:12: note: candidate 1: size_t TwoWire::requestFrom(int, int)
     size_t requestFrom(int, int);
            ^~~~~~~~~~~
/home/ec2-user/arduino-testlib/cli-datadir/data/packages/arduino/hardware/megaavr/1.8.7/libraries/Wire/src/Wire.h:61:12: note: candidate 2: virtual size_t TwoWire::requestFrom(uint8_t, size_t)
     size_t requestFrom(uint8_t, size_t);
            ^~~~~~~~~~~
/home/ec2-user/arduino-testlib/cli-datadir/data/packages/arduino/hardware/megaavr/1.8.7/libraries/Wire/src/Wire.h: In member function &#39;SHTC3_Status_TypeDef SHTC3::update()&#39;:
/home/ec2-user/arduino-testlib/cli-datadir/data/packages/arduino/hardware/megaavr/1.8.7/libraries/Wire/src/Wire.h:63:12: note: candidate 1: size_t TwoWire::requestFrom(int, int)
     size_t requestFrom(int, int);
            ^~~~~~~~~~~
/home/ec2-user/arduino-testlib/cli-datadir/data/packages/arduino/hardware/megaavr/1.8.7/libraries/Wire/src/Wire.h:61:12: note: candidate 2: virtual size_t TwoWire::requestFrom(uint8_t, size_t)
     size_t requestFrom(uint8_t, size_t);
            ^~~~~~~~~~~
</pre>
					
					<h4>examples/Example4_ErrorChecking</h4>
					<p>
						Result: <b>PASS</b>
					</p>
					<pre class="pre-scrollable">Sketch uses 6573 bytes (13%) of program storage space. Maximum is 49152 bytes.
Global variables use 513 bytes (8%) of dynamic memory, leaving 5631 bytes for local variables. Maximum is 6144 bytes.
In file included from /home/ec2-user/arduino-testlib/cli-datadir/user/libraries/SparkFun_SGP30_Arduino_Library/src/SparkFun_SGP30_Arduino_Library.h:43:0,
                 from /home/ec2-user/arduino-testlib/cli-datadir/user/libraries/SparkFun_SGP30_Arduino_Library/src/SparkFun_SGP30_Arduino_Library.cpp:39:
/home/ec2-user/arduino-testlib/cli-datadir/data/packages/arduino/hardware/megaavr/1.8.7/libraries/Wire/src/Wire.h: In member function &#39;SGP30ERR SGP30::measureAirQuality()&#39;:
/home/ec2-user/arduino-testlib/cli-datadir/data/packages/arduino/hardware/megaavr/1.8.7/libraries/Wire/src/Wire.h:63:12: note: candidate 1: size_t TwoWire::requestFrom(int, int)
     size_t requestFrom(int, int);
            ^~~~~~~~~~~
/home/ec2-user/arduino-testlib/cli-datadir/data/packages/arduino/hardware/megaavr/1.8.7/libraries/Wire/src/Wire.h:61:12: note: candidate 2: virtual size_t TwoWire::requestFrom(uint8_t, size_t)
     size_t requestFrom(uint8_t, size_t);
            ^~~~~~~~~~~
/home/ec2-user/arduino-testlib/cli-datadir/data/packages/arduino/hardware/megaavr/1.8.7/libraries/Wire/src/Wire.h: In member function &#39;SGP30ERR SGP30::getBaseline()&#39;:
/home/ec2-user/arduino-testlib/cli-datadir/data/packages/arduino/hardware/megaavr/1.8.7/libraries/Wire/src/Wire.h:63:12: note: candidate 1: size_t TwoWire::requestFrom(int, int)
     size_t requestFrom(int, int);
            ^~~~~~~~~~~
/home/ec2-user/arduino-testlib/cli-datadir/data/packages/arduino/hardware/megaavr/1.8.7/libraries/Wire/src/Wire.h:61:12: note: candidate 2: virtual size_t TwoWire::requestFrom(uint8_t, size_t)
     size_t requestFrom(uint8_t, size_t);
            ^~~~~~~~~~~
/home/ec2-user/arduino-testlib/cli-datadir/data/packages/arduino/hardware/megaavr/1.8.7/libraries/Wire/src/Wire.h: In member function &#39;SGP30ERR SGP30::getFeatureSetVersion()&#39;:
/home/ec2-user/arduino-testlib/cli-datadir/data/packages/arduino/hardware/megaavr/1.8.7/libraries/Wire/src/Wire.h:63:12: note: candidate 1: size_t TwoWire::requestFrom(int, int)
     size_t requestFrom(int, int);
            ^~~~~~~~~~~
/home/ec2-user/arduino-testlib/cli-datadir/data/packages/arduino/hardware/megaavr/1.8.7/libraries/Wire/src/Wire.h:61:12: note: candidate 2: virtual size_t TwoWire::requestFrom(uint8_t, size_t)
     size_t requestFrom(uint8_t, size_t);
            ^~~~~~~~~~~
/home/ec2-user/arduino-testlib/cli-datadir/data/packages/arduino/hardware/megaavr/1.8.7/libraries/Wire/src/Wire.h: In member function &#39;SGP30ERR SGP30::measureRawSignals()&#39;:
/home/ec2-user/arduino-testlib/cli-datadir/data/packages/arduino/hardware/megaavr/1.8.7/libraries/Wire/src/Wire.h:63:12: note: candidate 1: size_t TwoWire::requestFrom(int, int)
     size_t requestFrom(int, int);
            ^~~~~~~~~~~
/home/ec2-user/arduino-testlib/cli-datadir/data/packages/arduino/hardware/megaavr/1.8.7/libraries/Wire/src/Wire.h:61:12: note: candidate 2: virtual size_t TwoWire::requestFrom(uint8_t, size_t)
     size_t requestFrom(uint8_t, size_t);
            ^~~~~~~~~~~
/home/ec2-user/arduino-testlib/cli-datadir/data/packages/arduino/hardware/megaavr/1.8.7/libraries/Wire/src/Wire.h: In member function &#39;SGP30ERR SGP30::getSerialID()&#39;:
/home/ec2-user/arduino-testlib/cli-datadir/data/packages/arduino/hardware/megaavr/1.8.7/libraries/Wire/src/Wire.h:63:12: note: candidate 1: size_t TwoWire::requestFrom(int, int)
     size_t requestFrom(int, int);
            ^~~~~~~~~~~
/home/ec2-user/arduino-testlib/cli-datadir/data/packages/arduino/hardware/megaavr/1.8.7/libraries/Wire/src/Wire.h:61:12: note: candidate 2: virtual size_t TwoWire::requestFrom(uint8_t, size_t)
     size_t requestFrom(uint8_t, size_t);
            ^~~~~~~~~~~
/home/ec2-user/arduino-testlib/cli-datadir/data/packages/arduino/hardware/megaavr/1.8.7/libraries/Wire/src/Wire.h: In member function &#39;SGP30ERR SGP30::measureTest()&#39;:
/home/ec2-user/arduino-testlib/cli-datadir/data/packages/arduino/hardware/megaavr/1.8.7/libraries/Wire/src/Wire.h:63:12: note: candidate 1: size_t TwoWire::requestFrom(int, int)
     size_t requestFrom(int, int);
            ^~~~~~~~~~~
/home/ec2-user/arduino-testlib/cli-datadir/data/packages/arduino/hardware/megaavr/1.8.7/libraries/Wire/src/Wire.h:61:12: note: candidate 2: virtual size_t TwoWire::requestFrom(uint8_t, size_t)
     size_t requestFrom(uint8_t, size_t);
            ^~~~~~~~~~~
</pre>
					
					<h4>examples/Example5_DeviceInfo</h4>
					<p>
						Result: <b>PASS</b>
					</p>
					<pre class="pre-scrollable">Sketch uses 6321 bytes (12%) of program storage space. Maximum is 49152 bytes.
Global variables use 509 bytes (8%) of dynamic memory, leaving 5635 bytes for local variables. Maximum is 6144 bytes.
In file included from /home/ec2-user/arduino-testlib/cli-datadir/user/libraries/SparkFun_SGP30_Arduino_Library/src/SparkFun_SGP30_Arduino_Library.h:43:0,
                 from /home/ec2-user/arduino-testlib/cli-datadir/user/libraries/SparkFun_SGP30_Arduino_Library/src/SparkFun_SGP30_Arduino_Library.cpp:39:
/home/ec2-user/arduino-testlib/cli-datadir/data/packages/arduino/hardware/megaavr/1.8.7/libraries/Wire/src/Wire.h: In member function &#39;SGP30ERR SGP30::measureAirQuality()&#39;:
/home/ec2-user/arduino-testlib/cli-datadir/data/packages/arduino/hardware/megaavr/1.8.7/libraries/Wire/src/Wire.h:63:12: note: candidate 1: size_t TwoWire::requestFrom(int, int)
     size_t requestFrom(int, int);
            ^~~~~~~~~~~
/home/ec2-user/arduino-testlib/cli-datadir/data/packages/arduino/hardware/megaavr/1.8.7/libraries/Wire/src/Wire.h:61:12: note: candidate 2: virtual size_t TwoWire::requestFrom(uint8_t, size_t)
     size_t requestFrom(uint8_t, size_t);
            ^~~~~~~~~~~
/home/ec2-user/arduino-testlib/cli-datadir/data/packages/arduino/hardware/megaavr/1.8.7/libraries/Wire/src/Wire.h: In member function &#39;SGP30ERR SGP30::getBaseline()&#39;:
/home/ec2-user/arduino-testlib/cli-datadir/data/packages/arduino/hardware/megaavr/1.8.7/libraries/Wire/src/Wire.h:63:12: note: candidate 1: size_t TwoWire::requestFrom(int, int)
     size_t requestFrom(int, int);
            ^~~~~~~~~~~
/home/ec2-user/arduino-testlib/cli-datadir/data/packages/arduino/hardware/megaavr/1.8.7/libraries/Wire/src/Wire.h:61:12: note: candidate 2: virtual size_t TwoWire::requestFrom(uint8_t, size_t)
     size_t requestFrom(uint8_t, size_t);
            ^~~~~~~~~~~
/home/ec2-user/arduino-testlib/cli-datadir/data/packages/arduino/hardware/megaavr/1.8.7/libraries/Wire/src/Wire.h: In member function &#39;SGP30ERR SGP30::getFeatureSetVersion()&#39;:
/home/ec2-user/arduino-testlib/cli-datadir/data/packages/arduino/hardware/megaavr/1.8.7/libraries/Wire/src/Wire.h:63:12: note: candidate 1: size_t TwoWire::requestFrom(int, int)
     size_t requestFrom(int, int);
            ^~~~~~~~~~~
/home/ec2-user/arduino-testlib/cli-datadir/data/packages/arduino/hardware/megaavr/1.8.7/libraries/Wire/src/Wire.h:61:12: note: candidate 2: virtual size_t TwoWire::requestFrom(uint8_t, size_t)
     size_t requestFrom(uint8_t, size_t);
            ^~~~~~~~~~~
/home/ec2-user/arduino-testlib/cli-datadir/data/packages/arduino/hardware/megaavr/1.8.7/libraries/Wire/src/Wire.h: In member function &#39;SGP30ERR SGP30::measureRawSignals()&#39;:
/home/ec2-user/arduino-testlib/cli-datadir/data/packages/arduino/hardware/megaavr/1.8.7/libraries/Wire/src/Wire.h:63:12: note: candidate 1: size_t TwoWire::requestFrom(int, int)
     size_t requestFrom(int, int);
            ^~~~~~~~~~~
/home/ec2-user/arduino-testlib/cli-datadir/data/packages/arduino/hardware/megaavr/1.8.7/libraries/Wire/src/Wire.h:61:12: note: candidate 2: virtual size_t TwoWire::requestFrom(uint8_t, size_t)
     size_t requestFrom(uint8_t, size_t);
            ^~~~~~~~~~~
/home/ec2-user/arduino-testlib/cli-datadir/data/packages/arduino/hardware/megaavr/1.8.7/libraries/Wire/src/Wire.h: In member function &#39;SGP30ERR SGP30::getSerialID()&#39;:
/home/ec2-user/arduino-testlib/cli-datadir/data/packages/arduino/hardware/megaavr/1.8.7/libraries/Wire/src/Wire.h:63:12: note: candidate 1: size_t TwoWire::requestFrom(int, int)
     size_t requestFrom(int, int);
            ^~~~~~~~~~~
/home/ec2-user/arduino-testlib/cli-datadir/data/packages/arduino/hardware/megaavr/1.8.7/libraries/Wire/src/Wire.h:61:12: note: candidate 2: virtual size_t TwoWire::requestFrom(uint8_t, size_t)
     size_t requestFrom(uint8_t, size_t);
            ^~~~~~~~~~~
/home/ec2-user/arduino-testlib/cli-datadir/data/packages/arduino/hardware/megaavr/1.8.7/libraries/Wire/src/Wire.h: In member function &#39;SGP30ERR SGP30::measureTest()&#39;:
/home/ec2-user/arduino-testlib/cli-datadir/data/packages/arduino/hardware/megaavr/1.8.7/libraries/Wire/src/Wire.h:63:12: note: candidate 1: size_t TwoWire::requestFrom(int, int)
     size_t requestFrom(int, int);
            ^~~~~~~~~~~
/home/ec2-user/arduino-testlib/cli-datadir/data/packages/arduino/hardware/megaavr/1.8.7/libraries/Wire/src/Wire.h:61:12: note: candidate 2: virtual size_t TwoWire::requestFrom(uint8_t, size_t)
     size_t requestFrom(uint8_t, size_t);
            ^~~~~~~~~~~
</pre>
					
					<h4>examples/Example6_SchedulerReadings</h4>
					<p>
						Result: <b>PASS</b>
					</p>
					<pre class="pre-scrollable">Sketch uses 8088 bytes (16%) of program storage space. Maximum is 49152 bytes.
Global variables use 567 bytes (9%) of dynamic memory, leaving 5577 bytes for local variables. Maximum is 6144 bytes.
In file included from /home/ec2-user/arduino-testlib/cli-datadir/user/libraries/SparkFun_SGP30_Arduino_Library/src/SparkFun_SGP30_Arduino_Library.h:43:0,
                 from /home/ec2-user/arduino-testlib/cli-datadir/user/libraries/SparkFun_SGP30_Arduino_Library/src/SparkFun_SGP30_Arduino_Library.cpp:39:
/home/ec2-user/arduino-testlib/cli-datadir/data/packages/arduino/hardware/megaavr/1.8.7/libraries/Wire/src/Wire.h: In member function &#39;SGP30ERR SGP30::measureAirQuality()&#39;:
/home/ec2-user/arduino-testlib/cli-datadir/data/packages/arduino/hardware/megaavr/1.8.7/libraries/Wire/src/Wire.h:63:12: note: candidate 1: size_t TwoWire::requestFrom(int, int)
     size_t requestFrom(int, int);
            ^~~~~~~~~~~
/home/ec2-user/arduino-testlib/cli-datadir/data/packages/arduino/hardware/megaavr/1.8.7/libraries/Wire/src/Wire.h:61:12: note: candidate 2: virtual size_t TwoWire::requestFrom(uint8_t, size_t)
     size_t requestFrom(uint8_t, size_t);
            ^~~~~~~~~~~
/home/ec2-user/arduino-testlib/cli-datadir/data/packages/arduino/hardware/megaavr/1.8.7/libraries/Wire/src/Wire.h: In member function &#39;SGP30ERR SGP30::getBaseline()&#39;:
/home/ec2-user/arduino-testlib/cli-datadir/data/packages/arduino/hardware/megaavr/1.8.7/libraries/Wire/src/Wire.h:63:12: note: candidate 1: size_t TwoWire::requestFrom(int, int)
     size_t requestFrom(int, int);
            ^~~~~~~~~~~
/home/ec2-user/arduino-testlib/cli-datadir/data/packages/arduino/hardware/megaavr/1.8.7/libraries/Wire/src/Wire.h:61:12: note: candidate 2: virtual size_t TwoWire::requestFrom(uint8_t, size_t)
     size_t requestFrom(uint8_t, size_t);
            ^~~~~~~~~~~
/home/ec2-user/arduino-testlib/cli-datadir/data/packages/arduino/hardware/megaavr/1.8.7/libraries/Wire/src/Wire.h: In member function &#39;SGP30ERR SGP30::getFeatureSetVersion()&#39;:
/home/ec2-user/arduino-testlib/cli-datadir/data/packages/arduino/hardware/megaavr/1.8.7/libraries/Wire/src/Wire.h:63:12: note: candidate 1: size_t TwoWire::requestFrom(int, int)
     size_t requestFrom(int, int);
            ^~~~~~~~~~~
/home/ec2-user/arduino-testlib/cli-datadir/data/packages/arduino/hardware/megaavr/1.8.7/libraries/Wire/src/Wire.h:61:12: note: candidate 2: virtual size_t TwoWire::requestFrom(uint8_t, size_t)
     size_t requestFrom(uint8_t, size_t);
            ^~~~~~~~~~~
/home/ec2-user/arduino-testlib/cli-datadir/data/packages/arduino/hardware/megaavr/1.8.7/libraries/Wire/src/Wire.h: In member function &#39;SGP30ERR SGP30::measureRawSignals()&#39;:
/home/ec2-user/arduino-testlib/cli-datadir/data/packages/arduino/hardware/megaavr/1.8.7/libraries/Wire/src/Wire.h:63:12: note: candidate 1: size_t TwoWire::requestFrom(int, int)
     size_t requestFrom(int, int);
            ^~~~~~~~~~~
/home/ec2-user/arduino-testlib/cli-datadir/data/packages/arduino/hardware/megaavr/1.8.7/libraries/Wire/src/Wire.h:61:12: note: candidate 2: virtual size_t TwoWire::requestFrom(uint8_t, size_t)
     size_t requestFrom(uint8_t, size_t);
            ^~~~~~~~~~~
/home/ec2-user/arduino-testlib/cli-datadir/data/packages/arduino/hardware/megaavr/1.8.7/libraries/Wire/src/Wire.h: In member function &#39;SGP30ERR SGP30::getSerialID()&#39;:
/home/ec2-user/arduino-testlib/cli-datadir/data/packages/arduino/hardware/megaavr/1.8.7/libraries/Wire/src/Wire.h:63:12: note: candidate 1: size_t TwoWire::requestFrom(int, int)
     size_t requestFrom(int, int);
            ^~~~~~~~~~~
/home/ec2-user/arduino-testlib/cli-datadir/data/packages/arduino/hardware/megaavr/1.8.7/libraries/Wire/src/Wire.h:61:12: note: candidate 2: virtual size_t TwoWire::requestFrom(uint8_t, size_t)
     size_t requestFrom(uint8_t, size_t);
            ^~~~~~~~~~~
/home/ec2-user/arduino-testlib/cli-datadir/data/packages/arduino/hardware/megaavr/1.8.7/libraries/Wire/src/Wire.h: In member function &#39;SGP30ERR SGP30::measureTest()&#39;:
/home/ec2-user/arduino-testlib/cli-datadir/data/packages/arduino/hardware/megaavr/1.8.7/libraries/Wire/src/Wire.h:63:12: note: candidate 1: size_t TwoWire::requestFrom(int, int)
     size_t requestFrom(int, int);
            ^~~~~~~~~~~
/home/ec2-user/arduino-testlib/cli-datadir/data/packages/arduino/hardware/megaavr/1.8.7/libraries/Wire/src/Wire.h:61:12: note: candidate 2: virtual size_t TwoWire::requestFrom(uint8_t, size_t)
     size_t requestFrom(uint8_t, size_t);
            ^~~~~~~~~~~
</pre>
					
					<h4>examples/Example7_Reset</h4>
					<p>
						Result: <b>PASS</b>
					</p>
					<pre class="pre-scrollable">Sketch uses 7552 bytes (15%) of program storage space. Maximum is 49152 bytes.
Global variables use 513 bytes (8%) of dynamic memory, leaving 5631 bytes for local variables. Maximum is 6144 bytes.
In file included from /home/ec2-user/arduino-testlib/cli-datadir/user/libraries/SparkFun_SGP30_Arduino_Library/src/SparkFun_SGP30_Arduino_Library.h:43:0,
                 from /home/ec2-user/arduino-testlib/cli-datadir/user/libraries/SparkFun_SGP30_Arduino_Library/src/SparkFun_SGP30_Arduino_Library.cpp:39:
/home/ec2-user/arduino-testlib/cli-datadir/data/packages/arduino/hardware/megaavr/1.8.7/libraries/Wire/src/Wire.h: In member function &#39;SGP30ERR SGP30::measureAirQuality()&#39;:
/home/ec2-user/arduino-testlib/cli-datadir/data/packages/arduino/hardware/megaavr/1.8.7/libraries/Wire/src/Wire.h:63:12: note: candidate 1: size_t TwoWire::requestFrom(int, int)
     size_t requestFrom(int, int);
            ^~~~~~~~~~~
/home/ec2-user/arduino-testlib/cli-datadir/data/packages/arduino/hardware/megaavr/1.8.7/libraries/Wire/src/Wire.h:61:12: note: candidate 2: virtual size_t TwoWire::requestFrom(uint8_t, size_t)
     size_t requestFrom(uint8_t, size_t);
            ^~~~~~~~~~~
/home/ec2-user/arduino-testlib/cli-datadir/data/packages/arduino/hardware/megaavr/1.8.7/libraries/Wire/src/Wire.h: In member function &#39;SGP30ERR SGP30::getBaseline()&#39;:
/home/ec2-user/arduino-testlib/cli-datadir/data/packages/arduino/hardware/megaavr/1.8.7/libraries/Wire/src/Wire.h:63:12: note: candidate 1: size_t TwoWire::requestFrom(int, int)
     size_t requestFrom(int, int);
            ^~~~~~~~~~~
/home/ec2-user/arduino-testlib/cli-datadir/data/packages/arduino/hardware/megaavr/1.8.7/libraries/Wire/src/Wire.h:61:12: note: candidate 2: virtual size_t TwoWire::requestFrom(uint8_t, size_t)
     size_t requestFrom(uint8_t, size_t);
            ^~~~~~~~~~~
/home/ec2-user/arduino-testlib/cli-datadir/data/packages/arduino/hardware/megaavr/1.8.7/libraries/Wire/src/Wire.h: In member function &#39;SGP30ERR SGP30::getFeatureSetVersion()&#39;:
/home/ec2-user/arduino-testlib/cli-datadir/data/packages/arduino/hardware/megaavr/1.8.7/libraries/Wire/src/Wire.h:63:12: note: candidate 1: size_t TwoWire::requestFrom(int, int)
     size_t requestFrom(int, int);
            ^~~~~~~~~~~
/home/ec2-user/arduino-testlib/cli-datadir/data/packages/arduino/hardware/megaavr/1.8.7/libraries/Wire/src/Wire.h:61:12: note: candidate 2: virtual size_t TwoWire::requestFrom(uint8_t, size_t)
     size_t requestFrom(uint8_t, size_t);
            ^~~~~~~~~~~
/home/ec2-user/arduino-testlib/cli-datadir/data/packages/arduino/hardware/megaavr/1.8.7/libraries/Wire/src/Wire.h: In member function &#39;SGP30ERR SGP30::measureRawSignals()&#39;:
/home/ec2-user/arduino-testlib/cli-datadir/data/packages/arduino/hardware/megaavr/1.8.7/libraries/Wire/src/Wire.h:63:12: note: candidate 1: size_t TwoWire::requestFrom(int, int)
     size_t requestFrom(int, int);
            ^~~~~~~~~~~
/home/ec2-user/arduino-testlib/cli-datadir/data/packages/arduino/hardware/megaavr/1.8.7/libraries/Wire/src/Wire.h:61:12: note: candidate 2: virtual size_t TwoWire::requestFrom(uint8_t, size_t)
     size_t requestFrom(uint8_t, size_t);
            ^~~~~~~~~~~
/home/ec2-user/arduino-testlib/cli-datadir/data/packages/arduino/hardware/megaavr/1.8.7/libraries/Wire/src/Wire.h: In member function &#39;SGP30ERR SGP30::getSerialID()&#39;:
/home/ec2-user/arduino-testlib/cli-datadir/data/packages/arduino/hardware/megaavr/1.8.7/libraries/Wire/src/Wire.h:63:12: note: candidate 1: size_t TwoWire::requestFrom(int, int)
     size_t requestFrom(int, int);
            ^~~~~~~~~~~
/home/ec2-user/arduino-testlib/cli-datadir/data/packages/arduino/hardware/megaavr/1.8.7/libraries/Wire/src/Wire.h:61:12: note: candidate 2: virtual size_t TwoWire::requestFrom(uint8_t, size_t)
     size_t requestFrom(uint8_t, size_t);
            ^~~~~~~~~~~
/home/ec2-user/arduino-testlib/cli-datadir/data/packages/arduino/hardware/megaavr/1.8.7/libraries/Wire/src/Wire.h: In member function &#39;SGP30ERR SGP30::measureTest()&#39;:
/home/ec2-user/arduino-testlib/cli-datadir/data/packages/arduino/hardware/megaavr/1.8.7/libraries/Wire/src/Wire.h:63:12: note: candidate 1: size_t TwoWire::requestFrom(int, int)
     size_t requestFrom(int, int);
            ^~~~~~~~~~~
/home/ec2-user/arduino-testlib/cli-datadir/data/packages/arduino/hardware/megaavr/1.8.7/libraries/Wire/src/Wire.h:61:12: note: candidate 2: virtual size_t TwoWire::requestFrom(uint8_t, size_t)
     size_t requestFrom(uint8_t, size_t);
            ^~~~~~~~~~~
</pre>
					
					<h4>examples/Example8_OtherI2C</h4>
					<p>
						Result: <b>PASS</b>
					</p>
					<pre class="pre-scrollable">Sketch uses 6512 bytes (13%) of program storage space. Maximum is 49152 bytes.
Global variables use 513 bytes (8%) of dynamic memory, leaving 5631 bytes for local variables. Maximum is 6144 bytes.
In file included from /home/ec2-user/arduino-testlib/cli-datadir/user/libraries/SparkFun_SGP30_Arduino_Library/src/SparkFun_SGP30_Arduino_Library.h:43:0,
                 from /home/ec2-user/arduino-testlib/cli-datadir/user/libraries/SparkFun_SGP30_Arduino_Library/src/SparkFun_SGP30_Arduino_Library.cpp:39:
/home/ec2-user/arduino-testlib/cli-datadir/data/packages/arduino/hardware/megaavr/1.8.7/libraries/Wire/src/Wire.h: In member function &#39;SGP30ERR SGP30::measureAirQuality()&#39;:
/home/ec2-user/arduino-testlib/cli-datadir/data/packages/arduino/hardware/megaavr/1.8.7/libraries/Wire/src/Wire.h:63:12: note: candidate 1: size_t TwoWire::requestFrom(int, int)
     size_t requestFrom(int, int);
            ^~~~~~~~~~~
/home/ec2-user/arduino-testlib/cli-datadir/data/packages/arduino/hardware/megaavr/1.8.7/libraries/Wire/src/Wire.h:61:12: note: candidate 2: virtual size_t TwoWire::requestFrom(uint8_t, size_t)
     size_t requestFrom(uint8_t, size_t);
            ^~~~~~~~~~~
/home/ec2-user/arduino-testlib/cli-datadir/data/packages/arduino/hardware/megaavr/1.8.7/libraries/Wire/src/Wire.h: In member function &#39;SGP30ERR SGP30::getBaseline()&#39;:
/home/ec2-user/arduino-testlib/cli-datadir/data/packages/arduino/hardware/megaavr/1.8.7/libraries/Wire/src/Wire.h:63:12: note: candidate 1: size_t TwoWire::requestFrom(int, int)
     size_t requestFrom(int, int);
            ^~~~~~~~~~~
/home/ec2-user/arduino-testlib/cli-datadir/data/packages/arduino/hardware/megaavr/1.8.7/libraries/Wire/src/Wire.h:61:12: note: candidate 2: virtual size_t TwoWire::requestFrom(uint8_t, size_t)
     size_t requestFrom(uint8_t, size_t);
            ^~~~~~~~~~~
/home/ec2-user/arduino-testlib/cli-datadir/data/packages/arduino/hardware/megaavr/1.8.7/libraries/Wire/src/Wire.h: In member function &#39;SGP30ERR SGP30::getFeatureSetVersion()&#39;:
/home/ec2-user/arduino-testlib/cli-datadir/data/packages/arduino/hardware/megaavr/1.8.7/libraries/Wire/src/Wire.h:63:12: note: candidate 1: size_t TwoWire::requestFrom(int, int)
     size_t requestFrom(int, int);
            ^~~~~~~~~~~
/home/ec2-user/arduino-testlib/cli-datadir/data/packages/arduino/hardware/megaavr/1.8.7/libraries/Wire/src/Wire.h:61:12: note: candidate 2: virtual size_t TwoWire::requestFrom(uint8_t, size_t)
     size_t requestFrom(uint8_t, size_t);
            ^~~~~~~~~~~
/home/ec2-user/arduino-testlib/cli-datadir/data/packages/arduino/hardware/megaavr/1.8.7/libraries/Wire/src/Wire.h: In member function &#39;SGP30ERR SGP30::measureRawSignals()&#39;:
/home/ec2-user/arduino-testlib/cli-datadir/data/packages/arduino/hardware/megaavr/1.8.7/libraries/Wire/src/Wire.h:63:12: note: candidate 1: size_t TwoWire::requestFrom(int, int)
     size_t requestFrom(int, int);
            ^~~~~~~~~~~
/home/ec2-user/arduino-testlib/cli-datadir/data/packages/arduino/hardware/megaavr/1.8.7/libraries/Wire/src/Wire.h:61:12: note: candidate 2: virtual size_t TwoWire::requestFrom(uint8_t, size_t)
     size_t requestFrom(uint8_t, size_t);
            ^~~~~~~~~~~
/home/ec2-user/arduino-testlib/cli-datadir/data/packages/arduino/hardware/megaavr/1.8.7/libraries/Wire/src/Wire.h: In member function &#39;SGP30ERR SGP30::getSerialID()&#39;:
/home/ec2-user/arduino-testlib/cli-datadir/data/packages/arduino/hardware/megaavr/1.8.7/libraries/Wire/src/Wire.h:63:12: note: candidate 1: size_t TwoWire::requestFrom(int, int)
     size_t requestFrom(int, int);
            ^~~~~~~~~~~
/home/ec2-user/arduino-testlib/cli-datadir/data/packages/arduino/hardware/megaavr/1.8.7/libraries/Wire/src/Wire.h:61:12: note: candidate 2: virtual size_t TwoWire::requestFrom(uint8_t, size_t)
     size_t requestFrom(uint8_t, size_t);
            ^~~~~~~~~~~
/home/ec2-user/arduino-testlib/cli-datadir/data/packages/arduino/hardware/megaavr/1.8.7/libraries/Wire/src/Wire.h: In member function &#39;SGP30ERR SGP30::measureTest()&#39;:
/home/ec2-user/arduino-testlib/cli-datadir/data/packages/arduino/hardware/megaavr/1.8.7/libraries/Wire/src/Wire.h:63:12: note: candidate 1: size_t TwoWire::requestFrom(int, int)
     size_t requestFrom(int, int);
            ^~~~~~~~~~~
/home/ec2-user/arduino-testlib/cli-datadir/data/packages/arduino/hardware/megaavr/1.8.7/libraries/Wire/src/Wire.h:61:12: note: candidate 2: virtual size_t TwoWire::requestFrom(uint8_t, size_t)
     size_t requestFrom(uint8_t, size_t);
            ^~~~~~~~~~~
</pre>
					
					<h4>examples/Example9_UnitTest</h4>
					<p>
						Result: <b>PASS</b>
					</p>
					<pre class="pre-scrollable">Sketch uses 6078 bytes (12%) of program storage space. Maximum is 49152 bytes.
Global variables use 509 bytes (8%) of dynamic memory, leaving 5635 bytes for local variables. Maximum is 6144 bytes.
In file included from /home/ec2-user/arduino-testlib/cli-datadir/user/libraries/SparkFun_SGP30_Arduino_Library/src/SparkFun_SGP30_Arduino_Library.h:43:0,
                 from /home/ec2-user/arduino-testlib/cli-datadir/user/libraries/SparkFun_SGP30_Arduino_Library/src/SparkFun_SGP30_Arduino_Library.cpp:39:
/home/ec2-user/arduino-testlib/cli-datadir/data/packages/arduino/hardware/megaavr/1.8.7/libraries/Wire/src/Wire.h: In member function &#39;SGP30ERR SGP30::measureAirQuality()&#39;:
/home/ec2-user/arduino-testlib/cli-datadir/data/packages/arduino/hardware/megaavr/1.8.7/libraries/Wire/src/Wire.h:63:12: note: candidate 1: size_t TwoWire::requestFrom(int, int)
     size_t requestFrom(int, int);
            ^~~~~~~~~~~
/home/ec2-user/arduino-testlib/cli-datadir/data/packages/arduino/hardware/megaavr/1.8.7/libraries/Wire/src/Wire.h:61:12: note: candidate 2: virtual size_t TwoWire::requestFrom(uint8_t, size_t)
     size_t requestFrom(uint8_t, size_t);
            ^~~~~~~~~~~
/home/ec2-user/arduino-testlib/cli-datadir/data/packages/arduino/hardware/megaavr/1.8.7/libraries/Wire/src/Wire.h: In member function &#39;SGP30ERR SGP30::getBaseline()&#39;:
/home/ec2-user/arduino-testlib/cli-datadir/data/packages/arduino/hardware/megaavr/1.8.7/libraries/Wire/src/Wire.h:63:12: note: candidate 1: size_t TwoWire::requestFrom(int, int)
     size_t requestFrom(int, int);
            ^~~~~~~~~~~
/home/ec2-user/arduino-testlib/cli-datadir/data/packages/arduino/hardware/megaavr/1.8.7/libraries/Wire/src/Wire.h:61:12: note: candidate 2: virtual size_t TwoWire::requestFrom(uint8_t, size_t)
     size_t requestFrom(uint8_t, size_t);
            ^~~~~~~~~~~
/home/ec2-user/arduino-testlib/cli-datadir/data/packages/arduino/hardware/megaavr/1.8.7/libraries/Wire/src/Wire.h: In member function &#39;SGP30ERR SGP30::getFeatureSetVersion()&#39;:
/home/ec2-user/arduino-testlib/cli-datadir/data/packages/arduino/hardware/megaavr/1.8.7/libraries/Wire/src/Wire.h:63:12: note: candidate 1: size_t TwoWire::requestFrom(int, int)
     size_t requestFrom(int, int);
            ^~~~~~~~~~~
/home/ec2-user/arduino-testlib/cli-datadir/data/packages/arduino/hardware/megaavr/1.8.7/libraries/Wire/src/Wire.h:61:12: note: candidate 2: virtual size_t TwoWire::requestFrom(uint8_t, size_t)
     size_t requestFrom(uint8_t, size_t);
            ^~~~~~~~~~~
/home/ec2-user/arduino-testlib/cli-datadir/data/packages/arduino/hardware/megaavr/1.8.7/libraries/Wire/src/Wire.h: In member function &#39;SGP30ERR SGP30::measureRawSignals()&#39;:
/home/ec2-user/arduino-testlib/cli-datadir/data/packages/arduino/hardware/megaavr/1.8.7/libraries/Wire/src/Wire.h:63:12: note: candidate 1: size_t TwoWire::requestFrom(int, int)
     size_t requestFrom(int, int);
            ^~~~~~~~~~~
/home/ec2-user/arduino-testlib/cli-datadir/data/packages/arduino/hardware/megaavr/1.8.7/libraries/Wire/src/Wire.h:61:12: note: candidate 2: virtual size_t TwoWire::requestFrom(uint8_t, size_t)
     size_t requestFrom(uint8_t, size_t);
            ^~~~~~~~~~~
/home/ec2-user/arduino-testlib/cli-datadir/data/packages/arduino/hardware/megaavr/1.8.7/libraries/Wire/src/Wire.h: In member function &#39;SGP30ERR SGP30::getSerialID()&#39;:
/home/ec2-user/arduino-testlib/cli-datadir/data/packages/arduino/hardware/megaavr/1.8.7/libraries/Wire/src/Wire.h:63:12: note: candidate 1: size_t TwoWire::requestFrom(int, int)
     size_t requestFrom(int, int);
            ^~~~~~~~~~~
/home/ec2-user/arduino-testlib/cli-datadir/data/packages/arduino/hardware/megaavr/1.8.7/libraries/Wire/src/Wire.h:61:12: note: candidate 2: virtual size_t TwoWire::requestFrom(uint8_t, size_t)
     size_t requestFrom(uint8_t, size_t);
            ^~~~~~~~~~~
/home/ec2-user/arduino-testlib/cli-datadir/data/packages/arduino/hardware/megaavr/1.8.7/libraries/Wire/src/Wire.h: In member function &#39;SGP30ERR SGP30::measureTest()&#39;:
/home/ec2-user/arduino-testlib/cli-datadir/data/packages/arduino/hardware/megaavr/1.8.7/libraries/Wire/src/Wire.h:63:12: note: candidate 1: size_t TwoWire::requestFrom(int, int)
     size_t requestFrom(int, int);
            ^~~~~~~~~~~
/home/ec2-user/arduino-testlib/cli-datadir/data/packages/arduino/hardware/megaavr/1.8.7/libraries/Wire/src/Wire.h:61:12: note: candidate 2: virtual size_t TwoWire::requestFrom(uint8_t, size_t)
     size_t requestFrom(uint8_t, size_t);
            ^~~~~~~~~~~
</pre>
					
				
				<h3 id="arduino:samd:mkrwifi1010">arduino:samd:mkrwifi1010 @ 1.8.12</h3>
				<h4>Inclusion</h4>
				<p>
					Result: <b>PASS</b>
					
				</p>
				<pre class="pre-scrollable">Sketch uses 13588 bytes (5%) of program storage space. Maximum is 262144 bytes.
Global variables use 3568 bytes (10%) of dynamic memory, leaving 29200 bytes for local variables. Maximum is 32768 bytes.
</pre>

					
					<h4>examples/Example1_BasicReadings</h4>
					<p>
						Result: <b>PASS</b>
					</p>
					<pre class="pre-scrollable">Sketch uses 14628 bytes (5%) of program storage space. Maximum is 262144 bytes.
Global variables use 3604 bytes (10%) of dynamic memory, leaving 29164 bytes for local variables. Maximum is 32768 bytes.
</pre>
					
					<h4>examples/Example2_RawSignals</h4>
					<p>
						Result: <b>PASS</b>
					</p>
					<pre class="pre-scrollable">Sketch uses 14960 bytes (5%) of program storage space. Maximum is 262144 bytes.
Global variables use 3612 bytes (11%) of dynamic memory, leaving 29156 bytes for local variables. Maximum is 32768 bytes.
</pre>
					
					<h4>examples/Example3_Humidity</h4>
					<p>
						Result: <b>PASS</b>
					</p>
					<pre class="pre-scrollable">Sketch uses 32924 bytes (12%) of program storage space. Maximum is 262144 bytes.
Global variables use 3640 bytes (11%) of dynamic memory, leaving 29128 bytes for local variables. Maximum is 32768 bytes.
</pre>
					
					<h4>examples/Example4_ErrorChecking</h4>
					<p>
						Result: <b>PASS</b>
					</p>
					<pre class="pre-scrollable">Sketch uses 14748 bytes (5%) of program storage space. Maximum is 262144 bytes.
Global variables use 3612 bytes (11%) of dynamic memory, leaving 29156 bytes for local variables. Maximum is 32768 bytes.
</pre>
					
					<h4>examples/Example5_DeviceInfo</h4>
					<p>
						Result: <b>PASS</b>
					</p>
					<pre class="pre-scrollable">Sketch uses 14564 bytes (5%) of program storage space. Maximum is 262144 bytes.
Global variables use 3604 bytes (10%) of dynamic memory, leaving 29164 bytes for local variables. Maximum is 32768 bytes.
</pre>
					
					<h4>examples/Example6_SchedulerReadings</h4>
					<p>
						Result: <b>PASS</b>
					</p>
					<pre class="pre-scrollable">Sketch uses 15404 bytes (5%) of program storage space. Maximum is 262144 bytes.
Global variables use 3696 bytes (11%) of dynamic memory, leaving 29072 bytes for local variables. Maximum is 32768 bytes.
</pre>
					
					<h4>examples/Example7_Reset</h4>
					<p>
						Result: <b>FAIL</b>
					</p>
					<pre class="pre-scrollable">In file included from /home/ec2-user/arduino-testlib/cli-datadir/user/libraries/SparkFun_SGP30_Arduino_Library/examples/Example7_Reset/Example7_Reset.ino:18:0:
/home/ec2-user/arduino-testlib/cli-datadir/user/libraries/Hello_Drum/src/EEPROM.h:25:10: fatal error: avr/eeprom.h: No such file or directory
 #include &lt;avr/eeprom.h&gt;
          ^~~~~~~~~~~~~~
compilation terminated.
Multiple libraries were found for &#34;EEPROM.h&#34;
  Used: /home/ec2-user/arduino-testlib/cli-datadir/user/libraries/Hello_Drum
  Not used: /home/ec2-user/arduino-testlib/cli-datadir/user/libraries/arduino-NVM
</pre>
					
					<h4>examples/Example8_OtherI2C</h4>
					<p>
						Result: <b>FAIL</b>
					</p>
					<pre class="pre-scrollable">In file included from /home/ec2-user/arduino-testlib/cli-datadir/data/packages/arduino/hardware/samd/1.8.12/cores/arduino/Arduino.h:51:0,
                 from /home/ec2-user/arduino-testlib/cli-datadir/user/libraries/SoftwareWire/SoftwareWire.h:5,
                 from /home/ec2-user/arduino-testlib/cli-datadir/user/libraries/SoftwareWire/SoftwareWire.cpp:62:
/home/ec2-user/arduino-testlib/cli-datadir/user/libraries/SoftwareWire/SoftwareWire.cpp: In constructor &#39;SoftwareWire::SoftwareWire(uint8_t, uint8_t, boolean, boolean)&#39;:
/home/ec2-user/arduino-testlib/cli-datadir/data/packages/arduino/hardware/samd/1.8.12/variants/mkrwifi1010/variant.h:49:35: error: invalid conversion from &#39;PortGroup*&#39; to &#39;uint8_t {aka unsigned char}&#39; [-fpermissive]
 #define digitalPinToPort(P)      (&amp;(PORT-&gt;Group[g_APinDescription[P].ulPort]))
                                  ~^~~~~~~~~~~~~~~~~~~~~~~~~~~~~~~~~~~~~~~~~~~~
/home/ec2-user/arduino-testlib/cli-datadir/user/libraries/SoftwareWire/SoftwareWire.cpp:129:10: note: in expansion of macro &#39;digitalPinToPort&#39;
   port = digitalPinToPort(_sdaPin);
          ^~~~~~~~~~~~~~~~
/home/ec2-user/arduino-testlib/cli-datadir/data/packages/arduino/hardware/samd/1.8.12/variants/mkrwifi1010/variant.h:52:41: error: base operand of &#39;-&gt;&#39; is not a pointer
 #define portOutputRegister(port) (&amp;(port-&gt;OUT.reg))
                                         ^
/home/ec2-user/arduino-testlib/cli-datadir/user/libraries/SoftwareWire/SoftwareWire.cpp:131:18: note: in expansion of macro &#39;portOutputRegister&#39;
   _sdaPortReg  = portOutputRegister(port);
                  ^~~~~~~~~~~~~~~~~~
/home/ec2-user/arduino-testlib/cli-datadir/data/packages/arduino/hardware/samd/1.8.12/variants/mkrwifi1010/variant.h:54:41: error: base operand of &#39;-&gt;&#39; is not a pointer
 #define portModeRegister(port)   (&amp;(port-&gt;DIR.reg))
                                         ^
/home/ec2-user/arduino-testlib/cli-datadir/user/libraries/SoftwareWire/SoftwareWire.cpp:132:18: note: in expansion of macro &#39;portModeRegister&#39;
   _sdaDirReg   = portModeRegister(port);
                  ^~~~~~~~~~~~~~~~
/home/ec2-user/arduino-testlib/cli-datadir/data/packages/arduino/hardware/samd/1.8.12/variants/mkrwifi1010/variant.h:53:41: error: base operand of &#39;-&gt;&#39; is not a pointer
 #define portInputRegister(port)  (&amp;(port-&gt;IN.reg))
                                         ^
/home/ec2-user/arduino-testlib/cli-datadir/user/libraries/SoftwareWire/SoftwareWire.cpp:133:18: note: in expansion of macro &#39;portInputRegister&#39;
   _sdaPinReg   = portInputRegister(port);      // PinReg is the input register, not the Arduino pin.
                  ^~~~~~~~~~~~~~~~~
/home/ec2-user/arduino-testlib/cli-datadir/data/packages/arduino/hardware/samd/1.8.12/variants/mkrwifi1010/variant.h:49:35: error: invalid conversion from &#39;PortGroup*&#39; to &#39;uint8_t {aka unsigned char}&#39; [-fpermissive]
 #define digitalPinToPort(P)      (&amp;(PORT-&gt;Group[g_APinDescription[P].ulPort]))
                                  ~^~~~~~~~~~~~~~~~~~~~~~~~~~~~~~~~~~~~~~~~~~~~
/home/ec2-user/arduino-testlib/cli-datadir/user/libraries/SoftwareWire/SoftwareWire.cpp:135:10: note: in expansion of macro &#39;digitalPinToPort&#39;
   port = digitalPinToPort(_sclPin);
          ^~~~~~~~~~~~~~~~
/home/ec2-user/arduino-testlib/cli-datadir/data/packages/arduino/hardware/samd/1.8.12/variants/mkrwifi1010/variant.h:52:41: error: base operand of &#39;-&gt;&#39; is not a pointer
 #define portOutputRegister(port) (&amp;(port-&gt;OUT.reg))
                                         ^
/home/ec2-user/arduino-testlib/cli-datadir/user/libraries/SoftwareWire/SoftwareWire.cpp:137:18: note: in expansion of macro &#39;portOutputRegister&#39;
   _sclPortReg  = portOutputRegister(port);
                  ^~~~~~~~~~~~~~~~~~
/home/ec2-user/arduino-testlib/cli-datadir/data/packages/arduino/hardware/samd/1.8.12/variants/mkrwifi1010/variant.h:54:41: error: base operand of &#39;-&gt;&#39; is not a pointer
 #define portModeRegister(port)   (&amp;(port-&gt;DIR.reg))
                                         ^
/home/ec2-user/arduino-testlib/cli-datadir/user/libraries/SoftwareWire/SoftwareWire.cpp:138:18: note: in expansion of macro &#39;portModeRegister&#39;
   _sclDirReg   = portModeRegister(port);
                  ^~~~~~~~~~~~~~~~
/home/ec2-user/arduino-testlib/cli-datadir/data/packages/arduino/hardware/samd/1.8.12/variants/mkrwifi1010/variant.h:53:41: error: base operand of &#39;-&gt;&#39; is not a pointer
 #define portInputRegister(port)  (&amp;(port-&gt;IN.reg))
                                         ^
/home/ec2-user/arduino-testlib/cli-datadir/user/libraries/SoftwareWire/SoftwareWire.cpp:139:18: note: in expansion of macro &#39;portInputRegister&#39;
   _sclPinReg   = portInputRegister(port);
                  ^~~~~~~~~~~~~~~~~
/home/ec2-user/arduino-testlib/cli-datadir/user/libraries/SoftwareWire/SoftwareWire.cpp: In member function &#39;void SoftwareWire::printStatus(arduino::Print&amp;)&#39;:
/home/ec2-user/arduino-testlib/cli-datadir/user/libraries/SoftwareWire/SoftwareWire.cpp:523:27: error: cast from &#39;volatile uint8_t* {aka volatile unsigned char*}&#39; to &#39;uint16_t {aka short unsigned int}&#39; loses precision [-fpermissive]
   Ser.println( (uint16_t) _sdaPortReg, HEX);
                           ^~~~~~~~~~~
/home/ec2-user/arduino-testlib/cli-datadir/user/libraries/SoftwareWire/SoftwareWire.cpp:525:27: error: cast from &#39;volatile uint8_t* {aka volatile unsigned char*}&#39; to &#39;uint16_t {aka short unsigned int}&#39; loses precision [-fpermissive]
   Ser.println( (uint16_t) _sclPortReg, HEX);
                           ^~~~~~~~~~~
/home/ec2-user/arduino-testlib/cli-datadir/user/libraries/SoftwareWire/SoftwareWire.cpp:527:27: error: cast from &#39;volatile uint8_t* {aka volatile unsigned char*}&#39; to &#39;uint16_t {aka short unsigned int}&#39; loses precision [-fpermissive]
   Ser.println( (uint16_t) _sdaDirReg, HEX);
                           ^~~~~~~~~~
/home/ec2-user/arduino-testlib/cli-datadir/user/libraries/SoftwareWire/SoftwareWire.cpp:529:27: error: cast from &#39;volatile uint8_t* {aka volatile unsigned char*}&#39; to &#39;uint16_t {aka short unsigned int}&#39; loses precision [-fpermissive]
   Ser.println( (uint16_t) _sclDirReg, HEX);
                           ^~~~~~~~~~
/home/ec2-user/arduino-testlib/cli-datadir/user/libraries/SoftwareWire/SoftwareWire.cpp:531:27: error: cast from &#39;volatile uint8_t* {aka volatile unsigned char*}&#39; to &#39;uint16_t {aka short unsigned int}&#39; loses precision [-fpermissive]
   Ser.println( (uint16_t) _sdaPinReg, HEX);
                           ^~~~~~~~~~
/home/ec2-user/arduino-testlib/cli-datadir/user/libraries/SoftwareWire/SoftwareWire.cpp:533:27: error: cast from &#39;volatile uint8_t* {aka volatile unsigned char*}&#39; to &#39;uint16_t {aka short unsigned int}&#39; loses precision [-fpermissive]
   Ser.println( (uint16_t) _sclPinReg, HEX);
                           ^~~~~~~~~~

</pre>
					
					<h4>examples/Example9_UnitTest</h4>
					<p>
						Result: <b>PASS</b>
					</p>
					<pre class="pre-scrollable">Sketch uses 14400 bytes (5%) of program storage space. Maximum is 262144 bytes.
Global variables use 3604 bytes (10%) of dynamic memory, leaving 29164 bytes for local variables. Maximum is 32768 bytes.
</pre>
					
				
				<h3 id="esp32:esp32:d1_mini32">esp32:esp32:d1_mini32 @ 1.0.6</h3>
				<h4>Inclusion</h4>
				<p>
					Result: <b>PASS</b>
					
				</p>
				<pre class="pre-scrollable">Sketch uses 202658 bytes (15%) of program storage space. Maximum is 1310720 bytes.
Global variables use 13880 bytes (4%) of dynamic memory, leaving 313800 bytes for local variables. Maximum is 327680 bytes.
</pre>

					
					<h4>examples/Example1_BasicReadings</h4>
					<p>
						Result: <b>PASS</b>
					</p>
					<pre class="pre-scrollable">Sketch uses 214154 bytes (16%) of program storage space. Maximum is 1310720 bytes.
Global variables use 14168 bytes (4%) of dynamic memory, leaving 313512 bytes for local variables. Maximum is 327680 bytes.
</pre>
					
					<h4>examples/Example2_RawSignals</h4>
					<p>
						Result: <b>PASS</b>
					</p>
					<pre class="pre-scrollable">Sketch uses 214510 bytes (16%) of program storage space. Maximum is 1310720 bytes.
Global variables use 14176 bytes (4%) of dynamic memory, leaving 313504 bytes for local variables. Maximum is 327680 bytes.
</pre>
					
					<h4>examples/Example3_Humidity</h4>
					<p>
						Result: <b>PASS</b>
					</p>
					<pre class="pre-scrollable">Sketch uses 222618 bytes (16%) of program storage space. Maximum is 1310720 bytes.
Global variables use 14224 bytes (4%) of dynamic memory, leaving 313456 bytes for local variables. Maximum is 327680 bytes.
</pre>
					
					<h4>examples/Example4_ErrorChecking</h4>
					<p>
						Result: <b>PASS</b>
					</p>
					<pre class="pre-scrollable">Sketch uses 214270 bytes (16%) of program storage space. Maximum is 1310720 bytes.
Global variables use 14184 bytes (4%) of dynamic memory, leaving 313496 bytes for local variables. Maximum is 327680 bytes.
</pre>
					
					<h4>examples/Example5_DeviceInfo</h4>
					<p>
						Result: <b>PASS</b>
					</p>
					<pre class="pre-scrollable">Sketch uses 214062 bytes (16%) of program storage space. Maximum is 1310720 bytes.
Global variables use 14168 bytes (4%) of dynamic memory, leaving 313512 bytes for local variables. Maximum is 327680 bytes.
</pre>
					
					<h4>examples/Example6_SchedulerReadings</h4>
					<p>
						Result: <b>PASS</b>
					</p>
					<pre class="pre-scrollable">Sketch uses 215778 bytes (16%) of program storage space. Maximum is 1310720 bytes.
Global variables use 14248 bytes (4%) of dynamic memory, leaving 313432 bytes for local variables. Maximum is 327680 bytes.
</pre>
					
					<h4>examples/Example7_Reset</h4>
					<p>
						Result: <b>PASS</b>
					</p>
					<pre class="pre-scrollable">Sketch uses 219418 bytes (16%) of program storage space. Maximum is 1310720 bytes.
Global variables use 14248 bytes (4%) of dynamic memory, leaving 313432 bytes for local variables. Maximum is 327680 bytes.
</pre>
					
					<h4>examples/Example8_OtherI2C</h4>
					<p>
						Result: <b>FAIL</b>
					</p>
					<pre class="pre-scrollable">/home/ec2-user/arduino-testlib/cli-datadir/user/libraries/SoftwareWire/SoftwareWire.cpp: In constructor &#39;SoftwareWire::SoftwareWire(uint8_t, uint8_t, boolean, boolean)&#39;:
/home/ec2-user/arduino-testlib/cli-datadir/user/libraries/SoftwareWire/SoftwareWire.cpp:131:16: error: cannot convert &#39;volatile uint32_t* {aka volatile unsigned int*}&#39; to &#39;volatile uint8_t* {aka volatile unsigned char*}&#39; in assignment
   _sdaPortReg  = portOutputRegister(port);
                ^
/home/ec2-user/arduino-testlib/cli-datadir/user/libraries/SoftwareWire/SoftwareWire.cpp:132:16: error: cannot convert &#39;volatile uint32_t* {aka volatile unsigned int*}&#39; to &#39;volatile uint8_t* {aka volatile unsigned char*}&#39; in assignment
   _sdaDirReg   = portModeRegister(port);
                ^
/home/ec2-user/arduino-testlib/cli-datadir/user/libraries/SoftwareWire/SoftwareWire.cpp:133:16: error: cannot convert &#39;volatile uint32_t* {aka volatile unsigned int*}&#39; to &#39;volatile uint8_t* {aka volatile unsigned char*}&#39; in assignment
   _sdaPinReg   = portInputRegister(port);      // PinReg is the input register, not the Arduino pin.
                ^
/home/ec2-user/arduino-testlib/cli-datadir/user/libraries/SoftwareWire/SoftwareWire.cpp:137:16: error: cannot convert &#39;volatile uint32_t* {aka volatile unsigned int*}&#39; to &#39;volatile uint8_t* {aka volatile unsigned char*}&#39; in assignment
   _sclPortReg  = portOutputRegister(port);
                ^
/home/ec2-user/arduino-testlib/cli-datadir/user/libraries/SoftwareWire/SoftwareWire.cpp:138:16: error: cannot convert &#39;volatile uint32_t* {aka volatile unsigned int*}&#39; to &#39;volatile uint8_t* {aka volatile unsigned char*}&#39; in assignment
   _sclDirReg   = portModeRegister(port);
                ^
/home/ec2-user/arduino-testlib/cli-datadir/user/libraries/SoftwareWire/SoftwareWire.cpp:139:16: error: cannot convert &#39;volatile uint32_t* {aka volatile unsigned int*}&#39; to &#39;volatile uint8_t* {aka volatile unsigned char*}&#39; in assignment
   _sclPinReg   = portInputRegister(port);
                ^
/home/ec2-user/arduino-testlib/cli-datadir/user/libraries/SoftwareWire/SoftwareWire.cpp: In member function &#39;void SoftwareWire::printStatus(Print&amp;)&#39;:
/home/ec2-user/arduino-testlib/cli-datadir/user/libraries/SoftwareWire/SoftwareWire.cpp:523:27: error: cast from &#39;volatile uint8_t* {aka volatile unsigned char*}&#39; to &#39;uint16_t {aka short unsigned int}&#39; loses precision [-fpermissive]
   Ser.println( (uint16_t) _sdaPortReg, HEX);
                           ^
/home/ec2-user/arduino-testlib/cli-datadir/user/libraries/SoftwareWire/SoftwareWire.cpp:525:27: error: cast from &#39;volatile uint8_t* {aka volatile unsigned char*}&#39; to &#39;uint16_t {aka short unsigned int}&#39; loses precision [-fpermissive]
   Ser.println( (uint16_t) _sclPortReg, HEX);
                           ^
/home/ec2-user/arduino-testlib/cli-datadir/user/libraries/SoftwareWire/SoftwareWire.cpp:527:27: error: cast from &#39;volatile uint8_t* {aka volatile unsigned char*}&#39; to &#39;uint16_t {aka short unsigned int}&#39; loses precision [-fpermissive]
   Ser.println( (uint16_t) _sdaDirReg, HEX);
                           ^
/home/ec2-user/arduino-testlib/cli-datadir/user/libraries/SoftwareWire/SoftwareWire.cpp:529:27: error: cast from &#39;volatile uint8_t* {aka volatile unsigned char*}&#39; to &#39;uint16_t {aka short unsigned int}&#39; loses precision [-fpermissive]
   Ser.println( (uint16_t) _sclDirReg, HEX);
                           ^
/home/ec2-user/arduino-testlib/cli-datadir/user/libraries/SoftwareWire/SoftwareWire.cpp:531:27: error: cast from &#39;volatile uint8_t* {aka volatile unsigned char*}&#39; to &#39;uint16_t {aka short unsigned int}&#39; loses precision [-fpermissive]
   Ser.println( (uint16_t) _sdaPinReg, HEX);
                           ^
/home/ec2-user/arduino-testlib/cli-datadir/user/libraries/SoftwareWire/SoftwareWire.cpp:533:27: error: cast from &#39;volatile uint8_t* {aka volatile unsigned char*}&#39; to &#39;uint16_t {aka short unsigned int}&#39; loses precision [-fpermissive]
   Ser.println( (uint16_t) _sclPinReg, HEX);
                           ^

</pre>
					
					<h4>examples/Example9_UnitTest</h4>
					<p>
						Result: <b>PASS</b>
					</p>
					<pre class="pre-scrollable">Sketch uses 214006 bytes (16%) of program storage space. Maximum is 1310720 bytes.
Global variables use 14176 bytes (4%) of dynamic memory, leaving 313504 bytes for local variables. Maximum is 327680 bytes.
</pre>
					
				
			</div>
		</div>
	</div>
  </body>
</html>
