
<!doctype html>
<html lang="en">
  <head>
    <meta charset="utf-8">
    <meta name="viewport" content="width=device-width, initial-scale=1">
    <link href="https://cdn.jsdelivr.net/npm/bootstrap@5.0.2/dist/css/bootstrap.min.css" rel="stylesheet" integrity="sha384-EVSTQN3/azprG1Anm3QDgpJLIm9Nao0Yz1ztcQTwFspd3yD65VohhpuuCOmLASjC" crossorigin="anonymous">
    <title>arduino-testlib report</title>
	<style>
	.pass { background-color: #00FF00 !important; }
	.fail { background-color: #FF0000 !important; }
	</style>
  </head>
  <body>
	<div class="container">
		<div class="row">
			<div class="col">
				<h1>Sqlite3Esp32 - compatibility matrix</h1>
				<p>
					<small>This report was generated on Monday, 21-Feb-22 12:00:25 CET using 
					<a href="https://github.com/alranel/arduino-testlib">arduino-testlib</a>.</small>
				</p>

				<h2>Sqlite3Esp32</h2>
				<p>
					Version: <b>2.3</b>
					<br />
					<a href="https://www.arduino.cc/reference/en/libraries/sqlite3esp32/">More details</a>
				</p>

				<h2>Compatibility matrix</h2>
				<table class="table table-bordered">
					<tr>
						<th>Board</th>
						<th>Claims compatibility</th>
						<th>Inclusion</th>
						
						<th><pre>sqlite3_bulk_data_insert</pre></th>
						
						<th><pre>sqlite3_console</pre></th>
						
						<th><pre>sqlite3_insert_long_blob</pre></th>
						
						<th><pre>sqlite3_webquery</pre></th>
						
						<th><pre>sqlite3_sdmmc</pre></th>
						
						<th><pre>sqlite3_sdspi</pre></th>
						
						<th><pre>sqlite3_spiffs</pre></th>
						
						<th><pre>sqlite3_stackoverflow_users</pre></th>
						
						<th><pre>sqlite3_web_console</pre></th>
						
					</tr>
					
					<tr>
						<td>
							<a href="#arduino%3aavr%3auno"><b>arduino:avr:uno</b></a>
							<br />
							<small>1.8.4</small>
						</td>

						
						
						
						
							<td>No</td>
							<td class="fail">FAIL</td>
						

						
							
								
									
										
											
											<td class="fail">FAIL</td>
										
									
										
									
										
									
										
									
										
									
										
									
										
									
										
									
										
									
								
							
								
							
								
							
								
							
								
							
						
							
								
									
										
									
										
											
											<td class="fail">FAIL</td>
										
									
										
									
										
									
										
									
										
									
										
									
										
									
										
									
								
							
								
							
								
							
								
							
								
							
						
							
								
									
										
									
										
									
										
											
											<td class="fail">FAIL</td>
										
									
										
									
										
									
										
									
										
									
										
									
										
									
								
							
								
							
								
							
								
							
								
							
						
							
								
									
										
									
										
									
										
									
										
									
										
									
										
									
										
									
										
									
										
											
											<td class="fail">FAIL</td>
										
									
								
							
								
							
								
							
								
							
								
							
						
							
								
									
										
									
										
									
										
									
										
											
											<td class="fail">FAIL</td>
										
									
										
									
										
									
										
									
										
									
										
									
								
							
								
							
								
							
								
							
								
							
						
							
								
									
										
									
										
									
										
									
										
									
										
											
											<td class="fail">FAIL</td>
										
									
										
									
										
									
										
									
										
									
								
							
								
							
								
							
								
							
								
							
						
							
								
									
										
									
										
									
										
									
										
									
										
									
										
											
											<td class="fail">FAIL</td>
										
									
										
									
										
									
										
									
								
							
								
							
								
							
								
							
								
							
						
							
								
									
										
									
										
									
										
									
										
									
										
									
										
									
										
											
											<td class="fail">FAIL</td>
										
									
										
									
										
									
								
							
								
							
								
							
								
							
								
							
						
							
								
									
										
									
										
									
										
									
										
									
										
									
										
									
										
									
										
											
											<td class="fail">FAIL</td>
										
									
										
									
								
							
								
							
								
							
								
							
								
							
						
					</tr>
					
					<tr>
						<td>
							<a href="#arduino%3ambed_nano%3ananorp2040connect"><b>arduino:mbed_nano:nanorp2040connect</b></a>
							<br />
							<small>2.7.2</small>
						</td>

						
						
						
						
							<td>No</td>
							<td class="fail">FAIL</td>
						

						
							
								
							
								
									
										
											
											<td class="fail">FAIL</td>
										
									
										
									
										
									
										
									
										
									
										
									
										
									
										
									
										
									
								
							
								
							
								
							
								
							
						
							
								
							
								
									
										
									
										
											
											<td class="fail">FAIL</td>
										
									
										
									
										
									
										
									
										
									
										
									
										
									
										
									
								
							
								
							
								
							
								
							
						
							
								
							
								
									
										
									
										
									
										
											
											<td class="fail">FAIL</td>
										
									
										
									
										
									
										
									
										
									
										
									
										
									
								
							
								
							
								
							
								
							
						
							
								
							
								
									
										
									
										
									
										
									
										
									
										
									
										
									
										
									
										
									
										
											
											<td class="fail">FAIL</td>
										
									
								
							
								
							
								
							
								
							
						
							
								
							
								
									
										
									
										
									
										
									
										
											
											<td class="fail">FAIL</td>
										
									
										
									
										
									
										
									
										
									
										
									
								
							
								
							
								
							
								
							
						
							
								
							
								
									
										
									
										
									
										
									
										
									
										
											
											<td class="fail">FAIL</td>
										
									
										
									
										
									
										
									
										
									
								
							
								
							
								
							
								
							
						
							
								
							
								
									
										
									
										
									
										
									
										
									
										
									
										
											
											<td class="fail">FAIL</td>
										
									
										
									
										
									
										
									
								
							
								
							
								
							
								
							
						
							
								
							
								
									
										
									
										
									
										
									
										
									
										
									
										
									
										
											
											<td class="fail">FAIL</td>
										
									
										
									
										
									
								
							
								
							
								
							
								
							
						
							
								
							
								
									
										
									
										
									
										
									
										
									
										
									
										
									
										
									
										
											
											<td class="fail">FAIL</td>
										
									
										
									
								
							
								
							
								
							
								
							
						
					</tr>
					
					<tr>
						<td>
							<a href="#arduino%3amegaavr%3anona4809"><b>arduino:megaavr:nona4809</b></a>
							<br />
							<small>1.8.7</small>
						</td>

						
						
						
						
							<td>No</td>
							<td class="fail">FAIL</td>
						

						
							
								
							
								
							
								
									
										
											
											<td class="fail">FAIL</td>
										
									
										
									
										
									
										
									
										
									
										
									
										
									
										
									
										
									
								
							
								
							
								
							
						
							
								
							
								
							
								
									
										
									
										
											
											<td class="fail">FAIL</td>
										
									
										
									
										
									
										
									
										
									
										
									
										
									
										
									
								
							
								
							
								
							
						
							
								
							
								
							
								
									
										
									
										
									
										
											
											<td class="fail">FAIL</td>
										
									
										
									
										
									
										
									
										
									
										
									
										
									
								
							
								
							
								
							
						
							
								
							
								
							
								
									
										
									
										
									
										
									
										
									
										
									
										
									
										
									
										
									
										
											
											<td class="fail">FAIL</td>
										
									
								
							
								
							
								
							
						
							
								
							
								
							
								
									
										
									
										
									
										
									
										
											
											<td class="fail">FAIL</td>
										
									
										
									
										
									
										
									
										
									
										
									
								
							
								
							
								
							
						
							
								
							
								
							
								
									
										
									
										
									
										
									
										
									
										
											
											<td class="fail">FAIL</td>
										
									
										
									
										
									
										
									
										
									
								
							
								
							
								
							
						
							
								
							
								
							
								
									
										
									
										
									
										
									
										
									
										
									
										
											
											<td class="fail">FAIL</td>
										
									
										
									
										
									
										
									
								
							
								
							
								
							
						
							
								
							
								
							
								
									
										
									
										
									
										
									
										
									
										
									
										
									
										
											
											<td class="fail">FAIL</td>
										
									
										
									
										
									
								
							
								
							
								
							
						
							
								
							
								
							
								
									
										
									
										
									
										
									
										
									
										
									
										
									
										
									
										
											
											<td class="fail">FAIL</td>
										
									
										
									
								
							
								
							
								
							
						
					</tr>
					
					<tr>
						<td>
							<a href="#arduino%3asamd%3amkrwifi1010"><b>arduino:samd:mkrwifi1010</b></a>
							<br />
							<small>1.8.12</small>
						</td>

						
						
						
						
							<td>No</td>
							<td class="fail">FAIL</td>
						

						
							
								
							
								
							
								
							
								
									
										
											
											<td class="fail">FAIL</td>
										
									
										
									
										
									
										
									
										
									
										
									
										
									
										
									
										
									
								
							
								
							
						
							
								
							
								
							
								
							
								
									
										
									
										
											
											<td class="fail">FAIL</td>
										
									
										
									
										
									
										
									
										
									
										
									
										
									
										
									
								
							
								
							
						
							
								
							
								
							
								
							
								
									
										
									
										
									
										
											
											<td class="fail">FAIL</td>
										
									
										
									
										
									
										
									
										
									
										
									
										
									
								
							
								
							
						
							
								
							
								
							
								
							
								
									
										
									
										
									
										
									
										
									
										
									
										
									
										
									
										
									
										
											
											<td class="fail">FAIL</td>
										
									
								
							
								
							
						
							
								
							
								
							
								
							
								
									
										
									
										
									
										
									
										
											
											<td class="fail">FAIL</td>
										
									
										
									
										
									
										
									
										
									
										
									
								
							
								
							
						
							
								
							
								
							
								
							
								
									
										
									
										
									
										
									
										
									
										
											
											<td class="fail">FAIL</td>
										
									
										
									
										
									
										
									
										
									
								
							
								
							
						
							
								
							
								
							
								
							
								
									
										
									
										
									
										
									
										
									
										
									
										
											
											<td class="fail">FAIL</td>
										
									
										
									
										
									
										
									
								
							
								
							
						
							
								
							
								
							
								
							
								
									
										
									
										
									
										
									
										
									
										
									
										
									
										
											
											<td class="fail">FAIL</td>
										
									
										
									
										
									
								
							
								
							
						
							
								
							
								
							
								
							
								
									
										
									
										
									
										
									
										
									
										
									
										
									
										
									
										
											
											<td class="fail">FAIL</td>
										
									
										
									
								
							
								
							
						
					</tr>
					
					<tr>
						<td>
							<a href="#esp32%3aesp32%3ad1_mini32"><b>esp32:esp32:d1_mini32</b></a>
							<br />
							<small>1.0.6</small>
						</td>

						
							<td>Yes</td>
							<td class="pass">PASS</td>
						
						
						
						

						
							
								
							
								
							
								
							
								
							
								
									
										
											<td class="pass">PASS</td>
											
										
									
										
									
										
									
										
									
										
									
										
									
										
									
										
									
										
									
								
							
						
							
								
							
								
							
								
							
								
							
								
									
										
									
										
											
											<td class="fail">FAIL</td>
										
									
										
									
										
									
										
									
										
									
										
									
										
									
										
									
								
							
						
							
								
							
								
							
								
							
								
							
								
									
										
									
										
									
										
											<td class="pass">PASS</td>
											
										
									
										
									
										
									
										
									
										
									
										
									
										
									
								
							
						
							
								
							
								
							
								
							
								
							
								
									
										
									
										
									
										
									
										
									
										
									
										
									
										
									
										
									
										
											<td class="pass">PASS</td>
											
										
									
								
							
						
							
								
							
								
							
								
							
								
							
								
									
										
									
										
									
										
									
										
											<td class="pass">PASS</td>
											
										
									
										
									
										
									
										
									
										
									
										
									
								
							
						
							
								
							
								
							
								
							
								
							
								
									
										
									
										
									
										
									
										
									
										
											
											<td class="fail">FAIL</td>
										
									
										
									
										
									
										
									
										
									
								
							
						
							
								
							
								
							
								
							
								
							
								
									
										
									
										
									
										
									
										
									
										
									
										
											<td class="pass">PASS</td>
											
										
									
										
									
										
									
										
									
								
							
						
							
								
							
								
							
								
							
								
							
								
									
										
									
										
									
										
									
										
									
										
									
										
									
										
											<td class="pass">PASS</td>
											
										
									
										
									
										
									
								
							
						
							
								
							
								
							
								
							
								
							
								
									
										
									
										
									
										
									
										
									
										
									
										
									
										
									
										
											
											<td class="fail">FAIL</td>
										
									
										
									
								
							
						
					</tr>
					
				</table>

				<h2>Compilation logs</h2>
				
				<h3 id="arduino:avr:uno">arduino:avr:uno @ 1.8.4</h3>
				<h4>Inclusion</h4>
				<p>
					Result: <b>FAIL</b>
					
					<br />This library has no main header file so an empty one was created.
					
				</p>
				<pre class="pre-scrollable">/home/ec2-user/arduino-testlib/cli-datadir/user/libraries/Sqlite3Esp32/src/esp32.cpp:18:10: fatal error: esp_spi_flash.h: No such file or directory
 #include &lt;esp_spi_flash.h&gt;
          ^~~~~~~~~~~~~~~~~
compilation terminated.

</pre>

					
					<h4>examples/sqlite3_bulk_data_insert</h4>
					<p>
						Result: <b>FAIL</b>
					</p>
					<pre class="pre-scrollable">/home/ec2-user/arduino-testlib/cli-datadir/user/libraries/Sqlite3Esp32/examples/sqlite3_bulk_data_insert/sqlite3_bulk_data_insert.ino:16:10: fatal error: FS.h: No such file or directory
 #include &lt;FS.h&gt;
          ^~~~~~
compilation terminated.
Multiple libraries were found for &#34;sqlite3.h&#34;
  Used: /home/ec2-user/arduino-testlib/cli-datadir/user/libraries/Sqlite3_for_ESP8266
  Not used: /home/ec2-user/arduino-testlib/cli-datadir/user/libraries/Sqlite3Esp32
</pre>
					
					<h4>examples/sqlite3_console</h4>
					<p>
						Result: <b>FAIL</b>
					</p>
					<pre class="pre-scrollable">/home/ec2-user/arduino-testlib/cli-datadir/user/libraries/Sqlite3Esp32/examples/sqlite3_console/sqlite3_console.ino:31:10: fatal error: FS.h: No such file or directory
 #include &lt;FS.h&gt;
          ^~~~~~
compilation terminated.
Multiple libraries were found for &#34;sqlite3.h&#34;
  Used: /home/ec2-user/arduino-testlib/cli-datadir/user/libraries/Sqlite3Esp32
  Not used: /home/ec2-user/arduino-testlib/cli-datadir/user/libraries/Sqlite3_for_ESP8266
</pre>
					
					<h4>examples/sqlite3_insert_long_blob</h4>
					<p>
						Result: <b>FAIL</b>
					</p>
					<pre class="pre-scrollable">/home/ec2-user/arduino-testlib/cli-datadir/user/libraries/Sqlite3Esp32/examples/sqlite3_insert_long_blob/sqlite3_insert_long_blob.ino:8:10: fatal error: FS.h: No such file or directory
 #include &lt;FS.h&gt;
          ^~~~~~
compilation terminated.
Multiple libraries were found for &#34;sqlite3.h&#34;
  Used: /home/ec2-user/arduino-testlib/cli-datadir/user/libraries/Sqlite3_for_ESP8266
  Not used: /home/ec2-user/arduino-testlib/cli-datadir/user/libraries/Sqlite3Esp32
</pre>
					
					<h4>examples/sqlite3_sdmmc</h4>
					<p>
						Result: <b>FAIL</b>
					</p>
					<pre class="pre-scrollable">/home/ec2-user/arduino-testlib/cli-datadir/user/libraries/Sqlite3Esp32/examples/sqlite3_sdmmc/sqlite3_sdmmc.ino:12:10: fatal error: FS.h: No such file or directory
 #include &lt;FS.h&gt;
          ^~~~~~
compilation terminated.
Multiple libraries were found for &#34;sqlite3.h&#34;
  Used: /home/ec2-user/arduino-testlib/cli-datadir/user/libraries/Sqlite3_for_ESP8266
  Not used: /home/ec2-user/arduino-testlib/cli-datadir/user/libraries/Sqlite3Esp32
</pre>
					
					<h4>examples/sqlite3_sdspi</h4>
					<p>
						Result: <b>FAIL</b>
					</p>
					<pre class="pre-scrollable">/home/ec2-user/arduino-testlib/cli-datadir/user/libraries/Sqlite3Esp32/examples/sqlite3_sdspi/sqlite3_sdspi.ino:22:10: fatal error: FS.h: No such file or directory
 #include &lt;FS.h&gt;
          ^~~~~~
compilation terminated.
Multiple libraries were found for &#34;sqlite3.h&#34;
  Used: /home/ec2-user/arduino-testlib/cli-datadir/user/libraries/Sqlite3_for_ESP8266
  Not used: /home/ec2-user/arduino-testlib/cli-datadir/user/libraries/Sqlite3Esp32
</pre>
					
					<h4>examples/sqlite3_spiffs</h4>
					<p>
						Result: <b>FAIL</b>
					</p>
					<pre class="pre-scrollable">/home/ec2-user/arduino-testlib/cli-datadir/user/libraries/Sqlite3Esp32/examples/sqlite3_spiffs/sqlite3_spiffs.ino:9:10: fatal error: FS.h: No such file or directory
 #include &lt;FS.h&gt;
          ^~~~~~
compilation terminated.
Multiple libraries were found for &#34;sqlite3.h&#34;
  Used: /home/ec2-user/arduino-testlib/cli-datadir/user/libraries/Sqlite3Esp32
  Not used: /home/ec2-user/arduino-testlib/cli-datadir/user/libraries/Sqlite3_for_ESP8266
</pre>
					
					<h4>examples/sqlite3_stackoverflow_users</h4>
					<p>
						Result: <b>FAIL</b>
					</p>
					<pre class="pre-scrollable">In file included from /home/ec2-user/arduino-testlib/cli-datadir/user/libraries/Sqlite3Esp32/examples/sqlite3_stackoverflow_users/sqlite3_stackoverflow_users.ino:49:0:
/home/ec2-user/arduino-testlib/cli-datadir/user/libraries/Seeed_Arduino_rpcWiFi/src/WebServer.h:27:10: fatal error: functional: No such file or directory
 #include &lt;functional&gt;
          ^~~~~~~~~~~~
compilation terminated.
Multiple libraries were found for &#34;WebServer.h&#34;
  Used: /home/ec2-user/arduino-testlib/cli-datadir/user/libraries/Seeed_Arduino_rpcWiFi
  Not used: /home/ec2-user/arduino-testlib/cli-datadir/user/libraries/ESPEssentials
Multiple libraries were found for &#34;WiFi.h&#34;
  Used: /home/ec2-user/arduino-testlib/cli-datadir/user/libraries/WiFi
  Not used: /home/ec2-user/arduino-testlib/cli-datadir/user/libraries/WiFiEspAT
  Not used: /home/ec2-user/arduino-testlib/cli-datadir/user/libraries/Seeed_Arduino_rpcWiFi
  Not used: /home/ec2-user/arduino-testlib/cli-datadir/user/libraries/WiFiNINA
</pre>
					
					<h4>examples/sqlite3_web_console</h4>
					<p>
						Result: <b>FAIL</b>
					</p>
					<pre class="pre-scrollable">In file included from /home/ec2-user/arduino-testlib/cli-datadir/user/libraries/Sqlite3Esp32/examples/sqlite3_web_console/sqlite3_web_console.ino:42:0:
/home/ec2-user/arduino-testlib/cli-datadir/user/libraries/Seeed_Arduino_rpcWiFi/src/WebServer.h:27:10: fatal error: functional: No such file or directory
 #include &lt;functional&gt;
          ^~~~~~~~~~~~
compilation terminated.
Multiple libraries were found for &#34;WiFi.h&#34;
  Used: /home/ec2-user/arduino-testlib/cli-datadir/user/libraries/WiFi
  Not used: /home/ec2-user/arduino-testlib/cli-datadir/user/libraries/WiFiNINA
  Not used: /home/ec2-user/arduino-testlib/cli-datadir/user/libraries/Seeed_Arduino_rpcWiFi
  Not used: /home/ec2-user/arduino-testlib/cli-datadir/user/libraries/WiFiEspAT
Multiple libraries were found for &#34;WebServer.h&#34;
  Used: /home/ec2-user/arduino-testlib/cli-datadir/user/libraries/Seeed_Arduino_rpcWiFi
  Not used: /home/ec2-user/arduino-testlib/cli-datadir/user/libraries/ESPEssentials
</pre>
					
					<h4>examples/sqlite3_webquery</h4>
					<p>
						Result: <b>FAIL</b>
					</p>
					<pre class="pre-scrollable">In file included from /home/ec2-user/arduino-testlib/cli-datadir/user/libraries/Sqlite3Esp32/examples/sqlite3_webquery/sqlite3_webquery.ino:48:0:
/home/ec2-user/arduino-testlib/cli-datadir/user/libraries/Seeed_Arduino_rpcWiFi/src/WebServer.h:27:10: fatal error: functional: No such file or directory
 #include &lt;functional&gt;
          ^~~~~~~~~~~~
compilation terminated.
Multiple libraries were found for &#34;WiFi.h&#34;
  Used: /home/ec2-user/arduino-testlib/cli-datadir/user/libraries/WiFi
  Not used: /home/ec2-user/arduino-testlib/cli-datadir/user/libraries/WiFiNINA
  Not used: /home/ec2-user/arduino-testlib/cli-datadir/user/libraries/WiFiEspAT
  Not used: /home/ec2-user/arduino-testlib/cli-datadir/user/libraries/Seeed_Arduino_rpcWiFi
Multiple libraries were found for &#34;WebServer.h&#34;
  Used: /home/ec2-user/arduino-testlib/cli-datadir/user/libraries/Seeed_Arduino_rpcWiFi
  Not used: /home/ec2-user/arduino-testlib/cli-datadir/user/libraries/ESPEssentials
</pre>
					
				
				<h3 id="arduino:mbed_nano:nanorp2040connect">arduino:mbed_nano:nanorp2040connect @ 2.7.2</h3>
				<h4>Inclusion</h4>
				<p>
					Result: <b>FAIL</b>
					
					<br />This library has no main header file so an empty one was created.
					
				</p>
				<pre class="pre-scrollable">/home/ec2-user/arduino-testlib/cli-datadir/user/libraries/Sqlite3Esp32/src/esp32.cpp:18:10: fatal error: esp_spi_flash.h: No such file or directory
 #include &lt;esp_spi_flash.h&gt;
          ^~~~~~~~~~~~~~~~~
compilation terminated.

</pre>

					
					<h4>examples/sqlite3_bulk_data_insert</h4>
					<p>
						Result: <b>FAIL</b>
					</p>
					<pre class="pre-scrollable">/home/ec2-user/arduino-testlib/cli-datadir/user/libraries/Sqlite3Esp32/examples/sqlite3_bulk_data_insert/sqlite3_bulk_data_insert.ino:16:10: fatal error: FS.h: No such file or directory
 #include &lt;FS.h&gt;
          ^~~~~~
compilation terminated.
Multiple libraries were found for &#34;sqlite3.h&#34;
  Used: /home/ec2-user/arduino-testlib/cli-datadir/user/libraries/Sqlite3Esp32
  Not used: /home/ec2-user/arduino-testlib/cli-datadir/user/libraries/Sqlite3_for_ESP8266
</pre>
					
					<h4>examples/sqlite3_console</h4>
					<p>
						Result: <b>FAIL</b>
					</p>
					<pre class="pre-scrollable">/home/ec2-user/arduino-testlib/cli-datadir/user/libraries/Sqlite3Esp32/examples/sqlite3_console/sqlite3_console.ino:31:10: fatal error: FS.h: No such file or directory
 #include &lt;FS.h&gt;
          ^~~~~~
compilation terminated.
Multiple libraries were found for &#34;sqlite3.h&#34;
  Used: /home/ec2-user/arduino-testlib/cli-datadir/user/libraries/Sqlite3_for_ESP8266
  Not used: /home/ec2-user/arduino-testlib/cli-datadir/user/libraries/Sqlite3Esp32
</pre>
					
					<h4>examples/sqlite3_insert_long_blob</h4>
					<p>
						Result: <b>FAIL</b>
					</p>
					<pre class="pre-scrollable">/home/ec2-user/arduino-testlib/cli-datadir/user/libraries/Sqlite3Esp32/examples/sqlite3_insert_long_blob/sqlite3_insert_long_blob.ino:8:10: fatal error: FS.h: No such file or directory
 #include &lt;FS.h&gt;
          ^~~~~~
compilation terminated.
Multiple libraries were found for &#34;sqlite3.h&#34;
  Used: /home/ec2-user/arduino-testlib/cli-datadir/user/libraries/Sqlite3_for_ESP8266
  Not used: /home/ec2-user/arduino-testlib/cli-datadir/user/libraries/Sqlite3Esp32
</pre>
					
					<h4>examples/sqlite3_sdmmc</h4>
					<p>
						Result: <b>FAIL</b>
					</p>
					<pre class="pre-scrollable">/home/ec2-user/arduino-testlib/cli-datadir/user/libraries/Sqlite3Esp32/examples/sqlite3_sdmmc/sqlite3_sdmmc.ino:12:10: fatal error: FS.h: No such file or directory
 #include &lt;FS.h&gt;
          ^~~~~~
compilation terminated.
Multiple libraries were found for &#34;sqlite3.h&#34;
  Used: /home/ec2-user/arduino-testlib/cli-datadir/user/libraries/Sqlite3Esp32
  Not used: /home/ec2-user/arduino-testlib/cli-datadir/user/libraries/Sqlite3_for_ESP8266
</pre>
					
					<h4>examples/sqlite3_sdspi</h4>
					<p>
						Result: <b>FAIL</b>
					</p>
					<pre class="pre-scrollable">/home/ec2-user/arduino-testlib/cli-datadir/user/libraries/Sqlite3Esp32/examples/sqlite3_sdspi/sqlite3_sdspi.ino:22:10: fatal error: FS.h: No such file or directory
 #include &lt;FS.h&gt;
          ^~~~~~
compilation terminated.
Multiple libraries were found for &#34;sqlite3.h&#34;
  Used: /home/ec2-user/arduino-testlib/cli-datadir/user/libraries/Sqlite3_for_ESP8266
  Not used: /home/ec2-user/arduino-testlib/cli-datadir/user/libraries/Sqlite3Esp32
</pre>
					
					<h4>examples/sqlite3_spiffs</h4>
					<p>
						Result: <b>FAIL</b>
					</p>
					<pre class="pre-scrollable">/home/ec2-user/arduino-testlib/cli-datadir/user/libraries/Sqlite3Esp32/examples/sqlite3_spiffs/sqlite3_spiffs.ino:9:10: fatal error: FS.h: No such file or directory
 #include &lt;FS.h&gt;
          ^~~~~~
compilation terminated.
Multiple libraries were found for &#34;sqlite3.h&#34;
  Used: /home/ec2-user/arduino-testlib/cli-datadir/user/libraries/Sqlite3Esp32
  Not used: /home/ec2-user/arduino-testlib/cli-datadir/user/libraries/Sqlite3_for_ESP8266
</pre>
					
					<h4>examples/sqlite3_stackoverflow_users</h4>
					<p>
						Result: <b>FAIL</b>
					</p>
					<pre class="pre-scrollable">/home/ec2-user/arduino-testlib/cli-datadir/user/libraries/Sqlite3Esp32/examples/sqlite3_stackoverflow_users/sqlite3_stackoverflow_users.ino:50:10: fatal error: ESPmDNS.h: No such file or directory
 #include &lt;ESPmDNS.h&gt;
          ^~~~~~~~~~~
compilation terminated.
Multiple libraries were found for &#34;WiFi.h&#34;
  Used: /home/ec2-user/arduino-testlib/cli-datadir/user/libraries/WiFi
  Not used: /home/ec2-user/arduino-testlib/cli-datadir/user/libraries/Seeed_Arduino_rpcWiFi
  Not used: /home/ec2-user/arduino-testlib/cli-datadir/user/libraries/WiFiNINA
  Not used: /home/ec2-user/arduino-testlib/cli-datadir/user/libraries/WiFiEspAT
Multiple libraries were found for &#34;WebServer.h&#34;
  Used: /home/ec2-user/arduino-testlib/cli-datadir/user/libraries/Seeed_Arduino_rpcWiFi
  Not used: /home/ec2-user/arduino-testlib/cli-datadir/user/libraries/ESPEssentials
</pre>
					
					<h4>examples/sqlite3_web_console</h4>
					<p>
						Result: <b>FAIL</b>
					</p>
					<pre class="pre-scrollable">/home/ec2-user/arduino-testlib/cli-datadir/user/libraries/Sqlite3Esp32/examples/sqlite3_web_console/sqlite3_web_console.ino:43:10: fatal error: ESPmDNS.h: No such file or directory
 #include &lt;ESPmDNS.h&gt;
          ^~~~~~~~~~~
compilation terminated.
Multiple libraries were found for &#34;WiFi.h&#34;
  Used: /home/ec2-user/arduino-testlib/cli-datadir/user/libraries/WiFi
  Not used: /home/ec2-user/arduino-testlib/cli-datadir/user/libraries/Seeed_Arduino_rpcWiFi
  Not used: /home/ec2-user/arduino-testlib/cli-datadir/user/libraries/WiFiEspAT
  Not used: /home/ec2-user/arduino-testlib/cli-datadir/user/libraries/WiFiNINA
Multiple libraries were found for &#34;WebServer.h&#34;
  Used: /home/ec2-user/arduino-testlib/cli-datadir/user/libraries/Seeed_Arduino_rpcWiFi
  Not used: /home/ec2-user/arduino-testlib/cli-datadir/user/libraries/ESPEssentials
</pre>
					
					<h4>examples/sqlite3_webquery</h4>
					<p>
						Result: <b>FAIL</b>
					</p>
					<pre class="pre-scrollable">/home/ec2-user/arduino-testlib/cli-datadir/user/libraries/Sqlite3Esp32/examples/sqlite3_webquery/sqlite3_webquery.ino:49:10: fatal error: ESPmDNS.h: No such file or directory
 #include &lt;ESPmDNS.h&gt;
          ^~~~~~~~~~~
compilation terminated.
Multiple libraries were found for &#34;WiFi.h&#34;
  Used: /home/ec2-user/arduino-testlib/cli-datadir/user/libraries/WiFi
  Not used: /home/ec2-user/arduino-testlib/cli-datadir/user/libraries/Seeed_Arduino_rpcWiFi
  Not used: /home/ec2-user/arduino-testlib/cli-datadir/user/libraries/WiFiNINA
  Not used: /home/ec2-user/arduino-testlib/cli-datadir/user/libraries/WiFiEspAT
Multiple libraries were found for &#34;WebServer.h&#34;
  Used: /home/ec2-user/arduino-testlib/cli-datadir/user/libraries/Seeed_Arduino_rpcWiFi
  Not used: /home/ec2-user/arduino-testlib/cli-datadir/user/libraries/ESPEssentials
</pre>
					
				
				<h3 id="arduino:megaavr:nona4809">arduino:megaavr:nona4809 @ 1.8.7</h3>
				<h4>Inclusion</h4>
				<p>
					Result: <b>FAIL</b>
					
					<br />This library has no main header file so an empty one was created.
					
				</p>
				<pre class="pre-scrollable">/home/ec2-user/arduino-testlib/cli-datadir/user/libraries/Sqlite3Esp32/src/esp32.cpp:18:10: fatal error: esp_spi_flash.h: No such file or directory
 #include &lt;esp_spi_flash.h&gt;
          ^~~~~~~~~~~~~~~~~
compilation terminated.

</pre>

					
					<h4>examples/sqlite3_bulk_data_insert</h4>
					<p>
						Result: <b>FAIL</b>
					</p>
					<pre class="pre-scrollable">/home/ec2-user/arduino-testlib/cli-datadir/user/libraries/Sqlite3Esp32/examples/sqlite3_bulk_data_insert/sqlite3_bulk_data_insert.ino:16:10: fatal error: FS.h: No such file or directory
 #include &lt;FS.h&gt;
          ^~~~~~
compilation terminated.
Multiple libraries were found for &#34;sqlite3.h&#34;
  Used: /home/ec2-user/arduino-testlib/cli-datadir/user/libraries/Sqlite3Esp32
  Not used: /home/ec2-user/arduino-testlib/cli-datadir/user/libraries/Sqlite3_for_ESP8266
</pre>
					
					<h4>examples/sqlite3_console</h4>
					<p>
						Result: <b>FAIL</b>
					</p>
					<pre class="pre-scrollable">/home/ec2-user/arduino-testlib/cli-datadir/user/libraries/Sqlite3Esp32/examples/sqlite3_console/sqlite3_console.ino:31:10: fatal error: FS.h: No such file or directory
 #include &lt;FS.h&gt;
          ^~~~~~
compilation terminated.
Multiple libraries were found for &#34;sqlite3.h&#34;
  Used: /home/ec2-user/arduino-testlib/cli-datadir/user/libraries/Sqlite3_for_ESP8266
  Not used: /home/ec2-user/arduino-testlib/cli-datadir/user/libraries/Sqlite3Esp32
</pre>
					
					<h4>examples/sqlite3_insert_long_blob</h4>
					<p>
						Result: <b>FAIL</b>
					</p>
					<pre class="pre-scrollable">/home/ec2-user/arduino-testlib/cli-datadir/user/libraries/Sqlite3Esp32/examples/sqlite3_insert_long_blob/sqlite3_insert_long_blob.ino:8:10: fatal error: FS.h: No such file or directory
 #include &lt;FS.h&gt;
          ^~~~~~
compilation terminated.
Multiple libraries were found for &#34;sqlite3.h&#34;
  Used: /home/ec2-user/arduino-testlib/cli-datadir/user/libraries/Sqlite3Esp32
  Not used: /home/ec2-user/arduino-testlib/cli-datadir/user/libraries/Sqlite3_for_ESP8266
</pre>
					
					<h4>examples/sqlite3_sdmmc</h4>
					<p>
						Result: <b>FAIL</b>
					</p>
					<pre class="pre-scrollable">/home/ec2-user/arduino-testlib/cli-datadir/user/libraries/Sqlite3Esp32/examples/sqlite3_sdmmc/sqlite3_sdmmc.ino:12:10: fatal error: FS.h: No such file or directory
 #include &lt;FS.h&gt;
          ^~~~~~
compilation terminated.
Multiple libraries were found for &#34;sqlite3.h&#34;
  Used: /home/ec2-user/arduino-testlib/cli-datadir/user/libraries/Sqlite3Esp32
  Not used: /home/ec2-user/arduino-testlib/cli-datadir/user/libraries/Sqlite3_for_ESP8266
</pre>
					
					<h4>examples/sqlite3_sdspi</h4>
					<p>
						Result: <b>FAIL</b>
					</p>
					<pre class="pre-scrollable">/home/ec2-user/arduino-testlib/cli-datadir/user/libraries/Sqlite3Esp32/examples/sqlite3_sdspi/sqlite3_sdspi.ino:22:10: fatal error: FS.h: No such file or directory
 #include &lt;FS.h&gt;
          ^~~~~~
compilation terminated.
Multiple libraries were found for &#34;sqlite3.h&#34;
  Used: /home/ec2-user/arduino-testlib/cli-datadir/user/libraries/Sqlite3_for_ESP8266
  Not used: /home/ec2-user/arduino-testlib/cli-datadir/user/libraries/Sqlite3Esp32
</pre>
					
					<h4>examples/sqlite3_spiffs</h4>
					<p>
						Result: <b>FAIL</b>
					</p>
					<pre class="pre-scrollable">/home/ec2-user/arduino-testlib/cli-datadir/user/libraries/Sqlite3Esp32/examples/sqlite3_spiffs/sqlite3_spiffs.ino:9:10: fatal error: FS.h: No such file or directory
 #include &lt;FS.h&gt;
          ^~~~~~
compilation terminated.
Multiple libraries were found for &#34;sqlite3.h&#34;
  Used: /home/ec2-user/arduino-testlib/cli-datadir/user/libraries/Sqlite3_for_ESP8266
  Not used: /home/ec2-user/arduino-testlib/cli-datadir/user/libraries/Sqlite3Esp32
</pre>
					
					<h4>examples/sqlite3_stackoverflow_users</h4>
					<p>
						Result: <b>FAIL</b>
					</p>
					<pre class="pre-scrollable">In file included from /home/ec2-user/arduino-testlib/cli-datadir/user/libraries/Sqlite3Esp32/examples/sqlite3_stackoverflow_users/sqlite3_stackoverflow_users.ino:49:0:
/home/ec2-user/arduino-testlib/cli-datadir/user/libraries/Seeed_Arduino_rpcWiFi/src/WebServer.h:27:10: fatal error: functional: No such file or directory
 #include &lt;functional&gt;
          ^~~~~~~~~~~~
compilation terminated.
Multiple libraries were found for &#34;WiFi.h&#34;
  Used: /home/ec2-user/arduino-testlib/cli-datadir/user/libraries/WiFi
  Not used: /home/ec2-user/arduino-testlib/cli-datadir/user/libraries/WiFiNINA
  Not used: /home/ec2-user/arduino-testlib/cli-datadir/user/libraries/Seeed_Arduino_rpcWiFi
  Not used: /home/ec2-user/arduino-testlib/cli-datadir/user/libraries/WiFiEspAT
Multiple libraries were found for &#34;WebServer.h&#34;
  Used: /home/ec2-user/arduino-testlib/cli-datadir/user/libraries/Seeed_Arduino_rpcWiFi
  Not used: /home/ec2-user/arduino-testlib/cli-datadir/user/libraries/ESPEssentials
</pre>
					
					<h4>examples/sqlite3_web_console</h4>
					<p>
						Result: <b>FAIL</b>
					</p>
					<pre class="pre-scrollable">In file included from /home/ec2-user/arduino-testlib/cli-datadir/user/libraries/Sqlite3Esp32/examples/sqlite3_web_console/sqlite3_web_console.ino:42:0:
/home/ec2-user/arduino-testlib/cli-datadir/user/libraries/Seeed_Arduino_rpcWiFi/src/WebServer.h:27:10: fatal error: functional: No such file or directory
 #include &lt;functional&gt;
          ^~~~~~~~~~~~
compilation terminated.
Multiple libraries were found for &#34;WiFi.h&#34;
  Used: /home/ec2-user/arduino-testlib/cli-datadir/user/libraries/WiFi
  Not used: /home/ec2-user/arduino-testlib/cli-datadir/user/libraries/WiFiNINA
  Not used: /home/ec2-user/arduino-testlib/cli-datadir/user/libraries/Seeed_Arduino_rpcWiFi
  Not used: /home/ec2-user/arduino-testlib/cli-datadir/user/libraries/WiFiEspAT
Multiple libraries were found for &#34;WebServer.h&#34;
  Used: /home/ec2-user/arduino-testlib/cli-datadir/user/libraries/Seeed_Arduino_rpcWiFi
  Not used: /home/ec2-user/arduino-testlib/cli-datadir/user/libraries/ESPEssentials
</pre>
					
					<h4>examples/sqlite3_webquery</h4>
					<p>
						Result: <b>FAIL</b>
					</p>
					<pre class="pre-scrollable">In file included from /home/ec2-user/arduino-testlib/cli-datadir/user/libraries/Sqlite3Esp32/examples/sqlite3_webquery/sqlite3_webquery.ino:48:0:
/home/ec2-user/arduino-testlib/cli-datadir/user/libraries/Seeed_Arduino_rpcWiFi/src/WebServer.h:27:10: fatal error: functional: No such file or directory
 #include &lt;functional&gt;
          ^~~~~~~~~~~~
compilation terminated.
Multiple libraries were found for &#34;WebServer.h&#34;
  Used: /home/ec2-user/arduino-testlib/cli-datadir/user/libraries/Seeed_Arduino_rpcWiFi
  Not used: /home/ec2-user/arduino-testlib/cli-datadir/user/libraries/ESPEssentials
Multiple libraries were found for &#34;WiFi.h&#34;
  Used: /home/ec2-user/arduino-testlib/cli-datadir/user/libraries/WiFi
  Not used: /home/ec2-user/arduino-testlib/cli-datadir/user/libraries/WiFiNINA
  Not used: /home/ec2-user/arduino-testlib/cli-datadir/user/libraries/Seeed_Arduino_rpcWiFi
  Not used: /home/ec2-user/arduino-testlib/cli-datadir/user/libraries/WiFiEspAT
</pre>
					
				
				<h3 id="arduino:samd:mkrwifi1010">arduino:samd:mkrwifi1010 @ 1.8.12</h3>
				<h4>Inclusion</h4>
				<p>
					Result: <b>FAIL</b>
					
					<br />This library has no main header file so an empty one was created.
					
				</p>
				<pre class="pre-scrollable">/home/ec2-user/arduino-testlib/cli-datadir/user/libraries/Sqlite3Esp32/src/esp32.cpp:18:10: fatal error: esp_spi_flash.h: No such file or directory
 #include &lt;esp_spi_flash.h&gt;
          ^~~~~~~~~~~~~~~~~
compilation terminated.

</pre>

					
					<h4>examples/sqlite3_bulk_data_insert</h4>
					<p>
						Result: <b>FAIL</b>
					</p>
					<pre class="pre-scrollable">/home/ec2-user/arduino-testlib/cli-datadir/user/libraries/Sqlite3Esp32/examples/sqlite3_bulk_data_insert/sqlite3_bulk_data_insert.ino:16:10: fatal error: FS.h: No such file or directory
 #include &lt;FS.h&gt;
          ^~~~~~
compilation terminated.
Multiple libraries were found for &#34;sqlite3.h&#34;
  Used: /home/ec2-user/arduino-testlib/cli-datadir/user/libraries/Sqlite3_for_ESP8266
  Not used: /home/ec2-user/arduino-testlib/cli-datadir/user/libraries/Sqlite3Esp32
</pre>
					
					<h4>examples/sqlite3_console</h4>
					<p>
						Result: <b>FAIL</b>
					</p>
					<pre class="pre-scrollable">/home/ec2-user/arduino-testlib/cli-datadir/user/libraries/Sqlite3Esp32/examples/sqlite3_console/sqlite3_console.ino:31:10: fatal error: FS.h: No such file or directory
 #include &lt;FS.h&gt;
          ^~~~~~
compilation terminated.
Multiple libraries were found for &#34;sqlite3.h&#34;
  Used: /home/ec2-user/arduino-testlib/cli-datadir/user/libraries/Sqlite3_for_ESP8266
  Not used: /home/ec2-user/arduino-testlib/cli-datadir/user/libraries/Sqlite3Esp32
</pre>
					
					<h4>examples/sqlite3_insert_long_blob</h4>
					<p>
						Result: <b>FAIL</b>
					</p>
					<pre class="pre-scrollable">/home/ec2-user/arduino-testlib/cli-datadir/user/libraries/Sqlite3Esp32/examples/sqlite3_insert_long_blob/sqlite3_insert_long_blob.ino:8:10: fatal error: FS.h: No such file or directory
 #include &lt;FS.h&gt;
          ^~~~~~
compilation terminated.
Multiple libraries were found for &#34;sqlite3.h&#34;
  Used: /home/ec2-user/arduino-testlib/cli-datadir/user/libraries/Sqlite3Esp32
  Not used: /home/ec2-user/arduino-testlib/cli-datadir/user/libraries/Sqlite3_for_ESP8266
</pre>
					
					<h4>examples/sqlite3_sdmmc</h4>
					<p>
						Result: <b>FAIL</b>
					</p>
					<pre class="pre-scrollable">/home/ec2-user/arduino-testlib/cli-datadir/user/libraries/Sqlite3Esp32/examples/sqlite3_sdmmc/sqlite3_sdmmc.ino:12:10: fatal error: FS.h: No such file or directory
 #include &lt;FS.h&gt;
          ^~~~~~
compilation terminated.
Multiple libraries were found for &#34;sqlite3.h&#34;
  Used: /home/ec2-user/arduino-testlib/cli-datadir/user/libraries/Sqlite3_for_ESP8266
  Not used: /home/ec2-user/arduino-testlib/cli-datadir/user/libraries/Sqlite3Esp32
</pre>
					
					<h4>examples/sqlite3_sdspi</h4>
					<p>
						Result: <b>FAIL</b>
					</p>
					<pre class="pre-scrollable">/home/ec2-user/arduino-testlib/cli-datadir/user/libraries/Sqlite3Esp32/examples/sqlite3_sdspi/sqlite3_sdspi.ino:22:10: fatal error: FS.h: No such file or directory
 #include &lt;FS.h&gt;
          ^~~~~~
compilation terminated.
Multiple libraries were found for &#34;sqlite3.h&#34;
  Used: /home/ec2-user/arduino-testlib/cli-datadir/user/libraries/Sqlite3_for_ESP8266
  Not used: /home/ec2-user/arduino-testlib/cli-datadir/user/libraries/Sqlite3Esp32
</pre>
					
					<h4>examples/sqlite3_spiffs</h4>
					<p>
						Result: <b>FAIL</b>
					</p>
					<pre class="pre-scrollable">/home/ec2-user/arduino-testlib/cli-datadir/user/libraries/Sqlite3Esp32/examples/sqlite3_spiffs/sqlite3_spiffs.ino:9:10: fatal error: FS.h: No such file or directory
 #include &lt;FS.h&gt;
          ^~~~~~
compilation terminated.
Multiple libraries were found for &#34;sqlite3.h&#34;
  Used: /home/ec2-user/arduino-testlib/cli-datadir/user/libraries/Sqlite3_for_ESP8266
  Not used: /home/ec2-user/arduino-testlib/cli-datadir/user/libraries/Sqlite3Esp32
</pre>
					
					<h4>examples/sqlite3_stackoverflow_users</h4>
					<p>
						Result: <b>FAIL</b>
					</p>
					<pre class="pre-scrollable">/home/ec2-user/arduino-testlib/cli-datadir/user/libraries/Sqlite3Esp32/examples/sqlite3_stackoverflow_users/sqlite3_stackoverflow_users.ino:50:10: fatal error: ESPmDNS.h: No such file or directory
 #include &lt;ESPmDNS.h&gt;
          ^~~~~~~~~~~
compilation terminated.
Multiple libraries were found for &#34;WiFi.h&#34;
  Used: /home/ec2-user/arduino-testlib/cli-datadir/user/libraries/WiFi
  Not used: /home/ec2-user/arduino-testlib/cli-datadir/user/libraries/WiFiEspAT
  Not used: /home/ec2-user/arduino-testlib/cli-datadir/user/libraries/WiFiNINA
  Not used: /home/ec2-user/arduino-testlib/cli-datadir/user/libraries/Seeed_Arduino_rpcWiFi
Multiple libraries were found for &#34;WebServer.h&#34;
  Used: /home/ec2-user/arduino-testlib/cli-datadir/user/libraries/Seeed_Arduino_rpcWiFi
  Not used: /home/ec2-user/arduino-testlib/cli-datadir/user/libraries/ESPEssentials
</pre>
					
					<h4>examples/sqlite3_web_console</h4>
					<p>
						Result: <b>FAIL</b>
					</p>
					<pre class="pre-scrollable">/home/ec2-user/arduino-testlib/cli-datadir/user/libraries/Sqlite3Esp32/examples/sqlite3_web_console/sqlite3_web_console.ino:43:10: fatal error: ESPmDNS.h: No such file or directory
 #include &lt;ESPmDNS.h&gt;
          ^~~~~~~~~~~
compilation terminated.
Multiple libraries were found for &#34;WiFi.h&#34;
  Used: /home/ec2-user/arduino-testlib/cli-datadir/user/libraries/WiFi
  Not used: /home/ec2-user/arduino-testlib/cli-datadir/user/libraries/WiFiEspAT
  Not used: /home/ec2-user/arduino-testlib/cli-datadir/user/libraries/Seeed_Arduino_rpcWiFi
  Not used: /home/ec2-user/arduino-testlib/cli-datadir/user/libraries/WiFiNINA
Multiple libraries were found for &#34;WebServer.h&#34;
  Used: /home/ec2-user/arduino-testlib/cli-datadir/user/libraries/Seeed_Arduino_rpcWiFi
  Not used: /home/ec2-user/arduino-testlib/cli-datadir/user/libraries/ESPEssentials
</pre>
					
					<h4>examples/sqlite3_webquery</h4>
					<p>
						Result: <b>FAIL</b>
					</p>
					<pre class="pre-scrollable">/home/ec2-user/arduino-testlib/cli-datadir/user/libraries/Sqlite3Esp32/examples/sqlite3_webquery/sqlite3_webquery.ino:49:10: fatal error: ESPmDNS.h: No such file or directory
 #include &lt;ESPmDNS.h&gt;
          ^~~~~~~~~~~
compilation terminated.
Multiple libraries were found for &#34;WiFi.h&#34;
  Used: /home/ec2-user/arduino-testlib/cli-datadir/user/libraries/WiFi
  Not used: /home/ec2-user/arduino-testlib/cli-datadir/user/libraries/WiFiNINA
  Not used: /home/ec2-user/arduino-testlib/cli-datadir/user/libraries/Seeed_Arduino_rpcWiFi
  Not used: /home/ec2-user/arduino-testlib/cli-datadir/user/libraries/WiFiEspAT
Multiple libraries were found for &#34;WebServer.h&#34;
  Used: /home/ec2-user/arduino-testlib/cli-datadir/user/libraries/Seeed_Arduino_rpcWiFi
  Not used: /home/ec2-user/arduino-testlib/cli-datadir/user/libraries/ESPEssentials
</pre>
					
				
				<h3 id="esp32:esp32:d1_mini32">esp32:esp32:d1_mini32 @ 1.0.6</h3>
				<h4>Inclusion</h4>
				<p>
					Result: <b>PASS</b>
					
					<br />This library has no main header file so an empty one was created.
					
				</p>
				<pre class="pre-scrollable">Sketch uses 198184 bytes (15%) of program storage space. Maximum is 1310720 bytes.
Global variables use 13092 bytes (3%) of dynamic memory, leaving 314588 bytes for local variables. Maximum is 327680 bytes.
</pre>

					
					<h4>examples/sqlite3_bulk_data_insert</h4>
					<p>
						Result: <b>PASS</b>
					</p>
					<pre class="pre-scrollable">Sketch uses 660354 bytes (50%) of program storage space. Maximum is 1310720 bytes.
Global variables use 19176 bytes (5%) of dynamic memory, leaving 308504 bytes for local variables. Maximum is 327680 bytes.
</pre>
					
					<h4>examples/sqlite3_console</h4>
					<p>
						Result: <b>FAIL</b>
					</p>
					<pre class="pre-scrollable">In file included from /home/ec2-user/arduino-testlib/cli-datadir/user/libraries/SD/src/utility/Sd2Card.h:26:0,
                 from /home/ec2-user/arduino-testlib/cli-datadir/user/libraries/SD/src/utility/SdFat.h:29,
                 from /home/ec2-user/arduino-testlib/cli-datadir/user/libraries/SD/src/SD.h:20,
                 from /home/ec2-user/arduino-testlib/cli-datadir/user/libraries/Sqlite3Esp32/examples/sqlite3_console/sqlite3_console.ino:34:
/home/ec2-user/arduino-testlib/cli-datadir/user/libraries/SD/src/utility/Sd2PinMap.h:524:2: error: #error Architecture or board not supported.
 #error Architecture or board not supported.
  ^
Multiple libraries were found for &#34;SD.h&#34;
  Used: /home/ec2-user/arduino-testlib/cli-datadir/user/libraries/SD
  Not used: /home/ec2-user/arduino-testlib/cli-datadir/data/packages/esp32/hardware/esp32/1.0.6/libraries/SD
Multiple libraries were found for &#34;sqlite3.h&#34;
  Used: /home/ec2-user/arduino-testlib/cli-datadir/user/libraries/Sqlite3Esp32
  Not used: /home/ec2-user/arduino-testlib/cli-datadir/user/libraries/Sqlite3_for_ESP8266
</pre>
					
					<h4>examples/sqlite3_insert_long_blob</h4>
					<p>
						Result: <b>PASS</b>
					</p>
					<pre class="pre-scrollable">Sketch uses 621578 bytes (47%) of program storage space. Maximum is 1310720 bytes.
Global variables use 19024 bytes (5%) of dynamic memory, leaving 308656 bytes for local variables. Maximum is 327680 bytes.
</pre>
					
					<h4>examples/sqlite3_sdmmc</h4>
					<p>
						Result: <b>PASS</b>
					</p>
					<pre class="pre-scrollable">Sketch uses 621234 bytes (47%) of program storage space. Maximum is 1310720 bytes.
Global variables use 19024 bytes (5%) of dynamic memory, leaving 308656 bytes for local variables. Maximum is 327680 bytes.
</pre>
					
					<h4>examples/sqlite3_sdspi</h4>
					<p>
						Result: <b>FAIL</b>
					</p>
					<pre class="pre-scrollable">In file included from /home/ec2-user/arduino-testlib/cli-datadir/user/libraries/SD/src/utility/Sd2Card.h:26:0,
                 from /home/ec2-user/arduino-testlib/cli-datadir/user/libraries/SD/src/utility/SdFat.h:29,
                 from /home/ec2-user/arduino-testlib/cli-datadir/user/libraries/SD/src/SD.h:20,
                 from /home/ec2-user/arduino-testlib/cli-datadir/user/libraries/Sqlite3Esp32/examples/sqlite3_sdspi/sqlite3_sdspi.ino:23:
/home/ec2-user/arduino-testlib/cli-datadir/user/libraries/SD/src/utility/Sd2PinMap.h:524:2: error: #error Architecture or board not supported.
 #error Architecture or board not supported.
  ^
Multiple libraries were found for &#34;sqlite3.h&#34;
  Used: /home/ec2-user/arduino-testlib/cli-datadir/user/libraries/Sqlite3Esp32
  Not used: /home/ec2-user/arduino-testlib/cli-datadir/user/libraries/Sqlite3_for_ESP8266
Multiple libraries were found for &#34;SD.h&#34;
  Used: /home/ec2-user/arduino-testlib/cli-datadir/user/libraries/SD
  Not used: /home/ec2-user/arduino-testlib/cli-datadir/data/packages/esp32/hardware/esp32/1.0.6/libraries/SD
</pre>
					
					<h4>examples/sqlite3_spiffs</h4>
					<p>
						Result: <b>PASS</b>
					</p>
					<pre class="pre-scrollable">Sketch uses 571686 bytes (43%) of program storage space. Maximum is 1310720 bytes.
Global variables use 18696 bytes (5%) of dynamic memory, leaving 308984 bytes for local variables. Maximum is 327680 bytes.
</pre>
					
					<h4>examples/sqlite3_stackoverflow_users</h4>
					<p>
						Result: <b>PASS</b>
					</p>
					<pre class="pre-scrollable">Sketch uses 1172882 bytes (89%) of program storage space. Maximum is 1310720 bytes.
Global variables use 46080 bytes (14%) of dynamic memory, leaving 281600 bytes for local variables. Maximum is 327680 bytes.
</pre>
					
					<h4>examples/sqlite3_web_console</h4>
					<p>
						Result: <b>FAIL</b>
					</p>
					<pre class="pre-scrollable">In file included from /home/ec2-user/arduino-testlib/cli-datadir/user/libraries/SD/src/utility/Sd2Card.h:26:0,
                 from /home/ec2-user/arduino-testlib/cli-datadir/user/libraries/SD/src/utility/SdFat.h:29,
                 from /home/ec2-user/arduino-testlib/cli-datadir/user/libraries/SD/src/SD.h:20,
                 from /home/ec2-user/arduino-testlib/cli-datadir/user/libraries/Sqlite3Esp32/examples/sqlite3_web_console/sqlite3_web_console.ino:49:
/home/ec2-user/arduino-testlib/cli-datadir/user/libraries/SD/src/utility/Sd2PinMap.h:524:2: error: #error Architecture or board not supported.
 #error Architecture or board not supported.
  ^
Multiple libraries were found for &#34;WiFi.h&#34;
  Used: /home/ec2-user/arduino-testlib/cli-datadir/data/packages/esp32/hardware/esp32/1.0.6/libraries/WiFi
  Not used: /home/ec2-user/arduino-testlib/cli-datadir/user/libraries/WiFiNINA
  Not used: /home/ec2-user/arduino-testlib/cli-datadir/user/libraries/Seeed_Arduino_rpcWiFi
  Not used: /home/ec2-user/arduino-testlib/cli-datadir/user/libraries/WiFi
  Not used: /home/ec2-user/arduino-testlib/cli-datadir/user/libraries/WiFiEspAT
Multiple libraries were found for &#34;sqlite3.h&#34;
  Used: /home/ec2-user/arduino-testlib/cli-datadir/user/libraries/Sqlite3Esp32
  Not used: /home/ec2-user/arduino-testlib/cli-datadir/user/libraries/Sqlite3_for_ESP8266
Multiple libraries were found for &#34;SD.h&#34;
  Used: /home/ec2-user/arduino-testlib/cli-datadir/user/libraries/SD
  Not used: /home/ec2-user/arduino-testlib/cli-datadir/data/packages/esp32/hardware/esp32/1.0.6/libraries/SD
Multiple libraries were found for &#34;WebServer.h&#34;
  Used: /home/ec2-user/arduino-testlib/cli-datadir/data/packages/esp32/hardware/esp32/1.0.6/libraries/WebServer
  Not used: /home/ec2-user/arduino-testlib/cli-datadir/user/libraries/Seeed_Arduino_rpcWiFi
  Not used: /home/ec2-user/arduino-testlib/cli-datadir/user/libraries/ESPEssentials
</pre>
					
					<h4>examples/sqlite3_webquery</h4>
					<p>
						Result: <b>PASS</b>
					</p>
					<pre class="pre-scrollable">Sketch uses 1170278 bytes (89%) of program storage space. Maximum is 1310720 bytes.
Global variables use 46080 bytes (14%) of dynamic memory, leaving 281600 bytes for local variables. Maximum is 327680 bytes.
</pre>
					
				
			</div>
		</div>
	</div>
  </body>
</html>
