
<!doctype html>
<html lang="en">
  <head>
    <meta charset="utf-8">
    <meta name="viewport" content="width=device-width, initial-scale=1">
    <link href="https://cdn.jsdelivr.net/npm/bootstrap@5.0.2/dist/css/bootstrap.min.css" rel="stylesheet" integrity="sha384-EVSTQN3/azprG1Anm3QDgpJLIm9Nao0Yz1ztcQTwFspd3yD65VohhpuuCOmLASjC" crossorigin="anonymous">
    <title>arduino-testlib report</title>
	<style>
	.pass { background-color: #00FF00 !important; }
	.fail { background-color: #FF0000 !important; }
	</style>
  </head>
  <body>
	<div class="container">
		<div class="row">
			<div class="col">
				<h1>SSVQueueStackArray - compatibility matrix</h1>
				<p>
					<small>This report was generated on Monday, 21-Feb-22 12:00:25 CET using 
					<a href="https://github.com/alranel/arduino-testlib">arduino-testlib</a>.</small>
				</p>

				<h2>SSVQueueStackArray</h2>
				<p>
					Version: <b>1.0.0</b>
					<br />
					<a href="https://www.arduino.cc/reference/en/libraries/ssvqueuestackarray/">More details</a>
				</p>

				<h2>Compatibility matrix</h2>
				<table class="table table-bordered">
					<tr>
						<th>Board</th>
						<th>Claims compatibility</th>
						<th>Inclusion</th>
						
						<th><pre>SSVQueueStack_Adv_Test</pre></th>
						
						<th><pre>Simple</pre></th>
						
					</tr>
					
					<tr>
						<td>
							<a href="#arduino%3aavr%3auno"><b>arduino:avr:uno</b></a>
							<br />
							<small>1.8.4</small>
						</td>

						
							<td>Yes</td>
							<td class="pass">PASS</td>
						
						
						
						

						
							
								
									
										
											
											<td class="fail">FAIL</td>
										
									
										
									
								
							
								
							
								
							
								
							
								
							
						
							
								
									
										
									
										
											<td class="pass">PASS</td>
											
										
									
								
							
								
							
								
							
								
							
								
							
						
					</tr>
					
					<tr>
						<td>
							<a href="#arduino%3ambed_nano%3ananorp2040connect"><b>arduino:mbed_nano:nanorp2040connect</b></a>
							<br />
							<small>2.7.2</small>
						</td>

						
							<td>Yes</td>
							<td class="pass">PASS</td>
						
						
						
						

						
							
								
							
								
									
										
											
											<td class="fail">FAIL</td>
										
									
										
									
								
							
								
							
								
							
								
							
						
							
								
							
								
									
										
									
										
											<td class="pass">PASS</td>
											
										
									
								
							
								
							
								
							
								
							
						
					</tr>
					
					<tr>
						<td>
							<a href="#arduino%3amegaavr%3anona4809"><b>arduino:megaavr:nona4809</b></a>
							<br />
							<small>1.8.7</small>
						</td>

						
							<td>Yes</td>
							<td class="pass">PASS</td>
						
						
						
						

						
							
								
							
								
							
								
									
										
											
											<td class="fail">FAIL</td>
										
									
										
									
								
							
								
							
								
							
						
							
								
							
								
							
								
									
										
									
										
											<td class="pass">PASS</td>
											
										
									
								
							
								
							
								
							
						
					</tr>
					
					<tr>
						<td>
							<a href="#arduino%3asamd%3amkrwifi1010"><b>arduino:samd:mkrwifi1010</b></a>
							<br />
							<small>1.8.12</small>
						</td>

						
							<td>Yes</td>
							<td class="pass">PASS</td>
						
						
						
						

						
							
								
							
								
							
								
							
								
									
										
											
											<td class="fail">FAIL</td>
										
									
										
									
								
							
								
							
						
							
								
							
								
							
								
							
								
									
										
									
										
											<td class="pass">PASS</td>
											
										
									
								
							
								
							
						
					</tr>
					
					<tr>
						<td>
							<a href="#esp32%3aesp32%3ad1_mini32"><b>esp32:esp32:d1_mini32</b></a>
							<br />
							<small>1.0.6</small>
						</td>

						
							<td>Yes</td>
							<td class="pass">PASS</td>
						
						
						
						

						
							
								
							
								
							
								
							
								
							
								
									
										
											<td class="pass">PASS</td>
											
										
									
										
									
								
							
						
							
								
							
								
							
								
							
								
							
								
									
										
									
										
											<td class="pass">PASS</td>
											
										
									
								
							
						
					</tr>
					
				</table>

				<h2>Compilation logs</h2>
				
				<h3 id="arduino:avr:uno">arduino:avr:uno @ 1.8.4</h3>
				<h4>Inclusion</h4>
				<p>
					Result: <b>PASS</b>
					
				</p>
				<pre class="pre-scrollable">Sketch uses 444 bytes (1%) of program storage space. Maximum is 32256 bytes.
Global variables use 9 bytes (0%) of dynamic memory, leaving 2039 bytes for local variables. Maximum is 2048 bytes.
</pre>

					
					<h4>examples/SSVQueueStack_Adv_Test</h4>
					<p>
						Result: <b>FAIL</b>
					</p>
					<pre class="pre-scrollable">/home/ec2-user/arduino-testlib/cli-datadir/user/libraries/SSVQueueStackArray/examples/SSVQueueStack_Adv_Test/SSVQueueStack_Adv_Test.ino: In function &#39;void PrintData(MyDataType)&#39;:
/home/ec2-user/arduino-testlib/cli-datadir/user/libraries/SSVQueueStackArray/examples/SSVQueueStack_Adv_Test/SSVQueueStack_Adv_Test.ino:75:10: error: &#39;class HardwareSerial&#39; has no member named &#39;printf&#39;; did you mean &#39;print&#39;?
   Serial.printf(&#34;TS: %lu, ID: %d, Value: %.2f \r\n&#34;, V.timestamp, V.id, V.value);
          ^~~~~~
          print
/home/ec2-user/arduino-testlib/cli-datadir/user/libraries/SSVQueueStackArray/examples/SSVQueueStack_Adv_Test/SSVQueueStack_Adv_Test.ino: In function &#39;void TmrPop_Func()&#39;:
/home/ec2-user/arduino-testlib/cli-datadir/user/libraries/SSVQueueStackArray/examples/SSVQueueStack_Adv_Test/SSVQueueStack_Adv_Test.ino:89:10: error: &#39;class HardwareSerial&#39; has no member named &#39;printf&#39;; did you mean &#39;print&#39;?
   Serial.printf(&#34;Pop Timer: &#34;);
          ^~~~~~
          print
/home/ec2-user/arduino-testlib/cli-datadir/user/libraries/SSVQueueStackArray/examples/SSVQueueStack_Adv_Test/SSVQueueStack_Adv_Test.ino: In function &#39;void TmrPopALL_Func()&#39;:
/home/ec2-user/arduino-testlib/cli-datadir/user/libraries/SSVQueueStackArray/examples/SSVQueueStack_Adv_Test/SSVQueueStack_Adv_Test.ino:96:10: error: &#39;class HardwareSerial&#39; has no member named &#39;printf&#39;; did you mean &#39;print&#39;?
   Serial.printf(&#34;PopALL Timer: &#34;);
          ^~~~~~
          print
/home/ec2-user/arduino-testlib/cli-datadir/user/libraries/SSVQueueStackArray/examples/SSVQueueStack_Adv_Test/SSVQueueStack_Adv_Test.ino: In function &#39;void TmrPush_Func()&#39;:
/home/ec2-user/arduino-testlib/cli-datadir/user/libraries/SSVQueueStackArray/examples/SSVQueueStack_Adv_Test/SSVQueueStack_Adv_Test.ino:107:10: error: &#39;class HardwareSerial&#39; has no member named &#39;printf&#39;; did you mean &#39;print&#39;?
   Serial.printf(&#34;Push Timer: &#34;);
          ^~~~~~
          print
/home/ec2-user/arduino-testlib/cli-datadir/user/libraries/SSVQueueStackArray/examples/SSVQueueStack_Adv_Test/SSVQueueStack_Adv_Test.ino: In function &#39;void ShowStorageStatus(byte)&#39;:
/home/ec2-user/arduino-testlib/cli-datadir/user/libraries/SSVQueueStackArray/examples/SSVQueueStack_Adv_Test/SSVQueueStack_Adv_Test.ino:235:8: error: &#39;class HardwareSerial&#39; has no member named &#39;printf&#39;; did you mean &#39;print&#39;?
 Serial.printf(&#34;--- INFO:\r\n&#34;);
        ^~~~~~
        print
/home/ec2-user/arduino-testlib/cli-datadir/user/libraries/SSVQueueStackArray/examples/SSVQueueStack_Adv_Test/SSVQueueStack_Adv_Test.ino:239:10: error: &#39;class HardwareSerial&#39; has no member named &#39;printf&#39;; did you mean &#39;print&#39;?
   Serial.printf(&#34;Push Timer Interval is: %.1fS\r\n&#34;, (float)TmrPush.GetInterval()/1000);
          ^~~~~~
          print
/home/ec2-user/arduino-testlib/cli-datadir/user/libraries/SSVQueueStackArray/examples/SSVQueueStack_Adv_Test/SSVQueueStack_Adv_Test.ino:240:10: error: &#39;class HardwareSerial&#39; has no member named &#39;printf&#39;; did you mean &#39;print&#39;?
   Serial.printf(&#34;Pop Timer Interval is: %.1fS\r\n&#34;, (float)TmrPop.GetInterval()/1000);
          ^~~~~~
          print
/home/ec2-user/arduino-testlib/cli-datadir/user/libraries/SSVQueueStackArray/examples/SSVQueueStack_Adv_Test/SSVQueueStack_Adv_Test.ino:241:10: error: &#39;class HardwareSerial&#39; has no member named &#39;printf&#39;; did you mean &#39;print&#39;?
   Serial.printf(&#34;PopALL Timer Interval is: %.1fS\r\n&#34;, (float)TmrPopALL.GetInterval()/1000);
          ^~~~~~
          print
/home/ec2-user/arduino-testlib/cli-datadir/user/libraries/SSVQueueStackArray/examples/SSVQueueStack_Adv_Test/SSVQueueStack_Adv_Test.ino:247:10: error: &#39;class HardwareSerial&#39; has no member named &#39;printf&#39;; did you mean &#39;print&#39;?
   Serial.printf(&#34;is Empty: %s\r\n&#34;, (storage.isEmpty()) ? &#34;YES&#34; : &#34;NO&#34; ); 
          ^~~~~~
          print
/home/ec2-user/arduino-testlib/cli-datadir/user/libraries/SSVQueueStackArray/examples/SSVQueueStack_Adv_Test/SSVQueueStack_Adv_Test.ino:248:10: error: &#39;class HardwareSerial&#39; has no member named &#39;printf&#39;; did you mean &#39;print&#39;?
   Serial.printf(&#34;is Full: %s\r\n&#34;, (storage.isFull()) ? &#34;YES&#34; : &#34;NO&#34; ); 
          ^~~~~~
          print
/home/ec2-user/arduino-testlib/cli-datadir/user/libraries/SSVQueueStackArray/examples/SSVQueueStack_Adv_Test/SSVQueueStack_Adv_Test.ino:249:10: error: &#39;class HardwareSerial&#39; has no member named &#39;printf&#39;; did you mean &#39;print&#39;?
   Serial.printf(&#34;PTFSAction: &#34;); PrintPTFSAction(); Serial.print(&#34;\r\n&#34;);
          ^~~~~~
          print
/home/ec2-user/arduino-testlib/cli-datadir/user/libraries/SSVQueueStackArray/examples/SSVQueueStack_Adv_Test/SSVQueueStack_Adv_Test.ino:250:10: error: &#39;class HardwareSerial&#39; has no member named &#39;printf&#39;; did you mean &#39;print&#39;?
   Serial.printf(&#34;Count: %d\r\n&#34;, storage.getCount());
          ^~~~~~
          print
/home/ec2-user/arduino-testlib/cli-datadir/user/libraries/SSVQueueStackArray/examples/SSVQueueStack_Adv_Test/SSVQueueStack_Adv_Test.ino:251:10: error: &#39;class HardwareSerial&#39; has no member named &#39;printf&#39;; did you mean &#39;print&#39;?
   Serial.printf(&#34;Size: %d\r\n&#34;, storage.getSize());
          ^~~~~~
          print
/home/ec2-user/arduino-testlib/cli-datadir/user/libraries/SSVQueueStackArray/examples/SSVQueueStack_Adv_Test/SSVQueueStack_Adv_Test.ino:260:14: error: &#39;class HardwareSerial&#39; has no member named &#39;printf&#39;; did you mean &#39;print&#39;?
       Serial.printf(&#34;Oldest Item: &#34;); 
              ^~~~~~
              print
/home/ec2-user/arduino-testlib/cli-datadir/user/libraries/SSVQueueStackArray/examples/SSVQueueStack_Adv_Test/SSVQueueStack_Adv_Test.ino:263:14: error: &#39;class HardwareSerial&#39; has no member named &#39;printf&#39;; did you mean &#39;print&#39;?
       Serial.printf(&#34;Newest Item: &#34;); 
              ^~~~~~
              print
/home/ec2-user/arduino-testlib/cli-datadir/user/libraries/SSVQueueStackArray/examples/SSVQueueStack_Adv_Test/SSVQueueStack_Adv_Test.ino:280:24: error: &#39;class HardwareSerial&#39; has no member named &#39;printf&#39;; did you mean &#39;print&#39;?
       if (i==0) Serial.printf(&#34;  index [%d] (oldest): -&gt; &#34;, i);
                        ^~~~~~
                        print
/home/ec2-user/arduino-testlib/cli-datadir/user/libraries/SSVQueueStackArray/examples/SSVQueueStack_Adv_Test/SSVQueueStack_Adv_Test.ino:281:24: error: &#39;class HardwareSerial&#39; has no member named &#39;printf&#39;; did you mean &#39;print&#39;?
            else Serial.printf(&#34;  index [%d]         : -&gt; &#34;, i);
                        ^~~~~~
                        print
/home/ec2-user/arduino-testlib/cli-datadir/user/libraries/SSVQueueStackArray/examples/SSVQueueStack_Adv_Test/SSVQueueStack_Adv_Test.ino:288:38: error: &#39;class HardwareSerial&#39; has no member named &#39;printf&#39;; did you mean &#39;print&#39;?
 if ((WhatToShow &amp; 0x01) != 0) Serial.printf(&#34;ESP HEAP SIZE: %d \r\n&#34;, ESP.getFreeHeap() );  
                                      ^~~~~~
                                      print
/home/ec2-user/arduino-testlib/cli-datadir/user/libraries/SSVQueueStackArray/examples/SSVQueueStack_Adv_Test/SSVQueueStack_Adv_Test.ino:288:71: error: &#39;ESP&#39; was not declared in this scope
 if ((WhatToShow &amp; 0x01) != 0) Serial.printf(&#34;ESP HEAP SIZE: %d \r\n&#34;, ESP.getFreeHeap() );  
                                                                       ^~~
/home/ec2-user/arduino-testlib/cli-datadir/user/libraries/SSVQueueStackArray/examples/SSVQueueStack_Adv_Test/SSVQueueStack_Adv_Test.ino:288:71: note: suggested alternative: &#39;SP&#39;
 if ((WhatToShow &amp; 0x01) != 0) Serial.printf(&#34;ESP HEAP SIZE: %d \r\n&#34;, ESP.getFreeHeap() );  
                                                                       ^~~
                                                                       SP
/home/ec2-user/arduino-testlib/cli-datadir/user/libraries/SSVQueueStackArray/examples/SSVQueueStack_Adv_Test/SSVQueueStack_Adv_Test.ino: In function &#39;void PrintStorageType()&#39;:
/home/ec2-user/arduino-testlib/cli-datadir/user/libraries/SSVQueueStackArray/examples/SSVQueueStack_Adv_Test/SSVQueueStack_Adv_Test.ino:293:10: error: &#39;class HardwareSerial&#39; has no member named &#39;printf&#39;; did you mean &#39;print&#39;?
   Serial.printf(&#34;%s&#34;, (storage.getStorageType() == STACK_Storage) ? &#34;STACK (LIFO)&#34; : &#34;QUEUE (FIFO)&#34; );
          ^~~~~~
          print
/home/ec2-user/arduino-testlib/cli-datadir/user/libraries/SSVQueueStackArray/examples/SSVQueueStack_Adv_Test/SSVQueueStack_Adv_Test.ino: In function &#39;void PrintPTFSAction()&#39;:
/home/ec2-user/arduino-testlib/cli-datadir/user/libraries/SSVQueueStackArray/examples/SSVQueueStack_Adv_Test/SSVQueueStack_Adv_Test.ino:300:36: error: &#39;class HardwareSerial&#39; has no member named &#39;printf&#39;; did you mean &#39;print&#39;?
   case (PTFSA_Resize):      Serial.printf(&#34;Resize&#34;); break;
                                    ^~~~~~
                                    print
/home/ec2-user/arduino-testlib/cli-datadir/user/libraries/SSVQueueStackArray/examples/SSVQueueStack_Adv_Test/SSVQueueStack_Adv_Test.ino:301:36: error: &#39;class HardwareSerial&#39; has no member named &#39;printf&#39;; did you mean &#39;print&#39;?
   case (PTFSA_Overwrite):   Serial.printf(&#34;Overwrite&#34;); break;
                                    ^~~~~~
                                    print
/home/ec2-user/arduino-testlib/cli-datadir/user/libraries/SSVQueueStackArray/examples/SSVQueueStack_Adv_Test/SSVQueueStack_Adv_Test.ino:302:36: error: &#39;class HardwareSerial&#39; has no member named &#39;printf&#39;; did you mean &#39;print&#39;?
   default: /*PTFQA_Ignore*/ Serial.printf(&#34;Ignore&#34;); break;
                                    ^~~~~~
                                    print
/home/ec2-user/arduino-testlib/cli-datadir/user/libraries/SSVQueueStackArray/examples/SSVQueueStack_Adv_Test/SSVQueueStack_Adv_Test.ino: In function &#39;void popDataItem()&#39;:
/home/ec2-user/arduino-testlib/cli-datadir/user/libraries/SSVQueueStackArray/examples/SSVQueueStack_Adv_Test/SSVQueueStack_Adv_Test.ino:355:35: error: &#39;class HardwareSerial&#39; has no member named &#39;printf&#39;; did you mean &#39;print&#39;?
   if (storage.isEmpty()) { Serial.printf(&#34;Storage is empty, can&#39;t pop item from storage.\r\n&#34;); return;}
                                   ^~~~~~
                                </pre>
					
					<h4>examples/Simple</h4>
					<p>
						Result: <b>PASS</b>
					</p>
					<pre class="pre-scrollable">Sketch uses 3704 bytes (11%) of program storage space. Maximum is 32256 bytes.
Global variables use 284 bytes (13%) of dynamic memory, leaving 1764 bytes for local variables. Maximum is 2048 bytes.
</pre>
					
				
				<h3 id="arduino:mbed_nano:nanorp2040connect">arduino:mbed_nano:nanorp2040connect @ 2.7.2</h3>
				<h4>Inclusion</h4>
				<p>
					Result: <b>PASS</b>
					
				</p>
				<pre class="pre-scrollable">Sketch uses 78756 bytes (0%) of program storage space. Maximum is 16777216 bytes.
Global variables use 43444 bytes (16%) of dynamic memory, leaving 226892 bytes for local variables. Maximum is 270336 bytes.
</pre>

					
					<h4>examples/SSVQueueStack_Adv_Test</h4>
					<p>
						Result: <b>FAIL</b>
					</p>
					<pre class="pre-scrollable">/home/ec2-user/arduino-testlib/cli-datadir/user/libraries/SSVQueueStackArray/examples/SSVQueueStack_Adv_Test/SSVQueueStack_Adv_Test.ino: In function &#39;void PrintData(MyDataType)&#39;:
/home/ec2-user/arduino-testlib/cli-datadir/user/libraries/SSVQueueStackArray/examples/SSVQueueStack_Adv_Test/SSVQueueStack_Adv_Test.ino:75:10: error: &#39;class arduino::UART&#39; has no member named &#39;printf&#39;; did you mean &#39;print&#39;?
   Serial.printf(&#34;TS: %lu, ID: %d, Value: %.2f \r\n&#34;, V.timestamp, V.id, V.value);
          ^~~~~~
          print
/home/ec2-user/arduino-testlib/cli-datadir/user/libraries/SSVQueueStackArray/examples/SSVQueueStack_Adv_Test/SSVQueueStack_Adv_Test.ino: In function &#39;void TmrPop_Func()&#39;:
/home/ec2-user/arduino-testlib/cli-datadir/user/libraries/SSVQueueStackArray/examples/SSVQueueStack_Adv_Test/SSVQueueStack_Adv_Test.ino:89:10: error: &#39;class arduino::UART&#39; has no member named &#39;printf&#39;; did you mean &#39;print&#39;?
   Serial.printf(&#34;Pop Timer: &#34;);
          ^~~~~~
          print
/home/ec2-user/arduino-testlib/cli-datadir/user/libraries/SSVQueueStackArray/examples/SSVQueueStack_Adv_Test/SSVQueueStack_Adv_Test.ino: In function &#39;void TmrPopALL_Func()&#39;:
/home/ec2-user/arduino-testlib/cli-datadir/user/libraries/SSVQueueStackArray/examples/SSVQueueStack_Adv_Test/SSVQueueStack_Adv_Test.ino:96:10: error: &#39;class arduino::UART&#39; has no member named &#39;printf&#39;; did you mean &#39;print&#39;?
   Serial.printf(&#34;PopALL Timer: &#34;);
          ^~~~~~
          print
/home/ec2-user/arduino-testlib/cli-datadir/user/libraries/SSVQueueStackArray/examples/SSVQueueStack_Adv_Test/SSVQueueStack_Adv_Test.ino: In function &#39;void TmrPush_Func()&#39;:
/home/ec2-user/arduino-testlib/cli-datadir/user/libraries/SSVQueueStackArray/examples/SSVQueueStack_Adv_Test/SSVQueueStack_Adv_Test.ino:107:10: error: &#39;class arduino::UART&#39; has no member named &#39;printf&#39;; did you mean &#39;print&#39;?
   Serial.printf(&#34;Push Timer: &#34;);
          ^~~~~~
          print
/home/ec2-user/arduino-testlib/cli-datadir/user/libraries/SSVQueueStackArray/examples/SSVQueueStack_Adv_Test/SSVQueueStack_Adv_Test.ino: In function &#39;void ShowStorageStatus(byte)&#39;:
/home/ec2-user/arduino-testlib/cli-datadir/user/libraries/SSVQueueStackArray/examples/SSVQueueStack_Adv_Test/SSVQueueStack_Adv_Test.ino:235:8: error: &#39;class arduino::UART&#39; has no member named &#39;printf&#39;; did you mean &#39;print&#39;?
 Serial.printf(&#34;--- INFO:\r\n&#34;);
        ^~~~~~
        print
/home/ec2-user/arduino-testlib/cli-datadir/user/libraries/SSVQueueStackArray/examples/SSVQueueStack_Adv_Test/SSVQueueStack_Adv_Test.ino:239:10: error: &#39;class arduino::UART&#39; has no member named &#39;printf&#39;; did you mean &#39;print&#39;?
   Serial.printf(&#34;Push Timer Interval is: %.1fS\r\n&#34;, (float)TmrPush.GetInterval()/1000);
          ^~~~~~
          print
/home/ec2-user/arduino-testlib/cli-datadir/user/libraries/SSVQueueStackArray/examples/SSVQueueStack_Adv_Test/SSVQueueStack_Adv_Test.ino:240:10: error: &#39;class arduino::UART&#39; has no member named &#39;printf&#39;; did you mean &#39;print&#39;?
   Serial.printf(&#34;Pop Timer Interval is: %.1fS\r\n&#34;, (float)TmrPop.GetInterval()/1000);
          ^~~~~~
          print
/home/ec2-user/arduino-testlib/cli-datadir/user/libraries/SSVQueueStackArray/examples/SSVQueueStack_Adv_Test/SSVQueueStack_Adv_Test.ino:241:10: error: &#39;class arduino::UART&#39; has no member named &#39;printf&#39;; did you mean &#39;print&#39;?
   Serial.printf(&#34;PopALL Timer Interval is: %.1fS\r\n&#34;, (float)TmrPopALL.GetInterval()/1000);
          ^~~~~~
          print
/home/ec2-user/arduino-testlib/cli-datadir/user/libraries/SSVQueueStackArray/examples/SSVQueueStack_Adv_Test/SSVQueueStack_Adv_Test.ino:247:10: error: &#39;class arduino::UART&#39; has no member named &#39;printf&#39;; did you mean &#39;print&#39;?
   Serial.printf(&#34;is Empty: %s\r\n&#34;, (storage.isEmpty()) ? &#34;YES&#34; : &#34;NO&#34; ); 
          ^~~~~~
          print
/home/ec2-user/arduino-testlib/cli-datadir/user/libraries/SSVQueueStackArray/examples/SSVQueueStack_Adv_Test/SSVQueueStack_Adv_Test.ino:248:10: error: &#39;class arduino::UART&#39; has no member named &#39;printf&#39;; did you mean &#39;print&#39;?
   Serial.printf(&#34;is Full: %s\r\n&#34;, (storage.isFull()) ? &#34;YES&#34; : &#34;NO&#34; ); 
          ^~~~~~
          print
/home/ec2-user/arduino-testlib/cli-datadir/user/libraries/SSVQueueStackArray/examples/SSVQueueStack_Adv_Test/SSVQueueStack_Adv_Test.ino:249:10: error: &#39;class arduino::UART&#39; has no member named &#39;printf&#39;; did you mean &#39;print&#39;?
   Serial.printf(&#34;PTFSAction: &#34;); PrintPTFSAction(); Serial.print(&#34;\r\n&#34;);
          ^~~~~~
          print
/home/ec2-user/arduino-testlib/cli-datadir/user/libraries/SSVQueueStackArray/examples/SSVQueueStack_Adv_Test/SSVQueueStack_Adv_Test.ino:250:10: error: &#39;class arduino::UART&#39; has no member named &#39;printf&#39;; did you mean &#39;print&#39;?
   Serial.printf(&#34;Count: %d\r\n&#34;, storage.getCount());
          ^~~~~~
          print
/home/ec2-user/arduino-testlib/cli-datadir/user/libraries/SSVQueueStackArray/examples/SSVQueueStack_Adv_Test/SSVQueueStack_Adv_Test.ino:251:10: error: &#39;class arduino::UART&#39; has no member named &#39;printf&#39;; did you mean &#39;print&#39;?
   Serial.printf(&#34;Size: %d\r\n&#34;, storage.getSize());
          ^~~~~~
          print
/home/ec2-user/arduino-testlib/cli-datadir/user/libraries/SSVQueueStackArray/examples/SSVQueueStack_Adv_Test/SSVQueueStack_Adv_Test.ino:260:14: error: &#39;class arduino::UART&#39; has no member named &#39;printf&#39;; did you mean &#39;print&#39;?
       Serial.printf(&#34;Oldest Item: &#34;); 
              ^~~~~~
              print
/home/ec2-user/arduino-testlib/cli-datadir/user/libraries/SSVQueueStackArray/examples/SSVQueueStack_Adv_Test/SSVQueueStack_Adv_Test.ino:263:14: error: &#39;class arduino::UART&#39; has no member named &#39;printf&#39;; did you mean &#39;print&#39;?
       Serial.printf(&#34;Newest Item: &#34;); 
              ^~~~~~
              print
/home/ec2-user/arduino-testlib/cli-datadir/user/libraries/SSVQueueStackArray/examples/SSVQueueStack_Adv_Test/SSVQueueStack_Adv_Test.ino:280:24: error: &#39;class arduino::UART&#39; has no member named &#39;printf&#39;; did you mean &#39;print&#39;?
       if (i==0) Serial.printf(&#34;  index [%d] (oldest): -&gt; &#34;, i);
                        ^~~~~~
                        print
/home/ec2-user/arduino-testlib/cli-datadir/user/libraries/SSVQueueStackArray/examples/SSVQueueStack_Adv_Test/SSVQueueStack_Adv_Test.ino:281:24: error: &#39;class arduino::UART&#39; has no member named &#39;printf&#39;; did you mean &#39;print&#39;?
            else Serial.printf(&#34;  index [%d]         : -&gt; &#34;, i);
                        ^~~~~~
                        print
/home/ec2-user/arduino-testlib/cli-datadir/user/libraries/SSVQueueStackArray/examples/SSVQueueStack_Adv_Test/SSVQueueStack_Adv_Test.ino:288:38: error: &#39;class arduino::UART&#39; has no member named &#39;printf&#39;; did you mean &#39;print&#39;?
 if ((WhatToShow &amp; 0x01) != 0) Serial.printf(&#34;ESP HEAP SIZE: %d \r\n&#34;, ESP.getFreeHeap() );  
                                      ^~~~~~
                                      print
/home/ec2-user/arduino-testlib/cli-datadir/user/libraries/SSVQueueStackArray/examples/SSVQueueStack_Adv_Test/SSVQueueStack_Adv_Test.ino:288:71: error: &#39;ESP&#39; was not declared in this scope
 if ((WhatToShow &amp; 0x01) != 0) Serial.printf(&#34;ESP HEAP SIZE: %d \r\n&#34;, ESP.getFreeHeap() );  
                                                                       ^~~
/home/ec2-user/arduino-testlib/cli-datadir/user/libraries/SSVQueueStackArray/examples/SSVQueueStack_Adv_Test/SSVQueueStack_Adv_Test.ino: In function &#39;void PrintStorageType()&#39;:
/home/ec2-user/arduino-testlib/cli-datadir/user/libraries/SSVQueueStackArray/examples/SSVQueueStack_Adv_Test/SSVQueueStack_Adv_Test.ino:293:10: error: &#39;class arduino::UART&#39; has no member named &#39;printf&#39;; did you mean &#39;print&#39;?
   Serial.printf(&#34;%s&#34;, (storage.getStorageType() == STACK_Storage) ? &#34;STACK (LIFO)&#34; : &#34;QUEUE (FIFO)&#34; );
          ^~~~~~
          print
/home/ec2-user/arduino-testlib/cli-datadir/user/libraries/SSVQueueStackArray/examples/SSVQueueStack_Adv_Test/SSVQueueStack_Adv_Test.ino: In function &#39;void PrintPTFSAction()&#39;:
/home/ec2-user/arduino-testlib/cli-datadir/user/libraries/SSVQueueStackArray/examples/SSVQueueStack_Adv_Test/SSVQueueStack_Adv_Test.ino:300:36: error: &#39;class arduino::UART&#39; has no member named &#39;printf&#39;; did you mean &#39;print&#39;?
   case (PTFSA_Resize):      Serial.printf(&#34;Resize&#34;); break;
                                    ^~~~~~
                                    print
/home/ec2-user/arduino-testlib/cli-datadir/user/libraries/SSVQueueStackArray/examples/SSVQueueStack_Adv_Test/SSVQueueStack_Adv_Test.ino:301:36: error: &#39;class arduino::UART&#39; has no member named &#39;printf&#39;; did you mean &#39;print&#39;?
   case (PTFSA_Overwrite):   Serial.printf(&#34;Overwrite&#34;); break;
                                    ^~~~~~
                                    print
/home/ec2-user/arduino-testlib/cli-datadir/user/libraries/SSVQueueStackArray/examples/SSVQueueStack_Adv_Test/SSVQueueStack_Adv_Test.ino:302:36: error: &#39;class arduino::UART&#39; has no member named &#39;printf&#39;; did you mean &#39;print&#39;?
   default: /*PTFQA_Ignore*/ Serial.printf(&#34;Ignore&#34;); break;
                                    ^~~~~~
                                    print
/home/ec2-user/arduino-testlib/cli-datadir/user/libraries/SSVQueueStackArray/examples/SSVQueueStack_Adv_Test/SSVQueueStack_Adv_Test.ino: In function &#39;void popDataItem()&#39;:
/home/ec2-user/arduino-testlib/cli-datadir/user/libraries/SSVQueueStackArray/examples/SSVQueueStack_Adv_Test/SSVQueueStack_Adv_Test.ino:355:35: error: &#39;class arduino::UART&#39; has no member named &#39;printf&#39;; did you mean &#39;print&#39;?
   if (storage.isEmpty()) { Serial.printf(&#34;Storage is empty, can&#39;t pop item from storage.\r\n&#34;); return;}
                                   ^~~~~~
                                   print
/home/ec2-user/arduino-testlib/cli-datadir/user/libraries/SSVQueueStackArray/examples/SSVQueueStack_Adv_Test/SSVQueueStack_Adv_Test.ino: In function &#39;void Proc_M()&#39;:
/home/ec2-user/arduino-testlib/cli-datadir/user/libraries/SSVQueueStackArray/examples/SSVQueueStack_Adv_Test/SSVQueueStack_Adv_Test.ino:392:10: error: &#39;class arduino::UART&#39; has no member named &#39;printf&#39;; did you mean &#39;print&#39;?
   Serial.printf(&#34;Push Timer Interval is: %.1</pre>
					
					<h4>examples/Simple</h4>
					<p>
						Result: <b>PASS</b>
					</p>
					<pre class="pre-scrollable">Sketch uses 79544 bytes (0%) of program storage space. Maximum is 16777216 bytes.
Global variables use 43480 bytes (16%) of dynamic memory, leaving 226856 bytes for local variables. Maximum is 270336 bytes.
</pre>
					
				
				<h3 id="arduino:megaavr:nona4809">arduino:megaavr:nona4809 @ 1.8.7</h3>
				<h4>Inclusion</h4>
				<p>
					Result: <b>PASS</b>
					
				</p>
				<pre class="pre-scrollable">Sketch uses 802 bytes (1%) of program storage space. Maximum is 49152 bytes.
Global variables use 22 bytes (0%) of dynamic memory, leaving 6122 bytes for local variables. Maximum is 6144 bytes.
</pre>

					
					<h4>examples/SSVQueueStack_Adv_Test</h4>
					<p>
						Result: <b>FAIL</b>
					</p>
					<pre class="pre-scrollable">/home/ec2-user/arduino-testlib/cli-datadir/user/libraries/SSVQueueStackArray/examples/SSVQueueStack_Adv_Test/SSVQueueStack_Adv_Test.ino: In function &#39;void PrintData(MyDataType)&#39;:
/home/ec2-user/arduino-testlib/cli-datadir/user/libraries/SSVQueueStackArray/examples/SSVQueueStack_Adv_Test/SSVQueueStack_Adv_Test.ino:75:10: error: &#39;class UartClass&#39; has no member named &#39;printf&#39;; did you mean &#39;print&#39;?
   Serial.printf(&#34;TS: %lu, ID: %d, Value: %.2f \r\n&#34;, V.timestamp, V.id, V.value);
          ^~~~~~
          print
/home/ec2-user/arduino-testlib/cli-datadir/user/libraries/SSVQueueStackArray/examples/SSVQueueStack_Adv_Test/SSVQueueStack_Adv_Test.ino: In function &#39;void TmrPop_Func()&#39;:
/home/ec2-user/arduino-testlib/cli-datadir/user/libraries/SSVQueueStackArray/examples/SSVQueueStack_Adv_Test/SSVQueueStack_Adv_Test.ino:89:10: error: &#39;class UartClass&#39; has no member named &#39;printf&#39;; did you mean &#39;print&#39;?
   Serial.printf(&#34;Pop Timer: &#34;);
          ^~~~~~
          print
/home/ec2-user/arduino-testlib/cli-datadir/user/libraries/SSVQueueStackArray/examples/SSVQueueStack_Adv_Test/SSVQueueStack_Adv_Test.ino: In function &#39;void TmrPopALL_Func()&#39;:
/home/ec2-user/arduino-testlib/cli-datadir/user/libraries/SSVQueueStackArray/examples/SSVQueueStack_Adv_Test/SSVQueueStack_Adv_Test.ino:96:10: error: &#39;class UartClass&#39; has no member named &#39;printf&#39;; did you mean &#39;print&#39;?
   Serial.printf(&#34;PopALL Timer: &#34;);
          ^~~~~~
          print
/home/ec2-user/arduino-testlib/cli-datadir/user/libraries/SSVQueueStackArray/examples/SSVQueueStack_Adv_Test/SSVQueueStack_Adv_Test.ino: In function &#39;void TmrPush_Func()&#39;:
/home/ec2-user/arduino-testlib/cli-datadir/user/libraries/SSVQueueStackArray/examples/SSVQueueStack_Adv_Test/SSVQueueStack_Adv_Test.ino:107:10: error: &#39;class UartClass&#39; has no member named &#39;printf&#39;; did you mean &#39;print&#39;?
   Serial.printf(&#34;Push Timer: &#34;);
          ^~~~~~
          print
/home/ec2-user/arduino-testlib/cli-datadir/user/libraries/SSVQueueStackArray/examples/SSVQueueStack_Adv_Test/SSVQueueStack_Adv_Test.ino: In function &#39;void ShowStorageStatus(byte)&#39;:
/home/ec2-user/arduino-testlib/cli-datadir/user/libraries/SSVQueueStackArray/examples/SSVQueueStack_Adv_Test/SSVQueueStack_Adv_Test.ino:235:8: error: &#39;class UartClass&#39; has no member named &#39;printf&#39;; did you mean &#39;print&#39;?
 Serial.printf(&#34;--- INFO:\r\n&#34;);
        ^~~~~~
        print
/home/ec2-user/arduino-testlib/cli-datadir/user/libraries/SSVQueueStackArray/examples/SSVQueueStack_Adv_Test/SSVQueueStack_Adv_Test.ino:239:10: error: &#39;class UartClass&#39; has no member named &#39;printf&#39;; did you mean &#39;print&#39;?
   Serial.printf(&#34;Push Timer Interval is: %.1fS\r\n&#34;, (float)TmrPush.GetInterval()/1000);
          ^~~~~~
          print
/home/ec2-user/arduino-testlib/cli-datadir/user/libraries/SSVQueueStackArray/examples/SSVQueueStack_Adv_Test/SSVQueueStack_Adv_Test.ino:240:10: error: &#39;class UartClass&#39; has no member named &#39;printf&#39;; did you mean &#39;print&#39;?
   Serial.printf(&#34;Pop Timer Interval is: %.1fS\r\n&#34;, (float)TmrPop.GetInterval()/1000);
          ^~~~~~
          print
/home/ec2-user/arduino-testlib/cli-datadir/user/libraries/SSVQueueStackArray/examples/SSVQueueStack_Adv_Test/SSVQueueStack_Adv_Test.ino:241:10: error: &#39;class UartClass&#39; has no member named &#39;printf&#39;; did you mean &#39;print&#39;?
   Serial.printf(&#34;PopALL Timer Interval is: %.1fS\r\n&#34;, (float)TmrPopALL.GetInterval()/1000);
          ^~~~~~
          print
/home/ec2-user/arduino-testlib/cli-datadir/user/libraries/SSVQueueStackArray/examples/SSVQueueStack_Adv_Test/SSVQueueStack_Adv_Test.ino:247:10: error: &#39;class UartClass&#39; has no member named &#39;printf&#39;; did you mean &#39;print&#39;?
   Serial.printf(&#34;is Empty: %s\r\n&#34;, (storage.isEmpty()) ? &#34;YES&#34; : &#34;NO&#34; ); 
          ^~~~~~
          print
/home/ec2-user/arduino-testlib/cli-datadir/user/libraries/SSVQueueStackArray/examples/SSVQueueStack_Adv_Test/SSVQueueStack_Adv_Test.ino:248:10: error: &#39;class UartClass&#39; has no member named &#39;printf&#39;; did you mean &#39;print&#39;?
   Serial.printf(&#34;is Full: %s\r\n&#34;, (storage.isFull()) ? &#34;YES&#34; : &#34;NO&#34; ); 
          ^~~~~~
          print
/home/ec2-user/arduino-testlib/cli-datadir/user/libraries/SSVQueueStackArray/examples/SSVQueueStack_Adv_Test/SSVQueueStack_Adv_Test.ino:249:10: error: &#39;class UartClass&#39; has no member named &#39;printf&#39;; did you mean &#39;print&#39;?
   Serial.printf(&#34;PTFSAction: &#34;); PrintPTFSAction(); Serial.print(&#34;\r\n&#34;);
          ^~~~~~
          print
/home/ec2-user/arduino-testlib/cli-datadir/user/libraries/SSVQueueStackArray/examples/SSVQueueStack_Adv_Test/SSVQueueStack_Adv_Test.ino:250:10: error: &#39;class UartClass&#39; has no member named &#39;printf&#39;; did you mean &#39;print&#39;?
   Serial.printf(&#34;Count: %d\r\n&#34;, storage.getCount());
          ^~~~~~
          print
/home/ec2-user/arduino-testlib/cli-datadir/user/libraries/SSVQueueStackArray/examples/SSVQueueStack_Adv_Test/SSVQueueStack_Adv_Test.ino:251:10: error: &#39;class UartClass&#39; has no member named &#39;printf&#39;; did you mean &#39;print&#39;?
   Serial.printf(&#34;Size: %d\r\n&#34;, storage.getSize());
          ^~~~~~
          print
/home/ec2-user/arduino-testlib/cli-datadir/user/libraries/SSVQueueStackArray/examples/SSVQueueStack_Adv_Test/SSVQueueStack_Adv_Test.ino:260:14: error: &#39;class UartClass&#39; has no member named &#39;printf&#39;; did you mean &#39;print&#39;?
       Serial.printf(&#34;Oldest Item: &#34;); 
              ^~~~~~
              print
/home/ec2-user/arduino-testlib/cli-datadir/user/libraries/SSVQueueStackArray/examples/SSVQueueStack_Adv_Test/SSVQueueStack_Adv_Test.ino:263:14: error: &#39;class UartClass&#39; has no member named &#39;printf&#39;; did you mean &#39;print&#39;?
       Serial.printf(&#34;Newest Item: &#34;); 
              ^~~~~~
              print
/home/ec2-user/arduino-testlib/cli-datadir/user/libraries/SSVQueueStackArray/examples/SSVQueueStack_Adv_Test/SSVQueueStack_Adv_Test.ino:280:24: error: &#39;class UartClass&#39; has no member named &#39;printf&#39;; did you mean &#39;print&#39;?
       if (i==0) Serial.printf(&#34;  index [%d] (oldest): -&gt; &#34;, i);
                        ^~~~~~
                        print
/home/ec2-user/arduino-testlib/cli-datadir/user/libraries/SSVQueueStackArray/examples/SSVQueueStack_Adv_Test/SSVQueueStack_Adv_Test.ino:281:24: error: &#39;class UartClass&#39; has no member named &#39;printf&#39;; did you mean &#39;print&#39;?
            else Serial.printf(&#34;  index [%d]         : -&gt; &#34;, i);
                        ^~~~~~
                        print
/home/ec2-user/arduino-testlib/cli-datadir/user/libraries/SSVQueueStackArray/examples/SSVQueueStack_Adv_Test/SSVQueueStack_Adv_Test.ino:288:38: error: &#39;class UartClass&#39; has no member named &#39;printf&#39;; did you mean &#39;print&#39;?
 if ((WhatToShow &amp; 0x01) != 0) Serial.printf(&#34;ESP HEAP SIZE: %d \r\n&#34;, ESP.getFreeHeap() );  
                                      ^~~~~~
                                      print
/home/ec2-user/arduino-testlib/cli-datadir/user/libraries/SSVQueueStackArray/examples/SSVQueueStack_Adv_Test/SSVQueueStack_Adv_Test.ino:288:71: error: &#39;ESP&#39; was not declared in this scope
 if ((WhatToShow &amp; 0x01) != 0) Serial.printf(&#34;ESP HEAP SIZE: %d \r\n&#34;, ESP.getFreeHeap() );  
                                                                       ^~~
/home/ec2-user/arduino-testlib/cli-datadir/user/libraries/SSVQueueStackArray/examples/SSVQueueStack_Adv_Test/SSVQueueStack_Adv_Test.ino:288:71: note: suggested alternative: &#39;SP&#39;
 if ((WhatToShow &amp; 0x01) != 0) Serial.printf(&#34;ESP HEAP SIZE: %d \r\n&#34;, ESP.getFreeHeap() );  
                                                                       ^~~
                                                                       SP
/home/ec2-user/arduino-testlib/cli-datadir/user/libraries/SSVQueueStackArray/examples/SSVQueueStack_Adv_Test/SSVQueueStack_Adv_Test.ino: In function &#39;void PrintStorageType()&#39;:
/home/ec2-user/arduino-testlib/cli-datadir/user/libraries/SSVQueueStackArray/examples/SSVQueueStack_Adv_Test/SSVQueueStack_Adv_Test.ino:293:10: error: &#39;class UartClass&#39; has no member named &#39;printf&#39;; did you mean &#39;print&#39;?
   Serial.printf(&#34;%s&#34;, (storage.getStorageType() == STACK_Storage) ? &#34;STACK (LIFO)&#34; : &#34;QUEUE (FIFO)&#34; );
          ^~~~~~
          print
/home/ec2-user/arduino-testlib/cli-datadir/user/libraries/SSVQueueStackArray/examples/SSVQueueStack_Adv_Test/SSVQueueStack_Adv_Test.ino: In function &#39;void PrintPTFSAction()&#39;:
/home/ec2-user/arduino-testlib/cli-datadir/user/libraries/SSVQueueStackArray/examples/SSVQueueStack_Adv_Test/SSVQueueStack_Adv_Test.ino:300:36: error: &#39;class UartClass&#39; has no member named &#39;printf&#39;; did you mean &#39;print&#39;?
   case (PTFSA_Resize):      Serial.printf(&#34;Resize&#34;); break;
                                    ^~~~~~
                                    print
/home/ec2-user/arduino-testlib/cli-datadir/user/libraries/SSVQueueStackArray/examples/SSVQueueStack_Adv_Test/SSVQueueStack_Adv_Test.ino:301:36: error: &#39;class UartClass&#39; has no member named &#39;printf&#39;; did you mean &#39;print&#39;?
   case (PTFSA_Overwrite):   Serial.printf(&#34;Overwrite&#34;); break;
                                    ^~~~~~
                                    print
/home/ec2-user/arduino-testlib/cli-datadir/user/libraries/SSVQueueStackArray/examples/SSVQueueStack_Adv_Test/SSVQueueStack_Adv_Test.ino:302:36: error: &#39;class UartClass&#39; has no member named &#39;printf&#39;; did you mean &#39;print&#39;?
   default: /*PTFQA_Ignore*/ Serial.printf(&#34;Ignore&#34;); break;
                                    ^~~~~~
                                    print
/home/ec2-user/arduino-testlib/cli-datadir/user/libraries/SSVQueueStackArray/examples/SSVQueueStack_Adv_Test/SSVQueueStack_Adv_Test.ino: In function &#39;void popDataItem()&#39;:
/home/ec2-user/arduino-testlib/cli-datadir/user/libraries/SSVQueueStackArray/examples/SSVQueueStack_Adv_Test/SSVQueueStack_Adv_Test.ino:355:35: error: &#39;class UartClass&#39; has no member named &#39;printf&#39;; did you mean &#39;print&#39;?
   if (storage.isEmpty()) { Serial.printf(&#34;Storage is empty, can&#39;t pop item from storage.\r\n&#34;); return;}
                                   ^~~~~~
                                   print
/home/ec2-user/arduino-testlib/cli-datadir/user/libraries/SSVQueueStackArray/examples/SSVQueueStack_Adv_Te</pre>
					
					<h4>examples/Simple</h4>
					<p>
						Result: <b>PASS</b>
					</p>
					<pre class="pre-scrollable">Sketch uses 4836 bytes (9%) of program storage space. Maximum is 49152 bytes.
Global variables use 205 bytes (3%) of dynamic memory, leaving 5939 bytes for local variables. Maximum is 6144 bytes.
</pre>
					
				
				<h3 id="arduino:samd:mkrwifi1010">arduino:samd:mkrwifi1010 @ 1.8.12</h3>
				<h4>Inclusion</h4>
				<p>
					Result: <b>PASS</b>
					
				</p>
				<pre class="pre-scrollable">Sketch uses 12156 bytes (4%) of program storage space. Maximum is 262144 bytes.
Global variables use 2996 bytes (9%) of dynamic memory, leaving 29772 bytes for local variables. Maximum is 32768 bytes.
</pre>

					
					<h4>examples/SSVQueueStack_Adv_Test</h4>
					<p>
						Result: <b>FAIL</b>
					</p>
					<pre class="pre-scrollable">/home/ec2-user/arduino-testlib/cli-datadir/user/libraries/SSVQueueStackArray/examples/SSVQueueStack_Adv_Test/SSVQueueStack_Adv_Test.ino: In function &#39;void PrintData(MyDataType)&#39;:
/home/ec2-user/arduino-testlib/cli-datadir/user/libraries/SSVQueueStackArray/examples/SSVQueueStack_Adv_Test/SSVQueueStack_Adv_Test.ino:75:10: error: &#39;class Serial_&#39; has no member named &#39;printf&#39;; did you mean &#39;print&#39;?
   Serial.printf(&#34;TS: %lu, ID: %d, Value: %.2f \r\n&#34;, V.timestamp, V.id, V.value);
          ^~~~~~
          print
/home/ec2-user/arduino-testlib/cli-datadir/user/libraries/SSVQueueStackArray/examples/SSVQueueStack_Adv_Test/SSVQueueStack_Adv_Test.ino: In function &#39;void TmrPop_Func()&#39;:
/home/ec2-user/arduino-testlib/cli-datadir/user/libraries/SSVQueueStackArray/examples/SSVQueueStack_Adv_Test/SSVQueueStack_Adv_Test.ino:89:10: error: &#39;class Serial_&#39; has no member named &#39;printf&#39;; did you mean &#39;print&#39;?
   Serial.printf(&#34;Pop Timer: &#34;);
          ^~~~~~
          print
/home/ec2-user/arduino-testlib/cli-datadir/user/libraries/SSVQueueStackArray/examples/SSVQueueStack_Adv_Test/SSVQueueStack_Adv_Test.ino: In function &#39;void TmrPopALL_Func()&#39;:
/home/ec2-user/arduino-testlib/cli-datadir/user/libraries/SSVQueueStackArray/examples/SSVQueueStack_Adv_Test/SSVQueueStack_Adv_Test.ino:96:10: error: &#39;class Serial_&#39; has no member named &#39;printf&#39;; did you mean &#39;print&#39;?
   Serial.printf(&#34;PopALL Timer: &#34;);
          ^~~~~~
          print
/home/ec2-user/arduino-testlib/cli-datadir/user/libraries/SSVQueueStackArray/examples/SSVQueueStack_Adv_Test/SSVQueueStack_Adv_Test.ino: In function &#39;void TmrPush_Func()&#39;:
/home/ec2-user/arduino-testlib/cli-datadir/user/libraries/SSVQueueStackArray/examples/SSVQueueStack_Adv_Test/SSVQueueStack_Adv_Test.ino:107:10: error: &#39;class Serial_&#39; has no member named &#39;printf&#39;; did you mean &#39;print&#39;?
   Serial.printf(&#34;Push Timer: &#34;);
          ^~~~~~
          print
/home/ec2-user/arduino-testlib/cli-datadir/user/libraries/SSVQueueStackArray/examples/SSVQueueStack_Adv_Test/SSVQueueStack_Adv_Test.ino: In function &#39;void ShowStorageStatus(byte)&#39;:
/home/ec2-user/arduino-testlib/cli-datadir/user/libraries/SSVQueueStackArray/examples/SSVQueueStack_Adv_Test/SSVQueueStack_Adv_Test.ino:235:8: error: &#39;class Serial_&#39; has no member named &#39;printf&#39;; did you mean &#39;print&#39;?
 Serial.printf(&#34;--- INFO:\r\n&#34;);
        ^~~~~~
        print
/home/ec2-user/arduino-testlib/cli-datadir/user/libraries/SSVQueueStackArray/examples/SSVQueueStack_Adv_Test/SSVQueueStack_Adv_Test.ino:239:10: error: &#39;class Serial_&#39; has no member named &#39;printf&#39;; did you mean &#39;print&#39;?
   Serial.printf(&#34;Push Timer Interval is: %.1fS\r\n&#34;, (float)TmrPush.GetInterval()/1000);
          ^~~~~~
          print
/home/ec2-user/arduino-testlib/cli-datadir/user/libraries/SSVQueueStackArray/examples/SSVQueueStack_Adv_Test/SSVQueueStack_Adv_Test.ino:240:10: error: &#39;class Serial_&#39; has no member named &#39;printf&#39;; did you mean &#39;print&#39;?
   Serial.printf(&#34;Pop Timer Interval is: %.1fS\r\n&#34;, (float)TmrPop.GetInterval()/1000);
          ^~~~~~
          print
/home/ec2-user/arduino-testlib/cli-datadir/user/libraries/SSVQueueStackArray/examples/SSVQueueStack_Adv_Test/SSVQueueStack_Adv_Test.ino:241:10: error: &#39;class Serial_&#39; has no member named &#39;printf&#39;; did you mean &#39;print&#39;?
   Serial.printf(&#34;PopALL Timer Interval is: %.1fS\r\n&#34;, (float)TmrPopALL.GetInterval()/1000);
          ^~~~~~
          print
/home/ec2-user/arduino-testlib/cli-datadir/user/libraries/SSVQueueStackArray/examples/SSVQueueStack_Adv_Test/SSVQueueStack_Adv_Test.ino:247:10: error: &#39;class Serial_&#39; has no member named &#39;printf&#39;; did you mean &#39;print&#39;?
   Serial.printf(&#34;is Empty: %s\r\n&#34;, (storage.isEmpty()) ? &#34;YES&#34; : &#34;NO&#34; ); 
          ^~~~~~
          print
/home/ec2-user/arduino-testlib/cli-datadir/user/libraries/SSVQueueStackArray/examples/SSVQueueStack_Adv_Test/SSVQueueStack_Adv_Test.ino:248:10: error: &#39;class Serial_&#39; has no member named &#39;printf&#39;; did you mean &#39;print&#39;?
   Serial.printf(&#34;is Full: %s\r\n&#34;, (storage.isFull()) ? &#34;YES&#34; : &#34;NO&#34; ); 
          ^~~~~~
          print
/home/ec2-user/arduino-testlib/cli-datadir/user/libraries/SSVQueueStackArray/examples/SSVQueueStack_Adv_Test/SSVQueueStack_Adv_Test.ino:249:10: error: &#39;class Serial_&#39; has no member named &#39;printf&#39;; did you mean &#39;print&#39;?
   Serial.printf(&#34;PTFSAction: &#34;); PrintPTFSAction(); Serial.print(&#34;\r\n&#34;);
          ^~~~~~
          print
/home/ec2-user/arduino-testlib/cli-datadir/user/libraries/SSVQueueStackArray/examples/SSVQueueStack_Adv_Test/SSVQueueStack_Adv_Test.ino:250:10: error: &#39;class Serial_&#39; has no member named &#39;printf&#39;; did you mean &#39;print&#39;?
   Serial.printf(&#34;Count: %d\r\n&#34;, storage.getCount());
          ^~~~~~
          print
/home/ec2-user/arduino-testlib/cli-datadir/user/libraries/SSVQueueStackArray/examples/SSVQueueStack_Adv_Test/SSVQueueStack_Adv_Test.ino:251:10: error: &#39;class Serial_&#39; has no member named &#39;printf&#39;; did you mean &#39;print&#39;?
   Serial.printf(&#34;Size: %d\r\n&#34;, storage.getSize());
          ^~~~~~
          print
/home/ec2-user/arduino-testlib/cli-datadir/user/libraries/SSVQueueStackArray/examples/SSVQueueStack_Adv_Test/SSVQueueStack_Adv_Test.ino:260:14: error: &#39;class Serial_&#39; has no member named &#39;printf&#39;; did you mean &#39;print&#39;?
       Serial.printf(&#34;Oldest Item: &#34;); 
              ^~~~~~
              print
/home/ec2-user/arduino-testlib/cli-datadir/user/libraries/SSVQueueStackArray/examples/SSVQueueStack_Adv_Test/SSVQueueStack_Adv_Test.ino:263:14: error: &#39;class Serial_&#39; has no member named &#39;printf&#39;; did you mean &#39;print&#39;?
       Serial.printf(&#34;Newest Item: &#34;); 
              ^~~~~~
              print
/home/ec2-user/arduino-testlib/cli-datadir/user/libraries/SSVQueueStackArray/examples/SSVQueueStack_Adv_Test/SSVQueueStack_Adv_Test.ino:280:24: error: &#39;class Serial_&#39; has no member named &#39;printf&#39;; did you mean &#39;print&#39;?
       if (i==0) Serial.printf(&#34;  index [%d] (oldest): -&gt; &#34;, i);
                        ^~~~~~
                        print
/home/ec2-user/arduino-testlib/cli-datadir/user/libraries/SSVQueueStackArray/examples/SSVQueueStack_Adv_Test/SSVQueueStack_Adv_Test.ino:281:24: error: &#39;class Serial_&#39; has no member named &#39;printf&#39;; did you mean &#39;print&#39;?
            else Serial.printf(&#34;  index [%d]         : -&gt; &#34;, i);
                        ^~~~~~
                        print
/home/ec2-user/arduino-testlib/cli-datadir/user/libraries/SSVQueueStackArray/examples/SSVQueueStack_Adv_Test/SSVQueueStack_Adv_Test.ino:288:38: error: &#39;class Serial_&#39; has no member named &#39;printf&#39;; did you mean &#39;print&#39;?
 if ((WhatToShow &amp; 0x01) != 0) Serial.printf(&#34;ESP HEAP SIZE: %d \r\n&#34;, ESP.getFreeHeap() );  
                                      ^~~~~~
                                      print
/home/ec2-user/arduino-testlib/cli-datadir/user/libraries/SSVQueueStackArray/examples/SSVQueueStack_Adv_Test/SSVQueueStack_Adv_Test.ino:288:71: error: &#39;ESP&#39; was not declared in this scope
 if ((WhatToShow &amp; 0x01) != 0) Serial.printf(&#34;ESP HEAP SIZE: %d \r\n&#34;, ESP.getFreeHeap() );  
                                                                       ^~~
/home/ec2-user/arduino-testlib/cli-datadir/user/libraries/SSVQueueStackArray/examples/SSVQueueStack_Adv_Test/SSVQueueStack_Adv_Test.ino: In function &#39;void PrintStorageType()&#39;:
/home/ec2-user/arduino-testlib/cli-datadir/user/libraries/SSVQueueStackArray/examples/SSVQueueStack_Adv_Test/SSVQueueStack_Adv_Test.ino:293:10: error: &#39;class Serial_&#39; has no member named &#39;printf&#39;; did you mean &#39;print&#39;?
   Serial.printf(&#34;%s&#34;, (storage.getStorageType() == STACK_Storage) ? &#34;STACK (LIFO)&#34; : &#34;QUEUE (FIFO)&#34; );
          ^~~~~~
          print
/home/ec2-user/arduino-testlib/cli-datadir/user/libraries/SSVQueueStackArray/examples/SSVQueueStack_Adv_Test/SSVQueueStack_Adv_Test.ino: In function &#39;void PrintPTFSAction()&#39;:
/home/ec2-user/arduino-testlib/cli-datadir/user/libraries/SSVQueueStackArray/examples/SSVQueueStack_Adv_Test/SSVQueueStack_Adv_Test.ino:300:36: error: &#39;class Serial_&#39; has no member named &#39;printf&#39;; did you mean &#39;print&#39;?
   case (PTFSA_Resize):      Serial.printf(&#34;Resize&#34;); break;
                                    ^~~~~~
                                    print
/home/ec2-user/arduino-testlib/cli-datadir/user/libraries/SSVQueueStackArray/examples/SSVQueueStack_Adv_Test/SSVQueueStack_Adv_Test.ino:301:36: error: &#39;class Serial_&#39; has no member named &#39;printf&#39;; did you mean &#39;print&#39;?
   case (PTFSA_Overwrite):   Serial.printf(&#34;Overwrite&#34;); break;
                                    ^~~~~~
                                    print
/home/ec2-user/arduino-testlib/cli-datadir/user/libraries/SSVQueueStackArray/examples/SSVQueueStack_Adv_Test/SSVQueueStack_Adv_Test.ino:302:36: error: &#39;class Serial_&#39; has no member named &#39;printf&#39;; did you mean &#39;print&#39;?
   default: /*PTFQA_Ignore*/ Serial.printf(&#34;Ignore&#34;); break;
                                    ^~~~~~
                                    print
/home/ec2-user/arduino-testlib/cli-datadir/user/libraries/SSVQueueStackArray/examples/SSVQueueStack_Adv_Test/SSVQueueStack_Adv_Test.ino: In function &#39;void popDataItem()&#39;:
/home/ec2-user/arduino-testlib/cli-datadir/user/libraries/SSVQueueStackArray/examples/SSVQueueStack_Adv_Test/SSVQueueStack_Adv_Test.ino:355:35: error: &#39;class Serial_&#39; has no member named &#39;printf&#39;; did you mean &#39;print&#39;?
   if (storage.isEmpty()) { Serial.printf(&#34;Storage is empty, can&#39;t pop item from storage.\r\n&#34;); return;}
                                   ^~~~~~
                                   print
/home/ec2-user/arduino-testlib/cli-datadir/user/libraries/SSVQueueStackArray/examples/SSVQueueStack_Adv_Test/SSVQueueStack_Adv_Test.ino: In function &#39;void Proc_M()&#39;:
/home/ec2-user/arduino-testlib/cli-datadir/user/libraries/SSVQueueStackArray/examples/SSVQueueStack_Adv_Test/SSVQueueStack_Adv_Test.ino:392:10: error: &#39;class Serial_&#39; has no member named &#39;printf&#39;; did you mean &#39;print&#39;?
   Serial.printf(&#34;Push Timer Interval is: %.1fS\r\n&#34;, (float)TmrPush.GetInterval()/1000);
          ^~~~~~
          print
/home/ec2-user/arduino-testlib/cli-datadir/user/libraries/SSVQueu</pre>
					
					<h4>examples/Simple</h4>
					<p>
						Result: <b>PASS</b>
					</p>
					<pre class="pre-scrollable">Sketch uses 13192 bytes (5%) of program storage space. Maximum is 262144 bytes.
Global variables use 3028 bytes (9%) of dynamic memory, leaving 29740 bytes for local variables. Maximum is 32768 bytes.
</pre>
					
				
				<h3 id="esp32:esp32:d1_mini32">esp32:esp32:d1_mini32 @ 1.0.6</h3>
				<h4>Inclusion</h4>
				<p>
					Result: <b>PASS</b>
					
				</p>
				<pre class="pre-scrollable">Sketch uses 197736 bytes (15%) of program storage space. Maximum is 1310720 bytes.
Global variables use 13084 bytes (3%) of dynamic memory, leaving 314596 bytes for local variables. Maximum is 327680 bytes.
</pre>

					
					<h4>examples/SSVQueueStack_Adv_Test</h4>
					<p>
						Result: <b>PASS</b>
					</p>
					<pre class="pre-scrollable">Sketch uses 213338 bytes (16%) of program storage space. Maximum is 1310720 bytes.
Global variables use 13552 bytes (4%) of dynamic memory, leaving 314128 bytes for local variables. Maximum is 327680 bytes.
</pre>
					
					<h4>examples/Simple</h4>
					<p>
						Result: <b>PASS</b>
					</p>
					<pre class="pre-scrollable">Sketch uses 204994 bytes (15%) of program storage space. Maximum is 1310720 bytes.
Global variables use 13448 bytes (4%) of dynamic memory, leaving 314232 bytes for local variables. Maximum is 327680 bytes.
</pre>
					
				
			</div>
		</div>
	</div>
  </body>
</html>
