
<!doctype html>
<html lang="en">
  <head>
    <meta charset="utf-8">
    <meta name="viewport" content="width=device-width, initial-scale=1">
    <link href="https://cdn.jsdelivr.net/npm/bootstrap@5.0.2/dist/css/bootstrap.min.css" rel="stylesheet" integrity="sha384-EVSTQN3/azprG1Anm3QDgpJLIm9Nao0Yz1ztcQTwFspd3yD65VohhpuuCOmLASjC" crossorigin="anonymous">
    <title>arduino-testlib report</title>
	<style>
	.pass { background-color: #00FF00 !important; }
	.fail { background-color: #FF0000 !important; }
	</style>
  </head>
  <body>
	<div class="container">
		<div class="row">
			<div class="col">
				<h1>stemi-hexapod - compatibility matrix</h1>
				<p>
					<small>This report was generated on Monday, 21-Feb-22 12:00:25 CET using 
					<a href="https://github.com/alranel/arduino-testlib">arduino-testlib</a>.</small>
				</p>

				<h2>stemi-hexapod</h2>
				<p>
					Version: <b>2.0.10</b>
					<br />
					<a href="https://www.arduino.cc/reference/en/libraries/stemi-hexapod/">More details</a>
				</p>

				<h2>Compatibility matrix</h2>
				<table class="table table-bordered">
					<tr>
						<th>Board</th>
						<th>Claims compatibility</th>
						<th>Inclusion</th>
						
						<th><pre>Default</pre></th>
						
						<th><pre>Empty-user-mode</pre></th>
						
					</tr>
					
					<tr>
						<td>
							<a href="#arduino%3aavr%3auno"><b>arduino:avr:uno</b></a>
							<br />
							<small>1.8.4</small>
						</td>

						
						
						
							<td>Yes ⚠️</td>
							<td class="fail">FAIL</td>
						
						

						
							
								
									
										
											
											<td class="fail">FAIL</td>
										
									
										
									
								
							
								
							
								
							
								
							
								
							
						
							
								
									
										
									
										
											
											<td class="fail">FAIL</td>
										
									
								
							
								
							
								
							
								
							
								
							
						
					</tr>
					
					<tr>
						<td>
							<a href="#arduino%3ambed_nano%3ananorp2040connect"><b>arduino:mbed_nano:nanorp2040connect</b></a>
							<br />
							<small>2.7.2</small>
						</td>

						
						
						
							<td>Yes ⚠️</td>
							<td class="fail">FAIL</td>
						
						

						
							
								
							
								
									
										
											
											<td class="fail">FAIL</td>
										
									
										
									
								
							
								
							
								
							
								
							
						
							
								
							
								
									
										
									
										
											
											<td class="fail">FAIL</td>
										
									
								
							
								
							
								
							
								
							
						
					</tr>
					
					<tr>
						<td>
							<a href="#arduino%3amegaavr%3anona4809"><b>arduino:megaavr:nona4809</b></a>
							<br />
							<small>1.8.7</small>
						</td>

						
						
						
							<td>Yes ⚠️</td>
							<td class="fail">FAIL</td>
						
						

						
							
								
							
								
							
								
									
										
											
											<td class="fail">FAIL</td>
										
									
										
									
								
							
								
							
								
							
						
							
								
							
								
							
								
									
										
									
										
											
											<td class="fail">FAIL</td>
										
									
								
							
								
							
								
							
						
					</tr>
					
					<tr>
						<td>
							<a href="#arduino%3asamd%3amkrwifi1010"><b>arduino:samd:mkrwifi1010</b></a>
							<br />
							<small>1.8.12</small>
						</td>

						
						
						
							<td>Yes ⚠️</td>
							<td class="fail">FAIL</td>
						
						

						
							
								
							
								
							
								
							
								
									
										
											
											<td class="fail">FAIL</td>
										
									
										
									
								
							
								
							
						
							
								
							
								
							
								
							
								
									
										
									
										
											
											<td class="fail">FAIL</td>
										
									
								
							
								
							
						
					</tr>
					
					<tr>
						<td>
							<a href="#esp32%3aesp32%3ad1_mini32"><b>esp32:esp32:d1_mini32</b></a>
							<br />
							<small>1.0.6</small>
						</td>

						
							<td>Yes</td>
							<td class="pass">PASS</td>
						
						
						
						

						
							
								
							
								
							
								
							
								
							
								
									
										
											<td class="pass">PASS</td>
											
										
									
										
									
								
							
						
							
								
							
								
							
								
							
								
							
								
									
										
									
										
											<td class="pass">PASS</td>
											
										
									
								
							
						
					</tr>
					
				</table>

				<h2>Compilation logs</h2>
				
				<h3 id="arduino:avr:uno">arduino:avr:uno @ 1.8.4</h3>
				<h4>Inclusion</h4>
				<p>
					Result: <b>FAIL</b>
					
				</p>
				<pre class="pre-scrollable">In file included from /home/ec2-user/arduino-testlib/cli-datadir/user/libraries/stemi-hexapod/src/SharedData.h:46:0,
                 from /home/ec2-user/arduino-testlib/cli-datadir/user/libraries/stemi-hexapod/src/BatteryDriver.h:56,
                 from /home/ec2-user/arduino-testlib/cli-datadir/user/libraries/stemi-hexapod/src/BatteryDriver.cpp:37:
/home/ec2-user/arduino-testlib/cli-datadir/user/libraries/stemi-hexapod/src/Names.h:40:10: fatal error: string: No such file or directory
 #include &lt;string&gt;
          ^~~~~~~~
compilation terminated.

</pre>

					
					<h4>examples/Default</h4>
					<p>
						Result: <b>FAIL</b>
					</p>
					<pre class="pre-scrollable">In file included from /home/ec2-user/arduino-testlib/cli-datadir/user/libraries/stemi-hexapod/src/SharedData.h:46:0,
                 from /home/ec2-user/arduino-testlib/cli-datadir/user/libraries/stemi-hexapod/src/Hexapod.h:46,
                 from /home/ec2-user/arduino-testlib/cli-datadir/user/libraries/stemi-hexapod/examples/Default/Default.pde:36:
/home/ec2-user/arduino-testlib/cli-datadir/user/libraries/stemi-hexapod/src/Names.h:40:10: fatal error: string: No such file or directory
 #include &lt;string&gt;
          ^~~~~~~~
compilation terminated.

</pre>
					
					<h4>examples/Empty-user-mode</h4>
					<p>
						Result: <b>FAIL</b>
					</p>
					<pre class="pre-scrollable">In file included from /home/ec2-user/arduino-testlib/cli-datadir/user/libraries/stemi-hexapod/src/SharedData.h:46:0,
                 from /home/ec2-user/arduino-testlib/cli-datadir/user/libraries/stemi-hexapod/src/Hexapod.h:46,
                 from /home/ec2-user/arduino-testlib/cli-datadir/user/libraries/stemi-hexapod/examples/Empty-user-mode/Empty-user-mode.pde:36:
/home/ec2-user/arduino-testlib/cli-datadir/user/libraries/stemi-hexapod/src/Names.h:40:10: fatal error: string: No such file or directory
 #include &lt;string&gt;
          ^~~~~~~~
compilation terminated.

</pre>
					
				
				<h3 id="arduino:mbed_nano:nanorp2040connect">arduino:mbed_nano:nanorp2040connect @ 2.7.2</h3>
				<h4>Inclusion</h4>
				<p>
					Result: <b>FAIL</b>
					
				</p>
				<pre class="pre-scrollable">In file included from /home/ec2-user/arduino-testlib/cli-datadir/user/libraries/stemi-hexapod/src/SharedData.h:46:0,
                 from /home/ec2-user/arduino-testlib/cli-datadir/user/libraries/stemi-hexapod/src/BatteryDriver.h:56,
                 from /home/ec2-user/arduino-testlib/cli-datadir/user/libraries/stemi-hexapod/src/BatteryDriver.cpp:37:
/home/ec2-user/arduino-testlib/cli-datadir/user/libraries/stemi-hexapod/src/Names.h:41:10: fatal error: Preferences.h: No such file or directory
 #include &#34;Preferences.h&#34;
          ^~~~~~~~~~~~~~~
compilation terminated.

</pre>

					
					<h4>examples/Default</h4>
					<p>
						Result: <b>FAIL</b>
					</p>
					<pre class="pre-scrollable">In file included from /home/ec2-user/arduino-testlib/cli-datadir/user/libraries/stemi-hexapod/src/SharedData.h:46:0,
                 from /home/ec2-user/arduino-testlib/cli-datadir/user/libraries/stemi-hexapod/src/Hexapod.h:46,
                 from /home/ec2-user/arduino-testlib/cli-datadir/user/libraries/stemi-hexapod/examples/Default/Default.pde:36:
/home/ec2-user/arduino-testlib/cli-datadir/user/libraries/stemi-hexapod/src/Names.h:41:10: fatal error: Preferences.h: No such file or directory
 #include &#34;Preferences.h&#34;
          ^~~~~~~~~~~~~~~
compilation terminated.

</pre>
					
					<h4>examples/Empty-user-mode</h4>
					<p>
						Result: <b>FAIL</b>
					</p>
					<pre class="pre-scrollable">In file included from /home/ec2-user/arduino-testlib/cli-datadir/user/libraries/stemi-hexapod/src/SharedData.h:46:0,
                 from /home/ec2-user/arduino-testlib/cli-datadir/user/libraries/stemi-hexapod/src/Hexapod.h:46,
                 from /home/ec2-user/arduino-testlib/cli-datadir/user/libraries/stemi-hexapod/examples/Empty-user-mode/Empty-user-mode.pde:36:
/home/ec2-user/arduino-testlib/cli-datadir/user/libraries/stemi-hexapod/src/Names.h:41:10: fatal error: Preferences.h: No such file or directory
 #include &#34;Preferences.h&#34;
          ^~~~~~~~~~~~~~~
compilation terminated.

</pre>
					
				
				<h3 id="arduino:megaavr:nona4809">arduino:megaavr:nona4809 @ 1.8.7</h3>
				<h4>Inclusion</h4>
				<p>
					Result: <b>FAIL</b>
					
				</p>
				<pre class="pre-scrollable">In file included from /home/ec2-user/arduino-testlib/cli-datadir/user/libraries/stemi-hexapod/src/SharedData.h:46:0,
                 from /home/ec2-user/arduino-testlib/cli-datadir/user/libraries/stemi-hexapod/src/BatteryDriver.h:56,
                 from /home/ec2-user/arduino-testlib/cli-datadir/user/libraries/stemi-hexapod/src/BatteryDriver.cpp:37:
/home/ec2-user/arduino-testlib/cli-datadir/user/libraries/stemi-hexapod/src/Names.h:40:10: fatal error: string: No such file or directory
 #include &lt;string&gt;
          ^~~~~~~~
compilation terminated.

</pre>

					
					<h4>examples/Default</h4>
					<p>
						Result: <b>FAIL</b>
					</p>
					<pre class="pre-scrollable">In file included from /home/ec2-user/arduino-testlib/cli-datadir/user/libraries/stemi-hexapod/src/SharedData.h:46:0,
                 from /home/ec2-user/arduino-testlib/cli-datadir/user/libraries/stemi-hexapod/src/Hexapod.h:46,
                 from /home/ec2-user/arduino-testlib/cli-datadir/user/libraries/stemi-hexapod/examples/Default/Default.pde:36:
/home/ec2-user/arduino-testlib/cli-datadir/user/libraries/stemi-hexapod/src/Names.h:40:10: fatal error: string: No such file or directory
 #include &lt;string&gt;
          ^~~~~~~~
compilation terminated.

</pre>
					
					<h4>examples/Empty-user-mode</h4>
					<p>
						Result: <b>FAIL</b>
					</p>
					<pre class="pre-scrollable">In file included from /home/ec2-user/arduino-testlib/cli-datadir/user/libraries/stemi-hexapod/src/SharedData.h:46:0,
                 from /home/ec2-user/arduino-testlib/cli-datadir/user/libraries/stemi-hexapod/src/Hexapod.h:46,
                 from /home/ec2-user/arduino-testlib/cli-datadir/user/libraries/stemi-hexapod/examples/Empty-user-mode/Empty-user-mode.pde:36:
/home/ec2-user/arduino-testlib/cli-datadir/user/libraries/stemi-hexapod/src/Names.h:40:10: fatal error: string: No such file or directory
 #include &lt;string&gt;
          ^~~~~~~~
compilation terminated.

</pre>
					
				
				<h3 id="arduino:samd:mkrwifi1010">arduino:samd:mkrwifi1010 @ 1.8.12</h3>
				<h4>Inclusion</h4>
				<p>
					Result: <b>FAIL</b>
					
				</p>
				<pre class="pre-scrollable">In file included from /home/ec2-user/arduino-testlib/cli-datadir/user/libraries/stemi-hexapod/src/SharedData.h:46:0,
                 from /home/ec2-user/arduino-testlib/cli-datadir/user/libraries/stemi-hexapod/src/BatteryDriver.h:56,
                 from /home/ec2-user/arduino-testlib/cli-datadir/user/libraries/stemi-hexapod/src/BatteryDriver.cpp:37:
/home/ec2-user/arduino-testlib/cli-datadir/user/libraries/stemi-hexapod/src/Names.h:41:10: fatal error: Preferences.h: No such file or directory
 #include &#34;Preferences.h&#34;
          ^~~~~~~~~~~~~~~
compilation terminated.

</pre>

					
					<h4>examples/Default</h4>
					<p>
						Result: <b>FAIL</b>
					</p>
					<pre class="pre-scrollable">In file included from /home/ec2-user/arduino-testlib/cli-datadir/user/libraries/stemi-hexapod/src/SharedData.h:46:0,
                 from /home/ec2-user/arduino-testlib/cli-datadir/user/libraries/stemi-hexapod/src/Hexapod.h:46,
                 from /home/ec2-user/arduino-testlib/cli-datadir/user/libraries/stemi-hexapod/examples/Default/Default.pde:36:
/home/ec2-user/arduino-testlib/cli-datadir/user/libraries/stemi-hexapod/src/Names.h:41:10: fatal error: Preferences.h: No such file or directory
 #include &#34;Preferences.h&#34;
          ^~~~~~~~~~~~~~~
compilation terminated.

</pre>
					
					<h4>examples/Empty-user-mode</h4>
					<p>
						Result: <b>FAIL</b>
					</p>
					<pre class="pre-scrollable">In file included from /home/ec2-user/arduino-testlib/cli-datadir/user/libraries/stemi-hexapod/src/SharedData.h:46:0,
                 from /home/ec2-user/arduino-testlib/cli-datadir/user/libraries/stemi-hexapod/src/Hexapod.h:46,
                 from /home/ec2-user/arduino-testlib/cli-datadir/user/libraries/stemi-hexapod/examples/Empty-user-mode/Empty-user-mode.pde:36:
/home/ec2-user/arduino-testlib/cli-datadir/user/libraries/stemi-hexapod/src/Names.h:41:10: fatal error: Preferences.h: No such file or directory
 #include &#34;Preferences.h&#34;
          ^~~~~~~~~~~~~~~
compilation terminated.

</pre>
					
				
				<h3 id="esp32:esp32:d1_mini32">esp32:esp32:d1_mini32 @ 1.0.6</h3>
				<h4>Inclusion</h4>
				<p>
					Result: <b>PASS</b>
					
				</p>
				<pre class="pre-scrollable">Sketch uses 274622 bytes (20%) of program storage space. Maximum is 1310720 bytes.
Global variables use 14624 bytes (4%) of dynamic memory, leaving 313056 bytes for local variables. Maximum is 327680 bytes.
</pre>

					
					<h4>examples/Default</h4>
					<p>
						Result: <b>PASS</b>
					</p>
					<pre class="pre-scrollable">Sketch uses 1209898 bytes (92%) of program storage space. Maximum is 1310720 bytes.
Global variables use 38912 bytes (11%) of dynamic memory, leaving 288768 bytes for local variables. Maximum is 327680 bytes.
</pre>
					
					<h4>examples/Empty-user-mode</h4>
					<p>
						Result: <b>PASS</b>
					</p>
					<pre class="pre-scrollable">Sketch uses 1208750 bytes (92%) of program storage space. Maximum is 1310720 bytes.
Global variables use 38880 bytes (11%) of dynamic memory, leaving 288800 bytes for local variables. Maximum is 327680 bytes.
</pre>
					
				
			</div>
		</div>
	</div>
  </body>
</html>
