
<!doctype html>
<html lang="en">
  <head>
    <meta charset="utf-8">
    <meta name="viewport" content="width=device-width, initial-scale=1">
    <link href="https://cdn.jsdelivr.net/npm/bootstrap@5.0.2/dist/css/bootstrap.min.css" rel="stylesheet" integrity="sha384-EVSTQN3/azprG1Anm3QDgpJLIm9Nao0Yz1ztcQTwFspd3yD65VohhpuuCOmLASjC" crossorigin="anonymous">
    <title>arduino-testlib report</title>
	<style>
	.pass { background-color: #00FF00 !important; }
	.fail { background-color: #FF0000 !important; }
	</style>
  </head>
  <body>
	<div class="container">
		<div class="row">
			<div class="col">
				<h1>STM32duino FP_Examples - compatibility matrix</h1>
				<p>
					<small>This report was generated on Monday, 21-Feb-22 12:00:25 CET using 
					<a href="https://github.com/alranel/arduino-testlib">arduino-testlib</a>.</small>
				</p>

				<h2>STM32duino FP_Examples</h2>
				<p>
					Version: <b>1.5.0</b>
					<br />
					<a href="https://www.arduino.cc/reference/en/libraries/stm32duino-fp_examples/">More details</a>
				</p>

				<h2>Compatibility matrix</h2>
				<table class="table table-bordered">
					<tr>
						<th>Board</th>
						<th>Claims compatibility</th>
						<th>Inclusion</th>
						
						<th><pre>GestureDirSwipeLed_53L0A1_LED61A1</pre></th>
						
						<th><pre>IKS01A3_S2LP_P2P_Demo</pre></th>
						
						<th><pre>MemsMotorControl_IKS01A2_IHM02A1</pre></th>
						
						<th><pre>NucleoCar</pre></th>
						
						<th><pre>X_NUCLEO_IKS02A1_Audio_Button</pre></th>
						
						<th><pre>BleSensors_SensiBLE</pre></th>
						
						<th><pre>Flight1</pre></th>
						
					</tr>
					
					<tr>
						<td>
							<a href="#arduino%3aavr%3auno"><b>arduino:avr:uno</b></a>
							<br />
							<small>1.8.4</small>
						</td>

						
						
							<td>No ⚠️</td>
							<td class="pass">PASS</td>
						
						
						

						
							
								
									
										
									
										
									
										
											
											<td class="fail">FAIL</td>
										
									
										
									
										
									
										
									
										
									
								
							
								
							
								
							
								
							
								
							
						
							
								
									
										
									
										
									
										
									
										
											
											<td class="fail">FAIL</td>
										
									
										
									
										
									
										
									
								
							
								
							
								
							
								
							
								
							
						
							
								
									
										
									
										
									
										
									
										
									
										
											
											<td class="fail">FAIL</td>
										
									
										
									
										
									
								
							
								
							
								
							
								
							
								
							
						
							
								
									
										
									
										
									
										
									
										
									
										
									
										
											
											<td class="fail">FAIL</td>
										
									
										
									
								
							
								
							
								
							
								
							
								
							
						
							
								
									
										
									
										
									
										
									
										
									
										
									
										
									
										
											
											<td class="fail">FAIL</td>
										
									
								
							
								
							
								
							
								
							
								
							
						
							
								
									
										
											
											<td class="fail">FAIL</td>
										
									
										
									
										
									
										
									
										
									
										
									
										
									
								
							
								
							
								
							
								
							
								
							
						
							
								
									
										
									
										
											
											<td class="fail">FAIL</td>
										
									
										
									
										
									
										
									
										
									
										
									
								
							
								
							
								
							
								
							
								
							
						
					</tr>
					
					<tr>
						<td>
							<a href="#arduino%3ambed_nano%3ananorp2040connect"><b>arduino:mbed_nano:nanorp2040connect</b></a>
							<br />
							<small>2.7.2</small>
						</td>

						
						
							<td>No ⚠️</td>
							<td class="pass">PASS</td>
						
						
						

						
							
								
							
								
									
										
									
										
									
										
											
											<td class="fail">FAIL</td>
										
									
										
									
										
									
										
									
										
									
								
							
								
							
								
							
								
							
						
							
								
							
								
									
										
									
										
									
										
									
										
											
											<td class="fail">FAIL</td>
										
									
										
									
										
									
										
									
								
							
								
							
								
							
								
							
						
							
								
							
								
									
										
									
										
									
										
									
										
									
										
											
											<td class="fail">FAIL</td>
										
									
										
									
										
									
								
							
								
							
								
							
								
							
						
							
								
							
								
									
										
									
										
									
										
									
										
									
										
									
										
											
											<td class="fail">FAIL</td>
										
									
										
									
								
							
								
							
								
							
								
							
						
							
								
							
								
									
										
									
										
									
										
									
										
									
										
									
										
									
										
											
											<td class="fail">FAIL</td>
										
									
								
							
								
							
								
							
								
							
						
							
								
							
								
									
										
											
											<td class="fail">FAIL</td>
										
									
										
									
										
									
										
									
										
									
										
									
										
									
								
							
								
							
								
							
								
							
						
							
								
							
								
									
										
									
										
											
											<td class="fail">FAIL</td>
										
									
										
									
										
									
										
									
										
									
										
									
								
							
								
							
								
							
								
							
						
					</tr>
					
					<tr>
						<td>
							<a href="#arduino%3amegaavr%3anona4809"><b>arduino:megaavr:nona4809</b></a>
							<br />
							<small>1.8.7</small>
						</td>

						
						
							<td>No ⚠️</td>
							<td class="pass">PASS</td>
						
						
						

						
							
								
							
								
							
								
									
										
									
										
									
										
											
											<td class="fail">FAIL</td>
										
									
										
									
										
									
										
									
										
									
								
							
								
							
								
							
						
							
								
							
								
							
								
									
										
									
										
									
										
									
										
											
											<td class="fail">FAIL</td>
										
									
										
									
										
									
										
									
								
							
								
							
								
							
						
							
								
							
								
							
								
									
										
									
										
									
										
									
										
									
										
											
											<td class="fail">FAIL</td>
										
									
										
									
										
									
								
							
								
							
								
							
						
							
								
							
								
							
								
									
										
									
										
									
										
									
										
									
										
									
										
											
											<td class="fail">FAIL</td>
										
									
										
									
								
							
								
							
								
							
						
							
								
							
								
							
								
									
										
									
										
									
										
									
										
									
										
									
										
									
										
											
											<td class="fail">FAIL</td>
										
									
								
							
								
							
								
							
						
							
								
							
								
							
								
									
										
											
											<td class="fail">FAIL</td>
										
									
										
									
										
									
										
									
										
									
										
									
										
									
								
							
								
							
								
							
						
							
								
							
								
							
								
									
										
									
										
											
											<td class="fail">FAIL</td>
										
									
										
									
										
									
										
									
										
									
										
									
								
							
								
							
								
							
						
					</tr>
					
					<tr>
						<td>
							<a href="#arduino%3asamd%3amkrwifi1010"><b>arduino:samd:mkrwifi1010</b></a>
							<br />
							<small>1.8.12</small>
						</td>

						
						
							<td>No ⚠️</td>
							<td class="pass">PASS</td>
						
						
						

						
							
								
							
								
							
								
							
								
									
										
									
										
									
										
											
											<td class="fail">FAIL</td>
										
									
										
									
										
									
										
									
										
									
								
							
								
							
						
							
								
							
								
							
								
							
								
									
										
									
										
									
										
									
										
											
											<td class="fail">FAIL</td>
										
									
										
									
										
									
										
									
								
							
								
							
						
							
								
							
								
							
								
							
								
									
										
									
										
									
										
									
										
									
										
											
											<td class="fail">FAIL</td>
										
									
										
									
										
									
								
							
								
							
						
							
								
							
								
							
								
							
								
									
										
									
										
									
										
									
										
									
										
									
										
											
											<td class="fail">FAIL</td>
										
									
										
									
								
							
								
							
						
							
								
							
								
							
								
							
								
									
										
									
										
									
										
									
										
									
										
									
										
									
										
											
											<td class="fail">FAIL</td>
										
									
								
							
								
							
						
							
								
							
								
							
								
							
								
									
										
											
											<td class="fail">FAIL</td>
										
									
										
									
										
									
										
									
										
									
										
									
										
									
								
							
								
							
						
							
								
							
								
							
								
							
								
									
										
									
										
											
											<td class="fail">FAIL</td>
										
									
										
									
										
									
										
									
										
									
										
									
								
							
								
							
						
					</tr>
					
					<tr>
						<td>
							<a href="#esp32%3aesp32%3ad1_mini32"><b>esp32:esp32:d1_mini32</b></a>
							<br />
							<small>1.0.6</small>
						</td>

						
						
							<td>No ⚠️</td>
							<td class="pass">PASS</td>
						
						
						

						
							
								
							
								
							
								
							
								
							
								
									
										
									
										
									
										
											
											<td class="fail">FAIL</td>
										
									
										
									
										
									
										
									
										
									
								
							
						
							
								
							
								
							
								
							
								
							
								
									
										
									
										
									
										
									
										
											
											<td class="fail">FAIL</td>
										
									
										
									
										
									
										
									
								
							
						
							
								
							
								
							
								
							
								
							
								
									
										
									
										
									
										
									
										
									
										
											
											<td class="fail">FAIL</td>
										
									
										
									
										
									
								
							
						
							
								
							
								
							
								
							
								
							
								
									
										
									
										
									
										
									
										
									
										
									
										
											
											<td class="fail">FAIL</td>
										
									
										
									
								
							
						
							
								
							
								
							
								
							
								
							
								
									
										
									
										
									
										
									
										
									
										
									
										
									
										
											
											<td class="fail">FAIL</td>
										
									
								
							
						
							
								
							
								
							
								
							
								
							
								
									
										
											
											<td class="fail">FAIL</td>
										
									
										
									
										
									
										
									
										
									
										
									
										
									
								
							
						
							
								
							
								
							
								
							
								
							
								
									
										
									
										
											
											<td class="fail">FAIL</td>
										
									
										
									
										
									
										
									
										
									
										
									
								
							
						
					</tr>
					
				</table>

				<h2>Compilation logs</h2>
				
				<h3 id="arduino:avr:uno">arduino:avr:uno @ 1.8.4</h3>
				<h4>Inclusion</h4>
				<p>
					Result: <b>PASS</b>
					
				</p>
				<pre class="pre-scrollable">WARNING: library STM32duino_FP_Examples claims to run on stm32 architecture(s) and may be incompatible with your current board which runs on avr architecture(s).
Sketch uses 444 bytes (1%) of program storage space. Maximum is 32256 bytes.
Global variables use 9 bytes (0%) of dynamic memory, leaving 2039 bytes for local variables. Maximum is 2048 bytes.
</pre>

					
					<h4>examples/BleSensors_SensiBLE</h4>
					<p>
						Result: <b>FAIL</b>
					</p>
					<pre class="pre-scrollable">In file included from /home/ec2-user/arduino-testlib/cli-datadir/user/libraries/STM32duino_SPBTLE-RF/src/hci_const.h:19:0,
                 from /home/ec2-user/arduino-testlib/cli-datadir/user/libraries/STM32duino_SPBTLE-RF/src/sensor_service.h:49,
                 from /home/ec2-user/arduino-testlib/cli-datadir/user/libraries/STM32duino_FP_Examples/examples/BleSensors_SensiBLE/BleSensors_SensiBLE.ino:25:
/home/ec2-user/arduino-testlib/cli-datadir/user/libraries/STM32duino_SPBTLE-RF/src/ble_clock.h:24:10: fatal error: wiring_time.h: No such file or directory
 #include &#34;wiring_time.h&#34;
          ^~~~~~~~~~~~~~~
compilation terminated.

</pre>
					
					<h4>examples/Flight1</h4>
					<p>
						Result: <b>FAIL</b>
					</p>
					<pre class="pre-scrollable">In file included from /home/ec2-user/arduino-testlib/cli-datadir/user/libraries/STM32duino_SPBTLE-RF/src/hci_const.h:19:0,
                 from /home/ec2-user/arduino-testlib/cli-datadir/user/libraries/STM32duino_FP_Examples/examples/Flight1/Flight1.ino:43:
/home/ec2-user/arduino-testlib/cli-datadir/user/libraries/STM32duino_SPBTLE-RF/src/ble_clock.h:24:10: fatal error: wiring_time.h: No such file or directory
 #include &#34;wiring_time.h&#34;
          ^~~~~~~~~~~~~~~
compilation terminated.

</pre>
					
					<h4>examples/GestureDirSwipeLed_53L0A1_LED61A1</h4>
					<p>
						Result: <b>FAIL</b>
					</p>
					<pre class="pre-scrollable">WARNING: library STM32duino_X-NUCLEO-53L0A1 claims to run on stm32, sam architecture(s) and may be incompatible with your current board which runs on avr architecture(s).
WARNING: library STM32duino_VL53L0X claims to run on stm32, sam architecture(s) and may be incompatible with your current board which runs on avr architecture(s).
WARNING: library STM32duino_X-NUCLEO-LED61A1 claims to run on stm32 architecture(s) and may be incompatible with your current board which runs on avr architecture(s).
/home/ec2-user/arduino-testlib/cli-datadir/user/libraries/STM32duino_FP_Examples/examples/GestureDirSwipeLed_53L0A1_LED61A1/GestureDirSwipeLed_53L0A1_LED61A1.ino: In function &#39;void setup()&#39;:
/home/ec2-user/arduino-testlib/cli-datadir/user/libraries/STM32duino_FP_Examples/examples/GestureDirSwipeLed_53L0A1_LED61A1/GestureDirSwipeLed_53L0A1_LED61A1.ino:254:21: error: &#39;D4&#39; was not declared in this scope
   led = new Led6001(D4, A3, D6, D5);
                     ^~
/home/ec2-user/arduino-testlib/cli-datadir/user/libraries/STM32duino_FP_Examples/examples/GestureDirSwipeLed_53L0A1_LED61A1/GestureDirSwipeLed_53L0A1_LED61A1.ino:254:21: note: suggested alternative: &#39;A4&#39;
   led = new Led6001(D4, A3, D6, D5);
                     ^~
                     A4
/home/ec2-user/arduino-testlib/cli-datadir/user/libraries/STM32duino_FP_Examples/examples/GestureDirSwipeLed_53L0A1_LED61A1/GestureDirSwipeLed_53L0A1_LED61A1.ino:254:29: error: &#39;D6&#39; was not declared in this scope
   led = new Led6001(D4, A3, D6, D5);
                             ^~
/home/ec2-user/arduino-testlib/cli-datadir/user/libraries/STM32duino_FP_Examples/examples/GestureDirSwipeLed_53L0A1_LED61A1/GestureDirSwipeLed_53L0A1_LED61A1.ino:254:29: note: suggested alternative: &#39;A6&#39;
   led = new Led6001(D4, A3, D6, D5);
                             ^~
                             A6
/home/ec2-user/arduino-testlib/cli-datadir/user/libraries/STM32duino_FP_Examples/examples/GestureDirSwipeLed_53L0A1_LED61A1/GestureDirSwipeLed_53L0A1_LED61A1.ino:254:33: error: &#39;D5&#39; was not declared in this scope
   led = new Led6001(D4, A3, D6, D5);
                                 ^~
/home/ec2-user/arduino-testlib/cli-datadir/user/libraries/STM32duino_FP_Examples/examples/GestureDirSwipeLed_53L0A1_LED61A1/GestureDirSwipeLed_53L0A1_LED61A1.ino:254:33: note: suggested alternative: &#39;A5&#39;
   led = new Led6001(D4, A3, D6, D5);
                                 ^~
                                 A5

</pre>
					
					<h4>examples/IKS01A3_S2LP_P2P_Demo</h4>
					<p>
						Result: <b>FAIL</b>
					</p>
					<pre class="pre-scrollable">In file included from /home/ec2-user/arduino-testlib/cli-datadir/user/libraries/STM32duino_FP_Examples/examples/IKS01A3_S2LP_P2P_Demo/IKS01A3_S2LP_P2P_Demo.ino:42:0:
/home/ec2-user/arduino-testlib/cli-datadir/user/libraries/STM32duino_S2-LP/src/S2LP.h:63:10: fatal error: functional: No such file or directory
 #include &lt;functional&gt;
          ^~~~~~~~~~~~
compilation terminated.

</pre>
					
					<h4>examples/MemsMotorControl_IKS01A2_IHM02A1</h4>
					<p>
						Result: <b>FAIL</b>
					</p>
					<pre class="pre-scrollable">WARNING: library STM32duino_X-NUCLEO-IHM02A1 claims to run on stm32 architecture(s) and may be incompatible with your current board which runs on avr architecture(s).
In file included from /home/ec2-user/arduino-testlib/cli-datadir/user/libraries/STM32duino_X-NUCLEO-IHM02A1/src/XNucleoIHM02A1.h:66:0,
                 from /home/ec2-user/arduino-testlib/cli-datadir/user/libraries/STM32duino_FP_Examples/examples/MemsMotorControl_IKS01A2_IHM02A1/MemsMotorControl_IKS01A2_IHM02A1.ino:51:
/home/ec2-user/arduino-testlib/cli-datadir/user/libraries/STM32duino_X-NUCLEO-IHM02A1/src/L6470.h: In member function &#39;status_t L6470::ReadWrite(uint8_t*, uint8_t*, uint16_t)&#39;:
/home/ec2-user/arduino-testlib/cli-datadir/user/libraries/STM32duino_X-NUCLEO-IHM02A1/src/L6470.h:1418:66: error: no matching function for call to &#39;SPIClass::transfer(uint8_t*&amp;, uint8_t*&amp;, uint16_t&amp;)&#39;
         dev_spi-&gt;transfer(pBufferToWrite, pBufferToRead, NumBytes);
                                                                  ^
In file included from /home/ec2-user/arduino-testlib/cli-datadir/user/libraries/STM32duino_FP_Examples/examples/MemsMotorControl_IKS01A2_IHM02A1/MemsMotorControl_IKS01A2_IHM02A1.ino:46:0:
/home/ec2-user/arduino-testlib/cli-datadir/data/packages/arduino/hardware/avr/1.8.4/libraries/SPI/src/SPI.h:208:25: note: candidate: static uint8_t SPIClass::transfer(uint8_t)
   inline static uint8_t transfer(uint8_t data) {
                         ^~~~~~~~
/home/ec2-user/arduino-testlib/cli-datadir/data/packages/arduino/hardware/avr/1.8.4/libraries/SPI/src/SPI.h:208:25: note:   candidate expects 1 argument, 3 provided
/home/ec2-user/arduino-testlib/cli-datadir/data/packages/arduino/hardware/avr/1.8.4/libraries/SPI/src/SPI.h:244:22: note: candidate: static void SPIClass::transfer(void*, size_t)
   inline static void transfer(void *buf, size_t count) {
                      ^~~~~~~~
/home/ec2-user/arduino-testlib/cli-datadir/data/packages/arduino/hardware/avr/1.8.4/libraries/SPI/src/SPI.h:244:22: note:   candidate expects 2 arguments, 3 provided
/home/ec2-user/arduino-testlib/cli-datadir/user/libraries/STM32duino_FP_Examples/examples/MemsMotorControl_IKS01A2_IHM02A1/MemsMotorControl_IKS01A2_IHM02A1.ino: In function &#39;void setup()&#39;:
/home/ec2-user/arduino-testlib/cli-datadir/user/libraries/STM32duino_FP_Examples/examples/MemsMotorControl_IKS01A2_IHM02A1/MemsMotorControl_IKS01A2_IHM02A1.ino:155:11: error: &#39;D13&#39; was not declared in this scope
   pinMode(D13, OUTPUT);
           ^~~
/home/ec2-user/arduino-testlib/cli-datadir/user/libraries/STM32duino_FP_Examples/examples/MemsMotorControl_IKS01A2_IHM02A1/MemsMotorControl_IKS01A2_IHM02A1.ino:155:11: note: suggested alternative: &#39;DD3&#39;
   pinMode(D13, OUTPUT);
           ^~~
           DD3
/home/ec2-user/arduino-testlib/cli-datadir/user/libraries/STM32duino_FP_Examples/examples/MemsMotorControl_IKS01A2_IHM02A1/MemsMotorControl_IKS01A2_IHM02A1.ino:166:26: error: &#39;D11&#39; was not declared in this scope
   dev_spi = new SPIClass(D11, D12, D3);
                          ^~~
/home/ec2-user/arduino-testlib/cli-datadir/user/libraries/STM32duino_FP_Examples/examples/MemsMotorControl_IKS01A2_IHM02A1/MemsMotorControl_IKS01A2_IHM02A1.ino:166:26: note: suggested alternative: &#39;B11&#39;
   dev_spi = new SPIClass(D11, D12, D3);
                          ^~~
                          B11
/home/ec2-user/arduino-testlib/cli-datadir/user/libraries/STM32duino_FP_Examples/examples/MemsMotorControl_IKS01A2_IHM02A1/MemsMotorControl_IKS01A2_IHM02A1.ino:166:31: error: &#39;D12&#39; was not declared in this scope
   dev_spi = new SPIClass(D11, D12, D3);
                               ^~~
/home/ec2-user/arduino-testlib/cli-datadir/user/libraries/STM32duino_FP_Examples/examples/MemsMotorControl_IKS01A2_IHM02A1/MemsMotorControl_IKS01A2_IHM02A1.ino:166:31: note: suggested alternative: &#39;DD2&#39;
   dev_spi = new SPIClass(D11, D12, D3);
                               ^~~
                               DD2
/home/ec2-user/arduino-testlib/cli-datadir/user/libraries/STM32duino_FP_Examples/examples/MemsMotorControl_IKS01A2_IHM02A1/MemsMotorControl_IKS01A2_IHM02A1.ino:166:36: error: &#39;D3&#39; was not declared in this scope
   dev_spi = new SPIClass(D11, D12, D3);
                                    ^~
/home/ec2-user/arduino-testlib/cli-datadir/user/libraries/STM32duino_FP_Examples/examples/MemsMotorControl_IKS01A2_IHM02A1/MemsMotorControl_IKS01A2_IHM02A1.ino:166:36: note: suggested alternative: &#39;A3&#39;
   dev_spi = new SPIClass(D11, D12, D3);
                                    ^~
                                    A3
/home/ec2-user/arduino-testlib/cli-datadir/user/libraries/STM32duino_FP_Examples/examples/MemsMotorControl_IKS01A2_IHM02A1/MemsMotorControl_IKS01A2_IHM02A1.ino:169:81: error: &#39;D4&#39; was not declared in this scope
   x_nucleo_ihm02a1 = new XNucleoIHM02A1(&amp;L6470_init[0], &amp;L6470_init[1], A4, A5, D4, A2, dev_spi);
                                                                                 ^~
/home/ec2-user/arduino-testlib/cli-datadir/user/libraries/STM32duino_FP_Examples/examples/MemsMotorControl_IKS01A2_IHM02A1/MemsMotorControl_IKS01A2_IHM02A1.ino:169:81: note: suggested alternative: &#39;A4&#39;
   x_nucleo_ihm02a1 = new XNucleoIHM02A1(&amp;L6470_init[0], &amp;L6470_init[1], A4, A5, D4, A2, dev_spi);
                                                                                 ^~
                                                                                 A4
/home/ec2-user/arduino-testlib/cli-datadir/user/libraries/STM32duino_FP_Examples/examples/MemsMotorControl_IKS01A2_IHM02A1/MemsMotorControl_IKS01A2_IHM02A1.ino: In function &#39;void loop()&#39;:
/home/ec2-user/arduino-testlib/cli-datadir/user/libraries/STM32duino_FP_Examples/examples/MemsMotorControl_IKS01A2_IHM02A1/MemsMotorControl_IKS01A2_IHM02A1.ino:186:16: error: &#39;D13&#39; was not declared in this scope
   digitalWrite(D13, HIGH);
                ^~~
/home/ec2-user/arduino-testlib/cli-datadir/user/libraries/STM32duino_FP_Examples/examples/MemsMotorControl_IKS01A2_IHM02A1/MemsMotorControl_IKS01A2_IHM02A1.ino:186:16: note: suggested alternative: &#39;DD3&#39;
   digitalWrite(D13, HIGH);
                ^~~
                DD3

</pre>
					
					<h4>examples/NucleoCar</h4>
					<p>
						Result: <b>FAIL</b>
					</p>
					<pre class="pre-scrollable">In file included from /home/ec2-user/arduino-testlib/cli-datadir/user/libraries/STM32duino_SPBTLE-RF/src/hci_const.h:19:0,
                 from /home/ec2-user/arduino-testlib/cli-datadir/user/libraries/STM32duino_FP_Examples/examples/NucleoCar/NucleoCar.ino:83:
/home/ec2-user/arduino-testlib/cli-datadir/user/libraries/STM32duino_SPBTLE-RF/src/ble_clock.h:24:10: fatal error: wiring_time.h: No such file or directory
 #include &#34;wiring_time.h&#34;
          ^~~~~~~~~~~~~~~
compilation terminated.

</pre>
					
					<h4>examples/X_NUCLEO_IKS02A1_Audio_Button</h4>
					<p>
						Result: <b>FAIL</b>
					</p>
					<pre class="pre-scrollable">/home/ec2-user/arduino-testlib/cli-datadir/user/libraries/STM32duino_FP_Examples/examples/X_NUCLEO_IKS02A1_Audio_Button/X_NUCLEO_IKS02A1_Audio_Button.ino:5:2: error: #error &#34;This example is only for STM32 Nucleo-F401RE or Nucleo-L476RG!&#34;
 #error &#34;This example is only for STM32 Nucleo-F401RE or Nucleo-L476RG!&#34;
  ^~~~~
/home/ec2-user/arduino-testlib/cli-datadir/user/libraries/STM32duino_FP_Examples/examples/X_NUCLEO_IKS02A1_Audio_Button/X_NUCLEO_IKS02A1_Audio_Button.ino:9:10: fatal error: PDM.h: No such file or directory
 #include &#34;PDM.h&#34;
          ^~~~~~~
compilation terminated.

</pre>
					
				
				<h3 id="arduino:mbed_nano:nanorp2040connect">arduino:mbed_nano:nanorp2040connect @ 2.7.2</h3>
				<h4>Inclusion</h4>
				<p>
					Result: <b>PASS</b>
					
				</p>
				<pre class="pre-scrollable">WARNING: library STM32duino_FP_Examples claims to run on stm32 architecture(s) and may be incompatible with your current board which runs on mbed_nano architecture(s).
Sketch uses 78756 bytes (0%) of program storage space. Maximum is 16777216 bytes.
Global variables use 43444 bytes (16%) of dynamic memory, leaving 226892 bytes for local variables. Maximum is 270336 bytes.
</pre>

					
					<h4>examples/BleSensors_SensiBLE</h4>
					<p>
						Result: <b>FAIL</b>
					</p>
					<pre class="pre-scrollable">In file included from /home/ec2-user/arduino-testlib/cli-datadir/user/libraries/STM32duino_SPBTLE-RF/src/hci_const.h:19:0,
                 from /home/ec2-user/arduino-testlib/cli-datadir/user/libraries/STM32duino_SPBTLE-RF/src/sensor_service.h:49,
                 from /home/ec2-user/arduino-testlib/cli-datadir/user/libraries/STM32duino_FP_Examples/examples/BleSensors_SensiBLE/BleSensors_SensiBLE.ino:25:
/home/ec2-user/arduino-testlib/cli-datadir/user/libraries/STM32duino_SPBTLE-RF/src/ble_clock.h:24:10: fatal error: wiring_time.h: No such file or directory
 #include &#34;wiring_time.h&#34;
          ^~~~~~~~~~~~~~~
compilation terminated.

</pre>
					
					<h4>examples/Flight1</h4>
					<p>
						Result: <b>FAIL</b>
					</p>
					<pre class="pre-scrollable">In file included from /home/ec2-user/arduino-testlib/cli-datadir/user/libraries/STM32duino_SPBTLE-RF/src/hci_const.h:19:0,
                 from /home/ec2-user/arduino-testlib/cli-datadir/user/libraries/STM32duino_FP_Examples/examples/Flight1/Flight1.ino:43:
/home/ec2-user/arduino-testlib/cli-datadir/user/libraries/STM32duino_SPBTLE-RF/src/ble_clock.h:24:10: fatal error: wiring_time.h: No such file or directory
 #include &#34;wiring_time.h&#34;
          ^~~~~~~~~~~~~~~
compilation terminated.

</pre>
					
					<h4>examples/GestureDirSwipeLed_53L0A1_LED61A1</h4>
					<p>
						Result: <b>FAIL</b>
					</p>
					<pre class="pre-scrollable">WARNING: library STM32duino_X-NUCLEO-53L0A1 claims to run on stm32, sam architecture(s) and may be incompatible with your current board which runs on mbed_nano architecture(s).
WARNING: library STM32duino_VL53L0X claims to run on stm32, sam architecture(s) and may be incompatible with your current board which runs on mbed_nano architecture(s).
WARNING: library STM32duino_Proximity_Gesture claims to run on stm32, avr, sam architecture(s) and may be incompatible with your current board which runs on mbed_nano architecture(s).
WARNING: library STM32duino_X-NUCLEO-LED61A1 claims to run on stm32 architecture(s) and may be incompatible with your current board which runs on mbed_nano architecture(s).
/home/ec2-user/arduino-testlib/cli-datadir/user/libraries/STM32duino_FP_Examples/examples/GestureDirSwipeLed_53L0A1_LED61A1/GestureDirSwipeLed_53L0A1_LED61A1.ino: In function &#39;void setup()&#39;:
/home/ec2-user/arduino-testlib/cli-datadir/user/libraries/STM32duino_FP_Examples/examples/GestureDirSwipeLed_53L0A1_LED61A1/GestureDirSwipeLed_53L0A1_LED61A1.ino:254:21: error: &#39;D4&#39; was not declared in this scope
   led = new Led6001(D4, A3, D6, D5);
                     ^~
/home/ec2-user/arduino-testlib/cli-datadir/user/libraries/STM32duino_FP_Examples/examples/GestureDirSwipeLed_53L0A1_LED61A1/GestureDirSwipeLed_53L0A1_LED61A1.ino:254:21: note: suggested alternative: &#39;A4&#39;
   led = new Led6001(D4, A3, D6, D5);
                     ^~
                     A4
/home/ec2-user/arduino-testlib/cli-datadir/user/libraries/STM32duino_FP_Examples/examples/GestureDirSwipeLed_53L0A1_LED61A1/GestureDirSwipeLed_53L0A1_LED61A1.ino:254:29: error: &#39;D6&#39; was not declared in this scope
   led = new Led6001(D4, A3, D6, D5);
                             ^~
/home/ec2-user/arduino-testlib/cli-datadir/user/libraries/STM32duino_FP_Examples/examples/GestureDirSwipeLed_53L0A1_LED61A1/GestureDirSwipeLed_53L0A1_LED61A1.ino:254:29: note: suggested alternative: &#39;A6&#39;
   led = new Led6001(D4, A3, D6, D5);
                             ^~
                             A6
/home/ec2-user/arduino-testlib/cli-datadir/user/libraries/STM32duino_FP_Examples/examples/GestureDirSwipeLed_53L0A1_LED61A1/GestureDirSwipeLed_53L0A1_LED61A1.ino:254:33: error: &#39;D5&#39; was not declared in this scope
   led = new Led6001(D4, A3, D6, D5);
                                 ^~
/home/ec2-user/arduino-testlib/cli-datadir/user/libraries/STM32duino_FP_Examples/examples/GestureDirSwipeLed_53L0A1_LED61A1/GestureDirSwipeLed_53L0A1_LED61A1.ino:254:33: note: suggested alternative: &#39;A5&#39;
   led = new Led6001(D4, A3, D6, D5);
                                 ^~
                                 A5

</pre>
					
					<h4>examples/IKS01A3_S2LP_P2P_Demo</h4>
					<p>
						Result: <b>FAIL</b>
					</p>
					<pre class="pre-scrollable">WARNING: library STM32duino_M95640-R claims to run on stm32, sam architecture(s) and may be incompatible with your current board which runs on mbed_nano architecture(s).
WARNING: library STM32duino_S2-LP claims to run on stm32, sam architecture(s) and may be incompatible with your current board which runs on mbed_nano architecture(s).
WARNING: library STM32duino_LSM6DSO claims to run on stm32, avr, sam architecture(s) and may be incompatible with your current board which runs on mbed_nano architecture(s).
WARNING: library STM32duino_LIS2DW12 claims to run on stm32, avr, sam architecture(s) and may be incompatible with your current board which runs on mbed_nano architecture(s).
WARNING: library STM32duino_LIS2MDL claims to run on stm32, avr, sam architecture(s) and may be incompatible with your current board which runs on mbed_nano architecture(s).
WARNING: library STM32duino_LPS22HH claims to run on stm32, avr, sam architecture(s) and may be incompatible with your current board which runs on mbed_nano architecture(s).
WARNING: library STM32duino_STTS751 claims to run on stm32, avr, sam architecture(s) and may be incompatible with your current board which runs on mbed_nano architecture(s).
WARNING: library STM32duino_HTS221 claims to run on stm32, avr, sam architecture(s) and may be incompatible with your current board which runs on mbed_nano architecture(s).
In file included from /home/ec2-user/arduino-testlib/cli-datadir/user/libraries/STM32duino_FP_Examples/examples/IKS01A3_S2LP_P2P_Demo/IKS01A3_S2LP_P2P_Demo.ino:42:0:
/home/ec2-user/arduino-testlib/cli-datadir/user/libraries/STM32duino_S2-LP/src/S2LP.h:373:14: error: &#39;FlagStatus&#39; does not name a type; did you mean &#39;SFlagStatus&#39;?
     volatile FlagStatus xTxDoneFlag;
              ^~~~~~~~~~
              SFlagStatus
/home/ec2-user/arduino-testlib/cli-datadir/user/libraries/STM32duino_FP_Examples/examples/IKS01A3_S2LP_P2P_Demo/IKS01A3_S2LP_P2P_Demo.ino:67:23: error: &#39;PC13&#39; was not declared in this scope
 const int buttonPin = PC13; // set buttonPin to digital pin PC13 */
                       ^~~~
/home/ec2-user/arduino-testlib/cli-datadir/user/libraries/STM32duino_FP_Examples/examples/IKS01A3_S2LP_P2P_Demo/IKS01A3_S2LP_P2P_Demo.ino:67:23: note: suggested alternative: &#39;p13&#39;
 const int buttonPin = PC13; // set buttonPin to digital pin PC13 */
                       ^~~~
                       p13
/home/ec2-user/arduino-testlib/cli-datadir/user/libraries/STM32duino_FP_Examples/examples/IKS01A3_S2LP_P2P_Demo/IKS01A3_S2LP_P2P_Demo.ino: In function &#39;void setup()&#39;:
/home/ec2-user/arduino-testlib/cli-datadir/user/libraries/STM32duino_FP_Examples/examples/IKS01A3_S2LP_P2P_Demo/IKS01A3_S2LP_P2P_Demo.ino:106:11: error: &#39;D7&#39; was not declared in this scope
   pinMode(D7, OUTPUT);
           ^~
/home/ec2-user/arduino-testlib/cli-datadir/user/libraries/STM32duino_FP_Examples/examples/IKS01A3_S2LP_P2P_Demo/IKS01A3_S2LP_P2P_Demo.ino:106:11: note: suggested alternative: &#39;A7&#39;
   pinMode(D7, OUTPUT);
           ^~
           A7
/home/ec2-user/arduino-testlib/cli-datadir/user/libraries/STM32duino_FP_Examples/examples/IKS01A3_S2LP_P2P_Demo/IKS01A3_S2LP_P2P_Demo.ino:113:25: error: &#39;D11&#39; was not declared in this scope
   devSPI = new SPIClass(D11, D12, D3);
                         ^~~
/home/ec2-user/arduino-testlib/cli-datadir/user/libraries/STM32duino_FP_Examples/examples/IKS01A3_S2LP_P2P_Demo/IKS01A3_S2LP_P2P_Demo.ino:113:25: note: suggested alternative: &#39;B11&#39;
   devSPI = new SPIClass(D11, D12, D3);
                         ^~~
                         B11
/home/ec2-user/arduino-testlib/cli-datadir/user/libraries/STM32duino_FP_Examples/examples/IKS01A3_S2LP_P2P_Demo/IKS01A3_S2LP_P2P_Demo.ino:113:30: error: &#39;D12&#39; was not declared in this scope
   devSPI = new SPIClass(D11, D12, D3);
                              ^~~
/home/ec2-user/arduino-testlib/cli-datadir/user/libraries/STM32duino_FP_Examples/examples/IKS01A3_S2LP_P2P_Demo/IKS01A3_S2LP_P2P_Demo.ino:113:30: note: suggested alternative: &#39;p12&#39;
   devSPI = new SPIClass(D11, D12, D3);
                              ^~~
                              p12
/home/ec2-user/arduino-testlib/cli-datadir/user/libraries/STM32duino_FP_Examples/examples/IKS01A3_S2LP_P2P_Demo/IKS01A3_S2LP_P2P_Demo.ino:113:35: error: &#39;D3&#39; was not declared in this scope
   devSPI = new SPIClass(D11, D12, D3);
                                   ^~
/home/ec2-user/arduino-testlib/cli-datadir/user/libraries/STM32duino_FP_Examples/examples/IKS01A3_S2LP_P2P_Demo/IKS01A3_S2LP_P2P_Demo.ino:113:35: note: suggested alternative: &#39;A3&#39;
   devSPI = new SPIClass(D11, D12, D3);
                                   ^~
                                   A3
/home/ec2-user/arduino-testlib/cli-datadir/user/libraries/STM32duino_FP_Examples/examples/IKS01A3_S2LP_P2P_Demo/IKS01A3_S2LP_P2P_Demo.ino:113:37: error: invalid new-expression of abstract class type &#39;arduino::HardwareSPI&#39;
   devSPI = new SPIClass(D11, D12, D3);
                                     ^
In file included from /home/ec2-user/arduino-testlib/cli-datadir/data/packages/arduino/hardware/mbed_nano/2.7.2/libraries/SPI/SPI.h:22:0,
                 from /home/ec2-user/arduino-testlib/cli-datadir/user/libraries/STM32duino_FP_Examples/examples/IKS01A3_S2LP_P2P_Demo/IKS01A3_S2LP_P2P_Demo.ino:40:
/home/ec2-user/arduino-testlib/cli-datadir/data/packages/arduino/hardware/mbed_nano/2.7.2/cores/arduino/api/HardwareSPI.h:104:7: note:   because the following virtual functions are pure within &#39;arduino::HardwareSPI&#39;:
 class HardwareSPI
       ^~~~~~~~~~~
/home/ec2-user/arduino-testlib/cli-datadir/data/packages/arduino/hardware/mbed_nano/2.7.2/cores/arduino/api/HardwareSPI.h:109:21: note: 	virtual uint8_t arduino::HardwareSPI::transfer(uint8_t)
     virtual uint8_t transfer(uint8_t data) = 0;
                     ^~~~~~~~
/home/ec2-user/arduino-testlib/cli-datadir/data/packages/arduino/hardware/mbed_nano/2.7.2/cores/arduino/api/HardwareSPI.h:110:22: note: 	virtual uint16_t arduino::HardwareSPI::transfer16(uint16_t)
     virtual uint16_t transfer16(uint16_t data) = 0;
                      ^~~~~~~~~~
/home/ec2-user/arduino-testlib/cli-datadir/data/packages/arduino/hardware/mbed_nano/2.7.2/cores/arduino/api/HardwareSPI.h:111:18: note: 	virtual void arduino::HardwareSPI::transfer(void*, size_t)
     virtual void transfer(void *buf, size_t count) = 0;
                  ^~~~~~~~
/home/ec2-user/arduino-testlib/cli-datadir/data/packages/arduino/hardware/mbed_nano/2.7.2/cores/arduino/api/HardwareSPI.h:114:18: note: 	virtual void arduino::HardwareSPI::usingInterrupt(int)
     virtual void usingInterrupt(int interruptNumber) = 0;
                  ^~~~~~~~~~~~~~
/home/ec2-user/arduino-testlib/cli-datadir/data/packages/arduino/hardware/mbed_nano/2.7.2/cores/arduino/api/HardwareSPI.h:115:18: note: 	virtual void arduino::HardwareSPI::notUsingInterrupt(int)
     virtual void notUsingInterrupt(int interruptNumber) = 0;
                  ^~~~~~~~~~~~~~~~~
/home/ec2-user/arduino-testlib/cli-datadir/data/packages/arduino/hardware/mbed_nano/2.7.2/cores/arduino/api/HardwareSPI.h:116:18: note: 	virtual void arduino::HardwareSPI::beginTransaction(arduino::SPISettings)
     virtual void beginTransaction(SPISettings settings) = 0;
                  ^~~~~~~~~~~~~~~~
/home/ec2-user/arduino-testlib/cli-datadir/data/packages/arduino/hardware/mbed_nano/2.7.2/cores/arduino/api/HardwareSPI.h:117:18: note: 	virtual void arduino::HardwareSPI::endTransaction()
     virtual void endTransaction(void) = 0;
                  ^~~~~~~~~~~~~~
/home/ec2-user/arduino-testlib/cli-datadir/data/packages/arduino/hardware/mbed_nano/2.7.2/cores/arduino/api/HardwareSPI.h:120:18: note: 	virtual void arduino::HardwareSPI::attachInterrupt()
     virtual void attachInterrupt() = 0;
                  ^~~~~~~~~~~~~~~
/home/ec2-user/arduino-testlib/cli-datadir/data/packages/arduino/hardware/mbed_nano/2.7.2/cores/arduino/api/HardwareSPI.h:121:18: note: 	virtual void arduino::HardwareSPI::detachInterrupt()
     virtual void detachInterrupt() = 0;
                  ^~~~~~~~~~~~~~~
/home/ec2-user/arduino-testlib/cli-datadir/data/packages/arduino/hardware/mbed_nano/2.7.2/cores/arduino/api/HardwareSPI.h:123:18: note: 	virtual void arduino::HardwareSPI::begin()
     virtual void begin() = 0;
                  ^~~~~
/home/ec2-user/arduino-testlib/cli-datadir/data/packages/arduino/hardware/mbed_nano/2.7.2/cores/arduino/api/HardwareSPI.h:124:18: note: 	virtual void arduino::HardwareSPI::end()
     virtual void end() = 0;
                  ^~~
/home/ec2-user/arduino-testlib/cli-datadir/user/libraries/STM32duino_FP_Examples/examples/IKS01A3_S2LP_P2P_Demo/IKS01A3_S2LP_P2P_Demo.ino:137:35: error: &#39;D5&#39; was not declared in this scope
   myM95640R = new M95640R(devSPI, D5);
                                   ^~
/home/ec2-user/arduino-testlib/cli-datadir/user/libraries/STM32duino_FP_Examples/examples/IKS01A3_S2LP_P2P_Demo/IKS01A3_S2LP_P2P_Demo.ino:137:35: note: suggested alternative: &#39;A5&#39;
   myM95640R = new M95640R(devSPI, D5);
                                   ^~
                                   A5
/home/ec2-user/arduino-testlib/cli-datadir/user/libraries/STM32duino_FP_Examples/examples/IKS01A3_S2LP_P2P_Demo/IKS01A3_S2LP_P2P_Demo.ino: In function &#39;void loop()&#39;:
/home/ec2-user/arduino-testlib/cli-datadir/user/libraries/STM32duino_FP_Examples/examples/IKS01A3_S2LP_P2P_Demo/IKS01A3_S2LP_P2P_Demo.ino:162:5: error: &#39;HAL_Delay&#39; was not declared in this scope
     HAL_Delay(50);
     ^~~~~~~~~
/home/ec2-user/arduino-testlib/cli-datadir/user/libraries/STM32duino_FP_Examples/examples/IKS01A3_S2LP_P2P_Demo/IKS01A3_S2LP_P2P_Demo.ino:162:5: note: suggested alternative: &#39;osDelay&#39;
     HAL_Delay(50);
     ^~~~~~~~~
     osDelay

</pre>
					
					<h4>examples/MemsMotorControl_IKS01A2_IHM02A1</h4>
					<p>
						Result: <b>FAIL</b>
					</p>
					<pre class="pre-scrollable">WARNING: library STM32duino_LSM6DSL claims to run on stm32, avr, sam architecture(s) and may be incompatible with your current board which runs on mbed_nano architecture(s).
WARNING: library STM32duino_X-NUCLEO-IHM02A1 claims to run on stm32 architecture(s) and may be incompatible with your current board which runs on mbed_nano architecture(s).
In file included from /home/ec2-user/arduino-testlib/cli-datadir/user/libraries/STM32duino_X-NUCLEO-IHM02A1/src/XNucleoIHM02A1.h:66:0,
                 from /home/ec2-user/arduino-testlib/cli-datadir/user/libraries/STM32duino_FP_Examples/examples/MemsMotorControl_IKS01A2_IHM02A1/MemsMotorControl_IKS01A2_IHM02A1.ino:51:
/home/ec2-user/arduino-testlib/cli-datadir/user/libraries/STM32duino_X-NUCLEO-IHM02A1/src/L6470.h: In member function &#39;status_t L6470::ReadWrite(uint8_t*, uint8_t*, uint16_t)&#39;:
/home/ec2-user/arduino-testlib/cli-datadir/user/libraries/STM32duino_X-NUCLEO-IHM02A1/src/L6470.h:1418:66: error: no matching function for call to &#39;arduino::HardwareSPI::transfer(uint8_t*&amp;, uint8_t*&amp;, uint16_t&amp;)&#39;
         dev_spi-&gt;transfer(pBufferToWrite, pBufferToRead, NumBytes);
                                                                  ^
In file included from /home/ec2-user/arduino-testlib/cli-datadir/data/packages/arduino/hardware/mbed_nano/2.7.2/libraries/SPI/SPI.h:22:0,
                 from /home/ec2-user/arduino-testlib/cli-datadir/user/libraries/STM32duino_FP_Examples/examples/MemsMotorControl_IKS01A2_IHM02A1/MemsMotorControl_IKS01A2_IHM02A1.ino:46:
/home/ec2-user/arduino-testlib/cli-datadir/data/packages/arduino/hardware/mbed_nano/2.7.2/cores/arduino/api/HardwareSPI.h:109:21: note: candidate: virtual uint8_t arduino::HardwareSPI::transfer(uint8_t)
     virtual uint8_t transfer(uint8_t data) = 0;
                     ^~~~~~~~
/home/ec2-user/arduino-testlib/cli-datadir/data/packages/arduino/hardware/mbed_nano/2.7.2/cores/arduino/api/HardwareSPI.h:109:21: note:   candidate expects 1 argument, 3 provided
/home/ec2-user/arduino-testlib/cli-datadir/data/packages/arduino/hardware/mbed_nano/2.7.2/cores/arduino/api/HardwareSPI.h:111:18: note: candidate: virtual void arduino::HardwareSPI::transfer(void*, size_t)
     virtual void transfer(void *buf, size_t count) = 0;
                  ^~~~~~~~
/home/ec2-user/arduino-testlib/cli-datadir/data/packages/arduino/hardware/mbed_nano/2.7.2/cores/arduino/api/HardwareSPI.h:111:18: note:   candidate expects 2 arguments, 3 provided
/home/ec2-user/arduino-testlib/cli-datadir/user/libraries/STM32duino_FP_Examples/examples/MemsMotorControl_IKS01A2_IHM02A1/MemsMotorControl_IKS01A2_IHM02A1.ino: In function &#39;void setup()&#39;:
/home/ec2-user/arduino-testlib/cli-datadir/user/libraries/STM32duino_FP_Examples/examples/MemsMotorControl_IKS01A2_IHM02A1/MemsMotorControl_IKS01A2_IHM02A1.ino:155:11: error: &#39;D13&#39; was not declared in this scope
   pinMode(D13, OUTPUT);
           ^~~
/home/ec2-user/arduino-testlib/cli-datadir/user/libraries/STM32duino_FP_Examples/examples/MemsMotorControl_IKS01A2_IHM02A1/MemsMotorControl_IKS01A2_IHM02A1.ino:155:11: note: suggested alternative: &#39;p13&#39;
   pinMode(D13, OUTPUT);
           ^~~
           p13
/home/ec2-user/arduino-testlib/cli-datadir/user/libraries/STM32duino_FP_Examples/examples/MemsMotorControl_IKS01A2_IHM02A1/MemsMotorControl_IKS01A2_IHM02A1.ino:166:26: error: &#39;D11&#39; was not declared in this scope
   dev_spi = new SPIClass(D11, D12, D3);
                          ^~~
/home/ec2-user/arduino-testlib/cli-datadir/user/libraries/STM32duino_FP_Examples/examples/MemsMotorControl_IKS01A2_IHM02A1/MemsMotorControl_IKS01A2_IHM02A1.ino:166:26: note: suggested alternative: &#39;B11&#39;
   dev_spi = new SPIClass(D11, D12, D3);
                          ^~~
                          B11
/home/ec2-user/arduino-testlib/cli-datadir/user/libraries/STM32duino_FP_Examples/examples/MemsMotorControl_IKS01A2_IHM02A1/MemsMotorControl_IKS01A2_IHM02A1.ino:166:31: error: &#39;D12&#39; was not declared in this scope
   dev_spi = new SPIClass(D11, D12, D3);
                               ^~~
/home/ec2-user/arduino-testlib/cli-datadir/user/libraries/STM32duino_FP_Examples/examples/MemsMotorControl_IKS01A2_IHM02A1/MemsMotorControl_IKS01A2_IHM02A1.ino:166:31: note: suggested alternative: &#39;p12&#39;
   dev_spi = new SPIClass(D11, D12, D3);
                               ^~~
                               p12
/home/ec2-user/arduino-testlib/cli-datadir/user/libraries/STM32duino_FP_Examples/examples/MemsMotorControl_IKS01A2_IHM02A1/MemsMotorControl_IKS01A2_IHM02A1.ino:166:36: error: &#39;D3&#39; was not declared in this scope
   dev_spi = new SPIClass(D11, D12, D3);
                                    ^~
/home/ec2-user/arduino-testlib/cli-datadir/user/libraries/STM32duino_FP_Examples/examples/MemsMotorControl_IKS01A2_IHM02A1/MemsMotorControl_IKS01A2_IHM02A1.ino:166:36: note: suggested alternative: &#39;A3&#39;
   dev_spi = new SPIClass(D11, D12, D3);
                                    ^~
                                    A3
/home/ec2-user/arduino-testlib/cli-datadir/user/libraries/STM32duino_FP_Examples/examples/MemsMotorControl_IKS01A2_IHM02A1/MemsMotorControl_IKS01A2_IHM02A1.ino:166:38: error: invalid new-expression of abstract class type &#39;arduino::HardwareSPI&#39;
   dev_spi = new SPIClass(D11, D12, D3);
                                      ^
In file included from /home/ec2-user/arduino-testlib/cli-datadir/data/packages/arduino/hardware/mbed_nano/2.7.2/libraries/SPI/SPI.h:22:0,
                 from /home/ec2-user/arduino-testlib/cli-datadir/user/libraries/STM32duino_FP_Examples/examples/MemsMotorControl_IKS01A2_IHM02A1/MemsMotorControl_IKS01A2_IHM02A1.ino:46:
/home/ec2-user/arduino-testlib/cli-datadir/data/packages/arduino/hardware/mbed_nano/2.7.2/cores/arduino/api/HardwareSPI.h:104:7: note:   because the following virtual functions are pure within &#39;arduino::HardwareSPI&#39;:
 class HardwareSPI
       ^~~~~~~~~~~
/home/ec2-user/arduino-testlib/cli-datadir/data/packages/arduino/hardware/mbed_nano/2.7.2/cores/arduino/api/HardwareSPI.h:109:21: note: 	virtual uint8_t arduino::HardwareSPI::transfer(uint8_t)
     virtual uint8_t transfer(uint8_t data) = 0;
                     ^~~~~~~~
/home/ec2-user/arduino-testlib/cli-datadir/data/packages/arduino/hardware/mbed_nano/2.7.2/cores/arduino/api/HardwareSPI.h:110:22: note: 	virtual uint16_t arduino::HardwareSPI::transfer16(uint16_t)
     virtual uint16_t transfer16(uint16_t data) = 0;
                      ^~~~~~~~~~
/home/ec2-user/arduino-testlib/cli-datadir/data/packages/arduino/hardware/mbed_nano/2.7.2/cores/arduino/api/HardwareSPI.h:111:18: note: 	virtual void arduino::HardwareSPI::transfer(void*, size_t)
     virtual void transfer(void *buf, size_t count) = 0;
                  ^~~~~~~~
/home/ec2-user/arduino-testlib/cli-datadir/data/packages/arduino/hardware/mbed_nano/2.7.2/cores/arduino/api/HardwareSPI.h:114:18: note: 	virtual void arduino::HardwareSPI::usingInterrupt(int)
     virtual void usingInterrupt(int interruptNumber) = 0;
                  ^~~~~~~~~~~~~~
/home/ec2-user/arduino-testlib/cli-datadir/data/packages/arduino/hardware/mbed_nano/2.7.2/cores/arduino/api/HardwareSPI.h:115:18: note: 	virtual void arduino::HardwareSPI::notUsingInterrupt(int)
     virtual void notUsingInterrupt(int interruptNumber) = 0;
                  ^~~~~~~~~~~~~~~~~
/home/ec2-user/arduino-testlib/cli-datadir/data/packages/arduino/hardware/mbed_nano/2.7.2/cores/arduino/api/HardwareSPI.h:116:18: note: 	virtual void arduino::HardwareSPI::beginTransaction(arduino::SPISettings)
     virtual void beginTransaction(SPISettings settings) = 0;
                  ^~~~~~~~~~~~~~~~
/home/ec2-user/arduino-testlib/cli-datadir/data/packages/arduino/hardware/mbed_nano/2.7.2/cores/arduino/api/HardwareSPI.h:117:18: note: 	virtual void arduino::HardwareSPI::endTransaction()
     virtual void endTransaction(void) = 0;
                  ^~~~~~~~~~~~~~
/home/ec2-user/arduino-testlib/cli-datadir/data/packages/arduino/hardware/mbed_nano/2.7.2/cores/arduino/api/HardwareSPI.h:120:18: note: 	virtual void arduino::HardwareSPI::attachInterrupt()
     virtual void attachInterrupt() = 0;
                  ^~~~~~~~~~~~~~~
/home/ec2-user/arduino-testlib/cli-datadir/data/packages/arduino/hardware/mbed_nano/2.7.2/cores/arduino/api/HardwareSPI.h:121:18: note: 	virtual void arduino::HardwareSPI::detachInterrupt()
     virtual void detachInterrupt() = 0;
                  ^~~~~~~~~~~~~~~
/home/ec2-user/arduino-testlib/cli-datadir/data/packages/arduino/hardware/mbed_nano/2.7.2/cores/arduino/api/HardwareSPI.h:123:18: note: 	virtual void arduino::HardwareSPI::begin()
     virtual void begin() = 0;
                  ^~~~~
/home/ec2-user/arduino-testlib/cli-datadir/data/packages/arduino/hardware/mbed_nano/2.7.2/cores/arduino/api/HardwareSPI.h:124:18: note: 	virtual void arduino::HardwareSPI::end()
     virtual void end() = 0;
                  ^~~
/home/ec2-user/arduino-testlib/cli-datadir/user/libraries/STM32duino_FP_Examples/examples/MemsMotorControl_IKS01A2_IHM02A1/MemsMotorControl_IKS01A2_IHM02A1.ino:169:81: error: &#39;D4&#39; was not declared in this scope
   x_nucleo_ihm02a1 = new XNucleoIHM02A1(&amp;L6470_init[0], &amp;L6470_init[1], A4, A5, D4, A2, dev_spi);
                                                                                 ^~
/home/ec2-user/arduino-testlib/cli-datadir/user/libraries/STM32duino_FP_Examples/examples/MemsMotorControl_IKS01A2_IHM02A1/MemsMotorControl_IKS01A2_IHM02A1.ino:169:81: note: suggested alternative: &#39;A4&#39;
   x_nucleo_ihm02a1 = new XNucleoIHM02A1(&amp;L6470_init[0], &amp;L6470_init[1], A4, A5, D4, A2, dev_spi);
                                                                                 ^~
                                                                                 A4
/home/ec2-user/arduino-testlib/cli-datadir/user/libraries/STM32duino_FP_Examples/examples/MemsMotorControl_IKS01A2_IHM02A1/MemsMotorControl_IKS01A2_IHM02A1.ino: In function &#39;void loop()&#39;:
/home/ec2-user/arduino-testlib/cli-datadir/user/libraries/STM32duino_FP_Examples/examples/MemsMotorControl_IKS01A2_</pre>
					
					<h4>examples/NucleoCar</h4>
					<p>
						Result: <b>FAIL</b>
					</p>
					<pre class="pre-scrollable">In file included from /home/ec2-user/arduino-testlib/cli-datadir/user/libraries/STM32duino_SPBTLE-RF/src/hci_const.h:19:0,
                 from /home/ec2-user/arduino-testlib/cli-datadir/user/libraries/STM32duino_FP_Examples/examples/NucleoCar/NucleoCar.ino:83:
/home/ec2-user/arduino-testlib/cli-datadir/user/libraries/STM32duino_SPBTLE-RF/src/ble_clock.h:24:10: fatal error: wiring_time.h: No such file or directory
 #include &#34;wiring_time.h&#34;
          ^~~~~~~~~~~~~~~
compilation terminated.

</pre>
					
					<h4>examples/X_NUCLEO_IKS02A1_Audio_Button</h4>
					<p>
						Result: <b>FAIL</b>
					</p>
					<pre class="pre-scrollable">/home/ec2-user/arduino-testlib/cli-datadir/user/libraries/STM32duino_FP_Examples/examples/X_NUCLEO_IKS02A1_Audio_Button/X_NUCLEO_IKS02A1_Audio_Button.ino:5:2: error: #error &#34;This example is only for STM32 Nucleo-F401RE or Nucleo-L476RG!&#34;
 #error &#34;This example is only for STM32 Nucleo-F401RE or Nucleo-L476RG!&#34;
  ^~~~~
/home/ec2-user/arduino-testlib/cli-datadir/user/libraries/STM32duino_FP_Examples/examples/X_NUCLEO_IKS02A1_Audio_Button/X_NUCLEO_IKS02A1_Audio_Button.ino:10:10: fatal error: pdm2pcm.h: No such file or directory
 #include &#34;pdm2pcm.h&#34;
          ^~~~~~~~~~~
compilation terminated.

</pre>
					
				
				<h3 id="arduino:megaavr:nona4809">arduino:megaavr:nona4809 @ 1.8.7</h3>
				<h4>Inclusion</h4>
				<p>
					Result: <b>PASS</b>
					
				</p>
				<pre class="pre-scrollable">WARNING: library STM32duino_FP_Examples claims to run on stm32 architecture(s) and may be incompatible with your current board which runs on megaavr architecture(s).
Sketch uses 802 bytes (1%) of program storage space. Maximum is 49152 bytes.
Global variables use 22 bytes (0%) of dynamic memory, leaving 6122 bytes for local variables. Maximum is 6144 bytes.
</pre>

					
					<h4>examples/BleSensors_SensiBLE</h4>
					<p>
						Result: <b>FAIL</b>
					</p>
					<pre class="pre-scrollable">In file included from /home/ec2-user/arduino-testlib/cli-datadir/user/libraries/STM32duino_SPBTLE-RF/src/hci_const.h:19:0,
                 from /home/ec2-user/arduino-testlib/cli-datadir/user/libraries/STM32duino_SPBTLE-RF/src/sensor_service.h:49,
                 from /home/ec2-user/arduino-testlib/cli-datadir/user/libraries/STM32duino_FP_Examples/examples/BleSensors_SensiBLE/BleSensors_SensiBLE.ino:25:
/home/ec2-user/arduino-testlib/cli-datadir/user/libraries/STM32duino_SPBTLE-RF/src/ble_clock.h:24:10: fatal error: wiring_time.h: No such file or directory
 #include &#34;wiring_time.h&#34;
          ^~~~~~~~~~~~~~~
compilation terminated.

</pre>
					
					<h4>examples/Flight1</h4>
					<p>
						Result: <b>FAIL</b>
					</p>
					<pre class="pre-scrollable">In file included from /home/ec2-user/arduino-testlib/cli-datadir/user/libraries/STM32duino_SPBTLE-RF/src/hci_const.h:19:0,
                 from /home/ec2-user/arduino-testlib/cli-datadir/user/libraries/STM32duino_FP_Examples/examples/Flight1/Flight1.ino:43:
/home/ec2-user/arduino-testlib/cli-datadir/user/libraries/STM32duino_SPBTLE-RF/src/ble_clock.h:24:10: fatal error: wiring_time.h: No such file or directory
 #include &#34;wiring_time.h&#34;
          ^~~~~~~~~~~~~~~
compilation terminated.

</pre>
					
					<h4>examples/GestureDirSwipeLed_53L0A1_LED61A1</h4>
					<p>
						Result: <b>FAIL</b>
					</p>
					<pre class="pre-scrollable">WARNING: library STM32duino_X-NUCLEO-53L0A1 claims to run on stm32, sam architecture(s) and may be incompatible with your current board which runs on megaavr architecture(s).
WARNING: library STM32duino_VL53L0X claims to run on stm32, sam architecture(s) and may be incompatible with your current board which runs on megaavr architecture(s).
WARNING: library STM32duino_Proximity_Gesture claims to run on stm32, avr, sam architecture(s) and may be incompatible with your current board which runs on megaavr architecture(s).
WARNING: library STM32duino_X-NUCLEO-LED61A1 claims to run on stm32 architecture(s) and may be incompatible with your current board which runs on megaavr architecture(s).
In file included from /home/ec2-user/arduino-testlib/cli-datadir/user/libraries/STM32duino_FP_Examples/examples/GestureDirSwipeLed_53L0A1_LED61A1/GestureDirSwipeLed_53L0A1_LED61A1.ino:44:0:
/home/ec2-user/arduino-testlib/cli-datadir/data/packages/arduino/hardware/megaavr/1.8.7/libraries/Wire/src/Wire.h: In member function &#39;int STMPE1600DigiOut::STMPE1600DigiOut_I2CRead(uint8_t*, uint8_t, uint8_t, uint16_t)&#39;:
/home/ec2-user/arduino-testlib/cli-datadir/data/packages/arduino/hardware/megaavr/1.8.7/libraries/Wire/src/Wire.h:63:12: note: candidate 1: size_t TwoWire::requestFrom(int, int)
     size_t requestFrom(int, int);
            ^~~~~~~~~~~
/home/ec2-user/arduino-testlib/cli-datadir/data/packages/arduino/hardware/megaavr/1.8.7/libraries/Wire/src/Wire.h:61:12: note: candidate 2: virtual size_t TwoWire::requestFrom(uint8_t, size_t)
     size_t requestFrom(uint8_t, size_t);
            ^~~~~~~~~~~
/home/ec2-user/arduino-testlib/cli-datadir/user/libraries/STM32duino_FP_Examples/examples/GestureDirSwipeLed_53L0A1_LED61A1/GestureDirSwipeLed_53L0A1_LED61A1.ino: In function &#39;void setup()&#39;:
/home/ec2-user/arduino-testlib/cli-datadir/user/libraries/STM32duino_FP_Examples/examples/GestureDirSwipeLed_53L0A1_LED61A1/GestureDirSwipeLed_53L0A1_LED61A1.ino:254:21: error: &#39;D4&#39; was not declared in this scope
   led = new Led6001(D4, A3, D6, D5);
                     ^~
/home/ec2-user/arduino-testlib/cli-datadir/user/libraries/STM32duino_FP_Examples/examples/GestureDirSwipeLed_53L0A1_LED61A1/GestureDirSwipeLed_53L0A1_LED61A1.ino:254:21: note: suggested alternative: &#39;A4&#39;
   led = new Led6001(D4, A3, D6, D5);
                     ^~
                     A4
/home/ec2-user/arduino-testlib/cli-datadir/user/libraries/STM32duino_FP_Examples/examples/GestureDirSwipeLed_53L0A1_LED61A1/GestureDirSwipeLed_53L0A1_LED61A1.ino:254:29: error: &#39;D6&#39; was not declared in this scope
   led = new Led6001(D4, A3, D6, D5);
                             ^~
/home/ec2-user/arduino-testlib/cli-datadir/user/libraries/STM32duino_FP_Examples/examples/GestureDirSwipeLed_53L0A1_LED61A1/GestureDirSwipeLed_53L0A1_LED61A1.ino:254:29: note: suggested alternative: &#39;A6&#39;
   led = new Led6001(D4, A3, D6, D5);
                             ^~
                             A6
/home/ec2-user/arduino-testlib/cli-datadir/user/libraries/STM32duino_FP_Examples/examples/GestureDirSwipeLed_53L0A1_LED61A1/GestureDirSwipeLed_53L0A1_LED61A1.ino:254:33: error: &#39;D5&#39; was not declared in this scope
   led = new Led6001(D4, A3, D6, D5);
                                 ^~
/home/ec2-user/arduino-testlib/cli-datadir/user/libraries/STM32duino_FP_Examples/examples/GestureDirSwipeLed_53L0A1_LED61A1/GestureDirSwipeLed_53L0A1_LED61A1.ino:254:33: note: suggested alternative: &#39;A5&#39;
   led = new Led6001(D4, A3, D6, D5);
                                 ^~
                                 A5

</pre>
					
					<h4>examples/IKS01A3_S2LP_P2P_Demo</h4>
					<p>
						Result: <b>FAIL</b>
					</p>
					<pre class="pre-scrollable">In file included from /home/ec2-user/arduino-testlib/cli-datadir/user/libraries/STM32duino_FP_Examples/examples/IKS01A3_S2LP_P2P_Demo/IKS01A3_S2LP_P2P_Demo.ino:42:0:
/home/ec2-user/arduino-testlib/cli-datadir/user/libraries/STM32duino_S2-LP/src/S2LP.h:63:10: fatal error: functional: No such file or directory
 #include &lt;functional&gt;
          ^~~~~~~~~~~~
compilation terminated.

</pre>
					
					<h4>examples/MemsMotorControl_IKS01A2_IHM02A1</h4>
					<p>
						Result: <b>FAIL</b>
					</p>
					<pre class="pre-scrollable">WARNING: library STM32duino_LSM6DSL claims to run on stm32, avr, sam architecture(s) and may be incompatible with your current board which runs on megaavr architecture(s).
WARNING: library STM32duino_X-NUCLEO-IHM02A1 claims to run on stm32 architecture(s) and may be incompatible with your current board which runs on megaavr architecture(s).
In file included from /home/ec2-user/arduino-testlib/cli-datadir/user/libraries/STM32duino_FP_Examples/examples/MemsMotorControl_IKS01A2_IHM02A1/MemsMotorControl_IKS01A2_IHM02A1.ino:47:0:
/home/ec2-user/arduino-testlib/cli-datadir/data/packages/arduino/hardware/megaavr/1.8.7/libraries/Wire/src/Wire.h: In member function &#39;uint8_t LSM6DSLSensor::IO_Read(uint8_t*, uint8_t, uint16_t)&#39;:
/home/ec2-user/arduino-testlib/cli-datadir/data/packages/arduino/hardware/megaavr/1.8.7/libraries/Wire/src/Wire.h:63:12: note: candidate 1: size_t TwoWire::requestFrom(int, int)
     size_t requestFrom(int, int);
            ^~~~~~~~~~~
/home/ec2-user/arduino-testlib/cli-datadir/data/packages/arduino/hardware/megaavr/1.8.7/libraries/Wire/src/Wire.h:61:12: note: candidate 2: virtual size_t TwoWire::requestFrom(uint8_t, size_t)
     size_t requestFrom(uint8_t, size_t);
            ^~~~~~~~~~~
In file included from /home/ec2-user/arduino-testlib/cli-datadir/user/libraries/STM32duino_X-NUCLEO-IHM02A1/src/XNucleoIHM02A1.h:66:0,
                 from /home/ec2-user/arduino-testlib/cli-datadir/user/libraries/STM32duino_FP_Examples/examples/MemsMotorControl_IKS01A2_IHM02A1/MemsMotorControl_IKS01A2_IHM02A1.ino:51:
/home/ec2-user/arduino-testlib/cli-datadir/user/libraries/STM32duino_X-NUCLEO-IHM02A1/src/L6470.h: In member function &#39;status_t L6470::ReadWrite(uint8_t*, uint8_t*, uint16_t)&#39;:
/home/ec2-user/arduino-testlib/cli-datadir/user/libraries/STM32duino_X-NUCLEO-IHM02A1/src/L6470.h:1418:66: error: no matching function for call to &#39;SPIClassMegaAVR::transfer(uint8_t*&amp;, uint8_t*&amp;, uint16_t&amp;)&#39;
         dev_spi-&gt;transfer(pBufferToWrite, pBufferToRead, NumBytes);
                                                                  ^
In file included from /home/ec2-user/arduino-testlib/cli-datadir/user/libraries/STM32duino_FP_Examples/examples/MemsMotorControl_IKS01A2_IHM02A1/MemsMotorControl_IKS01A2_IHM02A1.ino:46:0:
/home/ec2-user/arduino-testlib/cli-datadir/data/packages/arduino/hardware/megaavr/1.8.7/libraries/SPI/src/SPI.h:155:8: note: candidate: virtual byte SPIClassMegaAVR::transfer(uint8_t)
   byte transfer(uint8_t data);
        ^~~~~~~~
/home/ec2-user/arduino-testlib/cli-datadir/data/packages/arduino/hardware/megaavr/1.8.7/libraries/SPI/src/SPI.h:155:8: note:   candidate expects 1 argument, 3 provided
/home/ec2-user/arduino-testlib/cli-datadir/data/packages/arduino/hardware/megaavr/1.8.7/libraries/SPI/src/SPI.h:157:8: note: candidate: virtual void SPIClassMegaAVR::transfer(void*, size_t)
   void transfer(void *buf, size_t count);
        ^~~~~~~~
/home/ec2-user/arduino-testlib/cli-datadir/data/packages/arduino/hardware/megaavr/1.8.7/libraries/SPI/src/SPI.h:157:8: note:   candidate expects 2 arguments, 3 provided
/home/ec2-user/arduino-testlib/cli-datadir/user/libraries/STM32duino_FP_Examples/examples/MemsMotorControl_IKS01A2_IHM02A1/MemsMotorControl_IKS01A2_IHM02A1.ino: In function &#39;void setup()&#39;:
/home/ec2-user/arduino-testlib/cli-datadir/user/libraries/STM32duino_FP_Examples/examples/MemsMotorControl_IKS01A2_IHM02A1/MemsMotorControl_IKS01A2_IHM02A1.ino:155:11: error: &#39;D13&#39; was not declared in this scope
   pinMode(D13, OUTPUT);
           ^~~
/home/ec2-user/arduino-testlib/cli-datadir/user/libraries/STM32duino_FP_Examples/examples/MemsMotorControl_IKS01A2_IHM02A1/MemsMotorControl_IKS01A2_IHM02A1.ino:155:11: note: suggested alternative: &#39;DD3&#39;
   pinMode(D13, OUTPUT);
           ^~~
           DD3
/home/ec2-user/arduino-testlib/cli-datadir/user/libraries/STM32duino_FP_Examples/examples/MemsMotorControl_IKS01A2_IHM02A1/MemsMotorControl_IKS01A2_IHM02A1.ino:166:26: error: &#39;D11&#39; was not declared in this scope
   dev_spi = new SPIClass(D11, D12, D3);
                          ^~~
/home/ec2-user/arduino-testlib/cli-datadir/user/libraries/STM32duino_FP_Examples/examples/MemsMotorControl_IKS01A2_IHM02A1/MemsMotorControl_IKS01A2_IHM02A1.ino:166:26: note: suggested alternative: &#39;B11&#39;
   dev_spi = new SPIClass(D11, D12, D3);
                          ^~~
                          B11
/home/ec2-user/arduino-testlib/cli-datadir/user/libraries/STM32duino_FP_Examples/examples/MemsMotorControl_IKS01A2_IHM02A1/MemsMotorControl_IKS01A2_IHM02A1.ino:166:31: error: &#39;D12&#39; was not declared in this scope
   dev_spi = new SPIClass(D11, D12, D3);
                               ^~~
/home/ec2-user/arduino-testlib/cli-datadir/user/libraries/STM32duino_FP_Examples/examples/MemsMotorControl_IKS01A2_IHM02A1/MemsMotorControl_IKS01A2_IHM02A1.ino:166:31: note: suggested alternative: &#39;DD2&#39;
   dev_spi = new SPIClass(D11, D12, D3);
                               ^~~
                               DD2
/home/ec2-user/arduino-testlib/cli-datadir/user/libraries/STM32duino_FP_Examples/examples/MemsMotorControl_IKS01A2_IHM02A1/MemsMotorControl_IKS01A2_IHM02A1.ino:166:36: error: &#39;D3&#39; was not declared in this scope
   dev_spi = new SPIClass(D11, D12, D3);
                                    ^~
/home/ec2-user/arduino-testlib/cli-datadir/user/libraries/STM32duino_FP_Examples/examples/MemsMotorControl_IKS01A2_IHM02A1/MemsMotorControl_IKS01A2_IHM02A1.ino:166:36: note: suggested alternative: &#39;A3&#39;
   dev_spi = new SPIClass(D11, D12, D3);
                                    ^~
                                    A3
/home/ec2-user/arduino-testlib/cli-datadir/user/libraries/STM32duino_FP_Examples/examples/MemsMotorControl_IKS01A2_IHM02A1/MemsMotorControl_IKS01A2_IHM02A1.ino:169:81: error: &#39;D4&#39; was not declared in this scope
   x_nucleo_ihm02a1 = new XNucleoIHM02A1(&amp;L6470_init[0], &amp;L6470_init[1], A4, A5, D4, A2, dev_spi);
                                                                                 ^~
/home/ec2-user/arduino-testlib/cli-datadir/user/libraries/STM32duino_FP_Examples/examples/MemsMotorControl_IKS01A2_IHM02A1/MemsMotorControl_IKS01A2_IHM02A1.ino:169:81: note: suggested alternative: &#39;A4&#39;
   x_nucleo_ihm02a1 = new XNucleoIHM02A1(&amp;L6470_init[0], &amp;L6470_init[1], A4, A5, D4, A2, dev_spi);
                                                                                 ^~
                                                                                 A4
/home/ec2-user/arduino-testlib/cli-datadir/user/libraries/STM32duino_FP_Examples/examples/MemsMotorControl_IKS01A2_IHM02A1/MemsMotorControl_IKS01A2_IHM02A1.ino: In function &#39;void loop()&#39;:
/home/ec2-user/arduino-testlib/cli-datadir/user/libraries/STM32duino_FP_Examples/examples/MemsMotorControl_IKS01A2_IHM02A1/MemsMotorControl_IKS01A2_IHM02A1.ino:186:16: error: &#39;D13&#39; was not declared in this scope
   digitalWrite(D13, HIGH);
                ^~~
/home/ec2-user/arduino-testlib/cli-datadir/user/libraries/STM32duino_FP_Examples/examples/MemsMotorControl_IKS01A2_IHM02A1/MemsMotorControl_IKS01A2_IHM02A1.ino:186:16: note: suggested alternative: &#39;DD3&#39;
   digitalWrite(D13, HIGH);
                ^~~
                DD3

</pre>
					
					<h4>examples/NucleoCar</h4>
					<p>
						Result: <b>FAIL</b>
					</p>
					<pre class="pre-scrollable">In file included from /home/ec2-user/arduino-testlib/cli-datadir/user/libraries/STM32duino_SPBTLE-RF/src/hci_const.h:19:0,
                 from /home/ec2-user/arduino-testlib/cli-datadir/user/libraries/STM32duino_FP_Examples/examples/NucleoCar/NucleoCar.ino:83:
/home/ec2-user/arduino-testlib/cli-datadir/user/libraries/STM32duino_SPBTLE-RF/src/ble_clock.h:24:10: fatal error: wiring_time.h: No such file or directory
 #include &#34;wiring_time.h&#34;
          ^~~~~~~~~~~~~~~
compilation terminated.

</pre>
					
					<h4>examples/X_NUCLEO_IKS02A1_Audio_Button</h4>
					<p>
						Result: <b>FAIL</b>
					</p>
					<pre class="pre-scrollable">/home/ec2-user/arduino-testlib/cli-datadir/user/libraries/STM32duino_FP_Examples/examples/X_NUCLEO_IKS02A1_Audio_Button/X_NUCLEO_IKS02A1_Audio_Button.ino:5:2: error: #error &#34;This example is only for STM32 Nucleo-F401RE or Nucleo-L476RG!&#34;
 #error &#34;This example is only for STM32 Nucleo-F401RE or Nucleo-L476RG!&#34;
  ^~~~~
/home/ec2-user/arduino-testlib/cli-datadir/user/libraries/STM32duino_FP_Examples/examples/X_NUCLEO_IKS02A1_Audio_Button/X_NUCLEO_IKS02A1_Audio_Button.ino:9:10: fatal error: PDM.h: No such file or directory
 #include &#34;PDM.h&#34;
          ^~~~~~~
compilation terminated.

</pre>
					
				
				<h3 id="arduino:samd:mkrwifi1010">arduino:samd:mkrwifi1010 @ 1.8.12</h3>
				<h4>Inclusion</h4>
				<p>
					Result: <b>PASS</b>
					
				</p>
				<pre class="pre-scrollable">WARNING: library STM32duino_FP_Examples claims to run on stm32 architecture(s) and may be incompatible with your current board which runs on samd architecture(s).
Sketch uses 12156 bytes (4%) of program storage space. Maximum is 262144 bytes.
Global variables use 2996 bytes (9%) of dynamic memory, leaving 29772 bytes for local variables. Maximum is 32768 bytes.
</pre>

					
					<h4>examples/BleSensors_SensiBLE</h4>
					<p>
						Result: <b>FAIL</b>
					</p>
					<pre class="pre-scrollable">In file included from /home/ec2-user/arduino-testlib/cli-datadir/user/libraries/STM32duino_SPBTLE-RF/src/hci_const.h:19:0,
                 from /home/ec2-user/arduino-testlib/cli-datadir/user/libraries/STM32duino_SPBTLE-RF/src/sensor_service.h:49,
                 from /home/ec2-user/arduino-testlib/cli-datadir/user/libraries/STM32duino_FP_Examples/examples/BleSensors_SensiBLE/BleSensors_SensiBLE.ino:25:
/home/ec2-user/arduino-testlib/cli-datadir/user/libraries/STM32duino_SPBTLE-RF/src/ble_clock.h:24:10: fatal error: wiring_time.h: No such file or directory
 #include &#34;wiring_time.h&#34;
          ^~~~~~~~~~~~~~~
compilation terminated.

</pre>
					
					<h4>examples/Flight1</h4>
					<p>
						Result: <b>FAIL</b>
					</p>
					<pre class="pre-scrollable">In file included from /home/ec2-user/arduino-testlib/cli-datadir/user/libraries/STM32duino_SPBTLE-RF/src/hci_const.h:19:0,
                 from /home/ec2-user/arduino-testlib/cli-datadir/user/libraries/STM32duino_FP_Examples/examples/Flight1/Flight1.ino:43:
/home/ec2-user/arduino-testlib/cli-datadir/user/libraries/STM32duino_SPBTLE-RF/src/ble_clock.h:24:10: fatal error: wiring_time.h: No such file or directory
 #include &#34;wiring_time.h&#34;
          ^~~~~~~~~~~~~~~
compilation terminated.

</pre>
					
					<h4>examples/GestureDirSwipeLed_53L0A1_LED61A1</h4>
					<p>
						Result: <b>FAIL</b>
					</p>
					<pre class="pre-scrollable">WARNING: library STM32duino_X-NUCLEO-53L0A1 claims to run on stm32, sam architecture(s) and may be incompatible with your current board which runs on samd architecture(s).
WARNING: library STM32duino_VL53L0X claims to run on stm32, sam architecture(s) and may be incompatible with your current board which runs on samd architecture(s).
WARNING: library STM32duino_Proximity_Gesture claims to run on stm32, avr, sam architecture(s) and may be incompatible with your current board which runs on samd architecture(s).
WARNING: library STM32duino_X-NUCLEO-LED61A1 claims to run on stm32 architecture(s) and may be incompatible with your current board which runs on samd architecture(s).
/home/ec2-user/arduino-testlib/cli-datadir/user/libraries/STM32duino_FP_Examples/examples/GestureDirSwipeLed_53L0A1_LED61A1/GestureDirSwipeLed_53L0A1_LED61A1.ino: In function &#39;void setup()&#39;:
/home/ec2-user/arduino-testlib/cli-datadir/user/libraries/STM32duino_FP_Examples/examples/GestureDirSwipeLed_53L0A1_LED61A1/GestureDirSwipeLed_53L0A1_LED61A1.ino:254:21: error: &#39;D4&#39; was not declared in this scope
   led = new Led6001(D4, A3, D6, D5);
                     ^~
/home/ec2-user/arduino-testlib/cli-datadir/user/libraries/STM32duino_FP_Examples/examples/GestureDirSwipeLed_53L0A1_LED61A1/GestureDirSwipeLed_53L0A1_LED61A1.ino:254:21: note: suggested alternative: &#39;A4&#39;
   led = new Led6001(D4, A3, D6, D5);
                     ^~
                     A4
/home/ec2-user/arduino-testlib/cli-datadir/user/libraries/STM32duino_FP_Examples/examples/GestureDirSwipeLed_53L0A1_LED61A1/GestureDirSwipeLed_53L0A1_LED61A1.ino:254:29: error: &#39;D6&#39; was not declared in this scope
   led = new Led6001(D4, A3, D6, D5);
                             ^~
/home/ec2-user/arduino-testlib/cli-datadir/user/libraries/STM32duino_FP_Examples/examples/GestureDirSwipeLed_53L0A1_LED61A1/GestureDirSwipeLed_53L0A1_LED61A1.ino:254:29: note: suggested alternative: &#39;A6&#39;
   led = new Led6001(D4, A3, D6, D5);
                             ^~
                             A6
/home/ec2-user/arduino-testlib/cli-datadir/user/libraries/STM32duino_FP_Examples/examples/GestureDirSwipeLed_53L0A1_LED61A1/GestureDirSwipeLed_53L0A1_LED61A1.ino:254:33: error: &#39;D5&#39; was not declared in this scope
   led = new Led6001(D4, A3, D6, D5);
                                 ^~
/home/ec2-user/arduino-testlib/cli-datadir/user/libraries/STM32duino_FP_Examples/examples/GestureDirSwipeLed_53L0A1_LED61A1/GestureDirSwipeLed_53L0A1_LED61A1.ino:254:33: note: suggested alternative: &#39;A5&#39;
   led = new Led6001(D4, A3, D6, D5);
                                 ^~
                                 A5

</pre>
					
					<h4>examples/IKS01A3_S2LP_P2P_Demo</h4>
					<p>
						Result: <b>FAIL</b>
					</p>
					<pre class="pre-scrollable">WARNING: library STM32duino_M95640-R claims to run on stm32, sam architecture(s) and may be incompatible with your current board which runs on samd architecture(s).
WARNING: library STM32duino_S2-LP claims to run on stm32, sam architecture(s) and may be incompatible with your current board which runs on samd architecture(s).
WARNING: library STM32duino_LSM6DSO claims to run on stm32, avr, sam architecture(s) and may be incompatible with your current board which runs on samd architecture(s).
WARNING: library STM32duino_LIS2DW12 claims to run on stm32, avr, sam architecture(s) and may be incompatible with your current board which runs on samd architecture(s).
WARNING: library STM32duino_LIS2MDL claims to run on stm32, avr, sam architecture(s) and may be incompatible with your current board which runs on samd architecture(s).
WARNING: library STM32duino_LPS22HH claims to run on stm32, avr, sam architecture(s) and may be incompatible with your current board which runs on samd architecture(s).
WARNING: library STM32duino_STTS751 claims to run on stm32, avr, sam architecture(s) and may be incompatible with your current board which runs on samd architecture(s).
WARNING: library STM32duino_HTS221 claims to run on stm32, avr, sam architecture(s) and may be incompatible with your current board which runs on samd architecture(s).
In file included from /home/ec2-user/arduino-testlib/cli-datadir/user/libraries/STM32duino_FP_Examples/examples/IKS01A3_S2LP_P2P_Demo/IKS01A3_S2LP_P2P_Demo.ino:42:0:
/home/ec2-user/arduino-testlib/cli-datadir/user/libraries/STM32duino_S2-LP/src/S2LP.h:373:14: error: &#39;FlagStatus&#39; does not name a type; did you mean &#39;SFlagStatus&#39;?
     volatile FlagStatus xTxDoneFlag;
              ^~~~~~~~~~
              SFlagStatus
/home/ec2-user/arduino-testlib/cli-datadir/user/libraries/STM32duino_FP_Examples/examples/IKS01A3_S2LP_P2P_Demo/IKS01A3_S2LP_P2P_Demo.ino:67:23: error: &#39;PC13&#39; was not declared in this scope
 const int buttonPin = PC13; // set buttonPin to digital pin PC13 */
                       ^~~~
/home/ec2-user/arduino-testlib/cli-datadir/user/libraries/STM32duino_FP_Examples/examples/IKS01A3_S2LP_P2P_Demo/IKS01A3_S2LP_P2P_Demo.ino:67:23: note: suggested alternative: &#39;._13&#39;
 const int buttonPin = PC13; // set buttonPin to digital pin PC13 */
                       ^~~~
                       ._13
/home/ec2-user/arduino-testlib/cli-datadir/user/libraries/STM32duino_FP_Examples/examples/IKS01A3_S2LP_P2P_Demo/IKS01A3_S2LP_P2P_Demo.ino: In function &#39;void setup()&#39;:
/home/ec2-user/arduino-testlib/cli-datadir/user/libraries/STM32duino_FP_Examples/examples/IKS01A3_S2LP_P2P_Demo/IKS01A3_S2LP_P2P_Demo.ino:106:11: error: &#39;D7&#39; was not declared in this scope
   pinMode(D7, OUTPUT);
           ^~
/home/ec2-user/arduino-testlib/cli-datadir/user/libraries/STM32duino_FP_Examples/examples/IKS01A3_S2LP_P2P_Demo/IKS01A3_S2LP_P2P_Demo.ino:113:25: error: &#39;D11&#39; was not declared in this scope
   devSPI = new SPIClass(D11, D12, D3);
                         ^~~
/home/ec2-user/arduino-testlib/cli-datadir/user/libraries/STM32duino_FP_Examples/examples/IKS01A3_S2LP_P2P_Demo/IKS01A3_S2LP_P2P_Demo.ino:113:25: note: suggested alternative: &#39;B11&#39;
   devSPI = new SPIClass(D11, D12, D3);
                         ^~~
                         B11
/home/ec2-user/arduino-testlib/cli-datadir/user/libraries/STM32duino_FP_Examples/examples/IKS01A3_S2LP_P2P_Demo/IKS01A3_S2LP_P2P_Demo.ino:113:30: error: &#39;D12&#39; was not declared in this scope
   devSPI = new SPIClass(D11, D12, D3);
                              ^~~
/home/ec2-user/arduino-testlib/cli-datadir/user/libraries/STM32duino_FP_Examples/examples/IKS01A3_S2LP_P2P_Demo/IKS01A3_S2LP_P2P_Demo.ino:113:35: error: &#39;D3&#39; was not declared in this scope
   devSPI = new SPIClass(D11, D12, D3);
                                   ^~
/home/ec2-user/arduino-testlib/cli-datadir/user/libraries/STM32duino_FP_Examples/examples/IKS01A3_S2LP_P2P_Demo/IKS01A3_S2LP_P2P_Demo.ino:113:35: note: suggested alternative: &#39;A3&#39;
   devSPI = new SPIClass(D11, D12, D3);
                                   ^~
                                   A3
/home/ec2-user/arduino-testlib/cli-datadir/user/libraries/STM32duino_FP_Examples/examples/IKS01A3_S2LP_P2P_Demo/IKS01A3_S2LP_P2P_Demo.ino:113:37: error: invalid new-expression of abstract class type &#39;arduino::HardwareSPI&#39;
   devSPI = new SPIClass(D11, D12, D3);
                                     ^
In file included from /home/ec2-user/arduino-testlib/cli-datadir/data/packages/arduino/hardware/samd/1.8.12/libraries/SPI/SPI.h:24:0,
                 from /home/ec2-user/arduino-testlib/cli-datadir/user/libraries/STM32duino_FP_Examples/examples/IKS01A3_S2LP_P2P_Demo/IKS01A3_S2LP_P2P_Demo.ino:40:
/home/ec2-user/arduino-testlib/cli-datadir/data/packages/arduino/hardware/samd/1.8.12/cores/arduino/api/HardwareSPI.h:104:7: note:   because the following virtual functions are pure within &#39;arduino::HardwareSPI&#39;:
 class HardwareSPI
       ^~~~~~~~~~~
/home/ec2-user/arduino-testlib/cli-datadir/data/packages/arduino/hardware/samd/1.8.12/cores/arduino/api/HardwareSPI.h:109:21: note: 	virtual uint8_t arduino::HardwareSPI::transfer(uint8_t)
     virtual uint8_t transfer(uint8_t data) = 0;
                     ^~~~~~~~
/home/ec2-user/arduino-testlib/cli-datadir/data/packages/arduino/hardware/samd/1.8.12/cores/arduino/api/HardwareSPI.h:110:22: note: 	virtual uint16_t arduino::HardwareSPI::transfer16(uint16_t)
     virtual uint16_t transfer16(uint16_t data) = 0;
                      ^~~~~~~~~~
/home/ec2-user/arduino-testlib/cli-datadir/data/packages/arduino/hardware/samd/1.8.12/cores/arduino/api/HardwareSPI.h:111:18: note: 	virtual void arduino::HardwareSPI::transfer(void*, size_t)
     virtual void transfer(void *buf, size_t count) = 0;
                  ^~~~~~~~
/home/ec2-user/arduino-testlib/cli-datadir/data/packages/arduino/hardware/samd/1.8.12/cores/arduino/api/HardwareSPI.h:114:18: note: 	virtual void arduino::HardwareSPI::usingInterrupt(int)
     virtual void usingInterrupt(int interruptNumber) = 0;
                  ^~~~~~~~~~~~~~
/home/ec2-user/arduino-testlib/cli-datadir/data/packages/arduino/hardware/samd/1.8.12/cores/arduino/api/HardwareSPI.h:115:18: note: 	virtual void arduino::HardwareSPI::notUsingInterrupt(int)
     virtual void notUsingInterrupt(int interruptNumber) = 0;
                  ^~~~~~~~~~~~~~~~~
/home/ec2-user/arduino-testlib/cli-datadir/data/packages/arduino/hardware/samd/1.8.12/cores/arduino/api/HardwareSPI.h:116:18: note: 	virtual void arduino::HardwareSPI::beginTransaction(arduino::SPISettings)
     virtual void beginTransaction(SPISettings settings) = 0;
                  ^~~~~~~~~~~~~~~~
/home/ec2-user/arduino-testlib/cli-datadir/data/packages/arduino/hardware/samd/1.8.12/cores/arduino/api/HardwareSPI.h:117:18: note: 	virtual void arduino::HardwareSPI::endTransaction()
     virtual void endTransaction(void) = 0;
                  ^~~~~~~~~~~~~~
/home/ec2-user/arduino-testlib/cli-datadir/data/packages/arduino/hardware/samd/1.8.12/cores/arduino/api/HardwareSPI.h:120:18: note: 	virtual void arduino::HardwareSPI::attachInterrupt()
     virtual void attachInterrupt() = 0;
                  ^~~~~~~~~~~~~~~
/home/ec2-user/arduino-testlib/cli-datadir/data/packages/arduino/hardware/samd/1.8.12/cores/arduino/api/HardwareSPI.h:121:18: note: 	virtual void arduino::HardwareSPI::detachInterrupt()
     virtual void detachInterrupt() = 0;
                  ^~~~~~~~~~~~~~~
/home/ec2-user/arduino-testlib/cli-datadir/data/packages/arduino/hardware/samd/1.8.12/cores/arduino/api/HardwareSPI.h:123:18: note: 	virtual void arduino::HardwareSPI::begin()
     virtual void begin() = 0;
                  ^~~~~
/home/ec2-user/arduino-testlib/cli-datadir/data/packages/arduino/hardware/samd/1.8.12/cores/arduino/api/HardwareSPI.h:124:18: note: 	virtual void arduino::HardwareSPI::end()
     virtual void end() = 0;
                  ^~~
/home/ec2-user/arduino-testlib/cli-datadir/user/libraries/STM32duino_FP_Examples/examples/IKS01A3_S2LP_P2P_Demo/IKS01A3_S2LP_P2P_Demo.ino:137:35: error: &#39;D5&#39; was not declared in this scope
   myM95640R = new M95640R(devSPI, D5);
                                   ^~
/home/ec2-user/arduino-testlib/cli-datadir/user/libraries/STM32duino_FP_Examples/examples/IKS01A3_S2LP_P2P_Demo/IKS01A3_S2LP_P2P_Demo.ino:137:35: note: suggested alternative: &#39;A5&#39;
   myM95640R = new M95640R(devSPI, D5);
                                   ^~
                                   A5
/home/ec2-user/arduino-testlib/cli-datadir/user/libraries/STM32duino_FP_Examples/examples/IKS01A3_S2LP_P2P_Demo/IKS01A3_S2LP_P2P_Demo.ino: In function &#39;void loop()&#39;:
/home/ec2-user/arduino-testlib/cli-datadir/user/libraries/STM32duino_FP_Examples/examples/IKS01A3_S2LP_P2P_Demo/IKS01A3_S2LP_P2P_Demo.ino:162:5: error: &#39;HAL_Delay&#39; was not declared in this scope
     HAL_Delay(50);
     ^~~~~~~~~

</pre>
					
					<h4>examples/MemsMotorControl_IKS01A2_IHM02A1</h4>
					<p>
						Result: <b>FAIL</b>
					</p>
					<pre class="pre-scrollable">WARNING: library STM32duino_LSM6DSL claims to run on stm32, avr, sam architecture(s) and may be incompatible with your current board which runs on samd architecture(s).
WARNING: library STM32duino_X-NUCLEO-IHM02A1 claims to run on stm32 architecture(s) and may be incompatible with your current board which runs on samd architecture(s).
In file included from /home/ec2-user/arduino-testlib/cli-datadir/user/libraries/STM32duino_X-NUCLEO-IHM02A1/src/XNucleoIHM02A1.h:66:0,
                 from /home/ec2-user/arduino-testlib/cli-datadir/user/libraries/STM32duino_FP_Examples/examples/MemsMotorControl_IKS01A2_IHM02A1/MemsMotorControl_IKS01A2_IHM02A1.ino:51:
/home/ec2-user/arduino-testlib/cli-datadir/user/libraries/STM32duino_X-NUCLEO-IHM02A1/src/L6470.h: In member function &#39;status_t L6470::ReadWrite(uint8_t*, uint8_t*, uint16_t)&#39;:
/home/ec2-user/arduino-testlib/cli-datadir/user/libraries/STM32duino_X-NUCLEO-IHM02A1/src/L6470.h:1418:66: error: no matching function for call to &#39;arduino::HardwareSPI::transfer(uint8_t*&amp;, uint8_t*&amp;, uint16_t&amp;)&#39;
         dev_spi-&gt;transfer(pBufferToWrite, pBufferToRead, NumBytes);
                                                                  ^
In file included from /home/ec2-user/arduino-testlib/cli-datadir/data/packages/arduino/hardware/samd/1.8.12/libraries/SPI/SPI.h:24:0,
                 from /home/ec2-user/arduino-testlib/cli-datadir/user/libraries/STM32duino_FP_Examples/examples/MemsMotorControl_IKS01A2_IHM02A1/MemsMotorControl_IKS01A2_IHM02A1.ino:46:
/home/ec2-user/arduino-testlib/cli-datadir/data/packages/arduino/hardware/samd/1.8.12/cores/arduino/api/HardwareSPI.h:109:21: note: candidate: virtual uint8_t arduino::HardwareSPI::transfer(uint8_t)
     virtual uint8_t transfer(uint8_t data) = 0;
                     ^~~~~~~~
/home/ec2-user/arduino-testlib/cli-datadir/data/packages/arduino/hardware/samd/1.8.12/cores/arduino/api/HardwareSPI.h:109:21: note:   candidate expects 1 argument, 3 provided
/home/ec2-user/arduino-testlib/cli-datadir/data/packages/arduino/hardware/samd/1.8.12/cores/arduino/api/HardwareSPI.h:111:18: note: candidate: virtual void arduino::HardwareSPI::transfer(void*, size_t)
     virtual void transfer(void *buf, size_t count) = 0;
                  ^~~~~~~~
/home/ec2-user/arduino-testlib/cli-datadir/data/packages/arduino/hardware/samd/1.8.12/cores/arduino/api/HardwareSPI.h:111:18: note:   candidate expects 2 arguments, 3 provided
/home/ec2-user/arduino-testlib/cli-datadir/user/libraries/STM32duino_FP_Examples/examples/MemsMotorControl_IKS01A2_IHM02A1/MemsMotorControl_IKS01A2_IHM02A1.ino: In function &#39;void setup()&#39;:
/home/ec2-user/arduino-testlib/cli-datadir/user/libraries/STM32duino_FP_Examples/examples/MemsMotorControl_IKS01A2_IHM02A1/MemsMotorControl_IKS01A2_IHM02A1.ino:155:11: error: &#39;D13&#39; was not declared in this scope
   pinMode(D13, OUTPUT);
           ^~~
/home/ec2-user/arduino-testlib/cli-datadir/user/libraries/STM32duino_FP_Examples/examples/MemsMotorControl_IKS01A2_IHM02A1/MemsMotorControl_IKS01A2_IHM02A1.ino:166:26: error: &#39;D11&#39; was not declared in this scope
   dev_spi = new SPIClass(D11, D12, D3);
                          ^~~
/home/ec2-user/arduino-testlib/cli-datadir/user/libraries/STM32duino_FP_Examples/examples/MemsMotorControl_IKS01A2_IHM02A1/MemsMotorControl_IKS01A2_IHM02A1.ino:166:26: note: suggested alternative: &#39;B11&#39;
   dev_spi = new SPIClass(D11, D12, D3);
                          ^~~
                          B11
/home/ec2-user/arduino-testlib/cli-datadir/user/libraries/STM32duino_FP_Examples/examples/MemsMotorControl_IKS01A2_IHM02A1/MemsMotorControl_IKS01A2_IHM02A1.ino:166:31: error: &#39;D12&#39; was not declared in this scope
   dev_spi = new SPIClass(D11, D12, D3);
                               ^~~
/home/ec2-user/arduino-testlib/cli-datadir/user/libraries/STM32duino_FP_Examples/examples/MemsMotorControl_IKS01A2_IHM02A1/MemsMotorControl_IKS01A2_IHM02A1.ino:166:36: error: &#39;D3&#39; was not declared in this scope
   dev_spi = new SPIClass(D11, D12, D3);
                                    ^~
/home/ec2-user/arduino-testlib/cli-datadir/user/libraries/STM32duino_FP_Examples/examples/MemsMotorControl_IKS01A2_IHM02A1/MemsMotorControl_IKS01A2_IHM02A1.ino:166:36: note: suggested alternative: &#39;A3&#39;
   dev_spi = new SPIClass(D11, D12, D3);
                                    ^~
                                    A3
/home/ec2-user/arduino-testlib/cli-datadir/user/libraries/STM32duino_FP_Examples/examples/MemsMotorControl_IKS01A2_IHM02A1/MemsMotorControl_IKS01A2_IHM02A1.ino:166:38: error: invalid new-expression of abstract class type &#39;arduino::HardwareSPI&#39;
   dev_spi = new SPIClass(D11, D12, D3);
                                      ^
In file included from /home/ec2-user/arduino-testlib/cli-datadir/data/packages/arduino/hardware/samd/1.8.12/libraries/SPI/SPI.h:24:0,
                 from /home/ec2-user/arduino-testlib/cli-datadir/user/libraries/STM32duino_FP_Examples/examples/MemsMotorControl_IKS01A2_IHM02A1/MemsMotorControl_IKS01A2_IHM02A1.ino:46:
/home/ec2-user/arduino-testlib/cli-datadir/data/packages/arduino/hardware/samd/1.8.12/cores/arduino/api/HardwareSPI.h:104:7: note:   because the following virtual functions are pure within &#39;arduino::HardwareSPI&#39;:
 class HardwareSPI
       ^~~~~~~~~~~
/home/ec2-user/arduino-testlib/cli-datadir/data/packages/arduino/hardware/samd/1.8.12/cores/arduino/api/HardwareSPI.h:109:21: note: 	virtual uint8_t arduino::HardwareSPI::transfer(uint8_t)
     virtual uint8_t transfer(uint8_t data) = 0;
                     ^~~~~~~~
/home/ec2-user/arduino-testlib/cli-datadir/data/packages/arduino/hardware/samd/1.8.12/cores/arduino/api/HardwareSPI.h:110:22: note: 	virtual uint16_t arduino::HardwareSPI::transfer16(uint16_t)
     virtual uint16_t transfer16(uint16_t data) = 0;
                      ^~~~~~~~~~
/home/ec2-user/arduino-testlib/cli-datadir/data/packages/arduino/hardware/samd/1.8.12/cores/arduino/api/HardwareSPI.h:111:18: note: 	virtual void arduino::HardwareSPI::transfer(void*, size_t)
     virtual void transfer(void *buf, size_t count) = 0;
                  ^~~~~~~~
/home/ec2-user/arduino-testlib/cli-datadir/data/packages/arduino/hardware/samd/1.8.12/cores/arduino/api/HardwareSPI.h:114:18: note: 	virtual void arduino::HardwareSPI::usingInterrupt(int)
     virtual void usingInterrupt(int interruptNumber) = 0;
                  ^~~~~~~~~~~~~~
/home/ec2-user/arduino-testlib/cli-datadir/data/packages/arduino/hardware/samd/1.8.12/cores/arduino/api/HardwareSPI.h:115:18: note: 	virtual void arduino::HardwareSPI::notUsingInterrupt(int)
     virtual void notUsingInterrupt(int interruptNumber) = 0;
                  ^~~~~~~~~~~~~~~~~
/home/ec2-user/arduino-testlib/cli-datadir/data/packages/arduino/hardware/samd/1.8.12/cores/arduino/api/HardwareSPI.h:116:18: note: 	virtual void arduino::HardwareSPI::beginTransaction(arduino::SPISettings)
     virtual void beginTransaction(SPISettings settings) = 0;
                  ^~~~~~~~~~~~~~~~
/home/ec2-user/arduino-testlib/cli-datadir/data/packages/arduino/hardware/samd/1.8.12/cores/arduino/api/HardwareSPI.h:117:18: note: 	virtual void arduino::HardwareSPI::endTransaction()
     virtual void endTransaction(void) = 0;
                  ^~~~~~~~~~~~~~
/home/ec2-user/arduino-testlib/cli-datadir/data/packages/arduino/hardware/samd/1.8.12/cores/arduino/api/HardwareSPI.h:120:18: note: 	virtual void arduino::HardwareSPI::attachInterrupt()
     virtual void attachInterrupt() = 0;
                  ^~~~~~~~~~~~~~~
/home/ec2-user/arduino-testlib/cli-datadir/data/packages/arduino/hardware/samd/1.8.12/cores/arduino/api/HardwareSPI.h:121:18: note: 	virtual void arduino::HardwareSPI::detachInterrupt()
     virtual void detachInterrupt() = 0;
                  ^~~~~~~~~~~~~~~
/home/ec2-user/arduino-testlib/cli-datadir/data/packages/arduino/hardware/samd/1.8.12/cores/arduino/api/HardwareSPI.h:123:18: note: 	virtual void arduino::HardwareSPI::begin()
     virtual void begin() = 0;
                  ^~~~~
/home/ec2-user/arduino-testlib/cli-datadir/data/packages/arduino/hardware/samd/1.8.12/cores/arduino/api/HardwareSPI.h:124:18: note: 	virtual void arduino::HardwareSPI::end()
     virtual void end() = 0;
                  ^~~
/home/ec2-user/arduino-testlib/cli-datadir/user/libraries/STM32duino_FP_Examples/examples/MemsMotorControl_IKS01A2_IHM02A1/MemsMotorControl_IKS01A2_IHM02A1.ino:169:81: error: &#39;D4&#39; was not declared in this scope
   x_nucleo_ihm02a1 = new XNucleoIHM02A1(&amp;L6470_init[0], &amp;L6470_init[1], A4, A5, D4, A2, dev_spi);
                                                                                 ^~
/home/ec2-user/arduino-testlib/cli-datadir/user/libraries/STM32duino_FP_Examples/examples/MemsMotorControl_IKS01A2_IHM02A1/MemsMotorControl_IKS01A2_IHM02A1.ino:169:81: note: suggested alternative: &#39;A4&#39;
   x_nucleo_ihm02a1 = new XNucleoIHM02A1(&amp;L6470_init[0], &amp;L6470_init[1], A4, A5, D4, A2, dev_spi);
                                                                                 ^~
                                                                                 A4
/home/ec2-user/arduino-testlib/cli-datadir/user/libraries/STM32duino_FP_Examples/examples/MemsMotorControl_IKS01A2_IHM02A1/MemsMotorControl_IKS01A2_IHM02A1.ino: In function &#39;void loop()&#39;:
/home/ec2-user/arduino-testlib/cli-datadir/user/libraries/STM32duino_FP_Examples/examples/MemsMotorControl_IKS01A2_IHM02A1/MemsMotorControl_IKS01A2_IHM02A1.ino:186:16: error: &#39;D13&#39; was not declared in this scope
   digitalWrite(D13, HIGH);
                ^~~

</pre>
					
					<h4>examples/NucleoCar</h4>
					<p>
						Result: <b>FAIL</b>
					</p>
					<pre class="pre-scrollable">In file included from /home/ec2-user/arduino-testlib/cli-datadir/user/libraries/STM32duino_SPBTLE-RF/src/hci_const.h:19:0,
                 from /home/ec2-user/arduino-testlib/cli-datadir/user/libraries/STM32duino_FP_Examples/examples/NucleoCar/NucleoCar.ino:83:
/home/ec2-user/arduino-testlib/cli-datadir/user/libraries/STM32duino_SPBTLE-RF/src/ble_clock.h:24:10: fatal error: wiring_time.h: No such file or directory
 #include &#34;wiring_time.h&#34;
          ^~~~~~~~~~~~~~~
compilation terminated.

</pre>
					
					<h4>examples/X_NUCLEO_IKS02A1_Audio_Button</h4>
					<p>
						Result: <b>FAIL</b>
					</p>
					<pre class="pre-scrollable">/home/ec2-user/arduino-testlib/cli-datadir/user/libraries/STM32duino_FP_Examples/examples/X_NUCLEO_IKS02A1_Audio_Button/X_NUCLEO_IKS02A1_Audio_Button.ino:5:2: error: #error &#34;This example is only for STM32 Nucleo-F401RE or Nucleo-L476RG!&#34;
 #error &#34;This example is only for STM32 Nucleo-F401RE or Nucleo-L476RG!&#34;
  ^~~~~
/home/ec2-user/arduino-testlib/cli-datadir/user/libraries/STM32duino_FP_Examples/examples/X_NUCLEO_IKS02A1_Audio_Button/X_NUCLEO_IKS02A1_Audio_Button.ino:9:10: fatal error: PDM.h: No such file or directory
 #include &#34;PDM.h&#34;
          ^~~~~~~
compilation terminated.

</pre>
					
				
				<h3 id="esp32:esp32:d1_mini32">esp32:esp32:d1_mini32 @ 1.0.6</h3>
				<h4>Inclusion</h4>
				<p>
					Result: <b>PASS</b>
					
				</p>
				<pre class="pre-scrollable">WARNING: library STM32duino_FP_Examples claims to run on stm32 architecture(s) and may be incompatible with your current board which runs on esp32 architecture(s).
Sketch uses 197736 bytes (15%) of program storage space. Maximum is 1310720 bytes.
Global variables use 13084 bytes (3%) of dynamic memory, leaving 314596 bytes for local variables. Maximum is 327680 bytes.
</pre>

					
					<h4>examples/BleSensors_SensiBLE</h4>
					<p>
						Result: <b>FAIL</b>
					</p>
					<pre class="pre-scrollable">In file included from /home/ec2-user/arduino-testlib/cli-datadir/user/libraries/STM32duino_SPBTLE-RF/src/hci_const.h:19:0,
                 from /home/ec2-user/arduino-testlib/cli-datadir/user/libraries/STM32duino_SPBTLE-RF/src/sensor_service.h:49,
                 from /home/ec2-user/arduino-testlib/cli-datadir/user/libraries/STM32duino_FP_Examples/examples/BleSensors_SensiBLE/BleSensors_SensiBLE.ino:25:
/home/ec2-user/arduino-testlib/cli-datadir/user/libraries/STM32duino_SPBTLE-RF/src/ble_clock.h:24:25: fatal error: wiring_time.h: No such file or directory
 #include &#34;wiring_time.h&#34;
                         ^
compilation terminated.

</pre>
					
					<h4>examples/Flight1</h4>
					<p>
						Result: <b>FAIL</b>
					</p>
					<pre class="pre-scrollable">In file included from /home/ec2-user/arduino-testlib/cli-datadir/user/libraries/STM32duino_SPBTLE-RF/src/hci_const.h:19:0,
                 from /home/ec2-user/arduino-testlib/cli-datadir/user/libraries/STM32duino_FP_Examples/examples/Flight1/Flight1.ino:43:
/home/ec2-user/arduino-testlib/cli-datadir/user/libraries/STM32duino_SPBTLE-RF/src/ble_clock.h:24:25: fatal error: wiring_time.h: No such file or directory
 #include &#34;wiring_time.h&#34;
                         ^
compilation terminated.

</pre>
					
					<h4>examples/GestureDirSwipeLed_53L0A1_LED61A1</h4>
					<p>
						Result: <b>FAIL</b>
					</p>
					<pre class="pre-scrollable">WARNING: library STM32duino_X-NUCLEO-53L0A1 claims to run on stm32, sam architecture(s) and may be incompatible with your current board which runs on esp32 architecture(s).
WARNING: library STM32duino_VL53L0X claims to run on stm32, sam architecture(s) and may be incompatible with your current board which runs on esp32 architecture(s).
WARNING: library STM32duino_Proximity_Gesture claims to run on stm32, avr, sam architecture(s) and may be incompatible with your current board which runs on esp32 architecture(s).
WARNING: library STM32duino_X-NUCLEO-LED61A1 claims to run on stm32 architecture(s) and may be incompatible with your current board which runs on esp32 architecture(s).
In file included from /home/ec2-user/arduino-testlib/cli-datadir/user/libraries/STM32duino_VL53L0X/src/vl53l0x_device.h:37:0,
                 from /home/ec2-user/arduino-testlib/cli-datadir/user/libraries/STM32duino_VL53L0X/src/vl53l0x_def.h:90,
                 from /home/ec2-user/arduino-testlib/cli-datadir/user/libraries/STM32duino_VL53L0X/src/vl53l0x_class.h:49,
                 from /home/ec2-user/arduino-testlib/cli-datadir/user/libraries/STM32duino_X-NUCLEO-53L0A1/src/vl53l0x_x_nucleo_53l0a1_class.h:44,
                 from /home/ec2-user/arduino-testlib/cli-datadir/user/libraries/STM32duino_FP_Examples/examples/GestureDirSwipeLed_53L0A1_LED61A1/GestureDirSwipeLed_53L0A1_LED61A1.ino:45:
/home/ec2-user/arduino-testlib/cli-datadir/user/libraries/STM32duino_VL53L0X/src/vl53l0x_types.h:56:108: note: #pragma message: Please review  type definition of STDINT define for your platform and add to list above 
  #pragma message(&#34;Please review  type definition of STDINT define for your platform and add to list above &#34;)
                                                                                                            ^
In file included from /home/ec2-user/arduino-testlib/cli-datadir/user/libraries/STM32duino_FP_Examples/examples/GestureDirSwipeLed_53L0A1_LED61A1/GestureDirSwipeLed_53L0A1_LED61A1.ino:54:0:
/home/ec2-user/arduino-testlib/cli-datadir/user/libraries/STM32duino_X-NUCLEO-LED61A1/src/Led6001.h: In member function &#39;virtual void Led6001::set_pwm_dimming(float)&#39;:
/home/ec2-user/arduino-testlib/cli-datadir/user/libraries/STM32duino_X-NUCLEO-LED61A1/src/Led6001.h:198:66: error: &#39;analogWrite&#39; was not declared in this scope
             analogWrite(pwm, (uint8_t) (dimming * PWM_DIMMING_ON));
                                                                  ^
/home/ec2-user/arduino-testlib/cli-datadir/user/libraries/STM32duino_X-NUCLEO-LED61A1/src/Led6001.h: In member function &#39;virtual void Led6001::set_analog_dimming(float)&#39;:
/home/ec2-user/arduino-testlib/cli-datadir/user/libraries/STM32duino_X-NUCLEO-LED61A1/src/Led6001.h:211:158: error: &#39;analogWrite&#39; was not declared in this scope
             analogWrite(analog, (uint8_t) (((float) (dimming * (MAX_PWM_ANALOG_DIMMING - MIN_PWM_ANALOG_DIMMING) &#43; MIN_PWM_ANALOG_DIMMING)) * PWM_DIMMING_ON));
                                                                                                                                                              ^
/home/ec2-user/arduino-testlib/cli-datadir/user/libraries/STM32duino_X-NUCLEO-LED61A1/src/Led6001.h: In member function &#39;virtual void Led6001::power_on()&#39;:
/home/ec2-user/arduino-testlib/cli-datadir/user/libraries/STM32duino_X-NUCLEO-LED61A1/src/Led6001.h:222:40: error: &#39;analogWrite&#39; was not declared in this scope
         analogWrite(pwm, PWM_DIMMING_ON);
                                        ^
/home/ec2-user/arduino-testlib/cli-datadir/user/libraries/STM32duino_X-NUCLEO-LED61A1/src/Led6001.h: In member function &#39;virtual void Led6001::power_off()&#39;:
/home/ec2-user/arduino-testlib/cli-datadir/user/libraries/STM32duino_X-NUCLEO-LED61A1/src/Led6001.h:233:41: error: &#39;analogWrite&#39; was not declared in this scope
         analogWrite(pwm, PWM_DIMMING_OFF);
                                         ^

</pre>
					
					<h4>examples/IKS01A3_S2LP_P2P_Demo</h4>
					<p>
						Result: <b>FAIL</b>
					</p>
					<pre class="pre-scrollable">WARNING: library STM32duino_M95640-R claims to run on stm32, sam architecture(s) and may be incompatible with your current board which runs on esp32 architecture(s).
WARNING: library STM32duino_S2-LP claims to run on stm32, sam architecture(s) and may be incompatible with your current board which runs on esp32 architecture(s).
WARNING: library STM32duino_LSM6DSO claims to run on stm32, avr, sam architecture(s) and may be incompatible with your current board which runs on esp32 architecture(s).
WARNING: library STM32duino_LIS2DW12 claims to run on stm32, avr, sam architecture(s) and may be incompatible with your current board which runs on esp32 architecture(s).
WARNING: library STM32duino_LIS2MDL claims to run on stm32, avr, sam architecture(s) and may be incompatible with your current board which runs on esp32 architecture(s).
WARNING: library STM32duino_LPS22HH claims to run on stm32, avr, sam architecture(s) and may be incompatible with your current board which runs on esp32 architecture(s).
WARNING: library STM32duino_STTS751 claims to run on stm32, avr, sam architecture(s) and may be incompatible with your current board which runs on esp32 architecture(s).
WARNING: library STM32duino_HTS221 claims to run on stm32, avr, sam architecture(s) and may be incompatible with your current board which runs on esp32 architecture(s).
In file included from /home/ec2-user/arduino-testlib/cli-datadir/user/libraries/STM32duino_FP_Examples/examples/IKS01A3_S2LP_P2P_Demo/IKS01A3_S2LP_P2P_Demo.ino:42:0:
/home/ec2-user/arduino-testlib/cli-datadir/user/libraries/STM32duino_S2-LP/src/S2LP.h:373:14: error: &#39;FlagStatus&#39; does not name a type
     volatile FlagStatus xTxDoneFlag;
              ^
In file included from /home/ec2-user/arduino-testlib/cli-datadir/user/libraries/STM32duino_FP_Examples/examples/IKS01A3_S2LP_P2P_Demo/IKS01A3_S2LP_P2P_Demo.ino:42:0:
/home/ec2-user/arduino-testlib/cli-datadir/user/libraries/STM32duino_S2-LP/src/S2LP.h:105:493: error: &#39;A2&#39; was not declared in this scope
     S2LP(SPIClass *spi, int csn, int sdn, int irqn, uint32_t frequency=868000000, uint32_t xtalFrequency=50000000, PAInfo_t paInfo={.paRfRangeExtender=RANGE_EXT_NONE, .paSignalCSD_S2LP={S2LP_GPIO_0, S2LP_GPIO_MODE_DIGITAL_OUTPUT_LP, S2LP_GPIO_DIG_OUT_TX_RX_MODE}, .paSignalCPS_S2LP={S2LP_GPIO_1, S2LP_GPIO_MODE_DIGITAL_OUTPUT_LP, S2LP_GPIO_DIG_OUT_RX_STATE}, .paSignalCTX_S2LP={S2LP_GPIO_2, S2LP_GPIO_MODE_DIGITAL_OUTPUT_LP, S2LP_GPIO_DIG_OUT_TX_STATE}, .paSignalCSD_MCU=A0, .paSignalCPS_MCU=A2, .paSignalCTX_MCU=A3, .paLevelValue=0x25}, S2LPGpioPin irq_gpio=S2LP_GPIO_3, uint8_t my_addr=0x44, uint8_t multicast_addr=0xEE, uint8_t broadcast_addr=0xFF);
                                                                                                                                                                                                                                                                                                                                                                                                                                                                                                             ^
/home/ec2-user/arduino-testlib/cli-datadir/user/libraries/STM32duino_S2-LP/src/S2LP.h:105:536: error: could not convert &#39;{RANGE_EXT_NONE, {S2LP_GPIO_0, S2LP_GPIO_MODE_DIGITAL_OUTPUT_LP, S2LP_GPIO_DIG_OUT_TX_RX_MODE}, {S2LP_GPIO_1, S2LP_GPIO_MODE_DIGITAL_OUTPUT_LP, S2LP_GPIO_DIG_OUT_RX_STATE}, {S2LP_GPIO_2, S2LP_GPIO_MODE_DIGITAL_OUTPUT_LP, S2LP_GPIO_DIG_OUT_TX_STATE}, A0, &lt;expression error&gt;, A3, 37}&#39; from &#39;&lt;brace-enclosed initializer list&gt;&#39; to &#39;PAInfo_t {aka PAInfo_s}&#39;
     S2LP(SPIClass *spi, int csn, int sdn, int irqn, uint32_t frequency=868000000, uint32_t xtalFrequency=50000000, PAInfo_t paInfo={.paRfRangeExtender=RANGE_EXT_NONE, .paSignalCSD_S2LP={S2LP_GPIO_0, S2LP_GPIO_MODE_DIGITAL_OUTPUT_LP, S2LP_GPIO_DIG_OUT_TX_RX_MODE}, .paSignalCPS_S2LP={S2LP_GPIO_1, S2LP_GPIO_MODE_DIGITAL_OUTPUT_LP, S2LP_GPIO_DIG_OUT_RX_STATE}, .paSignalCTX_S2LP={S2LP_GPIO_2, S2LP_GPIO_MODE_DIGITAL_OUTPUT_LP, S2LP_GPIO_DIG_OUT_TX_STATE}, .paSignalCSD_MCU=A0, .paSignalCPS_MCU=A2, .paSignalCTX_MCU=A3, .paLevelValue=0x25}, S2LPGpioPin irq_gpio=S2LP_GPIO_3, uint8_t my_addr=0x44, uint8_t multicast_addr=0xEE, uint8_t broadcast_addr=0xFF);
                                                                                                                                                                                                                                                                                                                                                                                                                                                                                                                                                        ^
/home/ec2-user/arduino-testlib/cli-datadir/user/libraries/STM32duino_FP_Examples/examples/IKS01A3_S2LP_P2P_Demo/IKS01A3_S2LP_P2P_Demo.ino:67:23: error: &#39;PC13&#39; was not declared in this scope
 const int buttonPin = PC13; // set buttonPin to digital pin PC13 */
                       ^
/home/ec2-user/arduino-testlib/cli-datadir/user/libraries/STM32duino_FP_Examples/examples/IKS01A3_S2LP_P2P_Demo/IKS01A3_S2LP_P2P_Demo.ino: In function &#39;void setup()&#39;:
/home/ec2-user/arduino-testlib/cli-datadir/user/libraries/STM32duino_FP_Examples/examples/IKS01A3_S2LP_P2P_Demo/IKS01A3_S2LP_P2P_Demo.ino:53:20: error: &#39;A2&#39; was not declared in this scope
 #define PA_CPS_PIN A2
                    ^
/home/ec2-user/arduino-testlib/cli-datadir/user/libraries/STM32duino_FP_Examples/examples/IKS01A3_S2LP_P2P_Demo/IKS01A3_S2LP_P2P_Demo.ino:92:28: note: in expansion of macro &#39;PA_CPS_PIN&#39;
   paInfo.paSignalCPS_MCU = PA_CPS_PIN;
                            ^
/home/ec2-user/arduino-testlib/cli-datadir/user/libraries/STM32duino_FP_Examples/examples/IKS01A3_S2LP_P2P_Demo/IKS01A3_S2LP_P2P_Demo.ino:113:25: error: &#39;D11&#39; was not declared in this scope
   devSPI = new SPIClass(D11, D12, D3);
                         ^
/home/ec2-user/arduino-testlib/cli-datadir/user/libraries/STM32duino_FP_Examples/examples/IKS01A3_S2LP_P2P_Demo/IKS01A3_S2LP_P2P_Demo.ino:113:30: error: &#39;D12&#39; was not declared in this scope
   devSPI = new SPIClass(D11, D12, D3);
                              ^
/home/ec2-user/arduino-testlib/cli-datadir/user/libraries/STM32duino_FP_Examples/examples/IKS01A3_S2LP_P2P_Demo/IKS01A3_S2LP_P2P_Demo.ino:151:29: error: &#39;A1&#39; was not declared in this scope
   myS2LP = new S2LP(devSPI, A1, D7, A5, s_frequency, s_RfXtalFrequency, paInfo);
                             ^
/home/ec2-user/arduino-testlib/cli-datadir/user/libraries/STM32duino_FP_Examples/examples/IKS01A3_S2LP_P2P_Demo/IKS01A3_S2LP_P2P_Demo.ino: In function &#39;void loop()&#39;:
/home/ec2-user/arduino-testlib/cli-datadir/user/libraries/STM32duino_FP_Examples/examples/IKS01A3_S2LP_P2P_Demo/IKS01A3_S2LP_P2P_Demo.ino:162:17: error: &#39;HAL_Delay&#39; was not declared in this scope
     HAL_Delay(50);
                 ^

</pre>
					
					<h4>examples/MemsMotorControl_IKS01A2_IHM02A1</h4>
					<p>
						Result: <b>FAIL</b>
					</p>
					<pre class="pre-scrollable">WARNING: library STM32duino_LSM6DSL claims to run on stm32, avr, sam architecture(s) and may be incompatible with your current board which runs on esp32 architecture(s).
WARNING: library STM32duino_X-NUCLEO-IHM02A1 claims to run on stm32 architecture(s) and may be incompatible with your current board which runs on esp32 architecture(s).
In file included from /home/ec2-user/arduino-testlib/cli-datadir/user/libraries/STM32duino_X-NUCLEO-IHM02A1/src/XNucleoIHM02A1.h:66:0,
                 from /home/ec2-user/arduino-testlib/cli-datadir/user/libraries/STM32duino_FP_Examples/examples/MemsMotorControl_IKS01A2_IHM02A1/MemsMotorControl_IKS01A2_IHM02A1.ino:51:
/home/ec2-user/arduino-testlib/cli-datadir/user/libraries/STM32duino_X-NUCLEO-IHM02A1/src/L6470.h: In member function &#39;status_t L6470::ReadWrite(uint8_t*, uint8_t*, uint16_t)&#39;:
/home/ec2-user/arduino-testlib/cli-datadir/user/libraries/STM32duino_X-NUCLEO-IHM02A1/src/L6470.h:1418:66: error: no matching function for call to &#39;SPIClass::transfer(uint8_t*&amp;, uint8_t*&amp;, uint16_t&amp;)&#39;
         dev_spi-&gt;transfer(pBufferToWrite, pBufferToRead, NumBytes);
                                                                  ^
In file included from /home/ec2-user/arduino-testlib/cli-datadir/user/libraries/STM32duino_FP_Examples/examples/MemsMotorControl_IKS01A2_IHM02A1/MemsMotorControl_IKS01A2_IHM02A1.ino:46:0:
/home/ec2-user/arduino-testlib/cli-datadir/data/packages/esp32/hardware/esp32/1.0.6/libraries/SPI/src/SPI.h:70:10: note: candidate: void SPIClass::transfer(uint8_t*, uint32_t)
     void transfer(uint8_t * data, uint32_t size);
          ^
/home/ec2-user/arduino-testlib/cli-datadir/data/packages/esp32/hardware/esp32/1.0.6/libraries/SPI/src/SPI.h:70:10: note:   candidate expects 2 arguments, 3 provided
/home/ec2-user/arduino-testlib/cli-datadir/data/packages/esp32/hardware/esp32/1.0.6/libraries/SPI/src/SPI.h:71:13: note: candidate: uint8_t SPIClass::transfer(uint8_t)
     uint8_t transfer(uint8_t data);
             ^
/home/ec2-user/arduino-testlib/cli-datadir/data/packages/esp32/hardware/esp32/1.0.6/libraries/SPI/src/SPI.h:71:13: note:   candidate expects 1 argument, 3 provided
/home/ec2-user/arduino-testlib/cli-datadir/user/libraries/STM32duino_FP_Examples/examples/MemsMotorControl_IKS01A2_IHM02A1/MemsMotorControl_IKS01A2_IHM02A1.ino: In function &#39;void setup()&#39;:
/home/ec2-user/arduino-testlib/cli-datadir/user/libraries/STM32duino_FP_Examples/examples/MemsMotorControl_IKS01A2_IHM02A1/MemsMotorControl_IKS01A2_IHM02A1.ino:155:11: error: &#39;D13&#39; was not declared in this scope
   pinMode(D13, OUTPUT);
           ^
/home/ec2-user/arduino-testlib/cli-datadir/user/libraries/STM32duino_FP_Examples/examples/MemsMotorControl_IKS01A2_IHM02A1/MemsMotorControl_IKS01A2_IHM02A1.ino:166:26: error: &#39;D11&#39; was not declared in this scope
   dev_spi = new SPIClass(D11, D12, D3);
                          ^
/home/ec2-user/arduino-testlib/cli-datadir/user/libraries/STM32duino_FP_Examples/examples/MemsMotorControl_IKS01A2_IHM02A1/MemsMotorControl_IKS01A2_IHM02A1.ino:166:31: error: &#39;D12&#39; was not declared in this scope
   dev_spi = new SPIClass(D11, D12, D3);
                               ^
/home/ec2-user/arduino-testlib/cli-datadir/user/libraries/STM32duino_FP_Examples/examples/MemsMotorControl_IKS01A2_IHM02A1/MemsMotorControl_IKS01A2_IHM02A1.ino:169:85: error: &#39;A2&#39; was not declared in this scope
   x_nucleo_ihm02a1 = new XNucleoIHM02A1(&amp;L6470_init[0], &amp;L6470_init[1], A4, A5, D4, A2, dev_spi);
                                                                                     ^
/home/ec2-user/arduino-testlib/cli-datadir/user/libraries/STM32duino_FP_Examples/examples/MemsMotorControl_IKS01A2_IHM02A1/MemsMotorControl_IKS01A2_IHM02A1.ino: In function &#39;void loop()&#39;:
/home/ec2-user/arduino-testlib/cli-datadir/user/libraries/STM32duino_FP_Examples/examples/MemsMotorControl_IKS01A2_IHM02A1/MemsMotorControl_IKS01A2_IHM02A1.ino:186:16: error: &#39;D13&#39; was not declared in this scope
   digitalWrite(D13, HIGH);
                ^

</pre>
					
					<h4>examples/NucleoCar</h4>
					<p>
						Result: <b>FAIL</b>
					</p>
					<pre class="pre-scrollable">In file included from /home/ec2-user/arduino-testlib/cli-datadir/user/libraries/STM32duino_SPBTLE-RF/src/hci_const.h:19:0,
                 from /home/ec2-user/arduino-testlib/cli-datadir/user/libraries/STM32duino_FP_Examples/examples/NucleoCar/NucleoCar.ino:83:
/home/ec2-user/arduino-testlib/cli-datadir/user/libraries/STM32duino_SPBTLE-RF/src/ble_clock.h:24:25: fatal error: wiring_time.h: No such file or directory
 #include &#34;wiring_time.h&#34;
                         ^
compilation terminated.

</pre>
					
					<h4>examples/X_NUCLEO_IKS02A1_Audio_Button</h4>
					<p>
						Result: <b>FAIL</b>
					</p>
					<pre class="pre-scrollable">/home/ec2-user/arduino-testlib/cli-datadir/user/libraries/STM32duino_FP_Examples/examples/X_NUCLEO_IKS02A1_Audio_Button/X_NUCLEO_IKS02A1_Audio_Button.ino:5:2: error: #error &#34;This example is only for STM32 Nucleo-F401RE or Nucleo-L476RG!&#34;
 #error &#34;This example is only for STM32 Nucleo-F401RE or Nucleo-L476RG!&#34;
  ^
/home/ec2-user/arduino-testlib/cli-datadir/user/libraries/STM32duino_FP_Examples/examples/X_NUCLEO_IKS02A1_Audio_Button/X_NUCLEO_IKS02A1_Audio_Button.ino:9:17: fatal error: PDM.h: No such file or directory
compilation terminated.

</pre>
					
				
			</div>
		</div>
	</div>
  </body>
</html>
