
<!doctype html>
<html lang="en">
  <head>
    <meta charset="utf-8">
    <meta name="viewport" content="width=device-width, initial-scale=1">
    <link href="https://cdn.jsdelivr.net/npm/bootstrap@5.0.2/dist/css/bootstrap.min.css" rel="stylesheet" integrity="sha384-EVSTQN3/azprG1Anm3QDgpJLIm9Nao0Yz1ztcQTwFspd3yD65VohhpuuCOmLASjC" crossorigin="anonymous">
    <title>arduino-testlib report</title>
	<style>
	.pass { background-color: #00FF00 !important; }
	.fail { background-color: #FF0000 !important; }
	</style>
  </head>
  <body>
	<div class="container">
		<div class="row">
			<div class="col">
				<h1>Taskrunner - compatibility matrix</h1>
				<p>
					<small>This report was generated on Monday, 21-Feb-22 12:00:25 CET using 
					<a href="https://github.com/alranel/arduino-testlib">arduino-testlib</a>.</small>
				</p>

				<h2>Taskrunner</h2>
				<p>
					Version: <b>1.0.1</b>
					<br />
					<a href="https://www.arduino.cc/reference/en/libraries/taskrunner/">More details</a>
				</p>

				<h2>Compatibility matrix</h2>
				<table class="table table-bordered">
					<tr>
						<th>Board</th>
						<th>Claims compatibility</th>
						<th>Inclusion</th>
						
						<th><pre>Multitask</pre></th>
						
					</tr>
					
					<tr>
						<td>
							<a href="#arduino%3aavr%3auno"><b>arduino:avr:uno</b></a>
							<br />
							<small>1.8.4</small>
						</td>

						
						
						
							<td>Yes ⚠️</td>
							<td class="fail">FAIL</td>
						
						

						
							
								
									
										
											
											<td class="fail">FAIL</td>
										
									
								
							
								
							
								
							
								
							
								
							
						
					</tr>
					
					<tr>
						<td>
							<a href="#arduino%3ambed_nano%3ananorp2040connect"><b>arduino:mbed_nano:nanorp2040connect</b></a>
							<br />
							<small>2.7.2</small>
						</td>

						
						
							<td>No ⚠️</td>
							<td class="pass">PASS</td>
						
						
						

						
							
								
							
								
									
										
											
											<td class="fail">FAIL</td>
										
									
								
							
								
							
								
							
								
							
						
					</tr>
					
					<tr>
						<td>
							<a href="#arduino%3amegaavr%3anona4809"><b>arduino:megaavr:nona4809</b></a>
							<br />
							<small>1.8.7</small>
						</td>

						
							<td>Yes</td>
							<td class="pass">PASS</td>
						
						
						
						

						
							
								
							
								
							
								
									
										
											<td class="pass">PASS</td>
											
										
									
								
							
								
							
								
							
						
					</tr>
					
					<tr>
						<td>
							<a href="#arduino%3asamd%3amkrwifi1010"><b>arduino:samd:mkrwifi1010</b></a>
							<br />
							<small>1.8.12</small>
						</td>

						
						
						
							<td>Yes ⚠️</td>
							<td class="fail">FAIL</td>
						
						

						
							
								
							
								
							
								
							
								
									
										
											
											<td class="fail">FAIL</td>
										
									
								
							
								
							
						
					</tr>
					
					<tr>
						<td>
							<a href="#esp32%3aesp32%3ad1_mini32"><b>esp32:esp32:d1_mini32</b></a>
							<br />
							<small>1.0.6</small>
						</td>

						
						
							<td>No ⚠️</td>
							<td class="pass">PASS</td>
						
						
						

						
							
								
							
								
							
								
							
								
							
								
									
										
											
											<td class="fail">FAIL</td>
										
									
								
							
						
					</tr>
					
				</table>

				<h2>Compilation logs</h2>
				
				<h3 id="arduino:avr:uno">arduino:avr:uno @ 1.8.4</h3>
				<h4>Inclusion</h4>
				<p>
					Result: <b>FAIL</b>
					
				</p>
				<pre class="pre-scrollable">/tmp/arduino-testlib3076812447/test/test.ino:3:14: fatal error: opening dependency file /tmp/arduino-sketch-33BAA10231DB0302D638EEBD92F22131/sketch/test.ino.cpp.d: No space left on device
 void loop() {}
              ^
compilation terminated.

</pre>

					
					<h4>examples/Multitask</h4>
					<p>
						Result: <b>FAIL</b>
					</p>
					<pre class="pre-scrollable">/home/ec2-user/arduino-testlib/cli-datadir/user/libraries/Taskrunner/examples/Multitask/Multitask.ino:53:1: fatal error: error writing to /tmp/ccJlZT06.s: No space left on device
 }
 ^
compilation terminated.
Multiple libraries were found for &#34;Scheduler.h&#34;
  Used: /home/ec2-user/arduino-testlib/cli-datadir/user/libraries/Taskrunner
  Not used: /home/ec2-user/arduino-testlib/cli-datadir/user/libraries/ESP8266Scheduler
  Not used: /home/ec2-user/arduino-testlib/cli-datadir/user/libraries/BlueFairy
  Not used: /home/ec2-user/arduino-testlib/cli-datadir/user/libraries/Scheduler
</pre>
					
				
				<h3 id="arduino:mbed_nano:nanorp2040connect">arduino:mbed_nano:nanorp2040connect @ 2.7.2</h3>
				<h4>Inclusion</h4>
				<p>
					Result: <b>PASS</b>
					
				</p>
				<pre class="pre-scrollable">WARNING: library Taskrunner claims to run on avr, megaavr, sam, samd, nrf52, stm32f4 architecture(s) and may be incompatible with your current board which runs on mbed_nano architecture(s).
Sketch uses 78756 bytes (0%) of program storage space. Maximum is 16777216 bytes.
Global variables use 43444 bytes (16%) of dynamic memory, leaving 226892 bytes for local variables. Maximum is 270336 bytes.
</pre>

					
					<h4>examples/Multitask</h4>
					<p>
						Result: <b>FAIL</b>
					</p>
					<pre class="pre-scrollable">/home/ec2-user/arduino-testlib/cli-datadir/user/libraries/Taskrunner/examples/Multitask/Multitask.ino:4:1: error: &#39;Scheduler&#39; does not name a type
 Scheduler scheduler;
 ^~~~~~~~~
/home/ec2-user/arduino-testlib/cli-datadir/user/libraries/Taskrunner/examples/Multitask/Multitask.ino:7:21: error: variable or field &#39;taskSystemLoad&#39; declared void
 void taskSystemLoad(timeUs_t currentTimeUs);
                     ^~~~~~~~
/home/ec2-user/arduino-testlib/cli-datadir/user/libraries/Taskrunner/examples/Multitask/Multitask.ino:7:21: error: &#39;timeUs_t&#39; was not declared in this scope
/home/ec2-user/arduino-testlib/cli-datadir/user/libraries/Taskrunner/examples/Multitask/Multitask.ino:7:21: note: suggested alternative: &#39;timer_t&#39;
 void taskSystemLoad(timeUs_t currentTimeUs);
                     ^~~~~~~~
                     timer_t
/home/ec2-user/arduino-testlib/cli-datadir/user/libraries/Taskrunner/examples/Multitask/Multitask.ino:8:15: error: variable or field &#39;taskMain&#39; declared void
 void taskMain(timeUs_t currentTimeUs);
               ^~~~~~~~
/home/ec2-user/arduino-testlib/cli-datadir/user/libraries/Taskrunner/examples/Multitask/Multitask.ino:8:15: error: &#39;timeUs_t&#39; was not declared in this scope
/home/ec2-user/arduino-testlib/cli-datadir/user/libraries/Taskrunner/examples/Multitask/Multitask.ino:8:15: note: suggested alternative: &#39;timer_t&#39;
 void taskMain(timeUs_t currentTimeUs);
               ^~~~~~~~
               timer_t
/home/ec2-user/arduino-testlib/cli-datadir/user/libraries/Taskrunner/examples/Multitask/Multitask.ino:9:15: error: variable or field &#39;taskInfo&#39; declared void
 void taskInfo(timeUs_t currentTimeUs);
               ^~~~~~~~
/home/ec2-user/arduino-testlib/cli-datadir/user/libraries/Taskrunner/examples/Multitask/Multitask.ino:9:15: error: &#39;timeUs_t&#39; was not declared in this scope
/home/ec2-user/arduino-testlib/cli-datadir/user/libraries/Taskrunner/examples/Multitask/Multitask.ino:9:15: note: suggested alternative: &#39;timer_t&#39;
 void taskInfo(timeUs_t currentTimeUs);
               ^~~~~~~~
               timer_t
/home/ec2-user/arduino-testlib/cli-datadir/user/libraries/Taskrunner/examples/Multitask/Multitask.ino:10:16: error: variable or field &#39;taskBlink&#39; declared void
 void taskBlink(timeUs_t currentTimeUs);
                ^~~~~~~~
/home/ec2-user/arduino-testlib/cli-datadir/user/libraries/Taskrunner/examples/Multitask/Multitask.ino:10:16: error: &#39;timeUs_t&#39; was not declared in this scope
/home/ec2-user/arduino-testlib/cli-datadir/user/libraries/Taskrunner/examples/Multitask/Multitask.ino:10:16: note: suggested alternative: &#39;timer_t&#39;
 void taskBlink(timeUs_t currentTimeUs);
                ^~~~~~~~
                timer_t
/home/ec2-user/arduino-testlib/cli-datadir/user/libraries/Taskrunner/examples/Multitask/Multitask.ino:12:1: error: &#39;task_t&#39; does not name a type; did you mean &#39;flash_t&#39;?
 task_t tasks[TASK_COUNT] = {
 ^~~~~~
 flash_t
/home/ec2-user/arduino-testlib/cli-datadir/user/libraries/Taskrunner/examples/Multitask/Multitask.ino: In function &#39;void setup()&#39;:
/home/ec2-user/arduino-testlib/cli-datadir/user/libraries/Taskrunner/examples/Multitask/Multitask.ino:23:5: error: &#39;scheduler&#39; was not declared in this scope
     scheduler.queueClear();
     ^~~~~~~~~
/home/ec2-user/arduino-testlib/cli-datadir/user/libraries/Taskrunner/examples/Multitask/Multitask.ino:23:5: note: suggested alternative: &#39;Scheduler&#39;
     scheduler.queueClear();
     ^~~~~~~~~
     Scheduler
/home/ec2-user/arduino-testlib/cli-datadir/user/libraries/Taskrunner/examples/Multitask/Multitask.ino:25:42: error: &#39;TASK_SYSTEM&#39; was not declared in this scope
     scheduler.queueAdd(scheduler.getTask(TASK_SYSTEM));
                                          ^~~~~~~~~~~
/home/ec2-user/arduino-testlib/cli-datadir/user/libraries/Taskrunner/examples/Multitask/Multitask.ino:26:30: error: &#39;TASK_INFO&#39; was not declared in this scope
     scheduler.setTaskEnabled(TASK_INFO, true);
                              ^~~~~~~~~
/home/ec2-user/arduino-testlib/cli-datadir/user/libraries/Taskrunner/examples/Multitask/Multitask.ino:27:30: error: &#39;TASK_MAIN&#39; was not declared in this scope
     scheduler.setTaskEnabled(TASK_MAIN, true);
                              ^~~~~~~~~
/home/ec2-user/arduino-testlib/cli-datadir/user/libraries/Taskrunner/examples/Multitask/Multitask.ino:28:30: error: &#39;TASK_BLINK&#39; was not declared in this scope
     scheduler.setTaskEnabled(TASK_BLINK, true);
                              ^~~~~~~~~~
/home/ec2-user/arduino-testlib/cli-datadir/user/libraries/Taskrunner/examples/Multitask/Multitask.ino: In function &#39;void loop()&#39;:
/home/ec2-user/arduino-testlib/cli-datadir/user/libraries/Taskrunner/examples/Multitask/Multitask.ino:33:5: error: &#39;scheduler&#39; was not declared in this scope
     scheduler.run_scheduler();
     ^~~~~~~~~
/home/ec2-user/arduino-testlib/cli-datadir/user/libraries/Taskrunner/examples/Multitask/Multitask.ino:33:5: note: suggested alternative: &#39;Scheduler&#39;
     scheduler.run_scheduler();
     ^~~~~~~~~
     Scheduler
/home/ec2-user/arduino-testlib/cli-datadir/user/libraries/Taskrunner/examples/Multitask/Multitask.ino: At global scope:
/home/ec2-user/arduino-testlib/cli-datadir/user/libraries/Taskrunner/examples/Multitask/Multitask.ino:37:21: error: variable or field &#39;taskSystemLoad&#39; declared void
 void taskSystemLoad(timeUs_t currentTimeUs){
                     ^~~~~~~~
/home/ec2-user/arduino-testlib/cli-datadir/user/libraries/Taskrunner/examples/Multitask/Multitask.ino:37:21: error: &#39;timeUs_t&#39; was not declared in this scope
/home/ec2-user/arduino-testlib/cli-datadir/user/libraries/Taskrunner/examples/Multitask/Multitask.ino:37:21: note: suggested alternative: &#39;timer_t&#39;
 void taskSystemLoad(timeUs_t currentTimeUs){
                     ^~~~~~~~
                     timer_t
/home/ec2-user/arduino-testlib/cli-datadir/user/libraries/Taskrunner/examples/Multitask/Multitask.ino:41:15: error: variable or field &#39;taskInfo&#39; declared void
 void taskInfo(timeUs_t currentTimeUs){
               ^~~~~~~~
/home/ec2-user/arduino-testlib/cli-datadir/user/libraries/Taskrunner/examples/Multitask/Multitask.ino:41:15: error: &#39;timeUs_t&#39; was not declared in this scope
/home/ec2-user/arduino-testlib/cli-datadir/user/libraries/Taskrunner/examples/Multitask/Multitask.ino:41:15: note: suggested alternative: &#39;timer_t&#39;
 void taskInfo(timeUs_t currentTimeUs){
               ^~~~~~~~
               timer_t
/home/ec2-user/arduino-testlib/cli-datadir/user/libraries/Taskrunner/examples/Multitask/Multitask.ino:45:16: error: variable or field &#39;taskBlink&#39; declared void
 void taskBlink(timeUs_t currentTimeUs){
                ^~~~~~~~
/home/ec2-user/arduino-testlib/cli-datadir/user/libraries/Taskrunner/examples/Multitask/Multitask.ino:45:16: error: &#39;timeUs_t&#39; was not declared in this scope
/home/ec2-user/arduino-testlib/cli-datadir/user/libraries/Taskrunner/examples/Multitask/Multitask.ino:45:16: note: suggested alternative: &#39;timer_t&#39;
 void taskBlink(timeUs_t currentTimeUs){
                ^~~~~~~~
                timer_t
/home/ec2-user/arduino-testlib/cli-datadir/user/libraries/Taskrunner/examples/Multitask/Multitask.ino:51:15: error: variable or field &#39;taskMain&#39; declared void
 void taskMain(timeUs_t currentTimeUs){
               ^~~~~~~~
/home/ec2-user/arduino-testlib/cli-datadir/user/libraries/Taskrunner/examples/Multitask/Multitask.ino:51:15: error: &#39;timeUs_t&#39; was not declared in this scope
/home/ec2-user/arduino-testlib/cli-datadir/user/libraries/Taskrunner/examples/Multitask/Multitask.ino:51:15: note: suggested alternative: &#39;timer_t&#39;
 void taskMain(timeUs_t currentTimeUs){
               ^~~~~~~~
               timer_t
Multiple libraries were found for &#34;Scheduler.h&#34;
  Used: /home/ec2-user/arduino-testlib/cli-datadir/data/packages/arduino/hardware/mbed_nano/2.7.2/libraries/Scheduler
  Not used: /home/ec2-user/arduino-testlib/cli-datadir/user/libraries/BlueFairy
  Not used: /home/ec2-user/arduino-testlib/cli-datadir/user/libraries/ESP8266Scheduler
  Not used: /home/ec2-user/arduino-testlib/cli-datadir/user/libraries/Scheduler
  Not used: /home/ec2-user/arduino-testlib/cli-datadir/user/libraries/Taskrunner
</pre>
					
				
				<h3 id="arduino:megaavr:nona4809">arduino:megaavr:nona4809 @ 1.8.7</h3>
				<h4>Inclusion</h4>
				<p>
					Result: <b>PASS</b>
					
				</p>
				<pre class="pre-scrollable">Sketch uses 2614 bytes (5%) of program storage space. Maximum is 49152 bytes.
Global variables use 177 bytes (2%) of dynamic memory, leaving 5967 bytes for local variables. Maximum is 6144 bytes.
</pre>

					
					<h4>examples/Multitask</h4>
					<p>
						Result: <b>PASS</b>
					</p>
					<pre class="pre-scrollable">Sketch uses 8810 bytes (17%) of program storage space. Maximum is 49152 bytes.
Global variables use 422 bytes (6%) of dynamic memory, leaving 5722 bytes for local variables. Maximum is 6144 bytes.
</pre>
					
				
				<h3 id="arduino:samd:mkrwifi1010">arduino:samd:mkrwifi1010 @ 1.8.12</h3>
				<h4>Inclusion</h4>
				<p>
					Result: <b>FAIL</b>
					
				</p>
				<pre class="pre-scrollable">&lt;built-in&gt;: fatal error: when writing output to /tmp/arduino-sketch-33BAA10231DB0302D638EEBD92F22131/preproc/ctags_target_for_gcc_minus_e.cpp: No such file or directory
compilation terminated.

</pre>

					
					<h4>examples/Multitask</h4>
					<p>
						Result: <b>FAIL</b>
					</p>
					<pre class="pre-scrollable">&lt;built-in&gt;: fatal error: when writing output to /tmp/arduino-sketch-937C1E8E8E254912DAF8AB0D9072C3AE/preproc/ctags_target_for_gcc_minus_e.cpp: No space left on device
compilation terminated.
Multiple libraries were found for &#34;Scheduler.h&#34;
  Used: /home/ec2-user/arduino-testlib/cli-datadir/user/libraries/Scheduler
  Not used: /home/ec2-user/arduino-testlib/cli-datadir/user/libraries/ESP8266Scheduler
  Not used: /home/ec2-user/arduino-testlib/cli-datadir/user/libraries/BlueFairy
  Not used: /home/ec2-user/arduino-testlib/cli-datadir/user/libraries/Taskrunner
</pre>
					
				
				<h3 id="esp32:esp32:d1_mini32">esp32:esp32:d1_mini32 @ 1.0.6</h3>
				<h4>Inclusion</h4>
				<p>
					Result: <b>PASS</b>
					
				</p>
				<pre class="pre-scrollable">WARNING: library Taskrunner claims to run on avr, megaavr, sam, samd, nrf52, stm32f4 architecture(s) and may be incompatible with your current board which runs on esp32 architecture(s).
Sketch uses 200486 bytes (15%) of program storage space. Maximum is 1310720 bytes.
Global variables use 13192 bytes (4%) of dynamic memory, leaving 314488 bytes for local variables. Maximum is 327680 bytes.
</pre>

					
					<h4>examples/Multitask</h4>
					<p>
						Result: <b>FAIL</b>
					</p>
					<pre class="pre-scrollable">/home/ec2-user/arduino-testlib/cli-datadir/user/libraries/Taskrunner/examples/Multitask/Multitask.ino:4:1: error: &#39;Scheduler&#39; does not name a type
 Scheduler scheduler;
 ^
/home/ec2-user/arduino-testlib/cli-datadir/user/libraries/Taskrunner/examples/Multitask/Multitask.ino:7:21: error: variable or field &#39;taskSystemLoad&#39; declared void
 void taskSystemLoad(timeUs_t currentTimeUs);
                     ^
/home/ec2-user/arduino-testlib/cli-datadir/user/libraries/Taskrunner/examples/Multitask/Multitask.ino:7:21: error: &#39;timeUs_t&#39; was not declared in this scope
/home/ec2-user/arduino-testlib/cli-datadir/user/libraries/Taskrunner/examples/Multitask/Multitask.ino:8:15: error: variable or field &#39;taskMain&#39; declared void
 void taskMain(timeUs_t currentTimeUs);
               ^
/home/ec2-user/arduino-testlib/cli-datadir/user/libraries/Taskrunner/examples/Multitask/Multitask.ino:8:15: error: &#39;timeUs_t&#39; was not declared in this scope
/home/ec2-user/arduino-testlib/cli-datadir/user/libraries/Taskrunner/examples/Multitask/Multitask.ino:9:15: error: variable or field &#39;taskInfo&#39; declared void
 void taskInfo(timeUs_t currentTimeUs);
               ^
/home/ec2-user/arduino-testlib/cli-datadir/user/libraries/Taskrunner/examples/Multitask/Multitask.ino:9:15: error: &#39;timeUs_t&#39; was not declared in this scope
/home/ec2-user/arduino-testlib/cli-datadir/user/libraries/Taskrunner/examples/Multitask/Multitask.ino:10:16: error: variable or field &#39;taskBlink&#39; declared void
 void taskBlink(timeUs_t currentTimeUs);
                ^
/home/ec2-user/arduino-testlib/cli-datadir/user/libraries/Taskrunner/examples/Multitask/Multitask.ino:10:16: error: &#39;timeUs_t&#39; was not declared in this scope
/home/ec2-user/arduino-testlib/cli-datadir/user/libraries/Taskrunner/examples/Multitask/Multitask.ino:12:1: error: &#39;task_t&#39; does not name a type
 task_t tasks[TASK_COUNT] = {
 ^
/home/ec2-user/arduino-testlib/cli-datadir/user/libraries/Taskrunner/examples/Multitask/Multitask.ino: In function &#39;void setup()&#39;:
/home/ec2-user/arduino-testlib/cli-datadir/user/libraries/Taskrunner/examples/Multitask/Multitask.ino:23:5: error: &#39;scheduler&#39; was not declared in this scope
     scheduler.queueClear();
     ^
/home/ec2-user/arduino-testlib/cli-datadir/user/libraries/Taskrunner/examples/Multitask/Multitask.ino:25:42: error: &#39;TASK_SYSTEM&#39; was not declared in this scope
     scheduler.queueAdd(scheduler.getTask(TASK_SYSTEM));
                                          ^
/home/ec2-user/arduino-testlib/cli-datadir/user/libraries/Taskrunner/examples/Multitask/Multitask.ino:26:30: error: &#39;TASK_INFO&#39; was not declared in this scope
     scheduler.setTaskEnabled(TASK_INFO, true);
                              ^
/home/ec2-user/arduino-testlib/cli-datadir/user/libraries/Taskrunner/examples/Multitask/Multitask.ino:27:30: error: &#39;TASK_MAIN&#39; was not declared in this scope
     scheduler.setTaskEnabled(TASK_MAIN, true);
                              ^
/home/ec2-user/arduino-testlib/cli-datadir/user/libraries/Taskrunner/examples/Multitask/Multitask.ino:28:30: error: &#39;TASK_BLINK&#39; was not declared in this scope
     scheduler.setTaskEnabled(TASK_BLINK, true);
                              ^
/home/ec2-user/arduino-testlib/cli-datadir/user/libraries/Taskrunner/examples/Multitask/Multitask.ino: In function &#39;void loop()&#39;:
/home/ec2-user/arduino-testlib/cli-datadir/user/libraries/Taskrunner/examples/Multitask/Multitask.ino:33:5: error: &#39;scheduler&#39; was not declared in this scope
     scheduler.run_scheduler();
     ^
/home/ec2-user/arduino-testlib/cli-datadir/user/libraries/Taskrunner/examples/Multitask/Multitask.ino: At global scope:
/home/ec2-user/arduino-testlib/cli-datadir/user/libraries/Taskrunner/examples/Multitask/Multitask.ino:37:21: error: variable or field &#39;taskSystemLoad&#39; declared void
 void taskSystemLoad(timeUs_t currentTimeUs){
                     ^
/home/ec2-user/arduino-testlib/cli-datadir/user/libraries/Taskrunner/examples/Multitask/Multitask.ino:37:21: error: &#39;timeUs_t&#39; was not declared in this scope
/home/ec2-user/arduino-testlib/cli-datadir/user/libraries/Taskrunner/examples/Multitask/Multitask.ino:41:15: error: variable or field &#39;taskInfo&#39; declared void
 void taskInfo(timeUs_t currentTimeUs){
               ^
/home/ec2-user/arduino-testlib/cli-datadir/user/libraries/Taskrunner/examples/Multitask/Multitask.ino:41:15: error: &#39;timeUs_t&#39; was not declared in this scope
/home/ec2-user/arduino-testlib/cli-datadir/user/libraries/Taskrunner/examples/Multitask/Multitask.ino:45:16: error: variable or field &#39;taskBlink&#39; declared void
 void taskBlink(timeUs_t currentTimeUs){
                ^
/home/ec2-user/arduino-testlib/cli-datadir/user/libraries/Taskrunner/examples/Multitask/Multitask.ino:45:16: error: &#39;timeUs_t&#39; was not declared in this scope
/home/ec2-user/arduino-testlib/cli-datadir/user/libraries/Taskrunner/examples/Multitask/Multitask.ino:51:15: error: variable or field &#39;taskMain&#39; declared void
 void taskMain(timeUs_t currentTimeUs){
               ^
/home/ec2-user/arduino-testlib/cli-datadir/user/libraries/Taskrunner/examples/Multitask/Multitask.ino:51:15: error: &#39;timeUs_t&#39; was not declared in this scope
Multiple libraries were found for &#34;Scheduler.h&#34;
  Used: /home/ec2-user/arduino-testlib/cli-datadir/user/libraries/BlueFairy
  Not used: /home/ec2-user/arduino-testlib/cli-datadir/user/libraries/ESP8266Scheduler
  Not used: /home/ec2-user/arduino-testlib/cli-datadir/user/libraries/Taskrunner
  Not used: /home/ec2-user/arduino-testlib/cli-datadir/user/libraries/Scheduler
</pre>
					
				
			</div>
		</div>
	</div>
  </body>
</html>
