
<!doctype html>
<html lang="en">
  <head>
    <meta charset="utf-8">
    <meta name="viewport" content="width=device-width, initial-scale=1">
    <link href="https://cdn.jsdelivr.net/npm/bootstrap@5.0.2/dist/css/bootstrap.min.css" rel="stylesheet" integrity="sha384-EVSTQN3/azprG1Anm3QDgpJLIm9Nao0Yz1ztcQTwFspd3yD65VohhpuuCOmLASjC" crossorigin="anonymous">
    <title>arduino-testlib report</title>
	<style>
	.pass { background-color: #00FF00 !important; }
	.fail { background-color: #FF0000 !important; }
	</style>
  </head>
  <body>
	<div class="container">
		<div class="row">
			<div class="col">
				<h1>TEE UC20 Shield - compatibility matrix</h1>
				<p>
					<small>This report was generated on Monday, 21-Feb-22 12:00:25 CET using 
					<a href="https://github.com/alranel/arduino-testlib">arduino-testlib</a>.</small>
				</p>

				<h2>TEE UC20 Shield</h2>
				<p>
					Version: <b>1.0.5</b>
					<br />
					<a href="https://www.arduino.cc/reference/en/libraries/tee-uc20-shield/">More details</a>
				</p>

				<h2>Compatibility matrix</h2>
				<table class="table table-bordered">
					<tr>
						<th>Board</th>
						<th>Claims compatibility</th>
						<th>Inclusion</th>
						
						<th><pre>ATCommand_serial</pre></th>
						
						<th><pre>LineNotify</pre></th>
						
						<th><pre>MMS</pre></th>
						
						<th><pre>SMS</pre></th>
						
						<th><pre>AntoIO</pre></th>
						
						<th><pre>Call</pre></th>
						
						<th><pre>FTP</pre></th>
						
						<th><pre>File</pre></th>
						
						<th><pre>HTTP</pre></th>
						
						<th><pre>TCP</pre></th>
						
						<th><pre>GNSS</pre></th>
						
						<th><pre>MQTT</pre></th>
						
						<th><pre>Arduino_First_config</pre></th>
						
						<th><pre>FIREBASE</pre></th>
						
					</tr>
					
					<tr>
						<td>
							<a href="#arduino%3aavr%3auno"><b>arduino:avr:uno</b></a>
							<br />
							<small>1.8.4</small>
						</td>

						
						
						
							<td>Yes ⚠️</td>
							<td class="fail">FAIL</td>
						
						

						
							
								
									
										
											<td class="pass">PASS</td>
											
										
									
										
									
										
									
										
									
										
									
										
									
										
									
										
									
										
									
										
									
										
									
										
									
										
									
										
									
								
							
								
							
								
							
								
							
								
							
						
							
								
									
										
									
										
									
										
									
										
									
										
									
										
									
										
									
										
									
										
									
										
											
											<td class="fail">FAIL</td>
										
									
										
									
										
									
										
									
										
									
								
							
								
							
								
							
								
							
								
							
						
							
								
									
										
									
										
									
										
									
										
									
										
									
										
									
										
									
										
									
										
									
										
									
										
											
											<td class="fail">FAIL</td>
										
									
										
									
										
									
										
									
								
							
								
							
								
							
								
							
								
							
						
							
								
									
										
									
										
									
										
									
										
									
										
									
										
									
										
									
										
									
										
									
										
									
										
									
										
									
										
											
											<td class="fail">FAIL</td>
										
									
										
									
								
							
								
							
								
							
								
							
								
							
						
							
								
									
										
									
										
											
											<td class="fail">FAIL</td>
										
									
										
									
										
									
										
									
										
									
										
									
										
									
										
									
										
									
										
									
										
									
										
									
										
									
								
							
								
							
								
							
								
							
								
							
						
							
								
									
										
									
										
									
										
									
										
											<td class="pass">PASS</td>
											
										
									
										
									
										
									
										
									
										
									
										
									
										
									
										
									
										
									
										
									
										
									
								
							
								
							
								
							
								
							
								
							
						
							
								
									
										
									
										
									
										
									
										
									
										
									
										
											
											<td class="fail">FAIL</td>
										
									
										
									
										
									
										
									
										
									
										
									
										
									
										
									
										
									
								
							
								
							
								
							
								
							
								
							
						
							
								
									
										
									
										
									
										
									
										
									
										
									
										
									
										
											
											<td class="fail">FAIL</td>
										
									
										
									
										
									
										
									
										
									
										
									
										
									
										
									
								
							
								
							
								
							
								
							
								
							
						
							
								
									
										
									
										
									
										
									
										
									
										
									
										
									
										
									
										
									
										
											
											<td class="fail">FAIL</td>
										
									
										
									
										
									
										
									
										
									
										
									
								
							
								
							
								
							
								
							
								
							
						
							
								
									
										
									
										
									
										
									
										
									
										
									
										
									
										
									
										
									
										
									
										
									
										
									
										
									
										
									
										
											
											<td class="fail">FAIL</td>
										
									
								
							
								
							
								
							
								
							
								
							
						
							
								
									
										
									
										
									
										
									
										
									
										
									
										
									
										
									
										
											
											<td class="fail">FAIL</td>
										
									
										
									
										
									
										
									
										
									
										
									
										
									
								
							
								
							
								
							
								
							
								
							
						
							
								
									
										
									
										
									
										
									
										
									
										
									
										
									
										
									
										
									
										
									
										
									
										
									
										
											
											<td class="fail">FAIL</td>
										
									
										
									
										
									
								
							
								
							
								
							
								
							
								
							
						
							
								
									
										
									
										
									
										
											<td class="pass">PASS</td>
											
										
									
										
									
										
									
										
									
										
									
										
									
										
									
										
									
										
									
										
									
										
									
										
									
								
							
								
							
								
							
								
							
								
							
						
							
								
									
										
									
										
									
										
									
										
									
										
											
											<td class="fail">FAIL</td>
										
									
										
									
										
									
										
									
										
									
										
									
										
									
										
									
										
									
										
									
								
							
								
							
								
							
								
							
								
							
						
					</tr>
					
					<tr>
						<td>
							<a href="#arduino%3ambed_nano%3ananorp2040connect"><b>arduino:mbed_nano:nanorp2040connect</b></a>
							<br />
							<small>2.7.2</small>
						</td>

						
						
						
						
							<td>No</td>
							<td class="fail">FAIL</td>
						

						
							
								
							
								
									
										
											
											<td class="fail">FAIL</td>
										
									
										
									
										
									
										
									
										
									
										
									
										
									
										
									
										
									
										
									
										
									
										
									
										
									
										
									
								
							
								
							
								
							
								
							
						
							
								
							
								
									
										
									
										
									
										
									
										
									
										
									
										
									
										
									
										
									
										
									
										
											
											<td class="fail">FAIL</td>
										
									
										
									
										
									
										
									
										
									
								
							
								
							
								
							
								
							
						
							
								
							
								
									
										
									
										
									
										
									
										
									
										
									
										
									
										
									
										
									
										
									
										
									
										
											
											<td class="fail">FAIL</td>
										
									
										
									
										
									
										
									
								
							
								
							
								
							
								
							
						
							
								
							
								
									
										
									
										
									
										
									
										
									
										
									
										
									
										
									
										
									
										
									
										
									
										
									
										
									
										
											
											<td class="fail">FAIL</td>
										
									
										
									
								
							
								
							
								
							
								
							
						
							
								
							
								
									
										
									
										
											
											<td class="fail">FAIL</td>
										
									
										
									
										
									
										
									
										
									
										
									
										
									
										
									
										
									
										
									
										
									
										
									
										
									
								
							
								
							
								
							
								
							
						
							
								
							
								
									
										
									
										
									
										
									
										
											
											<td class="fail">FAIL</td>
										
									
										
									
										
									
										
									
										
									
										
									
										
									
										
									
										
									
										
									
										
									
								
							
								
							
								
							
								
							
						
							
								
							
								
									
										
									
										
									
										
									
										
									
										
									
										
											
											<td class="fail">FAIL</td>
										
									
										
									
										
									
										
									
										
									
										
									
										
									
										
									
										
									
								
							
								
							
								
							
								
							
						
							
								
							
								
									
										
									
										
									
										
									
										
									
										
									
										
									
										
											
											<td class="fail">FAIL</td>
										
									
										
									
										
									
										
									
										
									
										
									
										
									
										
									
								
							
								
							
								
							
								
							
						
							
								
							
								
									
										
									
										
									
										
									
										
									
										
									
										
									
										
									
										
									
										
											
											<td class="fail">FAIL</td>
										
									
										
									
										
									
										
									
										
									
										
									
								
							
								
							
								
							
								
							
						
							
								
							
								
									
										
									
										
									
										
									
										
									
										
									
										
									
										
									
										
									
										
									
										
									
										
									
										
									
										
									
										
											
											<td class="fail">FAIL</td>
										
									
								
							
								
							
								
							
								
							
						
							
								
							
								
									
										
									
										
									
										
									
										
									
										
									
										
									
										
									
										
											
											<td class="fail">FAIL</td>
										
									
										
									
										
									
										
									
										
									
										
									
										
									
								
							
								
							
								
							
								
							
						
							
								
							
								
									
										
									
										
									
										
									
										
									
										
									
										
									
										
									
										
									
										
									
										
									
										
									
										
											
											<td class="fail">FAIL</td>
										
									
										
									
										
									
								
							
								
							
								
							
								
							
						
							
								
							
								
									
										
									
										
									
										
											
											<td class="fail">FAIL</td>
										
									
										
									
										
									
										
									
										
									
										
									
										
									
										
									
										
									
										
									
										
									
										
									
								
							
								
							
								
							
								
							
						
							
								
							
								
									
										
									
										
									
										
									
										
									
										
											
											<td class="fail">FAIL</td>
										
									
										
									
										
									
										
									
										
									
										
									
										
									
										
									
										
									
										
									
								
							
								
							
								
							
								
							
						
					</tr>
					
					<tr>
						<td>
							<a href="#arduino%3amegaavr%3anona4809"><b>arduino:megaavr:nona4809</b></a>
							<br />
							<small>1.8.7</small>
						</td>

						
						
						
						
							<td>No</td>
							<td class="fail">FAIL</td>
						

						
							
								
							
								
							
								
									
										
											
											<td class="fail">FAIL</td>
										
									
										
									
										
									
										
									
										
									
										
									
										
									
										
									
										
									
										
									
										
									
										
									
										
									
										
									
								
							
								
							
								
							
						
							
								
							
								
							
								
									
										
									
										
									
										
									
										
									
										
									
										
									
										
									
										
									
										
									
										
											
											<td class="fail">FAIL</td>
										
									
										
									
										
									
										
									
										
									
								
							
								
							
								
							
						
							
								
							
								
							
								
									
										
									
										
									
										
									
										
									
										
									
										
									
										
									
										
									
										
									
										
									
										
											
											<td class="fail">FAIL</td>
										
									
										
									
										
									
										
									
								
							
								
							
								
							
						
							
								
							
								
							
								
									
										
									
										
									
										
									
										
									
										
									
										
									
										
									
										
									
										
									
										
									
										
									
										
									
										
											
											<td class="fail">FAIL</td>
										
									
										
									
								
							
								
							
								
							
						
							
								
							
								
							
								
									
										
									
										
											
											<td class="fail">FAIL</td>
										
									
										
									
										
									
										
									
										
									
										
									
										
									
										
									
										
									
										
									
										
									
										
									
										
									
								
							
								
							
								
							
						
							
								
							
								
							
								
									
										
									
										
									
										
									
										
											
											<td class="fail">FAIL</td>
										
									
										
									
										
									
										
									
										
									
										
									
										
									
										
									
										
									
										
									
										
									
								
							
								
							
								
							
						
							
								
							
								
							
								
									
										
									
										
									
										
									
										
									
										
									
										
											
											<td class="fail">FAIL</td>
										
									
										
									
										
									
										
									
										
									
										
									
										
									
										
									
										
									
								
							
								
							
								
							
						
							
								
							
								
							
								
									
										
									
										
									
										
									
										
									
										
									
										
									
										
											
											<td class="fail">FAIL</td>
										
									
										
									
										
									
										
									
										
									
										
									
										
									
										
									
								
							
								
							
								
							
						
							
								
							
								
							
								
									
										
									
										
									
										
									
										
									
										
									
										
									
										
									
										
									
										
											
											<td class="fail">FAIL</td>
										
									
										
									
										
									
										
									
										
									
										
									
								
							
								
							
								
							
						
							
								
							
								
							
								
									
										
									
										
									
										
									
										
									
										
									
										
									
										
									
										
									
										
									
										
									
										
									
										
									
										
									
										
											
											<td class="fail">FAIL</td>
										
									
								
							
								
							
								
							
						
							
								
							
								
							
								
									
										
									
										
									
										
									
										
									
										
									
										
									
										
									
										
											
											<td class="fail">FAIL</td>
										
									
										
									
										
									
										
									
										
									
										
									
										
									
								
							
								
							
								
							
						
							
								
							
								
							
								
									
										
									
										
									
										
									
										
									
										
									
										
									
										
									
										
									
										
									
										
									
										
									
										
											
											<td class="fail">FAIL</td>
										
									
										
									
										
									
								
							
								
							
								
							
						
							
								
							
								
							
								
									
										
									
										
									
										
											
											<td class="fail">FAIL</td>
										
									
										
									
										
									
										
									
										
									
										
									
										
									
										
									
										
									
										
									
										
									
										
									
								
							
								
							
								
							
						
							
								
							
								
							
								
									
										
									
										
									
										
									
										
									
										
											
											<td class="fail">FAIL</td>
										
									
										
									
										
									
										
									
										
									
										
									
										
									
										
									
										
									
										
									
								
							
								
							
								
							
						
					</tr>
					
					<tr>
						<td>
							<a href="#arduino%3asamd%3amkrwifi1010"><b>arduino:samd:mkrwifi1010</b></a>
							<br />
							<small>1.8.12</small>
						</td>

						
						
						
						
							<td>No</td>
							<td class="fail">FAIL</td>
						

						
							
								
							
								
							
								
							
								
									
										
											
											<td class="fail">FAIL</td>
										
									
										
									
										
									
										
									
										
									
										
									
										
									
										
									
										
									
										
									
										
									
										
									
										
									
										
									
								
							
								
							
						
							
								
							
								
							
								
							
								
									
										
									
										
									
										
									
										
									
										
									
										
									
										
									
										
									
										
									
										
											
											<td class="fail">FAIL</td>
										
									
										
									
										
									
										
									
										
									
								
							
								
							
						
							
								
							
								
							
								
							
								
									
										
									
										
									
										
									
										
									
										
									
										
									
										
									
										
									
										
									
										
									
										
											
											<td class="fail">FAIL</td>
										
									
										
									
										
									
										
									
								
							
								
							
						
							
								
							
								
							
								
							
								
									
										
									
										
									
										
									
										
									
										
									
										
									
										
									
										
									
										
									
										
									
										
									
										
									
										
											
											<td class="fail">FAIL</td>
										
									
										
									
								
							
								
							
						
							
								
							
								
							
								
							
								
									
										
									
										
											
											<td class="fail">FAIL</td>
										
									
										
									
										
									
										
									
										
									
										
									
										
									
										
									
										
									
										
									
										
									
										
									
										
									
								
							
								
							
						
							
								
							
								
							
								
							
								
									
										
									
										
									
										
									
										
											
											<td class="fail">FAIL</td>
										
									
										
									
										
									
										
									
										
									
										
									
										
									
										
									
										
									
										
									
										
									
								
							
								
							
						
							
								
							
								
							
								
							
								
									
										
									
										
									
										
									
										
									
										
									
										
											
											<td class="fail">FAIL</td>
										
									
										
									
										
									
										
									
										
									
										
									
										
									
										
									
										
									
								
							
								
							
						
							
								
							
								
							
								
							
								
									
										
									
										
									
										
									
										
									
										
									
										
									
										
											
											<td class="fail">FAIL</td>
										
									
										
									
										
									
										
									
										
									
										
									
										
									
										
									
								
							
								
							
						
							
								
							
								
							
								
							
								
									
										
									
										
									
										
									
										
									
										
									
										
									
										
									
										
									
										
											
											<td class="fail">FAIL</td>
										
									
										
									
										
									
										
									
										
									
										
									
								
							
								
							
						
							
								
							
								
							
								
							
								
									
										
									
										
									
										
									
										
									
										
									
										
									
										
									
										
									
										
									
										
									
										
									
										
									
										
									
										
											
											<td class="fail">FAIL</td>
										
									
								
							
								
							
						
							
								
							
								
							
								
							
								
									
										
									
										
									
										
									
										
									
										
									
										
									
										
									
										
											
											<td class="fail">FAIL</td>
										
									
										
									
										
									
										
									
										
									
										
									
										
									
								
							
								
							
						
							
								
							
								
							
								
							
								
									
										
									
										
									
										
									
										
									
										
									
										
									
										
									
										
									
										
									
										
									
										
									
										
											
											<td class="fail">FAIL</td>
										
									
										
									
										
									
								
							
								
							
						
							
								
							
								
							
								
							
								
									
										
									
										
									
										
											
											<td class="fail">FAIL</td>
										
									
										
									
										
									
										
									
										
									
										
									
										
									
										
									
										
									
										
									
										
									
										
									
								
							
								
							
						
							
								
							
								
							
								
							
								
									
										
									
										
									
										
									
										
									
										
											
											<td class="fail">FAIL</td>
										
									
										
									
										
									
										
									
										
									
										
									
										
									
										
									
										
									
										
									
								
							
								
							
						
					</tr>
					
					<tr>
						<td>
							<a href="#esp32%3aesp32%3ad1_mini32"><b>esp32:esp32:d1_mini32</b></a>
							<br />
							<small>1.0.6</small>
						</td>

						
						
						
						
							<td>No</td>
							<td class="fail">FAIL</td>
						

						
							
								
							
								
							
								
							
								
							
								
									
										
											
											<td class="fail">FAIL</td>
										
									
										
									
										
									
										
									
										
									
										
									
										
									
										
									
										
									
										
									
										
									
										
									
										
									
										
									
								
							
						
							
								
							
								
							
								
							
								
							
								
									
										
									
										
									
										
									
										
									
										
									
										
									
										
									
										
									
										
									
										
											
											<td class="fail">FAIL</td>
										
									
										
									
										
									
										
									
										
									
								
							
						
							
								
							
								
							
								
							
								
							
								
									
										
									
										
									
										
									
										
									
										
									
										
									
										
									
										
									
										
									
										
									
										
											
											<td class="fail">FAIL</td>
										
									
										
									
										
									
										
									
								
							
						
							
								
							
								
							
								
							
								
							
								
									
										
									
										
									
										
									
										
									
										
									
										
									
										
									
										
									
										
									
										
									
										
									
										
									
										
											
											<td class="fail">FAIL</td>
										
									
										
									
								
							
						
							
								
							
								
							
								
							
								
							
								
									
										
									
										
											
											<td class="fail">FAIL</td>
										
									
										
									
										
									
										
									
										
									
										
									
										
									
										
									
										
									
										
									
										
									
										
									
										
									
								
							
						
							
								
							
								
							
								
							
								
							
								
									
										
									
										
									
										
									
										
											
											<td class="fail">FAIL</td>
										
									
										
									
										
									
										
									
										
									
										
									
										
									
										
									
										
									
										
									
										
									
								
							
						
							
								
							
								
							
								
							
								
							
								
									
										
									
										
									
										
									
										
									
										
									
										
											
											<td class="fail">FAIL</td>
										
									
										
									
										
									
										
									
										
									
										
									
										
									
										
									
										
									
								
							
						
							
								
							
								
							
								
							
								
							
								
									
										
									
										
									
										
									
										
									
										
									
										
									
										
											
											<td class="fail">FAIL</td>
										
									
										
									
										
									
										
									
										
									
										
									
										
									
										
									
								
							
						
							
								
							
								
							
								
							
								
							
								
									
										
									
										
									
										
									
										
									
										
									
										
									
										
									
										
									
										
											
											<td class="fail">FAIL</td>
										
									
										
									
										
									
										
									
										
									
										
									
								
							
						
							
								
							
								
							
								
							
								
							
								
									
										
									
										
									
										
									
										
									
										
									
										
									
										
									
										
									
										
									
										
									
										
									
										
									
										
									
										
											
											<td class="fail">FAIL</td>
										
									
								
							
						
							
								
							
								
							
								
							
								
							
								
									
										
									
										
									
										
									
										
									
										
									
										
									
										
									
										
											
											<td class="fail">FAIL</td>
										
									
										
									
										
									
										
									
										
									
										
									
										
									
								
							
						
							
								
							
								
							
								
							
								
							
								
									
										
									
										
									
										
									
										
									
										
									
										
									
										
									
										
									
										
									
										
									
										
									
										
											
											<td class="fail">FAIL</td>
										
									
										
									
										
									
								
							
						
							
								
							
								
							
								
							
								
							
								
									
										
									
										
									
										
											
											<td class="fail">FAIL</td>
										
									
										
									
										
									
										
									
										
									
										
									
										
									
										
									
										
									
										
									
										
									
										
									
								
							
						
							
								
							
								
							
								
							
								
							
								
									
										
									
										
									
										
									
										
									
										
											
											<td class="fail">FAIL</td>
										
									
										
									
										
									
										
									
										
									
										
									
										
									
										
									
										
									
										
									
								
							
						
					</tr>
					
				</table>

				<h2>Compilation logs</h2>
				
				<h3 id="arduino:avr:uno">arduino:avr:uno @ 1.8.4</h3>
				<h4>Inclusion</h4>
				<p>
					Result: <b>FAIL</b>
					
					<br />This library has no main header file so an empty one was created.
					
				</p>
				<pre class="pre-scrollable">/tmp/arduino-testlib4226825547/test/test.ino:1:10: fatal error: TEE_UC20_Shield.h: No such file or directory
 #include &lt;TEE_UC20_Shield.h&gt;
          ^~~~~~~~~~~~~~~~~~~
compilation terminated.

</pre>

					
					<h4>examples/ATCommand_serial</h4>
					<p>
						Result: <b>PASS</b>
					</p>
					<pre class="pre-scrollable">Sketch uses 3084 bytes (9%) of program storage space. Maximum is 32256 bytes.
Global variables use 380 bytes (18%) of dynamic memory, leaving 1668 bytes for local variables. Maximum is 2048 bytes.
</pre>
					
					<h4>examples/AntoIO</h4>
					<p>
						Result: <b>FAIL</b>
					</p>
					<pre class="pre-scrollable"></pre>
					
					<h4>examples/Arduino_First_config</h4>
					<p>
						Result: <b>PASS</b>
					</p>
					<pre class="pre-scrollable">Sketch uses 7066 bytes (21%) of program storage space. Maximum is 32256 bytes.
Global variables use 674 bytes (32%) of dynamic memory, leaving 1374 bytes for local variables. Maximum is 2048 bytes.
</pre>
					
					<h4>examples/Call</h4>
					<p>
						Result: <b>PASS</b>
					</p>
					<pre class="pre-scrollable">Sketch uses 9316 bytes (28%) of program storage space. Maximum is 32256 bytes.
Global variables use 566 bytes (27%) of dynamic memory, leaving 1482 bytes for local variables. Maximum is 2048 bytes.
</pre>
					
					<h4>examples/FIREBASE</h4>
					<p>
						Result: <b>FAIL</b>
					</p>
					<pre class="pre-scrollable"></pre>
					
					<h4>examples/FTP</h4>
					<p>
						Result: <b>FAIL</b>
					</p>
					<pre class="pre-scrollable"></pre>
					
					<h4>examples/File</h4>
					<p>
						Result: <b>FAIL</b>
					</p>
					<pre class="pre-scrollable"></pre>
					
					<h4>examples/GNSS</h4>
					<p>
						Result: <b>FAIL</b>
					</p>
					<pre class="pre-scrollable"></pre>
					
					<h4>examples/HTTP</h4>
					<p>
						Result: <b>FAIL</b>
					</p>
					<pre class="pre-scrollable"></pre>
					
					<h4>examples/LineNotify</h4>
					<p>
						Result: <b>FAIL</b>
					</p>
					<pre class="pre-scrollable"></pre>
					
					<h4>examples/MMS</h4>
					<p>
						Result: <b>FAIL</b>
					</p>
					<pre class="pre-scrollable"></pre>
					
					<h4>examples/MQTT</h4>
					<p>
						Result: <b>FAIL</b>
					</p>
					<pre class="pre-scrollable"></pre>
					
					<h4>examples/SMS</h4>
					<p>
						Result: <b>FAIL</b>
					</p>
					<pre class="pre-scrollable"></pre>
					
					<h4>examples/TCP</h4>
					<p>
						Result: <b>FAIL</b>
					</p>
					<pre class="pre-scrollable"></pre>
					
				
				<h3 id="arduino:mbed_nano:nanorp2040connect">arduino:mbed_nano:nanorp2040connect @ 2.7.2</h3>
				<h4>Inclusion</h4>
				<p>
					Result: <b>FAIL</b>
					
					<br />This library has no main header file so an empty one was created.
					
				</p>
				<pre class="pre-scrollable">/tmp/arduino-testlib3079551998/test/test.ino:1:10: fatal error: TEE_UC20_Shield.h: No such file or directory
 #include &lt;TEE_UC20_Shield.h&gt;
          ^~~~~~~~~~~~~~~~~~~
compilation terminated.

</pre>

					
					<h4>examples/ATCommand_serial</h4>
					<p>
						Result: <b>FAIL</b>
					</p>
					<pre class="pre-scrollable">/home/ec2-user/arduino-testlib/cli-datadir/user/libraries/Dabble/src/SoftwareSerial.cpp:45:10: fatal error: util/delay_basic.h: No such file or directory
 #include &lt;util/delay_basic.h&gt;
          ^~~~~~~~~~~~~~~~~~~~
compilation terminated.
Multiple libraries were found for &#34;AltSoftSerial.h&#34;
  Used: /home/ec2-user/arduino-testlib/cli-datadir/user/libraries/AIS_NB_BC95
  Not used: /home/ec2-user/arduino-testlib/cli-datadir/user/libraries/AltSoftSerial
  Not used: /home/ec2-user/arduino-testlib/cli-datadir/user/libraries/BareBoneSim800
Multiple libraries were found for &#34;SoftwareSerial.h&#34;
  Used: /home/ec2-user/arduino-testlib/cli-datadir/user/libraries/Dabble
  Not used: /home/ec2-user/arduino-testlib/cli-datadir/user/libraries/Printoo_Library
  Not used: /home/ec2-user/arduino-testlib/cli-datadir/user/libraries/EspSoftwareSerial
</pre>
					
					<h4>examples/AntoIO</h4>
					<p>
						Result: <b>FAIL</b>
					</p>
					<pre class="pre-scrollable"></pre>
					
					<h4>examples/Arduino_First_config</h4>
					<p>
						Result: <b>FAIL</b>
					</p>
					<pre class="pre-scrollable">In file included from /home/ec2-user/arduino-testlib/cli-datadir/user/libraries/TEE_UC20_Shield/examples/Arduino_First_config/Arduino_First_config.ino:1:0:
/home/ec2-user/arduino-testlib/cli-datadir/user/libraries/AIS_NB_BC95/src/AltSoftSerial.h: In static member function &#39;static void AltSoftSerial::begin(uint32_t)&#39;:
/home/ec2-user/arduino-testlib/cli-datadir/user/libraries/AIS_NB_BC95/src/AltSoftSerial.h:39:25: error: &#39;F_CPU&#39; was not declared in this scope
 #define ALTSS_BASE_FREQ F_CPU
                         ^
/home/ec2-user/arduino-testlib/cli-datadir/user/libraries/AIS_NB_BC95/src/AltSoftSerial.h:47:43: note: in expansion of macro &#39;ALTSS_BASE_FREQ&#39;
  static void begin(uint32_t baud) { init((ALTSS_BASE_FREQ &#43; baud / 2) / baud); }
                                           ^~~~~~~~~~~~~~~
Multiple libraries were found for &#34;AltSoftSerial.h&#34;
  Used: /home/ec2-user/arduino-testlib/cli-datadir/user/libraries/AIS_NB_BC95
  Not used: /home/ec2-user/arduino-testlib/cli-datadir/user/libraries/AltSoftSerial
  Not used: /home/ec2-user/arduino-testlib/cli-datadir/user/libraries/BareBoneSim800
</pre>
					
					<h4>examples/Call</h4>
					<p>
						Result: <b>FAIL</b>
					</p>
					<pre class="pre-scrollable">/home/ec2-user/arduino-testlib/cli-datadir/user/libraries/Dabble/src/SoftwareSerial.cpp:45:10: fatal error: util/delay_basic.h: No such file or directory
 #include &lt;util/delay_basic.h&gt;
          ^~~~~~~~~~~~~~~~~~~~
compilation terminated.
Multiple libraries were found for &#34;SoftwareSerial.h&#34;
  Used: /home/ec2-user/arduino-testlib/cli-datadir/user/libraries/Dabble
  Not used: /home/ec2-user/arduino-testlib/cli-datadir/user/libraries/Printoo_Library
  Not used: /home/ec2-user/arduino-testlib/cli-datadir/user/libraries/EspSoftwareSerial
Multiple libraries were found for &#34;AltSoftSerial.h&#34;
  Used: /home/ec2-user/arduino-testlib/cli-datadir/user/libraries/AIS_NB_BC95
  Not used: /home/ec2-user/arduino-testlib/cli-datadir/user/libraries/AltSoftSerial
  Not used: /home/ec2-user/arduino-testlib/cli-datadir/user/libraries/BareBoneSim800
</pre>
					
					<h4>examples/FIREBASE</h4>
					<p>
						Result: <b>FAIL</b>
					</p>
					<pre class="pre-scrollable"></pre>
					
					<h4>examples/FTP</h4>
					<p>
						Result: <b>FAIL</b>
					</p>
					<pre class="pre-scrollable"></pre>
					
					<h4>examples/File</h4>
					<p>
						Result: <b>FAIL</b>
					</p>
					<pre class="pre-scrollable"></pre>
					
					<h4>examples/GNSS</h4>
					<p>
						Result: <b>FAIL</b>
					</p>
					<pre class="pre-scrollable"></pre>
					
					<h4>examples/HTTP</h4>
					<p>
						Result: <b>FAIL</b>
					</p>
					<pre class="pre-scrollable"></pre>
					
					<h4>examples/LineNotify</h4>
					<p>
						Result: <b>FAIL</b>
					</p>
					<pre class="pre-scrollable"></pre>
					
					<h4>examples/MMS</h4>
					<p>
						Result: <b>FAIL</b>
					</p>
					<pre class="pre-scrollable"></pre>
					
					<h4>examples/MQTT</h4>
					<p>
						Result: <b>FAIL</b>
					</p>
					<pre class="pre-scrollable"></pre>
					
					<h4>examples/SMS</h4>
					<p>
						Result: <b>FAIL</b>
					</p>
					<pre class="pre-scrollable"></pre>
					
					<h4>examples/TCP</h4>
					<p>
						Result: <b>FAIL</b>
					</p>
					<pre class="pre-scrollable"></pre>
					
				
				<h3 id="arduino:megaavr:nona4809">arduino:megaavr:nona4809 @ 1.8.7</h3>
				<h4>Inclusion</h4>
				<p>
					Result: <b>FAIL</b>
					
					<br />This library has no main header file so an empty one was created.
					
				</p>
				<pre class="pre-scrollable">/tmp/arduino-testlib3079551998/test/test.ino:1:10: fatal error: TEE_UC20_Shield.h: No such file or directory
 #include &lt;TEE_UC20_Shield.h&gt;
          ^~~~~~~~~~~~~~~~~~~
compilation terminated.

</pre>

					
					<h4>examples/ATCommand_serial</h4>
					<p>
						Result: <b>FAIL</b>
					</p>
					<pre class="pre-scrollable">In file included from /home/ec2-user/arduino-testlib/cli-datadir/user/libraries/AIS_NB_BC95/src/AltSoftSerial.cpp:35:0:
/home/ec2-user/arduino-testlib/cli-datadir/user/libraries/AIS_NB_BC95/src/config/AltSoftSerial_Boards.h:136:2: error: #error &#34;Please define your board timer and pins&#34;
 #error &#34;Please define your board timer and pins&#34;
  ^~~~~
/home/ec2-user/arduino-testlib/cli-datadir/user/libraries/AIS_NB_BC95/src/AltSoftSerial.cpp: In static member function &#39;static void AltSoftSerial::init(uint32_t)&#39;:
/home/ec2-user/arduino-testlib/cli-datadir/user/libraries/AIS_NB_BC95/src/AltSoftSerial.cpp:74:3: error: &#39;CONFIG_TIMER_NOPRESCALE&#39; was not declared in this scope
   CONFIG_TIMER_NOPRESCALE();
   ^~~~~~~~~~~~~~~~~~~~~~~
/home/ec2-user/arduino-testlib/cli-datadir/user/libraries/AIS_NB_BC95/src/AltSoftSerial.cpp:79:4: error: &#39;CONFIG_TIMER_PRESCALE_8&#39; was not declared in this scope
    CONFIG_TIMER_PRESCALE_8();
    ^~~~~~~~~~~~~~~~~~~~~~~
/home/ec2-user/arduino-testlib/cli-datadir/user/libraries/AIS_NB_BC95/src/AltSoftSerial.cpp:104:10: error: &#39;INPUT_CAPTURE_PIN&#39; was not declared in this scope
  pinMode(INPUT_CAPTURE_PIN, INPUT_PULLUP);
          ^~~~~~~~~~~~~~~~~
/home/ec2-user/arduino-testlib/cli-datadir/user/libraries/AIS_NB_BC95/src/AltSoftSerial.cpp:104:10: note: suggested alternative: &#39;INPUT_PULLDOWN&#39;
  pinMode(INPUT_CAPTURE_PIN, INPUT_PULLUP);
          ^~~~~~~~~~~~~~~~~
          INPUT_PULLDOWN
/home/ec2-user/arduino-testlib/cli-datadir/user/libraries/AIS_NB_BC95/src/AltSoftSerial.cpp:105:15: error: &#39;OUTPUT_COMPARE_A_PIN&#39; was not declared in this scope
  digitalWrite(OUTPUT_COMPARE_A_PIN, HIGH);
               ^~~~~~~~~~~~~~~~~~~~
/home/ec2-user/arduino-testlib/cli-datadir/user/libraries/AIS_NB_BC95/src/AltSoftSerial.cpp:113:2: error: &#39;ENABLE_INT_INPUT_CAPTURE&#39; was not declared in this scope
  ENABLE_INT_INPUT_CAPTURE();
  ^~~~~~~~~~~~~~~~~~~~~~~~
/home/ec2-user/arduino-testlib/cli-datadir/user/libraries/AIS_NB_BC95/src/AltSoftSerial.cpp: In static member function &#39;static void AltSoftSerial::end()&#39;:
/home/ec2-user/arduino-testlib/cli-datadir/user/libraries/AIS_NB_BC95/src/AltSoftSerial.cpp:118:2: error: &#39;DISABLE_INT_COMPARE_B&#39; was not declared in this scope
  DISABLE_INT_COMPARE_B();
  ^~~~~~~~~~~~~~~~~~~~~
/home/ec2-user/arduino-testlib/cli-datadir/user/libraries/AIS_NB_BC95/src/AltSoftSerial.cpp:119:2: error: &#39;DISABLE_INT_INPUT_CAPTURE&#39; was not declared in this scope
  DISABLE_INT_INPUT_CAPTURE();
  ^~~~~~~~~~~~~~~~~~~~~~~~~
/home/ec2-user/arduino-testlib/cli-datadir/user/libraries/AIS_NB_BC95/src/AltSoftSerial.cpp:122:2: error: &#39;DISABLE_INT_COMPARE_A&#39; was not declared in this scope
  DISABLE_INT_COMPARE_A();
  ^~~~~~~~~~~~~~~~~~~~~
/home/ec2-user/arduino-testlib/cli-datadir/user/libraries/AIS_NB_BC95/src/AltSoftSerial.cpp: In static member function &#39;static void AltSoftSerial::writeByte(uint8_t)&#39;:
/home/ec2-user/arduino-testlib/cli-datadir/user/libraries/AIS_NB_BC95/src/AltSoftSerial.cpp:147:3: error: &#39;ENABLE_INT_COMPARE_A&#39; was not declared in this scope
   ENABLE_INT_COMPARE_A();
   ^~~~~~~~~~~~~~~~~~~~
/home/ec2-user/arduino-testlib/cli-datadir/user/libraries/AIS_NB_BC95/src/AltSoftSerial.cpp:148:3: error: &#39;CONFIG_MATCH_CLEAR&#39; was not declared in this scope
   CONFIG_MATCH_CLEAR();
   ^~~~~~~~~~~~~~~~~~
/home/ec2-user/arduino-testlib/cli-datadir/user/libraries/AIS_NB_BC95/src/AltSoftSerial.cpp:149:17: error: &#39;GET_TIMER_COUNT&#39; was not declared in this scope
   SET_COMPARE_A(GET_TIMER_COUNT() &#43; 16);
                 ^~~~~~~~~~~~~~~
/home/ec2-user/arduino-testlib/cli-datadir/user/libraries/AIS_NB_BC95/src/AltSoftSerial.cpp:149:17: note: suggested alternative: &#39;PWM_TIMER_COMPARE&#39;
   SET_COMPARE_A(GET_TIMER_COUNT() &#43; 16);
                 ^~~~~~~~~~~~~~~
                 PWM_TIMER_COMPARE
/home/ec2-user/arduino-testlib/cli-datadir/user/libraries/AIS_NB_BC95/src/AltSoftSerial.cpp:149:3: error: &#39;SET_COMPARE_A&#39; was not declared in this scope
   SET_COMPARE_A(GET_TIMER_COUNT() &#43; 16);
   ^~~~~~~~~~~~~
/home/ec2-user/arduino-testlib/cli-datadir/user/libraries/AIS_NB_BC95/src/AltSoftSerial.cpp: In function &#39;void COMPARE_A_INTERRUPT()&#39;:
/home/ec2-user/arduino-testlib/cli-datadir/user/libraries/AIS_NB_BC95/src/AltSoftSerial.cpp:162:11: error: &#39;GET_COMPARE_A&#39; was not declared in this scope
  target = GET_COMPARE_A();
           ^~~~~~~~~~~~~
/home/ec2-user/arduino-testlib/cli-datadir/user/libraries/AIS_NB_BC95/src/AltSoftSerial.cpp:173:5: error: &#39;CONFIG_MATCH_SET&#39; was not declared in this scope
     CONFIG_MATCH_SET();
     ^~~~~~~~~~~~~~~~
/home/ec2-user/arduino-testlib/cli-datadir/user/libraries/AIS_NB_BC95/src/AltSoftSerial.cpp:175:5: error: &#39;CONFIG_MATCH_CLEAR&#39; was not declared in this scope
     CONFIG_MATCH_CLEAR();
     ^~~~~~~~~~~~~~~~~~
/home/ec2-user/arduino-testlib/cli-datadir/user/libraries/AIS_NB_BC95/src/AltSoftSerial.cpp:177:4: error: &#39;SET_COMPARE_A&#39; was not declared in this scope
    SET_COMPARE_A(target);
    ^~~~~~~~~~~~~
/home/ec2-user/arduino-testlib/cli-datadir/user/libraries/AIS_NB_BC95/src/AltSoftSerial.cpp:191:4: error: &#39;SET_COMPARE_A&#39; was not declared in this scope
    SET_COMPARE_A(target &#43; ticks_per_bit);
    ^~~~~~~~~~~~~
/home/ec2-user/arduino-testlib/cli-datadir/user/libraries/AIS_NB_BC95/src/AltSoftSerial.cpp:194:4: error: &#39;CONFIG_MATCH_NORMAL&#39; was not declared in this scope
    CONFIG_MATCH_NORMAL();
    ^~~~~~~~~~~~~~~~~~~
/home/ec2-user/arduino-testlib/cli-datadir/user/libraries/AIS_NB_BC95/src/AltSoftSerial.cpp:195:4: error: &#39;DISABLE_INT_COMPARE_A&#39; was not declared in this scope
    DISABLE_INT_COMPARE_A();
    ^~~~~~~~~~~~~~~~~~~~~
/home/ec2-user/arduino-testlib/cli-datadir/user/libraries/AIS_NB_BC95/src/AltSoftSerial.cpp:202:3: error: &#39;CONFIG_MATCH_CLEAR&#39; was not declared in this scope
   CONFIG_MATCH_CLEAR();
   ^~~~~~~~~~~~~~~~~~
/home/ec2-user/arduino-testlib/cli-datadir/user/libraries/AIS_NB_BC95/src/AltSoftSerial.cpp:204:4: error: &#39;SET_COMPARE_A&#39; was not declared in this scope
    SET_COMPARE_A(target &#43; ticks_per_bit);
    ^~~~~~~~~~~~~
/home/ec2-user/arduino-testlib/cli-datadir/user/libraries/AIS_NB_BC95/src/AltSoftSerial.cpp:206:18: error: &#39;GET_TIMER_COUNT&#39; was not declared in this scope
    SET_COMPARE_A(GET_TIMER_COUNT() &#43; 16);
                  ^~~~~~~~~~~~~~~
/home/ec2-user/arduino-testlib/cli-datadir/user/libraries/AIS_NB_BC95/src/AltSoftSerial.cpp:206:18: note: suggested alternative: &#39;PWM_TIMER_COMPARE&#39;
    SET_COMPARE_A(GET_TIMER_COUNT() &#43; 16);
                  ^~~~~~~~~~~~~~~
                  PWM_TIMER_COMPARE
/home/ec2-user/arduino-testlib/cli-datadir/user/libraries/AIS_NB_BC95/src/AltSoftSerial.cpp:206:4: error: &#39;SET_COMPARE_A&#39; was not declared in this scope
    SET_COMPARE_A(GET_TIMER_COUNT() &#43; 16);
    ^~~~~~~~~~~~~
/home/ec2-user/arduino-testlib/cli-datadir/user/libraries/AIS_NB_BC95/src/AltSoftSerial.cpp: In function &#39;void CAPTURE_INTERRUPT()&#39;:
/home/ec2-user/arduino-testlib/cli-datadir/user/libraries/AIS_NB_BC95/src/AltSoftSerial.cpp:228:12: error: &#39;GET_INPUT_CAPTURE&#39; was not declared in this scope
  capture = GET_INPUT_CAPTURE();
            ^~~~~~~~~~~~~~~~~
/home/ec2-user/arduino-testlib/cli-datadir/user/libraries/AIS_NB_BC95/src/AltSoftSerial.cpp:231:3: error: &#39;CONFIG_CAPTURE_FALLING_EDGE&#39; was not declared in this scope
   CONFIG_CAPTURE_FALLING_EDGE();
   ^~~~~~~~~~~~~~~~~~~~~~~~~~~
/home/ec2-user/arduino-testlib/cli-datadir/user/libraries/AIS_NB_BC95/src/AltSoftSerial.cpp:234:3: error: &#39;CONFIG_CAPTURE_RISING_EDGE&#39; was not declared in this scope
   CONFIG_CAPTURE_RISING_EDGE();
   ^~~~~~~~~~~~~~~~~~~~~~~~~~
/home/ec2-user/arduino-testlib/cli-datadir/user/libraries/AIS_NB_BC95/src/AltSoftSerial.cpp:241:4: error: &#39;SET_COMPARE_B&#39; was not declared in this scope
    SET_COMPARE_B(end);
    ^~~~~~~~~~~~~
/home/ec2-user/arduino-testlib/cli-datadir/user/libraries/AIS_NB_BC95/src/AltSoftSerial.cpp:242:4: error: &#39;ENABLE_INT_COMPARE_B&#39; was not declared in this scope
    ENABLE_INT_COMPARE_B();
    ^~~~~~~~~~~~~~~~~~~~
/home/ec2-user/arduino-testlib/cli-datadir/user/libraries/AIS_NB_BC95/src/AltSoftSerial.cpp:256:5: error: &#39;DISABLE_INT_COMPARE_B&#39; was not declared in this scope
     DISABLE_INT_COMPARE_B();
     ^~~~~~~~~~~~~~~~~~~~~
/home/ec2-user/arduino-testlib/cli-datadir/user/libraries/AIS_NB_BC95/src/AltSoftSerial.cpp:263:5: error: &#39;CONFIG_CAPTURE_FALLING_EDGE&#39; was not declared in this scope
     CONFIG_CAPTURE_FALLING_EDGE();
     ^~~~~~~~~~~~~~~~~~~~~~~~~~~
/home/ec2-user/arduino-testlib/cli-datadir/user/libraries/AIS_NB_BC95/src/AltSoftSerial.cpp: In function &#39;void COMPARE_B_INTERRUPT()&#39;:
/home/ec2-user/arduino-testlib/cli-datadir/user/libraries/AIS_NB_BC95/src/AltSoftSerial.cpp:279:2: error: &#39;DISABLE_INT_COMPARE_B&#39; was not declared in this scope
  DISABLE_INT_COMPARE_B();
  ^~~~~~~~~~~~~~~~~~~~~
/home/ec2-user/arduino-testlib/cli-datadir/user/libraries/AIS_NB_BC95/src/AltSoftSerial.cpp:280:2: error: &#39;CONFIG_CAPTURE_FALLING_EDGE&#39; was not declared in this scope
  CONFIG_CAPTURE_FALLING_EDGE();
  ^~~~~~~~~~~~~~~~~~~~~~~~~~~
Multiple libraries were found for &#34;AltSoftSerial.h&#34;
  Used: /home/ec2-user/arduino-testlib/cli-datadir/user/libraries/AIS_NB_BC95
  Not used: /home/ec2-user/arduino-testlib/cli-datadir/user/libraries/BareBoneSim800
  Not used: /home/ec2-user/arduino-testlib/cli-datadir/user/libraries/AltSoftSerial
Multiple libraries were found for &#34;SoftwareSerial.h&#34;
  Used: /home/ec2-user/arduino-testlib/cli-datadir/data/packages/arduino/hardware/megaavr/1.8.7/libraries/SoftwareSerial
  Not used: /home/ec2-user/arduino-testlib/cli-datadir/user/libraries/Dabble
  Not used: /home/ec2-user/arduino-testlib/cli-datadir/user/libraries/Printoo_Library
  Not used: /home/ec2-user/arduino-testlib/cli-datadir/user/libraries/EspSoftwareSerial
</pre>
					
					<h4>examples/AntoIO</h4>
					<p>
						Result: <b>FAIL</b>
					</p>
					<pre class="pre-scrollable"></pre>
					
					<h4>examples/Arduino_First_config</h4>
					<p>
						Result: <b>FAIL</b>
					</p>
					<pre class="pre-scrollable">In file included from /home/ec2-user/arduino-testlib/cli-datadir/user/libraries/AIS_NB_BC95/src/AltSoftSerial.cpp:35:0:
/home/ec2-user/arduino-testlib/cli-datadir/user/libraries/AIS_NB_BC95/src/config/AltSoftSerial_Boards.h:136:2: error: #error &#34;Please define your board timer and pins&#34;
 #error &#34;Please define your board timer and pins&#34;
  ^~~~~
/home/ec2-user/arduino-testlib/cli-datadir/user/libraries/AIS_NB_BC95/src/AltSoftSerial.cpp: In static member function &#39;static void AltSoftSerial::init(uint32_t)&#39;:
/home/ec2-user/arduino-testlib/cli-datadir/user/libraries/AIS_NB_BC95/src/AltSoftSerial.cpp:74:3: error: &#39;CONFIG_TIMER_NOPRESCALE&#39; was not declared in this scope
   CONFIG_TIMER_NOPRESCALE();
   ^~~~~~~~~~~~~~~~~~~~~~~
/home/ec2-user/arduino-testlib/cli-datadir/user/libraries/AIS_NB_BC95/src/AltSoftSerial.cpp:79:4: error: &#39;CONFIG_TIMER_PRESCALE_8&#39; was not declared in this scope
    CONFIG_TIMER_PRESCALE_8();
    ^~~~~~~~~~~~~~~~~~~~~~~
/home/ec2-user/arduino-testlib/cli-datadir/user/libraries/AIS_NB_BC95/src/AltSoftSerial.cpp:104:10: error: &#39;INPUT_CAPTURE_PIN&#39; was not declared in this scope
  pinMode(INPUT_CAPTURE_PIN, INPUT_PULLUP);
          ^~~~~~~~~~~~~~~~~
/home/ec2-user/arduino-testlib/cli-datadir/user/libraries/AIS_NB_BC95/src/AltSoftSerial.cpp:104:10: note: suggested alternative: &#39;INPUT_PULLDOWN&#39;
  pinMode(INPUT_CAPTURE_PIN, INPUT_PULLUP);
          ^~~~~~~~~~~~~~~~~
          INPUT_PULLDOWN
/home/ec2-user/arduino-testlib/cli-datadir/user/libraries/AIS_NB_BC95/src/AltSoftSerial.cpp:105:15: error: &#39;OUTPUT_COMPARE_A_PIN&#39; was not declared in this scope
  digitalWrite(OUTPUT_COMPARE_A_PIN, HIGH);
               ^~~~~~~~~~~~~~~~~~~~
/home/ec2-user/arduino-testlib/cli-datadir/user/libraries/AIS_NB_BC95/src/AltSoftSerial.cpp:113:2: error: &#39;ENABLE_INT_INPUT_CAPTURE&#39; was not declared in this scope
  ENABLE_INT_INPUT_CAPTURE();
  ^~~~~~~~~~~~~~~~~~~~~~~~
/home/ec2-user/arduino-testlib/cli-datadir/user/libraries/AIS_NB_BC95/src/AltSoftSerial.cpp: In static member function &#39;static void AltSoftSerial::end()&#39;:
/home/ec2-user/arduino-testlib/cli-datadir/user/libraries/AIS_NB_BC95/src/AltSoftSerial.cpp:118:2: error: &#39;DISABLE_INT_COMPARE_B&#39; was not declared in this scope
  DISABLE_INT_COMPARE_B();
  ^~~~~~~~~~~~~~~~~~~~~
/home/ec2-user/arduino-testlib/cli-datadir/user/libraries/AIS_NB_BC95/src/AltSoftSerial.cpp:119:2: error: &#39;DISABLE_INT_INPUT_CAPTURE&#39; was not declared in this scope
  DISABLE_INT_INPUT_CAPTURE();
  ^~~~~~~~~~~~~~~~~~~~~~~~~
/home/ec2-user/arduino-testlib/cli-datadir/user/libraries/AIS_NB_BC95/src/AltSoftSerial.cpp:122:2: error: &#39;DISABLE_INT_COMPARE_A&#39; was not declared in this scope
  DISABLE_INT_COMPARE_A();
  ^~~~~~~~~~~~~~~~~~~~~
/home/ec2-user/arduino-testlib/cli-datadir/user/libraries/AIS_NB_BC95/src/AltSoftSerial.cpp: In static member function &#39;static void AltSoftSerial::writeByte(uint8_t)&#39;:
/home/ec2-user/arduino-testlib/cli-datadir/user/libraries/AIS_NB_BC95/src/AltSoftSerial.cpp:147:3: error: &#39;ENABLE_INT_COMPARE_A&#39; was not declared in this scope
   ENABLE_INT_COMPARE_A();
   ^~~~~~~~~~~~~~~~~~~~
/home/ec2-user/arduino-testlib/cli-datadir/user/libraries/AIS_NB_BC95/src/AltSoftSerial.cpp:148:3: error: &#39;CONFIG_MATCH_CLEAR&#39; was not declared in this scope
   CONFIG_MATCH_CLEAR();
   ^~~~~~~~~~~~~~~~~~
/home/ec2-user/arduino-testlib/cli-datadir/user/libraries/AIS_NB_BC95/src/AltSoftSerial.cpp:149:17: error: &#39;GET_TIMER_COUNT&#39; was not declared in this scope
   SET_COMPARE_A(GET_TIMER_COUNT() &#43; 16);
                 ^~~~~~~~~~~~~~~
/home/ec2-user/arduino-testlib/cli-datadir/user/libraries/AIS_NB_BC95/src/AltSoftSerial.cpp:149:17: note: suggested alternative: &#39;PWM_TIMER_COMPARE&#39;
   SET_COMPARE_A(GET_TIMER_COUNT() &#43; 16);
                 ^~~~~~~~~~~~~~~
                 PWM_TIMER_COMPARE
/home/ec2-user/arduino-testlib/cli-datadir/user/libraries/AIS_NB_BC95/src/AltSoftSerial.cpp:149:3: error: &#39;SET_COMPARE_A&#39; was not declared in this scope
   SET_COMPARE_A(GET_TIMER_COUNT() &#43; 16);
   ^~~~~~~~~~~~~
/home/ec2-user/arduino-testlib/cli-datadir/user/libraries/AIS_NB_BC95/src/AltSoftSerial.cpp: In function &#39;void COMPARE_A_INTERRUPT()&#39;:
/home/ec2-user/arduino-testlib/cli-datadir/user/libraries/AIS_NB_BC95/src/AltSoftSerial.cpp:162:11: error: &#39;GET_COMPARE_A&#39; was not declared in this scope
  target = GET_COMPARE_A();
           ^~~~~~~~~~~~~
/home/ec2-user/arduino-testlib/cli-datadir/user/libraries/AIS_NB_BC95/src/AltSoftSerial.cpp:173:5: error: &#39;CONFIG_MATCH_SET&#39; was not declared in this scope
     CONFIG_MATCH_SET();
     ^~~~~~~~~~~~~~~~
/home/ec2-user/arduino-testlib/cli-datadir/user/libraries/AIS_NB_BC95/src/AltSoftSerial.cpp:175:5: error: &#39;CONFIG_MATCH_CLEAR&#39; was not declared in this scope
     CONFIG_MATCH_CLEAR();
     ^~~~~~~~~~~~~~~~~~
/home/ec2-user/arduino-testlib/cli-datadir/user/libraries/AIS_NB_BC95/src/AltSoftSerial.cpp:177:4: error: &#39;SET_COMPARE_A&#39; was not declared in this scope
    SET_COMPARE_A(target);
    ^~~~~~~~~~~~~
/home/ec2-user/arduino-testlib/cli-datadir/user/libraries/AIS_NB_BC95/src/AltSoftSerial.cpp:191:4: error: &#39;SET_COMPARE_A&#39; was not declared in this scope
    SET_COMPARE_A(target &#43; ticks_per_bit);
    ^~~~~~~~~~~~~
/home/ec2-user/arduino-testlib/cli-datadir/user/libraries/AIS_NB_BC95/src/AltSoftSerial.cpp:194:4: error: &#39;CONFIG_MATCH_NORMAL&#39; was not declared in this scope
    CONFIG_MATCH_NORMAL();
    ^~~~~~~~~~~~~~~~~~~
/home/ec2-user/arduino-testlib/cli-datadir/user/libraries/AIS_NB_BC95/src/AltSoftSerial.cpp:195:4: error: &#39;DISABLE_INT_COMPARE_A&#39; was not declared in this scope
    DISABLE_INT_COMPARE_A();
    ^~~~~~~~~~~~~~~~~~~~~
/home/ec2-user/arduino-testlib/cli-datadir/user/libraries/AIS_NB_BC95/src/AltSoftSerial.cpp:202:3: error: &#39;CONFIG_MATCH_CLEAR&#39; was not declared in this scope
   CONFIG_MATCH_CLEAR();
   ^~~~~~~~~~~~~~~~~~
/home/ec2-user/arduino-testlib/cli-datadir/user/libraries/AIS_NB_BC95/src/AltSoftSerial.cpp:204:4: error: &#39;SET_COMPARE_A&#39; was not declared in this scope
    SET_COMPARE_A(target &#43; ticks_per_bit);
    ^~~~~~~~~~~~~
/home/ec2-user/arduino-testlib/cli-datadir/user/libraries/AIS_NB_BC95/src/AltSoftSerial.cpp:206:18: error: &#39;GET_TIMER_COUNT&#39; was not declared in this scope
    SET_COMPARE_A(GET_TIMER_COUNT() &#43; 16);
                  ^~~~~~~~~~~~~~~
/home/ec2-user/arduino-testlib/cli-datadir/user/libraries/AIS_NB_BC95/src/AltSoftSerial.cpp:206:18: note: suggested alternative: &#39;PWM_TIMER_COMPARE&#39;
    SET_COMPARE_A(GET_TIMER_COUNT() &#43; 16);
                  ^~~~~~~~~~~~~~~
                  PWM_TIMER_COMPARE
/home/ec2-user/arduino-testlib/cli-datadir/user/libraries/AIS_NB_BC95/src/AltSoftSerial.cpp:206:4: error: &#39;SET_COMPARE_A&#39; was not declared in this scope
    SET_COMPARE_A(GET_TIMER_COUNT() &#43; 16);
    ^~~~~~~~~~~~~
/home/ec2-user/arduino-testlib/cli-datadir/user/libraries/AIS_NB_BC95/src/AltSoftSerial.cpp: In function &#39;void CAPTURE_INTERRUPT()&#39;:
/home/ec2-user/arduino-testlib/cli-datadir/user/libraries/AIS_NB_BC95/src/AltSoftSerial.cpp:228:12: error: &#39;GET_INPUT_CAPTURE&#39; was not declared in this scope
  capture = GET_INPUT_CAPTURE();
            ^~~~~~~~~~~~~~~~~
/home/ec2-user/arduino-testlib/cli-datadir/user/libraries/AIS_NB_BC95/src/AltSoftSerial.cpp:231:3: error: &#39;CONFIG_CAPTURE_FALLING_EDGE&#39; was not declared in this scope
   CONFIG_CAPTURE_FALLING_EDGE();
   ^~~~~~~~~~~~~~~~~~~~~~~~~~~
/home/ec2-user/arduino-testlib/cli-datadir/user/libraries/AIS_NB_BC95/src/AltSoftSerial.cpp:234:3: error: &#39;CONFIG_CAPTURE_RISING_EDGE&#39; was not declared in this scope
   CONFIG_CAPTURE_RISING_EDGE();
   ^~~~~~~~~~~~~~~~~~~~~~~~~~
/home/ec2-user/arduino-testlib/cli-datadir/user/libraries/AIS_NB_BC95/src/AltSoftSerial.cpp:241:4: error: &#39;SET_COMPARE_B&#39; was not declared in this scope
    SET_COMPARE_B(end);
    ^~~~~~~~~~~~~
/home/ec2-user/arduino-testlib/cli-datadir/user/libraries/AIS_NB_BC95/src/AltSoftSerial.cpp:242:4: error: &#39;ENABLE_INT_COMPARE_B&#39; was not declared in this scope
    ENABLE_INT_COMPARE_B();
    ^~~~~~~~~~~~~~~~~~~~
/home/ec2-user/arduino-testlib/cli-datadir/user/libraries/AIS_NB_BC95/src/AltSoftSerial.cpp:256:5: error: &#39;DISABLE_INT_COMPARE_B&#39; was not declared in this scope
     DISABLE_INT_COMPARE_B();
     ^~~~~~~~~~~~~~~~~~~~~
/home/ec2-user/arduino-testlib/cli-datadir/user/libraries/AIS_NB_BC95/src/AltSoftSerial.cpp:263:5: error: &#39;CONFIG_CAPTURE_FALLING_EDGE&#39; was not declared in this scope
     CONFIG_CAPTURE_FALLING_EDGE();
     ^~~~~~~~~~~~~~~~~~~~~~~~~~~
/home/ec2-user/arduino-testlib/cli-datadir/user/libraries/AIS_NB_BC95/src/AltSoftSerial.cpp: In function &#39;void COMPARE_B_INTERRUPT()&#39;:
/home/ec2-user/arduino-testlib/cli-datadir/user/libraries/AIS_NB_BC95/src/AltSoftSerial.cpp:279:2: error: &#39;DISABLE_INT_COMPARE_B&#39; was not declared in this scope
  DISABLE_INT_COMPARE_B();
  ^~~~~~~~~~~~~~~~~~~~~
/home/ec2-user/arduino-testlib/cli-datadir/user/libraries/AIS_NB_BC95/src/AltSoftSerial.cpp:280:2: error: &#39;CONFIG_CAPTURE_FALLING_EDGE&#39; was not declared in this scope
  CONFIG_CAPTURE_FALLING_EDGE();
  ^~~~~~~~~~~~~~~~~~~~~~~~~~~
Multiple libraries were found for &#34;AltSoftSerial.h&#34;
  Used: /home/ec2-user/arduino-testlib/cli-datadir/user/libraries/AIS_NB_BC95
  Not used: /home/ec2-user/arduino-testlib/cli-datadir/user/libraries/AltSoftSerial
  Not used: /home/ec2-user/arduino-testlib/cli-datadir/user/libraries/BareBoneSim800
</pre>
					
					<h4>examples/Call</h4>
					<p>
						Result: <b>FAIL</b>
					</p>
					<pre class="pre-scrollable">WARNING: library TEE_UC20_Shield claims to run on avr architecture(s) and may be incompatible with your current board which runs on megaavr architecture(s).
In file included from /home/ec2-user/arduino-testlib/cli-datadir/user/libraries/AIS_NB_BC95/src/AltSoftSerial.cpp:35:0:
/home/ec2-user/arduino-testlib/cli-datadir/user/libraries/AIS_NB_BC95/src/config/AltSoftSerial_Boards.h:136:2: error: #error &#34;Please define your board timer and pins&#34;
 #error &#34;Please define your board timer and pins&#34;
  ^~~~~
/home/ec2-user/arduino-testlib/cli-datadir/user/libraries/AIS_NB_BC95/src/AltSoftSerial.cpp: In static member function &#39;static void AltSoftSerial::init(uint32_t)&#39;:
/home/ec2-user/arduino-testlib/cli-datadir/user/libraries/AIS_NB_BC95/src/AltSoftSerial.cpp:74:3: error: &#39;CONFIG_TIMER_NOPRESCALE&#39; was not declared in this scope
   CONFIG_TIMER_NOPRESCALE();
   ^~~~~~~~~~~~~~~~~~~~~~~
/home/ec2-user/arduino-testlib/cli-datadir/user/libraries/AIS_NB_BC95/src/AltSoftSerial.cpp:79:4: error: &#39;CONFIG_TIMER_PRESCALE_8&#39; was not declared in this scope
    CONFIG_TIMER_PRESCALE_8();
    ^~~~~~~~~~~~~~~~~~~~~~~
/home/ec2-user/arduino-testlib/cli-datadir/user/libraries/AIS_NB_BC95/src/AltSoftSerial.cpp:104:10: error: &#39;INPUT_CAPTURE_PIN&#39; was not declared in this scope
  pinMode(INPUT_CAPTURE_PIN, INPUT_PULLUP);
          ^~~~~~~~~~~~~~~~~
/home/ec2-user/arduino-testlib/cli-datadir/user/libraries/AIS_NB_BC95/src/AltSoftSerial.cpp:104:10: note: suggested alternative: &#39;INPUT_PULLDOWN&#39;
  pinMode(INPUT_CAPTURE_PIN, INPUT_PULLUP);
          ^~~~~~~~~~~~~~~~~
          INPUT_PULLDOWN
/home/ec2-user/arduino-testlib/cli-datadir/user/libraries/AIS_NB_BC95/src/AltSoftSerial.cpp:105:15: error: &#39;OUTPUT_COMPARE_A_PIN&#39; was not declared in this scope
  digitalWrite(OUTPUT_COMPARE_A_PIN, HIGH);
               ^~~~~~~~~~~~~~~~~~~~
/home/ec2-user/arduino-testlib/cli-datadir/user/libraries/AIS_NB_BC95/src/AltSoftSerial.cpp:113:2: error: &#39;ENABLE_INT_INPUT_CAPTURE&#39; was not declared in this scope
  ENABLE_INT_INPUT_CAPTURE();
  ^~~~~~~~~~~~~~~~~~~~~~~~
/home/ec2-user/arduino-testlib/cli-datadir/user/libraries/AIS_NB_BC95/src/AltSoftSerial.cpp: In static member function &#39;static void AltSoftSerial::end()&#39;:
/home/ec2-user/arduino-testlib/cli-datadir/user/libraries/AIS_NB_BC95/src/AltSoftSerial.cpp:118:2: error: &#39;DISABLE_INT_COMPARE_B&#39; was not declared in this scope
  DISABLE_INT_COMPARE_B();
  ^~~~~~~~~~~~~~~~~~~~~
/home/ec2-user/arduino-testlib/cli-datadir/user/libraries/AIS_NB_BC95/src/AltSoftSerial.cpp:119:2: error: &#39;DISABLE_INT_INPUT_CAPTURE&#39; was not declared in this scope
  DISABLE_INT_INPUT_CAPTURE();
  ^~~~~~~~~~~~~~~~~~~~~~~~~
/home/ec2-user/arduino-testlib/cli-datadir/user/libraries/AIS_NB_BC95/src/AltSoftSerial.cpp:122:2: error: &#39;DISABLE_INT_COMPARE_A&#39; was not declared in this scope
  DISABLE_INT_COMPARE_A();
  ^~~~~~~~~~~~~~~~~~~~~
/home/ec2-user/arduino-testlib/cli-datadir/user/libraries/AIS_NB_BC95/src/AltSoftSerial.cpp: In static member function &#39;static void AltSoftSerial::writeByte(uint8_t)&#39;:
/home/ec2-user/arduino-testlib/cli-datadir/user/libraries/AIS_NB_BC95/src/AltSoftSerial.cpp:147:3: error: &#39;ENABLE_INT_COMPARE_A&#39; was not declared in this scope
   ENABLE_INT_COMPARE_A();
   ^~~~~~~~~~~~~~~~~~~~
/home/ec2-user/arduino-testlib/cli-datadir/user/libraries/AIS_NB_BC95/src/AltSoftSerial.cpp:148:3: error: &#39;CONFIG_MATCH_CLEAR&#39; was not declared in this scope
   CONFIG_MATCH_CLEAR();
   ^~~~~~~~~~~~~~~~~~
/home/ec2-user/arduino-testlib/cli-datadir/user/libraries/AIS_NB_BC95/src/AltSoftSerial.cpp:149:17: error: &#39;GET_TIMER_COUNT&#39; was not declared in this scope
   SET_COMPARE_A(GET_TIMER_COUNT() &#43; 16);
                 ^~~~~~~~~~~~~~~
/home/ec2-user/arduino-testlib/cli-datadir/user/libraries/AIS_NB_BC95/src/AltSoftSerial.cpp:149:17: note: suggested alternative: &#39;PWM_TIMER_COMPARE&#39;
   SET_COMPARE_A(GET_TIMER_COUNT() &#43; 16);
                 ^~~~~~~~~~~~~~~
                 PWM_TIMER_COMPARE
/home/ec2-user/arduino-testlib/cli-datadir/user/libraries/AIS_NB_BC95/src/AltSoftSerial.cpp:149:3: error: &#39;SET_COMPARE_A&#39; was not declared in this scope
   SET_COMPARE_A(GET_TIMER_COUNT() &#43; 16);
   ^~~~~~~~~~~~~
/home/ec2-user/arduino-testlib/cli-datadir/user/libraries/AIS_NB_BC95/src/AltSoftSerial.cpp: In function &#39;void COMPARE_A_INTERRUPT()&#39;:
/home/ec2-user/arduino-testlib/cli-datadir/user/libraries/AIS_NB_BC95/src/AltSoftSerial.cpp:162:11: error: &#39;GET_COMPARE_A&#39; was not declared in this scope
  target = GET_COMPARE_A();
           ^~~~~~~~~~~~~
/home/ec2-user/arduino-testlib/cli-datadir/user/libraries/AIS_NB_BC95/src/AltSoftSerial.cpp:173:5: error: &#39;CONFIG_MATCH_SET&#39; was not declared in this scope
     CONFIG_MATCH_SET();
     ^~~~~~~~~~~~~~~~
/home/ec2-user/arduino-testlib/cli-datadir/user/libraries/AIS_NB_BC95/src/AltSoftSerial.cpp:175:5: error: &#39;CONFIG_MATCH_CLEAR&#39; was not declared in this scope
     CONFIG_MATCH_CLEAR();
     ^~~~~~~~~~~~~~~~~~
/home/ec2-user/arduino-testlib/cli-datadir/user/libraries/AIS_NB_BC95/src/AltSoftSerial.cpp:177:4: error: &#39;SET_COMPARE_A&#39; was not declared in this scope
    SET_COMPARE_A(target);
    ^~~~~~~~~~~~~
/home/ec2-user/arduino-testlib/cli-datadir/user/libraries/AIS_NB_BC95/src/AltSoftSerial.cpp:191:4: error: &#39;SET_COMPARE_A&#39; was not declared in this scope
    SET_COMPARE_A(target &#43; ticks_per_bit);
    ^~~~~~~~~~~~~
/home/ec2-user/arduino-testlib/cli-datadir/user/libraries/AIS_NB_BC95/src/AltSoftSerial.cpp:194:4: error: &#39;CONFIG_MATCH_NORMAL&#39; was not declared in this scope
    CONFIG_MATCH_NORMAL();
    ^~~~~~~~~~~~~~~~~~~
/home/ec2-user/arduino-testlib/cli-datadir/user/libraries/AIS_NB_BC95/src/AltSoftSerial.cpp:195:4: error: &#39;DISABLE_INT_COMPARE_A&#39; was not declared in this scope
    DISABLE_INT_COMPARE_A();
    ^~~~~~~~~~~~~~~~~~~~~
/home/ec2-user/arduino-testlib/cli-datadir/user/libraries/AIS_NB_BC95/src/AltSoftSerial.cpp:202:3: error: &#39;CONFIG_MATCH_CLEAR&#39; was not declared in this scope
   CONFIG_MATCH_CLEAR();
   ^~~~~~~~~~~~~~~~~~
/home/ec2-user/arduino-testlib/cli-datadir/user/libraries/AIS_NB_BC95/src/AltSoftSerial.cpp:204:4: error: &#39;SET_COMPARE_A&#39; was not declared in this scope
    SET_COMPARE_A(target &#43; ticks_per_bit);
    ^~~~~~~~~~~~~
/home/ec2-user/arduino-testlib/cli-datadir/user/libraries/AIS_NB_BC95/src/AltSoftSerial.cpp:206:18: error: &#39;GET_TIMER_COUNT&#39; was not declared in this scope
    SET_COMPARE_A(GET_TIMER_COUNT() &#43; 16);
                  ^~~~~~~~~~~~~~~
/home/ec2-user/arduino-testlib/cli-datadir/user/libraries/AIS_NB_BC95/src/AltSoftSerial.cpp:206:18: note: suggested alternative: &#39;PWM_TIMER_COMPARE&#39;
    SET_COMPARE_A(GET_TIMER_COUNT() &#43; 16);
                  ^~~~~~~~~~~~~~~
                  PWM_TIMER_COMPARE
/home/ec2-user/arduino-testlib/cli-datadir/user/libraries/AIS_NB_BC95/src/AltSoftSerial.cpp:206:4: error: &#39;SET_COMPARE_A&#39; was not declared in this scope
    SET_COMPARE_A(GET_TIMER_COUNT() &#43; 16);
    ^~~~~~~~~~~~~
/home/ec2-user/arduino-testlib/cli-datadir/user/libraries/AIS_NB_BC95/src/AltSoftSerial.cpp: In function &#39;void CAPTURE_INTERRUPT()&#39;:
/home/ec2-user/arduino-testlib/cli-datadir/user/libraries/AIS_NB_BC95/src/AltSoftSerial.cpp:228:12: error: &#39;GET_INPUT_CAPTURE&#39; was not declared in this scope
  capture = GET_INPUT_CAPTURE();
            ^~~~~~~~~~~~~~~~~
/home/ec2-user/arduino-testlib/cli-datadir/user/libraries/AIS_NB_BC95/src/AltSoftSerial.cpp:231:3: error: &#39;CONFIG_CAPTURE_FALLING_EDGE&#39; was not declared in this scope
   CONFIG_CAPTURE_FALLING_EDGE();
   ^~~~~~~~~~~~~~~~~~~~~~~~~~~
/home/ec2-user/arduino-testlib/cli-datadir/user/libraries/AIS_NB_BC95/src/AltSoftSerial.cpp:234:3: error: &#39;CONFIG_CAPTURE_RISING_EDGE&#39; was not declared in this scope
   CONFIG_CAPTURE_RISING_EDGE();
   ^~~~~~~~~~~~~~~~~~~~~~~~~~
/home/ec2-user/arduino-testlib/cli-datadir/user/libraries/AIS_NB_BC95/src/AltSoftSerial.cpp:241:4: error: &#39;SET_COMPARE_B&#39; was not declared in this scope
    SET_COMPARE_B(end);
    ^~~~~~~~~~~~~
/home/ec2-user/arduino-testlib/cli-datadir/user/libraries/AIS_NB_BC95/src/AltSoftSerial.cpp:242:4: error: &#39;ENABLE_INT_COMPARE_B&#39; was not declared in this scope
    ENABLE_INT_COMPARE_B();
    ^~~~~~~~~~~~~~~~~~~~
/home/ec2-user/arduino-testlib/cli-datadir/user/libraries/AIS_NB_BC95/src/AltSoftSerial.cpp:256:5: error: &#39;DISABLE_INT_COMPARE_B&#39; was not declared in this scope
     DISABLE_INT_COMPARE_B();
     ^~~~~~~~~~~~~~~~~~~~~
/home/ec2-user/arduino-testlib/cli-datadir/user/libraries/AIS_NB_BC95/src/AltSoftSerial.cpp:263:5: error: &#39;CONFIG_CAPTURE_FALLING_EDGE&#39; was not declared in this scope
     CONFIG_CAPTURE_FALLING_EDGE();
     ^~~~~~~~~~~~~~~~~~~~~~~~~~~
/home/ec2-user/arduino-testlib/cli-datadir/user/libraries/AIS_NB_BC95/src/AltSoftSerial.cpp: In function &#39;void COMPARE_B_INTERRUPT()&#39;:
/home/ec2-user/arduino-testlib/cli-datadir/user/libraries/AIS_NB_BC95/src/AltSoftSerial.cpp:279:2: error: &#39;DISABLE_INT_COMPARE_B&#39; was not declared in this scope
  DISABLE_INT_COMPARE_B();
  ^~~~~~~~~~~~~~~~~~~~~
/home/ec2-user/arduino-testlib/cli-datadir/user/libraries/AIS_NB_BC95/src/AltSoftSerial.cpp:280:2: error: &#39;CONFIG_CAPTURE_FALLING_EDGE&#39; was not declared in this scope
  CONFIG_CAPTURE_FALLING_EDGE();
  ^~~~~~~~~~~~~~~~~~~~~~~~~~~
Multiple libraries were found for &#34;SoftwareSerial.h&#34;
  Used: /home/ec2-user/arduino-testlib/cli-datadir/data/packages/arduino/hardware/megaavr/1.8.7/libraries/SoftwareSerial
  Not used: /home/ec2-user/arduino-testlib/cli-datadir/user/libraries/Dabble
  Not used: /home/ec2-user/arduino-testlib/cli-datadir/user/libraries/EspSoftwareSerial
  Not used: /home/ec2-user/arduino-testlib/cli-datadir/user/libraries/Printoo_Library
Multiple libraries were found for &#34;AltSoftSerial.h&#34;
  Used: /home/ec2-user/arduino-testlib/cli-datadir/user/libraries/AIS_NB_BC95
  Not used: /home/ec2-user/arduino-testlib/cli-datadir/user/libraries/BareBoneSim800
  Not used: /home/ec2-user/arduino-testlib/cli-datadir/user/libraries/AltSoftSerial
</pre>
					
					<h4>examples/FIREBASE</h4>
					<p>
						Result: <b>FAIL</b>
					</p>
					<pre class="pre-scrollable"></pre>
					
					<h4>examples/FTP</h4>
					<p>
						Result: <b>FAIL</b>
					</p>
					<pre class="pre-scrollable"></pre>
					
					<h4>examples/File</h4>
					<p>
						Result: <b>FAIL</b>
					</p>
					<pre class="pre-scrollable"></pre>
					
					<h4>examples/GNSS</h4>
					<p>
						Result: <b>FAIL</b>
					</p>
					<pre class="pre-scrollable"></pre>
					
					<h4>examples/HTTP</h4>
					<p>
						Result: <b>FAIL</b>
					</p>
					<pre class="pre-scrollable"></pre>
					
					<h4>examples/LineNotify</h4>
					<p>
						Result: <b>FAIL</b>
					</p>
					<pre class="pre-scrollable"></pre>
					
					<h4>examples/MMS</h4>
					<p>
						Result: <b>FAIL</b>
					</p>
					<pre class="pre-scrollable"></pre>
					
					<h4>examples/MQTT</h4>
					<p>
						Result: <b>FAIL</b>
					</p>
					<pre class="pre-scrollable"></pre>
					
					<h4>examples/SMS</h4>
					<p>
						Result: <b>FAIL</b>
					</p>
					<pre class="pre-scrollable"></pre>
					
					<h4>examples/TCP</h4>
					<p>
						Result: <b>FAIL</b>
					</p>
					<pre class="pre-scrollable"></pre>
					
				
				<h3 id="arduino:samd:mkrwifi1010">arduino:samd:mkrwifi1010 @ 1.8.12</h3>
				<h4>Inclusion</h4>
				<p>
					Result: <b>FAIL</b>
					
					<br />This library has no main header file so an empty one was created.
					
				</p>
				<pre class="pre-scrollable">/tmp/arduino-testlib4226825547/test/test.ino:1:10: fatal error: TEE_UC20_Shield.h: No such file or directory
 #include &lt;TEE_UC20_Shield.h&gt;
          ^~~~~~~~~~~~~~~~~~~
compilation terminated.

</pre>

					
					<h4>examples/ATCommand_serial</h4>
					<p>
						Result: <b>FAIL</b>
					</p>
					<pre class="pre-scrollable">/home/ec2-user/arduino-testlib/cli-datadir/user/libraries/Dabble/src/SoftwareSerial.cpp:45:10: fatal error: util/delay_basic.h: No such file or directory
 #include &lt;util/delay_basic.h&gt;
          ^~~~~~~~~~~~~~~~~~~~
compilation terminated.
Multiple libraries were found for &#34;AltSoftSerial.h&#34;
  Used: /home/ec2-user/arduino-testlib/cli-datadir/user/libraries/AIS_NB_BC95
  Not used: /home/ec2-user/arduino-testlib/cli-datadir/user/libraries/BareBoneSim800
  Not used: /home/ec2-user/arduino-testlib/cli-datadir/user/libraries/AltSoftSerial
Multiple libraries were found for &#34;SoftwareSerial.h&#34;
  Used: /home/ec2-user/arduino-testlib/cli-datadir/user/libraries/Dabble
  Not used: /home/ec2-user/arduino-testlib/cli-datadir/user/libraries/Printoo_Library
  Not used: /home/ec2-user/arduino-testlib/cli-datadir/user/libraries/EspSoftwareSerial
</pre>
					
					<h4>examples/AntoIO</h4>
					<p>
						Result: <b>FAIL</b>
					</p>
					<pre class="pre-scrollable"></pre>
					
					<h4>examples/Arduino_First_config</h4>
					<p>
						Result: <b>FAIL</b>
					</p>
					<pre class="pre-scrollable">Multiple libraries were found for &#34;AltSoftSerial.h&#34;
  Used: /home/ec2-user/arduino-testlib/cli-datadir/user/libraries/AIS_NB_BC95
  Not used: /home/ec2-user/arduino-testlib/cli-datadir/user/libraries/AltSoftSerial
  Not used: /home/ec2-user/arduino-testlib/cli-datadir/user/libraries/BareBoneSim800
</pre>
					
					<h4>examples/Call</h4>
					<p>
						Result: <b>FAIL</b>
					</p>
					<pre class="pre-scrollable">/home/ec2-user/arduino-testlib/cli-datadir/user/libraries/Dabble/src/SoftwareSerial.cpp:45:10: fatal error: util/delay_basic.h: No such file or directory
 #include &lt;util/delay_basic.h&gt;
          ^~~~~~~~~~~~~~~~~~~~
compilation terminated.
Multiple libraries were found for &#34;SoftwareSerial.h&#34;
  Used: /home/ec2-user/arduino-testlib/cli-datadir/user/libraries/Dabble
  Not used: /home/ec2-user/arduino-testlib/cli-datadir/user/libraries/Printoo_Library
  Not used: /home/ec2-user/arduino-testlib/cli-datadir/user/libraries/EspSoftwareSerial
Multiple libraries were found for &#34;AltSoftSerial.h&#34;
  Used: /home/ec2-user/arduino-testlib/cli-datadir/user/libraries/AIS_NB_BC95
  Not used: /home/ec2-user/arduino-testlib/cli-datadir/user/libraries/BareBoneSim800
  Not used: /home/ec2-user/arduino-testlib/cli-datadir/user/libraries/AltSoftSerial
</pre>
					
					<h4>examples/FIREBASE</h4>
					<p>
						Result: <b>FAIL</b>
					</p>
					<pre class="pre-scrollable"></pre>
					
					<h4>examples/FTP</h4>
					<p>
						Result: <b>FAIL</b>
					</p>
					<pre class="pre-scrollable"></pre>
					
					<h4>examples/File</h4>
					<p>
						Result: <b>FAIL</b>
					</p>
					<pre class="pre-scrollable"></pre>
					
					<h4>examples/GNSS</h4>
					<p>
						Result: <b>FAIL</b>
					</p>
					<pre class="pre-scrollable"></pre>
					
					<h4>examples/HTTP</h4>
					<p>
						Result: <b>FAIL</b>
					</p>
					<pre class="pre-scrollable"></pre>
					
					<h4>examples/LineNotify</h4>
					<p>
						Result: <b>FAIL</b>
					</p>
					<pre class="pre-scrollable"></pre>
					
					<h4>examples/MMS</h4>
					<p>
						Result: <b>FAIL</b>
					</p>
					<pre class="pre-scrollable"></pre>
					
					<h4>examples/MQTT</h4>
					<p>
						Result: <b>FAIL</b>
					</p>
					<pre class="pre-scrollable"></pre>
					
					<h4>examples/SMS</h4>
					<p>
						Result: <b>FAIL</b>
					</p>
					<pre class="pre-scrollable"></pre>
					
					<h4>examples/TCP</h4>
					<p>
						Result: <b>FAIL</b>
					</p>
					<pre class="pre-scrollable"></pre>
					
				
				<h3 id="esp32:esp32:d1_mini32">esp32:esp32:d1_mini32 @ 1.0.6</h3>
				<h4>Inclusion</h4>
				<p>
					Result: <b>FAIL</b>
					
					<br />This library has no main header file so an empty one was created.
					
				</p>
				<pre class="pre-scrollable">/tmp/arduino-testlib2295798492/test/test.ino:1:29: fatal error: TEE_UC20_Shield.h: No such file or directory
compilation terminated.

</pre>

					
					<h4>examples/ATCommand_serial</h4>
					<p>
						Result: <b>FAIL</b>
					</p>
					<pre class="pre-scrollable">Multiple libraries were found for &#34;AltSoftSerial.h&#34;
  Used: /home/ec2-user/arduino-testlib/cli-datadir/user/libraries/AIS_NB_BC95
  Not used: /home/ec2-user/arduino-testlib/cli-datadir/user/libraries/BareBoneSim800
  Not used: /home/ec2-user/arduino-testlib/cli-datadir/user/libraries/AltSoftSerial
Multiple libraries were found for &#34;SoftwareSerial.h&#34;
  Used: /home/ec2-user/arduino-testlib/cli-datadir/user/libraries/EspSoftwareSerial
  Not used: /home/ec2-user/arduino-testlib/cli-datadir/user/libraries/Dabble
  Not used: /home/ec2-user/arduino-testlib/cli-datadir/user/libraries/Printoo_Library
</pre>
					
					<h4>examples/AntoIO</h4>
					<p>
						Result: <b>FAIL</b>
					</p>
					<pre class="pre-scrollable"></pre>
					
					<h4>examples/Arduino_First_config</h4>
					<p>
						Result: <b>FAIL</b>
					</p>
					<pre class="pre-scrollable">Multiple libraries were found for &#34;AltSoftSerial.h&#34;
  Used: /home/ec2-user/arduino-testlib/cli-datadir/user/libraries/AIS_NB_BC95
  Not used: /home/ec2-user/arduino-testlib/cli-datadir/user/libraries/AltSoftSerial
  Not used: /home/ec2-user/arduino-testlib/cli-datadir/user/libraries/BareBoneSim800
</pre>
					
					<h4>examples/Call</h4>
					<p>
						Result: <b>FAIL</b>
					</p>
					<pre class="pre-scrollable">WARNING: library TEE_UC20_Shield claims to run on avr architecture(s) and may be incompatible with your current board which runs on esp32 architecture(s).
Multiple libraries were found for &#34;AltSoftSerial.h&#34;
  Used: /home/ec2-user/arduino-testlib/cli-datadir/user/libraries/AIS_NB_BC95
  Not used: /home/ec2-user/arduino-testlib/cli-datadir/user/libraries/BareBoneSim800
  Not used: /home/ec2-user/arduino-testlib/cli-datadir/user/libraries/AltSoftSerial
Multiple libraries were found for &#34;SoftwareSerial.h&#34;
  Used: /home/ec2-user/arduino-testlib/cli-datadir/user/libraries/EspSoftwareSerial
  Not used: /home/ec2-user/arduino-testlib/cli-datadir/user/libraries/Dabble
  Not used: /home/ec2-user/arduino-testlib/cli-datadir/user/libraries/Printoo_Library
</pre>
					
					<h4>examples/FIREBASE</h4>
					<p>
						Result: <b>FAIL</b>
					</p>
					<pre class="pre-scrollable"></pre>
					
					<h4>examples/FTP</h4>
					<p>
						Result: <b>FAIL</b>
					</p>
					<pre class="pre-scrollable"></pre>
					
					<h4>examples/File</h4>
					<p>
						Result: <b>FAIL</b>
					</p>
					<pre class="pre-scrollable"></pre>
					
					<h4>examples/GNSS</h4>
					<p>
						Result: <b>FAIL</b>
					</p>
					<pre class="pre-scrollable"></pre>
					
					<h4>examples/HTTP</h4>
					<p>
						Result: <b>FAIL</b>
					</p>
					<pre class="pre-scrollable"></pre>
					
					<h4>examples/LineNotify</h4>
					<p>
						Result: <b>FAIL</b>
					</p>
					<pre class="pre-scrollable"></pre>
					
					<h4>examples/MMS</h4>
					<p>
						Result: <b>FAIL</b>
					</p>
					<pre class="pre-scrollable"></pre>
					
					<h4>examples/MQTT</h4>
					<p>
						Result: <b>FAIL</b>
					</p>
					<pre class="pre-scrollable"></pre>
					
					<h4>examples/SMS</h4>
					<p>
						Result: <b>FAIL</b>
					</p>
					<pre class="pre-scrollable"></pre>
					
					<h4>examples/TCP</h4>
					<p>
						Result: <b>FAIL</b>
					</p>
					<pre class="pre-scrollable"></pre>
					
				
			</div>
		</div>
	</div>
  </body>
</html>
