
<!doctype html>
<html lang="en">
  <head>
    <meta charset="utf-8">
    <meta name="viewport" content="width=device-width, initial-scale=1">
    <link href="https://cdn.jsdelivr.net/npm/bootstrap@5.0.2/dist/css/bootstrap.min.css" rel="stylesheet" integrity="sha384-EVSTQN3/azprG1Anm3QDgpJLIm9Nao0Yz1ztcQTwFspd3yD65VohhpuuCOmLASjC" crossorigin="anonymous">
    <title>arduino-testlib report</title>
	<style>
	.pass { background-color: #00FF00 !important; }
	.fail { background-color: #FF0000 !important; }
	</style>
  </head>
  <body>
	<div class="container">
		<div class="row">
			<div class="col">
				<h1>TeensyUserInterface - compatibility matrix</h1>
				<p>
					<small>This report was generated on Monday, 21-Feb-22 12:00:25 CET using 
					<a href="https://github.com/alranel/arduino-testlib">arduino-testlib</a>.</small>
				</p>

				<h2>TeensyUserInterface</h2>
				<p>
					Version: <b>1.0.0</b>
					<br />
					<a href="https://www.arduino.cc/reference/en/libraries/teensyuserinterface/">More details</a>
				</p>

				<h2>Compatibility matrix</h2>
				<table class="table table-bordered">
					<tr>
						<th>Board</th>
						<th>Claims compatibility</th>
						<th>Inclusion</th>
						
						<th><pre>Example1_SimpleMenu</pre></th>
						
						<th><pre>Example2_SetDisplayOrientation</pre></th>
						
						<th><pre>Example3_MenusWithColumns</pre></th>
						
						<th><pre>Example4_SettingTheMenuColor</pre></th>
						
						<th><pre>Example5_ScreensWithInformation</pre></th>
						
						<th><pre>Example6_GetNumbersAndValues</pre></th>
						
						<th><pre>Example7_MenuWithSubMenus</pre></th>
						
						<th><pre>Example8_StopWatch</pre></th>
						
					</tr>
					
					<tr>
						<td>
							<a href="#arduino%3aavr%3auno"><b>arduino:avr:uno</b></a>
							<br />
							<small>1.8.4</small>
						</td>

						
						
						
							<td>Yes ⚠️</td>
							<td class="fail">FAIL</td>
						
						

						
							
								
									
										
											
											<td class="fail">FAIL</td>
										
									
										
									
										
									
										
									
										
									
										
									
										
									
										
									
								
							
								
							
								
							
								
							
								
							
						
							
								
									
										
									
										
											
											<td class="fail">FAIL</td>
										
									
										
									
										
									
										
									
										
									
										
									
										
									
								
							
								
							
								
							
								
							
								
							
						
							
								
									
										
									
										
									
										
											
											<td class="fail">FAIL</td>
										
									
										
									
										
									
										
									
										
									
										
									
								
							
								
							
								
							
								
							
								
							
						
							
								
									
										
									
										
									
										
									
										
											
											<td class="fail">FAIL</td>
										
									
										
									
										
									
										
									
										
									
								
							
								
							
								
							
								
							
								
							
						
							
								
									
										
									
										
									
										
									
										
									
										
											
											<td class="fail">FAIL</td>
										
									
										
									
										
									
										
									
								
							
								
							
								
							
								
							
								
							
						
							
								
									
										
									
										
									
										
									
										
									
										
									
										
											
											<td class="fail">FAIL</td>
										
									
										
									
										
									
								
							
								
							
								
							
								
							
								
							
						
							
								
									
										
									
										
									
										
									
										
									
										
									
										
									
										
											
											<td class="fail">FAIL</td>
										
									
										
									
								
							
								
							
								
							
								
							
								
							
						
							
								
									
										
									
										
									
										
									
										
									
										
									
										
									
										
									
										
											
											<td class="fail">FAIL</td>
										
									
								
							
								
							
								
							
								
							
								
							
						
					</tr>
					
					<tr>
						<td>
							<a href="#arduino%3ambed_nano%3ananorp2040connect"><b>arduino:mbed_nano:nanorp2040connect</b></a>
							<br />
							<small>2.7.2</small>
						</td>

						
						
						
							<td>Yes ⚠️</td>
							<td class="fail">FAIL</td>
						
						

						
							
								
							
								
									
										
											
											<td class="fail">FAIL</td>
										
									
										
									
										
									
										
									
										
									
										
									
										
									
										
									
								
							
								
							
								
							
								
							
						
							
								
							
								
									
										
									
										
											
											<td class="fail">FAIL</td>
										
									
										
									
										
									
										
									
										
									
										
									
										
									
								
							
								
							
								
							
								
							
						
							
								
							
								
									
										
									
										
									
										
											
											<td class="fail">FAIL</td>
										
									
										
									
										
									
										
									
										
									
										
									
								
							
								
							
								
							
								
							
						
							
								
							
								
									
										
									
										
									
										
									
										
											
											<td class="fail">FAIL</td>
										
									
										
									
										
									
										
									
										
									
								
							
								
							
								
							
								
							
						
							
								
							
								
									
										
									
										
									
										
									
										
									
										
											
											<td class="fail">FAIL</td>
										
									
										
									
										
									
										
									
								
							
								
							
								
							
								
							
						
							
								
							
								
									
										
									
										
									
										
									
										
									
										
									
										
											
											<td class="fail">FAIL</td>
										
									
										
									
										
									
								
							
								
							
								
							
								
							
						
							
								
							
								
									
										
									
										
									
										
									
										
									
										
									
										
									
										
											
											<td class="fail">FAIL</td>
										
									
										
									
								
							
								
							
								
							
								
							
						
							
								
							
								
									
										
									
										
									
										
									
										
									
										
									
										
									
										
									
										
											
											<td class="fail">FAIL</td>
										
									
								
							
								
							
								
							
								
							
						
					</tr>
					
					<tr>
						<td>
							<a href="#arduino%3amegaavr%3anona4809"><b>arduino:megaavr:nona4809</b></a>
							<br />
							<small>1.8.7</small>
						</td>

						
						
						
							<td>Yes ⚠️</td>
							<td class="fail">FAIL</td>
						
						

						
							
								
							
								
							
								
									
										
											
											<td class="fail">FAIL</td>
										
									
										
									
										
									
										
									
										
									
										
									
										
									
										
									
								
							
								
							
								
							
						
							
								
							
								
							
								
									
										
									
										
											
											<td class="fail">FAIL</td>
										
									
										
									
										
									
										
									
										
									
										
									
										
									
								
							
								
							
								
							
						
							
								
							
								
							
								
									
										
									
										
									
										
											
											<td class="fail">FAIL</td>
										
									
										
									
										
									
										
									
										
									
										
									
								
							
								
							
								
							
						
							
								
							
								
							
								
									
										
									
										
									
										
									
										
											
											<td class="fail">FAIL</td>
										
									
										
									
										
									
										
									
										
									
								
							
								
							
								
							
						
							
								
							
								
							
								
									
										
									
										
									
										
									
										
									
										
											
											<td class="fail">FAIL</td>
										
									
										
									
										
									
										
									
								
							
								
							
								
							
						
							
								
							
								
							
								
									
										
									
										
									
										
									
										
									
										
									
										
											
											<td class="fail">FAIL</td>
										
									
										
									
										
									
								
							
								
							
								
							
						
							
								
							
								
							
								
									
										
									
										
									
										
									
										
									
										
									
										
									
										
											
											<td class="fail">FAIL</td>
										
									
										
									
								
							
								
							
								
							
						
							
								
							
								
							
								
									
										
									
										
									
										
									
										
									
										
									
										
									
										
									
										
											
											<td class="fail">FAIL</td>
										
									
								
							
								
							
								
							
						
					</tr>
					
					<tr>
						<td>
							<a href="#arduino%3asamd%3amkrwifi1010"><b>arduino:samd:mkrwifi1010</b></a>
							<br />
							<small>1.8.12</small>
						</td>

						
						
						
							<td>Yes ⚠️</td>
							<td class="fail">FAIL</td>
						
						

						
							
								
							
								
							
								
							
								
									
										
											
											<td class="fail">FAIL</td>
										
									
										
									
										
									
										
									
										
									
										
									
										
									
										
									
								
							
								
							
						
							
								
							
								
							
								
							
								
									
										
									
										
											
											<td class="fail">FAIL</td>
										
									
										
									
										
									
										
									
										
									
										
									
										
									
								
							
								
							
						
							
								
							
								
							
								
							
								
									
										
									
										
									
										
											
											<td class="fail">FAIL</td>
										
									
										
									
										
									
										
									
										
									
										
									
								
							
								
							
						
							
								
							
								
							
								
							
								
									
										
									
										
									
										
									
										
											
											<td class="fail">FAIL</td>
										
									
										
									
										
									
										
									
										
									
								
							
								
							
						
							
								
							
								
							
								
							
								
									
										
									
										
									
										
									
										
									
										
											
											<td class="fail">FAIL</td>
										
									
										
									
										
									
										
									
								
							
								
							
						
							
								
							
								
							
								
							
								
									
										
									
										
									
										
									
										
									
										
									
										
											
											<td class="fail">FAIL</td>
										
									
										
									
										
									
								
							
								
							
						
							
								
							
								
							
								
							
								
									
										
									
										
									
										
									
										
									
										
									
										
									
										
											
											<td class="fail">FAIL</td>
										
									
										
									
								
							
								
							
						
							
								
							
								
							
								
							
								
									
										
									
										
									
										
									
										
									
										
									
										
									
										
									
										
											
											<td class="fail">FAIL</td>
										
									
								
							
								
							
						
					</tr>
					
					<tr>
						<td>
							<a href="#esp32%3aesp32%3ad1_mini32"><b>esp32:esp32:d1_mini32</b></a>
							<br />
							<small>1.0.6</small>
						</td>

						
						
						
							<td>Yes ⚠️</td>
							<td class="fail">FAIL</td>
						
						

						
							
								
							
								
							
								
							
								
							
								
									
										
											
											<td class="fail">FAIL</td>
										
									
										
									
										
									
										
									
										
									
										
									
										
									
										
									
								
							
						
							
								
							
								
							
								
							
								
							
								
									
										
									
										
											
											<td class="fail">FAIL</td>
										
									
										
									
										
									
										
									
										
									
										
									
										
									
								
							
						
							
								
							
								
							
								
							
								
							
								
									
										
									
										
									
										
											
											<td class="fail">FAIL</td>
										
									
										
									
										
									
										
									
										
									
										
									
								
							
						
							
								
							
								
							
								
							
								
							
								
									
										
									
										
									
										
									
										
											
											<td class="fail">FAIL</td>
										
									
										
									
										
									
										
									
										
									
								
							
						
							
								
							
								
							
								
							
								
							
								
									
										
									
										
									
										
									
										
									
										
											
											<td class="fail">FAIL</td>
										
									
										
									
										
									
										
									
								
							
						
							
								
							
								
							
								
							
								
							
								
									
										
									
										
									
										
									
										
									
										
									
										
											
											<td class="fail">FAIL</td>
										
									
										
									
										
									
								
							
						
							
								
							
								
							
								
							
								
							
								
									
										
									
										
									
										
									
										
									
										
									
										
									
										
											
											<td class="fail">FAIL</td>
										
									
										
									
								
							
						
							
								
							
								
							
								
							
								
							
								
									
										
									
										
									
										
									
										
									
										
									
										
									
										
									
										
											
											<td class="fail">FAIL</td>
										
									
								
							
						
					</tr>
					
				</table>

				<h2>Compilation logs</h2>
				
				<h3 id="arduino:avr:uno">arduino:avr:uno @ 1.8.4</h3>
				<h4>Inclusion</h4>
				<p>
					Result: <b>FAIL</b>
					
				</p>
				<pre class="pre-scrollable">In file included from /home/ec2-user/arduino-testlib/cli-datadir/user/libraries/TeensyUserInterface/src/TeensyUserInterface.h:36:0,
                 from /tmp/arduino-testlib3147559270/test/test.ino:1:
/home/ec2-user/arduino-testlib/cli-datadir/user/libraries/ILI9341_t3/ILI9341_t3.h: In member function &#39;void ILI9341_t3::waitFifoNotFull()&#39;:
/home/ec2-user/arduino-testlib/cli-datadir/user/libraries/ILI9341_t3/ILI9341_t3.h:178:9: error: &#39;KINETISK_SPI0&#39; was not declared in this scope
    sr = KINETISK_SPI0.SR;
         ^~~~~~~~~~~~~
/home/ec2-user/arduino-testlib/cli-datadir/user/libraries/ILI9341_t3/ILI9341_t3.h: In member function &#39;void ILI9341_t3::waitFifoEmpty()&#39;:
/home/ec2-user/arduino-testlib/cli-datadir/user/libraries/ILI9341_t3/ILI9341_t3.h:187:9: error: &#39;KINETISK_SPI0&#39; was not declared in this scope
    sr = KINETISK_SPI0.SR;
         ^~~~~~~~~~~~~
/home/ec2-user/arduino-testlib/cli-datadir/user/libraries/ILI9341_t3/ILI9341_t3.h: In member function &#39;void ILI9341_t3::waitTransmitComplete()&#39;:
/home/ec2-user/arduino-testlib/cli-datadir/user/libraries/ILI9341_t3/ILI9341_t3.h:193:12: error: &#39;KINETISK_SPI0&#39; was not declared in this scope
   while (!(KINETISK_SPI0.SR &amp; SPI_SR_TCF)) ; // wait until final output done
            ^~~~~~~~~~~~~
/home/ec2-user/arduino-testlib/cli-datadir/user/libraries/ILI9341_t3/ILI9341_t3.h:193:31: error: &#39;SPI_SR_TCF&#39; was not declared in this scope
   while (!(KINETISK_SPI0.SR &amp; SPI_SR_TCF)) ; // wait until final output done
                               ^~~~~~~~~~
/home/ec2-user/arduino-testlib/cli-datadir/user/libraries/ILI9341_t3/ILI9341_t3.h:194:9: error: &#39;KINETISK_SPI0&#39; was not declared in this scope
   tmp = KINETISK_SPI0.POPR;                  // drain the final RX FIFO word
         ^~~~~~~~~~~~~
/home/ec2-user/arduino-testlib/cli-datadir/user/libraries/ILI9341_t3/ILI9341_t3.h: In member function &#39;void ILI9341_t3::writecommand_cont(uint8_t)&#39;:
/home/ec2-user/arduino-testlib/cli-datadir/user/libraries/ILI9341_t3/ILI9341_t3.h:197:3: error: &#39;KINETISK_SPI0&#39; was not declared in this scope
   KINETISK_SPI0.PUSHR = c | (pcs_command &lt;&lt; 16) | SPI_PUSHR_CTAS(0) | SPI_PUSHR_CONT;
   ^~~~~~~~~~~~~
/home/ec2-user/arduino-testlib/cli-datadir/user/libraries/ILI9341_t3/ILI9341_t3.h:197:51: error: &#39;SPI_PUSHR_CTAS&#39; was not declared in this scope
   KINETISK_SPI0.PUSHR = c | (pcs_command &lt;&lt; 16) | SPI_PUSHR_CTAS(0) | SPI_PUSHR_CONT;
                                                   ^~~~~~~~~~~~~~
/home/ec2-user/arduino-testlib/cli-datadir/user/libraries/ILI9341_t3/ILI9341_t3.h:197:71: error: &#39;SPI_PUSHR_CONT&#39; was not declared in this scope
   KINETISK_SPI0.PUSHR = c | (pcs_command &lt;&lt; 16) | SPI_PUSHR_CTAS(0) | SPI_PUSHR_CONT;
                                                                       ^~~~~~~~~~~~~~
/home/ec2-user/arduino-testlib/cli-datadir/user/libraries/ILI9341_t3/ILI9341_t3.h: In member function &#39;void ILI9341_t3::writedata8_cont(uint8_t)&#39;:
/home/ec2-user/arduino-testlib/cli-datadir/user/libraries/ILI9341_t3/ILI9341_t3.h:201:3: error: &#39;KINETISK_SPI0&#39; was not declared in this scope
   KINETISK_SPI0.PUSHR = c | (pcs_data &lt;&lt; 16) | SPI_PUSHR_CTAS(0) | SPI_PUSHR_CONT;
   ^~~~~~~~~~~~~
/home/ec2-user/arduino-testlib/cli-datadir/user/libraries/ILI9341_t3/ILI9341_t3.h:201:48: error: &#39;SPI_PUSHR_CTAS&#39; was not declared in this scope
   KINETISK_SPI0.PUSHR = c | (pcs_data &lt;&lt; 16) | SPI_PUSHR_CTAS(0) | SPI_PUSHR_CONT;
                                                ^~~~~~~~~~~~~~
/home/ec2-user/arduino-testlib/cli-datadir/user/libraries/ILI9341_t3/ILI9341_t3.h:201:68: error: &#39;SPI_PUSHR_CONT&#39; was not declared in this scope
   KINETISK_SPI0.PUSHR = c | (pcs_data &lt;&lt; 16) | SPI_PUSHR_CTAS(0) | SPI_PUSHR_CONT;
                                                                    ^~~~~~~~~~~~~~
/home/ec2-user/arduino-testlib/cli-datadir/user/libraries/ILI9341_t3/ILI9341_t3.h: In member function &#39;void ILI9341_t3::writedata16_cont(uint16_t)&#39;:
/home/ec2-user/arduino-testlib/cli-datadir/user/libraries/ILI9341_t3/ILI9341_t3.h:205:3: error: &#39;KINETISK_SPI0&#39; was not declared in this scope
   KINETISK_SPI0.PUSHR = d | (pcs_data &lt;&lt; 16) | SPI_PUSHR_CTAS(1) | SPI_PUSHR_CONT;
   ^~~~~~~~~~~~~
/home/ec2-user/arduino-testlib/cli-datadir/user/libraries/ILI9341_t3/ILI9341_t3.h:205:48: error: &#39;SPI_PUSHR_CTAS&#39; was not declared in this scope
   KINETISK_SPI0.PUSHR = d | (pcs_data &lt;&lt; 16) | SPI_PUSHR_CTAS(1) | SPI_PUSHR_CONT;
                                                ^~~~~~~~~~~~~~
/home/ec2-user/arduino-testlib/cli-datadir/user/libraries/ILI9341_t3/ILI9341_t3.h:205:68: error: &#39;SPI_PUSHR_CONT&#39; was not declared in this scope
   KINETISK_SPI0.PUSHR = d | (pcs_data &lt;&lt; 16) | SPI_PUSHR_CTAS(1) | SPI_PUSHR_CONT;
                                                                    ^~~~~~~~~~~~~~
/home/ec2-user/arduino-testlib/cli-datadir/user/libraries/ILI9341_t3/ILI9341_t3.h: In member function &#39;void ILI9341_t3::writecommand_last(uint8_t)&#39;:
/home/ec2-user/arduino-testlib/cli-datadir/user/libraries/ILI9341_t3/ILI9341_t3.h:210:3: error: &#39;KINETISK_SPI0&#39; was not declared in this scope
   KINETISK_SPI0.SR = SPI_SR_TCF;
   ^~~~~~~~~~~~~
/home/ec2-user/arduino-testlib/cli-datadir/user/libraries/ILI9341_t3/ILI9341_t3.h:210:22: error: &#39;SPI_SR_TCF&#39; was not declared in this scope
   KINETISK_SPI0.SR = SPI_SR_TCF;
                      ^~~~~~~~~~
/home/ec2-user/arduino-testlib/cli-datadir/user/libraries/ILI9341_t3/ILI9341_t3.h:211:51: error: &#39;SPI_PUSHR_CTAS&#39; was not declared in this scope
   KINETISK_SPI0.PUSHR = c | (pcs_command &lt;&lt; 16) | SPI_PUSHR_CTAS(0);
                                                   ^~~~~~~~~~~~~~
/home/ec2-user/arduino-testlib/cli-datadir/user/libraries/ILI9341_t3/ILI9341_t3.h: In member function &#39;void ILI9341_t3::writedata8_last(uint8_t)&#39;:
/home/ec2-user/arduino-testlib/cli-datadir/user/libraries/ILI9341_t3/ILI9341_t3.h:216:3: error: &#39;KINETISK_SPI0&#39; was not declared in this scope
   KINETISK_SPI0.SR = SPI_SR_TCF;
   ^~~~~~~~~~~~~
/home/ec2-user/arduino-testlib/cli-datadir/user/libraries/ILI9341_t3/ILI9341_t3.h:216:22: error: &#39;SPI_SR_TCF&#39; was not declared in this scope
   KINETISK_SPI0.SR = SPI_SR_TCF;
                      ^~~~~~~~~~
/home/ec2-user/arduino-testlib/cli-datadir/user/libraries/ILI9341_t3/ILI9341_t3.h:217:48: error: &#39;SPI_PUSHR_CTAS&#39; was not declared in this scope
   KINETISK_SPI0.PUSHR = c | (pcs_data &lt;&lt; 16) | SPI_PUSHR_CTAS(0);
                                                ^~~~~~~~~~~~~~
/home/ec2-user/arduino-testlib/cli-datadir/user/libraries/ILI9341_t3/ILI9341_t3.h: In member function &#39;void ILI9341_t3::writedata16_last(uint16_t)&#39;:
/home/ec2-user/arduino-testlib/cli-datadir/user/libraries/ILI9341_t3/ILI9341_t3.h:222:3: error: &#39;KINETISK_SPI0&#39; was not declared in this scope
   KINETISK_SPI0.SR = SPI_SR_TCF;
   ^~~~~~~~~~~~~
/home/ec2-user/arduino-testlib/cli-datadir/user/libraries/ILI9341_t3/ILI9341_t3.h:222:22: error: &#39;SPI_SR_TCF&#39; was not declared in this scope
   KINETISK_SPI0.SR = SPI_SR_TCF;
                      ^~~~~~~~~~
/home/ec2-user/arduino-testlib/cli-datadir/user/libraries/ILI9341_t3/ILI9341_t3.h:223:48: error: &#39;SPI_PUSHR_CTAS&#39; was not declared in this scope
   KINETISK_SPI0.PUSHR = d | (pcs_data &lt;&lt; 16) | SPI_PUSHR_CTAS(1);
                                                ^~~~~~~~~~~~~~
In file included from /tmp/arduino-testlib3147559270/test/test.ino:1:0:
/home/ec2-user/arduino-testlib/cli-datadir/user/libraries/TeensyUserInterface/src/TeensyUserInterface.h: At global scope:
/home/ec2-user/arduino-testlib/cli-datadir/user/libraries/TeensyUserInterface/src/TeensyUserInterface.h:76:9: error: &#39;ILI9341_t3_font_t&#39; does not name a type; did you mean &#39;ILI9341_t3&#39;?
 typedef ILI9341_t3_font_t ui_font;
         ^~~~~~~~~~~~~~~~~
         ILI9341_t3
/home/ec2-user/arduino-testlib/cli-datadir/user/libraries/TeensyUserInterface/src/TeensyUserInterface.h:106:9: error: &#39;ui_font&#39; does not name a type
   const ui_font &amp;buttonFont;
         ^~~~~~~
/home/ec2-user/arduino-testlib/cli-datadir/user/libraries/TeensyUserInterface/src/TeensyUserInterface.h:234:42: error: &#39;ui_font&#39; does not name a type
     void begin(int lcdOrientation, const ui_font &amp;font);
                                          ^~~~~~~
In file included from /tmp/arduino-testlib3147559270/test/test.ino:1:0:
/home/ec2-user/arduino-testlib/cli-datadir/user/libraries/TeensyUserInterface/src/TeensyUserInterface.h:239:28: error: &#39;ui_font&#39; does not name a type
     void setMenuFont(const ui_font &amp;font);
                            ^~~~~~~
/home/ec2-user/arduino-testlib/cli-datadir/user/libraries/TeensyUserInterface/src/TeensyUserInterface.h:243:32: error: &#39;ui_font&#39; does not name a type
     void setTitleBarFont(const ui_font &amp;font);
                                ^~~~~~~
/home/ec2-user/arduino-testlib/cli-datadir/user/libraries/TeensyUserInterface/src/TeensyUserInterface.h:257:187: error: &#39;ui_font&#39; does not name a type
     void drawButton(const char *buttonText, int buttonX, int buttonY, int buttonWidth, int buttonHeight, uint16_t buttonColor, uint16_t buttonFrameColor, uint16_t buttonTextColor, const ui_font &amp;buttonFont);
                                                                                                                                                                                           ^~~~~~~
/home/ec2-user/arduino-testlib/cli-datadir/user/libraries/TeensyUserInterface/src/TeensyUserInterface.h:292:27: error: &#39;ui_font&#39; does not name a type
     void lcdSetFont(const ui_font &amp;font);
                           ^~~~~~~
/home/ec2-user/arduino-testlib/cli-datadir/user/libraries/TeensyUserInterface/src/TeensyUserInterface.h:331:11: error: &#39;ui_font&#39; does not name a type
     const ui_font *currentFont;
           ^~~~~~~
/home/ec2-user/arduino-testlib/cli-datadir/user/libraries/TeensyUserInterface/src/TeensyUserInterface.h:337:11: error: &#39;ui_font&#39; does not name a type
     const ui_font *titleBarFont;
           ^~~~~~~
/home/ec2-user/arduino-testlib/cli-datadir/user/libraries/TeensyUserInterface/src/TeensyUserInte</pre>

					
					<h4>examples/Example1_SimpleMenu</h4>
					<p>
						Result: <b>FAIL</b>
					</p>
					<pre class="pre-scrollable">/home/ec2-user/arduino-testlib/cli-datadir/user/libraries/TeensyUserInterface/examples/Example1_SimpleMenu/Example1_SimpleMenu.ino:52:10: fatal error: font_Arial.h: No such file or directory
 #include &lt;font_Arial.h&gt;
          ^~~~~~~~~~~~~~
compilation terminated.

</pre>
					
					<h4>examples/Example2_SetDisplayOrientation</h4>
					<p>
						Result: <b>FAIL</b>
					</p>
					<pre class="pre-scrollable">/home/ec2-user/arduino-testlib/cli-datadir/user/libraries/TeensyUserInterface/examples/Example2_SetDisplayOrientation/Example2_SetDisplayOrientation.ino:51:10: fatal error: font_Arial.h: No such file or directory
 #include &lt;font_Arial.h&gt;
          ^~~~~~~~~~~~~~
compilation terminated.

</pre>
					
					<h4>examples/Example3_MenusWithColumns</h4>
					<p>
						Result: <b>FAIL</b>
					</p>
					<pre class="pre-scrollable">/home/ec2-user/arduino-testlib/cli-datadir/user/libraries/TeensyUserInterface/examples/Example3_MenusWithColumns/Example3_MenusWithColumns.ino:22:10: fatal error: font_Arial.h: No such file or directory
 #include &lt;font_Arial.h&gt;
          ^~~~~~~~~~~~~~
compilation terminated.

</pre>
					
					<h4>examples/Example4_SettingTheMenuColor</h4>
					<p>
						Result: <b>FAIL</b>
					</p>
					<pre class="pre-scrollable">/home/ec2-user/arduino-testlib/cli-datadir/user/libraries/TeensyUserInterface/examples/Example4_SettingTheMenuColor/Example4_SettingTheMenuColor.ino:22:10: fatal error: font_Arial.h: No such file or directory
 #include &lt;font_Arial.h&gt;
          ^~~~~~~~~~~~~~
compilation terminated.

</pre>
					
					<h4>examples/Example5_ScreensWithInformation</h4>
					<p>
						Result: <b>FAIL</b>
					</p>
					<pre class="pre-scrollable">/home/ec2-user/arduino-testlib/cli-datadir/user/libraries/TeensyUserInterface/examples/Example5_ScreensWithInformation/Example5_ScreensWithInformation.ino:21:10: fatal error: font_Arial.h: No such file or directory
 #include &lt;font_Arial.h&gt;
          ^~~~~~~~~~~~~~
compilation terminated.

</pre>
					
					<h4>examples/Example6_GetNumbersAndValues</h4>
					<p>
						Result: <b>FAIL</b>
					</p>
					<pre class="pre-scrollable">/home/ec2-user/arduino-testlib/cli-datadir/user/libraries/TeensyUserInterface/examples/Example6_GetNumbersAndValues/Example6_GetNumbersAndValues.ino:21:10: fatal error: font_Arial.h: No such file or directory
 #include &lt;font_Arial.h&gt;
          ^~~~~~~~~~~~~~
compilation terminated.

</pre>
					
					<h4>examples/Example7_MenuWithSubMenus</h4>
					<p>
						Result: <b>FAIL</b>
					</p>
					<pre class="pre-scrollable">/home/ec2-user/arduino-testlib/cli-datadir/user/libraries/TeensyUserInterface/examples/Example7_MenuWithSubMenus/Example7_MenuWithSubMenus.ino:21:10: fatal error: font_Arial.h: No such file or directory
 #include &lt;font_Arial.h&gt;
          ^~~~~~~~~~~~~~
compilation terminated.

</pre>
					
					<h4>examples/Example8_StopWatch</h4>
					<p>
						Result: <b>FAIL</b>
					</p>
					<pre class="pre-scrollable">/home/ec2-user/arduino-testlib/cli-datadir/user/libraries/TeensyUserInterface/examples/Example8_StopWatch/Example8_StopWatch.ino:28:10: fatal error: font_Arial.h: No such file or directory
 #include &lt;font_Arial.h&gt;
          ^~~~~~~~~~~~~~
compilation terminated.

</pre>
					
				
				<h3 id="arduino:mbed_nano:nanorp2040connect">arduino:mbed_nano:nanorp2040connect @ 2.7.2</h3>
				<h4>Inclusion</h4>
				<p>
					Result: <b>FAIL</b>
					
				</p>
				<pre class="pre-scrollable">In file included from /home/ec2-user/arduino-testlib/cli-datadir/user/libraries/TeensyUserInterface/src/TeensyUserInterface.cpp:161:0:
/home/ec2-user/arduino-testlib/cli-datadir/user/libraries/Hello_Drum/src/EEPROM.h:25:10: fatal error: avr/eeprom.h: No such file or directory
 #include &lt;avr/eeprom.h&gt;
          ^~~~~~~~~~~~~~
compilation terminated.
Multiple libraries were found for &#34;EEPROM.h&#34;
  Used: /home/ec2-user/arduino-testlib/cli-datadir/user/libraries/Hello_Drum
  Not used: /home/ec2-user/arduino-testlib/cli-datadir/user/libraries/arduino-NVM
</pre>

					
					<h4>examples/Example1_SimpleMenu</h4>
					<p>
						Result: <b>FAIL</b>
					</p>
					<pre class="pre-scrollable">/home/ec2-user/arduino-testlib/cli-datadir/user/libraries/TeensyUserInterface/examples/Example1_SimpleMenu/Example1_SimpleMenu.ino:52:10: fatal error: font_Arial.h: No such file or directory
 #include &lt;font_Arial.h&gt;
          ^~~~~~~~~~~~~~
compilation terminated.

</pre>
					
					<h4>examples/Example2_SetDisplayOrientation</h4>
					<p>
						Result: <b>FAIL</b>
					</p>
					<pre class="pre-scrollable">/home/ec2-user/arduino-testlib/cli-datadir/user/libraries/TeensyUserInterface/examples/Example2_SetDisplayOrientation/Example2_SetDisplayOrientation.ino:51:10: fatal error: font_Arial.h: No such file or directory
 #include &lt;font_Arial.h&gt;
          ^~~~~~~~~~~~~~
compilation terminated.

</pre>
					
					<h4>examples/Example3_MenusWithColumns</h4>
					<p>
						Result: <b>FAIL</b>
					</p>
					<pre class="pre-scrollable">/home/ec2-user/arduino-testlib/cli-datadir/user/libraries/TeensyUserInterface/examples/Example3_MenusWithColumns/Example3_MenusWithColumns.ino:22:10: fatal error: font_Arial.h: No such file or directory
 #include &lt;font_Arial.h&gt;
          ^~~~~~~~~~~~~~
compilation terminated.

</pre>
					
					<h4>examples/Example4_SettingTheMenuColor</h4>
					<p>
						Result: <b>FAIL</b>
					</p>
					<pre class="pre-scrollable">/home/ec2-user/arduino-testlib/cli-datadir/user/libraries/TeensyUserInterface/examples/Example4_SettingTheMenuColor/Example4_SettingTheMenuColor.ino:22:10: fatal error: font_Arial.h: No such file or directory
 #include &lt;font_Arial.h&gt;
          ^~~~~~~~~~~~~~
compilation terminated.

</pre>
					
					<h4>examples/Example5_ScreensWithInformation</h4>
					<p>
						Result: <b>FAIL</b>
					</p>
					<pre class="pre-scrollable">/home/ec2-user/arduino-testlib/cli-datadir/user/libraries/TeensyUserInterface/examples/Example5_ScreensWithInformation/Example5_ScreensWithInformation.ino:21:10: fatal error: font_Arial.h: No such file or directory
 #include &lt;font_Arial.h&gt;
          ^~~~~~~~~~~~~~
compilation terminated.

</pre>
					
					<h4>examples/Example6_GetNumbersAndValues</h4>
					<p>
						Result: <b>FAIL</b>
					</p>
					<pre class="pre-scrollable">/home/ec2-user/arduino-testlib/cli-datadir/user/libraries/TeensyUserInterface/examples/Example6_GetNumbersAndValues/Example6_GetNumbersAndValues.ino:21:10: fatal error: font_Arial.h: No such file or directory
 #include &lt;font_Arial.h&gt;
          ^~~~~~~~~~~~~~
compilation terminated.

</pre>
					
					<h4>examples/Example7_MenuWithSubMenus</h4>
					<p>
						Result: <b>FAIL</b>
					</p>
					<pre class="pre-scrollable">/home/ec2-user/arduino-testlib/cli-datadir/user/libraries/TeensyUserInterface/examples/Example7_MenuWithSubMenus/Example7_MenuWithSubMenus.ino:21:10: fatal error: font_Arial.h: No such file or directory
 #include &lt;font_Arial.h&gt;
          ^~~~~~~~~~~~~~
compilation terminated.

</pre>
					
					<h4>examples/Example8_StopWatch</h4>
					<p>
						Result: <b>FAIL</b>
					</p>
					<pre class="pre-scrollable">/home/ec2-user/arduino-testlib/cli-datadir/user/libraries/TeensyUserInterface/examples/Example8_StopWatch/Example8_StopWatch.ino:28:10: fatal error: font_Arial.h: No such file or directory
 #include &lt;font_Arial.h&gt;
          ^~~~~~~~~~~~~~
compilation terminated.

</pre>
					
				
				<h3 id="arduino:megaavr:nona4809">arduino:megaavr:nona4809 @ 1.8.7</h3>
				<h4>Inclusion</h4>
				<p>
					Result: <b>FAIL</b>
					
				</p>
				<pre class="pre-scrollable">In file included from /home/ec2-user/arduino-testlib/cli-datadir/user/libraries/TeensyUserInterface/src/TeensyUserInterface.h:36:0,
                 from /tmp/arduino-testlib2230236773/test/test.ino:1:
/home/ec2-user/arduino-testlib/cli-datadir/user/libraries/ILI9341_t3/ILI9341_t3.h: In member function &#39;void ILI9341_t3::waitFifoNotFull()&#39;:
/home/ec2-user/arduino-testlib/cli-datadir/user/libraries/ILI9341_t3/ILI9341_t3.h:178:9: error: &#39;KINETISK_SPI0&#39; was not declared in this scope
    sr = KINETISK_SPI0.SR;
         ^~~~~~~~~~~~~
/home/ec2-user/arduino-testlib/cli-datadir/user/libraries/ILI9341_t3/ILI9341_t3.h: In member function &#39;void ILI9341_t3::waitFifoEmpty()&#39;:
/home/ec2-user/arduino-testlib/cli-datadir/user/libraries/ILI9341_t3/ILI9341_t3.h:187:9: error: &#39;KINETISK_SPI0&#39; was not declared in this scope
    sr = KINETISK_SPI0.SR;
         ^~~~~~~~~~~~~
/home/ec2-user/arduino-testlib/cli-datadir/user/libraries/ILI9341_t3/ILI9341_t3.h: In member function &#39;void ILI9341_t3::waitTransmitComplete()&#39;:
/home/ec2-user/arduino-testlib/cli-datadir/user/libraries/ILI9341_t3/ILI9341_t3.h:193:12: error: &#39;KINETISK_SPI0&#39; was not declared in this scope
   while (!(KINETISK_SPI0.SR &amp; SPI_SR_TCF)) ; // wait until final output done
            ^~~~~~~~~~~~~
/home/ec2-user/arduino-testlib/cli-datadir/user/libraries/ILI9341_t3/ILI9341_t3.h:193:31: error: &#39;SPI_SR_TCF&#39; was not declared in this scope
   while (!(KINETISK_SPI0.SR &amp; SPI_SR_TCF)) ; // wait until final output done
                               ^~~~~~~~~~
/home/ec2-user/arduino-testlib/cli-datadir/user/libraries/ILI9341_t3/ILI9341_t3.h:193:31: note: suggested alternative: &#39;SPI_PRESC_t&#39;
   while (!(KINETISK_SPI0.SR &amp; SPI_SR_TCF)) ; // wait until final output done
                               ^~~~~~~~~~
                               SPI_PRESC_t
/home/ec2-user/arduino-testlib/cli-datadir/user/libraries/ILI9341_t3/ILI9341_t3.h:194:9: error: &#39;KINETISK_SPI0&#39; was not declared in this scope
   tmp = KINETISK_SPI0.POPR;                  // drain the final RX FIFO word
         ^~~~~~~~~~~~~
/home/ec2-user/arduino-testlib/cli-datadir/user/libraries/ILI9341_t3/ILI9341_t3.h: In member function &#39;void ILI9341_t3::writecommand_cont(uint8_t)&#39;:
/home/ec2-user/arduino-testlib/cli-datadir/user/libraries/ILI9341_t3/ILI9341_t3.h:197:3: error: &#39;KINETISK_SPI0&#39; was not declared in this scope
   KINETISK_SPI0.PUSHR = c | (pcs_command &lt;&lt; 16) | SPI_PUSHR_CTAS(0) | SPI_PUSHR_CONT;
   ^~~~~~~~~~~~~
/home/ec2-user/arduino-testlib/cli-datadir/user/libraries/ILI9341_t3/ILI9341_t3.h:197:51: error: &#39;SPI_PUSHR_CTAS&#39; was not declared in this scope
   KINETISK_SPI0.PUSHR = c | (pcs_command &lt;&lt; 16) | SPI_PUSHR_CTAS(0) | SPI_PUSHR_CONT;
                                                   ^~~~~~~~~~~~~~
/home/ec2-user/arduino-testlib/cli-datadir/user/libraries/ILI9341_t3/ILI9341_t3.h:197:51: note: suggested alternative: &#39;SPI_BUFWR_bm&#39;
   KINETISK_SPI0.PUSHR = c | (pcs_command &lt;&lt; 16) | SPI_PUSHR_CTAS(0) | SPI_PUSHR_CONT;
                                                   ^~~~~~~~~~~~~~
                                                   SPI_BUFWR_bm
/home/ec2-user/arduino-testlib/cli-datadir/user/libraries/ILI9341_t3/ILI9341_t3.h:197:71: error: &#39;SPI_PUSHR_CONT&#39; was not declared in this scope
   KINETISK_SPI0.PUSHR = c | (pcs_command &lt;&lt; 16) | SPI_PUSHR_CTAS(0) | SPI_PUSHR_CONT;
                                                                       ^~~~~~~~~~~~~~
/home/ec2-user/arduino-testlib/cli-datadir/user/libraries/ILI9341_t3/ILI9341_t3.h:197:71: note: suggested alternative: &#39;PINS_COUNT&#39;
   KINETISK_SPI0.PUSHR = c | (pcs_command &lt;&lt; 16) | SPI_PUSHR_CTAS(0) | SPI_PUSHR_CONT;
                                                                       ^~~~~~~~~~~~~~
                                                                       PINS_COUNT
/home/ec2-user/arduino-testlib/cli-datadir/user/libraries/ILI9341_t3/ILI9341_t3.h: In member function &#39;void ILI9341_t3::writedata8_cont(uint8_t)&#39;:
/home/ec2-user/arduino-testlib/cli-datadir/user/libraries/ILI9341_t3/ILI9341_t3.h:201:3: error: &#39;KINETISK_SPI0&#39; was not declared in this scope
   KINETISK_SPI0.PUSHR = c | (pcs_data &lt;&lt; 16) | SPI_PUSHR_CTAS(0) | SPI_PUSHR_CONT;
   ^~~~~~~~~~~~~
/home/ec2-user/arduino-testlib/cli-datadir/user/libraries/ILI9341_t3/ILI9341_t3.h:201:48: error: &#39;SPI_PUSHR_CTAS&#39; was not declared in this scope
   KINETISK_SPI0.PUSHR = c | (pcs_data &lt;&lt; 16) | SPI_PUSHR_CTAS(0) | SPI_PUSHR_CONT;
                                                ^~~~~~~~~~~~~~
/home/ec2-user/arduino-testlib/cli-datadir/user/libraries/ILI9341_t3/ILI9341_t3.h:201:48: note: suggested alternative: &#39;SPI_BUFWR_bm&#39;
   KINETISK_SPI0.PUSHR = c | (pcs_data &lt;&lt; 16) | SPI_PUSHR_CTAS(0) | SPI_PUSHR_CONT;
                                                ^~~~~~~~~~~~~~
                                                SPI_BUFWR_bm
/home/ec2-user/arduino-testlib/cli-datadir/user/libraries/ILI9341_t3/ILI9341_t3.h:201:68: error: &#39;SPI_PUSHR_CONT&#39; was not declared in this scope
   KINETISK_SPI0.PUSHR = c | (pcs_data &lt;&lt; 16) | SPI_PUSHR_CTAS(0) | SPI_PUSHR_CONT;
                                                                    ^~~~~~~~~~~~~~
/home/ec2-user/arduino-testlib/cli-datadir/user/libraries/ILI9341_t3/ILI9341_t3.h:201:68: note: suggested alternative: &#39;PINS_COUNT&#39;
   KINETISK_SPI0.PUSHR = c | (pcs_data &lt;&lt; 16) | SPI_PUSHR_CTAS(0) | SPI_PUSHR_CONT;
                                                                    ^~~~~~~~~~~~~~
                                                                    PINS_COUNT
/home/ec2-user/arduino-testlib/cli-datadir/user/libraries/ILI9341_t3/ILI9341_t3.h: In member function &#39;void ILI9341_t3::writedata16_cont(uint16_t)&#39;:
/home/ec2-user/arduino-testlib/cli-datadir/user/libraries/ILI9341_t3/ILI9341_t3.h:205:3: error: &#39;KINETISK_SPI0&#39; was not declared in this scope
   KINETISK_SPI0.PUSHR = d | (pcs_data &lt;&lt; 16) | SPI_PUSHR_CTAS(1) | SPI_PUSHR_CONT;
   ^~~~~~~~~~~~~
/home/ec2-user/arduino-testlib/cli-datadir/user/libraries/ILI9341_t3/ILI9341_t3.h:205:48: error: &#39;SPI_PUSHR_CTAS&#39; was not declared in this scope
   KINETISK_SPI0.PUSHR = d | (pcs_data &lt;&lt; 16) | SPI_PUSHR_CTAS(1) | SPI_PUSHR_CONT;
                                                ^~~~~~~~~~~~~~
/home/ec2-user/arduino-testlib/cli-datadir/user/libraries/ILI9341_t3/ILI9341_t3.h:205:48: note: suggested alternative: &#39;SPI_BUFWR_bm&#39;
   KINETISK_SPI0.PUSHR = d | (pcs_data &lt;&lt; 16) | SPI_PUSHR_CTAS(1) | SPI_PUSHR_CONT;
                                                ^~~~~~~~~~~~~~
                                                SPI_BUFWR_bm
/home/ec2-user/arduino-testlib/cli-datadir/user/libraries/ILI9341_t3/ILI9341_t3.h:205:68: error: &#39;SPI_PUSHR_CONT&#39; was not declared in this scope
   KINETISK_SPI0.PUSHR = d | (pcs_data &lt;&lt; 16) | SPI_PUSHR_CTAS(1) | SPI_PUSHR_CONT;
                                                                    ^~~~~~~~~~~~~~
/home/ec2-user/arduino-testlib/cli-datadir/user/libraries/ILI9341_t3/ILI9341_t3.h:205:68: note: suggested alternative: &#39;PINS_COUNT&#39;
   KINETISK_SPI0.PUSHR = d | (pcs_data &lt;&lt; 16) | SPI_PUSHR_CTAS(1) | SPI_PUSHR_CONT;
                                                                    ^~~~~~~~~~~~~~
                                                                    PINS_COUNT
/home/ec2-user/arduino-testlib/cli-datadir/user/libraries/ILI9341_t3/ILI9341_t3.h: In member function &#39;void ILI9341_t3::writecommand_last(uint8_t)&#39;:
/home/ec2-user/arduino-testlib/cli-datadir/user/libraries/ILI9341_t3/ILI9341_t3.h:210:3: error: &#39;KINETISK_SPI0&#39; was not declared in this scope
   KINETISK_SPI0.SR = SPI_SR_TCF;
   ^~~~~~~~~~~~~
/home/ec2-user/arduino-testlib/cli-datadir/user/libraries/ILI9341_t3/ILI9341_t3.h:210:22: error: &#39;SPI_SR_TCF&#39; was not declared in this scope
   KINETISK_SPI0.SR = SPI_SR_TCF;
                      ^~~~~~~~~~
/home/ec2-user/arduino-testlib/cli-datadir/user/libraries/ILI9341_t3/ILI9341_t3.h:210:22: note: suggested alternative: &#39;SPI_PRESC_t&#39;
   KINETISK_SPI0.SR = SPI_SR_TCF;
                      ^~~~~~~~~~
                      SPI_PRESC_t
/home/ec2-user/arduino-testlib/cli-datadir/user/libraries/ILI9341_t3/ILI9341_t3.h:211:51: error: &#39;SPI_PUSHR_CTAS&#39; was not declared in this scope
   KINETISK_SPI0.PUSHR = c | (pcs_command &lt;&lt; 16) | SPI_PUSHR_CTAS(0);
                                                   ^~~~~~~~~~~~~~
/home/ec2-user/arduino-testlib/cli-datadir/user/libraries/ILI9341_t3/ILI9341_t3.h:211:51: note: suggested alternative: &#39;SPI_BUFWR_bm&#39;
   KINETISK_SPI0.PUSHR = c | (pcs_command &lt;&lt; 16) | SPI_PUSHR_CTAS(0);
                                                   ^~~~~~~~~~~~~~
                                                   SPI_BUFWR_bm
/home/ec2-user/arduino-testlib/cli-datadir/user/libraries/ILI9341_t3/ILI9341_t3.h: In member function &#39;void ILI9341_t3::writedata8_last(uint8_t)&#39;:
/home/ec2-user/arduino-testlib/cli-datadir/user/libraries/ILI9341_t3/ILI9341_t3.h:216:3: error: &#39;KINETISK_SPI0&#39; was not declared in this scope
   KINETISK_SPI0.SR = SPI_SR_TCF;
   ^~~~~~~~~~~~~
/home/ec2-user/arduino-testlib/cli-datadir/user/libraries/ILI9341_t3/ILI9341_t3.h:216:22: error: &#39;SPI_SR_TCF&#39; was not declared in this scope
   KINETISK_SPI0.SR = SPI_SR_TCF;
                      ^~~~~~~~~~
/home/ec2-user/arduino-testlib/cli-datadir/user/libraries/ILI9341_t3/ILI9341_t3.h:216:22: note: suggested alternative: &#39;SPI_PRESC_t&#39;
   KINETISK_SPI0.SR = SPI_SR_TCF;
                      ^~~~~~~~~~
                      SPI_PRESC_t
/home/ec2-user/arduino-testlib/cli-datadir/user/libraries/ILI9341_t3/ILI9341_t3.h:217:48: error: &#39;SPI_PUSHR_CTAS&#39; was not declared in this scope
   KINETISK_SPI0.PUSHR = c | (pcs_data &lt;&lt; 16) | SPI_PUSHR_CTAS(0);
                                                ^~~~~~~~~~~~~~
/home/ec2-user/arduino-testlib/cli-datadir/user/libraries/ILI9341_t3/ILI9341_t3.h:217:48: note: suggested alternative: &#39;SPI_BUFWR_bm&#39;
   KINETISK_SPI0.PUSHR = c | (pcs_data &lt;&lt; 16) | SPI_PUSHR_CTAS(0);
                                                ^~~~~~~~~~~~~~
                                    </pre>

					
					<h4>examples/Example1_SimpleMenu</h4>
					<p>
						Result: <b>FAIL</b>
					</p>
					<pre class="pre-scrollable">/home/ec2-user/arduino-testlib/cli-datadir/user/libraries/TeensyUserInterface/examples/Example1_SimpleMenu/Example1_SimpleMenu.ino:52:10: fatal error: font_Arial.h: No such file or directory
 #include &lt;font_Arial.h&gt;
          ^~~~~~~~~~~~~~
compilation terminated.

</pre>
					
					<h4>examples/Example2_SetDisplayOrientation</h4>
					<p>
						Result: <b>FAIL</b>
					</p>
					<pre class="pre-scrollable">/home/ec2-user/arduino-testlib/cli-datadir/user/libraries/TeensyUserInterface/examples/Example2_SetDisplayOrientation/Example2_SetDisplayOrientation.ino:51:10: fatal error: font_Arial.h: No such file or directory
 #include &lt;font_Arial.h&gt;
          ^~~~~~~~~~~~~~
compilation terminated.

</pre>
					
					<h4>examples/Example3_MenusWithColumns</h4>
					<p>
						Result: <b>FAIL</b>
					</p>
					<pre class="pre-scrollable">/home/ec2-user/arduino-testlib/cli-datadir/user/libraries/TeensyUserInterface/examples/Example3_MenusWithColumns/Example3_MenusWithColumns.ino:22:10: fatal error: font_Arial.h: No such file or directory
 #include &lt;font_Arial.h&gt;
          ^~~~~~~~~~~~~~
compilation terminated.

</pre>
					
					<h4>examples/Example4_SettingTheMenuColor</h4>
					<p>
						Result: <b>FAIL</b>
					</p>
					<pre class="pre-scrollable">/home/ec2-user/arduino-testlib/cli-datadir/user/libraries/TeensyUserInterface/examples/Example4_SettingTheMenuColor/Example4_SettingTheMenuColor.ino:22:10: fatal error: font_Arial.h: No such file or directory
 #include &lt;font_Arial.h&gt;
          ^~~~~~~~~~~~~~
compilation terminated.

</pre>
					
					<h4>examples/Example5_ScreensWithInformation</h4>
					<p>
						Result: <b>FAIL</b>
					</p>
					<pre class="pre-scrollable">/home/ec2-user/arduino-testlib/cli-datadir/user/libraries/TeensyUserInterface/examples/Example5_ScreensWithInformation/Example5_ScreensWithInformation.ino:21:10: fatal error: font_Arial.h: No such file or directory
 #include &lt;font_Arial.h&gt;
          ^~~~~~~~~~~~~~
compilation terminated.

</pre>
					
					<h4>examples/Example6_GetNumbersAndValues</h4>
					<p>
						Result: <b>FAIL</b>
					</p>
					<pre class="pre-scrollable">/home/ec2-user/arduino-testlib/cli-datadir/user/libraries/TeensyUserInterface/examples/Example6_GetNumbersAndValues/Example6_GetNumbersAndValues.ino:21:10: fatal error: font_Arial.h: No such file or directory
 #include &lt;font_Arial.h&gt;
          ^~~~~~~~~~~~~~
compilation terminated.

</pre>
					
					<h4>examples/Example7_MenuWithSubMenus</h4>
					<p>
						Result: <b>FAIL</b>
					</p>
					<pre class="pre-scrollable">/home/ec2-user/arduino-testlib/cli-datadir/user/libraries/TeensyUserInterface/examples/Example7_MenuWithSubMenus/Example7_MenuWithSubMenus.ino:21:10: fatal error: font_Arial.h: No such file or directory
 #include &lt;font_Arial.h&gt;
          ^~~~~~~~~~~~~~
compilation terminated.

</pre>
					
					<h4>examples/Example8_StopWatch</h4>
					<p>
						Result: <b>FAIL</b>
					</p>
					<pre class="pre-scrollable">/home/ec2-user/arduino-testlib/cli-datadir/user/libraries/TeensyUserInterface/examples/Example8_StopWatch/Example8_StopWatch.ino:28:10: fatal error: font_Arial.h: No such file or directory
 #include &lt;font_Arial.h&gt;
          ^~~~~~~~~~~~~~
compilation terminated.

</pre>
					
				
				<h3 id="arduino:samd:mkrwifi1010">arduino:samd:mkrwifi1010 @ 1.8.12</h3>
				<h4>Inclusion</h4>
				<p>
					Result: <b>FAIL</b>
					
				</p>
				<pre class="pre-scrollable">In file included from /home/ec2-user/arduino-testlib/cli-datadir/user/libraries/TeensyUserInterface/src/TeensyUserInterface.cpp:161:0:
/home/ec2-user/arduino-testlib/cli-datadir/user/libraries/Hello_Drum/src/EEPROM.h:25:10: fatal error: avr/eeprom.h: No such file or directory
 #include &lt;avr/eeprom.h&gt;
          ^~~~~~~~~~~~~~
compilation terminated.
Multiple libraries were found for &#34;EEPROM.h&#34;
  Used: /home/ec2-user/arduino-testlib/cli-datadir/user/libraries/Hello_Drum
  Not used: /home/ec2-user/arduino-testlib/cli-datadir/user/libraries/arduino-NVM
</pre>

					
					<h4>examples/Example1_SimpleMenu</h4>
					<p>
						Result: <b>FAIL</b>
					</p>
					<pre class="pre-scrollable">/home/ec2-user/arduino-testlib/cli-datadir/user/libraries/TeensyUserInterface/examples/Example1_SimpleMenu/Example1_SimpleMenu.ino:52:10: fatal error: font_Arial.h: No such file or directory
 #include &lt;font_Arial.h&gt;
          ^~~~~~~~~~~~~~
compilation terminated.

</pre>
					
					<h4>examples/Example2_SetDisplayOrientation</h4>
					<p>
						Result: <b>FAIL</b>
					</p>
					<pre class="pre-scrollable">/home/ec2-user/arduino-testlib/cli-datadir/user/libraries/TeensyUserInterface/examples/Example2_SetDisplayOrientation/Example2_SetDisplayOrientation.ino:51:10: fatal error: font_Arial.h: No such file or directory
 #include &lt;font_Arial.h&gt;
          ^~~~~~~~~~~~~~
compilation terminated.

</pre>
					
					<h4>examples/Example3_MenusWithColumns</h4>
					<p>
						Result: <b>FAIL</b>
					</p>
					<pre class="pre-scrollable">/home/ec2-user/arduino-testlib/cli-datadir/user/libraries/TeensyUserInterface/examples/Example3_MenusWithColumns/Example3_MenusWithColumns.ino:22:10: fatal error: font_Arial.h: No such file or directory
 #include &lt;font_Arial.h&gt;
          ^~~~~~~~~~~~~~
compilation terminated.

</pre>
					
					<h4>examples/Example4_SettingTheMenuColor</h4>
					<p>
						Result: <b>FAIL</b>
					</p>
					<pre class="pre-scrollable">/home/ec2-user/arduino-testlib/cli-datadir/user/libraries/TeensyUserInterface/examples/Example4_SettingTheMenuColor/Example4_SettingTheMenuColor.ino:22:10: fatal error: font_Arial.h: No such file or directory
 #include &lt;font_Arial.h&gt;
          ^~~~~~~~~~~~~~
compilation terminated.

</pre>
					
					<h4>examples/Example5_ScreensWithInformation</h4>
					<p>
						Result: <b>FAIL</b>
					</p>
					<pre class="pre-scrollable">/home/ec2-user/arduino-testlib/cli-datadir/user/libraries/TeensyUserInterface/examples/Example5_ScreensWithInformation/Example5_ScreensWithInformation.ino:21:10: fatal error: font_Arial.h: No such file or directory
 #include &lt;font_Arial.h&gt;
          ^~~~~~~~~~~~~~
compilation terminated.

</pre>
					
					<h4>examples/Example6_GetNumbersAndValues</h4>
					<p>
						Result: <b>FAIL</b>
					</p>
					<pre class="pre-scrollable">/home/ec2-user/arduino-testlib/cli-datadir/user/libraries/TeensyUserInterface/examples/Example6_GetNumbersAndValues/Example6_GetNumbersAndValues.ino:21:10: fatal error: font_Arial.h: No such file or directory
 #include &lt;font_Arial.h&gt;
          ^~~~~~~~~~~~~~
compilation terminated.

</pre>
					
					<h4>examples/Example7_MenuWithSubMenus</h4>
					<p>
						Result: <b>FAIL</b>
					</p>
					<pre class="pre-scrollable">/home/ec2-user/arduino-testlib/cli-datadir/user/libraries/TeensyUserInterface/examples/Example7_MenuWithSubMenus/Example7_MenuWithSubMenus.ino:21:10: fatal error: font_Arial.h: No such file or directory
 #include &lt;font_Arial.h&gt;
          ^~~~~~~~~~~~~~
compilation terminated.

</pre>
					
					<h4>examples/Example8_StopWatch</h4>
					<p>
						Result: <b>FAIL</b>
					</p>
					<pre class="pre-scrollable">/home/ec2-user/arduino-testlib/cli-datadir/user/libraries/TeensyUserInterface/examples/Example8_StopWatch/Example8_StopWatch.ino:28:10: fatal error: font_Arial.h: No such file or directory
 #include &lt;font_Arial.h&gt;
          ^~~~~~~~~~~~~~
compilation terminated.

</pre>
					
				
				<h3 id="esp32:esp32:d1_mini32">esp32:esp32:d1_mini32 @ 1.0.6</h3>
				<h4>Inclusion</h4>
				<p>
					Result: <b>FAIL</b>
					
				</p>
				<pre class="pre-scrollable">In file included from /home/ec2-user/arduino-testlib/cli-datadir/user/libraries/TeensyUserInterface/src/TeensyUserInterface.h:36:0,
                 from /tmp/arduino-testlib3270888819/test/test.ino:1:
/home/ec2-user/arduino-testlib/cli-datadir/user/libraries/ILI9341_t3/ILI9341_t3.h: In member function &#39;void ILI9341_t3::waitFifoNotFull()&#39;:
/home/ec2-user/arduino-testlib/cli-datadir/user/libraries/ILI9341_t3/ILI9341_t3.h:178:9: error: &#39;KINETISK_SPI0&#39; was not declared in this scope
    sr = KINETISK_SPI0.SR;
         ^
/home/ec2-user/arduino-testlib/cli-datadir/user/libraries/ILI9341_t3/ILI9341_t3.h: In member function &#39;void ILI9341_t3::waitFifoEmpty()&#39;:
/home/ec2-user/arduino-testlib/cli-datadir/user/libraries/ILI9341_t3/ILI9341_t3.h:187:9: error: &#39;KINETISK_SPI0&#39; was not declared in this scope
    sr = KINETISK_SPI0.SR;
         ^
/home/ec2-user/arduino-testlib/cli-datadir/user/libraries/ILI9341_t3/ILI9341_t3.h: In member function &#39;void ILI9341_t3::waitTransmitComplete()&#39;:
/home/ec2-user/arduino-testlib/cli-datadir/user/libraries/ILI9341_t3/ILI9341_t3.h:193:12: error: &#39;KINETISK_SPI0&#39; was not declared in this scope
   while (!(KINETISK_SPI0.SR &amp; SPI_SR_TCF)) ; // wait until final output done
            ^
/home/ec2-user/arduino-testlib/cli-datadir/user/libraries/ILI9341_t3/ILI9341_t3.h:193:31: error: &#39;SPI_SR_TCF&#39; was not declared in this scope
   while (!(KINETISK_SPI0.SR &amp; SPI_SR_TCF)) ; // wait until final output done
                               ^
/home/ec2-user/arduino-testlib/cli-datadir/user/libraries/ILI9341_t3/ILI9341_t3.h:194:9: error: &#39;KINETISK_SPI0&#39; was not declared in this scope
   tmp = KINETISK_SPI0.POPR;                  // drain the final RX FIFO word
         ^
/home/ec2-user/arduino-testlib/cli-datadir/user/libraries/ILI9341_t3/ILI9341_t3.h: In member function &#39;void ILI9341_t3::writecommand_cont(uint8_t)&#39;:
/home/ec2-user/arduino-testlib/cli-datadir/user/libraries/ILI9341_t3/ILI9341_t3.h:197:3: error: &#39;KINETISK_SPI0&#39; was not declared in this scope
   KINETISK_SPI0.PUSHR = c | (pcs_command &lt;&lt; 16) | SPI_PUSHR_CTAS(0) | SPI_PUSHR_CONT;
   ^
/home/ec2-user/arduino-testlib/cli-datadir/user/libraries/ILI9341_t3/ILI9341_t3.h:197:67: error: &#39;SPI_PUSHR_CTAS&#39; was not declared in this scope
   KINETISK_SPI0.PUSHR = c | (pcs_command &lt;&lt; 16) | SPI_PUSHR_CTAS(0) | SPI_PUSHR_CONT;
                                                                   ^
/home/ec2-user/arduino-testlib/cli-datadir/user/libraries/ILI9341_t3/ILI9341_t3.h:197:71: error: &#39;SPI_PUSHR_CONT&#39; was not declared in this scope
   KINETISK_SPI0.PUSHR = c | (pcs_command &lt;&lt; 16) | SPI_PUSHR_CTAS(0) | SPI_PUSHR_CONT;
                                                                       ^
/home/ec2-user/arduino-testlib/cli-datadir/user/libraries/ILI9341_t3/ILI9341_t3.h: In member function &#39;void ILI9341_t3::writedata8_cont(uint8_t)&#39;:
/home/ec2-user/arduino-testlib/cli-datadir/user/libraries/ILI9341_t3/ILI9341_t3.h:201:3: error: &#39;KINETISK_SPI0&#39; was not declared in this scope
   KINETISK_SPI0.PUSHR = c | (pcs_data &lt;&lt; 16) | SPI_PUSHR_CTAS(0) | SPI_PUSHR_CONT;
   ^
/home/ec2-user/arduino-testlib/cli-datadir/user/libraries/ILI9341_t3/ILI9341_t3.h:201:64: error: &#39;SPI_PUSHR_CTAS&#39; was not declared in this scope
   KINETISK_SPI0.PUSHR = c | (pcs_data &lt;&lt; 16) | SPI_PUSHR_CTAS(0) | SPI_PUSHR_CONT;
                                                                ^
/home/ec2-user/arduino-testlib/cli-datadir/user/libraries/ILI9341_t3/ILI9341_t3.h:201:68: error: &#39;SPI_PUSHR_CONT&#39; was not declared in this scope
   KINETISK_SPI0.PUSHR = c | (pcs_data &lt;&lt; 16) | SPI_PUSHR_CTAS(0) | SPI_PUSHR_CONT;
                                                                    ^
/home/ec2-user/arduino-testlib/cli-datadir/user/libraries/ILI9341_t3/ILI9341_t3.h: In member function &#39;void ILI9341_t3::writedata16_cont(uint16_t)&#39;:
/home/ec2-user/arduino-testlib/cli-datadir/user/libraries/ILI9341_t3/ILI9341_t3.h:205:3: error: &#39;KINETISK_SPI0&#39; was not declared in this scope
   KINETISK_SPI0.PUSHR = d | (pcs_data &lt;&lt; 16) | SPI_PUSHR_CTAS(1) | SPI_PUSHR_CONT;
   ^
/home/ec2-user/arduino-testlib/cli-datadir/user/libraries/ILI9341_t3/ILI9341_t3.h:205:64: error: &#39;SPI_PUSHR_CTAS&#39; was not declared in this scope
   KINETISK_SPI0.PUSHR = d | (pcs_data &lt;&lt; 16) | SPI_PUSHR_CTAS(1) | SPI_PUSHR_CONT;
                                                                ^
/home/ec2-user/arduino-testlib/cli-datadir/user/libraries/ILI9341_t3/ILI9341_t3.h:205:68: error: &#39;SPI_PUSHR_CONT&#39; was not declared in this scope
   KINETISK_SPI0.PUSHR = d | (pcs_data &lt;&lt; 16) | SPI_PUSHR_CTAS(1) | SPI_PUSHR_CONT;
                                                                    ^
/home/ec2-user/arduino-testlib/cli-datadir/user/libraries/ILI9341_t3/ILI9341_t3.h: In member function &#39;void ILI9341_t3::writecommand_last(uint8_t)&#39;:
/home/ec2-user/arduino-testlib/cli-datadir/user/libraries/ILI9341_t3/ILI9341_t3.h:210:3: error: &#39;KINETISK_SPI0&#39; was not declared in this scope
   KINETISK_SPI0.SR = SPI_SR_TCF;
   ^
/home/ec2-user/arduino-testlib/cli-datadir/user/libraries/ILI9341_t3/ILI9341_t3.h:210:22: error: &#39;SPI_SR_TCF&#39; was not declared in this scope
   KINETISK_SPI0.SR = SPI_SR_TCF;
                      ^
/home/ec2-user/arduino-testlib/cli-datadir/user/libraries/ILI9341_t3/ILI9341_t3.h:211:67: error: &#39;SPI_PUSHR_CTAS&#39; was not declared in this scope
   KINETISK_SPI0.PUSHR = c | (pcs_command &lt;&lt; 16) | SPI_PUSHR_CTAS(0);
                                                                   ^
/home/ec2-user/arduino-testlib/cli-datadir/user/libraries/ILI9341_t3/ILI9341_t3.h: In member function &#39;void ILI9341_t3::writedata8_last(uint8_t)&#39;:
/home/ec2-user/arduino-testlib/cli-datadir/user/libraries/ILI9341_t3/ILI9341_t3.h:216:3: error: &#39;KINETISK_SPI0&#39; was not declared in this scope
   KINETISK_SPI0.SR = SPI_SR_TCF;
   ^
/home/ec2-user/arduino-testlib/cli-datadir/user/libraries/ILI9341_t3/ILI9341_t3.h:216:22: error: &#39;SPI_SR_TCF&#39; was not declared in this scope
   KINETISK_SPI0.SR = SPI_SR_TCF;
                      ^
/home/ec2-user/arduino-testlib/cli-datadir/user/libraries/ILI9341_t3/ILI9341_t3.h:217:64: error: &#39;SPI_PUSHR_CTAS&#39; was not declared in this scope
   KINETISK_SPI0.PUSHR = c | (pcs_data &lt;&lt; 16) | SPI_PUSHR_CTAS(0);
                                                                ^
/home/ec2-user/arduino-testlib/cli-datadir/user/libraries/ILI9341_t3/ILI9341_t3.h: In member function &#39;void ILI9341_t3::writedata16_last(uint16_t)&#39;:
/home/ec2-user/arduino-testlib/cli-datadir/user/libraries/ILI9341_t3/ILI9341_t3.h:222:3: error: &#39;KINETISK_SPI0&#39; was not declared in this scope
   KINETISK_SPI0.SR = SPI_SR_TCF;
   ^
/home/ec2-user/arduino-testlib/cli-datadir/user/libraries/ILI9341_t3/ILI9341_t3.h:222:22: error: &#39;SPI_SR_TCF&#39; was not declared in this scope
   KINETISK_SPI0.SR = SPI_SR_TCF;
                      ^
/home/ec2-user/arduino-testlib/cli-datadir/user/libraries/ILI9341_t3/ILI9341_t3.h:223:64: error: &#39;SPI_PUSHR_CTAS&#39; was not declared in this scope
   KINETISK_SPI0.PUSHR = d | (pcs_data &lt;&lt; 16) | SPI_PUSHR_CTAS(1);
                                                                ^
In file included from /tmp/arduino-testlib3270888819/test/test.ino:1:0:
/home/ec2-user/arduino-testlib/cli-datadir/user/libraries/TeensyUserInterface/src/TeensyUserInterface.h: At global scope:
/home/ec2-user/arduino-testlib/cli-datadir/user/libraries/TeensyUserInterface/src/TeensyUserInterface.h:76:9: error: &#39;ILI9341_t3_font_t&#39; does not name a type
 typedef ILI9341_t3_font_t ui_font;
         ^
/home/ec2-user/arduino-testlib/cli-datadir/user/libraries/TeensyUserInterface/src/TeensyUserInterface.h:106:9: error: &#39;ui_font&#39; does not name a type
   const ui_font &amp;buttonFont;
         ^
/home/ec2-user/arduino-testlib/cli-datadir/user/libraries/TeensyUserInterface/src/TeensyUserInterface.h:234:42: error: &#39;ui_font&#39; does not name a type
     void begin(int lcdOrientation, const ui_font &amp;font);
                                          ^
In file included from /tmp/arduino-testlib3270888819/test/test.ino:1:0:
/home/ec2-user/arduino-testlib/cli-datadir/user/libraries/TeensyUserInterface/src/TeensyUserInterface.h:239:28: error: &#39;ui_font&#39; does not name a type
     void setMenuFont(const ui_font &amp;font);
                            ^
/home/ec2-user/arduino-testlib/cli-datadir/user/libraries/TeensyUserInterface/src/TeensyUserInterface.h:243:32: error: &#39;ui_font&#39; does not name a type
     void setTitleBarFont(const ui_font &amp;font);
                                ^
/home/ec2-user/arduino-testlib/cli-datadir/user/libraries/TeensyUserInterface/src/TeensyUserInterface.h:257:187: error: &#39;ui_font&#39; does not name a type
     void drawButton(const char *buttonText, int buttonX, int buttonY, int buttonWidth, int buttonHeight, uint16_t buttonColor, uint16_t buttonFrameColor, uint16_t buttonTextColor, const ui_font &amp;buttonFont);
                                                                                                                                                                                           ^
/home/ec2-user/arduino-testlib/cli-datadir/user/libraries/TeensyUserInterface/src/TeensyUserInterface.h:292:27: error: &#39;ui_font&#39; does not name a type
     void lcdSetFont(const ui_font &amp;font);
                           ^
/home/ec2-user/arduino-testlib/cli-datadir/user/libraries/TeensyUserInterface/src/TeensyUserInterface.h:331:11: error: &#39;ui_font&#39; does not name a type
     const ui_font *currentFont;
           ^
/home/ec2-user/arduino-testlib/cli-datadir/user/libraries/TeensyUserInterface/src/TeensyUserInterface.h:337:11: error: &#39;ui_font&#39; does not name a type
     const ui_font *titleBarFont;
           ^
/home/ec2-user/arduino-testlib/cli-datadir/user/libraries/TeensyUserInterface/src/TeensyUserInterface.h:345:11: error: &#39;ui_font&#39; does not name a type
     const ui_font *menuButtonFont;
           ^
/home/ec2-user/arduino-testlib/cli-datadir/user/libraries/TeensyUserInterface/src/TeensyUserInterface.h:390:50: error: &#39;ui_font&#39; does not name a type
     void lcdInitialize(int lcdOrie</pre>

					
					<h4>examples/Example1_SimpleMenu</h4>
					<p>
						Result: <b>FAIL</b>
					</p>
					<pre class="pre-scrollable">/home/ec2-user/arduino-testlib/cli-datadir/user/libraries/TeensyUserInterface/examples/Example1_SimpleMenu/Example1_SimpleMenu.ino:52:24: fatal error: font_Arial.h: No such file or directory
 #include &lt;font_Arial.h&gt;
                        ^
compilation terminated.

</pre>
					
					<h4>examples/Example2_SetDisplayOrientation</h4>
					<p>
						Result: <b>FAIL</b>
					</p>
					<pre class="pre-scrollable">/home/ec2-user/arduino-testlib/cli-datadir/user/libraries/TeensyUserInterface/examples/Example2_SetDisplayOrientation/Example2_SetDisplayOrientation.ino:51:24: fatal error: font_Arial.h: No such file or directory
 #include &lt;font_Arial.h&gt;
                        ^
compilation terminated.

</pre>
					
					<h4>examples/Example3_MenusWithColumns</h4>
					<p>
						Result: <b>FAIL</b>
					</p>
					<pre class="pre-scrollable">/home/ec2-user/arduino-testlib/cli-datadir/user/libraries/TeensyUserInterface/examples/Example3_MenusWithColumns/Example3_MenusWithColumns.ino:22:24: fatal error: font_Arial.h: No such file or directory
 #include &lt;font_Arial.h&gt;
                        ^
compilation terminated.

</pre>
					
					<h4>examples/Example4_SettingTheMenuColor</h4>
					<p>
						Result: <b>FAIL</b>
					</p>
					<pre class="pre-scrollable">/home/ec2-user/arduino-testlib/cli-datadir/user/libraries/TeensyUserInterface/examples/Example4_SettingTheMenuColor/Example4_SettingTheMenuColor.ino:22:24: fatal error: font_Arial.h: No such file or directory
 #include &lt;font_Arial.h&gt;
                        ^
compilation terminated.

</pre>
					
					<h4>examples/Example5_ScreensWithInformation</h4>
					<p>
						Result: <b>FAIL</b>
					</p>
					<pre class="pre-scrollable">/home/ec2-user/arduino-testlib/cli-datadir/user/libraries/TeensyUserInterface/examples/Example5_ScreensWithInformation/Example5_ScreensWithInformation.ino:21:24: fatal error: font_Arial.h: No such file or directory
 #include &lt;font_Arial.h&gt;
                        ^
compilation terminated.

</pre>
					
					<h4>examples/Example6_GetNumbersAndValues</h4>
					<p>
						Result: <b>FAIL</b>
					</p>
					<pre class="pre-scrollable">/home/ec2-user/arduino-testlib/cli-datadir/user/libraries/TeensyUserInterface/examples/Example6_GetNumbersAndValues/Example6_GetNumbersAndValues.ino:21:24: fatal error: font_Arial.h: No such file or directory
 #include &lt;font_Arial.h&gt;
                        ^
compilation terminated.

</pre>
					
					<h4>examples/Example7_MenuWithSubMenus</h4>
					<p>
						Result: <b>FAIL</b>
					</p>
					<pre class="pre-scrollable">/home/ec2-user/arduino-testlib/cli-datadir/user/libraries/TeensyUserInterface/examples/Example7_MenuWithSubMenus/Example7_MenuWithSubMenus.ino:21:24: fatal error: font_Arial.h: No such file or directory
 #include &lt;font_Arial.h&gt;
                        ^
compilation terminated.

</pre>
					
					<h4>examples/Example8_StopWatch</h4>
					<p>
						Result: <b>FAIL</b>
					</p>
					<pre class="pre-scrollable">/home/ec2-user/arduino-testlib/cli-datadir/user/libraries/TeensyUserInterface/examples/Example8_StopWatch/Example8_StopWatch.ino:28:24: fatal error: font_Arial.h: No such file or directory
 #include &lt;font_Arial.h&gt;
                        ^
compilation terminated.

</pre>
					
				
			</div>
		</div>
	</div>
  </body>
</html>
