
<!doctype html>
<html lang="en">
  <head>
    <meta charset="utf-8">
    <meta name="viewport" content="width=device-width, initial-scale=1">
    <link href="https://cdn.jsdelivr.net/npm/bootstrap@5.0.2/dist/css/bootstrap.min.css" rel="stylesheet" integrity="sha384-EVSTQN3/azprG1Anm3QDgpJLIm9Nao0Yz1ztcQTwFspd3yD65VohhpuuCOmLASjC" crossorigin="anonymous">
    <title>arduino-testlib report</title>
	<style>
	.pass { background-color: #00FF00 !important; }
	.fail { background-color: #FF0000 !important; }
	</style>
  </head>
  <body>
	<div class="container">
		<div class="row">
			<div class="col">
				<h1>TickTwo - compatibility matrix</h1>
				<p>
					<small>This report was generated on Monday, 21-Feb-22 12:00:25 CET using 
					<a href="https://github.com/alranel/arduino-testlib">arduino-testlib</a>.</small>
				</p>

				<h2>TickTwo</h2>
				<p>
					Version: <b>4.4.0</b>
					<br />
					<a href="https://www.arduino.cc/reference/en/libraries/ticktwo/">More details</a>
				</p>

				<h2>Compatibility matrix</h2>
				<table class="table table-bordered">
					<tr>
						<th>Board</th>
						<th>Claims compatibility</th>
						<th>Inclusion</th>
						
						<th><pre>FunctionalARM</pre></th>
						
						<th><pre>Ticker</pre></th>
						
					</tr>
					
					<tr>
						<td>
							<a href="#arduino%3aavr%3auno"><b>arduino:avr:uno</b></a>
							<br />
							<small>1.8.4</small>
						</td>

						
							<td>Yes</td>
							<td class="pass">PASS</td>
						
						
						
						

						
							
								
									
										
											
											<td class="fail">FAIL</td>
										
									
										
									
								
							
								
							
								
							
								
							
								
							
						
							
								
									
										
									
										
											<td class="pass">PASS</td>
											
										
									
								
							
								
							
								
							
								
							
								
							
						
					</tr>
					
					<tr>
						<td>
							<a href="#arduino%3ambed_nano%3ananorp2040connect"><b>arduino:mbed_nano:nanorp2040connect</b></a>
							<br />
							<small>2.7.2</small>
						</td>

						
							<td>Yes</td>
							<td class="pass">PASS</td>
						
						
						
						

						
							
								
							
								
									
										
											
											<td class="fail">FAIL</td>
										
									
										
									
								
							
								
							
								
							
								
							
						
							
								
							
								
									
										
									
										
											<td class="pass">PASS</td>
											
										
									
								
							
								
							
								
							
								
							
						
					</tr>
					
					<tr>
						<td>
							<a href="#arduino%3amegaavr%3anona4809"><b>arduino:megaavr:nona4809</b></a>
							<br />
							<small>1.8.7</small>
						</td>

						
							<td>Yes</td>
							<td class="pass">PASS</td>
						
						
						
						

						
							
								
							
								
							
								
									
										
											
											<td class="fail">FAIL</td>
										
									
										
									
								
							
								
							
								
							
						
							
								
							
								
							
								
									
										
									
										
											<td class="pass">PASS</td>
											
										
									
								
							
								
							
								
							
						
					</tr>
					
					<tr>
						<td>
							<a href="#arduino%3asamd%3amkrwifi1010"><b>arduino:samd:mkrwifi1010</b></a>
							<br />
							<small>1.8.12</small>
						</td>

						
							<td>Yes</td>
							<td class="pass">PASS</td>
						
						
						
						

						
							
								
							
								
							
								
							
								
									
										
											
											<td class="fail">FAIL</td>
										
									
										
									
								
							
								
							
						
							
								
							
								
							
								
							
								
									
										
									
										
											<td class="pass">PASS</td>
											
										
									
								
							
								
							
						
					</tr>
					
					<tr>
						<td>
							<a href="#esp32%3aesp32%3ad1_mini32"><b>esp32:esp32:d1_mini32</b></a>
							<br />
							<small>1.0.6</small>
						</td>

						
							<td>Yes</td>
							<td class="pass">PASS</td>
						
						
						
						

						
							
								
							
								
							
								
							
								
							
								
									
										
											
											<td class="fail">FAIL</td>
										
									
										
									
								
							
						
							
								
							
								
							
								
							
								
							
								
									
										
									
										
											<td class="pass">PASS</td>
											
										
									
								
							
						
					</tr>
					
				</table>

				<h2>Compilation logs</h2>
				
				<h3 id="arduino:avr:uno">arduino:avr:uno @ 1.8.4</h3>
				<h4>Inclusion</h4>
				<p>
					Result: <b>PASS</b>
					
				</p>
				<pre class="pre-scrollable">Sketch uses 444 bytes (1%) of program storage space. Maximum is 32256 bytes.
Global variables use 9 bytes (0%) of dynamic memory, leaving 2039 bytes for local variables. Maximum is 2048 bytes.
</pre>

					
					<h4>examples/FunctionalARM</h4>
					<p>
						Result: <b>FAIL</b>
					</p>
					<pre class="pre-scrollable">/home/ec2-user/arduino-testlib/cli-datadir/user/libraries/TickTwo/examples/FunctionalARM/FunctionalARM.ino: In member function &#39;void A::func()&#39;:
/home/ec2-user/arduino-testlib/cli-datadir/user/libraries/TickTwo/examples/FunctionalARM/FunctionalARM.ino:15:12: error: &#39;class HardwareSerial&#39; has no member named &#39;printf&#39;; did you mean &#39;print&#39;?
     Serial.printf(&#34;A::func: %s.\n&#34;, flag ? &#34;true&#34; : &#34;false&#34;);
            ^~~~~~
            print
/home/ec2-user/arduino-testlib/cli-datadir/user/libraries/TickTwo/examples/FunctionalARM/FunctionalARM.ino: At global scope:
/home/ec2-user/arduino-testlib/cli-datadir/user/libraries/TickTwo/examples/FunctionalARM/FunctionalARM.ino:41:3: error: &#39;Ticker&#39; does not name a type; did you mean &#39;ticker3&#39;?
   Ticker ticker;
   ^~~~~~
   ticker3
/home/ec2-user/arduino-testlib/cli-datadir/user/libraries/TickTwo/examples/FunctionalARM/FunctionalARM.ino: In constructor &#39;B::B(bool)&#39;:
/home/ec2-user/arduino-testlib/cli-datadir/user/libraries/TickTwo/examples/FunctionalARM/FunctionalARM.ino:33:30: error: class &#39;B&#39; does not have any field named &#39;ticker&#39;
   B(bool flag) : flag(flag), ticker{[this](){this-&gt;func();}, 1000, 0, MILLIS} {
                              ^~~~~~
/home/ec2-user/arduino-testlib/cli-datadir/user/libraries/TickTwo/examples/FunctionalARM/FunctionalARM.ino:34:5: error: &#39;ticker&#39; was not declared in this scope
     ticker.start();
     ^~~~~~
/home/ec2-user/arduino-testlib/cli-datadir/user/libraries/TickTwo/examples/FunctionalARM/FunctionalARM.ino:34:5: note: suggested alternative: &#39;ticker3&#39;
     ticker.start();
     ^~~~~~
     ticker3
/home/ec2-user/arduino-testlib/cli-datadir/user/libraries/TickTwo/examples/FunctionalARM/FunctionalARM.ino: In member function &#39;void B::func()&#39;:
/home/ec2-user/arduino-testlib/cli-datadir/user/libraries/TickTwo/examples/FunctionalARM/FunctionalARM.ino:38:12: error: &#39;class HardwareSerial&#39; has no member named &#39;printf&#39;; did you mean &#39;print&#39;?
     Serial.printf(&#34;B::func: %s.\n&#34;, flag ? &#34;true&#34; : &#34;false&#34;);
            ^~~~~~
            print
/home/ec2-user/arduino-testlib/cli-datadir/user/libraries/TickTwo/examples/FunctionalARM/FunctionalARM.ino: In member function &#39;void C::operator()() const&#39;:
/home/ec2-user/arduino-testlib/cli-datadir/user/libraries/TickTwo/examples/FunctionalARM/FunctionalARM.ino:53:12: error: &#39;class HardwareSerial&#39; has no member named &#39;printf&#39;; did you mean &#39;print&#39;?
     Serial.printf(&#34;C(): %d.\n&#34;, num);
            ^~~~~~
            print
/home/ec2-user/arduino-testlib/cli-datadir/user/libraries/TickTwo/examples/FunctionalARM/FunctionalARM.ino: At global scope:
/home/ec2-user/arduino-testlib/cli-datadir/user/libraries/TickTwo/examples/FunctionalARM/FunctionalARM.ino:60:35: error: no matching function for call to &#39;TickTwo::TickTwo(C&amp;, int, int, resolution_t)&#39;
 TickTwo ticker4(c, 1000, 0, MILLIS);
                                   ^
In file included from /home/ec2-user/arduino-testlib/cli-datadir/user/libraries/TickTwo/examples/FunctionalARM/FunctionalARM.ino:1:0:
/home/ec2-user/arduino-testlib/cli-datadir/user/libraries/TickTwo/TickTwo.h:74:2: note: candidate: TickTwo::TickTwo(fptr, uint32_t, uint32_t, resolution_t)
  TickTwo(fptr callback, uint32_t timer, uint32_t repeat = 0, resolution_t resolution = MICROS);
  ^~~~~~~
/home/ec2-user/arduino-testlib/cli-datadir/user/libraries/TickTwo/TickTwo.h:74:2: note:   no known conversion for argument 1 from &#39;C&#39; to &#39;fptr {aka void (*)()}&#39;
/home/ec2-user/arduino-testlib/cli-datadir/user/libraries/TickTwo/TickTwo.h:62:7: note: candidate: constexpr TickTwo::TickTwo(const TickTwo&amp;)
 class TickTwo {
       ^~~~~~~
/home/ec2-user/arduino-testlib/cli-datadir/user/libraries/TickTwo/TickTwo.h:62:7: note:   candidate expects 1 argument, 4 provided
/home/ec2-user/arduino-testlib/cli-datadir/user/libraries/TickTwo/examples/FunctionalARM/FunctionalARM.ino: In function &#39;void loop()&#39;:
/home/ec2-user/arduino-testlib/cli-datadir/user/libraries/TickTwo/examples/FunctionalARM/FunctionalARM.ino:77:5: error: &#39;class B&#39; has no member named &#39;ticker&#39;
   b.ticker.update();
     ^~~~~~

</pre>
					
					<h4>examples/Ticker</h4>
					<p>
						Result: <b>PASS</b>
					</p>
					<pre class="pre-scrollable">Sketch uses 3124 bytes (9%) of program storage space. Maximum is 32256 bytes.
Global variables use 366 bytes (17%) of dynamic memory, leaving 1682 bytes for local variables. Maximum is 2048 bytes.
</pre>
					
				
				<h3 id="arduino:mbed_nano:nanorp2040connect">arduino:mbed_nano:nanorp2040connect @ 2.7.2</h3>
				<h4>Inclusion</h4>
				<p>
					Result: <b>PASS</b>
					
				</p>
				<pre class="pre-scrollable">Sketch uses 78804 bytes (0%) of program storage space. Maximum is 16777216 bytes.
Global variables use 43464 bytes (16%) of dynamic memory, leaving 226872 bytes for local variables. Maximum is 270336 bytes.
</pre>

					
					<h4>examples/FunctionalARM</h4>
					<p>
						Result: <b>FAIL</b>
					</p>
					<pre class="pre-scrollable">/home/ec2-user/arduino-testlib/cli-datadir/user/libraries/TickTwo/examples/FunctionalARM/FunctionalARM.ino: In member function &#39;void A::func()&#39;:
/home/ec2-user/arduino-testlib/cli-datadir/user/libraries/TickTwo/examples/FunctionalARM/FunctionalARM.ino:15:12: error: &#39;class arduino::UART&#39; has no member named &#39;printf&#39;; did you mean &#39;print&#39;?
     Serial.printf(&#34;A::func: %s.\n&#34;, flag ? &#34;true&#34; : &#34;false&#34;);
            ^~~~~~
            print
/home/ec2-user/arduino-testlib/cli-datadir/user/libraries/TickTwo/examples/FunctionalARM/FunctionalARM.ino: At global scope:
/home/ec2-user/arduino-testlib/cli-datadir/user/libraries/TickTwo/examples/FunctionalARM/FunctionalARM.ino:41:3: error: &#39;Ticker&#39; does not name a type; did you mean &#39;ticker3&#39;?
   Ticker ticker;
   ^~~~~~
   ticker3
/home/ec2-user/arduino-testlib/cli-datadir/user/libraries/TickTwo/examples/FunctionalARM/FunctionalARM.ino: In constructor &#39;B::B(bool)&#39;:
/home/ec2-user/arduino-testlib/cli-datadir/user/libraries/TickTwo/examples/FunctionalARM/FunctionalARM.ino:33:30: error: class &#39;B&#39; does not have any field named &#39;ticker&#39;
   B(bool flag) : flag(flag), ticker{[this](){this-&gt;func();}, 1000, 0, MILLIS} {
                              ^~~~~~
/home/ec2-user/arduino-testlib/cli-datadir/user/libraries/TickTwo/examples/FunctionalARM/FunctionalARM.ino:34:5: error: &#39;ticker&#39; was not declared in this scope
     ticker.start();
     ^~~~~~
/home/ec2-user/arduino-testlib/cli-datadir/user/libraries/TickTwo/examples/FunctionalARM/FunctionalARM.ino:34:5: note: suggested alternative: &#39;ticker3&#39;
     ticker.start();
     ^~~~~~
     ticker3
/home/ec2-user/arduino-testlib/cli-datadir/user/libraries/TickTwo/examples/FunctionalARM/FunctionalARM.ino: In member function &#39;void B::func()&#39;:
/home/ec2-user/arduino-testlib/cli-datadir/user/libraries/TickTwo/examples/FunctionalARM/FunctionalARM.ino:38:12: error: &#39;class arduino::UART&#39; has no member named &#39;printf&#39;; did you mean &#39;print&#39;?
     Serial.printf(&#34;B::func: %s.\n&#34;, flag ? &#34;true&#34; : &#34;false&#34;);
            ^~~~~~
            print
/home/ec2-user/arduino-testlib/cli-datadir/user/libraries/TickTwo/examples/FunctionalARM/FunctionalARM.ino: In member function &#39;void C::operator()() const&#39;:
/home/ec2-user/arduino-testlib/cli-datadir/user/libraries/TickTwo/examples/FunctionalARM/FunctionalARM.ino:53:12: error: &#39;class arduino::UART&#39; has no member named &#39;printf&#39;; did you mean &#39;print&#39;?
     Serial.printf(&#34;C(): %d.\n&#34;, num);
            ^~~~~~
            print
/home/ec2-user/arduino-testlib/cli-datadir/user/libraries/TickTwo/examples/FunctionalARM/FunctionalARM.ino: In function &#39;void loop()&#39;:
/home/ec2-user/arduino-testlib/cli-datadir/user/libraries/TickTwo/examples/FunctionalARM/FunctionalARM.ino:77:5: error: &#39;class B&#39; has no member named &#39;ticker&#39;
   b.ticker.update();
     ^~~~~~

</pre>
					
					<h4>examples/Ticker</h4>
					<p>
						Result: <b>PASS</b>
					</p>
					<pre class="pre-scrollable">Sketch uses 88262 bytes (0%) of program storage space. Maximum is 16777216 bytes.
Global variables use 43732 bytes (16%) of dynamic memory, leaving 226604 bytes for local variables. Maximum is 270336 bytes.
</pre>
					
				
				<h3 id="arduino:megaavr:nona4809">arduino:megaavr:nona4809 @ 1.8.7</h3>
				<h4>Inclusion</h4>
				<p>
					Result: <b>PASS</b>
					
				</p>
				<pre class="pre-scrollable">Sketch uses 802 bytes (1%) of program storage space. Maximum is 49152 bytes.
Global variables use 22 bytes (0%) of dynamic memory, leaving 6122 bytes for local variables. Maximum is 6144 bytes.
</pre>

					
					<h4>examples/FunctionalARM</h4>
					<p>
						Result: <b>FAIL</b>
					</p>
					<pre class="pre-scrollable">/home/ec2-user/arduino-testlib/cli-datadir/user/libraries/TickTwo/examples/FunctionalARM/FunctionalARM.ino: In member function &#39;void A::func()&#39;:
/home/ec2-user/arduino-testlib/cli-datadir/user/libraries/TickTwo/examples/FunctionalARM/FunctionalARM.ino:15:12: error: &#39;class UartClass&#39; has no member named &#39;printf&#39;; did you mean &#39;print&#39;?
     Serial.printf(&#34;A::func: %s.\n&#34;, flag ? &#34;true&#34; : &#34;false&#34;);
            ^~~~~~
            print
/home/ec2-user/arduino-testlib/cli-datadir/user/libraries/TickTwo/examples/FunctionalARM/FunctionalARM.ino: At global scope:
/home/ec2-user/arduino-testlib/cli-datadir/user/libraries/TickTwo/examples/FunctionalARM/FunctionalARM.ino:41:3: error: &#39;Ticker&#39; does not name a type; did you mean &#39;ticker3&#39;?
   Ticker ticker;
   ^~~~~~
   ticker3
/home/ec2-user/arduino-testlib/cli-datadir/user/libraries/TickTwo/examples/FunctionalARM/FunctionalARM.ino: In constructor &#39;B::B(bool)&#39;:
/home/ec2-user/arduino-testlib/cli-datadir/user/libraries/TickTwo/examples/FunctionalARM/FunctionalARM.ino:33:30: error: class &#39;B&#39; does not have any field named &#39;ticker&#39;
   B(bool flag) : flag(flag), ticker{[this](){this-&gt;func();}, 1000, 0, MILLIS} {
                              ^~~~~~
/home/ec2-user/arduino-testlib/cli-datadir/user/libraries/TickTwo/examples/FunctionalARM/FunctionalARM.ino:34:5: error: &#39;ticker&#39; was not declared in this scope
     ticker.start();
     ^~~~~~
/home/ec2-user/arduino-testlib/cli-datadir/user/libraries/TickTwo/examples/FunctionalARM/FunctionalARM.ino:34:5: note: suggested alternative: &#39;ticker3&#39;
     ticker.start();
     ^~~~~~
     ticker3
/home/ec2-user/arduino-testlib/cli-datadir/user/libraries/TickTwo/examples/FunctionalARM/FunctionalARM.ino: In member function &#39;void B::func()&#39;:
/home/ec2-user/arduino-testlib/cli-datadir/user/libraries/TickTwo/examples/FunctionalARM/FunctionalARM.ino:38:12: error: &#39;class UartClass&#39; has no member named &#39;printf&#39;; did you mean &#39;print&#39;?
     Serial.printf(&#34;B::func: %s.\n&#34;, flag ? &#34;true&#34; : &#34;false&#34;);
            ^~~~~~
            print
/home/ec2-user/arduino-testlib/cli-datadir/user/libraries/TickTwo/examples/FunctionalARM/FunctionalARM.ino: In member function &#39;void C::operator()() const&#39;:
/home/ec2-user/arduino-testlib/cli-datadir/user/libraries/TickTwo/examples/FunctionalARM/FunctionalARM.ino:53:12: error: &#39;class UartClass&#39; has no member named &#39;printf&#39;; did you mean &#39;print&#39;?
     Serial.printf(&#34;C(): %d.\n&#34;, num);
            ^~~~~~
            print
/home/ec2-user/arduino-testlib/cli-datadir/user/libraries/TickTwo/examples/FunctionalARM/FunctionalARM.ino: At global scope:
/home/ec2-user/arduino-testlib/cli-datadir/user/libraries/TickTwo/examples/FunctionalARM/FunctionalARM.ino:60:35: error: no matching function for call to &#39;TickTwo::TickTwo(C&amp;, int, int, resolution_t)&#39;
 TickTwo ticker4(c, 1000, 0, MILLIS);
                                   ^
In file included from /home/ec2-user/arduino-testlib/cli-datadir/user/libraries/TickTwo/examples/FunctionalARM/FunctionalARM.ino:1:0:
/home/ec2-user/arduino-testlib/cli-datadir/user/libraries/TickTwo/TickTwo.h:74:2: note: candidate: TickTwo::TickTwo(fptr, uint32_t, uint32_t, resolution_t)
  TickTwo(fptr callback, uint32_t timer, uint32_t repeat = 0, resolution_t resolution = MICROS);
  ^~~~~~~
/home/ec2-user/arduino-testlib/cli-datadir/user/libraries/TickTwo/TickTwo.h:74:2: note:   no known conversion for argument 1 from &#39;C&#39; to &#39;fptr {aka void (*)()}&#39;
/home/ec2-user/arduino-testlib/cli-datadir/user/libraries/TickTwo/TickTwo.h:62:7: note: candidate: constexpr TickTwo::TickTwo(const TickTwo&amp;)
 class TickTwo {
       ^~~~~~~
/home/ec2-user/arduino-testlib/cli-datadir/user/libraries/TickTwo/TickTwo.h:62:7: note:   candidate expects 1 argument, 4 provided
/home/ec2-user/arduino-testlib/cli-datadir/user/libraries/TickTwo/examples/FunctionalARM/FunctionalARM.ino: In function &#39;void loop()&#39;:
/home/ec2-user/arduino-testlib/cli-datadir/user/libraries/TickTwo/examples/FunctionalARM/FunctionalARM.ino:77:5: error: &#39;class B&#39; has no member named &#39;ticker&#39;
   b.ticker.update();
     ^~~~~~

</pre>
					
					<h4>examples/Ticker</h4>
					<p>
						Result: <b>PASS</b>
					</p>
					<pre class="pre-scrollable">Sketch uses 4020 bytes (8%) of program storage space. Maximum is 49152 bytes.
Global variables use 315 bytes (5%) of dynamic memory, leaving 5829 bytes for local variables. Maximum is 6144 bytes.
</pre>
					
				
				<h3 id="arduino:samd:mkrwifi1010">arduino:samd:mkrwifi1010 @ 1.8.12</h3>
				<h4>Inclusion</h4>
				<p>
					Result: <b>PASS</b>
					
				</p>
				<pre class="pre-scrollable">Sketch uses 12156 bytes (4%) of program storage space. Maximum is 262144 bytes.
Global variables use 2996 bytes (9%) of dynamic memory, leaving 29772 bytes for local variables. Maximum is 32768 bytes.
</pre>

					
					<h4>examples/FunctionalARM</h4>
					<p>
						Result: <b>FAIL</b>
					</p>
					<pre class="pre-scrollable">/home/ec2-user/arduino-testlib/cli-datadir/user/libraries/TickTwo/examples/FunctionalARM/FunctionalARM.ino: In member function &#39;void A::func()&#39;:
/home/ec2-user/arduino-testlib/cli-datadir/user/libraries/TickTwo/examples/FunctionalARM/FunctionalARM.ino:15:12: error: &#39;class Serial_&#39; has no member named &#39;printf&#39;; did you mean &#39;print&#39;?
     Serial.printf(&#34;A::func: %s.\n&#34;, flag ? &#34;true&#34; : &#34;false&#34;);
            ^~~~~~
            print
/home/ec2-user/arduino-testlib/cli-datadir/user/libraries/TickTwo/examples/FunctionalARM/FunctionalARM.ino: At global scope:
/home/ec2-user/arduino-testlib/cli-datadir/user/libraries/TickTwo/examples/FunctionalARM/FunctionalARM.ino:41:3: error: &#39;Ticker&#39; does not name a type; did you mean &#39;ticker3&#39;?
   Ticker ticker;
   ^~~~~~
   ticker3
/home/ec2-user/arduino-testlib/cli-datadir/user/libraries/TickTwo/examples/FunctionalARM/FunctionalARM.ino: In constructor &#39;B::B(bool)&#39;:
/home/ec2-user/arduino-testlib/cli-datadir/user/libraries/TickTwo/examples/FunctionalARM/FunctionalARM.ino:33:30: error: class &#39;B&#39; does not have any field named &#39;ticker&#39;
   B(bool flag) : flag(flag), ticker{[this](){this-&gt;func();}, 1000, 0, MILLIS} {
                              ^~~~~~
/home/ec2-user/arduino-testlib/cli-datadir/user/libraries/TickTwo/examples/FunctionalARM/FunctionalARM.ino:34:5: error: &#39;ticker&#39; was not declared in this scope
     ticker.start();
     ^~~~~~
/home/ec2-user/arduino-testlib/cli-datadir/user/libraries/TickTwo/examples/FunctionalARM/FunctionalARM.ino:34:5: note: suggested alternative: &#39;ticker3&#39;
     ticker.start();
     ^~~~~~
     ticker3
/home/ec2-user/arduino-testlib/cli-datadir/user/libraries/TickTwo/examples/FunctionalARM/FunctionalARM.ino: In member function &#39;void B::func()&#39;:
/home/ec2-user/arduino-testlib/cli-datadir/user/libraries/TickTwo/examples/FunctionalARM/FunctionalARM.ino:38:12: error: &#39;class Serial_&#39; has no member named &#39;printf&#39;; did you mean &#39;print&#39;?
     Serial.printf(&#34;B::func: %s.\n&#34;, flag ? &#34;true&#34; : &#34;false&#34;);
            ^~~~~~
            print
/home/ec2-user/arduino-testlib/cli-datadir/user/libraries/TickTwo/examples/FunctionalARM/FunctionalARM.ino: In member function &#39;void C::operator()() const&#39;:
/home/ec2-user/arduino-testlib/cli-datadir/user/libraries/TickTwo/examples/FunctionalARM/FunctionalARM.ino:53:12: error: &#39;class Serial_&#39; has no member named &#39;printf&#39;; did you mean &#39;print&#39;?
     Serial.printf(&#34;C(): %d.\n&#34;, num);
            ^~~~~~
            print
/home/ec2-user/arduino-testlib/cli-datadir/user/libraries/TickTwo/examples/FunctionalARM/FunctionalARM.ino: In function &#39;void loop()&#39;:
/home/ec2-user/arduino-testlib/cli-datadir/user/libraries/TickTwo/examples/FunctionalARM/FunctionalARM.ino:77:5: error: &#39;class B&#39; has no member named &#39;ticker&#39;
   b.ticker.update();
     ^~~~~~

</pre>
					
					<h4>examples/Ticker</h4>
					<p>
						Result: <b>PASS</b>
					</p>
					<pre class="pre-scrollable">Sketch uses 13676 bytes (5%) of program storage space. Maximum is 262144 bytes.
Global variables use 3244 bytes (9%) of dynamic memory, leaving 29524 bytes for local variables. Maximum is 32768 bytes.
</pre>
					
				
				<h3 id="esp32:esp32:d1_mini32">esp32:esp32:d1_mini32 @ 1.0.6</h3>
				<h4>Inclusion</h4>
				<p>
					Result: <b>PASS</b>
					
				</p>
				<pre class="pre-scrollable">Sketch uses 249218 bytes (19%) of program storage space. Maximum is 1310720 bytes.
Global variables use 13416 bytes (4%) of dynamic memory, leaving 314264 bytes for local variables. Maximum is 327680 bytes.
</pre>

					
					<h4>examples/FunctionalARM</h4>
					<p>
						Result: <b>FAIL</b>
					</p>
					<pre class="pre-scrollable">/home/ec2-user/arduino-testlib/cli-datadir/user/libraries/TickTwo/examples/FunctionalARM/FunctionalARM.ino:41:3: error: &#39;Ticker&#39; does not name a type
   Ticker ticker;
   ^
/home/ec2-user/arduino-testlib/cli-datadir/user/libraries/TickTwo/examples/FunctionalARM/FunctionalARM.ino: In constructor &#39;B::B(bool)&#39;:
/home/ec2-user/arduino-testlib/cli-datadir/user/libraries/TickTwo/examples/FunctionalARM/FunctionalARM.ino:33:30: error: class &#39;B&#39; does not have any field named &#39;ticker&#39;
   B(bool flag) : flag(flag), ticker{[this](){this-&gt;func();}, 1000, 0, MILLIS} {
                              ^
/home/ec2-user/arduino-testlib/cli-datadir/user/libraries/TickTwo/examples/FunctionalARM/FunctionalARM.ino:34:5: error: &#39;ticker&#39; was not declared in this scope
     ticker.start();
     ^
/home/ec2-user/arduino-testlib/cli-datadir/user/libraries/TickTwo/examples/FunctionalARM/FunctionalARM.ino: In function &#39;void loop()&#39;:
/home/ec2-user/arduino-testlib/cli-datadir/user/libraries/TickTwo/examples/FunctionalARM/FunctionalARM.ino:77:5: error: &#39;class B&#39; has no member named &#39;ticker&#39;
   b.ticker.update();
     ^

</pre>
					
					<h4>examples/Ticker</h4>
					<p>
						Result: <b>PASS</b>
					</p>
					<pre class="pre-scrollable">Sketch uses 258590 bytes (19%) of program storage space. Maximum is 1310720 bytes.
Global variables use 14000 bytes (4%) of dynamic memory, leaving 313680 bytes for local variables. Maximum is 327680 bytes.
</pre>
					
				
			</div>
		</div>
	</div>
  </body>
</html>
