
<!doctype html>
<html lang="en">
  <head>
    <meta charset="utf-8">
    <meta name="viewport" content="width=device-width, initial-scale=1">
    <link href="https://cdn.jsdelivr.net/npm/bootstrap@5.0.2/dist/css/bootstrap.min.css" rel="stylesheet" integrity="sha384-EVSTQN3/azprG1Anm3QDgpJLIm9Nao0Yz1ztcQTwFspd3yD65VohhpuuCOmLASjC" crossorigin="anonymous">
    <title>arduino-testlib report</title>
	<style>
	.pass { background-color: #00FF00 !important; }
	.fail { background-color: #FF0000 !important; }
	</style>
  </head>
  <body>
	<div class="container">
		<div class="row">
			<div class="col">
				<h1>TM1637_RT - compatibility matrix</h1>
				<p>
					<small>This report was generated on Monday, 21-Feb-22 12:00:25 CET using 
					<a href="https://github.com/alranel/arduino-testlib">arduino-testlib</a>.</small>
				</p>

				<h2>TM1637_RT</h2>
				<p>
					Version: <b>0.3.1</b>
					<br />
					<a href="https://www.arduino.cc/reference/en/libraries/tm1637_rt/">More details</a>
				</p>

				<h2>Compatibility matrix</h2>
				<table class="table table-bordered">
					<tr>
						<th>Board</th>
						<th>Claims compatibility</th>
						<th>Inclusion</th>
						
						<th><pre>TM1637_int</pre></th>
						
						<th><pre>TM1637_keyscan_cooked</pre></th>
						
						<th><pre>TM1637_keyscan_raw</pre></th>
						
						<th><pre>TM1637_HEX</pre></th>
						
						<th><pre>TM1637_alpha</pre></th>
						
						<th><pre>TM1637_float</pre></th>
						
					</tr>
					
					<tr>
						<td>
							<a href="#arduino%3aavr%3auno"><b>arduino:avr:uno</b></a>
							<br />
							<small>1.8.4</small>
						</td>

						
							<td>Yes</td>
							<td class="pass">PASS</td>
						
						
						
						

						
							
								
									
										
									
										
									
										
									
										
											<td class="pass">PASS</td>
											
										
									
										
									
										
									
								
							
								
							
								
							
								
							
								
							
						
							
								
									
										
									
										
									
										
									
										
									
										
											
											<td class="fail">FAIL</td>
										
									
										
									
								
							
								
							
								
							
								
							
								
							
						
							
								
									
										
									
										
									
										
									
										
									
										
									
										
											<td class="pass">PASS</td>
											
										
									
								
							
								
							
								
							
								
							
								
							
						
							
								
									
										
											<td class="pass">PASS</td>
											
										
									
										
									
										
									
										
									
										
									
										
									
								
							
								
							
								
							
								
							
								
							
						
							
								
									
										
									
										
											
											<td class="fail">FAIL</td>
										
									
										
									
										
									
										
									
										
									
								
							
								
							
								
							
								
							
								
							
						
							
								
									
										
									
										
									
										
											
											<td class="fail">FAIL</td>
										
									
										
									
										
									
										
									
								
							
								
							
								
							
								
							
								
							
						
					</tr>
					
					<tr>
						<td>
							<a href="#arduino%3ambed_nano%3ananorp2040connect"><b>arduino:mbed_nano:nanorp2040connect</b></a>
							<br />
							<small>2.7.2</small>
						</td>

						
							<td>Yes</td>
							<td class="pass">PASS</td>
						
						
						
						

						
							
								
							
								
									
										
									
										
									
										
									
										
											<td class="pass">PASS</td>
											
										
									
										
									
										
									
								
							
								
							
								
							
								
							
						
							
								
							
								
									
										
									
										
									
										
									
										
									
										
											<td class="pass">PASS</td>
											
										
									
										
									
								
							
								
							
								
							
								
							
						
							
								
							
								
									
										
									
										
									
										
									
										
									
										
									
										
											
											<td class="fail">FAIL</td>
										
									
								
							
								
							
								
							
								
							
						
							
								
							
								
									
										
											
											<td class="fail">FAIL</td>
										
									
										
									
										
									
										
									
										
									
										
									
								
							
								
							
								
							
								
							
						
							
								
							
								
									
										
									
										
											<td class="pass">PASS</td>
											
										
									
										
									
										
									
										
									
										
									
								
							
								
							
								
							
								
							
						
							
								
							
								
									
										
									
										
									
										
											<td class="pass">PASS</td>
											
										
									
										
									
										
									
										
									
								
							
								
							
								
							
								
							
						
					</tr>
					
					<tr>
						<td>
							<a href="#arduino%3amegaavr%3anona4809"><b>arduino:megaavr:nona4809</b></a>
							<br />
							<small>1.8.7</small>
						</td>

						
							<td>Yes</td>
							<td class="pass">PASS</td>
						
						
						
						

						
							
								
							
								
							
								
									
										
									
										
									
										
									
										
											<td class="pass">PASS</td>
											
										
									
										
									
										
									
								
							
								
							
								
							
						
							
								
							
								
							
								
									
										
									
										
									
										
									
										
									
										
											<td class="pass">PASS</td>
											
										
									
										
									
								
							
								
							
								
							
						
							
								
							
								
							
								
									
										
									
										
									
										
									
										
									
										
									
										
											
											<td class="fail">FAIL</td>
										
									
								
							
								
							
								
							
						
							
								
							
								
							
								
									
										
											<td class="pass">PASS</td>
											
										
									
										
									
										
									
										
									
										
									
										
									
								
							
								
							
								
							
						
							
								
							
								
							
								
									
										
									
										
											<td class="pass">PASS</td>
											
										
									
										
									
										
									
										
									
										
									
								
							
								
							
								
							
						
							
								
							
								
							
								
									
										
									
										
									
										
											
											<td class="fail">FAIL</td>
										
									
										
									
										
									
										
									
								
							
								
							
								
							
						
					</tr>
					
					<tr>
						<td>
							<a href="#arduino%3asamd%3amkrwifi1010"><b>arduino:samd:mkrwifi1010</b></a>
							<br />
							<small>1.8.12</small>
						</td>

						
							<td>Yes</td>
							<td class="pass">PASS</td>
						
						
						
						

						
							
								
							
								
							
								
							
								
									
										
									
										
									
										
									
										
											
											<td class="fail">FAIL</td>
										
									
										
									
										
									
								
							
								
							
						
							
								
							
								
							
								
							
								
									
										
									
										
									
										
									
										
									
										
											
											<td class="fail">FAIL</td>
										
									
										
									
								
							
								
							
						
							
								
							
								
							
								
							
								
									
										
									
										
									
										
									
										
									
										
									
										
											
											<td class="fail">FAIL</td>
										
									
								
							
								
							
						
							
								
							
								
							
								
							
								
									
										
											<td class="pass">PASS</td>
											
										
									
										
									
										
									
										
									
										
									
										
									
								
							
								
							
						
							
								
							
								
							
								
							
								
									
										
									
										
											
											<td class="fail">FAIL</td>
										
									
										
									
										
									
										
									
										
									
								
							
								
							
						
							
								
							
								
							
								
							
								
									
										
									
										
									
										
											
											<td class="fail">FAIL</td>
										
									
										
									
										
									
										
									
								
							
								
							
						
					</tr>
					
					<tr>
						<td>
							<a href="#esp32%3aesp32%3ad1_mini32"><b>esp32:esp32:d1_mini32</b></a>
							<br />
							<small>1.0.6</small>
						</td>

						
							<td>Yes</td>
							<td class="pass">PASS</td>
						
						
						
						

						
							
								
							
								
							
								
							
								
							
								
									
										
									
										
									
										
									
										
											<td class="pass">PASS</td>
											
										
									
										
									
										
									
								
							
						
							
								
							
								
							
								
							
								
							
								
									
										
									
										
									
										
									
										
									
										
											
											<td class="fail">FAIL</td>
										
									
										
									
								
							
						
							
								
							
								
							
								
							
								
							
								
									
										
									
										
									
										
									
										
									
										
									
										
											
											<td class="fail">FAIL</td>
										
									
								
							
						
							
								
							
								
							
								
							
								
							
								
									
										
											<td class="pass">PASS</td>
											
										
									
										
									
										
									
										
									
										
									
										
									
								
							
						
							
								
							
								
							
								
							
								
							
								
									
										
									
										
											<td class="pass">PASS</td>
											
										
									
										
									
										
									
										
									
										
									
								
							
						
							
								
							
								
							
								
							
								
							
								
									
										
									
										
									
										
											<td class="pass">PASS</td>
											
										
									
										
									
										
									
										
									
								
							
						
					</tr>
					
				</table>

				<h2>Compilation logs</h2>
				
				<h3 id="arduino:avr:uno">arduino:avr:uno @ 1.8.4</h3>
				<h4>Inclusion</h4>
				<p>
					Result: <b>PASS</b>
					
					<br />This library has no main header file so an empty one was created.
					
				</p>
				<pre class="pre-scrollable">Sketch uses 444 bytes (1%) of program storage space. Maximum is 32256 bytes.
Global variables use 9 bytes (0%) of dynamic memory, leaving 2039 bytes for local variables. Maximum is 2048 bytes.
</pre>

					
					<h4>examples/TM1637_HEX</h4>
					<p>
						Result: <b>PASS</b>
					</p>
					<pre class="pre-scrollable">Sketch uses 3622 bytes (11%) of program storage space. Maximum is 32256 bytes.
Global variables use 365 bytes (17%) of dynamic memory, leaving 1683 bytes for local variables. Maximum is 2048 bytes.
</pre>
					
					<h4>examples/TM1637_alpha</h4>
					<p>
						Result: <b>FAIL</b>
					</p>
					<pre class="pre-scrollable">/home/ec2-user/arduino-testlib/cli-datadir/user/libraries/TM1637_RT/examples/TM1637_alpha/TM1637_alpha.ino:12:8: error: no matching function for call to &#39;TM1637::TM1637()&#39;
 TM1637 TM;
        ^~
In file included from /home/ec2-user/arduino-testlib/cli-datadir/user/libraries/TM1637_RT/examples/TM1637_alpha/TM1637_alpha.ino:10:0:
/home/ec2-user/arduino-testlib/cli-datadir/user/libraries/TM1637_Driver/src/TM1637.h:42:5: note: candidate: TM1637::TM1637(uint8_t, uint8_t)
     TM1637(uint8_t clkPin, uint8_t dataPin) noexcept: animator_(clkPin, dataPin, TOTAL_DIGITS)
     ^~~~~~
/home/ec2-user/arduino-testlib/cli-datadir/user/libraries/TM1637_Driver/src/TM1637.h:42:5: note:   candidate expects 2 arguments, 0 provided
/home/ec2-user/arduino-testlib/cli-datadir/user/libraries/TM1637_RT/examples/TM1637_alpha/TM1637_alpha.ino: In function &#39;void setup()&#39;:
/home/ec2-user/arduino-testlib/cli-datadir/user/libraries/TM1637_RT/examples/TM1637_alpha/TM1637_alpha.ino:20:15: error: no matching function for call to &#39;TM1637::init(int, int)&#39;
   TM.init(2, 3);
               ^
In file included from /home/ec2-user/arduino-testlib/cli-datadir/user/libraries/TM1637_RT/examples/TM1637_alpha/TM1637_alpha.ino:10:0:
/home/ec2-user/arduino-testlib/cli-datadir/user/libraries/TM1637_Driver/src/TM1637.h:52:17: note: candidate: void TM1637::init()
     inline void init() { begin(); }
                 ^~~~
/home/ec2-user/arduino-testlib/cli-datadir/user/libraries/TM1637_Driver/src/TM1637.h:52:17: note:   candidate expects 0 arguments, 2 provided
/home/ec2-user/arduino-testlib/cli-datadir/user/libraries/TM1637_RT/examples/TM1637_alpha/TM1637_alpha.ino: In function &#39;void loop()&#39;:
/home/ec2-user/arduino-testlib/cli-datadir/user/libraries/TM1637_RT/examples/TM1637_alpha/TM1637_alpha.ino:54:6: error: &#39;class TM1637&#39; has no member named &#39;displayRaw&#39;; did you mean &#39;display&#39;?
   TM.displayRaw(data, -1);
      ^~~~~~~~~~
      display
/home/ec2-user/arduino-testlib/cli-datadir/user/libraries/TM1637_RT/examples/TM1637_alpha/TM1637_alpha.ino:56:6: error: &#39;class TM1637&#39; has no member named &#39;displayClear&#39;; did you mean &#39;display&#39;?
   TM.displayClear();
      ^~~~~~~~~~~~
      display
Multiple libraries were found for &#34;TM1637.h&#34;
  Used: /home/ec2-user/arduino-testlib/cli-datadir/user/libraries/TM1637_Driver
  Not used: /home/ec2-user/arduino-testlib/cli-datadir/user/libraries/Grove_4-Digit_Display
  Not used: /home/ec2-user/arduino-testlib/cli-datadir/user/libraries/TM16xx_LEDs_and_Buttons
  Not used: /home/ec2-user/arduino-testlib/cli-datadir/user/libraries/TM1637_RT
</pre>
					
					<h4>examples/TM1637_float</h4>
					<p>
						Result: <b>FAIL</b>
					</p>
					<pre class="pre-scrollable">/home/ec2-user/arduino-testlib/cli-datadir/user/libraries/TM1637_RT/examples/TM1637_float/TM1637_float.ino:12:8: error: no matching function for call to &#39;TM1637::TM1637()&#39;
 TM1637 TM;
        ^~
In file included from /home/ec2-user/arduino-testlib/cli-datadir/user/libraries/TM1637_RT/examples/TM1637_float/TM1637_float.ino:9:0:
/home/ec2-user/arduino-testlib/cli-datadir/user/libraries/TM1637_Driver/src/TM1637.h:42:5: note: candidate: TM1637::TM1637(uint8_t, uint8_t)
     TM1637(uint8_t clkPin, uint8_t dataPin) noexcept: animator_(clkPin, dataPin, TOTAL_DIGITS)
     ^~~~~~
/home/ec2-user/arduino-testlib/cli-datadir/user/libraries/TM1637_Driver/src/TM1637.h:42:5: note:   candidate expects 2 arguments, 0 provided
/home/ec2-user/arduino-testlib/cli-datadir/user/libraries/TM1637_RT/examples/TM1637_float/TM1637_float.ino: In function &#39;void setup()&#39;:
/home/ec2-user/arduino-testlib/cli-datadir/user/libraries/TM1637_RT/examples/TM1637_float/TM1637_float.ino:23:15: error: no matching function for call to &#39;TM1637::init(int, int)&#39;
   TM.init(2, 3);
               ^
In file included from /home/ec2-user/arduino-testlib/cli-datadir/user/libraries/TM1637_RT/examples/TM1637_float/TM1637_float.ino:9:0:
/home/ec2-user/arduino-testlib/cli-datadir/user/libraries/TM1637_Driver/src/TM1637.h:52:17: note: candidate: void TM1637::init()
     inline void init() { begin(); }
                 ^~~~
/home/ec2-user/arduino-testlib/cli-datadir/user/libraries/TM1637_Driver/src/TM1637.h:52:17: note:   candidate expects 0 arguments, 2 provided
/home/ec2-user/arduino-testlib/cli-datadir/user/libraries/TM1637_RT/examples/TM1637_float/TM1637_float.ino:24:6: error: &#39;class TM1637&#39; has no member named &#39;displayFloat&#39;; did you mean &#39;display&#39;?
   TM.displayFloat(1.42425);
      ^~~~~~~~~~~~
      display
/home/ec2-user/arduino-testlib/cli-datadir/user/libraries/TM1637_RT/examples/TM1637_float/TM1637_float.ino:26:6: error: &#39;class TM1637&#39; has no member named &#39;displayFloat&#39;; did you mean &#39;display&#39;?
   TM.displayFloat(-1.42425);
      ^~~~~~~~~~~~
      display
/home/ec2-user/arduino-testlib/cli-datadir/user/libraries/TM1637_RT/examples/TM1637_float/TM1637_float.ino:28:6: error: &#39;class TM1637&#39; has no member named &#39;displayClear&#39;; did you mean &#39;display&#39;?
   TM.displayClear();
      ^~~~~~~~~~~~
      display
/home/ec2-user/arduino-testlib/cli-datadir/user/libraries/TM1637_RT/examples/TM1637_float/TM1637_float.ino: In function &#39;void test()&#39;:
/home/ec2-user/arduino-testlib/cli-datadir/user/libraries/TM1637_RT/examples/TM1637_float/TM1637_float.ino:45:8: error: &#39;class TM1637&#39; has no member named &#39;displayFloat&#39;; did you mean &#39;display&#39;?
     TM.displayFloat(f);  // there is loop overhead etc
        ^~~~~~~~~~~~
        display
Multiple libraries were found for &#34;TM1637.h&#34;
  Used: /home/ec2-user/arduino-testlib/cli-datadir/user/libraries/TM1637_Driver
  Not used: /home/ec2-user/arduino-testlib/cli-datadir/user/libraries/Grove_4-Digit_Display
  Not used: /home/ec2-user/arduino-testlib/cli-datadir/user/libraries/TM1637_RT
  Not used: /home/ec2-user/arduino-testlib/cli-datadir/user/libraries/TM16xx_LEDs_and_Buttons
</pre>
					
					<h4>examples/TM1637_int</h4>
					<p>
						Result: <b>PASS</b>
					</p>
					<pre class="pre-scrollable">Sketch uses 3560 bytes (11%) of program storage space. Maximum is 32256 bytes.
Global variables use 365 bytes (17%) of dynamic memory, leaving 1683 bytes for local variables. Maximum is 2048 bytes.
</pre>
					
					<h4>examples/TM1637_keyscan_cooked</h4>
					<p>
						Result: <b>FAIL</b>
					</p>
					<pre class="pre-scrollable">/home/ec2-user/arduino-testlib/cli-datadir/user/libraries/TM1637_RT/examples/TM1637_keyscan_cooked/TM1637_keyscan_cooked.ino:12:8: error: no matching function for call to &#39;TM1637::TM1637()&#39;
 TM1637 TM;
        ^~
In file included from /home/ec2-user/arduino-testlib/cli-datadir/user/libraries/TM1637_RT/examples/TM1637_keyscan_cooked/TM1637_keyscan_cooked.ino:10:0:
/home/ec2-user/arduino-testlib/cli-datadir/user/libraries/TM1637_Driver/src/TM1637.h:42:5: note: candidate: TM1637::TM1637(uint8_t, uint8_t)
     TM1637(uint8_t clkPin, uint8_t dataPin) noexcept: animator_(clkPin, dataPin, TOTAL_DIGITS)
     ^~~~~~
/home/ec2-user/arduino-testlib/cli-datadir/user/libraries/TM1637_Driver/src/TM1637.h:42:5: note:   candidate expects 2 arguments, 0 provided
/home/ec2-user/arduino-testlib/cli-datadir/user/libraries/TM1637_RT/examples/TM1637_keyscan_cooked/TM1637_keyscan_cooked.ino: In function &#39;void setup()&#39;:
/home/ec2-user/arduino-testlib/cli-datadir/user/libraries/TM1637_RT/examples/TM1637_keyscan_cooked/TM1637_keyscan_cooked.ino:40:30: error: no matching function for call to &#39;TM1637::init(int, int)&#39;
   TM.init(dispCLOCK, dispDATA);
                              ^
In file included from /home/ec2-user/arduino-testlib/cli-datadir/user/libraries/TM1637_RT/examples/TM1637_keyscan_cooked/TM1637_keyscan_cooked.ino:10:0:
/home/ec2-user/arduino-testlib/cli-datadir/user/libraries/TM1637_Driver/src/TM1637.h:52:17: note: candidate: void TM1637::init()
     inline void init() { begin(); }
                 ^~~~
/home/ec2-user/arduino-testlib/cli-datadir/user/libraries/TM1637_Driver/src/TM1637.h:52:17: note:   candidate expects 0 arguments, 2 provided
/home/ec2-user/arduino-testlib/cli-datadir/user/libraries/TM1637_RT/examples/TM1637_keyscan_cooked/TM1637_keyscan_cooked.ino:42:6: error: &#39;class TM1637&#39; has no member named &#39;displayClear&#39;; did you mean &#39;display&#39;?
   TM.displayClear();
      ^~~~~~~~~~~~
      display
/home/ec2-user/arduino-testlib/cli-datadir/user/libraries/TM1637_RT/examples/TM1637_keyscan_cooked/TM1637_keyscan_cooked.ino: In function &#39;char button_poll()&#39;:
/home/ec2-user/arduino-testlib/cli-datadir/user/libraries/TM1637_RT/examples/TM1637_keyscan_cooked/TM1637_keyscan_cooked.ino:52:25: error: &#39;class TM1637&#39; has no member named &#39;keyscan&#39;
   uint8_t keypress = TM.keyscan();
                         ^~~~~~~
/home/ec2-user/arduino-testlib/cli-datadir/user/libraries/TM1637_RT/examples/TM1637_keyscan_cooked/TM1637_keyscan_cooked.ino: In function &#39;void loop()&#39;:
/home/ec2-user/arduino-testlib/cli-datadir/user/libraries/TM1637_RT/examples/TM1637_keyscan_cooked/TM1637_keyscan_cooked.ino:120:8: error: &#39;class TM1637&#39; has no member named &#39;displayRaw&#39;; did you mean &#39;display&#39;?
     TM.displayRaw(data, -1);
        ^~~~~~~~~~
        display
Multiple libraries were found for &#34;TM1637.h&#34;
  Used: /home/ec2-user/arduino-testlib/cli-datadir/user/libraries/TM1637_Driver
  Not used: /home/ec2-user/arduino-testlib/cli-datadir/user/libraries/Grove_4-Digit_Display
  Not used: /home/ec2-user/arduino-testlib/cli-datadir/user/libraries/TM16xx_LEDs_and_Buttons
  Not used: /home/ec2-user/arduino-testlib/cli-datadir/user/libraries/TM1637_RT
</pre>
					
					<h4>examples/TM1637_keyscan_raw</h4>
					<p>
						Result: <b>PASS</b>
					</p>
					<pre class="pre-scrollable">Sketch uses 3318 bytes (10%) of program storage space. Maximum is 32256 bytes.
Global variables use 381 bytes (18%) of dynamic memory, leaving 1667 bytes for local variables. Maximum is 2048 bytes.
</pre>
					
				
				<h3 id="arduino:mbed_nano:nanorp2040connect">arduino:mbed_nano:nanorp2040connect @ 2.7.2</h3>
				<h4>Inclusion</h4>
				<p>
					Result: <b>PASS</b>
					
					<br />This library has no main header file so an empty one was created.
					
				</p>
				<pre class="pre-scrollable">Sketch uses 78756 bytes (0%) of program storage space. Maximum is 16777216 bytes.
Global variables use 43444 bytes (16%) of dynamic memory, leaving 226892 bytes for local variables. Maximum is 270336 bytes.
</pre>

					
					<h4>examples/TM1637_HEX</h4>
					<p>
						Result: <b>FAIL</b>
					</p>
					<pre class="pre-scrollable">/home/ec2-user/arduino-testlib/cli-datadir/user/libraries/TM1637_RT/examples/TM1637_HEX/TM1637_HEX.ino:11:8: error: no matching function for call to &#39;TM1637::TM1637()&#39;
 TM1637 TM;
        ^~
In file included from /home/ec2-user/arduino-testlib/cli-datadir/user/libraries/TM1637_RT/examples/TM1637_HEX/TM1637_HEX.ino:9:0:
/home/ec2-user/arduino-testlib/cli-datadir/user/libraries/TM1637_Driver/src/TM1637.h:42:5: note: candidate: TM1637::TM1637(uint8_t, uint8_t)
     TM1637(uint8_t clkPin, uint8_t dataPin) noexcept: animator_(clkPin, dataPin, TOTAL_DIGITS)
     ^~~~~~
/home/ec2-user/arduino-testlib/cli-datadir/user/libraries/TM1637_Driver/src/TM1637.h:42:5: note:   candidate expects 2 arguments, 0 provided
/home/ec2-user/arduino-testlib/cli-datadir/user/libraries/TM1637_RT/examples/TM1637_HEX/TM1637_HEX.ino: In function &#39;void setup()&#39;:
/home/ec2-user/arduino-testlib/cli-datadir/user/libraries/TM1637_RT/examples/TM1637_HEX/TM1637_HEX.ino:23:18: error: no matching function for call to &#39;TM1637::init(int, int, int)&#39;
   TM.init(2, 3, 6);
                  ^
In file included from /home/ec2-user/arduino-testlib/cli-datadir/user/libraries/TM1637_RT/examples/TM1637_HEX/TM1637_HEX.ino:9:0:
/home/ec2-user/arduino-testlib/cli-datadir/user/libraries/TM1637_Driver/src/TM1637.h:52:17: note: candidate: void TM1637::init()
     inline void init() { begin(); }
                 ^~~~
/home/ec2-user/arduino-testlib/cli-datadir/user/libraries/TM1637_Driver/src/TM1637.h:52:17: note:   candidate expects 0 arguments, 3 provided
/home/ec2-user/arduino-testlib/cli-datadir/user/libraries/TM1637_RT/examples/TM1637_HEX/TM1637_HEX.ino:24:6: error: &#39;class TM1637&#39; has no member named &#39;displayClear&#39;; did you mean &#39;display&#39;?
   TM.displayClear();
      ^~~~~~~~~~~~
      display
/home/ec2-user/arduino-testlib/cli-datadir/user/libraries/TM1637_RT/examples/TM1637_HEX/TM1637_HEX.ino:25:6: error: &#39;class TM1637&#39; has no member named &#39;displayHex&#39;; did you mean &#39;display&#39;?
   TM.displayHex(0xFEDCBA);
      ^~~~~~~~~~
      display
/home/ec2-user/arduino-testlib/cli-datadir/user/libraries/TM1637_RT/examples/TM1637_HEX/TM1637_HEX.ino: In function &#39;void test()&#39;:
/home/ec2-user/arduino-testlib/cli-datadir/user/libraries/TM1637_RT/examples/TM1637_HEX/TM1637_HEX.ino:43:8: error: &#39;class TM1637&#39; has no member named &#39;displayHex&#39;; did you mean &#39;display&#39;?
     TM.displayHex(val);  // there is loop overhead etc
        ^~~~~~~~~~
        display
Multiple libraries were found for &#34;TM1637.h&#34;
  Used: /home/ec2-user/arduino-testlib/cli-datadir/user/libraries/TM1637_Driver
  Not used: /home/ec2-user/arduino-testlib/cli-datadir/user/libraries/TM16xx_LEDs_and_Buttons
  Not used: /home/ec2-user/arduino-testlib/cli-datadir/user/libraries/Grove_4-Digit_Display
  Not used: /home/ec2-user/arduino-testlib/cli-datadir/user/libraries/TM1637_RT
</pre>
					
					<h4>examples/TM1637_alpha</h4>
					<p>
						Result: <b>PASS</b>
					</p>
					<pre class="pre-scrollable">Sketch uses 80126 bytes (0%) of program storage space. Maximum is 16777216 bytes.
Global variables use 43452 bytes (16%) of dynamic memory, leaving 226884 bytes for local variables. Maximum is 270336 bytes.
</pre>
					
					<h4>examples/TM1637_float</h4>
					<p>
						Result: <b>PASS</b>
					</p>
					<pre class="pre-scrollable">Sketch uses 83726 bytes (0%) of program storage space. Maximum is 16777216 bytes.
Global variables use 43460 bytes (16%) of dynamic memory, leaving 226876 bytes for local variables. Maximum is 270336 bytes.
</pre>
					
					<h4>examples/TM1637_int</h4>
					<p>
						Result: <b>PASS</b>
					</p>
					<pre class="pre-scrollable">Sketch uses 80078 bytes (0%) of program storage space. Maximum is 16777216 bytes.
Global variables use 43464 bytes (16%) of dynamic memory, leaving 226872 bytes for local variables. Maximum is 270336 bytes.
</pre>
					
					<h4>examples/TM1637_keyscan_cooked</h4>
					<p>
						Result: <b>PASS</b>
					</p>
					<pre class="pre-scrollable">Sketch uses 80530 bytes (0%) of program storage space. Maximum is 16777216 bytes.
Global variables use 43464 bytes (16%) of dynamic memory, leaving 226872 bytes for local variables. Maximum is 270336 bytes.
</pre>
					
					<h4>examples/TM1637_keyscan_raw</h4>
					<p>
						Result: <b>FAIL</b>
					</p>
					<pre class="pre-scrollable">/home/ec2-user/arduino-testlib/cli-datadir/user/libraries/TM1637_RT/examples/TM1637_keyscan_raw/TM1637_keyscan_raw.ino:12:8: error: no matching function for call to &#39;TM1637::TM1637()&#39;
 TM1637 TM;
        ^~
In file included from /home/ec2-user/arduino-testlib/cli-datadir/user/libraries/TM1637_RT/examples/TM1637_keyscan_raw/TM1637_keyscan_raw.ino:10:0:
/home/ec2-user/arduino-testlib/cli-datadir/user/libraries/TM1637_Driver/src/TM1637.h:42:5: note: candidate: TM1637::TM1637(uint8_t, uint8_t)
     TM1637(uint8_t clkPin, uint8_t dataPin) noexcept: animator_(clkPin, dataPin, TOTAL_DIGITS)
     ^~~~~~
/home/ec2-user/arduino-testlib/cli-datadir/user/libraries/TM1637_Driver/src/TM1637.h:42:5: note:   candidate expects 2 arguments, 0 provided
/home/ec2-user/arduino-testlib/cli-datadir/user/libraries/TM1637_RT/examples/TM1637_keyscan_raw/TM1637_keyscan_raw.ino: In function &#39;void setup()&#39;:
/home/ec2-user/arduino-testlib/cli-datadir/user/libraries/TM1637_RT/examples/TM1637_keyscan_raw/TM1637_keyscan_raw.ino:43:30: error: no matching function for call to &#39;TM1637::init(int, int)&#39;
   TM.init(dispCLOCK, dispDATA);
                              ^
In file included from /home/ec2-user/arduino-testlib/cli-datadir/user/libraries/TM1637_RT/examples/TM1637_keyscan_raw/TM1637_keyscan_raw.ino:10:0:
/home/ec2-user/arduino-testlib/cli-datadir/user/libraries/TM1637_Driver/src/TM1637.h:52:17: note: candidate: void TM1637::init()
     inline void init() { begin(); }
                 ^~~~
/home/ec2-user/arduino-testlib/cli-datadir/user/libraries/TM1637_Driver/src/TM1637.h:52:17: note:   candidate expects 0 arguments, 2 provided
/home/ec2-user/arduino-testlib/cli-datadir/user/libraries/TM1637_RT/examples/TM1637_keyscan_raw/TM1637_keyscan_raw.ino:49:6: error: &#39;class TM1637&#39; has no member named &#39;displayClear&#39;; did you mean &#39;display&#39;?
   TM.displayClear();
      ^~~~~~~~~~~~
      display
/home/ec2-user/arduino-testlib/cli-datadir/user/libraries/TM1637_RT/examples/TM1637_keyscan_raw/TM1637_keyscan_raw.ino: In function &#39;char button_poll()&#39;:
/home/ec2-user/arduino-testlib/cli-datadir/user/libraries/TM1637_RT/examples/TM1637_keyscan_raw/TM1637_keyscan_raw.ino:59:25: error: &#39;class TM1637&#39; has no member named &#39;keyscan&#39;
   uint8_t keypress = TM.keyscan();
                         ^~~~~~~
/home/ec2-user/arduino-testlib/cli-datadir/user/libraries/TM1637_RT/examples/TM1637_keyscan_raw/TM1637_keyscan_raw.ino:60:6: error: &#39;class TM1637&#39; has no member named &#39;displayHex&#39;; did you mean &#39;display&#39;?
   TM.displayHex(keypress);
      ^~~~~~~~~~
      display
Multiple libraries were found for &#34;TM1637.h&#34;
  Used: /home/ec2-user/arduino-testlib/cli-datadir/user/libraries/TM1637_Driver
  Not used: /home/ec2-user/arduino-testlib/cli-datadir/user/libraries/TM16xx_LEDs_and_Buttons
  Not used: /home/ec2-user/arduino-testlib/cli-datadir/user/libraries/TM1637_RT
  Not used: /home/ec2-user/arduino-testlib/cli-datadir/user/libraries/Grove_4-Digit_Display
</pre>
					
				
				<h3 id="arduino:megaavr:nona4809">arduino:megaavr:nona4809 @ 1.8.7</h3>
				<h4>Inclusion</h4>
				<p>
					Result: <b>PASS</b>
					
					<br />This library has no main header file so an empty one was created.
					
				</p>
				<pre class="pre-scrollable">Sketch uses 802 bytes (1%) of program storage space. Maximum is 49152 bytes.
Global variables use 22 bytes (0%) of dynamic memory, leaving 6122 bytes for local variables. Maximum is 6144 bytes.
</pre>

					
					<h4>examples/TM1637_HEX</h4>
					<p>
						Result: <b>PASS</b>
					</p>
					<pre class="pre-scrollable">Sketch uses 4487 bytes (9%) of program storage space. Maximum is 49152 bytes.
Global variables use 194 bytes (3%) of dynamic memory, leaving 5950 bytes for local variables. Maximum is 6144 bytes.
</pre>
					
					<h4>examples/TM1637_alpha</h4>
					<p>
						Result: <b>PASS</b>
					</p>
					<pre class="pre-scrollable">Sketch uses 4103 bytes (8%) of program storage space. Maximum is 49152 bytes.
Global variables use 182 bytes (2%) of dynamic memory, leaving 5962 bytes for local variables. Maximum is 6144 bytes.
</pre>
					
					<h4>examples/TM1637_float</h4>
					<p>
						Result: <b>FAIL</b>
					</p>
					<pre class="pre-scrollable">/home/ec2-user/arduino-testlib/cli-datadir/user/libraries/TM1637_RT/examples/TM1637_float/TM1637_float.ino:12:8: error: no matching function for call to &#39;TM1637::TM1637()&#39;
 TM1637 TM;
        ^~
In file included from /home/ec2-user/arduino-testlib/cli-datadir/user/libraries/TM1637_RT/examples/TM1637_float/TM1637_float.ino:9:0:
/home/ec2-user/arduino-testlib/cli-datadir/user/libraries/TM1637_Driver/src/TM1637.h:42:5: note: candidate: TM1637::TM1637(uint8_t, uint8_t)
     TM1637(uint8_t clkPin, uint8_t dataPin) noexcept: animator_(clkPin, dataPin, TOTAL_DIGITS)
     ^~~~~~
/home/ec2-user/arduino-testlib/cli-datadir/user/libraries/TM1637_Driver/src/TM1637.h:42:5: note:   candidate expects 2 arguments, 0 provided
/home/ec2-user/arduino-testlib/cli-datadir/user/libraries/TM1637_RT/examples/TM1637_float/TM1637_float.ino: In function &#39;void setup()&#39;:
/home/ec2-user/arduino-testlib/cli-datadir/user/libraries/TM1637_RT/examples/TM1637_float/TM1637_float.ino:23:15: error: no matching function for call to &#39;TM1637::init(int, int)&#39;
   TM.init(2, 3);
               ^
In file included from /home/ec2-user/arduino-testlib/cli-datadir/user/libraries/TM1637_RT/examples/TM1637_float/TM1637_float.ino:9:0:
/home/ec2-user/arduino-testlib/cli-datadir/user/libraries/TM1637_Driver/src/TM1637.h:52:17: note: candidate: void TM1637::init()
     inline void init() { begin(); }
                 ^~~~
/home/ec2-user/arduino-testlib/cli-datadir/user/libraries/TM1637_Driver/src/TM1637.h:52:17: note:   candidate expects 0 arguments, 2 provided
/home/ec2-user/arduino-testlib/cli-datadir/user/libraries/TM1637_RT/examples/TM1637_float/TM1637_float.ino:24:6: error: &#39;class TM1637&#39; has no member named &#39;displayFloat&#39;; did you mean &#39;display&#39;?
   TM.displayFloat(1.42425);
      ^~~~~~~~~~~~
      display
/home/ec2-user/arduino-testlib/cli-datadir/user/libraries/TM1637_RT/examples/TM1637_float/TM1637_float.ino:26:6: error: &#39;class TM1637&#39; has no member named &#39;displayFloat&#39;; did you mean &#39;display&#39;?
   TM.displayFloat(-1.42425);
      ^~~~~~~~~~~~
      display
/home/ec2-user/arduino-testlib/cli-datadir/user/libraries/TM1637_RT/examples/TM1637_float/TM1637_float.ino:28:6: error: &#39;class TM1637&#39; has no member named &#39;displayClear&#39;; did you mean &#39;display&#39;?
   TM.displayClear();
      ^~~~~~~~~~~~
      display
/home/ec2-user/arduino-testlib/cli-datadir/user/libraries/TM1637_RT/examples/TM1637_float/TM1637_float.ino: In function &#39;void test()&#39;:
/home/ec2-user/arduino-testlib/cli-datadir/user/libraries/TM1637_RT/examples/TM1637_float/TM1637_float.ino:45:8: error: &#39;class TM1637&#39; has no member named &#39;displayFloat&#39;; did you mean &#39;display&#39;?
     TM.displayFloat(f);  // there is loop overhead etc
        ^~~~~~~~~~~~
        display
Multiple libraries were found for &#34;TM1637.h&#34;
  Used: /home/ec2-user/arduino-testlib/cli-datadir/user/libraries/TM1637_Driver
  Not used: /home/ec2-user/arduino-testlib/cli-datadir/user/libraries/TM1637_RT
  Not used: /home/ec2-user/arduino-testlib/cli-datadir/user/libraries/Grove_4-Digit_Display
  Not used: /home/ec2-user/arduino-testlib/cli-datadir/user/libraries/TM16xx_LEDs_and_Buttons
</pre>
					
					<h4>examples/TM1637_int</h4>
					<p>
						Result: <b>PASS</b>
					</p>
					<pre class="pre-scrollable">Sketch uses 4343 bytes (8%) of program storage space. Maximum is 49152 bytes.
Global variables use 194 bytes (3%) of dynamic memory, leaving 5950 bytes for local variables. Maximum is 6144 bytes.
</pre>
					
					<h4>examples/TM1637_keyscan_cooked</h4>
					<p>
						Result: <b>PASS</b>
					</p>
					<pre class="pre-scrollable">Sketch uses 4753 bytes (9%) of program storage space. Maximum is 49152 bytes.
Global variables use 196 bytes (3%) of dynamic memory, leaving 5948 bytes for local variables. Maximum is 6144 bytes.
</pre>
					
					<h4>examples/TM1637_keyscan_raw</h4>
					<p>
						Result: <b>FAIL</b>
					</p>
					<pre class="pre-scrollable">/home/ec2-user/arduino-testlib/cli-datadir/user/libraries/TM1637_RT/examples/TM1637_keyscan_raw/TM1637_keyscan_raw.ino:12:8: error: no matching function for call to &#39;TM1637::TM1637()&#39;
 TM1637 TM;
        ^~
In file included from /home/ec2-user/arduino-testlib/cli-datadir/user/libraries/TM1637_RT/examples/TM1637_keyscan_raw/TM1637_keyscan_raw.ino:10:0:
/home/ec2-user/arduino-testlib/cli-datadir/user/libraries/TM1637_Driver/src/TM1637.h:42:5: note: candidate: TM1637::TM1637(uint8_t, uint8_t)
     TM1637(uint8_t clkPin, uint8_t dataPin) noexcept: animator_(clkPin, dataPin, TOTAL_DIGITS)
     ^~~~~~
/home/ec2-user/arduino-testlib/cli-datadir/user/libraries/TM1637_Driver/src/TM1637.h:42:5: note:   candidate expects 2 arguments, 0 provided
/home/ec2-user/arduino-testlib/cli-datadir/user/libraries/TM1637_RT/examples/TM1637_keyscan_raw/TM1637_keyscan_raw.ino: In function &#39;void setup()&#39;:
/home/ec2-user/arduino-testlib/cli-datadir/user/libraries/TM1637_RT/examples/TM1637_keyscan_raw/TM1637_keyscan_raw.ino:43:30: error: no matching function for call to &#39;TM1637::init(int, int)&#39;
   TM.init(dispCLOCK, dispDATA);
                              ^
In file included from /home/ec2-user/arduino-testlib/cli-datadir/user/libraries/TM1637_RT/examples/TM1637_keyscan_raw/TM1637_keyscan_raw.ino:10:0:
/home/ec2-user/arduino-testlib/cli-datadir/user/libraries/TM1637_Driver/src/TM1637.h:52:17: note: candidate: void TM1637::init()
     inline void init() { begin(); }
                 ^~~~
/home/ec2-user/arduino-testlib/cli-datadir/user/libraries/TM1637_Driver/src/TM1637.h:52:17: note:   candidate expects 0 arguments, 2 provided
/home/ec2-user/arduino-testlib/cli-datadir/user/libraries/TM1637_RT/examples/TM1637_keyscan_raw/TM1637_keyscan_raw.ino:49:6: error: &#39;class TM1637&#39; has no member named &#39;displayClear&#39;; did you mean &#39;display&#39;?
   TM.displayClear();
      ^~~~~~~~~~~~
      display
/home/ec2-user/arduino-testlib/cli-datadir/user/libraries/TM1637_RT/examples/TM1637_keyscan_raw/TM1637_keyscan_raw.ino: In function &#39;char button_poll()&#39;:
/home/ec2-user/arduino-testlib/cli-datadir/user/libraries/TM1637_RT/examples/TM1637_keyscan_raw/TM1637_keyscan_raw.ino:59:25: error: &#39;class TM1637&#39; has no member named &#39;keyscan&#39;
   uint8_t keypress = TM.keyscan();
                         ^~~~~~~
/home/ec2-user/arduino-testlib/cli-datadir/user/libraries/TM1637_RT/examples/TM1637_keyscan_raw/TM1637_keyscan_raw.ino:60:6: error: &#39;class TM1637&#39; has no member named &#39;displayHex&#39;; did you mean &#39;display&#39;?
   TM.displayHex(keypress);
      ^~~~~~~~~~
      display
Multiple libraries were found for &#34;TM1637.h&#34;
  Used: /home/ec2-user/arduino-testlib/cli-datadir/user/libraries/TM1637_Driver
  Not used: /home/ec2-user/arduino-testlib/cli-datadir/user/libraries/TM16xx_LEDs_and_Buttons
  Not used: /home/ec2-user/arduino-testlib/cli-datadir/user/libraries/Grove_4-Digit_Display
  Not used: /home/ec2-user/arduino-testlib/cli-datadir/user/libraries/TM1637_RT
</pre>
					
				
				<h3 id="arduino:samd:mkrwifi1010">arduino:samd:mkrwifi1010 @ 1.8.12</h3>
				<h4>Inclusion</h4>
				<p>
					Result: <b>PASS</b>
					
					<br />This library has no main header file so an empty one was created.
					
				</p>
				<pre class="pre-scrollable">Sketch uses 12156 bytes (4%) of program storage space. Maximum is 262144 bytes.
Global variables use 2996 bytes (9%) of dynamic memory, leaving 29772 bytes for local variables. Maximum is 32768 bytes.
</pre>

					
					<h4>examples/TM1637_HEX</h4>
					<p>
						Result: <b>PASS</b>
					</p>
					<pre class="pre-scrollable">Sketch uses 13428 bytes (5%) of program storage space. Maximum is 262144 bytes.
Global variables use 3016 bytes (9%) of dynamic memory, leaving 29752 bytes for local variables. Maximum is 32768 bytes.
</pre>
					
					<h4>examples/TM1637_alpha</h4>
					<p>
						Result: <b>FAIL</b>
					</p>
					<pre class="pre-scrollable">/home/ec2-user/arduino-testlib/cli-datadir/user/libraries/TM1637_RT/examples/TM1637_alpha/TM1637_alpha.ino:12:8: error: no matching function for call to &#39;TM1637::TM1637()&#39;
 TM1637 TM;
        ^~
In file included from /home/ec2-user/arduino-testlib/cli-datadir/user/libraries/TM1637_RT/examples/TM1637_alpha/TM1637_alpha.ino:10:0:
/home/ec2-user/arduino-testlib/cli-datadir/user/libraries/TM1637_Driver/src/TM1637.h:42:5: note: candidate: TM1637::TM1637(uint8_t, uint8_t)
     TM1637(uint8_t clkPin, uint8_t dataPin) noexcept: animator_(clkPin, dataPin, TOTAL_DIGITS)
     ^~~~~~
/home/ec2-user/arduino-testlib/cli-datadir/user/libraries/TM1637_Driver/src/TM1637.h:42:5: note:   candidate expects 2 arguments, 0 provided
/home/ec2-user/arduino-testlib/cli-datadir/user/libraries/TM1637_RT/examples/TM1637_alpha/TM1637_alpha.ino: In function &#39;void setup()&#39;:
/home/ec2-user/arduino-testlib/cli-datadir/user/libraries/TM1637_RT/examples/TM1637_alpha/TM1637_alpha.ino:20:15: error: no matching function for call to &#39;TM1637::init(int, int)&#39;
   TM.init(2, 3);
               ^
In file included from /home/ec2-user/arduino-testlib/cli-datadir/user/libraries/TM1637_RT/examples/TM1637_alpha/TM1637_alpha.ino:10:0:
/home/ec2-user/arduino-testlib/cli-datadir/user/libraries/TM1637_Driver/src/TM1637.h:52:17: note: candidate: void TM1637::init()
     inline void init() { begin(); }
                 ^~~~
/home/ec2-user/arduino-testlib/cli-datadir/user/libraries/TM1637_Driver/src/TM1637.h:52:17: note:   candidate expects 0 arguments, 2 provided
/home/ec2-user/arduino-testlib/cli-datadir/user/libraries/TM1637_RT/examples/TM1637_alpha/TM1637_alpha.ino: In function &#39;void loop()&#39;:
/home/ec2-user/arduino-testlib/cli-datadir/user/libraries/TM1637_RT/examples/TM1637_alpha/TM1637_alpha.ino:54:6: error: &#39;class TM1637&#39; has no member named &#39;displayRaw&#39;; did you mean &#39;display&#39;?
   TM.displayRaw(data, -1);
      ^~~~~~~~~~
      display
/home/ec2-user/arduino-testlib/cli-datadir/user/libraries/TM1637_RT/examples/TM1637_alpha/TM1637_alpha.ino:56:6: error: &#39;class TM1637&#39; has no member named &#39;displayClear&#39;; did you mean &#39;display&#39;?
   TM.displayClear();
      ^~~~~~~~~~~~
      display
Multiple libraries were found for &#34;TM1637.h&#34;
  Used: /home/ec2-user/arduino-testlib/cli-datadir/user/libraries/TM1637_Driver
  Not used: /home/ec2-user/arduino-testlib/cli-datadir/user/libraries/Grove_4-Digit_Display
  Not used: /home/ec2-user/arduino-testlib/cli-datadir/user/libraries/TM16xx_LEDs_and_Buttons
  Not used: /home/ec2-user/arduino-testlib/cli-datadir/user/libraries/TM1637_RT
</pre>
					
					<h4>examples/TM1637_float</h4>
					<p>
						Result: <b>FAIL</b>
					</p>
					<pre class="pre-scrollable">/home/ec2-user/arduino-testlib/cli-datadir/user/libraries/TM1637_RT/examples/TM1637_float/TM1637_float.ino:12:8: error: no matching function for call to &#39;TM1637::TM1637()&#39;
 TM1637 TM;
        ^~
In file included from /home/ec2-user/arduino-testlib/cli-datadir/user/libraries/TM1637_RT/examples/TM1637_float/TM1637_float.ino:9:0:
/home/ec2-user/arduino-testlib/cli-datadir/user/libraries/TM1637_Driver/src/TM1637.h:42:5: note: candidate: TM1637::TM1637(uint8_t, uint8_t)
     TM1637(uint8_t clkPin, uint8_t dataPin) noexcept: animator_(clkPin, dataPin, TOTAL_DIGITS)
     ^~~~~~
/home/ec2-user/arduino-testlib/cli-datadir/user/libraries/TM1637_Driver/src/TM1637.h:42:5: note:   candidate expects 2 arguments, 0 provided
/home/ec2-user/arduino-testlib/cli-datadir/user/libraries/TM1637_RT/examples/TM1637_float/TM1637_float.ino: In function &#39;void setup()&#39;:
/home/ec2-user/arduino-testlib/cli-datadir/user/libraries/TM1637_RT/examples/TM1637_float/TM1637_float.ino:23:15: error: no matching function for call to &#39;TM1637::init(int, int)&#39;
   TM.init(2, 3);
               ^
In file included from /home/ec2-user/arduino-testlib/cli-datadir/user/libraries/TM1637_RT/examples/TM1637_float/TM1637_float.ino:9:0:
/home/ec2-user/arduino-testlib/cli-datadir/user/libraries/TM1637_Driver/src/TM1637.h:52:17: note: candidate: void TM1637::init()
     inline void init() { begin(); }
                 ^~~~
/home/ec2-user/arduino-testlib/cli-datadir/user/libraries/TM1637_Driver/src/TM1637.h:52:17: note:   candidate expects 0 arguments, 2 provided
/home/ec2-user/arduino-testlib/cli-datadir/user/libraries/TM1637_RT/examples/TM1637_float/TM1637_float.ino:24:6: error: &#39;class TM1637&#39; has no member named &#39;displayFloat&#39;; did you mean &#39;display&#39;?
   TM.displayFloat(1.42425);
      ^~~~~~~~~~~~
      display
/home/ec2-user/arduino-testlib/cli-datadir/user/libraries/TM1637_RT/examples/TM1637_float/TM1637_float.ino:26:6: error: &#39;class TM1637&#39; has no member named &#39;displayFloat&#39;; did you mean &#39;display&#39;?
   TM.displayFloat(-1.42425);
      ^~~~~~~~~~~~
      display
/home/ec2-user/arduino-testlib/cli-datadir/user/libraries/TM1637_RT/examples/TM1637_float/TM1637_float.ino:28:6: error: &#39;class TM1637&#39; has no member named &#39;displayClear&#39;; did you mean &#39;display&#39;?
   TM.displayClear();
      ^~~~~~~~~~~~
      display
/home/ec2-user/arduino-testlib/cli-datadir/user/libraries/TM1637_RT/examples/TM1637_float/TM1637_float.ino: In function &#39;void test()&#39;:
/home/ec2-user/arduino-testlib/cli-datadir/user/libraries/TM1637_RT/examples/TM1637_float/TM1637_float.ino:45:8: error: &#39;class TM1637&#39; has no member named &#39;displayFloat&#39;; did you mean &#39;display&#39;?
     TM.displayFloat(f);  // there is loop overhead etc
        ^~~~~~~~~~~~
        display
Multiple libraries were found for &#34;TM1637.h&#34;
  Used: /home/ec2-user/arduino-testlib/cli-datadir/user/libraries/TM1637_Driver
  Not used: /home/ec2-user/arduino-testlib/cli-datadir/user/libraries/TM1637_RT
  Not used: /home/ec2-user/arduino-testlib/cli-datadir/user/libraries/Grove_4-Digit_Display
  Not used: /home/ec2-user/arduino-testlib/cli-datadir/user/libraries/TM16xx_LEDs_and_Buttons
</pre>
					
					<h4>examples/TM1637_int</h4>
					<p>
						Result: <b>FAIL</b>
					</p>
					<pre class="pre-scrollable">/home/ec2-user/arduino-testlib/cli-datadir/user/libraries/TM1637_RT/examples/TM1637_int/TM1637_int.ino:12:8: error: no matching function for call to &#39;TM1637::TM1637()&#39;
 TM1637 TM;
        ^~
In file included from /home/ec2-user/arduino-testlib/cli-datadir/user/libraries/TM1637_RT/examples/TM1637_int/TM1637_int.ino:9:0:
/home/ec2-user/arduino-testlib/cli-datadir/user/libraries/TM1637_Driver/src/TM1637.h:42:5: note: candidate: TM1637::TM1637(uint8_t, uint8_t)
     TM1637(uint8_t clkPin, uint8_t dataPin) noexcept: animator_(clkPin, dataPin, TOTAL_DIGITS)
     ^~~~~~
/home/ec2-user/arduino-testlib/cli-datadir/user/libraries/TM1637_Driver/src/TM1637.h:42:5: note:   candidate expects 2 arguments, 0 provided
/home/ec2-user/arduino-testlib/cli-datadir/user/libraries/TM1637_RT/examples/TM1637_int/TM1637_int.ino: In function &#39;void setup()&#39;:
/home/ec2-user/arduino-testlib/cli-datadir/user/libraries/TM1637_RT/examples/TM1637_int/TM1637_int.ino:23:15: error: no matching function for call to &#39;TM1637::init(int, int)&#39;
   TM.init(2, 3);
               ^
In file included from /home/ec2-user/arduino-testlib/cli-datadir/user/libraries/TM1637_RT/examples/TM1637_int/TM1637_int.ino:9:0:
/home/ec2-user/arduino-testlib/cli-datadir/user/libraries/TM1637_Driver/src/TM1637.h:52:17: note: candidate: void TM1637::init()
     inline void init() { begin(); }
                 ^~~~
/home/ec2-user/arduino-testlib/cli-datadir/user/libraries/TM1637_Driver/src/TM1637.h:52:17: note:   candidate expects 0 arguments, 2 provided
/home/ec2-user/arduino-testlib/cli-datadir/user/libraries/TM1637_RT/examples/TM1637_int/TM1637_int.ino:25:6: error: &#39;class TM1637&#39; has no member named &#39;displayClear&#39;; did you mean &#39;display&#39;?
   TM.displayClear();
      ^~~~~~~~~~~~
      display
/home/ec2-user/arduino-testlib/cli-datadir/user/libraries/TM1637_RT/examples/TM1637_int/TM1637_int.ino:28:6: error: &#39;class TM1637&#39; has no member named &#39;displayInt&#39;; did you mean &#39;display&#39;?
   TM.displayInt(123456);
      ^~~~~~~~~~
      display
/home/ec2-user/arduino-testlib/cli-datadir/user/libraries/TM1637_RT/examples/TM1637_int/TM1637_int.ino:30:6: error: &#39;class TM1637&#39; has no member named &#39;displayInt&#39;; did you mean &#39;display&#39;?
   TM.displayInt(-98675);
      ^~~~~~~~~~
      display
/home/ec2-user/arduino-testlib/cli-datadir/user/libraries/TM1637_RT/examples/TM1637_int/TM1637_int.ino: In function &#39;void loop()&#39;:
/home/ec2-user/arduino-testlib/cli-datadir/user/libraries/TM1637_RT/examples/TM1637_int/TM1637_int.ino:39:6: error: &#39;class TM1637&#39; has no member named &#39;displayClear&#39;; did you mean &#39;display&#39;?
   TM.displayClear();
      ^~~~~~~~~~~~
      display
/home/ec2-user/arduino-testlib/cli-datadir/user/libraries/TM1637_RT/examples/TM1637_int/TM1637_int.ino: In function &#39;void test()&#39;:
/home/ec2-user/arduino-testlib/cli-datadir/user/libraries/TM1637_RT/examples/TM1637_int/TM1637_int.ino:49:8: error: &#39;class TM1637&#39; has no member named &#39;displayInt&#39;; did you mean &#39;display&#39;?
     TM.displayInt(val);  // there is loop overhead etc
        ^~~~~~~~~~
        display
Multiple libraries were found for &#34;TM1637.h&#34;
  Used: /home/ec2-user/arduino-testlib/cli-datadir/user/libraries/TM1637_Driver
  Not used: /home/ec2-user/arduino-testlib/cli-datadir/user/libraries/Grove_4-Digit_Display
  Not used: /home/ec2-user/arduino-testlib/cli-datadir/user/libraries/TM16xx_LEDs_and_Buttons
  Not used: /home/ec2-user/arduino-testlib/cli-datadir/user/libraries/TM1637_RT
</pre>
					
					<h4>examples/TM1637_keyscan_cooked</h4>
					<p>
						Result: <b>FAIL</b>
					</p>
					<pre class="pre-scrollable">/home/ec2-user/arduino-testlib/cli-datadir/user/libraries/TM1637_RT/examples/TM1637_keyscan_cooked/TM1637_keyscan_cooked.ino:12:8: error: no matching function for call to &#39;TM1637::TM1637()&#39;
 TM1637 TM;
        ^~
In file included from /home/ec2-user/arduino-testlib/cli-datadir/user/libraries/TM1637_RT/examples/TM1637_keyscan_cooked/TM1637_keyscan_cooked.ino:10:0:
/home/ec2-user/arduino-testlib/cli-datadir/user/libraries/TM1637_Driver/src/TM1637.h:42:5: note: candidate: TM1637::TM1637(uint8_t, uint8_t)
     TM1637(uint8_t clkPin, uint8_t dataPin) noexcept: animator_(clkPin, dataPin, TOTAL_DIGITS)
     ^~~~~~
/home/ec2-user/arduino-testlib/cli-datadir/user/libraries/TM1637_Driver/src/TM1637.h:42:5: note:   candidate expects 2 arguments, 0 provided
/home/ec2-user/arduino-testlib/cli-datadir/user/libraries/TM1637_RT/examples/TM1637_keyscan_cooked/TM1637_keyscan_cooked.ino: In function &#39;void setup()&#39;:
/home/ec2-user/arduino-testlib/cli-datadir/user/libraries/TM1637_RT/examples/TM1637_keyscan_cooked/TM1637_keyscan_cooked.ino:40:30: error: no matching function for call to &#39;TM1637::init(int, int)&#39;
   TM.init(dispCLOCK, dispDATA);
                              ^
In file included from /home/ec2-user/arduino-testlib/cli-datadir/user/libraries/TM1637_RT/examples/TM1637_keyscan_cooked/TM1637_keyscan_cooked.ino:10:0:
/home/ec2-user/arduino-testlib/cli-datadir/user/libraries/TM1637_Driver/src/TM1637.h:52:17: note: candidate: void TM1637::init()
     inline void init() { begin(); }
                 ^~~~
/home/ec2-user/arduino-testlib/cli-datadir/user/libraries/TM1637_Driver/src/TM1637.h:52:17: note:   candidate expects 0 arguments, 2 provided
/home/ec2-user/arduino-testlib/cli-datadir/user/libraries/TM1637_RT/examples/TM1637_keyscan_cooked/TM1637_keyscan_cooked.ino:42:6: error: &#39;class TM1637&#39; has no member named &#39;displayClear&#39;; did you mean &#39;display&#39;?
   TM.displayClear();
      ^~~~~~~~~~~~
      display
/home/ec2-user/arduino-testlib/cli-datadir/user/libraries/TM1637_RT/examples/TM1637_keyscan_cooked/TM1637_keyscan_cooked.ino: In function &#39;char button_poll()&#39;:
/home/ec2-user/arduino-testlib/cli-datadir/user/libraries/TM1637_RT/examples/TM1637_keyscan_cooked/TM1637_keyscan_cooked.ino:52:25: error: &#39;class TM1637&#39; has no member named &#39;keyscan&#39;
   uint8_t keypress = TM.keyscan();
                         ^~~~~~~
/home/ec2-user/arduino-testlib/cli-datadir/user/libraries/TM1637_RT/examples/TM1637_keyscan_cooked/TM1637_keyscan_cooked.ino: In function &#39;void loop()&#39;:
/home/ec2-user/arduino-testlib/cli-datadir/user/libraries/TM1637_RT/examples/TM1637_keyscan_cooked/TM1637_keyscan_cooked.ino:120:8: error: &#39;class TM1637&#39; has no member named &#39;displayRaw&#39;; did you mean &#39;display&#39;?
     TM.displayRaw(data, -1);
        ^~~~~~~~~~
        display
Multiple libraries were found for &#34;TM1637.h&#34;
  Used: /home/ec2-user/arduino-testlib/cli-datadir/user/libraries/TM1637_Driver
  Not used: /home/ec2-user/arduino-testlib/cli-datadir/user/libraries/Grove_4-Digit_Display
  Not used: /home/ec2-user/arduino-testlib/cli-datadir/user/libraries/TM16xx_LEDs_and_Buttons
  Not used: /home/ec2-user/arduino-testlib/cli-datadir/user/libraries/TM1637_RT
</pre>
					
					<h4>examples/TM1637_keyscan_raw</h4>
					<p>
						Result: <b>FAIL</b>
					</p>
					<pre class="pre-scrollable">/home/ec2-user/arduino-testlib/cli-datadir/user/libraries/TM1637_RT/examples/TM1637_keyscan_raw/TM1637_keyscan_raw.ino:12:8: error: no matching function for call to &#39;TM1637::TM1637()&#39;
 TM1637 TM;
        ^~
In file included from /home/ec2-user/arduino-testlib/cli-datadir/user/libraries/TM1637_RT/examples/TM1637_keyscan_raw/TM1637_keyscan_raw.ino:10:0:
/home/ec2-user/arduino-testlib/cli-datadir/user/libraries/TM1637_Driver/src/TM1637.h:42:5: note: candidate: TM1637::TM1637(uint8_t, uint8_t)
     TM1637(uint8_t clkPin, uint8_t dataPin) noexcept: animator_(clkPin, dataPin, TOTAL_DIGITS)
     ^~~~~~
/home/ec2-user/arduino-testlib/cli-datadir/user/libraries/TM1637_Driver/src/TM1637.h:42:5: note:   candidate expects 2 arguments, 0 provided
/home/ec2-user/arduino-testlib/cli-datadir/user/libraries/TM1637_RT/examples/TM1637_keyscan_raw/TM1637_keyscan_raw.ino: In function &#39;void setup()&#39;:
/home/ec2-user/arduino-testlib/cli-datadir/user/libraries/TM1637_RT/examples/TM1637_keyscan_raw/TM1637_keyscan_raw.ino:43:30: error: no matching function for call to &#39;TM1637::init(int, int)&#39;
   TM.init(dispCLOCK, dispDATA);
                              ^
In file included from /home/ec2-user/arduino-testlib/cli-datadir/user/libraries/TM1637_RT/examples/TM1637_keyscan_raw/TM1637_keyscan_raw.ino:10:0:
/home/ec2-user/arduino-testlib/cli-datadir/user/libraries/TM1637_Driver/src/TM1637.h:52:17: note: candidate: void TM1637::init()
     inline void init() { begin(); }
                 ^~~~
/home/ec2-user/arduino-testlib/cli-datadir/user/libraries/TM1637_Driver/src/TM1637.h:52:17: note:   candidate expects 0 arguments, 2 provided
/home/ec2-user/arduino-testlib/cli-datadir/user/libraries/TM1637_RT/examples/TM1637_keyscan_raw/TM1637_keyscan_raw.ino:49:6: error: &#39;class TM1637&#39; has no member named &#39;displayClear&#39;; did you mean &#39;display&#39;?
   TM.displayClear();
      ^~~~~~~~~~~~
      display
/home/ec2-user/arduino-testlib/cli-datadir/user/libraries/TM1637_RT/examples/TM1637_keyscan_raw/TM1637_keyscan_raw.ino: In function &#39;char button_poll()&#39;:
/home/ec2-user/arduino-testlib/cli-datadir/user/libraries/TM1637_RT/examples/TM1637_keyscan_raw/TM1637_keyscan_raw.ino:59:25: error: &#39;class TM1637&#39; has no member named &#39;keyscan&#39;
   uint8_t keypress = TM.keyscan();
                         ^~~~~~~
/home/ec2-user/arduino-testlib/cli-datadir/user/libraries/TM1637_RT/examples/TM1637_keyscan_raw/TM1637_keyscan_raw.ino:60:6: error: &#39;class TM1637&#39; has no member named &#39;displayHex&#39;; did you mean &#39;display&#39;?
   TM.displayHex(keypress);
      ^~~~~~~~~~
      display
Multiple libraries were found for &#34;TM1637.h&#34;
  Used: /home/ec2-user/arduino-testlib/cli-datadir/user/libraries/TM1637_Driver
  Not used: /home/ec2-user/arduino-testlib/cli-datadir/user/libraries/Grove_4-Digit_Display
  Not used: /home/ec2-user/arduino-testlib/cli-datadir/user/libraries/TM16xx_LEDs_and_Buttons
  Not used: /home/ec2-user/arduino-testlib/cli-datadir/user/libraries/TM1637_RT
</pre>
					
				
				<h3 id="esp32:esp32:d1_mini32">esp32:esp32:d1_mini32 @ 1.0.6</h3>
				<h4>Inclusion</h4>
				<p>
					Result: <b>PASS</b>
					
					<br />This library has no main header file so an empty one was created.
					
				</p>
				<pre class="pre-scrollable">Sketch uses 198218 bytes (15%) of program storage space. Maximum is 1310720 bytes.
Global variables use 13096 bytes (3%) of dynamic memory, leaving 314584 bytes for local variables. Maximum is 327680 bytes.
</pre>

					
					<h4>examples/TM1637_HEX</h4>
					<p>
						Result: <b>PASS</b>
					</p>
					<pre class="pre-scrollable">Sketch uses 206226 bytes (15%) of program storage space. Maximum is 1310720 bytes.
Global variables use 13440 bytes (4%) of dynamic memory, leaving 314240 bytes for local variables. Maximum is 327680 bytes.
</pre>
					
					<h4>examples/TM1637_alpha</h4>
					<p>
						Result: <b>PASS</b>
					</p>
					<pre class="pre-scrollable">Sketch uses 206178 bytes (15%) of program storage space. Maximum is 1310720 bytes.
Global variables use 13432 bytes (4%) of dynamic memory, leaving 314248 bytes for local variables. Maximum is 327680 bytes.
</pre>
					
					<h4>examples/TM1637_float</h4>
					<p>
						Result: <b>PASS</b>
					</p>
					<pre class="pre-scrollable">Sketch uses 206290 bytes (15%) of program storage space. Maximum is 1310720 bytes.
Global variables use 13440 bytes (4%) of dynamic memory, leaving 314240 bytes for local variables. Maximum is 327680 bytes.
</pre>
					
					<h4>examples/TM1637_int</h4>
					<p>
						Result: <b>PASS</b>
					</p>
					<pre class="pre-scrollable">Sketch uses 206230 bytes (15%) of program storage space. Maximum is 1310720 bytes.
Global variables use 13440 bytes (4%) of dynamic memory, leaving 314240 bytes for local variables. Maximum is 327680 bytes.
</pre>
					
					<h4>examples/TM1637_keyscan_cooked</h4>
					<p>
						Result: <b>FAIL</b>
					</p>
					<pre class="pre-scrollable">/home/ec2-user/arduino-testlib/cli-datadir/user/libraries/TM1637_RT/examples/TM1637_keyscan_cooked/TM1637_keyscan_cooked.ino:12:8: error: no matching function for call to &#39;TM1637::TM1637()&#39;
 TM1637 TM;
        ^
In file included from /home/ec2-user/arduino-testlib/cli-datadir/user/libraries/TM1637_RT/examples/TM1637_keyscan_cooked/TM1637_keyscan_cooked.ino:10:0:
/home/ec2-user/arduino-testlib/cli-datadir/user/libraries/TM1637_Driver/src/TM1637.h:42:5: note: candidate: TM1637::TM1637(uint8_t, uint8_t)
     TM1637(uint8_t clkPin, uint8_t dataPin) noexcept: animator_(clkPin, dataPin, TOTAL_DIGITS)
     ^
/home/ec2-user/arduino-testlib/cli-datadir/user/libraries/TM1637_Driver/src/TM1637.h:42:5: note:   candidate expects 2 arguments, 0 provided
/home/ec2-user/arduino-testlib/cli-datadir/user/libraries/TM1637_RT/examples/TM1637_keyscan_cooked/TM1637_keyscan_cooked.ino: In function &#39;void setup()&#39;:
/home/ec2-user/arduino-testlib/cli-datadir/user/libraries/TM1637_RT/examples/TM1637_keyscan_cooked/TM1637_keyscan_cooked.ino:40:30: error: no matching function for call to &#39;TM1637::init(int, int)&#39;
   TM.init(dispCLOCK, dispDATA);
                              ^
In file included from /home/ec2-user/arduino-testlib/cli-datadir/user/libraries/TM1637_RT/examples/TM1637_keyscan_cooked/TM1637_keyscan_cooked.ino:10:0:
/home/ec2-user/arduino-testlib/cli-datadir/user/libraries/TM1637_Driver/src/TM1637.h:52:17: note: candidate: void TM1637::init()
     inline void init() { begin(); }
                 ^
/home/ec2-user/arduino-testlib/cli-datadir/user/libraries/TM1637_Driver/src/TM1637.h:52:17: note:   candidate expects 0 arguments, 2 provided
/home/ec2-user/arduino-testlib/cli-datadir/user/libraries/TM1637_RT/examples/TM1637_keyscan_cooked/TM1637_keyscan_cooked.ino:42:6: error: &#39;class TM1637&#39; has no member named &#39;displayClear&#39;
   TM.displayClear();
      ^
/home/ec2-user/arduino-testlib/cli-datadir/user/libraries/TM1637_RT/examples/TM1637_keyscan_cooked/TM1637_keyscan_cooked.ino: In function &#39;char button_poll()&#39;:
/home/ec2-user/arduino-testlib/cli-datadir/user/libraries/TM1637_RT/examples/TM1637_keyscan_cooked/TM1637_keyscan_cooked.ino:52:25: error: &#39;class TM1637&#39; has no member named &#39;keyscan&#39;
   uint8_t keypress = TM.keyscan();
                         ^
/home/ec2-user/arduino-testlib/cli-datadir/user/libraries/TM1637_RT/examples/TM1637_keyscan_cooked/TM1637_keyscan_cooked.ino: In function &#39;void loop()&#39;:
/home/ec2-user/arduino-testlib/cli-datadir/user/libraries/TM1637_RT/examples/TM1637_keyscan_cooked/TM1637_keyscan_cooked.ino:120:8: error: &#39;class TM1637&#39; has no member named &#39;displayRaw&#39;
     TM.displayRaw(data, -1);
        ^
Multiple libraries were found for &#34;TM1637.h&#34;
  Used: /home/ec2-user/arduino-testlib/cli-datadir/user/libraries/TM1637_Driver
  Not used: /home/ec2-user/arduino-testlib/cli-datadir/user/libraries/TM16xx_LEDs_and_Buttons
  Not used: /home/ec2-user/arduino-testlib/cli-datadir/user/libraries/TM1637_RT
  Not used: /home/ec2-user/arduino-testlib/cli-datadir/user/libraries/Grove_4-Digit_Display
</pre>
					
					<h4>examples/TM1637_keyscan_raw</h4>
					<p>
						Result: <b>FAIL</b>
					</p>
					<pre class="pre-scrollable">/home/ec2-user/arduino-testlib/cli-datadir/user/libraries/TM1637_RT/examples/TM1637_keyscan_raw/TM1637_keyscan_raw.ino:12:8: error: no matching function for call to &#39;TM1637::TM1637()&#39;
 TM1637 TM;
        ^
In file included from /home/ec2-user/arduino-testlib/cli-datadir/user/libraries/TM1637_RT/examples/TM1637_keyscan_raw/TM1637_keyscan_raw.ino:10:0:
/home/ec2-user/arduino-testlib/cli-datadir/user/libraries/TM1637_Driver/src/TM1637.h:42:5: note: candidate: TM1637::TM1637(uint8_t, uint8_t)
     TM1637(uint8_t clkPin, uint8_t dataPin) noexcept: animator_(clkPin, dataPin, TOTAL_DIGITS)
     ^
/home/ec2-user/arduino-testlib/cli-datadir/user/libraries/TM1637_Driver/src/TM1637.h:42:5: note:   candidate expects 2 arguments, 0 provided
/home/ec2-user/arduino-testlib/cli-datadir/user/libraries/TM1637_RT/examples/TM1637_keyscan_raw/TM1637_keyscan_raw.ino: In function &#39;void setup()&#39;:
/home/ec2-user/arduino-testlib/cli-datadir/user/libraries/TM1637_RT/examples/TM1637_keyscan_raw/TM1637_keyscan_raw.ino:43:30: error: no matching function for call to &#39;TM1637::init(int, int)&#39;
   TM.init(dispCLOCK, dispDATA);
                              ^
In file included from /home/ec2-user/arduino-testlib/cli-datadir/user/libraries/TM1637_RT/examples/TM1637_keyscan_raw/TM1637_keyscan_raw.ino:10:0:
/home/ec2-user/arduino-testlib/cli-datadir/user/libraries/TM1637_Driver/src/TM1637.h:52:17: note: candidate: void TM1637::init()
     inline void init() { begin(); }
                 ^
/home/ec2-user/arduino-testlib/cli-datadir/user/libraries/TM1637_Driver/src/TM1637.h:52:17: note:   candidate expects 0 arguments, 2 provided
/home/ec2-user/arduino-testlib/cli-datadir/user/libraries/TM1637_RT/examples/TM1637_keyscan_raw/TM1637_keyscan_raw.ino:49:6: error: &#39;class TM1637&#39; has no member named &#39;displayClear&#39;
   TM.displayClear();
      ^
/home/ec2-user/arduino-testlib/cli-datadir/user/libraries/TM1637_RT/examples/TM1637_keyscan_raw/TM1637_keyscan_raw.ino: In function &#39;char button_poll()&#39;:
/home/ec2-user/arduino-testlib/cli-datadir/user/libraries/TM1637_RT/examples/TM1637_keyscan_raw/TM1637_keyscan_raw.ino:59:25: error: &#39;class TM1637&#39; has no member named &#39;keyscan&#39;
   uint8_t keypress = TM.keyscan();
                         ^
/home/ec2-user/arduino-testlib/cli-datadir/user/libraries/TM1637_RT/examples/TM1637_keyscan_raw/TM1637_keyscan_raw.ino:60:6: error: &#39;class TM1637&#39; has no member named &#39;displayHex&#39;
   TM.displayHex(keypress);
      ^
Multiple libraries were found for &#34;TM1637.h&#34;
  Used: /home/ec2-user/arduino-testlib/cli-datadir/user/libraries/TM1637_Driver
  Not used: /home/ec2-user/arduino-testlib/cli-datadir/user/libraries/Grove_4-Digit_Display
  Not used: /home/ec2-user/arduino-testlib/cli-datadir/user/libraries/TM16xx_LEDs_and_Buttons
  Not used: /home/ec2-user/arduino-testlib/cli-datadir/user/libraries/TM1637_RT
</pre>
					
				
			</div>
		</div>
	</div>
  </body>
</html>
