
<!doctype html>
<html lang="en">
  <head>
    <meta charset="utf-8">
    <meta name="viewport" content="width=device-width, initial-scale=1">
    <link href="https://cdn.jsdelivr.net/npm/bootstrap@5.0.2/dist/css/bootstrap.min.css" rel="stylesheet" integrity="sha384-EVSTQN3/azprG1Anm3QDgpJLIm9Nao0Yz1ztcQTwFspd3yD65VohhpuuCOmLASjC" crossorigin="anonymous">
    <title>arduino-testlib report</title>
	<style>
	.pass { background-color: #00FF00 !important; }
	.fail { background-color: #FF0000 !important; }
	</style>
  </head>
  <body>
	<div class="container">
		<div class="row">
			<div class="col">
				<h1>TouchWheel - compatibility matrix</h1>
				<p>
					<small>This report was generated on Monday, 21-Feb-22 12:00:25 CET using 
					<a href="https://github.com/alranel/arduino-testlib">arduino-testlib</a>.</small>
				</p>

				<h2>TouchWheel</h2>
				<p>
					Version: <b>1.1</b>
					<br />
					<a href="https://www.arduino.cc/reference/en/libraries/touchwheel/">More details</a>
				</p>

				<h2>Compatibility matrix</h2>
				<table class="table table-bordered">
					<tr>
						<th>Board</th>
						<th>Claims compatibility</th>
						<th>Inclusion</th>
						
						<th><pre>BasicTouchSlider</pre></th>
						
						<th><pre>BasicTouchWheel</pre></th>
						
					</tr>
					
					<tr>
						<td>
							<a href="#arduino%3aavr%3auno"><b>arduino:avr:uno</b></a>
							<br />
							<small>1.8.4</small>
						</td>

						
							<td>Yes</td>
							<td class="pass">PASS</td>
						
						
						
						

						
							
								
									
										
											<td class="pass">PASS</td>
											
										
									
										
									
								
							
								
							
								
							
								
							
								
							
						
							
								
									
										
									
										
											<td class="pass">PASS</td>
											
										
									
								
							
								
							
								
							
								
							
								
							
						
					</tr>
					
					<tr>
						<td>
							<a href="#arduino%3ambed_nano%3ananorp2040connect"><b>arduino:mbed_nano:nanorp2040connect</b></a>
							<br />
							<small>2.7.2</small>
						</td>

						
						
						
						
							<td>No</td>
							<td class="fail">FAIL</td>
						

						
							
								
							
								
									
										
											
											<td class="fail">FAIL</td>
										
									
										
									
								
							
								
							
								
							
								
							
						
							
								
							
								
									
										
									
										
											
											<td class="fail">FAIL</td>
										
									
								
							
								
							
								
							
								
							
						
					</tr>
					
					<tr>
						<td>
							<a href="#arduino%3amegaavr%3anona4809"><b>arduino:megaavr:nona4809</b></a>
							<br />
							<small>1.8.7</small>
						</td>

						
						
						
						
							<td>No</td>
							<td class="fail">FAIL</td>
						

						
							
								
							
								
							
								
									
										
											
											<td class="fail">FAIL</td>
										
									
										
									
								
							
								
							
								
							
						
							
								
							
								
							
								
									
										
									
										
											
											<td class="fail">FAIL</td>
										
									
								
							
								
							
								
							
						
					</tr>
					
					<tr>
						<td>
							<a href="#arduino%3asamd%3amkrwifi1010"><b>arduino:samd:mkrwifi1010</b></a>
							<br />
							<small>1.8.12</small>
						</td>

						
						
						
						
							<td>No</td>
							<td class="fail">FAIL</td>
						

						
							
								
							
								
							
								
							
								
									
										
											
											<td class="fail">FAIL</td>
										
									
										
									
								
							
								
							
						
							
								
							
								
							
								
							
								
									
										
									
										
											
											<td class="fail">FAIL</td>
										
									
								
							
								
							
						
					</tr>
					
					<tr>
						<td>
							<a href="#esp32%3aesp32%3ad1_mini32"><b>esp32:esp32:d1_mini32</b></a>
							<br />
							<small>1.0.6</small>
						</td>

						
						
						
						
							<td>No</td>
							<td class="fail">FAIL</td>
						

						
							
								
							
								
							
								
							
								
							
								
									
										
											
											<td class="fail">FAIL</td>
										
									
										
									
								
							
						
							
								
							
								
							
								
							
								
							
								
									
										
									
										
											
											<td class="fail">FAIL</td>
										
									
								
							
						
					</tr>
					
				</table>

				<h2>Compilation logs</h2>
				
				<h3 id="arduino:avr:uno">arduino:avr:uno @ 1.8.4</h3>
				<h4>Inclusion</h4>
				<p>
					Result: <b>PASS</b>
					
				</p>
				<pre class="pre-scrollable">Sketch uses 444 bytes (1%) of program storage space. Maximum is 32256 bytes.
Global variables use 9 bytes (0%) of dynamic memory, leaving 2039 bytes for local variables. Maximum is 2048 bytes.
</pre>

					
					<h4>examples/BasicTouchSlider</h4>
					<p>
						Result: <b>PASS</b>
					</p>
					<pre class="pre-scrollable">Sketch uses 4000 bytes (12%) of program storage space. Maximum is 32256 bytes.
Global variables use 214 bytes (10%) of dynamic memory, leaving 1834 bytes for local variables. Maximum is 2048 bytes.
</pre>
					
					<h4>examples/BasicTouchWheel</h4>
					<p>
						Result: <b>PASS</b>
					</p>
					<pre class="pre-scrollable">Sketch uses 2668 bytes (8%) of program storage space. Maximum is 32256 bytes.
Global variables use 266 bytes (12%) of dynamic memory, leaving 1782 bytes for local variables. Maximum is 2048 bytes.
</pre>
					
				
				<h3 id="arduino:mbed_nano:nanorp2040connect">arduino:mbed_nano:nanorp2040connect @ 2.7.2</h3>
				<h4>Inclusion</h4>
				<p>
					Result: <b>FAIL</b>
					
				</p>
				<pre class="pre-scrollable">WARNING: library TouchWheel claims to run on avr architecture(s) and may be incompatible with your current board which runs on mbed_nano architecture(s).
In file included from /home/ec2-user/arduino-testlib/cli-datadir/user/libraries/TouchWheel/src/TouchWheel.h:5:0,
                 from /tmp/arduino-testlib1112518827/test/test.ino:1:
/home/ec2-user/arduino-testlib/cli-datadir/user/libraries/TouchWheel/src/AdcTouchChannel.h: In member function &#39;int AdcTouchChannel::read()&#39;:
/home/ec2-user/arduino-testlib/cli-datadir/user/libraries/TouchWheel/src/AdcTouchChannel.h:17:4: error: &#39;ADMUX&#39; was not declared in this scope
    ADMUX |=   0b11111;
    ^~~~~
/home/ec2-user/arduino-testlib/cli-datadir/user/libraries/TouchWheel/src/AdcTouchChannel.h:18:4: error: &#39;ADCSRA&#39; was not declared in this scope
    ADCSRA |= (1&lt;&lt;ADSC); //start conversion
    ^~~~~~
/home/ec2-user/arduino-testlib/cli-datadir/user/libraries/TouchWheel/src/AdcTouchChannel.h:18:4: note: suggested alternative: &#39;ADC0&#39;
    ADCSRA |= (1&lt;&lt;ADSC); //start conversion
    ^~~~~~
    ADC0
/home/ec2-user/arduino-testlib/cli-datadir/user/libraries/TouchWheel/src/AdcTouchChannel.h:18:18: error: &#39;ADSC&#39; was not declared in this scope
    ADCSRA |= (1&lt;&lt;ADSC); //start conversion
                  ^~~~
/home/ec2-user/arduino-testlib/cli-datadir/user/libraries/TouchWheel/src/AdcTouchChannel.h:18:18: note: suggested alternative: &#39;ADC0&#39;
    ADCSRA |= (1&lt;&lt;ADSC); //start conversion
                  ^~~~
                  ADC0
/home/ec2-user/arduino-testlib/cli-datadir/user/libraries/TouchWheel/src/AdcTouchChannel.h:19:25: error: &#39;ADIF&#39; was not declared in this scope
    while(!(ADCSRA &amp; (1&lt;&lt;ADIF))); //wait for conversion to finish
                         ^~~~
/home/ec2-user/arduino-testlib/cli-datadir/user/libraries/TouchWheel/src/AdcTouchChannel.h:19:25: note: suggested alternative: &#39;DIR&#39;
    while(!(ADCSRA &amp; (1&lt;&lt;ADIF))); //wait for conversion to finish
                         ^~~~
                         DIR
/home/ec2-user/arduino-testlib/cli-datadir/user/libraries/TouchWheel/src/AdcTouchChannel.h:20:18: error: &#39;ADIF&#39; was not declared in this scope
    ADCSRA |= (1&lt;&lt;ADIF); //reset the flag
                  ^~~~
/home/ec2-user/arduino-testlib/cli-datadir/user/libraries/TouchWheel/src/AdcTouchChannel.h:20:18: note: suggested alternative: &#39;DIR&#39;
    ADCSRA |= (1&lt;&lt;ADIF); //reset the flag
                  ^~~~
                  DIR
/home/ec2-user/arduino-testlib/cli-datadir/user/libraries/TouchWheel/src/AdcTouchChannel.h: In static member function &#39;static void AdcTouchChannel::setFastAdc()&#39;:
/home/ec2-user/arduino-testlib/cli-datadir/user/libraries/TouchWheel/src/AdcTouchChannel.h:29:38: error: &#39;ADPS2&#39; was not declared in this scope
   const unsigned char PS_128 = (1 &lt;&lt; ADPS2) | (1 &lt;&lt; ADPS1) | (1 &lt;&lt; ADPS0);
                                      ^~~~~
/home/ec2-user/arduino-testlib/cli-datadir/user/libraries/TouchWheel/src/AdcTouchChannel.h:29:53: error: &#39;ADPS1&#39; was not declared in this scope
   const unsigned char PS_128 = (1 &lt;&lt; ADPS2) | (1 &lt;&lt; ADPS1) | (1 &lt;&lt; ADPS0);
                                                     ^~~~~
/home/ec2-user/arduino-testlib/cli-datadir/user/libraries/TouchWheel/src/AdcTouchChannel.h:29:68: error: &#39;ADPS0&#39; was not declared in this scope
   const unsigned char PS_128 = (1 &lt;&lt; ADPS2) | (1 &lt;&lt; ADPS1) | (1 &lt;&lt; ADPS0);
                                                                    ^~~~~
/home/ec2-user/arduino-testlib/cli-datadir/user/libraries/TouchWheel/src/AdcTouchChannel.h:29:68: note: suggested alternative: &#39;ADC0&#39;
   const unsigned char PS_128 = (1 &lt;&lt; ADPS2) | (1 &lt;&lt; ADPS1) | (1 &lt;&lt; ADPS0);
                                                                    ^~~~~
                                                                    ADC0
/home/ec2-user/arduino-testlib/cli-datadir/user/libraries/TouchWheel/src/AdcTouchChannel.h:31:3: error: &#39;ADCSRA&#39; was not declared in this scope
   ADCSRA &amp;= ~PS_128;  // remove bits set by Arduino library
   ^~~~~~
/home/ec2-user/arduino-testlib/cli-datadir/user/libraries/TouchWheel/src/AdcTouchChannel.h:31:3: note: suggested alternative: &#39;ADC0&#39;
   ADCSRA &amp;= ~PS_128;  // remove bits set by Arduino library
   ^~~~~~
   ADC0
In file included from /tmp/arduino-testlib1112518827/test/test.ino:1:0:
/home/ec2-user/arduino-testlib/cli-datadir/user/libraries/TouchWheel/src/TouchWheel.h: At global scope:
/home/ec2-user/arduino-testlib/cli-datadir/user/libraries/TouchWheel/src/TouchWheel.h:74:10: error: extra qualification &#39;TouchWheel::&#39; on member &#39;isTouching&#39; [-fpermissive]
  boolean TouchWheel::isTouching() {
          ^~~~~~~~~~

</pre>

					
					<h4>examples/BasicTouchSlider</h4>
					<p>
						Result: <b>FAIL</b>
					</p>
					<pre class="pre-scrollable">WARNING: library TouchWheel claims to run on avr architecture(s) and may be incompatible with your current board which runs on mbed_nano architecture(s).
In file included from /home/ec2-user/arduino-testlib/cli-datadir/user/libraries/TouchWheel/src/TouchSlider.h:5:0,
                 from /home/ec2-user/arduino-testlib/cli-datadir/user/libraries/TouchWheel/examples/BasicTouchSlider/BasicTouchSlider.ino:1:
/home/ec2-user/arduino-testlib/cli-datadir/user/libraries/TouchWheel/src/AdcTouchChannel.h: In member function &#39;int AdcTouchChannel::read()&#39;:
/home/ec2-user/arduino-testlib/cli-datadir/user/libraries/TouchWheel/src/AdcTouchChannel.h:17:4: error: &#39;ADMUX&#39; was not declared in this scope
    ADMUX |=   0b11111;
    ^~~~~
/home/ec2-user/arduino-testlib/cli-datadir/user/libraries/TouchWheel/src/AdcTouchChannel.h:18:4: error: &#39;ADCSRA&#39; was not declared in this scope
    ADCSRA |= (1&lt;&lt;ADSC); //start conversion
    ^~~~~~
/home/ec2-user/arduino-testlib/cli-datadir/user/libraries/TouchWheel/src/AdcTouchChannel.h:18:4: note: suggested alternative: &#39;ADC0&#39;
    ADCSRA |= (1&lt;&lt;ADSC); //start conversion
    ^~~~~~
    ADC0
/home/ec2-user/arduino-testlib/cli-datadir/user/libraries/TouchWheel/src/AdcTouchChannel.h:18:18: error: &#39;ADSC&#39; was not declared in this scope
    ADCSRA |= (1&lt;&lt;ADSC); //start conversion
                  ^~~~
/home/ec2-user/arduino-testlib/cli-datadir/user/libraries/TouchWheel/src/AdcTouchChannel.h:18:18: note: suggested alternative: &#39;ADC0&#39;
    ADCSRA |= (1&lt;&lt;ADSC); //start conversion
                  ^~~~
                  ADC0
/home/ec2-user/arduino-testlib/cli-datadir/user/libraries/TouchWheel/src/AdcTouchChannel.h:19:25: error: &#39;ADIF&#39; was not declared in this scope
    while(!(ADCSRA &amp; (1&lt;&lt;ADIF))); //wait for conversion to finish
                         ^~~~
/home/ec2-user/arduino-testlib/cli-datadir/user/libraries/TouchWheel/src/AdcTouchChannel.h:19:25: note: suggested alternative: &#39;DIR&#39;
    while(!(ADCSRA &amp; (1&lt;&lt;ADIF))); //wait for conversion to finish
                         ^~~~
                         DIR
/home/ec2-user/arduino-testlib/cli-datadir/user/libraries/TouchWheel/src/AdcTouchChannel.h:20:18: error: &#39;ADIF&#39; was not declared in this scope
    ADCSRA |= (1&lt;&lt;ADIF); //reset the flag
                  ^~~~
/home/ec2-user/arduino-testlib/cli-datadir/user/libraries/TouchWheel/src/AdcTouchChannel.h:20:18: note: suggested alternative: &#39;DIR&#39;
    ADCSRA |= (1&lt;&lt;ADIF); //reset the flag
                  ^~~~
                  DIR
/home/ec2-user/arduino-testlib/cli-datadir/user/libraries/TouchWheel/src/AdcTouchChannel.h: In static member function &#39;static void AdcTouchChannel::setFastAdc()&#39;:
/home/ec2-user/arduino-testlib/cli-datadir/user/libraries/TouchWheel/src/AdcTouchChannel.h:29:38: error: &#39;ADPS2&#39; was not declared in this scope
   const unsigned char PS_128 = (1 &lt;&lt; ADPS2) | (1 &lt;&lt; ADPS1) | (1 &lt;&lt; ADPS0);
                                      ^~~~~
/home/ec2-user/arduino-testlib/cli-datadir/user/libraries/TouchWheel/src/AdcTouchChannel.h:29:53: error: &#39;ADPS1&#39; was not declared in this scope
   const unsigned char PS_128 = (1 &lt;&lt; ADPS2) | (1 &lt;&lt; ADPS1) | (1 &lt;&lt; ADPS0);
                                                     ^~~~~
/home/ec2-user/arduino-testlib/cli-datadir/user/libraries/TouchWheel/src/AdcTouchChannel.h:29:68: error: &#39;ADPS0&#39; was not declared in this scope
   const unsigned char PS_128 = (1 &lt;&lt; ADPS2) | (1 &lt;&lt; ADPS1) | (1 &lt;&lt; ADPS0);
                                                                    ^~~~~
/home/ec2-user/arduino-testlib/cli-datadir/user/libraries/TouchWheel/src/AdcTouchChannel.h:29:68: note: suggested alternative: &#39;ADC0&#39;
   const unsigned char PS_128 = (1 &lt;&lt; ADPS2) | (1 &lt;&lt; ADPS1) | (1 &lt;&lt; ADPS0);
                                                                    ^~~~~
                                                                    ADC0
/home/ec2-user/arduino-testlib/cli-datadir/user/libraries/TouchWheel/src/AdcTouchChannel.h:31:3: error: &#39;ADCSRA&#39; was not declared in this scope
   ADCSRA &amp;= ~PS_128;  // remove bits set by Arduino library
   ^~~~~~
/home/ec2-user/arduino-testlib/cli-datadir/user/libraries/TouchWheel/src/AdcTouchChannel.h:31:3: note: suggested alternative: &#39;ADC0&#39;
   ADCSRA &amp;= ~PS_128;  // remove bits set by Arduino library
   ^~~~~~
   ADC0

</pre>
					
					<h4>examples/BasicTouchWheel</h4>
					<p>
						Result: <b>FAIL</b>
					</p>
					<pre class="pre-scrollable">WARNING: library TouchWheel claims to run on avr architecture(s) and may be incompatible with your current board which runs on mbed_nano architecture(s).
In file included from /home/ec2-user/arduino-testlib/cli-datadir/user/libraries/TouchWheel/src/TouchWheel.h:5:0,
                 from /home/ec2-user/arduino-testlib/cli-datadir/user/libraries/TouchWheel/examples/BasicTouchWheel/BasicTouchWheel.ino:11:
/home/ec2-user/arduino-testlib/cli-datadir/user/libraries/TouchWheel/src/AdcTouchChannel.h: In member function &#39;int AdcTouchChannel::read()&#39;:
/home/ec2-user/arduino-testlib/cli-datadir/user/libraries/TouchWheel/src/AdcTouchChannel.h:17:4: error: &#39;ADMUX&#39; was not declared in this scope
    ADMUX |=   0b11111;
    ^~~~~
/home/ec2-user/arduino-testlib/cli-datadir/user/libraries/TouchWheel/src/AdcTouchChannel.h:18:4: error: &#39;ADCSRA&#39; was not declared in this scope
    ADCSRA |= (1&lt;&lt;ADSC); //start conversion
    ^~~~~~
/home/ec2-user/arduino-testlib/cli-datadir/user/libraries/TouchWheel/src/AdcTouchChannel.h:18:4: note: suggested alternative: &#39;ADC0&#39;
    ADCSRA |= (1&lt;&lt;ADSC); //start conversion
    ^~~~~~
    ADC0
/home/ec2-user/arduino-testlib/cli-datadir/user/libraries/TouchWheel/src/AdcTouchChannel.h:18:18: error: &#39;ADSC&#39; was not declared in this scope
    ADCSRA |= (1&lt;&lt;ADSC); //start conversion
                  ^~~~
/home/ec2-user/arduino-testlib/cli-datadir/user/libraries/TouchWheel/src/AdcTouchChannel.h:18:18: note: suggested alternative: &#39;ADC0&#39;
    ADCSRA |= (1&lt;&lt;ADSC); //start conversion
                  ^~~~
                  ADC0
/home/ec2-user/arduino-testlib/cli-datadir/user/libraries/TouchWheel/src/AdcTouchChannel.h:19:25: error: &#39;ADIF&#39; was not declared in this scope
    while(!(ADCSRA &amp; (1&lt;&lt;ADIF))); //wait for conversion to finish
                         ^~~~
/home/ec2-user/arduino-testlib/cli-datadir/user/libraries/TouchWheel/src/AdcTouchChannel.h:19:25: note: suggested alternative: &#39;DIR&#39;
    while(!(ADCSRA &amp; (1&lt;&lt;ADIF))); //wait for conversion to finish
                         ^~~~
                         DIR
/home/ec2-user/arduino-testlib/cli-datadir/user/libraries/TouchWheel/src/AdcTouchChannel.h:20:18: error: &#39;ADIF&#39; was not declared in this scope
    ADCSRA |= (1&lt;&lt;ADIF); //reset the flag
                  ^~~~
/home/ec2-user/arduino-testlib/cli-datadir/user/libraries/TouchWheel/src/AdcTouchChannel.h:20:18: note: suggested alternative: &#39;DIR&#39;
    ADCSRA |= (1&lt;&lt;ADIF); //reset the flag
                  ^~~~
                  DIR
/home/ec2-user/arduino-testlib/cli-datadir/user/libraries/TouchWheel/src/AdcTouchChannel.h: In static member function &#39;static void AdcTouchChannel::setFastAdc()&#39;:
/home/ec2-user/arduino-testlib/cli-datadir/user/libraries/TouchWheel/src/AdcTouchChannel.h:29:38: error: &#39;ADPS2&#39; was not declared in this scope
   const unsigned char PS_128 = (1 &lt;&lt; ADPS2) | (1 &lt;&lt; ADPS1) | (1 &lt;&lt; ADPS0);
                                      ^~~~~
/home/ec2-user/arduino-testlib/cli-datadir/user/libraries/TouchWheel/src/AdcTouchChannel.h:29:53: error: &#39;ADPS1&#39; was not declared in this scope
   const unsigned char PS_128 = (1 &lt;&lt; ADPS2) | (1 &lt;&lt; ADPS1) | (1 &lt;&lt; ADPS0);
                                                     ^~~~~
/home/ec2-user/arduino-testlib/cli-datadir/user/libraries/TouchWheel/src/AdcTouchChannel.h:29:68: error: &#39;ADPS0&#39; was not declared in this scope
   const unsigned char PS_128 = (1 &lt;&lt; ADPS2) | (1 &lt;&lt; ADPS1) | (1 &lt;&lt; ADPS0);
                                                                    ^~~~~
/home/ec2-user/arduino-testlib/cli-datadir/user/libraries/TouchWheel/src/AdcTouchChannel.h:29:68: note: suggested alternative: &#39;ADC0&#39;
   const unsigned char PS_128 = (1 &lt;&lt; ADPS2) | (1 &lt;&lt; ADPS1) | (1 &lt;&lt; ADPS0);
                                                                    ^~~~~
                                                                    ADC0
/home/ec2-user/arduino-testlib/cli-datadir/user/libraries/TouchWheel/src/AdcTouchChannel.h:31:3: error: &#39;ADCSRA&#39; was not declared in this scope
   ADCSRA &amp;= ~PS_128;  // remove bits set by Arduino library
   ^~~~~~
/home/ec2-user/arduino-testlib/cli-datadir/user/libraries/TouchWheel/src/AdcTouchChannel.h:31:3: note: suggested alternative: &#39;ADC0&#39;
   ADCSRA &amp;= ~PS_128;  // remove bits set by Arduino library
   ^~~~~~
   ADC0
In file included from /home/ec2-user/arduino-testlib/cli-datadir/user/libraries/TouchWheel/examples/BasicTouchWheel/BasicTouchWheel.ino:11:0:
/home/ec2-user/arduino-testlib/cli-datadir/user/libraries/TouchWheel/src/TouchWheel.h: At global scope:
/home/ec2-user/arduino-testlib/cli-datadir/user/libraries/TouchWheel/src/TouchWheel.h:74:10: error: extra qualification &#39;TouchWheel::&#39; on member &#39;isTouching&#39; [-fpermissive]
  boolean TouchWheel::isTouching() {
          ^~~~~~~~~~

</pre>
					
				
				<h3 id="arduino:megaavr:nona4809">arduino:megaavr:nona4809 @ 1.8.7</h3>
				<h4>Inclusion</h4>
				<p>
					Result: <b>FAIL</b>
					
				</p>
				<pre class="pre-scrollable">WARNING: library TouchWheel claims to run on avr architecture(s) and may be incompatible with your current board which runs on megaavr architecture(s).
In file included from /home/ec2-user/arduino-testlib/cli-datadir/user/libraries/TouchWheel/src/TouchWheel.h:5:0,
                 from /tmp/arduino-testlib1112518827/test/test.ino:1:
/home/ec2-user/arduino-testlib/cli-datadir/user/libraries/TouchWheel/src/AdcTouchChannel.h: In member function &#39;int AdcTouchChannel::read()&#39;:
/home/ec2-user/arduino-testlib/cli-datadir/user/libraries/TouchWheel/src/AdcTouchChannel.h:17:4: error: &#39;ADMUX&#39; was not declared in this scope
    ADMUX |=   0b11111;
    ^~~~~
/home/ec2-user/arduino-testlib/cli-datadir/user/libraries/TouchWheel/src/AdcTouchChannel.h:18:4: error: &#39;ADCSRA&#39; was not declared in this scope
    ADCSRA |= (1&lt;&lt;ADSC); //start conversion
    ^~~~~~
/home/ec2-user/arduino-testlib/cli-datadir/user/libraries/TouchWheel/src/AdcTouchChannel.h:18:4: note: suggested alternative: &#39;ADC_t&#39;
    ADCSRA |= (1&lt;&lt;ADSC); //start conversion
    ^~~~~~
    ADC_t
/home/ec2-user/arduino-testlib/cli-datadir/user/libraries/TouchWheel/src/AdcTouchChannel.h:18:18: error: &#39;ADSC&#39; was not declared in this scope
    ADCSRA |= (1&lt;&lt;ADSC); //start conversion
                  ^~~~
/home/ec2-user/arduino-testlib/cli-datadir/user/libraries/TouchWheel/src/AdcTouchChannel.h:18:18: note: suggested alternative: &#39;DDRC&#39;
    ADCSRA |= (1&lt;&lt;ADSC); //start conversion
                  ^~~~
                  DDRC
/home/ec2-user/arduino-testlib/cli-datadir/user/libraries/TouchWheel/src/AdcTouchChannel.h:19:25: error: &#39;ADIF&#39; was not declared in this scope
    while(!(ADCSRA &amp; (1&lt;&lt;ADIF))); //wait for conversion to finish
                         ^~~~
/home/ec2-user/arduino-testlib/cli-datadir/user/libraries/TouchWheel/src/AdcTouchChannel.h:19:25: note: suggested alternative: &#39;ADC0&#39;
    while(!(ADCSRA &amp; (1&lt;&lt;ADIF))); //wait for conversion to finish
                         ^~~~
                         ADC0
/home/ec2-user/arduino-testlib/cli-datadir/user/libraries/TouchWheel/src/AdcTouchChannel.h:20:18: error: &#39;ADIF&#39; was not declared in this scope
    ADCSRA |= (1&lt;&lt;ADIF); //reset the flag
                  ^~~~
/home/ec2-user/arduino-testlib/cli-datadir/user/libraries/TouchWheel/src/AdcTouchChannel.h:20:18: note: suggested alternative: &#39;ADC0&#39;
    ADCSRA |= (1&lt;&lt;ADIF); //reset the flag
                  ^~~~
                  ADC0
/home/ec2-user/arduino-testlib/cli-datadir/user/libraries/TouchWheel/src/AdcTouchChannel.h: In static member function &#39;static void AdcTouchChannel::setFastAdc()&#39;:
/home/ec2-user/arduino-testlib/cli-datadir/user/libraries/TouchWheel/src/AdcTouchChannel.h:29:38: error: &#39;ADPS2&#39; was not declared in this scope
   const unsigned char PS_128 = (1 &lt;&lt; ADPS2) | (1 &lt;&lt; ADPS1) | (1 &lt;&lt; ADPS0);
                                      ^~~~~
/home/ec2-user/arduino-testlib/cli-datadir/user/libraries/TouchWheel/src/AdcTouchChannel.h:29:53: error: &#39;ADPS1&#39; was not declared in this scope
   const unsigned char PS_128 = (1 &lt;&lt; ADPS2) | (1 &lt;&lt; ADPS1) | (1 &lt;&lt; ADPS0);
                                                     ^~~~~
/home/ec2-user/arduino-testlib/cli-datadir/user/libraries/TouchWheel/src/AdcTouchChannel.h:29:68: error: &#39;ADPS0&#39; was not declared in this scope
   const unsigned char PS_128 = (1 &lt;&lt; ADPS2) | (1 &lt;&lt; ADPS1) | (1 &lt;&lt; ADPS0);
                                                                    ^~~~~
/home/ec2-user/arduino-testlib/cli-datadir/user/libraries/TouchWheel/src/AdcTouchChannel.h:29:68: note: suggested alternative: &#39;ADC0&#39;
   const unsigned char PS_128 = (1 &lt;&lt; ADPS2) | (1 &lt;&lt; ADPS1) | (1 &lt;&lt; ADPS0);
                                                                    ^~~~~
                                                                    ADC0
/home/ec2-user/arduino-testlib/cli-datadir/user/libraries/TouchWheel/src/AdcTouchChannel.h:31:3: error: &#39;ADCSRA&#39; was not declared in this scope
   ADCSRA &amp;= ~PS_128;  // remove bits set by Arduino library
   ^~~~~~
/home/ec2-user/arduino-testlib/cli-datadir/user/libraries/TouchWheel/src/AdcTouchChannel.h:31:3: note: suggested alternative: &#39;ADC_t&#39;
   ADCSRA &amp;= ~PS_128;  // remove bits set by Arduino library
   ^~~~~~
   ADC_t

</pre>

					
					<h4>examples/BasicTouchSlider</h4>
					<p>
						Result: <b>FAIL</b>
					</p>
					<pre class="pre-scrollable">WARNING: library TouchWheel claims to run on avr architecture(s) and may be incompatible with your current board which runs on megaavr architecture(s).
In file included from /home/ec2-user/arduino-testlib/cli-datadir/user/libraries/TouchWheel/src/TouchSlider.h:5:0,
                 from /home/ec2-user/arduino-testlib/cli-datadir/user/libraries/TouchWheel/examples/BasicTouchSlider/BasicTouchSlider.ino:1:
/home/ec2-user/arduino-testlib/cli-datadir/user/libraries/TouchWheel/src/AdcTouchChannel.h: In member function &#39;int AdcTouchChannel::read()&#39;:
/home/ec2-user/arduino-testlib/cli-datadir/user/libraries/TouchWheel/src/AdcTouchChannel.h:17:4: error: &#39;ADMUX&#39; was not declared in this scope
    ADMUX |=   0b11111;
    ^~~~~
/home/ec2-user/arduino-testlib/cli-datadir/user/libraries/TouchWheel/src/AdcTouchChannel.h:18:4: error: &#39;ADCSRA&#39; was not declared in this scope
    ADCSRA |= (1&lt;&lt;ADSC); //start conversion
    ^~~~~~
/home/ec2-user/arduino-testlib/cli-datadir/user/libraries/TouchWheel/src/AdcTouchChannel.h:18:4: note: suggested alternative: &#39;ADC_t&#39;
    ADCSRA |= (1&lt;&lt;ADSC); //start conversion
    ^~~~~~
    ADC_t
/home/ec2-user/arduino-testlib/cli-datadir/user/libraries/TouchWheel/src/AdcTouchChannel.h:18:18: error: &#39;ADSC&#39; was not declared in this scope
    ADCSRA |= (1&lt;&lt;ADSC); //start conversion
                  ^~~~
/home/ec2-user/arduino-testlib/cli-datadir/user/libraries/TouchWheel/src/AdcTouchChannel.h:18:18: note: suggested alternative: &#39;DDRC&#39;
    ADCSRA |= (1&lt;&lt;ADSC); //start conversion
                  ^~~~
                  DDRC
/home/ec2-user/arduino-testlib/cli-datadir/user/libraries/TouchWheel/src/AdcTouchChannel.h:19:25: error: &#39;ADIF&#39; was not declared in this scope
    while(!(ADCSRA &amp; (1&lt;&lt;ADIF))); //wait for conversion to finish
                         ^~~~
/home/ec2-user/arduino-testlib/cli-datadir/user/libraries/TouchWheel/src/AdcTouchChannel.h:19:25: note: suggested alternative: &#39;ADC0&#39;
    while(!(ADCSRA &amp; (1&lt;&lt;ADIF))); //wait for conversion to finish
                         ^~~~
                         ADC0
/home/ec2-user/arduino-testlib/cli-datadir/user/libraries/TouchWheel/src/AdcTouchChannel.h:20:18: error: &#39;ADIF&#39; was not declared in this scope
    ADCSRA |= (1&lt;&lt;ADIF); //reset the flag
                  ^~~~
/home/ec2-user/arduino-testlib/cli-datadir/user/libraries/TouchWheel/src/AdcTouchChannel.h:20:18: note: suggested alternative: &#39;ADC0&#39;
    ADCSRA |= (1&lt;&lt;ADIF); //reset the flag
                  ^~~~
                  ADC0
/home/ec2-user/arduino-testlib/cli-datadir/user/libraries/TouchWheel/src/AdcTouchChannel.h: In static member function &#39;static void AdcTouchChannel::setFastAdc()&#39;:
/home/ec2-user/arduino-testlib/cli-datadir/user/libraries/TouchWheel/src/AdcTouchChannel.h:29:38: error: &#39;ADPS2&#39; was not declared in this scope
   const unsigned char PS_128 = (1 &lt;&lt; ADPS2) | (1 &lt;&lt; ADPS1) | (1 &lt;&lt; ADPS0);
                                      ^~~~~
/home/ec2-user/arduino-testlib/cli-datadir/user/libraries/TouchWheel/src/AdcTouchChannel.h:29:53: error: &#39;ADPS1&#39; was not declared in this scope
   const unsigned char PS_128 = (1 &lt;&lt; ADPS2) | (1 &lt;&lt; ADPS1) | (1 &lt;&lt; ADPS0);
                                                     ^~~~~
/home/ec2-user/arduino-testlib/cli-datadir/user/libraries/TouchWheel/src/AdcTouchChannel.h:29:68: error: &#39;ADPS0&#39; was not declared in this scope
   const unsigned char PS_128 = (1 &lt;&lt; ADPS2) | (1 &lt;&lt; ADPS1) | (1 &lt;&lt; ADPS0);
                                                                    ^~~~~
/home/ec2-user/arduino-testlib/cli-datadir/user/libraries/TouchWheel/src/AdcTouchChannel.h:29:68: note: suggested alternative: &#39;ADC0&#39;
   const unsigned char PS_128 = (1 &lt;&lt; ADPS2) | (1 &lt;&lt; ADPS1) | (1 &lt;&lt; ADPS0);
                                                                    ^~~~~
                                                                    ADC0
/home/ec2-user/arduino-testlib/cli-datadir/user/libraries/TouchWheel/src/AdcTouchChannel.h:31:3: error: &#39;ADCSRA&#39; was not declared in this scope
   ADCSRA &amp;= ~PS_128;  // remove bits set by Arduino library
   ^~~~~~
/home/ec2-user/arduino-testlib/cli-datadir/user/libraries/TouchWheel/src/AdcTouchChannel.h:31:3: note: suggested alternative: &#39;ADC_t&#39;
   ADCSRA &amp;= ~PS_128;  // remove bits set by Arduino library
   ^~~~~~
   ADC_t

</pre>
					
					<h4>examples/BasicTouchWheel</h4>
					<p>
						Result: <b>FAIL</b>
					</p>
					<pre class="pre-scrollable">WARNING: library TouchWheel claims to run on avr architecture(s) and may be incompatible with your current board which runs on megaavr architecture(s).
In file included from /home/ec2-user/arduino-testlib/cli-datadir/user/libraries/TouchWheel/src/TouchWheel.h:5:0,
                 from /home/ec2-user/arduino-testlib/cli-datadir/user/libraries/TouchWheel/examples/BasicTouchWheel/BasicTouchWheel.ino:11:
/home/ec2-user/arduino-testlib/cli-datadir/user/libraries/TouchWheel/src/AdcTouchChannel.h: In member function &#39;int AdcTouchChannel::read()&#39;:
/home/ec2-user/arduino-testlib/cli-datadir/user/libraries/TouchWheel/src/AdcTouchChannel.h:17:4: error: &#39;ADMUX&#39; was not declared in this scope
    ADMUX |=   0b11111;
    ^~~~~
/home/ec2-user/arduino-testlib/cli-datadir/user/libraries/TouchWheel/src/AdcTouchChannel.h:18:4: error: &#39;ADCSRA&#39; was not declared in this scope
    ADCSRA |= (1&lt;&lt;ADSC); //start conversion
    ^~~~~~
/home/ec2-user/arduino-testlib/cli-datadir/user/libraries/TouchWheel/src/AdcTouchChannel.h:18:4: note: suggested alternative: &#39;ADC_t&#39;
    ADCSRA |= (1&lt;&lt;ADSC); //start conversion
    ^~~~~~
    ADC_t
/home/ec2-user/arduino-testlib/cli-datadir/user/libraries/TouchWheel/src/AdcTouchChannel.h:18:18: error: &#39;ADSC&#39; was not declared in this scope
    ADCSRA |= (1&lt;&lt;ADSC); //start conversion
                  ^~~~
/home/ec2-user/arduino-testlib/cli-datadir/user/libraries/TouchWheel/src/AdcTouchChannel.h:18:18: note: suggested alternative: &#39;DDRC&#39;
    ADCSRA |= (1&lt;&lt;ADSC); //start conversion
                  ^~~~
                  DDRC
/home/ec2-user/arduino-testlib/cli-datadir/user/libraries/TouchWheel/src/AdcTouchChannel.h:19:25: error: &#39;ADIF&#39; was not declared in this scope
    while(!(ADCSRA &amp; (1&lt;&lt;ADIF))); //wait for conversion to finish
                         ^~~~
/home/ec2-user/arduino-testlib/cli-datadir/user/libraries/TouchWheel/src/AdcTouchChannel.h:19:25: note: suggested alternative: &#39;ADC0&#39;
    while(!(ADCSRA &amp; (1&lt;&lt;ADIF))); //wait for conversion to finish
                         ^~~~
                         ADC0
/home/ec2-user/arduino-testlib/cli-datadir/user/libraries/TouchWheel/src/AdcTouchChannel.h:20:18: error: &#39;ADIF&#39; was not declared in this scope
    ADCSRA |= (1&lt;&lt;ADIF); //reset the flag
                  ^~~~
/home/ec2-user/arduino-testlib/cli-datadir/user/libraries/TouchWheel/src/AdcTouchChannel.h:20:18: note: suggested alternative: &#39;ADC0&#39;
    ADCSRA |= (1&lt;&lt;ADIF); //reset the flag
                  ^~~~
                  ADC0
/home/ec2-user/arduino-testlib/cli-datadir/user/libraries/TouchWheel/src/AdcTouchChannel.h: In static member function &#39;static void AdcTouchChannel::setFastAdc()&#39;:
/home/ec2-user/arduino-testlib/cli-datadir/user/libraries/TouchWheel/src/AdcTouchChannel.h:29:38: error: &#39;ADPS2&#39; was not declared in this scope
   const unsigned char PS_128 = (1 &lt;&lt; ADPS2) | (1 &lt;&lt; ADPS1) | (1 &lt;&lt; ADPS0);
                                      ^~~~~
/home/ec2-user/arduino-testlib/cli-datadir/user/libraries/TouchWheel/src/AdcTouchChannel.h:29:53: error: &#39;ADPS1&#39; was not declared in this scope
   const unsigned char PS_128 = (1 &lt;&lt; ADPS2) | (1 &lt;&lt; ADPS1) | (1 &lt;&lt; ADPS0);
                                                     ^~~~~
/home/ec2-user/arduino-testlib/cli-datadir/user/libraries/TouchWheel/src/AdcTouchChannel.h:29:68: error: &#39;ADPS0&#39; was not declared in this scope
   const unsigned char PS_128 = (1 &lt;&lt; ADPS2) | (1 &lt;&lt; ADPS1) | (1 &lt;&lt; ADPS0);
                                                                    ^~~~~
/home/ec2-user/arduino-testlib/cli-datadir/user/libraries/TouchWheel/src/AdcTouchChannel.h:29:68: note: suggested alternative: &#39;ADC0&#39;
   const unsigned char PS_128 = (1 &lt;&lt; ADPS2) | (1 &lt;&lt; ADPS1) | (1 &lt;&lt; ADPS0);
                                                                    ^~~~~
                                                                    ADC0
/home/ec2-user/arduino-testlib/cli-datadir/user/libraries/TouchWheel/src/AdcTouchChannel.h:31:3: error: &#39;ADCSRA&#39; was not declared in this scope
   ADCSRA &amp;= ~PS_128;  // remove bits set by Arduino library
   ^~~~~~
/home/ec2-user/arduino-testlib/cli-datadir/user/libraries/TouchWheel/src/AdcTouchChannel.h:31:3: note: suggested alternative: &#39;ADC_t&#39;
   ADCSRA &amp;= ~PS_128;  // remove bits set by Arduino library
   ^~~~~~
   ADC_t

</pre>
					
				
				<h3 id="arduino:samd:mkrwifi1010">arduino:samd:mkrwifi1010 @ 1.8.12</h3>
				<h4>Inclusion</h4>
				<p>
					Result: <b>FAIL</b>
					
				</p>
				<pre class="pre-scrollable">WARNING: library TouchWheel claims to run on avr architecture(s) and may be incompatible with your current board which runs on samd architecture(s).
In file included from /home/ec2-user/arduino-testlib/cli-datadir/user/libraries/TouchWheel/src/TouchWheel.h:5:0,
                 from /tmp/arduino-testlib2696781559/test/test.ino:1:
/home/ec2-user/arduino-testlib/cli-datadir/user/libraries/TouchWheel/src/AdcTouchChannel.h: In member function &#39;int AdcTouchChannel::read()&#39;:
/home/ec2-user/arduino-testlib/cli-datadir/user/libraries/TouchWheel/src/AdcTouchChannel.h:17:4: error: &#39;ADMUX&#39; was not declared in this scope
    ADMUX |=   0b11111;
    ^~~~~
/home/ec2-user/arduino-testlib/cli-datadir/user/libraries/TouchWheel/src/AdcTouchChannel.h:18:4: error: &#39;ADCSRA&#39; was not declared in this scope
    ADCSRA |= (1&lt;&lt;ADSC); //start conversion
    ^~~~~~
/home/ec2-user/arduino-testlib/cli-datadir/user/libraries/TouchWheel/src/AdcTouchChannel.h:18:4: note: suggested alternative: &#39;ADC&#39;
    ADCSRA |= (1&lt;&lt;ADSC); //start conversion
    ^~~~~~
    ADC
/home/ec2-user/arduino-testlib/cli-datadir/user/libraries/TouchWheel/src/AdcTouchChannel.h:18:18: error: &#39;ADSC&#39; was not declared in this scope
    ADCSRA |= (1&lt;&lt;ADSC); //start conversion
                  ^~~~
/home/ec2-user/arduino-testlib/cli-datadir/user/libraries/TouchWheel/src/AdcTouchChannel.h:18:18: note: suggested alternative: &#39;ADC&#39;
    ADCSRA |= (1&lt;&lt;ADSC); //start conversion
                  ^~~~
                  ADC
/home/ec2-user/arduino-testlib/cli-datadir/user/libraries/TouchWheel/src/AdcTouchChannel.h:19:25: error: &#39;ADIF&#39; was not declared in this scope
    while(!(ADCSRA &amp; (1&lt;&lt;ADIF))); //wait for conversion to finish
                         ^~~~
/home/ec2-user/arduino-testlib/cli-datadir/user/libraries/TouchWheel/src/AdcTouchChannel.h:19:25: note: suggested alternative: &#39;ADC&#39;
    while(!(ADCSRA &amp; (1&lt;&lt;ADIF))); //wait for conversion to finish
                         ^~~~
                         ADC
/home/ec2-user/arduino-testlib/cli-datadir/user/libraries/TouchWheel/src/AdcTouchChannel.h:20:18: error: &#39;ADIF&#39; was not declared in this scope
    ADCSRA |= (1&lt;&lt;ADIF); //reset the flag
                  ^~~~
/home/ec2-user/arduino-testlib/cli-datadir/user/libraries/TouchWheel/src/AdcTouchChannel.h:20:18: note: suggested alternative: &#39;ADC&#39;
    ADCSRA |= (1&lt;&lt;ADIF); //reset the flag
                  ^~~~
                  ADC
/home/ec2-user/arduino-testlib/cli-datadir/user/libraries/TouchWheel/src/AdcTouchChannel.h: In static member function &#39;static void AdcTouchChannel::setFastAdc()&#39;:
/home/ec2-user/arduino-testlib/cli-datadir/user/libraries/TouchWheel/src/AdcTouchChannel.h:29:38: error: &#39;ADPS2&#39; was not declared in this scope
   const unsigned char PS_128 = (1 &lt;&lt; ADPS2) | (1 &lt;&lt; ADPS1) | (1 &lt;&lt; ADPS0);
                                      ^~~~~
/home/ec2-user/arduino-testlib/cli-datadir/user/libraries/TouchWheel/src/AdcTouchChannel.h:29:53: error: &#39;ADPS1&#39; was not declared in this scope
   const unsigned char PS_128 = (1 &lt;&lt; ADPS2) | (1 &lt;&lt; ADPS1) | (1 &lt;&lt; ADPS0);
                                                     ^~~~~
/home/ec2-user/arduino-testlib/cli-datadir/user/libraries/TouchWheel/src/AdcTouchChannel.h:29:68: error: &#39;ADPS0&#39; was not declared in this scope
   const unsigned char PS_128 = (1 &lt;&lt; ADPS2) | (1 &lt;&lt; ADPS1) | (1 &lt;&lt; ADPS0);
                                                                    ^~~~~
/home/ec2-user/arduino-testlib/cli-datadir/user/libraries/TouchWheel/src/AdcTouchChannel.h:31:3: error: &#39;ADCSRA&#39; was not declared in this scope
   ADCSRA &amp;= ~PS_128;  // remove bits set by Arduino library
   ^~~~~~
/home/ec2-user/arduino-testlib/cli-datadir/user/libraries/TouchWheel/src/AdcTouchChannel.h:31:3: note: suggested alternative: &#39;ADC&#39;
   ADCSRA &amp;= ~PS_128;  // remove bits set by Arduino library
   ^~~~~~
   ADC
In file included from /tmp/arduino-testlib2696781559/test/test.ino:1:0:
/home/ec2-user/arduino-testlib/cli-datadir/user/libraries/TouchWheel/src/TouchWheel.h: At global scope:
/home/ec2-user/arduino-testlib/cli-datadir/user/libraries/TouchWheel/src/TouchWheel.h:74:10: error: extra qualification &#39;TouchWheel::&#39; on member &#39;isTouching&#39; [-fpermissive]
  boolean TouchWheel::isTouching() {
          ^~~~~~~~~~

</pre>

					
					<h4>examples/BasicTouchSlider</h4>
					<p>
						Result: <b>FAIL</b>
					</p>
					<pre class="pre-scrollable">WARNING: library TouchWheel claims to run on avr architecture(s) and may be incompatible with your current board which runs on samd architecture(s).
In file included from /home/ec2-user/arduino-testlib/cli-datadir/user/libraries/TouchWheel/src/TouchSlider.h:5:0,
                 from /home/ec2-user/arduino-testlib/cli-datadir/user/libraries/TouchWheel/examples/BasicTouchSlider/BasicTouchSlider.ino:1:
/home/ec2-user/arduino-testlib/cli-datadir/user/libraries/TouchWheel/src/AdcTouchChannel.h: In member function &#39;int AdcTouchChannel::read()&#39;:
/home/ec2-user/arduino-testlib/cli-datadir/user/libraries/TouchWheel/src/AdcTouchChannel.h:17:4: error: &#39;ADMUX&#39; was not declared in this scope
    ADMUX |=   0b11111;
    ^~~~~
/home/ec2-user/arduino-testlib/cli-datadir/user/libraries/TouchWheel/src/AdcTouchChannel.h:18:4: error: &#39;ADCSRA&#39; was not declared in this scope
    ADCSRA |= (1&lt;&lt;ADSC); //start conversion
    ^~~~~~
/home/ec2-user/arduino-testlib/cli-datadir/user/libraries/TouchWheel/src/AdcTouchChannel.h:18:4: note: suggested alternative: &#39;ADC&#39;
    ADCSRA |= (1&lt;&lt;ADSC); //start conversion
    ^~~~~~
    ADC
/home/ec2-user/arduino-testlib/cli-datadir/user/libraries/TouchWheel/src/AdcTouchChannel.h:18:18: error: &#39;ADSC&#39; was not declared in this scope
    ADCSRA |= (1&lt;&lt;ADSC); //start conversion
                  ^~~~
/home/ec2-user/arduino-testlib/cli-datadir/user/libraries/TouchWheel/src/AdcTouchChannel.h:18:18: note: suggested alternative: &#39;ADC&#39;
    ADCSRA |= (1&lt;&lt;ADSC); //start conversion
                  ^~~~
                  ADC
/home/ec2-user/arduino-testlib/cli-datadir/user/libraries/TouchWheel/src/AdcTouchChannel.h:19:25: error: &#39;ADIF&#39; was not declared in this scope
    while(!(ADCSRA &amp; (1&lt;&lt;ADIF))); //wait for conversion to finish
                         ^~~~
/home/ec2-user/arduino-testlib/cli-datadir/user/libraries/TouchWheel/src/AdcTouchChannel.h:19:25: note: suggested alternative: &#39;ADC&#39;
    while(!(ADCSRA &amp; (1&lt;&lt;ADIF))); //wait for conversion to finish
                         ^~~~
                         ADC
/home/ec2-user/arduino-testlib/cli-datadir/user/libraries/TouchWheel/src/AdcTouchChannel.h:20:18: error: &#39;ADIF&#39; was not declared in this scope
    ADCSRA |= (1&lt;&lt;ADIF); //reset the flag
                  ^~~~
/home/ec2-user/arduino-testlib/cli-datadir/user/libraries/TouchWheel/src/AdcTouchChannel.h:20:18: note: suggested alternative: &#39;ADC&#39;
    ADCSRA |= (1&lt;&lt;ADIF); //reset the flag
                  ^~~~
                  ADC
/home/ec2-user/arduino-testlib/cli-datadir/user/libraries/TouchWheel/src/AdcTouchChannel.h: In static member function &#39;static void AdcTouchChannel::setFastAdc()&#39;:
/home/ec2-user/arduino-testlib/cli-datadir/user/libraries/TouchWheel/src/AdcTouchChannel.h:29:38: error: &#39;ADPS2&#39; was not declared in this scope
   const unsigned char PS_128 = (1 &lt;&lt; ADPS2) | (1 &lt;&lt; ADPS1) | (1 &lt;&lt; ADPS0);
                                      ^~~~~
/home/ec2-user/arduino-testlib/cli-datadir/user/libraries/TouchWheel/src/AdcTouchChannel.h:29:53: error: &#39;ADPS1&#39; was not declared in this scope
   const unsigned char PS_128 = (1 &lt;&lt; ADPS2) | (1 &lt;&lt; ADPS1) | (1 &lt;&lt; ADPS0);
                                                     ^~~~~
/home/ec2-user/arduino-testlib/cli-datadir/user/libraries/TouchWheel/src/AdcTouchChannel.h:29:68: error: &#39;ADPS0&#39; was not declared in this scope
   const unsigned char PS_128 = (1 &lt;&lt; ADPS2) | (1 &lt;&lt; ADPS1) | (1 &lt;&lt; ADPS0);
                                                                    ^~~~~
/home/ec2-user/arduino-testlib/cli-datadir/user/libraries/TouchWheel/src/AdcTouchChannel.h:31:3: error: &#39;ADCSRA&#39; was not declared in this scope
   ADCSRA &amp;= ~PS_128;  // remove bits set by Arduino library
   ^~~~~~
/home/ec2-user/arduino-testlib/cli-datadir/user/libraries/TouchWheel/src/AdcTouchChannel.h:31:3: note: suggested alternative: &#39;ADC&#39;
   ADCSRA &amp;= ~PS_128;  // remove bits set by Arduino library
   ^~~~~~
   ADC

</pre>
					
					<h4>examples/BasicTouchWheel</h4>
					<p>
						Result: <b>FAIL</b>
					</p>
					<pre class="pre-scrollable">WARNING: library TouchWheel claims to run on avr architecture(s) and may be incompatible with your current board which runs on samd architecture(s).
In file included from /home/ec2-user/arduino-testlib/cli-datadir/user/libraries/TouchWheel/src/TouchWheel.h:5:0,
                 from /home/ec2-user/arduino-testlib/cli-datadir/user/libraries/TouchWheel/examples/BasicTouchWheel/BasicTouchWheel.ino:11:
/home/ec2-user/arduino-testlib/cli-datadir/user/libraries/TouchWheel/src/AdcTouchChannel.h: In member function &#39;int AdcTouchChannel::read()&#39;:
/home/ec2-user/arduino-testlib/cli-datadir/user/libraries/TouchWheel/src/AdcTouchChannel.h:17:4: error: &#39;ADMUX&#39; was not declared in this scope
    ADMUX |=   0b11111;
    ^~~~~
/home/ec2-user/arduino-testlib/cli-datadir/user/libraries/TouchWheel/src/AdcTouchChannel.h:18:4: error: &#39;ADCSRA&#39; was not declared in this scope
    ADCSRA |= (1&lt;&lt;ADSC); //start conversion
    ^~~~~~
/home/ec2-user/arduino-testlib/cli-datadir/user/libraries/TouchWheel/src/AdcTouchChannel.h:18:4: note: suggested alternative: &#39;ADC&#39;
    ADCSRA |= (1&lt;&lt;ADSC); //start conversion
    ^~~~~~
    ADC
/home/ec2-user/arduino-testlib/cli-datadir/user/libraries/TouchWheel/src/AdcTouchChannel.h:18:18: error: &#39;ADSC&#39; was not declared in this scope
    ADCSRA |= (1&lt;&lt;ADSC); //start conversion
                  ^~~~
/home/ec2-user/arduino-testlib/cli-datadir/user/libraries/TouchWheel/src/AdcTouchChannel.h:18:18: note: suggested alternative: &#39;ADC&#39;
    ADCSRA |= (1&lt;&lt;ADSC); //start conversion
                  ^~~~
                  ADC
/home/ec2-user/arduino-testlib/cli-datadir/user/libraries/TouchWheel/src/AdcTouchChannel.h:19:25: error: &#39;ADIF&#39; was not declared in this scope
    while(!(ADCSRA &amp; (1&lt;&lt;ADIF))); //wait for conversion to finish
                         ^~~~
/home/ec2-user/arduino-testlib/cli-datadir/user/libraries/TouchWheel/src/AdcTouchChannel.h:19:25: note: suggested alternative: &#39;ADC&#39;
    while(!(ADCSRA &amp; (1&lt;&lt;ADIF))); //wait for conversion to finish
                         ^~~~
                         ADC
/home/ec2-user/arduino-testlib/cli-datadir/user/libraries/TouchWheel/src/AdcTouchChannel.h:20:18: error: &#39;ADIF&#39; was not declared in this scope
    ADCSRA |= (1&lt;&lt;ADIF); //reset the flag
                  ^~~~
/home/ec2-user/arduino-testlib/cli-datadir/user/libraries/TouchWheel/src/AdcTouchChannel.h:20:18: note: suggested alternative: &#39;ADC&#39;
    ADCSRA |= (1&lt;&lt;ADIF); //reset the flag
                  ^~~~
                  ADC
/home/ec2-user/arduino-testlib/cli-datadir/user/libraries/TouchWheel/src/AdcTouchChannel.h: In static member function &#39;static void AdcTouchChannel::setFastAdc()&#39;:
/home/ec2-user/arduino-testlib/cli-datadir/user/libraries/TouchWheel/src/AdcTouchChannel.h:29:38: error: &#39;ADPS2&#39; was not declared in this scope
   const unsigned char PS_128 = (1 &lt;&lt; ADPS2) | (1 &lt;&lt; ADPS1) | (1 &lt;&lt; ADPS0);
                                      ^~~~~
/home/ec2-user/arduino-testlib/cli-datadir/user/libraries/TouchWheel/src/AdcTouchChannel.h:29:53: error: &#39;ADPS1&#39; was not declared in this scope
   const unsigned char PS_128 = (1 &lt;&lt; ADPS2) | (1 &lt;&lt; ADPS1) | (1 &lt;&lt; ADPS0);
                                                     ^~~~~
/home/ec2-user/arduino-testlib/cli-datadir/user/libraries/TouchWheel/src/AdcTouchChannel.h:29:68: error: &#39;ADPS0&#39; was not declared in this scope
   const unsigned char PS_128 = (1 &lt;&lt; ADPS2) | (1 &lt;&lt; ADPS1) | (1 &lt;&lt; ADPS0);
                                                                    ^~~~~
/home/ec2-user/arduino-testlib/cli-datadir/user/libraries/TouchWheel/src/AdcTouchChannel.h:31:3: error: &#39;ADCSRA&#39; was not declared in this scope
   ADCSRA &amp;= ~PS_128;  // remove bits set by Arduino library
   ^~~~~~
/home/ec2-user/arduino-testlib/cli-datadir/user/libraries/TouchWheel/src/AdcTouchChannel.h:31:3: note: suggested alternative: &#39;ADC&#39;
   ADCSRA &amp;= ~PS_128;  // remove bits set by Arduino library
   ^~~~~~
   ADC
In file included from /home/ec2-user/arduino-testlib/cli-datadir/user/libraries/TouchWheel/examples/BasicTouchWheel/BasicTouchWheel.ino:11:0:
/home/ec2-user/arduino-testlib/cli-datadir/user/libraries/TouchWheel/src/TouchWheel.h: At global scope:
/home/ec2-user/arduino-testlib/cli-datadir/user/libraries/TouchWheel/src/TouchWheel.h:74:10: error: extra qualification &#39;TouchWheel::&#39; on member &#39;isTouching&#39; [-fpermissive]
  boolean TouchWheel::isTouching() {
          ^~~~~~~~~~

</pre>
					
				
				<h3 id="esp32:esp32:d1_mini32">esp32:esp32:d1_mini32 @ 1.0.6</h3>
				<h4>Inclusion</h4>
				<p>
					Result: <b>FAIL</b>
					
				</p>
				<pre class="pre-scrollable">WARNING: library TouchWheel claims to run on avr architecture(s) and may be incompatible with your current board which runs on esp32 architecture(s).
In file included from /home/ec2-user/arduino-testlib/cli-datadir/user/libraries/TouchWheel/src/TouchWheel.h:5:0,
                 from /tmp/arduino-testlib382578527/test/test.ino:1:
/home/ec2-user/arduino-testlib/cli-datadir/user/libraries/TouchWheel/src/AdcTouchChannel.h: In member function &#39;int AdcTouchChannel::read()&#39;:
/home/ec2-user/arduino-testlib/cli-datadir/user/libraries/TouchWheel/src/AdcTouchChannel.h:17:4: error: &#39;ADMUX&#39; was not declared in this scope
    ADMUX |=   0b11111;
    ^
/home/ec2-user/arduino-testlib/cli-datadir/user/libraries/TouchWheel/src/AdcTouchChannel.h:18:4: error: &#39;ADCSRA&#39; was not declared in this scope
    ADCSRA |= (1&lt;&lt;ADSC); //start conversion
    ^
/home/ec2-user/arduino-testlib/cli-datadir/user/libraries/TouchWheel/src/AdcTouchChannel.h:18:18: error: &#39;ADSC&#39; was not declared in this scope
    ADCSRA |= (1&lt;&lt;ADSC); //start conversion
                  ^
/home/ec2-user/arduino-testlib/cli-datadir/user/libraries/TouchWheel/src/AdcTouchChannel.h:19:25: error: &#39;ADIF&#39; was not declared in this scope
    while(!(ADCSRA &amp; (1&lt;&lt;ADIF))); //wait for conversion to finish
                         ^
/home/ec2-user/arduino-testlib/cli-datadir/user/libraries/TouchWheel/src/AdcTouchChannel.h:20:18: error: &#39;ADIF&#39; was not declared in this scope
    ADCSRA |= (1&lt;&lt;ADIF); //reset the flag
                  ^
/home/ec2-user/arduino-testlib/cli-datadir/user/libraries/TouchWheel/src/AdcTouchChannel.h:25:46: error: no matching function for call to &#39;max(int, long int)&#39;
   return max(0, total / samples - calibration);
                                              ^
In file included from /home/ec2-user/arduino-testlib/cli-datadir/data/packages/esp32/tools/xtensa-esp32-elf-gcc/1.22.0-97-gc752ad5-5.2.0/xtensa-esp32-elf/include/c&#43;&#43;/5.2.0/algorithm:62:0,
                 from /home/ec2-user/arduino-testlib/cli-datadir/data/packages/esp32/hardware/esp32/1.0.6/cores/esp32/Arduino.h:142,
                 from /tmp/arduino-sketch-CE913F2C4B2E8EDC16CB800D93D4BB35/sketch/test.ino.cpp:1:
/home/ec2-user/arduino-testlib/cli-datadir/data/packages/esp32/tools/xtensa-esp32-elf-gcc/1.22.0-97-gc752ad5-5.2.0/xtensa-esp32-elf/include/c&#43;&#43;/5.2.0/bits/stl_algo.h:3463:5: note: candidate: template&lt;class _Tp, class _Compare&gt; _Tp std::max(std::initializer_list&lt;_Tp&gt;, _Compare)
     max(initializer_list&lt;_Tp&gt; __l, _Compare __comp)
     ^
/home/ec2-user/arduino-testlib/cli-datadir/data/packages/esp32/tools/xtensa-esp32-elf-gcc/1.22.0-97-gc752ad5-5.2.0/xtensa-esp32-elf/include/c&#43;&#43;/5.2.0/bits/stl_algo.h:3463:5: note:   template argument deduction/substitution failed:
In file included from /home/ec2-user/arduino-testlib/cli-datadir/user/libraries/TouchWheel/src/TouchWheel.h:5:0,
                 from /tmp/arduino-testlib382578527/test/test.ino:1:
/home/ec2-user/arduino-testlib/cli-datadir/user/libraries/TouchWheel/src/AdcTouchChannel.h:25:46: note:   mismatched types &#39;std::initializer_list&lt;_Tp&gt;&#39; and &#39;int&#39;
   return max(0, total / samples - calibration);
                                              ^
In file included from /home/ec2-user/arduino-testlib/cli-datadir/data/packages/esp32/tools/xtensa-esp32-elf-gcc/1.22.0-97-gc752ad5-5.2.0/xtensa-esp32-elf/include/c&#43;&#43;/5.2.0/algorithm:62:0,
                 from /home/ec2-user/arduino-testlib/cli-datadir/data/packages/esp32/hardware/esp32/1.0.6/cores/esp32/Arduino.h:142,
                 from /tmp/arduino-sketch-CE913F2C4B2E8EDC16CB800D93D4BB35/sketch/test.ino.cpp:1:
/home/ec2-user/arduino-testlib/cli-datadir/data/packages/esp32/tools/xtensa-esp32-elf-gcc/1.22.0-97-gc752ad5-5.2.0/xtensa-esp32-elf/include/c&#43;&#43;/5.2.0/bits/stl_algo.h:3457:5: note: candidate: template&lt;class _Tp&gt; _Tp std::max(std::initializer_list&lt;_Tp&gt;)
     max(initializer_list&lt;_Tp&gt; __l)
     ^
/home/ec2-user/arduino-testlib/cli-datadir/data/packages/esp32/tools/xtensa-esp32-elf-gcc/1.22.0-97-gc752ad5-5.2.0/xtensa-esp32-elf/include/c&#43;&#43;/5.2.0/bits/stl_algo.h:3457:5: note:   template argument deduction/substitution failed:
In file included from /home/ec2-user/arduino-testlib/cli-datadir/user/libraries/TouchWheel/src/TouchWheel.h:5:0,
                 from /tmp/arduino-testlib382578527/test/test.ino:1:
/home/ec2-user/arduino-testlib/cli-datadir/user/libraries/TouchWheel/src/AdcTouchChannel.h:25:46: note:   mismatched types &#39;std::initializer_list&lt;_Tp&gt;&#39; and &#39;int&#39;
   return max(0, total / samples - calibration);
                                              ^
In file included from /home/ec2-user/arduino-testlib/cli-datadir/data/packages/esp32/tools/xtensa-esp32-elf-gcc/1.22.0-97-gc752ad5-5.2.0/xtensa-esp32-elf/include/c&#43;&#43;/5.2.0/algorithm:61:0,
                 from /home/ec2-user/arduino-testlib/cli-datadir/data/packages/esp32/hardware/esp32/1.0.6/cores/esp32/Arduino.h:142,
                 from /tmp/arduino-sketch-CE913F2C4B2E8EDC16CB800D93D4BB35/sketch/test.ino.cpp:1:
/home/ec2-user/arduino-testlib/cli-datadir/data/packages/esp32/tools/xtensa-esp32-elf-gcc/1.22.0-97-gc752ad5-5.2.0/xtensa-esp32-elf/include/c&#43;&#43;/5.2.0/bits/stl_algobase.h:265:5: note: candidate: template&lt;class _Tp, class _Compare&gt; const _Tp&amp; std::max(const _Tp&amp;, const _Tp&amp;, _Compare)
     max(const _Tp&amp; __a, const _Tp&amp; __b, _Compare __comp)
     ^
/home/ec2-user/arduino-testlib/cli-datadir/data/packages/esp32/tools/xtensa-esp32-elf-gcc/1.22.0-97-gc752ad5-5.2.0/xtensa-esp32-elf/include/c&#43;&#43;/5.2.0/bits/stl_algobase.h:265:5: note:   template argument deduction/substitution failed:
In file included from /home/ec2-user/arduino-testlib/cli-datadir/user/libraries/TouchWheel/src/TouchWheel.h:5:0,
                 from /tmp/arduino-testlib382578527/test/test.ino:1:
/home/ec2-user/arduino-testlib/cli-datadir/user/libraries/TouchWheel/src/AdcTouchChannel.h:25:46: note:   deduced conflicting types for parameter &#39;const _Tp&#39; (&#39;int&#39; and &#39;long int&#39;)
   return max(0, total / samples - calibration);
                                              ^
In file included from /home/ec2-user/arduino-testlib/cli-datadir/data/packages/esp32/tools/xtensa-esp32-elf-gcc/1.22.0-97-gc752ad5-5.2.0/xtensa-esp32-elf/include/c&#43;&#43;/5.2.0/algorithm:61:0,
                 from /home/ec2-user/arduino-testlib/cli-datadir/data/packages/esp32/hardware/esp32/1.0.6/cores/esp32/Arduino.h:142,
                 from /tmp/arduino-sketch-CE913F2C4B2E8EDC16CB800D93D4BB35/sketch/test.ino.cpp:1:
/home/ec2-user/arduino-testlib/cli-datadir/data/packages/esp32/tools/xtensa-esp32-elf-gcc/1.22.0-97-gc752ad5-5.2.0/xtensa-esp32-elf/include/c&#43;&#43;/5.2.0/bits/stl_algobase.h:219:5: note: candidate: template&lt;class _Tp&gt; const _Tp&amp; std::max(const _Tp&amp;, const _Tp&amp;)
     max(const _Tp&amp; __a, const _Tp&amp; __b)
     ^
/home/ec2-user/arduino-testlib/cli-datadir/data/packages/esp32/tools/xtensa-esp32-elf-gcc/1.22.0-97-gc752ad5-5.2.0/xtensa-esp32-elf/include/c&#43;&#43;/5.2.0/bits/stl_algobase.h:219:5: note:   template argument deduction/substitution failed:
In file included from /home/ec2-user/arduino-testlib/cli-datadir/user/libraries/TouchWheel/src/TouchWheel.h:5:0,
                 from /tmp/arduino-testlib382578527/test/test.ino:1:
/home/ec2-user/arduino-testlib/cli-datadir/user/libraries/TouchWheel/src/AdcTouchChannel.h:25:46: note:   deduced conflicting types for parameter &#39;const _Tp&#39; (&#39;int&#39; and &#39;long int&#39;)
   return max(0, total / samples - calibration);
                                              ^
/home/ec2-user/arduino-testlib/cli-datadir/user/libraries/TouchWheel/src/AdcTouchChannel.h: In static member function &#39;static void AdcTouchChannel::setFastAdc()&#39;:
/home/ec2-user/arduino-testlib/cli-datadir/user/libraries/TouchWheel/src/AdcTouchChannel.h:29:38: error: &#39;ADPS2&#39; was not declared in this scope
   const unsigned char PS_128 = (1 &lt;&lt; ADPS2) | (1 &lt;&lt; ADPS1) | (1 &lt;&lt; ADPS0);
                                      ^
/home/ec2-user/arduino-testlib/cli-datadir/user/libraries/TouchWheel/src/AdcTouchChannel.h:29:53: error: &#39;ADPS1&#39; was not declared in this scope
   const unsigned char PS_128 = (1 &lt;&lt; ADPS2) | (1 &lt;&lt; ADPS1) | (1 &lt;&lt; ADPS0);
                                                     ^
/home/ec2-user/arduino-testlib/cli-datadir/user/libraries/TouchWheel/src/AdcTouchChannel.h:29:68: error: &#39;ADPS0&#39; was not declared in this scope
   const unsigned char PS_128 = (1 &lt;&lt; ADPS2) | (1 &lt;&lt; ADPS1) | (1 &lt;&lt; ADPS0);
                                                                    ^
/home/ec2-user/arduino-testlib/cli-datadir/user/libraries/TouchWheel/src/AdcTouchChannel.h:31:3: error: &#39;ADCSRA&#39; was not declared in this scope
   ADCSRA &amp;= ~PS_128;  // remove bits set by Arduino library
   ^
In file included from /tmp/arduino-testlib382578527/test/test.ino:1:0:
/home/ec2-user/arduino-testlib/cli-datadir/user/libraries/TouchWheel/src/TouchWheel.h: At global scope:
/home/ec2-user/arduino-testlib/cli-datadir/user/libraries/TouchWheel/src/TouchWheel.h:74:10: error: extra qualification &#39;TouchWheel::&#39; on member &#39;isTouching&#39; [-fpermissive]
  boolean TouchWheel::isTouching() {
          ^

</pre>

					
					<h4>examples/BasicTouchSlider</h4>
					<p>
						Result: <b>FAIL</b>
					</p>
					<pre class="pre-scrollable">WARNING: library TouchWheel claims to run on avr architecture(s) and may be incompatible with your current board which runs on esp32 architecture(s).
In file included from /home/ec2-user/arduino-testlib/cli-datadir/user/libraries/TouchWheel/src/TouchSlider.h:5:0,
                 from /home/ec2-user/arduino-testlib/cli-datadir/user/libraries/TouchWheel/examples/BasicTouchSlider/BasicTouchSlider.ino:1:
/home/ec2-user/arduino-testlib/cli-datadir/user/libraries/TouchWheel/src/AdcTouchChannel.h: In member function &#39;int AdcTouchChannel::read()&#39;:
/home/ec2-user/arduino-testlib/cli-datadir/user/libraries/TouchWheel/src/AdcTouchChannel.h:17:4: error: &#39;ADMUX&#39; was not declared in this scope
    ADMUX |=   0b11111;
    ^
/home/ec2-user/arduino-testlib/cli-datadir/user/libraries/TouchWheel/src/AdcTouchChannel.h:18:4: error: &#39;ADCSRA&#39; was not declared in this scope
    ADCSRA |= (1&lt;&lt;ADSC); //start conversion
    ^
/home/ec2-user/arduino-testlib/cli-datadir/user/libraries/TouchWheel/src/AdcTouchChannel.h:18:18: error: &#39;ADSC&#39; was not declared in this scope
    ADCSRA |= (1&lt;&lt;ADSC); //start conversion
                  ^
/home/ec2-user/arduino-testlib/cli-datadir/user/libraries/TouchWheel/src/AdcTouchChannel.h:19:25: error: &#39;ADIF&#39; was not declared in this scope
    while(!(ADCSRA &amp; (1&lt;&lt;ADIF))); //wait for conversion to finish
                         ^
/home/ec2-user/arduino-testlib/cli-datadir/user/libraries/TouchWheel/src/AdcTouchChannel.h:20:18: error: &#39;ADIF&#39; was not declared in this scope
    ADCSRA |= (1&lt;&lt;ADIF); //reset the flag
                  ^
/home/ec2-user/arduino-testlib/cli-datadir/user/libraries/TouchWheel/src/AdcTouchChannel.h:25:46: error: no matching function for call to &#39;max(int, long int)&#39;
   return max(0, total / samples - calibration);
                                              ^
In file included from /home/ec2-user/arduino-testlib/cli-datadir/data/packages/esp32/tools/xtensa-esp32-elf-gcc/1.22.0-97-gc752ad5-5.2.0/xtensa-esp32-elf/include/c&#43;&#43;/5.2.0/algorithm:62:0,
                 from /home/ec2-user/arduino-testlib/cli-datadir/data/packages/esp32/hardware/esp32/1.0.6/cores/esp32/Arduino.h:142,
                 from /tmp/arduino-sketch-D10072FE550F71AEF29DBB7954C2979B/sketch/BasicTouchSlider.ino.cpp:1:
/home/ec2-user/arduino-testlib/cli-datadir/data/packages/esp32/tools/xtensa-esp32-elf-gcc/1.22.0-97-gc752ad5-5.2.0/xtensa-esp32-elf/include/c&#43;&#43;/5.2.0/bits/stl_algo.h:3463:5: note: candidate: template&lt;class _Tp, class _Compare&gt; _Tp std::max(std::initializer_list&lt;_Tp&gt;, _Compare)
     max(initializer_list&lt;_Tp&gt; __l, _Compare __comp)
     ^
/home/ec2-user/arduino-testlib/cli-datadir/data/packages/esp32/tools/xtensa-esp32-elf-gcc/1.22.0-97-gc752ad5-5.2.0/xtensa-esp32-elf/include/c&#43;&#43;/5.2.0/bits/stl_algo.h:3463:5: note:   template argument deduction/substitution failed:
In file included from /home/ec2-user/arduino-testlib/cli-datadir/user/libraries/TouchWheel/src/TouchSlider.h:5:0,
                 from /home/ec2-user/arduino-testlib/cli-datadir/user/libraries/TouchWheel/examples/BasicTouchSlider/BasicTouchSlider.ino:1:
/home/ec2-user/arduino-testlib/cli-datadir/user/libraries/TouchWheel/src/AdcTouchChannel.h:25:46: note:   mismatched types &#39;std::initializer_list&lt;_Tp&gt;&#39; and &#39;int&#39;
   return max(0, total / samples - calibration);
                                              ^
In file included from /home/ec2-user/arduino-testlib/cli-datadir/data/packages/esp32/tools/xtensa-esp32-elf-gcc/1.22.0-97-gc752ad5-5.2.0/xtensa-esp32-elf/include/c&#43;&#43;/5.2.0/algorithm:62:0,
                 from /home/ec2-user/arduino-testlib/cli-datadir/data/packages/esp32/hardware/esp32/1.0.6/cores/esp32/Arduino.h:142,
                 from /tmp/arduino-sketch-D10072FE550F71AEF29DBB7954C2979B/sketch/BasicTouchSlider.ino.cpp:1:
/home/ec2-user/arduino-testlib/cli-datadir/data/packages/esp32/tools/xtensa-esp32-elf-gcc/1.22.0-97-gc752ad5-5.2.0/xtensa-esp32-elf/include/c&#43;&#43;/5.2.0/bits/stl_algo.h:3457:5: note: candidate: template&lt;class _Tp&gt; _Tp std::max(std::initializer_list&lt;_Tp&gt;)
     max(initializer_list&lt;_Tp&gt; __l)
     ^
/home/ec2-user/arduino-testlib/cli-datadir/data/packages/esp32/tools/xtensa-esp32-elf-gcc/1.22.0-97-gc752ad5-5.2.0/xtensa-esp32-elf/include/c&#43;&#43;/5.2.0/bits/stl_algo.h:3457:5: note:   template argument deduction/substitution failed:
In file included from /home/ec2-user/arduino-testlib/cli-datadir/user/libraries/TouchWheel/src/TouchSlider.h:5:0,
                 from /home/ec2-user/arduino-testlib/cli-datadir/user/libraries/TouchWheel/examples/BasicTouchSlider/BasicTouchSlider.ino:1:
/home/ec2-user/arduino-testlib/cli-datadir/user/libraries/TouchWheel/src/AdcTouchChannel.h:25:46: note:   mismatched types &#39;std::initializer_list&lt;_Tp&gt;&#39; and &#39;int&#39;
   return max(0, total / samples - calibration);
                                              ^
In file included from /home/ec2-user/arduino-testlib/cli-datadir/data/packages/esp32/tools/xtensa-esp32-elf-gcc/1.22.0-97-gc752ad5-5.2.0/xtensa-esp32-elf/include/c&#43;&#43;/5.2.0/algorithm:61:0,
                 from /home/ec2-user/arduino-testlib/cli-datadir/data/packages/esp32/hardware/esp32/1.0.6/cores/esp32/Arduino.h:142,
                 from /tmp/arduino-sketch-D10072FE550F71AEF29DBB7954C2979B/sketch/BasicTouchSlider.ino.cpp:1:
/home/ec2-user/arduino-testlib/cli-datadir/data/packages/esp32/tools/xtensa-esp32-elf-gcc/1.22.0-97-gc752ad5-5.2.0/xtensa-esp32-elf/include/c&#43;&#43;/5.2.0/bits/stl_algobase.h:265:5: note: candidate: template&lt;class _Tp, class _Compare&gt; const _Tp&amp; std::max(const _Tp&amp;, const _Tp&amp;, _Compare)
     max(const _Tp&amp; __a, const _Tp&amp; __b, _Compare __comp)
     ^
/home/ec2-user/arduino-testlib/cli-datadir/data/packages/esp32/tools/xtensa-esp32-elf-gcc/1.22.0-97-gc752ad5-5.2.0/xtensa-esp32-elf/include/c&#43;&#43;/5.2.0/bits/stl_algobase.h:265:5: note:   template argument deduction/substitution failed:
In file included from /home/ec2-user/arduino-testlib/cli-datadir/user/libraries/TouchWheel/src/TouchSlider.h:5:0,
                 from /home/ec2-user/arduino-testlib/cli-datadir/user/libraries/TouchWheel/examples/BasicTouchSlider/BasicTouchSlider.ino:1:
/home/ec2-user/arduino-testlib/cli-datadir/user/libraries/TouchWheel/src/AdcTouchChannel.h:25:46: note:   deduced conflicting types for parameter &#39;const _Tp&#39; (&#39;int&#39; and &#39;long int&#39;)
   return max(0, total / samples - calibration);
                                              ^
In file included from /home/ec2-user/arduino-testlib/cli-datadir/data/packages/esp32/tools/xtensa-esp32-elf-gcc/1.22.0-97-gc752ad5-5.2.0/xtensa-esp32-elf/include/c&#43;&#43;/5.2.0/algorithm:61:0,
                 from /home/ec2-user/arduino-testlib/cli-datadir/data/packages/esp32/hardware/esp32/1.0.6/cores/esp32/Arduino.h:142,
                 from /tmp/arduino-sketch-D10072FE550F71AEF29DBB7954C2979B/sketch/BasicTouchSlider.ino.cpp:1:
/home/ec2-user/arduino-testlib/cli-datadir/data/packages/esp32/tools/xtensa-esp32-elf-gcc/1.22.0-97-gc752ad5-5.2.0/xtensa-esp32-elf/include/c&#43;&#43;/5.2.0/bits/stl_algobase.h:219:5: note: candidate: template&lt;class _Tp&gt; const _Tp&amp; std::max(const _Tp&amp;, const _Tp&amp;)
     max(const _Tp&amp; __a, const _Tp&amp; __b)
     ^
/home/ec2-user/arduino-testlib/cli-datadir/data/packages/esp32/tools/xtensa-esp32-elf-gcc/1.22.0-97-gc752ad5-5.2.0/xtensa-esp32-elf/include/c&#43;&#43;/5.2.0/bits/stl_algobase.h:219:5: note:   template argument deduction/substitution failed:
In file included from /home/ec2-user/arduino-testlib/cli-datadir/user/libraries/TouchWheel/src/TouchSlider.h:5:0,
                 from /home/ec2-user/arduino-testlib/cli-datadir/user/libraries/TouchWheel/examples/BasicTouchSlider/BasicTouchSlider.ino:1:
/home/ec2-user/arduino-testlib/cli-datadir/user/libraries/TouchWheel/src/AdcTouchChannel.h:25:46: note:   deduced conflicting types for parameter &#39;const _Tp&#39; (&#39;int&#39; and &#39;long int&#39;)
   return max(0, total / samples - calibration);
                                              ^
/home/ec2-user/arduino-testlib/cli-datadir/user/libraries/TouchWheel/src/AdcTouchChannel.h: In static member function &#39;static void AdcTouchChannel::setFastAdc()&#39;:
/home/ec2-user/arduino-testlib/cli-datadir/user/libraries/TouchWheel/src/AdcTouchChannel.h:29:38: error: &#39;ADPS2&#39; was not declared in this scope
   const unsigned char PS_128 = (1 &lt;&lt; ADPS2) | (1 &lt;&lt; ADPS1) | (1 &lt;&lt; ADPS0);
                                      ^
/home/ec2-user/arduino-testlib/cli-datadir/user/libraries/TouchWheel/src/AdcTouchChannel.h:29:53: error: &#39;ADPS1&#39; was not declared in this scope
   const unsigned char PS_128 = (1 &lt;&lt; ADPS2) | (1 &lt;&lt; ADPS1) | (1 &lt;&lt; ADPS0);
                                                     ^
/home/ec2-user/arduino-testlib/cli-datadir/user/libraries/TouchWheel/src/AdcTouchChannel.h:29:68: error: &#39;ADPS0&#39; was not declared in this scope
   const unsigned char PS_128 = (1 &lt;&lt; ADPS2) | (1 &lt;&lt; ADPS1) | (1 &lt;&lt; ADPS0);
                                                                    ^
/home/ec2-user/arduino-testlib/cli-datadir/user/libraries/TouchWheel/src/AdcTouchChannel.h:31:3: error: &#39;ADCSRA&#39; was not declared in this scope
   ADCSRA &amp;= ~PS_128;  // remove bits set by Arduino library
   ^
/home/ec2-user/arduino-testlib/cli-datadir/user/libraries/TouchWheel/examples/BasicTouchSlider/BasicTouchSlider.ino: At global scope:
/home/ec2-user/arduino-testlib/cli-datadir/user/libraries/TouchWheel/examples/BasicTouchSlider/BasicTouchSlider.ino:3:20: error: &#39;A1&#39; was not declared in this scope
 TouchSlider ts(A0, A1);
                    ^

</pre>
					
					<h4>examples/BasicTouchWheel</h4>
					<p>
						Result: <b>FAIL</b>
					</p>
					<pre class="pre-scrollable">WARNING: library TouchWheel claims to run on avr architecture(s) and may be incompatible with your current board which runs on esp32 architecture(s).
In file included from /home/ec2-user/arduino-testlib/cli-datadir/user/libraries/TouchWheel/src/TouchWheel.h:5:0,
                 from /home/ec2-user/arduino-testlib/cli-datadir/user/libraries/TouchWheel/examples/BasicTouchWheel/BasicTouchWheel.ino:11:
/home/ec2-user/arduino-testlib/cli-datadir/user/libraries/TouchWheel/src/AdcTouchChannel.h: In member function &#39;int AdcTouchChannel::read()&#39;:
/home/ec2-user/arduino-testlib/cli-datadir/user/libraries/TouchWheel/src/AdcTouchChannel.h:17:4: error: &#39;ADMUX&#39; was not declared in this scope
    ADMUX |=   0b11111;
    ^
/home/ec2-user/arduino-testlib/cli-datadir/user/libraries/TouchWheel/src/AdcTouchChannel.h:18:4: error: &#39;ADCSRA&#39; was not declared in this scope
    ADCSRA |= (1&lt;&lt;ADSC); //start conversion
    ^
/home/ec2-user/arduino-testlib/cli-datadir/user/libraries/TouchWheel/src/AdcTouchChannel.h:18:18: error: &#39;ADSC&#39; was not declared in this scope
    ADCSRA |= (1&lt;&lt;ADSC); //start conversion
                  ^
/home/ec2-user/arduino-testlib/cli-datadir/user/libraries/TouchWheel/src/AdcTouchChannel.h:19:25: error: &#39;ADIF&#39; was not declared in this scope
    while(!(ADCSRA &amp; (1&lt;&lt;ADIF))); //wait for conversion to finish
                         ^
/home/ec2-user/arduino-testlib/cli-datadir/user/libraries/TouchWheel/src/AdcTouchChannel.h:20:18: error: &#39;ADIF&#39; was not declared in this scope
    ADCSRA |= (1&lt;&lt;ADIF); //reset the flag
                  ^
/home/ec2-user/arduino-testlib/cli-datadir/user/libraries/TouchWheel/src/AdcTouchChannel.h:25:46: error: no matching function for call to &#39;max(int, long int)&#39;
   return max(0, total / samples - calibration);
                                              ^
In file included from /home/ec2-user/arduino-testlib/cli-datadir/data/packages/esp32/tools/xtensa-esp32-elf-gcc/1.22.0-97-gc752ad5-5.2.0/xtensa-esp32-elf/include/c&#43;&#43;/5.2.0/algorithm:62:0,
                 from /home/ec2-user/arduino-testlib/cli-datadir/data/packages/esp32/hardware/esp32/1.0.6/cores/esp32/Arduino.h:142,
                 from /tmp/arduino-sketch-4AAFD8A16459338DBBD2C87DE30BAA69/sketch/BasicTouchWheel.ino.cpp:1:
/home/ec2-user/arduino-testlib/cli-datadir/data/packages/esp32/tools/xtensa-esp32-elf-gcc/1.22.0-97-gc752ad5-5.2.0/xtensa-esp32-elf/include/c&#43;&#43;/5.2.0/bits/stl_algo.h:3463:5: note: candidate: template&lt;class _Tp, class _Compare&gt; _Tp std::max(std::initializer_list&lt;_Tp&gt;, _Compare)
     max(initializer_list&lt;_Tp&gt; __l, _Compare __comp)
     ^
/home/ec2-user/arduino-testlib/cli-datadir/data/packages/esp32/tools/xtensa-esp32-elf-gcc/1.22.0-97-gc752ad5-5.2.0/xtensa-esp32-elf/include/c&#43;&#43;/5.2.0/bits/stl_algo.h:3463:5: note:   template argument deduction/substitution failed:
In file included from /home/ec2-user/arduino-testlib/cli-datadir/user/libraries/TouchWheel/src/TouchWheel.h:5:0,
                 from /home/ec2-user/arduino-testlib/cli-datadir/user/libraries/TouchWheel/examples/BasicTouchWheel/BasicTouchWheel.ino:11:
/home/ec2-user/arduino-testlib/cli-datadir/user/libraries/TouchWheel/src/AdcTouchChannel.h:25:46: note:   mismatched types &#39;std::initializer_list&lt;_Tp&gt;&#39; and &#39;int&#39;
   return max(0, total / samples - calibration);
                                              ^
In file included from /home/ec2-user/arduino-testlib/cli-datadir/data/packages/esp32/tools/xtensa-esp32-elf-gcc/1.22.0-97-gc752ad5-5.2.0/xtensa-esp32-elf/include/c&#43;&#43;/5.2.0/algorithm:62:0,
                 from /home/ec2-user/arduino-testlib/cli-datadir/data/packages/esp32/hardware/esp32/1.0.6/cores/esp32/Arduino.h:142,
                 from /tmp/arduino-sketch-4AAFD8A16459338DBBD2C87DE30BAA69/sketch/BasicTouchWheel.ino.cpp:1:
/home/ec2-user/arduino-testlib/cli-datadir/data/packages/esp32/tools/xtensa-esp32-elf-gcc/1.22.0-97-gc752ad5-5.2.0/xtensa-esp32-elf/include/c&#43;&#43;/5.2.0/bits/stl_algo.h:3457:5: note: candidate: template&lt;class _Tp&gt; _Tp std::max(std::initializer_list&lt;_Tp&gt;)
     max(initializer_list&lt;_Tp&gt; __l)
     ^
/home/ec2-user/arduino-testlib/cli-datadir/data/packages/esp32/tools/xtensa-esp32-elf-gcc/1.22.0-97-gc752ad5-5.2.0/xtensa-esp32-elf/include/c&#43;&#43;/5.2.0/bits/stl_algo.h:3457:5: note:   template argument deduction/substitution failed:
In file included from /home/ec2-user/arduino-testlib/cli-datadir/user/libraries/TouchWheel/src/TouchWheel.h:5:0,
                 from /home/ec2-user/arduino-testlib/cli-datadir/user/libraries/TouchWheel/examples/BasicTouchWheel/BasicTouchWheel.ino:11:
/home/ec2-user/arduino-testlib/cli-datadir/user/libraries/TouchWheel/src/AdcTouchChannel.h:25:46: note:   mismatched types &#39;std::initializer_list&lt;_Tp&gt;&#39; and &#39;int&#39;
   return max(0, total / samples - calibration);
                                              ^
In file included from /home/ec2-user/arduino-testlib/cli-datadir/data/packages/esp32/tools/xtensa-esp32-elf-gcc/1.22.0-97-gc752ad5-5.2.0/xtensa-esp32-elf/include/c&#43;&#43;/5.2.0/algorithm:61:0,
                 from /home/ec2-user/arduino-testlib/cli-datadir/data/packages/esp32/hardware/esp32/1.0.6/cores/esp32/Arduino.h:142,
                 from /tmp/arduino-sketch-4AAFD8A16459338DBBD2C87DE30BAA69/sketch/BasicTouchWheel.ino.cpp:1:
/home/ec2-user/arduino-testlib/cli-datadir/data/packages/esp32/tools/xtensa-esp32-elf-gcc/1.22.0-97-gc752ad5-5.2.0/xtensa-esp32-elf/include/c&#43;&#43;/5.2.0/bits/stl_algobase.h:265:5: note: candidate: template&lt;class _Tp, class _Compare&gt; const _Tp&amp; std::max(const _Tp&amp;, const _Tp&amp;, _Compare)
     max(const _Tp&amp; __a, const _Tp&amp; __b, _Compare __comp)
     ^
/home/ec2-user/arduino-testlib/cli-datadir/data/packages/esp32/tools/xtensa-esp32-elf-gcc/1.22.0-97-gc752ad5-5.2.0/xtensa-esp32-elf/include/c&#43;&#43;/5.2.0/bits/stl_algobase.h:265:5: note:   template argument deduction/substitution failed:
In file included from /home/ec2-user/arduino-testlib/cli-datadir/user/libraries/TouchWheel/src/TouchWheel.h:5:0,
                 from /home/ec2-user/arduino-testlib/cli-datadir/user/libraries/TouchWheel/examples/BasicTouchWheel/BasicTouchWheel.ino:11:
/home/ec2-user/arduino-testlib/cli-datadir/user/libraries/TouchWheel/src/AdcTouchChannel.h:25:46: note:   deduced conflicting types for parameter &#39;const _Tp&#39; (&#39;int&#39; and &#39;long int&#39;)
   return max(0, total / samples - calibration);
                                              ^
In file included from /home/ec2-user/arduino-testlib/cli-datadir/data/packages/esp32/tools/xtensa-esp32-elf-gcc/1.22.0-97-gc752ad5-5.2.0/xtensa-esp32-elf/include/c&#43;&#43;/5.2.0/algorithm:61:0,
                 from /home/ec2-user/arduino-testlib/cli-datadir/data/packages/esp32/hardware/esp32/1.0.6/cores/esp32/Arduino.h:142,
                 from /tmp/arduino-sketch-4AAFD8A16459338DBBD2C87DE30BAA69/sketch/BasicTouchWheel.ino.cpp:1:
/home/ec2-user/arduino-testlib/cli-datadir/data/packages/esp32/tools/xtensa-esp32-elf-gcc/1.22.0-97-gc752ad5-5.2.0/xtensa-esp32-elf/include/c&#43;&#43;/5.2.0/bits/stl_algobase.h:219:5: note: candidate: template&lt;class _Tp&gt; const _Tp&amp; std::max(const _Tp&amp;, const _Tp&amp;)
     max(const _Tp&amp; __a, const _Tp&amp; __b)
     ^
/home/ec2-user/arduino-testlib/cli-datadir/data/packages/esp32/tools/xtensa-esp32-elf-gcc/1.22.0-97-gc752ad5-5.2.0/xtensa-esp32-elf/include/c&#43;&#43;/5.2.0/bits/stl_algobase.h:219:5: note:   template argument deduction/substitution failed:
In file included from /home/ec2-user/arduino-testlib/cli-datadir/user/libraries/TouchWheel/src/TouchWheel.h:5:0,
                 from /home/ec2-user/arduino-testlib/cli-datadir/user/libraries/TouchWheel/examples/BasicTouchWheel/BasicTouchWheel.ino:11:
/home/ec2-user/arduino-testlib/cli-datadir/user/libraries/TouchWheel/src/AdcTouchChannel.h:25:46: note:   deduced conflicting types for parameter &#39;const _Tp&#39; (&#39;int&#39; and &#39;long int&#39;)
   return max(0, total / samples - calibration);
                                              ^
/home/ec2-user/arduino-testlib/cli-datadir/user/libraries/TouchWheel/src/AdcTouchChannel.h: In static member function &#39;static void AdcTouchChannel::setFastAdc()&#39;:
/home/ec2-user/arduino-testlib/cli-datadir/user/libraries/TouchWheel/src/AdcTouchChannel.h:29:38: error: &#39;ADPS2&#39; was not declared in this scope
   const unsigned char PS_128 = (1 &lt;&lt; ADPS2) | (1 &lt;&lt; ADPS1) | (1 &lt;&lt; ADPS0);
                                      ^
/home/ec2-user/arduino-testlib/cli-datadir/user/libraries/TouchWheel/src/AdcTouchChannel.h:29:53: error: &#39;ADPS1&#39; was not declared in this scope
   const unsigned char PS_128 = (1 &lt;&lt; ADPS2) | (1 &lt;&lt; ADPS1) | (1 &lt;&lt; ADPS0);
                                                     ^
/home/ec2-user/arduino-testlib/cli-datadir/user/libraries/TouchWheel/src/AdcTouchChannel.h:29:68: error: &#39;ADPS0&#39; was not declared in this scope
   const unsigned char PS_128 = (1 &lt;&lt; ADPS2) | (1 &lt;&lt; ADPS1) | (1 &lt;&lt; ADPS0);
                                                                    ^
/home/ec2-user/arduino-testlib/cli-datadir/user/libraries/TouchWheel/src/AdcTouchChannel.h:31:3: error: &#39;ADCSRA&#39; was not declared in this scope
   ADCSRA &amp;= ~PS_128;  // remove bits set by Arduino library
   ^
In file included from /home/ec2-user/arduino-testlib/cli-datadir/user/libraries/TouchWheel/examples/BasicTouchWheel/BasicTouchWheel.ino:11:0:
/home/ec2-user/arduino-testlib/cli-datadir/user/libraries/TouchWheel/src/TouchWheel.h: At global scope:
/home/ec2-user/arduino-testlib/cli-datadir/user/libraries/TouchWheel/src/TouchWheel.h:74:10: error: extra qualification &#39;TouchWheel::&#39; on member &#39;isTouching&#39; [-fpermissive]
  boolean TouchWheel::isTouching() {
          ^
/home/ec2-user/arduino-testlib/cli-datadir/user/libraries/TouchWheel/examples/BasicTouchWheel/BasicTouchWheel.ino:13:19: error: &#39;A1&#39; was not declared in this scope
 TouchWheel tw(A0, A1, A2);
                   ^
/home/ec2-user/arduino-testlib/cli-datadir/user/libraries/TouchWheel/examples/BasicTouchWheel/BasicTouchWheel.ino:13:23: error: &#39;A2&#39; was not declared in this scope
 TouchWheel tw(A0, A1, A2);
                       ^

</pre>
					
				
			</div>
		</div>
	</div>
  </body>
</html>
