
<!doctype html>
<html lang="en">
  <head>
    <meta charset="utf-8">
    <meta name="viewport" content="width=device-width, initial-scale=1">
    <link href="https://cdn.jsdelivr.net/npm/bootstrap@5.0.2/dist/css/bootstrap.min.css" rel="stylesheet" integrity="sha384-EVSTQN3/azprG1Anm3QDgpJLIm9Nao0Yz1ztcQTwFspd3yD65VohhpuuCOmLASjC" crossorigin="anonymous">
    <title>arduino-testlib report</title>
	<style>
	.pass { background-color: #00FF00 !important; }
	.fail { background-color: #FF0000 !important; }
	</style>
  </head>
  <body>
	<div class="container">
		<div class="row">
			<div class="col">
				<h1>TridentTD_Linenotify - compatibility matrix</h1>
				<p>
					<small>This report was generated on Monday, 21-Feb-22 12:00:25 CET using 
					<a href="https://github.com/alranel/arduino-testlib">arduino-testlib</a>.</small>
				</p>

				<h2>TridentTD_Linenotify</h2>
				<p>
					Version: <b>3.0.3</b>
					<br />
					<a href="https://www.arduino.cc/reference/en/libraries/tridenttd_linenotify/">More details</a>
				</p>

				<h2>Compatibility matrix</h2>
				<table class="table table-bordered">
					<tr>
						<th>Board</th>
						<th>Claims compatibility</th>
						<th>Inclusion</th>
						
						<th><pre>02.MultipleTokens</pre></th>
						
						<th><pre>03.SPIFFS_ImageFile_notify</pre></th>
						
						<th><pre>04.SD_ImageFile_notify</pre></th>
						
						<th><pre>05.CameraCapture_notify</pre></th>
						
						<th><pre>06.FixedIP_LineNotify</pre></th>
						
						<th><pre>01.LineNotify</pre></th>
						
					</tr>
					
					<tr>
						<td>
							<a href="#arduino%3aavr%3auno"><b>arduino:avr:uno</b></a>
							<br />
							<small>1.8.4</small>
						</td>

						
						
						
						
							<td>No</td>
							<td class="fail">FAIL</td>
						

						
							
								
									
										
									
										
											
											<td class="fail">FAIL</td>
										
									
										
									
										
									
										
									
										
									
								
							
								
							
								
							
								
							
								
							
						
							
								
									
										
									
										
									
										
											
											<td class="fail">FAIL</td>
										
									
										
									
										
									
										
									
								
							
								
							
								
							
								
							
								
							
						
							
								
									
										
									
										
									
										
									
										
											
											<td class="fail">FAIL</td>
										
									
										
									
										
									
								
							
								
							
								
							
								
							
								
							
						
							
								
									
										
									
										
									
										
									
										
									
										
											
											<td class="fail">FAIL</td>
										
									
										
									
								
							
								
							
								
							
								
							
								
							
						
							
								
									
										
									
										
									
										
									
										
									
										
									
										
											
											<td class="fail">FAIL</td>
										
									
								
							
								
							
								
							
								
							
								
							
						
							
								
									
										
											
											<td class="fail">FAIL</td>
										
									
										
									
										
									
										
									
										
									
										
									
								
							
								
							
								
							
								
							
								
							
						
					</tr>
					
					<tr>
						<td>
							<a href="#arduino%3ambed_nano%3ananorp2040connect"><b>arduino:mbed_nano:nanorp2040connect</b></a>
							<br />
							<small>2.7.2</small>
						</td>

						
						
						
						
							<td>No</td>
							<td class="fail">FAIL</td>
						

						
							
								
							
								
									
										
									
										
											
											<td class="fail">FAIL</td>
										
									
										
									
										
									
										
									
										
									
								
							
								
							
								
							
								
							
						
							
								
							
								
									
										
									
										
									
										
											
											<td class="fail">FAIL</td>
										
									
										
									
										
									
										
									
								
							
								
							
								
							
								
							
						
							
								
							
								
									
										
									
										
									
										
									
										
											
											<td class="fail">FAIL</td>
										
									
										
									
										
									
								
							
								
							
								
							
								
							
						
							
								
							
								
									
										
									
										
									
										
									
										
									
										
											
											<td class="fail">FAIL</td>
										
									
										
									
								
							
								
							
								
							
								
							
						
							
								
							
								
									
										
									
										
									
										
									
										
									
										
									
										
											
											<td class="fail">FAIL</td>
										
									
								
							
								
							
								
							
								
							
						
							
								
							
								
									
										
											
											<td class="fail">FAIL</td>
										
									
										
									
										
									
										
									
										
									
										
									
								
							
								
							
								
							
								
							
						
					</tr>
					
					<tr>
						<td>
							<a href="#arduino%3amegaavr%3anona4809"><b>arduino:megaavr:nona4809</b></a>
							<br />
							<small>1.8.7</small>
						</td>

						
						
						
						
							<td>No</td>
							<td class="fail">FAIL</td>
						

						
							
								
							
								
							
								
									
										
									
										
											
											<td class="fail">FAIL</td>
										
									
										
									
										
									
										
									
										
									
								
							
								
							
								
							
						
							
								
							
								
							
								
									
										
									
										
									
										
											
											<td class="fail">FAIL</td>
										
									
										
									
										
									
										
									
								
							
								
							
								
							
						
							
								
							
								
							
								
									
										
									
										
									
										
									
										
											
											<td class="fail">FAIL</td>
										
									
										
									
										
									
								
							
								
							
								
							
						
							
								
							
								
							
								
									
										
									
										
									
										
									
										
									
										
											
											<td class="fail">FAIL</td>
										
									
										
									
								
							
								
							
								
							
						
							
								
							
								
							
								
									
										
									
										
									
										
									
										
									
										
									
										
											
											<td class="fail">FAIL</td>
										
									
								
							
								
							
								
							
						
							
								
							
								
							
								
									
										
											
											<td class="fail">FAIL</td>
										
									
										
									
										
									
										
									
										
									
										
									
								
							
								
							
								
							
						
					</tr>
					
					<tr>
						<td>
							<a href="#arduino%3asamd%3amkrwifi1010"><b>arduino:samd:mkrwifi1010</b></a>
							<br />
							<small>1.8.12</small>
						</td>

						
						
						
						
							<td>No</td>
							<td class="fail">FAIL</td>
						

						
							
								
							
								
							
								
							
								
									
										
									
										
											
											<td class="fail">FAIL</td>
										
									
										
									
										
									
										
									
										
									
								
							
								
							
						
							
								
							
								
							
								
							
								
									
										
									
										
									
										
											
											<td class="fail">FAIL</td>
										
									
										
									
										
									
										
									
								
							
								
							
						
							
								
							
								
							
								
							
								
									
										
									
										
									
										
									
										
											
											<td class="fail">FAIL</td>
										
									
										
									
										
									
								
							
								
							
						
							
								
							
								
							
								
							
								
									
										
									
										
									
										
									
										
									
										
											
											<td class="fail">FAIL</td>
										
									
										
									
								
							
								
							
						
							
								
							
								
							
								
							
								
									
										
									
										
									
										
									
										
									
										
									
										
											
											<td class="fail">FAIL</td>
										
									
								
							
								
							
						
							
								
							
								
							
								
							
								
									
										
											
											<td class="fail">FAIL</td>
										
									
										
									
										
									
										
									
										
									
										
									
								
							
								
							
						
					</tr>
					
					<tr>
						<td>
							<a href="#esp32%3aesp32%3ad1_mini32"><b>esp32:esp32:d1_mini32</b></a>
							<br />
							<small>1.0.6</small>
						</td>

						
							<td>Yes</td>
							<td class="pass">PASS</td>
						
						
						
						

						
							
								
							
								
							
								
							
								
							
								
									
										
									
										
											<td class="pass">PASS</td>
											
										
									
										
									
										
									
										
									
										
									
								
							
						
							
								
							
								
							
								
							
								
							
								
									
										
									
										
									
										
											<td class="pass">PASS</td>
											
										
									
										
									
										
									
										
									
								
							
						
							
								
							
								
							
								
							
								
							
								
									
										
									
										
									
										
									
										
											
											<td class="fail">FAIL</td>
										
									
										
									
										
									
								
							
						
							
								
							
								
							
								
							
								
							
								
									
										
									
										
									
										
									
										
									
										
											
											<td class="fail">FAIL</td>
										
									
										
									
								
							
						
							
								
							
								
							
								
							
								
							
								
									
										
									
										
									
										
									
										
									
										
									
										
											<td class="pass">PASS</td>
											
										
									
								
							
						
							
								
							
								
							
								
							
								
							
								
									
										
											<td class="pass">PASS</td>
											
										
									
										
									
										
									
										
									
										
									
										
									
								
							
						
					</tr>
					
				</table>

				<h2>Compilation logs</h2>
				
				<h3 id="arduino:avr:uno">arduino:avr:uno @ 1.8.4</h3>
				<h4>Inclusion</h4>
				<p>
					Result: <b>FAIL</b>
					
					<br />This library has no main header file so an empty one was created.
					
				</p>
				<pre class="pre-scrollable">WARNING: library TridentTD_Linenotify claims to run on esp8266, esp32 architecture(s) and may be incompatible with your current board which runs on avr architecture(s).
In file included from /home/ec2-user/arduino-testlib/cli-datadir/user/libraries/TridentTD_Linenotify/src/TridentTD_LineNotify.cpp:39:0:
/home/ec2-user/arduino-testlib/cli-datadir/user/libraries/TridentTD_Linenotify/src/TridentTD_LineNotify.h:94:43: error: &#39;fs&#39; has not been declared
     bool    notifyPicture(String message, fs::FS &amp;fs, String path);
                                           ^~
/home/ec2-user/arduino-testlib/cli-datadir/user/libraries/TridentTD_Linenotify/src/TridentTD_LineNotify.h:94:50: error: expected &#39;,&#39; or &#39;...&#39; before &#39;&amp;&#39; token
     bool    notifyPicture(String message, fs::FS &amp;fs, String path);
                                                  ^
/home/ec2-user/arduino-testlib/cli-datadir/user/libraries/TridentTD_Linenotify/src/TridentTD_LineNotify.h:95:27: error: &#39;fs&#39; has not been declared
     bool    notifyPicture(fs::FS &amp;fs, String path);
                           ^~
/home/ec2-user/arduino-testlib/cli-datadir/user/libraries/TridentTD_Linenotify/src/TridentTD_LineNotify.h:95:34: error: expected &#39;,&#39; or &#39;...&#39; before &#39;&amp;&#39; token
     bool    notifyPicture(fs::FS &amp;fs, String path);
                                  ^
/home/ec2-user/arduino-testlib/cli-datadir/user/libraries/TridentTD_Linenotify/src/TridentTD_LineNotify.h:105:105: error: &#39;fs&#39; has not been declared
     bool        _notify(String message, int StickerPackageID=0, int StickerID=0, String picture_url=&#34;&#34;, fs::FS &amp;fs=SPIFFS , String path=&#34;&#34;, uint8_t* image_data=NULL, size_t image_size=0);
                                                                                                         ^~
/home/ec2-user/arduino-testlib/cli-datadir/user/libraries/TridentTD_Linenotify/src/TridentTD_LineNotify.h:105:112: error: expected &#39;,&#39; or &#39;...&#39; before &#39;&amp;&#39; token
     bool        _notify(String message, int StickerPackageID=0, int StickerID=0, String picture_url=&#34;&#34;, fs::FS &amp;fs=SPIFFS , String path=&#34;&#34;, uint8_t* image_data=NULL, size_t image_size=0);
                                                                                                                ^
/home/ec2-user/arduino-testlib/cli-datadir/user/libraries/TridentTD_Linenotify/src/TridentTD_LineNotify.h:105:17: error: default argument missing for parameter 5 of &#39;bool TridentTD_LineNotify::_notify(String, int, int, String, int)&#39;
     bool        _notify(String message, int StickerPackageID=0, int StickerID=0, String picture_url=&#34;&#34;, fs::FS &amp;fs=SPIFFS , String path=&#34;&#34;, uint8_t* image_data=NULL, size_t image_size=0);
                 ^~~~~~~
/home/ec2-user/arduino-testlib/cli-datadir/user/libraries/TridentTD_Linenotify/src/TridentTD_LineNotify.cpp:92:58: error: &#39;fs&#39; has not been declared
 bool TridentTD_LineNotify::notifyPicture(String message, fs::FS &amp;fs, String path){
                                                          ^~
/home/ec2-user/arduino-testlib/cli-datadir/user/libraries/TridentTD_Linenotify/src/TridentTD_LineNotify.cpp:92:65: error: expected &#39;,&#39; or &#39;...&#39; before &#39;&amp;&#39; token
 bool TridentTD_LineNotify::notifyPicture(String message, fs::FS &amp;fs, String path){
                                                                 ^
/home/ec2-user/arduino-testlib/cli-datadir/user/libraries/TridentTD_Linenotify/src/TridentTD_LineNotify.cpp: In member function &#39;bool TridentTD_LineNotify::notifyPicture(String, int)&#39;:
/home/ec2-user/arduino-testlib/cli-datadir/user/libraries/TridentTD_Linenotify/src/TridentTD_LineNotify.cpp:93:36: error: &#39;fs&#39; was not declared in this scope
   return _notify(message, 0,0, &#34;&#34;, fs, path);
                                    ^~
/home/ec2-user/arduino-testlib/cli-datadir/user/libraries/TridentTD_Linenotify/src/TridentTD_LineNotify.cpp:93:36: note: suggested alternative: &#39;ffs&#39;
   return _notify(message, 0,0, &#34;&#34;, fs, path);
                                    ^~
                                    ffs
/home/ec2-user/arduino-testlib/cli-datadir/user/libraries/TridentTD_Linenotify/src/TridentTD_LineNotify.cpp:93:40: error: &#39;path&#39; was not declared in this scope
   return _notify(message, 0,0, &#34;&#34;, fs, path);
                                        ^~~~
/home/ec2-user/arduino-testlib/cli-datadir/user/libraries/TridentTD_Linenotify/src/TridentTD_LineNotify.cpp:93:40: note: suggested alternative: &#39;puts&#39;
   return _notify(message, 0,0, &#34;&#34;, fs, path);
                                        ^~~~
                                        puts
/home/ec2-user/arduino-testlib/cli-datadir/user/libraries/TridentTD_Linenotify/src/TridentTD_LineNotify.cpp: At global scope:
/home/ec2-user/arduino-testlib/cli-datadir/user/libraries/TridentTD_Linenotify/src/TridentTD_LineNotify.cpp:96:42: error: &#39;bool TridentTD_LineNotify::notifyPicture&#39; is not a static data member of &#39;class TridentTD_LineNotify&#39;
 bool TridentTD_LineNotify::notifyPicture(fs::FS &amp;fs, String path){
                                          ^~
/home/ec2-user/arduino-testlib/cli-datadir/user/libraries/TridentTD_Linenotify/src/TridentTD_LineNotify.cpp:96:42: error: &#39;fs&#39; has not been declared
/home/ec2-user/arduino-testlib/cli-datadir/user/libraries/TridentTD_Linenotify/src/TridentTD_LineNotify.cpp:96:50: error: &#39;fs&#39; was not declared in this scope
 bool TridentTD_LineNotify::notifyPicture(fs::FS &amp;fs, String path){
                                                  ^~
/home/ec2-user/arduino-testlib/cli-datadir/user/libraries/TridentTD_Linenotify/src/TridentTD_LineNotify.cpp:96:50: note: suggested alternative: &#39;ffs&#39;
 bool TridentTD_LineNotify::notifyPicture(fs::FS &amp;fs, String path){
                                                  ^~
                                                  ffs
/home/ec2-user/arduino-testlib/cli-datadir/user/libraries/TridentTD_Linenotify/src/TridentTD_LineNotify.cpp:96:61: error: expected primary-expression before &#39;path&#39;
 bool TridentTD_LineNotify::notifyPicture(fs::FS &amp;fs, String path){
                                                             ^~~~
/home/ec2-user/arduino-testlib/cli-datadir/user/libraries/TridentTD_Linenotify/src/TridentTD_LineNotify.cpp: In member function &#39;bool TridentTD_LineNotify::notifyPicture(String, uint8_t*, size_t)&#39;:
/home/ec2-user/arduino-testlib/cli-datadir/user/libraries/TridentTD_Linenotify/src/TridentTD_LineNotify.cpp:101:36: error: &#39;SPIFFS&#39; was not declared in this scope
   return _notify(message, 0,0, &#34;&#34;, SPIFFS, &#34;&#34;, image_data, image_size);
                                    ^~~~~~
/home/ec2-user/arduino-testlib/cli-datadir/user/libraries/TridentTD_Linenotify/src/TridentTD_LineNotify.cpp:101:36: note: suggested alternative: &#39;SPIF&#39;
   return _notify(message, 0,0, &#34;&#34;, SPIFFS, &#34;&#34;, image_data, image_size);
                                    ^~~~~~
                                    SPIF
/home/ec2-user/arduino-testlib/cli-datadir/user/libraries/TridentTD_Linenotify/src/TridentTD_LineNotify.cpp: In member function &#39;bool TridentTD_LineNotify::notifyPicture(uint8_t*, size_t)&#39;:
/home/ec2-user/arduino-testlib/cli-datadir/user/libraries/TridentTD_Linenotify/src/TridentTD_LineNotify.cpp:105:31: error: &#39;SPIFFS&#39; was not declared in this scope
   return _notify(&#34;&#34;, 0,0, &#34;&#34;, SPIFFS, &#34;&#34;, image_data, image_size);
                               ^~~~~~
/home/ec2-user/arduino-testlib/cli-datadir/user/libraries/TridentTD_Linenotify/src/TridentTD_LineNotify.cpp:105:31: note: suggested alternative: &#39;SPIF&#39;
   return _notify(&#34;&#34;, 0,0, &#34;&#34;, SPIFFS, &#34;&#34;, image_data, image_size);
                               ^~~~~~
                               SPIF
/home/ec2-user/arduino-testlib/cli-datadir/user/libraries/TridentTD_Linenotify/src/TridentTD_LineNotify.cpp: At global scope:
/home/ec2-user/arduino-testlib/cli-datadir/user/libraries/TridentTD_Linenotify/src/TridentTD_LineNotify.cpp:108:109: error: &#39;fs&#39; has not been declared
 bool TridentTD_LineNotify::_notify(String message, int StickerPackageID, int StickerID, String picture_url, fs::FS &amp;fs, String path, uint8_t* image_data, size_t image_sz){
                                                                                                             ^~
/home/ec2-user/arduino-testlib/cli-datadir/user/libraries/TridentTD_Linenotify/src/TridentTD_LineNotify.cpp:108:116: error: expected &#39;,&#39; or &#39;...&#39; before &#39;&amp;&#39; token
 bool TridentTD_LineNotify::_notify(String message, int StickerPackageID, int StickerID, String picture_url, fs::FS &amp;fs, String path, uint8_t* image_data, size_t image_sz){
                                                                                                                    ^
/home/ec2-user/arduino-testlib/cli-datadir/user/libraries/TridentTD_Linenotify/src/TridentTD_LineNotify.cpp: In member function &#39;bool TridentTD_LineNotify::_notify(String, int, int, String, int)&#39;:
/home/ec2-user/arduino-testlib/cli-datadir/user/libraries/TridentTD_Linenotify/src/TridentTD_LineNotify.cpp:109:6: error: &#39;WiFi&#39; was not declared in this scope
   if(WiFi.status() != WL_CONNECTED) return false;
      ^~~~
/home/ec2-user/arduino-testlib/cli-datadir/user/libraries/TridentTD_Linenotify/src/TridentTD_LineNotify.cpp:109:23: error: &#39;WL_CONNECTED&#39; was not declared in this scope
   if(WiFi.status() != WL_CONNECTED) return false;
                       ^~~~~~~~~~~~
/home/ec2-user/arduino-testlib/cli-datadir/user/libraries/TridentTD_Linenotify/src/TridentTD_LineNotify.cpp:126:8: error: &#39;_clientSecure&#39; was not declared in this scope
   if (!_clientSecure.connect(&#34;notify-api.line.me&#34;, 443)) {
        ^~~~~~~~~~~~~
/home/ec2-user/arduino-testlib/cli-datadir/user/libraries/TridentTD_Linenotify/src/TridentTD_LineNotify.cpp:133:3: error: &#39;File&#39; was not declared in this scope
   File image_file;
   ^~~~
/home/ec2-user/arduino-testlib/cli-datadir/user/libraries/TridentTD_Linenotify/src/TridentTD_LineNotify.cpp:140:76: error: &#39;path&#39; was not declared in this scope
       if( (StickerPackageID &gt; 0 &amp;&amp; StickerID &gt; 0) || picture_url != &#34;&#34; ||  path != &#34;&#34; || (image_data !=NULL &amp;&amp; image_sz &gt;</pre>

					
					<h4>examples/01.LineNotify</h4>
					<p>
						Result: <b>FAIL</b>
					</p>
					<pre class="pre-scrollable">WARNING: library TridentTD_Linenotify claims to run on esp8266, esp32 architecture(s) and may be incompatible with your current board which runs on avr architecture(s).
In file included from /home/ec2-user/arduino-testlib/cli-datadir/user/libraries/TridentTD_Linenotify/examples/01.LineNotify/01.LineNotify.ino:9:0:
/home/ec2-user/arduino-testlib/cli-datadir/user/libraries/TridentTD_Linenotify/src/TridentTD_LineNotify.h:94:43: error: &#39;fs&#39; has not been declared
     bool    notifyPicture(String message, fs::FS &amp;fs, String path);
                                           ^~
/home/ec2-user/arduino-testlib/cli-datadir/user/libraries/TridentTD_Linenotify/src/TridentTD_LineNotify.h:94:50: error: expected &#39;,&#39; or &#39;...&#39; before &#39;&amp;&#39; token
     bool    notifyPicture(String message, fs::FS &amp;fs, String path);
                                                  ^
/home/ec2-user/arduino-testlib/cli-datadir/user/libraries/TridentTD_Linenotify/src/TridentTD_LineNotify.h:95:27: error: &#39;fs&#39; has not been declared
     bool    notifyPicture(fs::FS &amp;fs, String path);
                           ^~
/home/ec2-user/arduino-testlib/cli-datadir/user/libraries/TridentTD_Linenotify/src/TridentTD_LineNotify.h:95:34: error: expected &#39;,&#39; or &#39;...&#39; before &#39;&amp;&#39; token
     bool    notifyPicture(fs::FS &amp;fs, String path);
                                  ^
/home/ec2-user/arduino-testlib/cli-datadir/user/libraries/TridentTD_Linenotify/src/TridentTD_LineNotify.h:105:105: error: &#39;fs&#39; has not been declared
     bool        _notify(String message, int StickerPackageID=0, int StickerID=0, String picture_url=&#34;&#34;, fs::FS &amp;fs=SPIFFS , String path=&#34;&#34;, uint8_t* image_data=NULL, size_t image_size=0);
                                                                                                         ^~
/home/ec2-user/arduino-testlib/cli-datadir/user/libraries/TridentTD_Linenotify/src/TridentTD_LineNotify.h:105:112: error: expected &#39;,&#39; or &#39;...&#39; before &#39;&amp;&#39; token
     bool        _notify(String message, int StickerPackageID=0, int StickerID=0, String picture_url=&#34;&#34;, fs::FS &amp;fs=SPIFFS , String path=&#34;&#34;, uint8_t* image_data=NULL, size_t image_size=0);
                                                                                                                ^
/home/ec2-user/arduino-testlib/cli-datadir/user/libraries/TridentTD_Linenotify/src/TridentTD_LineNotify.h:105:17: error: default argument missing for parameter 5 of &#39;bool TridentTD_LineNotify::_notify(String, int, int, String, int)&#39;
     bool        _notify(String message, int StickerPackageID=0, int StickerID=0, String picture_url=&#34;&#34;, fs::FS &amp;fs=SPIFFS , String path=&#34;&#34;, uint8_t* image_data=NULL, size_t image_size=0);
                 ^~~~~~~
/home/ec2-user/arduino-testlib/cli-datadir/user/libraries/TridentTD_Linenotify/examples/01.LineNotify/01.LineNotify.ino: In function &#39;void setup()&#39;:
/home/ec2-user/arduino-testlib/cli-datadir/user/libraries/TridentTD_Linenotify/examples/01.LineNotify/01.LineNotify.ino:19:3: error: &#39;WiFi&#39; was not declared in this scope
   WiFi.begin(SSID, PASSWORD);
   ^~~~
/home/ec2-user/arduino-testlib/cli-datadir/user/libraries/TridentTD_Linenotify/examples/01.LineNotify/01.LineNotify.ino:20:10: error: &#39;class HardwareSerial&#39; has no member named &#39;printf&#39;; did you mean &#39;print&#39;?
   Serial.printf(&#34;WiFi connecting to %s\n&#34;,  SSID);
          ^~~~~~
          print
/home/ec2-user/arduino-testlib/cli-datadir/user/libraries/TridentTD_Linenotify/examples/01.LineNotify/01.LineNotify.ino:21:26: error: &#39;WL_CONNECTED&#39; was not declared in this scope
   while(WiFi.status() != WL_CONNECTED) { Serial.print(&#34;.&#34;); delay(400); }
                          ^~~~~~~~~~~~
/home/ec2-user/arduino-testlib/cli-datadir/user/libraries/TridentTD_Linenotify/examples/01.LineNotify/01.LineNotify.ino:22:10: error: &#39;class HardwareSerial&#39; has no member named &#39;printf&#39;; did you mean &#39;print&#39;?
   Serial.printf(&#34;\nWiFi connected\nIP : &#34;);
          ^~~~~~
          print

</pre>
					
					<h4>examples/02.MultipleTokens</h4>
					<p>
						Result: <b>FAIL</b>
					</p>
					<pre class="pre-scrollable">WARNING: library TridentTD_Linenotify claims to run on esp8266, esp32 architecture(s) and may be incompatible with your current board which runs on avr architecture(s).
In file included from /home/ec2-user/arduino-testlib/cli-datadir/user/libraries/TridentTD_Linenotify/examples/02.MultipleTokens/02.MultipleTokens.ino:1:0:
/home/ec2-user/arduino-testlib/cli-datadir/user/libraries/TridentTD_Linenotify/src/TridentTD_LineNotify.h:94:43: error: &#39;fs&#39; has not been declared
     bool    notifyPicture(String message, fs::FS &amp;fs, String path);
                                           ^~
/home/ec2-user/arduino-testlib/cli-datadir/user/libraries/TridentTD_Linenotify/src/TridentTD_LineNotify.h:94:50: error: expected &#39;,&#39; or &#39;...&#39; before &#39;&amp;&#39; token
     bool    notifyPicture(String message, fs::FS &amp;fs, String path);
                                                  ^
/home/ec2-user/arduino-testlib/cli-datadir/user/libraries/TridentTD_Linenotify/src/TridentTD_LineNotify.h:95:27: error: &#39;fs&#39; has not been declared
     bool    notifyPicture(fs::FS &amp;fs, String path);
                           ^~
/home/ec2-user/arduino-testlib/cli-datadir/user/libraries/TridentTD_Linenotify/src/TridentTD_LineNotify.h:95:34: error: expected &#39;,&#39; or &#39;...&#39; before &#39;&amp;&#39; token
     bool    notifyPicture(fs::FS &amp;fs, String path);
                                  ^
/home/ec2-user/arduino-testlib/cli-datadir/user/libraries/TridentTD_Linenotify/src/TridentTD_LineNotify.h:105:105: error: &#39;fs&#39; has not been declared
     bool        _notify(String message, int StickerPackageID=0, int StickerID=0, String picture_url=&#34;&#34;, fs::FS &amp;fs=SPIFFS , String path=&#34;&#34;, uint8_t* image_data=NULL, size_t image_size=0);
                                                                                                         ^~
/home/ec2-user/arduino-testlib/cli-datadir/user/libraries/TridentTD_Linenotify/src/TridentTD_LineNotify.h:105:112: error: expected &#39;,&#39; or &#39;...&#39; before &#39;&amp;&#39; token
     bool        _notify(String message, int StickerPackageID=0, int StickerID=0, String picture_url=&#34;&#34;, fs::FS &amp;fs=SPIFFS , String path=&#34;&#34;, uint8_t* image_data=NULL, size_t image_size=0);
                                                                                                                ^
/home/ec2-user/arduino-testlib/cli-datadir/user/libraries/TridentTD_Linenotify/src/TridentTD_LineNotify.h:105:17: error: default argument missing for parameter 5 of &#39;bool TridentTD_LineNotify::_notify(String, int, int, String, int)&#39;
     bool        _notify(String message, int StickerPackageID=0, int StickerID=0, String picture_url=&#34;&#34;, fs::FS &amp;fs=SPIFFS , String path=&#34;&#34;, uint8_t* image_data=NULL, size_t image_size=0);
                 ^~~~~~~
/home/ec2-user/arduino-testlib/cli-datadir/user/libraries/TridentTD_Linenotify/examples/02.MultipleTokens/02.MultipleTokens.ino: In function &#39;void setup()&#39;:
/home/ec2-user/arduino-testlib/cli-datadir/user/libraries/TridentTD_Linenotify/examples/02.MultipleTokens/02.MultipleTokens.ino:12:3: error: &#39;WiFi&#39; was not declared in this scope
   WiFi.begin( SSID, PASSWORD );
   ^~~~

</pre>
					
					<h4>examples/03.SPIFFS_ImageFile_notify</h4>
					<p>
						Result: <b>FAIL</b>
					</p>
					<pre class="pre-scrollable">WARNING: library TridentTD_Linenotify claims to run on esp8266, esp32 architecture(s) and may be incompatible with your current board which runs on avr architecture(s).
In file included from /home/ec2-user/arduino-testlib/cli-datadir/user/libraries/TridentTD_Linenotify/examples/03.SPIFFS_ImageFile_notify/03.SPIFFS_ImageFile_notify.ino:6:0:
/home/ec2-user/arduino-testlib/cli-datadir/user/libraries/TridentTD_Linenotify/src/TridentTD_LineNotify.h:94:43: error: &#39;fs&#39; has not been declared
     bool    notifyPicture(String message, fs::FS &amp;fs, String path);
                                           ^~
/home/ec2-user/arduino-testlib/cli-datadir/user/libraries/TridentTD_Linenotify/src/TridentTD_LineNotify.h:94:50: error: expected &#39;,&#39; or &#39;...&#39; before &#39;&amp;&#39; token
     bool    notifyPicture(String message, fs::FS &amp;fs, String path);
                                                  ^
/home/ec2-user/arduino-testlib/cli-datadir/user/libraries/TridentTD_Linenotify/src/TridentTD_LineNotify.h:95:27: error: &#39;fs&#39; has not been declared
     bool    notifyPicture(fs::FS &amp;fs, String path);
                           ^~
/home/ec2-user/arduino-testlib/cli-datadir/user/libraries/TridentTD_Linenotify/src/TridentTD_LineNotify.h:95:34: error: expected &#39;,&#39; or &#39;...&#39; before &#39;&amp;&#39; token
     bool    notifyPicture(fs::FS &amp;fs, String path);
                                  ^
/home/ec2-user/arduino-testlib/cli-datadir/user/libraries/TridentTD_Linenotify/src/TridentTD_LineNotify.h:105:105: error: &#39;fs&#39; has not been declared
     bool        _notify(String message, int StickerPackageID=0, int StickerID=0, String picture_url=&#34;&#34;, fs::FS &amp;fs=SPIFFS , String path=&#34;&#34;, uint8_t* image_data=NULL, size_t image_size=0);
                                                                                                         ^~
/home/ec2-user/arduino-testlib/cli-datadir/user/libraries/TridentTD_Linenotify/src/TridentTD_LineNotify.h:105:112: error: expected &#39;,&#39; or &#39;...&#39; before &#39;&amp;&#39; token
     bool        _notify(String message, int StickerPackageID=0, int StickerID=0, String picture_url=&#34;&#34;, fs::FS &amp;fs=SPIFFS , String path=&#34;&#34;, uint8_t* image_data=NULL, size_t image_size=0);
                                                                                                                ^
/home/ec2-user/arduino-testlib/cli-datadir/user/libraries/TridentTD_Linenotify/src/TridentTD_LineNotify.h:105:17: error: default argument missing for parameter 5 of &#39;bool TridentTD_LineNotify::_notify(String, int, int, String, int)&#39;
     bool        _notify(String message, int StickerPackageID=0, int StickerID=0, String picture_url=&#34;&#34;, fs::FS &amp;fs=SPIFFS , String path=&#34;&#34;, uint8_t* image_data=NULL, size_t image_size=0);
                 ^~~~~~~
/home/ec2-user/arduino-testlib/cli-datadir/user/libraries/TridentTD_Linenotify/examples/03.SPIFFS_ImageFile_notify/03.SPIFFS_ImageFile_notify.ino: In function &#39;void setup()&#39;:
/home/ec2-user/arduino-testlib/cli-datadir/user/libraries/TridentTD_Linenotify/examples/03.SPIFFS_ImageFile_notify/03.SPIFFS_ImageFile_notify.ino:16:7: error: &#39;SPIFFS&#39; was not declared in this scope
   if(!SPIFFS.begin()){
       ^~~~~~
/home/ec2-user/arduino-testlib/cli-datadir/user/libraries/TridentTD_Linenotify/examples/03.SPIFFS_ImageFile_notify/03.SPIFFS_ImageFile_notify.ino:16:7: note: suggested alternative: &#39;SPIF&#39;
   if(!SPIFFS.begin()){
       ^~~~~~
       SPIF
/home/ec2-user/arduino-testlib/cli-datadir/user/libraries/TridentTD_Linenotify/examples/03.SPIFFS_ImageFile_notify/03.SPIFFS_ImageFile_notify.ino:21:3: error: &#39;WiFi&#39; was not declared in this scope
   WiFi.begin(SSID, PASSWORD);
   ^~~~
/home/ec2-user/arduino-testlib/cli-datadir/user/libraries/TridentTD_Linenotify/examples/03.SPIFFS_ImageFile_notify/03.SPIFFS_ImageFile_notify.ino:22:10: error: &#39;class HardwareSerial&#39; has no member named &#39;printf&#39;; did you mean &#39;print&#39;?
   Serial.printf(&#34;WiFi connecting to %s\n&#34;,  SSID);
          ^~~~~~
          print
/home/ec2-user/arduino-testlib/cli-datadir/user/libraries/TridentTD_Linenotify/examples/03.SPIFFS_ImageFile_notify/03.SPIFFS_ImageFile_notify.ino:23:26: error: &#39;WL_CONNECTED&#39; was not declared in this scope
   while(WiFi.status() != WL_CONNECTED) { Serial.print(&#34;.&#34;); delay(400); }
                          ^~~~~~~~~~~~
/home/ec2-user/arduino-testlib/cli-datadir/user/libraries/TridentTD_Linenotify/examples/03.SPIFFS_ImageFile_notify/03.SPIFFS_ImageFile_notify.ino:24:10: error: &#39;class HardwareSerial&#39; has no member named &#39;printf&#39;; did you mean &#39;print&#39;?
   Serial.printf(&#34;\nWiFi connected\nIP : &#34;);
          ^~~~~~
          print
/home/ec2-user/arduino-testlib/cli-datadir/user/libraries/TridentTD_Linenotify/examples/03.SPIFFS_ImageFile_notify/03.SPIFFS_ImageFile_notify.ino:30:40: error: &#39;SPIFFS&#39; was not declared in this scope
   LINE.notifyPicture(&#34;Hello My Tiger&#34;, SPIFFS, &#34;/tiger.jpg&#34;);  // ใช้ได้ทั้ง ESP8266 และ ESP32
                                        ^~~~~~
/home/ec2-user/arduino-testlib/cli-datadir/user/libraries/TridentTD_Linenotify/examples/03.SPIFFS_ImageFile_notify/03.SPIFFS_ImageFile_notify.ino:30:40: note: suggested alternative: &#39;SPIF&#39;
   LINE.notifyPicture(&#34;Hello My Tiger&#34;, SPIFFS, &#34;/tiger.jpg&#34;);  // ใช้ได้ทั้ง ESP8266 และ ESP32
                                        ^~~~~~
                                        SPIF

</pre>
					
					<h4>examples/04.SD_ImageFile_notify</h4>
					<p>
						Result: <b>FAIL</b>
					</p>
					<pre class="pre-scrollable">WARNING: library TridentTD_Linenotify claims to run on esp8266, esp32 architecture(s) and may be incompatible with your current board which runs on avr architecture(s).
In file included from /home/ec2-user/arduino-testlib/cli-datadir/user/libraries/TridentTD_Linenotify/examples/04.SD_ImageFile_notify/04.SD_ImageFile_notify.ino:17:0:
/home/ec2-user/arduino-testlib/cli-datadir/user/libraries/TridentTD_Linenotify/src/TridentTD_LineNotify.h:94:43: error: &#39;fs&#39; has not been declared
     bool    notifyPicture(String message, fs::FS &amp;fs, String path);
                                           ^~
/home/ec2-user/arduino-testlib/cli-datadir/user/libraries/TridentTD_Linenotify/src/TridentTD_LineNotify.h:94:50: error: expected &#39;,&#39; or &#39;...&#39; before &#39;&amp;&#39; token
     bool    notifyPicture(String message, fs::FS &amp;fs, String path);
                                                  ^
/home/ec2-user/arduino-testlib/cli-datadir/user/libraries/TridentTD_Linenotify/src/TridentTD_LineNotify.h:95:27: error: &#39;fs&#39; has not been declared
     bool    notifyPicture(fs::FS &amp;fs, String path);
                           ^~
/home/ec2-user/arduino-testlib/cli-datadir/user/libraries/TridentTD_Linenotify/src/TridentTD_LineNotify.h:95:34: error: expected &#39;,&#39; or &#39;...&#39; before &#39;&amp;&#39; token
     bool    notifyPicture(fs::FS &amp;fs, String path);
                                  ^
/home/ec2-user/arduino-testlib/cli-datadir/user/libraries/TridentTD_Linenotify/src/TridentTD_LineNotify.h:105:105: error: &#39;fs&#39; has not been declared
     bool        _notify(String message, int StickerPackageID=0, int StickerID=0, String picture_url=&#34;&#34;, fs::FS &amp;fs=SPIFFS , String path=&#34;&#34;, uint8_t* image_data=NULL, size_t image_size=0);
                                                                                                         ^~
/home/ec2-user/arduino-testlib/cli-datadir/user/libraries/TridentTD_Linenotify/src/TridentTD_LineNotify.h:105:112: error: expected &#39;,&#39; or &#39;...&#39; before &#39;&amp;&#39; token
     bool        _notify(String message, int StickerPackageID=0, int StickerID=0, String picture_url=&#34;&#34;, fs::FS &amp;fs=SPIFFS , String path=&#34;&#34;, uint8_t* image_data=NULL, size_t image_size=0);
                                                                                                                ^
/home/ec2-user/arduino-testlib/cli-datadir/user/libraries/TridentTD_Linenotify/src/TridentTD_LineNotify.h:105:17: error: default argument missing for parameter 5 of &#39;bool TridentTD_LineNotify::_notify(String, int, int, String, int)&#39;
     bool        _notify(String message, int StickerPackageID=0, int StickerID=0, String picture_url=&#34;&#34;, fs::FS &amp;fs=SPIFFS , String path=&#34;&#34;, uint8_t* image_data=NULL, size_t image_size=0);
                 ^~~~~~~
/home/ec2-user/arduino-testlib/cli-datadir/user/libraries/TridentTD_Linenotify/examples/04.SD_ImageFile_notify/04.SD_ImageFile_notify.ino: In function &#39;void setup()&#39;:
/home/ec2-user/arduino-testlib/cli-datadir/user/libraries/TridentTD_Linenotify/examples/04.SD_ImageFile_notify/04.SD_ImageFile_notify.ino:33:3: error: &#39;WiFi&#39; was not declared in this scope
   WiFi.begin(SSID, PASSWORD);
   ^~~~
/home/ec2-user/arduino-testlib/cli-datadir/user/libraries/TridentTD_Linenotify/examples/04.SD_ImageFile_notify/04.SD_ImageFile_notify.ino:34:10: error: &#39;class HardwareSerial&#39; has no member named &#39;printf&#39;; did you mean &#39;print&#39;?
   Serial.printf(&#34;WiFi connecting to %s\n&#34;,  SSID);
          ^~~~~~
          print
/home/ec2-user/arduino-testlib/cli-datadir/user/libraries/TridentTD_Linenotify/examples/04.SD_ImageFile_notify/04.SD_ImageFile_notify.ino:35:26: error: &#39;WL_CONNECTED&#39; was not declared in this scope
   while(WiFi.status() != WL_CONNECTED) { Serial.print(&#34;.&#34;); delay(400); }
                          ^~~~~~~~~~~~
/home/ec2-user/arduino-testlib/cli-datadir/user/libraries/TridentTD_Linenotify/examples/04.SD_ImageFile_notify/04.SD_ImageFile_notify.ino:36:10: error: &#39;class HardwareSerial&#39; has no member named &#39;printf&#39;; did you mean &#39;print&#39;?
   Serial.printf(&#34;\nWiFi connected\nIP : &#34;);
          ^~~~~~
          print
/home/ec2-user/arduino-testlib/cli-datadir/user/libraries/TridentTD_Linenotify/examples/04.SD_ImageFile_notify/04.SD_ImageFile_notify.ino:42:56: error: no matching function for call to &#39;TridentTD_LineNotify::notifyPicture(const char [15], SDLib::SDClass&amp;, const char [11])&#39;
   LINE.notifyPicture(&#34;Hello My Tiger&#34;, SD, &#34;/tiger.jpg&#34;);   // สำหรับ ESP32 เท่านั้น
                                                        ^
In file included from /home/ec2-user/arduino-testlib/cli-datadir/user/libraries/TridentTD_Linenotify/examples/04.SD_ImageFile_notify/04.SD_ImageFile_notify.ino:17:0:
/home/ec2-user/arduino-testlib/cli-datadir/user/libraries/TridentTD_Linenotify/src/TridentTD_LineNotify.h:90:13: note: candidate: bool TridentTD_LineNotify::notifyPicture(String, String)
     bool    notifyPicture(String message, String picture_url);
             ^~~~~~~~~~~~~
/home/ec2-user/arduino-testlib/cli-datadir/user/libraries/TridentTD_Linenotify/src/TridentTD_LineNotify.h:90:13: note:   candidate expects 2 arguments, 3 provided
/home/ec2-user/arduino-testlib/cli-datadir/user/libraries/TridentTD_Linenotify/src/TridentTD_LineNotify.h:91:13: note: candidate: bool TridentTD_LineNotify::notifyPicture(String)
     bool    notifyPicture(String picture_url);
             ^~~~~~~~~~~~~
/home/ec2-user/arduino-testlib/cli-datadir/user/libraries/TridentTD_Linenotify/src/TridentTD_LineNotify.h:91:13: note:   candidate expects 1 argument, 3 provided
/home/ec2-user/arduino-testlib/cli-datadir/user/libraries/TridentTD_Linenotify/src/TridentTD_LineNotify.h:94:13: note: candidate: bool TridentTD_LineNotify::notifyPicture(String, int)
     bool    notifyPicture(String message, fs::FS &amp;fs, String path);
             ^~~~~~~~~~~~~
/home/ec2-user/arduino-testlib/cli-datadir/user/libraries/TridentTD_Linenotify/src/TridentTD_LineNotify.h:94:13: note:   candidate expects 2 arguments, 3 provided
/home/ec2-user/arduino-testlib/cli-datadir/user/libraries/TridentTD_Linenotify/src/TridentTD_LineNotify.h:95:13: note: candidate: bool TridentTD_LineNotify::notifyPicture(int)
     bool    notifyPicture(fs::FS &amp;fs, String path);
             ^~~~~~~~~~~~~
/home/ec2-user/arduino-testlib/cli-datadir/user/libraries/TridentTD_Linenotify/src/TridentTD_LineNotify.h:95:13: note:   candidate expects 1 argument, 3 provided
/home/ec2-user/arduino-testlib/cli-datadir/user/libraries/TridentTD_Linenotify/src/TridentTD_LineNotify.h:98:13: note: candidate: bool TridentTD_LineNotify::notifyPicture(String, uint8_t*, size_t)
     bool    notifyPicture(String message, uint8_t* image_data, size_t image_size);
             ^~~~~~~~~~~~~
/home/ec2-user/arduino-testlib/cli-datadir/user/libraries/TridentTD_Linenotify/src/TridentTD_LineNotify.h:98:13: note:   no known conversion for argument 2 from &#39;SDLib::SDClass&#39; to &#39;uint8_t* {aka unsigned char*}&#39;
/home/ec2-user/arduino-testlib/cli-datadir/user/libraries/TridentTD_Linenotify/src/TridentTD_LineNotify.h:99:13: note: candidate: bool TridentTD_LineNotify::notifyPicture(uint8_t*, size_t)
     bool    notifyPicture(uint8_t* image_data, size_t image_size);
             ^~~~~~~~~~~~~
/home/ec2-user/arduino-testlib/cli-datadir/user/libraries/TridentTD_Linenotify/src/TridentTD_LineNotify.h:99:13: note:   candidate expects 2 arguments, 3 provided

</pre>
					
					<h4>examples/05.CameraCapture_notify</h4>
					<p>
						Result: <b>FAIL</b>
					</p>
					<pre class="pre-scrollable">/home/ec2-user/arduino-testlib/cli-datadir/user/libraries/TridentTD_Linenotify/examples/05.CameraCapture_notify/05.CameraCapture_notify.ino:2:10: fatal error: OV2640.h: No such file or directory
 #include &lt;OV2640.h&gt;     // ติดตั้ง library กล้องให้เรียบร้อย https://github.com/LilyGO/ESP32-Camera
          ^~~~~~~~~~
compilation terminated.

</pre>
					
					<h4>examples/06.FixedIP_LineNotify</h4>
					<p>
						Result: <b>FAIL</b>
					</p>
					<pre class="pre-scrollable">WARNING: library TridentTD_Linenotify claims to run on esp8266, esp32 architecture(s) and may be incompatible with your current board which runs on avr architecture(s).
In file included from /home/ec2-user/arduino-testlib/cli-datadir/user/libraries/TridentTD_Linenotify/examples/06.FixedIP_LineNotify/06.FixedIP_LineNotify.ino:11:0:
/home/ec2-user/arduino-testlib/cli-datadir/user/libraries/TridentTD_Linenotify/src/TridentTD_LineNotify.h:94:43: error: &#39;fs&#39; has not been declared
     bool    notifyPicture(String message, fs::FS &amp;fs, String path);
                                           ^~
/home/ec2-user/arduino-testlib/cli-datadir/user/libraries/TridentTD_Linenotify/src/TridentTD_LineNotify.h:94:50: error: expected &#39;,&#39; or &#39;...&#39; before &#39;&amp;&#39; token
     bool    notifyPicture(String message, fs::FS &amp;fs, String path);
                                                  ^
/home/ec2-user/arduino-testlib/cli-datadir/user/libraries/TridentTD_Linenotify/src/TridentTD_LineNotify.h:95:27: error: &#39;fs&#39; has not been declared
     bool    notifyPicture(fs::FS &amp;fs, String path);
                           ^~
/home/ec2-user/arduino-testlib/cli-datadir/user/libraries/TridentTD_Linenotify/src/TridentTD_LineNotify.h:95:34: error: expected &#39;,&#39; or &#39;...&#39; before &#39;&amp;&#39; token
     bool    notifyPicture(fs::FS &amp;fs, String path);
                                  ^
/home/ec2-user/arduino-testlib/cli-datadir/user/libraries/TridentTD_Linenotify/src/TridentTD_LineNotify.h:105:105: error: &#39;fs&#39; has not been declared
     bool        _notify(String message, int StickerPackageID=0, int StickerID=0, String picture_url=&#34;&#34;, fs::FS &amp;fs=SPIFFS , String path=&#34;&#34;, uint8_t* image_data=NULL, size_t image_size=0);
                                                                                                         ^~
/home/ec2-user/arduino-testlib/cli-datadir/user/libraries/TridentTD_Linenotify/src/TridentTD_LineNotify.h:105:112: error: expected &#39;,&#39; or &#39;...&#39; before &#39;&amp;&#39; token
     bool        _notify(String message, int StickerPackageID=0, int StickerID=0, String picture_url=&#34;&#34;, fs::FS &amp;fs=SPIFFS , String path=&#34;&#34;, uint8_t* image_data=NULL, size_t image_size=0);
                                                                                                                ^
/home/ec2-user/arduino-testlib/cli-datadir/user/libraries/TridentTD_Linenotify/src/TridentTD_LineNotify.h:105:17: error: default argument missing for parameter 5 of &#39;bool TridentTD_LineNotify::_notify(String, int, int, String, int)&#39;
     bool        _notify(String message, int StickerPackageID=0, int StickerID=0, String picture_url=&#34;&#34;, fs::FS &amp;fs=SPIFFS , String path=&#34;&#34;, uint8_t* image_data=NULL, size_t image_size=0);
                 ^~~~~~~
/home/ec2-user/arduino-testlib/cli-datadir/user/libraries/TridentTD_Linenotify/examples/06.FixedIP_LineNotify/06.FixedIP_LineNotify.ino:17:1: error: &#39;IPAddress&#39; does not name a type
 IPAddress fixed_ip   = {192,168,43,17};       // กำหนด IP เอง
 ^~~~~~~~~
/home/ec2-user/arduino-testlib/cli-datadir/user/libraries/TridentTD_Linenotify/examples/06.FixedIP_LineNotify/06.FixedIP_LineNotify.ino:18:1: error: &#39;IPAddress&#39; does not name a type
 IPAddress gateway_ip = {192,168,43,1};        // เลือก Gateway IP ของเครือข่ายที่ออก internet ได้
 ^~~~~~~~~
/home/ec2-user/arduino-testlib/cli-datadir/user/libraries/TridentTD_Linenotify/examples/06.FixedIP_LineNotify/06.FixedIP_LineNotify.ino:19:1: error: &#39;IPAddress&#39; does not name a type
 IPAddress subnet     = {255,255,255,0};
 ^~~~~~~~~
/home/ec2-user/arduino-testlib/cli-datadir/user/libraries/TridentTD_Linenotify/examples/06.FixedIP_LineNotify/06.FixedIP_LineNotify.ino: In function &#39;void setup()&#39;:
/home/ec2-user/arduino-testlib/cli-datadir/user/libraries/TridentTD_Linenotify/examples/06.FixedIP_LineNotify/06.FixedIP_LineNotify.ino:25:3: error: &#39;WiFi&#39; was not declared in this scope
   WiFi.config(fixed_ip, gateway_ip, subnet, gateway_ip);
   ^~~~
/home/ec2-user/arduino-testlib/cli-datadir/user/libraries/TridentTD_Linenotify/examples/06.FixedIP_LineNotify/06.FixedIP_LineNotify.ino:25:15: error: &#39;fixed_ip&#39; was not declared in this scope
   WiFi.config(fixed_ip, gateway_ip, subnet, gateway_ip);
               ^~~~~~~~
/home/ec2-user/arduino-testlib/cli-datadir/user/libraries/TridentTD_Linenotify/examples/06.FixedIP_LineNotify/06.FixedIP_LineNotify.ino:25:25: error: &#39;gateway_ip&#39; was not declared in this scope
   WiFi.config(fixed_ip, gateway_ip, subnet, gateway_ip);
                         ^~~~~~~~~~
/home/ec2-user/arduino-testlib/cli-datadir/user/libraries/TridentTD_Linenotify/examples/06.FixedIP_LineNotify/06.FixedIP_LineNotify.ino:25:37: error: &#39;subnet&#39; was not declared in this scope
   WiFi.config(fixed_ip, gateway_ip, subnet, gateway_ip);
                                     ^~~~~~
/home/ec2-user/arduino-testlib/cli-datadir/user/libraries/TridentTD_Linenotify/examples/06.FixedIP_LineNotify/06.FixedIP_LineNotify.ino:25:37: note: suggested alternative: &#39;signed&#39;
   WiFi.config(fixed_ip, gateway_ip, subnet, gateway_ip);
                                     ^~~~~~
                                     signed
/home/ec2-user/arduino-testlib/cli-datadir/user/libraries/TridentTD_Linenotify/examples/06.FixedIP_LineNotify/06.FixedIP_LineNotify.ino:27:10: error: &#39;class HardwareSerial&#39; has no member named &#39;printf&#39;; did you mean &#39;print&#39;?
   Serial.printf(&#34;WiFi connecting to %s\n&#34;,  SSID);
          ^~~~~~
          print
/home/ec2-user/arduino-testlib/cli-datadir/user/libraries/TridentTD_Linenotify/examples/06.FixedIP_LineNotify/06.FixedIP_LineNotify.ino:28:26: error: &#39;WL_CONNECTED&#39; was not declared in this scope
   while(WiFi.status() != WL_CONNECTED) { Serial.print(&#34;.&#34;); delay(400); }
                          ^~~~~~~~~~~~
/home/ec2-user/arduino-testlib/cli-datadir/user/libraries/TridentTD_Linenotify/examples/06.FixedIP_LineNotify/06.FixedIP_LineNotify.ino:29:10: error: &#39;class HardwareSerial&#39; has no member named &#39;printf&#39;; did you mean &#39;print&#39;?
   Serial.printf(&#34;\nWiFi connected\nIP : &#34;);
          ^~~~~~
          print

</pre>
					
				
				<h3 id="arduino:mbed_nano:nanorp2040connect">arduino:mbed_nano:nanorp2040connect @ 2.7.2</h3>
				<h4>Inclusion</h4>
				<p>
					Result: <b>FAIL</b>
					
				</p>
				<pre class="pre-scrollable">WARNING: library TridentTD_Linenotify claims to run on esp8266, esp32 architecture(s) and may be incompatible with your current board which runs on mbed_nano architecture(s).
In file included from /home/ec2-user/arduino-testlib/cli-datadir/user/libraries/TridentTD_Linenotify/src/TridentTD_LineNotify.cpp:39:0:
/home/ec2-user/arduino-testlib/cli-datadir/user/libraries/TridentTD_Linenotify/src/TridentTD_LineNotify.h:94:43: error: &#39;fs&#39; has not been declared
     bool    notifyPicture(String message, fs::FS &amp;fs, String path);
                                           ^~
/home/ec2-user/arduino-testlib/cli-datadir/user/libraries/TridentTD_Linenotify/src/TridentTD_LineNotify.h:94:50: error: expected &#39;,&#39; or &#39;...&#39; before &#39;&amp;&#39; token
     bool    notifyPicture(String message, fs::FS &amp;fs, String path);
                                                  ^
/home/ec2-user/arduino-testlib/cli-datadir/user/libraries/TridentTD_Linenotify/src/TridentTD_LineNotify.h:95:27: error: &#39;fs&#39; has not been declared
     bool    notifyPicture(fs::FS &amp;fs, String path);
                           ^~
/home/ec2-user/arduino-testlib/cli-datadir/user/libraries/TridentTD_Linenotify/src/TridentTD_LineNotify.h:95:34: error: expected &#39;,&#39; or &#39;...&#39; before &#39;&amp;&#39; token
     bool    notifyPicture(fs::FS &amp;fs, String path);
                                  ^
/home/ec2-user/arduino-testlib/cli-datadir/user/libraries/TridentTD_Linenotify/src/TridentTD_LineNotify.h:105:105: error: &#39;fs&#39; has not been declared
     bool        _notify(String message, int StickerPackageID=0, int StickerID=0, String picture_url=&#34;&#34;, fs::FS &amp;fs=SPIFFS , String path=&#34;&#34;, uint8_t* image_data=NULL, size_t image_size=0);
                                                                                                         ^~
/home/ec2-user/arduino-testlib/cli-datadir/user/libraries/TridentTD_Linenotify/src/TridentTD_LineNotify.h:105:112: error: expected &#39;,&#39; or &#39;...&#39; before &#39;&amp;&#39; token
     bool        _notify(String message, int StickerPackageID=0, int StickerID=0, String picture_url=&#34;&#34;, fs::FS &amp;fs=SPIFFS , String path=&#34;&#34;, uint8_t* image_data=NULL, size_t image_size=0);
                                                                                                                ^
/home/ec2-user/arduino-testlib/cli-datadir/user/libraries/TridentTD_Linenotify/src/TridentTD_LineNotify.h:105:17: error: default argument missing for parameter 5 of &#39;bool TridentTD_LineNotify::_notify(arduino::String, int, int, arduino::String, int)&#39;
     bool        _notify(String message, int StickerPackageID=0, int StickerID=0, String picture_url=&#34;&#34;, fs::FS &amp;fs=SPIFFS , String path=&#34;&#34;, uint8_t* image_data=NULL, size_t image_size=0);
                 ^~~~~~~
/home/ec2-user/arduino-testlib/cli-datadir/user/libraries/TridentTD_Linenotify/src/TridentTD_LineNotify.cpp:92:58: error: &#39;fs&#39; has not been declared
 bool TridentTD_LineNotify::notifyPicture(String message, fs::FS &amp;fs, String path){
                                                          ^~
/home/ec2-user/arduino-testlib/cli-datadir/user/libraries/TridentTD_Linenotify/src/TridentTD_LineNotify.cpp:92:65: error: expected &#39;,&#39; or &#39;...&#39; before &#39;&amp;&#39; token
 bool TridentTD_LineNotify::notifyPicture(String message, fs::FS &amp;fs, String path){
                                                                 ^
/home/ec2-user/arduino-testlib/cli-datadir/user/libraries/TridentTD_Linenotify/src/TridentTD_LineNotify.cpp: In member function &#39;bool TridentTD_LineNotify::notifyPicture(arduino::String, int)&#39;:
/home/ec2-user/arduino-testlib/cli-datadir/user/libraries/TridentTD_Linenotify/src/TridentTD_LineNotify.cpp:93:36: error: &#39;fs&#39; was not declared in this scope
   return _notify(message, 0,0, &#34;&#34;, fs, path);
                                    ^~
/home/ec2-user/arduino-testlib/cli-datadir/user/libraries/TridentTD_Linenotify/src/TridentTD_LineNotify.cpp:93:36: note: suggested alternative: &#39;fls&#39;
   return _notify(message, 0,0, &#34;&#34;, fs, path);
                                    ^~
                                    fls
/home/ec2-user/arduino-testlib/cli-datadir/user/libraries/TridentTD_Linenotify/src/TridentTD_LineNotify.cpp:93:40: error: &#39;path&#39; was not declared in this scope
   return _notify(message, 0,0, &#34;&#34;, fs, path);
                                        ^~~~
/home/ec2-user/arduino-testlib/cli-datadir/user/libraries/TridentTD_Linenotify/src/TridentTD_LineNotify.cpp:93:40: note: suggested alternative: &#39;putw&#39;
   return _notify(message, 0,0, &#34;&#34;, fs, path);
                                        ^~~~
                                        putw
/home/ec2-user/arduino-testlib/cli-datadir/user/libraries/TridentTD_Linenotify/src/TridentTD_LineNotify.cpp: At global scope:
/home/ec2-user/arduino-testlib/cli-datadir/user/libraries/TridentTD_Linenotify/src/TridentTD_LineNotify.cpp:96:42: error: &#39;bool TridentTD_LineNotify::notifyPicture&#39; is not a static data member of &#39;class TridentTD_LineNotify&#39;
 bool TridentTD_LineNotify::notifyPicture(fs::FS &amp;fs, String path){
                                          ^~
/home/ec2-user/arduino-testlib/cli-datadir/user/libraries/TridentTD_Linenotify/src/TridentTD_LineNotify.cpp:96:42: error: &#39;fs&#39; has not been declared
/home/ec2-user/arduino-testlib/cli-datadir/user/libraries/TridentTD_Linenotify/src/TridentTD_LineNotify.cpp:96:50: error: &#39;fs&#39; was not declared in this scope
 bool TridentTD_LineNotify::notifyPicture(fs::FS &amp;fs, String path){
                                                  ^~
/home/ec2-user/arduino-testlib/cli-datadir/user/libraries/TridentTD_Linenotify/src/TridentTD_LineNotify.cpp:96:50: note: suggested alternative: &#39;fls&#39;
 bool TridentTD_LineNotify::notifyPicture(fs::FS &amp;fs, String path){
                                                  ^~
                                                  fls
/home/ec2-user/arduino-testlib/cli-datadir/user/libraries/TridentTD_Linenotify/src/TridentTD_LineNotify.cpp:96:61: error: expected primary-expression before &#39;path&#39;
 bool TridentTD_LineNotify::notifyPicture(fs::FS &amp;fs, String path){
                                                             ^~~~
/home/ec2-user/arduino-testlib/cli-datadir/user/libraries/TridentTD_Linenotify/src/TridentTD_LineNotify.cpp:96:65: error: expression list treated as compound expression in initializer [-fpermissive]
 bool TridentTD_LineNotify::notifyPicture(fs::FS &amp;fs, String path){
                                                                 ^
/home/ec2-user/arduino-testlib/cli-datadir/user/libraries/TridentTD_Linenotify/src/TridentTD_LineNotify.cpp: In member function &#39;bool TridentTD_LineNotify::notifyPicture(arduino::String, uint8_t*, size_t)&#39;:
/home/ec2-user/arduino-testlib/cli-datadir/user/libraries/TridentTD_Linenotify/src/TridentTD_LineNotify.cpp:101:36: error: &#39;SPIFFS&#39; was not declared in this scope
   return _notify(message, 0,0, &#34;&#34;, SPIFFS, &#34;&#34;, image_data, image_size);
                                    ^~~~~~
/home/ec2-user/arduino-testlib/cli-datadir/user/libraries/TridentTD_Linenotify/src/TridentTD_LineNotify.cpp:101:36: note: suggested alternative: &#39;SPI_1&#39;
   return _notify(message, 0,0, &#34;&#34;, SPIFFS, &#34;&#34;, image_data, image_size);
                                    ^~~~~~
                                    SPI_1
/home/ec2-user/arduino-testlib/cli-datadir/user/libraries/TridentTD_Linenotify/src/TridentTD_LineNotify.cpp: In member function &#39;bool TridentTD_LineNotify::notifyPicture(uint8_t*, size_t)&#39;:
/home/ec2-user/arduino-testlib/cli-datadir/user/libraries/TridentTD_Linenotify/src/TridentTD_LineNotify.cpp:105:31: error: &#39;SPIFFS&#39; was not declared in this scope
   return _notify(&#34;&#34;, 0,0, &#34;&#34;, SPIFFS, &#34;&#34;, image_data, image_size);
                               ^~~~~~
/home/ec2-user/arduino-testlib/cli-datadir/user/libraries/TridentTD_Linenotify/src/TridentTD_LineNotify.cpp:105:31: note: suggested alternative: &#39;SPI_1&#39;
   return _notify(&#34;&#34;, 0,0, &#34;&#34;, SPIFFS, &#34;&#34;, image_data, image_size);
                               ^~~~~~
                               SPI_1
/home/ec2-user/arduino-testlib/cli-datadir/user/libraries/TridentTD_Linenotify/src/TridentTD_LineNotify.cpp: At global scope:
/home/ec2-user/arduino-testlib/cli-datadir/user/libraries/TridentTD_Linenotify/src/TridentTD_LineNotify.cpp:108:109: error: &#39;fs&#39; has not been declared
 bool TridentTD_LineNotify::_notify(String message, int StickerPackageID, int StickerID, String picture_url, fs::FS &amp;fs, String path, uint8_t* image_data, size_t image_sz){
                                                                                                             ^~
/home/ec2-user/arduino-testlib/cli-datadir/user/libraries/TridentTD_Linenotify/src/TridentTD_LineNotify.cpp:108:116: error: expected &#39;,&#39; or &#39;...&#39; before &#39;&amp;&#39; token
 bool TridentTD_LineNotify::_notify(String message, int StickerPackageID, int StickerID, String picture_url, fs::FS &amp;fs, String path, uint8_t* image_data, size_t image_sz){
                                                                                                                    ^
/home/ec2-user/arduino-testlib/cli-datadir/user/libraries/TridentTD_Linenotify/src/TridentTD_LineNotify.cpp: In member function &#39;bool TridentTD_LineNotify::_notify(arduino::String, int, int, arduino::String, int)&#39;:
/home/ec2-user/arduino-testlib/cli-datadir/user/libraries/TridentTD_Linenotify/src/TridentTD_LineNotify.cpp:109:6: error: &#39;WiFi&#39; was not declared in this scope
   if(WiFi.status() != WL_CONNECTED) return false;
      ^~~~
/home/ec2-user/arduino-testlib/cli-datadir/user/libraries/TridentTD_Linenotify/src/TridentTD_LineNotify.cpp:109:23: error: &#39;WL_CONNECTED&#39; was not declared in this scope
   if(WiFi.status() != WL_CONNECTED) return false;
                       ^~~~~~~~~~~~
/home/ec2-user/arduino-testlib/cli-datadir/user/libraries/TridentTD_Linenotify/src/TridentTD_LineNotify.cpp:126:8: error: &#39;_clientSecure&#39; was not declared in this scope
   if (!_clientSecure.connect(&#34;notify-api.line.me&#34;, 443)) {
        ^~~~~~~~~~~~~
/home/ec2-user/arduino-testlib/cli-datadir/user/libraries/TridentTD_Linen</pre>

					
					<h4>examples/01.LineNotify</h4>
					<p>
						Result: <b>FAIL</b>
					</p>
					<pre class="pre-scrollable">WARNING: library TridentTD_Linenotify claims to run on esp8266, esp32 architecture(s) and may be incompatible with your current board which runs on mbed_nano architecture(s).
In file included from /home/ec2-user/arduino-testlib/cli-datadir/user/libraries/TridentTD_Linenotify/examples/01.LineNotify/01.LineNotify.ino:9:0:
/home/ec2-user/arduino-testlib/cli-datadir/user/libraries/TridentTD_Linenotify/src/TridentTD_LineNotify.h:94:43: error: &#39;fs&#39; has not been declared
     bool    notifyPicture(String message, fs::FS &amp;fs, String path);
                                           ^~
/home/ec2-user/arduino-testlib/cli-datadir/user/libraries/TridentTD_Linenotify/src/TridentTD_LineNotify.h:94:50: error: expected &#39;,&#39; or &#39;...&#39; before &#39;&amp;&#39; token
     bool    notifyPicture(String message, fs::FS &amp;fs, String path);
                                                  ^
/home/ec2-user/arduino-testlib/cli-datadir/user/libraries/TridentTD_Linenotify/src/TridentTD_LineNotify.h:95:27: error: &#39;fs&#39; has not been declared
     bool    notifyPicture(fs::FS &amp;fs, String path);
                           ^~
/home/ec2-user/arduino-testlib/cli-datadir/user/libraries/TridentTD_Linenotify/src/TridentTD_LineNotify.h:95:34: error: expected &#39;,&#39; or &#39;...&#39; before &#39;&amp;&#39; token
     bool    notifyPicture(fs::FS &amp;fs, String path);
                                  ^
/home/ec2-user/arduino-testlib/cli-datadir/user/libraries/TridentTD_Linenotify/src/TridentTD_LineNotify.h:105:105: error: &#39;fs&#39; has not been declared
     bool        _notify(String message, int StickerPackageID=0, int StickerID=0, String picture_url=&#34;&#34;, fs::FS &amp;fs=SPIFFS , String path=&#34;&#34;, uint8_t* image_data=NULL, size_t image_size=0);
                                                                                                         ^~
/home/ec2-user/arduino-testlib/cli-datadir/user/libraries/TridentTD_Linenotify/src/TridentTD_LineNotify.h:105:112: error: expected &#39;,&#39; or &#39;...&#39; before &#39;&amp;&#39; token
     bool        _notify(String message, int StickerPackageID=0, int StickerID=0, String picture_url=&#34;&#34;, fs::FS &amp;fs=SPIFFS , String path=&#34;&#34;, uint8_t* image_data=NULL, size_t image_size=0);
                                                                                                                ^
/home/ec2-user/arduino-testlib/cli-datadir/user/libraries/TridentTD_Linenotify/src/TridentTD_LineNotify.h:105:17: error: default argument missing for parameter 5 of &#39;bool TridentTD_LineNotify::_notify(arduino::String, int, int, arduino::String, int)&#39;
     bool        _notify(String message, int StickerPackageID=0, int StickerID=0, String picture_url=&#34;&#34;, fs::FS &amp;fs=SPIFFS , String path=&#34;&#34;, uint8_t* image_data=NULL, size_t image_size=0);
                 ^~~~~~~
/home/ec2-user/arduino-testlib/cli-datadir/user/libraries/TridentTD_Linenotify/examples/01.LineNotify/01.LineNotify.ino: In function &#39;void setup()&#39;:
/home/ec2-user/arduino-testlib/cli-datadir/user/libraries/TridentTD_Linenotify/examples/01.LineNotify/01.LineNotify.ino:19:3: error: &#39;WiFi&#39; was not declared in this scope
   WiFi.begin(SSID, PASSWORD);
   ^~~~
/home/ec2-user/arduino-testlib/cli-datadir/user/libraries/TridentTD_Linenotify/examples/01.LineNotify/01.LineNotify.ino:20:10: error: &#39;class arduino::UART&#39; has no member named &#39;printf&#39;; did you mean &#39;print&#39;?
   Serial.printf(&#34;WiFi connecting to %s\n&#34;,  SSID);
          ^~~~~~
          print
/home/ec2-user/arduino-testlib/cli-datadir/user/libraries/TridentTD_Linenotify/examples/01.LineNotify/01.LineNotify.ino:21:26: error: &#39;WL_CONNECTED&#39; was not declared in this scope
   while(WiFi.status() != WL_CONNECTED) { Serial.print(&#34;.&#34;); delay(400); }
                          ^~~~~~~~~~~~
/home/ec2-user/arduino-testlib/cli-datadir/user/libraries/TridentTD_Linenotify/examples/01.LineNotify/01.LineNotify.ino:22:10: error: &#39;class arduino::UART&#39; has no member named &#39;printf&#39;; did you mean &#39;print&#39;?
   Serial.printf(&#34;\nWiFi connected\nIP : &#34;);
          ^~~~~~
          print

</pre>
					
					<h4>examples/02.MultipleTokens</h4>
					<p>
						Result: <b>FAIL</b>
					</p>
					<pre class="pre-scrollable">WARNING: library TridentTD_Linenotify claims to run on esp8266, esp32 architecture(s) and may be incompatible with your current board which runs on mbed_nano architecture(s).
In file included from /home/ec2-user/arduino-testlib/cli-datadir/user/libraries/TridentTD_Linenotify/examples/02.MultipleTokens/02.MultipleTokens.ino:1:0:
/home/ec2-user/arduino-testlib/cli-datadir/user/libraries/TridentTD_Linenotify/src/TridentTD_LineNotify.h:94:43: error: &#39;fs&#39; has not been declared
     bool    notifyPicture(String message, fs::FS &amp;fs, String path);
                                           ^~
/home/ec2-user/arduino-testlib/cli-datadir/user/libraries/TridentTD_Linenotify/src/TridentTD_LineNotify.h:94:50: error: expected &#39;,&#39; or &#39;...&#39; before &#39;&amp;&#39; token
     bool    notifyPicture(String message, fs::FS &amp;fs, String path);
                                                  ^
/home/ec2-user/arduino-testlib/cli-datadir/user/libraries/TridentTD_Linenotify/src/TridentTD_LineNotify.h:95:27: error: &#39;fs&#39; has not been declared
     bool    notifyPicture(fs::FS &amp;fs, String path);
                           ^~
/home/ec2-user/arduino-testlib/cli-datadir/user/libraries/TridentTD_Linenotify/src/TridentTD_LineNotify.h:95:34: error: expected &#39;,&#39; or &#39;...&#39; before &#39;&amp;&#39; token
     bool    notifyPicture(fs::FS &amp;fs, String path);
                                  ^
/home/ec2-user/arduino-testlib/cli-datadir/user/libraries/TridentTD_Linenotify/src/TridentTD_LineNotify.h:105:105: error: &#39;fs&#39; has not been declared
     bool        _notify(String message, int StickerPackageID=0, int StickerID=0, String picture_url=&#34;&#34;, fs::FS &amp;fs=SPIFFS , String path=&#34;&#34;, uint8_t* image_data=NULL, size_t image_size=0);
                                                                                                         ^~
/home/ec2-user/arduino-testlib/cli-datadir/user/libraries/TridentTD_Linenotify/src/TridentTD_LineNotify.h:105:112: error: expected &#39;,&#39; or &#39;...&#39; before &#39;&amp;&#39; token
     bool        _notify(String message, int StickerPackageID=0, int StickerID=0, String picture_url=&#34;&#34;, fs::FS &amp;fs=SPIFFS , String path=&#34;&#34;, uint8_t* image_data=NULL, size_t image_size=0);
                                                                                                                ^
/home/ec2-user/arduino-testlib/cli-datadir/user/libraries/TridentTD_Linenotify/src/TridentTD_LineNotify.h:105:17: error: default argument missing for parameter 5 of &#39;bool TridentTD_LineNotify::_notify(arduino::String, int, int, arduino::String, int)&#39;
     bool        _notify(String message, int StickerPackageID=0, int StickerID=0, String picture_url=&#34;&#34;, fs::FS &amp;fs=SPIFFS , String path=&#34;&#34;, uint8_t* image_data=NULL, size_t image_size=0);
                 ^~~~~~~
/home/ec2-user/arduino-testlib/cli-datadir/user/libraries/TridentTD_Linenotify/examples/02.MultipleTokens/02.MultipleTokens.ino: In function &#39;void setup()&#39;:
/home/ec2-user/arduino-testlib/cli-datadir/user/libraries/TridentTD_Linenotify/examples/02.MultipleTokens/02.MultipleTokens.ino:12:3: error: &#39;WiFi&#39; was not declared in this scope
   WiFi.begin( SSID, PASSWORD );
   ^~~~

</pre>
					
					<h4>examples/03.SPIFFS_ImageFile_notify</h4>
					<p>
						Result: <b>FAIL</b>
					</p>
					<pre class="pre-scrollable">WARNING: library TridentTD_Linenotify claims to run on esp8266, esp32 architecture(s) and may be incompatible with your current board which runs on mbed_nano architecture(s).
In file included from /home/ec2-user/arduino-testlib/cli-datadir/user/libraries/TridentTD_Linenotify/examples/03.SPIFFS_ImageFile_notify/03.SPIFFS_ImageFile_notify.ino:6:0:
/home/ec2-user/arduino-testlib/cli-datadir/user/libraries/TridentTD_Linenotify/src/TridentTD_LineNotify.h:94:43: error: &#39;fs&#39; has not been declared
     bool    notifyPicture(String message, fs::FS &amp;fs, String path);
                                           ^~
/home/ec2-user/arduino-testlib/cli-datadir/user/libraries/TridentTD_Linenotify/src/TridentTD_LineNotify.h:94:50: error: expected &#39;,&#39; or &#39;...&#39; before &#39;&amp;&#39; token
     bool    notifyPicture(String message, fs::FS &amp;fs, String path);
                                                  ^
/home/ec2-user/arduino-testlib/cli-datadir/user/libraries/TridentTD_Linenotify/src/TridentTD_LineNotify.h:95:27: error: &#39;fs&#39; has not been declared
     bool    notifyPicture(fs::FS &amp;fs, String path);
                           ^~
/home/ec2-user/arduino-testlib/cli-datadir/user/libraries/TridentTD_Linenotify/src/TridentTD_LineNotify.h:95:34: error: expected &#39;,&#39; or &#39;...&#39; before &#39;&amp;&#39; token
     bool    notifyPicture(fs::FS &amp;fs, String path);
                                  ^
/home/ec2-user/arduino-testlib/cli-datadir/user/libraries/TridentTD_Linenotify/src/TridentTD_LineNotify.h:105:105: error: &#39;fs&#39; has not been declared
     bool        _notify(String message, int StickerPackageID=0, int StickerID=0, String picture_url=&#34;&#34;, fs::FS &amp;fs=SPIFFS , String path=&#34;&#34;, uint8_t* image_data=NULL, size_t image_size=0);
                                                                                                         ^~
/home/ec2-user/arduino-testlib/cli-datadir/user/libraries/TridentTD_Linenotify/src/TridentTD_LineNotify.h:105:112: error: expected &#39;,&#39; or &#39;...&#39; before &#39;&amp;&#39; token
     bool        _notify(String message, int StickerPackageID=0, int StickerID=0, String picture_url=&#34;&#34;, fs::FS &amp;fs=SPIFFS , String path=&#34;&#34;, uint8_t* image_data=NULL, size_t image_size=0);
                                                                                                                ^
/home/ec2-user/arduino-testlib/cli-datadir/user/libraries/TridentTD_Linenotify/src/TridentTD_LineNotify.h:105:17: error: default argument missing for parameter 5 of &#39;bool TridentTD_LineNotify::_notify(arduino::String, int, int, arduino::String, int)&#39;
     bool        _notify(String message, int StickerPackageID=0, int StickerID=0, String picture_url=&#34;&#34;, fs::FS &amp;fs=SPIFFS , String path=&#34;&#34;, uint8_t* image_data=NULL, size_t image_size=0);
                 ^~~~~~~
/home/ec2-user/arduino-testlib/cli-datadir/user/libraries/TridentTD_Linenotify/examples/03.SPIFFS_ImageFile_notify/03.SPIFFS_ImageFile_notify.ino: In function &#39;void setup()&#39;:
/home/ec2-user/arduino-testlib/cli-datadir/user/libraries/TridentTD_Linenotify/examples/03.SPIFFS_ImageFile_notify/03.SPIFFS_ImageFile_notify.ino:16:7: error: &#39;SPIFFS&#39; was not declared in this scope
   if(!SPIFFS.begin()){
       ^~~~~~
/home/ec2-user/arduino-testlib/cli-datadir/user/libraries/TridentTD_Linenotify/examples/03.SPIFFS_ImageFile_notify/03.SPIFFS_ImageFile_notify.ino:16:7: note: suggested alternative: &#39;SPI_1&#39;
   if(!SPIFFS.begin()){
       ^~~~~~
       SPI_1
/home/ec2-user/arduino-testlib/cli-datadir/user/libraries/TridentTD_Linenotify/examples/03.SPIFFS_ImageFile_notify/03.SPIFFS_ImageFile_notify.ino:21:3: error: &#39;WiFi&#39; was not declared in this scope
   WiFi.begin(SSID, PASSWORD);
   ^~~~
/home/ec2-user/arduino-testlib/cli-datadir/user/libraries/TridentTD_Linenotify/examples/03.SPIFFS_ImageFile_notify/03.SPIFFS_ImageFile_notify.ino:22:10: error: &#39;class arduino::UART&#39; has no member named &#39;printf&#39;; did you mean &#39;print&#39;?
   Serial.printf(&#34;WiFi connecting to %s\n&#34;,  SSID);
          ^~~~~~
          print
/home/ec2-user/arduino-testlib/cli-datadir/user/libraries/TridentTD_Linenotify/examples/03.SPIFFS_ImageFile_notify/03.SPIFFS_ImageFile_notify.ino:23:26: error: &#39;WL_CONNECTED&#39; was not declared in this scope
   while(WiFi.status() != WL_CONNECTED) { Serial.print(&#34;.&#34;); delay(400); }
                          ^~~~~~~~~~~~
/home/ec2-user/arduino-testlib/cli-datadir/user/libraries/TridentTD_Linenotify/examples/03.SPIFFS_ImageFile_notify/03.SPIFFS_ImageFile_notify.ino:24:10: error: &#39;class arduino::UART&#39; has no member named &#39;printf&#39;; did you mean &#39;print&#39;?
   Serial.printf(&#34;\nWiFi connected\nIP : &#34;);
          ^~~~~~
          print
/home/ec2-user/arduino-testlib/cli-datadir/user/libraries/TridentTD_Linenotify/examples/03.SPIFFS_ImageFile_notify/03.SPIFFS_ImageFile_notify.ino:30:40: error: &#39;SPIFFS&#39; was not declared in this scope
   LINE.notifyPicture(&#34;Hello My Tiger&#34;, SPIFFS, &#34;/tiger.jpg&#34;);  // ใช้ได้ทั้ง ESP8266 และ ESP32
                                        ^~~~~~
/home/ec2-user/arduino-testlib/cli-datadir/user/libraries/TridentTD_Linenotify/examples/03.SPIFFS_ImageFile_notify/03.SPIFFS_ImageFile_notify.ino:30:40: note: suggested alternative: &#39;SPI_1&#39;
   LINE.notifyPicture(&#34;Hello My Tiger&#34;, SPIFFS, &#34;/tiger.jpg&#34;);  // ใช้ได้ทั้ง ESP8266 และ ESP32
                                        ^~~~~~
                                        SPI_1

</pre>
					
					<h4>examples/04.SD_ImageFile_notify</h4>
					<p>
						Result: <b>FAIL</b>
					</p>
					<pre class="pre-scrollable">WARNING: library TridentTD_Linenotify claims to run on esp8266, esp32 architecture(s) and may be incompatible with your current board which runs on mbed_nano architecture(s).
In file included from /home/ec2-user/arduino-testlib/cli-datadir/user/libraries/TridentTD_Linenotify/examples/04.SD_ImageFile_notify/04.SD_ImageFile_notify.ino:17:0:
/home/ec2-user/arduino-testlib/cli-datadir/user/libraries/TridentTD_Linenotify/src/TridentTD_LineNotify.h:94:43: error: &#39;fs&#39; has not been declared
     bool    notifyPicture(String message, fs::FS &amp;fs, String path);
                                           ^~
/home/ec2-user/arduino-testlib/cli-datadir/user/libraries/TridentTD_Linenotify/src/TridentTD_LineNotify.h:94:50: error: expected &#39;,&#39; or &#39;...&#39; before &#39;&amp;&#39; token
     bool    notifyPicture(String message, fs::FS &amp;fs, String path);
                                                  ^
/home/ec2-user/arduino-testlib/cli-datadir/user/libraries/TridentTD_Linenotify/src/TridentTD_LineNotify.h:95:27: error: &#39;fs&#39; has not been declared
     bool    notifyPicture(fs::FS &amp;fs, String path);
                           ^~
/home/ec2-user/arduino-testlib/cli-datadir/user/libraries/TridentTD_Linenotify/src/TridentTD_LineNotify.h:95:34: error: expected &#39;,&#39; or &#39;...&#39; before &#39;&amp;&#39; token
     bool    notifyPicture(fs::FS &amp;fs, String path);
                                  ^
/home/ec2-user/arduino-testlib/cli-datadir/user/libraries/TridentTD_Linenotify/src/TridentTD_LineNotify.h:105:105: error: &#39;fs&#39; has not been declared
     bool        _notify(String message, int StickerPackageID=0, int StickerID=0, String picture_url=&#34;&#34;, fs::FS &amp;fs=SPIFFS , String path=&#34;&#34;, uint8_t* image_data=NULL, size_t image_size=0);
                                                                                                         ^~
/home/ec2-user/arduino-testlib/cli-datadir/user/libraries/TridentTD_Linenotify/src/TridentTD_LineNotify.h:105:112: error: expected &#39;,&#39; or &#39;...&#39; before &#39;&amp;&#39; token
     bool        _notify(String message, int StickerPackageID=0, int StickerID=0, String picture_url=&#34;&#34;, fs::FS &amp;fs=SPIFFS , String path=&#34;&#34;, uint8_t* image_data=NULL, size_t image_size=0);
                                                                                                                ^
/home/ec2-user/arduino-testlib/cli-datadir/user/libraries/TridentTD_Linenotify/src/TridentTD_LineNotify.h:105:17: error: default argument missing for parameter 5 of &#39;bool TridentTD_LineNotify::_notify(arduino::String, int, int, arduino::String, int)&#39;
     bool        _notify(String message, int StickerPackageID=0, int StickerID=0, String picture_url=&#34;&#34;, fs::FS &amp;fs=SPIFFS , String path=&#34;&#34;, uint8_t* image_data=NULL, size_t image_size=0);
                 ^~~~~~~
/home/ec2-user/arduino-testlib/cli-datadir/user/libraries/TridentTD_Linenotify/examples/04.SD_ImageFile_notify/04.SD_ImageFile_notify.ino: In function &#39;void setup()&#39;:
/home/ec2-user/arduino-testlib/cli-datadir/user/libraries/TridentTD_Linenotify/examples/04.SD_ImageFile_notify/04.SD_ImageFile_notify.ino:33:3: error: &#39;WiFi&#39; was not declared in this scope
   WiFi.begin(SSID, PASSWORD);
   ^~~~
/home/ec2-user/arduino-testlib/cli-datadir/user/libraries/TridentTD_Linenotify/examples/04.SD_ImageFile_notify/04.SD_ImageFile_notify.ino:34:10: error: &#39;class arduino::UART&#39; has no member named &#39;printf&#39;; did you mean &#39;print&#39;?
   Serial.printf(&#34;WiFi connecting to %s\n&#34;,  SSID);
          ^~~~~~
          print
/home/ec2-user/arduino-testlib/cli-datadir/user/libraries/TridentTD_Linenotify/examples/04.SD_ImageFile_notify/04.SD_ImageFile_notify.ino:35:26: error: &#39;WL_CONNECTED&#39; was not declared in this scope
   while(WiFi.status() != WL_CONNECTED) { Serial.print(&#34;.&#34;); delay(400); }
                          ^~~~~~~~~~~~
/home/ec2-user/arduino-testlib/cli-datadir/user/libraries/TridentTD_Linenotify/examples/04.SD_ImageFile_notify/04.SD_ImageFile_notify.ino:36:10: error: &#39;class arduino::UART&#39; has no member named &#39;printf&#39;; did you mean &#39;print&#39;?
   Serial.printf(&#34;\nWiFi connected\nIP : &#34;);
          ^~~~~~
          print
/home/ec2-user/arduino-testlib/cli-datadir/user/libraries/TridentTD_Linenotify/examples/04.SD_ImageFile_notify/04.SD_ImageFile_notify.ino:42:56: error: no matching function for call to &#39;TridentTD_LineNotify::notifyPicture(const char [15], SDLib::SDClass&amp;, const char [11])&#39;
   LINE.notifyPicture(&#34;Hello My Tiger&#34;, SD, &#34;/tiger.jpg&#34;);   // สำหรับ ESP32 เท่านั้น
                                                        ^
In file included from /home/ec2-user/arduino-testlib/cli-datadir/user/libraries/TridentTD_Linenotify/examples/04.SD_ImageFile_notify/04.SD_ImageFile_notify.ino:17:0:
/home/ec2-user/arduino-testlib/cli-datadir/user/libraries/TridentTD_Linenotify/src/TridentTD_LineNotify.h:90:13: note: candidate: bool TridentTD_LineNotify::notifyPicture(arduino::String, arduino::String)
     bool    notifyPicture(String message, String picture_url);
             ^~~~~~~~~~~~~
/home/ec2-user/arduino-testlib/cli-datadir/user/libraries/TridentTD_Linenotify/src/TridentTD_LineNotify.h:90:13: note:   candidate expects 2 arguments, 3 provided
/home/ec2-user/arduino-testlib/cli-datadir/user/libraries/TridentTD_Linenotify/src/TridentTD_LineNotify.h:91:13: note: candidate: bool TridentTD_LineNotify::notifyPicture(arduino::String)
     bool    notifyPicture(String picture_url);
             ^~~~~~~~~~~~~
/home/ec2-user/arduino-testlib/cli-datadir/user/libraries/TridentTD_Linenotify/src/TridentTD_LineNotify.h:91:13: note:   candidate expects 1 argument, 3 provided
In file included from /home/ec2-user/arduino-testlib/cli-datadir/user/libraries/TridentTD_Linenotify/examples/04.SD_ImageFile_notify/04.SD_ImageFile_notify.ino:17:0:
/home/ec2-user/arduino-testlib/cli-datadir/user/libraries/TridentTD_Linenotify/src/TridentTD_LineNotify.h:94:13: note: candidate: bool TridentTD_LineNotify::notifyPicture(arduino::String, int)
     bool    notifyPicture(String message, fs::FS &amp;fs, String path);
             ^~~~~~~~~~~~~
/home/ec2-user/arduino-testlib/cli-datadir/user/libraries/TridentTD_Linenotify/src/TridentTD_LineNotify.h:94:13: note:   candidate expects 2 arguments, 3 provided
/home/ec2-user/arduino-testlib/cli-datadir/user/libraries/TridentTD_Linenotify/src/TridentTD_LineNotify.h:95:13: note: candidate: bool TridentTD_LineNotify::notifyPicture(int)
     bool    notifyPicture(fs::FS &amp;fs, String path);
             ^~~~~~~~~~~~~
/home/ec2-user/arduino-testlib/cli-datadir/user/libraries/TridentTD_Linenotify/src/TridentTD_LineNotify.h:95:13: note:   candidate expects 1 argument, 3 provided
/home/ec2-user/arduino-testlib/cli-datadir/user/libraries/TridentTD_Linenotify/src/TridentTD_LineNotify.h:98:13: note: candidate: bool TridentTD_LineNotify::notifyPicture(arduino::String, uint8_t*, size_t)
     bool    notifyPicture(String message, uint8_t* image_data, size_t image_size);
             ^~~~~~~~~~~~~
/home/ec2-user/arduino-testlib/cli-datadir/user/libraries/TridentTD_Linenotify/src/TridentTD_LineNotify.h:98:13: note:   no known conversion for argument 2 from &#39;SDLib::SDClass&#39; to &#39;uint8_t* {aka unsigned char*}&#39;
/home/ec2-user/arduino-testlib/cli-datadir/user/libraries/TridentTD_Linenotify/src/TridentTD_LineNotify.h:99:13: note: candidate: bool TridentTD_LineNotify::notifyPicture(uint8_t*, size_t)
     bool    notifyPicture(uint8_t* image_data, size_t image_size);
             ^~~~~~~~~~~~~
/home/ec2-user/arduino-testlib/cli-datadir/user/libraries/TridentTD_Linenotify/src/TridentTD_LineNotify.h:99:13: note:   candidate expects 2 arguments, 3 provided

</pre>
					
					<h4>examples/05.CameraCapture_notify</h4>
					<p>
						Result: <b>FAIL</b>
					</p>
					<pre class="pre-scrollable">/home/ec2-user/arduino-testlib/cli-datadir/user/libraries/TridentTD_Linenotify/examples/05.CameraCapture_notify/05.CameraCapture_notify.ino:2:10: fatal error: OV2640.h: No such file or directory
 #include &lt;OV2640.h&gt;     // ติดตั้ง library กล้องให้เรียบร้อย https://github.com/LilyGO/ESP32-Camera
          ^~~~~~~~~~
compilation terminated.

</pre>
					
					<h4>examples/06.FixedIP_LineNotify</h4>
					<p>
						Result: <b>FAIL</b>
					</p>
					<pre class="pre-scrollable">WARNING: library TridentTD_Linenotify claims to run on esp8266, esp32 architecture(s) and may be incompatible with your current board which runs on mbed_nano architecture(s).
In file included from /home/ec2-user/arduino-testlib/cli-datadir/user/libraries/TridentTD_Linenotify/examples/06.FixedIP_LineNotify/06.FixedIP_LineNotify.ino:11:0:
/home/ec2-user/arduino-testlib/cli-datadir/user/libraries/TridentTD_Linenotify/src/TridentTD_LineNotify.h:94:43: error: &#39;fs&#39; has not been declared
     bool    notifyPicture(String message, fs::FS &amp;fs, String path);
                                           ^~
/home/ec2-user/arduino-testlib/cli-datadir/user/libraries/TridentTD_Linenotify/src/TridentTD_LineNotify.h:94:50: error: expected &#39;,&#39; or &#39;...&#39; before &#39;&amp;&#39; token
     bool    notifyPicture(String message, fs::FS &amp;fs, String path);
                                                  ^
/home/ec2-user/arduino-testlib/cli-datadir/user/libraries/TridentTD_Linenotify/src/TridentTD_LineNotify.h:95:27: error: &#39;fs&#39; has not been declared
     bool    notifyPicture(fs::FS &amp;fs, String path);
                           ^~
/home/ec2-user/arduino-testlib/cli-datadir/user/libraries/TridentTD_Linenotify/src/TridentTD_LineNotify.h:95:34: error: expected &#39;,&#39; or &#39;...&#39; before &#39;&amp;&#39; token
     bool    notifyPicture(fs::FS &amp;fs, String path);
                                  ^
/home/ec2-user/arduino-testlib/cli-datadir/user/libraries/TridentTD_Linenotify/src/TridentTD_LineNotify.h:105:105: error: &#39;fs&#39; has not been declared
     bool        _notify(String message, int StickerPackageID=0, int StickerID=0, String picture_url=&#34;&#34;, fs::FS &amp;fs=SPIFFS , String path=&#34;&#34;, uint8_t* image_data=NULL, size_t image_size=0);
                                                                                                         ^~
/home/ec2-user/arduino-testlib/cli-datadir/user/libraries/TridentTD_Linenotify/src/TridentTD_LineNotify.h:105:112: error: expected &#39;,&#39; or &#39;...&#39; before &#39;&amp;&#39; token
     bool        _notify(String message, int StickerPackageID=0, int StickerID=0, String picture_url=&#34;&#34;, fs::FS &amp;fs=SPIFFS , String path=&#34;&#34;, uint8_t* image_data=NULL, size_t image_size=0);
                                                                                                                ^
/home/ec2-user/arduino-testlib/cli-datadir/user/libraries/TridentTD_Linenotify/src/TridentTD_LineNotify.h:105:17: error: default argument missing for parameter 5 of &#39;bool TridentTD_LineNotify::_notify(arduino::String, int, int, arduino::String, int)&#39;
     bool        _notify(String message, int StickerPackageID=0, int StickerID=0, String picture_url=&#34;&#34;, fs::FS &amp;fs=SPIFFS , String path=&#34;&#34;, uint8_t* image_data=NULL, size_t image_size=0);
                 ^~~~~~~
/home/ec2-user/arduino-testlib/cli-datadir/user/libraries/TridentTD_Linenotify/examples/06.FixedIP_LineNotify/06.FixedIP_LineNotify.ino: In function &#39;void setup()&#39;:
/home/ec2-user/arduino-testlib/cli-datadir/user/libraries/TridentTD_Linenotify/examples/06.FixedIP_LineNotify/06.FixedIP_LineNotify.ino:25:3: error: &#39;WiFi&#39; was not declared in this scope
   WiFi.config(fixed_ip, gateway_ip, subnet, gateway_ip);
   ^~~~
/home/ec2-user/arduino-testlib/cli-datadir/user/libraries/TridentTD_Linenotify/examples/06.FixedIP_LineNotify/06.FixedIP_LineNotify.ino:27:10: error: &#39;class arduino::UART&#39; has no member named &#39;printf&#39;; did you mean &#39;print&#39;?
   Serial.printf(&#34;WiFi connecting to %s\n&#34;,  SSID);
          ^~~~~~
          print
/home/ec2-user/arduino-testlib/cli-datadir/user/libraries/TridentTD_Linenotify/examples/06.FixedIP_LineNotify/06.FixedIP_LineNotify.ino:28:26: error: &#39;WL_CONNECTED&#39; was not declared in this scope
   while(WiFi.status() != WL_CONNECTED) { Serial.print(&#34;.&#34;); delay(400); }
                          ^~~~~~~~~~~~
/home/ec2-user/arduino-testlib/cli-datadir/user/libraries/TridentTD_Linenotify/examples/06.FixedIP_LineNotify/06.FixedIP_LineNotify.ino:29:10: error: &#39;class arduino::UART&#39; has no member named &#39;printf&#39;; did you mean &#39;print&#39;?
   Serial.printf(&#34;\nWiFi connected\nIP : &#34;);
          ^~~~~~
          print

</pre>
					
				
				<h3 id="arduino:megaavr:nona4809">arduino:megaavr:nona4809 @ 1.8.7</h3>
				<h4>Inclusion</h4>
				<p>
					Result: <b>FAIL</b>
					
				</p>
				<pre class="pre-scrollable">WARNING: library TridentTD_Linenotify claims to run on esp8266, esp32 architecture(s) and may be incompatible with your current board which runs on megaavr architecture(s).
In file included from /home/ec2-user/arduino-testlib/cli-datadir/user/libraries/TridentTD_Linenotify/src/TridentTD_LineNotify.cpp:39:0:
/home/ec2-user/arduino-testlib/cli-datadir/user/libraries/TridentTD_Linenotify/src/TridentTD_LineNotify.h:94:43: error: &#39;fs&#39; has not been declared
     bool    notifyPicture(String message, fs::FS &amp;fs, String path);
                                           ^~
/home/ec2-user/arduino-testlib/cli-datadir/user/libraries/TridentTD_Linenotify/src/TridentTD_LineNotify.h:94:50: error: expected &#39;,&#39; or &#39;...&#39; before &#39;&amp;&#39; token
     bool    notifyPicture(String message, fs::FS &amp;fs, String path);
                                                  ^
/home/ec2-user/arduino-testlib/cli-datadir/user/libraries/TridentTD_Linenotify/src/TridentTD_LineNotify.h:95:27: error: &#39;fs&#39; has not been declared
     bool    notifyPicture(fs::FS &amp;fs, String path);
                           ^~
/home/ec2-user/arduino-testlib/cli-datadir/user/libraries/TridentTD_Linenotify/src/TridentTD_LineNotify.h:95:34: error: expected &#39;,&#39; or &#39;...&#39; before &#39;&amp;&#39; token
     bool    notifyPicture(fs::FS &amp;fs, String path);
                                  ^
/home/ec2-user/arduino-testlib/cli-datadir/user/libraries/TridentTD_Linenotify/src/TridentTD_LineNotify.h:105:105: error: &#39;fs&#39; has not been declared
     bool        _notify(String message, int StickerPackageID=0, int StickerID=0, String picture_url=&#34;&#34;, fs::FS &amp;fs=SPIFFS , String path=&#34;&#34;, uint8_t* image_data=NULL, size_t image_size=0);
                                                                                                         ^~
/home/ec2-user/arduino-testlib/cli-datadir/user/libraries/TridentTD_Linenotify/src/TridentTD_LineNotify.h:105:112: error: expected &#39;,&#39; or &#39;...&#39; before &#39;&amp;&#39; token
     bool        _notify(String message, int StickerPackageID=0, int StickerID=0, String picture_url=&#34;&#34;, fs::FS &amp;fs=SPIFFS , String path=&#34;&#34;, uint8_t* image_data=NULL, size_t image_size=0);
                                                                                                                ^
/home/ec2-user/arduino-testlib/cli-datadir/user/libraries/TridentTD_Linenotify/src/TridentTD_LineNotify.h:105:17: error: default argument missing for parameter 5 of &#39;bool TridentTD_LineNotify::_notify(arduino::String, int, int, arduino::String, int)&#39;
     bool        _notify(String message, int StickerPackageID=0, int StickerID=0, String picture_url=&#34;&#34;, fs::FS &amp;fs=SPIFFS , String path=&#34;&#34;, uint8_t* image_data=NULL, size_t image_size=0);
                 ^~~~~~~
/home/ec2-user/arduino-testlib/cli-datadir/user/libraries/TridentTD_Linenotify/src/TridentTD_LineNotify.cpp:92:58: error: &#39;fs&#39; has not been declared
 bool TridentTD_LineNotify::notifyPicture(String message, fs::FS &amp;fs, String path){
                                                          ^~
/home/ec2-user/arduino-testlib/cli-datadir/user/libraries/TridentTD_Linenotify/src/TridentTD_LineNotify.cpp:92:65: error: expected &#39;,&#39; or &#39;...&#39; before &#39;&amp;&#39; token
 bool TridentTD_LineNotify::notifyPicture(String message, fs::FS &amp;fs, String path){
                                                                 ^
/home/ec2-user/arduino-testlib/cli-datadir/user/libraries/TridentTD_Linenotify/src/TridentTD_LineNotify.cpp: In member function &#39;bool TridentTD_LineNotify::notifyPicture(arduino::String, int)&#39;:
/home/ec2-user/arduino-testlib/cli-datadir/user/libraries/TridentTD_Linenotify/src/TridentTD_LineNotify.cpp:93:36: error: &#39;fs&#39; was not declared in this scope
   return _notify(message, 0,0, &#34;&#34;, fs, path);
                                    ^~
/home/ec2-user/arduino-testlib/cli-datadir/user/libraries/TridentTD_Linenotify/src/TridentTD_LineNotify.cpp:93:36: note: suggested alternative: &#39;ffs&#39;
   return _notify(message, 0,0, &#34;&#34;, fs, path);
                                    ^~
                                    ffs
/home/ec2-user/arduino-testlib/cli-datadir/user/libraries/TridentTD_Linenotify/src/TridentTD_LineNotify.cpp:93:40: error: &#39;path&#39; was not declared in this scope
   return _notify(message, 0,0, &#34;&#34;, fs, path);
                                        ^~~~
/home/ec2-user/arduino-testlib/cli-datadir/user/libraries/TridentTD_Linenotify/src/TridentTD_LineNotify.cpp:93:40: note: suggested alternative: &#39;puts&#39;
   return _notify(message, 0,0, &#34;&#34;, fs, path);
                                        ^~~~
                                        puts
/home/ec2-user/arduino-testlib/cli-datadir/user/libraries/TridentTD_Linenotify/src/TridentTD_LineNotify.cpp: At global scope:
/home/ec2-user/arduino-testlib/cli-datadir/user/libraries/TridentTD_Linenotify/src/TridentTD_LineNotify.cpp:96:42: error: &#39;bool TridentTD_LineNotify::notifyPicture&#39; is not a static data member of &#39;class TridentTD_LineNotify&#39;
 bool TridentTD_LineNotify::notifyPicture(fs::FS &amp;fs, String path){
                                          ^~
/home/ec2-user/arduino-testlib/cli-datadir/user/libraries/TridentTD_Linenotify/src/TridentTD_LineNotify.cpp:96:42: error: &#39;fs&#39; has not been declared
/home/ec2-user/arduino-testlib/cli-datadir/user/libraries/TridentTD_Linenotify/src/TridentTD_LineNotify.cpp:96:50: error: &#39;fs&#39; was not declared in this scope
 bool TridentTD_LineNotify::notifyPicture(fs::FS &amp;fs, String path){
                                                  ^~
/home/ec2-user/arduino-testlib/cli-datadir/user/libraries/TridentTD_Linenotify/src/TridentTD_LineNotify.cpp:96:50: note: suggested alternative: &#39;ffs&#39;
 bool TridentTD_LineNotify::notifyPicture(fs::FS &amp;fs, String path){
                                                  ^~
                                                  ffs
/home/ec2-user/arduino-testlib/cli-datadir/user/libraries/TridentTD_Linenotify/src/TridentTD_LineNotify.cpp:96:61: error: expected primary-expression before &#39;path&#39;
 bool TridentTD_LineNotify::notifyPicture(fs::FS &amp;fs, String path){
                                                             ^~~~
/home/ec2-user/arduino-testlib/cli-datadir/user/libraries/TridentTD_Linenotify/src/TridentTD_LineNotify.cpp: In member function &#39;bool TridentTD_LineNotify::notifyPicture(arduino::String, uint8_t*, size_t)&#39;:
/home/ec2-user/arduino-testlib/cli-datadir/user/libraries/TridentTD_Linenotify/src/TridentTD_LineNotify.cpp:101:36: error: &#39;SPIFFS&#39; was not declared in this scope
   return _notify(message, 0,0, &#34;&#34;, SPIFFS, &#34;&#34;, image_data, image_size);
                                    ^~~~~~
/home/ec2-user/arduino-testlib/cli-datadir/user/libraries/TridentTD_Linenotify/src/TridentTD_LineNotify.cpp:101:36: note: suggested alternative: &#39;SPI_t&#39;
   return _notify(message, 0,0, &#34;&#34;, SPIFFS, &#34;&#34;, image_data, image_size);
                                    ^~~~~~
                                    SPI_t
/home/ec2-user/arduino-testlib/cli-datadir/user/libraries/TridentTD_Linenotify/src/TridentTD_LineNotify.cpp: In member function &#39;bool TridentTD_LineNotify::notifyPicture(uint8_t*, size_t)&#39;:
/home/ec2-user/arduino-testlib/cli-datadir/user/libraries/TridentTD_Linenotify/src/TridentTD_LineNotify.cpp:105:31: error: &#39;SPIFFS&#39; was not declared in this scope
   return _notify(&#34;&#34;, 0,0, &#34;&#34;, SPIFFS, &#34;&#34;, image_data, image_size);
                               ^~~~~~
/home/ec2-user/arduino-testlib/cli-datadir/user/libraries/TridentTD_Linenotify/src/TridentTD_LineNotify.cpp:105:31: note: suggested alternative: &#39;SPI_t&#39;
   return _notify(&#34;&#34;, 0,0, &#34;&#34;, SPIFFS, &#34;&#34;, image_data, image_size);
                               ^~~~~~
                               SPI_t
/home/ec2-user/arduino-testlib/cli-datadir/user/libraries/TridentTD_Linenotify/src/TridentTD_LineNotify.cpp: At global scope:
/home/ec2-user/arduino-testlib/cli-datadir/user/libraries/TridentTD_Linenotify/src/TridentTD_LineNotify.cpp:108:109: error: &#39;fs&#39; has not been declared
 bool TridentTD_LineNotify::_notify(String message, int StickerPackageID, int StickerID, String picture_url, fs::FS &amp;fs, String path, uint8_t* image_data, size_t image_sz){
                                                                                                             ^~
/home/ec2-user/arduino-testlib/cli-datadir/user/libraries/TridentTD_Linenotify/src/TridentTD_LineNotify.cpp:108:116: error: expected &#39;,&#39; or &#39;...&#39; before &#39;&amp;&#39; token
 bool TridentTD_LineNotify::_notify(String message, int StickerPackageID, int StickerID, String picture_url, fs::FS &amp;fs, String path, uint8_t* image_data, size_t image_sz){
                                                                                                                    ^
/home/ec2-user/arduino-testlib/cli-datadir/user/libraries/TridentTD_Linenotify/src/TridentTD_LineNotify.cpp: In member function &#39;bool TridentTD_LineNotify::_notify(arduino::String, int, int, arduino::String, int)&#39;:
/home/ec2-user/arduino-testlib/cli-datadir/user/libraries/TridentTD_Linenotify/src/TridentTD_LineNotify.cpp:109:6: error: &#39;WiFi&#39; was not declared in this scope
   if(WiFi.status() != WL_CONNECTED) return false;
      ^~~~
/home/ec2-user/arduino-testlib/cli-datadir/user/libraries/TridentTD_Linenotify/src/TridentTD_LineNotify.cpp:109:23: error: &#39;WL_CONNECTED&#39; was not declared in this scope
   if(WiFi.status() != WL_CONNECTED) return false;
                       ^~~~~~~~~~~~
/home/ec2-user/arduino-testlib/cli-datadir/user/libraries/TridentTD_Linenotify/src/TridentTD_LineNotify.cpp:109:23: note: suggested alternative: &#39;F_CPU_CORRECTED&#39;
   if(WiFi.status() != WL_CONNECTED) return false;
                       ^~~~~~~~~~~~
                       F_CPU_CORRECTED
/home/ec2-user/arduino-testlib/cli-datadir/user/libraries/TridentTD_Linenotify/src/TridentTD_LineNotify.cpp:126:8: error: &#39;_clientSecure&#39; was not declared in this scope
   if (!_clientSecure.connect(&#34;notify-api.line.me&#34;, 443)) {
        ^~~~~~~~~~~~~
/home/ec2-user/arduino-testlib/cli-datadir/user/libraries/TridentTD_Linenotify/src/TridentTD_LineNotify.cpp:133:3: error</pre>

					
					<h4>examples/01.LineNotify</h4>
					<p>
						Result: <b>FAIL</b>
					</p>
					<pre class="pre-scrollable">WARNING: library TridentTD_Linenotify claims to run on esp8266, esp32 architecture(s) and may be incompatible with your current board which runs on megaavr architecture(s).
In file included from /home/ec2-user/arduino-testlib/cli-datadir/user/libraries/TridentTD_Linenotify/examples/01.LineNotify/01.LineNotify.ino:9:0:
/home/ec2-user/arduino-testlib/cli-datadir/user/libraries/TridentTD_Linenotify/src/TridentTD_LineNotify.h:94:43: error: &#39;fs&#39; has not been declared
     bool    notifyPicture(String message, fs::FS &amp;fs, String path);
                                           ^~
/home/ec2-user/arduino-testlib/cli-datadir/user/libraries/TridentTD_Linenotify/src/TridentTD_LineNotify.h:94:50: error: expected &#39;,&#39; or &#39;...&#39; before &#39;&amp;&#39; token
     bool    notifyPicture(String message, fs::FS &amp;fs, String path);
                                                  ^
/home/ec2-user/arduino-testlib/cli-datadir/user/libraries/TridentTD_Linenotify/src/TridentTD_LineNotify.h:95:27: error: &#39;fs&#39; has not been declared
     bool    notifyPicture(fs::FS &amp;fs, String path);
                           ^~
/home/ec2-user/arduino-testlib/cli-datadir/user/libraries/TridentTD_Linenotify/src/TridentTD_LineNotify.h:95:34: error: expected &#39;,&#39; or &#39;...&#39; before &#39;&amp;&#39; token
     bool    notifyPicture(fs::FS &amp;fs, String path);
                                  ^
/home/ec2-user/arduino-testlib/cli-datadir/user/libraries/TridentTD_Linenotify/src/TridentTD_LineNotify.h:105:105: error: &#39;fs&#39; has not been declared
     bool        _notify(String message, int StickerPackageID=0, int StickerID=0, String picture_url=&#34;&#34;, fs::FS &amp;fs=SPIFFS , String path=&#34;&#34;, uint8_t* image_data=NULL, size_t image_size=0);
                                                                                                         ^~
/home/ec2-user/arduino-testlib/cli-datadir/user/libraries/TridentTD_Linenotify/src/TridentTD_LineNotify.h:105:112: error: expected &#39;,&#39; or &#39;...&#39; before &#39;&amp;&#39; token
     bool        _notify(String message, int StickerPackageID=0, int StickerID=0, String picture_url=&#34;&#34;, fs::FS &amp;fs=SPIFFS , String path=&#34;&#34;, uint8_t* image_data=NULL, size_t image_size=0);
                                                                                                                ^
/home/ec2-user/arduino-testlib/cli-datadir/user/libraries/TridentTD_Linenotify/src/TridentTD_LineNotify.h:105:17: error: default argument missing for parameter 5 of &#39;bool TridentTD_LineNotify::_notify(arduino::String, int, int, arduino::String, int)&#39;
     bool        _notify(String message, int StickerPackageID=0, int StickerID=0, String picture_url=&#34;&#34;, fs::FS &amp;fs=SPIFFS , String path=&#34;&#34;, uint8_t* image_data=NULL, size_t image_size=0);
                 ^~~~~~~
/home/ec2-user/arduino-testlib/cli-datadir/user/libraries/TridentTD_Linenotify/examples/01.LineNotify/01.LineNotify.ino: In function &#39;void setup()&#39;:
/home/ec2-user/arduino-testlib/cli-datadir/user/libraries/TridentTD_Linenotify/examples/01.LineNotify/01.LineNotify.ino:19:3: error: &#39;WiFi&#39; was not declared in this scope
   WiFi.begin(SSID, PASSWORD);
   ^~~~
/home/ec2-user/arduino-testlib/cli-datadir/user/libraries/TridentTD_Linenotify/examples/01.LineNotify/01.LineNotify.ino:20:10: error: &#39;class UartClass&#39; has no member named &#39;printf&#39;; did you mean &#39;print&#39;?
   Serial.printf(&#34;WiFi connecting to %s\n&#34;,  SSID);
          ^~~~~~
          print
/home/ec2-user/arduino-testlib/cli-datadir/user/libraries/TridentTD_Linenotify/examples/01.LineNotify/01.LineNotify.ino:21:26: error: &#39;WL_CONNECTED&#39; was not declared in this scope
   while(WiFi.status() != WL_CONNECTED) { Serial.print(&#34;.&#34;); delay(400); }
                          ^~~~~~~~~~~~
/home/ec2-user/arduino-testlib/cli-datadir/user/libraries/TridentTD_Linenotify/examples/01.LineNotify/01.LineNotify.ino:21:26: note: suggested alternative: &#39;F_CPU_CORRECTED&#39;
   while(WiFi.status() != WL_CONNECTED) { Serial.print(&#34;.&#34;); delay(400); }
                          ^~~~~~~~~~~~
                          F_CPU_CORRECTED
/home/ec2-user/arduino-testlib/cli-datadir/user/libraries/TridentTD_Linenotify/examples/01.LineNotify/01.LineNotify.ino:22:10: error: &#39;class UartClass&#39; has no member named &#39;printf&#39;; did you mean &#39;print&#39;?
   Serial.printf(&#34;\nWiFi connected\nIP : &#34;);
          ^~~~~~
          print

</pre>
					
					<h4>examples/02.MultipleTokens</h4>
					<p>
						Result: <b>FAIL</b>
					</p>
					<pre class="pre-scrollable">WARNING: library TridentTD_Linenotify claims to run on esp8266, esp32 architecture(s) and may be incompatible with your current board which runs on megaavr architecture(s).
In file included from /home/ec2-user/arduino-testlib/cli-datadir/user/libraries/TridentTD_Linenotify/examples/02.MultipleTokens/02.MultipleTokens.ino:1:0:
/home/ec2-user/arduino-testlib/cli-datadir/user/libraries/TridentTD_Linenotify/src/TridentTD_LineNotify.h:94:43: error: &#39;fs&#39; has not been declared
     bool    notifyPicture(String message, fs::FS &amp;fs, String path);
                                           ^~
/home/ec2-user/arduino-testlib/cli-datadir/user/libraries/TridentTD_Linenotify/src/TridentTD_LineNotify.h:94:50: error: expected &#39;,&#39; or &#39;...&#39; before &#39;&amp;&#39; token
     bool    notifyPicture(String message, fs::FS &amp;fs, String path);
                                                  ^
/home/ec2-user/arduino-testlib/cli-datadir/user/libraries/TridentTD_Linenotify/src/TridentTD_LineNotify.h:95:27: error: &#39;fs&#39; has not been declared
     bool    notifyPicture(fs::FS &amp;fs, String path);
                           ^~
/home/ec2-user/arduino-testlib/cli-datadir/user/libraries/TridentTD_Linenotify/src/TridentTD_LineNotify.h:95:34: error: expected &#39;,&#39; or &#39;...&#39; before &#39;&amp;&#39; token
     bool    notifyPicture(fs::FS &amp;fs, String path);
                                  ^
/home/ec2-user/arduino-testlib/cli-datadir/user/libraries/TridentTD_Linenotify/src/TridentTD_LineNotify.h:105:105: error: &#39;fs&#39; has not been declared
     bool        _notify(String message, int StickerPackageID=0, int StickerID=0, String picture_url=&#34;&#34;, fs::FS &amp;fs=SPIFFS , String path=&#34;&#34;, uint8_t* image_data=NULL, size_t image_size=0);
                                                                                                         ^~
/home/ec2-user/arduino-testlib/cli-datadir/user/libraries/TridentTD_Linenotify/src/TridentTD_LineNotify.h:105:112: error: expected &#39;,&#39; or &#39;...&#39; before &#39;&amp;&#39; token
     bool        _notify(String message, int StickerPackageID=0, int StickerID=0, String picture_url=&#34;&#34;, fs::FS &amp;fs=SPIFFS , String path=&#34;&#34;, uint8_t* image_data=NULL, size_t image_size=0);
                                                                                                                ^
/home/ec2-user/arduino-testlib/cli-datadir/user/libraries/TridentTD_Linenotify/src/TridentTD_LineNotify.h:105:17: error: default argument missing for parameter 5 of &#39;bool TridentTD_LineNotify::_notify(arduino::String, int, int, arduino::String, int)&#39;
     bool        _notify(String message, int StickerPackageID=0, int StickerID=0, String picture_url=&#34;&#34;, fs::FS &amp;fs=SPIFFS , String path=&#34;&#34;, uint8_t* image_data=NULL, size_t image_size=0);
                 ^~~~~~~
/home/ec2-user/arduino-testlib/cli-datadir/user/libraries/TridentTD_Linenotify/examples/02.MultipleTokens/02.MultipleTokens.ino: In function &#39;void setup()&#39;:
/home/ec2-user/arduino-testlib/cli-datadir/user/libraries/TridentTD_Linenotify/examples/02.MultipleTokens/02.MultipleTokens.ino:12:3: error: &#39;WiFi&#39; was not declared in this scope
   WiFi.begin( SSID, PASSWORD );
   ^~~~

</pre>
					
					<h4>examples/03.SPIFFS_ImageFile_notify</h4>
					<p>
						Result: <b>FAIL</b>
					</p>
					<pre class="pre-scrollable">WARNING: library TridentTD_Linenotify claims to run on esp8266, esp32 architecture(s) and may be incompatible with your current board which runs on megaavr architecture(s).
In file included from /home/ec2-user/arduino-testlib/cli-datadir/user/libraries/TridentTD_Linenotify/examples/03.SPIFFS_ImageFile_notify/03.SPIFFS_ImageFile_notify.ino:6:0:
/home/ec2-user/arduino-testlib/cli-datadir/user/libraries/TridentTD_Linenotify/src/TridentTD_LineNotify.h:94:43: error: &#39;fs&#39; has not been declared
     bool    notifyPicture(String message, fs::FS &amp;fs, String path);
                                           ^~
/home/ec2-user/arduino-testlib/cli-datadir/user/libraries/TridentTD_Linenotify/src/TridentTD_LineNotify.h:94:50: error: expected &#39;,&#39; or &#39;...&#39; before &#39;&amp;&#39; token
     bool    notifyPicture(String message, fs::FS &amp;fs, String path);
                                                  ^
/home/ec2-user/arduino-testlib/cli-datadir/user/libraries/TridentTD_Linenotify/src/TridentTD_LineNotify.h:95:27: error: &#39;fs&#39; has not been declared
     bool    notifyPicture(fs::FS &amp;fs, String path);
                           ^~
/home/ec2-user/arduino-testlib/cli-datadir/user/libraries/TridentTD_Linenotify/src/TridentTD_LineNotify.h:95:34: error: expected &#39;,&#39; or &#39;...&#39; before &#39;&amp;&#39; token
     bool    notifyPicture(fs::FS &amp;fs, String path);
                                  ^
/home/ec2-user/arduino-testlib/cli-datadir/user/libraries/TridentTD_Linenotify/src/TridentTD_LineNotify.h:105:105: error: &#39;fs&#39; has not been declared
     bool        _notify(String message, int StickerPackageID=0, int StickerID=0, String picture_url=&#34;&#34;, fs::FS &amp;fs=SPIFFS , String path=&#34;&#34;, uint8_t* image_data=NULL, size_t image_size=0);
                                                                                                         ^~
/home/ec2-user/arduino-testlib/cli-datadir/user/libraries/TridentTD_Linenotify/src/TridentTD_LineNotify.h:105:112: error: expected &#39;,&#39; or &#39;...&#39; before &#39;&amp;&#39; token
     bool        _notify(String message, int StickerPackageID=0, int StickerID=0, String picture_url=&#34;&#34;, fs::FS &amp;fs=SPIFFS , String path=&#34;&#34;, uint8_t* image_data=NULL, size_t image_size=0);
                                                                                                                ^
/home/ec2-user/arduino-testlib/cli-datadir/user/libraries/TridentTD_Linenotify/src/TridentTD_LineNotify.h:105:17: error: default argument missing for parameter 5 of &#39;bool TridentTD_LineNotify::_notify(arduino::String, int, int, arduino::String, int)&#39;
     bool        _notify(String message, int StickerPackageID=0, int StickerID=0, String picture_url=&#34;&#34;, fs::FS &amp;fs=SPIFFS , String path=&#34;&#34;, uint8_t* image_data=NULL, size_t image_size=0);
                 ^~~~~~~
/home/ec2-user/arduino-testlib/cli-datadir/user/libraries/TridentTD_Linenotify/examples/03.SPIFFS_ImageFile_notify/03.SPIFFS_ImageFile_notify.ino: In function &#39;void setup()&#39;:
/home/ec2-user/arduino-testlib/cli-datadir/user/libraries/TridentTD_Linenotify/examples/03.SPIFFS_ImageFile_notify/03.SPIFFS_ImageFile_notify.ino:16:7: error: &#39;SPIFFS&#39; was not declared in this scope
   if(!SPIFFS.begin()){
       ^~~~~~
/home/ec2-user/arduino-testlib/cli-datadir/user/libraries/TridentTD_Linenotify/examples/03.SPIFFS_ImageFile_notify/03.SPIFFS_ImageFile_notify.ino:16:7: note: suggested alternative: &#39;SPI_t&#39;
   if(!SPIFFS.begin()){
       ^~~~~~
       SPI_t
/home/ec2-user/arduino-testlib/cli-datadir/user/libraries/TridentTD_Linenotify/examples/03.SPIFFS_ImageFile_notify/03.SPIFFS_ImageFile_notify.ino:21:3: error: &#39;WiFi&#39; was not declared in this scope
   WiFi.begin(SSID, PASSWORD);
   ^~~~
/home/ec2-user/arduino-testlib/cli-datadir/user/libraries/TridentTD_Linenotify/examples/03.SPIFFS_ImageFile_notify/03.SPIFFS_ImageFile_notify.ino:22:10: error: &#39;class UartClass&#39; has no member named &#39;printf&#39;; did you mean &#39;print&#39;?
   Serial.printf(&#34;WiFi connecting to %s\n&#34;,  SSID);
          ^~~~~~
          print
/home/ec2-user/arduino-testlib/cli-datadir/user/libraries/TridentTD_Linenotify/examples/03.SPIFFS_ImageFile_notify/03.SPIFFS_ImageFile_notify.ino:23:26: error: &#39;WL_CONNECTED&#39; was not declared in this scope
   while(WiFi.status() != WL_CONNECTED) { Serial.print(&#34;.&#34;); delay(400); }
                          ^~~~~~~~~~~~
/home/ec2-user/arduino-testlib/cli-datadir/user/libraries/TridentTD_Linenotify/examples/03.SPIFFS_ImageFile_notify/03.SPIFFS_ImageFile_notify.ino:23:26: note: suggested alternative: &#39;F_CPU_CORRECTED&#39;
   while(WiFi.status() != WL_CONNECTED) { Serial.print(&#34;.&#34;); delay(400); }
                          ^~~~~~~~~~~~
                          F_CPU_CORRECTED
/home/ec2-user/arduino-testlib/cli-datadir/user/libraries/TridentTD_Linenotify/examples/03.SPIFFS_ImageFile_notify/03.SPIFFS_ImageFile_notify.ino:24:10: error: &#39;class UartClass&#39; has no member named &#39;printf&#39;; did you mean &#39;print&#39;?
   Serial.printf(&#34;\nWiFi connected\nIP : &#34;);
          ^~~~~~
          print
/home/ec2-user/arduino-testlib/cli-datadir/user/libraries/TridentTD_Linenotify/examples/03.SPIFFS_ImageFile_notify/03.SPIFFS_ImageFile_notify.ino:30:40: error: &#39;SPIFFS&#39; was not declared in this scope
   LINE.notifyPicture(&#34;Hello My Tiger&#34;, SPIFFS, &#34;/tiger.jpg&#34;);  // ใช้ได้ทั้ง ESP8266 และ ESP32
                                        ^~~~~~
/home/ec2-user/arduino-testlib/cli-datadir/user/libraries/TridentTD_Linenotify/examples/03.SPIFFS_ImageFile_notify/03.SPIFFS_ImageFile_notify.ino:30:40: note: suggested alternative: &#39;SPI_t&#39;
   LINE.notifyPicture(&#34;Hello My Tiger&#34;, SPIFFS, &#34;/tiger.jpg&#34;);  // ใช้ได้ทั้ง ESP8266 และ ESP32
                                        ^~~~~~
                                        SPI_t

</pre>
					
					<h4>examples/04.SD_ImageFile_notify</h4>
					<p>
						Result: <b>FAIL</b>
					</p>
					<pre class="pre-scrollable">WARNING: library TridentTD_Linenotify claims to run on esp8266, esp32 architecture(s) and may be incompatible with your current board which runs on megaavr architecture(s).
In file included from /home/ec2-user/arduino-testlib/cli-datadir/user/libraries/TridentTD_Linenotify/examples/04.SD_ImageFile_notify/04.SD_ImageFile_notify.ino:17:0:
/home/ec2-user/arduino-testlib/cli-datadir/user/libraries/TridentTD_Linenotify/src/TridentTD_LineNotify.h:94:43: error: &#39;fs&#39; has not been declared
     bool    notifyPicture(String message, fs::FS &amp;fs, String path);
                                           ^~
/home/ec2-user/arduino-testlib/cli-datadir/user/libraries/TridentTD_Linenotify/src/TridentTD_LineNotify.h:94:50: error: expected &#39;,&#39; or &#39;...&#39; before &#39;&amp;&#39; token
     bool    notifyPicture(String message, fs::FS &amp;fs, String path);
                                                  ^
/home/ec2-user/arduino-testlib/cli-datadir/user/libraries/TridentTD_Linenotify/src/TridentTD_LineNotify.h:95:27: error: &#39;fs&#39; has not been declared
     bool    notifyPicture(fs::FS &amp;fs, String path);
                           ^~
/home/ec2-user/arduino-testlib/cli-datadir/user/libraries/TridentTD_Linenotify/src/TridentTD_LineNotify.h:95:34: error: expected &#39;,&#39; or &#39;...&#39; before &#39;&amp;&#39; token
     bool    notifyPicture(fs::FS &amp;fs, String path);
                                  ^
/home/ec2-user/arduino-testlib/cli-datadir/user/libraries/TridentTD_Linenotify/src/TridentTD_LineNotify.h:105:105: error: &#39;fs&#39; has not been declared
     bool        _notify(String message, int StickerPackageID=0, int StickerID=0, String picture_url=&#34;&#34;, fs::FS &amp;fs=SPIFFS , String path=&#34;&#34;, uint8_t* image_data=NULL, size_t image_size=0);
                                                                                                         ^~
/home/ec2-user/arduino-testlib/cli-datadir/user/libraries/TridentTD_Linenotify/src/TridentTD_LineNotify.h:105:112: error: expected &#39;,&#39; or &#39;...&#39; before &#39;&amp;&#39; token
     bool        _notify(String message, int StickerPackageID=0, int StickerID=0, String picture_url=&#34;&#34;, fs::FS &amp;fs=SPIFFS , String path=&#34;&#34;, uint8_t* image_data=NULL, size_t image_size=0);
                                                                                                                ^
/home/ec2-user/arduino-testlib/cli-datadir/user/libraries/TridentTD_Linenotify/src/TridentTD_LineNotify.h:105:17: error: default argument missing for parameter 5 of &#39;bool TridentTD_LineNotify::_notify(arduino::String, int, int, arduino::String, int)&#39;
     bool        _notify(String message, int StickerPackageID=0, int StickerID=0, String picture_url=&#34;&#34;, fs::FS &amp;fs=SPIFFS , String path=&#34;&#34;, uint8_t* image_data=NULL, size_t image_size=0);
                 ^~~~~~~
/home/ec2-user/arduino-testlib/cli-datadir/user/libraries/TridentTD_Linenotify/examples/04.SD_ImageFile_notify/04.SD_ImageFile_notify.ino: In function &#39;void setup()&#39;:
/home/ec2-user/arduino-testlib/cli-datadir/user/libraries/TridentTD_Linenotify/examples/04.SD_ImageFile_notify/04.SD_ImageFile_notify.ino:33:3: error: &#39;WiFi&#39; was not declared in this scope
   WiFi.begin(SSID, PASSWORD);
   ^~~~
/home/ec2-user/arduino-testlib/cli-datadir/user/libraries/TridentTD_Linenotify/examples/04.SD_ImageFile_notify/04.SD_ImageFile_notify.ino:34:10: error: &#39;class UartClass&#39; has no member named &#39;printf&#39;; did you mean &#39;print&#39;?
   Serial.printf(&#34;WiFi connecting to %s\n&#34;,  SSID);
          ^~~~~~
          print
/home/ec2-user/arduino-testlib/cli-datadir/user/libraries/TridentTD_Linenotify/examples/04.SD_ImageFile_notify/04.SD_ImageFile_notify.ino:35:26: error: &#39;WL_CONNECTED&#39; was not declared in this scope
   while(WiFi.status() != WL_CONNECTED) { Serial.print(&#34;.&#34;); delay(400); }
                          ^~~~~~~~~~~~
/home/ec2-user/arduino-testlib/cli-datadir/user/libraries/TridentTD_Linenotify/examples/04.SD_ImageFile_notify/04.SD_ImageFile_notify.ino:36:10: error: &#39;class UartClass&#39; has no member named &#39;printf&#39;; did you mean &#39;print&#39;?
   Serial.printf(&#34;\nWiFi connected\nIP : &#34;);
          ^~~~~~
          print
/home/ec2-user/arduino-testlib/cli-datadir/user/libraries/TridentTD_Linenotify/examples/04.SD_ImageFile_notify/04.SD_ImageFile_notify.ino:42:56: error: no matching function for call to &#39;TridentTD_LineNotify::notifyPicture(const char [15], SDLib::SDClass&amp;, const char [11])&#39;
   LINE.notifyPicture(&#34;Hello My Tiger&#34;, SD, &#34;/tiger.jpg&#34;);   // สำหรับ ESP32 เท่านั้น
                                                        ^
In file included from /home/ec2-user/arduino-testlib/cli-datadir/user/libraries/TridentTD_Linenotify/examples/04.SD_ImageFile_notify/04.SD_ImageFile_notify.ino:17:0:
/home/ec2-user/arduino-testlib/cli-datadir/user/libraries/TridentTD_Linenotify/src/TridentTD_LineNotify.h:90:13: note: candidate: bool TridentTD_LineNotify::notifyPicture(arduino::String, arduino::String)
     bool    notifyPicture(String message, String picture_url);
             ^~~~~~~~~~~~~
/home/ec2-user/arduino-testlib/cli-datadir/user/libraries/TridentTD_Linenotify/src/TridentTD_LineNotify.h:90:13: note:   candidate expects 2 arguments, 3 provided
/home/ec2-user/arduino-testlib/cli-datadir/user/libraries/TridentTD_Linenotify/src/TridentTD_LineNotify.h:91:13: note: candidate: bool TridentTD_LineNotify::notifyPicture(arduino::String)
     bool    notifyPicture(String picture_url);
             ^~~~~~~~~~~~~
/home/ec2-user/arduino-testlib/cli-datadir/user/libraries/TridentTD_Linenotify/src/TridentTD_LineNotify.h:91:13: note:   candidate expects 1 argument, 3 provided
/home/ec2-user/arduino-testlib/cli-datadir/user/libraries/TridentTD_Linenotify/src/TridentTD_LineNotify.h:94:13: note: candidate: bool TridentTD_LineNotify::notifyPicture(arduino::String, int)
     bool    notifyPicture(String message, fs::FS &amp;fs, String path);
             ^~~~~~~~~~~~~
/home/ec2-user/arduino-testlib/cli-datadir/user/libraries/TridentTD_Linenotify/src/TridentTD_LineNotify.h:94:13: note:   candidate expects 2 arguments, 3 provided
/home/ec2-user/arduino-testlib/cli-datadir/user/libraries/TridentTD_Linenotify/src/TridentTD_LineNotify.h:95:13: note: candidate: bool TridentTD_LineNotify::notifyPicture(int)
     bool    notifyPicture(fs::FS &amp;fs, String path);
             ^~~~~~~~~~~~~
/home/ec2-user/arduino-testlib/cli-datadir/user/libraries/TridentTD_Linenotify/src/TridentTD_LineNotify.h:95:13: note:   candidate expects 1 argument, 3 provided
/home/ec2-user/arduino-testlib/cli-datadir/user/libraries/TridentTD_Linenotify/src/TridentTD_LineNotify.h:98:13: note: candidate: bool TridentTD_LineNotify::notifyPicture(arduino::String, uint8_t*, size_t)
     bool    notifyPicture(String message, uint8_t* image_data, size_t image_size);
             ^~~~~~~~~~~~~
/home/ec2-user/arduino-testlib/cli-datadir/user/libraries/TridentTD_Linenotify/src/TridentTD_LineNotify.h:98:13: note:   no known conversion for argument 2 from &#39;SDLib::SDClass&#39; to &#39;uint8_t* {aka unsigned char*}&#39;
/home/ec2-user/arduino-testlib/cli-datadir/user/libraries/TridentTD_Linenotify/src/TridentTD_LineNotify.h:99:13: note: candidate: bool TridentTD_LineNotify::notifyPicture(uint8_t*, size_t)
     bool    notifyPicture(uint8_t* image_data, size_t image_size);
             ^~~~~~~~~~~~~
/home/ec2-user/arduino-testlib/cli-datadir/user/libraries/TridentTD_Linenotify/src/TridentTD_LineNotify.h:99:13: note:   candidate expects 2 arguments, 3 provided

</pre>
					
					<h4>examples/05.CameraCapture_notify</h4>
					<p>
						Result: <b>FAIL</b>
					</p>
					<pre class="pre-scrollable">/home/ec2-user/arduino-testlib/cli-datadir/user/libraries/TridentTD_Linenotify/examples/05.CameraCapture_notify/05.CameraCapture_notify.ino:2:10: fatal error: OV2640.h: No such file or directory
 #include &lt;OV2640.h&gt;     // ติดตั้ง library กล้องให้เรียบร้อย https://github.com/LilyGO/ESP32-Camera
          ^~~~~~~~~~
compilation terminated.

</pre>
					
					<h4>examples/06.FixedIP_LineNotify</h4>
					<p>
						Result: <b>FAIL</b>
					</p>
					<pre class="pre-scrollable">WARNING: library TridentTD_Linenotify claims to run on esp8266, esp32 architecture(s) and may be incompatible with your current board which runs on megaavr architecture(s).
In file included from /home/ec2-user/arduino-testlib/cli-datadir/user/libraries/TridentTD_Linenotify/examples/06.FixedIP_LineNotify/06.FixedIP_LineNotify.ino:11:0:
/home/ec2-user/arduino-testlib/cli-datadir/user/libraries/TridentTD_Linenotify/src/TridentTD_LineNotify.h:94:43: error: &#39;fs&#39; has not been declared
     bool    notifyPicture(String message, fs::FS &amp;fs, String path);
                                           ^~
/home/ec2-user/arduino-testlib/cli-datadir/user/libraries/TridentTD_Linenotify/src/TridentTD_LineNotify.h:94:50: error: expected &#39;,&#39; or &#39;...&#39; before &#39;&amp;&#39; token
     bool    notifyPicture(String message, fs::FS &amp;fs, String path);
                                                  ^
/home/ec2-user/arduino-testlib/cli-datadir/user/libraries/TridentTD_Linenotify/src/TridentTD_LineNotify.h:95:27: error: &#39;fs&#39; has not been declared
     bool    notifyPicture(fs::FS &amp;fs, String path);
                           ^~
/home/ec2-user/arduino-testlib/cli-datadir/user/libraries/TridentTD_Linenotify/src/TridentTD_LineNotify.h:95:34: error: expected &#39;,&#39; or &#39;...&#39; before &#39;&amp;&#39; token
     bool    notifyPicture(fs::FS &amp;fs, String path);
                                  ^
/home/ec2-user/arduino-testlib/cli-datadir/user/libraries/TridentTD_Linenotify/src/TridentTD_LineNotify.h:105:105: error: &#39;fs&#39; has not been declared
     bool        _notify(String message, int StickerPackageID=0, int StickerID=0, String picture_url=&#34;&#34;, fs::FS &amp;fs=SPIFFS , String path=&#34;&#34;, uint8_t* image_data=NULL, size_t image_size=0);
                                                                                                         ^~
/home/ec2-user/arduino-testlib/cli-datadir/user/libraries/TridentTD_Linenotify/src/TridentTD_LineNotify.h:105:112: error: expected &#39;,&#39; or &#39;...&#39; before &#39;&amp;&#39; token
     bool        _notify(String message, int StickerPackageID=0, int StickerID=0, String picture_url=&#34;&#34;, fs::FS &amp;fs=SPIFFS , String path=&#34;&#34;, uint8_t* image_data=NULL, size_t image_size=0);
                                                                                                                ^
/home/ec2-user/arduino-testlib/cli-datadir/user/libraries/TridentTD_Linenotify/src/TridentTD_LineNotify.h:105:17: error: default argument missing for parameter 5 of &#39;bool TridentTD_LineNotify::_notify(arduino::String, int, int, arduino::String, int)&#39;
     bool        _notify(String message, int StickerPackageID=0, int StickerID=0, String picture_url=&#34;&#34;, fs::FS &amp;fs=SPIFFS , String path=&#34;&#34;, uint8_t* image_data=NULL, size_t image_size=0);
                 ^~~~~~~
/home/ec2-user/arduino-testlib/cli-datadir/user/libraries/TridentTD_Linenotify/examples/06.FixedIP_LineNotify/06.FixedIP_LineNotify.ino: In function &#39;void setup()&#39;:
/home/ec2-user/arduino-testlib/cli-datadir/user/libraries/TridentTD_Linenotify/examples/06.FixedIP_LineNotify/06.FixedIP_LineNotify.ino:25:3: error: &#39;WiFi&#39; was not declared in this scope
   WiFi.config(fixed_ip, gateway_ip, subnet, gateway_ip);
   ^~~~
/home/ec2-user/arduino-testlib/cli-datadir/user/libraries/TridentTD_Linenotify/examples/06.FixedIP_LineNotify/06.FixedIP_LineNotify.ino:27:10: error: &#39;class UartClass&#39; has no member named &#39;printf&#39;; did you mean &#39;print&#39;?
   Serial.printf(&#34;WiFi connecting to %s\n&#34;,  SSID);
          ^~~~~~
          print
/home/ec2-user/arduino-testlib/cli-datadir/user/libraries/TridentTD_Linenotify/examples/06.FixedIP_LineNotify/06.FixedIP_LineNotify.ino:28:26: error: &#39;WL_CONNECTED&#39; was not declared in this scope
   while(WiFi.status() != WL_CONNECTED) { Serial.print(&#34;.&#34;); delay(400); }
                          ^~~~~~~~~~~~
/home/ec2-user/arduino-testlib/cli-datadir/user/libraries/TridentTD_Linenotify/examples/06.FixedIP_LineNotify/06.FixedIP_LineNotify.ino:28:26: note: suggested alternative: &#39;F_CPU_CORRECTED&#39;
   while(WiFi.status() != WL_CONNECTED) { Serial.print(&#34;.&#34;); delay(400); }
                          ^~~~~~~~~~~~
                          F_CPU_CORRECTED
/home/ec2-user/arduino-testlib/cli-datadir/user/libraries/TridentTD_Linenotify/examples/06.FixedIP_LineNotify/06.FixedIP_LineNotify.ino:29:10: error: &#39;class UartClass&#39; has no member named &#39;printf&#39;; did you mean &#39;print&#39;?
   Serial.printf(&#34;\nWiFi connected\nIP : &#34;);
          ^~~~~~
          print

</pre>
					
				
				<h3 id="arduino:samd:mkrwifi1010">arduino:samd:mkrwifi1010 @ 1.8.12</h3>
				<h4>Inclusion</h4>
				<p>
					Result: <b>FAIL</b>
					
					<br />This library has no main header file so an empty one was created.
					
				</p>
				<pre class="pre-scrollable">WARNING: library TridentTD_Linenotify claims to run on esp8266, esp32 architecture(s) and may be incompatible with your current board which runs on samd architecture(s).
In file included from /home/ec2-user/arduino-testlib/cli-datadir/user/libraries/TridentTD_Linenotify/src/TridentTD_LineNotify.cpp:39:0:
/home/ec2-user/arduino-testlib/cli-datadir/user/libraries/TridentTD_Linenotify/src/TridentTD_LineNotify.h:94:43: error: &#39;fs&#39; has not been declared
     bool    notifyPicture(String message, fs::FS &amp;fs, String path);
                                           ^~
/home/ec2-user/arduino-testlib/cli-datadir/user/libraries/TridentTD_Linenotify/src/TridentTD_LineNotify.h:94:50: error: expected &#39;,&#39; or &#39;...&#39; before &#39;&amp;&#39; token
     bool    notifyPicture(String message, fs::FS &amp;fs, String path);
                                                  ^
/home/ec2-user/arduino-testlib/cli-datadir/user/libraries/TridentTD_Linenotify/src/TridentTD_LineNotify.h:95:27: error: &#39;fs&#39; has not been declared
     bool    notifyPicture(fs::FS &amp;fs, String path);
                           ^~
/home/ec2-user/arduino-testlib/cli-datadir/user/libraries/TridentTD_Linenotify/src/TridentTD_LineNotify.h:95:34: error: expected &#39;,&#39; or &#39;...&#39; before &#39;&amp;&#39; token
     bool    notifyPicture(fs::FS &amp;fs, String path);
                                  ^
/home/ec2-user/arduino-testlib/cli-datadir/user/libraries/TridentTD_Linenotify/src/TridentTD_LineNotify.h:105:105: error: &#39;fs&#39; has not been declared
     bool        _notify(String message, int StickerPackageID=0, int StickerID=0, String picture_url=&#34;&#34;, fs::FS &amp;fs=SPIFFS , String path=&#34;&#34;, uint8_t* image_data=NULL, size_t image_size=0);
                                                                                                         ^~
/home/ec2-user/arduino-testlib/cli-datadir/user/libraries/TridentTD_Linenotify/src/TridentTD_LineNotify.h:105:112: error: expected &#39;,&#39; or &#39;...&#39; before &#39;&amp;&#39; token
     bool        _notify(String message, int StickerPackageID=0, int StickerID=0, String picture_url=&#34;&#34;, fs::FS &amp;fs=SPIFFS , String path=&#34;&#34;, uint8_t* image_data=NULL, size_t image_size=0);
                                                                                                                ^
/home/ec2-user/arduino-testlib/cli-datadir/user/libraries/TridentTD_Linenotify/src/TridentTD_LineNotify.h:105:17: error: default argument missing for parameter 5 of &#39;bool TridentTD_LineNotify::_notify(arduino::String, int, int, arduino::String, int)&#39;
     bool        _notify(String message, int StickerPackageID=0, int StickerID=0, String picture_url=&#34;&#34;, fs::FS &amp;fs=SPIFFS , String path=&#34;&#34;, uint8_t* image_data=NULL, size_t image_size=0);
                 ^~~~~~~
/home/ec2-user/arduino-testlib/cli-datadir/user/libraries/TridentTD_Linenotify/src/TridentTD_LineNotify.cpp:92:58: error: &#39;fs&#39; has not been declared
 bool TridentTD_LineNotify::notifyPicture(String message, fs::FS &amp;fs, String path){
                                                          ^~
/home/ec2-user/arduino-testlib/cli-datadir/user/libraries/TridentTD_Linenotify/src/TridentTD_LineNotify.cpp:92:65: error: expected &#39;,&#39; or &#39;...&#39; before &#39;&amp;&#39; token
 bool TridentTD_LineNotify::notifyPicture(String message, fs::FS &amp;fs, String path){
                                                                 ^
/home/ec2-user/arduino-testlib/cli-datadir/user/libraries/TridentTD_Linenotify/src/TridentTD_LineNotify.cpp: In member function &#39;bool TridentTD_LineNotify::notifyPicture(arduino::String, int)&#39;:
/home/ec2-user/arduino-testlib/cli-datadir/user/libraries/TridentTD_Linenotify/src/TridentTD_LineNotify.cpp:93:36: error: &#39;fs&#39; was not declared in this scope
   return _notify(message, 0,0, &#34;&#34;, fs, path);
                                    ^~
/home/ec2-user/arduino-testlib/cli-datadir/user/libraries/TridentTD_Linenotify/src/TridentTD_LineNotify.cpp:93:36: note: suggested alternative: &#39;fls&#39;
   return _notify(message, 0,0, &#34;&#34;, fs, path);
                                    ^~
                                    fls
/home/ec2-user/arduino-testlib/cli-datadir/user/libraries/TridentTD_Linenotify/src/TridentTD_LineNotify.cpp:93:40: error: &#39;path&#39; was not declared in this scope
   return _notify(message, 0,0, &#34;&#34;, fs, path);
                                        ^~~~
/home/ec2-user/arduino-testlib/cli-datadir/user/libraries/TridentTD_Linenotify/src/TridentTD_LineNotify.cpp:93:40: note: suggested alternative: &#39;putw&#39;
   return _notify(message, 0,0, &#34;&#34;, fs, path);
                                        ^~~~
                                        putw
/home/ec2-user/arduino-testlib/cli-datadir/user/libraries/TridentTD_Linenotify/src/TridentTD_LineNotify.cpp: At global scope:
/home/ec2-user/arduino-testlib/cli-datadir/user/libraries/TridentTD_Linenotify/src/TridentTD_LineNotify.cpp:96:42: error: &#39;bool TridentTD_LineNotify::notifyPicture&#39; is not a static data member of &#39;class TridentTD_LineNotify&#39;
 bool TridentTD_LineNotify::notifyPicture(fs::FS &amp;fs, String path){
                                          ^~
/home/ec2-user/arduino-testlib/cli-datadir/user/libraries/TridentTD_Linenotify/src/TridentTD_LineNotify.cpp:96:42: error: &#39;fs&#39; has not been declared
/home/ec2-user/arduino-testlib/cli-datadir/user/libraries/TridentTD_Linenotify/src/TridentTD_LineNotify.cpp:96:50: error: &#39;fs&#39; was not declared in this scope
 bool TridentTD_LineNotify::notifyPicture(fs::FS &amp;fs, String path){
                                                  ^~
/home/ec2-user/arduino-testlib/cli-datadir/user/libraries/TridentTD_Linenotify/src/TridentTD_LineNotify.cpp:96:50: note: suggested alternative: &#39;fls&#39;
 bool TridentTD_LineNotify::notifyPicture(fs::FS &amp;fs, String path){
                                                  ^~
                                                  fls
/home/ec2-user/arduino-testlib/cli-datadir/user/libraries/TridentTD_Linenotify/src/TridentTD_LineNotify.cpp:96:61: error: expected primary-expression before &#39;path&#39;
 bool TridentTD_LineNotify::notifyPicture(fs::FS &amp;fs, String path){
                                                             ^~~~
/home/ec2-user/arduino-testlib/cli-datadir/user/libraries/TridentTD_Linenotify/src/TridentTD_LineNotify.cpp:96:65: error: expression list treated as compound expression in initializer [-fpermissive]
 bool TridentTD_LineNotify::notifyPicture(fs::FS &amp;fs, String path){
                                                                 ^
/home/ec2-user/arduino-testlib/cli-datadir/user/libraries/TridentTD_Linenotify/src/TridentTD_LineNotify.cpp: In member function &#39;bool TridentTD_LineNotify::notifyPicture(arduino::String, uint8_t*, size_t)&#39;:
/home/ec2-user/arduino-testlib/cli-datadir/user/libraries/TridentTD_Linenotify/src/TridentTD_LineNotify.cpp:101:36: error: &#39;SPIFFS&#39; was not declared in this scope
   return _notify(message, 0,0, &#34;&#34;, SPIFFS, &#34;&#34;, image_data, image_size);
                                    ^~~~~~
/home/ec2-user/arduino-testlib/cli-datadir/user/libraries/TridentTD_Linenotify/src/TridentTD_LineNotify.cpp:101:36: note: suggested alternative: &#39;SPIWIFI&#39;
   return _notify(message, 0,0, &#34;&#34;, SPIFFS, &#34;&#34;, image_data, image_size);
                                    ^~~~~~
                                    SPIWIFI
/home/ec2-user/arduino-testlib/cli-datadir/user/libraries/TridentTD_Linenotify/src/TridentTD_LineNotify.cpp: In member function &#39;bool TridentTD_LineNotify::notifyPicture(uint8_t*, size_t)&#39;:
/home/ec2-user/arduino-testlib/cli-datadir/user/libraries/TridentTD_Linenotify/src/TridentTD_LineNotify.cpp:105:31: error: &#39;SPIFFS&#39; was not declared in this scope
   return _notify(&#34;&#34;, 0,0, &#34;&#34;, SPIFFS, &#34;&#34;, image_data, image_size);
                               ^~~~~~
/home/ec2-user/arduino-testlib/cli-datadir/user/libraries/TridentTD_Linenotify/src/TridentTD_LineNotify.cpp:105:31: note: suggested alternative: &#39;SPIWIFI&#39;
   return _notify(&#34;&#34;, 0,0, &#34;&#34;, SPIFFS, &#34;&#34;, image_data, image_size);
                               ^~~~~~
                               SPIWIFI
/home/ec2-user/arduino-testlib/cli-datadir/user/libraries/TridentTD_Linenotify/src/TridentTD_LineNotify.cpp: At global scope:
/home/ec2-user/arduino-testlib/cli-datadir/user/libraries/TridentTD_Linenotify/src/TridentTD_LineNotify.cpp:108:109: error: &#39;fs&#39; has not been declared
 bool TridentTD_LineNotify::_notify(String message, int StickerPackageID, int StickerID, String picture_url, fs::FS &amp;fs, String path, uint8_t* image_data, size_t image_sz){
                                                                                                             ^~
/home/ec2-user/arduino-testlib/cli-datadir/user/libraries/TridentTD_Linenotify/src/TridentTD_LineNotify.cpp:108:116: error: expected &#39;,&#39; or &#39;...&#39; before &#39;&amp;&#39; token
 bool TridentTD_LineNotify::_notify(String message, int StickerPackageID, int StickerID, String picture_url, fs::FS &amp;fs, String path, uint8_t* image_data, size_t image_sz){
                                                                                                                    ^
/home/ec2-user/arduino-testlib/cli-datadir/user/libraries/TridentTD_Linenotify/src/TridentTD_LineNotify.cpp: In member function &#39;bool TridentTD_LineNotify::_notify(arduino::String, int, int, arduino::String, int)&#39;:
/home/ec2-user/arduino-testlib/cli-datadir/user/libraries/TridentTD_Linenotify/src/TridentTD_LineNotify.cpp:109:6: error: &#39;WiFi&#39; was not declared in this scope
   if(WiFi.status() != WL_CONNECTED) return false;
      ^~~~
/home/ec2-user/arduino-testlib/cli-datadir/user/libraries/TridentTD_Linenotify/src/TridentTD_LineNotify.cpp:109:23: error: &#39;WL_CONNECTED&#39; was not declared in this scope
   if(WiFi.status() != WL_CONNECTED) return false;
                       ^~~~~~~~~~~~
/home/ec2-user/arduino-testlib/cli-datadir/user/libraries/TridentTD_Linenotify/src/TridentTD_LineNotify.cpp:109:23: note: suggested alternative: &#39;UHD_STATE_CONNECTED&#39;
   if(WiFi.status() != WL_CONNECTED) return false;
                       ^~~~~~~~~~~~
                       UHD_STATE_CONNECTED
/home/ec2-user/arduino-t</pre>

					
					<h4>examples/01.LineNotify</h4>
					<p>
						Result: <b>FAIL</b>
					</p>
					<pre class="pre-scrollable">WARNING: library TridentTD_Linenotify claims to run on esp8266, esp32 architecture(s) and may be incompatible with your current board which runs on samd architecture(s).
In file included from /home/ec2-user/arduino-testlib/cli-datadir/user/libraries/TridentTD_Linenotify/examples/01.LineNotify/01.LineNotify.ino:9:0:
/home/ec2-user/arduino-testlib/cli-datadir/user/libraries/TridentTD_Linenotify/src/TridentTD_LineNotify.h:94:43: error: &#39;fs&#39; has not been declared
     bool    notifyPicture(String message, fs::FS &amp;fs, String path);
                                           ^~
/home/ec2-user/arduino-testlib/cli-datadir/user/libraries/TridentTD_Linenotify/src/TridentTD_LineNotify.h:94:50: error: expected &#39;,&#39; or &#39;...&#39; before &#39;&amp;&#39; token
     bool    notifyPicture(String message, fs::FS &amp;fs, String path);
                                                  ^
/home/ec2-user/arduino-testlib/cli-datadir/user/libraries/TridentTD_Linenotify/src/TridentTD_LineNotify.h:95:27: error: &#39;fs&#39; has not been declared
     bool    notifyPicture(fs::FS &amp;fs, String path);
                           ^~
/home/ec2-user/arduino-testlib/cli-datadir/user/libraries/TridentTD_Linenotify/src/TridentTD_LineNotify.h:95:34: error: expected &#39;,&#39; or &#39;...&#39; before &#39;&amp;&#39; token
     bool    notifyPicture(fs::FS &amp;fs, String path);
                                  ^
/home/ec2-user/arduino-testlib/cli-datadir/user/libraries/TridentTD_Linenotify/src/TridentTD_LineNotify.h:105:105: error: &#39;fs&#39; has not been declared
     bool        _notify(String message, int StickerPackageID=0, int StickerID=0, String picture_url=&#34;&#34;, fs::FS &amp;fs=SPIFFS , String path=&#34;&#34;, uint8_t* image_data=NULL, size_t image_size=0);
                                                                                                         ^~
/home/ec2-user/arduino-testlib/cli-datadir/user/libraries/TridentTD_Linenotify/src/TridentTD_LineNotify.h:105:112: error: expected &#39;,&#39; or &#39;...&#39; before &#39;&amp;&#39; token
     bool        _notify(String message, int StickerPackageID=0, int StickerID=0, String picture_url=&#34;&#34;, fs::FS &amp;fs=SPIFFS , String path=&#34;&#34;, uint8_t* image_data=NULL, size_t image_size=0);
                                                                                                                ^
/home/ec2-user/arduino-testlib/cli-datadir/user/libraries/TridentTD_Linenotify/src/TridentTD_LineNotify.h:105:17: error: default argument missing for parameter 5 of &#39;bool TridentTD_LineNotify::_notify(arduino::String, int, int, arduino::String, int)&#39;
     bool        _notify(String message, int StickerPackageID=0, int StickerID=0, String picture_url=&#34;&#34;, fs::FS &amp;fs=SPIFFS , String path=&#34;&#34;, uint8_t* image_data=NULL, size_t image_size=0);
                 ^~~~~~~
/home/ec2-user/arduino-testlib/cli-datadir/user/libraries/TridentTD_Linenotify/examples/01.LineNotify/01.LineNotify.ino: In function &#39;void setup()&#39;:
/home/ec2-user/arduino-testlib/cli-datadir/user/libraries/TridentTD_Linenotify/examples/01.LineNotify/01.LineNotify.ino:19:3: error: &#39;WiFi&#39; was not declared in this scope
   WiFi.begin(SSID, PASSWORD);
   ^~~~
/home/ec2-user/arduino-testlib/cli-datadir/user/libraries/TridentTD_Linenotify/examples/01.LineNotify/01.LineNotify.ino:20:10: error: &#39;class Serial_&#39; has no member named &#39;printf&#39;; did you mean &#39;print&#39;?
   Serial.printf(&#34;WiFi connecting to %s\n&#34;,  SSID);
          ^~~~~~
          print
/home/ec2-user/arduino-testlib/cli-datadir/user/libraries/TridentTD_Linenotify/examples/01.LineNotify/01.LineNotify.ino:21:26: error: &#39;WL_CONNECTED&#39; was not declared in this scope
   while(WiFi.status() != WL_CONNECTED) { Serial.print(&#34;.&#34;); delay(400); }
                          ^~~~~~~~~~~~
/home/ec2-user/arduino-testlib/cli-datadir/user/libraries/TridentTD_Linenotify/examples/01.LineNotify/01.LineNotify.ino:21:26: note: suggested alternative: &#39;UHD_STATE_CONNECTED&#39;
   while(WiFi.status() != WL_CONNECTED) { Serial.print(&#34;.&#34;); delay(400); }
                          ^~~~~~~~~~~~
                          UHD_STATE_CONNECTED
/home/ec2-user/arduino-testlib/cli-datadir/user/libraries/TridentTD_Linenotify/examples/01.LineNotify/01.LineNotify.ino:22:10: error: &#39;class Serial_&#39; has no member named &#39;printf&#39;; did you mean &#39;print&#39;?
   Serial.printf(&#34;\nWiFi connected\nIP : &#34;);
          ^~~~~~
          print

</pre>
					
					<h4>examples/02.MultipleTokens</h4>
					<p>
						Result: <b>FAIL</b>
					</p>
					<pre class="pre-scrollable">WARNING: library TridentTD_Linenotify claims to run on esp8266, esp32 architecture(s) and may be incompatible with your current board which runs on samd architecture(s).
In file included from /home/ec2-user/arduino-testlib/cli-datadir/user/libraries/TridentTD_Linenotify/examples/02.MultipleTokens/02.MultipleTokens.ino:1:0:
/home/ec2-user/arduino-testlib/cli-datadir/user/libraries/TridentTD_Linenotify/src/TridentTD_LineNotify.h:94:43: error: &#39;fs&#39; has not been declared
     bool    notifyPicture(String message, fs::FS &amp;fs, String path);
                                           ^~
/home/ec2-user/arduino-testlib/cli-datadir/user/libraries/TridentTD_Linenotify/src/TridentTD_LineNotify.h:94:50: error: expected &#39;,&#39; or &#39;...&#39; before &#39;&amp;&#39; token
     bool    notifyPicture(String message, fs::FS &amp;fs, String path);
                                                  ^
/home/ec2-user/arduino-testlib/cli-datadir/user/libraries/TridentTD_Linenotify/src/TridentTD_LineNotify.h:95:27: error: &#39;fs&#39; has not been declared
     bool    notifyPicture(fs::FS &amp;fs, String path);
                           ^~
/home/ec2-user/arduino-testlib/cli-datadir/user/libraries/TridentTD_Linenotify/src/TridentTD_LineNotify.h:95:34: error: expected &#39;,&#39; or &#39;...&#39; before &#39;&amp;&#39; token
     bool    notifyPicture(fs::FS &amp;fs, String path);
                                  ^
/home/ec2-user/arduino-testlib/cli-datadir/user/libraries/TridentTD_Linenotify/src/TridentTD_LineNotify.h:105:105: error: &#39;fs&#39; has not been declared
     bool        _notify(String message, int StickerPackageID=0, int StickerID=0, String picture_url=&#34;&#34;, fs::FS &amp;fs=SPIFFS , String path=&#34;&#34;, uint8_t* image_data=NULL, size_t image_size=0);
                                                                                                         ^~
/home/ec2-user/arduino-testlib/cli-datadir/user/libraries/TridentTD_Linenotify/src/TridentTD_LineNotify.h:105:112: error: expected &#39;,&#39; or &#39;...&#39; before &#39;&amp;&#39; token
     bool        _notify(String message, int StickerPackageID=0, int StickerID=0, String picture_url=&#34;&#34;, fs::FS &amp;fs=SPIFFS , String path=&#34;&#34;, uint8_t* image_data=NULL, size_t image_size=0);
                                                                                                                ^
/home/ec2-user/arduino-testlib/cli-datadir/user/libraries/TridentTD_Linenotify/src/TridentTD_LineNotify.h:105:17: error: default argument missing for parameter 5 of &#39;bool TridentTD_LineNotify::_notify(arduino::String, int, int, arduino::String, int)&#39;
     bool        _notify(String message, int StickerPackageID=0, int StickerID=0, String picture_url=&#34;&#34;, fs::FS &amp;fs=SPIFFS , String path=&#34;&#34;, uint8_t* image_data=NULL, size_t image_size=0);
                 ^~~~~~~
/home/ec2-user/arduino-testlib/cli-datadir/user/libraries/TridentTD_Linenotify/examples/02.MultipleTokens/02.MultipleTokens.ino: In function &#39;void setup()&#39;:
/home/ec2-user/arduino-testlib/cli-datadir/user/libraries/TridentTD_Linenotify/examples/02.MultipleTokens/02.MultipleTokens.ino:12:3: error: &#39;WiFi&#39; was not declared in this scope
   WiFi.begin( SSID, PASSWORD );
   ^~~~

</pre>
					
					<h4>examples/03.SPIFFS_ImageFile_notify</h4>
					<p>
						Result: <b>FAIL</b>
					</p>
					<pre class="pre-scrollable">WARNING: library TridentTD_Linenotify claims to run on esp8266, esp32 architecture(s) and may be incompatible with your current board which runs on samd architecture(s).
In file included from /home/ec2-user/arduino-testlib/cli-datadir/user/libraries/TridentTD_Linenotify/examples/03.SPIFFS_ImageFile_notify/03.SPIFFS_ImageFile_notify.ino:6:0:
/home/ec2-user/arduino-testlib/cli-datadir/user/libraries/TridentTD_Linenotify/src/TridentTD_LineNotify.h:94:43: error: &#39;fs&#39; has not been declared
     bool    notifyPicture(String message, fs::FS &amp;fs, String path);
                                           ^~
/home/ec2-user/arduino-testlib/cli-datadir/user/libraries/TridentTD_Linenotify/src/TridentTD_LineNotify.h:94:50: error: expected &#39;,&#39; or &#39;...&#39; before &#39;&amp;&#39; token
     bool    notifyPicture(String message, fs::FS &amp;fs, String path);
                                                  ^
/home/ec2-user/arduino-testlib/cli-datadir/user/libraries/TridentTD_Linenotify/src/TridentTD_LineNotify.h:95:27: error: &#39;fs&#39; has not been declared
     bool    notifyPicture(fs::FS &amp;fs, String path);
                           ^~
/home/ec2-user/arduino-testlib/cli-datadir/user/libraries/TridentTD_Linenotify/src/TridentTD_LineNotify.h:95:34: error: expected &#39;,&#39; or &#39;...&#39; before &#39;&amp;&#39; token
     bool    notifyPicture(fs::FS &amp;fs, String path);
                                  ^
/home/ec2-user/arduino-testlib/cli-datadir/user/libraries/TridentTD_Linenotify/src/TridentTD_LineNotify.h:105:105: error: &#39;fs&#39; has not been declared
     bool        _notify(String message, int StickerPackageID=0, int StickerID=0, String picture_url=&#34;&#34;, fs::FS &amp;fs=SPIFFS , String path=&#34;&#34;, uint8_t* image_data=NULL, size_t image_size=0);
                                                                                                         ^~
/home/ec2-user/arduino-testlib/cli-datadir/user/libraries/TridentTD_Linenotify/src/TridentTD_LineNotify.h:105:112: error: expected &#39;,&#39; or &#39;...&#39; before &#39;&amp;&#39; token
     bool        _notify(String message, int StickerPackageID=0, int StickerID=0, String picture_url=&#34;&#34;, fs::FS &amp;fs=SPIFFS , String path=&#34;&#34;, uint8_t* image_data=NULL, size_t image_size=0);
                                                                                                                ^
/home/ec2-user/arduino-testlib/cli-datadir/user/libraries/TridentTD_Linenotify/src/TridentTD_LineNotify.h:105:17: error: default argument missing for parameter 5 of &#39;bool TridentTD_LineNotify::_notify(arduino::String, int, int, arduino::String, int)&#39;
     bool        _notify(String message, int StickerPackageID=0, int StickerID=0, String picture_url=&#34;&#34;, fs::FS &amp;fs=SPIFFS , String path=&#34;&#34;, uint8_t* image_data=NULL, size_t image_size=0);
                 ^~~~~~~
/home/ec2-user/arduino-testlib/cli-datadir/user/libraries/TridentTD_Linenotify/examples/03.SPIFFS_ImageFile_notify/03.SPIFFS_ImageFile_notify.ino: In function &#39;void setup()&#39;:
/home/ec2-user/arduino-testlib/cli-datadir/user/libraries/TridentTD_Linenotify/examples/03.SPIFFS_ImageFile_notify/03.SPIFFS_ImageFile_notify.ino:16:7: error: &#39;SPIFFS&#39; was not declared in this scope
   if(!SPIFFS.begin()){
       ^~~~~~
/home/ec2-user/arduino-testlib/cli-datadir/user/libraries/TridentTD_Linenotify/examples/03.SPIFFS_ImageFile_notify/03.SPIFFS_ImageFile_notify.ino:16:7: note: suggested alternative: &#39;SPIWIFI&#39;
   if(!SPIFFS.begin()){
       ^~~~~~
       SPIWIFI
/home/ec2-user/arduino-testlib/cli-datadir/user/libraries/TridentTD_Linenotify/examples/03.SPIFFS_ImageFile_notify/03.SPIFFS_ImageFile_notify.ino:21:3: error: &#39;WiFi&#39; was not declared in this scope
   WiFi.begin(SSID, PASSWORD);
   ^~~~
/home/ec2-user/arduino-testlib/cli-datadir/user/libraries/TridentTD_Linenotify/examples/03.SPIFFS_ImageFile_notify/03.SPIFFS_ImageFile_notify.ino:22:10: error: &#39;class Serial_&#39; has no member named &#39;printf&#39;; did you mean &#39;print&#39;?
   Serial.printf(&#34;WiFi connecting to %s\n&#34;,  SSID);
          ^~~~~~
          print
/home/ec2-user/arduino-testlib/cli-datadir/user/libraries/TridentTD_Linenotify/examples/03.SPIFFS_ImageFile_notify/03.SPIFFS_ImageFile_notify.ino:23:26: error: &#39;WL_CONNECTED&#39; was not declared in this scope
   while(WiFi.status() != WL_CONNECTED) { Serial.print(&#34;.&#34;); delay(400); }
                          ^~~~~~~~~~~~
/home/ec2-user/arduino-testlib/cli-datadir/user/libraries/TridentTD_Linenotify/examples/03.SPIFFS_ImageFile_notify/03.SPIFFS_ImageFile_notify.ino:23:26: note: suggested alternative: &#39;UHD_STATE_CONNECTED&#39;
   while(WiFi.status() != WL_CONNECTED) { Serial.print(&#34;.&#34;); delay(400); }
                          ^~~~~~~~~~~~
                          UHD_STATE_CONNECTED
/home/ec2-user/arduino-testlib/cli-datadir/user/libraries/TridentTD_Linenotify/examples/03.SPIFFS_ImageFile_notify/03.SPIFFS_ImageFile_notify.ino:24:10: error: &#39;class Serial_&#39; has no member named &#39;printf&#39;; did you mean &#39;print&#39;?
   Serial.printf(&#34;\nWiFi connected\nIP : &#34;);
          ^~~~~~
          print
/home/ec2-user/arduino-testlib/cli-datadir/user/libraries/TridentTD_Linenotify/examples/03.SPIFFS_ImageFile_notify/03.SPIFFS_ImageFile_notify.ino:30:40: error: &#39;SPIFFS&#39; was not declared in this scope
   LINE.notifyPicture(&#34;Hello My Tiger&#34;, SPIFFS, &#34;/tiger.jpg&#34;);  // ใช้ได้ทั้ง ESP8266 และ ESP32
                                        ^~~~~~
/home/ec2-user/arduino-testlib/cli-datadir/user/libraries/TridentTD_Linenotify/examples/03.SPIFFS_ImageFile_notify/03.SPIFFS_ImageFile_notify.ino:30:40: note: suggested alternative: &#39;SPIWIFI&#39;
   LINE.notifyPicture(&#34;Hello My Tiger&#34;, SPIFFS, &#34;/tiger.jpg&#34;);  // ใช้ได้ทั้ง ESP8266 และ ESP32
                                        ^~~~~~
                                        SPIWIFI

</pre>
					
					<h4>examples/04.SD_ImageFile_notify</h4>
					<p>
						Result: <b>FAIL</b>
					</p>
					<pre class="pre-scrollable">WARNING: library TridentTD_Linenotify claims to run on esp8266, esp32 architecture(s) and may be incompatible with your current board which runs on samd architecture(s).
In file included from /home/ec2-user/arduino-testlib/cli-datadir/user/libraries/TridentTD_Linenotify/examples/04.SD_ImageFile_notify/04.SD_ImageFile_notify.ino:17:0:
/home/ec2-user/arduino-testlib/cli-datadir/user/libraries/TridentTD_Linenotify/src/TridentTD_LineNotify.h:94:43: error: &#39;fs&#39; has not been declared
     bool    notifyPicture(String message, fs::FS &amp;fs, String path);
                                           ^~
/home/ec2-user/arduino-testlib/cli-datadir/user/libraries/TridentTD_Linenotify/src/TridentTD_LineNotify.h:94:50: error: expected &#39;,&#39; or &#39;...&#39; before &#39;&amp;&#39; token
     bool    notifyPicture(String message, fs::FS &amp;fs, String path);
                                                  ^
/home/ec2-user/arduino-testlib/cli-datadir/user/libraries/TridentTD_Linenotify/src/TridentTD_LineNotify.h:95:27: error: &#39;fs&#39; has not been declared
     bool    notifyPicture(fs::FS &amp;fs, String path);
                           ^~
/home/ec2-user/arduino-testlib/cli-datadir/user/libraries/TridentTD_Linenotify/src/TridentTD_LineNotify.h:95:34: error: expected &#39;,&#39; or &#39;...&#39; before &#39;&amp;&#39; token
     bool    notifyPicture(fs::FS &amp;fs, String path);
                                  ^
/home/ec2-user/arduino-testlib/cli-datadir/user/libraries/TridentTD_Linenotify/src/TridentTD_LineNotify.h:105:105: error: &#39;fs&#39; has not been declared
     bool        _notify(String message, int StickerPackageID=0, int StickerID=0, String picture_url=&#34;&#34;, fs::FS &amp;fs=SPIFFS , String path=&#34;&#34;, uint8_t* image_data=NULL, size_t image_size=0);
                                                                                                         ^~
/home/ec2-user/arduino-testlib/cli-datadir/user/libraries/TridentTD_Linenotify/src/TridentTD_LineNotify.h:105:112: error: expected &#39;,&#39; or &#39;...&#39; before &#39;&amp;&#39; token
     bool        _notify(String message, int StickerPackageID=0, int StickerID=0, String picture_url=&#34;&#34;, fs::FS &amp;fs=SPIFFS , String path=&#34;&#34;, uint8_t* image_data=NULL, size_t image_size=0);
                                                                                                                ^
/home/ec2-user/arduino-testlib/cli-datadir/user/libraries/TridentTD_Linenotify/src/TridentTD_LineNotify.h:105:17: error: default argument missing for parameter 5 of &#39;bool TridentTD_LineNotify::_notify(arduino::String, int, int, arduino::String, int)&#39;
     bool        _notify(String message, int StickerPackageID=0, int StickerID=0, String picture_url=&#34;&#34;, fs::FS &amp;fs=SPIFFS , String path=&#34;&#34;, uint8_t* image_data=NULL, size_t image_size=0);
                 ^~~~~~~
/home/ec2-user/arduino-testlib/cli-datadir/user/libraries/TridentTD_Linenotify/examples/04.SD_ImageFile_notify/04.SD_ImageFile_notify.ino: In function &#39;void setup()&#39;:
/home/ec2-user/arduino-testlib/cli-datadir/user/libraries/TridentTD_Linenotify/examples/04.SD_ImageFile_notify/04.SD_ImageFile_notify.ino:33:3: error: &#39;WiFi&#39; was not declared in this scope
   WiFi.begin(SSID, PASSWORD);
   ^~~~
/home/ec2-user/arduino-testlib/cli-datadir/user/libraries/TridentTD_Linenotify/examples/04.SD_ImageFile_notify/04.SD_ImageFile_notify.ino:34:10: error: &#39;class Serial_&#39; has no member named &#39;printf&#39;; did you mean &#39;print&#39;?
   Serial.printf(&#34;WiFi connecting to %s\n&#34;,  SSID);
          ^~~~~~
          print
/home/ec2-user/arduino-testlib/cli-datadir/user/libraries/TridentTD_Linenotify/examples/04.SD_ImageFile_notify/04.SD_ImageFile_notify.ino:35:26: error: &#39;WL_CONNECTED&#39; was not declared in this scope
   while(WiFi.status() != WL_CONNECTED) { Serial.print(&#34;.&#34;); delay(400); }
                          ^~~~~~~~~~~~
/home/ec2-user/arduino-testlib/cli-datadir/user/libraries/TridentTD_Linenotify/examples/04.SD_ImageFile_notify/04.SD_ImageFile_notify.ino:36:10: error: &#39;class Serial_&#39; has no member named &#39;printf&#39;; did you mean &#39;print&#39;?
   Serial.printf(&#34;\nWiFi connected\nIP : &#34;);
          ^~~~~~
          print
/home/ec2-user/arduino-testlib/cli-datadir/user/libraries/TridentTD_Linenotify/examples/04.SD_ImageFile_notify/04.SD_ImageFile_notify.ino:42:56: error: no matching function for call to &#39;TridentTD_LineNotify::notifyPicture(const char [15], SDLib::SDClass&amp;, const char [11])&#39;
   LINE.notifyPicture(&#34;Hello My Tiger&#34;, SD, &#34;/tiger.jpg&#34;);   // สำหรับ ESP32 เท่านั้น
                                                        ^
In file included from /home/ec2-user/arduino-testlib/cli-datadir/user/libraries/TridentTD_Linenotify/examples/04.SD_ImageFile_notify/04.SD_ImageFile_notify.ino:17:0:
/home/ec2-user/arduino-testlib/cli-datadir/user/libraries/TridentTD_Linenotify/src/TridentTD_LineNotify.h:90:13: note: candidate: bool TridentTD_LineNotify::notifyPicture(arduino::String, arduino::String)
     bool    notifyPicture(String message, String picture_url);
             ^~~~~~~~~~~~~
/home/ec2-user/arduino-testlib/cli-datadir/user/libraries/TridentTD_Linenotify/src/TridentTD_LineNotify.h:90:13: note:   candidate expects 2 arguments, 3 provided
/home/ec2-user/arduino-testlib/cli-datadir/user/libraries/TridentTD_Linenotify/src/TridentTD_LineNotify.h:91:13: note: candidate: bool TridentTD_LineNotify::notifyPicture(arduino::String)
     bool    notifyPicture(String picture_url);
             ^~~~~~~~~~~~~
/home/ec2-user/arduino-testlib/cli-datadir/user/libraries/TridentTD_Linenotify/src/TridentTD_LineNotify.h:91:13: note:   candidate expects 1 argument, 3 provided
/home/ec2-user/arduino-testlib/cli-datadir/user/libraries/TridentTD_Linenotify/src/TridentTD_LineNotify.h:94:13: note: candidate: bool TridentTD_LineNotify::notifyPicture(arduino::String, int)
     bool    notifyPicture(String message, fs::FS &amp;fs, String path);
             ^~~~~~~~~~~~~
/home/ec2-user/arduino-testlib/cli-datadir/user/libraries/TridentTD_Linenotify/src/TridentTD_LineNotify.h:94:13: note:   candidate expects 2 arguments, 3 provided
/home/ec2-user/arduino-testlib/cli-datadir/user/libraries/TridentTD_Linenotify/src/TridentTD_LineNotify.h:95:13: note: candidate: bool TridentTD_LineNotify::notifyPicture(int)
     bool    notifyPicture(fs::FS &amp;fs, String path);
             ^~~~~~~~~~~~~
/home/ec2-user/arduino-testlib/cli-datadir/user/libraries/TridentTD_Linenotify/src/TridentTD_LineNotify.h:95:13: note:   candidate expects 1 argument, 3 provided
/home/ec2-user/arduino-testlib/cli-datadir/user/libraries/TridentTD_Linenotify/src/TridentTD_LineNotify.h:98:13: note: candidate: bool TridentTD_LineNotify::notifyPicture(arduino::String, uint8_t*, size_t)
     bool    notifyPicture(String message, uint8_t* image_data, size_t image_size);
             ^~~~~~~~~~~~~
/home/ec2-user/arduino-testlib/cli-datadir/user/libraries/TridentTD_Linenotify/src/TridentTD_LineNotify.h:98:13: note:   no known conversion for argument 2 from &#39;SDLib::SDClass&#39; to &#39;uint8_t* {aka unsigned char*}&#39;
/home/ec2-user/arduino-testlib/cli-datadir/user/libraries/TridentTD_Linenotify/src/TridentTD_LineNotify.h:99:13: note: candidate: bool TridentTD_LineNotify::notifyPicture(uint8_t*, size_t)
     bool    notifyPicture(uint8_t* image_data, size_t image_size);
             ^~~~~~~~~~~~~
/home/ec2-user/arduino-testlib/cli-datadir/user/libraries/TridentTD_Linenotify/src/TridentTD_LineNotify.h:99:13: note:   candidate expects 2 arguments, 3 provided

</pre>
					
					<h4>examples/05.CameraCapture_notify</h4>
					<p>
						Result: <b>FAIL</b>
					</p>
					<pre class="pre-scrollable">/home/ec2-user/arduino-testlib/cli-datadir/user/libraries/TridentTD_Linenotify/examples/05.CameraCapture_notify/05.CameraCapture_notify.ino:2:10: fatal error: OV2640.h: No such file or directory
 #include &lt;OV2640.h&gt;     // ติดตั้ง library กล้องให้เรียบร้อย https://github.com/LilyGO/ESP32-Camera
          ^~~~~~~~~~
compilation terminated.

</pre>
					
					<h4>examples/06.FixedIP_LineNotify</h4>
					<p>
						Result: <b>FAIL</b>
					</p>
					<pre class="pre-scrollable">WARNING: library TridentTD_Linenotify claims to run on esp8266, esp32 architecture(s) and may be incompatible with your current board which runs on samd architecture(s).
In file included from /home/ec2-user/arduino-testlib/cli-datadir/user/libraries/TridentTD_Linenotify/examples/06.FixedIP_LineNotify/06.FixedIP_LineNotify.ino:11:0:
/home/ec2-user/arduino-testlib/cli-datadir/user/libraries/TridentTD_Linenotify/src/TridentTD_LineNotify.h:94:43: error: &#39;fs&#39; has not been declared
     bool    notifyPicture(String message, fs::FS &amp;fs, String path);
                                           ^~
/home/ec2-user/arduino-testlib/cli-datadir/user/libraries/TridentTD_Linenotify/src/TridentTD_LineNotify.h:94:50: error: expected &#39;,&#39; or &#39;...&#39; before &#39;&amp;&#39; token
     bool    notifyPicture(String message, fs::FS &amp;fs, String path);
                                                  ^
/home/ec2-user/arduino-testlib/cli-datadir/user/libraries/TridentTD_Linenotify/src/TridentTD_LineNotify.h:95:27: error: &#39;fs&#39; has not been declared
     bool    notifyPicture(fs::FS &amp;fs, String path);
                           ^~
/home/ec2-user/arduino-testlib/cli-datadir/user/libraries/TridentTD_Linenotify/src/TridentTD_LineNotify.h:95:34: error: expected &#39;,&#39; or &#39;...&#39; before &#39;&amp;&#39; token
     bool    notifyPicture(fs::FS &amp;fs, String path);
                                  ^
/home/ec2-user/arduino-testlib/cli-datadir/user/libraries/TridentTD_Linenotify/src/TridentTD_LineNotify.h:105:105: error: &#39;fs&#39; has not been declared
     bool        _notify(String message, int StickerPackageID=0, int StickerID=0, String picture_url=&#34;&#34;, fs::FS &amp;fs=SPIFFS , String path=&#34;&#34;, uint8_t* image_data=NULL, size_t image_size=0);
                                                                                                         ^~
/home/ec2-user/arduino-testlib/cli-datadir/user/libraries/TridentTD_Linenotify/src/TridentTD_LineNotify.h:105:112: error: expected &#39;,&#39; or &#39;...&#39; before &#39;&amp;&#39; token
     bool        _notify(String message, int StickerPackageID=0, int StickerID=0, String picture_url=&#34;&#34;, fs::FS &amp;fs=SPIFFS , String path=&#34;&#34;, uint8_t* image_data=NULL, size_t image_size=0);
                                                                                                                ^
/home/ec2-user/arduino-testlib/cli-datadir/user/libraries/TridentTD_Linenotify/src/TridentTD_LineNotify.h:105:17: error: default argument missing for parameter 5 of &#39;bool TridentTD_LineNotify::_notify(arduino::String, int, int, arduino::String, int)&#39;
     bool        _notify(String message, int StickerPackageID=0, int StickerID=0, String picture_url=&#34;&#34;, fs::FS &amp;fs=SPIFFS , String path=&#34;&#34;, uint8_t* image_data=NULL, size_t image_size=0);
                 ^~~~~~~
/home/ec2-user/arduino-testlib/cli-datadir/user/libraries/TridentTD_Linenotify/examples/06.FixedIP_LineNotify/06.FixedIP_LineNotify.ino: In function &#39;void setup()&#39;:
/home/ec2-user/arduino-testlib/cli-datadir/user/libraries/TridentTD_Linenotify/examples/06.FixedIP_LineNotify/06.FixedIP_LineNotify.ino:25:3: error: &#39;WiFi&#39; was not declared in this scope
   WiFi.config(fixed_ip, gateway_ip, subnet, gateway_ip);
   ^~~~
/home/ec2-user/arduino-testlib/cli-datadir/user/libraries/TridentTD_Linenotify/examples/06.FixedIP_LineNotify/06.FixedIP_LineNotify.ino:27:10: error: &#39;class Serial_&#39; has no member named &#39;printf&#39;; did you mean &#39;print&#39;?
   Serial.printf(&#34;WiFi connecting to %s\n&#34;,  SSID);
          ^~~~~~
          print
/home/ec2-user/arduino-testlib/cli-datadir/user/libraries/TridentTD_Linenotify/examples/06.FixedIP_LineNotify/06.FixedIP_LineNotify.ino:28:26: error: &#39;WL_CONNECTED&#39; was not declared in this scope
   while(WiFi.status() != WL_CONNECTED) { Serial.print(&#34;.&#34;); delay(400); }
                          ^~~~~~~~~~~~
/home/ec2-user/arduino-testlib/cli-datadir/user/libraries/TridentTD_Linenotify/examples/06.FixedIP_LineNotify/06.FixedIP_LineNotify.ino:28:26: note: suggested alternative: &#39;UHD_STATE_CONNECTED&#39;
   while(WiFi.status() != WL_CONNECTED) { Serial.print(&#34;.&#34;); delay(400); }
                          ^~~~~~~~~~~~
                          UHD_STATE_CONNECTED
/home/ec2-user/arduino-testlib/cli-datadir/user/libraries/TridentTD_Linenotify/examples/06.FixedIP_LineNotify/06.FixedIP_LineNotify.ino:29:10: error: &#39;class Serial_&#39; has no member named &#39;printf&#39;; did you mean &#39;print&#39;?
   Serial.printf(&#34;\nWiFi connected\nIP : &#34;);
          ^~~~~~
          print

</pre>
					
				
				<h3 id="esp32:esp32:d1_mini32">esp32:esp32:d1_mini32 @ 1.0.6</h3>
				<h4>Inclusion</h4>
				<p>
					Result: <b>PASS</b>
					
				</p>
				<pre class="pre-scrollable">Sketch uses 266762 bytes (20%) of program storage space. Maximum is 1310720 bytes.
Global variables use 13680 bytes (4%) of dynamic memory, leaving 314000 bytes for local variables. Maximum is 327680 bytes.
</pre>

					
					<h4>examples/01.LineNotify</h4>
					<p>
						Result: <b>PASS</b>
					</p>
					<pre class="pre-scrollable">Sketch uses 874198 bytes (66%) of program storage space. Maximum is 1310720 bytes.
Global variables use 38784 bytes (11%) of dynamic memory, leaving 288896 bytes for local variables. Maximum is 327680 bytes.
</pre>
					
					<h4>examples/02.MultipleTokens</h4>
					<p>
						Result: <b>PASS</b>
					</p>
					<pre class="pre-scrollable">Sketch uses 871206 bytes (66%) of program storage space. Maximum is 1310720 bytes.
Global variables use 38784 bytes (11%) of dynamic memory, leaving 288896 bytes for local variables. Maximum is 327680 bytes.
</pre>
					
					<h4>examples/03.SPIFFS_ImageFile_notify</h4>
					<p>
						Result: <b>PASS</b>
					</p>
					<pre class="pre-scrollable">Sketch uses 900130 bytes (68%) of program storage space. Maximum is 1310720 bytes.
Global variables use 38792 bytes (11%) of dynamic memory, leaving 288888 bytes for local variables. Maximum is 327680 bytes.
</pre>
					
					<h4>examples/04.SD_ImageFile_notify</h4>
					<p>
						Result: <b>FAIL</b>
					</p>
					<pre class="pre-scrollable">In file included from /home/ec2-user/arduino-testlib/cli-datadir/user/libraries/SD/src/utility/Sd2Card.h:26:0,
                 from /home/ec2-user/arduino-testlib/cli-datadir/user/libraries/SD/src/utility/SdFat.h:29,
                 from /home/ec2-user/arduino-testlib/cli-datadir/user/libraries/SD/src/SD.h:20,
                 from /home/ec2-user/arduino-testlib/cli-datadir/user/libraries/TridentTD_Linenotify/examples/04.SD_ImageFile_notify/04.SD_ImageFile_notify.ino:18:
/home/ec2-user/arduino-testlib/cli-datadir/user/libraries/SD/src/utility/Sd2PinMap.h:524:2: error: #error Architecture or board not supported.
 #error Architecture or board not supported.
  ^
Multiple libraries were found for &#34;WiFi.h&#34;
  Used: /home/ec2-user/arduino-testlib/cli-datadir/data/packages/esp32/hardware/esp32/1.0.6/libraries/WiFi
  Not used: /home/ec2-user/arduino-testlib/cli-datadir/user/libraries/WiFiEspAT
  Not used: /home/ec2-user/arduino-testlib/cli-datadir/user/libraries/Seeed_Arduino_rpcWiFi
  Not used: /home/ec2-user/arduino-testlib/cli-datadir/user/libraries/WiFiNINA
  Not used: /home/ec2-user/arduino-testlib/cli-datadir/user/libraries/WiFi
Multiple libraries were found for &#34;WiFiClientSecure.h&#34;
  Used: /home/ec2-user/arduino-testlib/cli-datadir/data/packages/esp32/hardware/esp32/1.0.6/libraries/WiFiClientSecure
  Not used: /home/ec2-user/arduino-testlib/cli-datadir/user/libraries/Seeed_Arduino_rpcWiFi
Multiple libraries were found for &#34;SD.h&#34;
  Used: /home/ec2-user/arduino-testlib/cli-datadir/user/libraries/SD
  Not used: /home/ec2-user/arduino-testlib/cli-datadir/data/packages/esp32/hardware/esp32/1.0.6/libraries/SD
</pre>
					
					<h4>examples/05.CameraCapture_notify</h4>
					<p>
						Result: <b>FAIL</b>
					</p>
					<pre class="pre-scrollable">/home/ec2-user/arduino-testlib/cli-datadir/user/libraries/TridentTD_Linenotify/examples/05.CameraCapture_notify/05.CameraCapture_notify.ino:2:148: fatal error: OV2640.h: No such file or directory
compilation terminated.
Multiple libraries were found for &#34;WiFi.h&#34;
  Used: /home/ec2-user/arduino-testlib/cli-datadir/data/packages/esp32/hardware/esp32/1.0.6/libraries/WiFi
  Not used: /home/ec2-user/arduino-testlib/cli-datadir/user/libraries/WiFi
  Not used: /home/ec2-user/arduino-testlib/cli-datadir/user/libraries/Seeed_Arduino_rpcWiFi
  Not used: /home/ec2-user/arduino-testlib/cli-datadir/user/libraries/WiFiEspAT
  Not used: /home/ec2-user/arduino-testlib/cli-datadir/user/libraries/WiFiNINA
Multiple libraries were found for &#34;WiFiClientSecure.h&#34;
  Used: /home/ec2-user/arduino-testlib/cli-datadir/data/packages/esp32/hardware/esp32/1.0.6/libraries/WiFiClientSecure
  Not used: /home/ec2-user/arduino-testlib/cli-datadir/user/libraries/Seeed_Arduino_rpcWiFi
</pre>
					
					<h4>examples/06.FixedIP_LineNotify</h4>
					<p>
						Result: <b>PASS</b>
					</p>
					<pre class="pre-scrollable">Sketch uses 875074 bytes (66%) of program storage space. Maximum is 1310720 bytes.
Global variables use 38808 bytes (11%) of dynamic memory, leaving 288872 bytes for local variables. Maximum is 327680 bytes.
</pre>
					
				
			</div>
		</div>
	</div>
  </body>
</html>
