
<!doctype html>
<html lang="en">
  <head>
    <meta charset="utf-8">
    <meta name="viewport" content="width=device-width, initial-scale=1">
    <link href="https://cdn.jsdelivr.net/npm/bootstrap@5.0.2/dist/css/bootstrap.min.css" rel="stylesheet" integrity="sha384-EVSTQN3/azprG1Anm3QDgpJLIm9Nao0Yz1ztcQTwFspd3yD65VohhpuuCOmLASjC" crossorigin="anonymous">
    <title>arduino-testlib report</title>
	<style>
	.pass { background-color: #00FF00 !important; }
	.fail { background-color: #FF0000 !important; }
	</style>
  </head>
  <body>
	<div class="container">
		<div class="row">
			<div class="col">
				<h1>unzipLIB - compatibility matrix</h1>
				<p>
					<small>This report was generated on Monday, 21-Feb-22 12:00:25 CET using 
					<a href="https://github.com/alranel/arduino-testlib">arduino-testlib</a>.</small>
				</p>

				<h2>unzipLIB</h2>
				<p>
					Version: <b>1.0.0</b>
					<br />
					<a href="https://www.arduino.cc/reference/en/libraries/unziplib/">More details</a>
				</p>

				<h2>Compatibility matrix</h2>
				<table class="table table-bordered">
					<tr>
						<th>Board</th>
						<th>Claims compatibility</th>
						<th>Inclusion</th>
						
						<th><pre>lcd_example</pre></th>
						
						<th><pre>list_files</pre></th>
						
						<th><pre>unzip_sdcard</pre></th>
						
					</tr>
					
					<tr>
						<td>
							<a href="#arduino%3aavr%3auno"><b>arduino:avr:uno</b></a>
							<br />
							<small>1.8.4</small>
						</td>

						
						
						
							<td>Yes ⚠️</td>
							<td class="fail">FAIL</td>
						
						

						
							
								
									
										
											
											<td class="fail">FAIL</td>
										
									
										
									
										
									
								
							
								
							
								
							
								
							
								
							
						
							
								
									
										
									
										
											
											<td class="fail">FAIL</td>
										
									
										
									
								
							
								
							
								
							
								
							
								
							
						
							
								
									
										
									
										
									
										
											
											<td class="fail">FAIL</td>
										
									
								
							
								
							
								
							
								
							
								
							
						
					</tr>
					
					<tr>
						<td>
							<a href="#arduino%3ambed_nano%3ananorp2040connect"><b>arduino:mbed_nano:nanorp2040connect</b></a>
							<br />
							<small>2.7.2</small>
						</td>

						
							<td>Yes</td>
							<td class="pass">PASS</td>
						
						
						
						

						
							
								
							
								
									
										
											<td class="pass">PASS</td>
											
										
									
										
									
										
									
								
							
								
							
								
							
								
							
						
							
								
							
								
									
										
									
										
											<td class="pass">PASS</td>
											
										
									
										
									
								
							
								
							
								
							
								
							
						
							
								
							
								
									
										
									
										
									
										
											<td class="pass">PASS</td>
											
										
									
								
							
								
							
								
							
								
							
						
					</tr>
					
					<tr>
						<td>
							<a href="#arduino%3amegaavr%3anona4809"><b>arduino:megaavr:nona4809</b></a>
							<br />
							<small>1.8.7</small>
						</td>

						
						
						
							<td>Yes ⚠️</td>
							<td class="fail">FAIL</td>
						
						

						
							
								
							
								
							
								
									
										
											
											<td class="fail">FAIL</td>
										
									
										
									
										
									
								
							
								
							
								
							
						
							
								
							
								
							
								
									
										
									
										
											
											<td class="fail">FAIL</td>
										
									
										
									
								
							
								
							
								
							
						
							
								
							
								
							
								
									
										
									
										
									
										
											
											<td class="fail">FAIL</td>
										
									
								
							
								
							
								
							
						
					</tr>
					
					<tr>
						<td>
							<a href="#arduino%3asamd%3amkrwifi1010"><b>arduino:samd:mkrwifi1010</b></a>
							<br />
							<small>1.8.12</small>
						</td>

						
							<td>Yes</td>
							<td class="pass">PASS</td>
						
						
						
						

						
							
								
							
								
							
								
							
								
									
										
											
											<td class="fail">FAIL</td>
										
									
										
									
										
									
								
							
								
							
						
							
								
							
								
							
								
							
								
									
										
									
										
											
											<td class="fail">FAIL</td>
										
									
										
									
								
							
								
							
						
							
								
							
								
							
								
							
								
									
										
									
										
									
										
											
											<td class="fail">FAIL</td>
										
									
								
							
								
							
						
					</tr>
					
					<tr>
						<td>
							<a href="#esp32%3aesp32%3ad1_mini32"><b>esp32:esp32:d1_mini32</b></a>
							<br />
							<small>1.0.6</small>
						</td>

						
							<td>Yes</td>
							<td class="pass">PASS</td>
						
						
						
						

						
							
								
							
								
							
								
							
								
							
								
									
										
											
											<td class="fail">FAIL</td>
										
									
										
									
										
									
								
							
						
							
								
							
								
							
								
							
								
							
								
									
										
									
										
											<td class="pass">PASS</td>
											
										
									
										
									
								
							
						
							
								
							
								
							
								
							
								
							
								
									
										
									
										
									
										
											
											<td class="fail">FAIL</td>
										
									
								
							
						
					</tr>
					
				</table>

				<h2>Compilation logs</h2>
				
				<h3 id="arduino:avr:uno">arduino:avr:uno @ 1.8.4</h3>
				<h4>Inclusion</h4>
				<p>
					Result: <b>FAIL</b>
					
				</p>
				<pre class="pre-scrollable">In file included from /home/ec2-user/arduino-testlib/cli-datadir/user/libraries/unzipLIB/src/unzipLIB.h:34:0,
                 from /tmp/arduino-testlib1881528349/test/test.ino:1:
/home/ec2-user/arduino-testlib/cli-datadir/user/libraries/unzipLIB/src/unzip.h:87:31: error: size of array &#39;ucFlate&#39; is too large
     uint8_t ucFlate[32768&#43;7168]; // inflate buffers
                               ^

</pre>

					
					<h4>examples/lcd_example</h4>
					<p>
						Result: <b>FAIL</b>
					</p>
					<pre class="pre-scrollable">In file included from /home/ec2-user/arduino-testlib/cli-datadir/user/libraries/unzipLIB/src/unzipLIB.h:34:0,
                 from /home/ec2-user/arduino-testlib/cli-datadir/user/libraries/unzipLIB/examples/lcd_example/lcd_example.ino:14:
/home/ec2-user/arduino-testlib/cli-datadir/user/libraries/unzipLIB/src/unzip.h:87:31: error: size of array &#39;ucFlate&#39; is too large
     uint8_t ucFlate[32768&#43;7168]; // inflate buffers
                               ^

</pre>
					
					<h4>examples/list_files</h4>
					<p>
						Result: <b>FAIL</b>
					</p>
					<pre class="pre-scrollable">In file included from /home/ec2-user/arduino-testlib/cli-datadir/user/libraries/unzipLIB/src/unzipLIB.h:34:0,
                 from /home/ec2-user/arduino-testlib/cli-datadir/user/libraries/unzipLIB/examples/list_files/list_files.ino:4:
/home/ec2-user/arduino-testlib/cli-datadir/user/libraries/unzipLIB/src/unzip.h:87:31: error: size of array &#39;ucFlate&#39; is too large
     uint8_t ucFlate[32768&#43;7168]; // inflate buffers
                               ^

</pre>
					
					<h4>examples/unzip_sdcard</h4>
					<p>
						Result: <b>FAIL</b>
					</p>
					<pre class="pre-scrollable">In file included from /home/ec2-user/arduino-testlib/cli-datadir/user/libraries/unzipLIB/src/unzipLIB.h:34:0,
                 from /home/ec2-user/arduino-testlib/cli-datadir/user/libraries/unzipLIB/examples/unzip_sdcard/unzip_sdcard.ino:14:
/home/ec2-user/arduino-testlib/cli-datadir/user/libraries/unzipLIB/src/unzip.h:87:31: error: size of array &#39;ucFlate&#39; is too large
     uint8_t ucFlate[32768&#43;7168]; // inflate buffers
                               ^

</pre>
					
				
				<h3 id="arduino:mbed_nano:nanorp2040connect">arduino:mbed_nano:nanorp2040connect @ 2.7.2</h3>
				<h4>Inclusion</h4>
				<p>
					Result: <b>PASS</b>
					
				</p>
				<pre class="pre-scrollable">Sketch uses 78756 bytes (0%) of program storage space. Maximum is 16777216 bytes.
Global variables use 43444 bytes (16%) of dynamic memory, leaving 226892 bytes for local variables. Maximum is 270336 bytes.
</pre>

					
					<h4>examples/lcd_example</h4>
					<p>
						Result: <b>PASS</b>
					</p>
					<pre class="pre-scrollable">Sketch uses 99080 bytes (0%) of program storage space. Maximum is 16777216 bytes.
Global variables use 87336 bytes (32%) of dynamic memory, leaving 183000 bytes for local variables. Maximum is 270336 bytes.
</pre>
					
					<h4>examples/list_files</h4>
					<p>
						Result: <b>PASS</b>
					</p>
					<pre class="pre-scrollable">Sketch uses 80858 bytes (0%) of program storage space. Maximum is 16777216 bytes.
Global variables use 84952 bytes (31%) of dynamic memory, leaving 185384 bytes for local variables. Maximum is 270336 bytes.
</pre>
					
					<h4>examples/unzip_sdcard</h4>
					<p>
						Result: <b>PASS</b>
					</p>
					<pre class="pre-scrollable">Sketch uses 89670 bytes (0%) of program storage space. Maximum is 16777216 bytes.
Global variables use 85804 bytes (31%) of dynamic memory, leaving 184532 bytes for local variables. Maximum is 270336 bytes.
</pre>
					
				
				<h3 id="arduino:megaavr:nona4809">arduino:megaavr:nona4809 @ 1.8.7</h3>
				<h4>Inclusion</h4>
				<p>
					Result: <b>FAIL</b>
					
				</p>
				<pre class="pre-scrollable">In file included from /home/ec2-user/arduino-testlib/cli-datadir/user/libraries/unzipLIB/src/unzipLIB.h:34:0,
                 from /tmp/arduino-testlib1881528349/test/test.ino:1:
/home/ec2-user/arduino-testlib/cli-datadir/user/libraries/unzipLIB/src/unzip.h:87:31: error: size of array &#39;ucFlate&#39; is too large
     uint8_t ucFlate[32768&#43;7168]; // inflate buffers
                               ^

</pre>

					
					<h4>examples/lcd_example</h4>
					<p>
						Result: <b>FAIL</b>
					</p>
					<pre class="pre-scrollable">In file included from /home/ec2-user/arduino-testlib/cli-datadir/user/libraries/unzipLIB/src/unzipLIB.h:34:0,
                 from /home/ec2-user/arduino-testlib/cli-datadir/user/libraries/unzipLIB/examples/lcd_example/lcd_example.ino:14:
/home/ec2-user/arduino-testlib/cli-datadir/user/libraries/unzipLIB/src/unzip.h:87:31: error: size of array &#39;ucFlate&#39; is too large
     uint8_t ucFlate[32768&#43;7168]; // inflate buffers
                               ^

</pre>
					
					<h4>examples/list_files</h4>
					<p>
						Result: <b>FAIL</b>
					</p>
					<pre class="pre-scrollable">In file included from /home/ec2-user/arduino-testlib/cli-datadir/user/libraries/unzipLIB/src/unzipLIB.h:34:0,
                 from /home/ec2-user/arduino-testlib/cli-datadir/user/libraries/unzipLIB/examples/list_files/list_files.ino:4:
/home/ec2-user/arduino-testlib/cli-datadir/user/libraries/unzipLIB/src/unzip.h:87:31: error: size of array &#39;ucFlate&#39; is too large
     uint8_t ucFlate[32768&#43;7168]; // inflate buffers
                               ^

</pre>
					
					<h4>examples/unzip_sdcard</h4>
					<p>
						Result: <b>FAIL</b>
					</p>
					<pre class="pre-scrollable">In file included from /home/ec2-user/arduino-testlib/cli-datadir/user/libraries/unzipLIB/src/unzipLIB.h:34:0,
                 from /home/ec2-user/arduino-testlib/cli-datadir/user/libraries/unzipLIB/examples/unzip_sdcard/unzip_sdcard.ino:14:
/home/ec2-user/arduino-testlib/cli-datadir/user/libraries/unzipLIB/src/unzip.h:87:31: error: size of array &#39;ucFlate&#39; is too large
     uint8_t ucFlate[32768&#43;7168]; // inflate buffers
                               ^

</pre>
					
				
				<h3 id="arduino:samd:mkrwifi1010">arduino:samd:mkrwifi1010 @ 1.8.12</h3>
				<h4>Inclusion</h4>
				<p>
					Result: <b>PASS</b>
					
				</p>
				<pre class="pre-scrollable">Sketch uses 12156 bytes (4%) of program storage space. Maximum is 262144 bytes.
Global variables use 2996 bytes (9%) of dynamic memory, leaving 29772 bytes for local variables. Maximum is 32768 bytes.
</pre>

					
					<h4>examples/lcd_example</h4>
					<p>
						Result: <b>FAIL</b>
					</p>
					<pre class="pre-scrollable">/home/ec2-user/arduino-testlib/cli-datadir/data/packages/arduino/tools/arm-none-eabi-gcc/7-2017q4/bin/../lib/gcc/arm-none-eabi/7.2.1/../../../../arm-none-eabi/bin/ld: /tmp/arduino-sketch-D4E03BC5F97B20543A15C1C2B33A57B0/lcd_example.ino.elf section `.bss&#39; will not fit in region `RAM&#39;
/home/ec2-user/arduino-testlib/cli-datadir/data/packages/arduino/tools/arm-none-eabi-gcc/7-2017q4/bin/../lib/gcc/arm-none-eabi/7.2.1/../../../../arm-none-eabi/bin/ld: region RAM overflowed with stack
/home/ec2-user/arduino-testlib/cli-datadir/data/packages/arduino/tools/arm-none-eabi-gcc/7-2017q4/bin/../lib/gcc/arm-none-eabi/7.2.1/../../../../arm-none-eabi/bin/ld: region `RAM&#39; overflowed by 14016 bytes
collect2: error: ld returned 1 exit status

</pre>
					
					<h4>examples/list_files</h4>
					<p>
						Result: <b>FAIL</b>
					</p>
					<pre class="pre-scrollable">/home/ec2-user/arduino-testlib/cli-datadir/data/packages/arduino/tools/arm-none-eabi-gcc/7-2017q4/bin/../lib/gcc/arm-none-eabi/7.2.1/../../../../arm-none-eabi/bin/ld: /tmp/arduino-sketch-C8EED8A8EF6BF04945B01E938DAED605/list_files.ino.elf section `.bss&#39; will not fit in region `RAM&#39;
/home/ec2-user/arduino-testlib/cli-datadir/data/packages/arduino/tools/arm-none-eabi-gcc/7-2017q4/bin/../lib/gcc/arm-none-eabi/7.2.1/../../../../arm-none-eabi/bin/ld: region RAM overflowed with stack
/home/ec2-user/arduino-testlib/cli-datadir/data/packages/arduino/tools/arm-none-eabi-gcc/7-2017q4/bin/../lib/gcc/arm-none-eabi/7.2.1/../../../../arm-none-eabi/bin/ld: region `RAM&#39; overflowed by 11736 bytes
collect2: error: ld returned 1 exit status

</pre>
					
					<h4>examples/unzip_sdcard</h4>
					<p>
						Result: <b>FAIL</b>
					</p>
					<pre class="pre-scrollable">/home/ec2-user/arduino-testlib/cli-datadir/data/packages/arduino/tools/arm-none-eabi-gcc/7-2017q4/bin/../lib/gcc/arm-none-eabi/7.2.1/../../../../arm-none-eabi/bin/ld: /tmp/arduino-sketch-9780E2A70C18DDB53BA630902F7AD202/unzip_sdcard.ino.elf section `.bss&#39; will not fit in region `RAM&#39;
/home/ec2-user/arduino-testlib/cli-datadir/data/packages/arduino/tools/arm-none-eabi-gcc/7-2017q4/bin/../lib/gcc/arm-none-eabi/7.2.1/../../../../arm-none-eabi/bin/ld: region RAM overflowed with stack
/home/ec2-user/arduino-testlib/cli-datadir/data/packages/arduino/tools/arm-none-eabi-gcc/7-2017q4/bin/../lib/gcc/arm-none-eabi/7.2.1/../../../../arm-none-eabi/bin/ld: region `RAM&#39; overflowed by 12500 bytes
collect2: error: ld returned 1 exit status

</pre>
					
				
				<h3 id="esp32:esp32:d1_mini32">esp32:esp32:d1_mini32 @ 1.0.6</h3>
				<h4>Inclusion</h4>
				<p>
					Result: <b>PASS</b>
					
				</p>
				<pre class="pre-scrollable">Sketch uses 198072 bytes (15%) of program storage space. Maximum is 1310720 bytes.
Global variables use 13092 bytes (3%) of dynamic memory, leaving 314588 bytes for local variables. Maximum is 327680 bytes.
</pre>

					
					<h4>examples/lcd_example</h4>
					<p>
						Result: <b>FAIL</b>
					</p>
					<pre class="pre-scrollable">/home/ec2-user/arduino-testlib/cli-datadir/user/libraries/bb_spi_lcd/src/bb_spi_lcd.cpp: In function &#39;int spilcdInit(SPILCD*, int, int, int32_t, int, int, int, int, int, int, int)&#39;:
/home/ec2-user/arduino-testlib/cli-datadir/user/libraries/bb_spi_lcd/src/bb_spi_lcd.cpp:109:24: error: &#39;SPI2_HOST&#39; was not declared in this scope
 #define ESP32_SPI_HOST SPI2_HOST
                        ^
/home/ec2-user/arduino-testlib/cli-datadir/user/libraries/bb_spi_lcd/src/bb_spi_lcd.cpp:1491:28: note: in expansion of macro &#39;ESP32_SPI_HOST&#39;
     ret=spi_bus_initialize(ESP32_SPI_HOST, &amp;buscfg, SPI_DMA_CHAN);
                            ^
/home/ec2-user/arduino-testlib/cli-datadir/user/libraries/bb_spi_lcd/src/bb_spi_lcd.cpp:113:22: error: &#39;SPI_DMA_CH_AUTO&#39; was not declared in this scope
 #define SPI_DMA_CHAN SPI_DMA_CH_AUTO 
                      ^
/home/ec2-user/arduino-testlib/cli-datadir/user/libraries/bb_spi_lcd/src/bb_spi_lcd.cpp:1491:53: note: in expansion of macro &#39;SPI_DMA_CHAN&#39;
     ret=spi_bus_initialize(ESP32_SPI_HOST, &amp;buscfg, SPI_DMA_CHAN);
                                                     ^

</pre>
					
					<h4>examples/list_files</h4>
					<p>
						Result: <b>PASS</b>
					</p>
					<pre class="pre-scrollable">Sketch uses 221106 bytes (16%) of program storage space. Maximum is 1310720 bytes.
Global variables use 54928 bytes (16%) of dynamic memory, leaving 272752 bytes for local variables. Maximum is 327680 bytes.
</pre>
					
					<h4>examples/unzip_sdcard</h4>
					<p>
						Result: <b>FAIL</b>
					</p>
					<pre class="pre-scrollable">In file included from /home/ec2-user/arduino-testlib/cli-datadir/user/libraries/SD/src/utility/Sd2Card.h:26:0,
                 from /home/ec2-user/arduino-testlib/cli-datadir/user/libraries/SD/src/utility/SdFat.h:29,
                 from /home/ec2-user/arduino-testlib/cli-datadir/user/libraries/SD/src/SD.h:20,
                 from /home/ec2-user/arduino-testlib/cli-datadir/user/libraries/unzipLIB/examples/unzip_sdcard/unzip_sdcard.ino:15:
/home/ec2-user/arduino-testlib/cli-datadir/user/libraries/SD/src/utility/Sd2PinMap.h:524:2: error: #error Architecture or board not supported.
 #error Architecture or board not supported.
  ^
Multiple libraries were found for &#34;SD.h&#34;
  Used: /home/ec2-user/arduino-testlib/cli-datadir/user/libraries/SD
  Not used: /home/ec2-user/arduino-testlib/cli-datadir/data/packages/esp32/hardware/esp32/1.0.6/libraries/SD
</pre>
					
				
			</div>
		</div>
	</div>
  </body>
</html>
