
<!doctype html>
<html lang="en">
  <head>
    <meta charset="utf-8">
    <meta name="viewport" content="width=device-width, initial-scale=1">
    <link href="https://cdn.jsdelivr.net/npm/bootstrap@5.0.2/dist/css/bootstrap.min.css" rel="stylesheet" integrity="sha384-EVSTQN3/azprG1Anm3QDgpJLIm9Nao0Yz1ztcQTwFspd3yD65VohhpuuCOmLASjC" crossorigin="anonymous">
    <title>arduino-testlib report</title>
	<style>
	.pass { background-color: #00FF00 !important; }
	.fail { background-color: #FF0000 !important; }
	</style>
  </head>
  <body>
	<div class="container">
		<div class="row">
			<div class="col">
				<h1>VivicoreSerial - compatibility matrix</h1>
				<p>
					<small>This report was generated on Monday, 21-Feb-22 12:00:25 CET using 
					<a href="https://github.com/alranel/arduino-testlib">arduino-testlib</a>.</small>
				</p>

				<h2>VivicoreSerial</h2>
				<p>
					Version: <b>3.0.0&#43;07000013</b>
					<br />
					<a href="https://www.arduino.cc/reference/en/libraries/vivicoreserial/">More details</a>
				</p>

				<h2>Compatibility matrix</h2>
				<table class="table table-bordered">
					<tr>
						<th>Board</th>
						<th>Claims compatibility</th>
						<th>Inclusion</th>
						
						<th><pre>06_slider</pre></th>
						
						<th><pre>07_measure</pre></th>
						
						<th><pre>09_message_board</pre></th>
						
						<th><pre>0A_color_picker</pre></th>
						
						<th><pre>01_servo</pre></th>
						
						<th><pre>02_motor</pre></th>
						
						<th><pre>03_joystick</pre></th>
						
						<th><pre>04_button</pre></th>
						
						<th><pre>05_rotator</pre></th>
						
						<th><pre>08_motion</pre></th>
						
						<th><pre>0B_led</pre></th>
						
					</tr>
					
					<tr>
						<td>
							<a href="#arduino%3aavr%3auno"><b>arduino:avr:uno</b></a>
							<br />
							<small>1.8.4</small>
						</td>

						
							<td>Yes</td>
							<td class="pass">PASS</td>
						
						
						
						

						
							
								
									
										
									
										
									
										
									
										
									
										
									
										
											<td class="pass">PASS</td>
											
										
									
										
									
										
									
										
									
										
									
										
									
								
							
								
							
								
							
								
							
								
							
						
							
								
									
										
									
										
									
										
									
										
									
										
									
										
									
										
											<td class="pass">PASS</td>
											
										
									
										
									
										
									
										
									
										
									
								
							
								
							
								
							
								
							
								
							
						
							
								
									
										
									
										
									
										
									
										
									
										
									
										
									
										
									
										
									
										
											
											<td class="fail">FAIL</td>
										
									
										
									
										
									
								
							
								
							
								
							
								
							
								
							
						
							
								
									
										
									
										
									
										
									
										
									
										
									
										
									
										
									
										
									
										
									
										
											<td class="pass">PASS</td>
											
										
									
										
									
								
							
								
							
								
							
								
							
								
							
						
							
								
									
										
											<td class="pass">PASS</td>
											
										
									
										
									
										
									
										
									
										
									
										
									
										
									
										
									
										
									
										
									
										
									
								
							
								
							
								
							
								
							
								
							
						
							
								
									
										
									
										
											<td class="pass">PASS</td>
											
										
									
										
									
										
									
										
									
										
									
										
									
										
									
										
									
										
									
										
									
								
							
								
							
								
							
								
							
								
							
						
							
								
									
										
									
										
									
										
											<td class="pass">PASS</td>
											
										
									
										
									
										
									
										
									
										
									
										
									
										
									
										
									
										
									
								
							
								
							
								
							
								
							
								
							
						
							
								
									
										
									
										
									
										
									
										
											<td class="pass">PASS</td>
											
										
									
										
									
										
									
										
									
										
									
										
									
										
									
										
									
								
							
								
							
								
							
								
							
								
							
						
							
								
									
										
									
										
									
										
									
										
									
										
											<td class="pass">PASS</td>
											
										
									
										
									
										
									
										
									
										
									
										
									
										
									
								
							
								
							
								
							
								
							
								
							
						
							
								
									
										
									
										
									
										
									
										
									
										
									
										
									
										
									
										
											
											<td class="fail">FAIL</td>
										
									
										
									
										
									
										
									
								
							
								
							
								
							
								
							
								
							
						
							
								
									
										
									
										
									
										
									
										
									
										
									
										
									
										
									
										
									
										
									
										
									
										
											
											<td class="fail">FAIL</td>
										
									
								
							
								
							
								
							
								
							
								
							
						
					</tr>
					
					<tr>
						<td>
							<a href="#arduino%3ambed_nano%3ananorp2040connect"><b>arduino:mbed_nano:nanorp2040connect</b></a>
							<br />
							<small>2.7.2</small>
						</td>

						
						
						
						
							<td>No</td>
							<td class="fail">FAIL</td>
						

						
							
								
							
								
									
										
									
										
									
										
									
										
									
										
									
										
											
											<td class="fail">FAIL</td>
										
									
										
									
										
									
										
									
										
									
										
									
								
							
								
							
								
							
								
							
						
							
								
							
								
									
										
									
										
									
										
									
										
									
										
									
										
									
										
											
											<td class="fail">FAIL</td>
										
									
										
									
										
									
										
									
										
									
								
							
								
							
								
							
								
							
						
							
								
							
								
									
										
									
										
									
										
									
										
									
										
									
										
									
										
									
										
									
										
											
											<td class="fail">FAIL</td>
										
									
										
									
										
									
								
							
								
							
								
							
								
							
						
							
								
							
								
									
										
									
										
									
										
									
										
									
										
									
										
									
										
									
										
									
										
									
										
											
											<td class="fail">FAIL</td>
										
									
										
									
								
							
								
							
								
							
								
							
						
							
								
							
								
									
										
											
											<td class="fail">FAIL</td>
										
									
										
									
										
									
										
									
										
									
										
									
										
									
										
									
										
									
										
									
										
									
								
							
								
							
								
							
								
							
						
							
								
							
								
									
										
									
										
											
											<td class="fail">FAIL</td>
										
									
										
									
										
									
										
									
										
									
										
									
										
									
										
									
										
									
										
									
								
							
								
							
								
							
								
							
						
							
								
							
								
									
										
									
										
									
										
											
											<td class="fail">FAIL</td>
										
									
										
									
										
									
										
									
										
									
										
									
										
									
										
									
										
									
								
							
								
							
								
							
								
							
						
							
								
							
								
									
										
									
										
									
										
									
										
											
											<td class="fail">FAIL</td>
										
									
										
									
										
									
										
									
										
									
										
									
										
									
										
									
								
							
								
							
								
							
								
							
						
							
								
							
								
									
										
									
										
									
										
									
										
									
										
											
											<td class="fail">FAIL</td>
										
									
										
									
										
									
										
									
										
									
										
									
										
									
								
							
								
							
								
							
								
							
						
							
								
							
								
									
										
									
										
									
										
									
										
									
										
									
										
									
										
									
										
											
											<td class="fail">FAIL</td>
										
									
										
									
										
									
										
									
								
							
								
							
								
							
								
							
						
							
								
							
								
									
										
									
										
									
										
									
										
									
										
									
										
									
										
									
										
									
										
									
										
									
										
											
											<td class="fail">FAIL</td>
										
									
								
							
								
							
								
							
								
							
						
					</tr>
					
					<tr>
						<td>
							<a href="#arduino%3amegaavr%3anona4809"><b>arduino:megaavr:nona4809</b></a>
							<br />
							<small>1.8.7</small>
						</td>

						
						
						
						
							<td>No</td>
							<td class="fail">FAIL</td>
						

						
							
								
							
								
							
								
									
										
									
										
									
										
									
										
									
										
									
										
											
											<td class="fail">FAIL</td>
										
									
										
									
										
									
										
									
										
									
										
									
								
							
								
							
								
							
						
							
								
							
								
							
								
									
										
									
										
									
										
									
										
									
										
									
										
									
										
											
											<td class="fail">FAIL</td>
										
									
										
									
										
									
										
									
										
									
								
							
								
							
								
							
						
							
								
							
								
							
								
									
										
									
										
									
										
									
										
									
										
									
										
									
										
									
										
									
										
											
											<td class="fail">FAIL</td>
										
									
										
									
										
									
								
							
								
							
								
							
						
							
								
							
								
							
								
									
										
									
										
									
										
									
										
									
										
									
										
									
										
									
										
									
										
									
										
											
											<td class="fail">FAIL</td>
										
									
										
									
								
							
								
							
								
							
						
							
								
							
								
							
								
									
										
											
											<td class="fail">FAIL</td>
										
									
										
									
										
									
										
									
										
									
										
									
										
									
										
									
										
									
										
									
										
									
								
							
								
							
								
							
						
							
								
							
								
							
								
									
										
									
										
											
											<td class="fail">FAIL</td>
										
									
										
									
										
									
										
									
										
									
										
									
										
									
										
									
										
									
										
									
								
							
								
							
								
							
						
							
								
							
								
							
								
									
										
									
										
									
										
											
											<td class="fail">FAIL</td>
										
									
										
									
										
									
										
									
										
									
										
									
										
									
										
									
										
									
								
							
								
							
								
							
						
							
								
							
								
							
								
									
										
									
										
									
										
									
										
											
											<td class="fail">FAIL</td>
										
									
										
									
										
									
										
									
										
									
										
									
										
									
										
									
								
							
								
							
								
							
						
							
								
							
								
							
								
									
										
									
										
									
										
									
										
									
										
											
											<td class="fail">FAIL</td>
										
									
										
									
										
									
										
									
										
									
										
									
										
									
								
							
								
							
								
							
						
							
								
							
								
							
								
									
										
									
										
									
										
									
										
									
										
									
										
									
										
									
										
											
											<td class="fail">FAIL</td>
										
									
										
									
										
									
										
									
								
							
								
							
								
							
						
							
								
							
								
							
								
									
										
									
										
									
										
									
										
									
										
									
										
									
										
									
										
									
										
									
										
									
										
											
											<td class="fail">FAIL</td>
										
									
								
							
								
							
								
							
						
					</tr>
					
					<tr>
						<td>
							<a href="#arduino%3asamd%3amkrwifi1010"><b>arduino:samd:mkrwifi1010</b></a>
							<br />
							<small>1.8.12</small>
						</td>

						
						
						
						
							<td>No</td>
							<td class="fail">FAIL</td>
						

						
							
								
							
								
							
								
							
								
									
										
									
										
									
										
									
										
									
										
									
										
											
											<td class="fail">FAIL</td>
										
									
										
									
										
									
										
									
										
									
										
									
								
							
								
							
						
							
								
							
								
							
								
							
								
									
										
									
										
									
										
									
										
									
										
									
										
									
										
											
											<td class="fail">FAIL</td>
										
									
										
									
										
									
										
									
										
									
								
							
								
							
						
							
								
							
								
							
								
							
								
									
										
									
										
									
										
									
										
									
										
									
										
									
										
									
										
									
										
											
											<td class="fail">FAIL</td>
										
									
										
									
										
									
								
							
								
							
						
							
								
							
								
							
								
							
								
									
										
									
										
									
										
									
										
									
										
									
										
									
										
									
										
									
										
									
										
											
											<td class="fail">FAIL</td>
										
									
										
									
								
							
								
							
						
							
								
							
								
							
								
							
								
									
										
											
											<td class="fail">FAIL</td>
										
									
										
									
										
									
										
									
										
									
										
									
										
									
										
									
										
									
										
									
										
									
								
							
								
							
						
							
								
							
								
							
								
							
								
									
										
									
										
											
											<td class="fail">FAIL</td>
										
									
										
									
										
									
										
									
										
									
										
									
										
									
										
									
										
									
										
									
								
							
								
							
						
							
								
							
								
							
								
							
								
									
										
									
										
									
										
											
											<td class="fail">FAIL</td>
										
									
										
									
										
									
										
									
										
									
										
									
										
									
										
									
										
									
								
							
								
							
						
							
								
							
								
							
								
							
								
									
										
									
										
									
										
									
										
											
											<td class="fail">FAIL</td>
										
									
										
									
										
									
										
									
										
									
										
									
										
									
										
									
								
							
								
							
						
							
								
							
								
							
								
							
								
									
										
									
										
									
										
									
										
									
										
											
											<td class="fail">FAIL</td>
										
									
										
									
										
									
										
									
										
									
										
									
										
									
								
							
								
							
						
							
								
							
								
							
								
							
								
									
										
									
										
									
										
									
										
									
										
									
										
									
										
									
										
											
											<td class="fail">FAIL</td>
										
									
										
									
										
									
										
									
								
							
								
							
						
							
								
							
								
							
								
							
								
									
										
									
										
									
										
									
										
									
										
									
										
									
										
									
										
									
										
									
										
									
										
											
											<td class="fail">FAIL</td>
										
									
								
							
								
							
						
					</tr>
					
					<tr>
						<td>
							<a href="#esp32%3aesp32%3ad1_mini32"><b>esp32:esp32:d1_mini32</b></a>
							<br />
							<small>1.0.6</small>
						</td>

						
						
						
						
							<td>No</td>
							<td class="fail">FAIL</td>
						

						
							
								
							
								
							
								
							
								
							
								
									
										
									
										
									
										
									
										
									
										
									
										
											
											<td class="fail">FAIL</td>
										
									
										
									
										
									
										
									
										
									
										
									
								
							
						
							
								
							
								
							
								
							
								
							
								
									
										
									
										
									
										
									
										
									
										
									
										
									
										
											
											<td class="fail">FAIL</td>
										
									
										
									
										
									
										
									
										
									
								
							
						
							
								
							
								
							
								
							
								
							
								
									
										
									
										
									
										
									
										
									
										
									
										
									
										
									
										
									
										
											
											<td class="fail">FAIL</td>
										
									
										
									
										
									
								
							
						
							
								
							
								
							
								
							
								
							
								
									
										
									
										
									
										
									
										
									
										
									
										
									
										
									
										
									
										
									
										
											
											<td class="fail">FAIL</td>
										
									
										
									
								
							
						
							
								
							
								
							
								
							
								
							
								
									
										
											
											<td class="fail">FAIL</td>
										
									
										
									
										
									
										
									
										
									
										
									
										
									
										
									
										
									
										
									
										
									
								
							
						
							
								
							
								
							
								
							
								
							
								
									
										
									
										
											
											<td class="fail">FAIL</td>
										
									
										
									
										
									
										
									
										
									
										
									
										
									
										
									
										
									
										
									
								
							
						
							
								
							
								
							
								
							
								
							
								
									
										
									
										
									
										
											
											<td class="fail">FAIL</td>
										
									
										
									
										
									
										
									
										
									
										
									
										
									
										
									
										
									
								
							
						
							
								
							
								
							
								
							
								
							
								
									
										
									
										
									
										
									
										
											
											<td class="fail">FAIL</td>
										
									
										
									
										
									
										
									
										
									
										
									
										
									
										
									
								
							
						
							
								
							
								
							
								
							
								
							
								
									
										
									
										
									
										
									
										
									
										
											
											<td class="fail">FAIL</td>
										
									
										
									
										
									
										
									
										
									
										
									
										
									
								
							
						
							
								
							
								
							
								
							
								
							
								
									
										
									
										
									
										
									
										
									
										
									
										
									
										
									
										
											
											<td class="fail">FAIL</td>
										
									
										
									
										
									
										
									
								
							
						
							
								
							
								
							
								
							
								
							
								
									
										
									
										
									
										
									
										
									
										
									
										
									
										
									
										
									
										
									
										
									
										
											
											<td class="fail">FAIL</td>
										
									
								
							
						
					</tr>
					
				</table>

				<h2>Compilation logs</h2>
				
				<h3 id="arduino:avr:uno">arduino:avr:uno @ 1.8.4</h3>
				<h4>Inclusion</h4>
				<p>
					Result: <b>PASS</b>
					
				</p>
				<pre class="pre-scrollable">Sketch uses 6528 bytes (20%) of program storage space. Maximum is 32256 bytes.
Global variables use 442 bytes (21%) of dynamic memory, leaving 1606 bytes for local variables. Maximum is 2048 bytes.
</pre>

					
					<h4>examples/01_servo</h4>
					<p>
						Result: <b>PASS</b>
					</p>
					<pre class="pre-scrollable">Sketch uses 10308 bytes (31%) of program storage space. Maximum is 32256 bytes.
Global variables use 525 bytes (25%) of dynamic memory, leaving 1523 bytes for local variables. Maximum is 2048 bytes.
</pre>
					
					<h4>examples/02_motor</h4>
					<p>
						Result: <b>PASS</b>
					</p>
					<pre class="pre-scrollable">Sketch uses 9660 bytes (29%) of program storage space. Maximum is 32256 bytes.
Global variables use 479 bytes (23%) of dynamic memory, leaving 1569 bytes for local variables. Maximum is 2048 bytes.
</pre>
					
					<h4>examples/03_joystick</h4>
					<p>
						Result: <b>PASS</b>
					</p>
					<pre class="pre-scrollable">Sketch uses 9170 bytes (28%) of program storage space. Maximum is 32256 bytes.
Global variables use 481 bytes (23%) of dynamic memory, leaving 1567 bytes for local variables. Maximum is 2048 bytes.
</pre>
					
					<h4>examples/04_button</h4>
					<p>
						Result: <b>PASS</b>
					</p>
					<pre class="pre-scrollable">Sketch uses 8562 bytes (26%) of program storage space. Maximum is 32256 bytes.
Global variables use 490 bytes (23%) of dynamic memory, leaving 1558 bytes for local variables. Maximum is 2048 bytes.
</pre>
					
					<h4>examples/05_rotator</h4>
					<p>
						Result: <b>PASS</b>
					</p>
					<pre class="pre-scrollable">Sketch uses 9700 bytes (30%) of program storage space. Maximum is 32256 bytes.
Global variables use 532 bytes (25%) of dynamic memory, leaving 1516 bytes for local variables. Maximum is 2048 bytes.
</pre>
					
					<h4>examples/06_slider</h4>
					<p>
						Result: <b>PASS</b>
					</p>
					<pre class="pre-scrollable">Sketch uses 9658 bytes (29%) of program storage space. Maximum is 32256 bytes.
Global variables use 458 bytes (22%) of dynamic memory, leaving 1590 bytes for local variables. Maximum is 2048 bytes.
</pre>
					
					<h4>examples/07_measure</h4>
					<p>
						Result: <b>PASS</b>
					</p>
					<pre class="pre-scrollable">Sketch uses 14786 bytes (45%) of program storage space. Maximum is 32256 bytes.
Global variables use 705 bytes (34%) of dynamic memory, leaving 1343 bytes for local variables. Maximum is 2048 bytes.
</pre>
					
					<h4>examples/08_motion</h4>
					<p>
						Result: <b>FAIL</b>
					</p>
					<pre class="pre-scrollable">/home/ec2-user/arduino-testlib/cli-datadir/user/libraries/VivicoreSerial/examples/08_motion/08_motion.ino:4:10: fatal error: lsm6ds3_reg.h: No such file or directory
 #include &#34;lsm6ds3_reg.h&#34;
          ^~~~~~~~~~~~~~~
compilation terminated.

</pre>
					
					<h4>examples/09_message_board</h4>
					<p>
						Result: <b>FAIL</b>
					</p>
					<pre class="pre-scrollable">/home/ec2-user/arduino-testlib/cli-datadir/user/libraries/VivicoreSerial/examples/09_message_board/09_message_board.ino:4:10: fatal error: misakiUTF16.h: No such file or directory
 #include &lt;misakiUTF16.h&gt;
          ^~~~~~~~~~~~~~~
compilation terminated.

</pre>
					
					<h4>examples/0A_color_picker</h4>
					<p>
						Result: <b>PASS</b>
					</p>
					<pre class="pre-scrollable">Sketch uses 16522 bytes (51%) of program storage space. Maximum is 32256 bytes.
Global variables use 861 bytes (42%) of dynamic memory, leaving 1187 bytes for local variables. Maximum is 2048 bytes.
</pre>
					
					<h4>examples/0B_led</h4>
					<p>
						Result: <b>FAIL</b>
					</p>
					<pre class="pre-scrollable">/home/ec2-user/arduino-testlib/cli-datadir/user/libraries/VivicoreSerial/examples/0B_led/0B_led.ino: In function &#39;void setup()&#39;:
/home/ec2-user/arduino-testlib/cli-datadir/user/libraries/VivicoreSerial/examples/0B_led/0B_led.ino:122:3: error: &#39;TCCR3A&#39; was not declared in this scope
   TCCR3A = bit(COM3B1) | bit(WGM31);            // no inverting, OC3B only connected
   ^~~~~~
/home/ec2-user/arduino-testlib/cli-datadir/user/libraries/VivicoreSerial/examples/0B_led/0B_led.ino:122:3: note: suggested alternative: &#39;TCCR0A&#39;
   TCCR3A = bit(COM3B1) | bit(WGM31);            // no inverting, OC3B only connected
   ^~~~~~
   TCCR0A
In file included from /tmp/arduino-sketch-4B8523796D7DE4EA03F2F4A4E34D04A5/sketch/0B_led.ino.cpp:1:0:
/home/ec2-user/arduino-testlib/cli-datadir/user/libraries/VivicoreSerial/examples/0B_led/0B_led.ino:122:16: error: &#39;COM3B1&#39; was not declared in this scope
   TCCR3A = bit(COM3B1) | bit(WGM31);            // no inverting, OC3B only connected
                ^
/home/ec2-user/arduino-testlib/cli-datadir/data/packages/arduino/hardware/avr/1.8.4/cores/arduino/Arduino.h:124:25: note: in definition of macro &#39;bit&#39;
 #define bit(b) (1UL &lt;&lt; (b))
                         ^
/home/ec2-user/arduino-testlib/cli-datadir/user/libraries/VivicoreSerial/examples/0B_led/0B_led.ino:122:16: note: suggested alternative: &#39;COM1B1&#39;
   TCCR3A = bit(COM3B1) | bit(WGM31);            // no inverting, OC3B only connected
                ^
/home/ec2-user/arduino-testlib/cli-datadir/data/packages/arduino/hardware/avr/1.8.4/cores/arduino/Arduino.h:124:25: note: in definition of macro &#39;bit&#39;
 #define bit(b) (1UL &lt;&lt; (b))
                         ^
/home/ec2-user/arduino-testlib/cli-datadir/user/libraries/VivicoreSerial/examples/0B_led/0B_led.ino:122:30: error: &#39;WGM31&#39; was not declared in this scope
   TCCR3A = bit(COM3B1) | bit(WGM31);            // no inverting, OC3B only connected
                              ^
/home/ec2-user/arduino-testlib/cli-datadir/data/packages/arduino/hardware/avr/1.8.4/cores/arduino/Arduino.h:124:25: note: in definition of macro &#39;bit&#39;
 #define bit(b) (1UL &lt;&lt; (b))
                         ^
/home/ec2-user/arduino-testlib/cli-datadir/user/libraries/VivicoreSerial/examples/0B_led/0B_led.ino:122:30: note: suggested alternative: &#39;WGM21&#39;
   TCCR3A = bit(COM3B1) | bit(WGM31);            // no inverting, OC3B only connected
                              ^
/home/ec2-user/arduino-testlib/cli-datadir/data/packages/arduino/hardware/avr/1.8.4/cores/arduino/Arduino.h:124:25: note: in definition of macro &#39;bit&#39;
 #define bit(b) (1UL &lt;&lt; (b))
                         ^
/home/ec2-user/arduino-testlib/cli-datadir/user/libraries/VivicoreSerial/examples/0B_led/0B_led.ino:123:3: error: &#39;TCCR3B&#39; was not declared in this scope
   TCCR3B = bit(WGM33) | bit(WGM32) | bit(CS30); // fast PWM, TOP=ICR3, no prescaling
   ^~~~~~
/home/ec2-user/arduino-testlib/cli-datadir/user/libraries/VivicoreSerial/examples/0B_led/0B_led.ino:123:3: note: suggested alternative: &#39;TCCR0B&#39;
   TCCR3B = bit(WGM33) | bit(WGM32) | bit(CS30); // fast PWM, TOP=ICR3, no prescaling
   ^~~~~~
   TCCR0B
In file included from /tmp/arduino-sketch-4B8523796D7DE4EA03F2F4A4E34D04A5/sketch/0B_led.ino.cpp:1:0:
/home/ec2-user/arduino-testlib/cli-datadir/user/libraries/VivicoreSerial/examples/0B_led/0B_led.ino:123:16: error: &#39;WGM33&#39; was not declared in this scope
   TCCR3B = bit(WGM33) | bit(WGM32) | bit(CS30); // fast PWM, TOP=ICR3, no prescaling
                ^
/home/ec2-user/arduino-testlib/cli-datadir/data/packages/arduino/hardware/avr/1.8.4/cores/arduino/Arduino.h:124:25: note: in definition of macro &#39;bit&#39;
 #define bit(b) (1UL &lt;&lt; (b))
                         ^
/home/ec2-user/arduino-testlib/cli-datadir/user/libraries/VivicoreSerial/examples/0B_led/0B_led.ino:123:16: note: suggested alternative: &#39;WGM13&#39;
   TCCR3B = bit(WGM33) | bit(WGM32) | bit(CS30); // fast PWM, TOP=ICR3, no prescaling
                ^
/home/ec2-user/arduino-testlib/cli-datadir/data/packages/arduino/hardware/avr/1.8.4/cores/arduino/Arduino.h:124:25: note: in definition of macro &#39;bit&#39;
 #define bit(b) (1UL &lt;&lt; (b))
                         ^
/home/ec2-user/arduino-testlib/cli-datadir/user/libraries/VivicoreSerial/examples/0B_led/0B_led.ino:123:29: error: &#39;WGM32&#39; was not declared in this scope
   TCCR3B = bit(WGM33) | bit(WGM32) | bit(CS30); // fast PWM, TOP=ICR3, no prescaling
                             ^
/home/ec2-user/arduino-testlib/cli-datadir/data/packages/arduino/hardware/avr/1.8.4/cores/arduino/Arduino.h:124:25: note: in definition of macro &#39;bit&#39;
 #define bit(b) (1UL &lt;&lt; (b))
                         ^
/home/ec2-user/arduino-testlib/cli-datadir/user/libraries/VivicoreSerial/examples/0B_led/0B_led.ino:123:29: note: suggested alternative: &#39;WGM12&#39;
   TCCR3B = bit(WGM33) | bit(WGM32) | bit(CS30); // fast PWM, TOP=ICR3, no prescaling
                             ^
/home/ec2-user/arduino-testlib/cli-datadir/data/packages/arduino/hardware/avr/1.8.4/cores/arduino/Arduino.h:124:25: note: in definition of macro &#39;bit&#39;
 #define bit(b) (1UL &lt;&lt; (b))
                         ^
/home/ec2-user/arduino-testlib/cli-datadir/user/libraries/VivicoreSerial/examples/0B_led/0B_led.ino:123:42: error: &#39;CS30&#39; was not declared in this scope
   TCCR3B = bit(WGM33) | bit(WGM32) | bit(CS30); // fast PWM, TOP=ICR3, no prescaling
                                          ^
/home/ec2-user/arduino-testlib/cli-datadir/data/packages/arduino/hardware/avr/1.8.4/cores/arduino/Arduino.h:124:25: note: in definition of macro &#39;bit&#39;
 #define bit(b) (1UL &lt;&lt; (b))
                         ^
/home/ec2-user/arduino-testlib/cli-datadir/user/libraries/VivicoreSerial/examples/0B_led/0B_led.ino:123:42: note: suggested alternative: &#39;CS00&#39;
   TCCR3B = bit(WGM33) | bit(WGM32) | bit(CS30); // fast PWM, TOP=ICR3, no prescaling
                                          ^
/home/ec2-user/arduino-testlib/cli-datadir/data/packages/arduino/hardware/avr/1.8.4/cores/arduino/Arduino.h:124:25: note: in definition of macro &#39;bit&#39;
 #define bit(b) (1UL &lt;&lt; (b))
                         ^
/home/ec2-user/arduino-testlib/cli-datadir/user/libraries/VivicoreSerial/examples/0B_led/0B_led.ino:124:3: error: &#39;ICR3&#39; was not declared in this scope
   ICR3   = F_CPU / LED_VCC_HZ;                  // TOP counter value
   ^~~~
/home/ec2-user/arduino-testlib/cli-datadir/user/libraries/VivicoreSerial/examples/0B_led/0B_led.ino:124:3: note: suggested alternative: &#39;ICR1&#39;
   ICR3   = F_CPU / LED_VCC_HZ;                  // TOP counter value
   ^~~~
   ICR1
/home/ec2-user/arduino-testlib/cli-datadir/user/libraries/VivicoreSerial/examples/0B_led/0B_led.ino:125:3: error: &#39;OCR3B&#39; was not declared in this scope
   OCR3B  = F_CPU / LED_VCC_HZ / 2;              // OC3B (D2/PD2) only output with duty cycle 50%
   ^~~~~
/home/ec2-user/arduino-testlib/cli-datadir/user/libraries/VivicoreSerial/examples/0B_led/0B_led.ino:125:3: note: suggested alternative: &#39;OCR0B&#39;
   OCR3B  = F_CPU / LED_VCC_HZ / 2;              // OC3B (D2/PD2) only output with duty cycle 50%
   ^~~~~
   OCR0B
Multiple libraries were found for &#34;EEPROM.h&#34;
  Used: /home/ec2-user/arduino-testlib/cli-datadir/data/packages/arduino/hardware/avr/1.8.4/libraries/EEPROM
  Not used: /home/ec2-user/arduino-testlib/cli-datadir/user/libraries/Hello_Drum
  Not used: /home/ec2-user/arduino-testlib/cli-datadir/user/libraries/arduino-NVM
</pre>
					
				
				<h3 id="arduino:mbed_nano:nanorp2040connect">arduino:mbed_nano:nanorp2040connect @ 2.7.2</h3>
				<h4>Inclusion</h4>
				<p>
					Result: <b>FAIL</b>
					
				</p>
				<pre class="pre-scrollable">In file included from /home/ec2-user/arduino-testlib/cli-datadir/user/libraries/VivicoreSerial/VivicoreSerial.cpp:48:0:
/home/ec2-user/arduino-testlib/cli-datadir/user/libraries/Hello_Drum/src/EEPROM.h:25:10: fatal error: avr/eeprom.h: No such file or directory
 #include &lt;avr/eeprom.h&gt;
          ^~~~~~~~~~~~~~
compilation terminated.
Multiple libraries were found for &#34;EEPROM.h&#34;
  Used: /home/ec2-user/arduino-testlib/cli-datadir/user/libraries/Hello_Drum
  Not used: /home/ec2-user/arduino-testlib/cli-datadir/user/libraries/arduino-NVM
</pre>

					
					<h4>examples/01_servo</h4>
					<p>
						Result: <b>FAIL</b>
					</p>
					<pre class="pre-scrollable">In file included from /home/ec2-user/arduino-testlib/cli-datadir/user/libraries/VivicoreSerial/VivicoreSerial.cpp:48:0:
/home/ec2-user/arduino-testlib/cli-datadir/user/libraries/Hello_Drum/src/EEPROM.h:25:10: fatal error: avr/eeprom.h: No such file or directory
 #include &lt;avr/eeprom.h&gt;
          ^~~~~~~~~~~~~~
compilation terminated.
Multiple libraries were found for &#34;EEPROM.h&#34;
  Used: /home/ec2-user/arduino-testlib/cli-datadir/user/libraries/Hello_Drum
  Not used: /home/ec2-user/arduino-testlib/cli-datadir/user/libraries/arduino-NVM
</pre>
					
					<h4>examples/02_motor</h4>
					<p>
						Result: <b>FAIL</b>
					</p>
					<pre class="pre-scrollable">In file included from /home/ec2-user/arduino-testlib/cli-datadir/user/libraries/VivicoreSerial/VivicoreSerial.cpp:48:0:
/home/ec2-user/arduino-testlib/cli-datadir/user/libraries/Hello_Drum/src/EEPROM.h:25:10: fatal error: avr/eeprom.h: No such file or directory
 #include &lt;avr/eeprom.h&gt;
          ^~~~~~~~~~~~~~
compilation terminated.
Multiple libraries were found for &#34;EEPROM.h&#34;
  Used: /home/ec2-user/arduino-testlib/cli-datadir/user/libraries/Hello_Drum
  Not used: /home/ec2-user/arduino-testlib/cli-datadir/user/libraries/arduino-NVM
</pre>
					
					<h4>examples/03_joystick</h4>
					<p>
						Result: <b>FAIL</b>
					</p>
					<pre class="pre-scrollable">In file included from /home/ec2-user/arduino-testlib/cli-datadir/user/libraries/VivicoreSerial/VivicoreSerial.cpp:48:0:
/home/ec2-user/arduino-testlib/cli-datadir/user/libraries/Hello_Drum/src/EEPROM.h:25:10: fatal error: avr/eeprom.h: No such file or directory
 #include &lt;avr/eeprom.h&gt;
          ^~~~~~~~~~~~~~
compilation terminated.
Multiple libraries were found for &#34;EEPROM.h&#34;
  Used: /home/ec2-user/arduino-testlib/cli-datadir/user/libraries/Hello_Drum
  Not used: /home/ec2-user/arduino-testlib/cli-datadir/user/libraries/arduino-NVM
</pre>
					
					<h4>examples/04_button</h4>
					<p>
						Result: <b>FAIL</b>
					</p>
					<pre class="pre-scrollable">In file included from /home/ec2-user/arduino-testlib/cli-datadir/user/libraries/VivicoreSerial/VivicoreSerial.cpp:48:0:
/home/ec2-user/arduino-testlib/cli-datadir/user/libraries/Hello_Drum/src/EEPROM.h:25:10: fatal error: avr/eeprom.h: No such file or directory
 #include &lt;avr/eeprom.h&gt;
          ^~~~~~~~~~~~~~
compilation terminated.
Multiple libraries were found for &#34;EEPROM.h&#34;
  Used: /home/ec2-user/arduino-testlib/cli-datadir/user/libraries/Hello_Drum
  Not used: /home/ec2-user/arduino-testlib/cli-datadir/user/libraries/arduino-NVM
</pre>
					
					<h4>examples/05_rotator</h4>
					<p>
						Result: <b>FAIL</b>
					</p>
					<pre class="pre-scrollable">In file included from /home/ec2-user/arduino-testlib/cli-datadir/user/libraries/VivicoreSerial/VivicoreSerial.cpp:48:0:
/home/ec2-user/arduino-testlib/cli-datadir/user/libraries/Hello_Drum/src/EEPROM.h:25:10: fatal error: avr/eeprom.h: No such file or directory
 #include &lt;avr/eeprom.h&gt;
          ^~~~~~~~~~~~~~
compilation terminated.
Multiple libraries were found for &#34;EEPROM.h&#34;
  Used: /home/ec2-user/arduino-testlib/cli-datadir/user/libraries/Hello_Drum
  Not used: /home/ec2-user/arduino-testlib/cli-datadir/user/libraries/arduino-NVM
</pre>
					
					<h4>examples/06_slider</h4>
					<p>
						Result: <b>FAIL</b>
					</p>
					<pre class="pre-scrollable">In file included from /home/ec2-user/arduino-testlib/cli-datadir/user/libraries/VivicoreSerial/VivicoreSerial.cpp:48:0:
/home/ec2-user/arduino-testlib/cli-datadir/user/libraries/Hello_Drum/src/EEPROM.h:25:10: fatal error: avr/eeprom.h: No such file or directory
 #include &lt;avr/eeprom.h&gt;
          ^~~~~~~~~~~~~~
compilation terminated.
Multiple libraries were found for &#34;EEPROM.h&#34;
  Used: /home/ec2-user/arduino-testlib/cli-datadir/user/libraries/Hello_Drum
  Not used: /home/ec2-user/arduino-testlib/cli-datadir/user/libraries/arduino-NVM
</pre>
					
					<h4>examples/07_measure</h4>
					<p>
						Result: <b>FAIL</b>
					</p>
					<pre class="pre-scrollable">In file included from /home/ec2-user/arduino-testlib/cli-datadir/user/libraries/VivicoreSerial/VivicoreSerial.cpp:48:0:
/home/ec2-user/arduino-testlib/cli-datadir/user/libraries/Hello_Drum/src/EEPROM.h:25:10: fatal error: avr/eeprom.h: No such file or directory
 #include &lt;avr/eeprom.h&gt;
          ^~~~~~~~~~~~~~
compilation terminated.
Multiple libraries were found for &#34;EEPROM.h&#34;
  Used: /home/ec2-user/arduino-testlib/cli-datadir/user/libraries/Hello_Drum
  Not used: /home/ec2-user/arduino-testlib/cli-datadir/user/libraries/arduino-NVM
</pre>
					
					<h4>examples/08_motion</h4>
					<p>
						Result: <b>FAIL</b>
					</p>
					<pre class="pre-scrollable">/home/ec2-user/arduino-testlib/cli-datadir/user/libraries/VivicoreSerial/examples/08_motion/08_motion.ino:4:10: fatal error: lsm6ds3_reg.h: No such file or directory
 #include &#34;lsm6ds3_reg.h&#34;
          ^~~~~~~~~~~~~~~
compilation terminated.

</pre>
					
					<h4>examples/09_message_board</h4>
					<p>
						Result: <b>FAIL</b>
					</p>
					<pre class="pre-scrollable">/home/ec2-user/arduino-testlib/cli-datadir/user/libraries/VivicoreSerial/examples/09_message_board/09_message_board.ino:4:10: fatal error: misakiUTF16.h: No such file or directory
 #include &lt;misakiUTF16.h&gt;
          ^~~~~~~~~~~~~~~
compilation terminated.

</pre>
					
					<h4>examples/0A_color_picker</h4>
					<p>
						Result: <b>FAIL</b>
					</p>
					<pre class="pre-scrollable">In file included from /home/ec2-user/arduino-testlib/cli-datadir/user/libraries/VivicoreSerial/VivicoreSerial.cpp:48:0:
/home/ec2-user/arduino-testlib/cli-datadir/user/libraries/Hello_Drum/src/EEPROM.h:25:10: fatal error: avr/eeprom.h: No such file or directory
 #include &lt;avr/eeprom.h&gt;
          ^~~~~~~~~~~~~~
compilation terminated.
Multiple libraries were found for &#34;EEPROM.h&#34;
  Used: /home/ec2-user/arduino-testlib/cli-datadir/user/libraries/Hello_Drum
  Not used: /home/ec2-user/arduino-testlib/cli-datadir/user/libraries/arduino-NVM
</pre>
					
					<h4>examples/0B_led</h4>
					<p>
						Result: <b>FAIL</b>
					</p>
					<pre class="pre-scrollable">In file included from /home/ec2-user/arduino-testlib/cli-datadir/user/libraries/VivicoreSerial/VivicoreSerial.cpp:48:0:
/home/ec2-user/arduino-testlib/cli-datadir/user/libraries/Hello_Drum/src/EEPROM.h:25:10: fatal error: avr/eeprom.h: No such file or directory
 #include &lt;avr/eeprom.h&gt;
          ^~~~~~~~~~~~~~
compilation terminated.
Multiple libraries were found for &#34;EEPROM.h&#34;
  Used: /home/ec2-user/arduino-testlib/cli-datadir/user/libraries/Hello_Drum
  Not used: /home/ec2-user/arduino-testlib/cli-datadir/user/libraries/arduino-NVM
</pre>
					
				
				<h3 id="arduino:megaavr:nona4809">arduino:megaavr:nona4809 @ 1.8.7</h3>
				<h4>Inclusion</h4>
				<p>
					Result: <b>FAIL</b>
					
				</p>
				<pre class="pre-scrollable">WARNING: library VivicoreSerial claims to run on avr architecture(s) and may be incompatible with your current board which runs on megaavr architecture(s).
In file included from /home/ec2-user/arduino-testlib/cli-datadir/user/libraries/VivicoreSerial/VivicoreSerial.cpp:50:0:
/home/ec2-user/arduino-testlib/cli-datadir/data/packages/arduino/tools/avr-gcc/7.3.0-atmel3.6.1-arduino5/avr/include/avr/boot.h:116:6: error: #error AVR processor does not provide bootloader support!
 #    error AVR processor does not provide bootloader support!
      ^~~~~
/home/ec2-user/arduino-testlib/cli-datadir/data/packages/arduino/tools/avr-gcc/7.3.0-atmel3.6.1-arduino5/avr/include/avr/boot.h:127:4: error: #error Cannot find SPM Enable bit definition!
 #  error Cannot find SPM Enable bit definition!
    ^~~~~
/home/ec2-user/arduino-testlib/cli-datadir/user/libraries/VivicoreSerial/VivicoreSerial.cpp:76:26: error: &#39;UBRR0H&#39; was not declared in this scope
 VivicoreSerial Vivicore(&amp;UBRR0H, &amp;UBRR0L, &amp;UCSR0A, &amp;UCSR0B, &amp;UCSR0C, &amp;UDR0, RXEN0, TXEN0, RXCIE0, UDRIE0, U2X0, TXC0,
                          ^~~~~~
/home/ec2-user/arduino-testlib/cli-datadir/user/libraries/VivicoreSerial/VivicoreSerial.cpp:76:35: error: &#39;UBRR0L&#39; was not declared in this scope
 VivicoreSerial Vivicore(&amp;UBRR0H, &amp;UBRR0L, &amp;UCSR0A, &amp;UCSR0B, &amp;UCSR0C, &amp;UDR0, RXEN0, TXEN0, RXCIE0, UDRIE0, U2X0, TXC0,
                                   ^~~~~~
/home/ec2-user/arduino-testlib/cli-datadir/user/libraries/VivicoreSerial/VivicoreSerial.cpp:76:44: error: &#39;UCSR0A&#39; was not declared in this scope
 VivicoreSerial Vivicore(&amp;UBRR0H, &amp;UBRR0L, &amp;UCSR0A, &amp;UCSR0B, &amp;UCSR0C, &amp;UDR0, RXEN0, TXEN0, RXCIE0, UDRIE0, U2X0, TXC0,
                                            ^~~~~~
/home/ec2-user/arduino-testlib/cli-datadir/user/libraries/VivicoreSerial/VivicoreSerial.cpp:76:53: error: &#39;UCSR0B&#39; was not declared in this scope
 VivicoreSerial Vivicore(&amp;UBRR0H, &amp;UBRR0L, &amp;UCSR0A, &amp;UCSR0B, &amp;UCSR0C, &amp;UDR0, RXEN0, TXEN0, RXCIE0, UDRIE0, U2X0, TXC0,
                                                     ^~~~~~
/home/ec2-user/arduino-testlib/cli-datadir/user/libraries/VivicoreSerial/VivicoreSerial.cpp:76:62: error: &#39;UCSR0C&#39; was not declared in this scope
 VivicoreSerial Vivicore(&amp;UBRR0H, &amp;UBRR0L, &amp;UCSR0A, &amp;UCSR0B, &amp;UCSR0C, &amp;UDR0, RXEN0, TXEN0, RXCIE0, UDRIE0, U2X0, TXC0,
                                                              ^~~~~~
/home/ec2-user/arduino-testlib/cli-datadir/user/libraries/VivicoreSerial/VivicoreSerial.cpp:76:71: error: &#39;UDR0&#39; was not declared in this scope
 VivicoreSerial Vivicore(&amp;UBRR0H, &amp;UBRR0L, &amp;UCSR0A, &amp;UCSR0B, &amp;UCSR0C, &amp;UDR0, RXEN0, TXEN0, RXCIE0, UDRIE0, U2X0, TXC0,
                                                                       ^~~~
/home/ec2-user/arduino-testlib/cli-datadir/user/libraries/VivicoreSerial/VivicoreSerial.cpp:76:71: note: suggested alternative: &#39;DDRD&#39;
 VivicoreSerial Vivicore(&amp;UBRR0H, &amp;UBRR0L, &amp;UCSR0A, &amp;UCSR0B, &amp;UCSR0C, &amp;UDR0, RXEN0, TXEN0, RXCIE0, UDRIE0, U2X0, TXC0,
                                                                       ^~~~
                                                                       DDRD
/home/ec2-user/arduino-testlib/cli-datadir/user/libraries/VivicoreSerial/VivicoreSerial.cpp:76:77: error: &#39;RXEN0&#39; was not declared in this scope
 VivicoreSerial Vivicore(&amp;UBRR0H, &amp;UBRR0L, &amp;UCSR0A, &amp;UCSR0B, &amp;UCSR0C, &amp;UDR0, RXEN0, TXEN0, RXCIE0, UDRIE0, U2X0, TXC0,
                                                                             ^~~~~
/home/ec2-user/arduino-testlib/cli-datadir/user/libraries/VivicoreSerial/VivicoreSerial.cpp:76:84: error: &#39;TXEN0&#39; was not declared in this scope
 VivicoreSerial Vivicore(&amp;UBRR0H, &amp;UBRR0L, &amp;UCSR0A, &amp;UCSR0B, &amp;UCSR0C, &amp;UDR0, RXEN0, TXEN0, RXCIE0, UDRIE0, U2X0, TXC0,
                                                                                    ^~~~~
/home/ec2-user/arduino-testlib/cli-datadir/user/libraries/VivicoreSerial/VivicoreSerial.cpp:76:91: error: &#39;RXCIE0&#39; was not declared in this scope
 VivicoreSerial Vivicore(&amp;UBRR0H, &amp;UBRR0L, &amp;UCSR0A, &amp;UCSR0B, &amp;UCSR0C, &amp;UDR0, RXEN0, TXEN0, RXCIE0, UDRIE0, U2X0, TXC0,
                                                                                           ^~~~~~
/home/ec2-user/arduino-testlib/cli-datadir/user/libraries/VivicoreSerial/VivicoreSerial.cpp:76:99: error: &#39;UDRIE0&#39; was not declared in this scope
 VivicoreSerial Vivicore(&amp;UBRR0H, &amp;UBRR0L, &amp;UCSR0A, &amp;UCSR0B, &amp;UCSR0C, &amp;UDR0, RXEN0, TXEN0, RXCIE0, UDRIE0, U2X0, TXC0,
                                                                                                   ^~~~~~
/home/ec2-user/arduino-testlib/cli-datadir/user/libraries/VivicoreSerial/VivicoreSerial.cpp:76:107: error: &#39;U2X0&#39; was not declared in this scope
 VivicoreSerial Vivicore(&amp;UBRR0H, &amp;UBRR0L, &amp;UCSR0A, &amp;UCSR0B, &amp;UCSR0C, &amp;UDR0, RXEN0, TXEN0, RXCIE0, UDRIE0, U2X0, TXC0,
                                                                                                           ^~~~
/home/ec2-user/arduino-testlib/cli-datadir/user/libraries/VivicoreSerial/VivicoreSerial.cpp:76:113: error: &#39;TXC0&#39; was not declared in this scope
 VivicoreSerial Vivicore(&amp;UBRR0H, &amp;UBRR0L, &amp;UCSR0A, &amp;UCSR0B, &amp;UCSR0C, &amp;UDR0, RXEN0, TXEN0, RXCIE0, UDRIE0, U2X0, TXC0,
                                                                                                                 ^~~~
/home/ec2-user/arduino-testlib/cli-datadir/user/libraries/VivicoreSerial/VivicoreSerial.cpp:76:113: note: suggested alternative: &#39;ADC0&#39;
 VivicoreSerial Vivicore(&amp;UBRR0H, &amp;UBRR0L, &amp;UCSR0A, &amp;UCSR0B, &amp;UCSR0C, &amp;UDR0, RXEN0, TXEN0, RXCIE0, UDRIE0, U2X0, TXC0,
                                                                                                                 ^~~~
                                                                                                                 ADC0
/home/ec2-user/arduino-testlib/cli-datadir/user/libraries/VivicoreSerial/VivicoreSerial.cpp:77:25: error: &#39;DOR0&#39; was not declared in this scope
                         DOR0, UPE0, FE0);
                         ^~~~
/home/ec2-user/arduino-testlib/cli-datadir/user/libraries/VivicoreSerial/VivicoreSerial.cpp:77:25: note: suggested alternative: &#39;DDRD&#39;
                         DOR0, UPE0, FE0);
                         ^~~~
                         DDRD
/home/ec2-user/arduino-testlib/cli-datadir/user/libraries/VivicoreSerial/VivicoreSerial.cpp:77:31: error: &#39;UPE0&#39; was not declared in this scope
                         DOR0, UPE0, FE0);
                               ^~~~
/home/ec2-user/arduino-testlib/cli-datadir/user/libraries/VivicoreSerial/VivicoreSerial.cpp:77:31: note: suggested alternative: &#39;SPI0&#39;
                         DOR0, UPE0, FE0);
                               ^~~~
                               SPI0
/home/ec2-user/arduino-testlib/cli-datadir/user/libraries/VivicoreSerial/VivicoreSerial.cpp:77:37: error: &#39;FE0&#39; was not declared in this scope
                         DOR0, UPE0, FE0);
                                     ^~~
/home/ec2-user/arduino-testlib/cli-datadir/user/libraries/VivicoreSerial/VivicoreSerial.cpp: In member function &#39;BranchCommandRes_t VivicoreSerial::processCommand(BranchCommand_t)&#39;:
/home/ec2-user/arduino-testlib/cli-datadir/user/libraries/VivicoreSerial/VivicoreSerial.cpp:329:25: error: no match for &#39;operator|&#39; (operand types are &#39;PORTCClass&#39; and &#39;&lt;unnamed enum&gt;&#39;)
           PORTC = PORTC | B00001000; // A3 PC3 to High Start supplying power
                   ~~~~~~^~~~~~~~~~~
/home/ec2-user/arduino-testlib/cli-datadir/user/libraries/VivicoreSerial/VivicoreSerial.cpp: In function &#39;void USART0_UDRE_vect()&#39;:
/home/ec2-user/arduino-testlib/cli-datadir/user/libraries/VivicoreSerial/VivicoreSerial.cpp:621:5: error: &#39;cbi&#39; was not declared in this scope
     cbi(*(active_object-&gt;_ucsrb), active_object-&gt;_udrie);
     ^~~
/home/ec2-user/arduino-testlib/cli-datadir/user/libraries/VivicoreSerial/VivicoreSerial.cpp:621:5: note: suggested alternative: &#39;cli&#39;
     cbi(*(active_object-&gt;_ucsrb), active_object-&gt;_udrie);
     ^~~
     cli
/home/ec2-user/arduino-testlib/cli-datadir/user/libraries/VivicoreSerial/VivicoreSerial.cpp:624:19: error: no match for &#39;operator&amp;&#39; (operand types are &#39;PORTBClass&#39; and &#39;&lt;unnamed enum&gt;&#39;)
     PORTB = PORTB &amp; B11111110;          // digitalWrite(PIN_EN_TX, LOW);
             ~~~~~~^~~~~~~~~~~
/home/ec2-user/arduino-testlib/cli-datadir/user/libraries/VivicoreSerial/VivicoreSerial.cpp:632:5: error: &#39;sbi&#39; was not declared in this scope
     sbi(*(active_object-&gt;_ucsra), active_object-&gt;_txc);
     ^~~
/home/ec2-user/arduino-testlib/cli-datadir/user/libraries/VivicoreSerial/VivicoreSerial.cpp:632:5: note: suggested alternative: &#39;sei&#39;
     sbi(*(active_object-&gt;_ucsra), active_object-&gt;_txc);
     ^~~
     sei
In file included from /home/ec2-user/arduino-testlib/cli-datadir/data/packages/arduino/tools/avr-gcc/7.3.0-atmel3.6.1-arduino5/avr/include/avr/io.h:99:0,
                 from /home/ec2-user/arduino-testlib/cli-datadir/data/packages/arduino/hardware/megaavr/1.8.7/cores/arduino/wiring_private.h:26,
                 from /home/ec2-user/arduino-testlib/cli-datadir/user/libraries/VivicoreSerial/VivicoreSerial.cpp:47:
/home/ec2-user/arduino-testlib/cli-datadir/user/libraries/VivicoreSerial/VivicoreSerial.cpp: In constructor &#39;VivicoreSerial::VivicoreSerial(volatile uint8_t*, volatile uint8_t*, volatile uint8_t*, volatile uint8_t*, volatile uint8_t*, volatile uint8_t*, uint8_t, uint8_t, uint8_t, uint8_t, uint8_t, uint8_t, uint8_t, uint8_t, uint8_t)&#39;:
/home/ec2-user/arduino-testlib/cli-datadir/user/libraries/VivicoreSerial/VivicoreSerial.cpp:650:9: error: &#39;__SPM_REG&#39; was not declared in this scope
         boot_signature_byte_get(0x00), // Value of SIGROW_DEVICEID0
         ^
/home/ec2-user/arduino-testlib/cli-datadir/user/libraries/VivicoreSerial/VivicoreSerial.cpp:650:9: error: &#39;__SPM_ENABLE&#39; was not declared in this scope
         boot_signature_byte_get(0x00), // Value of SIGROW_DEVICEID0
         ^
/home/ec2-user/arduino-testlib/cli-datadir/user/libraries/VivicoreSerial/Vivi</pre>

					
					<h4>examples/01_servo</h4>
					<p>
						Result: <b>FAIL</b>
					</p>
					<pre class="pre-scrollable">WARNING: library VivicoreSerial claims to run on avr architecture(s) and may be incompatible with your current board which runs on megaavr architecture(s).
In file included from /home/ec2-user/arduino-testlib/cli-datadir/data/packages/arduino/hardware/megaavr/1.8.7/cores/arduino/api/Interrupts.h:8:0,
                 from /home/ec2-user/arduino-testlib/cli-datadir/data/packages/arduino/hardware/megaavr/1.8.7/cores/arduino/api/ArduinoAPI.h:29,
                 from /home/ec2-user/arduino-testlib/cli-datadir/data/packages/arduino/hardware/megaavr/1.8.7/cores/arduino/Arduino.h:23,
                 from /tmp/arduino-sketch-104D4EC37E25994165481EA55989AA43/sketch/01_servo.ino.cpp:1:
/home/ec2-user/arduino-testlib/cli-datadir/user/libraries/VivicoreSerial/examples/01_servo/01_servo.ino: In function &#39;void analogWriteWithProtection(int, uint16_t)&#39;:
/home/ec2-user/arduino-testlib/cli-datadir/user/libraries/VivicoreSerial/examples/01_servo/01_servo.ino:149:14: error: &#39;TCCR1A&#39; was not declared in this scope
       bitSet(TCCR1A, COM1B1);
              ^
/home/ec2-user/arduino-testlib/cli-datadir/data/packages/arduino/hardware/megaavr/1.8.7/cores/arduino/api/Common.h:65:30: note: in definition of macro &#39;bitSet&#39;
 #define bitSet(value, bit) ((value) |= (1UL &lt;&lt; (bit)))
                              ^~~~~
/home/ec2-user/arduino-testlib/cli-datadir/user/libraries/VivicoreSerial/examples/01_servo/01_servo.ino:149:14: note: suggested alternative: &#39;TCB1&#39;
       bitSet(TCCR1A, COM1B1);
              ^
/home/ec2-user/arduino-testlib/cli-datadir/data/packages/arduino/hardware/megaavr/1.8.7/cores/arduino/api/Common.h:65:30: note: in definition of macro &#39;bitSet&#39;
 #define bitSet(value, bit) ((value) |= (1UL &lt;&lt; (bit)))
                              ^~~~~
/home/ec2-user/arduino-testlib/cli-datadir/user/libraries/VivicoreSerial/examples/01_servo/01_servo.ino:149:22: error: &#39;COM1B1&#39; was not declared in this scope
       bitSet(TCCR1A, COM1B1);
                      ^
/home/ec2-user/arduino-testlib/cli-datadir/data/packages/arduino/hardware/megaavr/1.8.7/cores/arduino/api/Common.h:65:49: note: in definition of macro &#39;bitSet&#39;
 #define bitSet(value, bit) ((value) |= (1UL &lt;&lt; (bit)))
                                                 ^~~
/home/ec2-user/arduino-testlib/cli-datadir/user/libraries/VivicoreSerial/examples/01_servo/01_servo.ino:150:7: error: &#39;OCR1B&#39; was not declared in this scope
       OCR1B = value_;
       ^~~~~
In file included from /home/ec2-user/arduino-testlib/cli-datadir/data/packages/arduino/hardware/megaavr/1.8.7/cores/arduino/api/Interrupts.h:8:0,
                 from /home/ec2-user/arduino-testlib/cli-datadir/data/packages/arduino/hardware/megaavr/1.8.7/cores/arduino/api/ArduinoAPI.h:29,
                 from /home/ec2-user/arduino-testlib/cli-datadir/data/packages/arduino/hardware/megaavr/1.8.7/cores/arduino/Arduino.h:23,
                 from /tmp/arduino-sketch-104D4EC37E25994165481EA55989AA43/sketch/01_servo.ino.cpp:1:
/home/ec2-user/arduino-testlib/cli-datadir/user/libraries/VivicoreSerial/examples/01_servo/01_servo.ino:152:14: error: &#39;TCCR1A&#39; was not declared in this scope
       bitSet(TCCR1A, COM1A1);
              ^
/home/ec2-user/arduino-testlib/cli-datadir/data/packages/arduino/hardware/megaavr/1.8.7/cores/arduino/api/Common.h:65:30: note: in definition of macro &#39;bitSet&#39;
 #define bitSet(value, bit) ((value) |= (1UL &lt;&lt; (bit)))
                              ^~~~~
/home/ec2-user/arduino-testlib/cli-datadir/user/libraries/VivicoreSerial/examples/01_servo/01_servo.ino:152:14: note: suggested alternative: &#39;TCB1&#39;
       bitSet(TCCR1A, COM1A1);
              ^
/home/ec2-user/arduino-testlib/cli-datadir/data/packages/arduino/hardware/megaavr/1.8.7/cores/arduino/api/Common.h:65:30: note: in definition of macro &#39;bitSet&#39;
 #define bitSet(value, bit) ((value) |= (1UL &lt;&lt; (bit)))
                              ^~~~~
/home/ec2-user/arduino-testlib/cli-datadir/user/libraries/VivicoreSerial/examples/01_servo/01_servo.ino:152:22: error: &#39;COM1A1&#39; was not declared in this scope
       bitSet(TCCR1A, COM1A1);
                      ^
/home/ec2-user/arduino-testlib/cli-datadir/data/packages/arduino/hardware/megaavr/1.8.7/cores/arduino/api/Common.h:65:49: note: in definition of macro &#39;bitSet&#39;
 #define bitSet(value, bit) ((value) |= (1UL &lt;&lt; (bit)))
                                                 ^~~
/home/ec2-user/arduino-testlib/cli-datadir/user/libraries/VivicoreSerial/examples/01_servo/01_servo.ino:153:7: error: &#39;OCR1A&#39; was not declared in this scope
       OCR1A = value_;
       ^~~~~
/home/ec2-user/arduino-testlib/cli-datadir/user/libraries/VivicoreSerial/examples/01_servo/01_servo.ino: In function &#39;void setup()&#39;:
/home/ec2-user/arduino-testlib/cli-datadir/user/libraries/VivicoreSerial/examples/01_servo/01_servo.ino:398:3: error: &#39;TCCR1A&#39; was not declared in this scope
   TCCR1A = bit(COM1A1) | bit(COM1B1) | // no inverting
   ^~~~~~
/home/ec2-user/arduino-testlib/cli-datadir/user/libraries/VivicoreSerial/examples/01_servo/01_servo.ino:398:3: note: suggested alternative: &#39;TCB1&#39;
   TCCR1A = bit(COM1A1) | bit(COM1B1) | // no inverting
   ^~~~~~
   TCB1
In file included from /home/ec2-user/arduino-testlib/cli-datadir/data/packages/arduino/hardware/megaavr/1.8.7/cores/arduino/api/Interrupts.h:8:0,
                 from /home/ec2-user/arduino-testlib/cli-datadir/data/packages/arduino/hardware/megaavr/1.8.7/cores/arduino/api/ArduinoAPI.h:29,
                 from /home/ec2-user/arduino-testlib/cli-datadir/data/packages/arduino/hardware/megaavr/1.8.7/cores/arduino/Arduino.h:23,
                 from /tmp/arduino-sketch-104D4EC37E25994165481EA55989AA43/sketch/01_servo.ino.cpp:1:
/home/ec2-user/arduino-testlib/cli-datadir/user/libraries/VivicoreSerial/examples/01_servo/01_servo.ino:398:16: error: &#39;COM1A1&#39; was not declared in this scope
   TCCR1A = bit(COM1A1) | bit(COM1B1) | // no inverting
                ^
/home/ec2-user/arduino-testlib/cli-datadir/data/packages/arduino/hardware/megaavr/1.8.7/cores/arduino/api/Common.h:71:25: note: in definition of macro &#39;bit&#39;
 #define bit(b) (1UL &lt;&lt; (b))
                         ^
/home/ec2-user/arduino-testlib/cli-datadir/user/libraries/VivicoreSerial/examples/01_servo/01_servo.ino:398:30: error: &#39;COM1B1&#39; was not declared in this scope
   TCCR1A = bit(COM1A1) | bit(COM1B1) | // no inverting
                              ^
/home/ec2-user/arduino-testlib/cli-datadir/data/packages/arduino/hardware/megaavr/1.8.7/cores/arduino/api/Common.h:71:25: note: in definition of macro &#39;bit&#39;
 #define bit(b) (1UL &lt;&lt; (b))
                         ^
/home/ec2-user/arduino-testlib/cli-datadir/user/libraries/VivicoreSerial/examples/01_servo/01_servo.ino:399:16: error: &#39;WGM11&#39; was not declared in this scope
            bit(WGM11);
                ^
/home/ec2-user/arduino-testlib/cli-datadir/data/packages/arduino/hardware/megaavr/1.8.7/cores/arduino/api/Common.h:71:25: note: in definition of macro &#39;bit&#39;
 #define bit(b) (1UL &lt;&lt; (b))
                         ^
/home/ec2-user/arduino-testlib/cli-datadir/user/libraries/VivicoreSerial/examples/01_servo/01_servo.ino:400:3: error: &#39;TCCR1B&#39; was not declared in this scope
   TCCR1B = bit(WGM13) | bit(WGM12) | // fast PWM, TOP=ICR1
   ^~~~~~
/home/ec2-user/arduino-testlib/cli-datadir/user/libraries/VivicoreSerial/examples/01_servo/01_servo.ino:400:3: note: suggested alternative: &#39;TCB1&#39;
   TCCR1B = bit(WGM13) | bit(WGM12) | // fast PWM, TOP=ICR1
   ^~~~~~
   TCB1
In file included from /home/ec2-user/arduino-testlib/cli-datadir/data/packages/arduino/hardware/megaavr/1.8.7/cores/arduino/api/Interrupts.h:8:0,
                 from /home/ec2-user/arduino-testlib/cli-datadir/data/packages/arduino/hardware/megaavr/1.8.7/cores/arduino/api/ArduinoAPI.h:29,
                 from /home/ec2-user/arduino-testlib/cli-datadir/data/packages/arduino/hardware/megaavr/1.8.7/cores/arduino/Arduino.h:23,
                 from /tmp/arduino-sketch-104D4EC37E25994165481EA55989AA43/sketch/01_servo.ino.cpp:1:
/home/ec2-user/arduino-testlib/cli-datadir/user/libraries/VivicoreSerial/examples/01_servo/01_servo.ino:400:16: error: &#39;WGM13&#39; was not declared in this scope
   TCCR1B = bit(WGM13) | bit(WGM12) | // fast PWM, TOP=ICR1
                ^
/home/ec2-user/arduino-testlib/cli-datadir/data/packages/arduino/hardware/megaavr/1.8.7/cores/arduino/api/Common.h:71:25: note: in definition of macro &#39;bit&#39;
 #define bit(b) (1UL &lt;&lt; (b))
                         ^
/home/ec2-user/arduino-testlib/cli-datadir/user/libraries/VivicoreSerial/examples/01_servo/01_servo.ino:400:29: error: &#39;WGM12&#39; was not declared in this scope
   TCCR1B = bit(WGM13) | bit(WGM12) | // fast PWM, TOP=ICR1
                             ^
/home/ec2-user/arduino-testlib/cli-datadir/data/packages/arduino/hardware/megaavr/1.8.7/cores/arduino/api/Common.h:71:25: note: in definition of macro &#39;bit&#39;
 #define bit(b) (1UL &lt;&lt; (b))
                         ^
/home/ec2-user/arduino-testlib/cli-datadir/user/libraries/VivicoreSerial/examples/01_servo/01_servo.ino:401:16: error: &#39;CS11&#39; was not declared in this scope
            bit(CS11);                // clk/8 prescaler
                ^
/home/ec2-user/arduino-testlib/cli-datadir/data/packages/arduino/hardware/megaavr/1.8.7/cores/arduino/api/Common.h:71:25: note: in definition of macro &#39;bit&#39;
 #define bit(b) (1UL &lt;&lt; (b))
                         ^
/home/ec2-user/arduino-testlib/cli-datadir/user/libraries/VivicoreSerial/examples/01_servo/01_servo.ino:401:16: note: suggested alternative: &#39;B111&#39;
            bit(CS11);                // clk/8 prescaler
                ^
/home/ec2-user/arduino-testlib/cli-datadir/data/packages/arduino/hardware/megaavr/1.8.7/cores/arduino/api/Common.h:71:25: note: in definition of macro &#39;bit&#39;
 #define bit(b) (1UL &lt;&lt; (b))
                         ^
/home/ec2-user/arduino-testlib/cli-datadir/user/libraries/VivicoreSerial/examples/01_servo/01_servo.ino:402:3: error: &#39;ICR1&#39; was not declared in this scope
   ICR1 = MAX_CNT;                    // TOP counter value
   ^~~~
/home/ec2-user/arduino-test</pre>
					
					<h4>examples/02_motor</h4>
					<p>
						Result: <b>FAIL</b>
					</p>
					<pre class="pre-scrollable">WARNING: library VivicoreSerial claims to run on avr architecture(s) and may be incompatible with your current board which runs on megaavr architecture(s).
In file included from /home/ec2-user/arduino-testlib/cli-datadir/data/packages/arduino/hardware/megaavr/1.8.7/cores/arduino/api/Interrupts.h:8:0,
                 from /home/ec2-user/arduino-testlib/cli-datadir/data/packages/arduino/hardware/megaavr/1.8.7/cores/arduino/api/ArduinoAPI.h:29,
                 from /home/ec2-user/arduino-testlib/cli-datadir/data/packages/arduino/hardware/megaavr/1.8.7/cores/arduino/Arduino.h:23,
                 from /tmp/arduino-sketch-E40D44E5179C60ADA0DF57C1A0A4B5B5/sketch/02_motor.ino.cpp:1:
/home/ec2-user/arduino-testlib/cli-datadir/user/libraries/VivicoreSerial/examples/02_motor/02_motor.ino: In function &#39;void analogWrite_(uint8_t, uint16_t)&#39;:
/home/ec2-user/arduino-testlib/cli-datadir/user/libraries/VivicoreSerial/examples/02_motor/02_motor.ino:50:14: error: &#39;TCCR1A&#39; was not declared in this scope
       bitSet(TCCR1A, COM1A1);
              ^
/home/ec2-user/arduino-testlib/cli-datadir/data/packages/arduino/hardware/megaavr/1.8.7/cores/arduino/api/Common.h:65:30: note: in definition of macro &#39;bitSet&#39;
 #define bitSet(value, bit) ((value) |= (1UL &lt;&lt; (bit)))
                              ^~~~~
/home/ec2-user/arduino-testlib/cli-datadir/user/libraries/VivicoreSerial/examples/02_motor/02_motor.ino:50:14: note: suggested alternative: &#39;TCB1&#39;
       bitSet(TCCR1A, COM1A1);
              ^
/home/ec2-user/arduino-testlib/cli-datadir/data/packages/arduino/hardware/megaavr/1.8.7/cores/arduino/api/Common.h:65:30: note: in definition of macro &#39;bitSet&#39;
 #define bitSet(value, bit) ((value) |= (1UL &lt;&lt; (bit)))
                              ^~~~~
/home/ec2-user/arduino-testlib/cli-datadir/user/libraries/VivicoreSerial/examples/02_motor/02_motor.ino:50:22: error: &#39;COM1A1&#39; was not declared in this scope
       bitSet(TCCR1A, COM1A1);
                      ^
/home/ec2-user/arduino-testlib/cli-datadir/data/packages/arduino/hardware/megaavr/1.8.7/cores/arduino/api/Common.h:65:49: note: in definition of macro &#39;bitSet&#39;
 #define bitSet(value, bit) ((value) |= (1UL &lt;&lt; (bit)))
                                                 ^~~
/home/ec2-user/arduino-testlib/cli-datadir/user/libraries/VivicoreSerial/examples/02_motor/02_motor.ino:51:7: error: &#39;OCR1A&#39; was not declared in this scope
       OCR1A = mappedValue;
       ^~~~~
In file included from /home/ec2-user/arduino-testlib/cli-datadir/data/packages/arduino/hardware/megaavr/1.8.7/cores/arduino/api/Interrupts.h:8:0,
                 from /home/ec2-user/arduino-testlib/cli-datadir/data/packages/arduino/hardware/megaavr/1.8.7/cores/arduino/api/ArduinoAPI.h:29,
                 from /home/ec2-user/arduino-testlib/cli-datadir/data/packages/arduino/hardware/megaavr/1.8.7/cores/arduino/Arduino.h:23,
                 from /tmp/arduino-sketch-E40D44E5179C60ADA0DF57C1A0A4B5B5/sketch/02_motor.ino.cpp:1:
/home/ec2-user/arduino-testlib/cli-datadir/user/libraries/VivicoreSerial/examples/02_motor/02_motor.ino:53:14: error: &#39;TCCR1A&#39; was not declared in this scope
       bitSet(TCCR1A, COM1B1);
              ^
/home/ec2-user/arduino-testlib/cli-datadir/data/packages/arduino/hardware/megaavr/1.8.7/cores/arduino/api/Common.h:65:30: note: in definition of macro &#39;bitSet&#39;
 #define bitSet(value, bit) ((value) |= (1UL &lt;&lt; (bit)))
                              ^~~~~
/home/ec2-user/arduino-testlib/cli-datadir/user/libraries/VivicoreSerial/examples/02_motor/02_motor.ino:53:14: note: suggested alternative: &#39;TCB1&#39;
       bitSet(TCCR1A, COM1B1);
              ^
/home/ec2-user/arduino-testlib/cli-datadir/data/packages/arduino/hardware/megaavr/1.8.7/cores/arduino/api/Common.h:65:30: note: in definition of macro &#39;bitSet&#39;
 #define bitSet(value, bit) ((value) |= (1UL &lt;&lt; (bit)))
                              ^~~~~
/home/ec2-user/arduino-testlib/cli-datadir/user/libraries/VivicoreSerial/examples/02_motor/02_motor.ino:53:22: error: &#39;COM1B1&#39; was not declared in this scope
       bitSet(TCCR1A, COM1B1);
                      ^
/home/ec2-user/arduino-testlib/cli-datadir/data/packages/arduino/hardware/megaavr/1.8.7/cores/arduino/api/Common.h:65:49: note: in definition of macro &#39;bitSet&#39;
 #define bitSet(value, bit) ((value) |= (1UL &lt;&lt; (bit)))
                                                 ^~~
/home/ec2-user/arduino-testlib/cli-datadir/user/libraries/VivicoreSerial/examples/02_motor/02_motor.ino:54:7: error: &#39;OCR1B&#39; was not declared in this scope
       OCR1B = mappedValue;
       ^~~~~
/home/ec2-user/arduino-testlib/cli-datadir/user/libraries/VivicoreSerial/examples/02_motor/02_motor.ino: In function &#39;void setup()&#39;:
/home/ec2-user/arduino-testlib/cli-datadir/user/libraries/VivicoreSerial/examples/02_motor/02_motor.ino:119:3: error: &#39;TCCR1A&#39; was not declared in this scope
   TCCR1A = bit(COM1A1) | bit(COM1B1) | // no inverting
   ^~~~~~
/home/ec2-user/arduino-testlib/cli-datadir/user/libraries/VivicoreSerial/examples/02_motor/02_motor.ino:119:3: note: suggested alternative: &#39;TCB1&#39;
   TCCR1A = bit(COM1A1) | bit(COM1B1) | // no inverting
   ^~~~~~
   TCB1
In file included from /home/ec2-user/arduino-testlib/cli-datadir/data/packages/arduino/hardware/megaavr/1.8.7/cores/arduino/api/Interrupts.h:8:0,
                 from /home/ec2-user/arduino-testlib/cli-datadir/data/packages/arduino/hardware/megaavr/1.8.7/cores/arduino/api/ArduinoAPI.h:29,
                 from /home/ec2-user/arduino-testlib/cli-datadir/data/packages/arduino/hardware/megaavr/1.8.7/cores/arduino/Arduino.h:23,
                 from /tmp/arduino-sketch-E40D44E5179C60ADA0DF57C1A0A4B5B5/sketch/02_motor.ino.cpp:1:
/home/ec2-user/arduino-testlib/cli-datadir/user/libraries/VivicoreSerial/examples/02_motor/02_motor.ino:119:16: error: &#39;COM1A1&#39; was not declared in this scope
   TCCR1A = bit(COM1A1) | bit(COM1B1) | // no inverting
                ^
/home/ec2-user/arduino-testlib/cli-datadir/data/packages/arduino/hardware/megaavr/1.8.7/cores/arduino/api/Common.h:71:25: note: in definition of macro &#39;bit&#39;
 #define bit(b) (1UL &lt;&lt; (b))
                         ^
/home/ec2-user/arduino-testlib/cli-datadir/user/libraries/VivicoreSerial/examples/02_motor/02_motor.ino:119:30: error: &#39;COM1B1&#39; was not declared in this scope
   TCCR1A = bit(COM1A1) | bit(COM1B1) | // no inverting
                              ^
/home/ec2-user/arduino-testlib/cli-datadir/data/packages/arduino/hardware/megaavr/1.8.7/cores/arduino/api/Common.h:71:25: note: in definition of macro &#39;bit&#39;
 #define bit(b) (1UL &lt;&lt; (b))
                         ^
/home/ec2-user/arduino-testlib/cli-datadir/user/libraries/VivicoreSerial/examples/02_motor/02_motor.ino:120:16: error: &#39;WGM11&#39; was not declared in this scope
            bit(WGM11);
                ^
/home/ec2-user/arduino-testlib/cli-datadir/data/packages/arduino/hardware/megaavr/1.8.7/cores/arduino/api/Common.h:71:25: note: in definition of macro &#39;bit&#39;
 #define bit(b) (1UL &lt;&lt; (b))
                         ^
/home/ec2-user/arduino-testlib/cli-datadir/user/libraries/VivicoreSerial/examples/02_motor/02_motor.ino:121:3: error: &#39;TCCR1B&#39; was not declared in this scope
   TCCR1B = bit(WGM13) | bit(WGM12) | // fast PWM, TOP=ICR1
   ^~~~~~
/home/ec2-user/arduino-testlib/cli-datadir/user/libraries/VivicoreSerial/examples/02_motor/02_motor.ino:121:3: note: suggested alternative: &#39;TCB1&#39;
   TCCR1B = bit(WGM13) | bit(WGM12) | // fast PWM, TOP=ICR1
   ^~~~~~
   TCB1
In file included from /home/ec2-user/arduino-testlib/cli-datadir/data/packages/arduino/hardware/megaavr/1.8.7/cores/arduino/api/Interrupts.h:8:0,
                 from /home/ec2-user/arduino-testlib/cli-datadir/data/packages/arduino/hardware/megaavr/1.8.7/cores/arduino/api/ArduinoAPI.h:29,
                 from /home/ec2-user/arduino-testlib/cli-datadir/data/packages/arduino/hardware/megaavr/1.8.7/cores/arduino/Arduino.h:23,
                 from /tmp/arduino-sketch-E40D44E5179C60ADA0DF57C1A0A4B5B5/sketch/02_motor.ino.cpp:1:
/home/ec2-user/arduino-testlib/cli-datadir/user/libraries/VivicoreSerial/examples/02_motor/02_motor.ino:121:16: error: &#39;WGM13&#39; was not declared in this scope
   TCCR1B = bit(WGM13) | bit(WGM12) | // fast PWM, TOP=ICR1
                ^
/home/ec2-user/arduino-testlib/cli-datadir/data/packages/arduino/hardware/megaavr/1.8.7/cores/arduino/api/Common.h:71:25: note: in definition of macro &#39;bit&#39;
 #define bit(b) (1UL &lt;&lt; (b))
                         ^
/home/ec2-user/arduino-testlib/cli-datadir/user/libraries/VivicoreSerial/examples/02_motor/02_motor.ino:121:29: error: &#39;WGM12&#39; was not declared in this scope
   TCCR1B = bit(WGM13) | bit(WGM12) | // fast PWM, TOP=ICR1
                             ^
/home/ec2-user/arduino-testlib/cli-datadir/data/packages/arduino/hardware/megaavr/1.8.7/cores/arduino/api/Common.h:71:25: note: in definition of macro &#39;bit&#39;
 #define bit(b) (1UL &lt;&lt; (b))
                         ^
/home/ec2-user/arduino-testlib/cli-datadir/user/libraries/VivicoreSerial/examples/02_motor/02_motor.ino:122:16: error: &#39;CS10&#39; was not declared in this scope
            bit(CS10);                // no prescaling
                ^
/home/ec2-user/arduino-testlib/cli-datadir/data/packages/arduino/hardware/megaavr/1.8.7/cores/arduino/api/Common.h:71:25: note: in definition of macro &#39;bit&#39;
 #define bit(b) (1UL &lt;&lt; (b))
                         ^
/home/ec2-user/arduino-testlib/cli-datadir/user/libraries/VivicoreSerial/examples/02_motor/02_motor.ino:122:16: note: suggested alternative: &#39;B110&#39;
            bit(CS10);                // no prescaling
                ^
/home/ec2-user/arduino-testlib/cli-datadir/data/packages/arduino/hardware/megaavr/1.8.7/cores/arduino/api/Common.h:71:25: note: in definition of macro &#39;bit&#39;
 #define bit(b) (1UL &lt;&lt; (b))
                         ^
/home/ec2-user/arduino-testlib/cli-datadir/user/libraries/VivicoreSerial/examples/02_motor/02_motor.ino:123:3: error: &#39;ICR1&#39; was not declared in this scope
   ICR1 = MAX_DUTY_CNT;               // TOP counter value
   ^~~~
/home/ec2-user/arduino-testlib/cli-dat</pre>
					
					<h4>examples/03_joystick</h4>
					<p>
						Result: <b>FAIL</b>
					</p>
					<pre class="pre-scrollable">WARNING: library VivicoreSerial claims to run on avr architecture(s) and may be incompatible with your current board which runs on megaavr architecture(s).
In file included from /home/ec2-user/arduino-testlib/cli-datadir/user/libraries/VivicoreSerial/VivicoreSerial.cpp:50:0:
/home/ec2-user/arduino-testlib/cli-datadir/data/packages/arduino/tools/avr-gcc/7.3.0-atmel3.6.1-arduino5/avr/include/avr/boot.h:116:6: error: #error AVR processor does not provide bootloader support!
 #    error AVR processor does not provide bootloader support!
      ^~~~~
/home/ec2-user/arduino-testlib/cli-datadir/data/packages/arduino/tools/avr-gcc/7.3.0-atmel3.6.1-arduino5/avr/include/avr/boot.h:127:4: error: #error Cannot find SPM Enable bit definition!
 #  error Cannot find SPM Enable bit definition!
    ^~~~~
/home/ec2-user/arduino-testlib/cli-datadir/user/libraries/VivicoreSerial/VivicoreSerial.cpp:76:26: error: &#39;UBRR0H&#39; was not declared in this scope
 VivicoreSerial Vivicore(&amp;UBRR0H, &amp;UBRR0L, &amp;UCSR0A, &amp;UCSR0B, &amp;UCSR0C, &amp;UDR0, RXEN0, TXEN0, RXCIE0, UDRIE0, U2X0, TXC0,
                          ^~~~~~
/home/ec2-user/arduino-testlib/cli-datadir/user/libraries/VivicoreSerial/VivicoreSerial.cpp:76:35: error: &#39;UBRR0L&#39; was not declared in this scope
 VivicoreSerial Vivicore(&amp;UBRR0H, &amp;UBRR0L, &amp;UCSR0A, &amp;UCSR0B, &amp;UCSR0C, &amp;UDR0, RXEN0, TXEN0, RXCIE0, UDRIE0, U2X0, TXC0,
                                   ^~~~~~
/home/ec2-user/arduino-testlib/cli-datadir/user/libraries/VivicoreSerial/VivicoreSerial.cpp:76:44: error: &#39;UCSR0A&#39; was not declared in this scope
 VivicoreSerial Vivicore(&amp;UBRR0H, &amp;UBRR0L, &amp;UCSR0A, &amp;UCSR0B, &amp;UCSR0C, &amp;UDR0, RXEN0, TXEN0, RXCIE0, UDRIE0, U2X0, TXC0,
                                            ^~~~~~
/home/ec2-user/arduino-testlib/cli-datadir/user/libraries/VivicoreSerial/VivicoreSerial.cpp:76:53: error: &#39;UCSR0B&#39; was not declared in this scope
 VivicoreSerial Vivicore(&amp;UBRR0H, &amp;UBRR0L, &amp;UCSR0A, &amp;UCSR0B, &amp;UCSR0C, &amp;UDR0, RXEN0, TXEN0, RXCIE0, UDRIE0, U2X0, TXC0,
                                                     ^~~~~~
/home/ec2-user/arduino-testlib/cli-datadir/user/libraries/VivicoreSerial/VivicoreSerial.cpp:76:62: error: &#39;UCSR0C&#39; was not declared in this scope
 VivicoreSerial Vivicore(&amp;UBRR0H, &amp;UBRR0L, &amp;UCSR0A, &amp;UCSR0B, &amp;UCSR0C, &amp;UDR0, RXEN0, TXEN0, RXCIE0, UDRIE0, U2X0, TXC0,
                                                              ^~~~~~
/home/ec2-user/arduino-testlib/cli-datadir/user/libraries/VivicoreSerial/VivicoreSerial.cpp:76:71: error: &#39;UDR0&#39; was not declared in this scope
 VivicoreSerial Vivicore(&amp;UBRR0H, &amp;UBRR0L, &amp;UCSR0A, &amp;UCSR0B, &amp;UCSR0C, &amp;UDR0, RXEN0, TXEN0, RXCIE0, UDRIE0, U2X0, TXC0,
                                                                       ^~~~
/home/ec2-user/arduino-testlib/cli-datadir/user/libraries/VivicoreSerial/VivicoreSerial.cpp:76:71: note: suggested alternative: &#39;DDRD&#39;
 VivicoreSerial Vivicore(&amp;UBRR0H, &amp;UBRR0L, &amp;UCSR0A, &amp;UCSR0B, &amp;UCSR0C, &amp;UDR0, RXEN0, TXEN0, RXCIE0, UDRIE0, U2X0, TXC0,
                                                                       ^~~~
                                                                       DDRD
/home/ec2-user/arduino-testlib/cli-datadir/user/libraries/VivicoreSerial/VivicoreSerial.cpp:76:77: error: &#39;RXEN0&#39; was not declared in this scope
 VivicoreSerial Vivicore(&amp;UBRR0H, &amp;UBRR0L, &amp;UCSR0A, &amp;UCSR0B, &amp;UCSR0C, &amp;UDR0, RXEN0, TXEN0, RXCIE0, UDRIE0, U2X0, TXC0,
                                                                             ^~~~~
/home/ec2-user/arduino-testlib/cli-datadir/user/libraries/VivicoreSerial/VivicoreSerial.cpp:76:84: error: &#39;TXEN0&#39; was not declared in this scope
 VivicoreSerial Vivicore(&amp;UBRR0H, &amp;UBRR0L, &amp;UCSR0A, &amp;UCSR0B, &amp;UCSR0C, &amp;UDR0, RXEN0, TXEN0, RXCIE0, UDRIE0, U2X0, TXC0,
                                                                                    ^~~~~
/home/ec2-user/arduino-testlib/cli-datadir/user/libraries/VivicoreSerial/VivicoreSerial.cpp:76:91: error: &#39;RXCIE0&#39; was not declared in this scope
 VivicoreSerial Vivicore(&amp;UBRR0H, &amp;UBRR0L, &amp;UCSR0A, &amp;UCSR0B, &amp;UCSR0C, &amp;UDR0, RXEN0, TXEN0, RXCIE0, UDRIE0, U2X0, TXC0,
                                                                                           ^~~~~~
/home/ec2-user/arduino-testlib/cli-datadir/user/libraries/VivicoreSerial/VivicoreSerial.cpp:76:99: error: &#39;UDRIE0&#39; was not declared in this scope
 VivicoreSerial Vivicore(&amp;UBRR0H, &amp;UBRR0L, &amp;UCSR0A, &amp;UCSR0B, &amp;UCSR0C, &amp;UDR0, RXEN0, TXEN0, RXCIE0, UDRIE0, U2X0, TXC0,
                                                                                                   ^~~~~~
/home/ec2-user/arduino-testlib/cli-datadir/user/libraries/VivicoreSerial/VivicoreSerial.cpp:76:107: error: &#39;U2X0&#39; was not declared in this scope
 VivicoreSerial Vivicore(&amp;UBRR0H, &amp;UBRR0L, &amp;UCSR0A, &amp;UCSR0B, &amp;UCSR0C, &amp;UDR0, RXEN0, TXEN0, RXCIE0, UDRIE0, U2X0, TXC0,
                                                                                                           ^~~~
/home/ec2-user/arduino-testlib/cli-datadir/user/libraries/VivicoreSerial/VivicoreSerial.cpp:76:113: error: &#39;TXC0&#39; was not declared in this scope
 VivicoreSerial Vivicore(&amp;UBRR0H, &amp;UBRR0L, &amp;UCSR0A, &amp;UCSR0B, &amp;UCSR0C, &amp;UDR0, RXEN0, TXEN0, RXCIE0, UDRIE0, U2X0, TXC0,
                                                                                                                 ^~~~
/home/ec2-user/arduino-testlib/cli-datadir/user/libraries/VivicoreSerial/VivicoreSerial.cpp:76:113: note: suggested alternative: &#39;ADC0&#39;
 VivicoreSerial Vivicore(&amp;UBRR0H, &amp;UBRR0L, &amp;UCSR0A, &amp;UCSR0B, &amp;UCSR0C, &amp;UDR0, RXEN0, TXEN0, RXCIE0, UDRIE0, U2X0, TXC0,
                                                                                                                 ^~~~
                                                                                                                 ADC0
/home/ec2-user/arduino-testlib/cli-datadir/user/libraries/VivicoreSerial/VivicoreSerial.cpp:77:25: error: &#39;DOR0&#39; was not declared in this scope
                         DOR0, UPE0, FE0);
                         ^~~~
/home/ec2-user/arduino-testlib/cli-datadir/user/libraries/VivicoreSerial/VivicoreSerial.cpp:77:25: note: suggested alternative: &#39;DDRD&#39;
                         DOR0, UPE0, FE0);
                         ^~~~
                         DDRD
/home/ec2-user/arduino-testlib/cli-datadir/user/libraries/VivicoreSerial/VivicoreSerial.cpp:77:31: error: &#39;UPE0&#39; was not declared in this scope
                         DOR0, UPE0, FE0);
                               ^~~~
/home/ec2-user/arduino-testlib/cli-datadir/user/libraries/VivicoreSerial/VivicoreSerial.cpp:77:31: note: suggested alternative: &#39;SPI0&#39;
                         DOR0, UPE0, FE0);
                               ^~~~
                               SPI0
/home/ec2-user/arduino-testlib/cli-datadir/user/libraries/VivicoreSerial/VivicoreSerial.cpp:77:37: error: &#39;FE0&#39; was not declared in this scope
                         DOR0, UPE0, FE0);
                                     ^~~
/home/ec2-user/arduino-testlib/cli-datadir/user/libraries/VivicoreSerial/VivicoreSerial.cpp: In member function &#39;BranchCommandRes_t VivicoreSerial::processCommand(BranchCommand_t)&#39;:
/home/ec2-user/arduino-testlib/cli-datadir/user/libraries/VivicoreSerial/VivicoreSerial.cpp:329:25: error: no match for &#39;operator|&#39; (operand types are &#39;PORTCClass&#39; and &#39;&lt;unnamed enum&gt;&#39;)
           PORTC = PORTC | B00001000; // A3 PC3 to High Start supplying power
                   ~~~~~~^~~~~~~~~~~
/home/ec2-user/arduino-testlib/cli-datadir/user/libraries/VivicoreSerial/VivicoreSerial.cpp: In function &#39;void USART0_UDRE_vect()&#39;:
/home/ec2-user/arduino-testlib/cli-datadir/user/libraries/VivicoreSerial/VivicoreSerial.cpp:621:5: error: &#39;cbi&#39; was not declared in this scope
     cbi(*(active_object-&gt;_ucsrb), active_object-&gt;_udrie);
     ^~~
/home/ec2-user/arduino-testlib/cli-datadir/user/libraries/VivicoreSerial/VivicoreSerial.cpp:621:5: note: suggested alternative: &#39;cli&#39;
     cbi(*(active_object-&gt;_ucsrb), active_object-&gt;_udrie);
     ^~~
     cli
/home/ec2-user/arduino-testlib/cli-datadir/user/libraries/VivicoreSerial/VivicoreSerial.cpp:624:19: error: no match for &#39;operator&amp;&#39; (operand types are &#39;PORTBClass&#39; and &#39;&lt;unnamed enum&gt;&#39;)
     PORTB = PORTB &amp; B11111110;          // digitalWrite(PIN_EN_TX, LOW);
             ~~~~~~^~~~~~~~~~~
/home/ec2-user/arduino-testlib/cli-datadir/user/libraries/VivicoreSerial/VivicoreSerial.cpp:632:5: error: &#39;sbi&#39; was not declared in this scope
     sbi(*(active_object-&gt;_ucsra), active_object-&gt;_txc);
     ^~~
/home/ec2-user/arduino-testlib/cli-datadir/user/libraries/VivicoreSerial/VivicoreSerial.cpp:632:5: note: suggested alternative: &#39;sei&#39;
     sbi(*(active_object-&gt;_ucsra), active_object-&gt;_txc);
     ^~~
     sei
In file included from /home/ec2-user/arduino-testlib/cli-datadir/data/packages/arduino/tools/avr-gcc/7.3.0-atmel3.6.1-arduino5/avr/include/avr/io.h:99:0,
                 from /home/ec2-user/arduino-testlib/cli-datadir/data/packages/arduino/hardware/megaavr/1.8.7/cores/arduino/wiring_private.h:26,
                 from /home/ec2-user/arduino-testlib/cli-datadir/user/libraries/VivicoreSerial/VivicoreSerial.cpp:47:
/home/ec2-user/arduino-testlib/cli-datadir/user/libraries/VivicoreSerial/VivicoreSerial.cpp: In constructor &#39;VivicoreSerial::VivicoreSerial(volatile uint8_t*, volatile uint8_t*, volatile uint8_t*, volatile uint8_t*, volatile uint8_t*, volatile uint8_t*, uint8_t, uint8_t, uint8_t, uint8_t, uint8_t, uint8_t, uint8_t, uint8_t, uint8_t)&#39;:
/home/ec2-user/arduino-testlib/cli-datadir/user/libraries/VivicoreSerial/VivicoreSerial.cpp:650:9: error: &#39;__SPM_REG&#39; was not declared in this scope
         boot_signature_byte_get(0x00), // Value of SIGROW_DEVICEID0
         ^
/home/ec2-user/arduino-testlib/cli-datadir/user/libraries/VivicoreSerial/VivicoreSerial.cpp:650:9: error: &#39;__SPM_ENABLE&#39; was not declared in this scope
         boot_signature_byte_get(0x00), // Value of SIGROW_DEVICEID0
         ^
/home/ec2-user/arduino-testlib/cli-datadir/user/libraries/VivicoreSerial/Vivi</pre>
					
					<h4>examples/04_button</h4>
					<p>
						Result: <b>FAIL</b>
					</p>
					<pre class="pre-scrollable">WARNING: library VivicoreSerial claims to run on avr architecture(s) and may be incompatible with your current board which runs on megaavr architecture(s).
In file included from /home/ec2-user/arduino-testlib/cli-datadir/user/libraries/VivicoreSerial/VivicoreSerial.cpp:50:0:
/home/ec2-user/arduino-testlib/cli-datadir/data/packages/arduino/tools/avr-gcc/7.3.0-atmel3.6.1-arduino5/avr/include/avr/boot.h:116:6: error: #error AVR processor does not provide bootloader support!
 #    error AVR processor does not provide bootloader support!
      ^~~~~
/home/ec2-user/arduino-testlib/cli-datadir/data/packages/arduino/tools/avr-gcc/7.3.0-atmel3.6.1-arduino5/avr/include/avr/boot.h:127:4: error: #error Cannot find SPM Enable bit definition!
 #  error Cannot find SPM Enable bit definition!
    ^~~~~
/home/ec2-user/arduino-testlib/cli-datadir/user/libraries/VivicoreSerial/VivicoreSerial.cpp:76:26: error: &#39;UBRR0H&#39; was not declared in this scope
 VivicoreSerial Vivicore(&amp;UBRR0H, &amp;UBRR0L, &amp;UCSR0A, &amp;UCSR0B, &amp;UCSR0C, &amp;UDR0, RXEN0, TXEN0, RXCIE0, UDRIE0, U2X0, TXC0,
                          ^~~~~~
/home/ec2-user/arduino-testlib/cli-datadir/user/libraries/VivicoreSerial/VivicoreSerial.cpp:76:35: error: &#39;UBRR0L&#39; was not declared in this scope
 VivicoreSerial Vivicore(&amp;UBRR0H, &amp;UBRR0L, &amp;UCSR0A, &amp;UCSR0B, &amp;UCSR0C, &amp;UDR0, RXEN0, TXEN0, RXCIE0, UDRIE0, U2X0, TXC0,
                                   ^~~~~~
/home/ec2-user/arduino-testlib/cli-datadir/user/libraries/VivicoreSerial/VivicoreSerial.cpp:76:44: error: &#39;UCSR0A&#39; was not declared in this scope
 VivicoreSerial Vivicore(&amp;UBRR0H, &amp;UBRR0L, &amp;UCSR0A, &amp;UCSR0B, &amp;UCSR0C, &amp;UDR0, RXEN0, TXEN0, RXCIE0, UDRIE0, U2X0, TXC0,
                                            ^~~~~~
/home/ec2-user/arduino-testlib/cli-datadir/user/libraries/VivicoreSerial/VivicoreSerial.cpp:76:53: error: &#39;UCSR0B&#39; was not declared in this scope
 VivicoreSerial Vivicore(&amp;UBRR0H, &amp;UBRR0L, &amp;UCSR0A, &amp;UCSR0B, &amp;UCSR0C, &amp;UDR0, RXEN0, TXEN0, RXCIE0, UDRIE0, U2X0, TXC0,
                                                     ^~~~~~
/home/ec2-user/arduino-testlib/cli-datadir/user/libraries/VivicoreSerial/VivicoreSerial.cpp:76:62: error: &#39;UCSR0C&#39; was not declared in this scope
 VivicoreSerial Vivicore(&amp;UBRR0H, &amp;UBRR0L, &amp;UCSR0A, &amp;UCSR0B, &amp;UCSR0C, &amp;UDR0, RXEN0, TXEN0, RXCIE0, UDRIE0, U2X0, TXC0,
                                                              ^~~~~~
/home/ec2-user/arduino-testlib/cli-datadir/user/libraries/VivicoreSerial/VivicoreSerial.cpp:76:71: error: &#39;UDR0&#39; was not declared in this scope
 VivicoreSerial Vivicore(&amp;UBRR0H, &amp;UBRR0L, &amp;UCSR0A, &amp;UCSR0B, &amp;UCSR0C, &amp;UDR0, RXEN0, TXEN0, RXCIE0, UDRIE0, U2X0, TXC0,
                                                                       ^~~~
/home/ec2-user/arduino-testlib/cli-datadir/user/libraries/VivicoreSerial/VivicoreSerial.cpp:76:71: note: suggested alternative: &#39;DDRD&#39;
 VivicoreSerial Vivicore(&amp;UBRR0H, &amp;UBRR0L, &amp;UCSR0A, &amp;UCSR0B, &amp;UCSR0C, &amp;UDR0, RXEN0, TXEN0, RXCIE0, UDRIE0, U2X0, TXC0,
                                                                       ^~~~
                                                                       DDRD
/home/ec2-user/arduino-testlib/cli-datadir/user/libraries/VivicoreSerial/VivicoreSerial.cpp:76:77: error: &#39;RXEN0&#39; was not declared in this scope
 VivicoreSerial Vivicore(&amp;UBRR0H, &amp;UBRR0L, &amp;UCSR0A, &amp;UCSR0B, &amp;UCSR0C, &amp;UDR0, RXEN0, TXEN0, RXCIE0, UDRIE0, U2X0, TXC0,
                                                                             ^~~~~
/home/ec2-user/arduino-testlib/cli-datadir/user/libraries/VivicoreSerial/VivicoreSerial.cpp:76:84: error: &#39;TXEN0&#39; was not declared in this scope
 VivicoreSerial Vivicore(&amp;UBRR0H, &amp;UBRR0L, &amp;UCSR0A, &amp;UCSR0B, &amp;UCSR0C, &amp;UDR0, RXEN0, TXEN0, RXCIE0, UDRIE0, U2X0, TXC0,
                                                                                    ^~~~~
/home/ec2-user/arduino-testlib/cli-datadir/user/libraries/VivicoreSerial/VivicoreSerial.cpp:76:91: error: &#39;RXCIE0&#39; was not declared in this scope
 VivicoreSerial Vivicore(&amp;UBRR0H, &amp;UBRR0L, &amp;UCSR0A, &amp;UCSR0B, &amp;UCSR0C, &amp;UDR0, RXEN0, TXEN0, RXCIE0, UDRIE0, U2X0, TXC0,
                                                                                           ^~~~~~
/home/ec2-user/arduino-testlib/cli-datadir/user/libraries/VivicoreSerial/VivicoreSerial.cpp:76:99: error: &#39;UDRIE0&#39; was not declared in this scope
 VivicoreSerial Vivicore(&amp;UBRR0H, &amp;UBRR0L, &amp;UCSR0A, &amp;UCSR0B, &amp;UCSR0C, &amp;UDR0, RXEN0, TXEN0, RXCIE0, UDRIE0, U2X0, TXC0,
                                                                                                   ^~~~~~
/home/ec2-user/arduino-testlib/cli-datadir/user/libraries/VivicoreSerial/VivicoreSerial.cpp:76:107: error: &#39;U2X0&#39; was not declared in this scope
 VivicoreSerial Vivicore(&amp;UBRR0H, &amp;UBRR0L, &amp;UCSR0A, &amp;UCSR0B, &amp;UCSR0C, &amp;UDR0, RXEN0, TXEN0, RXCIE0, UDRIE0, U2X0, TXC0,
                                                                                                           ^~~~
/home/ec2-user/arduino-testlib/cli-datadir/user/libraries/VivicoreSerial/VivicoreSerial.cpp:76:113: error: &#39;TXC0&#39; was not declared in this scope
 VivicoreSerial Vivicore(&amp;UBRR0H, &amp;UBRR0L, &amp;UCSR0A, &amp;UCSR0B, &amp;UCSR0C, &amp;UDR0, RXEN0, TXEN0, RXCIE0, UDRIE0, U2X0, TXC0,
                                                                                                                 ^~~~
/home/ec2-user/arduino-testlib/cli-datadir/user/libraries/VivicoreSerial/VivicoreSerial.cpp:76:113: note: suggested alternative: &#39;ADC0&#39;
 VivicoreSerial Vivicore(&amp;UBRR0H, &amp;UBRR0L, &amp;UCSR0A, &amp;UCSR0B, &amp;UCSR0C, &amp;UDR0, RXEN0, TXEN0, RXCIE0, UDRIE0, U2X0, TXC0,
                                                                                                                 ^~~~
                                                                                                                 ADC0
/home/ec2-user/arduino-testlib/cli-datadir/user/libraries/VivicoreSerial/VivicoreSerial.cpp:77:25: error: &#39;DOR0&#39; was not declared in this scope
                         DOR0, UPE0, FE0);
                         ^~~~
/home/ec2-user/arduino-testlib/cli-datadir/user/libraries/VivicoreSerial/VivicoreSerial.cpp:77:25: note: suggested alternative: &#39;DDRD&#39;
                         DOR0, UPE0, FE0);
                         ^~~~
                         DDRD
/home/ec2-user/arduino-testlib/cli-datadir/user/libraries/VivicoreSerial/VivicoreSerial.cpp:77:31: error: &#39;UPE0&#39; was not declared in this scope
                         DOR0, UPE0, FE0);
                               ^~~~
/home/ec2-user/arduino-testlib/cli-datadir/user/libraries/VivicoreSerial/VivicoreSerial.cpp:77:31: note: suggested alternative: &#39;SPI0&#39;
                         DOR0, UPE0, FE0);
                               ^~~~
                               SPI0
/home/ec2-user/arduino-testlib/cli-datadir/user/libraries/VivicoreSerial/VivicoreSerial.cpp:77:37: error: &#39;FE0&#39; was not declared in this scope
                         DOR0, UPE0, FE0);
                                     ^~~
/home/ec2-user/arduino-testlib/cli-datadir/user/libraries/VivicoreSerial/VivicoreSerial.cpp: In member function &#39;BranchCommandRes_t VivicoreSerial::processCommand(BranchCommand_t)&#39;:
/home/ec2-user/arduino-testlib/cli-datadir/user/libraries/VivicoreSerial/VivicoreSerial.cpp:329:25: error: no match for &#39;operator|&#39; (operand types are &#39;PORTCClass&#39; and &#39;&lt;unnamed enum&gt;&#39;)
           PORTC = PORTC | B00001000; // A3 PC3 to High Start supplying power
                   ~~~~~~^~~~~~~~~~~
/home/ec2-user/arduino-testlib/cli-datadir/user/libraries/VivicoreSerial/VivicoreSerial.cpp: In function &#39;void USART0_UDRE_vect()&#39;:
/home/ec2-user/arduino-testlib/cli-datadir/user/libraries/VivicoreSerial/VivicoreSerial.cpp:621:5: error: &#39;cbi&#39; was not declared in this scope
     cbi(*(active_object-&gt;_ucsrb), active_object-&gt;_udrie);
     ^~~
/home/ec2-user/arduino-testlib/cli-datadir/user/libraries/VivicoreSerial/VivicoreSerial.cpp:621:5: note: suggested alternative: &#39;cli&#39;
     cbi(*(active_object-&gt;_ucsrb), active_object-&gt;_udrie);
     ^~~
     cli
/home/ec2-user/arduino-testlib/cli-datadir/user/libraries/VivicoreSerial/VivicoreSerial.cpp:624:19: error: no match for &#39;operator&amp;&#39; (operand types are &#39;PORTBClass&#39; and &#39;&lt;unnamed enum&gt;&#39;)
     PORTB = PORTB &amp; B11111110;          // digitalWrite(PIN_EN_TX, LOW);
             ~~~~~~^~~~~~~~~~~
/home/ec2-user/arduino-testlib/cli-datadir/user/libraries/VivicoreSerial/VivicoreSerial.cpp:632:5: error: &#39;sbi&#39; was not declared in this scope
     sbi(*(active_object-&gt;_ucsra), active_object-&gt;_txc);
     ^~~
/home/ec2-user/arduino-testlib/cli-datadir/user/libraries/VivicoreSerial/VivicoreSerial.cpp:632:5: note: suggested alternative: &#39;sei&#39;
     sbi(*(active_object-&gt;_ucsra), active_object-&gt;_txc);
     ^~~
     sei
In file included from /home/ec2-user/arduino-testlib/cli-datadir/data/packages/arduino/tools/avr-gcc/7.3.0-atmel3.6.1-arduino5/avr/include/avr/io.h:99:0,
                 from /home/ec2-user/arduino-testlib/cli-datadir/data/packages/arduino/hardware/megaavr/1.8.7/cores/arduino/wiring_private.h:26,
                 from /home/ec2-user/arduino-testlib/cli-datadir/user/libraries/VivicoreSerial/VivicoreSerial.cpp:47:
/home/ec2-user/arduino-testlib/cli-datadir/user/libraries/VivicoreSerial/VivicoreSerial.cpp: In constructor &#39;VivicoreSerial::VivicoreSerial(volatile uint8_t*, volatile uint8_t*, volatile uint8_t*, volatile uint8_t*, volatile uint8_t*, volatile uint8_t*, uint8_t, uint8_t, uint8_t, uint8_t, uint8_t, uint8_t, uint8_t, uint8_t, uint8_t)&#39;:
/home/ec2-user/arduino-testlib/cli-datadir/user/libraries/VivicoreSerial/VivicoreSerial.cpp:650:9: error: &#39;__SPM_REG&#39; was not declared in this scope
         boot_signature_byte_get(0x00), // Value of SIGROW_DEVICEID0
         ^
/home/ec2-user/arduino-testlib/cli-datadir/user/libraries/VivicoreSerial/VivicoreSerial.cpp:650:9: error: &#39;__SPM_ENABLE&#39; was not declared in this scope
         boot_signature_byte_get(0x00), // Value of SIGROW_DEVICEID0
         ^
/home/ec2-user/arduino-testlib/cli-datadir/user/libraries/VivicoreSerial/Vivi</pre>
					
					<h4>examples/05_rotator</h4>
					<p>
						Result: <b>FAIL</b>
					</p>
					<pre class="pre-scrollable">WARNING: library VivicoreSerial claims to run on avr architecture(s) and may be incompatible with your current board which runs on megaavr architecture(s).
In file included from /home/ec2-user/arduino-testlib/cli-datadir/user/libraries/VivicoreSerial/VivicoreSerial.cpp:50:0:
/home/ec2-user/arduino-testlib/cli-datadir/data/packages/arduino/tools/avr-gcc/7.3.0-atmel3.6.1-arduino5/avr/include/avr/boot.h:116:6: error: #error AVR processor does not provide bootloader support!
 #    error AVR processor does not provide bootloader support!
      ^~~~~
/home/ec2-user/arduino-testlib/cli-datadir/data/packages/arduino/tools/avr-gcc/7.3.0-atmel3.6.1-arduino5/avr/include/avr/boot.h:127:4: error: #error Cannot find SPM Enable bit definition!
 #  error Cannot find SPM Enable bit definition!
    ^~~~~
/home/ec2-user/arduino-testlib/cli-datadir/user/libraries/VivicoreSerial/VivicoreSerial.cpp:76:26: error: &#39;UBRR0H&#39; was not declared in this scope
 VivicoreSerial Vivicore(&amp;UBRR0H, &amp;UBRR0L, &amp;UCSR0A, &amp;UCSR0B, &amp;UCSR0C, &amp;UDR0, RXEN0, TXEN0, RXCIE0, UDRIE0, U2X0, TXC0,
                          ^~~~~~
/home/ec2-user/arduino-testlib/cli-datadir/user/libraries/VivicoreSerial/VivicoreSerial.cpp:76:35: error: &#39;UBRR0L&#39; was not declared in this scope
 VivicoreSerial Vivicore(&amp;UBRR0H, &amp;UBRR0L, &amp;UCSR0A, &amp;UCSR0B, &amp;UCSR0C, &amp;UDR0, RXEN0, TXEN0, RXCIE0, UDRIE0, U2X0, TXC0,
                                   ^~~~~~
/home/ec2-user/arduino-testlib/cli-datadir/user/libraries/VivicoreSerial/VivicoreSerial.cpp:76:44: error: &#39;UCSR0A&#39; was not declared in this scope
 VivicoreSerial Vivicore(&amp;UBRR0H, &amp;UBRR0L, &amp;UCSR0A, &amp;UCSR0B, &amp;UCSR0C, &amp;UDR0, RXEN0, TXEN0, RXCIE0, UDRIE0, U2X0, TXC0,
                                            ^~~~~~
/home/ec2-user/arduino-testlib/cli-datadir/user/libraries/VivicoreSerial/VivicoreSerial.cpp:76:53: error: &#39;UCSR0B&#39; was not declared in this scope
 VivicoreSerial Vivicore(&amp;UBRR0H, &amp;UBRR0L, &amp;UCSR0A, &amp;UCSR0B, &amp;UCSR0C, &amp;UDR0, RXEN0, TXEN0, RXCIE0, UDRIE0, U2X0, TXC0,
                                                     ^~~~~~
/home/ec2-user/arduino-testlib/cli-datadir/user/libraries/VivicoreSerial/VivicoreSerial.cpp:76:62: error: &#39;UCSR0C&#39; was not declared in this scope
 VivicoreSerial Vivicore(&amp;UBRR0H, &amp;UBRR0L, &amp;UCSR0A, &amp;UCSR0B, &amp;UCSR0C, &amp;UDR0, RXEN0, TXEN0, RXCIE0, UDRIE0, U2X0, TXC0,
                                                              ^~~~~~
/home/ec2-user/arduino-testlib/cli-datadir/user/libraries/VivicoreSerial/VivicoreSerial.cpp:76:71: error: &#39;UDR0&#39; was not declared in this scope
 VivicoreSerial Vivicore(&amp;UBRR0H, &amp;UBRR0L, &amp;UCSR0A, &amp;UCSR0B, &amp;UCSR0C, &amp;UDR0, RXEN0, TXEN0, RXCIE0, UDRIE0, U2X0, TXC0,
                                                                       ^~~~
/home/ec2-user/arduino-testlib/cli-datadir/user/libraries/VivicoreSerial/VivicoreSerial.cpp:76:71: note: suggested alternative: &#39;DDRD&#39;
 VivicoreSerial Vivicore(&amp;UBRR0H, &amp;UBRR0L, &amp;UCSR0A, &amp;UCSR0B, &amp;UCSR0C, &amp;UDR0, RXEN0, TXEN0, RXCIE0, UDRIE0, U2X0, TXC0,
                                                                       ^~~~
                                                                       DDRD
/home/ec2-user/arduino-testlib/cli-datadir/user/libraries/VivicoreSerial/VivicoreSerial.cpp:76:77: error: &#39;RXEN0&#39; was not declared in this scope
 VivicoreSerial Vivicore(&amp;UBRR0H, &amp;UBRR0L, &amp;UCSR0A, &amp;UCSR0B, &amp;UCSR0C, &amp;UDR0, RXEN0, TXEN0, RXCIE0, UDRIE0, U2X0, TXC0,
                                                                             ^~~~~
/home/ec2-user/arduino-testlib/cli-datadir/user/libraries/VivicoreSerial/VivicoreSerial.cpp:76:84: error: &#39;TXEN0&#39; was not declared in this scope
 VivicoreSerial Vivicore(&amp;UBRR0H, &amp;UBRR0L, &amp;UCSR0A, &amp;UCSR0B, &amp;UCSR0C, &amp;UDR0, RXEN0, TXEN0, RXCIE0, UDRIE0, U2X0, TXC0,
                                                                                    ^~~~~
/home/ec2-user/arduino-testlib/cli-datadir/user/libraries/VivicoreSerial/VivicoreSerial.cpp:76:91: error: &#39;RXCIE0&#39; was not declared in this scope
 VivicoreSerial Vivicore(&amp;UBRR0H, &amp;UBRR0L, &amp;UCSR0A, &amp;UCSR0B, &amp;UCSR0C, &amp;UDR0, RXEN0, TXEN0, RXCIE0, UDRIE0, U2X0, TXC0,
                                                                                           ^~~~~~
/home/ec2-user/arduino-testlib/cli-datadir/user/libraries/VivicoreSerial/VivicoreSerial.cpp:76:99: error: &#39;UDRIE0&#39; was not declared in this scope
 VivicoreSerial Vivicore(&amp;UBRR0H, &amp;UBRR0L, &amp;UCSR0A, &amp;UCSR0B, &amp;UCSR0C, &amp;UDR0, RXEN0, TXEN0, RXCIE0, UDRIE0, U2X0, TXC0,
                                                                                                   ^~~~~~
/home/ec2-user/arduino-testlib/cli-datadir/user/libraries/VivicoreSerial/VivicoreSerial.cpp:76:107: error: &#39;U2X0&#39; was not declared in this scope
 VivicoreSerial Vivicore(&amp;UBRR0H, &amp;UBRR0L, &amp;UCSR0A, &amp;UCSR0B, &amp;UCSR0C, &amp;UDR0, RXEN0, TXEN0, RXCIE0, UDRIE0, U2X0, TXC0,
                                                                                                           ^~~~
/home/ec2-user/arduino-testlib/cli-datadir/user/libraries/VivicoreSerial/VivicoreSerial.cpp:76:113: error: &#39;TXC0&#39; was not declared in this scope
 VivicoreSerial Vivicore(&amp;UBRR0H, &amp;UBRR0L, &amp;UCSR0A, &amp;UCSR0B, &amp;UCSR0C, &amp;UDR0, RXEN0, TXEN0, RXCIE0, UDRIE0, U2X0, TXC0,
                                                                                                                 ^~~~
/home/ec2-user/arduino-testlib/cli-datadir/user/libraries/VivicoreSerial/VivicoreSerial.cpp:76:113: note: suggested alternative: &#39;ADC0&#39;
 VivicoreSerial Vivicore(&amp;UBRR0H, &amp;UBRR0L, &amp;UCSR0A, &amp;UCSR0B, &amp;UCSR0C, &amp;UDR0, RXEN0, TXEN0, RXCIE0, UDRIE0, U2X0, TXC0,
                                                                                                                 ^~~~
                                                                                                                 ADC0
/home/ec2-user/arduino-testlib/cli-datadir/user/libraries/VivicoreSerial/VivicoreSerial.cpp:77:25: error: &#39;DOR0&#39; was not declared in this scope
                         DOR0, UPE0, FE0);
                         ^~~~
/home/ec2-user/arduino-testlib/cli-datadir/user/libraries/VivicoreSerial/VivicoreSerial.cpp:77:25: note: suggested alternative: &#39;DDRD&#39;
                         DOR0, UPE0, FE0);
                         ^~~~
                         DDRD
/home/ec2-user/arduino-testlib/cli-datadir/user/libraries/VivicoreSerial/VivicoreSerial.cpp:77:31: error: &#39;UPE0&#39; was not declared in this scope
                         DOR0, UPE0, FE0);
                               ^~~~
/home/ec2-user/arduino-testlib/cli-datadir/user/libraries/VivicoreSerial/VivicoreSerial.cpp:77:31: note: suggested alternative: &#39;SPI0&#39;
                         DOR0, UPE0, FE0);
                               ^~~~
                               SPI0
/home/ec2-user/arduino-testlib/cli-datadir/user/libraries/VivicoreSerial/VivicoreSerial.cpp:77:37: error: &#39;FE0&#39; was not declared in this scope
                         DOR0, UPE0, FE0);
                                     ^~~
/home/ec2-user/arduino-testlib/cli-datadir/user/libraries/VivicoreSerial/VivicoreSerial.cpp: In member function &#39;BranchCommandRes_t VivicoreSerial::processCommand(BranchCommand_t)&#39;:
/home/ec2-user/arduino-testlib/cli-datadir/user/libraries/VivicoreSerial/VivicoreSerial.cpp:329:25: error: no match for &#39;operator|&#39; (operand types are &#39;PORTCClass&#39; and &#39;&lt;unnamed enum&gt;&#39;)
           PORTC = PORTC | B00001000; // A3 PC3 to High Start supplying power
                   ~~~~~~^~~~~~~~~~~
/home/ec2-user/arduino-testlib/cli-datadir/user/libraries/VivicoreSerial/VivicoreSerial.cpp: In function &#39;void USART0_UDRE_vect()&#39;:
/home/ec2-user/arduino-testlib/cli-datadir/user/libraries/VivicoreSerial/VivicoreSerial.cpp:621:5: error: &#39;cbi&#39; was not declared in this scope
     cbi(*(active_object-&gt;_ucsrb), active_object-&gt;_udrie);
     ^~~
/home/ec2-user/arduino-testlib/cli-datadir/user/libraries/VivicoreSerial/VivicoreSerial.cpp:621:5: note: suggested alternative: &#39;cli&#39;
     cbi(*(active_object-&gt;_ucsrb), active_object-&gt;_udrie);
     ^~~
     cli
/home/ec2-user/arduino-testlib/cli-datadir/user/libraries/VivicoreSerial/VivicoreSerial.cpp:624:19: error: no match for &#39;operator&amp;&#39; (operand types are &#39;PORTBClass&#39; and &#39;&lt;unnamed enum&gt;&#39;)
     PORTB = PORTB &amp; B11111110;          // digitalWrite(PIN_EN_TX, LOW);
             ~~~~~~^~~~~~~~~~~
/home/ec2-user/arduino-testlib/cli-datadir/user/libraries/VivicoreSerial/VivicoreSerial.cpp:632:5: error: &#39;sbi&#39; was not declared in this scope
     sbi(*(active_object-&gt;_ucsra), active_object-&gt;_txc);
     ^~~
/home/ec2-user/arduino-testlib/cli-datadir/user/libraries/VivicoreSerial/VivicoreSerial.cpp:632:5: note: suggested alternative: &#39;sei&#39;
     sbi(*(active_object-&gt;_ucsra), active_object-&gt;_txc);
     ^~~
     sei
In file included from /home/ec2-user/arduino-testlib/cli-datadir/data/packages/arduino/tools/avr-gcc/7.3.0-atmel3.6.1-arduino5/avr/include/avr/io.h:99:0,
                 from /home/ec2-user/arduino-testlib/cli-datadir/data/packages/arduino/hardware/megaavr/1.8.7/cores/arduino/wiring_private.h:26,
                 from /home/ec2-user/arduino-testlib/cli-datadir/user/libraries/VivicoreSerial/VivicoreSerial.cpp:47:
/home/ec2-user/arduino-testlib/cli-datadir/user/libraries/VivicoreSerial/VivicoreSerial.cpp: In constructor &#39;VivicoreSerial::VivicoreSerial(volatile uint8_t*, volatile uint8_t*, volatile uint8_t*, volatile uint8_t*, volatile uint8_t*, volatile uint8_t*, uint8_t, uint8_t, uint8_t, uint8_t, uint8_t, uint8_t, uint8_t, uint8_t, uint8_t)&#39;:
/home/ec2-user/arduino-testlib/cli-datadir/user/libraries/VivicoreSerial/VivicoreSerial.cpp:650:9: error: &#39;__SPM_REG&#39; was not declared in this scope
         boot_signature_byte_get(0x00), // Value of SIGROW_DEVICEID0
         ^
/home/ec2-user/arduino-testlib/cli-datadir/user/libraries/VivicoreSerial/VivicoreSerial.cpp:650:9: error: &#39;__SPM_ENABLE&#39; was not declared in this scope
         boot_signature_byte_get(0x00), // Value of SIGROW_DEVICEID0
         ^
/home/ec2-user/arduino-testlib/cli-datadir/user/libraries/VivicoreSerial/Vivi</pre>
					
					<h4>examples/06_slider</h4>
					<p>
						Result: <b>FAIL</b>
					</p>
					<pre class="pre-scrollable">WARNING: library VivicoreSerial claims to run on avr architecture(s) and may be incompatible with your current board which runs on megaavr architecture(s).
/home/ec2-user/arduino-testlib/cli-datadir/user/libraries/VivicoreSerial/examples/06_slider/06_slider.ino: In function &#39;void setup()&#39;:
/home/ec2-user/arduino-testlib/cli-datadir/user/libraries/VivicoreSerial/examples/06_slider/06_slider.ino:65:3: error: &#39;ADCSRA&#39; was not declared in this scope
   ADCSRA |= AD_PRESCALER_128;
   ^~~~~~
/home/ec2-user/arduino-testlib/cli-datadir/user/libraries/VivicoreSerial/examples/06_slider/06_slider.ino:65:3: note: suggested alternative: &#39;ADC_t&#39;
   ADCSRA |= AD_PRESCALER_128;
   ^~~~~~
   ADC_t
In file included from /home/ec2-user/arduino-testlib/cli-datadir/data/packages/arduino/hardware/megaavr/1.8.7/cores/arduino/api/Interrupts.h:8:0,
                 from /home/ec2-user/arduino-testlib/cli-datadir/data/packages/arduino/hardware/megaavr/1.8.7/cores/arduino/api/ArduinoAPI.h:29,
                 from /home/ec2-user/arduino-testlib/cli-datadir/data/packages/arduino/hardware/megaavr/1.8.7/cores/arduino/Arduino.h:23,
                 from /tmp/arduino-sketch-DA686DAEB01BBF4F810A242D28531831/sketch/06_slider.ino.cpp:1:
/home/ec2-user/arduino-testlib/cli-datadir/user/libraries/VivicoreSerial/examples/06_slider/06_slider.ino:17:31: error: &#39;ADPS2&#39; was not declared in this scope
 #define AD_PRESCALER_128 (bit(ADPS2) | bit(ADPS1) | bit(ADPS0))
                               ^
/home/ec2-user/arduino-testlib/cli-datadir/data/packages/arduino/hardware/megaavr/1.8.7/cores/arduino/api/Common.h:71:25: note: in definition of macro &#39;bit&#39;
 #define bit(b) (1UL &lt;&lt; (b))
                         ^
/home/ec2-user/arduino-testlib/cli-datadir/user/libraries/VivicoreSerial/examples/06_slider/06_slider.ino:65:13: note: in expansion of macro &#39;AD_PRESCALER_128&#39;
   ADCSRA |= AD_PRESCALER_128;
             ^~~~~~~~~~~~~~~~
/home/ec2-user/arduino-testlib/cli-datadir/user/libraries/VivicoreSerial/examples/06_slider/06_slider.ino:17:44: error: &#39;ADPS1&#39; was not declared in this scope
 #define AD_PRESCALER_128 (bit(ADPS2) | bit(ADPS1) | bit(ADPS0))
                                            ^
/home/ec2-user/arduino-testlib/cli-datadir/data/packages/arduino/hardware/megaavr/1.8.7/cores/arduino/api/Common.h:71:25: note: in definition of macro &#39;bit&#39;
 #define bit(b) (1UL &lt;&lt; (b))
                         ^
/home/ec2-user/arduino-testlib/cli-datadir/user/libraries/VivicoreSerial/examples/06_slider/06_slider.ino:65:13: note: in expansion of macro &#39;AD_PRESCALER_128&#39;
   ADCSRA |= AD_PRESCALER_128;
             ^~~~~~~~~~~~~~~~
/home/ec2-user/arduino-testlib/cli-datadir/user/libraries/VivicoreSerial/examples/06_slider/06_slider.ino:17:57: error: &#39;ADPS0&#39; was not declared in this scope
 #define AD_PRESCALER_128 (bit(ADPS2) | bit(ADPS1) | bit(ADPS0))
                                                         ^
/home/ec2-user/arduino-testlib/cli-datadir/data/packages/arduino/hardware/megaavr/1.8.7/cores/arduino/api/Common.h:71:25: note: in definition of macro &#39;bit&#39;
 #define bit(b) (1UL &lt;&lt; (b))
                         ^
/home/ec2-user/arduino-testlib/cli-datadir/user/libraries/VivicoreSerial/examples/06_slider/06_slider.ino:65:13: note: in expansion of macro &#39;AD_PRESCALER_128&#39;
   ADCSRA |= AD_PRESCALER_128;
             ^~~~~~~~~~~~~~~~
/home/ec2-user/arduino-testlib/cli-datadir/user/libraries/VivicoreSerial/examples/06_slider/06_slider.ino:17:57: note: suggested alternative: &#39;ADC0&#39;
 #define AD_PRESCALER_128 (bit(ADPS2) | bit(ADPS1) | bit(ADPS0))
                                                         ^
/home/ec2-user/arduino-testlib/cli-datadir/data/packages/arduino/hardware/megaavr/1.8.7/cores/arduino/api/Common.h:71:25: note: in definition of macro &#39;bit&#39;
 #define bit(b) (1UL &lt;&lt; (b))
                         ^
/home/ec2-user/arduino-testlib/cli-datadir/user/libraries/VivicoreSerial/examples/06_slider/06_slider.ino:65:13: note: in expansion of macro &#39;AD_PRESCALER_128&#39;
   ADCSRA |= AD_PRESCALER_128;
             ^~~~~~~~~~~~~~~~
Multiple libraries were found for &#34;EEPROM.h&#34;
  Used: /home/ec2-user/arduino-testlib/cli-datadir/data/packages/arduino/hardware/megaavr/1.8.7/libraries/EEPROM
  Not used: /home/ec2-user/arduino-testlib/cli-datadir/user/libraries/Hello_Drum
  Not used: /home/ec2-user/arduino-testlib/cli-datadir/user/libraries/arduino-NVM
</pre>
					
					<h4>examples/07_measure</h4>
					<p>
						Result: <b>FAIL</b>
					</p>
					<pre class="pre-scrollable">WARNING: library VivicoreSerial claims to run on avr architecture(s) and may be incompatible with your current board which runs on megaavr architecture(s).
In file included from /home/ec2-user/arduino-testlib/cli-datadir/user/libraries/VivicoreSerial/VivicoreSerial.cpp:50:0:
/home/ec2-user/arduino-testlib/cli-datadir/data/packages/arduino/tools/avr-gcc/7.3.0-atmel3.6.1-arduino5/avr/include/avr/boot.h:116:6: error: #error AVR processor does not provide bootloader support!
 #    error AVR processor does not provide bootloader support!
      ^~~~~
/home/ec2-user/arduino-testlib/cli-datadir/data/packages/arduino/tools/avr-gcc/7.3.0-atmel3.6.1-arduino5/avr/include/avr/boot.h:127:4: error: #error Cannot find SPM Enable bit definition!
 #  error Cannot find SPM Enable bit definition!
    ^~~~~
/home/ec2-user/arduino-testlib/cli-datadir/user/libraries/VivicoreSerial/VivicoreSerial.cpp:76:26: error: &#39;UBRR0H&#39; was not declared in this scope
 VivicoreSerial Vivicore(&amp;UBRR0H, &amp;UBRR0L, &amp;UCSR0A, &amp;UCSR0B, &amp;UCSR0C, &amp;UDR0, RXEN0, TXEN0, RXCIE0, UDRIE0, U2X0, TXC0,
                          ^~~~~~
/home/ec2-user/arduino-testlib/cli-datadir/user/libraries/VivicoreSerial/VivicoreSerial.cpp:76:35: error: &#39;UBRR0L&#39; was not declared in this scope
 VivicoreSerial Vivicore(&amp;UBRR0H, &amp;UBRR0L, &amp;UCSR0A, &amp;UCSR0B, &amp;UCSR0C, &amp;UDR0, RXEN0, TXEN0, RXCIE0, UDRIE0, U2X0, TXC0,
                                   ^~~~~~
/home/ec2-user/arduino-testlib/cli-datadir/user/libraries/VivicoreSerial/VivicoreSerial.cpp:76:44: error: &#39;UCSR0A&#39; was not declared in this scope
 VivicoreSerial Vivicore(&amp;UBRR0H, &amp;UBRR0L, &amp;UCSR0A, &amp;UCSR0B, &amp;UCSR0C, &amp;UDR0, RXEN0, TXEN0, RXCIE0, UDRIE0, U2X0, TXC0,
                                            ^~~~~~
/home/ec2-user/arduino-testlib/cli-datadir/user/libraries/VivicoreSerial/VivicoreSerial.cpp:76:53: error: &#39;UCSR0B&#39; was not declared in this scope
 VivicoreSerial Vivicore(&amp;UBRR0H, &amp;UBRR0L, &amp;UCSR0A, &amp;UCSR0B, &amp;UCSR0C, &amp;UDR0, RXEN0, TXEN0, RXCIE0, UDRIE0, U2X0, TXC0,
                                                     ^~~~~~
/home/ec2-user/arduino-testlib/cli-datadir/user/libraries/VivicoreSerial/VivicoreSerial.cpp:76:62: error: &#39;UCSR0C&#39; was not declared in this scope
 VivicoreSerial Vivicore(&amp;UBRR0H, &amp;UBRR0L, &amp;UCSR0A, &amp;UCSR0B, &amp;UCSR0C, &amp;UDR0, RXEN0, TXEN0, RXCIE0, UDRIE0, U2X0, TXC0,
                                                              ^~~~~~
/home/ec2-user/arduino-testlib/cli-datadir/user/libraries/VivicoreSerial/VivicoreSerial.cpp:76:71: error: &#39;UDR0&#39; was not declared in this scope
 VivicoreSerial Vivicore(&amp;UBRR0H, &amp;UBRR0L, &amp;UCSR0A, &amp;UCSR0B, &amp;UCSR0C, &amp;UDR0, RXEN0, TXEN0, RXCIE0, UDRIE0, U2X0, TXC0,
                                                                       ^~~~
/home/ec2-user/arduino-testlib/cli-datadir/user/libraries/VivicoreSerial/VivicoreSerial.cpp:76:71: note: suggested alternative: &#39;DDRD&#39;
 VivicoreSerial Vivicore(&amp;UBRR0H, &amp;UBRR0L, &amp;UCSR0A, &amp;UCSR0B, &amp;UCSR0C, &amp;UDR0, RXEN0, TXEN0, RXCIE0, UDRIE0, U2X0, TXC0,
                                                                       ^~~~
                                                                       DDRD
/home/ec2-user/arduino-testlib/cli-datadir/user/libraries/VivicoreSerial/VivicoreSerial.cpp:76:77: error: &#39;RXEN0&#39; was not declared in this scope
 VivicoreSerial Vivicore(&amp;UBRR0H, &amp;UBRR0L, &amp;UCSR0A, &amp;UCSR0B, &amp;UCSR0C, &amp;UDR0, RXEN0, TXEN0, RXCIE0, UDRIE0, U2X0, TXC0,
                                                                             ^~~~~
/home/ec2-user/arduino-testlib/cli-datadir/user/libraries/VivicoreSerial/VivicoreSerial.cpp:76:84: error: &#39;TXEN0&#39; was not declared in this scope
 VivicoreSerial Vivicore(&amp;UBRR0H, &amp;UBRR0L, &amp;UCSR0A, &amp;UCSR0B, &amp;UCSR0C, &amp;UDR0, RXEN0, TXEN0, RXCIE0, UDRIE0, U2X0, TXC0,
                                                                                    ^~~~~
/home/ec2-user/arduino-testlib/cli-datadir/user/libraries/VivicoreSerial/VivicoreSerial.cpp:76:91: error: &#39;RXCIE0&#39; was not declared in this scope
 VivicoreSerial Vivicore(&amp;UBRR0H, &amp;UBRR0L, &amp;UCSR0A, &amp;UCSR0B, &amp;UCSR0C, &amp;UDR0, RXEN0, TXEN0, RXCIE0, UDRIE0, U2X0, TXC0,
                                                                                           ^~~~~~
/home/ec2-user/arduino-testlib/cli-datadir/user/libraries/VivicoreSerial/VivicoreSerial.cpp:76:99: error: &#39;UDRIE0&#39; was not declared in this scope
 VivicoreSerial Vivicore(&amp;UBRR0H, &amp;UBRR0L, &amp;UCSR0A, &amp;UCSR0B, &amp;UCSR0C, &amp;UDR0, RXEN0, TXEN0, RXCIE0, UDRIE0, U2X0, TXC0,
                                                                                                   ^~~~~~
/home/ec2-user/arduino-testlib/cli-datadir/user/libraries/VivicoreSerial/VivicoreSerial.cpp:76:107: error: &#39;U2X0&#39; was not declared in this scope
 VivicoreSerial Vivicore(&amp;UBRR0H, &amp;UBRR0L, &amp;UCSR0A, &amp;UCSR0B, &amp;UCSR0C, &amp;UDR0, RXEN0, TXEN0, RXCIE0, UDRIE0, U2X0, TXC0,
                                                                                                           ^~~~
/home/ec2-user/arduino-testlib/cli-datadir/user/libraries/VivicoreSerial/VivicoreSerial.cpp:76:113: error: &#39;TXC0&#39; was not declared in this scope
 VivicoreSerial Vivicore(&amp;UBRR0H, &amp;UBRR0L, &amp;UCSR0A, &amp;UCSR0B, &amp;UCSR0C, &amp;UDR0, RXEN0, TXEN0, RXCIE0, UDRIE0, U2X0, TXC0,
                                                                                                                 ^~~~
/home/ec2-user/arduino-testlib/cli-datadir/user/libraries/VivicoreSerial/VivicoreSerial.cpp:76:113: note: suggested alternative: &#39;ADC0&#39;
 VivicoreSerial Vivicore(&amp;UBRR0H, &amp;UBRR0L, &amp;UCSR0A, &amp;UCSR0B, &amp;UCSR0C, &amp;UDR0, RXEN0, TXEN0, RXCIE0, UDRIE0, U2X0, TXC0,
                                                                                                                 ^~~~
                                                                                                                 ADC0
/home/ec2-user/arduino-testlib/cli-datadir/user/libraries/VivicoreSerial/VivicoreSerial.cpp:77:25: error: &#39;DOR0&#39; was not declared in this scope
                         DOR0, UPE0, FE0);
                         ^~~~
/home/ec2-user/arduino-testlib/cli-datadir/user/libraries/VivicoreSerial/VivicoreSerial.cpp:77:25: note: suggested alternative: &#39;DDRD&#39;
                         DOR0, UPE0, FE0);
                         ^~~~
                         DDRD
/home/ec2-user/arduino-testlib/cli-datadir/user/libraries/VivicoreSerial/VivicoreSerial.cpp:77:31: error: &#39;UPE0&#39; was not declared in this scope
                         DOR0, UPE0, FE0);
                               ^~~~
/home/ec2-user/arduino-testlib/cli-datadir/user/libraries/VivicoreSerial/VivicoreSerial.cpp:77:31: note: suggested alternative: &#39;SPI0&#39;
                         DOR0, UPE0, FE0);
                               ^~~~
                               SPI0
/home/ec2-user/arduino-testlib/cli-datadir/user/libraries/VivicoreSerial/VivicoreSerial.cpp:77:37: error: &#39;FE0&#39; was not declared in this scope
                         DOR0, UPE0, FE0);
                                     ^~~
/home/ec2-user/arduino-testlib/cli-datadir/user/libraries/VivicoreSerial/VivicoreSerial.cpp: In member function &#39;BranchCommandRes_t VivicoreSerial::processCommand(BranchCommand_t)&#39;:
/home/ec2-user/arduino-testlib/cli-datadir/user/libraries/VivicoreSerial/VivicoreSerial.cpp:329:25: error: no match for &#39;operator|&#39; (operand types are &#39;PORTCClass&#39; and &#39;&lt;unnamed enum&gt;&#39;)
           PORTC = PORTC | B00001000; // A3 PC3 to High Start supplying power
                   ~~~~~~^~~~~~~~~~~
/home/ec2-user/arduino-testlib/cli-datadir/user/libraries/VivicoreSerial/VivicoreSerial.cpp: In function &#39;void USART0_UDRE_vect()&#39;:
/home/ec2-user/arduino-testlib/cli-datadir/user/libraries/VivicoreSerial/VivicoreSerial.cpp:621:5: error: &#39;cbi&#39; was not declared in this scope
     cbi(*(active_object-&gt;_ucsrb), active_object-&gt;_udrie);
     ^~~
/home/ec2-user/arduino-testlib/cli-datadir/user/libraries/VivicoreSerial/VivicoreSerial.cpp:621:5: note: suggested alternative: &#39;cli&#39;
     cbi(*(active_object-&gt;_ucsrb), active_object-&gt;_udrie);
     ^~~
     cli
/home/ec2-user/arduino-testlib/cli-datadir/user/libraries/VivicoreSerial/VivicoreSerial.cpp:624:19: error: no match for &#39;operator&amp;&#39; (operand types are &#39;PORTBClass&#39; and &#39;&lt;unnamed enum&gt;&#39;)
     PORTB = PORTB &amp; B11111110;          // digitalWrite(PIN_EN_TX, LOW);
             ~~~~~~^~~~~~~~~~~
/home/ec2-user/arduino-testlib/cli-datadir/user/libraries/VivicoreSerial/VivicoreSerial.cpp:632:5: error: &#39;sbi&#39; was not declared in this scope
     sbi(*(active_object-&gt;_ucsra), active_object-&gt;_txc);
     ^~~
/home/ec2-user/arduino-testlib/cli-datadir/user/libraries/VivicoreSerial/VivicoreSerial.cpp:632:5: note: suggested alternative: &#39;sei&#39;
     sbi(*(active_object-&gt;_ucsra), active_object-&gt;_txc);
     ^~~
     sei
In file included from /home/ec2-user/arduino-testlib/cli-datadir/data/packages/arduino/tools/avr-gcc/7.3.0-atmel3.6.1-arduino5/avr/include/avr/io.h:99:0,
                 from /home/ec2-user/arduino-testlib/cli-datadir/data/packages/arduino/hardware/megaavr/1.8.7/cores/arduino/wiring_private.h:26,
                 from /home/ec2-user/arduino-testlib/cli-datadir/user/libraries/VivicoreSerial/VivicoreSerial.cpp:47:
/home/ec2-user/arduino-testlib/cli-datadir/user/libraries/VivicoreSerial/VivicoreSerial.cpp: In constructor &#39;VivicoreSerial::VivicoreSerial(volatile uint8_t*, volatile uint8_t*, volatile uint8_t*, volatile uint8_t*, volatile uint8_t*, volatile uint8_t*, uint8_t, uint8_t, uint8_t, uint8_t, uint8_t, uint8_t, uint8_t, uint8_t, uint8_t)&#39;:
/home/ec2-user/arduino-testlib/cli-datadir/user/libraries/VivicoreSerial/VivicoreSerial.cpp:650:9: error: &#39;__SPM_REG&#39; was not declared in this scope
         boot_signature_byte_get(0x00), // Value of SIGROW_DEVICEID0
         ^
/home/ec2-user/arduino-testlib/cli-datadir/user/libraries/VivicoreSerial/VivicoreSerial.cpp:650:9: error: &#39;__SPM_ENABLE&#39; was not declared in this scope
         boot_signature_byte_get(0x00), // Value of SIGROW_DEVICEID0
         ^
/home/ec2-user/arduino-testlib/cli-datadir/user/libraries/VivicoreSerial/Vivi</pre>
					
					<h4>examples/08_motion</h4>
					<p>
						Result: <b>FAIL</b>
					</p>
					<pre class="pre-scrollable">/home/ec2-user/arduino-testlib/cli-datadir/user/libraries/VivicoreSerial/examples/08_motion/08_motion.ino:4:10: fatal error: lsm6ds3_reg.h: No such file or directory
 #include &#34;lsm6ds3_reg.h&#34;
          ^~~~~~~~~~~~~~~
compilation terminated.

</pre>
					
					<h4>examples/09_message_board</h4>
					<p>
						Result: <b>FAIL</b>
					</p>
					<pre class="pre-scrollable">/home/ec2-user/arduino-testlib/cli-datadir/user/libraries/VivicoreSerial/examples/09_message_board/09_message_board.ino:4:10: fatal error: misakiUTF16.h: No such file or directory
 #include &lt;misakiUTF16.h&gt;
          ^~~~~~~~~~~~~~~
compilation terminated.

</pre>
					
					<h4>examples/0A_color_picker</h4>
					<p>
						Result: <b>FAIL</b>
					</p>
					<pre class="pre-scrollable">WARNING: library VivicoreSerial claims to run on avr architecture(s) and may be incompatible with your current board which runs on megaavr architecture(s).
In file included from /home/ec2-user/arduino-testlib/cli-datadir/data/packages/arduino/hardware/megaavr/1.8.7/cores/arduino/api/Interrupts.h:8:0,
                 from /home/ec2-user/arduino-testlib/cli-datadir/data/packages/arduino/hardware/megaavr/1.8.7/cores/arduino/api/ArduinoAPI.h:29,
                 from /home/ec2-user/arduino-testlib/cli-datadir/data/packages/arduino/hardware/megaavr/1.8.7/cores/arduino/Arduino.h:23,
                 from /tmp/arduino-sketch-1C88C02E1ABD277E2485FD62829DB9F3/sketch/0A_color_picker.ino.cpp:1:
/home/ec2-user/arduino-testlib/cli-datadir/user/libraries/VivicoreSerial/examples/0A_color_picker/0A_color_picker.ino: In function &#39;void analogWriteToLed(uint16_t)&#39;:
/home/ec2-user/arduino-testlib/cli-datadir/user/libraries/VivicoreSerial/examples/0A_color_picker/0A_color_picker.ino:72:12: error: &#39;TCCR2A&#39; was not declared in this scope
     bitSet(TCCR2A, COM2B1);
            ^
/home/ec2-user/arduino-testlib/cli-datadir/data/packages/arduino/hardware/megaavr/1.8.7/cores/arduino/api/Common.h:65:30: note: in definition of macro &#39;bitSet&#39;
 #define bitSet(value, bit) ((value) |= (1UL &lt;&lt; (bit)))
                              ^~~~~
/home/ec2-user/arduino-testlib/cli-datadir/user/libraries/VivicoreSerial/examples/0A_color_picker/0A_color_picker.ino:72:12: note: suggested alternative: &#39;TCB2&#39;
     bitSet(TCCR2A, COM2B1);
            ^
/home/ec2-user/arduino-testlib/cli-datadir/data/packages/arduino/hardware/megaavr/1.8.7/cores/arduino/api/Common.h:65:30: note: in definition of macro &#39;bitSet&#39;
 #define bitSet(value, bit) ((value) |= (1UL &lt;&lt; (bit)))
                              ^~~~~
/home/ec2-user/arduino-testlib/cli-datadir/user/libraries/VivicoreSerial/examples/0A_color_picker/0A_color_picker.ino:72:20: error: &#39;COM2B1&#39; was not declared in this scope
     bitSet(TCCR2A, COM2B1);
                    ^
/home/ec2-user/arduino-testlib/cli-datadir/data/packages/arduino/hardware/megaavr/1.8.7/cores/arduino/api/Common.h:65:49: note: in definition of macro &#39;bitSet&#39;
 #define bitSet(value, bit) ((value) |= (1UL &lt;&lt; (bit)))
                                                 ^~~
/home/ec2-user/arduino-testlib/cli-datadir/user/libraries/VivicoreSerial/examples/0A_color_picker/0A_color_picker.ino:73:5: error: &#39;OCR2B&#39; was not declared in this scope
     OCR2B = rawVal;
     ^~~~~
/home/ec2-user/arduino-testlib/cli-datadir/user/libraries/VivicoreSerial/examples/0A_color_picker/0A_color_picker.ino: In function &#39;void setup()&#39;:
/home/ec2-user/arduino-testlib/cli-datadir/user/libraries/VivicoreSerial/examples/0A_color_picker/0A_color_picker.ino:200:3: error: &#39;TCCR1A&#39; was not declared in this scope
   TCCR1A = bit(COM1A1) | bit(WGM11);            // no inverting, OC1A only connected
   ^~~~~~
/home/ec2-user/arduino-testlib/cli-datadir/user/libraries/VivicoreSerial/examples/0A_color_picker/0A_color_picker.ino:200:3: note: suggested alternative: &#39;TCB1&#39;
   TCCR1A = bit(COM1A1) | bit(WGM11);            // no inverting, OC1A only connected
   ^~~~~~
   TCB1
In file included from /home/ec2-user/arduino-testlib/cli-datadir/data/packages/arduino/hardware/megaavr/1.8.7/cores/arduino/api/Interrupts.h:8:0,
                 from /home/ec2-user/arduino-testlib/cli-datadir/data/packages/arduino/hardware/megaavr/1.8.7/cores/arduino/api/ArduinoAPI.h:29,
                 from /home/ec2-user/arduino-testlib/cli-datadir/data/packages/arduino/hardware/megaavr/1.8.7/cores/arduino/Arduino.h:23,
                 from /tmp/arduino-sketch-1C88C02E1ABD277E2485FD62829DB9F3/sketch/0A_color_picker.ino.cpp:1:
/home/ec2-user/arduino-testlib/cli-datadir/user/libraries/VivicoreSerial/examples/0A_color_picker/0A_color_picker.ino:200:16: error: &#39;COM1A1&#39; was not declared in this scope
   TCCR1A = bit(COM1A1) | bit(WGM11);            // no inverting, OC1A only connected
                ^
/home/ec2-user/arduino-testlib/cli-datadir/data/packages/arduino/hardware/megaavr/1.8.7/cores/arduino/api/Common.h:71:25: note: in definition of macro &#39;bit&#39;
 #define bit(b) (1UL &lt;&lt; (b))
                         ^
/home/ec2-user/arduino-testlib/cli-datadir/user/libraries/VivicoreSerial/examples/0A_color_picker/0A_color_picker.ino:200:30: error: &#39;WGM11&#39; was not declared in this scope
   TCCR1A = bit(COM1A1) | bit(WGM11);            // no inverting, OC1A only connected
                              ^
/home/ec2-user/arduino-testlib/cli-datadir/data/packages/arduino/hardware/megaavr/1.8.7/cores/arduino/api/Common.h:71:25: note: in definition of macro &#39;bit&#39;
 #define bit(b) (1UL &lt;&lt; (b))
                         ^
/home/ec2-user/arduino-testlib/cli-datadir/user/libraries/VivicoreSerial/examples/0A_color_picker/0A_color_picker.ino:201:3: error: &#39;TCCR1B&#39; was not declared in this scope
   TCCR1B = bit(WGM13) | bit(WGM12) | bit(CS10); // fast PWM, TOP=ICR1, no prescaling
   ^~~~~~
/home/ec2-user/arduino-testlib/cli-datadir/user/libraries/VivicoreSerial/examples/0A_color_picker/0A_color_picker.ino:201:3: note: suggested alternative: &#39;TCB1&#39;
   TCCR1B = bit(WGM13) | bit(WGM12) | bit(CS10); // fast PWM, TOP=ICR1, no prescaling
   ^~~~~~
   TCB1
In file included from /home/ec2-user/arduino-testlib/cli-datadir/data/packages/arduino/hardware/megaavr/1.8.7/cores/arduino/api/Interrupts.h:8:0,
                 from /home/ec2-user/arduino-testlib/cli-datadir/data/packages/arduino/hardware/megaavr/1.8.7/cores/arduino/api/ArduinoAPI.h:29,
                 from /home/ec2-user/arduino-testlib/cli-datadir/data/packages/arduino/hardware/megaavr/1.8.7/cores/arduino/Arduino.h:23,
                 from /tmp/arduino-sketch-1C88C02E1ABD277E2485FD62829DB9F3/sketch/0A_color_picker.ino.cpp:1:
/home/ec2-user/arduino-testlib/cli-datadir/user/libraries/VivicoreSerial/examples/0A_color_picker/0A_color_picker.ino:201:16: error: &#39;WGM13&#39; was not declared in this scope
   TCCR1B = bit(WGM13) | bit(WGM12) | bit(CS10); // fast PWM, TOP=ICR1, no prescaling
                ^
/home/ec2-user/arduino-testlib/cli-datadir/data/packages/arduino/hardware/megaavr/1.8.7/cores/arduino/api/Common.h:71:25: note: in definition of macro &#39;bit&#39;
 #define bit(b) (1UL &lt;&lt; (b))
                         ^
/home/ec2-user/arduino-testlib/cli-datadir/user/libraries/VivicoreSerial/examples/0A_color_picker/0A_color_picker.ino:201:29: error: &#39;WGM12&#39; was not declared in this scope
   TCCR1B = bit(WGM13) | bit(WGM12) | bit(CS10); // fast PWM, TOP=ICR1, no prescaling
                             ^
/home/ec2-user/arduino-testlib/cli-datadir/data/packages/arduino/hardware/megaavr/1.8.7/cores/arduino/api/Common.h:71:25: note: in definition of macro &#39;bit&#39;
 #define bit(b) (1UL &lt;&lt; (b))
                         ^
/home/ec2-user/arduino-testlib/cli-datadir/user/libraries/VivicoreSerial/examples/0A_color_picker/0A_color_picker.ino:201:42: error: &#39;CS10&#39; was not declared in this scope
   TCCR1B = bit(WGM13) | bit(WGM12) | bit(CS10); // fast PWM, TOP=ICR1, no prescaling
                                          ^
/home/ec2-user/arduino-testlib/cli-datadir/data/packages/arduino/hardware/megaavr/1.8.7/cores/arduino/api/Common.h:71:25: note: in definition of macro &#39;bit&#39;
 #define bit(b) (1UL &lt;&lt; (b))
                         ^
/home/ec2-user/arduino-testlib/cli-datadir/user/libraries/VivicoreSerial/examples/0A_color_picker/0A_color_picker.ino:201:42: note: suggested alternative: &#39;B110&#39;
   TCCR1B = bit(WGM13) | bit(WGM12) | bit(CS10); // fast PWM, TOP=ICR1, no prescaling
                                          ^
/home/ec2-user/arduino-testlib/cli-datadir/data/packages/arduino/hardware/megaavr/1.8.7/cores/arduino/api/Common.h:71:25: note: in definition of macro &#39;bit&#39;
 #define bit(b) (1UL &lt;&lt; (b))
                         ^
/home/ec2-user/arduino-testlib/cli-datadir/user/libraries/VivicoreSerial/examples/0A_color_picker/0A_color_picker.ino:202:3: error: &#39;ICR1&#39; was not declared in this scope
   ICR1   = F_CPU / VCC_HZ;                      // TOP counter value for 32kHz
   ^~~~
/home/ec2-user/arduino-testlib/cli-datadir/user/libraries/VivicoreSerial/examples/0A_color_picker/0A_color_picker.ino:202:3: note: suggested alternative: &#39;TCB1&#39;
   ICR1   = F_CPU / VCC_HZ;                      // TOP counter value for 32kHz
   ^~~~
   TCB1
/home/ec2-user/arduino-testlib/cli-datadir/user/libraries/VivicoreSerial/examples/0A_color_picker/0A_color_picker.ino:203:3: error: &#39;OCR1A&#39; was not declared in this scope
   OCR1A  = F_CPU / VCC_HZ / 2;                  // OC1A (D9/PB1) only output with duty cycle 50%
   ^~~~~
/home/ec2-user/arduino-testlib/cli-datadir/user/libraries/VivicoreSerial/examples/0A_color_picker/0A_color_picker.ino:205:3: error: &#39;TCCR2A&#39; was not declared in this scope
   TCCR2A = bit(COM2B1) | bit(WGM21) | bit(WGM20); // no inverting, OC2B only connected, fast PWM, TOP=0xFF
   ^~~~~~
/home/ec2-user/arduino-testlib/cli-datadir/user/libraries/VivicoreSerial/examples/0A_color_picker/0A_color_picker.ino:205:3: note: suggested alternative: &#39;TCB2&#39;
   TCCR2A = bit(COM2B1) | bit(WGM21) | bit(WGM20); // no inverting, OC2B only connected, fast PWM, TOP=0xFF
   ^~~~~~
   TCB2
In file included from /home/ec2-user/arduino-testlib/cli-datadir/data/packages/arduino/hardware/megaavr/1.8.7/cores/arduino/api/Interrupts.h:8:0,
                 from /home/ec2-user/arduino-testlib/cli-datadir/data/packages/arduino/hardware/megaavr/1.8.7/cores/arduino/api/ArduinoAPI.h:29,
                 from /home/ec2-user/arduino-testlib/cli-datadir/data/packages/arduino/hardware/megaavr/1.8.7/cores/arduino/Arduino.h:23,
                 from /tmp/arduino-sketch-1C88C02E1ABD277E2485FD62829DB9F3/sketch/0A_color_picker.ino.cpp:1:
/home/ec2-user/arduino-testlib/cli-datadir/user/libraries/VivicoreSerial/examples/0A_color_picker/0A_color_picker.ino:205:16: error: &#39;COM2B1&#39; was not declared in this scope
   TCCR2A = bit(COM2B1) | bit(WGM21) | bit(WGM20); // no inverting, OC2B only connected, fast PWM, TOP=0xFF
                ^
/home/ec2-user/arduino-t</pre>
					
					<h4>examples/0B_led</h4>
					<p>
						Result: <b>FAIL</b>
					</p>
					<pre class="pre-scrollable">WARNING: library VivicoreSerial claims to run on avr architecture(s) and may be incompatible with your current board which runs on megaavr architecture(s).
In file included from /home/ec2-user/arduino-testlib/cli-datadir/data/packages/arduino/hardware/megaavr/1.8.7/cores/arduino/api/Interrupts.h:8:0,
                 from /home/ec2-user/arduino-testlib/cli-datadir/data/packages/arduino/hardware/megaavr/1.8.7/cores/arduino/api/ArduinoAPI.h:29,
                 from /home/ec2-user/arduino-testlib/cli-datadir/data/packages/arduino/hardware/megaavr/1.8.7/cores/arduino/Arduino.h:23,
                 from /tmp/arduino-sketch-4B8523796D7DE4EA03F2F4A4E34D04A5/sketch/0B_led.ino.cpp:1:
/home/ec2-user/arduino-testlib/cli-datadir/user/libraries/VivicoreSerial/examples/0B_led/0B_led.ino: In function &#39;void analogWrite_(int, uint16_t)&#39;:
/home/ec2-user/arduino-testlib/cli-datadir/user/libraries/VivicoreSerial/examples/0B_led/0B_led.ino:76:14: error: &#39;TCCR1A&#39; was not declared in this scope
       bitSet(TCCR1A, COM1A1);
              ^
/home/ec2-user/arduino-testlib/cli-datadir/data/packages/arduino/hardware/megaavr/1.8.7/cores/arduino/api/Common.h:65:30: note: in definition of macro &#39;bitSet&#39;
 #define bitSet(value, bit) ((value) |= (1UL &lt;&lt; (bit)))
                              ^~~~~
/home/ec2-user/arduino-testlib/cli-datadir/user/libraries/VivicoreSerial/examples/0B_led/0B_led.ino:76:14: note: suggested alternative: &#39;TCB1&#39;
       bitSet(TCCR1A, COM1A1);
              ^
/home/ec2-user/arduino-testlib/cli-datadir/data/packages/arduino/hardware/megaavr/1.8.7/cores/arduino/api/Common.h:65:30: note: in definition of macro &#39;bitSet&#39;
 #define bitSet(value, bit) ((value) |= (1UL &lt;&lt; (bit)))
                              ^~~~~
/home/ec2-user/arduino-testlib/cli-datadir/user/libraries/VivicoreSerial/examples/0B_led/0B_led.ino:76:22: error: &#39;COM1A1&#39; was not declared in this scope
       bitSet(TCCR1A, COM1A1);
                      ^
/home/ec2-user/arduino-testlib/cli-datadir/data/packages/arduino/hardware/megaavr/1.8.7/cores/arduino/api/Common.h:65:49: note: in definition of macro &#39;bitSet&#39;
 #define bitSet(value, bit) ((value) |= (1UL &lt;&lt; (bit)))
                                                 ^~~
/home/ec2-user/arduino-testlib/cli-datadir/user/libraries/VivicoreSerial/examples/0B_led/0B_led.ino:77:7: error: &#39;OCR1A&#39; was not declared in this scope
       OCR1A = value;
       ^~~~~
In file included from /home/ec2-user/arduino-testlib/cli-datadir/data/packages/arduino/hardware/megaavr/1.8.7/cores/arduino/api/Interrupts.h:8:0,
                 from /home/ec2-user/arduino-testlib/cli-datadir/data/packages/arduino/hardware/megaavr/1.8.7/cores/arduino/api/ArduinoAPI.h:29,
                 from /home/ec2-user/arduino-testlib/cli-datadir/data/packages/arduino/hardware/megaavr/1.8.7/cores/arduino/Arduino.h:23,
                 from /tmp/arduino-sketch-4B8523796D7DE4EA03F2F4A4E34D04A5/sketch/0B_led.ino.cpp:1:
/home/ec2-user/arduino-testlib/cli-datadir/user/libraries/VivicoreSerial/examples/0B_led/0B_led.ino:79:14: error: &#39;TCCR1A&#39; was not declared in this scope
       bitSet(TCCR1A, COM1B1);
              ^
/home/ec2-user/arduino-testlib/cli-datadir/data/packages/arduino/hardware/megaavr/1.8.7/cores/arduino/api/Common.h:65:30: note: in definition of macro &#39;bitSet&#39;
 #define bitSet(value, bit) ((value) |= (1UL &lt;&lt; (bit)))
                              ^~~~~
/home/ec2-user/arduino-testlib/cli-datadir/user/libraries/VivicoreSerial/examples/0B_led/0B_led.ino:79:14: note: suggested alternative: &#39;TCB1&#39;
       bitSet(TCCR1A, COM1B1);
              ^
/home/ec2-user/arduino-testlib/cli-datadir/data/packages/arduino/hardware/megaavr/1.8.7/cores/arduino/api/Common.h:65:30: note: in definition of macro &#39;bitSet&#39;
 #define bitSet(value, bit) ((value) |= (1UL &lt;&lt; (bit)))
                              ^~~~~
/home/ec2-user/arduino-testlib/cli-datadir/user/libraries/VivicoreSerial/examples/0B_led/0B_led.ino:79:22: error: &#39;COM1B1&#39; was not declared in this scope
       bitSet(TCCR1A, COM1B1);
                      ^
/home/ec2-user/arduino-testlib/cli-datadir/data/packages/arduino/hardware/megaavr/1.8.7/cores/arduino/api/Common.h:65:49: note: in definition of macro &#39;bitSet&#39;
 #define bitSet(value, bit) ((value) |= (1UL &lt;&lt; (bit)))
                                                 ^~~
/home/ec2-user/arduino-testlib/cli-datadir/user/libraries/VivicoreSerial/examples/0B_led/0B_led.ino:80:7: error: &#39;OCR1B&#39; was not declared in this scope
       OCR1B = value;
       ^~~~~
In file included from /home/ec2-user/arduino-testlib/cli-datadir/data/packages/arduino/hardware/megaavr/1.8.7/cores/arduino/api/Interrupts.h:8:0,
                 from /home/ec2-user/arduino-testlib/cli-datadir/data/packages/arduino/hardware/megaavr/1.8.7/cores/arduino/api/ArduinoAPI.h:29,
                 from /home/ec2-user/arduino-testlib/cli-datadir/data/packages/arduino/hardware/megaavr/1.8.7/cores/arduino/Arduino.h:23,
                 from /tmp/arduino-sketch-4B8523796D7DE4EA03F2F4A4E34D04A5/sketch/0B_led.ino.cpp:1:
/home/ec2-user/arduino-testlib/cli-datadir/user/libraries/VivicoreSerial/examples/0B_led/0B_led.ino:86:14: error: &#39;TCCR2A&#39; was not declared in this scope
       bitSet(TCCR2A, COM2B1);
              ^
/home/ec2-user/arduino-testlib/cli-datadir/data/packages/arduino/hardware/megaavr/1.8.7/cores/arduino/api/Common.h:65:30: note: in definition of macro &#39;bitSet&#39;
 #define bitSet(value, bit) ((value) |= (1UL &lt;&lt; (bit)))
                              ^~~~~
/home/ec2-user/arduino-testlib/cli-datadir/user/libraries/VivicoreSerial/examples/0B_led/0B_led.ino:86:14: note: suggested alternative: &#39;TCB2&#39;
       bitSet(TCCR2A, COM2B1);
              ^
/home/ec2-user/arduino-testlib/cli-datadir/data/packages/arduino/hardware/megaavr/1.8.7/cores/arduino/api/Common.h:65:30: note: in definition of macro &#39;bitSet&#39;
 #define bitSet(value, bit) ((value) |= (1UL &lt;&lt; (bit)))
                              ^~~~~
/home/ec2-user/arduino-testlib/cli-datadir/user/libraries/VivicoreSerial/examples/0B_led/0B_led.ino:86:22: error: &#39;COM2B1&#39; was not declared in this scope
       bitSet(TCCR2A, COM2B1);
                      ^
/home/ec2-user/arduino-testlib/cli-datadir/data/packages/arduino/hardware/megaavr/1.8.7/cores/arduino/api/Common.h:65:49: note: in definition of macro &#39;bitSet&#39;
 #define bitSet(value, bit) ((value) |= (1UL &lt;&lt; (bit)))
                                                 ^~~
/home/ec2-user/arduino-testlib/cli-datadir/user/libraries/VivicoreSerial/examples/0B_led/0B_led.ino:87:7: error: &#39;OCR2B&#39; was not declared in this scope
       OCR2B = (uint8_t)value;
       ^~~~~
/home/ec2-user/arduino-testlib/cli-datadir/user/libraries/VivicoreSerial/examples/0B_led/0B_led.ino: In function &#39;void setup()&#39;:
/home/ec2-user/arduino-testlib/cli-datadir/user/libraries/VivicoreSerial/examples/0B_led/0B_led.ino:122:3: error: &#39;TCCR3A&#39; was not declared in this scope
   TCCR3A = bit(COM3B1) | bit(WGM31);            // no inverting, OC3B only connected
   ^~~~~~
/home/ec2-user/arduino-testlib/cli-datadir/user/libraries/VivicoreSerial/examples/0B_led/0B_led.ino:122:3: note: suggested alternative: &#39;TCB3&#39;
   TCCR3A = bit(COM3B1) | bit(WGM31);            // no inverting, OC3B only connected
   ^~~~~~
   TCB3
In file included from /home/ec2-user/arduino-testlib/cli-datadir/data/packages/arduino/hardware/megaavr/1.8.7/cores/arduino/api/Interrupts.h:8:0,
                 from /home/ec2-user/arduino-testlib/cli-datadir/data/packages/arduino/hardware/megaavr/1.8.7/cores/arduino/api/ArduinoAPI.h:29,
                 from /home/ec2-user/arduino-testlib/cli-datadir/data/packages/arduino/hardware/megaavr/1.8.7/cores/arduino/Arduino.h:23,
                 from /tmp/arduino-sketch-4B8523796D7DE4EA03F2F4A4E34D04A5/sketch/0B_led.ino.cpp:1:
/home/ec2-user/arduino-testlib/cli-datadir/user/libraries/VivicoreSerial/examples/0B_led/0B_led.ino:122:16: error: &#39;COM3B1&#39; was not declared in this scope
   TCCR3A = bit(COM3B1) | bit(WGM31);            // no inverting, OC3B only connected
                ^
/home/ec2-user/arduino-testlib/cli-datadir/data/packages/arduino/hardware/megaavr/1.8.7/cores/arduino/api/Common.h:71:25: note: in definition of macro &#39;bit&#39;
 #define bit(b) (1UL &lt;&lt; (b))
                         ^
/home/ec2-user/arduino-testlib/cli-datadir/user/libraries/VivicoreSerial/examples/0B_led/0B_led.ino:122:30: error: &#39;WGM31&#39; was not declared in this scope
   TCCR3A = bit(COM3B1) | bit(WGM31);            // no inverting, OC3B only connected
                              ^
/home/ec2-user/arduino-testlib/cli-datadir/data/packages/arduino/hardware/megaavr/1.8.7/cores/arduino/api/Common.h:71:25: note: in definition of macro &#39;bit&#39;
 #define bit(b) (1UL &lt;&lt; (b))
                         ^
/home/ec2-user/arduino-testlib/cli-datadir/user/libraries/VivicoreSerial/examples/0B_led/0B_led.ino:123:3: error: &#39;TCCR3B&#39; was not declared in this scope
   TCCR3B = bit(WGM33) | bit(WGM32) | bit(CS30); // fast PWM, TOP=ICR3, no prescaling
   ^~~~~~
/home/ec2-user/arduino-testlib/cli-datadir/user/libraries/VivicoreSerial/examples/0B_led/0B_led.ino:123:3: note: suggested alternative: &#39;TCB3&#39;
   TCCR3B = bit(WGM33) | bit(WGM32) | bit(CS30); // fast PWM, TOP=ICR3, no prescaling
   ^~~~~~
   TCB3
In file included from /home/ec2-user/arduino-testlib/cli-datadir/data/packages/arduino/hardware/megaavr/1.8.7/cores/arduino/api/Interrupts.h:8:0,
                 from /home/ec2-user/arduino-testlib/cli-datadir/data/packages/arduino/hardware/megaavr/1.8.7/cores/arduino/api/ArduinoAPI.h:29,
                 from /home/ec2-user/arduino-testlib/cli-datadir/data/packages/arduino/hardware/megaavr/1.8.7/cores/arduino/Arduino.h:23,
                 from /tmp/arduino-sketch-4B8523796D7DE4EA03F2F4A4E34D04A5/sketch/0B_led.ino.cpp:1:
/home/ec2-user/arduino-testlib/cli-datadir/user/libraries/VivicoreSerial/examples/0B_led/0B_led.ino:123:16: error: &#39;WGM33&#39; was not declared in this scope
   TCCR3B = bit(WGM33) | bit(WGM32) | bit(CS30); // fast PWM, TOP=ICR3, no prescaling
                ^
/home/ec2-user/arduino-</pre>
					
				
				<h3 id="arduino:samd:mkrwifi1010">arduino:samd:mkrwifi1010 @ 1.8.12</h3>
				<h4>Inclusion</h4>
				<p>
					Result: <b>FAIL</b>
					
				</p>
				<pre class="pre-scrollable">In file included from /home/ec2-user/arduino-testlib/cli-datadir/user/libraries/VivicoreSerial/VivicoreSerial.cpp:48:0:
/home/ec2-user/arduino-testlib/cli-datadir/user/libraries/Hello_Drum/src/EEPROM.h:25:10: fatal error: avr/eeprom.h: No such file or directory
 #include &lt;avr/eeprom.h&gt;
          ^~~~~~~~~~~~~~
compilation terminated.
Multiple libraries were found for &#34;EEPROM.h&#34;
  Used: /home/ec2-user/arduino-testlib/cli-datadir/user/libraries/Hello_Drum
  Not used: /home/ec2-user/arduino-testlib/cli-datadir/user/libraries/arduino-NVM
</pre>

					
					<h4>examples/01_servo</h4>
					<p>
						Result: <b>FAIL</b>
					</p>
					<pre class="pre-scrollable">In file included from /home/ec2-user/arduino-testlib/cli-datadir/user/libraries/VivicoreSerial/VivicoreSerial.cpp:48:0:
/home/ec2-user/arduino-testlib/cli-datadir/user/libraries/Hello_Drum/src/EEPROM.h:25:10: fatal error: avr/eeprom.h: No such file or directory
 #include &lt;avr/eeprom.h&gt;
          ^~~~~~~~~~~~~~
compilation terminated.
Multiple libraries were found for &#34;EEPROM.h&#34;
  Used: /home/ec2-user/arduino-testlib/cli-datadir/user/libraries/Hello_Drum
  Not used: /home/ec2-user/arduino-testlib/cli-datadir/user/libraries/arduino-NVM
</pre>
					
					<h4>examples/02_motor</h4>
					<p>
						Result: <b>FAIL</b>
					</p>
					<pre class="pre-scrollable">In file included from /home/ec2-user/arduino-testlib/cli-datadir/user/libraries/VivicoreSerial/VivicoreSerial.cpp:48:0:
/home/ec2-user/arduino-testlib/cli-datadir/user/libraries/Hello_Drum/src/EEPROM.h:25:10: fatal error: avr/eeprom.h: No such file or directory
 #include &lt;avr/eeprom.h&gt;
          ^~~~~~~~~~~~~~
compilation terminated.
Multiple libraries were found for &#34;EEPROM.h&#34;
  Used: /home/ec2-user/arduino-testlib/cli-datadir/user/libraries/Hello_Drum
  Not used: /home/ec2-user/arduino-testlib/cli-datadir/user/libraries/arduino-NVM
</pre>
					
					<h4>examples/03_joystick</h4>
					<p>
						Result: <b>FAIL</b>
					</p>
					<pre class="pre-scrollable">In file included from /home/ec2-user/arduino-testlib/cli-datadir/user/libraries/VivicoreSerial/VivicoreSerial.cpp:48:0:
/home/ec2-user/arduino-testlib/cli-datadir/user/libraries/Hello_Drum/src/EEPROM.h:25:10: fatal error: avr/eeprom.h: No such file or directory
 #include &lt;avr/eeprom.h&gt;
          ^~~~~~~~~~~~~~
compilation terminated.
Multiple libraries were found for &#34;EEPROM.h&#34;
  Used: /home/ec2-user/arduino-testlib/cli-datadir/user/libraries/Hello_Drum
  Not used: /home/ec2-user/arduino-testlib/cli-datadir/user/libraries/arduino-NVM
</pre>
					
					<h4>examples/04_button</h4>
					<p>
						Result: <b>FAIL</b>
					</p>
					<pre class="pre-scrollable">In file included from /home/ec2-user/arduino-testlib/cli-datadir/user/libraries/VivicoreSerial/VivicoreSerial.cpp:48:0:
/home/ec2-user/arduino-testlib/cli-datadir/user/libraries/Hello_Drum/src/EEPROM.h:25:10: fatal error: avr/eeprom.h: No such file or directory
 #include &lt;avr/eeprom.h&gt;
          ^~~~~~~~~~~~~~
compilation terminated.
Multiple libraries were found for &#34;EEPROM.h&#34;
  Used: /home/ec2-user/arduino-testlib/cli-datadir/user/libraries/Hello_Drum
  Not used: /home/ec2-user/arduino-testlib/cli-datadir/user/libraries/arduino-NVM
</pre>
					
					<h4>examples/05_rotator</h4>
					<p>
						Result: <b>FAIL</b>
					</p>
					<pre class="pre-scrollable">In file included from /home/ec2-user/arduino-testlib/cli-datadir/user/libraries/VivicoreSerial/VivicoreSerial.cpp:48:0:
/home/ec2-user/arduino-testlib/cli-datadir/user/libraries/Hello_Drum/src/EEPROM.h:25:10: fatal error: avr/eeprom.h: No such file or directory
 #include &lt;avr/eeprom.h&gt;
          ^~~~~~~~~~~~~~
compilation terminated.
Multiple libraries were found for &#34;EEPROM.h&#34;
  Used: /home/ec2-user/arduino-testlib/cli-datadir/user/libraries/Hello_Drum
  Not used: /home/ec2-user/arduino-testlib/cli-datadir/user/libraries/arduino-NVM
</pre>
					
					<h4>examples/06_slider</h4>
					<p>
						Result: <b>FAIL</b>
					</p>
					<pre class="pre-scrollable">In file included from /home/ec2-user/arduino-testlib/cli-datadir/user/libraries/VivicoreSerial/VivicoreSerial.cpp:48:0:
/home/ec2-user/arduino-testlib/cli-datadir/user/libraries/Hello_Drum/src/EEPROM.h:25:10: fatal error: avr/eeprom.h: No such file or directory
 #include &lt;avr/eeprom.h&gt;
          ^~~~~~~~~~~~~~
compilation terminated.
Multiple libraries were found for &#34;EEPROM.h&#34;
  Used: /home/ec2-user/arduino-testlib/cli-datadir/user/libraries/Hello_Drum
  Not used: /home/ec2-user/arduino-testlib/cli-datadir/user/libraries/arduino-NVM
</pre>
					
					<h4>examples/07_measure</h4>
					<p>
						Result: <b>FAIL</b>
					</p>
					<pre class="pre-scrollable">In file included from /home/ec2-user/arduino-testlib/cli-datadir/user/libraries/VivicoreSerial/VivicoreSerial.cpp:48:0:
/home/ec2-user/arduino-testlib/cli-datadir/user/libraries/Hello_Drum/src/EEPROM.h:25:10: fatal error: avr/eeprom.h: No such file or directory
 #include &lt;avr/eeprom.h&gt;
          ^~~~~~~~~~~~~~
compilation terminated.
Multiple libraries were found for &#34;EEPROM.h&#34;
  Used: /home/ec2-user/arduino-testlib/cli-datadir/user/libraries/Hello_Drum
  Not used: /home/ec2-user/arduino-testlib/cli-datadir/user/libraries/arduino-NVM
</pre>
					
					<h4>examples/08_motion</h4>
					<p>
						Result: <b>FAIL</b>
					</p>
					<pre class="pre-scrollable">/home/ec2-user/arduino-testlib/cli-datadir/user/libraries/VivicoreSerial/examples/08_motion/08_motion.ino:4:10: fatal error: lsm6ds3_reg.h: No such file or directory
 #include &#34;lsm6ds3_reg.h&#34;
          ^~~~~~~~~~~~~~~
compilation terminated.

</pre>
					
					<h4>examples/09_message_board</h4>
					<p>
						Result: <b>FAIL</b>
					</p>
					<pre class="pre-scrollable">/home/ec2-user/arduino-testlib/cli-datadir/user/libraries/VivicoreSerial/examples/09_message_board/09_message_board.ino:4:10: fatal error: misakiUTF16.h: No such file or directory
 #include &lt;misakiUTF16.h&gt;
          ^~~~~~~~~~~~~~~
compilation terminated.

</pre>
					
					<h4>examples/0A_color_picker</h4>
					<p>
						Result: <b>FAIL</b>
					</p>
					<pre class="pre-scrollable">In file included from /home/ec2-user/arduino-testlib/cli-datadir/user/libraries/VivicoreSerial/VivicoreSerial.cpp:48:0:
/home/ec2-user/arduino-testlib/cli-datadir/user/libraries/Hello_Drum/src/EEPROM.h:25:10: fatal error: avr/eeprom.h: No such file or directory
 #include &lt;avr/eeprom.h&gt;
          ^~~~~~~~~~~~~~
compilation terminated.
Multiple libraries were found for &#34;EEPROM.h&#34;
  Used: /home/ec2-user/arduino-testlib/cli-datadir/user/libraries/Hello_Drum
  Not used: /home/ec2-user/arduino-testlib/cli-datadir/user/libraries/arduino-NVM
</pre>
					
					<h4>examples/0B_led</h4>
					<p>
						Result: <b>FAIL</b>
					</p>
					<pre class="pre-scrollable">In file included from /home/ec2-user/arduino-testlib/cli-datadir/user/libraries/VivicoreSerial/VivicoreSerial.cpp:48:0:
/home/ec2-user/arduino-testlib/cli-datadir/user/libraries/Hello_Drum/src/EEPROM.h:25:10: fatal error: avr/eeprom.h: No such file or directory
 #include &lt;avr/eeprom.h&gt;
          ^~~~~~~~~~~~~~
compilation terminated.
Multiple libraries were found for &#34;EEPROM.h&#34;
  Used: /home/ec2-user/arduino-testlib/cli-datadir/user/libraries/Hello_Drum
  Not used: /home/ec2-user/arduino-testlib/cli-datadir/user/libraries/arduino-NVM
</pre>
					
				
				<h3 id="esp32:esp32:d1_mini32">esp32:esp32:d1_mini32 @ 1.0.6</h3>
				<h4>Inclusion</h4>
				<p>
					Result: <b>FAIL</b>
					
				</p>
				<pre class="pre-scrollable">/home/ec2-user/arduino-testlib/cli-datadir/user/libraries/VivicoreSerial/VivicoreSerial.cpp:49:21: fatal error: avr/wdt.h: No such file or directory
compilation terminated.
Multiple libraries were found for &#34;EEPROM.h&#34;
  Used: /home/ec2-user/arduino-testlib/cli-datadir/data/packages/esp32/hardware/esp32/1.0.6/libraries/EEPROM
  Not used: /home/ec2-user/arduino-testlib/cli-datadir/user/libraries/arduino-NVM
  Not used: /home/ec2-user/arduino-testlib/cli-datadir/user/libraries/Hello_Drum
</pre>

					
					<h4>examples/01_servo</h4>
					<p>
						Result: <b>FAIL</b>
					</p>
					<pre class="pre-scrollable">/home/ec2-user/arduino-testlib/cli-datadir/user/libraries/VivicoreSerial/VivicoreSerial.cpp:49:21: fatal error: avr/wdt.h: No such file or directory
compilation terminated.
Multiple libraries were found for &#34;EEPROM.h&#34;
  Used: /home/ec2-user/arduino-testlib/cli-datadir/data/packages/esp32/hardware/esp32/1.0.6/libraries/EEPROM
  Not used: /home/ec2-user/arduino-testlib/cli-datadir/user/libraries/Hello_Drum
  Not used: /home/ec2-user/arduino-testlib/cli-datadir/user/libraries/arduino-NVM
</pre>
					
					<h4>examples/02_motor</h4>
					<p>
						Result: <b>FAIL</b>
					</p>
					<pre class="pre-scrollable">/home/ec2-user/arduino-testlib/cli-datadir/user/libraries/VivicoreSerial/VivicoreSerial.cpp:49:21: fatal error: avr/wdt.h: No such file or directory
compilation terminated.
Multiple libraries were found for &#34;EEPROM.h&#34;
  Used: /home/ec2-user/arduino-testlib/cli-datadir/data/packages/esp32/hardware/esp32/1.0.6/libraries/EEPROM
  Not used: /home/ec2-user/arduino-testlib/cli-datadir/user/libraries/arduino-NVM
  Not used: /home/ec2-user/arduino-testlib/cli-datadir/user/libraries/Hello_Drum
</pre>
					
					<h4>examples/03_joystick</h4>
					<p>
						Result: <b>FAIL</b>
					</p>
					<pre class="pre-scrollable">/home/ec2-user/arduino-testlib/cli-datadir/user/libraries/VivicoreSerial/VivicoreSerial.cpp:49:21: fatal error: avr/wdt.h: No such file or directory
compilation terminated.
Multiple libraries were found for &#34;EEPROM.h&#34;
  Used: /home/ec2-user/arduino-testlib/cli-datadir/data/packages/esp32/hardware/esp32/1.0.6/libraries/EEPROM
  Not used: /home/ec2-user/arduino-testlib/cli-datadir/user/libraries/arduino-NVM
  Not used: /home/ec2-user/arduino-testlib/cli-datadir/user/libraries/Hello_Drum
</pre>
					
					<h4>examples/04_button</h4>
					<p>
						Result: <b>FAIL</b>
					</p>
					<pre class="pre-scrollable">/home/ec2-user/arduino-testlib/cli-datadir/user/libraries/VivicoreSerial/VivicoreSerial.cpp:49:21: fatal error: avr/wdt.h: No such file or directory
compilation terminated.
Multiple libraries were found for &#34;EEPROM.h&#34;
  Used: /home/ec2-user/arduino-testlib/cli-datadir/data/packages/esp32/hardware/esp32/1.0.6/libraries/EEPROM
  Not used: /home/ec2-user/arduino-testlib/cli-datadir/user/libraries/Hello_Drum
  Not used: /home/ec2-user/arduino-testlib/cli-datadir/user/libraries/arduino-NVM
</pre>
					
					<h4>examples/05_rotator</h4>
					<p>
						Result: <b>FAIL</b>
					</p>
					<pre class="pre-scrollable">/home/ec2-user/arduino-testlib/cli-datadir/user/libraries/VivicoreSerial/VivicoreSerial.cpp:49:21: fatal error: avr/wdt.h: No such file or directory
compilation terminated.
Multiple libraries were found for &#34;EEPROM.h&#34;
  Used: /home/ec2-user/arduino-testlib/cli-datadir/data/packages/esp32/hardware/esp32/1.0.6/libraries/EEPROM
  Not used: /home/ec2-user/arduino-testlib/cli-datadir/user/libraries/arduino-NVM
  Not used: /home/ec2-user/arduino-testlib/cli-datadir/user/libraries/Hello_Drum
</pre>
					
					<h4>examples/06_slider</h4>
					<p>
						Result: <b>FAIL</b>
					</p>
					<pre class="pre-scrollable">/home/ec2-user/arduino-testlib/cli-datadir/user/libraries/VivicoreSerial/VivicoreSerial.cpp:49:21: fatal error: avr/wdt.h: No such file or directory
compilation terminated.
Multiple libraries were found for &#34;EEPROM.h&#34;
  Used: /home/ec2-user/arduino-testlib/cli-datadir/data/packages/esp32/hardware/esp32/1.0.6/libraries/EEPROM
  Not used: /home/ec2-user/arduino-testlib/cli-datadir/user/libraries/arduino-NVM
  Not used: /home/ec2-user/arduino-testlib/cli-datadir/user/libraries/Hello_Drum
</pre>
					
					<h4>examples/07_measure</h4>
					<p>
						Result: <b>FAIL</b>
					</p>
					<pre class="pre-scrollable">/home/ec2-user/arduino-testlib/cli-datadir/user/libraries/VivicoreSerial/VivicoreSerial.cpp:49:21: fatal error: avr/wdt.h: No such file or directory
compilation terminated.
Multiple libraries were found for &#34;EEPROM.h&#34;
  Used: /home/ec2-user/arduino-testlib/cli-datadir/data/packages/esp32/hardware/esp32/1.0.6/libraries/EEPROM
  Not used: /home/ec2-user/arduino-testlib/cli-datadir/user/libraries/arduino-NVM
  Not used: /home/ec2-user/arduino-testlib/cli-datadir/user/libraries/Hello_Drum
</pre>
					
					<h4>examples/08_motion</h4>
					<p>
						Result: <b>FAIL</b>
					</p>
					<pre class="pre-scrollable">/home/ec2-user/arduino-testlib/cli-datadir/user/libraries/VivicoreSerial/examples/08_motion/08_motion.ino:4:25: fatal error: lsm6ds3_reg.h: No such file or directory
compilation terminated.

</pre>
					
					<h4>examples/09_message_board</h4>
					<p>
						Result: <b>FAIL</b>
					</p>
					<pre class="pre-scrollable">/home/ec2-user/arduino-testlib/cli-datadir/user/libraries/VivicoreSerial/examples/09_message_board/09_message_board.ino:4:25: fatal error: misakiUTF16.h: No such file or directory
compilation terminated.

</pre>
					
					<h4>examples/0A_color_picker</h4>
					<p>
						Result: <b>FAIL</b>
					</p>
					<pre class="pre-scrollable">/home/ec2-user/arduino-testlib/cli-datadir/user/libraries/VivicoreSerial/VivicoreSerial.cpp:49:21: fatal error: avr/wdt.h: No such file or directory
compilation terminated.
Multiple libraries were found for &#34;EEPROM.h&#34;
  Used: /home/ec2-user/arduino-testlib/cli-datadir/data/packages/esp32/hardware/esp32/1.0.6/libraries/EEPROM
  Not used: /home/ec2-user/arduino-testlib/cli-datadir/user/libraries/Hello_Drum
  Not used: /home/ec2-user/arduino-testlib/cli-datadir/user/libraries/arduino-NVM
</pre>
					
					<h4>examples/0B_led</h4>
					<p>
						Result: <b>FAIL</b>
					</p>
					<pre class="pre-scrollable">/home/ec2-user/arduino-testlib/cli-datadir/user/libraries/VivicoreSerial/VivicoreSerial.cpp:49:21: fatal error: avr/wdt.h: No such file or directory
compilation terminated.
Multiple libraries were found for &#34;EEPROM.h&#34;
  Used: /home/ec2-user/arduino-testlib/cli-datadir/data/packages/esp32/hardware/esp32/1.0.6/libraries/EEPROM
  Not used: /home/ec2-user/arduino-testlib/cli-datadir/user/libraries/Hello_Drum
  Not used: /home/ec2-user/arduino-testlib/cli-datadir/user/libraries/arduino-NVM
</pre>
					
				
			</div>
		</div>
	</div>
  </body>
</html>
