
<!doctype html>
<html lang="en">
  <head>
    <meta charset="utf-8">
    <meta name="viewport" content="width=device-width, initial-scale=1">
    <link href="https://cdn.jsdelivr.net/npm/bootstrap@5.0.2/dist/css/bootstrap.min.css" rel="stylesheet" integrity="sha384-EVSTQN3/azprG1Anm3QDgpJLIm9Nao0Yz1ztcQTwFspd3yD65VohhpuuCOmLASjC" crossorigin="anonymous">
    <title>arduino-testlib report</title>
	<style>
	.pass { background-color: #00FF00 !important; }
	.fail { background-color: #FF0000 !important; }
	</style>
  </head>
  <body>
	<div class="container">
		<div class="row">
			<div class="col">
				<h1>VNCL4020C-Arduino - compatibility matrix</h1>
				<p>
					<small>This report was generated on Monday, 21-Feb-22 12:00:25 CET using 
					<a href="https://github.com/alranel/arduino-testlib">arduino-testlib</a>.</small>
				</p>

				<h2>VNCL4020C-Arduino</h2>
				<p>
					Version: <b>1.0.0</b>
					<br />
					<a href="https://www.arduino.cc/reference/en/libraries/vncl4020c-arduino/">More details</a>
				</p>

				<h2>Compatibility matrix</h2>
				<table class="table table-bordered">
					<tr>
						<th>Board</th>
						<th>Claims compatibility</th>
						<th>Inclusion</th>
						
						<th><pre>Plot-Interrupt</pre></th>
						
						<th><pre>Plot-Poll</pre></th>
						
						<th><pre>Print-Interrupt</pre></th>
						
						<th><pre>Print-Poll</pre></th>
						
					</tr>
					
					<tr>
						<td>
							<a href="#arduino%3aavr%3auno"><b>arduino:avr:uno</b></a>
							<br />
							<small>1.8.4</small>
						</td>

						
							<td>Yes</td>
							<td class="pass">PASS</td>
						
						
						
						

						
							
								
									
										
											
											<td class="fail">FAIL</td>
										
									
										
									
										
									
										
									
								
							
								
							
								
							
								
							
								
							
						
							
								
									
										
									
										
											
											<td class="fail">FAIL</td>
										
									
										
									
										
									
								
							
								
							
								
							
								
							
								
							
						
							
								
									
										
									
										
									
										
											
											<td class="fail">FAIL</td>
										
									
										
									
								
							
								
							
								
							
								
							
								
							
						
							
								
									
										
									
										
									
										
									
										
											
											<td class="fail">FAIL</td>
										
									
								
							
								
							
								
							
								
							
								
							
						
					</tr>
					
					<tr>
						<td>
							<a href="#arduino%3ambed_nano%3ananorp2040connect"><b>arduino:mbed_nano:nanorp2040connect</b></a>
							<br />
							<small>2.7.2</small>
						</td>

						
							<td>Yes</td>
							<td class="pass">PASS</td>
						
						
						
						

						
							
								
							
								
									
										
											
											<td class="fail">FAIL</td>
										
									
										
									
										
									
										
									
								
							
								
							
								
							
								
							
						
							
								
							
								
									
										
									
										
											
											<td class="fail">FAIL</td>
										
									
										
									
										
									
								
							
								
							
								
							
								
							
						
							
								
							
								
									
										
									
										
									
										
											
											<td class="fail">FAIL</td>
										
									
										
									
								
							
								
							
								
							
								
							
						
							
								
							
								
									
										
									
										
									
										
									
										
											
											<td class="fail">FAIL</td>
										
									
								
							
								
							
								
							
								
							
						
					</tr>
					
					<tr>
						<td>
							<a href="#arduino%3amegaavr%3anona4809"><b>arduino:megaavr:nona4809</b></a>
							<br />
							<small>1.8.7</small>
						</td>

						
							<td>Yes</td>
							<td class="pass">PASS</td>
						
						
						
						

						
							
								
							
								
							
								
									
										
											
											<td class="fail">FAIL</td>
										
									
										
									
										
									
										
									
								
							
								
							
								
							
						
							
								
							
								
							
								
									
										
									
										
											
											<td class="fail">FAIL</td>
										
									
										
									
										
									
								
							
								
							
								
							
						
							
								
							
								
							
								
									
										
									
										
									
										
											
											<td class="fail">FAIL</td>
										
									
										
									
								
							
								
							
								
							
						
							
								
							
								
							
								
									
										
									
										
									
										
									
										
											
											<td class="fail">FAIL</td>
										
									
								
							
								
							
								
							
						
					</tr>
					
					<tr>
						<td>
							<a href="#arduino%3asamd%3amkrwifi1010"><b>arduino:samd:mkrwifi1010</b></a>
							<br />
							<small>1.8.12</small>
						</td>

						
							<td>Yes</td>
							<td class="pass">PASS</td>
						
						
						
						

						
							
								
							
								
							
								
							
								
									
										
											
											<td class="fail">FAIL</td>
										
									
										
									
										
									
										
									
								
							
								
							
						
							
								
							
								
							
								
							
								
									
										
									
										
											
											<td class="fail">FAIL</td>
										
									
										
									
										
									
								
							
								
							
						
							
								
							
								
							
								
							
								
									
										
									
										
									
										
											
											<td class="fail">FAIL</td>
										
									
										
									
								
							
								
							
						
							
								
							
								
							
								
							
								
									
										
									
										
									
										
									
										
											
											<td class="fail">FAIL</td>
										
									
								
							
								
							
						
					</tr>
					
					<tr>
						<td>
							<a href="#esp32%3aesp32%3ad1_mini32"><b>esp32:esp32:d1_mini32</b></a>
							<br />
							<small>1.0.6</small>
						</td>

						
							<td>Yes</td>
							<td class="pass">PASS</td>
						
						
						
						

						
							
								
							
								
							
								
							
								
							
								
									
										
											<td class="pass">PASS</td>
											
										
									
										
									
										
									
										
									
								
							
						
							
								
							
								
							
								
							
								
							
								
									
										
									
										
											<td class="pass">PASS</td>
											
										
									
										
									
										
									
								
							
						
							
								
							
								
							
								
							
								
							
								
									
										
									
										
									
										
											<td class="pass">PASS</td>
											
										
									
										
									
								
							
						
							
								
							
								
							
								
							
								
							
								
									
										
									
										
									
										
									
										
											<td class="pass">PASS</td>
											
										
									
								
							
						
					</tr>
					
				</table>

				<h2>Compilation logs</h2>
				
				<h3 id="arduino:avr:uno">arduino:avr:uno @ 1.8.4</h3>
				<h4>Inclusion</h4>
				<p>
					Result: <b>PASS</b>
					
				</p>
				<pre class="pre-scrollable">Sketch uses 1820 bytes (5%) of program storage space. Maximum is 32256 bytes.
Global variables use 126 bytes (6%) of dynamic memory, leaving 1922 bytes for local variables. Maximum is 2048 bytes.
</pre>

					
					<h4>examples/Plot-Interrupt</h4>
					<p>
						Result: <b>FAIL</b>
					</p>
					<pre class="pre-scrollable">/home/ec2-user/arduino-testlib/cli-datadir/user/libraries/VNCL4020C-Arduino/examples/Plot-Interrupt/Plot-Interrupt.ino: In function &#39;void loop()&#39;:
/home/ec2-user/arduino-testlib/cli-datadir/user/libraries/VNCL4020C-Arduino/examples/Plot-Interrupt/Plot-Interrupt.ino:60:11: error: &#39;class HardwareSerial&#39; has no member named &#39;printf&#39;; did you mean &#39;print&#39;?
    Serial.printf(&#34;%d\n&#34;, bioVal);
           ^~~~~~
           print

</pre>
					
					<h4>examples/Plot-Poll</h4>
					<p>
						Result: <b>FAIL</b>
					</p>
					<pre class="pre-scrollable">/home/ec2-user/arduino-testlib/cli-datadir/user/libraries/VNCL4020C-Arduino/examples/Plot-Poll/Plot-Poll.ino: In function &#39;void loop()&#39;:
/home/ec2-user/arduino-testlib/cli-datadir/user/libraries/VNCL4020C-Arduino/examples/Plot-Poll/Plot-Poll.ino:55:10: error: &#39;class HardwareSerial&#39; has no member named &#39;printf&#39;; did you mean &#39;print&#39;?
   Serial.printf(&#34;%d\n&#34;, bioVal);
          ^~~~~~
          print

</pre>
					
					<h4>examples/Print-Interrupt</h4>
					<p>
						Result: <b>FAIL</b>
					</p>
					<pre class="pre-scrollable">/home/ec2-user/arduino-testlib/cli-datadir/user/libraries/VNCL4020C-Arduino/examples/Print-Interrupt/Print-Interrupt.ino: In function &#39;void setup()&#39;:
/home/ec2-user/arduino-testlib/cli-datadir/user/libraries/VNCL4020C-Arduino/examples/Print-Interrupt/Print-Interrupt.ino:57:10: error: &#39;class HardwareSerial&#39; has no member named &#39;printf&#39;; did you mean &#39;print&#39;?
   Serial.printf(&#34;Got DevID %d, RevID %d\n&#34;, regVal1, regVal2);
          ^~~~~~
          print
/home/ec2-user/arduino-testlib/cli-datadir/user/libraries/VNCL4020C-Arduino/examples/Print-Interrupt/Print-Interrupt.ino:67:10: error: &#39;class HardwareSerial&#39; has no member named &#39;printf&#39;; did you mean &#39;print&#39;?
   Serial.printf(&#34;Self timed measures %s\n&#34;, ((regVal1 &amp; SELF_TIMED_EN) == SELF_TIMED_EN ? &#34;enabled&#34; : &#34;disabled&#34;));
          ^~~~~~
          print
/home/ec2-user/arduino-testlib/cli-datadir/user/libraries/VNCL4020C-Arduino/examples/Print-Interrupt/Print-Interrupt.ino:68:10: error: &#39;class HardwareSerial&#39; has no member named &#39;printf&#39;; did you mean &#39;print&#39;?
   Serial.printf(&#34;Continuous bio measurement %s\n&#34;, ((regVal1 &amp; PER_BIO_MEAS_EN) == PER_BIO_MEAS_EN ? &#34;active&#34; : &#34;inactive&#34;));
          ^~~~~~
          print
/home/ec2-user/arduino-testlib/cli-datadir/user/libraries/VNCL4020C-Arduino/examples/Print-Interrupt/Print-Interrupt.ino:69:10: error: &#39;class HardwareSerial&#39; has no member named &#39;printf&#39;; did you mean &#39;print&#39;?
   Serial.printf(&#34;Continuous als measurement %s\n&#34;, ((regVal1 &amp; PER_ALS_MEAS_EN) == PER_ALS_MEAS_EN ? &#34;active&#34; : &#34;inactive&#34;));
          ^~~~~~
          print
/home/ec2-user/arduino-testlib/cli-datadir/user/libraries/VNCL4020C-Arduino/examples/Print-Interrupt/Print-Interrupt.ino:70:10: error: &#39;class HardwareSerial&#39; has no member named &#39;printf&#39;; did you mean &#39;print&#39;?
   Serial.printf(&#34;Single bio measurement %s\n&#34;, ((regVal1 &amp; START_BIO_MES) == START_BIO_MES ? &#34;active&#34; : &#34;inactive&#34;));
          ^~~~~~
          print
/home/ec2-user/arduino-testlib/cli-datadir/user/libraries/VNCL4020C-Arduino/examples/Print-Interrupt/Print-Interrupt.ino:71:10: error: &#39;class HardwareSerial&#39; has no member named &#39;printf&#39;; did you mean &#39;print&#39;?
   Serial.printf(&#34;Single als measurement %s\n&#34;, ((regVal1 &amp; START_ALS_MES) == START_ALS_MES ? &#34;active&#34; : &#34;inactive&#34;));
          ^~~~~~
          print
/home/ec2-user/arduino-testlib/cli-datadir/user/libraries/VNCL4020C-Arduino/examples/Print-Interrupt/Print-Interrupt.ino:87:11: error: &#39;class HardwareSerial&#39; has no member named &#39;printf&#39;; did you mean &#39;print&#39;?
    Serial.printf(&#34;Bio sensor data rate is %s measures/s\n&#34;, sensRates[regVal1].c_str());
           ^~~~~~
           print
/home/ec2-user/arduino-testlib/cli-datadir/user/libraries/VNCL4020C-Arduino/examples/Print-Interrupt/Print-Interrupt.ino:98:10: error: &#39;class HardwareSerial&#39; has no member named &#39;printf&#39;; did you mean &#39;print&#39;?
   Serial.printf(&#34;LED current is %d mA\n&#34;, regVal1 * 10);
          ^~~~~~
          print
/home/ec2-user/arduino-testlib/cli-datadir/user/libraries/VNCL4020C-Arduino/examples/Print-Interrupt/Print-Interrupt.ino:110:10: error: &#39;class HardwareSerial&#39; has no member named &#39;printf&#39;; did you mean &#39;print&#39;?
   Serial.printf(&#34;ALS data rate %d samples/s\n&#34;, alsRates[regVal2]);
          ^~~~~~
          print
/home/ec2-user/arduino-testlib/cli-datadir/user/libraries/VNCL4020C-Arduino/examples/Print-Interrupt/Print-Interrupt.ino:111:10: error: &#39;class HardwareSerial&#39; has no member named &#39;printf&#39;; did you mean &#39;print&#39;?
   Serial.printf(&#34;Auto offset compensation is %s\n&#34;, ((regVal1 &amp; AUTO_COMP_ENA) == AUTO_COMP_ENA ? &#34;enabled&#34; : &#34;disabled&#34;));
          ^~~~~~
          print
/home/ec2-user/arduino-testlib/cli-datadir/user/libraries/VNCL4020C-Arduino/examples/Print-Interrupt/Print-Interrupt.ino:113:10: error: &#39;class HardwareSerial&#39; has no member named &#39;printf&#39;; did you mean &#39;print&#39;?
   Serial.printf(&#34;Averaging count is %d\n&#34;, pow(2, regVal2));
          ^~~~~~
          print
/home/ec2-user/arduino-testlib/cli-datadir/user/libraries/VNCL4020C-Arduino/examples/Print-Interrupt/Print-Interrupt.ino:127:3: error: &#39;time_t&#39; was not declared in this scope
   time_t startTimeout = millis();
   ^~~~~~
/home/ec2-user/arduino-testlib/cli-datadir/user/libraries/VNCL4020C-Arduino/examples/Print-Interrupt/Print-Interrupt.ino:127:3: note: suggested alternative: &#39;size_t&#39;
   time_t startTimeout = millis();
   ^~~~~~
   size_t
/home/ec2-user/arduino-testlib/cli-datadir/user/libraries/VNCL4020C-Arduino/examples/Print-Interrupt/Print-Interrupt.ino:130:22: error: &#39;startTimeout&#39; was not declared in this scope
   while ((millis() - startTimeout) &lt; 5000) // Stop polling after 5 seconds
                      ^~~~~~~~~~~~
/home/ec2-user/arduino-testlib/cli-datadir/user/libraries/VNCL4020C-Arduino/examples/Print-Interrupt/Print-Interrupt.ino:130:22: note: suggested alternative: &#39;waitTimeOut&#39;
   while ((millis() - startTimeout) &lt; 5000) // Stop polling after 5 seconds
                      ^~~~~~~~~~~~
                      waitTimeOut
/home/ec2-user/arduino-testlib/cli-datadir/user/libraries/VNCL4020C-Arduino/examples/Print-Interrupt/Print-Interrupt.ino:162:12: error: &#39;class HardwareSerial&#39; has no member named &#39;printf&#39;; did you mean &#39;print&#39;?
     Serial.printf(&#34;Got Bio value %d\n&#34;, regValL1);
            ^~~~~~
            print
/home/ec2-user/arduino-testlib/cli-datadir/user/libraries/VNCL4020C-Arduino/examples/Print-Interrupt/Print-Interrupt.ino:170:12: error: &#39;class HardwareSerial&#39; has no member named &#39;printf&#39;; did you mean &#39;print&#39;?
     Serial.printf(&#34;Got ALS value %d\n&#34;, regValL2);
            ^~~~~~
            print
/home/ec2-user/arduino-testlib/cli-datadir/user/libraries/VNCL4020C-Arduino/examples/Print-Interrupt/Print-Interrupt.ino: In function &#39;void loop()&#39;:
/home/ec2-user/arduino-testlib/cli-datadir/user/libraries/VNCL4020C-Arduino/examples/Print-Interrupt/Print-Interrupt.ino:204:11: error: &#39;class HardwareSerial&#39; has no member named &#39;printf&#39;; did you mean &#39;print&#39;?
    Serial.printf(&#34;Bio value %d Heartrate %d\n&#34;, bioVal, beatsPerMinute);
           ^~~~~~
           print
/home/ec2-user/arduino-testlib/cli-datadir/user/libraries/VNCL4020C-Arduino/examples/Print-Interrupt/Print-Interrupt.ino:208:11: error: &#39;class HardwareSerial&#39; has no member named &#39;printf&#39;; did you mean &#39;print&#39;?
    Serial.printf(&#34;ALS value %d\n&#34;, ppg1.getAlsValue());
           ^~~~~~
           print

</pre>
					
					<h4>examples/Print-Poll</h4>
					<p>
						Result: <b>FAIL</b>
					</p>
					<pre class="pre-scrollable">/home/ec2-user/arduino-testlib/cli-datadir/user/libraries/VNCL4020C-Arduino/examples/Print-Poll/Print-Poll.ino: In function &#39;void setup()&#39;:
/home/ec2-user/arduino-testlib/cli-datadir/user/libraries/VNCL4020C-Arduino/examples/Print-Poll/Print-Poll.ino:55:10: error: &#39;class HardwareSerial&#39; has no member named &#39;printf&#39;; did you mean &#39;print&#39;?
   Serial.printf(&#34;Got DevID %d, RevID %d\n&#34;, regVal1, regVal2);
          ^~~~~~
          print
/home/ec2-user/arduino-testlib/cli-datadir/user/libraries/VNCL4020C-Arduino/examples/Print-Poll/Print-Poll.ino:65:10: error: &#39;class HardwareSerial&#39; has no member named &#39;printf&#39;; did you mean &#39;print&#39;?
   Serial.printf(&#34;Self timed measures %s\n&#34;, ((regVal1 &amp; SELF_TIMED_EN) == SELF_TIMED_EN ? &#34;enabled&#34; : &#34;disabled&#34;));
          ^~~~~~
          print
/home/ec2-user/arduino-testlib/cli-datadir/user/libraries/VNCL4020C-Arduino/examples/Print-Poll/Print-Poll.ino:66:10: error: &#39;class HardwareSerial&#39; has no member named &#39;printf&#39;; did you mean &#39;print&#39;?
   Serial.printf(&#34;Continuous bio measurement %s\n&#34;, ((regVal1 &amp; PER_BIO_MEAS_EN) == PER_BIO_MEAS_EN ? &#34;active&#34; : &#34;inactive&#34;));
          ^~~~~~
          print
/home/ec2-user/arduino-testlib/cli-datadir/user/libraries/VNCL4020C-Arduino/examples/Print-Poll/Print-Poll.ino:67:10: error: &#39;class HardwareSerial&#39; has no member named &#39;printf&#39;; did you mean &#39;print&#39;?
   Serial.printf(&#34;Continuous als measurement %s\n&#34;, ((regVal1 &amp; PER_ALS_MEAS_EN) == PER_ALS_MEAS_EN ? &#34;active&#34; : &#34;inactive&#34;));
          ^~~~~~
          print
/home/ec2-user/arduino-testlib/cli-datadir/user/libraries/VNCL4020C-Arduino/examples/Print-Poll/Print-Poll.ino:68:10: error: &#39;class HardwareSerial&#39; has no member named &#39;printf&#39;; did you mean &#39;print&#39;?
   Serial.printf(&#34;Single bio measurement %s\n&#34;, ((regVal1 &amp; START_BIO_MES) == START_BIO_MES ? &#34;active&#34; : &#34;inactive&#34;));
          ^~~~~~
          print
/home/ec2-user/arduino-testlib/cli-datadir/user/libraries/VNCL4020C-Arduino/examples/Print-Poll/Print-Poll.ino:69:10: error: &#39;class HardwareSerial&#39; has no member named &#39;printf&#39;; did you mean &#39;print&#39;?
   Serial.printf(&#34;Single als measurement %s\n&#34;, ((regVal1 &amp; START_ALS_MES) == START_ALS_MES ? &#34;active&#34; : &#34;inactive&#34;));
          ^~~~~~
          print
/home/ec2-user/arduino-testlib/cli-datadir/user/libraries/VNCL4020C-Arduino/examples/Print-Poll/Print-Poll.ino:85:11: error: &#39;class HardwareSerial&#39; has no member named &#39;printf&#39;; did you mean &#39;print&#39;?
    Serial.printf(&#34;Bio sensor data rate is %s measures/s\n&#34;, sensRates[regVal1].c_str());
           ^~~~~~
           print
/home/ec2-user/arduino-testlib/cli-datadir/user/libraries/VNCL4020C-Arduino/examples/Print-Poll/Print-Poll.ino:96:10: error: &#39;class HardwareSerial&#39; has no member named &#39;printf&#39;; did you mean &#39;print&#39;?
   Serial.printf(&#34;LED current is %d mA\n&#34;, regVal1 * 10);
          ^~~~~~
          print
/home/ec2-user/arduino-testlib/cli-datadir/user/libraries/VNCL4020C-Arduino/examples/Print-Poll/Print-Poll.ino:108:10: error: &#39;class HardwareSerial&#39; has no member named &#39;printf&#39;; did you mean &#39;print&#39;?
   Serial.printf(&#34;ALS data rate %d samples/s\n&#34;, alsRates[regVal2]);
          ^~~~~~
          print
/home/ec2-user/arduino-testlib/cli-datadir/user/libraries/VNCL4020C-Arduino/examples/Print-Poll/Print-Poll.ino:109:10: error: &#39;class HardwareSerial&#39; has no member named &#39;printf&#39;; did you mean &#39;print&#39;?
   Serial.printf(&#34;Auto offset compensation is %s\n&#34;, ((regVal1 &amp; AUTO_COMP_ENA) == AUTO_COMP_ENA ? &#34;enabled&#34; : &#34;disabled&#34;));
          ^~~~~~
          print
/home/ec2-user/arduino-testlib/cli-datadir/user/libraries/VNCL4020C-Arduino/examples/Print-Poll/Print-Poll.ino:111:10: error: &#39;class HardwareSerial&#39; has no member named &#39;printf&#39;; did you mean &#39;print&#39;?
   Serial.printf(&#34;Averaging count is %d\n&#34;, pow(2, regVal2));
          ^~~~~~
          print
/home/ec2-user/arduino-testlib/cli-datadir/user/libraries/VNCL4020C-Arduino/examples/Print-Poll/Print-Poll.ino:125:3: error: &#39;time_t&#39; was not declared in this scope
   time_t startTimeout = millis();
   ^~~~~~
/home/ec2-user/arduino-testlib/cli-datadir/user/libraries/VNCL4020C-Arduino/examples/Print-Poll/Print-Poll.ino:125:3: note: suggested alternative: &#39;size_t&#39;
   time_t startTimeout = millis();
   ^~~~~~
   size_t
/home/ec2-user/arduino-testlib/cli-datadir/user/libraries/VNCL4020C-Arduino/examples/Print-Poll/Print-Poll.ino:128:22: error: &#39;startTimeout&#39; was not declared in this scope
   while ((millis() - startTimeout) &lt; 5000) // Stop polling after 5 seconds
                      ^~~~~~~~~~~~
/home/ec2-user/arduino-testlib/cli-datadir/user/libraries/VNCL4020C-Arduino/examples/Print-Poll/Print-Poll.ino:128:22: note: suggested alternative: &#39;waitTimeOut&#39;
   while ((millis() - startTimeout) &lt; 5000) // Stop polling after 5 seconds
                      ^~~~~~~~~~~~
                      waitTimeOut
/home/ec2-user/arduino-testlib/cli-datadir/user/libraries/VNCL4020C-Arduino/examples/Print-Poll/Print-Poll.ino:160:12: error: &#39;class HardwareSerial&#39; has no member named &#39;printf&#39;; did you mean &#39;print&#39;?
     Serial.printf(&#34;Got Bio value %d\n&#34;, regValL1);
            ^~~~~~
            print
/home/ec2-user/arduino-testlib/cli-datadir/user/libraries/VNCL4020C-Arduino/examples/Print-Poll/Print-Poll.ino:168:12: error: &#39;class HardwareSerial&#39; has no member named &#39;printf&#39;; did you mean &#39;print&#39;?
     Serial.printf(&#34;Got ALS value %d\n&#34;, regValL2);
            ^~~~~~
            print
/home/ec2-user/arduino-testlib/cli-datadir/user/libraries/VNCL4020C-Arduino/examples/Print-Poll/Print-Poll.ino: In function &#39;void loop()&#39;:
/home/ec2-user/arduino-testlib/cli-datadir/user/libraries/VNCL4020C-Arduino/examples/Print-Poll/Print-Poll.ino:197:10: error: &#39;class HardwareSerial&#39; has no member named &#39;printf&#39;; did you mean &#39;print&#39;?
   Serial.printf(&#34;Bio value %d Heartrate %d\n&#34;, bioVal, beatsPerMinute);
          ^~~~~~
          print

</pre>
					
				
				<h3 id="arduino:mbed_nano:nanorp2040connect">arduino:mbed_nano:nanorp2040connect @ 2.7.2</h3>
				<h4>Inclusion</h4>
				<p>
					Result: <b>PASS</b>
					
				</p>
				<pre class="pre-scrollable">Sketch uses 81706 bytes (0%) of program storage space. Maximum is 16777216 bytes.
Global variables use 44220 bytes (16%) of dynamic memory, leaving 226116 bytes for local variables. Maximum is 270336 bytes.
</pre>

					
					<h4>examples/Plot-Interrupt</h4>
					<p>
						Result: <b>FAIL</b>
					</p>
					<pre class="pre-scrollable">/home/ec2-user/arduino-testlib/cli-datadir/user/libraries/VNCL4020C-Arduino/examples/Plot-Interrupt/Plot-Interrupt.ino: In function &#39;void loop()&#39;:
/home/ec2-user/arduino-testlib/cli-datadir/user/libraries/VNCL4020C-Arduino/examples/Plot-Interrupt/Plot-Interrupt.ino:60:11: error: &#39;class arduino::UART&#39; has no member named &#39;printf&#39;; did you mean &#39;print&#39;?
    Serial.printf(&#34;%d\n&#34;, bioVal);
           ^~~~~~
           print

</pre>
					
					<h4>examples/Plot-Poll</h4>
					<p>
						Result: <b>FAIL</b>
					</p>
					<pre class="pre-scrollable">/home/ec2-user/arduino-testlib/cli-datadir/user/libraries/VNCL4020C-Arduino/examples/Plot-Poll/Plot-Poll.ino: In function &#39;void loop()&#39;:
/home/ec2-user/arduino-testlib/cli-datadir/user/libraries/VNCL4020C-Arduino/examples/Plot-Poll/Plot-Poll.ino:55:10: error: &#39;class arduino::UART&#39; has no member named &#39;printf&#39;; did you mean &#39;print&#39;?
   Serial.printf(&#34;%d\n&#34;, bioVal);
          ^~~~~~
          print

</pre>
					
					<h4>examples/Print-Interrupt</h4>
					<p>
						Result: <b>FAIL</b>
					</p>
					<pre class="pre-scrollable">/home/ec2-user/arduino-testlib/cli-datadir/user/libraries/VNCL4020C-Arduino/examples/Print-Interrupt/Print-Interrupt.ino: In function &#39;void setup()&#39;:
/home/ec2-user/arduino-testlib/cli-datadir/user/libraries/VNCL4020C-Arduino/examples/Print-Interrupt/Print-Interrupt.ino:57:10: error: &#39;class arduino::UART&#39; has no member named &#39;printf&#39;; did you mean &#39;print&#39;?
   Serial.printf(&#34;Got DevID %d, RevID %d\n&#34;, regVal1, regVal2);
          ^~~~~~
          print
/home/ec2-user/arduino-testlib/cli-datadir/user/libraries/VNCL4020C-Arduino/examples/Print-Interrupt/Print-Interrupt.ino:67:10: error: &#39;class arduino::UART&#39; has no member named &#39;printf&#39;; did you mean &#39;print&#39;?
   Serial.printf(&#34;Self timed measures %s\n&#34;, ((regVal1 &amp; SELF_TIMED_EN) == SELF_TIMED_EN ? &#34;enabled&#34; : &#34;disabled&#34;));
          ^~~~~~
          print
/home/ec2-user/arduino-testlib/cli-datadir/user/libraries/VNCL4020C-Arduino/examples/Print-Interrupt/Print-Interrupt.ino:68:10: error: &#39;class arduino::UART&#39; has no member named &#39;printf&#39;; did you mean &#39;print&#39;?
   Serial.printf(&#34;Continuous bio measurement %s\n&#34;, ((regVal1 &amp; PER_BIO_MEAS_EN) == PER_BIO_MEAS_EN ? &#34;active&#34; : &#34;inactive&#34;));
          ^~~~~~
          print
/home/ec2-user/arduino-testlib/cli-datadir/user/libraries/VNCL4020C-Arduino/examples/Print-Interrupt/Print-Interrupt.ino:69:10: error: &#39;class arduino::UART&#39; has no member named &#39;printf&#39;; did you mean &#39;print&#39;?
   Serial.printf(&#34;Continuous als measurement %s\n&#34;, ((regVal1 &amp; PER_ALS_MEAS_EN) == PER_ALS_MEAS_EN ? &#34;active&#34; : &#34;inactive&#34;));
          ^~~~~~
          print
/home/ec2-user/arduino-testlib/cli-datadir/user/libraries/VNCL4020C-Arduino/examples/Print-Interrupt/Print-Interrupt.ino:70:10: error: &#39;class arduino::UART&#39; has no member named &#39;printf&#39;; did you mean &#39;print&#39;?
   Serial.printf(&#34;Single bio measurement %s\n&#34;, ((regVal1 &amp; START_BIO_MES) == START_BIO_MES ? &#34;active&#34; : &#34;inactive&#34;));
          ^~~~~~
          print
/home/ec2-user/arduino-testlib/cli-datadir/user/libraries/VNCL4020C-Arduino/examples/Print-Interrupt/Print-Interrupt.ino:71:10: error: &#39;class arduino::UART&#39; has no member named &#39;printf&#39;; did you mean &#39;print&#39;?
   Serial.printf(&#34;Single als measurement %s\n&#34;, ((regVal1 &amp; START_ALS_MES) == START_ALS_MES ? &#34;active&#34; : &#34;inactive&#34;));
          ^~~~~~
          print
/home/ec2-user/arduino-testlib/cli-datadir/user/libraries/VNCL4020C-Arduino/examples/Print-Interrupt/Print-Interrupt.ino:87:11: error: &#39;class arduino::UART&#39; has no member named &#39;printf&#39;; did you mean &#39;print&#39;?
    Serial.printf(&#34;Bio sensor data rate is %s measures/s\n&#34;, sensRates[regVal1].c_str());
           ^~~~~~
           print
/home/ec2-user/arduino-testlib/cli-datadir/user/libraries/VNCL4020C-Arduino/examples/Print-Interrupt/Print-Interrupt.ino:98:10: error: &#39;class arduino::UART&#39; has no member named &#39;printf&#39;; did you mean &#39;print&#39;?
   Serial.printf(&#34;LED current is %d mA\n&#34;, regVal1 * 10);
          ^~~~~~
          print
/home/ec2-user/arduino-testlib/cli-datadir/user/libraries/VNCL4020C-Arduino/examples/Print-Interrupt/Print-Interrupt.ino:110:10: error: &#39;class arduino::UART&#39; has no member named &#39;printf&#39;; did you mean &#39;print&#39;?
   Serial.printf(&#34;ALS data rate %d samples/s\n&#34;, alsRates[regVal2]);
          ^~~~~~
          print
/home/ec2-user/arduino-testlib/cli-datadir/user/libraries/VNCL4020C-Arduino/examples/Print-Interrupt/Print-Interrupt.ino:111:10: error: &#39;class arduino::UART&#39; has no member named &#39;printf&#39;; did you mean &#39;print&#39;?
   Serial.printf(&#34;Auto offset compensation is %s\n&#34;, ((regVal1 &amp; AUTO_COMP_ENA) == AUTO_COMP_ENA ? &#34;enabled&#34; : &#34;disabled&#34;));
          ^~~~~~
          print
/home/ec2-user/arduino-testlib/cli-datadir/user/libraries/VNCL4020C-Arduino/examples/Print-Interrupt/Print-Interrupt.ino:113:10: error: &#39;class arduino::UART&#39; has no member named &#39;printf&#39;; did you mean &#39;print&#39;?
   Serial.printf(&#34;Averaging count is %d\n&#34;, pow(2, regVal2));
          ^~~~~~
          print
/home/ec2-user/arduino-testlib/cli-datadir/user/libraries/VNCL4020C-Arduino/examples/Print-Interrupt/Print-Interrupt.ino:162:12: error: &#39;class arduino::UART&#39; has no member named &#39;printf&#39;; did you mean &#39;print&#39;?
     Serial.printf(&#34;Got Bio value %d\n&#34;, regValL1);
            ^~~~~~
            print
/home/ec2-user/arduino-testlib/cli-datadir/user/libraries/VNCL4020C-Arduino/examples/Print-Interrupt/Print-Interrupt.ino:170:12: error: &#39;class arduino::UART&#39; has no member named &#39;printf&#39;; did you mean &#39;print&#39;?
     Serial.printf(&#34;Got ALS value %d\n&#34;, regValL2);
            ^~~~~~
            print
/home/ec2-user/arduino-testlib/cli-datadir/user/libraries/VNCL4020C-Arduino/examples/Print-Interrupt/Print-Interrupt.ino: In function &#39;void loop()&#39;:
/home/ec2-user/arduino-testlib/cli-datadir/user/libraries/VNCL4020C-Arduino/examples/Print-Interrupt/Print-Interrupt.ino:204:11: error: &#39;class arduino::UART&#39; has no member named &#39;printf&#39;; did you mean &#39;print&#39;?
    Serial.printf(&#34;Bio value %d Heartrate %d\n&#34;, bioVal, beatsPerMinute);
           ^~~~~~
           print
/home/ec2-user/arduino-testlib/cli-datadir/user/libraries/VNCL4020C-Arduino/examples/Print-Interrupt/Print-Interrupt.ino:208:11: error: &#39;class arduino::UART&#39; has no member named &#39;printf&#39;; did you mean &#39;print&#39;?
    Serial.printf(&#34;ALS value %d\n&#34;, ppg1.getAlsValue());
           ^~~~~~
           print

</pre>
					
					<h4>examples/Print-Poll</h4>
					<p>
						Result: <b>FAIL</b>
					</p>
					<pre class="pre-scrollable">/home/ec2-user/arduino-testlib/cli-datadir/user/libraries/VNCL4020C-Arduino/examples/Print-Poll/Print-Poll.ino: In function &#39;void setup()&#39;:
/home/ec2-user/arduino-testlib/cli-datadir/user/libraries/VNCL4020C-Arduino/examples/Print-Poll/Print-Poll.ino:55:10: error: &#39;class arduino::UART&#39; has no member named &#39;printf&#39;; did you mean &#39;print&#39;?
   Serial.printf(&#34;Got DevID %d, RevID %d\n&#34;, regVal1, regVal2);
          ^~~~~~
          print
/home/ec2-user/arduino-testlib/cli-datadir/user/libraries/VNCL4020C-Arduino/examples/Print-Poll/Print-Poll.ino:65:10: error: &#39;class arduino::UART&#39; has no member named &#39;printf&#39;; did you mean &#39;print&#39;?
   Serial.printf(&#34;Self timed measures %s\n&#34;, ((regVal1 &amp; SELF_TIMED_EN) == SELF_TIMED_EN ? &#34;enabled&#34; : &#34;disabled&#34;));
          ^~~~~~
          print
/home/ec2-user/arduino-testlib/cli-datadir/user/libraries/VNCL4020C-Arduino/examples/Print-Poll/Print-Poll.ino:66:10: error: &#39;class arduino::UART&#39; has no member named &#39;printf&#39;; did you mean &#39;print&#39;?
   Serial.printf(&#34;Continuous bio measurement %s\n&#34;, ((regVal1 &amp; PER_BIO_MEAS_EN) == PER_BIO_MEAS_EN ? &#34;active&#34; : &#34;inactive&#34;));
          ^~~~~~
          print
/home/ec2-user/arduino-testlib/cli-datadir/user/libraries/VNCL4020C-Arduino/examples/Print-Poll/Print-Poll.ino:67:10: error: &#39;class arduino::UART&#39; has no member named &#39;printf&#39;; did you mean &#39;print&#39;?
   Serial.printf(&#34;Continuous als measurement %s\n&#34;, ((regVal1 &amp; PER_ALS_MEAS_EN) == PER_ALS_MEAS_EN ? &#34;active&#34; : &#34;inactive&#34;));
          ^~~~~~
          print
/home/ec2-user/arduino-testlib/cli-datadir/user/libraries/VNCL4020C-Arduino/examples/Print-Poll/Print-Poll.ino:68:10: error: &#39;class arduino::UART&#39; has no member named &#39;printf&#39;; did you mean &#39;print&#39;?
   Serial.printf(&#34;Single bio measurement %s\n&#34;, ((regVal1 &amp; START_BIO_MES) == START_BIO_MES ? &#34;active&#34; : &#34;inactive&#34;));
          ^~~~~~
          print
/home/ec2-user/arduino-testlib/cli-datadir/user/libraries/VNCL4020C-Arduino/examples/Print-Poll/Print-Poll.ino:69:10: error: &#39;class arduino::UART&#39; has no member named &#39;printf&#39;; did you mean &#39;print&#39;?
   Serial.printf(&#34;Single als measurement %s\n&#34;, ((regVal1 &amp; START_ALS_MES) == START_ALS_MES ? &#34;active&#34; : &#34;inactive&#34;));
          ^~~~~~
          print
/home/ec2-user/arduino-testlib/cli-datadir/user/libraries/VNCL4020C-Arduino/examples/Print-Poll/Print-Poll.ino:85:11: error: &#39;class arduino::UART&#39; has no member named &#39;printf&#39;; did you mean &#39;print&#39;?
    Serial.printf(&#34;Bio sensor data rate is %s measures/s\n&#34;, sensRates[regVal1].c_str());
           ^~~~~~
           print
/home/ec2-user/arduino-testlib/cli-datadir/user/libraries/VNCL4020C-Arduino/examples/Print-Poll/Print-Poll.ino:96:10: error: &#39;class arduino::UART&#39; has no member named &#39;printf&#39;; did you mean &#39;print&#39;?
   Serial.printf(&#34;LED current is %d mA\n&#34;, regVal1 * 10);
          ^~~~~~
          print
/home/ec2-user/arduino-testlib/cli-datadir/user/libraries/VNCL4020C-Arduino/examples/Print-Poll/Print-Poll.ino:108:10: error: &#39;class arduino::UART&#39; has no member named &#39;printf&#39;; did you mean &#39;print&#39;?
   Serial.printf(&#34;ALS data rate %d samples/s\n&#34;, alsRates[regVal2]);
          ^~~~~~
          print
/home/ec2-user/arduino-testlib/cli-datadir/user/libraries/VNCL4020C-Arduino/examples/Print-Poll/Print-Poll.ino:109:10: error: &#39;class arduino::UART&#39; has no member named &#39;printf&#39;; did you mean &#39;print&#39;?
   Serial.printf(&#34;Auto offset compensation is %s\n&#34;, ((regVal1 &amp; AUTO_COMP_ENA) == AUTO_COMP_ENA ? &#34;enabled&#34; : &#34;disabled&#34;));
          ^~~~~~
          print
/home/ec2-user/arduino-testlib/cli-datadir/user/libraries/VNCL4020C-Arduino/examples/Print-Poll/Print-Poll.ino:111:10: error: &#39;class arduino::UART&#39; has no member named &#39;printf&#39;; did you mean &#39;print&#39;?
   Serial.printf(&#34;Averaging count is %d\n&#34;, pow(2, regVal2));
          ^~~~~~
          print
/home/ec2-user/arduino-testlib/cli-datadir/user/libraries/VNCL4020C-Arduino/examples/Print-Poll/Print-Poll.ino:160:12: error: &#39;class arduino::UART&#39; has no member named &#39;printf&#39;; did you mean &#39;print&#39;?
     Serial.printf(&#34;Got Bio value %d\n&#34;, regValL1);
            ^~~~~~
            print
/home/ec2-user/arduino-testlib/cli-datadir/user/libraries/VNCL4020C-Arduino/examples/Print-Poll/Print-Poll.ino:168:12: error: &#39;class arduino::UART&#39; has no member named &#39;printf&#39;; did you mean &#39;print&#39;?
     Serial.printf(&#34;Got ALS value %d\n&#34;, regValL2);
            ^~~~~~
            print
/home/ec2-user/arduino-testlib/cli-datadir/user/libraries/VNCL4020C-Arduino/examples/Print-Poll/Print-Poll.ino: In function &#39;void loop()&#39;:
/home/ec2-user/arduino-testlib/cli-datadir/user/libraries/VNCL4020C-Arduino/examples/Print-Poll/Print-Poll.ino:197:10: error: &#39;class arduino::UART&#39; has no member named &#39;printf&#39;; did you mean &#39;print&#39;?
   Serial.printf(&#34;Bio value %d Heartrate %d\n&#34;, bioVal, beatsPerMinute);
          ^~~~~~
          print

</pre>
					
				
				<h3 id="arduino:megaavr:nona4809">arduino:megaavr:nona4809 @ 1.8.7</h3>
				<h4>Inclusion</h4>
				<p>
					Result: <b>PASS</b>
					
				</p>
				<pre class="pre-scrollable">Sketch uses 3656 bytes (7%) of program storage space. Maximum is 49152 bytes.
Global variables use 413 bytes (6%) of dynamic memory, leaving 5731 bytes for local variables. Maximum is 6144 bytes.
</pre>

					
					<h4>examples/Plot-Interrupt</h4>
					<p>
						Result: <b>FAIL</b>
					</p>
					<pre class="pre-scrollable">/home/ec2-user/arduino-testlib/cli-datadir/user/libraries/VNCL4020C-Arduino/examples/Plot-Interrupt/Plot-Interrupt.ino: In function &#39;void loop()&#39;:
/home/ec2-user/arduino-testlib/cli-datadir/user/libraries/VNCL4020C-Arduino/examples/Plot-Interrupt/Plot-Interrupt.ino:60:11: error: &#39;class UartClass&#39; has no member named &#39;printf&#39;; did you mean &#39;print&#39;?
    Serial.printf(&#34;%d\n&#34;, bioVal);
           ^~~~~~
           print

</pre>
					
					<h4>examples/Plot-Poll</h4>
					<p>
						Result: <b>FAIL</b>
					</p>
					<pre class="pre-scrollable">/home/ec2-user/arduino-testlib/cli-datadir/user/libraries/VNCL4020C-Arduino/examples/Plot-Poll/Plot-Poll.ino: In function &#39;void loop()&#39;:
/home/ec2-user/arduino-testlib/cli-datadir/user/libraries/VNCL4020C-Arduino/examples/Plot-Poll/Plot-Poll.ino:55:10: error: &#39;class UartClass&#39; has no member named &#39;printf&#39;; did you mean &#39;print&#39;?
   Serial.printf(&#34;%d\n&#34;, bioVal);
          ^~~~~~
          print

</pre>
					
					<h4>examples/Print-Interrupt</h4>
					<p>
						Result: <b>FAIL</b>
					</p>
					<pre class="pre-scrollable">/home/ec2-user/arduino-testlib/cli-datadir/user/libraries/VNCL4020C-Arduino/examples/Print-Interrupt/Print-Interrupt.ino: In function &#39;void setup()&#39;:
/home/ec2-user/arduino-testlib/cli-datadir/user/libraries/VNCL4020C-Arduino/examples/Print-Interrupt/Print-Interrupt.ino:57:10: error: &#39;class UartClass&#39; has no member named &#39;printf&#39;; did you mean &#39;print&#39;?
   Serial.printf(&#34;Got DevID %d, RevID %d\n&#34;, regVal1, regVal2);
          ^~~~~~
          print
/home/ec2-user/arduino-testlib/cli-datadir/user/libraries/VNCL4020C-Arduino/examples/Print-Interrupt/Print-Interrupt.ino:67:10: error: &#39;class UartClass&#39; has no member named &#39;printf&#39;; did you mean &#39;print&#39;?
   Serial.printf(&#34;Self timed measures %s\n&#34;, ((regVal1 &amp; SELF_TIMED_EN) == SELF_TIMED_EN ? &#34;enabled&#34; : &#34;disabled&#34;));
          ^~~~~~
          print
/home/ec2-user/arduino-testlib/cli-datadir/user/libraries/VNCL4020C-Arduino/examples/Print-Interrupt/Print-Interrupt.ino:68:10: error: &#39;class UartClass&#39; has no member named &#39;printf&#39;; did you mean &#39;print&#39;?
   Serial.printf(&#34;Continuous bio measurement %s\n&#34;, ((regVal1 &amp; PER_BIO_MEAS_EN) == PER_BIO_MEAS_EN ? &#34;active&#34; : &#34;inactive&#34;));
          ^~~~~~
          print
/home/ec2-user/arduino-testlib/cli-datadir/user/libraries/VNCL4020C-Arduino/examples/Print-Interrupt/Print-Interrupt.ino:69:10: error: &#39;class UartClass&#39; has no member named &#39;printf&#39;; did you mean &#39;print&#39;?
   Serial.printf(&#34;Continuous als measurement %s\n&#34;, ((regVal1 &amp; PER_ALS_MEAS_EN) == PER_ALS_MEAS_EN ? &#34;active&#34; : &#34;inactive&#34;));
          ^~~~~~
          print
/home/ec2-user/arduino-testlib/cli-datadir/user/libraries/VNCL4020C-Arduino/examples/Print-Interrupt/Print-Interrupt.ino:70:10: error: &#39;class UartClass&#39; has no member named &#39;printf&#39;; did you mean &#39;print&#39;?
   Serial.printf(&#34;Single bio measurement %s\n&#34;, ((regVal1 &amp; START_BIO_MES) == START_BIO_MES ? &#34;active&#34; : &#34;inactive&#34;));
          ^~~~~~
          print
/home/ec2-user/arduino-testlib/cli-datadir/user/libraries/VNCL4020C-Arduino/examples/Print-Interrupt/Print-Interrupt.ino:71:10: error: &#39;class UartClass&#39; has no member named &#39;printf&#39;; did you mean &#39;print&#39;?
   Serial.printf(&#34;Single als measurement %s\n&#34;, ((regVal1 &amp; START_ALS_MES) == START_ALS_MES ? &#34;active&#34; : &#34;inactive&#34;));
          ^~~~~~
          print
/home/ec2-user/arduino-testlib/cli-datadir/user/libraries/VNCL4020C-Arduino/examples/Print-Interrupt/Print-Interrupt.ino:87:11: error: &#39;class UartClass&#39; has no member named &#39;printf&#39;; did you mean &#39;print&#39;?
    Serial.printf(&#34;Bio sensor data rate is %s measures/s\n&#34;, sensRates[regVal1].c_str());
           ^~~~~~
           print
/home/ec2-user/arduino-testlib/cli-datadir/user/libraries/VNCL4020C-Arduino/examples/Print-Interrupt/Print-Interrupt.ino:98:10: error: &#39;class UartClass&#39; has no member named &#39;printf&#39;; did you mean &#39;print&#39;?
   Serial.printf(&#34;LED current is %d mA\n&#34;, regVal1 * 10);
          ^~~~~~
          print
/home/ec2-user/arduino-testlib/cli-datadir/user/libraries/VNCL4020C-Arduino/examples/Print-Interrupt/Print-Interrupt.ino:110:10: error: &#39;class UartClass&#39; has no member named &#39;printf&#39;; did you mean &#39;print&#39;?
   Serial.printf(&#34;ALS data rate %d samples/s\n&#34;, alsRates[regVal2]);
          ^~~~~~
          print
/home/ec2-user/arduino-testlib/cli-datadir/user/libraries/VNCL4020C-Arduino/examples/Print-Interrupt/Print-Interrupt.ino:111:10: error: &#39;class UartClass&#39; has no member named &#39;printf&#39;; did you mean &#39;print&#39;?
   Serial.printf(&#34;Auto offset compensation is %s\n&#34;, ((regVal1 &amp; AUTO_COMP_ENA) == AUTO_COMP_ENA ? &#34;enabled&#34; : &#34;disabled&#34;));
          ^~~~~~
          print
/home/ec2-user/arduino-testlib/cli-datadir/user/libraries/VNCL4020C-Arduino/examples/Print-Interrupt/Print-Interrupt.ino:113:10: error: &#39;class UartClass&#39; has no member named &#39;printf&#39;; did you mean &#39;print&#39;?
   Serial.printf(&#34;Averaging count is %d\n&#34;, pow(2, regVal2));
          ^~~~~~
          print
/home/ec2-user/arduino-testlib/cli-datadir/user/libraries/VNCL4020C-Arduino/examples/Print-Interrupt/Print-Interrupt.ino:127:3: error: &#39;time_t&#39; was not declared in this scope
   time_t startTimeout = millis();
   ^~~~~~
/home/ec2-user/arduino-testlib/cli-datadir/user/libraries/VNCL4020C-Arduino/examples/Print-Interrupt/Print-Interrupt.ino:127:3: note: suggested alternative: &#39;size_t&#39;
   time_t startTimeout = millis();
   ^~~~~~
   size_t
/home/ec2-user/arduino-testlib/cli-datadir/user/libraries/VNCL4020C-Arduino/examples/Print-Interrupt/Print-Interrupt.ino:130:22: error: &#39;startTimeout&#39; was not declared in this scope
   while ((millis() - startTimeout) &lt; 5000) // Stop polling after 5 seconds
                      ^~~~~~~~~~~~
/home/ec2-user/arduino-testlib/cli-datadir/user/libraries/VNCL4020C-Arduino/examples/Print-Interrupt/Print-Interrupt.ino:130:22: note: suggested alternative: &#39;waitTimeOut&#39;
   while ((millis() - startTimeout) &lt; 5000) // Stop polling after 5 seconds
                      ^~~~~~~~~~~~
                      waitTimeOut
/home/ec2-user/arduino-testlib/cli-datadir/user/libraries/VNCL4020C-Arduino/examples/Print-Interrupt/Print-Interrupt.ino:162:12: error: &#39;class UartClass&#39; has no member named &#39;printf&#39;; did you mean &#39;print&#39;?
     Serial.printf(&#34;Got Bio value %d\n&#34;, regValL1);
            ^~~~~~
            print
/home/ec2-user/arduino-testlib/cli-datadir/user/libraries/VNCL4020C-Arduino/examples/Print-Interrupt/Print-Interrupt.ino:170:12: error: &#39;class UartClass&#39; has no member named &#39;printf&#39;; did you mean &#39;print&#39;?
     Serial.printf(&#34;Got ALS value %d\n&#34;, regValL2);
            ^~~~~~
            print
/home/ec2-user/arduino-testlib/cli-datadir/user/libraries/VNCL4020C-Arduino/examples/Print-Interrupt/Print-Interrupt.ino: In function &#39;void loop()&#39;:
/home/ec2-user/arduino-testlib/cli-datadir/user/libraries/VNCL4020C-Arduino/examples/Print-Interrupt/Print-Interrupt.ino:204:11: error: &#39;class UartClass&#39; has no member named &#39;printf&#39;; did you mean &#39;print&#39;?
    Serial.printf(&#34;Bio value %d Heartrate %d\n&#34;, bioVal, beatsPerMinute);
           ^~~~~~
           print
/home/ec2-user/arduino-testlib/cli-datadir/user/libraries/VNCL4020C-Arduino/examples/Print-Interrupt/Print-Interrupt.ino:208:11: error: &#39;class UartClass&#39; has no member named &#39;printf&#39;; did you mean &#39;print&#39;?
    Serial.printf(&#34;ALS value %d\n&#34;, ppg1.getAlsValue());
           ^~~~~~
           print

</pre>
					
					<h4>examples/Print-Poll</h4>
					<p>
						Result: <b>FAIL</b>
					</p>
					<pre class="pre-scrollable">/home/ec2-user/arduino-testlib/cli-datadir/user/libraries/VNCL4020C-Arduino/examples/Print-Poll/Print-Poll.ino: In function &#39;void setup()&#39;:
/home/ec2-user/arduino-testlib/cli-datadir/user/libraries/VNCL4020C-Arduino/examples/Print-Poll/Print-Poll.ino:55:10: error: &#39;class UartClass&#39; has no member named &#39;printf&#39;; did you mean &#39;print&#39;?
   Serial.printf(&#34;Got DevID %d, RevID %d\n&#34;, regVal1, regVal2);
          ^~~~~~
          print
/home/ec2-user/arduino-testlib/cli-datadir/user/libraries/VNCL4020C-Arduino/examples/Print-Poll/Print-Poll.ino:65:10: error: &#39;class UartClass&#39; has no member named &#39;printf&#39;; did you mean &#39;print&#39;?
   Serial.printf(&#34;Self timed measures %s\n&#34;, ((regVal1 &amp; SELF_TIMED_EN) == SELF_TIMED_EN ? &#34;enabled&#34; : &#34;disabled&#34;));
          ^~~~~~
          print
/home/ec2-user/arduino-testlib/cli-datadir/user/libraries/VNCL4020C-Arduino/examples/Print-Poll/Print-Poll.ino:66:10: error: &#39;class UartClass&#39; has no member named &#39;printf&#39;; did you mean &#39;print&#39;?
   Serial.printf(&#34;Continuous bio measurement %s\n&#34;, ((regVal1 &amp; PER_BIO_MEAS_EN) == PER_BIO_MEAS_EN ? &#34;active&#34; : &#34;inactive&#34;));
          ^~~~~~
          print
/home/ec2-user/arduino-testlib/cli-datadir/user/libraries/VNCL4020C-Arduino/examples/Print-Poll/Print-Poll.ino:67:10: error: &#39;class UartClass&#39; has no member named &#39;printf&#39;; did you mean &#39;print&#39;?
   Serial.printf(&#34;Continuous als measurement %s\n&#34;, ((regVal1 &amp; PER_ALS_MEAS_EN) == PER_ALS_MEAS_EN ? &#34;active&#34; : &#34;inactive&#34;));
          ^~~~~~
          print
/home/ec2-user/arduino-testlib/cli-datadir/user/libraries/VNCL4020C-Arduino/examples/Print-Poll/Print-Poll.ino:68:10: error: &#39;class UartClass&#39; has no member named &#39;printf&#39;; did you mean &#39;print&#39;?
   Serial.printf(&#34;Single bio measurement %s\n&#34;, ((regVal1 &amp; START_BIO_MES) == START_BIO_MES ? &#34;active&#34; : &#34;inactive&#34;));
          ^~~~~~
          print
/home/ec2-user/arduino-testlib/cli-datadir/user/libraries/VNCL4020C-Arduino/examples/Print-Poll/Print-Poll.ino:69:10: error: &#39;class UartClass&#39; has no member named &#39;printf&#39;; did you mean &#39;print&#39;?
   Serial.printf(&#34;Single als measurement %s\n&#34;, ((regVal1 &amp; START_ALS_MES) == START_ALS_MES ? &#34;active&#34; : &#34;inactive&#34;));
          ^~~~~~
          print
/home/ec2-user/arduino-testlib/cli-datadir/user/libraries/VNCL4020C-Arduino/examples/Print-Poll/Print-Poll.ino:85:11: error: &#39;class UartClass&#39; has no member named &#39;printf&#39;; did you mean &#39;print&#39;?
    Serial.printf(&#34;Bio sensor data rate is %s measures/s\n&#34;, sensRates[regVal1].c_str());
           ^~~~~~
           print
/home/ec2-user/arduino-testlib/cli-datadir/user/libraries/VNCL4020C-Arduino/examples/Print-Poll/Print-Poll.ino:96:10: error: &#39;class UartClass&#39; has no member named &#39;printf&#39;; did you mean &#39;print&#39;?
   Serial.printf(&#34;LED current is %d mA\n&#34;, regVal1 * 10);
          ^~~~~~
          print
/home/ec2-user/arduino-testlib/cli-datadir/user/libraries/VNCL4020C-Arduino/examples/Print-Poll/Print-Poll.ino:108:10: error: &#39;class UartClass&#39; has no member named &#39;printf&#39;; did you mean &#39;print&#39;?
   Serial.printf(&#34;ALS data rate %d samples/s\n&#34;, alsRates[regVal2]);
          ^~~~~~
          print
/home/ec2-user/arduino-testlib/cli-datadir/user/libraries/VNCL4020C-Arduino/examples/Print-Poll/Print-Poll.ino:109:10: error: &#39;class UartClass&#39; has no member named &#39;printf&#39;; did you mean &#39;print&#39;?
   Serial.printf(&#34;Auto offset compensation is %s\n&#34;, ((regVal1 &amp; AUTO_COMP_ENA) == AUTO_COMP_ENA ? &#34;enabled&#34; : &#34;disabled&#34;));
          ^~~~~~
          print
/home/ec2-user/arduino-testlib/cli-datadir/user/libraries/VNCL4020C-Arduino/examples/Print-Poll/Print-Poll.ino:111:10: error: &#39;class UartClass&#39; has no member named &#39;printf&#39;; did you mean &#39;print&#39;?
   Serial.printf(&#34;Averaging count is %d\n&#34;, pow(2, regVal2));
          ^~~~~~
          print
/home/ec2-user/arduino-testlib/cli-datadir/user/libraries/VNCL4020C-Arduino/examples/Print-Poll/Print-Poll.ino:125:3: error: &#39;time_t&#39; was not declared in this scope
   time_t startTimeout = millis();
   ^~~~~~
/home/ec2-user/arduino-testlib/cli-datadir/user/libraries/VNCL4020C-Arduino/examples/Print-Poll/Print-Poll.ino:125:3: note: suggested alternative: &#39;size_t&#39;
   time_t startTimeout = millis();
   ^~~~~~
   size_t
/home/ec2-user/arduino-testlib/cli-datadir/user/libraries/VNCL4020C-Arduino/examples/Print-Poll/Print-Poll.ino:128:22: error: &#39;startTimeout&#39; was not declared in this scope
   while ((millis() - startTimeout) &lt; 5000) // Stop polling after 5 seconds
                      ^~~~~~~~~~~~
/home/ec2-user/arduino-testlib/cli-datadir/user/libraries/VNCL4020C-Arduino/examples/Print-Poll/Print-Poll.ino:128:22: note: suggested alternative: &#39;waitTimeOut&#39;
   while ((millis() - startTimeout) &lt; 5000) // Stop polling after 5 seconds
                      ^~~~~~~~~~~~
                      waitTimeOut
/home/ec2-user/arduino-testlib/cli-datadir/user/libraries/VNCL4020C-Arduino/examples/Print-Poll/Print-Poll.ino:160:12: error: &#39;class UartClass&#39; has no member named &#39;printf&#39;; did you mean &#39;print&#39;?
     Serial.printf(&#34;Got Bio value %d\n&#34;, regValL1);
            ^~~~~~
            print
/home/ec2-user/arduino-testlib/cli-datadir/user/libraries/VNCL4020C-Arduino/examples/Print-Poll/Print-Poll.ino:168:12: error: &#39;class UartClass&#39; has no member named &#39;printf&#39;; did you mean &#39;print&#39;?
     Serial.printf(&#34;Got ALS value %d\n&#34;, regValL2);
            ^~~~~~
            print
/home/ec2-user/arduino-testlib/cli-datadir/user/libraries/VNCL4020C-Arduino/examples/Print-Poll/Print-Poll.ino: In function &#39;void loop()&#39;:
/home/ec2-user/arduino-testlib/cli-datadir/user/libraries/VNCL4020C-Arduino/examples/Print-Poll/Print-Poll.ino:197:10: error: &#39;class UartClass&#39; has no member named &#39;printf&#39;; did you mean &#39;print&#39;?
   Serial.printf(&#34;Bio value %d Heartrate %d\n&#34;, bioVal, beatsPerMinute);
          ^~~~~~
          print

</pre>
					
				
				<h3 id="arduino:samd:mkrwifi1010">arduino:samd:mkrwifi1010 @ 1.8.12</h3>
				<h4>Inclusion</h4>
				<p>
					Result: <b>PASS</b>
					
				</p>
				<pre class="pre-scrollable">Sketch uses 13648 bytes (5%) of program storage space. Maximum is 262144 bytes.
Global variables use 3708 bytes (11%) of dynamic memory, leaving 29060 bytes for local variables. Maximum is 32768 bytes.
</pre>

					
					<h4>examples/Plot-Interrupt</h4>
					<p>
						Result: <b>FAIL</b>
					</p>
					<pre class="pre-scrollable">/home/ec2-user/arduino-testlib/cli-datadir/user/libraries/VNCL4020C-Arduino/examples/Plot-Interrupt/Plot-Interrupt.ino: In function &#39;void loop()&#39;:
/home/ec2-user/arduino-testlib/cli-datadir/user/libraries/VNCL4020C-Arduino/examples/Plot-Interrupt/Plot-Interrupt.ino:60:11: error: &#39;class Serial_&#39; has no member named &#39;printf&#39;; did you mean &#39;print&#39;?
    Serial.printf(&#34;%d\n&#34;, bioVal);
           ^~~~~~
           print

</pre>
					
					<h4>examples/Plot-Poll</h4>
					<p>
						Result: <b>FAIL</b>
					</p>
					<pre class="pre-scrollable">/home/ec2-user/arduino-testlib/cli-datadir/user/libraries/VNCL4020C-Arduino/examples/Plot-Poll/Plot-Poll.ino: In function &#39;void loop()&#39;:
/home/ec2-user/arduino-testlib/cli-datadir/user/libraries/VNCL4020C-Arduino/examples/Plot-Poll/Plot-Poll.ino:55:10: error: &#39;class Serial_&#39; has no member named &#39;printf&#39;; did you mean &#39;print&#39;?
   Serial.printf(&#34;%d\n&#34;, bioVal);
          ^~~~~~
          print

</pre>
					
					<h4>examples/Print-Interrupt</h4>
					<p>
						Result: <b>FAIL</b>
					</p>
					<pre class="pre-scrollable">/home/ec2-user/arduino-testlib/cli-datadir/user/libraries/VNCL4020C-Arduino/examples/Print-Interrupt/Print-Interrupt.ino: In function &#39;void setup()&#39;:
/home/ec2-user/arduino-testlib/cli-datadir/user/libraries/VNCL4020C-Arduino/examples/Print-Interrupt/Print-Interrupt.ino:57:10: error: &#39;class Serial_&#39; has no member named &#39;printf&#39;; did you mean &#39;print&#39;?
   Serial.printf(&#34;Got DevID %d, RevID %d\n&#34;, regVal1, regVal2);
          ^~~~~~
          print
/home/ec2-user/arduino-testlib/cli-datadir/user/libraries/VNCL4020C-Arduino/examples/Print-Interrupt/Print-Interrupt.ino:67:10: error: &#39;class Serial_&#39; has no member named &#39;printf&#39;; did you mean &#39;print&#39;?
   Serial.printf(&#34;Self timed measures %s\n&#34;, ((regVal1 &amp; SELF_TIMED_EN) == SELF_TIMED_EN ? &#34;enabled&#34; : &#34;disabled&#34;));
          ^~~~~~
          print
/home/ec2-user/arduino-testlib/cli-datadir/user/libraries/VNCL4020C-Arduino/examples/Print-Interrupt/Print-Interrupt.ino:68:10: error: &#39;class Serial_&#39; has no member named &#39;printf&#39;; did you mean &#39;print&#39;?
   Serial.printf(&#34;Continuous bio measurement %s\n&#34;, ((regVal1 &amp; PER_BIO_MEAS_EN) == PER_BIO_MEAS_EN ? &#34;active&#34; : &#34;inactive&#34;));
          ^~~~~~
          print
/home/ec2-user/arduino-testlib/cli-datadir/user/libraries/VNCL4020C-Arduino/examples/Print-Interrupt/Print-Interrupt.ino:69:10: error: &#39;class Serial_&#39; has no member named &#39;printf&#39;; did you mean &#39;print&#39;?
   Serial.printf(&#34;Continuous als measurement %s\n&#34;, ((regVal1 &amp; PER_ALS_MEAS_EN) == PER_ALS_MEAS_EN ? &#34;active&#34; : &#34;inactive&#34;));
          ^~~~~~
          print
/home/ec2-user/arduino-testlib/cli-datadir/user/libraries/VNCL4020C-Arduino/examples/Print-Interrupt/Print-Interrupt.ino:70:10: error: &#39;class Serial_&#39; has no member named &#39;printf&#39;; did you mean &#39;print&#39;?
   Serial.printf(&#34;Single bio measurement %s\n&#34;, ((regVal1 &amp; START_BIO_MES) == START_BIO_MES ? &#34;active&#34; : &#34;inactive&#34;));
          ^~~~~~
          print
/home/ec2-user/arduino-testlib/cli-datadir/user/libraries/VNCL4020C-Arduino/examples/Print-Interrupt/Print-Interrupt.ino:71:10: error: &#39;class Serial_&#39; has no member named &#39;printf&#39;; did you mean &#39;print&#39;?
   Serial.printf(&#34;Single als measurement %s\n&#34;, ((regVal1 &amp; START_ALS_MES) == START_ALS_MES ? &#34;active&#34; : &#34;inactive&#34;));
          ^~~~~~
          print
/home/ec2-user/arduino-testlib/cli-datadir/user/libraries/VNCL4020C-Arduino/examples/Print-Interrupt/Print-Interrupt.ino:87:11: error: &#39;class Serial_&#39; has no member named &#39;printf&#39;; did you mean &#39;print&#39;?
    Serial.printf(&#34;Bio sensor data rate is %s measures/s\n&#34;, sensRates[regVal1].c_str());
           ^~~~~~
           print
/home/ec2-user/arduino-testlib/cli-datadir/user/libraries/VNCL4020C-Arduino/examples/Print-Interrupt/Print-Interrupt.ino:98:10: error: &#39;class Serial_&#39; has no member named &#39;printf&#39;; did you mean &#39;print&#39;?
   Serial.printf(&#34;LED current is %d mA\n&#34;, regVal1 * 10);
          ^~~~~~
          print
/home/ec2-user/arduino-testlib/cli-datadir/user/libraries/VNCL4020C-Arduino/examples/Print-Interrupt/Print-Interrupt.ino:110:10: error: &#39;class Serial_&#39; has no member named &#39;printf&#39;; did you mean &#39;print&#39;?
   Serial.printf(&#34;ALS data rate %d samples/s\n&#34;, alsRates[regVal2]);
          ^~~~~~
          print
/home/ec2-user/arduino-testlib/cli-datadir/user/libraries/VNCL4020C-Arduino/examples/Print-Interrupt/Print-Interrupt.ino:111:10: error: &#39;class Serial_&#39; has no member named &#39;printf&#39;; did you mean &#39;print&#39;?
   Serial.printf(&#34;Auto offset compensation is %s\n&#34;, ((regVal1 &amp; AUTO_COMP_ENA) == AUTO_COMP_ENA ? &#34;enabled&#34; : &#34;disabled&#34;));
          ^~~~~~
          print
/home/ec2-user/arduino-testlib/cli-datadir/user/libraries/VNCL4020C-Arduino/examples/Print-Interrupt/Print-Interrupt.ino:113:10: error: &#39;class Serial_&#39; has no member named &#39;printf&#39;; did you mean &#39;print&#39;?
   Serial.printf(&#34;Averaging count is %d\n&#34;, pow(2, regVal2));
          ^~~~~~
          print
/home/ec2-user/arduino-testlib/cli-datadir/user/libraries/VNCL4020C-Arduino/examples/Print-Interrupt/Print-Interrupt.ino:162:12: error: &#39;class Serial_&#39; has no member named &#39;printf&#39;; did you mean &#39;print&#39;?
     Serial.printf(&#34;Got Bio value %d\n&#34;, regValL1);
            ^~~~~~
            print
/home/ec2-user/arduino-testlib/cli-datadir/user/libraries/VNCL4020C-Arduino/examples/Print-Interrupt/Print-Interrupt.ino:170:12: error: &#39;class Serial_&#39; has no member named &#39;printf&#39;; did you mean &#39;print&#39;?
     Serial.printf(&#34;Got ALS value %d\n&#34;, regValL2);
            ^~~~~~
            print
/home/ec2-user/arduino-testlib/cli-datadir/user/libraries/VNCL4020C-Arduino/examples/Print-Interrupt/Print-Interrupt.ino: In function &#39;void loop()&#39;:
/home/ec2-user/arduino-testlib/cli-datadir/user/libraries/VNCL4020C-Arduino/examples/Print-Interrupt/Print-Interrupt.ino:204:11: error: &#39;class Serial_&#39; has no member named &#39;printf&#39;; did you mean &#39;print&#39;?
    Serial.printf(&#34;Bio value %d Heartrate %d\n&#34;, bioVal, beatsPerMinute);
           ^~~~~~
           print
/home/ec2-user/arduino-testlib/cli-datadir/user/libraries/VNCL4020C-Arduino/examples/Print-Interrupt/Print-Interrupt.ino:208:11: error: &#39;class Serial_&#39; has no member named &#39;printf&#39;; did you mean &#39;print&#39;?
    Serial.printf(&#34;ALS value %d\n&#34;, ppg1.getAlsValue());
           ^~~~~~
           print

</pre>
					
					<h4>examples/Print-Poll</h4>
					<p>
						Result: <b>FAIL</b>
					</p>
					<pre class="pre-scrollable">/home/ec2-user/arduino-testlib/cli-datadir/user/libraries/VNCL4020C-Arduino/examples/Print-Poll/Print-Poll.ino: In function &#39;void setup()&#39;:
/home/ec2-user/arduino-testlib/cli-datadir/user/libraries/VNCL4020C-Arduino/examples/Print-Poll/Print-Poll.ino:55:10: error: &#39;class Serial_&#39; has no member named &#39;printf&#39;; did you mean &#39;print&#39;?
   Serial.printf(&#34;Got DevID %d, RevID %d\n&#34;, regVal1, regVal2);
          ^~~~~~
          print
/home/ec2-user/arduino-testlib/cli-datadir/user/libraries/VNCL4020C-Arduino/examples/Print-Poll/Print-Poll.ino:65:10: error: &#39;class Serial_&#39; has no member named &#39;printf&#39;; did you mean &#39;print&#39;?
   Serial.printf(&#34;Self timed measures %s\n&#34;, ((regVal1 &amp; SELF_TIMED_EN) == SELF_TIMED_EN ? &#34;enabled&#34; : &#34;disabled&#34;));
          ^~~~~~
          print
/home/ec2-user/arduino-testlib/cli-datadir/user/libraries/VNCL4020C-Arduino/examples/Print-Poll/Print-Poll.ino:66:10: error: &#39;class Serial_&#39; has no member named &#39;printf&#39;; did you mean &#39;print&#39;?
   Serial.printf(&#34;Continuous bio measurement %s\n&#34;, ((regVal1 &amp; PER_BIO_MEAS_EN) == PER_BIO_MEAS_EN ? &#34;active&#34; : &#34;inactive&#34;));
          ^~~~~~
          print
/home/ec2-user/arduino-testlib/cli-datadir/user/libraries/VNCL4020C-Arduino/examples/Print-Poll/Print-Poll.ino:67:10: error: &#39;class Serial_&#39; has no member named &#39;printf&#39;; did you mean &#39;print&#39;?
   Serial.printf(&#34;Continuous als measurement %s\n&#34;, ((regVal1 &amp; PER_ALS_MEAS_EN) == PER_ALS_MEAS_EN ? &#34;active&#34; : &#34;inactive&#34;));
          ^~~~~~
          print
/home/ec2-user/arduino-testlib/cli-datadir/user/libraries/VNCL4020C-Arduino/examples/Print-Poll/Print-Poll.ino:68:10: error: &#39;class Serial_&#39; has no member named &#39;printf&#39;; did you mean &#39;print&#39;?
   Serial.printf(&#34;Single bio measurement %s\n&#34;, ((regVal1 &amp; START_BIO_MES) == START_BIO_MES ? &#34;active&#34; : &#34;inactive&#34;));
          ^~~~~~
          print
/home/ec2-user/arduino-testlib/cli-datadir/user/libraries/VNCL4020C-Arduino/examples/Print-Poll/Print-Poll.ino:69:10: error: &#39;class Serial_&#39; has no member named &#39;printf&#39;; did you mean &#39;print&#39;?
   Serial.printf(&#34;Single als measurement %s\n&#34;, ((regVal1 &amp; START_ALS_MES) == START_ALS_MES ? &#34;active&#34; : &#34;inactive&#34;));
          ^~~~~~
          print
/home/ec2-user/arduino-testlib/cli-datadir/user/libraries/VNCL4020C-Arduino/examples/Print-Poll/Print-Poll.ino:85:11: error: &#39;class Serial_&#39; has no member named &#39;printf&#39;; did you mean &#39;print&#39;?
    Serial.printf(&#34;Bio sensor data rate is %s measures/s\n&#34;, sensRates[regVal1].c_str());
           ^~~~~~
           print
/home/ec2-user/arduino-testlib/cli-datadir/user/libraries/VNCL4020C-Arduino/examples/Print-Poll/Print-Poll.ino:96:10: error: &#39;class Serial_&#39; has no member named &#39;printf&#39;; did you mean &#39;print&#39;?
   Serial.printf(&#34;LED current is %d mA\n&#34;, regVal1 * 10);
          ^~~~~~
          print
/home/ec2-user/arduino-testlib/cli-datadir/user/libraries/VNCL4020C-Arduino/examples/Print-Poll/Print-Poll.ino:108:10: error: &#39;class Serial_&#39; has no member named &#39;printf&#39;; did you mean &#39;print&#39;?
   Serial.printf(&#34;ALS data rate %d samples/s\n&#34;, alsRates[regVal2]);
          ^~~~~~
          print
/home/ec2-user/arduino-testlib/cli-datadir/user/libraries/VNCL4020C-Arduino/examples/Print-Poll/Print-Poll.ino:109:10: error: &#39;class Serial_&#39; has no member named &#39;printf&#39;; did you mean &#39;print&#39;?
   Serial.printf(&#34;Auto offset compensation is %s\n&#34;, ((regVal1 &amp; AUTO_COMP_ENA) == AUTO_COMP_ENA ? &#34;enabled&#34; : &#34;disabled&#34;));
          ^~~~~~
          print
/home/ec2-user/arduino-testlib/cli-datadir/user/libraries/VNCL4020C-Arduino/examples/Print-Poll/Print-Poll.ino:111:10: error: &#39;class Serial_&#39; has no member named &#39;printf&#39;; did you mean &#39;print&#39;?
   Serial.printf(&#34;Averaging count is %d\n&#34;, pow(2, regVal2));
          ^~~~~~
          print
/home/ec2-user/arduino-testlib/cli-datadir/user/libraries/VNCL4020C-Arduino/examples/Print-Poll/Print-Poll.ino:160:12: error: &#39;class Serial_&#39; has no member named &#39;printf&#39;; did you mean &#39;print&#39;?
     Serial.printf(&#34;Got Bio value %d\n&#34;, regValL1);
            ^~~~~~
            print
/home/ec2-user/arduino-testlib/cli-datadir/user/libraries/VNCL4020C-Arduino/examples/Print-Poll/Print-Poll.ino:168:12: error: &#39;class Serial_&#39; has no member named &#39;printf&#39;; did you mean &#39;print&#39;?
     Serial.printf(&#34;Got ALS value %d\n&#34;, regValL2);
            ^~~~~~
            print
/home/ec2-user/arduino-testlib/cli-datadir/user/libraries/VNCL4020C-Arduino/examples/Print-Poll/Print-Poll.ino: In function &#39;void loop()&#39;:
/home/ec2-user/arduino-testlib/cli-datadir/user/libraries/VNCL4020C-Arduino/examples/Print-Poll/Print-Poll.ino:197:10: error: &#39;class Serial_&#39; has no member named &#39;printf&#39;; did you mean &#39;print&#39;?
   Serial.printf(&#34;Bio value %d Heartrate %d\n&#34;, bioVal, beatsPerMinute);
          ^~~~~~
          print

</pre>
					
				
				<h3 id="esp32:esp32:d1_mini32">esp32:esp32:d1_mini32 @ 1.0.6</h3>
				<h4>Inclusion</h4>
				<p>
					Result: <b>PASS</b>
					
				</p>
				<pre class="pre-scrollable">Sketch uses 203186 bytes (15%) of program storage space. Maximum is 1310720 bytes.
Global variables use 13888 bytes (4%) of dynamic memory, leaving 313792 bytes for local variables. Maximum is 327680 bytes.
</pre>

					
					<h4>examples/Plot-Interrupt</h4>
					<p>
						Result: <b>PASS</b>
					</p>
					<pre class="pre-scrollable">Sketch uses 215926 bytes (16%) of program storage space. Maximum is 1310720 bytes.
Global variables use 14680 bytes (4%) of dynamic memory, leaving 313000 bytes for local variables. Maximum is 327680 bytes.
</pre>
					
					<h4>examples/Plot-Poll</h4>
					<p>
						Result: <b>PASS</b>
					</p>
					<pre class="pre-scrollable">Sketch uses 215794 bytes (16%) of program storage space. Maximum is 1310720 bytes.
Global variables use 14768 bytes (4%) of dynamic memory, leaving 312912 bytes for local variables. Maximum is 327680 bytes.
</pre>
					
					<h4>examples/Print-Interrupt</h4>
					<p>
						Result: <b>PASS</b>
					</p>
					<pre class="pre-scrollable">Sketch uses 224138 bytes (17%) of program storage space. Maximum is 1310720 bytes.
Global variables use 14800 bytes (4%) of dynamic memory, leaving 312880 bytes for local variables. Maximum is 327680 bytes.
</pre>
					
					<h4>examples/Print-Poll</h4>
					<p>
						Result: <b>PASS</b>
					</p>
					<pre class="pre-scrollable">Sketch uses 223834 bytes (17%) of program storage space. Maximum is 1310720 bytes.
Global variables use 14800 bytes (4%) of dynamic memory, leaving 312880 bytes for local variables. Maximum is 327680 bytes.
</pre>
					
				
			</div>
		</div>
	</div>
  </body>
</html>
