
<!doctype html>
<html lang="en">
  <head>
    <meta charset="utf-8">
    <meta name="viewport" content="width=device-width, initial-scale=1">
    <link href="https://cdn.jsdelivr.net/npm/bootstrap@5.0.2/dist/css/bootstrap.min.css" rel="stylesheet" integrity="sha384-EVSTQN3/azprG1Anm3QDgpJLIm9Nao0Yz1ztcQTwFspd3yD65VohhpuuCOmLASjC" crossorigin="anonymous">
    <title>arduino-testlib report</title>
	<style>
	.pass { background-color: #00FF00 !important; }
	.fail { background-color: #FF0000 !important; }
	</style>
  </head>
  <body>
	<div class="container">
		<div class="row">
			<div class="col">
				<h1>VT1300_Shield - compatibility matrix</h1>
				<p>
					<small>This report was generated on Monday, 21-Feb-22 12:00:25 CET using 
					<a href="https://github.com/alranel/arduino-testlib">arduino-testlib</a>.</small>
				</p>

				<h2>VT1300_Shield</h2>
				<p>
					Version: <b>1.0.5</b>
					<br />
					<a href="https://www.arduino.cc/reference/en/libraries/vt1300_shield/">More details</a>
				</p>

				<h2>Compatibility matrix</h2>
				<table class="table table-bordered">
					<tr>
						<th>Board</th>
						<th>Claims compatibility</th>
						<th>Inclusion</th>
						
						<th><pre>VT1300_SimpleReceive</pre></th>
						
						<th><pre>VT1300_SimpleSend</pre></th>
						
						<th><pre>VT1300_Z2M_GPIOControl</pre></th>
						
						<th><pre>VT1300_Z2M_Router</pre></th>
						
					</tr>
					
					<tr>
						<td>
							<a href="#arduino%3aavr%3auno"><b>arduino:avr:uno</b></a>
							<br />
							<small>1.8.4</small>
						</td>

						
						
						
							<td>Yes ⚠️</td>
							<td class="fail">FAIL</td>
						
						

						
							
								
									
										
											
											<td class="fail">FAIL</td>
										
									
										
									
										
									
										
									
								
							
								
							
								
							
								
							
								
							
						
							
								
									
										
									
										
											
											<td class="fail">FAIL</td>
										
									
										
									
										
									
								
							
								
							
								
							
								
							
								
							
						
							
								
									
										
									
										
									
										
											
											<td class="fail">FAIL</td>
										
									
										
									
								
							
								
							
								
							
								
							
								
							
						
							
								
									
										
									
										
									
										
									
										
											
											<td class="fail">FAIL</td>
										
									
								
							
								
							
								
							
								
							
								
							
						
					</tr>
					
					<tr>
						<td>
							<a href="#arduino%3ambed_nano%3ananorp2040connect"><b>arduino:mbed_nano:nanorp2040connect</b></a>
							<br />
							<small>2.7.2</small>
						</td>

						
							<td>Yes</td>
							<td class="pass">PASS</td>
						
						
						
						

						
							
								
							
								
									
										
											<td class="pass">PASS</td>
											
										
									
										
									
										
									
										
									
								
							
								
							
								
							
								
							
						
							
								
							
								
									
										
									
										
											<td class="pass">PASS</td>
											
										
									
										
									
										
									
								
							
								
							
								
							
								
							
						
							
								
							
								
									
										
									
										
									
										
											<td class="pass">PASS</td>
											
										
									
										
									
								
							
								
							
								
							
								
							
						
							
								
							
								
									
										
									
										
									
										
									
										
											<td class="pass">PASS</td>
											
										
									
								
							
								
							
								
							
								
							
						
					</tr>
					
					<tr>
						<td>
							<a href="#arduino%3amegaavr%3anona4809"><b>arduino:megaavr:nona4809</b></a>
							<br />
							<small>1.8.7</small>
						</td>

						
							<td>Yes</td>
							<td class="pass">PASS</td>
						
						
						
						

						
							
								
							
								
							
								
									
										
											<td class="pass">PASS</td>
											
										
									
										
									
										
									
										
									
								
							
								
							
								
							
						
							
								
							
								
							
								
									
										
									
										
											<td class="pass">PASS</td>
											
										
									
										
									
										
									
								
							
								
							
								
							
						
							
								
							
								
							
								
									
										
									
										
									
										
											<td class="pass">PASS</td>
											
										
									
										
									
								
							
								
							
								
							
						
							
								
							
								
							
								
									
										
									
										
									
										
									
										
											<td class="pass">PASS</td>
											
										
									
								
							
								
							
								
							
						
					</tr>
					
					<tr>
						<td>
							<a href="#arduino%3asamd%3amkrwifi1010"><b>arduino:samd:mkrwifi1010</b></a>
							<br />
							<small>1.8.12</small>
						</td>

						
							<td>Yes</td>
							<td class="pass">PASS</td>
						
						
						
						

						
							
								
							
								
							
								
							
								
									
										
											<td class="pass">PASS</td>
											
										
									
										
									
										
									
										
									
								
							
								
							
						
							
								
							
								
							
								
							
								
									
										
									
										
											<td class="pass">PASS</td>
											
										
									
										
									
										
									
								
							
								
							
						
							
								
							
								
							
								
							
								
									
										
									
										
									
										
											<td class="pass">PASS</td>
											
										
									
										
									
								
							
								
							
						
							
								
							
								
							
								
							
								
									
										
									
										
									
										
									
										
											<td class="pass">PASS</td>
											
										
									
								
							
								
							
						
					</tr>
					
					<tr>
						<td>
							<a href="#esp32%3aesp32%3ad1_mini32"><b>esp32:esp32:d1_mini32</b></a>
							<br />
							<small>1.0.6</small>
						</td>

						
							<td>Yes</td>
							<td class="pass">PASS</td>
						
						
						
						

						
							
								
							
								
							
								
							
								
							
								
									
										
											<td class="pass">PASS</td>
											
										
									
										
									
										
									
										
									
								
							
						
							
								
							
								
							
								
							
								
							
								
									
										
									
										
											<td class="pass">PASS</td>
											
										
									
										
									
										
									
								
							
						
							
								
							
								
							
								
							
								
							
								
									
										
									
										
									
										
											<td class="pass">PASS</td>
											
										
									
										
									
								
							
						
							
								
							
								
							
								
							
								
							
								
									
										
									
										
									
										
									
										
											<td class="pass">PASS</td>
											
										
									
								
							
						
					</tr>
					
				</table>

				<h2>Compilation logs</h2>
				
				<h3 id="arduino:avr:uno">arduino:avr:uno @ 1.8.4</h3>
				<h4>Inclusion</h4>
				<p>
					Result: <b>FAIL</b>
					
				</p>
				<pre class="pre-scrollable">In file included from /tmp/arduino-testlib3548587434/test/test.ino:1:0:
/home/ec2-user/arduino-testlib/cli-datadir/user/libraries/VT1300_Shield/VT1300_Shield.h: In member function &#39;unsigned int CC2530::AF_DATA_REQUEST(uint8_t, uint8_t, const T&amp;, uint8_t)&#39;:
/home/ec2-user/arduino-testlib/cli-datadir/user/libraries/VT1300_Shield/VT1300_Shield.h:161:7: error: &#39;Serial1&#39; was not declared in this scope
       Serial1.write(Data, sizeof(Data));
       ^~~~~~~
/home/ec2-user/arduino-testlib/cli-datadir/user/libraries/VT1300_Shield/VT1300_Shield.h:161:7: note: suggested alternative: &#39;Serial&#39;
       Serial1.write(Data, sizeof(Data));
       ^~~~~~~
       Serial
/home/ec2-user/arduino-testlib/cli-datadir/user/libraries/VT1300_Shield/VT1300_Shield.h: In member function &#39;unsigned int CC2530::AF_DATA_REQUEST_EXT(uint8_t, const uint8_t*, const T&amp;, uint8_t)&#39;:
/home/ec2-user/arduino-testlib/cli-datadir/user/libraries/VT1300_Shield/VT1300_Shield.h:227:7: error: &#39;Serial1&#39; was not declared in this scope
       Serial1.write(Data, sizeof(Data));
       ^~~~~~~
/home/ec2-user/arduino-testlib/cli-datadir/user/libraries/VT1300_Shield/VT1300_Shield.h:227:7: note: suggested alternative: &#39;Serial&#39;
       Serial1.write(Data, sizeof(Data));
       ^~~~~~~
       Serial

</pre>

					
					<h4>examples/VT1300_SimpleReceive</h4>
					<p>
						Result: <b>FAIL</b>
					</p>
					<pre class="pre-scrollable">In file included from /home/ec2-user/arduino-testlib/cli-datadir/user/libraries/VT1300_Shield/examples/VT1300_SimpleReceive/VT1300_SimpleReceive.ino:7:0:
/home/ec2-user/arduino-testlib/cli-datadir/user/libraries/VT1300_Shield/VT1300_Shield.h: In member function &#39;unsigned int CC2530::AF_DATA_REQUEST(uint8_t, uint8_t, const T&amp;, uint8_t)&#39;:
/home/ec2-user/arduino-testlib/cli-datadir/user/libraries/VT1300_Shield/VT1300_Shield.h:161:7: error: &#39;Serial1&#39; was not declared in this scope
       Serial1.write(Data, sizeof(Data));
       ^~~~~~~
/home/ec2-user/arduino-testlib/cli-datadir/user/libraries/VT1300_Shield/VT1300_Shield.h:161:7: note: suggested alternative: &#39;Serial&#39;
       Serial1.write(Data, sizeof(Data));
       ^~~~~~~
       Serial
/home/ec2-user/arduino-testlib/cli-datadir/user/libraries/VT1300_Shield/VT1300_Shield.h: In member function &#39;unsigned int CC2530::AF_DATA_REQUEST_EXT(uint8_t, const uint8_t*, const T&amp;, uint8_t)&#39;:
/home/ec2-user/arduino-testlib/cli-datadir/user/libraries/VT1300_Shield/VT1300_Shield.h:227:7: error: &#39;Serial1&#39; was not declared in this scope
       Serial1.write(Data, sizeof(Data));
       ^~~~~~~
/home/ec2-user/arduino-testlib/cli-datadir/user/libraries/VT1300_Shield/VT1300_Shield.h:227:7: note: suggested alternative: &#39;Serial&#39;
       Serial1.write(Data, sizeof(Data));
       ^~~~~~~
       Serial
/home/ec2-user/arduino-testlib/cli-datadir/user/libraries/VT1300_Shield/examples/VT1300_SimpleReceive/VT1300_SimpleReceive.ino: In function &#39;void setup()&#39;:
/home/ec2-user/arduino-testlib/cli-datadir/user/libraries/VT1300_Shield/examples/VT1300_SimpleReceive/VT1300_SimpleReceive.ino:19:3: error: &#39;Serial1&#39; was not declared in this scope
   Serial1.begin(115200);
   ^~~~~~~
/home/ec2-user/arduino-testlib/cli-datadir/user/libraries/VT1300_Shield/examples/VT1300_SimpleReceive/VT1300_SimpleReceive.ino:19:3: note: suggested alternative: &#39;Serial&#39;
   Serial1.begin(115200);
   ^~~~~~~
   Serial

</pre>
					
					<h4>examples/VT1300_SimpleSend</h4>
					<p>
						Result: <b>FAIL</b>
					</p>
					<pre class="pre-scrollable">In file included from /home/ec2-user/arduino-testlib/cli-datadir/user/libraries/VT1300_Shield/examples/VT1300_SimpleSend/VT1300_SimpleSend.ino:7:0:
/home/ec2-user/arduino-testlib/cli-datadir/user/libraries/VT1300_Shield/VT1300_Shield.h: In member function &#39;unsigned int CC2530::AF_DATA_REQUEST(uint8_t, uint8_t, const T&amp;, uint8_t)&#39;:
/home/ec2-user/arduino-testlib/cli-datadir/user/libraries/VT1300_Shield/VT1300_Shield.h:161:7: error: &#39;Serial1&#39; was not declared in this scope
       Serial1.write(Data, sizeof(Data));
       ^~~~~~~
/home/ec2-user/arduino-testlib/cli-datadir/user/libraries/VT1300_Shield/VT1300_Shield.h:161:7: note: suggested alternative: &#39;Serial&#39;
       Serial1.write(Data, sizeof(Data));
       ^~~~~~~
       Serial
/home/ec2-user/arduino-testlib/cli-datadir/user/libraries/VT1300_Shield/VT1300_Shield.h: In member function &#39;unsigned int CC2530::AF_DATA_REQUEST_EXT(uint8_t, const uint8_t*, const T&amp;, uint8_t)&#39;:
/home/ec2-user/arduino-testlib/cli-datadir/user/libraries/VT1300_Shield/VT1300_Shield.h:227:7: error: &#39;Serial1&#39; was not declared in this scope
       Serial1.write(Data, sizeof(Data));
       ^~~~~~~
/home/ec2-user/arduino-testlib/cli-datadir/user/libraries/VT1300_Shield/VT1300_Shield.h:227:7: note: suggested alternative: &#39;Serial&#39;
       Serial1.write(Data, sizeof(Data));
       ^~~~~~~
       Serial
/home/ec2-user/arduino-testlib/cli-datadir/user/libraries/VT1300_Shield/examples/VT1300_SimpleSend/VT1300_SimpleSend.ino: In function &#39;void setup()&#39;:
/home/ec2-user/arduino-testlib/cli-datadir/user/libraries/VT1300_Shield/examples/VT1300_SimpleSend/VT1300_SimpleSend.ino:23:3: error: &#39;Serial1&#39; was not declared in this scope
   Serial1.begin(115200);
   ^~~~~~~
/home/ec2-user/arduino-testlib/cli-datadir/user/libraries/VT1300_Shield/examples/VT1300_SimpleSend/VT1300_SimpleSend.ino:23:3: note: suggested alternative: &#39;Serial&#39;
   Serial1.begin(115200);
   ^~~~~~~
   Serial

</pre>
					
					<h4>examples/VT1300_Z2M_GPIOControl</h4>
					<p>
						Result: <b>FAIL</b>
					</p>
					<pre class="pre-scrollable">In file included from /home/ec2-user/arduino-testlib/cli-datadir/user/libraries/VT1300_Shield/examples/VT1300_Z2M_GPIOControl/VT1300_Z2M_GPIOControl.ino:10:0:
/home/ec2-user/arduino-testlib/cli-datadir/user/libraries/VT1300_Shield/VT1300_Shield.h: In member function &#39;unsigned int CC2530::AF_DATA_REQUEST(uint8_t, uint8_t, const T&amp;, uint8_t)&#39;:
/home/ec2-user/arduino-testlib/cli-datadir/user/libraries/VT1300_Shield/VT1300_Shield.h:161:7: error: &#39;Serial1&#39; was not declared in this scope
       Serial1.write(Data, sizeof(Data));
       ^~~~~~~
/home/ec2-user/arduino-testlib/cli-datadir/user/libraries/VT1300_Shield/VT1300_Shield.h:161:7: note: suggested alternative: &#39;Serial&#39;
       Serial1.write(Data, sizeof(Data));
       ^~~~~~~
       Serial
/home/ec2-user/arduino-testlib/cli-datadir/user/libraries/VT1300_Shield/VT1300_Shield.h: In member function &#39;unsigned int CC2530::AF_DATA_REQUEST_EXT(uint8_t, const uint8_t*, const T&amp;, uint8_t)&#39;:
/home/ec2-user/arduino-testlib/cli-datadir/user/libraries/VT1300_Shield/VT1300_Shield.h:227:7: error: &#39;Serial1&#39; was not declared in this scope
       Serial1.write(Data, sizeof(Data));
       ^~~~~~~
/home/ec2-user/arduino-testlib/cli-datadir/user/libraries/VT1300_Shield/VT1300_Shield.h:227:7: note: suggested alternative: &#39;Serial&#39;
       Serial1.write(Data, sizeof(Data));
       ^~~~~~~
       Serial
/home/ec2-user/arduino-testlib/cli-datadir/user/libraries/VT1300_Shield/examples/VT1300_Z2M_GPIOControl/VT1300_Z2M_GPIOControl.ino: In function &#39;void setup()&#39;:
/home/ec2-user/arduino-testlib/cli-datadir/user/libraries/VT1300_Shield/examples/VT1300_Z2M_GPIOControl/VT1300_Z2M_GPIOControl.ino:59:3: error: &#39;Serial1&#39; was not declared in this scope
   Serial1.begin(115200);
   ^~~~~~~
/home/ec2-user/arduino-testlib/cli-datadir/user/libraries/VT1300_Shield/examples/VT1300_Z2M_GPIOControl/VT1300_Z2M_GPIOControl.ino:59:3: note: suggested alternative: &#39;Serial&#39;
   Serial1.begin(115200);
   ^~~~~~~
   Serial
/home/ec2-user/arduino-testlib/cli-datadir/user/libraries/VT1300_Shield/examples/VT1300_Z2M_GPIOControl/VT1300_Z2M_GPIOControl.ino: In function &#39;void AF_REGISTER(uint8_t)&#39;:
/home/ec2-user/arduino-testlib/cli-datadir/user/libraries/VT1300_Shield/examples/VT1300_Z2M_GPIOControl/VT1300_Z2M_GPIOControl.ino:181:3: error: &#39;Serial1&#39; was not declared in this scope
   Serial1.write(0xFE);
   ^~~~~~~
/home/ec2-user/arduino-testlib/cli-datadir/user/libraries/VT1300_Shield/examples/VT1300_Z2M_GPIOControl/VT1300_Z2M_GPIOControl.ino:181:3: note: suggested alternative: &#39;Serial&#39;
   Serial1.write(0xFE);
   ^~~~~~~
   Serial

</pre>
					
					<h4>examples/VT1300_Z2M_Router</h4>
					<p>
						Result: <b>FAIL</b>
					</p>
					<pre class="pre-scrollable">In file included from /home/ec2-user/arduino-testlib/cli-datadir/user/libraries/VT1300_Shield/examples/VT1300_Z2M_Router/VT1300_Z2M_Router.ino:10:0:
/home/ec2-user/arduino-testlib/cli-datadir/user/libraries/VT1300_Shield/VT1300_Shield.h: In member function &#39;unsigned int CC2530::AF_DATA_REQUEST(uint8_t, uint8_t, const T&amp;, uint8_t)&#39;:
/home/ec2-user/arduino-testlib/cli-datadir/user/libraries/VT1300_Shield/VT1300_Shield.h:161:7: error: &#39;Serial1&#39; was not declared in this scope
       Serial1.write(Data, sizeof(Data));
       ^~~~~~~
/home/ec2-user/arduino-testlib/cli-datadir/user/libraries/VT1300_Shield/VT1300_Shield.h:161:7: note: suggested alternative: &#39;Serial&#39;
       Serial1.write(Data, sizeof(Data));
       ^~~~~~~
       Serial
/home/ec2-user/arduino-testlib/cli-datadir/user/libraries/VT1300_Shield/VT1300_Shield.h: In member function &#39;unsigned int CC2530::AF_DATA_REQUEST_EXT(uint8_t, const uint8_t*, const T&amp;, uint8_t)&#39;:
/home/ec2-user/arduino-testlib/cli-datadir/user/libraries/VT1300_Shield/VT1300_Shield.h:227:7: error: &#39;Serial1&#39; was not declared in this scope
       Serial1.write(Data, sizeof(Data));
       ^~~~~~~
/home/ec2-user/arduino-testlib/cli-datadir/user/libraries/VT1300_Shield/VT1300_Shield.h:227:7: note: suggested alternative: &#39;Serial&#39;
       Serial1.write(Data, sizeof(Data));
       ^~~~~~~
       Serial
/home/ec2-user/arduino-testlib/cli-datadir/user/libraries/VT1300_Shield/examples/VT1300_Z2M_Router/VT1300_Z2M_Router.ino: In function &#39;void setup()&#39;:
/home/ec2-user/arduino-testlib/cli-datadir/user/libraries/VT1300_Shield/examples/VT1300_Z2M_Router/VT1300_Z2M_Router.ino:63:3: error: &#39;Serial1&#39; was not declared in this scope
   Serial1.begin(115200);
   ^~~~~~~
/home/ec2-user/arduino-testlib/cli-datadir/user/libraries/VT1300_Shield/examples/VT1300_Z2M_Router/VT1300_Z2M_Router.ino:63:3: note: suggested alternative: &#39;Serial&#39;
   Serial1.begin(115200);
   ^~~~~~~
   Serial
/home/ec2-user/arduino-testlib/cli-datadir/user/libraries/VT1300_Shield/examples/VT1300_Z2M_Router/VT1300_Z2M_Router.ino: In function &#39;void AF_REGISTER(uint8_t)&#39;:
/home/ec2-user/arduino-testlib/cli-datadir/user/libraries/VT1300_Shield/examples/VT1300_Z2M_Router/VT1300_Z2M_Router.ino:191:3: error: &#39;Serial1&#39; was not declared in this scope
   Serial1.write(0xFE);
   ^~~~~~~
/home/ec2-user/arduino-testlib/cli-datadir/user/libraries/VT1300_Shield/examples/VT1300_Z2M_Router/VT1300_Z2M_Router.ino:191:3: note: suggested alternative: &#39;Serial&#39;
   Serial1.write(0xFE);
   ^~~~~~~
   Serial

</pre>
					
				
				<h3 id="arduino:mbed_nano:nanorp2040connect">arduino:mbed_nano:nanorp2040connect @ 2.7.2</h3>
				<h4>Inclusion</h4>
				<p>
					Result: <b>PASS</b>
					
				</p>
				<pre class="pre-scrollable">Sketch uses 78756 bytes (0%) of program storage space. Maximum is 16777216 bytes.
Global variables use 43444 bytes (16%) of dynamic memory, leaving 226892 bytes for local variables. Maximum is 270336 bytes.
</pre>

					
					<h4>examples/VT1300_SimpleReceive</h4>
					<p>
						Result: <b>PASS</b>
					</p>
					<pre class="pre-scrollable">Sketch uses 82102 bytes (0%) of program storage space. Maximum is 16777216 bytes.
Global variables use 43764 bytes (16%) of dynamic memory, leaving 226572 bytes for local variables. Maximum is 270336 bytes.
</pre>
					
					<h4>examples/VT1300_SimpleSend</h4>
					<p>
						Result: <b>PASS</b>
					</p>
					<pre class="pre-scrollable">Sketch uses 81996 bytes (0%) of program storage space. Maximum is 16777216 bytes.
Global variables use 43768 bytes (16%) of dynamic memory, leaving 226568 bytes for local variables. Maximum is 270336 bytes.
</pre>
					
					<h4>examples/VT1300_Z2M_GPIOControl</h4>
					<p>
						Result: <b>PASS</b>
					</p>
					<pre class="pre-scrollable">Sketch uses 83106 bytes (0%) of program storage space. Maximum is 16777216 bytes.
Global variables use 43764 bytes (16%) of dynamic memory, leaving 226572 bytes for local variables. Maximum is 270336 bytes.
</pre>
					
					<h4>examples/VT1300_Z2M_Router</h4>
					<p>
						Result: <b>PASS</b>
					</p>
					<pre class="pre-scrollable">Sketch uses 82994 bytes (0%) of program storage space. Maximum is 16777216 bytes.
Global variables use 43768 bytes (16%) of dynamic memory, leaving 226568 bytes for local variables. Maximum is 270336 bytes.
</pre>
					
				
				<h3 id="arduino:megaavr:nona4809">arduino:megaavr:nona4809 @ 1.8.7</h3>
				<h4>Inclusion</h4>
				<p>
					Result: <b>PASS</b>
					
				</p>
				<pre class="pre-scrollable">Sketch uses 2832 bytes (5%) of program storage space. Maximum is 49152 bytes.
Global variables use 332 bytes (5%) of dynamic memory, leaving 5812 bytes for local variables. Maximum is 6144 bytes.
</pre>

					
					<h4>examples/VT1300_SimpleReceive</h4>
					<p>
						Result: <b>PASS</b>
					</p>
					<pre class="pre-scrollable">Sketch uses 6682 bytes (13%) of program storage space. Maximum is 49152 bytes.
Global variables use 645 bytes (10%) of dynamic memory, leaving 5499 bytes for local variables. Maximum is 6144 bytes.
</pre>
					
					<h4>examples/VT1300_SimpleSend</h4>
					<p>
						Result: <b>PASS</b>
					</p>
					<pre class="pre-scrollable">Sketch uses 6606 bytes (13%) of program storage space. Maximum is 49152 bytes.
Global variables use 649 bytes (10%) of dynamic memory, leaving 5495 bytes for local variables. Maximum is 6144 bytes.
</pre>
					
					<h4>examples/VT1300_Z2M_GPIOControl</h4>
					<p>
						Result: <b>PASS</b>
					</p>
					<pre class="pre-scrollable">Sketch uses 8120 bytes (16%) of program storage space. Maximum is 49152 bytes.
Global variables use 648 bytes (10%) of dynamic memory, leaving 5496 bytes for local variables. Maximum is 6144 bytes.
</pre>
					
					<h4>examples/VT1300_Z2M_Router</h4>
					<p>
						Result: <b>PASS</b>
					</p>
					<pre class="pre-scrollable">Sketch uses 7867 bytes (16%) of program storage space. Maximum is 49152 bytes.
Global variables use 651 bytes (10%) of dynamic memory, leaving 5493 bytes for local variables. Maximum is 6144 bytes.
</pre>
					
				
				<h3 id="arduino:samd:mkrwifi1010">arduino:samd:mkrwifi1010 @ 1.8.12</h3>
				<h4>Inclusion</h4>
				<p>
					Result: <b>PASS</b>
					
				</p>
				<pre class="pre-scrollable">Sketch uses 12152 bytes (4%) of program storage space. Maximum is 262144 bytes.
Global variables use 2996 bytes (9%) of dynamic memory, leaving 29772 bytes for local variables. Maximum is 32768 bytes.
</pre>

					
					<h4>examples/VT1300_SimpleReceive</h4>
					<p>
						Result: <b>PASS</b>
					</p>
					<pre class="pre-scrollable">Sketch uses 15832 bytes (6%) of program storage space. Maximum is 262144 bytes.
Global variables use 3312 bytes (10%) of dynamic memory, leaving 29456 bytes for local variables. Maximum is 32768 bytes.
</pre>
					
					<h4>examples/VT1300_SimpleSend</h4>
					<p>
						Result: <b>PASS</b>
					</p>
					<pre class="pre-scrollable">Sketch uses 15704 bytes (5%) of program storage space. Maximum is 262144 bytes.
Global variables use 3332 bytes (10%) of dynamic memory, leaving 29436 bytes for local variables. Maximum is 32768 bytes.
</pre>
					
					<h4>examples/VT1300_Z2M_GPIOControl</h4>
					<p>
						Result: <b>PASS</b>
					</p>
					<pre class="pre-scrollable">Sketch uses 16884 bytes (6%) of program storage space. Maximum is 262144 bytes.
Global variables use 3320 bytes (10%) of dynamic memory, leaving 29448 bytes for local variables. Maximum is 32768 bytes.
</pre>
					
					<h4>examples/VT1300_Z2M_Router</h4>
					<p>
						Result: <b>PASS</b>
					</p>
					<pre class="pre-scrollable">Sketch uses 16780 bytes (6%) of program storage space. Maximum is 262144 bytes.
Global variables use 3336 bytes (10%) of dynamic memory, leaving 29432 bytes for local variables. Maximum is 32768 bytes.
</pre>
					
				
				<h3 id="esp32:esp32:d1_mini32">esp32:esp32:d1_mini32 @ 1.0.6</h3>
				<h4>Inclusion</h4>
				<p>
					Result: <b>PASS</b>
					
				</p>
				<pre class="pre-scrollable">Sketch uses 200990 bytes (15%) of program storage space. Maximum is 1310720 bytes.
Global variables use 13192 bytes (4%) of dynamic memory, leaving 314488 bytes for local variables. Maximum is 327680 bytes.
</pre>

					
					<h4>examples/VT1300_SimpleReceive</h4>
					<p>
						Result: <b>PASS</b>
					</p>
					<pre class="pre-scrollable">Sketch uses 209138 bytes (15%) of program storage space. Maximum is 1310720 bytes.
Global variables use 13736 bytes (4%) of dynamic memory, leaving 313944 bytes for local variables. Maximum is 327680 bytes.
</pre>
					
					<h4>examples/VT1300_SimpleSend</h4>
					<p>
						Result: <b>PASS</b>
					</p>
					<pre class="pre-scrollable">Sketch uses 209026 bytes (15%) of program storage space. Maximum is 1310720 bytes.
Global variables use 13744 bytes (4%) of dynamic memory, leaving 313936 bytes for local variables. Maximum is 327680 bytes.
</pre>
					
					<h4>examples/VT1300_Z2M_GPIOControl</h4>
					<p>
						Result: <b>PASS</b>
					</p>
					<pre class="pre-scrollable">Sketch uses 210590 bytes (16%) of program storage space. Maximum is 1310720 bytes.
Global variables use 13744 bytes (4%) of dynamic memory, leaving 313936 bytes for local variables. Maximum is 327680 bytes.
</pre>
					
					<h4>examples/VT1300_Z2M_Router</h4>
					<p>
						Result: <b>PASS</b>
					</p>
					<pre class="pre-scrollable">Sketch uses 210466 bytes (16%) of program storage space. Maximum is 1310720 bytes.
Global variables use 13744 bytes (4%) of dynamic memory, leaving 313936 bytes for local variables. Maximum is 327680 bytes.
</pre>
					
				
			</div>
		</div>
	</div>
  </body>
</html>
