
<!doctype html>
<html lang="en">
  <head>
    <meta charset="utf-8">
    <meta name="viewport" content="width=device-width, initial-scale=1">
    <link href="https://cdn.jsdelivr.net/npm/bootstrap@5.0.2/dist/css/bootstrap.min.css" rel="stylesheet" integrity="sha384-EVSTQN3/azprG1Anm3QDgpJLIm9Nao0Yz1ztcQTwFspd3yD65VohhpuuCOmLASjC" crossorigin="anonymous">
    <title>arduino-testlib report</title>
	<style>
	.pass { background-color: #00FF00 !important; }
	.fail { background-color: #FF0000 !important; }
	</style>
  </head>
  <body>
	<div class="container">
		<div class="row">
			<div class="col">
				<h1>WolkConnect - compatibility matrix</h1>
				<p>
					<small>This report was generated on Monday, 21-Feb-22 12:00:25 CET using 
					<a href="https://github.com/alranel/arduino-testlib">arduino-testlib</a>.</small>
				</p>

				<h2>WolkConnect</h2>
				<p>
					Version: <b>4.0.0</b>
					<br />
					<a href="https://www.arduino.cc/reference/en/libraries/wolkconnect/">More details</a>
				</p>

				<h2>Compatibility matrix</h2>
				<table class="table table-bordered">
					<tr>
						<th>Board</th>
						<th>Claims compatibility</th>
						<th>Inclusion</th>
						
						<th><pre>full_feature_set</pre></th>
						
						<th><pre>simple</pre></th>
						
						<th><pre>simple_flash_persistence</pre></th>
						
						<th><pre>timed_measure_and_publish</pre></th>
						
						<th><pre>e8266-SSL</pre></th>
						
					</tr>
					
					<tr>
						<td>
							<a href="#arduino%3aavr%3auno"><b>arduino:avr:uno</b></a>
							<br />
							<small>1.8.4</small>
						</td>

						
						
						
						
							<td>No</td>
							<td class="fail">FAIL</td>
						

						
							
								
									
										
									
										
											
											<td class="fail">FAIL</td>
										
									
										
									
										
									
										
									
								
							
								
							
								
							
								
							
								
							
						
							
								
									
										
									
										
									
										
											
											<td class="fail">FAIL</td>
										
									
										
									
										
									
								
							
								
							
								
							
								
							
								
							
						
							
								
									
										
									
										
									
										
									
										
											
											<td class="fail">FAIL</td>
										
									
										
									
								
							
								
							
								
							
								
							
								
							
						
							
								
									
										
									
										
									
										
									
										
									
										
											
											<td class="fail">FAIL</td>
										
									
								
							
								
							
								
							
								
							
								
							
						
							
								
									
										
											
											<td class="fail">FAIL</td>
										
									
										
									
										
									
										
									
										
									
								
							
								
							
								
							
								
							
								
							
						
					</tr>
					
					<tr>
						<td>
							<a href="#arduino%3ambed_nano%3ananorp2040connect"><b>arduino:mbed_nano:nanorp2040connect</b></a>
							<br />
							<small>2.7.2</small>
						</td>

						
						
							<td>No ⚠️</td>
							<td class="pass">PASS</td>
						
						
						

						
							
								
							
								
									
										
									
										
											
											<td class="fail">FAIL</td>
										
									
										
									
										
									
										
									
								
							
								
							
								
							
								
							
						
							
								
							
								
									
										
									
										
									
										
											
											<td class="fail">FAIL</td>
										
									
										
									
										
									
								
							
								
							
								
							
								
							
						
							
								
							
								
									
										
									
										
									
										
									
										
											
											<td class="fail">FAIL</td>
										
									
										
									
								
							
								
							
								
							
								
							
						
							
								
							
								
									
										
									
										
									
										
									
										
									
										
											
											<td class="fail">FAIL</td>
										
									
								
							
								
							
								
							
								
							
						
							
								
							
								
									
										
											
											<td class="fail">FAIL</td>
										
									
										
									
										
									
										
									
										
									
								
							
								
							
								
							
								
							
						
					</tr>
					
					<tr>
						<td>
							<a href="#arduino%3amegaavr%3anona4809"><b>arduino:megaavr:nona4809</b></a>
							<br />
							<small>1.8.7</small>
						</td>

						
						
						
						
							<td>No</td>
							<td class="fail">FAIL</td>
						

						
							
								
							
								
							
								
									
										
									
										
											
											<td class="fail">FAIL</td>
										
									
										
									
										
									
										
									
								
							
								
							
								
							
						
							
								
							
								
							
								
									
										
									
										
									
										
											
											<td class="fail">FAIL</td>
										
									
										
									
										
									
								
							
								
							
								
							
						
							
								
							
								
							
								
									
										
									
										
									
										
									
										
											
											<td class="fail">FAIL</td>
										
									
										
									
								
							
								
							
								
							
						
							
								
							
								
							
								
									
										
									
										
									
										
									
										
									
										
											
											<td class="fail">FAIL</td>
										
									
								
							
								
							
								
							
						
							
								
							
								
							
								
									
										
											
											<td class="fail">FAIL</td>
										
									
										
									
										
									
										
									
										
									
								
							
								
							
								
							
						
					</tr>
					
					<tr>
						<td>
							<a href="#arduino%3asamd%3amkrwifi1010"><b>arduino:samd:mkrwifi1010</b></a>
							<br />
							<small>1.8.12</small>
						</td>

						
							<td>Yes</td>
							<td class="pass">PASS</td>
						
						
						
						

						
							
								
							
								
							
								
							
								
									
										
									
										
											<td class="pass">PASS</td>
											
										
									
										
									
										
									
										
									
								
							
								
							
						
							
								
							
								
							
								
							
								
									
										
									
										
									
										
											<td class="pass">PASS</td>
											
										
									
										
									
										
									
								
							
								
							
						
							
								
							
								
							
								
							
								
									
										
									
										
									
										
									
										
											<td class="pass">PASS</td>
											
										
									
										
									
								
							
								
							
						
							
								
							
								
							
								
							
								
									
										
									
										
									
										
									
										
									
										
											<td class="pass">PASS</td>
											
										
									
								
							
								
							
						
							
								
							
								
							
								
							
								
									
										
											
											<td class="fail">FAIL</td>
										
									
										
									
										
									
										
									
										
									
								
							
								
							
						
					</tr>
					
					<tr>
						<td>
							<a href="#esp32%3aesp32%3ad1_mini32"><b>esp32:esp32:d1_mini32</b></a>
							<br />
							<small>1.0.6</small>
						</td>

						
						
						
						
							<td>No</td>
							<td class="fail">FAIL</td>
						

						
							
								
							
								
							
								
							
								
							
								
									
										
									
										
											
											<td class="fail">FAIL</td>
										
									
										
									
										
									
										
									
								
							
						
							
								
							
								
							
								
							
								
							
								
									
										
									
										
									
										
											
											<td class="fail">FAIL</td>
										
									
										
									
										
									
								
							
						
							
								
							
								
							
								
							
								
							
								
									
										
									
										
									
										
									
										
											
											<td class="fail">FAIL</td>
										
									
										
									
								
							
						
							
								
							
								
							
								
							
								
							
								
									
										
									
										
									
										
									
										
									
										
											
											<td class="fail">FAIL</td>
										
									
								
							
						
							
								
							
								
							
								
							
								
							
								
									
										
											
											<td class="fail">FAIL</td>
										
									
										
									
										
									
										
									
										
									
								
							
						
					</tr>
					
				</table>

				<h2>Compilation logs</h2>
				
				<h3 id="arduino:avr:uno">arduino:avr:uno @ 1.8.4</h3>
				<h4>Inclusion</h4>
				<p>
					Result: <b>FAIL</b>
					
					<br />This library has no main header file so an empty one was created.
					
				</p>
				<pre class="pre-scrollable">In file included from /private/tmp/arduino-testlib1929823364/test/test.ino:1:0:
/Users/alranel/Documents/git/arduino/arduino-testlib/cli-datadir/user/libraries/WolkConnect/src/WolkConn.h:38:10: fatal error: avr/dtostrf.h: No such file or directory
 #include &lt;avr/dtostrf.h&gt;
          ^~~~~~~~~~~~~~~
compilation terminated.

</pre>

					
					<h4>examples/e8266-SSL</h4>
					<p>
						Result: <b>FAIL</b>
					</p>
					<pre class="pre-scrollable">/Users/alranel/Documents/git/arduino/arduino-testlib/cli-datadir/user/libraries/WolkConnect/examples/e8266-SSL/e8266-SSL.ino:1:10: fatal error: ESP8266WiFi.h: No such file or directory
 #include &lt;ESP8266WiFi.h&gt;
          ^~~~~~~~~~~~~~~
compilation terminated.

</pre>
					
					<h4>examples/full_feature_set</h4>
					<p>
						Result: <b>FAIL</b>
					</p>
					<pre class="pre-scrollable">In file included from /Users/alranel/Documents/git/arduino/arduino-testlib/cli-datadir/user/libraries/WolkConnect/examples/full_feature_set/full_feature_set.ino:3:0:
/Users/alranel/Documents/git/arduino/arduino-testlib/cli-datadir/user/libraries/WolkConnect/src/WolkConn.h:38:10: fatal error: avr/dtostrf.h: No such file or directory
 #include &lt;avr/dtostrf.h&gt;
          ^~~~~~~~~~~~~~~
compilation terminated.

</pre>
					
					<h4>examples/simple</h4>
					<p>
						Result: <b>FAIL</b>
					</p>
					<pre class="pre-scrollable">In file included from /Users/alranel/Documents/git/arduino/arduino-testlib/cli-datadir/user/libraries/WolkConnect/examples/simple/simple.ino:3:0:
/Users/alranel/Documents/git/arduino/arduino-testlib/cli-datadir/user/libraries/WolkConnect/src/WolkConn.h:38:10: fatal error: avr/dtostrf.h: No such file or directory
 #include &lt;avr/dtostrf.h&gt;
          ^~~~~~~~~~~~~~~
compilation terminated.

</pre>
					
					<h4>examples/simple_flash_persistence</h4>
					<p>
						Result: <b>FAIL</b>
					</p>
					<pre class="pre-scrollable">In file included from /Users/alranel/Documents/git/arduino/arduino-testlib/cli-datadir/user/libraries/WolkConnect/examples/simple_flash_persistence/simple_flash_persistence.ino:7:0:
/Users/alranel/Documents/git/arduino/arduino-testlib/cli-datadir/user/libraries/WolkConnect/src/WolkConn.h:38:10: fatal error: avr/dtostrf.h: No such file or directory
 #include &lt;avr/dtostrf.h&gt;
          ^~~~~~~~~~~~~~~
compilation terminated.
Multiple libraries were found for &#34;FlashStorage.h&#34;
  Used: /Users/alranel/Documents/git/arduino/arduino-testlib/cli-datadir/user/libraries/FlashStorage
  Not used: /Users/alranel/Documents/git/arduino/arduino-testlib/cli-datadir/user/libraries/KonnektingFlashStorage
</pre>
					
					<h4>examples/timed_measure_and_publish</h4>
					<p>
						Result: <b>FAIL</b>
					</p>
					<pre class="pre-scrollable">In file included from /Users/alranel/Documents/git/arduino/arduino-testlib/cli-datadir/user/libraries/WolkConnect/examples/timed_measure_and_publish/timed_measure_and_publish.ino:4:0:
/Users/alranel/Documents/git/arduino/arduino-testlib/cli-datadir/user/libraries/WolkConnect/src/WolkConn.h:38:10: fatal error: avr/dtostrf.h: No such file or directory
 #include &lt;avr/dtostrf.h&gt;
          ^~~~~~~~~~~~~~~
compilation terminated.

</pre>
					
				
				<h3 id="arduino:mbed_nano:nanorp2040connect">arduino:mbed_nano:nanorp2040connect @ 2.7.2</h3>
				<h4>Inclusion</h4>
				<p>
					Result: <b>PASS</b>
					
				</p>
				<pre class="pre-scrollable">WARNING: library WolkConnect claims to run on samd, esp8266 architecture(s) and may be incompatible with your current board which runs on mbed_nano architecture(s).
Sketch uses 78756 bytes (0%) of program storage space. Maximum is 16777216 bytes.
Global variables use 43444 bytes (16%) of dynamic memory, leaving 226892 bytes for local variables. Maximum is 270336 bytes.
</pre>

					
					<h4>examples/e8266-SSL</h4>
					<p>
						Result: <b>FAIL</b>
					</p>
					<pre class="pre-scrollable">/home/ec2-user/arduino-testlib/cli-datadir/user/libraries/WolkConnect/examples/e8266-SSL/e8266-SSL.ino:1:10: fatal error: ESP8266WiFi.h: No such file or directory
 #include &lt;ESP8266WiFi.h&gt;
          ^~~~~~~~~~~~~~~
compilation terminated.

</pre>
					
					<h4>examples/full_feature_set</h4>
					<p>
						Result: <b>FAIL</b>
					</p>
					<pre class="pre-scrollable">WARNING: library WolkConnect claims to run on samd, esp8266 architecture(s) and may be incompatible with your current board which runs on mbed_nano architecture(s).
In file included from /home/ec2-user/arduino-testlib/cli-datadir/user/libraries/WiFi101/src/WiFiClient.h:28:0,
                 from /home/ec2-user/arduino-testlib/cli-datadir/user/libraries/WiFi101/src/WiFi101.h:35,
                 from /home/ec2-user/arduino-testlib/cli-datadir/user/libraries/WolkConnect/examples/full_feature_set/full_feature_set.ino:1:
/home/ec2-user/arduino-testlib/cli-datadir/user/libraries/WiFi101/src/socket/include/socket.h:1839:15: error: conflicting declaration of C function &#39;sint8 close(SOCKET)&#39;
 NMI_API sint8 close(SOCKET sock);
               ^~~~~
In file included from /home/ec2-user/arduino-testlib/cli-datadir/data/packages/arduino/hardware/mbed_nano/2.7.2/cores/arduino/mbed/platform/include/platform/platform.h:26:0,
                 from /home/ec2-user/arduino-testlib/cli-datadir/data/packages/arduino/hardware/mbed_nano/2.7.2/cores/arduino/mbed/platform/include/platform/FileHandle.h:25,
                 from /home/ec2-user/arduino-testlib/cli-datadir/data/packages/arduino/hardware/mbed_nano/2.7.2/cores/arduino/macros.h:41,
                 from /home/ec2-user/arduino-testlib/cli-datadir/data/packages/arduino/hardware/mbed_nano/2.7.2/variants/NANO_RP2040_CONNECT/pins_arduino.h:2,
                 from /home/ec2-user/arduino-testlib/cli-datadir/data/packages/arduino/hardware/mbed_nano/2.7.2/cores/arduino/Arduino.h:76,
                 from /tmp/arduino-sketch-340AC350765A6271853206469085834B/sketch/full_feature_set.ino.cpp:1:
/home/ec2-user/arduino-testlib/cli-datadir/data/packages/arduino/hardware/mbed_nano/2.7.2/cores/arduino/mbed/platform/include/platform/mbed_retarget.h:749:9: note: previous declaration &#39;int close(int)&#39;
     int close(int fildes);
         ^~~~~

</pre>
					
					<h4>examples/simple</h4>
					<p>
						Result: <b>FAIL</b>
					</p>
					<pre class="pre-scrollable">WARNING: library WolkConnect claims to run on samd, esp8266 architecture(s) and may be incompatible with your current board which runs on mbed_nano architecture(s).
In file included from /home/ec2-user/arduino-testlib/cli-datadir/user/libraries/WiFi101/src/WiFiClient.h:28:0,
                 from /home/ec2-user/arduino-testlib/cli-datadir/user/libraries/WiFi101/src/WiFi101.h:35,
                 from /home/ec2-user/arduino-testlib/cli-datadir/user/libraries/WolkConnect/examples/simple/simple.ino:1:
/home/ec2-user/arduino-testlib/cli-datadir/user/libraries/WiFi101/src/socket/include/socket.h:1839:15: error: conflicting declaration of C function &#39;sint8 close(SOCKET)&#39;
 NMI_API sint8 close(SOCKET sock);
               ^~~~~
In file included from /home/ec2-user/arduino-testlib/cli-datadir/data/packages/arduino/hardware/mbed_nano/2.7.2/cores/arduino/mbed/platform/include/platform/platform.h:26:0,
                 from /home/ec2-user/arduino-testlib/cli-datadir/data/packages/arduino/hardware/mbed_nano/2.7.2/cores/arduino/mbed/platform/include/platform/FileHandle.h:25,
                 from /home/ec2-user/arduino-testlib/cli-datadir/data/packages/arduino/hardware/mbed_nano/2.7.2/cores/arduino/macros.h:41,
                 from /home/ec2-user/arduino-testlib/cli-datadir/data/packages/arduino/hardware/mbed_nano/2.7.2/variants/NANO_RP2040_CONNECT/pins_arduino.h:2,
                 from /home/ec2-user/arduino-testlib/cli-datadir/data/packages/arduino/hardware/mbed_nano/2.7.2/cores/arduino/Arduino.h:76,
                 from /tmp/arduino-sketch-D4C4C8E60A4C250D9852F57F57F8EF65/sketch/simple.ino.cpp:1:
/home/ec2-user/arduino-testlib/cli-datadir/data/packages/arduino/hardware/mbed_nano/2.7.2/cores/arduino/mbed/platform/include/platform/mbed_retarget.h:749:9: note: previous declaration &#39;int close(int)&#39;
     int close(int fildes);
         ^~~~~

</pre>
					
					<h4>examples/simple_flash_persistence</h4>
					<p>
						Result: <b>FAIL</b>
					</p>
					<pre class="pre-scrollable">WARNING: library FlashStorage claims to run on samd architecture(s) and may be incompatible with your current board which runs on mbed_nano architecture(s).
WARNING: library WolkConnect claims to run on samd, esp8266 architecture(s) and may be incompatible with your current board which runs on mbed_nano architecture(s).
In file included from /home/ec2-user/arduino-testlib/cli-datadir/user/libraries/WiFi101/src/WiFiClient.h:28:0,
                 from /home/ec2-user/arduino-testlib/cli-datadir/user/libraries/WiFi101/src/WiFi101.h:35,
                 from /home/ec2-user/arduino-testlib/cli-datadir/user/libraries/WolkConnect/examples/simple_flash_persistence/simple_flash_persistence.ino:1:
/home/ec2-user/arduino-testlib/cli-datadir/user/libraries/WiFi101/src/socket/include/socket.h:1839:15: error: conflicting declaration of C function &#39;sint8 close(SOCKET)&#39;
 NMI_API sint8 close(SOCKET sock);
               ^~~~~
In file included from /home/ec2-user/arduino-testlib/cli-datadir/data/packages/arduino/hardware/mbed_nano/2.7.2/cores/arduino/mbed/platform/include/platform/platform.h:26:0,
                 from /home/ec2-user/arduino-testlib/cli-datadir/data/packages/arduino/hardware/mbed_nano/2.7.2/cores/arduino/mbed/platform/include/platform/FileHandle.h:25,
                 from /home/ec2-user/arduino-testlib/cli-datadir/data/packages/arduino/hardware/mbed_nano/2.7.2/cores/arduino/macros.h:41,
                 from /home/ec2-user/arduino-testlib/cli-datadir/data/packages/arduino/hardware/mbed_nano/2.7.2/variants/NANO_RP2040_CONNECT/pins_arduino.h:2,
                 from /home/ec2-user/arduino-testlib/cli-datadir/data/packages/arduino/hardware/mbed_nano/2.7.2/cores/arduino/Arduino.h:76,
                 from /tmp/arduino-sketch-3CE1004D332264618ACE760E1B4E33CC/sketch/simple_flash_persistence.ino.cpp:1:
/home/ec2-user/arduino-testlib/cli-datadir/data/packages/arduino/hardware/mbed_nano/2.7.2/cores/arduino/mbed/platform/include/platform/mbed_retarget.h:749:9: note: previous declaration &#39;int close(int)&#39;
     int close(int fildes);
         ^~~~~
Multiple libraries were found for &#34;FlashStorage.h&#34;
  Used: /home/ec2-user/arduino-testlib/cli-datadir/user/libraries/FlashStorage
  Not used: /home/ec2-user/arduino-testlib/cli-datadir/user/libraries/KonnektingFlashStorage
</pre>
					
					<h4>examples/timed_measure_and_publish</h4>
					<p>
						Result: <b>FAIL</b>
					</p>
					<pre class="pre-scrollable">WARNING: library RTCZero claims to run on samd architecture(s) and may be incompatible with your current board which runs on mbed_nano architecture(s).
WARNING: library WolkConnect claims to run on samd, esp8266 architecture(s) and may be incompatible with your current board which runs on mbed_nano architecture(s).
In file included from /home/ec2-user/arduino-testlib/cli-datadir/user/libraries/WiFi101/src/WiFiClient.h:28:0,
                 from /home/ec2-user/arduino-testlib/cli-datadir/user/libraries/WiFi101/src/WiFi101.h:35,
                 from /home/ec2-user/arduino-testlib/cli-datadir/user/libraries/WolkConnect/examples/timed_measure_and_publish/timed_measure_and_publish.ino:1:
/home/ec2-user/arduino-testlib/cli-datadir/user/libraries/WiFi101/src/socket/include/socket.h:1839:15: error: conflicting declaration of C function &#39;sint8 close(SOCKET)&#39;
 NMI_API sint8 close(SOCKET sock);
               ^~~~~
In file included from /home/ec2-user/arduino-testlib/cli-datadir/data/packages/arduino/hardware/mbed_nano/2.7.2/cores/arduino/mbed/platform/include/platform/platform.h:26:0,
                 from /home/ec2-user/arduino-testlib/cli-datadir/data/packages/arduino/hardware/mbed_nano/2.7.2/cores/arduino/mbed/platform/include/platform/FileHandle.h:25,
                 from /home/ec2-user/arduino-testlib/cli-datadir/data/packages/arduino/hardware/mbed_nano/2.7.2/cores/arduino/macros.h:41,
                 from /home/ec2-user/arduino-testlib/cli-datadir/data/packages/arduino/hardware/mbed_nano/2.7.2/variants/NANO_RP2040_CONNECT/pins_arduino.h:2,
                 from /home/ec2-user/arduino-testlib/cli-datadir/data/packages/arduino/hardware/mbed_nano/2.7.2/cores/arduino/Arduino.h:76,
                 from /tmp/arduino-sketch-19A59032CFF79E56DACA98209E49A260/sketch/timed_measure_and_publish.ino.cpp:1:
/home/ec2-user/arduino-testlib/cli-datadir/data/packages/arduino/hardware/mbed_nano/2.7.2/cores/arduino/mbed/platform/include/platform/mbed_retarget.h:749:9: note: previous declaration &#39;int close(int)&#39;
     int close(int fildes);
         ^~~~~
In file included from /home/ec2-user/arduino-testlib/cli-datadir/user/libraries/WolkConnect/examples/timed_measure_and_publish/timed_measure_and_publish.ino:2:0:
/home/ec2-user/arduino-testlib/cli-datadir/user/libraries/RTCZero/src/RTCZero.h:32:26: error: &#39;RTC_MODE2_MASK_SEL_OFF_Val&#39; was not declared in this scope
     MATCH_OFF          = RTC_MODE2_MASK_SEL_OFF_Val,          // Never
                          ^~~~~~~~~~~~~~~~~~~~~~~~~~
/home/ec2-user/arduino-testlib/cli-datadir/user/libraries/RTCZero/src/RTCZero.h:33:26: error: &#39;RTC_MODE2_MASK_SEL_SS_Val&#39; was not declared in this scope
     MATCH_SS           = RTC_MODE2_MASK_SEL_SS_Val,           // Every Minute
                          ^~~~~~~~~~~~~~~~~~~~~~~~~
/home/ec2-user/arduino-testlib/cli-datadir/user/libraries/RTCZero/src/RTCZero.h:34:26: error: &#39;RTC_MODE2_MASK_SEL_MMSS_Val&#39; was not declared in this scope
     MATCH_MMSS         = RTC_MODE2_MASK_SEL_MMSS_Val,         // Every Hour
                          ^~~~~~~~~~~~~~~~~~~~~~~~~~~
/home/ec2-user/arduino-testlib/cli-datadir/user/libraries/RTCZero/src/RTCZero.h:35:26: error: &#39;RTC_MODE2_MASK_SEL_HHMMSS_Val&#39; was not declared in this scope
     MATCH_HHMMSS       = RTC_MODE2_MASK_SEL_HHMMSS_Val,       // Every Day
                          ^~~~~~~~~~~~~~~~~~~~~~~~~~~~~
/home/ec2-user/arduino-testlib/cli-datadir/user/libraries/RTCZero/src/RTCZero.h:36:26: error: &#39;RTC_MODE2_MASK_SEL_DDHHMMSS_Val&#39; was not declared in this scope
     MATCH_DHHMMSS      = RTC_MODE2_MASK_SEL_DDHHMMSS_Val,     // Every Month
                          ^~~~~~~~~~~~~~~~~~~~~~~~~~~~~~~
/home/ec2-user/arduino-testlib/cli-datadir/user/libraries/RTCZero/src/RTCZero.h:37:26: error: &#39;RTC_MODE2_MASK_SEL_MMDDHHMMSS_Val&#39; was not declared in this scope
     MATCH_MMDDHHMMSS   = RTC_MODE2_MASK_SEL_MMDDHHMMSS_Val,   // Every Year
                          ^~~~~~~~~~~~~~~~~~~~~~~~~~~~~~~~~
/home/ec2-user/arduino-testlib/cli-datadir/user/libraries/RTCZero/src/RTCZero.h:38:26: error: &#39;RTC_MODE2_MASK_SEL_YYMMDDHHMMSS_Val&#39; was not declared in this scope
     MATCH_YYMMDDHHMMSS = RTC_MODE2_MASK_SEL_YYMMDDHHMMSS_Val  // Once, on a specific date and a specific time
                          ^~~~~~~~~~~~~~~~~~~~~~~~~~~~~~~~~~~
/home/ec2-user/arduino-testlib/cli-datadir/user/libraries/WolkConnect/examples/timed_measure_and_publish/timed_measure_and_publish.ino:32:6: error: &#39;bool read&#39; redeclared as different kind of symbol
 bool read;
      ^~~~
In file included from /home/ec2-user/arduino-testlib/cli-datadir/data/packages/arduino/hardware/mbed_nano/2.7.2/cores/arduino/mbed/platform/include/platform/platform.h:26:0,
                 from /home/ec2-user/arduino-testlib/cli-datadir/data/packages/arduino/hardware/mbed_nano/2.7.2/cores/arduino/mbed/platform/include/platform/FileHandle.h:25,
                 from /home/ec2-user/arduino-testlib/cli-datadir/data/packages/arduino/hardware/mbed_nano/2.7.2/cores/arduino/macros.h:41,
                 from /home/ec2-user/arduino-testlib/cli-datadir/data/packages/arduino/hardware/mbed_nano/2.7.2/variants/NANO_RP2040_CONNECT/pins_arduino.h:2,
                 from /home/ec2-user/arduino-testlib/cli-datadir/data/packages/arduino/hardware/mbed_nano/2.7.2/cores/arduino/Arduino.h:76,
                 from /tmp/arduino-sketch-19A59032CFF79E56DACA98209E49A260/sketch/timed_measure_and_publish.ino.cpp:1:
/home/ec2-user/arduino-testlib/cli-datadir/data/packages/arduino/hardware/mbed_nano/2.7.2/cores/arduino/mbed/platform/include/platform/mbed_retarget.h:740:13: note: previous declaration &#39;ssize_t read(int, void*, size_t)&#39;
     ssize_t read(int fildes, void *buf, size_t nbyte);
             ^~~~
/home/ec2-user/arduino-testlib/cli-datadir/user/libraries/WolkConnect/examples/timed_measure_and_publish/timed_measure_and_publish.ino: In function &#39;void loop()&#39;:
/home/ec2-user/arduino-testlib/cli-datadir/user/libraries/WolkConnect/examples/timed_measure_and_publish/timed_measure_and_publish.ino:92:12: error: assignment of function &#39;ssize_t read(int, void*, size_t)&#39;
     read = false;
            ^~~~~
/home/ec2-user/arduino-testlib/cli-datadir/user/libraries/WolkConnect/examples/timed_measure_and_publish/timed_measure_and_publish.ino:92:12: error: cannot convert &#39;bool&#39; to &#39;ssize_t(int, void*, size_t) {aka int(int, void*, unsigned int)}&#39; in assignment
/home/ec2-user/arduino-testlib/cli-datadir/user/libraries/WolkConnect/examples/timed_measure_and_publish/timed_measure_and_publish.ino: In function &#39;void alarmMatch()&#39;:
/home/ec2-user/arduino-testlib/cli-datadir/user/libraries/WolkConnect/examples/timed_measure_and_publish/timed_measure_and_publish.ino:119:10: error: assignment of function &#39;ssize_t read(int, void*, size_t)&#39;
   read = true;
          ^~~~
/home/ec2-user/arduino-testlib/cli-datadir/user/libraries/WolkConnect/examples/timed_measure_and_publish/timed_measure_and_publish.ino:119:10: error: cannot convert &#39;bool&#39; to &#39;ssize_t(int, void*, size_t) {aka int(int, void*, unsigned int)}&#39; in assignment

</pre>
					
				
				<h3 id="arduino:megaavr:nona4809">arduino:megaavr:nona4809 @ 1.8.7</h3>
				<h4>Inclusion</h4>
				<p>
					Result: <b>FAIL</b>
					
				</p>
				<pre class="pre-scrollable">In file included from /tmp/arduino-testlib2995663470/test/test.ino:1:0:
/home/ec2-user/arduino-testlib/cli-datadir/user/libraries/WolkConnect/src/WolkConn.h:38:10: fatal error: avr/dtostrf.h: No such file or directory
 #include &lt;avr/dtostrf.h&gt;
          ^~~~~~~~~~~~~~~
compilation terminated.

</pre>

					
					<h4>examples/e8266-SSL</h4>
					<p>
						Result: <b>FAIL</b>
					</p>
					<pre class="pre-scrollable">/home/ec2-user/arduino-testlib/cli-datadir/user/libraries/WolkConnect/examples/e8266-SSL/e8266-SSL.ino:1:10: fatal error: ESP8266WiFi.h: No such file or directory
 #include &lt;ESP8266WiFi.h&gt;
          ^~~~~~~~~~~~~~~
compilation terminated.

</pre>
					
					<h4>examples/full_feature_set</h4>
					<p>
						Result: <b>FAIL</b>
					</p>
					<pre class="pre-scrollable">In file included from /home/ec2-user/arduino-testlib/cli-datadir/user/libraries/WolkConnect/examples/full_feature_set/full_feature_set.ino:3:0:
/home/ec2-user/arduino-testlib/cli-datadir/user/libraries/WolkConnect/src/WolkConn.h:38:10: fatal error: avr/dtostrf.h: No such file or directory
 #include &lt;avr/dtostrf.h&gt;
          ^~~~~~~~~~~~~~~
compilation terminated.

</pre>
					
					<h4>examples/simple</h4>
					<p>
						Result: <b>FAIL</b>
					</p>
					<pre class="pre-scrollable">In file included from /home/ec2-user/arduino-testlib/cli-datadir/user/libraries/WolkConnect/examples/simple/simple.ino:3:0:
/home/ec2-user/arduino-testlib/cli-datadir/user/libraries/WolkConnect/src/WolkConn.h:38:10: fatal error: avr/dtostrf.h: No such file or directory
 #include &lt;avr/dtostrf.h&gt;
          ^~~~~~~~~~~~~~~
compilation terminated.

</pre>
					
					<h4>examples/simple_flash_persistence</h4>
					<p>
						Result: <b>FAIL</b>
					</p>
					<pre class="pre-scrollable">In file included from /home/ec2-user/arduino-testlib/cli-datadir/user/libraries/WolkConnect/examples/simple_flash_persistence/simple_flash_persistence.ino:7:0:
/home/ec2-user/arduino-testlib/cli-datadir/user/libraries/WolkConnect/src/WolkConn.h:38:10: fatal error: avr/dtostrf.h: No such file or directory
 #include &lt;avr/dtostrf.h&gt;
          ^~~~~~~~~~~~~~~
compilation terminated.
Multiple libraries were found for &#34;FlashStorage.h&#34;
  Used: /home/ec2-user/arduino-testlib/cli-datadir/user/libraries/FlashStorage
  Not used: /home/ec2-user/arduino-testlib/cli-datadir/user/libraries/KonnektingFlashStorage
</pre>
					
					<h4>examples/timed_measure_and_publish</h4>
					<p>
						Result: <b>FAIL</b>
					</p>
					<pre class="pre-scrollable">In file included from /home/ec2-user/arduino-testlib/cli-datadir/user/libraries/WolkConnect/examples/timed_measure_and_publish/timed_measure_and_publish.ino:4:0:
/home/ec2-user/arduino-testlib/cli-datadir/user/libraries/WolkConnect/src/WolkConn.h:38:10: fatal error: avr/dtostrf.h: No such file or directory
 #include &lt;avr/dtostrf.h&gt;
          ^~~~~~~~~~~~~~~
compilation terminated.

</pre>
					
				
				<h3 id="arduino:samd:mkrwifi1010">arduino:samd:mkrwifi1010 @ 1.8.12</h3>
				<h4>Inclusion</h4>
				<p>
					Result: <b>PASS</b>
					
					<br />This library has no main header file so an empty one was created.
					
				</p>
				<pre class="pre-scrollable">Sketch uses 12412 bytes (4%) of program storage space. Maximum is 262144 bytes.
Global variables use 3004 bytes (9%) of dynamic memory, leaving 29764 bytes for local variables. Maximum is 32768 bytes.
</pre>

					
					<h4>examples/e8266-SSL</h4>
					<p>
						Result: <b>FAIL</b>
					</p>
					<pre class="pre-scrollable">/Users/alranel/Documents/git/arduino/arduino-testlib/cli-datadir/user/libraries/WolkConnect/examples/e8266-SSL/e8266-SSL.ino:1:10: fatal error: ESP8266WiFi.h: No such file or directory
 #include &lt;ESP8266WiFi.h&gt;
          ^~~~~~~~~~~~~~~
compilation terminated.

</pre>
					
					<h4>examples/full_feature_set</h4>
					<p>
						Result: <b>PASS</b>
					</p>
					<pre class="pre-scrollable">Sketch uses 55068 bytes (21%) of program storage space. Maximum is 262144 bytes.
Global variables use 11556 bytes (35%) of dynamic memory, leaving 21212 bytes for local variables. Maximum is 32768 bytes.
</pre>
					
					<h4>examples/simple</h4>
					<p>
						Result: <b>PASS</b>
					</p>
					<pre class="pre-scrollable">Sketch uses 53108 bytes (20%) of program storage space. Maximum is 262144 bytes.
Global variables use 10740 bytes (32%) of dynamic memory, leaving 22028 bytes for local variables. Maximum is 32768 bytes.
</pre>
					
					<h4>examples/simple_flash_persistence</h4>
					<p>
						Result: <b>PASS</b>
					</p>
					<pre class="pre-scrollable">Sketch uses 65324 bytes (24%) of program storage space. Maximum is 262144 bytes.
Global variables use 16944 bytes (51%) of dynamic memory, leaving 15824 bytes for local variables. Maximum is 32768 bytes.
</pre>
					
					<h4>examples/timed_measure_and_publish</h4>
					<p>
						Result: <b>PASS</b>
					</p>
					<pre class="pre-scrollable">Sketch uses 53540 bytes (20%) of program storage space. Maximum is 262144 bytes.
Global variables use 10764 bytes (32%) of dynamic memory, leaving 22004 bytes for local variables. Maximum is 32768 bytes.
</pre>
					
				
				<h3 id="esp32:esp32:d1_mini32">esp32:esp32:d1_mini32 @ 1.0.6</h3>
				<h4>Inclusion</h4>
				<p>
					Result: <b>FAIL</b>
					
				</p>
				<pre class="pre-scrollable">In file included from /tmp/arduino-testlib2995663470/test/test.ino:1:0:
/home/ec2-user/arduino-testlib/cli-datadir/user/libraries/WolkConnect/src/WolkConn.h:38:25: fatal error: avr/dtostrf.h: No such file or directory
compilation terminated.

</pre>

					
					<h4>examples/e8266-SSL</h4>
					<p>
						Result: <b>FAIL</b>
					</p>
					<pre class="pre-scrollable">/home/ec2-user/arduino-testlib/cli-datadir/user/libraries/WolkConnect/examples/e8266-SSL/e8266-SSL.ino:1:25: fatal error: ESP8266WiFi.h: No such file or directory
compilation terminated.

</pre>
					
					<h4>examples/full_feature_set</h4>
					<p>
						Result: <b>FAIL</b>
					</p>
					<pre class="pre-scrollable">In file included from /home/ec2-user/arduino-testlib/cli-datadir/user/libraries/WolkConnect/examples/full_feature_set/full_feature_set.ino:3:0:
/home/ec2-user/arduino-testlib/cli-datadir/user/libraries/WolkConnect/src/WolkConn.h:38:25: fatal error: avr/dtostrf.h: No such file or directory
compilation terminated.

</pre>
					
					<h4>examples/simple</h4>
					<p>
						Result: <b>FAIL</b>
					</p>
					<pre class="pre-scrollable">In file included from /home/ec2-user/arduino-testlib/cli-datadir/user/libraries/WolkConnect/examples/simple/simple.ino:3:0:
/home/ec2-user/arduino-testlib/cli-datadir/user/libraries/WolkConnect/src/WolkConn.h:38:25: fatal error: avr/dtostrf.h: No such file or directory
compilation terminated.

</pre>
					
					<h4>examples/simple_flash_persistence</h4>
					<p>
						Result: <b>FAIL</b>
					</p>
					<pre class="pre-scrollable">In file included from /home/ec2-user/arduino-testlib/cli-datadir/user/libraries/WolkConnect/examples/simple_flash_persistence/simple_flash_persistence.ino:7:0:
/home/ec2-user/arduino-testlib/cli-datadir/user/libraries/WolkConnect/src/WolkConn.h:38:25: fatal error: avr/dtostrf.h: No such file or directory
compilation terminated.
Multiple libraries were found for &#34;FlashStorage.h&#34;
  Used: /home/ec2-user/arduino-testlib/cli-datadir/user/libraries/FlashStorage
  Not used: /home/ec2-user/arduino-testlib/cli-datadir/user/libraries/KonnektingFlashStorage
</pre>
					
					<h4>examples/timed_measure_and_publish</h4>
					<p>
						Result: <b>FAIL</b>
					</p>
					<pre class="pre-scrollable">In file included from /home/ec2-user/arduino-testlib/cli-datadir/user/libraries/WolkConnect/examples/timed_measure_and_publish/timed_measure_and_publish.ino:4:0:
/home/ec2-user/arduino-testlib/cli-datadir/user/libraries/WolkConnect/src/WolkConn.h:38:25: fatal error: avr/dtostrf.h: No such file or directory
compilation terminated.

</pre>
					
				
			</div>
		</div>
	</div>
  </body>
</html>
