
<!doctype html>
<html lang="en">
  <head>
    <meta charset="utf-8">
    <meta name="viewport" content="width=device-width, initial-scale=1">
    <link href="https://cdn.jsdelivr.net/npm/bootstrap@5.0.2/dist/css/bootstrap.min.css" rel="stylesheet" integrity="sha384-EVSTQN3/azprG1Anm3QDgpJLIm9Nao0Yz1ztcQTwFspd3yD65VohhpuuCOmLASjC" crossorigin="anonymous">
    <title>arduino-testlib report</title>
	<style>
	.pass { background-color: #00FF00 !important; }
	.fail { background-color: #FF0000 !important; }
	</style>
  </head>
  <body>
	<div class="container">
		<div class="row">
			<div class="col">
				<h1>XLR8Float - compatibility matrix</h1>
				<p>
					<small>This report was generated on Monday, 21-Feb-22 12:00:25 CET using 
					<a href="https://github.com/alranel/arduino-testlib">arduino-testlib</a>.</small>
				</p>

				<h2>XLR8Float</h2>
				<p>
					Version: <b>2.0.1</b>
					<br />
					<a href="https://www.arduino.cc/reference/en/libraries/xlr8float/">More details</a>
				</p>

				<h2>Compatibility matrix</h2>
				<table class="table table-bordered">
					<tr>
						<th>Board</th>
						<th>Claims compatibility</th>
						<th>Inclusion</th>
						
						<th><pre>XLR8FloatTest</pre></th>
						
						<th><pre>xlr8_float_simple</pre></th>
						
					</tr>
					
					<tr>
						<td>
							<a href="#arduino%3aavr%3auno"><b>arduino:avr:uno</b></a>
							<br />
							<small>1.8.4</small>
						</td>

						
							<td>Yes</td>
							<td class="pass">PASS</td>
						
						
						
						

						
							
								
									
										
											<td class="pass">PASS</td>
											
										
									
										
									
								
							
								
							
								
							
								
							
								
							
						
							
								
									
										
									
										
											<td class="pass">PASS</td>
											
										
									
								
							
								
							
								
							
								
							
								
							
						
					</tr>
					
					<tr>
						<td>
							<a href="#arduino%3ambed_nano%3ananorp2040connect"><b>arduino:mbed_nano:nanorp2040connect</b></a>
							<br />
							<small>2.7.2</small>
						</td>

						
						
							<td>No ⚠️</td>
							<td class="pass">PASS</td>
						
						
						

						
							
								
							
								
									
										
											
											<td class="fail">FAIL</td>
										
									
										
									
								
							
								
							
								
							
								
							
						
							
								
							
								
									
										
									
										
											<td class="pass">PASS</td>
											
										
									
								
							
								
							
								
							
								
							
						
					</tr>
					
					<tr>
						<td>
							<a href="#arduino%3amegaavr%3anona4809"><b>arduino:megaavr:nona4809</b></a>
							<br />
							<small>1.8.7</small>
						</td>

						
						
							<td>No ⚠️</td>
							<td class="pass">PASS</td>
						
						
						

						
							
								
							
								
							
								
									
										
											
											<td class="fail">FAIL</td>
										
									
										
									
								
							
								
							
								
							
						
							
								
							
								
							
								
									
										
									
										
											<td class="pass">PASS</td>
											
										
									
								
							
								
							
								
							
						
					</tr>
					
					<tr>
						<td>
							<a href="#arduino%3asamd%3amkrwifi1010"><b>arduino:samd:mkrwifi1010</b></a>
							<br />
							<small>1.8.12</small>
						</td>

						
						
							<td>No ⚠️</td>
							<td class="pass">PASS</td>
						
						
						

						
							
								
							
								
							
								
							
								
									
										
											
											<td class="fail">FAIL</td>
										
									
										
									
								
							
								
							
						
							
								
							
								
							
								
							
								
									
										
									
										
											<td class="pass">PASS</td>
											
										
									
								
							
								
							
						
					</tr>
					
					<tr>
						<td>
							<a href="#esp32%3aesp32%3ad1_mini32"><b>esp32:esp32:d1_mini32</b></a>
							<br />
							<small>1.0.6</small>
						</td>

						
						
							<td>No ⚠️</td>
							<td class="pass">PASS</td>
						
						
						

						
							
								
							
								
							
								
							
								
							
								
									
										
											
											<td class="fail">FAIL</td>
										
									
										
									
								
							
						
							
								
							
								
							
								
							
								
							
								
									
										
									
										
											<td class="pass">PASS</td>
											
										
									
								
							
						
					</tr>
					
				</table>

				<h2>Compilation logs</h2>
				
				<h3 id="arduino:avr:uno">arduino:avr:uno @ 1.8.4</h3>
				<h4>Inclusion</h4>
				<p>
					Result: <b>PASS</b>
					
				</p>
				<pre class="pre-scrollable">Sketch uses 444 bytes (1%) of program storage space. Maximum is 32256 bytes.
Global variables use 9 bytes (0%) of dynamic memory, leaving 2039 bytes for local variables. Maximum is 2048 bytes.
</pre>

					
					<h4>examples/XLR8FloatTest</h4>
					<p>
						Result: <b>PASS</b>
					</p>
					<pre class="pre-scrollable">Sketch uses 6572 bytes (20%) of program storage space. Maximum is 32256 bytes.
Global variables use 678 bytes (33%) of dynamic memory, leaving 1370 bytes for local variables. Maximum is 2048 bytes.
</pre>
					
					<h4>examples/xlr8_float_simple</h4>
					<p>
						Result: <b>PASS</b>
					</p>
					<pre class="pre-scrollable">Sketch uses 4206 bytes (13%) of program storage space. Maximum is 32256 bytes.
Global variables use 390 bytes (19%) of dynamic memory, leaving 1658 bytes for local variables. Maximum is 2048 bytes.
</pre>
					
				
				<h3 id="arduino:mbed_nano:nanorp2040connect">arduino:mbed_nano:nanorp2040connect @ 2.7.2</h3>
				<h4>Inclusion</h4>
				<p>
					Result: <b>PASS</b>
					
				</p>
				<pre class="pre-scrollable">WARNING: library XLR8Float claims to run on avr architecture(s) and may be incompatible with your current board which runs on mbed_nano architecture(s).
Sketch uses 78756 bytes (0%) of program storage space. Maximum is 16777216 bytes.
Global variables use 43444 bytes (16%) of dynamic memory, leaving 226892 bytes for local variables. Maximum is 270336 bytes.
</pre>

					
					<h4>examples/XLR8FloatTest</h4>
					<p>
						Result: <b>FAIL</b>
					</p>
					<pre class="pre-scrollable">WARNING: library XLR8Float claims to run on avr architecture(s) and may be incompatible with your current board which runs on mbed_nano architecture(s).
/home/ec2-user/arduino-testlib/cli-datadir/user/libraries/XLR8Float/examples/XLR8FloatTest/XLR8FloatTest.ino: In function &#39;void setup()&#39;:
/home/ec2-user/arduino-testlib/cli-datadir/user/libraries/XLR8Float/examples/XLR8FloatTest/XLR8FloatTest.ino:50:3: error: &#39;cli&#39; was not declared in this scope
   cli();
   ^~~
/home/ec2-user/arduino-testlib/cli-datadir/user/libraries/XLR8Float/examples/XLR8FloatTest/XLR8FloatTest.ino:54:3: error: &#39;TCCR1A&#39; was not declared in this scope
   TCCR1A = 0;
   ^~~~~~
/home/ec2-user/arduino-testlib/cli-datadir/user/libraries/XLR8Float/examples/XLR8FloatTest/XLR8FloatTest.ino:55:3: error: &#39;TCCR1B&#39; was not declared in this scope
   TCCR1B = (1 &lt;&lt; CS10) ; // no prescaler
   ^~~~~~
/home/ec2-user/arduino-testlib/cli-datadir/user/libraries/XLR8Float/examples/XLR8FloatTest/XLR8FloatTest.ino:55:18: error: &#39;CS10&#39; was not declared in this scope
   TCCR1B = (1 &lt;&lt; CS10) ; // no prescaler
                  ^~~~
/home/ec2-user/arduino-testlib/cli-datadir/user/libraries/XLR8Float/examples/XLR8FloatTest/XLR8FloatTest.ino:55:18: note: suggested alternative: &#39;B110&#39;
   TCCR1B = (1 &lt;&lt; CS10) ; // no prescaler
                  ^~~~
                  B110
/home/ec2-user/arduino-testlib/cli-datadir/user/libraries/XLR8Float/examples/XLR8FloatTest/XLR8FloatTest.ino:56:3: error: &#39;TCNT1&#39; was not declared in this scope
   TCNT1 = 0;
   ^~~~~
/home/ec2-user/arduino-testlib/cli-datadir/user/libraries/XLR8Float/examples/XLR8FloatTest/XLR8FloatTest.ino:56:3: note: suggested alternative: &#39;SCNd16&#39;
   TCNT1 = 0;
   ^~~~~
   SCNd16
/home/ec2-user/arduino-testlib/cli-datadir/user/libraries/XLR8Float/examples/XLR8FloatTest/XLR8FloatTest.ino: In function &#39;void loop()&#39;:
/home/ec2-user/arduino-testlib/cli-datadir/user/libraries/XLR8Float/examples/XLR8FloatTest/XLR8FloatTest.ino:79:5: error: &#39;GPIOR1&#39; was not declared in this scope
     GPIOR1 = 0x80; // flag to finish with failure
     ^~~~~~
/home/ec2-user/arduino-testlib/cli-datadir/user/libraries/XLR8Float/examples/XLR8FloatTest/XLR8FloatTest.ino:79:5: note: suggested alternative: &#39;SPI_1&#39;
     GPIOR1 = 0x80; // flag to finish with failure
     ^~~~~~
     SPI_1
/home/ec2-user/arduino-testlib/cli-datadir/user/libraries/XLR8Float/examples/XLR8FloatTest/XLR8FloatTest.ino:92:5: error: &#39;GPIOR1&#39; was not declared in this scope
     GPIOR1 = (GPIOR1 == 0) ? 0xC0 : 0x80; // finish flag with either pass or fail status
     ^~~~~~
/home/ec2-user/arduino-testlib/cli-datadir/user/libraries/XLR8Float/examples/XLR8FloatTest/XLR8FloatTest.ino:92:5: note: suggested alternative: &#39;SPI_1&#39;
     GPIOR1 = (GPIOR1 == 0) ? 0xC0 : 0x80; // finish flag with either pass or fail status
     ^~~~~~
     SPI_1
/home/ec2-user/arduino-testlib/cli-datadir/user/libraries/XLR8Float/examples/XLR8FloatTest/XLR8FloatTest.ino: In function &#39;int update_stats_float(int, statistics*)&#39;:
/home/ec2-user/arduino-testlib/cli-datadir/user/libraries/XLR8Float/examples/XLR8FloatTest/XLR8FloatTest.ino:129:3: error: &#39;TCNT1&#39; was not declared in this scope
   TCNT1 = 0;
   ^~~~~
/home/ec2-user/arduino-testlib/cli-datadir/user/libraries/XLR8Float/examples/XLR8FloatTest/XLR8FloatTest.ino:129:3: note: suggested alternative: &#39;SCNd16&#39;
   TCNT1 = 0;
   ^~~~~
   SCNd16
/home/ec2-user/arduino-testlib/cli-datadir/user/libraries/XLR8Float/examples/XLR8FloatTest/XLR8FloatTest.ino: In function &#39;int update_stats_xlr8(int, statistics*)&#39;:
/home/ec2-user/arduino-testlib/cli-datadir/user/libraries/XLR8Float/examples/XLR8FloatTest/XLR8FloatTest.ino:147:3: error: &#39;TCNT1&#39; was not declared in this scope
   TCNT1 = 0;
   ^~~~~
/home/ec2-user/arduino-testlib/cli-datadir/user/libraries/XLR8Float/examples/XLR8FloatTest/XLR8FloatTest.ino:147:3: note: suggested alternative: &#39;SCNd16&#39;
   TCNT1 = 0;
   ^~~~~
   SCNd16
/home/ec2-user/arduino-testlib/cli-datadir/user/libraries/XLR8Float/examples/XLR8FloatTest/XLR8FloatTest.ino:152:30: error: call of overloaded &#39;xlr8FloatFromInt(int&amp;)&#39; is ambiguous
   x = xlr8FloatFromInt(newval);
                              ^
In file included from /home/ec2-user/arduino-testlib/cli-datadir/user/libraries/XLR8Float/examples/XLR8FloatTest/XLR8FloatTest.ino:1:0:
/home/ec2-user/arduino-testlib/cli-datadir/user/libraries/XLR8Float/XLR8Float.h:78:21: note: candidate: float xlr8FloatFromInt(uint16_t)
 static inline float xlr8FloatFromInt (uint16_t opa) {return (float)opa;}
                     ^~~~~~~~~~~~~~~~
/home/ec2-user/arduino-testlib/cli-datadir/user/libraries/XLR8Float/XLR8Float.h:79:21: note: candidate: float xlr8FloatFromInt(int16_t)
 static inline float xlr8FloatFromInt (int16_t opa) {return (float)opa;}
                     ^~~~~~~~~~~~~~~~

</pre>
					
					<h4>examples/xlr8_float_simple</h4>
					<p>
						Result: <b>PASS</b>
					</p>
					<pre class="pre-scrollable">WARNING: library XLR8Float claims to run on avr architecture(s) and may be incompatible with your current board which runs on mbed_nano architecture(s).
Sketch uses 82798 bytes (0%) of program storage space. Maximum is 16777216 bytes.
Global variables use 43468 bytes (16%) of dynamic memory, leaving 226868 bytes for local variables. Maximum is 270336 bytes.
</pre>
					
				
				<h3 id="arduino:megaavr:nona4809">arduino:megaavr:nona4809 @ 1.8.7</h3>
				<h4>Inclusion</h4>
				<p>
					Result: <b>PASS</b>
					
				</p>
				<pre class="pre-scrollable">WARNING: library XLR8Float claims to run on avr architecture(s) and may be incompatible with your current board which runs on megaavr architecture(s).
Sketch uses 802 bytes (1%) of program storage space. Maximum is 49152 bytes.
Global variables use 22 bytes (0%) of dynamic memory, leaving 6122 bytes for local variables. Maximum is 6144 bytes.
</pre>

					
					<h4>examples/XLR8FloatTest</h4>
					<p>
						Result: <b>FAIL</b>
					</p>
					<pre class="pre-scrollable">WARNING: library XLR8Float claims to run on avr architecture(s) and may be incompatible with your current board which runs on megaavr architecture(s).
/home/ec2-user/arduino-testlib/cli-datadir/user/libraries/XLR8Float/examples/XLR8FloatTest/XLR8FloatTest.ino: In function &#39;void setup()&#39;:
/home/ec2-user/arduino-testlib/cli-datadir/user/libraries/XLR8Float/examples/XLR8FloatTest/XLR8FloatTest.ino:54:3: error: &#39;TCCR1A&#39; was not declared in this scope
   TCCR1A = 0;
   ^~~~~~
/home/ec2-user/arduino-testlib/cli-datadir/user/libraries/XLR8Float/examples/XLR8FloatTest/XLR8FloatTest.ino:54:3: note: suggested alternative: &#39;TCB1&#39;
   TCCR1A = 0;
   ^~~~~~
   TCB1
/home/ec2-user/arduino-testlib/cli-datadir/user/libraries/XLR8Float/examples/XLR8FloatTest/XLR8FloatTest.ino:55:3: error: &#39;TCCR1B&#39; was not declared in this scope
   TCCR1B = (1 &lt;&lt; CS10) ; // no prescaler
   ^~~~~~
/home/ec2-user/arduino-testlib/cli-datadir/user/libraries/XLR8Float/examples/XLR8FloatTest/XLR8FloatTest.ino:55:3: note: suggested alternative: &#39;TCB1&#39;
   TCCR1B = (1 &lt;&lt; CS10) ; // no prescaler
   ^~~~~~
   TCB1
/home/ec2-user/arduino-testlib/cli-datadir/user/libraries/XLR8Float/examples/XLR8FloatTest/XLR8FloatTest.ino:55:18: error: &#39;CS10&#39; was not declared in this scope
   TCCR1B = (1 &lt;&lt; CS10) ; // no prescaler
                  ^~~~
/home/ec2-user/arduino-testlib/cli-datadir/user/libraries/XLR8Float/examples/XLR8FloatTest/XLR8FloatTest.ino:55:18: note: suggested alternative: &#39;B110&#39;
   TCCR1B = (1 &lt;&lt; CS10) ; // no prescaler
                  ^~~~
                  B110
/home/ec2-user/arduino-testlib/cli-datadir/user/libraries/XLR8Float/examples/XLR8FloatTest/XLR8FloatTest.ino:56:3: error: &#39;TCNT1&#39; was not declared in this scope
   TCNT1 = 0;
   ^~~~~
/home/ec2-user/arduino-testlib/cli-datadir/user/libraries/XLR8Float/examples/XLR8FloatTest/XLR8FloatTest.ino:56:3: note: suggested alternative: &#39;TCB1&#39;
   TCNT1 = 0;
   ^~~~~
   TCB1
/home/ec2-user/arduino-testlib/cli-datadir/user/libraries/XLR8Float/examples/XLR8FloatTest/XLR8FloatTest.ino: In function &#39;int update_stats_float(int, statistics*)&#39;:
/home/ec2-user/arduino-testlib/cli-datadir/user/libraries/XLR8Float/examples/XLR8FloatTest/XLR8FloatTest.ino:129:3: error: &#39;TCNT1&#39; was not declared in this scope
   TCNT1 = 0;
   ^~~~~
/home/ec2-user/arduino-testlib/cli-datadir/user/libraries/XLR8Float/examples/XLR8FloatTest/XLR8FloatTest.ino:129:3: note: suggested alternative: &#39;TCB1&#39;
   TCNT1 = 0;
   ^~~~~
   TCB1
/home/ec2-user/arduino-testlib/cli-datadir/user/libraries/XLR8Float/examples/XLR8FloatTest/XLR8FloatTest.ino: In function &#39;int update_stats_xlr8(int, statistics*)&#39;:
/home/ec2-user/arduino-testlib/cli-datadir/user/libraries/XLR8Float/examples/XLR8FloatTest/XLR8FloatTest.ino:147:3: error: &#39;TCNT1&#39; was not declared in this scope
   TCNT1 = 0;
   ^~~~~
/home/ec2-user/arduino-testlib/cli-datadir/user/libraries/XLR8Float/examples/XLR8FloatTest/XLR8FloatTest.ino:147:3: note: suggested alternative: &#39;TCB1&#39;
   TCNT1 = 0;
   ^~~~~
   TCB1

</pre>
					
					<h4>examples/xlr8_float_simple</h4>
					<p>
						Result: <b>PASS</b>
					</p>
					<pre class="pre-scrollable">WARNING: library XLR8Float claims to run on avr architecture(s) and may be incompatible with your current board which runs on megaavr architecture(s).
Sketch uses 5318 bytes (10%) of program storage space. Maximum is 49152 bytes.
Global variables use 201 bytes (3%) of dynamic memory, leaving 5943 bytes for local variables. Maximum is 6144 bytes.
</pre>
					
				
				<h3 id="arduino:samd:mkrwifi1010">arduino:samd:mkrwifi1010 @ 1.8.12</h3>
				<h4>Inclusion</h4>
				<p>
					Result: <b>PASS</b>
					
				</p>
				<pre class="pre-scrollable">WARNING: library XLR8Float claims to run on avr architecture(s) and may be incompatible with your current board which runs on samd architecture(s).
Sketch uses 12156 bytes (4%) of program storage space. Maximum is 262144 bytes.
Global variables use 2996 bytes (9%) of dynamic memory, leaving 29772 bytes for local variables. Maximum is 32768 bytes.
</pre>

					
					<h4>examples/XLR8FloatTest</h4>
					<p>
						Result: <b>FAIL</b>
					</p>
					<pre class="pre-scrollable">WARNING: library XLR8Float claims to run on avr architecture(s) and may be incompatible with your current board which runs on samd architecture(s).
/home/ec2-user/arduino-testlib/cli-datadir/user/libraries/XLR8Float/examples/XLR8FloatTest/XLR8FloatTest.ino: In function &#39;void setup()&#39;:
/home/ec2-user/arduino-testlib/cli-datadir/user/libraries/XLR8Float/examples/XLR8FloatTest/XLR8FloatTest.ino:50:3: error: &#39;cli&#39; was not declared in this scope
   cli();
   ^~~
/home/ec2-user/arduino-testlib/cli-datadir/user/libraries/XLR8Float/examples/XLR8FloatTest/XLR8FloatTest.ino:50:3: note: suggested alternative: &#39;Gclk&#39;
   cli();
   ^~~
   Gclk
/home/ec2-user/arduino-testlib/cli-datadir/user/libraries/XLR8Float/examples/XLR8FloatTest/XLR8FloatTest.ino:54:3: error: &#39;TCCR1A&#39; was not declared in this scope
   TCCR1A = 0;
   ^~~~~~
/home/ec2-user/arduino-testlib/cli-datadir/user/libraries/XLR8Float/examples/XLR8FloatTest/XLR8FloatTest.ino:54:3: note: suggested alternative: &#39;TCC1&#39;
   TCCR1A = 0;
   ^~~~~~
   TCC1
/home/ec2-user/arduino-testlib/cli-datadir/user/libraries/XLR8Float/examples/XLR8FloatTest/XLR8FloatTest.ino:55:3: error: &#39;TCCR1B&#39; was not declared in this scope
   TCCR1B = (1 &lt;&lt; CS10) ; // no prescaler
   ^~~~~~
/home/ec2-user/arduino-testlib/cli-datadir/user/libraries/XLR8Float/examples/XLR8FloatTest/XLR8FloatTest.ino:55:3: note: suggested alternative: &#39;TCC1&#39;
   TCCR1B = (1 &lt;&lt; CS10) ; // no prescaler
   ^~~~~~
   TCC1
/home/ec2-user/arduino-testlib/cli-datadir/user/libraries/XLR8Float/examples/XLR8FloatTest/XLR8FloatTest.ino:55:18: error: &#39;CS10&#39; was not declared in this scope
   TCCR1B = (1 &lt;&lt; CS10) ; // no prescaler
                  ^~~~
/home/ec2-user/arduino-testlib/cli-datadir/user/libraries/XLR8Float/examples/XLR8FloatTest/XLR8FloatTest.ino:55:18: note: suggested alternative: &#39;SS1&#39;
   TCCR1B = (1 &lt;&lt; CS10) ; // no prescaler
                  ^~~~
                  SS1
/home/ec2-user/arduino-testlib/cli-datadir/user/libraries/XLR8Float/examples/XLR8FloatTest/XLR8FloatTest.ino:56:3: error: &#39;TCNT1&#39; was not declared in this scope
   TCNT1 = 0;
   ^~~~~
/home/ec2-user/arduino-testlib/cli-datadir/user/libraries/XLR8Float/examples/XLR8FloatTest/XLR8FloatTest.ino:56:3: note: suggested alternative: &#39;TCC1&#39;
   TCNT1 = 0;
   ^~~~~
   TCC1
/home/ec2-user/arduino-testlib/cli-datadir/user/libraries/XLR8Float/examples/XLR8FloatTest/XLR8FloatTest.ino: In function &#39;void loop()&#39;:
/home/ec2-user/arduino-testlib/cli-datadir/user/libraries/XLR8Float/examples/XLR8FloatTest/XLR8FloatTest.ino:79:5: error: &#39;GPIOR1&#39; was not declared in this scope
     GPIOR1 = 0x80; // flag to finish with failure
     ^~~~~~
/home/ec2-user/arduino-testlib/cli-datadir/user/libraries/XLR8Float/examples/XLR8FloatTest/XLR8FloatTest.ino:79:5: note: suggested alternative: &#39;PORT&#39;
     GPIOR1 = 0x80; // flag to finish with failure
     ^~~~~~
     PORT
/home/ec2-user/arduino-testlib/cli-datadir/user/libraries/XLR8Float/examples/XLR8FloatTest/XLR8FloatTest.ino:92:5: error: &#39;GPIOR1&#39; was not declared in this scope
     GPIOR1 = (GPIOR1 == 0) ? 0xC0 : 0x80; // finish flag with either pass or fail status
     ^~~~~~
/home/ec2-user/arduino-testlib/cli-datadir/user/libraries/XLR8Float/examples/XLR8FloatTest/XLR8FloatTest.ino:92:5: note: suggested alternative: &#39;PORT&#39;
     GPIOR1 = (GPIOR1 == 0) ? 0xC0 : 0x80; // finish flag with either pass or fail status
     ^~~~~~
     PORT
/home/ec2-user/arduino-testlib/cli-datadir/user/libraries/XLR8Float/examples/XLR8FloatTest/XLR8FloatTest.ino: In function &#39;int update_stats_float(int, statistics*)&#39;:
/home/ec2-user/arduino-testlib/cli-datadir/user/libraries/XLR8Float/examples/XLR8FloatTest/XLR8FloatTest.ino:129:3: error: &#39;TCNT1&#39; was not declared in this scope
   TCNT1 = 0;
   ^~~~~
/home/ec2-user/arduino-testlib/cli-datadir/user/libraries/XLR8Float/examples/XLR8FloatTest/XLR8FloatTest.ino:129:3: note: suggested alternative: &#39;TCC1&#39;
   TCNT1 = 0;
   ^~~~~
   TCC1
/home/ec2-user/arduino-testlib/cli-datadir/user/libraries/XLR8Float/examples/XLR8FloatTest/XLR8FloatTest.ino: In function &#39;int update_stats_xlr8(int, statistics*)&#39;:
/home/ec2-user/arduino-testlib/cli-datadir/user/libraries/XLR8Float/examples/XLR8FloatTest/XLR8FloatTest.ino:147:3: error: &#39;TCNT1&#39; was not declared in this scope
   TCNT1 = 0;
   ^~~~~
/home/ec2-user/arduino-testlib/cli-datadir/user/libraries/XLR8Float/examples/XLR8FloatTest/XLR8FloatTest.ino:147:3: note: suggested alternative: &#39;TCC1&#39;
   TCNT1 = 0;
   ^~~~~
   TCC1
/home/ec2-user/arduino-testlib/cli-datadir/user/libraries/XLR8Float/examples/XLR8FloatTest/XLR8FloatTest.ino:152:30: error: call of overloaded &#39;xlr8FloatFromInt(int&amp;)&#39; is ambiguous
   x = xlr8FloatFromInt(newval);
                              ^
In file included from /home/ec2-user/arduino-testlib/cli-datadir/user/libraries/XLR8Float/examples/XLR8FloatTest/XLR8FloatTest.ino:1:0:
/home/ec2-user/arduino-testlib/cli-datadir/user/libraries/XLR8Float/XLR8Float.h:78:21: note: candidate: float xlr8FloatFromInt(uint16_t)
 static inline float xlr8FloatFromInt (uint16_t opa) {return (float)opa;}
                     ^~~~~~~~~~~~~~~~
/home/ec2-user/arduino-testlib/cli-datadir/user/libraries/XLR8Float/XLR8Float.h:79:21: note: candidate: float xlr8FloatFromInt(int16_t)
 static inline float xlr8FloatFromInt (int16_t opa) {return (float)opa;}
                     ^~~~~~~~~~~~~~~~

</pre>
					
					<h4>examples/xlr8_float_simple</h4>
					<p>
						Result: <b>PASS</b>
					</p>
					<pre class="pre-scrollable">WARNING: library XLR8Float claims to run on avr architecture(s) and may be incompatible with your current board which runs on samd architecture(s).
Sketch uses 23868 bytes (9%) of program storage space. Maximum is 262144 bytes.
Global variables use 3020 bytes (9%) of dynamic memory, leaving 29748 bytes for local variables. Maximum is 32768 bytes.
</pre>
					
				
				<h3 id="esp32:esp32:d1_mini32">esp32:esp32:d1_mini32 @ 1.0.6</h3>
				<h4>Inclusion</h4>
				<p>
					Result: <b>PASS</b>
					
				</p>
				<pre class="pre-scrollable">WARNING: library XLR8Float claims to run on avr architecture(s) and may be incompatible with your current board which runs on esp32 architecture(s).
Sketch uses 197768 bytes (15%) of program storage space. Maximum is 1310720 bytes.
Global variables use 13092 bytes (3%) of dynamic memory, leaving 314588 bytes for local variables. Maximum is 327680 bytes.
</pre>

					
					<h4>examples/XLR8FloatTest</h4>
					<p>
						Result: <b>FAIL</b>
					</p>
					<pre class="pre-scrollable">WARNING: library XLR8Float claims to run on avr architecture(s) and may be incompatible with your current board which runs on esp32 architecture(s).
/home/ec2-user/arduino-testlib/cli-datadir/user/libraries/XLR8Float/examples/XLR8FloatTest/XLR8FloatTest.ino: In function &#39;void setup()&#39;:
/home/ec2-user/arduino-testlib/cli-datadir/user/libraries/XLR8Float/examples/XLR8FloatTest/XLR8FloatTest.ino:54:3: error: &#39;TCCR1A&#39; was not declared in this scope
   TCCR1A = 0;
   ^
/home/ec2-user/arduino-testlib/cli-datadir/user/libraries/XLR8Float/examples/XLR8FloatTest/XLR8FloatTest.ino:55:3: error: &#39;TCCR1B&#39; was not declared in this scope
   TCCR1B = (1 &lt;&lt; CS10) ; // no prescaler
   ^
/home/ec2-user/arduino-testlib/cli-datadir/user/libraries/XLR8Float/examples/XLR8FloatTest/XLR8FloatTest.ino:55:18: error: &#39;CS10&#39; was not declared in this scope
   TCCR1B = (1 &lt;&lt; CS10) ; // no prescaler
                  ^
/home/ec2-user/arduino-testlib/cli-datadir/user/libraries/XLR8Float/examples/XLR8FloatTest/XLR8FloatTest.ino:56:3: error: &#39;TCNT1&#39; was not declared in this scope
   TCNT1 = 0;
   ^
/home/ec2-user/arduino-testlib/cli-datadir/user/libraries/XLR8Float/examples/XLR8FloatTest/XLR8FloatTest.ino: In function &#39;void loop()&#39;:
/home/ec2-user/arduino-testlib/cli-datadir/user/libraries/XLR8Float/examples/XLR8FloatTest/XLR8FloatTest.ino:79:5: error: &#39;GPIOR1&#39; was not declared in this scope
     GPIOR1 = 0x80; // flag to finish with failure 
     ^
/home/ec2-user/arduino-testlib/cli-datadir/user/libraries/XLR8Float/examples/XLR8FloatTest/XLR8FloatTest.ino:92:5: error: &#39;GPIOR1&#39; was not declared in this scope
     GPIOR1 = (GPIOR1 == 0) ? 0xC0 : 0x80; // finish flag with either pass or fail status
     ^
/home/ec2-user/arduino-testlib/cli-datadir/user/libraries/XLR8Float/examples/XLR8FloatTest/XLR8FloatTest.ino: In function &#39;int update_stats_float(int, statistics*)&#39;:
/home/ec2-user/arduino-testlib/cli-datadir/user/libraries/XLR8Float/examples/XLR8FloatTest/XLR8FloatTest.ino:129:3: error: &#39;TCNT1&#39; was not declared in this scope
   TCNT1 = 0;
   ^
/home/ec2-user/arduino-testlib/cli-datadir/user/libraries/XLR8Float/examples/XLR8FloatTest/XLR8FloatTest.ino: In function &#39;int update_stats_xlr8(int, statistics*)&#39;:
/home/ec2-user/arduino-testlib/cli-datadir/user/libraries/XLR8Float/examples/XLR8FloatTest/XLR8FloatTest.ino:147:3: error: &#39;TCNT1&#39; was not declared in this scope
   TCNT1 = 0;
   ^
/home/ec2-user/arduino-testlib/cli-datadir/user/libraries/XLR8Float/examples/XLR8FloatTest/XLR8FloatTest.ino:152:30: error: call of overloaded &#39;xlr8FloatFromInt(int&amp;)&#39; is ambiguous
   x = xlr8FloatFromInt(newval);
                              ^
In file included from /home/ec2-user/arduino-testlib/cli-datadir/user/libraries/XLR8Float/examples/XLR8FloatTest/XLR8FloatTest.ino:1:0:
/home/ec2-user/arduino-testlib/cli-datadir/user/libraries/XLR8Float/XLR8Float.h:78:21: note: candidate: float xlr8FloatFromInt(uint16_t)
 static inline float xlr8FloatFromInt (uint16_t opa) {return (float)opa;}
                     ^
/home/ec2-user/arduino-testlib/cli-datadir/user/libraries/XLR8Float/XLR8Float.h:79:21: note: candidate: float xlr8FloatFromInt(int16_t)
 static inline float xlr8FloatFromInt (int16_t opa) {return (float)opa;}
                     ^

</pre>
					
					<h4>examples/xlr8_float_simple</h4>
					<p>
						Result: <b>PASS</b>
					</p>
					<pre class="pre-scrollable">WARNING: library XLR8Float claims to run on avr architecture(s) and may be incompatible with your current board which runs on esp32 architecture(s).
Sketch uses 205718 bytes (15%) of program storage space. Maximum is 1310720 bytes.
Global variables use 13448 bytes (4%) of dynamic memory, leaving 314232 bytes for local variables. Maximum is 327680 bytes.
</pre>
					
				
			</div>
		</div>
	</div>
  </body>
</html>
