
<!doctype html>
<html lang="en">
  <head>
    <meta charset="utf-8">
    <meta name="viewport" content="width=device-width, initial-scale=1">
    <link href="https://cdn.jsdelivr.net/npm/bootstrap@5.0.2/dist/css/bootstrap.min.css" rel="stylesheet" integrity="sha384-EVSTQN3/azprG1Anm3QDgpJLIm9Nao0Yz1ztcQTwFspd3yD65VohhpuuCOmLASjC" crossorigin="anonymous">
    <title>arduino-testlib report</title>
	<style>
	.pass { background-color: #00FF00 !important; }
	.fail { background-color: #FF0000 !important; }
	</style>
  </head>
  <body>
	<div class="container">
		<div class="row">
			<div class="col">
				<h1>Yet Another Arduino Debounce Library - compatibility matrix</h1>
				<p>
					<small>This report was generated on Monday, 21-Feb-22 12:00:25 CET using 
					<a href="https://github.com/alranel/arduino-testlib">arduino-testlib</a>.</small>
				</p>

				<h2>Yet Another Arduino Debounce Library</h2>
				<p>
					Version: <b>1.0.0</b>
					<br />
					<a href="https://www.arduino.cc/reference/en/libraries/yet-another-arduino-debounce-library/">More details</a>
				</p>

				<h2>Compatibility matrix</h2>
				<table class="table table-bordered">
					<tr>
						<th>Board</th>
						<th>Claims compatibility</th>
						<th>Inclusion</th>
						
						<th><pre>Async</pre></th>
						
						<th><pre>Polling</pre></th>
						
					</tr>
					
					<tr>
						<td>
							<a href="#arduino%3aavr%3auno"><b>arduino:avr:uno</b></a>
							<br />
							<small>1.8.4</small>
						</td>

						
							<td>Yes</td>
							<td class="pass">PASS</td>
						
						
						
						

						
							
								
									
										
											
											<td class="fail">FAIL</td>
										
									
										
									
								
							
								
							
								
							
								
							
								
							
						
							
								
									
										
									
										
											
											<td class="fail">FAIL</td>
										
									
								
							
								
							
								
							
								
							
								
							
						
					</tr>
					
					<tr>
						<td>
							<a href="#arduino%3ambed_nano%3ananorp2040connect"><b>arduino:mbed_nano:nanorp2040connect</b></a>
							<br />
							<small>2.7.2</small>
						</td>

						
							<td>Yes</td>
							<td class="pass">PASS</td>
						
						
						
						

						
							
								
							
								
									
										
											
											<td class="fail">FAIL</td>
										
									
										
									
								
							
								
							
								
							
								
							
						
							
								
							
								
									
										
									
										
											
											<td class="fail">FAIL</td>
										
									
								
							
								
							
								
							
								
							
						
					</tr>
					
					<tr>
						<td>
							<a href="#arduino%3amegaavr%3anona4809"><b>arduino:megaavr:nona4809</b></a>
							<br />
							<small>1.8.7</small>
						</td>

						
							<td>Yes</td>
							<td class="pass">PASS</td>
						
						
						
						

						
							
								
							
								
							
								
									
										
											
											<td class="fail">FAIL</td>
										
									
										
									
								
							
								
							
								
							
						
							
								
							
								
							
								
									
										
									
										
											
											<td class="fail">FAIL</td>
										
									
								
							
								
							
								
							
						
					</tr>
					
					<tr>
						<td>
							<a href="#arduino%3asamd%3amkrwifi1010"><b>arduino:samd:mkrwifi1010</b></a>
							<br />
							<small>1.8.12</small>
						</td>

						
							<td>Yes</td>
							<td class="pass">PASS</td>
						
						
						
						

						
							
								
							
								
							
								
							
								
									
										
											
											<td class="fail">FAIL</td>
										
									
										
									
								
							
								
							
						
							
								
							
								
							
								
							
								
									
										
									
										
											
											<td class="fail">FAIL</td>
										
									
								
							
								
							
						
					</tr>
					
					<tr>
						<td>
							<a href="#esp32%3aesp32%3ad1_mini32"><b>esp32:esp32:d1_mini32</b></a>
							<br />
							<small>1.0.6</small>
						</td>

						
							<td>Yes</td>
							<td class="pass">PASS</td>
						
						
						
						

						
							
								
							
								
							
								
							
								
							
								
									
										
											
											<td class="fail">FAIL</td>
										
									
										
									
								
							
						
							
								
							
								
							
								
							
								
							
								
									
										
									
										
											
											<td class="fail">FAIL</td>
										
									
								
							
						
					</tr>
					
				</table>

				<h2>Compilation logs</h2>
				
				<h3 id="arduino:avr:uno">arduino:avr:uno @ 1.8.4</h3>
				<h4>Inclusion</h4>
				<p>
					Result: <b>PASS</b>
					
					<br />This library has no main header file so an empty one was created.
					
				</p>
				<pre class="pre-scrollable">Sketch uses 444 bytes (1%) of program storage space. Maximum is 32256 bytes.
Global variables use 9 bytes (0%) of dynamic memory, leaving 2039 bytes for local variables. Maximum is 2048 bytes.
</pre>

					
					<h4>examples/Async</h4>
					<p>
						Result: <b>FAIL</b>
					</p>
					<pre class="pre-scrollable">/home/ec2-user/arduino-testlib/cli-datadir/user/libraries/Yet_Another_Arduino_Debounce_Library/examples/Async/Async.ino:86:21: error: &#39;A8&#39; was not declared in this scope
 int input_pins[] = {A8, A9, A10, A11, A12, A13, A14, A15};
                     ^~
/home/ec2-user/arduino-testlib/cli-datadir/user/libraries/Yet_Another_Arduino_Debounce_Library/examples/Async/Async.ino:86:21: note: suggested alternative: &#39;A7&#39;
 int input_pins[] = {A8, A9, A10, A11, A12, A13, A14, A15};
                     ^~
                     A7
/home/ec2-user/arduino-testlib/cli-datadir/user/libraries/Yet_Another_Arduino_Debounce_Library/examples/Async/Async.ino:86:25: error: &#39;A9&#39; was not declared in this scope
 int input_pins[] = {A8, A9, A10, A11, A12, A13, A14, A15};
                         ^~
/home/ec2-user/arduino-testlib/cli-datadir/user/libraries/Yet_Another_Arduino_Debounce_Library/examples/Async/Async.ino:86:25: note: suggested alternative: &#39;A7&#39;
 int input_pins[] = {A8, A9, A10, A11, A12, A13, A14, A15};
                         ^~
                         A7
/home/ec2-user/arduino-testlib/cli-datadir/user/libraries/Yet_Another_Arduino_Debounce_Library/examples/Async/Async.ino:86:29: error: &#39;A10&#39; was not declared in this scope
 int input_pins[] = {A8, A9, A10, A11, A12, A13, A14, A15};
                             ^~~
/home/ec2-user/arduino-testlib/cli-datadir/user/libraries/Yet_Another_Arduino_Debounce_Library/examples/Async/Async.ino:86:29: note: suggested alternative: &#39;A1&#39;
 int input_pins[] = {A8, A9, A10, A11, A12, A13, A14, A15};
                             ^~~
                             A1
/home/ec2-user/arduino-testlib/cli-datadir/user/libraries/Yet_Another_Arduino_Debounce_Library/examples/Async/Async.ino:86:34: error: &#39;A11&#39; was not declared in this scope
 int input_pins[] = {A8, A9, A10, A11, A12, A13, A14, A15};
                                  ^~~
/home/ec2-user/arduino-testlib/cli-datadir/user/libraries/Yet_Another_Arduino_Debounce_Library/examples/Async/Async.ino:86:34: note: suggested alternative: &#39;A1&#39;
 int input_pins[] = {A8, A9, A10, A11, A12, A13, A14, A15};
                                  ^~~
                                  A1
/home/ec2-user/arduino-testlib/cli-datadir/user/libraries/Yet_Another_Arduino_Debounce_Library/examples/Async/Async.ino:86:39: error: &#39;A12&#39; was not declared in this scope
 int input_pins[] = {A8, A9, A10, A11, A12, A13, A14, A15};
                                       ^~~
/home/ec2-user/arduino-testlib/cli-datadir/user/libraries/Yet_Another_Arduino_Debounce_Library/examples/Async/Async.ino:86:39: note: suggested alternative: &#39;A2&#39;
 int input_pins[] = {A8, A9, A10, A11, A12, A13, A14, A15};
                                       ^~~
                                       A2
/home/ec2-user/arduino-testlib/cli-datadir/user/libraries/Yet_Another_Arduino_Debounce_Library/examples/Async/Async.ino:86:44: error: &#39;A13&#39; was not declared in this scope
 int input_pins[] = {A8, A9, A10, A11, A12, A13, A14, A15};
                                            ^~~
/home/ec2-user/arduino-testlib/cli-datadir/user/libraries/Yet_Another_Arduino_Debounce_Library/examples/Async/Async.ino:86:44: note: suggested alternative: &#39;A3&#39;
 int input_pins[] = {A8, A9, A10, A11, A12, A13, A14, A15};
                                            ^~~
                                            A3
/home/ec2-user/arduino-testlib/cli-datadir/user/libraries/Yet_Another_Arduino_Debounce_Library/examples/Async/Async.ino:86:49: error: &#39;A14&#39; was not declared in this scope
 int input_pins[] = {A8, A9, A10, A11, A12, A13, A14, A15};
                                                 ^~~
/home/ec2-user/arduino-testlib/cli-datadir/user/libraries/Yet_Another_Arduino_Debounce_Library/examples/Async/Async.ino:86:49: note: suggested alternative: &#39;A4&#39;
 int input_pins[] = {A8, A9, A10, A11, A12, A13, A14, A15};
                                                 ^~~
                                                 A4
/home/ec2-user/arduino-testlib/cli-datadir/user/libraries/Yet_Another_Arduino_Debounce_Library/examples/Async/Async.ino:86:54: error: &#39;A15&#39; was not declared in this scope
 int input_pins[] = {A8, A9, A10, A11, A12, A13, A14, A15};
                                                      ^~~
/home/ec2-user/arduino-testlib/cli-datadir/user/libraries/Yet_Another_Arduino_Debounce_Library/examples/Async/Async.ino:86:54: note: suggested alternative: &#39;A5&#39;
 int input_pins[] = {A8, A9, A10, A11, A12, A13, A14, A15};
                                                      ^~~
                                                      A5

</pre>
					
					<h4>examples/Polling</h4>
					<p>
						Result: <b>FAIL</b>
					</p>
					<pre class="pre-scrollable">/home/ec2-user/arduino-testlib/cli-datadir/user/libraries/Yet_Another_Arduino_Debounce_Library/examples/Polling/Polling.ino:19:21: error: &#39;A8&#39; was not declared in this scope
 int input_pins[] = {A8, A9, A10, A11, A12, A13, A14, A15};
                     ^~
/home/ec2-user/arduino-testlib/cli-datadir/user/libraries/Yet_Another_Arduino_Debounce_Library/examples/Polling/Polling.ino:19:21: note: suggested alternative: &#39;A7&#39;
 int input_pins[] = {A8, A9, A10, A11, A12, A13, A14, A15};
                     ^~
                     A7
/home/ec2-user/arduino-testlib/cli-datadir/user/libraries/Yet_Another_Arduino_Debounce_Library/examples/Polling/Polling.ino:19:25: error: &#39;A9&#39; was not declared in this scope
 int input_pins[] = {A8, A9, A10, A11, A12, A13, A14, A15};
                         ^~
/home/ec2-user/arduino-testlib/cli-datadir/user/libraries/Yet_Another_Arduino_Debounce_Library/examples/Polling/Polling.ino:19:25: note: suggested alternative: &#39;A7&#39;
 int input_pins[] = {A8, A9, A10, A11, A12, A13, A14, A15};
                         ^~
                         A7
/home/ec2-user/arduino-testlib/cli-datadir/user/libraries/Yet_Another_Arduino_Debounce_Library/examples/Polling/Polling.ino:19:29: error: &#39;A10&#39; was not declared in this scope
 int input_pins[] = {A8, A9, A10, A11, A12, A13, A14, A15};
                             ^~~
/home/ec2-user/arduino-testlib/cli-datadir/user/libraries/Yet_Another_Arduino_Debounce_Library/examples/Polling/Polling.ino:19:29: note: suggested alternative: &#39;A1&#39;
 int input_pins[] = {A8, A9, A10, A11, A12, A13, A14, A15};
                             ^~~
                             A1
/home/ec2-user/arduino-testlib/cli-datadir/user/libraries/Yet_Another_Arduino_Debounce_Library/examples/Polling/Polling.ino:19:34: error: &#39;A11&#39; was not declared in this scope
 int input_pins[] = {A8, A9, A10, A11, A12, A13, A14, A15};
                                  ^~~
/home/ec2-user/arduino-testlib/cli-datadir/user/libraries/Yet_Another_Arduino_Debounce_Library/examples/Polling/Polling.ino:19:34: note: suggested alternative: &#39;A1&#39;
 int input_pins[] = {A8, A9, A10, A11, A12, A13, A14, A15};
                                  ^~~
                                  A1
/home/ec2-user/arduino-testlib/cli-datadir/user/libraries/Yet_Another_Arduino_Debounce_Library/examples/Polling/Polling.ino:19:39: error: &#39;A12&#39; was not declared in this scope
 int input_pins[] = {A8, A9, A10, A11, A12, A13, A14, A15};
                                       ^~~
/home/ec2-user/arduino-testlib/cli-datadir/user/libraries/Yet_Another_Arduino_Debounce_Library/examples/Polling/Polling.ino:19:39: note: suggested alternative: &#39;A2&#39;
 int input_pins[] = {A8, A9, A10, A11, A12, A13, A14, A15};
                                       ^~~
                                       A2
/home/ec2-user/arduino-testlib/cli-datadir/user/libraries/Yet_Another_Arduino_Debounce_Library/examples/Polling/Polling.ino:19:44: error: &#39;A13&#39; was not declared in this scope
 int input_pins[] = {A8, A9, A10, A11, A12, A13, A14, A15};
                                            ^~~
/home/ec2-user/arduino-testlib/cli-datadir/user/libraries/Yet_Another_Arduino_Debounce_Library/examples/Polling/Polling.ino:19:44: note: suggested alternative: &#39;A3&#39;
 int input_pins[] = {A8, A9, A10, A11, A12, A13, A14, A15};
                                            ^~~
                                            A3
/home/ec2-user/arduino-testlib/cli-datadir/user/libraries/Yet_Another_Arduino_Debounce_Library/examples/Polling/Polling.ino:19:49: error: &#39;A14&#39; was not declared in this scope
 int input_pins[] = {A8, A9, A10, A11, A12, A13, A14, A15};
                                                 ^~~
/home/ec2-user/arduino-testlib/cli-datadir/user/libraries/Yet_Another_Arduino_Debounce_Library/examples/Polling/Polling.ino:19:49: note: suggested alternative: &#39;A4&#39;
 int input_pins[] = {A8, A9, A10, A11, A12, A13, A14, A15};
                                                 ^~~
                                                 A4
/home/ec2-user/arduino-testlib/cli-datadir/user/libraries/Yet_Another_Arduino_Debounce_Library/examples/Polling/Polling.ino:19:54: error: &#39;A15&#39; was not declared in this scope
 int input_pins[] = {A8, A9, A10, A11, A12, A13, A14, A15};
                                                      ^~~
/home/ec2-user/arduino-testlib/cli-datadir/user/libraries/Yet_Another_Arduino_Debounce_Library/examples/Polling/Polling.ino:19:54: note: suggested alternative: &#39;A5&#39;
 int input_pins[] = {A8, A9, A10, A11, A12, A13, A14, A15};
                                                      ^~~
                                                      A5

</pre>
					
				
				<h3 id="arduino:mbed_nano:nanorp2040connect">arduino:mbed_nano:nanorp2040connect @ 2.7.2</h3>
				<h4>Inclusion</h4>
				<p>
					Result: <b>PASS</b>
					
				</p>
				<pre class="pre-scrollable">Sketch uses 78756 bytes (0%) of program storage space. Maximum is 16777216 bytes.
Global variables use 43444 bytes (16%) of dynamic memory, leaving 226892 bytes for local variables. Maximum is 270336 bytes.
</pre>

					
					<h4>examples/Async</h4>
					<p>
						Result: <b>FAIL</b>
					</p>
					<pre class="pre-scrollable">In file included from /home/ec2-user/arduino-testlib/cli-datadir/user/libraries/DeepSleepScheduler/DeepSleepScheduler.h:702:0,
                 from /home/ec2-user/arduino-testlib/cli-datadir/user/libraries/Yet_Another_Arduino_Debounce_Library/examples/Async/Async.ino:11:
/home/ec2-user/arduino-testlib/cli-datadir/user/libraries/DeepSleepScheduler/DeepSleepScheduler_avr_implementation.h:2:10: fatal error: avr/sleep.h: No such file or directory
 #include &lt;avr/sleep.h&gt;
          ^~~~~~~~~~~~~
compilation terminated.

</pre>
					
					<h4>examples/Polling</h4>
					<p>
						Result: <b>FAIL</b>
					</p>
					<pre class="pre-scrollable">In file included from /home/ec2-user/arduino-testlib/cli-datadir/user/libraries/Yet_Another_Arduino_Debounce_Library/examples/Polling/Polling.ino:5:0:
/home/ec2-user/arduino-testlib/cli-datadir/user/libraries/Yet_Another_Arduino_Debounce_Library/src/YetAnotherDebouncer.h:100:58: error: ISO C&#43;&#43; forbids declaration of &#39;hack_callback_noarg&#39; with no type [-fpermissive]
     static hack_callback_noarg(value_t value, void* param) {
                                                          ^
/home/ec2-user/arduino-testlib/cli-datadir/user/libraries/Yet_Another_Arduino_Debounce_Library/examples/Polling/Polling.ino:19:21: error: &#39;A8&#39; was not declared in this scope
 int input_pins[] = {A8, A9, A10, A11, A12, A13, A14, A15};
                     ^~
/home/ec2-user/arduino-testlib/cli-datadir/user/libraries/Yet_Another_Arduino_Debounce_Library/examples/Polling/Polling.ino:19:21: note: suggested alternative: &#39;A7&#39;
 int input_pins[] = {A8, A9, A10, A11, A12, A13, A14, A15};
                     ^~
                     A7
/home/ec2-user/arduino-testlib/cli-datadir/user/libraries/Yet_Another_Arduino_Debounce_Library/examples/Polling/Polling.ino:19:25: error: &#39;A9&#39; was not declared in this scope
 int input_pins[] = {A8, A9, A10, A11, A12, A13, A14, A15};
                         ^~
/home/ec2-user/arduino-testlib/cli-datadir/user/libraries/Yet_Another_Arduino_Debounce_Library/examples/Polling/Polling.ino:19:25: note: suggested alternative: &#39;A7&#39;
 int input_pins[] = {A8, A9, A10, A11, A12, A13, A14, A15};
                         ^~
                         A7
/home/ec2-user/arduino-testlib/cli-datadir/user/libraries/Yet_Another_Arduino_Debounce_Library/examples/Polling/Polling.ino:19:29: error: &#39;A10&#39; was not declared in this scope
 int input_pins[] = {A8, A9, A10, A11, A12, A13, A14, A15};
                             ^~~
/home/ec2-user/arduino-testlib/cli-datadir/user/libraries/Yet_Another_Arduino_Debounce_Library/examples/Polling/Polling.ino:19:29: note: suggested alternative: &#39;A1&#39;
 int input_pins[] = {A8, A9, A10, A11, A12, A13, A14, A15};
                             ^~~
                             A1
/home/ec2-user/arduino-testlib/cli-datadir/user/libraries/Yet_Another_Arduino_Debounce_Library/examples/Polling/Polling.ino:19:34: error: &#39;A11&#39; was not declared in this scope
 int input_pins[] = {A8, A9, A10, A11, A12, A13, A14, A15};
                                  ^~~
/home/ec2-user/arduino-testlib/cli-datadir/user/libraries/Yet_Another_Arduino_Debounce_Library/examples/Polling/Polling.ino:19:34: note: suggested alternative: &#39;A1&#39;
 int input_pins[] = {A8, A9, A10, A11, A12, A13, A14, A15};
                                  ^~~
                                  A1
/home/ec2-user/arduino-testlib/cli-datadir/user/libraries/Yet_Another_Arduino_Debounce_Library/examples/Polling/Polling.ino:19:39: error: &#39;A12&#39; was not declared in this scope
 int input_pins[] = {A8, A9, A10, A11, A12, A13, A14, A15};
                                       ^~~
/home/ec2-user/arduino-testlib/cli-datadir/user/libraries/Yet_Another_Arduino_Debounce_Library/examples/Polling/Polling.ino:19:39: note: suggested alternative: &#39;A2&#39;
 int input_pins[] = {A8, A9, A10, A11, A12, A13, A14, A15};
                                       ^~~
                                       A2
/home/ec2-user/arduino-testlib/cli-datadir/user/libraries/Yet_Another_Arduino_Debounce_Library/examples/Polling/Polling.ino:19:44: error: &#39;A13&#39; was not declared in this scope
 int input_pins[] = {A8, A9, A10, A11, A12, A13, A14, A15};
                                            ^~~
/home/ec2-user/arduino-testlib/cli-datadir/user/libraries/Yet_Another_Arduino_Debounce_Library/examples/Polling/Polling.ino:19:44: note: suggested alternative: &#39;A3&#39;
 int input_pins[] = {A8, A9, A10, A11, A12, A13, A14, A15};
                                            ^~~
                                            A3
/home/ec2-user/arduino-testlib/cli-datadir/user/libraries/Yet_Another_Arduino_Debounce_Library/examples/Polling/Polling.ino:19:49: error: &#39;A14&#39; was not declared in this scope
 int input_pins[] = {A8, A9, A10, A11, A12, A13, A14, A15};
                                                 ^~~
/home/ec2-user/arduino-testlib/cli-datadir/user/libraries/Yet_Another_Arduino_Debounce_Library/examples/Polling/Polling.ino:19:49: note: suggested alternative: &#39;A4&#39;
 int input_pins[] = {A8, A9, A10, A11, A12, A13, A14, A15};
                                                 ^~~
                                                 A4
/home/ec2-user/arduino-testlib/cli-datadir/user/libraries/Yet_Another_Arduino_Debounce_Library/examples/Polling/Polling.ino:19:54: error: &#39;A15&#39; was not declared in this scope
 int input_pins[] = {A8, A9, A10, A11, A12, A13, A14, A15};
                                                      ^~~
/home/ec2-user/arduino-testlib/cli-datadir/user/libraries/Yet_Another_Arduino_Debounce_Library/examples/Polling/Polling.ino:19:54: note: suggested alternative: &#39;A5&#39;
 int input_pins[] = {A8, A9, A10, A11, A12, A13, A14, A15};
                                                      ^~~
                                                      A5
In file included from /home/ec2-user/arduino-testlib/cli-datadir/user/libraries/Yet_Another_Arduino_Debounce_Library/examples/Polling/Polling.ino:5:0:
/home/ec2-user/arduino-testlib/cli-datadir/user/libraries/Yet_Another_Arduino_Debounce_Library/src/YetAnotherDebouncer.h: In instantiation of &#39;Debouncer&lt;clock, value_t&gt;::time_t Debouncer&lt;clock, value_t&gt;::set_value(value_t, bool, Debouncer&lt;clock, value_t&gt;::time_t) [with clock = Clock::Millis; value_t = bool; Debouncer&lt;clock, value_t&gt;::time_t = long int]&#39;:
/home/ec2-user/arduino-testlib/cli-datadir/user/libraries/Yet_Another_Arduino_Debounce_Library/src/YetAnotherDebouncer.h:190:25:   required from &#39;Debouncer&lt;clock, value_t&gt;::time_t Debouncer&lt;clock, value_t&gt;::set_value(value_t, bool) [with clock = Clock::Millis; value_t = bool; Debouncer&lt;clock, value_t&gt;::time_t = long int]&#39;
/home/ec2-user/arduino-testlib/cli-datadir/user/libraries/Yet_Another_Arduino_Debounce_Library/examples/Polling/Polling.ino:47:59:   required from here
/home/ec2-user/arduino-testlib/cli-datadir/user/libraries/Yet_Another_Arduino_Debounce_Library/src/YetAnotherDebouncer.h:75:13: error: return-statement with no value, in function returning &#39;Debouncer&lt;Clock::Millis&gt;::time_t {aka long int}&#39; [-fpermissive]
             return;
             ^~~~~~

</pre>
					
				
				<h3 id="arduino:megaavr:nona4809">arduino:megaavr:nona4809 @ 1.8.7</h3>
				<h4>Inclusion</h4>
				<p>
					Result: <b>PASS</b>
					
				</p>
				<pre class="pre-scrollable">Sketch uses 802 bytes (1%) of program storage space. Maximum is 49152 bytes.
Global variables use 22 bytes (0%) of dynamic memory, leaving 6122 bytes for local variables. Maximum is 6144 bytes.
</pre>

					
					<h4>examples/Async</h4>
					<p>
						Result: <b>FAIL</b>
					</p>
					<pre class="pre-scrollable">WARNING: library DeepSleepScheduler claims to run on avr, esp32, esp8266 architecture(s) and may be incompatible with your current board which runs on megaavr architecture(s).
WARNING: library Yet_Another_Arduino_PcInt_Library claims to run on avr architecture(s) and may be incompatible with your current board which runs on megaavr architecture(s).
In file included from /home/ec2-user/arduino-testlib/cli-datadir/user/libraries/DeepSleepScheduler/DeepSleepScheduler.h:702:0,
                 from /home/ec2-user/arduino-testlib/cli-datadir/user/libraries/Yet_Another_Arduino_Debounce_Library/examples/Async/Async.ino:11:
/home/ec2-user/arduino-testlib/cli-datadir/user/libraries/DeepSleepScheduler/DeepSleepScheduler_avr_implementation.h: In member function &#39;void Scheduler::sleepIfRequired()&#39;:
/home/ec2-user/arduino-testlib/cli-datadir/user/libraries/DeepSleepScheduler/DeepSleepScheduler_avr_implementation.h:81:20: error: &#39;ADCSRA&#39; was not declared in this scope
       adcsraSave = ADCSRA;
                    ^~~~~~
/home/ec2-user/arduino-testlib/cli-datadir/user/libraries/DeepSleepScheduler/DeepSleepScheduler_avr_implementation.h:81:20: note: suggested alternative: &#39;ADC_t&#39;
       adcsraSave = ADCSRA;
                    ^~~~~~
                    ADC_t
/home/ec2-user/arduino-testlib/cli-datadir/user/libraries/DeepSleepScheduler/DeepSleepScheduler_avr_implementation.h:99:7: error: &#39;ADCSRA&#39; was not declared in this scope
       ADCSRA = adcsraSave;
       ^~~~~~
/home/ec2-user/arduino-testlib/cli-datadir/user/libraries/DeepSleepScheduler/DeepSleepScheduler_avr_implementation.h:99:7: note: suggested alternative: &#39;ADC_t&#39;
       ADCSRA = adcsraSave;
       ^~~~~~
       ADC_t
In file included from /home/ec2-user/arduino-testlib/cli-datadir/user/libraries/DeepSleepScheduler/DeepSleepScheduler_avr_implementation.h:3:0,
                 from /home/ec2-user/arduino-testlib/cli-datadir/user/libraries/DeepSleepScheduler/DeepSleepScheduler.h:702,
                 from /home/ec2-user/arduino-testlib/cli-datadir/user/libraries/Yet_Another_Arduino_Debounce_Library/examples/Async/Async.ino:11:
/home/ec2-user/arduino-testlib/cli-datadir/user/libraries/DeepSleepScheduler/DeepSleepScheduler_avr_implementation.h: In member function &#39;long unsigned int Scheduler::wdtEnableForSleep(long unsigned int)&#39;:
/home/ec2-user/arduino-testlib/cli-datadir/user/libraries/DeepSleepScheduler/DeepSleepScheduler_avr_implementation.h:177:16: error: &#39;WDTO_8S&#39; was not declared in this scope
     wdt_enable(WDTO_8S);
                ^
/home/ec2-user/arduino-testlib/cli-datadir/user/libraries/DeepSleepScheduler/DeepSleepScheduler_avr_implementation.h:177:16: note: suggested alternative: &#39;WDTO_1S&#39;
/home/ec2-user/arduino-testlib/cli-datadir/user/libraries/DeepSleepScheduler/DeepSleepScheduler_avr_implementation.h:180:16: error: &#39;WDTO_4S&#39; was not declared in this scope
     wdt_enable(WDTO_4S);
                ^
/home/ec2-user/arduino-testlib/cli-datadir/user/libraries/DeepSleepScheduler/DeepSleepScheduler_avr_implementation.h:180:16: note: suggested alternative: &#39;WDTO_1S&#39;
In file included from /home/ec2-user/arduino-testlib/cli-datadir/user/libraries/DeepSleepScheduler/DeepSleepScheduler.h:702:0,
                 from /home/ec2-user/arduino-testlib/cli-datadir/user/libraries/Yet_Another_Arduino_Debounce_Library/examples/Async/Async.ino:11:
/home/ec2-user/arduino-testlib/cli-datadir/user/libraries/DeepSleepScheduler/DeepSleepScheduler_avr_implementation.h: In member function &#39;void Scheduler::wdtEnableInterrupt()&#39;:
/home/ec2-user/arduino-testlib/cli-datadir/user/libraries/DeepSleepScheduler/DeepSleepScheduler_avr_implementation.h:238:3: error: &#39;WDTCSR&#39; was not declared in this scope
   WDTCSR |= (1 &lt;&lt; WDCE) | (1 &lt;&lt; WDIE);
   ^~~~~~
/home/ec2-user/arduino-testlib/cli-datadir/user/libraries/DeepSleepScheduler/DeepSleepScheduler_avr_implementation.h:238:3: note: suggested alternative: &#39;WDT_t&#39;
   WDTCSR |= (1 &lt;&lt; WDCE) | (1 &lt;&lt; WDIE);
   ^~~~~~
   WDT_t
/home/ec2-user/arduino-testlib/cli-datadir/user/libraries/DeepSleepScheduler/DeepSleepScheduler_avr_implementation.h:238:19: error: &#39;WDCE&#39; was not declared in this scope
   WDTCSR |= (1 &lt;&lt; WDCE) | (1 &lt;&lt; WDIE);
                   ^~~~
/home/ec2-user/arduino-testlib/cli-datadir/user/libraries/DeepSleepScheduler/DeepSleepScheduler_avr_implementation.h:238:19: note: suggested alternative: &#39;IDLE&#39;
   WDTCSR |= (1 &lt;&lt; WDCE) | (1 &lt;&lt; WDIE);
                   ^~~~
                   IDLE
/home/ec2-user/arduino-testlib/cli-datadir/user/libraries/DeepSleepScheduler/DeepSleepScheduler_avr_implementation.h:238:33: error: &#39;WDIE&#39; was not declared in this scope
   WDTCSR |= (1 &lt;&lt; WDCE) | (1 &lt;&lt; WDIE);
                                 ^~~~
/home/ec2-user/arduino-testlib/cli-datadir/user/libraries/DeepSleepScheduler/DeepSleepScheduler_avr_implementation.h:238:33: note: suggested alternative: &#39;IDLE&#39;
   WDTCSR |= (1 &lt;&lt; WDCE) | (1 &lt;&lt; WDIE);
                                 ^~~~
                                 IDLE
/home/ec2-user/arduino-testlib/cli-datadir/user/libraries/Yet_Another_Arduino_Debounce_Library/examples/Async/Async.ino: At global scope:
/home/ec2-user/arduino-testlib/cli-datadir/user/libraries/Yet_Another_Arduino_Debounce_Library/examples/Async/Async.ino:86:21: error: &#39;A8&#39; was not declared in this scope
 int input_pins[] = {A8, A9, A10, A11, A12, A13, A14, A15};
                     ^~
/home/ec2-user/arduino-testlib/cli-datadir/user/libraries/Yet_Another_Arduino_Debounce_Library/examples/Async/Async.ino:86:21: note: suggested alternative: &#39;A7&#39;
 int input_pins[] = {A8, A9, A10, A11, A12, A13, A14, A15};
                     ^~
                     A7
/home/ec2-user/arduino-testlib/cli-datadir/user/libraries/Yet_Another_Arduino_Debounce_Library/examples/Async/Async.ino:86:25: error: &#39;A9&#39; was not declared in this scope
 int input_pins[] = {A8, A9, A10, A11, A12, A13, A14, A15};
                         ^~
/home/ec2-user/arduino-testlib/cli-datadir/user/libraries/Yet_Another_Arduino_Debounce_Library/examples/Async/Async.ino:86:25: note: suggested alternative: &#39;A7&#39;
 int input_pins[] = {A8, A9, A10, A11, A12, A13, A14, A15};
                         ^~
                         A7
/home/ec2-user/arduino-testlib/cli-datadir/user/libraries/Yet_Another_Arduino_Debounce_Library/examples/Async/Async.ino:86:29: error: &#39;A10&#39; was not declared in this scope
 int input_pins[] = {A8, A9, A10, A11, A12, A13, A14, A15};
                             ^~~
/home/ec2-user/arduino-testlib/cli-datadir/user/libraries/Yet_Another_Arduino_Debounce_Library/examples/Async/Async.ino:86:29: note: suggested alternative: &#39;A1&#39;
 int input_pins[] = {A8, A9, A10, A11, A12, A13, A14, A15};
                             ^~~
                             A1
/home/ec2-user/arduino-testlib/cli-datadir/user/libraries/Yet_Another_Arduino_Debounce_Library/examples/Async/Async.ino:86:34: error: &#39;A11&#39; was not declared in this scope
 int input_pins[] = {A8, A9, A10, A11, A12, A13, A14, A15};
                                  ^~~
/home/ec2-user/arduino-testlib/cli-datadir/user/libraries/Yet_Another_Arduino_Debounce_Library/examples/Async/Async.ino:86:34: note: suggested alternative: &#39;A1&#39;
 int input_pins[] = {A8, A9, A10, A11, A12, A13, A14, A15};
                                  ^~~
                                  A1
/home/ec2-user/arduino-testlib/cli-datadir/user/libraries/Yet_Another_Arduino_Debounce_Library/examples/Async/Async.ino:86:39: error: &#39;A12&#39; was not declared in this scope
 int input_pins[] = {A8, A9, A10, A11, A12, A13, A14, A15};
                                       ^~~
/home/ec2-user/arduino-testlib/cli-datadir/user/libraries/Yet_Another_Arduino_Debounce_Library/examples/Async/Async.ino:86:39: note: suggested alternative: &#39;A2&#39;
 int input_pins[] = {A8, A9, A10, A11, A12, A13, A14, A15};
                                       ^~~
                                       A2
/home/ec2-user/arduino-testlib/cli-datadir/user/libraries/Yet_Another_Arduino_Debounce_Library/examples/Async/Async.ino:86:44: error: &#39;A13&#39; was not declared in this scope
 int input_pins[] = {A8, A9, A10, A11, A12, A13, A14, A15};
                                            ^~~
/home/ec2-user/arduino-testlib/cli-datadir/user/libraries/Yet_Another_Arduino_Debounce_Library/examples/Async/Async.ino:86:44: note: suggested alternative: &#39;A3&#39;
 int input_pins[] = {A8, A9, A10, A11, A12, A13, A14, A15};
                                            ^~~
                                            A3
/home/ec2-user/arduino-testlib/cli-datadir/user/libraries/Yet_Another_Arduino_Debounce_Library/examples/Async/Async.ino:86:49: error: &#39;A14&#39; was not declared in this scope
 int input_pins[] = {A8, A9, A10, A11, A12, A13, A14, A15};
                                                 ^~~
/home/ec2-user/arduino-testlib/cli-datadir/user/libraries/Yet_Another_Arduino_Debounce_Library/examples/Async/Async.ino:86:49: note: suggested alternative: &#39;A4&#39;
 int input_pins[] = {A8, A9, A10, A11, A12, A13, A14, A15};
                                                 ^~~
                                                 A4
/home/ec2-user/arduino-testlib/cli-datadir/user/libraries/Yet_Another_Arduino_Debounce_Library/examples/Async/Async.ino:86:54: error: &#39;A15&#39; was not declared in this scope
 int input_pins[] = {A8, A9, A10, A11, A12, A13, A14, A15};
                                                      ^~~
/home/ec2-user/arduino-testlib/cli-datadir/user/libraries/Yet_Another_Arduino_Debounce_Library/examples/Async/Async.ino:86:54: note: suggested alternative: &#39;A5&#39;
 int input_pins[] = {A8, A9, A10, A11, A12, A13, A14, A15};
                                                      ^~~
                                                      A5

</pre>
					
					<h4>examples/Polling</h4>
					<p>
						Result: <b>FAIL</b>
					</p>
					<pre class="pre-scrollable">/home/ec2-user/arduino-testlib/cli-datadir/user/libraries/Yet_Another_Arduino_Debounce_Library/examples/Polling/Polling.ino:19:21: error: &#39;A8&#39; was not declared in this scope
 int input_pins[] = {A8, A9, A10, A11, A12, A13, A14, A15};
                     ^~
/home/ec2-user/arduino-testlib/cli-datadir/user/libraries/Yet_Another_Arduino_Debounce_Library/examples/Polling/Polling.ino:19:21: note: suggested alternative: &#39;A7&#39;
 int input_pins[] = {A8, A9, A10, A11, A12, A13, A14, A15};
                     ^~
                     A7
/home/ec2-user/arduino-testlib/cli-datadir/user/libraries/Yet_Another_Arduino_Debounce_Library/examples/Polling/Polling.ino:19:25: error: &#39;A9&#39; was not declared in this scope
 int input_pins[] = {A8, A9, A10, A11, A12, A13, A14, A15};
                         ^~
/home/ec2-user/arduino-testlib/cli-datadir/user/libraries/Yet_Another_Arduino_Debounce_Library/examples/Polling/Polling.ino:19:25: note: suggested alternative: &#39;A7&#39;
 int input_pins[] = {A8, A9, A10, A11, A12, A13, A14, A15};
                         ^~
                         A7
/home/ec2-user/arduino-testlib/cli-datadir/user/libraries/Yet_Another_Arduino_Debounce_Library/examples/Polling/Polling.ino:19:29: error: &#39;A10&#39; was not declared in this scope
 int input_pins[] = {A8, A9, A10, A11, A12, A13, A14, A15};
                             ^~~
/home/ec2-user/arduino-testlib/cli-datadir/user/libraries/Yet_Another_Arduino_Debounce_Library/examples/Polling/Polling.ino:19:29: note: suggested alternative: &#39;A1&#39;
 int input_pins[] = {A8, A9, A10, A11, A12, A13, A14, A15};
                             ^~~
                             A1
/home/ec2-user/arduino-testlib/cli-datadir/user/libraries/Yet_Another_Arduino_Debounce_Library/examples/Polling/Polling.ino:19:34: error: &#39;A11&#39; was not declared in this scope
 int input_pins[] = {A8, A9, A10, A11, A12, A13, A14, A15};
                                  ^~~
/home/ec2-user/arduino-testlib/cli-datadir/user/libraries/Yet_Another_Arduino_Debounce_Library/examples/Polling/Polling.ino:19:34: note: suggested alternative: &#39;A1&#39;
 int input_pins[] = {A8, A9, A10, A11, A12, A13, A14, A15};
                                  ^~~
                                  A1
/home/ec2-user/arduino-testlib/cli-datadir/user/libraries/Yet_Another_Arduino_Debounce_Library/examples/Polling/Polling.ino:19:39: error: &#39;A12&#39; was not declared in this scope
 int input_pins[] = {A8, A9, A10, A11, A12, A13, A14, A15};
                                       ^~~
/home/ec2-user/arduino-testlib/cli-datadir/user/libraries/Yet_Another_Arduino_Debounce_Library/examples/Polling/Polling.ino:19:39: note: suggested alternative: &#39;A2&#39;
 int input_pins[] = {A8, A9, A10, A11, A12, A13, A14, A15};
                                       ^~~
                                       A2
/home/ec2-user/arduino-testlib/cli-datadir/user/libraries/Yet_Another_Arduino_Debounce_Library/examples/Polling/Polling.ino:19:44: error: &#39;A13&#39; was not declared in this scope
 int input_pins[] = {A8, A9, A10, A11, A12, A13, A14, A15};
                                            ^~~
/home/ec2-user/arduino-testlib/cli-datadir/user/libraries/Yet_Another_Arduino_Debounce_Library/examples/Polling/Polling.ino:19:44: note: suggested alternative: &#39;A3&#39;
 int input_pins[] = {A8, A9, A10, A11, A12, A13, A14, A15};
                                            ^~~
                                            A3
/home/ec2-user/arduino-testlib/cli-datadir/user/libraries/Yet_Another_Arduino_Debounce_Library/examples/Polling/Polling.ino:19:49: error: &#39;A14&#39; was not declared in this scope
 int input_pins[] = {A8, A9, A10, A11, A12, A13, A14, A15};
                                                 ^~~
/home/ec2-user/arduino-testlib/cli-datadir/user/libraries/Yet_Another_Arduino_Debounce_Library/examples/Polling/Polling.ino:19:49: note: suggested alternative: &#39;A4&#39;
 int input_pins[] = {A8, A9, A10, A11, A12, A13, A14, A15};
                                                 ^~~
                                                 A4
/home/ec2-user/arduino-testlib/cli-datadir/user/libraries/Yet_Another_Arduino_Debounce_Library/examples/Polling/Polling.ino:19:54: error: &#39;A15&#39; was not declared in this scope
 int input_pins[] = {A8, A9, A10, A11, A12, A13, A14, A15};
                                                      ^~~
/home/ec2-user/arduino-testlib/cli-datadir/user/libraries/Yet_Another_Arduino_Debounce_Library/examples/Polling/Polling.ino:19:54: note: suggested alternative: &#39;A5&#39;
 int input_pins[] = {A8, A9, A10, A11, A12, A13, A14, A15};
                                                      ^~~
                                                      A5

</pre>
					
				
				<h3 id="arduino:samd:mkrwifi1010">arduino:samd:mkrwifi1010 @ 1.8.12</h3>
				<h4>Inclusion</h4>
				<p>
					Result: <b>PASS</b>
					
					<br />This library has no main header file so an empty one was created.
					
				</p>
				<pre class="pre-scrollable">Sketch uses 12156 bytes (4%) of program storage space. Maximum is 262144 bytes.
Global variables use 2996 bytes (9%) of dynamic memory, leaving 29772 bytes for local variables. Maximum is 32768 bytes.
</pre>

					
					<h4>examples/Async</h4>
					<p>
						Result: <b>FAIL</b>
					</p>
					<pre class="pre-scrollable">In file included from /home/ec2-user/arduino-testlib/cli-datadir/user/libraries/DeepSleepScheduler/DeepSleepScheduler.h:702:0,
                 from /home/ec2-user/arduino-testlib/cli-datadir/user/libraries/Yet_Another_Arduino_Debounce_Library/examples/Async/Async.ino:11:
/home/ec2-user/arduino-testlib/cli-datadir/user/libraries/DeepSleepScheduler/DeepSleepScheduler_avr_implementation.h:2:10: fatal error: avr/sleep.h: No such file or directory
 #include &lt;avr/sleep.h&gt;
          ^~~~~~~~~~~~~
compilation terminated.

</pre>
					
					<h4>examples/Polling</h4>
					<p>
						Result: <b>FAIL</b>
					</p>
					<pre class="pre-scrollable">In file included from /home/ec2-user/arduino-testlib/cli-datadir/user/libraries/Yet_Another_Arduino_Debounce_Library/examples/Polling/Polling.ino:5:0:
/home/ec2-user/arduino-testlib/cli-datadir/user/libraries/Yet_Another_Arduino_Debounce_Library/src/YetAnotherDebouncer.h:100:58: error: ISO C&#43;&#43; forbids declaration of &#39;hack_callback_noarg&#39; with no type [-fpermissive]
     static hack_callback_noarg(value_t value, void* param) {
                                                          ^
/home/ec2-user/arduino-testlib/cli-datadir/user/libraries/Yet_Another_Arduino_Debounce_Library/examples/Polling/Polling.ino:19:21: error: &#39;A8&#39; was not declared in this scope
 int input_pins[] = {A8, A9, A10, A11, A12, A13, A14, A15};
                     ^~
/home/ec2-user/arduino-testlib/cli-datadir/user/libraries/Yet_Another_Arduino_Debounce_Library/examples/Polling/Polling.ino:19:21: note: suggested alternative: &#39;A6&#39;
 int input_pins[] = {A8, A9, A10, A11, A12, A13, A14, A15};
                     ^~
                     A6
/home/ec2-user/arduino-testlib/cli-datadir/user/libraries/Yet_Another_Arduino_Debounce_Library/examples/Polling/Polling.ino:19:25: error: &#39;A9&#39; was not declared in this scope
 int input_pins[] = {A8, A9, A10, A11, A12, A13, A14, A15};
                         ^~
/home/ec2-user/arduino-testlib/cli-datadir/user/libraries/Yet_Another_Arduino_Debounce_Library/examples/Polling/Polling.ino:19:25: note: suggested alternative: &#39;A6&#39;
 int input_pins[] = {A8, A9, A10, A11, A12, A13, A14, A15};
                         ^~
                         A6
/home/ec2-user/arduino-testlib/cli-datadir/user/libraries/Yet_Another_Arduino_Debounce_Library/examples/Polling/Polling.ino:19:29: error: &#39;A10&#39; was not declared in this scope
 int input_pins[] = {A8, A9, A10, A11, A12, A13, A14, A15};
                             ^~~
/home/ec2-user/arduino-testlib/cli-datadir/user/libraries/Yet_Another_Arduino_Debounce_Library/examples/Polling/Polling.ino:19:29: note: suggested alternative: &#39;A1&#39;
 int input_pins[] = {A8, A9, A10, A11, A12, A13, A14, A15};
                             ^~~
                             A1
/home/ec2-user/arduino-testlib/cli-datadir/user/libraries/Yet_Another_Arduino_Debounce_Library/examples/Polling/Polling.ino:19:34: error: &#39;A11&#39; was not declared in this scope
 int input_pins[] = {A8, A9, A10, A11, A12, A13, A14, A15};
                                  ^~~
/home/ec2-user/arduino-testlib/cli-datadir/user/libraries/Yet_Another_Arduino_Debounce_Library/examples/Polling/Polling.ino:19:34: note: suggested alternative: &#39;A1&#39;
 int input_pins[] = {A8, A9, A10, A11, A12, A13, A14, A15};
                                  ^~~
                                  A1
/home/ec2-user/arduino-testlib/cli-datadir/user/libraries/Yet_Another_Arduino_Debounce_Library/examples/Polling/Polling.ino:19:39: error: &#39;A12&#39; was not declared in this scope
 int input_pins[] = {A8, A9, A10, A11, A12, A13, A14, A15};
                                       ^~~
/home/ec2-user/arduino-testlib/cli-datadir/user/libraries/Yet_Another_Arduino_Debounce_Library/examples/Polling/Polling.ino:19:39: note: suggested alternative: &#39;A2&#39;
 int input_pins[] = {A8, A9, A10, A11, A12, A13, A14, A15};
                                       ^~~
                                       A2
/home/ec2-user/arduino-testlib/cli-datadir/user/libraries/Yet_Another_Arduino_Debounce_Library/examples/Polling/Polling.ino:19:44: error: &#39;A13&#39; was not declared in this scope
 int input_pins[] = {A8, A9, A10, A11, A12, A13, A14, A15};
                                            ^~~
/home/ec2-user/arduino-testlib/cli-datadir/user/libraries/Yet_Another_Arduino_Debounce_Library/examples/Polling/Polling.ino:19:44: note: suggested alternative: &#39;A3&#39;
 int input_pins[] = {A8, A9, A10, A11, A12, A13, A14, A15};
                                            ^~~
                                            A3
/home/ec2-user/arduino-testlib/cli-datadir/user/libraries/Yet_Another_Arduino_Debounce_Library/examples/Polling/Polling.ino:19:49: error: &#39;A14&#39; was not declared in this scope
 int input_pins[] = {A8, A9, A10, A11, A12, A13, A14, A15};
                                                 ^~~
/home/ec2-user/arduino-testlib/cli-datadir/user/libraries/Yet_Another_Arduino_Debounce_Library/examples/Polling/Polling.ino:19:49: note: suggested alternative: &#39;A4&#39;
 int input_pins[] = {A8, A9, A10, A11, A12, A13, A14, A15};
                                                 ^~~
                                                 A4
/home/ec2-user/arduino-testlib/cli-datadir/user/libraries/Yet_Another_Arduino_Debounce_Library/examples/Polling/Polling.ino:19:54: error: &#39;A15&#39; was not declared in this scope
 int input_pins[] = {A8, A9, A10, A11, A12, A13, A14, A15};
                                                      ^~~
/home/ec2-user/arduino-testlib/cli-datadir/user/libraries/Yet_Another_Arduino_Debounce_Library/examples/Polling/Polling.ino:19:54: note: suggested alternative: &#39;A5&#39;
 int input_pins[] = {A8, A9, A10, A11, A12, A13, A14, A15};
                                                      ^~~
                                                      A5
In file included from /home/ec2-user/arduino-testlib/cli-datadir/user/libraries/Yet_Another_Arduino_Debounce_Library/examples/Polling/Polling.ino:5:0:
/home/ec2-user/arduino-testlib/cli-datadir/user/libraries/Yet_Another_Arduino_Debounce_Library/src/YetAnotherDebouncer.h: In instantiation of &#39;Debouncer&lt;clock, value_t&gt;::time_t Debouncer&lt;clock, value_t&gt;::set_value(value_t, bool, Debouncer&lt;clock, value_t&gt;::time_t) [with clock = Clock::Millis; value_t = bool; Debouncer&lt;clock, value_t&gt;::time_t = long int]&#39;:
/home/ec2-user/arduino-testlib/cli-datadir/user/libraries/Yet_Another_Arduino_Debounce_Library/src/YetAnotherDebouncer.h:190:25:   required from &#39;Debouncer&lt;clock, value_t&gt;::time_t Debouncer&lt;clock, value_t&gt;::set_value(value_t, bool) [with clock = Clock::Millis; value_t = bool; Debouncer&lt;clock, value_t&gt;::time_t = long int]&#39;
/home/ec2-user/arduino-testlib/cli-datadir/user/libraries/Yet_Another_Arduino_Debounce_Library/examples/Polling/Polling.ino:47:59:   required from here
/home/ec2-user/arduino-testlib/cli-datadir/user/libraries/Yet_Another_Arduino_Debounce_Library/src/YetAnotherDebouncer.h:75:13: error: return-statement with no value, in function returning &#39;Debouncer&lt;Clock::Millis&gt;::time_t {aka long int}&#39; [-fpermissive]
             return;
             ^~~~~~

</pre>
					
				
				<h3 id="esp32:esp32:d1_mini32">esp32:esp32:d1_mini32 @ 1.0.6</h3>
				<h4>Inclusion</h4>
				<p>
					Result: <b>PASS</b>
					
				</p>
				<pre class="pre-scrollable">Sketch uses 197736 bytes (15%) of program storage space. Maximum is 1310720 bytes.
Global variables use 13084 bytes (3%) of dynamic memory, leaving 314596 bytes for local variables. Maximum is 327680 bytes.
</pre>

					
					<h4>examples/Async</h4>
					<p>
						Result: <b>FAIL</b>
					</p>
					<pre class="pre-scrollable">WARNING: library Yet_Another_Arduino_PcInt_Library claims to run on avr architecture(s) and may be incompatible with your current board which runs on esp32 architecture(s).
In file included from /home/ec2-user/arduino-testlib/cli-datadir/user/libraries/Yet_Another_Arduino_Debounce_Library/examples/Async/Async.ino:13:0:
/home/ec2-user/arduino-testlib/cli-datadir/user/libraries/Yet_Another_Arduino_Debounce_Library/src/YetAnotherDebouncer.h:100:58: error: ISO C&#43;&#43; forbids declaration of &#39;hack_callback_noarg&#39; with no type [-fpermissive]
     static hack_callback_noarg(value_t value, void* param) {
                                                          ^
/home/ec2-user/arduino-testlib/cli-datadir/user/libraries/Yet_Another_Arduino_Debounce_Library/examples/Async/Async.ino:86:21: error: &#39;A8&#39; was not declared in this scope
 int input_pins[] = {A8, A9, A10, A11, A12, A13, A14, A15};
                     ^
/home/ec2-user/arduino-testlib/cli-datadir/user/libraries/Yet_Another_Arduino_Debounce_Library/examples/Async/Async.ino:86:25: error: &#39;A9&#39; was not declared in this scope
 int input_pins[] = {A8, A9, A10, A11, A12, A13, A14, A15};
                         ^
In file included from /home/ec2-user/arduino-testlib/cli-datadir/user/libraries/Yet_Another_Arduino_Debounce_Library/examples/Async/Async.ino:13:0:
/home/ec2-user/arduino-testlib/cli-datadir/user/libraries/Yet_Another_Arduino_Debounce_Library/src/YetAnotherDebouncer.h: In instantiation of &#39;Debouncer&lt;clock, value_t&gt;::time_t Debouncer&lt;clock, value_t&gt;::set_value(value_t, bool, Debouncer&lt;clock, value_t&gt;::time_t) [with clock = Clock::Millis; value_t = bool; Debouncer&lt;clock, value_t&gt;::time_t = int]&#39;:
/home/ec2-user/arduino-testlib/cli-datadir/user/libraries/Yet_Another_Arduino_Debounce_Library/src/YetAnotherDebouncer.h:190:25:   required from &#39;Debouncer&lt;clock, value_t&gt;::time_t Debouncer&lt;clock, value_t&gt;::set_value(value_t, bool) [with clock = Clock::Millis; value_t = bool; Debouncer&lt;clock, value_t&gt;::time_t = int]&#39;
/home/ec2-user/arduino-testlib/cli-datadir/user/libraries/Yet_Another_Arduino_Debounce_Library/examples/Async/Async.ino:42:60:   required from here
/home/ec2-user/arduino-testlib/cli-datadir/user/libraries/Yet_Another_Arduino_Debounce_Library/src/YetAnotherDebouncer.h:75:13: error: return-statement with no value, in function returning &#39;Debouncer&lt;Clock::Millis&gt;::time_t {aka int}&#39; [-fpermissive]
             return;
             ^

</pre>
					
					<h4>examples/Polling</h4>
					<p>
						Result: <b>FAIL</b>
					</p>
					<pre class="pre-scrollable">In file included from /home/ec2-user/arduino-testlib/cli-datadir/user/libraries/Yet_Another_Arduino_Debounce_Library/examples/Polling/Polling.ino:5:0:
/home/ec2-user/arduino-testlib/cli-datadir/user/libraries/Yet_Another_Arduino_Debounce_Library/src/YetAnotherDebouncer.h:100:58: error: ISO C&#43;&#43; forbids declaration of &#39;hack_callback_noarg&#39; with no type [-fpermissive]
     static hack_callback_noarg(value_t value, void* param) {
                                                          ^
/home/ec2-user/arduino-testlib/cli-datadir/user/libraries/Yet_Another_Arduino_Debounce_Library/examples/Polling/Polling.ino:19:21: error: &#39;A8&#39; was not declared in this scope
 int input_pins[] = {A8, A9, A10, A11, A12, A13, A14, A15};
                     ^
/home/ec2-user/arduino-testlib/cli-datadir/user/libraries/Yet_Another_Arduino_Debounce_Library/examples/Polling/Polling.ino:19:25: error: &#39;A9&#39; was not declared in this scope
 int input_pins[] = {A8, A9, A10, A11, A12, A13, A14, A15};
                         ^
In file included from /home/ec2-user/arduino-testlib/cli-datadir/user/libraries/Yet_Another_Arduino_Debounce_Library/examples/Polling/Polling.ino:5:0:
/home/ec2-user/arduino-testlib/cli-datadir/user/libraries/Yet_Another_Arduino_Debounce_Library/src/YetAnotherDebouncer.h: In instantiation of &#39;Debouncer&lt;clock, value_t&gt;::time_t Debouncer&lt;clock, value_t&gt;::set_value(value_t, bool, Debouncer&lt;clock, value_t&gt;::time_t) [with clock = Clock::Millis; value_t = bool; Debouncer&lt;clock, value_t&gt;::time_t = int]&#39;:
/home/ec2-user/arduino-testlib/cli-datadir/user/libraries/Yet_Another_Arduino_Debounce_Library/src/YetAnotherDebouncer.h:190:25:   required from &#39;Debouncer&lt;clock, value_t&gt;::time_t Debouncer&lt;clock, value_t&gt;::set_value(value_t, bool) [with clock = Clock::Millis; value_t = bool; Debouncer&lt;clock, value_t&gt;::time_t = int]&#39;
/home/ec2-user/arduino-testlib/cli-datadir/user/libraries/Yet_Another_Arduino_Debounce_Library/examples/Polling/Polling.ino:47:59:   required from here
/home/ec2-user/arduino-testlib/cli-datadir/user/libraries/Yet_Another_Arduino_Debounce_Library/src/YetAnotherDebouncer.h:75:13: error: return-statement with no value, in function returning &#39;Debouncer&lt;Clock::Millis&gt;::time_t {aka int}&#39; [-fpermissive]
             return;
             ^

</pre>
					
				
			</div>
		</div>
	</div>
  </body>
</html>
