
<!doctype html>
<html lang="en">
  <head>
    <meta charset="utf-8">
    <meta name="viewport" content="width=device-width, initial-scale=1">
    <link href="https://cdn.jsdelivr.net/npm/bootstrap@5.0.2/dist/css/bootstrap.min.css" rel="stylesheet" integrity="sha384-EVSTQN3/azprG1Anm3QDgpJLIm9Nao0Yz1ztcQTwFspd3yD65VohhpuuCOmLASjC" crossorigin="anonymous">
    <title>arduino-testlib report</title>
	<style>
	.pass { background-color: #00FF00 !important; }
	.fail { background-color: #FF0000 !important; }
	</style>
  </head>
  <body>
	<div class="container">
		<div class="row">
			<div class="col">
				<h1>YosemitechModbus - compatibility matrix</h1>
				<p>
					<small>This report was generated on Monday, 21-Feb-22 12:00:25 CET using 
					<a href="https://github.com/alranel/arduino-testlib">arduino-testlib</a>.</small>
				</p>

				<h2>YosemitechModbus</h2>
				<p>
					Version: <b>0.2.2</b>
					<br />
					<a href="https://www.arduino.cc/reference/en/libraries/yosemitechmodbus/">More details</a>
				</p>

				<h2>Compatibility matrix</h2>
				<table class="table table-bordered">
					<tr>
						<th>Board</th>
						<th>Claims compatibility</th>
						<th>Inclusion</th>
						
						<th><pre>DisplayValues</pre></th>
						
						<th><pre>GetValues</pre></th>
						
					</tr>
					
					<tr>
						<td>
							<a href="#arduino%3aavr%3auno"><b>arduino:avr:uno</b></a>
							<br />
							<small>1.8.4</small>
						</td>

						
							<td>Yes</td>
							<td class="pass">PASS</td>
						
						
						
						

						
							
								
									
										
											
											<td class="fail">FAIL</td>
										
									
										
									
								
							
								
							
								
							
								
							
								
							
						
							
								
									
										
									
										
											
											<td class="fail">FAIL</td>
										
									
								
							
								
							
								
							
								
							
								
							
						
					</tr>
					
					<tr>
						<td>
							<a href="#arduino%3ambed_nano%3ananorp2040connect"><b>arduino:mbed_nano:nanorp2040connect</b></a>
							<br />
							<small>2.7.2</small>
						</td>

						
						
							<td>No ⚠️</td>
							<td class="pass">PASS</td>
						
						
						

						
							
								
							
								
									
										
											
											<td class="fail">FAIL</td>
										
									
										
									
								
							
								
							
								
							
								
							
						
							
								
							
								
									
										
									
										
											
											<td class="fail">FAIL</td>
										
									
								
							
								
							
								
							
								
							
						
					</tr>
					
					<tr>
						<td>
							<a href="#arduino%3amegaavr%3anona4809"><b>arduino:megaavr:nona4809</b></a>
							<br />
							<small>1.8.7</small>
						</td>

						
						
							<td>No ⚠️</td>
							<td class="pass">PASS</td>
						
						
						

						
							
								
							
								
							
								
									
										
											
											<td class="fail">FAIL</td>
										
									
										
									
								
							
								
							
								
							
						
							
								
							
								
							
								
									
										
									
										
											
											<td class="fail">FAIL</td>
										
									
								
							
								
							
								
							
						
					</tr>
					
					<tr>
						<td>
							<a href="#arduino%3asamd%3amkrwifi1010"><b>arduino:samd:mkrwifi1010</b></a>
							<br />
							<small>1.8.12</small>
						</td>

						
							<td>Yes</td>
							<td class="pass">PASS</td>
						
						
						
						

						
							
								
							
								
							
								
							
								
									
										
											
											<td class="fail">FAIL</td>
										
									
										
									
								
							
								
							
						
							
								
							
								
							
								
							
								
									
										
									
										
											
											<td class="fail">FAIL</td>
										
									
								
							
								
							
						
					</tr>
					
					<tr>
						<td>
							<a href="#esp32%3aesp32%3ad1_mini32"><b>esp32:esp32:d1_mini32</b></a>
							<br />
							<small>1.0.6</small>
						</td>

						
						
							<td>No ⚠️</td>
							<td class="pass">PASS</td>
						
						
						

						
							
								
							
								
							
								
							
								
							
								
									
										
											
											<td class="fail">FAIL</td>
										
									
										
									
								
							
						
							
								
							
								
							
								
							
								
							
								
									
										
									
										
											
											<td class="fail">FAIL</td>
										
									
								
							
						
					</tr>
					
				</table>

				<h2>Compilation logs</h2>
				
				<h3 id="arduino:avr:uno">arduino:avr:uno @ 1.8.4</h3>
				<h4>Inclusion</h4>
				<p>
					Result: <b>PASS</b>
					
				</p>
				<pre class="pre-scrollable">Sketch uses 444 bytes (1%) of program storage space. Maximum is 32256 bytes.
Global variables use 9 bytes (0%) of dynamic memory, leaving 2039 bytes for local variables. Maximum is 2048 bytes.
</pre>

					
					<h4>examples/DisplayValues</h4>
					<p>
						Result: <b>FAIL</b>
					</p>
					<pre class="pre-scrollable">/home/ec2-user/arduino-testlib/cli-datadir/user/libraries/YosemitechModbus/examples/DisplayValues/DisplayValues.ino:17:10: fatal error: AMAdafruit_GFX.h: No such file or directory
 #include &lt;AMAdafruit_GFX.h&gt;  // For the OLED display
          ^~~~~~~~~~~~~~~~~~
compilation terminated.
Multiple libraries were found for &#34;SoftwareSerial.h&#34;
  Used: /home/ec2-user/arduino-testlib/cli-datadir/data/packages/arduino/hardware/avr/1.8.4/libraries/SoftwareSerial
  Not used: /home/ec2-user/arduino-testlib/cli-datadir/user/libraries/Dabble
  Not used: /home/ec2-user/arduino-testlib/cli-datadir/user/libraries/EspSoftwareSerial
  Not used: /home/ec2-user/arduino-testlib/cli-datadir/user/libraries/Printoo_Library
</pre>
					
					<h4>examples/GetValues</h4>
					<p>
						Result: <b>FAIL</b>
					</p>
					<pre class="pre-scrollable">Sketch uses 13380 bytes (41%) of program storage space. Maximum is 32256 bytes.
Global variables use 2110 bytes (103%) of dynamic memory, leaving -62 bytes for local variables. Maximum is 2048 bytes.
Not enough memory; see https://support.arduino.cc/hc/en-us/articles/360013825179 for tips on reducing your footprint.
</pre>
					
				
				<h3 id="arduino:mbed_nano:nanorp2040connect">arduino:mbed_nano:nanorp2040connect @ 2.7.2</h3>
				<h4>Inclusion</h4>
				<p>
					Result: <b>PASS</b>
					
				</p>
				<pre class="pre-scrollable">WARNING: library YosemitechModbus claims to run on avr, sam, samd architecture(s) and may be incompatible with your current board which runs on mbed_nano architecture(s).
WARNING: library SensorModbusMaster claims to run on avr, sam, samd architecture(s) and may be incompatible with your current board which runs on mbed_nano architecture(s).
Sketch uses 78756 bytes (0%) of program storage space. Maximum is 16777216 bytes.
Global variables use 43444 bytes (16%) of dynamic memory, leaving 226892 bytes for local variables. Maximum is 270336 bytes.
</pre>

					
					<h4>examples/DisplayValues</h4>
					<p>
						Result: <b>FAIL</b>
					</p>
					<pre class="pre-scrollable">/home/ec2-user/arduino-testlib/cli-datadir/user/libraries/YosemitechModbus/examples/DisplayValues/DisplayValues.ino:17:10: fatal error: AMAdafruit_GFX.h: No such file or directory
 #include &lt;AMAdafruit_GFX.h&gt;  // For the OLED display
          ^~~~~~~~~~~~~~~~~~
compilation terminated.
Multiple libraries were found for &#34;SoftwareSerial.h&#34;
  Used: /home/ec2-user/arduino-testlib/cli-datadir/user/libraries/Dabble
  Not used: /home/ec2-user/arduino-testlib/cli-datadir/user/libraries/Printoo_Library
  Not used: /home/ec2-user/arduino-testlib/cli-datadir/user/libraries/EspSoftwareSerial
</pre>
					
					<h4>examples/GetValues</h4>
					<p>
						Result: <b>FAIL</b>
					</p>
					<pre class="pre-scrollable">WARNING: library YosemitechModbus claims to run on avr, sam, samd architecture(s) and may be incompatible with your current board which runs on mbed_nano architecture(s).
WARNING: library SensorModbusMaster claims to run on avr, sam, samd architecture(s) and may be incompatible with your current board which runs on mbed_nano architecture(s).
In file included from /home/ec2-user/arduino-testlib/cli-datadir/user/libraries/YosemitechModbus/examples/GetValues/GetValues.ino:16:0:
/home/ec2-user/arduino-testlib/cli-datadir/user/libraries/AIS_NB_BC95/src/AltSoftSerial.h: In static member function &#39;static void AltSoftSerial::begin(uint32_t)&#39;:
/home/ec2-user/arduino-testlib/cli-datadir/user/libraries/AIS_NB_BC95/src/AltSoftSerial.h:39:25: error: &#39;F_CPU&#39; was not declared in this scope
 #define ALTSS_BASE_FREQ F_CPU
                         ^
/home/ec2-user/arduino-testlib/cli-datadir/user/libraries/AIS_NB_BC95/src/AltSoftSerial.h:47:43: note: in expansion of macro &#39;ALTSS_BASE_FREQ&#39;
  static void begin(uint32_t baud) { init((ALTSS_BASE_FREQ &#43; baud / 2) / baud); }
                                           ^~~~~~~~~~~~~~~
Multiple libraries were found for &#34;AltSoftSerial.h&#34;
  Used: /home/ec2-user/arduino-testlib/cli-datadir/user/libraries/AIS_NB_BC95
  Not used: /home/ec2-user/arduino-testlib/cli-datadir/user/libraries/AltSoftSerial
  Not used: /home/ec2-user/arduino-testlib/cli-datadir/user/libraries/BareBoneSim800
</pre>
					
				
				<h3 id="arduino:megaavr:nona4809">arduino:megaavr:nona4809 @ 1.8.7</h3>
				<h4>Inclusion</h4>
				<p>
					Result: <b>PASS</b>
					
				</p>
				<pre class="pre-scrollable">WARNING: library YosemitechModbus claims to run on avr, sam, samd architecture(s) and may be incompatible with your current board which runs on megaavr architecture(s).
WARNING: library SensorModbusMaster claims to run on avr, sam, samd architecture(s) and may be incompatible with your current board which runs on megaavr architecture(s).
Sketch uses 802 bytes (1%) of program storage space. Maximum is 49152 bytes.
Global variables use 22 bytes (0%) of dynamic memory, leaving 6122 bytes for local variables. Maximum is 6144 bytes.
</pre>

					
					<h4>examples/DisplayValues</h4>
					<p>
						Result: <b>FAIL</b>
					</p>
					<pre class="pre-scrollable">/home/ec2-user/arduino-testlib/cli-datadir/user/libraries/YosemitechModbus/examples/DisplayValues/DisplayValues.ino:17:10: fatal error: AMAdafruit_GFX.h: No such file or directory
 #include &lt;AMAdafruit_GFX.h&gt;  // For the OLED display
          ^~~~~~~~~~~~~~~~~~
compilation terminated.
Multiple libraries were found for &#34;SoftwareSerial.h&#34;
  Used: /home/ec2-user/arduino-testlib/cli-datadir/data/packages/arduino/hardware/megaavr/1.8.7/libraries/SoftwareSerial
  Not used: /home/ec2-user/arduino-testlib/cli-datadir/user/libraries/EspSoftwareSerial
  Not used: /home/ec2-user/arduino-testlib/cli-datadir/user/libraries/Dabble
  Not used: /home/ec2-user/arduino-testlib/cli-datadir/user/libraries/Printoo_Library
</pre>
					
					<h4>examples/GetValues</h4>
					<p>
						Result: <b>FAIL</b>
					</p>
					<pre class="pre-scrollable">WARNING: library YosemitechModbus claims to run on avr, sam, samd architecture(s) and may be incompatible with your current board which runs on megaavr architecture(s).
WARNING: library SensorModbusMaster claims to run on avr, sam, samd architecture(s) and may be incompatible with your current board which runs on megaavr architecture(s).
In file included from /home/ec2-user/arduino-testlib/cli-datadir/user/libraries/AIS_NB_BC95/src/AltSoftSerial.cpp:35:0:
/home/ec2-user/arduino-testlib/cli-datadir/user/libraries/AIS_NB_BC95/src/config/AltSoftSerial_Boards.h:136:2: error: #error &#34;Please define your board timer and pins&#34;
 #error &#34;Please define your board timer and pins&#34;
  ^~~~~
/home/ec2-user/arduino-testlib/cli-datadir/user/libraries/AIS_NB_BC95/src/AltSoftSerial.cpp: In static member function &#39;static void AltSoftSerial::init(uint32_t)&#39;:
/home/ec2-user/arduino-testlib/cli-datadir/user/libraries/AIS_NB_BC95/src/AltSoftSerial.cpp:74:3: error: &#39;CONFIG_TIMER_NOPRESCALE&#39; was not declared in this scope
   CONFIG_TIMER_NOPRESCALE();
   ^~~~~~~~~~~~~~~~~~~~~~~
/home/ec2-user/arduino-testlib/cli-datadir/user/libraries/AIS_NB_BC95/src/AltSoftSerial.cpp:79:4: error: &#39;CONFIG_TIMER_PRESCALE_8&#39; was not declared in this scope
    CONFIG_TIMER_PRESCALE_8();
    ^~~~~~~~~~~~~~~~~~~~~~~
/home/ec2-user/arduino-testlib/cli-datadir/user/libraries/AIS_NB_BC95/src/AltSoftSerial.cpp:104:10: error: &#39;INPUT_CAPTURE_PIN&#39; was not declared in this scope
  pinMode(INPUT_CAPTURE_PIN, INPUT_PULLUP);
          ^~~~~~~~~~~~~~~~~
/home/ec2-user/arduino-testlib/cli-datadir/user/libraries/AIS_NB_BC95/src/AltSoftSerial.cpp:104:10: note: suggested alternative: &#39;INPUT_PULLDOWN&#39;
  pinMode(INPUT_CAPTURE_PIN, INPUT_PULLUP);
          ^~~~~~~~~~~~~~~~~
          INPUT_PULLDOWN
/home/ec2-user/arduino-testlib/cli-datadir/user/libraries/AIS_NB_BC95/src/AltSoftSerial.cpp:105:15: error: &#39;OUTPUT_COMPARE_A_PIN&#39; was not declared in this scope
  digitalWrite(OUTPUT_COMPARE_A_PIN, HIGH);
               ^~~~~~~~~~~~~~~~~~~~
/home/ec2-user/arduino-testlib/cli-datadir/user/libraries/AIS_NB_BC95/src/AltSoftSerial.cpp:113:2: error: &#39;ENABLE_INT_INPUT_CAPTURE&#39; was not declared in this scope
  ENABLE_INT_INPUT_CAPTURE();
  ^~~~~~~~~~~~~~~~~~~~~~~~
/home/ec2-user/arduino-testlib/cli-datadir/user/libraries/AIS_NB_BC95/src/AltSoftSerial.cpp: In static member function &#39;static void AltSoftSerial::end()&#39;:
/home/ec2-user/arduino-testlib/cli-datadir/user/libraries/AIS_NB_BC95/src/AltSoftSerial.cpp:118:2: error: &#39;DISABLE_INT_COMPARE_B&#39; was not declared in this scope
  DISABLE_INT_COMPARE_B();
  ^~~~~~~~~~~~~~~~~~~~~
/home/ec2-user/arduino-testlib/cli-datadir/user/libraries/AIS_NB_BC95/src/AltSoftSerial.cpp:119:2: error: &#39;DISABLE_INT_INPUT_CAPTURE&#39; was not declared in this scope
  DISABLE_INT_INPUT_CAPTURE();
  ^~~~~~~~~~~~~~~~~~~~~~~~~
/home/ec2-user/arduino-testlib/cli-datadir/user/libraries/AIS_NB_BC95/src/AltSoftSerial.cpp:122:2: error: &#39;DISABLE_INT_COMPARE_A&#39; was not declared in this scope
  DISABLE_INT_COMPARE_A();
  ^~~~~~~~~~~~~~~~~~~~~
/home/ec2-user/arduino-testlib/cli-datadir/user/libraries/AIS_NB_BC95/src/AltSoftSerial.cpp: In static member function &#39;static void AltSoftSerial::writeByte(uint8_t)&#39;:
/home/ec2-user/arduino-testlib/cli-datadir/user/libraries/AIS_NB_BC95/src/AltSoftSerial.cpp:147:3: error: &#39;ENABLE_INT_COMPARE_A&#39; was not declared in this scope
   ENABLE_INT_COMPARE_A();
   ^~~~~~~~~~~~~~~~~~~~
/home/ec2-user/arduino-testlib/cli-datadir/user/libraries/AIS_NB_BC95/src/AltSoftSerial.cpp:148:3: error: &#39;CONFIG_MATCH_CLEAR&#39; was not declared in this scope
   CONFIG_MATCH_CLEAR();
   ^~~~~~~~~~~~~~~~~~
/home/ec2-user/arduino-testlib/cli-datadir/user/libraries/AIS_NB_BC95/src/AltSoftSerial.cpp:149:17: error: &#39;GET_TIMER_COUNT&#39; was not declared in this scope
   SET_COMPARE_A(GET_TIMER_COUNT() &#43; 16);
                 ^~~~~~~~~~~~~~~
/home/ec2-user/arduino-testlib/cli-datadir/user/libraries/AIS_NB_BC95/src/AltSoftSerial.cpp:149:17: note: suggested alternative: &#39;PWM_TIMER_COMPARE&#39;
   SET_COMPARE_A(GET_TIMER_COUNT() &#43; 16);
                 ^~~~~~~~~~~~~~~
                 PWM_TIMER_COMPARE
/home/ec2-user/arduino-testlib/cli-datadir/user/libraries/AIS_NB_BC95/src/AltSoftSerial.cpp:149:3: error: &#39;SET_COMPARE_A&#39; was not declared in this scope
   SET_COMPARE_A(GET_TIMER_COUNT() &#43; 16);
   ^~~~~~~~~~~~~
/home/ec2-user/arduino-testlib/cli-datadir/user/libraries/AIS_NB_BC95/src/AltSoftSerial.cpp: In function &#39;void COMPARE_A_INTERRUPT()&#39;:
/home/ec2-user/arduino-testlib/cli-datadir/user/libraries/AIS_NB_BC95/src/AltSoftSerial.cpp:162:11: error: &#39;GET_COMPARE_A&#39; was not declared in this scope
  target = GET_COMPARE_A();
           ^~~~~~~~~~~~~
/home/ec2-user/arduino-testlib/cli-datadir/user/libraries/AIS_NB_BC95/src/AltSoftSerial.cpp:173:5: error: &#39;CONFIG_MATCH_SET&#39; was not declared in this scope
     CONFIG_MATCH_SET();
     ^~~~~~~~~~~~~~~~
/home/ec2-user/arduino-testlib/cli-datadir/user/libraries/AIS_NB_BC95/src/AltSoftSerial.cpp:175:5: error: &#39;CONFIG_MATCH_CLEAR&#39; was not declared in this scope
     CONFIG_MATCH_CLEAR();
     ^~~~~~~~~~~~~~~~~~
/home/ec2-user/arduino-testlib/cli-datadir/user/libraries/AIS_NB_BC95/src/AltSoftSerial.cpp:177:4: error: &#39;SET_COMPARE_A&#39; was not declared in this scope
    SET_COMPARE_A(target);
    ^~~~~~~~~~~~~
/home/ec2-user/arduino-testlib/cli-datadir/user/libraries/AIS_NB_BC95/src/AltSoftSerial.cpp:191:4: error: &#39;SET_COMPARE_A&#39; was not declared in this scope
    SET_COMPARE_A(target &#43; ticks_per_bit);
    ^~~~~~~~~~~~~
/home/ec2-user/arduino-testlib/cli-datadir/user/libraries/AIS_NB_BC95/src/AltSoftSerial.cpp:194:4: error: &#39;CONFIG_MATCH_NORMAL&#39; was not declared in this scope
    CONFIG_MATCH_NORMAL();
    ^~~~~~~~~~~~~~~~~~~
/home/ec2-user/arduino-testlib/cli-datadir/user/libraries/AIS_NB_BC95/src/AltSoftSerial.cpp:195:4: error: &#39;DISABLE_INT_COMPARE_A&#39; was not declared in this scope
    DISABLE_INT_COMPARE_A();
    ^~~~~~~~~~~~~~~~~~~~~
/home/ec2-user/arduino-testlib/cli-datadir/user/libraries/AIS_NB_BC95/src/AltSoftSerial.cpp:202:3: error: &#39;CONFIG_MATCH_CLEAR&#39; was not declared in this scope
   CONFIG_MATCH_CLEAR();
   ^~~~~~~~~~~~~~~~~~
/home/ec2-user/arduino-testlib/cli-datadir/user/libraries/AIS_NB_BC95/src/AltSoftSerial.cpp:204:4: error: &#39;SET_COMPARE_A&#39; was not declared in this scope
    SET_COMPARE_A(target &#43; ticks_per_bit);
    ^~~~~~~~~~~~~
/home/ec2-user/arduino-testlib/cli-datadir/user/libraries/AIS_NB_BC95/src/AltSoftSerial.cpp:206:18: error: &#39;GET_TIMER_COUNT&#39; was not declared in this scope
    SET_COMPARE_A(GET_TIMER_COUNT() &#43; 16);
                  ^~~~~~~~~~~~~~~
/home/ec2-user/arduino-testlib/cli-datadir/user/libraries/AIS_NB_BC95/src/AltSoftSerial.cpp:206:18: note: suggested alternative: &#39;PWM_TIMER_COMPARE&#39;
    SET_COMPARE_A(GET_TIMER_COUNT() &#43; 16);
                  ^~~~~~~~~~~~~~~
                  PWM_TIMER_COMPARE
/home/ec2-user/arduino-testlib/cli-datadir/user/libraries/AIS_NB_BC95/src/AltSoftSerial.cpp:206:4: error: &#39;SET_COMPARE_A&#39; was not declared in this scope
    SET_COMPARE_A(GET_TIMER_COUNT() &#43; 16);
    ^~~~~~~~~~~~~
/home/ec2-user/arduino-testlib/cli-datadir/user/libraries/AIS_NB_BC95/src/AltSoftSerial.cpp: In function &#39;void CAPTURE_INTERRUPT()&#39;:
/home/ec2-user/arduino-testlib/cli-datadir/user/libraries/AIS_NB_BC95/src/AltSoftSerial.cpp:228:12: error: &#39;GET_INPUT_CAPTURE&#39; was not declared in this scope
  capture = GET_INPUT_CAPTURE();
            ^~~~~~~~~~~~~~~~~
/home/ec2-user/arduino-testlib/cli-datadir/user/libraries/AIS_NB_BC95/src/AltSoftSerial.cpp:231:3: error: &#39;CONFIG_CAPTURE_FALLING_EDGE&#39; was not declared in this scope
   CONFIG_CAPTURE_FALLING_EDGE();
   ^~~~~~~~~~~~~~~~~~~~~~~~~~~
/home/ec2-user/arduino-testlib/cli-datadir/user/libraries/AIS_NB_BC95/src/AltSoftSerial.cpp:234:3: error: &#39;CONFIG_CAPTURE_RISING_EDGE&#39; was not declared in this scope
   CONFIG_CAPTURE_RISING_EDGE();
   ^~~~~~~~~~~~~~~~~~~~~~~~~~
/home/ec2-user/arduino-testlib/cli-datadir/user/libraries/AIS_NB_BC95/src/AltSoftSerial.cpp:241:4: error: &#39;SET_COMPARE_B&#39; was not declared in this scope
    SET_COMPARE_B(end);
    ^~~~~~~~~~~~~
/home/ec2-user/arduino-testlib/cli-datadir/user/libraries/AIS_NB_BC95/src/AltSoftSerial.cpp:242:4: error: &#39;ENABLE_INT_COMPARE_B&#39; was not declared in this scope
    ENABLE_INT_COMPARE_B();
    ^~~~~~~~~~~~~~~~~~~~
/home/ec2-user/arduino-testlib/cli-datadir/user/libraries/AIS_NB_BC95/src/AltSoftSerial.cpp:256:5: error: &#39;DISABLE_INT_COMPARE_B&#39; was not declared in this scope
     DISABLE_INT_COMPARE_B();
     ^~~~~~~~~~~~~~~~~~~~~
/home/ec2-user/arduino-testlib/cli-datadir/user/libraries/AIS_NB_BC95/src/AltSoftSerial.cpp:263:5: error: &#39;CONFIG_CAPTURE_FALLING_EDGE&#39; was not declared in this scope
     CONFIG_CAPTURE_FALLING_EDGE();
     ^~~~~~~~~~~~~~~~~~~~~~~~~~~
/home/ec2-user/arduino-testlib/cli-datadir/user/libraries/AIS_NB_BC95/src/AltSoftSerial.cpp: In function &#39;void COMPARE_B_INTERRUPT()&#39;:
/home/ec2-user/arduino-testlib/cli-datadir/user/libraries/AIS_NB_BC95/src/AltSoftSerial.cpp:279:2: error: &#39;DISABLE_INT_COMPARE_B&#39; was not declared in this scope
  DISABLE_INT_COMPARE_B();
  ^~~~~~~~~~~~~~~~~~~~~
/home/ec2-user/arduino-testlib/cli-datadir/user/libraries/AIS_NB_BC95/src/AltSoftSerial.cpp:280:2: error: &#39;CONFIG_CAPTURE_FALLING_EDGE&#39; was not declared in this scope
  CONFIG_CAPTURE_FALLING_EDGE();
  ^~~~~~~~~~~~~~~~~~~~~~~~~~~
Multiple libraries were found for &#34;AltSoftSerial.h&#34;
  Used: /home/ec2-user/arduino-testlib/cli-datadir/user/libraries/AIS_NB_BC95
  Not used: /home/ec2-user/arduino-testlib/cli-datadir/user/libraries/BareBoneSim800
  Not used: /home/ec2-user/arduino-testlib/cli-datadir/user/libraries/AltSoftSerial
</pre>
					
				
				<h3 id="arduino:samd:mkrwifi1010">arduino:samd:mkrwifi1010 @ 1.8.12</h3>
				<h4>Inclusion</h4>
				<p>
					Result: <b>PASS</b>
					
				</p>
				<pre class="pre-scrollable">Sketch uses 12156 bytes (4%) of program storage space. Maximum is 262144 bytes.
Global variables use 2996 bytes (9%) of dynamic memory, leaving 29772 bytes for local variables. Maximum is 32768 bytes.
</pre>

					
					<h4>examples/DisplayValues</h4>
					<p>
						Result: <b>FAIL</b>
					</p>
					<pre class="pre-scrollable">/home/ec2-user/arduino-testlib/cli-datadir/user/libraries/YosemitechModbus/examples/DisplayValues/DisplayValues.ino:17:10: fatal error: AMAdafruit_GFX.h: No such file or directory
 #include &lt;AMAdafruit_GFX.h&gt;  // For the OLED display
          ^~~~~~~~~~~~~~~~~~
compilation terminated.
Multiple libraries were found for &#34;SoftwareSerial.h&#34;
  Used: /home/ec2-user/arduino-testlib/cli-datadir/user/libraries/Dabble
  Not used: /home/ec2-user/arduino-testlib/cli-datadir/user/libraries/EspSoftwareSerial
  Not used: /home/ec2-user/arduino-testlib/cli-datadir/user/libraries/Printoo_Library
</pre>
					
					<h4>examples/GetValues</h4>
					<p>
						Result: <b>FAIL</b>
					</p>
					<pre class="pre-scrollable">Multiple libraries were found for &#34;AltSoftSerial.h&#34;
  Used: /home/ec2-user/arduino-testlib/cli-datadir/user/libraries/AIS_NB_BC95
  Not used: /home/ec2-user/arduino-testlib/cli-datadir/user/libraries/BareBoneSim800
  Not used: /home/ec2-user/arduino-testlib/cli-datadir/user/libraries/AltSoftSerial
</pre>
					
				
				<h3 id="esp32:esp32:d1_mini32">esp32:esp32:d1_mini32 @ 1.0.6</h3>
				<h4>Inclusion</h4>
				<p>
					Result: <b>PASS</b>
					
				</p>
				<pre class="pre-scrollable">WARNING: library YosemitechModbus claims to run on avr, sam, samd architecture(s) and may be incompatible with your current board which runs on esp32 architecture(s).
WARNING: library SensorModbusMaster claims to run on avr, sam, samd architecture(s) and may be incompatible with your current board which runs on esp32 architecture(s).
Sketch uses 200570 bytes (15%) of program storage space. Maximum is 1310720 bytes.
Global variables use 13112 bytes (4%) of dynamic memory, leaving 314568 bytes for local variables. Maximum is 327680 bytes.
</pre>

					
					<h4>examples/DisplayValues</h4>
					<p>
						Result: <b>FAIL</b>
					</p>
					<pre class="pre-scrollable">/home/ec2-user/arduino-testlib/cli-datadir/user/libraries/YosemitechModbus/examples/DisplayValues/DisplayValues.ino:17:53: fatal error: AMAdafruit_GFX.h: No such file or directory
compilation terminated.
Multiple libraries were found for &#34;SoftwareSerial.h&#34;
  Used: /home/ec2-user/arduino-testlib/cli-datadir/user/libraries/EspSoftwareSerial
  Not used: /home/ec2-user/arduino-testlib/cli-datadir/user/libraries/Dabble
  Not used: /home/ec2-user/arduino-testlib/cli-datadir/user/libraries/Printoo_Library
</pre>
					
					<h4>examples/GetValues</h4>
					<p>
						Result: <b>FAIL</b>
					</p>
					<pre class="pre-scrollable">WARNING: library YosemitechModbus claims to run on avr, sam, samd architecture(s) and may be incompatible with your current board which runs on esp32 architecture(s).
WARNING: library SensorModbusMaster claims to run on avr, sam, samd architecture(s) and may be incompatible with your current board which runs on esp32 architecture(s).
Multiple libraries were found for &#34;AltSoftSerial.h&#34;
  Used: /home/ec2-user/arduino-testlib/cli-datadir/user/libraries/AIS_NB_BC95
  Not used: /home/ec2-user/arduino-testlib/cli-datadir/user/libraries/AltSoftSerial
  Not used: /home/ec2-user/arduino-testlib/cli-datadir/user/libraries/BareBoneSim800
</pre>
					
				
			</div>
		</div>
	</div>
  </body>
</html>
