
<!doctype html>
<html lang="en">
  <head>
    <meta charset="utf-8">
    <meta name="viewport" content="width=device-width, initial-scale=1">
    <link href="https://cdn.jsdelivr.net/npm/bootstrap@5.0.2/dist/css/bootstrap.min.css" rel="stylesheet" integrity="sha384-EVSTQN3/azprG1Anm3QDgpJLIm9Nao0Yz1ztcQTwFspd3yD65VohhpuuCOmLASjC" crossorigin="anonymous">
    <title>arduino-testlib report</title>
	<style>
	.pass { background-color: #00FF00 !important; }
	.fail { background-color: #FF0000 !important; }
	</style>
  </head>
  <body>
	<div class="container">
		<div class="row">
			<div class="col">
				<h1>107-Arduino-UAVCAN - compatibility matrix</h1>
				<p>
					<small>This report was generated on Wednesday, 23-Feb-22 22:48:15 CET using 
					<a href="https://github.com/alranel/arduino-testlib">arduino-testlib</a>.</small>
				</p>

				<h2>107-Arduino-UAVCAN</h2>
				<p>
					Version: <b>1.4.0</b>
					<br />
					<a href="https://www.arduino.cc/reference/en/libraries/107-arduino-uavcan/">More details</a>
				</p>

				<h2>Compatibility matrix</h2>
				<table class="table table-bordered">
					<tr>
						<th>Board</th>
						<th>Claims compatibility</th>
						<th>Inclusion</th>
						
						<th><pre>UAVCAN-Service-Server</pre></th>
						
						<th><pre>UAVCAN-ToF-Distance-Sensor-Node</pre></th>
						
						<th><pre>UAVCAN-BMS-Subscribe</pre></th>
						
						<th><pre>UAVCAN-Blink</pre></th>
						
						<th><pre>UAVCAN-GNSS-Node</pre></th>
						
						<th><pre>UAVCAN-Heartbeat-Publish</pre></th>
						
						<th><pre>UAVCAN-Heartbeat-Subscribe</pre></th>
						
						<th><pre>UAVCAN-Service-Client</pre></th>
						
					</tr>
					
					<tr>
						<td>
							<a href="#arduino%3aavr%3auno"><b>arduino:avr:uno</b></a>
							<br />
							<small>1.8.4</small>
						</td>

						
						
						
						
							<td>No</td>
							<td class="fail">FAIL</td>
						

						
							
								
									
										
									
										
									
										
									
										
									
										
									
										
									
										
											
											<td class="fail">FAIL</td>
										
									
										
									
								
							
								
							
								
							
								
							
								
							
						
							
								
									
										
									
										
									
										
									
										
									
										
									
										
									
										
									
										
											
											<td class="fail">FAIL</td>
										
									
								
							
								
							
								
							
								
							
								
							
						
							
								
									
										
											
											<td class="fail">FAIL</td>
										
									
										
									
										
									
										
									
										
									
										
									
										
									
										
									
								
							
								
							
								
							
								
							
								
							
						
							
								
									
										
									
										
											
											<td class="fail">FAIL</td>
										
									
										
									
										
									
										
									
										
									
										
									
										
									
								
							
								
							
								
							
								
							
								
							
						
							
								
									
										
									
										
									
										
											
											<td class="fail">FAIL</td>
										
									
										
									
										
									
										
									
										
									
										
									
								
							
								
							
								
							
								
							
								
							
						
							
								
									
										
									
										
									
										
									
										
											
											<td class="fail">FAIL</td>
										
									
										
									
										
									
										
									
										
									
								
							
								
							
								
							
								
							
								
							
						
							
								
									
										
									
										
									
										
									
										
									
										
											
											<td class="fail">FAIL</td>
										
									
										
									
										
									
										
									
								
							
								
							
								
							
								
							
								
							
						
							
								
									
										
									
										
									
										
									
										
									
										
									
										
											
											<td class="fail">FAIL</td>
										
									
										
									
										
									
								
							
								
							
								
							
								
							
								
							
						
					</tr>
					
					<tr>
						<td>
							<a href="#arduino%3ambed_nano%3ananorp2040connect"><b>arduino:mbed_nano:nanorp2040connect</b></a>
							<br />
							<small>2.7.2</small>
						</td>

						
							<td>Yes</td>
							<td class="pass">PASS</td>
						
						
						
						

						
							
								
							
								
									
										
									
										
									
										
									
										
									
										
									
										
									
										
											<td class="pass">PASS</td>
											
										
									
										
									
								
							
								
							
								
							
								
							
						
							
								
							
								
									
										
									
										
									
										
									
										
									
										
									
										
									
										
									
										
											<td class="pass">PASS</td>
											
										
									
								
							
								
							
								
							
								
							
						
							
								
							
								
									
										
											<td class="pass">PASS</td>
											
										
									
										
									
										
									
										
									
										
									
										
									
										
									
										
									
								
							
								
							
								
							
								
							
						
							
								
							
								
									
										
									
										
											<td class="pass">PASS</td>
											
										
									
										
									
										
									
										
									
										
									
										
									
										
									
								
							
								
							
								
							
								
							
						
							
								
							
								
									
										
									
										
									
										
											<td class="pass">PASS</td>
											
										
									
										
									
										
									
										
									
										
									
										
									
								
							
								
							
								
							
								
							
						
							
								
							
								
									
										
									
										
									
										
									
										
											<td class="pass">PASS</td>
											
										
									
										
									
										
									
										
									
										
									
								
							
								
							
								
							
								
							
						
							
								
							
								
									
										
									
										
									
										
									
										
									
										
											<td class="pass">PASS</td>
											
										
									
										
									
										
									
										
									
								
							
								
							
								
							
								
							
						
							
								
							
								
									
										
									
										
									
										
									
										
									
										
									
										
											<td class="pass">PASS</td>
											
										
									
										
									
										
									
								
							
								
							
								
							
								
							
						
					</tr>
					
					<tr>
						<td>
							<a href="#arduino%3amegaavr%3anona4809"><b>arduino:megaavr:nona4809</b></a>
							<br />
							<small>1.8.7</small>
						</td>

						
						
						
						
							<td>No</td>
							<td class="fail">FAIL</td>
						

						
							
								
							
								
							
								
									
										
									
										
									
										
									
										
									
										
									
										
									
										
											
											<td class="fail">FAIL</td>
										
									
										
									
								
							
								
							
								
							
						
							
								
							
								
							
								
									
										
									
										
									
										
									
										
									
										
									
										
									
										
									
										
											
											<td class="fail">FAIL</td>
										
									
								
							
								
							
								
							
						
							
								
							
								
							
								
									
										
											
											<td class="fail">FAIL</td>
										
									
										
									
										
									
										
									
										
									
										
									
										
									
										
									
								
							
								
							
								
							
						
							
								
							
								
							
								
									
										
									
										
											
											<td class="fail">FAIL</td>
										
									
										
									
										
									
										
									
										
									
										
									
										
									
								
							
								
							
								
							
						
							
								
							
								
							
								
									
										
									
										
									
										
											
											<td class="fail">FAIL</td>
										
									
										
									
										
									
										
									
										
									
										
									
								
							
								
							
								
							
						
							
								
							
								
							
								
									
										
									
										
									
										
									
										
											
											<td class="fail">FAIL</td>
										
									
										
									
										
									
										
									
										
									
								
							
								
							
								
							
						
							
								
							
								
							
								
									
										
									
										
									
										
									
										
									
										
											
											<td class="fail">FAIL</td>
										
									
										
									
										
									
										
									
								
							
								
							
								
							
						
							
								
							
								
							
								
									
										
									
										
									
										
									
										
									
										
									
										
											
											<td class="fail">FAIL</td>
										
									
										
									
										
									
								
							
								
							
								
							
						
					</tr>
					
					<tr>
						<td>
							<a href="#arduino%3asamd%3amkrwifi1010"><b>arduino:samd:mkrwifi1010</b></a>
							<br />
							<small>1.8.12</small>
						</td>

						
							<td>Yes</td>
							<td class="pass">PASS</td>
						
						
						
						

						
							
								
							
								
							
								
							
								
									
										
									
										
									
										
									
										
									
										
									
										
									
										
											<td class="pass">PASS</td>
											
										
									
										
									
								
							
								
							
						
							
								
							
								
							
								
							
								
									
										
									
										
									
										
									
										
									
										
									
										
									
										
									
										
											<td class="pass">PASS</td>
											
										
									
								
							
								
							
						
							
								
							
								
							
								
							
								
									
										
											<td class="pass">PASS</td>
											
										
									
										
									
										
									
										
									
										
									
										
									
										
									
										
									
								
							
								
							
						
							
								
							
								
							
								
							
								
									
										
									
										
											<td class="pass">PASS</td>
											
										
									
										
									
										
									
										
									
										
									
										
									
										
									
								
							
								
							
						
							
								
							
								
							
								
							
								
									
										
									
										
									
										
											<td class="pass">PASS</td>
											
										
									
										
									
										
									
										
									
										
									
										
									
								
							
								
							
						
							
								
							
								
							
								
							
								
									
										
									
										
									
										
									
										
											<td class="pass">PASS</td>
											
										
									
										
									
										
									
										
									
										
									
								
							
								
							
						
							
								
							
								
							
								
							
								
									
										
									
										
									
										
									
										
									
										
											<td class="pass">PASS</td>
											
										
									
										
									
										
									
										
									
								
							
								
							
						
							
								
							
								
							
								
							
								
									
										
									
										
									
										
									
										
									
										
									
										
											<td class="pass">PASS</td>
											
										
									
										
									
										
									
								
							
								
							
						
					</tr>
					
					<tr>
						<td>
							<a href="#esp32%3aesp32%3ad1_mini32"><b>esp32:esp32:d1_mini32</b></a>
							<br />
							<small>1.0.6</small>
						</td>

						
						
						
							<td>Yes ⚠️</td>
							<td class="fail">FAIL</td>
						
						

						
							
								
							
								
							
								
							
								
							
								
									
										
									
										
									
										
									
										
									
										
									
										
									
										
											
											<td class="fail">FAIL</td>
										
									
										
									
								
							
						
							
								
							
								
							
								
							
								
							
								
									
										
									
										
									
										
									
										
									
										
									
										
									
										
									
										
											
											<td class="fail">FAIL</td>
										
									
								
							
						
							
								
							
								
							
								
							
								
							
								
									
										
											
											<td class="fail">FAIL</td>
										
									
										
									
										
									
										
									
										
									
										
									
										
									
										
									
								
							
						
							
								
							
								
							
								
							
								
							
								
									
										
									
										
											
											<td class="fail">FAIL</td>
										
									
										
									
										
									
										
									
										
									
										
									
										
									
								
							
						
							
								
							
								
							
								
							
								
							
								
									
										
									
										
									
										
											
											<td class="fail">FAIL</td>
										
									
										
									
										
									
										
									
										
									
										
									
								
							
						
							
								
							
								
							
								
							
								
							
								
									
										
									
										
									
										
									
										
											
											<td class="fail">FAIL</td>
										
									
										
									
										
									
										
									
										
									
								
							
						
							
								
							
								
							
								
							
								
							
								
									
										
									
										
									
										
									
										
									
										
											
											<td class="fail">FAIL</td>
										
									
										
									
										
									
										
									
								
							
						
							
								
							
								
							
								
							
								
							
								
									
										
									
										
									
										
									
										
									
										
									
										
											
											<td class="fail">FAIL</td>
										
									
										
									
										
									
								
							
						
					</tr>
					
				</table>

				<h2>Compilation logs</h2>
				
				<h3 id="arduino:avr:uno">arduino:avr:uno @ 1.8.4</h3>
				<h4>Inclusion</h4>
				<p>
					Result: <b>FAIL</b>
					
				</p>
				<pre class="pre-scrollable">In file included from /tmp/arduino-testlib4100666278/test/test.ino:1:0:
/home/ec2-user/arduino-testlib/cli-datadir/user/libraries/107-Arduino-UAVCAN/src/ArduinoUAVCAN.h:19:10: fatal error: map: No such file or directory
 #include &lt;map&gt;
          ^~~~~
compilation terminated.

</pre>

					
					<h4>examples/UAVCAN-BMS-Subscribe</h4>
					<p>
						Result: <b>FAIL</b>
					</p>
					<pre class="pre-scrollable">In file included from /home/ec2-user/arduino-testlib/cli-datadir/user/libraries/107-Arduino-UAVCAN/examples/UAVCAN-BMS-Subscribe/UAVCAN-BMS-Subscribe.ino:22:0:
/home/ec2-user/arduino-testlib/cli-datadir/user/libraries/107-Arduino-UAVCAN/src/ArduinoUAVCAN.h:19:10: fatal error: map: No such file or directory
 #include &lt;map&gt;
          ^~~~~
compilation terminated.

</pre>
					
					<h4>examples/UAVCAN-Blink</h4>
					<p>
						Result: <b>FAIL</b>
					</p>
					<pre class="pre-scrollable">In file included from /home/ec2-user/arduino-testlib/cli-datadir/user/libraries/107-Arduino-UAVCAN/examples/UAVCAN-Blink/UAVCAN-Blink.ino:22:0:
/home/ec2-user/arduino-testlib/cli-datadir/user/libraries/107-Arduino-UAVCAN/src/ArduinoUAVCAN.h:19:10: fatal error: map: No such file or directory
 #include &lt;map&gt;
          ^~~~~
compilation terminated.

</pre>
					
					<h4>examples/UAVCAN-GNSS-Node</h4>
					<p>
						Result: <b>FAIL</b>
					</p>
					<pre class="pre-scrollable">In file included from /home/ec2-user/arduino-testlib/cli-datadir/user/libraries/107-Arduino-UAVCAN/examples/UAVCAN-GNSS-Node/UAVCAN-GNSS-Node.ino:18:0:
/home/ec2-user/arduino-testlib/cli-datadir/user/libraries/107-Arduino-UAVCAN/src/ArduinoUAVCAN.h:19:10: fatal error: map: No such file or directory
 #include &lt;map&gt;
          ^~~~~
compilation terminated.

</pre>
					
					<h4>examples/UAVCAN-Heartbeat-Publish</h4>
					<p>
						Result: <b>FAIL</b>
					</p>
					<pre class="pre-scrollable">In file included from /home/ec2-user/arduino-testlib/cli-datadir/user/libraries/107-Arduino-UAVCAN/examples/UAVCAN-Heartbeat-Publish/UAVCAN-Heartbeat-Publish.ino:15:0:
/home/ec2-user/arduino-testlib/cli-datadir/user/libraries/107-Arduino-UAVCAN/src/ArduinoUAVCAN.h:19:10: fatal error: map: No such file or directory
 #include &lt;map&gt;
          ^~~~~
compilation terminated.

</pre>
					
					<h4>examples/UAVCAN-Heartbeat-Subscribe</h4>
					<p>
						Result: <b>FAIL</b>
					</p>
					<pre class="pre-scrollable">In file included from /home/ec2-user/arduino-testlib/cli-datadir/user/libraries/107-Arduino-UAVCAN/examples/UAVCAN-Heartbeat-Subscribe/UAVCAN-Heartbeat-Subscribe.ino:15:0:
/home/ec2-user/arduino-testlib/cli-datadir/user/libraries/107-Arduino-UAVCAN/src/ArduinoUAVCAN.h:19:10: fatal error: map: No such file or directory
 #include &lt;map&gt;
          ^~~~~
compilation terminated.

</pre>
					
					<h4>examples/UAVCAN-Service-Client</h4>
					<p>
						Result: <b>FAIL</b>
					</p>
					<pre class="pre-scrollable">In file included from /home/ec2-user/arduino-testlib/cli-datadir/user/libraries/107-Arduino-UAVCAN/examples/UAVCAN-Service-Client/UAVCAN-Service-Client.ino:16:0:
/home/ec2-user/arduino-testlib/cli-datadir/user/libraries/107-Arduino-UAVCAN/src/ArduinoUAVCAN.h:19:10: fatal error: map: No such file or directory
 #include &lt;map&gt;
          ^~~~~
compilation terminated.

</pre>
					
					<h4>examples/UAVCAN-Service-Server</h4>
					<p>
						Result: <b>FAIL</b>
					</p>
					<pre class="pre-scrollable">In file included from /home/ec2-user/arduino-testlib/cli-datadir/user/libraries/107-Arduino-UAVCAN/examples/UAVCAN-Service-Server/UAVCAN-Service-Server.ino:16:0:
/home/ec2-user/arduino-testlib/cli-datadir/user/libraries/107-Arduino-UAVCAN/src/ArduinoUAVCAN.h:19:10: fatal error: map: No such file or directory
 #include &lt;map&gt;
          ^~~~~
compilation terminated.

</pre>
					
					<h4>examples/UAVCAN-ToF-Distance-Sensor-Node</h4>
					<p>
						Result: <b>FAIL</b>
					</p>
					<pre class="pre-scrollable">In file included from /home/ec2-user/arduino-testlib/cli-datadir/user/libraries/107-Arduino-UAVCAN/examples/UAVCAN-ToF-Distance-Sensor-Node/UAVCAN-ToF-Distance-Sensor-Node.ino:19:0:
/home/ec2-user/arduino-testlib/cli-datadir/user/libraries/107-Arduino-UAVCAN/src/ArduinoUAVCAN.h:19:10: fatal error: map: No such file or directory
 #include &lt;map&gt;
          ^~~~~
compilation terminated.

</pre>
					
				
				<h3 id="arduino:mbed_nano:nanorp2040connect">arduino:mbed_nano:nanorp2040connect @ 2.7.2</h3>
				<h4>Inclusion</h4>
				<p>
					Result: <b>PASS</b>
					
				</p>
				<pre class="pre-scrollable">Sketch uses 78804 bytes (0%) of program storage space. Maximum is 16777216 bytes.
Global variables use 43464 bytes (16%) of dynamic memory, leaving 226872 bytes for local variables. Maximum is 270336 bytes.
</pre>

					
					<h4>examples/UAVCAN-BMS-Subscribe</h4>
					<p>
						Result: <b>PASS</b>
					</p>
					<pre class="pre-scrollable">Sketch uses 104658 bytes (0%) of program storage space. Maximum is 16777216 bytes.
Global variables use 48240 bytes (17%) of dynamic memory, leaving 222096 bytes for local variables. Maximum is 270336 bytes.
</pre>
					
					<h4>examples/UAVCAN-Blink</h4>
					<p>
						Result: <b>PASS</b>
					</p>
					<pre class="pre-scrollable">Sketch uses 102296 bytes (0%) of program storage space. Maximum is 16777216 bytes.
Global variables use 48252 bytes (17%) of dynamic memory, leaving 222084 bytes for local variables. Maximum is 270336 bytes.
</pre>
					
					<h4>examples/UAVCAN-GNSS-Node</h4>
					<p>
						Result: <b>PASS</b>
					</p>
					<pre class="pre-scrollable">Sketch uses 113634 bytes (0%) of program storage space. Maximum is 16777216 bytes.
Global variables use 48484 bytes (17%) of dynamic memory, leaving 221852 bytes for local variables. Maximum is 270336 bytes.
</pre>
					
					<h4>examples/UAVCAN-Heartbeat-Publish</h4>
					<p>
						Result: <b>PASS</b>
					</p>
					<pre class="pre-scrollable">Sketch uses 98344 bytes (0%) of program storage space. Maximum is 16777216 bytes.
Global variables use 48252 bytes (17%) of dynamic memory, leaving 222084 bytes for local variables. Maximum is 270336 bytes.
</pre>
					
					<h4>examples/UAVCAN-Heartbeat-Subscribe</h4>
					<p>
						Result: <b>PASS</b>
					</p>
					<pre class="pre-scrollable">Sketch uses 99896 bytes (0%) of program storage space. Maximum is 16777216 bytes.
Global variables use 48240 bytes (17%) of dynamic memory, leaving 222096 bytes for local variables. Maximum is 270336 bytes.
</pre>
					
					<h4>examples/UAVCAN-Service-Client</h4>
					<p>
						Result: <b>PASS</b>
					</p>
					<pre class="pre-scrollable">Sketch uses 101912 bytes (0%) of program storage space. Maximum is 16777216 bytes.
Global variables use 48240 bytes (17%) of dynamic memory, leaving 222096 bytes for local variables. Maximum is 270336 bytes.
</pre>
					
					<h4>examples/UAVCAN-Service-Server</h4>
					<p>
						Result: <b>PASS</b>
					</p>
					<pre class="pre-scrollable">Sketch uses 101712 bytes (0%) of program storage space. Maximum is 16777216 bytes.
Global variables use 48240 bytes (17%) of dynamic memory, leaving 222096 bytes for local variables. Maximum is 270336 bytes.
</pre>
					
					<h4>examples/UAVCAN-ToF-Distance-Sensor-Node</h4>
					<p>
						Result: <b>PASS</b>
					</p>
					<pre class="pre-scrollable">Sketch uses 108668 bytes (0%) of program storage space. Maximum is 16777216 bytes.
Global variables use 49232 bytes (18%) of dynamic memory, leaving 221104 bytes for local variables. Maximum is 270336 bytes.
</pre>
					
				
				<h3 id="arduino:megaavr:nona4809">arduino:megaavr:nona4809 @ 1.8.7</h3>
				<h4>Inclusion</h4>
				<p>
					Result: <b>FAIL</b>
					
				</p>
				<pre class="pre-scrollable">In file included from /tmp/arduino-testlib4100666278/test/test.ino:1:0:
/home/ec2-user/arduino-testlib/cli-datadir/user/libraries/107-Arduino-UAVCAN/src/ArduinoUAVCAN.h:19:10: fatal error: map: No such file or directory
 #include &lt;map&gt;
          ^~~~~
compilation terminated.

</pre>

					
					<h4>examples/UAVCAN-BMS-Subscribe</h4>
					<p>
						Result: <b>FAIL</b>
					</p>
					<pre class="pre-scrollable">In file included from /home/ec2-user/arduino-testlib/cli-datadir/user/libraries/107-Arduino-UAVCAN/examples/UAVCAN-BMS-Subscribe/UAVCAN-BMS-Subscribe.ino:22:0:
/home/ec2-user/arduino-testlib/cli-datadir/user/libraries/107-Arduino-UAVCAN/src/ArduinoUAVCAN.h:19:10: fatal error: map: No such file or directory
 #include &lt;map&gt;
          ^~~~~
compilation terminated.

</pre>
					
					<h4>examples/UAVCAN-Blink</h4>
					<p>
						Result: <b>FAIL</b>
					</p>
					<pre class="pre-scrollable">In file included from /home/ec2-user/arduino-testlib/cli-datadir/user/libraries/107-Arduino-UAVCAN/examples/UAVCAN-Blink/UAVCAN-Blink.ino:22:0:
/home/ec2-user/arduino-testlib/cli-datadir/user/libraries/107-Arduino-UAVCAN/src/ArduinoUAVCAN.h:19:10: fatal error: map: No such file or directory
 #include &lt;map&gt;
          ^~~~~
compilation terminated.

</pre>
					
					<h4>examples/UAVCAN-GNSS-Node</h4>
					<p>
						Result: <b>FAIL</b>
					</p>
					<pre class="pre-scrollable">In file included from /home/ec2-user/arduino-testlib/cli-datadir/user/libraries/107-Arduino-UAVCAN/examples/UAVCAN-GNSS-Node/UAVCAN-GNSS-Node.ino:18:0:
/home/ec2-user/arduino-testlib/cli-datadir/user/libraries/107-Arduino-UAVCAN/src/ArduinoUAVCAN.h:19:10: fatal error: map: No such file or directory
 #include &lt;map&gt;
          ^~~~~
compilation terminated.

</pre>
					
					<h4>examples/UAVCAN-Heartbeat-Publish</h4>
					<p>
						Result: <b>FAIL</b>
					</p>
					<pre class="pre-scrollable">In file included from /home/ec2-user/arduino-testlib/cli-datadir/user/libraries/107-Arduino-UAVCAN/examples/UAVCAN-Heartbeat-Publish/UAVCAN-Heartbeat-Publish.ino:15:0:
/home/ec2-user/arduino-testlib/cli-datadir/user/libraries/107-Arduino-UAVCAN/src/ArduinoUAVCAN.h:19:10: fatal error: map: No such file or directory
 #include &lt;map&gt;
          ^~~~~
compilation terminated.

</pre>
					
					<h4>examples/UAVCAN-Heartbeat-Subscribe</h4>
					<p>
						Result: <b>FAIL</b>
					</p>
					<pre class="pre-scrollable">In file included from /home/ec2-user/arduino-testlib/cli-datadir/user/libraries/107-Arduino-UAVCAN/examples/UAVCAN-Heartbeat-Subscribe/UAVCAN-Heartbeat-Subscribe.ino:15:0:
/home/ec2-user/arduino-testlib/cli-datadir/user/libraries/107-Arduino-UAVCAN/src/ArduinoUAVCAN.h:19:10: fatal error: map: No such file or directory
 #include &lt;map&gt;
          ^~~~~
compilation terminated.

</pre>
					
					<h4>examples/UAVCAN-Service-Client</h4>
					<p>
						Result: <b>FAIL</b>
					</p>
					<pre class="pre-scrollable">In file included from /home/ec2-user/arduino-testlib/cli-datadir/user/libraries/107-Arduino-UAVCAN/examples/UAVCAN-Service-Client/UAVCAN-Service-Client.ino:16:0:
/home/ec2-user/arduino-testlib/cli-datadir/user/libraries/107-Arduino-UAVCAN/src/ArduinoUAVCAN.h:19:10: fatal error: map: No such file or directory
 #include &lt;map&gt;
          ^~~~~
compilation terminated.

</pre>
					
					<h4>examples/UAVCAN-Service-Server</h4>
					<p>
						Result: <b>FAIL</b>
					</p>
					<pre class="pre-scrollable">In file included from /home/ec2-user/arduino-testlib/cli-datadir/user/libraries/107-Arduino-UAVCAN/examples/UAVCAN-Service-Server/UAVCAN-Service-Server.ino:16:0:
/home/ec2-user/arduino-testlib/cli-datadir/user/libraries/107-Arduino-UAVCAN/src/ArduinoUAVCAN.h:19:10: fatal error: map: No such file or directory
 #include &lt;map&gt;
          ^~~~~
compilation terminated.

</pre>
					
					<h4>examples/UAVCAN-ToF-Distance-Sensor-Node</h4>
					<p>
						Result: <b>FAIL</b>
					</p>
					<pre class="pre-scrollable">In file included from /home/ec2-user/arduino-testlib/cli-datadir/user/libraries/107-Arduino-UAVCAN/examples/UAVCAN-ToF-Distance-Sensor-Node/UAVCAN-ToF-Distance-Sensor-Node.ino:19:0:
/home/ec2-user/arduino-testlib/cli-datadir/user/libraries/107-Arduino-UAVCAN/src/ArduinoUAVCAN.h:19:10: fatal error: map: No such file or directory
 #include &lt;map&gt;
          ^~~~~
compilation terminated.

</pre>
					
				
				<h3 id="arduino:samd:mkrwifi1010">arduino:samd:mkrwifi1010 @ 1.8.12</h3>
				<h4>Inclusion</h4>
				<p>
					Result: <b>PASS</b>
					
				</p>
				<pre class="pre-scrollable">Sketch uses 12252 bytes (4%) of program storage space. Maximum is 262144 bytes.
Global variables use 2996 bytes (9%) of dynamic memory, leaving 29772 bytes for local variables. Maximum is 32768 bytes.
</pre>

					
					<h4>examples/UAVCAN-BMS-Subscribe</h4>
					<p>
						Result: <b>PASS</b>
					</p>
					<pre class="pre-scrollable">Sketch uses 48456 bytes (18%) of program storage space. Maximum is 262144 bytes.
Global variables use 7572 bytes (23%) of dynamic memory, leaving 25196 bytes for local variables. Maximum is 32768 bytes.
</pre>
					
					<h4>examples/UAVCAN-Blink</h4>
					<p>
						Result: <b>PASS</b>
					</p>
					<pre class="pre-scrollable">Sketch uses 34140 bytes (13%) of program storage space. Maximum is 262144 bytes.
Global variables use 7572 bytes (23%) of dynamic memory, leaving 25196 bytes for local variables. Maximum is 32768 bytes.
</pre>
					
					<h4>examples/UAVCAN-GNSS-Node</h4>
					<p>
						Result: <b>PASS</b>
					</p>
					<pre class="pre-scrollable">Sketch uses 60164 bytes (22%) of program storage space. Maximum is 262144 bytes.
Global variables use 8180 bytes (24%) of dynamic memory, leaving 24588 bytes for local variables. Maximum is 32768 bytes.
</pre>
					
					<h4>examples/UAVCAN-Heartbeat-Publish</h4>
					<p>
						Result: <b>PASS</b>
					</p>
					<pre class="pre-scrollable">Sketch uses 29540 bytes (11%) of program storage space. Maximum is 262144 bytes.
Global variables use 7572 bytes (23%) of dynamic memory, leaving 25196 bytes for local variables. Maximum is 32768 bytes.
</pre>
					
					<h4>examples/UAVCAN-Heartbeat-Subscribe</h4>
					<p>
						Result: <b>PASS</b>
					</p>
					<pre class="pre-scrollable">Sketch uses 31520 bytes (12%) of program storage space. Maximum is 262144 bytes.
Global variables use 7572 bytes (23%) of dynamic memory, leaving 25196 bytes for local variables. Maximum is 32768 bytes.
</pre>
					
					<h4>examples/UAVCAN-Service-Client</h4>
					<p>
						Result: <b>PASS</b>
					</p>
					<pre class="pre-scrollable">Sketch uses 33672 bytes (12%) of program storage space. Maximum is 262144 bytes.
Global variables use 7572 bytes (23%) of dynamic memory, leaving 25196 bytes for local variables. Maximum is 32768 bytes.
</pre>
					
					<h4>examples/UAVCAN-Service-Server</h4>
					<p>
						Result: <b>PASS</b>
					</p>
					<pre class="pre-scrollable">Sketch uses 33032 bytes (12%) of program storage space. Maximum is 262144 bytes.
Global variables use 7572 bytes (23%) of dynamic memory, leaving 25196 bytes for local variables. Maximum is 32768 bytes.
</pre>
					
					<h4>examples/UAVCAN-ToF-Distance-Sensor-Node</h4>
					<p>
						Result: <b>PASS</b>
					</p>
					<pre class="pre-scrollable">Sketch uses 54692 bytes (20%) of program storage space. Maximum is 262144 bytes.
Global variables use 8704 bytes (26%) of dynamic memory, leaving 24064 bytes for local variables. Maximum is 32768 bytes.
</pre>
					
				
				<h3 id="esp32:esp32:d1_mini32">esp32:esp32:d1_mini32 @ 1.0.6</h3>
				<h4>Inclusion</h4>
				<p>
					Result: <b>FAIL</b>
					
				</p>
				<pre class="pre-scrollable">In file included from /home/ec2-user/arduino-testlib/cli-datadir/user/libraries/107-Arduino-UAVCAN/src/wrappers/reg/drone/physics/kinematics/cartesian/PointVar_0_1.hpp:17:0,
                 from /home/ec2-user/arduino-testlib/cli-datadir/user/libraries/107-Arduino-UAVCAN/src/ArduinoUAVCANTypes.h:35,
                 from /home/ec2-user/arduino-testlib/cli-datadir/user/libraries/107-Arduino-UAVCAN/src/ArduinoUAVCAN.h:24,
                 from /tmp/arduino-testlib4100666278/test/test.ino:1:
/home/ec2-user/arduino-testlib/cli-datadir/user/libraries/107-Arduino-UAVCAN/src/types/reg/drone/physics/kinematics/cartesian/PointVar_0_1.h: In function &#39;int8_t reg_drone_physics_kinematics_cartesian_PointVar_0_1_serialize_(const reg_drone_physics_kinematics_cartesian_PointVar_0_1*, uint8_t*, size_t*)&#39;:
/home/ec2-user/arduino-testlib/cli-datadir/user/libraries/107-Arduino-UAVCAN/src/types/reg/drone/physics/kinematics/cartesian/PointVar_0_1.h:151:32: error: &#39;isfinite&#39; was not declared in this scope
             if (isfinite(_sat0_))
                                ^
/home/ec2-user/arduino-testlib/cli-datadir/user/libraries/107-Arduino-UAVCAN/src/types/reg/drone/physics/kinematics/cartesian/PointVar_0_1.h:151:32: note: suggested alternative:
In file included from /home/ec2-user/arduino-testlib/cli-datadir/data/packages/esp32/tools/xtensa-esp32-elf-gcc/1.22.0-97-gc752ad5-5.2.0/xtensa-esp32-elf/include/c&#43;&#43;/5.2.0/random:38:0,
                 from /home/ec2-user/arduino-testlib/cli-datadir/data/packages/esp32/tools/xtensa-esp32-elf-gcc/1.22.0-97-gc752ad5-5.2.0/xtensa-esp32-elf/include/c&#43;&#43;/5.2.0/bits/stl_algo.h:66,
                 from /home/ec2-user/arduino-testlib/cli-datadir/data/packages/esp32/tools/xtensa-esp32-elf-gcc/1.22.0-97-gc752ad5-5.2.0/xtensa-esp32-elf/include/c&#43;&#43;/5.2.0/algorithm:62,
                 from /home/ec2-user/arduino-testlib/cli-datadir/data/packages/esp32/hardware/esp32/1.0.6/cores/esp32/Arduino.h:142,
                 from /tmp/arduino-sketch-05D7352FC2448DBF1F73B75A21495FA8/sketch/test.ino.cpp:1:
/home/ec2-user/arduino-testlib/cli-datadir/data/packages/esp32/tools/xtensa-esp32-elf-gcc/1.22.0-97-gc752ad5-5.2.0/xtensa-esp32-elf/include/c&#43;&#43;/5.2.0/cmath:596:5: note:   &#39;std::isfinite&#39;
     isfinite(_Tp __x)
     ^
In file included from /home/ec2-user/arduino-testlib/cli-datadir/user/libraries/107-Arduino-UAVCAN/src/wrappers/reg/drone/physics/kinematics/cartesian/PoseVar_0_1.hpp:17:0,
                 from /home/ec2-user/arduino-testlib/cli-datadir/user/libraries/107-Arduino-UAVCAN/src/ArduinoUAVCANTypes.h:36,
                 from /home/ec2-user/arduino-testlib/cli-datadir/user/libraries/107-Arduino-UAVCAN/src/ArduinoUAVCAN.h:24,
                 from /tmp/arduino-testlib4100666278/test/test.ino:1:
/home/ec2-user/arduino-testlib/cli-datadir/user/libraries/107-Arduino-UAVCAN/src/types/reg/drone/physics/kinematics/cartesian/PoseVar_0_1.h: In function &#39;int8_t reg_drone_physics_kinematics_cartesian_PoseVar_0_1_serialize_(const reg_drone_physics_kinematics_cartesian_PoseVar_0_1*, uint8_t*, size_t*)&#39;:
/home/ec2-user/arduino-testlib/cli-datadir/user/libraries/107-Arduino-UAVCAN/src/types/reg/drone/physics/kinematics/cartesian/PoseVar_0_1.h:151:32: error: &#39;isfinite&#39; was not declared in this scope
             if (isfinite(_sat0_))
                                ^
/home/ec2-user/arduino-testlib/cli-datadir/user/libraries/107-Arduino-UAVCAN/src/types/reg/drone/physics/kinematics/cartesian/PoseVar_0_1.h:151:32: note: suggested alternative:
In file included from /home/ec2-user/arduino-testlib/cli-datadir/data/packages/esp32/tools/xtensa-esp32-elf-gcc/1.22.0-97-gc752ad5-5.2.0/xtensa-esp32-elf/include/c&#43;&#43;/5.2.0/random:38:0,
                 from /home/ec2-user/arduino-testlib/cli-datadir/data/packages/esp32/tools/xtensa-esp32-elf-gcc/1.22.0-97-gc752ad5-5.2.0/xtensa-esp32-elf/include/c&#43;&#43;/5.2.0/bits/stl_algo.h:66,
                 from /home/ec2-user/arduino-testlib/cli-datadir/data/packages/esp32/tools/xtensa-esp32-elf-gcc/1.22.0-97-gc752ad5-5.2.0/xtensa-esp32-elf/include/c&#43;&#43;/5.2.0/algorithm:62,
                 from /home/ec2-user/arduino-testlib/cli-datadir/data/packages/esp32/hardware/esp32/1.0.6/cores/esp32/Arduino.h:142,
                 from /tmp/arduino-sketch-05D7352FC2448DBF1F73B75A21495FA8/sketch/test.ino.cpp:1:
/home/ec2-user/arduino-testlib/cli-datadir/data/packages/esp32/tools/xtensa-esp32-elf-gcc/1.22.0-97-gc752ad5-5.2.0/xtensa-esp32-elf/include/c&#43;&#43;/5.2.0/cmath:596:5: note:   &#39;std::isfinite&#39;
     isfinite(_Tp __x)
     ^
In file included from /home/ec2-user/arduino-testlib/cli-datadir/user/libraries/107-Arduino-UAVCAN/src/types/reg/drone/physics/kinematics/cartesian/StateVar_0_1.h:39:0,
                 from /home/ec2-user/arduino-testlib/cli-datadir/user/libraries/107-Arduino-UAVCAN/src/types/reg/drone/physics/kinematics/cartesian/StateVarTs_0_1.h:38,
                 from /home/ec2-user/arduino-testlib/cli-datadir/user/libraries/107-Arduino-UAVCAN/src/wrappers/reg/drone/physics/kinematics/cartesian/StateVarTs_0_1.hpp:17,
                 from /home/ec2-user/arduino-testlib/cli-datadir/user/libraries/107-Arduino-UAVCAN/src/ArduinoUAVCANTypes.h:38,
                 from /home/ec2-user/arduino-testlib/cli-datadir/user/libraries/107-Arduino-UAVCAN/src/ArduinoUAVCAN.h:24,
                 from /tmp/arduino-testlib4100666278/test/test.ino:1:
/home/ec2-user/arduino-testlib/cli-datadir/user/libraries/107-Arduino-UAVCAN/src/types/reg/drone/physics/kinematics/cartesian/TwistVar_0_1.h: In function &#39;int8_t reg_drone_physics_kinematics_cartesian_TwistVar_0_1_serialize_(const reg_drone_physics_kinematics_cartesian_TwistVar_0_1*, uint8_t*, size_t*)&#39;:
/home/ec2-user/arduino-testlib/cli-datadir/user/libraries/107-Arduino-UAVCAN/src/types/reg/drone/physics/kinematics/cartesian/TwistVar_0_1.h:151:32: error: &#39;isfinite&#39; was not declared in this scope
             if (isfinite(_sat0_))
                                ^
/home/ec2-user/arduino-testlib/cli-datadir/user/libraries/107-Arduino-UAVCAN/src/types/reg/drone/physics/kinematics/cartesian/TwistVar_0_1.h:151:32: note: suggested alternative:
In file included from /home/ec2-user/arduino-testlib/cli-datadir/data/packages/esp32/tools/xtensa-esp32-elf-gcc/1.22.0-97-gc752ad5-5.2.0/xtensa-esp32-elf/include/c&#43;&#43;/5.2.0/random:38:0,
                 from /home/ec2-user/arduino-testlib/cli-datadir/data/packages/esp32/tools/xtensa-esp32-elf-gcc/1.22.0-97-gc752ad5-5.2.0/xtensa-esp32-elf/include/c&#43;&#43;/5.2.0/bits/stl_algo.h:66,
                 from /home/ec2-user/arduino-testlib/cli-datadir/data/packages/esp32/tools/xtensa-esp32-elf-gcc/1.22.0-97-gc752ad5-5.2.0/xtensa-esp32-elf/include/c&#43;&#43;/5.2.0/algorithm:62,
                 from /home/ec2-user/arduino-testlib/cli-datadir/data/packages/esp32/hardware/esp32/1.0.6/cores/esp32/Arduino.h:142,
                 from /tmp/arduino-sketch-05D7352FC2448DBF1F73B75A21495FA8/sketch/test.ino.cpp:1:
/home/ec2-user/arduino-testlib/cli-datadir/data/packages/esp32/tools/xtensa-esp32-elf-gcc/1.22.0-97-gc752ad5-5.2.0/xtensa-esp32-elf/include/c&#43;&#43;/5.2.0/cmath:596:5: note:   &#39;std::isfinite&#39;
     isfinite(_Tp __x)
     ^
In file included from /home/ec2-user/arduino-testlib/cli-datadir/user/libraries/107-Arduino-UAVCAN/src/types/reg/drone/physics/kinematics/cartesian/PointStateVar_0_1.h:39:0,
                 from /home/ec2-user/arduino-testlib/cli-datadir/user/libraries/107-Arduino-UAVCAN/src/wrappers/reg/drone/physics/kinematics/cartesian/PointStateVarTs_0_1.hpp:17,
                 from /home/ec2-user/arduino-testlib/cli-datadir/user/libraries/107-Arduino-UAVCAN/src/ArduinoUAVCANTypes.h:41,
                 from /home/ec2-user/arduino-testlib/cli-datadir/user/libraries/107-Arduino-UAVCAN/src/ArduinoUAVCAN.h:24,
                 from /tmp/arduino-testlib4100666278/test/test.ino:1:
/home/ec2-user/arduino-testlib/cli-datadir/user/libraries/107-Arduino-UAVCAN/src/types/reg/drone/physics/kinematics/translation/Velocity3Var_0_2.h: In function &#39;int8_t reg_drone_physics_kinematics_translation_Velocity3Var_0_2_serialize_(const reg_drone_physics_kinematics_translation_Velocity3Var_0_2*, uint8_t*, size_t*)&#39;:
/home/ec2-user/arduino-testlib/cli-datadir/user/libraries/107-Arduino-UAVCAN/src/types/reg/drone/physics/kinematics/translation/Velocity3Var_0_2.h:151:32: error: &#39;isfinite&#39; was not declared in this scope
             if (isfinite(_sat0_))
                                ^
/home/ec2-user/arduino-testlib/cli-datadir/user/libraries/107-Arduino-UAVCAN/src/types/reg/drone/physics/kinematics/translation/Velocity3Var_0_2.h:151:32: note: suggested alternative:
In file included from /home/ec2-user/arduino-testlib/cli-datadir/data/packages/esp32/tools/xtensa-esp32-elf-gcc/1.22.0-97-gc752ad5-5.2.0/xtensa-esp32-elf/include/c&#43;&#43;/5.2.0/random:38:0,
                 from /home/ec2-user/arduino-testlib/cli-datadir/data/packages/esp32/tools/xtensa-esp32-elf-gcc/1.22.0-97-gc752ad5-5.2.0/xtensa-esp32-elf/include/c&#43;&#43;/5.2.0/bits/stl_algo.h:66,
                 from /home/ec2-user/arduino-testlib/cli-datadir/data/packages/esp32/tools/xtensa-esp32-elf-gcc/1.22.0-97-gc752ad5-5.2.0/xtensa-esp32-elf/include/c&#43;&#43;/5.2.0/algorithm:62,
                 from /home/ec2-user/arduino-testlib/cli-datadir/data/packages/esp32/hardware/esp32/1.0.6/cores/esp32/Arduino.h:142,
                 from /tmp/arduino-sketch-05D7352FC2448DBF1F73B75A21495FA8/sketch/test.ino.cpp:1:
/home/ec2-user/arduino-testlib/cli-datadir/data/packages/esp32/tools/xtensa-esp32-elf-gcc/1.22.0-97-gc752ad5-5.2.0/xtensa-esp32-elf/include/c&#43;&#43;/5.2.0/cmath:596:5: note:   &#39;std::isfinite&#39;
     isfinite(_Tp __x)
     ^
In file included from /home/ec2-user/arduino-testlib/cli-datadir/user/libraries/107-Arduino-UAVCAN/src/types/reg/drone/physics/kinematics/geodetic/PointStateVar_0_1.h:38:0,
                 from /home/ec2-user/arduino-testlib/cli-datadir/user/libraries/107-Arduino-UAVCAN/src/wrappers/reg/drone/physics/kinematics/geodetic/PointStateVar_0_1.hpp:17,
                 from /home/ec2-user/arduino-testlib/cli-datadir/user/libraries/10</pre>

					
					<h4>examples/UAVCAN-BMS-Subscribe</h4>
					<p>
						Result: <b>FAIL</b>
					</p>
					<pre class="pre-scrollable">In file included from /home/ec2-user/arduino-testlib/cli-datadir/user/libraries/107-Arduino-UAVCAN/src/wrappers/reg/drone/physics/kinematics/cartesian/PointVar_0_1.hpp:17:0,
                 from /home/ec2-user/arduino-testlib/cli-datadir/user/libraries/107-Arduino-UAVCAN/src/ArduinoUAVCANTypes.h:35,
                 from /home/ec2-user/arduino-testlib/cli-datadir/user/libraries/107-Arduino-UAVCAN/src/ArduinoUAVCAN.h:24,
                 from /home/ec2-user/arduino-testlib/cli-datadir/user/libraries/107-Arduino-UAVCAN/examples/UAVCAN-BMS-Subscribe/UAVCAN-BMS-Subscribe.ino:22:
/home/ec2-user/arduino-testlib/cli-datadir/user/libraries/107-Arduino-UAVCAN/src/types/reg/drone/physics/kinematics/cartesian/PointVar_0_1.h: In function &#39;int8_t reg_drone_physics_kinematics_cartesian_PointVar_0_1_serialize_(const reg_drone_physics_kinematics_cartesian_PointVar_0_1*, uint8_t*, size_t*)&#39;:
/home/ec2-user/arduino-testlib/cli-datadir/user/libraries/107-Arduino-UAVCAN/src/types/reg/drone/physics/kinematics/cartesian/PointVar_0_1.h:151:32: error: &#39;isfinite&#39; was not declared in this scope
             if (isfinite(_sat0_))
                                ^
/home/ec2-user/arduino-testlib/cli-datadir/user/libraries/107-Arduino-UAVCAN/src/types/reg/drone/physics/kinematics/cartesian/PointVar_0_1.h:151:32: note: suggested alternative:
In file included from /home/ec2-user/arduino-testlib/cli-datadir/data/packages/esp32/tools/xtensa-esp32-elf-gcc/1.22.0-97-gc752ad5-5.2.0/xtensa-esp32-elf/include/c&#43;&#43;/5.2.0/random:38:0,
                 from /home/ec2-user/arduino-testlib/cli-datadir/data/packages/esp32/tools/xtensa-esp32-elf-gcc/1.22.0-97-gc752ad5-5.2.0/xtensa-esp32-elf/include/c&#43;&#43;/5.2.0/bits/stl_algo.h:66,
                 from /home/ec2-user/arduino-testlib/cli-datadir/data/packages/esp32/tools/xtensa-esp32-elf-gcc/1.22.0-97-gc752ad5-5.2.0/xtensa-esp32-elf/include/c&#43;&#43;/5.2.0/algorithm:62,
                 from /home/ec2-user/arduino-testlib/cli-datadir/data/packages/esp32/hardware/esp32/1.0.6/cores/esp32/Arduino.h:142,
                 from /tmp/arduino-sketch-784780E589311348FD6C28F2F0EDA497/sketch/UAVCAN-BMS-Subscribe.ino.cpp:1:
/home/ec2-user/arduino-testlib/cli-datadir/data/packages/esp32/tools/xtensa-esp32-elf-gcc/1.22.0-97-gc752ad5-5.2.0/xtensa-esp32-elf/include/c&#43;&#43;/5.2.0/cmath:596:5: note:   &#39;std::isfinite&#39;
     isfinite(_Tp __x)
     ^
In file included from /home/ec2-user/arduino-testlib/cli-datadir/user/libraries/107-Arduino-UAVCAN/src/wrappers/reg/drone/physics/kinematics/cartesian/PoseVar_0_1.hpp:17:0,
                 from /home/ec2-user/arduino-testlib/cli-datadir/user/libraries/107-Arduino-UAVCAN/src/ArduinoUAVCANTypes.h:36,
                 from /home/ec2-user/arduino-testlib/cli-datadir/user/libraries/107-Arduino-UAVCAN/src/ArduinoUAVCAN.h:24,
                 from /home/ec2-user/arduino-testlib/cli-datadir/user/libraries/107-Arduino-UAVCAN/examples/UAVCAN-BMS-Subscribe/UAVCAN-BMS-Subscribe.ino:22:
/home/ec2-user/arduino-testlib/cli-datadir/user/libraries/107-Arduino-UAVCAN/src/types/reg/drone/physics/kinematics/cartesian/PoseVar_0_1.h: In function &#39;int8_t reg_drone_physics_kinematics_cartesian_PoseVar_0_1_serialize_(const reg_drone_physics_kinematics_cartesian_PoseVar_0_1*, uint8_t*, size_t*)&#39;:
/home/ec2-user/arduino-testlib/cli-datadir/user/libraries/107-Arduino-UAVCAN/src/types/reg/drone/physics/kinematics/cartesian/PoseVar_0_1.h:151:32: error: &#39;isfinite&#39; was not declared in this scope
             if (isfinite(_sat0_))
                                ^
/home/ec2-user/arduino-testlib/cli-datadir/user/libraries/107-Arduino-UAVCAN/src/types/reg/drone/physics/kinematics/cartesian/PoseVar_0_1.h:151:32: note: suggested alternative:
In file included from /home/ec2-user/arduino-testlib/cli-datadir/data/packages/esp32/tools/xtensa-esp32-elf-gcc/1.22.0-97-gc752ad5-5.2.0/xtensa-esp32-elf/include/c&#43;&#43;/5.2.0/random:38:0,
                 from /home/ec2-user/arduino-testlib/cli-datadir/data/packages/esp32/tools/xtensa-esp32-elf-gcc/1.22.0-97-gc752ad5-5.2.0/xtensa-esp32-elf/include/c&#43;&#43;/5.2.0/bits/stl_algo.h:66,
                 from /home/ec2-user/arduino-testlib/cli-datadir/data/packages/esp32/tools/xtensa-esp32-elf-gcc/1.22.0-97-gc752ad5-5.2.0/xtensa-esp32-elf/include/c&#43;&#43;/5.2.0/algorithm:62,
                 from /home/ec2-user/arduino-testlib/cli-datadir/data/packages/esp32/hardware/esp32/1.0.6/cores/esp32/Arduino.h:142,
                 from /tmp/arduino-sketch-784780E589311348FD6C28F2F0EDA497/sketch/UAVCAN-BMS-Subscribe.ino.cpp:1:
/home/ec2-user/arduino-testlib/cli-datadir/data/packages/esp32/tools/xtensa-esp32-elf-gcc/1.22.0-97-gc752ad5-5.2.0/xtensa-esp32-elf/include/c&#43;&#43;/5.2.0/cmath:596:5: note:   &#39;std::isfinite&#39;
     isfinite(_Tp __x)
     ^
In file included from /home/ec2-user/arduino-testlib/cli-datadir/user/libraries/107-Arduino-UAVCAN/src/types/reg/drone/physics/kinematics/cartesian/StateVar_0_1.h:39:0,
                 from /home/ec2-user/arduino-testlib/cli-datadir/user/libraries/107-Arduino-UAVCAN/src/types/reg/drone/physics/kinematics/cartesian/StateVarTs_0_1.h:38,
                 from /home/ec2-user/arduino-testlib/cli-datadir/user/libraries/107-Arduino-UAVCAN/src/wrappers/reg/drone/physics/kinematics/cartesian/StateVarTs_0_1.hpp:17,
                 from /home/ec2-user/arduino-testlib/cli-datadir/user/libraries/107-Arduino-UAVCAN/src/ArduinoUAVCANTypes.h:38,
                 from /home/ec2-user/arduino-testlib/cli-datadir/user/libraries/107-Arduino-UAVCAN/src/ArduinoUAVCAN.h:24,
                 from /home/ec2-user/arduino-testlib/cli-datadir/user/libraries/107-Arduino-UAVCAN/examples/UAVCAN-BMS-Subscribe/UAVCAN-BMS-Subscribe.ino:22:
/home/ec2-user/arduino-testlib/cli-datadir/user/libraries/107-Arduino-UAVCAN/src/types/reg/drone/physics/kinematics/cartesian/TwistVar_0_1.h: In function &#39;int8_t reg_drone_physics_kinematics_cartesian_TwistVar_0_1_serialize_(const reg_drone_physics_kinematics_cartesian_TwistVar_0_1*, uint8_t*, size_t*)&#39;:
/home/ec2-user/arduino-testlib/cli-datadir/user/libraries/107-Arduino-UAVCAN/src/types/reg/drone/physics/kinematics/cartesian/TwistVar_0_1.h:151:32: error: &#39;isfinite&#39; was not declared in this scope
             if (isfinite(_sat0_))
                                ^
/home/ec2-user/arduino-testlib/cli-datadir/user/libraries/107-Arduino-UAVCAN/src/types/reg/drone/physics/kinematics/cartesian/TwistVar_0_1.h:151:32: note: suggested alternative:
In file included from /home/ec2-user/arduino-testlib/cli-datadir/data/packages/esp32/tools/xtensa-esp32-elf-gcc/1.22.0-97-gc752ad5-5.2.0/xtensa-esp32-elf/include/c&#43;&#43;/5.2.0/random:38:0,
                 from /home/ec2-user/arduino-testlib/cli-datadir/data/packages/esp32/tools/xtensa-esp32-elf-gcc/1.22.0-97-gc752ad5-5.2.0/xtensa-esp32-elf/include/c&#43;&#43;/5.2.0/bits/stl_algo.h:66,
                 from /home/ec2-user/arduino-testlib/cli-datadir/data/packages/esp32/tools/xtensa-esp32-elf-gcc/1.22.0-97-gc752ad5-5.2.0/xtensa-esp32-elf/include/c&#43;&#43;/5.2.0/algorithm:62,
                 from /home/ec2-user/arduino-testlib/cli-datadir/data/packages/esp32/hardware/esp32/1.0.6/cores/esp32/Arduino.h:142,
                 from /tmp/arduino-sketch-784780E589311348FD6C28F2F0EDA497/sketch/UAVCAN-BMS-Subscribe.ino.cpp:1:
/home/ec2-user/arduino-testlib/cli-datadir/data/packages/esp32/tools/xtensa-esp32-elf-gcc/1.22.0-97-gc752ad5-5.2.0/xtensa-esp32-elf/include/c&#43;&#43;/5.2.0/cmath:596:5: note:   &#39;std::isfinite&#39;
     isfinite(_Tp __x)
     ^
In file included from /home/ec2-user/arduino-testlib/cli-datadir/user/libraries/107-Arduino-UAVCAN/src/types/reg/drone/physics/kinematics/cartesian/PointStateVar_0_1.h:39:0,
                 from /home/ec2-user/arduino-testlib/cli-datadir/user/libraries/107-Arduino-UAVCAN/src/wrappers/reg/drone/physics/kinematics/cartesian/PointStateVarTs_0_1.hpp:17,
                 from /home/ec2-user/arduino-testlib/cli-datadir/user/libraries/107-Arduino-UAVCAN/src/ArduinoUAVCANTypes.h:41,
                 from /home/ec2-user/arduino-testlib/cli-datadir/user/libraries/107-Arduino-UAVCAN/src/ArduinoUAVCAN.h:24,
                 from /home/ec2-user/arduino-testlib/cli-datadir/user/libraries/107-Arduino-UAVCAN/examples/UAVCAN-BMS-Subscribe/UAVCAN-BMS-Subscribe.ino:22:
/home/ec2-user/arduino-testlib/cli-datadir/user/libraries/107-Arduino-UAVCAN/src/types/reg/drone/physics/kinematics/translation/Velocity3Var_0_2.h: In function &#39;int8_t reg_drone_physics_kinematics_translation_Velocity3Var_0_2_serialize_(const reg_drone_physics_kinematics_translation_Velocity3Var_0_2*, uint8_t*, size_t*)&#39;:
/home/ec2-user/arduino-testlib/cli-datadir/user/libraries/107-Arduino-UAVCAN/src/types/reg/drone/physics/kinematics/translation/Velocity3Var_0_2.h:151:32: error: &#39;isfinite&#39; was not declared in this scope
             if (isfinite(_sat0_))
                                ^
/home/ec2-user/arduino-testlib/cli-datadir/user/libraries/107-Arduino-UAVCAN/src/types/reg/drone/physics/kinematics/translation/Velocity3Var_0_2.h:151:32: note: suggested alternative:
In file included from /home/ec2-user/arduino-testlib/cli-datadir/data/packages/esp32/tools/xtensa-esp32-elf-gcc/1.22.0-97-gc752ad5-5.2.0/xtensa-esp32-elf/include/c&#43;&#43;/5.2.0/random:38:0,
                 from /home/ec2-user/arduino-testlib/cli-datadir/data/packages/esp32/tools/xtensa-esp32-elf-gcc/1.22.0-97-gc752ad5-5.2.0/xtensa-esp32-elf/include/c&#43;&#43;/5.2.0/bits/stl_algo.h:66,
                 from /home/ec2-user/arduino-testlib/cli-datadir/data/packages/esp32/tools/xtensa-esp32-elf-gcc/1.22.0-97-gc752ad5-5.2.0/xtensa-esp32-elf/include/c&#43;&#43;/5.2.0/algorithm:62,
                 from /home/ec2-user/arduino-testlib/cli-datadir/data/packages/esp32/hardware/esp32/1.0.6/cores/esp32/Arduino.h:142,
                 from /tmp/arduino-sketch-784780E589311348FD6C28F2F0EDA497/sketch/UAVCAN-BMS-Subscribe.ino.cpp:1:
/home/ec2-user/arduino-testlib/cli-datadir/data/packages/esp32/tools/xtensa-esp32-elf-gcc/1.22.0-97-gc752ad5-5.2.0/xtensa-esp32-elf/include/c&#43;&#43;/5.2.0/cmath:596:5: note:   &#39;std::isfinite&#39;
     isfinite(_Tp __x)
     ^
In file include</pre>
					
					<h4>examples/UAVCAN-Blink</h4>
					<p>
						Result: <b>FAIL</b>
					</p>
					<pre class="pre-scrollable">In file included from /home/ec2-user/arduino-testlib/cli-datadir/user/libraries/107-Arduino-UAVCAN/src/wrappers/reg/drone/physics/kinematics/cartesian/PointVar_0_1.hpp:17:0,
                 from /home/ec2-user/arduino-testlib/cli-datadir/user/libraries/107-Arduino-UAVCAN/src/ArduinoUAVCANTypes.h:35,
                 from /home/ec2-user/arduino-testlib/cli-datadir/user/libraries/107-Arduino-UAVCAN/src/ArduinoUAVCAN.h:24,
                 from /home/ec2-user/arduino-testlib/cli-datadir/user/libraries/107-Arduino-UAVCAN/examples/UAVCAN-Blink/UAVCAN-Blink.ino:22:
/home/ec2-user/arduino-testlib/cli-datadir/user/libraries/107-Arduino-UAVCAN/src/types/reg/drone/physics/kinematics/cartesian/PointVar_0_1.h: In function &#39;int8_t reg_drone_physics_kinematics_cartesian_PointVar_0_1_serialize_(const reg_drone_physics_kinematics_cartesian_PointVar_0_1*, uint8_t*, size_t*)&#39;:
/home/ec2-user/arduino-testlib/cli-datadir/user/libraries/107-Arduino-UAVCAN/src/types/reg/drone/physics/kinematics/cartesian/PointVar_0_1.h:151:32: error: &#39;isfinite&#39; was not declared in this scope
             if (isfinite(_sat0_))
                                ^
/home/ec2-user/arduino-testlib/cli-datadir/user/libraries/107-Arduino-UAVCAN/src/types/reg/drone/physics/kinematics/cartesian/PointVar_0_1.h:151:32: note: suggested alternative:
In file included from /home/ec2-user/arduino-testlib/cli-datadir/data/packages/esp32/tools/xtensa-esp32-elf-gcc/1.22.0-97-gc752ad5-5.2.0/xtensa-esp32-elf/include/c&#43;&#43;/5.2.0/random:38:0,
                 from /home/ec2-user/arduino-testlib/cli-datadir/data/packages/esp32/tools/xtensa-esp32-elf-gcc/1.22.0-97-gc752ad5-5.2.0/xtensa-esp32-elf/include/c&#43;&#43;/5.2.0/bits/stl_algo.h:66,
                 from /home/ec2-user/arduino-testlib/cli-datadir/data/packages/esp32/tools/xtensa-esp32-elf-gcc/1.22.0-97-gc752ad5-5.2.0/xtensa-esp32-elf/include/c&#43;&#43;/5.2.0/algorithm:62,
                 from /home/ec2-user/arduino-testlib/cli-datadir/data/packages/esp32/hardware/esp32/1.0.6/cores/esp32/Arduino.h:142,
                 from /tmp/arduino-sketch-D7FAEEC4D90C57F725A2162CD2B9504A/sketch/UAVCAN-Blink.ino.cpp:1:
/home/ec2-user/arduino-testlib/cli-datadir/data/packages/esp32/tools/xtensa-esp32-elf-gcc/1.22.0-97-gc752ad5-5.2.0/xtensa-esp32-elf/include/c&#43;&#43;/5.2.0/cmath:596:5: note:   &#39;std::isfinite&#39;
     isfinite(_Tp __x)
     ^
In file included from /home/ec2-user/arduino-testlib/cli-datadir/user/libraries/107-Arduino-UAVCAN/src/wrappers/reg/drone/physics/kinematics/cartesian/PoseVar_0_1.hpp:17:0,
                 from /home/ec2-user/arduino-testlib/cli-datadir/user/libraries/107-Arduino-UAVCAN/src/ArduinoUAVCANTypes.h:36,
                 from /home/ec2-user/arduino-testlib/cli-datadir/user/libraries/107-Arduino-UAVCAN/src/ArduinoUAVCAN.h:24,
                 from /home/ec2-user/arduino-testlib/cli-datadir/user/libraries/107-Arduino-UAVCAN/examples/UAVCAN-Blink/UAVCAN-Blink.ino:22:
/home/ec2-user/arduino-testlib/cli-datadir/user/libraries/107-Arduino-UAVCAN/src/types/reg/drone/physics/kinematics/cartesian/PoseVar_0_1.h: In function &#39;int8_t reg_drone_physics_kinematics_cartesian_PoseVar_0_1_serialize_(const reg_drone_physics_kinematics_cartesian_PoseVar_0_1*, uint8_t*, size_t*)&#39;:
/home/ec2-user/arduino-testlib/cli-datadir/user/libraries/107-Arduino-UAVCAN/src/types/reg/drone/physics/kinematics/cartesian/PoseVar_0_1.h:151:32: error: &#39;isfinite&#39; was not declared in this scope
             if (isfinite(_sat0_))
                                ^
/home/ec2-user/arduino-testlib/cli-datadir/user/libraries/107-Arduino-UAVCAN/src/types/reg/drone/physics/kinematics/cartesian/PoseVar_0_1.h:151:32: note: suggested alternative:
In file included from /home/ec2-user/arduino-testlib/cli-datadir/data/packages/esp32/tools/xtensa-esp32-elf-gcc/1.22.0-97-gc752ad5-5.2.0/xtensa-esp32-elf/include/c&#43;&#43;/5.2.0/random:38:0,
                 from /home/ec2-user/arduino-testlib/cli-datadir/data/packages/esp32/tools/xtensa-esp32-elf-gcc/1.22.0-97-gc752ad5-5.2.0/xtensa-esp32-elf/include/c&#43;&#43;/5.2.0/bits/stl_algo.h:66,
                 from /home/ec2-user/arduino-testlib/cli-datadir/data/packages/esp32/tools/xtensa-esp32-elf-gcc/1.22.0-97-gc752ad5-5.2.0/xtensa-esp32-elf/include/c&#43;&#43;/5.2.0/algorithm:62,
                 from /home/ec2-user/arduino-testlib/cli-datadir/data/packages/esp32/hardware/esp32/1.0.6/cores/esp32/Arduino.h:142,
                 from /tmp/arduino-sketch-D7FAEEC4D90C57F725A2162CD2B9504A/sketch/UAVCAN-Blink.ino.cpp:1:
/home/ec2-user/arduino-testlib/cli-datadir/data/packages/esp32/tools/xtensa-esp32-elf-gcc/1.22.0-97-gc752ad5-5.2.0/xtensa-esp32-elf/include/c&#43;&#43;/5.2.0/cmath:596:5: note:   &#39;std::isfinite&#39;
     isfinite(_Tp __x)
     ^
In file included from /home/ec2-user/arduino-testlib/cli-datadir/user/libraries/107-Arduino-UAVCAN/src/types/reg/drone/physics/kinematics/cartesian/StateVar_0_1.h:39:0,
                 from /home/ec2-user/arduino-testlib/cli-datadir/user/libraries/107-Arduino-UAVCAN/src/types/reg/drone/physics/kinematics/cartesian/StateVarTs_0_1.h:38,
                 from /home/ec2-user/arduino-testlib/cli-datadir/user/libraries/107-Arduino-UAVCAN/src/wrappers/reg/drone/physics/kinematics/cartesian/StateVarTs_0_1.hpp:17,
                 from /home/ec2-user/arduino-testlib/cli-datadir/user/libraries/107-Arduino-UAVCAN/src/ArduinoUAVCANTypes.h:38,
                 from /home/ec2-user/arduino-testlib/cli-datadir/user/libraries/107-Arduino-UAVCAN/src/ArduinoUAVCAN.h:24,
                 from /home/ec2-user/arduino-testlib/cli-datadir/user/libraries/107-Arduino-UAVCAN/examples/UAVCAN-Blink/UAVCAN-Blink.ino:22:
/home/ec2-user/arduino-testlib/cli-datadir/user/libraries/107-Arduino-UAVCAN/src/types/reg/drone/physics/kinematics/cartesian/TwistVar_0_1.h: In function &#39;int8_t reg_drone_physics_kinematics_cartesian_TwistVar_0_1_serialize_(const reg_drone_physics_kinematics_cartesian_TwistVar_0_1*, uint8_t*, size_t*)&#39;:
/home/ec2-user/arduino-testlib/cli-datadir/user/libraries/107-Arduino-UAVCAN/src/types/reg/drone/physics/kinematics/cartesian/TwistVar_0_1.h:151:32: error: &#39;isfinite&#39; was not declared in this scope
             if (isfinite(_sat0_))
                                ^
/home/ec2-user/arduino-testlib/cli-datadir/user/libraries/107-Arduino-UAVCAN/src/types/reg/drone/physics/kinematics/cartesian/TwistVar_0_1.h:151:32: note: suggested alternative:
In file included from /home/ec2-user/arduino-testlib/cli-datadir/data/packages/esp32/tools/xtensa-esp32-elf-gcc/1.22.0-97-gc752ad5-5.2.0/xtensa-esp32-elf/include/c&#43;&#43;/5.2.0/random:38:0,
                 from /home/ec2-user/arduino-testlib/cli-datadir/data/packages/esp32/tools/xtensa-esp32-elf-gcc/1.22.0-97-gc752ad5-5.2.0/xtensa-esp32-elf/include/c&#43;&#43;/5.2.0/bits/stl_algo.h:66,
                 from /home/ec2-user/arduino-testlib/cli-datadir/data/packages/esp32/tools/xtensa-esp32-elf-gcc/1.22.0-97-gc752ad5-5.2.0/xtensa-esp32-elf/include/c&#43;&#43;/5.2.0/algorithm:62,
                 from /home/ec2-user/arduino-testlib/cli-datadir/data/packages/esp32/hardware/esp32/1.0.6/cores/esp32/Arduino.h:142,
                 from /tmp/arduino-sketch-D7FAEEC4D90C57F725A2162CD2B9504A/sketch/UAVCAN-Blink.ino.cpp:1:
/home/ec2-user/arduino-testlib/cli-datadir/data/packages/esp32/tools/xtensa-esp32-elf-gcc/1.22.0-97-gc752ad5-5.2.0/xtensa-esp32-elf/include/c&#43;&#43;/5.2.0/cmath:596:5: note:   &#39;std::isfinite&#39;
     isfinite(_Tp __x)
     ^
In file included from /home/ec2-user/arduino-testlib/cli-datadir/user/libraries/107-Arduino-UAVCAN/src/types/reg/drone/physics/kinematics/cartesian/PointStateVar_0_1.h:39:0,
                 from /home/ec2-user/arduino-testlib/cli-datadir/user/libraries/107-Arduino-UAVCAN/src/wrappers/reg/drone/physics/kinematics/cartesian/PointStateVarTs_0_1.hpp:17,
                 from /home/ec2-user/arduino-testlib/cli-datadir/user/libraries/107-Arduino-UAVCAN/src/ArduinoUAVCANTypes.h:41,
                 from /home/ec2-user/arduino-testlib/cli-datadir/user/libraries/107-Arduino-UAVCAN/src/ArduinoUAVCAN.h:24,
                 from /home/ec2-user/arduino-testlib/cli-datadir/user/libraries/107-Arduino-UAVCAN/examples/UAVCAN-Blink/UAVCAN-Blink.ino:22:
/home/ec2-user/arduino-testlib/cli-datadir/user/libraries/107-Arduino-UAVCAN/src/types/reg/drone/physics/kinematics/translation/Velocity3Var_0_2.h: In function &#39;int8_t reg_drone_physics_kinematics_translation_Velocity3Var_0_2_serialize_(const reg_drone_physics_kinematics_translation_Velocity3Var_0_2*, uint8_t*, size_t*)&#39;:
/home/ec2-user/arduino-testlib/cli-datadir/user/libraries/107-Arduino-UAVCAN/src/types/reg/drone/physics/kinematics/translation/Velocity3Var_0_2.h:151:32: error: &#39;isfinite&#39; was not declared in this scope
             if (isfinite(_sat0_))
                                ^
/home/ec2-user/arduino-testlib/cli-datadir/user/libraries/107-Arduino-UAVCAN/src/types/reg/drone/physics/kinematics/translation/Velocity3Var_0_2.h:151:32: note: suggested alternative:
In file included from /home/ec2-user/arduino-testlib/cli-datadir/data/packages/esp32/tools/xtensa-esp32-elf-gcc/1.22.0-97-gc752ad5-5.2.0/xtensa-esp32-elf/include/c&#43;&#43;/5.2.0/random:38:0,
                 from /home/ec2-user/arduino-testlib/cli-datadir/data/packages/esp32/tools/xtensa-esp32-elf-gcc/1.22.0-97-gc752ad5-5.2.0/xtensa-esp32-elf/include/c&#43;&#43;/5.2.0/bits/stl_algo.h:66,
                 from /home/ec2-user/arduino-testlib/cli-datadir/data/packages/esp32/tools/xtensa-esp32-elf-gcc/1.22.0-97-gc752ad5-5.2.0/xtensa-esp32-elf/include/c&#43;&#43;/5.2.0/algorithm:62,
                 from /home/ec2-user/arduino-testlib/cli-datadir/data/packages/esp32/hardware/esp32/1.0.6/cores/esp32/Arduino.h:142,
                 from /tmp/arduino-sketch-D7FAEEC4D90C57F725A2162CD2B9504A/sketch/UAVCAN-Blink.ino.cpp:1:
/home/ec2-user/arduino-testlib/cli-datadir/data/packages/esp32/tools/xtensa-esp32-elf-gcc/1.22.0-97-gc752ad5-5.2.0/xtensa-esp32-elf/include/c&#43;&#43;/5.2.0/cmath:596:5: note:   &#39;std::isfinite&#39;
     isfinite(_Tp __x)
     ^
In file included from /home/ec2-user/arduino-testlib/cli-datadir/user/libraries/107-Arduino-UAVCAN/src/types/re</pre>
					
					<h4>examples/UAVCAN-GNSS-Node</h4>
					<p>
						Result: <b>FAIL</b>
					</p>
					<pre class="pre-scrollable">In file included from /home/ec2-user/arduino-testlib/cli-datadir/user/libraries/107-Arduino-UAVCAN/src/wrappers/reg/drone/physics/kinematics/cartesian/PointVar_0_1.hpp:17:0,
                 from /home/ec2-user/arduino-testlib/cli-datadir/user/libraries/107-Arduino-UAVCAN/src/ArduinoUAVCANTypes.h:35,
                 from /home/ec2-user/arduino-testlib/cli-datadir/user/libraries/107-Arduino-UAVCAN/src/ArduinoUAVCAN.h:24,
                 from /home/ec2-user/arduino-testlib/cli-datadir/user/libraries/107-Arduino-UAVCAN/examples/UAVCAN-GNSS-Node/UAVCAN-GNSS-Node.ino:18:
/home/ec2-user/arduino-testlib/cli-datadir/user/libraries/107-Arduino-UAVCAN/src/types/reg/drone/physics/kinematics/cartesian/PointVar_0_1.h: In function &#39;int8_t reg_drone_physics_kinematics_cartesian_PointVar_0_1_serialize_(const reg_drone_physics_kinematics_cartesian_PointVar_0_1*, uint8_t*, size_t*)&#39;:
/home/ec2-user/arduino-testlib/cli-datadir/user/libraries/107-Arduino-UAVCAN/src/types/reg/drone/physics/kinematics/cartesian/PointVar_0_1.h:151:32: error: &#39;isfinite&#39; was not declared in this scope
             if (isfinite(_sat0_))
                                ^
/home/ec2-user/arduino-testlib/cli-datadir/user/libraries/107-Arduino-UAVCAN/src/types/reg/drone/physics/kinematics/cartesian/PointVar_0_1.h:151:32: note: suggested alternative:
In file included from /home/ec2-user/arduino-testlib/cli-datadir/data/packages/esp32/tools/xtensa-esp32-elf-gcc/1.22.0-97-gc752ad5-5.2.0/xtensa-esp32-elf/include/c&#43;&#43;/5.2.0/random:38:0,
                 from /home/ec2-user/arduino-testlib/cli-datadir/data/packages/esp32/tools/xtensa-esp32-elf-gcc/1.22.0-97-gc752ad5-5.2.0/xtensa-esp32-elf/include/c&#43;&#43;/5.2.0/bits/stl_algo.h:66,
                 from /home/ec2-user/arduino-testlib/cli-datadir/data/packages/esp32/tools/xtensa-esp32-elf-gcc/1.22.0-97-gc752ad5-5.2.0/xtensa-esp32-elf/include/c&#43;&#43;/5.2.0/algorithm:62,
                 from /home/ec2-user/arduino-testlib/cli-datadir/data/packages/esp32/hardware/esp32/1.0.6/cores/esp32/Arduino.h:142,
                 from /tmp/arduino-sketch-C00EA2ECD13312A3D943A7603A9FDDB4/sketch/UAVCAN-GNSS-Node.ino.cpp:1:
/home/ec2-user/arduino-testlib/cli-datadir/data/packages/esp32/tools/xtensa-esp32-elf-gcc/1.22.0-97-gc752ad5-5.2.0/xtensa-esp32-elf/include/c&#43;&#43;/5.2.0/cmath:596:5: note:   &#39;std::isfinite&#39;
     isfinite(_Tp __x)
     ^
In file included from /home/ec2-user/arduino-testlib/cli-datadir/user/libraries/107-Arduino-UAVCAN/src/wrappers/reg/drone/physics/kinematics/cartesian/PoseVar_0_1.hpp:17:0,
                 from /home/ec2-user/arduino-testlib/cli-datadir/user/libraries/107-Arduino-UAVCAN/src/ArduinoUAVCANTypes.h:36,
                 from /home/ec2-user/arduino-testlib/cli-datadir/user/libraries/107-Arduino-UAVCAN/src/ArduinoUAVCAN.h:24,
                 from /home/ec2-user/arduino-testlib/cli-datadir/user/libraries/107-Arduino-UAVCAN/examples/UAVCAN-GNSS-Node/UAVCAN-GNSS-Node.ino:18:
/home/ec2-user/arduino-testlib/cli-datadir/user/libraries/107-Arduino-UAVCAN/src/types/reg/drone/physics/kinematics/cartesian/PoseVar_0_1.h: In function &#39;int8_t reg_drone_physics_kinematics_cartesian_PoseVar_0_1_serialize_(const reg_drone_physics_kinematics_cartesian_PoseVar_0_1*, uint8_t*, size_t*)&#39;:
/home/ec2-user/arduino-testlib/cli-datadir/user/libraries/107-Arduino-UAVCAN/src/types/reg/drone/physics/kinematics/cartesian/PoseVar_0_1.h:151:32: error: &#39;isfinite&#39; was not declared in this scope
             if (isfinite(_sat0_))
                                ^
/home/ec2-user/arduino-testlib/cli-datadir/user/libraries/107-Arduino-UAVCAN/src/types/reg/drone/physics/kinematics/cartesian/PoseVar_0_1.h:151:32: note: suggested alternative:
In file included from /home/ec2-user/arduino-testlib/cli-datadir/data/packages/esp32/tools/xtensa-esp32-elf-gcc/1.22.0-97-gc752ad5-5.2.0/xtensa-esp32-elf/include/c&#43;&#43;/5.2.0/random:38:0,
                 from /home/ec2-user/arduino-testlib/cli-datadir/data/packages/esp32/tools/xtensa-esp32-elf-gcc/1.22.0-97-gc752ad5-5.2.0/xtensa-esp32-elf/include/c&#43;&#43;/5.2.0/bits/stl_algo.h:66,
                 from /home/ec2-user/arduino-testlib/cli-datadir/data/packages/esp32/tools/xtensa-esp32-elf-gcc/1.22.0-97-gc752ad5-5.2.0/xtensa-esp32-elf/include/c&#43;&#43;/5.2.0/algorithm:62,
                 from /home/ec2-user/arduino-testlib/cli-datadir/data/packages/esp32/hardware/esp32/1.0.6/cores/esp32/Arduino.h:142,
                 from /tmp/arduino-sketch-C00EA2ECD13312A3D943A7603A9FDDB4/sketch/UAVCAN-GNSS-Node.ino.cpp:1:
/home/ec2-user/arduino-testlib/cli-datadir/data/packages/esp32/tools/xtensa-esp32-elf-gcc/1.22.0-97-gc752ad5-5.2.0/xtensa-esp32-elf/include/c&#43;&#43;/5.2.0/cmath:596:5: note:   &#39;std::isfinite&#39;
     isfinite(_Tp __x)
     ^
In file included from /home/ec2-user/arduino-testlib/cli-datadir/user/libraries/107-Arduino-UAVCAN/src/types/reg/drone/physics/kinematics/cartesian/StateVar_0_1.h:39:0,
                 from /home/ec2-user/arduino-testlib/cli-datadir/user/libraries/107-Arduino-UAVCAN/src/types/reg/drone/physics/kinematics/cartesian/StateVarTs_0_1.h:38,
                 from /home/ec2-user/arduino-testlib/cli-datadir/user/libraries/107-Arduino-UAVCAN/src/wrappers/reg/drone/physics/kinematics/cartesian/StateVarTs_0_1.hpp:17,
                 from /home/ec2-user/arduino-testlib/cli-datadir/user/libraries/107-Arduino-UAVCAN/src/ArduinoUAVCANTypes.h:38,
                 from /home/ec2-user/arduino-testlib/cli-datadir/user/libraries/107-Arduino-UAVCAN/src/ArduinoUAVCAN.h:24,
                 from /home/ec2-user/arduino-testlib/cli-datadir/user/libraries/107-Arduino-UAVCAN/examples/UAVCAN-GNSS-Node/UAVCAN-GNSS-Node.ino:18:
/home/ec2-user/arduino-testlib/cli-datadir/user/libraries/107-Arduino-UAVCAN/src/types/reg/drone/physics/kinematics/cartesian/TwistVar_0_1.h: In function &#39;int8_t reg_drone_physics_kinematics_cartesian_TwistVar_0_1_serialize_(const reg_drone_physics_kinematics_cartesian_TwistVar_0_1*, uint8_t*, size_t*)&#39;:
/home/ec2-user/arduino-testlib/cli-datadir/user/libraries/107-Arduino-UAVCAN/src/types/reg/drone/physics/kinematics/cartesian/TwistVar_0_1.h:151:32: error: &#39;isfinite&#39; was not declared in this scope
             if (isfinite(_sat0_))
                                ^
/home/ec2-user/arduino-testlib/cli-datadir/user/libraries/107-Arduino-UAVCAN/src/types/reg/drone/physics/kinematics/cartesian/TwistVar_0_1.h:151:32: note: suggested alternative:
In file included from /home/ec2-user/arduino-testlib/cli-datadir/data/packages/esp32/tools/xtensa-esp32-elf-gcc/1.22.0-97-gc752ad5-5.2.0/xtensa-esp32-elf/include/c&#43;&#43;/5.2.0/random:38:0,
                 from /home/ec2-user/arduino-testlib/cli-datadir/data/packages/esp32/tools/xtensa-esp32-elf-gcc/1.22.0-97-gc752ad5-5.2.0/xtensa-esp32-elf/include/c&#43;&#43;/5.2.0/bits/stl_algo.h:66,
                 from /home/ec2-user/arduino-testlib/cli-datadir/data/packages/esp32/tools/xtensa-esp32-elf-gcc/1.22.0-97-gc752ad5-5.2.0/xtensa-esp32-elf/include/c&#43;&#43;/5.2.0/algorithm:62,
                 from /home/ec2-user/arduino-testlib/cli-datadir/data/packages/esp32/hardware/esp32/1.0.6/cores/esp32/Arduino.h:142,
                 from /tmp/arduino-sketch-C00EA2ECD13312A3D943A7603A9FDDB4/sketch/UAVCAN-GNSS-Node.ino.cpp:1:
/home/ec2-user/arduino-testlib/cli-datadir/data/packages/esp32/tools/xtensa-esp32-elf-gcc/1.22.0-97-gc752ad5-5.2.0/xtensa-esp32-elf/include/c&#43;&#43;/5.2.0/cmath:596:5: note:   &#39;std::isfinite&#39;
     isfinite(_Tp __x)
     ^
In file included from /home/ec2-user/arduino-testlib/cli-datadir/user/libraries/107-Arduino-UAVCAN/src/types/reg/drone/physics/kinematics/cartesian/PointStateVar_0_1.h:39:0,
                 from /home/ec2-user/arduino-testlib/cli-datadir/user/libraries/107-Arduino-UAVCAN/src/wrappers/reg/drone/physics/kinematics/cartesian/PointStateVarTs_0_1.hpp:17,
                 from /home/ec2-user/arduino-testlib/cli-datadir/user/libraries/107-Arduino-UAVCAN/src/ArduinoUAVCANTypes.h:41,
                 from /home/ec2-user/arduino-testlib/cli-datadir/user/libraries/107-Arduino-UAVCAN/src/ArduinoUAVCAN.h:24,
                 from /home/ec2-user/arduino-testlib/cli-datadir/user/libraries/107-Arduino-UAVCAN/examples/UAVCAN-GNSS-Node/UAVCAN-GNSS-Node.ino:18:
/home/ec2-user/arduino-testlib/cli-datadir/user/libraries/107-Arduino-UAVCAN/src/types/reg/drone/physics/kinematics/translation/Velocity3Var_0_2.h: In function &#39;int8_t reg_drone_physics_kinematics_translation_Velocity3Var_0_2_serialize_(const reg_drone_physics_kinematics_translation_Velocity3Var_0_2*, uint8_t*, size_t*)&#39;:
/home/ec2-user/arduino-testlib/cli-datadir/user/libraries/107-Arduino-UAVCAN/src/types/reg/drone/physics/kinematics/translation/Velocity3Var_0_2.h:151:32: error: &#39;isfinite&#39; was not declared in this scope
             if (isfinite(_sat0_))
                                ^
/home/ec2-user/arduino-testlib/cli-datadir/user/libraries/107-Arduino-UAVCAN/src/types/reg/drone/physics/kinematics/translation/Velocity3Var_0_2.h:151:32: note: suggested alternative:
In file included from /home/ec2-user/arduino-testlib/cli-datadir/data/packages/esp32/tools/xtensa-esp32-elf-gcc/1.22.0-97-gc752ad5-5.2.0/xtensa-esp32-elf/include/c&#43;&#43;/5.2.0/random:38:0,
                 from /home/ec2-user/arduino-testlib/cli-datadir/data/packages/esp32/tools/xtensa-esp32-elf-gcc/1.22.0-97-gc752ad5-5.2.0/xtensa-esp32-elf/include/c&#43;&#43;/5.2.0/bits/stl_algo.h:66,
                 from /home/ec2-user/arduino-testlib/cli-datadir/data/packages/esp32/tools/xtensa-esp32-elf-gcc/1.22.0-97-gc752ad5-5.2.0/xtensa-esp32-elf/include/c&#43;&#43;/5.2.0/algorithm:62,
                 from /home/ec2-user/arduino-testlib/cli-datadir/data/packages/esp32/hardware/esp32/1.0.6/cores/esp32/Arduino.h:142,
                 from /tmp/arduino-sketch-C00EA2ECD13312A3D943A7603A9FDDB4/sketch/UAVCAN-GNSS-Node.ino.cpp:1:
/home/ec2-user/arduino-testlib/cli-datadir/data/packages/esp32/tools/xtensa-esp32-elf-gcc/1.22.0-97-gc752ad5-5.2.0/xtensa-esp32-elf/include/c&#43;&#43;/5.2.0/cmath:596:5: note:   &#39;std::isfinite&#39;
     isfinite(_Tp __x)
     ^
In file included from /home/ec2-user/arduino-testlib/cli-datadi</pre>
					
					<h4>examples/UAVCAN-Heartbeat-Publish</h4>
					<p>
						Result: <b>FAIL</b>
					</p>
					<pre class="pre-scrollable">In file included from /home/ec2-user/arduino-testlib/cli-datadir/user/libraries/107-Arduino-UAVCAN/src/wrappers/reg/drone/physics/kinematics/cartesian/PointVar_0_1.hpp:17:0,
                 from /home/ec2-user/arduino-testlib/cli-datadir/user/libraries/107-Arduino-UAVCAN/src/ArduinoUAVCANTypes.h:35,
                 from /home/ec2-user/arduino-testlib/cli-datadir/user/libraries/107-Arduino-UAVCAN/src/ArduinoUAVCAN.h:24,
                 from /home/ec2-user/arduino-testlib/cli-datadir/user/libraries/107-Arduino-UAVCAN/examples/UAVCAN-Heartbeat-Publish/UAVCAN-Heartbeat-Publish.ino:15:
/home/ec2-user/arduino-testlib/cli-datadir/user/libraries/107-Arduino-UAVCAN/src/types/reg/drone/physics/kinematics/cartesian/PointVar_0_1.h: In function &#39;int8_t reg_drone_physics_kinematics_cartesian_PointVar_0_1_serialize_(const reg_drone_physics_kinematics_cartesian_PointVar_0_1*, uint8_t*, size_t*)&#39;:
/home/ec2-user/arduino-testlib/cli-datadir/user/libraries/107-Arduino-UAVCAN/src/types/reg/drone/physics/kinematics/cartesian/PointVar_0_1.h:151:32: error: &#39;isfinite&#39; was not declared in this scope
             if (isfinite(_sat0_))
                                ^
/home/ec2-user/arduino-testlib/cli-datadir/user/libraries/107-Arduino-UAVCAN/src/types/reg/drone/physics/kinematics/cartesian/PointVar_0_1.h:151:32: note: suggested alternative:
In file included from /home/ec2-user/arduino-testlib/cli-datadir/data/packages/esp32/tools/xtensa-esp32-elf-gcc/1.22.0-97-gc752ad5-5.2.0/xtensa-esp32-elf/include/c&#43;&#43;/5.2.0/random:38:0,
                 from /home/ec2-user/arduino-testlib/cli-datadir/data/packages/esp32/tools/xtensa-esp32-elf-gcc/1.22.0-97-gc752ad5-5.2.0/xtensa-esp32-elf/include/c&#43;&#43;/5.2.0/bits/stl_algo.h:66,
                 from /home/ec2-user/arduino-testlib/cli-datadir/data/packages/esp32/tools/xtensa-esp32-elf-gcc/1.22.0-97-gc752ad5-5.2.0/xtensa-esp32-elf/include/c&#43;&#43;/5.2.0/algorithm:62,
                 from /home/ec2-user/arduino-testlib/cli-datadir/data/packages/esp32/hardware/esp32/1.0.6/cores/esp32/Arduino.h:142,
                 from /tmp/arduino-sketch-6FA66DCC5B7487CA3441A32D19066484/sketch/UAVCAN-Heartbeat-Publish.ino.cpp:1:
/home/ec2-user/arduino-testlib/cli-datadir/data/packages/esp32/tools/xtensa-esp32-elf-gcc/1.22.0-97-gc752ad5-5.2.0/xtensa-esp32-elf/include/c&#43;&#43;/5.2.0/cmath:596:5: note:   &#39;std::isfinite&#39;
     isfinite(_Tp __x)
     ^
In file included from /home/ec2-user/arduino-testlib/cli-datadir/user/libraries/107-Arduino-UAVCAN/src/wrappers/reg/drone/physics/kinematics/cartesian/PoseVar_0_1.hpp:17:0,
                 from /home/ec2-user/arduino-testlib/cli-datadir/user/libraries/107-Arduino-UAVCAN/src/ArduinoUAVCANTypes.h:36,
                 from /home/ec2-user/arduino-testlib/cli-datadir/user/libraries/107-Arduino-UAVCAN/src/ArduinoUAVCAN.h:24,
                 from /home/ec2-user/arduino-testlib/cli-datadir/user/libraries/107-Arduino-UAVCAN/examples/UAVCAN-Heartbeat-Publish/UAVCAN-Heartbeat-Publish.ino:15:
/home/ec2-user/arduino-testlib/cli-datadir/user/libraries/107-Arduino-UAVCAN/src/types/reg/drone/physics/kinematics/cartesian/PoseVar_0_1.h: In function &#39;int8_t reg_drone_physics_kinematics_cartesian_PoseVar_0_1_serialize_(const reg_drone_physics_kinematics_cartesian_PoseVar_0_1*, uint8_t*, size_t*)&#39;:
/home/ec2-user/arduino-testlib/cli-datadir/user/libraries/107-Arduino-UAVCAN/src/types/reg/drone/physics/kinematics/cartesian/PoseVar_0_1.h:151:32: error: &#39;isfinite&#39; was not declared in this scope
             if (isfinite(_sat0_))
                                ^
/home/ec2-user/arduino-testlib/cli-datadir/user/libraries/107-Arduino-UAVCAN/src/types/reg/drone/physics/kinematics/cartesian/PoseVar_0_1.h:151:32: note: suggested alternative:
In file included from /home/ec2-user/arduino-testlib/cli-datadir/data/packages/esp32/tools/xtensa-esp32-elf-gcc/1.22.0-97-gc752ad5-5.2.0/xtensa-esp32-elf/include/c&#43;&#43;/5.2.0/random:38:0,
                 from /home/ec2-user/arduino-testlib/cli-datadir/data/packages/esp32/tools/xtensa-esp32-elf-gcc/1.22.0-97-gc752ad5-5.2.0/xtensa-esp32-elf/include/c&#43;&#43;/5.2.0/bits/stl_algo.h:66,
                 from /home/ec2-user/arduino-testlib/cli-datadir/data/packages/esp32/tools/xtensa-esp32-elf-gcc/1.22.0-97-gc752ad5-5.2.0/xtensa-esp32-elf/include/c&#43;&#43;/5.2.0/algorithm:62,
                 from /home/ec2-user/arduino-testlib/cli-datadir/data/packages/esp32/hardware/esp32/1.0.6/cores/esp32/Arduino.h:142,
                 from /tmp/arduino-sketch-6FA66DCC5B7487CA3441A32D19066484/sketch/UAVCAN-Heartbeat-Publish.ino.cpp:1:
/home/ec2-user/arduino-testlib/cli-datadir/data/packages/esp32/tools/xtensa-esp32-elf-gcc/1.22.0-97-gc752ad5-5.2.0/xtensa-esp32-elf/include/c&#43;&#43;/5.2.0/cmath:596:5: note:   &#39;std::isfinite&#39;
     isfinite(_Tp __x)
     ^
In file included from /home/ec2-user/arduino-testlib/cli-datadir/user/libraries/107-Arduino-UAVCAN/src/types/reg/drone/physics/kinematics/cartesian/StateVar_0_1.h:39:0,
                 from /home/ec2-user/arduino-testlib/cli-datadir/user/libraries/107-Arduino-UAVCAN/src/types/reg/drone/physics/kinematics/cartesian/StateVarTs_0_1.h:38,
                 from /home/ec2-user/arduino-testlib/cli-datadir/user/libraries/107-Arduino-UAVCAN/src/wrappers/reg/drone/physics/kinematics/cartesian/StateVarTs_0_1.hpp:17,
                 from /home/ec2-user/arduino-testlib/cli-datadir/user/libraries/107-Arduino-UAVCAN/src/ArduinoUAVCANTypes.h:38,
                 from /home/ec2-user/arduino-testlib/cli-datadir/user/libraries/107-Arduino-UAVCAN/src/ArduinoUAVCAN.h:24,
                 from /home/ec2-user/arduino-testlib/cli-datadir/user/libraries/107-Arduino-UAVCAN/examples/UAVCAN-Heartbeat-Publish/UAVCAN-Heartbeat-Publish.ino:15:
/home/ec2-user/arduino-testlib/cli-datadir/user/libraries/107-Arduino-UAVCAN/src/types/reg/drone/physics/kinematics/cartesian/TwistVar_0_1.h: In function &#39;int8_t reg_drone_physics_kinematics_cartesian_TwistVar_0_1_serialize_(const reg_drone_physics_kinematics_cartesian_TwistVar_0_1*, uint8_t*, size_t*)&#39;:
/home/ec2-user/arduino-testlib/cli-datadir/user/libraries/107-Arduino-UAVCAN/src/types/reg/drone/physics/kinematics/cartesian/TwistVar_0_1.h:151:32: error: &#39;isfinite&#39; was not declared in this scope
             if (isfinite(_sat0_))
                                ^
/home/ec2-user/arduino-testlib/cli-datadir/user/libraries/107-Arduino-UAVCAN/src/types/reg/drone/physics/kinematics/cartesian/TwistVar_0_1.h:151:32: note: suggested alternative:
In file included from /home/ec2-user/arduino-testlib/cli-datadir/data/packages/esp32/tools/xtensa-esp32-elf-gcc/1.22.0-97-gc752ad5-5.2.0/xtensa-esp32-elf/include/c&#43;&#43;/5.2.0/random:38:0,
                 from /home/ec2-user/arduino-testlib/cli-datadir/data/packages/esp32/tools/xtensa-esp32-elf-gcc/1.22.0-97-gc752ad5-5.2.0/xtensa-esp32-elf/include/c&#43;&#43;/5.2.0/bits/stl_algo.h:66,
                 from /home/ec2-user/arduino-testlib/cli-datadir/data/packages/esp32/tools/xtensa-esp32-elf-gcc/1.22.0-97-gc752ad5-5.2.0/xtensa-esp32-elf/include/c&#43;&#43;/5.2.0/algorithm:62,
                 from /home/ec2-user/arduino-testlib/cli-datadir/data/packages/esp32/hardware/esp32/1.0.6/cores/esp32/Arduino.h:142,
                 from /tmp/arduino-sketch-6FA66DCC5B7487CA3441A32D19066484/sketch/UAVCAN-Heartbeat-Publish.ino.cpp:1:
/home/ec2-user/arduino-testlib/cli-datadir/data/packages/esp32/tools/xtensa-esp32-elf-gcc/1.22.0-97-gc752ad5-5.2.0/xtensa-esp32-elf/include/c&#43;&#43;/5.2.0/cmath:596:5: note:   &#39;std::isfinite&#39;
     isfinite(_Tp __x)
     ^
In file included from /home/ec2-user/arduino-testlib/cli-datadir/user/libraries/107-Arduino-UAVCAN/src/types/reg/drone/physics/kinematics/cartesian/PointStateVar_0_1.h:39:0,
                 from /home/ec2-user/arduino-testlib/cli-datadir/user/libraries/107-Arduino-UAVCAN/src/wrappers/reg/drone/physics/kinematics/cartesian/PointStateVarTs_0_1.hpp:17,
                 from /home/ec2-user/arduino-testlib/cli-datadir/user/libraries/107-Arduino-UAVCAN/src/ArduinoUAVCANTypes.h:41,
                 from /home/ec2-user/arduino-testlib/cli-datadir/user/libraries/107-Arduino-UAVCAN/src/ArduinoUAVCAN.h:24,
                 from /home/ec2-user/arduino-testlib/cli-datadir/user/libraries/107-Arduino-UAVCAN/examples/UAVCAN-Heartbeat-Publish/UAVCAN-Heartbeat-Publish.ino:15:
/home/ec2-user/arduino-testlib/cli-datadir/user/libraries/107-Arduino-UAVCAN/src/types/reg/drone/physics/kinematics/translation/Velocity3Var_0_2.h: In function &#39;int8_t reg_drone_physics_kinematics_translation_Velocity3Var_0_2_serialize_(const reg_drone_physics_kinematics_translation_Velocity3Var_0_2*, uint8_t*, size_t*)&#39;:
/home/ec2-user/arduino-testlib/cli-datadir/user/libraries/107-Arduino-UAVCAN/src/types/reg/drone/physics/kinematics/translation/Velocity3Var_0_2.h:151:32: error: &#39;isfinite&#39; was not declared in this scope
             if (isfinite(_sat0_))
                                ^
/home/ec2-user/arduino-testlib/cli-datadir/user/libraries/107-Arduino-UAVCAN/src/types/reg/drone/physics/kinematics/translation/Velocity3Var_0_2.h:151:32: note: suggested alternative:
In file included from /home/ec2-user/arduino-testlib/cli-datadir/data/packages/esp32/tools/xtensa-esp32-elf-gcc/1.22.0-97-gc752ad5-5.2.0/xtensa-esp32-elf/include/c&#43;&#43;/5.2.0/random:38:0,
                 from /home/ec2-user/arduino-testlib/cli-datadir/data/packages/esp32/tools/xtensa-esp32-elf-gcc/1.22.0-97-gc752ad5-5.2.0/xtensa-esp32-elf/include/c&#43;&#43;/5.2.0/bits/stl_algo.h:66,
                 from /home/ec2-user/arduino-testlib/cli-datadir/data/packages/esp32/tools/xtensa-esp32-elf-gcc/1.22.0-97-gc752ad5-5.2.0/xtensa-esp32-elf/include/c&#43;&#43;/5.2.0/algorithm:62,
                 from /home/ec2-user/arduino-testlib/cli-datadir/data/packages/esp32/hardware/esp32/1.0.6/cores/esp32/Arduino.h:142,
                 from /tmp/arduino-sketch-6FA66DCC5B7487CA3441A32D19066484/sketch/UAVCAN-Heartbeat-Publish.ino.cpp:1:
/home/ec2-user/arduino-testlib/cli-datadir/data/packages/esp32/tools/xtensa-esp32-elf-gcc/1.22.0-97-gc752ad5-5.2.0/xtensa-esp32-elf/include/c&#43;&#43;/5.2.0/cmath:596:5: note:   &#39;std::isfinit</pre>
					
					<h4>examples/UAVCAN-Heartbeat-Subscribe</h4>
					<p>
						Result: <b>FAIL</b>
					</p>
					<pre class="pre-scrollable">In file included from /home/ec2-user/arduino-testlib/cli-datadir/user/libraries/107-Arduino-UAVCAN/src/wrappers/reg/drone/physics/kinematics/cartesian/PointVar_0_1.hpp:17:0,
                 from /home/ec2-user/arduino-testlib/cli-datadir/user/libraries/107-Arduino-UAVCAN/src/ArduinoUAVCANTypes.h:35,
                 from /home/ec2-user/arduino-testlib/cli-datadir/user/libraries/107-Arduino-UAVCAN/src/ArduinoUAVCAN.h:24,
                 from /home/ec2-user/arduino-testlib/cli-datadir/user/libraries/107-Arduino-UAVCAN/examples/UAVCAN-Heartbeat-Subscribe/UAVCAN-Heartbeat-Subscribe.ino:15:
/home/ec2-user/arduino-testlib/cli-datadir/user/libraries/107-Arduino-UAVCAN/src/types/reg/drone/physics/kinematics/cartesian/PointVar_0_1.h: In function &#39;int8_t reg_drone_physics_kinematics_cartesian_PointVar_0_1_serialize_(const reg_drone_physics_kinematics_cartesian_PointVar_0_1*, uint8_t*, size_t*)&#39;:
/home/ec2-user/arduino-testlib/cli-datadir/user/libraries/107-Arduino-UAVCAN/src/types/reg/drone/physics/kinematics/cartesian/PointVar_0_1.h:151:32: error: &#39;isfinite&#39; was not declared in this scope
             if (isfinite(_sat0_))
                                ^
/home/ec2-user/arduino-testlib/cli-datadir/user/libraries/107-Arduino-UAVCAN/src/types/reg/drone/physics/kinematics/cartesian/PointVar_0_1.h:151:32: note: suggested alternative:
In file included from /home/ec2-user/arduino-testlib/cli-datadir/data/packages/esp32/tools/xtensa-esp32-elf-gcc/1.22.0-97-gc752ad5-5.2.0/xtensa-esp32-elf/include/c&#43;&#43;/5.2.0/random:38:0,
                 from /home/ec2-user/arduino-testlib/cli-datadir/data/packages/esp32/tools/xtensa-esp32-elf-gcc/1.22.0-97-gc752ad5-5.2.0/xtensa-esp32-elf/include/c&#43;&#43;/5.2.0/bits/stl_algo.h:66,
                 from /home/ec2-user/arduino-testlib/cli-datadir/data/packages/esp32/tools/xtensa-esp32-elf-gcc/1.22.0-97-gc752ad5-5.2.0/xtensa-esp32-elf/include/c&#43;&#43;/5.2.0/algorithm:62,
                 from /home/ec2-user/arduino-testlib/cli-datadir/data/packages/esp32/hardware/esp32/1.0.6/cores/esp32/Arduino.h:142,
                 from /tmp/arduino-sketch-52192015945D97457DCD4F89A3930149/sketch/UAVCAN-Heartbeat-Subscribe.ino.cpp:1:
/home/ec2-user/arduino-testlib/cli-datadir/data/packages/esp32/tools/xtensa-esp32-elf-gcc/1.22.0-97-gc752ad5-5.2.0/xtensa-esp32-elf/include/c&#43;&#43;/5.2.0/cmath:596:5: note:   &#39;std::isfinite&#39;
     isfinite(_Tp __x)
     ^
In file included from /home/ec2-user/arduino-testlib/cli-datadir/user/libraries/107-Arduino-UAVCAN/src/wrappers/reg/drone/physics/kinematics/cartesian/PoseVar_0_1.hpp:17:0,
                 from /home/ec2-user/arduino-testlib/cli-datadir/user/libraries/107-Arduino-UAVCAN/src/ArduinoUAVCANTypes.h:36,
                 from /home/ec2-user/arduino-testlib/cli-datadir/user/libraries/107-Arduino-UAVCAN/src/ArduinoUAVCAN.h:24,
                 from /home/ec2-user/arduino-testlib/cli-datadir/user/libraries/107-Arduino-UAVCAN/examples/UAVCAN-Heartbeat-Subscribe/UAVCAN-Heartbeat-Subscribe.ino:15:
/home/ec2-user/arduino-testlib/cli-datadir/user/libraries/107-Arduino-UAVCAN/src/types/reg/drone/physics/kinematics/cartesian/PoseVar_0_1.h: In function &#39;int8_t reg_drone_physics_kinematics_cartesian_PoseVar_0_1_serialize_(const reg_drone_physics_kinematics_cartesian_PoseVar_0_1*, uint8_t*, size_t*)&#39;:
/home/ec2-user/arduino-testlib/cli-datadir/user/libraries/107-Arduino-UAVCAN/src/types/reg/drone/physics/kinematics/cartesian/PoseVar_0_1.h:151:32: error: &#39;isfinite&#39; was not declared in this scope
             if (isfinite(_sat0_))
                                ^
/home/ec2-user/arduino-testlib/cli-datadir/user/libraries/107-Arduino-UAVCAN/src/types/reg/drone/physics/kinematics/cartesian/PoseVar_0_1.h:151:32: note: suggested alternative:
In file included from /home/ec2-user/arduino-testlib/cli-datadir/data/packages/esp32/tools/xtensa-esp32-elf-gcc/1.22.0-97-gc752ad5-5.2.0/xtensa-esp32-elf/include/c&#43;&#43;/5.2.0/random:38:0,
                 from /home/ec2-user/arduino-testlib/cli-datadir/data/packages/esp32/tools/xtensa-esp32-elf-gcc/1.22.0-97-gc752ad5-5.2.0/xtensa-esp32-elf/include/c&#43;&#43;/5.2.0/bits/stl_algo.h:66,
                 from /home/ec2-user/arduino-testlib/cli-datadir/data/packages/esp32/tools/xtensa-esp32-elf-gcc/1.22.0-97-gc752ad5-5.2.0/xtensa-esp32-elf/include/c&#43;&#43;/5.2.0/algorithm:62,
                 from /home/ec2-user/arduino-testlib/cli-datadir/data/packages/esp32/hardware/esp32/1.0.6/cores/esp32/Arduino.h:142,
                 from /tmp/arduino-sketch-52192015945D97457DCD4F89A3930149/sketch/UAVCAN-Heartbeat-Subscribe.ino.cpp:1:
/home/ec2-user/arduino-testlib/cli-datadir/data/packages/esp32/tools/xtensa-esp32-elf-gcc/1.22.0-97-gc752ad5-5.2.0/xtensa-esp32-elf/include/c&#43;&#43;/5.2.0/cmath:596:5: note:   &#39;std::isfinite&#39;
     isfinite(_Tp __x)
     ^
In file included from /home/ec2-user/arduino-testlib/cli-datadir/user/libraries/107-Arduino-UAVCAN/src/types/reg/drone/physics/kinematics/cartesian/StateVar_0_1.h:39:0,
                 from /home/ec2-user/arduino-testlib/cli-datadir/user/libraries/107-Arduino-UAVCAN/src/types/reg/drone/physics/kinematics/cartesian/StateVarTs_0_1.h:38,
                 from /home/ec2-user/arduino-testlib/cli-datadir/user/libraries/107-Arduino-UAVCAN/src/wrappers/reg/drone/physics/kinematics/cartesian/StateVarTs_0_1.hpp:17,
                 from /home/ec2-user/arduino-testlib/cli-datadir/user/libraries/107-Arduino-UAVCAN/src/ArduinoUAVCANTypes.h:38,
                 from /home/ec2-user/arduino-testlib/cli-datadir/user/libraries/107-Arduino-UAVCAN/src/ArduinoUAVCAN.h:24,
                 from /home/ec2-user/arduino-testlib/cli-datadir/user/libraries/107-Arduino-UAVCAN/examples/UAVCAN-Heartbeat-Subscribe/UAVCAN-Heartbeat-Subscribe.ino:15:
/home/ec2-user/arduino-testlib/cli-datadir/user/libraries/107-Arduino-UAVCAN/src/types/reg/drone/physics/kinematics/cartesian/TwistVar_0_1.h: In function &#39;int8_t reg_drone_physics_kinematics_cartesian_TwistVar_0_1_serialize_(const reg_drone_physics_kinematics_cartesian_TwistVar_0_1*, uint8_t*, size_t*)&#39;:
/home/ec2-user/arduino-testlib/cli-datadir/user/libraries/107-Arduino-UAVCAN/src/types/reg/drone/physics/kinematics/cartesian/TwistVar_0_1.h:151:32: error: &#39;isfinite&#39; was not declared in this scope
             if (isfinite(_sat0_))
                                ^
/home/ec2-user/arduino-testlib/cli-datadir/user/libraries/107-Arduino-UAVCAN/src/types/reg/drone/physics/kinematics/cartesian/TwistVar_0_1.h:151:32: note: suggested alternative:
In file included from /home/ec2-user/arduino-testlib/cli-datadir/data/packages/esp32/tools/xtensa-esp32-elf-gcc/1.22.0-97-gc752ad5-5.2.0/xtensa-esp32-elf/include/c&#43;&#43;/5.2.0/random:38:0,
                 from /home/ec2-user/arduino-testlib/cli-datadir/data/packages/esp32/tools/xtensa-esp32-elf-gcc/1.22.0-97-gc752ad5-5.2.0/xtensa-esp32-elf/include/c&#43;&#43;/5.2.0/bits/stl_algo.h:66,
                 from /home/ec2-user/arduino-testlib/cli-datadir/data/packages/esp32/tools/xtensa-esp32-elf-gcc/1.22.0-97-gc752ad5-5.2.0/xtensa-esp32-elf/include/c&#43;&#43;/5.2.0/algorithm:62,
                 from /home/ec2-user/arduino-testlib/cli-datadir/data/packages/esp32/hardware/esp32/1.0.6/cores/esp32/Arduino.h:142,
                 from /tmp/arduino-sketch-52192015945D97457DCD4F89A3930149/sketch/UAVCAN-Heartbeat-Subscribe.ino.cpp:1:
/home/ec2-user/arduino-testlib/cli-datadir/data/packages/esp32/tools/xtensa-esp32-elf-gcc/1.22.0-97-gc752ad5-5.2.0/xtensa-esp32-elf/include/c&#43;&#43;/5.2.0/cmath:596:5: note:   &#39;std::isfinite&#39;
     isfinite(_Tp __x)
     ^
In file included from /home/ec2-user/arduino-testlib/cli-datadir/user/libraries/107-Arduino-UAVCAN/src/types/reg/drone/physics/kinematics/cartesian/PointStateVar_0_1.h:39:0,
                 from /home/ec2-user/arduino-testlib/cli-datadir/user/libraries/107-Arduino-UAVCAN/src/wrappers/reg/drone/physics/kinematics/cartesian/PointStateVarTs_0_1.hpp:17,
                 from /home/ec2-user/arduino-testlib/cli-datadir/user/libraries/107-Arduino-UAVCAN/src/ArduinoUAVCANTypes.h:41,
                 from /home/ec2-user/arduino-testlib/cli-datadir/user/libraries/107-Arduino-UAVCAN/src/ArduinoUAVCAN.h:24,
                 from /home/ec2-user/arduino-testlib/cli-datadir/user/libraries/107-Arduino-UAVCAN/examples/UAVCAN-Heartbeat-Subscribe/UAVCAN-Heartbeat-Subscribe.ino:15:
/home/ec2-user/arduino-testlib/cli-datadir/user/libraries/107-Arduino-UAVCAN/src/types/reg/drone/physics/kinematics/translation/Velocity3Var_0_2.h: In function &#39;int8_t reg_drone_physics_kinematics_translation_Velocity3Var_0_2_serialize_(const reg_drone_physics_kinematics_translation_Velocity3Var_0_2*, uint8_t*, size_t*)&#39;:
/home/ec2-user/arduino-testlib/cli-datadir/user/libraries/107-Arduino-UAVCAN/src/types/reg/drone/physics/kinematics/translation/Velocity3Var_0_2.h:151:32: error: &#39;isfinite&#39; was not declared in this scope
             if (isfinite(_sat0_))
                                ^
/home/ec2-user/arduino-testlib/cli-datadir/user/libraries/107-Arduino-UAVCAN/src/types/reg/drone/physics/kinematics/translation/Velocity3Var_0_2.h:151:32: note: suggested alternative:
In file included from /home/ec2-user/arduino-testlib/cli-datadir/data/packages/esp32/tools/xtensa-esp32-elf-gcc/1.22.0-97-gc752ad5-5.2.0/xtensa-esp32-elf/include/c&#43;&#43;/5.2.0/random:38:0,
                 from /home/ec2-user/arduino-testlib/cli-datadir/data/packages/esp32/tools/xtensa-esp32-elf-gcc/1.22.0-97-gc752ad5-5.2.0/xtensa-esp32-elf/include/c&#43;&#43;/5.2.0/bits/stl_algo.h:66,
                 from /home/ec2-user/arduino-testlib/cli-datadir/data/packages/esp32/tools/xtensa-esp32-elf-gcc/1.22.0-97-gc752ad5-5.2.0/xtensa-esp32-elf/include/c&#43;&#43;/5.2.0/algorithm:62,
                 from /home/ec2-user/arduino-testlib/cli-datadir/data/packages/esp32/hardware/esp32/1.0.6/cores/esp32/Arduino.h:142,
                 from /tmp/arduino-sketch-52192015945D97457DCD4F89A3930149/sketch/UAVCAN-Heartbeat-Subscribe.ino.cpp:1:
/home/ec2-user/arduino-testlib/cli-datadir/data/packages/esp32/tools/xtensa-esp32-elf-gcc/1.22.0-97-gc752ad5-5.2.0/xtensa-esp32-elf/include/c&#43;&#43;/5.2.0/cmath:596:</pre>
					
					<h4>examples/UAVCAN-Service-Client</h4>
					<p>
						Result: <b>FAIL</b>
					</p>
					<pre class="pre-scrollable">In file included from /home/ec2-user/arduino-testlib/cli-datadir/user/libraries/107-Arduino-UAVCAN/src/wrappers/reg/drone/physics/kinematics/cartesian/PointVar_0_1.hpp:17:0,
                 from /home/ec2-user/arduino-testlib/cli-datadir/user/libraries/107-Arduino-UAVCAN/src/ArduinoUAVCANTypes.h:35,
                 from /home/ec2-user/arduino-testlib/cli-datadir/user/libraries/107-Arduino-UAVCAN/src/ArduinoUAVCAN.h:24,
                 from /home/ec2-user/arduino-testlib/cli-datadir/user/libraries/107-Arduino-UAVCAN/examples/UAVCAN-Service-Client/UAVCAN-Service-Client.ino:16:
/home/ec2-user/arduino-testlib/cli-datadir/user/libraries/107-Arduino-UAVCAN/src/types/reg/drone/physics/kinematics/cartesian/PointVar_0_1.h: In function &#39;int8_t reg_drone_physics_kinematics_cartesian_PointVar_0_1_serialize_(const reg_drone_physics_kinematics_cartesian_PointVar_0_1*, uint8_t*, size_t*)&#39;:
/home/ec2-user/arduino-testlib/cli-datadir/user/libraries/107-Arduino-UAVCAN/src/types/reg/drone/physics/kinematics/cartesian/PointVar_0_1.h:151:32: error: &#39;isfinite&#39; was not declared in this scope
             if (isfinite(_sat0_))
                                ^
/home/ec2-user/arduino-testlib/cli-datadir/user/libraries/107-Arduino-UAVCAN/src/types/reg/drone/physics/kinematics/cartesian/PointVar_0_1.h:151:32: note: suggested alternative:
In file included from /home/ec2-user/arduino-testlib/cli-datadir/data/packages/esp32/tools/xtensa-esp32-elf-gcc/1.22.0-97-gc752ad5-5.2.0/xtensa-esp32-elf/include/c&#43;&#43;/5.2.0/random:38:0,
                 from /home/ec2-user/arduino-testlib/cli-datadir/data/packages/esp32/tools/xtensa-esp32-elf-gcc/1.22.0-97-gc752ad5-5.2.0/xtensa-esp32-elf/include/c&#43;&#43;/5.2.0/bits/stl_algo.h:66,
                 from /home/ec2-user/arduino-testlib/cli-datadir/data/packages/esp32/tools/xtensa-esp32-elf-gcc/1.22.0-97-gc752ad5-5.2.0/xtensa-esp32-elf/include/c&#43;&#43;/5.2.0/algorithm:62,
                 from /home/ec2-user/arduino-testlib/cli-datadir/data/packages/esp32/hardware/esp32/1.0.6/cores/esp32/Arduino.h:142,
                 from /tmp/arduino-sketch-563F1546550E9CADCF3883EABE80013B/sketch/UAVCAN-Service-Client.ino.cpp:1:
/home/ec2-user/arduino-testlib/cli-datadir/data/packages/esp32/tools/xtensa-esp32-elf-gcc/1.22.0-97-gc752ad5-5.2.0/xtensa-esp32-elf/include/c&#43;&#43;/5.2.0/cmath:596:5: note:   &#39;std::isfinite&#39;
     isfinite(_Tp __x)
     ^
In file included from /home/ec2-user/arduino-testlib/cli-datadir/user/libraries/107-Arduino-UAVCAN/src/wrappers/reg/drone/physics/kinematics/cartesian/PoseVar_0_1.hpp:17:0,
                 from /home/ec2-user/arduino-testlib/cli-datadir/user/libraries/107-Arduino-UAVCAN/src/ArduinoUAVCANTypes.h:36,
                 from /home/ec2-user/arduino-testlib/cli-datadir/user/libraries/107-Arduino-UAVCAN/src/ArduinoUAVCAN.h:24,
                 from /home/ec2-user/arduino-testlib/cli-datadir/user/libraries/107-Arduino-UAVCAN/examples/UAVCAN-Service-Client/UAVCAN-Service-Client.ino:16:
/home/ec2-user/arduino-testlib/cli-datadir/user/libraries/107-Arduino-UAVCAN/src/types/reg/drone/physics/kinematics/cartesian/PoseVar_0_1.h: In function &#39;int8_t reg_drone_physics_kinematics_cartesian_PoseVar_0_1_serialize_(const reg_drone_physics_kinematics_cartesian_PoseVar_0_1*, uint8_t*, size_t*)&#39;:
/home/ec2-user/arduino-testlib/cli-datadir/user/libraries/107-Arduino-UAVCAN/src/types/reg/drone/physics/kinematics/cartesian/PoseVar_0_1.h:151:32: error: &#39;isfinite&#39; was not declared in this scope
             if (isfinite(_sat0_))
                                ^
/home/ec2-user/arduino-testlib/cli-datadir/user/libraries/107-Arduino-UAVCAN/src/types/reg/drone/physics/kinematics/cartesian/PoseVar_0_1.h:151:32: note: suggested alternative:
In file included from /home/ec2-user/arduino-testlib/cli-datadir/data/packages/esp32/tools/xtensa-esp32-elf-gcc/1.22.0-97-gc752ad5-5.2.0/xtensa-esp32-elf/include/c&#43;&#43;/5.2.0/random:38:0,
                 from /home/ec2-user/arduino-testlib/cli-datadir/data/packages/esp32/tools/xtensa-esp32-elf-gcc/1.22.0-97-gc752ad5-5.2.0/xtensa-esp32-elf/include/c&#43;&#43;/5.2.0/bits/stl_algo.h:66,
                 from /home/ec2-user/arduino-testlib/cli-datadir/data/packages/esp32/tools/xtensa-esp32-elf-gcc/1.22.0-97-gc752ad5-5.2.0/xtensa-esp32-elf/include/c&#43;&#43;/5.2.0/algorithm:62,
                 from /home/ec2-user/arduino-testlib/cli-datadir/data/packages/esp32/hardware/esp32/1.0.6/cores/esp32/Arduino.h:142,
                 from /tmp/arduino-sketch-563F1546550E9CADCF3883EABE80013B/sketch/UAVCAN-Service-Client.ino.cpp:1:
/home/ec2-user/arduino-testlib/cli-datadir/data/packages/esp32/tools/xtensa-esp32-elf-gcc/1.22.0-97-gc752ad5-5.2.0/xtensa-esp32-elf/include/c&#43;&#43;/5.2.0/cmath:596:5: note:   &#39;std::isfinite&#39;
     isfinite(_Tp __x)
     ^
In file included from /home/ec2-user/arduino-testlib/cli-datadir/user/libraries/107-Arduino-UAVCAN/src/types/reg/drone/physics/kinematics/cartesian/StateVar_0_1.h:39:0,
                 from /home/ec2-user/arduino-testlib/cli-datadir/user/libraries/107-Arduino-UAVCAN/src/types/reg/drone/physics/kinematics/cartesian/StateVarTs_0_1.h:38,
                 from /home/ec2-user/arduino-testlib/cli-datadir/user/libraries/107-Arduino-UAVCAN/src/wrappers/reg/drone/physics/kinematics/cartesian/StateVarTs_0_1.hpp:17,
                 from /home/ec2-user/arduino-testlib/cli-datadir/user/libraries/107-Arduino-UAVCAN/src/ArduinoUAVCANTypes.h:38,
                 from /home/ec2-user/arduino-testlib/cli-datadir/user/libraries/107-Arduino-UAVCAN/src/ArduinoUAVCAN.h:24,
                 from /home/ec2-user/arduino-testlib/cli-datadir/user/libraries/107-Arduino-UAVCAN/examples/UAVCAN-Service-Client/UAVCAN-Service-Client.ino:16:
/home/ec2-user/arduino-testlib/cli-datadir/user/libraries/107-Arduino-UAVCAN/src/types/reg/drone/physics/kinematics/cartesian/TwistVar_0_1.h: In function &#39;int8_t reg_drone_physics_kinematics_cartesian_TwistVar_0_1_serialize_(const reg_drone_physics_kinematics_cartesian_TwistVar_0_1*, uint8_t*, size_t*)&#39;:
/home/ec2-user/arduino-testlib/cli-datadir/user/libraries/107-Arduino-UAVCAN/src/types/reg/drone/physics/kinematics/cartesian/TwistVar_0_1.h:151:32: error: &#39;isfinite&#39; was not declared in this scope
             if (isfinite(_sat0_))
                                ^
/home/ec2-user/arduino-testlib/cli-datadir/user/libraries/107-Arduino-UAVCAN/src/types/reg/drone/physics/kinematics/cartesian/TwistVar_0_1.h:151:32: note: suggested alternative:
In file included from /home/ec2-user/arduino-testlib/cli-datadir/data/packages/esp32/tools/xtensa-esp32-elf-gcc/1.22.0-97-gc752ad5-5.2.0/xtensa-esp32-elf/include/c&#43;&#43;/5.2.0/random:38:0,
                 from /home/ec2-user/arduino-testlib/cli-datadir/data/packages/esp32/tools/xtensa-esp32-elf-gcc/1.22.0-97-gc752ad5-5.2.0/xtensa-esp32-elf/include/c&#43;&#43;/5.2.0/bits/stl_algo.h:66,
                 from /home/ec2-user/arduino-testlib/cli-datadir/data/packages/esp32/tools/xtensa-esp32-elf-gcc/1.22.0-97-gc752ad5-5.2.0/xtensa-esp32-elf/include/c&#43;&#43;/5.2.0/algorithm:62,
                 from /home/ec2-user/arduino-testlib/cli-datadir/data/packages/esp32/hardware/esp32/1.0.6/cores/esp32/Arduino.h:142,
                 from /tmp/arduino-sketch-563F1546550E9CADCF3883EABE80013B/sketch/UAVCAN-Service-Client.ino.cpp:1:
/home/ec2-user/arduino-testlib/cli-datadir/data/packages/esp32/tools/xtensa-esp32-elf-gcc/1.22.0-97-gc752ad5-5.2.0/xtensa-esp32-elf/include/c&#43;&#43;/5.2.0/cmath:596:5: note:   &#39;std::isfinite&#39;
     isfinite(_Tp __x)
     ^
In file included from /home/ec2-user/arduino-testlib/cli-datadir/user/libraries/107-Arduino-UAVCAN/src/types/reg/drone/physics/kinematics/cartesian/PointStateVar_0_1.h:39:0,
                 from /home/ec2-user/arduino-testlib/cli-datadir/user/libraries/107-Arduino-UAVCAN/src/wrappers/reg/drone/physics/kinematics/cartesian/PointStateVarTs_0_1.hpp:17,
                 from /home/ec2-user/arduino-testlib/cli-datadir/user/libraries/107-Arduino-UAVCAN/src/ArduinoUAVCANTypes.h:41,
                 from /home/ec2-user/arduino-testlib/cli-datadir/user/libraries/107-Arduino-UAVCAN/src/ArduinoUAVCAN.h:24,
                 from /home/ec2-user/arduino-testlib/cli-datadir/user/libraries/107-Arduino-UAVCAN/examples/UAVCAN-Service-Client/UAVCAN-Service-Client.ino:16:
/home/ec2-user/arduino-testlib/cli-datadir/user/libraries/107-Arduino-UAVCAN/src/types/reg/drone/physics/kinematics/translation/Velocity3Var_0_2.h: In function &#39;int8_t reg_drone_physics_kinematics_translation_Velocity3Var_0_2_serialize_(const reg_drone_physics_kinematics_translation_Velocity3Var_0_2*, uint8_t*, size_t*)&#39;:
/home/ec2-user/arduino-testlib/cli-datadir/user/libraries/107-Arduino-UAVCAN/src/types/reg/drone/physics/kinematics/translation/Velocity3Var_0_2.h:151:32: error: &#39;isfinite&#39; was not declared in this scope
             if (isfinite(_sat0_))
                                ^
/home/ec2-user/arduino-testlib/cli-datadir/user/libraries/107-Arduino-UAVCAN/src/types/reg/drone/physics/kinematics/translation/Velocity3Var_0_2.h:151:32: note: suggested alternative:
In file included from /home/ec2-user/arduino-testlib/cli-datadir/data/packages/esp32/tools/xtensa-esp32-elf-gcc/1.22.0-97-gc752ad5-5.2.0/xtensa-esp32-elf/include/c&#43;&#43;/5.2.0/random:38:0,
                 from /home/ec2-user/arduino-testlib/cli-datadir/data/packages/esp32/tools/xtensa-esp32-elf-gcc/1.22.0-97-gc752ad5-5.2.0/xtensa-esp32-elf/include/c&#43;&#43;/5.2.0/bits/stl_algo.h:66,
                 from /home/ec2-user/arduino-testlib/cli-datadir/data/packages/esp32/tools/xtensa-esp32-elf-gcc/1.22.0-97-gc752ad5-5.2.0/xtensa-esp32-elf/include/c&#43;&#43;/5.2.0/algorithm:62,
                 from /home/ec2-user/arduino-testlib/cli-datadir/data/packages/esp32/hardware/esp32/1.0.6/cores/esp32/Arduino.h:142,
                 from /tmp/arduino-sketch-563F1546550E9CADCF3883EABE80013B/sketch/UAVCAN-Service-Client.ino.cpp:1:
/home/ec2-user/arduino-testlib/cli-datadir/data/packages/esp32/tools/xtensa-esp32-elf-gcc/1.22.0-97-gc752ad5-5.2.0/xtensa-esp32-elf/include/c&#43;&#43;/5.2.0/cmath:596:5: note:   &#39;std::isfinite&#39;
     isfinite(_Tp __x)
     ^
In </pre>
					
					<h4>examples/UAVCAN-Service-Server</h4>
					<p>
						Result: <b>FAIL</b>
					</p>
					<pre class="pre-scrollable">In file included from /home/ec2-user/arduino-testlib/cli-datadir/user/libraries/107-Arduino-UAVCAN/src/wrappers/reg/drone/physics/kinematics/cartesian/PointVar_0_1.hpp:17:0,
                 from /home/ec2-user/arduino-testlib/cli-datadir/user/libraries/107-Arduino-UAVCAN/src/ArduinoUAVCANTypes.h:35,
                 from /home/ec2-user/arduino-testlib/cli-datadir/user/libraries/107-Arduino-UAVCAN/src/ArduinoUAVCAN.h:24,
                 from /home/ec2-user/arduino-testlib/cli-datadir/user/libraries/107-Arduino-UAVCAN/examples/UAVCAN-Service-Server/UAVCAN-Service-Server.ino:16:
/home/ec2-user/arduino-testlib/cli-datadir/user/libraries/107-Arduino-UAVCAN/src/types/reg/drone/physics/kinematics/cartesian/PointVar_0_1.h: In function &#39;int8_t reg_drone_physics_kinematics_cartesian_PointVar_0_1_serialize_(const reg_drone_physics_kinematics_cartesian_PointVar_0_1*, uint8_t*, size_t*)&#39;:
/home/ec2-user/arduino-testlib/cli-datadir/user/libraries/107-Arduino-UAVCAN/src/types/reg/drone/physics/kinematics/cartesian/PointVar_0_1.h:151:32: error: &#39;isfinite&#39; was not declared in this scope
             if (isfinite(_sat0_))
                                ^
/home/ec2-user/arduino-testlib/cli-datadir/user/libraries/107-Arduino-UAVCAN/src/types/reg/drone/physics/kinematics/cartesian/PointVar_0_1.h:151:32: note: suggested alternative:
In file included from /home/ec2-user/arduino-testlib/cli-datadir/data/packages/esp32/tools/xtensa-esp32-elf-gcc/1.22.0-97-gc752ad5-5.2.0/xtensa-esp32-elf/include/c&#43;&#43;/5.2.0/random:38:0,
                 from /home/ec2-user/arduino-testlib/cli-datadir/data/packages/esp32/tools/xtensa-esp32-elf-gcc/1.22.0-97-gc752ad5-5.2.0/xtensa-esp32-elf/include/c&#43;&#43;/5.2.0/bits/stl_algo.h:66,
                 from /home/ec2-user/arduino-testlib/cli-datadir/data/packages/esp32/tools/xtensa-esp32-elf-gcc/1.22.0-97-gc752ad5-5.2.0/xtensa-esp32-elf/include/c&#43;&#43;/5.2.0/algorithm:62,
                 from /home/ec2-user/arduino-testlib/cli-datadir/data/packages/esp32/hardware/esp32/1.0.6/cores/esp32/Arduino.h:142,
                 from /tmp/arduino-sketch-100C48C1A1BF0A781C876807275F1E5E/sketch/UAVCAN-Service-Server.ino.cpp:1:
/home/ec2-user/arduino-testlib/cli-datadir/data/packages/esp32/tools/xtensa-esp32-elf-gcc/1.22.0-97-gc752ad5-5.2.0/xtensa-esp32-elf/include/c&#43;&#43;/5.2.0/cmath:596:5: note:   &#39;std::isfinite&#39;
     isfinite(_Tp __x)
     ^
In file included from /home/ec2-user/arduino-testlib/cli-datadir/user/libraries/107-Arduino-UAVCAN/src/wrappers/reg/drone/physics/kinematics/cartesian/PoseVar_0_1.hpp:17:0,
                 from /home/ec2-user/arduino-testlib/cli-datadir/user/libraries/107-Arduino-UAVCAN/src/ArduinoUAVCANTypes.h:36,
                 from /home/ec2-user/arduino-testlib/cli-datadir/user/libraries/107-Arduino-UAVCAN/src/ArduinoUAVCAN.h:24,
                 from /home/ec2-user/arduino-testlib/cli-datadir/user/libraries/107-Arduino-UAVCAN/examples/UAVCAN-Service-Server/UAVCAN-Service-Server.ino:16:
/home/ec2-user/arduino-testlib/cli-datadir/user/libraries/107-Arduino-UAVCAN/src/types/reg/drone/physics/kinematics/cartesian/PoseVar_0_1.h: In function &#39;int8_t reg_drone_physics_kinematics_cartesian_PoseVar_0_1_serialize_(const reg_drone_physics_kinematics_cartesian_PoseVar_0_1*, uint8_t*, size_t*)&#39;:
/home/ec2-user/arduino-testlib/cli-datadir/user/libraries/107-Arduino-UAVCAN/src/types/reg/drone/physics/kinematics/cartesian/PoseVar_0_1.h:151:32: error: &#39;isfinite&#39; was not declared in this scope
             if (isfinite(_sat0_))
                                ^
/home/ec2-user/arduino-testlib/cli-datadir/user/libraries/107-Arduino-UAVCAN/src/types/reg/drone/physics/kinematics/cartesian/PoseVar_0_1.h:151:32: note: suggested alternative:
In file included from /home/ec2-user/arduino-testlib/cli-datadir/data/packages/esp32/tools/xtensa-esp32-elf-gcc/1.22.0-97-gc752ad5-5.2.0/xtensa-esp32-elf/include/c&#43;&#43;/5.2.0/random:38:0,
                 from /home/ec2-user/arduino-testlib/cli-datadir/data/packages/esp32/tools/xtensa-esp32-elf-gcc/1.22.0-97-gc752ad5-5.2.0/xtensa-esp32-elf/include/c&#43;&#43;/5.2.0/bits/stl_algo.h:66,
                 from /home/ec2-user/arduino-testlib/cli-datadir/data/packages/esp32/tools/xtensa-esp32-elf-gcc/1.22.0-97-gc752ad5-5.2.0/xtensa-esp32-elf/include/c&#43;&#43;/5.2.0/algorithm:62,
                 from /home/ec2-user/arduino-testlib/cli-datadir/data/packages/esp32/hardware/esp32/1.0.6/cores/esp32/Arduino.h:142,
                 from /tmp/arduino-sketch-100C48C1A1BF0A781C876807275F1E5E/sketch/UAVCAN-Service-Server.ino.cpp:1:
/home/ec2-user/arduino-testlib/cli-datadir/data/packages/esp32/tools/xtensa-esp32-elf-gcc/1.22.0-97-gc752ad5-5.2.0/xtensa-esp32-elf/include/c&#43;&#43;/5.2.0/cmath:596:5: note:   &#39;std::isfinite&#39;
     isfinite(_Tp __x)
     ^
In file included from /home/ec2-user/arduino-testlib/cli-datadir/user/libraries/107-Arduino-UAVCAN/src/types/reg/drone/physics/kinematics/cartesian/StateVar_0_1.h:39:0,
                 from /home/ec2-user/arduino-testlib/cli-datadir/user/libraries/107-Arduino-UAVCAN/src/types/reg/drone/physics/kinematics/cartesian/StateVarTs_0_1.h:38,
                 from /home/ec2-user/arduino-testlib/cli-datadir/user/libraries/107-Arduino-UAVCAN/src/wrappers/reg/drone/physics/kinematics/cartesian/StateVarTs_0_1.hpp:17,
                 from /home/ec2-user/arduino-testlib/cli-datadir/user/libraries/107-Arduino-UAVCAN/src/ArduinoUAVCANTypes.h:38,
                 from /home/ec2-user/arduino-testlib/cli-datadir/user/libraries/107-Arduino-UAVCAN/src/ArduinoUAVCAN.h:24,
                 from /home/ec2-user/arduino-testlib/cli-datadir/user/libraries/107-Arduino-UAVCAN/examples/UAVCAN-Service-Server/UAVCAN-Service-Server.ino:16:
/home/ec2-user/arduino-testlib/cli-datadir/user/libraries/107-Arduino-UAVCAN/src/types/reg/drone/physics/kinematics/cartesian/TwistVar_0_1.h: In function &#39;int8_t reg_drone_physics_kinematics_cartesian_TwistVar_0_1_serialize_(const reg_drone_physics_kinematics_cartesian_TwistVar_0_1*, uint8_t*, size_t*)&#39;:
/home/ec2-user/arduino-testlib/cli-datadir/user/libraries/107-Arduino-UAVCAN/src/types/reg/drone/physics/kinematics/cartesian/TwistVar_0_1.h:151:32: error: &#39;isfinite&#39; was not declared in this scope
             if (isfinite(_sat0_))
                                ^
/home/ec2-user/arduino-testlib/cli-datadir/user/libraries/107-Arduino-UAVCAN/src/types/reg/drone/physics/kinematics/cartesian/TwistVar_0_1.h:151:32: note: suggested alternative:
In file included from /home/ec2-user/arduino-testlib/cli-datadir/data/packages/esp32/tools/xtensa-esp32-elf-gcc/1.22.0-97-gc752ad5-5.2.0/xtensa-esp32-elf/include/c&#43;&#43;/5.2.0/random:38:0,
                 from /home/ec2-user/arduino-testlib/cli-datadir/data/packages/esp32/tools/xtensa-esp32-elf-gcc/1.22.0-97-gc752ad5-5.2.0/xtensa-esp32-elf/include/c&#43;&#43;/5.2.0/bits/stl_algo.h:66,
                 from /home/ec2-user/arduino-testlib/cli-datadir/data/packages/esp32/tools/xtensa-esp32-elf-gcc/1.22.0-97-gc752ad5-5.2.0/xtensa-esp32-elf/include/c&#43;&#43;/5.2.0/algorithm:62,
                 from /home/ec2-user/arduino-testlib/cli-datadir/data/packages/esp32/hardware/esp32/1.0.6/cores/esp32/Arduino.h:142,
                 from /tmp/arduino-sketch-100C48C1A1BF0A781C876807275F1E5E/sketch/UAVCAN-Service-Server.ino.cpp:1:
/home/ec2-user/arduino-testlib/cli-datadir/data/packages/esp32/tools/xtensa-esp32-elf-gcc/1.22.0-97-gc752ad5-5.2.0/xtensa-esp32-elf/include/c&#43;&#43;/5.2.0/cmath:596:5: note:   &#39;std::isfinite&#39;
     isfinite(_Tp __x)
     ^
In file included from /home/ec2-user/arduino-testlib/cli-datadir/user/libraries/107-Arduino-UAVCAN/src/types/reg/drone/physics/kinematics/cartesian/PointStateVar_0_1.h:39:0,
                 from /home/ec2-user/arduino-testlib/cli-datadir/user/libraries/107-Arduino-UAVCAN/src/wrappers/reg/drone/physics/kinematics/cartesian/PointStateVarTs_0_1.hpp:17,
                 from /home/ec2-user/arduino-testlib/cli-datadir/user/libraries/107-Arduino-UAVCAN/src/ArduinoUAVCANTypes.h:41,
                 from /home/ec2-user/arduino-testlib/cli-datadir/user/libraries/107-Arduino-UAVCAN/src/ArduinoUAVCAN.h:24,
                 from /home/ec2-user/arduino-testlib/cli-datadir/user/libraries/107-Arduino-UAVCAN/examples/UAVCAN-Service-Server/UAVCAN-Service-Server.ino:16:
/home/ec2-user/arduino-testlib/cli-datadir/user/libraries/107-Arduino-UAVCAN/src/types/reg/drone/physics/kinematics/translation/Velocity3Var_0_2.h: In function &#39;int8_t reg_drone_physics_kinematics_translation_Velocity3Var_0_2_serialize_(const reg_drone_physics_kinematics_translation_Velocity3Var_0_2*, uint8_t*, size_t*)&#39;:
/home/ec2-user/arduino-testlib/cli-datadir/user/libraries/107-Arduino-UAVCAN/src/types/reg/drone/physics/kinematics/translation/Velocity3Var_0_2.h:151:32: error: &#39;isfinite&#39; was not declared in this scope
             if (isfinite(_sat0_))
                                ^
/home/ec2-user/arduino-testlib/cli-datadir/user/libraries/107-Arduino-UAVCAN/src/types/reg/drone/physics/kinematics/translation/Velocity3Var_0_2.h:151:32: note: suggested alternative:
In file included from /home/ec2-user/arduino-testlib/cli-datadir/data/packages/esp32/tools/xtensa-esp32-elf-gcc/1.22.0-97-gc752ad5-5.2.0/xtensa-esp32-elf/include/c&#43;&#43;/5.2.0/random:38:0,
                 from /home/ec2-user/arduino-testlib/cli-datadir/data/packages/esp32/tools/xtensa-esp32-elf-gcc/1.22.0-97-gc752ad5-5.2.0/xtensa-esp32-elf/include/c&#43;&#43;/5.2.0/bits/stl_algo.h:66,
                 from /home/ec2-user/arduino-testlib/cli-datadir/data/packages/esp32/tools/xtensa-esp32-elf-gcc/1.22.0-97-gc752ad5-5.2.0/xtensa-esp32-elf/include/c&#43;&#43;/5.2.0/algorithm:62,
                 from /home/ec2-user/arduino-testlib/cli-datadir/data/packages/esp32/hardware/esp32/1.0.6/cores/esp32/Arduino.h:142,
                 from /tmp/arduino-sketch-100C48C1A1BF0A781C876807275F1E5E/sketch/UAVCAN-Service-Server.ino.cpp:1:
/home/ec2-user/arduino-testlib/cli-datadir/data/packages/esp32/tools/xtensa-esp32-elf-gcc/1.22.0-97-gc752ad5-5.2.0/xtensa-esp32-elf/include/c&#43;&#43;/5.2.0/cmath:596:5: note:   &#39;std::isfinite&#39;
     isfinite(_Tp __x)
     ^
In </pre>
					
					<h4>examples/UAVCAN-ToF-Distance-Sensor-Node</h4>
					<p>
						Result: <b>FAIL</b>
					</p>
					<pre class="pre-scrollable">In file included from /home/ec2-user/arduino-testlib/cli-datadir/user/libraries/107-Arduino-UAVCAN/src/wrappers/reg/drone/physics/kinematics/cartesian/PointVar_0_1.hpp:17:0,
                 from /home/ec2-user/arduino-testlib/cli-datadir/user/libraries/107-Arduino-UAVCAN/src/ArduinoUAVCANTypes.h:35,
                 from /home/ec2-user/arduino-testlib/cli-datadir/user/libraries/107-Arduino-UAVCAN/src/ArduinoUAVCAN.h:24,
                 from /home/ec2-user/arduino-testlib/cli-datadir/user/libraries/107-Arduino-UAVCAN/examples/UAVCAN-ToF-Distance-Sensor-Node/UAVCAN-ToF-Distance-Sensor-Node.ino:19:
/home/ec2-user/arduino-testlib/cli-datadir/user/libraries/107-Arduino-UAVCAN/src/types/reg/drone/physics/kinematics/cartesian/PointVar_0_1.h: In function &#39;int8_t reg_drone_physics_kinematics_cartesian_PointVar_0_1_serialize_(const reg_drone_physics_kinematics_cartesian_PointVar_0_1*, uint8_t*, size_t*)&#39;:
/home/ec2-user/arduino-testlib/cli-datadir/user/libraries/107-Arduino-UAVCAN/src/types/reg/drone/physics/kinematics/cartesian/PointVar_0_1.h:151:32: error: &#39;isfinite&#39; was not declared in this scope
             if (isfinite(_sat0_))
                                ^
/home/ec2-user/arduino-testlib/cli-datadir/user/libraries/107-Arduino-UAVCAN/src/types/reg/drone/physics/kinematics/cartesian/PointVar_0_1.h:151:32: note: suggested alternative:
In file included from /home/ec2-user/arduino-testlib/cli-datadir/data/packages/esp32/tools/xtensa-esp32-elf-gcc/1.22.0-97-gc752ad5-5.2.0/xtensa-esp32-elf/include/c&#43;&#43;/5.2.0/random:38:0,
                 from /home/ec2-user/arduino-testlib/cli-datadir/data/packages/esp32/tools/xtensa-esp32-elf-gcc/1.22.0-97-gc752ad5-5.2.0/xtensa-esp32-elf/include/c&#43;&#43;/5.2.0/bits/stl_algo.h:66,
                 from /home/ec2-user/arduino-testlib/cli-datadir/data/packages/esp32/tools/xtensa-esp32-elf-gcc/1.22.0-97-gc752ad5-5.2.0/xtensa-esp32-elf/include/c&#43;&#43;/5.2.0/algorithm:62,
                 from /home/ec2-user/arduino-testlib/cli-datadir/data/packages/esp32/hardware/esp32/1.0.6/cores/esp32/Arduino.h:142,
                 from /tmp/arduino-sketch-27DF493C871513ED2740F11DE5CD490D/sketch/UAVCAN-ToF-Distance-Sensor-Node.ino.cpp:1:
/home/ec2-user/arduino-testlib/cli-datadir/data/packages/esp32/tools/xtensa-esp32-elf-gcc/1.22.0-97-gc752ad5-5.2.0/xtensa-esp32-elf/include/c&#43;&#43;/5.2.0/cmath:596:5: note:   &#39;std::isfinite&#39;
     isfinite(_Tp __x)
     ^
In file included from /home/ec2-user/arduino-testlib/cli-datadir/user/libraries/107-Arduino-UAVCAN/src/wrappers/reg/drone/physics/kinematics/cartesian/PoseVar_0_1.hpp:17:0,
                 from /home/ec2-user/arduino-testlib/cli-datadir/user/libraries/107-Arduino-UAVCAN/src/ArduinoUAVCANTypes.h:36,
                 from /home/ec2-user/arduino-testlib/cli-datadir/user/libraries/107-Arduino-UAVCAN/src/ArduinoUAVCAN.h:24,
                 from /home/ec2-user/arduino-testlib/cli-datadir/user/libraries/107-Arduino-UAVCAN/examples/UAVCAN-ToF-Distance-Sensor-Node/UAVCAN-ToF-Distance-Sensor-Node.ino:19:
/home/ec2-user/arduino-testlib/cli-datadir/user/libraries/107-Arduino-UAVCAN/src/types/reg/drone/physics/kinematics/cartesian/PoseVar_0_1.h: In function &#39;int8_t reg_drone_physics_kinematics_cartesian_PoseVar_0_1_serialize_(const reg_drone_physics_kinematics_cartesian_PoseVar_0_1*, uint8_t*, size_t*)&#39;:
/home/ec2-user/arduino-testlib/cli-datadir/user/libraries/107-Arduino-UAVCAN/src/types/reg/drone/physics/kinematics/cartesian/PoseVar_0_1.h:151:32: error: &#39;isfinite&#39; was not declared in this scope
             if (isfinite(_sat0_))
                                ^
/home/ec2-user/arduino-testlib/cli-datadir/user/libraries/107-Arduino-UAVCAN/src/types/reg/drone/physics/kinematics/cartesian/PoseVar_0_1.h:151:32: note: suggested alternative:
In file included from /home/ec2-user/arduino-testlib/cli-datadir/data/packages/esp32/tools/xtensa-esp32-elf-gcc/1.22.0-97-gc752ad5-5.2.0/xtensa-esp32-elf/include/c&#43;&#43;/5.2.0/random:38:0,
                 from /home/ec2-user/arduino-testlib/cli-datadir/data/packages/esp32/tools/xtensa-esp32-elf-gcc/1.22.0-97-gc752ad5-5.2.0/xtensa-esp32-elf/include/c&#43;&#43;/5.2.0/bits/stl_algo.h:66,
                 from /home/ec2-user/arduino-testlib/cli-datadir/data/packages/esp32/tools/xtensa-esp32-elf-gcc/1.22.0-97-gc752ad5-5.2.0/xtensa-esp32-elf/include/c&#43;&#43;/5.2.0/algorithm:62,
                 from /home/ec2-user/arduino-testlib/cli-datadir/data/packages/esp32/hardware/esp32/1.0.6/cores/esp32/Arduino.h:142,
                 from /tmp/arduino-sketch-27DF493C871513ED2740F11DE5CD490D/sketch/UAVCAN-ToF-Distance-Sensor-Node.ino.cpp:1:
/home/ec2-user/arduino-testlib/cli-datadir/data/packages/esp32/tools/xtensa-esp32-elf-gcc/1.22.0-97-gc752ad5-5.2.0/xtensa-esp32-elf/include/c&#43;&#43;/5.2.0/cmath:596:5: note:   &#39;std::isfinite&#39;
     isfinite(_Tp __x)
     ^
In file included from /home/ec2-user/arduino-testlib/cli-datadir/user/libraries/107-Arduino-UAVCAN/src/types/reg/drone/physics/kinematics/cartesian/StateVar_0_1.h:39:0,
                 from /home/ec2-user/arduino-testlib/cli-datadir/user/libraries/107-Arduino-UAVCAN/src/types/reg/drone/physics/kinematics/cartesian/StateVarTs_0_1.h:38,
                 from /home/ec2-user/arduino-testlib/cli-datadir/user/libraries/107-Arduino-UAVCAN/src/wrappers/reg/drone/physics/kinematics/cartesian/StateVarTs_0_1.hpp:17,
                 from /home/ec2-user/arduino-testlib/cli-datadir/user/libraries/107-Arduino-UAVCAN/src/ArduinoUAVCANTypes.h:38,
                 from /home/ec2-user/arduino-testlib/cli-datadir/user/libraries/107-Arduino-UAVCAN/src/ArduinoUAVCAN.h:24,
                 from /home/ec2-user/arduino-testlib/cli-datadir/user/libraries/107-Arduino-UAVCAN/examples/UAVCAN-ToF-Distance-Sensor-Node/UAVCAN-ToF-Distance-Sensor-Node.ino:19:
/home/ec2-user/arduino-testlib/cli-datadir/user/libraries/107-Arduino-UAVCAN/src/types/reg/drone/physics/kinematics/cartesian/TwistVar_0_1.h: In function &#39;int8_t reg_drone_physics_kinematics_cartesian_TwistVar_0_1_serialize_(const reg_drone_physics_kinematics_cartesian_TwistVar_0_1*, uint8_t*, size_t*)&#39;:
/home/ec2-user/arduino-testlib/cli-datadir/user/libraries/107-Arduino-UAVCAN/src/types/reg/drone/physics/kinematics/cartesian/TwistVar_0_1.h:151:32: error: &#39;isfinite&#39; was not declared in this scope
             if (isfinite(_sat0_))
                                ^
/home/ec2-user/arduino-testlib/cli-datadir/user/libraries/107-Arduino-UAVCAN/src/types/reg/drone/physics/kinematics/cartesian/TwistVar_0_1.h:151:32: note: suggested alternative:
In file included from /home/ec2-user/arduino-testlib/cli-datadir/data/packages/esp32/tools/xtensa-esp32-elf-gcc/1.22.0-97-gc752ad5-5.2.0/xtensa-esp32-elf/include/c&#43;&#43;/5.2.0/random:38:0,
                 from /home/ec2-user/arduino-testlib/cli-datadir/data/packages/esp32/tools/xtensa-esp32-elf-gcc/1.22.0-97-gc752ad5-5.2.0/xtensa-esp32-elf/include/c&#43;&#43;/5.2.0/bits/stl_algo.h:66,
                 from /home/ec2-user/arduino-testlib/cli-datadir/data/packages/esp32/tools/xtensa-esp32-elf-gcc/1.22.0-97-gc752ad5-5.2.0/xtensa-esp32-elf/include/c&#43;&#43;/5.2.0/algorithm:62,
                 from /home/ec2-user/arduino-testlib/cli-datadir/data/packages/esp32/hardware/esp32/1.0.6/cores/esp32/Arduino.h:142,
                 from /tmp/arduino-sketch-27DF493C871513ED2740F11DE5CD490D/sketch/UAVCAN-ToF-Distance-Sensor-Node.ino.cpp:1:
/home/ec2-user/arduino-testlib/cli-datadir/data/packages/esp32/tools/xtensa-esp32-elf-gcc/1.22.0-97-gc752ad5-5.2.0/xtensa-esp32-elf/include/c&#43;&#43;/5.2.0/cmath:596:5: note:   &#39;std::isfinite&#39;
     isfinite(_Tp __x)
     ^
In file included from /home/ec2-user/arduino-testlib/cli-datadir/user/libraries/107-Arduino-UAVCAN/src/types/reg/drone/physics/kinematics/cartesian/PointStateVar_0_1.h:39:0,
                 from /home/ec2-user/arduino-testlib/cli-datadir/user/libraries/107-Arduino-UAVCAN/src/wrappers/reg/drone/physics/kinematics/cartesian/PointStateVarTs_0_1.hpp:17,
                 from /home/ec2-user/arduino-testlib/cli-datadir/user/libraries/107-Arduino-UAVCAN/src/ArduinoUAVCANTypes.h:41,
                 from /home/ec2-user/arduino-testlib/cli-datadir/user/libraries/107-Arduino-UAVCAN/src/ArduinoUAVCAN.h:24,
                 from /home/ec2-user/arduino-testlib/cli-datadir/user/libraries/107-Arduino-UAVCAN/examples/UAVCAN-ToF-Distance-Sensor-Node/UAVCAN-ToF-Distance-Sensor-Node.ino:19:
/home/ec2-user/arduino-testlib/cli-datadir/user/libraries/107-Arduino-UAVCAN/src/types/reg/drone/physics/kinematics/translation/Velocity3Var_0_2.h: In function &#39;int8_t reg_drone_physics_kinematics_translation_Velocity3Var_0_2_serialize_(const reg_drone_physics_kinematics_translation_Velocity3Var_0_2*, uint8_t*, size_t*)&#39;:
/home/ec2-user/arduino-testlib/cli-datadir/user/libraries/107-Arduino-UAVCAN/src/types/reg/drone/physics/kinematics/translation/Velocity3Var_0_2.h:151:32: error: &#39;isfinite&#39; was not declared in this scope
             if (isfinite(_sat0_))
                                ^
/home/ec2-user/arduino-testlib/cli-datadir/user/libraries/107-Arduino-UAVCAN/src/types/reg/drone/physics/kinematics/translation/Velocity3Var_0_2.h:151:32: note: suggested alternative:
In file included from /home/ec2-user/arduino-testlib/cli-datadir/data/packages/esp32/tools/xtensa-esp32-elf-gcc/1.22.0-97-gc752ad5-5.2.0/xtensa-esp32-elf/include/c&#43;&#43;/5.2.0/random:38:0,
                 from /home/ec2-user/arduino-testlib/cli-datadir/data/packages/esp32/tools/xtensa-esp32-elf-gcc/1.22.0-97-gc752ad5-5.2.0/xtensa-esp32-elf/include/c&#43;&#43;/5.2.0/bits/stl_algo.h:66,
                 from /home/ec2-user/arduino-testlib/cli-datadir/data/packages/esp32/tools/xtensa-esp32-elf-gcc/1.22.0-97-gc752ad5-5.2.0/xtensa-esp32-elf/include/c&#43;&#43;/5.2.0/algorithm:62,
                 from /home/ec2-user/arduino-testlib/cli-datadir/data/packages/esp32/hardware/esp32/1.0.6/cores/esp32/Arduino.h:142,
                 from /tmp/arduino-sketch-27DF493C871513ED2740F11DE5CD490D/sketch/UAVCAN-ToF-Distance-Sensor-Node.ino.cpp:1:
/home/ec2-user/arduino-testlib/cli-datadir/data/packages/esp32/tools/xtensa-esp32-elf-gcc/1.22.0-97-</pre>
					
				
			</div>
		</div>
	</div>
  </body>
</html>
