
<!doctype html>
<html lang="en">
  <head>
    <meta charset="utf-8">
    <meta name="viewport" content="width=device-width, initial-scale=1">
    <link href="https://cdn.jsdelivr.net/npm/bootstrap@5.0.2/dist/css/bootstrap.min.css" rel="stylesheet" integrity="sha384-EVSTQN3/azprG1Anm3QDgpJLIm9Nao0Yz1ztcQTwFspd3yD65VohhpuuCOmLASjC" crossorigin="anonymous">
    <title>arduino-testlib report</title>
	<style>
	.pass { background-color: #00FF00 !important; }
	.fail { background-color: #FF0000 !important; }
	</style>
  </head>
  <body>
	<div class="container">
		<div class="row">
			<div class="col">
				<h1>ACAN2515Tiny - compatibility matrix</h1>
				<p>
					<small>This report was generated on Monday, 21-Feb-22 12:00:25 CET using 
					<a href="https://github.com/alranel/arduino-testlib">arduino-testlib</a>.</small>
				</p>

				<h2>ACAN2515Tiny</h2>
				<p>
					Version: <b>1.0.5</b>
					<br />
					<a href="https://www.arduino.cc/reference/en/libraries/acan2515tiny/">More details</a>
				</p>

				<h2>Compatibility matrix</h2>
				<table class="table table-bordered">
					<tr>
						<th>Board</th>
						<th>Claims compatibility</th>
						<th>Inclusion</th>
						
						<th><pre>TinyLoopBackDemo</pre></th>
						
						<th><pre>TinyLoopBackDemoAdafruitFeatherM0</pre></th>
						
						<th><pre>TinyLoopBackDemoBitRateSettings</pre></th>
						
						<th><pre>TinyLoopBackDemoTeensy3x</pre></th>
						
						<th><pre>TinyLoopBackFilterDataByte</pre></th>
						
						<th><pre>TinyLoopBackUsingFilters</pre></th>
						
						<th><pre>TinyTestWithACAN</pre></th>
						
					</tr>
					
					<tr>
						<td>
							<a href="#arduino%3aavr%3auno"><b>arduino:avr:uno</b></a>
							<br />
							<small>1.8.4</small>
						</td>

						
							<td>Yes</td>
							<td class="pass">PASS</td>
						
						
						
						

						
							
								
									
										
											<td class="pass">PASS</td>
											
										
									
										
									
										
									
										
									
										
									
										
									
										
									
								
							
								
							
								
							
								
							
								
							
						
							
								
									
										
									
										
											
											<td class="fail">FAIL</td>
										
									
										
									
										
									
										
									
										
									
										
									
								
							
								
							
								
							
								
							
								
							
						
							
								
									
										
									
										
									
										
											<td class="pass">PASS</td>
											
										
									
										
									
										
									
										
									
										
									
								
							
								
							
								
							
								
							
								
							
						
							
								
									
										
									
										
									
										
									
										
											
											<td class="fail">FAIL</td>
										
									
										
									
										
									
										
									
								
							
								
							
								
							
								
							
								
							
						
							
								
									
										
									
										
									
										
									
										
									
										
											
											<td class="fail">FAIL</td>
										
									
										
									
										
									
								
							
								
							
								
							
								
							
								
							
						
							
								
									
										
									
										
									
										
									
										
									
										
									
										
											
											<td class="fail">FAIL</td>
										
									
										
									
								
							
								
							
								
							
								
							
								
							
						
							
								
									
										
									
										
									
										
									
										
									
										
									
										
									
										
											
											<td class="fail">FAIL</td>
										
									
								
							
								
							
								
							
								
							
								
							
						
					</tr>
					
					<tr>
						<td>
							<a href="#arduino%3ambed_nano%3ananorp2040connect"><b>arduino:mbed_nano:nanorp2040connect</b></a>
							<br />
							<small>2.7.2</small>
						</td>

						
							<td>Yes</td>
							<td class="pass">PASS</td>
						
						
						
						

						
							
								
							
								
									
										
											<td class="pass">PASS</td>
											
										
									
										
									
										
									
										
									
										
									
										
									
										
									
								
							
								
							
								
							
								
							
						
							
								
							
								
									
										
									
										
											
											<td class="fail">FAIL</td>
										
									
										
									
										
									
										
									
										
									
										
									
								
							
								
							
								
							
								
							
						
							
								
							
								
									
										
									
										
									
										
											<td class="pass">PASS</td>
											
										
									
										
									
										
									
										
									
										
									
								
							
								
							
								
							
								
							
						
							
								
							
								
									
										
									
										
									
										
									
										
											
											<td class="fail">FAIL</td>
										
									
										
									
										
									
										
									
								
							
								
							
								
							
								
							
						
							
								
							
								
									
										
									
										
									
										
									
										
									
										
											
											<td class="fail">FAIL</td>
										
									
										
									
										
									
								
							
								
							
								
							
								
							
						
							
								
							
								
									
										
									
										
									
										
									
										
									
										
									
										
											
											<td class="fail">FAIL</td>
										
									
										
									
								
							
								
							
								
							
								
							
						
							
								
							
								
									
										
									
										
									
										
									
										
									
										
									
										
									
										
											
											<td class="fail">FAIL</td>
										
									
								
							
								
							
								
							
								
							
						
					</tr>
					
					<tr>
						<td>
							<a href="#arduino%3amegaavr%3anona4809"><b>arduino:megaavr:nona4809</b></a>
							<br />
							<small>1.8.7</small>
						</td>

						
							<td>Yes</td>
							<td class="pass">PASS</td>
						
						
						
						

						
							
								
							
								
							
								
									
										
											<td class="pass">PASS</td>
											
										
									
										
									
										
									
										
									
										
									
										
									
										
									
								
							
								
							
								
							
						
							
								
							
								
							
								
									
										
									
										
											
											<td class="fail">FAIL</td>
										
									
										
									
										
									
										
									
										
									
										
									
								
							
								
							
								
							
						
							
								
							
								
							
								
									
										
									
										
									
										
											<td class="pass">PASS</td>
											
										
									
										
									
										
									
										
									
										
									
								
							
								
							
								
							
						
							
								
							
								
							
								
									
										
									
										
									
										
									
										
											
											<td class="fail">FAIL</td>
										
									
										
									
										
									
										
									
								
							
								
							
								
							
						
							
								
							
								
							
								
									
										
									
										
									
										
									
										
									
										
											
											<td class="fail">FAIL</td>
										
									
										
									
										
									
								
							
								
							
								
							
						
							
								
							
								
							
								
									
										
									
										
									
										
									
										
									
										
									
										
											
											<td class="fail">FAIL</td>
										
									
										
									
								
							
								
							
								
							
						
							
								
							
								
							
								
									
										
									
										
									
										
									
										
									
										
									
										
									
										
											
											<td class="fail">FAIL</td>
										
									
								
							
								
							
								
							
						
					</tr>
					
					<tr>
						<td>
							<a href="#arduino%3asamd%3amkrwifi1010"><b>arduino:samd:mkrwifi1010</b></a>
							<br />
							<small>1.8.12</small>
						</td>

						
							<td>Yes</td>
							<td class="pass">PASS</td>
						
						
						
						

						
							
								
							
								
							
								
							
								
									
										
											<td class="pass">PASS</td>
											
										
									
										
									
										
									
										
									
										
									
										
									
										
									
								
							
								
							
						
							
								
							
								
							
								
							
								
									
										
									
										
											
											<td class="fail">FAIL</td>
										
									
										
									
										
									
										
									
										
									
										
									
								
							
								
							
						
							
								
							
								
							
								
							
								
									
										
									
										
									
										
											<td class="pass">PASS</td>
											
										
									
										
									
										
									
										
									
										
									
								
							
								
							
						
							
								
							
								
							
								
							
								
									
										
									
										
									
										
									
										
											
											<td class="fail">FAIL</td>
										
									
										
									
										
									
										
									
								
							
								
							
						
							
								
							
								
							
								
							
								
									
										
									
										
									
										
									
										
									
										
											
											<td class="fail">FAIL</td>
										
									
										
									
										
									
								
							
								
							
						
							
								
							
								
							
								
							
								
									
										
									
										
									
										
									
										
									
										
									
										
											
											<td class="fail">FAIL</td>
										
									
										
									
								
							
								
							
						
							
								
							
								
							
								
							
								
									
										
									
										
									
										
									
										
									
										
									
										
									
										
											
											<td class="fail">FAIL</td>
										
									
								
							
								
							
						
					</tr>
					
					<tr>
						<td>
							<a href="#esp32%3aesp32%3ad1_mini32"><b>esp32:esp32:d1_mini32</b></a>
							<br />
							<small>1.0.6</small>
						</td>

						
						
						
							<td>Yes ⚠️</td>
							<td class="fail">FAIL</td>
						
						

						
							
								
							
								
							
								
							
								
							
								
									
										
											
											<td class="fail">FAIL</td>
										
									
										
									
										
									
										
									
										
									
										
									
										
									
								
							
						
							
								
							
								
							
								
							
								
							
								
									
										
									
										
											
											<td class="fail">FAIL</td>
										
									
										
									
										
									
										
									
										
									
										
									
								
							
						
							
								
							
								
							
								
							
								
							
								
									
										
									
										
									
										
											
											<td class="fail">FAIL</td>
										
									
										
									
										
									
										
									
										
									
								
							
						
							
								
							
								
							
								
							
								
							
								
									
										
									
										
									
										
									
										
											
											<td class="fail">FAIL</td>
										
									
										
									
										
									
										
									
								
							
						
							
								
							
								
							
								
							
								
							
								
									
										
									
										
									
										
									
										
									
										
											
											<td class="fail">FAIL</td>
										
									
										
									
										
									
								
							
						
							
								
							
								
							
								
							
								
							
								
									
										
									
										
									
										
									
										
									
										
									
										
											
											<td class="fail">FAIL</td>
										
									
										
									
								
							
						
							
								
							
								
							
								
							
								
							
								
									
										
									
										
									
										
									
										
									
										
									
										
									
										
											
											<td class="fail">FAIL</td>
										
									
								
							
						
					</tr>
					
				</table>

				<h2>Compilation logs</h2>
				
				<h3 id="arduino:avr:uno">arduino:avr:uno @ 1.8.4</h3>
				<h4>Inclusion</h4>
				<p>
					Result: <b>PASS</b>
					
				</p>
				<pre class="pre-scrollable">Sketch uses 628 bytes (1%) of program storage space. Maximum is 32256 bytes.
Global variables use 13 bytes (0%) of dynamic memory, leaving 2035 bytes for local variables. Maximum is 2048 bytes.
</pre>

					
					<h4>examples/TinyLoopBackDemo</h4>
					<p>
						Result: <b>PASS</b>
					</p>
					<pre class="pre-scrollable">Sketch uses 7134 bytes (22%) of program storage space. Maximum is 32256 bytes.
Global variables use 494 bytes (24%) of dynamic memory, leaving 1554 bytes for local variables. Maximum is 2048 bytes.
</pre>
					
					<h4>examples/TinyLoopBackDemoAdafruitFeatherM0</h4>
					<p>
						Result: <b>FAIL</b>
					</p>
					<pre class="pre-scrollable">/Users/alranel/Documents/git/arduino/arduino-testlib/cli-datadir/user/libraries/ACAN2515Tiny/examples/TinyLoopBackDemoAdafruitFeatherM0/TinyLoopBackDemoAdafruitFeatherM0.ino:25:18: error: &#39;sercom1&#39; was not declared in this scope
 SPIClass mySPI (&amp;sercom1, MCP2515_SO, MCP2515_SI, MCP2515_SCK, SPI_PAD_0_SCK_3, SERCOM_RX_PAD_2);
                  ^~~~~~~
/Users/alranel/Documents/git/arduino/arduino-testlib/cli-datadir/user/libraries/ACAN2515Tiny/examples/TinyLoopBackDemoAdafruitFeatherM0/TinyLoopBackDemoAdafruitFeatherM0.ino:25:18: note: suggested alternative: &#39;strcoll&#39;
 SPIClass mySPI (&amp;sercom1, MCP2515_SO, MCP2515_SI, MCP2515_SCK, SPI_PAD_0_SCK_3, SERCOM_RX_PAD_2);
                  ^~~~~~~
                  strcoll
/Users/alranel/Documents/git/arduino/arduino-testlib/cli-datadir/user/libraries/ACAN2515Tiny/examples/TinyLoopBackDemoAdafruitFeatherM0/TinyLoopBackDemoAdafruitFeatherM0.ino:25:64: error: &#39;SPI_PAD_0_SCK_3&#39; was not declared in this scope
 SPIClass mySPI (&amp;sercom1, MCP2515_SO, MCP2515_SI, MCP2515_SCK, SPI_PAD_0_SCK_3, SERCOM_RX_PAD_2);
                                                                ^~~~~~~~~~~~~~~
/Users/alranel/Documents/git/arduino/arduino-testlib/cli-datadir/user/libraries/ACAN2515Tiny/examples/TinyLoopBackDemoAdafruitFeatherM0/TinyLoopBackDemoAdafruitFeatherM0.ino:25:81: error: &#39;SERCOM_RX_PAD_2&#39; was not declared in this scope
 SPIClass mySPI (&amp;sercom1, MCP2515_SO, MCP2515_SI, MCP2515_SCK, SPI_PAD_0_SCK_3, SERCOM_RX_PAD_2);
                                                                                 ^~~~~~~~~~~~~~~
/Users/alranel/Documents/git/arduino/arduino-testlib/cli-datadir/user/libraries/ACAN2515Tiny/examples/TinyLoopBackDemoAdafruitFeatherM0/TinyLoopBackDemoAdafruitFeatherM0.ino: In function &#39;void setup()&#39;:
/Users/alranel/Documents/git/arduino/arduino-testlib/cli-datadir/user/libraries/ACAN2515Tiny/examples/TinyLoopBackDemoAdafruitFeatherM0/TinyLoopBackDemoAdafruitFeatherM0.ino:60:30: error: &#39;PIO_SERCOM&#39; was not declared in this scope
   pinPeripheral (MCP2515_SI, PIO_SERCOM);
                              ^~~~~~~~~~
/Users/alranel/Documents/git/arduino/arduino-testlib/cli-datadir/user/libraries/ACAN2515Tiny/examples/TinyLoopBackDemoAdafruitFeatherM0/TinyLoopBackDemoAdafruitFeatherM0.ino:60:3: error: &#39;pinPeripheral&#39; was not declared in this scope
   pinPeripheral (MCP2515_SI, PIO_SERCOM);
   ^~~~~~~~~~~~~

</pre>
					
					<h4>examples/TinyLoopBackDemoBitRateSettings</h4>
					<p>
						Result: <b>PASS</b>
					</p>
					<pre class="pre-scrollable">Sketch uses 6004 bytes (18%) of program storage space. Maximum is 32256 bytes.
Global variables use 492 bytes (24%) of dynamic memory, leaving 1556 bytes for local variables. Maximum is 2048 bytes.
</pre>
					
					<h4>examples/TinyLoopBackDemoTeensy3x</h4>
					<p>
						Result: <b>FAIL</b>
					</p>
					<pre class="pre-scrollable">/Users/alranel/Documents/git/arduino/arduino-testlib/cli-datadir/user/libraries/ACAN2515Tiny/examples/TinyLoopBackDemoTeensy3x/TinyLoopBackDemoTeensy3x.ino: In function &#39;void setup()&#39;:
/Users/alranel/Documents/git/arduino/arduino-testlib/cli-datadir/user/libraries/ACAN2515Tiny/examples/TinyLoopBackDemoTeensy3x/TinyLoopBackDemoTeensy3x.ino:57:23: error: &#39;class SPIClass&#39; has no member named &#39;pinIsMOSI&#39;
   Serial.println (SPI.pinIsMOSI (MCP2515_SI) ? &#34;yes&#34; : &#34;NO!!!&#34;) ;
                       ^~~~~~~~~
/Users/alranel/Documents/git/arduino/arduino-testlib/cli-datadir/user/libraries/ACAN2515Tiny/examples/TinyLoopBackDemoTeensy3x/TinyLoopBackDemoTeensy3x.ino:61:23: error: &#39;class SPIClass&#39; has no member named &#39;pinIsMISO&#39;
   Serial.println (SPI.pinIsMISO (MCP2515_SO) ? &#34;yes&#34; : &#34;NO!!!&#34;) ;
                       ^~~~~~~~~
/Users/alranel/Documents/git/arduino/arduino-testlib/cli-datadir/user/libraries/ACAN2515Tiny/examples/TinyLoopBackDemoTeensy3x/TinyLoopBackDemoTeensy3x.ino:65:23: error: &#39;class SPIClass&#39; has no member named &#39;pinIsSCK&#39;
   Serial.println (SPI.pinIsSCK (MCP2515_SCK) ? &#34;yes&#34; : &#34;NO!!!&#34;) ;
                       ^~~~~~~~
/Users/alranel/Documents/git/arduino/arduino-testlib/cli-datadir/user/libraries/ACAN2515Tiny/examples/TinyLoopBackDemoTeensy3x/TinyLoopBackDemoTeensy3x.ino:66:7: error: &#39;class SPIClass&#39; has no member named &#39;setMOSI&#39;
   SPI.setMOSI (MCP2515_SI) ;
       ^~~~~~~
/Users/alranel/Documents/git/arduino/arduino-testlib/cli-datadir/user/libraries/ACAN2515Tiny/examples/TinyLoopBackDemoTeensy3x/TinyLoopBackDemoTeensy3x.ino:67:7: error: &#39;class SPIClass&#39; has no member named &#39;setMISO&#39;
   SPI.setMISO (MCP2515_SO) ;
       ^~~~~~~
/Users/alranel/Documents/git/arduino/arduino-testlib/cli-datadir/user/libraries/ACAN2515Tiny/examples/TinyLoopBackDemoTeensy3x/TinyLoopBackDemoTeensy3x.ino:68:7: error: &#39;class SPIClass&#39; has no member named &#39;setSCK&#39;
   SPI.setSCK (MCP2515_SCK) ;
       ^~~~~~

</pre>
					
					<h4>examples/TinyLoopBackFilterDataByte</h4>
					<p>
						Result: <b>FAIL</b>
					</p>
					<pre class="pre-scrollable">/Users/alranel/Documents/git/arduino/arduino-testlib/cli-datadir/user/libraries/ACAN2515Tiny/examples/TinyLoopBackFilterDataByte/TinyLoopBackFilterDataByte.ino: In function &#39;void setup()&#39;:
/Users/alranel/Documents/git/arduino/arduino-testlib/cli-datadir/user/libraries/ACAN2515Tiny/examples/TinyLoopBackFilterDataByte/TinyLoopBackFilterDataByte.ino:72:7: error: &#39;class SPIClass&#39; has no member named &#39;setMOSI&#39;
   SPI.setMOSI (MCP2515_SI) ;
       ^~~~~~~
/Users/alranel/Documents/git/arduino/arduino-testlib/cli-datadir/user/libraries/ACAN2515Tiny/examples/TinyLoopBackFilterDataByte/TinyLoopBackFilterDataByte.ino:73:7: error: &#39;class SPIClass&#39; has no member named &#39;setMISO&#39;
   SPI.setMISO (MCP2515_SO) ;
       ^~~~~~~
/Users/alranel/Documents/git/arduino/arduino-testlib/cli-datadir/user/libraries/ACAN2515Tiny/examples/TinyLoopBackFilterDataByte/TinyLoopBackFilterDataByte.ino:74:7: error: &#39;class SPIClass&#39; has no member named &#39;setSCK&#39;
   SPI.setSCK (MCP2515_SCK) ;
       ^~~~~~

</pre>
					
					<h4>examples/TinyLoopBackUsingFilters</h4>
					<p>
						Result: <b>FAIL</b>
					</p>
					<pre class="pre-scrollable">/Users/alranel/Documents/git/arduino/arduino-testlib/cli-datadir/user/libraries/ACAN2515Tiny/examples/TinyLoopBackUsingFilters/TinyLoopBackUsingFilters.ino: In function &#39;void setup()&#39;:
/Users/alranel/Documents/git/arduino/arduino-testlib/cli-datadir/user/libraries/ACAN2515Tiny/examples/TinyLoopBackUsingFilters/TinyLoopBackUsingFilters.ino:84:7: error: &#39;class SPIClass&#39; has no member named &#39;setMOSI&#39;
   SPI.setMOSI (MCP2515_SI) ;
       ^~~~~~~
/Users/alranel/Documents/git/arduino/arduino-testlib/cli-datadir/user/libraries/ACAN2515Tiny/examples/TinyLoopBackUsingFilters/TinyLoopBackUsingFilters.ino:85:7: error: &#39;class SPIClass&#39; has no member named &#39;setMISO&#39;
   SPI.setMISO (MCP2515_SO) ;
       ^~~~~~~
/Users/alranel/Documents/git/arduino/arduino-testlib/cli-datadir/user/libraries/ACAN2515Tiny/examples/TinyLoopBackUsingFilters/TinyLoopBackUsingFilters.ino:86:7: error: &#39;class SPIClass&#39; has no member named &#39;setSCK&#39;
   SPI.setSCK (MCP2515_SCK) ;
       ^~~~~~

</pre>
					
					<h4>examples/TinyTestWithACAN</h4>
					<p>
						Result: <b>FAIL</b>
					</p>
					<pre class="pre-scrollable">/Users/alranel/Documents/git/arduino/arduino-testlib/cli-datadir/user/libraries/ACAN2515Tiny/examples/TinyTestWithACAN/TinyTestWithACAN.ino: In function &#39;void setup()&#39;:
/Users/alranel/Documents/git/arduino/arduino-testlib/cli-datadir/user/libraries/ACAN2515Tiny/examples/TinyTestWithACAN/TinyTestWithACAN.ino:66:7: error: &#39;class SPIClass&#39; has no member named &#39;setMOSI&#39;
   SPI.setMOSI (MCP2515_SI) ;
       ^~~~~~~
/Users/alranel/Documents/git/arduino/arduino-testlib/cli-datadir/user/libraries/ACAN2515Tiny/examples/TinyTestWithACAN/TinyTestWithACAN.ino:67:7: error: &#39;class SPIClass&#39; has no member named &#39;setMISO&#39;
   SPI.setMISO (MCP2515_SO) ;
       ^~~~~~~
/Users/alranel/Documents/git/arduino/arduino-testlib/cli-datadir/user/libraries/ACAN2515Tiny/examples/TinyTestWithACAN/TinyTestWithACAN.ino:68:7: error: &#39;class SPIClass&#39; has no member named &#39;setSCK&#39;
   SPI.setSCK (MCP2515_SCK) ;
       ^~~~~~

</pre>
					
				
				<h3 id="arduino:mbed_nano:nanorp2040connect">arduino:mbed_nano:nanorp2040connect @ 2.7.2</h3>
				<h4>Inclusion</h4>
				<p>
					Result: <b>PASS</b>
					
				</p>
				<pre class="pre-scrollable">Sketch uses 80722 bytes (0%) of program storage space. Maximum is 16777216 bytes.
Global variables use 43616 bytes (16%) of dynamic memory, leaving 226720 bytes for local variables. Maximum is 270336 bytes.
</pre>

					
					<h4>examples/TinyLoopBackDemo</h4>
					<p>
						Result: <b>PASS</b>
					</p>
					<pre class="pre-scrollable">Sketch uses 85676 bytes (0%) of program storage space. Maximum is 16777216 bytes.
Global variables use 43952 bytes (16%) of dynamic memory, leaving 226384 bytes for local variables. Maximum is 270336 bytes.
</pre>
					
					<h4>examples/TinyLoopBackDemoAdafruitFeatherM0</h4>
					<p>
						Result: <b>FAIL</b>
					</p>
					<pre class="pre-scrollable">/home/ec2-user/arduino-testlib/cli-datadir/user/libraries/ACAN2515Tiny/examples/TinyLoopBackDemoAdafruitFeatherM0/TinyLoopBackDemoAdafruitFeatherM0.ino:25:18: error: &#39;sercom1&#39; was not declared in this scope
 SPIClass mySPI (&amp;sercom1, MCP2515_SO, MCP2515_SI, MCP2515_SCK, SPI_PAD_0_SCK_3, SERCOM_RX_PAD_2);
                  ^~~~~~~
/home/ec2-user/arduino-testlib/cli-datadir/user/libraries/ACAN2515Tiny/examples/TinyLoopBackDemoAdafruitFeatherM0/TinyLoopBackDemoAdafruitFeatherM0.ino:25:18: note: suggested alternative: &#39;strcoll&#39;
 SPIClass mySPI (&amp;sercom1, MCP2515_SO, MCP2515_SI, MCP2515_SCK, SPI_PAD_0_SCK_3, SERCOM_RX_PAD_2);
                  ^~~~~~~
                  strcoll
/home/ec2-user/arduino-testlib/cli-datadir/user/libraries/ACAN2515Tiny/examples/TinyLoopBackDemoAdafruitFeatherM0/TinyLoopBackDemoAdafruitFeatherM0.ino:25:64: error: &#39;SPI_PAD_0_SCK_3&#39; was not declared in this scope
 SPIClass mySPI (&amp;sercom1, MCP2515_SO, MCP2515_SI, MCP2515_SCK, SPI_PAD_0_SCK_3, SERCOM_RX_PAD_2);
                                                                ^~~~~~~~~~~~~~~
/home/ec2-user/arduino-testlib/cli-datadir/user/libraries/ACAN2515Tiny/examples/TinyLoopBackDemoAdafruitFeatherM0/TinyLoopBackDemoAdafruitFeatherM0.ino:25:81: error: &#39;SERCOM_RX_PAD_2&#39; was not declared in this scope
 SPIClass mySPI (&amp;sercom1, MCP2515_SO, MCP2515_SI, MCP2515_SCK, SPI_PAD_0_SCK_3, SERCOM_RX_PAD_2);
                                                                                 ^~~~~~~~~~~~~~~
/home/ec2-user/arduino-testlib/cli-datadir/user/libraries/ACAN2515Tiny/examples/TinyLoopBackDemoAdafruitFeatherM0/TinyLoopBackDemoAdafruitFeatherM0.ino:25:10: error: cannot declare variable &#39;mySPI&#39; to be of abstract type &#39;arduino::HardwareSPI&#39;
 SPIClass mySPI (&amp;sercom1, MCP2515_SO, MCP2515_SI, MCP2515_SCK, SPI_PAD_0_SCK_3, SERCOM_RX_PAD_2);
          ^~~~~
In file included from /home/ec2-user/arduino-testlib/cli-datadir/data/packages/arduino/hardware/mbed_nano/2.7.2/libraries/SPI/SPI.h:22:0,
                 from /home/ec2-user/arduino-testlib/cli-datadir/user/libraries/ACAN2515Tiny/src/ACAN2515Tiny.h:15,
                 from /home/ec2-user/arduino-testlib/cli-datadir/user/libraries/ACAN2515Tiny/examples/TinyLoopBackDemoAdafruitFeatherM0/TinyLoopBackDemoAdafruitFeatherM0.ino:5:
/home/ec2-user/arduino-testlib/cli-datadir/data/packages/arduino/hardware/mbed_nano/2.7.2/cores/arduino/api/HardwareSPI.h:104:7: note:   because the following virtual functions are pure within &#39;arduino::HardwareSPI&#39;:
 class HardwareSPI
       ^~~~~~~~~~~
/home/ec2-user/arduino-testlib/cli-datadir/data/packages/arduino/hardware/mbed_nano/2.7.2/cores/arduino/api/HardwareSPI.h:109:21: note: 	virtual uint8_t arduino::HardwareSPI::transfer(uint8_t)
     virtual uint8_t transfer(uint8_t data) = 0;
                     ^~~~~~~~
/home/ec2-user/arduino-testlib/cli-datadir/data/packages/arduino/hardware/mbed_nano/2.7.2/cores/arduino/api/HardwareSPI.h:110:22: note: 	virtual uint16_t arduino::HardwareSPI::transfer16(uint16_t)
     virtual uint16_t transfer16(uint16_t data) = 0;
                      ^~~~~~~~~~
/home/ec2-user/arduino-testlib/cli-datadir/data/packages/arduino/hardware/mbed_nano/2.7.2/cores/arduino/api/HardwareSPI.h:111:18: note: 	virtual void arduino::HardwareSPI::transfer(void*, size_t)
     virtual void transfer(void *buf, size_t count) = 0;
                  ^~~~~~~~
/home/ec2-user/arduino-testlib/cli-datadir/data/packages/arduino/hardware/mbed_nano/2.7.2/cores/arduino/api/HardwareSPI.h:114:18: note: 	virtual void arduino::HardwareSPI::usingInterrupt(int)
     virtual void usingInterrupt(int interruptNumber) = 0;
                  ^~~~~~~~~~~~~~
/home/ec2-user/arduino-testlib/cli-datadir/data/packages/arduino/hardware/mbed_nano/2.7.2/cores/arduino/api/HardwareSPI.h:115:18: note: 	virtual void arduino::HardwareSPI::notUsingInterrupt(int)
     virtual void notUsingInterrupt(int interruptNumber) = 0;
                  ^~~~~~~~~~~~~~~~~
/home/ec2-user/arduino-testlib/cli-datadir/data/packages/arduino/hardware/mbed_nano/2.7.2/cores/arduino/api/HardwareSPI.h:116:18: note: 	virtual void arduino::HardwareSPI::beginTransaction(arduino::SPISettings)
     virtual void beginTransaction(SPISettings settings) = 0;
                  ^~~~~~~~~~~~~~~~
/home/ec2-user/arduino-testlib/cli-datadir/data/packages/arduino/hardware/mbed_nano/2.7.2/cores/arduino/api/HardwareSPI.h:117:18: note: 	virtual void arduino::HardwareSPI::endTransaction()
     virtual void endTransaction(void) = 0;
                  ^~~~~~~~~~~~~~
/home/ec2-user/arduino-testlib/cli-datadir/data/packages/arduino/hardware/mbed_nano/2.7.2/cores/arduino/api/HardwareSPI.h:120:18: note: 	virtual void arduino::HardwareSPI::attachInterrupt()
     virtual void attachInterrupt() = 0;
                  ^~~~~~~~~~~~~~~
/home/ec2-user/arduino-testlib/cli-datadir/data/packages/arduino/hardware/mbed_nano/2.7.2/cores/arduino/api/HardwareSPI.h:121:18: note: 	virtual void arduino::HardwareSPI::detachInterrupt()
     virtual void detachInterrupt() = 0;
                  ^~~~~~~~~~~~~~~
/home/ec2-user/arduino-testlib/cli-datadir/data/packages/arduino/hardware/mbed_nano/2.7.2/cores/arduino/api/HardwareSPI.h:123:18: note: 	virtual void arduino::HardwareSPI::begin()
     virtual void begin() = 0;
                  ^~~~~
/home/ec2-user/arduino-testlib/cli-datadir/data/packages/arduino/hardware/mbed_nano/2.7.2/cores/arduino/api/HardwareSPI.h:124:18: note: 	virtual void arduino::HardwareSPI::end()
     virtual void end() = 0;
                  ^~~
/home/ec2-user/arduino-testlib/cli-datadir/user/libraries/ACAN2515Tiny/examples/TinyLoopBackDemoAdafruitFeatherM0/TinyLoopBackDemoAdafruitFeatherM0.ino: In function &#39;void setup()&#39;:
/home/ec2-user/arduino-testlib/cli-datadir/user/libraries/ACAN2515Tiny/examples/TinyLoopBackDemoAdafruitFeatherM0/TinyLoopBackDemoAdafruitFeatherM0.ino:60:30: error: &#39;PIO_SERCOM&#39; was not declared in this scope
   pinPeripheral (MCP2515_SI, PIO_SERCOM);
                              ^~~~~~~~~~
/home/ec2-user/arduino-testlib/cli-datadir/user/libraries/ACAN2515Tiny/examples/TinyLoopBackDemoAdafruitFeatherM0/TinyLoopBackDemoAdafruitFeatherM0.ino:60:3: error: &#39;pinPeripheral&#39; was not declared in this scope
   pinPeripheral (MCP2515_SI, PIO_SERCOM);
   ^~~~~~~~~~~~~

</pre>
					
					<h4>examples/TinyLoopBackDemoBitRateSettings</h4>
					<p>
						Result: <b>PASS</b>
					</p>
					<pre class="pre-scrollable">Sketch uses 85466 bytes (0%) of program storage space. Maximum is 16777216 bytes.
Global variables use 43952 bytes (16%) of dynamic memory, leaving 226384 bytes for local variables. Maximum is 270336 bytes.
</pre>
					
					<h4>examples/TinyLoopBackDemoTeensy3x</h4>
					<p>
						Result: <b>FAIL</b>
					</p>
					<pre class="pre-scrollable">/home/ec2-user/arduino-testlib/cli-datadir/user/libraries/ACAN2515Tiny/examples/TinyLoopBackDemoTeensy3x/TinyLoopBackDemoTeensy3x.ino: In function &#39;void setup()&#39;:
/home/ec2-user/arduino-testlib/cli-datadir/user/libraries/ACAN2515Tiny/examples/TinyLoopBackDemoTeensy3x/TinyLoopBackDemoTeensy3x.ino:57:23: error: &#39;class arduino::MbedSPI&#39; has no member named &#39;pinIsMOSI&#39;
   Serial.println (SPI.pinIsMOSI (MCP2515_SI) ? &#34;yes&#34; : &#34;NO!!!&#34;) ;
                       ^~~~~~~~~
/home/ec2-user/arduino-testlib/cli-datadir/user/libraries/ACAN2515Tiny/examples/TinyLoopBackDemoTeensy3x/TinyLoopBackDemoTeensy3x.ino:61:23: error: &#39;class arduino::MbedSPI&#39; has no member named &#39;pinIsMISO&#39;
   Serial.println (SPI.pinIsMISO (MCP2515_SO) ? &#34;yes&#34; : &#34;NO!!!&#34;) ;
                       ^~~~~~~~~
/home/ec2-user/arduino-testlib/cli-datadir/user/libraries/ACAN2515Tiny/examples/TinyLoopBackDemoTeensy3x/TinyLoopBackDemoTeensy3x.ino:65:23: error: &#39;class arduino::MbedSPI&#39; has no member named &#39;pinIsSCK&#39;
   Serial.println (SPI.pinIsSCK (MCP2515_SCK) ? &#34;yes&#34; : &#34;NO!!!&#34;) ;
                       ^~~~~~~~
/home/ec2-user/arduino-testlib/cli-datadir/user/libraries/ACAN2515Tiny/examples/TinyLoopBackDemoTeensy3x/TinyLoopBackDemoTeensy3x.ino:66:7: error: &#39;class arduino::MbedSPI&#39; has no member named &#39;setMOSI&#39;
   SPI.setMOSI (MCP2515_SI) ;
       ^~~~~~~
/home/ec2-user/arduino-testlib/cli-datadir/user/libraries/ACAN2515Tiny/examples/TinyLoopBackDemoTeensy3x/TinyLoopBackDemoTeensy3x.ino:67:7: error: &#39;class arduino::MbedSPI&#39; has no member named &#39;setMISO&#39;
   SPI.setMISO (MCP2515_SO) ;
       ^~~~~~~
/home/ec2-user/arduino-testlib/cli-datadir/user/libraries/ACAN2515Tiny/examples/TinyLoopBackDemoTeensy3x/TinyLoopBackDemoTeensy3x.ino:68:7: error: &#39;class arduino::MbedSPI&#39; has no member named &#39;setSCK&#39;
   SPI.setSCK (MCP2515_SCK) ;
       ^~~~~~

</pre>
					
					<h4>examples/TinyLoopBackFilterDataByte</h4>
					<p>
						Result: <b>FAIL</b>
					</p>
					<pre class="pre-scrollable">/home/ec2-user/arduino-testlib/cli-datadir/user/libraries/ACAN2515Tiny/examples/TinyLoopBackFilterDataByte/TinyLoopBackFilterDataByte.ino: In function &#39;void setup()&#39;:
/home/ec2-user/arduino-testlib/cli-datadir/user/libraries/ACAN2515Tiny/examples/TinyLoopBackFilterDataByte/TinyLoopBackFilterDataByte.ino:72:7: error: &#39;class arduino::MbedSPI&#39; has no member named &#39;setMOSI&#39;
   SPI.setMOSI (MCP2515_SI) ;
       ^~~~~~~
/home/ec2-user/arduino-testlib/cli-datadir/user/libraries/ACAN2515Tiny/examples/TinyLoopBackFilterDataByte/TinyLoopBackFilterDataByte.ino:73:7: error: &#39;class arduino::MbedSPI&#39; has no member named &#39;setMISO&#39;
   SPI.setMISO (MCP2515_SO) ;
       ^~~~~~~
/home/ec2-user/arduino-testlib/cli-datadir/user/libraries/ACAN2515Tiny/examples/TinyLoopBackFilterDataByte/TinyLoopBackFilterDataByte.ino:74:7: error: &#39;class arduino::MbedSPI&#39; has no member named &#39;setSCK&#39;
   SPI.setSCK (MCP2515_SCK) ;
       ^~~~~~

</pre>
					
					<h4>examples/TinyLoopBackUsingFilters</h4>
					<p>
						Result: <b>FAIL</b>
					</p>
					<pre class="pre-scrollable">/home/ec2-user/arduino-testlib/cli-datadir/user/libraries/ACAN2515Tiny/examples/TinyLoopBackUsingFilters/TinyLoopBackUsingFilters.ino: In function &#39;void setup()&#39;:
/home/ec2-user/arduino-testlib/cli-datadir/user/libraries/ACAN2515Tiny/examples/TinyLoopBackUsingFilters/TinyLoopBackUsingFilters.ino:84:7: error: &#39;class arduino::MbedSPI&#39; has no member named &#39;setMOSI&#39;
   SPI.setMOSI (MCP2515_SI) ;
       ^~~~~~~
/home/ec2-user/arduino-testlib/cli-datadir/user/libraries/ACAN2515Tiny/examples/TinyLoopBackUsingFilters/TinyLoopBackUsingFilters.ino:85:7: error: &#39;class arduino::MbedSPI&#39; has no member named &#39;setMISO&#39;
   SPI.setMISO (MCP2515_SO) ;
       ^~~~~~~
/home/ec2-user/arduino-testlib/cli-datadir/user/libraries/ACAN2515Tiny/examples/TinyLoopBackUsingFilters/TinyLoopBackUsingFilters.ino:86:7: error: &#39;class arduino::MbedSPI&#39; has no member named &#39;setSCK&#39;
   SPI.setSCK (MCP2515_SCK) ;
       ^~~~~~

</pre>
					
					<h4>examples/TinyTestWithACAN</h4>
					<p>
						Result: <b>FAIL</b>
					</p>
					<pre class="pre-scrollable">/home/ec2-user/arduino-testlib/cli-datadir/user/libraries/ACAN2515Tiny/examples/TinyTestWithACAN/TinyTestWithACAN.ino: In function &#39;void setup()&#39;:
/home/ec2-user/arduino-testlib/cli-datadir/user/libraries/ACAN2515Tiny/examples/TinyTestWithACAN/TinyTestWithACAN.ino:66:7: error: &#39;class arduino::MbedSPI&#39; has no member named &#39;setMOSI&#39;
   SPI.setMOSI (MCP2515_SI) ;
       ^~~~~~~
/home/ec2-user/arduino-testlib/cli-datadir/user/libraries/ACAN2515Tiny/examples/TinyTestWithACAN/TinyTestWithACAN.ino:67:7: error: &#39;class arduino::MbedSPI&#39; has no member named &#39;setMISO&#39;
   SPI.setMISO (MCP2515_SO) ;
       ^~~~~~~
/home/ec2-user/arduino-testlib/cli-datadir/user/libraries/ACAN2515Tiny/examples/TinyTestWithACAN/TinyTestWithACAN.ino:68:7: error: &#39;class arduino::MbedSPI&#39; has no member named &#39;setSCK&#39;
   SPI.setSCK (MCP2515_SCK) ;
       ^~~~~~

</pre>
					
				
				<h3 id="arduino:megaavr:nona4809">arduino:megaavr:nona4809 @ 1.8.7</h3>
				<h4>Inclusion</h4>
				<p>
					Result: <b>PASS</b>
					
				</p>
				<pre class="pre-scrollable">Sketch uses 3798 bytes (7%) of program storage space. Maximum is 49152 bytes.
Global variables use 136 bytes (2%) of dynamic memory, leaving 6008 bytes for local variables. Maximum is 6144 bytes.
</pre>

					
					<h4>examples/TinyLoopBackDemo</h4>
					<p>
						Result: <b>PASS</b>
					</p>
					<pre class="pre-scrollable">Sketch uses 11004 bytes (22%) of program storage space. Maximum is 49152 bytes.
Global variables use 504 bytes (8%) of dynamic memory, leaving 5640 bytes for local variables. Maximum is 6144 bytes.
</pre>
					
					<h4>examples/TinyLoopBackDemoAdafruitFeatherM0</h4>
					<p>
						Result: <b>FAIL</b>
					</p>
					<pre class="pre-scrollable">/home/ec2-user/arduino-testlib/cli-datadir/user/libraries/ACAN2515Tiny/examples/TinyLoopBackDemoAdafruitFeatherM0/TinyLoopBackDemoAdafruitFeatherM0.ino:25:18: error: &#39;sercom1&#39; was not declared in this scope
 SPIClass mySPI (&amp;sercom1, MCP2515_SO, MCP2515_SI, MCP2515_SCK, SPI_PAD_0_SCK_3, SERCOM_RX_PAD_2);
                  ^~~~~~~
/home/ec2-user/arduino-testlib/cli-datadir/user/libraries/ACAN2515Tiny/examples/TinyLoopBackDemoAdafruitFeatherM0/TinyLoopBackDemoAdafruitFeatherM0.ino:25:18: note: suggested alternative: &#39;strcoll&#39;
 SPIClass mySPI (&amp;sercom1, MCP2515_SO, MCP2515_SI, MCP2515_SCK, SPI_PAD_0_SCK_3, SERCOM_RX_PAD_2);
                  ^~~~~~~
                  strcoll
/home/ec2-user/arduino-testlib/cli-datadir/user/libraries/ACAN2515Tiny/examples/TinyLoopBackDemoAdafruitFeatherM0/TinyLoopBackDemoAdafruitFeatherM0.ino:25:64: error: &#39;SPI_PAD_0_SCK_3&#39; was not declared in this scope
 SPIClass mySPI (&amp;sercom1, MCP2515_SO, MCP2515_SI, MCP2515_SCK, SPI_PAD_0_SCK_3, SERCOM_RX_PAD_2);
                                                                ^~~~~~~~~~~~~~~
/home/ec2-user/arduino-testlib/cli-datadir/user/libraries/ACAN2515Tiny/examples/TinyLoopBackDemoAdafruitFeatherM0/TinyLoopBackDemoAdafruitFeatherM0.ino:25:64: note: suggested alternative: &#39;SPI_PRESC_t&#39;
 SPIClass mySPI (&amp;sercom1, MCP2515_SO, MCP2515_SI, MCP2515_SCK, SPI_PAD_0_SCK_3, SERCOM_RX_PAD_2);
                                                                ^~~~~~~~~~~~~~~
                                                                SPI_PRESC_t
/home/ec2-user/arduino-testlib/cli-datadir/user/libraries/ACAN2515Tiny/examples/TinyLoopBackDemoAdafruitFeatherM0/TinyLoopBackDemoAdafruitFeatherM0.ino:25:81: error: &#39;SERCOM_RX_PAD_2&#39; was not declared in this scope
 SPIClass mySPI (&amp;sercom1, MCP2515_SO, MCP2515_SI, MCP2515_SCK, SPI_PAD_0_SCK_3, SERCOM_RX_PAD_2);
                                                                                 ^~~~~~~~~~~~~~~
/home/ec2-user/arduino-testlib/cli-datadir/user/libraries/ACAN2515Tiny/examples/TinyLoopBackDemoAdafruitFeatherM0/TinyLoopBackDemoAdafruitFeatherM0.ino: In function &#39;void setup()&#39;:
/home/ec2-user/arduino-testlib/cli-datadir/user/libraries/ACAN2515Tiny/examples/TinyLoopBackDemoAdafruitFeatherM0/TinyLoopBackDemoAdafruitFeatherM0.ino:60:30: error: &#39;PIO_SERCOM&#39; was not declared in this scope
   pinPeripheral (MCP2515_SI, PIO_SERCOM);
                              ^~~~~~~~~~
/home/ec2-user/arduino-testlib/cli-datadir/user/libraries/ACAN2515Tiny/examples/TinyLoopBackDemoAdafruitFeatherM0/TinyLoopBackDemoAdafruitFeatherM0.ino:60:3: error: &#39;pinPeripheral&#39; was not declared in this scope
   pinPeripheral (MCP2515_SI, PIO_SERCOM);
   ^~~~~~~~~~~~~

</pre>
					
					<h4>examples/TinyLoopBackDemoBitRateSettings</h4>
					<p>
						Result: <b>PASS</b>
					</p>
					<pre class="pre-scrollable">Sketch uses 9939 bytes (20%) of program storage space. Maximum is 49152 bytes.
Global variables use 504 bytes (8%) of dynamic memory, leaving 5640 bytes for local variables. Maximum is 6144 bytes.
</pre>
					
					<h4>examples/TinyLoopBackDemoTeensy3x</h4>
					<p>
						Result: <b>FAIL</b>
					</p>
					<pre class="pre-scrollable">/home/ec2-user/arduino-testlib/cli-datadir/user/libraries/ACAN2515Tiny/examples/TinyLoopBackDemoTeensy3x/TinyLoopBackDemoTeensy3x.ino: In function &#39;void setup()&#39;:
/home/ec2-user/arduino-testlib/cli-datadir/user/libraries/ACAN2515Tiny/examples/TinyLoopBackDemoTeensy3x/TinyLoopBackDemoTeensy3x.ino:57:23: error: &#39;class SPIClassMegaAVR&#39; has no member named &#39;pinIsMOSI&#39;
   Serial.println (SPI.pinIsMOSI (MCP2515_SI) ? &#34;yes&#34; : &#34;NO!!!&#34;) ;
                       ^~~~~~~~~
/home/ec2-user/arduino-testlib/cli-datadir/user/libraries/ACAN2515Tiny/examples/TinyLoopBackDemoTeensy3x/TinyLoopBackDemoTeensy3x.ino:61:23: error: &#39;class SPIClassMegaAVR&#39; has no member named &#39;pinIsMISO&#39;
   Serial.println (SPI.pinIsMISO (MCP2515_SO) ? &#34;yes&#34; : &#34;NO!!!&#34;) ;
                       ^~~~~~~~~
/home/ec2-user/arduino-testlib/cli-datadir/user/libraries/ACAN2515Tiny/examples/TinyLoopBackDemoTeensy3x/TinyLoopBackDemoTeensy3x.ino:65:23: error: &#39;class SPIClassMegaAVR&#39; has no member named &#39;pinIsSCK&#39;
   Serial.println (SPI.pinIsSCK (MCP2515_SCK) ? &#34;yes&#34; : &#34;NO!!!&#34;) ;
                       ^~~~~~~~
/home/ec2-user/arduino-testlib/cli-datadir/user/libraries/ACAN2515Tiny/examples/TinyLoopBackDemoTeensy3x/TinyLoopBackDemoTeensy3x.ino:66:7: error: &#39;class SPIClassMegaAVR&#39; has no member named &#39;setMOSI&#39;
   SPI.setMOSI (MCP2515_SI) ;
       ^~~~~~~
/home/ec2-user/arduino-testlib/cli-datadir/user/libraries/ACAN2515Tiny/examples/TinyLoopBackDemoTeensy3x/TinyLoopBackDemoTeensy3x.ino:67:7: error: &#39;class SPIClassMegaAVR&#39; has no member named &#39;setMISO&#39;
   SPI.setMISO (MCP2515_SO) ;
       ^~~~~~~
/home/ec2-user/arduino-testlib/cli-datadir/user/libraries/ACAN2515Tiny/examples/TinyLoopBackDemoTeensy3x/TinyLoopBackDemoTeensy3x.ino:68:7: error: &#39;class SPIClassMegaAVR&#39; has no member named &#39;setSCK&#39;
   SPI.setSCK (MCP2515_SCK) ;
       ^~~~~~

</pre>
					
					<h4>examples/TinyLoopBackFilterDataByte</h4>
					<p>
						Result: <b>FAIL</b>
					</p>
					<pre class="pre-scrollable">/home/ec2-user/arduino-testlib/cli-datadir/user/libraries/ACAN2515Tiny/examples/TinyLoopBackFilterDataByte/TinyLoopBackFilterDataByte.ino: In function &#39;void setup()&#39;:
/home/ec2-user/arduino-testlib/cli-datadir/user/libraries/ACAN2515Tiny/examples/TinyLoopBackFilterDataByte/TinyLoopBackFilterDataByte.ino:72:7: error: &#39;class SPIClassMegaAVR&#39; has no member named &#39;setMOSI&#39;
   SPI.setMOSI (MCP2515_SI) ;
       ^~~~~~~
/home/ec2-user/arduino-testlib/cli-datadir/user/libraries/ACAN2515Tiny/examples/TinyLoopBackFilterDataByte/TinyLoopBackFilterDataByte.ino:73:7: error: &#39;class SPIClassMegaAVR&#39; has no member named &#39;setMISO&#39;
   SPI.setMISO (MCP2515_SO) ;
       ^~~~~~~
/home/ec2-user/arduino-testlib/cli-datadir/user/libraries/ACAN2515Tiny/examples/TinyLoopBackFilterDataByte/TinyLoopBackFilterDataByte.ino:74:7: error: &#39;class SPIClassMegaAVR&#39; has no member named &#39;setSCK&#39;
   SPI.setSCK (MCP2515_SCK) ;
       ^~~~~~

</pre>
					
					<h4>examples/TinyLoopBackUsingFilters</h4>
					<p>
						Result: <b>FAIL</b>
					</p>
					<pre class="pre-scrollable">/home/ec2-user/arduino-testlib/cli-datadir/user/libraries/ACAN2515Tiny/examples/TinyLoopBackUsingFilters/TinyLoopBackUsingFilters.ino: In function &#39;void setup()&#39;:
/home/ec2-user/arduino-testlib/cli-datadir/user/libraries/ACAN2515Tiny/examples/TinyLoopBackUsingFilters/TinyLoopBackUsingFilters.ino:84:7: error: &#39;class SPIClassMegaAVR&#39; has no member named &#39;setMOSI&#39;
   SPI.setMOSI (MCP2515_SI) ;
       ^~~~~~~
/home/ec2-user/arduino-testlib/cli-datadir/user/libraries/ACAN2515Tiny/examples/TinyLoopBackUsingFilters/TinyLoopBackUsingFilters.ino:85:7: error: &#39;class SPIClassMegaAVR&#39; has no member named &#39;setMISO&#39;
   SPI.setMISO (MCP2515_SO) ;
       ^~~~~~~
/home/ec2-user/arduino-testlib/cli-datadir/user/libraries/ACAN2515Tiny/examples/TinyLoopBackUsingFilters/TinyLoopBackUsingFilters.ino:86:7: error: &#39;class SPIClassMegaAVR&#39; has no member named &#39;setSCK&#39;
   SPI.setSCK (MCP2515_SCK) ;
       ^~~~~~

</pre>
					
					<h4>examples/TinyTestWithACAN</h4>
					<p>
						Result: <b>FAIL</b>
					</p>
					<pre class="pre-scrollable">/home/ec2-user/arduino-testlib/cli-datadir/user/libraries/ACAN2515Tiny/examples/TinyTestWithACAN/TinyTestWithACAN.ino: In function &#39;void setup()&#39;:
/home/ec2-user/arduino-testlib/cli-datadir/user/libraries/ACAN2515Tiny/examples/TinyTestWithACAN/TinyTestWithACAN.ino:66:7: error: &#39;class SPIClassMegaAVR&#39; has no member named &#39;setMOSI&#39;
   SPI.setMOSI (MCP2515_SI) ;
       ^~~~~~~
/home/ec2-user/arduino-testlib/cli-datadir/user/libraries/ACAN2515Tiny/examples/TinyTestWithACAN/TinyTestWithACAN.ino:67:7: error: &#39;class SPIClassMegaAVR&#39; has no member named &#39;setMISO&#39;
   SPI.setMISO (MCP2515_SO) ;
       ^~~~~~~
/home/ec2-user/arduino-testlib/cli-datadir/user/libraries/ACAN2515Tiny/examples/TinyTestWithACAN/TinyTestWithACAN.ino:68:7: error: &#39;class SPIClassMegaAVR&#39; has no member named &#39;setSCK&#39;
   SPI.setSCK (MCP2515_SCK) ;
       ^~~~~~

</pre>
					
				
				<h3 id="arduino:samd:mkrwifi1010">arduino:samd:mkrwifi1010 @ 1.8.12</h3>
				<h4>Inclusion</h4>
				<p>
					Result: <b>PASS</b>
					
				</p>
				<pre class="pre-scrollable">Sketch uses 13396 bytes (5%) of program storage space. Maximum is 262144 bytes.
Global variables use 3208 bytes (9%) of dynamic memory, leaving 29560 bytes for local variables. Maximum is 32768 bytes.
</pre>

					
					<h4>examples/TinyLoopBackDemo</h4>
					<p>
						Result: <b>PASS</b>
					</p>
					<pre class="pre-scrollable">Sketch uses 17808 bytes (6%) of program storage space. Maximum is 262144 bytes.
Global variables use 3308 bytes (10%) of dynamic memory, leaving 29460 bytes for local variables. Maximum is 32768 bytes.
</pre>
					
					<h4>examples/TinyLoopBackDemoAdafruitFeatherM0</h4>
					<p>
						Result: <b>FAIL</b>
					</p>
					<pre class="pre-scrollable">/Users/alranel/Documents/git/arduino/arduino-testlib/cli-datadir/user/libraries/ACAN2515Tiny/examples/TinyLoopBackDemoAdafruitFeatherM0/TinyLoopBackDemoAdafruitFeatherM0.ino:25:96: error: no matching function for call to &#39;arduino::HardwareSPI::HardwareSPI(SERCOM*, const byte&amp;, const byte&amp;, const byte&amp;, SercomSpiTXPad, SercomRXPad)&#39;
 SPIClass mySPI (&amp;sercom1, MCP2515_SO, MCP2515_SI, MCP2515_SCK, SPI_PAD_0_SCK_3, SERCOM_RX_PAD_2);
                                                                                                ^
In file included from /Users/alranel/Documents/git/arduino/arduino-testlib/cli-datadir/data/packages/arduino/hardware/samd/1.8.12/libraries/SPI/SPI.h:24:0,
                 from /Users/alranel/Documents/git/arduino/arduino-testlib/cli-datadir/user/libraries/ACAN2515Tiny/src/ACAN2515Tiny.h:15,
                 from /Users/alranel/Documents/git/arduino/arduino-testlib/cli-datadir/user/libraries/ACAN2515Tiny/examples/TinyLoopBackDemoAdafruitFeatherM0/TinyLoopBackDemoAdafruitFeatherM0.ino:5:
/Users/alranel/Documents/git/arduino/arduino-testlib/cli-datadir/data/packages/arduino/hardware/samd/1.8.12/cores/arduino/api/HardwareSPI.h:104:7: note: candidate: constexpr arduino::HardwareSPI::HardwareSPI()
 class HardwareSPI
       ^~~~~~~~~~~
/Users/alranel/Documents/git/arduino/arduino-testlib/cli-datadir/data/packages/arduino/hardware/samd/1.8.12/cores/arduino/api/HardwareSPI.h:104:7: note:   candidate expects 0 arguments, 6 provided
/Users/alranel/Documents/git/arduino/arduino-testlib/cli-datadir/data/packages/arduino/hardware/samd/1.8.12/cores/arduino/api/HardwareSPI.h:104:7: note: candidate: constexpr arduino::HardwareSPI::HardwareSPI(const arduino::HardwareSPI&amp;)
/Users/alranel/Documents/git/arduino/arduino-testlib/cli-datadir/data/packages/arduino/hardware/samd/1.8.12/cores/arduino/api/HardwareSPI.h:104:7: note:   candidate expects 1 argument, 6 provided
/Users/alranel/Documents/git/arduino/arduino-testlib/cli-datadir/user/libraries/ACAN2515Tiny/examples/TinyLoopBackDemoAdafruitFeatherM0/TinyLoopBackDemoAdafruitFeatherM0.ino:25:10: error: cannot declare variable &#39;mySPI&#39; to be of abstract type &#39;arduino::HardwareSPI&#39;
 SPIClass mySPI (&amp;sercom1, MCP2515_SO, MCP2515_SI, MCP2515_SCK, SPI_PAD_0_SCK_3, SERCOM_RX_PAD_2);
          ^~~~~
In file included from /Users/alranel/Documents/git/arduino/arduino-testlib/cli-datadir/data/packages/arduino/hardware/samd/1.8.12/libraries/SPI/SPI.h:24:0,
                 from /Users/alranel/Documents/git/arduino/arduino-testlib/cli-datadir/user/libraries/ACAN2515Tiny/src/ACAN2515Tiny.h:15,
                 from /Users/alranel/Documents/git/arduino/arduino-testlib/cli-datadir/user/libraries/ACAN2515Tiny/examples/TinyLoopBackDemoAdafruitFeatherM0/TinyLoopBackDemoAdafruitFeatherM0.ino:5:
/Users/alranel/Documents/git/arduino/arduino-testlib/cli-datadir/data/packages/arduino/hardware/samd/1.8.12/cores/arduino/api/HardwareSPI.h:104:7: note:   because the following virtual functions are pure within &#39;arduino::HardwareSPI&#39;:
 class HardwareSPI
       ^~~~~~~~~~~
/Users/alranel/Documents/git/arduino/arduino-testlib/cli-datadir/data/packages/arduino/hardware/samd/1.8.12/cores/arduino/api/HardwareSPI.h:109:21: note: 	virtual uint8_t arduino::HardwareSPI::transfer(uint8_t)
     virtual uint8_t transfer(uint8_t data) = 0;
                     ^~~~~~~~
/Users/alranel/Documents/git/arduino/arduino-testlib/cli-datadir/data/packages/arduino/hardware/samd/1.8.12/cores/arduino/api/HardwareSPI.h:110:22: note: 	virtual uint16_t arduino::HardwareSPI::transfer16(uint16_t)
     virtual uint16_t transfer16(uint16_t data) = 0;
                      ^~~~~~~~~~
/Users/alranel/Documents/git/arduino/arduino-testlib/cli-datadir/data/packages/arduino/hardware/samd/1.8.12/cores/arduino/api/HardwareSPI.h:111:18: note: 	virtual void arduino::HardwareSPI::transfer(void*, size_t)
     virtual void transfer(void *buf, size_t count) = 0;
                  ^~~~~~~~
/Users/alranel/Documents/git/arduino/arduino-testlib/cli-datadir/data/packages/arduino/hardware/samd/1.8.12/cores/arduino/api/HardwareSPI.h:114:18: note: 	virtual void arduino::HardwareSPI::usingInterrupt(int)
     virtual void usingInterrupt(int interruptNumber) = 0;
                  ^~~~~~~~~~~~~~
/Users/alranel/Documents/git/arduino/arduino-testlib/cli-datadir/data/packages/arduino/hardware/samd/1.8.12/cores/arduino/api/HardwareSPI.h:115:18: note: 	virtual void arduino::HardwareSPI::notUsingInterrupt(int)
     virtual void notUsingInterrupt(int interruptNumber) = 0;
                  ^~~~~~~~~~~~~~~~~
/Users/alranel/Documents/git/arduino/arduino-testlib/cli-datadir/data/packages/arduino/hardware/samd/1.8.12/cores/arduino/api/HardwareSPI.h:116:18: note: 	virtual void arduino::HardwareSPI::beginTransaction(arduino::SPISettings)
     virtual void beginTransaction(SPISettings settings) = 0;
                  ^~~~~~~~~~~~~~~~
/Users/alranel/Documents/git/arduino/arduino-testlib/cli-datadir/data/packages/arduino/hardware/samd/1.8.12/cores/arduino/api/HardwareSPI.h:117:18: note: 	virtual void arduino::HardwareSPI::endTransaction()
     virtual void endTransaction(void) = 0;
                  ^~~~~~~~~~~~~~
/Users/alranel/Documents/git/arduino/arduino-testlib/cli-datadir/data/packages/arduino/hardware/samd/1.8.12/cores/arduino/api/HardwareSPI.h:120:18: note: 	virtual void arduino::HardwareSPI::attachInterrupt()
     virtual void attachInterrupt() = 0;
                  ^~~~~~~~~~~~~~~
/Users/alranel/Documents/git/arduino/arduino-testlib/cli-datadir/data/packages/arduino/hardware/samd/1.8.12/cores/arduino/api/HardwareSPI.h:121:18: note: 	virtual void arduino::HardwareSPI::detachInterrupt()
     virtual void detachInterrupt() = 0;
                  ^~~~~~~~~~~~~~~
/Users/alranel/Documents/git/arduino/arduino-testlib/cli-datadir/data/packages/arduino/hardware/samd/1.8.12/cores/arduino/api/HardwareSPI.h:123:18: note: 	virtual void arduino::HardwareSPI::begin()
     virtual void begin() = 0;
                  ^~~~~
/Users/alranel/Documents/git/arduino/arduino-testlib/cli-datadir/data/packages/arduino/hardware/samd/1.8.12/cores/arduino/api/HardwareSPI.h:124:18: note: 	virtual void arduino::HardwareSPI::end()
     virtual void end() = 0;
                  ^~~

</pre>
					
					<h4>examples/TinyLoopBackDemoBitRateSettings</h4>
					<p>
						Result: <b>PASS</b>
					</p>
					<pre class="pre-scrollable">Sketch uses 17512 bytes (6%) of program storage space. Maximum is 262144 bytes.
Global variables use 3308 bytes (10%) of dynamic memory, leaving 29460 bytes for local variables. Maximum is 32768 bytes.
</pre>
					
					<h4>examples/TinyLoopBackDemoTeensy3x</h4>
					<p>
						Result: <b>FAIL</b>
					</p>
					<pre class="pre-scrollable">/Users/alranel/Documents/git/arduino/arduino-testlib/cli-datadir/user/libraries/ACAN2515Tiny/examples/TinyLoopBackDemoTeensy3x/TinyLoopBackDemoTeensy3x.ino: In function &#39;void setup()&#39;:
/Users/alranel/Documents/git/arduino/arduino-testlib/cli-datadir/user/libraries/ACAN2515Tiny/examples/TinyLoopBackDemoTeensy3x/TinyLoopBackDemoTeensy3x.ino:57:23: error: &#39;class SPIClassSAMD&#39; has no member named &#39;pinIsMOSI&#39;
   Serial.println (SPI.pinIsMOSI (MCP2515_SI) ? &#34;yes&#34; : &#34;NO!!!&#34;) ;
                       ^~~~~~~~~
/Users/alranel/Documents/git/arduino/arduino-testlib/cli-datadir/user/libraries/ACAN2515Tiny/examples/TinyLoopBackDemoTeensy3x/TinyLoopBackDemoTeensy3x.ino:61:23: error: &#39;class SPIClassSAMD&#39; has no member named &#39;pinIsMISO&#39;
   Serial.println (SPI.pinIsMISO (MCP2515_SO) ? &#34;yes&#34; : &#34;NO!!!&#34;) ;
                       ^~~~~~~~~
/Users/alranel/Documents/git/arduino/arduino-testlib/cli-datadir/user/libraries/ACAN2515Tiny/examples/TinyLoopBackDemoTeensy3x/TinyLoopBackDemoTeensy3x.ino:65:23: error: &#39;class SPIClassSAMD&#39; has no member named &#39;pinIsSCK&#39;
   Serial.println (SPI.pinIsSCK (MCP2515_SCK) ? &#34;yes&#34; : &#34;NO!!!&#34;) ;
                       ^~~~~~~~
/Users/alranel/Documents/git/arduino/arduino-testlib/cli-datadir/user/libraries/ACAN2515Tiny/examples/TinyLoopBackDemoTeensy3x/TinyLoopBackDemoTeensy3x.ino:66:7: error: &#39;class SPIClassSAMD&#39; has no member named &#39;setMOSI&#39;
   SPI.setMOSI (MCP2515_SI) ;
       ^~~~~~~
/Users/alranel/Documents/git/arduino/arduino-testlib/cli-datadir/user/libraries/ACAN2515Tiny/examples/TinyLoopBackDemoTeensy3x/TinyLoopBackDemoTeensy3x.ino:67:7: error: &#39;class SPIClassSAMD&#39; has no member named &#39;setMISO&#39;
   SPI.setMISO (MCP2515_SO) ;
       ^~~~~~~
/Users/alranel/Documents/git/arduino/arduino-testlib/cli-datadir/user/libraries/ACAN2515Tiny/examples/TinyLoopBackDemoTeensy3x/TinyLoopBackDemoTeensy3x.ino:68:7: error: &#39;class SPIClassSAMD&#39; has no member named &#39;setSCK&#39;
   SPI.setSCK (MCP2515_SCK) ;
       ^~~~~~

</pre>
					
					<h4>examples/TinyLoopBackFilterDataByte</h4>
					<p>
						Result: <b>FAIL</b>
					</p>
					<pre class="pre-scrollable">/Users/alranel/Documents/git/arduino/arduino-testlib/cli-datadir/user/libraries/ACAN2515Tiny/examples/TinyLoopBackFilterDataByte/TinyLoopBackFilterDataByte.ino: In function &#39;void setup()&#39;:
/Users/alranel/Documents/git/arduino/arduino-testlib/cli-datadir/user/libraries/ACAN2515Tiny/examples/TinyLoopBackFilterDataByte/TinyLoopBackFilterDataByte.ino:72:7: error: &#39;class SPIClassSAMD&#39; has no member named &#39;setMOSI&#39;
   SPI.setMOSI (MCP2515_SI) ;
       ^~~~~~~
/Users/alranel/Documents/git/arduino/arduino-testlib/cli-datadir/user/libraries/ACAN2515Tiny/examples/TinyLoopBackFilterDataByte/TinyLoopBackFilterDataByte.ino:73:7: error: &#39;class SPIClassSAMD&#39; has no member named &#39;setMISO&#39;
   SPI.setMISO (MCP2515_SO) ;
       ^~~~~~~
/Users/alranel/Documents/git/arduino/arduino-testlib/cli-datadir/user/libraries/ACAN2515Tiny/examples/TinyLoopBackFilterDataByte/TinyLoopBackFilterDataByte.ino:74:7: error: &#39;class SPIClassSAMD&#39; has no member named &#39;setSCK&#39;
   SPI.setSCK (MCP2515_SCK) ;
       ^~~~~~

</pre>
					
					<h4>examples/TinyLoopBackUsingFilters</h4>
					<p>
						Result: <b>FAIL</b>
					</p>
					<pre class="pre-scrollable">/Users/alranel/Documents/git/arduino/arduino-testlib/cli-datadir/user/libraries/ACAN2515Tiny/examples/TinyLoopBackUsingFilters/TinyLoopBackUsingFilters.ino: In function &#39;void setup()&#39;:
/Users/alranel/Documents/git/arduino/arduino-testlib/cli-datadir/user/libraries/ACAN2515Tiny/examples/TinyLoopBackUsingFilters/TinyLoopBackUsingFilters.ino:84:7: error: &#39;class SPIClassSAMD&#39; has no member named &#39;setMOSI&#39;
   SPI.setMOSI (MCP2515_SI) ;
       ^~~~~~~
/Users/alranel/Documents/git/arduino/arduino-testlib/cli-datadir/user/libraries/ACAN2515Tiny/examples/TinyLoopBackUsingFilters/TinyLoopBackUsingFilters.ino:85:7: error: &#39;class SPIClassSAMD&#39; has no member named &#39;setMISO&#39;
   SPI.setMISO (MCP2515_SO) ;
       ^~~~~~~
/Users/alranel/Documents/git/arduino/arduino-testlib/cli-datadir/user/libraries/ACAN2515Tiny/examples/TinyLoopBackUsingFilters/TinyLoopBackUsingFilters.ino:86:7: error: &#39;class SPIClassSAMD&#39; has no member named &#39;setSCK&#39;
   SPI.setSCK (MCP2515_SCK) ;
       ^~~~~~

</pre>
					
					<h4>examples/TinyTestWithACAN</h4>
					<p>
						Result: <b>FAIL</b>
					</p>
					<pre class="pre-scrollable">/Users/alranel/Documents/git/arduino/arduino-testlib/cli-datadir/user/libraries/ACAN2515Tiny/examples/TinyTestWithACAN/TinyTestWithACAN.ino: In function &#39;void setup()&#39;:
/Users/alranel/Documents/git/arduino/arduino-testlib/cli-datadir/user/libraries/ACAN2515Tiny/examples/TinyTestWithACAN/TinyTestWithACAN.ino:66:7: error: &#39;class SPIClassSAMD&#39; has no member named &#39;setMOSI&#39;
   SPI.setMOSI (MCP2515_SI) ;
       ^~~~~~~
/Users/alranel/Documents/git/arduino/arduino-testlib/cli-datadir/user/libraries/ACAN2515Tiny/examples/TinyTestWithACAN/TinyTestWithACAN.ino:67:7: error: &#39;class SPIClassSAMD&#39; has no member named &#39;setMISO&#39;
   SPI.setMISO (MCP2515_SO) ;
       ^~~~~~~
/Users/alranel/Documents/git/arduino/arduino-testlib/cli-datadir/user/libraries/ACAN2515Tiny/examples/TinyTestWithACAN/TinyTestWithACAN.ino:68:7: error: &#39;class SPIClassSAMD&#39; has no member named &#39;setSCK&#39;
   SPI.setSCK (MCP2515_SCK) ;
       ^~~~~~

</pre>
					
				
				<h3 id="esp32:esp32:d1_mini32">esp32:esp32:d1_mini32 @ 1.0.6</h3>
				<h4>Inclusion</h4>
				<p>
					Result: <b>FAIL</b>
					
				</p>
				<pre class="pre-scrollable">/home/ec2-user/arduino-testlib/cli-datadir/user/libraries/ACAN2515Tiny/src/ACAN2515Tiny.cpp: In member function &#39;uint16_t ACAN2515Tiny::beginWithoutFilterCheck(const ACAN2515TinySettings&amp;, void (*)(), ACAN2515Mask, ACAN2515Mask, const ACAN2515AcceptanceFilter*, uint8_t)&#39;:
/home/ec2-user/arduino-testlib/cli-datadir/user/libraries/ACAN2515Tiny/src/ACAN2515Tiny.cpp:155:10: error: &#39;class SPIClass&#39; has no member named &#39;usingInterrupt&#39;
     mSPI.usingInterrupt (itPin) ;
          ^

</pre>

					
					<h4>examples/TinyLoopBackDemo</h4>
					<p>
						Result: <b>FAIL</b>
					</p>
					<pre class="pre-scrollable">/home/ec2-user/arduino-testlib/cli-datadir/user/libraries/ACAN2515Tiny/src/ACAN2515Tiny.cpp: In member function &#39;uint16_t ACAN2515Tiny::beginWithoutFilterCheck(const ACAN2515TinySettings&amp;, void (*)(), ACAN2515Mask, ACAN2515Mask, const ACAN2515AcceptanceFilter*, uint8_t)&#39;:
/home/ec2-user/arduino-testlib/cli-datadir/user/libraries/ACAN2515Tiny/src/ACAN2515Tiny.cpp:155:10: error: &#39;class SPIClass&#39; has no member named &#39;usingInterrupt&#39;
     mSPI.usingInterrupt (itPin) ;
          ^

</pre>
					
					<h4>examples/TinyLoopBackDemoAdafruitFeatherM0</h4>
					<p>
						Result: <b>FAIL</b>
					</p>
					<pre class="pre-scrollable">/home/ec2-user/arduino-testlib/cli-datadir/user/libraries/ACAN2515Tiny/examples/TinyLoopBackDemoAdafruitFeatherM0/TinyLoopBackDemoAdafruitFeatherM0.ino:25:18: error: &#39;sercom1&#39; was not declared in this scope
 SPIClass mySPI (&amp;sercom1, MCP2515_SO, MCP2515_SI, MCP2515_SCK, SPI_PAD_0_SCK_3, SERCOM_RX_PAD_2);
                  ^
/home/ec2-user/arduino-testlib/cli-datadir/user/libraries/ACAN2515Tiny/examples/TinyLoopBackDemoAdafruitFeatherM0/TinyLoopBackDemoAdafruitFeatherM0.ino:25:64: error: &#39;SPI_PAD_0_SCK_3&#39; was not declared in this scope
 SPIClass mySPI (&amp;sercom1, MCP2515_SO, MCP2515_SI, MCP2515_SCK, SPI_PAD_0_SCK_3, SERCOM_RX_PAD_2);
                                                                ^
/home/ec2-user/arduino-testlib/cli-datadir/user/libraries/ACAN2515Tiny/examples/TinyLoopBackDemoAdafruitFeatherM0/TinyLoopBackDemoAdafruitFeatherM0.ino:25:81: error: &#39;SERCOM_RX_PAD_2&#39; was not declared in this scope
 SPIClass mySPI (&amp;sercom1, MCP2515_SO, MCP2515_SI, MCP2515_SCK, SPI_PAD_0_SCK_3, SERCOM_RX_PAD_2);
                                                                                 ^
/home/ec2-user/arduino-testlib/cli-datadir/user/libraries/ACAN2515Tiny/examples/TinyLoopBackDemoAdafruitFeatherM0/TinyLoopBackDemoAdafruitFeatherM0.ino: In function &#39;void setup()&#39;:
/home/ec2-user/arduino-testlib/cli-datadir/user/libraries/ACAN2515Tiny/examples/TinyLoopBackDemoAdafruitFeatherM0/TinyLoopBackDemoAdafruitFeatherM0.ino:60:30: error: &#39;PIO_SERCOM&#39; was not declared in this scope
   pinPeripheral (MCP2515_SI, PIO_SERCOM);
                              ^
/home/ec2-user/arduino-testlib/cli-datadir/user/libraries/ACAN2515Tiny/examples/TinyLoopBackDemoAdafruitFeatherM0/TinyLoopBackDemoAdafruitFeatherM0.ino:60:40: error: &#39;pinPeripheral&#39; was not declared in this scope
   pinPeripheral (MCP2515_SI, PIO_SERCOM);
                                        ^

</pre>
					
					<h4>examples/TinyLoopBackDemoBitRateSettings</h4>
					<p>
						Result: <b>FAIL</b>
					</p>
					<pre class="pre-scrollable">/home/ec2-user/arduino-testlib/cli-datadir/user/libraries/ACAN2515Tiny/src/ACAN2515Tiny.cpp: In member function &#39;uint16_t ACAN2515Tiny::beginWithoutFilterCheck(const ACAN2515TinySettings&amp;, void (*)(), ACAN2515Mask, ACAN2515Mask, const ACAN2515AcceptanceFilter*, uint8_t)&#39;:
/home/ec2-user/arduino-testlib/cli-datadir/user/libraries/ACAN2515Tiny/src/ACAN2515Tiny.cpp:155:10: error: &#39;class SPIClass&#39; has no member named &#39;usingInterrupt&#39;
     mSPI.usingInterrupt (itPin) ;
          ^

</pre>
					
					<h4>examples/TinyLoopBackDemoTeensy3x</h4>
					<p>
						Result: <b>FAIL</b>
					</p>
					<pre class="pre-scrollable">/home/ec2-user/arduino-testlib/cli-datadir/user/libraries/ACAN2515Tiny/examples/TinyLoopBackDemoTeensy3x/TinyLoopBackDemoTeensy3x.ino: In function &#39;void setup()&#39;:
/home/ec2-user/arduino-testlib/cli-datadir/user/libraries/ACAN2515Tiny/examples/TinyLoopBackDemoTeensy3x/TinyLoopBackDemoTeensy3x.ino:57:23: error: &#39;class SPIClass&#39; has no member named &#39;pinIsMOSI&#39;
   Serial.println (SPI.pinIsMOSI (MCP2515_SI) ? &#34;yes&#34; : &#34;NO!!!&#34;) ;
                       ^
/home/ec2-user/arduino-testlib/cli-datadir/user/libraries/ACAN2515Tiny/examples/TinyLoopBackDemoTeensy3x/TinyLoopBackDemoTeensy3x.ino:61:23: error: &#39;class SPIClass&#39; has no member named &#39;pinIsMISO&#39;
   Serial.println (SPI.pinIsMISO (MCP2515_SO) ? &#34;yes&#34; : &#34;NO!!!&#34;) ;
                       ^
/home/ec2-user/arduino-testlib/cli-datadir/user/libraries/ACAN2515Tiny/examples/TinyLoopBackDemoTeensy3x/TinyLoopBackDemoTeensy3x.ino:65:23: error: &#39;class SPIClass&#39; has no member named &#39;pinIsSCK&#39;
   Serial.println (SPI.pinIsSCK (MCP2515_SCK) ? &#34;yes&#34; : &#34;NO!!!&#34;) ;
                       ^
/home/ec2-user/arduino-testlib/cli-datadir/user/libraries/ACAN2515Tiny/examples/TinyLoopBackDemoTeensy3x/TinyLoopBackDemoTeensy3x.ino:66:7: error: &#39;class SPIClass&#39; has no member named &#39;setMOSI&#39;
   SPI.setMOSI (MCP2515_SI) ;
       ^
/home/ec2-user/arduino-testlib/cli-datadir/user/libraries/ACAN2515Tiny/examples/TinyLoopBackDemoTeensy3x/TinyLoopBackDemoTeensy3x.ino:67:7: error: &#39;class SPIClass&#39; has no member named &#39;setMISO&#39;
   SPI.setMISO (MCP2515_SO) ;
       ^
/home/ec2-user/arduino-testlib/cli-datadir/user/libraries/ACAN2515Tiny/examples/TinyLoopBackDemoTeensy3x/TinyLoopBackDemoTeensy3x.ino:68:7: error: &#39;class SPIClass&#39; has no member named &#39;setSCK&#39;
   SPI.setSCK (MCP2515_SCK) ;
       ^

</pre>
					
					<h4>examples/TinyLoopBackFilterDataByte</h4>
					<p>
						Result: <b>FAIL</b>
					</p>
					<pre class="pre-scrollable">/home/ec2-user/arduino-testlib/cli-datadir/user/libraries/ACAN2515Tiny/examples/TinyLoopBackFilterDataByte/TinyLoopBackFilterDataByte.ino: In function &#39;void setup()&#39;:
/home/ec2-user/arduino-testlib/cli-datadir/user/libraries/ACAN2515Tiny/examples/TinyLoopBackFilterDataByte/TinyLoopBackFilterDataByte.ino:72:7: error: &#39;class SPIClass&#39; has no member named &#39;setMOSI&#39;
   SPI.setMOSI (MCP2515_SI) ;
       ^
/home/ec2-user/arduino-testlib/cli-datadir/user/libraries/ACAN2515Tiny/examples/TinyLoopBackFilterDataByte/TinyLoopBackFilterDataByte.ino:73:7: error: &#39;class SPIClass&#39; has no member named &#39;setMISO&#39;
   SPI.setMISO (MCP2515_SO) ;
       ^
/home/ec2-user/arduino-testlib/cli-datadir/user/libraries/ACAN2515Tiny/examples/TinyLoopBackFilterDataByte/TinyLoopBackFilterDataByte.ino:74:7: error: &#39;class SPIClass&#39; has no member named &#39;setSCK&#39;
   SPI.setSCK (MCP2515_SCK) ;
       ^

</pre>
					
					<h4>examples/TinyLoopBackUsingFilters</h4>
					<p>
						Result: <b>FAIL</b>
					</p>
					<pre class="pre-scrollable">/home/ec2-user/arduino-testlib/cli-datadir/user/libraries/ACAN2515Tiny/examples/TinyLoopBackUsingFilters/TinyLoopBackUsingFilters.ino: In function &#39;void setup()&#39;:
/home/ec2-user/arduino-testlib/cli-datadir/user/libraries/ACAN2515Tiny/examples/TinyLoopBackUsingFilters/TinyLoopBackUsingFilters.ino:84:7: error: &#39;class SPIClass&#39; has no member named &#39;setMOSI&#39;
   SPI.setMOSI (MCP2515_SI) ;
       ^
/home/ec2-user/arduino-testlib/cli-datadir/user/libraries/ACAN2515Tiny/examples/TinyLoopBackUsingFilters/TinyLoopBackUsingFilters.ino:85:7: error: &#39;class SPIClass&#39; has no member named &#39;setMISO&#39;
   SPI.setMISO (MCP2515_SO) ;
       ^
/home/ec2-user/arduino-testlib/cli-datadir/user/libraries/ACAN2515Tiny/examples/TinyLoopBackUsingFilters/TinyLoopBackUsingFilters.ino:86:7: error: &#39;class SPIClass&#39; has no member named &#39;setSCK&#39;
   SPI.setSCK (MCP2515_SCK) ;
       ^

</pre>
					
					<h4>examples/TinyTestWithACAN</h4>
					<p>
						Result: <b>FAIL</b>
					</p>
					<pre class="pre-scrollable">/home/ec2-user/arduino-testlib/cli-datadir/user/libraries/ACAN2515Tiny/examples/TinyTestWithACAN/TinyTestWithACAN.ino: In function &#39;void setup()&#39;:
/home/ec2-user/arduino-testlib/cli-datadir/user/libraries/ACAN2515Tiny/examples/TinyTestWithACAN/TinyTestWithACAN.ino:66:7: error: &#39;class SPIClass&#39; has no member named &#39;setMOSI&#39;
   SPI.setMOSI (MCP2515_SI) ;
       ^
/home/ec2-user/arduino-testlib/cli-datadir/user/libraries/ACAN2515Tiny/examples/TinyTestWithACAN/TinyTestWithACAN.ino:67:7: error: &#39;class SPIClass&#39; has no member named &#39;setMISO&#39;
   SPI.setMISO (MCP2515_SO) ;
       ^
/home/ec2-user/arduino-testlib/cli-datadir/user/libraries/ACAN2515Tiny/examples/TinyTestWithACAN/TinyTestWithACAN.ino:68:7: error: &#39;class SPIClass&#39; has no member named &#39;setSCK&#39;
   SPI.setSCK (MCP2515_SCK) ;
       ^

</pre>
					
				
			</div>
		</div>
	</div>
  </body>
</html>
