
<!doctype html>
<html lang="en">
  <head>
    <meta charset="utf-8">
    <meta name="viewport" content="width=device-width, initial-scale=1">
    <link href="https://cdn.jsdelivr.net/npm/bootstrap@5.0.2/dist/css/bootstrap.min.css" rel="stylesheet" integrity="sha384-EVSTQN3/azprG1Anm3QDgpJLIm9Nao0Yz1ztcQTwFspd3yD65VohhpuuCOmLASjC" crossorigin="anonymous">
    <title>arduino-testlib report</title>
	<style>
	.pass { background-color: #00FF00 !important; }
	.fail { background-color: #FF0000 !important; }
	</style>
  </head>
  <body>
	<div class="container">
		<div class="row">
			<div class="col">
				<h1>ACAN - compatibility matrix</h1>
				<p>
					<small>This report was generated on Wednesday, 23-Feb-22 22:48:15 CET using 
					<a href="https://github.com/alranel/arduino-testlib">arduino-testlib</a>.</small>
				</p>

				<h2>ACAN</h2>
				<p>
					Version: <b>2.0.3</b>
					<br />
					<a href="https://www.arduino.cc/reference/en/libraries/acan/">More details</a>
				</p>

				<h2>Compatibility matrix</h2>
				<table class="table table-bordered">
					<tr>
						<th>Board</th>
						<th>Claims compatibility</th>
						<th>Inclusion</th>
						
						<th><pre>SendReceiveRemoteFrames</pre></th>
						
						<th><pre>Teensy36Test</pre></th>
						
						<th><pre>LoopBackDemo</pre></th>
						
						<th><pre>ReceivePrimaryFilters</pre></th>
						
						<th><pre>ReceivePrimarySecondaryFilters</pre></th>
						
					</tr>
					
					<tr>
						<td>
							<a href="#arduino%3aavr%3auno"><b>arduino:avr:uno</b></a>
							<br />
							<small>1.8.4</small>
						</td>

						
						
						
							<td>Yes ⚠️</td>
							<td class="fail">FAIL</td>
						
						

						
							
								
									
										
									
										
									
										
									
										
											
											<td class="fail">FAIL</td>
										
									
										
									
								
							
								
							
								
							
								
							
								
							
						
							
								
									
										
									
										
									
										
									
										
									
										
											
											<td class="fail">FAIL</td>
										
									
								
							
								
							
								
							
								
							
								
							
						
							
								
									
										
											
											<td class="fail">FAIL</td>
										
									
										
									
										
									
										
									
										
									
								
							
								
							
								
							
								
							
								
							
						
							
								
									
										
									
										
											
											<td class="fail">FAIL</td>
										
									
										
									
										
									
										
									
								
							
								
							
								
							
								
							
								
							
						
							
								
									
										
									
										
									
										
											
											<td class="fail">FAIL</td>
										
									
										
									
										
									
								
							
								
							
								
							
								
							
								
							
						
					</tr>
					
					<tr>
						<td>
							<a href="#arduino%3ambed_nano%3ananorp2040connect"><b>arduino:mbed_nano:nanorp2040connect</b></a>
							<br />
							<small>2.7.2</small>
						</td>

						
						
						
							<td>Yes ⚠️</td>
							<td class="fail">FAIL</td>
						
						

						
							
								
							
								
									
										
									
										
									
										
									
										
											
											<td class="fail">FAIL</td>
										
									
										
									
								
							
								
							
								
							
								
							
						
							
								
							
								
									
										
									
										
									
										
									
										
									
										
											
											<td class="fail">FAIL</td>
										
									
								
							
								
							
								
							
								
							
						
							
								
							
								
									
										
											
											<td class="fail">FAIL</td>
										
									
										
									
										
									
										
									
										
									
								
							
								
							
								
							
								
							
						
							
								
							
								
									
										
									
										
											
											<td class="fail">FAIL</td>
										
									
										
									
										
									
										
									
								
							
								
							
								
							
								
							
						
							
								
							
								
									
										
									
										
									
										
											
											<td class="fail">FAIL</td>
										
									
										
									
										
									
								
							
								
							
								
							
								
							
						
					</tr>
					
					<tr>
						<td>
							<a href="#arduino%3amegaavr%3anona4809"><b>arduino:megaavr:nona4809</b></a>
							<br />
							<small>1.8.7</small>
						</td>

						
						
						
							<td>Yes ⚠️</td>
							<td class="fail">FAIL</td>
						
						

						
							
								
							
								
							
								
									
										
									
										
									
										
									
										
											
											<td class="fail">FAIL</td>
										
									
										
									
								
							
								
							
								
							
						
							
								
							
								
							
								
									
										
									
										
									
										
									
										
									
										
											
											<td class="fail">FAIL</td>
										
									
								
							
								
							
								
							
						
							
								
							
								
							
								
									
										
											
											<td class="fail">FAIL</td>
										
									
										
									
										
									
										
									
										
									
								
							
								
							
								
							
						
							
								
							
								
							
								
									
										
									
										
											
											<td class="fail">FAIL</td>
										
									
										
									
										
									
										
									
								
							
								
							
								
							
						
							
								
							
								
							
								
									
										
									
										
									
										
											
											<td class="fail">FAIL</td>
										
									
										
									
										
									
								
							
								
							
								
							
						
					</tr>
					
					<tr>
						<td>
							<a href="#arduino%3asamd%3amkrwifi1010"><b>arduino:samd:mkrwifi1010</b></a>
							<br />
							<small>1.8.12</small>
						</td>

						
						
						
							<td>Yes ⚠️</td>
							<td class="fail">FAIL</td>
						
						

						
							
								
							
								
							
								
							
								
									
										
									
										
									
										
									
										
											
											<td class="fail">FAIL</td>
										
									
										
									
								
							
								
							
						
							
								
							
								
							
								
							
								
									
										
									
										
									
										
									
										
									
										
											
											<td class="fail">FAIL</td>
										
									
								
							
								
							
						
							
								
							
								
							
								
							
								
									
										
											
											<td class="fail">FAIL</td>
										
									
										
									
										
									
										
									
										
									
								
							
								
							
						
							
								
							
								
							
								
							
								
									
										
									
										
											
											<td class="fail">FAIL</td>
										
									
										
									
										
									
										
									
								
							
								
							
						
							
								
							
								
							
								
							
								
									
										
									
										
									
										
											
											<td class="fail">FAIL</td>
										
									
										
									
										
									
								
							
								
							
						
					</tr>
					
					<tr>
						<td>
							<a href="#esp32%3aesp32%3ad1_mini32"><b>esp32:esp32:d1_mini32</b></a>
							<br />
							<small>1.0.6</small>
						</td>

						
						
						
							<td>Yes ⚠️</td>
							<td class="fail">FAIL</td>
						
						

						
							
								
							
								
							
								
							
								
							
								
									
										
									
										
									
										
									
										
											
											<td class="fail">FAIL</td>
										
									
										
									
								
							
						
							
								
							
								
							
								
							
								
							
								
									
										
									
										
									
										
									
										
									
										
											
											<td class="fail">FAIL</td>
										
									
								
							
						
							
								
							
								
							
								
							
								
							
								
									
										
											
											<td class="fail">FAIL</td>
										
									
										
									
										
									
										
									
										
									
								
							
						
							
								
							
								
							
								
							
								
							
								
									
										
									
										
											
											<td class="fail">FAIL</td>
										
									
										
									
										
									
										
									
								
							
						
							
								
							
								
							
								
							
								
							
								
									
										
									
										
									
										
											
											<td class="fail">FAIL</td>
										
									
										
									
										
									
								
							
						
					</tr>
					
				</table>

				<h2>Compilation logs</h2>
				
				<h3 id="arduino:avr:uno">arduino:avr:uno @ 1.8.4</h3>
				<h4>Inclusion</h4>
				<p>
					Result: <b>FAIL</b>
					
				</p>
				<pre class="pre-scrollable">/Users/alranel/Documents/git/arduino/arduino-testlib/cli-datadir/user/libraries/ACAN/src/ACAN.cpp: In member function &#39;uint32_t ACAN::begin(const ACANSettings&amp;, const ACANPrimaryFilter*, uint32_t, const ACANSecondaryFilter*, uint32_t)&#39;:
/Users/alranel/Documents/git/arduino/arduino-testlib/cli-datadir/user/libraries/ACAN/src/ACAN.cpp:365:7: error: &#39;PORT_PCR_MUX&#39; was not declared in this scope
       PORT_PCR_MUX(2) | // Select function #2
       ^~~~~~~~~~~~
/Users/alranel/Documents/git/arduino/arduino-testlib/cli-datadir/user/libraries/ACAN/src/ACAN.cpp:365:7: note: suggested alternative: &#39;UINTPTR_MAX&#39;
       PORT_PCR_MUX(2) | // Select function #2
       ^~~~~~~~~~~~
       UINTPTR_MAX
/Users/alranel/Documents/git/arduino/arduino-testlib/cli-datadir/user/libraries/ACAN/src/ACAN.cpp:366:43: error: &#39;PORT_PCR_ODE&#39; was not declared in this scope
       (inSettings.mTxPinIsOpenCollector ? PORT_PCR_ODE : 0) // Open collector ?
                                           ^~~~~~~~~~~~
/Users/alranel/Documents/git/arduino/arduino-testlib/cli-datadir/user/libraries/ACAN/src/ACAN.cpp:370:46: error: &#39;PORT_PCR_PE&#39; was not declared in this scope
       (inSettings.mRxPinHasInternalPullUp ? (PORT_PCR_PE | PORT_PCR_PS) : 0) // Internal pullup ?
                                              ^~~~~~~~~~~
/Users/alranel/Documents/git/arduino/arduino-testlib/cli-datadir/user/libraries/ACAN/src/ACAN.cpp:370:60: error: &#39;PORT_PCR_PS&#39; was not declared in this scope
       (inSettings.mRxPinHasInternalPullUp ? (PORT_PCR_PE | PORT_PCR_PS) : 0) // Internal pullup ?
                                                            ^~~~~~~~~~~
/Users/alranel/Documents/git/arduino/arduino-testlib/cli-datadir/user/libraries/ACAN/src/ACAN.cpp:425:5: error: &#39;OSC0_CR&#39; was not declared in this scope
     OSC0_CR |= OSC_ERCLKEN ; // Enables external reference clock (§28.8.1.1)
     ^~~~~~~
/Users/alranel/Documents/git/arduino/arduino-testlib/cli-datadir/user/libraries/ACAN/src/ACAN.cpp:425:16: error: &#39;OSC_ERCLKEN&#39; was not declared in this scope
     OSC0_CR |= OSC_ERCLKEN ; // Enables external reference clock (§28.8.1.1)
                ^~~~~~~~~~~
/Users/alranel/Documents/git/arduino/arduino-testlib/cli-datadir/user/libraries/ACAN/src/ACAN.cpp: In member function &#39;bool ACAN::receive(CANMessage&amp;)&#39;:
/Users/alranel/Documents/git/arduino/arduino-testlib/cli-datadir/user/libraries/ACAN/src/ACAN.cpp:578:3: error: expected &#39;;&#39; before &#39;return&#39;
   return hasMessage ;
   ^~~~~~

</pre>

					
					<h4>examples/LoopBackDemo</h4>
					<p>
						Result: <b>FAIL</b>
					</p>
					<pre class="pre-scrollable">/Users/alranel/Documents/git/arduino/arduino-testlib/cli-datadir/user/libraries/ACAN/src/ACAN.cpp: In member function &#39;uint32_t ACAN::begin(const ACANSettings&amp;, const ACANPrimaryFilter*, uint32_t, const ACANSecondaryFilter*, uint32_t)&#39;:
/Users/alranel/Documents/git/arduino/arduino-testlib/cli-datadir/user/libraries/ACAN/src/ACAN.cpp:365:7: error: &#39;PORT_PCR_MUX&#39; was not declared in this scope
       PORT_PCR_MUX(2) | // Select function #2
       ^~~~~~~~~~~~
/Users/alranel/Documents/git/arduino/arduino-testlib/cli-datadir/user/libraries/ACAN/src/ACAN.cpp:365:7: note: suggested alternative: &#39;UINTPTR_MAX&#39;
       PORT_PCR_MUX(2) | // Select function #2
       ^~~~~~~~~~~~
       UINTPTR_MAX
/Users/alranel/Documents/git/arduino/arduino-testlib/cli-datadir/user/libraries/ACAN/src/ACAN.cpp:366:43: error: &#39;PORT_PCR_ODE&#39; was not declared in this scope
       (inSettings.mTxPinIsOpenCollector ? PORT_PCR_ODE : 0) // Open collector ?
                                           ^~~~~~~~~~~~
/Users/alranel/Documents/git/arduino/arduino-testlib/cli-datadir/user/libraries/ACAN/src/ACAN.cpp:370:46: error: &#39;PORT_PCR_PE&#39; was not declared in this scope
       (inSettings.mRxPinHasInternalPullUp ? (PORT_PCR_PE | PORT_PCR_PS) : 0) // Internal pullup ?
                                              ^~~~~~~~~~~
/Users/alranel/Documents/git/arduino/arduino-testlib/cli-datadir/user/libraries/ACAN/src/ACAN.cpp:370:60: error: &#39;PORT_PCR_PS&#39; was not declared in this scope
       (inSettings.mRxPinHasInternalPullUp ? (PORT_PCR_PE | PORT_PCR_PS) : 0) // Internal pullup ?
                                                            ^~~~~~~~~~~
/Users/alranel/Documents/git/arduino/arduino-testlib/cli-datadir/user/libraries/ACAN/src/ACAN.cpp:425:5: error: &#39;OSC0_CR&#39; was not declared in this scope
     OSC0_CR |= OSC_ERCLKEN ; // Enables external reference clock (§28.8.1.1)
     ^~~~~~~
/Users/alranel/Documents/git/arduino/arduino-testlib/cli-datadir/user/libraries/ACAN/src/ACAN.cpp:425:16: error: &#39;OSC_ERCLKEN&#39; was not declared in this scope
     OSC0_CR |= OSC_ERCLKEN ; // Enables external reference clock (§28.8.1.1)
                ^~~~~~~~~~~
/Users/alranel/Documents/git/arduino/arduino-testlib/cli-datadir/user/libraries/ACAN/src/ACAN.cpp: In member function &#39;bool ACAN::receive(CANMessage&amp;)&#39;:
/Users/alranel/Documents/git/arduino/arduino-testlib/cli-datadir/user/libraries/ACAN/src/ACAN.cpp:578:3: error: expected &#39;;&#39; before &#39;return&#39;
   return hasMessage ;
   ^~~~~~

</pre>
					
					<h4>examples/ReceivePrimaryFilters</h4>
					<p>
						Result: <b>FAIL</b>
					</p>
					<pre class="pre-scrollable">/Users/alranel/Documents/git/arduino/arduino-testlib/cli-datadir/user/libraries/ACAN/src/ACAN.cpp: In member function &#39;uint32_t ACAN::begin(const ACANSettings&amp;, const ACANPrimaryFilter*, uint32_t, const ACANSecondaryFilter*, uint32_t)&#39;:
/Users/alranel/Documents/git/arduino/arduino-testlib/cli-datadir/user/libraries/ACAN/src/ACAN.cpp:365:7: error: &#39;PORT_PCR_MUX&#39; was not declared in this scope
       PORT_PCR_MUX(2) | // Select function #2
       ^~~~~~~~~~~~
/Users/alranel/Documents/git/arduino/arduino-testlib/cli-datadir/user/libraries/ACAN/src/ACAN.cpp:365:7: note: suggested alternative: &#39;UINTPTR_MAX&#39;
       PORT_PCR_MUX(2) | // Select function #2
       ^~~~~~~~~~~~
       UINTPTR_MAX
/Users/alranel/Documents/git/arduino/arduino-testlib/cli-datadir/user/libraries/ACAN/src/ACAN.cpp:366:43: error: &#39;PORT_PCR_ODE&#39; was not declared in this scope
       (inSettings.mTxPinIsOpenCollector ? PORT_PCR_ODE : 0) // Open collector ?
                                           ^~~~~~~~~~~~
/Users/alranel/Documents/git/arduino/arduino-testlib/cli-datadir/user/libraries/ACAN/src/ACAN.cpp:370:46: error: &#39;PORT_PCR_PE&#39; was not declared in this scope
       (inSettings.mRxPinHasInternalPullUp ? (PORT_PCR_PE | PORT_PCR_PS) : 0) // Internal pullup ?
                                              ^~~~~~~~~~~
/Users/alranel/Documents/git/arduino/arduino-testlib/cli-datadir/user/libraries/ACAN/src/ACAN.cpp:370:60: error: &#39;PORT_PCR_PS&#39; was not declared in this scope
       (inSettings.mRxPinHasInternalPullUp ? (PORT_PCR_PE | PORT_PCR_PS) : 0) // Internal pullup ?
                                                            ^~~~~~~~~~~
/Users/alranel/Documents/git/arduino/arduino-testlib/cli-datadir/user/libraries/ACAN/src/ACAN.cpp:425:5: error: &#39;OSC0_CR&#39; was not declared in this scope
     OSC0_CR |= OSC_ERCLKEN ; // Enables external reference clock (§28.8.1.1)
     ^~~~~~~
/Users/alranel/Documents/git/arduino/arduino-testlib/cli-datadir/user/libraries/ACAN/src/ACAN.cpp:425:16: error: &#39;OSC_ERCLKEN&#39; was not declared in this scope
     OSC0_CR |= OSC_ERCLKEN ; // Enables external reference clock (§28.8.1.1)
                ^~~~~~~~~~~
/Users/alranel/Documents/git/arduino/arduino-testlib/cli-datadir/user/libraries/ACAN/src/ACAN.cpp: In member function &#39;bool ACAN::receive(CANMessage&amp;)&#39;:
/Users/alranel/Documents/git/arduino/arduino-testlib/cli-datadir/user/libraries/ACAN/src/ACAN.cpp:578:3: error: expected &#39;;&#39; before &#39;return&#39;
   return hasMessage ;
   ^~~~~~

</pre>
					
					<h4>examples/ReceivePrimarySecondaryFilters</h4>
					<p>
						Result: <b>FAIL</b>
					</p>
					<pre class="pre-scrollable">/Users/alranel/Documents/git/arduino/arduino-testlib/cli-datadir/user/libraries/ACAN/src/ACAN.cpp: In member function &#39;uint32_t ACAN::begin(const ACANSettings&amp;, const ACANPrimaryFilter*, uint32_t, const ACANSecondaryFilter*, uint32_t)&#39;:
/Users/alranel/Documents/git/arduino/arduino-testlib/cli-datadir/user/libraries/ACAN/src/ACAN.cpp:365:7: error: &#39;PORT_PCR_MUX&#39; was not declared in this scope
       PORT_PCR_MUX(2) | // Select function #2
       ^~~~~~~~~~~~
/Users/alranel/Documents/git/arduino/arduino-testlib/cli-datadir/user/libraries/ACAN/src/ACAN.cpp:365:7: note: suggested alternative: &#39;UINTPTR_MAX&#39;
       PORT_PCR_MUX(2) | // Select function #2
       ^~~~~~~~~~~~
       UINTPTR_MAX
/Users/alranel/Documents/git/arduino/arduino-testlib/cli-datadir/user/libraries/ACAN/src/ACAN.cpp:366:43: error: &#39;PORT_PCR_ODE&#39; was not declared in this scope
       (inSettings.mTxPinIsOpenCollector ? PORT_PCR_ODE : 0) // Open collector ?
                                           ^~~~~~~~~~~~
/Users/alranel/Documents/git/arduino/arduino-testlib/cli-datadir/user/libraries/ACAN/src/ACAN.cpp:370:46: error: &#39;PORT_PCR_PE&#39; was not declared in this scope
       (inSettings.mRxPinHasInternalPullUp ? (PORT_PCR_PE | PORT_PCR_PS) : 0) // Internal pullup ?
                                              ^~~~~~~~~~~
/Users/alranel/Documents/git/arduino/arduino-testlib/cli-datadir/user/libraries/ACAN/src/ACAN.cpp:370:60: error: &#39;PORT_PCR_PS&#39; was not declared in this scope
       (inSettings.mRxPinHasInternalPullUp ? (PORT_PCR_PE | PORT_PCR_PS) : 0) // Internal pullup ?
                                                            ^~~~~~~~~~~
/Users/alranel/Documents/git/arduino/arduino-testlib/cli-datadir/user/libraries/ACAN/src/ACAN.cpp:425:5: error: &#39;OSC0_CR&#39; was not declared in this scope
     OSC0_CR |= OSC_ERCLKEN ; // Enables external reference clock (§28.8.1.1)
     ^~~~~~~
/Users/alranel/Documents/git/arduino/arduino-testlib/cli-datadir/user/libraries/ACAN/src/ACAN.cpp:425:16: error: &#39;OSC_ERCLKEN&#39; was not declared in this scope
     OSC0_CR |= OSC_ERCLKEN ; // Enables external reference clock (§28.8.1.1)
                ^~~~~~~~~~~
/Users/alranel/Documents/git/arduino/arduino-testlib/cli-datadir/user/libraries/ACAN/src/ACAN.cpp: In member function &#39;bool ACAN::receive(CANMessage&amp;)&#39;:
/Users/alranel/Documents/git/arduino/arduino-testlib/cli-datadir/user/libraries/ACAN/src/ACAN.cpp:578:3: error: expected &#39;;&#39; before &#39;return&#39;
   return hasMessage ;
   ^~~~~~

</pre>
					
					<h4>examples/SendReceiveRemoteFrames</h4>
					<p>
						Result: <b>FAIL</b>
					</p>
					<pre class="pre-scrollable">/Users/alranel/Documents/git/arduino/arduino-testlib/cli-datadir/user/libraries/ACAN/examples/SendReceiveRemoteFrames/SendReceiveRemoteFrames.ino:17:4: error: #error &#34;This sketch should be compiled for Teensy 3.6&#34;
   #error &#34;This sketch should be compiled for Teensy 3.6&#34;
    ^~~~~

</pre>
					
					<h4>examples/Teensy36Test</h4>
					<p>
						Result: <b>FAIL</b>
					</p>
					<pre class="pre-scrollable">/Users/alranel/Documents/git/arduino/arduino-testlib/cli-datadir/user/libraries/ACAN/examples/Teensy36Test/Teensy36Test.ino: In function &#39;void setup()&#39;:
/Users/alranel/Documents/git/arduino/arduino-testlib/cli-datadir/user/libraries/ACAN/examples/Teensy36Test/Teensy36Test.ino:39:30: error: &#39;can1&#39; is not a member of &#39;ACAN&#39;
   uint32_t errorCode = ACAN::can1.begin (settings) ;
                              ^~~~
/Users/alranel/Documents/git/arduino/arduino-testlib/cli-datadir/user/libraries/ACAN/examples/Teensy36Test/Teensy36Test.ino: In function &#39;void loop()&#39;:
/Users/alranel/Documents/git/arduino/arduino-testlib/cli-datadir/user/libraries/ACAN/examples/Teensy36Test/Teensy36Test.ino:104:27: error: &#39;can1&#39; is not a member of &#39;ACAN&#39;
     const bool ok = ACAN::can1.tryToSend (frame) ;
                           ^~~~
/Users/alranel/Documents/git/arduino/arduino-testlib/cli-datadir/user/libraries/ACAN/examples/Teensy36Test/Teensy36Test.ino:115:13: error: &#39;can1&#39; is not a member of &#39;ACAN&#39;
   if (ACAN::can1.available ()) {
             ^~~~
/Users/alranel/Documents/git/arduino/arduino-testlib/cli-datadir/user/libraries/ACAN/examples/Teensy36Test/Teensy36Test.ino:116:11: error: &#39;can1&#39; is not a member of &#39;ACAN&#39;
     ACAN::can1.receive (frame) ;
           ^~~~

</pre>
					
				
				<h3 id="arduino:mbed_nano:nanorp2040connect">arduino:mbed_nano:nanorp2040connect @ 2.7.2</h3>
				<h4>Inclusion</h4>
				<p>
					Result: <b>FAIL</b>
					
				</p>
				<pre class="pre-scrollable">/home/ec2-user/arduino-testlib/cli-datadir/user/libraries/ACAN/src/ACAN.cpp: In member function &#39;uint32_t ACAN::begin(const ACANSettings&amp;, const ACANPrimaryFilter*, uint32_t, const ACANSecondaryFilter*, uint32_t)&#39;:
/home/ec2-user/arduino-testlib/cli-datadir/user/libraries/ACAN/src/ACAN.cpp:365:7: error: &#39;PORT_PCR_MUX&#39; was not declared in this scope
       PORT_PCR_MUX(2) | // Select function #2
       ^~~~~~~~~~~~
/home/ec2-user/arduino-testlib/cli-datadir/user/libraries/ACAN/src/ACAN.cpp:365:7: note: suggested alternative: &#39;UINTPTR_MAX&#39;
       PORT_PCR_MUX(2) | // Select function #2
       ^~~~~~~~~~~~
       UINTPTR_MAX
/home/ec2-user/arduino-testlib/cli-datadir/user/libraries/ACAN/src/ACAN.cpp:366:43: error: &#39;PORT_PCR_ODE&#39; was not declared in this scope
       (inSettings.mTxPinIsOpenCollector ? PORT_PCR_ODE : 0) // Open collector ?
                                           ^~~~~~~~~~~~
/home/ec2-user/arduino-testlib/cli-datadir/user/libraries/ACAN/src/ACAN.cpp:366:43: note: suggested alternative: &#39;O_ACCMODE&#39;
       (inSettings.mTxPinIsOpenCollector ? PORT_PCR_ODE : 0) // Open collector ?
                                           ^~~~~~~~~~~~
                                           O_ACCMODE
/home/ec2-user/arduino-testlib/cli-datadir/user/libraries/ACAN/src/ACAN.cpp:370:46: error: &#39;PORT_PCR_PE&#39; was not declared in this scope
       (inSettings.mRxPinHasInternalPullUp ? (PORT_PCR_PE | PORT_PCR_PS) : 0) // Internal pullup ?
                                              ^~~~~~~~~~~
/home/ec2-user/arduino-testlib/cli-datadir/user/libraries/ACAN/src/ACAN.cpp:370:60: error: &#39;PORT_PCR_PS&#39; was not declared in this scope
       (inSettings.mRxPinHasInternalPullUp ? (PORT_PCR_PE | PORT_PCR_PS) : 0) // Internal pullup ?
                                                            ^~~~~~~~~~~
/home/ec2-user/arduino-testlib/cli-datadir/user/libraries/ACAN/src/ACAN.cpp:425:5: error: &#39;OSC0_CR&#39; was not declared in this scope
     OSC0_CR |= OSC_ERCLKEN ; // Enables external reference clock (§28.8.1.1)
     ^~~~~~~
/home/ec2-user/arduino-testlib/cli-datadir/user/libraries/ACAN/src/ACAN.cpp:425:5: note: suggested alternative: &#39;I2C0_IRQ&#39;
     OSC0_CR |= OSC_ERCLKEN ; // Enables external reference clock (§28.8.1.1)
     ^~~~~~~
     I2C0_IRQ
/home/ec2-user/arduino-testlib/cli-datadir/user/libraries/ACAN/src/ACAN.cpp:425:16: error: &#39;OSC_ERCLKEN&#39; was not declared in this scope
     OSC0_CR |= OSC_ERCLKEN ; // Enables external reference clock (§28.8.1.1)
                ^~~~~~~~~~~
/home/ec2-user/arduino-testlib/cli-datadir/user/libraries/ACAN/src/ACAN.cpp: In member function &#39;bool ACAN::receive(CANMessage&amp;)&#39;:
/home/ec2-user/arduino-testlib/cli-datadir/user/libraries/ACAN/src/ACAN.cpp:578:3: error: expected &#39;;&#39; before &#39;return&#39;
   return hasMessage ;
   ^~~~~~

</pre>

					
					<h4>examples/LoopBackDemo</h4>
					<p>
						Result: <b>FAIL</b>
					</p>
					<pre class="pre-scrollable">/home/ec2-user/arduino-testlib/cli-datadir/user/libraries/ACAN/src/ACAN.cpp: In member function &#39;uint32_t ACAN::begin(const ACANSettings&amp;, const ACANPrimaryFilter*, uint32_t, const ACANSecondaryFilter*, uint32_t)&#39;:
/home/ec2-user/arduino-testlib/cli-datadir/user/libraries/ACAN/src/ACAN.cpp:365:7: error: &#39;PORT_PCR_MUX&#39; was not declared in this scope
       PORT_PCR_MUX(2) | // Select function #2
       ^~~~~~~~~~~~
/home/ec2-user/arduino-testlib/cli-datadir/user/libraries/ACAN/src/ACAN.cpp:365:7: note: suggested alternative: &#39;UINTPTR_MAX&#39;
       PORT_PCR_MUX(2) | // Select function #2
       ^~~~~~~~~~~~
       UINTPTR_MAX
/home/ec2-user/arduino-testlib/cli-datadir/user/libraries/ACAN/src/ACAN.cpp:366:43: error: &#39;PORT_PCR_ODE&#39; was not declared in this scope
       (inSettings.mTxPinIsOpenCollector ? PORT_PCR_ODE : 0) // Open collector ?
                                           ^~~~~~~~~~~~
/home/ec2-user/arduino-testlib/cli-datadir/user/libraries/ACAN/src/ACAN.cpp:366:43: note: suggested alternative: &#39;O_ACCMODE&#39;
       (inSettings.mTxPinIsOpenCollector ? PORT_PCR_ODE : 0) // Open collector ?
                                           ^~~~~~~~~~~~
                                           O_ACCMODE
/home/ec2-user/arduino-testlib/cli-datadir/user/libraries/ACAN/src/ACAN.cpp:370:46: error: &#39;PORT_PCR_PE&#39; was not declared in this scope
       (inSettings.mRxPinHasInternalPullUp ? (PORT_PCR_PE | PORT_PCR_PS) : 0) // Internal pullup ?
                                              ^~~~~~~~~~~
/home/ec2-user/arduino-testlib/cli-datadir/user/libraries/ACAN/src/ACAN.cpp:370:60: error: &#39;PORT_PCR_PS&#39; was not declared in this scope
       (inSettings.mRxPinHasInternalPullUp ? (PORT_PCR_PE | PORT_PCR_PS) : 0) // Internal pullup ?
                                                            ^~~~~~~~~~~
/home/ec2-user/arduino-testlib/cli-datadir/user/libraries/ACAN/src/ACAN.cpp:425:5: error: &#39;OSC0_CR&#39; was not declared in this scope
     OSC0_CR |= OSC_ERCLKEN ; // Enables external reference clock (§28.8.1.1)
     ^~~~~~~
/home/ec2-user/arduino-testlib/cli-datadir/user/libraries/ACAN/src/ACAN.cpp:425:5: note: suggested alternative: &#39;I2C0_IRQ&#39;
     OSC0_CR |= OSC_ERCLKEN ; // Enables external reference clock (§28.8.1.1)
     ^~~~~~~
     I2C0_IRQ
/home/ec2-user/arduino-testlib/cli-datadir/user/libraries/ACAN/src/ACAN.cpp:425:16: error: &#39;OSC_ERCLKEN&#39; was not declared in this scope
     OSC0_CR |= OSC_ERCLKEN ; // Enables external reference clock (§28.8.1.1)
                ^~~~~~~~~~~
/home/ec2-user/arduino-testlib/cli-datadir/user/libraries/ACAN/src/ACAN.cpp: In member function &#39;bool ACAN::receive(CANMessage&amp;)&#39;:
/home/ec2-user/arduino-testlib/cli-datadir/user/libraries/ACAN/src/ACAN.cpp:578:3: error: expected &#39;;&#39; before &#39;return&#39;
   return hasMessage ;
   ^~~~~~

</pre>
					
					<h4>examples/ReceivePrimaryFilters</h4>
					<p>
						Result: <b>FAIL</b>
					</p>
					<pre class="pre-scrollable">/home/ec2-user/arduino-testlib/cli-datadir/user/libraries/ACAN/src/ACAN.cpp: In member function &#39;uint32_t ACAN::begin(const ACANSettings&amp;, const ACANPrimaryFilter*, uint32_t, const ACANSecondaryFilter*, uint32_t)&#39;:
/home/ec2-user/arduino-testlib/cli-datadir/user/libraries/ACAN/src/ACAN.cpp:365:7: error: &#39;PORT_PCR_MUX&#39; was not declared in this scope
       PORT_PCR_MUX(2) | // Select function #2
       ^~~~~~~~~~~~
/home/ec2-user/arduino-testlib/cli-datadir/user/libraries/ACAN/src/ACAN.cpp:365:7: note: suggested alternative: &#39;UINTPTR_MAX&#39;
       PORT_PCR_MUX(2) | // Select function #2
       ^~~~~~~~~~~~
       UINTPTR_MAX
/home/ec2-user/arduino-testlib/cli-datadir/user/libraries/ACAN/src/ACAN.cpp:366:43: error: &#39;PORT_PCR_ODE&#39; was not declared in this scope
       (inSettings.mTxPinIsOpenCollector ? PORT_PCR_ODE : 0) // Open collector ?
                                           ^~~~~~~~~~~~
/home/ec2-user/arduino-testlib/cli-datadir/user/libraries/ACAN/src/ACAN.cpp:366:43: note: suggested alternative: &#39;O_ACCMODE&#39;
       (inSettings.mTxPinIsOpenCollector ? PORT_PCR_ODE : 0) // Open collector ?
                                           ^~~~~~~~~~~~
                                           O_ACCMODE
/home/ec2-user/arduino-testlib/cli-datadir/user/libraries/ACAN/src/ACAN.cpp:370:46: error: &#39;PORT_PCR_PE&#39; was not declared in this scope
       (inSettings.mRxPinHasInternalPullUp ? (PORT_PCR_PE | PORT_PCR_PS) : 0) // Internal pullup ?
                                              ^~~~~~~~~~~
/home/ec2-user/arduino-testlib/cli-datadir/user/libraries/ACAN/src/ACAN.cpp:370:60: error: &#39;PORT_PCR_PS&#39; was not declared in this scope
       (inSettings.mRxPinHasInternalPullUp ? (PORT_PCR_PE | PORT_PCR_PS) : 0) // Internal pullup ?
                                                            ^~~~~~~~~~~
/home/ec2-user/arduino-testlib/cli-datadir/user/libraries/ACAN/src/ACAN.cpp:425:5: error: &#39;OSC0_CR&#39; was not declared in this scope
     OSC0_CR |= OSC_ERCLKEN ; // Enables external reference clock (§28.8.1.1)
     ^~~~~~~
/home/ec2-user/arduino-testlib/cli-datadir/user/libraries/ACAN/src/ACAN.cpp:425:5: note: suggested alternative: &#39;I2C0_IRQ&#39;
     OSC0_CR |= OSC_ERCLKEN ; // Enables external reference clock (§28.8.1.1)
     ^~~~~~~
     I2C0_IRQ
/home/ec2-user/arduino-testlib/cli-datadir/user/libraries/ACAN/src/ACAN.cpp:425:16: error: &#39;OSC_ERCLKEN&#39; was not declared in this scope
     OSC0_CR |= OSC_ERCLKEN ; // Enables external reference clock (§28.8.1.1)
                ^~~~~~~~~~~
/home/ec2-user/arduino-testlib/cli-datadir/user/libraries/ACAN/src/ACAN.cpp: In member function &#39;bool ACAN::receive(CANMessage&amp;)&#39;:
/home/ec2-user/arduino-testlib/cli-datadir/user/libraries/ACAN/src/ACAN.cpp:578:3: error: expected &#39;;&#39; before &#39;return&#39;
   return hasMessage ;
   ^~~~~~

</pre>
					
					<h4>examples/ReceivePrimarySecondaryFilters</h4>
					<p>
						Result: <b>FAIL</b>
					</p>
					<pre class="pre-scrollable">/home/ec2-user/arduino-testlib/cli-datadir/user/libraries/ACAN/src/ACAN.cpp: In member function &#39;uint32_t ACAN::begin(const ACANSettings&amp;, const ACANPrimaryFilter*, uint32_t, const ACANSecondaryFilter*, uint32_t)&#39;:
/home/ec2-user/arduino-testlib/cli-datadir/user/libraries/ACAN/src/ACAN.cpp:365:7: error: &#39;PORT_PCR_MUX&#39; was not declared in this scope
       PORT_PCR_MUX(2) | // Select function #2
       ^~~~~~~~~~~~
/home/ec2-user/arduino-testlib/cli-datadir/user/libraries/ACAN/src/ACAN.cpp:365:7: note: suggested alternative: &#39;UINTPTR_MAX&#39;
       PORT_PCR_MUX(2) | // Select function #2
       ^~~~~~~~~~~~
       UINTPTR_MAX
/home/ec2-user/arduino-testlib/cli-datadir/user/libraries/ACAN/src/ACAN.cpp:366:43: error: &#39;PORT_PCR_ODE&#39; was not declared in this scope
       (inSettings.mTxPinIsOpenCollector ? PORT_PCR_ODE : 0) // Open collector ?
                                           ^~~~~~~~~~~~
/home/ec2-user/arduino-testlib/cli-datadir/user/libraries/ACAN/src/ACAN.cpp:366:43: note: suggested alternative: &#39;O_ACCMODE&#39;
       (inSettings.mTxPinIsOpenCollector ? PORT_PCR_ODE : 0) // Open collector ?
                                           ^~~~~~~~~~~~
                                           O_ACCMODE
/home/ec2-user/arduino-testlib/cli-datadir/user/libraries/ACAN/src/ACAN.cpp:370:46: error: &#39;PORT_PCR_PE&#39; was not declared in this scope
       (inSettings.mRxPinHasInternalPullUp ? (PORT_PCR_PE | PORT_PCR_PS) : 0) // Internal pullup ?
                                              ^~~~~~~~~~~
/home/ec2-user/arduino-testlib/cli-datadir/user/libraries/ACAN/src/ACAN.cpp:370:60: error: &#39;PORT_PCR_PS&#39; was not declared in this scope
       (inSettings.mRxPinHasInternalPullUp ? (PORT_PCR_PE | PORT_PCR_PS) : 0) // Internal pullup ?
                                                            ^~~~~~~~~~~
/home/ec2-user/arduino-testlib/cli-datadir/user/libraries/ACAN/src/ACAN.cpp:425:5: error: &#39;OSC0_CR&#39; was not declared in this scope
     OSC0_CR |= OSC_ERCLKEN ; // Enables external reference clock (§28.8.1.1)
     ^~~~~~~
/home/ec2-user/arduino-testlib/cli-datadir/user/libraries/ACAN/src/ACAN.cpp:425:5: note: suggested alternative: &#39;I2C0_IRQ&#39;
     OSC0_CR |= OSC_ERCLKEN ; // Enables external reference clock (§28.8.1.1)
     ^~~~~~~
     I2C0_IRQ
/home/ec2-user/arduino-testlib/cli-datadir/user/libraries/ACAN/src/ACAN.cpp:425:16: error: &#39;OSC_ERCLKEN&#39; was not declared in this scope
     OSC0_CR |= OSC_ERCLKEN ; // Enables external reference clock (§28.8.1.1)
                ^~~~~~~~~~~
/home/ec2-user/arduino-testlib/cli-datadir/user/libraries/ACAN/src/ACAN.cpp: In member function &#39;bool ACAN::receive(CANMessage&amp;)&#39;:
/home/ec2-user/arduino-testlib/cli-datadir/user/libraries/ACAN/src/ACAN.cpp:578:3: error: expected &#39;;&#39; before &#39;return&#39;
   return hasMessage ;
   ^~~~~~

</pre>
					
					<h4>examples/SendReceiveRemoteFrames</h4>
					<p>
						Result: <b>FAIL</b>
					</p>
					<pre class="pre-scrollable">/home/ec2-user/arduino-testlib/cli-datadir/user/libraries/ACAN/examples/SendReceiveRemoteFrames/SendReceiveRemoteFrames.ino:17:4: error: #error &#34;This sketch should be compiled for Teensy 3.6&#34;
   #error &#34;This sketch should be compiled for Teensy 3.6&#34;
    ^~~~~

</pre>
					
					<h4>examples/Teensy36Test</h4>
					<p>
						Result: <b>FAIL</b>
					</p>
					<pre class="pre-scrollable">/home/ec2-user/arduino-testlib/cli-datadir/user/libraries/ACAN/examples/Teensy36Test/Teensy36Test.ino: In function &#39;void setup()&#39;:
/home/ec2-user/arduino-testlib/cli-datadir/user/libraries/ACAN/examples/Teensy36Test/Teensy36Test.ino:39:30: error: &#39;can1&#39; is not a member of &#39;ACAN&#39;
   uint32_t errorCode = ACAN::can1.begin (settings) ;
                              ^~~~
/home/ec2-user/arduino-testlib/cli-datadir/user/libraries/ACAN/examples/Teensy36Test/Teensy36Test.ino: In function &#39;void loop()&#39;:
/home/ec2-user/arduino-testlib/cli-datadir/user/libraries/ACAN/examples/Teensy36Test/Teensy36Test.ino:104:27: error: &#39;can1&#39; is not a member of &#39;ACAN&#39;
     const bool ok = ACAN::can1.tryToSend (frame) ;
                           ^~~~
/home/ec2-user/arduino-testlib/cli-datadir/user/libraries/ACAN/examples/Teensy36Test/Teensy36Test.ino:115:13: error: &#39;can1&#39; is not a member of &#39;ACAN&#39;
   if (ACAN::can1.available ()) {
             ^~~~
/home/ec2-user/arduino-testlib/cli-datadir/user/libraries/ACAN/examples/Teensy36Test/Teensy36Test.ino:116:11: error: &#39;can1&#39; is not a member of &#39;ACAN&#39;
     ACAN::can1.receive (frame) ;
           ^~~~

</pre>
					
				
				<h3 id="arduino:megaavr:nona4809">arduino:megaavr:nona4809 @ 1.8.7</h3>
				<h4>Inclusion</h4>
				<p>
					Result: <b>FAIL</b>
					
				</p>
				<pre class="pre-scrollable">/home/ec2-user/arduino-testlib/cli-datadir/user/libraries/ACAN/src/ACAN.cpp: In member function &#39;uint32_t ACAN::begin(const ACANSettings&amp;, const ACANPrimaryFilter*, uint32_t, const ACANSecondaryFilter*, uint32_t)&#39;:
/home/ec2-user/arduino-testlib/cli-datadir/user/libraries/ACAN/src/ACAN.cpp:365:7: error: &#39;PORT_PCR_MUX&#39; was not declared in this scope
       PORT_PCR_MUX(2) | // Select function #2
       ^~~~~~~~~~~~
/home/ec2-user/arduino-testlib/cli-datadir/user/libraries/ACAN/src/ACAN.cpp:365:7: note: suggested alternative: &#39;PORTC_OUT&#39;
       PORT_PCR_MUX(2) | // Select function #2
       ^~~~~~~~~~~~
       PORTC_OUT
/home/ec2-user/arduino-testlib/cli-datadir/user/libraries/ACAN/src/ACAN.cpp:366:43: error: &#39;PORT_PCR_ODE&#39; was not declared in this scope
       (inSettings.mTxPinIsOpenCollector ? PORT_PCR_ODE : 0) // Open collector ?
                                           ^~~~~~~~~~~~
/home/ec2-user/arduino-testlib/cli-datadir/user/libraries/ACAN/src/ACAN.cpp:366:43: note: suggested alternative: &#39;PORTC_OUT&#39;
       (inSettings.mTxPinIsOpenCollector ? PORT_PCR_ODE : 0) // Open collector ?
                                           ^~~~~~~~~~~~
                                           PORTC_OUT
/home/ec2-user/arduino-testlib/cli-datadir/user/libraries/ACAN/src/ACAN.cpp:370:46: error: &#39;PORT_PCR_PE&#39; was not declared in this scope
       (inSettings.mRxPinHasInternalPullUp ? (PORT_PCR_PE | PORT_PCR_PS) : 0) // Internal pullup ?
                                              ^~~~~~~~~~~
/home/ec2-user/arduino-testlib/cli-datadir/user/libraries/ACAN/src/ACAN.cpp:370:46: note: suggested alternative: &#39;PORT_ISC_t&#39;
       (inSettings.mRxPinHasInternalPullUp ? (PORT_PCR_PE | PORT_PCR_PS) : 0) // Internal pullup ?
                                              ^~~~~~~~~~~
                                              PORT_ISC_t
/home/ec2-user/arduino-testlib/cli-datadir/user/libraries/ACAN/src/ACAN.cpp:370:60: error: &#39;PORT_PCR_PS&#39; was not declared in this scope
       (inSettings.mRxPinHasInternalPullUp ? (PORT_PCR_PE | PORT_PCR_PS) : 0) // Internal pullup ?
                                                            ^~~~~~~~~~~
/home/ec2-user/arduino-testlib/cli-datadir/user/libraries/ACAN/src/ACAN.cpp:370:60: note: suggested alternative: &#39;PORT_ISC_t&#39;
       (inSettings.mRxPinHasInternalPullUp ? (PORT_PCR_PE | PORT_PCR_PS) : 0) // Internal pullup ?
                                                            ^~~~~~~~~~~
                                                            PORT_ISC_t
/home/ec2-user/arduino-testlib/cli-datadir/user/libraries/ACAN/src/ACAN.cpp:425:5: error: &#39;OSC0_CR&#39; was not declared in this scope
     OSC0_CR |= OSC_ERCLKEN ; // Enables external reference clock (§28.8.1.1)
     ^~~~~~~
/home/ec2-user/arduino-testlib/cli-datadir/user/libraries/ACAN/src/ACAN.cpp:425:16: error: &#39;OSC_ERCLKEN&#39; was not declared in this scope
     OSC0_CR |= OSC_ERCLKEN ; // Enables external reference clock (§28.8.1.1)
                ^~~~~~~~~~~
/home/ec2-user/arduino-testlib/cli-datadir/user/libraries/ACAN/src/ACAN.cpp: In member function &#39;bool ACAN::receive(CANMessage&amp;)&#39;:
/home/ec2-user/arduino-testlib/cli-datadir/user/libraries/ACAN/src/ACAN.cpp:578:3: error: expected &#39;;&#39; before &#39;return&#39;
   return hasMessage ;
   ^~~~~~

</pre>

					
					<h4>examples/LoopBackDemo</h4>
					<p>
						Result: <b>FAIL</b>
					</p>
					<pre class="pre-scrollable">/home/ec2-user/arduino-testlib/cli-datadir/user/libraries/ACAN/src/ACAN.cpp: In member function &#39;uint32_t ACAN::begin(const ACANSettings&amp;, const ACANPrimaryFilter*, uint32_t, const ACANSecondaryFilter*, uint32_t)&#39;:
/home/ec2-user/arduino-testlib/cli-datadir/user/libraries/ACAN/src/ACAN.cpp:365:7: error: &#39;PORT_PCR_MUX&#39; was not declared in this scope
       PORT_PCR_MUX(2) | // Select function #2
       ^~~~~~~~~~~~
/home/ec2-user/arduino-testlib/cli-datadir/user/libraries/ACAN/src/ACAN.cpp:365:7: note: suggested alternative: &#39;PORTC_OUT&#39;
       PORT_PCR_MUX(2) | // Select function #2
       ^~~~~~~~~~~~
       PORTC_OUT
/home/ec2-user/arduino-testlib/cli-datadir/user/libraries/ACAN/src/ACAN.cpp:366:43: error: &#39;PORT_PCR_ODE&#39; was not declared in this scope
       (inSettings.mTxPinIsOpenCollector ? PORT_PCR_ODE : 0) // Open collector ?
                                           ^~~~~~~~~~~~
/home/ec2-user/arduino-testlib/cli-datadir/user/libraries/ACAN/src/ACAN.cpp:366:43: note: suggested alternative: &#39;PORTC_OUT&#39;
       (inSettings.mTxPinIsOpenCollector ? PORT_PCR_ODE : 0) // Open collector ?
                                           ^~~~~~~~~~~~
                                           PORTC_OUT
/home/ec2-user/arduino-testlib/cli-datadir/user/libraries/ACAN/src/ACAN.cpp:370:46: error: &#39;PORT_PCR_PE&#39; was not declared in this scope
       (inSettings.mRxPinHasInternalPullUp ? (PORT_PCR_PE | PORT_PCR_PS) : 0) // Internal pullup ?
                                              ^~~~~~~~~~~
/home/ec2-user/arduino-testlib/cli-datadir/user/libraries/ACAN/src/ACAN.cpp:370:46: note: suggested alternative: &#39;PORT_ISC_t&#39;
       (inSettings.mRxPinHasInternalPullUp ? (PORT_PCR_PE | PORT_PCR_PS) : 0) // Internal pullup ?
                                              ^~~~~~~~~~~
                                              PORT_ISC_t
/home/ec2-user/arduino-testlib/cli-datadir/user/libraries/ACAN/src/ACAN.cpp:370:60: error: &#39;PORT_PCR_PS&#39; was not declared in this scope
       (inSettings.mRxPinHasInternalPullUp ? (PORT_PCR_PE | PORT_PCR_PS) : 0) // Internal pullup ?
                                                            ^~~~~~~~~~~
/home/ec2-user/arduino-testlib/cli-datadir/user/libraries/ACAN/src/ACAN.cpp:370:60: note: suggested alternative: &#39;PORT_ISC_t&#39;
       (inSettings.mRxPinHasInternalPullUp ? (PORT_PCR_PE | PORT_PCR_PS) : 0) // Internal pullup ?
                                                            ^~~~~~~~~~~
                                                            PORT_ISC_t
/home/ec2-user/arduino-testlib/cli-datadir/user/libraries/ACAN/src/ACAN.cpp:425:5: error: &#39;OSC0_CR&#39; was not declared in this scope
     OSC0_CR |= OSC_ERCLKEN ; // Enables external reference clock (§28.8.1.1)
     ^~~~~~~
/home/ec2-user/arduino-testlib/cli-datadir/user/libraries/ACAN/src/ACAN.cpp:425:16: error: &#39;OSC_ERCLKEN&#39; was not declared in this scope
     OSC0_CR |= OSC_ERCLKEN ; // Enables external reference clock (§28.8.1.1)
                ^~~~~~~~~~~
/home/ec2-user/arduino-testlib/cli-datadir/user/libraries/ACAN/src/ACAN.cpp: In member function &#39;bool ACAN::receive(CANMessage&amp;)&#39;:
/home/ec2-user/arduino-testlib/cli-datadir/user/libraries/ACAN/src/ACAN.cpp:578:3: error: expected &#39;;&#39; before &#39;return&#39;
   return hasMessage ;
   ^~~~~~

</pre>
					
					<h4>examples/ReceivePrimaryFilters</h4>
					<p>
						Result: <b>FAIL</b>
					</p>
					<pre class="pre-scrollable">/home/ec2-user/arduino-testlib/cli-datadir/user/libraries/ACAN/src/ACAN.cpp: In member function &#39;uint32_t ACAN::begin(const ACANSettings&amp;, const ACANPrimaryFilter*, uint32_t, const ACANSecondaryFilter*, uint32_t)&#39;:
/home/ec2-user/arduino-testlib/cli-datadir/user/libraries/ACAN/src/ACAN.cpp:365:7: error: &#39;PORT_PCR_MUX&#39; was not declared in this scope
       PORT_PCR_MUX(2) | // Select function #2
       ^~~~~~~~~~~~
/home/ec2-user/arduino-testlib/cli-datadir/user/libraries/ACAN/src/ACAN.cpp:365:7: note: suggested alternative: &#39;PORTC_OUT&#39;
       PORT_PCR_MUX(2) | // Select function #2
       ^~~~~~~~~~~~
       PORTC_OUT
/home/ec2-user/arduino-testlib/cli-datadir/user/libraries/ACAN/src/ACAN.cpp:366:43: error: &#39;PORT_PCR_ODE&#39; was not declared in this scope
       (inSettings.mTxPinIsOpenCollector ? PORT_PCR_ODE : 0) // Open collector ?
                                           ^~~~~~~~~~~~
/home/ec2-user/arduino-testlib/cli-datadir/user/libraries/ACAN/src/ACAN.cpp:366:43: note: suggested alternative: &#39;PORTC_OUT&#39;
       (inSettings.mTxPinIsOpenCollector ? PORT_PCR_ODE : 0) // Open collector ?
                                           ^~~~~~~~~~~~
                                           PORTC_OUT
/home/ec2-user/arduino-testlib/cli-datadir/user/libraries/ACAN/src/ACAN.cpp:370:46: error: &#39;PORT_PCR_PE&#39; was not declared in this scope
       (inSettings.mRxPinHasInternalPullUp ? (PORT_PCR_PE | PORT_PCR_PS) : 0) // Internal pullup ?
                                              ^~~~~~~~~~~
/home/ec2-user/arduino-testlib/cli-datadir/user/libraries/ACAN/src/ACAN.cpp:370:46: note: suggested alternative: &#39;PORT_ISC_t&#39;
       (inSettings.mRxPinHasInternalPullUp ? (PORT_PCR_PE | PORT_PCR_PS) : 0) // Internal pullup ?
                                              ^~~~~~~~~~~
                                              PORT_ISC_t
/home/ec2-user/arduino-testlib/cli-datadir/user/libraries/ACAN/src/ACAN.cpp:370:60: error: &#39;PORT_PCR_PS&#39; was not declared in this scope
       (inSettings.mRxPinHasInternalPullUp ? (PORT_PCR_PE | PORT_PCR_PS) : 0) // Internal pullup ?
                                                            ^~~~~~~~~~~
/home/ec2-user/arduino-testlib/cli-datadir/user/libraries/ACAN/src/ACAN.cpp:370:60: note: suggested alternative: &#39;PORT_ISC_t&#39;
       (inSettings.mRxPinHasInternalPullUp ? (PORT_PCR_PE | PORT_PCR_PS) : 0) // Internal pullup ?
                                                            ^~~~~~~~~~~
                                                            PORT_ISC_t
/home/ec2-user/arduino-testlib/cli-datadir/user/libraries/ACAN/src/ACAN.cpp:425:5: error: &#39;OSC0_CR&#39; was not declared in this scope
     OSC0_CR |= OSC_ERCLKEN ; // Enables external reference clock (§28.8.1.1)
     ^~~~~~~
/home/ec2-user/arduino-testlib/cli-datadir/user/libraries/ACAN/src/ACAN.cpp:425:16: error: &#39;OSC_ERCLKEN&#39; was not declared in this scope
     OSC0_CR |= OSC_ERCLKEN ; // Enables external reference clock (§28.8.1.1)
                ^~~~~~~~~~~
/home/ec2-user/arduino-testlib/cli-datadir/user/libraries/ACAN/src/ACAN.cpp: In member function &#39;bool ACAN::receive(CANMessage&amp;)&#39;:
/home/ec2-user/arduino-testlib/cli-datadir/user/libraries/ACAN/src/ACAN.cpp:578:3: error: expected &#39;;&#39; before &#39;return&#39;
   return hasMessage ;
   ^~~~~~

</pre>
					
					<h4>examples/ReceivePrimarySecondaryFilters</h4>
					<p>
						Result: <b>FAIL</b>
					</p>
					<pre class="pre-scrollable">/home/ec2-user/arduino-testlib/cli-datadir/user/libraries/ACAN/src/ACAN.cpp: In member function &#39;uint32_t ACAN::begin(const ACANSettings&amp;, const ACANPrimaryFilter*, uint32_t, const ACANSecondaryFilter*, uint32_t)&#39;:
/home/ec2-user/arduino-testlib/cli-datadir/user/libraries/ACAN/src/ACAN.cpp:365:7: error: &#39;PORT_PCR_MUX&#39; was not declared in this scope
       PORT_PCR_MUX(2) | // Select function #2
       ^~~~~~~~~~~~
/home/ec2-user/arduino-testlib/cli-datadir/user/libraries/ACAN/src/ACAN.cpp:365:7: note: suggested alternative: &#39;PORTC_OUT&#39;
       PORT_PCR_MUX(2) | // Select function #2
       ^~~~~~~~~~~~
       PORTC_OUT
/home/ec2-user/arduino-testlib/cli-datadir/user/libraries/ACAN/src/ACAN.cpp:366:43: error: &#39;PORT_PCR_ODE&#39; was not declared in this scope
       (inSettings.mTxPinIsOpenCollector ? PORT_PCR_ODE : 0) // Open collector ?
                                           ^~~~~~~~~~~~
/home/ec2-user/arduino-testlib/cli-datadir/user/libraries/ACAN/src/ACAN.cpp:366:43: note: suggested alternative: &#39;PORTC_OUT&#39;
       (inSettings.mTxPinIsOpenCollector ? PORT_PCR_ODE : 0) // Open collector ?
                                           ^~~~~~~~~~~~
                                           PORTC_OUT
/home/ec2-user/arduino-testlib/cli-datadir/user/libraries/ACAN/src/ACAN.cpp:370:46: error: &#39;PORT_PCR_PE&#39; was not declared in this scope
       (inSettings.mRxPinHasInternalPullUp ? (PORT_PCR_PE | PORT_PCR_PS) : 0) // Internal pullup ?
                                              ^~~~~~~~~~~
/home/ec2-user/arduino-testlib/cli-datadir/user/libraries/ACAN/src/ACAN.cpp:370:46: note: suggested alternative: &#39;PORT_ISC_t&#39;
       (inSettings.mRxPinHasInternalPullUp ? (PORT_PCR_PE | PORT_PCR_PS) : 0) // Internal pullup ?
                                              ^~~~~~~~~~~
                                              PORT_ISC_t
/home/ec2-user/arduino-testlib/cli-datadir/user/libraries/ACAN/src/ACAN.cpp:370:60: error: &#39;PORT_PCR_PS&#39; was not declared in this scope
       (inSettings.mRxPinHasInternalPullUp ? (PORT_PCR_PE | PORT_PCR_PS) : 0) // Internal pullup ?
                                                            ^~~~~~~~~~~
/home/ec2-user/arduino-testlib/cli-datadir/user/libraries/ACAN/src/ACAN.cpp:370:60: note: suggested alternative: &#39;PORT_ISC_t&#39;
       (inSettings.mRxPinHasInternalPullUp ? (PORT_PCR_PE | PORT_PCR_PS) : 0) // Internal pullup ?
                                                            ^~~~~~~~~~~
                                                            PORT_ISC_t
/home/ec2-user/arduino-testlib/cli-datadir/user/libraries/ACAN/src/ACAN.cpp:425:5: error: &#39;OSC0_CR&#39; was not declared in this scope
     OSC0_CR |= OSC_ERCLKEN ; // Enables external reference clock (§28.8.1.1)
     ^~~~~~~
/home/ec2-user/arduino-testlib/cli-datadir/user/libraries/ACAN/src/ACAN.cpp:425:16: error: &#39;OSC_ERCLKEN&#39; was not declared in this scope
     OSC0_CR |= OSC_ERCLKEN ; // Enables external reference clock (§28.8.1.1)
                ^~~~~~~~~~~
/home/ec2-user/arduino-testlib/cli-datadir/user/libraries/ACAN/src/ACAN.cpp: In member function &#39;bool ACAN::receive(CANMessage&amp;)&#39;:
/home/ec2-user/arduino-testlib/cli-datadir/user/libraries/ACAN/src/ACAN.cpp:578:3: error: expected &#39;;&#39; before &#39;return&#39;
   return hasMessage ;
   ^~~~~~

</pre>
					
					<h4>examples/SendReceiveRemoteFrames</h4>
					<p>
						Result: <b>FAIL</b>
					</p>
					<pre class="pre-scrollable">/home/ec2-user/arduino-testlib/cli-datadir/user/libraries/ACAN/examples/SendReceiveRemoteFrames/SendReceiveRemoteFrames.ino:17:4: error: #error &#34;This sketch should be compiled for Teensy 3.6&#34;
   #error &#34;This sketch should be compiled for Teensy 3.6&#34;
    ^~~~~

</pre>
					
					<h4>examples/Teensy36Test</h4>
					<p>
						Result: <b>FAIL</b>
					</p>
					<pre class="pre-scrollable">/home/ec2-user/arduino-testlib/cli-datadir/user/libraries/ACAN/examples/Teensy36Test/Teensy36Test.ino: In function &#39;void setup()&#39;:
/home/ec2-user/arduino-testlib/cli-datadir/user/libraries/ACAN/examples/Teensy36Test/Teensy36Test.ino:39:30: error: &#39;can1&#39; is not a member of &#39;ACAN&#39;
   uint32_t errorCode = ACAN::can1.begin (settings) ;
                              ^~~~
/home/ec2-user/arduino-testlib/cli-datadir/user/libraries/ACAN/examples/Teensy36Test/Teensy36Test.ino: In function &#39;void loop()&#39;:
/home/ec2-user/arduino-testlib/cli-datadir/user/libraries/ACAN/examples/Teensy36Test/Teensy36Test.ino:104:27: error: &#39;can1&#39; is not a member of &#39;ACAN&#39;
     const bool ok = ACAN::can1.tryToSend (frame) ;
                           ^~~~
/home/ec2-user/arduino-testlib/cli-datadir/user/libraries/ACAN/examples/Teensy36Test/Teensy36Test.ino:115:13: error: &#39;can1&#39; is not a member of &#39;ACAN&#39;
   if (ACAN::can1.available ()) {
             ^~~~
/home/ec2-user/arduino-testlib/cli-datadir/user/libraries/ACAN/examples/Teensy36Test/Teensy36Test.ino:116:11: error: &#39;can1&#39; is not a member of &#39;ACAN&#39;
     ACAN::can1.receive (frame) ;
           ^~~~

</pre>
					
				
				<h3 id="arduino:samd:mkrwifi1010">arduino:samd:mkrwifi1010 @ 1.8.12</h3>
				<h4>Inclusion</h4>
				<p>
					Result: <b>FAIL</b>
					
				</p>
				<pre class="pre-scrollable">/Users/alranel/Documents/git/arduino/arduino-testlib/cli-datadir/user/libraries/ACAN/src/ACAN.cpp: In member function &#39;uint32_t ACAN::begin(const ACANSettings&amp;, const ACANPrimaryFilter*, uint32_t, const ACANSecondaryFilter*, uint32_t)&#39;:
/Users/alranel/Documents/git/arduino/arduino-testlib/cli-datadir/user/libraries/ACAN/src/ACAN.cpp:365:7: error: &#39;PORT_PCR_MUX&#39; was not declared in this scope
       PORT_PCR_MUX(2) | // Select function #2
       ^~~~~~~~~~~~
/Users/alranel/Documents/git/arduino/arduino-testlib/cli-datadir/user/libraries/ACAN/src/ACAN.cpp:365:7: note: suggested alternative: &#39;PORT_OUT_OUT&#39;
       PORT_PCR_MUX(2) | // Select function #2
       ^~~~~~~~~~~~
       PORT_OUT_OUT
/Users/alranel/Documents/git/arduino/arduino-testlib/cli-datadir/user/libraries/ACAN/src/ACAN.cpp:366:43: error: &#39;PORT_PCR_ODE&#39; was not declared in this scope
       (inSettings.mTxPinIsOpenCollector ? PORT_PCR_ODE : 0) // Open collector ?
                                           ^~~~~~~~~~~~
/Users/alranel/Documents/git/arduino/arduino-testlib/cli-datadir/user/libraries/ACAN/src/ACAN.cpp:366:43: note: suggested alternative: &#39;PORT_OUT_OUT&#39;
       (inSettings.mTxPinIsOpenCollector ? PORT_PCR_ODE : 0) // Open collector ?
                                           ^~~~~~~~~~~~
                                           PORT_OUT_OUT
/Users/alranel/Documents/git/arduino/arduino-testlib/cli-datadir/user/libraries/ACAN/src/ACAN.cpp:370:46: error: &#39;PORT_PCR_PE&#39; was not declared in this scope
       (inSettings.mRxPinHasInternalPullUp ? (PORT_PCR_PE | PORT_PCR_PS) : 0) // Internal pullup ?
                                              ^~~~~~~~~~~
/Users/alranel/Documents/git/arduino/arduino-testlib/cli-datadir/user/libraries/ACAN/src/ACAN.cpp:370:46: note: suggested alternative: &#39;PORT_PA00&#39;
       (inSettings.mRxPinHasInternalPullUp ? (PORT_PCR_PE | PORT_PCR_PS) : 0) // Internal pullup ?
                                              ^~~~~~~~~~~
                                              PORT_PA00
/Users/alranel/Documents/git/arduino/arduino-testlib/cli-datadir/user/libraries/ACAN/src/ACAN.cpp:370:60: error: &#39;PORT_PCR_PS&#39; was not declared in this scope
       (inSettings.mRxPinHasInternalPullUp ? (PORT_PCR_PE | PORT_PCR_PS) : 0) // Internal pullup ?
                                                            ^~~~~~~~~~~
/Users/alranel/Documents/git/arduino/arduino-testlib/cli-datadir/user/libraries/ACAN/src/ACAN.cpp:370:60: note: suggested alternative: &#39;PORT_GROUPS&#39;
       (inSettings.mRxPinHasInternalPullUp ? (PORT_PCR_PE | PORT_PCR_PS) : 0) // Internal pullup ?
                                                            ^~~~~~~~~~~
                                                            PORT_GROUPS
/Users/alranel/Documents/git/arduino/arduino-testlib/cli-datadir/user/libraries/ACAN/src/ACAN.cpp:425:5: error: &#39;OSC0_CR&#39; was not declared in this scope
     OSC0_CR |= OSC_ERCLKEN ; // Enables external reference clock (§28.8.1.1)
     ^~~~~~~
/Users/alranel/Documents/git/arduino/arduino-testlib/cli-datadir/user/libraries/ACAN/src/ACAN.cpp:425:5: note: suggested alternative: &#39;TCC0_CH7&#39;
     OSC0_CR |= OSC_ERCLKEN ; // Enables external reference clock (§28.8.1.1)
     ^~~~~~~
     TCC0_CH7
/Users/alranel/Documents/git/arduino/arduino-testlib/cli-datadir/user/libraries/ACAN/src/ACAN.cpp:425:16: error: &#39;OSC_ERCLKEN&#39; was not declared in this scope
     OSC0_CR |= OSC_ERCLKEN ; // Enables external reference clock (§28.8.1.1)
                ^~~~~~~~~~~
/Users/alranel/Documents/git/arduino/arduino-testlib/cli-datadir/user/libraries/ACAN/src/ACAN.cpp: In member function &#39;bool ACAN::receive(CANMessage&amp;)&#39;:
/Users/alranel/Documents/git/arduino/arduino-testlib/cli-datadir/user/libraries/ACAN/src/ACAN.cpp:578:3: error: expected &#39;;&#39; before &#39;return&#39;
   return hasMessage ;
   ^~~~~~

</pre>

					
					<h4>examples/LoopBackDemo</h4>
					<p>
						Result: <b>FAIL</b>
					</p>
					<pre class="pre-scrollable">/Users/alranel/Documents/git/arduino/arduino-testlib/cli-datadir/user/libraries/ACAN/src/ACAN.cpp: In member function &#39;uint32_t ACAN::begin(const ACANSettings&amp;, const ACANPrimaryFilter*, uint32_t, const ACANSecondaryFilter*, uint32_t)&#39;:
/Users/alranel/Documents/git/arduino/arduino-testlib/cli-datadir/user/libraries/ACAN/src/ACAN.cpp:365:7: error: &#39;PORT_PCR_MUX&#39; was not declared in this scope
       PORT_PCR_MUX(2) | // Select function #2
       ^~~~~~~~~~~~
/Users/alranel/Documents/git/arduino/arduino-testlib/cli-datadir/user/libraries/ACAN/src/ACAN.cpp:365:7: note: suggested alternative: &#39;PORT_OUT_OUT&#39;
       PORT_PCR_MUX(2) | // Select function #2
       ^~~~~~~~~~~~
       PORT_OUT_OUT
/Users/alranel/Documents/git/arduino/arduino-testlib/cli-datadir/user/libraries/ACAN/src/ACAN.cpp:366:43: error: &#39;PORT_PCR_ODE&#39; was not declared in this scope
       (inSettings.mTxPinIsOpenCollector ? PORT_PCR_ODE : 0) // Open collector ?
                                           ^~~~~~~~~~~~
/Users/alranel/Documents/git/arduino/arduino-testlib/cli-datadir/user/libraries/ACAN/src/ACAN.cpp:366:43: note: suggested alternative: &#39;PORT_OUT_OUT&#39;
       (inSettings.mTxPinIsOpenCollector ? PORT_PCR_ODE : 0) // Open collector ?
                                           ^~~~~~~~~~~~
                                           PORT_OUT_OUT
/Users/alranel/Documents/git/arduino/arduino-testlib/cli-datadir/user/libraries/ACAN/src/ACAN.cpp:370:46: error: &#39;PORT_PCR_PE&#39; was not declared in this scope
       (inSettings.mRxPinHasInternalPullUp ? (PORT_PCR_PE | PORT_PCR_PS) : 0) // Internal pullup ?
                                              ^~~~~~~~~~~
/Users/alranel/Documents/git/arduino/arduino-testlib/cli-datadir/user/libraries/ACAN/src/ACAN.cpp:370:46: note: suggested alternative: &#39;PORT_PA00&#39;
       (inSettings.mRxPinHasInternalPullUp ? (PORT_PCR_PE | PORT_PCR_PS) : 0) // Internal pullup ?
                                              ^~~~~~~~~~~
                                              PORT_PA00
/Users/alranel/Documents/git/arduino/arduino-testlib/cli-datadir/user/libraries/ACAN/src/ACAN.cpp:370:60: error: &#39;PORT_PCR_PS&#39; was not declared in this scope
       (inSettings.mRxPinHasInternalPullUp ? (PORT_PCR_PE | PORT_PCR_PS) : 0) // Internal pullup ?
                                                            ^~~~~~~~~~~
/Users/alranel/Documents/git/arduino/arduino-testlib/cli-datadir/user/libraries/ACAN/src/ACAN.cpp:370:60: note: suggested alternative: &#39;PORT_GROUPS&#39;
       (inSettings.mRxPinHasInternalPullUp ? (PORT_PCR_PE | PORT_PCR_PS) : 0) // Internal pullup ?
                                                            ^~~~~~~~~~~
                                                            PORT_GROUPS
/Users/alranel/Documents/git/arduino/arduino-testlib/cli-datadir/user/libraries/ACAN/src/ACAN.cpp:425:5: error: &#39;OSC0_CR&#39; was not declared in this scope
     OSC0_CR |= OSC_ERCLKEN ; // Enables external reference clock (§28.8.1.1)
     ^~~~~~~
/Users/alranel/Documents/git/arduino/arduino-testlib/cli-datadir/user/libraries/ACAN/src/ACAN.cpp:425:5: note: suggested alternative: &#39;TCC0_CH7&#39;
     OSC0_CR |= OSC_ERCLKEN ; // Enables external reference clock (§28.8.1.1)
     ^~~~~~~
     TCC0_CH7
/Users/alranel/Documents/git/arduino/arduino-testlib/cli-datadir/user/libraries/ACAN/src/ACAN.cpp:425:16: error: &#39;OSC_ERCLKEN&#39; was not declared in this scope
     OSC0_CR |= OSC_ERCLKEN ; // Enables external reference clock (§28.8.1.1)
                ^~~~~~~~~~~
/Users/alranel/Documents/git/arduino/arduino-testlib/cli-datadir/user/libraries/ACAN/src/ACAN.cpp: In member function &#39;bool ACAN::receive(CANMessage&amp;)&#39;:
/Users/alranel/Documents/git/arduino/arduino-testlib/cli-datadir/user/libraries/ACAN/src/ACAN.cpp:578:3: error: expected &#39;;&#39; before &#39;return&#39;
   return hasMessage ;
   ^~~~~~

</pre>
					
					<h4>examples/ReceivePrimaryFilters</h4>
					<p>
						Result: <b>FAIL</b>
					</p>
					<pre class="pre-scrollable">/Users/alranel/Documents/git/arduino/arduino-testlib/cli-datadir/user/libraries/ACAN/src/ACAN.cpp: In member function &#39;uint32_t ACAN::begin(const ACANSettings&amp;, const ACANPrimaryFilter*, uint32_t, const ACANSecondaryFilter*, uint32_t)&#39;:
/Users/alranel/Documents/git/arduino/arduino-testlib/cli-datadir/user/libraries/ACAN/src/ACAN.cpp:365:7: error: &#39;PORT_PCR_MUX&#39; was not declared in this scope
       PORT_PCR_MUX(2) | // Select function #2
       ^~~~~~~~~~~~
/Users/alranel/Documents/git/arduino/arduino-testlib/cli-datadir/user/libraries/ACAN/src/ACAN.cpp:365:7: note: suggested alternative: &#39;PORT_OUT_OUT&#39;
       PORT_PCR_MUX(2) | // Select function #2
       ^~~~~~~~~~~~
       PORT_OUT_OUT
/Users/alranel/Documents/git/arduino/arduino-testlib/cli-datadir/user/libraries/ACAN/src/ACAN.cpp:366:43: error: &#39;PORT_PCR_ODE&#39; was not declared in this scope
       (inSettings.mTxPinIsOpenCollector ? PORT_PCR_ODE : 0) // Open collector ?
                                           ^~~~~~~~~~~~
/Users/alranel/Documents/git/arduino/arduino-testlib/cli-datadir/user/libraries/ACAN/src/ACAN.cpp:366:43: note: suggested alternative: &#39;PORT_OUT_OUT&#39;
       (inSettings.mTxPinIsOpenCollector ? PORT_PCR_ODE : 0) // Open collector ?
                                           ^~~~~~~~~~~~
                                           PORT_OUT_OUT
/Users/alranel/Documents/git/arduino/arduino-testlib/cli-datadir/user/libraries/ACAN/src/ACAN.cpp:370:46: error: &#39;PORT_PCR_PE&#39; was not declared in this scope
       (inSettings.mRxPinHasInternalPullUp ? (PORT_PCR_PE | PORT_PCR_PS) : 0) // Internal pullup ?
                                              ^~~~~~~~~~~
/Users/alranel/Documents/git/arduino/arduino-testlib/cli-datadir/user/libraries/ACAN/src/ACAN.cpp:370:46: note: suggested alternative: &#39;PORT_PA00&#39;
       (inSettings.mRxPinHasInternalPullUp ? (PORT_PCR_PE | PORT_PCR_PS) : 0) // Internal pullup ?
                                              ^~~~~~~~~~~
                                              PORT_PA00
/Users/alranel/Documents/git/arduino/arduino-testlib/cli-datadir/user/libraries/ACAN/src/ACAN.cpp:370:60: error: &#39;PORT_PCR_PS&#39; was not declared in this scope
       (inSettings.mRxPinHasInternalPullUp ? (PORT_PCR_PE | PORT_PCR_PS) : 0) // Internal pullup ?
                                                            ^~~~~~~~~~~
/Users/alranel/Documents/git/arduino/arduino-testlib/cli-datadir/user/libraries/ACAN/src/ACAN.cpp:370:60: note: suggested alternative: &#39;PORT_GROUPS&#39;
       (inSettings.mRxPinHasInternalPullUp ? (PORT_PCR_PE | PORT_PCR_PS) : 0) // Internal pullup ?
                                                            ^~~~~~~~~~~
                                                            PORT_GROUPS
/Users/alranel/Documents/git/arduino/arduino-testlib/cli-datadir/user/libraries/ACAN/src/ACAN.cpp:425:5: error: &#39;OSC0_CR&#39; was not declared in this scope
     OSC0_CR |= OSC_ERCLKEN ; // Enables external reference clock (§28.8.1.1)
     ^~~~~~~
/Users/alranel/Documents/git/arduino/arduino-testlib/cli-datadir/user/libraries/ACAN/src/ACAN.cpp:425:5: note: suggested alternative: &#39;TCC0_CH7&#39;
     OSC0_CR |= OSC_ERCLKEN ; // Enables external reference clock (§28.8.1.1)
     ^~~~~~~
     TCC0_CH7
/Users/alranel/Documents/git/arduino/arduino-testlib/cli-datadir/user/libraries/ACAN/src/ACAN.cpp:425:16: error: &#39;OSC_ERCLKEN&#39; was not declared in this scope
     OSC0_CR |= OSC_ERCLKEN ; // Enables external reference clock (§28.8.1.1)
                ^~~~~~~~~~~
/Users/alranel/Documents/git/arduino/arduino-testlib/cli-datadir/user/libraries/ACAN/src/ACAN.cpp: In member function &#39;bool ACAN::receive(CANMessage&amp;)&#39;:
/Users/alranel/Documents/git/arduino/arduino-testlib/cli-datadir/user/libraries/ACAN/src/ACAN.cpp:578:3: error: expected &#39;;&#39; before &#39;return&#39;
   return hasMessage ;
   ^~~~~~

</pre>
					
					<h4>examples/ReceivePrimarySecondaryFilters</h4>
					<p>
						Result: <b>FAIL</b>
					</p>
					<pre class="pre-scrollable">/Users/alranel/Documents/git/arduino/arduino-testlib/cli-datadir/user/libraries/ACAN/src/ACAN.cpp: In member function &#39;uint32_t ACAN::begin(const ACANSettings&amp;, const ACANPrimaryFilter*, uint32_t, const ACANSecondaryFilter*, uint32_t)&#39;:
/Users/alranel/Documents/git/arduino/arduino-testlib/cli-datadir/user/libraries/ACAN/src/ACAN.cpp:365:7: error: &#39;PORT_PCR_MUX&#39; was not declared in this scope
       PORT_PCR_MUX(2) | // Select function #2
       ^~~~~~~~~~~~
/Users/alranel/Documents/git/arduino/arduino-testlib/cli-datadir/user/libraries/ACAN/src/ACAN.cpp:365:7: note: suggested alternative: &#39;PORT_OUT_OUT&#39;
       PORT_PCR_MUX(2) | // Select function #2
       ^~~~~~~~~~~~
       PORT_OUT_OUT
/Users/alranel/Documents/git/arduino/arduino-testlib/cli-datadir/user/libraries/ACAN/src/ACAN.cpp:366:43: error: &#39;PORT_PCR_ODE&#39; was not declared in this scope
       (inSettings.mTxPinIsOpenCollector ? PORT_PCR_ODE : 0) // Open collector ?
                                           ^~~~~~~~~~~~
/Users/alranel/Documents/git/arduino/arduino-testlib/cli-datadir/user/libraries/ACAN/src/ACAN.cpp:366:43: note: suggested alternative: &#39;PORT_OUT_OUT&#39;
       (inSettings.mTxPinIsOpenCollector ? PORT_PCR_ODE : 0) // Open collector ?
                                           ^~~~~~~~~~~~
                                           PORT_OUT_OUT
/Users/alranel/Documents/git/arduino/arduino-testlib/cli-datadir/user/libraries/ACAN/src/ACAN.cpp:370:46: error: &#39;PORT_PCR_PE&#39; was not declared in this scope
       (inSettings.mRxPinHasInternalPullUp ? (PORT_PCR_PE | PORT_PCR_PS) : 0) // Internal pullup ?
                                              ^~~~~~~~~~~
/Users/alranel/Documents/git/arduino/arduino-testlib/cli-datadir/user/libraries/ACAN/src/ACAN.cpp:370:46: note: suggested alternative: &#39;PORT_PA00&#39;
       (inSettings.mRxPinHasInternalPullUp ? (PORT_PCR_PE | PORT_PCR_PS) : 0) // Internal pullup ?
                                              ^~~~~~~~~~~
                                              PORT_PA00
/Users/alranel/Documents/git/arduino/arduino-testlib/cli-datadir/user/libraries/ACAN/src/ACAN.cpp:370:60: error: &#39;PORT_PCR_PS&#39; was not declared in this scope
       (inSettings.mRxPinHasInternalPullUp ? (PORT_PCR_PE | PORT_PCR_PS) : 0) // Internal pullup ?
                                                            ^~~~~~~~~~~
/Users/alranel/Documents/git/arduino/arduino-testlib/cli-datadir/user/libraries/ACAN/src/ACAN.cpp:370:60: note: suggested alternative: &#39;PORT_GROUPS&#39;
       (inSettings.mRxPinHasInternalPullUp ? (PORT_PCR_PE | PORT_PCR_PS) : 0) // Internal pullup ?
                                                            ^~~~~~~~~~~
                                                            PORT_GROUPS
/Users/alranel/Documents/git/arduino/arduino-testlib/cli-datadir/user/libraries/ACAN/src/ACAN.cpp:425:5: error: &#39;OSC0_CR&#39; was not declared in this scope
     OSC0_CR |= OSC_ERCLKEN ; // Enables external reference clock (§28.8.1.1)
     ^~~~~~~
/Users/alranel/Documents/git/arduino/arduino-testlib/cli-datadir/user/libraries/ACAN/src/ACAN.cpp:425:5: note: suggested alternative: &#39;TCC0_CH7&#39;
     OSC0_CR |= OSC_ERCLKEN ; // Enables external reference clock (§28.8.1.1)
     ^~~~~~~
     TCC0_CH7
/Users/alranel/Documents/git/arduino/arduino-testlib/cli-datadir/user/libraries/ACAN/src/ACAN.cpp:425:16: error: &#39;OSC_ERCLKEN&#39; was not declared in this scope
     OSC0_CR |= OSC_ERCLKEN ; // Enables external reference clock (§28.8.1.1)
                ^~~~~~~~~~~
/Users/alranel/Documents/git/arduino/arduino-testlib/cli-datadir/user/libraries/ACAN/src/ACAN.cpp: In member function &#39;bool ACAN::receive(CANMessage&amp;)&#39;:
/Users/alranel/Documents/git/arduino/arduino-testlib/cli-datadir/user/libraries/ACAN/src/ACAN.cpp:578:3: error: expected &#39;;&#39; before &#39;return&#39;
   return hasMessage ;
   ^~~~~~

</pre>
					
					<h4>examples/SendReceiveRemoteFrames</h4>
					<p>
						Result: <b>FAIL</b>
					</p>
					<pre class="pre-scrollable">/Users/alranel/Documents/git/arduino/arduino-testlib/cli-datadir/user/libraries/ACAN/examples/SendReceiveRemoteFrames/SendReceiveRemoteFrames.ino:17:4: error: #error &#34;This sketch should be compiled for Teensy 3.6&#34;
   #error &#34;This sketch should be compiled for Teensy 3.6&#34;
    ^~~~~

</pre>
					
					<h4>examples/Teensy36Test</h4>
					<p>
						Result: <b>FAIL</b>
					</p>
					<pre class="pre-scrollable">/Users/alranel/Documents/git/arduino/arduino-testlib/cli-datadir/user/libraries/ACAN/examples/Teensy36Test/Teensy36Test.ino: In function &#39;void setup()&#39;:
/Users/alranel/Documents/git/arduino/arduino-testlib/cli-datadir/user/libraries/ACAN/examples/Teensy36Test/Teensy36Test.ino:39:30: error: &#39;can1&#39; is not a member of &#39;ACAN&#39;
   uint32_t errorCode = ACAN::can1.begin (settings) ;
                              ^~~~
/Users/alranel/Documents/git/arduino/arduino-testlib/cli-datadir/user/libraries/ACAN/examples/Teensy36Test/Teensy36Test.ino: In function &#39;void loop()&#39;:
/Users/alranel/Documents/git/arduino/arduino-testlib/cli-datadir/user/libraries/ACAN/examples/Teensy36Test/Teensy36Test.ino:104:27: error: &#39;can1&#39; is not a member of &#39;ACAN&#39;
     const bool ok = ACAN::can1.tryToSend (frame) ;
                           ^~~~
/Users/alranel/Documents/git/arduino/arduino-testlib/cli-datadir/user/libraries/ACAN/examples/Teensy36Test/Teensy36Test.ino:115:13: error: &#39;can1&#39; is not a member of &#39;ACAN&#39;
   if (ACAN::can1.available ()) {
             ^~~~
/Users/alranel/Documents/git/arduino/arduino-testlib/cli-datadir/user/libraries/ACAN/examples/Teensy36Test/Teensy36Test.ino:116:11: error: &#39;can1&#39; is not a member of &#39;ACAN&#39;
     ACAN::can1.receive (frame) ;
           ^~~~

</pre>
					
				
				<h3 id="esp32:esp32:d1_mini32">esp32:esp32:d1_mini32 @ 1.0.6</h3>
				<h4>Inclusion</h4>
				<p>
					Result: <b>FAIL</b>
					
				</p>
				<pre class="pre-scrollable">/home/ec2-user/arduino-testlib/cli-datadir/user/libraries/ACAN/src/ACAN.cpp: In member function &#39;uint32_t ACAN::begin(const ACANSettings&amp;, const ACANPrimaryFilter*, uint32_t, const ACANSecondaryFilter*, uint32_t)&#39;:
/home/ec2-user/arduino-testlib/cli-datadir/user/libraries/ACAN/src/ACAN.cpp:365:21: error: &#39;PORT_PCR_MUX&#39; was not declared in this scope
       PORT_PCR_MUX(2) | // Select function #2
                     ^
/home/ec2-user/arduino-testlib/cli-datadir/user/libraries/ACAN/src/ACAN.cpp:366:43: error: &#39;PORT_PCR_ODE&#39; was not declared in this scope
       (inSettings.mTxPinIsOpenCollector ? PORT_PCR_ODE : 0) // Open collector ?
                                           ^
/home/ec2-user/arduino-testlib/cli-datadir/user/libraries/ACAN/src/ACAN.cpp:370:46: error: &#39;PORT_PCR_PE&#39; was not declared in this scope
       (inSettings.mRxPinHasInternalPullUp ? (PORT_PCR_PE | PORT_PCR_PS) : 0) // Internal pullup ?
                                              ^
/home/ec2-user/arduino-testlib/cli-datadir/user/libraries/ACAN/src/ACAN.cpp:370:60: error: &#39;PORT_PCR_PS&#39; was not declared in this scope
       (inSettings.mRxPinHasInternalPullUp ? (PORT_PCR_PE | PORT_PCR_PS) : 0) // Internal pullup ?
                                                            ^
/home/ec2-user/arduino-testlib/cli-datadir/user/libraries/ACAN/src/ACAN.cpp:425:5: error: &#39;OSC0_CR&#39; was not declared in this scope
     OSC0_CR |= OSC_ERCLKEN ; // Enables external reference clock (§28.8.1.1)
     ^
/home/ec2-user/arduino-testlib/cli-datadir/user/libraries/ACAN/src/ACAN.cpp:425:16: error: &#39;OSC_ERCLKEN&#39; was not declared in this scope
     OSC0_CR |= OSC_ERCLKEN ; // Enables external reference clock (§28.8.1.1)
                ^

</pre>

					
					<h4>examples/LoopBackDemo</h4>
					<p>
						Result: <b>FAIL</b>
					</p>
					<pre class="pre-scrollable">/home/ec2-user/arduino-testlib/cli-datadir/user/libraries/ACAN/src/ACAN.cpp: In member function &#39;uint32_t ACAN::begin(const ACANSettings&amp;, const ACANPrimaryFilter*, uint32_t, const ACANSecondaryFilter*, uint32_t)&#39;:
/home/ec2-user/arduino-testlib/cli-datadir/user/libraries/ACAN/src/ACAN.cpp:365:21: error: &#39;PORT_PCR_MUX&#39; was not declared in this scope
       PORT_PCR_MUX(2) | // Select function #2
                     ^
/home/ec2-user/arduino-testlib/cli-datadir/user/libraries/ACAN/src/ACAN.cpp:366:43: error: &#39;PORT_PCR_ODE&#39; was not declared in this scope
       (inSettings.mTxPinIsOpenCollector ? PORT_PCR_ODE : 0) // Open collector ?
                                           ^
/home/ec2-user/arduino-testlib/cli-datadir/user/libraries/ACAN/src/ACAN.cpp:370:46: error: &#39;PORT_PCR_PE&#39; was not declared in this scope
       (inSettings.mRxPinHasInternalPullUp ? (PORT_PCR_PE | PORT_PCR_PS) : 0) // Internal pullup ?
                                              ^
/home/ec2-user/arduino-testlib/cli-datadir/user/libraries/ACAN/src/ACAN.cpp:370:60: error: &#39;PORT_PCR_PS&#39; was not declared in this scope
       (inSettings.mRxPinHasInternalPullUp ? (PORT_PCR_PE | PORT_PCR_PS) : 0) // Internal pullup ?
                                                            ^
/home/ec2-user/arduino-testlib/cli-datadir/user/libraries/ACAN/src/ACAN.cpp:425:5: error: &#39;OSC0_CR&#39; was not declared in this scope
     OSC0_CR |= OSC_ERCLKEN ; // Enables external reference clock (§28.8.1.1)
     ^
/home/ec2-user/arduino-testlib/cli-datadir/user/libraries/ACAN/src/ACAN.cpp:425:16: error: &#39;OSC_ERCLKEN&#39; was not declared in this scope
     OSC0_CR |= OSC_ERCLKEN ; // Enables external reference clock (§28.8.1.1)
                ^

</pre>
					
					<h4>examples/ReceivePrimaryFilters</h4>
					<p>
						Result: <b>FAIL</b>
					</p>
					<pre class="pre-scrollable">/home/ec2-user/arduino-testlib/cli-datadir/user/libraries/ACAN/src/ACAN.cpp: In member function &#39;uint32_t ACAN::begin(const ACANSettings&amp;, const ACANPrimaryFilter*, uint32_t, const ACANSecondaryFilter*, uint32_t)&#39;:
/home/ec2-user/arduino-testlib/cli-datadir/user/libraries/ACAN/src/ACAN.cpp:365:21: error: &#39;PORT_PCR_MUX&#39; was not declared in this scope
       PORT_PCR_MUX(2) | // Select function #2
                     ^
/home/ec2-user/arduino-testlib/cli-datadir/user/libraries/ACAN/src/ACAN.cpp:366:43: error: &#39;PORT_PCR_ODE&#39; was not declared in this scope
       (inSettings.mTxPinIsOpenCollector ? PORT_PCR_ODE : 0) // Open collector ?
                                           ^
/home/ec2-user/arduino-testlib/cli-datadir/user/libraries/ACAN/src/ACAN.cpp:370:46: error: &#39;PORT_PCR_PE&#39; was not declared in this scope
       (inSettings.mRxPinHasInternalPullUp ? (PORT_PCR_PE | PORT_PCR_PS) : 0) // Internal pullup ?
                                              ^
/home/ec2-user/arduino-testlib/cli-datadir/user/libraries/ACAN/src/ACAN.cpp:370:60: error: &#39;PORT_PCR_PS&#39; was not declared in this scope
       (inSettings.mRxPinHasInternalPullUp ? (PORT_PCR_PE | PORT_PCR_PS) : 0) // Internal pullup ?
                                                            ^
/home/ec2-user/arduino-testlib/cli-datadir/user/libraries/ACAN/src/ACAN.cpp:425:5: error: &#39;OSC0_CR&#39; was not declared in this scope
     OSC0_CR |= OSC_ERCLKEN ; // Enables external reference clock (§28.8.1.1)
     ^
/home/ec2-user/arduino-testlib/cli-datadir/user/libraries/ACAN/src/ACAN.cpp:425:16: error: &#39;OSC_ERCLKEN&#39; was not declared in this scope
     OSC0_CR |= OSC_ERCLKEN ; // Enables external reference clock (§28.8.1.1)
                ^

</pre>
					
					<h4>examples/ReceivePrimarySecondaryFilters</h4>
					<p>
						Result: <b>FAIL</b>
					</p>
					<pre class="pre-scrollable">/home/ec2-user/arduino-testlib/cli-datadir/user/libraries/ACAN/src/ACAN.cpp: In member function &#39;uint32_t ACAN::begin(const ACANSettings&amp;, const ACANPrimaryFilter*, uint32_t, const ACANSecondaryFilter*, uint32_t)&#39;:
/home/ec2-user/arduino-testlib/cli-datadir/user/libraries/ACAN/src/ACAN.cpp:365:21: error: &#39;PORT_PCR_MUX&#39; was not declared in this scope
       PORT_PCR_MUX(2) | // Select function #2
                     ^
/home/ec2-user/arduino-testlib/cli-datadir/user/libraries/ACAN/src/ACAN.cpp:366:43: error: &#39;PORT_PCR_ODE&#39; was not declared in this scope
       (inSettings.mTxPinIsOpenCollector ? PORT_PCR_ODE : 0) // Open collector ?
                                           ^
/home/ec2-user/arduino-testlib/cli-datadir/user/libraries/ACAN/src/ACAN.cpp:370:46: error: &#39;PORT_PCR_PE&#39; was not declared in this scope
       (inSettings.mRxPinHasInternalPullUp ? (PORT_PCR_PE | PORT_PCR_PS) : 0) // Internal pullup ?
                                              ^
/home/ec2-user/arduino-testlib/cli-datadir/user/libraries/ACAN/src/ACAN.cpp:370:60: error: &#39;PORT_PCR_PS&#39; was not declared in this scope
       (inSettings.mRxPinHasInternalPullUp ? (PORT_PCR_PE | PORT_PCR_PS) : 0) // Internal pullup ?
                                                            ^
/home/ec2-user/arduino-testlib/cli-datadir/user/libraries/ACAN/src/ACAN.cpp:425:5: error: &#39;OSC0_CR&#39; was not declared in this scope
     OSC0_CR |= OSC_ERCLKEN ; // Enables external reference clock (§28.8.1.1)
     ^
/home/ec2-user/arduino-testlib/cli-datadir/user/libraries/ACAN/src/ACAN.cpp:425:16: error: &#39;OSC_ERCLKEN&#39; was not declared in this scope
     OSC0_CR |= OSC_ERCLKEN ; // Enables external reference clock (§28.8.1.1)
                ^

</pre>
					
					<h4>examples/SendReceiveRemoteFrames</h4>
					<p>
						Result: <b>FAIL</b>
					</p>
					<pre class="pre-scrollable">/home/ec2-user/arduino-testlib/cli-datadir/user/libraries/ACAN/examples/SendReceiveRemoteFrames/SendReceiveRemoteFrames.ino:17:4: error: #error &#34;This sketch should be compiled for Teensy 3.6&#34;
   #error &#34;This sketch should be compiled for Teensy 3.6&#34;
    ^

</pre>
					
					<h4>examples/Teensy36Test</h4>
					<p>
						Result: <b>FAIL</b>
					</p>
					<pre class="pre-scrollable">/home/ec2-user/arduino-testlib/cli-datadir/user/libraries/ACAN/examples/Teensy36Test/Teensy36Test.ino: In function &#39;void setup()&#39;:
/home/ec2-user/arduino-testlib/cli-datadir/user/libraries/ACAN/examples/Teensy36Test/Teensy36Test.ino:39:24: error: &#39;can1&#39; is not a member of &#39;ACAN&#39;
   uint32_t errorCode = ACAN::can1.begin (settings) ;
                        ^
/home/ec2-user/arduino-testlib/cli-datadir/user/libraries/ACAN/examples/Teensy36Test/Teensy36Test.ino: In function &#39;void loop()&#39;:
/home/ec2-user/arduino-testlib/cli-datadir/user/libraries/ACAN/examples/Teensy36Test/Teensy36Test.ino:104:21: error: &#39;can1&#39; is not a member of &#39;ACAN&#39;
     const bool ok = ACAN::can1.tryToSend (frame) ;
                     ^
/home/ec2-user/arduino-testlib/cli-datadir/user/libraries/ACAN/examples/Teensy36Test/Teensy36Test.ino:115:7: error: &#39;can1&#39; is not a member of &#39;ACAN&#39;
   if (ACAN::can1.available ()) {
       ^
/home/ec2-user/arduino-testlib/cli-datadir/user/libraries/ACAN/examples/Teensy36Test/Teensy36Test.ino:116:5: error: &#39;can1&#39; is not a member of &#39;ACAN&#39;
     ACAN::can1.receive (frame) ;
     ^

</pre>
					
				
			</div>
		</div>
	</div>
  </body>
</html>
