
<!doctype html>
<html lang="en">
  <head>
    <meta charset="utf-8">
    <meta name="viewport" content="width=device-width, initial-scale=1">
    <link href="https://cdn.jsdelivr.net/npm/bootstrap@5.0.2/dist/css/bootstrap.min.css" rel="stylesheet" integrity="sha384-EVSTQN3/azprG1Anm3QDgpJLIm9Nao0Yz1ztcQTwFspd3yD65VohhpuuCOmLASjC" crossorigin="anonymous">
    <title>arduino-testlib report</title>
	<style>
	.pass { background-color: #00FF00 !important; }
	.fail { background-color: #FF0000 !important; }
	</style>
  </head>
  <body>
	<div class="container">
		<div class="row">
			<div class="col">
				<h1>AceSegment - compatibility matrix</h1>
				<p>
					<small>This report was generated on Monday, 21-Feb-22 12:00:25 CET using 
					<a href="https://github.com/alranel/arduino-testlib">arduino-testlib</a>.</small>
				</p>

				<h2>AceSegment</h2>
				<p>
					Version: <b>0.11.0</b>
					<br />
					<a href="https://www.arduino.cc/reference/en/libraries/acesegment/">More details</a>
				</p>

				<h2>Compatibility matrix</h2>
				<table class="table table-bordered">
					<tr>
						<th>Board</th>
						<th>Claims compatibility</th>
						<th>Inclusion</th>
						
						<th><pre>ModulatingDemo</pre></th>
						
						<th><pre>DirectDemo</pre></th>
						
						<th><pre>Hc595InterruptDemo</pre></th>
						
						<th><pre>HybridDemo</pre></th>
						
						<th><pre>Tm1637DualDemo</pre></th>
						
						<th><pre>Tm1638Demo</pre></th>
						
						<th><pre>AutoBenchmark</pre></th>
						
						<th><pre>DirectFast4Demo</pre></th>
						
						<th><pre>Tm1637Demo</pre></th>
						
						<th><pre>HelloMax7219</pre></th>
						
						<th><pre>HelloTm1637</pre></th>
						
						<th><pre>MemoryBenchmark</pre></th>
						
						<th><pre>Hc595Demo</pre></th>
						
						<th><pre>HelloHc595</pre></th>
						
						<th><pre>HelloHt16k33</pre></th>
						
						<th><pre>ScanningDemo</pre></th>
						
						<th><pre>HelloTm1638</pre></th>
						
						<th><pre>Ht16k33Demo</pre></th>
						
						<th><pre>Max7219Demo</pre></th>
						
					</tr>
					
					<tr>
						<td>
							<a href="#arduino%3aavr%3auno"><b>arduino:avr:uno</b></a>
							<br />
							<small>1.8.4</small>
						</td>

						
							<td>Yes</td>
							<td class="pass">PASS</td>
						
						
						
						

						
							
								
									
										
									
										
									
										
									
										
									
										
									
										
									
										
									
										
									
										
									
										
									
										
									
										
									
										
									
										
									
										
											<td class="pass">PASS</td>
											
										
									
										
									
										
									
										
									
										
									
								
							
								
							
								
							
								
							
								
							
						
							
								
									
										
									
										
											<td class="pass">PASS</td>
											
										
									
										
									
										
									
										
									
										
									
										
									
										
									
										
									
										
									
										
									
										
									
										
									
										
									
										
									
										
									
										
									
										
									
										
									
								
							
								
							
								
							
								
							
								
							
						
							
								
									
										
									
										
									
										
									
										
									
										
											<td class="pass">PASS</td>
											
										
									
										
									
										
									
										
									
										
									
										
									
										
									
										
									
										
									
										
									
										
									
										
									
										
									
										
									
										
									
								
							
								
							
								
							
								
							
								
							
						
							
								
									
										
									
										
									
										
									
										
									
										
									
										
									
										
									
										
									
										
									
										
									
										
									
										
											<td class="pass">PASS</td>
											
										
									
										
									
										
									
										
									
										
									
										
									
										
									
										
									
								
							
								
							
								
							
								
							
								
							
						
							
								
									
										
									
										
									
										
									
										
									
										
									
										
									
										
									
										
									
										
									
										
									
										
									
										
									
										
									
										
									
										
									
										
									
										
									
										
											<td class="pass">PASS</td>
											
										
									
										
									
								
							
								
							
								
							
								
							
								
							
						
							
								
									
										
									
										
									
										
									
										
									
										
									
										
									
										
									
										
									
										
									
										
									
										
									
										
									
										
									
										
									
										
									
										
									
										
									
										
									
										
											<td class="pass">PASS</td>
											
										
									
								
							
								
							
								
							
								
							
								
							
						
							
								
									
										
											<td class="pass">PASS</td>
											
										
									
										
									
										
									
										
									
										
									
										
									
										
									
										
									
										
									
										
									
										
									
										
									
										
									
										
									
										
									
										
									
										
									
										
									
										
									
								
							
								
							
								
							
								
							
								
							
						
							
								
									
										
									
										
									
										
											<td class="pass">PASS</td>
											
										
									
										
									
										
									
										
									
										
									
										
									
										
									
										
									
										
									
										
									
										
									
										
									
										
									
										
									
										
									
										
									
										
									
								
							
								
							
								
							
								
							
								
							
						
							
								
									
										
									
										
									
										
									
										
									
										
									
										
									
										
									
										
									
										
									
										
									
										
									
										
									
										
									
										
									
										
									
										
									
										
											<td class="pass">PASS</td>
											
										
									
										
									
										
									
								
							
								
							
								
							
								
							
								
							
						
							
								
									
										
									
										
									
										
									
										
									
										
									
										
									
										
									
										
											<td class="pass">PASS</td>
											
										
									
										
									
										
									
										
									
										
									
										
									
										
									
										
									
										
									
										
									
										
									
										
									
								
							
								
							
								
							
								
							
								
							
						
							
								
									
										
									
										
									
										
									
										
									
										
									
										
									
										
									
										
									
										
											<td class="pass">PASS</td>
											
										
									
										
									
										
									
										
									
										
									
										
									
										
									
										
									
										
									
										
									
										
									
								
							
								
							
								
							
								
							
								
							
						
							
								
									
										
									
										
									
										
									
										
									
										
									
										
									
										
									
										
									
										
									
										
									
										
									
										
									
										
									
										
											<td class="pass">PASS</td>
											
										
									
										
									
										
									
										
									
										
									
										
									
								
							
								
							
								
							
								
							
								
							
						
							
								
									
										
									
										
									
										
									
										
											<td class="pass">PASS</td>
											
										
									
										
									
										
									
										
									
										
									
										
									
										
									
										
									
										
									
										
									
										
									
										
									
										
									
										
									
										
									
										
									
								
							
								
							
								
							
								
							
								
							
						
							
								
									
										
									
										
									
										
									
										
									
										
									
										
											<td class="pass">PASS</td>
											
										
									
										
									
										
									
										
									
										
									
										
									
										
									
										
									
										
									
										
									
										
									
										
									
										
									
										
									
								
							
								
							
								
							
								
							
								
							
						
							
								
									
										
									
										
									
										
									
										
									
										
									
										
									
										
											<td class="pass">PASS</td>
											
										
									
										
									
										
									
										
									
										
									
										
									
										
									
										
									
										
									
										
									
										
									
										
									
										
									
								
							
								
							
								
							
								
							
								
							
						
							
								
									
										
									
										
									
										
									
										
									
										
									
										
									
										
									
										
									
										
									
										
									
										
									
										
									
										
									
										
									
										
									
										
											<td class="pass">PASS</td>
											
										
									
										
									
										
									
										
									
								
							
								
							
								
							
								
							
								
							
						
							
								
									
										
									
										
									
										
									
										
									
										
									
										
									
										
									
										
									
										
									
										
											<td class="pass">PASS</td>
											
										
									
										
									
										
									
										
									
										
									
										
									
										
									
										
									
										
									
										
									
								
							
								
							
								
							
								
							
								
							
						
							
								
									
										
									
										
									
										
									
										
									
										
									
										
									
										
									
										
									
										
									
										
									
										
											
											<td class="fail">FAIL</td>
										
									
										
									
										
									
										
									
										
									
										
									
										
									
										
									
										
									
								
							
								
							
								
							
								
							
								
							
						
							
								
									
										
									
										
									
										
									
										
									
										
									
										
									
										
									
										
									
										
									
										
									
										
									
										
									
										
											<td class="pass">PASS</td>
											
										
									
										
									
										
									
										
									
										
									
										
									
										
									
								
							
								
							
								
							
								
							
								
							
						
					</tr>
					
					<tr>
						<td>
							<a href="#arduino%3ambed_nano%3ananorp2040connect"><b>arduino:mbed_nano:nanorp2040connect</b></a>
							<br />
							<small>2.7.2</small>
						</td>

						
						
						
							<td>Yes ⚠️</td>
							<td class="fail">FAIL</td>
						
						

						
							
								
							
								
									
										
									
										
									
										
									
										
									
										
									
										
									
										
									
										
									
										
									
										
									
										
									
										
									
										
									
										
									
										
											
											<td class="fail">FAIL</td>
										
									
										
									
										
									
										
									
										
									
								
							
								
							
								
							
								
							
						
							
								
							
								
									
										
									
										
											
											<td class="fail">FAIL</td>
										
									
										
									
										
									
										
									
										
									
										
									
										
									
										
									
										
									
										
									
										
									
										
									
										
									
										
									
										
									
										
									
										
									
										
									
								
							
								
							
								
							
								
							
						
							
								
							
								
									
										
									
										
									
										
									
										
									
										
											
											<td class="fail">FAIL</td>
										
									
										
									
										
									
										
									
										
									
										
									
										
									
										
									
										
									
										
									
										
									
										
									
										
									
										
									
										
									
								
							
								
							
								
							
								
							
						
							
								
							
								
									
										
									
										
									
										
									
										
									
										
									
										
									
										
									
										
									
										
									
										
									
										
									
										
											
											<td class="fail">FAIL</td>
										
									
										
									
										
									
										
									
										
									
										
									
										
									
										
									
								
							
								
							
								
							
								
							
						
							
								
							
								
									
										
									
										
									
										
									
										
									
										
									
										
									
										
									
										
									
										
									
										
									
										
									
										
									
										
									
										
									
										
									
										
									
										
									
										
											
											<td class="fail">FAIL</td>
										
									
										
									
								
							
								
							
								
							
								
							
						
							
								
							
								
									
										
									
										
									
										
									
										
									
										
									
										
									
										
									
										
									
										
									
										
									
										
									
										
									
										
									
										
									
										
									
										
									
										
									
										
									
										
											
											<td class="fail">FAIL</td>
										
									
								
							
								
							
								
							
								
							
						
							
								
							
								
									
										
											
											<td class="fail">FAIL</td>
										
									
										
									
										
									
										
									
										
									
										
									
										
									
										
									
										
									
										
									
										
									
										
									
										
									
										
									
										
									
										
									
										
									
										
									
										
									
								
							
								
							
								
							
								
							
						
							
								
							
								
									
										
									
										
									
										
											
											<td class="fail">FAIL</td>
										
									
										
									
										
									
										
									
										
									
										
									
										
									
										
									
										
									
										
									
										
									
										
									
										
									
										
									
										
									
										
									
										
									
								
							
								
							
								
							
								
							
						
							
								
							
								
									
										
									
										
									
										
									
										
									
										
									
										
									
										
									
										
									
										
									
										
									
										
									
										
									
										
									
										
									
										
									
										
									
										
											
											<td class="fail">FAIL</td>
										
									
										
									
										
									
								
							
								
							
								
							
								
							
						
							
								
							
								
									
										
									
										
									
										
									
										
									
										
									
										
									
										
									
										
											
											<td class="fail">FAIL</td>
										
									
										
									
										
									
										
									
										
									
										
									
										
									
										
									
										
									
										
									
										
									
										
									
								
							
								
							
								
							
								
							
						
							
								
							
								
									
										
									
										
									
										
									
										
									
										
									
										
									
										
									
										
									
										
											
											<td class="fail">FAIL</td>
										
									
										
									
										
									
										
									
										
									
										
									
										
									
										
									
										
									
										
									
										
									
								
							
								
							
								
							
								
							
						
							
								
							
								
									
										
									
										
									
										
									
										
									
										
									
										
									
										
									
										
									
										
									
										
									
										
									
										
									
										
									
										
											<td class="pass">PASS</td>
											
										
									
										
									
										
									
										
									
										
									
										
									
								
							
								
							
								
							
								
							
						
							
								
							
								
									
										
									
										
									
										
									
										
											
											<td class="fail">FAIL</td>
										
									
										
									
										
									
										
									
										
									
										
									
										
									
										
									
										
									
										
									
										
									
										
									
										
									
										
									
										
									
										
									
								
							
								
							
								
							
								
							
						
							
								
							
								
									
										
									
										
									
										
									
										
									
										
									
										
											
											<td class="fail">FAIL</td>
										
									
										
									
										
									
										
									
										
									
										
									
										
									
										
									
										
									
										
									
										
									
										
									
										
									
										
									
								
							
								
							
								
							
								
							
						
							
								
							
								
									
										
									
										
									
										
									
										
									
										
									
										
									
										
											
											<td class="fail">FAIL</td>
										
									
										
									
										
									
										
									
										
									
										
									
										
									
										
									
										
									
										
									
										
									
										
									
										
									
								
							
								
							
								
							
								
							
						
							
								
							
								
									
										
									
										
									
										
									
										
									
										
									
										
									
										
									
										
									
										
									
										
									
										
									
										
									
										
									
										
									
										
									
										
											
											<td class="fail">FAIL</td>
										
									
										
									
										
									
										
									
								
							
								
							
								
							
								
							
						
							
								
							
								
									
										
									
										
									
										
									
										
									
										
									
										
									
										
									
										
									
										
									
										
											
											<td class="fail">FAIL</td>
										
									
										
									
										
									
										
									
										
									
										
									
										
									
										
									
										
									
										
									
								
							
								
							
								
							
								
							
						
							
								
							
								
									
										
									
										
									
										
									
										
									
										
									
										
									
										
									
										
									
										
									
										
									
										
											
											<td class="fail">FAIL</td>
										
									
										
									
										
									
										
									
										
									
										
									
										
									
										
									
										
									
								
							
								
							
								
							
								
							
						
							
								
							
								
									
										
									
										
									
										
									
										
									
										
									
										
									
										
									
										
									
										
									
										
									
										
									
										
									
										
											
											<td class="fail">FAIL</td>
										
									
										
									
										
									
										
									
										
									
										
									
										
									
								
							
								
							
								
							
								
							
						
					</tr>
					
					<tr>
						<td>
							<a href="#arduino%3amegaavr%3anona4809"><b>arduino:megaavr:nona4809</b></a>
							<br />
							<small>1.8.7</small>
						</td>

						
						
						
							<td>Yes ⚠️</td>
							<td class="fail">FAIL</td>
						
						

						
							
								
							
								
							
								
									
										
									
										
									
										
									
										
									
										
									
										
									
										
									
										
									
										
									
										
									
										
									
										
									
										
									
										
									
										
											
											<td class="fail">FAIL</td>
										
									
										
									
										
									
										
									
										
									
								
							
								
							
								
							
						
							
								
							
								
							
								
									
										
									
										
											
											<td class="fail">FAIL</td>
										
									
										
									
										
									
										
									
										
									
										
									
										
									
										
									
										
									
										
									
										
									
										
									
										
									
										
									
										
									
										
									
										
									
										
									
								
							
								
							
								
							
						
							
								
							
								
							
								
									
										
									
										
									
										
									
										
									
										
											
											<td class="fail">FAIL</td>
										
									
										
									
										
									
										
									
										
									
										
									
										
									
										
									
										
									
										
									
										
									
										
									
										
									
										
									
										
									
								
							
								
							
								
							
						
							
								
							
								
							
								
									
										
									
										
									
										
									
										
									
										
									
										
									
										
									
										
									
										
									
										
									
										
									
										
											
											<td class="fail">FAIL</td>
										
									
										
									
										
									
										
									
										
									
										
									
										
									
										
									
								
							
								
							
								
							
						
							
								
							
								
							
								
									
										
									
										
									
										
									
										
									
										
									
										
									
										
									
										
									
										
									
										
									
										
									
										
									
										
									
										
									
										
									
										
									
										
									
										
											
											<td class="fail">FAIL</td>
										
									
										
									
								
							
								
							
								
							
						
							
								
							
								
							
								
									
										
									
										
									
										
									
										
									
										
									
										
									
										
									
										
									
										
									
										
									
										
									
										
									
										
									
										
									
										
									
										
									
										
									
										
									
										
											
											<td class="fail">FAIL</td>
										
									
								
							
								
							
								
							
						
							
								
							
								
							
								
									
										
											
											<td class="fail">FAIL</td>
										
									
										
									
										
									
										
									
										
									
										
									
										
									
										
									
										
									
										
									
										
									
										
									
										
									
										
									
										
									
										
									
										
									
										
									
										
									
								
							
								
							
								
							
						
							
								
							
								
							
								
									
										
									
										
									
										
											
											<td class="fail">FAIL</td>
										
									
										
									
										
									
										
									
										
									
										
									
										
									
										
									
										
									
										
									
										
									
										
									
										
									
										
									
										
									
										
									
										
									
								
							
								
							
								
							
						
							
								
							
								
							
								
									
										
									
										
									
										
									
										
									
										
									
										
									
										
									
										
									
										
									
										
									
										
									
										
									
										
									
										
									
										
									
										
									
										
											
											<td class="fail">FAIL</td>
										
									
										
									
										
									
								
							
								
							
								
							
						
							
								
							
								
							
								
									
										
									
										
									
										
									
										
									
										
									
										
									
										
									
										
											
											<td class="fail">FAIL</td>
										
									
										
									
										
									
										
									
										
									
										
									
										
									
										
									
										
									
										
									
										
									
										
									
								
							
								
							
								
							
						
							
								
							
								
							
								
									
										
									
										
									
										
									
										
									
										
									
										
									
										
									
										
									
										
											
											<td class="fail">FAIL</td>
										
									
										
									
										
									
										
									
										
									
										
									
										
									
										
									
										
									
										
									
										
									
								
							
								
							
								
							
						
							
								
							
								
							
								
									
										
									
										
									
										
									
										
									
										
									
										
									
										
									
										
									
										
									
										
									
										
									
										
									
										
									
										
											<td class="pass">PASS</td>
											
										
									
										
									
										
									
										
									
										
									
										
									
								
							
								
							
								
							
						
							
								
							
								
							
								
									
										
									
										
									
										
									
										
											
											<td class="fail">FAIL</td>
										
									
										
									
										
									
										
									
										
									
										
									
										
									
										
									
										
									
										
									
										
									
										
									
										
									
										
									
										
									
										
									
								
							
								
							
								
							
						
							
								
							
								
							
								
									
										
									
										
									
										
									
										
									
										
									
										
											
											<td class="fail">FAIL</td>
										
									
										
									
										
									
										
									
										
									
										
									
										
									
										
									
										
									
										
									
										
									
										
									
										
									
										
									
								
							
								
							
								
							
						
							
								
							
								
							
								
									
										
									
										
									
										
									
										
									
										
									
										
									
										
											
											<td class="fail">FAIL</td>
										
									
										
									
										
									
										
									
										
									
										
									
										
									
										
									
										
									
										
									
										
									
										
									
										
									
								
							
								
							
								
							
						
							
								
							
								
							
								
									
										
									
										
									
										
									
										
									
										
									
										
									
										
									
										
									
										
									
										
									
										
									
										
									
										
									
										
									
										
									
										
											
											<td class="fail">FAIL</td>
										
									
										
									
										
									
										
									
								
							
								
							
								
							
						
							
								
							
								
							
								
									
										
									
										
									
										
									
										
									
										
									
										
									
										
									
										
									
										
									
										
											
											<td class="fail">FAIL</td>
										
									
										
									
										
									
										
									
										
									
										
									
										
									
										
									
										
									
										
									
								
							
								
							
								
							
						
							
								
							
								
							
								
									
										
									
										
									
										
									
										
									
										
									
										
									
										
									
										
									
										
									
										
									
										
											
											<td class="fail">FAIL</td>
										
									
										
									
										
									
										
									
										
									
										
									
										
									
										
									
										
									
								
							
								
							
								
							
						
							
								
							
								
							
								
									
										
									
										
									
										
									
										
									
										
									
										
									
										
									
										
									
										
									
										
									
										
									
										
									
										
											
											<td class="fail">FAIL</td>
										
									
										
									
										
									
										
									
										
									
										
									
										
									
								
							
								
							
								
							
						
					</tr>
					
					<tr>
						<td>
							<a href="#arduino%3asamd%3amkrwifi1010"><b>arduino:samd:mkrwifi1010</b></a>
							<br />
							<small>1.8.12</small>
						</td>

						
						
						
							<td>Yes ⚠️</td>
							<td class="fail">FAIL</td>
						
						

						
							
								
							
								
							
								
							
								
									
										
									
										
									
										
									
										
									
										
									
										
									
										
									
										
									
										
									
										
									
										
									
										
									
										
									
										
									
										
											
											<td class="fail">FAIL</td>
										
									
										
									
										
									
										
									
										
									
								
							
								
							
						
							
								
							
								
							
								
							
								
									
										
									
										
											
											<td class="fail">FAIL</td>
										
									
										
									
										
									
										
									
										
									
										
									
										
									
										
									
										
									
										
									
										
									
										
									
										
									
										
									
										
									
										
									
										
									
										
									
								
							
								
							
						
							
								
							
								
							
								
							
								
									
										
									
										
									
										
									
										
									
										
											
											<td class="fail">FAIL</td>
										
									
										
									
										
									
										
									
										
									
										
									
										
									
										
									
										
									
										
									
										
									
										
									
										
									
										
									
										
									
								
							
								
							
						
							
								
							
								
							
								
							
								
									
										
									
										
									
										
									
										
									
										
									
										
									
										
									
										
									
										
									
										
									
										
									
										
											
											<td class="fail">FAIL</td>
										
									
										
									
										
									
										
									
										
									
										
									
										
									
										
									
								
							
								
							
						
							
								
							
								
							
								
							
								
									
										
									
										
									
										
									
										
									
										
									
										
									
										
									
										
									
										
									
										
									
										
									
										
									
										
									
										
									
										
									
										
									
										
									
										
											
											<td class="fail">FAIL</td>
										
									
										
									
								
							
								
							
						
							
								
							
								
							
								
							
								
									
										
									
										
									
										
									
										
									
										
									
										
									
										
									
										
									
										
									
										
									
										
									
										
									
										
									
										
									
										
									
										
									
										
									
										
									
										
											
											<td class="fail">FAIL</td>
										
									
								
							
								
							
						
							
								
							
								
							
								
							
								
									
										
											
											<td class="fail">FAIL</td>
										
									
										
									
										
									
										
									
										
									
										
									
										
									
										
									
										
									
										
									
										
									
										
									
										
									
										
									
										
									
										
									
										
									
										
									
										
									
								
							
								
							
						
							
								
							
								
							
								
							
								
									
										
									
										
									
										
											
											<td class="fail">FAIL</td>
										
									
										
									
										
									
										
									
										
									
										
									
										
									
										
									
										
									
										
									
										
									
										
									
										
									
										
									
										
									
										
									
										
									
								
							
								
							
						
							
								
							
								
							
								
							
								
									
										
									
										
									
										
									
										
									
										
									
										
									
										
									
										
									
										
									
										
									
										
									
										
									
										
									
										
									
										
									
										
									
										
											
											<td class="fail">FAIL</td>
										
									
										
									
										
									
								
							
								
							
						
							
								
							
								
							
								
							
								
									
										
									
										
									
										
									
										
									
										
									
										
									
										
									
										
											
											<td class="fail">FAIL</td>
										
									
										
									
										
									
										
									
										
									
										
									
										
									
										
									
										
									
										
									
										
									
										
									
								
							
								
							
						
							
								
							
								
							
								
							
								
									
										
									
										
									
										
									
										
									
										
									
										
									
										
									
										
									
										
											
											<td class="fail">FAIL</td>
										
									
										
									
										
									
										
									
										
									
										
									
										
									
										
									
										
									
										
									
										
									
								
							
								
							
						
							
								
							
								
							
								
							
								
									
										
									
										
									
										
									
										
									
										
									
										
									
										
									
										
									
										
									
										
									
										
									
										
									
										
									
										
											<td class="pass">PASS</td>
											
										
									
										
									
										
									
										
									
										
									
										
									
								
							
								
							
						
							
								
							
								
							
								
							
								
									
										
									
										
									
										
									
										
											
											<td class="fail">FAIL</td>
										
									
										
									
										
									
										
									
										
									
										
									
										
									
										
									
										
									
										
									
										
									
										
									
										
									
										
									
										
									
										
									
								
							
								
							
						
							
								
							
								
							
								
							
								
									
										
									
										
									
										
									
										
									
										
									
										
											
											<td class="fail">FAIL</td>
										
									
										
									
										
									
										
									
										
									
										
									
										
									
										
									
										
									
										
									
										
									
										
									
										
									
										
									
								
							
								
							
						
							
								
							
								
							
								
							
								
									
										
									
										
									
										
									
										
									
										
									
										
									
										
											
											<td class="fail">FAIL</td>
										
									
										
									
										
									
										
									
										
									
										
									
										
									
										
									
										
									
										
									
										
									
										
									
										
									
								
							
								
							
						
							
								
							
								
							
								
							
								
									
										
									
										
									
										
									
										
									
										
									
										
									
										
									
										
									
										
									
										
									
										
									
										
									
										
									
										
									
										
									
										
											
											<td class="fail">FAIL</td>
										
									
										
									
										
									
										
									
								
							
								
							
						
							
								
							
								
							
								
							
								
									
										
									
										
									
										
									
										
									
										
									
										
									
										
									
										
									
										
									
										
											
											<td class="fail">FAIL</td>
										
									
										
									
										
									
										
									
										
									
										
									
										
									
										
									
										
									
										
									
								
							
								
							
						
							
								
							
								
							
								
							
								
									
										
									
										
									
										
									
										
									
										
									
										
									
										
									
										
									
										
									
										
									
										
											
											<td class="fail">FAIL</td>
										
									
										
									
										
									
										
									
										
									
										
									
										
									
										
									
										
									
								
							
								
							
						
							
								
							
								
							
								
							
								
									
										
									
										
									
										
									
										
									
										
									
										
									
										
									
										
									
										
									
										
									
										
									
										
									
										
											
											<td class="fail">FAIL</td>
										
									
										
									
										
									
										
									
										
									
										
									
										
									
								
							
								
							
						
					</tr>
					
					<tr>
						<td>
							<a href="#esp32%3aesp32%3ad1_mini32"><b>esp32:esp32:d1_mini32</b></a>
							<br />
							<small>1.0.6</small>
						</td>

						
							<td>Yes</td>
							<td class="pass">PASS</td>
						
						
						
						

						
							
								
							
								
							
								
							
								
							
								
									
										
									
										
									
										
									
										
									
										
									
										
									
										
									
										
									
										
									
										
									
										
									
										
									
										
									
										
									
										
											
											<td class="fail">FAIL</td>
										
									
										
									
										
									
										
									
										
									
								
							
						
							
								
							
								
							
								
							
								
							
								
									
										
									
										
											<td class="pass">PASS</td>
											
										
									
										
									
										
									
										
									
										
									
										
									
										
									
										
									
										
									
										
									
										
									
										
									
										
									
										
									
										
									
										
									
										
									
										
									
								
							
						
							
								
							
								
							
								
							
								
							
								
									
										
									
										
									
										
									
										
									
										
											
											<td class="fail">FAIL</td>
										
									
										
									
										
									
										
									
										
									
										
									
										
									
										
									
										
									
										
									
										
									
										
									
										
									
										
									
										
									
								
							
						
							
								
							
								
							
								
							
								
							
								
									
										
									
										
									
										
									
										
									
										
									
										
									
										
									
										
									
										
									
										
									
										
									
										
											
											<td class="fail">FAIL</td>
										
									
										
									
										
									
										
									
										
									
										
									
										
									
										
									
								
							
						
							
								
							
								
							
								
							
								
							
								
									
										
									
										
									
										
									
										
									
										
									
										
									
										
									
										
									
										
									
										
									
										
									
										
									
										
									
										
									
										
									
										
									
										
									
										
											<td class="pass">PASS</td>
											
										
									
										
									
								
							
						
							
								
							
								
							
								
							
								
							
								
									
										
									
										
									
										
									
										
									
										
									
										
									
										
									
										
									
										
									
										
									
										
									
										
									
										
									
										
									
										
									
										
									
										
									
										
									
										
											<td class="pass">PASS</td>
											
										
									
								
							
						
							
								
							
								
							
								
							
								
							
								
									
										
											<td class="pass">PASS</td>
											
										
									
										
									
										
									
										
									
										
									
										
									
										
									
										
									
										
									
										
									
										
									
										
									
										
									
										
									
										
									
										
									
										
									
										
									
										
									
								
							
						
							
								
							
								
							
								
							
								
							
								
									
										
									
										
									
										
											
											<td class="fail">FAIL</td>
										
									
										
									
										
									
										
									
										
									
										
									
										
									
										
									
										
									
										
									
										
									
										
									
										
									
										
									
										
									
										
									
										
									
								
							
						
							
								
							
								
							
								
							
								
							
								
									
										
									
										
									
										
									
										
									
										
									
										
									
										
									
										
									
										
									
										
									
										
									
										
									
										
									
										
									
										
									
										
									
										
											<td class="pass">PASS</td>
											
										
									
										
									
										
									
								
							
						
							
								
							
								
							
								
							
								
							
								
									
										
									
										
									
										
									
										
									
										
									
										
									
										
									
										
											<td class="pass">PASS</td>
											
										
									
										
									
										
									
										
									
										
									
										
									
										
									
										
									
										
									
										
									
										
									
										
									
								
							
						
							
								
							
								
							
								
							
								
							
								
									
										
									
										
									
										
									
										
									
										
									
										
									
										
									
										
									
										
											<td class="pass">PASS</td>
											
										
									
										
									
										
									
										
									
										
									
										
									
										
									
										
									
										
									
										
									
										
									
								
							
						
							
								
							
								
							
								
							
								
							
								
									
										
									
										
									
										
									
										
									
										
									
										
									
										
									
										
									
										
									
										
									
										
									
										
									
										
									
										
											<td class="pass">PASS</td>
											
										
									
										
									
										
									
										
									
										
									
										
									
								
							
						
							
								
							
								
							
								
							
								
							
								
									
										
									
										
									
										
									
										
											<td class="pass">PASS</td>
											
										
									
										
									
										
									
										
									
										
									
										
									
										
									
										
									
										
									
										
									
										
									
										
									
										
									
										
									
										
									
										
									
								
							
						
							
								
							
								
							
								
							
								
							
								
									
										
									
										
									
										
									
										
									
										
									
										
											<td class="pass">PASS</td>
											
										
									
										
									
										
									
										
									
										
									
										
									
										
									
										
									
										
									
										
									
										
									
										
									
										
									
										
									
								
							
						
							
								
							
								
							
								
							
								
							
								
									
										
									
										
									
										
									
										
									
										
									
										
									
										
											<td class="pass">PASS</td>
											
										
									
										
									
										
									
										
									
										
									
										
									
										
									
										
									
										
									
										
									
										
									
										
									
										
									
								
							
						
							
								
							
								
							
								
							
								
							
								
									
										
									
										
									
										
									
										
									
										
									
										
									
										
									
										
									
										
									
										
									
										
									
										
									
										
									
										
									
										
									
										
											
											<td class="fail">FAIL</td>
										
									
										
									
										
									
										
									
								
							
						
							
								
							
								
							
								
							
								
							
								
									
										
									
										
									
										
									
										
									
										
									
										
									
										
									
										
									
										
									
										
											<td class="pass">PASS</td>
											
										
									
										
									
										
									
										
									
										
									
										
									
										
									
										
									
										
									
										
									
								
							
						
							
								
							
								
							
								
							
								
							
								
									
										
									
										
									
										
									
										
									
										
									
										
									
										
									
										
									
										
									
										
									
										
											
											<td class="fail">FAIL</td>
										
									
										
									
										
									
										
									
										
									
										
									
										
									
										
									
										
									
								
							
						
							
								
							
								
							
								
							
								
							
								
									
										
									
										
									
										
									
										
									
										
									
										
									
										
									
										
									
										
									
										
									
										
									
										
									
										
											<td class="pass">PASS</td>
											
										
									
										
									
										
									
										
									
										
									
										
									
										
									
								
							
						
					</tr>
					
				</table>

				<h2>Compilation logs</h2>
				
				<h3 id="arduino:avr:uno">arduino:avr:uno @ 1.8.4</h3>
				<h4>Inclusion</h4>
				<p>
					Result: <b>PASS</b>
					
				</p>
				<pre class="pre-scrollable">Sketch uses 446 bytes (1%) of program storage space. Maximum is 32256 bytes.
Global variables use 9 bytes (0%) of dynamic memory, leaving 2039 bytes for local variables. Maximum is 2048 bytes.
</pre>

					
					<h4>examples/AutoBenchmark</h4>
					<p>
						Result: <b>PASS</b>
					</p>
					<pre class="pre-scrollable">Sketch uses 25728 bytes (79%) of program storage space. Maximum is 32256 bytes.
Global variables use 574 bytes (28%) of dynamic memory, leaving 1474 bytes for local variables. Maximum is 2048 bytes.
</pre>
					
					<h4>examples/DirectDemo</h4>
					<p>
						Result: <b>PASS</b>
					</p>
					<pre class="pre-scrollable">Sketch uses 1898 bytes (5%) of program storage space. Maximum is 32256 bytes.
Global variables use 86 bytes (4%) of dynamic memory, leaving 1962 bytes for local variables. Maximum is 2048 bytes.
</pre>
					
					<h4>examples/DirectFast4Demo</h4>
					<p>
						Result: <b>PASS</b>
					</p>
					<pre class="pre-scrollable">Sketch uses 4648 bytes (14%) of program storage space. Maximum is 32256 bytes.
Global variables use 193 bytes (9%) of dynamic memory, leaving 1855 bytes for local variables. Maximum is 2048 bytes.
</pre>
					
					<h4>examples/Hc595Demo</h4>
					<p>
						Result: <b>PASS</b>
					</p>
					<pre class="pre-scrollable">Sketch uses 4694 bytes (14%) of program storage space. Maximum is 32256 bytes.
Global variables use 183 bytes (8%) of dynamic memory, leaving 1865 bytes for local variables. Maximum is 2048 bytes.
</pre>
					
					<h4>examples/Hc595InterruptDemo</h4>
					<p>
						Result: <b>PASS</b>
					</p>
					<pre class="pre-scrollable">Sketch uses 4876 bytes (15%) of program storage space. Maximum is 32256 bytes.
Global variables use 187 bytes (9%) of dynamic memory, leaving 1861 bytes for local variables. Maximum is 2048 bytes.
</pre>
					
					<h4>examples/HelloHc595</h4>
					<p>
						Result: <b>PASS</b>
					</p>
					<pre class="pre-scrollable">Sketch uses 1798 bytes (5%) of program storage space. Maximum is 32256 bytes.
Global variables use 73 bytes (3%) of dynamic memory, leaving 1975 bytes for local variables. Maximum is 2048 bytes.
</pre>
					
					<h4>examples/HelloHt16k33</h4>
					<p>
						Result: <b>PASS</b>
					</p>
					<pre class="pre-scrollable">Sketch uses 2988 bytes (9%) of program storage space. Maximum is 32256 bytes.
Global variables use 241 bytes (11%) of dynamic memory, leaving 1807 bytes for local variables. Maximum is 2048 bytes.
</pre>
					
					<h4>examples/HelloMax7219</h4>
					<p>
						Result: <b>PASS</b>
					</p>
					<pre class="pre-scrollable">Sketch uses 1468 bytes (4%) of program storage space. Maximum is 32256 bytes.
Global variables use 41 bytes (2%) of dynamic memory, leaving 2007 bytes for local variables. Maximum is 2048 bytes.
</pre>
					
					<h4>examples/HelloTm1637</h4>
					<p>
						Result: <b>PASS</b>
					</p>
					<pre class="pre-scrollable">Sketch uses 1624 bytes (5%) of program storage space. Maximum is 32256 bytes.
Global variables use 29 bytes (1%) of dynamic memory, leaving 2019 bytes for local variables. Maximum is 2048 bytes.
</pre>
					
					<h4>examples/HelloTm1638</h4>
					<p>
						Result: <b>PASS</b>
					</p>
					<pre class="pre-scrollable">Sketch uses 1552 bytes (4%) of program storage space. Maximum is 32256 bytes.
Global variables use 34 bytes (1%) of dynamic memory, leaving 2014 bytes for local variables. Maximum is 2048 bytes.
</pre>
					
					<h4>examples/Ht16k33Demo</h4>
					<p>
						Result: <b>FAIL</b>
					</p>
					<pre class="pre-scrollable">In file included from /Users/alranel/Documents/git/arduino/arduino-testlib/cli-datadir/data/packages/arduino/tools/avr-gcc/7.3.0-atmel3.6.1-arduino7/avr/include/avr/io.h:99:0,
                 from /Users/alranel/Documents/git/arduino/arduino-testlib/cli-datadir/data/packages/arduino/tools/avr-gcc/7.3.0-atmel3.6.1-arduino7/avr/include/avr/pgmspace.h:90,
                 from /Users/alranel/Documents/git/arduino/arduino-testlib/cli-datadir/data/packages/arduino/hardware/avr/1.8.4/cores/arduino/Arduino.h:28,
                 from /Users/alranel/Documents/git/arduino/arduino-testlib/cli-datadir/user/libraries/AceSegment/examples/Ht16k33Demo/Ht16k33Demo.ino:16:
/Users/alranel/Documents/git/arduino/arduino-testlib/cli-datadir/user/libraries/SoftI2CMaster/src/SoftI2CMaster.h: In function &#39;void i2c_wait_scl_high()&#39;:
/Users/alranel/Documents/git/arduino/arduino-testlib/cli-datadir/user/libraries/SoftI2CMaster/src/SoftI2CMaster.h:247:31: error: &#39;SCL_PORT&#39; was not declared in this scope
 #define SCL_IN  (_SFR_IO_ADDR(SCL_PORT) - 2)
                               ^
/Users/alranel/Documents/git/arduino/arduino-testlib/cli-datadir/user/libraries/SoftI2CMaster/src/SoftI2CMaster.h:288:23: note: in expansion of macro &#39;SCL_IN&#39;
      : : [SCLIN] &#34;I&#34; (SCL_IN), [SCLPIN] &#34;I&#34; (SCL_PIN));
                       ^~~~~~
/Users/alranel/Documents/git/arduino/arduino-testlib/cli-datadir/user/libraries/SoftI2CMaster/src/SoftI2CMaster.h:247:31: note: suggested alternative: &#39;SCL_OUT&#39;
 #define SCL_IN  (_SFR_IO_ADDR(SCL_PORT) - 2)
                               ^
/Users/alranel/Documents/git/arduino/arduino-testlib/cli-datadir/user/libraries/SoftI2CMaster/src/SoftI2CMaster.h:288:23: note: in expansion of macro &#39;SCL_IN&#39;
      : : [SCLIN] &#34;I&#34; (SCL_IN), [SCLPIN] &#34;I&#34; (SCL_PIN));
                       ^~~~~~
/Users/alranel/Documents/git/arduino/arduino-testlib/cli-datadir/user/libraries/SoftI2CMaster/src/SoftI2CMaster.h: In function &#39;bool i2c_init()&#39;:
/Users/alranel/Documents/git/arduino/arduino-testlib/cli-datadir/user/libraries/SoftI2CMaster/src/SoftI2CMaster.h:243:38: error: &#39;SCL_PORT&#39; was not declared in this scope
 #define SCL_DDR        (_SFR_IO_ADDR(SCL_PORT) - 1)
                                      ^
/Users/alranel/Documents/git/arduino/arduino-testlib/cli-datadir/user/libraries/SoftI2CMaster/src/SoftI2CMaster.h:384:23: note: in expansion of macro &#39;SCL_DDR&#39;
        [SCLDDR] &#34;I&#34;  (SCL_DDR), [SCLPIN] &#34;I&#34; (SCL_PIN),
                       ^~~~~~~
/Users/alranel/Documents/git/arduino/arduino-testlib/cli-datadir/user/libraries/SoftI2CMaster/src/SoftI2CMaster.h:243:38: note: suggested alternative: &#39;SCL_OUT&#39;
 #define SCL_DDR        (_SFR_IO_ADDR(SCL_PORT) - 1)
                                      ^
/Users/alranel/Documents/git/arduino/arduino-testlib/cli-datadir/user/libraries/SoftI2CMaster/src/SoftI2CMaster.h:384:23: note: in expansion of macro &#39;SCL_DDR&#39;
        [SCLDDR] &#34;I&#34;  (SCL_DDR), [SCLPIN] &#34;I&#34; (SCL_PIN),
                       ^~~~~~~
/Users/alranel/Documents/git/arduino/arduino-testlib/cli-datadir/user/libraries/SoftI2CMaster/src/SoftI2CMaster.h:242:38: error: &#39;SDA_PORT&#39; was not declared in this scope
 #define SDA_DDR        (_SFR_IO_ADDR(SDA_PORT) - 1)
                                      ^
/Users/alranel/Documents/git/arduino/arduino-testlib/cli-datadir/user/libraries/SoftI2CMaster/src/SoftI2CMaster.h:386:23: note: in expansion of macro &#39;SDA_DDR&#39;
        [SDADDR] &#34;I&#34;  (SDA_DDR), [SDAPIN] &#34;I&#34; (SDA_PIN),
                       ^~~~~~~
/Users/alranel/Documents/git/arduino/arduino-testlib/cli-datadir/user/libraries/SoftI2CMaster/src/SoftI2CMaster.h:242:38: note: suggested alternative: &#39;SDA_OUT&#39;
 #define SDA_DDR        (_SFR_IO_ADDR(SDA_PORT) - 1)
                                      ^
/Users/alranel/Documents/git/arduino/arduino-testlib/cli-datadir/user/libraries/SoftI2CMaster/src/SoftI2CMaster.h:386:23: note: in expansion of macro &#39;SDA_DDR&#39;
        [SDADDR] &#34;I&#34;  (SDA_DDR), [SDAPIN] &#34;I&#34; (SDA_PIN),
                       ^~~~~~~
/Users/alranel/Documents/git/arduino/arduino-testlib/cli-datadir/user/libraries/SoftI2CMaster/src/SoftI2CMaster.h: In function &#39;bool i2c_start(uint8_t)&#39;:
/Users/alranel/Documents/git/arduino/arduino-testlib/cli-datadir/user/libraries/SoftI2CMaster/src/SoftI2CMaster.h:242:38: error: &#39;SDA_PORT&#39; was not declared in this scope
 #define SDA_DDR        (_SFR_IO_ADDR(SDA_PORT) - 1)
                                      ^
/Users/alranel/Documents/git/arduino/arduino-testlib/cli-datadir/user/libraries/SoftI2CMaster/src/SoftI2CMaster.h:456:25: note: in expansion of macro &#39;SDA_DDR&#39;
      : : [SDADDR] &#34;I&#34;  (SDA_DDR), [SDAPIN] &#34;I&#34; (SDA_PIN),
                         ^~~~~~~
/Users/alranel/Documents/git/arduino/arduino-testlib/cli-datadir/user/libraries/SoftI2CMaster/src/SoftI2CMaster.h:242:38: note: suggested alternative: &#39;SDA_OUT&#39;
 #define SDA_DDR        (_SFR_IO_ADDR(SDA_PORT) - 1)
                                      ^
/Users/alranel/Documents/git/arduino/arduino-testlib/cli-datadir/user/libraries/SoftI2CMaster/src/SoftI2CMaster.h:456:25: note: in expansion of macro &#39;SDA_DDR&#39;
      : : [SDADDR] &#34;I&#34;  (SDA_DDR), [SDAPIN] &#34;I&#34; (SDA_PIN),
                         ^~~~~~~
/Users/alranel/Documents/git/arduino/arduino-testlib/cli-datadir/user/libraries/SoftI2CMaster/src/SoftI2CMaster.h:245:37: error: &#39;SCL_PORT&#39; was not declared in this scope
 #define SCL_OUT        _SFR_IO_ADDR(SCL_PORT)
                                     ^
/Users/alranel/Documents/git/arduino/arduino-testlib/cli-datadir/user/libraries/SoftI2CMaster/src/SoftI2CMaster.h:457:46: note: in expansion of macro &#39;SCL_OUT&#39;
        [SDAOUT] &#34;I&#34; (SDA_OUT), [SCLOUT] &#34;I&#34; (SCL_OUT),
                                              ^~~~~~~
/Users/alranel/Documents/git/arduino/arduino-testlib/cli-datadir/user/libraries/SoftI2CMaster/src/SoftI2CMaster.h:245:37: note: suggested alternative: &#39;SCL_OUT&#39;
 #define SCL_OUT        _SFR_IO_ADDR(SCL_PORT)
                                     ^
/Users/alranel/Documents/git/arduino/arduino-testlib/cli-datadir/user/libraries/SoftI2CMaster/src/SoftI2CMaster.h:457:46: note: in expansion of macro &#39;SCL_OUT&#39;
        [SDAOUT] &#34;I&#34; (SDA_OUT), [SCLOUT] &#34;I&#34; (SCL_OUT),
                                              ^~~~~~~
/Users/alranel/Documents/git/arduino/arduino-testlib/cli-datadir/user/libraries/SoftI2CMaster/src/SoftI2CMaster.h: In function &#39;bool i2c_rep_start(uint8_t)&#39;:
/Users/alranel/Documents/git/arduino/arduino-testlib/cli-datadir/user/libraries/SoftI2CMaster/src/SoftI2CMaster.h:243:38: error: &#39;SCL_PORT&#39; was not declared in this scope
 #define SCL_DDR        (_SFR_IO_ADDR(SCL_PORT) - 1)
                                      ^
/Users/alranel/Documents/git/arduino/arduino-testlib/cli-datadir/user/libraries/SoftI2CMaster/src/SoftI2CMaster.h:521:25: note: in expansion of macro &#39;SCL_DDR&#39;
      : : [SCLDDR] &#34;I&#34;  (SCL_DDR), [SCLPIN] &#34;I&#34; (SCL_PIN),
                         ^~~~~~~
/Users/alranel/Documents/git/arduino/arduino-testlib/cli-datadir/user/libraries/SoftI2CMaster/src/SoftI2CMaster.h:243:38: note: suggested alternative: &#39;SCL_OUT&#39;
 #define SCL_DDR        (_SFR_IO_ADDR(SCL_PORT) - 1)
                                      ^
/Users/alranel/Documents/git/arduino/arduino-testlib/cli-datadir/user/libraries/SoftI2CMaster/src/SoftI2CMaster.h:521:25: note: in expansion of macro &#39;SCL_DDR&#39;
      : : [SCLDDR] &#34;I&#34;  (SCL_DDR), [SCLPIN] &#34;I&#34; (SCL_PIN),
                         ^~~~~~~
/Users/alranel/Documents/git/arduino/arduino-testlib/cli-datadir/user/libraries/SoftI2CMaster/src/SoftI2CMaster.h:244:37: error: &#39;SDA_PORT&#39; was not declared in this scope
 #define SDA_OUT        _SFR_IO_ADDR(SDA_PORT)
                                     ^
/Users/alranel/Documents/git/arduino/arduino-testlib/cli-datadir/user/libraries/SoftI2CMaster/src/SoftI2CMaster.h:522:68: note: in expansion of macro &#39;SDA_OUT&#39;
        [SCLIN] &#34;I&#34; (SCL_IN), [SCLOUT] &#34;I&#34; (SCL_OUT), [SDAOUT] &#34;I&#34; (SDA_OUT),
                                                                    ^~~~~~~
/Users/alranel/Documents/git/arduino/arduino-testlib/cli-datadir/user/libraries/SoftI2CMaster/src/SoftI2CMaster.h:244:37: note: suggested alternative: &#39;SDA_OUT&#39;
 #define SDA_OUT        _SFR_IO_ADDR(SDA_PORT)
                                     ^
/Users/alranel/Documents/git/arduino/arduino-testlib/cli-datadir/user/libraries/SoftI2CMaster/src/SoftI2CMaster.h:522:68: note: in expansion of macro &#39;SDA_OUT&#39;
        [SCLIN] &#34;I&#34; (SCL_IN), [SCLOUT] &#34;I&#34; (SCL_OUT), [SDAOUT] &#34;I&#34; (SDA_OUT),
                                                                    ^~~~~~~
/Users/alranel/Documents/git/arduino/arduino-testlib/cli-datadir/user/libraries/SoftI2CMaster/src/SoftI2CMaster.h: In function &#39;bool i2c_start_wait(uint8_t)&#39;:
/Users/alranel/Documents/git/arduino/arduino-testlib/cli-datadir/user/libraries/SoftI2CMaster/src/SoftI2CMaster.h:242:38: error: &#39;SDA_PORT&#39; was not declared in this scope
 #define SDA_DDR        (_SFR_IO_ADDR(SDA_PORT) - 1)
                                      ^
/Users/alranel/Documents/git/arduino/arduino-testlib/cli-datadir/user/libraries/SoftI2CMaster/src/SoftI2CMaster.h:639:24: note: in expansion of macro &#39;SDA_DDR&#39;
     : : [SDADDR] &#34;I&#34;  (SDA_DDR), [SDAPIN] &#34;I&#34; (SDA_PIN), [SDAOUT] &#34;I&#34; (SDA_OUT),
                        ^~~~~~~
/Users/alranel/Documents/git/arduino/arduino-testlib/cli-datadir/user/libraries/SoftI2CMaster/src/SoftI2CMaster.h:242:38: note: suggested alternative: &#39;SDA_OUT&#39;
 #define SDA_DDR        (_SFR_IO_ADDR(SDA_PORT) - 1)
                                      ^
/Users/alranel/Documents/git/arduino/arduino-testlib/cli-datadir/user/libraries/SoftI2CMaster/src/SoftI2CMaster.h:639:24: note: in expansion of macro &#39;SDA_DDR&#39;
     : : [SDADDR] &#34;I&#34;  (SDA_DDR), [SDAPIN] &#34;I&#34; (SDA_PIN), [SDAOUT] &#34;I&#34; (SDA_OUT),
                        ^~~~~~~
/Users/alranel/Documents/git/arduino/arduino-testlib/cli-datadir/user/libraries/SoftI2CMaster/src/SoftI2CMaster.h:247:31: error: &#39;SCL_PORT&#39; was not declared in this scope
 #define SCL_IN  (_SFR_IO_ADDR(SCL_PORT) - 2)
                               ^
/Users/alranel/D</pre>
					
					<h4>examples/HybridDemo</h4>
					<p>
						Result: <b>PASS</b>
					</p>
					<pre class="pre-scrollable">Sketch uses 4664 bytes (14%) of program storage space. Maximum is 32256 bytes.
Global variables use 159 bytes (7%) of dynamic memory, leaving 1889 bytes for local variables. Maximum is 2048 bytes.
</pre>
					
					<h4>examples/Max7219Demo</h4>
					<p>
						Result: <b>PASS</b>
					</p>
					<pre class="pre-scrollable">Sketch uses 4602 bytes (14%) of program storage space. Maximum is 32256 bytes.
Global variables use 146 bytes (7%) of dynamic memory, leaving 1902 bytes for local variables. Maximum is 2048 bytes.
</pre>
					
					<h4>examples/MemoryBenchmark</h4>
					<p>
						Result: <b>PASS</b>
					</p>
					<pre class="pre-scrollable">Sketch uses 456 bytes (1%) of program storage space. Maximum is 32256 bytes.
Global variables use 11 bytes (0%) of dynamic memory, leaving 2037 bytes for local variables. Maximum is 2048 bytes.
</pre>
					
					<h4>examples/ModulatingDemo</h4>
					<p>
						Result: <b>PASS</b>
					</p>
					<pre class="pre-scrollable">Sketch uses 4662 bytes (14%) of program storage space. Maximum is 32256 bytes.
Global variables use 168 bytes (8%) of dynamic memory, leaving 1880 bytes for local variables. Maximum is 2048 bytes.
</pre>
					
					<h4>examples/ScanningDemo</h4>
					<p>
						Result: <b>PASS</b>
					</p>
					<pre class="pre-scrollable">Sketch uses 4656 bytes (14%) of program storage space. Maximum is 32256 bytes.
Global variables use 193 bytes (9%) of dynamic memory, leaving 1855 bytes for local variables. Maximum is 2048 bytes.
</pre>
					
					<h4>examples/Tm1637Demo</h4>
					<p>
						Result: <b>PASS</b>
					</p>
					<pre class="pre-scrollable">Sketch uses 4554 bytes (14%) of program storage space. Maximum is 32256 bytes.
Global variables use 127 bytes (6%) of dynamic memory, leaving 1921 bytes for local variables. Maximum is 2048 bytes.
</pre>
					
					<h4>examples/Tm1637DualDemo</h4>
					<p>
						Result: <b>PASS</b>
					</p>
					<pre class="pre-scrollable">Sketch uses 2334 bytes (7%) of program storage space. Maximum is 32256 bytes.
Global variables use 75 bytes (3%) of dynamic memory, leaving 1973 bytes for local variables. Maximum is 2048 bytes.
</pre>
					
					<h4>examples/Tm1638Demo</h4>
					<p>
						Result: <b>PASS</b>
					</p>
					<pre class="pre-scrollable">Sketch uses 4390 bytes (13%) of program storage space. Maximum is 32256 bytes.
Global variables use 132 bytes (6%) of dynamic memory, leaving 1916 bytes for local variables. Maximum is 2048 bytes.
</pre>
					
				
				<h3 id="arduino:mbed_nano:nanorp2040connect">arduino:mbed_nano:nanorp2040connect @ 2.7.2</h3>
				<h4>Inclusion</h4>
				<p>
					Result: <b>FAIL</b>
					
				</p>
				<pre class="pre-scrollable">In file included from /tmp/arduino-testlib2407260005/test/test.ino:1:0:
/home/ec2-user/arduino-testlib/cli-datadir/user/libraries/AceSegment/src/AceSegment.h:42:2: error: #error Platforms using ArduinoCore-API not supported
 #error Platforms using ArduinoCore-API not supported
  ^~~~~
In file included from /home/ec2-user/arduino-testlib/cli-datadir/user/libraries/AceSegment/src/ace_segment/scanning/ScanningModule.h:29:0,
                 from /home/ec2-user/arduino-testlib/cli-datadir/user/libraries/AceSegment/src/AceSegment.h:56,
                 from /tmp/arduino-testlib2407260005/test/test.ino:1:
/home/ec2-user/arduino-testlib/cli-datadir/user/libraries/AceCommon/src/AceCommon.h:49:2: error: #error Platforms using ArduinoCore-API not supported
 #error Platforms using ArduinoCore-API not supported
  ^~~~~

</pre>

					
					<h4>examples/AutoBenchmark</h4>
					<p>
						Result: <b>FAIL</b>
					</p>
					<pre class="pre-scrollable">In file included from /home/ec2-user/arduino-testlib/cli-datadir/user/libraries/AceSegment/examples/AutoBenchmark/AutoBenchmark.ino:40:0:
/home/ec2-user/arduino-testlib/cli-datadir/user/libraries/AceCommon/src/AceCommon.h:49:2: error: #error Platforms using ArduinoCore-API not supported
 #error Platforms using ArduinoCore-API not supported
  ^~~~~
In file included from /home/ec2-user/arduino-testlib/cli-datadir/user/libraries/AceSegment/examples/AutoBenchmark/AutoBenchmark.ino:41:0:
/home/ec2-user/arduino-testlib/cli-datadir/user/libraries/AceSPI/src/AceSPI.h:46:2: error: #error Platforms using ArduinoCore-API not supported
 #error Platforms using ArduinoCore-API not supported
  ^~~~~
In file included from /home/ec2-user/arduino-testlib/cli-datadir/user/libraries/AceSegment/examples/AutoBenchmark/AutoBenchmark.ino:42:0:
/home/ec2-user/arduino-testlib/cli-datadir/user/libraries/AceTMI/src/AceTMI.h:46:2: error: #error Platforms using ArduinoCore-API not supported
 #error Platforms using ArduinoCore-API not supported
  ^~~~~
In file included from /home/ec2-user/arduino-testlib/cli-datadir/user/libraries/AceSegment/examples/AutoBenchmark/AutoBenchmark.ino:43:0:
/home/ec2-user/arduino-testlib/cli-datadir/user/libraries/AceWire/src/AceWire.h:46:2: error: #error Platforms using ArduinoCore-API not supported
 #error Platforms using ArduinoCore-API not supported
  ^~~~~
In file included from /home/ec2-user/arduino-testlib/cli-datadir/user/libraries/AceSegment/examples/AutoBenchmark/AutoBenchmark.ino:44:0:
/home/ec2-user/arduino-testlib/cli-datadir/user/libraries/AceSegment/src/AceSegment.h:42:2: error: #error Platforms using ArduinoCore-API not supported
 #error Platforms using ArduinoCore-API not supported
  ^~~~~
/home/ec2-user/arduino-testlib/cli-datadir/user/libraries/AceSegment/examples/AutoBenchmark/AutoBenchmark.ino:156:25: error: &#39;SDA&#39; was not declared in this scope
 const uint8_t SDA_PIN = SDA;
                         ^~~
/home/ec2-user/arduino-testlib/cli-datadir/user/libraries/AceSegment/examples/AutoBenchmark/AutoBenchmark.ino:157:25: error: &#39;SCL&#39; was not declared in this scope
 const uint8_t SCL_PIN = SCL;
                         ^~~
/home/ec2-user/arduino-testlib/cli-datadir/user/libraries/AceSegment/examples/AutoBenchmark/AutoBenchmark.ino:157:25: note: suggested alternative: &#39;SCK&#39;
 const uint8_t SCL_PIN = SCL;
                         ^~~
                         SCK
In file included from /home/ec2-user/arduino-testlib/cli-datadir/user/libraries/AceSPI/src/AceSPI.h:50:0,
                 from /home/ec2-user/arduino-testlib/cli-datadir/user/libraries/AceSegment/examples/AutoBenchmark/AutoBenchmark.ino:41:
/home/ec2-user/arduino-testlib/cli-datadir/user/libraries/AceSPI/src/ace_spi/HardSpiInterface.h: In instantiation of &#39;void ace_spi::HardSpiInterface&lt;T_SPI, T_CLOCK_SPEED&gt;::beginTransaction() const [with T_SPI = arduino::HardwareSPI; long unsigned int T_CLOCK_SPEED = 8000000]&#39;:
/home/ec2-user/arduino-testlib/cli-datadir/user/libraries/AceSPI/src/ace_spi/HardSpiInterface.h:149:23:   required from &#39;void ace_spi::HardSpiInterface&lt;T_SPI, T_CLOCK_SPEED&gt;::send16(uint8_t, uint8_t) const [with T_SPI = arduino::HardwareSPI; long unsigned int T_CLOCK_SPEED = 8000000; uint8_t = unsigned char]&#39;
/home/ec2-user/arduino-testlib/cli-datadir/user/libraries/AceSegment/src/ace_segment/max7219/Max7219Module.h:139:7:   required from &#39;void ace_segment::Max7219Module&lt;T_SPII, T_DIGITS&gt;::begin() [with T_SPII = ace_spi::HardSpiInterface&lt;arduino::HardwareSPI&gt;; unsigned char T_DIGITS = 8]&#39;
/home/ec2-user/arduino-testlib/cli-datadir/user/libraries/AceSegment/examples/AutoBenchmark/AutoBenchmark.ino:781:23:   required from here
/home/ec2-user/arduino-testlib/cli-datadir/user/libraries/AceSPI/src/ace_spi/HardSpiInterface.h:113:29: error: invalid conversion from &#39;uint8_t {aka unsigned char}&#39; to &#39;BitOrder&#39; [-fpermissive]
       mSpi.beginTransaction(SPISettings(T_CLOCK_SPEED, kBitOrder, kSpiMode));
                             ^~~~~~~~~~~~~~~~~~~~~~~~~~~~~~~~~~~~~~~~~~~~~~~
In file included from /home/ec2-user/arduino-testlib/cli-datadir/data/packages/arduino/hardware/mbed_nano/2.7.2/libraries/SPI/SPI.h:22:0,
                 from /home/ec2-user/arduino-testlib/cli-datadir/user/libraries/AceSegment/examples/AutoBenchmark/AutoBenchmark.ino:38:
/home/ec2-user/arduino-testlib/cli-datadir/data/packages/arduino/hardware/mbed_nano/2.7.2/cores/arduino/api/HardwareSPI.h:47:3: note:   initializing argument 2 of &#39;arduino::SPISettings::SPISettings(uint32_t, BitOrder, int)&#39;
   SPISettings(uint32_t clock, BitOrder bitOrder, int dataMode) {
   ^~~~~~~~~~~

</pre>
					
					<h4>examples/DirectDemo</h4>
					<p>
						Result: <b>FAIL</b>
					</p>
					<pre class="pre-scrollable">In file included from /home/ec2-user/arduino-testlib/cli-datadir/user/libraries/AceSegment/examples/DirectDemo/DirectDemo.ino:13:0:
/home/ec2-user/arduino-testlib/cli-datadir/user/libraries/AceCommon/src/AceCommon.h:49:2: error: #error Platforms using ArduinoCore-API not supported
 #error Platforms using ArduinoCore-API not supported
  ^~~~~
In file included from /home/ec2-user/arduino-testlib/cli-datadir/user/libraries/AceSegment/examples/DirectDemo/DirectDemo.ino:14:0:
/home/ec2-user/arduino-testlib/cli-datadir/user/libraries/AceSegment/src/AceSegment.h:42:2: error: #error Platforms using ArduinoCore-API not supported
 #error Platforms using ArduinoCore-API not supported
  ^~~~~

</pre>
					
					<h4>examples/DirectFast4Demo</h4>
					<p>
						Result: <b>FAIL</b>
					</p>
					<pre class="pre-scrollable">In file included from /home/ec2-user/arduino-testlib/cli-datadir/user/libraries/AceSegment/examples/DirectFast4Demo/DirectFast4Demo.ino:12:0:
/home/ec2-user/arduino-testlib/cli-datadir/user/libraries/AceCommon/src/AceCommon.h:49:2: error: #error Platforms using ArduinoCore-API not supported
 #error Platforms using ArduinoCore-API not supported
  ^~~~~
In file included from /home/ec2-user/arduino-testlib/cli-datadir/user/libraries/AceSegment/examples/DirectFast4Demo/DirectFast4Demo.ino:13:0:
/home/ec2-user/arduino-testlib/cli-datadir/user/libraries/AceSegment/src/AceSegment.h:42:2: error: #error Platforms using ArduinoCore-API not supported
 #error Platforms using ArduinoCore-API not supported
  ^~~~~
/home/ec2-user/arduino-testlib/cli-datadir/user/libraries/AceSegment/examples/DirectFast4Demo/DirectFast4Demo.ino:23:20: error: &#39;ace_segment::DirectFast4Module&#39; has not been declared
 using ace_segment::DirectFast4Module;
                    ^~~~~~~~~~~~~~~~~
/home/ec2-user/arduino-testlib/cli-datadir/user/libraries/AceSegment/examples/DirectFast4Demo/DirectFast4Demo.ino:71:1: error: &#39;DirectFast4Module&#39; does not name a type
 DirectFast4Module&lt;
 ^~~~~~~~~~~~~~~~~
/home/ec2-user/arduino-testlib/cli-datadir/user/libraries/AceSegment/examples/DirectFast4Demo/DirectFast4Demo.ino: In function &#39;void setupAceSegment()&#39;:
/home/ec2-user/arduino-testlib/cli-datadir/user/libraries/AceSegment/examples/DirectFast4Demo/DirectFast4Demo.ino:90:3: error: &#39;ledModule&#39; was not declared in this scope
   ledModule.begin();
   ^~~~~~~~~
/home/ec2-user/arduino-testlib/cli-datadir/user/libraries/AceSegment/examples/DirectFast4Demo/DirectFast4Demo.ino:90:3: note: suggested alternative: &#39;flushModule&#39;
   ledModule.begin();
   ^~~~~~~~~
   flushModule
/home/ec2-user/arduino-testlib/cli-datadir/user/libraries/AceSegment/examples/DirectFast4Demo/DirectFast4Demo.ino: In function &#39;void updateDisplay()&#39;:
/home/ec2-user/arduino-testlib/cli-datadir/user/libraries/AceSegment/examples/DirectFast4Demo/DirectFast4Demo.ino:111:7: error: &#39;ledModule&#39; was not declared in this scope
       ledModule.setPatternAt(i, pattern);
       ^~~~~~~~~
/home/ec2-user/arduino-testlib/cli-datadir/user/libraries/AceSegment/examples/DirectFast4Demo/DirectFast4Demo.ino:111:7: note: suggested alternative: &#39;flushModule&#39;
       ledModule.setPatternAt(i, pattern);
       ^~~~~~~~~
       flushModule
/home/ec2-user/arduino-testlib/cli-datadir/user/libraries/AceSegment/examples/DirectFast4Demo/DirectFast4Demo.ino:118:5: error: &#39;ledModule&#39; was not declared in this scope
     ledModule.setBrightness(brightness);
     ^~~~~~~~~
/home/ec2-user/arduino-testlib/cli-datadir/user/libraries/AceSegment/examples/DirectFast4Demo/DirectFast4Demo.ino:118:5: note: suggested alternative: &#39;flushModule&#39;
     ledModule.setBrightness(brightness);
     ^~~~~~~~~
     flushModule
/home/ec2-user/arduino-testlib/cli-datadir/user/libraries/AceSegment/examples/DirectFast4Demo/DirectFast4Demo.ino: In function &#39;void flushModule()&#39;:
/home/ec2-user/arduino-testlib/cli-datadir/user/libraries/AceSegment/examples/DirectFast4Demo/DirectFast4Demo.ino:142:3: error: &#39;ledModule&#39; was not declared in this scope
   ledModule.renderFieldWhenReady();
   ^~~~~~~~~
/home/ec2-user/arduino-testlib/cli-datadir/user/libraries/AceSegment/examples/DirectFast4Demo/DirectFast4Demo.ino:142:3: note: suggested alternative: &#39;flushModule&#39;
   ledModule.renderFieldWhenReady();
   ^~~~~~~~~
   flushModule

</pre>
					
					<h4>examples/Hc595Demo</h4>
					<p>
						Result: <b>FAIL</b>
					</p>
					<pre class="pre-scrollable">In file included from /home/ec2-user/arduino-testlib/cli-datadir/user/libraries/AceSegment/examples/Hc595Demo/Hc595Demo.ino:20:0:
/home/ec2-user/arduino-testlib/cli-datadir/user/libraries/AceCommon/src/AceCommon.h:49:2: error: #error Platforms using ArduinoCore-API not supported
 #error Platforms using ArduinoCore-API not supported
  ^~~~~
In file included from /home/ec2-user/arduino-testlib/cli-datadir/user/libraries/AceSegment/examples/Hc595Demo/Hc595Demo.ino:21:0:
/home/ec2-user/arduino-testlib/cli-datadir/user/libraries/AceSPI/src/AceSPI.h:46:2: error: #error Platforms using ArduinoCore-API not supported
 #error Platforms using ArduinoCore-API not supported
  ^~~~~
In file included from /home/ec2-user/arduino-testlib/cli-datadir/user/libraries/AceSegment/examples/Hc595Demo/Hc595Demo.ino:22:0:
/home/ec2-user/arduino-testlib/cli-datadir/user/libraries/AceSegment/src/AceSegment.h:42:2: error: #error Platforms using ArduinoCore-API not supported
 #error Platforms using ArduinoCore-API not supported
  ^~~~~
In file included from /home/ec2-user/arduino-testlib/cli-datadir/user/libraries/AceSegment/examples/Hc595Demo/Hc595Demo.ino:195:0:
/home/ec2-user/arduino-testlib/cli-datadir/user/libraries/AceSPI/src/ace_spi/HardSpiFastInterface.h: In instantiation of &#39;void ace_spi::HardSpiFastInterface&lt;T_SPI, T_LATCH_PIN, T_CLOCK_SPEED&gt;::beginTransaction() const [with T_SPI = arduino::HardwareSPI; unsigned char T_LATCH_PIN = 10; long unsigned int T_CLOCK_SPEED = 8000000]&#39;:
/home/ec2-user/arduino-testlib/cli-datadir/user/libraries/AceSPI/src/ace_spi/HardSpiFastInterface.h:135:23:   required from &#39;void ace_spi::HardSpiFastInterface&lt;T_SPI, T_LATCH_PIN, T_CLOCK_SPEED&gt;::send16(uint16_t) const [with T_SPI = arduino::HardwareSPI; unsigned char T_LATCH_PIN = 10; long unsigned int T_CLOCK_SPEED = 8000000; uint16_t = short unsigned int]&#39;
/home/ec2-user/arduino-testlib/cli-datadir/user/libraries/AceSegment/src/ace_segment/scanning/LedMatrixDualHc595.h:153:7:   required from &#39;void ace_segment::LedMatrixDualHc595&lt;T_SPII&gt;::drawPatterns(uint8_t, uint8_t) const [with T_SPII = ace_spi::HardSpiFastInterface&lt;arduino::HardwareSPI, 10&gt;; uint8_t = unsigned char]&#39;
/home/ec2-user/arduino-testlib/cli-datadir/user/libraries/AceSegment/src/ace_segment/scanning/LedMatrixDualHc595.h:136:19:   required from &#39;void ace_segment::LedMatrixDualHc595&lt;T_SPII&gt;::clear() const [with T_SPII = ace_spi::HardSpiFastInterface&lt;arduino::HardwareSPI, 10&gt;]&#39;
/home/ec2-user/arduino-testlib/cli-datadir/user/libraries/AceSegment/src/ace_segment/scanning/ScanningModule.h:124:7:   required from &#39;void ace_segment::ScanningModule&lt;T_LM, T_DIGITS, T_SUBFIELDS, T_CI&gt;::begin() [with T_LM = ace_segment::LedMatrixDualHc595&lt;ace_spi::HardSpiFastInterface&lt;arduino::HardwareSPI, 10&gt; &gt;; unsigned char T_DIGITS = 8; unsigned char T_SUBFIELDS = 1; T_CI = ace_segment::ClockInterface]&#39;
/home/ec2-user/arduino-testlib/cli-datadir/user/libraries/AceSegment/src/ace_segment/hc595/Hc595Module.h:133:19:   required from &#39;void ace_segment::Hc595Module&lt;T_SPII, T_DIGITS, T_SUBFIELDS, T_CI&gt;::begin() [with T_SPII = ace_spi::HardSpiFastInterface&lt;arduino::HardwareSPI, 10&gt;; unsigned char T_DIGITS = 8; unsigned char T_SUBFIELDS = 1; T_CI = ace_segment::ClockInterface]&#39;
/home/ec2-user/arduino-testlib/cli-datadir/user/libraries/AceSegment/examples/Hc595Demo/Hc595Demo.ino:263:19:   required from here
/home/ec2-user/arduino-testlib/cli-datadir/user/libraries/AceSPI/src/ace_spi/HardSpiFastInterface.h:106:29: error: invalid conversion from &#39;uint8_t {aka unsigned char}&#39; to &#39;BitOrder&#39; [-fpermissive]
       mSpi.beginTransaction(SPISettings(T_CLOCK_SPEED, kBitOrder, kSpiMode));
                             ^~~~~~~~~~~~~~~~~~~~~~~~~~~~~~~~~~~~~~~~~~~~~~~
In file included from /home/ec2-user/arduino-testlib/cli-datadir/data/packages/arduino/hardware/mbed_nano/2.7.2/libraries/SPI/SPI.h:22:0,
                 from /home/ec2-user/arduino-testlib/cli-datadir/user/libraries/AceSegment/examples/Hc595Demo/Hc595Demo.ino:19:
/home/ec2-user/arduino-testlib/cli-datadir/data/packages/arduino/hardware/mbed_nano/2.7.2/cores/arduino/api/HardwareSPI.h:47:3: note:   initializing argument 2 of &#39;arduino::SPISettings::SPISettings(uint32_t, BitOrder, int)&#39;
   SPISettings(uint32_t clock, BitOrder bitOrder, int dataMode) {
   ^~~~~~~~~~~
Multiple libraries were found for &#34;digitalWriteFast.h&#34;
  Used: /home/ec2-user/arduino-testlib/cli-datadir/user/libraries/ServoEasing
  Not used: /home/ec2-user/arduino-testlib/cli-datadir/user/libraries/EasyButtonAtInt01
  Not used: /home/ec2-user/arduino-testlib/cli-datadir/user/libraries/AvrTracing
  Not used: /home/ec2-user/arduino-testlib/cli-datadir/user/libraries/IRremote
  Not used: /home/ec2-user/arduino-testlib/cli-datadir/user/libraries/IRMP
  Not used: /home/ec2-user/arduino-testlib/cli-datadir/user/libraries/Talkie
</pre>
					
					<h4>examples/Hc595InterruptDemo</h4>
					<p>
						Result: <b>FAIL</b>
					</p>
					<pre class="pre-scrollable">In file included from /home/ec2-user/arduino-testlib/cli-datadir/user/libraries/AceSegment/examples/Hc595InterruptDemo/Hc595InterruptDemo.ino:33:0:
/home/ec2-user/arduino-testlib/cli-datadir/user/libraries/AIStarter/src/TimerOne.h:39:10: fatal error: avr/io.h: No such file or directory
 #include &lt;avr/io.h&gt;
          ^~~~~~~~~~
compilation terminated.
Multiple libraries were found for &#34;TimerOne.h&#34;
  Used: /home/ec2-user/arduino-testlib/cli-datadir/user/libraries/AIStarter
  Not used: /home/ec2-user/arduino-testlib/cli-datadir/user/libraries/TimerOne
  Not used: /home/ec2-user/arduino-testlib/cli-datadir/user/libraries/Volume_3
  Not used: /home/ec2-user/arduino-testlib/cli-datadir/user/libraries/MP3Player
</pre>
					
					<h4>examples/HelloHc595</h4>
					<p>
						Result: <b>FAIL</b>
					</p>
					<pre class="pre-scrollable">In file included from /home/ec2-user/arduino-testlib/cli-datadir/user/libraries/AceSegment/examples/HelloHc595/HelloHc595.ino:13:0:
/home/ec2-user/arduino-testlib/cli-datadir/user/libraries/AceSPI/src/AceSPI.h:46:2: error: #error Platforms using ArduinoCore-API not supported
 #error Platforms using ArduinoCore-API not supported
  ^~~~~
In file included from /home/ec2-user/arduino-testlib/cli-datadir/user/libraries/AceSegment/examples/HelloHc595/HelloHc595.ino:14:0:
/home/ec2-user/arduino-testlib/cli-datadir/user/libraries/AceSegment/src/AceSegment.h:42:2: error: #error Platforms using ArduinoCore-API not supported
 #error Platforms using ArduinoCore-API not supported
  ^~~~~
In file included from /home/ec2-user/arduino-testlib/cli-datadir/user/libraries/AceSegment/src/ace_segment/scanning/ScanningModule.h:29:0,
                 from /home/ec2-user/arduino-testlib/cli-datadir/user/libraries/AceSegment/src/AceSegment.h:56,
                 from /home/ec2-user/arduino-testlib/cli-datadir/user/libraries/AceSegment/examples/HelloHc595/HelloHc595.ino:14:
/home/ec2-user/arduino-testlib/cli-datadir/user/libraries/AceCommon/src/AceCommon.h:49:2: error: #error Platforms using ArduinoCore-API not supported
 #error Platforms using ArduinoCore-API not supported
  ^~~~~
In file included from /home/ec2-user/arduino-testlib/cli-datadir/user/libraries/AceSPI/src/AceSPI.h:50:0,
                 from /home/ec2-user/arduino-testlib/cli-datadir/user/libraries/AceSegment/examples/HelloHc595/HelloHc595.ino:13:
/home/ec2-user/arduino-testlib/cli-datadir/user/libraries/AceSPI/src/ace_spi/HardSpiInterface.h: In instantiation of &#39;void ace_spi::HardSpiInterface&lt;T_SPI, T_CLOCK_SPEED&gt;::beginTransaction() const [with T_SPI = arduino::HardwareSPI; long unsigned int T_CLOCK_SPEED = 8000000]&#39;:
/home/ec2-user/arduino-testlib/cli-datadir/user/libraries/AceSPI/src/ace_spi/HardSpiInterface.h:142:23:   required from &#39;void ace_spi::HardSpiInterface&lt;T_SPI, T_CLOCK_SPEED&gt;::send16(uint16_t) const [with T_SPI = arduino::HardwareSPI; long unsigned int T_CLOCK_SPEED = 8000000; uint16_t = short unsigned int]&#39;
/home/ec2-user/arduino-testlib/cli-datadir/user/libraries/AceSegment/src/ace_segment/scanning/LedMatrixDualHc595.h:153:7:   required from &#39;void ace_segment::LedMatrixDualHc595&lt;T_SPII&gt;::drawPatterns(uint8_t, uint8_t) const [with T_SPII = ace_spi::HardSpiInterface&lt;arduino::HardwareSPI&gt;; uint8_t = unsigned char]&#39;
/home/ec2-user/arduino-testlib/cli-datadir/user/libraries/AceSegment/src/ace_segment/scanning/LedMatrixDualHc595.h:136:19:   required from &#39;void ace_segment::LedMatrixDualHc595&lt;T_SPII&gt;::clear() const [with T_SPII = ace_spi::HardSpiInterface&lt;arduino::HardwareSPI&gt;]&#39;
/home/ec2-user/arduino-testlib/cli-datadir/user/libraries/AceSegment/src/ace_segment/scanning/ScanningModule.h:124:7:   required from &#39;void ace_segment::ScanningModule&lt;T_LM, T_DIGITS, T_SUBFIELDS, T_CI&gt;::begin() [with T_LM = ace_segment::LedMatrixDualHc595&lt;ace_spi::HardSpiInterface&lt;arduino::HardwareSPI&gt; &gt;; unsigned char T_DIGITS = 8; unsigned char T_SUBFIELDS = 1; T_CI = ace_segment::ClockInterface]&#39;
/home/ec2-user/arduino-testlib/cli-datadir/user/libraries/AceSegment/src/ace_segment/hc595/Hc595Module.h:133:19:   required from &#39;void ace_segment::Hc595Module&lt;T_SPII, T_DIGITS, T_SUBFIELDS, T_CI&gt;::begin() [with T_SPII = ace_spi::HardSpiInterface&lt;arduino::HardwareSPI&gt;; unsigned char T_DIGITS = 8; unsigned char T_SUBFIELDS = 1; T_CI = ace_segment::ClockInterface]&#39;
/home/ec2-user/arduino-testlib/cli-datadir/user/libraries/AceSegment/examples/HelloHc595/HelloHc595.ino:68:19:   required from here
/home/ec2-user/arduino-testlib/cli-datadir/user/libraries/AceSPI/src/ace_spi/HardSpiInterface.h:113:29: error: invalid conversion from &#39;uint8_t {aka unsigned char}&#39; to &#39;BitOrder&#39; [-fpermissive]
       mSpi.beginTransaction(SPISettings(T_CLOCK_SPEED, kBitOrder, kSpiMode));
                             ^~~~~~~~~~~~~~~~~~~~~~~~~~~~~~~~~~~~~~~~~~~~~~~
In file included from /home/ec2-user/arduino-testlib/cli-datadir/data/packages/arduino/hardware/mbed_nano/2.7.2/libraries/SPI/SPI.h:22:0,
                 from /home/ec2-user/arduino-testlib/cli-datadir/user/libraries/AceSegment/examples/HelloHc595/HelloHc595.ino:12:
/home/ec2-user/arduino-testlib/cli-datadir/data/packages/arduino/hardware/mbed_nano/2.7.2/cores/arduino/api/HardwareSPI.h:47:3: note:   initializing argument 2 of &#39;arduino::SPISettings::SPISettings(uint32_t, BitOrder, int)&#39;
   SPISettings(uint32_t clock, BitOrder bitOrder, int dataMode) {
   ^~~~~~~~~~~

</pre>
					
					<h4>examples/HelloHt16k33</h4>
					<p>
						Result: <b>FAIL</b>
					</p>
					<pre class="pre-scrollable">In file included from /home/ec2-user/arduino-testlib/cli-datadir/user/libraries/AceSegment/examples/HelloHt16k33/HelloHt16k33.ino:10:0:
/home/ec2-user/arduino-testlib/cli-datadir/user/libraries/AceWire/src/AceWire.h:46:2: error: #error Platforms using ArduinoCore-API not supported
 #error Platforms using ArduinoCore-API not supported
  ^~~~~
In file included from /home/ec2-user/arduino-testlib/cli-datadir/user/libraries/AceSegment/examples/HelloHt16k33/HelloHt16k33.ino:11:0:
/home/ec2-user/arduino-testlib/cli-datadir/user/libraries/AceSegment/src/AceSegment.h:42:2: error: #error Platforms using ArduinoCore-API not supported
 #error Platforms using ArduinoCore-API not supported
  ^~~~~
In file included from /home/ec2-user/arduino-testlib/cli-datadir/user/libraries/AceSegment/src/ace_segment/scanning/ScanningModule.h:29:0,
                 from /home/ec2-user/arduino-testlib/cli-datadir/user/libraries/AceSegment/src/AceSegment.h:56,
                 from /home/ec2-user/arduino-testlib/cli-datadir/user/libraries/AceSegment/examples/HelloHt16k33/HelloHt16k33.ino:11:
/home/ec2-user/arduino-testlib/cli-datadir/user/libraries/AceCommon/src/AceCommon.h:49:2: error: #error Platforms using ArduinoCore-API not supported
 #error Platforms using ArduinoCore-API not supported
  ^~~~~
/home/ec2-user/arduino-testlib/cli-datadir/user/libraries/AceSegment/examples/HelloHt16k33/HelloHt16k33.ino:18:25: error: &#39;SDA&#39; was not declared in this scope
 const uint8_t SDA_PIN = SDA;
                         ^~~
/home/ec2-user/arduino-testlib/cli-datadir/user/libraries/AceSegment/examples/HelloHt16k33/HelloHt16k33.ino:19:25: error: &#39;SCL&#39; was not declared in this scope
 const uint8_t SCL_PIN = SCL;
                         ^~~
/home/ec2-user/arduino-testlib/cli-datadir/user/libraries/AceSegment/examples/HelloHt16k33/HelloHt16k33.ino:19:25: note: suggested alternative: &#39;SCK&#39;
 const uint8_t SCL_PIN = SCL;
                         ^~~
                         SCK

</pre>
					
					<h4>examples/HelloMax7219</h4>
					<p>
						Result: <b>FAIL</b>
					</p>
					<pre class="pre-scrollable">In file included from /home/ec2-user/arduino-testlib/cli-datadir/user/libraries/AceSegment/examples/HelloMax7219/HelloMax7219.ino:9:0:
/home/ec2-user/arduino-testlib/cli-datadir/user/libraries/AceSPI/src/AceSPI.h:46:2: error: #error Platforms using ArduinoCore-API not supported
 #error Platforms using ArduinoCore-API not supported
  ^~~~~
In file included from /home/ec2-user/arduino-testlib/cli-datadir/user/libraries/AceSegment/examples/HelloMax7219/HelloMax7219.ino:10:0:
/home/ec2-user/arduino-testlib/cli-datadir/user/libraries/AceSegment/src/AceSegment.h:42:2: error: #error Platforms using ArduinoCore-API not supported
 #error Platforms using ArduinoCore-API not supported
  ^~~~~
In file included from /home/ec2-user/arduino-testlib/cli-datadir/user/libraries/AceSegment/src/ace_segment/scanning/ScanningModule.h:29:0,
                 from /home/ec2-user/arduino-testlib/cli-datadir/user/libraries/AceSegment/src/AceSegment.h:56,
                 from /home/ec2-user/arduino-testlib/cli-datadir/user/libraries/AceSegment/examples/HelloMax7219/HelloMax7219.ino:10:
/home/ec2-user/arduino-testlib/cli-datadir/user/libraries/AceCommon/src/AceCommon.h:49:2: error: #error Platforms using ArduinoCore-API not supported
 #error Platforms using ArduinoCore-API not supported
  ^~~~~
In file included from /home/ec2-user/arduino-testlib/cli-datadir/user/libraries/AceSPI/src/AceSPI.h:50:0,
                 from /home/ec2-user/arduino-testlib/cli-datadir/user/libraries/AceSegment/examples/HelloMax7219/HelloMax7219.ino:9:
/home/ec2-user/arduino-testlib/cli-datadir/user/libraries/AceSPI/src/ace_spi/HardSpiInterface.h: In instantiation of &#39;void ace_spi::HardSpiInterface&lt;T_SPI, T_CLOCK_SPEED&gt;::beginTransaction() const [with T_SPI = arduino::HardwareSPI; long unsigned int T_CLOCK_SPEED = 8000000]&#39;:
/home/ec2-user/arduino-testlib/cli-datadir/user/libraries/AceSPI/src/ace_spi/HardSpiInterface.h:149:23:   required from &#39;void ace_spi::HardSpiInterface&lt;T_SPI, T_CLOCK_SPEED&gt;::send16(uint8_t, uint8_t) const [with T_SPI = arduino::HardwareSPI; long unsigned int T_CLOCK_SPEED = 8000000; uint8_t = unsigned char]&#39;
/home/ec2-user/arduino-testlib/cli-datadir/user/libraries/AceSegment/src/ace_segment/max7219/Max7219Module.h:139:7:   required from &#39;void ace_segment::Max7219Module&lt;T_SPII, T_DIGITS&gt;::begin() [with T_SPII = ace_spi::HardSpiInterface&lt;arduino::HardwareSPI&gt;; unsigned char T_DIGITS = 8]&#39;
/home/ec2-user/arduino-testlib/cli-datadir/user/libraries/AceSegment/examples/HelloMax7219/HelloMax7219.ino:48:19:   required from here
/home/ec2-user/arduino-testlib/cli-datadir/user/libraries/AceSPI/src/ace_spi/HardSpiInterface.h:113:29: error: invalid conversion from &#39;uint8_t {aka unsigned char}&#39; to &#39;BitOrder&#39; [-fpermissive]
       mSpi.beginTransaction(SPISettings(T_CLOCK_SPEED, kBitOrder, kSpiMode));
                             ^~~~~~~~~~~~~~~~~~~~~~~~~~~~~~~~~~~~~~~~~~~~~~~
In file included from /home/ec2-user/arduino-testlib/cli-datadir/data/packages/arduino/hardware/mbed_nano/2.7.2/libraries/SPI/SPI.h:22:0,
                 from /home/ec2-user/arduino-testlib/cli-datadir/user/libraries/AceSegment/examples/HelloMax7219/HelloMax7219.ino:8:
/home/ec2-user/arduino-testlib/cli-datadir/data/packages/arduino/hardware/mbed_nano/2.7.2/cores/arduino/api/HardwareSPI.h:47:3: note:   initializing argument 2 of &#39;arduino::SPISettings::SPISettings(uint32_t, BitOrder, int)&#39;
   SPISettings(uint32_t clock, BitOrder bitOrder, int dataMode) {
   ^~~~~~~~~~~

</pre>
					
					<h4>examples/HelloTm1637</h4>
					<p>
						Result: <b>FAIL</b>
					</p>
					<pre class="pre-scrollable">In file included from /home/ec2-user/arduino-testlib/cli-datadir/user/libraries/AceSegment/examples/HelloTm1637/HelloTm1637.ino:8:0:
/home/ec2-user/arduino-testlib/cli-datadir/user/libraries/AceTMI/src/AceTMI.h:46:2: error: #error Platforms using ArduinoCore-API not supported
 #error Platforms using ArduinoCore-API not supported
  ^~~~~
In file included from /home/ec2-user/arduino-testlib/cli-datadir/user/libraries/AceSegment/examples/HelloTm1637/HelloTm1637.ino:9:0:
/home/ec2-user/arduino-testlib/cli-datadir/user/libraries/AceSegment/src/AceSegment.h:42:2: error: #error Platforms using ArduinoCore-API not supported
 #error Platforms using ArduinoCore-API not supported
  ^~~~~
In file included from /home/ec2-user/arduino-testlib/cli-datadir/user/libraries/AceSegment/src/ace_segment/scanning/ScanningModule.h:29:0,
                 from /home/ec2-user/arduino-testlib/cli-datadir/user/libraries/AceSegment/src/AceSegment.h:56,
                 from /home/ec2-user/arduino-testlib/cli-datadir/user/libraries/AceSegment/examples/HelloTm1637/HelloTm1637.ino:9:
/home/ec2-user/arduino-testlib/cli-datadir/user/libraries/AceCommon/src/AceCommon.h:49:2: error: #error Platforms using ArduinoCore-API not supported
 #error Platforms using ArduinoCore-API not supported
  ^~~~~

</pre>
					
					<h4>examples/HelloTm1638</h4>
					<p>
						Result: <b>FAIL</b>
					</p>
					<pre class="pre-scrollable">In file included from /home/ec2-user/arduino-testlib/cli-datadir/user/libraries/AceSegment/examples/HelloTm1638/HelloTm1638.ino:8:0:
/home/ec2-user/arduino-testlib/cli-datadir/user/libraries/AceTMI/src/AceTMI.h:46:2: error: #error Platforms using ArduinoCore-API not supported
 #error Platforms using ArduinoCore-API not supported
  ^~~~~
In file included from /home/ec2-user/arduino-testlib/cli-datadir/user/libraries/AceSegment/examples/HelloTm1638/HelloTm1638.ino:9:0:
/home/ec2-user/arduino-testlib/cli-datadir/user/libraries/AceSegment/src/AceSegment.h:42:2: error: #error Platforms using ArduinoCore-API not supported
 #error Platforms using ArduinoCore-API not supported
  ^~~~~
In file included from /home/ec2-user/arduino-testlib/cli-datadir/user/libraries/AceSegment/src/ace_segment/scanning/ScanningModule.h:29:0,
                 from /home/ec2-user/arduino-testlib/cli-datadir/user/libraries/AceSegment/src/AceSegment.h:56,
                 from /home/ec2-user/arduino-testlib/cli-datadir/user/libraries/AceSegment/examples/HelloTm1638/HelloTm1638.ino:9:
/home/ec2-user/arduino-testlib/cli-datadir/user/libraries/AceCommon/src/AceCommon.h:49:2: error: #error Platforms using ArduinoCore-API not supported
 #error Platforms using ArduinoCore-API not supported
  ^~~~~

</pre>
					
					<h4>examples/Ht16k33Demo</h4>
					<p>
						Result: <b>FAIL</b>
					</p>
					<pre class="pre-scrollable">/home/ec2-user/arduino-testlib/cli-datadir/user/libraries/AIStarter/src/Beep.cpp:1:10: fatal error: arduino.h: No such file or directory
 #include &#34;arduino.h&#34;
          ^~~~~~~~~~~
compilation terminated.
Multiple libraries were found for &#34;SoftI2CMaster.h&#34;
  Used: /home/ec2-user/arduino-testlib/cli-datadir/user/libraries/AIStarter
  Not used: /home/ec2-user/arduino-testlib/cli-datadir/user/libraries/SoftI2CMaster
  Not used: /home/ec2-user/arduino-testlib/cli-datadir/user/libraries/NanoPlayBoard
</pre>
					
					<h4>examples/HybridDemo</h4>
					<p>
						Result: <b>FAIL</b>
					</p>
					<pre class="pre-scrollable">In file included from /home/ec2-user/arduino-testlib/cli-datadir/user/libraries/AceSegment/examples/HybridDemo/HybridDemo.ino:14:0:
/home/ec2-user/arduino-testlib/cli-datadir/user/libraries/AceCommon/src/AceCommon.h:49:2: error: #error Platforms using ArduinoCore-API not supported
 #error Platforms using ArduinoCore-API not supported
  ^~~~~
In file included from /home/ec2-user/arduino-testlib/cli-datadir/user/libraries/AceSegment/examples/HybridDemo/HybridDemo.ino:15:0:
/home/ec2-user/arduino-testlib/cli-datadir/user/libraries/AceSPI/src/AceSPI.h:46:2: error: #error Platforms using ArduinoCore-API not supported
 #error Platforms using ArduinoCore-API not supported
  ^~~~~
In file included from /home/ec2-user/arduino-testlib/cli-datadir/user/libraries/AceSegment/examples/HybridDemo/HybridDemo.ino:16:0:
/home/ec2-user/arduino-testlib/cli-datadir/user/libraries/AceSegment/src/AceSegment.h:42:2: error: #error Platforms using ArduinoCore-API not supported
 #error Platforms using ArduinoCore-API not supported
  ^~~~~
/home/ec2-user/arduino-testlib/cli-datadir/user/libraries/AceSegment/examples/HybridDemo/HybridDemo.ino:29:16: error: &#39;ace_spi::SimpleSpiFastInterface&#39; has not been declared
 using ace_spi::SimpleSpiFastInterface;
                ^~~~~~~~~~~~~~~~~~~~~~
/home/ec2-user/arduino-testlib/cli-datadir/user/libraries/AceSegment/examples/HybridDemo/HybridDemo.ino:30:16: error: &#39;ace_spi::HardSpiFastInterface&#39; has not been declared
 using ace_spi::HardSpiFastInterface;
                ^~~~~~~~~~~~~~~~~~~~
/home/ec2-user/arduino-testlib/cli-datadir/user/libraries/AceSegment/examples/HybridDemo/HybridDemo.ino:110:24: error: &#39;HardSpiFastInterface&#39; does not name a type
   using SpiInterface = HardSpiFastInterface&lt;SPIClass, LATCH_PIN&gt;;
                        ^~~~~~~~~~~~~~~~~~~~
/home/ec2-user/arduino-testlib/cli-datadir/user/libraries/AceSegment/examples/HybridDemo/HybridDemo.ino:111:3: error: &#39;SpiInterface&#39; does not name a type; did you mean &#39;spiInstance&#39;?
   SpiInterface spiInterface(spiInstance);
   ^~~~~~~~~~~~
   spiInstance
/home/ec2-user/arduino-testlib/cli-datadir/user/libraries/AceSegment/examples/HybridDemo/HybridDemo.ino:117:14: error: &#39;SpiInterface&#39; was not declared in this scope
 HybridModule&lt;SpiInterface, NUM_DIGITS, NUM_SUBFIELDS&gt; ledModule(
              ^~~~~~~~~~~~
/home/ec2-user/arduino-testlib/cli-datadir/user/libraries/AceSegment/examples/HybridDemo/HybridDemo.ino:117:14: note: suggested alternative: &#39;spiInstance&#39;
 HybridModule&lt;SpiInterface, NUM_DIGITS, NUM_SUBFIELDS&gt; ledModule(
              ^~~~~~~~~~~~
              spiInstance
/home/ec2-user/arduino-testlib/cli-datadir/user/libraries/AceSegment/examples/HybridDemo/HybridDemo.ino:117:53: error: template argument 1 is invalid
 HybridModule&lt;SpiInterface, NUM_DIGITS, NUM_SUBFIELDS&gt; ledModule(
                                                     ^
/home/ec2-user/arduino-testlib/cli-datadir/user/libraries/AceSegment/examples/HybridDemo/HybridDemo.ino:118:5: error: &#39;spiInterface&#39; was not declared in this scope
     spiInterface,
     ^~~~~~~~~~~~
/home/ec2-user/arduino-testlib/cli-datadir/user/libraries/AceSegment/examples/HybridDemo/HybridDemo.ino:118:5: note: suggested alternative: &#39;spiInstance&#39;
     spiInterface,
     ^~~~~~~~~~~~
     spiInstance
/home/ec2-user/arduino-testlib/cli-datadir/user/libraries/AceSegment/examples/HybridDemo/HybridDemo.ino:123:1: error: expression list treated as compound expression in initializer [-fpermissive]
 );
 ^
/home/ec2-user/arduino-testlib/cli-datadir/user/libraries/AceSegment/examples/HybridDemo/HybridDemo.ino: In function &#39;void setupAceSegment()&#39;:
/home/ec2-user/arduino-testlib/cli-datadir/user/libraries/AceSegment/examples/HybridDemo/HybridDemo.ino:139:3: error: &#39;spiInterface&#39; was not declared in this scope
   spiInterface.begin();
   ^~~~~~~~~~~~
/home/ec2-user/arduino-testlib/cli-datadir/user/libraries/AceSegment/examples/HybridDemo/HybridDemo.ino:139:3: note: suggested alternative: &#39;spiInstance&#39;
   spiInterface.begin();
   ^~~~~~~~~~~~
   spiInstance
/home/ec2-user/arduino-testlib/cli-datadir/user/libraries/AceSegment/examples/HybridDemo/HybridDemo.ino:140:13: error: request for member &#39;begin&#39; in &#39;ledModule&#39;, which is of non-class type &#39;int&#39;
   ledModule.begin();
             ^~~~~
/home/ec2-user/arduino-testlib/cli-datadir/user/libraries/AceSegment/examples/HybridDemo/HybridDemo.ino: In function &#39;void updateDisplay()&#39;:
/home/ec2-user/arduino-testlib/cli-datadir/user/libraries/AceSegment/examples/HybridDemo/HybridDemo.ino:168:17: error: request for member &#39;setPatternAt&#39; in &#39;ledModule&#39;, which is of non-class type &#39;int&#39;
       ledModule.setPatternAt(i, pattern);
                 ^~~~~~~~~~~~
/home/ec2-user/arduino-testlib/cli-datadir/user/libraries/AceSegment/examples/HybridDemo/HybridDemo.ino:175:15: error: request for member &#39;setBrightness&#39; in &#39;ledModule&#39;, which is of non-class type &#39;int&#39;
     ledModule.setBrightness(brightness);
               ^~~~~~~~~~~~~
/home/ec2-user/arduino-testlib/cli-datadir/user/libraries/AceSegment/examples/HybridDemo/HybridDemo.ino: In function &#39;void flushModule()&#39;:
/home/ec2-user/arduino-testlib/cli-datadir/user/libraries/AceSegment/examples/HybridDemo/HybridDemo.ino:199:13: error: request for member &#39;renderFieldWhenReady&#39; in &#39;ledModule&#39;, which is of non-class type &#39;int&#39;
   ledModule.renderFieldWhenReady();
             ^~~~~~~~~~~~~~~~~~~~

</pre>
					
					<h4>examples/Max7219Demo</h4>
					<p>
						Result: <b>FAIL</b>
					</p>
					<pre class="pre-scrollable">In file included from /home/ec2-user/arduino-testlib/cli-datadir/user/libraries/AceSegment/examples/Max7219Demo/Max7219Demo.ino:17:0:
/home/ec2-user/arduino-testlib/cli-datadir/user/libraries/AceCommon/src/AceCommon.h:49:2: error: #error Platforms using ArduinoCore-API not supported
 #error Platforms using ArduinoCore-API not supported
  ^~~~~
In file included from /home/ec2-user/arduino-testlib/cli-datadir/user/libraries/AceSegment/examples/Max7219Demo/Max7219Demo.ino:18:0:
/home/ec2-user/arduino-testlib/cli-datadir/user/libraries/AceSPI/src/AceSPI.h:46:2: error: #error Platforms using ArduinoCore-API not supported
 #error Platforms using ArduinoCore-API not supported
  ^~~~~
In file included from /home/ec2-user/arduino-testlib/cli-datadir/user/libraries/AceSegment/examples/Max7219Demo/Max7219Demo.ino:19:0:
/home/ec2-user/arduino-testlib/cli-datadir/user/libraries/AceSegment/src/AceSegment.h:42:2: error: #error Platforms using ArduinoCore-API not supported
 #error Platforms using ArduinoCore-API not supported
  ^~~~~
In file included from /home/ec2-user/arduino-testlib/cli-datadir/user/libraries/AceSegment/examples/Max7219Demo/Max7219Demo.ino:146:0:
/home/ec2-user/arduino-testlib/cli-datadir/user/libraries/AceSPI/src/ace_spi/HardSpiFastInterface.h: In instantiation of &#39;void ace_spi::HardSpiFastInterface&lt;T_SPI, T_LATCH_PIN, T_CLOCK_SPEED&gt;::beginTransaction() const [with T_SPI = arduino::HardwareSPI; unsigned char T_LATCH_PIN = 10; long unsigned int T_CLOCK_SPEED = 8000000]&#39;:
/home/ec2-user/arduino-testlib/cli-datadir/user/libraries/AceSPI/src/ace_spi/HardSpiFastInterface.h:142:23:   required from &#39;void ace_spi::HardSpiFastInterface&lt;T_SPI, T_LATCH_PIN, T_CLOCK_SPEED&gt;::send16(uint8_t, uint8_t) const [with T_SPI = arduino::HardwareSPI; unsigned char T_LATCH_PIN = 10; long unsigned int T_CLOCK_SPEED = 8000000; uint8_t = unsigned char]&#39;
/home/ec2-user/arduino-testlib/cli-datadir/user/libraries/AceSegment/src/ace_segment/max7219/Max7219Module.h:139:7:   required from &#39;void ace_segment::Max7219Module&lt;T_SPII, T_DIGITS&gt;::begin() [with T_SPII = ace_spi::HardSpiFastInterface&lt;arduino::HardwareSPI, 10&gt;; unsigned char T_DIGITS = 8]&#39;
/home/ec2-user/arduino-testlib/cli-datadir/user/libraries/AceSegment/examples/Max7219Demo/Max7219Demo.ino:192:19:   required from here
/home/ec2-user/arduino-testlib/cli-datadir/user/libraries/AceSPI/src/ace_spi/HardSpiFastInterface.h:106:29: error: invalid conversion from &#39;uint8_t {aka unsigned char}&#39; to &#39;BitOrder&#39; [-fpermissive]
       mSpi.beginTransaction(SPISettings(T_CLOCK_SPEED, kBitOrder, kSpiMode));
                             ^~~~~~~~~~~~~~~~~~~~~~~~~~~~~~~~~~~~~~~~~~~~~~~
In file included from /home/ec2-user/arduino-testlib/cli-datadir/data/packages/arduino/hardware/mbed_nano/2.7.2/libraries/SPI/SPI.h:22:0,
                 from /home/ec2-user/arduino-testlib/cli-datadir/user/libraries/AceSegment/examples/Max7219Demo/Max7219Demo.ino:16:
/home/ec2-user/arduino-testlib/cli-datadir/data/packages/arduino/hardware/mbed_nano/2.7.2/cores/arduino/api/HardwareSPI.h:47:3: note:   initializing argument 2 of &#39;arduino::SPISettings::SPISettings(uint32_t, BitOrder, int)&#39;
   SPISettings(uint32_t clock, BitOrder bitOrder, int dataMode) {
   ^~~~~~~~~~~
Multiple libraries were found for &#34;digitalWriteFast.h&#34;
  Used: /home/ec2-user/arduino-testlib/cli-datadir/user/libraries/ServoEasing
  Not used: /home/ec2-user/arduino-testlib/cli-datadir/user/libraries/IRremote
  Not used: /home/ec2-user/arduino-testlib/cli-datadir/user/libraries/EasyButtonAtInt01
  Not used: /home/ec2-user/arduino-testlib/cli-datadir/user/libraries/Talkie
  Not used: /home/ec2-user/arduino-testlib/cli-datadir/user/libraries/IRMP
  Not used: /home/ec2-user/arduino-testlib/cli-datadir/user/libraries/AvrTracing
</pre>
					
					<h4>examples/MemoryBenchmark</h4>
					<p>
						Result: <b>PASS</b>
					</p>
					<pre class="pre-scrollable">Sketch uses 78766 bytes (0%) of program storage space. Maximum is 16777216 bytes.
Global variables use 43448 bytes (16%) of dynamic memory, leaving 226888 bytes for local variables. Maximum is 270336 bytes.
</pre>
					
					<h4>examples/ModulatingDemo</h4>
					<p>
						Result: <b>FAIL</b>
					</p>
					<pre class="pre-scrollable">In file included from /home/ec2-user/arduino-testlib/cli-datadir/user/libraries/AceSegment/examples/ModulatingDemo/ModulatingDemo.ino:20:0:
/home/ec2-user/arduino-testlib/cli-datadir/user/libraries/AceCommon/src/AceCommon.h:49:2: error: #error Platforms using ArduinoCore-API not supported
 #error Platforms using ArduinoCore-API not supported
  ^~~~~
In file included from /home/ec2-user/arduino-testlib/cli-datadir/user/libraries/AceSegment/examples/ModulatingDemo/ModulatingDemo.ino:21:0:
/home/ec2-user/arduino-testlib/cli-datadir/user/libraries/AceSPI/src/AceSPI.h:46:2: error: #error Platforms using ArduinoCore-API not supported
 #error Platforms using ArduinoCore-API not supported
  ^~~~~
In file included from /home/ec2-user/arduino-testlib/cli-datadir/user/libraries/AceSegment/examples/ModulatingDemo/ModulatingDemo.ino:22:0:
/home/ec2-user/arduino-testlib/cli-datadir/user/libraries/AceSegment/src/AceSegment.h:42:2: error: #error Platforms using ArduinoCore-API not supported
 #error Platforms using ArduinoCore-API not supported
  ^~~~~
/home/ec2-user/arduino-testlib/cli-datadir/user/libraries/AceSegment/examples/ModulatingDemo/ModulatingDemo.ino:335:26: error: &#39;HardSpiFastInterface&#39; does not name a type
     using SpiInterface = HardSpiFastInterface&lt;SPIClass, LATCH_PIN&gt;;
                          ^~~~~~~~~~~~~~~~~~~~
/home/ec2-user/arduino-testlib/cli-datadir/user/libraries/AceSegment/examples/ModulatingDemo/ModulatingDemo.ino:336:5: error: &#39;SpiInterface&#39; does not name a type; did you mean &#39;spiInstance&#39;?
     SpiInterface spiInterface(SPI);
     ^~~~~~~~~~~~
     spiInstance
/home/ec2-user/arduino-testlib/cli-datadir/user/libraries/AceSegment/examples/ModulatingDemo/ModulatingDemo.ino:338:15: error: &#39;SpiInterface&#39; was not declared in this scope
   Hc595Module&lt;SpiInterface, NUM_DIGITS, NUM_SUBFIELDS&gt; ledModule(
               ^~~~~~~~~~~~
/home/ec2-user/arduino-testlib/cli-datadir/user/libraries/AceSegment/examples/ModulatingDemo/ModulatingDemo.ino:338:15: note: suggested alternative: &#39;spiInstance&#39;
   Hc595Module&lt;SpiInterface, NUM_DIGITS, NUM_SUBFIELDS&gt; ledModule(
               ^~~~~~~~~~~~
               spiInstance
/home/ec2-user/arduino-testlib/cli-datadir/user/libraries/AceSegment/examples/ModulatingDemo/ModulatingDemo.ino:338:54: error: template argument 1 is invalid
   Hc595Module&lt;SpiInterface, NUM_DIGITS, NUM_SUBFIELDS&gt; ledModule(
                                                      ^
/home/ec2-user/arduino-testlib/cli-datadir/user/libraries/AceSegment/examples/ModulatingDemo/ModulatingDemo.ino:339:7: error: &#39;spiInterface&#39; was not declared in this scope
       spiInterface,
       ^~~~~~~~~~~~
/home/ec2-user/arduino-testlib/cli-datadir/user/libraries/AceSegment/examples/ModulatingDemo/ModulatingDemo.ino:339:7: note: suggested alternative: &#39;spiInstance&#39;
       spiInterface,
       ^~~~~~~~~~~~
       spiInstance
/home/ec2-user/arduino-testlib/cli-datadir/user/libraries/AceSegment/examples/ModulatingDemo/ModulatingDemo.ino:345:3: error: expression list treated as compound expression in initializer [-fpermissive]
   );
   ^
/home/ec2-user/arduino-testlib/cli-datadir/user/libraries/AceSegment/examples/ModulatingDemo/ModulatingDemo.ino: In function &#39;void setupAceSegment()&#39;:
/home/ec2-user/arduino-testlib/cli-datadir/user/libraries/AceSegment/examples/ModulatingDemo/ModulatingDemo.ino:362:3: error: &#39;spiInterface&#39; was not declared in this scope
   spiInterface.begin();
   ^~~~~~~~~~~~
/home/ec2-user/arduino-testlib/cli-datadir/user/libraries/AceSegment/examples/ModulatingDemo/ModulatingDemo.ino:362:3: note: suggested alternative: &#39;spiInstance&#39;
   spiInterface.begin();
   ^~~~~~~~~~~~
   spiInstance
/home/ec2-user/arduino-testlib/cli-datadir/user/libraries/AceSegment/examples/ModulatingDemo/ModulatingDemo.ino:365:13: error: request for member &#39;begin&#39; in &#39;ledModule&#39;, which is of non-class type &#39;int&#39;
   ledModule.begin();
             ^~~~~
/home/ec2-user/arduino-testlib/cli-datadir/user/libraries/AceSegment/examples/ModulatingDemo/ModulatingDemo.ino:366:13: error: request for member &#39;setBrightness&#39; in &#39;ledModule&#39;, which is of non-class type &#39;int&#39;
   ledModule.setBrightness(1); // 0-1
             ^~~~~~~~~~~~~
/home/ec2-user/arduino-testlib/cli-datadir/user/libraries/AceSegment/examples/ModulatingDemo/ModulatingDemo.ino: In function &#39;void setupPulseDisplay()&#39;:
/home/ec2-user/arduino-testlib/cli-datadir/user/libraries/AceSegment/examples/ModulatingDemo/ModulatingDemo.ino:375:15: error: request for member &#39;setPatternAt&#39; in &#39;ledModule&#39;, which is of non-class type &#39;int&#39;
     ledModule.setPatternAt(i, PATTERNS[i]);
               ^~~~~~~~~~~~
/home/ec2-user/arduino-testlib/cli-datadir/user/libraries/AceSegment/examples/ModulatingDemo/ModulatingDemo.ino: In function &#39;void setBrightnesses(int)&#39;:
/home/ec2-user/arduino-testlib/cli-datadir/user/libraries/AceSegment/examples/ModulatingDemo/ModulatingDemo.ino:383:15: error: request for member &#39;setBrightnessAt&#39; in &#39;ledModule&#39;, which is of non-class type &#39;int&#39;
     ledModule.setBrightnessAt(i, brightness);
               ^~~~~~~~~~~~~~~
/home/ec2-user/arduino-testlib/cli-datadir/user/libraries/AceSegment/examples/ModulatingDemo/ModulatingDemo.ino: In function &#39;void flushModule()&#39;:
/home/ec2-user/arduino-testlib/cli-datadir/user/libraries/AceSegment/examples/ModulatingDemo/ModulatingDemo.ino:401:13: error: request for member &#39;renderFieldWhenReady&#39; in &#39;ledModule&#39;, which is of non-class type &#39;int&#39;
   ledModule.renderFieldWhenReady();
             ^~~~~~~~~~~~~~~~~~~~

</pre>
					
					<h4>examples/ScanningDemo</h4>
					<p>
						Result: <b>FAIL</b>
					</p>
					<pre class="pre-scrollable">In file included from /home/ec2-user/arduino-testlib/cli-datadir/user/libraries/AceSegment/examples/ScanningDemo/ScanningDemo.ino:17:0:
/home/ec2-user/arduino-testlib/cli-datadir/user/libraries/AceCommon/src/AceCommon.h:49:2: error: #error Platforms using ArduinoCore-API not supported
 #error Platforms using ArduinoCore-API not supported
  ^~~~~
In file included from /home/ec2-user/arduino-testlib/cli-datadir/user/libraries/AceSegment/examples/ScanningDemo/ScanningDemo.ino:18:0:
/home/ec2-user/arduino-testlib/cli-datadir/user/libraries/AceSPI/src/AceSPI.h:46:2: error: #error Platforms using ArduinoCore-API not supported
 #error Platforms using ArduinoCore-API not supported
  ^~~~~
In file included from /home/ec2-user/arduino-testlib/cli-datadir/user/libraries/AceSegment/examples/ScanningDemo/ScanningDemo.ino:19:0:
/home/ec2-user/arduino-testlib/cli-datadir/user/libraries/AceSegment/src/AceSegment.h:42:2: error: #error Platforms using ArduinoCore-API not supported
 #error Platforms using ArduinoCore-API not supported
  ^~~~~
/home/ec2-user/arduino-testlib/cli-datadir/user/libraries/AceSegment/examples/ScanningDemo/ScanningDemo.ino:37:20: error: &#39;ace_segment::LedMatrixDirectFast4&#39; has not been declared
 using ace_segment::LedMatrixDirectFast4;
                    ^~~~~~~~~~~~~~~~~~~~
/home/ec2-user/arduino-testlib/cli-datadir/user/libraries/AceSegment/examples/ScanningDemo/ScanningDemo.ino:148:21: error: &#39;LedMatrixDirectFast4&#39; does not name a type
   using LedMatrix = LedMatrixDirectFast4&lt;
                     ^~~~~~~~~~~~~~~~~~~~
/home/ec2-user/arduino-testlib/cli-datadir/user/libraries/AceSegment/examples/ScanningDemo/ScanningDemo.ino:152:3: error: &#39;LedMatrix&#39; does not name a type
   LedMatrix ledMatrix(
   ^~~~~~~~~
/home/ec2-user/arduino-testlib/cli-datadir/user/libraries/AceSegment/examples/ScanningDemo/ScanningDemo.ino:255:16: error: &#39;LedMatrix&#39; was not declared in this scope
 ScanningModule&lt;LedMatrix, NUM_DIGITS, NUM_SUBFIELDS&gt;
                ^~~~~~~~~
/home/ec2-user/arduino-testlib/cli-datadir/user/libraries/AceSegment/examples/ScanningDemo/ScanningDemo.ino:255:52: error: template argument 1 is invalid
 ScanningModule&lt;LedMatrix, NUM_DIGITS, NUM_SUBFIELDS&gt;
                                                    ^
/home/ec2-user/arduino-testlib/cli-datadir/user/libraries/AceSegment/examples/ScanningDemo/ScanningDemo.ino:256:15: error: &#39;ledMatrix&#39; was not declared in this scope
     ledModule(ledMatrix, FRAMES_PER_SECOND);
               ^~~~~~~~~
/home/ec2-user/arduino-testlib/cli-datadir/user/libraries/AceSegment/examples/ScanningDemo/ScanningDemo.ino:256:43: error: expression list treated as compound expression in initializer [-fpermissive]
     ledModule(ledMatrix, FRAMES_PER_SECOND);
                                           ^
/home/ec2-user/arduino-testlib/cli-datadir/user/libraries/AceSegment/examples/ScanningDemo/ScanningDemo.ino: In function &#39;void setupAceSegment()&#39;:
/home/ec2-user/arduino-testlib/cli-datadir/user/libraries/AceSegment/examples/ScanningDemo/ScanningDemo.ino:285:3: error: &#39;ledMatrix&#39; was not declared in this scope
   ledMatrix.begin();
   ^~~~~~~~~
/home/ec2-user/arduino-testlib/cli-datadir/user/libraries/AceSegment/examples/ScanningDemo/ScanningDemo.ino:286:13: error: request for member &#39;begin&#39; in &#39;ledModule&#39;, which is of non-class type &#39;int&#39;
   ledModule.begin();
             ^~~~~
/home/ec2-user/arduino-testlib/cli-datadir/user/libraries/AceSegment/examples/ScanningDemo/ScanningDemo.ino: In function &#39;void updateDisplay()&#39;:
/home/ec2-user/arduino-testlib/cli-datadir/user/libraries/AceSegment/examples/ScanningDemo/ScanningDemo.ino:309:17: error: request for member &#39;setPatternAt&#39; in &#39;ledModule&#39;, which is of non-class type &#39;int&#39;
       ledModule.setPatternAt(i, pattern);
                 ^~~~~~~~~~~~
/home/ec2-user/arduino-testlib/cli-datadir/user/libraries/AceSegment/examples/ScanningDemo/ScanningDemo.ino:316:15: error: request for member &#39;setBrightness&#39; in &#39;ledModule&#39;, which is of non-class type &#39;int&#39;
     ledModule.setBrightness(brightness);
               ^~~~~~~~~~~~~
/home/ec2-user/arduino-testlib/cli-datadir/user/libraries/AceSegment/examples/ScanningDemo/ScanningDemo.ino: In function &#39;void flushModule()&#39;:
/home/ec2-user/arduino-testlib/cli-datadir/user/libraries/AceSegment/examples/ScanningDemo/ScanningDemo.ino:340:15: error: request for member &#39;renderFieldWhenReady&#39; in &#39;ledModule&#39;, which is of non-class type &#39;int&#39;
     ledModule.renderFieldWhenReady();
               ^~~~~~~~~~~~~~~~~~~~

</pre>
					
					<h4>examples/Tm1637Demo</h4>
					<p>
						Result: <b>FAIL</b>
					</p>
					<pre class="pre-scrollable">In file included from /home/ec2-user/arduino-testlib/cli-datadir/user/libraries/AceSegment/examples/Tm1637Demo/Tm1637Demo.ino:17:0:
/home/ec2-user/arduino-testlib/cli-datadir/user/libraries/AceCommon/src/AceCommon.h:49:2: error: #error Platforms using ArduinoCore-API not supported
 #error Platforms using ArduinoCore-API not supported
  ^~~~~
In file included from /home/ec2-user/arduino-testlib/cli-datadir/user/libraries/AceSegment/examples/Tm1637Demo/Tm1637Demo.ino:18:0:
/home/ec2-user/arduino-testlib/cli-datadir/user/libraries/AceTMI/src/AceTMI.h:46:2: error: #error Platforms using ArduinoCore-API not supported
 #error Platforms using ArduinoCore-API not supported
  ^~~~~
In file included from /home/ec2-user/arduino-testlib/cli-datadir/user/libraries/AceSegment/examples/Tm1637Demo/Tm1637Demo.ino:19:0:
/home/ec2-user/arduino-testlib/cli-datadir/user/libraries/AceSegment/src/AceSegment.h:42:2: error: #error Platforms using ArduinoCore-API not supported
 #error Platforms using ArduinoCore-API not supported
  ^~~~~
Multiple libraries were found for &#34;digitalWriteFast.h&#34;
  Used: /home/ec2-user/arduino-testlib/cli-datadir/user/libraries/ServoEasing
  Not used: /home/ec2-user/arduino-testlib/cli-datadir/user/libraries/IRremote
  Not used: /home/ec2-user/arduino-testlib/cli-datadir/user/libraries/EasyButtonAtInt01
  Not used: /home/ec2-user/arduino-testlib/cli-datadir/user/libraries/Talkie
  Not used: /home/ec2-user/arduino-testlib/cli-datadir/user/libraries/IRMP
  Not used: /home/ec2-user/arduino-testlib/cli-datadir/user/libraries/AvrTracing
</pre>
					
					<h4>examples/Tm1637DualDemo</h4>
					<p>
						Result: <b>FAIL</b>
					</p>
					<pre class="pre-scrollable">In file included from /home/ec2-user/arduino-testlib/cli-datadir/user/libraries/AceSegment/examples/Tm1637DualDemo/Tm1637DualDemo.ino:17:0:
/home/ec2-user/arduino-testlib/cli-datadir/user/libraries/AceCommon/src/AceCommon.h:49:2: error: #error Platforms using ArduinoCore-API not supported
 #error Platforms using ArduinoCore-API not supported
  ^~~~~
In file included from /home/ec2-user/arduino-testlib/cli-datadir/user/libraries/AceSegment/examples/Tm1637DualDemo/Tm1637DualDemo.ino:18:0:
/home/ec2-user/arduino-testlib/cli-datadir/user/libraries/AceTMI/src/AceTMI.h:46:2: error: #error Platforms using ArduinoCore-API not supported
 #error Platforms using ArduinoCore-API not supported
  ^~~~~
In file included from /home/ec2-user/arduino-testlib/cli-datadir/user/libraries/AceSegment/examples/Tm1637DualDemo/Tm1637DualDemo.ino:19:0:
/home/ec2-user/arduino-testlib/cli-datadir/user/libraries/AceSegment/src/AceSegment.h:42:2: error: #error Platforms using ArduinoCore-API not supported
 #error Platforms using ArduinoCore-API not supported
  ^~~~~

</pre>
					
					<h4>examples/Tm1638Demo</h4>
					<p>
						Result: <b>FAIL</b>
					</p>
					<pre class="pre-scrollable">In file included from /home/ec2-user/arduino-testlib/cli-datadir/user/libraries/AceSegment/examples/Tm1638Demo/Tm1638Demo.ino:15:0:
/home/ec2-user/arduino-testlib/cli-datadir/user/libraries/AceCommon/src/AceCommon.h:49:2: error: #error Platforms using ArduinoCore-API not supported
 #error Platforms using ArduinoCore-API not supported
  ^~~~~
In file included from /home/ec2-user/arduino-testlib/cli-datadir/user/libraries/AceSegment/examples/Tm1638Demo/Tm1638Demo.ino:16:0:
/home/ec2-user/arduino-testlib/cli-datadir/user/libraries/AceTMI/src/AceTMI.h:46:2: error: #error Platforms using ArduinoCore-API not supported
 #error Platforms using ArduinoCore-API not supported
  ^~~~~
In file included from /home/ec2-user/arduino-testlib/cli-datadir/user/libraries/AceSegment/examples/Tm1638Demo/Tm1638Demo.ino:17:0:
/home/ec2-user/arduino-testlib/cli-datadir/user/libraries/AceSegment/src/AceSegment.h:42:2: error: #error Platforms using ArduinoCore-API not supported
 #error Platforms using ArduinoCore-API not supported
  ^~~~~
Multiple libraries were found for &#34;digitalWriteFast.h&#34;
  Used: /home/ec2-user/arduino-testlib/cli-datadir/user/libraries/ServoEasing
  Not used: /home/ec2-user/arduino-testlib/cli-datadir/user/libraries/EasyButtonAtInt01
  Not used: /home/ec2-user/arduino-testlib/cli-datadir/user/libraries/Talkie
  Not used: /home/ec2-user/arduino-testlib/cli-datadir/user/libraries/IRremote
  Not used: /home/ec2-user/arduino-testlib/cli-datadir/user/libraries/IRMP
  Not used: /home/ec2-user/arduino-testlib/cli-datadir/user/libraries/AvrTracing
</pre>
					
				
				<h3 id="arduino:megaavr:nona4809">arduino:megaavr:nona4809 @ 1.8.7</h3>
				<h4>Inclusion</h4>
				<p>
					Result: <b>FAIL</b>
					
				</p>
				<pre class="pre-scrollable">In file included from /tmp/arduino-testlib2407260005/test/test.ino:1:0:
/home/ec2-user/arduino-testlib/cli-datadir/user/libraries/AceSegment/src/AceSegment.h:42:2: error: #error Platforms using ArduinoCore-API not supported
 #error Platforms using ArduinoCore-API not supported
  ^~~~~
In file included from /home/ec2-user/arduino-testlib/cli-datadir/user/libraries/AceSegment/src/ace_segment/scanning/ScanningModule.h:29:0,
                 from /home/ec2-user/arduino-testlib/cli-datadir/user/libraries/AceSegment/src/AceSegment.h:56,
                 from /tmp/arduino-testlib2407260005/test/test.ino:1:
/home/ec2-user/arduino-testlib/cli-datadir/user/libraries/AceCommon/src/AceCommon.h:43:2: error: #error MegaAVR not supported, https:
 #error MegaAVR not supported, https://github.com/bxparks/AceCommon/issues/8
  ^~~~~

</pre>

					
					<h4>examples/AutoBenchmark</h4>
					<p>
						Result: <b>FAIL</b>
					</p>
					<pre class="pre-scrollable">In file included from /home/ec2-user/arduino-testlib/cli-datadir/user/libraries/AceSegment/examples/AutoBenchmark/AutoBenchmark.ino:40:0:
/home/ec2-user/arduino-testlib/cli-datadir/user/libraries/AceCommon/src/AceCommon.h:43:2: error: #error MegaAVR not supported, https:
 #error MegaAVR not supported, https://github.com/bxparks/AceCommon/issues/8
  ^~~~~
In file included from /home/ec2-user/arduino-testlib/cli-datadir/user/libraries/AceSegment/examples/AutoBenchmark/AutoBenchmark.ino:41:0:
/home/ec2-user/arduino-testlib/cli-datadir/user/libraries/AceSPI/src/AceSPI.h:46:2: error: #error Platforms using ArduinoCore-API not supported
 #error Platforms using ArduinoCore-API not supported
  ^~~~~
In file included from /home/ec2-user/arduino-testlib/cli-datadir/user/libraries/AceSegment/examples/AutoBenchmark/AutoBenchmark.ino:42:0:
/home/ec2-user/arduino-testlib/cli-datadir/user/libraries/AceTMI/src/AceTMI.h:46:2: error: #error Platforms using ArduinoCore-API not supported
 #error Platforms using ArduinoCore-API not supported
  ^~~~~
In file included from /home/ec2-user/arduino-testlib/cli-datadir/user/libraries/AceSegment/examples/AutoBenchmark/AutoBenchmark.ino:43:0:
/home/ec2-user/arduino-testlib/cli-datadir/user/libraries/AceWire/src/AceWire.h:46:2: error: #error Platforms using ArduinoCore-API not supported
 #error Platforms using ArduinoCore-API not supported
  ^~~~~
In file included from /home/ec2-user/arduino-testlib/cli-datadir/user/libraries/AceSegment/examples/AutoBenchmark/AutoBenchmark.ino:44:0:
/home/ec2-user/arduino-testlib/cli-datadir/user/libraries/AceSegment/src/AceSegment.h:42:2: error: #error Platforms using ArduinoCore-API not supported
 #error Platforms using ArduinoCore-API not supported
  ^~~~~

</pre>
					
					<h4>examples/DirectDemo</h4>
					<p>
						Result: <b>FAIL</b>
					</p>
					<pre class="pre-scrollable">In file included from /home/ec2-user/arduino-testlib/cli-datadir/user/libraries/AceSegment/examples/DirectDemo/DirectDemo.ino:13:0:
/home/ec2-user/arduino-testlib/cli-datadir/user/libraries/AceCommon/src/AceCommon.h:43:2: error: #error MegaAVR not supported, https:
 #error MegaAVR not supported, https://github.com/bxparks/AceCommon/issues/8
  ^~~~~
In file included from /home/ec2-user/arduino-testlib/cli-datadir/user/libraries/AceSegment/examples/DirectDemo/DirectDemo.ino:14:0:
/home/ec2-user/arduino-testlib/cli-datadir/user/libraries/AceSegment/src/AceSegment.h:42:2: error: #error Platforms using ArduinoCore-API not supported
 #error Platforms using ArduinoCore-API not supported
  ^~~~~

</pre>
					
					<h4>examples/DirectFast4Demo</h4>
					<p>
						Result: <b>FAIL</b>
					</p>
					<pre class="pre-scrollable">In file included from /home/ec2-user/arduino-testlib/cli-datadir/user/libraries/AceSegment/examples/DirectFast4Demo/DirectFast4Demo.ino:12:0:
/home/ec2-user/arduino-testlib/cli-datadir/user/libraries/AceCommon/src/AceCommon.h:43:2: error: #error MegaAVR not supported, https:
 #error MegaAVR not supported, https://github.com/bxparks/AceCommon/issues/8
  ^~~~~
In file included from /home/ec2-user/arduino-testlib/cli-datadir/user/libraries/AceSegment/examples/DirectFast4Demo/DirectFast4Demo.ino:13:0:
/home/ec2-user/arduino-testlib/cli-datadir/user/libraries/AceSegment/src/AceSegment.h:42:2: error: #error Platforms using ArduinoCore-API not supported
 #error Platforms using ArduinoCore-API not supported
  ^~~~~

</pre>
					
					<h4>examples/Hc595Demo</h4>
					<p>
						Result: <b>FAIL</b>
					</p>
					<pre class="pre-scrollable">In file included from /home/ec2-user/arduino-testlib/cli-datadir/user/libraries/AceSegment/examples/Hc595Demo/Hc595Demo.ino:20:0:
/home/ec2-user/arduino-testlib/cli-datadir/user/libraries/AceCommon/src/AceCommon.h:43:2: error: #error MegaAVR not supported, https:
 #error MegaAVR not supported, https://github.com/bxparks/AceCommon/issues/8
  ^~~~~
In file included from /home/ec2-user/arduino-testlib/cli-datadir/user/libraries/AceSegment/examples/Hc595Demo/Hc595Demo.ino:21:0:
/home/ec2-user/arduino-testlib/cli-datadir/user/libraries/AceSPI/src/AceSPI.h:46:2: error: #error Platforms using ArduinoCore-API not supported
 #error Platforms using ArduinoCore-API not supported
  ^~~~~
In file included from /home/ec2-user/arduino-testlib/cli-datadir/user/libraries/AceSegment/examples/Hc595Demo/Hc595Demo.ino:22:0:
/home/ec2-user/arduino-testlib/cli-datadir/user/libraries/AceSegment/src/AceSegment.h:42:2: error: #error Platforms using ArduinoCore-API not supported
 #error Platforms using ArduinoCore-API not supported
  ^~~~~
Multiple libraries were found for &#34;digitalWriteFast.h&#34;
  Used: /home/ec2-user/arduino-testlib/cli-datadir/user/libraries/Talkie
  Not used: /home/ec2-user/arduino-testlib/cli-datadir/user/libraries/IRremote
  Not used: /home/ec2-user/arduino-testlib/cli-datadir/user/libraries/EasyButtonAtInt01
  Not used: /home/ec2-user/arduino-testlib/cli-datadir/user/libraries/AvrTracing
  Not used: /home/ec2-user/arduino-testlib/cli-datadir/user/libraries/IRMP
  Not used: /home/ec2-user/arduino-testlib/cli-datadir/user/libraries/ServoEasing
</pre>
					
					<h4>examples/Hc595InterruptDemo</h4>
					<p>
						Result: <b>FAIL</b>
					</p>
					<pre class="pre-scrollable">/home/ec2-user/arduino-testlib/cli-datadir/user/libraries/AIStarter/src/Beep.cpp:1:10: fatal error: arduino.h: No such file or directory
 #include &#34;arduino.h&#34;
          ^~~~~~~~~~~
compilation terminated.
Multiple libraries were found for &#34;TimerOne.h&#34;
  Used: /home/ec2-user/arduino-testlib/cli-datadir/user/libraries/AIStarter
  Not used: /home/ec2-user/arduino-testlib/cli-datadir/user/libraries/Volume_3
  Not used: /home/ec2-user/arduino-testlib/cli-datadir/user/libraries/TimerOne
  Not used: /home/ec2-user/arduino-testlib/cli-datadir/user/libraries/MP3Player
Multiple libraries were found for &#34;digitalWriteFast.h&#34;
  Used: /home/ec2-user/arduino-testlib/cli-datadir/user/libraries/Talkie
  Not used: /home/ec2-user/arduino-testlib/cli-datadir/user/libraries/IRremote
  Not used: /home/ec2-user/arduino-testlib/cli-datadir/user/libraries/EasyButtonAtInt01
  Not used: /home/ec2-user/arduino-testlib/cli-datadir/user/libraries/AvrTracing
  Not used: /home/ec2-user/arduino-testlib/cli-datadir/user/libraries/ServoEasing
  Not used: /home/ec2-user/arduino-testlib/cli-datadir/user/libraries/IRMP
</pre>
					
					<h4>examples/HelloHc595</h4>
					<p>
						Result: <b>FAIL</b>
					</p>
					<pre class="pre-scrollable">In file included from /home/ec2-user/arduino-testlib/cli-datadir/user/libraries/AceSegment/examples/HelloHc595/HelloHc595.ino:13:0:
/home/ec2-user/arduino-testlib/cli-datadir/user/libraries/AceSPI/src/AceSPI.h:46:2: error: #error Platforms using ArduinoCore-API not supported
 #error Platforms using ArduinoCore-API not supported
  ^~~~~
In file included from /home/ec2-user/arduino-testlib/cli-datadir/user/libraries/AceSegment/examples/HelloHc595/HelloHc595.ino:14:0:
/home/ec2-user/arduino-testlib/cli-datadir/user/libraries/AceSegment/src/AceSegment.h:42:2: error: #error Platforms using ArduinoCore-API not supported
 #error Platforms using ArduinoCore-API not supported
  ^~~~~
In file included from /home/ec2-user/arduino-testlib/cli-datadir/user/libraries/AceSegment/src/ace_segment/scanning/ScanningModule.h:29:0,
                 from /home/ec2-user/arduino-testlib/cli-datadir/user/libraries/AceSegment/src/AceSegment.h:56,
                 from /home/ec2-user/arduino-testlib/cli-datadir/user/libraries/AceSegment/examples/HelloHc595/HelloHc595.ino:14:
/home/ec2-user/arduino-testlib/cli-datadir/user/libraries/AceCommon/src/AceCommon.h:43:2: error: #error MegaAVR not supported, https:
 #error MegaAVR not supported, https://github.com/bxparks/AceCommon/issues/8
  ^~~~~

</pre>
					
					<h4>examples/HelloHt16k33</h4>
					<p>
						Result: <b>FAIL</b>
					</p>
					<pre class="pre-scrollable">In file included from /home/ec2-user/arduino-testlib/cli-datadir/user/libraries/AceSegment/examples/HelloHt16k33/HelloHt16k33.ino:10:0:
/home/ec2-user/arduino-testlib/cli-datadir/user/libraries/AceWire/src/AceWire.h:46:2: error: #error Platforms using ArduinoCore-API not supported
 #error Platforms using ArduinoCore-API not supported
  ^~~~~
In file included from /home/ec2-user/arduino-testlib/cli-datadir/user/libraries/AceSegment/examples/HelloHt16k33/HelloHt16k33.ino:11:0:
/home/ec2-user/arduino-testlib/cli-datadir/user/libraries/AceSegment/src/AceSegment.h:42:2: error: #error Platforms using ArduinoCore-API not supported
 #error Platforms using ArduinoCore-API not supported
  ^~~~~
In file included from /home/ec2-user/arduino-testlib/cli-datadir/user/libraries/AceSegment/src/ace_segment/scanning/ScanningModule.h:29:0,
                 from /home/ec2-user/arduino-testlib/cli-datadir/user/libraries/AceSegment/src/AceSegment.h:56,
                 from /home/ec2-user/arduino-testlib/cli-datadir/user/libraries/AceSegment/examples/HelloHt16k33/HelloHt16k33.ino:11:
/home/ec2-user/arduino-testlib/cli-datadir/user/libraries/AceCommon/src/AceCommon.h:43:2: error: #error MegaAVR not supported, https:
 #error MegaAVR not supported, https://github.com/bxparks/AceCommon/issues/8
  ^~~~~

</pre>
					
					<h4>examples/HelloMax7219</h4>
					<p>
						Result: <b>FAIL</b>
					</p>
					<pre class="pre-scrollable">In file included from /home/ec2-user/arduino-testlib/cli-datadir/user/libraries/AceSegment/examples/HelloMax7219/HelloMax7219.ino:9:0:
/home/ec2-user/arduino-testlib/cli-datadir/user/libraries/AceSPI/src/AceSPI.h:46:2: error: #error Platforms using ArduinoCore-API not supported
 #error Platforms using ArduinoCore-API not supported
  ^~~~~
In file included from /home/ec2-user/arduino-testlib/cli-datadir/user/libraries/AceSegment/examples/HelloMax7219/HelloMax7219.ino:10:0:
/home/ec2-user/arduino-testlib/cli-datadir/user/libraries/AceSegment/src/AceSegment.h:42:2: error: #error Platforms using ArduinoCore-API not supported
 #error Platforms using ArduinoCore-API not supported
  ^~~~~
In file included from /home/ec2-user/arduino-testlib/cli-datadir/user/libraries/AceSegment/src/ace_segment/scanning/ScanningModule.h:29:0,
                 from /home/ec2-user/arduino-testlib/cli-datadir/user/libraries/AceSegment/src/AceSegment.h:56,
                 from /home/ec2-user/arduino-testlib/cli-datadir/user/libraries/AceSegment/examples/HelloMax7219/HelloMax7219.ino:10:
/home/ec2-user/arduino-testlib/cli-datadir/user/libraries/AceCommon/src/AceCommon.h:43:2: error: #error MegaAVR not supported, https:
 #error MegaAVR not supported, https://github.com/bxparks/AceCommon/issues/8
  ^~~~~

</pre>
					
					<h4>examples/HelloTm1637</h4>
					<p>
						Result: <b>FAIL</b>
					</p>
					<pre class="pre-scrollable">In file included from /home/ec2-user/arduino-testlib/cli-datadir/user/libraries/AceSegment/examples/HelloTm1637/HelloTm1637.ino:8:0:
/home/ec2-user/arduino-testlib/cli-datadir/user/libraries/AceTMI/src/AceTMI.h:46:2: error: #error Platforms using ArduinoCore-API not supported
 #error Platforms using ArduinoCore-API not supported
  ^~~~~
In file included from /home/ec2-user/arduino-testlib/cli-datadir/user/libraries/AceSegment/examples/HelloTm1637/HelloTm1637.ino:9:0:
/home/ec2-user/arduino-testlib/cli-datadir/user/libraries/AceSegment/src/AceSegment.h:42:2: error: #error Platforms using ArduinoCore-API not supported
 #error Platforms using ArduinoCore-API not supported
  ^~~~~
In file included from /home/ec2-user/arduino-testlib/cli-datadir/user/libraries/AceSegment/src/ace_segment/scanning/ScanningModule.h:29:0,
                 from /home/ec2-user/arduino-testlib/cli-datadir/user/libraries/AceSegment/src/AceSegment.h:56,
                 from /home/ec2-user/arduino-testlib/cli-datadir/user/libraries/AceSegment/examples/HelloTm1637/HelloTm1637.ino:9:
/home/ec2-user/arduino-testlib/cli-datadir/user/libraries/AceCommon/src/AceCommon.h:43:2: error: #error MegaAVR not supported, https:
 #error MegaAVR not supported, https://github.com/bxparks/AceCommon/issues/8
  ^~~~~

</pre>
					
					<h4>examples/HelloTm1638</h4>
					<p>
						Result: <b>FAIL</b>
					</p>
					<pre class="pre-scrollable">In file included from /home/ec2-user/arduino-testlib/cli-datadir/user/libraries/AceSegment/examples/HelloTm1638/HelloTm1638.ino:8:0:
/home/ec2-user/arduino-testlib/cli-datadir/user/libraries/AceTMI/src/AceTMI.h:46:2: error: #error Platforms using ArduinoCore-API not supported
 #error Platforms using ArduinoCore-API not supported
  ^~~~~
In file included from /home/ec2-user/arduino-testlib/cli-datadir/user/libraries/AceSegment/examples/HelloTm1638/HelloTm1638.ino:9:0:
/home/ec2-user/arduino-testlib/cli-datadir/user/libraries/AceSegment/src/AceSegment.h:42:2: error: #error Platforms using ArduinoCore-API not supported
 #error Platforms using ArduinoCore-API not supported
  ^~~~~
In file included from /home/ec2-user/arduino-testlib/cli-datadir/user/libraries/AceSegment/src/ace_segment/scanning/ScanningModule.h:29:0,
                 from /home/ec2-user/arduino-testlib/cli-datadir/user/libraries/AceSegment/src/AceSegment.h:56,
                 from /home/ec2-user/arduino-testlib/cli-datadir/user/libraries/AceSegment/examples/HelloTm1638/HelloTm1638.ino:9:
/home/ec2-user/arduino-testlib/cli-datadir/user/libraries/AceCommon/src/AceCommon.h:43:2: error: #error MegaAVR not supported, https:
 #error MegaAVR not supported, https://github.com/bxparks/AceCommon/issues/8
  ^~~~~

</pre>
					
					<h4>examples/Ht16k33Demo</h4>
					<p>
						Result: <b>FAIL</b>
					</p>
					<pre class="pre-scrollable">/home/ec2-user/arduino-testlib/cli-datadir/user/libraries/AIStarter/src/Beep.cpp:1:10: fatal error: arduino.h: No such file or directory
 #include &#34;arduino.h&#34;
          ^~~~~~~~~~~
compilation terminated.
Multiple libraries were found for &#34;SoftI2CMaster.h&#34;
  Used: /home/ec2-user/arduino-testlib/cli-datadir/user/libraries/AIStarter
  Not used: /home/ec2-user/arduino-testlib/cli-datadir/user/libraries/NanoPlayBoard
  Not used: /home/ec2-user/arduino-testlib/cli-datadir/user/libraries/SoftI2CMaster
</pre>
					
					<h4>examples/HybridDemo</h4>
					<p>
						Result: <b>FAIL</b>
					</p>
					<pre class="pre-scrollable">In file included from /home/ec2-user/arduino-testlib/cli-datadir/user/libraries/AceSegment/examples/HybridDemo/HybridDemo.ino:14:0:
/home/ec2-user/arduino-testlib/cli-datadir/user/libraries/AceCommon/src/AceCommon.h:43:2: error: #error MegaAVR not supported, https:
 #error MegaAVR not supported, https://github.com/bxparks/AceCommon/issues/8
  ^~~~~
In file included from /home/ec2-user/arduino-testlib/cli-datadir/user/libraries/AceSegment/examples/HybridDemo/HybridDemo.ino:15:0:
/home/ec2-user/arduino-testlib/cli-datadir/user/libraries/AceSPI/src/AceSPI.h:46:2: error: #error Platforms using ArduinoCore-API not supported
 #error Platforms using ArduinoCore-API not supported
  ^~~~~
In file included from /home/ec2-user/arduino-testlib/cli-datadir/user/libraries/AceSegment/examples/HybridDemo/HybridDemo.ino:16:0:
/home/ec2-user/arduino-testlib/cli-datadir/user/libraries/AceSegment/src/AceSegment.h:42:2: error: #error Platforms using ArduinoCore-API not supported
 #error Platforms using ArduinoCore-API not supported
  ^~~~~

</pre>
					
					<h4>examples/Max7219Demo</h4>
					<p>
						Result: <b>FAIL</b>
					</p>
					<pre class="pre-scrollable">In file included from /home/ec2-user/arduino-testlib/cli-datadir/user/libraries/AceSegment/examples/Max7219Demo/Max7219Demo.ino:17:0:
/home/ec2-user/arduino-testlib/cli-datadir/user/libraries/AceCommon/src/AceCommon.h:43:2: error: #error MegaAVR not supported, https:
 #error MegaAVR not supported, https://github.com/bxparks/AceCommon/issues/8
  ^~~~~
In file included from /home/ec2-user/arduino-testlib/cli-datadir/user/libraries/AceSegment/examples/Max7219Demo/Max7219Demo.ino:18:0:
/home/ec2-user/arduino-testlib/cli-datadir/user/libraries/AceSPI/src/AceSPI.h:46:2: error: #error Platforms using ArduinoCore-API not supported
 #error Platforms using ArduinoCore-API not supported
  ^~~~~
In file included from /home/ec2-user/arduino-testlib/cli-datadir/user/libraries/AceSegment/examples/Max7219Demo/Max7219Demo.ino:19:0:
/home/ec2-user/arduino-testlib/cli-datadir/user/libraries/AceSegment/src/AceSegment.h:42:2: error: #error Platforms using ArduinoCore-API not supported
 #error Platforms using ArduinoCore-API not supported
  ^~~~~
Multiple libraries were found for &#34;digitalWriteFast.h&#34;
  Used: /home/ec2-user/arduino-testlib/cli-datadir/user/libraries/Talkie
  Not used: /home/ec2-user/arduino-testlib/cli-datadir/user/libraries/IRMP
  Not used: /home/ec2-user/arduino-testlib/cli-datadir/user/libraries/IRremote
  Not used: /home/ec2-user/arduino-testlib/cli-datadir/user/libraries/EasyButtonAtInt01
  Not used: /home/ec2-user/arduino-testlib/cli-datadir/user/libraries/AvrTracing
  Not used: /home/ec2-user/arduino-testlib/cli-datadir/user/libraries/ServoEasing
</pre>
					
					<h4>examples/MemoryBenchmark</h4>
					<p>
						Result: <b>PASS</b>
					</p>
					<pre class="pre-scrollable">Sketch uses 814 bytes (1%) of program storage space. Maximum is 49152 bytes.
Global variables use 24 bytes (0%) of dynamic memory, leaving 6120 bytes for local variables. Maximum is 6144 bytes.
</pre>
					
					<h4>examples/ModulatingDemo</h4>
					<p>
						Result: <b>FAIL</b>
					</p>
					<pre class="pre-scrollable">In file included from /home/ec2-user/arduino-testlib/cli-datadir/user/libraries/AceSegment/examples/ModulatingDemo/ModulatingDemo.ino:20:0:
/home/ec2-user/arduino-testlib/cli-datadir/user/libraries/AceCommon/src/AceCommon.h:43:2: error: #error MegaAVR not supported, https:
 #error MegaAVR not supported, https://github.com/bxparks/AceCommon/issues/8
  ^~~~~
In file included from /home/ec2-user/arduino-testlib/cli-datadir/user/libraries/AceSegment/examples/ModulatingDemo/ModulatingDemo.ino:21:0:
/home/ec2-user/arduino-testlib/cli-datadir/user/libraries/AceSPI/src/AceSPI.h:46:2: error: #error Platforms using ArduinoCore-API not supported
 #error Platforms using ArduinoCore-API not supported
  ^~~~~
In file included from /home/ec2-user/arduino-testlib/cli-datadir/user/libraries/AceSegment/examples/ModulatingDemo/ModulatingDemo.ino:22:0:
/home/ec2-user/arduino-testlib/cli-datadir/user/libraries/AceSegment/src/AceSegment.h:42:2: error: #error Platforms using ArduinoCore-API not supported
 #error Platforms using ArduinoCore-API not supported
  ^~~~~

</pre>
					
					<h4>examples/ScanningDemo</h4>
					<p>
						Result: <b>FAIL</b>
					</p>
					<pre class="pre-scrollable">In file included from /home/ec2-user/arduino-testlib/cli-datadir/user/libraries/AceSegment/examples/ScanningDemo/ScanningDemo.ino:17:0:
/home/ec2-user/arduino-testlib/cli-datadir/user/libraries/AceCommon/src/AceCommon.h:43:2: error: #error MegaAVR not supported, https:
 #error MegaAVR not supported, https://github.com/bxparks/AceCommon/issues/8
  ^~~~~
In file included from /home/ec2-user/arduino-testlib/cli-datadir/user/libraries/AceSegment/examples/ScanningDemo/ScanningDemo.ino:18:0:
/home/ec2-user/arduino-testlib/cli-datadir/user/libraries/AceSPI/src/AceSPI.h:46:2: error: #error Platforms using ArduinoCore-API not supported
 #error Platforms using ArduinoCore-API not supported
  ^~~~~
In file included from /home/ec2-user/arduino-testlib/cli-datadir/user/libraries/AceSegment/examples/ScanningDemo/ScanningDemo.ino:19:0:
/home/ec2-user/arduino-testlib/cli-datadir/user/libraries/AceSegment/src/AceSegment.h:42:2: error: #error Platforms using ArduinoCore-API not supported
 #error Platforms using ArduinoCore-API not supported
  ^~~~~

</pre>
					
					<h4>examples/Tm1637Demo</h4>
					<p>
						Result: <b>FAIL</b>
					</p>
					<pre class="pre-scrollable">In file included from /home/ec2-user/arduino-testlib/cli-datadir/user/libraries/AceSegment/examples/Tm1637Demo/Tm1637Demo.ino:17:0:
/home/ec2-user/arduino-testlib/cli-datadir/user/libraries/AceCommon/src/AceCommon.h:43:2: error: #error MegaAVR not supported, https:
 #error MegaAVR not supported, https://github.com/bxparks/AceCommon/issues/8
  ^~~~~
In file included from /home/ec2-user/arduino-testlib/cli-datadir/user/libraries/AceSegment/examples/Tm1637Demo/Tm1637Demo.ino:18:0:
/home/ec2-user/arduino-testlib/cli-datadir/user/libraries/AceTMI/src/AceTMI.h:46:2: error: #error Platforms using ArduinoCore-API not supported
 #error Platforms using ArduinoCore-API not supported
  ^~~~~
In file included from /home/ec2-user/arduino-testlib/cli-datadir/user/libraries/AceSegment/examples/Tm1637Demo/Tm1637Demo.ino:19:0:
/home/ec2-user/arduino-testlib/cli-datadir/user/libraries/AceSegment/src/AceSegment.h:42:2: error: #error Platforms using ArduinoCore-API not supported
 #error Platforms using ArduinoCore-API not supported
  ^~~~~
Multiple libraries were found for &#34;digitalWriteFast.h&#34;
  Used: /home/ec2-user/arduino-testlib/cli-datadir/user/libraries/Talkie
  Not used: /home/ec2-user/arduino-testlib/cli-datadir/user/libraries/IRMP
  Not used: /home/ec2-user/arduino-testlib/cli-datadir/user/libraries/IRremote
  Not used: /home/ec2-user/arduino-testlib/cli-datadir/user/libraries/AvrTracing
  Not used: /home/ec2-user/arduino-testlib/cli-datadir/user/libraries/EasyButtonAtInt01
  Not used: /home/ec2-user/arduino-testlib/cli-datadir/user/libraries/ServoEasing
</pre>
					
					<h4>examples/Tm1637DualDemo</h4>
					<p>
						Result: <b>FAIL</b>
					</p>
					<pre class="pre-scrollable">In file included from /home/ec2-user/arduino-testlib/cli-datadir/user/libraries/AceSegment/examples/Tm1637DualDemo/Tm1637DualDemo.ino:17:0:
/home/ec2-user/arduino-testlib/cli-datadir/user/libraries/AceCommon/src/AceCommon.h:43:2: error: #error MegaAVR not supported, https:
 #error MegaAVR not supported, https://github.com/bxparks/AceCommon/issues/8
  ^~~~~
In file included from /home/ec2-user/arduino-testlib/cli-datadir/user/libraries/AceSegment/examples/Tm1637DualDemo/Tm1637DualDemo.ino:18:0:
/home/ec2-user/arduino-testlib/cli-datadir/user/libraries/AceTMI/src/AceTMI.h:46:2: error: #error Platforms using ArduinoCore-API not supported
 #error Platforms using ArduinoCore-API not supported
  ^~~~~
In file included from /home/ec2-user/arduino-testlib/cli-datadir/user/libraries/AceSegment/examples/Tm1637DualDemo/Tm1637DualDemo.ino:19:0:
/home/ec2-user/arduino-testlib/cli-datadir/user/libraries/AceSegment/src/AceSegment.h:42:2: error: #error Platforms using ArduinoCore-API not supported
 #error Platforms using ArduinoCore-API not supported
  ^~~~~

</pre>
					
					<h4>examples/Tm1638Demo</h4>
					<p>
						Result: <b>FAIL</b>
					</p>
					<pre class="pre-scrollable">In file included from /home/ec2-user/arduino-testlib/cli-datadir/user/libraries/AceSegment/examples/Tm1638Demo/Tm1638Demo.ino:15:0:
/home/ec2-user/arduino-testlib/cli-datadir/user/libraries/AceCommon/src/AceCommon.h:43:2: error: #error MegaAVR not supported, https:
 #error MegaAVR not supported, https://github.com/bxparks/AceCommon/issues/8
  ^~~~~
In file included from /home/ec2-user/arduino-testlib/cli-datadir/user/libraries/AceSegment/examples/Tm1638Demo/Tm1638Demo.ino:16:0:
/home/ec2-user/arduino-testlib/cli-datadir/user/libraries/AceTMI/src/AceTMI.h:46:2: error: #error Platforms using ArduinoCore-API not supported
 #error Platforms using ArduinoCore-API not supported
  ^~~~~
In file included from /home/ec2-user/arduino-testlib/cli-datadir/user/libraries/AceSegment/examples/Tm1638Demo/Tm1638Demo.ino:17:0:
/home/ec2-user/arduino-testlib/cli-datadir/user/libraries/AceSegment/src/AceSegment.h:42:2: error: #error Platforms using ArduinoCore-API not supported
 #error Platforms using ArduinoCore-API not supported
  ^~~~~
Multiple libraries were found for &#34;digitalWriteFast.h&#34;
  Used: /home/ec2-user/arduino-testlib/cli-datadir/user/libraries/Talkie
  Not used: /home/ec2-user/arduino-testlib/cli-datadir/user/libraries/EasyButtonAtInt01
  Not used: /home/ec2-user/arduino-testlib/cli-datadir/user/libraries/IRMP
  Not used: /home/ec2-user/arduino-testlib/cli-datadir/user/libraries/ServoEasing
  Not used: /home/ec2-user/arduino-testlib/cli-datadir/user/libraries/IRremote
  Not used: /home/ec2-user/arduino-testlib/cli-datadir/user/libraries/AvrTracing
</pre>
					
				
				<h3 id="arduino:samd:mkrwifi1010">arduino:samd:mkrwifi1010 @ 1.8.12</h3>
				<h4>Inclusion</h4>
				<p>
					Result: <b>FAIL</b>
					
				</p>
				<pre class="pre-scrollable">In file included from /private/tmp/arduino-testlib1819182507/test/test.ino:1:0:
/Users/alranel/Documents/git/arduino/arduino-testlib/cli-datadir/user/libraries/AceSegment/src/AceSegment.h:42:2: error: #error Platforms using ArduinoCore-API not supported
 #error Platforms using ArduinoCore-API not supported
  ^~~~~
In file included from /Users/alranel/Documents/git/arduino/arduino-testlib/cli-datadir/user/libraries/AceSegment/src/ace_segment/scanning/ScanningModule.h:29:0,
                 from /Users/alranel/Documents/git/arduino/arduino-testlib/cli-datadir/user/libraries/AceSegment/src/AceSegment.h:56,
                 from /private/tmp/arduino-testlib1819182507/test/test.ino:1:
/Users/alranel/Documents/git/arduino/arduino-testlib/cli-datadir/user/libraries/AceCommon/src/AceCommon.h:46:2: error: #error SAMD21 with arduino:samd &gt;= 1.8.10 not supported, https:
 #error SAMD21 with arduino:samd &gt;= 1.8.10 not supported, https://github.com/bxparks/AceCommon/issues/9
  ^~~~~

</pre>

					
					<h4>examples/AutoBenchmark</h4>
					<p>
						Result: <b>FAIL</b>
					</p>
					<pre class="pre-scrollable">In file included from /Users/alranel/Documents/git/arduino/arduino-testlib/cli-datadir/user/libraries/AceSegment/examples/AutoBenchmark/AutoBenchmark.ino:40:0:
/Users/alranel/Documents/git/arduino/arduino-testlib/cli-datadir/user/libraries/AceCommon/src/AceCommon.h:46:2: error: #error SAMD21 with arduino:samd &gt;= 1.8.10 not supported, https:
 #error SAMD21 with arduino:samd &gt;= 1.8.10 not supported, https://github.com/bxparks/AceCommon/issues/9
  ^~~~~
In file included from /Users/alranel/Documents/git/arduino/arduino-testlib/cli-datadir/user/libraries/AceSegment/examples/AutoBenchmark/AutoBenchmark.ino:41:0:
/Users/alranel/Documents/git/arduino/arduino-testlib/cli-datadir/user/libraries/AceSPI/src/AceSPI.h:46:2: error: #error Platforms using ArduinoCore-API not supported
 #error Platforms using ArduinoCore-API not supported
  ^~~~~
In file included from /Users/alranel/Documents/git/arduino/arduino-testlib/cli-datadir/user/libraries/AceSegment/examples/AutoBenchmark/AutoBenchmark.ino:42:0:
/Users/alranel/Documents/git/arduino/arduino-testlib/cli-datadir/user/libraries/AceTMI/src/AceTMI.h:46:2: error: #error Platforms using ArduinoCore-API not supported
 #error Platforms using ArduinoCore-API not supported
  ^~~~~
In file included from /Users/alranel/Documents/git/arduino/arduino-testlib/cli-datadir/user/libraries/AceSegment/examples/AutoBenchmark/AutoBenchmark.ino:43:0:
/Users/alranel/Documents/git/arduino/arduino-testlib/cli-datadir/user/libraries/AceWire/src/AceWire.h:46:2: error: #error Platforms using ArduinoCore-API not supported
 #error Platforms using ArduinoCore-API not supported
  ^~~~~
In file included from /Users/alranel/Documents/git/arduino/arduino-testlib/cli-datadir/user/libraries/AceSegment/examples/AutoBenchmark/AutoBenchmark.ino:44:0:
/Users/alranel/Documents/git/arduino/arduino-testlib/cli-datadir/user/libraries/AceSegment/src/AceSegment.h:42:2: error: #error Platforms using ArduinoCore-API not supported
 #error Platforms using ArduinoCore-API not supported
  ^~~~~

</pre>
					
					<h4>examples/DirectDemo</h4>
					<p>
						Result: <b>FAIL</b>
					</p>
					<pre class="pre-scrollable">In file included from /Users/alranel/Documents/git/arduino/arduino-testlib/cli-datadir/user/libraries/AceSegment/examples/DirectDemo/DirectDemo.ino:13:0:
/Users/alranel/Documents/git/arduino/arduino-testlib/cli-datadir/user/libraries/AceCommon/src/AceCommon.h:46:2: error: #error SAMD21 with arduino:samd &gt;= 1.8.10 not supported, https:
 #error SAMD21 with arduino:samd &gt;= 1.8.10 not supported, https://github.com/bxparks/AceCommon/issues/9
  ^~~~~
In file included from /Users/alranel/Documents/git/arduino/arduino-testlib/cli-datadir/user/libraries/AceSegment/examples/DirectDemo/DirectDemo.ino:14:0:
/Users/alranel/Documents/git/arduino/arduino-testlib/cli-datadir/user/libraries/AceSegment/src/AceSegment.h:42:2: error: #error Platforms using ArduinoCore-API not supported
 #error Platforms using ArduinoCore-API not supported
  ^~~~~

</pre>
					
					<h4>examples/DirectFast4Demo</h4>
					<p>
						Result: <b>FAIL</b>
					</p>
					<pre class="pre-scrollable">In file included from /Users/alranel/Documents/git/arduino/arduino-testlib/cli-datadir/user/libraries/AceSegment/examples/DirectFast4Demo/DirectFast4Demo.ino:12:0:
/Users/alranel/Documents/git/arduino/arduino-testlib/cli-datadir/user/libraries/AceCommon/src/AceCommon.h:46:2: error: #error SAMD21 with arduino:samd &gt;= 1.8.10 not supported, https:
 #error SAMD21 with arduino:samd &gt;= 1.8.10 not supported, https://github.com/bxparks/AceCommon/issues/9
  ^~~~~
In file included from /Users/alranel/Documents/git/arduino/arduino-testlib/cli-datadir/user/libraries/AceSegment/examples/DirectFast4Demo/DirectFast4Demo.ino:13:0:
/Users/alranel/Documents/git/arduino/arduino-testlib/cli-datadir/user/libraries/AceSegment/src/AceSegment.h:42:2: error: #error Platforms using ArduinoCore-API not supported
 #error Platforms using ArduinoCore-API not supported
  ^~~~~

</pre>
					
					<h4>examples/Hc595Demo</h4>
					<p>
						Result: <b>FAIL</b>
					</p>
					<pre class="pre-scrollable">In file included from /Users/alranel/Documents/git/arduino/arduino-testlib/cli-datadir/user/libraries/AceSegment/examples/Hc595Demo/Hc595Demo.ino:20:0:
/Users/alranel/Documents/git/arduino/arduino-testlib/cli-datadir/user/libraries/AceCommon/src/AceCommon.h:46:2: error: #error SAMD21 with arduino:samd &gt;= 1.8.10 not supported, https:
 #error SAMD21 with arduino:samd &gt;= 1.8.10 not supported, https://github.com/bxparks/AceCommon/issues/9
  ^~~~~
In file included from /Users/alranel/Documents/git/arduino/arduino-testlib/cli-datadir/user/libraries/AceSegment/examples/Hc595Demo/Hc595Demo.ino:21:0:
/Users/alranel/Documents/git/arduino/arduino-testlib/cli-datadir/user/libraries/AceSPI/src/AceSPI.h:46:2: error: #error Platforms using ArduinoCore-API not supported
 #error Platforms using ArduinoCore-API not supported
  ^~~~~
In file included from /Users/alranel/Documents/git/arduino/arduino-testlib/cli-datadir/user/libraries/AceSegment/examples/Hc595Demo/Hc595Demo.ino:22:0:
/Users/alranel/Documents/git/arduino/arduino-testlib/cli-datadir/user/libraries/AceSegment/src/AceSegment.h:42:2: error: #error Platforms using ArduinoCore-API not supported
 #error Platforms using ArduinoCore-API not supported
  ^~~~~
Multiple libraries were found for &#34;digitalWriteFast.h&#34;
  Used: /Users/alranel/Documents/git/arduino/arduino-testlib/cli-datadir/user/libraries/Talkie
  Not used: /Users/alranel/Documents/git/arduino/arduino-testlib/cli-datadir/user/libraries/AvrTracing
  Not used: /Users/alranel/Documents/git/arduino/arduino-testlib/cli-datadir/user/libraries/ServoEasing
  Not used: /Users/alranel/Documents/git/arduino/arduino-testlib/cli-datadir/user/libraries/IRMP
  Not used: /Users/alranel/Documents/git/arduino/arduino-testlib/cli-datadir/user/libraries/IRremote
  Not used: /Users/alranel/Documents/git/arduino/arduino-testlib/cli-datadir/user/libraries/EasyButtonAtInt01
</pre>
					
					<h4>examples/Hc595InterruptDemo</h4>
					<p>
						Result: <b>FAIL</b>
					</p>
					<pre class="pre-scrollable">In file included from /Users/alranel/Documents/git/arduino/arduino-testlib/cli-datadir/user/libraries/AceSegment/examples/Hc595InterruptDemo/Hc595InterruptDemo.ino:30:0:
/Users/alranel/Documents/git/arduino/arduino-testlib/cli-datadir/user/libraries/AceCommon/src/AceCommon.h:46:2: error: #error SAMD21 with arduino:samd &gt;= 1.8.10 not supported, https:
 #error SAMD21 with arduino:samd &gt;= 1.8.10 not supported, https://github.com/bxparks/AceCommon/issues/9
  ^~~~~
In file included from /Users/alranel/Documents/git/arduino/arduino-testlib/cli-datadir/user/libraries/AceSegment/examples/Hc595InterruptDemo/Hc595InterruptDemo.ino:31:0:
/Users/alranel/Documents/git/arduino/arduino-testlib/cli-datadir/user/libraries/AceSPI/src/AceSPI.h:46:2: error: #error Platforms using ArduinoCore-API not supported
 #error Platforms using ArduinoCore-API not supported
  ^~~~~
In file included from /Users/alranel/Documents/git/arduino/arduino-testlib/cli-datadir/user/libraries/AceSegment/examples/Hc595InterruptDemo/Hc595InterruptDemo.ino:32:0:
/Users/alranel/Documents/git/arduino/arduino-testlib/cli-datadir/user/libraries/AceSegment/src/AceSegment.h:42:2: error: #error Platforms using ArduinoCore-API not supported
 #error Platforms using ArduinoCore-API not supported
  ^~~~~
In file included from /Users/alranel/Documents/git/arduino/arduino-testlib/cli-datadir/user/libraries/AceSegment/examples/Hc595InterruptDemo/Hc595InterruptDemo.ino:33:0:
/Users/alranel/Documents/git/arduino/arduino-testlib/cli-datadir/user/libraries/AIStarter/src/TimerOne.h:39:10: fatal error: avr/io.h: No such file or directory
 #include &lt;avr/io.h&gt;
          ^~~~~~~~~~
compilation terminated.
Multiple libraries were found for &#34;TimerOne.h&#34;
  Used: /Users/alranel/Documents/git/arduino/arduino-testlib/cli-datadir/user/libraries/AIStarter
  Not used: /Users/alranel/Documents/git/arduino/arduino-testlib/cli-datadir/user/libraries/MP3Player
  Not used: /Users/alranel/Documents/git/arduino/arduino-testlib/cli-datadir/user/libraries/TimerOne
  Not used: /Users/alranel/Documents/git/arduino/arduino-testlib/cli-datadir/user/libraries/Volume_3
</pre>
					
					<h4>examples/HelloHc595</h4>
					<p>
						Result: <b>FAIL</b>
					</p>
					<pre class="pre-scrollable">In file included from /Users/alranel/Documents/git/arduino/arduino-testlib/cli-datadir/user/libraries/AceSegment/examples/HelloHc595/HelloHc595.ino:13:0:
/Users/alranel/Documents/git/arduino/arduino-testlib/cli-datadir/user/libraries/AceSPI/src/AceSPI.h:46:2: error: #error Platforms using ArduinoCore-API not supported
 #error Platforms using ArduinoCore-API not supported
  ^~~~~
In file included from /Users/alranel/Documents/git/arduino/arduino-testlib/cli-datadir/user/libraries/AceSegment/examples/HelloHc595/HelloHc595.ino:14:0:
/Users/alranel/Documents/git/arduino/arduino-testlib/cli-datadir/user/libraries/AceSegment/src/AceSegment.h:42:2: error: #error Platforms using ArduinoCore-API not supported
 #error Platforms using ArduinoCore-API not supported
  ^~~~~
In file included from /Users/alranel/Documents/git/arduino/arduino-testlib/cli-datadir/user/libraries/AceSegment/src/ace_segment/scanning/ScanningModule.h:29:0,
                 from /Users/alranel/Documents/git/arduino/arduino-testlib/cli-datadir/user/libraries/AceSegment/src/AceSegment.h:56,
                 from /Users/alranel/Documents/git/arduino/arduino-testlib/cli-datadir/user/libraries/AceSegment/examples/HelloHc595/HelloHc595.ino:14:
/Users/alranel/Documents/git/arduino/arduino-testlib/cli-datadir/user/libraries/AceCommon/src/AceCommon.h:46:2: error: #error SAMD21 with arduino:samd &gt;= 1.8.10 not supported, https:
 #error SAMD21 with arduino:samd &gt;= 1.8.10 not supported, https://github.com/bxparks/AceCommon/issues/9
  ^~~~~

</pre>
					
					<h4>examples/HelloHt16k33</h4>
					<p>
						Result: <b>FAIL</b>
					</p>
					<pre class="pre-scrollable">In file included from /Users/alranel/Documents/git/arduino/arduino-testlib/cli-datadir/user/libraries/AceSegment/examples/HelloHt16k33/HelloHt16k33.ino:10:0:
/Users/alranel/Documents/git/arduino/arduino-testlib/cli-datadir/user/libraries/AceWire/src/AceWire.h:46:2: error: #error Platforms using ArduinoCore-API not supported
 #error Platforms using ArduinoCore-API not supported
  ^~~~~
In file included from /Users/alranel/Documents/git/arduino/arduino-testlib/cli-datadir/user/libraries/AceSegment/examples/HelloHt16k33/HelloHt16k33.ino:11:0:
/Users/alranel/Documents/git/arduino/arduino-testlib/cli-datadir/user/libraries/AceSegment/src/AceSegment.h:42:2: error: #error Platforms using ArduinoCore-API not supported
 #error Platforms using ArduinoCore-API not supported
  ^~~~~
In file included from /Users/alranel/Documents/git/arduino/arduino-testlib/cli-datadir/user/libraries/AceSegment/src/ace_segment/scanning/ScanningModule.h:29:0,
                 from /Users/alranel/Documents/git/arduino/arduino-testlib/cli-datadir/user/libraries/AceSegment/src/AceSegment.h:56,
                 from /Users/alranel/Documents/git/arduino/arduino-testlib/cli-datadir/user/libraries/AceSegment/examples/HelloHt16k33/HelloHt16k33.ino:11:
/Users/alranel/Documents/git/arduino/arduino-testlib/cli-datadir/user/libraries/AceCommon/src/AceCommon.h:46:2: error: #error SAMD21 with arduino:samd &gt;= 1.8.10 not supported, https:
 #error SAMD21 with arduino:samd &gt;= 1.8.10 not supported, https://github.com/bxparks/AceCommon/issues/9
  ^~~~~

</pre>
					
					<h4>examples/HelloMax7219</h4>
					<p>
						Result: <b>FAIL</b>
					</p>
					<pre class="pre-scrollable">In file included from /Users/alranel/Documents/git/arduino/arduino-testlib/cli-datadir/user/libraries/AceSegment/examples/HelloMax7219/HelloMax7219.ino:9:0:
/Users/alranel/Documents/git/arduino/arduino-testlib/cli-datadir/user/libraries/AceSPI/src/AceSPI.h:46:2: error: #error Platforms using ArduinoCore-API not supported
 #error Platforms using ArduinoCore-API not supported
  ^~~~~
In file included from /Users/alranel/Documents/git/arduino/arduino-testlib/cli-datadir/user/libraries/AceSegment/examples/HelloMax7219/HelloMax7219.ino:10:0:
/Users/alranel/Documents/git/arduino/arduino-testlib/cli-datadir/user/libraries/AceSegment/src/AceSegment.h:42:2: error: #error Platforms using ArduinoCore-API not supported
 #error Platforms using ArduinoCore-API not supported
  ^~~~~
In file included from /Users/alranel/Documents/git/arduino/arduino-testlib/cli-datadir/user/libraries/AceSegment/src/ace_segment/scanning/ScanningModule.h:29:0,
                 from /Users/alranel/Documents/git/arduino/arduino-testlib/cli-datadir/user/libraries/AceSegment/src/AceSegment.h:56,
                 from /Users/alranel/Documents/git/arduino/arduino-testlib/cli-datadir/user/libraries/AceSegment/examples/HelloMax7219/HelloMax7219.ino:10:
/Users/alranel/Documents/git/arduino/arduino-testlib/cli-datadir/user/libraries/AceCommon/src/AceCommon.h:46:2: error: #error SAMD21 with arduino:samd &gt;= 1.8.10 not supported, https:
 #error SAMD21 with arduino:samd &gt;= 1.8.10 not supported, https://github.com/bxparks/AceCommon/issues/9
  ^~~~~

</pre>
					
					<h4>examples/HelloTm1637</h4>
					<p>
						Result: <b>FAIL</b>
					</p>
					<pre class="pre-scrollable">In file included from /Users/alranel/Documents/git/arduino/arduino-testlib/cli-datadir/user/libraries/AceSegment/examples/HelloTm1637/HelloTm1637.ino:8:0:
/Users/alranel/Documents/git/arduino/arduino-testlib/cli-datadir/user/libraries/AceTMI/src/AceTMI.h:46:2: error: #error Platforms using ArduinoCore-API not supported
 #error Platforms using ArduinoCore-API not supported
  ^~~~~
In file included from /Users/alranel/Documents/git/arduino/arduino-testlib/cli-datadir/user/libraries/AceSegment/examples/HelloTm1637/HelloTm1637.ino:9:0:
/Users/alranel/Documents/git/arduino/arduino-testlib/cli-datadir/user/libraries/AceSegment/src/AceSegment.h:42:2: error: #error Platforms using ArduinoCore-API not supported
 #error Platforms using ArduinoCore-API not supported
  ^~~~~
In file included from /Users/alranel/Documents/git/arduino/arduino-testlib/cli-datadir/user/libraries/AceSegment/src/ace_segment/scanning/ScanningModule.h:29:0,
                 from /Users/alranel/Documents/git/arduino/arduino-testlib/cli-datadir/user/libraries/AceSegment/src/AceSegment.h:56,
                 from /Users/alranel/Documents/git/arduino/arduino-testlib/cli-datadir/user/libraries/AceSegment/examples/HelloTm1637/HelloTm1637.ino:9:
/Users/alranel/Documents/git/arduino/arduino-testlib/cli-datadir/user/libraries/AceCommon/src/AceCommon.h:46:2: error: #error SAMD21 with arduino:samd &gt;= 1.8.10 not supported, https:
 #error SAMD21 with arduino:samd &gt;= 1.8.10 not supported, https://github.com/bxparks/AceCommon/issues/9
  ^~~~~

</pre>
					
					<h4>examples/HelloTm1638</h4>
					<p>
						Result: <b>FAIL</b>
					</p>
					<pre class="pre-scrollable">In file included from /Users/alranel/Documents/git/arduino/arduino-testlib/cli-datadir/user/libraries/AceSegment/examples/HelloTm1638/HelloTm1638.ino:8:0:
/Users/alranel/Documents/git/arduino/arduino-testlib/cli-datadir/user/libraries/AceTMI/src/AceTMI.h:46:2: error: #error Platforms using ArduinoCore-API not supported
 #error Platforms using ArduinoCore-API not supported
  ^~~~~
In file included from /Users/alranel/Documents/git/arduino/arduino-testlib/cli-datadir/user/libraries/AceSegment/examples/HelloTm1638/HelloTm1638.ino:9:0:
/Users/alranel/Documents/git/arduino/arduino-testlib/cli-datadir/user/libraries/AceSegment/src/AceSegment.h:42:2: error: #error Platforms using ArduinoCore-API not supported
 #error Platforms using ArduinoCore-API not supported
  ^~~~~
In file included from /Users/alranel/Documents/git/arduino/arduino-testlib/cli-datadir/user/libraries/AceSegment/src/ace_segment/scanning/ScanningModule.h:29:0,
                 from /Users/alranel/Documents/git/arduino/arduino-testlib/cli-datadir/user/libraries/AceSegment/src/AceSegment.h:56,
                 from /Users/alranel/Documents/git/arduino/arduino-testlib/cli-datadir/user/libraries/AceSegment/examples/HelloTm1638/HelloTm1638.ino:9:
/Users/alranel/Documents/git/arduino/arduino-testlib/cli-datadir/user/libraries/AceCommon/src/AceCommon.h:46:2: error: #error SAMD21 with arduino:samd &gt;= 1.8.10 not supported, https:
 #error SAMD21 with arduino:samd &gt;= 1.8.10 not supported, https://github.com/bxparks/AceCommon/issues/9
  ^~~~~

</pre>
					
					<h4>examples/Ht16k33Demo</h4>
					<p>
						Result: <b>FAIL</b>
					</p>
					<pre class="pre-scrollable">In file included from /Users/alranel/Documents/git/arduino/arduino-testlib/cli-datadir/user/libraries/AIStarter/src/E2PROM.h:4:0,
                 from /Users/alranel/Documents/git/arduino/arduino-testlib/cli-datadir/user/libraries/AIStarter/src/E2PROM.cpp:1:
/Users/alranel/Documents/git/arduino/arduino-testlib/cli-datadir/user/libraries/Hello_Drum/src/EEPROM.h:25:10: fatal error: avr/eeprom.h: No such file or directory
 #include &lt;avr/eeprom.h&gt;
          ^~~~~~~~~~~~~~
compilation terminated.
Multiple libraries were found for &#34;SoftI2CMaster.h&#34;
  Used: /Users/alranel/Documents/git/arduino/arduino-testlib/cli-datadir/user/libraries/AIStarter
  Not used: /Users/alranel/Documents/git/arduino/arduino-testlib/cli-datadir/user/libraries/SoftI2CMaster
  Not used: /Users/alranel/Documents/git/arduino/arduino-testlib/cli-datadir/user/libraries/NanoPlayBoard
Multiple libraries were found for &#34;EEPROM.h&#34;
  Used: /Users/alranel/Documents/git/arduino/arduino-testlib/cli-datadir/user/libraries/Hello_Drum
  Not used: /Users/alranel/Documents/git/arduino/arduino-testlib/cli-datadir/user/libraries/arduino-NVM
</pre>
					
					<h4>examples/HybridDemo</h4>
					<p>
						Result: <b>FAIL</b>
					</p>
					<pre class="pre-scrollable">In file included from /Users/alranel/Documents/git/arduino/arduino-testlib/cli-datadir/user/libraries/AceSegment/examples/HybridDemo/HybridDemo.ino:14:0:
/Users/alranel/Documents/git/arduino/arduino-testlib/cli-datadir/user/libraries/AceCommon/src/AceCommon.h:46:2: error: #error SAMD21 with arduino:samd &gt;= 1.8.10 not supported, https:
 #error SAMD21 with arduino:samd &gt;= 1.8.10 not supported, https://github.com/bxparks/AceCommon/issues/9
  ^~~~~
In file included from /Users/alranel/Documents/git/arduino/arduino-testlib/cli-datadir/user/libraries/AceSegment/examples/HybridDemo/HybridDemo.ino:15:0:
/Users/alranel/Documents/git/arduino/arduino-testlib/cli-datadir/user/libraries/AceSPI/src/AceSPI.h:46:2: error: #error Platforms using ArduinoCore-API not supported
 #error Platforms using ArduinoCore-API not supported
  ^~~~~
In file included from /Users/alranel/Documents/git/arduino/arduino-testlib/cli-datadir/user/libraries/AceSegment/examples/HybridDemo/HybridDemo.ino:16:0:
/Users/alranel/Documents/git/arduino/arduino-testlib/cli-datadir/user/libraries/AceSegment/src/AceSegment.h:42:2: error: #error Platforms using ArduinoCore-API not supported
 #error Platforms using ArduinoCore-API not supported
  ^~~~~

</pre>
					
					<h4>examples/Max7219Demo</h4>
					<p>
						Result: <b>FAIL</b>
					</p>
					<pre class="pre-scrollable">In file included from /Users/alranel/Documents/git/arduino/arduino-testlib/cli-datadir/user/libraries/AceSegment/examples/Max7219Demo/Max7219Demo.ino:17:0:
/Users/alranel/Documents/git/arduino/arduino-testlib/cli-datadir/user/libraries/AceCommon/src/AceCommon.h:46:2: error: #error SAMD21 with arduino:samd &gt;= 1.8.10 not supported, https:
 #error SAMD21 with arduino:samd &gt;= 1.8.10 not supported, https://github.com/bxparks/AceCommon/issues/9
  ^~~~~
In file included from /Users/alranel/Documents/git/arduino/arduino-testlib/cli-datadir/user/libraries/AceSegment/examples/Max7219Demo/Max7219Demo.ino:18:0:
/Users/alranel/Documents/git/arduino/arduino-testlib/cli-datadir/user/libraries/AceSPI/src/AceSPI.h:46:2: error: #error Platforms using ArduinoCore-API not supported
 #error Platforms using ArduinoCore-API not supported
  ^~~~~
In file included from /Users/alranel/Documents/git/arduino/arduino-testlib/cli-datadir/user/libraries/AceSegment/examples/Max7219Demo/Max7219Demo.ino:19:0:
/Users/alranel/Documents/git/arduino/arduino-testlib/cli-datadir/user/libraries/AceSegment/src/AceSegment.h:42:2: error: #error Platforms using ArduinoCore-API not supported
 #error Platforms using ArduinoCore-API not supported
  ^~~~~
Multiple libraries were found for &#34;digitalWriteFast.h&#34;
  Used: /Users/alranel/Documents/git/arduino/arduino-testlib/cli-datadir/user/libraries/Talkie
  Not used: /Users/alranel/Documents/git/arduino/arduino-testlib/cli-datadir/user/libraries/EasyButtonAtInt01
  Not used: /Users/alranel/Documents/git/arduino/arduino-testlib/cli-datadir/user/libraries/IRMP
  Not used: /Users/alranel/Documents/git/arduino/arduino-testlib/cli-datadir/user/libraries/ServoEasing
  Not used: /Users/alranel/Documents/git/arduino/arduino-testlib/cli-datadir/user/libraries/IRremote
  Not used: /Users/alranel/Documents/git/arduino/arduino-testlib/cli-datadir/user/libraries/AvrTracing
</pre>
					
					<h4>examples/MemoryBenchmark</h4>
					<p>
						Result: <b>PASS</b>
					</p>
					<pre class="pre-scrollable">Sketch uses 12168 bytes (4%) of program storage space. Maximum is 262144 bytes.
Global variables use 3000 bytes (9%) of dynamic memory, leaving 29768 bytes for local variables. Maximum is 32768 bytes.
</pre>
					
					<h4>examples/ModulatingDemo</h4>
					<p>
						Result: <b>FAIL</b>
					</p>
					<pre class="pre-scrollable">In file included from /Users/alranel/Documents/git/arduino/arduino-testlib/cli-datadir/user/libraries/AceSegment/examples/ModulatingDemo/ModulatingDemo.ino:20:0:
/Users/alranel/Documents/git/arduino/arduino-testlib/cli-datadir/user/libraries/AceCommon/src/AceCommon.h:46:2: error: #error SAMD21 with arduino:samd &gt;= 1.8.10 not supported, https:
 #error SAMD21 with arduino:samd &gt;= 1.8.10 not supported, https://github.com/bxparks/AceCommon/issues/9
  ^~~~~
In file included from /Users/alranel/Documents/git/arduino/arduino-testlib/cli-datadir/user/libraries/AceSegment/examples/ModulatingDemo/ModulatingDemo.ino:21:0:
/Users/alranel/Documents/git/arduino/arduino-testlib/cli-datadir/user/libraries/AceSPI/src/AceSPI.h:46:2: error: #error Platforms using ArduinoCore-API not supported
 #error Platforms using ArduinoCore-API not supported
  ^~~~~
In file included from /Users/alranel/Documents/git/arduino/arduino-testlib/cli-datadir/user/libraries/AceSegment/examples/ModulatingDemo/ModulatingDemo.ino:22:0:
/Users/alranel/Documents/git/arduino/arduino-testlib/cli-datadir/user/libraries/AceSegment/src/AceSegment.h:42:2: error: #error Platforms using ArduinoCore-API not supported
 #error Platforms using ArduinoCore-API not supported
  ^~~~~

</pre>
					
					<h4>examples/ScanningDemo</h4>
					<p>
						Result: <b>FAIL</b>
					</p>
					<pre class="pre-scrollable">In file included from /Users/alranel/Documents/git/arduino/arduino-testlib/cli-datadir/user/libraries/AceSegment/examples/ScanningDemo/ScanningDemo.ino:17:0:
/Users/alranel/Documents/git/arduino/arduino-testlib/cli-datadir/user/libraries/AceCommon/src/AceCommon.h:46:2: error: #error SAMD21 with arduino:samd &gt;= 1.8.10 not supported, https:
 #error SAMD21 with arduino:samd &gt;= 1.8.10 not supported, https://github.com/bxparks/AceCommon/issues/9
  ^~~~~
In file included from /Users/alranel/Documents/git/arduino/arduino-testlib/cli-datadir/user/libraries/AceSegment/examples/ScanningDemo/ScanningDemo.ino:18:0:
/Users/alranel/Documents/git/arduino/arduino-testlib/cli-datadir/user/libraries/AceSPI/src/AceSPI.h:46:2: error: #error Platforms using ArduinoCore-API not supported
 #error Platforms using ArduinoCore-API not supported
  ^~~~~
In file included from /Users/alranel/Documents/git/arduino/arduino-testlib/cli-datadir/user/libraries/AceSegment/examples/ScanningDemo/ScanningDemo.ino:19:0:
/Users/alranel/Documents/git/arduino/arduino-testlib/cli-datadir/user/libraries/AceSegment/src/AceSegment.h:42:2: error: #error Platforms using ArduinoCore-API not supported
 #error Platforms using ArduinoCore-API not supported
  ^~~~~

</pre>
					
					<h4>examples/Tm1637Demo</h4>
					<p>
						Result: <b>FAIL</b>
					</p>
					<pre class="pre-scrollable">In file included from /Users/alranel/Documents/git/arduino/arduino-testlib/cli-datadir/user/libraries/AceSegment/examples/Tm1637Demo/Tm1637Demo.ino:17:0:
/Users/alranel/Documents/git/arduino/arduino-testlib/cli-datadir/user/libraries/AceCommon/src/AceCommon.h:46:2: error: #error SAMD21 with arduino:samd &gt;= 1.8.10 not supported, https:
 #error SAMD21 with arduino:samd &gt;= 1.8.10 not supported, https://github.com/bxparks/AceCommon/issues/9
  ^~~~~
In file included from /Users/alranel/Documents/git/arduino/arduino-testlib/cli-datadir/user/libraries/AceSegment/examples/Tm1637Demo/Tm1637Demo.ino:18:0:
/Users/alranel/Documents/git/arduino/arduino-testlib/cli-datadir/user/libraries/AceTMI/src/AceTMI.h:46:2: error: #error Platforms using ArduinoCore-API not supported
 #error Platforms using ArduinoCore-API not supported
  ^~~~~
In file included from /Users/alranel/Documents/git/arduino/arduino-testlib/cli-datadir/user/libraries/AceSegment/examples/Tm1637Demo/Tm1637Demo.ino:19:0:
/Users/alranel/Documents/git/arduino/arduino-testlib/cli-datadir/user/libraries/AceSegment/src/AceSegment.h:42:2: error: #error Platforms using ArduinoCore-API not supported
 #error Platforms using ArduinoCore-API not supported
  ^~~~~
Multiple libraries were found for &#34;digitalWriteFast.h&#34;
  Used: /Users/alranel/Documents/git/arduino/arduino-testlib/cli-datadir/user/libraries/Talkie
  Not used: /Users/alranel/Documents/git/arduino/arduino-testlib/cli-datadir/user/libraries/ServoEasing
  Not used: /Users/alranel/Documents/git/arduino/arduino-testlib/cli-datadir/user/libraries/IRMP
  Not used: /Users/alranel/Documents/git/arduino/arduino-testlib/cli-datadir/user/libraries/EasyButtonAtInt01
  Not used: /Users/alranel/Documents/git/arduino/arduino-testlib/cli-datadir/user/libraries/AvrTracing
  Not used: /Users/alranel/Documents/git/arduino/arduino-testlib/cli-datadir/user/libraries/IRremote
</pre>
					
					<h4>examples/Tm1637DualDemo</h4>
					<p>
						Result: <b>FAIL</b>
					</p>
					<pre class="pre-scrollable">In file included from /Users/alranel/Documents/git/arduino/arduino-testlib/cli-datadir/user/libraries/AceSegment/examples/Tm1637DualDemo/Tm1637DualDemo.ino:17:0:
/Users/alranel/Documents/git/arduino/arduino-testlib/cli-datadir/user/libraries/AceCommon/src/AceCommon.h:46:2: error: #error SAMD21 with arduino:samd &gt;= 1.8.10 not supported, https:
 #error SAMD21 with arduino:samd &gt;= 1.8.10 not supported, https://github.com/bxparks/AceCommon/issues/9
  ^~~~~
In file included from /Users/alranel/Documents/git/arduino/arduino-testlib/cli-datadir/user/libraries/AceSegment/examples/Tm1637DualDemo/Tm1637DualDemo.ino:18:0:
/Users/alranel/Documents/git/arduino/arduino-testlib/cli-datadir/user/libraries/AceTMI/src/AceTMI.h:46:2: error: #error Platforms using ArduinoCore-API not supported
 #error Platforms using ArduinoCore-API not supported
  ^~~~~
In file included from /Users/alranel/Documents/git/arduino/arduino-testlib/cli-datadir/user/libraries/AceSegment/examples/Tm1637DualDemo/Tm1637DualDemo.ino:19:0:
/Users/alranel/Documents/git/arduino/arduino-testlib/cli-datadir/user/libraries/AceSegment/src/AceSegment.h:42:2: error: #error Platforms using ArduinoCore-API not supported
 #error Platforms using ArduinoCore-API not supported
  ^~~~~

</pre>
					
					<h4>examples/Tm1638Demo</h4>
					<p>
						Result: <b>FAIL</b>
					</p>
					<pre class="pre-scrollable">In file included from /Users/alranel/Documents/git/arduino/arduino-testlib/cli-datadir/user/libraries/AceSegment/examples/Tm1638Demo/Tm1638Demo.ino:15:0:
/Users/alranel/Documents/git/arduino/arduino-testlib/cli-datadir/user/libraries/AceCommon/src/AceCommon.h:46:2: error: #error SAMD21 with arduino:samd &gt;= 1.8.10 not supported, https:
 #error SAMD21 with arduino:samd &gt;= 1.8.10 not supported, https://github.com/bxparks/AceCommon/issues/9
  ^~~~~
In file included from /Users/alranel/Documents/git/arduino/arduino-testlib/cli-datadir/user/libraries/AceSegment/examples/Tm1638Demo/Tm1638Demo.ino:16:0:
/Users/alranel/Documents/git/arduino/arduino-testlib/cli-datadir/user/libraries/AceTMI/src/AceTMI.h:46:2: error: #error Platforms using ArduinoCore-API not supported
 #error Platforms using ArduinoCore-API not supported
  ^~~~~
In file included from /Users/alranel/Documents/git/arduino/arduino-testlib/cli-datadir/user/libraries/AceSegment/examples/Tm1638Demo/Tm1638Demo.ino:17:0:
/Users/alranel/Documents/git/arduino/arduino-testlib/cli-datadir/user/libraries/AceSegment/src/AceSegment.h:42:2: error: #error Platforms using ArduinoCore-API not supported
 #error Platforms using ArduinoCore-API not supported
  ^~~~~
Multiple libraries were found for &#34;digitalWriteFast.h&#34;
  Used: /Users/alranel/Documents/git/arduino/arduino-testlib/cli-datadir/user/libraries/Talkie
  Not used: /Users/alranel/Documents/git/arduino/arduino-testlib/cli-datadir/user/libraries/EasyButtonAtInt01
  Not used: /Users/alranel/Documents/git/arduino/arduino-testlib/cli-datadir/user/libraries/AvrTracing
  Not used: /Users/alranel/Documents/git/arduino/arduino-testlib/cli-datadir/user/libraries/ServoEasing
  Not used: /Users/alranel/Documents/git/arduino/arduino-testlib/cli-datadir/user/libraries/IRMP
  Not used: /Users/alranel/Documents/git/arduino/arduino-testlib/cli-datadir/user/libraries/IRremote
</pre>
					
				
				<h3 id="esp32:esp32:d1_mini32">esp32:esp32:d1_mini32 @ 1.0.6</h3>
				<h4>Inclusion</h4>
				<p>
					Result: <b>PASS</b>
					
				</p>
				<pre class="pre-scrollable">Sketch uses 198064 bytes (15%) of program storage space. Maximum is 1310720 bytes.
Global variables use 13316 bytes (4%) of dynamic memory, leaving 314364 bytes for local variables. Maximum is 327680 bytes.
</pre>

					
					<h4>examples/AutoBenchmark</h4>
					<p>
						Result: <b>PASS</b>
					</p>
					<pre class="pre-scrollable">Sketch uses 227910 bytes (17%) of program storage space. Maximum is 1310720 bytes.
Global variables use 14456 bytes (4%) of dynamic memory, leaving 313224 bytes for local variables. Maximum is 327680 bytes.
</pre>
					
					<h4>examples/DirectDemo</h4>
					<p>
						Result: <b>PASS</b>
					</p>
					<pre class="pre-scrollable">Sketch uses 200110 bytes (15%) of program storage space. Maximum is 1310720 bytes.
Global variables use 13552 bytes (4%) of dynamic memory, leaving 314128 bytes for local variables. Maximum is 327680 bytes.
</pre>
					
					<h4>examples/DirectFast4Demo</h4>
					<p>
						Result: <b>FAIL</b>
					</p>
					<pre class="pre-scrollable">/home/ec2-user/arduino-testlib/cli-datadir/user/libraries/AceSegment/examples/DirectFast4Demo/DirectFast4Demo.ino:23:20: error: &#39;ace_segment::DirectFast4Module&#39; has not been declared
 using ace_segment::DirectFast4Module;
                    ^
/home/ec2-user/arduino-testlib/cli-datadir/user/libraries/AceSegment/examples/DirectFast4Demo/DirectFast4Demo.ino:71:1: error: &#39;DirectFast4Module&#39; does not name a type
 DirectFast4Module&lt;
 ^
/home/ec2-user/arduino-testlib/cli-datadir/user/libraries/AceSegment/examples/DirectFast4Demo/DirectFast4Demo.ino: In function &#39;void setupAceSegment()&#39;:
/home/ec2-user/arduino-testlib/cli-datadir/user/libraries/AceSegment/examples/DirectFast4Demo/DirectFast4Demo.ino:90:3: error: &#39;ledModule&#39; was not declared in this scope
   ledModule.begin();
   ^
/home/ec2-user/arduino-testlib/cli-datadir/user/libraries/AceSegment/examples/DirectFast4Demo/DirectFast4Demo.ino: In function &#39;void updateDisplay()&#39;:
/home/ec2-user/arduino-testlib/cli-datadir/user/libraries/AceSegment/examples/DirectFast4Demo/DirectFast4Demo.ino:111:7: error: &#39;ledModule&#39; was not declared in this scope
       ledModule.setPatternAt(i, pattern);
       ^
/home/ec2-user/arduino-testlib/cli-datadir/user/libraries/AceSegment/examples/DirectFast4Demo/DirectFast4Demo.ino:118:5: error: &#39;ledModule&#39; was not declared in this scope
     ledModule.setBrightness(brightness);
     ^
/home/ec2-user/arduino-testlib/cli-datadir/user/libraries/AceSegment/examples/DirectFast4Demo/DirectFast4Demo.ino: In function &#39;void flushModule()&#39;:
/home/ec2-user/arduino-testlib/cli-datadir/user/libraries/AceSegment/examples/DirectFast4Demo/DirectFast4Demo.ino:142:3: error: &#39;ledModule&#39; was not declared in this scope
   ledModule.renderFieldWhenReady();
   ^

</pre>
					
					<h4>examples/Hc595Demo</h4>
					<p>
						Result: <b>PASS</b>
					</p>
					<pre class="pre-scrollable">Sketch uses 203714 bytes (15%) of program storage space. Maximum is 1310720 bytes.
Global variables use 13728 bytes (4%) of dynamic memory, leaving 313952 bytes for local variables. Maximum is 327680 bytes.
</pre>
					
					<h4>examples/Hc595InterruptDemo</h4>
					<p>
						Result: <b>FAIL</b>
					</p>
					<pre class="pre-scrollable">In file included from /home/ec2-user/arduino-testlib/cli-datadir/user/libraries/AceSegment/examples/Hc595InterruptDemo/Hc595InterruptDemo.ino:33:0:
/home/ec2-user/arduino-testlib/cli-datadir/user/libraries/AIStarter/src/TimerOne.h:39:20: fatal error: avr/io.h: No such file or directory
compilation terminated.
Multiple libraries were found for &#34;TimerOne.h&#34;
  Used: /home/ec2-user/arduino-testlib/cli-datadir/user/libraries/AIStarter
  Not used: /home/ec2-user/arduino-testlib/cli-datadir/user/libraries/MP3Player
  Not used: /home/ec2-user/arduino-testlib/cli-datadir/user/libraries/TimerOne
  Not used: /home/ec2-user/arduino-testlib/cli-datadir/user/libraries/Volume_3
</pre>
					
					<h4>examples/HelloHc595</h4>
					<p>
						Result: <b>PASS</b>
					</p>
					<pre class="pre-scrollable">Sketch uses 202798 bytes (15%) of program storage space. Maximum is 1310720 bytes.
Global variables use 13640 bytes (4%) of dynamic memory, leaving 314040 bytes for local variables. Maximum is 327680 bytes.
</pre>
					
					<h4>examples/HelloHt16k33</h4>
					<p>
						Result: <b>PASS</b>
					</p>
					<pre class="pre-scrollable">Sketch uses 209166 bytes (15%) of program storage space. Maximum is 1310720 bytes.
Global variables use 14248 bytes (4%) of dynamic memory, leaving 313432 bytes for local variables. Maximum is 327680 bytes.
</pre>
					
					<h4>examples/HelloMax7219</h4>
					<p>
						Result: <b>PASS</b>
					</p>
					<pre class="pre-scrollable">Sketch uses 202590 bytes (15%) of program storage space. Maximum is 1310720 bytes.
Global variables use 13600 bytes (4%) of dynamic memory, leaving 314080 bytes for local variables. Maximum is 327680 bytes.
</pre>
					
					<h4>examples/HelloTm1637</h4>
					<p>
						Result: <b>PASS</b>
					</p>
					<pre class="pre-scrollable">Sketch uses 199942 bytes (15%) of program storage space. Maximum is 1310720 bytes.
Global variables use 13512 bytes (4%) of dynamic memory, leaving 314168 bytes for local variables. Maximum is 327680 bytes.
</pre>
					
					<h4>examples/HelloTm1638</h4>
					<p>
						Result: <b>PASS</b>
					</p>
					<pre class="pre-scrollable">Sketch uses 199818 bytes (15%) of program storage space. Maximum is 1310720 bytes.
Global variables use 13520 bytes (4%) of dynamic memory, leaving 314160 bytes for local variables. Maximum is 327680 bytes.
</pre>
					
					<h4>examples/Ht16k33Demo</h4>
					<p>
						Result: <b>FAIL</b>
					</p>
					<pre class="pre-scrollable">/home/ec2-user/arduino-testlib/cli-datadir/user/libraries/AIStarter/src/Beep.cpp:1:21: fatal error: arduino.h: No such file or directory
compilation terminated.
Multiple libraries were found for &#34;SoftI2CMaster.h&#34;
  Used: /home/ec2-user/arduino-testlib/cli-datadir/user/libraries/AIStarter
  Not used: /home/ec2-user/arduino-testlib/cli-datadir/user/libraries/SoftI2CMaster
  Not used: /home/ec2-user/arduino-testlib/cli-datadir/user/libraries/NanoPlayBoard
</pre>
					
					<h4>examples/HybridDemo</h4>
					<p>
						Result: <b>FAIL</b>
					</p>
					<pre class="pre-scrollable">/home/ec2-user/arduino-testlib/cli-datadir/user/libraries/AceSegment/examples/HybridDemo/HybridDemo.ino:29:16: error: &#39;ace_spi::SimpleSpiFastInterface&#39; has not been declared
 using ace_spi::SimpleSpiFastInterface;
                ^
/home/ec2-user/arduino-testlib/cli-datadir/user/libraries/AceSegment/examples/HybridDemo/HybridDemo.ino:30:16: error: &#39;ace_spi::HardSpiFastInterface&#39; has not been declared
 using ace_spi::HardSpiFastInterface;
                ^
/home/ec2-user/arduino-testlib/cli-datadir/user/libraries/AceSegment/examples/HybridDemo/HybridDemo.ino:110:24: error: &#39;HardSpiFastInterface&#39; does not name a type
   using SpiInterface = HardSpiFastInterface&lt;SPIClass, LATCH_PIN&gt;;
                        ^
/home/ec2-user/arduino-testlib/cli-datadir/user/libraries/AceSegment/examples/HybridDemo/HybridDemo.ino:111:3: error: &#39;SpiInterface&#39; does not name a type
   SpiInterface spiInterface(spiInstance);
   ^
/home/ec2-user/arduino-testlib/cli-datadir/user/libraries/AceSegment/examples/HybridDemo/HybridDemo.ino:117:14: error: &#39;SpiInterface&#39; was not declared in this scope
 HybridModule&lt;SpiInterface, NUM_DIGITS, NUM_SUBFIELDS&gt; ledModule(
              ^
/home/ec2-user/arduino-testlib/cli-datadir/user/libraries/AceSegment/examples/HybridDemo/HybridDemo.ino:117:53: error: template argument 1 is invalid
 HybridModule&lt;SpiInterface, NUM_DIGITS, NUM_SUBFIELDS&gt; ledModule(
                                                     ^
/home/ec2-user/arduino-testlib/cli-datadir/user/libraries/AceSegment/examples/HybridDemo/HybridDemo.ino:118:5: error: &#39;spiInterface&#39; was not declared in this scope
     spiInterface,
     ^
/home/ec2-user/arduino-testlib/cli-datadir/user/libraries/AceSegment/examples/HybridDemo/HybridDemo.ino:123:1: error: expression list treated as compound expression in initializer [-fpermissive]
 );
 ^
/home/ec2-user/arduino-testlib/cli-datadir/user/libraries/AceSegment/examples/HybridDemo/HybridDemo.ino: In function &#39;void setupAceSegment()&#39;:
/home/ec2-user/arduino-testlib/cli-datadir/user/libraries/AceSegment/examples/HybridDemo/HybridDemo.ino:139:3: error: &#39;spiInterface&#39; was not declared in this scope
   spiInterface.begin();
   ^
/home/ec2-user/arduino-testlib/cli-datadir/user/libraries/AceSegment/examples/HybridDemo/HybridDemo.ino:140:13: error: request for member &#39;begin&#39; in &#39;ledModule&#39;, which is of non-class type &#39;int&#39;
   ledModule.begin();
             ^
/home/ec2-user/arduino-testlib/cli-datadir/user/libraries/AceSegment/examples/HybridDemo/HybridDemo.ino: In function &#39;void updateDisplay()&#39;:
/home/ec2-user/arduino-testlib/cli-datadir/user/libraries/AceSegment/examples/HybridDemo/HybridDemo.ino:168:17: error: request for member &#39;setPatternAt&#39; in &#39;ledModule&#39;, which is of non-class type &#39;int&#39;
       ledModule.setPatternAt(i, pattern);
                 ^
/home/ec2-user/arduino-testlib/cli-datadir/user/libraries/AceSegment/examples/HybridDemo/HybridDemo.ino:175:15: error: request for member &#39;setBrightness&#39; in &#39;ledModule&#39;, which is of non-class type &#39;int&#39;
     ledModule.setBrightness(brightness);
               ^
/home/ec2-user/arduino-testlib/cli-datadir/user/libraries/AceSegment/examples/HybridDemo/HybridDemo.ino: In function &#39;void flushModule()&#39;:
/home/ec2-user/arduino-testlib/cli-datadir/user/libraries/AceSegment/examples/HybridDemo/HybridDemo.ino:199:13: error: request for member &#39;renderFieldWhenReady&#39; in &#39;ledModule&#39;, which is of non-class type &#39;int&#39;
   ledModule.renderFieldWhenReady();
             ^

</pre>
					
					<h4>examples/Max7219Demo</h4>
					<p>
						Result: <b>PASS</b>
					</p>
					<pre class="pre-scrollable">Sketch uses 203690 bytes (15%) of program storage space. Maximum is 1310720 bytes.
Global variables use 13696 bytes (4%) of dynamic memory, leaving 313984 bytes for local variables. Maximum is 327680 bytes.
</pre>
					
					<h4>examples/MemoryBenchmark</h4>
					<p>
						Result: <b>PASS</b>
					</p>
					<pre class="pre-scrollable">Sketch uses 197748 bytes (15%) of program storage space. Maximum is 1310720 bytes.
Global variables use 13084 bytes (3%) of dynamic memory, leaving 314596 bytes for local variables. Maximum is 327680 bytes.
</pre>
					
					<h4>examples/ModulatingDemo</h4>
					<p>
						Result: <b>FAIL</b>
					</p>
					<pre class="pre-scrollable">/home/ec2-user/arduino-testlib/cli-datadir/user/libraries/AceSegment/examples/ModulatingDemo/ModulatingDemo.ino:335:26: error: &#39;HardSpiFastInterface&#39; does not name a type
     using SpiInterface = HardSpiFastInterface&lt;SPIClass, LATCH_PIN&gt;;
                          ^
/home/ec2-user/arduino-testlib/cli-datadir/user/libraries/AceSegment/examples/ModulatingDemo/ModulatingDemo.ino:336:5: error: &#39;SpiInterface&#39; does not name a type
     SpiInterface spiInterface(SPI);
     ^
/home/ec2-user/arduino-testlib/cli-datadir/user/libraries/AceSegment/examples/ModulatingDemo/ModulatingDemo.ino:338:15: error: &#39;SpiInterface&#39; was not declared in this scope
   Hc595Module&lt;SpiInterface, NUM_DIGITS, NUM_SUBFIELDS&gt; ledModule(
               ^
/home/ec2-user/arduino-testlib/cli-datadir/user/libraries/AceSegment/examples/ModulatingDemo/ModulatingDemo.ino:338:54: error: template argument 1 is invalid
   Hc595Module&lt;SpiInterface, NUM_DIGITS, NUM_SUBFIELDS&gt; ledModule(
                                                      ^
/home/ec2-user/arduino-testlib/cli-datadir/user/libraries/AceSegment/examples/ModulatingDemo/ModulatingDemo.ino:339:7: error: &#39;spiInterface&#39; was not declared in this scope
       spiInterface,
       ^
/home/ec2-user/arduino-testlib/cli-datadir/user/libraries/AceSegment/examples/ModulatingDemo/ModulatingDemo.ino:345:3: error: expression list treated as compound expression in initializer [-fpermissive]
   );
   ^
/home/ec2-user/arduino-testlib/cli-datadir/user/libraries/AceSegment/examples/ModulatingDemo/ModulatingDemo.ino: In function &#39;void setupAceSegment()&#39;:
/home/ec2-user/arduino-testlib/cli-datadir/user/libraries/AceSegment/examples/ModulatingDemo/ModulatingDemo.ino:362:3: error: &#39;spiInterface&#39; was not declared in this scope
   spiInterface.begin();
   ^
/home/ec2-user/arduino-testlib/cli-datadir/user/libraries/AceSegment/examples/ModulatingDemo/ModulatingDemo.ino:365:13: error: request for member &#39;begin&#39; in &#39;ledModule&#39;, which is of non-class type &#39;int&#39;
   ledModule.begin();
             ^
/home/ec2-user/arduino-testlib/cli-datadir/user/libraries/AceSegment/examples/ModulatingDemo/ModulatingDemo.ino:366:13: error: request for member &#39;setBrightness&#39; in &#39;ledModule&#39;, which is of non-class type &#39;int&#39;
   ledModule.setBrightness(1); // 0-1
             ^
/home/ec2-user/arduino-testlib/cli-datadir/user/libraries/AceSegment/examples/ModulatingDemo/ModulatingDemo.ino: In function &#39;void setupPulseDisplay()&#39;:
/home/ec2-user/arduino-testlib/cli-datadir/user/libraries/AceSegment/examples/ModulatingDemo/ModulatingDemo.ino:375:15: error: request for member &#39;setPatternAt&#39; in &#39;ledModule&#39;, which is of non-class type &#39;int&#39;
     ledModule.setPatternAt(i, PATTERNS[i]);
               ^
/home/ec2-user/arduino-testlib/cli-datadir/user/libraries/AceSegment/examples/ModulatingDemo/ModulatingDemo.ino: In function &#39;void setBrightnesses(int)&#39;:
/home/ec2-user/arduino-testlib/cli-datadir/user/libraries/AceSegment/examples/ModulatingDemo/ModulatingDemo.ino:383:15: error: request for member &#39;setBrightnessAt&#39; in &#39;ledModule&#39;, which is of non-class type &#39;int&#39;
     ledModule.setBrightnessAt(i, brightness);
               ^
/home/ec2-user/arduino-testlib/cli-datadir/user/libraries/AceSegment/examples/ModulatingDemo/ModulatingDemo.ino: In function &#39;void flushModule()&#39;:
/home/ec2-user/arduino-testlib/cli-datadir/user/libraries/AceSegment/examples/ModulatingDemo/ModulatingDemo.ino:401:13: error: request for member &#39;renderFieldWhenReady&#39; in &#39;ledModule&#39;, which is of non-class type &#39;int&#39;
   ledModule.renderFieldWhenReady();
             ^

</pre>
					
					<h4>examples/ScanningDemo</h4>
					<p>
						Result: <b>FAIL</b>
					</p>
					<pre class="pre-scrollable">/home/ec2-user/arduino-testlib/cli-datadir/user/libraries/AceSegment/examples/ScanningDemo/ScanningDemo.ino:37:20: error: &#39;ace_segment::LedMatrixDirectFast4&#39; has not been declared
 using ace_segment::LedMatrixDirectFast4;
                    ^
/home/ec2-user/arduino-testlib/cli-datadir/user/libraries/AceSegment/examples/ScanningDemo/ScanningDemo.ino:148:21: error: &#39;LedMatrixDirectFast4&#39; does not name a type
   using LedMatrix = LedMatrixDirectFast4&lt;
                     ^
/home/ec2-user/arduino-testlib/cli-datadir/user/libraries/AceSegment/examples/ScanningDemo/ScanningDemo.ino:152:3: error: &#39;LedMatrix&#39; does not name a type
   LedMatrix ledMatrix(
   ^
/home/ec2-user/arduino-testlib/cli-datadir/user/libraries/AceSegment/examples/ScanningDemo/ScanningDemo.ino:255:16: error: &#39;LedMatrix&#39; was not declared in this scope
 ScanningModule&lt;LedMatrix, NUM_DIGITS, NUM_SUBFIELDS&gt;
                ^
/home/ec2-user/arduino-testlib/cli-datadir/user/libraries/AceSegment/examples/ScanningDemo/ScanningDemo.ino:255:52: error: template argument 1 is invalid
 ScanningModule&lt;LedMatrix, NUM_DIGITS, NUM_SUBFIELDS&gt;
                                                    ^
/home/ec2-user/arduino-testlib/cli-datadir/user/libraries/AceSegment/examples/ScanningDemo/ScanningDemo.ino:256:15: error: &#39;ledMatrix&#39; was not declared in this scope
     ledModule(ledMatrix, FRAMES_PER_SECOND);
               ^
/home/ec2-user/arduino-testlib/cli-datadir/user/libraries/AceSegment/examples/ScanningDemo/ScanningDemo.ino:256:43: error: expression list treated as compound expression in initializer [-fpermissive]
     ledModule(ledMatrix, FRAMES_PER_SECOND);
                                           ^
/home/ec2-user/arduino-testlib/cli-datadir/user/libraries/AceSegment/examples/ScanningDemo/ScanningDemo.ino: In function &#39;void setupAceSegment()&#39;:
/home/ec2-user/arduino-testlib/cli-datadir/user/libraries/AceSegment/examples/ScanningDemo/ScanningDemo.ino:285:3: error: &#39;ledMatrix&#39; was not declared in this scope
   ledMatrix.begin();
   ^
/home/ec2-user/arduino-testlib/cli-datadir/user/libraries/AceSegment/examples/ScanningDemo/ScanningDemo.ino:286:13: error: request for member &#39;begin&#39; in &#39;ledModule&#39;, which is of non-class type &#39;int&#39;
   ledModule.begin();
             ^
/home/ec2-user/arduino-testlib/cli-datadir/user/libraries/AceSegment/examples/ScanningDemo/ScanningDemo.ino: In function &#39;void updateDisplay()&#39;:
/home/ec2-user/arduino-testlib/cli-datadir/user/libraries/AceSegment/examples/ScanningDemo/ScanningDemo.ino:309:17: error: request for member &#39;setPatternAt&#39; in &#39;ledModule&#39;, which is of non-class type &#39;int&#39;
       ledModule.setPatternAt(i, pattern);
                 ^
/home/ec2-user/arduino-testlib/cli-datadir/user/libraries/AceSegment/examples/ScanningDemo/ScanningDemo.ino:316:15: error: request for member &#39;setBrightness&#39; in &#39;ledModule&#39;, which is of non-class type &#39;int&#39;
     ledModule.setBrightness(brightness);
               ^
/home/ec2-user/arduino-testlib/cli-datadir/user/libraries/AceSegment/examples/ScanningDemo/ScanningDemo.ino: In function &#39;void flushModule()&#39;:
/home/ec2-user/arduino-testlib/cli-datadir/user/libraries/AceSegment/examples/ScanningDemo/ScanningDemo.ino:340:15: error: request for member &#39;renderFieldWhenReady&#39; in &#39;ledModule&#39;, which is of non-class type &#39;int&#39;
     ledModule.renderFieldWhenReady();
               ^

</pre>
					
					<h4>examples/Tm1637Demo</h4>
					<p>
						Result: <b>PASS</b>
					</p>
					<pre class="pre-scrollable">Sketch uses 201058 bytes (15%) of program storage space. Maximum is 1310720 bytes.
Global variables use 13616 bytes (4%) of dynamic memory, leaving 314064 bytes for local variables. Maximum is 327680 bytes.
</pre>
					
					<h4>examples/Tm1637DualDemo</h4>
					<p>
						Result: <b>PASS</b>
					</p>
					<pre class="pre-scrollable">Sketch uses 200610 bytes (15%) of program storage space. Maximum is 1310720 bytes.
Global variables use 13568 bytes (4%) of dynamic memory, leaving 314112 bytes for local variables. Maximum is 327680 bytes.
</pre>
					
					<h4>examples/Tm1638Demo</h4>
					<p>
						Result: <b>PASS</b>
					</p>
					<pre class="pre-scrollable">Sketch uses 200810 bytes (15%) of program storage space. Maximum is 1310720 bytes.
Global variables use 13616 bytes (4%) of dynamic memory, leaving 314064 bytes for local variables. Maximum is 327680 bytes.
</pre>
					
				
			</div>
		</div>
	</div>
  </body>
</html>
