
<!doctype html>
<html lang="en">
  <head>
    <meta charset="utf-8">
    <meta name="viewport" content="width=device-width, initial-scale=1">
    <link href="https://cdn.jsdelivr.net/npm/bootstrap@5.0.2/dist/css/bootstrap.min.css" rel="stylesheet" integrity="sha384-EVSTQN3/azprG1Anm3QDgpJLIm9Nao0Yz1ztcQTwFspd3yD65VohhpuuCOmLASjC" crossorigin="anonymous">
    <title>arduino-testlib report</title>
	<style>
	.pass { background-color: #00FF00 !important; }
	.fail { background-color: #FF0000 !important; }
	</style>
  </head>
  <body>
	<div class="container">
		<div class="row">
			<div class="col">
				<h1>AD57X4R - compatibility matrix</h1>
				<p>
					<small>This report was generated on Wednesday, 23-Feb-22 22:48:15 CET using 
					<a href="https://github.com/alranel/arduino-testlib">arduino-testlib</a>.</small>
				</p>

				<h2>AD57X4R</h2>
				<p>
					Version: <b>4.0.1</b>
					<br />
					<a href="https://www.arduino.cc/reference/en/libraries/ad57x4r/">More details</a>
				</p>

				<h2>Compatibility matrix</h2>
				<table class="table table-bordered">
					<tr>
						<th>Board</th>
						<th>Claims compatibility</th>
						<th>Inclusion</th>
						
						<th><pre>Interactive</pre></th>
						
						<th><pre>Sawtooth</pre></th>
						
						<th><pre>SimultaneousUpdate</pre></th>
						
					</tr>
					
					<tr>
						<td>
							<a href="#arduino%3aavr%3auno"><b>arduino:avr:uno</b></a>
							<br />
							<small>1.8.4</small>
						</td>

						
							<td>Yes</td>
							<td class="pass">PASS</td>
						
						
						
						

						
							
								
									
										
											<td class="pass">PASS</td>
											
										
									
										
									
										
									
								
							
								
							
								
							
								
							
								
							
						
							
								
									
										
									
										
											<td class="pass">PASS</td>
											
										
									
										
									
								
							
								
							
								
							
								
							
								
							
						
							
								
									
										
									
										
									
										
											<td class="pass">PASS</td>
											
										
									
								
							
								
							
								
							
								
							
								
							
						
					</tr>
					
					<tr>
						<td>
							<a href="#arduino%3ambed_nano%3ananorp2040connect"><b>arduino:mbed_nano:nanorp2040connect</b></a>
							<br />
							<small>2.7.2</small>
						</td>

						
						
						
							<td>Yes ⚠️</td>
							<td class="fail">FAIL</td>
						
						

						
							
								
							
								
									
										
											
											<td class="fail">FAIL</td>
										
									
										
									
										
									
								
							
								
							
								
							
								
							
						
							
								
							
								
									
										
									
										
											
											<td class="fail">FAIL</td>
										
									
										
									
								
							
								
							
								
							
								
							
						
							
								
							
								
									
										
									
										
									
										
											
											<td class="fail">FAIL</td>
										
									
								
							
								
							
								
							
								
							
						
					</tr>
					
					<tr>
						<td>
							<a href="#arduino%3amegaavr%3anona4809"><b>arduino:megaavr:nona4809</b></a>
							<br />
							<small>1.8.7</small>
						</td>

						
							<td>Yes</td>
							<td class="pass">PASS</td>
						
						
						
						

						
							
								
							
								
							
								
									
										
											<td class="pass">PASS</td>
											
										
									
										
									
										
									
								
							
								
							
								
							
						
							
								
							
								
							
								
									
										
									
										
											<td class="pass">PASS</td>
											
										
									
										
									
								
							
								
							
								
							
						
							
								
							
								
							
								
									
										
									
										
									
										
											<td class="pass">PASS</td>
											
										
									
								
							
								
							
								
							
						
					</tr>
					
					<tr>
						<td>
							<a href="#arduino%3asamd%3amkrwifi1010"><b>arduino:samd:mkrwifi1010</b></a>
							<br />
							<small>1.8.12</small>
						</td>

						
						
						
							<td>Yes ⚠️</td>
							<td class="fail">FAIL</td>
						
						

						
							
								
							
								
							
								
							
								
									
										
											
											<td class="fail">FAIL</td>
										
									
										
									
										
									
								
							
								
							
						
							
								
							
								
							
								
							
								
									
										
									
										
											
											<td class="fail">FAIL</td>
										
									
										
									
								
							
								
							
						
							
								
							
								
							
								
							
								
									
										
									
										
									
										
											
											<td class="fail">FAIL</td>
										
									
								
							
								
							
						
					</tr>
					
					<tr>
						<td>
							<a href="#esp32%3aesp32%3ad1_mini32"><b>esp32:esp32:d1_mini32</b></a>
							<br />
							<small>1.0.6</small>
						</td>

						
						
						
							<td>Yes ⚠️</td>
							<td class="fail">FAIL</td>
						
						

						
							
								
							
								
							
								
							
								
							
								
									
										
											
											<td class="fail">FAIL</td>
										
									
										
									
										
									
								
							
						
							
								
							
								
							
								
							
								
							
								
									
										
									
										
											
											<td class="fail">FAIL</td>
										
									
										
									
								
							
						
							
								
							
								
							
								
							
								
							
								
									
										
									
										
									
										
											
											<td class="fail">FAIL</td>
										
									
								
							
						
					</tr>
					
				</table>

				<h2>Compilation logs</h2>
				
				<h3 id="arduino:avr:uno">arduino:avr:uno @ 1.8.4</h3>
				<h4>Inclusion</h4>
				<p>
					Result: <b>PASS</b>
					
				</p>
				<pre class="pre-scrollable">Sketch uses 444 bytes (1%) of program storage space. Maximum is 32256 bytes.
Global variables use 9 bytes (0%) of dynamic memory, leaving 2039 bytes for local variables. Maximum is 2048 bytes.
</pre>

					
					<h4>examples/Interactive</h4>
					<p>
						Result: <b>PASS</b>
					</p>
					<pre class="pre-scrollable">Sketch uses 7928 bytes (24%) of program storage space. Maximum is 32256 bytes.
Global variables use 867 bytes (42%) of dynamic memory, leaving 1181 bytes for local variables. Maximum is 2048 bytes.
</pre>
					
					<h4>examples/Sawtooth</h4>
					<p>
						Result: <b>PASS</b>
					</p>
					<pre class="pre-scrollable">Sketch uses 1880 bytes (5%) of program storage space. Maximum is 32256 bytes.
Global variables use 74 bytes (3%) of dynamic memory, leaving 1974 bytes for local variables. Maximum is 2048 bytes.
</pre>
					
					<h4>examples/SimultaneousUpdate</h4>
					<p>
						Result: <b>PASS</b>
					</p>
					<pre class="pre-scrollable">Sketch uses 2014 bytes (6%) of program storage space. Maximum is 32256 bytes.
Global variables use 76 bytes (3%) of dynamic memory, leaving 1972 bytes for local variables. Maximum is 2048 bytes.
</pre>
					
				
				<h3 id="arduino:mbed_nano:nanorp2040connect">arduino:mbed_nano:nanorp2040connect @ 2.7.2</h3>
				<h4>Inclusion</h4>
				<p>
					Result: <b>FAIL</b>
					
				</p>
				<pre class="pre-scrollable">/home/ec2-user/arduino-testlib/cli-datadir/user/libraries/AD57X4R/src/AD57X4R.cpp: In member function &#39;void AD57X4R::spiBeginTransaction()&#39;:
/home/ec2-user/arduino-testlib/cli-datadir/user/libraries/AD57X4R/src/AD57X4R.cpp:473:68: error: invalid conversion from &#39;uint8_t {aka unsigned char}&#39; to &#39;BitOrder&#39; [-fpermissive]
   SPI.beginTransaction(SPISettings(SPI_CLOCK,SPI_BIT_ORDER,SPI_MODE));
                                                                    ^
In file included from /home/ec2-user/arduino-testlib/cli-datadir/data/packages/arduino/hardware/mbed_nano/2.7.2/libraries/SPI/SPI.h:22:0,
                 from /home/ec2-user/arduino-testlib/cli-datadir/user/libraries/AD57X4R/src/AD57X4R.h:13,
                 from /home/ec2-user/arduino-testlib/cli-datadir/user/libraries/AD57X4R/src/AD57X4R.cpp:11:
/home/ec2-user/arduino-testlib/cli-datadir/data/packages/arduino/hardware/mbed_nano/2.7.2/cores/arduino/api/HardwareSPI.h:47:3: note:   initializing argument 2 of &#39;arduino::SPISettings::SPISettings(uint32_t, BitOrder, int)&#39;
   SPISettings(uint32_t clock, BitOrder bitOrder, int dataMode) {
   ^~~~~~~~~~~

</pre>

					
					<h4>examples/Interactive</h4>
					<p>
						Result: <b>FAIL</b>
					</p>
					<pre class="pre-scrollable">/home/ec2-user/arduino-testlib/cli-datadir/user/libraries/AD57X4R/examples/Interactive/Interactive.ino: In function &#39;uint8_t parse(char*, char**, uint8_t)&#39;:
/home/ec2-user/arduino-testlib/cli-datadir/user/libraries/AD57X4R/examples/Interactive/Interactive.ino:47:11: error: invalid conversion from &#39;char&#39; to &#39;char*&#39; [-fpermissive]
   *argv = &#39;\0&#39;; /* mark the end of argument list */
           ^~~~

</pre>
					
					<h4>examples/Sawtooth</h4>
					<p>
						Result: <b>FAIL</b>
					</p>
					<pre class="pre-scrollable">/home/ec2-user/arduino-testlib/cli-datadir/user/libraries/AD57X4R/src/AD57X4R.cpp: In member function &#39;void AD57X4R::spiBeginTransaction()&#39;:
/home/ec2-user/arduino-testlib/cli-datadir/user/libraries/AD57X4R/src/AD57X4R.cpp:473:68: error: invalid conversion from &#39;uint8_t {aka unsigned char}&#39; to &#39;BitOrder&#39; [-fpermissive]
   SPI.beginTransaction(SPISettings(SPI_CLOCK,SPI_BIT_ORDER,SPI_MODE));
                                                                    ^
In file included from /home/ec2-user/arduino-testlib/cli-datadir/data/packages/arduino/hardware/mbed_nano/2.7.2/libraries/SPI/SPI.h:22:0,
                 from /home/ec2-user/arduino-testlib/cli-datadir/user/libraries/AD57X4R/src/AD57X4R.h:13,
                 from /home/ec2-user/arduino-testlib/cli-datadir/user/libraries/AD57X4R/src/AD57X4R.cpp:11:
/home/ec2-user/arduino-testlib/cli-datadir/data/packages/arduino/hardware/mbed_nano/2.7.2/cores/arduino/api/HardwareSPI.h:47:3: note:   initializing argument 2 of &#39;arduino::SPISettings::SPISettings(uint32_t, BitOrder, int)&#39;
   SPISettings(uint32_t clock, BitOrder bitOrder, int dataMode) {
   ^~~~~~~~~~~

</pre>
					
					<h4>examples/SimultaneousUpdate</h4>
					<p>
						Result: <b>FAIL</b>
					</p>
					<pre class="pre-scrollable">/home/ec2-user/arduino-testlib/cli-datadir/user/libraries/AD57X4R/src/AD57X4R.cpp: In member function &#39;void AD57X4R::spiBeginTransaction()&#39;:
/home/ec2-user/arduino-testlib/cli-datadir/user/libraries/AD57X4R/src/AD57X4R.cpp:473:68: error: invalid conversion from &#39;uint8_t {aka unsigned char}&#39; to &#39;BitOrder&#39; [-fpermissive]
   SPI.beginTransaction(SPISettings(SPI_CLOCK,SPI_BIT_ORDER,SPI_MODE));
                                                                    ^
In file included from /home/ec2-user/arduino-testlib/cli-datadir/data/packages/arduino/hardware/mbed_nano/2.7.2/libraries/SPI/SPI.h:22:0,
                 from /home/ec2-user/arduino-testlib/cli-datadir/user/libraries/AD57X4R/src/AD57X4R.h:13,
                 from /home/ec2-user/arduino-testlib/cli-datadir/user/libraries/AD57X4R/src/AD57X4R.cpp:11:
/home/ec2-user/arduino-testlib/cli-datadir/data/packages/arduino/hardware/mbed_nano/2.7.2/cores/arduino/api/HardwareSPI.h:47:3: note:   initializing argument 2 of &#39;arduino::SPISettings::SPISettings(uint32_t, BitOrder, int)&#39;
   SPISettings(uint32_t clock, BitOrder bitOrder, int dataMode) {
   ^~~~~~~~~~~

</pre>
					
				
				<h3 id="arduino:megaavr:nona4809">arduino:megaavr:nona4809 @ 1.8.7</h3>
				<h4>Inclusion</h4>
				<p>
					Result: <b>PASS</b>
					
				</p>
				<pre class="pre-scrollable">Sketch uses 3246 bytes (6%) of program storage space. Maximum is 49152 bytes.
Global variables use 40 bytes (0%) of dynamic memory, leaving 6104 bytes for local variables. Maximum is 6144 bytes.
</pre>

					
					<h4>examples/Interactive</h4>
					<p>
						Result: <b>PASS</b>
					</p>
					<pre class="pre-scrollable">Sketch uses 11019 bytes (22%) of program storage space. Maximum is 49152 bytes.
Global variables use 450 bytes (7%) of dynamic memory, leaving 5694 bytes for local variables. Maximum is 6144 bytes.
</pre>
					
					<h4>examples/Sawtooth</h4>
					<p>
						Result: <b>PASS</b>
					</p>
					<pre class="pre-scrollable">Sketch uses 4690 bytes (9%) of program storage space. Maximum is 49152 bytes.
Global variables use 152 bytes (2%) of dynamic memory, leaving 5992 bytes for local variables. Maximum is 6144 bytes.
</pre>
					
					<h4>examples/SimultaneousUpdate</h4>
					<p>
						Result: <b>PASS</b>
					</p>
					<pre class="pre-scrollable">Sketch uses 4815 bytes (9%) of program storage space. Maximum is 49152 bytes.
Global variables use 150 bytes (2%) of dynamic memory, leaving 5994 bytes for local variables. Maximum is 6144 bytes.
</pre>
					
				
				<h3 id="arduino:samd:mkrwifi1010">arduino:samd:mkrwifi1010 @ 1.8.12</h3>
				<h4>Inclusion</h4>
				<p>
					Result: <b>FAIL</b>
					
				</p>
				<pre class="pre-scrollable">/Users/alranel/Documents/git/arduino/arduino-testlib/cli-datadir/user/libraries/AD57X4R/src/AD57X4R.cpp: In member function &#39;void AD57X4R::spiBeginTransaction()&#39;:
/Users/alranel/Documents/git/arduino/arduino-testlib/cli-datadir/user/libraries/AD57X4R/src/AD57X4R.cpp:473:68: error: invalid conversion from &#39;uint8_t {aka unsigned char}&#39; to &#39;BitOrder&#39; [-fpermissive]
   SPI.beginTransaction(SPISettings(SPI_CLOCK,SPI_BIT_ORDER,SPI_MODE));
                                                                    ^
In file included from /Users/alranel/Documents/git/arduino/arduino-testlib/cli-datadir/data/packages/arduino/hardware/samd/1.8.12/libraries/SPI/SPI.h:24:0,
                 from /Users/alranel/Documents/git/arduino/arduino-testlib/cli-datadir/user/libraries/AD57X4R/src/AD57X4R.h:13,
                 from /Users/alranel/Documents/git/arduino/arduino-testlib/cli-datadir/user/libraries/AD57X4R/src/AD57X4R.cpp:11:
/Users/alranel/Documents/git/arduino/arduino-testlib/cli-datadir/data/packages/arduino/hardware/samd/1.8.12/cores/arduino/api/HardwareSPI.h:47:3: note:   initializing argument 2 of &#39;arduino::SPISettings::SPISettings(uint32_t, BitOrder, int)&#39;
   SPISettings(uint32_t clock, BitOrder bitOrder, int dataMode) {
   ^~~~~~~~~~~

</pre>

					
					<h4>examples/Interactive</h4>
					<p>
						Result: <b>FAIL</b>
					</p>
					<pre class="pre-scrollable">/Users/alranel/Documents/git/arduino/arduino-testlib/cli-datadir/user/libraries/AD57X4R/examples/Interactive/Interactive.ino: In function &#39;uint8_t parse(char*, char**, uint8_t)&#39;:
/Users/alranel/Documents/git/arduino/arduino-testlib/cli-datadir/user/libraries/AD57X4R/examples/Interactive/Interactive.ino:47:11: error: invalid conversion from &#39;char&#39; to &#39;char*&#39; [-fpermissive]
   *argv = &#39;\0&#39;; /* mark the end of argument list */
           ^~~~

</pre>
					
					<h4>examples/Sawtooth</h4>
					<p>
						Result: <b>FAIL</b>
					</p>
					<pre class="pre-scrollable">/Users/alranel/Documents/git/arduino/arduino-testlib/cli-datadir/user/libraries/AD57X4R/src/AD57X4R.cpp: In member function &#39;void AD57X4R::spiBeginTransaction()&#39;:
/Users/alranel/Documents/git/arduino/arduino-testlib/cli-datadir/user/libraries/AD57X4R/src/AD57X4R.cpp:473:68: error: invalid conversion from &#39;uint8_t {aka unsigned char}&#39; to &#39;BitOrder&#39; [-fpermissive]
   SPI.beginTransaction(SPISettings(SPI_CLOCK,SPI_BIT_ORDER,SPI_MODE));
                                                                    ^
In file included from /Users/alranel/Documents/git/arduino/arduino-testlib/cli-datadir/data/packages/arduino/hardware/samd/1.8.12/libraries/SPI/SPI.h:24:0,
                 from /Users/alranel/Documents/git/arduino/arduino-testlib/cli-datadir/user/libraries/AD57X4R/src/AD57X4R.h:13,
                 from /Users/alranel/Documents/git/arduino/arduino-testlib/cli-datadir/user/libraries/AD57X4R/src/AD57X4R.cpp:11:
/Users/alranel/Documents/git/arduino/arduino-testlib/cli-datadir/data/packages/arduino/hardware/samd/1.8.12/cores/arduino/api/HardwareSPI.h:47:3: note:   initializing argument 2 of &#39;arduino::SPISettings::SPISettings(uint32_t, BitOrder, int)&#39;
   SPISettings(uint32_t clock, BitOrder bitOrder, int dataMode) {
   ^~~~~~~~~~~

</pre>
					
					<h4>examples/SimultaneousUpdate</h4>
					<p>
						Result: <b>FAIL</b>
					</p>
					<pre class="pre-scrollable">/Users/alranel/Documents/git/arduino/arduino-testlib/cli-datadir/user/libraries/AD57X4R/src/AD57X4R.cpp: In member function &#39;void AD57X4R::spiBeginTransaction()&#39;:
/Users/alranel/Documents/git/arduino/arduino-testlib/cli-datadir/user/libraries/AD57X4R/src/AD57X4R.cpp:473:68: error: invalid conversion from &#39;uint8_t {aka unsigned char}&#39; to &#39;BitOrder&#39; [-fpermissive]
   SPI.beginTransaction(SPISettings(SPI_CLOCK,SPI_BIT_ORDER,SPI_MODE));
                                                                    ^
In file included from /Users/alranel/Documents/git/arduino/arduino-testlib/cli-datadir/data/packages/arduino/hardware/samd/1.8.12/libraries/SPI/SPI.h:24:0,
                 from /Users/alranel/Documents/git/arduino/arduino-testlib/cli-datadir/user/libraries/AD57X4R/src/AD57X4R.h:13,
                 from /Users/alranel/Documents/git/arduino/arduino-testlib/cli-datadir/user/libraries/AD57X4R/src/AD57X4R.cpp:11:
/Users/alranel/Documents/git/arduino/arduino-testlib/cli-datadir/data/packages/arduino/hardware/samd/1.8.12/cores/arduino/api/HardwareSPI.h:47:3: note:   initializing argument 2 of &#39;arduino::SPISettings::SPISettings(uint32_t, BitOrder, int)&#39;
   SPISettings(uint32_t clock, BitOrder bitOrder, int dataMode) {
   ^~~~~~~~~~~

</pre>
					
				
				<h3 id="esp32:esp32:d1_mini32">esp32:esp32:d1_mini32 @ 1.0.6</h3>
				<h4>Inclusion</h4>
				<p>
					Result: <b>FAIL</b>
					
				</p>
				<pre class="pre-scrollable">In file included from /home/ec2-user/arduino-testlib/cli-datadir/user/libraries/AD57X4R/src/AD57X4R.cpp:11:0:
/home/ec2-user/arduino-testlib/cli-datadir/user/libraries/AD57X4R/src/AD57X4R.h:95:40: error: &#39;MSBFIRST&#39; was not declared in this scope
   const static uint8_t SPI_BIT_ORDER = MSBFIRST;
                                        ^
/home/ec2-user/arduino-testlib/cli-datadir/user/libraries/AD57X4R/src/AD57X4R.cpp: In member function &#39;void AD57X4R::setChipSelectPin(size_t)&#39;:
/home/ec2-user/arduino-testlib/cli-datadir/user/libraries/AD57X4R/src/AD57X4R.cpp:27:15: error: &#39;OUTPUT&#39; was not declared in this scope
   pinMode(pin,OUTPUT);
               ^
/home/ec2-user/arduino-testlib/cli-datadir/user/libraries/AD57X4R/src/AD57X4R.cpp:27:21: error: &#39;pinMode&#39; was not declared in this scope
   pinMode(pin,OUTPUT);
                     ^
/home/ec2-user/arduino-testlib/cli-datadir/user/libraries/AD57X4R/src/AD57X4R.cpp:28:20: error: &#39;HIGH&#39; was not declared in this scope
   digitalWrite(pin,HIGH);
                    ^
/home/ec2-user/arduino-testlib/cli-datadir/user/libraries/AD57X4R/src/AD57X4R.cpp:28:24: error: &#39;digitalWrite&#39; was not declared in this scope
   digitalWrite(pin,HIGH);
                        ^
/home/ec2-user/arduino-testlib/cli-datadir/user/libraries/AD57X4R/src/AD57X4R.cpp: In member function &#39;void AD57X4R::setLoadDacPin(size_t)&#39;:
/home/ec2-user/arduino-testlib/cli-datadir/user/libraries/AD57X4R/src/AD57X4R.cpp:34:15: error: &#39;OUTPUT&#39; was not declared in this scope
   pinMode(pin,OUTPUT);
               ^
/home/ec2-user/arduino-testlib/cli-datadir/user/libraries/AD57X4R/src/AD57X4R.cpp:34:21: error: &#39;pinMode&#39; was not declared in this scope
   pinMode(pin,OUTPUT);
                     ^
/home/ec2-user/arduino-testlib/cli-datadir/user/libraries/AD57X4R/src/AD57X4R.cpp:35:20: error: &#39;LOW&#39; was not declared in this scope
   digitalWrite(pin,LOW);
                    ^
/home/ec2-user/arduino-testlib/cli-datadir/user/libraries/AD57X4R/src/AD57X4R.cpp:35:23: error: &#39;digitalWrite&#39; was not declared in this scope
   digitalWrite(pin,LOW);
                       ^
/home/ec2-user/arduino-testlib/cli-datadir/user/libraries/AD57X4R/src/AD57X4R.cpp: In member function &#39;void AD57X4R::setClearPin(size_t)&#39;:
/home/ec2-user/arduino-testlib/cli-datadir/user/libraries/AD57X4R/src/AD57X4R.cpp:42:15: error: &#39;OUTPUT&#39; was not declared in this scope
   pinMode(pin,OUTPUT);
               ^
/home/ec2-user/arduino-testlib/cli-datadir/user/libraries/AD57X4R/src/AD57X4R.cpp:42:21: error: &#39;pinMode&#39; was not declared in this scope
   pinMode(pin,OUTPUT);
                     ^
/home/ec2-user/arduino-testlib/cli-datadir/user/libraries/AD57X4R/src/AD57X4R.cpp:43:20: error: &#39;HIGH&#39; was not declared in this scope
   digitalWrite(pin,HIGH);
                    ^
/home/ec2-user/arduino-testlib/cli-datadir/user/libraries/AD57X4R/src/AD57X4R.cpp:43:24: error: &#39;digitalWrite&#39; was not declared in this scope
   digitalWrite(pin,HIGH);
                        ^
/home/ec2-user/arduino-testlib/cli-datadir/user/libraries/AD57X4R/src/AD57X4R.cpp: In member function &#39;void AD57X4R::setOutputRange(size_t, AD57X4R::Range)&#39;:
/home/ec2-user/arduino-testlib/cli-datadir/user/libraries/AD57X4R/src/AD57X4R.cpp:80:24: error: &#39;constrain&#39; was not declared in this scope
     getChannelCount()-1);
                        ^
/home/ec2-user/arduino-testlib/cli-datadir/user/libraries/AD57X4R/src/AD57X4R.cpp: In member function &#39;void AD57X4R::setAnalogValue(size_t, long int)&#39;:
/home/ec2-user/arduino-testlib/cli-datadir/user/libraries/AD57X4R/src/AD57X4R.cpp:168:24: error: &#39;constrain&#39; was not declared in this scope
     getChannelCount()-1);
                        ^
/home/ec2-user/arduino-testlib/cli-datadir/user/libraries/AD57X4R/src/AD57X4R.cpp: In member function &#39;void AD57X4R::setVoltage(size_t, double)&#39;:
/home/ec2-user/arduino-testlib/cli-datadir/user/libraries/AD57X4R/src/AD57X4R.cpp:265:24: error: &#39;constrain&#39; was not declared in this scope
     getChannelCount()-1);
                        ^
/home/ec2-user/arduino-testlib/cli-datadir/user/libraries/AD57X4R/src/AD57X4R.cpp: In member function &#39;double AD57X4R::analogValueToVoltage(size_t, long int)&#39;:
/home/ec2-user/arduino-testlib/cli-datadir/user/libraries/AD57X4R/src/AD57X4R.cpp:286:24: error: &#39;constrain&#39; was not declared in this scope
     getChannelCount()-1);
                        ^
/home/ec2-user/arduino-testlib/cli-datadir/user/libraries/AD57X4R/src/AD57X4R.cpp: In member function &#39;long int AD57X4R::voltageToAnalogValue(size_t, double)&#39;:
/home/ec2-user/arduino-testlib/cli-datadir/user/libraries/AD57X4R/src/AD57X4R.cpp:311:24: error: &#39;constrain&#39; was not declared in this scope
     getChannelCount()-1);
                        ^
/home/ec2-user/arduino-testlib/cli-datadir/user/libraries/AD57X4R/src/AD57X4R.cpp: In member function &#39;void AD57X4R::beginSimultaneousUpdate()&#39;:
/home/ec2-user/arduino-testlib/cli-datadir/user/libraries/AD57X4R/src/AD57X4R.cpp:416:28: error: &#39;HIGH&#39; was not declared in this scope
     digitalWrite(ldac_pin_,HIGH);
                            ^
/home/ec2-user/arduino-testlib/cli-datadir/user/libraries/AD57X4R/src/AD57X4R.cpp:416:32: error: &#39;digitalWrite&#39; was not declared in this scope
     digitalWrite(ldac_pin_,HIGH);
                                ^
/home/ec2-user/arduino-testlib/cli-datadir/user/libraries/AD57X4R/src/AD57X4R.cpp: In member function &#39;void AD57X4R::simultaneousUpdate()&#39;:
/home/ec2-user/arduino-testlib/cli-datadir/user/libraries/AD57X4R/src/AD57X4R.cpp:424:28: error: &#39;LOW&#39; was not declared in this scope
     digitalWrite(ldac_pin_,LOW);
                            ^
/home/ec2-user/arduino-testlib/cli-datadir/user/libraries/AD57X4R/src/AD57X4R.cpp:424:31: error: &#39;digitalWrite&#39; was not declared in this scope
     digitalWrite(ldac_pin_,LOW);
                               ^
/home/ec2-user/arduino-testlib/cli-datadir/user/libraries/AD57X4R/src/AD57X4R.cpp: In member function &#39;void AD57X4R::enableClockSelect()&#39;:
/home/ec2-user/arduino-testlib/cli-datadir/user/libraries/AD57X4R/src/AD57X4R.cpp:464:33: error: &#39;LOW&#39; was not declared in this scope
   digitalWrite(chip_select_pin_,LOW);
                                 ^
/home/ec2-user/arduino-testlib/cli-datadir/user/libraries/AD57X4R/src/AD57X4R.cpp:464:36: error: &#39;digitalWrite&#39; was not declared in this scope
   digitalWrite(chip_select_pin_,LOW);
                                    ^
/home/ec2-user/arduino-testlib/cli-datadir/user/libraries/AD57X4R/src/AD57X4R.cpp: In member function &#39;void AD57X4R::disableClockSelect()&#39;:
/home/ec2-user/arduino-testlib/cli-datadir/user/libraries/AD57X4R/src/AD57X4R.cpp:469:33: error: &#39;HIGH&#39; was not declared in this scope
   digitalWrite(chip_select_pin_,HIGH);
                                 ^
/home/ec2-user/arduino-testlib/cli-datadir/user/libraries/AD57X4R/src/AD57X4R.cpp:469:37: error: &#39;digitalWrite&#39; was not declared in this scope
   digitalWrite(chip_select_pin_,HIGH);
                                     ^

</pre>

					
					<h4>examples/Interactive</h4>
					<p>
						Result: <b>FAIL</b>
					</p>
					<pre class="pre-scrollable">In file included from /home/ec2-user/arduino-testlib/cli-datadir/user/libraries/AD57X4R/src/AD57X4R.cpp:11:0:
/home/ec2-user/arduino-testlib/cli-datadir/user/libraries/AD57X4R/src/AD57X4R.h:95:40: error: &#39;MSBFIRST&#39; was not declared in this scope
   const static uint8_t SPI_BIT_ORDER = MSBFIRST;
                                        ^
/home/ec2-user/arduino-testlib/cli-datadir/user/libraries/AD57X4R/src/AD57X4R.cpp: In member function &#39;void AD57X4R::setChipSelectPin(size_t)&#39;:
/home/ec2-user/arduino-testlib/cli-datadir/user/libraries/AD57X4R/src/AD57X4R.cpp:27:15: error: &#39;OUTPUT&#39; was not declared in this scope
   pinMode(pin,OUTPUT);
               ^
/home/ec2-user/arduino-testlib/cli-datadir/user/libraries/AD57X4R/src/AD57X4R.cpp:27:21: error: &#39;pinMode&#39; was not declared in this scope
   pinMode(pin,OUTPUT);
                     ^
/home/ec2-user/arduino-testlib/cli-datadir/user/libraries/AD57X4R/src/AD57X4R.cpp:28:20: error: &#39;HIGH&#39; was not declared in this scope
   digitalWrite(pin,HIGH);
                    ^
/home/ec2-user/arduino-testlib/cli-datadir/user/libraries/AD57X4R/src/AD57X4R.cpp:28:24: error: &#39;digitalWrite&#39; was not declared in this scope
   digitalWrite(pin,HIGH);
                        ^
/home/ec2-user/arduino-testlib/cli-datadir/user/libraries/AD57X4R/src/AD57X4R.cpp: In member function &#39;void AD57X4R::setLoadDacPin(size_t)&#39;:
/home/ec2-user/arduino-testlib/cli-datadir/user/libraries/AD57X4R/src/AD57X4R.cpp:34:15: error: &#39;OUTPUT&#39; was not declared in this scope
   pinMode(pin,OUTPUT);
               ^
/home/ec2-user/arduino-testlib/cli-datadir/user/libraries/AD57X4R/src/AD57X4R.cpp:34:21: error: &#39;pinMode&#39; was not declared in this scope
   pinMode(pin,OUTPUT);
                     ^
/home/ec2-user/arduino-testlib/cli-datadir/user/libraries/AD57X4R/src/AD57X4R.cpp:35:20: error: &#39;LOW&#39; was not declared in this scope
   digitalWrite(pin,LOW);
                    ^
/home/ec2-user/arduino-testlib/cli-datadir/user/libraries/AD57X4R/src/AD57X4R.cpp:35:23: error: &#39;digitalWrite&#39; was not declared in this scope
   digitalWrite(pin,LOW);
                       ^
/home/ec2-user/arduino-testlib/cli-datadir/user/libraries/AD57X4R/src/AD57X4R.cpp: In member function &#39;void AD57X4R::setClearPin(size_t)&#39;:
/home/ec2-user/arduino-testlib/cli-datadir/user/libraries/AD57X4R/src/AD57X4R.cpp:42:15: error: &#39;OUTPUT&#39; was not declared in this scope
   pinMode(pin,OUTPUT);
               ^
/home/ec2-user/arduino-testlib/cli-datadir/user/libraries/AD57X4R/src/AD57X4R.cpp:42:21: error: &#39;pinMode&#39; was not declared in this scope
   pinMode(pin,OUTPUT);
                     ^
/home/ec2-user/arduino-testlib/cli-datadir/user/libraries/AD57X4R/src/AD57X4R.cpp:43:20: error: &#39;HIGH&#39; was not declared in this scope
   digitalWrite(pin,HIGH);
                    ^
/home/ec2-user/arduino-testlib/cli-datadir/user/libraries/AD57X4R/src/AD57X4R.cpp:43:24: error: &#39;digitalWrite&#39; was not declared in this scope
   digitalWrite(pin,HIGH);
                        ^
/home/ec2-user/arduino-testlib/cli-datadir/user/libraries/AD57X4R/src/AD57X4R.cpp: In member function &#39;void AD57X4R::setOutputRange(size_t, AD57X4R::Range)&#39;:
/home/ec2-user/arduino-testlib/cli-datadir/user/libraries/AD57X4R/src/AD57X4R.cpp:80:24: error: &#39;constrain&#39; was not declared in this scope
     getChannelCount()-1);
                        ^
/home/ec2-user/arduino-testlib/cli-datadir/user/libraries/AD57X4R/src/AD57X4R.cpp: In member function &#39;void AD57X4R::setAnalogValue(size_t, long int)&#39;:
/home/ec2-user/arduino-testlib/cli-datadir/user/libraries/AD57X4R/src/AD57X4R.cpp:168:24: error: &#39;constrain&#39; was not declared in this scope
     getChannelCount()-1);
                        ^
/home/ec2-user/arduino-testlib/cli-datadir/user/libraries/AD57X4R/src/AD57X4R.cpp: In member function &#39;void AD57X4R::setVoltage(size_t, double)&#39;:
/home/ec2-user/arduino-testlib/cli-datadir/user/libraries/AD57X4R/src/AD57X4R.cpp:265:24: error: &#39;constrain&#39; was not declared in this scope
     getChannelCount()-1);
                        ^
/home/ec2-user/arduino-testlib/cli-datadir/user/libraries/AD57X4R/src/AD57X4R.cpp: In member function &#39;double AD57X4R::analogValueToVoltage(size_t, long int)&#39;:
/home/ec2-user/arduino-testlib/cli-datadir/user/libraries/AD57X4R/src/AD57X4R.cpp:286:24: error: &#39;constrain&#39; was not declared in this scope
     getChannelCount()-1);
                        ^
/home/ec2-user/arduino-testlib/cli-datadir/user/libraries/AD57X4R/src/AD57X4R.cpp: In member function &#39;long int AD57X4R::voltageToAnalogValue(size_t, double)&#39;:
/home/ec2-user/arduino-testlib/cli-datadir/user/libraries/AD57X4R/src/AD57X4R.cpp:311:24: error: &#39;constrain&#39; was not declared in this scope
     getChannelCount()-1);
                        ^
/home/ec2-user/arduino-testlib/cli-datadir/user/libraries/AD57X4R/src/AD57X4R.cpp: In member function &#39;void AD57X4R::beginSimultaneousUpdate()&#39;:
/home/ec2-user/arduino-testlib/cli-datadir/user/libraries/AD57X4R/src/AD57X4R.cpp:416:28: error: &#39;HIGH&#39; was not declared in this scope
     digitalWrite(ldac_pin_,HIGH);
                            ^
/home/ec2-user/arduino-testlib/cli-datadir/user/libraries/AD57X4R/src/AD57X4R.cpp:416:32: error: &#39;digitalWrite&#39; was not declared in this scope
     digitalWrite(ldac_pin_,HIGH);
                                ^
/home/ec2-user/arduino-testlib/cli-datadir/user/libraries/AD57X4R/src/AD57X4R.cpp: In member function &#39;void AD57X4R::simultaneousUpdate()&#39;:
/home/ec2-user/arduino-testlib/cli-datadir/user/libraries/AD57X4R/src/AD57X4R.cpp:424:28: error: &#39;LOW&#39; was not declared in this scope
     digitalWrite(ldac_pin_,LOW);
                            ^
/home/ec2-user/arduino-testlib/cli-datadir/user/libraries/AD57X4R/src/AD57X4R.cpp:424:31: error: &#39;digitalWrite&#39; was not declared in this scope
     digitalWrite(ldac_pin_,LOW);
                               ^
/home/ec2-user/arduino-testlib/cli-datadir/user/libraries/AD57X4R/src/AD57X4R.cpp: In member function &#39;void AD57X4R::enableClockSelect()&#39;:
/home/ec2-user/arduino-testlib/cli-datadir/user/libraries/AD57X4R/src/AD57X4R.cpp:464:33: error: &#39;LOW&#39; was not declared in this scope
   digitalWrite(chip_select_pin_,LOW);
                                 ^
/home/ec2-user/arduino-testlib/cli-datadir/user/libraries/AD57X4R/src/AD57X4R.cpp:464:36: error: &#39;digitalWrite&#39; was not declared in this scope
   digitalWrite(chip_select_pin_,LOW);
                                    ^
/home/ec2-user/arduino-testlib/cli-datadir/user/libraries/AD57X4R/src/AD57X4R.cpp: In member function &#39;void AD57X4R::disableClockSelect()&#39;:
/home/ec2-user/arduino-testlib/cli-datadir/user/libraries/AD57X4R/src/AD57X4R.cpp:469:33: error: &#39;HIGH&#39; was not declared in this scope
   digitalWrite(chip_select_pin_,HIGH);
                                 ^
/home/ec2-user/arduino-testlib/cli-datadir/user/libraries/AD57X4R/src/AD57X4R.cpp:469:37: error: &#39;digitalWrite&#39; was not declared in this scope
   digitalWrite(chip_select_pin_,HIGH);
                                     ^

</pre>
					
					<h4>examples/Sawtooth</h4>
					<p>
						Result: <b>FAIL</b>
					</p>
					<pre class="pre-scrollable">In file included from /home/ec2-user/arduino-testlib/cli-datadir/user/libraries/AD57X4R/src/AD57X4R.cpp:11:0:
/home/ec2-user/arduino-testlib/cli-datadir/user/libraries/AD57X4R/src/AD57X4R.h:95:40: error: &#39;MSBFIRST&#39; was not declared in this scope
   const static uint8_t SPI_BIT_ORDER = MSBFIRST;
                                        ^
/home/ec2-user/arduino-testlib/cli-datadir/user/libraries/AD57X4R/src/AD57X4R.cpp: In member function &#39;void AD57X4R::setChipSelectPin(size_t)&#39;:
/home/ec2-user/arduino-testlib/cli-datadir/user/libraries/AD57X4R/src/AD57X4R.cpp:27:15: error: &#39;OUTPUT&#39; was not declared in this scope
   pinMode(pin,OUTPUT);
               ^
/home/ec2-user/arduino-testlib/cli-datadir/user/libraries/AD57X4R/src/AD57X4R.cpp:27:21: error: &#39;pinMode&#39; was not declared in this scope
   pinMode(pin,OUTPUT);
                     ^
/home/ec2-user/arduino-testlib/cli-datadir/user/libraries/AD57X4R/src/AD57X4R.cpp:28:20: error: &#39;HIGH&#39; was not declared in this scope
   digitalWrite(pin,HIGH);
                    ^
/home/ec2-user/arduino-testlib/cli-datadir/user/libraries/AD57X4R/src/AD57X4R.cpp:28:24: error: &#39;digitalWrite&#39; was not declared in this scope
   digitalWrite(pin,HIGH);
                        ^
/home/ec2-user/arduino-testlib/cli-datadir/user/libraries/AD57X4R/src/AD57X4R.cpp: In member function &#39;void AD57X4R::setLoadDacPin(size_t)&#39;:
/home/ec2-user/arduino-testlib/cli-datadir/user/libraries/AD57X4R/src/AD57X4R.cpp:34:15: error: &#39;OUTPUT&#39; was not declared in this scope
   pinMode(pin,OUTPUT);
               ^
/home/ec2-user/arduino-testlib/cli-datadir/user/libraries/AD57X4R/src/AD57X4R.cpp:34:21: error: &#39;pinMode&#39; was not declared in this scope
   pinMode(pin,OUTPUT);
                     ^
/home/ec2-user/arduino-testlib/cli-datadir/user/libraries/AD57X4R/src/AD57X4R.cpp:35:20: error: &#39;LOW&#39; was not declared in this scope
   digitalWrite(pin,LOW);
                    ^
/home/ec2-user/arduino-testlib/cli-datadir/user/libraries/AD57X4R/src/AD57X4R.cpp:35:23: error: &#39;digitalWrite&#39; was not declared in this scope
   digitalWrite(pin,LOW);
                       ^
/home/ec2-user/arduino-testlib/cli-datadir/user/libraries/AD57X4R/src/AD57X4R.cpp: In member function &#39;void AD57X4R::setClearPin(size_t)&#39;:
/home/ec2-user/arduino-testlib/cli-datadir/user/libraries/AD57X4R/src/AD57X4R.cpp:42:15: error: &#39;OUTPUT&#39; was not declared in this scope
   pinMode(pin,OUTPUT);
               ^
/home/ec2-user/arduino-testlib/cli-datadir/user/libraries/AD57X4R/src/AD57X4R.cpp:42:21: error: &#39;pinMode&#39; was not declared in this scope
   pinMode(pin,OUTPUT);
                     ^
/home/ec2-user/arduino-testlib/cli-datadir/user/libraries/AD57X4R/src/AD57X4R.cpp:43:20: error: &#39;HIGH&#39; was not declared in this scope
   digitalWrite(pin,HIGH);
                    ^
/home/ec2-user/arduino-testlib/cli-datadir/user/libraries/AD57X4R/src/AD57X4R.cpp:43:24: error: &#39;digitalWrite&#39; was not declared in this scope
   digitalWrite(pin,HIGH);
                        ^
/home/ec2-user/arduino-testlib/cli-datadir/user/libraries/AD57X4R/src/AD57X4R.cpp: In member function &#39;void AD57X4R::setOutputRange(size_t, AD57X4R::Range)&#39;:
/home/ec2-user/arduino-testlib/cli-datadir/user/libraries/AD57X4R/src/AD57X4R.cpp:80:24: error: &#39;constrain&#39; was not declared in this scope
     getChannelCount()-1);
                        ^
/home/ec2-user/arduino-testlib/cli-datadir/user/libraries/AD57X4R/src/AD57X4R.cpp: In member function &#39;void AD57X4R::setAnalogValue(size_t, long int)&#39;:
/home/ec2-user/arduino-testlib/cli-datadir/user/libraries/AD57X4R/src/AD57X4R.cpp:168:24: error: &#39;constrain&#39; was not declared in this scope
     getChannelCount()-1);
                        ^
/home/ec2-user/arduino-testlib/cli-datadir/user/libraries/AD57X4R/src/AD57X4R.cpp: In member function &#39;void AD57X4R::setVoltage(size_t, double)&#39;:
/home/ec2-user/arduino-testlib/cli-datadir/user/libraries/AD57X4R/src/AD57X4R.cpp:265:24: error: &#39;constrain&#39; was not declared in this scope
     getChannelCount()-1);
                        ^
/home/ec2-user/arduino-testlib/cli-datadir/user/libraries/AD57X4R/src/AD57X4R.cpp: In member function &#39;double AD57X4R::analogValueToVoltage(size_t, long int)&#39;:
/home/ec2-user/arduino-testlib/cli-datadir/user/libraries/AD57X4R/src/AD57X4R.cpp:286:24: error: &#39;constrain&#39; was not declared in this scope
     getChannelCount()-1);
                        ^
/home/ec2-user/arduino-testlib/cli-datadir/user/libraries/AD57X4R/src/AD57X4R.cpp: In member function &#39;long int AD57X4R::voltageToAnalogValue(size_t, double)&#39;:
/home/ec2-user/arduino-testlib/cli-datadir/user/libraries/AD57X4R/src/AD57X4R.cpp:311:24: error: &#39;constrain&#39; was not declared in this scope
     getChannelCount()-1);
                        ^
/home/ec2-user/arduino-testlib/cli-datadir/user/libraries/AD57X4R/src/AD57X4R.cpp: In member function &#39;void AD57X4R::beginSimultaneousUpdate()&#39;:
/home/ec2-user/arduino-testlib/cli-datadir/user/libraries/AD57X4R/src/AD57X4R.cpp:416:28: error: &#39;HIGH&#39; was not declared in this scope
     digitalWrite(ldac_pin_,HIGH);
                            ^
/home/ec2-user/arduino-testlib/cli-datadir/user/libraries/AD57X4R/src/AD57X4R.cpp:416:32: error: &#39;digitalWrite&#39; was not declared in this scope
     digitalWrite(ldac_pin_,HIGH);
                                ^
/home/ec2-user/arduino-testlib/cli-datadir/user/libraries/AD57X4R/src/AD57X4R.cpp: In member function &#39;void AD57X4R::simultaneousUpdate()&#39;:
/home/ec2-user/arduino-testlib/cli-datadir/user/libraries/AD57X4R/src/AD57X4R.cpp:424:28: error: &#39;LOW&#39; was not declared in this scope
     digitalWrite(ldac_pin_,LOW);
                            ^
/home/ec2-user/arduino-testlib/cli-datadir/user/libraries/AD57X4R/src/AD57X4R.cpp:424:31: error: &#39;digitalWrite&#39; was not declared in this scope
     digitalWrite(ldac_pin_,LOW);
                               ^
/home/ec2-user/arduino-testlib/cli-datadir/user/libraries/AD57X4R/src/AD57X4R.cpp: In member function &#39;void AD57X4R::enableClockSelect()&#39;:
/home/ec2-user/arduino-testlib/cli-datadir/user/libraries/AD57X4R/src/AD57X4R.cpp:464:33: error: &#39;LOW&#39; was not declared in this scope
   digitalWrite(chip_select_pin_,LOW);
                                 ^
/home/ec2-user/arduino-testlib/cli-datadir/user/libraries/AD57X4R/src/AD57X4R.cpp:464:36: error: &#39;digitalWrite&#39; was not declared in this scope
   digitalWrite(chip_select_pin_,LOW);
                                    ^
/home/ec2-user/arduino-testlib/cli-datadir/user/libraries/AD57X4R/src/AD57X4R.cpp: In member function &#39;void AD57X4R::disableClockSelect()&#39;:
/home/ec2-user/arduino-testlib/cli-datadir/user/libraries/AD57X4R/src/AD57X4R.cpp:469:33: error: &#39;HIGH&#39; was not declared in this scope
   digitalWrite(chip_select_pin_,HIGH);
                                 ^
/home/ec2-user/arduino-testlib/cli-datadir/user/libraries/AD57X4R/src/AD57X4R.cpp:469:37: error: &#39;digitalWrite&#39; was not declared in this scope
   digitalWrite(chip_select_pin_,HIGH);
                                     ^

</pre>
					
					<h4>examples/SimultaneousUpdate</h4>
					<p>
						Result: <b>FAIL</b>
					</p>
					<pre class="pre-scrollable">In file included from /home/ec2-user/arduino-testlib/cli-datadir/user/libraries/AD57X4R/src/AD57X4R.cpp:11:0:
/home/ec2-user/arduino-testlib/cli-datadir/user/libraries/AD57X4R/src/AD57X4R.h:95:40: error: &#39;MSBFIRST&#39; was not declared in this scope
   const static uint8_t SPI_BIT_ORDER = MSBFIRST;
                                        ^
/home/ec2-user/arduino-testlib/cli-datadir/user/libraries/AD57X4R/src/AD57X4R.cpp: In member function &#39;void AD57X4R::setChipSelectPin(size_t)&#39;:
/home/ec2-user/arduino-testlib/cli-datadir/user/libraries/AD57X4R/src/AD57X4R.cpp:27:15: error: &#39;OUTPUT&#39; was not declared in this scope
   pinMode(pin,OUTPUT);
               ^
/home/ec2-user/arduino-testlib/cli-datadir/user/libraries/AD57X4R/src/AD57X4R.cpp:27:21: error: &#39;pinMode&#39; was not declared in this scope
   pinMode(pin,OUTPUT);
                     ^
/home/ec2-user/arduino-testlib/cli-datadir/user/libraries/AD57X4R/src/AD57X4R.cpp:28:20: error: &#39;HIGH&#39; was not declared in this scope
   digitalWrite(pin,HIGH);
                    ^
/home/ec2-user/arduino-testlib/cli-datadir/user/libraries/AD57X4R/src/AD57X4R.cpp:28:24: error: &#39;digitalWrite&#39; was not declared in this scope
   digitalWrite(pin,HIGH);
                        ^
/home/ec2-user/arduino-testlib/cli-datadir/user/libraries/AD57X4R/src/AD57X4R.cpp: In member function &#39;void AD57X4R::setLoadDacPin(size_t)&#39;:
/home/ec2-user/arduino-testlib/cli-datadir/user/libraries/AD57X4R/src/AD57X4R.cpp:34:15: error: &#39;OUTPUT&#39; was not declared in this scope
   pinMode(pin,OUTPUT);
               ^
/home/ec2-user/arduino-testlib/cli-datadir/user/libraries/AD57X4R/src/AD57X4R.cpp:34:21: error: &#39;pinMode&#39; was not declared in this scope
   pinMode(pin,OUTPUT);
                     ^
/home/ec2-user/arduino-testlib/cli-datadir/user/libraries/AD57X4R/src/AD57X4R.cpp:35:20: error: &#39;LOW&#39; was not declared in this scope
   digitalWrite(pin,LOW);
                    ^
/home/ec2-user/arduino-testlib/cli-datadir/user/libraries/AD57X4R/src/AD57X4R.cpp:35:23: error: &#39;digitalWrite&#39; was not declared in this scope
   digitalWrite(pin,LOW);
                       ^
/home/ec2-user/arduino-testlib/cli-datadir/user/libraries/AD57X4R/src/AD57X4R.cpp: In member function &#39;void AD57X4R::setClearPin(size_t)&#39;:
/home/ec2-user/arduino-testlib/cli-datadir/user/libraries/AD57X4R/src/AD57X4R.cpp:42:15: error: &#39;OUTPUT&#39; was not declared in this scope
   pinMode(pin,OUTPUT);
               ^
/home/ec2-user/arduino-testlib/cli-datadir/user/libraries/AD57X4R/src/AD57X4R.cpp:42:21: error: &#39;pinMode&#39; was not declared in this scope
   pinMode(pin,OUTPUT);
                     ^
/home/ec2-user/arduino-testlib/cli-datadir/user/libraries/AD57X4R/src/AD57X4R.cpp:43:20: error: &#39;HIGH&#39; was not declared in this scope
   digitalWrite(pin,HIGH);
                    ^
/home/ec2-user/arduino-testlib/cli-datadir/user/libraries/AD57X4R/src/AD57X4R.cpp:43:24: error: &#39;digitalWrite&#39; was not declared in this scope
   digitalWrite(pin,HIGH);
                        ^
/home/ec2-user/arduino-testlib/cli-datadir/user/libraries/AD57X4R/src/AD57X4R.cpp: In member function &#39;void AD57X4R::setOutputRange(size_t, AD57X4R::Range)&#39;:
/home/ec2-user/arduino-testlib/cli-datadir/user/libraries/AD57X4R/src/AD57X4R.cpp:80:24: error: &#39;constrain&#39; was not declared in this scope
     getChannelCount()-1);
                        ^
/home/ec2-user/arduino-testlib/cli-datadir/user/libraries/AD57X4R/src/AD57X4R.cpp: In member function &#39;void AD57X4R::setAnalogValue(size_t, long int)&#39;:
/home/ec2-user/arduino-testlib/cli-datadir/user/libraries/AD57X4R/src/AD57X4R.cpp:168:24: error: &#39;constrain&#39; was not declared in this scope
     getChannelCount()-1);
                        ^
/home/ec2-user/arduino-testlib/cli-datadir/user/libraries/AD57X4R/src/AD57X4R.cpp: In member function &#39;void AD57X4R::setVoltage(size_t, double)&#39;:
/home/ec2-user/arduino-testlib/cli-datadir/user/libraries/AD57X4R/src/AD57X4R.cpp:265:24: error: &#39;constrain&#39; was not declared in this scope
     getChannelCount()-1);
                        ^
/home/ec2-user/arduino-testlib/cli-datadir/user/libraries/AD57X4R/src/AD57X4R.cpp: In member function &#39;double AD57X4R::analogValueToVoltage(size_t, long int)&#39;:
/home/ec2-user/arduino-testlib/cli-datadir/user/libraries/AD57X4R/src/AD57X4R.cpp:286:24: error: &#39;constrain&#39; was not declared in this scope
     getChannelCount()-1);
                        ^
/home/ec2-user/arduino-testlib/cli-datadir/user/libraries/AD57X4R/src/AD57X4R.cpp: In member function &#39;long int AD57X4R::voltageToAnalogValue(size_t, double)&#39;:
/home/ec2-user/arduino-testlib/cli-datadir/user/libraries/AD57X4R/src/AD57X4R.cpp:311:24: error: &#39;constrain&#39; was not declared in this scope
     getChannelCount()-1);
                        ^
/home/ec2-user/arduino-testlib/cli-datadir/user/libraries/AD57X4R/src/AD57X4R.cpp: In member function &#39;void AD57X4R::beginSimultaneousUpdate()&#39;:
/home/ec2-user/arduino-testlib/cli-datadir/user/libraries/AD57X4R/src/AD57X4R.cpp:416:28: error: &#39;HIGH&#39; was not declared in this scope
     digitalWrite(ldac_pin_,HIGH);
                            ^
/home/ec2-user/arduino-testlib/cli-datadir/user/libraries/AD57X4R/src/AD57X4R.cpp:416:32: error: &#39;digitalWrite&#39; was not declared in this scope
     digitalWrite(ldac_pin_,HIGH);
                                ^
/home/ec2-user/arduino-testlib/cli-datadir/user/libraries/AD57X4R/src/AD57X4R.cpp: In member function &#39;void AD57X4R::simultaneousUpdate()&#39;:
/home/ec2-user/arduino-testlib/cli-datadir/user/libraries/AD57X4R/src/AD57X4R.cpp:424:28: error: &#39;LOW&#39; was not declared in this scope
     digitalWrite(ldac_pin_,LOW);
                            ^
/home/ec2-user/arduino-testlib/cli-datadir/user/libraries/AD57X4R/src/AD57X4R.cpp:424:31: error: &#39;digitalWrite&#39; was not declared in this scope
     digitalWrite(ldac_pin_,LOW);
                               ^
/home/ec2-user/arduino-testlib/cli-datadir/user/libraries/AD57X4R/src/AD57X4R.cpp: In member function &#39;void AD57X4R::enableClockSelect()&#39;:
/home/ec2-user/arduino-testlib/cli-datadir/user/libraries/AD57X4R/src/AD57X4R.cpp:464:33: error: &#39;LOW&#39; was not declared in this scope
   digitalWrite(chip_select_pin_,LOW);
                                 ^
/home/ec2-user/arduino-testlib/cli-datadir/user/libraries/AD57X4R/src/AD57X4R.cpp:464:36: error: &#39;digitalWrite&#39; was not declared in this scope
   digitalWrite(chip_select_pin_,LOW);
                                    ^
/home/ec2-user/arduino-testlib/cli-datadir/user/libraries/AD57X4R/src/AD57X4R.cpp: In member function &#39;void AD57X4R::disableClockSelect()&#39;:
/home/ec2-user/arduino-testlib/cli-datadir/user/libraries/AD57X4R/src/AD57X4R.cpp:469:33: error: &#39;HIGH&#39; was not declared in this scope
   digitalWrite(chip_select_pin_,HIGH);
                                 ^
/home/ec2-user/arduino-testlib/cli-datadir/user/libraries/AD57X4R/src/AD57X4R.cpp:469:37: error: &#39;digitalWrite&#39; was not declared in this scope
   digitalWrite(chip_select_pin_,HIGH);
                                     ^

</pre>
					
				
			</div>
		</div>
	</div>
  </body>
</html>
