
<!doctype html>
<html lang="en">
  <head>
    <meta charset="utf-8">
    <meta name="viewport" content="width=device-width, initial-scale=1">
    <link href="https://cdn.jsdelivr.net/npm/bootstrap@5.0.2/dist/css/bootstrap.min.css" rel="stylesheet" integrity="sha384-EVSTQN3/azprG1Anm3QDgpJLIm9Nao0Yz1ztcQTwFspd3yD65VohhpuuCOmLASjC" crossorigin="anonymous">
    <title>arduino-testlib report</title>
	<style>
	.pass { background-color: #00FF00 !important; }
	.fail { background-color: #FF0000 !important; }
	</style>
  </head>
  <body>
	<div class="container">
		<div class="row">
			<div class="col">
				<h1>AD_Sensors - compatibility matrix</h1>
				<p>
					<small>This report was generated on Wednesday, 23-Feb-22 22:48:15 CET using 
					<a href="https://github.com/alranel/arduino-testlib">arduino-testlib</a>.</small>
				</p>

				<h2>AD_Sensors</h2>
				<p>
					Version: <b>1.3.5</b>
					<br />
					<a href="https://www.arduino.cc/reference/en/libraries/ad_sensors/">More details</a>
				</p>

				<h2>Compatibility matrix</h2>
				<table class="table table-bordered">
					<tr>
						<th>Board</th>
						<th>Claims compatibility</th>
						<th>Inclusion</th>
						
						<th><pre>SmoothAnalogSensor</pre></th>
						
						<th><pre>AverageAnalogSensor</pre></th>
						
						<th><pre>ConstrainAnalogSensor</pre></th>
						
						<th><pre>FullSensor</pre></th>
						
						<th><pre>InvertDigitalSensor</pre></th>
						
						<th><pre>MapAndConstrainAnalogSensor</pre></th>
						
						<th><pre>SerialAnalogSensor</pre></th>
						
						<th><pre>SerialDigitalSensor</pre></th>
						
						<th><pre>MapAnalogSensor</pre></th>
						
					</tr>
					
					<tr>
						<td>
							<a href="#arduino%3aavr%3auno"><b>arduino:avr:uno</b></a>
							<br />
							<small>1.8.4</small>
						</td>

						
							<td>Yes</td>
							<td class="pass">PASS</td>
						
						
						
						

						
							
								
									
										
									
										
									
										
									
										
									
										
									
										
									
										
									
										
									
										
											
											<td class="fail">FAIL</td>
										
									
								
							
								
							
								
							
								
							
								
							
						
							
								
									
										
											
											<td class="fail">FAIL</td>
										
									
										
									
										
									
										
									
										
									
										
									
										
									
										
									
										
									
								
							
								
							
								
							
								
							
								
							
						
							
								
									
										
									
										
											
											<td class="fail">FAIL</td>
										
									
										
									
										
									
										
									
										
									
										
									
										
									
										
									
								
							
								
							
								
							
								
							
								
							
						
							
								
									
										
									
										
									
										
											
											<td class="fail">FAIL</td>
										
									
										
									
										
									
										
									
										
									
										
									
										
									
								
							
								
							
								
							
								
							
								
							
						
							
								
									
										
									
										
									
										
									
										
											<td class="pass">PASS</td>
											
										
									
										
									
										
									
										
									
										
									
										
									
								
							
								
							
								
							
								
							
								
							
						
							
								
									
										
									
										
									
										
									
										
									
										
									
										
											
											<td class="fail">FAIL</td>
										
									
										
									
										
									
										
									
								
							
								
							
								
							
								
							
								
							
						
							
								
									
										
									
										
									
										
									
										
									
										
									
										
									
										
											<td class="pass">PASS</td>
											
										
									
										
									
										
									
								
							
								
							
								
							
								
							
								
							
						
							
								
									
										
									
										
									
										
									
										
									
										
									
										
									
										
									
										
											<td class="pass">PASS</td>
											
										
									
										
									
								
							
								
							
								
							
								
							
								
							
						
							
								
									
										
									
										
									
										
									
										
									
										
											
											<td class="fail">FAIL</td>
										
									
										
									
										
									
										
									
										
									
								
							
								
							
								
							
								
							
								
							
						
					</tr>
					
					<tr>
						<td>
							<a href="#arduino%3ambed_nano%3ananorp2040connect"><b>arduino:mbed_nano:nanorp2040connect</b></a>
							<br />
							<small>2.7.2</small>
						</td>

						
							<td>Yes</td>
							<td class="pass">PASS</td>
						
						
						
						

						
							
								
							
								
									
										
									
										
									
										
									
										
									
										
									
										
									
										
									
										
									
										
											
											<td class="fail">FAIL</td>
										
									
								
							
								
							
								
							
								
							
						
							
								
							
								
									
										
											
											<td class="fail">FAIL</td>
										
									
										
									
										
									
										
									
										
									
										
									
										
									
										
									
										
									
								
							
								
							
								
							
								
							
						
							
								
							
								
									
										
									
										
											
											<td class="fail">FAIL</td>
										
									
										
									
										
									
										
									
										
									
										
									
										
									
										
									
								
							
								
							
								
							
								
							
						
							
								
							
								
									
										
									
										
									
										
											
											<td class="fail">FAIL</td>
										
									
										
									
										
									
										
									
										
									
										
									
										
									
								
							
								
							
								
							
								
							
						
							
								
							
								
									
										
									
										
									
										
									
										
											<td class="pass">PASS</td>
											
										
									
										
									
										
									
										
									
										
									
										
									
								
							
								
							
								
							
								
							
						
							
								
							
								
									
										
									
										
									
										
									
										
									
										
									
										
											
											<td class="fail">FAIL</td>
										
									
										
									
										
									
										
									
								
							
								
							
								
							
								
							
						
							
								
							
								
									
										
									
										
									
										
									
										
									
										
									
										
									
										
											<td class="pass">PASS</td>
											
										
									
										
									
										
									
								
							
								
							
								
							
								
							
						
							
								
							
								
									
										
									
										
									
										
									
										
									
										
									
										
									
										
									
										
											<td class="pass">PASS</td>
											
										
									
										
									
								
							
								
							
								
							
								
							
						
							
								
							
								
									
										
									
										
									
										
									
										
									
										
											
											<td class="fail">FAIL</td>
										
									
										
									
										
									
										
									
										
									
								
							
								
							
								
							
								
							
						
					</tr>
					
					<tr>
						<td>
							<a href="#arduino%3amegaavr%3anona4809"><b>arduino:megaavr:nona4809</b></a>
							<br />
							<small>1.8.7</small>
						</td>

						
							<td>Yes</td>
							<td class="pass">PASS</td>
						
						
						
						

						
							
								
							
								
							
								
									
										
									
										
									
										
									
										
									
										
									
										
									
										
									
										
									
										
											
											<td class="fail">FAIL</td>
										
									
								
							
								
							
								
							
						
							
								
							
								
							
								
									
										
											
											<td class="fail">FAIL</td>
										
									
										
									
										
									
										
									
										
									
										
									
										
									
										
									
										
									
								
							
								
							
								
							
						
							
								
							
								
							
								
									
										
									
										
											
											<td class="fail">FAIL</td>
										
									
										
									
										
									
										
									
										
									
										
									
										
									
										
									
								
							
								
							
								
							
						
							
								
							
								
							
								
									
										
									
										
									
										
											
											<td class="fail">FAIL</td>
										
									
										
									
										
									
										
									
										
									
										
									
										
									
								
							
								
							
								
							
						
							
								
							
								
							
								
									
										
									
										
									
										
									
										
											<td class="pass">PASS</td>
											
										
									
										
									
										
									
										
									
										
									
										
									
								
							
								
							
								
							
						
							
								
							
								
							
								
									
										
									
										
									
										
									
										
									
										
									
										
											
											<td class="fail">FAIL</td>
										
									
										
									
										
									
										
									
								
							
								
							
								
							
						
							
								
							
								
							
								
									
										
									
										
									
										
									
										
									
										
									
										
									
										
											<td class="pass">PASS</td>
											
										
									
										
									
										
									
								
							
								
							
								
							
						
							
								
							
								
							
								
									
										
									
										
									
										
									
										
									
										
									
										
									
										
									
										
											<td class="pass">PASS</td>
											
										
									
										
									
								
							
								
							
								
							
						
							
								
							
								
							
								
									
										
									
										
									
										
									
										
									
										
											
											<td class="fail">FAIL</td>
										
									
										
									
										
									
										
									
										
									
								
							
								
							
								
							
						
					</tr>
					
					<tr>
						<td>
							<a href="#arduino%3asamd%3amkrwifi1010"><b>arduino:samd:mkrwifi1010</b></a>
							<br />
							<small>1.8.12</small>
						</td>

						
							<td>Yes</td>
							<td class="pass">PASS</td>
						
						
						
						

						
							
								
							
								
							
								
							
								
									
										
									
										
									
										
									
										
									
										
									
										
									
										
									
										
									
										
											
											<td class="fail">FAIL</td>
										
									
								
							
								
							
						
							
								
							
								
							
								
							
								
									
										
											
											<td class="fail">FAIL</td>
										
									
										
									
										
									
										
									
										
									
										
									
										
									
										
									
										
									
								
							
								
							
						
							
								
							
								
							
								
							
								
									
										
									
										
											
											<td class="fail">FAIL</td>
										
									
										
									
										
									
										
									
										
									
										
									
										
									
										
									
								
							
								
							
						
							
								
							
								
							
								
							
								
									
										
									
										
									
										
											
											<td class="fail">FAIL</td>
										
									
										
									
										
									
										
									
										
									
										
									
										
									
								
							
								
							
						
							
								
							
								
							
								
							
								
									
										
									
										
									
										
									
										
											<td class="pass">PASS</td>
											
										
									
										
									
										
									
										
									
										
									
										
									
								
							
								
							
						
							
								
							
								
							
								
							
								
									
										
									
										
									
										
									
										
									
										
									
										
											
											<td class="fail">FAIL</td>
										
									
										
									
										
									
										
									
								
							
								
							
						
							
								
							
								
							
								
							
								
									
										
									
										
									
										
									
										
									
										
									
										
									
										
											<td class="pass">PASS</td>
											
										
									
										
									
										
									
								
							
								
							
						
							
								
							
								
							
								
							
								
									
										
									
										
									
										
									
										
									
										
									
										
									
										
									
										
											<td class="pass">PASS</td>
											
										
									
										
									
								
							
								
							
						
							
								
							
								
							
								
							
								
									
										
									
										
									
										
									
										
									
										
											
											<td class="fail">FAIL</td>
										
									
										
									
										
									
										
									
										
									
								
							
								
							
						
					</tr>
					
					<tr>
						<td>
							<a href="#esp32%3aesp32%3ad1_mini32"><b>esp32:esp32:d1_mini32</b></a>
							<br />
							<small>1.0.6</small>
						</td>

						
							<td>Yes</td>
							<td class="pass">PASS</td>
						
						
						
						

						
							
								
							
								
							
								
							
								
							
								
									
										
									
										
									
										
									
										
									
										
									
										
									
										
									
										
									
										
											
											<td class="fail">FAIL</td>
										
									
								
							
						
							
								
							
								
							
								
							
								
							
								
									
										
											
											<td class="fail">FAIL</td>
										
									
										
									
										
									
										
									
										
									
										
									
										
									
										
									
										
									
								
							
						
							
								
							
								
							
								
							
								
							
								
									
										
									
										
											
											<td class="fail">FAIL</td>
										
									
										
									
										
									
										
									
										
									
										
									
										
									
										
									
								
							
						
							
								
							
								
							
								
							
								
							
								
									
										
									
										
									
										
											
											<td class="fail">FAIL</td>
										
									
										
									
										
									
										
									
										
									
										
									
										
									
								
							
						
							
								
							
								
							
								
							
								
							
								
									
										
									
										
									
										
									
										
											<td class="pass">PASS</td>
											
										
									
										
									
										
									
										
									
										
									
										
									
								
							
						
							
								
							
								
							
								
							
								
							
								
									
										
									
										
									
										
									
										
									
										
									
										
											
											<td class="fail">FAIL</td>
										
									
										
									
										
									
										
									
								
							
						
							
								
							
								
							
								
							
								
							
								
									
										
									
										
									
										
									
										
									
										
									
										
									
										
											
											<td class="fail">FAIL</td>
										
									
										
									
										
									
								
							
						
							
								
							
								
							
								
							
								
							
								
									
										
									
										
									
										
									
										
									
										
									
										
									
										
									
										
											<td class="pass">PASS</td>
											
										
									
										
									
								
							
						
							
								
							
								
							
								
							
								
							
								
									
										
									
										
									
										
									
										
									
										
											
											<td class="fail">FAIL</td>
										
									
										
									
										
									
										
									
										
									
								
							
						
					</tr>
					
				</table>

				<h2>Compilation logs</h2>
				
				<h3 id="arduino:avr:uno">arduino:avr:uno @ 1.8.4</h3>
				<h4>Inclusion</h4>
				<p>
					Result: <b>PASS</b>
					
					<br />This library has no main header file so an empty one was created.
					
				</p>
				<pre class="pre-scrollable">Sketch uses 466 bytes (1%) of program storage space. Maximum is 32256 bytes.
Global variables use 9 bytes (0%) of dynamic memory, leaving 2039 bytes for local variables. Maximum is 2048 bytes.
</pre>

					
					<h4>examples/AverageAnalogSensor</h4>
					<p>
						Result: <b>FAIL</b>
					</p>
					<pre class="pre-scrollable">In file included from /Users/alranel/Documents/git/arduino/arduino-testlib/cli-datadir/user/libraries/AD_Sensors/examples/AverageAnalogSensor/AverageAnalogSensor.ino:13:0:
/Users/alranel/Documents/git/arduino/arduino-testlib/cli-datadir/user/libraries/AD_Sensors/src/AnalogSensor.h:44:9: error: &#39;int AnalogSensor::read()&#39; marked &#39;override&#39;, but does not override
     int read() override;
         ^~~~
In file included from /Users/alranel/Documents/git/arduino/arduino-testlib/cli-datadir/user/libraries/AD_Sensors/examples/AverageAnalogSensor/AverageAnalogSensor.ino:14:0:
/Users/alranel/Documents/git/arduino/arduino-testlib/cli-datadir/user/libraries/AD_Sensors/src/AverageSensor.h:81:9: error: &#39;int AverageSensor::read()&#39; marked &#39;override&#39;, but does not override
     int read() override;
         ^~~~
/Users/alranel/Documents/git/arduino/arduino-testlib/cli-datadir/user/libraries/AD_Sensors/examples/AverageAnalogSensor/AverageAnalogSensor.ino: In function &#39;void loop()&#39;:
/Users/alranel/Documents/git/arduino/arduino-testlib/cli-datadir/user/libraries/AD_Sensors/examples/AverageAnalogSensor/AverageAnalogSensor.ino:38:24: error: &#39;class Sensor&#39; has no member named &#39;read&#39;
   Serial.print(origin-&gt;read());
                        ^~~~
/Users/alranel/Documents/git/arduino/arduino-testlib/cli-datadir/user/libraries/AD_Sensors/examples/AverageAnalogSensor/AverageAnalogSensor.ino:40:28: error: &#39;class Sensor&#39; has no member named &#39;read&#39;
   Serial.println(averaged-&gt;read());
                            ^~~~
Multiple libraries were found for &#34;Sensor.h&#34;
  Used: /Users/alranel/Documents/git/arduino/arduino-testlib/cli-datadir/user/libraries/Sensor
  Not used: /Users/alranel/Documents/git/arduino/arduino-testlib/cli-datadir/user/libraries/AD_Sensors
  Not used: /Users/alranel/Documents/git/arduino/arduino-testlib/cli-datadir/user/libraries/uKit_Explore
  Not used: /Users/alranel/Documents/git/arduino/arduino-testlib/cli-datadir/user/libraries/DCCpp
  Not used: /Users/alranel/Documents/git/arduino/arduino-testlib/cli-datadir/user/libraries/Windows_Virtual_Shields_for_Arduino
</pre>
					
					<h4>examples/ConstrainAnalogSensor</h4>
					<p>
						Result: <b>FAIL</b>
					</p>
					<pre class="pre-scrollable">In file included from /Users/alranel/Documents/git/arduino/arduino-testlib/cli-datadir/user/libraries/AD_Sensors/examples/ConstrainAnalogSensor/ConstrainAnalogSensor.ino:13:0:
/Users/alranel/Documents/git/arduino/arduino-testlib/cli-datadir/user/libraries/AD_Sensors/src/AnalogSensor.h:44:9: error: &#39;int AnalogSensor::read()&#39; marked &#39;override&#39;, but does not override
     int read() override;
         ^~~~
In file included from /Users/alranel/Documents/git/arduino/arduino-testlib/cli-datadir/user/libraries/AD_Sensors/examples/ConstrainAnalogSensor/ConstrainAnalogSensor.ino:14:0:
/Users/alranel/Documents/git/arduino/arduino-testlib/cli-datadir/user/libraries/AD_Sensors/src/ConstrainSensor.h:68:9: error: &#39;int ConstrainSensor::read()&#39; marked &#39;override&#39;, but does not override
     int read() override;
         ^~~~
/Users/alranel/Documents/git/arduino/arduino-testlib/cli-datadir/user/libraries/AD_Sensors/examples/ConstrainAnalogSensor/ConstrainAnalogSensor.ino: In function &#39;void loop()&#39;:
/Users/alranel/Documents/git/arduino/arduino-testlib/cli-datadir/user/libraries/AD_Sensors/examples/ConstrainAnalogSensor/ConstrainAnalogSensor.ino:34:24: error: &#39;class Sensor&#39; has no member named &#39;read&#39;
   Serial.print(origin-&gt;read());
                        ^~~~
/Users/alranel/Documents/git/arduino/arduino-testlib/cli-datadir/user/libraries/AD_Sensors/examples/ConstrainAnalogSensor/ConstrainAnalogSensor.ino:36:31: error: &#39;class Sensor&#39; has no member named &#39;read&#39;
   Serial.println(constrained-&gt;read());
                               ^~~~
Multiple libraries were found for &#34;Sensor.h&#34;
  Used: /Users/alranel/Documents/git/arduino/arduino-testlib/cli-datadir/user/libraries/Sensor
  Not used: /Users/alranel/Documents/git/arduino/arduino-testlib/cli-datadir/user/libraries/Windows_Virtual_Shields_for_Arduino
  Not used: /Users/alranel/Documents/git/arduino/arduino-testlib/cli-datadir/user/libraries/uKit_Explore
  Not used: /Users/alranel/Documents/git/arduino/arduino-testlib/cli-datadir/user/libraries/DCCpp
  Not used: /Users/alranel/Documents/git/arduino/arduino-testlib/cli-datadir/user/libraries/AD_Sensors
</pre>
					
					<h4>examples/FullSensor</h4>
					<p>
						Result: <b>FAIL</b>
					</p>
					<pre class="pre-scrollable">In file included from /Users/alranel/Documents/git/arduino/arduino-testlib/cli-datadir/user/libraries/AD_Sensors/examples/FullSensor/FullSensor.ino:14:0:
/Users/alranel/Documents/git/arduino/arduino-testlib/cli-datadir/user/libraries/AD_Sensors/src/AnalogSensor.h:44:9: error: &#39;int AnalogSensor::read()&#39; marked &#39;override&#39;, but does not override
     int read() override;
         ^~~~
In file included from /Users/alranel/Documents/git/arduino/arduino-testlib/cli-datadir/user/libraries/AD_Sensors/examples/FullSensor/FullSensor.ino:15:0:
/Users/alranel/Documents/git/arduino/arduino-testlib/cli-datadir/user/libraries/AD_Sensors/src/AverageSensor.h:81:9: error: &#39;int AverageSensor::read()&#39; marked &#39;override&#39;, but does not override
     int read() override;
         ^~~~
In file included from /Users/alranel/Documents/git/arduino/arduino-testlib/cli-datadir/user/libraries/AD_Sensors/examples/FullSensor/FullSensor.ino:16:0:
/Users/alranel/Documents/git/arduino/arduino-testlib/cli-datadir/user/libraries/AD_Sensors/src/SmoothSensor.h:69:9: error: &#39;int SmoothSensor::read()&#39; marked &#39;override&#39;, but does not override
     int read() override;
         ^~~~
In file included from /Users/alranel/Documents/git/arduino/arduino-testlib/cli-datadir/user/libraries/AD_Sensors/examples/FullSensor/FullSensor.ino:17:0:
/Users/alranel/Documents/git/arduino/arduino-testlib/cli-datadir/user/libraries/AD_Sensors/src/MapSensor.h:72:7: error: &#39;int MapSensor::read()&#39; marked &#39;override&#39;, but does not override
   int read() override;
       ^~~~
In file included from /Users/alranel/Documents/git/arduino/arduino-testlib/cli-datadir/user/libraries/AD_Sensors/examples/FullSensor/FullSensor.ino:18:0:
/Users/alranel/Documents/git/arduino/arduino-testlib/cli-datadir/user/libraries/AD_Sensors/src/ConstrainSensor.h:68:9: error: &#39;int ConstrainSensor::read()&#39; marked &#39;override&#39;, but does not override
     int read() override;
         ^~~~
/Users/alranel/Documents/git/arduino/arduino-testlib/cli-datadir/user/libraries/AD_Sensors/examples/FullSensor/FullSensor.ino: In function &#39;void loop()&#39;:
/Users/alranel/Documents/git/arduino/arduino-testlib/cli-datadir/user/libraries/AD_Sensors/examples/FullSensor/FullSensor.ino:54:26: error: &#39;class Sensor&#39; has no member named &#39;read&#39;
   Serial.println(sensor-&gt;read());
                          ^~~~
Multiple libraries were found for &#34;Sensor.h&#34;
  Used: /Users/alranel/Documents/git/arduino/arduino-testlib/cli-datadir/user/libraries/Sensor
  Not used: /Users/alranel/Documents/git/arduino/arduino-testlib/cli-datadir/user/libraries/Windows_Virtual_Shields_for_Arduino
  Not used: /Users/alranel/Documents/git/arduino/arduino-testlib/cli-datadir/user/libraries/uKit_Explore
  Not used: /Users/alranel/Documents/git/arduino/arduino-testlib/cli-datadir/user/libraries/AD_Sensors
  Not used: /Users/alranel/Documents/git/arduino/arduino-testlib/cli-datadir/user/libraries/DCCpp
</pre>
					
					<h4>examples/InvertDigitalSensor</h4>
					<p>
						Result: <b>PASS</b>
					</p>
					<pre class="pre-scrollable">Sketch uses 2672 bytes (8%) of program storage space. Maximum is 32256 bytes.
Global variables use 236 bytes (11%) of dynamic memory, leaving 1812 bytes for local variables. Maximum is 2048 bytes.
</pre>
					
					<h4>examples/MapAnalogSensor</h4>
					<p>
						Result: <b>FAIL</b>
					</p>
					<pre class="pre-scrollable">In file included from /Users/alranel/Documents/git/arduino/arduino-testlib/cli-datadir/user/libraries/AD_Sensors/examples/MapAnalogSensor/MapAnalogSensor.ino:13:0:
/Users/alranel/Documents/git/arduino/arduino-testlib/cli-datadir/user/libraries/AD_Sensors/src/AnalogSensor.h:44:9: error: &#39;int AnalogSensor::read()&#39; marked &#39;override&#39;, but does not override
     int read() override;
         ^~~~
In file included from /Users/alranel/Documents/git/arduino/arduino-testlib/cli-datadir/user/libraries/AD_Sensors/examples/MapAnalogSensor/MapAnalogSensor.ino:14:0:
/Users/alranel/Documents/git/arduino/arduino-testlib/cli-datadir/user/libraries/AD_Sensors/src/MapSensor.h:72:7: error: &#39;int MapSensor::read()&#39; marked &#39;override&#39;, but does not override
   int read() override;
       ^~~~
/Users/alranel/Documents/git/arduino/arduino-testlib/cli-datadir/user/libraries/AD_Sensors/examples/MapAnalogSensor/MapAnalogSensor.ino: In function &#39;void loop()&#39;:
/Users/alranel/Documents/git/arduino/arduino-testlib/cli-datadir/user/libraries/AD_Sensors/examples/MapAnalogSensor/MapAnalogSensor.ino:36:24: error: &#39;class Sensor&#39; has no member named &#39;read&#39;
   Serial.print(origin-&gt;read());
                        ^~~~
/Users/alranel/Documents/git/arduino/arduino-testlib/cli-datadir/user/libraries/AD_Sensors/examples/MapAnalogSensor/MapAnalogSensor.ino:38:29: error: &#39;class Sensor&#39; has no member named &#39;read&#39;
   Serial.println(mapSensor-&gt;read());
                             ^~~~
Multiple libraries were found for &#34;Sensor.h&#34;
  Used: /Users/alranel/Documents/git/arduino/arduino-testlib/cli-datadir/user/libraries/Sensor
  Not used: /Users/alranel/Documents/git/arduino/arduino-testlib/cli-datadir/user/libraries/Windows_Virtual_Shields_for_Arduino
  Not used: /Users/alranel/Documents/git/arduino/arduino-testlib/cli-datadir/user/libraries/AD_Sensors
  Not used: /Users/alranel/Documents/git/arduino/arduino-testlib/cli-datadir/user/libraries/DCCpp
  Not used: /Users/alranel/Documents/git/arduino/arduino-testlib/cli-datadir/user/libraries/uKit_Explore
</pre>
					
					<h4>examples/MapAndConstrainAnalogSensor</h4>
					<p>
						Result: <b>FAIL</b>
					</p>
					<pre class="pre-scrollable">In file included from /Users/alranel/Documents/git/arduino/arduino-testlib/cli-datadir/user/libraries/AD_Sensors/examples/MapAndConstrainAnalogSensor/MapAndConstrainAnalogSensor.ino:14:0:
/Users/alranel/Documents/git/arduino/arduino-testlib/cli-datadir/user/libraries/AD_Sensors/src/AnalogSensor.h:44:9: error: &#39;int AnalogSensor::read()&#39; marked &#39;override&#39;, but does not override
     int read() override;
         ^~~~
In file included from /Users/alranel/Documents/git/arduino/arduino-testlib/cli-datadir/user/libraries/AD_Sensors/examples/MapAndConstrainAnalogSensor/MapAndConstrainAnalogSensor.ino:15:0:
/Users/alranel/Documents/git/arduino/arduino-testlib/cli-datadir/user/libraries/AD_Sensors/src/MapSensor.h:72:7: error: &#39;int MapSensor::read()&#39; marked &#39;override&#39;, but does not override
   int read() override;
       ^~~~
In file included from /Users/alranel/Documents/git/arduino/arduino-testlib/cli-datadir/user/libraries/AD_Sensors/examples/MapAndConstrainAnalogSensor/MapAndConstrainAnalogSensor.ino:16:0:
/Users/alranel/Documents/git/arduino/arduino-testlib/cli-datadir/user/libraries/AD_Sensors/src/ConstrainSensor.h:68:9: error: &#39;int ConstrainSensor::read()&#39; marked &#39;override&#39;, but does not override
     int read() override;
         ^~~~
/Users/alranel/Documents/git/arduino/arduino-testlib/cli-datadir/user/libraries/AD_Sensors/examples/MapAndConstrainAnalogSensor/MapAndConstrainAnalogSensor.ino: In function &#39;void loop()&#39;:
/Users/alranel/Documents/git/arduino/arduino-testlib/cli-datadir/user/libraries/AD_Sensors/examples/MapAndConstrainAnalogSensor/MapAndConstrainAnalogSensor.ino:42:30: error: &#39;class Sensor&#39; has no member named &#39;read&#39;
   Serial.print(analogSensor-&gt;read());
                              ^~~~
/Users/alranel/Documents/git/arduino/arduino-testlib/cli-datadir/user/libraries/AD_Sensors/examples/MapAndConstrainAnalogSensor/MapAndConstrainAnalogSensor.ino:44:27: error: &#39;class Sensor&#39; has no member named &#39;read&#39;
   Serial.print(mapSensor-&gt;read());
                           ^~~~
/Users/alranel/Documents/git/arduino/arduino-testlib/cli-datadir/user/libraries/AD_Sensors/examples/MapAndConstrainAnalogSensor/MapAndConstrainAnalogSensor.ino:46:35: error: &#39;class Sensor&#39; has no member named &#39;read&#39;
   Serial.println(constrainSensor-&gt;read());
                                   ^~~~
Multiple libraries were found for &#34;Sensor.h&#34;
  Used: /Users/alranel/Documents/git/arduino/arduino-testlib/cli-datadir/user/libraries/Sensor
  Not used: /Users/alranel/Documents/git/arduino/arduino-testlib/cli-datadir/user/libraries/uKit_Explore
  Not used: /Users/alranel/Documents/git/arduino/arduino-testlib/cli-datadir/user/libraries/AD_Sensors
  Not used: /Users/alranel/Documents/git/arduino/arduino-testlib/cli-datadir/user/libraries/Windows_Virtual_Shields_for_Arduino
  Not used: /Users/alranel/Documents/git/arduino/arduino-testlib/cli-datadir/user/libraries/DCCpp
</pre>
					
					<h4>examples/SerialAnalogSensor</h4>
					<p>
						Result: <b>PASS</b>
					</p>
					<pre class="pre-scrollable">Sketch uses 2724 bytes (8%) of program storage space. Maximum is 32256 bytes.
Global variables use 226 bytes (11%) of dynamic memory, leaving 1822 bytes for local variables. Maximum is 2048 bytes.
</pre>
					
					<h4>examples/SerialDigitalSensor</h4>
					<p>
						Result: <b>PASS</b>
					</p>
					<pre class="pre-scrollable">Sketch uses 2676 bytes (8%) of program storage space. Maximum is 32256 bytes.
Global variables use 236 bytes (11%) of dynamic memory, leaving 1812 bytes for local variables. Maximum is 2048 bytes.
</pre>
					
					<h4>examples/SmoothAnalogSensor</h4>
					<p>
						Result: <b>FAIL</b>
					</p>
					<pre class="pre-scrollable">In file included from /Users/alranel/Documents/git/arduino/arduino-testlib/cli-datadir/user/libraries/AD_Sensors/examples/SmoothAnalogSensor/SmoothAnalogSensor.ino:13:0:
/Users/alranel/Documents/git/arduino/arduino-testlib/cli-datadir/user/libraries/AD_Sensors/src/AnalogSensor.h:44:9: error: &#39;int AnalogSensor::read()&#39; marked &#39;override&#39;, but does not override
     int read() override;
         ^~~~
In file included from /Users/alranel/Documents/git/arduino/arduino-testlib/cli-datadir/user/libraries/AD_Sensors/examples/SmoothAnalogSensor/SmoothAnalogSensor.ino:14:0:
/Users/alranel/Documents/git/arduino/arduino-testlib/cli-datadir/user/libraries/AD_Sensors/src/SmoothSensor.h:69:9: error: &#39;int SmoothSensor::read()&#39; marked &#39;override&#39;, but does not override
     int read() override;
         ^~~~
/Users/alranel/Documents/git/arduino/arduino-testlib/cli-datadir/user/libraries/AD_Sensors/examples/SmoothAnalogSensor/SmoothAnalogSensor.ino: In function &#39;void loop()&#39;:
/Users/alranel/Documents/git/arduino/arduino-testlib/cli-datadir/user/libraries/AD_Sensors/examples/SmoothAnalogSensor/SmoothAnalogSensor.ino:33:24: error: &#39;class Sensor&#39; has no member named &#39;read&#39;
   Serial.print(origin-&gt;read());
                        ^~~~
/Users/alranel/Documents/git/arduino/arduino-testlib/cli-datadir/user/libraries/AD_Sensors/examples/SmoothAnalogSensor/SmoothAnalogSensor.ino:35:28: error: &#39;class Sensor&#39; has no member named &#39;read&#39;
   Serial.println(smoothed-&gt;read());
                            ^~~~
Multiple libraries were found for &#34;Sensor.h&#34;
  Used: /Users/alranel/Documents/git/arduino/arduino-testlib/cli-datadir/user/libraries/Sensor
  Not used: /Users/alranel/Documents/git/arduino/arduino-testlib/cli-datadir/user/libraries/DCCpp
  Not used: /Users/alranel/Documents/git/arduino/arduino-testlib/cli-datadir/user/libraries/uKit_Explore
  Not used: /Users/alranel/Documents/git/arduino/arduino-testlib/cli-datadir/user/libraries/AD_Sensors
  Not used: /Users/alranel/Documents/git/arduino/arduino-testlib/cli-datadir/user/libraries/Windows_Virtual_Shields_for_Arduino
</pre>
					
				
				<h3 id="arduino:mbed_nano:nanorp2040connect">arduino:mbed_nano:nanorp2040connect @ 2.7.2</h3>
				<h4>Inclusion</h4>
				<p>
					Result: <b>PASS</b>
					
				</p>
				<pre class="pre-scrollable">Sketch uses 78756 bytes (0%) of program storage space. Maximum is 16777216 bytes.
Global variables use 43444 bytes (16%) of dynamic memory, leaving 226892 bytes for local variables. Maximum is 270336 bytes.
</pre>

					
					<h4>examples/AverageAnalogSensor</h4>
					<p>
						Result: <b>FAIL</b>
					</p>
					<pre class="pre-scrollable">In file included from /home/ec2-user/arduino-testlib/cli-datadir/user/libraries/AD_Sensors/examples/AverageAnalogSensor/AverageAnalogSensor.ino:13:0:
/home/ec2-user/arduino-testlib/cli-datadir/user/libraries/AD_Sensors/src/AnalogSensor.h:44:9: error: &#39;int AnalogSensor::read()&#39; marked &#39;override&#39;, but does not override
     int read() override;
         ^~~~
In file included from /home/ec2-user/arduino-testlib/cli-datadir/user/libraries/AD_Sensors/examples/AverageAnalogSensor/AverageAnalogSensor.ino:14:0:
/home/ec2-user/arduino-testlib/cli-datadir/user/libraries/AD_Sensors/src/AverageSensor.h:81:9: error: &#39;int AverageSensor::read()&#39; marked &#39;override&#39;, but does not override
     int read() override;
         ^~~~
/home/ec2-user/arduino-testlib/cli-datadir/user/libraries/AD_Sensors/examples/AverageAnalogSensor/AverageAnalogSensor.ino: In function &#39;void loop()&#39;:
/home/ec2-user/arduino-testlib/cli-datadir/user/libraries/AD_Sensors/examples/AverageAnalogSensor/AverageAnalogSensor.ino:38:24: error: &#39;class Sensor&#39; has no member named &#39;read&#39;
   Serial.print(origin-&gt;read());
                        ^~~~
/home/ec2-user/arduino-testlib/cli-datadir/user/libraries/AD_Sensors/examples/AverageAnalogSensor/AverageAnalogSensor.ino:40:28: error: &#39;class Sensor&#39; has no member named &#39;read&#39;
   Serial.println(averaged-&gt;read());
                            ^~~~
Multiple libraries were found for &#34;Sensor.h&#34;
  Used: /home/ec2-user/arduino-testlib/cli-datadir/user/libraries/Sensor
  Not used: /home/ec2-user/arduino-testlib/cli-datadir/user/libraries/uKit_Explore
  Not used: /home/ec2-user/arduino-testlib/cli-datadir/user/libraries/Windows_Virtual_Shields_for_Arduino
  Not used: /home/ec2-user/arduino-testlib/cli-datadir/user/libraries/AD_Sensors
  Not used: /home/ec2-user/arduino-testlib/cli-datadir/user/libraries/DCCpp
</pre>
					
					<h4>examples/ConstrainAnalogSensor</h4>
					<p>
						Result: <b>FAIL</b>
					</p>
					<pre class="pre-scrollable">In file included from /home/ec2-user/arduino-testlib/cli-datadir/user/libraries/AD_Sensors/examples/ConstrainAnalogSensor/ConstrainAnalogSensor.ino:13:0:
/home/ec2-user/arduino-testlib/cli-datadir/user/libraries/AD_Sensors/src/AnalogSensor.h:44:9: error: &#39;int AnalogSensor::read()&#39; marked &#39;override&#39;, but does not override
     int read() override;
         ^~~~
In file included from /home/ec2-user/arduino-testlib/cli-datadir/user/libraries/AD_Sensors/examples/ConstrainAnalogSensor/ConstrainAnalogSensor.ino:14:0:
/home/ec2-user/arduino-testlib/cli-datadir/user/libraries/AD_Sensors/src/ConstrainSensor.h:68:9: error: &#39;int ConstrainSensor::read()&#39; marked &#39;override&#39;, but does not override
     int read() override;
         ^~~~
/home/ec2-user/arduino-testlib/cli-datadir/user/libraries/AD_Sensors/examples/ConstrainAnalogSensor/ConstrainAnalogSensor.ino: In function &#39;void loop()&#39;:
/home/ec2-user/arduino-testlib/cli-datadir/user/libraries/AD_Sensors/examples/ConstrainAnalogSensor/ConstrainAnalogSensor.ino:34:24: error: &#39;class Sensor&#39; has no member named &#39;read&#39;
   Serial.print(origin-&gt;read());
                        ^~~~
/home/ec2-user/arduino-testlib/cli-datadir/user/libraries/AD_Sensors/examples/ConstrainAnalogSensor/ConstrainAnalogSensor.ino:36:31: error: &#39;class Sensor&#39; has no member named &#39;read&#39;
   Serial.println(constrained-&gt;read());
                               ^~~~
Multiple libraries were found for &#34;Sensor.h&#34;
  Used: /home/ec2-user/arduino-testlib/cli-datadir/user/libraries/Sensor
  Not used: /home/ec2-user/arduino-testlib/cli-datadir/user/libraries/AD_Sensors
  Not used: /home/ec2-user/arduino-testlib/cli-datadir/user/libraries/DCCpp
  Not used: /home/ec2-user/arduino-testlib/cli-datadir/user/libraries/uKit_Explore
  Not used: /home/ec2-user/arduino-testlib/cli-datadir/user/libraries/Windows_Virtual_Shields_for_Arduino
</pre>
					
					<h4>examples/FullSensor</h4>
					<p>
						Result: <b>FAIL</b>
					</p>
					<pre class="pre-scrollable">In file included from /home/ec2-user/arduino-testlib/cli-datadir/user/libraries/AD_Sensors/examples/FullSensor/FullSensor.ino:14:0:
/home/ec2-user/arduino-testlib/cli-datadir/user/libraries/AD_Sensors/src/AnalogSensor.h:44:9: error: &#39;int AnalogSensor::read()&#39; marked &#39;override&#39;, but does not override
     int read() override;
         ^~~~
In file included from /home/ec2-user/arduino-testlib/cli-datadir/user/libraries/AD_Sensors/examples/FullSensor/FullSensor.ino:15:0:
/home/ec2-user/arduino-testlib/cli-datadir/user/libraries/AD_Sensors/src/AverageSensor.h:81:9: error: &#39;int AverageSensor::read()&#39; marked &#39;override&#39;, but does not override
     int read() override;
         ^~~~
In file included from /home/ec2-user/arduino-testlib/cli-datadir/user/libraries/AD_Sensors/examples/FullSensor/FullSensor.ino:16:0:
/home/ec2-user/arduino-testlib/cli-datadir/user/libraries/AD_Sensors/src/SmoothSensor.h:69:9: error: &#39;int SmoothSensor::read()&#39; marked &#39;override&#39;, but does not override
     int read() override;
         ^~~~
In file included from /home/ec2-user/arduino-testlib/cli-datadir/user/libraries/AD_Sensors/examples/FullSensor/FullSensor.ino:17:0:
/home/ec2-user/arduino-testlib/cli-datadir/user/libraries/AD_Sensors/src/MapSensor.h:72:7: error: &#39;int MapSensor::read()&#39; marked &#39;override&#39;, but does not override
   int read() override;
       ^~~~
In file included from /home/ec2-user/arduino-testlib/cli-datadir/user/libraries/AD_Sensors/examples/FullSensor/FullSensor.ino:18:0:
/home/ec2-user/arduino-testlib/cli-datadir/user/libraries/AD_Sensors/src/ConstrainSensor.h:68:9: error: &#39;int ConstrainSensor::read()&#39; marked &#39;override&#39;, but does not override
     int read() override;
         ^~~~
/home/ec2-user/arduino-testlib/cli-datadir/user/libraries/AD_Sensors/examples/FullSensor/FullSensor.ino: In function &#39;void loop()&#39;:
/home/ec2-user/arduino-testlib/cli-datadir/user/libraries/AD_Sensors/examples/FullSensor/FullSensor.ino:54:26: error: &#39;class Sensor&#39; has no member named &#39;read&#39;
   Serial.println(sensor-&gt;read());
                          ^~~~
Multiple libraries were found for &#34;Sensor.h&#34;
  Used: /home/ec2-user/arduino-testlib/cli-datadir/user/libraries/Sensor
  Not used: /home/ec2-user/arduino-testlib/cli-datadir/user/libraries/AD_Sensors
  Not used: /home/ec2-user/arduino-testlib/cli-datadir/user/libraries/uKit_Explore
  Not used: /home/ec2-user/arduino-testlib/cli-datadir/user/libraries/DCCpp
  Not used: /home/ec2-user/arduino-testlib/cli-datadir/user/libraries/Windows_Virtual_Shields_for_Arduino
</pre>
					
					<h4>examples/InvertDigitalSensor</h4>
					<p>
						Result: <b>PASS</b>
					</p>
					<pre class="pre-scrollable">Sketch uses 79316 bytes (0%) of program storage space. Maximum is 16777216 bytes.
Global variables use 43448 bytes (16%) of dynamic memory, leaving 226888 bytes for local variables. Maximum is 270336 bytes.
</pre>
					
					<h4>examples/MapAnalogSensor</h4>
					<p>
						Result: <b>FAIL</b>
					</p>
					<pre class="pre-scrollable">In file included from /home/ec2-user/arduino-testlib/cli-datadir/user/libraries/AD_Sensors/examples/MapAnalogSensor/MapAnalogSensor.ino:13:0:
/home/ec2-user/arduino-testlib/cli-datadir/user/libraries/AD_Sensors/src/AnalogSensor.h:44:9: error: &#39;int AnalogSensor::read()&#39; marked &#39;override&#39;, but does not override
     int read() override;
         ^~~~
In file included from /home/ec2-user/arduino-testlib/cli-datadir/user/libraries/AD_Sensors/examples/MapAnalogSensor/MapAnalogSensor.ino:14:0:
/home/ec2-user/arduino-testlib/cli-datadir/user/libraries/AD_Sensors/src/MapSensor.h:72:7: error: &#39;int MapSensor::read()&#39; marked &#39;override&#39;, but does not override
   int read() override;
       ^~~~
/home/ec2-user/arduino-testlib/cli-datadir/user/libraries/AD_Sensors/examples/MapAnalogSensor/MapAnalogSensor.ino: In function &#39;void loop()&#39;:
/home/ec2-user/arduino-testlib/cli-datadir/user/libraries/AD_Sensors/examples/MapAnalogSensor/MapAnalogSensor.ino:36:24: error: &#39;class Sensor&#39; has no member named &#39;read&#39;
   Serial.print(origin-&gt;read());
                        ^~~~
/home/ec2-user/arduino-testlib/cli-datadir/user/libraries/AD_Sensors/examples/MapAnalogSensor/MapAnalogSensor.ino:38:29: error: &#39;class Sensor&#39; has no member named &#39;read&#39;
   Serial.println(mapSensor-&gt;read());
                             ^~~~
Multiple libraries were found for &#34;Sensor.h&#34;
  Used: /home/ec2-user/arduino-testlib/cli-datadir/user/libraries/Sensor
  Not used: /home/ec2-user/arduino-testlib/cli-datadir/user/libraries/AD_Sensors
  Not used: /home/ec2-user/arduino-testlib/cli-datadir/user/libraries/uKit_Explore
  Not used: /home/ec2-user/arduino-testlib/cli-datadir/user/libraries/DCCpp
  Not used: /home/ec2-user/arduino-testlib/cli-datadir/user/libraries/Windows_Virtual_Shields_for_Arduino
</pre>
					
					<h4>examples/MapAndConstrainAnalogSensor</h4>
					<p>
						Result: <b>FAIL</b>
					</p>
					<pre class="pre-scrollable">In file included from /home/ec2-user/arduino-testlib/cli-datadir/user/libraries/AD_Sensors/examples/MapAndConstrainAnalogSensor/MapAndConstrainAnalogSensor.ino:14:0:
/home/ec2-user/arduino-testlib/cli-datadir/user/libraries/AD_Sensors/src/AnalogSensor.h:44:9: error: &#39;int AnalogSensor::read()&#39; marked &#39;override&#39;, but does not override
     int read() override;
         ^~~~
In file included from /home/ec2-user/arduino-testlib/cli-datadir/user/libraries/AD_Sensors/examples/MapAndConstrainAnalogSensor/MapAndConstrainAnalogSensor.ino:15:0:
/home/ec2-user/arduino-testlib/cli-datadir/user/libraries/AD_Sensors/src/MapSensor.h:72:7: error: &#39;int MapSensor::read()&#39; marked &#39;override&#39;, but does not override
   int read() override;
       ^~~~
In file included from /home/ec2-user/arduino-testlib/cli-datadir/user/libraries/AD_Sensors/examples/MapAndConstrainAnalogSensor/MapAndConstrainAnalogSensor.ino:16:0:
/home/ec2-user/arduino-testlib/cli-datadir/user/libraries/AD_Sensors/src/ConstrainSensor.h:68:9: error: &#39;int ConstrainSensor::read()&#39; marked &#39;override&#39;, but does not override
     int read() override;
         ^~~~
/home/ec2-user/arduino-testlib/cli-datadir/user/libraries/AD_Sensors/examples/MapAndConstrainAnalogSensor/MapAndConstrainAnalogSensor.ino: In function &#39;void loop()&#39;:
/home/ec2-user/arduino-testlib/cli-datadir/user/libraries/AD_Sensors/examples/MapAndConstrainAnalogSensor/MapAndConstrainAnalogSensor.ino:42:30: error: &#39;class Sensor&#39; has no member named &#39;read&#39;
   Serial.print(analogSensor-&gt;read());
                              ^~~~
/home/ec2-user/arduino-testlib/cli-datadir/user/libraries/AD_Sensors/examples/MapAndConstrainAnalogSensor/MapAndConstrainAnalogSensor.ino:44:27: error: &#39;class Sensor&#39; has no member named &#39;read&#39;
   Serial.print(mapSensor-&gt;read());
                           ^~~~
/home/ec2-user/arduino-testlib/cli-datadir/user/libraries/AD_Sensors/examples/MapAndConstrainAnalogSensor/MapAndConstrainAnalogSensor.ino:46:35: error: &#39;class Sensor&#39; has no member named &#39;read&#39;
   Serial.println(constrainSensor-&gt;read());
                                   ^~~~
Multiple libraries were found for &#34;Sensor.h&#34;
  Used: /home/ec2-user/arduino-testlib/cli-datadir/user/libraries/Sensor
  Not used: /home/ec2-user/arduino-testlib/cli-datadir/user/libraries/uKit_Explore
  Not used: /home/ec2-user/arduino-testlib/cli-datadir/user/libraries/DCCpp
  Not used: /home/ec2-user/arduino-testlib/cli-datadir/user/libraries/Windows_Virtual_Shields_for_Arduino
  Not used: /home/ec2-user/arduino-testlib/cli-datadir/user/libraries/AD_Sensors
</pre>
					
					<h4>examples/SerialAnalogSensor</h4>
					<p>
						Result: <b>PASS</b>
					</p>
					<pre class="pre-scrollable">Sketch uses 79764 bytes (0%) of program storage space. Maximum is 16777216 bytes.
Global variables use 43520 bytes (16%) of dynamic memory, leaving 226816 bytes for local variables. Maximum is 270336 bytes.
</pre>
					
					<h4>examples/SerialDigitalSensor</h4>
					<p>
						Result: <b>PASS</b>
					</p>
					<pre class="pre-scrollable">Sketch uses 79316 bytes (0%) of program storage space. Maximum is 16777216 bytes.
Global variables use 43448 bytes (16%) of dynamic memory, leaving 226888 bytes for local variables. Maximum is 270336 bytes.
</pre>
					
					<h4>examples/SmoothAnalogSensor</h4>
					<p>
						Result: <b>FAIL</b>
					</p>
					<pre class="pre-scrollable">In file included from /home/ec2-user/arduino-testlib/cli-datadir/user/libraries/AD_Sensors/examples/SmoothAnalogSensor/SmoothAnalogSensor.ino:13:0:
/home/ec2-user/arduino-testlib/cli-datadir/user/libraries/AD_Sensors/src/AnalogSensor.h:44:9: error: &#39;int AnalogSensor::read()&#39; marked &#39;override&#39;, but does not override
     int read() override;
         ^~~~
In file included from /home/ec2-user/arduino-testlib/cli-datadir/user/libraries/AD_Sensors/examples/SmoothAnalogSensor/SmoothAnalogSensor.ino:14:0:
/home/ec2-user/arduino-testlib/cli-datadir/user/libraries/AD_Sensors/src/SmoothSensor.h:69:9: error: &#39;int SmoothSensor::read()&#39; marked &#39;override&#39;, but does not override
     int read() override;
         ^~~~
/home/ec2-user/arduino-testlib/cli-datadir/user/libraries/AD_Sensors/examples/SmoothAnalogSensor/SmoothAnalogSensor.ino: In function &#39;void loop()&#39;:
/home/ec2-user/arduino-testlib/cli-datadir/user/libraries/AD_Sensors/examples/SmoothAnalogSensor/SmoothAnalogSensor.ino:33:24: error: &#39;class Sensor&#39; has no member named &#39;read&#39;
   Serial.print(origin-&gt;read());
                        ^~~~
/home/ec2-user/arduino-testlib/cli-datadir/user/libraries/AD_Sensors/examples/SmoothAnalogSensor/SmoothAnalogSensor.ino:35:28: error: &#39;class Sensor&#39; has no member named &#39;read&#39;
   Serial.println(smoothed-&gt;read());
                            ^~~~
Multiple libraries were found for &#34;Sensor.h&#34;
  Used: /home/ec2-user/arduino-testlib/cli-datadir/user/libraries/Sensor
  Not used: /home/ec2-user/arduino-testlib/cli-datadir/user/libraries/DCCpp
  Not used: /home/ec2-user/arduino-testlib/cli-datadir/user/libraries/uKit_Explore
  Not used: /home/ec2-user/arduino-testlib/cli-datadir/user/libraries/Windows_Virtual_Shields_for_Arduino
  Not used: /home/ec2-user/arduino-testlib/cli-datadir/user/libraries/AD_Sensors
</pre>
					
				
				<h3 id="arduino:megaavr:nona4809">arduino:megaavr:nona4809 @ 1.8.7</h3>
				<h4>Inclusion</h4>
				<p>
					Result: <b>PASS</b>
					
				</p>
				<pre class="pre-scrollable">Sketch uses 802 bytes (1%) of program storage space. Maximum is 49152 bytes.
Global variables use 22 bytes (0%) of dynamic memory, leaving 6122 bytes for local variables. Maximum is 6144 bytes.
</pre>

					
					<h4>examples/AverageAnalogSensor</h4>
					<p>
						Result: <b>FAIL</b>
					</p>
					<pre class="pre-scrollable">In file included from /home/ec2-user/arduino-testlib/cli-datadir/user/libraries/AD_Sensors/examples/AverageAnalogSensor/AverageAnalogSensor.ino:13:0:
/home/ec2-user/arduino-testlib/cli-datadir/user/libraries/AD_Sensors/src/AnalogSensor.h:44:9: error: &#39;int AnalogSensor::read()&#39; marked &#39;override&#39;, but does not override
     int read() override;
         ^~~~
In file included from /home/ec2-user/arduino-testlib/cli-datadir/user/libraries/AD_Sensors/examples/AverageAnalogSensor/AverageAnalogSensor.ino:14:0:
/home/ec2-user/arduino-testlib/cli-datadir/user/libraries/AD_Sensors/src/AverageSensor.h:81:9: error: &#39;int AverageSensor::read()&#39; marked &#39;override&#39;, but does not override
     int read() override;
         ^~~~
/home/ec2-user/arduino-testlib/cli-datadir/user/libraries/AD_Sensors/examples/AverageAnalogSensor/AverageAnalogSensor.ino: In function &#39;void loop()&#39;:
/home/ec2-user/arduino-testlib/cli-datadir/user/libraries/AD_Sensors/examples/AverageAnalogSensor/AverageAnalogSensor.ino:38:24: error: &#39;class Sensor&#39; has no member named &#39;read&#39;
   Serial.print(origin-&gt;read());
                        ^~~~
/home/ec2-user/arduino-testlib/cli-datadir/user/libraries/AD_Sensors/examples/AverageAnalogSensor/AverageAnalogSensor.ino:40:28: error: &#39;class Sensor&#39; has no member named &#39;read&#39;
   Serial.println(averaged-&gt;read());
                            ^~~~
Multiple libraries were found for &#34;Sensor.h&#34;
  Used: /home/ec2-user/arduino-testlib/cli-datadir/user/libraries/Sensor
  Not used: /home/ec2-user/arduino-testlib/cli-datadir/user/libraries/Windows_Virtual_Shields_for_Arduino
  Not used: /home/ec2-user/arduino-testlib/cli-datadir/user/libraries/DCCpp
  Not used: /home/ec2-user/arduino-testlib/cli-datadir/user/libraries/uKit_Explore
  Not used: /home/ec2-user/arduino-testlib/cli-datadir/user/libraries/AD_Sensors
</pre>
					
					<h4>examples/ConstrainAnalogSensor</h4>
					<p>
						Result: <b>FAIL</b>
					</p>
					<pre class="pre-scrollable">In file included from /home/ec2-user/arduino-testlib/cli-datadir/user/libraries/AD_Sensors/examples/ConstrainAnalogSensor/ConstrainAnalogSensor.ino:13:0:
/home/ec2-user/arduino-testlib/cli-datadir/user/libraries/AD_Sensors/src/AnalogSensor.h:44:9: error: &#39;int AnalogSensor::read()&#39; marked &#39;override&#39;, but does not override
     int read() override;
         ^~~~
In file included from /home/ec2-user/arduino-testlib/cli-datadir/user/libraries/AD_Sensors/examples/ConstrainAnalogSensor/ConstrainAnalogSensor.ino:14:0:
/home/ec2-user/arduino-testlib/cli-datadir/user/libraries/AD_Sensors/src/ConstrainSensor.h:68:9: error: &#39;int ConstrainSensor::read()&#39; marked &#39;override&#39;, but does not override
     int read() override;
         ^~~~
/home/ec2-user/arduino-testlib/cli-datadir/user/libraries/AD_Sensors/examples/ConstrainAnalogSensor/ConstrainAnalogSensor.ino: In function &#39;void loop()&#39;:
/home/ec2-user/arduino-testlib/cli-datadir/user/libraries/AD_Sensors/examples/ConstrainAnalogSensor/ConstrainAnalogSensor.ino:34:24: error: &#39;class Sensor&#39; has no member named &#39;read&#39;
   Serial.print(origin-&gt;read());
                        ^~~~
/home/ec2-user/arduino-testlib/cli-datadir/user/libraries/AD_Sensors/examples/ConstrainAnalogSensor/ConstrainAnalogSensor.ino:36:31: error: &#39;class Sensor&#39; has no member named &#39;read&#39;
   Serial.println(constrained-&gt;read());
                               ^~~~
Multiple libraries were found for &#34;Sensor.h&#34;
  Used: /home/ec2-user/arduino-testlib/cli-datadir/user/libraries/Sensor
  Not used: /home/ec2-user/arduino-testlib/cli-datadir/user/libraries/uKit_Explore
  Not used: /home/ec2-user/arduino-testlib/cli-datadir/user/libraries/Windows_Virtual_Shields_for_Arduino
  Not used: /home/ec2-user/arduino-testlib/cli-datadir/user/libraries/DCCpp
  Not used: /home/ec2-user/arduino-testlib/cli-datadir/user/libraries/AD_Sensors
</pre>
					
					<h4>examples/FullSensor</h4>
					<p>
						Result: <b>FAIL</b>
					</p>
					<pre class="pre-scrollable">In file included from /home/ec2-user/arduino-testlib/cli-datadir/user/libraries/AD_Sensors/examples/FullSensor/FullSensor.ino:14:0:
/home/ec2-user/arduino-testlib/cli-datadir/user/libraries/AD_Sensors/src/AnalogSensor.h:44:9: error: &#39;int AnalogSensor::read()&#39; marked &#39;override&#39;, but does not override
     int read() override;
         ^~~~
In file included from /home/ec2-user/arduino-testlib/cli-datadir/user/libraries/AD_Sensors/examples/FullSensor/FullSensor.ino:15:0:
/home/ec2-user/arduino-testlib/cli-datadir/user/libraries/AD_Sensors/src/AverageSensor.h:81:9: error: &#39;int AverageSensor::read()&#39; marked &#39;override&#39;, but does not override
     int read() override;
         ^~~~
In file included from /home/ec2-user/arduino-testlib/cli-datadir/user/libraries/AD_Sensors/examples/FullSensor/FullSensor.ino:16:0:
/home/ec2-user/arduino-testlib/cli-datadir/user/libraries/AD_Sensors/src/SmoothSensor.h:69:9: error: &#39;int SmoothSensor::read()&#39; marked &#39;override&#39;, but does not override
     int read() override;
         ^~~~
In file included from /home/ec2-user/arduino-testlib/cli-datadir/user/libraries/AD_Sensors/examples/FullSensor/FullSensor.ino:17:0:
/home/ec2-user/arduino-testlib/cli-datadir/user/libraries/AD_Sensors/src/MapSensor.h:72:7: error: &#39;int MapSensor::read()&#39; marked &#39;override&#39;, but does not override
   int read() override;
       ^~~~
In file included from /home/ec2-user/arduino-testlib/cli-datadir/user/libraries/AD_Sensors/examples/FullSensor/FullSensor.ino:18:0:
/home/ec2-user/arduino-testlib/cli-datadir/user/libraries/AD_Sensors/src/ConstrainSensor.h:68:9: error: &#39;int ConstrainSensor::read()&#39; marked &#39;override&#39;, but does not override
     int read() override;
         ^~~~
/home/ec2-user/arduino-testlib/cli-datadir/user/libraries/AD_Sensors/examples/FullSensor/FullSensor.ino: In function &#39;void loop()&#39;:
/home/ec2-user/arduino-testlib/cli-datadir/user/libraries/AD_Sensors/examples/FullSensor/FullSensor.ino:54:26: error: &#39;class Sensor&#39; has no member named &#39;read&#39;
   Serial.println(sensor-&gt;read());
                          ^~~~
Multiple libraries were found for &#34;Sensor.h&#34;
  Used: /home/ec2-user/arduino-testlib/cli-datadir/user/libraries/Sensor
  Not used: /home/ec2-user/arduino-testlib/cli-datadir/user/libraries/uKit_Explore
  Not used: /home/ec2-user/arduino-testlib/cli-datadir/user/libraries/Windows_Virtual_Shields_for_Arduino
  Not used: /home/ec2-user/arduino-testlib/cli-datadir/user/libraries/AD_Sensors
  Not used: /home/ec2-user/arduino-testlib/cli-datadir/user/libraries/DCCpp
</pre>
					
					<h4>examples/InvertDigitalSensor</h4>
					<p>
						Result: <b>PASS</b>
					</p>
					<pre class="pre-scrollable">Sketch uses 3649 bytes (7%) of program storage space. Maximum is 49152 bytes.
Global variables use 189 bytes (3%) of dynamic memory, leaving 5955 bytes for local variables. Maximum is 6144 bytes.
</pre>
					
					<h4>examples/MapAnalogSensor</h4>
					<p>
						Result: <b>FAIL</b>
					</p>
					<pre class="pre-scrollable">In file included from /home/ec2-user/arduino-testlib/cli-datadir/user/libraries/AD_Sensors/examples/MapAnalogSensor/MapAnalogSensor.ino:13:0:
/home/ec2-user/arduino-testlib/cli-datadir/user/libraries/AD_Sensors/src/AnalogSensor.h:44:9: error: &#39;int AnalogSensor::read()&#39; marked &#39;override&#39;, but does not override
     int read() override;
         ^~~~
In file included from /home/ec2-user/arduino-testlib/cli-datadir/user/libraries/AD_Sensors/examples/MapAnalogSensor/MapAnalogSensor.ino:14:0:
/home/ec2-user/arduino-testlib/cli-datadir/user/libraries/AD_Sensors/src/MapSensor.h:72:7: error: &#39;int MapSensor::read()&#39; marked &#39;override&#39;, but does not override
   int read() override;
       ^~~~
/home/ec2-user/arduino-testlib/cli-datadir/user/libraries/AD_Sensors/examples/MapAnalogSensor/MapAnalogSensor.ino: In function &#39;void loop()&#39;:
/home/ec2-user/arduino-testlib/cli-datadir/user/libraries/AD_Sensors/examples/MapAnalogSensor/MapAnalogSensor.ino:36:24: error: &#39;class Sensor&#39; has no member named &#39;read&#39;
   Serial.print(origin-&gt;read());
                        ^~~~
/home/ec2-user/arduino-testlib/cli-datadir/user/libraries/AD_Sensors/examples/MapAnalogSensor/MapAnalogSensor.ino:38:29: error: &#39;class Sensor&#39; has no member named &#39;read&#39;
   Serial.println(mapSensor-&gt;read());
                             ^~~~
Multiple libraries were found for &#34;Sensor.h&#34;
  Used: /home/ec2-user/arduino-testlib/cli-datadir/user/libraries/Sensor
  Not used: /home/ec2-user/arduino-testlib/cli-datadir/user/libraries/Windows_Virtual_Shields_for_Arduino
  Not used: /home/ec2-user/arduino-testlib/cli-datadir/user/libraries/uKit_Explore
  Not used: /home/ec2-user/arduino-testlib/cli-datadir/user/libraries/DCCpp
  Not used: /home/ec2-user/arduino-testlib/cli-datadir/user/libraries/AD_Sensors
</pre>
					
					<h4>examples/MapAndConstrainAnalogSensor</h4>
					<p>
						Result: <b>FAIL</b>
					</p>
					<pre class="pre-scrollable">In file included from /home/ec2-user/arduino-testlib/cli-datadir/user/libraries/AD_Sensors/examples/MapAndConstrainAnalogSensor/MapAndConstrainAnalogSensor.ino:14:0:
/home/ec2-user/arduino-testlib/cli-datadir/user/libraries/AD_Sensors/src/AnalogSensor.h:44:9: error: &#39;int AnalogSensor::read()&#39; marked &#39;override&#39;, but does not override
     int read() override;
         ^~~~
In file included from /home/ec2-user/arduino-testlib/cli-datadir/user/libraries/AD_Sensors/examples/MapAndConstrainAnalogSensor/MapAndConstrainAnalogSensor.ino:15:0:
/home/ec2-user/arduino-testlib/cli-datadir/user/libraries/AD_Sensors/src/MapSensor.h:72:7: error: &#39;int MapSensor::read()&#39; marked &#39;override&#39;, but does not override
   int read() override;
       ^~~~
In file included from /home/ec2-user/arduino-testlib/cli-datadir/user/libraries/AD_Sensors/examples/MapAndConstrainAnalogSensor/MapAndConstrainAnalogSensor.ino:16:0:
/home/ec2-user/arduino-testlib/cli-datadir/user/libraries/AD_Sensors/src/ConstrainSensor.h:68:9: error: &#39;int ConstrainSensor::read()&#39; marked &#39;override&#39;, but does not override
     int read() override;
         ^~~~
/home/ec2-user/arduino-testlib/cli-datadir/user/libraries/AD_Sensors/examples/MapAndConstrainAnalogSensor/MapAndConstrainAnalogSensor.ino: In function &#39;void loop()&#39;:
/home/ec2-user/arduino-testlib/cli-datadir/user/libraries/AD_Sensors/examples/MapAndConstrainAnalogSensor/MapAndConstrainAnalogSensor.ino:42:30: error: &#39;class Sensor&#39; has no member named &#39;read&#39;
   Serial.print(analogSensor-&gt;read());
                              ^~~~
/home/ec2-user/arduino-testlib/cli-datadir/user/libraries/AD_Sensors/examples/MapAndConstrainAnalogSensor/MapAndConstrainAnalogSensor.ino:44:27: error: &#39;class Sensor&#39; has no member named &#39;read&#39;
   Serial.print(mapSensor-&gt;read());
                           ^~~~
/home/ec2-user/arduino-testlib/cli-datadir/user/libraries/AD_Sensors/examples/MapAndConstrainAnalogSensor/MapAndConstrainAnalogSensor.ino:46:35: error: &#39;class Sensor&#39; has no member named &#39;read&#39;
   Serial.println(constrainSensor-&gt;read());
                                   ^~~~
Multiple libraries were found for &#34;Sensor.h&#34;
  Used: /home/ec2-user/arduino-testlib/cli-datadir/user/libraries/Sensor
  Not used: /home/ec2-user/arduino-testlib/cli-datadir/user/libraries/DCCpp
  Not used: /home/ec2-user/arduino-testlib/cli-datadir/user/libraries/uKit_Explore
  Not used: /home/ec2-user/arduino-testlib/cli-datadir/user/libraries/Windows_Virtual_Shields_for_Arduino
  Not used: /home/ec2-user/arduino-testlib/cli-datadir/user/libraries/AD_Sensors
</pre>
					
					<h4>examples/SerialAnalogSensor</h4>
					<p>
						Result: <b>PASS</b>
					</p>
					<pre class="pre-scrollable">Sketch uses 3787 bytes (7%) of program storage space. Maximum is 49152 bytes.
Global variables use 189 bytes (3%) of dynamic memory, leaving 5955 bytes for local variables. Maximum is 6144 bytes.
</pre>
					
					<h4>examples/SerialDigitalSensor</h4>
					<p>
						Result: <b>PASS</b>
					</p>
					<pre class="pre-scrollable">Sketch uses 3651 bytes (7%) of program storage space. Maximum is 49152 bytes.
Global variables use 189 bytes (3%) of dynamic memory, leaving 5955 bytes for local variables. Maximum is 6144 bytes.
</pre>
					
					<h4>examples/SmoothAnalogSensor</h4>
					<p>
						Result: <b>FAIL</b>
					</p>
					<pre class="pre-scrollable">In file included from /home/ec2-user/arduino-testlib/cli-datadir/user/libraries/AD_Sensors/examples/SmoothAnalogSensor/SmoothAnalogSensor.ino:13:0:
/home/ec2-user/arduino-testlib/cli-datadir/user/libraries/AD_Sensors/src/AnalogSensor.h:44:9: error: &#39;int AnalogSensor::read()&#39; marked &#39;override&#39;, but does not override
     int read() override;
         ^~~~
In file included from /home/ec2-user/arduino-testlib/cli-datadir/user/libraries/AD_Sensors/examples/SmoothAnalogSensor/SmoothAnalogSensor.ino:14:0:
/home/ec2-user/arduino-testlib/cli-datadir/user/libraries/AD_Sensors/src/SmoothSensor.h:69:9: error: &#39;int SmoothSensor::read()&#39; marked &#39;override&#39;, but does not override
     int read() override;
         ^~~~
/home/ec2-user/arduino-testlib/cli-datadir/user/libraries/AD_Sensors/examples/SmoothAnalogSensor/SmoothAnalogSensor.ino: In function &#39;void loop()&#39;:
/home/ec2-user/arduino-testlib/cli-datadir/user/libraries/AD_Sensors/examples/SmoothAnalogSensor/SmoothAnalogSensor.ino:33:24: error: &#39;class Sensor&#39; has no member named &#39;read&#39;
   Serial.print(origin-&gt;read());
                        ^~~~
/home/ec2-user/arduino-testlib/cli-datadir/user/libraries/AD_Sensors/examples/SmoothAnalogSensor/SmoothAnalogSensor.ino:35:28: error: &#39;class Sensor&#39; has no member named &#39;read&#39;
   Serial.println(smoothed-&gt;read());
                            ^~~~
Multiple libraries were found for &#34;Sensor.h&#34;
  Used: /home/ec2-user/arduino-testlib/cli-datadir/user/libraries/Sensor
  Not used: /home/ec2-user/arduino-testlib/cli-datadir/user/libraries/uKit_Explore
  Not used: /home/ec2-user/arduino-testlib/cli-datadir/user/libraries/AD_Sensors
  Not used: /home/ec2-user/arduino-testlib/cli-datadir/user/libraries/DCCpp
  Not used: /home/ec2-user/arduino-testlib/cli-datadir/user/libraries/Windows_Virtual_Shields_for_Arduino
</pre>
					
				
				<h3 id="arduino:samd:mkrwifi1010">arduino:samd:mkrwifi1010 @ 1.8.12</h3>
				<h4>Inclusion</h4>
				<p>
					Result: <b>PASS</b>
					
					<br />This library has no main header file so an empty one was created.
					
				</p>
				<pre class="pre-scrollable">Sketch uses 12156 bytes (4%) of program storage space. Maximum is 262144 bytes.
Global variables use 2996 bytes (9%) of dynamic memory, leaving 29772 bytes for local variables. Maximum is 32768 bytes.
</pre>

					
					<h4>examples/AverageAnalogSensor</h4>
					<p>
						Result: <b>FAIL</b>
					</p>
					<pre class="pre-scrollable">In file included from /Users/alranel/Documents/git/arduino/arduino-testlib/cli-datadir/user/libraries/AD_Sensors/examples/AverageAnalogSensor/AverageAnalogSensor.ino:13:0:
/Users/alranel/Documents/git/arduino/arduino-testlib/cli-datadir/user/libraries/AD_Sensors/src/AnalogSensor.h:44:9: error: &#39;int AnalogSensor::read()&#39; marked &#39;override&#39;, but does not override
     int read() override;
         ^~~~
In file included from /Users/alranel/Documents/git/arduino/arduino-testlib/cli-datadir/user/libraries/AD_Sensors/examples/AverageAnalogSensor/AverageAnalogSensor.ino:14:0:
/Users/alranel/Documents/git/arduino/arduino-testlib/cli-datadir/user/libraries/AD_Sensors/src/AverageSensor.h:81:9: error: &#39;int AverageSensor::read()&#39; marked &#39;override&#39;, but does not override
     int read() override;
         ^~~~
/Users/alranel/Documents/git/arduino/arduino-testlib/cli-datadir/user/libraries/AD_Sensors/examples/AverageAnalogSensor/AverageAnalogSensor.ino: In function &#39;void loop()&#39;:
/Users/alranel/Documents/git/arduino/arduino-testlib/cli-datadir/user/libraries/AD_Sensors/examples/AverageAnalogSensor/AverageAnalogSensor.ino:38:24: error: &#39;class Sensor&#39; has no member named &#39;read&#39;
   Serial.print(origin-&gt;read());
                        ^~~~
/Users/alranel/Documents/git/arduino/arduino-testlib/cli-datadir/user/libraries/AD_Sensors/examples/AverageAnalogSensor/AverageAnalogSensor.ino:40:28: error: &#39;class Sensor&#39; has no member named &#39;read&#39;
   Serial.println(averaged-&gt;read());
                            ^~~~
Multiple libraries were found for &#34;Sensor.h&#34;
  Used: /Users/alranel/Documents/git/arduino/arduino-testlib/cli-datadir/user/libraries/Sensor
  Not used: /Users/alranel/Documents/git/arduino/arduino-testlib/cli-datadir/user/libraries/uKit_Explore
  Not used: /Users/alranel/Documents/git/arduino/arduino-testlib/cli-datadir/user/libraries/DCCpp
  Not used: /Users/alranel/Documents/git/arduino/arduino-testlib/cli-datadir/user/libraries/Windows_Virtual_Shields_for_Arduino
  Not used: /Users/alranel/Documents/git/arduino/arduino-testlib/cli-datadir/user/libraries/AD_Sensors
</pre>
					
					<h4>examples/ConstrainAnalogSensor</h4>
					<p>
						Result: <b>FAIL</b>
					</p>
					<pre class="pre-scrollable">In file included from /Users/alranel/Documents/git/arduino/arduino-testlib/cli-datadir/user/libraries/AD_Sensors/examples/ConstrainAnalogSensor/ConstrainAnalogSensor.ino:13:0:
/Users/alranel/Documents/git/arduino/arduino-testlib/cli-datadir/user/libraries/AD_Sensors/src/AnalogSensor.h:44:9: error: &#39;int AnalogSensor::read()&#39; marked &#39;override&#39;, but does not override
     int read() override;
         ^~~~
In file included from /Users/alranel/Documents/git/arduino/arduino-testlib/cli-datadir/user/libraries/AD_Sensors/examples/ConstrainAnalogSensor/ConstrainAnalogSensor.ino:14:0:
/Users/alranel/Documents/git/arduino/arduino-testlib/cli-datadir/user/libraries/AD_Sensors/src/ConstrainSensor.h:68:9: error: &#39;int ConstrainSensor::read()&#39; marked &#39;override&#39;, but does not override
     int read() override;
         ^~~~
/Users/alranel/Documents/git/arduino/arduino-testlib/cli-datadir/user/libraries/AD_Sensors/examples/ConstrainAnalogSensor/ConstrainAnalogSensor.ino: In function &#39;void loop()&#39;:
/Users/alranel/Documents/git/arduino/arduino-testlib/cli-datadir/user/libraries/AD_Sensors/examples/ConstrainAnalogSensor/ConstrainAnalogSensor.ino:34:24: error: &#39;class Sensor&#39; has no member named &#39;read&#39;
   Serial.print(origin-&gt;read());
                        ^~~~
/Users/alranel/Documents/git/arduino/arduino-testlib/cli-datadir/user/libraries/AD_Sensors/examples/ConstrainAnalogSensor/ConstrainAnalogSensor.ino:36:31: error: &#39;class Sensor&#39; has no member named &#39;read&#39;
   Serial.println(constrained-&gt;read());
                               ^~~~
Multiple libraries were found for &#34;Sensor.h&#34;
  Used: /Users/alranel/Documents/git/arduino/arduino-testlib/cli-datadir/user/libraries/Sensor
  Not used: /Users/alranel/Documents/git/arduino/arduino-testlib/cli-datadir/user/libraries/DCCpp
  Not used: /Users/alranel/Documents/git/arduino/arduino-testlib/cli-datadir/user/libraries/AD_Sensors
  Not used: /Users/alranel/Documents/git/arduino/arduino-testlib/cli-datadir/user/libraries/Windows_Virtual_Shields_for_Arduino
  Not used: /Users/alranel/Documents/git/arduino/arduino-testlib/cli-datadir/user/libraries/uKit_Explore
</pre>
					
					<h4>examples/FullSensor</h4>
					<p>
						Result: <b>FAIL</b>
					</p>
					<pre class="pre-scrollable">In file included from /Users/alranel/Documents/git/arduino/arduino-testlib/cli-datadir/user/libraries/AD_Sensors/examples/FullSensor/FullSensor.ino:14:0:
/Users/alranel/Documents/git/arduino/arduino-testlib/cli-datadir/user/libraries/AD_Sensors/src/AnalogSensor.h:44:9: error: &#39;int AnalogSensor::read()&#39; marked &#39;override&#39;, but does not override
     int read() override;
         ^~~~
In file included from /Users/alranel/Documents/git/arduino/arduino-testlib/cli-datadir/user/libraries/AD_Sensors/examples/FullSensor/FullSensor.ino:15:0:
/Users/alranel/Documents/git/arduino/arduino-testlib/cli-datadir/user/libraries/AD_Sensors/src/AverageSensor.h:81:9: error: &#39;int AverageSensor::read()&#39; marked &#39;override&#39;, but does not override
     int read() override;
         ^~~~
In file included from /Users/alranel/Documents/git/arduino/arduino-testlib/cli-datadir/user/libraries/AD_Sensors/examples/FullSensor/FullSensor.ino:16:0:
/Users/alranel/Documents/git/arduino/arduino-testlib/cli-datadir/user/libraries/AD_Sensors/src/SmoothSensor.h:69:9: error: &#39;int SmoothSensor::read()&#39; marked &#39;override&#39;, but does not override
     int read() override;
         ^~~~
In file included from /Users/alranel/Documents/git/arduino/arduino-testlib/cli-datadir/user/libraries/AD_Sensors/examples/FullSensor/FullSensor.ino:17:0:
/Users/alranel/Documents/git/arduino/arduino-testlib/cli-datadir/user/libraries/AD_Sensors/src/MapSensor.h:72:7: error: &#39;int MapSensor::read()&#39; marked &#39;override&#39;, but does not override
   int read() override;
       ^~~~
In file included from /Users/alranel/Documents/git/arduino/arduino-testlib/cli-datadir/user/libraries/AD_Sensors/examples/FullSensor/FullSensor.ino:18:0:
/Users/alranel/Documents/git/arduino/arduino-testlib/cli-datadir/user/libraries/AD_Sensors/src/ConstrainSensor.h:68:9: error: &#39;int ConstrainSensor::read()&#39; marked &#39;override&#39;, but does not override
     int read() override;
         ^~~~
/Users/alranel/Documents/git/arduino/arduino-testlib/cli-datadir/user/libraries/AD_Sensors/examples/FullSensor/FullSensor.ino: In function &#39;void loop()&#39;:
/Users/alranel/Documents/git/arduino/arduino-testlib/cli-datadir/user/libraries/AD_Sensors/examples/FullSensor/FullSensor.ino:54:26: error: &#39;class Sensor&#39; has no member named &#39;read&#39;
   Serial.println(sensor-&gt;read());
                          ^~~~
Multiple libraries were found for &#34;Sensor.h&#34;
  Used: /Users/alranel/Documents/git/arduino/arduino-testlib/cli-datadir/user/libraries/Sensor
  Not used: /Users/alranel/Documents/git/arduino/arduino-testlib/cli-datadir/user/libraries/uKit_Explore
  Not used: /Users/alranel/Documents/git/arduino/arduino-testlib/cli-datadir/user/libraries/Windows_Virtual_Shields_for_Arduino
  Not used: /Users/alranel/Documents/git/arduino/arduino-testlib/cli-datadir/user/libraries/DCCpp
  Not used: /Users/alranel/Documents/git/arduino/arduino-testlib/cli-datadir/user/libraries/AD_Sensors
</pre>
					
					<h4>examples/InvertDigitalSensor</h4>
					<p>
						Result: <b>PASS</b>
					</p>
					<pre class="pre-scrollable">Sketch uses 12528 bytes (4%) of program storage space. Maximum is 262144 bytes.
Global variables use 3000 bytes (9%) of dynamic memory, leaving 29768 bytes for local variables. Maximum is 32768 bytes.
</pre>
					
					<h4>examples/MapAnalogSensor</h4>
					<p>
						Result: <b>FAIL</b>
					</p>
					<pre class="pre-scrollable">In file included from /Users/alranel/Documents/git/arduino/arduino-testlib/cli-datadir/user/libraries/AD_Sensors/examples/MapAnalogSensor/MapAnalogSensor.ino:13:0:
/Users/alranel/Documents/git/arduino/arduino-testlib/cli-datadir/user/libraries/AD_Sensors/src/AnalogSensor.h:44:9: error: &#39;int AnalogSensor::read()&#39; marked &#39;override&#39;, but does not override
     int read() override;
         ^~~~
In file included from /Users/alranel/Documents/git/arduino/arduino-testlib/cli-datadir/user/libraries/AD_Sensors/examples/MapAnalogSensor/MapAnalogSensor.ino:14:0:
/Users/alranel/Documents/git/arduino/arduino-testlib/cli-datadir/user/libraries/AD_Sensors/src/MapSensor.h:72:7: error: &#39;int MapSensor::read()&#39; marked &#39;override&#39;, but does not override
   int read() override;
       ^~~~
/Users/alranel/Documents/git/arduino/arduino-testlib/cli-datadir/user/libraries/AD_Sensors/examples/MapAnalogSensor/MapAnalogSensor.ino: In function &#39;void loop()&#39;:
/Users/alranel/Documents/git/arduino/arduino-testlib/cli-datadir/user/libraries/AD_Sensors/examples/MapAnalogSensor/MapAnalogSensor.ino:36:24: error: &#39;class Sensor&#39; has no member named &#39;read&#39;
   Serial.print(origin-&gt;read());
                        ^~~~
/Users/alranel/Documents/git/arduino/arduino-testlib/cli-datadir/user/libraries/AD_Sensors/examples/MapAnalogSensor/MapAnalogSensor.ino:38:29: error: &#39;class Sensor&#39; has no member named &#39;read&#39;
   Serial.println(mapSensor-&gt;read());
                             ^~~~
Multiple libraries were found for &#34;Sensor.h&#34;
  Used: /Users/alranel/Documents/git/arduino/arduino-testlib/cli-datadir/user/libraries/Sensor
  Not used: /Users/alranel/Documents/git/arduino/arduino-testlib/cli-datadir/user/libraries/DCCpp
  Not used: /Users/alranel/Documents/git/arduino/arduino-testlib/cli-datadir/user/libraries/AD_Sensors
  Not used: /Users/alranel/Documents/git/arduino/arduino-testlib/cli-datadir/user/libraries/uKit_Explore
  Not used: /Users/alranel/Documents/git/arduino/arduino-testlib/cli-datadir/user/libraries/Windows_Virtual_Shields_for_Arduino
</pre>
					
					<h4>examples/MapAndConstrainAnalogSensor</h4>
					<p>
						Result: <b>FAIL</b>
					</p>
					<pre class="pre-scrollable">In file included from /Users/alranel/Documents/git/arduino/arduino-testlib/cli-datadir/user/libraries/AD_Sensors/examples/MapAndConstrainAnalogSensor/MapAndConstrainAnalogSensor.ino:14:0:
/Users/alranel/Documents/git/arduino/arduino-testlib/cli-datadir/user/libraries/AD_Sensors/src/AnalogSensor.h:44:9: error: &#39;int AnalogSensor::read()&#39; marked &#39;override&#39;, but does not override
     int read() override;
         ^~~~
In file included from /Users/alranel/Documents/git/arduino/arduino-testlib/cli-datadir/user/libraries/AD_Sensors/examples/MapAndConstrainAnalogSensor/MapAndConstrainAnalogSensor.ino:15:0:
/Users/alranel/Documents/git/arduino/arduino-testlib/cli-datadir/user/libraries/AD_Sensors/src/MapSensor.h:72:7: error: &#39;int MapSensor::read()&#39; marked &#39;override&#39;, but does not override
   int read() override;
       ^~~~
In file included from /Users/alranel/Documents/git/arduino/arduino-testlib/cli-datadir/user/libraries/AD_Sensors/examples/MapAndConstrainAnalogSensor/MapAndConstrainAnalogSensor.ino:16:0:
/Users/alranel/Documents/git/arduino/arduino-testlib/cli-datadir/user/libraries/AD_Sensors/src/ConstrainSensor.h:68:9: error: &#39;int ConstrainSensor::read()&#39; marked &#39;override&#39;, but does not override
     int read() override;
         ^~~~
/Users/alranel/Documents/git/arduino/arduino-testlib/cli-datadir/user/libraries/AD_Sensors/examples/MapAndConstrainAnalogSensor/MapAndConstrainAnalogSensor.ino: In function &#39;void loop()&#39;:
/Users/alranel/Documents/git/arduino/arduino-testlib/cli-datadir/user/libraries/AD_Sensors/examples/MapAndConstrainAnalogSensor/MapAndConstrainAnalogSensor.ino:42:30: error: &#39;class Sensor&#39; has no member named &#39;read&#39;
   Serial.print(analogSensor-&gt;read());
                              ^~~~
/Users/alranel/Documents/git/arduino/arduino-testlib/cli-datadir/user/libraries/AD_Sensors/examples/MapAndConstrainAnalogSensor/MapAndConstrainAnalogSensor.ino:44:27: error: &#39;class Sensor&#39; has no member named &#39;read&#39;
   Serial.print(mapSensor-&gt;read());
                           ^~~~
/Users/alranel/Documents/git/arduino/arduino-testlib/cli-datadir/user/libraries/AD_Sensors/examples/MapAndConstrainAnalogSensor/MapAndConstrainAnalogSensor.ino:46:35: error: &#39;class Sensor&#39; has no member named &#39;read&#39;
   Serial.println(constrainSensor-&gt;read());
                                   ^~~~
Multiple libraries were found for &#34;Sensor.h&#34;
  Used: /Users/alranel/Documents/git/arduino/arduino-testlib/cli-datadir/user/libraries/Sensor
  Not used: /Users/alranel/Documents/git/arduino/arduino-testlib/cli-datadir/user/libraries/AD_Sensors
  Not used: /Users/alranel/Documents/git/arduino/arduino-testlib/cli-datadir/user/libraries/DCCpp
  Not used: /Users/alranel/Documents/git/arduino/arduino-testlib/cli-datadir/user/libraries/uKit_Explore
  Not used: /Users/alranel/Documents/git/arduino/arduino-testlib/cli-datadir/user/libraries/Windows_Virtual_Shields_for_Arduino
</pre>
					
					<h4>examples/SerialAnalogSensor</h4>
					<p>
						Result: <b>PASS</b>
					</p>
					<pre class="pre-scrollable">Sketch uses 12572 bytes (4%) of program storage space. Maximum is 262144 bytes.
Global variables use 3000 bytes (9%) of dynamic memory, leaving 29768 bytes for local variables. Maximum is 32768 bytes.
</pre>
					
					<h4>examples/SerialDigitalSensor</h4>
					<p>
						Result: <b>PASS</b>
					</p>
					<pre class="pre-scrollable">Sketch uses 12528 bytes (4%) of program storage space. Maximum is 262144 bytes.
Global variables use 3000 bytes (9%) of dynamic memory, leaving 29768 bytes for local variables. Maximum is 32768 bytes.
</pre>
					
					<h4>examples/SmoothAnalogSensor</h4>
					<p>
						Result: <b>FAIL</b>
					</p>
					<pre class="pre-scrollable">In file included from /Users/alranel/Documents/git/arduino/arduino-testlib/cli-datadir/user/libraries/AD_Sensors/examples/SmoothAnalogSensor/SmoothAnalogSensor.ino:13:0:
/Users/alranel/Documents/git/arduino/arduino-testlib/cli-datadir/user/libraries/AD_Sensors/src/AnalogSensor.h:44:9: error: &#39;int AnalogSensor::read()&#39; marked &#39;override&#39;, but does not override
     int read() override;
         ^~~~
In file included from /Users/alranel/Documents/git/arduino/arduino-testlib/cli-datadir/user/libraries/AD_Sensors/examples/SmoothAnalogSensor/SmoothAnalogSensor.ino:14:0:
/Users/alranel/Documents/git/arduino/arduino-testlib/cli-datadir/user/libraries/AD_Sensors/src/SmoothSensor.h:69:9: error: &#39;int SmoothSensor::read()&#39; marked &#39;override&#39;, but does not override
     int read() override;
         ^~~~
/Users/alranel/Documents/git/arduino/arduino-testlib/cli-datadir/user/libraries/AD_Sensors/examples/SmoothAnalogSensor/SmoothAnalogSensor.ino: In function &#39;void loop()&#39;:
/Users/alranel/Documents/git/arduino/arduino-testlib/cli-datadir/user/libraries/AD_Sensors/examples/SmoothAnalogSensor/SmoothAnalogSensor.ino:33:24: error: &#39;class Sensor&#39; has no member named &#39;read&#39;
   Serial.print(origin-&gt;read());
                        ^~~~
/Users/alranel/Documents/git/arduino/arduino-testlib/cli-datadir/user/libraries/AD_Sensors/examples/SmoothAnalogSensor/SmoothAnalogSensor.ino:35:28: error: &#39;class Sensor&#39; has no member named &#39;read&#39;
   Serial.println(smoothed-&gt;read());
                            ^~~~
Multiple libraries were found for &#34;Sensor.h&#34;
  Used: /Users/alranel/Documents/git/arduino/arduino-testlib/cli-datadir/user/libraries/Sensor
  Not used: /Users/alranel/Documents/git/arduino/arduino-testlib/cli-datadir/user/libraries/uKit_Explore
  Not used: /Users/alranel/Documents/git/arduino/arduino-testlib/cli-datadir/user/libraries/AD_Sensors
  Not used: /Users/alranel/Documents/git/arduino/arduino-testlib/cli-datadir/user/libraries/DCCpp
  Not used: /Users/alranel/Documents/git/arduino/arduino-testlib/cli-datadir/user/libraries/Windows_Virtual_Shields_for_Arduino
</pre>
					
				
				<h3 id="esp32:esp32:d1_mini32">esp32:esp32:d1_mini32 @ 1.0.6</h3>
				<h4>Inclusion</h4>
				<p>
					Result: <b>PASS</b>
					
				</p>
				<pre class="pre-scrollable">Sketch uses 198498 bytes (15%) of program storage space. Maximum is 1310720 bytes.
Global variables use 13136 bytes (4%) of dynamic memory, leaving 314544 bytes for local variables. Maximum is 327680 bytes.
</pre>

					
					<h4>examples/AverageAnalogSensor</h4>
					<p>
						Result: <b>FAIL</b>
					</p>
					<pre class="pre-scrollable">In file included from /home/ec2-user/arduino-testlib/cli-datadir/user/libraries/AD_Sensors/examples/AverageAnalogSensor/AverageAnalogSensor.ino:13:0:
/home/ec2-user/arduino-testlib/cli-datadir/user/libraries/AD_Sensors/src/AnalogSensor.h:44:9: error: &#39;int AnalogSensor::read()&#39; marked &#39;override&#39;, but does not override
     int read() override;
         ^
In file included from /home/ec2-user/arduino-testlib/cli-datadir/user/libraries/AD_Sensors/examples/AverageAnalogSensor/AverageAnalogSensor.ino:14:0:
/home/ec2-user/arduino-testlib/cli-datadir/user/libraries/AD_Sensors/src/AverageSensor.h:81:9: error: &#39;int AverageSensor::read()&#39; marked &#39;override&#39;, but does not override
     int read() override;
         ^
/home/ec2-user/arduino-testlib/cli-datadir/user/libraries/AD_Sensors/examples/AverageAnalogSensor/AverageAnalogSensor.ino: In function &#39;void setup()&#39;:
/home/ec2-user/arduino-testlib/cli-datadir/user/libraries/AD_Sensors/examples/AverageAnalogSensor/AverageAnalogSensor.ino:16:20: error: &#39;A1&#39; was not declared in this scope
 #define ANALOG_PIN A1
                    ^
/home/ec2-user/arduino-testlib/cli-datadir/user/libraries/AD_Sensors/examples/AverageAnalogSensor/AverageAnalogSensor.ino:27:29: note: in expansion of macro &#39;ANALOG_PIN&#39;
   origin = new AnalogSensor(ANALOG_PIN);
                             ^
/home/ec2-user/arduino-testlib/cli-datadir/user/libraries/AD_Sensors/examples/AverageAnalogSensor/AverageAnalogSensor.ino: In function &#39;void loop()&#39;:
/home/ec2-user/arduino-testlib/cli-datadir/user/libraries/AD_Sensors/examples/AverageAnalogSensor/AverageAnalogSensor.ino:38:24: error: &#39;class Sensor&#39; has no member named &#39;read&#39;
   Serial.print(origin-&gt;read());
                        ^
/home/ec2-user/arduino-testlib/cli-datadir/user/libraries/AD_Sensors/examples/AverageAnalogSensor/AverageAnalogSensor.ino:40:28: error: &#39;class Sensor&#39; has no member named &#39;read&#39;
   Serial.println(averaged-&gt;read());
                            ^
Multiple libraries were found for &#34;Sensor.h&#34;
  Used: /home/ec2-user/arduino-testlib/cli-datadir/user/libraries/Sensor
  Not used: /home/ec2-user/arduino-testlib/cli-datadir/user/libraries/uKit_Explore
  Not used: /home/ec2-user/arduino-testlib/cli-datadir/user/libraries/Windows_Virtual_Shields_for_Arduino
  Not used: /home/ec2-user/arduino-testlib/cli-datadir/user/libraries/DCCpp
  Not used: /home/ec2-user/arduino-testlib/cli-datadir/user/libraries/AD_Sensors
</pre>
					
					<h4>examples/ConstrainAnalogSensor</h4>
					<p>
						Result: <b>FAIL</b>
					</p>
					<pre class="pre-scrollable">In file included from /home/ec2-user/arduino-testlib/cli-datadir/user/libraries/AD_Sensors/examples/ConstrainAnalogSensor/ConstrainAnalogSensor.ino:13:0:
/home/ec2-user/arduino-testlib/cli-datadir/user/libraries/AD_Sensors/src/AnalogSensor.h:44:9: error: &#39;int AnalogSensor::read()&#39; marked &#39;override&#39;, but does not override
     int read() override;
         ^
In file included from /home/ec2-user/arduino-testlib/cli-datadir/user/libraries/AD_Sensors/examples/ConstrainAnalogSensor/ConstrainAnalogSensor.ino:14:0:
/home/ec2-user/arduino-testlib/cli-datadir/user/libraries/AD_Sensors/src/ConstrainSensor.h:68:9: error: &#39;int ConstrainSensor::read()&#39; marked &#39;override&#39;, but does not override
     int read() override;
         ^
/home/ec2-user/arduino-testlib/cli-datadir/user/libraries/AD_Sensors/examples/ConstrainAnalogSensor/ConstrainAnalogSensor.ino: In function &#39;void setup()&#39;:
/home/ec2-user/arduino-testlib/cli-datadir/user/libraries/AD_Sensors/examples/ConstrainAnalogSensor/ConstrainAnalogSensor.ino:16:20: error: &#39;A1&#39; was not declared in this scope
 #define ANALOG_PIN A1
                    ^
/home/ec2-user/arduino-testlib/cli-datadir/user/libraries/AD_Sensors/examples/ConstrainAnalogSensor/ConstrainAnalogSensor.ino:27:29: note: in expansion of macro &#39;ANALOG_PIN&#39;
   origin = new AnalogSensor(ANALOG_PIN);
                             ^
/home/ec2-user/arduino-testlib/cli-datadir/user/libraries/AD_Sensors/examples/ConstrainAnalogSensor/ConstrainAnalogSensor.ino: In function &#39;void loop()&#39;:
/home/ec2-user/arduino-testlib/cli-datadir/user/libraries/AD_Sensors/examples/ConstrainAnalogSensor/ConstrainAnalogSensor.ino:34:24: error: &#39;class Sensor&#39; has no member named &#39;read&#39;
   Serial.print(origin-&gt;read());
                        ^
/home/ec2-user/arduino-testlib/cli-datadir/user/libraries/AD_Sensors/examples/ConstrainAnalogSensor/ConstrainAnalogSensor.ino:36:31: error: &#39;class Sensor&#39; has no member named &#39;read&#39;
   Serial.println(constrained-&gt;read());
                               ^
Multiple libraries were found for &#34;Sensor.h&#34;
  Used: /home/ec2-user/arduino-testlib/cli-datadir/user/libraries/Sensor
  Not used: /home/ec2-user/arduino-testlib/cli-datadir/user/libraries/Windows_Virtual_Shields_for_Arduino
  Not used: /home/ec2-user/arduino-testlib/cli-datadir/user/libraries/AD_Sensors
  Not used: /home/ec2-user/arduino-testlib/cli-datadir/user/libraries/DCCpp
  Not used: /home/ec2-user/arduino-testlib/cli-datadir/user/libraries/uKit_Explore
</pre>
					
					<h4>examples/FullSensor</h4>
					<p>
						Result: <b>FAIL</b>
					</p>
					<pre class="pre-scrollable">In file included from /home/ec2-user/arduino-testlib/cli-datadir/user/libraries/AD_Sensors/examples/FullSensor/FullSensor.ino:14:0:
/home/ec2-user/arduino-testlib/cli-datadir/user/libraries/AD_Sensors/src/AnalogSensor.h:44:9: error: &#39;int AnalogSensor::read()&#39; marked &#39;override&#39;, but does not override
     int read() override;
         ^
In file included from /home/ec2-user/arduino-testlib/cli-datadir/user/libraries/AD_Sensors/examples/FullSensor/FullSensor.ino:15:0:
/home/ec2-user/arduino-testlib/cli-datadir/user/libraries/AD_Sensors/src/AverageSensor.h:81:9: error: &#39;int AverageSensor::read()&#39; marked &#39;override&#39;, but does not override
     int read() override;
         ^
In file included from /home/ec2-user/arduino-testlib/cli-datadir/user/libraries/AD_Sensors/examples/FullSensor/FullSensor.ino:16:0:
/home/ec2-user/arduino-testlib/cli-datadir/user/libraries/AD_Sensors/src/SmoothSensor.h:69:9: error: &#39;int SmoothSensor::read()&#39; marked &#39;override&#39;, but does not override
     int read() override;
         ^
In file included from /home/ec2-user/arduino-testlib/cli-datadir/user/libraries/AD_Sensors/examples/FullSensor/FullSensor.ino:17:0:
/home/ec2-user/arduino-testlib/cli-datadir/user/libraries/AD_Sensors/src/MapSensor.h:72:7: error: &#39;int MapSensor::read()&#39; marked &#39;override&#39;, but does not override
   int read() override;
       ^
In file included from /home/ec2-user/arduino-testlib/cli-datadir/user/libraries/AD_Sensors/examples/FullSensor/FullSensor.ino:18:0:
/home/ec2-user/arduino-testlib/cli-datadir/user/libraries/AD_Sensors/src/ConstrainSensor.h:68:9: error: &#39;int ConstrainSensor::read()&#39; marked &#39;override&#39;, but does not override
     int read() override;
         ^
/home/ec2-user/arduino-testlib/cli-datadir/user/libraries/AD_Sensors/examples/FullSensor/FullSensor.ino: In function &#39;void setup()&#39;:
/home/ec2-user/arduino-testlib/cli-datadir/user/libraries/AD_Sensors/examples/FullSensor/FullSensor.ino:20:20: error: &#39;A1&#39; was not declared in this scope
 #define ANALOG_PIN A1
                    ^
/home/ec2-user/arduino-testlib/cli-datadir/user/libraries/AD_Sensors/examples/FullSensor/FullSensor.ino:40:28: note: in expansion of macro &#39;ANALOG_PIN&#39;
           new AnalogSensor(ANALOG_PIN),
                            ^
/home/ec2-user/arduino-testlib/cli-datadir/user/libraries/AD_Sensors/examples/FullSensor/FullSensor.ino: In function &#39;void loop()&#39;:
/home/ec2-user/arduino-testlib/cli-datadir/user/libraries/AD_Sensors/examples/FullSensor/FullSensor.ino:54:26: error: &#39;class Sensor&#39; has no member named &#39;read&#39;
   Serial.println(sensor-&gt;read());
                          ^
Multiple libraries were found for &#34;Sensor.h&#34;
  Used: /home/ec2-user/arduino-testlib/cli-datadir/user/libraries/Sensor
  Not used: /home/ec2-user/arduino-testlib/cli-datadir/user/libraries/DCCpp
  Not used: /home/ec2-user/arduino-testlib/cli-datadir/user/libraries/Windows_Virtual_Shields_for_Arduino
  Not used: /home/ec2-user/arduino-testlib/cli-datadir/user/libraries/AD_Sensors
  Not used: /home/ec2-user/arduino-testlib/cli-datadir/user/libraries/uKit_Explore
</pre>
					
					<h4>examples/InvertDigitalSensor</h4>
					<p>
						Result: <b>PASS</b>
					</p>
					<pre class="pre-scrollable">Sketch uses 206522 bytes (15%) of program storage space. Maximum is 1310720 bytes.
Global variables use 13464 bytes (4%) of dynamic memory, leaving 314216 bytes for local variables. Maximum is 327680 bytes.
</pre>
					
					<h4>examples/MapAnalogSensor</h4>
					<p>
						Result: <b>FAIL</b>
					</p>
					<pre class="pre-scrollable">In file included from /home/ec2-user/arduino-testlib/cli-datadir/user/libraries/AD_Sensors/examples/MapAnalogSensor/MapAnalogSensor.ino:13:0:
/home/ec2-user/arduino-testlib/cli-datadir/user/libraries/AD_Sensors/src/AnalogSensor.h:44:9: error: &#39;int AnalogSensor::read()&#39; marked &#39;override&#39;, but does not override
     int read() override;
         ^
In file included from /home/ec2-user/arduino-testlib/cli-datadir/user/libraries/AD_Sensors/examples/MapAnalogSensor/MapAnalogSensor.ino:14:0:
/home/ec2-user/arduino-testlib/cli-datadir/user/libraries/AD_Sensors/src/MapSensor.h:72:7: error: &#39;int MapSensor::read()&#39; marked &#39;override&#39;, but does not override
   int read() override;
       ^
/home/ec2-user/arduino-testlib/cli-datadir/user/libraries/AD_Sensors/examples/MapAnalogSensor/MapAnalogSensor.ino: In function &#39;void setup()&#39;:
/home/ec2-user/arduino-testlib/cli-datadir/user/libraries/AD_Sensors/examples/MapAnalogSensor/MapAnalogSensor.ino:16:20: error: &#39;A1&#39; was not declared in this scope
 #define ANALOG_PIN A1
                    ^
/home/ec2-user/arduino-testlib/cli-datadir/user/libraries/AD_Sensors/examples/MapAnalogSensor/MapAnalogSensor.ino:29:29: note: in expansion of macro &#39;ANALOG_PIN&#39;
   origin = new AnalogSensor(ANALOG_PIN);
                             ^
/home/ec2-user/arduino-testlib/cli-datadir/user/libraries/AD_Sensors/examples/MapAnalogSensor/MapAnalogSensor.ino: In function &#39;void loop()&#39;:
/home/ec2-user/arduino-testlib/cli-datadir/user/libraries/AD_Sensors/examples/MapAnalogSensor/MapAnalogSensor.ino:36:24: error: &#39;class Sensor&#39; has no member named &#39;read&#39;
   Serial.print(origin-&gt;read());
                        ^
/home/ec2-user/arduino-testlib/cli-datadir/user/libraries/AD_Sensors/examples/MapAnalogSensor/MapAnalogSensor.ino:38:29: error: &#39;class Sensor&#39; has no member named &#39;read&#39;
   Serial.println(mapSensor-&gt;read());
                             ^
Multiple libraries were found for &#34;Sensor.h&#34;
  Used: /home/ec2-user/arduino-testlib/cli-datadir/user/libraries/Sensor
  Not used: /home/ec2-user/arduino-testlib/cli-datadir/user/libraries/Windows_Virtual_Shields_for_Arduino
  Not used: /home/ec2-user/arduino-testlib/cli-datadir/user/libraries/DCCpp
  Not used: /home/ec2-user/arduino-testlib/cli-datadir/user/libraries/AD_Sensors
  Not used: /home/ec2-user/arduino-testlib/cli-datadir/user/libraries/uKit_Explore
</pre>
					
					<h4>examples/MapAndConstrainAnalogSensor</h4>
					<p>
						Result: <b>FAIL</b>
					</p>
					<pre class="pre-scrollable">In file included from /home/ec2-user/arduino-testlib/cli-datadir/user/libraries/AD_Sensors/examples/MapAndConstrainAnalogSensor/MapAndConstrainAnalogSensor.ino:14:0:
/home/ec2-user/arduino-testlib/cli-datadir/user/libraries/AD_Sensors/src/AnalogSensor.h:44:9: error: &#39;int AnalogSensor::read()&#39; marked &#39;override&#39;, but does not override
     int read() override;
         ^
In file included from /home/ec2-user/arduino-testlib/cli-datadir/user/libraries/AD_Sensors/examples/MapAndConstrainAnalogSensor/MapAndConstrainAnalogSensor.ino:15:0:
/home/ec2-user/arduino-testlib/cli-datadir/user/libraries/AD_Sensors/src/MapSensor.h:72:7: error: &#39;int MapSensor::read()&#39; marked &#39;override&#39;, but does not override
   int read() override;
       ^
In file included from /home/ec2-user/arduino-testlib/cli-datadir/user/libraries/AD_Sensors/examples/MapAndConstrainAnalogSensor/MapAndConstrainAnalogSensor.ino:16:0:
/home/ec2-user/arduino-testlib/cli-datadir/user/libraries/AD_Sensors/src/ConstrainSensor.h:68:9: error: &#39;int ConstrainSensor::read()&#39; marked &#39;override&#39;, but does not override
     int read() override;
         ^
/home/ec2-user/arduino-testlib/cli-datadir/user/libraries/AD_Sensors/examples/MapAndConstrainAnalogSensor/MapAndConstrainAnalogSensor.ino: In function &#39;void setup()&#39;:
/home/ec2-user/arduino-testlib/cli-datadir/user/libraries/AD_Sensors/examples/MapAndConstrainAnalogSensor/MapAndConstrainAnalogSensor.ino:18:20: error: &#39;A1&#39; was not declared in this scope
 #define ANALOG_PIN A1
                    ^
/home/ec2-user/arduino-testlib/cli-datadir/user/libraries/AD_Sensors/examples/MapAndConstrainAnalogSensor/MapAndConstrainAnalogSensor.ino:34:35: note: in expansion of macro &#39;ANALOG_PIN&#39;
   analogSensor = new AnalogSensor(ANALOG_PIN);
                                   ^
/home/ec2-user/arduino-testlib/cli-datadir/user/libraries/AD_Sensors/examples/MapAndConstrainAnalogSensor/MapAndConstrainAnalogSensor.ino: In function &#39;void loop()&#39;:
/home/ec2-user/arduino-testlib/cli-datadir/user/libraries/AD_Sensors/examples/MapAndConstrainAnalogSensor/MapAndConstrainAnalogSensor.ino:42:30: error: &#39;class Sensor&#39; has no member named &#39;read&#39;
   Serial.print(analogSensor-&gt;read());
                              ^
/home/ec2-user/arduino-testlib/cli-datadir/user/libraries/AD_Sensors/examples/MapAndConstrainAnalogSensor/MapAndConstrainAnalogSensor.ino:44:27: error: &#39;class Sensor&#39; has no member named &#39;read&#39;
   Serial.print(mapSensor-&gt;read());
                           ^
/home/ec2-user/arduino-testlib/cli-datadir/user/libraries/AD_Sensors/examples/MapAndConstrainAnalogSensor/MapAndConstrainAnalogSensor.ino:46:35: error: &#39;class Sensor&#39; has no member named &#39;read&#39;
   Serial.println(constrainSensor-&gt;read());
                                   ^
Multiple libraries were found for &#34;Sensor.h&#34;
  Used: /home/ec2-user/arduino-testlib/cli-datadir/user/libraries/Sensor
  Not used: /home/ec2-user/arduino-testlib/cli-datadir/user/libraries/AD_Sensors
  Not used: /home/ec2-user/arduino-testlib/cli-datadir/user/libraries/Windows_Virtual_Shields_for_Arduino
  Not used: /home/ec2-user/arduino-testlib/cli-datadir/user/libraries/uKit_Explore
  Not used: /home/ec2-user/arduino-testlib/cli-datadir/user/libraries/DCCpp
</pre>
					
					<h4>examples/SerialAnalogSensor</h4>
					<p>
						Result: <b>FAIL</b>
					</p>
					<pre class="pre-scrollable">/home/ec2-user/arduino-testlib/cli-datadir/user/libraries/AD_Sensors/examples/SerialAnalogSensor/SerialAnalogSensor.ino: In function &#39;void setup()&#39;:
/home/ec2-user/arduino-testlib/cli-datadir/user/libraries/AD_Sensors/examples/SerialAnalogSensor/SerialAnalogSensor.ino:14:20: error: &#39;A1&#39; was not declared in this scope
 #define ANALOG_PIN A1
                    ^
/home/ec2-user/arduino-testlib/cli-datadir/user/libraries/AD_Sensors/examples/SerialAnalogSensor/SerialAnalogSensor.ino:22:29: note: in expansion of macro &#39;ANALOG_PIN&#39;
   sensor = new AnalogSensor(ANALOG_PIN);
                             ^

</pre>
					
					<h4>examples/SerialDigitalSensor</h4>
					<p>
						Result: <b>PASS</b>
					</p>
					<pre class="pre-scrollable">Sketch uses 206522 bytes (15%) of program storage space. Maximum is 1310720 bytes.
Global variables use 13464 bytes (4%) of dynamic memory, leaving 314216 bytes for local variables. Maximum is 327680 bytes.
</pre>
					
					<h4>examples/SmoothAnalogSensor</h4>
					<p>
						Result: <b>FAIL</b>
					</p>
					<pre class="pre-scrollable">In file included from /home/ec2-user/arduino-testlib/cli-datadir/user/libraries/AD_Sensors/examples/SmoothAnalogSensor/SmoothAnalogSensor.ino:13:0:
/home/ec2-user/arduino-testlib/cli-datadir/user/libraries/AD_Sensors/src/AnalogSensor.h:44:9: error: &#39;int AnalogSensor::read()&#39; marked &#39;override&#39;, but does not override
     int read() override;
         ^
In file included from /home/ec2-user/arduino-testlib/cli-datadir/user/libraries/AD_Sensors/examples/SmoothAnalogSensor/SmoothAnalogSensor.ino:14:0:
/home/ec2-user/arduino-testlib/cli-datadir/user/libraries/AD_Sensors/src/SmoothSensor.h:69:9: error: &#39;int SmoothSensor::read()&#39; marked &#39;override&#39;, but does not override
     int read() override;
         ^
/home/ec2-user/arduino-testlib/cli-datadir/user/libraries/AD_Sensors/examples/SmoothAnalogSensor/SmoothAnalogSensor.ino: In function &#39;void setup()&#39;:
/home/ec2-user/arduino-testlib/cli-datadir/user/libraries/AD_Sensors/examples/SmoothAnalogSensor/SmoothAnalogSensor.ino:16:20: error: &#39;A1&#39; was not declared in this scope
 #define ANALOG_PIN A1
                    ^
/home/ec2-user/arduino-testlib/cli-datadir/user/libraries/AD_Sensors/examples/SmoothAnalogSensor/SmoothAnalogSensor.ino:26:29: note: in expansion of macro &#39;ANALOG_PIN&#39;
   origin = new AnalogSensor(ANALOG_PIN);
                             ^
/home/ec2-user/arduino-testlib/cli-datadir/user/libraries/AD_Sensors/examples/SmoothAnalogSensor/SmoothAnalogSensor.ino: In function &#39;void loop()&#39;:
/home/ec2-user/arduino-testlib/cli-datadir/user/libraries/AD_Sensors/examples/SmoothAnalogSensor/SmoothAnalogSensor.ino:33:24: error: &#39;class Sensor&#39; has no member named &#39;read&#39;
   Serial.print(origin-&gt;read());
                        ^
/home/ec2-user/arduino-testlib/cli-datadir/user/libraries/AD_Sensors/examples/SmoothAnalogSensor/SmoothAnalogSensor.ino:35:28: error: &#39;class Sensor&#39; has no member named &#39;read&#39;
   Serial.println(smoothed-&gt;read());
                            ^
Multiple libraries were found for &#34;Sensor.h&#34;
  Used: /home/ec2-user/arduino-testlib/cli-datadir/user/libraries/Sensor
  Not used: /home/ec2-user/arduino-testlib/cli-datadir/user/libraries/uKit_Explore
  Not used: /home/ec2-user/arduino-testlib/cli-datadir/user/libraries/Windows_Virtual_Shields_for_Arduino
  Not used: /home/ec2-user/arduino-testlib/cli-datadir/user/libraries/DCCpp
  Not used: /home/ec2-user/arduino-testlib/cli-datadir/user/libraries/AD_Sensors
</pre>
					
				
			</div>
		</div>
	</div>
  </body>
</html>
