
<!doctype html>
<html lang="en">
  <head>
    <meta charset="utf-8">
    <meta name="viewport" content="width=device-width, initial-scale=1">
    <link href="https://cdn.jsdelivr.net/npm/bootstrap@5.0.2/dist/css/bootstrap.min.css" rel="stylesheet" integrity="sha384-EVSTQN3/azprG1Anm3QDgpJLIm9Nao0Yz1ztcQTwFspd3yD65VohhpuuCOmLASjC" crossorigin="anonymous">
    <title>arduino-testlib report</title>
	<style>
	.pass { background-color: #00FF00 !important; }
	.fail { background-color: #FF0000 !important; }
	</style>
  </head>
  <body>
	<div class="container">
		<div class="row">
			<div class="col">
				<h1>Adafruit Floppy - compatibility matrix</h1>
				<p>
					<small>This report was generated on Wednesday, 23-Feb-22 22:48:15 CET using 
					<a href="https://github.com/alranel/arduino-testlib">arduino-testlib</a>.</small>
				</p>

				<h2>Adafruit Floppy</h2>
				<p>
					Version: <b>0.1.0</b>
					<br />
					<a href="https://www.arduino.cc/reference/en/libraries/adafruit-floppy/">More details</a>
				</p>

				<h2>Compatibility matrix</h2>
				<table class="table table-bordered">
					<tr>
						<th>Board</th>
						<th>Claims compatibility</th>
						<th>Inclusion</th>
						
						<th><pre>floppy_capture_track_test</pre></th>
						
						<th><pre>greaseweazle</pre></th>
						
					</tr>
					
					<tr>
						<td>
							<a href="#arduino%3aavr%3auno"><b>arduino:avr:uno</b></a>
							<br />
							<small>1.8.4</small>
						</td>

						
						
						
							<td>Yes ⚠️</td>
							<td class="fail">FAIL</td>
						
						

						
							
								
									
										
											
											<td class="fail">FAIL</td>
										
									
										
									
								
							
								
							
								
							
								
							
								
							
						
							
								
									
										
									
										
											
											<td class="fail">FAIL</td>
										
									
								
							
								
							
								
							
								
							
								
							
						
					</tr>
					
					<tr>
						<td>
							<a href="#arduino%3ambed_nano%3ananorp2040connect"><b>arduino:mbed_nano:nanorp2040connect</b></a>
							<br />
							<small>2.7.2</small>
						</td>

						
						
						
							<td>Yes ⚠️</td>
							<td class="fail">FAIL</td>
						
						

						
							
								
							
								
									
										
											
											<td class="fail">FAIL</td>
										
									
										
									
								
							
								
							
								
							
								
							
						
							
								
							
								
									
										
									
										
											
											<td class="fail">FAIL</td>
										
									
								
							
								
							
								
							
								
							
						
					</tr>
					
					<tr>
						<td>
							<a href="#arduino%3amegaavr%3anona4809"><b>arduino:megaavr:nona4809</b></a>
							<br />
							<small>1.8.7</small>
						</td>

						
						
						
							<td>Yes ⚠️</td>
							<td class="fail">FAIL</td>
						
						

						
							
								
							
								
							
								
									
										
											
											<td class="fail">FAIL</td>
										
									
										
									
								
							
								
							
								
							
						
							
								
							
								
							
								
									
										
									
										
											
											<td class="fail">FAIL</td>
										
									
								
							
								
							
								
							
						
					</tr>
					
					<tr>
						<td>
							<a href="#arduino%3asamd%3amkrwifi1010"><b>arduino:samd:mkrwifi1010</b></a>
							<br />
							<small>1.8.12</small>
						</td>

						
						
						
							<td>Yes ⚠️</td>
							<td class="fail">FAIL</td>
						
						

						
							
								
							
								
							
								
							
								
									
										
											
											<td class="fail">FAIL</td>
										
									
										
									
								
							
								
							
						
							
								
							
								
							
								
							
								
									
										
									
										
											
											<td class="fail">FAIL</td>
										
									
								
							
								
							
						
					</tr>
					
					<tr>
						<td>
							<a href="#esp32%3aesp32%3ad1_mini32"><b>esp32:esp32:d1_mini32</b></a>
							<br />
							<small>1.0.6</small>
						</td>

						
						
						
							<td>Yes ⚠️</td>
							<td class="fail">FAIL</td>
						
						

						
							
								
							
								
							
								
							
								
							
								
									
										
											
											<td class="fail">FAIL</td>
										
									
										
									
								
							
						
							
								
							
								
							
								
							
								
							
								
									
										
									
										
											
											<td class="fail">FAIL</td>
										
									
								
							
						
					</tr>
					
				</table>

				<h2>Compilation logs</h2>
				
				<h3 id="arduino:avr:uno">arduino:avr:uno @ 1.8.4</h3>
				<h4>Inclusion</h4>
				<p>
					Result: <b>FAIL</b>
					
				</p>
				<pre class="pre-scrollable">/home/ec2-user/arduino-testlib/cli-datadir/user/libraries/Adafruit_Floppy/Adafruit_Floppy.cpp: In member function &#39;bool Adafruit_Floppy::goto_track(uint8_t)&#39;:
/home/ec2-user/arduino-testlib/cli-datadir/user/libraries/Adafruit_Floppy/Adafruit_Floppy.cpp:213:19: error: &#39;class Stream&#39; has no member named &#39;printf&#39;; did you mean &#39;print&#39;?
     debug_serial-&gt;printf(&#34;Going to track %d\n\r&#34;, track_num);
                   ^~~~~~
                   print
/home/ec2-user/arduino-testlib/cli-datadir/user/libraries/Adafruit_Floppy/Adafruit_Floppy.cpp:222:21: error: &#39;class Stream&#39; has no member named &#39;printf&#39;; did you mean &#39;print&#39;?
       debug_serial-&gt;printf(&#34;Step in %d times\n\r&#34;, steps);
                     ^~~~~~
                     print
/home/ec2-user/arduino-testlib/cli-datadir/user/libraries/Adafruit_Floppy/Adafruit_Floppy.cpp:227:21: error: &#39;class Stream&#39; has no member named &#39;printf&#39;; did you mean &#39;print&#39;?
       debug_serial-&gt;printf(&#34;Step out %d times\n\r&#34;, steps);
                     ^~~~~~
                     print

</pre>

					
					<h4>examples/floppy_capture_track_test</h4>
					<p>
						Result: <b>FAIL</b>
					</p>
					<pre class="pre-scrollable">/home/ec2-user/arduino-testlib/cli-datadir/user/libraries/Adafruit_Floppy/examples/floppy_capture_track_test/floppy_capture_track_test.ino:56:2: error: #error &#34;Please set up pin definitions!&#34;
 #error &#34;Please set up pin definitions!&#34;
  ^~~~~

</pre>
					
					<h4>examples/greaseweazle</h4>
					<p>
						Result: <b>FAIL</b>
					</p>
					<pre class="pre-scrollable">/home/ec2-user/arduino-testlib/cli-datadir/user/libraries/Adafruit_Floppy/examples/greaseweazle/greaseweazle.ino:58:2: error: #error &#34;Please set up pin definitions!&#34;
 #error &#34;Please set up pin definitions!&#34;
  ^~~~~

</pre>
					
				
				<h3 id="arduino:mbed_nano:nanorp2040connect">arduino:mbed_nano:nanorp2040connect @ 2.7.2</h3>
				<h4>Inclusion</h4>
				<p>
					Result: <b>FAIL</b>
					
				</p>
				<pre class="pre-scrollable">/home/ec2-user/arduino-testlib/cli-datadir/user/libraries/Adafruit_Floppy/Adafruit_Floppy.cpp: In member function &#39;bool Adafruit_Floppy::goto_track(uint8_t)&#39;:
/home/ec2-user/arduino-testlib/cli-datadir/user/libraries/Adafruit_Floppy/Adafruit_Floppy.cpp:213:19: error: &#39;class arduino::Stream&#39; has no member named &#39;printf&#39;; did you mean &#39;print&#39;?
     debug_serial-&gt;printf(&#34;Going to track %d\n\r&#34;, track_num);
                   ^~~~~~
                   print
/home/ec2-user/arduino-testlib/cli-datadir/user/libraries/Adafruit_Floppy/Adafruit_Floppy.cpp:222:21: error: &#39;class arduino::Stream&#39; has no member named &#39;printf&#39;; did you mean &#39;print&#39;?
       debug_serial-&gt;printf(&#34;Step in %d times\n\r&#34;, steps);
                     ^~~~~~
                     print
/home/ec2-user/arduino-testlib/cli-datadir/user/libraries/Adafruit_Floppy/Adafruit_Floppy.cpp:227:21: error: &#39;class arduino::Stream&#39; has no member named &#39;printf&#39;; did you mean &#39;print&#39;?
       debug_serial-&gt;printf(&#34;Step out %d times\n\r&#34;, steps);
                     ^~~~~~
                     print

</pre>

					
					<h4>examples/floppy_capture_track_test</h4>
					<p>
						Result: <b>FAIL</b>
					</p>
					<pre class="pre-scrollable">/home/ec2-user/arduino-testlib/cli-datadir/user/libraries/Adafruit_Floppy/examples/floppy_capture_track_test/floppy_capture_track_test.ino:56:2: error: #error &#34;Please set up pin definitions!&#34;
 #error &#34;Please set up pin definitions!&#34;
  ^~~~~

</pre>
					
					<h4>examples/greaseweazle</h4>
					<p>
						Result: <b>FAIL</b>
					</p>
					<pre class="pre-scrollable">/home/ec2-user/arduino-testlib/cli-datadir/user/libraries/Adafruit_Floppy/examples/greaseweazle/greaseweazle.ino:58:2: error: #error &#34;Please set up pin definitions!&#34;
 #error &#34;Please set up pin definitions!&#34;
  ^~~~~

</pre>
					
				
				<h3 id="arduino:megaavr:nona4809">arduino:megaavr:nona4809 @ 1.8.7</h3>
				<h4>Inclusion</h4>
				<p>
					Result: <b>FAIL</b>
					
				</p>
				<pre class="pre-scrollable">/home/ec2-user/arduino-testlib/cli-datadir/user/libraries/Adafruit_Floppy/Adafruit_Floppy.cpp: In member function &#39;bool Adafruit_Floppy::goto_track(uint8_t)&#39;:
/home/ec2-user/arduino-testlib/cli-datadir/user/libraries/Adafruit_Floppy/Adafruit_Floppy.cpp:213:19: error: &#39;class arduino::Stream&#39; has no member named &#39;printf&#39;; did you mean &#39;print&#39;?
     debug_serial-&gt;printf(&#34;Going to track %d\n\r&#34;, track_num);
                   ^~~~~~
                   print
/home/ec2-user/arduino-testlib/cli-datadir/user/libraries/Adafruit_Floppy/Adafruit_Floppy.cpp:222:21: error: &#39;class arduino::Stream&#39; has no member named &#39;printf&#39;; did you mean &#39;print&#39;?
       debug_serial-&gt;printf(&#34;Step in %d times\n\r&#34;, steps);
                     ^~~~~~
                     print
/home/ec2-user/arduino-testlib/cli-datadir/user/libraries/Adafruit_Floppy/Adafruit_Floppy.cpp:227:21: error: &#39;class arduino::Stream&#39; has no member named &#39;printf&#39;; did you mean &#39;print&#39;?
       debug_serial-&gt;printf(&#34;Step out %d times\n\r&#34;, steps);
                     ^~~~~~
                     print

</pre>

					
					<h4>examples/floppy_capture_track_test</h4>
					<p>
						Result: <b>FAIL</b>
					</p>
					<pre class="pre-scrollable">/home/ec2-user/arduino-testlib/cli-datadir/user/libraries/Adafruit_Floppy/examples/floppy_capture_track_test/floppy_capture_track_test.ino:56:2: error: #error &#34;Please set up pin definitions!&#34;
 #error &#34;Please set up pin definitions!&#34;
  ^~~~~

</pre>
					
					<h4>examples/greaseweazle</h4>
					<p>
						Result: <b>FAIL</b>
					</p>
					<pre class="pre-scrollable">/home/ec2-user/arduino-testlib/cli-datadir/user/libraries/Adafruit_Floppy/examples/greaseweazle/greaseweazle.ino:58:2: error: #error &#34;Please set up pin definitions!&#34;
 #error &#34;Please set up pin definitions!&#34;
  ^~~~~

</pre>
					
				
				<h3 id="arduino:samd:mkrwifi1010">arduino:samd:mkrwifi1010 @ 1.8.12</h3>
				<h4>Inclusion</h4>
				<p>
					Result: <b>FAIL</b>
					
				</p>
				<pre class="pre-scrollable">/home/ec2-user/arduino-testlib/cli-datadir/user/libraries/Adafruit_Floppy/Adafruit_Floppy.cpp: In member function &#39;bool Adafruit_Floppy::goto_track(uint8_t)&#39;:
/home/ec2-user/arduino-testlib/cli-datadir/user/libraries/Adafruit_Floppy/Adafruit_Floppy.cpp:213:19: error: &#39;class arduino::Stream&#39; has no member named &#39;printf&#39;; did you mean &#39;print&#39;?
     debug_serial-&gt;printf(&#34;Going to track %d\n\r&#34;, track_num);
                   ^~~~~~
                   print
/home/ec2-user/arduino-testlib/cli-datadir/user/libraries/Adafruit_Floppy/Adafruit_Floppy.cpp:222:21: error: &#39;class arduino::Stream&#39; has no member named &#39;printf&#39;; did you mean &#39;print&#39;?
       debug_serial-&gt;printf(&#34;Step in %d times\n\r&#34;, steps);
                     ^~~~~~
                     print
/home/ec2-user/arduino-testlib/cli-datadir/user/libraries/Adafruit_Floppy/Adafruit_Floppy.cpp:227:21: error: &#39;class arduino::Stream&#39; has no member named &#39;printf&#39;; did you mean &#39;print&#39;?
       debug_serial-&gt;printf(&#34;Step out %d times\n\r&#34;, steps);
                     ^~~~~~
                     print

</pre>

					
					<h4>examples/floppy_capture_track_test</h4>
					<p>
						Result: <b>FAIL</b>
					</p>
					<pre class="pre-scrollable">/home/ec2-user/arduino-testlib/cli-datadir/user/libraries/Adafruit_Floppy/examples/floppy_capture_track_test/floppy_capture_track_test.ino:56:2: error: #error &#34;Please set up pin definitions!&#34;
 #error &#34;Please set up pin definitions!&#34;
  ^~~~~

</pre>
					
					<h4>examples/greaseweazle</h4>
					<p>
						Result: <b>FAIL</b>
					</p>
					<pre class="pre-scrollable">/home/ec2-user/arduino-testlib/cli-datadir/user/libraries/Adafruit_Floppy/examples/greaseweazle/greaseweazle.ino:58:2: error: #error &#34;Please set up pin definitions!&#34;
 #error &#34;Please set up pin definitions!&#34;
  ^~~~~

</pre>
					
				
				<h3 id="esp32:esp32:d1_mini32">esp32:esp32:d1_mini32 @ 1.0.6</h3>
				<h4>Inclusion</h4>
				<p>
					Result: <b>FAIL</b>
					
				</p>
				<pre class="pre-scrollable">/home/ec2-user/arduino-testlib/cli-datadir/user/libraries/Adafruit_Floppy/Adafruit_Floppy.cpp: In member function &#39;bool Adafruit_Floppy::goto_track(uint8_t)&#39;:
/home/ec2-user/arduino-testlib/cli-datadir/user/libraries/Adafruit_Floppy/Adafruit_Floppy.cpp:211:44: error: no matching function for call to &#39;min(uint8_t&amp;, int)&#39;
   track_num = min(track_num, MAX_TRACKS - 1);
                                            ^
In file included from /home/ec2-user/arduino-testlib/cli-datadir/data/packages/esp32/tools/xtensa-esp32-elf-gcc/1.22.0-97-gc752ad5-5.2.0/xtensa-esp32-elf/include/c&#43;&#43;/5.2.0/algorithm:62:0,
                 from /home/ec2-user/arduino-testlib/cli-datadir/data/packages/esp32/hardware/esp32/1.0.6/cores/esp32/Arduino.h:142,
                 from /home/ec2-user/arduino-testlib/cli-datadir/user/libraries/Adafruit_Floppy/Adafruit_Floppy.h:4,
                 from /home/ec2-user/arduino-testlib/cli-datadir/user/libraries/Adafruit_Floppy/Adafruit_Floppy.cpp:1:
/home/ec2-user/arduino-testlib/cli-datadir/data/packages/esp32/tools/xtensa-esp32-elf-gcc/1.22.0-97-gc752ad5-5.2.0/xtensa-esp32-elf/include/c&#43;&#43;/5.2.0/bits/stl_algo.h:3451:5: note: candidate: template&lt;class _Tp, class _Compare&gt; _Tp std::min(std::initializer_list&lt;_Tp&gt;, _Compare)
     min(initializer_list&lt;_Tp&gt; __l, _Compare __comp)
     ^
/home/ec2-user/arduino-testlib/cli-datadir/data/packages/esp32/tools/xtensa-esp32-elf-gcc/1.22.0-97-gc752ad5-5.2.0/xtensa-esp32-elf/include/c&#43;&#43;/5.2.0/bits/stl_algo.h:3451:5: note:   template argument deduction/substitution failed:
/home/ec2-user/arduino-testlib/cli-datadir/user/libraries/Adafruit_Floppy/Adafruit_Floppy.cpp:211:44: note:   mismatched types &#39;std::initializer_list&lt;_Tp&gt;&#39; and &#39;unsigned char&#39;
   track_num = min(track_num, MAX_TRACKS - 1);
                                            ^
In file included from /home/ec2-user/arduino-testlib/cli-datadir/data/packages/esp32/tools/xtensa-esp32-elf-gcc/1.22.0-97-gc752ad5-5.2.0/xtensa-esp32-elf/include/c&#43;&#43;/5.2.0/algorithm:62:0,
                 from /home/ec2-user/arduino-testlib/cli-datadir/data/packages/esp32/hardware/esp32/1.0.6/cores/esp32/Arduino.h:142,
                 from /home/ec2-user/arduino-testlib/cli-datadir/user/libraries/Adafruit_Floppy/Adafruit_Floppy.h:4,
                 from /home/ec2-user/arduino-testlib/cli-datadir/user/libraries/Adafruit_Floppy/Adafruit_Floppy.cpp:1:
/home/ec2-user/arduino-testlib/cli-datadir/data/packages/esp32/tools/xtensa-esp32-elf-gcc/1.22.0-97-gc752ad5-5.2.0/xtensa-esp32-elf/include/c&#43;&#43;/5.2.0/bits/stl_algo.h:3445:5: note: candidate: template&lt;class _Tp&gt; _Tp std::min(std::initializer_list&lt;_Tp&gt;)
     min(initializer_list&lt;_Tp&gt; __l)
     ^
/home/ec2-user/arduino-testlib/cli-datadir/data/packages/esp32/tools/xtensa-esp32-elf-gcc/1.22.0-97-gc752ad5-5.2.0/xtensa-esp32-elf/include/c&#43;&#43;/5.2.0/bits/stl_algo.h:3445:5: note:   template argument deduction/substitution failed:
/home/ec2-user/arduino-testlib/cli-datadir/user/libraries/Adafruit_Floppy/Adafruit_Floppy.cpp:211:44: note:   mismatched types &#39;std::initializer_list&lt;_Tp&gt;&#39; and &#39;unsigned char&#39;
   track_num = min(track_num, MAX_TRACKS - 1);
                                            ^
In file included from /home/ec2-user/arduino-testlib/cli-datadir/data/packages/esp32/tools/xtensa-esp32-elf-gcc/1.22.0-97-gc752ad5-5.2.0/xtensa-esp32-elf/include/c&#43;&#43;/5.2.0/algorithm:61:0,
                 from /home/ec2-user/arduino-testlib/cli-datadir/data/packages/esp32/hardware/esp32/1.0.6/cores/esp32/Arduino.h:142,
                 from /home/ec2-user/arduino-testlib/cli-datadir/user/libraries/Adafruit_Floppy/Adafruit_Floppy.h:4,
                 from /home/ec2-user/arduino-testlib/cli-datadir/user/libraries/Adafruit_Floppy/Adafruit_Floppy.cpp:1:
/home/ec2-user/arduino-testlib/cli-datadir/data/packages/esp32/tools/xtensa-esp32-elf-gcc/1.22.0-97-gc752ad5-5.2.0/xtensa-esp32-elf/include/c&#43;&#43;/5.2.0/bits/stl_algobase.h:243:5: note: candidate: template&lt;class _Tp, class _Compare&gt; const _Tp&amp; std::min(const _Tp&amp;, const _Tp&amp;, _Compare)
     min(const _Tp&amp; __a, const _Tp&amp; __b, _Compare __comp)
     ^
/home/ec2-user/arduino-testlib/cli-datadir/data/packages/esp32/tools/xtensa-esp32-elf-gcc/1.22.0-97-gc752ad5-5.2.0/xtensa-esp32-elf/include/c&#43;&#43;/5.2.0/bits/stl_algobase.h:243:5: note:   template argument deduction/substitution failed:
/home/ec2-user/arduino-testlib/cli-datadir/user/libraries/Adafruit_Floppy/Adafruit_Floppy.cpp:211:44: note:   deduced conflicting types for parameter &#39;const _Tp&#39; (&#39;unsigned char&#39; and &#39;int&#39;)
   track_num = min(track_num, MAX_TRACKS - 1);
                                            ^
In file included from /home/ec2-user/arduino-testlib/cli-datadir/data/packages/esp32/tools/xtensa-esp32-elf-gcc/1.22.0-97-gc752ad5-5.2.0/xtensa-esp32-elf/include/c&#43;&#43;/5.2.0/algorithm:61:0,
                 from /home/ec2-user/arduino-testlib/cli-datadir/data/packages/esp32/hardware/esp32/1.0.6/cores/esp32/Arduino.h:142,
                 from /home/ec2-user/arduino-testlib/cli-datadir/user/libraries/Adafruit_Floppy/Adafruit_Floppy.h:4,
                 from /home/ec2-user/arduino-testlib/cli-datadir/user/libraries/Adafruit_Floppy/Adafruit_Floppy.cpp:1:
/home/ec2-user/arduino-testlib/cli-datadir/data/packages/esp32/tools/xtensa-esp32-elf-gcc/1.22.0-97-gc752ad5-5.2.0/xtensa-esp32-elf/include/c&#43;&#43;/5.2.0/bits/stl_algobase.h:195:5: note: candidate: template&lt;class _Tp&gt; const _Tp&amp; std::min(const _Tp&amp;, const _Tp&amp;)
     min(const _Tp&amp; __a, const _Tp&amp; __b)
     ^
/home/ec2-user/arduino-testlib/cli-datadir/data/packages/esp32/tools/xtensa-esp32-elf-gcc/1.22.0-97-gc752ad5-5.2.0/xtensa-esp32-elf/include/c&#43;&#43;/5.2.0/bits/stl_algobase.h:195:5: note:   template argument deduction/substitution failed:
/home/ec2-user/arduino-testlib/cli-datadir/user/libraries/Adafruit_Floppy/Adafruit_Floppy.cpp:211:44: note:   deduced conflicting types for parameter &#39;const _Tp&#39; (&#39;unsigned char&#39; and &#39;int&#39;)
   track_num = min(track_num, MAX_TRACKS - 1);
                                            ^
/home/ec2-user/arduino-testlib/cli-datadir/user/libraries/Adafruit_Floppy/Adafruit_Floppy.cpp: In member function &#39;uint32_t Adafruit_Floppy::capture_track(uint8_t*, uint32_t)&#39;:
/home/ec2-user/arduino-testlib/cli-datadir/user/libraries/Adafruit_Floppy/Adafruit_Floppy.cpp:336:41: error: no matching function for call to &#39;min(int, uint16_t&amp;)&#39;
     pulses_ptr[0] = min(255, pulse_count);
                                         ^
In file included from /home/ec2-user/arduino-testlib/cli-datadir/data/packages/esp32/tools/xtensa-esp32-elf-gcc/1.22.0-97-gc752ad5-5.2.0/xtensa-esp32-elf/include/c&#43;&#43;/5.2.0/algorithm:62:0,
                 from /home/ec2-user/arduino-testlib/cli-datadir/data/packages/esp32/hardware/esp32/1.0.6/cores/esp32/Arduino.h:142,
                 from /home/ec2-user/arduino-testlib/cli-datadir/user/libraries/Adafruit_Floppy/Adafruit_Floppy.h:4,
                 from /home/ec2-user/arduino-testlib/cli-datadir/user/libraries/Adafruit_Floppy/Adafruit_Floppy.cpp:1:
/home/ec2-user/arduino-testlib/cli-datadir/data/packages/esp32/tools/xtensa-esp32-elf-gcc/1.22.0-97-gc752ad5-5.2.0/xtensa-esp32-elf/include/c&#43;&#43;/5.2.0/bits/stl_algo.h:3451:5: note: candidate: template&lt;class _Tp, class _Compare&gt; _Tp std::min(std::initializer_list&lt;_Tp&gt;, _Compare)
     min(initializer_list&lt;_Tp&gt; __l, _Compare __comp)
     ^
/home/ec2-user/arduino-testlib/cli-datadir/data/packages/esp32/tools/xtensa-esp32-elf-gcc/1.22.0-97-gc752ad5-5.2.0/xtensa-esp32-elf/include/c&#43;&#43;/5.2.0/bits/stl_algo.h:3451:5: note:   template argument deduction/substitution failed:
/home/ec2-user/arduino-testlib/cli-datadir/user/libraries/Adafruit_Floppy/Adafruit_Floppy.cpp:336:41: note:   mismatched types &#39;std::initializer_list&lt;_Tp&gt;&#39; and &#39;int&#39;
     pulses_ptr[0] = min(255, pulse_count);
                                         ^
In file included from /home/ec2-user/arduino-testlib/cli-datadir/data/packages/esp32/tools/xtensa-esp32-elf-gcc/1.22.0-97-gc752ad5-5.2.0/xtensa-esp32-elf/include/c&#43;&#43;/5.2.0/algorithm:62:0,
                 from /home/ec2-user/arduino-testlib/cli-datadir/data/packages/esp32/hardware/esp32/1.0.6/cores/esp32/Arduino.h:142,
                 from /home/ec2-user/arduino-testlib/cli-datadir/user/libraries/Adafruit_Floppy/Adafruit_Floppy.h:4,
                 from /home/ec2-user/arduino-testlib/cli-datadir/user/libraries/Adafruit_Floppy/Adafruit_Floppy.cpp:1:
/home/ec2-user/arduino-testlib/cli-datadir/data/packages/esp32/tools/xtensa-esp32-elf-gcc/1.22.0-97-gc752ad5-5.2.0/xtensa-esp32-elf/include/c&#43;&#43;/5.2.0/bits/stl_algo.h:3445:5: note: candidate: template&lt;class _Tp&gt; _Tp std::min(std::initializer_list&lt;_Tp&gt;)
     min(initializer_list&lt;_Tp&gt; __l)
     ^
/home/ec2-user/arduino-testlib/cli-datadir/data/packages/esp32/tools/xtensa-esp32-elf-gcc/1.22.0-97-gc752ad5-5.2.0/xtensa-esp32-elf/include/c&#43;&#43;/5.2.0/bits/stl_algo.h:3445:5: note:   template argument deduction/substitution failed:
/home/ec2-user/arduino-testlib/cli-datadir/user/libraries/Adafruit_Floppy/Adafruit_Floppy.cpp:336:41: note:   mismatched types &#39;std::initializer_list&lt;_Tp&gt;&#39; and &#39;int&#39;
     pulses_ptr[0] = min(255, pulse_count);
                                         ^
In file included from /home/ec2-user/arduino-testlib/cli-datadir/data/packages/esp32/tools/xtensa-esp32-elf-gcc/1.22.0-97-gc752ad5-5.2.0/xtensa-esp32-elf/include/c&#43;&#43;/5.2.0/algorithm:61:0,
                 from /home/ec2-user/arduino-testlib/cli-datadir/data/packages/esp32/hardware/esp32/1.0.6/cores/esp32/Arduino.h:142,
                 from /home/ec2-user/arduino-testlib/cli-datadir/user/libraries/Adafruit_Floppy/Adafruit_Floppy.h:4,
                 from /home/ec2-user/arduino-testlib/cli-datadir/user/libraries/Adafruit_Floppy/Adafruit_Floppy.cpp:1:
/home/ec2-user/arduino-testlib/cli-datadir/data/packages/esp32/tools/xtensa-esp32-elf-gcc/1.22.0-97-gc752ad5-5.2.0/xtensa-esp32-elf/include/c&#43;&#43;/5.2.0/bits/stl_algobase.h:243:5: note: candidate: template&lt;class _Tp, class _Compare&gt; const _Tp&amp; std::min(const _Tp&amp;, const _Tp&amp;, _Compare)
     min(const _Tp&amp; __a, const _Tp&amp; __b, _Compare _</pre>

					
					<h4>examples/floppy_capture_track_test</h4>
					<p>
						Result: <b>FAIL</b>
					</p>
					<pre class="pre-scrollable">/home/ec2-user/arduino-testlib/cli-datadir/user/libraries/Adafruit_Floppy/examples/floppy_capture_track_test/floppy_capture_track_test.ino:56:2: error: #error &#34;Please set up pin definitions!&#34;
 #error &#34;Please set up pin definitions!&#34;
  ^

</pre>
					
					<h4>examples/greaseweazle</h4>
					<p>
						Result: <b>FAIL</b>
					</p>
					<pre class="pre-scrollable">/home/ec2-user/arduino-testlib/cli-datadir/user/libraries/Adafruit_Floppy/examples/greaseweazle/greaseweazle.ino:58:2: error: #error &#34;Please set up pin definitions!&#34;
 #error &#34;Please set up pin definitions!&#34;
  ^

</pre>
					
				
			</div>
		</div>
	</div>
  </body>
</html>
