
<!doctype html>
<html lang="en">
  <head>
    <meta charset="utf-8">
    <meta name="viewport" content="width=device-width, initial-scale=1">
    <link href="https://cdn.jsdelivr.net/npm/bootstrap@5.0.2/dist/css/bootstrap.min.css" rel="stylesheet" integrity="sha384-EVSTQN3/azprG1Anm3QDgpJLIm9Nao0Yz1ztcQTwFspd3yD65VohhpuuCOmLASjC" crossorigin="anonymous">
    <title>arduino-testlib report</title>
	<style>
	.pass { background-color: #00FF00 !important; }
	.fail { background-color: #FF0000 !important; }
	</style>
  </head>
  <body>
	<div class="container">
		<div class="row">
			<div class="col">
				<h1>Adafruit microbit Library - compatibility matrix</h1>
				<p>
					<small>This report was generated on Monday, 21-Feb-22 12:00:25 CET using 
					<a href="https://github.com/alranel/arduino-testlib">arduino-testlib</a>.</small>
				</p>

				<h2>Adafruit microbit Library</h2>
				<p>
					Version: <b>1.3.1</b>
					<br />
					<a href="https://www.arduino.cc/reference/en/libraries/adafruit-microbit-library/">More details</a>
				</p>

				<h2>Compatibility matrix</h2>
				<table class="table table-bordered">
					<tr>
						<th>Board</th>
						<th>Claims compatibility</th>
						<th>Inclusion</th>
						
						<th><pre>ble_dietemp</pre></th>
						
						<th><pre>timerdemo</pre></th>
						
						<th><pre>ble_uartdemo</pre></th>
						
						<th><pre>blinkdemo</pre></th>
						
						<th><pre>buttondemo</pre></th>
						
						<th><pre>matrixdemo</pre></th>
						
						<th><pre>accelerometer_MMA8653</pre></th>
						
						<th><pre>ble_controller</pre></th>
						
						<th><pre>ble_plotterdemo</pre></th>
						
					</tr>
					
					<tr>
						<td>
							<a href="#arduino%3aavr%3auno"><b>arduino:avr:uno</b></a>
							<br />
							<small>1.8.4</small>
						</td>

						
						
						
							<td>Yes ⚠️</td>
							<td class="fail">FAIL</td>
						
						

						
							
								
									
										
									
										
									
										
											
											<td class="fail">FAIL</td>
										
									
										
									
										
									
										
									
										
									
										
									
										
									
								
							
								
							
								
							
								
							
								
							
						
							
								
									
										
									
										
									
										
									
										
									
										
									
										
									
										
									
										
									
										
											
											<td class="fail">FAIL</td>
										
									
								
							
								
							
								
							
								
							
								
							
						
							
								
									
										
									
										
									
										
									
										
									
										
											
											<td class="fail">FAIL</td>
										
									
										
									
										
									
										
									
										
									
								
							
								
							
								
							
								
							
								
							
						
							
								
									
										
									
										
									
										
									
										
									
										
									
										
											<td class="pass">PASS</td>
											
										
									
										
									
										
									
										
									
								
							
								
							
								
							
								
							
								
							
						
							
								
									
										
									
										
									
										
									
										
									
										
									
										
									
										
											
											<td class="fail">FAIL</td>
										
									
										
									
										
									
								
							
								
							
								
							
								
							
								
							
						
							
								
									
										
									
										
									
										
									
										
									
										
									
										
									
										
									
										
											
											<td class="fail">FAIL</td>
										
									
										
									
								
							
								
							
								
							
								
							
								
							
						
							
								
									
										
											
											<td class="fail">FAIL</td>
										
									
										
									
										
									
										
									
										
									
										
									
										
									
										
									
										
									
								
							
								
							
								
							
								
							
								
							
						
							
								
									
										
									
										
											
											<td class="fail">FAIL</td>
										
									
										
									
										
									
										
									
										
									
										
									
										
									
										
									
								
							
								
							
								
							
								
							
								
							
						
							
								
									
										
									
										
									
										
									
										
											
											<td class="fail">FAIL</td>
										
									
										
									
										
									
										
									
										
									
										
									
								
							
								
							
								
							
								
							
								
							
						
					</tr>
					
					<tr>
						<td>
							<a href="#arduino%3ambed_nano%3ananorp2040connect"><b>arduino:mbed_nano:nanorp2040connect</b></a>
							<br />
							<small>2.7.2</small>
						</td>

						
						
						
							<td>Yes ⚠️</td>
							<td class="fail">FAIL</td>
						
						

						
							
								
							
								
									
										
									
										
									
										
											
											<td class="fail">FAIL</td>
										
									
										
									
										
									
										
									
										
									
										
									
										
									
								
							
								
							
								
							
								
							
						
							
								
							
								
									
										
									
										
									
										
									
										
									
										
									
										
									
										
									
										
									
										
											
											<td class="fail">FAIL</td>
										
									
								
							
								
							
								
							
								
							
						
							
								
							
								
									
										
									
										
									
										
									
										
									
										
											
											<td class="fail">FAIL</td>
										
									
										
									
										
									
										
									
										
									
								
							
								
							
								
							
								
							
						
							
								
							
								
									
										
									
										
									
										
									
										
									
										
									
										
											<td class="pass">PASS</td>
											
										
									
										
									
										
									
										
									
								
							
								
							
								
							
								
							
						
							
								
							
								
									
										
									
										
									
										
									
										
									
										
									
										
									
										
											
											<td class="fail">FAIL</td>
										
									
										
									
										
									
								
							
								
							
								
							
								
							
						
							
								
							
								
									
										
									
										
									
										
									
										
									
										
									
										
									
										
									
										
											
											<td class="fail">FAIL</td>
										
									
										
									
								
							
								
							
								
							
								
							
						
							
								
							
								
									
										
											
											<td class="fail">FAIL</td>
										
									
										
									
										
									
										
									
										
									
										
									
										
									
										
									
										
									
								
							
								
							
								
							
								
							
						
							
								
							
								
									
										
									
										
											
											<td class="fail">FAIL</td>
										
									
										
									
										
									
										
									
										
									
										
									
										
									
										
									
								
							
								
							
								
							
								
							
						
							
								
							
								
									
										
									
										
									
										
									
										
											
											<td class="fail">FAIL</td>
										
									
										
									
										
									
										
									
										
									
										
									
								
							
								
							
								
							
								
							
						
					</tr>
					
					<tr>
						<td>
							<a href="#arduino%3amegaavr%3anona4809"><b>arduino:megaavr:nona4809</b></a>
							<br />
							<small>1.8.7</small>
						</td>

						
						
						
							<td>Yes ⚠️</td>
							<td class="fail">FAIL</td>
						
						

						
							
								
							
								
							
								
									
										
									
										
									
										
											
											<td class="fail">FAIL</td>
										
									
										
									
										
									
										
									
										
									
										
									
										
									
								
							
								
							
								
							
						
							
								
							
								
							
								
									
										
									
										
									
										
									
										
									
										
									
										
									
										
									
										
									
										
											
											<td class="fail">FAIL</td>
										
									
								
							
								
							
								
							
						
							
								
							
								
							
								
									
										
									
										
									
										
									
										
									
										
											
											<td class="fail">FAIL</td>
										
									
										
									
										
									
										
									
										
									
								
							
								
							
								
							
						
							
								
							
								
							
								
									
										
									
										
									
										
									
										
									
										
									
										
											<td class="pass">PASS</td>
											
										
									
										
									
										
									
										
									
								
							
								
							
								
							
						
							
								
							
								
							
								
									
										
									
										
									
										
									
										
									
										
									
										
									
										
											
											<td class="fail">FAIL</td>
										
									
										
									
										
									
								
							
								
							
								
							
						
							
								
							
								
							
								
									
										
									
										
									
										
									
										
									
										
									
										
									
										
									
										
											
											<td class="fail">FAIL</td>
										
									
										
									
								
							
								
							
								
							
						
							
								
							
								
							
								
									
										
											
											<td class="fail">FAIL</td>
										
									
										
									
										
									
										
									
										
									
										
									
										
									
										
									
										
									
								
							
								
							
								
							
						
							
								
							
								
							
								
									
										
									
										
											
											<td class="fail">FAIL</td>
										
									
										
									
										
									
										
									
										
									
										
									
										
									
										
									
								
							
								
							
								
							
						
							
								
							
								
							
								
									
										
									
										
									
										
									
										
											
											<td class="fail">FAIL</td>
										
									
										
									
										
									
										
									
										
									
										
									
								
							
								
							
								
							
						
					</tr>
					
					<tr>
						<td>
							<a href="#arduino%3asamd%3amkrwifi1010"><b>arduino:samd:mkrwifi1010</b></a>
							<br />
							<small>1.8.12</small>
						</td>

						
						
						
							<td>Yes ⚠️</td>
							<td class="fail">FAIL</td>
						
						

						
							
								
							
								
							
								
							
								
									
										
									
										
									
										
											
											<td class="fail">FAIL</td>
										
									
										
									
										
									
										
									
										
									
										
									
										
									
								
							
								
							
						
							
								
							
								
							
								
							
								
									
										
									
										
									
										
									
										
									
										
									
										
									
										
									
										
									
										
											
											<td class="fail">FAIL</td>
										
									
								
							
								
							
						
							
								
							
								
							
								
							
								
									
										
									
										
									
										
									
										
									
										
											
											<td class="fail">FAIL</td>
										
									
										
									
										
									
										
									
										
									
								
							
								
							
						
							
								
							
								
							
								
							
								
									
										
									
										
									
										
									
										
									
										
									
										
											<td class="pass">PASS</td>
											
										
									
										
									
										
									
										
									
								
							
								
							
						
							
								
							
								
							
								
							
								
									
										
									
										
									
										
									
										
									
										
									
										
									
										
											
											<td class="fail">FAIL</td>
										
									
										
									
										
									
								
							
								
							
						
							
								
							
								
							
								
							
								
									
										
									
										
									
										
									
										
									
										
									
										
									
										
									
										
											
											<td class="fail">FAIL</td>
										
									
										
									
								
							
								
							
						
							
								
							
								
							
								
							
								
									
										
											
											<td class="fail">FAIL</td>
										
									
										
									
										
									
										
									
										
									
										
									
										
									
										
									
										
									
								
							
								
							
						
							
								
							
								
							
								
							
								
									
										
									
										
											
											<td class="fail">FAIL</td>
										
									
										
									
										
									
										
									
										
									
										
									
										
									
										
									
								
							
								
							
						
							
								
							
								
							
								
							
								
									
										
									
										
									
										
									
										
											
											<td class="fail">FAIL</td>
										
									
										
									
										
									
										
									
										
									
										
									
								
							
								
							
						
					</tr>
					
					<tr>
						<td>
							<a href="#esp32%3aesp32%3ad1_mini32"><b>esp32:esp32:d1_mini32</b></a>
							<br />
							<small>1.0.6</small>
						</td>

						
						
						
							<td>Yes ⚠️</td>
							<td class="fail">FAIL</td>
						
						

						
							
								
							
								
							
								
							
								
							
								
									
										
									
										
									
										
											
											<td class="fail">FAIL</td>
										
									
										
									
										
									
										
									
										
									
										
									
										
									
								
							
						
							
								
							
								
							
								
							
								
							
								
									
										
									
										
									
										
									
										
									
										
									
										
									
										
									
										
									
										
											
											<td class="fail">FAIL</td>
										
									
								
							
						
							
								
							
								
							
								
							
								
							
								
									
										
									
										
									
										
									
										
									
										
											
											<td class="fail">FAIL</td>
										
									
										
									
										
									
										
									
										
									
								
							
						
							
								
							
								
							
								
							
								
							
								
									
										
									
										
									
										
									
										
									
										
									
										
											<td class="pass">PASS</td>
											
										
									
										
									
										
									
										
									
								
							
						
							
								
							
								
							
								
							
								
							
								
									
										
									
										
									
										
									
										
									
										
									
										
									
										
											
											<td class="fail">FAIL</td>
										
									
										
									
										
									
								
							
						
							
								
							
								
							
								
							
								
							
								
									
										
									
										
									
										
									
										
									
										
									
										
									
										
									
										
											
											<td class="fail">FAIL</td>
										
									
										
									
								
							
						
							
								
							
								
							
								
							
								
							
								
									
										
											
											<td class="fail">FAIL</td>
										
									
										
									
										
									
										
									
										
									
										
									
										
									
										
									
										
									
								
							
						
							
								
							
								
							
								
							
								
							
								
									
										
									
										
											
											<td class="fail">FAIL</td>
										
									
										
									
										
									
										
									
										
									
										
									
										
									
										
									
								
							
						
							
								
							
								
							
								
							
								
							
								
									
										
									
										
									
										
									
										
											
											<td class="fail">FAIL</td>
										
									
										
									
										
									
										
									
										
									
										
									
								
							
						
					</tr>
					
				</table>

				<h2>Compilation logs</h2>
				
				<h3 id="arduino:avr:uno">arduino:avr:uno @ 1.8.4</h3>
				<h4>Inclusion</h4>
				<p>
					Result: <b>FAIL</b>
					
					<br />This library has no main header file so an empty one was created.
					
				</p>
				<pre class="pre-scrollable">/private/tmp/arduino-testlib3821126243/test/test.ino:1:10: fatal error: Adafruit_microbit_Library.h: No such file or directory
 #include &lt;Adafruit_microbit_Library.h&gt;
          ^~~~~~~~~~~~~~~~~~~~~~~~~~~~~
compilation terminated.

</pre>

					
					<h4>examples/accelerometer_MMA8653</h4>
					<p>
						Result: <b>FAIL</b>
					</p>
					<pre class="pre-scrollable">/Users/alranel/Documents/git/arduino/arduino-testlib/cli-datadir/user/libraries/Adafruit_microbit_Library/examples/accelerometer_MMA8653/accelerometer_MMA8653.ino: In function &#39;void setup()&#39;:
/Users/alranel/Documents/git/arduino/arduino-testlib/cli-datadir/user/libraries/Adafruit_microbit_Library/examples/accelerometer_MMA8653/accelerometer_MMA8653.ino:27:23: error: no matching function for call to &#39;MMA8653::begin(bool, int)&#39;
   accel.begin(false, 2); // 8-bit mode, 2g range
                       ^
In file included from /Users/alranel/Documents/git/arduino/arduino-testlib/cli-datadir/user/libraries/Adafruit_microbit_Library/examples/accelerometer_MMA8653/accelerometer_MMA8653.ino:18:0:
/Users/alranel/Documents/git/arduino/arduino-testlib/cli-datadir/user/libraries/MMA8653/src/MMA8653.h:201:10: note: candidate: void MMA8653::begin()
     void begin();
          ^~~~~
/Users/alranel/Documents/git/arduino/arduino-testlib/cli-datadir/user/libraries/MMA8653/src/MMA8653.h:201:10: note:   candidate expects 0 arguments, 2 provided
/Users/alranel/Documents/git/arduino/arduino-testlib/cli-datadir/user/libraries/Adafruit_microbit_Library/examples/accelerometer_MMA8653/accelerometer_MMA8653.ino: In function &#39;void loop()&#39;:
/Users/alranel/Documents/git/arduino/arduino-testlib/cli-datadir/user/libraries/Adafruit_microbit_Library/examples/accelerometer_MMA8653/accelerometer_MMA8653.ino:32:9: error: &#39;class MMA8653&#39; has no member named &#39;update&#39;
   accel.update();
         ^~~~~~
/Users/alranel/Documents/git/arduino/arduino-testlib/cli-datadir/user/libraries/Adafruit_microbit_Library/examples/accelerometer_MMA8653/accelerometer_MMA8653.ino:33:29: error: &#39;class MMA8653&#39; has no member named &#39;getX&#39;
   Serial.print((float)accel.getX() * 0.0156);    Serial.print(&#34; , &#34;);
                             ^~~~
/Users/alranel/Documents/git/arduino/arduino-testlib/cli-datadir/user/libraries/Adafruit_microbit_Library/examples/accelerometer_MMA8653/accelerometer_MMA8653.ino:34:29: error: &#39;class MMA8653&#39; has no member named &#39;getY&#39;
   Serial.print((float)accel.getY() * 0.0156);    Serial.print(&#34;, &#34;);
                             ^~~~
/Users/alranel/Documents/git/arduino/arduino-testlib/cli-datadir/user/libraries/Adafruit_microbit_Library/examples/accelerometer_MMA8653/accelerometer_MMA8653.ino:35:31: error: &#39;class MMA8653&#39; has no member named &#39;getZ&#39;
   Serial.println((float)accel.getZ() * 0.0156);
                               ^~~~

</pre>
					
					<h4>examples/ble_controller</h4>
					<p>
						Result: <b>FAIL</b>
					</p>
					<pre class="pre-scrollable">
</pre>
					
					<h4>examples/ble_dietemp</h4>
					<p>
						Result: <b>FAIL</b>
					</p>
					<pre class="pre-scrollable">/Users/alranel/Documents/git/arduino/arduino-testlib/cli-datadir/user/libraries/Adafruit_microbit_Library/examples/ble_dietemp/ble_dietemp.ino: In function &#39;void setup()&#39;:
/Users/alranel/Documents/git/arduino/arduino-testlib/cli-datadir/user/libraries/Adafruit_microbit_Library/examples/ble_dietemp/ble_dietemp.ino:13:12: error: &#39;class Adafruit_Microbit&#39; has no member named &#39;BTLESerial&#39;
   microbit.BTLESerial.setLocalName(&#34;microbit&#34;);
            ^~~~~~~~~~
/Users/alranel/Documents/git/arduino/arduino-testlib/cli-datadir/user/libraries/Adafruit_microbit_Library/examples/ble_dietemp/ble_dietemp.ino:14:12: error: &#39;class Adafruit_Microbit&#39; has no member named &#39;BTLESerial&#39;
   microbit.BTLESerial.begin();
            ^~~~~~~~~~
/Users/alranel/Documents/git/arduino/arduino-testlib/cli-datadir/user/libraries/Adafruit_microbit_Library/examples/ble_dietemp/ble_dietemp.ino: In function &#39;void loop()&#39;:
/Users/alranel/Documents/git/arduino/arduino-testlib/cli-datadir/user/libraries/Adafruit_microbit_Library/examples/ble_dietemp/ble_dietemp.ino:23:12: error: &#39;class Adafruit_Microbit&#39; has no member named &#39;BTLESerial&#39;
   microbit.BTLESerial.poll();
            ^~~~~~~~~~
/Users/alranel/Documents/git/arduino/arduino-testlib/cli-datadir/user/libraries/Adafruit_microbit_Library/examples/ble_dietemp/ble_dietemp.ino:30:23: error: &#39;class Adafruit_Microbit&#39; has no member named &#39;getDieTemp&#39;
       temp = microbit.getDieTemp();
                       ^~~~~~~~~~
/Users/alranel/Documents/git/arduino/arduino-testlib/cli-datadir/user/libraries/Adafruit_microbit_Library/examples/ble_dietemp/ble_dietemp.ino:41:12: error: &#39;class Adafruit_Microbit&#39; has no member named &#39;BTLESerial&#39;
   microbit.BTLESerial.println(avgtemp);
            ^~~~~~~~~~

</pre>
					
					<h4>examples/ble_plotterdemo</h4>
					<p>
						Result: <b>FAIL</b>
					</p>
					<pre class="pre-scrollable">/Users/alranel/Documents/git/arduino/arduino-testlib/cli-datadir/user/libraries/Adafruit_microbit_Library/examples/ble_plotterdemo/ble_plotterdemo.ino: In function &#39;void setup()&#39;:
/Users/alranel/Documents/git/arduino/arduino-testlib/cli-datadir/user/libraries/Adafruit_microbit_Library/examples/ble_plotterdemo/ble_plotterdemo.ino:19:23: error: no matching function for call to &#39;MMA8653::begin(bool, int)&#39;
   accel.begin(false, 2); // 8-bit mode, 2g range
                       ^
In file included from /Users/alranel/Documents/git/arduino/arduino-testlib/cli-datadir/user/libraries/Adafruit_microbit_Library/examples/ble_plotterdemo/ble_plotterdemo.ino:9:0:
/Users/alranel/Documents/git/arduino/arduino-testlib/cli-datadir/user/libraries/MMA8653/src/MMA8653.h:201:10: note: candidate: void MMA8653::begin()
     void begin();
          ^~~~~
/Users/alranel/Documents/git/arduino/arduino-testlib/cli-datadir/user/libraries/MMA8653/src/MMA8653.h:201:10: note:   candidate expects 0 arguments, 2 provided
/Users/alranel/Documents/git/arduino/arduino-testlib/cli-datadir/user/libraries/Adafruit_microbit_Library/examples/ble_plotterdemo/ble_plotterdemo.ino:22:12: error: &#39;class Adafruit_Microbit&#39; has no member named &#39;BTLESerial&#39;
   microbit.BTLESerial.setLocalName(&#34;microbit&#34;);
            ^~~~~~~~~~
/Users/alranel/Documents/git/arduino/arduino-testlib/cli-datadir/user/libraries/Adafruit_microbit_Library/examples/ble_plotterdemo/ble_plotterdemo.ino:23:12: error: &#39;class Adafruit_Microbit&#39; has no member named &#39;BTLESerial&#39;
   microbit.BTLESerial.begin();
            ^~~~~~~~~~
/Users/alranel/Documents/git/arduino/arduino-testlib/cli-datadir/user/libraries/Adafruit_microbit_Library/examples/ble_plotterdemo/ble_plotterdemo.ino: In function &#39;void loop()&#39;:
/Users/alranel/Documents/git/arduino/arduino-testlib/cli-datadir/user/libraries/Adafruit_microbit_Library/examples/ble_plotterdemo/ble_plotterdemo.ino:30:12: error: &#39;class Adafruit_Microbit&#39; has no member named &#39;BTLESerial&#39;
   microbit.BTLESerial.poll();
            ^~~~~~~~~~
/Users/alranel/Documents/git/arduino/arduino-testlib/cli-datadir/user/libraries/Adafruit_microbit_Library/examples/ble_plotterdemo/ble_plotterdemo.ino:32:9: error: &#39;class MMA8653&#39; has no member named &#39;update&#39;
   accel.update();
         ^~~~~~
/Users/alranel/Documents/git/arduino/arduino-testlib/cli-datadir/user/libraries/Adafruit_microbit_Library/examples/ble_plotterdemo/ble_plotterdemo.ino:35:22: error: &#39;class MMA8653&#39; has no member named &#39;getX&#39;
   Serial.print(accel.getX());    Serial.print(&#34;, &#34;);
                      ^~~~
/Users/alranel/Documents/git/arduino/arduino-testlib/cli-datadir/user/libraries/Adafruit_microbit_Library/examples/ble_plotterdemo/ble_plotterdemo.ino:36:22: error: &#39;class MMA8653&#39; has no member named &#39;getY&#39;
   Serial.print(accel.getY());    Serial.print(&#34;, &#34;);
                      ^~~~
/Users/alranel/Documents/git/arduino/arduino-testlib/cli-datadir/user/libraries/Adafruit_microbit_Library/examples/ble_plotterdemo/ble_plotterdemo.ino:37:24: error: &#39;class MMA8653&#39; has no member named &#39;getZ&#39;
   Serial.println(accel.getZ());
                        ^~~~
/Users/alranel/Documents/git/arduino/arduino-testlib/cli-datadir/user/libraries/Adafruit_microbit_Library/examples/ble_plotterdemo/ble_plotterdemo.ino:40:12: error: &#39;class Adafruit_Microbit&#39; has no member named &#39;BTLESerial&#39;
   microbit.BTLESerial.print(accel.getX());
            ^~~~~~~~~~
/Users/alranel/Documents/git/arduino/arduino-testlib/cli-datadir/user/libraries/Adafruit_microbit_Library/examples/ble_plotterdemo/ble_plotterdemo.ino:40:35: error: &#39;class MMA8653&#39; has no member named &#39;getX&#39;
   microbit.BTLESerial.print(accel.getX());
                                   ^~~~
/Users/alranel/Documents/git/arduino/arduino-testlib/cli-datadir/user/libraries/Adafruit_microbit_Library/examples/ble_plotterdemo/ble_plotterdemo.ino:41:12: error: &#39;class Adafruit_Microbit&#39; has no member named &#39;BTLESerial&#39;
   microbit.BTLESerial.print(&#34;,&#34;);
            ^~~~~~~~~~
/Users/alranel/Documents/git/arduino/arduino-testlib/cli-datadir/user/libraries/Adafruit_microbit_Library/examples/ble_plotterdemo/ble_plotterdemo.ino:42:12: error: &#39;class Adafruit_Microbit&#39; has no member named &#39;BTLESerial&#39;
   microbit.BTLESerial.print(accel.getY());
            ^~~~~~~~~~
/Users/alranel/Documents/git/arduino/arduino-testlib/cli-datadir/user/libraries/Adafruit_microbit_Library/examples/ble_plotterdemo/ble_plotterdemo.ino:42:35: error: &#39;class MMA8653&#39; has no member named &#39;getY&#39;
   microbit.BTLESerial.print(accel.getY());
                                   ^~~~
/Users/alranel/Documents/git/arduino/arduino-testlib/cli-datadir/user/libraries/Adafruit_microbit_Library/examples/ble_plotterdemo/ble_plotterdemo.ino:43:12: error: &#39;class Adafruit_Microbit&#39; has no member named &#39;BTLESerial&#39;
   microbit.BTLESerial.print(&#34;,&#34;);
            ^~~~~~~~~~
/Users/alranel/Documents/git/arduino/arduino-testlib/cli-datadir/user/libraries/Adafruit_microbit_Library/examples/ble_plotterdemo/ble_plotterdemo.ino:44:12: error: &#39;class Adafruit_Microbit&#39; has no member named &#39;BTLESerial&#39;
   microbit.BTLESerial.println(accel.getZ());
            ^~~~~~~~~~
/Users/alranel/Documents/git/arduino/arduino-testlib/cli-datadir/user/libraries/Adafruit_microbit_Library/examples/ble_plotterdemo/ble_plotterdemo.ino:44:37: error: &#39;class MMA8653&#39; has no member named &#39;getZ&#39;
   microbit.BTLESerial.println(accel.getZ());
                                     ^~~~

</pre>
					
					<h4>examples/ble_uartdemo</h4>
					<p>
						Result: <b>FAIL</b>
					</p>
					<pre class="pre-scrollable">/Users/alranel/Documents/git/arduino/arduino-testlib/cli-datadir/user/libraries/Adafruit_microbit_Library/examples/ble_uartdemo/ble_uartdemo.ino: In function &#39;void setup()&#39;:
/Users/alranel/Documents/git/arduino/arduino-testlib/cli-datadir/user/libraries/Adafruit_microbit_Library/examples/ble_uartdemo/ble_uartdemo.ino:27:12: error: &#39;class Adafruit_Microbit&#39; has no member named &#39;BTLESerial&#39;
   microbit.BTLESerial.setLocalName(&#34;microbit&#34;);
            ^~~~~~~~~~
/Users/alranel/Documents/git/arduino/arduino-testlib/cli-datadir/user/libraries/Adafruit_microbit_Library/examples/ble_uartdemo/ble_uartdemo.ino:28:12: error: &#39;class Adafruit_Microbit&#39; has no member named &#39;BTLESerial&#39;
   microbit.BTLESerial.begin();
            ^~~~~~~~~~
/Users/alranel/Documents/git/arduino/arduino-testlib/cli-datadir/user/libraries/Adafruit_microbit_Library/examples/ble_uartdemo/ble_uartdemo.ino: In function &#39;void loop()&#39;:
/Users/alranel/Documents/git/arduino/arduino-testlib/cli-datadir/user/libraries/Adafruit_microbit_Library/examples/ble_uartdemo/ble_uartdemo.ino:35:12: error: &#39;class Adafruit_Microbit&#39; has no member named &#39;BTLESerial&#39;
   microbit.BTLESerial.poll();
            ^~~~~~~~~~
/Users/alranel/Documents/git/arduino/arduino-testlib/cli-datadir/user/libraries/Adafruit_microbit_Library/examples/ble_uartdemo/ble_uartdemo.ino: In function &#39;void forward()&#39;:
/Users/alranel/Documents/git/arduino/arduino-testlib/cli-datadir/user/libraries/Adafruit_microbit_Library/examples/ble_uartdemo/ble_uartdemo.ino:45:16: error: &#39;class Adafruit_Microbit&#39; has no member named &#39;BTLESerial&#39;
   if (microbit.BTLESerial &amp;&amp; Serial) {
                ^~~~~~~~~~
/Users/alranel/Documents/git/arduino/arduino-testlib/cli-datadir/user/libraries/Adafruit_microbit_Library/examples/ble_uartdemo/ble_uartdemo.ino:47:18: error: &#39;class Adafruit_Microbit&#39; has no member named &#39;BTLESerial&#39;
     if (microbit.BTLESerial.available()) {
                  ^~~~~~~~~~
/Users/alranel/Documents/git/arduino/arduino-testlib/cli-datadir/user/libraries/Adafruit_microbit_Library/examples/ble_uartdemo/ble_uartdemo.ino:48:29: error: &#39;class Adafruit_Microbit&#39; has no member named &#39;BTLESerial&#39;
       Serial.write(microbit.BTLESerial.read());
                             ^~~~~~~~~~
/Users/alranel/Documents/git/arduino/arduino-testlib/cli-datadir/user/libraries/Adafruit_microbit_Library/examples/ble_uartdemo/ble_uartdemo.ino:59:16: error: &#39;class Adafruit_Microbit&#39; has no member named &#39;BTLESerial&#39;
       microbit.BTLESerial.write(buffer, idx);
                ^~~~~~~~~~
/Users/alranel/Documents/git/arduino/arduino-testlib/cli-datadir/user/libraries/Adafruit_microbit_Library/examples/ble_uartdemo/ble_uartdemo.ino: In function &#39;void loopback()&#39;:
/Users/alranel/Documents/git/arduino/arduino-testlib/cli-datadir/user/libraries/Adafruit_microbit_Library/examples/ble_uartdemo/ble_uartdemo.ino:67:16: error: &#39;class Adafruit_Microbit&#39; has no member named &#39;BTLESerial&#39;
   if (microbit.BTLESerial) {
                ^~~~~~~~~~
/Users/alranel/Documents/git/arduino/arduino-testlib/cli-datadir/user/libraries/Adafruit_microbit_Library/examples/ble_uartdemo/ble_uartdemo.ino:69:29: error: &#39;class Adafruit_Microbit&#39; has no member named &#39;BTLESerial&#39;
     while ((byte = microbit.BTLESerial.read()) &gt; 0) {
                             ^~~~~~~~~~
/Users/alranel/Documents/git/arduino/arduino-testlib/cli-datadir/user/libraries/Adafruit_microbit_Library/examples/ble_uartdemo/ble_uartdemo.ino:70:18: error: &#39;class Adafruit_Microbit&#39; has no member named &#39;BTLESerial&#39;
         microbit.BTLESerial.write(byte);
                  ^~~~~~~~~~
/Users/alranel/Documents/git/arduino/arduino-testlib/cli-datadir/user/libraries/Adafruit_microbit_Library/examples/ble_uartdemo/ble_uartdemo.ino: In function &#39;void spam()&#39;:
/Users/alranel/Documents/git/arduino/arduino-testlib/cli-datadir/user/libraries/Adafruit_microbit_Library/examples/ble_uartdemo/ble_uartdemo.ino:77:16: error: &#39;class Adafruit_Microbit&#39; has no member named &#39;BTLESerial&#39;
   if (microbit.BTLESerial) {
                ^~~~~~~~~~
/Users/alranel/Documents/git/arduino/arduino-testlib/cli-datadir/user/libraries/Adafruit_microbit_Library/examples/ble_uartdemo/ble_uartdemo.ino:78:14: error: &#39;class Adafruit_Microbit&#39; has no member named &#39;BTLESerial&#39;
     microbit.BTLESerial.print(millis());
              ^~~~~~~~~~
/Users/alranel/Documents/git/arduino/arduino-testlib/cli-datadir/user/libraries/Adafruit_microbit_Library/examples/ble_uartdemo/ble_uartdemo.ino:79:14: error: &#39;class Adafruit_Microbit&#39; has no member named &#39;BTLESerial&#39;
     microbit.BTLESerial.println(&#34; tick-tacks!&#34;);
              ^~~~~~~~~~

</pre>
					
					<h4>examples/blinkdemo</h4>
					<p>
						Result: <b>PASS</b>
					</p>
					<pre class="pre-scrollable">Sketch uses 2046 bytes (6%) of program storage space. Maximum is 32256 bytes.
Global variables use 214 bytes (10%) of dynamic memory, leaving 1834 bytes for local variables. Maximum is 2048 bytes.
</pre>
					
					<h4>examples/buttondemo</h4>
					<p>
						Result: <b>FAIL</b>
					</p>
					<pre class="pre-scrollable">/Users/alranel/Documents/git/arduino/arduino-testlib/cli-datadir/user/libraries/Adafruit_microbit_Library/examples/buttondemo/buttondemo.ino: In function &#39;void setup()&#39;:
/Users/alranel/Documents/git/arduino/arduino-testlib/cli-datadir/user/libraries/Adafruit_microbit_Library/examples/buttondemo/buttondemo.ino:6:11: error: &#39;PIN_BUTTON_A&#39; was not declared in this scope
   pinMode(PIN_BUTTON_A, INPUT);
           ^~~~~~~~~~~~
/Users/alranel/Documents/git/arduino/arduino-testlib/cli-datadir/user/libraries/Adafruit_microbit_Library/examples/buttondemo/buttondemo.ino:7:11: error: &#39;PIN_BUTTON_B&#39; was not declared in this scope
   pinMode(PIN_BUTTON_B, INPUT);
           ^~~~~~~~~~~~
/Users/alranel/Documents/git/arduino/arduino-testlib/cli-datadir/user/libraries/Adafruit_microbit_Library/examples/buttondemo/buttondemo.ino: In function &#39;void loop()&#39;:
/Users/alranel/Documents/git/arduino/arduino-testlib/cli-datadir/user/libraries/Adafruit_microbit_Library/examples/buttondemo/buttondemo.ino:11:21: error: &#39;PIN_BUTTON_A&#39; was not declared in this scope
   if (! digitalRead(PIN_BUTTON_A)) {
                     ^~~~~~~~~~~~
/Users/alranel/Documents/git/arduino/arduino-testlib/cli-datadir/user/libraries/Adafruit_microbit_Library/examples/buttondemo/buttondemo.ino:14:21: error: &#39;PIN_BUTTON_B&#39; was not declared in this scope
   if (! digitalRead(PIN_BUTTON_B)) {
                     ^~~~~~~~~~~~

</pre>
					
					<h4>examples/matrixdemo</h4>
					<p>
						Result: <b>FAIL</b>
					</p>
					<pre class="pre-scrollable">/Users/alranel/Documents/git/arduino/arduino-testlib/cli-datadir/user/libraries/Adafruit_microbit_Library/Adafruit_Microbit.cpp: In constructor &#39;Adafruit_Microbit_Matrix::Adafruit_Microbit_Matrix()&#39;:
/Users/alranel/Documents/git/arduino/arduino-testlib/cli-datadir/user/libraries/Adafruit_microbit_Library/Adafruit_Microbit.cpp:95:10: error: &#39;matrix_buffer&#39; was not declared in this scope
   memset(matrix_buffer, 0x0, MATRIX_COLS * MATRIX_ROWS);
          ^~~~~~~~~~~~~
/Users/alranel/Documents/git/arduino/arduino-testlib/cli-datadir/user/libraries/Adafruit_microbit_Library/Adafruit_Microbit.cpp:95:30: error: &#39;MATRIX_COLS&#39; was not declared in this scope
   memset(matrix_buffer, 0x0, MATRIX_COLS * MATRIX_ROWS);
                              ^~~~~~~~~~~
/Users/alranel/Documents/git/arduino/arduino-testlib/cli-datadir/user/libraries/Adafruit_microbit_Library/Adafruit_Microbit.cpp:95:44: error: &#39;MATRIX_ROWS&#39; was not declared in this scope
   memset(matrix_buffer, 0x0, MATRIX_COLS * MATRIX_ROWS);
                                            ^~~~~~~~~~~
/Users/alranel/Documents/git/arduino/arduino-testlib/cli-datadir/user/libraries/Adafruit_microbit_Library/Adafruit_Microbit.cpp: In member function &#39;boolean Adafruit_Microbit_Matrix::begin()&#39;:
/Users/alranel/Documents/git/arduino/arduino-testlib/cli-datadir/user/libraries/Adafruit_microbit_Library/Adafruit_Microbit.cpp:107:27: error: &#39;MATRIX_COLS&#39; was not declared in this scope
   for (uint8_t c = 0; c &lt; MATRIX_COLS; c&#43;&#43;) {
                           ^~~~~~~~~~~
/Users/alranel/Documents/git/arduino/arduino-testlib/cli-datadir/user/libraries/Adafruit_microbit_Library/Adafruit_Microbit.cpp:108:13: error: &#39;colpins&#39; was not declared in this scope
     pinMode(colpins[c], OUTPUT);
             ^~~~~~~
/Users/alranel/Documents/git/arduino/arduino-testlib/cli-datadir/user/libraries/Adafruit_microbit_Library/Adafruit_Microbit.cpp:112:27: error: &#39;MATRIX_ROWS&#39; was not declared in this scope
   for (uint8_t r = 0; r &lt; MATRIX_ROWS; r&#43;&#43;) {
                           ^~~~~~~~~~~
/Users/alranel/Documents/git/arduino/arduino-testlib/cli-datadir/user/libraries/Adafruit_microbit_Library/Adafruit_Microbit.cpp:113:13: error: &#39;rowpins&#39; was not declared in this scope
     pinMode(rowpins[r], OUTPUT);
             ^~~~~~~
/Users/alranel/Documents/git/arduino/arduino-testlib/cli-datadir/user/libraries/Adafruit_microbit_Library/Adafruit_Microbit.cpp:113:13: note: suggested alternative: &#39;rewind&#39;
     pinMode(rowpins[r], OUTPUT);
             ^~~~~~~
             rewind
/Users/alranel/Documents/git/arduino/arduino-testlib/cli-datadir/user/libraries/Adafruit_microbit_Library/Adafruit_Microbit.cpp:117:27: error: &#39;MATRIX_ROWS&#39; was not declared in this scope
   for (uint8_t r = 0; r &lt; MATRIX_ROWS; r&#43;&#43;) {
                           ^~~~~~~~~~~
/Users/alranel/Documents/git/arduino/arduino-testlib/cli-datadir/user/libraries/Adafruit_microbit_Library/Adafruit_Microbit.cpp:118:29: error: &#39;MATRIX_COLS&#39; was not declared in this scope
     for (uint8_t c = 0; c &lt; MATRIX_COLS; c&#43;&#43;) {
                             ^~~~~~~~~~~
/Users/alranel/Documents/git/arduino/arduino-testlib/cli-datadir/user/libraries/Adafruit_microbit_Library/Adafruit_Microbit.cpp:119:7: error: &#39;matrix_buffer&#39; was not declared in this scope
       matrix_buffer[r][c] = 0;
       ^~~~~~~~~~~~~
/Users/alranel/Documents/git/arduino/arduino-testlib/cli-datadir/user/libraries/Adafruit_microbit_Library/Adafruit_Microbit.cpp: In member function &#39;void Adafruit_Microbit_Matrix::rowHandler()&#39;:
/Users/alranel/Documents/git/arduino/arduino-testlib/cli-datadir/user/libraries/Adafruit_microbit_Library/Adafruit_Microbit.cpp:136:16: error: &#39;rowpins&#39; was not declared in this scope
   digitalWrite(rowpins[currentRow], LOW);
                ^~~~~~~
/Users/alranel/Documents/git/arduino/arduino-testlib/cli-datadir/user/libraries/Adafruit_microbit_Library/Adafruit_Microbit.cpp:136:16: note: suggested alternative: &#39;rewind&#39;
   digitalWrite(rowpins[currentRow], LOW);
                ^~~~~~~
                rewind
/Users/alranel/Documents/git/arduino/arduino-testlib/cli-datadir/user/libraries/Adafruit_microbit_Library/Adafruit_Microbit.cpp:137:27: error: &#39;MATRIX_COLS&#39; was not declared in this scope
   for (uint8_t c = 0; c &lt; MATRIX_COLS; c&#43;&#43;) {
                           ^~~~~~~~~~~
/Users/alranel/Documents/git/arduino/arduino-testlib/cli-datadir/user/libraries/Adafruit_microbit_Library/Adafruit_Microbit.cpp:138:18: error: &#39;colpins&#39; was not declared in this scope
     digitalWrite(colpins[c], HIGH);
                  ^~~~~~~
/Users/alranel/Documents/git/arduino/arduino-testlib/cli-datadir/user/libraries/Adafruit_microbit_Library/Adafruit_Microbit.cpp:142:23: error: &#39;MATRIX_ROWS&#39; was not declared in this scope
   if (&#43;&#43;currentRow &gt;= MATRIX_ROWS) {
                       ^~~~~~~~~~~
/Users/alranel/Documents/git/arduino/arduino-testlib/cli-datadir/user/libraries/Adafruit_microbit_Library/Adafruit_Microbit.cpp:148:27: error: &#39;MATRIX_COLS&#39; was not declared in this scope
   for (uint8_t c = 0; c &lt; MATRIX_COLS; c&#43;&#43;) {
                           ^~~~~~~~~~~
/Users/alranel/Documents/git/arduino/arduino-testlib/cli-datadir/user/libraries/Adafruit_microbit_Library/Adafruit_Microbit.cpp:149:9: error: &#39;matrix_buffer&#39; was not declared in this scope
     if (matrix_buffer[currentRow][c]) {
         ^~~~~~~~~~~~~
/Users/alranel/Documents/git/arduino/arduino-testlib/cli-datadir/user/libraries/Adafruit_microbit_Library/Adafruit_Microbit.cpp:150:20: error: &#39;colpins&#39; was not declared in this scope
       digitalWrite(colpins[c], LOW); // Change column states for new row
                    ^~~~~~~
/Users/alranel/Documents/git/arduino/arduino-testlib/cli-datadir/user/libraries/Adafruit_microbit_Library/Adafruit_Microbit.cpp: In member function &#39;void Adafruit_Microbit_Matrix::startTimer()&#39;:
/Users/alranel/Documents/git/arduino/arduino-testlib/cli-datadir/user/libraries/Adafruit_microbit_Library/Adafruit_Microbit.cpp:160:3: error: &#39;NRF_TIMER2&#39; was not declared in this scope
   NRF_TIMER2-&gt;MODE = TIMER_MODE_MODE_Timer; // Set the timer in Counter Mode
   ^~~~~~~~~~
/Users/alranel/Documents/git/arduino/arduino-testlib/cli-datadir/user/libraries/Adafruit_microbit_Library/Adafruit_Microbit.cpp:160:3: note: suggested alternative: &#39;TIMER2&#39;
   NRF_TIMER2-&gt;MODE = TIMER_MODE_MODE_Timer; // Set the timer in Counter Mode
   ^~~~~~~~~~
   TIMER2
/Users/alranel/Documents/git/arduino/arduino-testlib/cli-datadir/user/libraries/Adafruit_microbit_Library/Adafruit_Microbit.cpp:160:22: error: &#39;TIMER_MODE_MODE_Timer&#39; was not declared in this scope
   NRF_TIMER2-&gt;MODE = TIMER_MODE_MODE_Timer; // Set the timer in Counter Mode
                      ^~~~~~~~~~~~~~~~~~~~~
/Users/alranel/Documents/git/arduino/arduino-testlib/cli-datadir/user/libraries/Adafruit_microbit_Library/Adafruit_Microbit.cpp:164:7: error: &#39;TIMER_BITMODE_BITMODE_16Bit&#39; was not declared in this scope
       TIMER_BITMODE_BITMODE_16Bit; // Set counter to 16 bit resolution
       ^~~~~~~~~~~~~~~~~~~~~~~~~~~
/Users/alranel/Documents/git/arduino/arduino-testlib/cli-datadir/user/libraries/Adafruit_microbit_Library/Adafruit_Microbit.cpp:170:8: error: &#39;TIMER_INTENSET_COMPARE0_Enabled&#39; was not declared in this scope
       (TIMER_INTENSET_COMPARE0_Enabled &lt;&lt; TIMER_INTENSET_COMPARE0_Pos);
        ^~~~~~~~~~~~~~~~~~~~~~~~~~~~~~~
/Users/alranel/Documents/git/arduino/arduino-testlib/cli-datadir/user/libraries/Adafruit_microbit_Library/Adafruit_Microbit.cpp:170:43: error: &#39;TIMER_INTENSET_COMPARE0_Pos&#39; was not declared in this scope
       (TIMER_INTENSET_COMPARE0_Enabled &lt;&lt; TIMER_INTENSET_COMPARE0_Pos);
                                           ^~~~~~~~~~~~~~~~~~~~~~~~~~~
/Users/alranel/Documents/git/arduino/arduino-testlib/cli-datadir/user/libraries/Adafruit_microbit_Library/Adafruit_Microbit.cpp:171:18: error: &#39;TIMER2_IRQn&#39; was not declared in this scope
   NVIC_EnableIRQ(TIMER2_IRQn);
                  ^~~~~~~~~~~
/Users/alranel/Documents/git/arduino/arduino-testlib/cli-datadir/user/libraries/Adafruit_microbit_Library/Adafruit_Microbit.cpp:171:18: note: suggested alternative: &#39;TIMER2&#39;
   NVIC_EnableIRQ(TIMER2_IRQn);
                  ^~~~~~~~~~~
                  TIMER2
/Users/alranel/Documents/git/arduino/arduino-testlib/cli-datadir/user/libraries/Adafruit_microbit_Library/Adafruit_Microbit.cpp:171:3: error: &#39;NVIC_EnableIRQ&#39; was not declared in this scope
   NVIC_EnableIRQ(TIMER2_IRQn);
   ^~~~~~~~~~~~~~
/Users/alranel/Documents/git/arduino/arduino-testlib/cli-datadir/user/libraries/Adafruit_microbit_Library/Adafruit_Microbit.cpp: In function &#39;void IRQ_MATRIX_HANDLER()&#39;:
/Users/alranel/Documents/git/arduino/arduino-testlib/cli-datadir/user/libraries/Adafruit_microbit_Library/Adafruit_Microbit.cpp:177:8: error: &#39;NRF_TIMER2&#39; was not declared in this scope
   if ((NRF_TIMER2-&gt;EVENTS_COMPARE[0] != 0) &amp;&amp;
        ^~~~~~~~~~
/Users/alranel/Documents/git/arduino/arduino-testlib/cli-datadir/user/libraries/Adafruit_microbit_Library/Adafruit_Microbit.cpp:177:8: note: suggested alternative: &#39;TIMER2&#39;
   if ((NRF_TIMER2-&gt;EVENTS_COMPARE[0] != 0) &amp;&amp;
        ^~~~~~~~~~
        TIMER2
/Users/alranel/Documents/git/arduino/arduino-testlib/cli-datadir/user/libraries/Adafruit_microbit_Library/Adafruit_Microbit.cpp:178:32: error: &#39;TIMER_INTENSET_COMPARE0_Msk&#39; was not declared in this scope
       ((NRF_TIMER2-&gt;INTENSET &amp; TIMER_INTENSET_COMPARE0_Msk) != 0)) {
                                ^~~~~~~~~~~~~~~~~~~~~~~~~~~
/Users/alranel/Documents/git/arduino/arduino-testlib/cli-datadir/user/libraries/Adafruit_microbit_Library/Adafruit_Microbit.cpp: In member function &#39;virtual void Adafruit_Microbit_Matrix::drawPixel(int16_t, int16_t, uint16_t)&#39;:
/Users/alranel/Documents/git/arduino/arduino-testlib/cli-datadir/user/libraries/Adafruit_microbit_Library/Adafruit_Microbit.cpp:215:17: error: &#39;pixel_to_col&#39; was not declared in this scope
   uint8_t col = pixel_to_col[pixelnum] - 1;
                 ^~~~~~~~~~~~
/Users/alranel/Documents/git/arduino/arduino-testlib/cli-datadir/user/libra</pre>
					
					<h4>examples/timerdemo</h4>
					<p>
						Result: <b>FAIL</b>
					</p>
					<pre class="pre-scrollable">/Users/alranel/Documents/git/arduino/arduino-testlib/cli-datadir/user/libraries/Adafruit_microbit_Library/examples/timerdemo/timerdemo.ino: In function &#39;void start_timer()&#39;:
/Users/alranel/Documents/git/arduino/arduino-testlib/cli-datadir/user/libraries/Adafruit_microbit_Library/examples/timerdemo/timerdemo.ino:11:3: error: &#39;NRF_TIMER2&#39; was not declared in this scope
   NRF_TIMER2-&gt;MODE = TIMER_MODE_MODE_Timer;              // Set the timer in Counter Mode
   ^~~~~~~~~~
/Users/alranel/Documents/git/arduino/arduino-testlib/cli-datadir/user/libraries/Adafruit_microbit_Library/examples/timerdemo/timerdemo.ino:11:3: note: suggested alternative: &#39;TIMER2&#39;
   NRF_TIMER2-&gt;MODE = TIMER_MODE_MODE_Timer;              // Set the timer in Counter Mode
   ^~~~~~~~~~
   TIMER2
/Users/alranel/Documents/git/arduino/arduino-testlib/cli-datadir/user/libraries/Adafruit_microbit_Library/examples/timerdemo/timerdemo.ino:11:22: error: &#39;TIMER_MODE_MODE_Timer&#39; was not declared in this scope
   NRF_TIMER2-&gt;MODE = TIMER_MODE_MODE_Timer;              // Set the timer in Counter Mode
                      ^~~~~~~~~~~~~~~~~~~~~
/Users/alranel/Documents/git/arduino/arduino-testlib/cli-datadir/user/libraries/Adafruit_microbit_Library/examples/timerdemo/timerdemo.ino:14:25: error: &#39;TIMER_BITMODE_BITMODE_16Bit&#39; was not declared in this scope
   NRF_TIMER2-&gt;BITMODE = TIMER_BITMODE_BITMODE_16Bit;     //Set counter to 16 bit resolution
                         ^~~~~~~~~~~~~~~~~~~~~~~~~~~
/Users/alranel/Documents/git/arduino/arduino-testlib/cli-datadir/user/libraries/Adafruit_microbit_Library/examples/timerdemo/timerdemo.ino:19:27: error: &#39;TIMER_INTENSET_COMPARE0_Enabled&#39; was not declared in this scope
   NRF_TIMER2-&gt;INTENSET = (TIMER_INTENSET_COMPARE0_Enabled &lt;&lt; TIMER_INTENSET_COMPARE0_Pos) | (TIMER_INTENSET_COMPARE1_Enabled &lt;&lt; TIMER_INTENSET_COMPARE1_Pos);
                           ^~~~~~~~~~~~~~~~~~~~~~~~~~~~~~~
/Users/alranel/Documents/git/arduino/arduino-testlib/cli-datadir/user/libraries/Adafruit_microbit_Library/examples/timerdemo/timerdemo.ino:19:62: error: &#39;TIMER_INTENSET_COMPARE0_Pos&#39; was not declared in this scope
   NRF_TIMER2-&gt;INTENSET = (TIMER_INTENSET_COMPARE0_Enabled &lt;&lt; TIMER_INTENSET_COMPARE0_Pos) | (TIMER_INTENSET_COMPARE1_Enabled &lt;&lt; TIMER_INTENSET_COMPARE1_Pos);
                                                              ^~~~~~~~~~~~~~~~~~~~~~~~~~~
/Users/alranel/Documents/git/arduino/arduino-testlib/cli-datadir/user/libraries/Adafruit_microbit_Library/examples/timerdemo/timerdemo.ino:19:94: error: &#39;TIMER_INTENSET_COMPARE1_Enabled&#39; was not declared in this scope
   NRF_TIMER2-&gt;INTENSET = (TIMER_INTENSET_COMPARE0_Enabled &lt;&lt; TIMER_INTENSET_COMPARE0_Pos) | (TIMER_INTENSET_COMPARE1_Enabled &lt;&lt; TIMER_INTENSET_COMPARE1_Pos);
                                                                                              ^~~~~~~~~~~~~~~~~~~~~~~~~~~~~~~
/Users/alranel/Documents/git/arduino/arduino-testlib/cli-datadir/user/libraries/Adafruit_microbit_Library/examples/timerdemo/timerdemo.ino:19:129: error: &#39;TIMER_INTENSET_COMPARE1_Pos&#39; was not declared in this scope
   NRF_TIMER2-&gt;INTENSET = (TIMER_INTENSET_COMPARE0_Enabled &lt;&lt; TIMER_INTENSET_COMPARE0_Pos) | (TIMER_INTENSET_COMPARE1_Enabled &lt;&lt; TIMER_INTENSET_COMPARE1_Pos);
                                                                                                                                 ^~~~~~~~~~~~~~~~~~~~~~~~~~~
/Users/alranel/Documents/git/arduino/arduino-testlib/cli-datadir/user/libraries/Adafruit_microbit_Library/examples/timerdemo/timerdemo.ino:20:18: error: &#39;TIMER2_IRQn&#39; was not declared in this scope
   NVIC_EnableIRQ(TIMER2_IRQn);
                  ^~~~~~~~~~~
/Users/alranel/Documents/git/arduino/arduino-testlib/cli-datadir/user/libraries/Adafruit_microbit_Library/examples/timerdemo/timerdemo.ino:20:18: note: suggested alternative: &#39;TIMER2&#39;
   NVIC_EnableIRQ(TIMER2_IRQn);
                  ^~~~~~~~~~~
                  TIMER2
/Users/alranel/Documents/git/arduino/arduino-testlib/cli-datadir/user/libraries/Adafruit_microbit_Library/examples/timerdemo/timerdemo.ino:20:3: error: &#39;NVIC_EnableIRQ&#39; was not declared in this scope
   NVIC_EnableIRQ(TIMER2_IRQn);
   ^~~~~~~~~~~~~~
/Users/alranel/Documents/git/arduino/arduino-testlib/cli-datadir/user/libraries/Adafruit_microbit_Library/examples/timerdemo/timerdemo.ino: In function &#39;void timer_pal()&#39;:
/Users/alranel/Documents/git/arduino/arduino-testlib/cli-datadir/user/libraries/Adafruit_microbit_Library/examples/timerdemo/timerdemo.ino:32:8: error: &#39;NRF_TIMER2&#39; was not declared in this scope
   if ((NRF_TIMER2-&gt;EVENTS_COMPARE[0] != 0) &amp;&amp; ((NRF_TIMER2-&gt;INTENSET &amp; TIMER_INTENSET_COMPARE0_Msk) != 0))
        ^~~~~~~~~~
/Users/alranel/Documents/git/arduino/arduino-testlib/cli-datadir/user/libraries/Adafruit_microbit_Library/examples/timerdemo/timerdemo.ino:32:8: note: suggested alternative: &#39;TIMER2&#39;
   if ((NRF_TIMER2-&gt;EVENTS_COMPARE[0] != 0) &amp;&amp; ((NRF_TIMER2-&gt;INTENSET &amp; TIMER_INTENSET_COMPARE0_Msk) != 0))
        ^~~~~~~~~~
        TIMER2
/Users/alranel/Documents/git/arduino/arduino-testlib/cli-datadir/user/libraries/Adafruit_microbit_Library/examples/timerdemo/timerdemo.ino:32:72: error: &#39;TIMER_INTENSET_COMPARE0_Msk&#39; was not declared in this scope
   if ((NRF_TIMER2-&gt;EVENTS_COMPARE[0] != 0) &amp;&amp; ((NRF_TIMER2-&gt;INTENSET &amp; TIMER_INTENSET_COMPARE0_Msk) != 0))
                                                                        ^~~~~~~~~~~~~~~~~~~~~~~~~~~
/Users/alranel/Documents/git/arduino/arduino-testlib/cli-datadir/user/libraries/Adafruit_microbit_Library/examples/timerdemo/timerdemo.ino:38:8: error: &#39;NRF_TIMER2&#39; was not declared in this scope
   if ((NRF_TIMER2-&gt;EVENTS_COMPARE[1] != 0) &amp;&amp; ((NRF_TIMER2-&gt;INTENSET &amp; TIMER_INTENSET_COMPARE1_Msk) != 0))
        ^~~~~~~~~~
/Users/alranel/Documents/git/arduino/arduino-testlib/cli-datadir/user/libraries/Adafruit_microbit_Library/examples/timerdemo/timerdemo.ino:38:8: note: suggested alternative: &#39;TIMER2&#39;
   if ((NRF_TIMER2-&gt;EVENTS_COMPARE[1] != 0) &amp;&amp; ((NRF_TIMER2-&gt;INTENSET &amp; TIMER_INTENSET_COMPARE1_Msk) != 0))
        ^~~~~~~~~~
        TIMER2
/Users/alranel/Documents/git/arduino/arduino-testlib/cli-datadir/user/libraries/Adafruit_microbit_Library/examples/timerdemo/timerdemo.ino:38:72: error: &#39;TIMER_INTENSET_COMPARE1_Msk&#39; was not declared in this scope
   if ((NRF_TIMER2-&gt;EVENTS_COMPARE[1] != 0) &amp;&amp; ((NRF_TIMER2-&gt;INTENSET &amp; TIMER_INTENSET_COMPARE1_Msk) != 0))
                                                                        ^~~~~~~~~~~~~~~~~~~~~~~~~~~

</pre>
					
				
				<h3 id="arduino:mbed_nano:nanorp2040connect">arduino:mbed_nano:nanorp2040connect @ 2.7.2</h3>
				<h4>Inclusion</h4>
				<p>
					Result: <b>FAIL</b>
					
					<br />This library has no main header file so an empty one was created.
					
				</p>
				<pre class="pre-scrollable">/tmp/arduino-testlib2072322217/test/test.ino:1:10: fatal error: Adafruit_microbit_Library.h: No such file or directory
 #include &lt;Adafruit_microbit_Library.h&gt;
          ^~~~~~~~~~~~~~~~~~~~~~~~~~~~~
compilation terminated.

</pre>

					
					<h4>examples/accelerometer_MMA8653</h4>
					<p>
						Result: <b>FAIL</b>
					</p>
					<pre class="pre-scrollable">WARNING: library MMA8653 claims to run on avr, megaavr, sam, samd, nRF5, nrf51, nrf52, stm32f4, mbed architecture(s) and may be incompatible with your current board which runs on mbed_nano architecture(s).
/home/ec2-user/arduino-testlib/cli-datadir/user/libraries/Adafruit_microbit_Library/examples/accelerometer_MMA8653/accelerometer_MMA8653.ino: In function &#39;void setup()&#39;:
/home/ec2-user/arduino-testlib/cli-datadir/user/libraries/Adafruit_microbit_Library/examples/accelerometer_MMA8653/accelerometer_MMA8653.ino:27:23: error: no matching function for call to &#39;MMA8653::begin(bool, int)&#39;
   accel.begin(false, 2); // 8-bit mode, 2g range
                       ^
In file included from /home/ec2-user/arduino-testlib/cli-datadir/user/libraries/Adafruit_microbit_Library/examples/accelerometer_MMA8653/accelerometer_MMA8653.ino:18:0:
/home/ec2-user/arduino-testlib/cli-datadir/user/libraries/MMA8653/src/MMA8653.h:201:10: note: candidate: void MMA8653::begin()
     void begin();
          ^~~~~
/home/ec2-user/arduino-testlib/cli-datadir/user/libraries/MMA8653/src/MMA8653.h:201:10: note:   candidate expects 0 arguments, 2 provided
/home/ec2-user/arduino-testlib/cli-datadir/user/libraries/Adafruit_microbit_Library/examples/accelerometer_MMA8653/accelerometer_MMA8653.ino: In function &#39;void loop()&#39;:
/home/ec2-user/arduino-testlib/cli-datadir/user/libraries/Adafruit_microbit_Library/examples/accelerometer_MMA8653/accelerometer_MMA8653.ino:32:9: error: &#39;class MMA8653&#39; has no member named &#39;update&#39;
   accel.update();
         ^~~~~~
/home/ec2-user/arduino-testlib/cli-datadir/user/libraries/Adafruit_microbit_Library/examples/accelerometer_MMA8653/accelerometer_MMA8653.ino:33:29: error: &#39;class MMA8653&#39; has no member named &#39;getX&#39;
   Serial.print((float)accel.getX() * 0.0156);    Serial.print(&#34; , &#34;);
                             ^~~~
/home/ec2-user/arduino-testlib/cli-datadir/user/libraries/Adafruit_microbit_Library/examples/accelerometer_MMA8653/accelerometer_MMA8653.ino:34:29: error: &#39;class MMA8653&#39; has no member named &#39;getY&#39;
   Serial.print((float)accel.getY() * 0.0156);    Serial.print(&#34;, &#34;);
                             ^~~~
/home/ec2-user/arduino-testlib/cli-datadir/user/libraries/Adafruit_microbit_Library/examples/accelerometer_MMA8653/accelerometer_MMA8653.ino:35:31: error: &#39;class MMA8653&#39; has no member named &#39;getZ&#39;
   Serial.println((float)accel.getZ() * 0.0156);
                               ^~~~

</pre>
					
					<h4>examples/ble_controller</h4>
					<p>
						Result: <b>FAIL</b>
					</p>
					<pre class="pre-scrollable">
</pre>
					
					<h4>examples/ble_dietemp</h4>
					<p>
						Result: <b>FAIL</b>
					</p>
					<pre class="pre-scrollable">/home/ec2-user/arduino-testlib/cli-datadir/user/libraries/Adafruit_microbit_Library/examples/ble_dietemp/ble_dietemp.ino: In function &#39;void setup()&#39;:
/home/ec2-user/arduino-testlib/cli-datadir/user/libraries/Adafruit_microbit_Library/examples/ble_dietemp/ble_dietemp.ino:13:12: error: &#39;class Adafruit_Microbit&#39; has no member named &#39;BTLESerial&#39;
   microbit.BTLESerial.setLocalName(&#34;microbit&#34;);
            ^~~~~~~~~~
/home/ec2-user/arduino-testlib/cli-datadir/user/libraries/Adafruit_microbit_Library/examples/ble_dietemp/ble_dietemp.ino:14:12: error: &#39;class Adafruit_Microbit&#39; has no member named &#39;BTLESerial&#39;
   microbit.BTLESerial.begin();
            ^~~~~~~~~~
/home/ec2-user/arduino-testlib/cli-datadir/user/libraries/Adafruit_microbit_Library/examples/ble_dietemp/ble_dietemp.ino: In function &#39;void loop()&#39;:
/home/ec2-user/arduino-testlib/cli-datadir/user/libraries/Adafruit_microbit_Library/examples/ble_dietemp/ble_dietemp.ino:23:12: error: &#39;class Adafruit_Microbit&#39; has no member named &#39;BTLESerial&#39;
   microbit.BTLESerial.poll();
            ^~~~~~~~~~
/home/ec2-user/arduino-testlib/cli-datadir/user/libraries/Adafruit_microbit_Library/examples/ble_dietemp/ble_dietemp.ino:30:23: error: &#39;class Adafruit_Microbit&#39; has no member named &#39;getDieTemp&#39;
       temp = microbit.getDieTemp();
                       ^~~~~~~~~~
/home/ec2-user/arduino-testlib/cli-datadir/user/libraries/Adafruit_microbit_Library/examples/ble_dietemp/ble_dietemp.ino:41:12: error: &#39;class Adafruit_Microbit&#39; has no member named &#39;BTLESerial&#39;
   microbit.BTLESerial.println(avgtemp);
            ^~~~~~~~~~

</pre>
					
					<h4>examples/ble_plotterdemo</h4>
					<p>
						Result: <b>FAIL</b>
					</p>
					<pre class="pre-scrollable">WARNING: library MMA8653 claims to run on avr, megaavr, sam, samd, nRF5, nrf51, nrf52, stm32f4, mbed architecture(s) and may be incompatible with your current board which runs on mbed_nano architecture(s).
/home/ec2-user/arduino-testlib/cli-datadir/user/libraries/Adafruit_microbit_Library/examples/ble_plotterdemo/ble_plotterdemo.ino: In function &#39;void setup()&#39;:
/home/ec2-user/arduino-testlib/cli-datadir/user/libraries/Adafruit_microbit_Library/examples/ble_plotterdemo/ble_plotterdemo.ino:19:23: error: no matching function for call to &#39;MMA8653::begin(bool, int)&#39;
   accel.begin(false, 2); // 8-bit mode, 2g range
                       ^
In file included from /home/ec2-user/arduino-testlib/cli-datadir/user/libraries/Adafruit_microbit_Library/examples/ble_plotterdemo/ble_plotterdemo.ino:9:0:
/home/ec2-user/arduino-testlib/cli-datadir/user/libraries/MMA8653/src/MMA8653.h:201:10: note: candidate: void MMA8653::begin()
     void begin();
          ^~~~~
/home/ec2-user/arduino-testlib/cli-datadir/user/libraries/MMA8653/src/MMA8653.h:201:10: note:   candidate expects 0 arguments, 2 provided
/home/ec2-user/arduino-testlib/cli-datadir/user/libraries/Adafruit_microbit_Library/examples/ble_plotterdemo/ble_plotterdemo.ino:22:12: error: &#39;class Adafruit_Microbit&#39; has no member named &#39;BTLESerial&#39;
   microbit.BTLESerial.setLocalName(&#34;microbit&#34;);
            ^~~~~~~~~~
/home/ec2-user/arduino-testlib/cli-datadir/user/libraries/Adafruit_microbit_Library/examples/ble_plotterdemo/ble_plotterdemo.ino:23:12: error: &#39;class Adafruit_Microbit&#39; has no member named &#39;BTLESerial&#39;
   microbit.BTLESerial.begin();
            ^~~~~~~~~~
/home/ec2-user/arduino-testlib/cli-datadir/user/libraries/Adafruit_microbit_Library/examples/ble_plotterdemo/ble_plotterdemo.ino: In function &#39;void loop()&#39;:
/home/ec2-user/arduino-testlib/cli-datadir/user/libraries/Adafruit_microbit_Library/examples/ble_plotterdemo/ble_plotterdemo.ino:30:12: error: &#39;class Adafruit_Microbit&#39; has no member named &#39;BTLESerial&#39;
   microbit.BTLESerial.poll();
            ^~~~~~~~~~
/home/ec2-user/arduino-testlib/cli-datadir/user/libraries/Adafruit_microbit_Library/examples/ble_plotterdemo/ble_plotterdemo.ino:32:9: error: &#39;class MMA8653&#39; has no member named &#39;update&#39;
   accel.update();
         ^~~~~~
/home/ec2-user/arduino-testlib/cli-datadir/user/libraries/Adafruit_microbit_Library/examples/ble_plotterdemo/ble_plotterdemo.ino:35:22: error: &#39;class MMA8653&#39; has no member named &#39;getX&#39;
   Serial.print(accel.getX());    Serial.print(&#34;, &#34;);
                      ^~~~
/home/ec2-user/arduino-testlib/cli-datadir/user/libraries/Adafruit_microbit_Library/examples/ble_plotterdemo/ble_plotterdemo.ino:36:22: error: &#39;class MMA8653&#39; has no member named &#39;getY&#39;
   Serial.print(accel.getY());    Serial.print(&#34;, &#34;);
                      ^~~~
/home/ec2-user/arduino-testlib/cli-datadir/user/libraries/Adafruit_microbit_Library/examples/ble_plotterdemo/ble_plotterdemo.ino:37:24: error: &#39;class MMA8653&#39; has no member named &#39;getZ&#39;
   Serial.println(accel.getZ());
                        ^~~~
/home/ec2-user/arduino-testlib/cli-datadir/user/libraries/Adafruit_microbit_Library/examples/ble_plotterdemo/ble_plotterdemo.ino:40:12: error: &#39;class Adafruit_Microbit&#39; has no member named &#39;BTLESerial&#39;
   microbit.BTLESerial.print(accel.getX());
            ^~~~~~~~~~
/home/ec2-user/arduino-testlib/cli-datadir/user/libraries/Adafruit_microbit_Library/examples/ble_plotterdemo/ble_plotterdemo.ino:40:35: error: &#39;class MMA8653&#39; has no member named &#39;getX&#39;
   microbit.BTLESerial.print(accel.getX());
                                   ^~~~
/home/ec2-user/arduino-testlib/cli-datadir/user/libraries/Adafruit_microbit_Library/examples/ble_plotterdemo/ble_plotterdemo.ino:41:12: error: &#39;class Adafruit_Microbit&#39; has no member named &#39;BTLESerial&#39;
   microbit.BTLESerial.print(&#34;,&#34;);
            ^~~~~~~~~~
/home/ec2-user/arduino-testlib/cli-datadir/user/libraries/Adafruit_microbit_Library/examples/ble_plotterdemo/ble_plotterdemo.ino:42:12: error: &#39;class Adafruit_Microbit&#39; has no member named &#39;BTLESerial&#39;
   microbit.BTLESerial.print(accel.getY());
            ^~~~~~~~~~
/home/ec2-user/arduino-testlib/cli-datadir/user/libraries/Adafruit_microbit_Library/examples/ble_plotterdemo/ble_plotterdemo.ino:42:35: error: &#39;class MMA8653&#39; has no member named &#39;getY&#39;
   microbit.BTLESerial.print(accel.getY());
                                   ^~~~
/home/ec2-user/arduino-testlib/cli-datadir/user/libraries/Adafruit_microbit_Library/examples/ble_plotterdemo/ble_plotterdemo.ino:43:12: error: &#39;class Adafruit_Microbit&#39; has no member named &#39;BTLESerial&#39;
   microbit.BTLESerial.print(&#34;,&#34;);
            ^~~~~~~~~~
/home/ec2-user/arduino-testlib/cli-datadir/user/libraries/Adafruit_microbit_Library/examples/ble_plotterdemo/ble_plotterdemo.ino:44:12: error: &#39;class Adafruit_Microbit&#39; has no member named &#39;BTLESerial&#39;
   microbit.BTLESerial.println(accel.getZ());
            ^~~~~~~~~~
/home/ec2-user/arduino-testlib/cli-datadir/user/libraries/Adafruit_microbit_Library/examples/ble_plotterdemo/ble_plotterdemo.ino:44:37: error: &#39;class MMA8653&#39; has no member named &#39;getZ&#39;
   microbit.BTLESerial.println(accel.getZ());
                                     ^~~~

</pre>
					
					<h4>examples/ble_uartdemo</h4>
					<p>
						Result: <b>FAIL</b>
					</p>
					<pre class="pre-scrollable">/home/ec2-user/arduino-testlib/cli-datadir/user/libraries/Adafruit_microbit_Library/examples/ble_uartdemo/ble_uartdemo.ino: In function &#39;void setup()&#39;:
/home/ec2-user/arduino-testlib/cli-datadir/user/libraries/Adafruit_microbit_Library/examples/ble_uartdemo/ble_uartdemo.ino:27:12: error: &#39;class Adafruit_Microbit&#39; has no member named &#39;BTLESerial&#39;
   microbit.BTLESerial.setLocalName(&#34;microbit&#34;);
            ^~~~~~~~~~
/home/ec2-user/arduino-testlib/cli-datadir/user/libraries/Adafruit_microbit_Library/examples/ble_uartdemo/ble_uartdemo.ino:28:12: error: &#39;class Adafruit_Microbit&#39; has no member named &#39;BTLESerial&#39;
   microbit.BTLESerial.begin();
            ^~~~~~~~~~
/home/ec2-user/arduino-testlib/cli-datadir/user/libraries/Adafruit_microbit_Library/examples/ble_uartdemo/ble_uartdemo.ino: In function &#39;void loop()&#39;:
/home/ec2-user/arduino-testlib/cli-datadir/user/libraries/Adafruit_microbit_Library/examples/ble_uartdemo/ble_uartdemo.ino:35:12: error: &#39;class Adafruit_Microbit&#39; has no member named &#39;BTLESerial&#39;
   microbit.BTLESerial.poll();
            ^~~~~~~~~~
/home/ec2-user/arduino-testlib/cli-datadir/user/libraries/Adafruit_microbit_Library/examples/ble_uartdemo/ble_uartdemo.ino: In function &#39;void forward()&#39;:
/home/ec2-user/arduino-testlib/cli-datadir/user/libraries/Adafruit_microbit_Library/examples/ble_uartdemo/ble_uartdemo.ino:45:16: error: &#39;class Adafruit_Microbit&#39; has no member named &#39;BTLESerial&#39;
   if (microbit.BTLESerial &amp;&amp; Serial) {
                ^~~~~~~~~~
/home/ec2-user/arduino-testlib/cli-datadir/user/libraries/Adafruit_microbit_Library/examples/ble_uartdemo/ble_uartdemo.ino:47:18: error: &#39;class Adafruit_Microbit&#39; has no member named &#39;BTLESerial&#39;
     if (microbit.BTLESerial.available()) {
                  ^~~~~~~~~~
/home/ec2-user/arduino-testlib/cli-datadir/user/libraries/Adafruit_microbit_Library/examples/ble_uartdemo/ble_uartdemo.ino:48:29: error: &#39;class Adafruit_Microbit&#39; has no member named &#39;BTLESerial&#39;
       Serial.write(microbit.BTLESerial.read());
                             ^~~~~~~~~~
/home/ec2-user/arduino-testlib/cli-datadir/user/libraries/Adafruit_microbit_Library/examples/ble_uartdemo/ble_uartdemo.ino:59:16: error: &#39;class Adafruit_Microbit&#39; has no member named &#39;BTLESerial&#39;
       microbit.BTLESerial.write(buffer, idx);
                ^~~~~~~~~~
/home/ec2-user/arduino-testlib/cli-datadir/user/libraries/Adafruit_microbit_Library/examples/ble_uartdemo/ble_uartdemo.ino: In function &#39;void loopback()&#39;:
/home/ec2-user/arduino-testlib/cli-datadir/user/libraries/Adafruit_microbit_Library/examples/ble_uartdemo/ble_uartdemo.ino:67:16: error: &#39;class Adafruit_Microbit&#39; has no member named &#39;BTLESerial&#39;
   if (microbit.BTLESerial) {
                ^~~~~~~~~~
/home/ec2-user/arduino-testlib/cli-datadir/user/libraries/Adafruit_microbit_Library/examples/ble_uartdemo/ble_uartdemo.ino:69:29: error: &#39;class Adafruit_Microbit&#39; has no member named &#39;BTLESerial&#39;
     while ((byte = microbit.BTLESerial.read()) &gt; 0) {
                             ^~~~~~~~~~
/home/ec2-user/arduino-testlib/cli-datadir/user/libraries/Adafruit_microbit_Library/examples/ble_uartdemo/ble_uartdemo.ino:70:18: error: &#39;class Adafruit_Microbit&#39; has no member named &#39;BTLESerial&#39;
         microbit.BTLESerial.write(byte);
                  ^~~~~~~~~~
/home/ec2-user/arduino-testlib/cli-datadir/user/libraries/Adafruit_microbit_Library/examples/ble_uartdemo/ble_uartdemo.ino: In function &#39;void spam()&#39;:
/home/ec2-user/arduino-testlib/cli-datadir/user/libraries/Adafruit_microbit_Library/examples/ble_uartdemo/ble_uartdemo.ino:77:16: error: &#39;class Adafruit_Microbit&#39; has no member named &#39;BTLESerial&#39;
   if (microbit.BTLESerial) {
                ^~~~~~~~~~
/home/ec2-user/arduino-testlib/cli-datadir/user/libraries/Adafruit_microbit_Library/examples/ble_uartdemo/ble_uartdemo.ino:78:14: error: &#39;class Adafruit_Microbit&#39; has no member named &#39;BTLESerial&#39;
     microbit.BTLESerial.print(millis());
              ^~~~~~~~~~
/home/ec2-user/arduino-testlib/cli-datadir/user/libraries/Adafruit_microbit_Library/examples/ble_uartdemo/ble_uartdemo.ino:79:14: error: &#39;class Adafruit_Microbit&#39; has no member named &#39;BTLESerial&#39;
     microbit.BTLESerial.println(&#34; tick-tacks!&#34;);
              ^~~~~~~~~~

</pre>
					
					<h4>examples/blinkdemo</h4>
					<p>
						Result: <b>PASS</b>
					</p>
					<pre class="pre-scrollable">Sketch uses 79228 bytes (0%) of program storage space. Maximum is 16777216 bytes.
Global variables use 43444 bytes (16%) of dynamic memory, leaving 226892 bytes for local variables. Maximum is 270336 bytes.
</pre>
					
					<h4>examples/buttondemo</h4>
					<p>
						Result: <b>FAIL</b>
					</p>
					<pre class="pre-scrollable">/home/ec2-user/arduino-testlib/cli-datadir/user/libraries/Adafruit_microbit_Library/examples/buttondemo/buttondemo.ino: In function &#39;void setup()&#39;:
/home/ec2-user/arduino-testlib/cli-datadir/user/libraries/Adafruit_microbit_Library/examples/buttondemo/buttondemo.ino:6:11: error: &#39;PIN_BUTTON_A&#39; was not declared in this scope
   pinMode(PIN_BUTTON_A, INPUT);
           ^~~~~~~~~~~~
/home/ec2-user/arduino-testlib/cli-datadir/user/libraries/Adafruit_microbit_Library/examples/buttondemo/buttondemo.ino:6:11: note: suggested alternative: &#39;PIN_OUTPUT&#39;
   pinMode(PIN_BUTTON_A, INPUT);
           ^~~~~~~~~~~~
           PIN_OUTPUT
/home/ec2-user/arduino-testlib/cli-datadir/user/libraries/Adafruit_microbit_Library/examples/buttondemo/buttondemo.ino:7:11: error: &#39;PIN_BUTTON_B&#39; was not declared in this scope
   pinMode(PIN_BUTTON_B, INPUT);
           ^~~~~~~~~~~~
/home/ec2-user/arduino-testlib/cli-datadir/user/libraries/Adafruit_microbit_Library/examples/buttondemo/buttondemo.ino:7:11: note: suggested alternative: &#39;PIN_OUTPUT&#39;
   pinMode(PIN_BUTTON_B, INPUT);
           ^~~~~~~~~~~~
           PIN_OUTPUT
/home/ec2-user/arduino-testlib/cli-datadir/user/libraries/Adafruit_microbit_Library/examples/buttondemo/buttondemo.ino: In function &#39;void loop()&#39;:
/home/ec2-user/arduino-testlib/cli-datadir/user/libraries/Adafruit_microbit_Library/examples/buttondemo/buttondemo.ino:11:21: error: &#39;PIN_BUTTON_A&#39; was not declared in this scope
   if (! digitalRead(PIN_BUTTON_A)) {
                     ^~~~~~~~~~~~
/home/ec2-user/arduino-testlib/cli-datadir/user/libraries/Adafruit_microbit_Library/examples/buttondemo/buttondemo.ino:11:21: note: suggested alternative: &#39;PIN_OUTPUT&#39;
   if (! digitalRead(PIN_BUTTON_A)) {
                     ^~~~~~~~~~~~
                     PIN_OUTPUT
/home/ec2-user/arduino-testlib/cli-datadir/user/libraries/Adafruit_microbit_Library/examples/buttondemo/buttondemo.ino:14:21: error: &#39;PIN_BUTTON_B&#39; was not declared in this scope
   if (! digitalRead(PIN_BUTTON_B)) {
                     ^~~~~~~~~~~~
/home/ec2-user/arduino-testlib/cli-datadir/user/libraries/Adafruit_microbit_Library/examples/buttondemo/buttondemo.ino:14:21: note: suggested alternative: &#39;PIN_OUTPUT&#39;
   if (! digitalRead(PIN_BUTTON_B)) {
                     ^~~~~~~~~~~~
                     PIN_OUTPUT

</pre>
					
					<h4>examples/matrixdemo</h4>
					<p>
						Result: <b>FAIL</b>
					</p>
					<pre class="pre-scrollable">/home/ec2-user/arduino-testlib/cli-datadir/user/libraries/Adafruit_microbit_Library/Adafruit_Microbit.cpp: In constructor &#39;Adafruit_Microbit_Matrix::Adafruit_Microbit_Matrix()&#39;:
/home/ec2-user/arduino-testlib/cli-datadir/user/libraries/Adafruit_microbit_Library/Adafruit_Microbit.cpp:95:10: error: &#39;matrix_buffer&#39; was not declared in this scope
   memset(matrix_buffer, 0x0, MATRIX_COLS * MATRIX_ROWS);
          ^~~~~~~~~~~~~
/home/ec2-user/arduino-testlib/cli-datadir/user/libraries/Adafruit_microbit_Library/Adafruit_Microbit.cpp:95:10: note: suggested alternative: &#39;setbuffer&#39;
   memset(matrix_buffer, 0x0, MATRIX_COLS * MATRIX_ROWS);
          ^~~~~~~~~~~~~
          setbuffer
/home/ec2-user/arduino-testlib/cli-datadir/user/libraries/Adafruit_microbit_Library/Adafruit_Microbit.cpp:95:30: error: &#39;MATRIX_COLS&#39; was not declared in this scope
   memset(matrix_buffer, 0x0, MATRIX_COLS * MATRIX_ROWS);
                              ^~~~~~~~~~~
/home/ec2-user/arduino-testlib/cli-datadir/user/libraries/Adafruit_microbit_Library/Adafruit_Microbit.cpp:95:44: error: &#39;MATRIX_ROWS&#39; was not declared in this scope
   memset(matrix_buffer, 0x0, MATRIX_COLS * MATRIX_ROWS);
                                            ^~~~~~~~~~~
/home/ec2-user/arduino-testlib/cli-datadir/user/libraries/Adafruit_microbit_Library/Adafruit_Microbit.cpp: In member function &#39;boolean Adafruit_Microbit_Matrix::begin()&#39;:
/home/ec2-user/arduino-testlib/cli-datadir/user/libraries/Adafruit_microbit_Library/Adafruit_Microbit.cpp:107:27: error: &#39;MATRIX_COLS&#39; was not declared in this scope
   for (uint8_t c = 0; c &lt; MATRIX_COLS; c&#43;&#43;) {
                           ^~~~~~~~~~~
/home/ec2-user/arduino-testlib/cli-datadir/user/libraries/Adafruit_microbit_Library/Adafruit_Microbit.cpp:108:13: error: &#39;colpins&#39; was not declared in this scope
     pinMode(colpins[c], OUTPUT);
             ^~~~~~~
/home/ec2-user/arduino-testlib/cli-datadir/user/libraries/Adafruit_microbit_Library/Adafruit_Microbit.cpp:112:27: error: &#39;MATRIX_ROWS&#39; was not declared in this scope
   for (uint8_t r = 0; r &lt; MATRIX_ROWS; r&#43;&#43;) {
                           ^~~~~~~~~~~
/home/ec2-user/arduino-testlib/cli-datadir/user/libraries/Adafruit_microbit_Library/Adafruit_Microbit.cpp:113:13: error: &#39;rowpins&#39; was not declared in this scope
     pinMode(rowpins[r], OUTPUT);
             ^~~~~~~
/home/ec2-user/arduino-testlib/cli-datadir/user/libraries/Adafruit_microbit_Library/Adafruit_Microbit.cpp:113:13: note: suggested alternative: &#39;rewind&#39;
     pinMode(rowpins[r], OUTPUT);
             ^~~~~~~
             rewind
/home/ec2-user/arduino-testlib/cli-datadir/user/libraries/Adafruit_microbit_Library/Adafruit_Microbit.cpp:117:27: error: &#39;MATRIX_ROWS&#39; was not declared in this scope
   for (uint8_t r = 0; r &lt; MATRIX_ROWS; r&#43;&#43;) {
                           ^~~~~~~~~~~
/home/ec2-user/arduino-testlib/cli-datadir/user/libraries/Adafruit_microbit_Library/Adafruit_Microbit.cpp:118:29: error: &#39;MATRIX_COLS&#39; was not declared in this scope
     for (uint8_t c = 0; c &lt; MATRIX_COLS; c&#43;&#43;) {
                             ^~~~~~~~~~~
/home/ec2-user/arduino-testlib/cli-datadir/user/libraries/Adafruit_microbit_Library/Adafruit_Microbit.cpp:119:7: error: &#39;matrix_buffer&#39; was not declared in this scope
       matrix_buffer[r][c] = 0;
       ^~~~~~~~~~~~~
/home/ec2-user/arduino-testlib/cli-datadir/user/libraries/Adafruit_microbit_Library/Adafruit_Microbit.cpp:119:7: note: suggested alternative: &#39;setbuffer&#39;
       matrix_buffer[r][c] = 0;
       ^~~~~~~~~~~~~
       setbuffer
/home/ec2-user/arduino-testlib/cli-datadir/user/libraries/Adafruit_microbit_Library/Adafruit_Microbit.cpp: In member function &#39;void Adafruit_Microbit_Matrix::rowHandler()&#39;:
/home/ec2-user/arduino-testlib/cli-datadir/user/libraries/Adafruit_microbit_Library/Adafruit_Microbit.cpp:136:16: error: &#39;rowpins&#39; was not declared in this scope
   digitalWrite(rowpins[currentRow], LOW);
                ^~~~~~~
/home/ec2-user/arduino-testlib/cli-datadir/user/libraries/Adafruit_microbit_Library/Adafruit_Microbit.cpp:136:16: note: suggested alternative: &#39;rewind&#39;
   digitalWrite(rowpins[currentRow], LOW);
                ^~~~~~~
                rewind
/home/ec2-user/arduino-testlib/cli-datadir/user/libraries/Adafruit_microbit_Library/Adafruit_Microbit.cpp:137:27: error: &#39;MATRIX_COLS&#39; was not declared in this scope
   for (uint8_t c = 0; c &lt; MATRIX_COLS; c&#43;&#43;) {
                           ^~~~~~~~~~~
/home/ec2-user/arduino-testlib/cli-datadir/user/libraries/Adafruit_microbit_Library/Adafruit_Microbit.cpp:138:18: error: &#39;colpins&#39; was not declared in this scope
     digitalWrite(colpins[c], HIGH);
                  ^~~~~~~
/home/ec2-user/arduino-testlib/cli-datadir/user/libraries/Adafruit_microbit_Library/Adafruit_Microbit.cpp:142:23: error: &#39;MATRIX_ROWS&#39; was not declared in this scope
   if (&#43;&#43;currentRow &gt;= MATRIX_ROWS) {
                       ^~~~~~~~~~~
/home/ec2-user/arduino-testlib/cli-datadir/user/libraries/Adafruit_microbit_Library/Adafruit_Microbit.cpp:148:27: error: &#39;MATRIX_COLS&#39; was not declared in this scope
   for (uint8_t c = 0; c &lt; MATRIX_COLS; c&#43;&#43;) {
                           ^~~~~~~~~~~
/home/ec2-user/arduino-testlib/cli-datadir/user/libraries/Adafruit_microbit_Library/Adafruit_Microbit.cpp:149:9: error: &#39;matrix_buffer&#39; was not declared in this scope
     if (matrix_buffer[currentRow][c]) {
         ^~~~~~~~~~~~~
/home/ec2-user/arduino-testlib/cli-datadir/user/libraries/Adafruit_microbit_Library/Adafruit_Microbit.cpp:149:9: note: suggested alternative: &#39;setbuffer&#39;
     if (matrix_buffer[currentRow][c]) {
         ^~~~~~~~~~~~~
         setbuffer
/home/ec2-user/arduino-testlib/cli-datadir/user/libraries/Adafruit_microbit_Library/Adafruit_Microbit.cpp:150:20: error: &#39;colpins&#39; was not declared in this scope
       digitalWrite(colpins[c], LOW); // Change column states for new row
                    ^~~~~~~
/home/ec2-user/arduino-testlib/cli-datadir/user/libraries/Adafruit_microbit_Library/Adafruit_Microbit.cpp: In member function &#39;void Adafruit_Microbit_Matrix::startTimer()&#39;:
/home/ec2-user/arduino-testlib/cli-datadir/user/libraries/Adafruit_microbit_Library/Adafruit_Microbit.cpp:160:3: error: &#39;NRF_TIMER2&#39; was not declared in this scope
   NRF_TIMER2-&gt;MODE = TIMER_MODE_MODE_Timer; // Set the timer in Counter Mode
   ^~~~~~~~~~
/home/ec2-user/arduino-testlib/cli-datadir/user/libraries/Adafruit_microbit_Library/Adafruit_Microbit.cpp:160:3: note: suggested alternative: &#39;NUM_TIMERS&#39;
   NRF_TIMER2-&gt;MODE = TIMER_MODE_MODE_Timer; // Set the timer in Counter Mode
   ^~~~~~~~~~
   NUM_TIMERS
/home/ec2-user/arduino-testlib/cli-datadir/user/libraries/Adafruit_microbit_Library/Adafruit_Microbit.cpp:160:22: error: &#39;TIMER_MODE_MODE_Timer&#39; was not declared in this scope
   NRF_TIMER2-&gt;MODE = TIMER_MODE_MODE_Timer; // Set the timer in Counter Mode
                      ^~~~~~~~~~~~~~~~~~~~~
/home/ec2-user/arduino-testlib/cli-datadir/user/libraries/Adafruit_microbit_Library/Adafruit_Microbit.cpp:164:7: error: &#39;TIMER_BITMODE_BITMODE_16Bit&#39; was not declared in this scope
       TIMER_BITMODE_BITMODE_16Bit; // Set counter to 16 bit resolution
       ^~~~~~~~~~~~~~~~~~~~~~~~~~~
/home/ec2-user/arduino-testlib/cli-datadir/user/libraries/Adafruit_microbit_Library/Adafruit_Microbit.cpp:170:8: error: &#39;TIMER_INTENSET_COMPARE0_Enabled&#39; was not declared in this scope
       (TIMER_INTENSET_COMPARE0_Enabled &lt;&lt; TIMER_INTENSET_COMPARE0_Pos);
        ^~~~~~~~~~~~~~~~~~~~~~~~~~~~~~~
/home/ec2-user/arduino-testlib/cli-datadir/user/libraries/Adafruit_microbit_Library/Adafruit_Microbit.cpp:170:43: error: &#39;TIMER_INTENSET_COMPARE0_Pos&#39; was not declared in this scope
       (TIMER_INTENSET_COMPARE0_Enabled &lt;&lt; TIMER_INTENSET_COMPARE0_Pos);
                                           ^~~~~~~~~~~~~~~~~~~~~~~~~~~
/home/ec2-user/arduino-testlib/cli-datadir/user/libraries/Adafruit_microbit_Library/Adafruit_Microbit.cpp:170:43: note: suggested alternative: &#39;TIMER_INTE_ALARM_0_MSB&#39;
       (TIMER_INTENSET_COMPARE0_Enabled &lt;&lt; TIMER_INTENSET_COMPARE0_Pos);
                                           ^~~~~~~~~~~~~~~~~~~~~~~~~~~
                                           TIMER_INTE_ALARM_0_MSB
/home/ec2-user/arduino-testlib/cli-datadir/user/libraries/Adafruit_microbit_Library/Adafruit_Microbit.cpp:171:18: error: &#39;TIMER2_IRQn&#39; was not declared in this scope
   NVIC_EnableIRQ(TIMER2_IRQn);
                  ^~~~~~~~~~~
/home/ec2-user/arduino-testlib/cli-datadir/user/libraries/Adafruit_microbit_Library/Adafruit_Microbit.cpp:171:18: note: suggested alternative: &#39;TIMER_IRQ_3n&#39;
   NVIC_EnableIRQ(TIMER2_IRQn);
                  ^~~~~~~~~~~
                  TIMER_IRQ_3n
/home/ec2-user/arduino-testlib/cli-datadir/user/libraries/Adafruit_microbit_Library/Adafruit_Microbit.cpp: In function &#39;void IRQ_MATRIX_HANDLER()&#39;:
/home/ec2-user/arduino-testlib/cli-datadir/user/libraries/Adafruit_microbit_Library/Adafruit_Microbit.cpp:177:8: error: &#39;NRF_TIMER2&#39; was not declared in this scope
   if ((NRF_TIMER2-&gt;EVENTS_COMPARE[0] != 0) &amp;&amp;
        ^~~~~~~~~~
/home/ec2-user/arduino-testlib/cli-datadir/user/libraries/Adafruit_microbit_Library/Adafruit_Microbit.cpp:177:8: note: suggested alternative: &#39;NUM_TIMERS&#39;
   if ((NRF_TIMER2-&gt;EVENTS_COMPARE[0] != 0) &amp;&amp;
        ^~~~~~~~~~
        NUM_TIMERS
/home/ec2-user/arduino-testlib/cli-datadir/user/libraries/Adafruit_microbit_Library/Adafruit_Microbit.cpp:178:32: error: &#39;TIMER_INTENSET_COMPARE0_Msk&#39; was not declared in this scope
       ((NRF_TIMER2-&gt;INTENSET &amp; TIMER_INTENSET_COMPARE0_Msk) != 0)) {
                                ^~~~~~~~~~~~~~~~~~~~~~~~~~~
/home/ec2-user/arduino-testlib/cli-datadir/user/libraries/Adafruit_microbit_Library/Adafruit_Microbit.cpp:178:32: note: suggested alternative: &#39;TIMER_INTE_ALARM_0_MSB&#39;
       ((NRF_TIMER2-&gt;INTENSET &amp; TIMER_INTENSET_COMPARE0_Msk) != 0)) {
                                ^~~~~~~~~~~~~~~~~~~~~~~~~~~
                                TIMER_INTE_ALARM_0_MSB
/home/ec2-user/arduino-testlib/cli-datadir/user/libraries/Adafruit_microbit_Library/Adafruit_Microbit</pre>
					
					<h4>examples/timerdemo</h4>
					<p>
						Result: <b>FAIL</b>
					</p>
					<pre class="pre-scrollable">/home/ec2-user/arduino-testlib/cli-datadir/user/libraries/Adafruit_microbit_Library/examples/timerdemo/timerdemo.ino: In function &#39;void start_timer()&#39;:
/home/ec2-user/arduino-testlib/cli-datadir/user/libraries/Adafruit_microbit_Library/examples/timerdemo/timerdemo.ino:11:3: error: &#39;NRF_TIMER2&#39; was not declared in this scope
   NRF_TIMER2-&gt;MODE = TIMER_MODE_MODE_Timer;              // Set the timer in Counter Mode
   ^~~~~~~~~~
/home/ec2-user/arduino-testlib/cli-datadir/user/libraries/Adafruit_microbit_Library/examples/timerdemo/timerdemo.ino:11:3: note: suggested alternative: &#39;NUM_TIMERS&#39;
   NRF_TIMER2-&gt;MODE = TIMER_MODE_MODE_Timer;              // Set the timer in Counter Mode
   ^~~~~~~~~~
   NUM_TIMERS
/home/ec2-user/arduino-testlib/cli-datadir/user/libraries/Adafruit_microbit_Library/examples/timerdemo/timerdemo.ino:11:22: error: &#39;TIMER_MODE_MODE_Timer&#39; was not declared in this scope
   NRF_TIMER2-&gt;MODE = TIMER_MODE_MODE_Timer;              // Set the timer in Counter Mode
                      ^~~~~~~~~~~~~~~~~~~~~
/home/ec2-user/arduino-testlib/cli-datadir/user/libraries/Adafruit_microbit_Library/examples/timerdemo/timerdemo.ino:14:25: error: &#39;TIMER_BITMODE_BITMODE_16Bit&#39; was not declared in this scope
   NRF_TIMER2-&gt;BITMODE = TIMER_BITMODE_BITMODE_16Bit;     //Set counter to 16 bit resolution
                         ^~~~~~~~~~~~~~~~~~~~~~~~~~~
/home/ec2-user/arduino-testlib/cli-datadir/user/libraries/Adafruit_microbit_Library/examples/timerdemo/timerdemo.ino:19:27: error: &#39;TIMER_INTENSET_COMPARE0_Enabled&#39; was not declared in this scope
   NRF_TIMER2-&gt;INTENSET = (TIMER_INTENSET_COMPARE0_Enabled &lt;&lt; TIMER_INTENSET_COMPARE0_Pos) | (TIMER_INTENSET_COMPARE1_Enabled &lt;&lt; TIMER_INTENSET_COMPARE1_Pos);
                           ^~~~~~~~~~~~~~~~~~~~~~~~~~~~~~~
/home/ec2-user/arduino-testlib/cli-datadir/user/libraries/Adafruit_microbit_Library/examples/timerdemo/timerdemo.ino:19:62: error: &#39;TIMER_INTENSET_COMPARE0_Pos&#39; was not declared in this scope
   NRF_TIMER2-&gt;INTENSET = (TIMER_INTENSET_COMPARE0_Enabled &lt;&lt; TIMER_INTENSET_COMPARE0_Pos) | (TIMER_INTENSET_COMPARE1_Enabled &lt;&lt; TIMER_INTENSET_COMPARE1_Pos);
                                                              ^~~~~~~~~~~~~~~~~~~~~~~~~~~
/home/ec2-user/arduino-testlib/cli-datadir/user/libraries/Adafruit_microbit_Library/examples/timerdemo/timerdemo.ino:19:62: note: suggested alternative: &#39;TIMER_INTE_ALARM_0_MSB&#39;
   NRF_TIMER2-&gt;INTENSET = (TIMER_INTENSET_COMPARE0_Enabled &lt;&lt; TIMER_INTENSET_COMPARE0_Pos) | (TIMER_INTENSET_COMPARE1_Enabled &lt;&lt; TIMER_INTENSET_COMPARE1_Pos);
                                                              ^~~~~~~~~~~~~~~~~~~~~~~~~~~
                                                              TIMER_INTE_ALARM_0_MSB
/home/ec2-user/arduino-testlib/cli-datadir/user/libraries/Adafruit_microbit_Library/examples/timerdemo/timerdemo.ino:19:94: error: &#39;TIMER_INTENSET_COMPARE1_Enabled&#39; was not declared in this scope
   NRF_TIMER2-&gt;INTENSET = (TIMER_INTENSET_COMPARE0_Enabled &lt;&lt; TIMER_INTENSET_COMPARE0_Pos) | (TIMER_INTENSET_COMPARE1_Enabled &lt;&lt; TIMER_INTENSET_COMPARE1_Pos);
                                                                                              ^~~~~~~~~~~~~~~~~~~~~~~~~~~~~~~
/home/ec2-user/arduino-testlib/cli-datadir/user/libraries/Adafruit_microbit_Library/examples/timerdemo/timerdemo.ino:19:129: error: &#39;TIMER_INTENSET_COMPARE1_Pos&#39; was not declared in this scope
   NRF_TIMER2-&gt;INTENSET = (TIMER_INTENSET_COMPARE0_Enabled &lt;&lt; TIMER_INTENSET_COMPARE0_Pos) | (TIMER_INTENSET_COMPARE1_Enabled &lt;&lt; TIMER_INTENSET_COMPARE1_Pos);
                                                                                                                                 ^~~~~~~~~~~~~~~~~~~~~~~~~~~
/home/ec2-user/arduino-testlib/cli-datadir/user/libraries/Adafruit_microbit_Library/examples/timerdemo/timerdemo.ino:19:129: note: suggested alternative: &#39;TIMER_INTE_ALARM_1_MSB&#39;
   NRF_TIMER2-&gt;INTENSET = (TIMER_INTENSET_COMPARE0_Enabled &lt;&lt; TIMER_INTENSET_COMPARE0_Pos) | (TIMER_INTENSET_COMPARE1_Enabled &lt;&lt; TIMER_INTENSET_COMPARE1_Pos);
                                                                                                                                 ^~~~~~~~~~~~~~~~~~~~~~~~~~~
                                                                                                                                 TIMER_INTE_ALARM_1_MSB
/home/ec2-user/arduino-testlib/cli-datadir/user/libraries/Adafruit_microbit_Library/examples/timerdemo/timerdemo.ino:20:18: error: &#39;TIMER2_IRQn&#39; was not declared in this scope
   NVIC_EnableIRQ(TIMER2_IRQn);
                  ^~~~~~~~~~~
/home/ec2-user/arduino-testlib/cli-datadir/user/libraries/Adafruit_microbit_Library/examples/timerdemo/timerdemo.ino:20:18: note: suggested alternative: &#39;TIMER_IRQ_3n&#39;
   NVIC_EnableIRQ(TIMER2_IRQn);
                  ^~~~~~~~~~~
                  TIMER_IRQ_3n
/home/ec2-user/arduino-testlib/cli-datadir/user/libraries/Adafruit_microbit_Library/examples/timerdemo/timerdemo.ino: In function &#39;void timer_pal()&#39;:
/home/ec2-user/arduino-testlib/cli-datadir/user/libraries/Adafruit_microbit_Library/examples/timerdemo/timerdemo.ino:32:8: error: &#39;NRF_TIMER2&#39; was not declared in this scope
   if ((NRF_TIMER2-&gt;EVENTS_COMPARE[0] != 0) &amp;&amp; ((NRF_TIMER2-&gt;INTENSET &amp; TIMER_INTENSET_COMPARE0_Msk) != 0))
        ^~~~~~~~~~
/home/ec2-user/arduino-testlib/cli-datadir/user/libraries/Adafruit_microbit_Library/examples/timerdemo/timerdemo.ino:32:8: note: suggested alternative: &#39;NUM_TIMERS&#39;
   if ((NRF_TIMER2-&gt;EVENTS_COMPARE[0] != 0) &amp;&amp; ((NRF_TIMER2-&gt;INTENSET &amp; TIMER_INTENSET_COMPARE0_Msk) != 0))
        ^~~~~~~~~~
        NUM_TIMERS
/home/ec2-user/arduino-testlib/cli-datadir/user/libraries/Adafruit_microbit_Library/examples/timerdemo/timerdemo.ino:32:72: error: &#39;TIMER_INTENSET_COMPARE0_Msk&#39; was not declared in this scope
   if ((NRF_TIMER2-&gt;EVENTS_COMPARE[0] != 0) &amp;&amp; ((NRF_TIMER2-&gt;INTENSET &amp; TIMER_INTENSET_COMPARE0_Msk) != 0))
                                                                        ^~~~~~~~~~~~~~~~~~~~~~~~~~~
/home/ec2-user/arduino-testlib/cli-datadir/user/libraries/Adafruit_microbit_Library/examples/timerdemo/timerdemo.ino:32:72: note: suggested alternative: &#39;TIMER_INTE_ALARM_0_MSB&#39;
   if ((NRF_TIMER2-&gt;EVENTS_COMPARE[0] != 0) &amp;&amp; ((NRF_TIMER2-&gt;INTENSET &amp; TIMER_INTENSET_COMPARE0_Msk) != 0))
                                                                        ^~~~~~~~~~~~~~~~~~~~~~~~~~~
                                                                        TIMER_INTE_ALARM_0_MSB
/home/ec2-user/arduino-testlib/cli-datadir/user/libraries/Adafruit_microbit_Library/examples/timerdemo/timerdemo.ino:38:8: error: &#39;NRF_TIMER2&#39; was not declared in this scope
   if ((NRF_TIMER2-&gt;EVENTS_COMPARE[1] != 0) &amp;&amp; ((NRF_TIMER2-&gt;INTENSET &amp; TIMER_INTENSET_COMPARE1_Msk) != 0))
        ^~~~~~~~~~
/home/ec2-user/arduino-testlib/cli-datadir/user/libraries/Adafruit_microbit_Library/examples/timerdemo/timerdemo.ino:38:8: note: suggested alternative: &#39;NUM_TIMERS&#39;
   if ((NRF_TIMER2-&gt;EVENTS_COMPARE[1] != 0) &amp;&amp; ((NRF_TIMER2-&gt;INTENSET &amp; TIMER_INTENSET_COMPARE1_Msk) != 0))
        ^~~~~~~~~~
        NUM_TIMERS
/home/ec2-user/arduino-testlib/cli-datadir/user/libraries/Adafruit_microbit_Library/examples/timerdemo/timerdemo.ino:38:72: error: &#39;TIMER_INTENSET_COMPARE1_Msk&#39; was not declared in this scope
   if ((NRF_TIMER2-&gt;EVENTS_COMPARE[1] != 0) &amp;&amp; ((NRF_TIMER2-&gt;INTENSET &amp; TIMER_INTENSET_COMPARE1_Msk) != 0))
                                                                        ^~~~~~~~~~~~~~~~~~~~~~~~~~~
/home/ec2-user/arduino-testlib/cli-datadir/user/libraries/Adafruit_microbit_Library/examples/timerdemo/timerdemo.ino:38:72: note: suggested alternative: &#39;TIMER_INTE_ALARM_1_MSB&#39;
   if ((NRF_TIMER2-&gt;EVENTS_COMPARE[1] != 0) &amp;&amp; ((NRF_TIMER2-&gt;INTENSET &amp; TIMER_INTENSET_COMPARE1_Msk) != 0))
                                                                        ^~~~~~~~~~~~~~~~~~~~~~~~~~~
                                                                        TIMER_INTE_ALARM_1_MSB

</pre>
					
				
				<h3 id="arduino:megaavr:nona4809">arduino:megaavr:nona4809 @ 1.8.7</h3>
				<h4>Inclusion</h4>
				<p>
					Result: <b>FAIL</b>
					
					<br />This library has no main header file so an empty one was created.
					
				</p>
				<pre class="pre-scrollable">/tmp/arduino-testlib2072322217/test/test.ino:1:10: fatal error: Adafruit_microbit_Library.h: No such file or directory
 #include &lt;Adafruit_microbit_Library.h&gt;
          ^~~~~~~~~~~~~~~~~~~~~~~~~~~~~
compilation terminated.

</pre>

					
					<h4>examples/accelerometer_MMA8653</h4>
					<p>
						Result: <b>FAIL</b>
					</p>
					<pre class="pre-scrollable">/home/ec2-user/arduino-testlib/cli-datadir/user/libraries/Adafruit_microbit_Library/examples/accelerometer_MMA8653/accelerometer_MMA8653.ino: In function &#39;void setup()&#39;:
/home/ec2-user/arduino-testlib/cli-datadir/user/libraries/Adafruit_microbit_Library/examples/accelerometer_MMA8653/accelerometer_MMA8653.ino:27:23: error: no matching function for call to &#39;MMA8653::begin(bool, int)&#39;
   accel.begin(false, 2); // 8-bit mode, 2g range
                       ^
In file included from /home/ec2-user/arduino-testlib/cli-datadir/user/libraries/Adafruit_microbit_Library/examples/accelerometer_MMA8653/accelerometer_MMA8653.ino:18:0:
/home/ec2-user/arduino-testlib/cli-datadir/user/libraries/MMA8653/src/MMA8653.h:201:10: note: candidate: void MMA8653::begin()
     void begin();
          ^~~~~
/home/ec2-user/arduino-testlib/cli-datadir/user/libraries/MMA8653/src/MMA8653.h:201:10: note:   candidate expects 0 arguments, 2 provided
/home/ec2-user/arduino-testlib/cli-datadir/user/libraries/Adafruit_microbit_Library/examples/accelerometer_MMA8653/accelerometer_MMA8653.ino: In function &#39;void loop()&#39;:
/home/ec2-user/arduino-testlib/cli-datadir/user/libraries/Adafruit_microbit_Library/examples/accelerometer_MMA8653/accelerometer_MMA8653.ino:32:9: error: &#39;class MMA8653&#39; has no member named &#39;update&#39;
   accel.update();
         ^~~~~~
/home/ec2-user/arduino-testlib/cli-datadir/user/libraries/Adafruit_microbit_Library/examples/accelerometer_MMA8653/accelerometer_MMA8653.ino:33:29: error: &#39;class MMA8653&#39; has no member named &#39;getX&#39;
   Serial.print((float)accel.getX() * 0.0156);    Serial.print(&#34; , &#34;);
                             ^~~~
/home/ec2-user/arduino-testlib/cli-datadir/user/libraries/Adafruit_microbit_Library/examples/accelerometer_MMA8653/accelerometer_MMA8653.ino:34:29: error: &#39;class MMA8653&#39; has no member named &#39;getY&#39;
   Serial.print((float)accel.getY() * 0.0156);    Serial.print(&#34;, &#34;);
                             ^~~~
/home/ec2-user/arduino-testlib/cli-datadir/user/libraries/Adafruit_microbit_Library/examples/accelerometer_MMA8653/accelerometer_MMA8653.ino:35:31: error: &#39;class MMA8653&#39; has no member named &#39;getZ&#39;
   Serial.println((float)accel.getZ() * 0.0156);
                               ^~~~

</pre>
					
					<h4>examples/ble_controller</h4>
					<p>
						Result: <b>FAIL</b>
					</p>
					<pre class="pre-scrollable">
</pre>
					
					<h4>examples/ble_dietemp</h4>
					<p>
						Result: <b>FAIL</b>
					</p>
					<pre class="pre-scrollable">/home/ec2-user/arduino-testlib/cli-datadir/user/libraries/Adafruit_microbit_Library/examples/ble_dietemp/ble_dietemp.ino: In function &#39;void setup()&#39;:
/home/ec2-user/arduino-testlib/cli-datadir/user/libraries/Adafruit_microbit_Library/examples/ble_dietemp/ble_dietemp.ino:13:12: error: &#39;class Adafruit_Microbit&#39; has no member named &#39;BTLESerial&#39;
   microbit.BTLESerial.setLocalName(&#34;microbit&#34;);
            ^~~~~~~~~~
/home/ec2-user/arduino-testlib/cli-datadir/user/libraries/Adafruit_microbit_Library/examples/ble_dietemp/ble_dietemp.ino:14:12: error: &#39;class Adafruit_Microbit&#39; has no member named &#39;BTLESerial&#39;
   microbit.BTLESerial.begin();
            ^~~~~~~~~~
/home/ec2-user/arduino-testlib/cli-datadir/user/libraries/Adafruit_microbit_Library/examples/ble_dietemp/ble_dietemp.ino: In function &#39;void loop()&#39;:
/home/ec2-user/arduino-testlib/cli-datadir/user/libraries/Adafruit_microbit_Library/examples/ble_dietemp/ble_dietemp.ino:23:12: error: &#39;class Adafruit_Microbit&#39; has no member named &#39;BTLESerial&#39;
   microbit.BTLESerial.poll();
            ^~~~~~~~~~
/home/ec2-user/arduino-testlib/cli-datadir/user/libraries/Adafruit_microbit_Library/examples/ble_dietemp/ble_dietemp.ino:30:23: error: &#39;class Adafruit_Microbit&#39; has no member named &#39;getDieTemp&#39;
       temp = microbit.getDieTemp();
                       ^~~~~~~~~~
/home/ec2-user/arduino-testlib/cli-datadir/user/libraries/Adafruit_microbit_Library/examples/ble_dietemp/ble_dietemp.ino:41:12: error: &#39;class Adafruit_Microbit&#39; has no member named &#39;BTLESerial&#39;
   microbit.BTLESerial.println(avgtemp);
            ^~~~~~~~~~

</pre>
					
					<h4>examples/ble_plotterdemo</h4>
					<p>
						Result: <b>FAIL</b>
					</p>
					<pre class="pre-scrollable">/home/ec2-user/arduino-testlib/cli-datadir/user/libraries/Adafruit_microbit_Library/examples/ble_plotterdemo/ble_plotterdemo.ino: In function &#39;void setup()&#39;:
/home/ec2-user/arduino-testlib/cli-datadir/user/libraries/Adafruit_microbit_Library/examples/ble_plotterdemo/ble_plotterdemo.ino:19:23: error: no matching function for call to &#39;MMA8653::begin(bool, int)&#39;
   accel.begin(false, 2); // 8-bit mode, 2g range
                       ^
In file included from /home/ec2-user/arduino-testlib/cli-datadir/user/libraries/Adafruit_microbit_Library/examples/ble_plotterdemo/ble_plotterdemo.ino:9:0:
/home/ec2-user/arduino-testlib/cli-datadir/user/libraries/MMA8653/src/MMA8653.h:201:10: note: candidate: void MMA8653::begin()
     void begin();
          ^~~~~
/home/ec2-user/arduino-testlib/cli-datadir/user/libraries/MMA8653/src/MMA8653.h:201:10: note:   candidate expects 0 arguments, 2 provided
/home/ec2-user/arduino-testlib/cli-datadir/user/libraries/Adafruit_microbit_Library/examples/ble_plotterdemo/ble_plotterdemo.ino:22:12: error: &#39;class Adafruit_Microbit&#39; has no member named &#39;BTLESerial&#39;
   microbit.BTLESerial.setLocalName(&#34;microbit&#34;);
            ^~~~~~~~~~
/home/ec2-user/arduino-testlib/cli-datadir/user/libraries/Adafruit_microbit_Library/examples/ble_plotterdemo/ble_plotterdemo.ino:23:12: error: &#39;class Adafruit_Microbit&#39; has no member named &#39;BTLESerial&#39;
   microbit.BTLESerial.begin();
            ^~~~~~~~~~
/home/ec2-user/arduino-testlib/cli-datadir/user/libraries/Adafruit_microbit_Library/examples/ble_plotterdemo/ble_plotterdemo.ino: In function &#39;void loop()&#39;:
/home/ec2-user/arduino-testlib/cli-datadir/user/libraries/Adafruit_microbit_Library/examples/ble_plotterdemo/ble_plotterdemo.ino:30:12: error: &#39;class Adafruit_Microbit&#39; has no member named &#39;BTLESerial&#39;
   microbit.BTLESerial.poll();
            ^~~~~~~~~~
/home/ec2-user/arduino-testlib/cli-datadir/user/libraries/Adafruit_microbit_Library/examples/ble_plotterdemo/ble_plotterdemo.ino:32:9: error: &#39;class MMA8653&#39; has no member named &#39;update&#39;
   accel.update();
         ^~~~~~
/home/ec2-user/arduino-testlib/cli-datadir/user/libraries/Adafruit_microbit_Library/examples/ble_plotterdemo/ble_plotterdemo.ino:35:22: error: &#39;class MMA8653&#39; has no member named &#39;getX&#39;
   Serial.print(accel.getX());    Serial.print(&#34;, &#34;);
                      ^~~~
/home/ec2-user/arduino-testlib/cli-datadir/user/libraries/Adafruit_microbit_Library/examples/ble_plotterdemo/ble_plotterdemo.ino:36:22: error: &#39;class MMA8653&#39; has no member named &#39;getY&#39;
   Serial.print(accel.getY());    Serial.print(&#34;, &#34;);
                      ^~~~
/home/ec2-user/arduino-testlib/cli-datadir/user/libraries/Adafruit_microbit_Library/examples/ble_plotterdemo/ble_plotterdemo.ino:37:24: error: &#39;class MMA8653&#39; has no member named &#39;getZ&#39;
   Serial.println(accel.getZ());
                        ^~~~
/home/ec2-user/arduino-testlib/cli-datadir/user/libraries/Adafruit_microbit_Library/examples/ble_plotterdemo/ble_plotterdemo.ino:40:12: error: &#39;class Adafruit_Microbit&#39; has no member named &#39;BTLESerial&#39;
   microbit.BTLESerial.print(accel.getX());
            ^~~~~~~~~~
/home/ec2-user/arduino-testlib/cli-datadir/user/libraries/Adafruit_microbit_Library/examples/ble_plotterdemo/ble_plotterdemo.ino:40:35: error: &#39;class MMA8653&#39; has no member named &#39;getX&#39;
   microbit.BTLESerial.print(accel.getX());
                                   ^~~~
/home/ec2-user/arduino-testlib/cli-datadir/user/libraries/Adafruit_microbit_Library/examples/ble_plotterdemo/ble_plotterdemo.ino:41:12: error: &#39;class Adafruit_Microbit&#39; has no member named &#39;BTLESerial&#39;
   microbit.BTLESerial.print(&#34;,&#34;);
            ^~~~~~~~~~
/home/ec2-user/arduino-testlib/cli-datadir/user/libraries/Adafruit_microbit_Library/examples/ble_plotterdemo/ble_plotterdemo.ino:42:12: error: &#39;class Adafruit_Microbit&#39; has no member named &#39;BTLESerial&#39;
   microbit.BTLESerial.print(accel.getY());
            ^~~~~~~~~~
/home/ec2-user/arduino-testlib/cli-datadir/user/libraries/Adafruit_microbit_Library/examples/ble_plotterdemo/ble_plotterdemo.ino:42:35: error: &#39;class MMA8653&#39; has no member named &#39;getY&#39;
   microbit.BTLESerial.print(accel.getY());
                                   ^~~~
/home/ec2-user/arduino-testlib/cli-datadir/user/libraries/Adafruit_microbit_Library/examples/ble_plotterdemo/ble_plotterdemo.ino:43:12: error: &#39;class Adafruit_Microbit&#39; has no member named &#39;BTLESerial&#39;
   microbit.BTLESerial.print(&#34;,&#34;);
            ^~~~~~~~~~
/home/ec2-user/arduino-testlib/cli-datadir/user/libraries/Adafruit_microbit_Library/examples/ble_plotterdemo/ble_plotterdemo.ino:44:12: error: &#39;class Adafruit_Microbit&#39; has no member named &#39;BTLESerial&#39;
   microbit.BTLESerial.println(accel.getZ());
            ^~~~~~~~~~
/home/ec2-user/arduino-testlib/cli-datadir/user/libraries/Adafruit_microbit_Library/examples/ble_plotterdemo/ble_plotterdemo.ino:44:37: error: &#39;class MMA8653&#39; has no member named &#39;getZ&#39;
   microbit.BTLESerial.println(accel.getZ());
                                     ^~~~

</pre>
					
					<h4>examples/ble_uartdemo</h4>
					<p>
						Result: <b>FAIL</b>
					</p>
					<pre class="pre-scrollable">/home/ec2-user/arduino-testlib/cli-datadir/user/libraries/Adafruit_microbit_Library/examples/ble_uartdemo/ble_uartdemo.ino: In function &#39;void setup()&#39;:
/home/ec2-user/arduino-testlib/cli-datadir/user/libraries/Adafruit_microbit_Library/examples/ble_uartdemo/ble_uartdemo.ino:27:12: error: &#39;class Adafruit_Microbit&#39; has no member named &#39;BTLESerial&#39;
   microbit.BTLESerial.setLocalName(&#34;microbit&#34;);
            ^~~~~~~~~~
/home/ec2-user/arduino-testlib/cli-datadir/user/libraries/Adafruit_microbit_Library/examples/ble_uartdemo/ble_uartdemo.ino:28:12: error: &#39;class Adafruit_Microbit&#39; has no member named &#39;BTLESerial&#39;
   microbit.BTLESerial.begin();
            ^~~~~~~~~~
/home/ec2-user/arduino-testlib/cli-datadir/user/libraries/Adafruit_microbit_Library/examples/ble_uartdemo/ble_uartdemo.ino: In function &#39;void loop()&#39;:
/home/ec2-user/arduino-testlib/cli-datadir/user/libraries/Adafruit_microbit_Library/examples/ble_uartdemo/ble_uartdemo.ino:35:12: error: &#39;class Adafruit_Microbit&#39; has no member named &#39;BTLESerial&#39;
   microbit.BTLESerial.poll();
            ^~~~~~~~~~
/home/ec2-user/arduino-testlib/cli-datadir/user/libraries/Adafruit_microbit_Library/examples/ble_uartdemo/ble_uartdemo.ino: In function &#39;void forward()&#39;:
/home/ec2-user/arduino-testlib/cli-datadir/user/libraries/Adafruit_microbit_Library/examples/ble_uartdemo/ble_uartdemo.ino:45:16: error: &#39;class Adafruit_Microbit&#39; has no member named &#39;BTLESerial&#39;
   if (microbit.BTLESerial &amp;&amp; Serial) {
                ^~~~~~~~~~
/home/ec2-user/arduino-testlib/cli-datadir/user/libraries/Adafruit_microbit_Library/examples/ble_uartdemo/ble_uartdemo.ino:47:18: error: &#39;class Adafruit_Microbit&#39; has no member named &#39;BTLESerial&#39;
     if (microbit.BTLESerial.available()) {
                  ^~~~~~~~~~
/home/ec2-user/arduino-testlib/cli-datadir/user/libraries/Adafruit_microbit_Library/examples/ble_uartdemo/ble_uartdemo.ino:48:29: error: &#39;class Adafruit_Microbit&#39; has no member named &#39;BTLESerial&#39;
       Serial.write(microbit.BTLESerial.read());
                             ^~~~~~~~~~
/home/ec2-user/arduino-testlib/cli-datadir/user/libraries/Adafruit_microbit_Library/examples/ble_uartdemo/ble_uartdemo.ino:59:16: error: &#39;class Adafruit_Microbit&#39; has no member named &#39;BTLESerial&#39;
       microbit.BTLESerial.write(buffer, idx);
                ^~~~~~~~~~
/home/ec2-user/arduino-testlib/cli-datadir/user/libraries/Adafruit_microbit_Library/examples/ble_uartdemo/ble_uartdemo.ino: In function &#39;void loopback()&#39;:
/home/ec2-user/arduino-testlib/cli-datadir/user/libraries/Adafruit_microbit_Library/examples/ble_uartdemo/ble_uartdemo.ino:67:16: error: &#39;class Adafruit_Microbit&#39; has no member named &#39;BTLESerial&#39;
   if (microbit.BTLESerial) {
                ^~~~~~~~~~
/home/ec2-user/arduino-testlib/cli-datadir/user/libraries/Adafruit_microbit_Library/examples/ble_uartdemo/ble_uartdemo.ino:69:29: error: &#39;class Adafruit_Microbit&#39; has no member named &#39;BTLESerial&#39;
     while ((byte = microbit.BTLESerial.read()) &gt; 0) {
                             ^~~~~~~~~~
/home/ec2-user/arduino-testlib/cli-datadir/user/libraries/Adafruit_microbit_Library/examples/ble_uartdemo/ble_uartdemo.ino:70:18: error: &#39;class Adafruit_Microbit&#39; has no member named &#39;BTLESerial&#39;
         microbit.BTLESerial.write(byte);
                  ^~~~~~~~~~
/home/ec2-user/arduino-testlib/cli-datadir/user/libraries/Adafruit_microbit_Library/examples/ble_uartdemo/ble_uartdemo.ino: In function &#39;void spam()&#39;:
/home/ec2-user/arduino-testlib/cli-datadir/user/libraries/Adafruit_microbit_Library/examples/ble_uartdemo/ble_uartdemo.ino:77:16: error: &#39;class Adafruit_Microbit&#39; has no member named &#39;BTLESerial&#39;
   if (microbit.BTLESerial) {
                ^~~~~~~~~~
/home/ec2-user/arduino-testlib/cli-datadir/user/libraries/Adafruit_microbit_Library/examples/ble_uartdemo/ble_uartdemo.ino:78:14: error: &#39;class Adafruit_Microbit&#39; has no member named &#39;BTLESerial&#39;
     microbit.BTLESerial.print(millis());
              ^~~~~~~~~~
/home/ec2-user/arduino-testlib/cli-datadir/user/libraries/Adafruit_microbit_Library/examples/ble_uartdemo/ble_uartdemo.ino:79:14: error: &#39;class Adafruit_Microbit&#39; has no member named &#39;BTLESerial&#39;
     microbit.BTLESerial.println(&#34; tick-tacks!&#34;);
              ^~~~~~~~~~

</pre>
					
					<h4>examples/blinkdemo</h4>
					<p>
						Result: <b>PASS</b>
					</p>
					<pre class="pre-scrollable">Sketch uses 2989 bytes (6%) of program storage space. Maximum is 49152 bytes.
Global variables use 177 bytes (2%) of dynamic memory, leaving 5967 bytes for local variables. Maximum is 6144 bytes.
</pre>
					
					<h4>examples/buttondemo</h4>
					<p>
						Result: <b>FAIL</b>
					</p>
					<pre class="pre-scrollable">/home/ec2-user/arduino-testlib/cli-datadir/user/libraries/Adafruit_microbit_Library/examples/buttondemo/buttondemo.ino: In function &#39;void setup()&#39;:
/home/ec2-user/arduino-testlib/cli-datadir/user/libraries/Adafruit_microbit_Library/examples/buttondemo/buttondemo.ino:6:11: error: &#39;PIN_BUTTON_A&#39; was not declared in this scope
   pinMode(PIN_BUTTON_A, INPUT);
           ^~~~~~~~~~~~
/home/ec2-user/arduino-testlib/cli-datadir/user/libraries/Adafruit_microbit_Library/examples/buttondemo/buttondemo.ino:7:11: error: &#39;PIN_BUTTON_B&#39; was not declared in this scope
   pinMode(PIN_BUTTON_B, INPUT);
           ^~~~~~~~~~~~
/home/ec2-user/arduino-testlib/cli-datadir/user/libraries/Adafruit_microbit_Library/examples/buttondemo/buttondemo.ino: In function &#39;void loop()&#39;:
/home/ec2-user/arduino-testlib/cli-datadir/user/libraries/Adafruit_microbit_Library/examples/buttondemo/buttondemo.ino:11:21: error: &#39;PIN_BUTTON_A&#39; was not declared in this scope
   if (! digitalRead(PIN_BUTTON_A)) {
                     ^~~~~~~~~~~~
/home/ec2-user/arduino-testlib/cli-datadir/user/libraries/Adafruit_microbit_Library/examples/buttondemo/buttondemo.ino:14:21: error: &#39;PIN_BUTTON_B&#39; was not declared in this scope
   if (! digitalRead(PIN_BUTTON_B)) {
                     ^~~~~~~~~~~~

</pre>
					
					<h4>examples/matrixdemo</h4>
					<p>
						Result: <b>FAIL</b>
					</p>
					<pre class="pre-scrollable">/home/ec2-user/arduino-testlib/cli-datadir/user/libraries/Adafruit_microbit_Library/Adafruit_Microbit.cpp: In constructor &#39;Adafruit_Microbit_Matrix::Adafruit_Microbit_Matrix()&#39;:
/home/ec2-user/arduino-testlib/cli-datadir/user/libraries/Adafruit_microbit_Library/Adafruit_Microbit.cpp:95:10: error: &#39;matrix_buffer&#39; was not declared in this scope
   memset(matrix_buffer, 0x0, MATRIX_COLS * MATRIX_ROWS);
          ^~~~~~~~~~~~~
/home/ec2-user/arduino-testlib/cli-datadir/user/libraries/Adafruit_microbit_Library/Adafruit_Microbit.cpp:95:30: error: &#39;MATRIX_COLS&#39; was not declared in this scope
   memset(matrix_buffer, 0x0, MATRIX_COLS * MATRIX_ROWS);
                              ^~~~~~~~~~~
/home/ec2-user/arduino-testlib/cli-datadir/user/libraries/Adafruit_microbit_Library/Adafruit_Microbit.cpp:95:44: error: &#39;MATRIX_ROWS&#39; was not declared in this scope
   memset(matrix_buffer, 0x0, MATRIX_COLS * MATRIX_ROWS);
                                            ^~~~~~~~~~~
/home/ec2-user/arduino-testlib/cli-datadir/user/libraries/Adafruit_microbit_Library/Adafruit_Microbit.cpp: In member function &#39;boolean Adafruit_Microbit_Matrix::begin()&#39;:
/home/ec2-user/arduino-testlib/cli-datadir/user/libraries/Adafruit_microbit_Library/Adafruit_Microbit.cpp:107:27: error: &#39;MATRIX_COLS&#39; was not declared in this scope
   for (uint8_t c = 0; c &lt; MATRIX_COLS; c&#43;&#43;) {
                           ^~~~~~~~~~~
/home/ec2-user/arduino-testlib/cli-datadir/user/libraries/Adafruit_microbit_Library/Adafruit_Microbit.cpp:108:13: error: &#39;colpins&#39; was not declared in this scope
     pinMode(colpins[c], OUTPUT);
             ^~~~~~~
/home/ec2-user/arduino-testlib/cli-datadir/user/libraries/Adafruit_microbit_Library/Adafruit_Microbit.cpp:112:27: error: &#39;MATRIX_ROWS&#39; was not declared in this scope
   for (uint8_t r = 0; r &lt; MATRIX_ROWS; r&#43;&#43;) {
                           ^~~~~~~~~~~
/home/ec2-user/arduino-testlib/cli-datadir/user/libraries/Adafruit_microbit_Library/Adafruit_Microbit.cpp:113:13: error: &#39;rowpins&#39; was not declared in this scope
     pinMode(rowpins[r], OUTPUT);
             ^~~~~~~
/home/ec2-user/arduino-testlib/cli-datadir/user/libraries/Adafruit_microbit_Library/Adafruit_Microbit.cpp:113:13: note: suggested alternative: &#39;rewind&#39;
     pinMode(rowpins[r], OUTPUT);
             ^~~~~~~
             rewind
/home/ec2-user/arduino-testlib/cli-datadir/user/libraries/Adafruit_microbit_Library/Adafruit_Microbit.cpp:117:27: error: &#39;MATRIX_ROWS&#39; was not declared in this scope
   for (uint8_t r = 0; r &lt; MATRIX_ROWS; r&#43;&#43;) {
                           ^~~~~~~~~~~
/home/ec2-user/arduino-testlib/cli-datadir/user/libraries/Adafruit_microbit_Library/Adafruit_Microbit.cpp:118:29: error: &#39;MATRIX_COLS&#39; was not declared in this scope
     for (uint8_t c = 0; c &lt; MATRIX_COLS; c&#43;&#43;) {
                             ^~~~~~~~~~~
/home/ec2-user/arduino-testlib/cli-datadir/user/libraries/Adafruit_microbit_Library/Adafruit_Microbit.cpp:119:7: error: &#39;matrix_buffer&#39; was not declared in this scope
       matrix_buffer[r][c] = 0;
       ^~~~~~~~~~~~~
/home/ec2-user/arduino-testlib/cli-datadir/user/libraries/Adafruit_microbit_Library/Adafruit_Microbit.cpp: In member function &#39;void Adafruit_Microbit_Matrix::rowHandler()&#39;:
/home/ec2-user/arduino-testlib/cli-datadir/user/libraries/Adafruit_microbit_Library/Adafruit_Microbit.cpp:136:16: error: &#39;rowpins&#39; was not declared in this scope
   digitalWrite(rowpins[currentRow], LOW);
                ^~~~~~~
/home/ec2-user/arduino-testlib/cli-datadir/user/libraries/Adafruit_microbit_Library/Adafruit_Microbit.cpp:136:16: note: suggested alternative: &#39;rewind&#39;
   digitalWrite(rowpins[currentRow], LOW);
                ^~~~~~~
                rewind
/home/ec2-user/arduino-testlib/cli-datadir/user/libraries/Adafruit_microbit_Library/Adafruit_Microbit.cpp:137:27: error: &#39;MATRIX_COLS&#39; was not declared in this scope
   for (uint8_t c = 0; c &lt; MATRIX_COLS; c&#43;&#43;) {
                           ^~~~~~~~~~~
/home/ec2-user/arduino-testlib/cli-datadir/user/libraries/Adafruit_microbit_Library/Adafruit_Microbit.cpp:138:18: error: &#39;colpins&#39; was not declared in this scope
     digitalWrite(colpins[c], HIGH);
                  ^~~~~~~
/home/ec2-user/arduino-testlib/cli-datadir/user/libraries/Adafruit_microbit_Library/Adafruit_Microbit.cpp:142:23: error: &#39;MATRIX_ROWS&#39; was not declared in this scope
   if (&#43;&#43;currentRow &gt;= MATRIX_ROWS) {
                       ^~~~~~~~~~~
/home/ec2-user/arduino-testlib/cli-datadir/user/libraries/Adafruit_microbit_Library/Adafruit_Microbit.cpp:148:27: error: &#39;MATRIX_COLS&#39; was not declared in this scope
   for (uint8_t c = 0; c &lt; MATRIX_COLS; c&#43;&#43;) {
                           ^~~~~~~~~~~
/home/ec2-user/arduino-testlib/cli-datadir/user/libraries/Adafruit_microbit_Library/Adafruit_Microbit.cpp:149:9: error: &#39;matrix_buffer&#39; was not declared in this scope
     if (matrix_buffer[currentRow][c]) {
         ^~~~~~~~~~~~~
/home/ec2-user/arduino-testlib/cli-datadir/user/libraries/Adafruit_microbit_Library/Adafruit_Microbit.cpp:150:20: error: &#39;colpins&#39; was not declared in this scope
       digitalWrite(colpins[c], LOW); // Change column states for new row
                    ^~~~~~~
/home/ec2-user/arduino-testlib/cli-datadir/user/libraries/Adafruit_microbit_Library/Adafruit_Microbit.cpp: In member function &#39;void Adafruit_Microbit_Matrix::startTimer()&#39;:
/home/ec2-user/arduino-testlib/cli-datadir/user/libraries/Adafruit_microbit_Library/Adafruit_Microbit.cpp:160:3: error: &#39;NRF_TIMER2&#39; was not declared in this scope
   NRF_TIMER2-&gt;MODE = TIMER_MODE_MODE_Timer; // Set the timer in Counter Mode
   ^~~~~~~~~~
/home/ec2-user/arduino-testlib/cli-datadir/user/libraries/Adafruit_microbit_Library/Adafruit_Microbit.cpp:160:3: note: suggested alternative: &#39;TIMERB2&#39;
   NRF_TIMER2-&gt;MODE = TIMER_MODE_MODE_Timer; // Set the timer in Counter Mode
   ^~~~~~~~~~
   TIMERB2
/home/ec2-user/arduino-testlib/cli-datadir/user/libraries/Adafruit_microbit_Library/Adafruit_Microbit.cpp:160:22: error: &#39;TIMER_MODE_MODE_Timer&#39; was not declared in this scope
   NRF_TIMER2-&gt;MODE = TIMER_MODE_MODE_Timer; // Set the timer in Counter Mode
                      ^~~~~~~~~~~~~~~~~~~~~
/home/ec2-user/arduino-testlib/cli-datadir/user/libraries/Adafruit_microbit_Library/Adafruit_Microbit.cpp:164:7: error: &#39;TIMER_BITMODE_BITMODE_16Bit&#39; was not declared in this scope
       TIMER_BITMODE_BITMODE_16Bit; // Set counter to 16 bit resolution
       ^~~~~~~~~~~~~~~~~~~~~~~~~~~
/home/ec2-user/arduino-testlib/cli-datadir/user/libraries/Adafruit_microbit_Library/Adafruit_Microbit.cpp:170:8: error: &#39;TIMER_INTENSET_COMPARE0_Enabled&#39; was not declared in this scope
       (TIMER_INTENSET_COMPARE0_Enabled &lt;&lt; TIMER_INTENSET_COMPARE0_Pos);
        ^~~~~~~~~~~~~~~~~~~~~~~~~~~~~~~
/home/ec2-user/arduino-testlib/cli-datadir/user/libraries/Adafruit_microbit_Library/Adafruit_Microbit.cpp:170:43: error: &#39;TIMER_INTENSET_COMPARE0_Pos&#39; was not declared in this scope
       (TIMER_INTENSET_COMPARE0_Enabled &lt;&lt; TIMER_INTENSET_COMPARE0_Pos);
                                           ^~~~~~~~~~~~~~~~~~~~~~~~~~~
/home/ec2-user/arduino-testlib/cli-datadir/user/libraries/Adafruit_microbit_Library/Adafruit_Microbit.cpp:171:18: error: &#39;TIMER2_IRQn&#39; was not declared in this scope
   NVIC_EnableIRQ(TIMER2_IRQn);
                  ^~~~~~~~~~~
/home/ec2-user/arduino-testlib/cli-datadir/user/libraries/Adafruit_microbit_Library/Adafruit_Microbit.cpp:171:18: note: suggested alternative: &#39;TIMER2_IRQHandler&#39;
   NVIC_EnableIRQ(TIMER2_IRQn);
                  ^~~~~~~~~~~
                  TIMER2_IRQHandler
/home/ec2-user/arduino-testlib/cli-datadir/user/libraries/Adafruit_microbit_Library/Adafruit_Microbit.cpp:171:3: error: &#39;NVIC_EnableIRQ&#39; was not declared in this scope
   NVIC_EnableIRQ(TIMER2_IRQn);
   ^~~~~~~~~~~~~~
/home/ec2-user/arduino-testlib/cli-datadir/user/libraries/Adafruit_microbit_Library/Adafruit_Microbit.cpp: In function &#39;void IRQ_MATRIX_HANDLER()&#39;:
/home/ec2-user/arduino-testlib/cli-datadir/user/libraries/Adafruit_microbit_Library/Adafruit_Microbit.cpp:177:8: error: &#39;NRF_TIMER2&#39; was not declared in this scope
   if ((NRF_TIMER2-&gt;EVENTS_COMPARE[0] != 0) &amp;&amp;
        ^~~~~~~~~~
/home/ec2-user/arduino-testlib/cli-datadir/user/libraries/Adafruit_microbit_Library/Adafruit_Microbit.cpp:177:8: note: suggested alternative: &#39;TIMERB2&#39;
   if ((NRF_TIMER2-&gt;EVENTS_COMPARE[0] != 0) &amp;&amp;
        ^~~~~~~~~~
        TIMERB2
/home/ec2-user/arduino-testlib/cli-datadir/user/libraries/Adafruit_microbit_Library/Adafruit_Microbit.cpp:178:32: error: &#39;TIMER_INTENSET_COMPARE0_Msk&#39; was not declared in this scope
       ((NRF_TIMER2-&gt;INTENSET &amp; TIMER_INTENSET_COMPARE0_Msk) != 0)) {
                                ^~~~~~~~~~~~~~~~~~~~~~~~~~~
/home/ec2-user/arduino-testlib/cli-datadir/user/libraries/Adafruit_microbit_Library/Adafruit_Microbit.cpp: In member function &#39;virtual void Adafruit_Microbit_Matrix::drawPixel(int16_t, int16_t, uint16_t)&#39;:
/home/ec2-user/arduino-testlib/cli-datadir/user/libraries/Adafruit_microbit_Library/Adafruit_Microbit.cpp:215:17: error: &#39;pixel_to_col&#39; was not declared in this scope
   uint8_t col = pixel_to_col[pixelnum] - 1;
                 ^~~~~~~~~~~~
/home/ec2-user/arduino-testlib/cli-datadir/user/libraries/Adafruit_microbit_Library/Adafruit_Microbit.cpp:216:17: error: &#39;pixel_to_row&#39; was not declared in this scope
   uint8_t row = pixel_to_row[pixelnum] - 1;
                 ^~~~~~~~~~~~
/home/ec2-user/arduino-testlib/cli-datadir/user/libraries/Adafruit_microbit_Library/Adafruit_Microbit.cpp:221:5: error: &#39;matrix_buffer&#39; was not declared in this scope
     matrix_buffer[row][col] = 1;
     ^~~~~~~~~~~~~
/home/ec2-user/arduino-testlib/cli-datadir/user/libraries/Adafruit_microbit_Library/Adafruit_Microbit.cpp:223:5: error: &#39;matrix_buffer&#39; was not declared in this scope
     matrix_buffer[row][col] = 0;
     ^~~~~~~~~~~~~
/home/ec2-user/arduino-testlib/cli-datadir/user/libraries/Adafruit_microbit_Library/Adafruit_Microbit.cpp: In member function &#39;virtual void Adafruit_Microbit_Matrix::fillScreen(uint16_t)&#39;:
/home/ec2-user</pre>
					
					<h4>examples/timerdemo</h4>
					<p>
						Result: <b>FAIL</b>
					</p>
					<pre class="pre-scrollable">/home/ec2-user/arduino-testlib/cli-datadir/user/libraries/Adafruit_microbit_Library/examples/timerdemo/timerdemo.ino: In function &#39;void start_timer()&#39;:
/home/ec2-user/arduino-testlib/cli-datadir/user/libraries/Adafruit_microbit_Library/examples/timerdemo/timerdemo.ino:11:3: error: &#39;NRF_TIMER2&#39; was not declared in this scope
   NRF_TIMER2-&gt;MODE = TIMER_MODE_MODE_Timer;              // Set the timer in Counter Mode
   ^~~~~~~~~~
/home/ec2-user/arduino-testlib/cli-datadir/user/libraries/Adafruit_microbit_Library/examples/timerdemo/timerdemo.ino:11:3: note: suggested alternative: &#39;TIMERB2&#39;
   NRF_TIMER2-&gt;MODE = TIMER_MODE_MODE_Timer;              // Set the timer in Counter Mode
   ^~~~~~~~~~
   TIMERB2
/home/ec2-user/arduino-testlib/cli-datadir/user/libraries/Adafruit_microbit_Library/examples/timerdemo/timerdemo.ino:11:22: error: &#39;TIMER_MODE_MODE_Timer&#39; was not declared in this scope
   NRF_TIMER2-&gt;MODE = TIMER_MODE_MODE_Timer;              // Set the timer in Counter Mode
                      ^~~~~~~~~~~~~~~~~~~~~
/home/ec2-user/arduino-testlib/cli-datadir/user/libraries/Adafruit_microbit_Library/examples/timerdemo/timerdemo.ino:14:25: error: &#39;TIMER_BITMODE_BITMODE_16Bit&#39; was not declared in this scope
   NRF_TIMER2-&gt;BITMODE = TIMER_BITMODE_BITMODE_16Bit;     //Set counter to 16 bit resolution
                         ^~~~~~~~~~~~~~~~~~~~~~~~~~~
/home/ec2-user/arduino-testlib/cli-datadir/user/libraries/Adafruit_microbit_Library/examples/timerdemo/timerdemo.ino:19:27: error: &#39;TIMER_INTENSET_COMPARE0_Enabled&#39; was not declared in this scope
   NRF_TIMER2-&gt;INTENSET = (TIMER_INTENSET_COMPARE0_Enabled &lt;&lt; TIMER_INTENSET_COMPARE0_Pos) | (TIMER_INTENSET_COMPARE1_Enabled &lt;&lt; TIMER_INTENSET_COMPARE1_Pos);
                           ^~~~~~~~~~~~~~~~~~~~~~~~~~~~~~~
/home/ec2-user/arduino-testlib/cli-datadir/user/libraries/Adafruit_microbit_Library/examples/timerdemo/timerdemo.ino:19:62: error: &#39;TIMER_INTENSET_COMPARE0_Pos&#39; was not declared in this scope
   NRF_TIMER2-&gt;INTENSET = (TIMER_INTENSET_COMPARE0_Enabled &lt;&lt; TIMER_INTENSET_COMPARE0_Pos) | (TIMER_INTENSET_COMPARE1_Enabled &lt;&lt; TIMER_INTENSET_COMPARE1_Pos);
                                                              ^~~~~~~~~~~~~~~~~~~~~~~~~~~
/home/ec2-user/arduino-testlib/cli-datadir/user/libraries/Adafruit_microbit_Library/examples/timerdemo/timerdemo.ino:19:94: error: &#39;TIMER_INTENSET_COMPARE1_Enabled&#39; was not declared in this scope
   NRF_TIMER2-&gt;INTENSET = (TIMER_INTENSET_COMPARE0_Enabled &lt;&lt; TIMER_INTENSET_COMPARE0_Pos) | (TIMER_INTENSET_COMPARE1_Enabled &lt;&lt; TIMER_INTENSET_COMPARE1_Pos);
                                                                                              ^~~~~~~~~~~~~~~~~~~~~~~~~~~~~~~
/home/ec2-user/arduino-testlib/cli-datadir/user/libraries/Adafruit_microbit_Library/examples/timerdemo/timerdemo.ino:19:129: error: &#39;TIMER_INTENSET_COMPARE1_Pos&#39; was not declared in this scope
   NRF_TIMER2-&gt;INTENSET = (TIMER_INTENSET_COMPARE0_Enabled &lt;&lt; TIMER_INTENSET_COMPARE0_Pos) | (TIMER_INTENSET_COMPARE1_Enabled &lt;&lt; TIMER_INTENSET_COMPARE1_Pos);
                                                                                                                                 ^~~~~~~~~~~~~~~~~~~~~~~~~~~
/home/ec2-user/arduino-testlib/cli-datadir/user/libraries/Adafruit_microbit_Library/examples/timerdemo/timerdemo.ino:20:18: error: &#39;TIMER2_IRQn&#39; was not declared in this scope
   NVIC_EnableIRQ(TIMER2_IRQn);
                  ^~~~~~~~~~~
/home/ec2-user/arduino-testlib/cli-datadir/user/libraries/Adafruit_microbit_Library/examples/timerdemo/timerdemo.ino:20:18: note: suggested alternative: &#39;TIMER2_IRQHandler&#39;
   NVIC_EnableIRQ(TIMER2_IRQn);
                  ^~~~~~~~~~~
                  TIMER2_IRQHandler
/home/ec2-user/arduino-testlib/cli-datadir/user/libraries/Adafruit_microbit_Library/examples/timerdemo/timerdemo.ino:20:3: error: &#39;NVIC_EnableIRQ&#39; was not declared in this scope
   NVIC_EnableIRQ(TIMER2_IRQn);
   ^~~~~~~~~~~~~~
/home/ec2-user/arduino-testlib/cli-datadir/user/libraries/Adafruit_microbit_Library/examples/timerdemo/timerdemo.ino: In function &#39;void timer_pal()&#39;:
/home/ec2-user/arduino-testlib/cli-datadir/user/libraries/Adafruit_microbit_Library/examples/timerdemo/timerdemo.ino:32:8: error: &#39;NRF_TIMER2&#39; was not declared in this scope
   if ((NRF_TIMER2-&gt;EVENTS_COMPARE[0] != 0) &amp;&amp; ((NRF_TIMER2-&gt;INTENSET &amp; TIMER_INTENSET_COMPARE0_Msk) != 0))
        ^~~~~~~~~~
/home/ec2-user/arduino-testlib/cli-datadir/user/libraries/Adafruit_microbit_Library/examples/timerdemo/timerdemo.ino:32:8: note: suggested alternative: &#39;TIMERB2&#39;
   if ((NRF_TIMER2-&gt;EVENTS_COMPARE[0] != 0) &amp;&amp; ((NRF_TIMER2-&gt;INTENSET &amp; TIMER_INTENSET_COMPARE0_Msk) != 0))
        ^~~~~~~~~~
        TIMERB2
/home/ec2-user/arduino-testlib/cli-datadir/user/libraries/Adafruit_microbit_Library/examples/timerdemo/timerdemo.ino:32:72: error: &#39;TIMER_INTENSET_COMPARE0_Msk&#39; was not declared in this scope
   if ((NRF_TIMER2-&gt;EVENTS_COMPARE[0] != 0) &amp;&amp; ((NRF_TIMER2-&gt;INTENSET &amp; TIMER_INTENSET_COMPARE0_Msk) != 0))
                                                                        ^~~~~~~~~~~~~~~~~~~~~~~~~~~
/home/ec2-user/arduino-testlib/cli-datadir/user/libraries/Adafruit_microbit_Library/examples/timerdemo/timerdemo.ino:38:8: error: &#39;NRF_TIMER2&#39; was not declared in this scope
   if ((NRF_TIMER2-&gt;EVENTS_COMPARE[1] != 0) &amp;&amp; ((NRF_TIMER2-&gt;INTENSET &amp; TIMER_INTENSET_COMPARE1_Msk) != 0))
        ^~~~~~~~~~
/home/ec2-user/arduino-testlib/cli-datadir/user/libraries/Adafruit_microbit_Library/examples/timerdemo/timerdemo.ino:38:8: note: suggested alternative: &#39;TIMERB2&#39;
   if ((NRF_TIMER2-&gt;EVENTS_COMPARE[1] != 0) &amp;&amp; ((NRF_TIMER2-&gt;INTENSET &amp; TIMER_INTENSET_COMPARE1_Msk) != 0))
        ^~~~~~~~~~
        TIMERB2
/home/ec2-user/arduino-testlib/cli-datadir/user/libraries/Adafruit_microbit_Library/examples/timerdemo/timerdemo.ino:38:72: error: &#39;TIMER_INTENSET_COMPARE1_Msk&#39; was not declared in this scope
   if ((NRF_TIMER2-&gt;EVENTS_COMPARE[1] != 0) &amp;&amp; ((NRF_TIMER2-&gt;INTENSET &amp; TIMER_INTENSET_COMPARE1_Msk) != 0))
                                                                        ^~~~~~~~~~~~~~~~~~~~~~~~~~~

</pre>
					
				
				<h3 id="arduino:samd:mkrwifi1010">arduino:samd:mkrwifi1010 @ 1.8.12</h3>
				<h4>Inclusion</h4>
				<p>
					Result: <b>FAIL</b>
					
					<br />This library has no main header file so an empty one was created.
					
				</p>
				<pre class="pre-scrollable">/private/tmp/arduino-testlib3821126243/test/test.ino:1:10: fatal error: Adafruit_microbit_Library.h: No such file or directory
 #include &lt;Adafruit_microbit_Library.h&gt;
          ^~~~~~~~~~~~~~~~~~~~~~~~~~~~~
compilation terminated.

</pre>

					
					<h4>examples/accelerometer_MMA8653</h4>
					<p>
						Result: <b>FAIL</b>
					</p>
					<pre class="pre-scrollable">/Users/alranel/Documents/git/arduino/arduino-testlib/cli-datadir/user/libraries/Adafruit_microbit_Library/examples/accelerometer_MMA8653/accelerometer_MMA8653.ino: In function &#39;void setup()&#39;:
/Users/alranel/Documents/git/arduino/arduino-testlib/cli-datadir/user/libraries/Adafruit_microbit_Library/examples/accelerometer_MMA8653/accelerometer_MMA8653.ino:27:23: error: no matching function for call to &#39;MMA8653::begin(bool, int)&#39;
   accel.begin(false, 2); // 8-bit mode, 2g range
                       ^
In file included from /Users/alranel/Documents/git/arduino/arduino-testlib/cli-datadir/user/libraries/Adafruit_microbit_Library/examples/accelerometer_MMA8653/accelerometer_MMA8653.ino:18:0:
/Users/alranel/Documents/git/arduino/arduino-testlib/cli-datadir/user/libraries/MMA8653/src/MMA8653.h:201:10: note: candidate: void MMA8653::begin()
     void begin();
          ^~~~~
/Users/alranel/Documents/git/arduino/arduino-testlib/cli-datadir/user/libraries/MMA8653/src/MMA8653.h:201:10: note:   candidate expects 0 arguments, 2 provided
/Users/alranel/Documents/git/arduino/arduino-testlib/cli-datadir/user/libraries/Adafruit_microbit_Library/examples/accelerometer_MMA8653/accelerometer_MMA8653.ino: In function &#39;void loop()&#39;:
/Users/alranel/Documents/git/arduino/arduino-testlib/cli-datadir/user/libraries/Adafruit_microbit_Library/examples/accelerometer_MMA8653/accelerometer_MMA8653.ino:32:9: error: &#39;class MMA8653&#39; has no member named &#39;update&#39;
   accel.update();
         ^~~~~~
/Users/alranel/Documents/git/arduino/arduino-testlib/cli-datadir/user/libraries/Adafruit_microbit_Library/examples/accelerometer_MMA8653/accelerometer_MMA8653.ino:33:29: error: &#39;class MMA8653&#39; has no member named &#39;getX&#39;
   Serial.print((float)accel.getX() * 0.0156);    Serial.print(&#34; , &#34;);
                             ^~~~
/Users/alranel/Documents/git/arduino/arduino-testlib/cli-datadir/user/libraries/Adafruit_microbit_Library/examples/accelerometer_MMA8653/accelerometer_MMA8653.ino:34:29: error: &#39;class MMA8653&#39; has no member named &#39;getY&#39;
   Serial.print((float)accel.getY() * 0.0156);    Serial.print(&#34;, &#34;);
                             ^~~~
/Users/alranel/Documents/git/arduino/arduino-testlib/cli-datadir/user/libraries/Adafruit_microbit_Library/examples/accelerometer_MMA8653/accelerometer_MMA8653.ino:35:31: error: &#39;class MMA8653&#39; has no member named &#39;getZ&#39;
   Serial.println((float)accel.getZ() * 0.0156);
                               ^~~~

</pre>
					
					<h4>examples/ble_controller</h4>
					<p>
						Result: <b>FAIL</b>
					</p>
					<pre class="pre-scrollable">
</pre>
					
					<h4>examples/ble_dietemp</h4>
					<p>
						Result: <b>FAIL</b>
					</p>
					<pre class="pre-scrollable">/Users/alranel/Documents/git/arduino/arduino-testlib/cli-datadir/user/libraries/Adafruit_microbit_Library/examples/ble_dietemp/ble_dietemp.ino: In function &#39;void setup()&#39;:
/Users/alranel/Documents/git/arduino/arduino-testlib/cli-datadir/user/libraries/Adafruit_microbit_Library/examples/ble_dietemp/ble_dietemp.ino:13:12: error: &#39;class Adafruit_Microbit&#39; has no member named &#39;BTLESerial&#39;
   microbit.BTLESerial.setLocalName(&#34;microbit&#34;);
            ^~~~~~~~~~
/Users/alranel/Documents/git/arduino/arduino-testlib/cli-datadir/user/libraries/Adafruit_microbit_Library/examples/ble_dietemp/ble_dietemp.ino:14:12: error: &#39;class Adafruit_Microbit&#39; has no member named &#39;BTLESerial&#39;
   microbit.BTLESerial.begin();
            ^~~~~~~~~~
/Users/alranel/Documents/git/arduino/arduino-testlib/cli-datadir/user/libraries/Adafruit_microbit_Library/examples/ble_dietemp/ble_dietemp.ino: In function &#39;void loop()&#39;:
/Users/alranel/Documents/git/arduino/arduino-testlib/cli-datadir/user/libraries/Adafruit_microbit_Library/examples/ble_dietemp/ble_dietemp.ino:23:12: error: &#39;class Adafruit_Microbit&#39; has no member named &#39;BTLESerial&#39;
   microbit.BTLESerial.poll();
            ^~~~~~~~~~
/Users/alranel/Documents/git/arduino/arduino-testlib/cli-datadir/user/libraries/Adafruit_microbit_Library/examples/ble_dietemp/ble_dietemp.ino:30:23: error: &#39;class Adafruit_Microbit&#39; has no member named &#39;getDieTemp&#39;
       temp = microbit.getDieTemp();
                       ^~~~~~~~~~
/Users/alranel/Documents/git/arduino/arduino-testlib/cli-datadir/user/libraries/Adafruit_microbit_Library/examples/ble_dietemp/ble_dietemp.ino:41:12: error: &#39;class Adafruit_Microbit&#39; has no member named &#39;BTLESerial&#39;
   microbit.BTLESerial.println(avgtemp);
            ^~~~~~~~~~

</pre>
					
					<h4>examples/ble_plotterdemo</h4>
					<p>
						Result: <b>FAIL</b>
					</p>
					<pre class="pre-scrollable">/Users/alranel/Documents/git/arduino/arduino-testlib/cli-datadir/user/libraries/Adafruit_microbit_Library/examples/ble_plotterdemo/ble_plotterdemo.ino: In function &#39;void setup()&#39;:
/Users/alranel/Documents/git/arduino/arduino-testlib/cli-datadir/user/libraries/Adafruit_microbit_Library/examples/ble_plotterdemo/ble_plotterdemo.ino:19:23: error: no matching function for call to &#39;MMA8653::begin(bool, int)&#39;
   accel.begin(false, 2); // 8-bit mode, 2g range
                       ^
In file included from /Users/alranel/Documents/git/arduino/arduino-testlib/cli-datadir/user/libraries/Adafruit_microbit_Library/examples/ble_plotterdemo/ble_plotterdemo.ino:9:0:
/Users/alranel/Documents/git/arduino/arduino-testlib/cli-datadir/user/libraries/MMA8653/src/MMA8653.h:201:10: note: candidate: void MMA8653::begin()
     void begin();
          ^~~~~
/Users/alranel/Documents/git/arduino/arduino-testlib/cli-datadir/user/libraries/MMA8653/src/MMA8653.h:201:10: note:   candidate expects 0 arguments, 2 provided
/Users/alranel/Documents/git/arduino/arduino-testlib/cli-datadir/user/libraries/Adafruit_microbit_Library/examples/ble_plotterdemo/ble_plotterdemo.ino:22:12: error: &#39;class Adafruit_Microbit&#39; has no member named &#39;BTLESerial&#39;
   microbit.BTLESerial.setLocalName(&#34;microbit&#34;);
            ^~~~~~~~~~
/Users/alranel/Documents/git/arduino/arduino-testlib/cli-datadir/user/libraries/Adafruit_microbit_Library/examples/ble_plotterdemo/ble_plotterdemo.ino:23:12: error: &#39;class Adafruit_Microbit&#39; has no member named &#39;BTLESerial&#39;
   microbit.BTLESerial.begin();
            ^~~~~~~~~~
/Users/alranel/Documents/git/arduino/arduino-testlib/cli-datadir/user/libraries/Adafruit_microbit_Library/examples/ble_plotterdemo/ble_plotterdemo.ino: In function &#39;void loop()&#39;:
/Users/alranel/Documents/git/arduino/arduino-testlib/cli-datadir/user/libraries/Adafruit_microbit_Library/examples/ble_plotterdemo/ble_plotterdemo.ino:30:12: error: &#39;class Adafruit_Microbit&#39; has no member named &#39;BTLESerial&#39;
   microbit.BTLESerial.poll();
            ^~~~~~~~~~
/Users/alranel/Documents/git/arduino/arduino-testlib/cli-datadir/user/libraries/Adafruit_microbit_Library/examples/ble_plotterdemo/ble_plotterdemo.ino:32:9: error: &#39;class MMA8653&#39; has no member named &#39;update&#39;
   accel.update();
         ^~~~~~
/Users/alranel/Documents/git/arduino/arduino-testlib/cli-datadir/user/libraries/Adafruit_microbit_Library/examples/ble_plotterdemo/ble_plotterdemo.ino:35:22: error: &#39;class MMA8653&#39; has no member named &#39;getX&#39;
   Serial.print(accel.getX());    Serial.print(&#34;, &#34;);
                      ^~~~
/Users/alranel/Documents/git/arduino/arduino-testlib/cli-datadir/user/libraries/Adafruit_microbit_Library/examples/ble_plotterdemo/ble_plotterdemo.ino:36:22: error: &#39;class MMA8653&#39; has no member named &#39;getY&#39;
   Serial.print(accel.getY());    Serial.print(&#34;, &#34;);
                      ^~~~
/Users/alranel/Documents/git/arduino/arduino-testlib/cli-datadir/user/libraries/Adafruit_microbit_Library/examples/ble_plotterdemo/ble_plotterdemo.ino:37:24: error: &#39;class MMA8653&#39; has no member named &#39;getZ&#39;
   Serial.println(accel.getZ());
                        ^~~~
/Users/alranel/Documents/git/arduino/arduino-testlib/cli-datadir/user/libraries/Adafruit_microbit_Library/examples/ble_plotterdemo/ble_plotterdemo.ino:40:12: error: &#39;class Adafruit_Microbit&#39; has no member named &#39;BTLESerial&#39;
   microbit.BTLESerial.print(accel.getX());
            ^~~~~~~~~~
/Users/alranel/Documents/git/arduino/arduino-testlib/cli-datadir/user/libraries/Adafruit_microbit_Library/examples/ble_plotterdemo/ble_plotterdemo.ino:40:35: error: &#39;class MMA8653&#39; has no member named &#39;getX&#39;
   microbit.BTLESerial.print(accel.getX());
                                   ^~~~
/Users/alranel/Documents/git/arduino/arduino-testlib/cli-datadir/user/libraries/Adafruit_microbit_Library/examples/ble_plotterdemo/ble_plotterdemo.ino:41:12: error: &#39;class Adafruit_Microbit&#39; has no member named &#39;BTLESerial&#39;
   microbit.BTLESerial.print(&#34;,&#34;);
            ^~~~~~~~~~
/Users/alranel/Documents/git/arduino/arduino-testlib/cli-datadir/user/libraries/Adafruit_microbit_Library/examples/ble_plotterdemo/ble_plotterdemo.ino:42:12: error: &#39;class Adafruit_Microbit&#39; has no member named &#39;BTLESerial&#39;
   microbit.BTLESerial.print(accel.getY());
            ^~~~~~~~~~
/Users/alranel/Documents/git/arduino/arduino-testlib/cli-datadir/user/libraries/Adafruit_microbit_Library/examples/ble_plotterdemo/ble_plotterdemo.ino:42:35: error: &#39;class MMA8653&#39; has no member named &#39;getY&#39;
   microbit.BTLESerial.print(accel.getY());
                                   ^~~~
/Users/alranel/Documents/git/arduino/arduino-testlib/cli-datadir/user/libraries/Adafruit_microbit_Library/examples/ble_plotterdemo/ble_plotterdemo.ino:43:12: error: &#39;class Adafruit_Microbit&#39; has no member named &#39;BTLESerial&#39;
   microbit.BTLESerial.print(&#34;,&#34;);
            ^~~~~~~~~~
/Users/alranel/Documents/git/arduino/arduino-testlib/cli-datadir/user/libraries/Adafruit_microbit_Library/examples/ble_plotterdemo/ble_plotterdemo.ino:44:12: error: &#39;class Adafruit_Microbit&#39; has no member named &#39;BTLESerial&#39;
   microbit.BTLESerial.println(accel.getZ());
            ^~~~~~~~~~
/Users/alranel/Documents/git/arduino/arduino-testlib/cli-datadir/user/libraries/Adafruit_microbit_Library/examples/ble_plotterdemo/ble_plotterdemo.ino:44:37: error: &#39;class MMA8653&#39; has no member named &#39;getZ&#39;
   microbit.BTLESerial.println(accel.getZ());
                                     ^~~~

</pre>
					
					<h4>examples/ble_uartdemo</h4>
					<p>
						Result: <b>FAIL</b>
					</p>
					<pre class="pre-scrollable">/Users/alranel/Documents/git/arduino/arduino-testlib/cli-datadir/user/libraries/Adafruit_microbit_Library/examples/ble_uartdemo/ble_uartdemo.ino: In function &#39;void setup()&#39;:
/Users/alranel/Documents/git/arduino/arduino-testlib/cli-datadir/user/libraries/Adafruit_microbit_Library/examples/ble_uartdemo/ble_uartdemo.ino:27:12: error: &#39;class Adafruit_Microbit&#39; has no member named &#39;BTLESerial&#39;
   microbit.BTLESerial.setLocalName(&#34;microbit&#34;);
            ^~~~~~~~~~
/Users/alranel/Documents/git/arduino/arduino-testlib/cli-datadir/user/libraries/Adafruit_microbit_Library/examples/ble_uartdemo/ble_uartdemo.ino:28:12: error: &#39;class Adafruit_Microbit&#39; has no member named &#39;BTLESerial&#39;
   microbit.BTLESerial.begin();
            ^~~~~~~~~~
/Users/alranel/Documents/git/arduino/arduino-testlib/cli-datadir/user/libraries/Adafruit_microbit_Library/examples/ble_uartdemo/ble_uartdemo.ino: In function &#39;void loop()&#39;:
/Users/alranel/Documents/git/arduino/arduino-testlib/cli-datadir/user/libraries/Adafruit_microbit_Library/examples/ble_uartdemo/ble_uartdemo.ino:35:12: error: &#39;class Adafruit_Microbit&#39; has no member named &#39;BTLESerial&#39;
   microbit.BTLESerial.poll();
            ^~~~~~~~~~
/Users/alranel/Documents/git/arduino/arduino-testlib/cli-datadir/user/libraries/Adafruit_microbit_Library/examples/ble_uartdemo/ble_uartdemo.ino: In function &#39;void forward()&#39;:
/Users/alranel/Documents/git/arduino/arduino-testlib/cli-datadir/user/libraries/Adafruit_microbit_Library/examples/ble_uartdemo/ble_uartdemo.ino:45:16: error: &#39;class Adafruit_Microbit&#39; has no member named &#39;BTLESerial&#39;
   if (microbit.BTLESerial &amp;&amp; Serial) {
                ^~~~~~~~~~
/Users/alranel/Documents/git/arduino/arduino-testlib/cli-datadir/user/libraries/Adafruit_microbit_Library/examples/ble_uartdemo/ble_uartdemo.ino:47:18: error: &#39;class Adafruit_Microbit&#39; has no member named &#39;BTLESerial&#39;
     if (microbit.BTLESerial.available()) {
                  ^~~~~~~~~~
/Users/alranel/Documents/git/arduino/arduino-testlib/cli-datadir/user/libraries/Adafruit_microbit_Library/examples/ble_uartdemo/ble_uartdemo.ino:48:29: error: &#39;class Adafruit_Microbit&#39; has no member named &#39;BTLESerial&#39;
       Serial.write(microbit.BTLESerial.read());
                             ^~~~~~~~~~
/Users/alranel/Documents/git/arduino/arduino-testlib/cli-datadir/user/libraries/Adafruit_microbit_Library/examples/ble_uartdemo/ble_uartdemo.ino:59:16: error: &#39;class Adafruit_Microbit&#39; has no member named &#39;BTLESerial&#39;
       microbit.BTLESerial.write(buffer, idx);
                ^~~~~~~~~~
/Users/alranel/Documents/git/arduino/arduino-testlib/cli-datadir/user/libraries/Adafruit_microbit_Library/examples/ble_uartdemo/ble_uartdemo.ino: In function &#39;void loopback()&#39;:
/Users/alranel/Documents/git/arduino/arduino-testlib/cli-datadir/user/libraries/Adafruit_microbit_Library/examples/ble_uartdemo/ble_uartdemo.ino:67:16: error: &#39;class Adafruit_Microbit&#39; has no member named &#39;BTLESerial&#39;
   if (microbit.BTLESerial) {
                ^~~~~~~~~~
/Users/alranel/Documents/git/arduino/arduino-testlib/cli-datadir/user/libraries/Adafruit_microbit_Library/examples/ble_uartdemo/ble_uartdemo.ino:69:29: error: &#39;class Adafruit_Microbit&#39; has no member named &#39;BTLESerial&#39;
     while ((byte = microbit.BTLESerial.read()) &gt; 0) {
                             ^~~~~~~~~~
/Users/alranel/Documents/git/arduino/arduino-testlib/cli-datadir/user/libraries/Adafruit_microbit_Library/examples/ble_uartdemo/ble_uartdemo.ino:70:18: error: &#39;class Adafruit_Microbit&#39; has no member named &#39;BTLESerial&#39;
         microbit.BTLESerial.write(byte);
                  ^~~~~~~~~~
/Users/alranel/Documents/git/arduino/arduino-testlib/cli-datadir/user/libraries/Adafruit_microbit_Library/examples/ble_uartdemo/ble_uartdemo.ino: In function &#39;void spam()&#39;:
/Users/alranel/Documents/git/arduino/arduino-testlib/cli-datadir/user/libraries/Adafruit_microbit_Library/examples/ble_uartdemo/ble_uartdemo.ino:77:16: error: &#39;class Adafruit_Microbit&#39; has no member named &#39;BTLESerial&#39;
   if (microbit.BTLESerial) {
                ^~~~~~~~~~
/Users/alranel/Documents/git/arduino/arduino-testlib/cli-datadir/user/libraries/Adafruit_microbit_Library/examples/ble_uartdemo/ble_uartdemo.ino:78:14: error: &#39;class Adafruit_Microbit&#39; has no member named &#39;BTLESerial&#39;
     microbit.BTLESerial.print(millis());
              ^~~~~~~~~~
/Users/alranel/Documents/git/arduino/arduino-testlib/cli-datadir/user/libraries/Adafruit_microbit_Library/examples/ble_uartdemo/ble_uartdemo.ino:79:14: error: &#39;class Adafruit_Microbit&#39; has no member named &#39;BTLESerial&#39;
     microbit.BTLESerial.println(&#34; tick-tacks!&#34;);
              ^~~~~~~~~~

</pre>
					
					<h4>examples/blinkdemo</h4>
					<p>
						Result: <b>PASS</b>
					</p>
					<pre class="pre-scrollable">Sketch uses 12368 bytes (4%) of program storage space. Maximum is 262144 bytes.
Global variables use 2996 bytes (9%) of dynamic memory, leaving 29772 bytes for local variables. Maximum is 32768 bytes.
</pre>
					
					<h4>examples/buttondemo</h4>
					<p>
						Result: <b>FAIL</b>
					</p>
					<pre class="pre-scrollable">/Users/alranel/Documents/git/arduino/arduino-testlib/cli-datadir/user/libraries/Adafruit_microbit_Library/examples/buttondemo/buttondemo.ino: In function &#39;void setup()&#39;:
/Users/alranel/Documents/git/arduino/arduino-testlib/cli-datadir/user/libraries/Adafruit_microbit_Library/examples/buttondemo/buttondemo.ino:6:11: error: &#39;PIN_BUTTON_A&#39; was not declared in this scope
   pinMode(PIN_BUTTON_A, INPUT);
           ^~~~~~~~~~~~
/Users/alranel/Documents/git/arduino/arduino-testlib/cli-datadir/user/libraries/Adafruit_microbit_Library/examples/buttondemo/buttondemo.ino:7:11: error: &#39;PIN_BUTTON_B&#39; was not declared in this scope
   pinMode(PIN_BUTTON_B, INPUT);
           ^~~~~~~~~~~~
/Users/alranel/Documents/git/arduino/arduino-testlib/cli-datadir/user/libraries/Adafruit_microbit_Library/examples/buttondemo/buttondemo.ino: In function &#39;void loop()&#39;:
/Users/alranel/Documents/git/arduino/arduino-testlib/cli-datadir/user/libraries/Adafruit_microbit_Library/examples/buttondemo/buttondemo.ino:11:21: error: &#39;PIN_BUTTON_A&#39; was not declared in this scope
   if (! digitalRead(PIN_BUTTON_A)) {
                     ^~~~~~~~~~~~
/Users/alranel/Documents/git/arduino/arduino-testlib/cli-datadir/user/libraries/Adafruit_microbit_Library/examples/buttondemo/buttondemo.ino:14:21: error: &#39;PIN_BUTTON_B&#39; was not declared in this scope
   if (! digitalRead(PIN_BUTTON_B)) {
                     ^~~~~~~~~~~~

</pre>
					
					<h4>examples/matrixdemo</h4>
					<p>
						Result: <b>FAIL</b>
					</p>
					<pre class="pre-scrollable">/Users/alranel/Documents/git/arduino/arduino-testlib/cli-datadir/user/libraries/Adafruit_microbit_Library/Adafruit_Microbit.cpp: In constructor &#39;Adafruit_Microbit_Matrix::Adafruit_Microbit_Matrix()&#39;:
/Users/alranel/Documents/git/arduino/arduino-testlib/cli-datadir/user/libraries/Adafruit_microbit_Library/Adafruit_Microbit.cpp:95:10: error: &#39;matrix_buffer&#39; was not declared in this scope
   memset(matrix_buffer, 0x0, MATRIX_COLS * MATRIX_ROWS);
          ^~~~~~~~~~~~~
/Users/alranel/Documents/git/arduino/arduino-testlib/cli-datadir/user/libraries/Adafruit_microbit_Library/Adafruit_Microbit.cpp:95:10: note: suggested alternative: &#39;setbuffer&#39;
   memset(matrix_buffer, 0x0, MATRIX_COLS * MATRIX_ROWS);
          ^~~~~~~~~~~~~
          setbuffer
/Users/alranel/Documents/git/arduino/arduino-testlib/cli-datadir/user/libraries/Adafruit_microbit_Library/Adafruit_Microbit.cpp:95:30: error: &#39;MATRIX_COLS&#39; was not declared in this scope
   memset(matrix_buffer, 0x0, MATRIX_COLS * MATRIX_ROWS);
                              ^~~~~~~~~~~
/Users/alranel/Documents/git/arduino/arduino-testlib/cli-datadir/user/libraries/Adafruit_microbit_Library/Adafruit_Microbit.cpp:95:30: note: suggested alternative: &#39;HMATRIXB_INSTS&#39;
   memset(matrix_buffer, 0x0, MATRIX_COLS * MATRIX_ROWS);
                              ^~~~~~~~~~~
                              HMATRIXB_INSTS
/Users/alranel/Documents/git/arduino/arduino-testlib/cli-datadir/user/libraries/Adafruit_microbit_Library/Adafruit_Microbit.cpp:95:44: error: &#39;MATRIX_ROWS&#39; was not declared in this scope
   memset(matrix_buffer, 0x0, MATRIX_COLS * MATRIX_ROWS);
                                            ^~~~~~~~~~~
/Users/alranel/Documents/git/arduino/arduino-testlib/cli-datadir/user/libraries/Adafruit_microbit_Library/Adafruit_Microbit.cpp:95:44: note: suggested alternative: &#39;HMATRIXB_INSTS&#39;
   memset(matrix_buffer, 0x0, MATRIX_COLS * MATRIX_ROWS);
                                            ^~~~~~~~~~~
                                            HMATRIXB_INSTS
/Users/alranel/Documents/git/arduino/arduino-testlib/cli-datadir/user/libraries/Adafruit_microbit_Library/Adafruit_Microbit.cpp: In member function &#39;boolean Adafruit_Microbit_Matrix::begin()&#39;:
/Users/alranel/Documents/git/arduino/arduino-testlib/cli-datadir/user/libraries/Adafruit_microbit_Library/Adafruit_Microbit.cpp:107:27: error: &#39;MATRIX_COLS&#39; was not declared in this scope
   for (uint8_t c = 0; c &lt; MATRIX_COLS; c&#43;&#43;) {
                           ^~~~~~~~~~~
/Users/alranel/Documents/git/arduino/arduino-testlib/cli-datadir/user/libraries/Adafruit_microbit_Library/Adafruit_Microbit.cpp:107:27: note: suggested alternative: &#39;HMATRIXB_INSTS&#39;
   for (uint8_t c = 0; c &lt; MATRIX_COLS; c&#43;&#43;) {
                           ^~~~~~~~~~~
                           HMATRIXB_INSTS
/Users/alranel/Documents/git/arduino/arduino-testlib/cli-datadir/user/libraries/Adafruit_microbit_Library/Adafruit_Microbit.cpp:108:13: error: &#39;colpins&#39; was not declared in this scope
     pinMode(colpins[c], OUTPUT);
             ^~~~~~~
/Users/alranel/Documents/git/arduino/arduino-testlib/cli-datadir/user/libraries/Adafruit_microbit_Library/Adafruit_Microbit.cpp:112:27: error: &#39;MATRIX_ROWS&#39; was not declared in this scope
   for (uint8_t r = 0; r &lt; MATRIX_ROWS; r&#43;&#43;) {
                           ^~~~~~~~~~~
/Users/alranel/Documents/git/arduino/arduino-testlib/cli-datadir/user/libraries/Adafruit_microbit_Library/Adafruit_Microbit.cpp:112:27: note: suggested alternative: &#39;HMATRIXB_INSTS&#39;
   for (uint8_t r = 0; r &lt; MATRIX_ROWS; r&#43;&#43;) {
                           ^~~~~~~~~~~
                           HMATRIXB_INSTS
/Users/alranel/Documents/git/arduino/arduino-testlib/cli-datadir/user/libraries/Adafruit_microbit_Library/Adafruit_Microbit.cpp:113:13: error: &#39;rowpins&#39; was not declared in this scope
     pinMode(rowpins[r], OUTPUT);
             ^~~~~~~
/Users/alranel/Documents/git/arduino/arduino-testlib/cli-datadir/user/libraries/Adafruit_microbit_Library/Adafruit_Microbit.cpp:113:13: note: suggested alternative: &#39;rewind&#39;
     pinMode(rowpins[r], OUTPUT);
             ^~~~~~~
             rewind
/Users/alranel/Documents/git/arduino/arduino-testlib/cli-datadir/user/libraries/Adafruit_microbit_Library/Adafruit_Microbit.cpp:117:27: error: &#39;MATRIX_ROWS&#39; was not declared in this scope
   for (uint8_t r = 0; r &lt; MATRIX_ROWS; r&#43;&#43;) {
                           ^~~~~~~~~~~
/Users/alranel/Documents/git/arduino/arduino-testlib/cli-datadir/user/libraries/Adafruit_microbit_Library/Adafruit_Microbit.cpp:117:27: note: suggested alternative: &#39;HMATRIXB_INSTS&#39;
   for (uint8_t r = 0; r &lt; MATRIX_ROWS; r&#43;&#43;) {
                           ^~~~~~~~~~~
                           HMATRIXB_INSTS
/Users/alranel/Documents/git/arduino/arduino-testlib/cli-datadir/user/libraries/Adafruit_microbit_Library/Adafruit_Microbit.cpp:118:29: error: &#39;MATRIX_COLS&#39; was not declared in this scope
     for (uint8_t c = 0; c &lt; MATRIX_COLS; c&#43;&#43;) {
                             ^~~~~~~~~~~
/Users/alranel/Documents/git/arduino/arduino-testlib/cli-datadir/user/libraries/Adafruit_microbit_Library/Adafruit_Microbit.cpp:118:29: note: suggested alternative: &#39;HMATRIXB_INSTS&#39;
     for (uint8_t c = 0; c &lt; MATRIX_COLS; c&#43;&#43;) {
                             ^~~~~~~~~~~
                             HMATRIXB_INSTS
/Users/alranel/Documents/git/arduino/arduino-testlib/cli-datadir/user/libraries/Adafruit_microbit_Library/Adafruit_Microbit.cpp:119:7: error: &#39;matrix_buffer&#39; was not declared in this scope
       matrix_buffer[r][c] = 0;
       ^~~~~~~~~~~~~
/Users/alranel/Documents/git/arduino/arduino-testlib/cli-datadir/user/libraries/Adafruit_microbit_Library/Adafruit_Microbit.cpp:119:7: note: suggested alternative: &#39;setbuffer&#39;
       matrix_buffer[r][c] = 0;
       ^~~~~~~~~~~~~
       setbuffer
/Users/alranel/Documents/git/arduino/arduino-testlib/cli-datadir/user/libraries/Adafruit_microbit_Library/Adafruit_Microbit.cpp: In member function &#39;void Adafruit_Microbit_Matrix::rowHandler()&#39;:
/Users/alranel/Documents/git/arduino/arduino-testlib/cli-datadir/user/libraries/Adafruit_microbit_Library/Adafruit_Microbit.cpp:136:16: error: &#39;rowpins&#39; was not declared in this scope
   digitalWrite(rowpins[currentRow], LOW);
                ^~~~~~~
/Users/alranel/Documents/git/arduino/arduino-testlib/cli-datadir/user/libraries/Adafruit_microbit_Library/Adafruit_Microbit.cpp:136:16: note: suggested alternative: &#39;rewind&#39;
   digitalWrite(rowpins[currentRow], LOW);
                ^~~~~~~
                rewind
/Users/alranel/Documents/git/arduino/arduino-testlib/cli-datadir/user/libraries/Adafruit_microbit_Library/Adafruit_Microbit.cpp:137:27: error: &#39;MATRIX_COLS&#39; was not declared in this scope
   for (uint8_t c = 0; c &lt; MATRIX_COLS; c&#43;&#43;) {
                           ^~~~~~~~~~~
/Users/alranel/Documents/git/arduino/arduino-testlib/cli-datadir/user/libraries/Adafruit_microbit_Library/Adafruit_Microbit.cpp:137:27: note: suggested alternative: &#39;HMATRIXB_INSTS&#39;
   for (uint8_t c = 0; c &lt; MATRIX_COLS; c&#43;&#43;) {
                           ^~~~~~~~~~~
                           HMATRIXB_INSTS
/Users/alranel/Documents/git/arduino/arduino-testlib/cli-datadir/user/libraries/Adafruit_microbit_Library/Adafruit_Microbit.cpp:138:18: error: &#39;colpins&#39; was not declared in this scope
     digitalWrite(colpins[c], HIGH);
                  ^~~~~~~
/Users/alranel/Documents/git/arduino/arduino-testlib/cli-datadir/user/libraries/Adafruit_microbit_Library/Adafruit_Microbit.cpp:142:23: error: &#39;MATRIX_ROWS&#39; was not declared in this scope
   if (&#43;&#43;currentRow &gt;= MATRIX_ROWS) {
                       ^~~~~~~~~~~
/Users/alranel/Documents/git/arduino/arduino-testlib/cli-datadir/user/libraries/Adafruit_microbit_Library/Adafruit_Microbit.cpp:142:23: note: suggested alternative: &#39;HMATRIXB_INSTS&#39;
   if (&#43;&#43;currentRow &gt;= MATRIX_ROWS) {
                       ^~~~~~~~~~~
                       HMATRIXB_INSTS
/Users/alranel/Documents/git/arduino/arduino-testlib/cli-datadir/user/libraries/Adafruit_microbit_Library/Adafruit_Microbit.cpp:148:27: error: &#39;MATRIX_COLS&#39; was not declared in this scope
   for (uint8_t c = 0; c &lt; MATRIX_COLS; c&#43;&#43;) {
                           ^~~~~~~~~~~
/Users/alranel/Documents/git/arduino/arduino-testlib/cli-datadir/user/libraries/Adafruit_microbit_Library/Adafruit_Microbit.cpp:148:27: note: suggested alternative: &#39;HMATRIXB_INSTS&#39;
   for (uint8_t c = 0; c &lt; MATRIX_COLS; c&#43;&#43;) {
                           ^~~~~~~~~~~
                           HMATRIXB_INSTS
/Users/alranel/Documents/git/arduino/arduino-testlib/cli-datadir/user/libraries/Adafruit_microbit_Library/Adafruit_Microbit.cpp:149:9: error: &#39;matrix_buffer&#39; was not declared in this scope
     if (matrix_buffer[currentRow][c]) {
         ^~~~~~~~~~~~~
/Users/alranel/Documents/git/arduino/arduino-testlib/cli-datadir/user/libraries/Adafruit_microbit_Library/Adafruit_Microbit.cpp:149:9: note: suggested alternative: &#39;setbuffer&#39;
     if (matrix_buffer[currentRow][c]) {
         ^~~~~~~~~~~~~
         setbuffer
/Users/alranel/Documents/git/arduino/arduino-testlib/cli-datadir/user/libraries/Adafruit_microbit_Library/Adafruit_Microbit.cpp:150:20: error: &#39;colpins&#39; was not declared in this scope
       digitalWrite(colpins[c], LOW); // Change column states for new row
                    ^~~~~~~
/Users/alranel/Documents/git/arduino/arduino-testlib/cli-datadir/user/libraries/Adafruit_microbit_Library/Adafruit_Microbit.cpp: In member function &#39;void Adafruit_Microbit_Matrix::startTimer()&#39;:
/Users/alranel/Documents/git/arduino/arduino-testlib/cli-datadir/user/libraries/Adafruit_microbit_Library/Adafruit_Microbit.cpp:160:3: error: &#39;NRF_TIMER2&#39; was not declared in this scope
   NRF_TIMER2-&gt;MODE = TIMER_MODE_MODE_Timer; // Set the timer in Counter Mode
   ^~~~~~~~~~
/Users/alranel/Documents/git/arduino/arduino-testlib/cli-datadir/user/libraries/Adafruit_microbit_Library/Adafruit_Microbit.cpp:160:3: note: suggested alternative: &#39;PIO_TIMER&#39;
   NRF_TIMER2-&gt;MODE = TIMER_MODE_MODE_Timer; // Set the timer in Counter Mode
   ^~~~~~~~~~
   PIO_TIME</pre>
					
					<h4>examples/timerdemo</h4>
					<p>
						Result: <b>FAIL</b>
					</p>
					<pre class="pre-scrollable">/Users/alranel/Documents/git/arduino/arduino-testlib/cli-datadir/user/libraries/Adafruit_microbit_Library/examples/timerdemo/timerdemo.ino: In function &#39;void start_timer()&#39;:
/Users/alranel/Documents/git/arduino/arduino-testlib/cli-datadir/user/libraries/Adafruit_microbit_Library/examples/timerdemo/timerdemo.ino:11:3: error: &#39;NRF_TIMER2&#39; was not declared in this scope
   NRF_TIMER2-&gt;MODE = TIMER_MODE_MODE_Timer;              // Set the timer in Counter Mode
   ^~~~~~~~~~
/Users/alranel/Documents/git/arduino/arduino-testlib/cli-datadir/user/libraries/Adafruit_microbit_Library/examples/timerdemo/timerdemo.ino:11:3: note: suggested alternative: &#39;PIO_TIMER&#39;
   NRF_TIMER2-&gt;MODE = TIMER_MODE_MODE_Timer;              // Set the timer in Counter Mode
   ^~~~~~~~~~
   PIO_TIMER
/Users/alranel/Documents/git/arduino/arduino-testlib/cli-datadir/user/libraries/Adafruit_microbit_Library/examples/timerdemo/timerdemo.ino:11:22: error: &#39;TIMER_MODE_MODE_Timer&#39; was not declared in this scope
   NRF_TIMER2-&gt;MODE = TIMER_MODE_MODE_Timer;              // Set the timer in Counter Mode
                      ^~~~~~~~~~~~~~~~~~~~~
/Users/alranel/Documents/git/arduino/arduino-testlib/cli-datadir/user/libraries/Adafruit_microbit_Library/examples/timerdemo/timerdemo.ino:14:25: error: &#39;TIMER_BITMODE_BITMODE_16Bit&#39; was not declared in this scope
   NRF_TIMER2-&gt;BITMODE = TIMER_BITMODE_BITMODE_16Bit;     //Set counter to 16 bit resolution
                         ^~~~~~~~~~~~~~~~~~~~~~~~~~~
/Users/alranel/Documents/git/arduino/arduino-testlib/cli-datadir/user/libraries/Adafruit_microbit_Library/examples/timerdemo/timerdemo.ino:19:27: error: &#39;TIMER_INTENSET_COMPARE0_Enabled&#39; was not declared in this scope
   NRF_TIMER2-&gt;INTENSET = (TIMER_INTENSET_COMPARE0_Enabled &lt;&lt; TIMER_INTENSET_COMPARE0_Pos) | (TIMER_INTENSET_COMPARE1_Enabled &lt;&lt; TIMER_INTENSET_COMPARE1_Pos);
                           ^~~~~~~~~~~~~~~~~~~~~~~~~~~~~~~
/Users/alranel/Documents/git/arduino/arduino-testlib/cli-datadir/user/libraries/Adafruit_microbit_Library/examples/timerdemo/timerdemo.ino:19:27: note: suggested alternative: &#39;AC_INTENSET_COMP0_Pos&#39;
   NRF_TIMER2-&gt;INTENSET = (TIMER_INTENSET_COMPARE0_Enabled &lt;&lt; TIMER_INTENSET_COMPARE0_Pos) | (TIMER_INTENSET_COMPARE1_Enabled &lt;&lt; TIMER_INTENSET_COMPARE1_Pos);
                           ^~~~~~~~~~~~~~~~~~~~~~~~~~~~~~~
                           AC_INTENSET_COMP0_Pos
/Users/alranel/Documents/git/arduino/arduino-testlib/cli-datadir/user/libraries/Adafruit_microbit_Library/examples/timerdemo/timerdemo.ino:19:62: error: &#39;TIMER_INTENSET_COMPARE0_Pos&#39; was not declared in this scope
   NRF_TIMER2-&gt;INTENSET = (TIMER_INTENSET_COMPARE0_Enabled &lt;&lt; TIMER_INTENSET_COMPARE0_Pos) | (TIMER_INTENSET_COMPARE1_Enabled &lt;&lt; TIMER_INTENSET_COMPARE1_Pos);
                                                              ^~~~~~~~~~~~~~~~~~~~~~~~~~~
/Users/alranel/Documents/git/arduino/arduino-testlib/cli-datadir/user/libraries/Adafruit_microbit_Library/examples/timerdemo/timerdemo.ino:19:62: note: suggested alternative: &#39;AC_INTENSET_COMP0_Pos&#39;
   NRF_TIMER2-&gt;INTENSET = (TIMER_INTENSET_COMPARE0_Enabled &lt;&lt; TIMER_INTENSET_COMPARE0_Pos) | (TIMER_INTENSET_COMPARE1_Enabled &lt;&lt; TIMER_INTENSET_COMPARE1_Pos);
                                                              ^~~~~~~~~~~~~~~~~~~~~~~~~~~
                                                              AC_INTENSET_COMP0_Pos
/Users/alranel/Documents/git/arduino/arduino-testlib/cli-datadir/user/libraries/Adafruit_microbit_Library/examples/timerdemo/timerdemo.ino:19:94: error: &#39;TIMER_INTENSET_COMPARE1_Enabled&#39; was not declared in this scope
   NRF_TIMER2-&gt;INTENSET = (TIMER_INTENSET_COMPARE0_Enabled &lt;&lt; TIMER_INTENSET_COMPARE0_Pos) | (TIMER_INTENSET_COMPARE1_Enabled &lt;&lt; TIMER_INTENSET_COMPARE1_Pos);
                                                                                              ^~~~~~~~~~~~~~~~~~~~~~~~~~~~~~~
/Users/alranel/Documents/git/arduino/arduino-testlib/cli-datadir/user/libraries/Adafruit_microbit_Library/examples/timerdemo/timerdemo.ino:19:94: note: suggested alternative: &#39;AC_INTENSET_COMP1_Pos&#39;
   NRF_TIMER2-&gt;INTENSET = (TIMER_INTENSET_COMPARE0_Enabled &lt;&lt; TIMER_INTENSET_COMPARE0_Pos) | (TIMER_INTENSET_COMPARE1_Enabled &lt;&lt; TIMER_INTENSET_COMPARE1_Pos);
                                                                                              ^~~~~~~~~~~~~~~~~~~~~~~~~~~~~~~
                                                                                              AC_INTENSET_COMP1_Pos
/Users/alranel/Documents/git/arduino/arduino-testlib/cli-datadir/user/libraries/Adafruit_microbit_Library/examples/timerdemo/timerdemo.ino:19:129: error: &#39;TIMER_INTENSET_COMPARE1_Pos&#39; was not declared in this scope
   NRF_TIMER2-&gt;INTENSET = (TIMER_INTENSET_COMPARE0_Enabled &lt;&lt; TIMER_INTENSET_COMPARE0_Pos) | (TIMER_INTENSET_COMPARE1_Enabled &lt;&lt; TIMER_INTENSET_COMPARE1_Pos);
                                                                                                                                 ^~~~~~~~~~~~~~~~~~~~~~~~~~~
/Users/alranel/Documents/git/arduino/arduino-testlib/cli-datadir/user/libraries/Adafruit_microbit_Library/examples/timerdemo/timerdemo.ino:19:129: note: suggested alternative: &#39;AC_INTENSET_COMP1_Pos&#39;
   NRF_TIMER2-&gt;INTENSET = (TIMER_INTENSET_COMPARE0_Enabled &lt;&lt; TIMER_INTENSET_COMPARE0_Pos) | (TIMER_INTENSET_COMPARE1_Enabled &lt;&lt; TIMER_INTENSET_COMPARE1_Pos);
                                                                                                                                 ^~~~~~~~~~~~~~~~~~~~~~~~~~~
                                                                                                                                 AC_INTENSET_COMP1_Pos
/Users/alranel/Documents/git/arduino/arduino-testlib/cli-datadir/user/libraries/Adafruit_microbit_Library/examples/timerdemo/timerdemo.ino:20:18: error: &#39;TIMER2_IRQn&#39; was not declared in this scope
   NVIC_EnableIRQ(TIMER2_IRQn);
                  ^~~~~~~~~~~
/Users/alranel/Documents/git/arduino/arduino-testlib/cli-datadir/user/libraries/Adafruit_microbit_Library/examples/timerdemo/timerdemo.ino:20:18: note: suggested alternative: &#39;TCC2_IRQn&#39;
   NVIC_EnableIRQ(TIMER2_IRQn);
                  ^~~~~~~~~~~
                  TCC2_IRQn
/Users/alranel/Documents/git/arduino/arduino-testlib/cli-datadir/user/libraries/Adafruit_microbit_Library/examples/timerdemo/timerdemo.ino: In function &#39;void timer_pal()&#39;:
/Users/alranel/Documents/git/arduino/arduino-testlib/cli-datadir/user/libraries/Adafruit_microbit_Library/examples/timerdemo/timerdemo.ino:32:8: error: &#39;NRF_TIMER2&#39; was not declared in this scope
   if ((NRF_TIMER2-&gt;EVENTS_COMPARE[0] != 0) &amp;&amp; ((NRF_TIMER2-&gt;INTENSET &amp; TIMER_INTENSET_COMPARE0_Msk) != 0))
        ^~~~~~~~~~
/Users/alranel/Documents/git/arduino/arduino-testlib/cli-datadir/user/libraries/Adafruit_microbit_Library/examples/timerdemo/timerdemo.ino:32:8: note: suggested alternative: &#39;PIO_TIMER&#39;
   if ((NRF_TIMER2-&gt;EVENTS_COMPARE[0] != 0) &amp;&amp; ((NRF_TIMER2-&gt;INTENSET &amp; TIMER_INTENSET_COMPARE0_Msk) != 0))
        ^~~~~~~~~~
        PIO_TIMER
/Users/alranel/Documents/git/arduino/arduino-testlib/cli-datadir/user/libraries/Adafruit_microbit_Library/examples/timerdemo/timerdemo.ino:32:72: error: &#39;TIMER_INTENSET_COMPARE0_Msk&#39; was not declared in this scope
   if ((NRF_TIMER2-&gt;EVENTS_COMPARE[0] != 0) &amp;&amp; ((NRF_TIMER2-&gt;INTENSET &amp; TIMER_INTENSET_COMPARE0_Msk) != 0))
                                                                        ^~~~~~~~~~~~~~~~~~~~~~~~~~~
/Users/alranel/Documents/git/arduino/arduino-testlib/cli-datadir/user/libraries/Adafruit_microbit_Library/examples/timerdemo/timerdemo.ino:32:72: note: suggested alternative: &#39;AC_INTENSET_COMP_Msk&#39;
   if ((NRF_TIMER2-&gt;EVENTS_COMPARE[0] != 0) &amp;&amp; ((NRF_TIMER2-&gt;INTENSET &amp; TIMER_INTENSET_COMPARE0_Msk) != 0))
                                                                        ^~~~~~~~~~~~~~~~~~~~~~~~~~~
                                                                        AC_INTENSET_COMP_Msk
/Users/alranel/Documents/git/arduino/arduino-testlib/cli-datadir/user/libraries/Adafruit_microbit_Library/examples/timerdemo/timerdemo.ino:38:8: error: &#39;NRF_TIMER2&#39; was not declared in this scope
   if ((NRF_TIMER2-&gt;EVENTS_COMPARE[1] != 0) &amp;&amp; ((NRF_TIMER2-&gt;INTENSET &amp; TIMER_INTENSET_COMPARE1_Msk) != 0))
        ^~~~~~~~~~
/Users/alranel/Documents/git/arduino/arduino-testlib/cli-datadir/user/libraries/Adafruit_microbit_Library/examples/timerdemo/timerdemo.ino:38:8: note: suggested alternative: &#39;PIO_TIMER&#39;
   if ((NRF_TIMER2-&gt;EVENTS_COMPARE[1] != 0) &amp;&amp; ((NRF_TIMER2-&gt;INTENSET &amp; TIMER_INTENSET_COMPARE1_Msk) != 0))
        ^~~~~~~~~~
        PIO_TIMER
/Users/alranel/Documents/git/arduino/arduino-testlib/cli-datadir/user/libraries/Adafruit_microbit_Library/examples/timerdemo/timerdemo.ino:38:72: error: &#39;TIMER_INTENSET_COMPARE1_Msk&#39; was not declared in this scope
   if ((NRF_TIMER2-&gt;EVENTS_COMPARE[1] != 0) &amp;&amp; ((NRF_TIMER2-&gt;INTENSET &amp; TIMER_INTENSET_COMPARE1_Msk) != 0))
                                                                        ^~~~~~~~~~~~~~~~~~~~~~~~~~~
/Users/alranel/Documents/git/arduino/arduino-testlib/cli-datadir/user/libraries/Adafruit_microbit_Library/examples/timerdemo/timerdemo.ino:38:72: note: suggested alternative: &#39;AC_INTENSET_COMP_Msk&#39;
   if ((NRF_TIMER2-&gt;EVENTS_COMPARE[1] != 0) &amp;&amp; ((NRF_TIMER2-&gt;INTENSET &amp; TIMER_INTENSET_COMPARE1_Msk) != 0))
                                                                        ^~~~~~~~~~~~~~~~~~~~~~~~~~~
                                                                        AC_INTENSET_COMP_Msk

</pre>
					
				
				<h3 id="esp32:esp32:d1_mini32">esp32:esp32:d1_mini32 @ 1.0.6</h3>
				<h4>Inclusion</h4>
				<p>
					Result: <b>FAIL</b>
					
					<br />This library has no main header file so an empty one was created.
					
				</p>
				<pre class="pre-scrollable">/tmp/arduino-testlib1706980340/test/test.ino:1:39: fatal error: Adafruit_microbit_Library.h: No such file or directory
compilation terminated.

</pre>

					
					<h4>examples/accelerometer_MMA8653</h4>
					<p>
						Result: <b>FAIL</b>
					</p>
					<pre class="pre-scrollable">WARNING: library MMA8653 claims to run on avr, megaavr, sam, samd, nRF5, nrf51, nrf52, stm32f4, mbed architecture(s) and may be incompatible with your current board which runs on esp32 architecture(s).
/home/ec2-user/arduino-testlib/cli-datadir/user/libraries/Adafruit_microbit_Library/examples/accelerometer_MMA8653/accelerometer_MMA8653.ino: In function &#39;void setup()&#39;:
/home/ec2-user/arduino-testlib/cli-datadir/user/libraries/Adafruit_microbit_Library/examples/accelerometer_MMA8653/accelerometer_MMA8653.ino:27:23: error: no matching function for call to &#39;MMA8653::begin(bool, int)&#39;
   accel.begin(false, 2); // 8-bit mode, 2g range
                       ^
In file included from /home/ec2-user/arduino-testlib/cli-datadir/user/libraries/Adafruit_microbit_Library/examples/accelerometer_MMA8653/accelerometer_MMA8653.ino:18:0:
/home/ec2-user/arduino-testlib/cli-datadir/user/libraries/MMA8653/src/MMA8653.h:201:10: note: candidate: void MMA8653::begin()
     void begin();
          ^
/home/ec2-user/arduino-testlib/cli-datadir/user/libraries/MMA8653/src/MMA8653.h:201:10: note:   candidate expects 0 arguments, 2 provided
/home/ec2-user/arduino-testlib/cli-datadir/user/libraries/Adafruit_microbit_Library/examples/accelerometer_MMA8653/accelerometer_MMA8653.ino: In function &#39;void loop()&#39;:
/home/ec2-user/arduino-testlib/cli-datadir/user/libraries/Adafruit_microbit_Library/examples/accelerometer_MMA8653/accelerometer_MMA8653.ino:32:9: error: &#39;class MMA8653&#39; has no member named &#39;update&#39;
   accel.update();
         ^
/home/ec2-user/arduino-testlib/cli-datadir/user/libraries/Adafruit_microbit_Library/examples/accelerometer_MMA8653/accelerometer_MMA8653.ino:33:29: error: &#39;class MMA8653&#39; has no member named &#39;getX&#39;
   Serial.print((float)accel.getX() * 0.0156);    Serial.print(&#34; , &#34;);
                             ^
/home/ec2-user/arduino-testlib/cli-datadir/user/libraries/Adafruit_microbit_Library/examples/accelerometer_MMA8653/accelerometer_MMA8653.ino:34:29: error: &#39;class MMA8653&#39; has no member named &#39;getY&#39;
   Serial.print((float)accel.getY() * 0.0156);    Serial.print(&#34;, &#34;);
                             ^
/home/ec2-user/arduino-testlib/cli-datadir/user/libraries/Adafruit_microbit_Library/examples/accelerometer_MMA8653/accelerometer_MMA8653.ino:35:31: error: &#39;class MMA8653&#39; has no member named &#39;getZ&#39;
   Serial.println((float)accel.getZ() * 0.0156);
                               ^

</pre>
					
					<h4>examples/ble_controller</h4>
					<p>
						Result: <b>FAIL</b>
					</p>
					<pre class="pre-scrollable">
</pre>
					
					<h4>examples/ble_dietemp</h4>
					<p>
						Result: <b>FAIL</b>
					</p>
					<pre class="pre-scrollable">In file included from /home/ec2-user/arduino-testlib/cli-datadir/user/libraries/Adafruit_microbit_Library/examples/ble_dietemp/ble_dietemp.ino:3:0:
/home/ec2-user/arduino-testlib/cli-datadir/user/libraries/Adafruit_microbit_Library/Adafruit_Microbit.h:34:8: error: &#39;void Adafruit_Microbit_Matrix::print(int)&#39; cannot be overloaded
   void print(int i);
        ^
/home/ec2-user/arduino-testlib/cli-datadir/user/libraries/Adafruit_microbit_Library/Adafruit_Microbit.h:33:8: error: with &#39;void Adafruit_Microbit_Matrix::print(int32_t)&#39;
   void print(int32_t i);
        ^
/home/ec2-user/arduino-testlib/cli-datadir/user/libraries/Adafruit_microbit_Library/examples/ble_dietemp/ble_dietemp.ino: In function &#39;void setup()&#39;:
/home/ec2-user/arduino-testlib/cli-datadir/user/libraries/Adafruit_microbit_Library/examples/ble_dietemp/ble_dietemp.ino:13:12: error: &#39;class Adafruit_Microbit&#39; has no member named &#39;BTLESerial&#39;
   microbit.BTLESerial.setLocalName(&#34;microbit&#34;);
            ^
/home/ec2-user/arduino-testlib/cli-datadir/user/libraries/Adafruit_microbit_Library/examples/ble_dietemp/ble_dietemp.ino:14:12: error: &#39;class Adafruit_Microbit&#39; has no member named &#39;BTLESerial&#39;
   microbit.BTLESerial.begin();
            ^
/home/ec2-user/arduino-testlib/cli-datadir/user/libraries/Adafruit_microbit_Library/examples/ble_dietemp/ble_dietemp.ino: In function &#39;void loop()&#39;:
/home/ec2-user/arduino-testlib/cli-datadir/user/libraries/Adafruit_microbit_Library/examples/ble_dietemp/ble_dietemp.ino:23:12: error: &#39;class Adafruit_Microbit&#39; has no member named &#39;BTLESerial&#39;
   microbit.BTLESerial.poll();
            ^
/home/ec2-user/arduino-testlib/cli-datadir/user/libraries/Adafruit_microbit_Library/examples/ble_dietemp/ble_dietemp.ino:30:23: error: &#39;class Adafruit_Microbit&#39; has no member named &#39;getDieTemp&#39;
       temp = microbit.getDieTemp();
                       ^
/home/ec2-user/arduino-testlib/cli-datadir/user/libraries/Adafruit_microbit_Library/examples/ble_dietemp/ble_dietemp.ino:41:12: error: &#39;class Adafruit_Microbit&#39; has no member named &#39;BTLESerial&#39;
   microbit.BTLESerial.println(avgtemp);
            ^

</pre>
					
					<h4>examples/ble_plotterdemo</h4>
					<p>
						Result: <b>FAIL</b>
					</p>
					<pre class="pre-scrollable">WARNING: library MMA8653 claims to run on avr, megaavr, sam, samd, nRF5, nrf51, nrf52, stm32f4, mbed architecture(s) and may be incompatible with your current board which runs on esp32 architecture(s).
In file included from /home/ec2-user/arduino-testlib/cli-datadir/user/libraries/Adafruit_microbit_Library/examples/ble_plotterdemo/ble_plotterdemo.ino:6:0:
/home/ec2-user/arduino-testlib/cli-datadir/user/libraries/Adafruit_microbit_Library/Adafruit_Microbit.h:34:8: error: &#39;void Adafruit_Microbit_Matrix::print(int)&#39; cannot be overloaded
   void print(int i);
        ^
/home/ec2-user/arduino-testlib/cli-datadir/user/libraries/Adafruit_microbit_Library/Adafruit_Microbit.h:33:8: error: with &#39;void Adafruit_Microbit_Matrix::print(int32_t)&#39;
   void print(int32_t i);
        ^
/home/ec2-user/arduino-testlib/cli-datadir/user/libraries/Adafruit_microbit_Library/examples/ble_plotterdemo/ble_plotterdemo.ino: In function &#39;void setup()&#39;:
/home/ec2-user/arduino-testlib/cli-datadir/user/libraries/Adafruit_microbit_Library/examples/ble_plotterdemo/ble_plotterdemo.ino:19:23: error: no matching function for call to &#39;MMA8653::begin(bool, int)&#39;
   accel.begin(false, 2); // 8-bit mode, 2g range
                       ^
In file included from /home/ec2-user/arduino-testlib/cli-datadir/user/libraries/Adafruit_microbit_Library/examples/ble_plotterdemo/ble_plotterdemo.ino:9:0:
/home/ec2-user/arduino-testlib/cli-datadir/user/libraries/MMA8653/src/MMA8653.h:201:10: note: candidate: void MMA8653::begin()
     void begin();
          ^
/home/ec2-user/arduino-testlib/cli-datadir/user/libraries/MMA8653/src/MMA8653.h:201:10: note:   candidate expects 0 arguments, 2 provided
/home/ec2-user/arduino-testlib/cli-datadir/user/libraries/Adafruit_microbit_Library/examples/ble_plotterdemo/ble_plotterdemo.ino:22:12: error: &#39;class Adafruit_Microbit&#39; has no member named &#39;BTLESerial&#39;
   microbit.BTLESerial.setLocalName(&#34;microbit&#34;);
            ^
/home/ec2-user/arduino-testlib/cli-datadir/user/libraries/Adafruit_microbit_Library/examples/ble_plotterdemo/ble_plotterdemo.ino:23:12: error: &#39;class Adafruit_Microbit&#39; has no member named &#39;BTLESerial&#39;
   microbit.BTLESerial.begin();
            ^
/home/ec2-user/arduino-testlib/cli-datadir/user/libraries/Adafruit_microbit_Library/examples/ble_plotterdemo/ble_plotterdemo.ino: In function &#39;void loop()&#39;:
/home/ec2-user/arduino-testlib/cli-datadir/user/libraries/Adafruit_microbit_Library/examples/ble_plotterdemo/ble_plotterdemo.ino:30:12: error: &#39;class Adafruit_Microbit&#39; has no member named &#39;BTLESerial&#39;
   microbit.BTLESerial.poll();
            ^
/home/ec2-user/arduino-testlib/cli-datadir/user/libraries/Adafruit_microbit_Library/examples/ble_plotterdemo/ble_plotterdemo.ino:32:9: error: &#39;class MMA8653&#39; has no member named &#39;update&#39;
   accel.update();
         ^
/home/ec2-user/arduino-testlib/cli-datadir/user/libraries/Adafruit_microbit_Library/examples/ble_plotterdemo/ble_plotterdemo.ino:35:22: error: &#39;class MMA8653&#39; has no member named &#39;getX&#39;
   Serial.print(accel.getX());    Serial.print(&#34;, &#34;);
                      ^
/home/ec2-user/arduino-testlib/cli-datadir/user/libraries/Adafruit_microbit_Library/examples/ble_plotterdemo/ble_plotterdemo.ino:36:22: error: &#39;class MMA8653&#39; has no member named &#39;getY&#39;
   Serial.print(accel.getY());    Serial.print(&#34;, &#34;);
                      ^
/home/ec2-user/arduino-testlib/cli-datadir/user/libraries/Adafruit_microbit_Library/examples/ble_plotterdemo/ble_plotterdemo.ino:37:24: error: &#39;class MMA8653&#39; has no member named &#39;getZ&#39;
   Serial.println(accel.getZ());
                        ^
/home/ec2-user/arduino-testlib/cli-datadir/user/libraries/Adafruit_microbit_Library/examples/ble_plotterdemo/ble_plotterdemo.ino:40:12: error: &#39;class Adafruit_Microbit&#39; has no member named &#39;BTLESerial&#39;
   microbit.BTLESerial.print(accel.getX());   
            ^
/home/ec2-user/arduino-testlib/cli-datadir/user/libraries/Adafruit_microbit_Library/examples/ble_plotterdemo/ble_plotterdemo.ino:40:35: error: &#39;class MMA8653&#39; has no member named &#39;getX&#39;
   microbit.BTLESerial.print(accel.getX());   
                                   ^
/home/ec2-user/arduino-testlib/cli-datadir/user/libraries/Adafruit_microbit_Library/examples/ble_plotterdemo/ble_plotterdemo.ino:41:12: error: &#39;class Adafruit_Microbit&#39; has no member named &#39;BTLESerial&#39;
   microbit.BTLESerial.print(&#34;,&#34;);
            ^
/home/ec2-user/arduino-testlib/cli-datadir/user/libraries/Adafruit_microbit_Library/examples/ble_plotterdemo/ble_plotterdemo.ino:42:12: error: &#39;class Adafruit_Microbit&#39; has no member named &#39;BTLESerial&#39;
   microbit.BTLESerial.print(accel.getY());   
            ^
/home/ec2-user/arduino-testlib/cli-datadir/user/libraries/Adafruit_microbit_Library/examples/ble_plotterdemo/ble_plotterdemo.ino:42:35: error: &#39;class MMA8653&#39; has no member named &#39;getY&#39;
   microbit.BTLESerial.print(accel.getY());   
                                   ^
/home/ec2-user/arduino-testlib/cli-datadir/user/libraries/Adafruit_microbit_Library/examples/ble_plotterdemo/ble_plotterdemo.ino:43:12: error: &#39;class Adafruit_Microbit&#39; has no member named &#39;BTLESerial&#39;
   microbit.BTLESerial.print(&#34;,&#34;);
            ^
/home/ec2-user/arduino-testlib/cli-datadir/user/libraries/Adafruit_microbit_Library/examples/ble_plotterdemo/ble_plotterdemo.ino:44:12: error: &#39;class Adafruit_Microbit&#39; has no member named &#39;BTLESerial&#39;
   microbit.BTLESerial.println(accel.getZ());
            ^
/home/ec2-user/arduino-testlib/cli-datadir/user/libraries/Adafruit_microbit_Library/examples/ble_plotterdemo/ble_plotterdemo.ino:44:37: error: &#39;class MMA8653&#39; has no member named &#39;getZ&#39;
   microbit.BTLESerial.println(accel.getZ());
                                     ^

</pre>
					
					<h4>examples/ble_uartdemo</h4>
					<p>
						Result: <b>FAIL</b>
					</p>
					<pre class="pre-scrollable">In file included from /home/ec2-user/arduino-testlib/cli-datadir/user/libraries/Adafruit_microbit_Library/examples/ble_uartdemo/ble_uartdemo.ino:17:0:
/home/ec2-user/arduino-testlib/cli-datadir/user/libraries/Adafruit_microbit_Library/Adafruit_Microbit.h:34:8: error: &#39;void Adafruit_Microbit_Matrix::print(int)&#39; cannot be overloaded
   void print(int i);
        ^
/home/ec2-user/arduino-testlib/cli-datadir/user/libraries/Adafruit_microbit_Library/Adafruit_Microbit.h:33:8: error: with &#39;void Adafruit_Microbit_Matrix::print(int32_t)&#39;
   void print(int32_t i);
        ^
/home/ec2-user/arduino-testlib/cli-datadir/user/libraries/Adafruit_microbit_Library/examples/ble_uartdemo/ble_uartdemo.ino: In function &#39;void setup()&#39;:
/home/ec2-user/arduino-testlib/cli-datadir/user/libraries/Adafruit_microbit_Library/examples/ble_uartdemo/ble_uartdemo.ino:27:12: error: &#39;class Adafruit_Microbit&#39; has no member named &#39;BTLESerial&#39;
   microbit.BTLESerial.setLocalName(&#34;microbit&#34;);
            ^
/home/ec2-user/arduino-testlib/cli-datadir/user/libraries/Adafruit_microbit_Library/examples/ble_uartdemo/ble_uartdemo.ino:28:12: error: &#39;class Adafruit_Microbit&#39; has no member named &#39;BTLESerial&#39;
   microbit.BTLESerial.begin();
            ^
/home/ec2-user/arduino-testlib/cli-datadir/user/libraries/Adafruit_microbit_Library/examples/ble_uartdemo/ble_uartdemo.ino: In function &#39;void loop()&#39;:
/home/ec2-user/arduino-testlib/cli-datadir/user/libraries/Adafruit_microbit_Library/examples/ble_uartdemo/ble_uartdemo.ino:35:12: error: &#39;class Adafruit_Microbit&#39; has no member named &#39;BTLESerial&#39;
   microbit.BTLESerial.poll();
            ^
/home/ec2-user/arduino-testlib/cli-datadir/user/libraries/Adafruit_microbit_Library/examples/ble_uartdemo/ble_uartdemo.ino: In function &#39;void forward()&#39;:
/home/ec2-user/arduino-testlib/cli-datadir/user/libraries/Adafruit_microbit_Library/examples/ble_uartdemo/ble_uartdemo.ino:45:16: error: &#39;class Adafruit_Microbit&#39; has no member named &#39;BTLESerial&#39;
   if (microbit.BTLESerial &amp;&amp; Serial) {
                ^
/home/ec2-user/arduino-testlib/cli-datadir/user/libraries/Adafruit_microbit_Library/examples/ble_uartdemo/ble_uartdemo.ino:47:18: error: &#39;class Adafruit_Microbit&#39; has no member named &#39;BTLESerial&#39;
     if (microbit.BTLESerial.available()) {
                  ^
/home/ec2-user/arduino-testlib/cli-datadir/user/libraries/Adafruit_microbit_Library/examples/ble_uartdemo/ble_uartdemo.ino:48:29: error: &#39;class Adafruit_Microbit&#39; has no member named &#39;BTLESerial&#39;
       Serial.write(microbit.BTLESerial.read());
                             ^
/home/ec2-user/arduino-testlib/cli-datadir/user/libraries/Adafruit_microbit_Library/examples/ble_uartdemo/ble_uartdemo.ino:59:16: error: &#39;class Adafruit_Microbit&#39; has no member named &#39;BTLESerial&#39;
       microbit.BTLESerial.write(buffer, idx);
                ^
/home/ec2-user/arduino-testlib/cli-datadir/user/libraries/Adafruit_microbit_Library/examples/ble_uartdemo/ble_uartdemo.ino: In function &#39;void loopback()&#39;:
/home/ec2-user/arduino-testlib/cli-datadir/user/libraries/Adafruit_microbit_Library/examples/ble_uartdemo/ble_uartdemo.ino:67:16: error: &#39;class Adafruit_Microbit&#39; has no member named &#39;BTLESerial&#39;
   if (microbit.BTLESerial) {
                ^
/home/ec2-user/arduino-testlib/cli-datadir/user/libraries/Adafruit_microbit_Library/examples/ble_uartdemo/ble_uartdemo.ino:69:29: error: &#39;class Adafruit_Microbit&#39; has no member named &#39;BTLESerial&#39;
     while ((byte = microbit.BTLESerial.read()) &gt; 0) {
                             ^
/home/ec2-user/arduino-testlib/cli-datadir/user/libraries/Adafruit_microbit_Library/examples/ble_uartdemo/ble_uartdemo.ino:70:18: error: &#39;class Adafruit_Microbit&#39; has no member named &#39;BTLESerial&#39;
         microbit.BTLESerial.write(byte);
                  ^
/home/ec2-user/arduino-testlib/cli-datadir/user/libraries/Adafruit_microbit_Library/examples/ble_uartdemo/ble_uartdemo.ino: In function &#39;void spam()&#39;:
/home/ec2-user/arduino-testlib/cli-datadir/user/libraries/Adafruit_microbit_Library/examples/ble_uartdemo/ble_uartdemo.ino:77:16: error: &#39;class Adafruit_Microbit&#39; has no member named &#39;BTLESerial&#39;
   if (microbit.BTLESerial) {
                ^
/home/ec2-user/arduino-testlib/cli-datadir/user/libraries/Adafruit_microbit_Library/examples/ble_uartdemo/ble_uartdemo.ino:78:14: error: &#39;class Adafruit_Microbit&#39; has no member named &#39;BTLESerial&#39;
     microbit.BTLESerial.print(millis());
              ^
/home/ec2-user/arduino-testlib/cli-datadir/user/libraries/Adafruit_microbit_Library/examples/ble_uartdemo/ble_uartdemo.ino:79:14: error: &#39;class Adafruit_Microbit&#39; has no member named &#39;BTLESerial&#39;
     microbit.BTLESerial.println(&#34; tick-tacks!&#34;);
              ^

</pre>
					
					<h4>examples/blinkdemo</h4>
					<p>
						Result: <b>PASS</b>
					</p>
					<pre class="pre-scrollable">Sketch uses 204658 bytes (15%) of program storage space. Maximum is 1310720 bytes.
Global variables use 13416 bytes (4%) of dynamic memory, leaving 314264 bytes for local variables. Maximum is 327680 bytes.
</pre>
					
					<h4>examples/buttondemo</h4>
					<p>
						Result: <b>FAIL</b>
					</p>
					<pre class="pre-scrollable">/home/ec2-user/arduino-testlib/cli-datadir/user/libraries/Adafruit_microbit_Library/examples/buttondemo/buttondemo.ino: In function &#39;void setup()&#39;:
/home/ec2-user/arduino-testlib/cli-datadir/user/libraries/Adafruit_microbit_Library/examples/buttondemo/buttondemo.ino:6:11: error: &#39;PIN_BUTTON_A&#39; was not declared in this scope
   pinMode(PIN_BUTTON_A, INPUT);
           ^
/home/ec2-user/arduino-testlib/cli-datadir/user/libraries/Adafruit_microbit_Library/examples/buttondemo/buttondemo.ino:7:11: error: &#39;PIN_BUTTON_B&#39; was not declared in this scope
   pinMode(PIN_BUTTON_B, INPUT);
           ^
/home/ec2-user/arduino-testlib/cli-datadir/user/libraries/Adafruit_microbit_Library/examples/buttondemo/buttondemo.ino: In function &#39;void loop()&#39;:
/home/ec2-user/arduino-testlib/cli-datadir/user/libraries/Adafruit_microbit_Library/examples/buttondemo/buttondemo.ino:11:21: error: &#39;PIN_BUTTON_A&#39; was not declared in this scope
   if (! digitalRead(PIN_BUTTON_A)) {
                     ^
/home/ec2-user/arduino-testlib/cli-datadir/user/libraries/Adafruit_microbit_Library/examples/buttondemo/buttondemo.ino:14:21: error: &#39;PIN_BUTTON_B&#39; was not declared in this scope
   if (! digitalRead(PIN_BUTTON_B)) {
                     ^

</pre>
					
					<h4>examples/matrixdemo</h4>
					<p>
						Result: <b>FAIL</b>
					</p>
					<pre class="pre-scrollable">In file included from /home/ec2-user/arduino-testlib/cli-datadir/user/libraries/Adafruit_microbit_Library/examples/matrixdemo/matrixdemo.ino:6:0:
/home/ec2-user/arduino-testlib/cli-datadir/user/libraries/Adafruit_microbit_Library/Adafruit_Microbit.h:34:8: error: &#39;void Adafruit_Microbit_Matrix::print(int)&#39; cannot be overloaded
   void print(int i);
        ^
/home/ec2-user/arduino-testlib/cli-datadir/user/libraries/Adafruit_microbit_Library/Adafruit_Microbit.h:33:8: error: with &#39;void Adafruit_Microbit_Matrix::print(int32_t)&#39;
   void print(int32_t i);
        ^

</pre>
					
					<h4>examples/timerdemo</h4>
					<p>
						Result: <b>FAIL</b>
					</p>
					<pre class="pre-scrollable">/home/ec2-user/arduino-testlib/cli-datadir/user/libraries/Adafruit_microbit_Library/examples/timerdemo/timerdemo.ino: In function &#39;void start_timer()&#39;:
/home/ec2-user/arduino-testlib/cli-datadir/user/libraries/Adafruit_microbit_Library/examples/timerdemo/timerdemo.ino:11:3: error: &#39;NRF_TIMER2&#39; was not declared in this scope
   NRF_TIMER2-&gt;MODE = TIMER_MODE_MODE_Timer;              // Set the timer in Counter Mode
   ^
/home/ec2-user/arduino-testlib/cli-datadir/user/libraries/Adafruit_microbit_Library/examples/timerdemo/timerdemo.ino:11:22: error: &#39;TIMER_MODE_MODE_Timer&#39; was not declared in this scope
   NRF_TIMER2-&gt;MODE = TIMER_MODE_MODE_Timer;              // Set the timer in Counter Mode
                      ^
/home/ec2-user/arduino-testlib/cli-datadir/user/libraries/Adafruit_microbit_Library/examples/timerdemo/timerdemo.ino:14:25: error: &#39;TIMER_BITMODE_BITMODE_16Bit&#39; was not declared in this scope
   NRF_TIMER2-&gt;BITMODE = TIMER_BITMODE_BITMODE_16Bit;     //Set counter to 16 bit resolution
                         ^
/home/ec2-user/arduino-testlib/cli-datadir/user/libraries/Adafruit_microbit_Library/examples/timerdemo/timerdemo.ino:19:27: error: &#39;TIMER_INTENSET_COMPARE0_Enabled&#39; was not declared in this scope
   NRF_TIMER2-&gt;INTENSET = (TIMER_INTENSET_COMPARE0_Enabled &lt;&lt; TIMER_INTENSET_COMPARE0_Pos) | (TIMER_INTENSET_COMPARE1_Enabled &lt;&lt; TIMER_INTENSET_COMPARE1_Pos);
                           ^
/home/ec2-user/arduino-testlib/cli-datadir/user/libraries/Adafruit_microbit_Library/examples/timerdemo/timerdemo.ino:19:62: error: &#39;TIMER_INTENSET_COMPARE0_Pos&#39; was not declared in this scope
   NRF_TIMER2-&gt;INTENSET = (TIMER_INTENSET_COMPARE0_Enabled &lt;&lt; TIMER_INTENSET_COMPARE0_Pos) | (TIMER_INTENSET_COMPARE1_Enabled &lt;&lt; TIMER_INTENSET_COMPARE1_Pos);
                                                              ^
/home/ec2-user/arduino-testlib/cli-datadir/user/libraries/Adafruit_microbit_Library/examples/timerdemo/timerdemo.ino:19:94: error: &#39;TIMER_INTENSET_COMPARE1_Enabled&#39; was not declared in this scope
   NRF_TIMER2-&gt;INTENSET = (TIMER_INTENSET_COMPARE0_Enabled &lt;&lt; TIMER_INTENSET_COMPARE0_Pos) | (TIMER_INTENSET_COMPARE1_Enabled &lt;&lt; TIMER_INTENSET_COMPARE1_Pos);
                                                                                              ^
/home/ec2-user/arduino-testlib/cli-datadir/user/libraries/Adafruit_microbit_Library/examples/timerdemo/timerdemo.ino:19:129: error: &#39;TIMER_INTENSET_COMPARE1_Pos&#39; was not declared in this scope
   NRF_TIMER2-&gt;INTENSET = (TIMER_INTENSET_COMPARE0_Enabled &lt;&lt; TIMER_INTENSET_COMPARE0_Pos) | (TIMER_INTENSET_COMPARE1_Enabled &lt;&lt; TIMER_INTENSET_COMPARE1_Pos);
                                                                                                                                 ^
/home/ec2-user/arduino-testlib/cli-datadir/user/libraries/Adafruit_microbit_Library/examples/timerdemo/timerdemo.ino:20:18: error: &#39;TIMER2_IRQn&#39; was not declared in this scope
   NVIC_EnableIRQ(TIMER2_IRQn);
                  ^
/home/ec2-user/arduino-testlib/cli-datadir/user/libraries/Adafruit_microbit_Library/examples/timerdemo/timerdemo.ino:20:29: error: &#39;NVIC_EnableIRQ&#39; was not declared in this scope
   NVIC_EnableIRQ(TIMER2_IRQn);
                             ^
/home/ec2-user/arduino-testlib/cli-datadir/user/libraries/Adafruit_microbit_Library/examples/timerdemo/timerdemo.ino: In function &#39;void timer_pal()&#39;:
/home/ec2-user/arduino-testlib/cli-datadir/user/libraries/Adafruit_microbit_Library/examples/timerdemo/timerdemo.ino:32:8: error: &#39;NRF_TIMER2&#39; was not declared in this scope
   if ((NRF_TIMER2-&gt;EVENTS_COMPARE[0] != 0) &amp;&amp; ((NRF_TIMER2-&gt;INTENSET &amp; TIMER_INTENSET_COMPARE0_Msk) != 0))
        ^
/home/ec2-user/arduino-testlib/cli-datadir/user/libraries/Adafruit_microbit_Library/examples/timerdemo/timerdemo.ino:32:72: error: &#39;TIMER_INTENSET_COMPARE0_Msk&#39; was not declared in this scope
   if ((NRF_TIMER2-&gt;EVENTS_COMPARE[0] != 0) &amp;&amp; ((NRF_TIMER2-&gt;INTENSET &amp; TIMER_INTENSET_COMPARE0_Msk) != 0))
                                                                        ^
/home/ec2-user/arduino-testlib/cli-datadir/user/libraries/Adafruit_microbit_Library/examples/timerdemo/timerdemo.ino:38:8: error: &#39;NRF_TIMER2&#39; was not declared in this scope
   if ((NRF_TIMER2-&gt;EVENTS_COMPARE[1] != 0) &amp;&amp; ((NRF_TIMER2-&gt;INTENSET &amp; TIMER_INTENSET_COMPARE1_Msk) != 0))
        ^
/home/ec2-user/arduino-testlib/cli-datadir/user/libraries/Adafruit_microbit_Library/examples/timerdemo/timerdemo.ino:38:72: error: &#39;TIMER_INTENSET_COMPARE1_Msk&#39; was not declared in this scope
   if ((NRF_TIMER2-&gt;EVENTS_COMPARE[1] != 0) &amp;&amp; ((NRF_TIMER2-&gt;INTENSET &amp; TIMER_INTENSET_COMPARE1_Msk) != 0))
                                                                        ^

</pre>
					
				
			</div>
		</div>
	</div>
  </body>
</html>
