
<!doctype html>
<html lang="en">
  <head>
    <meta charset="utf-8">
    <meta name="viewport" content="width=device-width, initial-scale=1">
    <link href="https://cdn.jsdelivr.net/npm/bootstrap@5.0.2/dist/css/bootstrap.min.css" rel="stylesheet" integrity="sha384-EVSTQN3/azprG1Anm3QDgpJLIm9Nao0Yz1ztcQTwFspd3yD65VohhpuuCOmLASjC" crossorigin="anonymous">
    <title>arduino-testlib report</title>
	<style>
	.pass { background-color: #00FF00 !important; }
	.fail { background-color: #FF0000 !important; }
	</style>
  </head>
  <body>
	<div class="container">
		<div class="row">
			<div class="col">
				<h1>Adafruit Zero I2S Library - compatibility matrix</h1>
				<p>
					<small>This report was generated on Wednesday, 23-Feb-22 22:48:15 CET using 
					<a href="https://github.com/alranel/arduino-testlib">arduino-testlib</a>.</small>
				</p>

				<h2>Adafruit Zero I2S Library</h2>
				<p>
					Version: <b>1.2.2</b>
					<br />
					<a href="https://www.arduino.cc/reference/en/libraries/adafruit-zero-i2s-library/">More details</a>
				</p>

				<h2>Compatibility matrix</h2>
				<table class="table table-bordered">
					<tr>
						<th>Board</th>
						<th>Claims compatibility</th>
						<th>Inclusion</th>
						
						<th><pre>basic</pre></th>
						
						<th><pre>dma</pre></th>
						
						<th><pre>dma_passthrough</pre></th>
						
						<th><pre>tone_generator</pre></th>
						
					</tr>
					
					<tr>
						<td>
							<a href="#arduino%3aavr%3auno"><b>arduino:avr:uno</b></a>
							<br />
							<small>1.8.4</small>
						</td>

						
						
						
						
							<td>No</td>
							<td class="fail">FAIL</td>
						

						
							
								
									
										
											
											<td class="fail">FAIL</td>
										
									
										
									
										
									
										
									
								
							
								
							
								
							
								
							
								
							
						
							
								
									
										
									
										
											
											<td class="fail">FAIL</td>
										
									
										
									
										
									
								
							
								
							
								
							
								
							
								
							
						
							
								
									
										
									
										
									
										
											
											<td class="fail">FAIL</td>
										
									
										
									
								
							
								
							
								
							
								
							
								
							
						
							
								
									
										
									
										
									
										
									
										
											
											<td class="fail">FAIL</td>
										
									
								
							
								
							
								
							
								
							
								
							
						
					</tr>
					
					<tr>
						<td>
							<a href="#arduino%3ambed_nano%3ananorp2040connect"><b>arduino:mbed_nano:nanorp2040connect</b></a>
							<br />
							<small>2.7.2</small>
						</td>

						
						
						
						
							<td>No</td>
							<td class="fail">FAIL</td>
						

						
							
								
							
								
									
										
											
											<td class="fail">FAIL</td>
										
									
										
									
										
									
										
									
								
							
								
							
								
							
								
							
						
							
								
							
								
									
										
									
										
											
											<td class="fail">FAIL</td>
										
									
										
									
										
									
								
							
								
							
								
							
								
							
						
							
								
							
								
									
										
									
										
									
										
											
											<td class="fail">FAIL</td>
										
									
										
									
								
							
								
							
								
							
								
							
						
							
								
							
								
									
										
									
										
									
										
									
										
											
											<td class="fail">FAIL</td>
										
									
								
							
								
							
								
							
								
							
						
					</tr>
					
					<tr>
						<td>
							<a href="#arduino%3amegaavr%3anona4809"><b>arduino:megaavr:nona4809</b></a>
							<br />
							<small>1.8.7</small>
						</td>

						
						
						
						
							<td>No</td>
							<td class="fail">FAIL</td>
						

						
							
								
							
								
							
								
									
										
											
											<td class="fail">FAIL</td>
										
									
										
									
										
									
										
									
								
							
								
							
								
							
						
							
								
							
								
							
								
									
										
									
										
											
											<td class="fail">FAIL</td>
										
									
										
									
										
									
								
							
								
							
								
							
						
							
								
							
								
							
								
									
										
									
										
									
										
											
											<td class="fail">FAIL</td>
										
									
										
									
								
							
								
							
								
							
						
							
								
							
								
							
								
									
										
									
										
									
										
									
										
											
											<td class="fail">FAIL</td>
										
									
								
							
								
							
								
							
						
					</tr>
					
					<tr>
						<td>
							<a href="#arduino%3asamd%3amkrwifi1010"><b>arduino:samd:mkrwifi1010</b></a>
							<br />
							<small>1.8.12</small>
						</td>

						
						
						
							<td>Yes ⚠️</td>
							<td class="fail">FAIL</td>
						
						

						
							
								
							
								
							
								
							
								
									
										
											<td class="pass">PASS</td>
											
										
									
										
									
										
									
										
									
								
							
								
							
						
							
								
							
								
							
								
							
								
									
										
									
										
											<td class="pass">PASS</td>
											
										
									
										
									
										
									
								
							
								
							
						
							
								
							
								
							
								
							
								
									
										
									
										
									
										
											
											<td class="fail">FAIL</td>
										
									
										
									
								
							
								
							
						
							
								
							
								
							
								
							
								
									
										
									
										
									
										
									
										
											
											<td class="fail">FAIL</td>
										
									
								
							
								
							
						
					</tr>
					
					<tr>
						<td>
							<a href="#esp32%3aesp32%3ad1_mini32"><b>esp32:esp32:d1_mini32</b></a>
							<br />
							<small>1.0.6</small>
						</td>

						
						
						
						
							<td>No</td>
							<td class="fail">FAIL</td>
						

						
							
								
							
								
							
								
							
								
							
								
									
										
											
											<td class="fail">FAIL</td>
										
									
										
									
										
									
										
									
								
							
						
							
								
							
								
							
								
							
								
							
								
									
										
									
										
											
											<td class="fail">FAIL</td>
										
									
										
									
										
									
								
							
						
							
								
							
								
							
								
							
								
							
								
									
										
									
										
									
										
											
											<td class="fail">FAIL</td>
										
									
										
									
								
							
						
							
								
							
								
							
								
							
								
							
								
									
										
									
										
									
										
									
										
											
											<td class="fail">FAIL</td>
										
									
								
							
						
					</tr>
					
				</table>

				<h2>Compilation logs</h2>
				
				<h3 id="arduino:avr:uno">arduino:avr:uno @ 1.8.4</h3>
				<h4>Inclusion</h4>
				<p>
					Result: <b>FAIL</b>
					
					<br />This library has no main header file so an empty one was created.
					
				</p>
				<pre class="pre-scrollable">/private/tmp/arduino-testlib2491500801/test/test.ino:1:10: fatal error: Adafruit_Zero_I2S_Library.h: No such file or directory
 #include &lt;Adafruit_Zero_I2S_Library.h&gt;
          ^~~~~~~~~~~~~~~~~~~~~~~~~~~~~
compilation terminated.

</pre>

					
					<h4>examples/basic</h4>
					<p>
						Result: <b>FAIL</b>
					</p>
					<pre class="pre-scrollable">WARNING: library Adafruit_Zero_I2S_Library claims to run on samd architecture(s) and may be incompatible with your current board which runs on avr architecture(s).
/Users/alranel/Documents/git/arduino/arduino-testlib/cli-datadir/user/libraries/Adafruit_Zero_I2S_Library/Adafruit_ZeroI2S.cpp: In constructor &#39;Adafruit_ZeroI2S::Adafruit_ZeroI2S()&#39;:
/Users/alranel/Documents/git/arduino/arduino-testlib/cli-datadir/user/libraries/Adafruit_Zero_I2S_Library/Adafruit_ZeroI2S.cpp:60:11: error: &#39;PIN_I2S_FS&#39; was not declared in this scope
     : _fs(PIN_I2S_FS), _sck(PIN_I2S_SCK), _tx(PIN_I2S_SD) {
           ^~~~~~~~~~
/Users/alranel/Documents/git/arduino/arduino-testlib/cli-datadir/user/libraries/Adafruit_Zero_I2S_Library/Adafruit_ZeroI2S.cpp:60:11: note: suggested alternative: &#39;PIN_SPI_SS&#39;
     : _fs(PIN_I2S_FS), _sck(PIN_I2S_SCK), _tx(PIN_I2S_SD) {
           ^~~~~~~~~~
           PIN_SPI_SS
/Users/alranel/Documents/git/arduino/arduino-testlib/cli-datadir/user/libraries/Adafruit_Zero_I2S_Library/Adafruit_ZeroI2S.cpp:60:29: error: &#39;PIN_I2S_SCK&#39; was not declared in this scope
     : _fs(PIN_I2S_FS), _sck(PIN_I2S_SCK), _tx(PIN_I2S_SD) {
                             ^~~~~~~~~~~
/Users/alranel/Documents/git/arduino/arduino-testlib/cli-datadir/user/libraries/Adafruit_Zero_I2S_Library/Adafruit_ZeroI2S.cpp:60:29: note: suggested alternative: &#39;PIN_SPI_SCK&#39;
     : _fs(PIN_I2S_FS), _sck(PIN_I2S_SCK), _tx(PIN_I2S_SD) {
                             ^~~~~~~~~~~
                             PIN_SPI_SCK
/Users/alranel/Documents/git/arduino/arduino-testlib/cli-datadir/user/libraries/Adafruit_Zero_I2S_Library/Adafruit_ZeroI2S.cpp:60:47: error: &#39;PIN_I2S_SD&#39; was not declared in this scope
     : _fs(PIN_I2S_FS), _sck(PIN_I2S_SCK), _tx(PIN_I2S_SD) {
                                               ^~~~~~~~~~
/Users/alranel/Documents/git/arduino/arduino-testlib/cli-datadir/user/libraries/Adafruit_Zero_I2S_Library/Adafruit_ZeroI2S.cpp:60:47: note: suggested alternative: &#39;PIN_WIRE_SDA&#39;
     : _fs(PIN_I2S_FS), _sck(PIN_I2S_SCK), _tx(PIN_I2S_SD) {
                                               ^~~~~~~~~~
                                               PIN_WIRE_SDA
/Users/alranel/Documents/git/arduino/arduino-testlib/cli-datadir/user/libraries/Adafruit_Zero_I2S_Library/Adafruit_ZeroI2S.cpp: In member function &#39;bool Adafruit_ZeroI2S::begin(I2SSlotSize, int, int)&#39;:
/Users/alranel/Documents/git/arduino/arduino-testlib/cli-datadir/user/libraries/Adafruit_Zero_I2S_Library/Adafruit_ZeroI2S.cpp:158:24: error: &#39;g_APinDescription&#39; was not declared in this scope
   uint32_t clockport = g_APinDescription[_sck].ulPort;
                        ^~~~~~~~~~~~~~~~~
/Users/alranel/Documents/git/arduino/arduino-testlib/cli-datadir/user/libraries/Adafruit_Zero_I2S_Library/Adafruit_ZeroI2S.cpp:163:16: error: &#39;PIN_PA10G_I2S_SCK0&#39; was not declared in this scope
     _clk_pin = PIN_PA10G_I2S_SCK0;
                ^~~~~~~~~~~~~~~~~~
/Users/alranel/Documents/git/arduino/arduino-testlib/cli-datadir/user/libraries/Adafruit_Zero_I2S_Library/Adafruit_ZeroI2S.cpp:163:16: note: suggested alternative: &#39;PIN_SPI_SCK&#39;
     _clk_pin = PIN_PA10G_I2S_SCK0;
                ^~~~~~~~~~~~~~~~~~
                PIN_SPI_SCK
/Users/alranel/Documents/git/arduino/arduino-testlib/cli-datadir/user/libraries/Adafruit_Zero_I2S_Library/Adafruit_ZeroI2S.cpp:164:16: error: &#39;MUX_PA10G_I2S_SCK0&#39; was not declared in this scope
     _clk_mux = MUX_PA10G_I2S_SCK0;
                ^~~~~~~~~~~~~~~~~~
/Users/alranel/Documents/git/arduino/arduino-testlib/cli-datadir/user/libraries/Adafruit_Zero_I2S_Library/Adafruit_ZeroI2S.cpp:183:24: error: &#39;EPioType&#39; was not declared in this scope
   pinPeripheral(_sck, (EPioType)_clk_mux);
                        ^~~~~~~~
/Users/alranel/Documents/git/arduino/arduino-testlib/cli-datadir/user/libraries/Adafruit_Zero_I2S_Library/Adafruit_ZeroI2S.cpp:183:3: error: &#39;pinPeripheral&#39; was not declared in this scope
   pinPeripheral(_sck, (EPioType)_clk_mux);
   ^~~~~~~~~~~~~
/Users/alranel/Documents/git/arduino/arduino-testlib/cli-datadir/user/libraries/Adafruit_Zero_I2S_Library/Adafruit_ZeroI2S.cpp:190:15: error: &#39;PIN_PA11G_I2S_FS0&#39; was not declared in this scope
     _fs_pin = PIN_PA11G_I2S_FS0;
               ^~~~~~~~~~~~~~~~~
/Users/alranel/Documents/git/arduino/arduino-testlib/cli-datadir/user/libraries/Adafruit_Zero_I2S_Library/Adafruit_ZeroI2S.cpp:191:15: error: &#39;MUX_PA11G_I2S_FS0&#39; was not declared in this scope
     _fs_mux = MUX_PA11G_I2S_FS0;
               ^~~~~~~~~~~~~~~~~
/Users/alranel/Documents/git/arduino/arduino-testlib/cli-datadir/user/libraries/Adafruit_Zero_I2S_Library/Adafruit_ZeroI2S.cpp:202:32: error: expected &#39;)&#39; before &#39;_fs_mux&#39;
   pinPeripheral(_fs, (EPioType)_fs_mux);
                                ^~~~~~~
/Users/alranel/Documents/git/arduino/arduino-testlib/cli-datadir/user/libraries/Adafruit_Zero_I2S_Library/Adafruit_ZeroI2S.cpp:206:15: error: &#39;I2S_GCLK_ID_0&#39; was not declared in this scope
     i2sGCLK = I2S_GCLK_ID_0;
               ^~~~~~~~~~~~~
/Users/alranel/Documents/git/arduino/arduino-testlib/cli-datadir/user/libraries/Adafruit_Zero_I2S_Library/Adafruit_ZeroI2S.cpp:208:15: error: &#39;I2S_GCLK_ID_1&#39; was not declared in this scope
     i2sGCLK = I2S_GCLK_ID_1;
               ^~~~~~~~~~~~~
/Users/alranel/Documents/git/arduino/arduino-testlib/cli-datadir/user/libraries/Adafruit_Zero_I2S_Library/Adafruit_ZeroI2S.cpp:212:10: error: &#39;GCLK&#39; was not declared in this scope
   while (GCLK-&gt;STATUS.bit.SYNCBUSY)
          ^~~~
/Users/alranel/Documents/git/arduino/arduino-testlib/cli-datadir/user/libraries/Adafruit_Zero_I2S_Library/Adafruit_ZeroI2S.cpp:212:10: note: suggested alternative: &#39;SCL&#39;
   while (GCLK-&gt;STATUS.bit.SYNCBUSY)
          ^~~~
          SCL
/Users/alranel/Documents/git/arduino/arduino-testlib/cli-datadir/user/libraries/Adafruit_Zero_I2S_Library/Adafruit_ZeroI2S.cpp:214:3: error: &#39;GCLK&#39; was not declared in this scope
   GCLK-&gt;GENDIV.bit.ID = I2S_CLOCK_GENERATOR;
   ^~~~
/Users/alranel/Documents/git/arduino/arduino-testlib/cli-datadir/user/libraries/Adafruit_Zero_I2S_Library/Adafruit_ZeroI2S.cpp:214:3: note: suggested alternative: &#39;SCL&#39;
   GCLK-&gt;GENDIV.bit.ID = I2S_CLOCK_GENERATOR;
   ^~~~
   SCL
/Users/alranel/Documents/git/arduino/arduino-testlib/cli-datadir/user/libraries/Adafruit_Zero_I2S_Library/Adafruit_ZeroI2S.cpp:214:25: error: &#39;I2S_CLOCK_GENERATOR&#39; was not declared in this scope
   GCLK-&gt;GENDIV.bit.ID = I2S_CLOCK_GENERATOR;
                         ^~~~~~~~~~~~~~~~~~~
/Users/alranel/Documents/git/arduino/arduino-testlib/cli-datadir/user/libraries/Adafruit_Zero_I2S_Library/Adafruit_ZeroI2S.cpp:215:26: error: &#39;SystemCoreClock&#39; was not declared in this scope
   GCLK-&gt;GENDIV.bit.DIV = SystemCoreClock / divider;
                          ^~~~~~~~~~~~~~~
/Users/alranel/Documents/git/arduino/arduino-testlib/cli-datadir/user/libraries/Adafruit_Zero_I2S_Library/Adafruit_ZeroI2S.cpp:221:27: error: &#39;GCLK_GENCTRL_SRC_DFLL48M_Val&#39; was not declared in this scope
   GCLK-&gt;GENCTRL.bit.SRC = GCLK_GENCTRL_SRC_DFLL48M_Val;
                           ^~~~~~~~~~~~~~~~~~~~~~~~~~~~
/Users/alranel/Documents/git/arduino/arduino-testlib/cli-datadir/user/libraries/Adafruit_Zero_I2S_Library/Adafruit_ZeroI2S.cpp:241:17: error: &#39;PIN_PA07G_I2S_SD0&#39; was not declared in this scope
     _data_pin = PIN_PA07G_I2S_SD0;
                 ^~~~~~~~~~~~~~~~~
/Users/alranel/Documents/git/arduino/arduino-testlib/cli-datadir/user/libraries/Adafruit_Zero_I2S_Library/Adafruit_ZeroI2S.cpp:242:17: error: &#39;MUX_PA07G_I2S_SD0&#39; was not declared in this scope
     _data_mux = MUX_PA07G_I2S_SD0;
                 ^~~~~~~~~~~~~~~~~
/Users/alranel/Documents/git/arduino/arduino-testlib/cli-datadir/user/libraries/Adafruit_Zero_I2S_Library/Adafruit_ZeroI2S.cpp:246:17: error: &#39;PIN_PA08G_I2S_SD1&#39; was not declared in this scope
     _data_pin = PIN_PA08G_I2S_SD1;
                 ^~~~~~~~~~~~~~~~~
/Users/alranel/Documents/git/arduino/arduino-testlib/cli-datadir/user/libraries/Adafruit_Zero_I2S_Library/Adafruit_ZeroI2S.cpp:247:17: error: &#39;MUX_PA08G_I2S_SD1&#39; was not declared in this scope
     _data_mux = MUX_PA08G_I2S_SD1;
                 ^~~~~~~~~~~~~~~~~
/Users/alranel/Documents/git/arduino/arduino-testlib/cli-datadir/user/libraries/Adafruit_Zero_I2S_Library/Adafruit_ZeroI2S.cpp:251:17: error: &#39;PIN_PA19G_I2S_SD0&#39; was not declared in this scope
     _data_pin = PIN_PA19G_I2S_SD0;
                 ^~~~~~~~~~~~~~~~~
/Users/alranel/Documents/git/arduino/arduino-testlib/cli-datadir/user/libraries/Adafruit_Zero_I2S_Library/Adafruit_ZeroI2S.cpp:252:17: error: &#39;MUX_PA19G_I2S_SD0&#39; was not declared in this scope
     _data_mux = MUX_PA19G_I2S_SD0;
                 ^~~~~~~~~~~~~~~~~
/Users/alranel/Documents/git/arduino/arduino-testlib/cli-datadir/user/libraries/Adafruit_Zero_I2S_Library/Adafruit_ZeroI2S.cpp:257:32: error: expected &#39;)&#39; before &#39;_data_mux&#39;
   pinPeripheral(_tx, (EPioType)_data_mux);
                                ^~~~~~~~~
/Users/alranel/Documents/git/arduino/arduino-testlib/cli-datadir/user/libraries/Adafruit_Zero_I2S_Library/Adafruit_ZeroI2S.cpp:259:3: error: &#39;PM&#39; was not declared in this scope
   PM-&gt;APBCMASK.reg |= PM_APBCMASK_I2S;
   ^~
/Users/alranel/Documents/git/arduino/arduino-testlib/cli-datadir/user/libraries/Adafruit_Zero_I2S_Library/Adafruit_ZeroI2S.cpp:259:3: note: suggested alternative: &#39;PI&#39;
   PM-&gt;APBCMASK.reg |= PM_APBCMASK_I2S;
   ^~
   PI
/Users/alranel/Documents/git/arduino/arduino-testlib/cli-datadir/user/libraries/Adafruit_Zero_I2S_Library/Adafruit_ZeroI2S.cpp:259:23: error: &#39;PM_APBCMASK_I2S&#39; was not declared in this scope
   PM-&gt;APBCMASK.reg |= PM_APBCMASK_I2S;
                       ^~~~~~~~~~~~~~~
/Users/alranel/Documents/git/arduino/arduino-testlib/cli-datadir/user/libraries/Adafruit_Zero_I2S_Library/Adafruit_ZeroI2S.cpp:261:3: error: &#39;I2S&#39; was not declared in this scope
   I2S-&gt;CTRLA.bit.ENABLE = 0;
   ^~~
/Users/alranel/Documents/git/arduino/arduino-testlib/cli-datadir/user/libraries/Adafruit_Zero_I2S_Library/Adafruit_ZeroI2S.cpp:273:7: error: &#39;I2S_CLKCTRL_MCKSEL_GC</pre>
					
					<h4>examples/dma</h4>
					<p>
						Result: <b>FAIL</b>
					</p>
					<pre class="pre-scrollable">/Users/alranel/Documents/git/arduino/arduino-testlib/cli-datadir/user/libraries/Adafruit_Zero_DMA_Library/Adafruit_ZeroDMA.cpp:30:10: fatal error: malloc.h: No such file or directory
 #include &lt;malloc.h&gt; // memalign() function
          ^~~~~~~~~~
compilation terminated.

</pre>
					
					<h4>examples/dma_passthrough</h4>
					<p>
						Result: <b>FAIL</b>
					</p>
					<pre class="pre-scrollable">/Users/alranel/Documents/git/arduino/arduino-testlib/cli-datadir/user/libraries/Adafruit_Zero_DMA_Library/Adafruit_ZeroDMA.cpp:30:10: fatal error: malloc.h: No such file or directory
 #include &lt;malloc.h&gt; // memalign() function
          ^~~~~~~~~~
compilation terminated.

</pre>
					
					<h4>examples/tone_generator</h4>
					<p>
						Result: <b>FAIL</b>
					</p>
					<pre class="pre-scrollable">WARNING: library Adafruit_Zero_I2S_Library claims to run on samd architecture(s) and may be incompatible with your current board which runs on avr architecture(s).
/Users/alranel/Documents/git/arduino/arduino-testlib/cli-datadir/user/libraries/Adafruit_Zero_I2S_Library/examples/tone_generator/tone_generator.ino:51:24: error: &#39;int32_t square [256]&#39; redeclared as different kind of symbol
 int32_t square[WAV_SIZE]   = {0};
                        ^
In file included from /Users/alranel/Documents/git/arduino/arduino-testlib/cli-datadir/data/packages/arduino/hardware/avr/1.8.4/cores/arduino/Arduino.h:26:0,
                 from /private/var/folders/47/_57rjy4111jc7dfpgjmcc93w0000gp/T/arduino-sketch-E8C33B46A2C9D3BF08A68403C3C57C52/sketch/tone_generator.ino.cpp:1:
/Users/alranel/Documents/git/arduino/arduino-testlib/cli-datadir/data/packages/arduino/tools/avr-gcc/7.3.0-atmel3.6.1-arduino7/avr/include/math.h:203:15: note: previous declaration &#39;double square(double)&#39;
 extern double square(double __x) __ATTR_CONST__;
               ^~~~~~
/Users/alranel/Documents/git/arduino/arduino-testlib/cli-datadir/user/libraries/Adafruit_Zero_I2S_Library/examples/tone_generator/tone_generator.ino: In function &#39;void setup()&#39;:
/Users/alranel/Documents/git/arduino/arduino-testlib/cli-datadir/user/libraries/Adafruit_Zero_I2S_Library/examples/tone_generator/tone_generator.ino:134:45: error: cannot convert &#39;double (*)(double)&#39; to &#39;int32_t* {aka long int*}&#39; for argument &#39;2&#39; to &#39;void generateSquare(int32_t, int32_t*, uint16_t)&#39;
   generateSquare(AMPLITUDE, square, WAV_SIZE);
                                             ^
/Users/alranel/Documents/git/arduino/arduino-testlib/cli-datadir/user/libraries/Adafruit_Zero_I2S_Library/examples/tone_generator/tone_generator.ino: In function &#39;void loop()&#39;:
/Users/alranel/Documents/git/arduino/arduino-testlib/cli-datadir/user/libraries/Adafruit_Zero_I2S_Library/examples/tone_generator/tone_generator.ino:162:46: error: cannot convert &#39;double (*)(double)&#39; to &#39;int32_t* {aka long int*}&#39; for argument &#39;1&#39; to &#39;void playWave(int32_t*, uint16_t, float, float)&#39;
     playWave(square, WAV_SIZE, scale[i], 0.25);
                                              ^

</pre>
					
				
				<h3 id="arduino:mbed_nano:nanorp2040connect">arduino:mbed_nano:nanorp2040connect @ 2.7.2</h3>
				<h4>Inclusion</h4>
				<p>
					Result: <b>FAIL</b>
					
					<br />This library has no main header file so an empty one was created.
					
				</p>
				<pre class="pre-scrollable">/tmp/arduino-testlib3173061747/test/test.ino:1:10: fatal error: Adafruit_Zero_I2S_Library.h: No such file or directory
 #include &lt;Adafruit_Zero_I2S_Library.h&gt;
          ^~~~~~~~~~~~~~~~~~~~~~~~~~~~~
compilation terminated.

</pre>

					
					<h4>examples/basic</h4>
					<p>
						Result: <b>FAIL</b>
					</p>
					<pre class="pre-scrollable">WARNING: library Adafruit_Zero_I2S_Library claims to run on samd architecture(s) and may be incompatible with your current board which runs on mbed_nano architecture(s).
/home/ec2-user/arduino-testlib/cli-datadir/user/libraries/Adafruit_Zero_I2S_Library/Adafruit_ZeroI2S.cpp: In constructor &#39;Adafruit_ZeroI2S::Adafruit_ZeroI2S()&#39;:
/home/ec2-user/arduino-testlib/cli-datadir/user/libraries/Adafruit_Zero_I2S_Library/Adafruit_ZeroI2S.cpp:60:11: error: &#39;PIN_I2S_FS&#39; was not declared in this scope
     : _fs(PIN_I2S_FS), _sck(PIN_I2S_SCK), _tx(PIN_I2S_SD) {
           ^~~~~~~~~~
/home/ec2-user/arduino-testlib/cli-datadir/user/libraries/Adafruit_Zero_I2S_Library/Adafruit_ZeroI2S.cpp:60:11: note: suggested alternative: &#39;PIN_SPI_SS&#39;
     : _fs(PIN_I2S_FS), _sck(PIN_I2S_SCK), _tx(PIN_I2S_SD) {
           ^~~~~~~~~~
           PIN_SPI_SS
/home/ec2-user/arduino-testlib/cli-datadir/user/libraries/Adafruit_Zero_I2S_Library/Adafruit_ZeroI2S.cpp:60:29: error: &#39;PIN_I2S_SCK&#39; was not declared in this scope
     : _fs(PIN_I2S_FS), _sck(PIN_I2S_SCK), _tx(PIN_I2S_SD) {
                             ^~~~~~~~~~~
/home/ec2-user/arduino-testlib/cli-datadir/user/libraries/Adafruit_Zero_I2S_Library/Adafruit_ZeroI2S.cpp:60:29: note: suggested alternative: &#39;PIN_SPI_SCK&#39;
     : _fs(PIN_I2S_FS), _sck(PIN_I2S_SCK), _tx(PIN_I2S_SD) {
                             ^~~~~~~~~~~
                             PIN_SPI_SCK
/home/ec2-user/arduino-testlib/cli-datadir/user/libraries/Adafruit_Zero_I2S_Library/Adafruit_ZeroI2S.cpp:60:47: error: &#39;PIN_I2S_SD&#39; was not declared in this scope
     : _fs(PIN_I2S_FS), _sck(PIN_I2S_SCK), _tx(PIN_I2S_SD) {
                                               ^~~~~~~~~~
/home/ec2-user/arduino-testlib/cli-datadir/user/libraries/Adafruit_Zero_I2S_Library/Adafruit_ZeroI2S.cpp:60:47: note: suggested alternative: &#39;PIN_WIRE_SDA&#39;
     : _fs(PIN_I2S_FS), _sck(PIN_I2S_SCK), _tx(PIN_I2S_SD) {
                                               ^~~~~~~~~~
                                               PIN_WIRE_SDA
/home/ec2-user/arduino-testlib/cli-datadir/user/libraries/Adafruit_Zero_I2S_Library/Adafruit_ZeroI2S.cpp: In member function &#39;bool Adafruit_ZeroI2S::begin(I2SSlotSize, int, int)&#39;:
/home/ec2-user/arduino-testlib/cli-datadir/user/libraries/Adafruit_Zero_I2S_Library/Adafruit_ZeroI2S.cpp:158:46: error: invalid use of incomplete type &#39;PinDescription {aka struct _PinDescription}&#39;
   uint32_t clockport = g_APinDescription[_sck].ulPort;
                                              ^
In file included from /home/ec2-user/arduino-testlib/cli-datadir/user/libraries/Adafruit_Zero_I2S_Library/Adafruit_ZeroI2S.h:20:0,
                 from /home/ec2-user/arduino-testlib/cli-datadir/user/libraries/Adafruit_Zero_I2S_Library/Adafruit_ZeroI2S.cpp:25:
/home/ec2-user/arduino-testlib/cli-datadir/data/packages/arduino/hardware/mbed_nano/2.7.2/cores/arduino/Arduino.h:80:16: note: forward declaration of &#39;PinDescription {aka struct _PinDescription}&#39;
 typedef struct _PinDescription PinDescription;
                ^~~~~~~~~~~~~~~
/home/ec2-user/arduino-testlib/cli-datadir/user/libraries/Adafruit_Zero_I2S_Library/Adafruit_ZeroI2S.cpp:159:45: error: invalid use of incomplete type &#39;PinDescription {aka struct _PinDescription}&#39;
   uint32_t clockpin = g_APinDescription[_sck].ulPin;
                                             ^
In file included from /home/ec2-user/arduino-testlib/cli-datadir/user/libraries/Adafruit_Zero_I2S_Library/Adafruit_ZeroI2S.h:20:0,
                 from /home/ec2-user/arduino-testlib/cli-datadir/user/libraries/Adafruit_Zero_I2S_Library/Adafruit_ZeroI2S.cpp:25:
/home/ec2-user/arduino-testlib/cli-datadir/data/packages/arduino/hardware/mbed_nano/2.7.2/cores/arduino/Arduino.h:80:16: note: forward declaration of &#39;PinDescription {aka struct _PinDescription}&#39;
 typedef struct _PinDescription PinDescription;
                ^~~~~~~~~~~~~~~
/home/ec2-user/arduino-testlib/cli-datadir/user/libraries/Adafruit_Zero_I2S_Library/Adafruit_ZeroI2S.cpp:163:16: error: &#39;PIN_PA10G_I2S_SCK0&#39; was not declared in this scope
     _clk_pin = PIN_PA10G_I2S_SCK0;
                ^~~~~~~~~~~~~~~~~~
/home/ec2-user/arduino-testlib/cli-datadir/user/libraries/Adafruit_Zero_I2S_Library/Adafruit_ZeroI2S.cpp:163:16: note: suggested alternative: &#39;PIN_SPI_SCK&#39;
     _clk_pin = PIN_PA10G_I2S_SCK0;
                ^~~~~~~~~~~~~~~~~~
                PIN_SPI_SCK
/home/ec2-user/arduino-testlib/cli-datadir/user/libraries/Adafruit_Zero_I2S_Library/Adafruit_ZeroI2S.cpp:164:16: error: &#39;MUX_PA10G_I2S_SCK0&#39; was not declared in this scope
     _clk_mux = MUX_PA10G_I2S_SCK0;
                ^~~~~~~~~~~~~~~~~~
/home/ec2-user/arduino-testlib/cli-datadir/user/libraries/Adafruit_Zero_I2S_Library/Adafruit_ZeroI2S.cpp:183:24: error: &#39;EPioType&#39; was not declared in this scope
   pinPeripheral(_sck, (EPioType)_clk_mux);
                        ^~~~~~~~
/home/ec2-user/arduino-testlib/cli-datadir/user/libraries/Adafruit_Zero_I2S_Library/Adafruit_ZeroI2S.cpp:183:24: note: suggested alternative: &#39;SCB_Type&#39;
   pinPeripheral(_sck, (EPioType)_clk_mux);
                        ^~~~~~~~
                        SCB_Type
/home/ec2-user/arduino-testlib/cli-datadir/user/libraries/Adafruit_Zero_I2S_Library/Adafruit_ZeroI2S.cpp:183:3: error: &#39;pinPeripheral&#39; was not declared in this scope
   pinPeripheral(_sck, (EPioType)_clk_mux);
   ^~~~~~~~~~~~~
/home/ec2-user/arduino-testlib/cli-datadir/user/libraries/Adafruit_Zero_I2S_Library/Adafruit_ZeroI2S.cpp:186:42: error: invalid use of incomplete type &#39;PinDescription {aka struct _PinDescription}&#39;
   uint32_t fsport = g_APinDescription[_fs].ulPort;
                                          ^
In file included from /home/ec2-user/arduino-testlib/cli-datadir/user/libraries/Adafruit_Zero_I2S_Library/Adafruit_ZeroI2S.h:20:0,
                 from /home/ec2-user/arduino-testlib/cli-datadir/user/libraries/Adafruit_Zero_I2S_Library/Adafruit_ZeroI2S.cpp:25:
/home/ec2-user/arduino-testlib/cli-datadir/data/packages/arduino/hardware/mbed_nano/2.7.2/cores/arduino/Arduino.h:80:16: note: forward declaration of &#39;PinDescription {aka struct _PinDescription}&#39;
 typedef struct _PinDescription PinDescription;
                ^~~~~~~~~~~~~~~
/home/ec2-user/arduino-testlib/cli-datadir/user/libraries/Adafruit_Zero_I2S_Library/Adafruit_ZeroI2S.cpp:187:41: error: invalid use of incomplete type &#39;PinDescription {aka struct _PinDescription}&#39;
   uint32_t fspin = g_APinDescription[_fs].ulPin;
                                         ^
In file included from /home/ec2-user/arduino-testlib/cli-datadir/user/libraries/Adafruit_Zero_I2S_Library/Adafruit_ZeroI2S.h:20:0,
                 from /home/ec2-user/arduino-testlib/cli-datadir/user/libraries/Adafruit_Zero_I2S_Library/Adafruit_ZeroI2S.cpp:25:
/home/ec2-user/arduino-testlib/cli-datadir/data/packages/arduino/hardware/mbed_nano/2.7.2/cores/arduino/Arduino.h:80:16: note: forward declaration of &#39;PinDescription {aka struct _PinDescription}&#39;
 typedef struct _PinDescription PinDescription;
                ^~~~~~~~~~~~~~~
/home/ec2-user/arduino-testlib/cli-datadir/user/libraries/Adafruit_Zero_I2S_Library/Adafruit_ZeroI2S.cpp:190:15: error: &#39;PIN_PA11G_I2S_FS0&#39; was not declared in this scope
     _fs_pin = PIN_PA11G_I2S_FS0;
               ^~~~~~~~~~~~~~~~~
/home/ec2-user/arduino-testlib/cli-datadir/user/libraries/Adafruit_Zero_I2S_Library/Adafruit_ZeroI2S.cpp:191:15: error: &#39;MUX_PA11G_I2S_FS0&#39; was not declared in this scope
     _fs_mux = MUX_PA11G_I2S_FS0;
               ^~~~~~~~~~~~~~~~~
/home/ec2-user/arduino-testlib/cli-datadir/user/libraries/Adafruit_Zero_I2S_Library/Adafruit_ZeroI2S.cpp:206:15: error: &#39;I2S_GCLK_ID_0&#39; was not declared in this scope
     i2sGCLK = I2S_GCLK_ID_0;
               ^~~~~~~~~~~~~
/home/ec2-user/arduino-testlib/cli-datadir/user/libraries/Adafruit_Zero_I2S_Library/Adafruit_ZeroI2S.cpp:208:15: error: &#39;I2S_GCLK_ID_1&#39; was not declared in this scope
     i2sGCLK = I2S_GCLK_ID_1;
               ^~~~~~~~~~~~~
/home/ec2-user/arduino-testlib/cli-datadir/user/libraries/Adafruit_Zero_I2S_Library/Adafruit_ZeroI2S.cpp:212:10: error: &#39;GCLK&#39; was not declared in this scope
   while (GCLK-&gt;STATUS.bit.SYNCBUSY)
          ^~~~
/home/ec2-user/arduino-testlib/cli-datadir/user/libraries/Adafruit_Zero_I2S_Library/Adafruit_ZeroI2S.cpp:212:10: note: suggested alternative: &#39;SCK&#39;
   while (GCLK-&gt;STATUS.bit.SYNCBUSY)
          ^~~~
          SCK
/home/ec2-user/arduino-testlib/cli-datadir/user/libraries/Adafruit_Zero_I2S_Library/Adafruit_ZeroI2S.cpp:214:3: error: &#39;GCLK&#39; was not declared in this scope
   GCLK-&gt;GENDIV.bit.ID = I2S_CLOCK_GENERATOR;
   ^~~~
/home/ec2-user/arduino-testlib/cli-datadir/user/libraries/Adafruit_Zero_I2S_Library/Adafruit_ZeroI2S.cpp:214:3: note: suggested alternative: &#39;SCK&#39;
   GCLK-&gt;GENDIV.bit.ID = I2S_CLOCK_GENERATOR;
   ^~~~
   SCK
/home/ec2-user/arduino-testlib/cli-datadir/user/libraries/Adafruit_Zero_I2S_Library/Adafruit_ZeroI2S.cpp:214:25: error: &#39;I2S_CLOCK_GENERATOR&#39; was not declared in this scope
   GCLK-&gt;GENDIV.bit.ID = I2S_CLOCK_GENERATOR;
                         ^~~~~~~~~~~~~~~~~~~
/home/ec2-user/arduino-testlib/cli-datadir/user/libraries/Adafruit_Zero_I2S_Library/Adafruit_ZeroI2S.cpp:221:27: error: &#39;GCLK_GENCTRL_SRC_DFLL48M_Val&#39; was not declared in this scope
   GCLK-&gt;GENCTRL.bit.SRC = GCLK_GENCTRL_SRC_DFLL48M_Val;
                           ^~~~~~~~~~~~~~~~~~~~~~~~~~~~
/home/ec2-user/arduino-testlib/cli-datadir/user/libraries/Adafruit_Zero_I2S_Library/Adafruit_ZeroI2S.cpp:236:43: error: invalid use of incomplete type &#39;PinDescription {aka struct _PinDescription}&#39;
   uint32_t datapin = g_APinDescription[_tx].ulPin;
                                           ^
In file included from /home/ec2-user/arduino-testlib/cli-datadir/user/libraries/Adafruit_Zero_I2S_Library/Adafruit_ZeroI2S.h:20:0,
                 from /home/ec2-user/arduino-testlib/cli-datadir/user/libraries/Adafruit_Zero_I2S_Library/Adafruit_ZeroI2S.cpp:25:
/home/ec2-user/arduino-testlib/cli-datadir/data/packages/arduino/hardware/mbed_nano/2.7.2/cores/arduino/Arduino.h</pre>
					
					<h4>examples/dma</h4>
					<p>
						Result: <b>FAIL</b>
					</p>
					<pre class="pre-scrollable">WARNING: library Adafruit_Zero_I2S_Library claims to run on samd architecture(s) and may be incompatible with your current board which runs on mbed_nano architecture(s).
WARNING: library Adafruit_Zero_DMA_Library claims to run on samd architecture(s) and may be incompatible with your current board which runs on mbed_nano architecture(s).
In file included from /home/ec2-user/arduino-testlib/cli-datadir/user/libraries/Adafruit_Zero_DMA_Library/Adafruit_ZeroDMA.h:25:0,
                 from /home/ec2-user/arduino-testlib/cli-datadir/user/libraries/Adafruit_Zero_I2S_Library/examples/dma/dma.ino:2:
/home/ec2-user/arduino-testlib/cli-datadir/user/libraries/Adafruit_Zero_DMA_Library/utility/dma.h:73:29: error: &#39;DMAC_CHCTRLB_TRIGACT_BLOCK_Val&#39; was not declared in this scope
   DMA_TRIGGER_ACTON_BLOCK = DMAC_CHCTRLB_TRIGACT_BLOCK_Val,
                             ^~~~~~~~~~~~~~~~~~~~~~~~~~~~~~
/home/ec2-user/arduino-testlib/cli-datadir/user/libraries/Adafruit_Zero_DMA_Library/utility/dma.h:74:28: error: &#39;DMAC_CHCTRLB_TRIGACT_BEAT_Val&#39; was not declared in this scope
   DMA_TRIGGER_ACTON_BEAT = DMAC_CHCTRLB_TRIGACT_BEAT_Val,
                            ^~~~~~~~~~~~~~~~~~~~~~~~~~~~~
/home/ec2-user/arduino-testlib/cli-datadir/user/libraries/Adafruit_Zero_DMA_Library/utility/dma.h:75:35: error: &#39;DMAC_CHCTRLB_TRIGACT_TRANSACTION_Val&#39; was not declared in this scope
   DMA_TRIGGER_ACTON_TRANSACTION = DMAC_CHCTRLB_TRIGACT_TRANSACTION_Val,
                                   ^~~~~~~~~~~~~~~~~~~~~~~~~~~~~~~~~~~~
In file included from /home/ec2-user/arduino-testlib/cli-datadir/user/libraries/Adafruit_Zero_I2S_Library/examples/dma/dma.ino:2:0:
/home/ec2-user/arduino-testlib/cli-datadir/user/libraries/Adafruit_Zero_DMA_Library/Adafruit_ZeroDMA.h:201:3: error: &#39;DmacDescriptor&#39; does not name a type; did you mean &#39;PinDescription&#39;?
   DmacDescriptor *
   ^~~~~~~~~~~~~~
   PinDescription
/home/ec2-user/arduino-testlib/cli-datadir/user/libraries/Adafruit_Zero_DMA_Library/Adafruit_ZeroDMA.h:219:25: error: &#39;DmacDescriptor&#39; has not been declared
   void changeDescriptor(DmacDescriptor *d, void *src = NULL, void *dst = NULL,
                         ^~~~~~~~~~~~~~
/home/ec2-user/arduino-testlib/cli-datadir/user/libraries/Adafruit_Zero_I2S_Library/examples/dma/dma.ino:14:18: error: &#39;ZeroDMAstatus stat&#39; redeclared as different kind of symbol
 ZeroDMAstatus    stat; // DMA status codes returned by some functions
                  ^~~~
In file included from /home/ec2-user/arduino-testlib/cli-datadir/data/packages/arduino/hardware/mbed_nano/2.7.2/cores/arduino/mbed/platform/include/platform/platform.h:26:0,
                 from /home/ec2-user/arduino-testlib/cli-datadir/data/packages/arduino/hardware/mbed_nano/2.7.2/cores/arduino/mbed/platform/include/platform/FileHandle.h:25,
                 from /home/ec2-user/arduino-testlib/cli-datadir/data/packages/arduino/hardware/mbed_nano/2.7.2/cores/arduino/macros.h:41,
                 from /home/ec2-user/arduino-testlib/cli-datadir/data/packages/arduino/hardware/mbed_nano/2.7.2/variants/NANO_RP2040_CONNECT/pins_arduino.h:2,
                 from /home/ec2-user/arduino-testlib/cli-datadir/data/packages/arduino/hardware/mbed_nano/2.7.2/cores/arduino/Arduino.h:76,
                 from /tmp/arduino-sketch-2C92CA458EBDF9988970B73E491EA245/sketch/dma.ino.cpp:1:
/home/ec2-user/arduino-testlib/cli-datadir/data/packages/arduino/hardware/mbed_nano/2.7.2/cores/arduino/mbed/platform/include/platform/mbed_retarget.h:750:9: note: previous declaration &#39;int stat(const char*, stat*)&#39;
     int stat(const char *path, struct stat *st);
         ^~~~
/home/ec2-user/arduino-testlib/cli-datadir/user/libraries/Adafruit_Zero_I2S_Library/examples/dma/dma.ino: In function &#39;void setup()&#39;:
/home/ec2-user/arduino-testlib/cli-datadir/user/libraries/Adafruit_Zero_I2S_Library/examples/dma/dma.ino:41:20: error: &#39;I2S_DMAC_ID_TX_0&#39; was not declared in this scope
   myDMA.setTrigger(I2S_DMAC_ID_TX_0);
                    ^~~~~~~~~~~~~~~~
/home/ec2-user/arduino-testlib/cli-datadir/user/libraries/Adafruit_Zero_I2S_Library/examples/dma/dma.ino:45:25: error: assignment of function &#39;int stat(const char*, stat*)&#39;
   stat = myDMA.allocate();
                         ^
/home/ec2-user/arduino-testlib/cli-datadir/user/libraries/Adafruit_Zero_I2S_Library/examples/dma/dma.ino:45:25: error: cannot convert &#39;ZeroDMAstatus&#39; to &#39;int(const char*, stat*)&#39; in assignment
/home/ec2-user/arduino-testlib/cli-datadir/user/libraries/Adafruit_Zero_I2S_Library/examples/dma/dma.ino:46:25: error: no matching function for call to &#39;Adafruit_ZeroDMA::printStatus(int (&amp;)(const char*, stat*))&#39;
   myDMA.printStatus(stat);
                         ^
In file included from /home/ec2-user/arduino-testlib/cli-datadir/user/libraries/Adafruit_Zero_I2S_Library/examples/dma/dma.ino:2:0:
/home/ec2-user/arduino-testlib/cli-datadir/user/libraries/Adafruit_Zero_DMA_Library/Adafruit_ZeroDMA.h:165:8: note: candidate: void Adafruit_ZeroDMA::printStatus(ZeroDMAstatus)
   void printStatus(ZeroDMAstatus s = DMA_STATUS_JOBSTATUS);
        ^~~~~~~~~~~
/home/ec2-user/arduino-testlib/cli-datadir/user/libraries/Adafruit_Zero_DMA_Library/Adafruit_ZeroDMA.h:165:8: note:   no known conversion for argument 1 from &#39;int(const char*, stat*)&#39; to &#39;ZeroDMAstatus&#39;
/home/ec2-user/arduino-testlib/cli-datadir/user/libraries/Adafruit_Zero_I2S_Library/examples/dma/dma.ino:49:11: error: &#39;class Adafruit_ZeroDMA&#39; has no member named &#39;addDescriptor&#39;; did you mean &#39;hasDescriptors&#39;?
     myDMA.addDescriptor(
           ^~~~~~~~~~~~~
           hasDescriptors
/home/ec2-user/arduino-testlib/cli-datadir/user/libraries/Adafruit_Zero_I2S_Library/examples/dma/dma.ino:54:17: error: &#39;I2S&#39; was not declared in this scope
       (void *)(&amp;I2S-&gt;DATA[0].reg), // to here (M0&#43;)
                 ^~~
/home/ec2-user/arduino-testlib/cli-datadir/user/libraries/Adafruit_Zero_I2S_Library/examples/dma/dma.ino:70:25: error: assignment of function &#39;int stat(const char*, stat*)&#39;
   stat = myDMA.startJob();
                         ^
/home/ec2-user/arduino-testlib/cli-datadir/user/libraries/Adafruit_Zero_I2S_Library/examples/dma/dma.ino:70:25: error: cannot convert &#39;ZeroDMAstatus&#39; to &#39;int(const char*, stat*)&#39; in assignment

</pre>
					
					<h4>examples/dma_passthrough</h4>
					<p>
						Result: <b>FAIL</b>
					</p>
					<pre class="pre-scrollable">WARNING: library Adafruit_Zero_I2S_Library claims to run on samd architecture(s) and may be incompatible with your current board which runs on mbed_nano architecture(s).
WARNING: library Adafruit_Zero_DMA_Library claims to run on samd architecture(s) and may be incompatible with your current board which runs on mbed_nano architecture(s).
/home/ec2-user/arduino-testlib/cli-datadir/user/libraries/Adafruit_Zero_I2S_Library/examples/dma_passthrough/dma_passthrough.ino:22:2: error: #error &#34;this example is for SAMD51 devices only&#34;
 #error &#34;this example is for SAMD51 devices only&#34;
  ^~~~~

</pre>
					
					<h4>examples/tone_generator</h4>
					<p>
						Result: <b>FAIL</b>
					</p>
					<pre class="pre-scrollable">WARNING: library Adafruit_Zero_I2S_Library claims to run on samd architecture(s) and may be incompatible with your current board which runs on mbed_nano architecture(s).
/home/ec2-user/arduino-testlib/cli-datadir/user/libraries/Adafruit_Zero_I2S_Library/examples/tone_generator/tone_generator.ino: In function &#39;void setup()&#39;:
/home/ec2-user/arduino-testlib/cli-datadir/user/libraries/Adafruit_Zero_I2S_Library/examples/tone_generator/tone_generator.ino:56:16: error: &#39;Serial&#39; was not declared in this scope
 #define Serial Serial
                ^
/home/ec2-user/arduino-testlib/cli-datadir/user/libraries/Adafruit_Zero_I2S_Library/examples/tone_generator/tone_generator.ino:120:3: note: in expansion of macro &#39;Serial&#39;
   Serial.begin(115200);
   ^~~~~~
/home/ec2-user/arduino-testlib/cli-datadir/user/libraries/Adafruit_Zero_I2S_Library/examples/tone_generator/tone_generator.ino:56:16: note: suggested alternative: &#39;serial_t&#39;
 #define Serial Serial
                ^
/home/ec2-user/arduino-testlib/cli-datadir/user/libraries/Adafruit_Zero_I2S_Library/examples/tone_generator/tone_generator.ino:120:3: note: in expansion of macro &#39;Serial&#39;
   Serial.begin(115200);
   ^~~~~~
/home/ec2-user/arduino-testlib/cli-datadir/user/libraries/Adafruit_Zero_I2S_Library/examples/tone_generator/tone_generator.ino: In function &#39;void loop()&#39;:
/home/ec2-user/arduino-testlib/cli-datadir/user/libraries/Adafruit_Zero_I2S_Library/examples/tone_generator/tone_generator.ino:56:16: error: &#39;Serial&#39; was not declared in this scope
 #define Serial Serial
                ^
/home/ec2-user/arduino-testlib/cli-datadir/user/libraries/Adafruit_Zero_I2S_Library/examples/tone_generator/tone_generator.ino:138:3: note: in expansion of macro &#39;Serial&#39;
   Serial.println(&#34;Sine wave&#34;);
   ^~~~~~
/home/ec2-user/arduino-testlib/cli-datadir/user/libraries/Adafruit_Zero_I2S_Library/examples/tone_generator/tone_generator.ino:56:16: note: suggested alternative: &#39;serial_t&#39;
 #define Serial Serial
                ^
/home/ec2-user/arduino-testlib/cli-datadir/user/libraries/Adafruit_Zero_I2S_Library/examples/tone_generator/tone_generator.ino:138:3: note: in expansion of macro &#39;Serial&#39;
   Serial.println(&#34;Sine wave&#34;);
   ^~~~~~

</pre>
					
				
				<h3 id="arduino:megaavr:nona4809">arduino:megaavr:nona4809 @ 1.8.7</h3>
				<h4>Inclusion</h4>
				<p>
					Result: <b>FAIL</b>
					
					<br />This library has no main header file so an empty one was created.
					
				</p>
				<pre class="pre-scrollable">/tmp/arduino-testlib3173061747/test/test.ino:1:10: fatal error: Adafruit_Zero_I2S_Library.h: No such file or directory
 #include &lt;Adafruit_Zero_I2S_Library.h&gt;
          ^~~~~~~~~~~~~~~~~~~~~~~~~~~~~
compilation terminated.

</pre>

					
					<h4>examples/basic</h4>
					<p>
						Result: <b>FAIL</b>
					</p>
					<pre class="pre-scrollable">WARNING: library Adafruit_Zero_I2S_Library claims to run on samd architecture(s) and may be incompatible with your current board which runs on megaavr architecture(s).
/home/ec2-user/arduino-testlib/cli-datadir/user/libraries/Adafruit_Zero_I2S_Library/Adafruit_ZeroI2S.cpp: In constructor &#39;Adafruit_ZeroI2S::Adafruit_ZeroI2S()&#39;:
/home/ec2-user/arduino-testlib/cli-datadir/user/libraries/Adafruit_Zero_I2S_Library/Adafruit_ZeroI2S.cpp:60:11: error: &#39;PIN_I2S_FS&#39; was not declared in this scope
     : _fs(PIN_I2S_FS), _sck(PIN_I2S_SCK), _tx(PIN_I2S_SD) {
           ^~~~~~~~~~
/home/ec2-user/arduino-testlib/cli-datadir/user/libraries/Adafruit_Zero_I2S_Library/Adafruit_ZeroI2S.cpp:60:11: note: suggested alternative: &#39;PIN_SPI_SS&#39;
     : _fs(PIN_I2S_FS), _sck(PIN_I2S_SCK), _tx(PIN_I2S_SD) {
           ^~~~~~~~~~
           PIN_SPI_SS
/home/ec2-user/arduino-testlib/cli-datadir/user/libraries/Adafruit_Zero_I2S_Library/Adafruit_ZeroI2S.cpp:60:29: error: &#39;PIN_I2S_SCK&#39; was not declared in this scope
     : _fs(PIN_I2S_FS), _sck(PIN_I2S_SCK), _tx(PIN_I2S_SD) {
                             ^~~~~~~~~~~
/home/ec2-user/arduino-testlib/cli-datadir/user/libraries/Adafruit_Zero_I2S_Library/Adafruit_ZeroI2S.cpp:60:29: note: suggested alternative: &#39;PIN_SPI_SCK&#39;
     : _fs(PIN_I2S_FS), _sck(PIN_I2S_SCK), _tx(PIN_I2S_SD) {
                             ^~~~~~~~~~~
                             PIN_SPI_SCK
/home/ec2-user/arduino-testlib/cli-datadir/user/libraries/Adafruit_Zero_I2S_Library/Adafruit_ZeroI2S.cpp:60:47: error: &#39;PIN_I2S_SD&#39; was not declared in this scope
     : _fs(PIN_I2S_FS), _sck(PIN_I2S_SCK), _tx(PIN_I2S_SD) {
                                               ^~~~~~~~~~
/home/ec2-user/arduino-testlib/cli-datadir/user/libraries/Adafruit_Zero_I2S_Library/Adafruit_ZeroI2S.cpp:60:47: note: suggested alternative: &#39;PIN_WIRE_SDA&#39;
     : _fs(PIN_I2S_FS), _sck(PIN_I2S_SCK), _tx(PIN_I2S_SD) {
                                               ^~~~~~~~~~
                                               PIN_WIRE_SDA
/home/ec2-user/arduino-testlib/cli-datadir/user/libraries/Adafruit_Zero_I2S_Library/Adafruit_ZeroI2S.cpp: In member function &#39;bool Adafruit_ZeroI2S::begin(I2SSlotSize, int, int)&#39;:
/home/ec2-user/arduino-testlib/cli-datadir/user/libraries/Adafruit_Zero_I2S_Library/Adafruit_ZeroI2S.cpp:158:24: error: &#39;g_APinDescription&#39; was not declared in this scope
   uint32_t clockport = g_APinDescription[_sck].ulPort;
                        ^~~~~~~~~~~~~~~~~
/home/ec2-user/arduino-testlib/cli-datadir/user/libraries/Adafruit_Zero_I2S_Library/Adafruit_ZeroI2S.cpp:158:24: note: suggested alternative: &#39;IADDescriptor&#39;
   uint32_t clockport = g_APinDescription[_sck].ulPort;
                        ^~~~~~~~~~~~~~~~~
                        IADDescriptor
/home/ec2-user/arduino-testlib/cli-datadir/user/libraries/Adafruit_Zero_I2S_Library/Adafruit_ZeroI2S.cpp:163:16: error: &#39;PIN_PA10G_I2S_SCK0&#39; was not declared in this scope
     _clk_pin = PIN_PA10G_I2S_SCK0;
                ^~~~~~~~~~~~~~~~~~
/home/ec2-user/arduino-testlib/cli-datadir/user/libraries/Adafruit_Zero_I2S_Library/Adafruit_ZeroI2S.cpp:163:16: note: suggested alternative: &#39;PIN_SPI_SCK&#39;
     _clk_pin = PIN_PA10G_I2S_SCK0;
                ^~~~~~~~~~~~~~~~~~
                PIN_SPI_SCK
/home/ec2-user/arduino-testlib/cli-datadir/user/libraries/Adafruit_Zero_I2S_Library/Adafruit_ZeroI2S.cpp:164:16: error: &#39;MUX_PA10G_I2S_SCK0&#39; was not declared in this scope
     _clk_mux = MUX_PA10G_I2S_SCK0;
                ^~~~~~~~~~~~~~~~~~
/home/ec2-user/arduino-testlib/cli-datadir/user/libraries/Adafruit_Zero_I2S_Library/Adafruit_ZeroI2S.cpp:183:24: error: &#39;EPioType&#39; was not declared in this scope
   pinPeripheral(_sck, (EPioType)_clk_mux);
                        ^~~~~~~~
/home/ec2-user/arduino-testlib/cli-datadir/user/libraries/Adafruit_Zero_I2S_Library/Adafruit_ZeroI2S.cpp:183:3: error: &#39;pinPeripheral&#39; was not declared in this scope
   pinPeripheral(_sck, (EPioType)_clk_mux);
   ^~~~~~~~~~~~~
/home/ec2-user/arduino-testlib/cli-datadir/user/libraries/Adafruit_Zero_I2S_Library/Adafruit_ZeroI2S.cpp:190:15: error: &#39;PIN_PA11G_I2S_FS0&#39; was not declared in this scope
     _fs_pin = PIN_PA11G_I2S_FS0;
               ^~~~~~~~~~~~~~~~~
/home/ec2-user/arduino-testlib/cli-datadir/user/libraries/Adafruit_Zero_I2S_Library/Adafruit_ZeroI2S.cpp:191:15: error: &#39;MUX_PA11G_I2S_FS0&#39; was not declared in this scope
     _fs_mux = MUX_PA11G_I2S_FS0;
               ^~~~~~~~~~~~~~~~~
/home/ec2-user/arduino-testlib/cli-datadir/user/libraries/Adafruit_Zero_I2S_Library/Adafruit_ZeroI2S.cpp:202:32: error: expected &#39;)&#39; before &#39;_fs_mux&#39;
   pinPeripheral(_fs, (EPioType)_fs_mux);
                                ^~~~~~~
/home/ec2-user/arduino-testlib/cli-datadir/user/libraries/Adafruit_Zero_I2S_Library/Adafruit_ZeroI2S.cpp:206:15: error: &#39;I2S_GCLK_ID_0&#39; was not declared in this scope
     i2sGCLK = I2S_GCLK_ID_0;
               ^~~~~~~~~~~~~
/home/ec2-user/arduino-testlib/cli-datadir/user/libraries/Adafruit_Zero_I2S_Library/Adafruit_ZeroI2S.cpp:208:15: error: &#39;I2S_GCLK_ID_1&#39; was not declared in this scope
     i2sGCLK = I2S_GCLK_ID_1;
               ^~~~~~~~~~~~~
/home/ec2-user/arduino-testlib/cli-datadir/user/libraries/Adafruit_Zero_I2S_Library/Adafruit_ZeroI2S.cpp:212:10: error: &#39;GCLK&#39; was not declared in this scope
   while (GCLK-&gt;STATUS.bit.SYNCBUSY)
          ^~~~
/home/ec2-user/arduino-testlib/cli-datadir/user/libraries/Adafruit_Zero_I2S_Library/Adafruit_ZeroI2S.cpp:212:10: note: suggested alternative: &#39;SCL&#39;
   while (GCLK-&gt;STATUS.bit.SYNCBUSY)
          ^~~~
          SCL
/home/ec2-user/arduino-testlib/cli-datadir/user/libraries/Adafruit_Zero_I2S_Library/Adafruit_ZeroI2S.cpp:214:3: error: &#39;GCLK&#39; was not declared in this scope
   GCLK-&gt;GENDIV.bit.ID = I2S_CLOCK_GENERATOR;
   ^~~~
/home/ec2-user/arduino-testlib/cli-datadir/user/libraries/Adafruit_Zero_I2S_Library/Adafruit_ZeroI2S.cpp:214:3: note: suggested alternative: &#39;SCL&#39;
   GCLK-&gt;GENDIV.bit.ID = I2S_CLOCK_GENERATOR;
   ^~~~
   SCL
/home/ec2-user/arduino-testlib/cli-datadir/user/libraries/Adafruit_Zero_I2S_Library/Adafruit_ZeroI2S.cpp:214:25: error: &#39;I2S_CLOCK_GENERATOR&#39; was not declared in this scope
   GCLK-&gt;GENDIV.bit.ID = I2S_CLOCK_GENERATOR;
                         ^~~~~~~~~~~~~~~~~~~
/home/ec2-user/arduino-testlib/cli-datadir/user/libraries/Adafruit_Zero_I2S_Library/Adafruit_ZeroI2S.cpp:215:26: error: &#39;SystemCoreClock&#39; was not declared in this scope
   GCLK-&gt;GENDIV.bit.DIV = SystemCoreClock / divider;
                          ^~~~~~~~~~~~~~~
/home/ec2-user/arduino-testlib/cli-datadir/user/libraries/Adafruit_Zero_I2S_Library/Adafruit_ZeroI2S.cpp:221:27: error: &#39;GCLK_GENCTRL_SRC_DFLL48M_Val&#39; was not declared in this scope
   GCLK-&gt;GENCTRL.bit.SRC = GCLK_GENCTRL_SRC_DFLL48M_Val;
                           ^~~~~~~~~~~~~~~~~~~~~~~~~~~~
In file included from /home/ec2-user/arduino-testlib/cli-datadir/data/packages/arduino/tools/avr-gcc/7.3.0-atmel3.6.1-arduino5/avr/include/avr/io.h:677:0,
                 from /home/ec2-user/arduino-testlib/cli-datadir/data/packages/arduino/tools/avr-gcc/7.3.0-atmel3.6.1-arduino5/avr/include/avr/pgmspace.h:90,
                 from /home/ec2-user/arduino-testlib/cli-datadir/data/packages/arduino/hardware/megaavr/1.8.7/cores/arduino/api/String.h:31,
                 from /home/ec2-user/arduino-testlib/cli-datadir/data/packages/arduino/hardware/megaavr/1.8.7/cores/arduino/api/IPAddress.h:24,
                 from /home/ec2-user/arduino-testlib/cli-datadir/data/packages/arduino/hardware/megaavr/1.8.7/cores/arduino/api/ArduinoAPI.h:30,
                 from /home/ec2-user/arduino-testlib/cli-datadir/data/packages/arduino/hardware/megaavr/1.8.7/cores/arduino/Arduino.h:23,
                 from /home/ec2-user/arduino-testlib/cli-datadir/user/libraries/Adafruit_Zero_I2S_Library/Adafruit_ZeroI2S.h:20,
                 from /home/ec2-user/arduino-testlib/cli-datadir/user/libraries/Adafruit_Zero_I2S_Library/Adafruit_ZeroI2S.cpp:25:
/home/ec2-user/arduino-testlib/cli-datadir/user/libraries/Adafruit_Zero_I2S_Library/Adafruit_ZeroI2S.cpp:228:9: error: expected unqualified-id before &#39;(&#39; token
   GCLK-&gt;CLKCTRL.bit.ID = i2sGCLK;
         ^
/home/ec2-user/arduino-testlib/cli-datadir/user/libraries/Adafruit_Zero_I2S_Library/Adafruit_ZeroI2S.cpp:229:9: error: expected unqualified-id before &#39;(&#39; token
   GCLK-&gt;CLKCTRL.bit.GEN = I2S_CLOCK_GENERATOR;
         ^
/home/ec2-user/arduino-testlib/cli-datadir/user/libraries/Adafruit_Zero_I2S_Library/Adafruit_ZeroI2S.cpp:230:9: error: expected unqualified-id before &#39;(&#39; token
   GCLK-&gt;CLKCTRL.bit.CLKEN = 1;
         ^
/home/ec2-user/arduino-testlib/cli-datadir/user/libraries/Adafruit_Zero_I2S_Library/Adafruit_ZeroI2S.cpp:241:17: error: &#39;PIN_PA07G_I2S_SD0&#39; was not declared in this scope
     _data_pin = PIN_PA07G_I2S_SD0;
                 ^~~~~~~~~~~~~~~~~
/home/ec2-user/arduino-testlib/cli-datadir/user/libraries/Adafruit_Zero_I2S_Library/Adafruit_ZeroI2S.cpp:242:17: error: &#39;MUX_PA07G_I2S_SD0&#39; was not declared in this scope
     _data_mux = MUX_PA07G_I2S_SD0;
                 ^~~~~~~~~~~~~~~~~
/home/ec2-user/arduino-testlib/cli-datadir/user/libraries/Adafruit_Zero_I2S_Library/Adafruit_ZeroI2S.cpp:246:17: error: &#39;PIN_PA08G_I2S_SD1&#39; was not declared in this scope
     _data_pin = PIN_PA08G_I2S_SD1;
                 ^~~~~~~~~~~~~~~~~
/home/ec2-user/arduino-testlib/cli-datadir/user/libraries/Adafruit_Zero_I2S_Library/Adafruit_ZeroI2S.cpp:247:17: error: &#39;MUX_PA08G_I2S_SD1&#39; was not declared in this scope
     _data_mux = MUX_PA08G_I2S_SD1;
                 ^~~~~~~~~~~~~~~~~
/home/ec2-user/arduino-testlib/cli-datadir/user/libraries/Adafruit_Zero_I2S_Library/Adafruit_ZeroI2S.cpp:251:17: error: &#39;PIN_PA19G_I2S_SD0&#39; was not declared in this scope
     _data_pin = PIN_PA19G_I2S_SD0;
                 ^~~~~~~~~~~~~~~~~
/home/ec2-user/arduino-testlib/cli-datadir/user/libraries/Adafruit_Zero_I2S_Library/Adafruit_ZeroI2S.cpp:252:17: error: &#39;MUX_PA19G_I2S_SD0&#39; was not declared in this scope
     _data_mux = MUX_PA19G_I2S_SD0;
                 ^~~~~~</pre>
					
					<h4>examples/dma</h4>
					<p>
						Result: <b>FAIL</b>
					</p>
					<pre class="pre-scrollable">/home/ec2-user/arduino-testlib/cli-datadir/user/libraries/Adafruit_Zero_DMA_Library/Adafruit_ZeroDMA.cpp:30:10: fatal error: malloc.h: No such file or directory
 #include &lt;malloc.h&gt; // memalign() function
          ^~~~~~~~~~
compilation terminated.

</pre>
					
					<h4>examples/dma_passthrough</h4>
					<p>
						Result: <b>FAIL</b>
					</p>
					<pre class="pre-scrollable">/home/ec2-user/arduino-testlib/cli-datadir/user/libraries/Adafruit_Zero_DMA_Library/Adafruit_ZeroDMA.cpp:30:10: fatal error: malloc.h: No such file or directory
 #include &lt;malloc.h&gt; // memalign() function
          ^~~~~~~~~~
compilation terminated.

</pre>
					
					<h4>examples/tone_generator</h4>
					<p>
						Result: <b>FAIL</b>
					</p>
					<pre class="pre-scrollable">WARNING: library Adafruit_Zero_I2S_Library claims to run on samd architecture(s) and may be incompatible with your current board which runs on megaavr architecture(s).
/home/ec2-user/arduino-testlib/cli-datadir/user/libraries/Adafruit_Zero_I2S_Library/examples/tone_generator/tone_generator.ino:51:24: error: &#39;int32_t square [256]&#39; redeclared as different kind of symbol
 int32_t square[WAV_SIZE]   = {0};
                        ^
In file included from /home/ec2-user/arduino-testlib/cli-datadir/data/packages/arduino/hardware/megaavr/1.8.7/cores/arduino/api/ArduinoAPI.h:47:0,
                 from /home/ec2-user/arduino-testlib/cli-datadir/data/packages/arduino/hardware/megaavr/1.8.7/cores/arduino/Arduino.h:23,
                 from /tmp/arduino-sketch-97923611DFD2642623FC85D9E1EF1B0F/sketch/tone_generator.ino.cpp:1:
/home/ec2-user/arduino-testlib/cli-datadir/data/packages/arduino/tools/avr-gcc/7.3.0-atmel3.6.1-arduino5/avr/include/math.h:203:15: note: previous declaration &#39;double square(double)&#39;
 extern double square(double __x) __ATTR_CONST__;
               ^~~~~~
/home/ec2-user/arduino-testlib/cli-datadir/user/libraries/Adafruit_Zero_I2S_Library/examples/tone_generator/tone_generator.ino: In function &#39;void setup()&#39;:
/home/ec2-user/arduino-testlib/cli-datadir/user/libraries/Adafruit_Zero_I2S_Library/examples/tone_generator/tone_generator.ino:134:45: error: cannot convert &#39;double (*)(double)&#39; to &#39;int32_t* {aka long int*}&#39; for argument &#39;2&#39; to &#39;void generateSquare(int32_t, int32_t*, uint16_t)&#39;
   generateSquare(AMPLITUDE, square, WAV_SIZE);
                                             ^
/home/ec2-user/arduino-testlib/cli-datadir/user/libraries/Adafruit_Zero_I2S_Library/examples/tone_generator/tone_generator.ino: In function &#39;void loop()&#39;:
/home/ec2-user/arduino-testlib/cli-datadir/user/libraries/Adafruit_Zero_I2S_Library/examples/tone_generator/tone_generator.ino:162:46: error: cannot convert &#39;double (*)(double)&#39; to &#39;int32_t* {aka long int*}&#39; for argument &#39;1&#39; to &#39;void playWave(int32_t*, uint16_t, float, float)&#39;
     playWave(square, WAV_SIZE, scale[i], 0.25);
                                              ^

</pre>
					
				
				<h3 id="arduino:samd:mkrwifi1010">arduino:samd:mkrwifi1010 @ 1.8.12</h3>
				<h4>Inclusion</h4>
				<p>
					Result: <b>FAIL</b>
					
					<br />This library has no main header file so an empty one was created.
					
				</p>
				<pre class="pre-scrollable">/private/tmp/arduino-testlib2491500801/test/test.ino:1:10: fatal error: Adafruit_Zero_I2S_Library.h: No such file or directory
 #include &lt;Adafruit_Zero_I2S_Library.h&gt;
          ^~~~~~~~~~~~~~~~~~~~~~~~~~~~~
compilation terminated.

</pre>

					
					<h4>examples/basic</h4>
					<p>
						Result: <b>PASS</b>
					</p>
					<pre class="pre-scrollable">Sketch uses 25036 bytes (9%) of program storage space. Maximum is 262144 bytes.
Global variables use 4028 bytes (12%) of dynamic memory, leaving 28740 bytes for local variables. Maximum is 32768 bytes.
</pre>
					
					<h4>examples/dma</h4>
					<p>
						Result: <b>PASS</b>
					</p>
					<pre class="pre-scrollable">Sketch uses 26988 bytes (10%) of program storage space. Maximum is 262144 bytes.
Global variables use 4500 bytes (13%) of dynamic memory, leaving 28268 bytes for local variables. Maximum is 32768 bytes.
</pre>
					
					<h4>examples/dma_passthrough</h4>
					<p>
						Result: <b>FAIL</b>
					</p>
					<pre class="pre-scrollable">/Users/alranel/Documents/git/arduino/arduino-testlib/cli-datadir/user/libraries/Adafruit_Zero_I2S_Library/examples/dma_passthrough/dma_passthrough.ino:22:2: error: #error &#34;this example is for SAMD51 devices only&#34;
 #error &#34;this example is for SAMD51 devices only&#34;
  ^~~~~

</pre>
					
					<h4>examples/tone_generator</h4>
					<p>
						Result: <b>FAIL</b>
					</p>
					<pre class="pre-scrollable">/Users/alranel/Documents/git/arduino/arduino-testlib/cli-datadir/user/libraries/Adafruit_Zero_I2S_Library/examples/tone_generator/tone_generator.ino: In function &#39;void setup()&#39;:
/Users/alranel/Documents/git/arduino/arduino-testlib/cli-datadir/user/libraries/Adafruit_Zero_I2S_Library/examples/tone_generator/tone_generator.ino:56:16: error: &#39;Serial&#39; was not declared in this scope
 #define Serial Serial
                ^
/Users/alranel/Documents/git/arduino/arduino-testlib/cli-datadir/user/libraries/Adafruit_Zero_I2S_Library/examples/tone_generator/tone_generator.ino:120:3: note: in expansion of macro &#39;Serial&#39;
   Serial.begin(115200);
   ^~~~~~
/Users/alranel/Documents/git/arduino/arduino-testlib/cli-datadir/user/libraries/Adafruit_Zero_I2S_Library/examples/tone_generator/tone_generator.ino:56:16: note: suggested alternative: &#39;Serial_&#39;
 #define Serial Serial
                ^
/Users/alranel/Documents/git/arduino/arduino-testlib/cli-datadir/user/libraries/Adafruit_Zero_I2S_Library/examples/tone_generator/tone_generator.ino:120:3: note: in expansion of macro &#39;Serial&#39;
   Serial.begin(115200);
   ^~~~~~
/Users/alranel/Documents/git/arduino/arduino-testlib/cli-datadir/user/libraries/Adafruit_Zero_I2S_Library/examples/tone_generator/tone_generator.ino: In function &#39;void loop()&#39;:
/Users/alranel/Documents/git/arduino/arduino-testlib/cli-datadir/user/libraries/Adafruit_Zero_I2S_Library/examples/tone_generator/tone_generator.ino:56:16: error: &#39;Serial&#39; was not declared in this scope
 #define Serial Serial
                ^
/Users/alranel/Documents/git/arduino/arduino-testlib/cli-datadir/user/libraries/Adafruit_Zero_I2S_Library/examples/tone_generator/tone_generator.ino:138:3: note: in expansion of macro &#39;Serial&#39;
   Serial.println(&#34;Sine wave&#34;);
   ^~~~~~
/Users/alranel/Documents/git/arduino/arduino-testlib/cli-datadir/user/libraries/Adafruit_Zero_I2S_Library/examples/tone_generator/tone_generator.ino:56:16: note: suggested alternative: &#39;Serial_&#39;
 #define Serial Serial
                ^
/Users/alranel/Documents/git/arduino/arduino-testlib/cli-datadir/user/libraries/Adafruit_Zero_I2S_Library/examples/tone_generator/tone_generator.ino:138:3: note: in expansion of macro &#39;Serial&#39;
   Serial.println(&#34;Sine wave&#34;);
   ^~~~~~

</pre>
					
				
				<h3 id="esp32:esp32:d1_mini32">esp32:esp32:d1_mini32 @ 1.0.6</h3>
				<h4>Inclusion</h4>
				<p>
					Result: <b>FAIL</b>
					
					<br />This library has no main header file so an empty one was created.
					
				</p>
				<pre class="pre-scrollable">/tmp/arduino-testlib362897504/test/test.ino:1:39: fatal error: Adafruit_Zero_I2S_Library.h: No such file or directory
compilation terminated.

</pre>

					
					<h4>examples/basic</h4>
					<p>
						Result: <b>FAIL</b>
					</p>
					<pre class="pre-scrollable">WARNING: library Adafruit_Zero_I2S_Library claims to run on samd architecture(s) and may be incompatible with your current board which runs on esp32 architecture(s).
/home/ec2-user/arduino-testlib/cli-datadir/user/libraries/Adafruit_Zero_I2S_Library/Adafruit_ZeroI2S.cpp: In constructor &#39;Adafruit_ZeroI2S::Adafruit_ZeroI2S()&#39;:
/home/ec2-user/arduino-testlib/cli-datadir/user/libraries/Adafruit_Zero_I2S_Library/Adafruit_ZeroI2S.cpp:60:11: error: &#39;PIN_I2S_FS&#39; was not declared in this scope
     : _fs(PIN_I2S_FS), _sck(PIN_I2S_SCK), _tx(PIN_I2S_SD) {
           ^
/home/ec2-user/arduino-testlib/cli-datadir/user/libraries/Adafruit_Zero_I2S_Library/Adafruit_ZeroI2S.cpp:60:29: error: &#39;PIN_I2S_SCK&#39; was not declared in this scope
     : _fs(PIN_I2S_FS), _sck(PIN_I2S_SCK), _tx(PIN_I2S_SD) {
                             ^
/home/ec2-user/arduino-testlib/cli-datadir/user/libraries/Adafruit_Zero_I2S_Library/Adafruit_ZeroI2S.cpp:60:47: error: &#39;PIN_I2S_SD&#39; was not declared in this scope
     : _fs(PIN_I2S_FS), _sck(PIN_I2S_SCK), _tx(PIN_I2S_SD) {
                                               ^
/home/ec2-user/arduino-testlib/cli-datadir/user/libraries/Adafruit_Zero_I2S_Library/Adafruit_ZeroI2S.cpp: In member function &#39;bool Adafruit_ZeroI2S::begin(I2SSlotSize, int, int)&#39;:
/home/ec2-user/arduino-testlib/cli-datadir/user/libraries/Adafruit_Zero_I2S_Library/Adafruit_ZeroI2S.cpp:158:24: error: &#39;g_APinDescription&#39; was not declared in this scope
   uint32_t clockport = g_APinDescription[_sck].ulPort;
                        ^
/home/ec2-user/arduino-testlib/cli-datadir/user/libraries/Adafruit_Zero_I2S_Library/Adafruit_ZeroI2S.cpp:163:16: error: &#39;PIN_PA10G_I2S_SCK0&#39; was not declared in this scope
     _clk_pin = PIN_PA10G_I2S_SCK0;
                ^
/home/ec2-user/arduino-testlib/cli-datadir/user/libraries/Adafruit_Zero_I2S_Library/Adafruit_ZeroI2S.cpp:164:16: error: &#39;MUX_PA10G_I2S_SCK0&#39; was not declared in this scope
     _clk_mux = MUX_PA10G_I2S_SCK0;
                ^
/home/ec2-user/arduino-testlib/cli-datadir/user/libraries/Adafruit_Zero_I2S_Library/Adafruit_ZeroI2S.cpp:183:24: error: &#39;EPioType&#39; was not declared in this scope
   pinPeripheral(_sck, (EPioType)_clk_mux);
                        ^
/home/ec2-user/arduino-testlib/cli-datadir/user/libraries/Adafruit_Zero_I2S_Library/Adafruit_ZeroI2S.cpp:183:41: error: &#39;pinPeripheral&#39; was not declared in this scope
   pinPeripheral(_sck, (EPioType)_clk_mux);
                                         ^
/home/ec2-user/arduino-testlib/cli-datadir/user/libraries/Adafruit_Zero_I2S_Library/Adafruit_ZeroI2S.cpp:190:15: error: &#39;PIN_PA11G_I2S_FS0&#39; was not declared in this scope
     _fs_pin = PIN_PA11G_I2S_FS0;
               ^
/home/ec2-user/arduino-testlib/cli-datadir/user/libraries/Adafruit_Zero_I2S_Library/Adafruit_ZeroI2S.cpp:191:15: error: &#39;MUX_PA11G_I2S_FS0&#39; was not declared in this scope
     _fs_mux = MUX_PA11G_I2S_FS0;
               ^
/home/ec2-user/arduino-testlib/cli-datadir/user/libraries/Adafruit_Zero_I2S_Library/Adafruit_ZeroI2S.cpp:202:32: error: expected &#39;)&#39; before &#39;_fs_mux&#39;
   pinPeripheral(_fs, (EPioType)_fs_mux);
                                ^
/home/ec2-user/arduino-testlib/cli-datadir/user/libraries/Adafruit_Zero_I2S_Library/Adafruit_ZeroI2S.cpp:206:15: error: &#39;I2S_GCLK_ID_0&#39; was not declared in this scope
     i2sGCLK = I2S_GCLK_ID_0;
               ^
/home/ec2-user/arduino-testlib/cli-datadir/user/libraries/Adafruit_Zero_I2S_Library/Adafruit_ZeroI2S.cpp:208:15: error: &#39;I2S_GCLK_ID_1&#39; was not declared in this scope
     i2sGCLK = I2S_GCLK_ID_1;
               ^
/home/ec2-user/arduino-testlib/cli-datadir/user/libraries/Adafruit_Zero_I2S_Library/Adafruit_ZeroI2S.cpp:212:10: error: &#39;GCLK&#39; was not declared in this scope
   while (GCLK-&gt;STATUS.bit.SYNCBUSY)
          ^
/home/ec2-user/arduino-testlib/cli-datadir/user/libraries/Adafruit_Zero_I2S_Library/Adafruit_ZeroI2S.cpp:214:3: error: &#39;GCLK&#39; was not declared in this scope
   GCLK-&gt;GENDIV.bit.ID = I2S_CLOCK_GENERATOR;
   ^
/home/ec2-user/arduino-testlib/cli-datadir/user/libraries/Adafruit_Zero_I2S_Library/Adafruit_ZeroI2S.cpp:214:25: error: &#39;I2S_CLOCK_GENERATOR&#39; was not declared in this scope
   GCLK-&gt;GENDIV.bit.ID = I2S_CLOCK_GENERATOR;
                         ^
/home/ec2-user/arduino-testlib/cli-datadir/user/libraries/Adafruit_Zero_I2S_Library/Adafruit_ZeroI2S.cpp:215:26: error: &#39;SystemCoreClock&#39; was not declared in this scope
   GCLK-&gt;GENDIV.bit.DIV = SystemCoreClock / divider;
                          ^
/home/ec2-user/arduino-testlib/cli-datadir/user/libraries/Adafruit_Zero_I2S_Library/Adafruit_ZeroI2S.cpp:221:27: error: &#39;GCLK_GENCTRL_SRC_DFLL48M_Val&#39; was not declared in this scope
   GCLK-&gt;GENCTRL.bit.SRC = GCLK_GENCTRL_SRC_DFLL48M_Val;
                           ^
/home/ec2-user/arduino-testlib/cli-datadir/user/libraries/Adafruit_Zero_I2S_Library/Adafruit_ZeroI2S.cpp:241:17: error: &#39;PIN_PA07G_I2S_SD0&#39; was not declared in this scope
     _data_pin = PIN_PA07G_I2S_SD0;
                 ^
/home/ec2-user/arduino-testlib/cli-datadir/user/libraries/Adafruit_Zero_I2S_Library/Adafruit_ZeroI2S.cpp:242:17: error: &#39;MUX_PA07G_I2S_SD0&#39; was not declared in this scope
     _data_mux = MUX_PA07G_I2S_SD0;
                 ^
/home/ec2-user/arduino-testlib/cli-datadir/user/libraries/Adafruit_Zero_I2S_Library/Adafruit_ZeroI2S.cpp:246:17: error: &#39;PIN_PA08G_I2S_SD1&#39; was not declared in this scope
     _data_pin = PIN_PA08G_I2S_SD1;
                 ^
/home/ec2-user/arduino-testlib/cli-datadir/user/libraries/Adafruit_Zero_I2S_Library/Adafruit_ZeroI2S.cpp:247:17: error: &#39;MUX_PA08G_I2S_SD1&#39; was not declared in this scope
     _data_mux = MUX_PA08G_I2S_SD1;
                 ^
/home/ec2-user/arduino-testlib/cli-datadir/user/libraries/Adafruit_Zero_I2S_Library/Adafruit_ZeroI2S.cpp:251:17: error: &#39;PIN_PA19G_I2S_SD0&#39; was not declared in this scope
     _data_pin = PIN_PA19G_I2S_SD0;
                 ^
/home/ec2-user/arduino-testlib/cli-datadir/user/libraries/Adafruit_Zero_I2S_Library/Adafruit_ZeroI2S.cpp:252:17: error: &#39;MUX_PA19G_I2S_SD0&#39; was not declared in this scope
     _data_mux = MUX_PA19G_I2S_SD0;
                 ^
/home/ec2-user/arduino-testlib/cli-datadir/user/libraries/Adafruit_Zero_I2S_Library/Adafruit_ZeroI2S.cpp:257:32: error: expected &#39;)&#39; before &#39;_data_mux&#39;
   pinPeripheral(_tx, (EPioType)_data_mux);
                                ^
/home/ec2-user/arduino-testlib/cli-datadir/user/libraries/Adafruit_Zero_I2S_Library/Adafruit_ZeroI2S.cpp:259:3: error: &#39;PM&#39; was not declared in this scope
   PM-&gt;APBCMASK.reg |= PM_APBCMASK_I2S;
   ^
/home/ec2-user/arduino-testlib/cli-datadir/user/libraries/Adafruit_Zero_I2S_Library/Adafruit_ZeroI2S.cpp:259:23: error: &#39;PM_APBCMASK_I2S&#39; was not declared in this scope
   PM-&gt;APBCMASK.reg |= PM_APBCMASK_I2S;
                       ^
/home/ec2-user/arduino-testlib/cli-datadir/user/libraries/Adafruit_Zero_I2S_Library/Adafruit_ZeroI2S.cpp:261:3: error: &#39;I2S&#39; was not declared in this scope
   I2S-&gt;CTRLA.bit.ENABLE = 0;
   ^
/home/ec2-user/arduino-testlib/cli-datadir/user/libraries/Adafruit_Zero_I2S_Library/Adafruit_ZeroI2S.cpp:273:7: error: &#39;I2S_CLKCTRL_MCKSEL_GCLK&#39; was not declared in this scope
       I2S_CLKCTRL_MCKSEL_GCLK | I2S_CLKCTRL_SCKSEL_MCKDIV |
       ^
/home/ec2-user/arduino-testlib/cli-datadir/user/libraries/Adafruit_Zero_I2S_Library/Adafruit_ZeroI2S.cpp:273:33: error: &#39;I2S_CLKCTRL_SCKSEL_MCKDIV&#39; was not declared in this scope
       I2S_CLKCTRL_MCKSEL_GCLK | I2S_CLKCTRL_SCKSEL_MCKDIV |
                                 ^
/home/ec2-user/arduino-testlib/cli-datadir/user/libraries/Adafruit_Zero_I2S_Library/Adafruit_ZeroI2S.cpp:274:7: error: &#39;I2S_CLKCTRL_FSSEL_SCKDIV&#39; was not declared in this scope
       I2S_CLKCTRL_FSSEL_SCKDIV | I2S_CLKCTRL_BITDELAY_I2S |
       ^
/home/ec2-user/arduino-testlib/cli-datadir/user/libraries/Adafruit_Zero_I2S_Library/Adafruit_ZeroI2S.cpp:274:34: error: &#39;I2S_CLKCTRL_BITDELAY_I2S&#39; was not declared in this scope
       I2S_CLKCTRL_FSSEL_SCKDIV | I2S_CLKCTRL_BITDELAY_I2S |
                                  ^
/home/ec2-user/arduino-testlib/cli-datadir/user/libraries/Adafruit_Zero_I2S_Library/Adafruit_ZeroI2S.cpp:275:44: error: &#39;I2S_CLKCTRL_NBSLOTS&#39; was not declared in this scope
       I2S_CLKCTRL_NBSLOTS(I2S_NUM_SLOTS - 1) | I2S_CLKCTRL_SLOTSIZE(width);
                                            ^
/home/ec2-user/arduino-testlib/cli-datadir/user/libraries/Adafruit_Zero_I2S_Library/Adafruit_ZeroI2S.cpp:275:74: error: &#39;I2S_CLKCTRL_SLOTSIZE&#39; was not declared in this scope
       I2S_CLKCTRL_NBSLOTS(I2S_NUM_SLOTS - 1) | I2S_CLKCTRL_SLOTSIZE(width);
                                                                          ^
/home/ec2-user/arduino-testlib/cli-datadir/user/libraries/Adafruit_Zero_I2S_Library/Adafruit_ZeroI2S.cpp:280:16: error: &#39;I2S_SERCTRL_DATASIZE_8_Val&#39; was not declared in this scope
     wordSize = I2S_SERCTRL_DATASIZE_8_Val;
                ^
/home/ec2-user/arduino-testlib/cli-datadir/user/libraries/Adafruit_Zero_I2S_Library/Adafruit_ZeroI2S.cpp:283:16: error: &#39;I2S_SERCTRL_DATASIZE_16_Val&#39; was not declared in this scope
     wordSize = I2S_SERCTRL_DATASIZE_16_Val;
                ^
/home/ec2-user/arduino-testlib/cli-datadir/user/libraries/Adafruit_Zero_I2S_Library/Adafruit_ZeroI2S.cpp:286:16: error: &#39;I2S_SERCTRL_DATASIZE_24_Val&#39; was not declared in this scope
     wordSize = I2S_SERCTRL_DATASIZE_24_Val;
                ^
/home/ec2-user/arduino-testlib/cli-datadir/user/libraries/Adafruit_Zero_I2S_Library/Adafruit_ZeroI2S.cpp:289:16: error: &#39;I2S_SERCTRL_DATASIZE_32_Val&#39; was not declared in this scope
     wordSize = I2S_SERCTRL_DATASIZE_32_Val;
                ^
/home/ec2-user/arduino-testlib/cli-datadir/user/libraries/Adafruit_Zero_I2S_Library/Adafruit_ZeroI2S.cpp:304:7: error: &#39;I2S_SERCTRL_DMA_SINGLE&#39; was not declared in this scope
       I2S_SERCTRL_DMA_SINGLE | I2S_SERCTRL_MONO_STEREO |
       ^
/home/ec2-user/arduino-testlib/cli-datadir/user/libraries/Adafruit_Zero_I2S_Library/Adafruit_ZeroI2S.cpp:304:32: error: &#39;I2S_SERCTRL_MONO_STEREO&#39; was not declared in </pre>
					
					<h4>examples/dma</h4>
					<p>
						Result: <b>FAIL</b>
					</p>
					<pre class="pre-scrollable">WARNING: library Adafruit_Zero_I2S_Library claims to run on samd architecture(s) and may be incompatible with your current board which runs on esp32 architecture(s).
WARNING: library Adafruit_Zero_DMA_Library claims to run on samd architecture(s) and may be incompatible with your current board which runs on esp32 architecture(s).
In file included from /home/ec2-user/arduino-testlib/cli-datadir/user/libraries/Adafruit_Zero_DMA_Library/Adafruit_ZeroDMA.h:25:0,
                 from /home/ec2-user/arduino-testlib/cli-datadir/user/libraries/Adafruit_Zero_I2S_Library/examples/dma/dma.ino:2:
/home/ec2-user/arduino-testlib/cli-datadir/user/libraries/Adafruit_Zero_DMA_Library/utility/dma.h:73:29: error: &#39;DMAC_CHCTRLB_TRIGACT_BLOCK_Val&#39; was not declared in this scope
   DMA_TRIGGER_ACTON_BLOCK = DMAC_CHCTRLB_TRIGACT_BLOCK_Val,
                             ^
/home/ec2-user/arduino-testlib/cli-datadir/user/libraries/Adafruit_Zero_DMA_Library/utility/dma.h:74:28: error: &#39;DMAC_CHCTRLB_TRIGACT_BEAT_Val&#39; was not declared in this scope
   DMA_TRIGGER_ACTON_BEAT = DMAC_CHCTRLB_TRIGACT_BEAT_Val,
                            ^
/home/ec2-user/arduino-testlib/cli-datadir/user/libraries/Adafruit_Zero_DMA_Library/utility/dma.h:75:35: error: &#39;DMAC_CHCTRLB_TRIGACT_TRANSACTION_Val&#39; was not declared in this scope
   DMA_TRIGGER_ACTON_TRANSACTION = DMAC_CHCTRLB_TRIGACT_TRANSACTION_Val,
                                   ^
In file included from /home/ec2-user/arduino-testlib/cli-datadir/user/libraries/Adafruit_Zero_I2S_Library/examples/dma/dma.ino:2:0:
/home/ec2-user/arduino-testlib/cli-datadir/user/libraries/Adafruit_Zero_DMA_Library/Adafruit_ZeroDMA.h:201:3: error: &#39;DmacDescriptor&#39; does not name a type
   DmacDescriptor *
   ^
/home/ec2-user/arduino-testlib/cli-datadir/user/libraries/Adafruit_Zero_DMA_Library/Adafruit_ZeroDMA.h:219:25: error: &#39;DmacDescriptor&#39; has not been declared
   void changeDescriptor(DmacDescriptor *d, void *src = NULL, void *dst = NULL,
                         ^
/home/ec2-user/arduino-testlib/cli-datadir/user/libraries/Adafruit_Zero_I2S_Library/examples/dma/dma.ino: In function &#39;void setup()&#39;:
/home/ec2-user/arduino-testlib/cli-datadir/user/libraries/Adafruit_Zero_I2S_Library/examples/dma/dma.ino:41:20: error: &#39;I2S_DMAC_ID_TX_0&#39; was not declared in this scope
   myDMA.setTrigger(I2S_DMAC_ID_TX_0);
                    ^
/home/ec2-user/arduino-testlib/cli-datadir/user/libraries/Adafruit_Zero_I2S_Library/examples/dma/dma.ino:49:11: error: &#39;class Adafruit_ZeroDMA&#39; has no member named &#39;addDescriptor&#39;
     myDMA.addDescriptor(
           ^
/home/ec2-user/arduino-testlib/cli-datadir/user/libraries/Adafruit_Zero_I2S_Library/examples/dma/dma.ino:54:17: error: &#39;I2S&#39; was not declared in this scope
       (void *)(&amp;I2S-&gt;DATA[0].reg), // to here (M0&#43;)
                 ^

</pre>
					
					<h4>examples/dma_passthrough</h4>
					<p>
						Result: <b>FAIL</b>
					</p>
					<pre class="pre-scrollable">WARNING: library Adafruit_Zero_I2S_Library claims to run on samd architecture(s) and may be incompatible with your current board which runs on esp32 architecture(s).
WARNING: library Adafruit_Zero_DMA_Library claims to run on samd architecture(s) and may be incompatible with your current board which runs on esp32 architecture(s).
/home/ec2-user/arduino-testlib/cli-datadir/user/libraries/Adafruit_Zero_I2S_Library/examples/dma_passthrough/dma_passthrough.ino:22:2: error: #error &#34;this example is for SAMD51 devices only&#34;
 #error &#34;this example is for SAMD51 devices only&#34;
  ^

</pre>
					
					<h4>examples/tone_generator</h4>
					<p>
						Result: <b>FAIL</b>
					</p>
					<pre class="pre-scrollable">WARNING: library Adafruit_Zero_I2S_Library claims to run on samd architecture(s) and may be incompatible with your current board which runs on esp32 architecture(s).
/home/ec2-user/arduino-testlib/cli-datadir/user/libraries/Adafruit_Zero_I2S_Library/Adafruit_ZeroI2S.cpp: In constructor &#39;Adafruit_ZeroI2S::Adafruit_ZeroI2S()&#39;:
/home/ec2-user/arduino-testlib/cli-datadir/user/libraries/Adafruit_Zero_I2S_Library/Adafruit_ZeroI2S.cpp:60:11: error: &#39;PIN_I2S_FS&#39; was not declared in this scope
     : _fs(PIN_I2S_FS), _sck(PIN_I2S_SCK), _tx(PIN_I2S_SD) {
           ^
/home/ec2-user/arduino-testlib/cli-datadir/user/libraries/Adafruit_Zero_I2S_Library/Adafruit_ZeroI2S.cpp:60:29: error: &#39;PIN_I2S_SCK&#39; was not declared in this scope
     : _fs(PIN_I2S_FS), _sck(PIN_I2S_SCK), _tx(PIN_I2S_SD) {
                             ^
/home/ec2-user/arduino-testlib/cli-datadir/user/libraries/Adafruit_Zero_I2S_Library/Adafruit_ZeroI2S.cpp:60:47: error: &#39;PIN_I2S_SD&#39; was not declared in this scope
     : _fs(PIN_I2S_FS), _sck(PIN_I2S_SCK), _tx(PIN_I2S_SD) {
                                               ^
/home/ec2-user/arduino-testlib/cli-datadir/user/libraries/Adafruit_Zero_I2S_Library/Adafruit_ZeroI2S.cpp: In member function &#39;bool Adafruit_ZeroI2S::begin(I2SSlotSize, int, int)&#39;:
/home/ec2-user/arduino-testlib/cli-datadir/user/libraries/Adafruit_Zero_I2S_Library/Adafruit_ZeroI2S.cpp:158:24: error: &#39;g_APinDescription&#39; was not declared in this scope
   uint32_t clockport = g_APinDescription[_sck].ulPort;
                        ^
/home/ec2-user/arduino-testlib/cli-datadir/user/libraries/Adafruit_Zero_I2S_Library/Adafruit_ZeroI2S.cpp:163:16: error: &#39;PIN_PA10G_I2S_SCK0&#39; was not declared in this scope
     _clk_pin = PIN_PA10G_I2S_SCK0;
                ^
/home/ec2-user/arduino-testlib/cli-datadir/user/libraries/Adafruit_Zero_I2S_Library/Adafruit_ZeroI2S.cpp:164:16: error: &#39;MUX_PA10G_I2S_SCK0&#39; was not declared in this scope
     _clk_mux = MUX_PA10G_I2S_SCK0;
                ^
/home/ec2-user/arduino-testlib/cli-datadir/user/libraries/Adafruit_Zero_I2S_Library/Adafruit_ZeroI2S.cpp:183:24: error: &#39;EPioType&#39; was not declared in this scope
   pinPeripheral(_sck, (EPioType)_clk_mux);
                        ^
/home/ec2-user/arduino-testlib/cli-datadir/user/libraries/Adafruit_Zero_I2S_Library/Adafruit_ZeroI2S.cpp:183:41: error: &#39;pinPeripheral&#39; was not declared in this scope
   pinPeripheral(_sck, (EPioType)_clk_mux);
                                         ^
/home/ec2-user/arduino-testlib/cli-datadir/user/libraries/Adafruit_Zero_I2S_Library/Adafruit_ZeroI2S.cpp:190:15: error: &#39;PIN_PA11G_I2S_FS0&#39; was not declared in this scope
     _fs_pin = PIN_PA11G_I2S_FS0;
               ^
/home/ec2-user/arduino-testlib/cli-datadir/user/libraries/Adafruit_Zero_I2S_Library/Adafruit_ZeroI2S.cpp:191:15: error: &#39;MUX_PA11G_I2S_FS0&#39; was not declared in this scope
     _fs_mux = MUX_PA11G_I2S_FS0;
               ^
/home/ec2-user/arduino-testlib/cli-datadir/user/libraries/Adafruit_Zero_I2S_Library/Adafruit_ZeroI2S.cpp:202:32: error: expected &#39;)&#39; before &#39;_fs_mux&#39;
   pinPeripheral(_fs, (EPioType)_fs_mux);
                                ^
/home/ec2-user/arduino-testlib/cli-datadir/user/libraries/Adafruit_Zero_I2S_Library/Adafruit_ZeroI2S.cpp:206:15: error: &#39;I2S_GCLK_ID_0&#39; was not declared in this scope
     i2sGCLK = I2S_GCLK_ID_0;
               ^
/home/ec2-user/arduino-testlib/cli-datadir/user/libraries/Adafruit_Zero_I2S_Library/Adafruit_ZeroI2S.cpp:208:15: error: &#39;I2S_GCLK_ID_1&#39; was not declared in this scope
     i2sGCLK = I2S_GCLK_ID_1;
               ^
/home/ec2-user/arduino-testlib/cli-datadir/user/libraries/Adafruit_Zero_I2S_Library/Adafruit_ZeroI2S.cpp:212:10: error: &#39;GCLK&#39; was not declared in this scope
   while (GCLK-&gt;STATUS.bit.SYNCBUSY)
          ^
/home/ec2-user/arduino-testlib/cli-datadir/user/libraries/Adafruit_Zero_I2S_Library/Adafruit_ZeroI2S.cpp:214:3: error: &#39;GCLK&#39; was not declared in this scope
   GCLK-&gt;GENDIV.bit.ID = I2S_CLOCK_GENERATOR;
   ^
/home/ec2-user/arduino-testlib/cli-datadir/user/libraries/Adafruit_Zero_I2S_Library/Adafruit_ZeroI2S.cpp:214:25: error: &#39;I2S_CLOCK_GENERATOR&#39; was not declared in this scope
   GCLK-&gt;GENDIV.bit.ID = I2S_CLOCK_GENERATOR;
                         ^
/home/ec2-user/arduino-testlib/cli-datadir/user/libraries/Adafruit_Zero_I2S_Library/Adafruit_ZeroI2S.cpp:215:26: error: &#39;SystemCoreClock&#39; was not declared in this scope
   GCLK-&gt;GENDIV.bit.DIV = SystemCoreClock / divider;
                          ^
/home/ec2-user/arduino-testlib/cli-datadir/user/libraries/Adafruit_Zero_I2S_Library/Adafruit_ZeroI2S.cpp:221:27: error: &#39;GCLK_GENCTRL_SRC_DFLL48M_Val&#39; was not declared in this scope
   GCLK-&gt;GENCTRL.bit.SRC = GCLK_GENCTRL_SRC_DFLL48M_Val;
                           ^
/home/ec2-user/arduino-testlib/cli-datadir/user/libraries/Adafruit_Zero_I2S_Library/Adafruit_ZeroI2S.cpp:241:17: error: &#39;PIN_PA07G_I2S_SD0&#39; was not declared in this scope
     _data_pin = PIN_PA07G_I2S_SD0;
                 ^
/home/ec2-user/arduino-testlib/cli-datadir/user/libraries/Adafruit_Zero_I2S_Library/Adafruit_ZeroI2S.cpp:242:17: error: &#39;MUX_PA07G_I2S_SD0&#39; was not declared in this scope
     _data_mux = MUX_PA07G_I2S_SD0;
                 ^
/home/ec2-user/arduino-testlib/cli-datadir/user/libraries/Adafruit_Zero_I2S_Library/Adafruit_ZeroI2S.cpp:246:17: error: &#39;PIN_PA08G_I2S_SD1&#39; was not declared in this scope
     _data_pin = PIN_PA08G_I2S_SD1;
                 ^
/home/ec2-user/arduino-testlib/cli-datadir/user/libraries/Adafruit_Zero_I2S_Library/Adafruit_ZeroI2S.cpp:247:17: error: &#39;MUX_PA08G_I2S_SD1&#39; was not declared in this scope
     _data_mux = MUX_PA08G_I2S_SD1;
                 ^
/home/ec2-user/arduino-testlib/cli-datadir/user/libraries/Adafruit_Zero_I2S_Library/Adafruit_ZeroI2S.cpp:251:17: error: &#39;PIN_PA19G_I2S_SD0&#39; was not declared in this scope
     _data_pin = PIN_PA19G_I2S_SD0;
                 ^
/home/ec2-user/arduino-testlib/cli-datadir/user/libraries/Adafruit_Zero_I2S_Library/Adafruit_ZeroI2S.cpp:252:17: error: &#39;MUX_PA19G_I2S_SD0&#39; was not declared in this scope
     _data_mux = MUX_PA19G_I2S_SD0;
                 ^
/home/ec2-user/arduino-testlib/cli-datadir/user/libraries/Adafruit_Zero_I2S_Library/Adafruit_ZeroI2S.cpp:257:32: error: expected &#39;)&#39; before &#39;_data_mux&#39;
   pinPeripheral(_tx, (EPioType)_data_mux);
                                ^
/home/ec2-user/arduino-testlib/cli-datadir/user/libraries/Adafruit_Zero_I2S_Library/Adafruit_ZeroI2S.cpp:259:3: error: &#39;PM&#39; was not declared in this scope
   PM-&gt;APBCMASK.reg |= PM_APBCMASK_I2S;
   ^
/home/ec2-user/arduino-testlib/cli-datadir/user/libraries/Adafruit_Zero_I2S_Library/Adafruit_ZeroI2S.cpp:259:23: error: &#39;PM_APBCMASK_I2S&#39; was not declared in this scope
   PM-&gt;APBCMASK.reg |= PM_APBCMASK_I2S;
                       ^
/home/ec2-user/arduino-testlib/cli-datadir/user/libraries/Adafruit_Zero_I2S_Library/Adafruit_ZeroI2S.cpp:261:3: error: &#39;I2S&#39; was not declared in this scope
   I2S-&gt;CTRLA.bit.ENABLE = 0;
   ^
/home/ec2-user/arduino-testlib/cli-datadir/user/libraries/Adafruit_Zero_I2S_Library/Adafruit_ZeroI2S.cpp:273:7: error: &#39;I2S_CLKCTRL_MCKSEL_GCLK&#39; was not declared in this scope
       I2S_CLKCTRL_MCKSEL_GCLK | I2S_CLKCTRL_SCKSEL_MCKDIV |
       ^
/home/ec2-user/arduino-testlib/cli-datadir/user/libraries/Adafruit_Zero_I2S_Library/Adafruit_ZeroI2S.cpp:273:33: error: &#39;I2S_CLKCTRL_SCKSEL_MCKDIV&#39; was not declared in this scope
       I2S_CLKCTRL_MCKSEL_GCLK | I2S_CLKCTRL_SCKSEL_MCKDIV |
                                 ^
/home/ec2-user/arduino-testlib/cli-datadir/user/libraries/Adafruit_Zero_I2S_Library/Adafruit_ZeroI2S.cpp:274:7: error: &#39;I2S_CLKCTRL_FSSEL_SCKDIV&#39; was not declared in this scope
       I2S_CLKCTRL_FSSEL_SCKDIV | I2S_CLKCTRL_BITDELAY_I2S |
       ^
/home/ec2-user/arduino-testlib/cli-datadir/user/libraries/Adafruit_Zero_I2S_Library/Adafruit_ZeroI2S.cpp:274:34: error: &#39;I2S_CLKCTRL_BITDELAY_I2S&#39; was not declared in this scope
       I2S_CLKCTRL_FSSEL_SCKDIV | I2S_CLKCTRL_BITDELAY_I2S |
                                  ^
/home/ec2-user/arduino-testlib/cli-datadir/user/libraries/Adafruit_Zero_I2S_Library/Adafruit_ZeroI2S.cpp:275:44: error: &#39;I2S_CLKCTRL_NBSLOTS&#39; was not declared in this scope
       I2S_CLKCTRL_NBSLOTS(I2S_NUM_SLOTS - 1) | I2S_CLKCTRL_SLOTSIZE(width);
                                            ^
/home/ec2-user/arduino-testlib/cli-datadir/user/libraries/Adafruit_Zero_I2S_Library/Adafruit_ZeroI2S.cpp:275:74: error: &#39;I2S_CLKCTRL_SLOTSIZE&#39; was not declared in this scope
       I2S_CLKCTRL_NBSLOTS(I2S_NUM_SLOTS - 1) | I2S_CLKCTRL_SLOTSIZE(width);
                                                                          ^
/home/ec2-user/arduino-testlib/cli-datadir/user/libraries/Adafruit_Zero_I2S_Library/Adafruit_ZeroI2S.cpp:280:16: error: &#39;I2S_SERCTRL_DATASIZE_8_Val&#39; was not declared in this scope
     wordSize = I2S_SERCTRL_DATASIZE_8_Val;
                ^
/home/ec2-user/arduino-testlib/cli-datadir/user/libraries/Adafruit_Zero_I2S_Library/Adafruit_ZeroI2S.cpp:283:16: error: &#39;I2S_SERCTRL_DATASIZE_16_Val&#39; was not declared in this scope
     wordSize = I2S_SERCTRL_DATASIZE_16_Val;
                ^
/home/ec2-user/arduino-testlib/cli-datadir/user/libraries/Adafruit_Zero_I2S_Library/Adafruit_ZeroI2S.cpp:286:16: error: &#39;I2S_SERCTRL_DATASIZE_24_Val&#39; was not declared in this scope
     wordSize = I2S_SERCTRL_DATASIZE_24_Val;
                ^
/home/ec2-user/arduino-testlib/cli-datadir/user/libraries/Adafruit_Zero_I2S_Library/Adafruit_ZeroI2S.cpp:289:16: error: &#39;I2S_SERCTRL_DATASIZE_32_Val&#39; was not declared in this scope
     wordSize = I2S_SERCTRL_DATASIZE_32_Val;
                ^
/home/ec2-user/arduino-testlib/cli-datadir/user/libraries/Adafruit_Zero_I2S_Library/Adafruit_ZeroI2S.cpp:304:7: error: &#39;I2S_SERCTRL_DMA_SINGLE&#39; was not declared in this scope
       I2S_SERCTRL_DMA_SINGLE | I2S_SERCTRL_MONO_STEREO |
       ^
/home/ec2-user/arduino-testlib/cli-datadir/user/libraries/Adafruit_Zero_I2S_Library/Adafruit_ZeroI2S.cpp:304:32: error: &#39;I2S_SERCTRL_MONO_STEREO&#39; was not declared in </pre>
					
				
			</div>
		</div>
	</div>
  </body>
</html>
