
<!doctype html>
<html lang="en">
  <head>
    <meta charset="utf-8">
    <meta name="viewport" content="width=device-width, initial-scale=1">
    <link href="https://cdn.jsdelivr.net/npm/bootstrap@5.0.2/dist/css/bootstrap.min.css" rel="stylesheet" integrity="sha384-EVSTQN3/azprG1Anm3QDgpJLIm9Nao0Yz1ztcQTwFspd3yD65VohhpuuCOmLASjC" crossorigin="anonymous">
    <title>arduino-testlib report</title>
	<style>
	.pass { background-color: #00FF00 !important; }
	.fail { background-color: #FF0000 !important; }
	</style>
  </head>
  <body>
	<div class="container">
		<div class="row">
			<div class="col">
				<h1>Adafruit Protomatter - compatibility matrix</h1>
				<p>
					<small>This report was generated on Monday, 21-Feb-22 12:00:25 CET using 
					<a href="https://github.com/alranel/arduino-testlib">arduino-testlib</a>.</small>
				</p>

				<h2>Adafruit Protomatter</h2>
				<p>
					Version: <b>1.2.1</b>
					<br />
					<a href="https://www.arduino.cc/reference/en/libraries/adafruit-protomatter/">More details</a>
				</p>

				<h2>Compatibility matrix</h2>
				<table class="table table-bordered">
					<tr>
						<th>Board</th>
						<th>Claims compatibility</th>
						<th>Inclusion</th>
						
						<th><pre>animated_gif</pre></th>
						
						<th><pre>doublebuffer_scrolltext</pre></th>
						
						<th><pre>pixeldust</pre></th>
						
						<th><pre>simple</pre></th>
						
						<th><pre>tiled</pre></th>
						
					</tr>
					
					<tr>
						<td>
							<a href="#arduino%3aavr%3auno"><b>arduino:avr:uno</b></a>
							<br />
							<small>1.8.4</small>
						</td>

						
						
						
						
							<td>No</td>
							<td class="fail">FAIL</td>
						

						
							
								
									
										
											
											<td class="fail">FAIL</td>
										
									
										
									
										
									
										
									
										
									
								
							
								
							
								
							
								
							
								
							
						
							
								
									
										
									
										
											
											<td class="fail">FAIL</td>
										
									
										
									
										
									
										
									
								
							
								
							
								
							
								
							
								
							
						
							
								
									
										
									
										
									
										
											
											<td class="fail">FAIL</td>
										
									
										
									
										
									
								
							
								
							
								
							
								
							
								
							
						
							
								
									
										
									
										
									
										
									
										
											
											<td class="fail">FAIL</td>
										
									
										
									
								
							
								
							
								
							
								
							
								
							
						
							
								
									
										
									
										
									
										
									
										
									
										
											
											<td class="fail">FAIL</td>
										
									
								
							
								
							
								
							
								
							
								
							
						
					</tr>
					
					<tr>
						<td>
							<a href="#arduino%3ambed_nano%3ananorp2040connect"><b>arduino:mbed_nano:nanorp2040connect</b></a>
							<br />
							<small>2.7.2</small>
						</td>

						
						
						
						
							<td>No</td>
							<td class="fail">FAIL</td>
						

						
							
								
							
								
									
										
											
											<td class="fail">FAIL</td>
										
									
										
									
										
									
										
									
										
									
								
							
								
							
								
							
								
							
						
							
								
							
								
									
										
									
										
											
											<td class="fail">FAIL</td>
										
									
										
									
										
									
										
									
								
							
								
							
								
							
								
							
						
							
								
							
								
									
										
									
										
									
										
											
											<td class="fail">FAIL</td>
										
									
										
									
										
									
								
							
								
							
								
							
								
							
						
							
								
							
								
									
										
									
										
									
										
									
										
											
											<td class="fail">FAIL</td>
										
									
										
									
								
							
								
							
								
							
								
							
						
							
								
							
								
									
										
									
										
									
										
									
										
									
										
											
											<td class="fail">FAIL</td>
										
									
								
							
								
							
								
							
								
							
						
					</tr>
					
					<tr>
						<td>
							<a href="#arduino%3amegaavr%3anona4809"><b>arduino:megaavr:nona4809</b></a>
							<br />
							<small>1.8.7</small>
						</td>

						
						
						
						
							<td>No</td>
							<td class="fail">FAIL</td>
						

						
							
								
							
								
							
								
									
										
											
											<td class="fail">FAIL</td>
										
									
										
									
										
									
										
									
										
									
								
							
								
							
								
							
						
							
								
							
								
							
								
									
										
									
										
											
											<td class="fail">FAIL</td>
										
									
										
									
										
									
										
									
								
							
								
							
								
							
						
							
								
							
								
							
								
									
										
									
										
									
										
											
											<td class="fail">FAIL</td>
										
									
										
									
										
									
								
							
								
							
								
							
						
							
								
							
								
							
								
									
										
									
										
									
										
									
										
											
											<td class="fail">FAIL</td>
										
									
										
									
								
							
								
							
								
							
						
							
								
							
								
							
								
									
										
									
										
									
										
									
										
									
										
											
											<td class="fail">FAIL</td>
										
									
								
							
								
							
								
							
						
					</tr>
					
					<tr>
						<td>
							<a href="#arduino%3asamd%3amkrwifi1010"><b>arduino:samd:mkrwifi1010</b></a>
							<br />
							<small>1.8.12</small>
						</td>

						
							<td>Yes</td>
							<td class="pass">PASS</td>
						
						
						
						

						
							
								
							
								
							
								
							
								
									
										
											
											<td class="fail">FAIL</td>
										
									
										
									
										
									
										
									
										
									
								
							
								
							
						
							
								
							
								
							
								
							
								
									
										
									
										
											<td class="pass">PASS</td>
											
										
									
										
									
										
									
										
									
								
							
								
							
						
							
								
							
								
							
								
							
								
									
										
									
										
									
										
											
											<td class="fail">FAIL</td>
										
									
										
									
										
									
								
							
								
							
						
							
								
							
								
							
								
							
								
									
										
									
										
									
										
									
										
											<td class="pass">PASS</td>
											
										
									
										
									
								
							
								
							
						
							
								
							
								
							
								
							
								
									
										
									
										
									
										
									
										
									
										
											<td class="pass">PASS</td>
											
										
									
								
							
								
							
						
					</tr>
					
					<tr>
						<td>
							<a href="#esp32%3aesp32%3ad1_mini32"><b>esp32:esp32:d1_mini32</b></a>
							<br />
							<small>1.0.6</small>
						</td>

						
							<td>Yes</td>
							<td class="pass">PASS</td>
						
						
						
						

						
							
								
							
								
							
								
							
								
							
								
									
										
											
											<td class="fail">FAIL</td>
										
									
										
									
										
									
										
									
										
									
								
							
						
							
								
							
								
							
								
							
								
							
								
									
										
									
										
											<td class="pass">PASS</td>
											
										
									
										
									
										
									
										
									
								
							
						
							
								
							
								
							
								
							
								
							
								
									
										
									
										
									
										
											<td class="pass">PASS</td>
											
										
									
										
									
										
									
								
							
						
							
								
							
								
							
								
							
								
							
								
									
										
									
										
									
										
									
										
											<td class="pass">PASS</td>
											
										
									
										
									
								
							
						
							
								
							
								
							
								
							
								
							
								
									
										
									
										
									
										
									
										
									
										
											<td class="pass">PASS</td>
											
										
									
								
							
						
					</tr>
					
				</table>

				<h2>Compilation logs</h2>
				
				<h3 id="arduino:avr:uno">arduino:avr:uno @ 1.8.4</h3>
				<h4>Inclusion</h4>
				<p>
					Result: <b>FAIL</b>
					
				</p>
				<pre class="pre-scrollable">WARNING: library Adafruit_Protomatter claims to run on samd, nrf52, stm32, esp32, rp2040 architecture(s) and may be incompatible with your current board which runs on avr architecture(s).
/home/ec2-user/arduino-testlib/cli-datadir/user/libraries/Adafruit_Protomatter/src/core.c: In function &#39;_PM_begin&#39;:
/home/ec2-user/arduino-testlib/cli-datadir/user/libraries/Adafruit_Protomatter/src/core.c:312:32: error: &#39;_PM_timerFreq&#39; undeclared (first use in this function); did you mean &#39;_PM_timerStop&#39;?
   uint32_t minPeriodPerFrame = _PM_timerFreq / _PM_MAX_REFRESH_HZ;
                                ^~~~~~~~~~~~~
                                _PM_timerStop
/home/ec2-user/arduino-testlib/cli-datadir/user/libraries/Adafruit_Protomatter/src/core.c:312:32: note: each undeclared identifier is reported only once for each function it appears in

</pre>

					
					<h4>examples/animated_gif</h4>
					<p>
						Result: <b>FAIL</b>
					</p>
					<pre class="pre-scrollable">WARNING: library Adafruit_Protomatter claims to run on samd, nrf52, stm32, esp32, rp2040 architecture(s) and may be incompatible with your current board which runs on avr architecture(s).
In file included from /home/ec2-user/arduino-testlib/cli-datadir/user/libraries/Adafruit_Protomatter/examples/animated_gif/animated_gif.ino:18:0:
/home/ec2-user/arduino-testlib/cli-datadir/user/libraries/Adafruit_SPIFlash/src/Adafruit_SPIFlash.h:36:2: error: #error ENABLE_EXTENDED_TRANSFER_CLASS must be set to 1 in SdFat SdFatConfig.h
 #error ENABLE_EXTENDED_TRANSFER_CLASS must be set to 1 in SdFat SdFatConfig.h
  ^~~~~
/home/ec2-user/arduino-testlib/cli-datadir/user/libraries/Adafruit_SPIFlash/src/Adafruit_SPIFlash.h:40:2: error: #error FAT12_SUPPORT must be set to 1 in SdFat SdFatConfig.h
 #error FAT12_SUPPORT must be set to 1 in SdFat SdFatConfig.h
  ^~~~~
In file included from /home/ec2-user/arduino-testlib/cli-datadir/user/libraries/Adafruit_TinyUSB_Library/src/tusb_option.h:159:0,
                 from /home/ec2-user/arduino-testlib/cli-datadir/user/libraries/Adafruit_TinyUSB_Library/src/Adafruit_TinyUSB.h:34,
                 from /home/ec2-user/arduino-testlib/cli-datadir/user/libraries/Adafruit_Protomatter/examples/animated_gif/animated_gif.ino:19:
/home/ec2-user/arduino-testlib/cli-datadir/user/libraries/Adafruit_TinyUSB_Library/src/tusb_config.h:46:4: error: #error TinyUSB Arduino Library does not support your core yet
   #error TinyUSB Arduino Library does not support your core yet
    ^~~~~
/home/ec2-user/arduino-testlib/cli-datadir/user/libraries/Adafruit_Protomatter/examples/animated_gif/animated_gif.ino:42:2: error: #error No QSPI/SPI flash are defined in your board variant.h!
 #error No QSPI/SPI flash are defined in your board variant.h!
  ^~~~~
Multiple libraries were found for &#34;SdFat.h&#34;
  Used: /home/ec2-user/arduino-testlib/cli-datadir/user/libraries/SdFat
  Not used: /home/ec2-user/arduino-testlib/cli-datadir/user/libraries/SdFat_-_Adafruit_Fork
  Not used: /home/ec2-user/arduino-testlib/cli-datadir/user/libraries/InkplateLibrary
</pre>
					
					<h4>examples/doublebuffer_scrolltext</h4>
					<p>
						Result: <b>FAIL</b>
					</p>
					<pre class="pre-scrollable">WARNING: library Adafruit_Protomatter claims to run on samd, nrf52, stm32, esp32, rp2040 architecture(s) and may be incompatible with your current board which runs on avr architecture(s).
/home/ec2-user/arduino-testlib/cli-datadir/user/libraries/Adafruit_Protomatter/examples/doublebuffer_scrolltext/doublebuffer_scrolltext.ino:97:6: error: &#39;rgbPins&#39; was not declared in this scope
   1, rgbPins,  // # of matrix chains, array of 6 RGB pins for each
      ^~~~~~~
/home/ec2-user/arduino-testlib/cli-datadir/user/libraries/Adafruit_Protomatter/examples/doublebuffer_scrolltext/doublebuffer_scrolltext.ino:98:6: error: &#39;addrPins&#39; was not declared in this scope
   4, addrPins, // # of address pins (height is inferred), array of pins
      ^~~~~~~~
/home/ec2-user/arduino-testlib/cli-datadir/user/libraries/Adafruit_Protomatter/examples/doublebuffer_scrolltext/doublebuffer_scrolltext.ino:99:3: error: &#39;clockPin&#39; was not declared in this scope
   clockPin, latchPin, oePin, // Other matrix control pins
   ^~~~~~~~
/home/ec2-user/arduino-testlib/cli-datadir/user/libraries/Adafruit_Protomatter/examples/doublebuffer_scrolltext/doublebuffer_scrolltext.ino:99:13: error: &#39;latchPin&#39; was not declared in this scope
   clockPin, latchPin, oePin, // Other matrix control pins
             ^~~~~~~~
/home/ec2-user/arduino-testlib/cli-datadir/user/libraries/Adafruit_Protomatter/examples/doublebuffer_scrolltext/doublebuffer_scrolltext.ino:99:23: error: &#39;oePin&#39; was not declared in this scope
   clockPin, latchPin, oePin, // Other matrix control pins
                       ^~~~~
/home/ec2-user/arduino-testlib/cli-datadir/user/libraries/Adafruit_Protomatter/examples/doublebuffer_scrolltext/doublebuffer_scrolltext.ino:99:23: note: suggested alternative: &#39;rewind&#39;
   clockPin, latchPin, oePin, // Other matrix control pins
                       ^~~~~
                       rewind

</pre>
					
					<h4>examples/pixeldust</h4>
					<p>
						Result: <b>FAIL</b>
					</p>
					<pre class="pre-scrollable">WARNING: library Adafruit_Protomatter claims to run on samd, nrf52, stm32, esp32, rp2040 architecture(s) and may be incompatible with your current board which runs on avr architecture(s).
/home/ec2-user/arduino-testlib/cli-datadir/user/libraries/Adafruit_Protomatter/examples/pixeldust/pixeldust.ino: In function &#39;void setup()&#39;:
/home/ec2-user/arduino-testlib/cli-datadir/user/libraries/Adafruit_Protomatter/examples/pixeldust/pixeldust.ino:64:10: error: &#39;class HardwareSerial&#39; has no member named &#39;printf&#39;; did you mean &#39;print&#39;?
   Serial.printf(&#34;Protomatter begin() status: %d\n&#34;, status);
          ^~~~~~
          print
/home/ec2-user/arduino-testlib/cli-datadir/user/libraries/Adafruit_Protomatter/examples/pixeldust/pixeldust.ino:91:10: error: &#39;class HardwareSerial&#39; has no member named &#39;printf&#39;; did you mean &#39;print&#39;?
   Serial.printf(&#34;%d total pixels\n&#34;, n);
          ^~~~~~
          print
Multiple libraries were found for &#34;Adafruit_Sensor.h&#34;
  Used: /home/ec2-user/arduino-testlib/cli-datadir/user/libraries/Adafruit_Unified_Sensor
  Not used: /home/ec2-user/arduino-testlib/cli-datadir/user/libraries/ArdUAV
  Not used: /home/ec2-user/arduino-testlib/cli-datadir/user/libraries/ClimaStick
</pre>
					
					<h4>examples/simple</h4>
					<p>
						Result: <b>FAIL</b>
					</p>
					<pre class="pre-scrollable">WARNING: library Adafruit_Protomatter claims to run on samd, nrf52, stm32, esp32, rp2040 architecture(s) and may be incompatible with your current board which runs on avr architecture(s).
/home/ec2-user/arduino-testlib/cli-datadir/user/libraries/Adafruit_Protomatter/examples/simple/simple.ino:135:6: error: &#39;rgbPins&#39; was not declared in this scope
   1, rgbPins,  // # of matrix chains, array of 6 RGB pins for each
      ^~~~~~~
/home/ec2-user/arduino-testlib/cli-datadir/user/libraries/Adafruit_Protomatter/examples/simple/simple.ino:136:6: error: &#39;addrPins&#39; was not declared in this scope
   4, addrPins, // # of address pins (height is inferred), array of pins
      ^~~~~~~~
/home/ec2-user/arduino-testlib/cli-datadir/user/libraries/Adafruit_Protomatter/examples/simple/simple.ino:137:3: error: &#39;clockPin&#39; was not declared in this scope
   clockPin, latchPin, oePin, // Other matrix control pins
   ^~~~~~~~
/home/ec2-user/arduino-testlib/cli-datadir/user/libraries/Adafruit_Protomatter/examples/simple/simple.ino:137:13: error: &#39;latchPin&#39; was not declared in this scope
   clockPin, latchPin, oePin, // Other matrix control pins
             ^~~~~~~~
/home/ec2-user/arduino-testlib/cli-datadir/user/libraries/Adafruit_Protomatter/examples/simple/simple.ino:137:23: error: &#39;oePin&#39; was not declared in this scope
   clockPin, latchPin, oePin, // Other matrix control pins
                       ^~~~~
/home/ec2-user/arduino-testlib/cli-datadir/user/libraries/Adafruit_Protomatter/examples/simple/simple.ino:137:23: note: suggested alternative: &#39;rewind&#39;
   clockPin, latchPin, oePin, // Other matrix control pins
                       ^~~~~
                       rewind

</pre>
					
					<h4>examples/tiled</h4>
					<p>
						Result: <b>FAIL</b>
					</p>
					<pre class="pre-scrollable">WARNING: library Adafruit_Protomatter claims to run on samd, nrf52, stm32, esp32, rp2040 architecture(s) and may be incompatible with your current board which runs on avr architecture(s).
/home/ec2-user/arduino-testlib/cli-datadir/user/libraries/Adafruit_Protomatter/examples/tiled/tiled.ino:102:6: error: &#39;rgbPins&#39; was not declared in this scope
   1, rgbPins,  // # of matrix chains, array of 6 RGB pins for each
      ^~~~~~~
/home/ec2-user/arduino-testlib/cli-datadir/user/libraries/Adafruit_Protomatter/examples/tiled/tiled.ino:103:6: error: &#39;addrPins&#39; was not declared in this scope
   4, addrPins, // # of address pins (height is inferred), array of pins
      ^~~~~~~~
/home/ec2-user/arduino-testlib/cli-datadir/user/libraries/Adafruit_Protomatter/examples/tiled/tiled.ino:104:3: error: &#39;clockPin&#39; was not declared in this scope
   clockPin, latchPin, oePin, // Other matrix control pins
   ^~~~~~~~
/home/ec2-user/arduino-testlib/cli-datadir/user/libraries/Adafruit_Protomatter/examples/tiled/tiled.ino:104:13: error: &#39;latchPin&#39; was not declared in this scope
   clockPin, latchPin, oePin, // Other matrix control pins
             ^~~~~~~~
/home/ec2-user/arduino-testlib/cli-datadir/user/libraries/Adafruit_Protomatter/examples/tiled/tiled.ino:104:23: error: &#39;oePin&#39; was not declared in this scope
   clockPin, latchPin, oePin, // Other matrix control pins
                       ^~~~~
/home/ec2-user/arduino-testlib/cli-datadir/user/libraries/Adafruit_Protomatter/examples/tiled/tiled.ino:104:23: note: suggested alternative: &#39;rewind&#39;
   clockPin, latchPin, oePin, // Other matrix control pins
                       ^~~~~
                       rewind

</pre>
					
				
				<h3 id="arduino:mbed_nano:nanorp2040connect">arduino:mbed_nano:nanorp2040connect @ 2.7.2</h3>
				<h4>Inclusion</h4>
				<p>
					Result: <b>FAIL</b>
					
				</p>
				<pre class="pre-scrollable">In file included from /home/ec2-user/arduino-testlib/cli-datadir/user/libraries/Adafruit_Protomatter/src/arch/rp2040.h:34:0,
                 from /home/ec2-user/arduino-testlib/cli-datadir/user/libraries/Adafruit_Protomatter/src/arch/arch.h:170,
                 from /home/ec2-user/arduino-testlib/cli-datadir/user/libraries/Adafruit_Protomatter/src/core.c:33:
/home/ec2-user/arduino-testlib/cli-datadir/data/packages/arduino/hardware/mbed_nano/2.7.2/cores/arduino/mbed/targets/TARGET_RASPBERRYPI/TARGET_RP2040/pico-sdk/common/pico_stdlib/include/pico/stdlib.h:11:10: fatal error: pico/stdio.h: No such file or directory
 #include &#34;pico/stdio.h&#34;
          ^~~~~~~~~~~~~~
compilation terminated.

</pre>

					
					<h4>examples/animated_gif</h4>
					<p>
						Result: <b>FAIL</b>
					</p>
					<pre class="pre-scrollable">In file included from /home/ec2-user/arduino-testlib/cli-datadir/user/libraries/Adafruit_Protomatter/src/arch/rp2040.h:34:0,
                 from /home/ec2-user/arduino-testlib/cli-datadir/user/libraries/Adafruit_Protomatter/src/arch/arch.h:170,
                 from /home/ec2-user/arduino-testlib/cli-datadir/user/libraries/Adafruit_Protomatter/src/core.c:33:
/home/ec2-user/arduino-testlib/cli-datadir/data/packages/arduino/hardware/mbed_nano/2.7.2/cores/arduino/mbed/targets/TARGET_RASPBERRYPI/TARGET_RP2040/pico-sdk/common/pico_stdlib/include/pico/stdlib.h:11:10: fatal error: pico/stdio.h: No such file or directory
 #include &#34;pico/stdio.h&#34;
          ^~~~~~~~~~~~~~
compilation terminated.
Multiple libraries were found for &#34;SdFat.h&#34;
  Used: /home/ec2-user/arduino-testlib/cli-datadir/user/libraries/SdFat
  Not used: /home/ec2-user/arduino-testlib/cli-datadir/user/libraries/SdFat_-_Adafruit_Fork
  Not used: /home/ec2-user/arduino-testlib/cli-datadir/user/libraries/InkplateLibrary
</pre>
					
					<h4>examples/doublebuffer_scrolltext</h4>
					<p>
						Result: <b>FAIL</b>
					</p>
					<pre class="pre-scrollable">In file included from /home/ec2-user/arduino-testlib/cli-datadir/user/libraries/Adafruit_Protomatter/src/arch/rp2040.h:34:0,
                 from /home/ec2-user/arduino-testlib/cli-datadir/user/libraries/Adafruit_Protomatter/src/arch/arch.h:170,
                 from /home/ec2-user/arduino-testlib/cli-datadir/user/libraries/Adafruit_Protomatter/src/core.c:33:
/home/ec2-user/arduino-testlib/cli-datadir/data/packages/arduino/hardware/mbed_nano/2.7.2/cores/arduino/mbed/targets/TARGET_RASPBERRYPI/TARGET_RP2040/pico-sdk/common/pico_stdlib/include/pico/stdlib.h:11:10: fatal error: pico/stdio.h: No such file or directory
 #include &#34;pico/stdio.h&#34;
          ^~~~~~~~~~~~~~
compilation terminated.

</pre>
					
					<h4>examples/pixeldust</h4>
					<p>
						Result: <b>FAIL</b>
					</p>
					<pre class="pre-scrollable">In file included from /home/ec2-user/arduino-testlib/cli-datadir/user/libraries/Adafruit_Protomatter/src/arch/rp2040.h:34:0,
                 from /home/ec2-user/arduino-testlib/cli-datadir/user/libraries/Adafruit_Protomatter/src/arch/arch.h:170,
                 from /home/ec2-user/arduino-testlib/cli-datadir/user/libraries/Adafruit_Protomatter/src/core.c:33:
/home/ec2-user/arduino-testlib/cli-datadir/data/packages/arduino/hardware/mbed_nano/2.7.2/cores/arduino/mbed/targets/TARGET_RASPBERRYPI/TARGET_RP2040/pico-sdk/common/pico_stdlib/include/pico/stdlib.h:11:10: fatal error: pico/stdio.h: No such file or directory
 #include &#34;pico/stdio.h&#34;
          ^~~~~~~~~~~~~~
compilation terminated.
Multiple libraries were found for &#34;Adafruit_Sensor.h&#34;
  Used: /home/ec2-user/arduino-testlib/cli-datadir/user/libraries/Adafruit_Unified_Sensor
  Not used: /home/ec2-user/arduino-testlib/cli-datadir/user/libraries/ArdUAV
  Not used: /home/ec2-user/arduino-testlib/cli-datadir/user/libraries/ClimaStick
</pre>
					
					<h4>examples/simple</h4>
					<p>
						Result: <b>FAIL</b>
					</p>
					<pre class="pre-scrollable">In file included from /home/ec2-user/arduino-testlib/cli-datadir/user/libraries/Adafruit_Protomatter/src/arch/rp2040.h:34:0,
                 from /home/ec2-user/arduino-testlib/cli-datadir/user/libraries/Adafruit_Protomatter/src/arch/arch.h:170,
                 from /home/ec2-user/arduino-testlib/cli-datadir/user/libraries/Adafruit_Protomatter/src/core.c:33:
/home/ec2-user/arduino-testlib/cli-datadir/data/packages/arduino/hardware/mbed_nano/2.7.2/cores/arduino/mbed/targets/TARGET_RASPBERRYPI/TARGET_RP2040/pico-sdk/common/pico_stdlib/include/pico/stdlib.h:11:10: fatal error: pico/stdio.h: No such file or directory
 #include &#34;pico/stdio.h&#34;
          ^~~~~~~~~~~~~~
compilation terminated.

</pre>
					
					<h4>examples/tiled</h4>
					<p>
						Result: <b>FAIL</b>
					</p>
					<pre class="pre-scrollable">In file included from /home/ec2-user/arduino-testlib/cli-datadir/user/libraries/Adafruit_Protomatter/src/arch/rp2040.h:34:0,
                 from /home/ec2-user/arduino-testlib/cli-datadir/user/libraries/Adafruit_Protomatter/src/arch/arch.h:170,
                 from /home/ec2-user/arduino-testlib/cli-datadir/user/libraries/Adafruit_Protomatter/src/core.c:33:
/home/ec2-user/arduino-testlib/cli-datadir/data/packages/arduino/hardware/mbed_nano/2.7.2/cores/arduino/mbed/targets/TARGET_RASPBERRYPI/TARGET_RP2040/pico-sdk/common/pico_stdlib/include/pico/stdlib.h:11:10: fatal error: pico/stdio.h: No such file or directory
 #include &#34;pico/stdio.h&#34;
          ^~~~~~~~~~~~~~
compilation terminated.

</pre>
					
				
				<h3 id="arduino:megaavr:nona4809">arduino:megaavr:nona4809 @ 1.8.7</h3>
				<h4>Inclusion</h4>
				<p>
					Result: <b>FAIL</b>
					
				</p>
				<pre class="pre-scrollable">WARNING: library Adafruit_Protomatter claims to run on samd, nrf52, stm32, esp32, rp2040 architecture(s) and may be incompatible with your current board which runs on megaavr architecture(s).
/home/ec2-user/arduino-testlib/cli-datadir/user/libraries/Adafruit_Protomatter/src/core.c: In function &#39;_PM_begin&#39;:
/home/ec2-user/arduino-testlib/cli-datadir/user/libraries/Adafruit_Protomatter/src/core.c:312:32: error: &#39;_PM_timerFreq&#39; undeclared (first use in this function); did you mean &#39;_PM_timerStop&#39;?
   uint32_t minPeriodPerFrame = _PM_timerFreq / _PM_MAX_REFRESH_HZ;
                                ^~~~~~~~~~~~~
                                _PM_timerStop
/home/ec2-user/arduino-testlib/cli-datadir/user/libraries/Adafruit_Protomatter/src/core.c:312:32: note: each undeclared identifier is reported only once for each function it appears in

</pre>

					
					<h4>examples/animated_gif</h4>
					<p>
						Result: <b>FAIL</b>
					</p>
					<pre class="pre-scrollable">WARNING: library Adafruit_Protomatter claims to run on samd, nrf52, stm32, esp32, rp2040 architecture(s) and may be incompatible with your current board which runs on megaavr architecture(s).
In file included from /home/ec2-user/arduino-testlib/cli-datadir/user/libraries/Adafruit_Protomatter/examples/animated_gif/animated_gif.ino:18:0:
/home/ec2-user/arduino-testlib/cli-datadir/user/libraries/Adafruit_SPIFlash/src/Adafruit_SPIFlash.h:36:2: error: #error ENABLE_EXTENDED_TRANSFER_CLASS must be set to 1 in SdFat SdFatConfig.h
 #error ENABLE_EXTENDED_TRANSFER_CLASS must be set to 1 in SdFat SdFatConfig.h
  ^~~~~
/home/ec2-user/arduino-testlib/cli-datadir/user/libraries/Adafruit_SPIFlash/src/Adafruit_SPIFlash.h:40:2: error: #error FAT12_SUPPORT must be set to 1 in SdFat SdFatConfig.h
 #error FAT12_SUPPORT must be set to 1 in SdFat SdFatConfig.h
  ^~~~~
In file included from /home/ec2-user/arduino-testlib/cli-datadir/user/libraries/Adafruit_TinyUSB_Library/src/tusb_option.h:159:0,
                 from /home/ec2-user/arduino-testlib/cli-datadir/user/libraries/Adafruit_TinyUSB_Library/src/Adafruit_TinyUSB.h:34,
                 from /home/ec2-user/arduino-testlib/cli-datadir/user/libraries/Adafruit_Protomatter/examples/animated_gif/animated_gif.ino:19:
/home/ec2-user/arduino-testlib/cli-datadir/user/libraries/Adafruit_TinyUSB_Library/src/tusb_config.h:46:4: error: #error TinyUSB Arduino Library does not support your core yet
   #error TinyUSB Arduino Library does not support your core yet
    ^~~~~
/home/ec2-user/arduino-testlib/cli-datadir/user/libraries/Adafruit_Protomatter/examples/animated_gif/animated_gif.ino:42:2: error: #error No QSPI/SPI flash are defined in your board variant.h!
 #error No QSPI/SPI flash are defined in your board variant.h!
  ^~~~~
Multiple libraries were found for &#34;SdFat.h&#34;
  Used: /home/ec2-user/arduino-testlib/cli-datadir/user/libraries/SdFat
  Not used: /home/ec2-user/arduino-testlib/cli-datadir/user/libraries/InkplateLibrary
  Not used: /home/ec2-user/arduino-testlib/cli-datadir/user/libraries/SdFat_-_Adafruit_Fork
</pre>
					
					<h4>examples/doublebuffer_scrolltext</h4>
					<p>
						Result: <b>FAIL</b>
					</p>
					<pre class="pre-scrollable">WARNING: library Adafruit_Protomatter claims to run on samd, nrf52, stm32, esp32, rp2040 architecture(s) and may be incompatible with your current board which runs on megaavr architecture(s).
/home/ec2-user/arduino-testlib/cli-datadir/user/libraries/Adafruit_Protomatter/examples/doublebuffer_scrolltext/doublebuffer_scrolltext.ino:97:6: error: &#39;rgbPins&#39; was not declared in this scope
   1, rgbPins,  // # of matrix chains, array of 6 RGB pins for each
      ^~~~~~~
/home/ec2-user/arduino-testlib/cli-datadir/user/libraries/Adafruit_Protomatter/examples/doublebuffer_scrolltext/doublebuffer_scrolltext.ino:98:6: error: &#39;addrPins&#39; was not declared in this scope
   4, addrPins, // # of address pins (height is inferred), array of pins
      ^~~~~~~~
/home/ec2-user/arduino-testlib/cli-datadir/user/libraries/Adafruit_Protomatter/examples/doublebuffer_scrolltext/doublebuffer_scrolltext.ino:99:3: error: &#39;clockPin&#39; was not declared in this scope
   clockPin, latchPin, oePin, // Other matrix control pins
   ^~~~~~~~
/home/ec2-user/arduino-testlib/cli-datadir/user/libraries/Adafruit_Protomatter/examples/doublebuffer_scrolltext/doublebuffer_scrolltext.ino:99:13: error: &#39;latchPin&#39; was not declared in this scope
   clockPin, latchPin, oePin, // Other matrix control pins
             ^~~~~~~~
/home/ec2-user/arduino-testlib/cli-datadir/user/libraries/Adafruit_Protomatter/examples/doublebuffer_scrolltext/doublebuffer_scrolltext.ino:99:23: error: &#39;oePin&#39; was not declared in this scope
   clockPin, latchPin, oePin, // Other matrix control pins
                       ^~~~~
/home/ec2-user/arduino-testlib/cli-datadir/user/libraries/Adafruit_Protomatter/examples/doublebuffer_scrolltext/doublebuffer_scrolltext.ino:99:23: note: suggested alternative: &#39;rewind&#39;
   clockPin, latchPin, oePin, // Other matrix control pins
                       ^~~~~
                       rewind

</pre>
					
					<h4>examples/pixeldust</h4>
					<p>
						Result: <b>FAIL</b>
					</p>
					<pre class="pre-scrollable">WARNING: library Adafruit_Protomatter claims to run on samd, nrf52, stm32, esp32, rp2040 architecture(s) and may be incompatible with your current board which runs on megaavr architecture(s).
/home/ec2-user/arduino-testlib/cli-datadir/user/libraries/Adafruit_Protomatter/examples/pixeldust/pixeldust.ino: In function &#39;void setup()&#39;:
/home/ec2-user/arduino-testlib/cli-datadir/user/libraries/Adafruit_Protomatter/examples/pixeldust/pixeldust.ino:64:10: error: &#39;class UartClass&#39; has no member named &#39;printf&#39;; did you mean &#39;print&#39;?
   Serial.printf(&#34;Protomatter begin() status: %d\n&#34;, status);
          ^~~~~~
          print
/home/ec2-user/arduino-testlib/cli-datadir/user/libraries/Adafruit_Protomatter/examples/pixeldust/pixeldust.ino:91:10: error: &#39;class UartClass&#39; has no member named &#39;printf&#39;; did you mean &#39;print&#39;?
   Serial.printf(&#34;%d total pixels\n&#34;, n);
          ^~~~~~
          print
Multiple libraries were found for &#34;Adafruit_Sensor.h&#34;
  Used: /home/ec2-user/arduino-testlib/cli-datadir/user/libraries/Adafruit_Unified_Sensor
  Not used: /home/ec2-user/arduino-testlib/cli-datadir/user/libraries/ClimaStick
  Not used: /home/ec2-user/arduino-testlib/cli-datadir/user/libraries/ArdUAV
</pre>
					
					<h4>examples/simple</h4>
					<p>
						Result: <b>FAIL</b>
					</p>
					<pre class="pre-scrollable">WARNING: library Adafruit_Protomatter claims to run on samd, nrf52, stm32, esp32, rp2040 architecture(s) and may be incompatible with your current board which runs on megaavr architecture(s).
/home/ec2-user/arduino-testlib/cli-datadir/user/libraries/Adafruit_Protomatter/examples/simple/simple.ino:135:6: error: &#39;rgbPins&#39; was not declared in this scope
   1, rgbPins,  // # of matrix chains, array of 6 RGB pins for each
      ^~~~~~~
/home/ec2-user/arduino-testlib/cli-datadir/user/libraries/Adafruit_Protomatter/examples/simple/simple.ino:136:6: error: &#39;addrPins&#39; was not declared in this scope
   4, addrPins, // # of address pins (height is inferred), array of pins
      ^~~~~~~~
/home/ec2-user/arduino-testlib/cli-datadir/user/libraries/Adafruit_Protomatter/examples/simple/simple.ino:137:3: error: &#39;clockPin&#39; was not declared in this scope
   clockPin, latchPin, oePin, // Other matrix control pins
   ^~~~~~~~
/home/ec2-user/arduino-testlib/cli-datadir/user/libraries/Adafruit_Protomatter/examples/simple/simple.ino:137:13: error: &#39;latchPin&#39; was not declared in this scope
   clockPin, latchPin, oePin, // Other matrix control pins
             ^~~~~~~~
/home/ec2-user/arduino-testlib/cli-datadir/user/libraries/Adafruit_Protomatter/examples/simple/simple.ino:137:23: error: &#39;oePin&#39; was not declared in this scope
   clockPin, latchPin, oePin, // Other matrix control pins
                       ^~~~~
/home/ec2-user/arduino-testlib/cli-datadir/user/libraries/Adafruit_Protomatter/examples/simple/simple.ino:137:23: note: suggested alternative: &#39;rewind&#39;
   clockPin, latchPin, oePin, // Other matrix control pins
                       ^~~~~
                       rewind

</pre>
					
					<h4>examples/tiled</h4>
					<p>
						Result: <b>FAIL</b>
					</p>
					<pre class="pre-scrollable">WARNING: library Adafruit_Protomatter claims to run on samd, nrf52, stm32, esp32, rp2040 architecture(s) and may be incompatible with your current board which runs on megaavr architecture(s).
/home/ec2-user/arduino-testlib/cli-datadir/user/libraries/Adafruit_Protomatter/examples/tiled/tiled.ino:102:6: error: &#39;rgbPins&#39; was not declared in this scope
   1, rgbPins,  // # of matrix chains, array of 6 RGB pins for each
      ^~~~~~~
/home/ec2-user/arduino-testlib/cli-datadir/user/libraries/Adafruit_Protomatter/examples/tiled/tiled.ino:103:6: error: &#39;addrPins&#39; was not declared in this scope
   4, addrPins, // # of address pins (height is inferred), array of pins
      ^~~~~~~~
/home/ec2-user/arduino-testlib/cli-datadir/user/libraries/Adafruit_Protomatter/examples/tiled/tiled.ino:104:3: error: &#39;clockPin&#39; was not declared in this scope
   clockPin, latchPin, oePin, // Other matrix control pins
   ^~~~~~~~
/home/ec2-user/arduino-testlib/cli-datadir/user/libraries/Adafruit_Protomatter/examples/tiled/tiled.ino:104:13: error: &#39;latchPin&#39; was not declared in this scope
   clockPin, latchPin, oePin, // Other matrix control pins
             ^~~~~~~~
/home/ec2-user/arduino-testlib/cli-datadir/user/libraries/Adafruit_Protomatter/examples/tiled/tiled.ino:104:23: error: &#39;oePin&#39; was not declared in this scope
   clockPin, latchPin, oePin, // Other matrix control pins
                       ^~~~~
/home/ec2-user/arduino-testlib/cli-datadir/user/libraries/Adafruit_Protomatter/examples/tiled/tiled.ino:104:23: note: suggested alternative: &#39;rewind&#39;
   clockPin, latchPin, oePin, // Other matrix control pins
                       ^~~~~
                       rewind

</pre>
					
				
				<h3 id="arduino:samd:mkrwifi1010">arduino:samd:mkrwifi1010 @ 1.8.12</h3>
				<h4>Inclusion</h4>
				<p>
					Result: <b>PASS</b>
					
				</p>
				<pre class="pre-scrollable">Sketch uses 15624 bytes (5%) of program storage space. Maximum is 262144 bytes.
Global variables use 3660 bytes (11%) of dynamic memory, leaving 29108 bytes for local variables. Maximum is 32768 bytes.
</pre>

					
					<h4>examples/animated_gif</h4>
					<p>
						Result: <b>FAIL</b>
					</p>
					<pre class="pre-scrollable">In file included from /home/ec2-user/arduino-testlib/cli-datadir/user/libraries/Adafruit_Protomatter/examples/animated_gif/animated_gif.ino:18:0:
/home/ec2-user/arduino-testlib/cli-datadir/user/libraries/Adafruit_SPIFlash/src/Adafruit_SPIFlash.h:36:2: error: #error ENABLE_EXTENDED_TRANSFER_CLASS must be set to 1 in SdFat SdFatConfig.h
 #error ENABLE_EXTENDED_TRANSFER_CLASS must be set to 1 in SdFat SdFatConfig.h
  ^~~~~
/home/ec2-user/arduino-testlib/cli-datadir/user/libraries/Adafruit_SPIFlash/src/Adafruit_SPIFlash.h:40:2: error: #error FAT12_SUPPORT must be set to 1 in SdFat SdFatConfig.h
 #error FAT12_SUPPORT must be set to 1 in SdFat SdFatConfig.h
  ^~~~~
In file included from /home/ec2-user/arduino-testlib/cli-datadir/user/libraries/Adafruit_Protomatter/examples/animated_gif/animated_gif.ino:19:0:
/home/ec2-user/arduino-testlib/cli-datadir/user/libraries/Adafruit_TinyUSB_Library/src/Adafruit_TinyUSB.h:31:2: error: #error TinyUSB is not selected, please select it in &#34;Tools-&gt;Menu-&gt;USB Stack&#34;
 #error TinyUSB is not selected, please select it in &#34;Tools-&gt;Menu-&gt;USB Stack&#34;
  ^~~~~
/home/ec2-user/arduino-testlib/cli-datadir/user/libraries/Adafruit_Protomatter/examples/animated_gif/animated_gif.ino:42:2: error: #error No QSPI/SPI flash are defined in your board variant.h!
 #error No QSPI/SPI flash are defined in your board variant.h!
  ^~~~~
Multiple libraries were found for &#34;SdFat.h&#34;
  Used: /home/ec2-user/arduino-testlib/cli-datadir/user/libraries/SdFat
  Not used: /home/ec2-user/arduino-testlib/cli-datadir/user/libraries/SdFat_-_Adafruit_Fork
  Not used: /home/ec2-user/arduino-testlib/cli-datadir/user/libraries/InkplateLibrary
</pre>
					
					<h4>examples/doublebuffer_scrolltext</h4>
					<p>
						Result: <b>PASS</b>
					</p>
					<pre class="pre-scrollable">Sketch uses 32560 bytes (12%) of program storage space. Maximum is 262144 bytes.
Global variables use 3908 bytes (11%) of dynamic memory, leaving 28860 bytes for local variables. Maximum is 32768 bytes.
</pre>
					
					<h4>examples/pixeldust</h4>
					<p>
						Result: <b>FAIL</b>
					</p>
					<pre class="pre-scrollable">/home/ec2-user/arduino-testlib/cli-datadir/user/libraries/Adafruit_Protomatter/examples/pixeldust/pixeldust.ino: In function &#39;void setup()&#39;:
/home/ec2-user/arduino-testlib/cli-datadir/user/libraries/Adafruit_Protomatter/examples/pixeldust/pixeldust.ino:64:10: error: &#39;class Serial_&#39; has no member named &#39;printf&#39;; did you mean &#39;print&#39;?
   Serial.printf(&#34;Protomatter begin() status: %d\n&#34;, status);
          ^~~~~~
          print
/home/ec2-user/arduino-testlib/cli-datadir/user/libraries/Adafruit_Protomatter/examples/pixeldust/pixeldust.ino:91:10: error: &#39;class Serial_&#39; has no member named &#39;printf&#39;; did you mean &#39;print&#39;?
   Serial.printf(&#34;%d total pixels\n&#34;, n);
          ^~~~~~
          print
Multiple libraries were found for &#34;Adafruit_Sensor.h&#34;
  Used: /home/ec2-user/arduino-testlib/cli-datadir/user/libraries/Adafruit_Unified_Sensor
  Not used: /home/ec2-user/arduino-testlib/cli-datadir/user/libraries/ClimaStick
  Not used: /home/ec2-user/arduino-testlib/cli-datadir/user/libraries/ArdUAV
</pre>
					
					<h4>examples/simple</h4>
					<p>
						Result: <b>PASS</b>
					</p>
					<pre class="pre-scrollable">Sketch uses 25476 bytes (9%) of program storage space. Maximum is 262144 bytes.
Global variables use 3828 bytes (11%) of dynamic memory, leaving 28940 bytes for local variables. Maximum is 32768 bytes.
</pre>
					
					<h4>examples/tiled</h4>
					<p>
						Result: <b>PASS</b>
					</p>
					<pre class="pre-scrollable">Sketch uses 24796 bytes (9%) of program storage space. Maximum is 262144 bytes.
Global variables use 3828 bytes (11%) of dynamic memory, leaving 28940 bytes for local variables. Maximum is 32768 bytes.
</pre>
					
				
				<h3 id="esp32:esp32:d1_mini32">esp32:esp32:d1_mini32 @ 1.0.6</h3>
				<h4>Inclusion</h4>
				<p>
					Result: <b>PASS</b>
					
				</p>
				<pre class="pre-scrollable">Sketch uses 206030 bytes (15%) of program storage space. Maximum is 1310720 bytes.
Global variables use 13960 bytes (4%) of dynamic memory, leaving 313720 bytes for local variables. Maximum is 327680 bytes.
</pre>

					
					<h4>examples/animated_gif</h4>
					<p>
						Result: <b>FAIL</b>
					</p>
					<pre class="pre-scrollable">In file included from /home/ec2-user/arduino-testlib/cli-datadir/user/libraries/Adafruit_Protomatter/examples/animated_gif/animated_gif.ino:18:0:
/home/ec2-user/arduino-testlib/cli-datadir/user/libraries/Adafruit_SPIFlash/src/Adafruit_SPIFlash.h:36:2: error: #error ENABLE_EXTENDED_TRANSFER_CLASS must be set to 1 in SdFat SdFatConfig.h
 #error ENABLE_EXTENDED_TRANSFER_CLASS must be set to 1 in SdFat SdFatConfig.h
  ^
/home/ec2-user/arduino-testlib/cli-datadir/user/libraries/Adafruit_SPIFlash/src/Adafruit_SPIFlash.h:40:2: error: #error FAT12_SUPPORT must be set to 1 in SdFat SdFatConfig.h
 #error FAT12_SUPPORT must be set to 1 in SdFat SdFatConfig.h
  ^
/home/ec2-user/arduino-testlib/cli-datadir/user/libraries/Adafruit_Protomatter/examples/animated_gif/animated_gif.ino:42:2: error: #error No QSPI/SPI flash are defined in your board variant.h!
 #error No QSPI/SPI flash are defined in your board variant.h!
  ^
Multiple libraries were found for &#34;SdFat.h&#34;
  Used: /home/ec2-user/arduino-testlib/cli-datadir/user/libraries/SdFat
  Not used: /home/ec2-user/arduino-testlib/cli-datadir/user/libraries/SdFat_-_Adafruit_Fork
  Not used: /home/ec2-user/arduino-testlib/cli-datadir/user/libraries/InkplateLibrary
</pre>
					
					<h4>examples/doublebuffer_scrolltext</h4>
					<p>
						Result: <b>PASS</b>
					</p>
					<pre class="pre-scrollable">Sketch uses 227842 bytes (17%) of program storage space. Maximum is 1310720 bytes.
Global variables use 14456 bytes (4%) of dynamic memory, leaving 313224 bytes for local variables. Maximum is 327680 bytes.
</pre>
					
					<h4>examples/pixeldust</h4>
					<p>
						Result: <b>PASS</b>
					</p>
					<pre class="pre-scrollable">Sketch uses 238962 bytes (18%) of program storage space. Maximum is 1310720 bytes.
Global variables use 14664 bytes (4%) of dynamic memory, leaving 313016 bytes for local variables. Maximum is 327680 bytes.
</pre>
					
					<h4>examples/simple</h4>
					<p>
						Result: <b>PASS</b>
					</p>
					<pre class="pre-scrollable">Sketch uses 221866 bytes (16%) of program storage space. Maximum is 1310720 bytes.
Global variables use 14376 bytes (4%) of dynamic memory, leaving 313304 bytes for local variables. Maximum is 327680 bytes.
</pre>
					
					<h4>examples/tiled</h4>
					<p>
						Result: <b>PASS</b>
					</p>
					<pre class="pre-scrollable">Sketch uses 221658 bytes (16%) of program storage space. Maximum is 1310720 bytes.
Global variables use 14376 bytes (4%) of dynamic memory, leaving 313304 bytes for local variables. Maximum is 327680 bytes.
</pre>
					
				
			</div>
		</div>
	</div>
  </body>
</html>
