
<!doctype html>
<html lang="en">
  <head>
    <meta charset="utf-8">
    <meta name="viewport" content="width=device-width, initial-scale=1">
    <link href="https://cdn.jsdelivr.net/npm/bootstrap@5.0.2/dist/css/bootstrap.min.css" rel="stylesheet" integrity="sha384-EVSTQN3/azprG1Anm3QDgpJLIm9Nao0Yz1ztcQTwFspd3yD65VohhpuuCOmLASjC" crossorigin="anonymous">
    <title>arduino-testlib report</title>
	<style>
	.pass { background-color: #00FF00 !important; }
	.fail { background-color: #FF0000 !important; }
	</style>
  </head>
  <body>
	<div class="container">
		<div class="row">
			<div class="col">
				<h1>Adafruit Arcada GifDecoder - compatibility matrix</h1>
				<p>
					<small>This report was generated on Monday, 21-Feb-22 12:00:25 CET using 
					<a href="https://github.com/alranel/arduino-testlib">arduino-testlib</a>.</small>
				</p>

				<h2>Adafruit Arcada GifDecoder</h2>
				<p>
					Version: <b>1.3.1</b>
					<br />
					<a href="https://www.arduino.cc/reference/en/libraries/adafruit-arcada-gifdecoder/">More details</a>
				</p>

				<h2>Compatibility matrix</h2>
				<table class="table table-bordered">
					<tr>
						<th>Board</th>
						<th>Claims compatibility</th>
						<th>Inclusion</th>
						
						<th><pre>ArcadaAnimatedGIFs</pre></th>
						
						<th><pre>crankyGIFs</pre></th>
						
					</tr>
					
					<tr>
						<td>
							<a href="#arduino%3aavr%3auno"><b>arduino:avr:uno</b></a>
							<br />
							<small>1.8.4</small>
						</td>

						
						
							<td>No ⚠️</td>
							<td class="pass">PASS</td>
						
						
						

						
							
								
									
										
											
											<td class="fail">FAIL</td>
										
									
										
									
								
							
								
							
								
							
								
							
								
							
						
							
								
									
										
									
										
											
											<td class="fail">FAIL</td>
										
									
								
							
								
							
								
							
								
							
								
							
						
					</tr>
					
					<tr>
						<td>
							<a href="#arduino%3ambed_nano%3ananorp2040connect"><b>arduino:mbed_nano:nanorp2040connect</b></a>
							<br />
							<small>2.7.2</small>
						</td>

						
						
							<td>No ⚠️</td>
							<td class="pass">PASS</td>
						
						
						

						
							
								
							
								
									
										
											
											<td class="fail">FAIL</td>
										
									
										
									
								
							
								
							
								
							
								
							
						
							
								
							
								
									
										
									
										
											
											<td class="fail">FAIL</td>
										
									
								
							
								
							
								
							
								
							
						
					</tr>
					
					<tr>
						<td>
							<a href="#arduino%3amegaavr%3anona4809"><b>arduino:megaavr:nona4809</b></a>
							<br />
							<small>1.8.7</small>
						</td>

						
						
							<td>No ⚠️</td>
							<td class="pass">PASS</td>
						
						
						

						
							
								
							
								
							
								
									
										
											
											<td class="fail">FAIL</td>
										
									
										
									
								
							
								
							
								
							
						
							
								
							
								
							
								
									
										
									
										
											
											<td class="fail">FAIL</td>
										
									
								
							
								
							
								
							
						
					</tr>
					
					<tr>
						<td>
							<a href="#arduino%3asamd%3amkrwifi1010"><b>arduino:samd:mkrwifi1010</b></a>
							<br />
							<small>1.8.12</small>
						</td>

						
							<td>Yes</td>
							<td class="pass">PASS</td>
						
						
						
						

						
							
								
							
								
							
								
							
								
									
										
											
											<td class="fail">FAIL</td>
										
									
										
									
								
							
								
							
						
							
								
							
								
							
								
							
								
									
										
									
										
											
											<td class="fail">FAIL</td>
										
									
								
							
								
							
						
					</tr>
					
					<tr>
						<td>
							<a href="#esp32%3aesp32%3ad1_mini32"><b>esp32:esp32:d1_mini32</b></a>
							<br />
							<small>1.0.6</small>
						</td>

						
						
							<td>No ⚠️</td>
							<td class="pass">PASS</td>
						
						
						

						
							
								
							
								
							
								
							
								
							
								
									
										
											
											<td class="fail">FAIL</td>
										
									
										
									
								
							
						
							
								
							
								
							
								
							
								
							
								
									
										
									
										
											
											<td class="fail">FAIL</td>
										
									
								
							
						
					</tr>
					
				</table>

				<h2>Compilation logs</h2>
				
				<h3 id="arduino:avr:uno">arduino:avr:uno @ 1.8.4</h3>
				<h4>Inclusion</h4>
				<p>
					Result: <b>PASS</b>
					
					<br />This library has no main header file so an empty one was created.
					
				</p>
				<pre class="pre-scrollable">WARNING: library Adafruit_Arcada_GifDecoder claims to run on samd, nrf52 architecture(s) and may be incompatible with your current board which runs on avr architecture(s).
Sketch uses 444 bytes (1%) of program storage space. Maximum is 32256 bytes.
Global variables use 9 bytes (0%) of dynamic memory, leaving 2039 bytes for local variables. Maximum is 2048 bytes.
</pre>

					
					<h4>examples/ArcadaAnimatedGIFs</h4>
					<p>
						Result: <b>FAIL</b>
					</p>
					<pre class="pre-scrollable">WARNING: library Adafruit_Arcada_GifDecoder claims to run on samd, nrf52 architecture(s) and may be incompatible with your current board which runs on avr architecture(s).
/home/ec2-user/arduino-testlib/cli-datadir/user/libraries/Adafruit_Arcada_GifDecoder/examples/ArcadaAnimatedGIFs/ArcadaAnimatedGIFs.ino:13:1: error: &#39;Adafruit_Arcada&#39; does not name a type; did you mean &#39;Adafruit_SPITFT&#39;?
 Adafruit_Arcada arcada;
 ^~~~~~~~~~~~~~~
 Adafruit_SPITFT
/home/ec2-user/arduino-testlib/cli-datadir/user/libraries/Adafruit_Arcada_GifDecoder/examples/ArcadaAnimatedGIFs/ArcadaAnimatedGIFs.ino:17:14: error: &#39;ARCADA_TFT_WIDTH&#39; was not declared in this scope
   GifDecoder&lt;ARCADA_TFT_WIDTH, ARCADA_TFT_HEIGHT, 12&gt; decoder;
              ^~~~~~~~~~~~~~~~
/home/ec2-user/arduino-testlib/cli-datadir/user/libraries/Adafruit_Arcada_GifDecoder/examples/ArcadaAnimatedGIFs/ArcadaAnimatedGIFs.ino:17:14: note: suggested alternative: &#39;ARCADA_TFT_LITE&#39;
   GifDecoder&lt;ARCADA_TFT_WIDTH, ARCADA_TFT_HEIGHT, 12&gt; decoder;
              ^~~~~~~~~~~~~~~~
              ARCADA_TFT_LITE
/home/ec2-user/arduino-testlib/cli-datadir/user/libraries/Adafruit_Arcada_GifDecoder/examples/ArcadaAnimatedGIFs/ArcadaAnimatedGIFs.ino:17:32: error: &#39;ARCADA_TFT_HEIGHT&#39; was not declared in this scope
   GifDecoder&lt;ARCADA_TFT_WIDTH, ARCADA_TFT_HEIGHT, 12&gt; decoder;
                                ^~~~~~~~~~~~~~~~~
/home/ec2-user/arduino-testlib/cli-datadir/user/libraries/Adafruit_Arcada_GifDecoder/examples/ArcadaAnimatedGIFs/ArcadaAnimatedGIFs.ino:17:32: note: suggested alternative: &#39;ARCADA_TFT_LITE&#39;
   GifDecoder&lt;ARCADA_TFT_WIDTH, ARCADA_TFT_HEIGHT, 12&gt; decoder;
                                ^~~~~~~~~~~~~~~~~
                                ARCADA_TFT_LITE
/home/ec2-user/arduino-testlib/cli-datadir/user/libraries/Adafruit_Arcada_GifDecoder/examples/ArcadaAnimatedGIFs/ArcadaAnimatedGIFs.ino:17:53: error: template argument 1 is invalid
   GifDecoder&lt;ARCADA_TFT_WIDTH, ARCADA_TFT_HEIGHT, 12&gt; decoder;
                                                     ^
/home/ec2-user/arduino-testlib/cli-datadir/user/libraries/Adafruit_Arcada_GifDecoder/examples/ArcadaAnimatedGIFs/ArcadaAnimatedGIFs.ino:17:53: error: template argument 2 is invalid
/home/ec2-user/arduino-testlib/cli-datadir/user/libraries/Adafruit_Arcada_GifDecoder/examples/ArcadaAnimatedGIFs/ArcadaAnimatedGIFs.ino:20:1: error: &#39;File&#39; does not name a type
 File file;
 ^~~~
/home/ec2-user/arduino-testlib/cli-datadir/user/libraries/Adafruit_Arcada_GifDecoder/examples/ArcadaAnimatedGIFs/ArcadaAnimatedGIFs.ino: In function &#39;void setup()&#39;:
/home/ec2-user/arduino-testlib/cli-datadir/user/libraries/Adafruit_Arcada_GifDecoder/examples/ArcadaAnimatedGIFs/ArcadaAnimatedGIFs.ino:47:11: error: request for member &#39;setScreenClearCallback&#39; in &#39;decoder&#39;, which is of non-class type &#39;int&#39;
   decoder.setScreenClearCallback(screenClearCallback);
           ^~~~~~~~~~~~~~~~~~~~~~
/home/ec2-user/arduino-testlib/cli-datadir/user/libraries/Adafruit_Arcada_GifDecoder/examples/ArcadaAnimatedGIFs/ArcadaAnimatedGIFs.ino:48:11: error: request for member &#39;setUpdateScreenCallback&#39; in &#39;decoder&#39;, which is of non-class type &#39;int&#39;
   decoder.setUpdateScreenCallback(updateScreenCallback);
           ^~~~~~~~~~~~~~~~~~~~~~~
/home/ec2-user/arduino-testlib/cli-datadir/user/libraries/Adafruit_Arcada_GifDecoder/examples/ArcadaAnimatedGIFs/ArcadaAnimatedGIFs.ino:49:11: error: request for member &#39;setDrawPixelCallback&#39; in &#39;decoder&#39;, which is of non-class type &#39;int&#39;
   decoder.setDrawPixelCallback(drawPixelCallback);
           ^~~~~~~~~~~~~~~~~~~~
/home/ec2-user/arduino-testlib/cli-datadir/user/libraries/Adafruit_Arcada_GifDecoder/examples/ArcadaAnimatedGIFs/ArcadaAnimatedGIFs.ino:50:11: error: request for member &#39;setDrawLineCallback&#39; in &#39;decoder&#39;, which is of non-class type &#39;int&#39;
   decoder.setDrawLineCallback(drawLineCallback);
           ^~~~~~~~~~~~~~~~~~~
/home/ec2-user/arduino-testlib/cli-datadir/user/libraries/Adafruit_Arcada_GifDecoder/examples/ArcadaAnimatedGIFs/ArcadaAnimatedGIFs.ino:52:11: error: request for member &#39;setFileSeekCallback&#39; in &#39;decoder&#39;, which is of non-class type &#39;int&#39;
   decoder.setFileSeekCallback(fileSeekCallback);
           ^~~~~~~~~~~~~~~~~~~
/home/ec2-user/arduino-testlib/cli-datadir/user/libraries/Adafruit_Arcada_GifDecoder/examples/ArcadaAnimatedGIFs/ArcadaAnimatedGIFs.ino:53:11: error: request for member &#39;setFilePositionCallback&#39; in &#39;decoder&#39;, which is of non-class type &#39;int&#39;
   decoder.setFilePositionCallback(filePositionCallback);
           ^~~~~~~~~~~~~~~~~~~~~~~
/home/ec2-user/arduino-testlib/cli-datadir/user/libraries/Adafruit_Arcada_GifDecoder/examples/ArcadaAnimatedGIFs/ArcadaAnimatedGIFs.ino:54:11: error: request for member &#39;setFileReadCallback&#39; in &#39;decoder&#39;, which is of non-class type &#39;int&#39;
   decoder.setFileReadCallback(fileReadCallback);
           ^~~~~~~~~~~~~~~~~~~
/home/ec2-user/arduino-testlib/cli-datadir/user/libraries/Adafruit_Arcada_GifDecoder/examples/ArcadaAnimatedGIFs/ArcadaAnimatedGIFs.ino:55:11: error: request for member &#39;setFileReadBlockCallback&#39; in &#39;decoder&#39;, which is of non-class type &#39;int&#39;
   decoder.setFileReadBlockCallback(fileReadBlockCallback);
           ^~~~~~~~~~~~~~~~~~~~~~~~
/home/ec2-user/arduino-testlib/cli-datadir/user/libraries/Adafruit_Arcada_GifDecoder/examples/ArcadaAnimatedGIFs/ArcadaAnimatedGIFs.ino:58:8: error: &#39;arcada&#39; was not declared in this scope
   if (!arcada.arcadaBegin()) {
        ^~~~~~
/home/ec2-user/arduino-testlib/cli-datadir/user/libraries/Adafruit_Arcada_GifDecoder/examples/ArcadaAnimatedGIFs/ArcadaAnimatedGIFs.ino:58:8: note: suggested alternative: &#39;fread&#39;
   if (!arcada.arcadaBegin()) {
        ^~~~~~
        fread
/home/ec2-user/arduino-testlib/cli-datadir/user/libraries/Adafruit_Arcada_GifDecoder/examples/ArcadaAnimatedGIFs/ArcadaAnimatedGIFs.ino:63:3: error: &#39;arcada&#39; was not declared in this scope
   arcada.filesysBeginMSD();
   ^~~~~~
/home/ec2-user/arduino-testlib/cli-datadir/user/libraries/Adafruit_Arcada_GifDecoder/examples/ArcadaAnimatedGIFs/ArcadaAnimatedGIFs.ino:63:3: note: suggested alternative: &#39;fread&#39;
   arcada.filesysBeginMSD();
   ^~~~~~
   fread
/home/ec2-user/arduino-testlib/cli-datadir/user/libraries/Adafruit_Arcada_GifDecoder/examples/ArcadaAnimatedGIFs/ArcadaAnimatedGIFs.ino:99:10: error: &#39;class HardwareSerial&#39; has no member named &#39;printf&#39;; did you mean &#39;print&#39;?
   Serial.printf(&#34;Playing GIFs for at least %d seconds per\n&#34;, displayTimeSeconds);
          ^~~~~~
          print
/home/ec2-user/arduino-testlib/cli-datadir/user/libraries/Adafruit_Arcada_GifDecoder/examples/ArcadaAnimatedGIFs/ArcadaAnimatedGIFs.ino: In function &#39;void loop()&#39;:
/home/ec2-user/arduino-testlib/cli-datadir/user/libraries/Adafruit_Arcada_GifDecoder/examples/ArcadaAnimatedGIFs/ArcadaAnimatedGIFs.ino:114:9: error: &#39;arcada&#39; was not declared in this scope
     if (arcada.recentUSB()) {
         ^~~~~~
/home/ec2-user/arduino-testlib/cli-datadir/user/libraries/Adafruit_Arcada_GifDecoder/examples/ArcadaAnimatedGIFs/ArcadaAnimatedGIFs.ino:114:9: note: suggested alternative: &#39;fread&#39;
     if (arcada.recentUSB()) {
         ^~~~~~
         fread
/home/ec2-user/arduino-testlib/cli-datadir/user/libraries/Adafruit_Arcada_GifDecoder/examples/ArcadaAnimatedGIFs/ArcadaAnimatedGIFs.ino:120:5: error: &#39;arcada&#39; was not declared in this scope
     arcada.readButtons();
     ^~~~~~
/home/ec2-user/arduino-testlib/cli-datadir/user/libraries/Adafruit_Arcada_GifDecoder/examples/ArcadaAnimatedGIFs/ArcadaAnimatedGIFs.ino:120:5: note: suggested alternative: &#39;fread&#39;
     arcada.readButtons();
     ^~~~~~
     fread
/home/ec2-user/arduino-testlib/cli-datadir/user/libraries/Adafruit_Arcada_GifDecoder/examples/ArcadaAnimatedGIFs/ArcadaAnimatedGIFs.ino:131:14: error: &#39;class HardwareSerial&#39; has no member named &#39;printf&#39;; did you mean &#39;print&#39;?
       Serial.printf(&#34;New brightness %d&#34;, newbrightness);
              ^~~~~~
              print
/home/ec2-user/arduino-testlib/cli-datadir/user/libraries/Adafruit_Arcada_GifDecoder/examples/ArcadaAnimatedGIFs/ArcadaAnimatedGIFs.ino:137:14: error: &#39;class HardwareSerial&#39; has no member named &#39;printf&#39;; did you mean &#39;print&#39;?
       Serial.printf(&#34;New brightness %d&#34;, newbrightness);
              ^~~~~~
              print
/home/ec2-user/arduino-testlib/cli-datadir/user/libraries/Adafruit_Arcada_GifDecoder/examples/ArcadaAnimatedGIFs/ArcadaAnimatedGIFs.ino:143:18: error: request for member &#39;getCycleNo&#39; in &#39;decoder&#39;, which is of non-class type &#39;int&#39;
         (decoder.getCycleNo() &gt; 1)) // at least one &#39;cycle&#39; elapsed
                  ^~~~~~~~~~
/home/ec2-user/arduino-testlib/cli-datadir/user/libraries/Adafruit_Arcada_GifDecoder/examples/ArcadaAnimatedGIFs/ArcadaAnimatedGIFs.ino:151:38: error: request for member &#39;getFrameCount&#39; in &#39;decoder&#39;, which is of non-class type &#39;int&#39;
       int32_t frames       = decoder.getFrameCount();
                                      ^~~~~~~~~~~~~
/home/ec2-user/arduino-testlib/cli-datadir/user/libraries/Adafruit_Arcada_GifDecoder/examples/ArcadaAnimatedGIFs/ArcadaAnimatedGIFs.ino:152:38: error: request for member &#39;getCycleTime&#39; in &#39;decoder&#39;, which is of non-class type &#39;int&#39;
       int32_t cycle_design = decoder.getCycleTime();  // Intended duration
                                      ^~~~~~~~~~~~
/home/ec2-user/arduino-testlib/cli-datadir/user/libraries/Adafruit_Arcada_GifDecoder/examples/ArcadaAnimatedGIFs/ArcadaAnimatedGIFs.ino:184:9: error: &#39;file&#39; was not declared in this scope
         file = arcada.openFileByIndex(GIF_DIRECTORY, file_index, O_READ, &#34;GIF&#34;);
         ^~~~
/home/ec2-user/arduino-testlib/cli-datadir/user/libraries/Adafruit_Arcada_GifDecoder/examples/ArcadaAnimatedGIFs/ArcadaAnimatedGIFs.ino:184:9: note: suggested alternative: &#39;fileno&#39;
         file = arcada.openFileByIndex(GIF_DIRECTORY, file_index, O_READ, &#34;GIF&#34;);
         ^~~~
         fileno
/home/ec2-user/arduino-testlib/cli-datadir/user/libraries/Adafruit_Arcada_GifDecoder/examples/ArcadaAnimatedGIFs/ArcadaAnimatedGIFs.ino:184:66: error: &#39;O_READ&#39; was not declared in t</pre>
					
					<h4>examples/crankyGIFs</h4>
					<p>
						Result: <b>FAIL</b>
					</p>
					<pre class="pre-scrollable">WARNING: library Adafruit_Arcada_GifDecoder claims to run on samd, nrf52 architecture(s) and may be incompatible with your current board which runs on avr architecture(s).
/home/ec2-user/arduino-testlib/cli-datadir/user/libraries/Adafruit_Arcada_GifDecoder/examples/crankyGIFs/crankyGIFs.ino:18:1: error: &#39;Adafruit_Arcada&#39; does not name a type; did you mean &#39;Adafruit_SPITFT&#39;?
 Adafruit_Arcada arcada;
 ^~~~~~~~~~~~~~~
 Adafruit_SPITFT
/home/ec2-user/arduino-testlib/cli-datadir/user/libraries/Adafruit_Arcada_GifDecoder/examples/crankyGIFs/crankyGIFs.ino:19:12: error: &#39;ARCADA_TFT_WIDTH&#39; was not declared in this scope
 GifDecoder&lt;ARCADA_TFT_WIDTH, ARCADA_TFT_HEIGHT, 12&gt; decoder;
            ^~~~~~~~~~~~~~~~
/home/ec2-user/arduino-testlib/cli-datadir/user/libraries/Adafruit_Arcada_GifDecoder/examples/crankyGIFs/crankyGIFs.ino:19:12: note: suggested alternative: &#39;ARCADA_TFT_LITE&#39;
 GifDecoder&lt;ARCADA_TFT_WIDTH, ARCADA_TFT_HEIGHT, 12&gt; decoder;
            ^~~~~~~~~~~~~~~~
            ARCADA_TFT_LITE
/home/ec2-user/arduino-testlib/cli-datadir/user/libraries/Adafruit_Arcada_GifDecoder/examples/crankyGIFs/crankyGIFs.ino:19:30: error: &#39;ARCADA_TFT_HEIGHT&#39; was not declared in this scope
 GifDecoder&lt;ARCADA_TFT_WIDTH, ARCADA_TFT_HEIGHT, 12&gt; decoder;
                              ^~~~~~~~~~~~~~~~~
/home/ec2-user/arduino-testlib/cli-datadir/user/libraries/Adafruit_Arcada_GifDecoder/examples/crankyGIFs/crankyGIFs.ino:19:30: note: suggested alternative: &#39;ARCADA_TFT_LITE&#39;
 GifDecoder&lt;ARCADA_TFT_WIDTH, ARCADA_TFT_HEIGHT, 12&gt; decoder;
                              ^~~~~~~~~~~~~~~~~
                              ARCADA_TFT_LITE
/home/ec2-user/arduino-testlib/cli-datadir/user/libraries/Adafruit_Arcada_GifDecoder/examples/crankyGIFs/crankyGIFs.ino:19:51: error: template argument 1 is invalid
 GifDecoder&lt;ARCADA_TFT_WIDTH, ARCADA_TFT_HEIGHT, 12&gt; decoder;
                                                   ^
/home/ec2-user/arduino-testlib/cli-datadir/user/libraries/Adafruit_Arcada_GifDecoder/examples/crankyGIFs/crankyGIFs.ino:19:51: error: template argument 2 is invalid
/home/ec2-user/arduino-testlib/cli-datadir/user/libraries/Adafruit_Arcada_GifDecoder/examples/crankyGIFs/crankyGIFs.ino:20:1: error: &#39;File&#39; does not name a type
 File file;
 ^~~~
/home/ec2-user/arduino-testlib/cli-datadir/user/libraries/Adafruit_Arcada_GifDecoder/examples/crankyGIFs/crankyGIFs.ino: In function &#39;void setup()&#39;:
/home/ec2-user/arduino-testlib/cli-datadir/user/libraries/Adafruit_Arcada_GifDecoder/examples/crankyGIFs/crankyGIFs.ino:29:11: error: request for member &#39;setScreenClearCallback&#39; in &#39;decoder&#39;, which is of non-class type &#39;int&#39;
   decoder.setScreenClearCallback(screenClearCallback);
           ^~~~~~~~~~~~~~~~~~~~~~
/home/ec2-user/arduino-testlib/cli-datadir/user/libraries/Adafruit_Arcada_GifDecoder/examples/crankyGIFs/crankyGIFs.ino:30:11: error: request for member &#39;setUpdateScreenCallback&#39; in &#39;decoder&#39;, which is of non-class type &#39;int&#39;
   decoder.setUpdateScreenCallback(updateScreenCallback);
           ^~~~~~~~~~~~~~~~~~~~~~~
/home/ec2-user/arduino-testlib/cli-datadir/user/libraries/Adafruit_Arcada_GifDecoder/examples/crankyGIFs/crankyGIFs.ino:31:11: error: request for member &#39;setDrawPixelCallback&#39; in &#39;decoder&#39;, which is of non-class type &#39;int&#39;
   decoder.setDrawPixelCallback(drawPixelCallback);
           ^~~~~~~~~~~~~~~~~~~~
/home/ec2-user/arduino-testlib/cli-datadir/user/libraries/Adafruit_Arcada_GifDecoder/examples/crankyGIFs/crankyGIFs.ino:32:11: error: request for member &#39;setDrawLineCallback&#39; in &#39;decoder&#39;, which is of non-class type &#39;int&#39;
   decoder.setDrawLineCallback(drawLineCallback);
           ^~~~~~~~~~~~~~~~~~~
/home/ec2-user/arduino-testlib/cli-datadir/user/libraries/Adafruit_Arcada_GifDecoder/examples/crankyGIFs/crankyGIFs.ino:34:11: error: request for member &#39;setFileSeekCallback&#39; in &#39;decoder&#39;, which is of non-class type &#39;int&#39;
   decoder.setFileSeekCallback(fileSeekCallback);
           ^~~~~~~~~~~~~~~~~~~
/home/ec2-user/arduino-testlib/cli-datadir/user/libraries/Adafruit_Arcada_GifDecoder/examples/crankyGIFs/crankyGIFs.ino:35:11: error: request for member &#39;setFilePositionCallback&#39; in &#39;decoder&#39;, which is of non-class type &#39;int&#39;
   decoder.setFilePositionCallback(filePositionCallback);
           ^~~~~~~~~~~~~~~~~~~~~~~
/home/ec2-user/arduino-testlib/cli-datadir/user/libraries/Adafruit_Arcada_GifDecoder/examples/crankyGIFs/crankyGIFs.ino:36:11: error: request for member &#39;setFileReadCallback&#39; in &#39;decoder&#39;, which is of non-class type &#39;int&#39;
   decoder.setFileReadCallback(fileReadCallback);
           ^~~~~~~~~~~~~~~~~~~
/home/ec2-user/arduino-testlib/cli-datadir/user/libraries/Adafruit_Arcada_GifDecoder/examples/crankyGIFs/crankyGIFs.ino:37:11: error: request for member &#39;setFileReadBlockCallback&#39; in &#39;decoder&#39;, which is of non-class type &#39;int&#39;
   decoder.setFileReadBlockCallback(fileReadBlockCallback);
           ^~~~~~~~~~~~~~~~~~~~~~~~
/home/ec2-user/arduino-testlib/cli-datadir/user/libraries/Adafruit_Arcada_GifDecoder/examples/crankyGIFs/crankyGIFs.ino:40:8: error: &#39;arcada&#39; was not declared in this scope
   if (!arcada.arcadaBegin()) {
        ^~~~~~
/home/ec2-user/arduino-testlib/cli-datadir/user/libraries/Adafruit_Arcada_GifDecoder/examples/crankyGIFs/crankyGIFs.ino:40:8: note: suggested alternative: &#39;fread&#39;
   if (!arcada.arcadaBegin()) {
        ^~~~~~
        fread
/home/ec2-user/arduino-testlib/cli-datadir/user/libraries/Adafruit_Arcada_GifDecoder/examples/crankyGIFs/crankyGIFs.ino:45:3: error: &#39;arcada&#39; was not declared in this scope
   arcada.filesysBeginMSD();
   ^~~~~~
/home/ec2-user/arduino-testlib/cli-datadir/user/libraries/Adafruit_Arcada_GifDecoder/examples/crankyGIFs/crankyGIFs.ino:45:3: note: suggested alternative: &#39;fread&#39;
   arcada.filesysBeginMSD();
   ^~~~~~
   fread
/home/ec2-user/arduino-testlib/cli-datadir/user/libraries/Adafruit_Arcada_GifDecoder/examples/crankyGIFs/crankyGIFs.ino: In function &#39;void loop()&#39;:
/home/ec2-user/arduino-testlib/cli-datadir/user/libraries/Adafruit_Arcada_GifDecoder/examples/crankyGIFs/crankyGIFs.ino:92:13: error: &#39;arcada&#39; was not declared in this scope
       if (! arcada.chdir(GIF_DIRECTORY)) {
             ^~~~~~
/home/ec2-user/arduino-testlib/cli-datadir/user/libraries/Adafruit_Arcada_GifDecoder/examples/crankyGIFs/crankyGIFs.ino:92:13: note: suggested alternative: &#39;fread&#39;
       if (! arcada.chdir(GIF_DIRECTORY)) {
             ^~~~~~
             fread
/home/ec2-user/arduino-testlib/cli-datadir/user/libraries/Adafruit_Arcada_GifDecoder/examples/crankyGIFs/crankyGIFs.ino:97:23: error: &#39;arcada&#39; was not declared in this scope
       int num_files = arcada.filesysListFiles(GIF_DIRECTORY, &#34;GIF&#34;);
                       ^~~~~~
/home/ec2-user/arduino-testlib/cli-datadir/user/libraries/Adafruit_Arcada_GifDecoder/examples/crankyGIFs/crankyGIFs.ino:97:23: note: suggested alternative: &#39;fread&#39;
       int num_files = arcada.filesysListFiles(GIF_DIRECTORY, &#34;GIF&#34;);
                       ^~~~~~
                       fread
/home/ec2-user/arduino-testlib/cli-datadir/user/libraries/Adafruit_Arcada_GifDecoder/examples/crankyGIFs/crankyGIFs.ino:114:7: error: &#39;file&#39; was not declared in this scope
       file = arcada.openFileByIndex(GIF_DIRECTORY, file_index, O_READ, &#34;GIF&#34;);
       ^~~~
/home/ec2-user/arduino-testlib/cli-datadir/user/libraries/Adafruit_Arcada_GifDecoder/examples/crankyGIFs/crankyGIFs.ino:114:7: note: suggested alternative: &#39;fileno&#39;
       file = arcada.openFileByIndex(GIF_DIRECTORY, file_index, O_READ, &#34;GIF&#34;);
       ^~~~
       fileno
/home/ec2-user/arduino-testlib/cli-datadir/user/libraries/Adafruit_Arcada_GifDecoder/examples/crankyGIFs/crankyGIFs.ino:114:64: error: &#39;O_READ&#39; was not declared in this scope
       file = arcada.openFileByIndex(GIF_DIRECTORY, file_index, O_READ, &#34;GIF&#34;);
                                                                ^~~~~~
/home/ec2-user/arduino-testlib/cli-datadir/user/libraries/Adafruit_Arcada_GifDecoder/examples/crankyGIFs/crankyGIFs.ino:114:64: note: suggested alternative: &#39;OCR1AH&#39;
       file = arcada.openFileByIndex(GIF_DIRECTORY, file_index, O_READ, &#34;GIF&#34;);
                                                                ^~~~~~
                                                                OCR1AH
/home/ec2-user/arduino-testlib/cli-datadir/user/libraries/Adafruit_Arcada_GifDecoder/examples/crankyGIFs/crankyGIFs.ino:122:15: error: request for member &#39;startDecoding&#39; in &#39;decoder&#39;, which is of non-class type &#39;int&#39;
       decoder.startDecoding();
               ^~~~~~~~~~~~~
/home/ec2-user/arduino-testlib/cli-datadir/user/libraries/Adafruit_Arcada_GifDecoder/examples/crankyGIFs/crankyGIFs.ino:126:15: error: request for member &#39;getSize&#39; in &#39;decoder&#39;, which is of non-class type &#39;int&#39;
       decoder.getSize(&amp;w, &amp;h);
               ^~~~~~~
/home/ec2-user/arduino-testlib/cli-datadir/user/libraries/Adafruit_Arcada_GifDecoder/examples/crankyGIFs/crankyGIFs.ino:143:29: error: request for member &#39;getFrameNumber&#39; in &#39;decoder&#39;, which is of non-class type &#39;int&#39;
         currFrame = decoder.getFrameNumber();
                             ^~~~~~~~~~~~~~
/home/ec2-user/arduino-testlib/cli-datadir/user/libraries/Adafruit_Arcada_GifDecoder/examples/crankyGIFs/crankyGIFs.ino:148:16: error: &#39;class HardwareSerial&#39; has no member named &#39;printf&#39;; did you mean &#39;print&#39;?
         Serial.printf(&#34;Frame #%d &amp; File location: %d\n&#34;, currFrame, file.position());
                ^~~~~~
                print
/home/ec2-user/arduino-testlib/cli-datadir/user/libraries/Adafruit_Arcada_GifDecoder/examples/crankyGIFs/crankyGIFs.ino:153:17: error: request for member &#39;decodeFrame&#39; in &#39;decoder&#39;, which is of non-class type &#39;int&#39;
         decoder.decodeFrame();
                 ^~~~~~~~~~~
/home/ec2-user/arduino-testlib/cli-datadir/user/libraries/Adafruit_Arcada_GifDecoder/examples/crankyGIFs/crankyGIFs.ino:163:12: error: &#39;class HardwareSerial&#39; has no member named &#39;printf&#39;; did you mean &#39;print&#39;?
     Serial.printf(&#34;Rotary encoder moved: %d\n&#34;, rotaryDirection);
            ^~~~~~
            print
/home</pre>
					
				
				<h3 id="arduino:mbed_nano:nanorp2040connect">arduino:mbed_nano:nanorp2040connect @ 2.7.2</h3>
				<h4>Inclusion</h4>
				<p>
					Result: <b>PASS</b>
					
				</p>
				<pre class="pre-scrollable">WARNING: library Adafruit_Arcada_GifDecoder claims to run on samd, nrf52 architecture(s) and may be incompatible with your current board which runs on mbed_nano architecture(s).
Sketch uses 78756 bytes (0%) of program storage space. Maximum is 16777216 bytes.
Global variables use 43444 bytes (16%) of dynamic memory, leaving 226892 bytes for local variables. Maximum is 270336 bytes.
</pre>

					
					<h4>examples/ArcadaAnimatedGIFs</h4>
					<p>
						Result: <b>FAIL</b>
					</p>
					<pre class="pre-scrollable">WARNING: library Adafruit_Arcada_GifDecoder claims to run on samd, nrf52 architecture(s) and may be incompatible with your current board which runs on mbed_nano architecture(s).
/home/ec2-user/arduino-testlib/cli-datadir/user/libraries/Adafruit_Arcada_GifDecoder/examples/ArcadaAnimatedGIFs/ArcadaAnimatedGIFs.ino:13:1: error: &#39;Adafruit_Arcada&#39; does not name a type; did you mean &#39;Adafruit_SPITFT&#39;?
 Adafruit_Arcada arcada;
 ^~~~~~~~~~~~~~~
 Adafruit_SPITFT
/home/ec2-user/arduino-testlib/cli-datadir/user/libraries/Adafruit_Arcada_GifDecoder/examples/ArcadaAnimatedGIFs/ArcadaAnimatedGIFs.ino:17:14: error: &#39;ARCADA_TFT_WIDTH&#39; was not declared in this scope
   GifDecoder&lt;ARCADA_TFT_WIDTH, ARCADA_TFT_HEIGHT, 12&gt; decoder;
              ^~~~~~~~~~~~~~~~
/home/ec2-user/arduino-testlib/cli-datadir/user/libraries/Adafruit_Arcada_GifDecoder/examples/ArcadaAnimatedGIFs/ArcadaAnimatedGIFs.ino:17:14: note: suggested alternative: &#39;ARCADA_TFT_LITE&#39;
   GifDecoder&lt;ARCADA_TFT_WIDTH, ARCADA_TFT_HEIGHT, 12&gt; decoder;
              ^~~~~~~~~~~~~~~~
              ARCADA_TFT_LITE
/home/ec2-user/arduino-testlib/cli-datadir/user/libraries/Adafruit_Arcada_GifDecoder/examples/ArcadaAnimatedGIFs/ArcadaAnimatedGIFs.ino:17:32: error: &#39;ARCADA_TFT_HEIGHT&#39; was not declared in this scope
   GifDecoder&lt;ARCADA_TFT_WIDTH, ARCADA_TFT_HEIGHT, 12&gt; decoder;
                                ^~~~~~~~~~~~~~~~~
/home/ec2-user/arduino-testlib/cli-datadir/user/libraries/Adafruit_Arcada_GifDecoder/examples/ArcadaAnimatedGIFs/ArcadaAnimatedGIFs.ino:17:32: note: suggested alternative: &#39;ARCADA_TFT_LITE&#39;
   GifDecoder&lt;ARCADA_TFT_WIDTH, ARCADA_TFT_HEIGHT, 12&gt; decoder;
                                ^~~~~~~~~~~~~~~~~
                                ARCADA_TFT_LITE
/home/ec2-user/arduino-testlib/cli-datadir/user/libraries/Adafruit_Arcada_GifDecoder/examples/ArcadaAnimatedGIFs/ArcadaAnimatedGIFs.ino:17:53: error: template argument 1 is invalid
   GifDecoder&lt;ARCADA_TFT_WIDTH, ARCADA_TFT_HEIGHT, 12&gt; decoder;
                                                     ^
/home/ec2-user/arduino-testlib/cli-datadir/user/libraries/Adafruit_Arcada_GifDecoder/examples/ArcadaAnimatedGIFs/ArcadaAnimatedGIFs.ino:17:53: error: template argument 2 is invalid
/home/ec2-user/arduino-testlib/cli-datadir/user/libraries/Adafruit_Arcada_GifDecoder/examples/ArcadaAnimatedGIFs/ArcadaAnimatedGIFs.ino:20:1: error: &#39;File&#39; does not name a type; did you mean &#39;time&#39;?
 File file;
 ^~~~
 time
/home/ec2-user/arduino-testlib/cli-datadir/user/libraries/Adafruit_Arcada_GifDecoder/examples/ArcadaAnimatedGIFs/ArcadaAnimatedGIFs.ino: In function &#39;void setup()&#39;:
/home/ec2-user/arduino-testlib/cli-datadir/user/libraries/Adafruit_Arcada_GifDecoder/examples/ArcadaAnimatedGIFs/ArcadaAnimatedGIFs.ino:47:11: error: request for member &#39;setScreenClearCallback&#39; in &#39;decoder&#39;, which is of non-class type &#39;int&#39;
   decoder.setScreenClearCallback(screenClearCallback);
           ^~~~~~~~~~~~~~~~~~~~~~
/home/ec2-user/arduino-testlib/cli-datadir/user/libraries/Adafruit_Arcada_GifDecoder/examples/ArcadaAnimatedGIFs/ArcadaAnimatedGIFs.ino:48:11: error: request for member &#39;setUpdateScreenCallback&#39; in &#39;decoder&#39;, which is of non-class type &#39;int&#39;
   decoder.setUpdateScreenCallback(updateScreenCallback);
           ^~~~~~~~~~~~~~~~~~~~~~~
/home/ec2-user/arduino-testlib/cli-datadir/user/libraries/Adafruit_Arcada_GifDecoder/examples/ArcadaAnimatedGIFs/ArcadaAnimatedGIFs.ino:49:11: error: request for member &#39;setDrawPixelCallback&#39; in &#39;decoder&#39;, which is of non-class type &#39;int&#39;
   decoder.setDrawPixelCallback(drawPixelCallback);
           ^~~~~~~~~~~~~~~~~~~~
/home/ec2-user/arduino-testlib/cli-datadir/user/libraries/Adafruit_Arcada_GifDecoder/examples/ArcadaAnimatedGIFs/ArcadaAnimatedGIFs.ino:50:11: error: request for member &#39;setDrawLineCallback&#39; in &#39;decoder&#39;, which is of non-class type &#39;int&#39;
   decoder.setDrawLineCallback(drawLineCallback);
           ^~~~~~~~~~~~~~~~~~~
/home/ec2-user/arduino-testlib/cli-datadir/user/libraries/Adafruit_Arcada_GifDecoder/examples/ArcadaAnimatedGIFs/ArcadaAnimatedGIFs.ino:52:11: error: request for member &#39;setFileSeekCallback&#39; in &#39;decoder&#39;, which is of non-class type &#39;int&#39;
   decoder.setFileSeekCallback(fileSeekCallback);
           ^~~~~~~~~~~~~~~~~~~
/home/ec2-user/arduino-testlib/cli-datadir/user/libraries/Adafruit_Arcada_GifDecoder/examples/ArcadaAnimatedGIFs/ArcadaAnimatedGIFs.ino:53:11: error: request for member &#39;setFilePositionCallback&#39; in &#39;decoder&#39;, which is of non-class type &#39;int&#39;
   decoder.setFilePositionCallback(filePositionCallback);
           ^~~~~~~~~~~~~~~~~~~~~~~
/home/ec2-user/arduino-testlib/cli-datadir/user/libraries/Adafruit_Arcada_GifDecoder/examples/ArcadaAnimatedGIFs/ArcadaAnimatedGIFs.ino:54:11: error: request for member &#39;setFileReadCallback&#39; in &#39;decoder&#39;, which is of non-class type &#39;int&#39;
   decoder.setFileReadCallback(fileReadCallback);
           ^~~~~~~~~~~~~~~~~~~
/home/ec2-user/arduino-testlib/cli-datadir/user/libraries/Adafruit_Arcada_GifDecoder/examples/ArcadaAnimatedGIFs/ArcadaAnimatedGIFs.ino:55:11: error: request for member &#39;setFileReadBlockCallback&#39; in &#39;decoder&#39;, which is of non-class type &#39;int&#39;
   decoder.setFileReadBlockCallback(fileReadBlockCallback);
           ^~~~~~~~~~~~~~~~~~~~~~~~
/home/ec2-user/arduino-testlib/cli-datadir/user/libraries/Adafruit_Arcada_GifDecoder/examples/ArcadaAnimatedGIFs/ArcadaAnimatedGIFs.ino:58:8: error: &#39;arcada&#39; was not declared in this scope
   if (!arcada.arcadaBegin()) {
        ^~~~~~
/home/ec2-user/arduino-testlib/cli-datadir/user/libraries/Adafruit_Arcada_GifDecoder/examples/ArcadaAnimatedGIFs/ArcadaAnimatedGIFs.ino:58:8: note: suggested alternative: &#39;read&#39;
   if (!arcada.arcadaBegin()) {
        ^~~~~~
        read
/home/ec2-user/arduino-testlib/cli-datadir/user/libraries/Adafruit_Arcada_GifDecoder/examples/ArcadaAnimatedGIFs/ArcadaAnimatedGIFs.ino:63:3: error: &#39;arcada&#39; was not declared in this scope
   arcada.filesysBeginMSD();
   ^~~~~~
/home/ec2-user/arduino-testlib/cli-datadir/user/libraries/Adafruit_Arcada_GifDecoder/examples/ArcadaAnimatedGIFs/ArcadaAnimatedGIFs.ino:63:3: note: suggested alternative: &#39;read&#39;
   arcada.filesysBeginMSD();
   ^~~~~~
   read
/home/ec2-user/arduino-testlib/cli-datadir/user/libraries/Adafruit_Arcada_GifDecoder/examples/ArcadaAnimatedGIFs/ArcadaAnimatedGIFs.ino:99:10: error: &#39;class arduino::UART&#39; has no member named &#39;printf&#39;; did you mean &#39;print&#39;?
   Serial.printf(&#34;Playing GIFs for at least %d seconds per\n&#34;, displayTimeSeconds);
          ^~~~~~
          print
/home/ec2-user/arduino-testlib/cli-datadir/user/libraries/Adafruit_Arcada_GifDecoder/examples/ArcadaAnimatedGIFs/ArcadaAnimatedGIFs.ino: In function &#39;void loop()&#39;:
/home/ec2-user/arduino-testlib/cli-datadir/user/libraries/Adafruit_Arcada_GifDecoder/examples/ArcadaAnimatedGIFs/ArcadaAnimatedGIFs.ino:114:9: error: &#39;arcada&#39; was not declared in this scope
     if (arcada.recentUSB()) {
         ^~~~~~
/home/ec2-user/arduino-testlib/cli-datadir/user/libraries/Adafruit_Arcada_GifDecoder/examples/ArcadaAnimatedGIFs/ArcadaAnimatedGIFs.ino:114:9: note: suggested alternative: &#39;read&#39;
     if (arcada.recentUSB()) {
         ^~~~~~
         read
/home/ec2-user/arduino-testlib/cli-datadir/user/libraries/Adafruit_Arcada_GifDecoder/examples/ArcadaAnimatedGIFs/ArcadaAnimatedGIFs.ino:120:5: error: &#39;arcada&#39; was not declared in this scope
     arcada.readButtons();
     ^~~~~~
/home/ec2-user/arduino-testlib/cli-datadir/user/libraries/Adafruit_Arcada_GifDecoder/examples/ArcadaAnimatedGIFs/ArcadaAnimatedGIFs.ino:120:5: note: suggested alternative: &#39;read&#39;
     arcada.readButtons();
     ^~~~~~
     read
/home/ec2-user/arduino-testlib/cli-datadir/user/libraries/Adafruit_Arcada_GifDecoder/examples/ArcadaAnimatedGIFs/ArcadaAnimatedGIFs.ino:131:14: error: &#39;class arduino::UART&#39; has no member named &#39;printf&#39;; did you mean &#39;print&#39;?
       Serial.printf(&#34;New brightness %d&#34;, newbrightness);
              ^~~~~~
              print
/home/ec2-user/arduino-testlib/cli-datadir/user/libraries/Adafruit_Arcada_GifDecoder/examples/ArcadaAnimatedGIFs/ArcadaAnimatedGIFs.ino:137:14: error: &#39;class arduino::UART&#39; has no member named &#39;printf&#39;; did you mean &#39;print&#39;?
       Serial.printf(&#34;New brightness %d&#34;, newbrightness);
              ^~~~~~
              print
/home/ec2-user/arduino-testlib/cli-datadir/user/libraries/Adafruit_Arcada_GifDecoder/examples/ArcadaAnimatedGIFs/ArcadaAnimatedGIFs.ino:143:18: error: request for member &#39;getCycleNo&#39; in &#39;decoder&#39;, which is of non-class type &#39;int&#39;
         (decoder.getCycleNo() &gt; 1)) // at least one &#39;cycle&#39; elapsed
                  ^~~~~~~~~~
/home/ec2-user/arduino-testlib/cli-datadir/user/libraries/Adafruit_Arcada_GifDecoder/examples/ArcadaAnimatedGIFs/ArcadaAnimatedGIFs.ino:151:38: error: request for member &#39;getFrameCount&#39; in &#39;decoder&#39;, which is of non-class type &#39;int&#39;
       int32_t frames       = decoder.getFrameCount();
                                      ^~~~~~~~~~~~~
/home/ec2-user/arduino-testlib/cli-datadir/user/libraries/Adafruit_Arcada_GifDecoder/examples/ArcadaAnimatedGIFs/ArcadaAnimatedGIFs.ino:152:38: error: request for member &#39;getCycleTime&#39; in &#39;decoder&#39;, which is of non-class type &#39;int&#39;
       int32_t cycle_design = decoder.getCycleTime();  // Intended duration
                                      ^~~~~~~~~~~~
/home/ec2-user/arduino-testlib/cli-datadir/user/libraries/Adafruit_Arcada_GifDecoder/examples/ArcadaAnimatedGIFs/ArcadaAnimatedGIFs.ino:184:9: error: &#39;file&#39; was not declared in this scope
         file = arcada.openFileByIndex(GIF_DIRECTORY, file_index, O_READ, &#34;GIF&#34;);
         ^~~~
/home/ec2-user/arduino-testlib/cli-datadir/user/libraries/Adafruit_Arcada_GifDecoder/examples/ArcadaAnimatedGIFs/ArcadaAnimatedGIFs.ino:184:9: note: suggested alternative: &#39;time&#39;
         file = arcada.openFileByIndex(GIF_DIRECTORY, file_index, O_READ, &#34;GIF&#34;);
         ^~~~
         time
/home/ec2-user/arduino-testlib/cli-datadir/user/libraries/Adafruit_Arcada_GifDecoder/examples/ArcadaAnimatedGIFs/ArcadaAnimatedGIFs.ino:184:66: error: &#39;O_READ&#39; wa</pre>
					
					<h4>examples/crankyGIFs</h4>
					<p>
						Result: <b>FAIL</b>
					</p>
					<pre class="pre-scrollable">WARNING: library Adafruit_Arcada_GifDecoder claims to run on samd, nrf52 architecture(s) and may be incompatible with your current board which runs on mbed_nano architecture(s).
/home/ec2-user/arduino-testlib/cli-datadir/user/libraries/Adafruit_Arcada_GifDecoder/examples/crankyGIFs/crankyGIFs.ino:18:1: error: &#39;Adafruit_Arcada&#39; does not name a type; did you mean &#39;Adafruit_SPITFT&#39;?
 Adafruit_Arcada arcada;
 ^~~~~~~~~~~~~~~
 Adafruit_SPITFT
/home/ec2-user/arduino-testlib/cli-datadir/user/libraries/Adafruit_Arcada_GifDecoder/examples/crankyGIFs/crankyGIFs.ino:19:12: error: &#39;ARCADA_TFT_WIDTH&#39; was not declared in this scope
 GifDecoder&lt;ARCADA_TFT_WIDTH, ARCADA_TFT_HEIGHT, 12&gt; decoder;
            ^~~~~~~~~~~~~~~~
/home/ec2-user/arduino-testlib/cli-datadir/user/libraries/Adafruit_Arcada_GifDecoder/examples/crankyGIFs/crankyGIFs.ino:19:12: note: suggested alternative: &#39;ARCADA_TFT_LITE&#39;
 GifDecoder&lt;ARCADA_TFT_WIDTH, ARCADA_TFT_HEIGHT, 12&gt; decoder;
            ^~~~~~~~~~~~~~~~
            ARCADA_TFT_LITE
/home/ec2-user/arduino-testlib/cli-datadir/user/libraries/Adafruit_Arcada_GifDecoder/examples/crankyGIFs/crankyGIFs.ino:19:30: error: &#39;ARCADA_TFT_HEIGHT&#39; was not declared in this scope
 GifDecoder&lt;ARCADA_TFT_WIDTH, ARCADA_TFT_HEIGHT, 12&gt; decoder;
                              ^~~~~~~~~~~~~~~~~
/home/ec2-user/arduino-testlib/cli-datadir/user/libraries/Adafruit_Arcada_GifDecoder/examples/crankyGIFs/crankyGIFs.ino:19:30: note: suggested alternative: &#39;ARCADA_TFT_LITE&#39;
 GifDecoder&lt;ARCADA_TFT_WIDTH, ARCADA_TFT_HEIGHT, 12&gt; decoder;
                              ^~~~~~~~~~~~~~~~~
                              ARCADA_TFT_LITE
/home/ec2-user/arduino-testlib/cli-datadir/user/libraries/Adafruit_Arcada_GifDecoder/examples/crankyGIFs/crankyGIFs.ino:19:51: error: template argument 1 is invalid
 GifDecoder&lt;ARCADA_TFT_WIDTH, ARCADA_TFT_HEIGHT, 12&gt; decoder;
                                                   ^
/home/ec2-user/arduino-testlib/cli-datadir/user/libraries/Adafruit_Arcada_GifDecoder/examples/crankyGIFs/crankyGIFs.ino:19:51: error: template argument 2 is invalid
/home/ec2-user/arduino-testlib/cli-datadir/user/libraries/Adafruit_Arcada_GifDecoder/examples/crankyGIFs/crankyGIFs.ino:20:1: error: &#39;File&#39; does not name a type; did you mean &#39;time&#39;?
 File file;
 ^~~~
 time
/home/ec2-user/arduino-testlib/cli-datadir/user/libraries/Adafruit_Arcada_GifDecoder/examples/crankyGIFs/crankyGIFs.ino: In function &#39;void setup()&#39;:
/home/ec2-user/arduino-testlib/cli-datadir/user/libraries/Adafruit_Arcada_GifDecoder/examples/crankyGIFs/crankyGIFs.ino:29:11: error: request for member &#39;setScreenClearCallback&#39; in &#39;decoder&#39;, which is of non-class type &#39;int&#39;
   decoder.setScreenClearCallback(screenClearCallback);
           ^~~~~~~~~~~~~~~~~~~~~~
/home/ec2-user/arduino-testlib/cli-datadir/user/libraries/Adafruit_Arcada_GifDecoder/examples/crankyGIFs/crankyGIFs.ino:30:11: error: request for member &#39;setUpdateScreenCallback&#39; in &#39;decoder&#39;, which is of non-class type &#39;int&#39;
   decoder.setUpdateScreenCallback(updateScreenCallback);
           ^~~~~~~~~~~~~~~~~~~~~~~
/home/ec2-user/arduino-testlib/cli-datadir/user/libraries/Adafruit_Arcada_GifDecoder/examples/crankyGIFs/crankyGIFs.ino:31:11: error: request for member &#39;setDrawPixelCallback&#39; in &#39;decoder&#39;, which is of non-class type &#39;int&#39;
   decoder.setDrawPixelCallback(drawPixelCallback);
           ^~~~~~~~~~~~~~~~~~~~
/home/ec2-user/arduino-testlib/cli-datadir/user/libraries/Adafruit_Arcada_GifDecoder/examples/crankyGIFs/crankyGIFs.ino:32:11: error: request for member &#39;setDrawLineCallback&#39; in &#39;decoder&#39;, which is of non-class type &#39;int&#39;
   decoder.setDrawLineCallback(drawLineCallback);
           ^~~~~~~~~~~~~~~~~~~
/home/ec2-user/arduino-testlib/cli-datadir/user/libraries/Adafruit_Arcada_GifDecoder/examples/crankyGIFs/crankyGIFs.ino:34:11: error: request for member &#39;setFileSeekCallback&#39; in &#39;decoder&#39;, which is of non-class type &#39;int&#39;
   decoder.setFileSeekCallback(fileSeekCallback);
           ^~~~~~~~~~~~~~~~~~~
/home/ec2-user/arduino-testlib/cli-datadir/user/libraries/Adafruit_Arcada_GifDecoder/examples/crankyGIFs/crankyGIFs.ino:35:11: error: request for member &#39;setFilePositionCallback&#39; in &#39;decoder&#39;, which is of non-class type &#39;int&#39;
   decoder.setFilePositionCallback(filePositionCallback);
           ^~~~~~~~~~~~~~~~~~~~~~~
/home/ec2-user/arduino-testlib/cli-datadir/user/libraries/Adafruit_Arcada_GifDecoder/examples/crankyGIFs/crankyGIFs.ino:36:11: error: request for member &#39;setFileReadCallback&#39; in &#39;decoder&#39;, which is of non-class type &#39;int&#39;
   decoder.setFileReadCallback(fileReadCallback);
           ^~~~~~~~~~~~~~~~~~~
/home/ec2-user/arduino-testlib/cli-datadir/user/libraries/Adafruit_Arcada_GifDecoder/examples/crankyGIFs/crankyGIFs.ino:37:11: error: request for member &#39;setFileReadBlockCallback&#39; in &#39;decoder&#39;, which is of non-class type &#39;int&#39;
   decoder.setFileReadBlockCallback(fileReadBlockCallback);
           ^~~~~~~~~~~~~~~~~~~~~~~~
/home/ec2-user/arduino-testlib/cli-datadir/user/libraries/Adafruit_Arcada_GifDecoder/examples/crankyGIFs/crankyGIFs.ino:40:8: error: &#39;arcada&#39; was not declared in this scope
   if (!arcada.arcadaBegin()) {
        ^~~~~~
/home/ec2-user/arduino-testlib/cli-datadir/user/libraries/Adafruit_Arcada_GifDecoder/examples/crankyGIFs/crankyGIFs.ino:40:8: note: suggested alternative: &#39;read&#39;
   if (!arcada.arcadaBegin()) {
        ^~~~~~
        read
/home/ec2-user/arduino-testlib/cli-datadir/user/libraries/Adafruit_Arcada_GifDecoder/examples/crankyGIFs/crankyGIFs.ino:45:3: error: &#39;arcada&#39; was not declared in this scope
   arcada.filesysBeginMSD();
   ^~~~~~
/home/ec2-user/arduino-testlib/cli-datadir/user/libraries/Adafruit_Arcada_GifDecoder/examples/crankyGIFs/crankyGIFs.ino:45:3: note: suggested alternative: &#39;read&#39;
   arcada.filesysBeginMSD();
   ^~~~~~
   read
/home/ec2-user/arduino-testlib/cli-datadir/user/libraries/Adafruit_Arcada_GifDecoder/examples/crankyGIFs/crankyGIFs.ino: In function &#39;void loop()&#39;:
/home/ec2-user/arduino-testlib/cli-datadir/user/libraries/Adafruit_Arcada_GifDecoder/examples/crankyGIFs/crankyGIFs.ino:92:13: error: &#39;arcada&#39; was not declared in this scope
       if (! arcada.chdir(GIF_DIRECTORY)) {
             ^~~~~~
/home/ec2-user/arduino-testlib/cli-datadir/user/libraries/Adafruit_Arcada_GifDecoder/examples/crankyGIFs/crankyGIFs.ino:92:13: note: suggested alternative: &#39;read&#39;
       if (! arcada.chdir(GIF_DIRECTORY)) {
             ^~~~~~
             read
/home/ec2-user/arduino-testlib/cli-datadir/user/libraries/Adafruit_Arcada_GifDecoder/examples/crankyGIFs/crankyGIFs.ino:97:23: error: &#39;arcada&#39; was not declared in this scope
       int num_files = arcada.filesysListFiles(GIF_DIRECTORY, &#34;GIF&#34;);
                       ^~~~~~
/home/ec2-user/arduino-testlib/cli-datadir/user/libraries/Adafruit_Arcada_GifDecoder/examples/crankyGIFs/crankyGIFs.ino:97:23: note: suggested alternative: &#39;read&#39;
       int num_files = arcada.filesysListFiles(GIF_DIRECTORY, &#34;GIF&#34;);
                       ^~~~~~
                       read
/home/ec2-user/arduino-testlib/cli-datadir/user/libraries/Adafruit_Arcada_GifDecoder/examples/crankyGIFs/crankyGIFs.ino:114:7: error: &#39;file&#39; was not declared in this scope
       file = arcada.openFileByIndex(GIF_DIRECTORY, file_index, O_READ, &#34;GIF&#34;);
       ^~~~
/home/ec2-user/arduino-testlib/cli-datadir/user/libraries/Adafruit_Arcada_GifDecoder/examples/crankyGIFs/crankyGIFs.ino:114:7: note: suggested alternative: &#39;time&#39;
       file = arcada.openFileByIndex(GIF_DIRECTORY, file_index, O_READ, &#34;GIF&#34;);
       ^~~~
       time
/home/ec2-user/arduino-testlib/cli-datadir/user/libraries/Adafruit_Arcada_GifDecoder/examples/crankyGIFs/crankyGIFs.ino:114:64: error: &#39;O_READ&#39; was not declared in this scope
       file = arcada.openFileByIndex(GIF_DIRECTORY, file_index, O_READ, &#34;GIF&#34;);
                                                                ^~~~~~
/home/ec2-user/arduino-testlib/cli-datadir/user/libraries/Adafruit_Arcada_GifDecoder/examples/crankyGIFs/crankyGIFs.ino:114:64: note: suggested alternative: &#39;_FREAD&#39;
       file = arcada.openFileByIndex(GIF_DIRECTORY, file_index, O_READ, &#34;GIF&#34;);
                                                                ^~~~~~
                                                                _FREAD
/home/ec2-user/arduino-testlib/cli-datadir/user/libraries/Adafruit_Arcada_GifDecoder/examples/crankyGIFs/crankyGIFs.ino:122:15: error: request for member &#39;startDecoding&#39; in &#39;decoder&#39;, which is of non-class type &#39;int&#39;
       decoder.startDecoding();
               ^~~~~~~~~~~~~
/home/ec2-user/arduino-testlib/cli-datadir/user/libraries/Adafruit_Arcada_GifDecoder/examples/crankyGIFs/crankyGIFs.ino:126:15: error: request for member &#39;getSize&#39; in &#39;decoder&#39;, which is of non-class type &#39;int&#39;
       decoder.getSize(&amp;w, &amp;h);
               ^~~~~~~
/home/ec2-user/arduino-testlib/cli-datadir/user/libraries/Adafruit_Arcada_GifDecoder/examples/crankyGIFs/crankyGIFs.ino:143:29: error: request for member &#39;getFrameNumber&#39; in &#39;decoder&#39;, which is of non-class type &#39;int&#39;
         currFrame = decoder.getFrameNumber();
                             ^~~~~~~~~~~~~~
/home/ec2-user/arduino-testlib/cli-datadir/user/libraries/Adafruit_Arcada_GifDecoder/examples/crankyGIFs/crankyGIFs.ino:148:16: error: &#39;class arduino::UART&#39; has no member named &#39;printf&#39;; did you mean &#39;print&#39;?
         Serial.printf(&#34;Frame #%d &amp; File location: %d\n&#34;, currFrame, file.position());
                ^~~~~~
                print
/home/ec2-user/arduino-testlib/cli-datadir/user/libraries/Adafruit_Arcada_GifDecoder/examples/crankyGIFs/crankyGIFs.ino:153:17: error: request for member &#39;decodeFrame&#39; in &#39;decoder&#39;, which is of non-class type &#39;int&#39;
         decoder.decodeFrame();
                 ^~~~~~~~~~~
/home/ec2-user/arduino-testlib/cli-datadir/user/libraries/Adafruit_Arcada_GifDecoder/examples/crankyGIFs/crankyGIFs.ino:163:12: error: &#39;class arduino::UART&#39; has no member named &#39;printf&#39;; did you mean &#39;print&#39;?
     Serial.printf(&#34;Rotary encoder moved: %d\n&#34;, rotaryDirection);
            ^~~~~~
   </pre>
					
				
				<h3 id="arduino:megaavr:nona4809">arduino:megaavr:nona4809 @ 1.8.7</h3>
				<h4>Inclusion</h4>
				<p>
					Result: <b>PASS</b>
					
				</p>
				<pre class="pre-scrollable">WARNING: library Adafruit_Arcada_GifDecoder claims to run on samd, nrf52 architecture(s) and may be incompatible with your current board which runs on megaavr architecture(s).
Sketch uses 802 bytes (1%) of program storage space. Maximum is 49152 bytes.
Global variables use 22 bytes (0%) of dynamic memory, leaving 6122 bytes for local variables. Maximum is 6144 bytes.
</pre>

					
					<h4>examples/ArcadaAnimatedGIFs</h4>
					<p>
						Result: <b>FAIL</b>
					</p>
					<pre class="pre-scrollable">WARNING: library Adafruit_Arcada_GifDecoder claims to run on samd, nrf52 architecture(s) and may be incompatible with your current board which runs on megaavr architecture(s).
/home/ec2-user/arduino-testlib/cli-datadir/user/libraries/Adafruit_Arcada_GifDecoder/examples/ArcadaAnimatedGIFs/ArcadaAnimatedGIFs.ino:13:1: error: &#39;Adafruit_Arcada&#39; does not name a type; did you mean &#39;Adafruit_SPITFT&#39;?
 Adafruit_Arcada arcada;
 ^~~~~~~~~~~~~~~
 Adafruit_SPITFT
/home/ec2-user/arduino-testlib/cli-datadir/user/libraries/Adafruit_Arcada_GifDecoder/examples/ArcadaAnimatedGIFs/ArcadaAnimatedGIFs.ino:17:14: error: &#39;ARCADA_TFT_WIDTH&#39; was not declared in this scope
   GifDecoder&lt;ARCADA_TFT_WIDTH, ARCADA_TFT_HEIGHT, 12&gt; decoder;
              ^~~~~~~~~~~~~~~~
/home/ec2-user/arduino-testlib/cli-datadir/user/libraries/Adafruit_Arcada_GifDecoder/examples/ArcadaAnimatedGIFs/ArcadaAnimatedGIFs.ino:17:14: note: suggested alternative: &#39;ARCADA_TFT_LITE&#39;
   GifDecoder&lt;ARCADA_TFT_WIDTH, ARCADA_TFT_HEIGHT, 12&gt; decoder;
              ^~~~~~~~~~~~~~~~
              ARCADA_TFT_LITE
/home/ec2-user/arduino-testlib/cli-datadir/user/libraries/Adafruit_Arcada_GifDecoder/examples/ArcadaAnimatedGIFs/ArcadaAnimatedGIFs.ino:17:32: error: &#39;ARCADA_TFT_HEIGHT&#39; was not declared in this scope
   GifDecoder&lt;ARCADA_TFT_WIDTH, ARCADA_TFT_HEIGHT, 12&gt; decoder;
                                ^~~~~~~~~~~~~~~~~
/home/ec2-user/arduino-testlib/cli-datadir/user/libraries/Adafruit_Arcada_GifDecoder/examples/ArcadaAnimatedGIFs/ArcadaAnimatedGIFs.ino:17:32: note: suggested alternative: &#39;ARCADA_TFT_LITE&#39;
   GifDecoder&lt;ARCADA_TFT_WIDTH, ARCADA_TFT_HEIGHT, 12&gt; decoder;
                                ^~~~~~~~~~~~~~~~~
                                ARCADA_TFT_LITE
/home/ec2-user/arduino-testlib/cli-datadir/user/libraries/Adafruit_Arcada_GifDecoder/examples/ArcadaAnimatedGIFs/ArcadaAnimatedGIFs.ino:17:53: error: template argument 1 is invalid
   GifDecoder&lt;ARCADA_TFT_WIDTH, ARCADA_TFT_HEIGHT, 12&gt; decoder;
                                                     ^
/home/ec2-user/arduino-testlib/cli-datadir/user/libraries/Adafruit_Arcada_GifDecoder/examples/ArcadaAnimatedGIFs/ArcadaAnimatedGIFs.ino:17:53: error: template argument 2 is invalid
/home/ec2-user/arduino-testlib/cli-datadir/user/libraries/Adafruit_Arcada_GifDecoder/examples/ArcadaAnimatedGIFs/ArcadaAnimatedGIFs.ino:20:1: error: &#39;File&#39; does not name a type; did you mean &#39;fileno&#39;?
 File file;
 ^~~~
 fileno
/home/ec2-user/arduino-testlib/cli-datadir/user/libraries/Adafruit_Arcada_GifDecoder/examples/ArcadaAnimatedGIFs/ArcadaAnimatedGIFs.ino: In function &#39;void setup()&#39;:
/home/ec2-user/arduino-testlib/cli-datadir/user/libraries/Adafruit_Arcada_GifDecoder/examples/ArcadaAnimatedGIFs/ArcadaAnimatedGIFs.ino:47:11: error: request for member &#39;setScreenClearCallback&#39; in &#39;decoder&#39;, which is of non-class type &#39;int&#39;
   decoder.setScreenClearCallback(screenClearCallback);
           ^~~~~~~~~~~~~~~~~~~~~~
/home/ec2-user/arduino-testlib/cli-datadir/user/libraries/Adafruit_Arcada_GifDecoder/examples/ArcadaAnimatedGIFs/ArcadaAnimatedGIFs.ino:48:11: error: request for member &#39;setUpdateScreenCallback&#39; in &#39;decoder&#39;, which is of non-class type &#39;int&#39;
   decoder.setUpdateScreenCallback(updateScreenCallback);
           ^~~~~~~~~~~~~~~~~~~~~~~
/home/ec2-user/arduino-testlib/cli-datadir/user/libraries/Adafruit_Arcada_GifDecoder/examples/ArcadaAnimatedGIFs/ArcadaAnimatedGIFs.ino:49:11: error: request for member &#39;setDrawPixelCallback&#39; in &#39;decoder&#39;, which is of non-class type &#39;int&#39;
   decoder.setDrawPixelCallback(drawPixelCallback);
           ^~~~~~~~~~~~~~~~~~~~
/home/ec2-user/arduino-testlib/cli-datadir/user/libraries/Adafruit_Arcada_GifDecoder/examples/ArcadaAnimatedGIFs/ArcadaAnimatedGIFs.ino:50:11: error: request for member &#39;setDrawLineCallback&#39; in &#39;decoder&#39;, which is of non-class type &#39;int&#39;
   decoder.setDrawLineCallback(drawLineCallback);
           ^~~~~~~~~~~~~~~~~~~
/home/ec2-user/arduino-testlib/cli-datadir/user/libraries/Adafruit_Arcada_GifDecoder/examples/ArcadaAnimatedGIFs/ArcadaAnimatedGIFs.ino:52:11: error: request for member &#39;setFileSeekCallback&#39; in &#39;decoder&#39;, which is of non-class type &#39;int&#39;
   decoder.setFileSeekCallback(fileSeekCallback);
           ^~~~~~~~~~~~~~~~~~~
/home/ec2-user/arduino-testlib/cli-datadir/user/libraries/Adafruit_Arcada_GifDecoder/examples/ArcadaAnimatedGIFs/ArcadaAnimatedGIFs.ino:53:11: error: request for member &#39;setFilePositionCallback&#39; in &#39;decoder&#39;, which is of non-class type &#39;int&#39;
   decoder.setFilePositionCallback(filePositionCallback);
           ^~~~~~~~~~~~~~~~~~~~~~~
/home/ec2-user/arduino-testlib/cli-datadir/user/libraries/Adafruit_Arcada_GifDecoder/examples/ArcadaAnimatedGIFs/ArcadaAnimatedGIFs.ino:54:11: error: request for member &#39;setFileReadCallback&#39; in &#39;decoder&#39;, which is of non-class type &#39;int&#39;
   decoder.setFileReadCallback(fileReadCallback);
           ^~~~~~~~~~~~~~~~~~~
/home/ec2-user/arduino-testlib/cli-datadir/user/libraries/Adafruit_Arcada_GifDecoder/examples/ArcadaAnimatedGIFs/ArcadaAnimatedGIFs.ino:55:11: error: request for member &#39;setFileReadBlockCallback&#39; in &#39;decoder&#39;, which is of non-class type &#39;int&#39;
   decoder.setFileReadBlockCallback(fileReadBlockCallback);
           ^~~~~~~~~~~~~~~~~~~~~~~~
/home/ec2-user/arduino-testlib/cli-datadir/user/libraries/Adafruit_Arcada_GifDecoder/examples/ArcadaAnimatedGIFs/ArcadaAnimatedGIFs.ino:58:8: error: &#39;arcada&#39; was not declared in this scope
   if (!arcada.arcadaBegin()) {
        ^~~~~~
/home/ec2-user/arduino-testlib/cli-datadir/user/libraries/Adafruit_Arcada_GifDecoder/examples/ArcadaAnimatedGIFs/ArcadaAnimatedGIFs.ino:58:8: note: suggested alternative: &#39;fread&#39;
   if (!arcada.arcadaBegin()) {
        ^~~~~~
        fread
/home/ec2-user/arduino-testlib/cli-datadir/user/libraries/Adafruit_Arcada_GifDecoder/examples/ArcadaAnimatedGIFs/ArcadaAnimatedGIFs.ino:63:3: error: &#39;arcada&#39; was not declared in this scope
   arcada.filesysBeginMSD();
   ^~~~~~
/home/ec2-user/arduino-testlib/cli-datadir/user/libraries/Adafruit_Arcada_GifDecoder/examples/ArcadaAnimatedGIFs/ArcadaAnimatedGIFs.ino:63:3: note: suggested alternative: &#39;fread&#39;
   arcada.filesysBeginMSD();
   ^~~~~~
   fread
/home/ec2-user/arduino-testlib/cli-datadir/user/libraries/Adafruit_Arcada_GifDecoder/examples/ArcadaAnimatedGIFs/ArcadaAnimatedGIFs.ino:99:10: error: &#39;class UartClass&#39; has no member named &#39;printf&#39;; did you mean &#39;print&#39;?
   Serial.printf(&#34;Playing GIFs for at least %d seconds per\n&#34;, displayTimeSeconds);
          ^~~~~~
          print
/home/ec2-user/arduino-testlib/cli-datadir/user/libraries/Adafruit_Arcada_GifDecoder/examples/ArcadaAnimatedGIFs/ArcadaAnimatedGIFs.ino: In function &#39;void loop()&#39;:
/home/ec2-user/arduino-testlib/cli-datadir/user/libraries/Adafruit_Arcada_GifDecoder/examples/ArcadaAnimatedGIFs/ArcadaAnimatedGIFs.ino:114:9: error: &#39;arcada&#39; was not declared in this scope
     if (arcada.recentUSB()) {
         ^~~~~~
/home/ec2-user/arduino-testlib/cli-datadir/user/libraries/Adafruit_Arcada_GifDecoder/examples/ArcadaAnimatedGIFs/ArcadaAnimatedGIFs.ino:114:9: note: suggested alternative: &#39;fread&#39;
     if (arcada.recentUSB()) {
         ^~~~~~
         fread
/home/ec2-user/arduino-testlib/cli-datadir/user/libraries/Adafruit_Arcada_GifDecoder/examples/ArcadaAnimatedGIFs/ArcadaAnimatedGIFs.ino:120:5: error: &#39;arcada&#39; was not declared in this scope
     arcada.readButtons();
     ^~~~~~
/home/ec2-user/arduino-testlib/cli-datadir/user/libraries/Adafruit_Arcada_GifDecoder/examples/ArcadaAnimatedGIFs/ArcadaAnimatedGIFs.ino:120:5: note: suggested alternative: &#39;fread&#39;
     arcada.readButtons();
     ^~~~~~
     fread
/home/ec2-user/arduino-testlib/cli-datadir/user/libraries/Adafruit_Arcada_GifDecoder/examples/ArcadaAnimatedGIFs/ArcadaAnimatedGIFs.ino:131:14: error: &#39;class UartClass&#39; has no member named &#39;printf&#39;; did you mean &#39;print&#39;?
       Serial.printf(&#34;New brightness %d&#34;, newbrightness);
              ^~~~~~
              print
/home/ec2-user/arduino-testlib/cli-datadir/user/libraries/Adafruit_Arcada_GifDecoder/examples/ArcadaAnimatedGIFs/ArcadaAnimatedGIFs.ino:137:14: error: &#39;class UartClass&#39; has no member named &#39;printf&#39;; did you mean &#39;print&#39;?
       Serial.printf(&#34;New brightness %d&#34;, newbrightness);
              ^~~~~~
              print
/home/ec2-user/arduino-testlib/cli-datadir/user/libraries/Adafruit_Arcada_GifDecoder/examples/ArcadaAnimatedGIFs/ArcadaAnimatedGIFs.ino:143:18: error: request for member &#39;getCycleNo&#39; in &#39;decoder&#39;, which is of non-class type &#39;int&#39;
         (decoder.getCycleNo() &gt; 1)) // at least one &#39;cycle&#39; elapsed
                  ^~~~~~~~~~
/home/ec2-user/arduino-testlib/cli-datadir/user/libraries/Adafruit_Arcada_GifDecoder/examples/ArcadaAnimatedGIFs/ArcadaAnimatedGIFs.ino:151:38: error: request for member &#39;getFrameCount&#39; in &#39;decoder&#39;, which is of non-class type &#39;int&#39;
       int32_t frames       = decoder.getFrameCount();
                                      ^~~~~~~~~~~~~
/home/ec2-user/arduino-testlib/cli-datadir/user/libraries/Adafruit_Arcada_GifDecoder/examples/ArcadaAnimatedGIFs/ArcadaAnimatedGIFs.ino:152:38: error: request for member &#39;getCycleTime&#39; in &#39;decoder&#39;, which is of non-class type &#39;int&#39;
       int32_t cycle_design = decoder.getCycleTime();  // Intended duration
                                      ^~~~~~~~~~~~
/home/ec2-user/arduino-testlib/cli-datadir/user/libraries/Adafruit_Arcada_GifDecoder/examples/ArcadaAnimatedGIFs/ArcadaAnimatedGIFs.ino:184:9: error: &#39;file&#39; was not declared in this scope
         file = arcada.openFileByIndex(GIF_DIRECTORY, file_index, O_READ, &#34;GIF&#34;);
         ^~~~
/home/ec2-user/arduino-testlib/cli-datadir/user/libraries/Adafruit_Arcada_GifDecoder/examples/ArcadaAnimatedGIFs/ArcadaAnimatedGIFs.ino:184:9: note: suggested alternative: &#39;fileno&#39;
         file = arcada.openFileByIndex(GIF_DIRECTORY, file_index, O_READ, &#34;GIF&#34;);
         ^~~~
         fileno
/home/ec2-user/arduino-testlib/cli-datadir/user/libraries/Adafruit_Arcada_GifDecoder/examples/ArcadaAnimatedGIFs/ArcadaAnimatedGIFs.ino:184:66: error: &#39;O_READ&#39; </pre>
					
					<h4>examples/crankyGIFs</h4>
					<p>
						Result: <b>FAIL</b>
					</p>
					<pre class="pre-scrollable">WARNING: library Adafruit_Arcada_GifDecoder claims to run on samd, nrf52 architecture(s) and may be incompatible with your current board which runs on megaavr architecture(s).
/home/ec2-user/arduino-testlib/cli-datadir/user/libraries/Adafruit_Arcada_GifDecoder/examples/crankyGIFs/crankyGIFs.ino:18:1: error: &#39;Adafruit_Arcada&#39; does not name a type; did you mean &#39;Adafruit_SPITFT&#39;?
 Adafruit_Arcada arcada;
 ^~~~~~~~~~~~~~~
 Adafruit_SPITFT
/home/ec2-user/arduino-testlib/cli-datadir/user/libraries/Adafruit_Arcada_GifDecoder/examples/crankyGIFs/crankyGIFs.ino:19:12: error: &#39;ARCADA_TFT_WIDTH&#39; was not declared in this scope
 GifDecoder&lt;ARCADA_TFT_WIDTH, ARCADA_TFT_HEIGHT, 12&gt; decoder;
            ^~~~~~~~~~~~~~~~
/home/ec2-user/arduino-testlib/cli-datadir/user/libraries/Adafruit_Arcada_GifDecoder/examples/crankyGIFs/crankyGIFs.ino:19:12: note: suggested alternative: &#39;ARCADA_TFT_LITE&#39;
 GifDecoder&lt;ARCADA_TFT_WIDTH, ARCADA_TFT_HEIGHT, 12&gt; decoder;
            ^~~~~~~~~~~~~~~~
            ARCADA_TFT_LITE
/home/ec2-user/arduino-testlib/cli-datadir/user/libraries/Adafruit_Arcada_GifDecoder/examples/crankyGIFs/crankyGIFs.ino:19:30: error: &#39;ARCADA_TFT_HEIGHT&#39; was not declared in this scope
 GifDecoder&lt;ARCADA_TFT_WIDTH, ARCADA_TFT_HEIGHT, 12&gt; decoder;
                              ^~~~~~~~~~~~~~~~~
/home/ec2-user/arduino-testlib/cli-datadir/user/libraries/Adafruit_Arcada_GifDecoder/examples/crankyGIFs/crankyGIFs.ino:19:30: note: suggested alternative: &#39;ARCADA_TFT_LITE&#39;
 GifDecoder&lt;ARCADA_TFT_WIDTH, ARCADA_TFT_HEIGHT, 12&gt; decoder;
                              ^~~~~~~~~~~~~~~~~
                              ARCADA_TFT_LITE
/home/ec2-user/arduino-testlib/cli-datadir/user/libraries/Adafruit_Arcada_GifDecoder/examples/crankyGIFs/crankyGIFs.ino:19:51: error: template argument 1 is invalid
 GifDecoder&lt;ARCADA_TFT_WIDTH, ARCADA_TFT_HEIGHT, 12&gt; decoder;
                                                   ^
/home/ec2-user/arduino-testlib/cli-datadir/user/libraries/Adafruit_Arcada_GifDecoder/examples/crankyGIFs/crankyGIFs.ino:19:51: error: template argument 2 is invalid
/home/ec2-user/arduino-testlib/cli-datadir/user/libraries/Adafruit_Arcada_GifDecoder/examples/crankyGIFs/crankyGIFs.ino:20:1: error: &#39;File&#39; does not name a type; did you mean &#39;fileno&#39;?
 File file;
 ^~~~
 fileno
/home/ec2-user/arduino-testlib/cli-datadir/user/libraries/Adafruit_Arcada_GifDecoder/examples/crankyGIFs/crankyGIFs.ino: In function &#39;void setup()&#39;:
/home/ec2-user/arduino-testlib/cli-datadir/user/libraries/Adafruit_Arcada_GifDecoder/examples/crankyGIFs/crankyGIFs.ino:29:11: error: request for member &#39;setScreenClearCallback&#39; in &#39;decoder&#39;, which is of non-class type &#39;int&#39;
   decoder.setScreenClearCallback(screenClearCallback);
           ^~~~~~~~~~~~~~~~~~~~~~
/home/ec2-user/arduino-testlib/cli-datadir/user/libraries/Adafruit_Arcada_GifDecoder/examples/crankyGIFs/crankyGIFs.ino:30:11: error: request for member &#39;setUpdateScreenCallback&#39; in &#39;decoder&#39;, which is of non-class type &#39;int&#39;
   decoder.setUpdateScreenCallback(updateScreenCallback);
           ^~~~~~~~~~~~~~~~~~~~~~~
/home/ec2-user/arduino-testlib/cli-datadir/user/libraries/Adafruit_Arcada_GifDecoder/examples/crankyGIFs/crankyGIFs.ino:31:11: error: request for member &#39;setDrawPixelCallback&#39; in &#39;decoder&#39;, which is of non-class type &#39;int&#39;
   decoder.setDrawPixelCallback(drawPixelCallback);
           ^~~~~~~~~~~~~~~~~~~~
/home/ec2-user/arduino-testlib/cli-datadir/user/libraries/Adafruit_Arcada_GifDecoder/examples/crankyGIFs/crankyGIFs.ino:32:11: error: request for member &#39;setDrawLineCallback&#39; in &#39;decoder&#39;, which is of non-class type &#39;int&#39;
   decoder.setDrawLineCallback(drawLineCallback);
           ^~~~~~~~~~~~~~~~~~~
/home/ec2-user/arduino-testlib/cli-datadir/user/libraries/Adafruit_Arcada_GifDecoder/examples/crankyGIFs/crankyGIFs.ino:34:11: error: request for member &#39;setFileSeekCallback&#39; in &#39;decoder&#39;, which is of non-class type &#39;int&#39;
   decoder.setFileSeekCallback(fileSeekCallback);
           ^~~~~~~~~~~~~~~~~~~
/home/ec2-user/arduino-testlib/cli-datadir/user/libraries/Adafruit_Arcada_GifDecoder/examples/crankyGIFs/crankyGIFs.ino:35:11: error: request for member &#39;setFilePositionCallback&#39; in &#39;decoder&#39;, which is of non-class type &#39;int&#39;
   decoder.setFilePositionCallback(filePositionCallback);
           ^~~~~~~~~~~~~~~~~~~~~~~
/home/ec2-user/arduino-testlib/cli-datadir/user/libraries/Adafruit_Arcada_GifDecoder/examples/crankyGIFs/crankyGIFs.ino:36:11: error: request for member &#39;setFileReadCallback&#39; in &#39;decoder&#39;, which is of non-class type &#39;int&#39;
   decoder.setFileReadCallback(fileReadCallback);
           ^~~~~~~~~~~~~~~~~~~
/home/ec2-user/arduino-testlib/cli-datadir/user/libraries/Adafruit_Arcada_GifDecoder/examples/crankyGIFs/crankyGIFs.ino:37:11: error: request for member &#39;setFileReadBlockCallback&#39; in &#39;decoder&#39;, which is of non-class type &#39;int&#39;
   decoder.setFileReadBlockCallback(fileReadBlockCallback);
           ^~~~~~~~~~~~~~~~~~~~~~~~
/home/ec2-user/arduino-testlib/cli-datadir/user/libraries/Adafruit_Arcada_GifDecoder/examples/crankyGIFs/crankyGIFs.ino:40:8: error: &#39;arcada&#39; was not declared in this scope
   if (!arcada.arcadaBegin()) {
        ^~~~~~
/home/ec2-user/arduino-testlib/cli-datadir/user/libraries/Adafruit_Arcada_GifDecoder/examples/crankyGIFs/crankyGIFs.ino:40:8: note: suggested alternative: &#39;fread&#39;
   if (!arcada.arcadaBegin()) {
        ^~~~~~
        fread
/home/ec2-user/arduino-testlib/cli-datadir/user/libraries/Adafruit_Arcada_GifDecoder/examples/crankyGIFs/crankyGIFs.ino:45:3: error: &#39;arcada&#39; was not declared in this scope
   arcada.filesysBeginMSD();
   ^~~~~~
/home/ec2-user/arduino-testlib/cli-datadir/user/libraries/Adafruit_Arcada_GifDecoder/examples/crankyGIFs/crankyGIFs.ino:45:3: note: suggested alternative: &#39;fread&#39;
   arcada.filesysBeginMSD();
   ^~~~~~
   fread
/home/ec2-user/arduino-testlib/cli-datadir/user/libraries/Adafruit_Arcada_GifDecoder/examples/crankyGIFs/crankyGIFs.ino: In function &#39;void loop()&#39;:
/home/ec2-user/arduino-testlib/cli-datadir/user/libraries/Adafruit_Arcada_GifDecoder/examples/crankyGIFs/crankyGIFs.ino:92:13: error: &#39;arcada&#39; was not declared in this scope
       if (! arcada.chdir(GIF_DIRECTORY)) {
             ^~~~~~
/home/ec2-user/arduino-testlib/cli-datadir/user/libraries/Adafruit_Arcada_GifDecoder/examples/crankyGIFs/crankyGIFs.ino:92:13: note: suggested alternative: &#39;fread&#39;
       if (! arcada.chdir(GIF_DIRECTORY)) {
             ^~~~~~
             fread
/home/ec2-user/arduino-testlib/cli-datadir/user/libraries/Adafruit_Arcada_GifDecoder/examples/crankyGIFs/crankyGIFs.ino:97:23: error: &#39;arcada&#39; was not declared in this scope
       int num_files = arcada.filesysListFiles(GIF_DIRECTORY, &#34;GIF&#34;);
                       ^~~~~~
/home/ec2-user/arduino-testlib/cli-datadir/user/libraries/Adafruit_Arcada_GifDecoder/examples/crankyGIFs/crankyGIFs.ino:97:23: note: suggested alternative: &#39;fread&#39;
       int num_files = arcada.filesysListFiles(GIF_DIRECTORY, &#34;GIF&#34;);
                       ^~~~~~
                       fread
/home/ec2-user/arduino-testlib/cli-datadir/user/libraries/Adafruit_Arcada_GifDecoder/examples/crankyGIFs/crankyGIFs.ino:114:7: error: &#39;file&#39; was not declared in this scope
       file = arcada.openFileByIndex(GIF_DIRECTORY, file_index, O_READ, &#34;GIF&#34;);
       ^~~~
/home/ec2-user/arduino-testlib/cli-datadir/user/libraries/Adafruit_Arcada_GifDecoder/examples/crankyGIFs/crankyGIFs.ino:114:7: note: suggested alternative: &#39;fileno&#39;
       file = arcada.openFileByIndex(GIF_DIRECTORY, file_index, O_READ, &#34;GIF&#34;);
       ^~~~
       fileno
/home/ec2-user/arduino-testlib/cli-datadir/user/libraries/Adafruit_Arcada_GifDecoder/examples/crankyGIFs/crankyGIFs.ino:114:64: error: &#39;O_READ&#39; was not declared in this scope
       file = arcada.openFileByIndex(GIF_DIRECTORY, file_index, O_READ, &#34;GIF&#34;);
                                                                ^~~~~~
/home/ec2-user/arduino-testlib/cli-datadir/user/libraries/Adafruit_Arcada_GifDecoder/examples/crankyGIFs/crankyGIFs.ino:114:64: note: suggested alternative: &#39;IO_END&#39;
       file = arcada.openFileByIndex(GIF_DIRECTORY, file_index, O_READ, &#34;GIF&#34;);
                                                                ^~~~~~
                                                                IO_END
/home/ec2-user/arduino-testlib/cli-datadir/user/libraries/Adafruit_Arcada_GifDecoder/examples/crankyGIFs/crankyGIFs.ino:122:15: error: request for member &#39;startDecoding&#39; in &#39;decoder&#39;, which is of non-class type &#39;int&#39;
       decoder.startDecoding();
               ^~~~~~~~~~~~~
/home/ec2-user/arduino-testlib/cli-datadir/user/libraries/Adafruit_Arcada_GifDecoder/examples/crankyGIFs/crankyGIFs.ino:126:15: error: request for member &#39;getSize&#39; in &#39;decoder&#39;, which is of non-class type &#39;int&#39;
       decoder.getSize(&amp;w, &amp;h);
               ^~~~~~~
/home/ec2-user/arduino-testlib/cli-datadir/user/libraries/Adafruit_Arcada_GifDecoder/examples/crankyGIFs/crankyGIFs.ino:143:29: error: request for member &#39;getFrameNumber&#39; in &#39;decoder&#39;, which is of non-class type &#39;int&#39;
         currFrame = decoder.getFrameNumber();
                             ^~~~~~~~~~~~~~
/home/ec2-user/arduino-testlib/cli-datadir/user/libraries/Adafruit_Arcada_GifDecoder/examples/crankyGIFs/crankyGIFs.ino:148:16: error: &#39;class UartClass&#39; has no member named &#39;printf&#39;; did you mean &#39;print&#39;?
         Serial.printf(&#34;Frame #%d &amp; File location: %d\n&#34;, currFrame, file.position());
                ^~~~~~
                print
/home/ec2-user/arduino-testlib/cli-datadir/user/libraries/Adafruit_Arcada_GifDecoder/examples/crankyGIFs/crankyGIFs.ino:153:17: error: request for member &#39;decodeFrame&#39; in &#39;decoder&#39;, which is of non-class type &#39;int&#39;
         decoder.decodeFrame();
                 ^~~~~~~~~~~
/home/ec2-user/arduino-testlib/cli-datadir/user/libraries/Adafruit_Arcada_GifDecoder/examples/crankyGIFs/crankyGIFs.ino:163:12: error: &#39;class UartClass&#39; has no member named &#39;printf&#39;; did you mean &#39;print&#39;?
     Serial.printf(&#34;Rotary encoder moved: %d\n&#34;, rotaryDirection);
            ^~~~</pre>
					
				
				<h3 id="arduino:samd:mkrwifi1010">arduino:samd:mkrwifi1010 @ 1.8.12</h3>
				<h4>Inclusion</h4>
				<p>
					Result: <b>PASS</b>
					
					<br />This library has no main header file so an empty one was created.
					
				</p>
				<pre class="pre-scrollable">Sketch uses 12156 bytes (4%) of program storage space. Maximum is 262144 bytes.
Global variables use 2996 bytes (9%) of dynamic memory, leaving 29772 bytes for local variables. Maximum is 32768 bytes.
</pre>

					
					<h4>examples/ArcadaAnimatedGIFs</h4>
					<p>
						Result: <b>FAIL</b>
					</p>
					<pre class="pre-scrollable">/home/ec2-user/arduino-testlib/cli-datadir/user/libraries/Adafruit_Arcada_GifDecoder/examples/ArcadaAnimatedGIFs/ArcadaAnimatedGIFs.ino:13:1: error: &#39;Adafruit_Arcada&#39; does not name a type; did you mean &#39;Adafruit_SPITFT&#39;?
 Adafruit_Arcada arcada;
 ^~~~~~~~~~~~~~~
 Adafruit_SPITFT
/home/ec2-user/arduino-testlib/cli-datadir/user/libraries/Adafruit_Arcada_GifDecoder/examples/ArcadaAnimatedGIFs/ArcadaAnimatedGIFs.ino:17:14: error: &#39;ARCADA_TFT_WIDTH&#39; was not declared in this scope
   GifDecoder&lt;ARCADA_TFT_WIDTH, ARCADA_TFT_HEIGHT, 12&gt; decoder;
              ^~~~~~~~~~~~~~~~
/home/ec2-user/arduino-testlib/cli-datadir/user/libraries/Adafruit_Arcada_GifDecoder/examples/ArcadaAnimatedGIFs/ArcadaAnimatedGIFs.ino:17:14: note: suggested alternative: &#39;ARCADA_TFT_LITE&#39;
   GifDecoder&lt;ARCADA_TFT_WIDTH, ARCADA_TFT_HEIGHT, 12&gt; decoder;
              ^~~~~~~~~~~~~~~~
              ARCADA_TFT_LITE
/home/ec2-user/arduino-testlib/cli-datadir/user/libraries/Adafruit_Arcada_GifDecoder/examples/ArcadaAnimatedGIFs/ArcadaAnimatedGIFs.ino:17:32: error: &#39;ARCADA_TFT_HEIGHT&#39; was not declared in this scope
   GifDecoder&lt;ARCADA_TFT_WIDTH, ARCADA_TFT_HEIGHT, 12&gt; decoder;
                                ^~~~~~~~~~~~~~~~~
/home/ec2-user/arduino-testlib/cli-datadir/user/libraries/Adafruit_Arcada_GifDecoder/examples/ArcadaAnimatedGIFs/ArcadaAnimatedGIFs.ino:17:32: note: suggested alternative: &#39;ARCADA_TFT_LITE&#39;
   GifDecoder&lt;ARCADA_TFT_WIDTH, ARCADA_TFT_HEIGHT, 12&gt; decoder;
                                ^~~~~~~~~~~~~~~~~
                                ARCADA_TFT_LITE
/home/ec2-user/arduino-testlib/cli-datadir/user/libraries/Adafruit_Arcada_GifDecoder/examples/ArcadaAnimatedGIFs/ArcadaAnimatedGIFs.ino:17:53: error: template argument 1 is invalid
   GifDecoder&lt;ARCADA_TFT_WIDTH, ARCADA_TFT_HEIGHT, 12&gt; decoder;
                                                     ^
/home/ec2-user/arduino-testlib/cli-datadir/user/libraries/Adafruit_Arcada_GifDecoder/examples/ArcadaAnimatedGIFs/ArcadaAnimatedGIFs.ino:17:53: error: template argument 2 is invalid
/home/ec2-user/arduino-testlib/cli-datadir/user/libraries/Adafruit_Arcada_GifDecoder/examples/ArcadaAnimatedGIFs/ArcadaAnimatedGIFs.ino:20:1: error: &#39;File&#39; does not name a type
 File file;
 ^~~~
/home/ec2-user/arduino-testlib/cli-datadir/user/libraries/Adafruit_Arcada_GifDecoder/examples/ArcadaAnimatedGIFs/ArcadaAnimatedGIFs.ino: In function &#39;void setup()&#39;:
/home/ec2-user/arduino-testlib/cli-datadir/user/libraries/Adafruit_Arcada_GifDecoder/examples/ArcadaAnimatedGIFs/ArcadaAnimatedGIFs.ino:47:11: error: request for member &#39;setScreenClearCallback&#39; in &#39;decoder&#39;, which is of non-class type &#39;int&#39;
   decoder.setScreenClearCallback(screenClearCallback);
           ^~~~~~~~~~~~~~~~~~~~~~
/home/ec2-user/arduino-testlib/cli-datadir/user/libraries/Adafruit_Arcada_GifDecoder/examples/ArcadaAnimatedGIFs/ArcadaAnimatedGIFs.ino:48:11: error: request for member &#39;setUpdateScreenCallback&#39; in &#39;decoder&#39;, which is of non-class type &#39;int&#39;
   decoder.setUpdateScreenCallback(updateScreenCallback);
           ^~~~~~~~~~~~~~~~~~~~~~~
/home/ec2-user/arduino-testlib/cli-datadir/user/libraries/Adafruit_Arcada_GifDecoder/examples/ArcadaAnimatedGIFs/ArcadaAnimatedGIFs.ino:49:11: error: request for member &#39;setDrawPixelCallback&#39; in &#39;decoder&#39;, which is of non-class type &#39;int&#39;
   decoder.setDrawPixelCallback(drawPixelCallback);
           ^~~~~~~~~~~~~~~~~~~~
/home/ec2-user/arduino-testlib/cli-datadir/user/libraries/Adafruit_Arcada_GifDecoder/examples/ArcadaAnimatedGIFs/ArcadaAnimatedGIFs.ino:50:11: error: request for member &#39;setDrawLineCallback&#39; in &#39;decoder&#39;, which is of non-class type &#39;int&#39;
   decoder.setDrawLineCallback(drawLineCallback);
           ^~~~~~~~~~~~~~~~~~~
/home/ec2-user/arduino-testlib/cli-datadir/user/libraries/Adafruit_Arcada_GifDecoder/examples/ArcadaAnimatedGIFs/ArcadaAnimatedGIFs.ino:52:11: error: request for member &#39;setFileSeekCallback&#39; in &#39;decoder&#39;, which is of non-class type &#39;int&#39;
   decoder.setFileSeekCallback(fileSeekCallback);
           ^~~~~~~~~~~~~~~~~~~
/home/ec2-user/arduino-testlib/cli-datadir/user/libraries/Adafruit_Arcada_GifDecoder/examples/ArcadaAnimatedGIFs/ArcadaAnimatedGIFs.ino:53:11: error: request for member &#39;setFilePositionCallback&#39; in &#39;decoder&#39;, which is of non-class type &#39;int&#39;
   decoder.setFilePositionCallback(filePositionCallback);
           ^~~~~~~~~~~~~~~~~~~~~~~
/home/ec2-user/arduino-testlib/cli-datadir/user/libraries/Adafruit_Arcada_GifDecoder/examples/ArcadaAnimatedGIFs/ArcadaAnimatedGIFs.ino:54:11: error: request for member &#39;setFileReadCallback&#39; in &#39;decoder&#39;, which is of non-class type &#39;int&#39;
   decoder.setFileReadCallback(fileReadCallback);
           ^~~~~~~~~~~~~~~~~~~
/home/ec2-user/arduino-testlib/cli-datadir/user/libraries/Adafruit_Arcada_GifDecoder/examples/ArcadaAnimatedGIFs/ArcadaAnimatedGIFs.ino:55:11: error: request for member &#39;setFileReadBlockCallback&#39; in &#39;decoder&#39;, which is of non-class type &#39;int&#39;
   decoder.setFileReadBlockCallback(fileReadBlockCallback);
           ^~~~~~~~~~~~~~~~~~~~~~~~
/home/ec2-user/arduino-testlib/cli-datadir/user/libraries/Adafruit_Arcada_GifDecoder/examples/ArcadaAnimatedGIFs/ArcadaAnimatedGIFs.ino:58:8: error: &#39;arcada&#39; was not declared in this scope
   if (!arcada.arcadaBegin()) {
        ^~~~~~
/home/ec2-user/arduino-testlib/cli-datadir/user/libraries/Adafruit_Arcada_GifDecoder/examples/ArcadaAnimatedGIFs/ArcadaAnimatedGIFs.ino:58:8: note: suggested alternative: &#39;fread&#39;
   if (!arcada.arcadaBegin()) {
        ^~~~~~
        fread
/home/ec2-user/arduino-testlib/cli-datadir/user/libraries/Adafruit_Arcada_GifDecoder/examples/ArcadaAnimatedGIFs/ArcadaAnimatedGIFs.ino:63:3: error: &#39;arcada&#39; was not declared in this scope
   arcada.filesysBeginMSD();
   ^~~~~~
/home/ec2-user/arduino-testlib/cli-datadir/user/libraries/Adafruit_Arcada_GifDecoder/examples/ArcadaAnimatedGIFs/ArcadaAnimatedGIFs.ino:63:3: note: suggested alternative: &#39;fread&#39;
   arcada.filesysBeginMSD();
   ^~~~~~
   fread
/home/ec2-user/arduino-testlib/cli-datadir/user/libraries/Adafruit_Arcada_GifDecoder/examples/ArcadaAnimatedGIFs/ArcadaAnimatedGIFs.ino:99:10: error: &#39;class Serial_&#39; has no member named &#39;printf&#39;; did you mean &#39;print&#39;?
   Serial.printf(&#34;Playing GIFs for at least %d seconds per\n&#34;, displayTimeSeconds);
          ^~~~~~
          print
/home/ec2-user/arduino-testlib/cli-datadir/user/libraries/Adafruit_Arcada_GifDecoder/examples/ArcadaAnimatedGIFs/ArcadaAnimatedGIFs.ino: In function &#39;void loop()&#39;:
/home/ec2-user/arduino-testlib/cli-datadir/user/libraries/Adafruit_Arcada_GifDecoder/examples/ArcadaAnimatedGIFs/ArcadaAnimatedGIFs.ino:114:9: error: &#39;arcada&#39; was not declared in this scope
     if (arcada.recentUSB()) {
         ^~~~~~
/home/ec2-user/arduino-testlib/cli-datadir/user/libraries/Adafruit_Arcada_GifDecoder/examples/ArcadaAnimatedGIFs/ArcadaAnimatedGIFs.ino:114:9: note: suggested alternative: &#39;fread&#39;
     if (arcada.recentUSB()) {
         ^~~~~~
         fread
/home/ec2-user/arduino-testlib/cli-datadir/user/libraries/Adafruit_Arcada_GifDecoder/examples/ArcadaAnimatedGIFs/ArcadaAnimatedGIFs.ino:120:5: error: &#39;arcada&#39; was not declared in this scope
     arcada.readButtons();
     ^~~~~~
/home/ec2-user/arduino-testlib/cli-datadir/user/libraries/Adafruit_Arcada_GifDecoder/examples/ArcadaAnimatedGIFs/ArcadaAnimatedGIFs.ino:120:5: note: suggested alternative: &#39;fread&#39;
     arcada.readButtons();
     ^~~~~~
     fread
/home/ec2-user/arduino-testlib/cli-datadir/user/libraries/Adafruit_Arcada_GifDecoder/examples/ArcadaAnimatedGIFs/ArcadaAnimatedGIFs.ino:131:14: error: &#39;class Serial_&#39; has no member named &#39;printf&#39;; did you mean &#39;print&#39;?
       Serial.printf(&#34;New brightness %d&#34;, newbrightness);
              ^~~~~~
              print
/home/ec2-user/arduino-testlib/cli-datadir/user/libraries/Adafruit_Arcada_GifDecoder/examples/ArcadaAnimatedGIFs/ArcadaAnimatedGIFs.ino:137:14: error: &#39;class Serial_&#39; has no member named &#39;printf&#39;; did you mean &#39;print&#39;?
       Serial.printf(&#34;New brightness %d&#34;, newbrightness);
              ^~~~~~
              print
/home/ec2-user/arduino-testlib/cli-datadir/user/libraries/Adafruit_Arcada_GifDecoder/examples/ArcadaAnimatedGIFs/ArcadaAnimatedGIFs.ino:143:18: error: request for member &#39;getCycleNo&#39; in &#39;decoder&#39;, which is of non-class type &#39;int&#39;
         (decoder.getCycleNo() &gt; 1)) // at least one &#39;cycle&#39; elapsed
                  ^~~~~~~~~~
/home/ec2-user/arduino-testlib/cli-datadir/user/libraries/Adafruit_Arcada_GifDecoder/examples/ArcadaAnimatedGIFs/ArcadaAnimatedGIFs.ino:151:38: error: request for member &#39;getFrameCount&#39; in &#39;decoder&#39;, which is of non-class type &#39;int&#39;
       int32_t frames       = decoder.getFrameCount();
                                      ^~~~~~~~~~~~~
/home/ec2-user/arduino-testlib/cli-datadir/user/libraries/Adafruit_Arcada_GifDecoder/examples/ArcadaAnimatedGIFs/ArcadaAnimatedGIFs.ino:152:38: error: request for member &#39;getCycleTime&#39; in &#39;decoder&#39;, which is of non-class type &#39;int&#39;
       int32_t cycle_design = decoder.getCycleTime();  // Intended duration
                                      ^~~~~~~~~~~~
/home/ec2-user/arduino-testlib/cli-datadir/user/libraries/Adafruit_Arcada_GifDecoder/examples/ArcadaAnimatedGIFs/ArcadaAnimatedGIFs.ino:184:9: error: &#39;file&#39; was not declared in this scope
         file = arcada.openFileByIndex(GIF_DIRECTORY, file_index, O_READ, &#34;GIF&#34;);
         ^~~~
/home/ec2-user/arduino-testlib/cli-datadir/user/libraries/Adafruit_Arcada_GifDecoder/examples/ArcadaAnimatedGIFs/ArcadaAnimatedGIFs.ino:184:9: note: suggested alternative: &#39;fileno&#39;
         file = arcada.openFileByIndex(GIF_DIRECTORY, file_index, O_READ, &#34;GIF&#34;);
         ^~~~
         fileno
/home/ec2-user/arduino-testlib/cli-datadir/user/libraries/Adafruit_Arcada_GifDecoder/examples/ArcadaAnimatedGIFs/ArcadaAnimatedGIFs.ino:184:66: error: &#39;O_READ&#39; was not declared in this scope
         file = arcada.openFileByIndex(GIF_DIRECTORY, file_index, O_READ, &#34;GIF&#34;);
                                                                  ^~~~~~
/home/ec2-user/arduino-testl</pre>
					
					<h4>examples/crankyGIFs</h4>
					<p>
						Result: <b>FAIL</b>
					</p>
					<pre class="pre-scrollable">/home/ec2-user/arduino-testlib/cli-datadir/user/libraries/Adafruit_Arcada_GifDecoder/examples/crankyGIFs/crankyGIFs.ino:18:1: error: &#39;Adafruit_Arcada&#39; does not name a type; did you mean &#39;Adafruit_SPITFT&#39;?
 Adafruit_Arcada arcada;
 ^~~~~~~~~~~~~~~
 Adafruit_SPITFT
/home/ec2-user/arduino-testlib/cli-datadir/user/libraries/Adafruit_Arcada_GifDecoder/examples/crankyGIFs/crankyGIFs.ino:19:12: error: &#39;ARCADA_TFT_WIDTH&#39; was not declared in this scope
 GifDecoder&lt;ARCADA_TFT_WIDTH, ARCADA_TFT_HEIGHT, 12&gt; decoder;
            ^~~~~~~~~~~~~~~~
/home/ec2-user/arduino-testlib/cli-datadir/user/libraries/Adafruit_Arcada_GifDecoder/examples/crankyGIFs/crankyGIFs.ino:19:12: note: suggested alternative: &#39;ARCADA_TFT_LITE&#39;
 GifDecoder&lt;ARCADA_TFT_WIDTH, ARCADA_TFT_HEIGHT, 12&gt; decoder;
            ^~~~~~~~~~~~~~~~
            ARCADA_TFT_LITE
/home/ec2-user/arduino-testlib/cli-datadir/user/libraries/Adafruit_Arcada_GifDecoder/examples/crankyGIFs/crankyGIFs.ino:19:30: error: &#39;ARCADA_TFT_HEIGHT&#39; was not declared in this scope
 GifDecoder&lt;ARCADA_TFT_WIDTH, ARCADA_TFT_HEIGHT, 12&gt; decoder;
                              ^~~~~~~~~~~~~~~~~
/home/ec2-user/arduino-testlib/cli-datadir/user/libraries/Adafruit_Arcada_GifDecoder/examples/crankyGIFs/crankyGIFs.ino:19:30: note: suggested alternative: &#39;ARCADA_TFT_LITE&#39;
 GifDecoder&lt;ARCADA_TFT_WIDTH, ARCADA_TFT_HEIGHT, 12&gt; decoder;
                              ^~~~~~~~~~~~~~~~~
                              ARCADA_TFT_LITE
/home/ec2-user/arduino-testlib/cli-datadir/user/libraries/Adafruit_Arcada_GifDecoder/examples/crankyGIFs/crankyGIFs.ino:19:51: error: template argument 1 is invalid
 GifDecoder&lt;ARCADA_TFT_WIDTH, ARCADA_TFT_HEIGHT, 12&gt; decoder;
                                                   ^
/home/ec2-user/arduino-testlib/cli-datadir/user/libraries/Adafruit_Arcada_GifDecoder/examples/crankyGIFs/crankyGIFs.ino:19:51: error: template argument 2 is invalid
/home/ec2-user/arduino-testlib/cli-datadir/user/libraries/Adafruit_Arcada_GifDecoder/examples/crankyGIFs/crankyGIFs.ino:20:1: error: &#39;File&#39; does not name a type
 File file;
 ^~~~
/home/ec2-user/arduino-testlib/cli-datadir/user/libraries/Adafruit_Arcada_GifDecoder/examples/crankyGIFs/crankyGIFs.ino: In function &#39;void setup()&#39;:
/home/ec2-user/arduino-testlib/cli-datadir/user/libraries/Adafruit_Arcada_GifDecoder/examples/crankyGIFs/crankyGIFs.ino:29:11: error: request for member &#39;setScreenClearCallback&#39; in &#39;decoder&#39;, which is of non-class type &#39;int&#39;
   decoder.setScreenClearCallback(screenClearCallback);
           ^~~~~~~~~~~~~~~~~~~~~~
/home/ec2-user/arduino-testlib/cli-datadir/user/libraries/Adafruit_Arcada_GifDecoder/examples/crankyGIFs/crankyGIFs.ino:30:11: error: request for member &#39;setUpdateScreenCallback&#39; in &#39;decoder&#39;, which is of non-class type &#39;int&#39;
   decoder.setUpdateScreenCallback(updateScreenCallback);
           ^~~~~~~~~~~~~~~~~~~~~~~
/home/ec2-user/arduino-testlib/cli-datadir/user/libraries/Adafruit_Arcada_GifDecoder/examples/crankyGIFs/crankyGIFs.ino:31:11: error: request for member &#39;setDrawPixelCallback&#39; in &#39;decoder&#39;, which is of non-class type &#39;int&#39;
   decoder.setDrawPixelCallback(drawPixelCallback);
           ^~~~~~~~~~~~~~~~~~~~
/home/ec2-user/arduino-testlib/cli-datadir/user/libraries/Adafruit_Arcada_GifDecoder/examples/crankyGIFs/crankyGIFs.ino:32:11: error: request for member &#39;setDrawLineCallback&#39; in &#39;decoder&#39;, which is of non-class type &#39;int&#39;
   decoder.setDrawLineCallback(drawLineCallback);
           ^~~~~~~~~~~~~~~~~~~
/home/ec2-user/arduino-testlib/cli-datadir/user/libraries/Adafruit_Arcada_GifDecoder/examples/crankyGIFs/crankyGIFs.ino:34:11: error: request for member &#39;setFileSeekCallback&#39; in &#39;decoder&#39;, which is of non-class type &#39;int&#39;
   decoder.setFileSeekCallback(fileSeekCallback);
           ^~~~~~~~~~~~~~~~~~~
/home/ec2-user/arduino-testlib/cli-datadir/user/libraries/Adafruit_Arcada_GifDecoder/examples/crankyGIFs/crankyGIFs.ino:35:11: error: request for member &#39;setFilePositionCallback&#39; in &#39;decoder&#39;, which is of non-class type &#39;int&#39;
   decoder.setFilePositionCallback(filePositionCallback);
           ^~~~~~~~~~~~~~~~~~~~~~~
/home/ec2-user/arduino-testlib/cli-datadir/user/libraries/Adafruit_Arcada_GifDecoder/examples/crankyGIFs/crankyGIFs.ino:36:11: error: request for member &#39;setFileReadCallback&#39; in &#39;decoder&#39;, which is of non-class type &#39;int&#39;
   decoder.setFileReadCallback(fileReadCallback);
           ^~~~~~~~~~~~~~~~~~~
/home/ec2-user/arduino-testlib/cli-datadir/user/libraries/Adafruit_Arcada_GifDecoder/examples/crankyGIFs/crankyGIFs.ino:37:11: error: request for member &#39;setFileReadBlockCallback&#39; in &#39;decoder&#39;, which is of non-class type &#39;int&#39;
   decoder.setFileReadBlockCallback(fileReadBlockCallback);
           ^~~~~~~~~~~~~~~~~~~~~~~~
/home/ec2-user/arduino-testlib/cli-datadir/user/libraries/Adafruit_Arcada_GifDecoder/examples/crankyGIFs/crankyGIFs.ino:40:8: error: &#39;arcada&#39; was not declared in this scope
   if (!arcada.arcadaBegin()) {
        ^~~~~~
/home/ec2-user/arduino-testlib/cli-datadir/user/libraries/Adafruit_Arcada_GifDecoder/examples/crankyGIFs/crankyGIFs.ino:40:8: note: suggested alternative: &#39;fread&#39;
   if (!arcada.arcadaBegin()) {
        ^~~~~~
        fread
/home/ec2-user/arduino-testlib/cli-datadir/user/libraries/Adafruit_Arcada_GifDecoder/examples/crankyGIFs/crankyGIFs.ino:45:3: error: &#39;arcada&#39; was not declared in this scope
   arcada.filesysBeginMSD();
   ^~~~~~
/home/ec2-user/arduino-testlib/cli-datadir/user/libraries/Adafruit_Arcada_GifDecoder/examples/crankyGIFs/crankyGIFs.ino:45:3: note: suggested alternative: &#39;fread&#39;
   arcada.filesysBeginMSD();
   ^~~~~~
   fread
/home/ec2-user/arduino-testlib/cli-datadir/user/libraries/Adafruit_Arcada_GifDecoder/examples/crankyGIFs/crankyGIFs.ino: In function &#39;void loop()&#39;:
/home/ec2-user/arduino-testlib/cli-datadir/user/libraries/Adafruit_Arcada_GifDecoder/examples/crankyGIFs/crankyGIFs.ino:92:13: error: &#39;arcada&#39; was not declared in this scope
       if (! arcada.chdir(GIF_DIRECTORY)) {
             ^~~~~~
/home/ec2-user/arduino-testlib/cli-datadir/user/libraries/Adafruit_Arcada_GifDecoder/examples/crankyGIFs/crankyGIFs.ino:92:13: note: suggested alternative: &#39;fread&#39;
       if (! arcada.chdir(GIF_DIRECTORY)) {
             ^~~~~~
             fread
/home/ec2-user/arduino-testlib/cli-datadir/user/libraries/Adafruit_Arcada_GifDecoder/examples/crankyGIFs/crankyGIFs.ino:97:23: error: &#39;arcada&#39; was not declared in this scope
       int num_files = arcada.filesysListFiles(GIF_DIRECTORY, &#34;GIF&#34;);
                       ^~~~~~
/home/ec2-user/arduino-testlib/cli-datadir/user/libraries/Adafruit_Arcada_GifDecoder/examples/crankyGIFs/crankyGIFs.ino:97:23: note: suggested alternative: &#39;fread&#39;
       int num_files = arcada.filesysListFiles(GIF_DIRECTORY, &#34;GIF&#34;);
                       ^~~~~~
                       fread
/home/ec2-user/arduino-testlib/cli-datadir/user/libraries/Adafruit_Arcada_GifDecoder/examples/crankyGIFs/crankyGIFs.ino:114:7: error: &#39;file&#39; was not declared in this scope
       file = arcada.openFileByIndex(GIF_DIRECTORY, file_index, O_READ, &#34;GIF&#34;);
       ^~~~
/home/ec2-user/arduino-testlib/cli-datadir/user/libraries/Adafruit_Arcada_GifDecoder/examples/crankyGIFs/crankyGIFs.ino:114:7: note: suggested alternative: &#39;fileno&#39;
       file = arcada.openFileByIndex(GIF_DIRECTORY, file_index, O_READ, &#34;GIF&#34;);
       ^~~~
       fileno
/home/ec2-user/arduino-testlib/cli-datadir/user/libraries/Adafruit_Arcada_GifDecoder/examples/crankyGIFs/crankyGIFs.ino:114:64: error: &#39;O_READ&#39; was not declared in this scope
       file = arcada.openFileByIndex(GIF_DIRECTORY, file_index, O_READ, &#34;GIF&#34;);
                                                                ^~~~~~
/home/ec2-user/arduino-testlib/cli-datadir/user/libraries/Adafruit_Arcada_GifDecoder/examples/crankyGIFs/crankyGIFs.ino:114:64: note: suggested alternative: &#39;__REV&#39;
       file = arcada.openFileByIndex(GIF_DIRECTORY, file_index, O_READ, &#34;GIF&#34;);
                                                                ^~~~~~
                                                                __REV
/home/ec2-user/arduino-testlib/cli-datadir/user/libraries/Adafruit_Arcada_GifDecoder/examples/crankyGIFs/crankyGIFs.ino:122:15: error: request for member &#39;startDecoding&#39; in &#39;decoder&#39;, which is of non-class type &#39;int&#39;
       decoder.startDecoding();
               ^~~~~~~~~~~~~
/home/ec2-user/arduino-testlib/cli-datadir/user/libraries/Adafruit_Arcada_GifDecoder/examples/crankyGIFs/crankyGIFs.ino:126:15: error: request for member &#39;getSize&#39; in &#39;decoder&#39;, which is of non-class type &#39;int&#39;
       decoder.getSize(&amp;w, &amp;h);
               ^~~~~~~
/home/ec2-user/arduino-testlib/cli-datadir/user/libraries/Adafruit_Arcada_GifDecoder/examples/crankyGIFs/crankyGIFs.ino:143:29: error: request for member &#39;getFrameNumber&#39; in &#39;decoder&#39;, which is of non-class type &#39;int&#39;
         currFrame = decoder.getFrameNumber();
                             ^~~~~~~~~~~~~~
/home/ec2-user/arduino-testlib/cli-datadir/user/libraries/Adafruit_Arcada_GifDecoder/examples/crankyGIFs/crankyGIFs.ino:148:16: error: &#39;class Serial_&#39; has no member named &#39;printf&#39;; did you mean &#39;print&#39;?
         Serial.printf(&#34;Frame #%d &amp; File location: %d\n&#34;, currFrame, file.position());
                ^~~~~~
                print
/home/ec2-user/arduino-testlib/cli-datadir/user/libraries/Adafruit_Arcada_GifDecoder/examples/crankyGIFs/crankyGIFs.ino:153:17: error: request for member &#39;decodeFrame&#39; in &#39;decoder&#39;, which is of non-class type &#39;int&#39;
         decoder.decodeFrame();
                 ^~~~~~~~~~~
/home/ec2-user/arduino-testlib/cli-datadir/user/libraries/Adafruit_Arcada_GifDecoder/examples/crankyGIFs/crankyGIFs.ino:163:12: error: &#39;class Serial_&#39; has no member named &#39;printf&#39;; did you mean &#39;print&#39;?
     Serial.printf(&#34;Rotary encoder moved: %d\n&#34;, rotaryDirection);
            ^~~~~~
            print
/home/ec2-user/arduino-testlib/cli-datadir/user/libraries/Adafruit_Arcada_GifDecoder/examples/crankyGIFs/crankyGIFs.ino:172:12: error: &#39;class Serial_&#39; has no member named &#39;printf&#39;; did you mean</pre>
					
				
				<h3 id="esp32:esp32:d1_mini32">esp32:esp32:d1_mini32 @ 1.0.6</h3>
				<h4>Inclusion</h4>
				<p>
					Result: <b>PASS</b>
					
				</p>
				<pre class="pre-scrollable">WARNING: library Adafruit_Arcada_GifDecoder claims to run on samd, nrf52 architecture(s) and may be incompatible with your current board which runs on esp32 architecture(s).
Sketch uses 197736 bytes (15%) of program storage space. Maximum is 1310720 bytes.
Global variables use 13084 bytes (3%) of dynamic memory, leaving 314596 bytes for local variables. Maximum is 327680 bytes.
</pre>

					
					<h4>examples/ArcadaAnimatedGIFs</h4>
					<p>
						Result: <b>FAIL</b>
					</p>
					<pre class="pre-scrollable">WARNING: library Adafruit_Arcada_GifDecoder claims to run on samd, nrf52 architecture(s) and may be incompatible with your current board which runs on esp32 architecture(s).
/home/ec2-user/arduino-testlib/cli-datadir/user/libraries/Adafruit_Arcada_GifDecoder/examples/ArcadaAnimatedGIFs/ArcadaAnimatedGIFs.ino:13:1: error: &#39;Adafruit_Arcada&#39; does not name a type
 Adafruit_Arcada arcada;
 ^
/home/ec2-user/arduino-testlib/cli-datadir/user/libraries/Adafruit_Arcada_GifDecoder/examples/ArcadaAnimatedGIFs/ArcadaAnimatedGIFs.ino:17:14: error: &#39;ARCADA_TFT_WIDTH&#39; was not declared in this scope
   GifDecoder&lt;ARCADA_TFT_WIDTH, ARCADA_TFT_HEIGHT, 12&gt; decoder;
              ^
/home/ec2-user/arduino-testlib/cli-datadir/user/libraries/Adafruit_Arcada_GifDecoder/examples/ArcadaAnimatedGIFs/ArcadaAnimatedGIFs.ino:17:32: error: &#39;ARCADA_TFT_HEIGHT&#39; was not declared in this scope
   GifDecoder&lt;ARCADA_TFT_WIDTH, ARCADA_TFT_HEIGHT, 12&gt; decoder;
                                ^
/home/ec2-user/arduino-testlib/cli-datadir/user/libraries/Adafruit_Arcada_GifDecoder/examples/ArcadaAnimatedGIFs/ArcadaAnimatedGIFs.ino:17:53: error: template argument 1 is invalid
   GifDecoder&lt;ARCADA_TFT_WIDTH, ARCADA_TFT_HEIGHT, 12&gt; decoder;
                                                     ^
/home/ec2-user/arduino-testlib/cli-datadir/user/libraries/Adafruit_Arcada_GifDecoder/examples/ArcadaAnimatedGIFs/ArcadaAnimatedGIFs.ino:17:53: error: template argument 2 is invalid
/home/ec2-user/arduino-testlib/cli-datadir/user/libraries/Adafruit_Arcada_GifDecoder/examples/ArcadaAnimatedGIFs/ArcadaAnimatedGIFs.ino:20:1: error: &#39;File&#39; does not name a type
 File file;
 ^
/home/ec2-user/arduino-testlib/cli-datadir/user/libraries/Adafruit_Arcada_GifDecoder/examples/ArcadaAnimatedGIFs/ArcadaAnimatedGIFs.ino: In function &#39;void setup()&#39;:
/home/ec2-user/arduino-testlib/cli-datadir/user/libraries/Adafruit_Arcada_GifDecoder/examples/ArcadaAnimatedGIFs/ArcadaAnimatedGIFs.ino:47:11: error: request for member &#39;setScreenClearCallback&#39; in &#39;decoder&#39;, which is of non-class type &#39;int&#39;
   decoder.setScreenClearCallback(screenClearCallback);
           ^
/home/ec2-user/arduino-testlib/cli-datadir/user/libraries/Adafruit_Arcada_GifDecoder/examples/ArcadaAnimatedGIFs/ArcadaAnimatedGIFs.ino:48:11: error: request for member &#39;setUpdateScreenCallback&#39; in &#39;decoder&#39;, which is of non-class type &#39;int&#39;
   decoder.setUpdateScreenCallback(updateScreenCallback);
           ^
/home/ec2-user/arduino-testlib/cli-datadir/user/libraries/Adafruit_Arcada_GifDecoder/examples/ArcadaAnimatedGIFs/ArcadaAnimatedGIFs.ino:49:11: error: request for member &#39;setDrawPixelCallback&#39; in &#39;decoder&#39;, which is of non-class type &#39;int&#39;
   decoder.setDrawPixelCallback(drawPixelCallback);
           ^
/home/ec2-user/arduino-testlib/cli-datadir/user/libraries/Adafruit_Arcada_GifDecoder/examples/ArcadaAnimatedGIFs/ArcadaAnimatedGIFs.ino:50:11: error: request for member &#39;setDrawLineCallback&#39; in &#39;decoder&#39;, which is of non-class type &#39;int&#39;
   decoder.setDrawLineCallback(drawLineCallback);
           ^
/home/ec2-user/arduino-testlib/cli-datadir/user/libraries/Adafruit_Arcada_GifDecoder/examples/ArcadaAnimatedGIFs/ArcadaAnimatedGIFs.ino:52:11: error: request for member &#39;setFileSeekCallback&#39; in &#39;decoder&#39;, which is of non-class type &#39;int&#39;
   decoder.setFileSeekCallback(fileSeekCallback);
           ^
/home/ec2-user/arduino-testlib/cli-datadir/user/libraries/Adafruit_Arcada_GifDecoder/examples/ArcadaAnimatedGIFs/ArcadaAnimatedGIFs.ino:53:11: error: request for member &#39;setFilePositionCallback&#39; in &#39;decoder&#39;, which is of non-class type &#39;int&#39;
   decoder.setFilePositionCallback(filePositionCallback);
           ^
/home/ec2-user/arduino-testlib/cli-datadir/user/libraries/Adafruit_Arcada_GifDecoder/examples/ArcadaAnimatedGIFs/ArcadaAnimatedGIFs.ino:54:11: error: request for member &#39;setFileReadCallback&#39; in &#39;decoder&#39;, which is of non-class type &#39;int&#39;
   decoder.setFileReadCallback(fileReadCallback);
           ^
/home/ec2-user/arduino-testlib/cli-datadir/user/libraries/Adafruit_Arcada_GifDecoder/examples/ArcadaAnimatedGIFs/ArcadaAnimatedGIFs.ino:55:11: error: request for member &#39;setFileReadBlockCallback&#39; in &#39;decoder&#39;, which is of non-class type &#39;int&#39;
   decoder.setFileReadBlockCallback(fileReadBlockCallback);
           ^
/home/ec2-user/arduino-testlib/cli-datadir/user/libraries/Adafruit_Arcada_GifDecoder/examples/ArcadaAnimatedGIFs/ArcadaAnimatedGIFs.ino:58:8: error: &#39;arcada&#39; was not declared in this scope
   if (!arcada.arcadaBegin()) {
        ^
/home/ec2-user/arduino-testlib/cli-datadir/user/libraries/Adafruit_Arcada_GifDecoder/examples/ArcadaAnimatedGIFs/ArcadaAnimatedGIFs.ino:63:3: error: &#39;arcada&#39; was not declared in this scope
   arcada.filesysBeginMSD();
   ^
/home/ec2-user/arduino-testlib/cli-datadir/user/libraries/Adafruit_Arcada_GifDecoder/examples/ArcadaAnimatedGIFs/ArcadaAnimatedGIFs.ino: In function &#39;void loop()&#39;:
/home/ec2-user/arduino-testlib/cli-datadir/user/libraries/Adafruit_Arcada_GifDecoder/examples/ArcadaAnimatedGIFs/ArcadaAnimatedGIFs.ino:114:9: error: &#39;arcada&#39; was not declared in this scope
     if (arcada.recentUSB()) { 
         ^
/home/ec2-user/arduino-testlib/cli-datadir/user/libraries/Adafruit_Arcada_GifDecoder/examples/ArcadaAnimatedGIFs/ArcadaAnimatedGIFs.ino:120:5: error: &#39;arcada&#39; was not declared in this scope
     arcada.readButtons();
     ^
/home/ec2-user/arduino-testlib/cli-datadir/user/libraries/Adafruit_Arcada_GifDecoder/examples/ArcadaAnimatedGIFs/ArcadaAnimatedGIFs.ino:143:18: error: request for member &#39;getCycleNo&#39; in &#39;decoder&#39;, which is of non-class type &#39;int&#39;
         (decoder.getCycleNo() &gt; 1)) // at least one &#39;cycle&#39; elapsed
                  ^
/home/ec2-user/arduino-testlib/cli-datadir/user/libraries/Adafruit_Arcada_GifDecoder/examples/ArcadaAnimatedGIFs/ArcadaAnimatedGIFs.ino:151:38: error: request for member &#39;getFrameCount&#39; in &#39;decoder&#39;, which is of non-class type &#39;int&#39;
       int32_t frames       = decoder.getFrameCount();
                                      ^
/home/ec2-user/arduino-testlib/cli-datadir/user/libraries/Adafruit_Arcada_GifDecoder/examples/ArcadaAnimatedGIFs/ArcadaAnimatedGIFs.ino:152:38: error: request for member &#39;getCycleTime&#39; in &#39;decoder&#39;, which is of non-class type &#39;int&#39;
       int32_t cycle_design = decoder.getCycleTime();  // Intended duration
                                      ^
/home/ec2-user/arduino-testlib/cli-datadir/user/libraries/Adafruit_Arcada_GifDecoder/examples/ArcadaAnimatedGIFs/ArcadaAnimatedGIFs.ino:184:9: error: &#39;file&#39; was not declared in this scope
         file = arcada.openFileByIndex(GIF_DIRECTORY, file_index, O_READ, &#34;GIF&#34;);
         ^
/home/ec2-user/arduino-testlib/cli-datadir/user/libraries/Adafruit_Arcada_GifDecoder/examples/ArcadaAnimatedGIFs/ArcadaAnimatedGIFs.ino:184:66: error: &#39;O_READ&#39; was not declared in this scope
         file = arcada.openFileByIndex(GIF_DIRECTORY, file_index, O_READ, &#34;GIF&#34;);
                                                                  ^
/home/ec2-user/arduino-testlib/cli-datadir/user/libraries/Adafruit_Arcada_GifDecoder/examples/ArcadaAnimatedGIFs/ArcadaAnimatedGIFs.ino:200:17: error: request for member &#39;startDecoding&#39; in &#39;decoder&#39;, which is of non-class type &#39;int&#39;
         decoder.startDecoding();
                 ^
/home/ec2-user/arduino-testlib/cli-datadir/user/libraries/Adafruit_Arcada_GifDecoder/examples/ArcadaAnimatedGIFs/ArcadaAnimatedGIFs.ino:204:17: error: request for member &#39;getSize&#39; in &#39;decoder&#39;, which is of non-class type &#39;int&#39;
         decoder.getSize(&amp;w, &amp;h);
                 ^
/home/ec2-user/arduino-testlib/cli-datadir/user/libraries/Adafruit_Arcada_GifDecoder/examples/ArcadaAnimatedGIFs/ArcadaAnimatedGIFs.ino:221:13: error: request for member &#39;decodeFrame&#39; in &#39;decoder&#39;, which is of non-class type &#39;int&#39;
     decoder.decodeFrame();
             ^
/home/ec2-user/arduino-testlib/cli-datadir/user/libraries/Adafruit_Arcada_GifDecoder/examples/ArcadaAnimatedGIFs/ArcadaAnimatedGIFs.ino: In function &#39;void drawPixelCallback(int16_t, int16_t, uint8_t, uint8_t, uint8_t)&#39;:
/home/ec2-user/arduino-testlib/cli-datadir/user/libraries/Adafruit_Arcada_GifDecoder/examples/ArcadaAnimatedGIFs/ArcadaAnimatedGIFs.ino:231:5: error: &#39;arcada&#39; was not declared in this scope
     arcada.display-&gt;drawPixel(x, y, arcada.display-&gt;color565(red, green, blue));
     ^
/home/ec2-user/arduino-testlib/cli-datadir/user/libraries/Adafruit_Arcada_GifDecoder/examples/ArcadaAnimatedGIFs/ArcadaAnimatedGIFs.ino: In function &#39;void drawLineCallback(int16_t, int16_t, uint8_t*, int16_t, uint16_t*, int16_t)&#39;:
/home/ec2-user/arduino-testlib/cli-datadir/user/libraries/Adafruit_Arcada_GifDecoder/examples/ArcadaAnimatedGIFs/ArcadaAnimatedGIFs.ino:238:24: error: &#39;arcada&#39; was not declared in this scope
     uint16_t maxline = arcada.display-&gt;width();
                        ^
/home/ec2-user/arduino-testlib/cli-datadir/user/libraries/Adafruit_Arcada_GifDecoder/examples/ArcadaAnimatedGIFs/ArcadaAnimatedGIFs.ino: In function &#39;bool fileSeekCallback(long unsigned int)&#39;:
/home/ec2-user/arduino-testlib/cli-datadir/user/libraries/Adafruit_Arcada_GifDecoder/examples/ArcadaAnimatedGIFs/ArcadaAnimatedGIFs.ino:321:10: error: &#39;file&#39; was not declared in this scope
   return file.seek(position);
          ^
/home/ec2-user/arduino-testlib/cli-datadir/user/libraries/Adafruit_Arcada_GifDecoder/examples/ArcadaAnimatedGIFs/ArcadaAnimatedGIFs.ino: In function &#39;long unsigned int filePositionCallback()&#39;:
/home/ec2-user/arduino-testlib/cli-datadir/user/libraries/Adafruit_Arcada_GifDecoder/examples/ArcadaAnimatedGIFs/ArcadaAnimatedGIFs.ino:325:10: error: &#39;file&#39; was not declared in this scope
   return file.position(); 
          ^
/home/ec2-user/arduino-testlib/cli-datadir/user/libraries/Adafruit_Arcada_GifDecoder/examples/ArcadaAnimatedGIFs/ArcadaAnimatedGIFs.ino: In function &#39;int fileReadCallback()&#39;:
/home/ec2-user/arduino-testlib/cli-datadir/user/libraries/Adafruit_Arcada_GifDecoder/examples/ArcadaAnimatedGIFs/ArcadaAnimatedGIFs.ino:329:12: error: &#39;file&#39; was not declared in this s</pre>
					
					<h4>examples/crankyGIFs</h4>
					<p>
						Result: <b>FAIL</b>
					</p>
					<pre class="pre-scrollable">WARNING: library Adafruit_Arcada_GifDecoder claims to run on samd, nrf52 architecture(s) and may be incompatible with your current board which runs on esp32 architecture(s).
/home/ec2-user/arduino-testlib/cli-datadir/user/libraries/Adafruit_Arcada_GifDecoder/examples/crankyGIFs/crankyGIFs.ino:18:1: error: &#39;Adafruit_Arcada&#39; does not name a type
 Adafruit_Arcada arcada;
 ^
/home/ec2-user/arduino-testlib/cli-datadir/user/libraries/Adafruit_Arcada_GifDecoder/examples/crankyGIFs/crankyGIFs.ino:19:12: error: &#39;ARCADA_TFT_WIDTH&#39; was not declared in this scope
 GifDecoder&lt;ARCADA_TFT_WIDTH, ARCADA_TFT_HEIGHT, 12&gt; decoder;
            ^
/home/ec2-user/arduino-testlib/cli-datadir/user/libraries/Adafruit_Arcada_GifDecoder/examples/crankyGIFs/crankyGIFs.ino:19:30: error: &#39;ARCADA_TFT_HEIGHT&#39; was not declared in this scope
 GifDecoder&lt;ARCADA_TFT_WIDTH, ARCADA_TFT_HEIGHT, 12&gt; decoder;
                              ^
/home/ec2-user/arduino-testlib/cli-datadir/user/libraries/Adafruit_Arcada_GifDecoder/examples/crankyGIFs/crankyGIFs.ino:19:51: error: template argument 1 is invalid
 GifDecoder&lt;ARCADA_TFT_WIDTH, ARCADA_TFT_HEIGHT, 12&gt; decoder;
                                                   ^
/home/ec2-user/arduino-testlib/cli-datadir/user/libraries/Adafruit_Arcada_GifDecoder/examples/crankyGIFs/crankyGIFs.ino:19:51: error: template argument 2 is invalid
/home/ec2-user/arduino-testlib/cli-datadir/user/libraries/Adafruit_Arcada_GifDecoder/examples/crankyGIFs/crankyGIFs.ino:20:1: error: &#39;File&#39; does not name a type
 File file;
 ^
/home/ec2-user/arduino-testlib/cli-datadir/user/libraries/Adafruit_Arcada_GifDecoder/examples/crankyGIFs/crankyGIFs.ino: In function &#39;void setup()&#39;:
/home/ec2-user/arduino-testlib/cli-datadir/user/libraries/Adafruit_Arcada_GifDecoder/examples/crankyGIFs/crankyGIFs.ino:29:11: error: request for member &#39;setScreenClearCallback&#39; in &#39;decoder&#39;, which is of non-class type &#39;int&#39;
   decoder.setScreenClearCallback(screenClearCallback);
           ^
/home/ec2-user/arduino-testlib/cli-datadir/user/libraries/Adafruit_Arcada_GifDecoder/examples/crankyGIFs/crankyGIFs.ino:30:11: error: request for member &#39;setUpdateScreenCallback&#39; in &#39;decoder&#39;, which is of non-class type &#39;int&#39;
   decoder.setUpdateScreenCallback(updateScreenCallback);
           ^
/home/ec2-user/arduino-testlib/cli-datadir/user/libraries/Adafruit_Arcada_GifDecoder/examples/crankyGIFs/crankyGIFs.ino:31:11: error: request for member &#39;setDrawPixelCallback&#39; in &#39;decoder&#39;, which is of non-class type &#39;int&#39;
   decoder.setDrawPixelCallback(drawPixelCallback);
           ^
/home/ec2-user/arduino-testlib/cli-datadir/user/libraries/Adafruit_Arcada_GifDecoder/examples/crankyGIFs/crankyGIFs.ino:32:11: error: request for member &#39;setDrawLineCallback&#39; in &#39;decoder&#39;, which is of non-class type &#39;int&#39;
   decoder.setDrawLineCallback(drawLineCallback);
           ^
/home/ec2-user/arduino-testlib/cli-datadir/user/libraries/Adafruit_Arcada_GifDecoder/examples/crankyGIFs/crankyGIFs.ino:34:11: error: request for member &#39;setFileSeekCallback&#39; in &#39;decoder&#39;, which is of non-class type &#39;int&#39;
   decoder.setFileSeekCallback(fileSeekCallback);
           ^
/home/ec2-user/arduino-testlib/cli-datadir/user/libraries/Adafruit_Arcada_GifDecoder/examples/crankyGIFs/crankyGIFs.ino:35:11: error: request for member &#39;setFilePositionCallback&#39; in &#39;decoder&#39;, which is of non-class type &#39;int&#39;
   decoder.setFilePositionCallback(filePositionCallback);
           ^
/home/ec2-user/arduino-testlib/cli-datadir/user/libraries/Adafruit_Arcada_GifDecoder/examples/crankyGIFs/crankyGIFs.ino:36:11: error: request for member &#39;setFileReadCallback&#39; in &#39;decoder&#39;, which is of non-class type &#39;int&#39;
   decoder.setFileReadCallback(fileReadCallback);
           ^
/home/ec2-user/arduino-testlib/cli-datadir/user/libraries/Adafruit_Arcada_GifDecoder/examples/crankyGIFs/crankyGIFs.ino:37:11: error: request for member &#39;setFileReadBlockCallback&#39; in &#39;decoder&#39;, which is of non-class type &#39;int&#39;
   decoder.setFileReadBlockCallback(fileReadBlockCallback);
           ^
/home/ec2-user/arduino-testlib/cli-datadir/user/libraries/Adafruit_Arcada_GifDecoder/examples/crankyGIFs/crankyGIFs.ino:40:8: error: &#39;arcada&#39; was not declared in this scope
   if (!arcada.arcadaBegin()) {
        ^
/home/ec2-user/arduino-testlib/cli-datadir/user/libraries/Adafruit_Arcada_GifDecoder/examples/crankyGIFs/crankyGIFs.ino:45:3: error: &#39;arcada&#39; was not declared in this scope
   arcada.filesysBeginMSD();
   ^
/home/ec2-user/arduino-testlib/cli-datadir/user/libraries/Adafruit_Arcada_GifDecoder/examples/crankyGIFs/crankyGIFs.ino: In function &#39;void loop()&#39;:
/home/ec2-user/arduino-testlib/cli-datadir/user/libraries/Adafruit_Arcada_GifDecoder/examples/crankyGIFs/crankyGIFs.ino:92:13: error: &#39;arcada&#39; was not declared in this scope
       if (! arcada.chdir(GIF_DIRECTORY)) {
             ^
/home/ec2-user/arduino-testlib/cli-datadir/user/libraries/Adafruit_Arcada_GifDecoder/examples/crankyGIFs/crankyGIFs.ino:97:23: error: &#39;arcada&#39; was not declared in this scope
       int num_files = arcada.filesysListFiles(GIF_DIRECTORY, &#34;GIF&#34;);
                       ^
/home/ec2-user/arduino-testlib/cli-datadir/user/libraries/Adafruit_Arcada_GifDecoder/examples/crankyGIFs/crankyGIFs.ino:114:7: error: &#39;file&#39; was not declared in this scope
       file = arcada.openFileByIndex(GIF_DIRECTORY, file_index, O_READ, &#34;GIF&#34;);
       ^
/home/ec2-user/arduino-testlib/cli-datadir/user/libraries/Adafruit_Arcada_GifDecoder/examples/crankyGIFs/crankyGIFs.ino:114:64: error: &#39;O_READ&#39; was not declared in this scope
       file = arcada.openFileByIndex(GIF_DIRECTORY, file_index, O_READ, &#34;GIF&#34;);
                                                                ^
/home/ec2-user/arduino-testlib/cli-datadir/user/libraries/Adafruit_Arcada_GifDecoder/examples/crankyGIFs/crankyGIFs.ino:122:15: error: request for member &#39;startDecoding&#39; in &#39;decoder&#39;, which is of non-class type &#39;int&#39;
       decoder.startDecoding();
               ^
/home/ec2-user/arduino-testlib/cli-datadir/user/libraries/Adafruit_Arcada_GifDecoder/examples/crankyGIFs/crankyGIFs.ino:126:15: error: request for member &#39;getSize&#39; in &#39;decoder&#39;, which is of non-class type &#39;int&#39;
       decoder.getSize(&amp;w, &amp;h);
               ^
/home/ec2-user/arduino-testlib/cli-datadir/user/libraries/Adafruit_Arcada_GifDecoder/examples/crankyGIFs/crankyGIFs.ino:143:29: error: request for member &#39;getFrameNumber&#39; in &#39;decoder&#39;, which is of non-class type &#39;int&#39;
         currFrame = decoder.getFrameNumber();
                             ^
/home/ec2-user/arduino-testlib/cli-datadir/user/libraries/Adafruit_Arcada_GifDecoder/examples/crankyGIFs/crankyGIFs.ino:147:47: error: no matching function for call to &#39;max(uint16_t&amp;, int&amp;)&#39;
         frameCount = max(frameCount, currFrame);
                                               ^
In file included from /home/ec2-user/arduino-testlib/cli-datadir/data/packages/esp32/tools/xtensa-esp32-elf-gcc/1.22.0-97-gc752ad5-5.2.0/xtensa-esp32-elf/include/c&#43;&#43;/5.2.0/algorithm:62:0,
                 from /home/ec2-user/arduino-testlib/cli-datadir/data/packages/esp32/hardware/esp32/1.0.6/cores/esp32/Arduino.h:142,
                 from /tmp/arduino-sketch-4F29BC0C827243CBB78356AC4C7C6656/sketch/crankyGIFs.ino.cpp:1:
/home/ec2-user/arduino-testlib/cli-datadir/data/packages/esp32/tools/xtensa-esp32-elf-gcc/1.22.0-97-gc752ad5-5.2.0/xtensa-esp32-elf/include/c&#43;&#43;/5.2.0/bits/stl_algo.h:3463:5: note: candidate: template&lt;class _Tp, class _Compare&gt; _Tp std::max(std::initializer_list&lt;_Tp&gt;, _Compare)
     max(initializer_list&lt;_Tp&gt; __l, _Compare __comp)
     ^
/home/ec2-user/arduino-testlib/cli-datadir/data/packages/esp32/tools/xtensa-esp32-elf-gcc/1.22.0-97-gc752ad5-5.2.0/xtensa-esp32-elf/include/c&#43;&#43;/5.2.0/bits/stl_algo.h:3463:5: note:   template argument deduction/substitution failed:
/home/ec2-user/arduino-testlib/cli-datadir/user/libraries/Adafruit_Arcada_GifDecoder/examples/crankyGIFs/crankyGIFs.ino:147:47: note:   mismatched types &#39;std::initializer_list&lt;_Tp&gt;&#39; and &#39;short unsigned int&#39;
         frameCount = max(frameCount, currFrame);
                                               ^
In file included from /home/ec2-user/arduino-testlib/cli-datadir/data/packages/esp32/tools/xtensa-esp32-elf-gcc/1.22.0-97-gc752ad5-5.2.0/xtensa-esp32-elf/include/c&#43;&#43;/5.2.0/algorithm:62:0,
                 from /home/ec2-user/arduino-testlib/cli-datadir/data/packages/esp32/hardware/esp32/1.0.6/cores/esp32/Arduino.h:142,
                 from /tmp/arduino-sketch-4F29BC0C827243CBB78356AC4C7C6656/sketch/crankyGIFs.ino.cpp:1:
/home/ec2-user/arduino-testlib/cli-datadir/data/packages/esp32/tools/xtensa-esp32-elf-gcc/1.22.0-97-gc752ad5-5.2.0/xtensa-esp32-elf/include/c&#43;&#43;/5.2.0/bits/stl_algo.h:3457:5: note: candidate: template&lt;class _Tp&gt; _Tp std::max(std::initializer_list&lt;_Tp&gt;)
     max(initializer_list&lt;_Tp&gt; __l)
     ^
/home/ec2-user/arduino-testlib/cli-datadir/data/packages/esp32/tools/xtensa-esp32-elf-gcc/1.22.0-97-gc752ad5-5.2.0/xtensa-esp32-elf/include/c&#43;&#43;/5.2.0/bits/stl_algo.h:3457:5: note:   template argument deduction/substitution failed:
/home/ec2-user/arduino-testlib/cli-datadir/user/libraries/Adafruit_Arcada_GifDecoder/examples/crankyGIFs/crankyGIFs.ino:147:47: note:   mismatched types &#39;std::initializer_list&lt;_Tp&gt;&#39; and &#39;short unsigned int&#39;
         frameCount = max(frameCount, currFrame);
                                               ^
In file included from /home/ec2-user/arduino-testlib/cli-datadir/data/packages/esp32/tools/xtensa-esp32-elf-gcc/1.22.0-97-gc752ad5-5.2.0/xtensa-esp32-elf/include/c&#43;&#43;/5.2.0/algorithm:61:0,
                 from /home/ec2-user/arduino-testlib/cli-datadir/data/packages/esp32/hardware/esp32/1.0.6/cores/esp32/Arduino.h:142,
                 from /tmp/arduino-sketch-4F29BC0C827243CBB78356AC4C7C6656/sketch/crankyGIFs.ino.cpp:1:
/home/ec2-user/arduino-testlib/cli-datadir/data/packages/esp32/tools/xtensa-esp32-elf-gcc/1.22.0-97-gc752ad5-5.2.0/xtensa-esp32-elf/include/c&#43;&#43;/5.2.0/bits/stl_algobase.h:265:5: note: candidate: template&lt;class _Tp, class _Compare&gt; const _T</pre>
					
				
			</div>
		</div>
	</div>
  </body>
</html>
