
<!doctype html>
<html lang="en">
  <head>
    <meta charset="utf-8">
    <meta name="viewport" content="width=device-width, initial-scale=1">
    <link href="https://cdn.jsdelivr.net/npm/bootstrap@5.0.2/dist/css/bootstrap.min.css" rel="stylesheet" integrity="sha384-EVSTQN3/azprG1Anm3QDgpJLIm9Nao0Yz1ztcQTwFspd3yD65VohhpuuCOmLASjC" crossorigin="anonymous">
    <title>arduino-testlib report</title>
	<style>
	.pass { background-color: #00FF00 !important; }
	.fail { background-color: #FF0000 !important; }
	</style>
  </head>
  <body>
	<div class="container">
		<div class="row">
			<div class="col">
				<h1>Algoduino - compatibility matrix</h1>
				<p>
					<small>This report was generated on Monday, 21-Feb-22 12:00:25 CET using 
					<a href="https://github.com/alranel/arduino-testlib">arduino-testlib</a>.</small>
				</p>

				<h2>Algoduino</h2>
				<p>
					Version: <b>0.2.3</b>
					<br />
					<a href="https://www.arduino.cc/reference/en/libraries/algoduino/">More details</a>
				</p>

				<h2>Compatibility matrix</h2>
				<table class="table table-bordered">
					<tr>
						<th>Board</th>
						<th>Claims compatibility</th>
						<th>Inclusion</th>
						
						<th><pre>getLedgerSupply</pre></th>
						
						<th><pre>getStatus</pre></th>
						
						<th><pre>getTransactionFee</pre></th>
						
						<th><pre>getTransactionInformation</pre></th>
						
						<th><pre>getTransactionParams</pre></th>
						
						<th><pre>getVersions</pre></th>
						
						<th><pre>getAccountInformation</pre></th>
						
						<th><pre>getAssetInformation</pre></th>
						
					</tr>
					
					<tr>
						<td>
							<a href="#arduino%3aavr%3auno"><b>arduino:avr:uno</b></a>
							<br />
							<small>1.8.4</small>
						</td>

						
						
						
						
							<td>No</td>
							<td class="fail">FAIL</td>
						

						
							
								
									
										
									
										
									
										
											
											<td class="fail">FAIL</td>
										
									
										
									
										
									
										
									
										
									
										
									
								
							
								
							
								
							
								
							
								
							
						
							
								
									
										
									
										
									
										
									
										
											
											<td class="fail">FAIL</td>
										
									
										
									
										
									
										
									
										
									
								
							
								
							
								
							
								
							
								
							
						
							
								
									
										
									
										
									
										
									
										
									
										
											
											<td class="fail">FAIL</td>
										
									
										
									
										
									
										
									
								
							
								
							
								
							
								
							
								
							
						
							
								
									
										
									
										
									
										
									
										
									
										
									
										
											
											<td class="fail">FAIL</td>
										
									
										
									
										
									
								
							
								
							
								
							
								
							
								
							
						
							
								
									
										
									
										
									
										
									
										
									
										
									
										
									
										
											
											<td class="fail">FAIL</td>
										
									
										
									
								
							
								
							
								
							
								
							
								
							
						
							
								
									
										
									
										
									
										
									
										
									
										
									
										
									
										
									
										
											
											<td class="fail">FAIL</td>
										
									
								
							
								
							
								
							
								
							
								
							
						
							
								
									
										
											
											<td class="fail">FAIL</td>
										
									
										
									
										
									
										
									
										
									
										
									
										
									
										
									
								
							
								
							
								
							
								
							
								
							
						
							
								
									
										
									
										
											
											<td class="fail">FAIL</td>
										
									
										
									
										
									
										
									
										
									
										
									
										
									
								
							
								
							
								
							
								
							
								
							
						
					</tr>
					
					<tr>
						<td>
							<a href="#arduino%3ambed_nano%3ananorp2040connect"><b>arduino:mbed_nano:nanorp2040connect</b></a>
							<br />
							<small>2.7.2</small>
						</td>

						
						
						
						
							<td>No</td>
							<td class="fail">FAIL</td>
						

						
							
								
							
								
									
										
									
										
									
										
											
											<td class="fail">FAIL</td>
										
									
										
									
										
									
										
									
										
									
										
									
								
							
								
							
								
							
								
							
						
							
								
							
								
									
										
									
										
									
										
									
										
											
											<td class="fail">FAIL</td>
										
									
										
									
										
									
										
									
										
									
								
							
								
							
								
							
								
							
						
							
								
							
								
									
										
									
										
									
										
									
										
									
										
											
											<td class="fail">FAIL</td>
										
									
										
									
										
									
										
									
								
							
								
							
								
							
								
							
						
							
								
							
								
									
										
									
										
									
										
									
										
									
										
									
										
											
											<td class="fail">FAIL</td>
										
									
										
									
										
									
								
							
								
							
								
							
								
							
						
							
								
							
								
									
										
									
										
									
										
									
										
									
										
									
										
									
										
											
											<td class="fail">FAIL</td>
										
									
										
									
								
							
								
							
								
							
								
							
						
							
								
							
								
									
										
									
										
									
										
									
										
									
										
									
										
									
										
									
										
											
											<td class="fail">FAIL</td>
										
									
								
							
								
							
								
							
								
							
						
							
								
							
								
									
										
											
											<td class="fail">FAIL</td>
										
									
										
									
										
									
										
									
										
									
										
									
										
									
										
									
								
							
								
							
								
							
								
							
						
							
								
							
								
									
										
									
										
											
											<td class="fail">FAIL</td>
										
									
										
									
										
									
										
									
										
									
										
									
										
									
								
							
								
							
								
							
								
							
						
					</tr>
					
					<tr>
						<td>
							<a href="#arduino%3amegaavr%3anona4809"><b>arduino:megaavr:nona4809</b></a>
							<br />
							<small>1.8.7</small>
						</td>

						
						
						
						
							<td>No</td>
							<td class="fail">FAIL</td>
						

						
							
								
							
								
							
								
									
										
									
										
									
										
											
											<td class="fail">FAIL</td>
										
									
										
									
										
									
										
									
										
									
										
									
								
							
								
							
								
							
						
							
								
							
								
							
								
									
										
									
										
									
										
									
										
											
											<td class="fail">FAIL</td>
										
									
										
									
										
									
										
									
										
									
								
							
								
							
								
							
						
							
								
							
								
							
								
									
										
									
										
									
										
									
										
									
										
											
											<td class="fail">FAIL</td>
										
									
										
									
										
									
										
									
								
							
								
							
								
							
						
							
								
							
								
							
								
									
										
									
										
									
										
									
										
									
										
									
										
											
											<td class="fail">FAIL</td>
										
									
										
									
										
									
								
							
								
							
								
							
						
							
								
							
								
							
								
									
										
									
										
									
										
									
										
									
										
									
										
									
										
											
											<td class="fail">FAIL</td>
										
									
										
									
								
							
								
							
								
							
						
							
								
							
								
							
								
									
										
									
										
									
										
									
										
									
										
									
										
									
										
									
										
											
											<td class="fail">FAIL</td>
										
									
								
							
								
							
								
							
						
							
								
							
								
							
								
									
										
											
											<td class="fail">FAIL</td>
										
									
										
									
										
									
										
									
										
									
										
									
										
									
										
									
								
							
								
							
								
							
						
							
								
							
								
							
								
									
										
									
										
											
											<td class="fail">FAIL</td>
										
									
										
									
										
									
										
									
										
									
										
									
										
									
								
							
								
							
								
							
						
					</tr>
					
					<tr>
						<td>
							<a href="#arduino%3asamd%3amkrwifi1010"><b>arduino:samd:mkrwifi1010</b></a>
							<br />
							<small>1.8.12</small>
						</td>

						
						
						
						
							<td>No</td>
							<td class="fail">FAIL</td>
						

						
							
								
							
								
							
								
							
								
									
										
									
										
									
										
											
											<td class="fail">FAIL</td>
										
									
										
									
										
									
										
									
										
									
										
									
								
							
								
							
						
							
								
							
								
							
								
							
								
									
										
									
										
									
										
									
										
											
											<td class="fail">FAIL</td>
										
									
										
									
										
									
										
									
										
									
								
							
								
							
						
							
								
							
								
							
								
							
								
									
										
									
										
									
										
									
										
									
										
											
											<td class="fail">FAIL</td>
										
									
										
									
										
									
										
									
								
							
								
							
						
							
								
							
								
							
								
							
								
									
										
									
										
									
										
									
										
									
										
									
										
											
											<td class="fail">FAIL</td>
										
									
										
									
										
									
								
							
								
							
						
							
								
							
								
							
								
							
								
									
										
									
										
									
										
									
										
									
										
									
										
									
										
											
											<td class="fail">FAIL</td>
										
									
										
									
								
							
								
							
						
							
								
							
								
							
								
							
								
									
										
									
										
									
										
									
										
									
										
									
										
									
										
									
										
											
											<td class="fail">FAIL</td>
										
									
								
							
								
							
						
							
								
							
								
							
								
							
								
									
										
											
											<td class="fail">FAIL</td>
										
									
										
									
										
									
										
									
										
									
										
									
										
									
										
									
								
							
								
							
						
							
								
							
								
							
								
							
								
									
										
									
										
											
											<td class="fail">FAIL</td>
										
									
										
									
										
									
										
									
										
									
										
									
										
									
								
							
								
							
						
					</tr>
					
					<tr>
						<td>
							<a href="#esp32%3aesp32%3ad1_mini32"><b>esp32:esp32:d1_mini32</b></a>
							<br />
							<small>1.0.6</small>
						</td>

						
							<td>Yes</td>
							<td class="pass">PASS</td>
						
						
						
						

						
							
								
							
								
							
								
							
								
							
								
									
										
									
										
									
										
											
											<td class="fail">FAIL</td>
										
									
										
									
										
									
										
									
										
									
										
									
								
							
						
							
								
							
								
							
								
							
								
							
								
									
										
									
										
									
										
									
										
											
											<td class="fail">FAIL</td>
										
									
										
									
										
									
										
									
										
									
								
							
						
							
								
							
								
							
								
							
								
							
								
									
										
									
										
									
										
									
										
									
										
											
											<td class="fail">FAIL</td>
										
									
										
									
										
									
										
									
								
							
						
							
								
							
								
							
								
							
								
							
								
									
										
									
										
									
										
									
										
									
										
									
										
											
											<td class="fail">FAIL</td>
										
									
										
									
										
									
								
							
						
							
								
							
								
							
								
							
								
							
								
									
										
									
										
									
										
									
										
									
										
									
										
									
										
											
											<td class="fail">FAIL</td>
										
									
										
									
								
							
						
							
								
							
								
							
								
							
								
							
								
									
										
									
										
									
										
									
										
									
										
									
										
									
										
									
										
											
											<td class="fail">FAIL</td>
										
									
								
							
						
							
								
							
								
							
								
							
								
							
								
									
										
											
											<td class="fail">FAIL</td>
										
									
										
									
										
									
										
									
										
									
										
									
										
									
										
									
								
							
						
							
								
							
								
							
								
							
								
							
								
									
										
									
										
											
											<td class="fail">FAIL</td>
										
									
										
									
										
									
										
									
										
									
										
									
										
									
								
							
						
					</tr>
					
				</table>

				<h2>Compilation logs</h2>
				
				<h3 id="arduino:avr:uno">arduino:avr:uno @ 1.8.4</h3>
				<h4>Inclusion</h4>
				<p>
					Result: <b>FAIL</b>
					
				</p>
				<pre class="pre-scrollable">In file included from /Users/alranel/Documents/git/arduino/arduino-testlib/cli-datadir/user/libraries/Algoduino/Algoduino.cpp:19:0:
/Users/alranel/Documents/git/arduino/arduino-testlib/cli-datadir/user/libraries/Seeed_Arduino_rpcWiFi/src/HTTPClient.h:32:10: fatal error: memory: No such file or directory
 #include &lt;memory&gt;
          ^~~~~~~~
compilation terminated.
Multiple libraries were found for &#34;ArduinoJson.h&#34;
  Used: /Users/alranel/Documents/git/arduino/arduino-testlib/cli-datadir/user/libraries/ArduinoJson
  Not used: /Users/alranel/Documents/git/arduino/arduino-testlib/cli-datadir/user/libraries/BaleMessengerBot_Arduino
  Not used: /Users/alranel/Documents/git/arduino/arduino-testlib/cli-datadir/user/libraries/ThingESP
  Not used: /Users/alranel/Documents/git/arduino/arduino-testlib/cli-datadir/user/libraries/CoogleIOT
  Not used: /Users/alranel/Documents/git/arduino/arduino-testlib/cli-datadir/user/libraries/Antares_ESP8266_MQTT
  Not used: /Users/alranel/Documents/git/arduino/arduino-testlib/cli-datadir/user/libraries/Antares_ESP8266_HTTP
  Not used: /Users/alranel/Documents/git/arduino/arduino-testlib/cli-datadir/user/libraries/AllThingsTalk_LTE-M_SDK
  Not used: /Users/alranel/Documents/git/arduino/arduino-testlib/cli-datadir/user/libraries/ThingsIoT
  Not used: /Users/alranel/Documents/git/arduino/arduino-testlib/cli-datadir/user/libraries/CMMC_MQTT_Connector
Multiple libraries were found for &#34;WiFi.h&#34;
  Used: /Users/alranel/Documents/git/arduino/arduino-testlib/cli-datadir/user/libraries/WiFi
  Not used: /Users/alranel/Documents/git/arduino/arduino-testlib/cli-datadir/user/libraries/Seeed_Arduino_rpcWiFi
  Not used: /Users/alranel/Documents/git/arduino/arduino-testlib/cli-datadir/user/libraries/WiFiEspAT
  Not used: /Users/alranel/Documents/git/arduino/arduino-testlib/cli-datadir/user/libraries/WiFiNINA
</pre>

					
					<h4>examples/getAccountInformation</h4>
					<p>
						Result: <b>FAIL</b>
					</p>
					<pre class="pre-scrollable">In file included from /Users/alranel/Documents/git/arduino/arduino-testlib/cli-datadir/user/libraries/Algoduino/Algoduino.cpp:19:0:
/Users/alranel/Documents/git/arduino/arduino-testlib/cli-datadir/user/libraries/Seeed_Arduino_rpcWiFi/src/HTTPClient.h:32:10: fatal error: memory: No such file or directory
 #include &lt;memory&gt;
          ^~~~~~~~
compilation terminated.
Multiple libraries were found for &#34;ArduinoJson.h&#34;
  Used: /Users/alranel/Documents/git/arduino/arduino-testlib/cli-datadir/user/libraries/ArduinoJson
  Not used: /Users/alranel/Documents/git/arduino/arduino-testlib/cli-datadir/user/libraries/AllThingsTalk_LTE-M_SDK
  Not used: /Users/alranel/Documents/git/arduino/arduino-testlib/cli-datadir/user/libraries/CoogleIOT
  Not used: /Users/alranel/Documents/git/arduino/arduino-testlib/cli-datadir/user/libraries/Antares_ESP8266_HTTP
  Not used: /Users/alranel/Documents/git/arduino/arduino-testlib/cli-datadir/user/libraries/ThingsIoT
  Not used: /Users/alranel/Documents/git/arduino/arduino-testlib/cli-datadir/user/libraries/Antares_ESP8266_MQTT
  Not used: /Users/alranel/Documents/git/arduino/arduino-testlib/cli-datadir/user/libraries/BaleMessengerBot_Arduino
  Not used: /Users/alranel/Documents/git/arduino/arduino-testlib/cli-datadir/user/libraries/CMMC_MQTT_Connector
  Not used: /Users/alranel/Documents/git/arduino/arduino-testlib/cli-datadir/user/libraries/ThingESP
Multiple libraries were found for &#34;WiFi.h&#34;
  Used: /Users/alranel/Documents/git/arduino/arduino-testlib/cli-datadir/user/libraries/WiFi
  Not used: /Users/alranel/Documents/git/arduino/arduino-testlib/cli-datadir/user/libraries/WiFiNINA
  Not used: /Users/alranel/Documents/git/arduino/arduino-testlib/cli-datadir/user/libraries/WiFiEspAT
  Not used: /Users/alranel/Documents/git/arduino/arduino-testlib/cli-datadir/user/libraries/Seeed_Arduino_rpcWiFi
</pre>
					
					<h4>examples/getAssetInformation</h4>
					<p>
						Result: <b>FAIL</b>
					</p>
					<pre class="pre-scrollable">In file included from /Users/alranel/Documents/git/arduino/arduino-testlib/cli-datadir/user/libraries/Algoduino/Algoduino.cpp:19:0:
/Users/alranel/Documents/git/arduino/arduino-testlib/cli-datadir/user/libraries/Seeed_Arduino_rpcWiFi/src/HTTPClient.h:32:10: fatal error: memory: No such file or directory
 #include &lt;memory&gt;
          ^~~~~~~~
compilation terminated.
Multiple libraries were found for &#34;WiFi.h&#34;
  Used: /Users/alranel/Documents/git/arduino/arduino-testlib/cli-datadir/user/libraries/WiFi
  Not used: /Users/alranel/Documents/git/arduino/arduino-testlib/cli-datadir/user/libraries/WiFiEspAT
  Not used: /Users/alranel/Documents/git/arduino/arduino-testlib/cli-datadir/user/libraries/Seeed_Arduino_rpcWiFi
  Not used: /Users/alranel/Documents/git/arduino/arduino-testlib/cli-datadir/user/libraries/WiFiNINA
Multiple libraries were found for &#34;ArduinoJson.h&#34;
  Used: /Users/alranel/Documents/git/arduino/arduino-testlib/cli-datadir/user/libraries/ArduinoJson
  Not used: /Users/alranel/Documents/git/arduino/arduino-testlib/cli-datadir/user/libraries/BaleMessengerBot_Arduino
  Not used: /Users/alranel/Documents/git/arduino/arduino-testlib/cli-datadir/user/libraries/ThingESP
  Not used: /Users/alranel/Documents/git/arduino/arduino-testlib/cli-datadir/user/libraries/AllThingsTalk_LTE-M_SDK
  Not used: /Users/alranel/Documents/git/arduino/arduino-testlib/cli-datadir/user/libraries/Antares_ESP8266_MQTT
  Not used: /Users/alranel/Documents/git/arduino/arduino-testlib/cli-datadir/user/libraries/CoogleIOT
  Not used: /Users/alranel/Documents/git/arduino/arduino-testlib/cli-datadir/user/libraries/ThingsIoT
  Not used: /Users/alranel/Documents/git/arduino/arduino-testlib/cli-datadir/user/libraries/Antares_ESP8266_HTTP
  Not used: /Users/alranel/Documents/git/arduino/arduino-testlib/cli-datadir/user/libraries/CMMC_MQTT_Connector
</pre>
					
					<h4>examples/getLedgerSupply</h4>
					<p>
						Result: <b>FAIL</b>
					</p>
					<pre class="pre-scrollable">In file included from /Users/alranel/Documents/git/arduino/arduino-testlib/cli-datadir/user/libraries/Algoduino/Algoduino.cpp:19:0:
/Users/alranel/Documents/git/arduino/arduino-testlib/cli-datadir/user/libraries/Seeed_Arduino_rpcWiFi/src/HTTPClient.h:32:10: fatal error: memory: No such file or directory
 #include &lt;memory&gt;
          ^~~~~~~~
compilation terminated.
Multiple libraries were found for &#34;ArduinoJson.h&#34;
  Used: /Users/alranel/Documents/git/arduino/arduino-testlib/cli-datadir/user/libraries/ArduinoJson
  Not used: /Users/alranel/Documents/git/arduino/arduino-testlib/cli-datadir/user/libraries/CMMC_MQTT_Connector
  Not used: /Users/alranel/Documents/git/arduino/arduino-testlib/cli-datadir/user/libraries/AllThingsTalk_LTE-M_SDK
  Not used: /Users/alranel/Documents/git/arduino/arduino-testlib/cli-datadir/user/libraries/CoogleIOT
  Not used: /Users/alranel/Documents/git/arduino/arduino-testlib/cli-datadir/user/libraries/Antares_ESP8266_HTTP
  Not used: /Users/alranel/Documents/git/arduino/arduino-testlib/cli-datadir/user/libraries/Antares_ESP8266_MQTT
  Not used: /Users/alranel/Documents/git/arduino/arduino-testlib/cli-datadir/user/libraries/ThingsIoT
  Not used: /Users/alranel/Documents/git/arduino/arduino-testlib/cli-datadir/user/libraries/BaleMessengerBot_Arduino
  Not used: /Users/alranel/Documents/git/arduino/arduino-testlib/cli-datadir/user/libraries/ThingESP
Multiple libraries were found for &#34;WiFi.h&#34;
  Used: /Users/alranel/Documents/git/arduino/arduino-testlib/cli-datadir/user/libraries/WiFi
  Not used: /Users/alranel/Documents/git/arduino/arduino-testlib/cli-datadir/user/libraries/WiFiNINA
  Not used: /Users/alranel/Documents/git/arduino/arduino-testlib/cli-datadir/user/libraries/Seeed_Arduino_rpcWiFi
  Not used: /Users/alranel/Documents/git/arduino/arduino-testlib/cli-datadir/user/libraries/WiFiEspAT
</pre>
					
					<h4>examples/getStatus</h4>
					<p>
						Result: <b>FAIL</b>
					</p>
					<pre class="pre-scrollable">In file included from /Users/alranel/Documents/git/arduino/arduino-testlib/cli-datadir/user/libraries/Algoduino/Algoduino.cpp:19:0:
/Users/alranel/Documents/git/arduino/arduino-testlib/cli-datadir/user/libraries/Seeed_Arduino_rpcWiFi/src/HTTPClient.h:32:10: fatal error: memory: No such file or directory
 #include &lt;memory&gt;
          ^~~~~~~~
compilation terminated.
Multiple libraries were found for &#34;WiFi.h&#34;
  Used: /Users/alranel/Documents/git/arduino/arduino-testlib/cli-datadir/user/libraries/WiFi
  Not used: /Users/alranel/Documents/git/arduino/arduino-testlib/cli-datadir/user/libraries/Seeed_Arduino_rpcWiFi
  Not used: /Users/alranel/Documents/git/arduino/arduino-testlib/cli-datadir/user/libraries/WiFiEspAT
  Not used: /Users/alranel/Documents/git/arduino/arduino-testlib/cli-datadir/user/libraries/WiFiNINA
Multiple libraries were found for &#34;ArduinoJson.h&#34;
  Used: /Users/alranel/Documents/git/arduino/arduino-testlib/cli-datadir/user/libraries/ArduinoJson
  Not used: /Users/alranel/Documents/git/arduino/arduino-testlib/cli-datadir/user/libraries/Antares_ESP8266_HTTP
  Not used: /Users/alranel/Documents/git/arduino/arduino-testlib/cli-datadir/user/libraries/Antares_ESP8266_MQTT
  Not used: /Users/alranel/Documents/git/arduino/arduino-testlib/cli-datadir/user/libraries/BaleMessengerBot_Arduino
  Not used: /Users/alranel/Documents/git/arduino/arduino-testlib/cli-datadir/user/libraries/AllThingsTalk_LTE-M_SDK
  Not used: /Users/alranel/Documents/git/arduino/arduino-testlib/cli-datadir/user/libraries/CMMC_MQTT_Connector
  Not used: /Users/alranel/Documents/git/arduino/arduino-testlib/cli-datadir/user/libraries/ThingsIoT
  Not used: /Users/alranel/Documents/git/arduino/arduino-testlib/cli-datadir/user/libraries/CoogleIOT
  Not used: /Users/alranel/Documents/git/arduino/arduino-testlib/cli-datadir/user/libraries/ThingESP
</pre>
					
					<h4>examples/getTransactionFee</h4>
					<p>
						Result: <b>FAIL</b>
					</p>
					<pre class="pre-scrollable">In file included from /Users/alranel/Documents/git/arduino/arduino-testlib/cli-datadir/user/libraries/Algoduino/Algoduino.cpp:19:0:
/Users/alranel/Documents/git/arduino/arduino-testlib/cli-datadir/user/libraries/Seeed_Arduino_rpcWiFi/src/HTTPClient.h:32:10: fatal error: memory: No such file or directory
 #include &lt;memory&gt;
          ^~~~~~~~
compilation terminated.
Multiple libraries were found for &#34;ArduinoJson.h&#34;
  Used: /Users/alranel/Documents/git/arduino/arduino-testlib/cli-datadir/user/libraries/ArduinoJson
  Not used: /Users/alranel/Documents/git/arduino/arduino-testlib/cli-datadir/user/libraries/CMMC_MQTT_Connector
  Not used: /Users/alranel/Documents/git/arduino/arduino-testlib/cli-datadir/user/libraries/ThingESP
  Not used: /Users/alranel/Documents/git/arduino/arduino-testlib/cli-datadir/user/libraries/ThingsIoT
  Not used: /Users/alranel/Documents/git/arduino/arduino-testlib/cli-datadir/user/libraries/AllThingsTalk_LTE-M_SDK
  Not used: /Users/alranel/Documents/git/arduino/arduino-testlib/cli-datadir/user/libraries/CoogleIOT
  Not used: /Users/alranel/Documents/git/arduino/arduino-testlib/cli-datadir/user/libraries/Antares_ESP8266_HTTP
  Not used: /Users/alranel/Documents/git/arduino/arduino-testlib/cli-datadir/user/libraries/Antares_ESP8266_MQTT
  Not used: /Users/alranel/Documents/git/arduino/arduino-testlib/cli-datadir/user/libraries/BaleMessengerBot_Arduino
Multiple libraries were found for &#34;WiFi.h&#34;
  Used: /Users/alranel/Documents/git/arduino/arduino-testlib/cli-datadir/user/libraries/WiFi
  Not used: /Users/alranel/Documents/git/arduino/arduino-testlib/cli-datadir/user/libraries/WiFiEspAT
  Not used: /Users/alranel/Documents/git/arduino/arduino-testlib/cli-datadir/user/libraries/WiFiNINA
  Not used: /Users/alranel/Documents/git/arduino/arduino-testlib/cli-datadir/user/libraries/Seeed_Arduino_rpcWiFi
</pre>
					
					<h4>examples/getTransactionInformation</h4>
					<p>
						Result: <b>FAIL</b>
					</p>
					<pre class="pre-scrollable">In file included from /Users/alranel/Documents/git/arduino/arduino-testlib/cli-datadir/user/libraries/Algoduino/Algoduino.cpp:19:0:
/Users/alranel/Documents/git/arduino/arduino-testlib/cli-datadir/user/libraries/Seeed_Arduino_rpcWiFi/src/HTTPClient.h:32:10: fatal error: memory: No such file or directory
 #include &lt;memory&gt;
          ^~~~~~~~
compilation terminated.
Multiple libraries were found for &#34;ArduinoJson.h&#34;
  Used: /Users/alranel/Documents/git/arduino/arduino-testlib/cli-datadir/user/libraries/ArduinoJson
  Not used: /Users/alranel/Documents/git/arduino/arduino-testlib/cli-datadir/user/libraries/AllThingsTalk_LTE-M_SDK
  Not used: /Users/alranel/Documents/git/arduino/arduino-testlib/cli-datadir/user/libraries/CoogleIOT
  Not used: /Users/alranel/Documents/git/arduino/arduino-testlib/cli-datadir/user/libraries/Antares_ESP8266_HTTP
  Not used: /Users/alranel/Documents/git/arduino/arduino-testlib/cli-datadir/user/libraries/ThingsIoT
  Not used: /Users/alranel/Documents/git/arduino/arduino-testlib/cli-datadir/user/libraries/Antares_ESP8266_MQTT
  Not used: /Users/alranel/Documents/git/arduino/arduino-testlib/cli-datadir/user/libraries/BaleMessengerBot_Arduino
  Not used: /Users/alranel/Documents/git/arduino/arduino-testlib/cli-datadir/user/libraries/ThingESP
  Not used: /Users/alranel/Documents/git/arduino/arduino-testlib/cli-datadir/user/libraries/CMMC_MQTT_Connector
Multiple libraries were found for &#34;WiFi.h&#34;
  Used: /Users/alranel/Documents/git/arduino/arduino-testlib/cli-datadir/user/libraries/WiFi
  Not used: /Users/alranel/Documents/git/arduino/arduino-testlib/cli-datadir/user/libraries/WiFiEspAT
  Not used: /Users/alranel/Documents/git/arduino/arduino-testlib/cli-datadir/user/libraries/Seeed_Arduino_rpcWiFi
  Not used: /Users/alranel/Documents/git/arduino/arduino-testlib/cli-datadir/user/libraries/WiFiNINA
</pre>
					
					<h4>examples/getTransactionParams</h4>
					<p>
						Result: <b>FAIL</b>
					</p>
					<pre class="pre-scrollable">In file included from /Users/alranel/Documents/git/arduino/arduino-testlib/cli-datadir/user/libraries/Algoduino/Algoduino.cpp:19:0:
/Users/alranel/Documents/git/arduino/arduino-testlib/cli-datadir/user/libraries/Seeed_Arduino_rpcWiFi/src/HTTPClient.h:32:10: fatal error: memory: No such file or directory
 #include &lt;memory&gt;
          ^~~~~~~~
compilation terminated.
Multiple libraries were found for &#34;ArduinoJson.h&#34;
  Used: /Users/alranel/Documents/git/arduino/arduino-testlib/cli-datadir/user/libraries/ArduinoJson
  Not used: /Users/alranel/Documents/git/arduino/arduino-testlib/cli-datadir/user/libraries/ThingsIoT
  Not used: /Users/alranel/Documents/git/arduino/arduino-testlib/cli-datadir/user/libraries/BaleMessengerBot_Arduino
  Not used: /Users/alranel/Documents/git/arduino/arduino-testlib/cli-datadir/user/libraries/AllThingsTalk_LTE-M_SDK
  Not used: /Users/alranel/Documents/git/arduino/arduino-testlib/cli-datadir/user/libraries/CMMC_MQTT_Connector
  Not used: /Users/alranel/Documents/git/arduino/arduino-testlib/cli-datadir/user/libraries/Antares_ESP8266_HTTP
  Not used: /Users/alranel/Documents/git/arduino/arduino-testlib/cli-datadir/user/libraries/Antares_ESP8266_MQTT
  Not used: /Users/alranel/Documents/git/arduino/arduino-testlib/cli-datadir/user/libraries/CoogleIOT
  Not used: /Users/alranel/Documents/git/arduino/arduino-testlib/cli-datadir/user/libraries/ThingESP
Multiple libraries were found for &#34;WiFi.h&#34;
  Used: /Users/alranel/Documents/git/arduino/arduino-testlib/cli-datadir/user/libraries/WiFi
  Not used: /Users/alranel/Documents/git/arduino/arduino-testlib/cli-datadir/user/libraries/WiFiNINA
  Not used: /Users/alranel/Documents/git/arduino/arduino-testlib/cli-datadir/user/libraries/Seeed_Arduino_rpcWiFi
  Not used: /Users/alranel/Documents/git/arduino/arduino-testlib/cli-datadir/user/libraries/WiFiEspAT
</pre>
					
					<h4>examples/getVersions</h4>
					<p>
						Result: <b>FAIL</b>
					</p>
					<pre class="pre-scrollable">In file included from /Users/alranel/Documents/git/arduino/arduino-testlib/cli-datadir/user/libraries/Algoduino/Algoduino.cpp:19:0:
/Users/alranel/Documents/git/arduino/arduino-testlib/cli-datadir/user/libraries/Seeed_Arduino_rpcWiFi/src/HTTPClient.h:32:10: fatal error: memory: No such file or directory
 #include &lt;memory&gt;
          ^~~~~~~~
compilation terminated.
Multiple libraries were found for &#34;ArduinoJson.h&#34;
  Used: /Users/alranel/Documents/git/arduino/arduino-testlib/cli-datadir/user/libraries/ArduinoJson
  Not used: /Users/alranel/Documents/git/arduino/arduino-testlib/cli-datadir/user/libraries/BaleMessengerBot_Arduino
  Not used: /Users/alranel/Documents/git/arduino/arduino-testlib/cli-datadir/user/libraries/ThingESP
  Not used: /Users/alranel/Documents/git/arduino/arduino-testlib/cli-datadir/user/libraries/Antares_ESP8266_MQTT
  Not used: /Users/alranel/Documents/git/arduino/arduino-testlib/cli-datadir/user/libraries/CMMC_MQTT_Connector
  Not used: /Users/alranel/Documents/git/arduino/arduino-testlib/cli-datadir/user/libraries/Antares_ESP8266_HTTP
  Not used: /Users/alranel/Documents/git/arduino/arduino-testlib/cli-datadir/user/libraries/CoogleIOT
  Not used: /Users/alranel/Documents/git/arduino/arduino-testlib/cli-datadir/user/libraries/ThingsIoT
  Not used: /Users/alranel/Documents/git/arduino/arduino-testlib/cli-datadir/user/libraries/AllThingsTalk_LTE-M_SDK
Multiple libraries were found for &#34;WiFi.h&#34;
  Used: /Users/alranel/Documents/git/arduino/arduino-testlib/cli-datadir/user/libraries/WiFi
  Not used: /Users/alranel/Documents/git/arduino/arduino-testlib/cli-datadir/user/libraries/WiFiEspAT
  Not used: /Users/alranel/Documents/git/arduino/arduino-testlib/cli-datadir/user/libraries/WiFiNINA
  Not used: /Users/alranel/Documents/git/arduino/arduino-testlib/cli-datadir/user/libraries/Seeed_Arduino_rpcWiFi
</pre>
					
				
				<h3 id="arduino:mbed_nano:nanorp2040connect">arduino:mbed_nano:nanorp2040connect @ 2.7.2</h3>
				<h4>Inclusion</h4>
				<p>
					Result: <b>FAIL</b>
					
				</p>
				<pre class="pre-scrollable">In file included from /home/ec2-user/arduino-testlib/cli-datadir/user/libraries/Seeed_Arduino_rpcUnified/src/erpc/erpc_threading.h:23:0,
                 from /home/ec2-user/arduino-testlib/cli-datadir/user/libraries/Seeed_Arduino_rpcUnified/src/erpc/erpc_client_manager.h:21,
                 from /home/ec2-user/arduino-testlib/cli-datadir/user/libraries/Seeed_Arduino_rpcUnified/src/erpc/erpc_server.h:16,
                 from /home/ec2-user/arduino-testlib/cli-datadir/user/libraries/Seeed_Arduino_rpcUnified/src/erpc/rpc_ble_callback_server.h:12,
                 from /home/ec2-user/arduino-testlib/cli-datadir/user/libraries/Seeed_Arduino_rpcUnified/src/erpc/erpc_shim_unified.h:7,
                 from /home/ec2-user/arduino-testlib/cli-datadir/user/libraries/Seeed_Arduino_rpcUnified/src/seeed_rpcUnified.h:10,
                 from /home/ec2-user/arduino-testlib/cli-datadir/user/libraries/Seeed_Arduino_rpcWiFi/src/WiFiClientSecure.h:26,
                 from /home/ec2-user/arduino-testlib/cli-datadir/user/libraries/Seeed_Arduino_rpcWiFi/src/HTTPClient.h:36,
                 from /home/ec2-user/arduino-testlib/cli-datadir/user/libraries/Algoduino/Algoduino.cpp:19:
/home/ec2-user/arduino-testlib/cli-datadir/user/libraries/FreeRTOS/src/semphr.h:33:6: error: #error &#34;include Arduino_FreeRTOS.h&#34; must appear in source files before &#34;include semphr.h&#34;
     #error &#34;include Arduino_FreeRTOS.h&#34; must appear in source files before &#34;include semphr.h&#34;
      ^~~~~
In file included from /home/ec2-user/arduino-testlib/cli-datadir/user/libraries/FreeRTOS/src/semphr.h:36:0,
                 from /home/ec2-user/arduino-testlib/cli-datadir/user/libraries/Seeed_Arduino_rpcUnified/src/erpc/erpc_threading.h:23,
                 from /home/ec2-user/arduino-testlib/cli-datadir/user/libraries/Seeed_Arduino_rpcUnified/src/erpc/erpc_client_manager.h:21,
                 from /home/ec2-user/arduino-testlib/cli-datadir/user/libraries/Seeed_Arduino_rpcUnified/src/erpc/erpc_server.h:16,
                 from /home/ec2-user/arduino-testlib/cli-datadir/user/libraries/Seeed_Arduino_rpcUnified/src/erpc/rpc_ble_callback_server.h:12,
                 from /home/ec2-user/arduino-testlib/cli-datadir/user/libraries/Seeed_Arduino_rpcUnified/src/erpc/erpc_shim_unified.h:7,
                 from /home/ec2-user/arduino-testlib/cli-datadir/user/libraries/Seeed_Arduino_rpcUnified/src/seeed_rpcUnified.h:10,
                 from /home/ec2-user/arduino-testlib/cli-datadir/user/libraries/Seeed_Arduino_rpcWiFi/src/WiFiClientSecure.h:26,
                 from /home/ec2-user/arduino-testlib/cli-datadir/user/libraries/Seeed_Arduino_rpcWiFi/src/HTTPClient.h:36,
                 from /home/ec2-user/arduino-testlib/cli-datadir/user/libraries/Algoduino/Algoduino.cpp:19:
/home/ec2-user/arduino-testlib/cli-datadir/user/libraries/FreeRTOS/src/queue.h:34:6: error: #error &#34;include Arduino_FreeRTOS.h&#34; must appear in source files before &#34;include queue.h&#34;
     #error &#34;include Arduino_FreeRTOS.h&#34; must appear in source files before &#34;include queue.h&#34;
      ^~~~~
In file included from /home/ec2-user/arduino-testlib/cli-datadir/user/libraries/FreeRTOS/src/queue.h:43:0,
                 from /home/ec2-user/arduino-testlib/cli-datadir/user/libraries/FreeRTOS/src/semphr.h:36,
                 from /home/ec2-user/arduino-testlib/cli-datadir/user/libraries/Seeed_Arduino_rpcUnified/src/erpc/erpc_threading.h:23,
                 from /home/ec2-user/arduino-testlib/cli-datadir/user/libraries/Seeed_Arduino_rpcUnified/src/erpc/erpc_client_manager.h:21,
                 from /home/ec2-user/arduino-testlib/cli-datadir/user/libraries/Seeed_Arduino_rpcUnified/src/erpc/erpc_server.h:16,
                 from /home/ec2-user/arduino-testlib/cli-datadir/user/libraries/Seeed_Arduino_rpcUnified/src/erpc/rpc_ble_callback_server.h:12,
                 from /home/ec2-user/arduino-testlib/cli-datadir/user/libraries/Seeed_Arduino_rpcUnified/src/erpc/erpc_shim_unified.h:7,
                 from /home/ec2-user/arduino-testlib/cli-datadir/user/libraries/Seeed_Arduino_rpcUnified/src/seeed_rpcUnified.h:10,
                 from /home/ec2-user/arduino-testlib/cli-datadir/user/libraries/Seeed_Arduino_rpcWiFi/src/WiFiClientSecure.h:26,
                 from /home/ec2-user/arduino-testlib/cli-datadir/user/libraries/Seeed_Arduino_rpcWiFi/src/HTTPClient.h:36,
                 from /home/ec2-user/arduino-testlib/cli-datadir/user/libraries/Algoduino/Algoduino.cpp:19:
/home/ec2-user/arduino-testlib/cli-datadir/user/libraries/FreeRTOS/src/task.h:34:6: error: #error &#34;include Arduino_FreeRTOS.h must appear in source files before include task.h&#34;
     #error &#34;include Arduino_FreeRTOS.h must appear in source files before include task.h&#34;
      ^~~~~
In file included from /home/ec2-user/arduino-testlib/cli-datadir/user/libraries/FreeRTOS/src/task.h:37:0,
                 from /home/ec2-user/arduino-testlib/cli-datadir/user/libraries/FreeRTOS/src/queue.h:43,
                 from /home/ec2-user/arduino-testlib/cli-datadir/user/libraries/FreeRTOS/src/semphr.h:36,
                 from /home/ec2-user/arduino-testlib/cli-datadir/user/libraries/Seeed_Arduino_rpcUnified/src/erpc/erpc_threading.h:23,
                 from /home/ec2-user/arduino-testlib/cli-datadir/user/libraries/Seeed_Arduino_rpcUnified/src/erpc/erpc_client_manager.h:21,
                 from /home/ec2-user/arduino-testlib/cli-datadir/user/libraries/Seeed_Arduino_rpcUnified/src/erpc/erpc_server.h:16,
                 from /home/ec2-user/arduino-testlib/cli-datadir/user/libraries/Seeed_Arduino_rpcUnified/src/erpc/rpc_ble_callback_server.h:12,
                 from /home/ec2-user/arduino-testlib/cli-datadir/user/libraries/Seeed_Arduino_rpcUnified/src/erpc/erpc_shim_unified.h:7,
                 from /home/ec2-user/arduino-testlib/cli-datadir/user/libraries/Seeed_Arduino_rpcUnified/src/seeed_rpcUnified.h:10,
                 from /home/ec2-user/arduino-testlib/cli-datadir/user/libraries/Seeed_Arduino_rpcWiFi/src/WiFiClientSecure.h:26,
                 from /home/ec2-user/arduino-testlib/cli-datadir/user/libraries/Seeed_Arduino_rpcWiFi/src/HTTPClient.h:36,
                 from /home/ec2-user/arduino-testlib/cli-datadir/user/libraries/Algoduino/Algoduino.cpp:19:
/home/ec2-user/arduino-testlib/cli-datadir/user/libraries/FreeRTOS/src/list.h:62:6: error: #error &#34;Arduino_FreeRTOS.h must be included before list.h&#34;
     #error &#34;Arduino_FreeRTOS.h must be included before list.h&#34;
      ^~~~~
In file included from /home/ec2-user/arduino-testlib/cli-datadir/user/libraries/Seeed_Arduino_rpcUnified/src/esp/esp_event_loop.h:22:0,
                 from /home/ec2-user/arduino-testlib/cli-datadir/user/libraries/Seeed_Arduino_rpcUnified/src/esp/esp_lib_unified.h:12,
                 from /home/ec2-user/arduino-testlib/cli-datadir/user/libraries/Seeed_Arduino_rpcUnified/src/seeed_rpcUnified.h:11,
                 from /home/ec2-user/arduino-testlib/cli-datadir/user/libraries/Seeed_Arduino_rpcWiFi/src/WiFiClientSecure.h:26,
                 from /home/ec2-user/arduino-testlib/cli-datadir/user/libraries/Seeed_Arduino_rpcWiFi/src/HTTPClient.h:36,
                 from /home/ec2-user/arduino-testlib/cli-datadir/user/libraries/Algoduino/Algoduino.cpp:19:
/home/ec2-user/arduino-testlib/cli-datadir/user/libraries/Seeed_Arduino_rpcUnified/src/esp/esp_event.h:19:10: fatal error: Seeed_Arduino_FreeRTOS.h: No such file or directory
 #include &#34;Seeed_Arduino_FreeRTOS.h&#34;
          ^~~~~~~~~~~~~~~~~~~~~~~~~~
compilation terminated.
Multiple libraries were found for &#34;FreeRTOS.h&#34;
  Used: /home/ec2-user/arduino-testlib/cli-datadir/user/libraries/FreeRTOS
  Not used: /home/ec2-user/arduino-testlib/cli-datadir/user/libraries/FreeRTOS_SAMD51
  Not used: /home/ec2-user/arduino-testlib/cli-datadir/user/libraries/STM32duino_FreeRTOS
  Not used: /home/ec2-user/arduino-testlib/cli-datadir/user/libraries/ESP32_BLE_Arduino
  Not used: /home/ec2-user/arduino-testlib/cli-datadir/user/libraries/FreeRTOS_SAMD21
Multiple libraries were found for &#34;ArduinoJson.h&#34;
  Used: /home/ec2-user/arduino-testlib/cli-datadir/user/libraries/ArduinoJson
  Not used: /home/ec2-user/arduino-testlib/cli-datadir/user/libraries/BaleMessengerBot_Arduino
  Not used: /home/ec2-user/arduino-testlib/cli-datadir/user/libraries/Antares_ESP8266_HTTP
  Not used: /home/ec2-user/arduino-testlib/cli-datadir/user/libraries/AllThingsTalk_LTE-M_SDK
  Not used: /home/ec2-user/arduino-testlib/cli-datadir/user/libraries/CoogleIOT
  Not used: /home/ec2-user/arduino-testlib/cli-datadir/user/libraries/ThingESP
  Not used: /home/ec2-user/arduino-testlib/cli-datadir/user/libraries/ThingsIoT
  Not used: /home/ec2-user/arduino-testlib/cli-datadir/user/libraries/Antares_ESP8266_MQTT
  Not used: /home/ec2-user/arduino-testlib/cli-datadir/user/libraries/CMMC_MQTT_Connector
Multiple libraries were found for &#34;WiFi.h&#34;
  Used: /home/ec2-user/arduino-testlib/cli-datadir/user/libraries/WiFi
  Not used: /home/ec2-user/arduino-testlib/cli-datadir/user/libraries/WiFiEspAT
  Not used: /home/ec2-user/arduino-testlib/cli-datadir/user/libraries/Seeed_Arduino_rpcWiFi
  Not used: /home/ec2-user/arduino-testlib/cli-datadir/user/libraries/WiFiNINA
</pre>

					
					<h4>examples/getAccountInformation</h4>
					<p>
						Result: <b>FAIL</b>
					</p>
					<pre class="pre-scrollable">In file included from /home/ec2-user/arduino-testlib/cli-datadir/user/libraries/Seeed_Arduino_rpcUnified/src/erpc/erpc_threading.h:23:0,
                 from /home/ec2-user/arduino-testlib/cli-datadir/user/libraries/Seeed_Arduino_rpcUnified/src/erpc/erpc_client_manager.h:21,
                 from /home/ec2-user/arduino-testlib/cli-datadir/user/libraries/Seeed_Arduino_rpcUnified/src/erpc/erpc_server.h:16,
                 from /home/ec2-user/arduino-testlib/cli-datadir/user/libraries/Seeed_Arduino_rpcUnified/src/erpc/rpc_ble_callback_server.h:12,
                 from /home/ec2-user/arduino-testlib/cli-datadir/user/libraries/Seeed_Arduino_rpcUnified/src/erpc/erpc_shim_unified.h:7,
                 from /home/ec2-user/arduino-testlib/cli-datadir/user/libraries/Seeed_Arduino_rpcUnified/src/seeed_rpcUnified.h:10,
                 from /home/ec2-user/arduino-testlib/cli-datadir/user/libraries/Seeed_Arduino_rpcWiFi/src/WiFiClientSecure.h:26,
                 from /home/ec2-user/arduino-testlib/cli-datadir/user/libraries/Seeed_Arduino_rpcWiFi/src/HTTPClient.h:36,
                 from /home/ec2-user/arduino-testlib/cli-datadir/user/libraries/Algoduino/Algoduino.cpp:19:
/home/ec2-user/arduino-testlib/cli-datadir/user/libraries/FreeRTOS/src/semphr.h:33:6: error: #error &#34;include Arduino_FreeRTOS.h&#34; must appear in source files before &#34;include semphr.h&#34;
     #error &#34;include Arduino_FreeRTOS.h&#34; must appear in source files before &#34;include semphr.h&#34;
      ^~~~~
In file included from /home/ec2-user/arduino-testlib/cli-datadir/user/libraries/FreeRTOS/src/semphr.h:36:0,
                 from /home/ec2-user/arduino-testlib/cli-datadir/user/libraries/Seeed_Arduino_rpcUnified/src/erpc/erpc_threading.h:23,
                 from /home/ec2-user/arduino-testlib/cli-datadir/user/libraries/Seeed_Arduino_rpcUnified/src/erpc/erpc_client_manager.h:21,
                 from /home/ec2-user/arduino-testlib/cli-datadir/user/libraries/Seeed_Arduino_rpcUnified/src/erpc/erpc_server.h:16,
                 from /home/ec2-user/arduino-testlib/cli-datadir/user/libraries/Seeed_Arduino_rpcUnified/src/erpc/rpc_ble_callback_server.h:12,
                 from /home/ec2-user/arduino-testlib/cli-datadir/user/libraries/Seeed_Arduino_rpcUnified/src/erpc/erpc_shim_unified.h:7,
                 from /home/ec2-user/arduino-testlib/cli-datadir/user/libraries/Seeed_Arduino_rpcUnified/src/seeed_rpcUnified.h:10,
                 from /home/ec2-user/arduino-testlib/cli-datadir/user/libraries/Seeed_Arduino_rpcWiFi/src/WiFiClientSecure.h:26,
                 from /home/ec2-user/arduino-testlib/cli-datadir/user/libraries/Seeed_Arduino_rpcWiFi/src/HTTPClient.h:36,
                 from /home/ec2-user/arduino-testlib/cli-datadir/user/libraries/Algoduino/Algoduino.cpp:19:
/home/ec2-user/arduino-testlib/cli-datadir/user/libraries/FreeRTOS/src/queue.h:34:6: error: #error &#34;include Arduino_FreeRTOS.h&#34; must appear in source files before &#34;include queue.h&#34;
     #error &#34;include Arduino_FreeRTOS.h&#34; must appear in source files before &#34;include queue.h&#34;
      ^~~~~
In file included from /home/ec2-user/arduino-testlib/cli-datadir/user/libraries/FreeRTOS/src/queue.h:43:0,
                 from /home/ec2-user/arduino-testlib/cli-datadir/user/libraries/FreeRTOS/src/semphr.h:36,
                 from /home/ec2-user/arduino-testlib/cli-datadir/user/libraries/Seeed_Arduino_rpcUnified/src/erpc/erpc_threading.h:23,
                 from /home/ec2-user/arduino-testlib/cli-datadir/user/libraries/Seeed_Arduino_rpcUnified/src/erpc/erpc_client_manager.h:21,
                 from /home/ec2-user/arduino-testlib/cli-datadir/user/libraries/Seeed_Arduino_rpcUnified/src/erpc/erpc_server.h:16,
                 from /home/ec2-user/arduino-testlib/cli-datadir/user/libraries/Seeed_Arduino_rpcUnified/src/erpc/rpc_ble_callback_server.h:12,
                 from /home/ec2-user/arduino-testlib/cli-datadir/user/libraries/Seeed_Arduino_rpcUnified/src/erpc/erpc_shim_unified.h:7,
                 from /home/ec2-user/arduino-testlib/cli-datadir/user/libraries/Seeed_Arduino_rpcUnified/src/seeed_rpcUnified.h:10,
                 from /home/ec2-user/arduino-testlib/cli-datadir/user/libraries/Seeed_Arduino_rpcWiFi/src/WiFiClientSecure.h:26,
                 from /home/ec2-user/arduino-testlib/cli-datadir/user/libraries/Seeed_Arduino_rpcWiFi/src/HTTPClient.h:36,
                 from /home/ec2-user/arduino-testlib/cli-datadir/user/libraries/Algoduino/Algoduino.cpp:19:
/home/ec2-user/arduino-testlib/cli-datadir/user/libraries/FreeRTOS/src/task.h:34:6: error: #error &#34;include Arduino_FreeRTOS.h must appear in source files before include task.h&#34;
     #error &#34;include Arduino_FreeRTOS.h must appear in source files before include task.h&#34;
      ^~~~~
In file included from /home/ec2-user/arduino-testlib/cli-datadir/user/libraries/FreeRTOS/src/task.h:37:0,
                 from /home/ec2-user/arduino-testlib/cli-datadir/user/libraries/FreeRTOS/src/queue.h:43,
                 from /home/ec2-user/arduino-testlib/cli-datadir/user/libraries/FreeRTOS/src/semphr.h:36,
                 from /home/ec2-user/arduino-testlib/cli-datadir/user/libraries/Seeed_Arduino_rpcUnified/src/erpc/erpc_threading.h:23,
                 from /home/ec2-user/arduino-testlib/cli-datadir/user/libraries/Seeed_Arduino_rpcUnified/src/erpc/erpc_client_manager.h:21,
                 from /home/ec2-user/arduino-testlib/cli-datadir/user/libraries/Seeed_Arduino_rpcUnified/src/erpc/erpc_server.h:16,
                 from /home/ec2-user/arduino-testlib/cli-datadir/user/libraries/Seeed_Arduino_rpcUnified/src/erpc/rpc_ble_callback_server.h:12,
                 from /home/ec2-user/arduino-testlib/cli-datadir/user/libraries/Seeed_Arduino_rpcUnified/src/erpc/erpc_shim_unified.h:7,
                 from /home/ec2-user/arduino-testlib/cli-datadir/user/libraries/Seeed_Arduino_rpcUnified/src/seeed_rpcUnified.h:10,
                 from /home/ec2-user/arduino-testlib/cli-datadir/user/libraries/Seeed_Arduino_rpcWiFi/src/WiFiClientSecure.h:26,
                 from /home/ec2-user/arduino-testlib/cli-datadir/user/libraries/Seeed_Arduino_rpcWiFi/src/HTTPClient.h:36,
                 from /home/ec2-user/arduino-testlib/cli-datadir/user/libraries/Algoduino/Algoduino.cpp:19:
/home/ec2-user/arduino-testlib/cli-datadir/user/libraries/FreeRTOS/src/list.h:62:6: error: #error &#34;Arduino_FreeRTOS.h must be included before list.h&#34;
     #error &#34;Arduino_FreeRTOS.h must be included before list.h&#34;
      ^~~~~
In file included from /home/ec2-user/arduino-testlib/cli-datadir/user/libraries/Seeed_Arduino_rpcUnified/src/esp/esp_event_loop.h:22:0,
                 from /home/ec2-user/arduino-testlib/cli-datadir/user/libraries/Seeed_Arduino_rpcUnified/src/esp/esp_lib_unified.h:12,
                 from /home/ec2-user/arduino-testlib/cli-datadir/user/libraries/Seeed_Arduino_rpcUnified/src/seeed_rpcUnified.h:11,
                 from /home/ec2-user/arduino-testlib/cli-datadir/user/libraries/Seeed_Arduino_rpcWiFi/src/WiFiClientSecure.h:26,
                 from /home/ec2-user/arduino-testlib/cli-datadir/user/libraries/Seeed_Arduino_rpcWiFi/src/HTTPClient.h:36,
                 from /home/ec2-user/arduino-testlib/cli-datadir/user/libraries/Algoduino/Algoduino.cpp:19:
/home/ec2-user/arduino-testlib/cli-datadir/user/libraries/Seeed_Arduino_rpcUnified/src/esp/esp_event.h:19:10: fatal error: Seeed_Arduino_FreeRTOS.h: No such file or directory
 #include &#34;Seeed_Arduino_FreeRTOS.h&#34;
          ^~~~~~~~~~~~~~~~~~~~~~~~~~
compilation terminated.
Multiple libraries were found for &#34;FreeRTOS.h&#34;
  Used: /home/ec2-user/arduino-testlib/cli-datadir/user/libraries/FreeRTOS
  Not used: /home/ec2-user/arduino-testlib/cli-datadir/user/libraries/FreeRTOS_SAMD21
  Not used: /home/ec2-user/arduino-testlib/cli-datadir/user/libraries/FreeRTOS_SAMD51
  Not used: /home/ec2-user/arduino-testlib/cli-datadir/user/libraries/STM32duino_FreeRTOS
  Not used: /home/ec2-user/arduino-testlib/cli-datadir/user/libraries/ESP32_BLE_Arduino
Multiple libraries were found for &#34;ArduinoJson.h&#34;
  Used: /home/ec2-user/arduino-testlib/cli-datadir/user/libraries/ArduinoJson
  Not used: /home/ec2-user/arduino-testlib/cli-datadir/user/libraries/ThingsIoT
  Not used: /home/ec2-user/arduino-testlib/cli-datadir/user/libraries/Antares_ESP8266_MQTT
  Not used: /home/ec2-user/arduino-testlib/cli-datadir/user/libraries/BaleMessengerBot_Arduino
  Not used: /home/ec2-user/arduino-testlib/cli-datadir/user/libraries/Antares_ESP8266_HTTP
  Not used: /home/ec2-user/arduino-testlib/cli-datadir/user/libraries/AllThingsTalk_LTE-M_SDK
  Not used: /home/ec2-user/arduino-testlib/cli-datadir/user/libraries/CMMC_MQTT_Connector
  Not used: /home/ec2-user/arduino-testlib/cli-datadir/user/libraries/CoogleIOT
  Not used: /home/ec2-user/arduino-testlib/cli-datadir/user/libraries/ThingESP
Multiple libraries were found for &#34;WiFi.h&#34;
  Used: /home/ec2-user/arduino-testlib/cli-datadir/user/libraries/WiFi
  Not used: /home/ec2-user/arduino-testlib/cli-datadir/user/libraries/Seeed_Arduino_rpcWiFi
  Not used: /home/ec2-user/arduino-testlib/cli-datadir/user/libraries/WiFiEspAT
  Not used: /home/ec2-user/arduino-testlib/cli-datadir/user/libraries/WiFiNINA
</pre>
					
					<h4>examples/getAssetInformation</h4>
					<p>
						Result: <b>FAIL</b>
					</p>
					<pre class="pre-scrollable">In file included from /home/ec2-user/arduino-testlib/cli-datadir/user/libraries/Seeed_Arduino_rpcUnified/src/erpc/erpc_threading.h:23:0,
                 from /home/ec2-user/arduino-testlib/cli-datadir/user/libraries/Seeed_Arduino_rpcUnified/src/erpc/erpc_client_manager.h:21,
                 from /home/ec2-user/arduino-testlib/cli-datadir/user/libraries/Seeed_Arduino_rpcUnified/src/erpc/erpc_server.h:16,
                 from /home/ec2-user/arduino-testlib/cli-datadir/user/libraries/Seeed_Arduino_rpcUnified/src/erpc/rpc_ble_callback_server.h:12,
                 from /home/ec2-user/arduino-testlib/cli-datadir/user/libraries/Seeed_Arduino_rpcUnified/src/erpc/erpc_shim_unified.h:7,
                 from /home/ec2-user/arduino-testlib/cli-datadir/user/libraries/Seeed_Arduino_rpcUnified/src/seeed_rpcUnified.h:10,
                 from /home/ec2-user/arduino-testlib/cli-datadir/user/libraries/Seeed_Arduino_rpcWiFi/src/WiFiClientSecure.h:26,
                 from /home/ec2-user/arduino-testlib/cli-datadir/user/libraries/Seeed_Arduino_rpcWiFi/src/HTTPClient.h:36,
                 from /home/ec2-user/arduino-testlib/cli-datadir/user/libraries/Algoduino/Algoduino.cpp:19:
/home/ec2-user/arduino-testlib/cli-datadir/user/libraries/FreeRTOS/src/semphr.h:33:6: error: #error &#34;include Arduino_FreeRTOS.h&#34; must appear in source files before &#34;include semphr.h&#34;
     #error &#34;include Arduino_FreeRTOS.h&#34; must appear in source files before &#34;include semphr.h&#34;
      ^~~~~
In file included from /home/ec2-user/arduino-testlib/cli-datadir/user/libraries/FreeRTOS/src/semphr.h:36:0,
                 from /home/ec2-user/arduino-testlib/cli-datadir/user/libraries/Seeed_Arduino_rpcUnified/src/erpc/erpc_threading.h:23,
                 from /home/ec2-user/arduino-testlib/cli-datadir/user/libraries/Seeed_Arduino_rpcUnified/src/erpc/erpc_client_manager.h:21,
                 from /home/ec2-user/arduino-testlib/cli-datadir/user/libraries/Seeed_Arduino_rpcUnified/src/erpc/erpc_server.h:16,
                 from /home/ec2-user/arduino-testlib/cli-datadir/user/libraries/Seeed_Arduino_rpcUnified/src/erpc/rpc_ble_callback_server.h:12,
                 from /home/ec2-user/arduino-testlib/cli-datadir/user/libraries/Seeed_Arduino_rpcUnified/src/erpc/erpc_shim_unified.h:7,
                 from /home/ec2-user/arduino-testlib/cli-datadir/user/libraries/Seeed_Arduino_rpcUnified/src/seeed_rpcUnified.h:10,
                 from /home/ec2-user/arduino-testlib/cli-datadir/user/libraries/Seeed_Arduino_rpcWiFi/src/WiFiClientSecure.h:26,
                 from /home/ec2-user/arduino-testlib/cli-datadir/user/libraries/Seeed_Arduino_rpcWiFi/src/HTTPClient.h:36,
                 from /home/ec2-user/arduino-testlib/cli-datadir/user/libraries/Algoduino/Algoduino.cpp:19:
/home/ec2-user/arduino-testlib/cli-datadir/user/libraries/FreeRTOS/src/queue.h:34:6: error: #error &#34;include Arduino_FreeRTOS.h&#34; must appear in source files before &#34;include queue.h&#34;
     #error &#34;include Arduino_FreeRTOS.h&#34; must appear in source files before &#34;include queue.h&#34;
      ^~~~~
In file included from /home/ec2-user/arduino-testlib/cli-datadir/user/libraries/FreeRTOS/src/queue.h:43:0,
                 from /home/ec2-user/arduino-testlib/cli-datadir/user/libraries/FreeRTOS/src/semphr.h:36,
                 from /home/ec2-user/arduino-testlib/cli-datadir/user/libraries/Seeed_Arduino_rpcUnified/src/erpc/erpc_threading.h:23,
                 from /home/ec2-user/arduino-testlib/cli-datadir/user/libraries/Seeed_Arduino_rpcUnified/src/erpc/erpc_client_manager.h:21,
                 from /home/ec2-user/arduino-testlib/cli-datadir/user/libraries/Seeed_Arduino_rpcUnified/src/erpc/erpc_server.h:16,
                 from /home/ec2-user/arduino-testlib/cli-datadir/user/libraries/Seeed_Arduino_rpcUnified/src/erpc/rpc_ble_callback_server.h:12,
                 from /home/ec2-user/arduino-testlib/cli-datadir/user/libraries/Seeed_Arduino_rpcUnified/src/erpc/erpc_shim_unified.h:7,
                 from /home/ec2-user/arduino-testlib/cli-datadir/user/libraries/Seeed_Arduino_rpcUnified/src/seeed_rpcUnified.h:10,
                 from /home/ec2-user/arduino-testlib/cli-datadir/user/libraries/Seeed_Arduino_rpcWiFi/src/WiFiClientSecure.h:26,
                 from /home/ec2-user/arduino-testlib/cli-datadir/user/libraries/Seeed_Arduino_rpcWiFi/src/HTTPClient.h:36,
                 from /home/ec2-user/arduino-testlib/cli-datadir/user/libraries/Algoduino/Algoduino.cpp:19:
/home/ec2-user/arduino-testlib/cli-datadir/user/libraries/FreeRTOS/src/task.h:34:6: error: #error &#34;include Arduino_FreeRTOS.h must appear in source files before include task.h&#34;
     #error &#34;include Arduino_FreeRTOS.h must appear in source files before include task.h&#34;
      ^~~~~
In file included from /home/ec2-user/arduino-testlib/cli-datadir/user/libraries/FreeRTOS/src/task.h:37:0,
                 from /home/ec2-user/arduino-testlib/cli-datadir/user/libraries/FreeRTOS/src/queue.h:43,
                 from /home/ec2-user/arduino-testlib/cli-datadir/user/libraries/FreeRTOS/src/semphr.h:36,
                 from /home/ec2-user/arduino-testlib/cli-datadir/user/libraries/Seeed_Arduino_rpcUnified/src/erpc/erpc_threading.h:23,
                 from /home/ec2-user/arduino-testlib/cli-datadir/user/libraries/Seeed_Arduino_rpcUnified/src/erpc/erpc_client_manager.h:21,
                 from /home/ec2-user/arduino-testlib/cli-datadir/user/libraries/Seeed_Arduino_rpcUnified/src/erpc/erpc_server.h:16,
                 from /home/ec2-user/arduino-testlib/cli-datadir/user/libraries/Seeed_Arduino_rpcUnified/src/erpc/rpc_ble_callback_server.h:12,
                 from /home/ec2-user/arduino-testlib/cli-datadir/user/libraries/Seeed_Arduino_rpcUnified/src/erpc/erpc_shim_unified.h:7,
                 from /home/ec2-user/arduino-testlib/cli-datadir/user/libraries/Seeed_Arduino_rpcUnified/src/seeed_rpcUnified.h:10,
                 from /home/ec2-user/arduino-testlib/cli-datadir/user/libraries/Seeed_Arduino_rpcWiFi/src/WiFiClientSecure.h:26,
                 from /home/ec2-user/arduino-testlib/cli-datadir/user/libraries/Seeed_Arduino_rpcWiFi/src/HTTPClient.h:36,
                 from /home/ec2-user/arduino-testlib/cli-datadir/user/libraries/Algoduino/Algoduino.cpp:19:
/home/ec2-user/arduino-testlib/cli-datadir/user/libraries/FreeRTOS/src/list.h:62:6: error: #error &#34;Arduino_FreeRTOS.h must be included before list.h&#34;
     #error &#34;Arduino_FreeRTOS.h must be included before list.h&#34;
      ^~~~~
In file included from /home/ec2-user/arduino-testlib/cli-datadir/user/libraries/Seeed_Arduino_rpcUnified/src/esp/esp_event_loop.h:22:0,
                 from /home/ec2-user/arduino-testlib/cli-datadir/user/libraries/Seeed_Arduino_rpcUnified/src/esp/esp_lib_unified.h:12,
                 from /home/ec2-user/arduino-testlib/cli-datadir/user/libraries/Seeed_Arduino_rpcUnified/src/seeed_rpcUnified.h:11,
                 from /home/ec2-user/arduino-testlib/cli-datadir/user/libraries/Seeed_Arduino_rpcWiFi/src/WiFiClientSecure.h:26,
                 from /home/ec2-user/arduino-testlib/cli-datadir/user/libraries/Seeed_Arduino_rpcWiFi/src/HTTPClient.h:36,
                 from /home/ec2-user/arduino-testlib/cli-datadir/user/libraries/Algoduino/Algoduino.cpp:19:
/home/ec2-user/arduino-testlib/cli-datadir/user/libraries/Seeed_Arduino_rpcUnified/src/esp/esp_event.h:19:10: fatal error: Seeed_Arduino_FreeRTOS.h: No such file or directory
 #include &#34;Seeed_Arduino_FreeRTOS.h&#34;
          ^~~~~~~~~~~~~~~~~~~~~~~~~~
compilation terminated.
Multiple libraries were found for &#34;FreeRTOS.h&#34;
  Used: /home/ec2-user/arduino-testlib/cli-datadir/user/libraries/FreeRTOS
  Not used: /home/ec2-user/arduino-testlib/cli-datadir/user/libraries/STM32duino_FreeRTOS
  Not used: /home/ec2-user/arduino-testlib/cli-datadir/user/libraries/FreeRTOS_SAMD21
  Not used: /home/ec2-user/arduino-testlib/cli-datadir/user/libraries/FreeRTOS_SAMD51
  Not used: /home/ec2-user/arduino-testlib/cli-datadir/user/libraries/ESP32_BLE_Arduino
Multiple libraries were found for &#34;ArduinoJson.h&#34;
  Used: /home/ec2-user/arduino-testlib/cli-datadir/user/libraries/ArduinoJson
  Not used: /home/ec2-user/arduino-testlib/cli-datadir/user/libraries/ThingESP
  Not used: /home/ec2-user/arduino-testlib/cli-datadir/user/libraries/BaleMessengerBot_Arduino
  Not used: /home/ec2-user/arduino-testlib/cli-datadir/user/libraries/Antares_ESP8266_MQTT
  Not used: /home/ec2-user/arduino-testlib/cli-datadir/user/libraries/Antares_ESP8266_HTTP
  Not used: /home/ec2-user/arduino-testlib/cli-datadir/user/libraries/ThingsIoT
  Not used: /home/ec2-user/arduino-testlib/cli-datadir/user/libraries/CoogleIOT
  Not used: /home/ec2-user/arduino-testlib/cli-datadir/user/libraries/AllThingsTalk_LTE-M_SDK
  Not used: /home/ec2-user/arduino-testlib/cli-datadir/user/libraries/CMMC_MQTT_Connector
Multiple libraries were found for &#34;WiFi.h&#34;
  Used: /home/ec2-user/arduino-testlib/cli-datadir/user/libraries/WiFi
  Not used: /home/ec2-user/arduino-testlib/cli-datadir/user/libraries/WiFiNINA
  Not used: /home/ec2-user/arduino-testlib/cli-datadir/user/libraries/Seeed_Arduino_rpcWiFi
  Not used: /home/ec2-user/arduino-testlib/cli-datadir/user/libraries/WiFiEspAT
</pre>
					
					<h4>examples/getLedgerSupply</h4>
					<p>
						Result: <b>FAIL</b>
					</p>
					<pre class="pre-scrollable">In file included from /home/ec2-user/arduino-testlib/cli-datadir/user/libraries/Seeed_Arduino_rpcUnified/src/erpc/erpc_threading.h:23:0,
                 from /home/ec2-user/arduino-testlib/cli-datadir/user/libraries/Seeed_Arduino_rpcUnified/src/erpc/erpc_client_manager.h:21,
                 from /home/ec2-user/arduino-testlib/cli-datadir/user/libraries/Seeed_Arduino_rpcUnified/src/erpc/erpc_server.h:16,
                 from /home/ec2-user/arduino-testlib/cli-datadir/user/libraries/Seeed_Arduino_rpcUnified/src/erpc/rpc_ble_callback_server.h:12,
                 from /home/ec2-user/arduino-testlib/cli-datadir/user/libraries/Seeed_Arduino_rpcUnified/src/erpc/erpc_shim_unified.h:7,
                 from /home/ec2-user/arduino-testlib/cli-datadir/user/libraries/Seeed_Arduino_rpcUnified/src/seeed_rpcUnified.h:10,
                 from /home/ec2-user/arduino-testlib/cli-datadir/user/libraries/Seeed_Arduino_rpcWiFi/src/WiFiClientSecure.h:26,
                 from /home/ec2-user/arduino-testlib/cli-datadir/user/libraries/Seeed_Arduino_rpcWiFi/src/HTTPClient.h:36,
                 from /home/ec2-user/arduino-testlib/cli-datadir/user/libraries/Algoduino/Algoduino.cpp:19:
/home/ec2-user/arduino-testlib/cli-datadir/user/libraries/FreeRTOS/src/semphr.h:33:6: error: #error &#34;include Arduino_FreeRTOS.h&#34; must appear in source files before &#34;include semphr.h&#34;
     #error &#34;include Arduino_FreeRTOS.h&#34; must appear in source files before &#34;include semphr.h&#34;
      ^~~~~
In file included from /home/ec2-user/arduino-testlib/cli-datadir/user/libraries/FreeRTOS/src/semphr.h:36:0,
                 from /home/ec2-user/arduino-testlib/cli-datadir/user/libraries/Seeed_Arduino_rpcUnified/src/erpc/erpc_threading.h:23,
                 from /home/ec2-user/arduino-testlib/cli-datadir/user/libraries/Seeed_Arduino_rpcUnified/src/erpc/erpc_client_manager.h:21,
                 from /home/ec2-user/arduino-testlib/cli-datadir/user/libraries/Seeed_Arduino_rpcUnified/src/erpc/erpc_server.h:16,
                 from /home/ec2-user/arduino-testlib/cli-datadir/user/libraries/Seeed_Arduino_rpcUnified/src/erpc/rpc_ble_callback_server.h:12,
                 from /home/ec2-user/arduino-testlib/cli-datadir/user/libraries/Seeed_Arduino_rpcUnified/src/erpc/erpc_shim_unified.h:7,
                 from /home/ec2-user/arduino-testlib/cli-datadir/user/libraries/Seeed_Arduino_rpcUnified/src/seeed_rpcUnified.h:10,
                 from /home/ec2-user/arduino-testlib/cli-datadir/user/libraries/Seeed_Arduino_rpcWiFi/src/WiFiClientSecure.h:26,
                 from /home/ec2-user/arduino-testlib/cli-datadir/user/libraries/Seeed_Arduino_rpcWiFi/src/HTTPClient.h:36,
                 from /home/ec2-user/arduino-testlib/cli-datadir/user/libraries/Algoduino/Algoduino.cpp:19:
/home/ec2-user/arduino-testlib/cli-datadir/user/libraries/FreeRTOS/src/queue.h:34:6: error: #error &#34;include Arduino_FreeRTOS.h&#34; must appear in source files before &#34;include queue.h&#34;
     #error &#34;include Arduino_FreeRTOS.h&#34; must appear in source files before &#34;include queue.h&#34;
      ^~~~~
In file included from /home/ec2-user/arduino-testlib/cli-datadir/user/libraries/FreeRTOS/src/queue.h:43:0,
                 from /home/ec2-user/arduino-testlib/cli-datadir/user/libraries/FreeRTOS/src/semphr.h:36,
                 from /home/ec2-user/arduino-testlib/cli-datadir/user/libraries/Seeed_Arduino_rpcUnified/src/erpc/erpc_threading.h:23,
                 from /home/ec2-user/arduino-testlib/cli-datadir/user/libraries/Seeed_Arduino_rpcUnified/src/erpc/erpc_client_manager.h:21,
                 from /home/ec2-user/arduino-testlib/cli-datadir/user/libraries/Seeed_Arduino_rpcUnified/src/erpc/erpc_server.h:16,
                 from /home/ec2-user/arduino-testlib/cli-datadir/user/libraries/Seeed_Arduino_rpcUnified/src/erpc/rpc_ble_callback_server.h:12,
                 from /home/ec2-user/arduino-testlib/cli-datadir/user/libraries/Seeed_Arduino_rpcUnified/src/erpc/erpc_shim_unified.h:7,
                 from /home/ec2-user/arduino-testlib/cli-datadir/user/libraries/Seeed_Arduino_rpcUnified/src/seeed_rpcUnified.h:10,
                 from /home/ec2-user/arduino-testlib/cli-datadir/user/libraries/Seeed_Arduino_rpcWiFi/src/WiFiClientSecure.h:26,
                 from /home/ec2-user/arduino-testlib/cli-datadir/user/libraries/Seeed_Arduino_rpcWiFi/src/HTTPClient.h:36,
                 from /home/ec2-user/arduino-testlib/cli-datadir/user/libraries/Algoduino/Algoduino.cpp:19:
/home/ec2-user/arduino-testlib/cli-datadir/user/libraries/FreeRTOS/src/task.h:34:6: error: #error &#34;include Arduino_FreeRTOS.h must appear in source files before include task.h&#34;
     #error &#34;include Arduino_FreeRTOS.h must appear in source files before include task.h&#34;
      ^~~~~
In file included from /home/ec2-user/arduino-testlib/cli-datadir/user/libraries/FreeRTOS/src/task.h:37:0,
                 from /home/ec2-user/arduino-testlib/cli-datadir/user/libraries/FreeRTOS/src/queue.h:43,
                 from /home/ec2-user/arduino-testlib/cli-datadir/user/libraries/FreeRTOS/src/semphr.h:36,
                 from /home/ec2-user/arduino-testlib/cli-datadir/user/libraries/Seeed_Arduino_rpcUnified/src/erpc/erpc_threading.h:23,
                 from /home/ec2-user/arduino-testlib/cli-datadir/user/libraries/Seeed_Arduino_rpcUnified/src/erpc/erpc_client_manager.h:21,
                 from /home/ec2-user/arduino-testlib/cli-datadir/user/libraries/Seeed_Arduino_rpcUnified/src/erpc/erpc_server.h:16,
                 from /home/ec2-user/arduino-testlib/cli-datadir/user/libraries/Seeed_Arduino_rpcUnified/src/erpc/rpc_ble_callback_server.h:12,
                 from /home/ec2-user/arduino-testlib/cli-datadir/user/libraries/Seeed_Arduino_rpcUnified/src/erpc/erpc_shim_unified.h:7,
                 from /home/ec2-user/arduino-testlib/cli-datadir/user/libraries/Seeed_Arduino_rpcUnified/src/seeed_rpcUnified.h:10,
                 from /home/ec2-user/arduino-testlib/cli-datadir/user/libraries/Seeed_Arduino_rpcWiFi/src/WiFiClientSecure.h:26,
                 from /home/ec2-user/arduino-testlib/cli-datadir/user/libraries/Seeed_Arduino_rpcWiFi/src/HTTPClient.h:36,
                 from /home/ec2-user/arduino-testlib/cli-datadir/user/libraries/Algoduino/Algoduino.cpp:19:
/home/ec2-user/arduino-testlib/cli-datadir/user/libraries/FreeRTOS/src/list.h:62:6: error: #error &#34;Arduino_FreeRTOS.h must be included before list.h&#34;
     #error &#34;Arduino_FreeRTOS.h must be included before list.h&#34;
      ^~~~~
In file included from /home/ec2-user/arduino-testlib/cli-datadir/user/libraries/Seeed_Arduino_rpcUnified/src/esp/esp_event_loop.h:22:0,
                 from /home/ec2-user/arduino-testlib/cli-datadir/user/libraries/Seeed_Arduino_rpcUnified/src/esp/esp_lib_unified.h:12,
                 from /home/ec2-user/arduino-testlib/cli-datadir/user/libraries/Seeed_Arduino_rpcUnified/src/seeed_rpcUnified.h:11,
                 from /home/ec2-user/arduino-testlib/cli-datadir/user/libraries/Seeed_Arduino_rpcWiFi/src/WiFiClientSecure.h:26,
                 from /home/ec2-user/arduino-testlib/cli-datadir/user/libraries/Seeed_Arduino_rpcWiFi/src/HTTPClient.h:36,
                 from /home/ec2-user/arduino-testlib/cli-datadir/user/libraries/Algoduino/Algoduino.cpp:19:
/home/ec2-user/arduino-testlib/cli-datadir/user/libraries/Seeed_Arduino_rpcUnified/src/esp/esp_event.h:19:10: fatal error: Seeed_Arduino_FreeRTOS.h: No such file or directory
 #include &#34;Seeed_Arduino_FreeRTOS.h&#34;
          ^~~~~~~~~~~~~~~~~~~~~~~~~~
compilation terminated.
Multiple libraries were found for &#34;ArduinoJson.h&#34;
  Used: /home/ec2-user/arduino-testlib/cli-datadir/user/libraries/ArduinoJson
  Not used: /home/ec2-user/arduino-testlib/cli-datadir/user/libraries/AllThingsTalk_LTE-M_SDK
  Not used: /home/ec2-user/arduino-testlib/cli-datadir/user/libraries/ThingsIoT
  Not used: /home/ec2-user/arduino-testlib/cli-datadir/user/libraries/BaleMessengerBot_Arduino
  Not used: /home/ec2-user/arduino-testlib/cli-datadir/user/libraries/ThingESP
  Not used: /home/ec2-user/arduino-testlib/cli-datadir/user/libraries/CoogleIOT
  Not used: /home/ec2-user/arduino-testlib/cli-datadir/user/libraries/Antares_ESP8266_HTTP
  Not used: /home/ec2-user/arduino-testlib/cli-datadir/user/libraries/Antares_ESP8266_MQTT
  Not used: /home/ec2-user/arduino-testlib/cli-datadir/user/libraries/CMMC_MQTT_Connector
Multiple libraries were found for &#34;WiFi.h&#34;
  Used: /home/ec2-user/arduino-testlib/cli-datadir/user/libraries/WiFi
  Not used: /home/ec2-user/arduino-testlib/cli-datadir/user/libraries/Seeed_Arduino_rpcWiFi
  Not used: /home/ec2-user/arduino-testlib/cli-datadir/user/libraries/WiFiNINA
  Not used: /home/ec2-user/arduino-testlib/cli-datadir/user/libraries/WiFiEspAT
Multiple libraries were found for &#34;FreeRTOS.h&#34;
  Used: /home/ec2-user/arduino-testlib/cli-datadir/user/libraries/FreeRTOS
  Not used: /home/ec2-user/arduino-testlib/cli-datadir/user/libraries/STM32duino_FreeRTOS
  Not used: /home/ec2-user/arduino-testlib/cli-datadir/user/libraries/FreeRTOS_SAMD51
  Not used: /home/ec2-user/arduino-testlib/cli-datadir/user/libraries/FreeRTOS_SAMD21
  Not used: /home/ec2-user/arduino-testlib/cli-datadir/user/libraries/ESP32_BLE_Arduino
</pre>
					
					<h4>examples/getStatus</h4>
					<p>
						Result: <b>FAIL</b>
					</p>
					<pre class="pre-scrollable">In file included from /home/ec2-user/arduino-testlib/cli-datadir/user/libraries/Seeed_Arduino_rpcUnified/src/erpc/erpc_threading.h:23:0,
                 from /home/ec2-user/arduino-testlib/cli-datadir/user/libraries/Seeed_Arduino_rpcUnified/src/erpc/erpc_client_manager.h:21,
                 from /home/ec2-user/arduino-testlib/cli-datadir/user/libraries/Seeed_Arduino_rpcUnified/src/erpc/erpc_server.h:16,
                 from /home/ec2-user/arduino-testlib/cli-datadir/user/libraries/Seeed_Arduino_rpcUnified/src/erpc/rpc_ble_callback_server.h:12,
                 from /home/ec2-user/arduino-testlib/cli-datadir/user/libraries/Seeed_Arduino_rpcUnified/src/erpc/erpc_shim_unified.h:7,
                 from /home/ec2-user/arduino-testlib/cli-datadir/user/libraries/Seeed_Arduino_rpcUnified/src/seeed_rpcUnified.h:10,
                 from /home/ec2-user/arduino-testlib/cli-datadir/user/libraries/Seeed_Arduino_rpcWiFi/src/WiFiClientSecure.h:26,
                 from /home/ec2-user/arduino-testlib/cli-datadir/user/libraries/Seeed_Arduino_rpcWiFi/src/HTTPClient.h:36,
                 from /home/ec2-user/arduino-testlib/cli-datadir/user/libraries/Algoduino/Algoduino.cpp:19:
/home/ec2-user/arduino-testlib/cli-datadir/user/libraries/FreeRTOS/src/semphr.h:33:6: error: #error &#34;include Arduino_FreeRTOS.h&#34; must appear in source files before &#34;include semphr.h&#34;
     #error &#34;include Arduino_FreeRTOS.h&#34; must appear in source files before &#34;include semphr.h&#34;
      ^~~~~
In file included from /home/ec2-user/arduino-testlib/cli-datadir/user/libraries/FreeRTOS/src/semphr.h:36:0,
                 from /home/ec2-user/arduino-testlib/cli-datadir/user/libraries/Seeed_Arduino_rpcUnified/src/erpc/erpc_threading.h:23,
                 from /home/ec2-user/arduino-testlib/cli-datadir/user/libraries/Seeed_Arduino_rpcUnified/src/erpc/erpc_client_manager.h:21,
                 from /home/ec2-user/arduino-testlib/cli-datadir/user/libraries/Seeed_Arduino_rpcUnified/src/erpc/erpc_server.h:16,
                 from /home/ec2-user/arduino-testlib/cli-datadir/user/libraries/Seeed_Arduino_rpcUnified/src/erpc/rpc_ble_callback_server.h:12,
                 from /home/ec2-user/arduino-testlib/cli-datadir/user/libraries/Seeed_Arduino_rpcUnified/src/erpc/erpc_shim_unified.h:7,
                 from /home/ec2-user/arduino-testlib/cli-datadir/user/libraries/Seeed_Arduino_rpcUnified/src/seeed_rpcUnified.h:10,
                 from /home/ec2-user/arduino-testlib/cli-datadir/user/libraries/Seeed_Arduino_rpcWiFi/src/WiFiClientSecure.h:26,
                 from /home/ec2-user/arduino-testlib/cli-datadir/user/libraries/Seeed_Arduino_rpcWiFi/src/HTTPClient.h:36,
                 from /home/ec2-user/arduino-testlib/cli-datadir/user/libraries/Algoduino/Algoduino.cpp:19:
/home/ec2-user/arduino-testlib/cli-datadir/user/libraries/FreeRTOS/src/queue.h:34:6: error: #error &#34;include Arduino_FreeRTOS.h&#34; must appear in source files before &#34;include queue.h&#34;
     #error &#34;include Arduino_FreeRTOS.h&#34; must appear in source files before &#34;include queue.h&#34;
      ^~~~~
In file included from /home/ec2-user/arduino-testlib/cli-datadir/user/libraries/FreeRTOS/src/queue.h:43:0,
                 from /home/ec2-user/arduino-testlib/cli-datadir/user/libraries/FreeRTOS/src/semphr.h:36,
                 from /home/ec2-user/arduino-testlib/cli-datadir/user/libraries/Seeed_Arduino_rpcUnified/src/erpc/erpc_threading.h:23,
                 from /home/ec2-user/arduino-testlib/cli-datadir/user/libraries/Seeed_Arduino_rpcUnified/src/erpc/erpc_client_manager.h:21,
                 from /home/ec2-user/arduino-testlib/cli-datadir/user/libraries/Seeed_Arduino_rpcUnified/src/erpc/erpc_server.h:16,
                 from /home/ec2-user/arduino-testlib/cli-datadir/user/libraries/Seeed_Arduino_rpcUnified/src/erpc/rpc_ble_callback_server.h:12,
                 from /home/ec2-user/arduino-testlib/cli-datadir/user/libraries/Seeed_Arduino_rpcUnified/src/erpc/erpc_shim_unified.h:7,
                 from /home/ec2-user/arduino-testlib/cli-datadir/user/libraries/Seeed_Arduino_rpcUnified/src/seeed_rpcUnified.h:10,
                 from /home/ec2-user/arduino-testlib/cli-datadir/user/libraries/Seeed_Arduino_rpcWiFi/src/WiFiClientSecure.h:26,
                 from /home/ec2-user/arduino-testlib/cli-datadir/user/libraries/Seeed_Arduino_rpcWiFi/src/HTTPClient.h:36,
                 from /home/ec2-user/arduino-testlib/cli-datadir/user/libraries/Algoduino/Algoduino.cpp:19:
/home/ec2-user/arduino-testlib/cli-datadir/user/libraries/FreeRTOS/src/task.h:34:6: error: #error &#34;include Arduino_FreeRTOS.h must appear in source files before include task.h&#34;
     #error &#34;include Arduino_FreeRTOS.h must appear in source files before include task.h&#34;
      ^~~~~
In file included from /home/ec2-user/arduino-testlib/cli-datadir/user/libraries/FreeRTOS/src/task.h:37:0,
                 from /home/ec2-user/arduino-testlib/cli-datadir/user/libraries/FreeRTOS/src/queue.h:43,
                 from /home/ec2-user/arduino-testlib/cli-datadir/user/libraries/FreeRTOS/src/semphr.h:36,
                 from /home/ec2-user/arduino-testlib/cli-datadir/user/libraries/Seeed_Arduino_rpcUnified/src/erpc/erpc_threading.h:23,
                 from /home/ec2-user/arduino-testlib/cli-datadir/user/libraries/Seeed_Arduino_rpcUnified/src/erpc/erpc_client_manager.h:21,
                 from /home/ec2-user/arduino-testlib/cli-datadir/user/libraries/Seeed_Arduino_rpcUnified/src/erpc/erpc_server.h:16,
                 from /home/ec2-user/arduino-testlib/cli-datadir/user/libraries/Seeed_Arduino_rpcUnified/src/erpc/rpc_ble_callback_server.h:12,
                 from /home/ec2-user/arduino-testlib/cli-datadir/user/libraries/Seeed_Arduino_rpcUnified/src/erpc/erpc_shim_unified.h:7,
                 from /home/ec2-user/arduino-testlib/cli-datadir/user/libraries/Seeed_Arduino_rpcUnified/src/seeed_rpcUnified.h:10,
                 from /home/ec2-user/arduino-testlib/cli-datadir/user/libraries/Seeed_Arduino_rpcWiFi/src/WiFiClientSecure.h:26,
                 from /home/ec2-user/arduino-testlib/cli-datadir/user/libraries/Seeed_Arduino_rpcWiFi/src/HTTPClient.h:36,
                 from /home/ec2-user/arduino-testlib/cli-datadir/user/libraries/Algoduino/Algoduino.cpp:19:
/home/ec2-user/arduino-testlib/cli-datadir/user/libraries/FreeRTOS/src/list.h:62:6: error: #error &#34;Arduino_FreeRTOS.h must be included before list.h&#34;
     #error &#34;Arduino_FreeRTOS.h must be included before list.h&#34;
      ^~~~~
In file included from /home/ec2-user/arduino-testlib/cli-datadir/user/libraries/Seeed_Arduino_rpcUnified/src/esp/esp_event_loop.h:22:0,
                 from /home/ec2-user/arduino-testlib/cli-datadir/user/libraries/Seeed_Arduino_rpcUnified/src/esp/esp_lib_unified.h:12,
                 from /home/ec2-user/arduino-testlib/cli-datadir/user/libraries/Seeed_Arduino_rpcUnified/src/seeed_rpcUnified.h:11,
                 from /home/ec2-user/arduino-testlib/cli-datadir/user/libraries/Seeed_Arduino_rpcWiFi/src/WiFiClientSecure.h:26,
                 from /home/ec2-user/arduino-testlib/cli-datadir/user/libraries/Seeed_Arduino_rpcWiFi/src/HTTPClient.h:36,
                 from /home/ec2-user/arduino-testlib/cli-datadir/user/libraries/Algoduino/Algoduino.cpp:19:
/home/ec2-user/arduino-testlib/cli-datadir/user/libraries/Seeed_Arduino_rpcUnified/src/esp/esp_event.h:19:10: fatal error: Seeed_Arduino_FreeRTOS.h: No such file or directory
 #include &#34;Seeed_Arduino_FreeRTOS.h&#34;
          ^~~~~~~~~~~~~~~~~~~~~~~~~~
compilation terminated.
Multiple libraries were found for &#34;FreeRTOS.h&#34;
  Used: /home/ec2-user/arduino-testlib/cli-datadir/user/libraries/FreeRTOS
  Not used: /home/ec2-user/arduino-testlib/cli-datadir/user/libraries/FreeRTOS_SAMD51
  Not used: /home/ec2-user/arduino-testlib/cli-datadir/user/libraries/ESP32_BLE_Arduino
  Not used: /home/ec2-user/arduino-testlib/cli-datadir/user/libraries/STM32duino_FreeRTOS
  Not used: /home/ec2-user/arduino-testlib/cli-datadir/user/libraries/FreeRTOS_SAMD21
Multiple libraries were found for &#34;ArduinoJson.h&#34;
  Used: /home/ec2-user/arduino-testlib/cli-datadir/user/libraries/ArduinoJson
  Not used: /home/ec2-user/arduino-testlib/cli-datadir/user/libraries/Antares_ESP8266_MQTT
  Not used: /home/ec2-user/arduino-testlib/cli-datadir/user/libraries/ThingESP
  Not used: /home/ec2-user/arduino-testlib/cli-datadir/user/libraries/ThingsIoT
  Not used: /home/ec2-user/arduino-testlib/cli-datadir/user/libraries/CMMC_MQTT_Connector
  Not used: /home/ec2-user/arduino-testlib/cli-datadir/user/libraries/AllThingsTalk_LTE-M_SDK
  Not used: /home/ec2-user/arduino-testlib/cli-datadir/user/libraries/CoogleIOT
  Not used: /home/ec2-user/arduino-testlib/cli-datadir/user/libraries/Antares_ESP8266_HTTP
  Not used: /home/ec2-user/arduino-testlib/cli-datadir/user/libraries/BaleMessengerBot_Arduino
Multiple libraries were found for &#34;WiFi.h&#34;
  Used: /home/ec2-user/arduino-testlib/cli-datadir/user/libraries/WiFi
  Not used: /home/ec2-user/arduino-testlib/cli-datadir/user/libraries/WiFiEspAT
  Not used: /home/ec2-user/arduino-testlib/cli-datadir/user/libraries/WiFiNINA
  Not used: /home/ec2-user/arduino-testlib/cli-datadir/user/libraries/Seeed_Arduino_rpcWiFi
</pre>
					
					<h4>examples/getTransactionFee</h4>
					<p>
						Result: <b>FAIL</b>
					</p>
					<pre class="pre-scrollable">In file included from /home/ec2-user/arduino-testlib/cli-datadir/user/libraries/Seeed_Arduino_rpcUnified/src/erpc/erpc_threading.h:23:0,
                 from /home/ec2-user/arduino-testlib/cli-datadir/user/libraries/Seeed_Arduino_rpcUnified/src/erpc/erpc_client_manager.h:21,
                 from /home/ec2-user/arduino-testlib/cli-datadir/user/libraries/Seeed_Arduino_rpcUnified/src/erpc/erpc_server.h:16,
                 from /home/ec2-user/arduino-testlib/cli-datadir/user/libraries/Seeed_Arduino_rpcUnified/src/erpc/rpc_ble_callback_server.h:12,
                 from /home/ec2-user/arduino-testlib/cli-datadir/user/libraries/Seeed_Arduino_rpcUnified/src/erpc/erpc_shim_unified.h:7,
                 from /home/ec2-user/arduino-testlib/cli-datadir/user/libraries/Seeed_Arduino_rpcUnified/src/seeed_rpcUnified.h:10,
                 from /home/ec2-user/arduino-testlib/cli-datadir/user/libraries/Seeed_Arduino_rpcWiFi/src/WiFiClientSecure.h:26,
                 from /home/ec2-user/arduino-testlib/cli-datadir/user/libraries/Seeed_Arduino_rpcWiFi/src/HTTPClient.h:36,
                 from /home/ec2-user/arduino-testlib/cli-datadir/user/libraries/Algoduino/Algoduino.cpp:19:
/home/ec2-user/arduino-testlib/cli-datadir/user/libraries/FreeRTOS/src/semphr.h:33:6: error: #error &#34;include Arduino_FreeRTOS.h&#34; must appear in source files before &#34;include semphr.h&#34;
     #error &#34;include Arduino_FreeRTOS.h&#34; must appear in source files before &#34;include semphr.h&#34;
      ^~~~~
In file included from /home/ec2-user/arduino-testlib/cli-datadir/user/libraries/FreeRTOS/src/semphr.h:36:0,
                 from /home/ec2-user/arduino-testlib/cli-datadir/user/libraries/Seeed_Arduino_rpcUnified/src/erpc/erpc_threading.h:23,
                 from /home/ec2-user/arduino-testlib/cli-datadir/user/libraries/Seeed_Arduino_rpcUnified/src/erpc/erpc_client_manager.h:21,
                 from /home/ec2-user/arduino-testlib/cli-datadir/user/libraries/Seeed_Arduino_rpcUnified/src/erpc/erpc_server.h:16,
                 from /home/ec2-user/arduino-testlib/cli-datadir/user/libraries/Seeed_Arduino_rpcUnified/src/erpc/rpc_ble_callback_server.h:12,
                 from /home/ec2-user/arduino-testlib/cli-datadir/user/libraries/Seeed_Arduino_rpcUnified/src/erpc/erpc_shim_unified.h:7,
                 from /home/ec2-user/arduino-testlib/cli-datadir/user/libraries/Seeed_Arduino_rpcUnified/src/seeed_rpcUnified.h:10,
                 from /home/ec2-user/arduino-testlib/cli-datadir/user/libraries/Seeed_Arduino_rpcWiFi/src/WiFiClientSecure.h:26,
                 from /home/ec2-user/arduino-testlib/cli-datadir/user/libraries/Seeed_Arduino_rpcWiFi/src/HTTPClient.h:36,
                 from /home/ec2-user/arduino-testlib/cli-datadir/user/libraries/Algoduino/Algoduino.cpp:19:
/home/ec2-user/arduino-testlib/cli-datadir/user/libraries/FreeRTOS/src/queue.h:34:6: error: #error &#34;include Arduino_FreeRTOS.h&#34; must appear in source files before &#34;include queue.h&#34;
     #error &#34;include Arduino_FreeRTOS.h&#34; must appear in source files before &#34;include queue.h&#34;
      ^~~~~
In file included from /home/ec2-user/arduino-testlib/cli-datadir/user/libraries/FreeRTOS/src/queue.h:43:0,
                 from /home/ec2-user/arduino-testlib/cli-datadir/user/libraries/FreeRTOS/src/semphr.h:36,
                 from /home/ec2-user/arduino-testlib/cli-datadir/user/libraries/Seeed_Arduino_rpcUnified/src/erpc/erpc_threading.h:23,
                 from /home/ec2-user/arduino-testlib/cli-datadir/user/libraries/Seeed_Arduino_rpcUnified/src/erpc/erpc_client_manager.h:21,
                 from /home/ec2-user/arduino-testlib/cli-datadir/user/libraries/Seeed_Arduino_rpcUnified/src/erpc/erpc_server.h:16,
                 from /home/ec2-user/arduino-testlib/cli-datadir/user/libraries/Seeed_Arduino_rpcUnified/src/erpc/rpc_ble_callback_server.h:12,
                 from /home/ec2-user/arduino-testlib/cli-datadir/user/libraries/Seeed_Arduino_rpcUnified/src/erpc/erpc_shim_unified.h:7,
                 from /home/ec2-user/arduino-testlib/cli-datadir/user/libraries/Seeed_Arduino_rpcUnified/src/seeed_rpcUnified.h:10,
                 from /home/ec2-user/arduino-testlib/cli-datadir/user/libraries/Seeed_Arduino_rpcWiFi/src/WiFiClientSecure.h:26,
                 from /home/ec2-user/arduino-testlib/cli-datadir/user/libraries/Seeed_Arduino_rpcWiFi/src/HTTPClient.h:36,
                 from /home/ec2-user/arduino-testlib/cli-datadir/user/libraries/Algoduino/Algoduino.cpp:19:
/home/ec2-user/arduino-testlib/cli-datadir/user/libraries/FreeRTOS/src/task.h:34:6: error: #error &#34;include Arduino_FreeRTOS.h must appear in source files before include task.h&#34;
     #error &#34;include Arduino_FreeRTOS.h must appear in source files before include task.h&#34;
      ^~~~~
In file included from /home/ec2-user/arduino-testlib/cli-datadir/user/libraries/FreeRTOS/src/task.h:37:0,
                 from /home/ec2-user/arduino-testlib/cli-datadir/user/libraries/FreeRTOS/src/queue.h:43,
                 from /home/ec2-user/arduino-testlib/cli-datadir/user/libraries/FreeRTOS/src/semphr.h:36,
                 from /home/ec2-user/arduino-testlib/cli-datadir/user/libraries/Seeed_Arduino_rpcUnified/src/erpc/erpc_threading.h:23,
                 from /home/ec2-user/arduino-testlib/cli-datadir/user/libraries/Seeed_Arduino_rpcUnified/src/erpc/erpc_client_manager.h:21,
                 from /home/ec2-user/arduino-testlib/cli-datadir/user/libraries/Seeed_Arduino_rpcUnified/src/erpc/erpc_server.h:16,
                 from /home/ec2-user/arduino-testlib/cli-datadir/user/libraries/Seeed_Arduino_rpcUnified/src/erpc/rpc_ble_callback_server.h:12,
                 from /home/ec2-user/arduino-testlib/cli-datadir/user/libraries/Seeed_Arduino_rpcUnified/src/erpc/erpc_shim_unified.h:7,
                 from /home/ec2-user/arduino-testlib/cli-datadir/user/libraries/Seeed_Arduino_rpcUnified/src/seeed_rpcUnified.h:10,
                 from /home/ec2-user/arduino-testlib/cli-datadir/user/libraries/Seeed_Arduino_rpcWiFi/src/WiFiClientSecure.h:26,
                 from /home/ec2-user/arduino-testlib/cli-datadir/user/libraries/Seeed_Arduino_rpcWiFi/src/HTTPClient.h:36,
                 from /home/ec2-user/arduino-testlib/cli-datadir/user/libraries/Algoduino/Algoduino.cpp:19:
/home/ec2-user/arduino-testlib/cli-datadir/user/libraries/FreeRTOS/src/list.h:62:6: error: #error &#34;Arduino_FreeRTOS.h must be included before list.h&#34;
     #error &#34;Arduino_FreeRTOS.h must be included before list.h&#34;
      ^~~~~
In file included from /home/ec2-user/arduino-testlib/cli-datadir/user/libraries/Seeed_Arduino_rpcUnified/src/esp/esp_event_loop.h:22:0,
                 from /home/ec2-user/arduino-testlib/cli-datadir/user/libraries/Seeed_Arduino_rpcUnified/src/esp/esp_lib_unified.h:12,
                 from /home/ec2-user/arduino-testlib/cli-datadir/user/libraries/Seeed_Arduino_rpcUnified/src/seeed_rpcUnified.h:11,
                 from /home/ec2-user/arduino-testlib/cli-datadir/user/libraries/Seeed_Arduino_rpcWiFi/src/WiFiClientSecure.h:26,
                 from /home/ec2-user/arduino-testlib/cli-datadir/user/libraries/Seeed_Arduino_rpcWiFi/src/HTTPClient.h:36,
                 from /home/ec2-user/arduino-testlib/cli-datadir/user/libraries/Algoduino/Algoduino.cpp:19:
/home/ec2-user/arduino-testlib/cli-datadir/user/libraries/Seeed_Arduino_rpcUnified/src/esp/esp_event.h:19:10: fatal error: Seeed_Arduino_FreeRTOS.h: No such file or directory
 #include &#34;Seeed_Arduino_FreeRTOS.h&#34;
          ^~~~~~~~~~~~~~~~~~~~~~~~~~
compilation terminated.
Multiple libraries were found for &#34;ArduinoJson.h&#34;
  Used: /home/ec2-user/arduino-testlib/cli-datadir/user/libraries/ArduinoJson
  Not used: /home/ec2-user/arduino-testlib/cli-datadir/user/libraries/CMMC_MQTT_Connector
  Not used: /home/ec2-user/arduino-testlib/cli-datadir/user/libraries/CoogleIOT
  Not used: /home/ec2-user/arduino-testlib/cli-datadir/user/libraries/Antares_ESP8266_MQTT
  Not used: /home/ec2-user/arduino-testlib/cli-datadir/user/libraries/ThingESP
  Not used: /home/ec2-user/arduino-testlib/cli-datadir/user/libraries/ThingsIoT
  Not used: /home/ec2-user/arduino-testlib/cli-datadir/user/libraries/AllThingsTalk_LTE-M_SDK
  Not used: /home/ec2-user/arduino-testlib/cli-datadir/user/libraries/Antares_ESP8266_HTTP
  Not used: /home/ec2-user/arduino-testlib/cli-datadir/user/libraries/BaleMessengerBot_Arduino
Multiple libraries were found for &#34;WiFi.h&#34;
  Used: /home/ec2-user/arduino-testlib/cli-datadir/user/libraries/WiFi
  Not used: /home/ec2-user/arduino-testlib/cli-datadir/user/libraries/Seeed_Arduino_rpcWiFi
  Not used: /home/ec2-user/arduino-testlib/cli-datadir/user/libraries/WiFiEspAT
  Not used: /home/ec2-user/arduino-testlib/cli-datadir/user/libraries/WiFiNINA
Multiple libraries were found for &#34;FreeRTOS.h&#34;
  Used: /home/ec2-user/arduino-testlib/cli-datadir/user/libraries/FreeRTOS
  Not used: /home/ec2-user/arduino-testlib/cli-datadir/user/libraries/STM32duino_FreeRTOS
  Not used: /home/ec2-user/arduino-testlib/cli-datadir/user/libraries/ESP32_BLE_Arduino
  Not used: /home/ec2-user/arduino-testlib/cli-datadir/user/libraries/FreeRTOS_SAMD51
  Not used: /home/ec2-user/arduino-testlib/cli-datadir/user/libraries/FreeRTOS_SAMD21
</pre>
					
					<h4>examples/getTransactionInformation</h4>
					<p>
						Result: <b>FAIL</b>
					</p>
					<pre class="pre-scrollable">In file included from /home/ec2-user/arduino-testlib/cli-datadir/user/libraries/Seeed_Arduino_rpcUnified/src/erpc/erpc_threading.h:23:0,
                 from /home/ec2-user/arduino-testlib/cli-datadir/user/libraries/Seeed_Arduino_rpcUnified/src/erpc/erpc_client_manager.h:21,
                 from /home/ec2-user/arduino-testlib/cli-datadir/user/libraries/Seeed_Arduino_rpcUnified/src/erpc/erpc_server.h:16,
                 from /home/ec2-user/arduino-testlib/cli-datadir/user/libraries/Seeed_Arduino_rpcUnified/src/erpc/rpc_ble_callback_server.h:12,
                 from /home/ec2-user/arduino-testlib/cli-datadir/user/libraries/Seeed_Arduino_rpcUnified/src/erpc/erpc_shim_unified.h:7,
                 from /home/ec2-user/arduino-testlib/cli-datadir/user/libraries/Seeed_Arduino_rpcUnified/src/seeed_rpcUnified.h:10,
                 from /home/ec2-user/arduino-testlib/cli-datadir/user/libraries/Seeed_Arduino_rpcWiFi/src/WiFiClientSecure.h:26,
                 from /home/ec2-user/arduino-testlib/cli-datadir/user/libraries/Seeed_Arduino_rpcWiFi/src/HTTPClient.h:36,
                 from /home/ec2-user/arduino-testlib/cli-datadir/user/libraries/Algoduino/Algoduino.cpp:19:
/home/ec2-user/arduino-testlib/cli-datadir/user/libraries/FreeRTOS/src/semphr.h:33:6: error: #error &#34;include Arduino_FreeRTOS.h&#34; must appear in source files before &#34;include semphr.h&#34;
     #error &#34;include Arduino_FreeRTOS.h&#34; must appear in source files before &#34;include semphr.h&#34;
      ^~~~~
In file included from /home/ec2-user/arduino-testlib/cli-datadir/user/libraries/FreeRTOS/src/semphr.h:36:0,
                 from /home/ec2-user/arduino-testlib/cli-datadir/user/libraries/Seeed_Arduino_rpcUnified/src/erpc/erpc_threading.h:23,
                 from /home/ec2-user/arduino-testlib/cli-datadir/user/libraries/Seeed_Arduino_rpcUnified/src/erpc/erpc_client_manager.h:21,
                 from /home/ec2-user/arduino-testlib/cli-datadir/user/libraries/Seeed_Arduino_rpcUnified/src/erpc/erpc_server.h:16,
                 from /home/ec2-user/arduino-testlib/cli-datadir/user/libraries/Seeed_Arduino_rpcUnified/src/erpc/rpc_ble_callback_server.h:12,
                 from /home/ec2-user/arduino-testlib/cli-datadir/user/libraries/Seeed_Arduino_rpcUnified/src/erpc/erpc_shim_unified.h:7,
                 from /home/ec2-user/arduino-testlib/cli-datadir/user/libraries/Seeed_Arduino_rpcUnified/src/seeed_rpcUnified.h:10,
                 from /home/ec2-user/arduino-testlib/cli-datadir/user/libraries/Seeed_Arduino_rpcWiFi/src/WiFiClientSecure.h:26,
                 from /home/ec2-user/arduino-testlib/cli-datadir/user/libraries/Seeed_Arduino_rpcWiFi/src/HTTPClient.h:36,
                 from /home/ec2-user/arduino-testlib/cli-datadir/user/libraries/Algoduino/Algoduino.cpp:19:
/home/ec2-user/arduino-testlib/cli-datadir/user/libraries/FreeRTOS/src/queue.h:34:6: error: #error &#34;include Arduino_FreeRTOS.h&#34; must appear in source files before &#34;include queue.h&#34;
     #error &#34;include Arduino_FreeRTOS.h&#34; must appear in source files before &#34;include queue.h&#34;
      ^~~~~
In file included from /home/ec2-user/arduino-testlib/cli-datadir/user/libraries/FreeRTOS/src/queue.h:43:0,
                 from /home/ec2-user/arduino-testlib/cli-datadir/user/libraries/FreeRTOS/src/semphr.h:36,
                 from /home/ec2-user/arduino-testlib/cli-datadir/user/libraries/Seeed_Arduino_rpcUnified/src/erpc/erpc_threading.h:23,
                 from /home/ec2-user/arduino-testlib/cli-datadir/user/libraries/Seeed_Arduino_rpcUnified/src/erpc/erpc_client_manager.h:21,
                 from /home/ec2-user/arduino-testlib/cli-datadir/user/libraries/Seeed_Arduino_rpcUnified/src/erpc/erpc_server.h:16,
                 from /home/ec2-user/arduino-testlib/cli-datadir/user/libraries/Seeed_Arduino_rpcUnified/src/erpc/rpc_ble_callback_server.h:12,
                 from /home/ec2-user/arduino-testlib/cli-datadir/user/libraries/Seeed_Arduino_rpcUnified/src/erpc/erpc_shim_unified.h:7,
                 from /home/ec2-user/arduino-testlib/cli-datadir/user/libraries/Seeed_Arduino_rpcUnified/src/seeed_rpcUnified.h:10,
                 from /home/ec2-user/arduino-testlib/cli-datadir/user/libraries/Seeed_Arduino_rpcWiFi/src/WiFiClientSecure.h:26,
                 from /home/ec2-user/arduino-testlib/cli-datadir/user/libraries/Seeed_Arduino_rpcWiFi/src/HTTPClient.h:36,
                 from /home/ec2-user/arduino-testlib/cli-datadir/user/libraries/Algoduino/Algoduino.cpp:19:
/home/ec2-user/arduino-testlib/cli-datadir/user/libraries/FreeRTOS/src/task.h:34:6: error: #error &#34;include Arduino_FreeRTOS.h must appear in source files before include task.h&#34;
     #error &#34;include Arduino_FreeRTOS.h must appear in source files before include task.h&#34;
      ^~~~~
In file included from /home/ec2-user/arduino-testlib/cli-datadir/user/libraries/FreeRTOS/src/task.h:37:0,
                 from /home/ec2-user/arduino-testlib/cli-datadir/user/libraries/FreeRTOS/src/queue.h:43,
                 from /home/ec2-user/arduino-testlib/cli-datadir/user/libraries/FreeRTOS/src/semphr.h:36,
                 from /home/ec2-user/arduino-testlib/cli-datadir/user/libraries/Seeed_Arduino_rpcUnified/src/erpc/erpc_threading.h:23,
                 from /home/ec2-user/arduino-testlib/cli-datadir/user/libraries/Seeed_Arduino_rpcUnified/src/erpc/erpc_client_manager.h:21,
                 from /home/ec2-user/arduino-testlib/cli-datadir/user/libraries/Seeed_Arduino_rpcUnified/src/erpc/erpc_server.h:16,
                 from /home/ec2-user/arduino-testlib/cli-datadir/user/libraries/Seeed_Arduino_rpcUnified/src/erpc/rpc_ble_callback_server.h:12,
                 from /home/ec2-user/arduino-testlib/cli-datadir/user/libraries/Seeed_Arduino_rpcUnified/src/erpc/erpc_shim_unified.h:7,
                 from /home/ec2-user/arduino-testlib/cli-datadir/user/libraries/Seeed_Arduino_rpcUnified/src/seeed_rpcUnified.h:10,
                 from /home/ec2-user/arduino-testlib/cli-datadir/user/libraries/Seeed_Arduino_rpcWiFi/src/WiFiClientSecure.h:26,
                 from /home/ec2-user/arduino-testlib/cli-datadir/user/libraries/Seeed_Arduino_rpcWiFi/src/HTTPClient.h:36,
                 from /home/ec2-user/arduino-testlib/cli-datadir/user/libraries/Algoduino/Algoduino.cpp:19:
/home/ec2-user/arduino-testlib/cli-datadir/user/libraries/FreeRTOS/src/list.h:62:6: error: #error &#34;Arduino_FreeRTOS.h must be included before list.h&#34;
     #error &#34;Arduino_FreeRTOS.h must be included before list.h&#34;
      ^~~~~
In file included from /home/ec2-user/arduino-testlib/cli-datadir/user/libraries/Seeed_Arduino_rpcUnified/src/esp/esp_event_loop.h:22:0,
                 from /home/ec2-user/arduino-testlib/cli-datadir/user/libraries/Seeed_Arduino_rpcUnified/src/esp/esp_lib_unified.h:12,
                 from /home/ec2-user/arduino-testlib/cli-datadir/user/libraries/Seeed_Arduino_rpcUnified/src/seeed_rpcUnified.h:11,
                 from /home/ec2-user/arduino-testlib/cli-datadir/user/libraries/Seeed_Arduino_rpcWiFi/src/WiFiClientSecure.h:26,
                 from /home/ec2-user/arduino-testlib/cli-datadir/user/libraries/Seeed_Arduino_rpcWiFi/src/HTTPClient.h:36,
                 from /home/ec2-user/arduino-testlib/cli-datadir/user/libraries/Algoduino/Algoduino.cpp:19:
/home/ec2-user/arduino-testlib/cli-datadir/user/libraries/Seeed_Arduino_rpcUnified/src/esp/esp_event.h:19:10: fatal error: Seeed_Arduino_FreeRTOS.h: No such file or directory
 #include &#34;Seeed_Arduino_FreeRTOS.h&#34;
          ^~~~~~~~~~~~~~~~~~~~~~~~~~
compilation terminated.
Multiple libraries were found for &#34;ArduinoJson.h&#34;
  Used: /home/ec2-user/arduino-testlib/cli-datadir/user/libraries/ArduinoJson
  Not used: /home/ec2-user/arduino-testlib/cli-datadir/user/libraries/Antares_ESP8266_MQTT
  Not used: /home/ec2-user/arduino-testlib/cli-datadir/user/libraries/Antares_ESP8266_HTTP
  Not used: /home/ec2-user/arduino-testlib/cli-datadir/user/libraries/AllThingsTalk_LTE-M_SDK
  Not used: /home/ec2-user/arduino-testlib/cli-datadir/user/libraries/CoogleIOT
  Not used: /home/ec2-user/arduino-testlib/cli-datadir/user/libraries/ThingsIoT
  Not used: /home/ec2-user/arduino-testlib/cli-datadir/user/libraries/CMMC_MQTT_Connector
  Not used: /home/ec2-user/arduino-testlib/cli-datadir/user/libraries/BaleMessengerBot_Arduino
  Not used: /home/ec2-user/arduino-testlib/cli-datadir/user/libraries/ThingESP
Multiple libraries were found for &#34;WiFi.h&#34;
  Used: /home/ec2-user/arduino-testlib/cli-datadir/user/libraries/WiFi
  Not used: /home/ec2-user/arduino-testlib/cli-datadir/user/libraries/WiFiEspAT
  Not used: /home/ec2-user/arduino-testlib/cli-datadir/user/libraries/WiFiNINA
  Not used: /home/ec2-user/arduino-testlib/cli-datadir/user/libraries/Seeed_Arduino_rpcWiFi
Multiple libraries were found for &#34;FreeRTOS.h&#34;
  Used: /home/ec2-user/arduino-testlib/cli-datadir/user/libraries/FreeRTOS
  Not used: /home/ec2-user/arduino-testlib/cli-datadir/user/libraries/FreeRTOS_SAMD21
  Not used: /home/ec2-user/arduino-testlib/cli-datadir/user/libraries/FreeRTOS_SAMD51
  Not used: /home/ec2-user/arduino-testlib/cli-datadir/user/libraries/ESP32_BLE_Arduino
  Not used: /home/ec2-user/arduino-testlib/cli-datadir/user/libraries/STM32duino_FreeRTOS
</pre>
					
					<h4>examples/getTransactionParams</h4>
					<p>
						Result: <b>FAIL</b>
					</p>
					<pre class="pre-scrollable">In file included from /home/ec2-user/arduino-testlib/cli-datadir/user/libraries/Seeed_Arduino_rpcUnified/src/erpc/erpc_threading.h:23:0,
                 from /home/ec2-user/arduino-testlib/cli-datadir/user/libraries/Seeed_Arduino_rpcUnified/src/erpc/erpc_client_manager.h:21,
                 from /home/ec2-user/arduino-testlib/cli-datadir/user/libraries/Seeed_Arduino_rpcUnified/src/erpc/erpc_server.h:16,
                 from /home/ec2-user/arduino-testlib/cli-datadir/user/libraries/Seeed_Arduino_rpcUnified/src/erpc/rpc_ble_callback_server.h:12,
                 from /home/ec2-user/arduino-testlib/cli-datadir/user/libraries/Seeed_Arduino_rpcUnified/src/erpc/erpc_shim_unified.h:7,
                 from /home/ec2-user/arduino-testlib/cli-datadir/user/libraries/Seeed_Arduino_rpcUnified/src/seeed_rpcUnified.h:10,
                 from /home/ec2-user/arduino-testlib/cli-datadir/user/libraries/Seeed_Arduino_rpcWiFi/src/WiFiClientSecure.h:26,
                 from /home/ec2-user/arduino-testlib/cli-datadir/user/libraries/Seeed_Arduino_rpcWiFi/src/HTTPClient.h:36,
                 from /home/ec2-user/arduino-testlib/cli-datadir/user/libraries/Algoduino/Algoduino.cpp:19:
/home/ec2-user/arduino-testlib/cli-datadir/user/libraries/FreeRTOS/src/semphr.h:33:6: error: #error &#34;include Arduino_FreeRTOS.h&#34; must appear in source files before &#34;include semphr.h&#34;
     #error &#34;include Arduino_FreeRTOS.h&#34; must appear in source files before &#34;include semphr.h&#34;
      ^~~~~
In file included from /home/ec2-user/arduino-testlib/cli-datadir/user/libraries/FreeRTOS/src/semphr.h:36:0,
                 from /home/ec2-user/arduino-testlib/cli-datadir/user/libraries/Seeed_Arduino_rpcUnified/src/erpc/erpc_threading.h:23,
                 from /home/ec2-user/arduino-testlib/cli-datadir/user/libraries/Seeed_Arduino_rpcUnified/src/erpc/erpc_client_manager.h:21,
                 from /home/ec2-user/arduino-testlib/cli-datadir/user/libraries/Seeed_Arduino_rpcUnified/src/erpc/erpc_server.h:16,
                 from /home/ec2-user/arduino-testlib/cli-datadir/user/libraries/Seeed_Arduino_rpcUnified/src/erpc/rpc_ble_callback_server.h:12,
                 from /home/ec2-user/arduino-testlib/cli-datadir/user/libraries/Seeed_Arduino_rpcUnified/src/erpc/erpc_shim_unified.h:7,
                 from /home/ec2-user/arduino-testlib/cli-datadir/user/libraries/Seeed_Arduino_rpcUnified/src/seeed_rpcUnified.h:10,
                 from /home/ec2-user/arduino-testlib/cli-datadir/user/libraries/Seeed_Arduino_rpcWiFi/src/WiFiClientSecure.h:26,
                 from /home/ec2-user/arduino-testlib/cli-datadir/user/libraries/Seeed_Arduino_rpcWiFi/src/HTTPClient.h:36,
                 from /home/ec2-user/arduino-testlib/cli-datadir/user/libraries/Algoduino/Algoduino.cpp:19:
/home/ec2-user/arduino-testlib/cli-datadir/user/libraries/FreeRTOS/src/queue.h:34:6: error: #error &#34;include Arduino_FreeRTOS.h&#34; must appear in source files before &#34;include queue.h&#34;
     #error &#34;include Arduino_FreeRTOS.h&#34; must appear in source files before &#34;include queue.h&#34;
      ^~~~~
In file included from /home/ec2-user/arduino-testlib/cli-datadir/user/libraries/FreeRTOS/src/queue.h:43:0,
                 from /home/ec2-user/arduino-testlib/cli-datadir/user/libraries/FreeRTOS/src/semphr.h:36,
                 from /home/ec2-user/arduino-testlib/cli-datadir/user/libraries/Seeed_Arduino_rpcUnified/src/erpc/erpc_threading.h:23,
                 from /home/ec2-user/arduino-testlib/cli-datadir/user/libraries/Seeed_Arduino_rpcUnified/src/erpc/erpc_client_manager.h:21,
                 from /home/ec2-user/arduino-testlib/cli-datadir/user/libraries/Seeed_Arduino_rpcUnified/src/erpc/erpc_server.h:16,
                 from /home/ec2-user/arduino-testlib/cli-datadir/user/libraries/Seeed_Arduino_rpcUnified/src/erpc/rpc_ble_callback_server.h:12,
                 from /home/ec2-user/arduino-testlib/cli-datadir/user/libraries/Seeed_Arduino_rpcUnified/src/erpc/erpc_shim_unified.h:7,
                 from /home/ec2-user/arduino-testlib/cli-datadir/user/libraries/Seeed_Arduino_rpcUnified/src/seeed_rpcUnified.h:10,
                 from /home/ec2-user/arduino-testlib/cli-datadir/user/libraries/Seeed_Arduino_rpcWiFi/src/WiFiClientSecure.h:26,
                 from /home/ec2-user/arduino-testlib/cli-datadir/user/libraries/Seeed_Arduino_rpcWiFi/src/HTTPClient.h:36,
                 from /home/ec2-user/arduino-testlib/cli-datadir/user/libraries/Algoduino/Algoduino.cpp:19:
/home/ec2-user/arduino-testlib/cli-datadir/user/libraries/FreeRTOS/src/task.h:34:6: error: #error &#34;include Arduino_FreeRTOS.h must appear in source files before include task.h&#34;
     #error &#34;include Arduino_FreeRTOS.h must appear in source files before include task.h&#34;
      ^~~~~
In file included from /home/ec2-user/arduino-testlib/cli-datadir/user/libraries/FreeRTOS/src/task.h:37:0,
                 from /home/ec2-user/arduino-testlib/cli-datadir/user/libraries/FreeRTOS/src/queue.h:43,
                 from /home/ec2-user/arduino-testlib/cli-datadir/user/libraries/FreeRTOS/src/semphr.h:36,
                 from /home/ec2-user/arduino-testlib/cli-datadir/user/libraries/Seeed_Arduino_rpcUnified/src/erpc/erpc_threading.h:23,
                 from /home/ec2-user/arduino-testlib/cli-datadir/user/libraries/Seeed_Arduino_rpcUnified/src/erpc/erpc_client_manager.h:21,
                 from /home/ec2-user/arduino-testlib/cli-datadir/user/libraries/Seeed_Arduino_rpcUnified/src/erpc/erpc_server.h:16,
                 from /home/ec2-user/arduino-testlib/cli-datadir/user/libraries/Seeed_Arduino_rpcUnified/src/erpc/rpc_ble_callback_server.h:12,
                 from /home/ec2-user/arduino-testlib/cli-datadir/user/libraries/Seeed_Arduino_rpcUnified/src/erpc/erpc_shim_unified.h:7,
                 from /home/ec2-user/arduino-testlib/cli-datadir/user/libraries/Seeed_Arduino_rpcUnified/src/seeed_rpcUnified.h:10,
                 from /home/ec2-user/arduino-testlib/cli-datadir/user/libraries/Seeed_Arduino_rpcWiFi/src/WiFiClientSecure.h:26,
                 from /home/ec2-user/arduino-testlib/cli-datadir/user/libraries/Seeed_Arduino_rpcWiFi/src/HTTPClient.h:36,
                 from /home/ec2-user/arduino-testlib/cli-datadir/user/libraries/Algoduino/Algoduino.cpp:19:
/home/ec2-user/arduino-testlib/cli-datadir/user/libraries/FreeRTOS/src/list.h:62:6: error: #error &#34;Arduino_FreeRTOS.h must be included before list.h&#34;
     #error &#34;Arduino_FreeRTOS.h must be included before list.h&#34;
      ^~~~~
In file included from /home/ec2-user/arduino-testlib/cli-datadir/user/libraries/Seeed_Arduino_rpcUnified/src/esp/esp_event_loop.h:22:0,
                 from /home/ec2-user/arduino-testlib/cli-datadir/user/libraries/Seeed_Arduino_rpcUnified/src/esp/esp_lib_unified.h:12,
                 from /home/ec2-user/arduino-testlib/cli-datadir/user/libraries/Seeed_Arduino_rpcUnified/src/seeed_rpcUnified.h:11,
                 from /home/ec2-user/arduino-testlib/cli-datadir/user/libraries/Seeed_Arduino_rpcWiFi/src/WiFiClientSecure.h:26,
                 from /home/ec2-user/arduino-testlib/cli-datadir/user/libraries/Seeed_Arduino_rpcWiFi/src/HTTPClient.h:36,
                 from /home/ec2-user/arduino-testlib/cli-datadir/user/libraries/Algoduino/Algoduino.cpp:19:
/home/ec2-user/arduino-testlib/cli-datadir/user/libraries/Seeed_Arduino_rpcUnified/src/esp/esp_event.h:19:10: fatal error: Seeed_Arduino_FreeRTOS.h: No such file or directory
 #include &#34;Seeed_Arduino_FreeRTOS.h&#34;
          ^~~~~~~~~~~~~~~~~~~~~~~~~~
compilation terminated.
Multiple libraries were found for &#34;FreeRTOS.h&#34;
  Used: /home/ec2-user/arduino-testlib/cli-datadir/user/libraries/FreeRTOS
  Not used: /home/ec2-user/arduino-testlib/cli-datadir/user/libraries/FreeRTOS_SAMD21
  Not used: /home/ec2-user/arduino-testlib/cli-datadir/user/libraries/FreeRTOS_SAMD51
  Not used: /home/ec2-user/arduino-testlib/cli-datadir/user/libraries/ESP32_BLE_Arduino
  Not used: /home/ec2-user/arduino-testlib/cli-datadir/user/libraries/STM32duino_FreeRTOS
Multiple libraries were found for &#34;ArduinoJson.h&#34;
  Used: /home/ec2-user/arduino-testlib/cli-datadir/user/libraries/ArduinoJson
  Not used: /home/ec2-user/arduino-testlib/cli-datadir/user/libraries/AllThingsTalk_LTE-M_SDK
  Not used: /home/ec2-user/arduino-testlib/cli-datadir/user/libraries/Antares_ESP8266_MQTT
  Not used: /home/ec2-user/arduino-testlib/cli-datadir/user/libraries/CMMC_MQTT_Connector
  Not used: /home/ec2-user/arduino-testlib/cli-datadir/user/libraries/ThingESP
  Not used: /home/ec2-user/arduino-testlib/cli-datadir/user/libraries/Antares_ESP8266_HTTP
  Not used: /home/ec2-user/arduino-testlib/cli-datadir/user/libraries/BaleMessengerBot_Arduino
  Not used: /home/ec2-user/arduino-testlib/cli-datadir/user/libraries/ThingsIoT
  Not used: /home/ec2-user/arduino-testlib/cli-datadir/user/libraries/CoogleIOT
Multiple libraries were found for &#34;WiFi.h&#34;
  Used: /home/ec2-user/arduino-testlib/cli-datadir/user/libraries/WiFi
  Not used: /home/ec2-user/arduino-testlib/cli-datadir/user/libraries/Seeed_Arduino_rpcWiFi
  Not used: /home/ec2-user/arduino-testlib/cli-datadir/user/libraries/WiFiNINA
  Not used: /home/ec2-user/arduino-testlib/cli-datadir/user/libraries/WiFiEspAT
</pre>
					
					<h4>examples/getVersions</h4>
					<p>
						Result: <b>FAIL</b>
					</p>
					<pre class="pre-scrollable">In file included from /home/ec2-user/arduino-testlib/cli-datadir/user/libraries/Seeed_Arduino_rpcUnified/src/erpc/erpc_threading.h:23:0,
                 from /home/ec2-user/arduino-testlib/cli-datadir/user/libraries/Seeed_Arduino_rpcUnified/src/erpc/erpc_client_manager.h:21,
                 from /home/ec2-user/arduino-testlib/cli-datadir/user/libraries/Seeed_Arduino_rpcUnified/src/erpc/erpc_server.h:16,
                 from /home/ec2-user/arduino-testlib/cli-datadir/user/libraries/Seeed_Arduino_rpcUnified/src/erpc/rpc_ble_callback_server.h:12,
                 from /home/ec2-user/arduino-testlib/cli-datadir/user/libraries/Seeed_Arduino_rpcUnified/src/erpc/erpc_shim_unified.h:7,
                 from /home/ec2-user/arduino-testlib/cli-datadir/user/libraries/Seeed_Arduino_rpcUnified/src/seeed_rpcUnified.h:10,
                 from /home/ec2-user/arduino-testlib/cli-datadir/user/libraries/Seeed_Arduino_rpcWiFi/src/WiFiClientSecure.h:26,
                 from /home/ec2-user/arduino-testlib/cli-datadir/user/libraries/Seeed_Arduino_rpcWiFi/src/HTTPClient.h:36,
                 from /home/ec2-user/arduino-testlib/cli-datadir/user/libraries/Algoduino/Algoduino.cpp:19:
/home/ec2-user/arduino-testlib/cli-datadir/user/libraries/FreeRTOS/src/semphr.h:33:6: error: #error &#34;include Arduino_FreeRTOS.h&#34; must appear in source files before &#34;include semphr.h&#34;
     #error &#34;include Arduino_FreeRTOS.h&#34; must appear in source files before &#34;include semphr.h&#34;
      ^~~~~
In file included from /home/ec2-user/arduino-testlib/cli-datadir/user/libraries/FreeRTOS/src/semphr.h:36:0,
                 from /home/ec2-user/arduino-testlib/cli-datadir/user/libraries/Seeed_Arduino_rpcUnified/src/erpc/erpc_threading.h:23,
                 from /home/ec2-user/arduino-testlib/cli-datadir/user/libraries/Seeed_Arduino_rpcUnified/src/erpc/erpc_client_manager.h:21,
                 from /home/ec2-user/arduino-testlib/cli-datadir/user/libraries/Seeed_Arduino_rpcUnified/src/erpc/erpc_server.h:16,
                 from /home/ec2-user/arduino-testlib/cli-datadir/user/libraries/Seeed_Arduino_rpcUnified/src/erpc/rpc_ble_callback_server.h:12,
                 from /home/ec2-user/arduino-testlib/cli-datadir/user/libraries/Seeed_Arduino_rpcUnified/src/erpc/erpc_shim_unified.h:7,
                 from /home/ec2-user/arduino-testlib/cli-datadir/user/libraries/Seeed_Arduino_rpcUnified/src/seeed_rpcUnified.h:10,
                 from /home/ec2-user/arduino-testlib/cli-datadir/user/libraries/Seeed_Arduino_rpcWiFi/src/WiFiClientSecure.h:26,
                 from /home/ec2-user/arduino-testlib/cli-datadir/user/libraries/Seeed_Arduino_rpcWiFi/src/HTTPClient.h:36,
                 from /home/ec2-user/arduino-testlib/cli-datadir/user/libraries/Algoduino/Algoduino.cpp:19:
/home/ec2-user/arduino-testlib/cli-datadir/user/libraries/FreeRTOS/src/queue.h:34:6: error: #error &#34;include Arduino_FreeRTOS.h&#34; must appear in source files before &#34;include queue.h&#34;
     #error &#34;include Arduino_FreeRTOS.h&#34; must appear in source files before &#34;include queue.h&#34;
      ^~~~~
In file included from /home/ec2-user/arduino-testlib/cli-datadir/user/libraries/FreeRTOS/src/queue.h:43:0,
                 from /home/ec2-user/arduino-testlib/cli-datadir/user/libraries/FreeRTOS/src/semphr.h:36,
                 from /home/ec2-user/arduino-testlib/cli-datadir/user/libraries/Seeed_Arduino_rpcUnified/src/erpc/erpc_threading.h:23,
                 from /home/ec2-user/arduino-testlib/cli-datadir/user/libraries/Seeed_Arduino_rpcUnified/src/erpc/erpc_client_manager.h:21,
                 from /home/ec2-user/arduino-testlib/cli-datadir/user/libraries/Seeed_Arduino_rpcUnified/src/erpc/erpc_server.h:16,
                 from /home/ec2-user/arduino-testlib/cli-datadir/user/libraries/Seeed_Arduino_rpcUnified/src/erpc/rpc_ble_callback_server.h:12,
                 from /home/ec2-user/arduino-testlib/cli-datadir/user/libraries/Seeed_Arduino_rpcUnified/src/erpc/erpc_shim_unified.h:7,
                 from /home/ec2-user/arduino-testlib/cli-datadir/user/libraries/Seeed_Arduino_rpcUnified/src/seeed_rpcUnified.h:10,
                 from /home/ec2-user/arduino-testlib/cli-datadir/user/libraries/Seeed_Arduino_rpcWiFi/src/WiFiClientSecure.h:26,
                 from /home/ec2-user/arduino-testlib/cli-datadir/user/libraries/Seeed_Arduino_rpcWiFi/src/HTTPClient.h:36,
                 from /home/ec2-user/arduino-testlib/cli-datadir/user/libraries/Algoduino/Algoduino.cpp:19:
/home/ec2-user/arduino-testlib/cli-datadir/user/libraries/FreeRTOS/src/task.h:34:6: error: #error &#34;include Arduino_FreeRTOS.h must appear in source files before include task.h&#34;
     #error &#34;include Arduino_FreeRTOS.h must appear in source files before include task.h&#34;
      ^~~~~
In file included from /home/ec2-user/arduino-testlib/cli-datadir/user/libraries/FreeRTOS/src/task.h:37:0,
                 from /home/ec2-user/arduino-testlib/cli-datadir/user/libraries/FreeRTOS/src/queue.h:43,
                 from /home/ec2-user/arduino-testlib/cli-datadir/user/libraries/FreeRTOS/src/semphr.h:36,
                 from /home/ec2-user/arduino-testlib/cli-datadir/user/libraries/Seeed_Arduino_rpcUnified/src/erpc/erpc_threading.h:23,
                 from /home/ec2-user/arduino-testlib/cli-datadir/user/libraries/Seeed_Arduino_rpcUnified/src/erpc/erpc_client_manager.h:21,
                 from /home/ec2-user/arduino-testlib/cli-datadir/user/libraries/Seeed_Arduino_rpcUnified/src/erpc/erpc_server.h:16,
                 from /home/ec2-user/arduino-testlib/cli-datadir/user/libraries/Seeed_Arduino_rpcUnified/src/erpc/rpc_ble_callback_server.h:12,
                 from /home/ec2-user/arduino-testlib/cli-datadir/user/libraries/Seeed_Arduino_rpcUnified/src/erpc/erpc_shim_unified.h:7,
                 from /home/ec2-user/arduino-testlib/cli-datadir/user/libraries/Seeed_Arduino_rpcUnified/src/seeed_rpcUnified.h:10,
                 from /home/ec2-user/arduino-testlib/cli-datadir/user/libraries/Seeed_Arduino_rpcWiFi/src/WiFiClientSecure.h:26,
                 from /home/ec2-user/arduino-testlib/cli-datadir/user/libraries/Seeed_Arduino_rpcWiFi/src/HTTPClient.h:36,
                 from /home/ec2-user/arduino-testlib/cli-datadir/user/libraries/Algoduino/Algoduino.cpp:19:
/home/ec2-user/arduino-testlib/cli-datadir/user/libraries/FreeRTOS/src/list.h:62:6: error: #error &#34;Arduino_FreeRTOS.h must be included before list.h&#34;
     #error &#34;Arduino_FreeRTOS.h must be included before list.h&#34;
      ^~~~~
In file included from /home/ec2-user/arduino-testlib/cli-datadir/user/libraries/Seeed_Arduino_rpcUnified/src/esp/esp_event_loop.h:22:0,
                 from /home/ec2-user/arduino-testlib/cli-datadir/user/libraries/Seeed_Arduino_rpcUnified/src/esp/esp_lib_unified.h:12,
                 from /home/ec2-user/arduino-testlib/cli-datadir/user/libraries/Seeed_Arduino_rpcUnified/src/seeed_rpcUnified.h:11,
                 from /home/ec2-user/arduino-testlib/cli-datadir/user/libraries/Seeed_Arduino_rpcWiFi/src/WiFiClientSecure.h:26,
                 from /home/ec2-user/arduino-testlib/cli-datadir/user/libraries/Seeed_Arduino_rpcWiFi/src/HTTPClient.h:36,
                 from /home/ec2-user/arduino-testlib/cli-datadir/user/libraries/Algoduino/Algoduino.cpp:19:
/home/ec2-user/arduino-testlib/cli-datadir/user/libraries/Seeed_Arduino_rpcUnified/src/esp/esp_event.h:19:10: fatal error: Seeed_Arduino_FreeRTOS.h: No such file or directory
 #include &#34;Seeed_Arduino_FreeRTOS.h&#34;
          ^~~~~~~~~~~~~~~~~~~~~~~~~~
compilation terminated.
Multiple libraries were found for &#34;FreeRTOS.h&#34;
  Used: /home/ec2-user/arduino-testlib/cli-datadir/user/libraries/FreeRTOS
  Not used: /home/ec2-user/arduino-testlib/cli-datadir/user/libraries/FreeRTOS_SAMD21
  Not used: /home/ec2-user/arduino-testlib/cli-datadir/user/libraries/STM32duino_FreeRTOS
  Not used: /home/ec2-user/arduino-testlib/cli-datadir/user/libraries/ESP32_BLE_Arduino
  Not used: /home/ec2-user/arduino-testlib/cli-datadir/user/libraries/FreeRTOS_SAMD51
Multiple libraries were found for &#34;ArduinoJson.h&#34;
  Used: /home/ec2-user/arduino-testlib/cli-datadir/user/libraries/ArduinoJson
  Not used: /home/ec2-user/arduino-testlib/cli-datadir/user/libraries/ThingESP
  Not used: /home/ec2-user/arduino-testlib/cli-datadir/user/libraries/CoogleIOT
  Not used: /home/ec2-user/arduino-testlib/cli-datadir/user/libraries/Antares_ESP8266_HTTP
  Not used: /home/ec2-user/arduino-testlib/cli-datadir/user/libraries/AllThingsTalk_LTE-M_SDK
  Not used: /home/ec2-user/arduino-testlib/cli-datadir/user/libraries/CMMC_MQTT_Connector
  Not used: /home/ec2-user/arduino-testlib/cli-datadir/user/libraries/BaleMessengerBot_Arduino
  Not used: /home/ec2-user/arduino-testlib/cli-datadir/user/libraries/Antares_ESP8266_MQTT
  Not used: /home/ec2-user/arduino-testlib/cli-datadir/user/libraries/ThingsIoT
Multiple libraries were found for &#34;WiFi.h&#34;
  Used: /home/ec2-user/arduino-testlib/cli-datadir/user/libraries/WiFi
  Not used: /home/ec2-user/arduino-testlib/cli-datadir/user/libraries/Seeed_Arduino_rpcWiFi
  Not used: /home/ec2-user/arduino-testlib/cli-datadir/user/libraries/WiFiNINA
  Not used: /home/ec2-user/arduino-testlib/cli-datadir/user/libraries/WiFiEspAT
</pre>
					
				
				<h3 id="arduino:megaavr:nona4809">arduino:megaavr:nona4809 @ 1.8.7</h3>
				<h4>Inclusion</h4>
				<p>
					Result: <b>FAIL</b>
					
				</p>
				<pre class="pre-scrollable">In file included from /home/ec2-user/arduino-testlib/cli-datadir/user/libraries/Algoduino/Algoduino.cpp:19:0:
/home/ec2-user/arduino-testlib/cli-datadir/user/libraries/Seeed_Arduino_rpcWiFi/src/HTTPClient.h:32:10: fatal error: memory: No such file or directory
 #include &lt;memory&gt;
          ^~~~~~~~
compilation terminated.
Multiple libraries were found for &#34;ArduinoJson.h&#34;
  Used: /home/ec2-user/arduino-testlib/cli-datadir/user/libraries/ArduinoJson
  Not used: /home/ec2-user/arduino-testlib/cli-datadir/user/libraries/BaleMessengerBot_Arduino
  Not used: /home/ec2-user/arduino-testlib/cli-datadir/user/libraries/ThingsIoT
  Not used: /home/ec2-user/arduino-testlib/cli-datadir/user/libraries/Antares_ESP8266_HTTP
  Not used: /home/ec2-user/arduino-testlib/cli-datadir/user/libraries/AllThingsTalk_LTE-M_SDK
  Not used: /home/ec2-user/arduino-testlib/cli-datadir/user/libraries/Antares_ESP8266_MQTT
  Not used: /home/ec2-user/arduino-testlib/cli-datadir/user/libraries/ThingESP
  Not used: /home/ec2-user/arduino-testlib/cli-datadir/user/libraries/CMMC_MQTT_Connector
  Not used: /home/ec2-user/arduino-testlib/cli-datadir/user/libraries/CoogleIOT
Multiple libraries were found for &#34;WiFi.h&#34;
  Used: /home/ec2-user/arduino-testlib/cli-datadir/user/libraries/WiFi
  Not used: /home/ec2-user/arduino-testlib/cli-datadir/user/libraries/WiFiNINA
  Not used: /home/ec2-user/arduino-testlib/cli-datadir/user/libraries/WiFiEspAT
  Not used: /home/ec2-user/arduino-testlib/cli-datadir/user/libraries/Seeed_Arduino_rpcWiFi
</pre>

					
					<h4>examples/getAccountInformation</h4>
					<p>
						Result: <b>FAIL</b>
					</p>
					<pre class="pre-scrollable">In file included from /home/ec2-user/arduino-testlib/cli-datadir/user/libraries/Algoduino/Algoduino.cpp:19:0:
/home/ec2-user/arduino-testlib/cli-datadir/user/libraries/Seeed_Arduino_rpcWiFi/src/HTTPClient.h:32:10: fatal error: memory: No such file or directory
 #include &lt;memory&gt;
          ^~~~~~~~
compilation terminated.
Multiple libraries were found for &#34;ArduinoJson.h&#34;
  Used: /home/ec2-user/arduino-testlib/cli-datadir/user/libraries/ArduinoJson
  Not used: /home/ec2-user/arduino-testlib/cli-datadir/user/libraries/Antares_ESP8266_HTTP
  Not used: /home/ec2-user/arduino-testlib/cli-datadir/user/libraries/Antares_ESP8266_MQTT
  Not used: /home/ec2-user/arduino-testlib/cli-datadir/user/libraries/CoogleIOT
  Not used: /home/ec2-user/arduino-testlib/cli-datadir/user/libraries/ThingsIoT
  Not used: /home/ec2-user/arduino-testlib/cli-datadir/user/libraries/CMMC_MQTT_Connector
  Not used: /home/ec2-user/arduino-testlib/cli-datadir/user/libraries/AllThingsTalk_LTE-M_SDK
  Not used: /home/ec2-user/arduino-testlib/cli-datadir/user/libraries/ThingESP
  Not used: /home/ec2-user/arduino-testlib/cli-datadir/user/libraries/BaleMessengerBot_Arduino
Multiple libraries were found for &#34;WiFi.h&#34;
  Used: /home/ec2-user/arduino-testlib/cli-datadir/user/libraries/WiFi
  Not used: /home/ec2-user/arduino-testlib/cli-datadir/user/libraries/Seeed_Arduino_rpcWiFi
  Not used: /home/ec2-user/arduino-testlib/cli-datadir/user/libraries/WiFiEspAT
  Not used: /home/ec2-user/arduino-testlib/cli-datadir/user/libraries/WiFiNINA
</pre>
					
					<h4>examples/getAssetInformation</h4>
					<p>
						Result: <b>FAIL</b>
					</p>
					<pre class="pre-scrollable">In file included from /home/ec2-user/arduino-testlib/cli-datadir/user/libraries/Algoduino/Algoduino.cpp:19:0:
/home/ec2-user/arduino-testlib/cli-datadir/user/libraries/Seeed_Arduino_rpcWiFi/src/HTTPClient.h:32:10: fatal error: memory: No such file or directory
 #include &lt;memory&gt;
          ^~~~~~~~
compilation terminated.
Multiple libraries were found for &#34;ArduinoJson.h&#34;
  Used: /home/ec2-user/arduino-testlib/cli-datadir/user/libraries/ArduinoJson
  Not used: /home/ec2-user/arduino-testlib/cli-datadir/user/libraries/Antares_ESP8266_HTTP
  Not used: /home/ec2-user/arduino-testlib/cli-datadir/user/libraries/ThingsIoT
  Not used: /home/ec2-user/arduino-testlib/cli-datadir/user/libraries/CMMC_MQTT_Connector
  Not used: /home/ec2-user/arduino-testlib/cli-datadir/user/libraries/BaleMessengerBot_Arduino
  Not used: /home/ec2-user/arduino-testlib/cli-datadir/user/libraries/CoogleIOT
  Not used: /home/ec2-user/arduino-testlib/cli-datadir/user/libraries/Antares_ESP8266_MQTT
  Not used: /home/ec2-user/arduino-testlib/cli-datadir/user/libraries/AllThingsTalk_LTE-M_SDK
  Not used: /home/ec2-user/arduino-testlib/cli-datadir/user/libraries/ThingESP
Multiple libraries were found for &#34;WiFi.h&#34;
  Used: /home/ec2-user/arduino-testlib/cli-datadir/user/libraries/WiFi
  Not used: /home/ec2-user/arduino-testlib/cli-datadir/user/libraries/Seeed_Arduino_rpcWiFi
  Not used: /home/ec2-user/arduino-testlib/cli-datadir/user/libraries/WiFiNINA
  Not used: /home/ec2-user/arduino-testlib/cli-datadir/user/libraries/WiFiEspAT
</pre>
					
					<h4>examples/getLedgerSupply</h4>
					<p>
						Result: <b>FAIL</b>
					</p>
					<pre class="pre-scrollable">In file included from /home/ec2-user/arduino-testlib/cli-datadir/user/libraries/Algoduino/Algoduino.cpp:19:0:
/home/ec2-user/arduino-testlib/cli-datadir/user/libraries/Seeed_Arduino_rpcWiFi/src/HTTPClient.h:32:10: fatal error: memory: No such file or directory
 #include &lt;memory&gt;
          ^~~~~~~~
compilation terminated.
Multiple libraries were found for &#34;ArduinoJson.h&#34;
  Used: /home/ec2-user/arduino-testlib/cli-datadir/user/libraries/ArduinoJson
  Not used: /home/ec2-user/arduino-testlib/cli-datadir/user/libraries/ThingsIoT
  Not used: /home/ec2-user/arduino-testlib/cli-datadir/user/libraries/CMMC_MQTT_Connector
  Not used: /home/ec2-user/arduino-testlib/cli-datadir/user/libraries/BaleMessengerBot_Arduino
  Not used: /home/ec2-user/arduino-testlib/cli-datadir/user/libraries/CoogleIOT
  Not used: /home/ec2-user/arduino-testlib/cli-datadir/user/libraries/Antares_ESP8266_HTTP
  Not used: /home/ec2-user/arduino-testlib/cli-datadir/user/libraries/ThingESP
  Not used: /home/ec2-user/arduino-testlib/cli-datadir/user/libraries/AllThingsTalk_LTE-M_SDK
  Not used: /home/ec2-user/arduino-testlib/cli-datadir/user/libraries/Antares_ESP8266_MQTT
Multiple libraries were found for &#34;WiFi.h&#34;
  Used: /home/ec2-user/arduino-testlib/cli-datadir/user/libraries/WiFi
  Not used: /home/ec2-user/arduino-testlib/cli-datadir/user/libraries/WiFiEspAT
  Not used: /home/ec2-user/arduino-testlib/cli-datadir/user/libraries/Seeed_Arduino_rpcWiFi
  Not used: /home/ec2-user/arduino-testlib/cli-datadir/user/libraries/WiFiNINA
</pre>
					
					<h4>examples/getStatus</h4>
					<p>
						Result: <b>FAIL</b>
					</p>
					<pre class="pre-scrollable">In file included from /home/ec2-user/arduino-testlib/cli-datadir/user/libraries/Algoduino/Algoduino.cpp:19:0:
/home/ec2-user/arduino-testlib/cli-datadir/user/libraries/Seeed_Arduino_rpcWiFi/src/HTTPClient.h:32:10: fatal error: memory: No such file or directory
 #include &lt;memory&gt;
          ^~~~~~~~
compilation terminated.
Multiple libraries were found for &#34;ArduinoJson.h&#34;
  Used: /home/ec2-user/arduino-testlib/cli-datadir/user/libraries/ArduinoJson
  Not used: /home/ec2-user/arduino-testlib/cli-datadir/user/libraries/Antares_ESP8266_MQTT
  Not used: /home/ec2-user/arduino-testlib/cli-datadir/user/libraries/BaleMessengerBot_Arduino
  Not used: /home/ec2-user/arduino-testlib/cli-datadir/user/libraries/CMMC_MQTT_Connector
  Not used: /home/ec2-user/arduino-testlib/cli-datadir/user/libraries/Antares_ESP8266_HTTP
  Not used: /home/ec2-user/arduino-testlib/cli-datadir/user/libraries/CoogleIOT
  Not used: /home/ec2-user/arduino-testlib/cli-datadir/user/libraries/ThingsIoT
  Not used: /home/ec2-user/arduino-testlib/cli-datadir/user/libraries/ThingESP
  Not used: /home/ec2-user/arduino-testlib/cli-datadir/user/libraries/AllThingsTalk_LTE-M_SDK
Multiple libraries were found for &#34;WiFi.h&#34;
  Used: /home/ec2-user/arduino-testlib/cli-datadir/user/libraries/WiFi
  Not used: /home/ec2-user/arduino-testlib/cli-datadir/user/libraries/WiFiNINA
  Not used: /home/ec2-user/arduino-testlib/cli-datadir/user/libraries/Seeed_Arduino_rpcWiFi
  Not used: /home/ec2-user/arduino-testlib/cli-datadir/user/libraries/WiFiEspAT
</pre>
					
					<h4>examples/getTransactionFee</h4>
					<p>
						Result: <b>FAIL</b>
					</p>
					<pre class="pre-scrollable">In file included from /home/ec2-user/arduino-testlib/cli-datadir/user/libraries/Algoduino/Algoduino.cpp:19:0:
/home/ec2-user/arduino-testlib/cli-datadir/user/libraries/Seeed_Arduino_rpcWiFi/src/HTTPClient.h:32:10: fatal error: memory: No such file or directory
 #include &lt;memory&gt;
          ^~~~~~~~
compilation terminated.
Multiple libraries were found for &#34;ArduinoJson.h&#34;
  Used: /home/ec2-user/arduino-testlib/cli-datadir/user/libraries/ArduinoJson
  Not used: /home/ec2-user/arduino-testlib/cli-datadir/user/libraries/CMMC_MQTT_Connector
  Not used: /home/ec2-user/arduino-testlib/cli-datadir/user/libraries/ThingsIoT
  Not used: /home/ec2-user/arduino-testlib/cli-datadir/user/libraries/CoogleIOT
  Not used: /home/ec2-user/arduino-testlib/cli-datadir/user/libraries/AllThingsTalk_LTE-M_SDK
  Not used: /home/ec2-user/arduino-testlib/cli-datadir/user/libraries/BaleMessengerBot_Arduino
  Not used: /home/ec2-user/arduino-testlib/cli-datadir/user/libraries/Antares_ESP8266_HTTP
  Not used: /home/ec2-user/arduino-testlib/cli-datadir/user/libraries/Antares_ESP8266_MQTT
  Not used: /home/ec2-user/arduino-testlib/cli-datadir/user/libraries/ThingESP
Multiple libraries were found for &#34;WiFi.h&#34;
  Used: /home/ec2-user/arduino-testlib/cli-datadir/user/libraries/WiFi
  Not used: /home/ec2-user/arduino-testlib/cli-datadir/user/libraries/WiFiNINA
  Not used: /home/ec2-user/arduino-testlib/cli-datadir/user/libraries/WiFiEspAT
  Not used: /home/ec2-user/arduino-testlib/cli-datadir/user/libraries/Seeed_Arduino_rpcWiFi
</pre>
					
					<h4>examples/getTransactionInformation</h4>
					<p>
						Result: <b>FAIL</b>
					</p>
					<pre class="pre-scrollable">In file included from /home/ec2-user/arduino-testlib/cli-datadir/user/libraries/Algoduino/Algoduino.cpp:19:0:
/home/ec2-user/arduino-testlib/cli-datadir/user/libraries/Seeed_Arduino_rpcWiFi/src/HTTPClient.h:32:10: fatal error: memory: No such file or directory
 #include &lt;memory&gt;
          ^~~~~~~~
compilation terminated.
Multiple libraries were found for &#34;ArduinoJson.h&#34;
  Used: /home/ec2-user/arduino-testlib/cli-datadir/user/libraries/ArduinoJson
  Not used: /home/ec2-user/arduino-testlib/cli-datadir/user/libraries/AllThingsTalk_LTE-M_SDK
  Not used: /home/ec2-user/arduino-testlib/cli-datadir/user/libraries/Antares_ESP8266_HTTP
  Not used: /home/ec2-user/arduino-testlib/cli-datadir/user/libraries/ThingsIoT
  Not used: /home/ec2-user/arduino-testlib/cli-datadir/user/libraries/BaleMessengerBot_Arduino
  Not used: /home/ec2-user/arduino-testlib/cli-datadir/user/libraries/ThingESP
  Not used: /home/ec2-user/arduino-testlib/cli-datadir/user/libraries/CoogleIOT
  Not used: /home/ec2-user/arduino-testlib/cli-datadir/user/libraries/CMMC_MQTT_Connector
  Not used: /home/ec2-user/arduino-testlib/cli-datadir/user/libraries/Antares_ESP8266_MQTT
Multiple libraries were found for &#34;WiFi.h&#34;
  Used: /home/ec2-user/arduino-testlib/cli-datadir/user/libraries/WiFi
  Not used: /home/ec2-user/arduino-testlib/cli-datadir/user/libraries/Seeed_Arduino_rpcWiFi
  Not used: /home/ec2-user/arduino-testlib/cli-datadir/user/libraries/WiFiNINA
  Not used: /home/ec2-user/arduino-testlib/cli-datadir/user/libraries/WiFiEspAT
</pre>
					
					<h4>examples/getTransactionParams</h4>
					<p>
						Result: <b>FAIL</b>
					</p>
					<pre class="pre-scrollable">In file included from /home/ec2-user/arduino-testlib/cli-datadir/user/libraries/Algoduino/Algoduino.cpp:19:0:
/home/ec2-user/arduino-testlib/cli-datadir/user/libraries/Seeed_Arduino_rpcWiFi/src/HTTPClient.h:32:10: fatal error: memory: No such file or directory
 #include &lt;memory&gt;
          ^~~~~~~~
compilation terminated.
Multiple libraries were found for &#34;WiFi.h&#34;
  Used: /home/ec2-user/arduino-testlib/cli-datadir/user/libraries/WiFi
  Not used: /home/ec2-user/arduino-testlib/cli-datadir/user/libraries/WiFiNINA
  Not used: /home/ec2-user/arduino-testlib/cli-datadir/user/libraries/Seeed_Arduino_rpcWiFi
  Not used: /home/ec2-user/arduino-testlib/cli-datadir/user/libraries/WiFiEspAT
Multiple libraries were found for &#34;ArduinoJson.h&#34;
  Used: /home/ec2-user/arduino-testlib/cli-datadir/user/libraries/ArduinoJson
  Not used: /home/ec2-user/arduino-testlib/cli-datadir/user/libraries/ThingsIoT
  Not used: /home/ec2-user/arduino-testlib/cli-datadir/user/libraries/CMMC_MQTT_Connector
  Not used: /home/ec2-user/arduino-testlib/cli-datadir/user/libraries/Antares_ESP8266_HTTP
  Not used: /home/ec2-user/arduino-testlib/cli-datadir/user/libraries/ThingESP
  Not used: /home/ec2-user/arduino-testlib/cli-datadir/user/libraries/Antares_ESP8266_MQTT
  Not used: /home/ec2-user/arduino-testlib/cli-datadir/user/libraries/CoogleIOT
  Not used: /home/ec2-user/arduino-testlib/cli-datadir/user/libraries/AllThingsTalk_LTE-M_SDK
  Not used: /home/ec2-user/arduino-testlib/cli-datadir/user/libraries/BaleMessengerBot_Arduino
</pre>
					
					<h4>examples/getVersions</h4>
					<p>
						Result: <b>FAIL</b>
					</p>
					<pre class="pre-scrollable">In file included from /home/ec2-user/arduino-testlib/cli-datadir/user/libraries/Algoduino/Algoduino.cpp:19:0:
/home/ec2-user/arduino-testlib/cli-datadir/user/libraries/Seeed_Arduino_rpcWiFi/src/HTTPClient.h:32:10: fatal error: memory: No such file or directory
 #include &lt;memory&gt;
          ^~~~~~~~
compilation terminated.
Multiple libraries were found for &#34;ArduinoJson.h&#34;
  Used: /home/ec2-user/arduino-testlib/cli-datadir/user/libraries/ArduinoJson
  Not used: /home/ec2-user/arduino-testlib/cli-datadir/user/libraries/CoogleIOT
  Not used: /home/ec2-user/arduino-testlib/cli-datadir/user/libraries/CMMC_MQTT_Connector
  Not used: /home/ec2-user/arduino-testlib/cli-datadir/user/libraries/ThingsIoT
  Not used: /home/ec2-user/arduino-testlib/cli-datadir/user/libraries/ThingESP
  Not used: /home/ec2-user/arduino-testlib/cli-datadir/user/libraries/Antares_ESP8266_MQTT
  Not used: /home/ec2-user/arduino-testlib/cli-datadir/user/libraries/BaleMessengerBot_Arduino
  Not used: /home/ec2-user/arduino-testlib/cli-datadir/user/libraries/Antares_ESP8266_HTTP
  Not used: /home/ec2-user/arduino-testlib/cli-datadir/user/libraries/AllThingsTalk_LTE-M_SDK
Multiple libraries were found for &#34;WiFi.h&#34;
  Used: /home/ec2-user/arduino-testlib/cli-datadir/user/libraries/WiFi
  Not used: /home/ec2-user/arduino-testlib/cli-datadir/user/libraries/WiFiNINA
  Not used: /home/ec2-user/arduino-testlib/cli-datadir/user/libraries/WiFiEspAT
  Not used: /home/ec2-user/arduino-testlib/cli-datadir/user/libraries/Seeed_Arduino_rpcWiFi
</pre>
					
				
				<h3 id="arduino:samd:mkrwifi1010">arduino:samd:mkrwifi1010 @ 1.8.12</h3>
				<h4>Inclusion</h4>
				<p>
					Result: <b>FAIL</b>
					
				</p>
				<pre class="pre-scrollable">In file included from /Users/alranel/Documents/git/arduino/arduino-testlib/cli-datadir/user/libraries/Seeed_Arduino_rpcUnified/src/esp/esp_event_loop.h:22:0,
                 from /Users/alranel/Documents/git/arduino/arduino-testlib/cli-datadir/user/libraries/Seeed_Arduino_rpcUnified/src/esp/esp_lib_unified.h:12,
                 from /Users/alranel/Documents/git/arduino/arduino-testlib/cli-datadir/user/libraries/Seeed_Arduino_rpcUnified/src/seeed_rpcUnified.h:11,
                 from /Users/alranel/Documents/git/arduino/arduino-testlib/cli-datadir/user/libraries/Seeed_Arduino_rpcWiFi/src/WiFiClientSecure.h:26,
                 from /Users/alranel/Documents/git/arduino/arduino-testlib/cli-datadir/user/libraries/Seeed_Arduino_rpcWiFi/src/HTTPClient.h:36,
                 from /Users/alranel/Documents/git/arduino/arduino-testlib/cli-datadir/user/libraries/Algoduino/Algoduino.cpp:19:
/Users/alranel/Documents/git/arduino/arduino-testlib/cli-datadir/user/libraries/Seeed_Arduino_rpcUnified/src/esp/esp_event.h:19:10: fatal error: Seeed_Arduino_FreeRTOS.h: No such file or directory
 #include &#34;Seeed_Arduino_FreeRTOS.h&#34;
          ^~~~~~~~~~~~~~~~~~~~~~~~~~
compilation terminated.
Multiple libraries were found for &#34;FreeRTOS.h&#34;
  Used: /Users/alranel/Documents/git/arduino/arduino-testlib/cli-datadir/user/libraries/FreeRTOS_SAMD51
  Not used: /Users/alranel/Documents/git/arduino/arduino-testlib/cli-datadir/user/libraries/STM32duino_FreeRTOS
  Not used: /Users/alranel/Documents/git/arduino/arduino-testlib/cli-datadir/user/libraries/ESP32_BLE_Arduino
  Not used: /Users/alranel/Documents/git/arduino/arduino-testlib/cli-datadir/user/libraries/FreeRTOS_SAMD21
Multiple libraries were found for &#34;ArduinoJson.h&#34;
  Used: /Users/alranel/Documents/git/arduino/arduino-testlib/cli-datadir/user/libraries/ArduinoJson
  Not used: /Users/alranel/Documents/git/arduino/arduino-testlib/cli-datadir/user/libraries/CMMC_MQTT_Connector
  Not used: /Users/alranel/Documents/git/arduino/arduino-testlib/cli-datadir/user/libraries/AllThingsTalk_LTE-M_SDK
  Not used: /Users/alranel/Documents/git/arduino/arduino-testlib/cli-datadir/user/libraries/BaleMessengerBot_Arduino
  Not used: /Users/alranel/Documents/git/arduino/arduino-testlib/cli-datadir/user/libraries/ThingsIoT
  Not used: /Users/alranel/Documents/git/arduino/arduino-testlib/cli-datadir/user/libraries/Antares_ESP8266_MQTT
  Not used: /Users/alranel/Documents/git/arduino/arduino-testlib/cli-datadir/user/libraries/ThingESP
  Not used: /Users/alranel/Documents/git/arduino/arduino-testlib/cli-datadir/user/libraries/CoogleIOT
  Not used: /Users/alranel/Documents/git/arduino/arduino-testlib/cli-datadir/user/libraries/Antares_ESP8266_HTTP
Multiple libraries were found for &#34;WiFi.h&#34;
  Used: /Users/alranel/Documents/git/arduino/arduino-testlib/cli-datadir/user/libraries/WiFi
  Not used: /Users/alranel/Documents/git/arduino/arduino-testlib/cli-datadir/user/libraries/Seeed_Arduino_rpcWiFi
  Not used: /Users/alranel/Documents/git/arduino/arduino-testlib/cli-datadir/user/libraries/WiFiNINA
  Not used: /Users/alranel/Documents/git/arduino/arduino-testlib/cli-datadir/user/libraries/WiFiEspAT
</pre>

					
					<h4>examples/getAccountInformation</h4>
					<p>
						Result: <b>FAIL</b>
					</p>
					<pre class="pre-scrollable">In file included from /Users/alranel/Documents/git/arduino/arduino-testlib/cli-datadir/user/libraries/Seeed_Arduino_rpcUnified/src/esp/esp_event_loop.h:22:0,
                 from /Users/alranel/Documents/git/arduino/arduino-testlib/cli-datadir/user/libraries/Seeed_Arduino_rpcUnified/src/esp/esp_lib_unified.h:12,
                 from /Users/alranel/Documents/git/arduino/arduino-testlib/cli-datadir/user/libraries/Seeed_Arduino_rpcUnified/src/seeed_rpcUnified.h:11,
                 from /Users/alranel/Documents/git/arduino/arduino-testlib/cli-datadir/user/libraries/Seeed_Arduino_rpcWiFi/src/WiFiClientSecure.h:26,
                 from /Users/alranel/Documents/git/arduino/arduino-testlib/cli-datadir/user/libraries/Seeed_Arduino_rpcWiFi/src/HTTPClient.h:36,
                 from /Users/alranel/Documents/git/arduino/arduino-testlib/cli-datadir/user/libraries/Algoduino/Algoduino.cpp:19:
/Users/alranel/Documents/git/arduino/arduino-testlib/cli-datadir/user/libraries/Seeed_Arduino_rpcUnified/src/esp/esp_event.h:19:10: fatal error: Seeed_Arduino_FreeRTOS.h: No such file or directory
 #include &#34;Seeed_Arduino_FreeRTOS.h&#34;
          ^~~~~~~~~~~~~~~~~~~~~~~~~~
compilation terminated.
Multiple libraries were found for &#34;ArduinoJson.h&#34;
  Used: /Users/alranel/Documents/git/arduino/arduino-testlib/cli-datadir/user/libraries/ArduinoJson
  Not used: /Users/alranel/Documents/git/arduino/arduino-testlib/cli-datadir/user/libraries/CoogleIOT
  Not used: /Users/alranel/Documents/git/arduino/arduino-testlib/cli-datadir/user/libraries/Antares_ESP8266_HTTP
  Not used: /Users/alranel/Documents/git/arduino/arduino-testlib/cli-datadir/user/libraries/AllThingsTalk_LTE-M_SDK
  Not used: /Users/alranel/Documents/git/arduino/arduino-testlib/cli-datadir/user/libraries/BaleMessengerBot_Arduino
  Not used: /Users/alranel/Documents/git/arduino/arduino-testlib/cli-datadir/user/libraries/ThingESP
  Not used: /Users/alranel/Documents/git/arduino/arduino-testlib/cli-datadir/user/libraries/CMMC_MQTT_Connector
  Not used: /Users/alranel/Documents/git/arduino/arduino-testlib/cli-datadir/user/libraries/Antares_ESP8266_MQTT
  Not used: /Users/alranel/Documents/git/arduino/arduino-testlib/cli-datadir/user/libraries/ThingsIoT
Multiple libraries were found for &#34;WiFi.h&#34;
  Used: /Users/alranel/Documents/git/arduino/arduino-testlib/cli-datadir/user/libraries/WiFi
  Not used: /Users/alranel/Documents/git/arduino/arduino-testlib/cli-datadir/user/libraries/Seeed_Arduino_rpcWiFi
  Not used: /Users/alranel/Documents/git/arduino/arduino-testlib/cli-datadir/user/libraries/WiFiEspAT
  Not used: /Users/alranel/Documents/git/arduino/arduino-testlib/cli-datadir/user/libraries/WiFiNINA
Multiple libraries were found for &#34;FreeRTOS.h&#34;
  Used: /Users/alranel/Documents/git/arduino/arduino-testlib/cli-datadir/user/libraries/FreeRTOS_SAMD51
  Not used: /Users/alranel/Documents/git/arduino/arduino-testlib/cli-datadir/user/libraries/STM32duino_FreeRTOS
  Not used: /Users/alranel/Documents/git/arduino/arduino-testlib/cli-datadir/user/libraries/FreeRTOS_SAMD21
  Not used: /Users/alranel/Documents/git/arduino/arduino-testlib/cli-datadir/user/libraries/ESP32_BLE_Arduino
</pre>
					
					<h4>examples/getAssetInformation</h4>
					<p>
						Result: <b>FAIL</b>
					</p>
					<pre class="pre-scrollable">In file included from /Users/alranel/Documents/git/arduino/arduino-testlib/cli-datadir/user/libraries/Seeed_Arduino_rpcUnified/src/esp/esp_event_loop.h:22:0,
                 from /Users/alranel/Documents/git/arduino/arduino-testlib/cli-datadir/user/libraries/Seeed_Arduino_rpcUnified/src/esp/esp_lib_unified.h:12,
                 from /Users/alranel/Documents/git/arduino/arduino-testlib/cli-datadir/user/libraries/Seeed_Arduino_rpcUnified/src/seeed_rpcUnified.h:11,
                 from /Users/alranel/Documents/git/arduino/arduino-testlib/cli-datadir/user/libraries/Seeed_Arduino_rpcWiFi/src/WiFiClientSecure.h:26,
                 from /Users/alranel/Documents/git/arduino/arduino-testlib/cli-datadir/user/libraries/Seeed_Arduino_rpcWiFi/src/HTTPClient.h:36,
                 from /Users/alranel/Documents/git/arduino/arduino-testlib/cli-datadir/user/libraries/Algoduino/Algoduino.cpp:19:
/Users/alranel/Documents/git/arduino/arduino-testlib/cli-datadir/user/libraries/Seeed_Arduino_rpcUnified/src/esp/esp_event.h:19:10: fatal error: Seeed_Arduino_FreeRTOS.h: No such file or directory
 #include &#34;Seeed_Arduino_FreeRTOS.h&#34;
          ^~~~~~~~~~~~~~~~~~~~~~~~~~
compilation terminated.
Multiple libraries were found for &#34;ArduinoJson.h&#34;
  Used: /Users/alranel/Documents/git/arduino/arduino-testlib/cli-datadir/user/libraries/ArduinoJson
  Not used: /Users/alranel/Documents/git/arduino/arduino-testlib/cli-datadir/user/libraries/CoogleIOT
  Not used: /Users/alranel/Documents/git/arduino/arduino-testlib/cli-datadir/user/libraries/BaleMessengerBot_Arduino
  Not used: /Users/alranel/Documents/git/arduino/arduino-testlib/cli-datadir/user/libraries/Antares_ESP8266_MQTT
  Not used: /Users/alranel/Documents/git/arduino/arduino-testlib/cli-datadir/user/libraries/Antares_ESP8266_HTTP
  Not used: /Users/alranel/Documents/git/arduino/arduino-testlib/cli-datadir/user/libraries/AllThingsTalk_LTE-M_SDK
  Not used: /Users/alranel/Documents/git/arduino/arduino-testlib/cli-datadir/user/libraries/CMMC_MQTT_Connector
  Not used: /Users/alranel/Documents/git/arduino/arduino-testlib/cli-datadir/user/libraries/ThingsIoT
  Not used: /Users/alranel/Documents/git/arduino/arduino-testlib/cli-datadir/user/libraries/ThingESP
Multiple libraries were found for &#34;WiFi.h&#34;
  Used: /Users/alranel/Documents/git/arduino/arduino-testlib/cli-datadir/user/libraries/WiFi
  Not used: /Users/alranel/Documents/git/arduino/arduino-testlib/cli-datadir/user/libraries/WiFiEspAT
  Not used: /Users/alranel/Documents/git/arduino/arduino-testlib/cli-datadir/user/libraries/Seeed_Arduino_rpcWiFi
  Not used: /Users/alranel/Documents/git/arduino/arduino-testlib/cli-datadir/user/libraries/WiFiNINA
Multiple libraries were found for &#34;FreeRTOS.h&#34;
  Used: /Users/alranel/Documents/git/arduino/arduino-testlib/cli-datadir/user/libraries/FreeRTOS_SAMD51
  Not used: /Users/alranel/Documents/git/arduino/arduino-testlib/cli-datadir/user/libraries/ESP32_BLE_Arduino
  Not used: /Users/alranel/Documents/git/arduino/arduino-testlib/cli-datadir/user/libraries/STM32duino_FreeRTOS
  Not used: /Users/alranel/Documents/git/arduino/arduino-testlib/cli-datadir/user/libraries/FreeRTOS_SAMD21
</pre>
					
					<h4>examples/getLedgerSupply</h4>
					<p>
						Result: <b>FAIL</b>
					</p>
					<pre class="pre-scrollable">In file included from /Users/alranel/Documents/git/arduino/arduino-testlib/cli-datadir/user/libraries/Seeed_Arduino_rpcUnified/src/esp/esp_event_loop.h:22:0,
                 from /Users/alranel/Documents/git/arduino/arduino-testlib/cli-datadir/user/libraries/Seeed_Arduino_rpcUnified/src/esp/esp_lib_unified.h:12,
                 from /Users/alranel/Documents/git/arduino/arduino-testlib/cli-datadir/user/libraries/Seeed_Arduino_rpcUnified/src/seeed_rpcUnified.h:11,
                 from /Users/alranel/Documents/git/arduino/arduino-testlib/cli-datadir/user/libraries/Seeed_Arduino_rpcWiFi/src/WiFiClientSecure.h:26,
                 from /Users/alranel/Documents/git/arduino/arduino-testlib/cli-datadir/user/libraries/Seeed_Arduino_rpcWiFi/src/HTTPClient.h:36,
                 from /Users/alranel/Documents/git/arduino/arduino-testlib/cli-datadir/user/libraries/Algoduino/Algoduino.cpp:19:
/Users/alranel/Documents/git/arduino/arduino-testlib/cli-datadir/user/libraries/Seeed_Arduino_rpcUnified/src/esp/esp_event.h:19:10: fatal error: Seeed_Arduino_FreeRTOS.h: No such file or directory
 #include &#34;Seeed_Arduino_FreeRTOS.h&#34;
          ^~~~~~~~~~~~~~~~~~~~~~~~~~
compilation terminated.
Multiple libraries were found for &#34;ArduinoJson.h&#34;
  Used: /Users/alranel/Documents/git/arduino/arduino-testlib/cli-datadir/user/libraries/ArduinoJson
  Not used: /Users/alranel/Documents/git/arduino/arduino-testlib/cli-datadir/user/libraries/ThingsIoT
  Not used: /Users/alranel/Documents/git/arduino/arduino-testlib/cli-datadir/user/libraries/BaleMessengerBot_Arduino
  Not used: /Users/alranel/Documents/git/arduino/arduino-testlib/cli-datadir/user/libraries/ThingESP
  Not used: /Users/alranel/Documents/git/arduino/arduino-testlib/cli-datadir/user/libraries/AllThingsTalk_LTE-M_SDK
  Not used: /Users/alranel/Documents/git/arduino/arduino-testlib/cli-datadir/user/libraries/Antares_ESP8266_MQTT
  Not used: /Users/alranel/Documents/git/arduino/arduino-testlib/cli-datadir/user/libraries/Antares_ESP8266_HTTP
  Not used: /Users/alranel/Documents/git/arduino/arduino-testlib/cli-datadir/user/libraries/CoogleIOT
  Not used: /Users/alranel/Documents/git/arduino/arduino-testlib/cli-datadir/user/libraries/CMMC_MQTT_Connector
Multiple libraries were found for &#34;WiFi.h&#34;
  Used: /Users/alranel/Documents/git/arduino/arduino-testlib/cli-datadir/user/libraries/WiFi
  Not used: /Users/alranel/Documents/git/arduino/arduino-testlib/cli-datadir/user/libraries/WiFiEspAT
  Not used: /Users/alranel/Documents/git/arduino/arduino-testlib/cli-datadir/user/libraries/WiFiNINA
  Not used: /Users/alranel/Documents/git/arduino/arduino-testlib/cli-datadir/user/libraries/Seeed_Arduino_rpcWiFi
Multiple libraries were found for &#34;FreeRTOS.h&#34;
  Used: /Users/alranel/Documents/git/arduino/arduino-testlib/cli-datadir/user/libraries/FreeRTOS_SAMD51
  Not used: /Users/alranel/Documents/git/arduino/arduino-testlib/cli-datadir/user/libraries/ESP32_BLE_Arduino
  Not used: /Users/alranel/Documents/git/arduino/arduino-testlib/cli-datadir/user/libraries/STM32duino_FreeRTOS
  Not used: /Users/alranel/Documents/git/arduino/arduino-testlib/cli-datadir/user/libraries/FreeRTOS_SAMD21
</pre>
					
					<h4>examples/getStatus</h4>
					<p>
						Result: <b>FAIL</b>
					</p>
					<pre class="pre-scrollable">In file included from /Users/alranel/Documents/git/arduino/arduino-testlib/cli-datadir/user/libraries/Seeed_Arduino_rpcUnified/src/esp/esp_event_loop.h:22:0,
                 from /Users/alranel/Documents/git/arduino/arduino-testlib/cli-datadir/user/libraries/Seeed_Arduino_rpcUnified/src/esp/esp_lib_unified.h:12,
                 from /Users/alranel/Documents/git/arduino/arduino-testlib/cli-datadir/user/libraries/Seeed_Arduino_rpcUnified/src/seeed_rpcUnified.h:11,
                 from /Users/alranel/Documents/git/arduino/arduino-testlib/cli-datadir/user/libraries/Seeed_Arduino_rpcWiFi/src/WiFiClientSecure.h:26,
                 from /Users/alranel/Documents/git/arduino/arduino-testlib/cli-datadir/user/libraries/Seeed_Arduino_rpcWiFi/src/HTTPClient.h:36,
                 from /Users/alranel/Documents/git/arduino/arduino-testlib/cli-datadir/user/libraries/Algoduino/Algoduino.cpp:19:
/Users/alranel/Documents/git/arduino/arduino-testlib/cli-datadir/user/libraries/Seeed_Arduino_rpcUnified/src/esp/esp_event.h:19:10: fatal error: Seeed_Arduino_FreeRTOS.h: No such file or directory
 #include &#34;Seeed_Arduino_FreeRTOS.h&#34;
          ^~~~~~~~~~~~~~~~~~~~~~~~~~
compilation terminated.
Multiple libraries were found for &#34;ArduinoJson.h&#34;
  Used: /Users/alranel/Documents/git/arduino/arduino-testlib/cli-datadir/user/libraries/ArduinoJson
  Not used: /Users/alranel/Documents/git/arduino/arduino-testlib/cli-datadir/user/libraries/ThingESP
  Not used: /Users/alranel/Documents/git/arduino/arduino-testlib/cli-datadir/user/libraries/CMMC_MQTT_Connector
  Not used: /Users/alranel/Documents/git/arduino/arduino-testlib/cli-datadir/user/libraries/Antares_ESP8266_HTTP
  Not used: /Users/alranel/Documents/git/arduino/arduino-testlib/cli-datadir/user/libraries/Antares_ESP8266_MQTT
  Not used: /Users/alranel/Documents/git/arduino/arduino-testlib/cli-datadir/user/libraries/BaleMessengerBot_Arduino
  Not used: /Users/alranel/Documents/git/arduino/arduino-testlib/cli-datadir/user/libraries/ThingsIoT
  Not used: /Users/alranel/Documents/git/arduino/arduino-testlib/cli-datadir/user/libraries/CoogleIOT
  Not used: /Users/alranel/Documents/git/arduino/arduino-testlib/cli-datadir/user/libraries/AllThingsTalk_LTE-M_SDK
Multiple libraries were found for &#34;WiFi.h&#34;
  Used: /Users/alranel/Documents/git/arduino/arduino-testlib/cli-datadir/user/libraries/WiFi
  Not used: /Users/alranel/Documents/git/arduino/arduino-testlib/cli-datadir/user/libraries/WiFiNINA
  Not used: /Users/alranel/Documents/git/arduino/arduino-testlib/cli-datadir/user/libraries/Seeed_Arduino_rpcWiFi
  Not used: /Users/alranel/Documents/git/arduino/arduino-testlib/cli-datadir/user/libraries/WiFiEspAT
Multiple libraries were found for &#34;FreeRTOS.h&#34;
  Used: /Users/alranel/Documents/git/arduino/arduino-testlib/cli-datadir/user/libraries/FreeRTOS_SAMD21
  Not used: /Users/alranel/Documents/git/arduino/arduino-testlib/cli-datadir/user/libraries/ESP32_BLE_Arduino
  Not used: /Users/alranel/Documents/git/arduino/arduino-testlib/cli-datadir/user/libraries/STM32duino_FreeRTOS
  Not used: /Users/alranel/Documents/git/arduino/arduino-testlib/cli-datadir/user/libraries/FreeRTOS_SAMD51
</pre>
					
					<h4>examples/getTransactionFee</h4>
					<p>
						Result: <b>FAIL</b>
					</p>
					<pre class="pre-scrollable">In file included from /Users/alranel/Documents/git/arduino/arduino-testlib/cli-datadir/user/libraries/Seeed_Arduino_rpcUnified/src/esp/esp_event_loop.h:22:0,
                 from /Users/alranel/Documents/git/arduino/arduino-testlib/cli-datadir/user/libraries/Seeed_Arduino_rpcUnified/src/esp/esp_lib_unified.h:12,
                 from /Users/alranel/Documents/git/arduino/arduino-testlib/cli-datadir/user/libraries/Seeed_Arduino_rpcUnified/src/seeed_rpcUnified.h:11,
                 from /Users/alranel/Documents/git/arduino/arduino-testlib/cli-datadir/user/libraries/Seeed_Arduino_rpcWiFi/src/WiFiClientSecure.h:26,
                 from /Users/alranel/Documents/git/arduino/arduino-testlib/cli-datadir/user/libraries/Seeed_Arduino_rpcWiFi/src/HTTPClient.h:36,
                 from /Users/alranel/Documents/git/arduino/arduino-testlib/cli-datadir/user/libraries/Algoduino/Algoduino.cpp:19:
/Users/alranel/Documents/git/arduino/arduino-testlib/cli-datadir/user/libraries/Seeed_Arduino_rpcUnified/src/esp/esp_event.h:19:10: fatal error: Seeed_Arduino_FreeRTOS.h: No such file or directory
 #include &#34;Seeed_Arduino_FreeRTOS.h&#34;
          ^~~~~~~~~~~~~~~~~~~~~~~~~~
compilation terminated.
Multiple libraries were found for &#34;FreeRTOS.h&#34;
  Used: /Users/alranel/Documents/git/arduino/arduino-testlib/cli-datadir/user/libraries/FreeRTOS_SAMD51
  Not used: /Users/alranel/Documents/git/arduino/arduino-testlib/cli-datadir/user/libraries/ESP32_BLE_Arduino
  Not used: /Users/alranel/Documents/git/arduino/arduino-testlib/cli-datadir/user/libraries/STM32duino_FreeRTOS
  Not used: /Users/alranel/Documents/git/arduino/arduino-testlib/cli-datadir/user/libraries/FreeRTOS_SAMD21
Multiple libraries were found for &#34;ArduinoJson.h&#34;
  Used: /Users/alranel/Documents/git/arduino/arduino-testlib/cli-datadir/user/libraries/ArduinoJson
  Not used: /Users/alranel/Documents/git/arduino/arduino-testlib/cli-datadir/user/libraries/AllThingsTalk_LTE-M_SDK
  Not used: /Users/alranel/Documents/git/arduino/arduino-testlib/cli-datadir/user/libraries/CoogleIOT
  Not used: /Users/alranel/Documents/git/arduino/arduino-testlib/cli-datadir/user/libraries/Antares_ESP8266_MQTT
  Not used: /Users/alranel/Documents/git/arduino/arduino-testlib/cli-datadir/user/libraries/CMMC_MQTT_Connector
  Not used: /Users/alranel/Documents/git/arduino/arduino-testlib/cli-datadir/user/libraries/ThingsIoT
  Not used: /Users/alranel/Documents/git/arduino/arduino-testlib/cli-datadir/user/libraries/BaleMessengerBot_Arduino
  Not used: /Users/alranel/Documents/git/arduino/arduino-testlib/cli-datadir/user/libraries/ThingESP
  Not used: /Users/alranel/Documents/git/arduino/arduino-testlib/cli-datadir/user/libraries/Antares_ESP8266_HTTP
Multiple libraries were found for &#34;WiFi.h&#34;
  Used: /Users/alranel/Documents/git/arduino/arduino-testlib/cli-datadir/user/libraries/WiFi
  Not used: /Users/alranel/Documents/git/arduino/arduino-testlib/cli-datadir/user/libraries/WiFiEspAT
  Not used: /Users/alranel/Documents/git/arduino/arduino-testlib/cli-datadir/user/libraries/WiFiNINA
  Not used: /Users/alranel/Documents/git/arduino/arduino-testlib/cli-datadir/user/libraries/Seeed_Arduino_rpcWiFi
</pre>
					
					<h4>examples/getTransactionInformation</h4>
					<p>
						Result: <b>FAIL</b>
					</p>
					<pre class="pre-scrollable">In file included from /Users/alranel/Documents/git/arduino/arduino-testlib/cli-datadir/user/libraries/Seeed_Arduino_rpcUnified/src/esp/esp_event_loop.h:22:0,
                 from /Users/alranel/Documents/git/arduino/arduino-testlib/cli-datadir/user/libraries/Seeed_Arduino_rpcUnified/src/esp/esp_lib_unified.h:12,
                 from /Users/alranel/Documents/git/arduino/arduino-testlib/cli-datadir/user/libraries/Seeed_Arduino_rpcUnified/src/seeed_rpcUnified.h:11,
                 from /Users/alranel/Documents/git/arduino/arduino-testlib/cli-datadir/user/libraries/Seeed_Arduino_rpcWiFi/src/WiFiClientSecure.h:26,
                 from /Users/alranel/Documents/git/arduino/arduino-testlib/cli-datadir/user/libraries/Seeed_Arduino_rpcWiFi/src/HTTPClient.h:36,
                 from /Users/alranel/Documents/git/arduino/arduino-testlib/cli-datadir/user/libraries/Algoduino/Algoduino.cpp:19:
/Users/alranel/Documents/git/arduino/arduino-testlib/cli-datadir/user/libraries/Seeed_Arduino_rpcUnified/src/esp/esp_event.h:19:10: fatal error: Seeed_Arduino_FreeRTOS.h: No such file or directory
 #include &#34;Seeed_Arduino_FreeRTOS.h&#34;
          ^~~~~~~~~~~~~~~~~~~~~~~~~~
compilation terminated.
Multiple libraries were found for &#34;ArduinoJson.h&#34;
  Used: /Users/alranel/Documents/git/arduino/arduino-testlib/cli-datadir/user/libraries/ArduinoJson
  Not used: /Users/alranel/Documents/git/arduino/arduino-testlib/cli-datadir/user/libraries/CMMC_MQTT_Connector
  Not used: /Users/alranel/Documents/git/arduino/arduino-testlib/cli-datadir/user/libraries/Antares_ESP8266_MQTT
  Not used: /Users/alranel/Documents/git/arduino/arduino-testlib/cli-datadir/user/libraries/ThingESP
  Not used: /Users/alranel/Documents/git/arduino/arduino-testlib/cli-datadir/user/libraries/ThingsIoT
  Not used: /Users/alranel/Documents/git/arduino/arduino-testlib/cli-datadir/user/libraries/AllThingsTalk_LTE-M_SDK
  Not used: /Users/alranel/Documents/git/arduino/arduino-testlib/cli-datadir/user/libraries/BaleMessengerBot_Arduino
  Not used: /Users/alranel/Documents/git/arduino/arduino-testlib/cli-datadir/user/libraries/Antares_ESP8266_HTTP
  Not used: /Users/alranel/Documents/git/arduino/arduino-testlib/cli-datadir/user/libraries/CoogleIOT
Multiple libraries were found for &#34;WiFi.h&#34;
  Used: /Users/alranel/Documents/git/arduino/arduino-testlib/cli-datadir/user/libraries/WiFi
  Not used: /Users/alranel/Documents/git/arduino/arduino-testlib/cli-datadir/user/libraries/WiFiNINA
  Not used: /Users/alranel/Documents/git/arduino/arduino-testlib/cli-datadir/user/libraries/WiFiEspAT
  Not used: /Users/alranel/Documents/git/arduino/arduino-testlib/cli-datadir/user/libraries/Seeed_Arduino_rpcWiFi
Multiple libraries were found for &#34;FreeRTOS.h&#34;
  Used: /Users/alranel/Documents/git/arduino/arduino-testlib/cli-datadir/user/libraries/FreeRTOS_SAMD51
  Not used: /Users/alranel/Documents/git/arduino/arduino-testlib/cli-datadir/user/libraries/STM32duino_FreeRTOS
  Not used: /Users/alranel/Documents/git/arduino/arduino-testlib/cli-datadir/user/libraries/ESP32_BLE_Arduino
  Not used: /Users/alranel/Documents/git/arduino/arduino-testlib/cli-datadir/user/libraries/FreeRTOS_SAMD21
</pre>
					
					<h4>examples/getTransactionParams</h4>
					<p>
						Result: <b>FAIL</b>
					</p>
					<pre class="pre-scrollable">In file included from /Users/alranel/Documents/git/arduino/arduino-testlib/cli-datadir/user/libraries/Seeed_Arduino_rpcUnified/src/esp/esp_event_loop.h:22:0,
                 from /Users/alranel/Documents/git/arduino/arduino-testlib/cli-datadir/user/libraries/Seeed_Arduino_rpcUnified/src/esp/esp_lib_unified.h:12,
                 from /Users/alranel/Documents/git/arduino/arduino-testlib/cli-datadir/user/libraries/Seeed_Arduino_rpcUnified/src/seeed_rpcUnified.h:11,
                 from /Users/alranel/Documents/git/arduino/arduino-testlib/cli-datadir/user/libraries/Seeed_Arduino_rpcWiFi/src/WiFiClientSecure.h:26,
                 from /Users/alranel/Documents/git/arduino/arduino-testlib/cli-datadir/user/libraries/Seeed_Arduino_rpcWiFi/src/HTTPClient.h:36,
                 from /Users/alranel/Documents/git/arduino/arduino-testlib/cli-datadir/user/libraries/Algoduino/Algoduino.cpp:19:
/Users/alranel/Documents/git/arduino/arduino-testlib/cli-datadir/user/libraries/Seeed_Arduino_rpcUnified/src/esp/esp_event.h:19:10: fatal error: Seeed_Arduino_FreeRTOS.h: No such file or directory
 #include &#34;Seeed_Arduino_FreeRTOS.h&#34;
          ^~~~~~~~~~~~~~~~~~~~~~~~~~
compilation terminated.
Multiple libraries were found for &#34;ArduinoJson.h&#34;
  Used: /Users/alranel/Documents/git/arduino/arduino-testlib/cli-datadir/user/libraries/ArduinoJson
  Not used: /Users/alranel/Documents/git/arduino/arduino-testlib/cli-datadir/user/libraries/CoogleIOT
  Not used: /Users/alranel/Documents/git/arduino/arduino-testlib/cli-datadir/user/libraries/Antares_ESP8266_HTTP
  Not used: /Users/alranel/Documents/git/arduino/arduino-testlib/cli-datadir/user/libraries/Antares_ESP8266_MQTT
  Not used: /Users/alranel/Documents/git/arduino/arduino-testlib/cli-datadir/user/libraries/BaleMessengerBot_Arduino
  Not used: /Users/alranel/Documents/git/arduino/arduino-testlib/cli-datadir/user/libraries/AllThingsTalk_LTE-M_SDK
  Not used: /Users/alranel/Documents/git/arduino/arduino-testlib/cli-datadir/user/libraries/ThingsIoT
  Not used: /Users/alranel/Documents/git/arduino/arduino-testlib/cli-datadir/user/libraries/ThingESP
  Not used: /Users/alranel/Documents/git/arduino/arduino-testlib/cli-datadir/user/libraries/CMMC_MQTT_Connector
Multiple libraries were found for &#34;WiFi.h&#34;
  Used: /Users/alranel/Documents/git/arduino/arduino-testlib/cli-datadir/user/libraries/WiFi
  Not used: /Users/alranel/Documents/git/arduino/arduino-testlib/cli-datadir/user/libraries/WiFiEspAT
  Not used: /Users/alranel/Documents/git/arduino/arduino-testlib/cli-datadir/user/libraries/WiFiNINA
  Not used: /Users/alranel/Documents/git/arduino/arduino-testlib/cli-datadir/user/libraries/Seeed_Arduino_rpcWiFi
Multiple libraries were found for &#34;FreeRTOS.h&#34;
  Used: /Users/alranel/Documents/git/arduino/arduino-testlib/cli-datadir/user/libraries/FreeRTOS_SAMD21
  Not used: /Users/alranel/Documents/git/arduino/arduino-testlib/cli-datadir/user/libraries/FreeRTOS_SAMD51
  Not used: /Users/alranel/Documents/git/arduino/arduino-testlib/cli-datadir/user/libraries/STM32duino_FreeRTOS
  Not used: /Users/alranel/Documents/git/arduino/arduino-testlib/cli-datadir/user/libraries/ESP32_BLE_Arduino
</pre>
					
					<h4>examples/getVersions</h4>
					<p>
						Result: <b>FAIL</b>
					</p>
					<pre class="pre-scrollable">In file included from /Users/alranel/Documents/git/arduino/arduino-testlib/cli-datadir/user/libraries/Seeed_Arduino_rpcUnified/src/esp/esp_event_loop.h:22:0,
                 from /Users/alranel/Documents/git/arduino/arduino-testlib/cli-datadir/user/libraries/Seeed_Arduino_rpcUnified/src/esp/esp_lib_unified.h:12,
                 from /Users/alranel/Documents/git/arduino/arduino-testlib/cli-datadir/user/libraries/Seeed_Arduino_rpcUnified/src/seeed_rpcUnified.h:11,
                 from /Users/alranel/Documents/git/arduino/arduino-testlib/cli-datadir/user/libraries/Seeed_Arduino_rpcWiFi/src/WiFiClientSecure.h:26,
                 from /Users/alranel/Documents/git/arduino/arduino-testlib/cli-datadir/user/libraries/Seeed_Arduino_rpcWiFi/src/HTTPClient.h:36,
                 from /Users/alranel/Documents/git/arduino/arduino-testlib/cli-datadir/user/libraries/Algoduino/Algoduino.cpp:19:
/Users/alranel/Documents/git/arduino/arduino-testlib/cli-datadir/user/libraries/Seeed_Arduino_rpcUnified/src/esp/esp_event.h:19:10: fatal error: Seeed_Arduino_FreeRTOS.h: No such file or directory
 #include &#34;Seeed_Arduino_FreeRTOS.h&#34;
          ^~~~~~~~~~~~~~~~~~~~~~~~~~
compilation terminated.
Multiple libraries were found for &#34;FreeRTOS.h&#34;
  Used: /Users/alranel/Documents/git/arduino/arduino-testlib/cli-datadir/user/libraries/FreeRTOS_SAMD51
  Not used: /Users/alranel/Documents/git/arduino/arduino-testlib/cli-datadir/user/libraries/STM32duino_FreeRTOS
  Not used: /Users/alranel/Documents/git/arduino/arduino-testlib/cli-datadir/user/libraries/ESP32_BLE_Arduino
  Not used: /Users/alranel/Documents/git/arduino/arduino-testlib/cli-datadir/user/libraries/FreeRTOS_SAMD21
Multiple libraries were found for &#34;ArduinoJson.h&#34;
  Used: /Users/alranel/Documents/git/arduino/arduino-testlib/cli-datadir/user/libraries/ArduinoJson
  Not used: /Users/alranel/Documents/git/arduino/arduino-testlib/cli-datadir/user/libraries/CMMC_MQTT_Connector
  Not used: /Users/alranel/Documents/git/arduino/arduino-testlib/cli-datadir/user/libraries/ThingESP
  Not used: /Users/alranel/Documents/git/arduino/arduino-testlib/cli-datadir/user/libraries/ThingsIoT
  Not used: /Users/alranel/Documents/git/arduino/arduino-testlib/cli-datadir/user/libraries/Antares_ESP8266_MQTT
  Not used: /Users/alranel/Documents/git/arduino/arduino-testlib/cli-datadir/user/libraries/AllThingsTalk_LTE-M_SDK
  Not used: /Users/alranel/Documents/git/arduino/arduino-testlib/cli-datadir/user/libraries/Antares_ESP8266_HTTP
  Not used: /Users/alranel/Documents/git/arduino/arduino-testlib/cli-datadir/user/libraries/BaleMessengerBot_Arduino
  Not used: /Users/alranel/Documents/git/arduino/arduino-testlib/cli-datadir/user/libraries/CoogleIOT
Multiple libraries were found for &#34;WiFi.h&#34;
  Used: /Users/alranel/Documents/git/arduino/arduino-testlib/cli-datadir/user/libraries/WiFi
  Not used: /Users/alranel/Documents/git/arduino/arduino-testlib/cli-datadir/user/libraries/Seeed_Arduino_rpcWiFi
  Not used: /Users/alranel/Documents/git/arduino/arduino-testlib/cli-datadir/user/libraries/WiFiNINA
  Not used: /Users/alranel/Documents/git/arduino/arduino-testlib/cli-datadir/user/libraries/WiFiEspAT
</pre>
					
				
				<h3 id="esp32:esp32:d1_mini32">esp32:esp32:d1_mini32 @ 1.0.6</h3>
				<h4>Inclusion</h4>
				<p>
					Result: <b>PASS</b>
					
				</p>
				<pre class="pre-scrollable">Sketch uses 259374 bytes (19%) of program storage space. Maximum is 1310720 bytes.
Global variables use 13656 bytes (4%) of dynamic memory, leaving 314024 bytes for local variables. Maximum is 327680 bytes.
</pre>

					
					<h4>examples/getAccountInformation</h4>
					<p>
						Result: <b>FAIL</b>
					</p>
					<pre class="pre-scrollable">/home/ec2-user/arduino-testlib/cli-datadir/user/libraries/Algoduino/examples/getAccountInformation/getAccountInformation.ino:3:34: error: expected primary-expression before &#39;(&#39; token
 Algoduino myAlgoduino = Algoduino(&#34;&lt;ssid&gt;&#34;, &#34;&lt;password&gt;&#34;, &#34;&lt;apiKey&gt;&#34;, &lt;network&gt;);
                                  ^
/home/ec2-user/arduino-testlib/cli-datadir/user/libraries/Algoduino/examples/getAccountInformation/getAccountInformation.ino:3:71: error: expected primary-expression before &#39;&lt;&#39; token
 Algoduino myAlgoduino = Algoduino(&#34;&lt;ssid&gt;&#34;, &#34;&lt;password&gt;&#34;, &#34;&lt;apiKey&gt;&#34;, &lt;network&gt;);
                                                                       ^
/home/ec2-user/arduino-testlib/cli-datadir/user/libraries/Algoduino/examples/getAccountInformation/getAccountInformation.ino:3:72: error: &#39;network&#39; was not declared in this scope
 Algoduino myAlgoduino = Algoduino(&#34;&lt;ssid&gt;&#34;, &#34;&lt;password&gt;&#34;, &#34;&lt;apiKey&gt;&#34;, &lt;network&gt;);
                                                                        ^
/home/ec2-user/arduino-testlib/cli-datadir/user/libraries/Algoduino/examples/getAccountInformation/getAccountInformation.ino:3:80: error: expected primary-expression before &#39;)&#39; token
 Algoduino myAlgoduino = Algoduino(&#34;&lt;ssid&gt;&#34;, &#34;&lt;password&gt;&#34;, &#34;&lt;apiKey&gt;&#34;, &lt;network&gt;);
                                                                                ^
Multiple libraries were found for &#34;ArduinoJson.h&#34;
  Used: /home/ec2-user/arduino-testlib/cli-datadir/user/libraries/ArduinoJson
  Not used: /home/ec2-user/arduino-testlib/cli-datadir/user/libraries/ThingESP
  Not used: /home/ec2-user/arduino-testlib/cli-datadir/user/libraries/Antares_ESP8266_HTTP
  Not used: /home/ec2-user/arduino-testlib/cli-datadir/user/libraries/AllThingsTalk_LTE-M_SDK
  Not used: /home/ec2-user/arduino-testlib/cli-datadir/user/libraries/Antares_ESP8266_MQTT
  Not used: /home/ec2-user/arduino-testlib/cli-datadir/user/libraries/BaleMessengerBot_Arduino
  Not used: /home/ec2-user/arduino-testlib/cli-datadir/user/libraries/ThingsIoT
  Not used: /home/ec2-user/arduino-testlib/cli-datadir/user/libraries/CMMC_MQTT_Connector
  Not used: /home/ec2-user/arduino-testlib/cli-datadir/user/libraries/CoogleIOT
Multiple libraries were found for &#34;WiFi.h&#34;
  Used: /home/ec2-user/arduino-testlib/cli-datadir/data/packages/esp32/hardware/esp32/1.0.6/libraries/WiFi
  Not used: /home/ec2-user/arduino-testlib/cli-datadir/user/libraries/WiFiNINA
  Not used: /home/ec2-user/arduino-testlib/cli-datadir/user/libraries/WiFiEspAT
  Not used: /home/ec2-user/arduino-testlib/cli-datadir/user/libraries/Seeed_Arduino_rpcWiFi
  Not used: /home/ec2-user/arduino-testlib/cli-datadir/user/libraries/WiFi
Multiple libraries were found for &#34;HTTPClient.h&#34;
  Used: /home/ec2-user/arduino-testlib/cli-datadir/data/packages/esp32/hardware/esp32/1.0.6/libraries/HTTPClient
  Not used: /home/ec2-user/arduino-testlib/cli-datadir/user/libraries/Seeed_Arduino_rpcWiFi
Multiple libraries were found for &#34;WiFiClientSecure.h&#34;
  Used: /home/ec2-user/arduino-testlib/cli-datadir/data/packages/esp32/hardware/esp32/1.0.6/libraries/WiFiClientSecure
  Not used: /home/ec2-user/arduino-testlib/cli-datadir/user/libraries/Seeed_Arduino_rpcWiFi
</pre>
					
					<h4>examples/getAssetInformation</h4>
					<p>
						Result: <b>FAIL</b>
					</p>
					<pre class="pre-scrollable">/home/ec2-user/arduino-testlib/cli-datadir/user/libraries/Algoduino/examples/getAssetInformation/getAssetInformation.ino:3:34: error: expected primary-expression before &#39;(&#39; token
 Algoduino myAlgoduino = Algoduino(&#34;&lt;ssid&gt;&#34;, &#34;&lt;password&gt;&#34;, &#34;&lt;apiKey&gt;&#34;, &lt;network&gt;);
                                  ^
/home/ec2-user/arduino-testlib/cli-datadir/user/libraries/Algoduino/examples/getAssetInformation/getAssetInformation.ino:3:71: error: expected primary-expression before &#39;&lt;&#39; token
 Algoduino myAlgoduino = Algoduino(&#34;&lt;ssid&gt;&#34;, &#34;&lt;password&gt;&#34;, &#34;&lt;apiKey&gt;&#34;, &lt;network&gt;);
                                                                       ^
/home/ec2-user/arduino-testlib/cli-datadir/user/libraries/Algoduino/examples/getAssetInformation/getAssetInformation.ino:3:72: error: &#39;network&#39; was not declared in this scope
 Algoduino myAlgoduino = Algoduino(&#34;&lt;ssid&gt;&#34;, &#34;&lt;password&gt;&#34;, &#34;&lt;apiKey&gt;&#34;, &lt;network&gt;);
                                                                        ^
/home/ec2-user/arduino-testlib/cli-datadir/user/libraries/Algoduino/examples/getAssetInformation/getAssetInformation.ino:3:80: error: expected primary-expression before &#39;)&#39; token
 Algoduino myAlgoduino = Algoduino(&#34;&lt;ssid&gt;&#34;, &#34;&lt;password&gt;&#34;, &#34;&lt;apiKey&gt;&#34;, &lt;network&gt;);
                                                                                ^
Multiple libraries were found for &#34;ArduinoJson.h&#34;
  Used: /home/ec2-user/arduino-testlib/cli-datadir/user/libraries/ArduinoJson
  Not used: /home/ec2-user/arduino-testlib/cli-datadir/user/libraries/Antares_ESP8266_MQTT
  Not used: /home/ec2-user/arduino-testlib/cli-datadir/user/libraries/Antares_ESP8266_HTTP
  Not used: /home/ec2-user/arduino-testlib/cli-datadir/user/libraries/ThingsIoT
  Not used: /home/ec2-user/arduino-testlib/cli-datadir/user/libraries/BaleMessengerBot_Arduino
  Not used: /home/ec2-user/arduino-testlib/cli-datadir/user/libraries/CoogleIOT
  Not used: /home/ec2-user/arduino-testlib/cli-datadir/user/libraries/AllThingsTalk_LTE-M_SDK
  Not used: /home/ec2-user/arduino-testlib/cli-datadir/user/libraries/ThingESP
  Not used: /home/ec2-user/arduino-testlib/cli-datadir/user/libraries/CMMC_MQTT_Connector
Multiple libraries were found for &#34;WiFi.h&#34;
  Used: /home/ec2-user/arduino-testlib/cli-datadir/data/packages/esp32/hardware/esp32/1.0.6/libraries/WiFi
  Not used: /home/ec2-user/arduino-testlib/cli-datadir/user/libraries/WiFi
  Not used: /home/ec2-user/arduino-testlib/cli-datadir/user/libraries/Seeed_Arduino_rpcWiFi
  Not used: /home/ec2-user/arduino-testlib/cli-datadir/user/libraries/WiFiNINA
  Not used: /home/ec2-user/arduino-testlib/cli-datadir/user/libraries/WiFiEspAT
Multiple libraries were found for &#34;HTTPClient.h&#34;
  Used: /home/ec2-user/arduino-testlib/cli-datadir/data/packages/esp32/hardware/esp32/1.0.6/libraries/HTTPClient
  Not used: /home/ec2-user/arduino-testlib/cli-datadir/user/libraries/Seeed_Arduino_rpcWiFi
Multiple libraries were found for &#34;WiFiClientSecure.h&#34;
  Used: /home/ec2-user/arduino-testlib/cli-datadir/data/packages/esp32/hardware/esp32/1.0.6/libraries/WiFiClientSecure
  Not used: /home/ec2-user/arduino-testlib/cli-datadir/user/libraries/Seeed_Arduino_rpcWiFi
</pre>
					
					<h4>examples/getLedgerSupply</h4>
					<p>
						Result: <b>FAIL</b>
					</p>
					<pre class="pre-scrollable">/home/ec2-user/arduino-testlib/cli-datadir/user/libraries/Algoduino/examples/getLedgerSupply/getLedgerSupply.ino:3:34: error: expected primary-expression before &#39;(&#39; token
 Algoduino myAlgoduino = Algoduino(&#34;&lt;ssid&gt;&#34;, &#34;&lt;password&gt;&#34;, &#34;&lt;apiKey&gt;&#34;, &lt;network&gt;);
                                  ^
/home/ec2-user/arduino-testlib/cli-datadir/user/libraries/Algoduino/examples/getLedgerSupply/getLedgerSupply.ino:3:71: error: expected primary-expression before &#39;&lt;&#39; token
 Algoduino myAlgoduino = Algoduino(&#34;&lt;ssid&gt;&#34;, &#34;&lt;password&gt;&#34;, &#34;&lt;apiKey&gt;&#34;, &lt;network&gt;);
                                                                       ^
/home/ec2-user/arduino-testlib/cli-datadir/user/libraries/Algoduino/examples/getLedgerSupply/getLedgerSupply.ino:3:72: error: &#39;network&#39; was not declared in this scope
 Algoduino myAlgoduino = Algoduino(&#34;&lt;ssid&gt;&#34;, &#34;&lt;password&gt;&#34;, &#34;&lt;apiKey&gt;&#34;, &lt;network&gt;);
                                                                        ^
/home/ec2-user/arduino-testlib/cli-datadir/user/libraries/Algoduino/examples/getLedgerSupply/getLedgerSupply.ino:3:80: error: expected primary-expression before &#39;)&#39; token
 Algoduino myAlgoduino = Algoduino(&#34;&lt;ssid&gt;&#34;, &#34;&lt;password&gt;&#34;, &#34;&lt;apiKey&gt;&#34;, &lt;network&gt;);
                                                                                ^
Multiple libraries were found for &#34;ArduinoJson.h&#34;
  Used: /home/ec2-user/arduino-testlib/cli-datadir/user/libraries/ArduinoJson
  Not used: /home/ec2-user/arduino-testlib/cli-datadir/user/libraries/AllThingsTalk_LTE-M_SDK
  Not used: /home/ec2-user/arduino-testlib/cli-datadir/user/libraries/CoogleIOT
  Not used: /home/ec2-user/arduino-testlib/cli-datadir/user/libraries/Antares_ESP8266_MQTT
  Not used: /home/ec2-user/arduino-testlib/cli-datadir/user/libraries/BaleMessengerBot_Arduino
  Not used: /home/ec2-user/arduino-testlib/cli-datadir/user/libraries/Antares_ESP8266_HTTP
  Not used: /home/ec2-user/arduino-testlib/cli-datadir/user/libraries/ThingsIoT
  Not used: /home/ec2-user/arduino-testlib/cli-datadir/user/libraries/ThingESP
  Not used: /home/ec2-user/arduino-testlib/cli-datadir/user/libraries/CMMC_MQTT_Connector
Multiple libraries were found for &#34;WiFi.h&#34;
  Used: /home/ec2-user/arduino-testlib/cli-datadir/data/packages/esp32/hardware/esp32/1.0.6/libraries/WiFi
  Not used: /home/ec2-user/arduino-testlib/cli-datadir/user/libraries/WiFiNINA
  Not used: /home/ec2-user/arduino-testlib/cli-datadir/user/libraries/WiFi
  Not used: /home/ec2-user/arduino-testlib/cli-datadir/user/libraries/Seeed_Arduino_rpcWiFi
  Not used: /home/ec2-user/arduino-testlib/cli-datadir/user/libraries/WiFiEspAT
Multiple libraries were found for &#34;HTTPClient.h&#34;
  Used: /home/ec2-user/arduino-testlib/cli-datadir/data/packages/esp32/hardware/esp32/1.0.6/libraries/HTTPClient
  Not used: /home/ec2-user/arduino-testlib/cli-datadir/user/libraries/Seeed_Arduino_rpcWiFi
Multiple libraries were found for &#34;WiFiClientSecure.h&#34;
  Used: /home/ec2-user/arduino-testlib/cli-datadir/data/packages/esp32/hardware/esp32/1.0.6/libraries/WiFiClientSecure
  Not used: /home/ec2-user/arduino-testlib/cli-datadir/user/libraries/Seeed_Arduino_rpcWiFi
</pre>
					
					<h4>examples/getStatus</h4>
					<p>
						Result: <b>FAIL</b>
					</p>
					<pre class="pre-scrollable">/home/ec2-user/arduino-testlib/cli-datadir/user/libraries/Algoduino/examples/getStatus/getStatus.ino:3:34: error: expected primary-expression before &#39;(&#39; token
 Algoduino myAlgoduino = Algoduino(&#34;&lt;ssid&gt;&#34;, &#34;&lt;password&gt;&#34;, &#34;&lt;apiKey&gt;&#34;, &lt;network&gt;);
                                  ^
/home/ec2-user/arduino-testlib/cli-datadir/user/libraries/Algoduino/examples/getStatus/getStatus.ino:3:71: error: expected primary-expression before &#39;&lt;&#39; token
 Algoduino myAlgoduino = Algoduino(&#34;&lt;ssid&gt;&#34;, &#34;&lt;password&gt;&#34;, &#34;&lt;apiKey&gt;&#34;, &lt;network&gt;);
                                                                       ^
/home/ec2-user/arduino-testlib/cli-datadir/user/libraries/Algoduino/examples/getStatus/getStatus.ino:3:72: error: &#39;network&#39; was not declared in this scope
 Algoduino myAlgoduino = Algoduino(&#34;&lt;ssid&gt;&#34;, &#34;&lt;password&gt;&#34;, &#34;&lt;apiKey&gt;&#34;, &lt;network&gt;);
                                                                        ^
/home/ec2-user/arduino-testlib/cli-datadir/user/libraries/Algoduino/examples/getStatus/getStatus.ino:3:80: error: expected primary-expression before &#39;)&#39; token
 Algoduino myAlgoduino = Algoduino(&#34;&lt;ssid&gt;&#34;, &#34;&lt;password&gt;&#34;, &#34;&lt;apiKey&gt;&#34;, &lt;network&gt;);
                                                                                ^
Multiple libraries were found for &#34;HTTPClient.h&#34;
  Used: /home/ec2-user/arduino-testlib/cli-datadir/data/packages/esp32/hardware/esp32/1.0.6/libraries/HTTPClient
  Not used: /home/ec2-user/arduino-testlib/cli-datadir/user/libraries/Seeed_Arduino_rpcWiFi
Multiple libraries were found for &#34;WiFiClientSecure.h&#34;
  Used: /home/ec2-user/arduino-testlib/cli-datadir/data/packages/esp32/hardware/esp32/1.0.6/libraries/WiFiClientSecure
  Not used: /home/ec2-user/arduino-testlib/cli-datadir/user/libraries/Seeed_Arduino_rpcWiFi
Multiple libraries were found for &#34;ArduinoJson.h&#34;
  Used: /home/ec2-user/arduino-testlib/cli-datadir/user/libraries/ArduinoJson
  Not used: /home/ec2-user/arduino-testlib/cli-datadir/user/libraries/ThingsIoT
  Not used: /home/ec2-user/arduino-testlib/cli-datadir/user/libraries/CoogleIOT
  Not used: /home/ec2-user/arduino-testlib/cli-datadir/user/libraries/AllThingsTalk_LTE-M_SDK
  Not used: /home/ec2-user/arduino-testlib/cli-datadir/user/libraries/ThingESP
  Not used: /home/ec2-user/arduino-testlib/cli-datadir/user/libraries/Antares_ESP8266_HTTP
  Not used: /home/ec2-user/arduino-testlib/cli-datadir/user/libraries/BaleMessengerBot_Arduino
  Not used: /home/ec2-user/arduino-testlib/cli-datadir/user/libraries/Antares_ESP8266_MQTT
  Not used: /home/ec2-user/arduino-testlib/cli-datadir/user/libraries/CMMC_MQTT_Connector
Multiple libraries were found for &#34;WiFi.h&#34;
  Used: /home/ec2-user/arduino-testlib/cli-datadir/data/packages/esp32/hardware/esp32/1.0.6/libraries/WiFi
  Not used: /home/ec2-user/arduino-testlib/cli-datadir/user/libraries/WiFiNINA
  Not used: /home/ec2-user/arduino-testlib/cli-datadir/user/libraries/Seeed_Arduino_rpcWiFi
  Not used: /home/ec2-user/arduino-testlib/cli-datadir/user/libraries/WiFi
  Not used: /home/ec2-user/arduino-testlib/cli-datadir/user/libraries/WiFiEspAT
</pre>
					
					<h4>examples/getTransactionFee</h4>
					<p>
						Result: <b>FAIL</b>
					</p>
					<pre class="pre-scrollable">/home/ec2-user/arduino-testlib/cli-datadir/user/libraries/Algoduino/examples/getTransactionFee/getTransactionFee.ino:3:34: error: expected primary-expression before &#39;(&#39; token
 Algoduino myAlgoduino = Algoduino(&#34;&lt;ssid&gt;&#34;, &#34;&lt;password&gt;&#34;, &#34;&lt;apiKey&gt;&#34;, &lt;network&gt;);
                                  ^
/home/ec2-user/arduino-testlib/cli-datadir/user/libraries/Algoduino/examples/getTransactionFee/getTransactionFee.ino:3:71: error: expected primary-expression before &#39;&lt;&#39; token
 Algoduino myAlgoduino = Algoduino(&#34;&lt;ssid&gt;&#34;, &#34;&lt;password&gt;&#34;, &#34;&lt;apiKey&gt;&#34;, &lt;network&gt;);
                                                                       ^
/home/ec2-user/arduino-testlib/cli-datadir/user/libraries/Algoduino/examples/getTransactionFee/getTransactionFee.ino:3:72: error: &#39;network&#39; was not declared in this scope
 Algoduino myAlgoduino = Algoduino(&#34;&lt;ssid&gt;&#34;, &#34;&lt;password&gt;&#34;, &#34;&lt;apiKey&gt;&#34;, &lt;network&gt;);
                                                                        ^
/home/ec2-user/arduino-testlib/cli-datadir/user/libraries/Algoduino/examples/getTransactionFee/getTransactionFee.ino:3:80: error: expected primary-expression before &#39;)&#39; token
 Algoduino myAlgoduino = Algoduino(&#34;&lt;ssid&gt;&#34;, &#34;&lt;password&gt;&#34;, &#34;&lt;apiKey&gt;&#34;, &lt;network&gt;);
                                                                                ^
Multiple libraries were found for &#34;WiFi.h&#34;
  Used: /home/ec2-user/arduino-testlib/cli-datadir/data/packages/esp32/hardware/esp32/1.0.6/libraries/WiFi
  Not used: /home/ec2-user/arduino-testlib/cli-datadir/user/libraries/WiFiNINA
  Not used: /home/ec2-user/arduino-testlib/cli-datadir/user/libraries/WiFi
  Not used: /home/ec2-user/arduino-testlib/cli-datadir/user/libraries/WiFiEspAT
  Not used: /home/ec2-user/arduino-testlib/cli-datadir/user/libraries/Seeed_Arduino_rpcWiFi
Multiple libraries were found for &#34;HTTPClient.h&#34;
  Used: /home/ec2-user/arduino-testlib/cli-datadir/data/packages/esp32/hardware/esp32/1.0.6/libraries/HTTPClient
  Not used: /home/ec2-user/arduino-testlib/cli-datadir/user/libraries/Seeed_Arduino_rpcWiFi
Multiple libraries were found for &#34;WiFiClientSecure.h&#34;
  Used: /home/ec2-user/arduino-testlib/cli-datadir/data/packages/esp32/hardware/esp32/1.0.6/libraries/WiFiClientSecure
  Not used: /home/ec2-user/arduino-testlib/cli-datadir/user/libraries/Seeed_Arduino_rpcWiFi
Multiple libraries were found for &#34;ArduinoJson.h&#34;
  Used: /home/ec2-user/arduino-testlib/cli-datadir/user/libraries/ArduinoJson
  Not used: /home/ec2-user/arduino-testlib/cli-datadir/user/libraries/Antares_ESP8266_MQTT
  Not used: /home/ec2-user/arduino-testlib/cli-datadir/user/libraries/CMMC_MQTT_Connector
  Not used: /home/ec2-user/arduino-testlib/cli-datadir/user/libraries/CoogleIOT
  Not used: /home/ec2-user/arduino-testlib/cli-datadir/user/libraries/ThingESP
  Not used: /home/ec2-user/arduino-testlib/cli-datadir/user/libraries/AllThingsTalk_LTE-M_SDK
  Not used: /home/ec2-user/arduino-testlib/cli-datadir/user/libraries/ThingsIoT
  Not used: /home/ec2-user/arduino-testlib/cli-datadir/user/libraries/BaleMessengerBot_Arduino
  Not used: /home/ec2-user/arduino-testlib/cli-datadir/user/libraries/Antares_ESP8266_HTTP
</pre>
					
					<h4>examples/getTransactionInformation</h4>
					<p>
						Result: <b>FAIL</b>
					</p>
					<pre class="pre-scrollable">/home/ec2-user/arduino-testlib/cli-datadir/user/libraries/Algoduino/examples/getTransactionInformation/getTransactionInformation.ino:3:34: error: expected primary-expression before &#39;(&#39; token
 Algoduino myAlgoduino = Algoduino(&#34;&lt;ssid&gt;&#34;, &#34;&lt;password&gt;&#34;, &#34;&lt;apiKey&gt;&#34;, &lt;network&gt;);
                                  ^
/home/ec2-user/arduino-testlib/cli-datadir/user/libraries/Algoduino/examples/getTransactionInformation/getTransactionInformation.ino:3:71: error: expected primary-expression before &#39;&lt;&#39; token
 Algoduino myAlgoduino = Algoduino(&#34;&lt;ssid&gt;&#34;, &#34;&lt;password&gt;&#34;, &#34;&lt;apiKey&gt;&#34;, &lt;network&gt;);
                                                                       ^
/home/ec2-user/arduino-testlib/cli-datadir/user/libraries/Algoduino/examples/getTransactionInformation/getTransactionInformation.ino:3:72: error: &#39;network&#39; was not declared in this scope
 Algoduino myAlgoduino = Algoduino(&#34;&lt;ssid&gt;&#34;, &#34;&lt;password&gt;&#34;, &#34;&lt;apiKey&gt;&#34;, &lt;network&gt;);
                                                                        ^
/home/ec2-user/arduino-testlib/cli-datadir/user/libraries/Algoduino/examples/getTransactionInformation/getTransactionInformation.ino:3:80: error: expected primary-expression before &#39;)&#39; token
 Algoduino myAlgoduino = Algoduino(&#34;&lt;ssid&gt;&#34;, &#34;&lt;password&gt;&#34;, &#34;&lt;apiKey&gt;&#34;, &lt;network&gt;);
                                                                                ^
Multiple libraries were found for &#34;ArduinoJson.h&#34;
  Used: /home/ec2-user/arduino-testlib/cli-datadir/user/libraries/ArduinoJson
  Not used: /home/ec2-user/arduino-testlib/cli-datadir/user/libraries/CoogleIOT
  Not used: /home/ec2-user/arduino-testlib/cli-datadir/user/libraries/Antares_ESP8266_MQTT
  Not used: /home/ec2-user/arduino-testlib/cli-datadir/user/libraries/ThingsIoT
  Not used: /home/ec2-user/arduino-testlib/cli-datadir/user/libraries/ThingESP
  Not used: /home/ec2-user/arduino-testlib/cli-datadir/user/libraries/CMMC_MQTT_Connector
  Not used: /home/ec2-user/arduino-testlib/cli-datadir/user/libraries/Antares_ESP8266_HTTP
  Not used: /home/ec2-user/arduino-testlib/cli-datadir/user/libraries/AllThingsTalk_LTE-M_SDK
  Not used: /home/ec2-user/arduino-testlib/cli-datadir/user/libraries/BaleMessengerBot_Arduino
Multiple libraries were found for &#34;WiFi.h&#34;
  Used: /home/ec2-user/arduino-testlib/cli-datadir/data/packages/esp32/hardware/esp32/1.0.6/libraries/WiFi
  Not used: /home/ec2-user/arduino-testlib/cli-datadir/user/libraries/Seeed_Arduino_rpcWiFi
  Not used: /home/ec2-user/arduino-testlib/cli-datadir/user/libraries/WiFi
  Not used: /home/ec2-user/arduino-testlib/cli-datadir/user/libraries/WiFiEspAT
  Not used: /home/ec2-user/arduino-testlib/cli-datadir/user/libraries/WiFiNINA
Multiple libraries were found for &#34;HTTPClient.h&#34;
  Used: /home/ec2-user/arduino-testlib/cli-datadir/data/packages/esp32/hardware/esp32/1.0.6/libraries/HTTPClient
  Not used: /home/ec2-user/arduino-testlib/cli-datadir/user/libraries/Seeed_Arduino_rpcWiFi
Multiple libraries were found for &#34;WiFiClientSecure.h&#34;
  Used: /home/ec2-user/arduino-testlib/cli-datadir/data/packages/esp32/hardware/esp32/1.0.6/libraries/WiFiClientSecure
  Not used: /home/ec2-user/arduino-testlib/cli-datadir/user/libraries/Seeed_Arduino_rpcWiFi
</pre>
					
					<h4>examples/getTransactionParams</h4>
					<p>
						Result: <b>FAIL</b>
					</p>
					<pre class="pre-scrollable">/home/ec2-user/arduino-testlib/cli-datadir/user/libraries/Algoduino/examples/getTransactionParams/getTransactionParams.ino:3:34: error: expected primary-expression before &#39;(&#39; token
 Algoduino myAlgoduino = Algoduino(&#34;&lt;ssid&gt;&#34;, &#34;&lt;password&gt;&#34;, &#34;&lt;apiKey&gt;&#34;, &lt;network&gt;);
                                  ^
/home/ec2-user/arduino-testlib/cli-datadir/user/libraries/Algoduino/examples/getTransactionParams/getTransactionParams.ino:3:71: error: expected primary-expression before &#39;&lt;&#39; token
 Algoduino myAlgoduino = Algoduino(&#34;&lt;ssid&gt;&#34;, &#34;&lt;password&gt;&#34;, &#34;&lt;apiKey&gt;&#34;, &lt;network&gt;);
                                                                       ^
/home/ec2-user/arduino-testlib/cli-datadir/user/libraries/Algoduino/examples/getTransactionParams/getTransactionParams.ino:3:72: error: &#39;network&#39; was not declared in this scope
 Algoduino myAlgoduino = Algoduino(&#34;&lt;ssid&gt;&#34;, &#34;&lt;password&gt;&#34;, &#34;&lt;apiKey&gt;&#34;, &lt;network&gt;);
                                                                        ^
/home/ec2-user/arduino-testlib/cli-datadir/user/libraries/Algoduino/examples/getTransactionParams/getTransactionParams.ino:3:80: error: expected primary-expression before &#39;)&#39; token
 Algoduino myAlgoduino = Algoduino(&#34;&lt;ssid&gt;&#34;, &#34;&lt;password&gt;&#34;, &#34;&lt;apiKey&gt;&#34;, &lt;network&gt;);
                                                                                ^
Multiple libraries were found for &#34;ArduinoJson.h&#34;
  Used: /home/ec2-user/arduino-testlib/cli-datadir/user/libraries/ArduinoJson
  Not used: /home/ec2-user/arduino-testlib/cli-datadir/user/libraries/Antares_ESP8266_MQTT
  Not used: /home/ec2-user/arduino-testlib/cli-datadir/user/libraries/AllThingsTalk_LTE-M_SDK
  Not used: /home/ec2-user/arduino-testlib/cli-datadir/user/libraries/BaleMessengerBot_Arduino
  Not used: /home/ec2-user/arduino-testlib/cli-datadir/user/libraries/ThingESP
  Not used: /home/ec2-user/arduino-testlib/cli-datadir/user/libraries/CMMC_MQTT_Connector
  Not used: /home/ec2-user/arduino-testlib/cli-datadir/user/libraries/CoogleIOT
  Not used: /home/ec2-user/arduino-testlib/cli-datadir/user/libraries/Antares_ESP8266_HTTP
  Not used: /home/ec2-user/arduino-testlib/cli-datadir/user/libraries/ThingsIoT
Multiple libraries were found for &#34;WiFi.h&#34;
  Used: /home/ec2-user/arduino-testlib/cli-datadir/data/packages/esp32/hardware/esp32/1.0.6/libraries/WiFi
  Not used: /home/ec2-user/arduino-testlib/cli-datadir/user/libraries/WiFi
  Not used: /home/ec2-user/arduino-testlib/cli-datadir/user/libraries/WiFiEspAT
  Not used: /home/ec2-user/arduino-testlib/cli-datadir/user/libraries/Seeed_Arduino_rpcWiFi
  Not used: /home/ec2-user/arduino-testlib/cli-datadir/user/libraries/WiFiNINA
Multiple libraries were found for &#34;HTTPClient.h&#34;
  Used: /home/ec2-user/arduino-testlib/cli-datadir/data/packages/esp32/hardware/esp32/1.0.6/libraries/HTTPClient
  Not used: /home/ec2-user/arduino-testlib/cli-datadir/user/libraries/Seeed_Arduino_rpcWiFi
Multiple libraries were found for &#34;WiFiClientSecure.h&#34;
  Used: /home/ec2-user/arduino-testlib/cli-datadir/data/packages/esp32/hardware/esp32/1.0.6/libraries/WiFiClientSecure
  Not used: /home/ec2-user/arduino-testlib/cli-datadir/user/libraries/Seeed_Arduino_rpcWiFi
</pre>
					
					<h4>examples/getVersions</h4>
					<p>
						Result: <b>FAIL</b>
					</p>
					<pre class="pre-scrollable">/home/ec2-user/arduino-testlib/cli-datadir/user/libraries/Algoduino/examples/getVersions/getVersions.ino:3:34: error: expected primary-expression before &#39;(&#39; token
 Algoduino myAlgoduino = Algoduino(&#34;&lt;ssid&gt;&#34;, &#34;&lt;password&gt;&#34;, &#34;&lt;apiKey&gt;&#34;, &lt;network&gt;);
                                  ^
/home/ec2-user/arduino-testlib/cli-datadir/user/libraries/Algoduino/examples/getVersions/getVersions.ino:3:71: error: expected primary-expression before &#39;&lt;&#39; token
 Algoduino myAlgoduino = Algoduino(&#34;&lt;ssid&gt;&#34;, &#34;&lt;password&gt;&#34;, &#34;&lt;apiKey&gt;&#34;, &lt;network&gt;);
                                                                       ^
/home/ec2-user/arduino-testlib/cli-datadir/user/libraries/Algoduino/examples/getVersions/getVersions.ino:3:72: error: &#39;network&#39; was not declared in this scope
 Algoduino myAlgoduino = Algoduino(&#34;&lt;ssid&gt;&#34;, &#34;&lt;password&gt;&#34;, &#34;&lt;apiKey&gt;&#34;, &lt;network&gt;);
                                                                        ^
/home/ec2-user/arduino-testlib/cli-datadir/user/libraries/Algoduino/examples/getVersions/getVersions.ino:3:80: error: expected primary-expression before &#39;)&#39; token
 Algoduino myAlgoduino = Algoduino(&#34;&lt;ssid&gt;&#34;, &#34;&lt;password&gt;&#34;, &#34;&lt;apiKey&gt;&#34;, &lt;network&gt;);
                                                                                ^
Multiple libraries were found for &#34;HTTPClient.h&#34;
  Used: /home/ec2-user/arduino-testlib/cli-datadir/data/packages/esp32/hardware/esp32/1.0.6/libraries/HTTPClient
  Not used: /home/ec2-user/arduino-testlib/cli-datadir/user/libraries/Seeed_Arduino_rpcWiFi
Multiple libraries were found for &#34;WiFiClientSecure.h&#34;
  Used: /home/ec2-user/arduino-testlib/cli-datadir/data/packages/esp32/hardware/esp32/1.0.6/libraries/WiFiClientSecure
  Not used: /home/ec2-user/arduino-testlib/cli-datadir/user/libraries/Seeed_Arduino_rpcWiFi
Multiple libraries were found for &#34;ArduinoJson.h&#34;
  Used: /home/ec2-user/arduino-testlib/cli-datadir/user/libraries/ArduinoJson
  Not used: /home/ec2-user/arduino-testlib/cli-datadir/user/libraries/CoogleIOT
  Not used: /home/ec2-user/arduino-testlib/cli-datadir/user/libraries/AllThingsTalk_LTE-M_SDK
  Not used: /home/ec2-user/arduino-testlib/cli-datadir/user/libraries/BaleMessengerBot_Arduino
  Not used: /home/ec2-user/arduino-testlib/cli-datadir/user/libraries/CMMC_MQTT_Connector
  Not used: /home/ec2-user/arduino-testlib/cli-datadir/user/libraries/ThingsIoT
  Not used: /home/ec2-user/arduino-testlib/cli-datadir/user/libraries/Antares_ESP8266_HTTP
  Not used: /home/ec2-user/arduino-testlib/cli-datadir/user/libraries/ThingESP
  Not used: /home/ec2-user/arduino-testlib/cli-datadir/user/libraries/Antares_ESP8266_MQTT
Multiple libraries were found for &#34;WiFi.h&#34;
  Used: /home/ec2-user/arduino-testlib/cli-datadir/data/packages/esp32/hardware/esp32/1.0.6/libraries/WiFi
  Not used: /home/ec2-user/arduino-testlib/cli-datadir/user/libraries/WiFiEspAT
  Not used: /home/ec2-user/arduino-testlib/cli-datadir/user/libraries/WiFiNINA
  Not used: /home/ec2-user/arduino-testlib/cli-datadir/user/libraries/Seeed_Arduino_rpcWiFi
  Not used: /home/ec2-user/arduino-testlib/cli-datadir/user/libraries/WiFi
</pre>
					
				
			</div>
		</div>
	</div>
  </body>
</html>
