
<!doctype html>
<html lang="en">
  <head>
    <meta charset="utf-8">
    <meta name="viewport" content="width=device-width, initial-scale=1">
    <link href="https://cdn.jsdelivr.net/npm/bootstrap@5.0.2/dist/css/bootstrap.min.css" rel="stylesheet" integrity="sha384-EVSTQN3/azprG1Anm3QDgpJLIm9Nao0Yz1ztcQTwFspd3yD65VohhpuuCOmLASjC" crossorigin="anonymous">
    <title>arduino-testlib report</title>
	<style>
	.pass { background-color: #00FF00 !important; }
	.fail { background-color: #FF0000 !important; }
	</style>
  </head>
  <body>
	<div class="container">
		<div class="row">
			<div class="col">
				<h1>Alpenglow FUnicorn - compatibility matrix</h1>
				<p>
					<small>This report was generated on Wednesday, 23-Feb-22 22:48:15 CET using 
					<a href="https://github.com/alranel/arduino-testlib">arduino-testlib</a>.</small>
				</p>

				<h2>Alpenglow FUnicorn</h2>
				<p>
					Version: <b>2.0.0</b>
					<br />
					<a href="https://www.arduino.cc/reference/en/libraries/alpenglow-funicorn/">More details</a>
				</p>

				<h2>Compatibility matrix</h2>
				<table class="table table-bordered">
					<tr>
						<th>Board</th>
						<th>Claims compatibility</th>
						<th>Inclusion</th>
						
						<th><pre>Funicorn_ResTouch</pre></th>
						
						<th><pre>FUnicorn_BlinkPattern</pre></th>
						
						<th><pre>FUnicorn_Button</pre></th>
						
						<th><pre>FUnicorn_Music_Shield</pre></th>
						
						<th><pre>FUnicorn_ShipCode</pre></th>
						
						<th><pre>FUnicorn_SocialDist</pre></th>
						
						<th><pre>Funicorn_CapTouch</pre></th>
						
					</tr>
					
					<tr>
						<td>
							<a href="#arduino%3aavr%3auno"><b>arduino:avr:uno</b></a>
							<br />
							<small>1.8.4</small>
						</td>

						
							<td>Yes</td>
							<td class="pass">PASS</td>
						
						
						
						

						
							
								
									
										
									
										
									
										
									
										
									
										
									
										
									
										
											
											<td class="fail">FAIL</td>
										
									
								
							
								
							
								
							
								
							
								
							
						
							
								
									
										
											<td class="pass">PASS</td>
											
										
									
										
									
										
									
										
									
										
									
										
									
										
									
								
							
								
							
								
							
								
							
								
							
						
							
								
									
										
									
										
											<td class="pass">PASS</td>
											
										
									
										
									
										
									
										
									
										
									
										
									
								
							
								
							
								
							
								
							
								
							
						
							
								
									
										
									
										
									
										
											<td class="pass">PASS</td>
											
										
									
										
									
										
									
										
									
										
									
								
							
								
							
								
							
								
							
								
							
						
							
								
									
										
									
										
									
										
									
										
											<td class="pass">PASS</td>
											
										
									
										
									
										
									
										
									
								
							
								
							
								
							
								
							
								
							
						
							
								
									
										
									
										
									
										
									
										
									
										
											<td class="pass">PASS</td>
											
										
									
										
									
										
									
								
							
								
							
								
							
								
							
								
							
						
							
								
									
										
									
										
									
										
									
										
									
										
									
										
											
											<td class="fail">FAIL</td>
										
									
										
									
								
							
								
							
								
							
								
							
								
							
						
					</tr>
					
					<tr>
						<td>
							<a href="#arduino%3ambed_nano%3ananorp2040connect"><b>arduino:mbed_nano:nanorp2040connect</b></a>
							<br />
							<small>2.7.2</small>
						</td>

						
						
						
							<td>Yes ⚠️</td>
							<td class="fail">FAIL</td>
						
						

						
							
								
							
								
									
										
									
										
									
										
									
										
									
										
									
										
									
										
											
											<td class="fail">FAIL</td>
										
									
								
							
								
							
								
							
								
							
						
							
								
							
								
									
										
											
											<td class="fail">FAIL</td>
										
									
										
									
										
									
										
									
										
									
										
									
										
									
								
							
								
							
								
							
								
							
						
							
								
							
								
									
										
									
										
											
											<td class="fail">FAIL</td>
										
									
										
									
										
									
										
									
										
									
										
									
								
							
								
							
								
							
								
							
						
							
								
							
								
									
										
									
										
									
										
											
											<td class="fail">FAIL</td>
										
									
										
									
										
									
										
									
										
									
								
							
								
							
								
							
								
							
						
							
								
							
								
									
										
									
										
									
										
									
										
											
											<td class="fail">FAIL</td>
										
									
										
									
										
									
										
									
								
							
								
							
								
							
								
							
						
							
								
							
								
									
										
									
										
									
										
									
										
									
										
											
											<td class="fail">FAIL</td>
										
									
										
									
										
									
								
							
								
							
								
							
								
							
						
							
								
							
								
									
										
									
										
									
										
									
										
									
										
									
										
											
											<td class="fail">FAIL</td>
										
									
										
									
								
							
								
							
								
							
								
							
						
					</tr>
					
					<tr>
						<td>
							<a href="#arduino%3amegaavr%3anona4809"><b>arduino:megaavr:nona4809</b></a>
							<br />
							<small>1.8.7</small>
						</td>

						
						
						
							<td>Yes ⚠️</td>
							<td class="fail">FAIL</td>
						
						

						
							
								
							
								
							
								
									
										
									
										
									
										
									
										
									
										
									
										
									
										
											
											<td class="fail">FAIL</td>
										
									
								
							
								
							
								
							
						
							
								
							
								
							
								
									
										
											
											<td class="fail">FAIL</td>
										
									
										
									
										
									
										
									
										
									
										
									
										
									
								
							
								
							
								
							
						
							
								
							
								
							
								
									
										
									
										
											
											<td class="fail">FAIL</td>
										
									
										
									
										
									
										
									
										
									
										
									
								
							
								
							
								
							
						
							
								
							
								
							
								
									
										
									
										
									
										
											
											<td class="fail">FAIL</td>
										
									
										
									
										
									
										
									
										
									
								
							
								
							
								
							
						
							
								
							
								
							
								
									
										
									
										
									
										
									
										
											
											<td class="fail">FAIL</td>
										
									
										
									
										
									
										
									
								
							
								
							
								
							
						
							
								
							
								
							
								
									
										
									
										
									
										
									
										
									
										
											
											<td class="fail">FAIL</td>
										
									
										
									
										
									
								
							
								
							
								
							
						
							
								
							
								
							
								
									
										
									
										
									
										
									
										
									
										
									
										
											
											<td class="fail">FAIL</td>
										
									
										
									
								
							
								
							
								
							
						
					</tr>
					
					<tr>
						<td>
							<a href="#arduino%3asamd%3amkrwifi1010"><b>arduino:samd:mkrwifi1010</b></a>
							<br />
							<small>1.8.12</small>
						</td>

						
						
						
							<td>Yes ⚠️</td>
							<td class="fail">FAIL</td>
						
						

						
							
								
							
								
							
								
							
								
									
										
									
										
									
										
									
										
									
										
									
										
									
										
											
											<td class="fail">FAIL</td>
										
									
								
							
								
							
						
							
								
							
								
							
								
							
								
									
										
											
											<td class="fail">FAIL</td>
										
									
										
									
										
									
										
									
										
									
										
									
										
									
								
							
								
							
						
							
								
							
								
							
								
							
								
									
										
									
										
											
											<td class="fail">FAIL</td>
										
									
										
									
										
									
										
									
										
									
										
									
								
							
								
							
						
							
								
							
								
							
								
							
								
									
										
									
										
									
										
											
											<td class="fail">FAIL</td>
										
									
										
									
										
									
										
									
										
									
								
							
								
							
						
							
								
							
								
							
								
							
								
									
										
									
										
									
										
									
										
											
											<td class="fail">FAIL</td>
										
									
										
									
										
									
										
									
								
							
								
							
						
							
								
							
								
							
								
							
								
									
										
									
										
									
										
									
										
									
										
											
											<td class="fail">FAIL</td>
										
									
										
									
										
									
								
							
								
							
						
							
								
							
								
							
								
							
								
									
										
									
										
									
										
									
										
									
										
									
										
											
											<td class="fail">FAIL</td>
										
									
										
									
								
							
								
							
						
					</tr>
					
					<tr>
						<td>
							<a href="#esp32%3aesp32%3ad1_mini32"><b>esp32:esp32:d1_mini32</b></a>
							<br />
							<small>1.0.6</small>
						</td>

						
						
						
							<td>Yes ⚠️</td>
							<td class="fail">FAIL</td>
						
						

						
							
								
							
								
							
								
							
								
							
								
									
										
									
										
									
										
									
										
									
										
									
										
									
										
											
											<td class="fail">FAIL</td>
										
									
								
							
						
							
								
							
								
							
								
							
								
							
								
									
										
											
											<td class="fail">FAIL</td>
										
									
										
									
										
									
										
									
										
									
										
									
										
									
								
							
						
							
								
							
								
							
								
							
								
							
								
									
										
									
										
											
											<td class="fail">FAIL</td>
										
									
										
									
										
									
										
									
										
									
										
									
								
							
						
							
								
							
								
							
								
							
								
							
								
									
										
									
										
									
										
											
											<td class="fail">FAIL</td>
										
									
										
									
										
									
										
									
										
									
								
							
						
							
								
							
								
							
								
							
								
							
								
									
										
									
										
									
										
									
										
											
											<td class="fail">FAIL</td>
										
									
										
									
										
									
										
									
								
							
						
							
								
							
								
							
								
							
								
							
								
									
										
									
										
									
										
									
										
									
										
											
											<td class="fail">FAIL</td>
										
									
										
									
										
									
								
							
						
							
								
							
								
							
								
							
								
							
								
									
										
									
										
									
										
									
										
									
										
									
										
											
											<td class="fail">FAIL</td>
										
									
										
									
								
							
						
					</tr>
					
				</table>

				<h2>Compilation logs</h2>
				
				<h3 id="arduino:avr:uno">arduino:avr:uno @ 1.8.4</h3>
				<h4>Inclusion</h4>
				<p>
					Result: <b>PASS</b>
					
				</p>
				<pre class="pre-scrollable">Sketch uses 444 bytes (1%) of program storage space. Maximum is 32256 bytes.
Global variables use 9 bytes (0%) of dynamic memory, leaving 2039 bytes for local variables. Maximum is 2048 bytes.
</pre>

					
					<h4>examples/FUnicorn_BlinkPattern</h4>
					<p>
						Result: <b>PASS</b>
					</p>
					<pre class="pre-scrollable">Sketch uses 2210 bytes (6%) of program storage space. Maximum is 32256 bytes.
Global variables use 19 bytes (0%) of dynamic memory, leaving 2029 bytes for local variables. Maximum is 2048 bytes.
</pre>
					
					<h4>examples/FUnicorn_Button</h4>
					<p>
						Result: <b>PASS</b>
					</p>
					<pre class="pre-scrollable">Sketch uses 2276 bytes (7%) of program storage space. Maximum is 32256 bytes.
Global variables use 16 bytes (0%) of dynamic memory, leaving 2032 bytes for local variables. Maximum is 2048 bytes.
</pre>
					
					<h4>examples/FUnicorn_Music_Shield</h4>
					<p>
						Result: <b>PASS</b>
					</p>
					<pre class="pre-scrollable">Sketch uses 3354 bytes (10%) of program storage space. Maximum is 32256 bytes.
Global variables use 21 bytes (1%) of dynamic memory, leaving 2027 bytes for local variables. Maximum is 2048 bytes.
</pre>
					
					<h4>examples/FUnicorn_ShipCode</h4>
					<p>
						Result: <b>PASS</b>
					</p>
					<pre class="pre-scrollable">Sketch uses 2924 bytes (9%) of program storage space. Maximum is 32256 bytes.
Global variables use 19 bytes (0%) of dynamic memory, leaving 2029 bytes for local variables. Maximum is 2048 bytes.
</pre>
					
					<h4>examples/FUnicorn_SocialDist</h4>
					<p>
						Result: <b>PASS</b>
					</p>
					<pre class="pre-scrollable">Sketch uses 2794 bytes (8%) of program storage space. Maximum is 32256 bytes.
Global variables use 22 bytes (1%) of dynamic memory, leaving 2026 bytes for local variables. Maximum is 2048 bytes.
</pre>
					
					<h4>examples/Funicorn_CapTouch</h4>
					<p>
						Result: <b>FAIL</b>
					</p>
					<pre class="pre-scrollable"></pre>
					
					<h4>examples/Funicorn_ResTouch</h4>
					<p>
						Result: <b>FAIL</b>
					</p>
					<pre class="pre-scrollable"></pre>
					
				
				<h3 id="arduino:mbed_nano:nanorp2040connect">arduino:mbed_nano:nanorp2040connect @ 2.7.2</h3>
				<h4>Inclusion</h4>
				<p>
					Result: <b>FAIL</b>
					
				</p>
				<pre class="pre-scrollable">/home/ec2-user/arduino-testlib/cli-datadir/user/libraries/Alpenglow_FUnicorn/src/FUnicorn.cpp:33:10: fatal error: util/atomic.h: No such file or directory
 #include &lt;util/atomic.h&gt;
          ^~~~~~~~~~~~~~~
compilation terminated.

</pre>

					
					<h4>examples/FUnicorn_BlinkPattern</h4>
					<p>
						Result: <b>FAIL</b>
					</p>
					<pre class="pre-scrollable">/home/ec2-user/arduino-testlib/cli-datadir/user/libraries/Alpenglow_FUnicorn/src/FUnicorn.cpp:33:10: fatal error: util/atomic.h: No such file or directory
 #include &lt;util/atomic.h&gt;
          ^~~~~~~~~~~~~~~
compilation terminated.

</pre>
					
					<h4>examples/FUnicorn_Button</h4>
					<p>
						Result: <b>FAIL</b>
					</p>
					<pre class="pre-scrollable">/home/ec2-user/arduino-testlib/cli-datadir/user/libraries/Alpenglow_FUnicorn/src/FUnicorn.cpp:33:10: fatal error: util/atomic.h: No such file or directory
 #include &lt;util/atomic.h&gt;
          ^~~~~~~~~~~~~~~
compilation terminated.

</pre>
					
					<h4>examples/FUnicorn_Music_Shield</h4>
					<p>
						Result: <b>FAIL</b>
					</p>
					<pre class="pre-scrollable">/home/ec2-user/arduino-testlib/cli-datadir/user/libraries/Alpenglow_FUnicorn/src/FUnicorn.cpp:33:10: fatal error: util/atomic.h: No such file or directory
 #include &lt;util/atomic.h&gt;
          ^~~~~~~~~~~~~~~
compilation terminated.

</pre>
					
					<h4>examples/FUnicorn_ShipCode</h4>
					<p>
						Result: <b>FAIL</b>
					</p>
					<pre class="pre-scrollable">/home/ec2-user/arduino-testlib/cli-datadir/user/libraries/Alpenglow_FUnicorn/src/FUnicorn.cpp:33:10: fatal error: util/atomic.h: No such file or directory
 #include &lt;util/atomic.h&gt;
          ^~~~~~~~~~~~~~~
compilation terminated.

</pre>
					
					<h4>examples/FUnicorn_SocialDist</h4>
					<p>
						Result: <b>FAIL</b>
					</p>
					<pre class="pre-scrollable">/home/ec2-user/arduino-testlib/cli-datadir/user/libraries/Alpenglow_FUnicorn/src/FUnicorn.cpp:33:10: fatal error: util/atomic.h: No such file or directory
 #include &lt;util/atomic.h&gt;
          ^~~~~~~~~~~~~~~
compilation terminated.
Multiple libraries were found for &#34;Ultrasonic.h&#34;
  Used: /home/ec2-user/arduino-testlib/cli-datadir/user/libraries/Ultrasonic
  Not used: /home/ec2-user/arduino-testlib/cli-datadir/user/libraries/Grove_Ultrasonic_Ranger
  Not used: /home/ec2-user/arduino-testlib/cli-datadir/user/libraries/Ultrasonic_hc_sr04
</pre>
					
					<h4>examples/Funicorn_CapTouch</h4>
					<p>
						Result: <b>FAIL</b>
					</p>
					<pre class="pre-scrollable"></pre>
					
					<h4>examples/Funicorn_ResTouch</h4>
					<p>
						Result: <b>FAIL</b>
					</p>
					<pre class="pre-scrollable"></pre>
					
				
				<h3 id="arduino:megaavr:nona4809">arduino:megaavr:nona4809 @ 1.8.7</h3>
				<h4>Inclusion</h4>
				<p>
					Result: <b>FAIL</b>
					
				</p>
				<pre class="pre-scrollable">In file included from /home/ec2-user/arduino-testlib/cli-datadir/user/libraries/Alpenglow_FUnicorn/src/FUnicorn.cpp:31:0:
/home/ec2-user/arduino-testlib/cli-datadir/user/libraries/Alpenglow_FUnicorn/src/FUnicorn.cpp: In member function &#39;void FUnicorn::initOutputs()&#39;:
/home/ec2-user/arduino-testlib/cli-datadir/user/libraries/Alpenglow_FUnicorn/src/FUnicorn.h:21:15: error: &#39;PORTD3&#39; was not declared in this scope
 #define FUCK  PORTD3  // arduino D3
               ^
/home/ec2-user/arduino-testlib/cli-datadir/user/libraries/Alpenglow_FUnicorn/src/FUnicorn.cpp:59:18: note: in expansion of macro &#39;FUCK&#39;
   DDRD |= ((1 &lt;&lt; FUCK) | (1 &lt;&lt; BUTTLED));
                  ^~~~
/home/ec2-user/arduino-testlib/cli-datadir/user/libraries/Alpenglow_FUnicorn/src/FUnicorn.h:21:15: note: suggested alternative: &#39;PORTD&#39;
 #define FUCK  PORTD3  // arduino D3
               ^
/home/ec2-user/arduino-testlib/cli-datadir/user/libraries/Alpenglow_FUnicorn/src/FUnicorn.cpp:59:18: note: in expansion of macro &#39;FUCK&#39;
   DDRD |= ((1 &lt;&lt; FUCK) | (1 &lt;&lt; BUTTLED));
                  ^~~~
/home/ec2-user/arduino-testlib/cli-datadir/user/libraries/Alpenglow_FUnicorn/src/FUnicorn.h:25:17: error: &#39;PORTD4&#39; was not declared in this scope
 #define BUTTLED PORTD4  // arduino D4
                 ^
/home/ec2-user/arduino-testlib/cli-datadir/user/libraries/Alpenglow_FUnicorn/src/FUnicorn.cpp:59:32: note: in expansion of macro &#39;BUTTLED&#39;
   DDRD |= ((1 &lt;&lt; FUCK) | (1 &lt;&lt; BUTTLED));
                                ^~~~~~~
/home/ec2-user/arduino-testlib/cli-datadir/user/libraries/Alpenglow_FUnicorn/src/FUnicorn.h:25:17: note: suggested alternative: &#39;PORTD&#39;
 #define BUTTLED PORTD4  // arduino D4
                 ^
/home/ec2-user/arduino-testlib/cli-datadir/user/libraries/Alpenglow_FUnicorn/src/FUnicorn.cpp:59:32: note: in expansion of macro &#39;BUTTLED&#39;
   DDRD |= ((1 &lt;&lt; FUCK) | (1 &lt;&lt; BUTTLED));
                                ^~~~~~~
/home/ec2-user/arduino-testlib/cli-datadir/user/libraries/Alpenglow_FUnicorn/src/FUnicorn.h:20:15: error: &#39;PORTB1&#39; was not declared in this scope
 #define BANG  PORTB1  // arduino D9
               ^
/home/ec2-user/arduino-testlib/cli-datadir/user/libraries/Alpenglow_FUnicorn/src/FUnicorn.cpp:60:18: note: in expansion of macro &#39;BANG&#39;
   DDRB |= ((1 &lt;&lt; BANG) | (1 &lt;&lt; YOU) | (1 &lt;&lt; HORN));
                  ^~~~
/home/ec2-user/arduino-testlib/cli-datadir/user/libraries/Alpenglow_FUnicorn/src/FUnicorn.h:20:15: note: suggested alternative: &#39;PORTB&#39;
 #define BANG  PORTB1  // arduino D9
               ^
/home/ec2-user/arduino-testlib/cli-datadir/user/libraries/Alpenglow_FUnicorn/src/FUnicorn.cpp:60:18: note: in expansion of macro &#39;BANG&#39;
   DDRB |= ((1 &lt;&lt; BANG) | (1 &lt;&lt; YOU) | (1 &lt;&lt; HORN));
                  ^~~~
/home/ec2-user/arduino-testlib/cli-datadir/user/libraries/Alpenglow_FUnicorn/src/FUnicorn.h:22:15: error: &#39;PORTB2&#39; was not declared in this scope
 #define YOU   PORTB2  // arduino D10
               ^
/home/ec2-user/arduino-testlib/cli-datadir/user/libraries/Alpenglow_FUnicorn/src/FUnicorn.cpp:60:32: note: in expansion of macro &#39;YOU&#39;
   DDRB |= ((1 &lt;&lt; BANG) | (1 &lt;&lt; YOU) | (1 &lt;&lt; HORN));
                                ^~~
/home/ec2-user/arduino-testlib/cli-datadir/user/libraries/Alpenglow_FUnicorn/src/FUnicorn.h:22:15: note: suggested alternative: &#39;PORTB&#39;
 #define YOU   PORTB2  // arduino D10
               ^
/home/ec2-user/arduino-testlib/cli-datadir/user/libraries/Alpenglow_FUnicorn/src/FUnicorn.cpp:60:32: note: in expansion of macro &#39;YOU&#39;
   DDRB |= ((1 &lt;&lt; BANG) | (1 &lt;&lt; YOU) | (1 &lt;&lt; HORN));
                                ^~~
/home/ec2-user/arduino-testlib/cli-datadir/user/libraries/Alpenglow_FUnicorn/src/FUnicorn.h:19:15: error: &#39;PORTB3&#39; was not declared in this scope
 #define HORN  PORTB3  // arduino D11
               ^
/home/ec2-user/arduino-testlib/cli-datadir/user/libraries/Alpenglow_FUnicorn/src/FUnicorn.cpp:60:45: note: in expansion of macro &#39;HORN&#39;
   DDRB |= ((1 &lt;&lt; BANG) | (1 &lt;&lt; YOU) | (1 &lt;&lt; HORN));
                                             ^~~~
/home/ec2-user/arduino-testlib/cli-datadir/user/libraries/Alpenglow_FUnicorn/src/FUnicorn.h:19:15: note: suggested alternative: &#39;PORTB&#39;
 #define HORN  PORTB3  // arduino D11
               ^
/home/ec2-user/arduino-testlib/cli-datadir/user/libraries/Alpenglow_FUnicorn/src/FUnicorn.cpp:60:45: note: in expansion of macro &#39;HORN&#39;
   DDRB |= ((1 &lt;&lt; BANG) | (1 &lt;&lt; YOU) | (1 &lt;&lt; HORN));
                                             ^~~~
/home/ec2-user/arduino-testlib/cli-datadir/user/libraries/Alpenglow_FUnicorn/src/FUnicorn.cpp: In member function &#39;void FUnicorn::initButt()&#39;:
/home/ec2-user/arduino-testlib/cli-datadir/user/libraries/Alpenglow_FUnicorn/src/FUnicorn.cpp:68:3: error: &#39;EICRA&#39; was not declared in this scope
   EICRA |= (1 &lt;&lt; ISC01);      // INT0 triggers on falling edge
   ^~~~~
/home/ec2-user/arduino-testlib/cli-datadir/user/libraries/Alpenglow_FUnicorn/src/FUnicorn.cpp:68:18: error: &#39;ISC01&#39; was not declared in this scope
   EICRA |= (1 &lt;&lt; ISC01);      // INT0 triggers on falling edge
                  ^~~~~
/home/ec2-user/arduino-testlib/cli-datadir/user/libraries/Alpenglow_FUnicorn/src/FUnicorn.cpp:69:3: error: &#39;EIMSK&#39; was not declared in this scope
   EIMSK |= (1 &lt;&lt; INT0);       // enables INT0
   ^~~~~
/home/ec2-user/arduino-testlib/cli-datadir/user/libraries/Alpenglow_FUnicorn/src/FUnicorn.cpp:69:18: error: &#39;INT0&#39; was not declared in this scope
   EIMSK |= (1 &lt;&lt; INT0);       // enables INT0
                  ^~~~
/home/ec2-user/arduino-testlib/cli-datadir/user/libraries/Alpenglow_FUnicorn/src/FUnicorn.cpp:69:18: note: suggested alternative: &#39;PIN0&#39;
   EIMSK |= (1 &lt;&lt; INT0);       // enables INT0
                  ^~~~
                  PIN0
/home/ec2-user/arduino-testlib/cli-datadir/user/libraries/Alpenglow_FUnicorn/src/FUnicorn.cpp: In member function &#39;void FUnicorn::initFuckHornTimer()&#39;:
/home/ec2-user/arduino-testlib/cli-datadir/user/libraries/Alpenglow_FUnicorn/src/FUnicorn.cpp:74:3: error: &#39;TCCR2A&#39; was not declared in this scope
   TCCR2A = 0;                 // clears arduino setup so we can set up PWM module ourselves
   ^~~~~~
/home/ec2-user/arduino-testlib/cli-datadir/user/libraries/Alpenglow_FUnicorn/src/FUnicorn.cpp:74:3: note: suggested alternative: &#39;TCB2&#39;
   TCCR2A = 0;                 // clears arduino setup so we can set up PWM module ourselves
   ^~~~~~
   TCB2
/home/ec2-user/arduino-testlib/cli-datadir/user/libraries/Alpenglow_FUnicorn/src/FUnicorn.cpp:75:3: error: &#39;TCCR2B&#39; was not declared in this scope
   TCCR2B = 0;
   ^~~~~~
/home/ec2-user/arduino-testlib/cli-datadir/user/libraries/Alpenglow_FUnicorn/src/FUnicorn.cpp:75:3: note: suggested alternative: &#39;TCB2&#39;
   TCCR2B = 0;
   ^~~~~~
   TCB2
/home/ec2-user/arduino-testlib/cli-datadir/user/libraries/Alpenglow_FUnicorn/src/FUnicorn.cpp:76:19: error: &#39;COM2A1&#39; was not declared in this scope
   TCCR2A |= (1 &lt;&lt; COM2A1) | (1 &lt;&lt; COM2B1) | (1 &lt;&lt; WGM20);   // Phase correct PWM, 0xFF is top, 8-bit
                   ^~~~~~
/home/ec2-user/arduino-testlib/cli-datadir/user/libraries/Alpenglow_FUnicorn/src/FUnicorn.cpp:76:35: error: &#39;COM2B1&#39; was not declared in this scope
   TCCR2A |= (1 &lt;&lt; COM2A1) | (1 &lt;&lt; COM2B1) | (1 &lt;&lt; WGM20);   // Phase correct PWM, 0xFF is top, 8-bit
                                   ^~~~~~
/home/ec2-user/arduino-testlib/cli-datadir/user/libraries/Alpenglow_FUnicorn/src/FUnicorn.cpp:76:51: error: &#39;WGM20&#39; was not declared in this scope
   TCCR2A |= (1 &lt;&lt; COM2A1) | (1 &lt;&lt; COM2B1) | (1 &lt;&lt; WGM20);   // Phase correct PWM, 0xFF is top, 8-bit
                                                   ^~~~~
/home/ec2-user/arduino-testlib/cli-datadir/user/libraries/Alpenglow_FUnicorn/src/FUnicorn.cpp:77:3: error: &#39;OCR2A&#39; was not declared in this scope
   OCR2A = 0;                  // should start as solid off
   ^~~~~
/home/ec2-user/arduino-testlib/cli-datadir/user/libraries/Alpenglow_FUnicorn/src/FUnicorn.cpp:78:3: error: &#39;OCR2B&#39; was not declared in this scope
   OCR2B = 0;
   ^~~~~
/home/ec2-user/arduino-testlib/cli-datadir/user/libraries/Alpenglow_FUnicorn/src/FUnicorn.cpp:79:19: error: &#39;CS20&#39; was not declared in this scope
   TCCR2B |= (1 &lt;&lt; CS20);      // enables the clock with a prescaler of 1
                   ^~~~
/home/ec2-user/arduino-testlib/cli-datadir/user/libraries/Alpenglow_FUnicorn/src/FUnicorn.cpp: In member function &#39;void FUnicorn::initBangYouTimer()&#39;:
/home/ec2-user/arduino-testlib/cli-datadir/user/libraries/Alpenglow_FUnicorn/src/FUnicorn.cpp:84:3: error: &#39;TCCR1A&#39; was not declared in this scope
   TCCR1A = 0;                 // clears arduino setup so we can set up PWM module ourselves
   ^~~~~~
/home/ec2-user/arduino-testlib/cli-datadir/user/libraries/Alpenglow_FUnicorn/src/FUnicorn.cpp:84:3: note: suggested alternative: &#39;TCB1&#39;
   TCCR1A = 0;                 // clears arduino setup so we can set up PWM module ourselves
   ^~~~~~
   TCB1
/home/ec2-user/arduino-testlib/cli-datadir/user/libraries/Alpenglow_FUnicorn/src/FUnicorn.cpp:85:3: error: &#39;TCCR1B&#39; was not declared in this scope
   TCCR1B = 0;
   ^~~~~~
/home/ec2-user/arduino-testlib/cli-datadir/user/libraries/Alpenglow_FUnicorn/src/FUnicorn.cpp:85:3: note: suggested alternative: &#39;TCB1&#39;
   TCCR1B = 0;
   ^~~~~~
   TCB1
/home/ec2-user/arduino-testlib/cli-datadir/user/libraries/Alpenglow_FUnicorn/src/FUnicorn.cpp:86:19: error: &#39;COM1A1&#39; was not declared in this scope
   TCCR1A |= (1 &lt;&lt; COM1A1) | (1 &lt;&lt; COM1B1) | (1 &lt;&lt; WGM10);   // Phase correct PWM, 0x00FF is top, 8-bit
                   ^~~~~~
/home/ec2-user/arduino-testlib/cli-datadir/user/libraries/Alpenglow_FUnicorn/src/FUnicorn.cpp:86:35: error: &#39;COM1B1&#39; was not declared in this scope
   TCCR1A |= (1 &lt;&lt; COM1A1) | (1 &lt;&lt; COM1B1) | (1 &lt;&lt; WGM10);   // Phase correct PWM, 0x00FF is top, 8-bit
                                   ^~~~~~
/home/ec2-user/arduino-testlib/cli-datadir/user/libraries/Alpenglow_FUnicorn/src/FUnicorn.cpp:86:51: error: &#39;WGM10&#39; was not declared in this scope
   TCCR1A |= (1 &lt;&lt; COM1A1) | (1 &lt;&lt; COM1B1) | (1 &lt;&lt; WGM10);   // Phase correct PWM, 0x00FF is top, 8-bit
                       </pre>

					
					<h4>examples/FUnicorn_BlinkPattern</h4>
					<p>
						Result: <b>FAIL</b>
					</p>
					<pre class="pre-scrollable">WARNING: library ADCTouch claims to run on avr architecture(s) and may be incompatible with your current board which runs on megaavr architecture(s).
/home/ec2-user/arduino-testlib/cli-datadir/user/libraries/Alpenglow_FUnicorn/examples/FUnicorn_BlinkPattern/FUnicorn_BlinkPattern.ino: In function &#39;uint8_t checkButt()&#39;:
/home/ec2-user/arduino-testlib/cli-datadir/user/libraries/Alpenglow_FUnicorn/examples/FUnicorn_BlinkPattern/FUnicorn_BlinkPattern.ino:58:3: error: &#39;EIMSK&#39; was not declared in this scope
   EIMSK &amp;= ~(1 &lt;&lt; INT0);        // disables INT0 to guarantee clearing buttJustPressed
   ^~~~~
/home/ec2-user/arduino-testlib/cli-datadir/user/libraries/Alpenglow_FUnicorn/examples/FUnicorn_BlinkPattern/FUnicorn_BlinkPattern.ino:58:19: error: &#39;INT0&#39; was not declared in this scope
   EIMSK &amp;= ~(1 &lt;&lt; INT0);        // disables INT0 to guarantee clearing buttJustPressed
                   ^~~~
/home/ec2-user/arduino-testlib/cli-datadir/user/libraries/Alpenglow_FUnicorn/examples/FUnicorn_BlinkPattern/FUnicorn_BlinkPattern.ino:58:19: note: suggested alternative: &#39;PIN0&#39;
   EIMSK &amp;= ~(1 &lt;&lt; INT0);        // disables INT0 to guarantee clearing buttJustPressed
                   ^~~~
                   PIN0
In file included from /home/ec2-user/arduino-testlib/cli-datadir/data/packages/arduino/tools/avr-gcc/7.3.0-atmel3.6.1-arduino5/avr/include/avr/io.h:99:0,
                 from /home/ec2-user/arduino-testlib/cli-datadir/data/packages/arduino/tools/avr-gcc/7.3.0-atmel3.6.1-arduino5/avr/include/avr/pgmspace.h:90,
                 from /home/ec2-user/arduino-testlib/cli-datadir/data/packages/arduino/hardware/megaavr/1.8.7/cores/arduino/api/String.h:31,
                 from /home/ec2-user/arduino-testlib/cli-datadir/data/packages/arduino/hardware/megaavr/1.8.7/cores/arduino/api/IPAddress.h:24,
                 from /home/ec2-user/arduino-testlib/cli-datadir/data/packages/arduino/hardware/megaavr/1.8.7/cores/arduino/api/ArduinoAPI.h:30,
                 from /home/ec2-user/arduino-testlib/cli-datadir/data/packages/arduino/hardware/megaavr/1.8.7/cores/arduino/Arduino.h:23,
                 from /tmp/arduino-sketch-839471761CE47DC87286352DA2B61A05/sketch/FUnicorn_BlinkPattern.ino.cpp:1:
/home/ec2-user/arduino-testlib/cli-datadir/user/libraries/Alpenglow_FUnicorn/src/FUnicorn.h:63:38: error: &#39;PIND&#39; was not declared in this scope
 #define BUTT_IS_PRESSED bit_is_clear(PIND, BUTT)
                                      ^
/home/ec2-user/arduino-testlib/cli-datadir/user/libraries/Alpenglow_FUnicorn/examples/FUnicorn_BlinkPattern/FUnicorn_BlinkPattern.ino:73:9: note: in expansion of macro &#39;BUTT_IS_PRESSED&#39;
     if (BUTT_IS_PRESSED) return 1;
         ^~~~~~~~~~~~~~~
/home/ec2-user/arduino-testlib/cli-datadir/user/libraries/Alpenglow_FUnicorn/src/FUnicorn.h:63:38: note: suggested alternative: &#39;PIN0&#39;
 #define BUTT_IS_PRESSED bit_is_clear(PIND, BUTT)
                                      ^
/home/ec2-user/arduino-testlib/cli-datadir/user/libraries/Alpenglow_FUnicorn/examples/FUnicorn_BlinkPattern/FUnicorn_BlinkPattern.ino:73:9: note: in expansion of macro &#39;BUTT_IS_PRESSED&#39;
     if (BUTT_IS_PRESSED) return 1;
         ^~~~~~~~~~~~~~~
/home/ec2-user/arduino-testlib/cli-datadir/user/libraries/Alpenglow_FUnicorn/src/FUnicorn.h:23:15: error: &#39;PIND2&#39; was not declared in this scope
 #define BUTT  PIND2   // for reading value of button pin
               ^
/home/ec2-user/arduino-testlib/cli-datadir/user/libraries/Alpenglow_FUnicorn/src/FUnicorn.h:63:44: note: in expansion of macro &#39;BUTT&#39;
 #define BUTT_IS_PRESSED bit_is_clear(PIND, BUTT)
                                            ^~~~
/home/ec2-user/arduino-testlib/cli-datadir/user/libraries/Alpenglow_FUnicorn/examples/FUnicorn_BlinkPattern/FUnicorn_BlinkPattern.ino:73:9: note: in expansion of macro &#39;BUTT_IS_PRESSED&#39;
     if (BUTT_IS_PRESSED) return 1;
         ^~~~~~~~~~~~~~~
/home/ec2-user/arduino-testlib/cli-datadir/user/libraries/Alpenglow_FUnicorn/src/FUnicorn.h:23:15: note: suggested alternative: &#39;PIN2&#39;
 #define BUTT  PIND2   // for reading value of button pin
               ^
/home/ec2-user/arduino-testlib/cli-datadir/user/libraries/Alpenglow_FUnicorn/src/FUnicorn.h:63:44: note: in expansion of macro &#39;BUTT&#39;
 #define BUTT_IS_PRESSED bit_is_clear(PIND, BUTT)
                                            ^~~~
/home/ec2-user/arduino-testlib/cli-datadir/user/libraries/Alpenglow_FUnicorn/examples/FUnicorn_BlinkPattern/FUnicorn_BlinkPattern.ino:73:9: note: in expansion of macro &#39;BUTT_IS_PRESSED&#39;
     if (BUTT_IS_PRESSED) return 1;
         ^~~~~~~~~~~~~~~
In file included from /home/ec2-user/arduino-testlib/cli-datadir/user/libraries/Alpenglow_FUnicorn/examples/FUnicorn_BlinkPattern/FUnicorn_BlinkPattern.ino:20:0:
/home/ec2-user/arduino-testlib/cli-datadir/user/libraries/Alpenglow_FUnicorn/examples/FUnicorn_BlinkPattern/FUnicorn_BlinkPattern.ino: In function &#39;void myBlink()&#39;:
/home/ec2-user/arduino-testlib/cli-datadir/user/libraries/Alpenglow_FUnicorn/src/FUnicorn.h:37:19: error: &#39;OCR2A&#39; was not declared in this scope
 #define HORN_PWM  OCR2A
                   ^
/home/ec2-user/arduino-testlib/cli-datadir/user/libraries/Alpenglow_FUnicorn/src/FUnicorn.h:54:20: note: in expansion of macro &#39;HORN_PWM&#39;
 #define HORN_ON   (HORN_PWM = ON)
                    ^~~~~~~~
/home/ec2-user/arduino-testlib/cli-datadir/user/libraries/Alpenglow_FUnicorn/examples/FUnicorn_BlinkPattern/FUnicorn_BlinkPattern.ino:106:3: note: in expansion of macro &#39;HORN_ON&#39;
   HORN_ON;
   ^~~~~~~
/home/ec2-user/arduino-testlib/cli-datadir/user/libraries/Alpenglow_FUnicorn/src/FUnicorn.h:34:19: error: &#39;OCR2B&#39; was not declared in this scope
 #define FUCK_PWM  OCR2B
                   ^
/home/ec2-user/arduino-testlib/cli-datadir/user/libraries/Alpenglow_FUnicorn/src/FUnicorn.h:48:20: note: in expansion of macro &#39;FUCK_PWM&#39;
 #define FUCK_ON   (FUCK_PWM = ON)
                    ^~~~~~~~
/home/ec2-user/arduino-testlib/cli-datadir/user/libraries/Alpenglow_FUnicorn/examples/FUnicorn_BlinkPattern/FUnicorn_BlinkPattern.ino:108:3: note: in expansion of macro &#39;FUCK_ON&#39;
   FUCK_ON;
   ^~~~~~~
/home/ec2-user/arduino-testlib/cli-datadir/user/libraries/Alpenglow_FUnicorn/src/FUnicorn.h:35:19: error: &#39;OCR1B&#39; was not declared in this scope
 #define YOU_PWM   OCR1B
                   ^
/home/ec2-user/arduino-testlib/cli-datadir/user/libraries/Alpenglow_FUnicorn/src/FUnicorn.h:50:20: note: in expansion of macro &#39;YOU_PWM&#39;
 #define YOU_ON    (YOU_PWM = ON)
                    ^~~~~~~
/home/ec2-user/arduino-testlib/cli-datadir/user/libraries/Alpenglow_FUnicorn/examples/FUnicorn_BlinkPattern/FUnicorn_BlinkPattern.ino:110:3: note: in expansion of macro &#39;YOU_ON&#39;
   YOU_ON;
   ^~~~~~
/home/ec2-user/arduino-testlib/cli-datadir/user/libraries/Alpenglow_FUnicorn/src/FUnicorn.h:36:19: error: &#39;OCR1A&#39; was not declared in this scope
 #define BANG_PWM  OCR1A
                   ^
/home/ec2-user/arduino-testlib/cli-datadir/user/libraries/Alpenglow_FUnicorn/src/FUnicorn.h:52:20: note: in expansion of macro &#39;BANG_PWM&#39;
 #define BANG_ON   (BANG_PWM = ON)
                    ^~~~~~~~
/home/ec2-user/arduino-testlib/cli-datadir/user/libraries/Alpenglow_FUnicorn/examples/FUnicorn_BlinkPattern/FUnicorn_BlinkPattern.ino:112:3: note: in expansion of macro &#39;BANG_ON&#39;
   BANG_ON;
   ^~~~~~~
In file included from /home/ec2-user/arduino-testlib/cli-datadir/data/packages/arduino/tools/avr-gcc/7.3.0-atmel3.6.1-arduino5/avr/include/avr/io.h:99:0,
                 from /home/ec2-user/arduino-testlib/cli-datadir/data/packages/arduino/tools/avr-gcc/7.3.0-atmel3.6.1-arduino5/avr/include/avr/pgmspace.h:90,
                 from /home/ec2-user/arduino-testlib/cli-datadir/data/packages/arduino/hardware/megaavr/1.8.7/cores/arduino/api/String.h:31,
                 from /home/ec2-user/arduino-testlib/cli-datadir/data/packages/arduino/hardware/megaavr/1.8.7/cores/arduino/api/IPAddress.h:24,
                 from /home/ec2-user/arduino-testlib/cli-datadir/data/packages/arduino/hardware/megaavr/1.8.7/cores/arduino/api/ArduinoAPI.h:30,
                 from /home/ec2-user/arduino-testlib/cli-datadir/data/packages/arduino/hardware/megaavr/1.8.7/cores/arduino/Arduino.h:23,
                 from /tmp/arduino-sketch-839471761CE47DC87286352DA2B61A05/sketch/FUnicorn_BlinkPattern.ino.cpp:1:
/home/ec2-user/arduino-testlib/cli-datadir/user/libraries/Alpenglow_FUnicorn/examples/FUnicorn_BlinkPattern/FUnicorn_BlinkPattern.ino: In function &#39;void loop()&#39;:
/home/ec2-user/arduino-testlib/cli-datadir/user/libraries/Alpenglow_FUnicorn/src/FUnicorn.h:63:38: error: &#39;PIND&#39; was not declared in this scope
 #define BUTT_IS_PRESSED bit_is_clear(PIND, BUTT)
                                      ^
/home/ec2-user/arduino-testlib/cli-datadir/user/libraries/Alpenglow_FUnicorn/examples/FUnicorn_BlinkPattern/FUnicorn_BlinkPattern.ino:197:15: note: in expansion of macro &#39;BUTT_IS_PRESSED&#39;
           if (BUTT_IS_PRESSED) {              // checks to see if the button is (still) pressed
               ^~~~~~~~~~~~~~~
/home/ec2-user/arduino-testlib/cli-datadir/user/libraries/Alpenglow_FUnicorn/src/FUnicorn.h:63:38: note: suggested alternative: &#39;PIN0&#39;
 #define BUTT_IS_PRESSED bit_is_clear(PIND, BUTT)
                                      ^
/home/ec2-user/arduino-testlib/cli-datadir/user/libraries/Alpenglow_FUnicorn/examples/FUnicorn_BlinkPattern/FUnicorn_BlinkPattern.ino:197:15: note: in expansion of macro &#39;BUTT_IS_PRESSED&#39;
           if (BUTT_IS_PRESSED) {              // checks to see if the button is (still) pressed
               ^~~~~~~~~~~~~~~
/home/ec2-user/arduino-testlib/cli-datadir/user/libraries/Alpenglow_FUnicorn/src/FUnicorn.h:23:15: error: &#39;PIND2&#39; was not declared in this scope
 #define BUTT  PIND2   // for reading value of button pin
               ^
/home/ec2-user/arduino-testlib/cli-datadir/user/libraries/Alpenglow_FUnicorn/src/FUnicorn.h:63:44: note: in expansion of macro &#39;BUTT&#39;
 #define BUTT_IS_PRESSED bit_is_clear(PIND, BUTT)
                                            ^~~~
/home/ec2-user/arduino-testlib/cli-datadir/use</pre>
					
					<h4>examples/FUnicorn_Button</h4>
					<p>
						Result: <b>FAIL</b>
					</p>
					<pre class="pre-scrollable">/home/ec2-user/arduino-testlib/cli-datadir/user/libraries/Alpenglow_FUnicorn/examples/FUnicorn_Button/FUnicorn_Button.ino: In function &#39;uint8_t checkButt()&#39;:
/home/ec2-user/arduino-testlib/cli-datadir/user/libraries/Alpenglow_FUnicorn/examples/FUnicorn_Button/FUnicorn_Button.ino:46:3: error: &#39;EIMSK&#39; was not declared in this scope
   EIMSK &amp;= ~(1 &lt;&lt; INT0);        // disables INT0 to guarantee clearing buttJustPressed
   ^~~~~
/home/ec2-user/arduino-testlib/cli-datadir/user/libraries/Alpenglow_FUnicorn/examples/FUnicorn_Button/FUnicorn_Button.ino:46:19: error: &#39;INT0&#39; was not declared in this scope
   EIMSK &amp;= ~(1 &lt;&lt; INT0);        // disables INT0 to guarantee clearing buttJustPressed
                   ^~~~
/home/ec2-user/arduino-testlib/cli-datadir/user/libraries/Alpenglow_FUnicorn/examples/FUnicorn_Button/FUnicorn_Button.ino:46:19: note: suggested alternative: &#39;PIN0&#39;
   EIMSK &amp;= ~(1 &lt;&lt; INT0);        // disables INT0 to guarantee clearing buttJustPressed
                   ^~~~
                   PIN0
In file included from /home/ec2-user/arduino-testlib/cli-datadir/data/packages/arduino/tools/avr-gcc/7.3.0-atmel3.6.1-arduino5/avr/include/avr/io.h:99:0,
                 from /home/ec2-user/arduino-testlib/cli-datadir/data/packages/arduino/tools/avr-gcc/7.3.0-atmel3.6.1-arduino5/avr/include/avr/pgmspace.h:90,
                 from /home/ec2-user/arduino-testlib/cli-datadir/data/packages/arduino/hardware/megaavr/1.8.7/cores/arduino/api/String.h:31,
                 from /home/ec2-user/arduino-testlib/cli-datadir/data/packages/arduino/hardware/megaavr/1.8.7/cores/arduino/api/IPAddress.h:24,
                 from /home/ec2-user/arduino-testlib/cli-datadir/data/packages/arduino/hardware/megaavr/1.8.7/cores/arduino/api/ArduinoAPI.h:30,
                 from /home/ec2-user/arduino-testlib/cli-datadir/data/packages/arduino/hardware/megaavr/1.8.7/cores/arduino/Arduino.h:23,
                 from /tmp/arduino-sketch-2F42ADBD3EC1D45E04A264E6FF760C35/sketch/FUnicorn_Button.ino.cpp:1:
/home/ec2-user/arduino-testlib/cli-datadir/user/libraries/Alpenglow_FUnicorn/src/FUnicorn.h:63:38: error: &#39;PIND&#39; was not declared in this scope
 #define BUTT_IS_PRESSED bit_is_clear(PIND, BUTT)
                                      ^
/home/ec2-user/arduino-testlib/cli-datadir/user/libraries/Alpenglow_FUnicorn/examples/FUnicorn_Button/FUnicorn_Button.ino:60:9: note: in expansion of macro &#39;BUTT_IS_PRESSED&#39;
     if (BUTT_IS_PRESSED) return 1;
         ^~~~~~~~~~~~~~~
/home/ec2-user/arduino-testlib/cli-datadir/user/libraries/Alpenglow_FUnicorn/src/FUnicorn.h:63:38: note: suggested alternative: &#39;PIN0&#39;
 #define BUTT_IS_PRESSED bit_is_clear(PIND, BUTT)
                                      ^
/home/ec2-user/arduino-testlib/cli-datadir/user/libraries/Alpenglow_FUnicorn/examples/FUnicorn_Button/FUnicorn_Button.ino:60:9: note: in expansion of macro &#39;BUTT_IS_PRESSED&#39;
     if (BUTT_IS_PRESSED) return 1;
         ^~~~~~~~~~~~~~~
/home/ec2-user/arduino-testlib/cli-datadir/user/libraries/Alpenglow_FUnicorn/src/FUnicorn.h:23:15: error: &#39;PIND2&#39; was not declared in this scope
 #define BUTT  PIND2   // for reading value of button pin
               ^
/home/ec2-user/arduino-testlib/cli-datadir/user/libraries/Alpenglow_FUnicorn/src/FUnicorn.h:63:44: note: in expansion of macro &#39;BUTT&#39;
 #define BUTT_IS_PRESSED bit_is_clear(PIND, BUTT)
                                            ^~~~
/home/ec2-user/arduino-testlib/cli-datadir/user/libraries/Alpenglow_FUnicorn/examples/FUnicorn_Button/FUnicorn_Button.ino:60:9: note: in expansion of macro &#39;BUTT_IS_PRESSED&#39;
     if (BUTT_IS_PRESSED) return 1;
         ^~~~~~~~~~~~~~~
/home/ec2-user/arduino-testlib/cli-datadir/user/libraries/Alpenglow_FUnicorn/src/FUnicorn.h:23:15: note: suggested alternative: &#39;PIN2&#39;
 #define BUTT  PIND2   // for reading value of button pin
               ^
/home/ec2-user/arduino-testlib/cli-datadir/user/libraries/Alpenglow_FUnicorn/src/FUnicorn.h:63:44: note: in expansion of macro &#39;BUTT&#39;
 #define BUTT_IS_PRESSED bit_is_clear(PIND, BUTT)
                                            ^~~~
/home/ec2-user/arduino-testlib/cli-datadir/user/libraries/Alpenglow_FUnicorn/examples/FUnicorn_Button/FUnicorn_Button.ino:60:9: note: in expansion of macro &#39;BUTT_IS_PRESSED&#39;
     if (BUTT_IS_PRESSED) return 1;
         ^~~~~~~~~~~~~~~

</pre>
					
					<h4>examples/FUnicorn_Music_Shield</h4>
					<p>
						Result: <b>FAIL</b>
					</p>
					<pre class="pre-scrollable">WARNING: library ADCTouch claims to run on avr architecture(s) and may be incompatible with your current board which runs on megaavr architecture(s).
/home/ec2-user/arduino-testlib/cli-datadir/user/libraries/Alpenglow_FUnicorn/examples/FUnicorn_Music_Shield/FUnicorn_Music_Shield.ino: In function &#39;uint8_t checkButt()&#39;:
/home/ec2-user/arduino-testlib/cli-datadir/user/libraries/Alpenglow_FUnicorn/examples/FUnicorn_Music_Shield/FUnicorn_Music_Shield.ino:68:3: error: &#39;EIMSK&#39; was not declared in this scope
   EIMSK &amp;= ~(1 &lt;&lt; INT0);        // disables INT0 to guarantee clearing buttJustPressed
   ^~~~~
/home/ec2-user/arduino-testlib/cli-datadir/user/libraries/Alpenglow_FUnicorn/examples/FUnicorn_Music_Shield/FUnicorn_Music_Shield.ino:68:19: error: &#39;INT0&#39; was not declared in this scope
   EIMSK &amp;= ~(1 &lt;&lt; INT0);        // disables INT0 to guarantee clearing buttJustPressed
                   ^~~~
/home/ec2-user/arduino-testlib/cli-datadir/user/libraries/Alpenglow_FUnicorn/examples/FUnicorn_Music_Shield/FUnicorn_Music_Shield.ino:68:19: note: suggested alternative: &#39;PIN0&#39;
   EIMSK &amp;= ~(1 &lt;&lt; INT0);        // disables INT0 to guarantee clearing buttJustPressed
                   ^~~~
                   PIN0
In file included from /home/ec2-user/arduino-testlib/cli-datadir/data/packages/arduino/tools/avr-gcc/7.3.0-atmel3.6.1-arduino5/avr/include/avr/io.h:99:0,
                 from /home/ec2-user/arduino-testlib/cli-datadir/data/packages/arduino/tools/avr-gcc/7.3.0-atmel3.6.1-arduino5/avr/include/avr/pgmspace.h:90,
                 from /home/ec2-user/arduino-testlib/cli-datadir/data/packages/arduino/hardware/megaavr/1.8.7/cores/arduino/api/String.h:31,
                 from /home/ec2-user/arduino-testlib/cli-datadir/data/packages/arduino/hardware/megaavr/1.8.7/cores/arduino/api/IPAddress.h:24,
                 from /home/ec2-user/arduino-testlib/cli-datadir/data/packages/arduino/hardware/megaavr/1.8.7/cores/arduino/api/ArduinoAPI.h:30,
                 from /home/ec2-user/arduino-testlib/cli-datadir/data/packages/arduino/hardware/megaavr/1.8.7/cores/arduino/Arduino.h:23,
                 from /tmp/arduino-sketch-8F150B9321185021C7E9888CB166AE0E/sketch/FUnicorn_Music_Shield.ino.cpp:1:
/home/ec2-user/arduino-testlib/cli-datadir/user/libraries/Alpenglow_FUnicorn/src/FUnicorn.h:63:38: error: &#39;PIND&#39; was not declared in this scope
 #define BUTT_IS_PRESSED bit_is_clear(PIND, BUTT)
                                      ^
/home/ec2-user/arduino-testlib/cli-datadir/user/libraries/Alpenglow_FUnicorn/examples/FUnicorn_Music_Shield/FUnicorn_Music_Shield.ino:83:9: note: in expansion of macro &#39;BUTT_IS_PRESSED&#39;
     if (BUTT_IS_PRESSED) return 1;
         ^~~~~~~~~~~~~~~
/home/ec2-user/arduino-testlib/cli-datadir/user/libraries/Alpenglow_FUnicorn/src/FUnicorn.h:63:38: note: suggested alternative: &#39;PIN0&#39;
 #define BUTT_IS_PRESSED bit_is_clear(PIND, BUTT)
                                      ^
/home/ec2-user/arduino-testlib/cli-datadir/user/libraries/Alpenglow_FUnicorn/examples/FUnicorn_Music_Shield/FUnicorn_Music_Shield.ino:83:9: note: in expansion of macro &#39;BUTT_IS_PRESSED&#39;
     if (BUTT_IS_PRESSED) return 1;
         ^~~~~~~~~~~~~~~
/home/ec2-user/arduino-testlib/cli-datadir/user/libraries/Alpenglow_FUnicorn/src/FUnicorn.h:23:15: error: &#39;PIND2&#39; was not declared in this scope
 #define BUTT  PIND2   // for reading value of button pin
               ^
/home/ec2-user/arduino-testlib/cli-datadir/user/libraries/Alpenglow_FUnicorn/src/FUnicorn.h:63:44: note: in expansion of macro &#39;BUTT&#39;
 #define BUTT_IS_PRESSED bit_is_clear(PIND, BUTT)
                                            ^~~~
/home/ec2-user/arduino-testlib/cli-datadir/user/libraries/Alpenglow_FUnicorn/examples/FUnicorn_Music_Shield/FUnicorn_Music_Shield.ino:83:9: note: in expansion of macro &#39;BUTT_IS_PRESSED&#39;
     if (BUTT_IS_PRESSED) return 1;
         ^~~~~~~~~~~~~~~
/home/ec2-user/arduino-testlib/cli-datadir/user/libraries/Alpenglow_FUnicorn/src/FUnicorn.h:23:15: note: suggested alternative: &#39;PIN2&#39;
 #define BUTT  PIND2   // for reading value of button pin
               ^
/home/ec2-user/arduino-testlib/cli-datadir/user/libraries/Alpenglow_FUnicorn/src/FUnicorn.h:63:44: note: in expansion of macro &#39;BUTT&#39;
 #define BUTT_IS_PRESSED bit_is_clear(PIND, BUTT)
                                            ^~~~
/home/ec2-user/arduino-testlib/cli-datadir/user/libraries/Alpenglow_FUnicorn/examples/FUnicorn_Music_Shield/FUnicorn_Music_Shield.ino:83:9: note: in expansion of macro &#39;BUTT_IS_PRESSED&#39;
     if (BUTT_IS_PRESSED) return 1;
         ^~~~~~~~~~~~~~~
/home/ec2-user/arduino-testlib/cli-datadir/user/libraries/Alpenglow_FUnicorn/examples/FUnicorn_Music_Shield/FUnicorn_Music_Shield.ino: In function &#39;void loop()&#39;:
/home/ec2-user/arduino-testlib/cli-datadir/user/libraries/Alpenglow_FUnicorn/src/FUnicorn.h:63:38: error: &#39;PIND&#39; was not declared in this scope
 #define BUTT_IS_PRESSED bit_is_clear(PIND, BUTT)
                                      ^
/home/ec2-user/arduino-testlib/cli-datadir/user/libraries/Alpenglow_FUnicorn/examples/FUnicorn_Music_Shield/FUnicorn_Music_Shield.ino:193:15: note: in expansion of macro &#39;BUTT_IS_PRESSED&#39;
           if (BUTT_IS_PRESSED) {              // checks to see if the button is (still) pressed
               ^~~~~~~~~~~~~~~
/home/ec2-user/arduino-testlib/cli-datadir/user/libraries/Alpenglow_FUnicorn/src/FUnicorn.h:63:38: note: suggested alternative: &#39;PIN0&#39;
 #define BUTT_IS_PRESSED bit_is_clear(PIND, BUTT)
                                      ^
/home/ec2-user/arduino-testlib/cli-datadir/user/libraries/Alpenglow_FUnicorn/examples/FUnicorn_Music_Shield/FUnicorn_Music_Shield.ino:193:15: note: in expansion of macro &#39;BUTT_IS_PRESSED&#39;
           if (BUTT_IS_PRESSED) {              // checks to see if the button is (still) pressed
               ^~~~~~~~~~~~~~~
/home/ec2-user/arduino-testlib/cli-datadir/user/libraries/Alpenglow_FUnicorn/src/FUnicorn.h:23:15: error: &#39;PIND2&#39; was not declared in this scope
 #define BUTT  PIND2   // for reading value of button pin
               ^
/home/ec2-user/arduino-testlib/cli-datadir/user/libraries/Alpenglow_FUnicorn/src/FUnicorn.h:63:44: note: in expansion of macro &#39;BUTT&#39;
 #define BUTT_IS_PRESSED bit_is_clear(PIND, BUTT)
                                            ^~~~
/home/ec2-user/arduino-testlib/cli-datadir/user/libraries/Alpenglow_FUnicorn/examples/FUnicorn_Music_Shield/FUnicorn_Music_Shield.ino:193:15: note: in expansion of macro &#39;BUTT_IS_PRESSED&#39;
           if (BUTT_IS_PRESSED) {              // checks to see if the button is (still) pressed
               ^~~~~~~~~~~~~~~
/home/ec2-user/arduino-testlib/cli-datadir/user/libraries/Alpenglow_FUnicorn/src/FUnicorn.h:23:15: note: suggested alternative: &#39;PIN2&#39;
 #define BUTT  PIND2   // for reading value of button pin
               ^
/home/ec2-user/arduino-testlib/cli-datadir/user/libraries/Alpenglow_FUnicorn/src/FUnicorn.h:63:44: note: in expansion of macro &#39;BUTT&#39;
 #define BUTT_IS_PRESSED bit_is_clear(PIND, BUTT)
                                            ^~~~
/home/ec2-user/arduino-testlib/cli-datadir/user/libraries/Alpenglow_FUnicorn/examples/FUnicorn_Music_Shield/FUnicorn_Music_Shield.ino:193:15: note: in expansion of macro &#39;BUTT_IS_PRESSED&#39;
           if (BUTT_IS_PRESSED) {              // checks to see if the button is (still) pressed
               ^~~~~~~~~~~~~~~

</pre>
					
					<h4>examples/FUnicorn_ShipCode</h4>
					<p>
						Result: <b>FAIL</b>
					</p>
					<pre class="pre-scrollable">WARNING: library ADCTouch claims to run on avr architecture(s) and may be incompatible with your current board which runs on megaavr architecture(s).
/home/ec2-user/arduino-testlib/cli-datadir/user/libraries/Alpenglow_FUnicorn/examples/FUnicorn_ShipCode/FUnicorn_ShipCode.ino: In function &#39;uint8_t checkButt()&#39;:
/home/ec2-user/arduino-testlib/cli-datadir/user/libraries/Alpenglow_FUnicorn/examples/FUnicorn_ShipCode/FUnicorn_ShipCode.ino:58:3: error: &#39;EIMSK&#39; was not declared in this scope
   EIMSK &amp;= ~(1 &lt;&lt; INT0);        // disables INT0 to guarantee clearing buttJustPressed
   ^~~~~
/home/ec2-user/arduino-testlib/cli-datadir/user/libraries/Alpenglow_FUnicorn/examples/FUnicorn_ShipCode/FUnicorn_ShipCode.ino:58:19: error: &#39;INT0&#39; was not declared in this scope
   EIMSK &amp;= ~(1 &lt;&lt; INT0);        // disables INT0 to guarantee clearing buttJustPressed
                   ^~~~
/home/ec2-user/arduino-testlib/cli-datadir/user/libraries/Alpenglow_FUnicorn/examples/FUnicorn_ShipCode/FUnicorn_ShipCode.ino:58:19: note: suggested alternative: &#39;PIN0&#39;
   EIMSK &amp;= ~(1 &lt;&lt; INT0);        // disables INT0 to guarantee clearing buttJustPressed
                   ^~~~
                   PIN0
In file included from /home/ec2-user/arduino-testlib/cli-datadir/data/packages/arduino/tools/avr-gcc/7.3.0-atmel3.6.1-arduino5/avr/include/avr/io.h:99:0,
                 from /home/ec2-user/arduino-testlib/cli-datadir/data/packages/arduino/tools/avr-gcc/7.3.0-atmel3.6.1-arduino5/avr/include/avr/pgmspace.h:90,
                 from /home/ec2-user/arduino-testlib/cli-datadir/data/packages/arduino/hardware/megaavr/1.8.7/cores/arduino/api/String.h:31,
                 from /home/ec2-user/arduino-testlib/cli-datadir/data/packages/arduino/hardware/megaavr/1.8.7/cores/arduino/api/IPAddress.h:24,
                 from /home/ec2-user/arduino-testlib/cli-datadir/data/packages/arduino/hardware/megaavr/1.8.7/cores/arduino/api/ArduinoAPI.h:30,
                 from /home/ec2-user/arduino-testlib/cli-datadir/data/packages/arduino/hardware/megaavr/1.8.7/cores/arduino/Arduino.h:23,
                 from /tmp/arduino-sketch-F8E9F693A2235C06D0F15BCE26C12B19/sketch/FUnicorn_ShipCode.ino.cpp:1:
/home/ec2-user/arduino-testlib/cli-datadir/user/libraries/Alpenglow_FUnicorn/src/FUnicorn.h:63:38: error: &#39;PIND&#39; was not declared in this scope
 #define BUTT_IS_PRESSED bit_is_clear(PIND, BUTT)
                                      ^
/home/ec2-user/arduino-testlib/cli-datadir/user/libraries/Alpenglow_FUnicorn/examples/FUnicorn_ShipCode/FUnicorn_ShipCode.ino:73:9: note: in expansion of macro &#39;BUTT_IS_PRESSED&#39;
     if (BUTT_IS_PRESSED) return 1;
         ^~~~~~~~~~~~~~~
/home/ec2-user/arduino-testlib/cli-datadir/user/libraries/Alpenglow_FUnicorn/src/FUnicorn.h:63:38: note: suggested alternative: &#39;PIN0&#39;
 #define BUTT_IS_PRESSED bit_is_clear(PIND, BUTT)
                                      ^
/home/ec2-user/arduino-testlib/cli-datadir/user/libraries/Alpenglow_FUnicorn/examples/FUnicorn_ShipCode/FUnicorn_ShipCode.ino:73:9: note: in expansion of macro &#39;BUTT_IS_PRESSED&#39;
     if (BUTT_IS_PRESSED) return 1;
         ^~~~~~~~~~~~~~~
/home/ec2-user/arduino-testlib/cli-datadir/user/libraries/Alpenglow_FUnicorn/src/FUnicorn.h:23:15: error: &#39;PIND2&#39; was not declared in this scope
 #define BUTT  PIND2   // for reading value of button pin
               ^
/home/ec2-user/arduino-testlib/cli-datadir/user/libraries/Alpenglow_FUnicorn/src/FUnicorn.h:63:44: note: in expansion of macro &#39;BUTT&#39;
 #define BUTT_IS_PRESSED bit_is_clear(PIND, BUTT)
                                            ^~~~
/home/ec2-user/arduino-testlib/cli-datadir/user/libraries/Alpenglow_FUnicorn/examples/FUnicorn_ShipCode/FUnicorn_ShipCode.ino:73:9: note: in expansion of macro &#39;BUTT_IS_PRESSED&#39;
     if (BUTT_IS_PRESSED) return 1;
         ^~~~~~~~~~~~~~~
/home/ec2-user/arduino-testlib/cli-datadir/user/libraries/Alpenglow_FUnicorn/src/FUnicorn.h:23:15: note: suggested alternative: &#39;PIN2&#39;
 #define BUTT  PIND2   // for reading value of button pin
               ^
/home/ec2-user/arduino-testlib/cli-datadir/user/libraries/Alpenglow_FUnicorn/src/FUnicorn.h:63:44: note: in expansion of macro &#39;BUTT&#39;
 #define BUTT_IS_PRESSED bit_is_clear(PIND, BUTT)
                                            ^~~~
/home/ec2-user/arduino-testlib/cli-datadir/user/libraries/Alpenglow_FUnicorn/examples/FUnicorn_ShipCode/FUnicorn_ShipCode.ino:73:9: note: in expansion of macro &#39;BUTT_IS_PRESSED&#39;
     if (BUTT_IS_PRESSED) return 1;
         ^~~~~~~~~~~~~~~
/home/ec2-user/arduino-testlib/cli-datadir/user/libraries/Alpenglow_FUnicorn/examples/FUnicorn_ShipCode/FUnicorn_ShipCode.ino: In function &#39;void loop()&#39;:
/home/ec2-user/arduino-testlib/cli-datadir/user/libraries/Alpenglow_FUnicorn/src/FUnicorn.h:63:38: error: &#39;PIND&#39; was not declared in this scope
 #define BUTT_IS_PRESSED bit_is_clear(PIND, BUTT)
                                      ^
/home/ec2-user/arduino-testlib/cli-datadir/user/libraries/Alpenglow_FUnicorn/examples/FUnicorn_ShipCode/FUnicorn_ShipCode.ino:153:15: note: in expansion of macro &#39;BUTT_IS_PRESSED&#39;
           if (BUTT_IS_PRESSED) {              // checks to see if the button is (still) pressed
               ^~~~~~~~~~~~~~~
/home/ec2-user/arduino-testlib/cli-datadir/user/libraries/Alpenglow_FUnicorn/src/FUnicorn.h:63:38: note: suggested alternative: &#39;PIN0&#39;
 #define BUTT_IS_PRESSED bit_is_clear(PIND, BUTT)
                                      ^
/home/ec2-user/arduino-testlib/cli-datadir/user/libraries/Alpenglow_FUnicorn/examples/FUnicorn_ShipCode/FUnicorn_ShipCode.ino:153:15: note: in expansion of macro &#39;BUTT_IS_PRESSED&#39;
           if (BUTT_IS_PRESSED) {              // checks to see if the button is (still) pressed
               ^~~~~~~~~~~~~~~
/home/ec2-user/arduino-testlib/cli-datadir/user/libraries/Alpenglow_FUnicorn/src/FUnicorn.h:23:15: error: &#39;PIND2&#39; was not declared in this scope
 #define BUTT  PIND2   // for reading value of button pin
               ^
/home/ec2-user/arduino-testlib/cli-datadir/user/libraries/Alpenglow_FUnicorn/src/FUnicorn.h:63:44: note: in expansion of macro &#39;BUTT&#39;
 #define BUTT_IS_PRESSED bit_is_clear(PIND, BUTT)
                                            ^~~~
/home/ec2-user/arduino-testlib/cli-datadir/user/libraries/Alpenglow_FUnicorn/examples/FUnicorn_ShipCode/FUnicorn_ShipCode.ino:153:15: note: in expansion of macro &#39;BUTT_IS_PRESSED&#39;
           if (BUTT_IS_PRESSED) {              // checks to see if the button is (still) pressed
               ^~~~~~~~~~~~~~~
/home/ec2-user/arduino-testlib/cli-datadir/user/libraries/Alpenglow_FUnicorn/src/FUnicorn.h:23:15: note: suggested alternative: &#39;PIN2&#39;
 #define BUTT  PIND2   // for reading value of button pin
               ^
/home/ec2-user/arduino-testlib/cli-datadir/user/libraries/Alpenglow_FUnicorn/src/FUnicorn.h:63:44: note: in expansion of macro &#39;BUTT&#39;
 #define BUTT_IS_PRESSED bit_is_clear(PIND, BUTT)
                                            ^~~~
/home/ec2-user/arduino-testlib/cli-datadir/user/libraries/Alpenglow_FUnicorn/examples/FUnicorn_ShipCode/FUnicorn_ShipCode.ino:153:15: note: in expansion of macro &#39;BUTT_IS_PRESSED&#39;
           if (BUTT_IS_PRESSED) {              // checks to see if the button is (still) pressed
               ^~~~~~~~~~~~~~~

</pre>
					
					<h4>examples/FUnicorn_SocialDist</h4>
					<p>
						Result: <b>FAIL</b>
					</p>
					<pre class="pre-scrollable">In file included from /home/ec2-user/arduino-testlib/cli-datadir/user/libraries/Alpenglow_FUnicorn/src/FUnicorn.cpp:31:0:
/home/ec2-user/arduino-testlib/cli-datadir/user/libraries/Alpenglow_FUnicorn/src/FUnicorn.cpp: In member function &#39;void FUnicorn::initOutputs()&#39;:
/home/ec2-user/arduino-testlib/cli-datadir/user/libraries/Alpenglow_FUnicorn/src/FUnicorn.h:21:15: error: &#39;PORTD3&#39; was not declared in this scope
 #define FUCK  PORTD3  // arduino D3
               ^
/home/ec2-user/arduino-testlib/cli-datadir/user/libraries/Alpenglow_FUnicorn/src/FUnicorn.cpp:59:18: note: in expansion of macro &#39;FUCK&#39;
   DDRD |= ((1 &lt;&lt; FUCK) | (1 &lt;&lt; BUTTLED));
                  ^~~~
/home/ec2-user/arduino-testlib/cli-datadir/user/libraries/Alpenglow_FUnicorn/src/FUnicorn.h:21:15: note: suggested alternative: &#39;PORTD&#39;
 #define FUCK  PORTD3  // arduino D3
               ^
/home/ec2-user/arduino-testlib/cli-datadir/user/libraries/Alpenglow_FUnicorn/src/FUnicorn.cpp:59:18: note: in expansion of macro &#39;FUCK&#39;
   DDRD |= ((1 &lt;&lt; FUCK) | (1 &lt;&lt; BUTTLED));
                  ^~~~
/home/ec2-user/arduino-testlib/cli-datadir/user/libraries/Alpenglow_FUnicorn/src/FUnicorn.h:25:17: error: &#39;PORTD4&#39; was not declared in this scope
 #define BUTTLED PORTD4  // arduino D4
                 ^
/home/ec2-user/arduino-testlib/cli-datadir/user/libraries/Alpenglow_FUnicorn/src/FUnicorn.cpp:59:32: note: in expansion of macro &#39;BUTTLED&#39;
   DDRD |= ((1 &lt;&lt; FUCK) | (1 &lt;&lt; BUTTLED));
                                ^~~~~~~
/home/ec2-user/arduino-testlib/cli-datadir/user/libraries/Alpenglow_FUnicorn/src/FUnicorn.h:25:17: note: suggested alternative: &#39;PORTD&#39;
 #define BUTTLED PORTD4  // arduino D4
                 ^
/home/ec2-user/arduino-testlib/cli-datadir/user/libraries/Alpenglow_FUnicorn/src/FUnicorn.cpp:59:32: note: in expansion of macro &#39;BUTTLED&#39;
   DDRD |= ((1 &lt;&lt; FUCK) | (1 &lt;&lt; BUTTLED));
                                ^~~~~~~
/home/ec2-user/arduino-testlib/cli-datadir/user/libraries/Alpenglow_FUnicorn/src/FUnicorn.h:20:15: error: &#39;PORTB1&#39; was not declared in this scope
 #define BANG  PORTB1  // arduino D9
               ^
/home/ec2-user/arduino-testlib/cli-datadir/user/libraries/Alpenglow_FUnicorn/src/FUnicorn.cpp:60:18: note: in expansion of macro &#39;BANG&#39;
   DDRB |= ((1 &lt;&lt; BANG) | (1 &lt;&lt; YOU) | (1 &lt;&lt; HORN));
                  ^~~~
/home/ec2-user/arduino-testlib/cli-datadir/user/libraries/Alpenglow_FUnicorn/src/FUnicorn.h:20:15: note: suggested alternative: &#39;PORTB&#39;
 #define BANG  PORTB1  // arduino D9
               ^
/home/ec2-user/arduino-testlib/cli-datadir/user/libraries/Alpenglow_FUnicorn/src/FUnicorn.cpp:60:18: note: in expansion of macro &#39;BANG&#39;
   DDRB |= ((1 &lt;&lt; BANG) | (1 &lt;&lt; YOU) | (1 &lt;&lt; HORN));
                  ^~~~
/home/ec2-user/arduino-testlib/cli-datadir/user/libraries/Alpenglow_FUnicorn/src/FUnicorn.h:22:15: error: &#39;PORTB2&#39; was not declared in this scope
 #define YOU   PORTB2  // arduino D10
               ^
/home/ec2-user/arduino-testlib/cli-datadir/user/libraries/Alpenglow_FUnicorn/src/FUnicorn.cpp:60:32: note: in expansion of macro &#39;YOU&#39;
   DDRB |= ((1 &lt;&lt; BANG) | (1 &lt;&lt; YOU) | (1 &lt;&lt; HORN));
                                ^~~
/home/ec2-user/arduino-testlib/cli-datadir/user/libraries/Alpenglow_FUnicorn/src/FUnicorn.h:22:15: note: suggested alternative: &#39;PORTB&#39;
 #define YOU   PORTB2  // arduino D10
               ^
/home/ec2-user/arduino-testlib/cli-datadir/user/libraries/Alpenglow_FUnicorn/src/FUnicorn.cpp:60:32: note: in expansion of macro &#39;YOU&#39;
   DDRB |= ((1 &lt;&lt; BANG) | (1 &lt;&lt; YOU) | (1 &lt;&lt; HORN));
                                ^~~
/home/ec2-user/arduino-testlib/cli-datadir/user/libraries/Alpenglow_FUnicorn/src/FUnicorn.h:19:15: error: &#39;PORTB3&#39; was not declared in this scope
 #define HORN  PORTB3  // arduino D11
               ^
/home/ec2-user/arduino-testlib/cli-datadir/user/libraries/Alpenglow_FUnicorn/src/FUnicorn.cpp:60:45: note: in expansion of macro &#39;HORN&#39;
   DDRB |= ((1 &lt;&lt; BANG) | (1 &lt;&lt; YOU) | (1 &lt;&lt; HORN));
                                             ^~~~
/home/ec2-user/arduino-testlib/cli-datadir/user/libraries/Alpenglow_FUnicorn/src/FUnicorn.h:19:15: note: suggested alternative: &#39;PORTB&#39;
 #define HORN  PORTB3  // arduino D11
               ^
/home/ec2-user/arduino-testlib/cli-datadir/user/libraries/Alpenglow_FUnicorn/src/FUnicorn.cpp:60:45: note: in expansion of macro &#39;HORN&#39;
   DDRB |= ((1 &lt;&lt; BANG) | (1 &lt;&lt; YOU) | (1 &lt;&lt; HORN));
                                             ^~~~
/home/ec2-user/arduino-testlib/cli-datadir/user/libraries/Alpenglow_FUnicorn/src/FUnicorn.cpp: In member function &#39;void FUnicorn::initButt()&#39;:
/home/ec2-user/arduino-testlib/cli-datadir/user/libraries/Alpenglow_FUnicorn/src/FUnicorn.cpp:68:3: error: &#39;EICRA&#39; was not declared in this scope
   EICRA |= (1 &lt;&lt; ISC01);      // INT0 triggers on falling edge
   ^~~~~
/home/ec2-user/arduino-testlib/cli-datadir/user/libraries/Alpenglow_FUnicorn/src/FUnicorn.cpp:68:18: error: &#39;ISC01&#39; was not declared in this scope
   EICRA |= (1 &lt;&lt; ISC01);      // INT0 triggers on falling edge
                  ^~~~~
/home/ec2-user/arduino-testlib/cli-datadir/user/libraries/Alpenglow_FUnicorn/src/FUnicorn.cpp:69:3: error: &#39;EIMSK&#39; was not declared in this scope
   EIMSK |= (1 &lt;&lt; INT0);       // enables INT0
   ^~~~~
/home/ec2-user/arduino-testlib/cli-datadir/user/libraries/Alpenglow_FUnicorn/src/FUnicorn.cpp:69:18: error: &#39;INT0&#39; was not declared in this scope
   EIMSK |= (1 &lt;&lt; INT0);       // enables INT0
                  ^~~~
/home/ec2-user/arduino-testlib/cli-datadir/user/libraries/Alpenglow_FUnicorn/src/FUnicorn.cpp:69:18: note: suggested alternative: &#39;PIN0&#39;
   EIMSK |= (1 &lt;&lt; INT0);       // enables INT0
                  ^~~~
                  PIN0
/home/ec2-user/arduino-testlib/cli-datadir/user/libraries/Alpenglow_FUnicorn/src/FUnicorn.cpp: In member function &#39;void FUnicorn::initFuckHornTimer()&#39;:
/home/ec2-user/arduino-testlib/cli-datadir/user/libraries/Alpenglow_FUnicorn/src/FUnicorn.cpp:74:3: error: &#39;TCCR2A&#39; was not declared in this scope
   TCCR2A = 0;                 // clears arduino setup so we can set up PWM module ourselves
   ^~~~~~
/home/ec2-user/arduino-testlib/cli-datadir/user/libraries/Alpenglow_FUnicorn/src/FUnicorn.cpp:74:3: note: suggested alternative: &#39;TCB2&#39;
   TCCR2A = 0;                 // clears arduino setup so we can set up PWM module ourselves
   ^~~~~~
   TCB2
/home/ec2-user/arduino-testlib/cli-datadir/user/libraries/Alpenglow_FUnicorn/src/FUnicorn.cpp:75:3: error: &#39;TCCR2B&#39; was not declared in this scope
   TCCR2B = 0;
   ^~~~~~
/home/ec2-user/arduino-testlib/cli-datadir/user/libraries/Alpenglow_FUnicorn/src/FUnicorn.cpp:75:3: note: suggested alternative: &#39;TCB2&#39;
   TCCR2B = 0;
   ^~~~~~
   TCB2
/home/ec2-user/arduino-testlib/cli-datadir/user/libraries/Alpenglow_FUnicorn/src/FUnicorn.cpp:76:19: error: &#39;COM2A1&#39; was not declared in this scope
   TCCR2A |= (1 &lt;&lt; COM2A1) | (1 &lt;&lt; COM2B1) | (1 &lt;&lt; WGM20);   // Phase correct PWM, 0xFF is top, 8-bit
                   ^~~~~~
/home/ec2-user/arduino-testlib/cli-datadir/user/libraries/Alpenglow_FUnicorn/src/FUnicorn.cpp:76:35: error: &#39;COM2B1&#39; was not declared in this scope
   TCCR2A |= (1 &lt;&lt; COM2A1) | (1 &lt;&lt; COM2B1) | (1 &lt;&lt; WGM20);   // Phase correct PWM, 0xFF is top, 8-bit
                                   ^~~~~~
/home/ec2-user/arduino-testlib/cli-datadir/user/libraries/Alpenglow_FUnicorn/src/FUnicorn.cpp:76:51: error: &#39;WGM20&#39; was not declared in this scope
   TCCR2A |= (1 &lt;&lt; COM2A1) | (1 &lt;&lt; COM2B1) | (1 &lt;&lt; WGM20);   // Phase correct PWM, 0xFF is top, 8-bit
                                                   ^~~~~
/home/ec2-user/arduino-testlib/cli-datadir/user/libraries/Alpenglow_FUnicorn/src/FUnicorn.cpp:77:3: error: &#39;OCR2A&#39; was not declared in this scope
   OCR2A = 0;                  // should start as solid off
   ^~~~~
/home/ec2-user/arduino-testlib/cli-datadir/user/libraries/Alpenglow_FUnicorn/src/FUnicorn.cpp:78:3: error: &#39;OCR2B&#39; was not declared in this scope
   OCR2B = 0;
   ^~~~~
/home/ec2-user/arduino-testlib/cli-datadir/user/libraries/Alpenglow_FUnicorn/src/FUnicorn.cpp:79:19: error: &#39;CS20&#39; was not declared in this scope
   TCCR2B |= (1 &lt;&lt; CS20);      // enables the clock with a prescaler of 1
                   ^~~~
/home/ec2-user/arduino-testlib/cli-datadir/user/libraries/Alpenglow_FUnicorn/src/FUnicorn.cpp: In member function &#39;void FUnicorn::initBangYouTimer()&#39;:
/home/ec2-user/arduino-testlib/cli-datadir/user/libraries/Alpenglow_FUnicorn/src/FUnicorn.cpp:84:3: error: &#39;TCCR1A&#39; was not declared in this scope
   TCCR1A = 0;                 // clears arduino setup so we can set up PWM module ourselves
   ^~~~~~
/home/ec2-user/arduino-testlib/cli-datadir/user/libraries/Alpenglow_FUnicorn/src/FUnicorn.cpp:84:3: note: suggested alternative: &#39;TCB1&#39;
   TCCR1A = 0;                 // clears arduino setup so we can set up PWM module ourselves
   ^~~~~~
   TCB1
/home/ec2-user/arduino-testlib/cli-datadir/user/libraries/Alpenglow_FUnicorn/src/FUnicorn.cpp:85:3: error: &#39;TCCR1B&#39; was not declared in this scope
   TCCR1B = 0;
   ^~~~~~
/home/ec2-user/arduino-testlib/cli-datadir/user/libraries/Alpenglow_FUnicorn/src/FUnicorn.cpp:85:3: note: suggested alternative: &#39;TCB1&#39;
   TCCR1B = 0;
   ^~~~~~
   TCB1
/home/ec2-user/arduino-testlib/cli-datadir/user/libraries/Alpenglow_FUnicorn/src/FUnicorn.cpp:86:19: error: &#39;COM1A1&#39; was not declared in this scope
   TCCR1A |= (1 &lt;&lt; COM1A1) | (1 &lt;&lt; COM1B1) | (1 &lt;&lt; WGM10);   // Phase correct PWM, 0x00FF is top, 8-bit
                   ^~~~~~
/home/ec2-user/arduino-testlib/cli-datadir/user/libraries/Alpenglow_FUnicorn/src/FUnicorn.cpp:86:35: error: &#39;COM1B1&#39; was not declared in this scope
   TCCR1A |= (1 &lt;&lt; COM1A1) | (1 &lt;&lt; COM1B1) | (1 &lt;&lt; WGM10);   // Phase correct PWM, 0x00FF is top, 8-bit
                                   ^~~~~~
/home/ec2-user/arduino-testlib/cli-datadir/user/libraries/Alpenglow_FUnicorn/src/FUnicorn.cpp:86:51: error: &#39;WGM10&#39; was not declared in this scope
   TCCR1A |= (1 &lt;&lt; COM1A1) | (1 &lt;&lt; COM1B1) | (1 &lt;&lt; WGM10);   // Phase correct PWM, 0x00FF is top, 8-bit
                       </pre>
					
					<h4>examples/Funicorn_CapTouch</h4>
					<p>
						Result: <b>FAIL</b>
					</p>
					<pre class="pre-scrollable"></pre>
					
					<h4>examples/Funicorn_ResTouch</h4>
					<p>
						Result: <b>FAIL</b>
					</p>
					<pre class="pre-scrollable"></pre>
					
				
				<h3 id="arduino:samd:mkrwifi1010">arduino:samd:mkrwifi1010 @ 1.8.12</h3>
				<h4>Inclusion</h4>
				<p>
					Result: <b>FAIL</b>
					
				</p>
				<pre class="pre-scrollable">/home/ec2-user/arduino-testlib/cli-datadir/user/libraries/Alpenglow_FUnicorn/src/FUnicorn.cpp:33:10: fatal error: util/atomic.h: No such file or directory
 #include &lt;util/atomic.h&gt;
          ^~~~~~~~~~~~~~~
compilation terminated.

</pre>

					
					<h4>examples/FUnicorn_BlinkPattern</h4>
					<p>
						Result: <b>FAIL</b>
					</p>
					<pre class="pre-scrollable">/home/ec2-user/arduino-testlib/cli-datadir/user/libraries/Alpenglow_FUnicorn/src/FUnicorn.cpp:33:10: fatal error: util/atomic.h: No such file or directory
 #include &lt;util/atomic.h&gt;
          ^~~~~~~~~~~~~~~
compilation terminated.

</pre>
					
					<h4>examples/FUnicorn_Button</h4>
					<p>
						Result: <b>FAIL</b>
					</p>
					<pre class="pre-scrollable">/home/ec2-user/arduino-testlib/cli-datadir/user/libraries/Alpenglow_FUnicorn/src/FUnicorn.cpp:33:10: fatal error: util/atomic.h: No such file or directory
 #include &lt;util/atomic.h&gt;
          ^~~~~~~~~~~~~~~
compilation terminated.

</pre>
					
					<h4>examples/FUnicorn_Music_Shield</h4>
					<p>
						Result: <b>FAIL</b>
					</p>
					<pre class="pre-scrollable">/home/ec2-user/arduino-testlib/cli-datadir/user/libraries/Alpenglow_FUnicorn/src/FUnicorn.cpp:33:10: fatal error: util/atomic.h: No such file or directory
 #include &lt;util/atomic.h&gt;
          ^~~~~~~~~~~~~~~
compilation terminated.

</pre>
					
					<h4>examples/FUnicorn_ShipCode</h4>
					<p>
						Result: <b>FAIL</b>
					</p>
					<pre class="pre-scrollable">/home/ec2-user/arduino-testlib/cli-datadir/user/libraries/Alpenglow_FUnicorn/src/FUnicorn.cpp:33:10: fatal error: util/atomic.h: No such file or directory
 #include &lt;util/atomic.h&gt;
          ^~~~~~~~~~~~~~~
compilation terminated.

</pre>
					
					<h4>examples/FUnicorn_SocialDist</h4>
					<p>
						Result: <b>FAIL</b>
					</p>
					<pre class="pre-scrollable">/home/ec2-user/arduino-testlib/cli-datadir/user/libraries/Alpenglow_FUnicorn/src/FUnicorn.cpp:33:10: fatal error: util/atomic.h: No such file or directory
 #include &lt;util/atomic.h&gt;
          ^~~~~~~~~~~~~~~
compilation terminated.
Multiple libraries were found for &#34;Ultrasonic.h&#34;
  Used: /home/ec2-user/arduino-testlib/cli-datadir/user/libraries/Ultrasonic
  Not used: /home/ec2-user/arduino-testlib/cli-datadir/user/libraries/Grove_Ultrasonic_Ranger
  Not used: /home/ec2-user/arduino-testlib/cli-datadir/user/libraries/Ultrasonic_hc_sr04
</pre>
					
					<h4>examples/Funicorn_CapTouch</h4>
					<p>
						Result: <b>FAIL</b>
					</p>
					<pre class="pre-scrollable"></pre>
					
					<h4>examples/Funicorn_ResTouch</h4>
					<p>
						Result: <b>FAIL</b>
					</p>
					<pre class="pre-scrollable"></pre>
					
				
				<h3 id="esp32:esp32:d1_mini32">esp32:esp32:d1_mini32 @ 1.0.6</h3>
				<h4>Inclusion</h4>
				<p>
					Result: <b>FAIL</b>
					
				</p>
				<pre class="pre-scrollable">/home/ec2-user/arduino-testlib/cli-datadir/user/libraries/Alpenglow_FUnicorn/src/FUnicorn.cpp:33:25: fatal error: util/atomic.h: No such file or directory
compilation terminated.

</pre>

					
					<h4>examples/FUnicorn_BlinkPattern</h4>
					<p>
						Result: <b>FAIL</b>
					</p>
					<pre class="pre-scrollable">/home/ec2-user/arduino-testlib/cli-datadir/user/libraries/Alpenglow_FUnicorn/src/FUnicorn.cpp:33:25: fatal error: util/atomic.h: No such file or directory
compilation terminated.

</pre>
					
					<h4>examples/FUnicorn_Button</h4>
					<p>
						Result: <b>FAIL</b>
					</p>
					<pre class="pre-scrollable">/home/ec2-user/arduino-testlib/cli-datadir/user/libraries/Alpenglow_FUnicorn/src/FUnicorn.cpp:33:25: fatal error: util/atomic.h: No such file or directory
compilation terminated.

</pre>
					
					<h4>examples/FUnicorn_Music_Shield</h4>
					<p>
						Result: <b>FAIL</b>
					</p>
					<pre class="pre-scrollable">/home/ec2-user/arduino-testlib/cli-datadir/user/libraries/Alpenglow_FUnicorn/src/FUnicorn.cpp:33:25: fatal error: util/atomic.h: No such file or directory
compilation terminated.

</pre>
					
					<h4>examples/FUnicorn_ShipCode</h4>
					<p>
						Result: <b>FAIL</b>
					</p>
					<pre class="pre-scrollable">/home/ec2-user/arduino-testlib/cli-datadir/user/libraries/Alpenglow_FUnicorn/src/FUnicorn.cpp:33:25: fatal error: util/atomic.h: No such file or directory
compilation terminated.

</pre>
					
					<h4>examples/FUnicorn_SocialDist</h4>
					<p>
						Result: <b>FAIL</b>
					</p>
					<pre class="pre-scrollable">/home/ec2-user/arduino-testlib/cli-datadir/user/libraries/Alpenglow_FUnicorn/src/FUnicorn.cpp:33:25: fatal error: util/atomic.h: No such file or directory
compilation terminated.
Multiple libraries were found for &#34;Ultrasonic.h&#34;
  Used: /home/ec2-user/arduino-testlib/cli-datadir/user/libraries/Ultrasonic
  Not used: /home/ec2-user/arduino-testlib/cli-datadir/user/libraries/Ultrasonic_hc_sr04
  Not used: /home/ec2-user/arduino-testlib/cli-datadir/user/libraries/Grove_Ultrasonic_Ranger
</pre>
					
					<h4>examples/Funicorn_CapTouch</h4>
					<p>
						Result: <b>FAIL</b>
					</p>
					<pre class="pre-scrollable"></pre>
					
					<h4>examples/Funicorn_ResTouch</h4>
					<p>
						Result: <b>FAIL</b>
					</p>
					<pre class="pre-scrollable"></pre>
					
				
			</div>
		</div>
	</div>
  </body>
</html>
