
<!doctype html>
<html lang="en">
  <head>
    <meta charset="utf-8">
    <meta name="viewport" content="width=device-width, initial-scale=1">
    <link href="https://cdn.jsdelivr.net/npm/bootstrap@5.0.2/dist/css/bootstrap.min.css" rel="stylesheet" integrity="sha384-EVSTQN3/azprG1Anm3QDgpJLIm9Nao0Yz1ztcQTwFspd3yD65VohhpuuCOmLASjC" crossorigin="anonymous">
    <title>arduino-testlib report</title>
	<style>
	.pass { background-color: #00FF00 !important; }
	.fail { background-color: #FF0000 !important; }
	</style>
  </head>
  <body>
	<div class="container">
		<div class="row">
			<div class="col">
				<h1>AnalogKeypad by Makuna - compatibility matrix</h1>
				<p>
					<small>This report was generated on Wednesday, 23-Feb-22 22:48:15 CET using 
					<a href="https://github.com/alranel/arduino-testlib">arduino-testlib</a>.</small>
				</p>

				<h2>AnalogKeypad by Makuna</h2>
				<p>
					Version: <b>1.1.1</b>
					<br />
					<a href="https://www.arduino.cc/reference/en/libraries/analogkeypad-by-makuna/">More details</a>
				</p>

				<h2>Compatibility matrix</h2>
				<table class="table table-bordered">
					<tr>
						<th>Board</th>
						<th>Claims compatibility</th>
						<th>Inclusion</th>
						
						<th><pre>AnalogKeypad_CreateConfig</pre></th>
						
						<th><pre>AnalogKeypad_Simple</pre></th>
						
					</tr>
					
					<tr>
						<td>
							<a href="#arduino%3aavr%3auno"><b>arduino:avr:uno</b></a>
							<br />
							<small>1.8.4</small>
						</td>

						
							<td>Yes</td>
							<td class="pass">PASS</td>
						
						
						
						

						
							
								
									
										
											
											<td class="fail">FAIL</td>
										
									
										
									
								
							
								
							
								
							
								
							
								
							
						
							
								
									
										
									
										
											
											<td class="fail">FAIL</td>
										
									
								
							
								
							
								
							
								
							
								
							
						
					</tr>
					
					<tr>
						<td>
							<a href="#arduino%3ambed_nano%3ananorp2040connect"><b>arduino:mbed_nano:nanorp2040connect</b></a>
							<br />
							<small>2.7.2</small>
						</td>

						
							<td>Yes</td>
							<td class="pass">PASS</td>
						
						
						
						

						
							
								
							
								
									
										
											
											<td class="fail">FAIL</td>
										
									
										
									
								
							
								
							
								
							
								
							
						
							
								
							
								
									
										
									
										
											
											<td class="fail">FAIL</td>
										
									
								
							
								
							
								
							
								
							
						
					</tr>
					
					<tr>
						<td>
							<a href="#arduino%3amegaavr%3anona4809"><b>arduino:megaavr:nona4809</b></a>
							<br />
							<small>1.8.7</small>
						</td>

						
							<td>Yes</td>
							<td class="pass">PASS</td>
						
						
						
						

						
							
								
							
								
							
								
									
										
											
											<td class="fail">FAIL</td>
										
									
										
									
								
							
								
							
								
							
						
							
								
							
								
							
								
									
										
									
										
											
											<td class="fail">FAIL</td>
										
									
								
							
								
							
								
							
						
					</tr>
					
					<tr>
						<td>
							<a href="#arduino%3asamd%3amkrwifi1010"><b>arduino:samd:mkrwifi1010</b></a>
							<br />
							<small>1.8.12</small>
						</td>

						
							<td>Yes</td>
							<td class="pass">PASS</td>
						
						
						
						

						
							
								
							
								
							
								
							
								
									
										
											
											<td class="fail">FAIL</td>
										
									
										
									
								
							
								
							
						
							
								
							
								
							
								
							
								
									
										
									
										
											
											<td class="fail">FAIL</td>
										
									
								
							
								
							
						
					</tr>
					
					<tr>
						<td>
							<a href="#esp32%3aesp32%3ad1_mini32"><b>esp32:esp32:d1_mini32</b></a>
							<br />
							<small>1.0.6</small>
						</td>

						
							<td>Yes</td>
							<td class="pass">PASS</td>
						
						
						
						

						
							
								
							
								
							
								
							
								
							
								
									
										
											
											<td class="fail">FAIL</td>
										
									
										
									
								
							
						
							
								
							
								
							
								
							
								
							
								
									
										
									
										
											
											<td class="fail">FAIL</td>
										
									
								
							
						
					</tr>
					
				</table>

				<h2>Compilation logs</h2>
				
				<h3 id="arduino:avr:uno">arduino:avr:uno @ 1.8.4</h3>
				<h4>Inclusion</h4>
				<p>
					Result: <b>PASS</b>
					
				</p>
				<pre class="pre-scrollable">Sketch uses 444 bytes (1%) of program storage space. Maximum is 32256 bytes.
Global variables use 9 bytes (0%) of dynamic memory, leaving 2039 bytes for local variables. Maximum is 2048 bytes.
</pre>

					
					<h4>examples/AnalogKeypad_CreateConfig</h4>
					<p>
						Result: <b>FAIL</b>
					</p>
					<pre class="pre-scrollable">/home/ec2-user/arduino-testlib/cli-datadir/user/libraries/AnalogKeypad_by_Makuna/examples/AnalogKeypad_CreateConfig/AnalogKeypad_CreateConfig.ino: In function &#39;bool readLevel(int*, int*)&#39;:
/home/ec2-user/arduino-testlib/cli-datadir/user/libraries/AnalogKeypad_by_Makuna/examples/AnalogKeypad_CreateConfig/AnalogKeypad_CreateConfig.ino:35:37: error: &#39;countof&#39; was not declared in this scope
     for (uint8_t index = 0; index &lt; countof(lastValues); index&#43;&#43;) {
                                     ^~~~~~~
/home/ec2-user/arduino-testlib/cli-datadir/user/libraries/AnalogKeypad_by_Makuna/examples/AnalogKeypad_CreateConfig/AnalogKeypad_CreateConfig.ino:35:37: note: suggested alternative: &#39;roundf&#39;
     for (uint8_t index = 0; index &lt; countof(lastValues); index&#43;&#43;) {
                                     ^~~~~~~
                                     roundf
/home/ec2-user/arduino-testlib/cli-datadir/user/libraries/AnalogKeypad_by_Makuna/examples/AnalogKeypad_CreateConfig/AnalogKeypad_CreateConfig.ino:52:53: error: &#39;countof&#39; was not declared in this scope
             lastValueIndex = (lastValueIndex &#43; 1) % countof(lastValues);
                                                     ^~~~~~~
/home/ec2-user/arduino-testlib/cli-datadir/user/libraries/AnalogKeypad_by_Makuna/examples/AnalogKeypad_CreateConfig/AnalogKeypad_CreateConfig.ino:52:53: note: suggested alternative: &#39;roundf&#39;
             lastValueIndex = (lastValueIndex &#43; 1) % countof(lastValues);
                                                     ^~~~~~~
                                                     roundf
Multiple libraries were found for &#34;AnalogKeypad.h&#34;
  Used: /home/ec2-user/arduino-testlib/cli-datadir/user/libraries/AnalogKeypad
  Not used: /home/ec2-user/arduino-testlib/cli-datadir/user/libraries/AnalogKeypad_by_Makuna
</pre>
					
					<h4>examples/AnalogKeypad_Simple</h4>
					<p>
						Result: <b>FAIL</b>
					</p>
					<pre class="pre-scrollable">/home/ec2-user/arduino-testlib/cli-datadir/user/libraries/AnalogKeypad_by_Makuna/examples/AnalogKeypad_Simple/AnalogKeypad_Simple.ino:11:49: error: &#39;countof&#39; was not declared in this scope
 AnalogKeypad keypad(KeypadAnalogPin, KeypadMap, countof(KeypadMap), KeypadHoldTimeMs);
                                                 ^~~~~~~
/home/ec2-user/arduino-testlib/cli-datadir/user/libraries/AnalogKeypad_by_Makuna/examples/AnalogKeypad_Simple/AnalogKeypad_Simple.ino:11:49: note: suggested alternative: &#39;roundf&#39;
 AnalogKeypad keypad(KeypadAnalogPin, KeypadMap, countof(KeypadMap), KeypadHoldTimeMs);
                                                 ^~~~~~~
                                                 roundf
/home/ec2-user/arduino-testlib/cli-datadir/user/libraries/AnalogKeypad_by_Makuna/examples/AnalogKeypad_Simple/AnalogKeypad_Simple.ino:15:26: error: &#39;ButtonParam&#39; does not name a type
 void ButtonHandler(const ButtonParam&amp; param)
                          ^~~~~~~~~~~
/home/ec2-user/arduino-testlib/cli-datadir/user/libraries/AnalogKeypad_by_Makuna/examples/AnalogKeypad_Simple/AnalogKeypad_Simple.ino:15:26: error: &#39;ButtonParam&#39; does not name a type; did you mean &#39;ButtonHandler&#39;?
 void ButtonHandler(const ButtonParam&amp; param)
                          ^~~~~~~~~~~
                          ButtonHandler
/home/ec2-user/arduino-testlib/cli-datadir/user/libraries/AnalogKeypad_by_Makuna/examples/AnalogKeypad_Simple/AnalogKeypad_Simple.ino: In function &#39;void ButtonHandler(const int&amp;)&#39;:
/home/ec2-user/arduino-testlib/cli-datadir/user/libraries/AnalogKeypad_by_Makuna/examples/AnalogKeypad_Simple/AnalogKeypad_Simple.ino:17:22: error: request for member &#39;button&#39; in &#39;param&#39;, which is of non-class type &#39;const int&#39;
   Serial.print(param.button);
                      ^~~~~~
/home/ec2-user/arduino-testlib/cli-datadir/user/libraries/AnalogKeypad_by_Makuna/examples/AnalogKeypad_Simple/AnalogKeypad_Simple.ino:20:17: error: request for member &#39;state&#39; in &#39;param&#39;, which is of non-class type &#39;const int&#39;
   switch (param.state)
                 ^~~~~
/home/ec2-user/arduino-testlib/cli-datadir/user/libraries/AnalogKeypad_by_Makuna/examples/AnalogKeypad_Simple/AnalogKeypad_Simple.ino:22:10: error: &#39;ButtonState_Up&#39; was not declared in this scope
     case ButtonState_Up:
          ^~~~~~~~~~~~~~
/home/ec2-user/arduino-testlib/cli-datadir/user/libraries/AnalogKeypad_by_Makuna/examples/AnalogKeypad_Simple/AnalogKeypad_Simple.ino:22:10: note: suggested alternative: &#39;ButtonHandler&#39;
     case ButtonState_Up:
          ^~~~~~~~~~~~~~
          ButtonHandler
/home/ec2-user/arduino-testlib/cli-datadir/user/libraries/AnalogKeypad_by_Makuna/examples/AnalogKeypad_Simple/AnalogKeypad_Simple.ino:26:10: error: &#39;ButtonState_Down&#39; was not declared in this scope
     case ButtonState_Down:
          ^~~~~~~~~~~~~~~~
/home/ec2-user/arduino-testlib/cli-datadir/user/libraries/AnalogKeypad_by_Makuna/examples/AnalogKeypad_Simple/AnalogKeypad_Simple.ino:30:10: error: &#39;ButtonState_Click&#39; was not declared in this scope
     case ButtonState_Click:
          ^~~~~~~~~~~~~~~~~
/home/ec2-user/arduino-testlib/cli-datadir/user/libraries/AnalogKeypad_by_Makuna/examples/AnalogKeypad_Simple/AnalogKeypad_Simple.ino:34:10: error: &#39;ButtonState_DoubleClick&#39; was not declared in this scope
     case ButtonState_DoubleClick:
          ^~~~~~~~~~~~~~~~~~~~~~~
/home/ec2-user/arduino-testlib/cli-datadir/user/libraries/AnalogKeypad_by_Makuna/examples/AnalogKeypad_Simple/AnalogKeypad_Simple.ino:38:10: error: &#39;ButtonState_Hold&#39; was not declared in this scope
     case ButtonState_Hold:
          ^~~~~~~~~~~~~~~~
/home/ec2-user/arduino-testlib/cli-datadir/user/libraries/AnalogKeypad_by_Makuna/examples/AnalogKeypad_Simple/AnalogKeypad_Simple.ino: In function &#39;void loop()&#39;:
/home/ec2-user/arduino-testlib/cli-datadir/user/libraries/AnalogKeypad_by_Makuna/examples/AnalogKeypad_Simple/AnalogKeypad_Simple.ino:57:10: error: &#39;class AnalogKeypad&#39; has no member named &#39;loop&#39;
   keypad.loop(ButtonHandler);
          ^~~~
Multiple libraries were found for &#34;AnalogKeypad.h&#34;
  Used: /home/ec2-user/arduino-testlib/cli-datadir/user/libraries/AnalogKeypad
  Not used: /home/ec2-user/arduino-testlib/cli-datadir/user/libraries/AnalogKeypad_by_Makuna
</pre>
					
				
				<h3 id="arduino:mbed_nano:nanorp2040connect">arduino:mbed_nano:nanorp2040connect @ 2.7.2</h3>
				<h4>Inclusion</h4>
				<p>
					Result: <b>PASS</b>
					
				</p>
				<pre class="pre-scrollable">Sketch uses 78756 bytes (0%) of program storage space. Maximum is 16777216 bytes.
Global variables use 43444 bytes (16%) of dynamic memory, leaving 226892 bytes for local variables. Maximum is 270336 bytes.
</pre>

					
					<h4>examples/AnalogKeypad_CreateConfig</h4>
					<p>
						Result: <b>FAIL</b>
					</p>
					<pre class="pre-scrollable">/home/ec2-user/arduino-testlib/cli-datadir/user/libraries/AnalogKeypad_by_Makuna/examples/AnalogKeypad_CreateConfig/AnalogKeypad_CreateConfig.ino: In function &#39;bool readLevel(int*, int*)&#39;:
/home/ec2-user/arduino-testlib/cli-datadir/user/libraries/AnalogKeypad_by_Makuna/examples/AnalogKeypad_CreateConfig/AnalogKeypad_CreateConfig.ino:35:37: error: &#39;countof&#39; was not declared in this scope
     for (uint8_t index = 0; index &lt; countof(lastValues); index&#43;&#43;) {
                                     ^~~~~~~
/home/ec2-user/arduino-testlib/cli-datadir/user/libraries/AnalogKeypad_by_Makuna/examples/AnalogKeypad_CreateConfig/AnalogKeypad_CreateConfig.ino:35:37: note: suggested alternative: &#39;count_of&#39;
     for (uint8_t index = 0; index &lt; countof(lastValues); index&#43;&#43;) {
                                     ^~~~~~~
                                     count_of
/home/ec2-user/arduino-testlib/cli-datadir/user/libraries/AnalogKeypad_by_Makuna/examples/AnalogKeypad_CreateConfig/AnalogKeypad_CreateConfig.ino:52:53: error: &#39;countof&#39; was not declared in this scope
             lastValueIndex = (lastValueIndex &#43; 1) % countof(lastValues);
                                                     ^~~~~~~
/home/ec2-user/arduino-testlib/cli-datadir/user/libraries/AnalogKeypad_by_Makuna/examples/AnalogKeypad_CreateConfig/AnalogKeypad_CreateConfig.ino:52:53: note: suggested alternative: &#39;count_of&#39;
             lastValueIndex = (lastValueIndex &#43; 1) % countof(lastValues);
                                                     ^~~~~~~
                                                     count_of
Multiple libraries were found for &#34;AnalogKeypad.h&#34;
  Used: /home/ec2-user/arduino-testlib/cli-datadir/user/libraries/AnalogKeypad
  Not used: /home/ec2-user/arduino-testlib/cli-datadir/user/libraries/AnalogKeypad_by_Makuna
</pre>
					
					<h4>examples/AnalogKeypad_Simple</h4>
					<p>
						Result: <b>FAIL</b>
					</p>
					<pre class="pre-scrollable">/home/ec2-user/arduino-testlib/cli-datadir/user/libraries/AnalogKeypad_by_Makuna/examples/AnalogKeypad_Simple/AnalogKeypad_Simple.ino:11:49: error: &#39;countof&#39; was not declared in this scope
 AnalogKeypad keypad(KeypadAnalogPin, KeypadMap, countof(KeypadMap), KeypadHoldTimeMs);
                                                 ^~~~~~~
/home/ec2-user/arduino-testlib/cli-datadir/user/libraries/AnalogKeypad_by_Makuna/examples/AnalogKeypad_Simple/AnalogKeypad_Simple.ino:11:49: note: suggested alternative: &#39;count_of&#39;
 AnalogKeypad keypad(KeypadAnalogPin, KeypadMap, countof(KeypadMap), KeypadHoldTimeMs);
                                                 ^~~~~~~
                                                 count_of
/home/ec2-user/arduino-testlib/cli-datadir/user/libraries/AnalogKeypad_by_Makuna/examples/AnalogKeypad_Simple/AnalogKeypad_Simple.ino:15:26: error: &#39;ButtonParam&#39; does not name a type
 void ButtonHandler(const ButtonParam&amp; param)
                          ^~~~~~~~~~~
/home/ec2-user/arduino-testlib/cli-datadir/user/libraries/AnalogKeypad_by_Makuna/examples/AnalogKeypad_Simple/AnalogKeypad_Simple.ino:15:26: error: &#39;ButtonParam&#39; does not name a type; did you mean &#39;ButtonHandler&#39;?
 void ButtonHandler(const ButtonParam&amp; param)
                          ^~~~~~~~~~~
                          ButtonHandler
/home/ec2-user/arduino-testlib/cli-datadir/user/libraries/AnalogKeypad_by_Makuna/examples/AnalogKeypad_Simple/AnalogKeypad_Simple.ino: In function &#39;void ButtonHandler(const int&amp;)&#39;:
/home/ec2-user/arduino-testlib/cli-datadir/user/libraries/AnalogKeypad_by_Makuna/examples/AnalogKeypad_Simple/AnalogKeypad_Simple.ino:17:22: error: request for member &#39;button&#39; in &#39;param&#39;, which is of non-class type &#39;const int&#39;
   Serial.print(param.button);
                      ^~~~~~
/home/ec2-user/arduino-testlib/cli-datadir/user/libraries/AnalogKeypad_by_Makuna/examples/AnalogKeypad_Simple/AnalogKeypad_Simple.ino:20:17: error: request for member &#39;state&#39; in &#39;param&#39;, which is of non-class type &#39;const int&#39;
   switch (param.state)
                 ^~~~~
/home/ec2-user/arduino-testlib/cli-datadir/user/libraries/AnalogKeypad_by_Makuna/examples/AnalogKeypad_Simple/AnalogKeypad_Simple.ino:22:10: error: &#39;ButtonState_Up&#39; was not declared in this scope
     case ButtonState_Up:
          ^~~~~~~~~~~~~~
/home/ec2-user/arduino-testlib/cli-datadir/user/libraries/AnalogKeypad_by_Makuna/examples/AnalogKeypad_Simple/AnalogKeypad_Simple.ino:22:10: note: suggested alternative: &#39;ButtonHandler&#39;
     case ButtonState_Up:
          ^~~~~~~~~~~~~~
          ButtonHandler
/home/ec2-user/arduino-testlib/cli-datadir/user/libraries/AnalogKeypad_by_Makuna/examples/AnalogKeypad_Simple/AnalogKeypad_Simple.ino:26:10: error: &#39;ButtonState_Down&#39; was not declared in this scope
     case ButtonState_Down:
          ^~~~~~~~~~~~~~~~
/home/ec2-user/arduino-testlib/cli-datadir/user/libraries/AnalogKeypad_by_Makuna/examples/AnalogKeypad_Simple/AnalogKeypad_Simple.ino:30:10: error: &#39;ButtonState_Click&#39; was not declared in this scope
     case ButtonState_Click:
          ^~~~~~~~~~~~~~~~~
/home/ec2-user/arduino-testlib/cli-datadir/user/libraries/AnalogKeypad_by_Makuna/examples/AnalogKeypad_Simple/AnalogKeypad_Simple.ino:34:10: error: &#39;ButtonState_DoubleClick&#39; was not declared in this scope
     case ButtonState_DoubleClick:
          ^~~~~~~~~~~~~~~~~~~~~~~
/home/ec2-user/arduino-testlib/cli-datadir/user/libraries/AnalogKeypad_by_Makuna/examples/AnalogKeypad_Simple/AnalogKeypad_Simple.ino:38:10: error: &#39;ButtonState_Hold&#39; was not declared in this scope
     case ButtonState_Hold:
          ^~~~~~~~~~~~~~~~
/home/ec2-user/arduino-testlib/cli-datadir/user/libraries/AnalogKeypad_by_Makuna/examples/AnalogKeypad_Simple/AnalogKeypad_Simple.ino: In function &#39;void loop()&#39;:
/home/ec2-user/arduino-testlib/cli-datadir/user/libraries/AnalogKeypad_by_Makuna/examples/AnalogKeypad_Simple/AnalogKeypad_Simple.ino:57:10: error: &#39;class AnalogKeypad&#39; has no member named &#39;loop&#39;
   keypad.loop(ButtonHandler);
          ^~~~
Multiple libraries were found for &#34;AnalogKeypad.h&#34;
  Used: /home/ec2-user/arduino-testlib/cli-datadir/user/libraries/AnalogKeypad
  Not used: /home/ec2-user/arduino-testlib/cli-datadir/user/libraries/AnalogKeypad_by_Makuna
</pre>
					
				
				<h3 id="arduino:megaavr:nona4809">arduino:megaavr:nona4809 @ 1.8.7</h3>
				<h4>Inclusion</h4>
				<p>
					Result: <b>PASS</b>
					
				</p>
				<pre class="pre-scrollable">Sketch uses 802 bytes (1%) of program storage space. Maximum is 49152 bytes.
Global variables use 22 bytes (0%) of dynamic memory, leaving 6122 bytes for local variables. Maximum is 6144 bytes.
</pre>

					
					<h4>examples/AnalogKeypad_CreateConfig</h4>
					<p>
						Result: <b>FAIL</b>
					</p>
					<pre class="pre-scrollable">/home/ec2-user/arduino-testlib/cli-datadir/user/libraries/AnalogKeypad_by_Makuna/examples/AnalogKeypad_CreateConfig/AnalogKeypad_CreateConfig.ino: In function &#39;bool readLevel(int*, int*)&#39;:
/home/ec2-user/arduino-testlib/cli-datadir/user/libraries/AnalogKeypad_by_Makuna/examples/AnalogKeypad_CreateConfig/AnalogKeypad_CreateConfig.ino:35:37: error: &#39;countof&#39; was not declared in this scope
     for (uint8_t index = 0; index &lt; countof(lastValues); index&#43;&#43;) {
                                     ^~~~~~~
/home/ec2-user/arduino-testlib/cli-datadir/user/libraries/AnalogKeypad_by_Makuna/examples/AnalogKeypad_CreateConfig/AnalogKeypad_CreateConfig.ino:35:37: note: suggested alternative: &#39;roundf&#39;
     for (uint8_t index = 0; index &lt; countof(lastValues); index&#43;&#43;) {
                                     ^~~~~~~
                                     roundf
/home/ec2-user/arduino-testlib/cli-datadir/user/libraries/AnalogKeypad_by_Makuna/examples/AnalogKeypad_CreateConfig/AnalogKeypad_CreateConfig.ino:52:53: error: &#39;countof&#39; was not declared in this scope
             lastValueIndex = (lastValueIndex &#43; 1) % countof(lastValues);
                                                     ^~~~~~~
/home/ec2-user/arduino-testlib/cli-datadir/user/libraries/AnalogKeypad_by_Makuna/examples/AnalogKeypad_CreateConfig/AnalogKeypad_CreateConfig.ino:52:53: note: suggested alternative: &#39;roundf&#39;
             lastValueIndex = (lastValueIndex &#43; 1) % countof(lastValues);
                                                     ^~~~~~~
                                                     roundf
Multiple libraries were found for &#34;AnalogKeypad.h&#34;
  Used: /home/ec2-user/arduino-testlib/cli-datadir/user/libraries/AnalogKeypad
  Not used: /home/ec2-user/arduino-testlib/cli-datadir/user/libraries/AnalogKeypad_by_Makuna
</pre>
					
					<h4>examples/AnalogKeypad_Simple</h4>
					<p>
						Result: <b>FAIL</b>
					</p>
					<pre class="pre-scrollable">/home/ec2-user/arduino-testlib/cli-datadir/user/libraries/AnalogKeypad_by_Makuna/examples/AnalogKeypad_Simple/AnalogKeypad_Simple.ino:11:49: error: &#39;countof&#39; was not declared in this scope
 AnalogKeypad keypad(KeypadAnalogPin, KeypadMap, countof(KeypadMap), KeypadHoldTimeMs);
                                                 ^~~~~~~
/home/ec2-user/arduino-testlib/cli-datadir/user/libraries/AnalogKeypad_by_Makuna/examples/AnalogKeypad_Simple/AnalogKeypad_Simple.ino:11:49: note: suggested alternative: &#39;roundf&#39;
 AnalogKeypad keypad(KeypadAnalogPin, KeypadMap, countof(KeypadMap), KeypadHoldTimeMs);
                                                 ^~~~~~~
                                                 roundf
/home/ec2-user/arduino-testlib/cli-datadir/user/libraries/AnalogKeypad_by_Makuna/examples/AnalogKeypad_Simple/AnalogKeypad_Simple.ino:15:26: error: &#39;ButtonParam&#39; does not name a type
 void ButtonHandler(const ButtonParam&amp; param)
                          ^~~~~~~~~~~
/home/ec2-user/arduino-testlib/cli-datadir/user/libraries/AnalogKeypad_by_Makuna/examples/AnalogKeypad_Simple/AnalogKeypad_Simple.ino:15:26: error: &#39;ButtonParam&#39; does not name a type; did you mean &#39;ButtonHandler&#39;?
 void ButtonHandler(const ButtonParam&amp; param)
                          ^~~~~~~~~~~
                          ButtonHandler
/home/ec2-user/arduino-testlib/cli-datadir/user/libraries/AnalogKeypad_by_Makuna/examples/AnalogKeypad_Simple/AnalogKeypad_Simple.ino: In function &#39;void ButtonHandler(const int&amp;)&#39;:
/home/ec2-user/arduino-testlib/cli-datadir/user/libraries/AnalogKeypad_by_Makuna/examples/AnalogKeypad_Simple/AnalogKeypad_Simple.ino:17:22: error: request for member &#39;button&#39; in &#39;param&#39;, which is of non-class type &#39;const int&#39;
   Serial.print(param.button);
                      ^~~~~~
/home/ec2-user/arduino-testlib/cli-datadir/user/libraries/AnalogKeypad_by_Makuna/examples/AnalogKeypad_Simple/AnalogKeypad_Simple.ino:20:17: error: request for member &#39;state&#39; in &#39;param&#39;, which is of non-class type &#39;const int&#39;
   switch (param.state)
                 ^~~~~
/home/ec2-user/arduino-testlib/cli-datadir/user/libraries/AnalogKeypad_by_Makuna/examples/AnalogKeypad_Simple/AnalogKeypad_Simple.ino:22:10: error: &#39;ButtonState_Up&#39; was not declared in this scope
     case ButtonState_Up:
          ^~~~~~~~~~~~~~
/home/ec2-user/arduino-testlib/cli-datadir/user/libraries/AnalogKeypad_by_Makuna/examples/AnalogKeypad_Simple/AnalogKeypad_Simple.ino:22:10: note: suggested alternative: &#39;ButtonHandler&#39;
     case ButtonState_Up:
          ^~~~~~~~~~~~~~
          ButtonHandler
/home/ec2-user/arduino-testlib/cli-datadir/user/libraries/AnalogKeypad_by_Makuna/examples/AnalogKeypad_Simple/AnalogKeypad_Simple.ino:26:10: error: &#39;ButtonState_Down&#39; was not declared in this scope
     case ButtonState_Down:
          ^~~~~~~~~~~~~~~~
/home/ec2-user/arduino-testlib/cli-datadir/user/libraries/AnalogKeypad_by_Makuna/examples/AnalogKeypad_Simple/AnalogKeypad_Simple.ino:30:10: error: &#39;ButtonState_Click&#39; was not declared in this scope
     case ButtonState_Click:
          ^~~~~~~~~~~~~~~~~
/home/ec2-user/arduino-testlib/cli-datadir/user/libraries/AnalogKeypad_by_Makuna/examples/AnalogKeypad_Simple/AnalogKeypad_Simple.ino:34:10: error: &#39;ButtonState_DoubleClick&#39; was not declared in this scope
     case ButtonState_DoubleClick:
          ^~~~~~~~~~~~~~~~~~~~~~~
/home/ec2-user/arduino-testlib/cli-datadir/user/libraries/AnalogKeypad_by_Makuna/examples/AnalogKeypad_Simple/AnalogKeypad_Simple.ino:38:10: error: &#39;ButtonState_Hold&#39; was not declared in this scope
     case ButtonState_Hold:
          ^~~~~~~~~~~~~~~~
/home/ec2-user/arduino-testlib/cli-datadir/user/libraries/AnalogKeypad_by_Makuna/examples/AnalogKeypad_Simple/AnalogKeypad_Simple.ino: In function &#39;void loop()&#39;:
/home/ec2-user/arduino-testlib/cli-datadir/user/libraries/AnalogKeypad_by_Makuna/examples/AnalogKeypad_Simple/AnalogKeypad_Simple.ino:57:10: error: &#39;class AnalogKeypad&#39; has no member named &#39;loop&#39;
   keypad.loop(ButtonHandler);
          ^~~~
Multiple libraries were found for &#34;AnalogKeypad.h&#34;
  Used: /home/ec2-user/arduino-testlib/cli-datadir/user/libraries/AnalogKeypad
  Not used: /home/ec2-user/arduino-testlib/cli-datadir/user/libraries/AnalogKeypad_by_Makuna
</pre>
					
				
				<h3 id="arduino:samd:mkrwifi1010">arduino:samd:mkrwifi1010 @ 1.8.12</h3>
				<h4>Inclusion</h4>
				<p>
					Result: <b>PASS</b>
					
				</p>
				<pre class="pre-scrollable">Sketch uses 12156 bytes (4%) of program storage space. Maximum is 262144 bytes.
Global variables use 2996 bytes (9%) of dynamic memory, leaving 29772 bytes for local variables. Maximum is 32768 bytes.
</pre>

					
					<h4>examples/AnalogKeypad_CreateConfig</h4>
					<p>
						Result: <b>FAIL</b>
					</p>
					<pre class="pre-scrollable">/home/ec2-user/arduino-testlib/cli-datadir/user/libraries/AnalogKeypad_by_Makuna/examples/AnalogKeypad_CreateConfig/AnalogKeypad_CreateConfig.ino: In function &#39;bool readLevel(int*, int*)&#39;:
/home/ec2-user/arduino-testlib/cli-datadir/user/libraries/AnalogKeypad_by_Makuna/examples/AnalogKeypad_CreateConfig/AnalogKeypad_CreateConfig.ino:35:37: error: &#39;countof&#39; was not declared in this scope
     for (uint8_t index = 0; index &lt; countof(lastValues); index&#43;&#43;) {
                                     ^~~~~~~
/home/ec2-user/arduino-testlib/cli-datadir/user/libraries/AnalogKeypad_by_Makuna/examples/AnalogKeypad_CreateConfig/AnalogKeypad_CreateConfig.ino:35:37: note: suggested alternative: &#39;roundf&#39;
     for (uint8_t index = 0; index &lt; countof(lastValues); index&#43;&#43;) {
                                     ^~~~~~~
                                     roundf
/home/ec2-user/arduino-testlib/cli-datadir/user/libraries/AnalogKeypad_by_Makuna/examples/AnalogKeypad_CreateConfig/AnalogKeypad_CreateConfig.ino:52:53: error: &#39;countof&#39; was not declared in this scope
             lastValueIndex = (lastValueIndex &#43; 1) % countof(lastValues);
                                                     ^~~~~~~
/home/ec2-user/arduino-testlib/cli-datadir/user/libraries/AnalogKeypad_by_Makuna/examples/AnalogKeypad_CreateConfig/AnalogKeypad_CreateConfig.ino:52:53: note: suggested alternative: &#39;roundf&#39;
             lastValueIndex = (lastValueIndex &#43; 1) % countof(lastValues);
                                                     ^~~~~~~
                                                     roundf
Multiple libraries were found for &#34;AnalogKeypad.h&#34;
  Used: /home/ec2-user/arduino-testlib/cli-datadir/user/libraries/AnalogKeypad
  Not used: /home/ec2-user/arduino-testlib/cli-datadir/user/libraries/AnalogKeypad_by_Makuna
</pre>
					
					<h4>examples/AnalogKeypad_Simple</h4>
					<p>
						Result: <b>FAIL</b>
					</p>
					<pre class="pre-scrollable">/home/ec2-user/arduino-testlib/cli-datadir/user/libraries/AnalogKeypad_by_Makuna/examples/AnalogKeypad_Simple/AnalogKeypad_Simple.ino:11:49: error: &#39;countof&#39; was not declared in this scope
 AnalogKeypad keypad(KeypadAnalogPin, KeypadMap, countof(KeypadMap), KeypadHoldTimeMs);
                                                 ^~~~~~~
/home/ec2-user/arduino-testlib/cli-datadir/user/libraries/AnalogKeypad_by_Makuna/examples/AnalogKeypad_Simple/AnalogKeypad_Simple.ino:11:49: note: suggested alternative: &#39;roundf&#39;
 AnalogKeypad keypad(KeypadAnalogPin, KeypadMap, countof(KeypadMap), KeypadHoldTimeMs);
                                                 ^~~~~~~
                                                 roundf
/home/ec2-user/arduino-testlib/cli-datadir/user/libraries/AnalogKeypad_by_Makuna/examples/AnalogKeypad_Simple/AnalogKeypad_Simple.ino:15:26: error: &#39;ButtonParam&#39; does not name a type
 void ButtonHandler(const ButtonParam&amp; param)
                          ^~~~~~~~~~~
/home/ec2-user/arduino-testlib/cli-datadir/user/libraries/AnalogKeypad_by_Makuna/examples/AnalogKeypad_Simple/AnalogKeypad_Simple.ino:15:26: error: &#39;ButtonParam&#39; does not name a type; did you mean &#39;ButtonHandler&#39;?
 void ButtonHandler(const ButtonParam&amp; param)
                          ^~~~~~~~~~~
                          ButtonHandler
/home/ec2-user/arduino-testlib/cli-datadir/user/libraries/AnalogKeypad_by_Makuna/examples/AnalogKeypad_Simple/AnalogKeypad_Simple.ino: In function &#39;void ButtonHandler(const int&amp;)&#39;:
/home/ec2-user/arduino-testlib/cli-datadir/user/libraries/AnalogKeypad_by_Makuna/examples/AnalogKeypad_Simple/AnalogKeypad_Simple.ino:17:22: error: request for member &#39;button&#39; in &#39;param&#39;, which is of non-class type &#39;const int&#39;
   Serial.print(param.button);
                      ^~~~~~
/home/ec2-user/arduino-testlib/cli-datadir/user/libraries/AnalogKeypad_by_Makuna/examples/AnalogKeypad_Simple/AnalogKeypad_Simple.ino:20:17: error: request for member &#39;state&#39; in &#39;param&#39;, which is of non-class type &#39;const int&#39;
   switch (param.state)
                 ^~~~~
/home/ec2-user/arduino-testlib/cli-datadir/user/libraries/AnalogKeypad_by_Makuna/examples/AnalogKeypad_Simple/AnalogKeypad_Simple.ino:22:10: error: &#39;ButtonState_Up&#39; was not declared in this scope
     case ButtonState_Up:
          ^~~~~~~~~~~~~~
/home/ec2-user/arduino-testlib/cli-datadir/user/libraries/AnalogKeypad_by_Makuna/examples/AnalogKeypad_Simple/AnalogKeypad_Simple.ino:22:10: note: suggested alternative: &#39;ButtonHandler&#39;
     case ButtonState_Up:
          ^~~~~~~~~~~~~~
          ButtonHandler
/home/ec2-user/arduino-testlib/cli-datadir/user/libraries/AnalogKeypad_by_Makuna/examples/AnalogKeypad_Simple/AnalogKeypad_Simple.ino:26:10: error: &#39;ButtonState_Down&#39; was not declared in this scope
     case ButtonState_Down:
          ^~~~~~~~~~~~~~~~
/home/ec2-user/arduino-testlib/cli-datadir/user/libraries/AnalogKeypad_by_Makuna/examples/AnalogKeypad_Simple/AnalogKeypad_Simple.ino:30:10: error: &#39;ButtonState_Click&#39; was not declared in this scope
     case ButtonState_Click:
          ^~~~~~~~~~~~~~~~~
/home/ec2-user/arduino-testlib/cli-datadir/user/libraries/AnalogKeypad_by_Makuna/examples/AnalogKeypad_Simple/AnalogKeypad_Simple.ino:34:10: error: &#39;ButtonState_DoubleClick&#39; was not declared in this scope
     case ButtonState_DoubleClick:
          ^~~~~~~~~~~~~~~~~~~~~~~
/home/ec2-user/arduino-testlib/cli-datadir/user/libraries/AnalogKeypad_by_Makuna/examples/AnalogKeypad_Simple/AnalogKeypad_Simple.ino:38:10: error: &#39;ButtonState_Hold&#39; was not declared in this scope
     case ButtonState_Hold:
          ^~~~~~~~~~~~~~~~
/home/ec2-user/arduino-testlib/cli-datadir/user/libraries/AnalogKeypad_by_Makuna/examples/AnalogKeypad_Simple/AnalogKeypad_Simple.ino: In function &#39;void loop()&#39;:
/home/ec2-user/arduino-testlib/cli-datadir/user/libraries/AnalogKeypad_by_Makuna/examples/AnalogKeypad_Simple/AnalogKeypad_Simple.ino:57:10: error: &#39;class AnalogKeypad&#39; has no member named &#39;loop&#39;
   keypad.loop(ButtonHandler);
          ^~~~
Multiple libraries were found for &#34;AnalogKeypad.h&#34;
  Used: /home/ec2-user/arduino-testlib/cli-datadir/user/libraries/AnalogKeypad
  Not used: /home/ec2-user/arduino-testlib/cli-datadir/user/libraries/AnalogKeypad_by_Makuna
</pre>
					
				
				<h3 id="esp32:esp32:d1_mini32">esp32:esp32:d1_mini32 @ 1.0.6</h3>
				<h4>Inclusion</h4>
				<p>
					Result: <b>PASS</b>
					
				</p>
				<pre class="pre-scrollable">Sketch uses 197736 bytes (15%) of program storage space. Maximum is 1310720 bytes.
Global variables use 13084 bytes (3%) of dynamic memory, leaving 314596 bytes for local variables. Maximum is 327680 bytes.
</pre>

					
					<h4>examples/AnalogKeypad_CreateConfig</h4>
					<p>
						Result: <b>FAIL</b>
					</p>
					<pre class="pre-scrollable">/home/ec2-user/arduino-testlib/cli-datadir/user/libraries/AnalogKeypad_by_Makuna/examples/AnalogKeypad_CreateConfig/AnalogKeypad_CreateConfig.ino: In function &#39;bool readLevel(int*, int*)&#39;:
/home/ec2-user/arduino-testlib/cli-datadir/user/libraries/AnalogKeypad_by_Makuna/examples/AnalogKeypad_CreateConfig/AnalogKeypad_CreateConfig.ino:35:55: error: &#39;countof&#39; was not declared in this scope
     for (uint8_t index = 0; index &lt; countof(lastValues); index&#43;&#43;) {
                                                       ^
/home/ec2-user/arduino-testlib/cli-datadir/user/libraries/AnalogKeypad_by_Makuna/examples/AnalogKeypad_CreateConfig/AnalogKeypad_CreateConfig.ino:52:71: error: &#39;countof&#39; was not declared in this scope
             lastValueIndex = (lastValueIndex &#43; 1) % countof(lastValues);
                                                                       ^
Multiple libraries were found for &#34;AnalogKeypad.h&#34;
  Used: /home/ec2-user/arduino-testlib/cli-datadir/user/libraries/AnalogKeypad
  Not used: /home/ec2-user/arduino-testlib/cli-datadir/user/libraries/AnalogKeypad_by_Makuna
</pre>
					
					<h4>examples/AnalogKeypad_Simple</h4>
					<p>
						Result: <b>FAIL</b>
					</p>
					<pre class="pre-scrollable">/home/ec2-user/arduino-testlib/cli-datadir/user/libraries/AnalogKeypad_by_Makuna/examples/AnalogKeypad_Simple/AnalogKeypad_Simple.ino:11:66: error: &#39;countof&#39; was not declared in this scope
 AnalogKeypad keypad(KeypadAnalogPin, KeypadMap, countof(KeypadMap), KeypadHoldTimeMs);
                                                                  ^
/home/ec2-user/arduino-testlib/cli-datadir/user/libraries/AnalogKeypad_by_Makuna/examples/AnalogKeypad_Simple/AnalogKeypad_Simple.ino:15:26: error: &#39;ButtonParam&#39; does not name a type
 void ButtonHandler(const ButtonParam&amp; param)
                          ^
/home/ec2-user/arduino-testlib/cli-datadir/user/libraries/AnalogKeypad_by_Makuna/examples/AnalogKeypad_Simple/AnalogKeypad_Simple.ino:15:26: error: &#39;ButtonParam&#39; does not name a type
 void ButtonHandler(const ButtonParam&amp; param)
                          ^
/home/ec2-user/arduino-testlib/cli-datadir/user/libraries/AnalogKeypad_by_Makuna/examples/AnalogKeypad_Simple/AnalogKeypad_Simple.ino: In function &#39;void ButtonHandler(const int&amp;)&#39;:
/home/ec2-user/arduino-testlib/cli-datadir/user/libraries/AnalogKeypad_by_Makuna/examples/AnalogKeypad_Simple/AnalogKeypad_Simple.ino:17:22: error: request for member &#39;button&#39; in &#39;param&#39;, which is of non-class type &#39;const int&#39;
   Serial.print(param.button);
                      ^
/home/ec2-user/arduino-testlib/cli-datadir/user/libraries/AnalogKeypad_by_Makuna/examples/AnalogKeypad_Simple/AnalogKeypad_Simple.ino:20:17: error: request for member &#39;state&#39; in &#39;param&#39;, which is of non-class type &#39;const int&#39;
   switch (param.state)
                 ^
/home/ec2-user/arduino-testlib/cli-datadir/user/libraries/AnalogKeypad_by_Makuna/examples/AnalogKeypad_Simple/AnalogKeypad_Simple.ino:22:10: error: &#39;ButtonState_Up&#39; was not declared in this scope
     case ButtonState_Up:
          ^
/home/ec2-user/arduino-testlib/cli-datadir/user/libraries/AnalogKeypad_by_Makuna/examples/AnalogKeypad_Simple/AnalogKeypad_Simple.ino:26:10: error: &#39;ButtonState_Down&#39; was not declared in this scope
     case ButtonState_Down:
          ^
/home/ec2-user/arduino-testlib/cli-datadir/user/libraries/AnalogKeypad_by_Makuna/examples/AnalogKeypad_Simple/AnalogKeypad_Simple.ino:30:10: error: &#39;ButtonState_Click&#39; was not declared in this scope
     case ButtonState_Click:
          ^
/home/ec2-user/arduino-testlib/cli-datadir/user/libraries/AnalogKeypad_by_Makuna/examples/AnalogKeypad_Simple/AnalogKeypad_Simple.ino:34:10: error: &#39;ButtonState_DoubleClick&#39; was not declared in this scope
     case ButtonState_DoubleClick:
          ^
/home/ec2-user/arduino-testlib/cli-datadir/user/libraries/AnalogKeypad_by_Makuna/examples/AnalogKeypad_Simple/AnalogKeypad_Simple.ino:38:10: error: &#39;ButtonState_Hold&#39; was not declared in this scope
     case ButtonState_Hold:
          ^
/home/ec2-user/arduino-testlib/cli-datadir/user/libraries/AnalogKeypad_by_Makuna/examples/AnalogKeypad_Simple/AnalogKeypad_Simple.ino: In function &#39;void loop()&#39;:
/home/ec2-user/arduino-testlib/cli-datadir/user/libraries/AnalogKeypad_by_Makuna/examples/AnalogKeypad_Simple/AnalogKeypad_Simple.ino:57:10: error: &#39;class AnalogKeypad&#39; has no member named &#39;loop&#39;
   keypad.loop(ButtonHandler);
          ^
Multiple libraries were found for &#34;AnalogKeypad.h&#34;
  Used: /home/ec2-user/arduino-testlib/cli-datadir/user/libraries/AnalogKeypad
  Not used: /home/ec2-user/arduino-testlib/cli-datadir/user/libraries/AnalogKeypad_by_Makuna
</pre>
					
				
			</div>
		</div>
	</div>
  </body>
</html>
