
<!doctype html>
<html lang="en">
  <head>
    <meta charset="utf-8">
    <meta name="viewport" content="width=device-width, initial-scale=1">
    <link href="https://cdn.jsdelivr.net/npm/bootstrap@5.0.2/dist/css/bootstrap.min.css" rel="stylesheet" integrity="sha384-EVSTQN3/azprG1Anm3QDgpJLIm9Nao0Yz1ztcQTwFspd3yD65VohhpuuCOmLASjC" crossorigin="anonymous">
    <title>arduino-testlib report</title>
	<style>
	.pass { background-color: #00FF00 !important; }
	.fail { background-color: #FF0000 !important; }
	</style>
  </head>
  <body>
	<div class="container">
		<div class="row">
			<div class="col">
				<h1>Arduboy2 - compatibility matrix</h1>
				<p>
					<small>This report was generated on Wednesday, 23-Feb-22 22:48:15 CET using 
					<a href="https://github.com/alranel/arduino-testlib">arduino-testlib</a>.</small>
				</p>

				<h2>Arduboy2</h2>
				<p>
					Version: <b>6.0.0</b>
					<br />
					<a href="https://www.arduino.cc/reference/en/libraries/arduboy2/">More details</a>
				</p>

				<h2>Compatibility matrix</h2>
				<table class="table table-bordered">
					<tr>
						<th>Board</th>
						<th>Claims compatibility</th>
						<th>Inclusion</th>
						
						<th><pre>HelloWorld</pre></th>
						
						<th><pre>PlayTune</pre></th>
						
						<th><pre>RGBled</pre></th>
						
						<th><pre>SetSystemEEPROM</pre></th>
						
						<th><pre>ArduBreakout</pre></th>
						
						<th><pre>BeepDemo</pre></th>
						
						<th><pre>Buttons</pre></th>
						
						<th><pre>FontDemo</pre></th>
						
					</tr>
					
					<tr>
						<td>
							<a href="#arduino%3aavr%3auno"><b>arduino:avr:uno</b></a>
							<br />
							<small>1.8.4</small>
						</td>

						
						
						
							<td>Yes ⚠️</td>
							<td class="fail">FAIL</td>
						
						

						
							
								
									
										
									
										
									
										
									
										
									
										
											
											<td class="fail">FAIL</td>
										
									
										
									
										
									
										
									
								
							
								
							
								
							
								
							
								
							
						
							
								
									
										
									
										
									
										
									
										
									
										
									
										
											
											<td class="fail">FAIL</td>
										
									
										
									
										
									
								
							
								
							
								
							
								
							
								
							
						
							
								
									
										
									
										
									
										
									
										
									
										
									
										
									
										
											
											<td class="fail">FAIL</td>
										
									
										
									
								
							
								
							
								
							
								
							
								
							
						
							
								
									
										
									
										
									
										
									
										
									
										
									
										
									
										
									
										
											
											<td class="fail">FAIL</td>
										
									
								
							
								
							
								
							
								
							
								
							
						
							
								
									
										
											
											<td class="fail">FAIL</td>
										
									
										
									
										
									
										
									
										
									
										
									
										
									
										
									
								
							
								
							
								
							
								
							
								
							
						
							
								
									
										
									
										
											
											<td class="fail">FAIL</td>
										
									
										
									
										
									
										
									
										
									
										
									
										
									
								
							
								
							
								
							
								
							
								
							
						
							
								
									
										
									
										
									
										
											
											<td class="fail">FAIL</td>
										
									
										
									
										
									
										
									
										
									
										
									
								
							
								
							
								
							
								
							
								
							
						
							
								
									
										
									
										
									
										
									
										
											
											<td class="fail">FAIL</td>
										
									
										
									
										
									
										
									
										
									
								
							
								
							
								
							
								
							
								
							
						
					</tr>
					
					<tr>
						<td>
							<a href="#arduino%3ambed_nano%3ananorp2040connect"><b>arduino:mbed_nano:nanorp2040connect</b></a>
							<br />
							<small>2.7.2</small>
						</td>

						
						
						
						
							<td>No</td>
							<td class="fail">FAIL</td>
						

						
							
								
							
								
									
										
									
										
									
										
									
										
									
										
											
											<td class="fail">FAIL</td>
										
									
										
									
										
									
										
									
								
							
								
							
								
							
								
							
						
							
								
							
								
									
										
									
										
									
										
									
										
									
										
									
										
											
											<td class="fail">FAIL</td>
										
									
										
									
										
									
								
							
								
							
								
							
								
							
						
							
								
							
								
									
										
									
										
									
										
									
										
									
										
									
										
									
										
											
											<td class="fail">FAIL</td>
										
									
										
									
								
							
								
							
								
							
								
							
						
							
								
							
								
									
										
									
										
									
										
									
										
									
										
									
										
									
										
									
										
											
											<td class="fail">FAIL</td>
										
									
								
							
								
							
								
							
								
							
						
							
								
							
								
									
										
											
											<td class="fail">FAIL</td>
										
									
										
									
										
									
										
									
										
									
										
									
										
									
										
									
								
							
								
							
								
							
								
							
						
							
								
							
								
									
										
									
										
											
											<td class="fail">FAIL</td>
										
									
										
									
										
									
										
									
										
									
										
									
										
									
								
							
								
							
								
							
								
							
						
							
								
							
								
									
										
									
										
									
										
											
											<td class="fail">FAIL</td>
										
									
										
									
										
									
										
									
										
									
										
									
								
							
								
							
								
							
								
							
						
							
								
							
								
									
										
									
										
									
										
									
										
											
											<td class="fail">FAIL</td>
										
									
										
									
										
									
										
									
										
									
								
							
								
							
								
							
								
							
						
					</tr>
					
					<tr>
						<td>
							<a href="#arduino%3amegaavr%3anona4809"><b>arduino:megaavr:nona4809</b></a>
							<br />
							<small>1.8.7</small>
						</td>

						
						
						
						
							<td>No</td>
							<td class="fail">FAIL</td>
						

						
							
								
							
								
							
								
									
										
									
										
									
										
									
										
									
										
											
											<td class="fail">FAIL</td>
										
									
										
									
										
									
										
									
								
							
								
							
								
							
						
							
								
							
								
							
								
									
										
									
										
									
										
									
										
									
										
									
										
											
											<td class="fail">FAIL</td>
										
									
										
									
										
									
								
							
								
							
								
							
						
							
								
							
								
							
								
									
										
									
										
									
										
									
										
									
										
									
										
									
										
											
											<td class="fail">FAIL</td>
										
									
										
									
								
							
								
							
								
							
						
							
								
							
								
							
								
									
										
									
										
									
										
									
										
									
										
									
										
									
										
									
										
											
											<td class="fail">FAIL</td>
										
									
								
							
								
							
								
							
						
							
								
							
								
							
								
									
										
											
											<td class="fail">FAIL</td>
										
									
										
									
										
									
										
									
										
									
										
									
										
									
										
									
								
							
								
							
								
							
						
							
								
							
								
							
								
									
										
									
										
											
											<td class="fail">FAIL</td>
										
									
										
									
										
									
										
									
										
									
										
									
										
									
								
							
								
							
								
							
						
							
								
							
								
							
								
									
										
									
										
									
										
											
											<td class="fail">FAIL</td>
										
									
										
									
										
									
										
									
										
									
										
									
								
							
								
							
								
							
						
							
								
							
								
							
								
									
										
									
										
									
										
									
										
											
											<td class="fail">FAIL</td>
										
									
										
									
										
									
										
									
										
									
								
							
								
							
								
							
						
					</tr>
					
					<tr>
						<td>
							<a href="#arduino%3asamd%3amkrwifi1010"><b>arduino:samd:mkrwifi1010</b></a>
							<br />
							<small>1.8.12</small>
						</td>

						
						
						
						
							<td>No</td>
							<td class="fail">FAIL</td>
						

						
							
								
							
								
							
								
							
								
									
										
									
										
									
										
									
										
									
										
											
											<td class="fail">FAIL</td>
										
									
										
									
										
									
										
									
								
							
								
							
						
							
								
							
								
							
								
							
								
									
										
									
										
									
										
									
										
									
										
									
										
											
											<td class="fail">FAIL</td>
										
									
										
									
										
									
								
							
								
							
						
							
								
							
								
							
								
							
								
									
										
									
										
									
										
									
										
									
										
									
										
									
										
											
											<td class="fail">FAIL</td>
										
									
										
									
								
							
								
							
						
							
								
							
								
							
								
							
								
									
										
									
										
									
										
									
										
									
										
									
										
									
										
									
										
											
											<td class="fail">FAIL</td>
										
									
								
							
								
							
						
							
								
							
								
							
								
							
								
									
										
											
											<td class="fail">FAIL</td>
										
									
										
									
										
									
										
									
										
									
										
									
										
									
										
									
								
							
								
							
						
							
								
							
								
							
								
							
								
									
										
									
										
											
											<td class="fail">FAIL</td>
										
									
										
									
										
									
										
									
										
									
										
									
										
									
								
							
								
							
						
							
								
							
								
							
								
							
								
									
										
									
										
									
										
											
											<td class="fail">FAIL</td>
										
									
										
									
										
									
										
									
										
									
										
									
								
							
								
							
						
							
								
							
								
							
								
							
								
									
										
									
										
									
										
									
										
											
											<td class="fail">FAIL</td>
										
									
										
									
										
									
										
									
										
									
								
							
								
							
						
					</tr>
					
					<tr>
						<td>
							<a href="#esp32%3aesp32%3ad1_mini32"><b>esp32:esp32:d1_mini32</b></a>
							<br />
							<small>1.0.6</small>
						</td>

						
						
						
						
							<td>No</td>
							<td class="fail">FAIL</td>
						

						
							
								
							
								
							
								
							
								
							
								
									
										
									
										
									
										
									
										
									
										
											
											<td class="fail">FAIL</td>
										
									
										
									
										
									
										
									
								
							
						
							
								
							
								
							
								
							
								
							
								
									
										
									
										
									
										
									
										
									
										
									
										
											
											<td class="fail">FAIL</td>
										
									
										
									
										
									
								
							
						
							
								
							
								
							
								
							
								
							
								
									
										
									
										
									
										
									
										
									
										
									
										
									
										
											
											<td class="fail">FAIL</td>
										
									
										
									
								
							
						
							
								
							
								
							
								
							
								
							
								
									
										
									
										
									
										
									
										
									
										
									
										
									
										
									
										
											
											<td class="fail">FAIL</td>
										
									
								
							
						
							
								
							
								
							
								
							
								
							
								
									
										
											
											<td class="fail">FAIL</td>
										
									
										
									
										
									
										
									
										
									
										
									
										
									
										
									
								
							
						
							
								
							
								
							
								
							
								
							
								
									
										
									
										
											
											<td class="fail">FAIL</td>
										
									
										
									
										
									
										
									
										
									
										
									
										
									
								
							
						
							
								
							
								
							
								
							
								
							
								
									
										
									
										
									
										
											
											<td class="fail">FAIL</td>
										
									
										
									
										
									
										
									
										
									
										
									
								
							
						
							
								
							
								
							
								
							
								
							
								
									
										
									
										
									
										
									
										
											
											<td class="fail">FAIL</td>
										
									
										
									
										
									
										
									
										
									
								
							
						
					</tr>
					
				</table>

				<h2>Compilation logs</h2>
				
				<h3 id="arduino:avr:uno">arduino:avr:uno @ 1.8.4</h3>
				<h4>Inclusion</h4>
				<p>
					Result: <b>FAIL</b>
					
				</p>
				<pre class="pre-scrollable">/home/ec2-user/arduino-testlib/cli-datadir/user/libraries/Arduboy2/src/Arduboy2Beep.cpp: In static member function &#39;static void BeepPin1::begin()&#39;:
/home/ec2-user/arduino-testlib/cli-datadir/user/libraries/Arduboy2/src/Arduboy2Beep.cpp:18:3: error: &#39;TCCR3A&#39; was not declared in this scope
   TCCR3A = 0;
   ^~~~~~
/home/ec2-user/arduino/home/ec2-user/arduino-testlib/cli-datadir/user/libraries/Arduboy2/src/Arduboy2Core.cpp:142:3: note: suggested alternative: &#39;PORT0&#39;
   PORTE |= _BV(A_BUTTON_BIT);
   ^~~~~
   PORT0
In file included from /home/ec2-user/arduino-testlib/cli-datadir/data/packages/arduino/tools/avr-gcc/7.3.0-atmel3.6.1-arduino7/avr/include/avr/io.h:99:0,
                 from /home/ec2-user/arduino-testlib/cli-datadir/data/packages/arduino/tools/avr-gcc/7.3.0-atmel3.6.1-arduino7/avr/include/avr/pgmspace.h:90,
                 from /home/ec2-user/arduino-testlib/cli-datadir/data/packages/arduino/hardware/avr/1.8.4/cores/arduino/Arduino.h:28,
                 from /home/ec2-user/arduino-testlib/cli-datadir/user/libraries/Arduboy2/src/Arduboy2Core.h:10,
                 from /home/ec2-user/arduino-testlib/cli-datadir/user/libraries/Arduboy2/src/Arduboy2Core.cpp:7:
/home/ec2-user/arduino-testlib/cli-datadir/user/libraries/Arduboy2/src/Arduboy2Core.h:102:22: error: &#39;PORTE6&#39; was not declared in this scope
 #define A_BUTTON_BIT PORTE6
                      ^
/home/ec2-user/arduino-testlib/cli-datadir/user/libraries/Arduboy2/src/Arduboy2Core.cpp:142:16: note: in expansion of macro &#39;A_BUTTON_BIT&#39;
   PORTE |= _BV(A_BUTTON_BIT);
                ^~~~~~~~~~~~
/home/ec2-user/arduino-testlib/cli-datadir/user/libraries/Arduboy2/src/Arduboy2Core.h:102:22: note: suggested alternative: &#39;PORTB6&#39;
 #define A_BUTTON_BIT PORTE6
                      ^
/home/ec2-user/arduino-testlib/cli-datadir/user/libraries/Arduboy2/src/Arduboy2Core.cpp:142:16: note: in expansion of macro &#39;A_BUTTON_BIT&#39;
   PORTE |= _BV(A_BUTTON_BIT);
                ^~~~~~~~~~~~
/home/ec2-user/arduino-testlib/cli-datadir/user/libraries/Arduboy2/src/Arduboy2Core.cpp:145:3: error: &#39;DDRE&#39; was not declared in this scope
   DDRE &amp;= ~(_BV(A_BUTTON_BIT));
   ^~~~
/home/ec2-user/arduino-testlib/cli-datadir/user/libraries/Arduboy2/src/Arduboy2Core.cpp:145:3: note: suggested alternative: &#39;DDRB&#39;
   DDRE &amp;= ~(_BV(A_BUTTON_BIT));
   ^~~~
   DDRB
/home/ec2-user/arduino-testlib/cli-datadir/user/libraries/Arduboy2/src/Arduboy2Core.cpp:149:3: error: &#39;PORTF&#39; was not declared in this scope
   PORTF |= _BV(LEFT_BUTTON_BIT) | _BV(RIGHT_BUTTON_BIT) |
   ^~~~~
/home/ec2-user/arduino-testlib/cli-datadir/user/libraries/Arduboy2/src/Arduboy2Core.cpp:149:3: note: suggested alternative: &#39;PORT0&#39;
   PORTF |= _BV(LEFT_BUTTON_BIT) | _BV(RIGHT_BUTTON_BIT) |
   ^~~~~
   PORT0
In file included from /home/ec2-user/arduino-testlib/cli-datadir/data/packages/arduino/tools/avr-gcc/7.3.0-atmel3.6.1-arduino7/avr/include/avr/io.h:99:0,
                 from /home/ec2-user/arduino-testlib/cli-datadir/data/packages/arduino/tools/avr-gcc/7.3.0-atmel3.6.1-arduino7/avr/include/avr/pgmspace.h:90,
                 from /home/ec2-user/arduino-testlib/cli-datadir/data/packages/arduino/hardware/avr/1.8.4/cores/arduino/Arduino.h:28,
                 from /home/ec2-user/arduino-testlib/cli-datadir/user/libraries/Arduboy2/src/Arduboy2Core.h:10,
                 from /home/ec2-user/arduino-testlib/cli-datadir/user/libraries/Arduboy2/src/Arduboy2Core.cpp:7:
/home/ec2-user/arduino-testlib/cli-datadir/user/libraries/Arduboy2/src/Arduboy2Core.h:78:25: error: &#39;PORTF5&#39; was not declared in this scope
 #define LEFT_BUTTON_BIT PORTF5
                         ^
/home/ec2-user/arduino-testlib/cli-datadir/user/libraries/Arduboy2/src/Arduboy2Core.cpp:149:16: note: in expansion of macro &#39;LEFT_BUTTON_BIT&#39;
   PORTF |= _BV(LEFT_BUTTON_BIT) | _BV(RIGHT_BUTTON_BIT) |
                ^~~~~~~~~~~~~~~
/home/ec2-user/arduino-testlib/cli-datadir/user/libraries/Arduboy2/src/Arduboy2Core.h:78:25: note: suggested alternative: &#39;PORTB5&#39;
 #define LEFT_BUTTON_BIT PORTF5
                         ^
/home/ec2-user/arduino-testlib/cli-datadir/user/libraries/Arduboy2/src/Arduboy2Core.cpp:149:16: note: in expansion of macro &#39;LEFT_BUTTON_BIT&#39;
   PORTF |= _BV(LEFT_BUTTON_BIT) | _BV(RIGHT_BUTTON_BIT) |
                ^~~~~~~~~~~~~~~
/home/ec2-user/arduino-testlib/cli-datadir/user/libraries/Arduboy2/src/Arduboy2Core.h:84:26: error: &#39;PORTF6&#39; was not declared in this scope
 #define RIGHT_BUTTON_BIT PORTF6
                          ^
/home/ec2-user/arduino-testlib/cli-datadir/user/libraries/Arduboy2/src/Arduboy2Core.cpp:149:39: note: in expansion of macro &#39;RIGHT_BUTTON_BIT&#39;
   PORTF |= _BV(LEFT_BUTTON_BIT) | _BV(RIGHT_BUTTON_BIT) |
                                       ^~~~~~~~~~~~~~~~
/home/ec2-user/arduino-testlib/cli-datadir/user/libraries/Arduboy2/src/Arduboy2Core.h:84:26: note: suggested alternative: &#39;PORTB6&#39;
 #define RIGHT_BUTTON_BIT PORTF6
                          ^
/home/ec2-user/arduino-testlib/cli-datadir/user/libraries/Arduboy2/src/Arduboy2Core.cpp:149:39: note: in expansion of macro &#39;RIGHT_BUTTON_BIT&#39;
   PORTF |= _BV(LEFT_BUTTON_BIT) | _BV(RIGHT_BUTTON_BIT) |
                                       ^~~~~~~~~~~~~~~~
/home/ec2-user/arduino-testlib/cli-datadir/user/libraries/Arduboy2/src/Arduboy2Core.h:90:23: error: &#39;PORTF7&#39; was not declared in this scope
 #define UP_BUTTON_BIT PORTF7
                       ^
/home/ec2-user/arduino-testlib/cli-datadir/user/libraries/Arduboy2/src/Arduboy2Core.cpp:150:16: note: in expansion of macro &#39;UP_BUTTON_BIT&#39;
            _BV(UP_BUTTON_BIT) | _BV(DOWN_BUTTON_BIT);
                ^~~~~~~~~~~~~
/home/ec2-user/arduino-testlib/cli-datadir/user/libraries/Arduboy2/src/Arduboy2Core.h:90:23: note: suggested alternative: &#39;PORTB7&#39;
 #define UP_BUTTON_BIT PORTF7
                       ^
/home/ec2-user/arduino-testlib/cli-datadir/user/libraries/Arduboy2/src/Arduboy2Core.cpp:150:16: note: in expansion of macro &#39;UP_BUTTON_BIT&#39;
            _BV(UP_BUTTON_BIT) | _BV(DOWN_BUTTON_BIT);
                ^~~~~~~~~~~~~
/home/ec2-user/arduino-testlib/cli-datadir/user/libraries/Arduboy2/src/Arduboy2Core.h:96:25: error: &#39;PORTF4&#39; was not declared in this scope
 #define DOWN_BUTTON_BIT PORTF4
                         ^
/home/ec2-user/arduino-testlib/cli-datadir/user/libraries/Arduboy2/src/Arduboy2Core.cpp:150:37: note: in expansion of macro &#39;DOWN_BUTTON_BIT&#39;
            _BV(UP_BUTTON_BIT) | _BV(DOWN_BUTTON_BIT);
                                     ^~~~~~~~~~~~~~~
/home/ec2-user/arduino-testlib/cli-datadir/user/libraries/Arduboy2/src/Arduboy2Core.h:96:25: note: suggested alternative: &#39;PORTB4&#39;
 #define DOWN_BUTTON_BIT PORTF4
                         ^
/home/ec2-user/arduino-testlib/cli-datadir/user/libraries/Arduboy2/src/Arduboy2Core.cpp:150:37: note: in expansion of macro &#39;DOWN_BUTTON_BIT&#39;
            _BV(UP_BUTTON_BIT) | _BV(DOWN_BUTTON_BIT);
                                     ^~~~~~~~~~~~~~~
/home/ec2-user/arduino-testlib/cli-datadir/user/libraries/Arduboy2/src/Arduboy2Core.h:208:26: error: &#39;PORTF1&#39; was not declared in this scope
 #define RAND_SEED_IN_BIT PORTF1
                          ^
/home/ec2-user/arduino-testlib/cli-datadir/user/libraries/Arduboy2/src/Arduboy2Core.cpp:152:18: note: in expansion of macro &#39;RAND_SEED_IN_BIT&#39;
   PORTF &amp;= ~(_BV(RAND_SEED_IN_BIT));
                  ^~~~~~~~~~~~~~~~
/home/ec2-user/arduino-testlib/cli-datadir/user/libraries/Arduboy2/src/Arduboy2Core.h:208:26: note: suggested alternative: &#39;PORTB1&#39;
 #define RAND_SEED_IN_BIT PORTF1
                          ^
/home/ec2-user/arduino-testlib/cli-datadir/user/libraries/Arduboy2/src/Arduboy2Core.cpp:152:18: note: in expansion of macro &#39;RAND_SEED_IN_BIT&#39;
   PORTF &amp;= ~(_BV(RAND_SEED_IN_BIT));
                  ^~~~~~~~~~~~~~~~
/home/ec2-user/arduino-testlib/cli-datadir/user/libraries/Arduboy2/src/Arduboy2Core.cpp:154:3: error: &#39;DDRF&#39; was not declared in this scope
   DDRF &amp;= ~(_BV(LEFT_BUTTON_BIT) | _BV(RIGHT_BUTTON_BIT) |
   ^~~~
/home/ec2-user/arduino-testlib/cli-datadir/user/libraries/Arduboy2/src/Arduboy2Core.cpp:154:3: note: suggested alternative: &#39;WDRF&#39;
   DDRF &amp;= ~(_BV(LEFT_BUTTON_BIT) | _BV(RIGHT_BUTTON_BIT) |
   ^~~~
   WDRF
/home/ec2-user/arduino-testlib/cli-datadir/user/libraries/Arduboy2/src/Arduboy2Core.cpp: In static member function &#39;static void Arduboy2Core::bootPowerSaving()&#39;:
/home/ec2-user/arduino-testlib/cli-datadir/user/libraries/Arduboy2/src/Arduboy2Core.cpp:289:3: error: &#39;PRR0&#39; was not declared in this scope
   PRR0 = _BV(PRTWI) | _BV(PRADC);
   ^~~~
/home/ec2-user/arduino-testlib/cli-datadir/user/libraries/Arduboy2/src/Arduboy2Core.cpp:289:3: note: suggested alternative: &#39;PRR&#39;
   PRR0 = _BV(PRTWI) | _BV(PRADC);
   ^~~~
   PRR
/home/ec2-user/arduino-testlib/cli-datadir/user/libraries/Arduboy2/src/Arduboy2Core.cpp:291:3: error: &#39;PRR1&#39; was not declared in this scope
   PRR1 |= _BV(PRUSART1);
   ^~~~
/home/ec2-user/arduino-testlib/cli-datadir/user/libraries/Arduboy2/src/Arduboy2Core.cpp:291:3: note: suggested alternative: &#39;PRR&#39;
   PRR1 |= _BV(PRUSART1);
   ^~~~
   PRR
In file included from /home/ec2-user/arduino-testlib/cli-datadir/data/packages/arduino/tools/avr-gcc/7.3.0-atmel3.6.1-arduino7/avr/include/avr/io.h:99:0,
                 from /home/ec2-user/arduino-testlib/cli-datadir/data/packages/arduino/tools/avr-gcc/7.3.0-atmel3.6.1-arduino7/avr/include/avr/pgmspace.h:90,
                 from /home/ec2-user/arduino-testlib/cli-datadir/data/packages/arduino/hardware/avr/1.8.4/cores/arduino/Arduino.h:28,
                 from /home/ec2-user/arduino-testlib/cli-datadir/user/libraries/Arduboy2/src/Arduboy2Core.h:10,
                 from /home/ec2-user/arduino-testlib/cli-datadir/user/libraries/Arduboy2/src/Arduboy2Core.cpp:7:
/home/ec2-user/arduino-testlib/cli-datadir/user/libraries/Arduboy2/src/Arduboy2Core.cpp:291:15: error: &#39;PRUSART1&#39; was not declared in this scope
   PRR1 |= _BV(PRUSART1);
               ^
/home/ec2-user/arduino-testlib/cli-datadir/user/libraries/Arduboy2/src/Arduboy2Core.cpp:291:15: note: suggested alternative: &#39;PRUS</pre>

					
					<h4>examples/ArduBreakout</h4>
					<p>
						Result: <b>FAIL</b>
					</p>
					<pre class="pre-scrollable">/home/ec2-user/arduino-testlib/cli-datadir/user/libraries/Arduboy2/src/Arduboy2Beep.cpp: In static member function &#39;static void BeepPin1::begin()&#39;:
/home/ec2-user/arduino-testlib/cli-datadir/user/libraries/Arduboy2/src/Arduboy2Beep.cpp:18:3: error: &#39;TCCR3A&#39; was not declared in this scope
   TCCR3A = 0;
   ^~~~~~
/home/ec2-user/arduino-testlib/cli-datadir/user/libraries/Arduboy2/src/Arduboy2Beep.cpp:18:3: note: suggested alternative: &#39;TCCR0A&#39;
   TCCR3A = 0;
   ^~~~~~
   TCCR0A
/home/ec2-user/arduino-testlib/-testlib/cli-datadir/user/libraries/Arduboy2/src/Arduboy2.cpp:273:7: error: &#39;TXLED0&#39; was not declared in this scope
       TXLED0;
       ^~~~~~
/home/ec2-user/arduino-testlib/cli-datadir/user/libraries/Arduboy2/src/Arduboy2.cpp:273:7: note: suggested alternative: &#39;TXEN0&#39;
       TXLED0;
       ^~~~~~
       TXEN0
tive: &#39;TCCR0B&#39;
   TCCR3B = (bit(WGM32) | bit(CS31)); // CTC mode. Divide by 8 clock prescale
   ^~~~~~
   TCCR0B
In file included from /home/ec2-user/arduino-testlib/cli-datadir/user/libraries/Arduboy2/src/Arduboy2Beep.cpp:7:0:
/home/ec2-user/arduino-testlib/cli-datadir/user/libraries/Arduboy2/src/Arduboy2Beep.cpp:19:17: error: &#39;WGM32&#39; was not declared in this scope
   TCCR3B = (bit(WGM32) | bit(CS31)); // CTC mode. Divide by 8 clock prescale
                 ^
/home/ec2-user/arduino-testlib/cli-datadir/data/packages/arduino/hardware/avr/1.8.4/cores/arduino/Arduino.h:124:25: note: in definition of macro &#39;bit&#39;
 #define bit(b) (1UL &lt;&lt; (b))
                         ^
/home/ec2-user/arduino-testlib/cli-datadir/user/libraries/Arduboy2/src/Arduboy2Beep.cpp:19:17: note: suggested alternative: &#39;WGM12&#39;
   TCCR3B = (bit(WGM32) | bit(CS31)); // CTC mode. Divide by 8 clock prescale
                 ^
/home/ec2-user/arduino-testlib/cli-datadir/data/packages/arduino/hardware/avr/1.8.4/cores/arduino/Arduino.h:124:25: note: in definition of macro &#39;bit&#39;
 #define bit(b) (1UL &lt;&lt; (b))
                         ^
/home/ec2-user/arduino-testlib/cli-datadir/user/libraries/Arduboy2/src/Arduboy2Beep.cpp:19:30: error: &#39;CS31&#39; was not declared in this scope
   TCCR3B = (bit(WGM32) | bit(CS31)); // CTC mode. Divide by 8 clock prescale
                              ^
/home/ec2-user/arduino-testlib/cli-datadir/data/packages/arduino/hardware/avr/1.8.4/cores/arduino/Arduino.h:124:25: note: in definition of macro &#39;bit&#39;
 #define bit(b) (1UL &lt;&lt; (b))
                         ^
/home/ec2-user/arduino-testlib/cli-datadir/user/libraries/Arduboy2/src/Arduboy2Beep.cpp:19:30: note: suggested alternative: &#39;CS01&#39;
   TCCR3B = (bit(WGM32) | bit(CS31)); // CTC mode. Divide by 8 clock prescale
                              ^
/home/ec2-user/arduino-testlib/cli-datadir/data/packages/arduino/hardware/avr/1.8.4/cores/arduino/Arduino.h:124:25: note: in definition of macro &#39;bit&#39;
 #define bit(b) (1UL &lt;&lt; (b))
                         ^
/home/ec2-user/arduino-testlib/cli-datadir/user/libraries/Arduboy2/src/Arduboy2Beep.cpp: In static member function &#39;static void BeepPin1::tone(uint16_t, uint8_t)&#39;:
/home/ec2-user/arduino-testlib/cli-datadir/user/libraries/Arduboy2/src/Arduboy2Beep.cpp:30:3: error: &#39;TCCR3A&#39; was not declared in this scope
   TCCR3A = bit(COM3A0); // set toggle on compare mode (which connects the pin)
   ^~~~~~
/home/ec2-user/arduino-testlib/cli-datadir/user/libraries/Arduboy2/src/Arduboy2Beep.cpp:30:3: note: suggested alternative: &#39;TCCR0A&#39;
   TCCR3A = bit(COM3A0); // set toggle on compare mode (which connects the pin)
   ^~~~~~
   TCCR0A
In file included from /home/ec2-user/arduino-testlib/cli-datadir/user/libraries/Arduboy2/src/Arduboy2Beep.cpp:7:0:
/home/ec2-user/arduino-testlib/cli-datadir/user/libraries/Arduboy2/src/Arduboy2Beep.cpp:30:16: error: &#39;COM3A0&#39; was not declared in this scope
   TCCR3A = bit(COM3A0); // set toggle on compare mode (which connects the pin)
                ^
/home/ec2-user/arduino-testlib/cli-datadir/data/packages/arduino/hardware/avr/1.8.4/cores/arduino/Arduino.h:124:25: note: in definition of macro &#39;bit&#39;
 #define bit(b) (1UL &lt;&lt; (b))
                         ^
/home/ec2-user/arduino-testlib/cli-datadir/user/libraries/Arduboy2/src/Arduboy2Beep.cpp:30:16: note: suggested alternative: &#39;COM0A0&#39;
   TCCR3A = bit(COM3A0); // set toggle on compare mode (which connects the pin)
                ^
/home/ec2-user/arduino-testlib/cli-datadir/data/packages/arduino/hardware/avr/1.8.4/cores/arduino/Arduino.h:124:25: note: in definition of macro &#39;bit&#39;
 #define bit(b) (1UL &lt;&lt; (b))
                         ^
/home/ec2-user/arduino-testlib/cli-datadir/user/libraries/Arduboy2/src/Arduboy2Beep.cpp:31:3: error: &#39;OCR3A&#39; was not declared in this scope
   OCR3A = count; // load the count (16 bits), which determines the frequency
   ^~~~~
/home/ec2-user/arduino-testlib/cli-datadir/user/libraries/Arduboy2/src/Arduboy2Beep.cpp:31:3: note: suggested alternative: &#39;OCR2A&#39;
   OCR3A = count; // load the count (16 bits), which determines the frequency
   ^~~~~
   OCR2A
/home/ec2-user/arduino-testlib/cli-datadir/user/libraries/Arduboy2/src/Arduboy2Beep.cpp: In static member function &#39;static void BeepPin1::timer()&#39;:
/home/ec2-user/arduino-testlib/cli-datadir/user/libraries/Arduboy2/src/Arduboy2Beep.cpp:37:5: error: &#39;TCCR3A&#39; was not declared in this scope
     TCCR3A = 0; // set normal mode (which disconnects the pin)
     ^~~~~~
/home/ec2-user/arduino-testlib/cli-datadir/user/libraries/Arduboy2/src/Arduboy2Beep.cpp:37:5: note: suggested alternative: &#39;TCCR0A&#39;
     TCCR3A = 0; // set normal mode (which disconnects the pin)
     ^~~~~~
     TCCR0A
/home/ec2-user/arduino-testlib/cli-datadir/user/libraries/Arduboy2/src/Arduboy2Beep.cpp: In static member function &#39;static void BeepPin1::noTone()&#39;:
/home/ec2-user/arduino-testlib/cli-datadir/user/libraries/Arduboy2/src/Arduboy2Beep.cpp:44:3: error: &#39;TCCR3A&#39; was not declared in this scope
   TCCR3A = 0; // set normal mode (which disconnects the pin)
   ^~~~~~
/home/ec2-user/arduino-testlib/cli-datadir/user/libraries/Arduboy2/src/Arduboy2Beep.cpp:44:3: note: suggested alternative: &#39;TCCR0A&#39;
   TCCR3A = 0; // set normal mode (which disconnects the pin)
   ^~~~~~
   TCCR0A
/home/ec2-user/arduino-testlib/cli-datadir/user/libraries/Arduboy2/src/Arduboy2Beep.cpp: In static member function &#39;static void BeepPin2::begin()&#39;:
/home/ec2-user/arduino-testlib/cli-datadir/user/libraries/Arduboy2/src/Arduboy2Beep.cpp:54:3: error: &#39;TCCR4A&#39; was not declared in this scope
   TCCR4A = 0; // normal mode. Disable PWM
   ^~~~~~
/home/ec2-user/arduino-testlib/cli-datadir/user/libraries/Arduboy2/src/Arduboy2Beep.cpp:54:3: note: suggested alternative: &#39;TCCR0A&#39;
   TCCR4A = 0; // normal mode. Disable PWM
   ^~~~~~
   TCCR0A
/home/ec2-user/arduino-testlib/cli-datadir/user/libraries/Arduboy2/src/Arduboy2Beep.cpp:55:3: error: &#39;TCCR4B&#39; was not declared in this scope
   TCCR4B = bit(CS43); // divide by 128 clock prescale
   ^~~~~~
/home/ec2-user/arduino-testlib/cli-datadir/user/libraries/Arduboy2/src/Arduboy2Beep.cpp:55:3: note: suggested alternative: &#39;TCCR0B&#39;
   TCCR4B = bit(CS43); // divide by 128 clock prescale
   ^~~~~~
   TCCR0B
In file included from /home/ec2-user/arduino-testlib/cli-datadir/user/libraries/Arduboy2/src/Arduboy2Beep.cpp:7:0:
/home/ec2-user/arduino-testlib/cli-datadir/user/libraries/Arduboy2/src/Arduboy2Beep.cpp:55:16: error: &#39;CS43&#39; was not declared in this scope
   TCCR4B = bit(CS43); // divide by 128 clock prescale
                ^
/home/ec2-user/arduino-testlib/cli-datadir/data/packages/arduino/hardware/avr/1.8.4/cores/arduino/Arduino.h:124:25: note: in definition of macro &#39;bit&#39;
 #define bit(b) (1UL &lt;&lt; (b))
                         ^
/home/ec2-user/arduino-testlib/cli-datadir/user/libraries/Arduboy2/src/Arduboy2Beep.cpp:55:16: note: suggested alternative: &#39;CS00&#39;
   TCCR4B = bit(CS43); // divide by 128 clock prescale
                ^
/home/ec2-user/arduino-testlib/cli-datadir/data/packages/arduino/hardware/avr/1.8.4/cores/arduino/Arduino.h:124:25: note: in definition of macro &#39;bit&#39;
 #define bit(b) (1UL &lt;&lt; (b))
                         ^
/home/ec2-user/arduino-testlib/cli-datadir/user/libraries/Arduboy2/src/Arduboy2Beep.cpp:56:3: error: &#39;TCCR4D&#39; was not declared in this scope
   TCCR4D = 0; // normal mode
   ^~~~~~
/home/ec2-user/arduino-testlib/cli-datadir/user/libraries/Arduboy2/src/Arduboy2Beep.cpp:56:3: note: suggested alternative: &#39;TCCR0A&#39;
   TCCR4D = 0; // normal mode
   ^~~~~~
   TCCR0A
/home/ec2-user/arduino-testlib/cli-datadir/user/libraries/Arduboy2/src/Arduboy2Beep.cpp:57:3: error: &#39;TC4H&#39; was not declared in this scope
   TC4H = 0;  // toggle pin at count = 0
   ^~~~
/home/ec2-user/arduino-testlib/cli-datadir/user/libraries/Arduboy2/src/Arduboy2Beep.cpp:57:3: note: suggested alternative: &#39;PC4&#39;
   TC4H = 0;  // toggle pin at count = 0
   ^~~~
   PC4
/home/ec2-user/arduino-testlib/cli-datadir/user/libraries/Arduboy2/src/Arduboy2Beep.cpp:58:3: error: &#39;OCR4A&#39; was not declared in this scope
   OCR4A = 0; //  &#34;
   ^~~~~
/home/ec2-user/arduino-testlib/cli-datadir/user/libraries/Arduboy2/src/Arduboy2Beep.cpp:58:3: note: suggested alternative: &#39;OCR2A&#39;
   OCR4A = 0; //  &#34;
   ^~~~~
   OCR2A
/home/ec2-user/arduino-testlib/cli-datadir/user/libraries/Arduboy2/src/Arduboy2Beep.cpp: In static member function &#39;static void BeepPin2::tone(uint16_t, uint8_t)&#39;:
/home/ec2-user/arduino-testlib/cli-datadir/user/libraries/Arduboy2/src/Arduboy2Beep.cpp:69:3: error: &#39;TCCR4A&#39; was not declared in this scope
   TCCR4A = bit(COM4A0); // set toggle on compare mode (which connects the pin)
   ^~~~~~
/home/ec2-user/arduino-testlib/cli-datadir/user/libraries/Arduboy2/src/Arduboy2Beep.cpp:69:3: note: suggested alternative: &#39;TCCR0A&#39;
   TCCR4A = bit(COM4A0); // set toggle on compare mode (which connects the pin)
   ^~~~~~
   TCCR0A
In file included from /home/ec2-user/arduino-testlib/cli-datadir/user/libraries/Arduboy2/src/Arduboy2Beep.cpp:7:0:
/home/ec2-user/arduino-testlib/cli-datadir/user/libraries/Arduboy2/src/Arduboy2Beep.cpp:69:16: error: &#39;COM4A0&#39; was not declared in this scope
   TCCR4A = bit(COM4A0); // set toggle on compare mode (which c</pre>
					
					<h4>examples/BeepDemo</h4>
					<p>
						Result: <b>FAIL</b>
					</p>
					<pre class="pre-scrollable">Multiple libraries were found for &#34;EEPROM.h&#34;
  Used: /home/ec2-user/arduino-testlib/cli-datadir/data/packages/arduino/hardware/avr/1.8.4/libraries/EEPROM
  Not used: /home/ec2-user/arduino-testlib/cli-datadir/user/libraries/Hello_Drum
  Not used: /home/ec2-user/arduino-testlib/cli-datadir/user/libraries/arduino-NVM
</pre>
					
					<h4>examples/Buttons</h4>
					<p>
						Result: <b>FAIL</b>
					</p>
					<pre class="pre-scrollable">/home/ec2-user/arduino-testlib/cli-datadir/user/libraries/Arduboy2/src/Arduboy2.cpp: In static member function &#39;static bool Arduboy2Base::nextFrameDEV()&#39;:
/home/ec2-user/arduino-testlib/cli-datadir/user/libraries/Arduboy2/src/Arduboy2.cpp:271:7: error: &#39;TXLED1&#39; was not declared in this scope
       TXLED1;
      /home/ec2-user/arduino/home/ec2-user/arduino-testlib/cli-datadir/user/libraries/Arduboy2/src/Arduboy2Core.cpp:142:3: note: suggested alternative: &#39;PORT0&#39;
   PORTE |= _BV(A_BUTTON_BIT);
   ^~~~~
   PORT0
In file included from /home/ec2-user/arduino-testlib/cli-datadir/data/packages/arduino/tools/avr-gcc/7.3.0-atmel3.6.1-arduino7/avr/include/avr/io.h:99:0,
                 from /home/ec2-user/arduino-testlib/cli-datadir/data/packages/arduino/tools/avr-gcc/7.3.0-atmel3.6.1-arduino7/avr/include/avr/pgmspace.h:90Multiple libraries were found for &#34;EEPROM.h&#34;
  Used: /home/ec2-user/arduino-testlib/cli-datadir/data/packages/arduino/hardware/avr/1.8.4/libraries/EEPROM
  Not used: /home/ec2-user/arduino-testlib/cli-datadir/user/libraries/Hello_Drum
  Not used: /home/ec2-user/arduino-testlib/cli-datadir/user/libraries/arduino-NVM
</pre>
					
					<h4>examples/FontDemo</h4>
					<p>
						Result: <b>FAIL</b>
					</p>
					<pre class="pre-scrollable">/home/ec2-user/arduino-testlib/cli-datadir/user/libraries/Arduboy2/src/Arduboy2.cpp: In static member function &#39;static bool Arduboy2Base::nextFrameDEV()&#39;:
/home/ec2-user/arduino-testlib/cli-datadir/user/libraries/Arduboy2/src/Arduboy2.cpp:271:7: error: &#39;TXLED1&#39; was not declared in this scope
       TXLED1;
      /home/ec2-user/arduino/home/ec2-user/arduino-testlib/cli-datadir/user/libraries/Arduboy2/src/Arduboy2Core.cpp:142:3: note: suggested alternative: &#39;PORT0&#39;
   PORTE |= _BV(A_BUTTON_BIT);
   ^~~~~
   PORT0
In file included from /home/ec2-user/arduino-testlib/cli-datadir/data/packages/arduino/tools/avr-gcc/7.3.0-atmel3.6.1-arduino7/avr/include/avr/io.h:99:0,
                 from /home/ec2-user/arduino-testlib/cli-datadir/data/packages/arduino/tools/avr-gcc/7.3.0-atmel3.6.1-arduino7/avr/include/avr/pgmspace.h:90,
                 from /home/ec2-user/arduino-testlib/cli-datadir/data/packages/arduino/hardware/avr/1.8.4/cores/arduino/Arduino.h:28,
                 from /home/ec2-user/arduino-testlib/cli-datadir/user/libraries/Arduboy2/src/Arduboy2Core.h:10,
                 from /home/ec2-user/arduino-testlib/cli-datadir/user/libraries/Arduboy2/src/Arduboy2Core.cpp:7:
/home/ec2-user/arduino-testlib/cli-datadir/user/libraries/Arduboy2/src/Arduboy2Core.h:102:22: error: &#39;PORTE6&#39; was not declared in this scope
 #define A_BUTTON_BIT PORTE6
                      ^
/home/ec2-user/arduino-testlib/cli-datadir/user/libraries/Arduboy2/src/Arduboy2Core.cpp:142:16: note: in expansion of macro &#39;A_BUTTON_BIT&#39;
   PORTE |= _BV(A_BUTTON_BIT);
                ^~~~~~~~~~~~
/home/ec2-user/arduino-testlib/cli-datadir/user/libraries/Arduboy2/src/Arduboy2Core.h:102:22: note: suggested alternative: &#39;PORTB6&#39;
 #define A_BUTTON_BIT PORTE6
                      ^
/home/ec2-user/arduino-testlib/cli-datadir/user/libraries/Arduboy2/src/Arduboy2Core.cpp:142:16: note: in expansion of macro &#39;A_BUTTON_BIT&#39;
   PORTE |= _BV(A_BUTTON_BIT);
                ^~~~~~~~~~~~
/home/ec2-user/arduino-testlib/cli-datadir/user/libraries/Arduboy2/src/Arduboy2Core.cpp:145:3: error: &#39;DDRE&#39; was not declared in this scope
   DDRE &amp;= ~(_BV(A_BUTTON_BIT));
   ^~~~
/home/ec2-user/arduino-testlib/cli-datadir/user/libraries/Arduboy2/src/Arduboy2Core.cpp:145:3: note: suggested alternative: &#39;DDRB&#39;
   DDRE &amp;= ~(_BV(A_BUTTON_BIT));
   ^~~~
   DDRB
/home/ec2-user/arduino-testlib/cli-datadir/user/libraries/Arduboy2/src/Arduboy2Core.cpp:149:3: error: &#39;PORTF&#39; was not declared in this scope
   PORTF |= _BV(LEFT_BUTTON_BIT) | _BV(RIGHT_BUTTON_BIT) |
   ^~~~~
/home/ec2-user/arduino-testlib/cli-datadir/user/libraries/Arduboy2/src/Arduboy2Core.cpp:149:3: note: suggested alternative: &#39;PORT0&#39;
   PORTF |= _BV(LEFT_BUTTON_BIT) | _BV(RIGHT_BUTTON_BIT) |
   ^~~~~
   PORT0
In file included from /home/ec2-user/arduino-testlib/cli-datadir/data/packages/arduino/tools/avr-gcc/7.3.0-atmel3.6.1-arduino7/avr/include/avr/io.h:99:0,
                 from /home/ec2-user/arduino-testlib/cli-datadir/data/packages/arduino/tools/avr-gcc/7.3.0-atmel3.6.1-arduino7/avr/include/avr/pgmspace.h:90,
                 from /home/ec2-user/arduino-testlib/cli-datadir/data/packages/arduino/hardware/avr/1.8.4/cores/arduino/Arduino.h:28,
                 from /home/ec2-user/arduino-testlib/cli-datadir/user/libraries/Arduboy2/src/Arduboy2Core.h:10,
                 from /home/ec2-user/arduino-testlib/cli-datadir/user/libraries/Arduboy2/src/Arduboy2Core.cpp:7:
/home/ec2-user/arduino-testlib/cli-datadir/user/libraries/Arduboy2/src/Arduboy2Core.h:78:25: error: &#39;PORTF5&#39; was not declared in this scope
 #define LEFT_BUTTON_BIT PORTF5
                         ^
/home/ec2-user/arduino-testlib/cli-datadir/user/libraries/Arduboy2/src/Arduboy2Core.cpp:149:16: note: in expansion of macro &#39;LEFT_BUTTON_BIT&#39;
   PORTF |= _BV(LEFT_BUTTON_BIT) | _BV(RIGHT_BUTTON_BIT) |
                ^~~~~~~~~~~~~~~
/home/ec2-user/arduino-testlib/cli-datadir/user/libraries/Arduboy2/src/Arduboy2Core.h:78:25: note: suggested alternative: &#39;PORTB5&#39;
 #define LEFT_BUTTON_BIT PORTF5
                         ^
/home/ec2-user/arduino-testlib/cli-datadir/user/libraries/Arduboy2/src/Arduboy2Core.cpp:149:16: note: in expansion of macro &#39;LEFT_BUTTON_BIT&#39;
   PORTF |= _BV(LEFT_BUTTON_BIT) | _BV(RIGHT_BUTTON_BIT) |
                ^~~~~~~~~~~~~~~
/home/ec2-user/arduino-testlib/cli-datadir/user/libraries/Arduboy2/src/Arduboy2Core.h:84:26: error: &#39;PORTF6&#39; was not declared in this scope
 #define RIGHT_BUTTON_BIT PORTF6
                          ^
/home/ec2-user/arduino-testlib/cli-datadir/user/libraries/Arduboy2/src/Arduboy2Core.cpp:149:39: note: in expansion of macro &#39;RIGHT_BUTTON_BIT&#39;
   PORTF |= _BV(LEFT_BUTTON_BIT) | _BV(RIGHT_BUTTON_BIT) |
                                       ^~~~~~~~~~~~~~~~
/home/ec2-user/arduino-testlib/cli-datadir/user/libraries/Arduboy2/src/Arduboy2Core.h:84:26: note: suggested alternative: &#39;PORTB6&#39;
 #define RIGHT_BUTTON_BIT PORTF6
                          ^
/home/ec2-user/arduino-testlib/cli-datadir/user/libraries/Arduboy2/src/Arduboy2Core.cpp:149:39: note: in expansion of macro &#39;RIGHT_BUTTON_BIT&#39;
   PORTF |= _BV(LEFT_BUTTON_BIT) | _BV(RIGHT_BUTTON_BIT) |
                                       ^~~~~~~~~~~~~~~~
/home/ec2-user/arduino-testlib/cli-datadir/user/libraries/Arduboy2/src/Arduboy2Core.h:90:23: error: &#39;PORTF7&#39; was not declared in this scope
 #define UP_BUTTON_BIT PORTF7
                       ^
/home/ec2-user/arduino-testlib/cli-datadir/user/libraries/Arduboy2/src/Arduboy2Core.cpp:150:16: note: in expansion of macro &#39;UP_BUTTON_BIT&#39;
            _BV(UP_BUTTON_BIT) | _BV(DOWN_BUTTON_BIT);
                ^~~~~~~~~~~~~
/home/ec2-user/arduino-testlib/cli-datadir/user/libraries/Arduboy2/src/Arduboy2Core.h:90:23: note: suggested alternative: &#39;PORTB7&#39;
 #define UP_BUTTON_BIT PORTF7
                       ^
/home/ec2-user/arduino-testlib/cli-datadir/user/libraries/Arduboy2/src/Arduboy2Core.cpp:150:16: note: in expansion of macro &#39;UP_BUTTON_BIT&#39;
            _BV(UP_BUTTON_BIT) | _BV(DOWN_BUTTON_BIT);
                ^~~~~~~~~~~~~
/home/ec2-user/arduino-testlib/cli-datadir/user/libraries/Arduboy2/src/Arduboy2Core.h:96:25: error: &#39;PORTF4&#39; was not declared in this scope
 #define DOWN_BUTTON_BIT PORTF4
                         ^
/home/ec2-user/arduino-testlib/cli-datadir/user/libraries/Arduboy2/src/Arduboy2Core.cpp:150:37: note: in expansion of macro &#39;DOWN_BUTTON_BIT&#39;
            _BV(UP_BUTTON_BIT) | _BV(DOWN_BUTTON_BIT);
                                     ^~~~~~~~~~~~~~~
/home/ec2-user/arduino-testlib/cli-datadir/user/libraries/Arduboy2/src/Arduboy2Core.h:96:25: note: suggested alternative: &#39;PORTB4&#39;
 #define DOWN_BUTTON_BIT PORTF4
                         ^
/home/ec2-user/arduino-testlib/cli-datadir/user/libraries/Arduboy2/src/Arduboy2Core.cpp:150:37: note: in expansion of macro &#39;DOWN_BUTTON_BIT&#39;
            _BV(UP_BUTTON_BIT) | _BV(DOWN_BUTTON_BIT);
                                     ^~~~~~~~~~~~~~~
/home/ec2-user/arduino-testlib/cli-datadir/user/libraries/Arduboy2/src/Arduboy2Core.h:208:26: error: &#39;PORTF1&#39; was not declared in this scope
 #define RAND_SEED_IN_BIT PORTF1
                          ^
/home/ec2-user/arduino-testlib/cli-datadir/user/libraries/Arduboy2/src/Arduboy2Core.cpp:152:18: note: in expansion of macro &#39;RAND_SEED_IN_BIT&#39;
   PORTF &amp;= ~(_BV(RAND_SEED_IN_BIT));
                  ^~~~~~~~~~~~~~~~
/home/ec2-user/arduino-testlib/cli-datadir/user/libraries/Arduboy2/src/Arduboy2Core.h:208:26: note: suggested alternative: &#39;PORTB1&#39;
 #define RAND_SEED_IN_BIT PORTF1
                          ^
/home/ec2-user/arduino-testlib/cli-datadir/user/libraries/Arduboy2/src/Arduboy2Core.cpp:152:18: note: in expansion of macro &#39;RAND_SEED_IN_BIT&#39;
   PORTF &amp;= ~(_BV(RAND_SEED_IN_BIT));
                  ^~~~~~~~~~~~~~~~
/home/ec2-user/arduino-testlib/cli-datadir/user/libraries/Arduboy2/src/Arduboy2Core.cpp:154:3: error: &#39;DDRF&#39; was not declared in this scope
   DDRF &amp;= ~(_BV(LEFT_BUTTON_BIT) | _BV(RIGHT_BUTTON_BIT) |
   ^~~~
/home/ec2-user/arduino-testlib/cli-datadir/user/libraries/Arduboy2/src/Arduboy2Core.cpp:154:3: note: suggested alternative: &#39;WDRF&#39;
   DDRF &amp;= ~(_BV(LEFT_BUTTON_BIT) | _BV(RIGHT_BUTTON_BIT) |
   ^~~~
   WDRF
/home/ec2-user/arduino-testlib/cli-datadir/user/libraries/Arduboy2/src/Arduboy2Core.cpp: In static member function &#39;static void Arduboy2Core::bootPowerSaving()&#39;:
/home/ec2-user/arduino-testlib/cli-datadir/user/libraries/Arduboy2/src/Arduboy2Core.cpp:289:3: error: &#39;PRR0&#39; was not declared in this scope
   PRR0 = _BV(PRTWI) | _BV(PRADC);
   ^~~~
/home/ec2-user/arduino-testlib/cli-datadir/user/libraries/Arduboy2/src/Arduboy2Core.cpp:289:3: note: suggested alternative: &#39;PRR&#39;
   PRR0 = _BV(PRTWI) | _BV(PRADC);
   ^~~~
   PRR
/home/ec2-user/arduino-testlib/cli-datadir/user/libraries/Arduboy2/src/Arduboy2Core.cpp:291:3: error: &#39;PRR1&#39; was not declared in this scope
   PRR1 |= _BV(PRUSART1);
   ^~~~
/home/ec2-user/arduino-testlib/cli-datadir/user/libraries/Arduboy2/src/Arduboy2Core.cpp:291:3: note: suggested alternative: &#39;PRR&#39;
   PRR1 |= _BV(PRUSART1);
   ^~~~
   PRR
In file included from /home/ec2-user/arduino-testlib/cli-datadir/data/packages/arduino/tools/avr-gcc/7.3.0-atmel3.6.1-arduino7/avr/include/avr/io.h:99:0,
                 from /home/ec2-user/arduino-testlib/cli-datadir/data/packages/arduino/tools/avr-gcc/7.3.0-atmel3.6.1-arduino7/avr/include/avr/pgmspace.h:90,
                 from /home/ec2-user/arduino-testlib/cli-datadir/data/packages/arduino/hardware/avr/1.8.4/cores/arduino/Arduino.h:28,
                 from /home/ec2-user/arduino-testlib/cli-datadir/user/libraries/Arduboy2/src/Arduboy2Core.h:10,
                 from /home/ec2-user/arduino-testlib/cli-datadir/user/libraries/Arduboy2/src/Arduboy2Core.cpp:7:
/home/ec2-user/arduino-testlib/cli-datadir/user/libraries/Arduboy2/src/Arduboy2Core.cpp:291:15: error: &#39;PRUSART1&#39; was not declared in this scope
   PRR1 |= _BV(PRUSART1);
               ^
/home/ec2-user/arduino-testlib/cli-datadir/user/libraries/Arduboy2/src/Arduboy2Core.cpp:291:15: note: suggested alternative: &#39;PRUS</pre>
					
					<h4>examples/HelloWorld</h4>
					<p>
						Result: <b>FAIL</b>
					</p>
					<pre class="pre-scrollable">In file included from /home/ec2-user/arduino-testlib/cli-datadir/user/libraries/Arduboy2/src/Arduboy2.h:10:0,
                 from /home/ec2-user/arduino-testlib/cli-datadir/user/libraries/Arduboy2/src/Arduboy2Audio.cpp:7:
/home/ec2-user/arduino-testlib/cli-datadir/user/libraries/Arduboy2/src/Arduboy2Audio.cpp: In stati/home/ec2-user/arduino-testlib/cli-datadir/user/libraries/Arduboy2/src/Arduboy2.cpp:271:7: note: suggested alternative: &#39;TWD1&#39;
       TXLED1;
       ^~~~~~
       TWD1
/home/ec2-user/arduinocli-datadir/user/libraries/Arduboy2/src/Arduboy2Beep.cpp:19:3: error: &#39;TCCR3B&#39; was not declared in this scope
   TCCR3B = (bit(WGM32) | bit(CS31)); // CTC mode. Divide by 8 clock prescale
   ^~~~~~
/home/ec2-user/arduino-testlib/cli-datadir/user/libraries/Arduboy2/src/Arduboy2Beep.cpp:19:3: note: suggested alternaMultiple libraries were found for &#34;EEPROM.h&#34;
  Used: /home/ec2-user/arduino-testlib/cli-datadir/data/packages/arduino/hardware/avr/1.8.4/libraries/EEPROM
  Not used: /home/ec2-user/arduino-testlib/cli-datadir/user/libraries/arduino-NVM
  Not used: /home/ec2-user/arduino-testlib/cli-datadir/user/libraries/Hello_Drum
</pre>
					
					<h4>examples/PlayTune</h4>
					<p>
						Result: <b>FAIL</b>
					</p>
					<pre class="pre-scrollable">/home/ec2-user/arduino-testlib/cli-datadir/user/libraries/Arduboy2/src/Arduboy2Beep.cpp: In static member function &#39;static void BeepPin1::begin()&#39;:
/home/ec2-user/arduino-testlib/cli-datadir/user/libraries/Arduboy2/src/Arduboy2Beep.cpp:18:3: error: &#39;TCCR3A&#39; was not declared in this scope
   TCCR3A = 0;
   ^~~~~~
/home/ec2-user/arduino-testlib/cli-datadir/user/libraries/Arduboy2/src/Arduboy2Beep.cpp:18:3: note: suggested alternative: &#39;TCCR0A&#39;
   TCCR3A = 0;
   ^~~~~~
   TCCR0A
/home/ec2-user/arduino-testlib/ope
 #define SPEAKER_2_BIT PORTC7
                       ^
/home/ec2-user/arduino-testlib/cli-datadir/data/packages/arduino/hardware/avr/1.8.4/co/home/ec2-user/arduino-testlib/cli-datadir/user/libraries/Arduboy2/src/Arduboy2.cpp:273:7: note: suggested alternative: &#39;TXEN0&#39;
       TXLED0;
       ^~~~~~
       TXEN0
   ^~~
/home/ec2-user/arduino-testlib/cli-datadir/user/libraries/Arduboy2/src/Arduboy2Audio.cpp:16:25: note: in expansion of macro &#39;SPEAKER_2_BIT&#39;
   bitSet(SPEAKER_2_DDR, SPEAKER_2_BIT);
                         ^~~~~~~~~~~~~
/home/ec2-user/arduino-testlib/cli-datadir/user/libraries/Arduboy2/src/Arduboy2Core.h:119:23: note: suggested alternative: &#39;PORTB7&#39;
 #define SPEAKER_2_BIT PORTC7
                       ^
/home/ec2-user/arduino-testlib/cli-datadir/data/packages/arduino/hardware/avr/1.8.4/cores/arduino/Arduino.h:112:49: note: in definition of macro &#39;bitSet&#39;
 #define bitSet(value, bit) ((value) |= (1UL &lt;&lt; (bit)))
                                                 ^~~
/home/ec2-user/arduino-testlib/cli-datadir/user/libraries/Arduboy2/src/Arduboy2Audio.cpp:16:25: note: in expansion of macro &#39;SPEAKER_2_BIT&#39;
   bitSet(SPEAKER_2_DDR, SPEAKER_2_BIT);
                         ^~~~~~~~~~~~~
/home/ec2-user/arduino-testlib/cli-datadir/user/libraries/Arduboy2/src/Arduboy2Audio.cpp: In static member function &#39;static void Arduboy2Audio::off()&#39;:
/home/ec2-user/arduino-testlib/cli-datadir/user/libraries/Arduboy2/src/Arduboy2Core.h:119:23: error: &#39;PORTC7&#39; was not declared in this scope
 #define SPEAKER_2_BIT PORTC7
                       ^
/home/ec2-user/arduino-testlib/cli-datadir/data/packages/arduino/hardware/avr/1.8.4/cores/arduino/Arduino.h:113:52: note: in definition of macro &#39;bitClear&#39;
 #define bitClear(value, bit) ((value) &amp;= ~(1UL &lt;&lt; (bit)))
                                                    ^~~
/home/ec2-user/arduino-testlib/cli-datadir/user/libraries/Arduboy2/src/Arduboy2Audio.cpp:29:27: note: in expansion of macro &#39;SPEAKER_2_BIT&#39;
   bitClear(SPEAKER_2_DDR, SPEAKER_2_BIT);
                           ^~~~~~~~~~~~~
/home/ec2-user/arduino-testlib/cli-datadir/user/libraries/Arduboy2/src/Arduboy2Core.h:119:23: note: suggested alternative: &#39;PORTB7&#39;
 #define SPEAKER_2_BIT PORTC7
                       ^
/home/ec2-user/arduino-testlib/cli-datadir/data/packages/arduino/hardware/avr/1.8.4/cores/arduino/Arduino.h:113:52: note: in definition of macro &#39;bitClear&#39;
 #define bitClear(value, bit) ((value) &amp;= ~(1UL &lt;&lt; (bit)))
                                                    ^~~
/home/ec2-user/arduino-testlib/cli-datadir/user/libraries/Arduboy2/src/Arduboy2Audio.cpp:29:27: note: in expansion of macro &#39;SPEAKER_2_BIT&#39;
   bitClear(SPEAKER_2_DDR, SPEAKER_2_BIT);
                           ^~~~~~~~~~~~~
tadir/user/libraries/Arduboy2/src/Arduboy2Core.h:10,
                 from /home/ec2-user/arduino-testlib/cli-datadir/user/libraries/Arduboy2/src/Arduboy2Core.cpp:7:
/home/ec2-user/arduino-testlib/cli-datadir/user/libraries/Arduboy2/src/Arduboy2Core.h:78:25: error: &#39;PORTF5&#39; was not declared in this scope
 #define LEFT_BUTTON_BIT PORTF5
                         ^
/home/ec2-user/arduino-testlib/cli-datadir/user/libraries/Arduboy2/src/Arduboy2Core.cpp:149:16: note: in expansion of macro &#39;LEFT_BUTTON_BIT&#39;
   PORTF |= _BV(LEFT_BUTTON_BIT) | _BV(RIGHT_BUTTON_BIT) |
                ^~~~~~~~~~~~~~~
estlib/cli-datadir/data/packages/arduino/hardware/avr/1.8.4/cores/arduino/Arduino.h:124:25: note: in definition of macro &#39;bit&#39;
 #define bit(b) (1UL &lt;&lt; (b))
                         ^
/home/ec2-user/arduino-testlib/cli-datadir/user/libraries/Arduboy2/src/Arduboy2Beep.cpp:30:16: note: suggested alternative: &#39;COM0A0&#39;
   TCCR3A = bit(COM3A0); // set toggle on compare mode (which connects the pin)
                ^
/home/ec2-user/arduino-testlib/cli-datadir/data/packages/arduino/hardware/avr/1.8.4/cores/arduino/Arduino.h:124:25: note: in definition of macro &#39;bit&#39;
 #define bit(b) (1UL &lt;&lt; (b))
                         ^
/home/ec2-user/arduino-testlib/cli-datadir/user/libraries/Arduboy2/src/Arduboy2Beep.cpp:31:3: error: &#39;OCR3A&#39; was not declared in this scope
   OCR3A = count; // load the count (16 bits), which determines the frequency
   ^~~~~
/home/ec2-user/arduino-testlib/cli/home/ec2-user/arduino-testlib/cli-datadir/user/libraries/Arduboy2/src/Arduboy2Core.h:84:26: note: suggested alternative: &#39;PORTB6&#39;
 #define RIGHT_BUTTON_BIT PORTF6
                          ^
/home/ec2-user/arduino-testlib/cli-datadir/user/libraries/Arduboy2/src/Arduboy2Core.cpp:149:39: note: in expansion of macro &#39;RIGHT_BUTTON_BIT&#39;
   PORTF |= _BV(LEFT_BUTTON_BIT) | _BV(RIGHT_BUTTON_BIT) |
                                       ^~~~~~~~~~~~~~~~
/home/ec2-user/arduino-testlib/cli-datadir/user/libraries/Arduboy2/src/Arduboy2Core.h:90:23: error: &#39;PORTF7&#39; was not declared in this scope
 #define UP_BUTTON_BIT PORTF7
                       ^
/home/ec2-user/arduino-testlib/cli-datadir/user/libraries/Arduboy2/src/Arduboy2Core.cpp:150:16: note: in expansion of macro &#39;UP_BUTTON_BIT&#39;
            _BV(UP_BUTTON_BIT) | _BV(DOWN_BUTTON_BIT);
                ^~~~~~~~~~~~~
/home/ec2-user/arduino-testlib/cli-datadir/user/libraries/Arduboy2/src/Arduboy2Core.h:90:23: note: suggested alternative: &#39;PORTB7&#39;
 #define UP_BUTTON_BIT PORTF7
                       ^
/home/ec2-user/arduino-testlib/cli-datadir/user/libraries/Arduboy2/src/Arduboy2Core.cpp:150:16: note: in expansion of macro &#39;UP_BUTTON_BIT&#39;
            _BV(UP_BUTTON_BIT) | _BV(DOWN_BUTTON_BIT);
                ^~~~~~~~~~~~~
/home/ec2-user/arduino-testlib/cli-datadir/user/libraries/Arduboy2/src/Arduboy2Core.h:96:25: error: &#39;PORTF4&#39; was not declared in this scope
 #define DOWN_BUTTON_BIT PORTF4
                         ^
/home/ec2-user/arduino-testlib/cli-datadir/user/libraries/Arduboy2/src/Arduboy2Core.cpp:150:37: note: in expansion of macro &#39;DOWN_BUTTON_BIT&#39;
            _BV(UP_BUTTON_BIT) | _BV(DOWN_BUTTON_BIT);
                                     ^~~~~~~~~~~~~~~
/home/ec2-user/arduino-testlib/cli-datadir/user/libraries/Arduboy2/src/Arduboy2Core.h:96:25: note: suggested alternative: &#39;PORTB4&#39;
 #define DOWN_BUTTON_BIT PORTF4
                         ^
/home/ec2-user/arduino-testlib/cli-datadir/user/libraries/Arduboy2/src/Arduboy2Core.cpp:150:37: note: in expansion of macro &#39;DOWN_BUTTON_BIT&#39;
            _BV(UP_BUTTON_BIT) | _BV(DOWN_BUTTON_BIT);
                                     ^~~~~~~~~~~~~~~
/home/ec2-user/arduino-testlib/cli-datadir/user/libraries/Arduboy2/src/Arduboy2Core.h:208:26: error: &#39;PORTF1&#39; was not declared in this scope
 #define RAND_SEED_IN_BIT PORTF1
                          ^
/home/ec2-user/arduino-testlib/cli-datadir/user/libraries/Arduboy2/src/Arduboy2Core.cpp:152:18: note: in expansion of macro &#39;RAND_SEED_IN_BIT&#39;
   PORTF &amp;= ~(_BV(RAND_SEED_IN_BIT));
                  ^~~~~~~~~~~~~~~~
/home/ec2-user/arduino-testlib/cli-datadir/user/libraries/Arduboy2/src/Arduboy2Core.h:208:26: note: suggested alternative: &#39;PORTB1&#39;
 #define RAND_SEED_IN_BIT PORTF1
                          ^
/home/ec2-user/arduino-testlib/cli-datadir/user/libraries/Arduboy2/src/Arduboy2Core.cpp:152:18: note: in expansion of macro &#39;RAND_SEED_IN_BIT&#39;
   PORTF &amp;= ~(_BV(RAND_SEED_IN_BIT));
                  ^~~~~~~~~~~~~~~~
/home/ec2-user/arduino-testlib/cli-datadir/user/libraries/Arduboy2/src/Arduboy2Core.cpp:154:3: error: &#39;DDRF&#39; was not declared in this scope
   DDRF &amp;= ~(_BV(LEFT_BUTTON_BIT) | _BV(RIGHT_BUTTON_BIT) |
   ^~~~
/home/ec2-user/arduino-testlib/cli-datadir/user/libraries/Arduboy2/src/Arduboy2Core.cpp:154:3: note: suggested alternative: &#39;WDRF&#39;
   DDRF &amp;= ~(_BV(LEFT_BUTTON_BIT) | _BV(RIGHT_BUTTON_BIT) |
   ^~~~
   WDRF
/home/ec2-user/arduino-testlib/cli-datadir/user/libraries/Arduboy2/src/Arduboy2Core.cpp: In static member function &#39;static void Arduboy2Core::bootPowerSaving()&#39;:
/home/ec2-user/arduino-testlib/cli-datadir/user/libraries/Arduboy2/src/Arduboy2Core.cpp:289:3: error: &#39;PRR0&#39; was not declared in this scope
   PRR0 = _BV(PRTWI) | _BV(PRADC);
   ^~~~
/home/ec2-user/arduino-testlib/cli-datadir/user/libraries/Arduboy2/src/Arduboy2Core.cpp:289:3: note: suggested alternative: &#39;PRR&#39;
   PRR0 = _BV(PRTWI) | _BV(PRADC);
   ^~~~
   PRR
/home/ec2-user/arduino-testlib/cli-datadir/user/libraries/Arduboy2/src/Arduboy2Core.cpp:291:3: error: &#39;PRR1&#39; was not declared in this scope
   PRR1 |= _BV(PRUSART1);
   ^~~~
/home/ec2-user/arduino-testlib/cli-datadir/user/libraries/Arduboy2/src/Arduboy2Core.cpp:291:3: note: suggested alternative: &#39;PRR&#39;
   PRR1 |= _BV(PRUSART1);
   ^~~~
   PRR
In file included from /home/ec2-user/arduino-testlib/cli-datadir/data/packages/arduino/tools/avr-gcc/7.3.0-atmel3.6.1-arduino7/avr/include/avr/io.h:99:0,
                 from /home/ec2-user/arduino-testlib/cli-datadir/data/packages/arduino/tools/avr-gcc/7.3.0-atmel3.6.1-arduino7/avr/include/avr/pgmspace.h:90,
                 from /home/ec2-user/arduino-testlib/cli-datadir/data/packages/arduino/hardware/avr/1.8.4/cores/arduino/Arduino.h:28,
                 from /home/ec2-user/arduino-testlib/cli-datadir/user/libraries/Arduboy2/src/Arduboy2Core.h:10,
                 from /home/ec2-user/arduino-testlib/cli-datadir/user/libraries/Arduboy2/src/Arduboy2Core.cpp:7:
/home/ec2-user/arduino-testlib/cli-datadir/user/libraries/Arduboy2/src/Arduboy2Core.cpp:291:15: error: &#39;PRUSART1&#39; was not declared in this scope
   PRR1 |= _BV(PRUSART1);
               ^
/home/ec2-user/arduino-testlib/cli-datadir/user/libraries/Arduboy2/src/Arduboy2Core.cpp:291:15: note: suggested alternative: &#39;PRUS</pre>
					
					<h4>examples/RGBled</h4>
					<p>
						Result: <b>FAIL</b>
					</p>
					<pre class="pre-scrollable">/home/ec2-user/arduino-testlib/cli-datadir/user/libraries/Arduboy2/src/Arduboy2.cpp: In static member function &#39;static bool Arduboy2Base::nextFrameDEV()&#39;:
/home/ec2-user/arduino-testlib/cli-datadir/user/libraries/Arduboy2/src/Arduboy2.cpp:271:7: error: &#39;TXLED1&#39; was not declared in this scope
       TXLED1;
      /home/ec2-user/arduino-testlib/cli-datadir/user/libraries/Arduboy2/src/Arduboy2Beep.cpp:18:3: note: suggested alternative: &#39;TCCR0A&#39;
   TCCR3A = 0;
   ^~~~~~
   TCCR0A
/home/ec2-user/arduino-testlib/ope
 #define SPEAKER_2_BIT PORTC7
                       ^
/home/ec2-user/arduino-testlib/cli-datadir/data/packages/arduino/hardware/avr/1.8.4/cores/arduino/Arduino.h:112:49: note: in definition of macro &#39;bitSet&#39;
 #define bitSet(value, bit) ((value) |= (1UL &lt;&lt; (bit)))
                                                 ^~~
/home/ec2-user/arduino-testlib/cli-datadir/user/libraries/Arduboy2/src/Arduboy2Audio.cpp:16:25: note: in expansion of macro &#39;SPEAKER_2_BIT&#39;
   bitSet(SPEAKER_2_DDR, SPEAKER_2_BIT);
                         ^~~~~~~~~~~~~
/home/ec2-user/arduino-testlib/cli-datadir/user/libraries/Arduboy2/src/Arduboy2Core.h:119:23: note: suggested alternative: &#39;PORTB7&#39;
 #define SPEAKER_2_BIT PORTC7
                       ^
/home/ec2-user/arduino-testlib/cli-datadir/data/packages/arduino/hardware/avr/1.8.4/cores/arduino/Arduino.h:112:49: note: in definition of macro &#39;bitSet&#39;
 #define bitSet(value, bit) ((value) |= (1UL &lt;&lt; (bit)))
                                                 ^~~
/home/ec2-user/arduino-testlib/cli-datadir/user/libraries/Arduboy2/src/Arduboy2Audio.cpp:16:25: note: in expansion of macro &#39;SPEAKER_2_BIT&#39;
   bitSet(SPEAKER_2_DDR, SPEAKER_2_BIT);
                         ^~~~~~~~~~~~~
/home/ec2-user/arduino-testlib/cli-datadir/user/libraries/Arduboy2/src/Arduboy2Audio.cpp: In static member function &#39;static void Arduboy2Audio::off()&#39;:
/home/ec2-user/arduino-testlib/cli-datadir/user/libraries/Arduboy2/src/Arduboy2Core.h:119:23: error: &#39;PORTC7&#39; was not declared in this scope
 #define SPEAKER_2_BIT PORTC7
                       ^
/home/ec2-user/arduino-testlib/cli-datadir/data/packages/arduino/hardware/avr/1.8.4/cores/arduino/Arduino.h:113:52: note: in definition of macro &#39;bitClear&#39;
 #define bitClear(value, bit) ((value) &amp;= ~(1UL &lt;&lt; (bit)))
                                                    ^~~
/home/ec2-user/arduino-testlib/cli-datadir/user/libraries/Arduboy2/src/Arduboy2Audio.cpp:29:27: note: in expansion of macro &#39;SPEAKER_2_BIT&#39;
   bitClear(SPEAKER_2_DDR, SPEAKER_2_BIT);
                           ^~~~~~~~~~~~~
/home/ec2-user/arduino-testlib/cli-datadir/user/libraries/Arduboy2/src/Arduboy2Core.h:119:23: note: suggested alternative: &#39;PORTB7&#39;
 #define SPEAKER_2_BIT PORTC7
                       ^
/home/ec2-user/arduino-testlib/cli-datadir/data/packages/arduino/hardware/avr/1.8.4/cores/arduino/Arduino.h:113:52: note: in definition of macro &#39;bitClear&#39;
 #define bitClear(value, bit) ((value) &amp;= ~(1UL &lt;&lt; (bit)))
                                                    ^~~
/home/ec2-user/arduino-testlib/cli-datadir/user/libraries/Arduboy2/src/Arduboy2Audio.cpp:29:27: note: in expansion of macro &#39;SPEAKER_2_BIT&#39;
   bitClear(SPEAKER_2_DDR, SPEAKER_2_BIT);
                           ^~~~~~~~~~~~~
r/arduino-testlib/cli-datadir/user/libraries/Arduboy2/src/Arduboy2Beep.cpp:30:3: note: suggested alternative: &#39;TCCR0A&#39;
   TCCR3A = bit(COM3A0); // set toggle on compare mode (which connects the pin)
   ^~~~~~
   TCCR0A
In file included from /home/ec2-user/arduino-testlib/cli-datadir/user/libraries/Arduboy2/src/Arduboy2Beep.cpp:7:0:
/home/ec2-user/arduino-testlib/cli-datadir/user/libraries/Arduboy2/src/Arduboy2Beep.cpp:30:16: error: &#39;COM3A0&#39; was not declared in this scope
   TCCR3A = bit(COM3A0); // set toggle on compare mode (which connects the pin)
                ^
/home/ec2-user/arduino-testlib/cli-datadir/data/packages/arduino/hardware/avr/1.8.4/cores/arduino/Arduino.h:124:25: note: in definition of macro &#39;bit&#39;
 #define bit(b) (1UL &lt;&lt; (b))
                         ^
/home/ec2-user/arduino-testlib/cli-datadir/user/libraries/Arduboy2/src/Arduboy2Beep.cpp:30:16: note: suggested alternative: &#39;COM0A0&#39;
   TCCR3A = bit(COM3A0); // set toggle on compare mode (which connects the pin)
                ^
/home/ec2-user/arduino-testlib/cli-datadir/data/packages/arduino/hardware/avr/1.8.4/cores/arduino/Arduino.h:124:25: note: in definition of macro &#39;bit&#39;
 #define bit(b) (1UL &lt;&lt; (b))
                         ^
/home/ec2-user/arduino-testlib/cli-datadir/user/libraries/Arduboy2/src/Arduboy2Beep.cpp:31:3: error: &#39;OCR3A&#39; was not declared in this scope
   OCR3A = count; // load the count (16 bits), which determines the frequency
   ^~~~~
/home/ec2-user/arduino-testlib/cli-datadir/user/libraries/Arduboy2/src/Arduboy2Beep.cpp:31:3: note: suggested alternative: &#39;OCR2A&#39;
   OCR3A = count; // load the count (16 bits), which determines the frequency
   ^~~~~
   OCR2A
/home/ec2-user/arduino-testlib/cli-datadir/user/libraries/Arduboy2/src/Arduboy2Beep.cpp: In static member function &#39;static void BeepPin1::timer()&#39;:
/home/ec2-user/arduino-testlib/cli-datadir/user/libraries/Arduboy2/src/Arduboy2Beep.cpp:37:5: error: &#39;TCCR3A&#39; was not declared in this scope
     TCCR3A = 0; // set normal mode (which disconnects the pin)
     ^~~~~~
/home/ec2-user/arduino-testlib/cli-datadir/user/libraries/Arduboy2/src/Arduboy2Beep.cpp:37:5: note: suggested alternative: &#39;TCCR0A&#39;
     TCCR3A = 0; // set normal mode (which disconnects the pin)
     ^~~~~~
     TCCR0A
/home/ec2-user/arduino-testlib/cli-datadir/user/libraries/Arduboy2/src/Arduboy2Beep.cpp: In static member function &#39;static void BeepPin1::noTone()&#39;:
/home/ec2-user/arduino-testlib/cli-datadir/user/libraries/Arduboy2/src/Arduboy2Beep.cpp:44:3: error: &#39;TCCR3A&#39; was not declared in this scope
   TCCR3A = 0; // set normal mode (which disconnects the pin)
   ^~~~~~
/home/ec2-user/arduino-testlib/cli-datadir/user/libraries/Arduboy2/src/Arduboy2Beep.cpp:44:3: note: suggested alternative: &#39;TCCR0A&#39;
   TCCR3A = 0; // set normal mode (which disconnects the pin)
   ^~~~~~
   TCCR0A
/home/ec2-user/arduino-testlib/cli-datadir/user/libraries/Arduboy2/src/Arduboy2Beep.cpp: In static member function &#39;static void BeepPin2::begin()&#39;:
/home/ec2-user/arduino-testlib/cli-datadir/user/libraries/Arduboy2/src/Arduboy2Beep.cpp:54:3: error: &#39;TCCR4A&#39; was not declared in this scope
   TCCR4A = 0; // normal mode. Disable PWM
   ^~~~~~
/home/ec2-user/arduino-testlib/cli-datadir/user/libraries/Arduboy2/src/Arduboy2Beep.cpp:54:3: note: suggested alternative: &#39;TCCR0A&#39;
   TCCR4A = 0; // normal mode. Disable PWM
   ^~~~~~
   TCCR0A
/home/ec2-user/arduino-testlib/cli-datadir/user/libraries/Arduboy2/src/Arduboy2Beep.cpp:55:3: error: &#39;TCCR4B&#39; was not declared in this scope
   TCCR4B = bit(CS43); // divide by 128 clock prescale
   ^~~~~~
/home/ec2-user/arduino-testlib/cli-datadir/user/libraries/Arduboy2/src/Arduboy2Beep.cpp:55:3: note: suggested alternative: &#39;TCCR0B&#39;
   TCCR4B = bit(CS43); // divide by 128 clock prescale
   ^~~~~~
   TCCR0B
In file included from /home/ec2-user/arduino-testlib/cli-datadir/user/libraries/Arduboy2/src/Arduboy2Beep.cpp:7:0:
/home/ec2-user/arduino-testlib/cli-datadir/user/libraries/Arduboy2/src/Arduboy2Beep.cpp:55:16: error: &#39;CS43&#39; was not declared in this scope
   TCCR4B = bit(CS43); // divide by 128 clock prescale
                ^
/home/ec2-user/arduino-testlib/cli-datadir/data/packages/arduino/hardware/avr/1.8.4/cores/arduino/Arduino.h:124:25: note: in definition of macro &#39;bit&#39;
 #define bit(b) (1UL &lt;&lt; (b))
                         ^
/home/ec2-user/arduino-testlib/cli-datadir/user/libraries/Arduboy2/src/Arduboy2Beep.cpp:55:16: note: suggested alternative: &#39;CS00&#39;
   TCCR4B = bit(CS43); // divide by 128 clock prescale
                ^
/home/ec2-user/arduino-testlib/cli-datadir/data/packages/arduino/hardware/avr/1.8.4/cores/arduino/Arduino.h:124:25: note: in definition of macro &#39;bit&#39;
 #define bit(b) (1UL &lt;&lt; (b))
                         ^
/home/ec2-user/arduino-testlib/cli-datadir/user/libraries/Arduboy2/src/Arduboy2Beep.cpp:56:3: error: &#39;TCCR4D&#39; was not declared in this scope
   TCCR4D = 0; // normal mode
   ^~~~~~
/home/ec2-user/arduino-testlib/cli-datadir/user/libraries/Arduboy2/src/Arduboy2Beep.cpp:56:3: note: suggested alternative: &#39;TCCR0A&#39;
   TCCR4D = 0; // normal mode
   ^~~~~~
   TCCR0A
/home/ec2-user/arduino-testlib/cli-datadir/user/libraries/Arduboy2/src/Arduboy2Beep.cpp:57:3: error: &#39;TC4H&#39; was not declared in this scope
   TC4H = 0;  // toggle pin at count = 0
   ^~~~
/home/ec2-user/arduino-testlib/cli-datadir/user/libraries/Arduboy2/src/Arduboy2Beep.cpp:57:3: note: suggested alternative: &#39;PC4&#39;
   TC4H = 0;  // toggle pin at count = 0
   ^~~~
   PC4
/home/ec2-user/arduino-testlib/cli-datadir/user/libraries/Arduboy2/src/Arduboy2Beep.cpp:58:3: error: &#39;OCR4A&#39; was not declared in this scope
   OCR4A = 0; //  &#34;
   ^~~~~
/home/ec2-user/arduino-testlib/cli-datadir/user/libraries/Arduboy2/src/Arduboy2Beep.cpp:58:3: note: suggested alternative: &#39;OCR2A&#39;
   OCR4A = 0; //  &#34;
   ^~~~~
   OCR2A
/home/ec2-user/arduino-testlib/cli-datadir/user/libraries/Arduboy2/src/Arduboy2Beep.cpp: In static member function &#39;static void BeepPin2::tone(uint16_t, uint8_t)&#39;:
/home/ec2-user/arduino-testlib/cli-datadir/user/libraries/Arduboy2/src/Arduboy2Beep.cpp:69:3: error: &#39;TCCR4A&#39; was not declared in this scope
   TCCR4A = bit(COM4A0); // set toggle on compare mode (which connects the pin)
   ^~~~~~
/home/ec2-user/arduino-testlib/cli-datadir/user/libraries/Arduboy2/src/Arduboy2Beep.cpp:69:3: note: suggested alternative: &#39;TCCR0A&#39;
   TCCR4A = bit(COM4A0); // set toggle on compare mode (which connects the pin)
   ^~~~~~
   TCCR0A
In file included from /home/ec2-user/arduino-testlib/cli-datadir/user/libraries/Arduboy2/src/Arduboy2Beep.cpp:7:0:
/home/ec2-user/arduino-testlib/cli-datadir/user/libraries/Arduboy2/src/Arduboy2Beep.cpp:69:16: error: &#39;COM4A0&#39; was not declared in this scope
   TCCR4A = bit(COM4A0); // set toggle on compare mode (which c</pre>
					
					<h4>examples/SetSystemEEPROM</h4>
					<p>
						Result: <b>FAIL</b>
					</p>
					<pre class="pre-scrollable">Multiple libraries were found for &#34;EEPROM.h&#34;
  Used: /home/ec2-user/arduino-testlib/cli-datadir/data/packages/arduino/hardware/avr/1.8.4/libraries/EEPROM
  Not used: /home/ec2-user/arduino-testlib/cli-datadir/user/libraries/arduino-NVM
  Not used: /home/ec2-user/arduino-testlib/cli-datadir/user/libraries/Hello_Drum
</pre>
					
				
				<h3 id="arduino:mbed_nano:nanorp2040connect">arduino:mbed_nano:nanorp2040connect @ 2.7.2</h3>
				<h4>Inclusion</h4>
				<p>
					Result: <b>FAIL</b>
					
				</p>
				<pre class="pre-scrollable">In file included from /home/ec2-user/arduino-testlib/cli-datadir/user/libraries/Arduboy2/src/Arduboy2.h:11:0,
                 from /tmp/arduino-testlib3120525808/test/test.ino:1:
/home/ec2-user/arduino-testlib/cli-datadir/user/libraries/Hello_Drum/src/EEPROM.h:25:10: fatal error: avr/eeprom.h: No such file or directory
 #include &lt;avr/eeprom.h&gt;
          ^~~~~~~~~~~~~~
compilation terminated.
Multiple libraries were found for &#34;EEPROM.h&#34;
  Used: /home/ec2-user/arduino-testlib/cli-datadir/user/libraries/Hello_Drum
  Not used: /home/ec2-user/arduino-testlib/cli-datadir/user/libraries/arduino-NVM
</pre>

					
					<h4>examples/ArduBreakout</h4>
					<p>
						Result: <b>FAIL</b>
					</p>
					<pre class="pre-scrollable">In file included from /home/ec2-user/arduino-testlib/cli-datadir/user/libraries/Arduboy2/src/Arduboy2.h:11:0,
                 from /home/ec2-user/arduino-testlib/cli-datadir/user/libraries/Arduboy2/examples/ArduBreakout/ArduBreakout.ino:15:
/home/ec2-user/arduino-testlib/cli-datadir/user/libraries/Hello_Drum/src/EEPROM.h:25:10: fatal error: avr/eeprom.h: No such file or directory
 #include &lt;avr/eeprom.h&gt;
          ^~~~~~~~~~~~~~
compilation terminated.
Multiple libraries were found for &#34;EEPROM.h&#34;
  Used: /home/ec2-user/arduino-testlib/cli-datadir/user/libraries/Hello_Drum
  Not used: /home/ec2-user/arduino-testlib/cli-datadir/user/libraries/arduino-NVM
</pre>
					
					<h4>examples/BeepDemo</h4>
					<p>
						Result: <b>FAIL</b>
					</p>
					<pre class="pre-scrollable">In file included from /home/ec2-user/arduino-testlib/cli-datadir/user/libraries/Arduboy2/src/Arduboy2.h:11:0,
                 from /home/ec2-user/arduino-testlib/cli-datadir/user/libraries/Arduboy2/examples/BeepDemo/BeepDemo.ino:21:
/home/ec2-user/arduino-testlib/cli-datadir/user/libraries/Hello_Drum/src/EEPROM.h:25:10: fatal error: avr/eeprom.h: No such file or directory
 #include &lt;avr/eeprom.h&gt;
          ^~~~~~~~~~~~~~
compilation terminated.
Multiple libraries were found for &#34;EEPROM.h&#34;
  Used: /home/ec2-user/arduino-testlib/cli-datadir/user/libraries/Hello_Drum
  Not used: /home/ec2-user/arduino-testlib/cli-datadir/user/libraries/arduino-NVM
</pre>
					
					<h4>examples/Buttons</h4>
					<p>
						Result: <b>FAIL</b>
					</p>
					<pre class="pre-scrollable">In file included from /home/ec2-user/arduino-testlib/cli-datadir/user/libraries/Arduboy2/src/Arduboy2.h:11:0,
                 from /home/ec2-user/arduino-testlib/cli-datadir/user/libraries/Arduboy2/examples/Buttons/Buttons.ino:15:
/home/ec2-user/arduino-testlib/cli-datadir/user/libraries/Hello_Drum/src/EEPROM.h:25:10: fatal error: avr/eeprom.h: No such file or directory
 #include &lt;avr/eeprom.h&gt;
          ^~~~~~~~~~~~~~
compilation terminated.
Multiple libraries were found for &#34;EEPROM.h&#34;
  Used: /home/ec2-user/arduino-testlib/cli-datadir/user/libraries/Hello_Drum
  Not used: /home/ec2-user/arduino-testlib/cli-datadir/user/libraries/arduino-NVM
</pre>
					
					<h4>examples/FontDemo</h4>
					<p>
						Result: <b>FAIL</b>
					</p>
					<pre class="pre-scrollable">In file included from /home/ec2-user/arduino-testlib/cli-datadir/user/libraries/Arduboy2/src/Arduboy2.h:11:0,
                 from /home/ec2-user/arduino-testlib/cli-datadir/user/libraries/Arduboy2/examples/FontDemo/FontDemo.ino:31:
/home/ec2-user/arduino-testlib/cli-datadir/user/libraries/Hello_Drum/src/EEPROM.h:25:10: fatal error: avr/eeprom.h: No such file or directory
 #include &lt;avr/eeprom.h&gt;
          ^~~~~~~~~~~~~~
compilation terminated.
Multiple libraries were found for &#34;EEPROM.h&#34;
  Used: /home/ec2-user/arduino-testlib/cli-datadir/user/libraries/Hello_Drum
  Not used: /home/ec2-user/arduino-testlib/cli-datadir/user/libraries/arduino-NVM
</pre>
					
					<h4>examples/HelloWorld</h4>
					<p>
						Result: <b>FAIL</b>
					</p>
					<pre class="pre-scrollable">In file included from /home/ec2-user/arduino-testlib/cli-datadir/user/libraries/Arduboy2/src/Arduboy2.h:11:0,
                 from /home/ec2-user/arduino-testlib/cli-datadir/user/libraries/Arduboy2/examples/HelloWorld/HelloWorld.ino:14:
/home/ec2-user/arduino-testlib/cli-datadir/user/libraries/Hello_Drum/src/EEPROM.h:25:10: fatal error: avr/eeprom.h: No such file or directory
 #include &lt;avr/eeprom.h&gt;
          ^~~~~~~~~~~~~~
compilation terminated.
Multiple libraries were found for &#34;EEPROM.h&#34;
  Used: /home/ec2-user/arduino-testlib/cli-datadir/user/libraries/Hello_Drum
  Not used: /home/ec2-user/arduino-testlib/cli-datadir/user/libraries/arduino-NVM
</pre>
					
					<h4>examples/PlayTune</h4>
					<p>
						Result: <b>FAIL</b>
					</p>
					<pre class="pre-scrollable">In file included from /home/ec2-user/arduino-testlib/cli-datadir/user/libraries/Arduboy2/src/Arduboy2.h:11:0,
                 from /home/ec2-user/arduino-testlib/cli-datadir/user/libraries/Arduboy2/examples/PlayTune/PlayTune.ino:19:
/home/ec2-user/arduino-testlib/cli-datadir/user/libraries/Hello_Drum/src/EEPROM.h:25:10: fatal error: avr/eeprom.h: No such file or directory
 #include &lt;avr/eeprom.h&gt;
          ^~~~~~~~~~~~~~
compilation terminated.
Multiple libraries were found for &#34;EEPROM.h&#34;
  Used: /home/ec2-user/arduino-testlib/cli-datadir/user/libraries/Hello_Drum
  Not used: /home/ec2-user/arduino-testlib/cli-datadir/user/libraries/arduino-NVM
</pre>
					
					<h4>examples/RGBled</h4>
					<p>
						Result: <b>FAIL</b>
					</p>
					<pre class="pre-scrollable">In file included from /home/ec2-user/arduino-testlib/cli-datadir/user/libraries/Arduboy2/src/Arduboy2.h:11:0,
                 from /home/ec2-user/arduino-testlib/cli-datadir/user/libraries/Arduboy2/examples/RGBled/RGBled.ino:19:
/home/ec2-user/arduino-testlib/cli-datadir/user/libraries/Hello_Drum/src/EEPROM.h:25:10: fatal error: avr/eeprom.h: No such file or directory
 #include &lt;avr/eeprom.h&gt;
          ^~~~~~~~~~~~~~
compilation terminated.
Multiple libraries were found for &#34;EEPROM.h&#34;
  Used: /home/ec2-user/arduino-testlib/cli-datadir/user/libraries/Hello_Drum
  Not used: /home/ec2-user/arduino-testlib/cli-datadir/user/libraries/arduino-NVM
</pre>
					
					<h4>examples/SetSystemEEPROM</h4>
					<p>
						Result: <b>FAIL</b>
					</p>
					<pre class="pre-scrollable">In file included from /home/ec2-user/arduino-testlib/cli-datadir/user/libraries/Arduboy2/src/Arduboy2.h:11:0,
                 from /home/ec2-user/arduino-testlib/cli-datadir/user/libraries/Arduboy2/examples/SetSystemEEPROM/SetSystemEEPROM.ino:68:
/home/ec2-user/arduino-testlib/cli-datadir/user/libraries/Hello_Drum/src/EEPROM.h:25:10: fatal error: avr/eeprom.h: No such file or directory
 #include &lt;avr/eeprom.h&gt;
          ^~~~~~~~~~~~~~
compilation terminated.
Multiple libraries were found for &#34;EEPROM.h&#34;
  Used: /home/ec2-user/arduino-testlib/cli-datadir/user/libraries/Hello_Drum
  Not used: /home/ec2-user/arduino-testlib/cli-datadir/user/libraries/arduino-NVM
</pre>
					
				
				<h3 id="arduino:megaavr:nona4809">arduino:megaavr:nona4809 @ 1.8.7</h3>
				<h4>Inclusion</h4>
				<p>
					Result: <b>FAIL</b>
					
				</p>
				<pre class="pre-scrollable">WARNING: library Arduboy2 claims to run on avr architecture(s) and may be incompatible with your current board which runs on megaavr architecture(s).
/home/ec2-user/arduino-testlib/cli-datadir/user/libraries/Arduboy2/src/Arduboy2Core.cpp: In static member function &#39;static void Arduboy2Core::boot()&#39;:
/home/ec2-user/arduino-testlib/cli-datadir/user/libraries/Arduboy2/src/Arduboy2Core.cpp:89:3: error: &#39;ADMUX&#39; was not declared in this scope
   ADMUX = RAND_SEED_IN/home/ec2-user/arduino-testlib/cli-datadi/home/ec2-user/arduino-testlib/cli-datadir/user/libraries/Arduboy2/src/Arduboy2.cpp:75:3: note: suggested alternative: &#39;power_all_disable&#39;
   power_timer0_diuboy2/src/Arduboy2.h:10,
                 from /home/ec2-user/arduino-testlib/cli-datadir/user/libraries/Arduboy2/src/Arduboy2Audio.cpp:7:
/home/ec2-user/arduino-testlib/cli-datadir/user/libraries/Arduboy2/src/Arduboy2Audio.cpp: In static member function &#39;static void Arduboy2Audio::on()&#39;:
/home/ec2-user/arduino-testlib/cli-datadir/user/libraries/Arduboy2/src/Arduboy2Core.h:115:23: error: &#39;PORTC6&#39; was not declared in this scope
 #define SPEAKER_1_BIT PORTC6
                       ^
/home/ec2-user/arduino-testlib/cli-datadir/data/packages/arduino/hardware/megaavr/1.8.7/cores/arduino/api/Common.h:65:49: note: in definition of macro &#39;bitSet&#39;
 #define bitSet(value, bit) ((value) |= (1UL &lt;&lt; (bit)))
                                                 ^~~
/home/ec2-user/arduino-testlib/cli-datadir/user/libraries/Arduboy2/src/Arduboy2Audio.cpp:15:25: note: in expansion of macro &#39;SPEAKER_1_BIT&#39;
   bitSet(SPEAKER_1_DDR, SPEAKER_1_BIT);
                         ^~~~~~~~~~~~~
/home/ec2-user/arduino-testlib/cli-datadir/user/libraries/Arduboy2/src/Arduboy2Core.h:115:23: note: suggested alternative: &#39;PORTC&#39;
 #define SPEAKER_1_BIT PORTC6
                       ^
/home/ec2-user/arduino-testlib/cli-datadir/data/packages/arduino/hardware/megaavr/1.8.7/cores/arduino/api/Common.h:65:49: note: in definition of macro &#39;bitSet&#39;
 #define bitSet(value, bit) ((value) |= (1UL &lt;&lt; (bit)))
                                                 ^~~
/home/ec2-user/arduino-testlib/cli-datadir/user/libraries/Arduboy2/src/Arduboy2Audio.cpp:15:25: note: in expansion of macro &#39;SPEAKER_1_BIT&#39;
   bitSet(SPEAKER_1_DDR, SPEAKER_1_BIT);
                         ^~~~~~~~~~~~~
/home/ec2-user/arduino-testlib/cli-datadir/user/libraries/Arduboy2/src/Arduboy2Core.h:119:23: error: &#39;PORTC7&#39; was not declared in this scope
 #define SPEAKER_2_BIT PORTC7
                       ^
/home/ec2-user/arduino-testlib/cli-datadir/data/packages/arduino/hardware/megaavr/1.8.7/cores/arduino/api/Common.h:65:49: note: in definition of macro &#39;bitSet&#39;
 #define bitSet(value, bit) ((value) |= (1UL &lt;&lt; (bit)))
                                                 ^~~
/home/ec2-user/arduino-testlib/cli-datadir/user/libraries/Arduboy2/src/Arduboy2Audio.cpp:16:25: note: in expansion of macro &#39;SPEAKER_2_BIT&#39;
   bitSet(SPEAKER_2_DDR, SPEAKER_2_BIT);
                         ^~~~~~~~~~~~~
/home/ec2-user/arduino-testlib/cli-datadir/user/libraries/Arduboy2/src/Arduboy2Core.h:119:23: note: suggested alternative: &#39;PORTC&#39;
 #define SPEAKER_2_BIT PORTC7
                       ^
/home/ec2-user/arduino-testlib/cli-datadir/data/packages/arduino/hardware/megaavr/1.8.7/cores/arduino/api/Common.h:65:49: note: in definition of macro &#39;bitSet&#39;
 #define bitSet(value, bit) ((value) |= (1UL &lt;&lt; (bit)))
                                                 ^~~
/home/ec2-user/arduino-testlib/cli-datadir/user/libraries/Arduboy2/src/Arduboy2Audio.cpp:16:25: note: in expansion of macro &#39;SPEAKER_2_BIT&#39;
   bitSet(SPEAKER_2_DDR, SPEAKER_2_BIT);
                         ^~~~~~~~~~~~~
/home/ec2-user/arduino-testlib/cli-datadir/user/libraries/Arduboy2/src/Arduboy2Audio.cpp: In static member function &#39;static void Arduboy2Audio::off()&#39;:
/home/ec2-user/arduino-testlib/cli-datadir/user/libraries/Arduboy2/src/Arduboy2Core.h:115:23: error: &#39;PORTC6&#39; was not declared in this scope
 #define SPEAKER_1_BIT PORTC6
                       ^
/home/ec2-user/arduino-testlib/cli-datadir/data/packages/arduino/hardware/megaavr/1.8.7/cores/arduino/api/Common.h:66:52: note: in definition of macro &#39;bitClear&#39;
 #define bitClear(value, bit) ((value) &amp;= ~(1UL &lt;&lt; (bit)))
                                                    ^~~
/home/ec2-user/arduino-testlib/cli-datadir/user/libraries/Arduboy2/src/Arduboy2Audio.cpp:28:27: note: in expansion of macro &#39;SPEAKER_1_BIT&#39;
   bitClear(SPEAKER_1_DDR, SPEAKER_1_BIT);
                           ^~~~~~~~~~~~~
/home/ec2-user/arduino-testlib/cli-datadir/user/libraries/Arduboy2/src/Arduboy2Core.h:115:23: note: suggested alternative: &#39;PORTC&#39;
 #define SPEAKER_1_BIT PORTC6
                       ^
/home/ec2-user/arduino-testlib/cli-datadir/data/packages/arduino/hardware/megaavr/1.8.7/cores/arduino/api/Common.h:66:52: note: in definition of macro &#39;bitClear&#39;
 #define bitClear(value, bit) ((value) &amp;= ~(1UL &lt;&lt; (bit)))
                                                    ^~~
/home/ec2-user/arduino-testlib/cli-datadir/user/libraries/Arduboy2/src/Arduboy2Audio.cpp:28:27: note: in expansion of macro &#39;SPEAKER_1_BIT&#39;
   bitClear(SPEAKER_1_DDR, SPEAKER_1_BIT);
                           ^~~~~~~~~~~~~
/home/ec2-user/arduino-testlib/cli-datadir/user/libraries/Arduboy2/src/Arduboy2Core.h:119:23: error: &#39;PORTC7&#39; was not declared in this scope
 #define SPEAKER_2_BIT PORTC7
                       ^
/home/ec2-user/arduino-testlib/cli-datadir/data/packages/arduino/hardware/megaavr/1.8.7/cores/arduino/api/Common.h:66:52: note: in definition of macro &#39;bitClear&#39;
 #define bitClear(value, bit) ((value) &amp;= ~(1UL &lt;&lt; (bit)))
                                                    ^~~
/home/ec2-user/arduino-testlib/cli-datadir/user/libraries/Arduboy2/src/Arduboy2Audio.cpp:29:27: note: in expansion of macro &#39;SPEAKER_2_BIT&#39;
   bitClear(SPEAKER_2_DDR, SPEAKER_2_BIT);
                           ^~~~~~~~~~~~~
/home/ec2-user/arduino-testlib/cli-datadir/user/libraries/Arduboy2/src/Arduboy2Core.h:119:23: note: suggested alternative: &#39;PORTC&#39;
 #define SPEAKER_2_BIT PORTC7
                       ^
/home/ec2-user/arduino-testlib/cli-datadir/data/packages/arduino/hardware/megaavr/1.8.7/cores/arduino/api/Common.h:66:52: note: in definition of macro &#39;bitClear&#39;
 #define bitClear(value, bit) ((value) &amp;= ~(1UL &lt;&lt; (bit)))
                                                    ^~~
/home/ec2-user/arduino-testlib/cli-datadir/user/libraries/Arduboy2/src/Arduboy2Audio.cpp:29:27: note: in expansion of macro &#39;SPEAKER_2_BIT&#39;
   bitClear(SPEAKER_2_DDR, SPEAKER_2_BIT);
                           ^~~~~~~~~~~~~
/Arduboy2/src/Arduboy2Beep.cpp:7:
/home/ec2-user/arduino-testlib/cli-datadir/user/libraries/Arduboy2/src/Arduboy2Beep.cpp:55:16: error: &#39;CS43&#39; was not declared in this scope
   TCCR4B = bit(CS43); // divide by 128 clock prescale
                ^
/home/ec2-user/arduino-testlib/cli-datadir/data/packages/arduino/hardware/megaavr/1.8.7/cores/arduino/api/Common.h:71:25: note: in definition of macro &#39;bit&#39;
 #define bit(b) (1UL &lt;&lt; (b))
                         ^
/home/ec2-user/arduino-testlib/cli-datadir/user/libraries/Arduboy2/src/Arduboy2Beep.cpp:56:3: error: &#39;TCCR4D&#39; was not declared in this scope
   TCCR4D = 0; // normal mode
   ^~~~~~
/home/ec2-user/arduino-testlib/cli-datadir/user/libraries/Arduboy2/src/Arduboy2Beep.cpp:57:3: error: &#39;TC4H&#39; was not declared in this scope
   TC4H = 0;  // toggle pin at count = 0
   ^~~~
/home/ec2-user/arduino-testlib/cli-datadir/user/libraries/Arduboy2/src/Arduboy2Beep.cpp:57:3: note: suggested alternative: &#39;TCA0&#39;
   TC4H = 0;  // toggle pin at count = 0
   ^~~~
   TCA0
/home/ec2-user/arduino-testlib/cli-datadir/user/libraries/Arduboy2/src/Arduboy2Beep.cpp:58:3: error: &#39;OCR4A&#39; was not declared in this scope
   OCR4A = 0; //  &#34;
   ^~~~~
of macro &#39;SPI_MISO_BIT&#39;
   DDRB &amp;= ~(_BV(B_BUTTON_BIT) | _BV(SPI_MISO_BIT));
                                     ^~~~~~~~~~~~
/home/ec2-user/arduino-testlib/cli-datadir/user/libraries/Arduboy2/src/Arduboy2Core.h:214:22: note: suggested alternative: &#39;PORTB&#39;
 #define SPI_MISO_BIT PORTB3
                      ^
/home/ec2-user/arduino-testlib/cli-datadir/user/libraries/Arduboy2/src/Arduboy2Core.In file included from /home/ec2-user/arduino-testlib/cli-datadir/data/packages/arduino/hardware/megaavr/1.8.7/cores/arduino/api/Interrupts.h:8:0,
                 from /home/ec2-user/arduino-testlib/cli-datadir/data/packages/arduino/hardware/megaavr/1.8.7/cores/arduino/api/ArduinoAPI.h:29,
                 from /home/ec2-user/arduino-testlib/cli-datadir/data/packages/arduino/hardware/megaavr/1.8.7/cores/arduino/Arduino.h:23,
                 from /home/ec2-user/arduino-testlib/cli-datadir/user/libraries/Arduboy2/src/Arduboy2Beep.cpp:7:
/home/ec2-user/arduino-testlib/cli-datadir/user/libraries/Arduboy2/src/Arduboy2Beep.cpp:69:16: error: &#39;COM4A0&#39; was not declared in this scope
   TCCR4A = bit(COM4A0); // set toggle on compare mode (which connects the pin)
                ^
/home/ec2-user/arduino-testlib/cli-datadir/data/packages/arduino/hardware/megaavr/1.8.7/cores/arduino/api/Common.h:71:25: note: in definition of macro &#39;bit&#39;
 #define bit(b) (1UL &lt;&lt; (b))
                         ^
/home/ec2-user/arduino-testlib/cli-datadir/user/libraries/Arduboy2/src/Arduboy2Beep.cpp:70:3: error: &#39;TC4H&#39; was not declared in this scope
   TC4H = highByte(count); // load the count (10 bits),
   ^~~~
/home/ec2-user/arduino-testlib/cli-datadir/user/libraries/Arduboy2/src/Arduboy2Beep.cpp:70:3: note: suggested alternative: &#39;TCA0&#39;
   TC4H = highByte(count); // load the count (10 bits),
   ^~~~
   TCA0
/home/ec2-user/arduino-testlib/cli-datadir/user/libraries/Arduboy2/src/Arduboy2Beep.cpp:71:3: error: &#39;OCR4C&#39; was not declared in this scope
   OCR4C = lowByte(count); //  which determines the frequency
   ^~~~~
/home/ec2-user/arduino-testlib/cli-datadir/user/libraries/Arduboy2/src/Arduboy2Beep.cpp: In static member function &#39;static void BeepPin2::timer()&#39;:
/home/ec2-user/arduino-testlib/cli-datadir/user/libraries/Arduboy2/sr</pre>

					
					<h4>examples/ArduBreakout</h4>
					<p>
						Result: <b>FAIL</b>
					</p>
					<pre class="pre-scrollable">WARNING: library Arduboy2 claims to run on avr architecture(s) and may be incompatible with your current board which runs on megaavr architecture(s).
/home/ec2-user/arduino-testlib/cli-datadir/user/libraries/Arduboy2/src/Arduboy2Core.cpp: In static member function &#39;static void Arduboy2Core::boot()&#39;:
/home/ec2-user/arduino-testlib/cli-datadir/user/libraries/Arduboy2/src/Arduboy2Core.cpp:89:3: error: &#39;ADMUX&#39; was not declared in this scope
   ADMUX = RAND_SEED_IN/home/ec2-user/arduino-testlib/cli-datadir/user/libraries/Arduboy2/src/Arduboy2Beep.cpp:18:3: note: suggested alternative: &#39;TCB3&#39;
   TCCR3A = 0;
   ^~~~~~
   TCB3
/home/ec2-user/arduino-testlib/cli-datadir/user/libraries/Arduboy2/src/Arduboy2Beep.cpp:19:3: error: &#39;TCCR3B&#39; was not declared in this scope
   TCCR3B = (bit(WGM32) | bit(CS31)); // CTC mode. Divide by 8 clock prescale
   ^~~~~~
/home/ec2-user/arduino-testlib/cli-datadir/user/libraries/Arduboy2/src/Arduboy2Beep.cpp:19:3: note: suggested alternative: &#39;TCB3&#39;
   TCCR3B = (bit(WGM32) | bit(CS31)); // CTC mode. D/home/ec2-user/arduino-testlib/cli-datadir/user/libraries/Arduboy2/src/Arduboy2.cpp:273:7: error: &#39;TXLED0&#39; was not declared in this scope
       TXLED0;
       ^~~~~~
/api/Interrupts.h:8:0,
                 from /home/ec2-user/arduino-testlib/cli-datadir/data/packages/arduino/hardware/megaavr/1.8.7/cores/arduino/api/ArduinoAPI.h:29,
                 from /home/ec2-user/arduino-testlib/cli-datadir/data/packages/arduino/hardware/megaavr/1.8.7/cores/arduino/Arduino.h:23,
                 from /home/ec2-user/arduino-testlib/cli-datadir/user/libraries/Arduboy2/src/Arduboy2Beep.cpp:7:
/home/ec2-user/arduino-testlib/cli-datadir/user/libraries/Arduboy2/src/Arduboy2Beep.cpp:19:17: error: &#39;WGM32&#39; was not declared in this scope
   TCCR3B = (bit(WGM32) | bit(CS31)); // CTC mode. Divide by 8 clock prescale
                 ^
/home/ec2-user/arduino-testlib/cli-datadir/data/packages/arduino/hardware/megaavr/1.8.7/cores/arduino/api/Common.h:71:25: note: in definition of macro &#39;bit&#39;
 #define bit(b) (1UL &lt;&lt; (b))
                         ^
/home/ec2-user/arduino-testlib/cli-datadir/user/libraries/Arduboy2/src/Arduboy2Beep.cpp:19:30: error: &#39;CS31&#39; was not declared in this scope
   TCCR3B = (bit(WGM32) | bit(CS31)); // CTC mode. Divide by 8 clock prescale
                              ^
/home/ec2-user/arduino-testlib/cli-datadir/data/packages/arduino/hardware/megaavr/1.8.7/cores/arduino/api/Common.h:71:25: note: in definition of macro &#39;bit&#39;
 #define bit(b) (1UL &lt;&lt; (b))
                         ^
/home/ec2-user/arduino-testlib/cli-datadir/user/libraries/Arduboy2/src/Arduboy2Beep.cpp: In static member function &#39;static void BeepPin1::tone(uint16_t, uint8_t)&#39;:
/home/ec2-user/arduino-testlib/cli-datadir/user/libraries/Arduboy2/src/Arduboy2Beep.cpp:30:3: error: &#39;TCCR3A&#39; was not declared in this scope
   TCCR3A = bit(COM3A0); // set toggle on compare mode (which connects the pin)
   ^~~~~~
/home/ec2-user/arduino-testlib/cli-datadir/user/libraries/Arduboy2/src/Arduboy2Beep.cpp:30:3: note: suggested alternative: &#39;TCB3&#39;
   TCCR3A = bit(COM3A0); // set toggle on compare mode (which connects the pin)
   ^~~~~~
   TCB3
In file included from /home/ec2-user/arduino-testlib/cli-datadir/data/packages/arduino/hardware/megaavr/1.8.7/cores/arduino/api/Interrupts.h:8:0,
                 from /home/ec2-user/arduino-testlib/cli-datadir/data/packages/arduino/hardware/megaavr/1.8.7/cores/arduino/api/ArduinoAPI.h:29,
                 from /home/ec2-user/arduino-testlib/cli-datadir/data/packages/arduino/hardware/megaavr/1.8.7/cores/arduino/Arduino.h:23,
                 from /home/ec2-user/arduino-testlib/cli-datadir/user/libraries/Arduboy2/src/Arduboy2Beep.cpp:7:
/home/ec2-user/arduino-testlib/cli-datadir/user/libraries/Arduboy2/src/Arduboy2Beep.cpp:30:16: error: &#39;COM3A0&#39; was not declared in this scope
   TCCR3A = bit(COM3A0); // set toggle on compare mode (which connects the pin)
                ^
/home/ec2-user/arduino-testlib/cli-datadir/data/packages/arduino/hardware/megaavr/1.8.7/cores/arduino/api/Common.h:71:25: note: in definition of macro &#39;bit&#39;
 #define bit(b) (1UL &lt;&lt; (b))
                         ^
/home/ec2-user/arduino-testlib/cli-datadir/user/libraries/Arduboy2/src/Arduboy2Beep.cpp:31:3: error: &#39;OCR3A&#39; was not declared in this scope
   OCR3A = count; // load the count (16 bits), which determines the frequency
   ^~~~~
/home/ec2-user/arduino-testlib/cli-datadir/user/libraries/Arduboy2/src/Arduboy2Beep.cpp: In static member function &#39;static void BeepPin1::timer()&#39;:
/home/ec2-user/arduino-testlib/cli-datadir/user/libraries/Arduboy2/src/Arduboy2Beep.cpp:37:5: error: &#39;TCCR3A&#39; was not declared in this scope
     TCCR3A = 0; // set normal mode (which disconnects the pin)
     ^~~~~~
/home/ec2-user/arduino-testlib/cli-datadir/user/libraries/Arduboy2/src/Arduboy2Beep.cpp:37:5: note: suggested alternative: &#39;TCB3&#39;
     TCCR3A = 0; // set normal mode (which disconnects the pin)
     ^~~~~~
     TCB3
/home/ec2-user/arduino-testlib/cli-datadir/user/libraries/Arduboy2/src/Arduboy2Beep.cpp: In static member function &#39;static void BeepPin1::noTone()&#39;:
/home/ec2-user/arduino-testlib/cli-datadir/user/libraries/Arduboy2/src/Arduboy2Beep.cpp:44:3: error: &#39;TCCR3A&#39; was not declared in this scope
   TCCR3A = 0; // set normal mode (which disconnects the pin)
   ^~~~~~
declared in this scope
 #define SPEAKER_2_BIT PORTC7
                       ^
/home/ec2-user/arduino-testlib/cli-datadir/data/packages/arduino/hardware/megaavr/1.8.7/cores/arduino/api/Common.h:66:52: note: in d/home/ec2-user/arduino-testlib/cli-datadir/user/libraries/Arduboy2/src/Arduboy2Beep.cpp: In static member function &#39;static void BeepPin2::begin()&#39;:
/home/ec2-user/arduino-testlib/cli-datadir/user/libraries/Arduboy2/src/Arduboy2Beep.cpp:54:3: error: &#39;TCCR4A&#39; was not declared in this scope
   TCCR4A = 0; // normal mode. Disable PWM
   ^~~~~~
/home/ec2-user/arduino-testlib/cli-datadir/user/libraries/Arduboy2/src/Arduboy2Beep.cpp:55:3: error: &#39;TCCR4B&#39; was not declared in this scope
   TCCR4B = bit(CS43); // divide by 128 clock prescale
   ^~~~~~
In file included from /home/ec2-user/arduino-testlib/cli-datadir/data/packages/arduino/hardware/megaavr/1.8.7/cores/arduino/api/Interrupts.h:8:0,
                 from /home/ec2-user/arduino-testlib/cli-datadir/data/packages/arduino/hardware/megaavr/1.8.7/cores/arduino/api/ArduinoAPI.h:29,
                 from /home/ec2-user/arduino-testlib/cli-datadir/data/packages/arduino/hardware/megaavr/1.8.7/cores/arduino/Arduino.h:23,
                 from /home/ec2-user/arduino-testlib/cli-datadir/user/libraries/Arduboy2/src/Arduboy2Beep.cpp:7:
/home/ec2-user/arduino-testlib/cli-datadir/user/libraries/Arduboy2/src/Arduboy2Beep.cpp:55:16: error: &#39;CS43&#39; was not declared in this scope
   TCCR4B = bit(CS43); // divide by 128 clock prescale
                ^
/home/ec2-user/arduino-testlib/cli-datadir/data/packages/arduino/hardware/megaavr/1.8.7/cores/arduino/api/Common.h:71:25: note: in definition of macro &#39;bit&#39;
 #define bit(b) (1UL &lt;&lt; (b))
                         ^
/home/ec2-user/arduino-testlib/cli-datadir/user/libraries/Arduboy2/src/Arduboy2Beep.cpp:56:3: error: &#39;TCCR4D&#39; was not declared in this scope
   TCCR4D = 0; // normal mode
   ^~~~~~
/home/ec2-user/arduino-testlib/cli-datadir/user/libraries/Arduboy2/src/Arduboy2Beep.cpp:57:3: error: &#39;TC4H&#39; was not declared in this scope
   TC4H = 0;  // toggle pin at count = 0
   ^~~~
/home/ec2-user/arduino-testlib/cli-datadir/user/libraries/Arduboy2/src/Arduboy2Beep.cpp:57:3: note: suggested alternative: &#39;TCA0&#39;
   TC4H = 0;  // toggle pin at count = 0
   ^~~~
   TCA0
/home/ec2-user/arduino-testlib/cli-datadir/user/libraries/Arduboy2/src/Arduboy2Beep.cpp:58:3: error: &#39;OCR4A&#39; was not declared in this scope
   OCR4A = 0; //  &#34;
   ^~~~~
/home/ec2-user/arduino-testlib/cli-datadir/user/libraries/Arduboy2/src/Arduboy2Beep.cpp: In static member function &#39;static void BeepPin2::tone(uint16_t, uint8_t)&#39;:
/home/ec2-user/arduino-testlib/cli-datadir/user/libraries/Arduboy2/src/Arduboy2Beep.cpp:69:3: error: &#39;TCCR4A&#39; was not declared in this scope
   TCCR4A = bit(COM4A0); // set toggle on compare mode (which connects the pin)
   ^~~~~~
In file included from /home/ec2-user/arduino-testlib/cli-datadir/data/packages/arduino/hardware/megaavr/1.8.7/cores/arduino/api/Interrupts.h:8:0,
                 from /home/ec2-user/arduino-testlib/cli-datadir/data/packages/arduino/hardware/megaavr/1.8.7/cores/arduino/api/ArduinoAPI.h:29,
                 from /home/ec2-user/arduino-testlib/cli-datadir/data/packages/arduino/hardware/megaavr/1.8.7/cores/arduino/Arduino.h:23,
                 from /home/ec2-user/arduino-testlib/cli-datadir/user/libraries/Arduboy2/src/Arduboy2Beep.cpp:7:
/home/ec2-user/arduino-testlib/cli-datadir/user/libraries/Arduboy2/src/Arduboy2Beep.cpp:69:16: error: &#39;COM4A0&#39; was not declared in this scope
   TCCR4A = bit(COM4A0); // set toggle on compare mode (which connects the pin)
                ^
/home/ec2-user/arduino-testlib/cli-datadir/data/packages/arduino/hardware/megaavr/1.8.7/cores/arduino/api/Common.h:71:25: note: in definition of macro &#39;bit&#39;
 #define bit(b) (1UL &lt;&lt; (b))
                         ^
/home/ec2-user/arduino-testlib/cli-datadir/user/libraries/Arduboy2/src/Arduboy2Beep.cpp:70:3: error: &#39;TC4H&#39; was not declared in this scope
   TC4H = highByte(count); // load the count (10 bits),
   ^~~~
/home/ec2-user/arduino-testlib/cli-datadir/user/libraries/Arduboy2/src/Arduboy2Beep.cpp:70:3: note: suggested alternative: &#39;TCA0&#39;
   TC4H = highByte(count); // load the count (10 bits),
   ^~~~
   TCA0
/home/ec2-user/arduino-testlib/cli-datadir/user/libraries/Arduboy2/src/Arduboy2Beep.cpp:71:3: error: &#39;OCR4C&#39; was not declared in this scope
   OCR4C = lowByte(count); //  which determines the frequency
   ^~~~~
/home/ec2-user/arduino-testlib/cli-datadir/user/libraries/Arduboy2/src/Arduboy2Beep.cpp: In static member function &#39;static void BeepPin2::timer()&#39;:
/home/ec2-user/arduino-testlib/cli-datadir/user/libraries/Arduboy2/sr</pre>
					
					<h4>examples/BeepDemo</h4>
					<p>
						Result: <b>FAIL</b>
					</p>
					<pre class="pre-scrollable">WARNING: library Arduboy2 claims to run on avr architecture(s) and may be incompatible with your current board which runs on megaavr architecture(s).
/home/ec2-user/arduino-testlib/cli-datadir/user/libraries/Arduboy2/src/Arduboy2Beep.cpp: In static member function &#39;static void BeepPin1::begin()&#39;:
/home/ec2-user/arduino-testlib/cli-datadir/user/libraries/Arduboy2/src/Arduboy2Beep.cpp:18:3: error: &#39;TCCR3A&#39; was not declared in this scope
   TCCR3A = 0;
   ^~~~~~
/home/ec2-user/arIn file included from /home/ec2-user/arduino-testlib/cli-datadir/data/packages/arduino/tools/avr-gcc/7.3.0-atmel3.6.1-arduino5/avr/include/avr/io.h:99:0,
                 from /home/ec2-user/arduino-testlib/cli-datadir/data/packages/arduino/tools/avr-gcc/7.3.0-atmel3.6.1-arduino5/avr/include/avr/pgmspace.h:90,
                 from /home/ec2-user/arduino-testlib/cli-datadir/data/packages/arduino/hardware/megaavr/1.8.7/cores/arduino/api/String.h:31,
                 from /home/ec2-user/arduino-testlib/cli-datadir/data/packages/arduino/hardware/megaavr/1.8.7/cores/arduino/api/IPAddress.h:24,
                 from /home/ec2-user/arduino-testlib/cli-datadir/data/packages/arduino/hardware/megaavr/1.8.7/cores/arduino/api/ArduinoAPI.h:30,
                 from /home/ec2-user/arduino-testlib/cli-datadir/data/packages/arduino/hardware/megaavr/1.8.7/cores/arduino/Arduino.h:23,
                 from /home/ec2-user/arduino-testlib/cli-datadir/user/libraries/Arduboy2/src/Arduboy2Core.h:10,
                 from /home/ec2-user/arduino-testlib/cli-datadir/user/libraries/Arduboy2/src/Arduboy2Core.cpp:7:
/home/ec2-user/arduino-testlib/cli-datadir/user/libraries/Arduboy2/src/Arduboy2Core.h:210:33: error: &#39;REFS0&#39; was not declared in this scope
 #define RAND_SEED_IN_ADMUX (_BV(REFS0) | _BV(REFS1) | _BV(MUX0))
                                 ^
/home/ec2-user/arduino-testlib/cli-datadir/user/libraries/Arduboy2/src/Arduboy2Core.cpp:89:11: note: in expansion of macro &#39;RAND_SEED_IN_ADMUX&#39;
   ADMUX = RAND_SEED_IN_ADMUX;
           ^~~~~~~~~~~~~~~~~~
/home/ec2-user/arduino-testlib/cli-datadir/user/libraries/Arduboy2/src/Arduboy2Core.h:210:33: note: suggested alternative: &#39;VREF_t&#39;
 #define RAND_SEED_IN_ADMUX (_BV(REFS0) | _BV(REFS1) | _BV(MUX0))
                                 ^
/home/ec2-user/arduino-testlib/cli-datadir/user/libraries/Arduboy2/src/Arduboy2Core.cpp:89:11: note: in expansion of macro &#39;RAND_SEED_IN_ADMUX&#39;
   ADMUX = RAND_SEED_IN_ADMUX;
           ^~~~~~~~~~~~~~~~~~
/home/ec2-user/arduino-testlib/cli-datadir/user/libraries/Arduboy2/src/Arduboy2Core.h:210:46: error: &#39;REFS1&#39; was not declared in this scope
 #define RAND_SEED_IN_ADMUX (_BV(REFS0) | _BV(REFS1) | _BV(MUX0))
                                              ^
/home/ec2-user/arduino-testlib/cli-datadir/user/libraries/Arduboy2/src/Arduboy2Core.cpp:89:11: note: in expansion of macro &#39;RAND_SEED_IN_ADMUX&#39;
   ADMUX = RAND_SEED_IN_ADMUX;
           ^~~~~~~~~~~~~~~~~~
/home/ec2-user/arduino-testlib/cli-datadir/user/libraries/Arduboy2/src/Arduboy2Core.h:210:46: note: suggested alternative: &#39;VREF_t&#39;
 #define RAND_SEED_IN_ADMUX (_BV(REFS0) | _BV(REFS1) | _BV(MUX0))
                                              ^
/home/ec2-user/arduino-testlib/cli-datadir/user/libraries/Arduboy2/src/Arduboy2Core.cpp:89:11: note: in expansion of macro &#39;RAND_SEED_IN_ADMUX&#39;
   ADMUX = RAND_SEED_IN_ADMUX;
           ^~~~~~~~~~~~~~~~~~
/home/ec2-user/arduino-testlib/cli-datadir/user/libraries/Arduboy2/src/Arduboy2Core.h:210:59: error: &#39;MUX0&#39; was not declared in this scope
 #define RAND_SEED_IN_ADMUX (_BV(REFS0) | _BV(REFS1) | _BV(MUX0))
                                                           ^
/home/ec2-user/arduino-testlib/cli-datadir/user/libraries/Arduboy2/src/Arduboy2Core.cpp:89:11: note: in expansion of macro &#39;RAND_SEED_IN_ADMUX&#39;
   ADMUX = RAND_SEED_IN_ADMUX;
           ^~~~~~~~~~~~~~~~~~
/home/ec2-user/arduino-testlib/cli-datadir/user/libraries/Arduboy2/src/Arduboy2Core.cpp: In static member function &#39;static void Arduboy2Core::bootPins()&#39;:
/home/ec2-user/arduino-testlib/cli-datadir/user/libraries/Arduboy2/src/Arduboy2Core.h:57:21: error: &#39;PORTB6&#39; was not declared in this scope
 #define RED_LED_BIT PORTB6
                     ^
/home/ec2-user/arduino-testlib/cli-datadir/user/libraries/Arduboy2/src/Arduboy2Core.cpp:121:16: note: in expansion of macro &#39;RED_LED_BIT&#39;
   PORTB |= _BV(RED_LED_BIT) | _BV(GREEN_LED_BIT) | _BV(BLUE_LED_BIT) |
                ^~~~~~~~~~~
/home/ec2-user/arduino-testlib/cli-datadir/user/libraries/Arduboy2/src/Arduboy2Core.h:57:21: note: suggested alternative: &#39;PORTB&#39;
 #define RED_LED_BIT PORTB6
                     ^
/home/ec2-user/arduino-testlib/cli-datadir/user/libraries/Arduboy2/src/Arduboy2Core.cpp:121:16: note: in expansion of macro &#39;RED_LED_BIT&#39;
   PORTB |= _BV(RED_LED_BIT) | _BV(GREEN_LED_BIT) | _BV(BLUE_LED_BIT) |
                ^~~~~~~~~~~
/home/ec2-user/arduino-testlib/cli-datadir/user/libraries/Arduboy2/src/Arduboy2Core.h:60:23: error: &#39;PORTB7&#39; was not declared in this scope
 #define GREEN_LED_BIT PORTB7
                       ^
/home/ec2-user/arduino-testlib/cli-datadir/user/libraries/Arduboy2/src/Arduboy2Core.cpp:121:35: note: in expansion of macro &#39;GREEN_LED_BIT&#39;
   PORTB |= _BV(RED_LED_BIT) | _BV(GREEN_LED_BIT) | _BV(BLUE_LED_BIT) |
                                   ^~~~~~~~~~~~~
/home/ec2-user/arduino-testlib/cli-datadir/user/libraries/Arduboy2/src/Arduboy2Core.h:60:23: note: suggested alternative: &#39;PORTB&#39;
 #define GREEN_LED_BIT PORTB7
                       ^
/home/ec2-user/arduino-testlib/cli-datadir/user/libraries/Arduboy2/src/Arduboy2Core.cpp:121:35: note: in expansion of macro &#39;GREEN_LED_BIT&#39;
   PORTB |= _BV(RED_LED_BIT) | _BV(GREEN_LED_BIT) | _BV(BLUE_LED_BIT) |
                                   ^~~~~~~~~~~~~
/home/ec2-user/arduino-testlib/cli-datadir/user/libraries/Arduboy2/src/Arduboy2Core.h:63:22: error: &#39;PORTB5&#39; was not declared in this scope
 #define BLUE_LED_BIT PORTB5
                      ^
/home/ec2-user/arduino-testlib/cli-datadir/user/libraries/Arduboy2/src/Arduboy2Core.cpp:121:56: note: in expansion of macro &#39;BLUE_LED_BIT&#39;
   PORTB |= _BV(RED_LED_BIT) | _BV(GREEN_LED_BIT) | _BV(BLUE_LED_BIT) |
                                                        ^~~~~~~~~~~~
/home/ec2-user/arduino-testlib/cli-datadir/user/libraries/Arduboy2/src/Arduboy2Core.h:63:22: note: suggested alternative: &#39;PORTB&#39;
 #define BLUE_LED_BIT PORTB5
                      ^
/home/ec2-user/arduino-testlib/cli-datadir/user/libraries/Arduboy2/src/Arduboy2Core.cpp:121:56: note: in expansion of macro &#39;BLUE_LED_BIT&#39;
   PORTB |= _BV(RED_LED_BIT) | _BV(GREEN_LED_BIT) | _BV(BLUE_LED_BIT) |
                                                        ^~~~~~~~~~~~
/home/ec2-user/arduino-testlib/cli-datadir/user/libraries/Arduboy2/src/Arduboy2Core.h:108:22: error: &#39;PORTB4&#39; was not declared in this scope
 #define B_BUTTON_BIT PORTB4
                      ^
/home/ec2-user/arduino-testlib/cli-datadir/user/libraries/Arduboy2/src/Arduboy2Core.cpp:122:16: note: in expansion of macro &#39;B_BUTTON_BIT&#39;
            _BV(B_BUTTON_BIT);
                ^~~~~~~~~~~~
/home/ec2-user/arduino-testlib/cli-datadir/user/libraries/Arduboy2/src/Arduboy2Core.h:108:22: note: suggested alternative: &#39;PORTB&#39;
 #define B_BUTTON_BIT PORTB4
                      ^
/home/ec2-user/arduino-testlib/cli-datadir/user/libraries/Arduboy2/src/Arduboy2Core.cpp:122:16: note: in expansion of macro &#39;B_BUTTON_BIT&#39;
            _BV(B_BUTTON_BIT);
                ^~~~~~~~~~~~
/home/ec2-user/arduino-testlib/cli-datadir/user/libraries/Arduboy2/src/Arduboy2Core.h:214:22: error: &#39;PORTB3&#39; was not declared in this scope
 #define SPI_MISO_BIT PORTB3
                      ^
/home/ec2-user/arduino-testlib/cli-datadir/user/libraries/Arduboy2/src/Arduboy2Core.cpp:125:37: note: in expansion of macro &#39;SPI_MISO_BIT&#39;
   DDRB &amp;= ~(_BV(B_BUTTON_BIT) | _BV(SPI_MISO_BIT));
                                     ^~~~~~~~~~~~
/home/ec2-user/arduino-testlib/cli-datadir/user/libraries/Arduboy2/src/Arduboy2Core.h:214:22: note: suggested alternative: &#39;PORTB&#39;
 #define SPI_MISO_BIT PORTB3
                      ^
/home/ec2-user/arduino-testlib/cli-datadir/user/libraries/Arduboy2/src/Arduboy2Core.cpp:125:37: note: in expansion of macro &#39;SPI_MISO_BIT&#39;
   DDRB &amp;= ~(_BV(B_BUTTON_BIT) | _BV(SPI_MISO_BIT));
                                     ^~~~~~~~~~~~
/home/ec2-user/arduino-testlib/cli-datadir/user/libraries/Arduboy2/src/Arduboy2Core.h:217:22: error: &#39;PORTB2&#39; was not declared in this scope
 #define SPI_MOSI_BIT PORTB2
                      ^
/home/ec2-user/arduino-testlib/cli-datadir/user/libraries/Arduboy2/src/Arduboy2Core.cpp:128:15: note: in expansion of macro &#39;SPI_MOSI_BIT&#39;
           _BV(SPI_MOSI_BIT) | _BV(SPI_SCK_BIT) | _BV(SPI_SS_BIT);
               ^~~~~~~~~~~~
/home/ec2-user/arduino-testlib/cli-datadir/user/libraries/Arduboy2/src/Arduboy2Core.h:217:22: note: suggested alternative: &#39;PORTB&#39;
 #define SPI_MOSI_BIT PORTB2
                      ^
/home/ec2-user/arduino-testlib/cli-datadir/user/libraries/Arduboy2/src/Arduboy2Core.cpp:128:15: note: in expansion of macro &#39;SPI_MOSI_BIT&#39;
           _BV(SPI_MOSI_BIT) | _BV(SPI_SCK_BIT) | _BV(SPI_SS_BIT);
               ^~~~~~~~~~~~
/home/ec2-user/arduino-testlib/cli-datadir/user/libraries/Arduboy2/src/Arduboy2Core.h:220:21: error: &#39;PORTB1&#39; was not declared in this scope
 #define SPI_SCK_BIT PORTB1
                     ^
/home/ec2-user/arduino-testlib/cli-datadir/user/libraries/Arduboy2/src/Arduboy2Core.cpp:128:35: note: in expansion of macro &#39;SPI_SCK_BIT&#39;
           _BV(SPI_MOSI_BIT) | _BV(SPI_SCK_BIT) | _BV(SPI_SS_BIT);
                                   ^~~~~~~~~~~
/home/ec2-user/arduino-testlib/cli-datadir/user/libraries/Arduboy2/src/Arduboy2Core.h:220:21: note: suggested alternative: &#39;PORTB&#39;
 #define SPI_SCK_BIT PORTB1
                     ^
/home/ec2-user/arduino-testlib/cli-datadir/user/libraries/Arduboy2/src/Arduboy2Core.cpp:128:35: note: in expansion of macro &#39;SPI_SCK_BIT&#39;
           _BV(SPI_MOSI_BIT) | _BV(SPI_SCK_BIT) | _BV(SPI_SS</pre>
					
					<h4>examples/Buttons</h4>
					<p>
						Result: <b>FAIL</b>
					</p>
					<pre class="pre-scrollable">WARNING: library Arduboy2 claims to run on avr architecture(s) and may be incompatible with your current board which runs on megaavr architecture(s).
/home/ec2-user/arduino-testlib/cli-datadir/user/libraries/Arduboy2/src/Arduboy2.cpp: In static member function &#39;static void Arduboy2Base::flashlight()&#39;:
/home/ec2-user/arduino-testlib/cli-datadir/user/libraries/Arduboy2/src/Arduboy2.cpp:75:3: error: &#39;power_timer0_disable&#39; was not declared in this scope
   power_t/home/ec2-user/arIn file included from /home/ec2-user/arduino-testlib/cli-datadir/data/packages/arduino/tools/avr-gcc/7.3.0-atmel3.6.1-arduino5/avr/include/avr/io.h:99:0,
                 from /homeuboy2/src/Arduboy2.h:10,
                 from /home/ec2-user/arduino-testlib/cli-datadir/user/libraries/Arduboy2/src/Arduboy2Audio.cpp:7:
/home/ec2-user/arduino-testlib/cli-datadir/user/libraries/Arduboy2/src/Arduboy2Audio.cpp: In static member function &#39;static void Arduboy2Audio::on()&#39;:
/home/ec2-user/arduino-testlib/cli-datadir/user/libraries/Arduboy2/src/Arduboy2Core.h:115:23: error: &#39;PORTC6&#39; was not declared in this scope
 #define SPEAKER_1_BIT PORTC6
                       ^
/home/ec2-user/arduino-testlib/cli-datadir/data/packages/arduino/hardware/megaavr/1.8.7/cores/arduino/api/Common.h:65:49: note: in definition of macro &#39;bitSet&#39;
 #define bitSet(value, bit) ((value) |= (1UL &lt;&lt; (bit)))
                                                 ^~~
/home/ec2-user/arduino-testlib/cli-datadir/user/libraries/Arduboy2/src/Arduboy2Audio.cpp:15:25: note: in expansion of macro &#39;SPEAKER_1_BIT&#39;
   bitSet(SPEAKER_1_DDR, SPEAKER_1_BIT);
                         ^~~~~~~~~~~~~
/home/ec2-user/arduino-testlib/cli-datadir/user/libraries/Arduboy2/src/Arduboy2Core.h:115:23: note: suggested alternative: &#39;PORTC&#39;
 #define SPEAKER_1_BIT PORTC6
                       ^
/home/ec2-user/arduino-testlib/cli-datadir/data/packages/arduino/hardware/megaavr/1.8.7/cores/arduino/api/Common.h:65:49: note: in definition of macro &#39;bitSet&#39;
 #define bitSet(value, bit) ((value) |= (1UL &lt;&lt; (bit)))
                                                 ^~~
/home/ec2-user/arduino-testlib/cli-datadir/user/libraries/Arduboy2/src/Arduboy2Audio.cpp:15:25: note: in expansion of macro &#39;SPEAKER_1_BIT&#39;
   bitSet(SPEAKER_1_DDR, SPEAKER_1_BIT);
                         ^~~~~~~~~~~~~
/home/ec2-user/arduino-testlib/cli-datadir/user/libraries/Arduboy2/src/Arduboy2Core.h:119:23: error: &#39;PORTC7&#39; was not declared in this scope
 #define SPEAKER_2_BIT PORTC7
                       ^
/home/ec2-user/arduino-testlib/cli-datadir/data/packages/arduino/hardware/megaavr/1.8.7/cores/arduino/api/Common.h:65:49: note: in definition of macro &#39;bitSet&#39;
 #define bitSet(value, bit) ((value) |= (1UL &lt;&lt; (bit)))
                                                 ^~~
/home/ec2-user/arduino-testlib/cli-datadir/user/libraries/Arduboy2/src/Arduboy2Audio.cpp:16:25: note: in expansion of macro &#39;SPEAKER_2_BIT&#39;
   bitSet(SPEAKER_2_DDR, SPEAKER_2_BIT);
                         ^~~~~~~~~~~~~
/home/ec2-user/arduino-testlib/cli-datadir/user/libraries/Arduboy2/src/Arduboy2Core.h:119:23: note: suggested alternative: &#39;PORTC&#39;
 #define SPEAKER_2_BIT PORTC7
                       ^
/home/ec2-user/arduino-testlib/cli-datadir/data/packages/arduino/hardware/megaavr/1.8.7/cores/arduino/api/Common.h:65:49: note: in definition of macro &#39;bitSet&#39;
 #define bitSet(value, bit) ((value) |= (1UL &lt;&lt; (bit)))
                                                 ^~~
/home/ec2-user/arduino-testlib/cli-datadir/user/libraries/Arduboy2/src/Arduboy2Audio.cpp:16:25: note: in expansion of macro &#39;SPEAKER_2_BIT&#39;
   bitSet(SPEAKER_2_DDR, SPEAKER_2_BIT);
                         ^~~~~~~~~~~~~
/home/ec2-user/arduino-testlib/cli-datadir/user/libraries/Arduboy2/src/Arduboy2Audio.cpp: In static member function &#39;static void Arduboy2Audio::off()&#39;:
/home/ec2-user/arduino-testlib/cli-datadir/user/libraries/Arduboy2/src/Arduboy2Core.h:115:23: error: &#39;PORTC6&#39; was not declared in this scope
 #define SPEAKER_1_BIT PORTC6
                       ^
/home/ec2-user/arduino-testlib/cli-datadir/data/packages/arduino/hardware/megaavr/1.8.7/cores/arduino/api/Common.h:66:52: note: in definition of macro &#39;bitClear&#39;
 #define bitClear(value, bit) ((value) &amp;= ~(1UL &lt;&lt; (bit)))
                                                    ^~~
/home/ec2-user/arduino-testlib/cli-datadir/user/libraries/Arduboy2/src/Arduboy2Audio.cpp:28:27: note: in expansion of macro &#39;SPEAKER_1_BIT&#39;
   bitClear(SPEAKER_1_DDR, SPEAKER_1_BIT);
                           ^~~~~~~~~~~~~
/home/ec2-user/arduino-testlib/cli-datadir/user/libraries/Arduboy2/src/Arduboy2Core.h:115:23: note: suggested alternative: &#39;PORTC&#39;
 #define SPEAKER_1_BIT PORTC6
                       ^
/home/ec2-user/arduino-testlib/cli-datadir/data/packages/arduino/hardware/megaavr/1.8.7/cores/arduino/api/Common.h:66:52: note: in definition of macro &#39;bitClear&#39;
 #define bitClear(value, bit) ((value) &amp;= ~(1UL &lt;&lt; (bit)))
                                                    ^~~
/home/ec2-user/arduino-testlib/cli-datadir/user/libraries/Arduboy2/src/Arduboy2Audio.cpp:28:27: note: in expansion of macro &#39;SPEAKER_1_BIT&#39;
   bitClear(SPEAKER_1_DDR, SPEAKER_1_BIT);
                           ^~~~~~~~~~~~~
/home/ec2-user/arduino-testlib/cli-datadir/user/libraries/Arduboy2/src/Arduboy2Core.h:119:23: error: &#39;PORTC7&#39; was not declared in this scope
 #define SPEAKER_2_BIT PORTC7
                       ^
/home/ec2-user/arduino-testlib/cli-datadir/data/packages/arduino/hardware/megaavr/1.8.7/cores/arduino/api/Common.h:66:52: note: in definition of macro &#39;bitClear&#39;
 #define bitClear(value, bit) ((value) &amp;= ~(1UL &lt;&lt; (bit)))
                                                    ^~~
/home/ec2-user/arduino-testlib/cli-datadir/user/libraries/Arduboy2/src/Arduboy2Audio.cpp:29:27: note: in expansion of macro &#39;SPEAKER_2_BIT&#39;
   bitClear(SPEAKER_2_DDR, SPEAKER_2_BIT);
                           ^~~~~~~~~~~~~
/home/ec2-user/arduino-testlib/cli-datadir/user/libraries/Arduboy2/src/Arduboy2Core.h:119:23: note: suggested alternative: &#39;PORTC&#39;
 #define SPEAKER_2_BIT PORTC7
                       ^
/home/ec2-user/arduino-testlib/cli-datadir/data/packages/arduino/hardware/megaavr/1.8.7/cores/arduino/api/Common.h:66:52: note: in definition of macro &#39;bitClear&#39;
 #define bitClear(value, bit) ((value) &amp;= ~(1UL &lt;&lt; (bit)))
                                                    ^~~
/home/ec2-user/arduino-testlib/cli-datadir/user/libraries/Arduboy2/src/Arduboy2Audio.cpp:29:27: note: in expansion of macro &#39;SPEAKER_2_BIT&#39;
   bitClear(SPEAKER_2_DDR, SPEAKER_2_BIT);
                           ^~~~~~~~~~~~~
/Arduboy2/src/Arduboy2Beep.cpp:7:
/home/ec2-user/arduino-testlib/cli-datadir/user/libraries/Arduboy2/src/Arduboy2Beep.cpp:55:16: error: &#39;CS43&#39; was not declared in this scope
   TCCR4B = bit(CS43); // divide by 128 clock prescale
                ^
/home/ec2-user/arduino-testlib/cli-datadir/data/packages/arduino/hardware/megaavr/1.8.7/cores/arduino/api/Common.h:71:25: note: in definition of macro &#39;bit&#39;
 #define bit(b) (1UL &lt;&lt; (b))
                         ^
/home/ec2-user/arduino-testlib/cli-datadir/user/libraries/Arduboy2/src/Arduboy2Beep.cpp:56:3: error: &#39;TCCR4D&#39; was not declared in this scope
   TCCR4D = 0; // normal mode
   ^~~~~~
_BIT PORTB4
                      ^
/home/ec2-user/arduino-testlib/cli-datadir/user/libraries/Arduboy2/src/Arduboy2Core.cpp:122:16: note: in expansion of macro &#39;B_BUTTON_BIT&#39;
            _/home/ec2-user/arduino-testlib/cli-datadir/user/libraries/Arduboy2/src/Arduboy2Beep.cpp:57:3: note: suggested alternative: &#39;TCA0&#39;
   TC4H = 0;  // toggle pin at count = 0
   ^~~~
   TCA0
/home/ec2-user/arduino-testlib/cli-datadir/user/libraries/Arduboy2/src/Arduboy2Beep.cpp:58:3: error: &#39;OCR4A&#39; was not declared in this scope
   OCR4A = 0; //  &#34;
   ^~~~~
/home/ec2-user/arduino-testlib/cli-datadir/user/libraries/Arduboy2/src/Arduboy2Beep.cpp: In static member function &#39;static void BeepPin2::tone(uint16_t, uint8_t)&#39;:
/home/ec2-user/arduino-testlib/cli-datadir/user/libraries/Arduboy2/src/Arduboy2Beep.cpp:69:3: error: &#39;TCCR4A&#39; was not declared in this scope
   TCCR4A = bit(COM4A0); // set toggle on compare mode (which connects the pin)
   ^~~~~~
In file included from /home/ec2-user/arduino-testlib/cli-datadir/data/packages/arduino/hardware/megaavr/1.8.7/cores/arduino/api/Interrupts.h:8:0,
                 from /home/ec2-user/arduino-testlib/cli-datadir/data/packages/arduino/hardware/megaavr/1.8.7/cores/arduino/api/ArduinoAPI.h:29,
                 from /home/ec2-user/arduino-testlib/cli-datadir/data/packages/arduino/hardware/megaavr/1.8.7/cores/arduino/Arduino.h:23,
                 from /home/ec2-user/arduino-testlib/cli-datadir/user/libraries/Arduboy2/src/Arduboy2Beep.cpp:7:
/home/ec2-user/arduino-testlib/cli-datadir/user/libraries/Arduboy2/src/Arduboy2Beep.cpp:69:16: error: &#39;COM4A0&#39; was not declared in this scope
   TCCR4A = bit(COM4A0); // set toggle on compare mode (which connects the pin)
                ^
/home/ec2-user/arduino-testlib/cli-datadir/data/packages/arduino/hardware/megaavr/1.8.7/cores/arduino/api/Common.h:71:25: note: in definition of macro &#39;bit&#39;
 #define bit(b) (1UL &lt;&lt; (b))
                         ^
/home/ec2-user/arduino-testlib/cli-datadir/user/libraries/Arduboy2/src/Arduboy2Beep.cpp:70:3: error: &#39;TC4H&#39; was not declared in this scope
   TC4H = highByte(count); // load the count (10 bits),
   ^~~~
/home/ec2-user/arduino-testlib/cli-datadir/user/libraries/Arduboy2/src/Arduboy2Beep.cpp:70:3: note: suggested alternative: &#39;TCA0&#39;
   TC4H = highByte(count); // load the count (10 bits),
   ^~~~
   TCA0
/home/ec2-user/arduino-testlib/cli-datadir/user/libraries/Arduboy2/src/Arduboy2Beep.cpp:71:3: error: &#39;OCR4C&#39; was not declared in this scope
   OCR4C = lowByte(count); //  which determines the frequency
   ^~~~~
/home/ec2-user/arduino-testlib/cli-datadir/user/libraries/Arduboy2/src/Arduboy2Beep.cpp: In static member function &#39;static void BeepPin2::timer()&#39;:
/home/ec2-user/arduino-testlib/cli-datadir/user/libraries/Arduboy2/sr</pre>
					
					<h4>examples/FontDemo</h4>
					<p>
						Result: <b>FAIL</b>
					</p>
					<pre class="pre-scrollable">WARNING: library Arduboy2 claims to run on avr architecture(s) and may be incompatible with your current board which runs on megaavr architecture(s).
/home/ec2-user/arduino-testlib/cli-datadir/user/libraries/Arduboy2/src/Arduboy2Beep.cpp: In static member function &#39;static void BeepPin1::begin()&#39;:
/home/ec2-user/arduino-testlib/cli-datadir/user/libraries/Arduboy2/src/Arduboy2Beep.cpp:18:3: error: &#39;TCCR3A&#39; was not declared in this scope
   TCCR3A = 0;
   ^~~~~~
�����������������In file included from /h/home/ec2-user/arduino-testlib/cli-datadir/user/libraries/Arduboy2/src/Arduboy2.cpp:75:3: note: suggested alternative: &#39;power_all_disable&#39;
   power_timer0_diuboy2/src/Arduboy2.h:10,
                 from /home/ec2-user/arduino-testlib/cli-datadir/user/libraries/Arduboy2/src/Arduboy2Audio.cpp:7:
/home/ec2-user/arduino-testlib/cli-datadir/user/libraries/Arduboy2/src/Arduboy2Audio.cpp: In static member function &#39;static void Arduboy2Audio::on()&#39;:
/home/ec2-user/arduino-testlib/cli-datadir/user/libraries/Arduboy2/src/Arduboy2Core.h:115:23: error: &#39;PORTC6&#39; was not declared in this scope
 #define SPEAKER_1_BIT PORTC6
                       ^
/home/ec2-user/arduino-testlib/cli-datadir/data/packages/arduino/hardware/megaavr/1.8.7/cores/arduino/api/Common.h:65:49: note: in definition of macro &#39;bitSet&#39;
 #define bitSet(value, bit) ((value) |= (1UL &lt;&lt; (bit)))
                                                 ^~~
/home/ec2-user/arduino-testlib/cli-datadir/user/libraries/Arduboy2/src/Arduboy2Audio.cpp:15:25: note: in expansion of macro &#39;SPEAKER_1_BIT&#39;
   bitSet(SPEAKER_1_DDR, SPEAKER_1_BIT);
                         ^~~~~~~~~~~~~
/home/ec2-user/arduino-testlib/cli-datadir/user/libraries/Arduboy2/src/Arduboy2Core.h:115:23: note: suggested alternative: &#39;PORTC&#39;
 #define SPEAKER_1_BIT PORTC6
                       ^
/home/ec2-user/arduino-testlib/cli-datadir/data/packages/arduino/hardware/megaavr/1.8.7/cores/arduino/api/Common.h:65:49: note: in definition of macro &#39;bitSet&#39;
 #define bitSet(value, bit) ((value) |= (1UL &lt;&lt; (bit)))
                                                 ^~~
/home/ec2-user/arduino-testlib/cli-datadir/user/libraries/Arduboy2/src/Arduboy2Audio.cpp:15:25: note: in expansion of macro &#39;SPEAKER_1_BIT&#39;
   bitSet(SPEAKER_1_DDR, SPEAKER_1_BIT);
                         ^~~~~~~~~~~~~
/home/ec2-user/arduino-testlib/cli-datadir/user/libraries/Arduboy2/src/Arduboy2Core.h:119:23: error: &#39;PORTC7&#39; was not declared in this scope
 #define SPEAKER_2_BIT PORTC7
                       ^
/home/ec2-user/arduino-testlib/cli-datadir/data/packages/arduino/hardware/megaavr/1.8.7/cores/arduino/api/Common.h:65:49: note: in definition of macro &#39;bitSet&#39;
 #define bitSet(value, bit) ((value) |= (1UL &lt;&lt; (bit)))
                                                 ^~~
/home/ec2-user/arduino-testlib/cli-datadir/user/libraries/Arduboy2/src/Arduboy2Audio.cpp:16:25: note: in expansion of macro &#39;SPEAKER_2_BIT&#39;
   bitSet(SPEAKER_2_DDR, SPEAKER_2_BIT);
                         ^~~~~~~~~~~~~
/home/ec2-user/arduino-testlib/cli-datadir/user/libraries/Arduboy2/src/Arduboy2Core.h:119:23: note: suggested alternative: &#39;PORTC&#39;
 #define SPEAKER_2_BIT PORTC7
                       ^
/home/ec2-user/arduino-testlib/cli-datadir/data/packages/arduino/hardware/megaavr/1.8.7/cores/arduino/api/Common.h:65:49: note: in definition of macro &#39;bitSet&#39;
 #define bitSet(value, bit) ((value) |= (1UL &lt;&lt; (bit)))
                                                 ^~~
/home/ec2-user/arduino-testlib/cli-datadir/user/libraries/Arduboy2/src/Arduboy2Audio.cpp:16:25: note: in expansion of macro &#39;SPEAKER_2_BIT&#39;
   bitSet(SPEAKER_2_DDR, SPEAKER_2_BIT);
                         ^~~~~~~~~~~~~
/home/ec2-user/arduino-testlib/cli-datadir/user/libraries/Arduboy2/src/Arduboy2Audio.cpp: In static member function &#39;static void Arduboy2Audio::off()&#39;:
/home/ec2-user/arduino-testlib/cli-datadir/user/libraries/Arduboy2/src/Arduboy2Core.h:115:23: error: &#39;PORTC6&#39; was not declared in this scope
 #define SPEAKER_1_BIT PORTC6
                       ^
/home/ec2-user/arduino-testlib/cli-datadir/data/packages/arduino/hardware/megaavr/1.8.7/cores/arduino/api/Common.h:66:52: note: in definition of macro &#39;bitClear&#39;
 #define bitClear(value, bit) ((value) &amp;= ~(1UL &lt;&lt; (bit)))
                                                    ^~~
/home/ec2-user/arduino-testlib/cli-datadir/user/libraries/Arduboy2/src/Arduboy2Audio.cpp:28:27: note: in expansion of macro &#39;SPEAKER_1_BIT&#39;
   bitClear(SPEAKER_1_DDR, SPEAKER_1_BIT);
                           ^~~~~~~~~~~~~
/home/ec2-user/arduino-testlib/cli-datadir/user/libraries/Arduboy2/src/Arduboy2Core.h:115:23: note: suggested alternative: &#39;PORTC&#39;
 #define SPEAKER_1_BIT PORTC6
                       ^
/home/ec2-user/arduino-testlib/cli-datadir/data/packages/arduino/hardware/megaavr/1.8.7/cores/arduino/api/Common.h:66:52: note: in definition of macro &#39;bitClear&#39;
 #define bitClear(value, bit) ((value) &amp;= ~(1UL &lt;&lt; (bit)))
                                                    ^~~
/home/ec2-user/arduino-testlib/cli-datadir/user/libraries/Arduboy2/src/Arduboy2Audio.cpp:28:27: note: in expansion of macro &#39;SPEAKER_1_BIT&#39;
   bitClear(SPEAKER_1_DDR, SPEAKER_1_BIT);
                           ^~~~~~~~~~~~~
/home/ec2-user/arduino-testlib/cli-datadir/user/libraries/Arduboy2/src/Arduboy2Core.h:119:23: error: &#39;PORTC7&#39; was not declared in this scope
 #define SPEAKER_2_BIT PORTC7
                       ^
/home/ec2-user/arduino-testlib/cli-datadir/data/packages/arduino/hardware/megaavr/1.8.7/cores/arduino/api/Common.h:66:52: note: in definition of macro &#39;bitClear&#39;
 #define bitClear(value, bit) ((value) &amp;= ~(1UL &lt;&lt; (bit)))
                                                    ^~~
/home/ec2-user/arduino-testlib/cli-datadir/user/libraries/Arduboy2/src/Arduboy2Audio.cpp:29:27: note: in expansion of macro &#39;SPEAKER_2_BIT&#39;
   bitClear(SPEAKER_2_DDR, SPEAKER_2_BIT);
                           ^~~~~~~~~~~~~
/home/ec2-user/arduino-testlib/cli-datadir/user/libraries/Arduboy2/src/Arduboy2Core.h:119:23: note: suggested alternative: &#39;PORTC&#39;
 #define SPEAKER_2_BIT PORTC7
                       ^
/home/ec2-user/arduino-testlib/cli-datadir/data/packages/arduino/hardware/megaavr/1.8.7/cores/arduino/api/Common.h:66:52: note: in definition of macro &#39;bitClear&#39;
 #define bitClear(value, bit) ((value) &amp;= ~(1UL &lt;&lt; (bit)))
                                                    ^~~
/home/ec2-user/arduino-testlib/cli-datadir/user/libraries/Arduboy2/src/Arduboy2Audio.cpp:29:27: note: in expansion of macro &#39;SPEAKER_2_BIT&#39;
   bitClear(SPEAKER_2_DDR, SPEAKER_2_BIT);
                           ^~~~~~~~~~~~~
/Arduboy2/src/Arduboy2Beep.cpp:7:
/home/ec2-user/arduino-testlib/cli-datadir/user/libraries/Arduboy2/src/Arduboy2Beep.cpp:55:16: error: &#39;CS43&#39; was not declared in this scope
   TCCR4B = bit(CS43); // divide by 128 clock prescale
                ^
/home/ec2-user/arduino-testlib/cli-datadir/data/packages/arduino/hardware/megaavr/1.8.7/cores/arduino/api/Common.h:71:25: note: in definition of macro &#39;bit&#39;
 #define bit(b) (1UL &lt;&lt; (b))
                         ^
/home/ec2-user/arduino-testlib/cli-datadir/user/libraries/Arduboy2/src/Arduboy2Beep.cpp:56:3: error: &#39;TCCR4D&#39; was not declared in this scope
   TCCR4D = 0; // normal mode
   ^~~~~~
/home/ec2-user/arduino-testlib/cli-datadir/user/libraries/Arduboy2/src/Arduboy2Beep.cpp:57:3: error: &#39;TC4H&#39; was not declared in this scope
   TC4H = 0;  // toggle pin at count = 0
   ^~~~
/home/ec2-user/arduino-testlib/cli-datadir/user/libraries/Arduboy2/src/Arduboy2Beep.cpp:57:3: note: suggested alternative: &#39;TCA0&#39;
   TC4H = 0;  // toggle pin at count = 0
   ^~~~
   TCA0
/home/ec2-user/arduino-testlib/cli-datadir/user/libraries/Arduboy2/src/Arduboy2Beep.cpp:58:3: error: &#39;OCR4A&#39; was not declared in this scope
   OCR4A = 0; //  &#34;
   ^~~~~
/home/ec2-user/arduino-testlib/cli-datadir/user/libraries/Arduboy2/src/Arduboy2Beep.cpp: In static member function &#39;static void BeepPin2::tone(uint16_t, uint8_t)&#39;:
/home/ec2-user/arduino-testlib/cli-datadir/user/libraries/Arduboy2/src/Arduboy2Beep.cpp:69:3: error: &#39;TCCR4A&#39; was not declared in this scope
   TCCR4A = bit(COM4A0); // set toggle on compare mode (which connects the pin)
   ^~~~~~
In file included from /home/ec2-user/arduino-testlib/cli-datadir/data/packages/arduino/hardware/megaavr/1.8.7/cores/arduino/api/Interrupts.h:8:0,
                 from /home/ec2-user/arduino-testlib/cli-datadir/data/packages/arduino/hardware/megaavr/1.8.7/cores/arduino/api/ArduinoAPI.h:29,
                 from /home/ec2-user/arduino-testlib/cli-datadir/data/packages/arduino/hardware/megaavr/1.8.7/cores/arduino/Arduino.h:23,
                 from /home/ec2-user/arduino-testlib/cli-datadir/user/libraries/Arduboy2/src/Arduboy2Beep.cpp:7:
/home/ec2-user/arduino-testlib/cli-datadir/user/libraries/Arduboy2/src/Arduboy2Beep.cpp:69:16: error: &#39;COM4A0&#39; was not declared in this scope
   TCCR4A = bit(COM4A0); // set toggle on compare mode (which connects the pin)
                ^
/home/ec2-user/arduino-testlib/cli-datadir/data/packages/arduino/hardware/megaavr/1.8.7/cores/arduino/api/Common.h:71:25: note: in definition of macro &#39;bit&#39;
 #define bit(b) (1UL &lt;&lt; (b))
                         ^
/home/ec2-user/arduino-testlib/cli-datadir/user/libraries/Arduboy2/src/Arduboy2Beep.cpp:70:3: error: &#39;TC4H&#39; was not declared in this scope
   TC4H = highByte(count); // load the count (10 bits),
   ^~~~
/home/ec2-user/arduino-testlib/cli-datadir/user/libraries/Arduboy2/src/Arduboy2Beep.cpp:70:3: note: suggested alternative: &#39;TCA0&#39;
   TC4H = highByte(count); // load the count (10 bits),
   ^~~~
   TCA0
/home/ec2-user/arduino-testlib/cli-datadir/user/libraries/Arduboy2/src/Arduboy2Beep.cpp:71:3: error: &#39;OCR4C&#39; was not declared in this scope
   OCR4C = lowByte(count); //  which determines the frequency
   ^~~~~
/home/ec2-user/arduino-testlib/cli-datadir/user/libraries/Arduboy2/src/Arduboy2Beep.cpp: In static member function &#39;static void BeepPin2::timer()&#39;:
/home/ec2-user/arduino-testlib/cli-datadir/user/libraries/Arduboy2/sr</pre>
					
					<h4>examples/HelloWorld</h4>
					<p>
						Result: <b>FAIL</b>
					</p>
					<pre class="pre-scrollable">WARNING: library Arduboy2 claims to run on avr architecture(s) and may be incompatible with your current board which runs on megaavr architecture(s).
/home/ec2-user/arduino-testlib/cli-datadir/user/libraries/Arduboy2/src/Arduboy2Core.cpp: In static member function &#39;static void Arduboy2Core::boot()&#39;:
/home/ec2-user/arduino-testlib/cli-datadir/user/libraries/Arduboy2/src/Arduboy2Core.cpp:89:3: error: &#39;ADMUX&#39; was not declared in this scope
   ADMUX = RAND_SEED_IN/home/ec2-user/arduino-testlib/cli-datadir/user/libraries/Arduboy2/src/Arduboy2Beep.cpp:18:3: note: suggested alternative: &#39;TCB3&#39;
   TCCR3A = 0;
   ^~~~~~
   TCB3
/home/ec2-user/arduino-testlib/cli-datadir/user/libraries/Arduboy2/src/Arduboy2Beep.cpp:19:3: error: &#39;TCCR3B&#39; was not declared in this scope
   TCCR3B = (bit(WGM32) | bit(CS31)); // CTC mode. Divide by 8 clock prescale
   ^~~~~~
/home/ec2-user/arduino-testlib/cli-datadir/user/libraries/Arduboy2/src/Arduboy2Beep.cpp:19:3: note: suggested alternative: &#39;TCB3&#39;
   TCCR3B = (bit(WGM32) | bit(CS31)); // CTC mode. D/home/ec2-user/arduino-testlib/cli-datadir/user/libraries/Arduboy2/src/Arduboy2.cpp:273:7: error: &#39;TXLED0&#39; was not declared in this scope
       TXLED0;
       ^~~~~~
/api/Interrupts.h:8:0,
                 from /home/ec2-user/arduino-testlib/cli-datadir/data/packages/arduino/hardware/megaavr/1.8.7/cores/arduino/api/ArduinoAPI.h:29,
                 from /home/ec2-user/arduino-testlib/cli-datadir/data/packages/arduino/hardware/megaavr/1.8.7/cores/arduino/Arduino.h:23,
                 from /home/ec2-user/arduino-testlib/cli-datadir/user/libraries/Arduboy2/src/Arduboy2Beep.cpp:7:
/home/ec2-user/arduino-testlib/cli-datadir/user/libraries/Arduboy2/src/Arduboy2Beep.cpp:19:17: error: &#39;WGM32&#39; was not declared in this scope
   TCCR3B = (bit(WGM32) | bit(CS31)); // CTC mode. Divide by 8 clock prescale
                 ^
/home/ec2-user/arduino-testlib/cli-datadir/data/packages/arduino/hardware/megaavr/1.8.7/cores/arduino/api/Common.h:71:25: note: in definition of macro &#39;bit&#39;
 #define bit(b) (1UL &lt;&lt; (b))
                         ^
             ^~~
/home/ec2-user/arduino-testlib/cli-datadir/user/libraries/Arduboy2/src/Arduboy2Audio.cpp:15:25: note: in expansion of macro &#39;SPEAKER_1_BIT&#39;
   bitSet(SPEAKER_1_DDR, SPEAKER_1_BIT);
                         ^~~~~~~~~~~~~
/home/ec2-user/arduino-testlib/cli-datadir/user/libraries/Arduboy2/src/Arduboy2Core.h:119:23: error: &#39;PORTC7&#39; was not declared in this scope
 #define SPEAKER_2_BIT PORTC7
                       ^
/home/ec2-user/arduino-testlib/home/ec2-user/arduino-testlib/cli-datadir/user/libraries/Arduboy2/src/Arduboy2Beep.cpp: In static member function &#39;static void BeepPin1::tone(uint16_t, uint8_t)&#39;:
/home/ec2-user/arduino-testlib/cli-datadir/user/libraries/Arduboy2/src/Arduboy2Beep.cpp:30:3: error: &#39;TCCR3A&#39; was not declared in this scope
   TCCR3A = bit(COM3A0); // set toggle on compare mode (which connects the pin)
   ^~~~~~
/home/ec2-user/arduino-testlib/cli-datadir/user/libraries/Arduboy2/src/Arduboy2Beep.cpp:30:3: note: suggested alternative: &#39;TCB3&#39;
   TCCR3A = bit(COM3A0); // set toggle on compare mode (which connects the pin)
   ^~~~~~
   TCB3
In file included from /home/ec2-user/arduino-testlib/cli-datadir/data/packages/arduino/hardware/megaavr/1.8.7/cores/arduino/api/Interrupts.h:8:0,
                 from /home/ec2-user/arduino-testlib/cli-datadir/data/packages/arduino/hardware/megaavr/1.8.7/cores/arduino/api/ArduinoAPI.h:29,
                 from /home/ec2-user/arduino-testlib/cli-datadir/data/packages/arduino/hardware/megaavr/1.8.7/cores/arduino/Arduino.h:23,
                 from /home/ec2-user/arduino-testlib/cli-datadir/user/libraries/Arduboy2/src/Arduboy2Beep.cpp:7:
/home/ec2-user/arduino-testlib/cli-datadir/user/libraries/Arduboy2/src/Arduboy2Beep.cpp:30:16: error: &#39;COM3A0&#39; was not declared in this scope
   TCCR3A = bit(COM3A0); // set toggle on compare mode (which connects the pin)
                ^
/home/ec2-user/arduino-testlib/cli-datadir/data/packages/arduino/hardware/megaavr/1.8.7/cores/arduino/api/Common.h:71:25: note: in definition of macro &#39;bit&#39;
 #define bit(b) (1UL &lt;&lt; (b))
                         ^
/home/ec2-user/arduino-testlib/cli-datadir/user/libraries/Arduboy2/src/Arduboy2Beep.cpp:31:3: error: &#39;OCR3A&#39; was not declared in this scope
   OCR3A = count; // load the count (16 bits), which determines the frequency
   ^~~~~
/home/ec2-user/arduino-testlib/cli-datadir/user/libraries/Arduboy2/src/Arduboy2Beep.cpp: In static member function &#39;static void BeepPin1::timer()&#39;:
/home/ec2-user/arduino-testlib/cli-datadir/user/libraries/Arduboy2/src/Arduboy2Beep.cpp:37:5: error: &#39;TCCR3A&#39; was not declared in this scope
     TCCR3A = 0; // set normal mode (which disconnects the pin)
     ^~~~~~
/home/ec2-user/arduino-testlib/cli-datadir/user/libraries/Arduboy2/src/Arduboy2Beep.cpp:37:5: note: suggested alternative: &#39;TCB3&#39;
     TCCR3A = 0; // set normal mode (which disconnects the pin)
     ^~~~~~
     TCB3
/home/ec2-user/arduino-testlib/cli-datadir/user/libraries/Arduboy2/src/Arduboy2Beep.cpp: In static member function &#39;static void BeepPin1::noTone()&#39;:
/home/ec2-user/arduino-testlib/cli-datadir/user/libraries/Arduboy2/src/Arduboy2Beep.cpp:44:3: error: &#39;TCCR3A&#39; was not declared in this scope
   TCCR3A = 0; // set normal mode (which disconnects the pin)
   ^~~~~~
/home/ec2-user/arduino-testlib/cli-datadir/user/libraries/Arduboy2/src/Arduboy2Beep.cpp:44:3: note: suggested alternative: &#39;TCB3&#39;
   TCCR3A = 0; // set normal mode (which disconnects the pin)
   ^~~~~~
   TCB3
/home/ec2-user/arduino-testlib/cli-datadir/user/libraries/Arduboy2/src/Arduboy2Beep.cpp: In static member function &#39;static void BeepPin2::begin()&#39;:
/home/ec2-user/arduino-testlib/cli-datadir/user/libraries/Arduboy2/src/Arduboy2Beep.cpp:54:3: error: &#39;TCCR4A&#39; was not declared in this scope
   TCCR4A = 0; // normal mode. Disable PWM
   ^~~~~~
/home/ec2-user/arduino-testlib/cli-datadir/user/libraries/Arduboy2/src/Arduboy2Beep.cpp:55:3: error: &#39;TCCR4B&#39; was not declared in this scope
   TCCR4B = bit(CS43); // divide by 128 clock prescale
   ^~~~~~
In file included from /home/ec2-user/arduino-testlib/cli-datadir/data/packages/arduino/hardware/megaavr/1.8.7/cores/arduino/api/Interrupts.h:8:0,
                 from /home/ec2-user/arduino-testlib/cli-datadir/data/packages/arduino/hardware/megaavr/1.8.7/cores/arduino/api/ArduinoAPI.h:29,
                 from /home/ec2-user/arduino-testlib/cli-datadir/data/packages/arduino/hardware/megaavr/1.8.7/cores/arduino/Arduino.h:23,
                 from /home/ec2-user/arduino-testlib/cli-datadir/user/libraries/Arduboy2/src/Arduboy2Beep.cpp:7:
/home/ec2-user/arduino-testlib/cli-datadir/user/libraries/Arduboy2/src/Arduboy2Beep.cpp:55:16: error: &#39;CS43&#39; was not declared in this scope
   TCCR4B = bit(CS43); // divide by 128 clock prescale
                ^
/home/ec2-user/arduino-testlib/cli-datadir/data/packages/arduino/hardware/megaavr/1.8.7/cores/arduino/api/Common.h:71:25: note: in definition of macro &#39;bit&#39;
 #define bit(b) (1UL &lt;&lt; (b))
                         ^
/home/ec2-user/arduino-testlib/cli-datadir/user/libraries/Arduboy2/src/Arduboy2Beep.cpp:56:3: error: &#39;TCCR4D&#39; was not declared in this scope
   TCCR4D = 0; // normal mode
   ^~~~~~
/home/ec2-user/arduino-testlib/cli-datadir/user/libraries/Arduboy2/src/Arduboy2Beep.cpp:57:3: error: &#39;TC4H&#39; was not declared in this scope
   TC4H = 0;  // toggle pin at count = 0
   ^~~~
BV(B_BUTTON_BIT);
                ^~~~~~~~~~~~
/home/ec2-user/arduino-testlib/cli-datadir/user/libraries/Arduboy2/src/Arduboy2Core.h:214:22: error: &#39;PORTB3&#39; was not declared in this scope/home/ec2-user/arduino-testlib/cli-datadir/user/libraries/Arduboy2/src/Arduboy2Beep.cpp:58:3: error: &#39;OCR4A&#39; was not declared in this scope
   OCR4A = 0; //  &#34;
   ^~~~~
/home/ec2-user/arduino-testlib/cli-datadir/user/libraries/Arduboy2/src/Arduboy2Beep.cpp: In static member function &#39;static void BeepPin2::tone(uint16_t, uint8_t)&#39;:
/home/ec2-user/arduino-testlib/cli-datadir/user/libraries/Arduboy2/src/Arduboy2Beep.cpp:69:3: error: &#39;TCCR4A&#39; was not declared in this scope
   TCCR4A = bit(COM4A0); // set toggle on compare mode (which connects the pin)
   ^~~~~~
In file included from /home/ec2-user/arduino-testlib/cli-datadir/data/packages/arduino/hardware/megaavr/1.8.7/cores/arduino/api/Interrupts.h:8:0,
                 from /home/ec2-user/arduino-testlib/cli-datadir/data/packages/arduino/hardware/megaavr/1.8.7/cores/arduino/api/ArduinoAPI.h:29,
                 from /home/ec2-user/arduino-testlib/cli-datadir/data/packages/arduino/hardware/megaavr/1.8.7/cores/arduino/Arduino.h:23,
                 from /home/ec2-user/arduino-testlib/cli-datadir/user/libraries/Arduboy2/src/Arduboy2Beep.cpp:7:
/home/ec2-user/arduino-testlib/cli-datadir/user/libraries/Arduboy2/src/Arduboy2Beep.cpp:69:16: error: &#39;COM4A0&#39; was not declared in this scope
   TCCR4A = bit(COM4A0); // set toggle on compare mode (which connects the pin)
                ^
/home/ec2-user/arduino-testlib/cli-datadir/data/packages/arduino/hardware/megaavr/1.8.7/cores/arduino/api/Common.h:71:25: note: in definition of macro &#39;bit&#39;
 #define bit(b) (1UL &lt;&lt; (b))
                         ^
/home/ec2-user/arduino-testlib/cli-datadir/user/libraries/Arduboy2/src/Arduboy2Beep.cpp:70:3: error: &#39;TC4H&#39; was not declared in this scope
   TC4H = highByte(count); // load the count (10 bits),
   ^~~~
/home/ec2-user/arduino-testlib/cli-datadir/user/libraries/Arduboy2/src/Arduboy2Beep.cpp:70:3: note: suggested alternative: &#39;TCA0&#39;
   TC4H = highByte(count); // load the count (10 bits),
   ^~~~
   TCA0
/home/ec2-user/arduino-testlib/cli-datadir/user/libraries/Arduboy2/src/Arduboy2Beep.cpp:71:3: error: &#39;OCR4C&#39; was not declared in this scope
   OCR4C = lowByte(count); //  which determines the frequency
   ^~~~~
/home/ec2-user/arduino-testlib/cli-datadir/user/libraries/Arduboy2/src/Arduboy2Beep.cpp: In static member function &#39;static void BeepPin2::timer()&#39;:
/home/ec2-user/arduino-testlib/cli-datadir/user/libraries/Arduboy2/sr</pre>
					
					<h4>examples/PlayTune</h4>
					<p>
						Result: <b>FAIL</b>
					</p>
					<pre class="pre-scrollable">WARNING: library Arduboy2 claims to run on avr architecture(s) and may be incompatible with your current board which runs on megaavr architecture(s).
WARNING: library ArduboyPlaytune claims to run on avr architecture(s) and may be incompatible with your current board which runs on megaavr architecture(s).
/home/ec2-user/arduino-testlib/cli-datadir/user/libraries/Arduboy2/src/Arduboy2.cpp: In static member function &#39;static void Arduboy2Base::flashlight()&#39;:
/home/ec2-user/arduino-testlib/cli-datadir/user/libraries/Arduboy2/src/Arduboy2.cpp:75:3: error: &#39;power_timer0_disable&#39; was not declared in this scope
   power_t/home/ec2-user/arduino-testlib/cli-datadir/user/libraries/Arduboy2/src/Arduboy2Beep.cpp:18:3: note: suggested alternative: &#39;TCB3&#39;
   TCCR3A = 0;
   ^~~~~~
   TCB3
/home/ec2-user/arduino-testlib/cli-datadir/user/libraries/Arduboy2/src/Arduboy2Beep.cpp:19:3: error: &#39;TCCR3B&#39; was not declared in this scope
   TCCR3B = (bit(WGM32) | bit(CS31)); // CTC mode. Divide by 8 clock prescale
   ^~~~~~
/home/ec2-user/arduino-testlib/cli-datadir/user/libraries/Arduboy2/src/Arduboy2Beep.cpp:19:3: note: suggested alternative: &#39;TCB3&#39;
   TCCR3B = (bit(WGM32) | bit(CS31)); // CTC mode. Divide by 8 clock prescale
   ^~~~~~
   TCB3
In file included from /home/ec2-user/arduino-testlib/cli-datadir/data/packages/arduino/hardware/megaavr/1.8.7/cores/arduino/api/Interrupts.h:8:0,
                 from /home/ec2-user/arduino-testlib/cli-datadir/data/packages/arduino/hardware/megaavr/1.8.7/cores/arduino/api/ArduinoAPI.h:29,
                 from /home/ec2-user/arduino-testlib/cli-datadir/data/packages/arduino/hardware/megaavr/1.8.7/cores/arduino/Arduino.h:23,
                 from /home/ec2-user/arduino-testlib/cli-datadir/user/libraries/Arduboy2/src/Arduboy2Beep.cpp:7:
/home/ec2-user/arduino-testlib/cli-datadir/user/libraries/Arduboy2/src/Arduboy2Beep.cpp:19:17: error: &#39;WGM32&#39; was not declared in this scope
   TCCR3B = (bit(WGM32) | bit(CS31)); // CTC mode. Divide by 8 clock prescale
                 ^
/home/ec2-user/arduino-testlib/cli-datadir/data/packages/arduino/hardware/megaavr/1.8.7/cores/arduino/api/Common.h:71:25: note: in definition of macro &#39;bit&#39;
 #define bit(b) (1UL &lt;&lt; (b))
                         ^
/home/ec2-user/arduino-testlib/cli-datadir/user/libraries/Arduboy2/src/Arduboy2Beep.cpp:19:30: error: &#39;CS31&#39; was not declared in this scope
   TCCR3B = (bit(WGM32) | bit(CS31)); // CTC mode. Divide by 8 clock prescale
                              ^
/home/ec2-user/arduino-testlib/cli-datadir/data/packages/arduino/hardware/megaavr/1.8.7/cores/arduino/api/Common.h:71:25: note: in definition of macro &#39;bit&#39;
 #define bit(b) (1UL &lt;&lt; (b))
                         ^
/home/ec2-user/arduino-testlib/cli-datadir/user/libraries/Arduboy2/src/Arduboy2Beep.cpp: In static member function &#39;static void BeepPin1::tone(uint16_t, uint8_t)&#39;:
/home/ec2-user/arduino-testlib/cli-datadir/user/libraries/Arduboy2/src/Arduboy2Beep.cpp:30:3: error: &#39;TCCR3A&#39; was not declared in this scope
   TCCR3A = bit(COM3A0); // set toggle on compare mode (which connects the pin)
   ^~~~~~
e/ec2-user/arduino-testlib/cli-datadir/user/libraries/Arduboy2/src/Arduboy2Core.h:210:46: note: suggested alternative: &#39;VREF_t&#39;
 #define RAND_SEED_IN_ADMUX (_BV(REFS0) | _BV(REFS1) | _BV(MUX0))
                                  In file included from /home/ec2-user/arduino-testlib/cli-datadir/data/packages/arduino/hardware/megaavr/1.8.7/cores/arduino/api/Interrupts.h:8:0,
                 from /home/ec2-user/arduino-testlib/cli-datadir/data/packages/arduino/hardware/megaavr/1.8.7/cores/arduino/api/ArduinoAPI.h:29,
                 from /home/ec2-user/arduino-testlib/cli-datadir/data/packages/arduino/hardware/megaavr/1.8.7/cores/arduino/Arduino.h:23,
                 from /home/ec2-user/arduino-testlib/cli-datadir/user/libraries/Arduboy2/src/Arduboy2Beep.cpp:7:
/home/ec2-user/arduino-testlib/cli-datadir/user/libraries/Arduboy2/src/Arduboy2Beep.cpp:30:16: error: &#39;COM3A0&#39; was not declared in this scope
   TCCR3A = bit(COM3A0); // set toggle on compare mode (which connects the pin)
                ^
/home/ec2-user/arduino-testlib/cli-datadir/data/packages/arduino/hardware/megaavr/1.8.7/cores/arduino/api/Common.h:71:25: note: in definition of macro &#39;bit&#39;
 #define bit(b) (1UL &lt;&lt; (b))
                         ^
/home/ec2-user/arduino-testlib/cli-datadir/user/libraries/Arduboy2/src/Arduboy2Beep.cpp:31:3: error: &#39;OCR3A&#39; was not declared in this scope
   OCR3A = count; // load the count (16 bits), which determines the frequency
   ^~~~~
/home/ec2-user/arduino-testlib/cli-datadir/user/libraries/Arduboy2/src/Arduboy2Beep.cpp: In static member function &#39;static void BeepPin1::timer()&#39;:
/home/ec2-user/arduino-testlib/cli-datadir/user/libraries/Arduboy2/src/Arduboy2Beep.cpp:37:5: error: &#39;TCCR3A&#39; was not declared in this scope
     TCCR3A = 0; // set normal mode (which disconnects the pin)
     ^~~~~~
/home/ec2-user/arduino-testlib/cli-datadir/user/libraries/Arduboy2/src/Arduboy2Beep.cpp:37:5: note: suggested alternative: &#39;TCB3&#39;
     TCCR3A = 0; // set normal mode (which disconnects the pin)
     ^~~~~~
     TCB3
/home/ec2-user/arduino-testlib/cli-datadir/user/libraries/Arduboy2/src/Arduboy2Beep.cpp: In static member function &#39;static void BeepPin1::noTone()&#39;:
/home/ec2-user/arduino-testlib/cli-datadir/user/libraries/Arduboy2/src/Arduboy2Beep.cpp:44:3: error: &#39;TCCR3A&#39; was not declared in this scope
   TCCR3A = 0; // set normal mode (which disconnects the pin)
   ^~~~~~
rduino-testlib/cli-datadir/user/libraries/Arduboy2/src/Arduboy2Core.h:60:23: note: suggested alternative: &#39;PORTB&#39;
 #define GREEN_LED_BIT PORTB7
                       ^
/home/ec2-user/arduino-testlib/cli-datadi/home/ec2-user/arduino-testlib/cli-datadir/user/libraries/Arduboy2/src/Arduboy2Beep.cpp: In static member function &#39;static void BeepPin2::begin()&#39;:
/home/ec2-user/arduino-testlib/cli-datadir/user/libraries/Arduboy2/src/Arduboy2Beep.cpp:54:3: error: &#39;TCCR4A&#39; was not declared in this scope
   TCCR4A = 0; // normal mode. Disable PWM
   ^~~~~~
/home/ec2-user/arduino-testlib/cli-datadir/user/libraries/Arduboy2/src/Arduboy2Beep.cpp:55:3: error: &#39;TCCR4B&#39; was not declared in this scope
   TCCR4B = bit(CS43); // divide by 128 clock prescale
   ^~~~~~
In file included from /home/ec2-user/arduino-testlib/cli-datadir/data/packages/arduino/hardware/megaavr/1.8.7/cores/arduino/api/Interrupts.h:8:0,
                 from /home/ec2-user/arduino-testlib/cli-datadir/data/packages/arduino/hardware/megaavr/1.8.7/cores/arduino/api/ArduinoAPI.h:29,
                 from /home/ec2-user/arduino-testlib/cli-datadir/data/packages/arduino/hardware/megaavr/1.8.7/cores/arduino/Arduino.h:23,
                 from /home/ec2-user/arduino-testlib/cli-datadir/user/libraries/Arduboy2/src/Arduboy2Beep.cpp:7:
/home/ec2-user/arduino-testlib/cli-datadir/user/libraries/Arduboy2/src/Arduboy2Beep.cpp:55:16: error: &#39;CS43&#39; was not declared in this scope
   TCCR4B = bit(CS43); // divide by 128 clock prescale
                ^
/home/ec2-user/arduino-testlib/cli-datadir/data/packages/arduino/hardware/megaavr/1.8.7/cores/arduino/api/Common.h:71:25: note: in definition of macro &#39;bit&#39;
 #define bit(b) (1UL &lt;&lt; (b))
                         ^
/home/ec2-user/arduino-testlib/cli-datadir/user/libraries/Arduboy2/src/Arduboy2Beep.cpp:56:3: error: &#39;TCCR4D&#39; was not declared in this scope
   TCCR4D = 0; // normal mode
   ^~~~~~
_BIT PORTB4
                      ^
/home/ec2-user/arduino-testlib/cli-datadir/user/libraries/Arduboy2/src/Arduboy2Core.cpp:122:16: note: in expansion of macro &#39;B_BUTTON_BIT&#39;
            _/home/ec2-user/arduino-testlib/cli-datadir/user/libraries/Arduboy2/src/Arduboy2Beep.cpp:57:3: note: suggested alternative: &#39;TCA0&#39;
   TC4H = 0;  // toggle pin at count = 0
   ^~~~
   TCA0
/home/ec2-user/arduino-testlib/cli-datadir/user/libraries/Arduboy2/src/Arduboy2Beep.cpp:58:3: error: &#39;OCR4A&#39; was not declared in this scope
   OCR4A = 0; //  &#34;
   ^~~~~
/home/ec2-user/arduino-testlib/cli-datadir/user/libraries/Arduboy2/src/Arduboy2Beep.cpp: In static member function &#39;static void BeepPin2::tone(uint16_t, uint8_t)&#39;:
/home/ec2-user/arduino-testlib/cli-datadir/user/libraries/Arduboy2/src/Arduboy2Beep.cpp:69:3: error: &#39;TCCR4A&#39; was not declared in this scope
   TCCR4A = bit(COM4A0); // set toggle on compare mode (which connects the pin)
   ^~~~~~
In file included from /home/ec2-user/arduino-testlib/cli-datadir/data/packages/arduino/hardware/megaavr/1.8.7/cores/arduino/api/Interrupts.h:8:0,
                 from /home/ec2-user/arduino-testlib/cli-datadir/data/packages/arduino/hardware/megaavr/1.8.7/cores/arduino/api/ArduinoAPI.h:29,
                 from /home/ec2-user/arduino-testlib/cli-datadir/data/packages/arduino/hardware/megaavr/1.8.7/cores/arduino/Arduino.h:23,
                 from /home/ec2-user/arduino-testlib/cli-datadir/user/libraries/Arduboy2/src/Arduboy2Beep.cpp:7:
/home/ec2-user/arduino-testlib/cli-datadir/user/libraries/Arduboy2/src/Arduboy2Beep.cpp:69:16: error: &#39;COM4A0&#39; was not declared in this scope
   TCCR4A = bit(COM4A0); // set toggle on compare mode (which connects the pin)
                ^
/home/ec2-user/arduino-testlib/cli-datadir/data/packages/arduino/hardware/megaavr/1.8.7/cores/arduino/api/Common.h:71:25: note: in definition of macro &#39;bit&#39;
 #define bit(b) (1UL &lt;&lt; (b))
                         ^
/home/ec2-user/arduino-testlib/cli-datadir/user/libraries/Arduboy2/src/Arduboy2Beep.cpp:70:3: error: &#39;TC4H&#39; was not declared in this scope
   TC4H = highByte(count); // load the count (10 bits),
   ^~~~
/home/ec2-user/arduino-testlib/cli-datadir/user/libraries/Arduboy2/src/Arduboy2Beep.cpp:70:3: note: suggested alternative: &#39;TCA0&#39;
   TC4H = highByte(count); // load the count (10 bits),
   ^~~~
   TCA0
/home/ec2-user/arduino-testlib/cli-datadir/user/libraries/Arduboy2/src/Arduboy2Beep.cpp:71:3: error: &#39;OCR4C&#39; was not declared in this scope
   OCR4C = lowByte(count); //  which determines the frequency
   ^~~~~
/home/ec2-user/arduino-testlib/cli-datadir/user/libraries/Ar</pre>
					
					<h4>examples/RGBled</h4>
					<p>
						Result: <b>FAIL</b>
					</p>
					<pre class="pre-scrollable">WARNING: library Arduboy2 claims to run on avr architecture(s) and may be incompatible with your current board which runs on megaavr architecture(s).
/home/ec2-user/arduino-testlib/cli-datadir/user/libraries/Arduboy2/src/Arduboy2Beep.cpp: In static member function &#39;static void BeepPin1::begin()&#39;:
/home/ec2-user/arduino-testlib/cli-datadir/user/libraries/Arduboy2/src/Arduboy2Beep.cpp:18:3: error: &#39;TCCR3A&#39; was not declared in this scope
   TCCR3A = 0;
   ^~~~~~
/home/ec2-user/arIn file included from /home/ec2-user/arduino-testlib/cli-datadir/data/packages/arduino/tools/avr-gcc/7.3.0-atmel3.6.1-arduino5/avr/include/avr/io.h:99:0,
                 from /home/ec2-user/arduino-testlib/cli-datadir/data/packages/arduino/tools/avr-gcc/7.3.0-atmel3.6.1-arduino5/avr/include/avr/pgmspace.h:90,
                 from /home/ec2-user/arduino-testlib/cli-datadir/data/packages/arduino/hardware/megaavr/1.8.7/cores/arduino/api/String.h:31,
                 from /home/ec2-user/arduino-testlib/cli-datadir/data/packages/arduino/hardware/megaavr/1.8.7/cores/arduino/api/IPAddress.h:24,
                 from /home/ec2-user/arduino-testlib/cli-datadir/data/packages/arduino/hardware/megaavr/1.8.7/cores/arduino/api/ArduinoAPI.h:30,
                 from /home/ec2-user/arduino-testlib/cli-datadir/data/packages/arduino/hardware/megaavr/1.8.7/cores/arduino/Arduino.h:23,
                 from /home/ec2-user/arduino-testlib/cli-datadir/user/libraries/Arduboy2/src/Arduboy2Core.h:10,
                 from /home/ec2-user/arduino-testlib/cli-datadir/user/libraries/Arduboy2/src/Arduboy2Core.cpp:7:
/home/ec2-user/arduino-testlib/cli-datadir/user/libraries/Arduboy2/src/Arduboy2Core.h:210:33: error: &#39;REFS0&#39; was not declared in this scope
 #define RAND_SEED_IN_ADMUX (_BV(REFS0) | _BV(REFS1) | _BV(MUX0))
                                 ^
/home/ec2-user/arduino-testlib/cli-datadir/user/libraries/Arduboy2/src/Arduboy2Core.cpp:89:11: note: in expansion of macro &#39;RAND_SEED_IN_ADMUX&#39;
   ADMUX = RAND_SEED_IN_ADMUX;
           ^~~~~~~~~~~~~~~~~~
/home/ec2-user/arduino-testlib/cli-datadir/user/libraries/Arduboy2/src/Arduboy2Core.h:210:33: note: suggested alternative: &#39;VREF_t&#39;
 #define RAND_SEED_IN_ADMUX (_BV(REFS0) | _BV(REFS1) | _BV(MUX0))
                                 ^
/home/ec2-user/arduino-testlib/cli-datadir/user/libraries/Arduboy2/src/Arduboy2Core.cpp:89:11: note: in expansion of macro &#39;RAND_SEED_IN_ADMUX&#39;
   ADMUX = RAND_SEED_IN_ADMUX;
           ^~~~~~~~~~~~~~~~~~
/home/ec2-user/arduino-testlib/cli-datadir/user/libraries/Arduboy2/src/Arduboy2Core.h:210:46: error: &#39;REFS1&#39; was not declared in this scope
 #define RAND_SEED_IN_ADMUX (_BV(REFS0) | _BV(REFS1) | _BV(MUX0))
                                              ^
/home/ec2-user/arduino-testlib/cli-datadir/user/libraries/Arduboy2/src/Arduboy2Core.cpp:89:11: note: in expansion of macro &#39;RAND_SEED_IN_ADMUX&#39;
   ADMUX = RAND_SEED_IN_ADMUX;
           ^~~~~~~~~~~~~~~~~~
/home/ec2-user/arduino-testlib/cli-datadir/user/libraries/Arduboy2/src/Arduboy2Core.h:210:46: note: suggested alternative: &#39;VREF_t&#39;
 #define RAND_SEED_IN_ADMUX (_BV(REFS0) | _BV(REFS1) | _BV(MUX0))
                                              ^
/home/ec2-user/arduino-testlib/cli-datadir/user/libraries/Arduboy2/src/Arduboy2Core.cpp:89:11: note: in expansion of macro &#39;RAND_SEED_IN_ADMUX&#39;
   ADMUX = RAND_SEED_IN_ADMUX;
           ^~~~~~~~~~~~~~~~~~
/home/ec2-user/arduino-testlib/cli-datadir/user/libraries/Arduboy2/src/Arduboy2Core.h:210:59: error: &#39;MUX0&#39; was not declared in this scope
 #define RAND_SEED_IN_ADMUX (_BV(REFS0) | _BV(REFS1) | _BV(MUX0))
                                                           ^
/home/ec2-user/arduino-testlib/cli-datadir/user/libraries/Arduboy2/src/Arduboy2Core.cpp:89:11: note: in expansion of macro &#39;RAND_SEED_IN_ADMUX&#39;
   ADMUX = RAND_SEED_IN_ADMUX;
           ^~~~~~~~~~~~~~~~~~
/home/ec2-user/arduino-testlib/cli-datadir/user/libraries/Arduboy2/src/Arduboy2Core.cpp: In static member function &#39;static void Arduboy2Core::bootPins()&#39;:
/home/ec2-user/arduino-testlib/cli-datadir/user/libraries/Arduboy2/src/Arduboy2Core.h:57:21: error: &#39;PORTB6&#39; was not declared in this scope
 #define RED_LED_BIT PORTB6
                     ^
/home/ec2-user/arduino-testlib/cli-datadir/user/libraries/Arduboy2/src/Arduboy2Core.cpp:121:16: note: in expansion of macro &#39;RED_LED_BIT&#39;
   PORTB |= _BV(RED_LED_BIT) | _BV(GREEN_LED_BIT) | _BV(BLUE_LED_BIT) |
                ^~~~~~~~~~~
/home/ec2-user/arduino-testlib/cli-datadir/user/libraries/Arduboy2/src/Arduboy2Core.h:57:21: note: suggested alternative: &#39;PORTB&#39;
 #define RED_LED_BIT PORTB6
                     ^
/home/ec2-user/arduino-testlib/cli-datadir/user/libraries/Arduboy2/src/Arduboy2Core.cpp:121:16: note: in expansion of macro &#39;RED_LED_BIT&#39;
   PORTB |= _BV(RED_LED_BIT) | _BV(GREEN_LED_BIT) | _BV(BLUE_LED_BIT) |
                ^~~~~~~~~~~
/home/ec2-user/arduino-testlib/cli-datadir/user/libraries/Arduboy2/src/Arduboy2Core.h:60:23: error: &#39;PORTB7&#39; was not declared in this scope
 #define GREEN_LED_BIT PORTB7
                       ^
/home/ec2-user/arduino-testlib/cli-datadir/user/libraries/Arduboy2/src/Arduboy2Core.cpp:121:35: note: in expansion of macro &#39;GREEN_LED_BIT&#39;
   PORTB |= _BV(RED_LED_BIT) | _BV(GREEN_LED_BIT) | _BV(BLUE_LED_BIT) |
                                   ^~~~~~~~~~~~~
/home/ec2-user/arduino-testlib/cli-datadir/user/libraries/Arduboy2/src/Arduboy2Core.h:60:23: note: suggested alternative: &#39;PORTB&#39;
 #define GREEN_LED_BIT PORTB7
                       ^
/home/ec2-user/arduino-testlib/cli-datadir/user/libraries/Arduboy2/src/Arduboy2Core.cpp:121:35: note: in expansion of macro &#39;GREEN_LED_BIT&#39;
   PORTB |= _BV(RED_LED_BIT) | _BV(GREEN_LED_BIT) | _BV(BLUE_LED_BIT) |
                                   ^~~~~~~~~~~~~
/home/ec2-user/arduino-testlib/cli-datadir/user/libraries/Arduboy2/src/Arduboy2Core.h:63:22: error: &#39;PORTB5&#39; was not declared in this scope
 #define BLUE_LED_BIT PORTB5
                      ^
/home/ec2-user/arduino-testlib/cli-datadir/user/libraries/Arduboy2/src/Arduboy2Core.cpp:121:56: note: in expansion of macro &#39;BLUE_LED_BIT&#39;
   PORTB |= _BV(RED_LED_BIT) | _BV(GREEN_LED_BIT) | _BV(BLUE_LED_BIT) |
                                                        ^~~~~~~~~~~~
/home/ec2-user/arduino-testlib/cli-datadir/user/libraries/Arduboy2/src/Arduboy2Core.h:63:22: note: suggested alternative: &#39;PORTB&#39;
 #define BLUE_LED_BIT PORTB5
                      ^
/home/ec2-user/arduino-testlib/cli-datadir/user/libraries/Arduboy2/src/Arduboy2Core.cpp:121:56: note: in expansion of macro &#39;BLUE_LED_BIT&#39;
   PORTB |= _BV(RED_LED_BIT) | _BV(GREEN_LED_BIT) | _BV(BLUE_LED_BIT) |
                                                        ^~~~~~~~~~~~
/home/ec2-user/arduino-testlib/cli-datadir/user/libraries/Arduboy2/src/Arduboy2Core.h:108:22: error: &#39;PORTB4&#39; was not declared in this scope
 #define B_BUTTON_BIT PORTB4
                      ^
/home/ec2-user/arduino-testlib/cli-datadir/user/libraries/Arduboy2/src/Arduboy2Core.cpp:122:16: note: in expansion of macro &#39;B_BUTTON_BIT&#39;
            _BV(B_BUTTON_BIT);
                ^~~~~~~~~~~~
/home/ec2-user/arduino-testlib/cli-datadir/user/libraries/Arduboy2/src/Arduboy2Core.h:108:22: note: suggested alternative: &#39;PORTB&#39;
 #define B_BUTTON_BIT PORTB4
                      ^
/home/ec2-user/arduino-testlib/cli-datadir/user/libraries/Arduboy2/src/Arduboy2Core.cpp:122:16: note: in expansion of macro &#39;B_BUTTON_BIT&#39;
            _BV(B_BUTTON_BIT);
                ^~~~~~~~~~~~
/home/ec2-user/arduino-testlib/cli-datadir/user/libraries/Arduboy2/src/Arduboy2Core.h:214:22: error: &#39;PORTB3&#39; was not declared in this scope
 #define SPI_MISO_BIT PORTB3
                      ^
/home/ec2-user/arduino-testlib/cli-datadir/user/libraries/Arduboy2/src/Arduboy2Core.cpp:125:37: note: in expansion of macro &#39;SPI_MISO_BIT&#39;
   DDRB &amp;= ~(_BV(B_BUTTON_BIT) | _BV(SPI_MISO_BIT));
                                     ^~~~~~~~~~~~
/home/ec2-user/arduino-testlib/cli-datadir/user/libraries/Arduboy2/src/Arduboy2Core.h:214:22: note: suggested alternative: &#39;PORTB&#39;
 #define SPI_MISO_BIT PORTB3
                      ^
/home/ec2-user/arduino-testlib/cli-datadir/user/libraries/Arduboy2/src/Arduboy2Core.cpp:125:37: note: in expansion of macro &#39;SPI_MISO_BIT&#39;
   DDRB &amp;= ~(_BV(B_BUTTON_BIT) | _BV(SPI_MISO_BIT));
                                     ^~~~~~~~~~~~
/home/ec2-user/arduino-testlib/cli-datadir/user/libraries/Arduboy2/src/Arduboy2Core.h:217:22: error: &#39;PORTB2&#39; was not declared in this scope
 #define SPI_MOSI_BIT PORTB2
                      ^
/home/ec2-user/arduino-testlib/cli-datadir/user/libraries/Arduboy2/src/Arduboy2Core.cpp:128:15: note: in expansion of macro &#39;SPI_MOSI_BIT&#39;
           _BV(SPI_MOSI_BIT) | _BV(SPI_SCK_BIT) | _BV(SPI_SS_BIT);
               ^~~~~~~~~~~~
/home/ec2-user/arduino-testlib/cli-datadir/user/libraries/Arduboy2/src/Arduboy2Core.h:217:22: note: suggested alternative: &#39;PORTB&#39;
 #define SPI_MOSI_BIT PORTB2
                      ^
/home/ec2-user/arduino-testlib/cli-datadir/user/libraries/Arduboy2/src/Arduboy2Core.cpp:128:15: note: in expansion of macro &#39;SPI_MOSI_BIT&#39;
           _BV(SPI_MOSI_BIT) | _BV(SPI_SCK_BIT) | _BV(SPI_SS_BIT);
               ^~~~~~~~~~~~
/home/ec2-user/arduino-testlib/cli-datadir/user/libraries/Arduboy2/src/Arduboy2Core.h:220:21: error: &#39;PORTB1&#39; was not declared in this scope
 #define SPI_SCK_BIT PORTB1
                     ^
/home/ec2-user/arduino-testlib/cli-datadir/user/libraries/Arduboy2/src/Arduboy2Core.cpp:128:35: note: in expansion of macro &#39;SPI_SCK_BIT&#39;
           _BV(SPI_MOSI_BIT) | _BV(SPI_SCK_BIT) | _BV(SPI_SS_BIT);
                                   ^~~~~~~~~~~
/home/ec2-user/arduino-testlib/cli-datadir/user/libraries/Arduboy2/src/Arduboy2Core.h:220:21: note: suggested alternative: &#39;PORTB&#39;
 #define SPI_SCK_BIT PORTB1
                     ^
/home/ec2-user/arduino-testlib/cli-datadir/user/libraries/Arduboy2/src/Arduboy2Core.cpp:128:35: note: in expansion of macro &#39;SPI_SCK_BIT&#39;
           _BV(SPI_MOSI_BIT) | _BV(SPI_SCK_BIT) | _BV(SPI_SS</pre>
					
					<h4>examples/SetSystemEEPROM</h4>
					<p>
						Result: <b>FAIL</b>
					</p>
					<pre class="pre-scrollable">WARNING: library Arduboy2 claims to run on avr architecture(s) and may be incompatible with your current board which runs on megaavr architecture(s).
/home/ec2-user/arduino-testlib/cli-datadir/user/libraries/Arduboy2/src/Arduboy2Beep.cpp: In static member function &#39;static void BeepPin1::begin()&#39;:
/home/ec2-user/arduino-testlib/cli-datadir/user/libraries/Arduboy2/src/Arduboy2Beep.cpp:18:3: error: &#39;TCCR3A&#39; was not declared in this scope
   TCCR3A = 0;
   ^~~~~~
/home/ec2-user/arIn file included from /home/ec2-user/arduino-testlib/cli-datadir/data/packages/arduino/tools/avr-gcc/7.3.0-atmel3.6.1-arduino5/avr/include/avr/io.h:99:0,
                 from /homeuboy2/src/Arduboy2.h:10,
                 from /home/ec2-user/arduino-testlib/cli-datadir/user/libraries/Arduboy2/src/Arduboy2Audio.cpp:7:
/home/ec2-user/arduino-testlib/cli-datadir/user/libraries/Arduboy2/src/Arduboy2Audio.cpp: In static member function &#39;static void Arduboy2Audio::on()&#39;:
/home/ec2-user/arduino-testlib/cli-datadir/user/libraries/Arduboy2/src/Arduboy2Core.h:115:23: error: &#39;PORTC6&#39; was not declared in this scope
 #define SPEAKER_1_BIT PORTC6
                       ^
/home/ec2-user/arduino-testlib/cli-datadir/data/packages/arduino/hardware/megaavr/1.8.7/cores/arduino/api/Common.h:65:49: note: in definition of macro &#39;bitSet&#39;
 #define bitSet(value, bit) ((value) |= (1UL &lt;&lt; (bit)))
                                                 ^~~
/home/ec2-user/arduino-testlib/cli-datadir/user/libraries/Arduboy2/src/Arduboy2Audio.cpp:15:25: note: in expansion of macro &#39;SPEAKER_1_BIT&#39;
   bitSet(SPEAKER_1_DDR, SPEAKER_1_BIT);
                         ^~~~~~~~~~~~~
/home/ec2-user/arduino-testlib/cli-datadir/user/libraries/Arduboy2/src/Arduboy2Core.h:115:23: note: suggested alternative: &#39;PORTC&#39;
 #define SPEAKER_1_BIT PORTC6
                       ^
/home/ec2-user/arduino-testlib/cli-datadir/data/packages/arduino/hardware/megaavr/1.8.7/cores/arduino/api/Common.h:65:49: note: in definition of macro &#39;bitSet&#39;
 #define bitSet(value, bit) ((value) |= (1UL &lt;&lt; (bit)))
                                                 ^~~
/home/ec2-user/arduino-testlib/cli-datadir/user/libraries/Arduboy2/src/Arduboy2Audio.cpp:15:25: note: in expansion of macro &#39;SPEAKER_1_BIT&#39;
   bitSet(SPEAKER_1_DDR, SPEAKER_1_BIT);
                         ^~~~~~~~~~~~~
/home/ec2-user/arduino-testlib/cli-datadir/user/libraries/Arduboy2/src/Arduboy2Core.h:119:23: error: &#39;PORTC7&#39; was not declared in this scope
 #define SPEAKER_2_BIT PORTC7
                       ^
/home/ec2-user/arduino-testlib/cli-datadir/data/packages/arduino/hardware/megaavr/1.8.7/cores/arduino/api/Common.h:65:49: note: in definition of macro &#39;bitSet&#39;
 #define bitSet(value, bit) ((value) |= (1UL &lt;&lt; (bit)))
                                                 ^~~
/home/ec2-user/arduino-testlib/cli-datadir/user/libraries/Arduboy2/src/Arduboy2Audio.cpp:16:25: note: in expansion of macro &#39;SPEAKER_2_BIT&#39;
   bitSet(SPEAKER_2_DDR, SPEAKER_2_BIT);
                         ^~~~~~~~~~~~~
/home/ec2-user/arduino-testlib/cli-datadir/user/libraries/Arduboy2/src/Arduboy2Core.h:119:23: note: suggested alternative: &#39;PORTC&#39;
 #define SPEAKER_2_BIT PORTC7
                       ^
/home/ec2-user/arduino-testlib/cli-datadir/data/packages/arduino/hardware/megaavr/1.8.7/cores/arduino/api/Common.h:65:49: note: in definition of macro &#39;bitSet&#39;
 #define bitSet(value, bit) ((value) |= (1UL &lt;&lt; (bit)))
                                                 ^~~
/home/ec2-user/arduino-testlib/cli-datadir/user/libraries/Arduboy2/src/Arduboy2Audio.cpp:16:25: note: in expansion of macro &#39;SPEAKER_2_BIT&#39;
   bitSet(SPEAKER_2_DDR, SPEAKER_2_BIT);
                         ^~~~~~~~~~~~~
/home/ec2-user/arduino-testlib/cli-datadir/user/libraries/Arduboy2/src/Arduboy2Audio.cpp: In static member function &#39;static void Arduboy2Audio::off()&#39;:
/home/ec2-user/arduino-testlib/cli-datadir/user/libraries/Arduboy2/src/Arduboy2Core.h:115:23: error: &#39;PORTC6&#39; was not declared in this scope
 #define SPEAKER_1_BIT PORTC6
                       ^
/home/ec2-user/arduino-testlib/cli-datadir/data/packages/arduino/hardware/megaavr/1.8.7/cores/arduino/api/Common.h:66:52: note: in definition of macro &#39;bitClear&#39;
 #define bitClear(value, bit) ((value) &amp;= ~(1UL &lt;&lt; (bit)))
                                                    ^~~
/home/ec2-user/arduino-testlib/cli-datadir/user/libraries/Arduboy2/src/Arduboy2Audio.cpp:28:27: note: in expansion of macro &#39;SPEAKER_1_BIT&#39;
   bitClear(SPEAKER_1_DDR, SPEAKER_1_BIT);
                           ^~~~~~~~~~~~~
/home/ec2-user/arduino-testlib/cli-datadir/user/libraries/Arduboy2/src/Arduboy2Core.h:115:23: note: suggested alternative: &#39;PORTC&#39;
 #define SPEAKER_1_BIT PORTC6
                       ^
/home/ec2-user/arduino-testlib/cli-datadir/data/packages/arduino/hardware/megaavr/1.8.7/cores/arduino/api/Common.h:66:52: note: in definition of macro &#39;bitClear&#39;
 #define bitClear(value, bit) ((value) &amp;= ~(1UL &lt;&lt; (bit)))
                                                    ^~~
/home/ec2-user/arduino-testlib/cli-datadir/user/libraries/Arduboy2/src/Arduboy2Audio.cpp:28:27: note: in expansion of macro &#39;SPEAKER_1_BIT&#39;
   bitClear(SPEAKER_1_DDR, SPEAKER_1_BIT);
                           ^~~~~~~~~~~~~
/home/ec2-user/arduino-testlib/cli-datadir/user/libraries/Arduboy2/src/Arduboy2Core.h:119:23: error: &#39;PORTC7&#39; was not declared in this scope
 #define SPEAKER_2_BIT PORTC7
                       ^
/home/ec2-user/arduino-testlib/cli-datadir/data/packages/arduino/hardware/megaavr/1.8.7/cores/arduino/api/Common.h:66:52: note: in definition of macro &#39;bitClear&#39;
 #define bitClear(value, bit) ((value) &amp;= ~(1UL &lt;&lt; (bit)))
                                                    ^~~
/home/ec2-user/arduino-testlib/cli-datadir/user/libraries/Arduboy2/src/Arduboy2Audio.cpp:29:27: note: in expansion of macro &#39;SPEAKER_2_BIT&#39;
   bitClear(SPEAKER_2_DDR, SPEAKER_2_BIT);
                           ^~~~~~~~~~~~~
/home/ec2-user/arduino-testlib/cli-datadir/user/libraries/Arduboy2/src/Arduboy2Core.h:119:23: note: suggested alternative: &#39;PORTC&#39;
 #define SPEAKER_2_BIT PORTC7
                       ^
/home/ec2-user/arduino-testlib/cli-datadir/data/packages/arduino/hardware/megaavr/1.8.7/cores/arduino/api/Common.h:66:52: note: in definition of macro &#39;bitClear&#39;
 #define bitClear(value, bit) ((value) &amp;= ~(1UL &lt;&lt; (bit)))
                                                    ^~~
/home/ec2-user/arduino-testlib/cli-datadir/user/libraries/Arduboy2/src/Arduboy2Audio.cpp:29:27: note: in expansion of macro &#39;SPEAKER_2_BIT&#39;
   bitClear(SPEAKER_2_DDR, SPEAKER_2_BIT);
                           ^~~~~~~~~~~~~
LED_BIT) | _BV(BLUE_LED_BIT) |
                                                        ^~~~~~~~~~~~
/home/ec2-user/arduino-testlib/cli-datadir/user/libraries/Arduboy2/src/Arduboy2Core.h:108:22: error: &#39;PORTB4&#39; was not declared in this scope
 #define B_BUTTON_BIT PORTB4
                      ^
/home/ec2-user/arduino-testlib/cli-datadir/user/libraries/Arduboy2/src/Arduboy2Core.cpp:122:16: note: in expansion of macro &#39;B_BUTTON_BIT&#39;
            _BV(B_BUTTON_BIT);
                ^~~~~~~~~~~~
/home/ec2-user/arduino-testlib/cli-datadir/user/libraries/Arduboy2/src/Arduboy2Core.h:108:22: note: suggested alternative: &#39;PORTB&#39;
 #define B_BUTTON_BIT PORTB4
                      ^
/home/ec2-user/arduino-testlib/cli-datadir/user/libraries/Arduboy2/src/Arduboy2Core.cpp:122:16: note: in expansion of macro &#39;B_BUTTON_BIT&#39;
            _BV(B_BUTTON_BIT);
                ^~~~~~~~~~~~
/home/ec2-user/arduino-testlib/cli-datadir/user/libraries/Arduboy2/src/Arduboy2Core.h:214:22: error: &#39;PORTB3&#39; was not declared in this scope
 #define SPI_MISO_BIT PORTB3
                      ^
/home/ec2-user/arduino-testlib/cli-datadir/user/libraries/Arduboy2/src/Arduboy2Core.cpp:125:37: note: in expansion of macro &#39;SPI_MISO_BIT&#39;
   DDRB &amp;= ~(_BV(B_BUTTON_BIT) | _BV(SPI_MISO_BIT));
                                     ^~~~~~~~~~~~
/home/ec2-user/arduino-testlib/cli-datadir/user/libraries/Arduboy2/src/Arduboy2Core.h:214:22: note: suggested alternative: &#39;PORTB&#39;
 #define SPI_MISO_BIT PORTB3
                      ^
/home/ec2-user/arduino-testlib/cli-datadir/user/libraries/Arduboy2/src/Arduboy2Core.cpp:125:37: note: in expansion of macro &#39;SPI_MISO_BIT&#39;
   DDRB &amp;= ~(_BV(B_BUTTON_BIT) | _BV(SPI_MISO_BIT));
                                     ^~~~~~~~~~~~
/home/ec2-user/arduino-testlib/cli-datadir/user/libraries/Arduboy2/src/Arduboy2Core.h:217:22: error: &#39;PORTB2&#39; was not declared in this scope
 #define SPI_MOSI_BIT PORTB2
                      ^
/home/ec2-user/arduino-testlib/cli-datadir/user/libraries/Arduboy2/src/Arduboy2Core.cpp:128:15: note: in expansion of macro &#39;SPI_MOSI_BIT&#39;
           _BV(SPI_MOSI_BIT) | _BV(SPI_SCK_BIT) | _BV(SPI_SS_BIT);
               ^~~~~~~~~~~~
/home/ec2-user/arduino-testlib/cli-datadir/user/libraries/Arduboy2/src/Arduboy2Core.h:217:22: note: suggested alternative: &#39;PORTB&#39;
 #define SPI_MOSI_BIT PORTB2
                      ^
/home/ec2-user/arduino-testlib/cli-datadir/user/libraries/Arduboy2/src/Arduboy2Core.cpp:128:15: note: in expansion of macro &#39;SPI_MOSI_BIT&#39;
           _BV(SPI_MOSI_BIT) | _BV(SPI_SCK_BIT) | _BV(SPI_SS_BIT);
               ^~~~~~~~~~~~
/home/ec2-user/arduino-testlib/cli-datadir/user/libraries/Arduboy2/src/Arduboy2Core.h:220:21: error: &#39;PORTB1&#39; was not declared in this scope
 #define SPI_SCK_BIT PORTB1
                     ^
/home/ec2-user/arduino-testlib/cli-datadir/user/libraries/Arduboy2/src/Arduboy2Core.cpp:128:35: note: in expansion of macro &#39;SPI_SCK_BIT&#39;
           _BV(SPI_MOSI_BIT) | _BV(SPI_SCK_BIT) | _BV(SPI_SS_BIT);
                                   ^~~~~~~~~~~
/home/ec2-user/arduino-testlib/cli-datadir/user/libraries/Arduboy2/src/Arduboy2Core.h:220:21: note: suggested alternative: &#39;PORTB&#39;
 #define SPI_SCK_BIT PORTB1
                     ^
/home/ec2-user/arduino-testlib/cli-datadir/user/libraries/Arduboy2/src/Arduboy2Core.cpp:128:35: note: in expansion of macro &#39;SPI_SCK_BIT&#39;
           _BV(SPI_MOSI_BIT) | _BV(SPI_SCK_BIT) | _BV(SPI_SS</pre>
					
				
				<h3 id="arduino:samd:mkrwifi1010">arduino:samd:mkrwifi1010 @ 1.8.12</h3>
				<h4>Inclusion</h4>
				<p>
					Result: <b>FAIL</b>
					
				</p>
				<pre class="pre-scrollable">In file included from /home/ec2-user/arduino-testlib/cli-datadir/user/libraries/Arduboy2/src/Arduboy2.h:11:0,
                 from /tmp/arduino-testlib2627027121/test/test.ino:1:
/home/ec2-user/arduino-testlib/cli-datadir/user/libraries/Hello_Drum/src/EEPROM.h:25:10: fatal error: avr/eeprom.h: No such file or directory
 #include &lt;avr/eeprom.h&gt;
          ^~~~~~~~~~~~~~
compilation terminated.
Multiple libraries were found for &#34;EEPROM.h&#34;
  Used: /home/ec2-user/arduino-testlib/cli-datadir/user/libraries/Hello_Drum
  Not used: /home/ec2-user/arduino-testlib/cli-datadir/user/libraries/arduino-NVM
</pre>

					
					<h4>examples/ArduBreakout</h4>
					<p>
						Result: <b>FAIL</b>
					</p>
					<pre class="pre-scrollable">In file included from /home/ec2-user/arduino-testlib/cli-datadir/user/libraries/Arduboy2/src/Arduboy2.h:11:0,
                 from /home/ec2-user/arduino-testlib/cli-datadir/user/libraries/Arduboy2/examples/ArduBreakout/ArduBreakout.ino:15:
/home/ec2-user/arduino-testlib/cli-datadir/user/libraries/Hello_Drum/src/EEPROM.h:25:10: fatal error: avr/eeprom.h: No such file or directory
 #include &lt;avr/eeprom.h&gt;
          ^~~~~~~~~~~~~~
compilation terminated.
Multiple libraries were found for &#34;EEPROM.h&#34;
  Used: /home/ec2-user/arduino-testlib/cli-datadir/user/libraries/Hello_Drum
  Not used: /home/ec2-user/arduino-testlib/cli-datadir/user/libraries/arduino-NVM
</pre>
					
					<h4>examples/BeepDemo</h4>
					<p>
						Result: <b>FAIL</b>
					</p>
					<pre class="pre-scrollable">In file included from /home/ec2-user/arduino-testlib/cli-datadir/user/libraries/Arduboy2/src/Arduboy2.h:11:0,
                 from /home/ec2-user/arduino-testlib/cli-datadir/user/libraries/Arduboy2/examples/BeepDemo/BeepDemo.ino:21:
/home/ec2-user/arduino-testlib/cli-datadir/user/libraries/Hello_Drum/src/EEPROM.h:25:10: fatal error: avr/eeprom.h: No such file or directory
 #include &lt;avr/eeprom.h&gt;
          ^~~~~~~~~~~~~~
compilation terminated.
Multiple libraries were found for &#34;EEPROM.h&#34;
  Used: /home/ec2-user/arduino-testlib/cli-datadir/user/libraries/Hello_Drum
  Not used: /home/ec2-user/arduino-testlib/cli-datadir/user/libraries/arduino-NVM
</pre>
					
					<h4>examples/Buttons</h4>
					<p>
						Result: <b>FAIL</b>
					</p>
					<pre class="pre-scrollable">In file included from /home/ec2-user/arduino-testlib/cli-datadir/user/libraries/Arduboy2/src/Arduboy2.h:11:0,
                 from /home/ec2-user/arduino-testlib/cli-datadir/user/libraries/Arduboy2/examples/Buttons/Buttons.ino:15:
/home/ec2-user/arduino-testlib/cli-datadir/user/libraries/Hello_Drum/src/EEPROM.h:25:10: fatal error: avr/eeprom.h: No such file or directory
 #include &lt;avr/eeprom.h&gt;
          ^~~~~~~~~~~~~~
compilation terminated.
Multiple libraries were found for &#34;EEPROM.h&#34;
  Used: /home/ec2-user/arduino-testlib/cli-datadir/user/libraries/Hello_Drum
  Not used: /home/ec2-user/arduino-testlib/cli-datadir/user/libraries/arduino-NVM
</pre>
					
					<h4>examples/FontDemo</h4>
					<p>
						Result: <b>FAIL</b>
					</p>
					<pre class="pre-scrollable">In file included from /home/ec2-user/arduino-testlib/cli-datadir/user/libraries/Arduboy2/src/Arduboy2.h:11:0,
                 from /home/ec2-user/arduino-testlib/cli-datadir/user/libraries/Arduboy2/examples/FontDemo/FontDemo.ino:31:
/home/ec2-user/arduino-testlib/cli-datadir/user/libraries/Hello_Drum/src/EEPROM.h:25:10: fatal error: avr/eeprom.h: No such file or directory
 #include &lt;avr/eeprom.h&gt;
          ^~~~~~~~~~~~~~
compilation terminated.
Multiple libraries were found for &#34;EEPROM.h&#34;
  Used: /home/ec2-user/arduino-testlib/cli-datadir/user/libraries/Hello_Drum
  Not used: /home/ec2-user/arduino-testlib/cli-datadir/user/libraries/arduino-NVM
</pre>
					
					<h4>examples/HelloWorld</h4>
					<p>
						Result: <b>FAIL</b>
					</p>
					<pre class="pre-scrollable">In file included from /home/ec2-user/arduino-testlib/cli-datadir/user/libraries/Arduboy2/src/Arduboy2.h:11:0,
                 from /home/ec2-user/arduino-testlib/cli-datadir/user/libraries/Arduboy2/examples/HelloWorld/HelloWorld.ino:14:
/home/ec2-user/arduino-testlib/cli-datadir/user/libraries/Hello_Drum/src/EEPROM.h:25:10: fatal error: avr/eeprom.h: No such file or directory
 #include &lt;avr/eeprom.h&gt;
          ^~~~~~~~~~~~~~
compilation terminated.
Multiple libraries were found for &#34;EEPROM.h&#34;
  Used: /home/ec2-user/arduino-testlib/cli-datadir/user/libraries/Hello_Drum
  Not used: /home/ec2-user/arduino-testlib/cli-datadir/user/libraries/arduino-NVM
</pre>
					
					<h4>examples/PlayTune</h4>
					<p>
						Result: <b>FAIL</b>
					</p>
					<pre class="pre-scrollable">In file included from /home/ec2-user/arduino-testlib/cli-datadir/user/libraries/Arduboy2/src/Arduboy2.h:11:0,
                 from /home/ec2-user/arduino-testlib/cli-datadir/user/libraries/Arduboy2/examples/PlayTune/PlayTune.ino:19:
/home/ec2-user/arduino-testlib/cli-datadir/user/libraries/Hello_Drum/src/EEPROM.h:25:10: fatal error: avr/eeprom.h: No such file or directory
 #include &lt;avr/eeprom.h&gt;
          ^~~~~~~~~~~~~~
compilation terminated.
Multiple libraries were found for &#34;EEPROM.h&#34;
  Used: /home/ec2-user/arduino-testlib/cli-datadir/user/libraries/Hello_Drum
  Not used: /home/ec2-user/arduino-testlib/cli-datadir/user/libraries/arduino-NVM
</pre>
					
					<h4>examples/RGBled</h4>
					<p>
						Result: <b>FAIL</b>
					</p>
					<pre class="pre-scrollable">In file included from /home/ec2-user/arduino-testlib/cli-datadir/user/libraries/Arduboy2/src/Arduboy2.h:11:0,
                 from /home/ec2-user/arduino-testlib/cli-datadir/user/libraries/Arduboy2/examples/RGBled/RGBled.ino:19:
/home/ec2-user/arduino-testlib/cli-datadir/user/libraries/Hello_Drum/src/EEPROM.h:25:10: fatal error: avr/eeprom.h: No such file or directory
 #include &lt;avr/eeprom.h&gt;
          ^~~~~~~~~~~~~~
compilation terminated.
Multiple libraries were found for &#34;EEPROM.h&#34;
  Used: /home/ec2-user/arduino-testlib/cli-datadir/user/libraries/Hello_Drum
  Not used: /home/ec2-user/arduino-testlib/cli-datadir/user/libraries/arduino-NVM
</pre>
					
					<h4>examples/SetSystemEEPROM</h4>
					<p>
						Result: <b>FAIL</b>
					</p>
					<pre class="pre-scrollable">In file included from /home/ec2-user/arduino-testlib/cli-datadir/user/libraries/Arduboy2/src/Arduboy2.h:11:0,
                 from /home/ec2-user/arduino-testlib/cli-datadir/user/libraries/Arduboy2/examples/SetSystemEEPROM/SetSystemEEPROM.ino:68:
/home/ec2-user/arduino-testlib/cli-datadir/user/libraries/Hello_Drum/src/EEPROM.h:25:10: fatal error: avr/eeprom.h: No such file or directory
 #include &lt;avr/eeprom.h&gt;
          ^~~~~~~~~~~~~~
compilation terminated.
Multiple libraries were found for &#34;EEPROM.h&#34;
  Used: /home/ec2-user/arduino-testlib/cli-datadir/user/libraries/Hello_Drum
  Not used: /home/ec2-user/arduino-testlib/cli-datadir/user/libraries/arduino-NVM
</pre>
					
				
				<h3 id="esp32:esp32:d1_mini32">esp32:esp32:d1_mini32 @ 1.0.6</h3>
				<h4>Inclusion</h4>
				<p>
					Result: <b>FAIL</b>
					
				</p>
				<pre class="pre-scrollable">In file included from /home/ec2-user/arduino-testlib/cli-datadir/user/libraries/Arduboy2/src/Arduboy2.h:12:0,
                 from /tmp/arduino-testlib3120525808/test/test.ino:1:
/home/ec2-user/arduino-testlib/cli-datadir/user/libraries/Arduboy2/src/Arduboy2Core.h:11:23: fatal error: avr/power.h: No such file or directory
compilation terminated.
Multiple libraries were found for &#34;EEPROM.h&#34;
  Used: /home/ec2-user/arduino-testlib/cli-datadir/data/packages/esp32/hardware/esp32/1.0.6/libraries/EEPROM
  Not used: /home/ec2-user/arduino-testlib/cli-datadir/user/libraries/Hello_Drum
  Not used: /home/ec2-user/arduino-testlib/cli-datadir/user/libraries/arduino-NVM
</pre>

					
					<h4>examples/ArduBreakout</h4>
					<p>
						Result: <b>FAIL</b>
					</p>
					<pre class="pre-scrollable">In file included from /home/ec2-user/arduino-testlib/cli-datadir/user/libraries/Arduboy2/src/Arduboy2.h:12:0,
                 from /home/ec2-user/arduino-testlib/cli-datadir/user/libraries/Arduboy2/examples/ArduBreakout/ArduBreakout.ino:15:
/home/ec2-user/arduino-testlib/cli-datadir/user/libraries/Arduboy2/src/Arduboy2Core.h:11:23: fatal error: avr/power.h: No such file or directory
compilation terminated.
Multiple libraries were found for &#34;EEPROM.h&#34;
  Used: /home/ec2-user/arduino-testlib/cli-datadir/data/packages/esp32/hardware/esp32/1.0.6/libraries/EEPROM
  Not used: /home/ec2-user/arduino-testlib/cli-datadir/user/libraries/arduino-NVM
  Not used: /home/ec2-user/arduino-testlib/cli-datadir/user/libraries/Hello_Drum
</pre>
					
					<h4>examples/BeepDemo</h4>
					<p>
						Result: <b>FAIL</b>
					</p>
					<pre class="pre-scrollable">In file included from /home/ec2-user/arduino-testlib/cli-datadir/user/libraries/Arduboy2/src/Arduboy2.h:12:0,
                 from /home/ec2-user/arduino-testlib/cli-datadir/user/libraries/Arduboy2/examples/BeepDemo/BeepDemo.ino:21:
/home/ec2-user/arduino-testlib/cli-datadir/user/libraries/Arduboy2/src/Arduboy2Core.h:11:23: fatal error: avr/power.h: No such file or directory
compilation terminated.
Multiple libraries were found for &#34;EEPROM.h&#34;
  Used: /home/ec2-user/arduino-testlib/cli-datadir/data/packages/esp32/hardware/esp32/1.0.6/libraries/EEPROM
  Not used: /home/ec2-user/arduino-testlib/cli-datadir/user/libraries/arduino-NVM
  Not used: /home/ec2-user/arduino-testlib/cli-datadir/user/libraries/Hello_Drum
</pre>
					
					<h4>examples/Buttons</h4>
					<p>
						Result: <b>FAIL</b>
					</p>
					<pre class="pre-scrollable">In file included from /home/ec2-user/arduino-testlib/cli-datadir/user/libraries/Arduboy2/src/Arduboy2.h:12:0,
                 from /home/ec2-user/arduino-testlib/cli-datadir/user/libraries/Arduboy2/examples/Buttons/Buttons.ino:15:
/home/ec2-user/arduino-testlib/cli-datadir/user/libraries/Arduboy2/src/Arduboy2Core.h:11:23: fatal error: avr/power.h: No such file or directory
compilation terminated.
Multiple libraries were found for &#34;EEPROM.h&#34;
  Used: /home/ec2-user/arduino-testlib/cli-datadir/data/packages/esp32/hardware/esp32/1.0.6/libraries/EEPROM
  Not used: /home/ec2-user/arduino-testlib/cli-datadir/user/libraries/arduino-NVM
  Not used: /home/ec2-user/arduino-testlib/cli-datadir/user/libraries/Hello_Drum
</pre>
					
					<h4>examples/FontDemo</h4>
					<p>
						Result: <b>FAIL</b>
					</p>
					<pre class="pre-scrollable">In file included from /home/ec2-user/arduino-testlib/cli-datadir/user/libraries/Arduboy2/src/Arduboy2.h:12:0,
                 from /home/ec2-user/arduino-testlib/cli-datadir/user/libraries/Arduboy2/examples/FontDemo/FontDemo.ino:31:
/home/ec2-user/arduino-testlib/cli-datadir/user/libraries/Arduboy2/src/Arduboy2Core.h:11:23: fatal error: avr/power.h: No such file or directory
compilation terminated.
Multiple libraries were found for &#34;EEPROM.h&#34;
  Used: /home/ec2-user/arduino-testlib/cli-datadir/data/packages/esp32/hardware/esp32/1.0.6/libraries/EEPROM
  Not used: /home/ec2-user/arduino-testlib/cli-datadir/user/libraries/arduino-NVM
  Not used: /home/ec2-user/arduino-testlib/cli-datadir/user/libraries/Hello_Drum
</pre>
					
					<h4>examples/HelloWorld</h4>
					<p>
						Result: <b>FAIL</b>
					</p>
					<pre class="pre-scrollable">In file included from /home/ec2-user/arduino-testlib/cli-datadir/user/libraries/Arduboy2/src/Arduboy2.h:12:0,
                 from /home/ec2-user/arduino-testlib/cli-datadir/user/libraries/Arduboy2/examples/HelloWorld/HelloWorld.ino:14:
/home/ec2-user/arduino-testlib/cli-datadir/user/libraries/Arduboy2/src/Arduboy2Core.h:11:23: fatal error: avr/power.h: No such file or directory
compilation terminated.
Multiple libraries were found for &#34;EEPROM.h&#34;
  Used: /home/ec2-user/arduino-testlib/cli-datadir/data/packages/esp32/hardware/esp32/1.0.6/libraries/EEPROM
  Not used: /home/ec2-user/arduino-testlib/cli-datadir/user/libraries/arduino-NVM
  Not used: /home/ec2-user/arduino-testlib/cli-datadir/user/libraries/Hello_Drum
</pre>
					
					<h4>examples/PlayTune</h4>
					<p>
						Result: <b>FAIL</b>
					</p>
					<pre class="pre-scrollable">In file included from /home/ec2-user/arduino-testlib/cli-datadir/user/libraries/Arduboy2/src/Arduboy2.h:12:0,
                 from /home/ec2-user/arduino-testlib/cli-datadir/user/libraries/Arduboy2/examples/PlayTune/PlayTune.ino:19:
/home/ec2-user/arduino-testlib/cli-datadir/user/libraries/Arduboy2/src/Arduboy2Core.h:11:23: fatal error: avr/power.h: No such file or directory
compilation terminated.
Multiple libraries were found for &#34;EEPROM.h&#34;
  Used: /home/ec2-user/arduino-testlib/cli-datadir/data/packages/esp32/hardware/esp32/1.0.6/libraries/EEPROM
  Not used: /home/ec2-user/arduino-testlib/cli-datadir/user/libraries/Hello_Drum
  Not used: /home/ec2-user/arduino-testlib/cli-datadir/user/libraries/arduino-NVM
</pre>
					
					<h4>examples/RGBled</h4>
					<p>
						Result: <b>FAIL</b>
					</p>
					<pre class="pre-scrollable">In file included from /home/ec2-user/arduino-testlib/cli-datadir/user/libraries/Arduboy2/src/Arduboy2.h:12:0,
                 from /home/ec2-user/arduino-testlib/cli-datadir/user/libraries/Arduboy2/examples/RGBled/RGBled.ino:19:
/home/ec2-user/arduino-testlib/cli-datadir/user/libraries/Arduboy2/src/Arduboy2Core.h:11:23: fatal error: avr/power.h: No such file or directory
compilation terminated.
Multiple libraries were found for &#34;EEPROM.h&#34;
  Used: /home/ec2-user/arduino-testlib/cli-datadir/data/packages/esp32/hardware/esp32/1.0.6/libraries/EEPROM
  Not used: /home/ec2-user/arduino-testlib/cli-datadir/user/libraries/arduino-NVM
  Not used: /home/ec2-user/arduino-testlib/cli-datadir/user/libraries/Hello_Drum
</pre>
					
					<h4>examples/SetSystemEEPROM</h4>
					<p>
						Result: <b>FAIL</b>
					</p>
					<pre class="pre-scrollable">In file included from /home/ec2-user/arduino-testlib/cli-datadir/user/libraries/Arduboy2/src/Arduboy2.h:12:0,
                 from /home/ec2-user/arduino-testlib/cli-datadir/user/libraries/Arduboy2/examples/SetSystemEEPROM/SetSystemEEPROM.ino:68:
/home/ec2-user/arduino-testlib/cli-datadir/user/libraries/Arduboy2/src/Arduboy2Core.h:11:23: fatal error: avr/power.h: No such file or directory
compilation terminated.
Multiple libraries were found for &#34;EEPROM.h&#34;
  Used: /home/ec2-user/arduino-testlib/cli-datadir/data/packages/esp32/hardware/esp32/1.0.6/libraries/EEPROM
  Not used: /home/ec2-user/arduino-testlib/cli-datadir/user/libraries/arduino-NVM
  Not used: /home/ec2-user/arduino-testlib/cli-datadir/user/libraries/Hello_Drum
</pre>
					
				
			</div>
		</div>
	</div>
  </body>
</html>
