
<!doctype html>
<html lang="en">
  <head>
    <meta charset="utf-8">
    <meta name="viewport" content="width=device-width, initial-scale=1">
    <link href="https://cdn.jsdelivr.net/npm/bootstrap@5.0.2/dist/css/bootstrap.min.css" rel="stylesheet" integrity="sha384-EVSTQN3/azprG1Anm3QDgpJLIm9Nao0Yz1ztcQTwFspd3yD65VohhpuuCOmLASjC" crossorigin="anonymous">
    <title>arduino-testlib report</title>
	<style>
	.pass { background-color: #00FF00 !important; }
	.fail { background-color: #FF0000 !important; }
	</style>
  </head>
  <body>
	<div class="container">
		<div class="row">
			<div class="col">
				<h1>Arduino_ScienceJournal - compatibility matrix</h1>
				<p>
					<small>This report was generated on Wednesday, 23-Feb-22 22:48:15 CET using 
					<a href="https://github.com/alranel/arduino-testlib">arduino-testlib</a>.</small>
				</p>

				<h2>Arduino_ScienceJournal</h2>
				<p>
					Version: <b>1.1.1</b>
					<br />
					<a href="https://www.arduino.cc/reference/en/libraries/arduino_sciencejournal/">More details</a>
				</p>

				<h2>Compatibility matrix</h2>
				<table class="table table-bordered">
					<tr>
						<th>Board</th>
						<th>Claims compatibility</th>
						<th>Inclusion</th>
						
						<th><pre>Nano33BLESenseFirmware</pre></th>
						
						<th><pre>PhysicsLabFirmware</pre></th>
						
					</tr>
					
					<tr>
						<td>
							<a href="#arduino%3aavr%3auno"><b>arduino:avr:uno</b></a>
							<br />
							<small>1.8.4</small>
						</td>

						
						
							<td>No ⚠️</td>
							<td class="pass">PASS</td>
						
						
						

						
							
								
									
										
											
											<td class="fail">FAIL</td>
										
									
										
									
								
							
								
							
								
							
								
							
								
							
						
							
								
									
										
									
										
											
											<td class="fail">FAIL</td>
										
									
								
							
								
							
								
							
								
							
								
							
						
					</tr>
					
					<tr>
						<td>
							<a href="#arduino%3ambed_nano%3ananorp2040connect"><b>arduino:mbed_nano:nanorp2040connect</b></a>
							<br />
							<small>2.7.2</small>
						</td>

						
						
							<td>No ⚠️</td>
							<td class="pass">PASS</td>
						
						
						

						
							
								
							
								
									
										
											
											<td class="fail">FAIL</td>
										
									
										
									
								
							
								
							
								
							
								
							
						
							
								
							
								
									
										
									
										
											
											<td class="fail">FAIL</td>
										
									
								
							
								
							
								
							
								
							
						
					</tr>
					
					<tr>
						<td>
							<a href="#arduino%3amegaavr%3anona4809"><b>arduino:megaavr:nona4809</b></a>
							<br />
							<small>1.8.7</small>
						</td>

						
						
							<td>No ⚠️</td>
							<td class="pass">PASS</td>
						
						
						

						
							
								
							
								
							
								
									
										
											
											<td class="fail">FAIL</td>
										
									
										
									
								
							
								
							
								
							
						
							
								
							
								
							
								
									
										
									
										
											
											<td class="fail">FAIL</td>
										
									
								
							
								
							
								
							
						
					</tr>
					
					<tr>
						<td>
							<a href="#arduino%3asamd%3amkrwifi1010"><b>arduino:samd:mkrwifi1010</b></a>
							<br />
							<small>1.8.12</small>
						</td>

						
							<td>Yes</td>
							<td class="pass">PASS</td>
						
						
						
						

						
							
								
							
								
							
								
							
								
									
										
											
											<td class="fail">FAIL</td>
										
									
										
									
								
							
								
							
						
							
								
							
								
							
								
							
								
									
										
									
										
											
											<td class="fail">FAIL</td>
										
									
								
							
								
							
						
					</tr>
					
					<tr>
						<td>
							<a href="#esp32%3aesp32%3ad1_mini32"><b>esp32:esp32:d1_mini32</b></a>
							<br />
							<small>1.0.6</small>
						</td>

						
						
						
						
							<td>No</td>
							<td class="fail">FAIL</td>
						

						
							
								
							
								
							
								
							
								
							
								
									
										
											
											<td class="fail">FAIL</td>
										
									
										
									
								
							
						
							
								
							
								
							
								
							
								
							
								
									
										
									
										
											
											<td class="fail">FAIL</td>
										
									
								
							
						
					</tr>
					
				</table>

				<h2>Compilation logs</h2>
				
				<h3 id="arduino:avr:uno">arduino:avr:uno @ 1.8.4</h3>
				<h4>Inclusion</h4>
				<p>
					Result: <b>PASS</b>
					
					<br />This library has no main header file so an empty one was created.
					
				</p>
				<pre class="pre-scrollable">WARNING: library Arduino_ScienceJournal claims to run on samd, nrf52, mbed architecture(s) and may be incompatible with your current board which runs on avr architecture(s).
Sketch uses 2342 bytes (7%) of program storage space. Maximum is 32256 bytes.
Global variables use 162 bytes (7%) of dynamic memory, leaving 1886 bytes for local variables. Maximum is 2048 bytes.
In file included from /Users/alranel/Documents/git/arduino/arduino-testlib/cli-datadir/user/libraries/Arduino_ScienceJournal/src/INA226.h:24:0,
                 from /Users/alranel/Documents/git/arduino/arduino-testlib/cli-datadir/user/libraries/Arduino_ScienceJournal/src/INA226.cpp:20:
/Users/alranel/Documents/git/arduino/arduino-testlib/cli-datadir/data/packages/arduino/hardware/avr/1.8.4/libraries/Wire/src/Wire.h: In member function &#39;long int INA226Class::readRegister(uint8_t)&#39;:
/Users/alranel/Documents/git/arduino/arduino-testlib/cli-datadir/data/packages/arduino/hardware/avr/1.8.4/libraries/Wire/src/Wire.h:68:13: note: candidate 1: uint8_t TwoWire::requestFrom(int, int)
     uint8_t requestFrom(int, int);
             ^~~~~~~~~~~
/Users/alranel/Documents/git/arduino/arduino-testlib/cli-datadir/data/packages/arduino/hardware/avr/1.8.4/libraries/Wire/src/Wire.h:65:13: note: candidate 2: uint8_t TwoWire::requestFrom(uint8_t, uint8_t)
     uint8_t requestFrom(uint8_t, uint8_t);
             ^~~~~~~~~~~
</pre>

					
					<h4>examples/Nano33BLESenseFirmware</h4>
					<p>
						Result: <b>FAIL</b>
					</p>
					<pre class="pre-scrollable">In file included from /Users/alranel/Documents/git/arduino/arduino-testlib/cli-datadir/user/libraries/Arduino_ScienceJournal/examples/Nano33BLESenseFirmware/Nano33BLESenseFirmware.ino:2:0:
/Users/alranel/Documents/git/arduino/arduino-testlib/cli-datadir/user/libraries/Arduino_CMSIS-DSP/src/arm_math.h:390:10: fatal error: cmsis_compiler.h: No such file or directory
 #include &#34;cmsis_compiler.h&#34;
          ^~~~~~~~~~~~~~~~~~
compilation terminated.

</pre>
					
					<h4>examples/PhysicsLabFirmware</h4>
					<p>
						Result: <b>FAIL</b>
					</p>
					<pre class="pre-scrollable">WARNING: library ArduinoBLE claims to run on samd, megaavr, mbed, apollo3, mbed_nano, mbed_portenta architecture(s) and may be incompatible with your current board which runs on avr architecture(s).
/Users/alranel/Documents/git/arduino/arduino-testlib/cli-datadir/user/libraries/Arduino_ScienceJournal/examples/PhysicsLabFirmware/PhysicsLabFirmware.ino: In function &#39;void setup()&#39;:
/Users/alranel/Documents/git/arduino/arduino-testlib/cli-datadir/user/libraries/Arduino_ScienceJournal/examples/PhysicsLabFirmware/PhysicsLabFirmware.ino:83:14: error: expected primary-expression before &#39;.&#39; token
   if (!INA226.begin(0x45)) {
              ^
/Users/alranel/Documents/git/arduino/arduino-testlib/cli-datadir/user/libraries/Arduino_ScienceJournal/examples/PhysicsLabFirmware/PhysicsLabFirmware.ino: In function &#39;void updateSubscribedCharacteristics()&#39;:
/Users/alranel/Documents/git/arduino/arduino-testlib/cli-datadir/user/libraries/Arduino_ScienceJournal/examples/PhysicsLabFirmware/PhysicsLabFirmware.ino:182:27: error: expected primary-expression before &#39;.&#39; token
     float voltage = INA226.readBusVoltage();
                           ^
/Users/alranel/Documents/git/arduino/arduino-testlib/cli-datadir/user/libraries/Arduino_ScienceJournal/examples/PhysicsLabFirmware/PhysicsLabFirmware.ino:188:27: error: expected primary-expression before &#39;.&#39; token
     float current = INA226.readCurrent();
                           ^
Multiple libraries were found for &#34;Adafruit_Sensor.h&#34;
  Used: /Users/alranel/Documents/git/arduino/arduino-testlib/cli-datadir/user/libraries/Adafruit_Unified_Sensor
  Not used: /Users/alranel/Documents/git/arduino/arduino-testlib/cli-datadir/user/libraries/ClimaStick
  Not used: /Users/alranel/Documents/git/arduino/arduino-testlib/cli-datadir/user/libraries/ArdUAV
Multiple libraries were found for &#34;INA226.h&#34;
  Used: /Users/alranel/Documents/git/arduino/arduino-testlib/cli-datadir/user/libraries/INA226
  Not used: /Users/alranel/Documents/git/arduino/arduino-testlib/cli-datadir/user/libraries/GyverINA
  Not used: /Users/alranel/Documents/git/arduino/arduino-testlib/cli-datadir/user/libraries/Arduino_ScienceJournal
  Not used: /Users/alranel/Documents/git/arduino/arduino-testlib/cli-datadir/user/libraries/INA226Lib
</pre>
					
				
				<h3 id="arduino:mbed_nano:nanorp2040connect">arduino:mbed_nano:nanorp2040connect @ 2.7.2</h3>
				<h4>Inclusion</h4>
				<p>
					Result: <b>PASS</b>
					
				</p>
				<pre class="pre-scrollable">WARNING: library Arduino_ScienceJournal claims to run on samd, nrf52, mbed architecture(s) and may be incompatible with your current board which runs on mbed_nano architecture(s).
Sketch uses 81770 bytes (0%) of program storage space. Maximum is 16777216 bytes.
Global variables use 44236 bytes (16%) of dynamic memory, leaving 226100 bytes for local variables. Maximum is 270336 bytes.
</pre>

					
					<h4>examples/Nano33BLESenseFirmware</h4>
					<p>
						Result: <b>FAIL</b>
					</p>
					<pre class="pre-scrollable">/home/ec2-user/arduino-testlib/cli-datadir/user/libraries/Arduino_ScienceJournal/examples/Nano33BLESenseFirmware/LowPower.cpp:6:10: fatal error: nrf_power.h: No such file or directory
 #include &#34;nrf_power.h&#34;
          ^~~~~~~~~~~~~
compilation terminated.

</pre>
					
					<h4>examples/PhysicsLabFirmware</h4>
					<p>
						Result: <b>FAIL</b>
					</p>
					<pre class="pre-scrollable">/home/ec2-user/arduino-testlib/cli-datadir/user/libraries/Arduino_ScienceJournal/examples/PhysicsLabFirmware/PhysicsLabFirmware.ino: In function &#39;void setup()&#39;:
/home/ec2-user/arduino-testlib/cli-datadir/user/libraries/Arduino_ScienceJournal/examples/PhysicsLabFirmware/PhysicsLabFirmware.ino:83:14: error: expected primary-expression before &#39;.&#39; token
   if (!INA226.begin(0x45)) {
              ^
/home/ec2-user/arduino-testlib/cli-datadir/user/libraries/Arduino_ScienceJournal/examples/PhysicsLabFirmware/PhysicsLabFirmware.ino: In function &#39;void updateSubscribedCharacteristics()&#39;:
/home/ec2-user/arduino-testlib/cli-datadir/user/libraries/Arduino_ScienceJournal/examples/PhysicsLabFirmware/PhysicsLabFirmware.ino:182:27: error: expected primary-expression before &#39;.&#39; token
     float voltage = INA226.readBusVoltage();
                           ^
/home/ec2-user/arduino-testlib/cli-datadir/user/libraries/Arduino_ScienceJournal/examples/PhysicsLabFirmware/PhysicsLabFirmware.ino:188:27: error: expected primary-expression before &#39;.&#39; token
     float current = INA226.readCurrent();
                           ^
Multiple libraries were found for &#34;Adafruit_Sensor.h&#34;
  Used: /home/ec2-user/arduino-testlib/cli-datadir/user/libraries/Adafruit_Unified_Sensor
  Not used: /home/ec2-user/arduino-testlib/cli-datadir/user/libraries/ClimaStick
  Not used: /home/ec2-user/arduino-testlib/cli-datadir/user/libraries/ArdUAV
Multiple libraries were found for &#34;INA226.h&#34;
  Used: /home/ec2-user/arduino-testlib/cli-datadir/user/libraries/INA226
  Not used: /home/ec2-user/arduino-testlib/cli-datadir/user/libraries/INA226Lib
  Not used: /home/ec2-user/arduino-testlib/cli-datadir/user/libraries/Arduino_ScienceJournal
  Not used: /home/ec2-user/arduino-testlib/cli-datadir/user/libraries/GyverINA
</pre>
					
				
				<h3 id="arduino:megaavr:nona4809">arduino:megaavr:nona4809 @ 1.8.7</h3>
				<h4>Inclusion</h4>
				<p>
					Result: <b>PASS</b>
					
				</p>
				<pre class="pre-scrollable">WARNING: library Arduino_ScienceJournal claims to run on samd, nrf52, mbed architecture(s) and may be incompatible with your current board which runs on megaavr architecture(s).
Sketch uses 3810 bytes (7%) of program storage space. Maximum is 49152 bytes.
Global variables use 339 bytes (5%) of dynamic memory, leaving 5805 bytes for local variables. Maximum is 6144 bytes.
In file included from /home/ec2-user/arduino-testlib/cli-datadir/user/libraries/Arduino_ScienceJournal/src/INA226.h:24:0,
                 from /home/ec2-user/arduino-testlib/cli-datadir/user/libraries/Arduino_ScienceJournal/src/INA226.cpp:20:
/home/ec2-user/arduino-testlib/cli-datadir/data/packages/arduino/hardware/megaavr/1.8.7/libraries/Wire/src/Wire.h: In member function &#39;long int INA226Class::readRegister(uint8_t)&#39;:
/home/ec2-user/arduino-testlib/cli-datadir/data/packages/arduino/hardware/megaavr/1.8.7/libraries/Wire/src/Wire.h:63:12: note: candidate 1: size_t TwoWire::requestFrom(int, int)
     size_t requestFrom(int, int);
            ^~~~~~~~~~~
/home/ec2-user/arduino-testlib/cli-datadir/data/packages/arduino/hardware/megaavr/1.8.7/libraries/Wire/src/Wire.h:61:12: note: candidate 2: virtual size_t TwoWire::requestFrom(uint8_t, size_t)
     size_t requestFrom(uint8_t, size_t);
            ^~~~~~~~~~~
</pre>

					
					<h4>examples/Nano33BLESenseFirmware</h4>
					<p>
						Result: <b>FAIL</b>
					</p>
					<pre class="pre-scrollable">In file included from /home/ec2-user/arduino-testlib/cli-datadir/user/libraries/Arduino_ScienceJournal/examples/Nano33BLESenseFirmware/Nano33BLESenseFirmware.ino:2:0:
/home/ec2-user/arduino-testlib/cli-datadir/user/libraries/Arduino_CMSIS-DSP/src/arm_math.h:390:10: fatal error: cmsis_compiler.h: No such file or directory
 #include &#34;cmsis_compiler.h&#34;
          ^~~~~~~~~~~~~~~~~~
compilation terminated.

</pre>
					
					<h4>examples/PhysicsLabFirmware</h4>
					<p>
						Result: <b>FAIL</b>
					</p>
					<pre class="pre-scrollable">/home/ec2-user/arduino-testlib/cli-datadir/user/libraries/Arduino_ScienceJournal/examples/PhysicsLabFirmware/PhysicsLabFirmware.ino: In function &#39;void setup()&#39;:
/home/ec2-user/arduino-testlib/cli-datadir/user/libraries/Arduino_ScienceJournal/examples/PhysicsLabFirmware/PhysicsLabFirmware.ino:83:14: error: expected primary-expression before &#39;.&#39; token
   if (!INA226.begin(0x45)) {
              ^
/home/ec2-user/arduino-testlib/cli-datadir/user/libraries/Arduino_ScienceJournal/examples/PhysicsLabFirmware/PhysicsLabFirmware.ino: In function &#39;void updateSubscribedCharacteristics()&#39;:
/home/ec2-user/arduino-testlib/cli-datadir/user/libraries/Arduino_ScienceJournal/examples/PhysicsLabFirmware/PhysicsLabFirmware.ino:182:27: error: expected primary-expression before &#39;.&#39; token
     float voltage = INA226.readBusVoltage();
                           ^
/home/ec2-user/arduino-testlib/cli-datadir/user/libraries/Arduino_ScienceJournal/examples/PhysicsLabFirmware/PhysicsLabFirmware.ino:188:27: error: expected primary-expression before &#39;.&#39; token
     float current = INA226.readCurrent();
                           ^
Multiple libraries were found for &#34;Adafruit_Sensor.h&#34;
  Used: /home/ec2-user/arduino-testlib/cli-datadir/user/libraries/Adafruit_Unified_Sensor
  Not used: /home/ec2-user/arduino-testlib/cli-datadir/user/libraries/ClimaStick
  Not used: /home/ec2-user/arduino-testlib/cli-datadir/user/libraries/ArdUAV
Multiple libraries were found for &#34;INA226.h&#34;
  Used: /home/ec2-user/arduino-testlib/cli-datadir/user/libraries/INA226
  Not used: /home/ec2-user/arduino-testlib/cli-datadir/user/libraries/GyverINA
  Not used: /home/ec2-user/arduino-testlib/cli-datadir/user/libraries/INA226Lib
  Not used: /home/ec2-user/arduino-testlib/cli-datadir/user/libraries/Arduino_ScienceJournal
</pre>
					
				
				<h3 id="arduino:samd:mkrwifi1010">arduino:samd:mkrwifi1010 @ 1.8.12</h3>
				<h4>Inclusion</h4>
				<p>
					Result: <b>PASS</b>
					
					<br />This library has no main header file so an empty one was created.
					
				</p>
				<pre class="pre-scrollable">Sketch uses 13724 bytes (5%) of program storage space. Maximum is 262144 bytes.
Global variables use 3596 bytes (10%) of dynamic memory, leaving 29172 bytes for local variables. Maximum is 32768 bytes.
</pre>

					
					<h4>examples/Nano33BLESenseFirmware</h4>
					<p>
						Result: <b>FAIL</b>
					</p>
					<pre class="pre-scrollable">In file included from /Users/alranel/Documents/git/arduino/arduino-testlib/cli-datadir/user/libraries/Arduino_ScienceJournal/examples/Nano33BLESenseFirmware/Nano33BLESenseFirmware.ino:2:0:
/Users/alranel/Documents/git/arduino/arduino-testlib/cli-datadir/data/packages/arduino/tools/CMSIS/4.5.0/CMSIS/Include/arm_math.h:314:4: error: #error &#34;Define according the used Cortex core ARM_MATH_CM7, ARM_MATH_CM4, ARM_MATH_CM3, ARM_MATH_CM0PLUS or ARM_MATH_CM0&#34;
   #error &#34;Define according the used Cortex core ARM_MATH_CM7, ARM_MATH_CM4, ARM_MATH_CM3, ARM_MATH_CM0PLUS or ARM_MATH_CM0&#34;
    ^~~~~
/Users/alranel/Documents/git/arduino/arduino-testlib/cli-datadir/user/libraries/Arduino_ScienceJournal/examples/Nano33BLESenseFirmware/Nano33BLESenseFirmware.ino:8:10: fatal error: PDM.h: No such file or directory
 #include &lt;PDM.h&gt;
          ^~~~~~~
compilation terminated.

</pre>
					
					<h4>examples/PhysicsLabFirmware</h4>
					<p>
						Result: <b>FAIL</b>
					</p>
					<pre class="pre-scrollable">/Users/alranel/Documents/git/arduino/arduino-testlib/cli-datadir/user/libraries/Arduino_ScienceJournal/examples/PhysicsLabFirmware/PhysicsLabFirmware.ino: In function &#39;void setup()&#39;:
/Users/alranel/Documents/git/arduino/arduino-testlib/cli-datadir/user/libraries/Arduino_ScienceJournal/examples/PhysicsLabFirmware/PhysicsLabFirmware.ino:83:14: error: expected primary-expression before &#39;.&#39; token
   if (!INA226.begin(0x45)) {
              ^
/Users/alranel/Documents/git/arduino/arduino-testlib/cli-datadir/user/libraries/Arduino_ScienceJournal/examples/PhysicsLabFirmware/PhysicsLabFirmware.ino: In function &#39;void updateSubscribedCharacteristics()&#39;:
/Users/alranel/Documents/git/arduino/arduino-testlib/cli-datadir/user/libraries/Arduino_ScienceJournal/examples/PhysicsLabFirmware/PhysicsLabFirmware.ino:182:27: error: expected primary-expression before &#39;.&#39; token
     float voltage = INA226.readBusVoltage();
                           ^
/Users/alranel/Documents/git/arduino/arduino-testlib/cli-datadir/user/libraries/Arduino_ScienceJournal/examples/PhysicsLabFirmware/PhysicsLabFirmware.ino:188:27: error: expected primary-expression before &#39;.&#39; token
     float current = INA226.readCurrent();
                           ^
Multiple libraries were found for &#34;INA226.h&#34;
  Used: /Users/alranel/Documents/git/arduino/arduino-testlib/cli-datadir/user/libraries/INA226
  Not used: /Users/alranel/Documents/git/arduino/arduino-testlib/cli-datadir/user/libraries/GyverINA
  Not used: /Users/alranel/Documents/git/arduino/arduino-testlib/cli-datadir/user/libraries/INA226Lib
  Not used: /Users/alranel/Documents/git/arduino/arduino-testlib/cli-datadir/user/libraries/Arduino_ScienceJournal
Multiple libraries were found for &#34;Adafruit_Sensor.h&#34;
  Used: /Users/alranel/Documents/git/arduino/arduino-testlib/cli-datadir/user/libraries/Adafruit_Unified_Sensor
  Not used: /Users/alranel/Documents/git/arduino/arduino-testlib/cli-datadir/user/libraries/ArdUAV
  Not used: /Users/alranel/Documents/git/arduino/arduino-testlib/cli-datadir/user/libraries/ClimaStick
</pre>
					
				
				<h3 id="esp32:esp32:d1_mini32">esp32:esp32:d1_mini32 @ 1.0.6</h3>
				<h4>Inclusion</h4>
				<p>
					Result: <b>FAIL</b>
					
				</p>
				<pre class="pre-scrollable">WARNING: library Arduino_ScienceJournal claims to run on samd, nrf52, mbed architecture(s) and may be incompatible with your current board which runs on esp32 architecture(s).
/home/ec2-user/arduino-testlib/cli-datadir/user/libraries/Arduino_ScienceJournal/src/INA226.cpp: In member function &#39;void INA226Class::end()&#39;:
/home/ec2-user/arduino-testlib/cli-datadir/user/libraries/Arduino_ScienceJournal/src/INA226.cpp:56:10: error: &#39;class TwoWire&#39; has no member named &#39;end&#39;
   _wire-&gt;end();
          ^
In file included from /home/ec2-user/arduino-testlib/cli-datadir/user/libraries/Arduino_ScienceJournal/src/INA226.h:24:0,
                 from /home/ec2-user/arduino-testlib/cli-datadir/user/libraries/Arduino_ScienceJournal/src/INA226.cpp:20:
/home/ec2-user/arduino-testlib/cli-datadir/data/packages/esp32/hardware/esp32/1.0.6/libraries/Wire/src/Wire.h: In member function &#39;long int INA226Class::readRegister(uint8_t)&#39;:
/home/ec2-user/arduino-testlib/cli-datadir/data/packages/esp32/hardware/esp32/1.0.6/libraries/Wire/src/Wire.h:103:13: note: candidate 1: uint8_t TwoWire::requestFrom(int, int)
     uint8_t requestFrom(int address, int size);
             ^
/home/ec2-user/arduino-testlib/cli-datadir/data/packages/esp32/hardware/esp32/1.0.6/libraries/Wire/src/Wire.h:101:13: note: candidate 2: uint8_t TwoWire::requestFrom(uint8_t, uint8_t)
     uint8_t requestFrom(uint8_t address, uint8_t size);
             ^

</pre>

					
					<h4>examples/Nano33BLESenseFirmware</h4>
					<p>
						Result: <b>FAIL</b>
					</p>
					<pre class="pre-scrollable">In file included from /home/ec2-user/arduino-testlib/cli-datadir/user/libraries/Arduino_ScienceJournal/examples/Nano33BLESenseFirmware/Nano33BLESenseFirmware.ino:2:0:
/home/ec2-user/arduino-testlib/cli-datadir/user/libraries/Arduino_CMSIS-DSP/src/arm_math.h:390:28: fatal error: cmsis_compiler.h: No such file or directory
compilation terminated.

</pre>
					
					<h4>examples/PhysicsLabFirmware</h4>
					<p>
						Result: <b>FAIL</b>
					</p>
					<pre class="pre-scrollable">WARNING: library ArduinoBLE claims to run on samd, megaavr, mbed, apollo3, mbed_nano, mbed_portenta architecture(s) and may be incompatible with your current board which runs on esp32 architecture(s).
/home/ec2-user/arduino-testlib/cli-datadir/user/libraries/Arduino_ScienceJournal/examples/PhysicsLabFirmware/PhysicsLabFirmware.ino:45:32: error: &#39;A1&#39; was not declared in this scope
 const int INPUT2_PIN         = A1;
                                ^
/home/ec2-user/arduino-testlib/cli-datadir/user/libraries/Arduino_ScienceJournal/examples/PhysicsLabFirmware/PhysicsLabFirmware.ino:49:32: error: &#39;A2&#39; was not declared in this scope
 const int RESISTANCE_PIN     = A2;
                                ^
/home/ec2-user/arduino-testlib/cli-datadir/user/libraries/Arduino_ScienceJournal/examples/PhysicsLabFirmware/PhysicsLabFirmware.ino: In function &#39;void setup()&#39;:
/home/ec2-user/arduino-testlib/cli-datadir/user/libraries/Arduino_ScienceJournal/examples/PhysicsLabFirmware/PhysicsLabFirmware.ino:83:14: error: expected primary-expression before &#39;.&#39; token
   if (!INA226.begin(0x45)) {
              ^
/home/ec2-user/arduino-testlib/cli-datadir/user/libraries/Arduino_ScienceJournal/examples/PhysicsLabFirmware/PhysicsLabFirmware.ino: In function &#39;void loop()&#39;:
/home/ec2-user/arduino-testlib/cli-datadir/user/libraries/Arduino_ScienceJournal/examples/PhysicsLabFirmware/PhysicsLabFirmware.ino:144:53: error: &#39;analogWrite&#39; was not declared in this scope
       analogWrite(LED_PIN, ledCharacteristic.value());
                                                     ^
/home/ec2-user/arduino-testlib/cli-datadir/user/libraries/Arduino_ScienceJournal/examples/PhysicsLabFirmware/PhysicsLabFirmware.ino:148:60: error: &#39;analogWrite&#39; was not declared in this scope
       analogWrite(OUTPUT1_PIN, ouput1Characteristic.value());
                                                            ^
/home/ec2-user/arduino-testlib/cli-datadir/user/libraries/Arduino_ScienceJournal/examples/PhysicsLabFirmware/PhysicsLabFirmware.ino:152:60: error: &#39;analogWrite&#39; was not declared in this scope
       analogWrite(OUTPUT2_PIN, ouput2Characteristic.value());
                                                            ^
/home/ec2-user/arduino-testlib/cli-datadir/user/libraries/Arduino_ScienceJournal/examples/PhysicsLabFirmware/PhysicsLabFirmware.ino: In function &#39;void updateSubscribedCharacteristics()&#39;:
/home/ec2-user/arduino-testlib/cli-datadir/user/libraries/Arduino_ScienceJournal/examples/PhysicsLabFirmware/PhysicsLabFirmware.ino:182:27: error: expected primary-expression before &#39;.&#39; token
     float voltage = INA226.readBusVoltage();
                           ^
/home/ec2-user/arduino-testlib/cli-datadir/user/libraries/Arduino_ScienceJournal/examples/PhysicsLabFirmware/PhysicsLabFirmware.ino:188:27: error: expected primary-expression before &#39;.&#39; token
     float current = INA226.readCurrent();
                           ^
Multiple libraries were found for &#34;Adafruit_Sensor.h&#34;
  Used: /home/ec2-user/arduino-testlib/cli-datadir/user/libraries/Adafruit_Unified_Sensor
  Not used: /home/ec2-user/arduino-testlib/cli-datadir/user/libraries/ClimaStick
  Not used: /home/ec2-user/arduino-testlib/cli-datadir/user/libraries/ArdUAV
Multiple libraries were found for &#34;INA226.h&#34;
  Used: /home/ec2-user/arduino-testlib/cli-datadir/user/libraries/INA226
  Not used: /home/ec2-user/arduino-testlib/cli-datadir/user/libraries/INA226Lib
  Not used: /home/ec2-user/arduino-testlib/cli-datadir/user/libraries/Arduino_ScienceJournal
  Not used: /home/ec2-user/arduino-testlib/cli-datadir/user/libraries/GyverINA
</pre>
					
				
			</div>
		</div>
	</div>
  </body>
</html>
