
<!doctype html>
<html lang="en">
  <head>
    <meta charset="utf-8">
    <meta name="viewport" content="width=device-width, initial-scale=1">
    <link href="https://cdn.jsdelivr.net/npm/bootstrap@5.0.2/dist/css/bootstrap.min.css" rel="stylesheet" integrity="sha384-EVSTQN3/azprG1Anm3QDgpJLIm9Nao0Yz1ztcQTwFspd3yD65VohhpuuCOmLASjC" crossorigin="anonymous">
    <title>arduino-testlib report</title>
	<style>
	.pass { background-color: #00FF00 !important; }
	.fail { background-color: #FF0000 !important; }
	</style>
  </head>
  <body>
	<div class="container">
		<div class="row">
			<div class="col">
				<h1>ArduinoBlue - compatibility matrix</h1>
				<p>
					<small>This report was generated on Monday, 21-Feb-22 12:00:25 CET using 
					<a href="https://github.com/alranel/arduino-testlib">arduino-testlib</a>.</small>
				</p>

				<h2>ArduinoBlue</h2>
				<p>
					Version: <b>3.0.1</b>
					<br />
					<a href="https://www.arduino.cc/reference/en/libraries/arduinoblue/">More details</a>
				</p>

				<h2>Compatibility matrix</h2>
				<table class="table table-bordered">
					<tr>
						<th>Board</th>
						<th>Claims compatibility</th>
						<th>Inclusion</th>
						
						<th><pre>HM10_console</pre></th>
						
						<th><pre>builtin_serial</pre></th>
						
						<th><pre>drive_robot</pre></th>
						
						<th><pre>single_LED_brightness</pre></th>
						
						<th><pre>multiple_LED_switch</pre></th>
						
						<th><pre>ArduinoBlue_basic</pre></th>
						
						<th><pre>HM10_interface</pre></th>
						
						<th><pre>HM10_rename</pre></th>
						
						<th><pre>multiple_LED_brightness</pre></th>
						
					</tr>
					
					<tr>
						<td>
							<a href="#arduino%3aavr%3auno"><b>arduino:avr:uno</b></a>
							<br />
							<small>1.8.4</small>
						</td>

						
						
							<td>No ⚠️</td>
							<td class="pass">PASS</td>
						
						
						

						
							
								
									
										
									
										
											<td class="pass">PASS</td>
											
										
									
										
									
										
									
										
									
										
									
										
									
										
									
										
									
								
							
								
							
								
							
								
							
								
							
						
							
								
									
										
									
										
									
										
									
										
									
										
											
											<td class="fail">FAIL</td>
										
									
										
									
										
									
										
									
										
									
								
							
								
							
								
							
								
							
								
							
						
							
								
									
										
									
										
									
										
									
										
									
										
									
										
											<td class="pass">PASS</td>
											
										
									
										
									
										
									
										
									
								
							
								
							
								
							
								
							
								
							
						
							
								
									
										
									
										
									
										
									
										
									
										
									
										
									
										
									
										
									
										
											<td class="pass">PASS</td>
											
										
									
								
							
								
							
								
							
								
							
								
							
						
							
								
									
										
									
										
									
										
									
										
									
										
									
										
									
										
									
										
											<td class="pass">PASS</td>
											
										
									
										
									
								
							
								
							
								
							
								
							
								
							
						
							
								
									
										
											<td class="pass">PASS</td>
											
										
									
										
									
										
									
										
									
										
									
										
									
										
									
										
									
										
									
								
							
								
							
								
							
								
							
								
							
						
							
								
									
										
									
										
									
										
											<td class="pass">PASS</td>
											
										
									
										
									
										
									
										
									
										
									
										
									
										
									
								
							
								
							
								
							
								
							
								
							
						
							
								
									
										
									
										
									
										
									
										
											<td class="pass">PASS</td>
											
										
									
										
									
										
									
										
									
										
									
										
									
								
							
								
							
								
							
								
							
								
							
						
							
								
									
										
									
										
									
										
									
										
									
										
									
										
									
										
											<td class="pass">PASS</td>
											
										
									
										
									
										
									
								
							
								
							
								
							
								
							
								
							
						
					</tr>
					
					<tr>
						<td>
							<a href="#arduino%3ambed_nano%3ananorp2040connect"><b>arduino:mbed_nano:nanorp2040connect</b></a>
							<br />
							<small>2.7.2</small>
						</td>

						
						
							<td>No ⚠️</td>
							<td class="pass">PASS</td>
						
						
						

						
							
								
							
								
									
										
									
										
											
											<td class="fail">FAIL</td>
										
									
										
									
										
									
										
									
										
									
										
									
										
									
										
									
								
							
								
							
								
							
								
							
						
							
								
							
								
									
										
									
										
									
										
									
										
									
										
											
											<td class="fail">FAIL</td>
										
									
										
									
										
									
										
									
										
									
								
							
								
							
								
							
								
							
						
							
								
							
								
									
										
									
										
									
										
									
										
									
										
									
										
											
											<td class="fail">FAIL</td>
										
									
										
									
										
									
										
									
								
							
								
							
								
							
								
							
						
							
								
							
								
									
										
									
										
									
										
									
										
									
										
									
										
									
										
									
										
									
										
											
											<td class="fail">FAIL</td>
										
									
								
							
								
							
								
							
								
							
						
							
								
							
								
									
										
									
										
									
										
									
										
									
										
									
										
									
										
									
										
											
											<td class="fail">FAIL</td>
										
									
										
									
								
							
								
							
								
							
								
							
						
							
								
							
								
									
										
											
											<td class="fail">FAIL</td>
										
									
										
									
										
									
										
									
										
									
										
									
										
									
										
									
										
									
								
							
								
							
								
							
								
							
						
							
								
							
								
									
										
									
										
									
										
											
											<td class="fail">FAIL</td>
										
									
										
									
										
									
										
									
										
									
										
									
										
									
								
							
								
							
								
							
								
							
						
							
								
							
								
									
										
									
										
									
										
									
										
											
											<td class="fail">FAIL</td>
										
									
										
									
										
									
										
									
										
									
										
									
								
							
								
							
								
							
								
							
						
							
								
							
								
									
										
									
										
									
										
									
										
									
										
									
										
									
										
											
											<td class="fail">FAIL</td>
										
									
										
									
										
									
								
							
								
							
								
							
								
							
						
					</tr>
					
					<tr>
						<td>
							<a href="#arduino%3amegaavr%3anona4809"><b>arduino:megaavr:nona4809</b></a>
							<br />
							<small>1.8.7</small>
						</td>

						
						
							<td>No ⚠️</td>
							<td class="pass">PASS</td>
						
						
						

						
							
								
							
								
							
								
									
										
									
										
											<td class="pass">PASS</td>
											
										
									
										
									
										
									
										
									
										
									
										
									
										
									
										
									
								
							
								
							
								
							
						
							
								
							
								
							
								
									
										
									
										
									
										
									
										
									
										
											
											<td class="fail">FAIL</td>
										
									
										
									
										
									
										
									
										
									
								
							
								
							
								
							
						
							
								
							
								
							
								
									
										
									
										
									
										
									
										
									
										
									
										
											<td class="pass">PASS</td>
											
										
									
										
									
										
									
										
									
								
							
								
							
								
							
						
							
								
							
								
							
								
									
										
									
										
									
										
									
										
									
										
									
										
									
										
									
										
									
										
											<td class="pass">PASS</td>
											
										
									
								
							
								
							
								
							
						
							
								
							
								
							
								
									
										
									
										
									
										
									
										
									
										
									
										
									
										
									
										
											<td class="pass">PASS</td>
											
										
									
										
									
								
							
								
							
								
							
						
							
								
							
								
							
								
									
										
											<td class="pass">PASS</td>
											
										
									
										
									
										
									
										
									
										
									
										
									
										
									
										
									
										
									
								
							
								
							
								
							
						
							
								
							
								
							
								
									
										
									
										
									
										
											<td class="pass">PASS</td>
											
										
									
										
									
										
									
										
									
										
									
										
									
										
									
								
							
								
							
								
							
						
							
								
							
								
							
								
									
										
									
										
									
										
									
										
											<td class="pass">PASS</td>
											
										
									
										
									
										
									
										
									
										
									
										
									
								
							
								
							
								
							
						
							
								
							
								
							
								
									
										
									
										
									
										
									
										
									
										
									
										
									
										
											<td class="pass">PASS</td>
											
										
									
										
									
										
									
								
							
								
							
								
							
						
					</tr>
					
					<tr>
						<td>
							<a href="#arduino%3asamd%3amkrwifi1010"><b>arduino:samd:mkrwifi1010</b></a>
							<br />
							<small>1.8.12</small>
						</td>

						
						
							<td>No ⚠️</td>
							<td class="pass">PASS</td>
						
						
						

						
							
								
							
								
							
								
							
								
									
										
									
										
											
											<td class="fail">FAIL</td>
										
									
										
									
										
									
										
									
										
									
										
									
										
									
										
									
								
							
								
							
						
							
								
							
								
							
								
							
								
									
										
									
										
									
										
									
										
									
										
											
											<td class="fail">FAIL</td>
										
									
										
									
										
									
										
									
										
									
								
							
								
							
						
							
								
							
								
							
								
							
								
									
										
									
										
									
										
									
										
									
										
									
										
											
											<td class="fail">FAIL</td>
										
									
										
									
										
									
										
									
								
							
								
							
						
							
								
							
								
							
								
							
								
									
										
									
										
									
										
									
										
									
										
									
										
									
										
									
										
									
										
											
											<td class="fail">FAIL</td>
										
									
								
							
								
							
						
							
								
							
								
							
								
							
								
									
										
									
										
									
										
									
										
									
										
									
										
									
										
									
										
											
											<td class="fail">FAIL</td>
										
									
										
									
								
							
								
							
						
							
								
							
								
							
								
							
								
									
										
											
											<td class="fail">FAIL</td>
										
									
										
									
										
									
										
									
										
									
										
									
										
									
										
									
										
									
								
							
								
							
						
							
								
							
								
							
								
							
								
									
										
									
										
									
										
											
											<td class="fail">FAIL</td>
										
									
										
									
										
									
										
									
										
									
										
									
										
									
								
							
								
							
						
							
								
							
								
							
								
							
								
									
										
									
										
									
										
									
										
											
											<td class="fail">FAIL</td>
										
									
										
									
										
									
										
									
										
									
										
									
								
							
								
							
						
							
								
							
								
							
								
							
								
									
										
									
										
									
										
									
										
									
										
									
										
									
										
											
											<td class="fail">FAIL</td>
										
									
										
									
										
									
								
							
								
							
						
					</tr>
					
					<tr>
						<td>
							<a href="#esp32%3aesp32%3ad1_mini32"><b>esp32:esp32:d1_mini32</b></a>
							<br />
							<small>1.0.6</small>
						</td>

						
						
							<td>No ⚠️</td>
							<td class="pass">PASS</td>
						
						
						

						
							
								
							
								
							
								
							
								
							
								
									
										
									
										
											<td class="pass">PASS</td>
											
										
									
										
									
										
									
										
									
										
									
										
									
										
									
										
									
								
							
						
							
								
							
								
							
								
							
								
							
								
									
										
									
										
									
										
									
										
									
										
											<td class="pass">PASS</td>
											
										
									
										
									
										
									
										
									
										
									
								
							
						
							
								
							
								
							
								
							
								
							
								
									
										
									
										
									
										
									
										
									
										
									
										
											
											<td class="fail">FAIL</td>
										
									
										
									
										
									
										
									
								
							
						
							
								
							
								
							
								
							
								
							
								
									
										
									
										
									
										
									
										
									
										
									
										
									
										
									
										
									
										
											
											<td class="fail">FAIL</td>
										
									
								
							
						
							
								
							
								
							
								
							
								
							
								
									
										
									
										
									
										
									
										
									
										
									
										
									
										
									
										
											<td class="pass">PASS</td>
											
										
									
										
									
								
							
						
							
								
							
								
							
								
							
								
							
								
									
										
											<td class="pass">PASS</td>
											
										
									
										
									
										
									
										
									
										
									
										
									
										
									
										
									
										
									
								
							
						
							
								
							
								
							
								
							
								
							
								
									
										
									
										
									
										
											<td class="pass">PASS</td>
											
										
									
										
									
										
									
										
									
										
									
										
									
										
									
								
							
						
							
								
							
								
							
								
							
								
							
								
									
										
									
										
									
										
									
										
											<td class="pass">PASS</td>
											
										
									
										
									
										
									
										
									
										
									
										
									
								
							
						
							
								
							
								
							
								
							
								
							
								
									
										
									
										
									
										
									
										
									
										
									
										
									
										
											
											<td class="fail">FAIL</td>
										
									
										
									
										
									
								
							
						
					</tr>
					
				</table>

				<h2>Compilation logs</h2>
				
				<h3 id="arduino:avr:uno">arduino:avr:uno @ 1.8.4</h3>
				<h4>Inclusion</h4>
				<p>
					Result: <b>PASS</b>
					
				</p>
				<pre class="pre-scrollable">Sketch uses 444 bytes (1%) of program storage space. Maximum is 32256 bytes.
Global variables use 9 bytes (0%) of dynamic memory, leaving 2039 bytes for local variables. Maximum is 2048 bytes.
</pre>

					
					<h4>examples/ArduinoBlue_basic</h4>
					<p>
						Result: <b>PASS</b>
					</p>
					<pre class="pre-scrollable">Sketch uses 7782 bytes (24%) of program storage space. Maximum is 32256 bytes.
Global variables use 435 bytes (21%) of dynamic memory, leaving 1613 bytes for local variables. Maximum is 2048 bytes.
</pre>
					
					<h4>examples/HM10_console</h4>
					<p>
						Result: <b>PASS</b>
					</p>
					<pre class="pre-scrollable">Sketch uses 5004 bytes (15%) of program storage space. Maximum is 32256 bytes.
Global variables use 339 bytes (16%) of dynamic memory, leaving 1709 bytes for local variables. Maximum is 2048 bytes.
</pre>
					
					<h4>examples/HM10_interface</h4>
					<p>
						Result: <b>PASS</b>
					</p>
					<pre class="pre-scrollable">Sketch uses 4962 bytes (15%) of program storage space. Maximum is 32256 bytes.
Global variables use 349 bytes (17%) of dynamic memory, leaving 1699 bytes for local variables. Maximum is 2048 bytes.
</pre>
					
					<h4>examples/HM10_rename</h4>
					<p>
						Result: <b>PASS</b>
					</p>
					<pre class="pre-scrollable">Sketch uses 3676 bytes (11%) of program storage space. Maximum is 32256 bytes.
Global variables use 182 bytes (8%) of dynamic memory, leaving 1866 bytes for local variables. Maximum is 2048 bytes.
</pre>
					
					<h4>examples/builtin_serial</h4>
					<p>
						Result: <b>FAIL</b>
					</p>
					<pre class="pre-scrollable">/home/ec2-user/arduino-testlib/cli-datadir/user/libraries/ArduinoBlue/examples/builtin_serial/builtin_serial.ino:17:19: error: &#39;Serial2&#39; was not declared in this scope
 ArduinoBlue phone(Serial2);
                   ^~~~~~~
/home/ec2-user/arduino-testlib/cli-datadir/user/libraries/ArduinoBlue/examples/builtin_serial/builtin_serial.ino:17:19: note: suggested alternative: &#39;Serial&#39;
 ArduinoBlue phone(Serial2);
                   ^~~~~~~
                   Serial
/home/ec2-user/arduino-testlib/cli-datadir/user/libraries/ArduinoBlue/examples/builtin_serial/builtin_serial.ino: In function &#39;void setup()&#39;:
/home/ec2-user/arduino-testlib/cli-datadir/user/libraries/ArduinoBlue/examples/builtin_serial/builtin_serial.ino:24:5: error: &#39;Serial2&#39; was not declared in this scope
     Serial2.begin(BAUD_RATE);
     ^~~~~~~
/home/ec2-user/arduino-testlib/cli-datadir/user/libraries/ArduinoBlue/examples/builtin_serial/builtin_serial.ino:24:5: note: suggested alternative: &#39;Serial&#39;
     Serial2.begin(BAUD_RATE);
     ^~~~~~~
     Serial
Multiple libraries were found for &#34;SoftwareSerial.h&#34;
  Used: /home/ec2-user/arduino-testlib/cli-datadir/data/packages/arduino/hardware/avr/1.8.4/libraries/SoftwareSerial
  Not used: /home/ec2-user/arduino-testlib/cli-datadir/user/libraries/Dabble
  Not used: /home/ec2-user/arduino-testlib/cli-datadir/user/libraries/Printoo_Library
  Not used: /home/ec2-user/arduino-testlib/cli-datadir/user/libraries/EspSoftwareSerial
</pre>
					
					<h4>examples/drive_robot</h4>
					<p>
						Result: <b>PASS</b>
					</p>
					<pre class="pre-scrollable">Sketch uses 4630 bytes (14%) of program storage space. Maximum is 32256 bytes.
Global variables use 361 bytes (17%) of dynamic memory, leaving 1687 bytes for local variables. Maximum is 2048 bytes.
</pre>
					
					<h4>examples/multiple_LED_brightness</h4>
					<p>
						Result: <b>PASS</b>
					</p>
					<pre class="pre-scrollable">Sketch uses 6814 bytes (21%) of program storage space. Maximum is 32256 bytes.
Global variables use 374 bytes (18%) of dynamic memory, leaving 1674 bytes for local variables. Maximum is 2048 bytes.
</pre>
					
					<h4>examples/multiple_LED_switch</h4>
					<p>
						Result: <b>PASS</b>
					</p>
					<pre class="pre-scrollable">Sketch uses 6328 bytes (19%) of program storage space. Maximum is 32256 bytes.
Global variables use 364 bytes (17%) of dynamic memory, leaving 1684 bytes for local variables. Maximum is 2048 bytes.
</pre>
					
					<h4>examples/single_LED_brightness</h4>
					<p>
						Result: <b>PASS</b>
					</p>
					<pre class="pre-scrollable">Sketch uses 7116 bytes (22%) of program storage space. Maximum is 32256 bytes.
Global variables use 385 bytes (18%) of dynamic memory, leaving 1663 bytes for local variables. Maximum is 2048 bytes.
</pre>
					
				
				<h3 id="arduino:mbed_nano:nanorp2040connect">arduino:mbed_nano:nanorp2040connect @ 2.7.2</h3>
				<h4>Inclusion</h4>
				<p>
					Result: <b>PASS</b>
					
				</p>
				<pre class="pre-scrollable">Sketch uses 78756 bytes (0%) of program storage space. Maximum is 16777216 bytes.
Global variables use 43444 bytes (16%) of dynamic memory, leaving 226892 bytes for local variables. Maximum is 270336 bytes.
</pre>

					
					<h4>examples/ArduinoBlue_basic</h4>
					<p>
						Result: <b>FAIL</b>
					</p>
					<pre class="pre-scrollable">/home/ec2-user/arduino-testlib/cli-datadir/user/libraries/Dabble/src/SoftwareSerial.cpp:45:10: fatal error: util/delay_basic.h: No such file or directory
 #include &lt;util/delay_basic.h&gt;
          ^~~~~~~~~~~~~~~~~~~~
compilation terminated.
Multiple libraries were found for &#34;SoftwareSerial.h&#34;
  Used: /home/ec2-user/arduino-testlib/cli-datadir/user/libraries/Dabble
  Not used: /home/ec2-user/arduino-testlib/cli-datadir/user/libraries/Printoo_Library
  Not used: /home/ec2-user/arduino-testlib/cli-datadir/user/libraries/EspSoftwareSerial
</pre>
					
					<h4>examples/HM10_console</h4>
					<p>
						Result: <b>FAIL</b>
					</p>
					<pre class="pre-scrollable">/home/ec2-user/arduino-testlib/cli-datadir/user/libraries/Dabble/src/SoftwareSerial.cpp:45:10: fatal error: util/delay_basic.h: No such file or directory
 #include &lt;util/delay_basic.h&gt;
          ^~~~~~~~~~~~~~~~~~~~
compilation terminated.
Multiple libraries were found for &#34;SoftwareSerial.h&#34;
  Used: /home/ec2-user/arduino-testlib/cli-datadir/user/libraries/Dabble
  Not used: /home/ec2-user/arduino-testlib/cli-datadir/user/libraries/Printoo_Library
  Not used: /home/ec2-user/arduino-testlib/cli-datadir/user/libraries/EspSoftwareSerial
</pre>
					
					<h4>examples/HM10_interface</h4>
					<p>
						Result: <b>FAIL</b>
					</p>
					<pre class="pre-scrollable">/home/ec2-user/arduino-testlib/cli-datadir/user/libraries/Dabble/src/SoftwareSerial.cpp:45:10: fatal error: util/delay_basic.h: No such file or directory
 #include &lt;util/delay_basic.h&gt;
          ^~~~~~~~~~~~~~~~~~~~
compilation terminated.
Multiple libraries were found for &#34;SoftwareSerial.h&#34;
  Used: /home/ec2-user/arduino-testlib/cli-datadir/user/libraries/Dabble
  Not used: /home/ec2-user/arduino-testlib/cli-datadir/user/libraries/EspSoftwareSerial
  Not used: /home/ec2-user/arduino-testlib/cli-datadir/user/libraries/Printoo_Library
</pre>
					
					<h4>examples/HM10_rename</h4>
					<p>
						Result: <b>FAIL</b>
					</p>
					<pre class="pre-scrollable">/home/ec2-user/arduino-testlib/cli-datadir/user/libraries/Dabble/src/SoftwareSerial.cpp:45:10: fatal error: util/delay_basic.h: No such file or directory
 #include &lt;util/delay_basic.h&gt;
          ^~~~~~~~~~~~~~~~~~~~
compilation terminated.
Multiple libraries were found for &#34;SoftwareSerial.h&#34;
  Used: /home/ec2-user/arduino-testlib/cli-datadir/user/libraries/Dabble
  Not used: /home/ec2-user/arduino-testlib/cli-datadir/user/libraries/Printoo_Library
  Not used: /home/ec2-user/arduino-testlib/cli-datadir/user/libraries/EspSoftwareSerial
</pre>
					
					<h4>examples/builtin_serial</h4>
					<p>
						Result: <b>FAIL</b>
					</p>
					<pre class="pre-scrollable">/home/ec2-user/arduino-testlib/cli-datadir/user/libraries/Dabble/src/SoftwareSerial.cpp:45:10: fatal error: util/delay_basic.h: No such file or directory
 #include &lt;util/delay_basic.h&gt;
          ^~~~~~~~~~~~~~~~~~~~
compilation terminated.
Multiple libraries were found for &#34;SoftwareSerial.h&#34;
  Used: /home/ec2-user/arduino-testlib/cli-datadir/user/libraries/Dabble
  Not used: /home/ec2-user/arduino-testlib/cli-datadir/user/libraries/Printoo_Library
  Not used: /home/ec2-user/arduino-testlib/cli-datadir/user/libraries/EspSoftwareSerial
</pre>
					
					<h4>examples/drive_robot</h4>
					<p>
						Result: <b>FAIL</b>
					</p>
					<pre class="pre-scrollable">/home/ec2-user/arduino-testlib/cli-datadir/user/libraries/Dabble/src/SoftwareSerial.cpp:45:10: fatal error: util/delay_basic.h: No such file or directory
 #include &lt;util/delay_basic.h&gt;
          ^~~~~~~~~~~~~~~~~~~~
compilation terminated.
Multiple libraries were found for &#34;SoftwareSerial.h&#34;
  Used: /home/ec2-user/arduino-testlib/cli-datadir/user/libraries/Dabble
  Not used: /home/ec2-user/arduino-testlib/cli-datadir/user/libraries/EspSoftwareSerial
  Not used: /home/ec2-user/arduino-testlib/cli-datadir/user/libraries/Printoo_Library
</pre>
					
					<h4>examples/multiple_LED_brightness</h4>
					<p>
						Result: <b>FAIL</b>
					</p>
					<pre class="pre-scrollable">/home/ec2-user/arduino-testlib/cli-datadir/user/libraries/Dabble/src/SoftwareSerial.cpp:45:10: fatal error: util/delay_basic.h: No such file or directory
 #include &lt;util/delay_basic.h&gt;
          ^~~~~~~~~~~~~~~~~~~~
compilation terminated.
Multiple libraries were found for &#34;SoftwareSerial.h&#34;
  Used: /home/ec2-user/arduino-testlib/cli-datadir/user/libraries/Dabble
  Not used: /home/ec2-user/arduino-testlib/cli-datadir/user/libraries/Printoo_Library
  Not used: /home/ec2-user/arduino-testlib/cli-datadir/user/libraries/EspSoftwareSerial
</pre>
					
					<h4>examples/multiple_LED_switch</h4>
					<p>
						Result: <b>FAIL</b>
					</p>
					<pre class="pre-scrollable">/home/ec2-user/arduino-testlib/cli-datadir/user/libraries/Dabble/src/SoftwareSerial.cpp:45:10: fatal error: util/delay_basic.h: No such file or directory
 #include &lt;util/delay_basic.h&gt;
          ^~~~~~~~~~~~~~~~~~~~
compilation terminated.
Multiple libraries were found for &#34;SoftwareSerial.h&#34;
  Used: /home/ec2-user/arduino-testlib/cli-datadir/user/libraries/Dabble
  Not used: /home/ec2-user/arduino-testlib/cli-datadir/user/libraries/Printoo_Library
  Not used: /home/ec2-user/arduino-testlib/cli-datadir/user/libraries/EspSoftwareSerial
</pre>
					
					<h4>examples/single_LED_brightness</h4>
					<p>
						Result: <b>FAIL</b>
					</p>
					<pre class="pre-scrollable">/home/ec2-user/arduino-testlib/cli-datadir/user/libraries/Dabble/src/SoftwareSerial.cpp:45:10: fatal error: util/delay_basic.h: No such file or directory
 #include &lt;util/delay_basic.h&gt;
          ^~~~~~~~~~~~~~~~~~~~
compilation terminated.
Multiple libraries were found for &#34;SoftwareSerial.h&#34;
  Used: /home/ec2-user/arduino-testlib/cli-datadir/user/libraries/Dabble
  Not used: /home/ec2-user/arduino-testlib/cli-datadir/user/libraries/EspSoftwareSerial
  Not used: /home/ec2-user/arduino-testlib/cli-datadir/user/libraries/Printoo_Library
</pre>
					
				
				<h3 id="arduino:megaavr:nona4809">arduino:megaavr:nona4809 @ 1.8.7</h3>
				<h4>Inclusion</h4>
				<p>
					Result: <b>PASS</b>
					
				</p>
				<pre class="pre-scrollable">Sketch uses 802 bytes (1%) of program storage space. Maximum is 49152 bytes.
Global variables use 22 bytes (0%) of dynamic memory, leaving 6122 bytes for local variables. Maximum is 6144 bytes.
</pre>

					
					<h4>examples/ArduinoBlue_basic</h4>
					<p>
						Result: <b>PASS</b>
					</p>
					<pre class="pre-scrollable">Sketch uses 8990 bytes (18%) of program storage space. Maximum is 49152 bytes.
Global variables use 524 bytes (8%) of dynamic memory, leaving 5620 bytes for local variables. Maximum is 6144 bytes.
</pre>
					
					<h4>examples/HM10_console</h4>
					<p>
						Result: <b>PASS</b>
					</p>
					<pre class="pre-scrollable">Sketch uses 6304 bytes (12%) of program storage space. Maximum is 49152 bytes.
Global variables use 478 bytes (7%) of dynamic memory, leaving 5666 bytes for local variables. Maximum is 6144 bytes.
</pre>
					
					<h4>examples/HM10_interface</h4>
					<p>
						Result: <b>PASS</b>
					</p>
					<pre class="pre-scrollable">Sketch uses 6271 bytes (12%) of program storage space. Maximum is 49152 bytes.
Global variables use 482 bytes (7%) of dynamic memory, leaving 5662 bytes for local variables. Maximum is 6144 bytes.
</pre>
					
					<h4>examples/HM10_rename</h4>
					<p>
						Result: <b>PASS</b>
					</p>
					<pre class="pre-scrollable">Sketch uses 4444 bytes (9%) of program storage space. Maximum is 49152 bytes.
Global variables use 355 bytes (5%) of dynamic memory, leaving 5789 bytes for local variables. Maximum is 6144 bytes.
</pre>
					
					<h4>examples/builtin_serial</h4>
					<p>
						Result: <b>FAIL</b>
					</p>
					<pre class="pre-scrollable">/home/ec2-user/arduino-testlib/cli-datadir/user/libraries/ArduinoBlue/examples/builtin_serial/builtin_serial.ino:17:19: error: &#39;Serial2&#39; was not declared in this scope
 ArduinoBlue phone(Serial2);
                   ^~~~~~~
/home/ec2-user/arduino-testlib/cli-datadir/user/libraries/ArduinoBlue/examples/builtin_serial/builtin_serial.ino:17:19: note: suggested alternative: &#39;Serial1&#39;
 ArduinoBlue phone(Serial2);
                   ^~~~~~~
                   Serial1
/home/ec2-user/arduino-testlib/cli-datadir/user/libraries/ArduinoBlue/examples/builtin_serial/builtin_serial.ino: In function &#39;void setup()&#39;:
/home/ec2-user/arduino-testlib/cli-datadir/user/libraries/ArduinoBlue/examples/builtin_serial/builtin_serial.ino:24:5: error: &#39;Serial2&#39; was not declared in this scope
     Serial2.begin(BAUD_RATE);
     ^~~~~~~
/home/ec2-user/arduino-testlib/cli-datadir/user/libraries/ArduinoBlue/examples/builtin_serial/builtin_serial.ino:24:5: note: suggested alternative: &#39;Serial1&#39;
     Serial2.begin(BAUD_RATE);
     ^~~~~~~
     Serial1
Multiple libraries were found for &#34;SoftwareSerial.h&#34;
  Used: /home/ec2-user/arduino-testlib/cli-datadir/data/packages/arduino/hardware/megaavr/1.8.7/libraries/SoftwareSerial
  Not used: /home/ec2-user/arduino-testlib/cli-datadir/user/libraries/Dabble
  Not used: /home/ec2-user/arduino-testlib/cli-datadir/user/libraries/Printoo_Library
  Not used: /home/ec2-user/arduino-testlib/cli-datadir/user/libraries/EspSoftwareSerial
</pre>
					
					<h4>examples/drive_robot</h4>
					<p>
						Result: <b>PASS</b>
					</p>
					<pre class="pre-scrollable">Sketch uses 6072 bytes (12%) of program storage space. Maximum is 49152 bytes.
Global variables use 510 bytes (8%) of dynamic memory, leaving 5634 bytes for local variables. Maximum is 6144 bytes.
</pre>
					
					<h4>examples/multiple_LED_brightness</h4>
					<p>
						Result: <b>PASS</b>
					</p>
					<pre class="pre-scrollable">Sketch uses 7992 bytes (16%) of program storage space. Maximum is 49152 bytes.
Global variables use 523 bytes (8%) of dynamic memory, leaving 5621 bytes for local variables. Maximum is 6144 bytes.
</pre>
					
					<h4>examples/multiple_LED_switch</h4>
					<p>
						Result: <b>PASS</b>
					</p>
					<pre class="pre-scrollable">Sketch uses 7686 bytes (15%) of program storage space. Maximum is 49152 bytes.
Global variables use 513 bytes (8%) of dynamic memory, leaving 5631 bytes for local variables. Maximum is 6144 bytes.
</pre>
					
					<h4>examples/single_LED_brightness</h4>
					<p>
						Result: <b>PASS</b>
					</p>
					<pre class="pre-scrollable">Sketch uses 8108 bytes (16%) of program storage space. Maximum is 49152 bytes.
Global variables use 510 bytes (8%) of dynamic memory, leaving 5634 bytes for local variables. Maximum is 6144 bytes.
</pre>
					
				
				<h3 id="arduino:samd:mkrwifi1010">arduino:samd:mkrwifi1010 @ 1.8.12</h3>
				<h4>Inclusion</h4>
				<p>
					Result: <b>PASS</b>
					
				</p>
				<pre class="pre-scrollable">Sketch uses 12156 bytes (4%) of program storage space. Maximum is 262144 bytes.
Global variables use 2996 bytes (9%) of dynamic memory, leaving 29772 bytes for local variables. Maximum is 32768 bytes.
</pre>

					
					<h4>examples/ArduinoBlue_basic</h4>
					<p>
						Result: <b>FAIL</b>
					</p>
					<pre class="pre-scrollable">/home/ec2-user/arduino-testlib/cli-datadir/user/libraries/Dabble/src/SoftwareSerial.cpp:45:10: fatal error: util/delay_basic.h: No such file or directory
 #include &lt;util/delay_basic.h&gt;
          ^~~~~~~~~~~~~~~~~~~~
compilation terminated.
Multiple libraries were found for &#34;SoftwareSerial.h&#34;
  Used: /home/ec2-user/arduino-testlib/cli-datadir/user/libraries/Dabble
  Not used: /home/ec2-user/arduino-testlib/cli-datadir/user/libraries/Printoo_Library
  Not used: /home/ec2-user/arduino-testlib/cli-datadir/user/libraries/EspSoftwareSerial
</pre>
					
					<h4>examples/HM10_console</h4>
					<p>
						Result: <b>FAIL</b>
					</p>
					<pre class="pre-scrollable">/home/ec2-user/arduino-testlib/cli-datadir/user/libraries/Dabble/src/SoftwareSerial.cpp:45:10: fatal error: util/delay_basic.h: No such file or directory
 #include &lt;util/delay_basic.h&gt;
          ^~~~~~~~~~~~~~~~~~~~
compilation terminated.
Multiple libraries were found for &#34;SoftwareSerial.h&#34;
  Used: /home/ec2-user/arduino-testlib/cli-datadir/user/libraries/Dabble
  Not used: /home/ec2-user/arduino-testlib/cli-datadir/user/libraries/EspSoftwareSerial
  Not used: /home/ec2-user/arduino-testlib/cli-datadir/user/libraries/Printoo_Library
</pre>
					
					<h4>examples/HM10_interface</h4>
					<p>
						Result: <b>FAIL</b>
					</p>
					<pre class="pre-scrollable">/home/ec2-user/arduino-testlib/cli-datadir/user/libraries/Dabble/src/SoftwareSerial.cpp:45:10: fatal error: util/delay_basic.h: No such file or directory
 #include &lt;util/delay_basic.h&gt;
          ^~~~~~~~~~~~~~~~~~~~
compilation terminated.
Multiple libraries were found for &#34;SoftwareSerial.h&#34;
  Used: /home/ec2-user/arduino-testlib/cli-datadir/user/libraries/Dabble
  Not used: /home/ec2-user/arduino-testlib/cli-datadir/user/libraries/Printoo_Library
  Not used: /home/ec2-user/arduino-testlib/cli-datadir/user/libraries/EspSoftwareSerial
</pre>
					
					<h4>examples/HM10_rename</h4>
					<p>
						Result: <b>FAIL</b>
					</p>
					<pre class="pre-scrollable">/home/ec2-user/arduino-testlib/cli-datadir/user/libraries/Dabble/src/SoftwareSerial.cpp:45:10: fatal error: util/delay_basic.h: No such file or directory
 #include &lt;util/delay_basic.h&gt;
          ^~~~~~~~~~~~~~~~~~~~
compilation terminated.
Multiple libraries were found for &#34;SoftwareSerial.h&#34;
  Used: /home/ec2-user/arduino-testlib/cli-datadir/user/libraries/Dabble
  Not used: /home/ec2-user/arduino-testlib/cli-datadir/user/libraries/Printoo_Library
  Not used: /home/ec2-user/arduino-testlib/cli-datadir/user/libraries/EspSoftwareSerial
</pre>
					
					<h4>examples/builtin_serial</h4>
					<p>
						Result: <b>FAIL</b>
					</p>
					<pre class="pre-scrollable">/home/ec2-user/arduino-testlib/cli-datadir/user/libraries/Dabble/src/SoftwareSerial.cpp:45:10: fatal error: util/delay_basic.h: No such file or directory
 #include &lt;util/delay_basic.h&gt;
          ^~~~~~~~~~~~~~~~~~~~
compilation terminated.
Multiple libraries were found for &#34;SoftwareSerial.h&#34;
  Used: /home/ec2-user/arduino-testlib/cli-datadir/user/libraries/Dabble
  Not used: /home/ec2-user/arduino-testlib/cli-datadir/user/libraries/EspSoftwareSerial
  Not used: /home/ec2-user/arduino-testlib/cli-datadir/user/libraries/Printoo_Library
</pre>
					
					<h4>examples/drive_robot</h4>
					<p>
						Result: <b>FAIL</b>
					</p>
					<pre class="pre-scrollable">/home/ec2-user/arduino-testlib/cli-datadir/user/libraries/Dabble/src/SoftwareSerial.cpp:45:10: fatal error: util/delay_basic.h: No such file or directory
 #include &lt;util/delay_basic.h&gt;
          ^~~~~~~~~~~~~~~~~~~~
compilation terminated.
Multiple libraries were found for &#34;SoftwareSerial.h&#34;
  Used: /home/ec2-user/arduino-testlib/cli-datadir/user/libraries/Dabble
  Not used: /home/ec2-user/arduino-testlib/cli-datadir/user/libraries/EspSoftwareSerial
  Not used: /home/ec2-user/arduino-testlib/cli-datadir/user/libraries/Printoo_Library
</pre>
					
					<h4>examples/multiple_LED_brightness</h4>
					<p>
						Result: <b>FAIL</b>
					</p>
					<pre class="pre-scrollable">/home/ec2-user/arduino-testlib/cli-datadir/user/libraries/Dabble/src/SoftwareSerial.cpp:45:10: fatal error: util/delay_basic.h: No such file or directory
 #include &lt;util/delay_basic.h&gt;
          ^~~~~~~~~~~~~~~~~~~~
compilation terminated.
Multiple libraries were found for &#34;SoftwareSerial.h&#34;
  Used: /home/ec2-user/arduino-testlib/cli-datadir/user/libraries/Dabble
  Not used: /home/ec2-user/arduino-testlib/cli-datadir/user/libraries/EspSoftwareSerial
  Not used: /home/ec2-user/arduino-testlib/cli-datadir/user/libraries/Printoo_Library
</pre>
					
					<h4>examples/multiple_LED_switch</h4>
					<p>
						Result: <b>FAIL</b>
					</p>
					<pre class="pre-scrollable">/home/ec2-user/arduino-testlib/cli-datadir/user/libraries/Dabble/src/SoftwareSerial.cpp:45:10: fatal error: util/delay_basic.h: No such file or directory
 #include &lt;util/delay_basic.h&gt;
          ^~~~~~~~~~~~~~~~~~~~
compilation terminated.
Multiple libraries were found for &#34;SoftwareSerial.h&#34;
  Used: /home/ec2-user/arduino-testlib/cli-datadir/user/libraries/Dabble
  Not used: /home/ec2-user/arduino-testlib/cli-datadir/user/libraries/Printoo_Library
  Not used: /home/ec2-user/arduino-testlib/cli-datadir/user/libraries/EspSoftwareSerial
</pre>
					
					<h4>examples/single_LED_brightness</h4>
					<p>
						Result: <b>FAIL</b>
					</p>
					<pre class="pre-scrollable">/home/ec2-user/arduino-testlib/cli-datadir/user/libraries/Dabble/src/SoftwareSerial.cpp:45:10: fatal error: util/delay_basic.h: No such file or directory
 #include &lt;util/delay_basic.h&gt;
          ^~~~~~~~~~~~~~~~~~~~
compilation terminated.
Multiple libraries were found for &#34;SoftwareSerial.h&#34;
  Used: /home/ec2-user/arduino-testlib/cli-datadir/user/libraries/Dabble
  Not used: /home/ec2-user/arduino-testlib/cli-datadir/user/libraries/EspSoftwareSerial
  Not used: /home/ec2-user/arduino-testlib/cli-datadir/user/libraries/Printoo_Library
</pre>
					
				
				<h3 id="esp32:esp32:d1_mini32">esp32:esp32:d1_mini32 @ 1.0.6</h3>
				<h4>Inclusion</h4>
				<p>
					Result: <b>PASS</b>
					
				</p>
				<pre class="pre-scrollable">Sketch uses 198582 bytes (15%) of program storage space. Maximum is 1310720 bytes.
Global variables use 13088 bytes (3%) of dynamic memory, leaving 314592 bytes for local variables. Maximum is 327680 bytes.
</pre>

					
					<h4>examples/ArduinoBlue_basic</h4>
					<p>
						Result: <b>PASS</b>
					</p>
					<pre class="pre-scrollable">Sketch uses 266010 bytes (20%) of program storage space. Maximum is 1310720 bytes.
Global variables use 14448 bytes (4%) of dynamic memory, leaving 313232 bytes for local variables. Maximum is 327680 bytes.
</pre>
					
					<h4>examples/HM10_console</h4>
					<p>
						Result: <b>PASS</b>
					</p>
					<pre class="pre-scrollable">Sketch uses 263142 bytes (20%) of program storage space. Maximum is 1310720 bytes.
Global variables use 14352 bytes (4%) of dynamic memory, leaving 313328 bytes for local variables. Maximum is 327680 bytes.
</pre>
					
					<h4>examples/HM10_interface</h4>
					<p>
						Result: <b>PASS</b>
					</p>
					<pre class="pre-scrollable">Sketch uses 263038 bytes (20%) of program storage space. Maximum is 1310720 bytes.
Global variables use 14376 bytes (4%) of dynamic memory, leaving 313304 bytes for local variables. Maximum is 327680 bytes.
</pre>
					
					<h4>examples/HM10_rename</h4>
					<p>
						Result: <b>PASS</b>
					</p>
					<pre class="pre-scrollable">Sketch uses 258390 bytes (19%) of program storage space. Maximum is 1310720 bytes.
Global variables use 14272 bytes (4%) of dynamic memory, leaving 313408 bytes for local variables. Maximum is 327680 bytes.
</pre>
					
					<h4>examples/builtin_serial</h4>
					<p>
						Result: <b>PASS</b>
					</p>
					<pre class="pre-scrollable">Sketch uses 261486 bytes (19%) of program storage space. Maximum is 1310720 bytes.
Global variables use 13832 bytes (4%) of dynamic memory, leaving 313848 bytes for local variables. Maximum is 327680 bytes.
</pre>
					
					<h4>examples/drive_robot</h4>
					<p>
						Result: <b>FAIL</b>
					</p>
					<pre class="pre-scrollable">/home/ec2-user/arduino-testlib/cli-datadir/user/libraries/ArduinoBlue/examples/drive_robot/drive_robot.ino: In function &#39;void controlDrive()&#39;:
/home/ec2-user/arduino-testlib/cli-datadir/user/libraries/ArduinoBlue/examples/drive_robot/drive_robot.ino:130:33: error: &#39;analogWrite&#39; was not declared in this scope
  analogWrite(ENA, leftMotorSpeed);
                                 ^
/home/ec2-user/arduino-testlib/cli-datadir/user/libraries/ArduinoBlue/examples/drive_robot/drive_robot.ino: In function &#39;void doTesting()&#39;:
/home/ec2-user/arduino-testlib/cli-datadir/user/libraries/ArduinoBlue/examples/drive_robot/drive_robot.ino:149:22: error: &#39;analogWrite&#39; was not declared in this scope
  analogWrite(ENA, 255);
                      ^
Multiple libraries were found for &#34;SoftwareSerial.h&#34;
  Used: /home/ec2-user/arduino-testlib/cli-datadir/user/libraries/EspSoftwareSerial
  Not used: /home/ec2-user/arduino-testlib/cli-datadir/user/libraries/Dabble
  Not used: /home/ec2-user/arduino-testlib/cli-datadir/user/libraries/Printoo_Library
</pre>
					
					<h4>examples/multiple_LED_brightness</h4>
					<p>
						Result: <b>FAIL</b>
					</p>
					<pre class="pre-scrollable">/home/ec2-user/arduino-testlib/cli-datadir/user/libraries/ArduinoBlue/examples/multiple_LED_brightness/multiple_LED_brightness.ino: In function &#39;void setLED(int, bool, int)&#39;:
/home/ec2-user/arduino-testlib/cli-datadir/user/libraries/ArduinoBlue/examples/multiple_LED_brightness/multiple_LED_brightness.ino:31:27: error: &#39;analogWrite&#39; was not declared in this scope
     analogWrite(pin, value);
                           ^
/home/ec2-user/arduino-testlib/cli-datadir/user/libraries/ArduinoBlue/examples/multiple_LED_brightness/multiple_LED_brightness.ino:34:23: error: &#39;analogWrite&#39; was not declared in this scope
     analogWrite(pin, 0);
                       ^
Multiple libraries were found for &#34;SoftwareSerial.h&#34;
  Used: /home/ec2-user/arduino-testlib/cli-datadir/user/libraries/EspSoftwareSerial
  Not used: /home/ec2-user/arduino-testlib/cli-datadir/user/libraries/Dabble
  Not used: /home/ec2-user/arduino-testlib/cli-datadir/user/libraries/Printoo_Library
</pre>
					
					<h4>examples/multiple_LED_switch</h4>
					<p>
						Result: <b>PASS</b>
					</p>
					<pre class="pre-scrollable">Sketch uses 264734 bytes (20%) of program storage space. Maximum is 1310720 bytes.
Global variables use 14424 bytes (4%) of dynamic memory, leaving 313256 bytes for local variables. Maximum is 327680 bytes.
</pre>
					
					<h4>examples/single_LED_brightness</h4>
					<p>
						Result: <b>FAIL</b>
					</p>
					<pre class="pre-scrollable">/home/ec2-user/arduino-testlib/cli-datadir/user/libraries/ArduinoBlue/examples/single_LED_brightness/single_LED_brightness.ino: In function &#39;void loop()&#39;:
/home/ec2-user/arduino-testlib/cli-datadir/user/libraries/ArduinoBlue/examples/single_LED_brightness/single_LED_brightness.ino:54:34: error: &#39;analogWrite&#39; was not declared in this scope
     analogWrite(LED_PIN, writeVal);
                                  ^
Multiple libraries were found for &#34;SoftwareSerial.h&#34;
  Used: /home/ec2-user/arduino-testlib/cli-datadir/user/libraries/EspSoftwareSerial
  Not used: /home/ec2-user/arduino-testlib/cli-datadir/user/libraries/Dabble
  Not used: /home/ec2-user/arduino-testlib/cli-datadir/user/libraries/Printoo_Library
</pre>
					
				
			</div>
		</div>
	</div>
  </body>
</html>
