
<!doctype html>
<html lang="en">
  <head>
    <meta charset="utf-8">
    <meta name="viewport" content="width=device-width, initial-scale=1">
    <link href="https://cdn.jsdelivr.net/npm/bootstrap@5.0.2/dist/css/bootstrap.min.css" rel="stylesheet" integrity="sha384-EVSTQN3/azprG1Anm3QDgpJLIm9Nao0Yz1ztcQTwFspd3yD65VohhpuuCOmLASjC" crossorigin="anonymous">
    <title>arduino-testlib report</title>
	<style>
	.pass { background-color: #00FF00 !important; }
	.fail { background-color: #FF0000 !important; }
	</style>
  </head>
  <body>
	<div class="container">
		<div class="row">
			<div class="col">
				<h1>ArduinoLearningKitStarter - compatibility matrix</h1>
				<p>
					<small>This report was generated on Monday, 21-Feb-22 12:00:25 CET using 
					<a href="https://github.com/alranel/arduino-testlib">arduino-testlib</a>.</small>
				</p>

				<h2>ArduinoLearningKitStarter</h2>
				<p>
					Version: <b>1.2.1</b>
					<br />
					<a href="https://www.arduino.cc/reference/en/libraries/arduinolearningkitstarter/">More details</a>
				</p>

				<h2>Compatibility matrix</h2>
				<table class="table table-bordered">
					<tr>
						<th>Board</th>
						<th>Claims compatibility</th>
						<th>Inclusion</th>
						
						<th><pre>boardTest</pre></th>
						
						<th><pre>buttonSetLed</pre></th>
						
						<th><pre>testAllLeds</pre></th>
						
					</tr>
					
					<tr>
						<td>
							<a href="#arduino%3aavr%3auno"><b>arduino:avr:uno</b></a>
							<br />
							<small>1.8.4</small>
						</td>

						
							<td>Yes</td>
							<td class="pass">PASS</td>
						
						
						
						

						
							
								
									
										
											<td class="pass">PASS</td>
											
										
									
										
									
										
									
								
							
								
							
								
							
								
							
								
							
						
							
								
									
										
									
										
											<td class="pass">PASS</td>
											
										
									
										
									
								
							
								
							
								
							
								
							
								
							
						
							
								
									
										
									
										
									
										
											<td class="pass">PASS</td>
											
										
									
								
							
								
							
								
							
								
							
								
							
						
					</tr>
					
					<tr>
						<td>
							<a href="#arduino%3ambed_nano%3ananorp2040connect"><b>arduino:mbed_nano:nanorp2040connect</b></a>
							<br />
							<small>2.7.2</small>
						</td>

						
						
						
						
							<td>No</td>
							<td class="fail">FAIL</td>
						

						
							
								
							
								
									
										
											
											<td class="fail">FAIL</td>
										
									
										
									
										
									
								
							
								
							
								
							
								
							
						
							
								
							
								
									
										
									
										
											
											<td class="fail">FAIL</td>
										
									
										
									
								
							
								
							
								
							
								
							
						
							
								
							
								
									
										
									
										
									
										
											
											<td class="fail">FAIL</td>
										
									
								
							
								
							
								
							
								
							
						
					</tr>
					
					<tr>
						<td>
							<a href="#arduino%3amegaavr%3anona4809"><b>arduino:megaavr:nona4809</b></a>
							<br />
							<small>1.8.7</small>
						</td>

						
						
							<td>No ⚠️</td>
							<td class="pass">PASS</td>
						
						
						

						
							
								
							
								
							
								
									
										
											<td class="pass">PASS</td>
											
										
									
										
									
										
									
								
							
								
							
								
							
						
							
								
							
								
							
								
									
										
									
										
											<td class="pass">PASS</td>
											
										
									
										
									
								
							
								
							
								
							
						
							
								
							
								
							
								
									
										
									
										
									
										
											<td class="pass">PASS</td>
											
										
									
								
							
								
							
								
							
						
					</tr>
					
					<tr>
						<td>
							<a href="#arduino%3asamd%3amkrwifi1010"><b>arduino:samd:mkrwifi1010</b></a>
							<br />
							<small>1.8.12</small>
						</td>

						
						
						
						
							<td>No</td>
							<td class="fail">FAIL</td>
						

						
							
								
							
								
							
								
							
								
									
										
											
											<td class="fail">FAIL</td>
										
									
										
									
										
									
								
							
								
							
						
							
								
							
								
							
								
							
								
									
										
									
										
											
											<td class="fail">FAIL</td>
										
									
										
									
								
							
								
							
						
							
								
							
								
							
								
							
								
									
										
									
										
									
										
											
											<td class="fail">FAIL</td>
										
									
								
							
								
							
						
					</tr>
					
					<tr>
						<td>
							<a href="#esp32%3aesp32%3ad1_mini32"><b>esp32:esp32:d1_mini32</b></a>
							<br />
							<small>1.0.6</small>
						</td>

						
						
						
						
							<td>No</td>
							<td class="fail">FAIL</td>
						

						
							
								
							
								
							
								
							
								
							
								
									
										
											
											<td class="fail">FAIL</td>
										
									
										
									
										
									
								
							
						
							
								
							
								
							
								
							
								
							
								
									
										
									
										
											
											<td class="fail">FAIL</td>
										
									
										
									
								
							
						
							
								
							
								
							
								
							
								
							
								
									
										
									
										
									
										
											
											<td class="fail">FAIL</td>
										
									
								
							
						
					</tr>
					
				</table>

				<h2>Compilation logs</h2>
				
				<h3 id="arduino:avr:uno">arduino:avr:uno @ 1.8.4</h3>
				<h4>Inclusion</h4>
				<p>
					Result: <b>PASS</b>
					
					<br />This library has no main header file so an empty one was created.
					
				</p>
				<pre class="pre-scrollable">Sketch uses 444 bytes (1%) of program storage space. Maximum is 32256 bytes.
Global variables use 9 bytes (0%) of dynamic memory, leaving 2039 bytes for local variables. Maximum is 2048 bytes.
</pre>

					
					<h4>examples/boardTest</h4>
					<p>
						Result: <b>PASS</b>
					</p>
					<pre class="pre-scrollable">Sketch uses 5006 bytes (15%) of program storage space. Maximum is 32256 bytes.
Global variables use 310 bytes (15%) of dynamic memory, leaving 1738 bytes for local variables. Maximum is 2048 bytes.
</pre>
					
					<h4>examples/buttonSetLed</h4>
					<p>
						Result: <b>PASS</b>
					</p>
					<pre class="pre-scrollable">Sketch uses 2206 bytes (6%) of program storage space. Maximum is 32256 bytes.
Global variables use 240 bytes (11%) of dynamic memory, leaving 1808 bytes for local variables. Maximum is 2048 bytes.
</pre>
					
					<h4>examples/testAllLeds</h4>
					<p>
						Result: <b>PASS</b>
					</p>
					<pre class="pre-scrollable">Sketch uses 2310 bytes (7%) of program storage space. Maximum is 32256 bytes.
Global variables use 252 bytes (12%) of dynamic memory, leaving 1796 bytes for local variables. Maximum is 2048 bytes.
</pre>
					
				
				<h3 id="arduino:mbed_nano:nanorp2040connect">arduino:mbed_nano:nanorp2040connect @ 2.7.2</h3>
				<h4>Inclusion</h4>
				<p>
					Result: <b>FAIL</b>
					
				</p>
				<pre class="pre-scrollable">WARNING: library ArduinoLearningKitStarter claims to run on avr, esp32 architecture(s) and may be incompatible with your current board which runs on mbed_nano architecture(s).
In file included from /tmp/arduino-testlib2488687017/test/test.ino:1:0:
/home/ec2-user/arduino-testlib/cli-datadir/user/libraries/ArduinoLearningKitStarter/src/ALKS.h:140:4: error: #error &#34;Selected unsupported platform/processor!&#34;
   #error &#34;Selected unsupported platform/processor!&#34;
    ^~~~~

</pre>

					
					<h4>examples/boardTest</h4>
					<p>
						Result: <b>FAIL</b>
					</p>
					<pre class="pre-scrollable">WARNING: library ArduinoLearningKitStarter claims to run on avr, esp32 architecture(s) and may be incompatible with your current board which runs on mbed_nano architecture(s).
In file included from /home/ec2-user/arduino-testlib/cli-datadir/user/libraries/ArduinoLearningKitStarter/examples/boardTest/boardTest.ino:10:0:
/home/ec2-user/arduino-testlib/cli-datadir/user/libraries/ArduinoLearningKitStarter/src/ALKS.h:140:4: error: #error &#34;Selected unsupported platform/processor!&#34;
   #error &#34;Selected unsupported platform/processor!&#34;
    ^~~~~
Multiple libraries were found for &#34;DHT.h&#34;
  Used: /home/ec2-user/arduino-testlib/cli-datadir/user/libraries/DHT_sensor_library
  Not used: /home/ec2-user/arduino-testlib/cli-datadir/user/libraries/uKit_Explore
  Not used: /home/ec2-user/arduino-testlib/cli-datadir/user/libraries/NanoPlayBoard
  Not used: /home/ec2-user/arduino-testlib/cli-datadir/user/libraries/Grove_Temperature_And_Humidity_Sensor
Multiple libraries were found for &#34;Adafruit_Sensor.h&#34;
  Used: /home/ec2-user/arduino-testlib/cli-datadir/user/libraries/Adafruit_Unified_Sensor
  Not used: /home/ec2-user/arduino-testlib/cli-datadir/user/libraries/ArdUAV
  Not used: /home/ec2-user/arduino-testlib/cli-datadir/user/libraries/ClimaStick
</pre>
					
					<h4>examples/buttonSetLed</h4>
					<p>
						Result: <b>FAIL</b>
					</p>
					<pre class="pre-scrollable">WARNING: library ArduinoLearningKitStarter claims to run on avr, esp32 architecture(s) and may be incompatible with your current board which runs on mbed_nano architecture(s).
In file included from /home/ec2-user/arduino-testlib/cli-datadir/user/libraries/ArduinoLearningKitStarter/examples/buttonSetLed/buttonSetLed.ino:9:0:
/home/ec2-user/arduino-testlib/cli-datadir/user/libraries/ArduinoLearningKitStarter/src/ALKS.h:140:4: error: #error &#34;Selected unsupported platform/processor!&#34;
   #error &#34;Selected unsupported platform/processor!&#34;
    ^~~~~

</pre>
					
					<h4>examples/testAllLeds</h4>
					<p>
						Result: <b>FAIL</b>
					</p>
					<pre class="pre-scrollable">WARNING: library ArduinoLearningKitStarter claims to run on avr, esp32 architecture(s) and may be incompatible with your current board which runs on mbed_nano architecture(s).
In file included from /home/ec2-user/arduino-testlib/cli-datadir/user/libraries/ArduinoLearningKitStarter/examples/testAllLeds/testAllLeds.ino:9:0:
/home/ec2-user/arduino-testlib/cli-datadir/user/libraries/ArduinoLearningKitStarter/src/ALKS.h:140:4: error: #error &#34;Selected unsupported platform/processor!&#34;
   #error &#34;Selected unsupported platform/processor!&#34;
    ^~~~~

</pre>
					
				
				<h3 id="arduino:megaavr:nona4809">arduino:megaavr:nona4809 @ 1.8.7</h3>
				<h4>Inclusion</h4>
				<p>
					Result: <b>PASS</b>
					
				</p>
				<pre class="pre-scrollable">WARNING: library ArduinoLearningKitStarter claims to run on avr, esp32 architecture(s) and may be incompatible with your current board which runs on megaavr architecture(s).
Sketch uses 802 bytes (1%) of program storage space. Maximum is 49152 bytes.
Global variables use 22 bytes (0%) of dynamic memory, leaving 6122 bytes for local variables. Maximum is 6144 bytes.
</pre>

					
					<h4>examples/boardTest</h4>
					<p>
						Result: <b>PASS</b>
					</p>
					<pre class="pre-scrollable">WARNING: library ArduinoLearningKitStarter claims to run on avr, esp32 architecture(s) and may be incompatible with your current board which runs on megaavr architecture(s).
Sketch uses 5889 bytes (11%) of program storage space. Maximum is 49152 bytes.
Global variables use 205 bytes (3%) of dynamic memory, leaving 5939 bytes for local variables. Maximum is 6144 bytes.
</pre>
					
					<h4>examples/buttonSetLed</h4>
					<p>
						Result: <b>PASS</b>
					</p>
					<pre class="pre-scrollable">WARNING: library ArduinoLearningKitStarter claims to run on avr, esp32 architecture(s) and may be incompatible with your current board which runs on megaavr architecture(s).
Sketch uses 3093 bytes (6%) of program storage space. Maximum is 49152 bytes.
Global variables use 177 bytes (2%) of dynamic memory, leaving 5967 bytes for local variables. Maximum is 6144 bytes.
</pre>
					
					<h4>examples/testAllLeds</h4>
					<p>
						Result: <b>PASS</b>
					</p>
					<pre class="pre-scrollable">WARNING: library ArduinoLearningKitStarter claims to run on avr, esp32 architecture(s) and may be incompatible with your current board which runs on megaavr architecture(s).
Sketch uses 3294 bytes (6%) of program storage space. Maximum is 49152 bytes.
Global variables use 177 bytes (2%) of dynamic memory, leaving 5967 bytes for local variables. Maximum is 6144 bytes.
</pre>
					
				
				<h3 id="arduino:samd:mkrwifi1010">arduino:samd:mkrwifi1010 @ 1.8.12</h3>
				<h4>Inclusion</h4>
				<p>
					Result: <b>FAIL</b>
					
					<br />This library has no main header file so an empty one was created.
					
				</p>
				<pre class="pre-scrollable">WARNING: library ArduinoLearningKitStarter claims to run on avr, esp32 architecture(s) and may be incompatible with your current board which runs on samd architecture(s).
In file included from /private/tmp/arduino-testlib1175906214/test/test.ino:1:0:
/Users/alranel/Documents/git/arduino/arduino-testlib/cli-datadir/user/libraries/ArduinoLearningKitStarter/src/ALKS.h:140:4: error: #error &#34;Selected unsupported platform/processor!&#34;
   #error &#34;Selected unsupported platform/processor!&#34;
    ^~~~~

</pre>

					
					<h4>examples/boardTest</h4>
					<p>
						Result: <b>FAIL</b>
					</p>
					<pre class="pre-scrollable">WARNING: library ArduinoLearningKitStarter claims to run on avr, esp32 architecture(s) and may be incompatible with your current board which runs on samd architecture(s).
In file included from /Users/alranel/Documents/git/arduino/arduino-testlib/cli-datadir/user/libraries/ArduinoLearningKitStarter/examples/boardTest/boardTest.ino:10:0:
/Users/alranel/Documents/git/arduino/arduino-testlib/cli-datadir/user/libraries/ArduinoLearningKitStarter/src/ALKS.h:140:4: error: #error &#34;Selected unsupported platform/processor!&#34;
   #error &#34;Selected unsupported platform/processor!&#34;
    ^~~~~
Multiple libraries were found for &#34;DHT.h&#34;
  Used: /Users/alranel/Documents/git/arduino/arduino-testlib/cli-datadir/user/libraries/DHT_sensor_library
  Not used: /Users/alranel/Documents/git/arduino/arduino-testlib/cli-datadir/user/libraries/uKit_Explore
  Not used: /Users/alranel/Documents/git/arduino/arduino-testlib/cli-datadir/user/libraries/Grove_Temperature_And_Humidity_Sensor
  Not used: /Users/alranel/Documents/git/arduino/arduino-testlib/cli-datadir/user/libraries/NanoPlayBoard
Multiple libraries were found for &#34;Adafruit_Sensor.h&#34;
  Used: /Users/alranel/Documents/git/arduino/arduino-testlib/cli-datadir/user/libraries/Adafruit_Unified_Sensor
  Not used: /Users/alranel/Documents/git/arduino/arduino-testlib/cli-datadir/user/libraries/ClimaStick
  Not used: /Users/alranel/Documents/git/arduino/arduino-testlib/cli-datadir/user/libraries/ArdUAV
</pre>
					
					<h4>examples/buttonSetLed</h4>
					<p>
						Result: <b>FAIL</b>
					</p>
					<pre class="pre-scrollable">WARNING: library ArduinoLearningKitStarter claims to run on avr, esp32 architecture(s) and may be incompatible with your current board which runs on samd architecture(s).
In file included from /Users/alranel/Documents/git/arduino/arduino-testlib/cli-datadir/user/libraries/ArduinoLearningKitStarter/examples/buttonSetLed/buttonSetLed.ino:9:0:
/Users/alranel/Documents/git/arduino/arduino-testlib/cli-datadir/user/libraries/ArduinoLearningKitStarter/src/ALKS.h:140:4: error: #error &#34;Selected unsupported platform/processor!&#34;
   #error &#34;Selected unsupported platform/processor!&#34;
    ^~~~~

</pre>
					
					<h4>examples/testAllLeds</h4>
					<p>
						Result: <b>FAIL</b>
					</p>
					<pre class="pre-scrollable">WARNING: library ArduinoLearningKitStarter claims to run on avr, esp32 architecture(s) and may be incompatible with your current board which runs on samd architecture(s).
In file included from /Users/alranel/Documents/git/arduino/arduino-testlib/cli-datadir/user/libraries/ArduinoLearningKitStarter/examples/testAllLeds/testAllLeds.ino:9:0:
/Users/alranel/Documents/git/arduino/arduino-testlib/cli-datadir/user/libraries/ArduinoLearningKitStarter/src/ALKS.h:140:4: error: #error &#34;Selected unsupported platform/processor!&#34;
   #error &#34;Selected unsupported platform/processor!&#34;
    ^~~~~

</pre>
					
				
				<h3 id="esp32:esp32:d1_mini32">esp32:esp32:d1_mini32 @ 1.0.6</h3>
				<h4>Inclusion</h4>
				<p>
					Result: <b>FAIL</b>
					
				</p>
				<pre class="pre-scrollable">In file included from /tmp/arduino-testlib2267716616/test/test.ino:1:0:
/home/ec2-user/arduino-testlib/cli-datadir/user/libraries/ArduinoLearningKitStarter/src/ALKS.h:77:22: error: redefinition of &#39;const uint8_t D0&#39;
 static const uint8_t D0 = 40;
                      ^
In file included from /home/ec2-user/arduino-testlib/cli-datadir/data/packages/esp32/hardware/esp32/1.0.6/cores/esp32/Arduino.h:185:0,
                 from /tmp/arduino-sketch-34E64430CF989055B0D9E78D93413F95/sketch/test.ino.cpp:1:
/home/ec2-user/arduino-testlib/cli-datadir/data/packages/esp32/hardware/esp32/1.0.6/variants/d1_mini32/pins_arduino.h:15:22: note: &#39;const uint8_t D0&#39; previously defined here
 static const uint8_t D0   = 26;
                      ^
In file included from /tmp/arduino-testlib2267716616/test/test.ino:1:0:
/home/ec2-user/arduino-testlib/cli-datadir/user/libraries/ArduinoLearningKitStarter/src/ALKS.h:78:22: error: redefinition of &#39;const uint8_t D1&#39;
 static const uint8_t D1 = 41;
                      ^
In file included from /home/ec2-user/arduino-testlib/cli-datadir/data/packages/esp32/hardware/esp32/1.0.6/cores/esp32/Arduino.h:185:0,
                 from /tmp/arduino-sketch-34E64430CF989055B0D9E78D93413F95/sketch/test.ino.cpp:1:
/home/ec2-user/arduino-testlib/cli-datadir/data/packages/esp32/hardware/esp32/1.0.6/variants/d1_mini32/pins_arduino.h:16:22: note: &#39;const uint8_t D1&#39; previously defined here
 static const uint8_t D1   = 22;
                      ^
In file included from /tmp/arduino-testlib2267716616/test/test.ino:1:0:
/home/ec2-user/arduino-testlib/cli-datadir/user/libraries/ArduinoLearningKitStarter/src/ALKS.h:79:22: error: redefinition of &#39;const uint8_t D2&#39;
 static const uint8_t D2 = 15;
                      ^
In file included from /home/ec2-user/arduino-testlib/cli-datadir/data/packages/esp32/hardware/esp32/1.0.6/cores/esp32/Arduino.h:185:0,
                 from /tmp/arduino-sketch-34E64430CF989055B0D9E78D93413F95/sketch/test.ino.cpp:1:
/home/ec2-user/arduino-testlib/cli-datadir/data/packages/esp32/hardware/esp32/1.0.6/variants/d1_mini32/pins_arduino.h:17:22: note: &#39;const uint8_t D2&#39; previously defined here
 static const uint8_t D2   = 21;
                      ^
In file included from /tmp/arduino-testlib2267716616/test/test.ino:1:0:
/home/ec2-user/arduino-testlib/cli-datadir/user/libraries/ArduinoLearningKitStarter/src/ALKS.h:80:22: error: redefinition of &#39;const uint8_t D3&#39;
 static const uint8_t D3 = 2;
                      ^
In file included from /home/ec2-user/arduino-testlib/cli-datadir/data/packages/esp32/hardware/esp32/1.0.6/cores/esp32/Arduino.h:185:0,
                 from /tmp/arduino-sketch-34E64430CF989055B0D9E78D93413F95/sketch/test.ino.cpp:1:
/home/ec2-user/arduino-testlib/cli-datadir/data/packages/esp32/hardware/esp32/1.0.6/variants/d1_mini32/pins_arduino.h:18:22: note: &#39;const uint8_t D3&#39; previously defined here
 static const uint8_t D3   = 17;
                      ^
In file included from /tmp/arduino-testlib2267716616/test/test.ino:1:0:
/home/ec2-user/arduino-testlib/cli-datadir/user/libraries/ArduinoLearningKitStarter/src/ALKS.h:81:22: error: redefinition of &#39;const uint8_t D4&#39;
 static const uint8_t D4 = 0;
                      ^
In file included from /home/ec2-user/arduino-testlib/cli-datadir/data/packages/esp32/hardware/esp32/1.0.6/cores/esp32/Arduino.h:185:0,
                 from /tmp/arduino-sketch-34E64430CF989055B0D9E78D93413F95/sketch/test.ino.cpp:1:
/home/ec2-user/arduino-testlib/cli-datadir/data/packages/esp32/hardware/esp32/1.0.6/variants/d1_mini32/pins_arduino.h:19:22: note: &#39;const uint8_t D4&#39; previously defined here
 static const uint8_t D4   = 16;
                      ^
In file included from /tmp/arduino-testlib2267716616/test/test.ino:1:0:
/home/ec2-user/arduino-testlib/cli-datadir/user/libraries/ArduinoLearningKitStarter/src/ALKS.h:82:22: error: redefinition of &#39;const uint8_t D5&#39;
 static const uint8_t D5 = 4;
                      ^
In file included from /home/ec2-user/arduino-testlib/cli-datadir/data/packages/esp32/hardware/esp32/1.0.6/cores/esp32/Arduino.h:185:0,
                 from /tmp/arduino-sketch-34E64430CF989055B0D9E78D93413F95/sketch/test.ino.cpp:1:
/home/ec2-user/arduino-testlib/cli-datadir/data/packages/esp32/hardware/esp32/1.0.6/variants/d1_mini32/pins_arduino.h:20:22: note: &#39;const uint8_t D5&#39; previously defined here
 static const uint8_t D5   = 18;
                      ^
In file included from /tmp/arduino-testlib2267716616/test/test.ino:1:0:
/home/ec2-user/arduino-testlib/cli-datadir/user/libraries/ArduinoLearningKitStarter/src/ALKS.h:83:22: error: redefinition of &#39;const uint8_t D6&#39;
 static const uint8_t D6 = 16;
                      ^
In file included from /home/ec2-user/arduino-testlib/cli-datadir/data/packages/esp32/hardware/esp32/1.0.6/cores/esp32/Arduino.h:185:0,
                 from /tmp/arduino-sketch-34E64430CF989055B0D9E78D93413F95/sketch/test.ino.cpp:1:
/home/ec2-user/arduino-testlib/cli-datadir/data/packages/esp32/hardware/esp32/1.0.6/variants/d1_mini32/pins_arduino.h:21:22: note: &#39;const uint8_t D6&#39; previously defined here
 static const uint8_t D6   = 19;
                      ^
In file included from /tmp/arduino-testlib2267716616/test/test.ino:1:0:
/home/ec2-user/arduino-testlib/cli-datadir/user/libraries/ArduinoLearningKitStarter/src/ALKS.h:84:22: error: redefinition of &#39;const uint8_t D7&#39;
 static const uint8_t D7 = 17;
                      ^
In file included from /home/ec2-user/arduino-testlib/cli-datadir/data/packages/esp32/hardware/esp32/1.0.6/cores/esp32/Arduino.h:185:0,
                 from /tmp/arduino-sketch-34E64430CF989055B0D9E78D93413F95/sketch/test.ino.cpp:1:
/home/ec2-user/arduino-testlib/cli-datadir/data/packages/esp32/hardware/esp32/1.0.6/variants/d1_mini32/pins_arduino.h:22:22: note: &#39;const uint8_t D7&#39; previously defined here
 static const uint8_t D7   = 23;
                      ^
In file included from /tmp/arduino-testlib2267716616/test/test.ino:1:0:
/home/ec2-user/arduino-testlib/cli-datadir/user/libraries/ArduinoLearningKitStarter/src/ALKS.h:85:22: error: redefinition of &#39;const uint8_t D8&#39;
 static const uint8_t D8 = 5;
                      ^
In file included from /home/ec2-user/arduino-testlib/cli-datadir/data/packages/esp32/hardware/esp32/1.0.6/cores/esp32/Arduino.h:185:0,
                 from /tmp/arduino-sketch-34E64430CF989055B0D9E78D93413F95/sketch/test.ino.cpp:1:
/home/ec2-user/arduino-testlib/cli-datadir/data/packages/esp32/hardware/esp32/1.0.6/variants/d1_mini32/pins_arduino.h:23:22: note: &#39;const uint8_t D8&#39; previously defined here
 static const uint8_t D8   = 5;
                      ^

</pre>

					
					<h4>examples/boardTest</h4>
					<p>
						Result: <b>FAIL</b>
					</p>
					<pre class="pre-scrollable">In file included from /home/ec2-user/arduino-testlib/cli-datadir/user/libraries/ArduinoLearningKitStarter/examples/boardTest/boardTest.ino:10:0:
/home/ec2-user/arduino-testlib/cli-datadir/user/libraries/ArduinoLearningKitStarter/src/ALKS.h:77:22: error: redefinition of &#39;const uint8_t D0&#39;
 static const uint8_t D0 = 40;
                      ^
In file included from /home/ec2-user/arduino-testlib/cli-datadir/data/packages/esp32/hardware/esp32/1.0.6/cores/esp32/Arduino.h:185:0,
                 from /tmp/arduino-sketch-439085E7A1DFB85BE2BA9C504A81570C/sketch/boardTest.ino.cpp:1:
/home/ec2-user/arduino-testlib/cli-datadir/data/packages/esp32/hardware/esp32/1.0.6/variants/d1_mini32/pins_arduino.h:15:22: note: &#39;const uint8_t D0&#39; previously defined here
 static const uint8_t D0   = 26;
                      ^
In file included from /home/ec2-user/arduino-testlib/cli-datadir/user/libraries/ArduinoLearningKitStarter/examples/boardTest/boardTest.ino:10:0:
/home/ec2-user/arduino-testlib/cli-datadir/user/libraries/ArduinoLearningKitStarter/src/ALKS.h:78:22: error: redefinition of &#39;const uint8_t D1&#39;
 static const uint8_t D1 = 41;
                      ^
In file included from /home/ec2-user/arduino-testlib/cli-datadir/data/packages/esp32/hardware/esp32/1.0.6/cores/esp32/Arduino.h:185:0,
                 from /tmp/arduino-sketch-439085E7A1DFB85BE2BA9C504A81570C/sketch/boardTest.ino.cpp:1:
/home/ec2-user/arduino-testlib/cli-datadir/data/packages/esp32/hardware/esp32/1.0.6/variants/d1_mini32/pins_arduino.h:16:22: note: &#39;const uint8_t D1&#39; previously defined here
 static const uint8_t D1   = 22;
                      ^
In file included from /home/ec2-user/arduino-testlib/cli-datadir/user/libraries/ArduinoLearningKitStarter/examples/boardTest/boardTest.ino:10:0:
/home/ec2-user/arduino-testlib/cli-datadir/user/libraries/ArduinoLearningKitStarter/src/ALKS.h:79:22: error: redefinition of &#39;const uint8_t D2&#39;
 static const uint8_t D2 = 15;
                      ^
In file included from /home/ec2-user/arduino-testlib/cli-datadir/data/packages/esp32/hardware/esp32/1.0.6/cores/esp32/Arduino.h:185:0,
                 from /tmp/arduino-sketch-439085E7A1DFB85BE2BA9C504A81570C/sketch/boardTest.ino.cpp:1:
/home/ec2-user/arduino-testlib/cli-datadir/data/packages/esp32/hardware/esp32/1.0.6/variants/d1_mini32/pins_arduino.h:17:22: note: &#39;const uint8_t D2&#39; previously defined here
 static const uint8_t D2   = 21;
                      ^
In file included from /home/ec2-user/arduino-testlib/cli-datadir/user/libraries/ArduinoLearningKitStarter/examples/boardTest/boardTest.ino:10:0:
/home/ec2-user/arduino-testlib/cli-datadir/user/libraries/ArduinoLearningKitStarter/src/ALKS.h:80:22: error: redefinition of &#39;const uint8_t D3&#39;
 static const uint8_t D3 = 2;
                      ^
In file included from /home/ec2-user/arduino-testlib/cli-datadir/data/packages/esp32/hardware/esp32/1.0.6/cores/esp32/Arduino.h:185:0,
                 from /tmp/arduino-sketch-439085E7A1DFB85BE2BA9C504A81570C/sketch/boardTest.ino.cpp:1:
/home/ec2-user/arduino-testlib/cli-datadir/data/packages/esp32/hardware/esp32/1.0.6/variants/d1_mini32/pins_arduino.h:18:22: note: &#39;const uint8_t D3&#39; previously defined here
 static const uint8_t D3   = 17;
                      ^
In file included from /home/ec2-user/arduino-testlib/cli-datadir/user/libraries/ArduinoLearningKitStarter/examples/boardTest/boardTest.ino:10:0:
/home/ec2-user/arduino-testlib/cli-datadir/user/libraries/ArduinoLearningKitStarter/src/ALKS.h:81:22: error: redefinition of &#39;const uint8_t D4&#39;
 static const uint8_t D4 = 0;
                      ^
In file included from /home/ec2-user/arduino-testlib/cli-datadir/data/packages/esp32/hardware/esp32/1.0.6/cores/esp32/Arduino.h:185:0,
                 from /tmp/arduino-sketch-439085E7A1DFB85BE2BA9C504A81570C/sketch/boardTest.ino.cpp:1:
/home/ec2-user/arduino-testlib/cli-datadir/data/packages/esp32/hardware/esp32/1.0.6/variants/d1_mini32/pins_arduino.h:19:22: note: &#39;const uint8_t D4&#39; previously defined here
 static const uint8_t D4   = 16;
                      ^
In file included from /home/ec2-user/arduino-testlib/cli-datadir/user/libraries/ArduinoLearningKitStarter/examples/boardTest/boardTest.ino:10:0:
/home/ec2-user/arduino-testlib/cli-datadir/user/libraries/ArduinoLearningKitStarter/src/ALKS.h:82:22: error: redefinition of &#39;const uint8_t D5&#39;
 static const uint8_t D5 = 4;
                      ^
In file included from /home/ec2-user/arduino-testlib/cli-datadir/data/packages/esp32/hardware/esp32/1.0.6/cores/esp32/Arduino.h:185:0,
                 from /tmp/arduino-sketch-439085E7A1DFB85BE2BA9C504A81570C/sketch/boardTest.ino.cpp:1:
/home/ec2-user/arduino-testlib/cli-datadir/data/packages/esp32/hardware/esp32/1.0.6/variants/d1_mini32/pins_arduino.h:20:22: note: &#39;const uint8_t D5&#39; previously defined here
 static const uint8_t D5   = 18;
                      ^
In file included from /home/ec2-user/arduino-testlib/cli-datadir/user/libraries/ArduinoLearningKitStarter/examples/boardTest/boardTest.ino:10:0:
/home/ec2-user/arduino-testlib/cli-datadir/user/libraries/ArduinoLearningKitStarter/src/ALKS.h:83:22: error: redefinition of &#39;const uint8_t D6&#39;
 static const uint8_t D6 = 16;
                      ^
In file included from /home/ec2-user/arduino-testlib/cli-datadir/data/packages/esp32/hardware/esp32/1.0.6/cores/esp32/Arduino.h:185:0,
                 from /tmp/arduino-sketch-439085E7A1DFB85BE2BA9C504A81570C/sketch/boardTest.ino.cpp:1:
/home/ec2-user/arduino-testlib/cli-datadir/data/packages/esp32/hardware/esp32/1.0.6/variants/d1_mini32/pins_arduino.h:21:22: note: &#39;const uint8_t D6&#39; previously defined here
 static const uint8_t D6   = 19;
                      ^
In file included from /home/ec2-user/arduino-testlib/cli-datadir/user/libraries/ArduinoLearningKitStarter/examples/boardTest/boardTest.ino:10:0:
/home/ec2-user/arduino-testlib/cli-datadir/user/libraries/ArduinoLearningKitStarter/src/ALKS.h:84:22: error: redefinition of &#39;const uint8_t D7&#39;
 static const uint8_t D7 = 17;
                      ^
In file included from /home/ec2-user/arduino-testlib/cli-datadir/data/packages/esp32/hardware/esp32/1.0.6/cores/esp32/Arduino.h:185:0,
                 from /tmp/arduino-sketch-439085E7A1DFB85BE2BA9C504A81570C/sketch/boardTest.ino.cpp:1:
/home/ec2-user/arduino-testlib/cli-datadir/data/packages/esp32/hardware/esp32/1.0.6/variants/d1_mini32/pins_arduino.h:22:22: note: &#39;const uint8_t D7&#39; previously defined here
 static const uint8_t D7   = 23;
                      ^
In file included from /home/ec2-user/arduino-testlib/cli-datadir/user/libraries/ArduinoLearningKitStarter/examples/boardTest/boardTest.ino:10:0:
/home/ec2-user/arduino-testlib/cli-datadir/user/libraries/ArduinoLearningKitStarter/src/ALKS.h:85:22: error: redefinition of &#39;const uint8_t D8&#39;
 static const uint8_t D8 = 5;
                      ^
In file included from /home/ec2-user/arduino-testlib/cli-datadir/data/packages/esp32/hardware/esp32/1.0.6/cores/esp32/Arduino.h:185:0,
                 from /tmp/arduino-sketch-439085E7A1DFB85BE2BA9C504A81570C/sketch/boardTest.ino.cpp:1:
/home/ec2-user/arduino-testlib/cli-datadir/data/packages/esp32/hardware/esp32/1.0.6/variants/d1_mini32/pins_arduino.h:23:22: note: &#39;const uint8_t D8&#39; previously defined here
 static const uint8_t D8   = 5;
                      ^
Multiple libraries were found for &#34;DHT.h&#34;
  Used: /home/ec2-user/arduino-testlib/cli-datadir/user/libraries/DHT_sensor_library
  Not used: /home/ec2-user/arduino-testlib/cli-datadir/user/libraries/Grove_Temperature_And_Humidity_Sensor
  Not used: /home/ec2-user/arduino-testlib/cli-datadir/user/libraries/NanoPlayBoard
  Not used: /home/ec2-user/arduino-testlib/cli-datadir/user/libraries/uKit_Explore
Multiple libraries were found for &#34;Adafruit_Sensor.h&#34;
  Used: /home/ec2-user/arduino-testlib/cli-datadir/user/libraries/Adafruit_Unified_Sensor
  Not used: /home/ec2-user/arduino-testlib/cli-datadir/user/libraries/ClimaStick
  Not used: /home/ec2-user/arduino-testlib/cli-datadir/user/libraries/ArdUAV
</pre>
					
					<h4>examples/buttonSetLed</h4>
					<p>
						Result: <b>FAIL</b>
					</p>
					<pre class="pre-scrollable">In file included from /home/ec2-user/arduino-testlib/cli-datadir/user/libraries/ArduinoLearningKitStarter/examples/buttonSetLed/buttonSetLed.ino:9:0:
/home/ec2-user/arduino-testlib/cli-datadir/user/libraries/ArduinoLearningKitStarter/src/ALKS.h:77:22: error: redefinition of &#39;const uint8_t D0&#39;
 static const uint8_t D0 = 40;
                      ^
In file included from /home/ec2-user/arduino-testlib/cli-datadir/data/packages/esp32/hardware/esp32/1.0.6/cores/esp32/Arduino.h:185:0,
                 from /tmp/arduino-sketch-26F6DF91E166D7B0F1BEDE02EA730C89/sketch/buttonSetLed.ino.cpp:1:
/home/ec2-user/arduino-testlib/cli-datadir/data/packages/esp32/hardware/esp32/1.0.6/variants/d1_mini32/pins_arduino.h:15:22: note: &#39;const uint8_t D0&#39; previously defined here
 static const uint8_t D0   = 26;
                      ^
In file included from /home/ec2-user/arduino-testlib/cli-datadir/user/libraries/ArduinoLearningKitStarter/examples/buttonSetLed/buttonSetLed.ino:9:0:
/home/ec2-user/arduino-testlib/cli-datadir/user/libraries/ArduinoLearningKitStarter/src/ALKS.h:78:22: error: redefinition of &#39;const uint8_t D1&#39;
 static const uint8_t D1 = 41;
                      ^
In file included from /home/ec2-user/arduino-testlib/cli-datadir/data/packages/esp32/hardware/esp32/1.0.6/cores/esp32/Arduino.h:185:0,
                 from /tmp/arduino-sketch-26F6DF91E166D7B0F1BEDE02EA730C89/sketch/buttonSetLed.ino.cpp:1:
/home/ec2-user/arduino-testlib/cli-datadir/data/packages/esp32/hardware/esp32/1.0.6/variants/d1_mini32/pins_arduino.h:16:22: note: &#39;const uint8_t D1&#39; previously defined here
 static const uint8_t D1   = 22;
                      ^
In file included from /home/ec2-user/arduino-testlib/cli-datadir/user/libraries/ArduinoLearningKitStarter/examples/buttonSetLed/buttonSetLed.ino:9:0:
/home/ec2-user/arduino-testlib/cli-datadir/user/libraries/ArduinoLearningKitStarter/src/ALKS.h:79:22: error: redefinition of &#39;const uint8_t D2&#39;
 static const uint8_t D2 = 15;
                      ^
In file included from /home/ec2-user/arduino-testlib/cli-datadir/data/packages/esp32/hardware/esp32/1.0.6/cores/esp32/Arduino.h:185:0,
                 from /tmp/arduino-sketch-26F6DF91E166D7B0F1BEDE02EA730C89/sketch/buttonSetLed.ino.cpp:1:
/home/ec2-user/arduino-testlib/cli-datadir/data/packages/esp32/hardware/esp32/1.0.6/variants/d1_mini32/pins_arduino.h:17:22: note: &#39;const uint8_t D2&#39; previously defined here
 static const uint8_t D2   = 21;
                      ^
In file included from /home/ec2-user/arduino-testlib/cli-datadir/user/libraries/ArduinoLearningKitStarter/examples/buttonSetLed/buttonSetLed.ino:9:0:
/home/ec2-user/arduino-testlib/cli-datadir/user/libraries/ArduinoLearningKitStarter/src/ALKS.h:80:22: error: redefinition of &#39;const uint8_t D3&#39;
 static const uint8_t D3 = 2;
                      ^
In file included from /home/ec2-user/arduino-testlib/cli-datadir/data/packages/esp32/hardware/esp32/1.0.6/cores/esp32/Arduino.h:185:0,
                 from /tmp/arduino-sketch-26F6DF91E166D7B0F1BEDE02EA730C89/sketch/buttonSetLed.ino.cpp:1:
/home/ec2-user/arduino-testlib/cli-datadir/data/packages/esp32/hardware/esp32/1.0.6/variants/d1_mini32/pins_arduino.h:18:22: note: &#39;const uint8_t D3&#39; previously defined here
 static const uint8_t D3   = 17;
                      ^
In file included from /home/ec2-user/arduino-testlib/cli-datadir/user/libraries/ArduinoLearningKitStarter/examples/buttonSetLed/buttonSetLed.ino:9:0:
/home/ec2-user/arduino-testlib/cli-datadir/user/libraries/ArduinoLearningKitStarter/src/ALKS.h:81:22: error: redefinition of &#39;const uint8_t D4&#39;
 static const uint8_t D4 = 0;
                      ^
In file included from /home/ec2-user/arduino-testlib/cli-datadir/data/packages/esp32/hardware/esp32/1.0.6/cores/esp32/Arduino.h:185:0,
                 from /tmp/arduino-sketch-26F6DF91E166D7B0F1BEDE02EA730C89/sketch/buttonSetLed.ino.cpp:1:
/home/ec2-user/arduino-testlib/cli-datadir/data/packages/esp32/hardware/esp32/1.0.6/variants/d1_mini32/pins_arduino.h:19:22: note: &#39;const uint8_t D4&#39; previously defined here
 static const uint8_t D4   = 16;
                      ^
In file included from /home/ec2-user/arduino-testlib/cli-datadir/user/libraries/ArduinoLearningKitStarter/examples/buttonSetLed/buttonSetLed.ino:9:0:
/home/ec2-user/arduino-testlib/cli-datadir/user/libraries/ArduinoLearningKitStarter/src/ALKS.h:82:22: error: redefinition of &#39;const uint8_t D5&#39;
 static const uint8_t D5 = 4;
                      ^
In file included from /home/ec2-user/arduino-testlib/cli-datadir/data/packages/esp32/hardware/esp32/1.0.6/cores/esp32/Arduino.h:185:0,
                 from /tmp/arduino-sketch-26F6DF91E166D7B0F1BEDE02EA730C89/sketch/buttonSetLed.ino.cpp:1:
/home/ec2-user/arduino-testlib/cli-datadir/data/packages/esp32/hardware/esp32/1.0.6/variants/d1_mini32/pins_arduino.h:20:22: note: &#39;const uint8_t D5&#39; previously defined here
 static const uint8_t D5   = 18;
                      ^
In file included from /home/ec2-user/arduino-testlib/cli-datadir/user/libraries/ArduinoLearningKitStarter/examples/buttonSetLed/buttonSetLed.ino:9:0:
/home/ec2-user/arduino-testlib/cli-datadir/user/libraries/ArduinoLearningKitStarter/src/ALKS.h:83:22: error: redefinition of &#39;const uint8_t D6&#39;
 static const uint8_t D6 = 16;
                      ^
In file included from /home/ec2-user/arduino-testlib/cli-datadir/data/packages/esp32/hardware/esp32/1.0.6/cores/esp32/Arduino.h:185:0,
                 from /tmp/arduino-sketch-26F6DF91E166D7B0F1BEDE02EA730C89/sketch/buttonSetLed.ino.cpp:1:
/home/ec2-user/arduino-testlib/cli-datadir/data/packages/esp32/hardware/esp32/1.0.6/variants/d1_mini32/pins_arduino.h:21:22: note: &#39;const uint8_t D6&#39; previously defined here
 static const uint8_t D6   = 19;
                      ^
In file included from /home/ec2-user/arduino-testlib/cli-datadir/user/libraries/ArduinoLearningKitStarter/examples/buttonSetLed/buttonSetLed.ino:9:0:
/home/ec2-user/arduino-testlib/cli-datadir/user/libraries/ArduinoLearningKitStarter/src/ALKS.h:84:22: error: redefinition of &#39;const uint8_t D7&#39;
 static const uint8_t D7 = 17;
                      ^
In file included from /home/ec2-user/arduino-testlib/cli-datadir/data/packages/esp32/hardware/esp32/1.0.6/cores/esp32/Arduino.h:185:0,
                 from /tmp/arduino-sketch-26F6DF91E166D7B0F1BEDE02EA730C89/sketch/buttonSetLed.ino.cpp:1:
/home/ec2-user/arduino-testlib/cli-datadir/data/packages/esp32/hardware/esp32/1.0.6/variants/d1_mini32/pins_arduino.h:22:22: note: &#39;const uint8_t D7&#39; previously defined here
 static const uint8_t D7   = 23;
                      ^
In file included from /home/ec2-user/arduino-testlib/cli-datadir/user/libraries/ArduinoLearningKitStarter/examples/buttonSetLed/buttonSetLed.ino:9:0:
/home/ec2-user/arduino-testlib/cli-datadir/user/libraries/ArduinoLearningKitStarter/src/ALKS.h:85:22: error: redefinition of &#39;const uint8_t D8&#39;
 static const uint8_t D8 = 5;
                      ^
In file included from /home/ec2-user/arduino-testlib/cli-datadir/data/packages/esp32/hardware/esp32/1.0.6/cores/esp32/Arduino.h:185:0,
                 from /tmp/arduino-sketch-26F6DF91E166D7B0F1BEDE02EA730C89/sketch/buttonSetLed.ino.cpp:1:
/home/ec2-user/arduino-testlib/cli-datadir/data/packages/esp32/hardware/esp32/1.0.6/variants/d1_mini32/pins_arduino.h:23:22: note: &#39;const uint8_t D8&#39; previously defined here
 static const uint8_t D8   = 5;
                      ^

</pre>
					
					<h4>examples/testAllLeds</h4>
					<p>
						Result: <b>FAIL</b>
					</p>
					<pre class="pre-scrollable">In file included from /home/ec2-user/arduino-testlib/cli-datadir/user/libraries/ArduinoLearningKitStarter/examples/testAllLeds/testAllLeds.ino:9:0:
/home/ec2-user/arduino-testlib/cli-datadir/user/libraries/ArduinoLearningKitStarter/src/ALKS.h:77:22: error: redefinition of &#39;const uint8_t D0&#39;
 static const uint8_t D0 = 40;
                      ^
In file included from /home/ec2-user/arduino-testlib/cli-datadir/data/packages/esp32/hardware/esp32/1.0.6/cores/esp32/Arduino.h:185:0,
                 from /tmp/arduino-sketch-915FA174661D62F6CB4BF7D40899A713/sketch/testAllLeds.ino.cpp:1:
/home/ec2-user/arduino-testlib/cli-datadir/data/packages/esp32/hardware/esp32/1.0.6/variants/d1_mini32/pins_arduino.h:15:22: note: &#39;const uint8_t D0&#39; previously defined here
 static const uint8_t D0   = 26;
                      ^
In file included from /home/ec2-user/arduino-testlib/cli-datadir/user/libraries/ArduinoLearningKitStarter/examples/testAllLeds/testAllLeds.ino:9:0:
/home/ec2-user/arduino-testlib/cli-datadir/user/libraries/ArduinoLearningKitStarter/src/ALKS.h:78:22: error: redefinition of &#39;const uint8_t D1&#39;
 static const uint8_t D1 = 41;
                      ^
In file included from /home/ec2-user/arduino-testlib/cli-datadir/data/packages/esp32/hardware/esp32/1.0.6/cores/esp32/Arduino.h:185:0,
                 from /tmp/arduino-sketch-915FA174661D62F6CB4BF7D40899A713/sketch/testAllLeds.ino.cpp:1:
/home/ec2-user/arduino-testlib/cli-datadir/data/packages/esp32/hardware/esp32/1.0.6/variants/d1_mini32/pins_arduino.h:16:22: note: &#39;const uint8_t D1&#39; previously defined here
 static const uint8_t D1   = 22;
                      ^
In file included from /home/ec2-user/arduino-testlib/cli-datadir/user/libraries/ArduinoLearningKitStarter/examples/testAllLeds/testAllLeds.ino:9:0:
/home/ec2-user/arduino-testlib/cli-datadir/user/libraries/ArduinoLearningKitStarter/src/ALKS.h:79:22: error: redefinition of &#39;const uint8_t D2&#39;
 static const uint8_t D2 = 15;
                      ^
In file included from /home/ec2-user/arduino-testlib/cli-datadir/data/packages/esp32/hardware/esp32/1.0.6/cores/esp32/Arduino.h:185:0,
                 from /tmp/arduino-sketch-915FA174661D62F6CB4BF7D40899A713/sketch/testAllLeds.ino.cpp:1:
/home/ec2-user/arduino-testlib/cli-datadir/data/packages/esp32/hardware/esp32/1.0.6/variants/d1_mini32/pins_arduino.h:17:22: note: &#39;const uint8_t D2&#39; previously defined here
 static const uint8_t D2   = 21;
                      ^
In file included from /home/ec2-user/arduino-testlib/cli-datadir/user/libraries/ArduinoLearningKitStarter/examples/testAllLeds/testAllLeds.ino:9:0:
/home/ec2-user/arduino-testlib/cli-datadir/user/libraries/ArduinoLearningKitStarter/src/ALKS.h:80:22: error: redefinition of &#39;const uint8_t D3&#39;
 static const uint8_t D3 = 2;
                      ^
In file included from /home/ec2-user/arduino-testlib/cli-datadir/data/packages/esp32/hardware/esp32/1.0.6/cores/esp32/Arduino.h:185:0,
                 from /tmp/arduino-sketch-915FA174661D62F6CB4BF7D40899A713/sketch/testAllLeds.ino.cpp:1:
/home/ec2-user/arduino-testlib/cli-datadir/data/packages/esp32/hardware/esp32/1.0.6/variants/d1_mini32/pins_arduino.h:18:22: note: &#39;const uint8_t D3&#39; previously defined here
 static const uint8_t D3   = 17;
                      ^
In file included from /home/ec2-user/arduino-testlib/cli-datadir/user/libraries/ArduinoLearningKitStarter/examples/testAllLeds/testAllLeds.ino:9:0:
/home/ec2-user/arduino-testlib/cli-datadir/user/libraries/ArduinoLearningKitStarter/src/ALKS.h:81:22: error: redefinition of &#39;const uint8_t D4&#39;
 static const uint8_t D4 = 0;
                      ^
In file included from /home/ec2-user/arduino-testlib/cli-datadir/data/packages/esp32/hardware/esp32/1.0.6/cores/esp32/Arduino.h:185:0,
                 from /tmp/arduino-sketch-915FA174661D62F6CB4BF7D40899A713/sketch/testAllLeds.ino.cpp:1:
/home/ec2-user/arduino-testlib/cli-datadir/data/packages/esp32/hardware/esp32/1.0.6/variants/d1_mini32/pins_arduino.h:19:22: note: &#39;const uint8_t D4&#39; previously defined here
 static const uint8_t D4   = 16;
                      ^
In file included from /home/ec2-user/arduino-testlib/cli-datadir/user/libraries/ArduinoLearningKitStarter/examples/testAllLeds/testAllLeds.ino:9:0:
/home/ec2-user/arduino-testlib/cli-datadir/user/libraries/ArduinoLearningKitStarter/src/ALKS.h:82:22: error: redefinition of &#39;const uint8_t D5&#39;
 static const uint8_t D5 = 4;
                      ^
In file included from /home/ec2-user/arduino-testlib/cli-datadir/data/packages/esp32/hardware/esp32/1.0.6/cores/esp32/Arduino.h:185:0,
                 from /tmp/arduino-sketch-915FA174661D62F6CB4BF7D40899A713/sketch/testAllLeds.ino.cpp:1:
/home/ec2-user/arduino-testlib/cli-datadir/data/packages/esp32/hardware/esp32/1.0.6/variants/d1_mini32/pins_arduino.h:20:22: note: &#39;const uint8_t D5&#39; previously defined here
 static const uint8_t D5   = 18;
                      ^
In file included from /home/ec2-user/arduino-testlib/cli-datadir/user/libraries/ArduinoLearningKitStarter/examples/testAllLeds/testAllLeds.ino:9:0:
/home/ec2-user/arduino-testlib/cli-datadir/user/libraries/ArduinoLearningKitStarter/src/ALKS.h:83:22: error: redefinition of &#39;const uint8_t D6&#39;
 static const uint8_t D6 = 16;
                      ^
In file included from /home/ec2-user/arduino-testlib/cli-datadir/data/packages/esp32/hardware/esp32/1.0.6/cores/esp32/Arduino.h:185:0,
                 from /tmp/arduino-sketch-915FA174661D62F6CB4BF7D40899A713/sketch/testAllLeds.ino.cpp:1:
/home/ec2-user/arduino-testlib/cli-datadir/data/packages/esp32/hardware/esp32/1.0.6/variants/d1_mini32/pins_arduino.h:21:22: note: &#39;const uint8_t D6&#39; previously defined here
 static const uint8_t D6   = 19;
                      ^
In file included from /home/ec2-user/arduino-testlib/cli-datadir/user/libraries/ArduinoLearningKitStarter/examples/testAllLeds/testAllLeds.ino:9:0:
/home/ec2-user/arduino-testlib/cli-datadir/user/libraries/ArduinoLearningKitStarter/src/ALKS.h:84:22: error: redefinition of &#39;const uint8_t D7&#39;
 static const uint8_t D7 = 17;
                      ^
In file included from /home/ec2-user/arduino-testlib/cli-datadir/data/packages/esp32/hardware/esp32/1.0.6/cores/esp32/Arduino.h:185:0,
                 from /tmp/arduino-sketch-915FA174661D62F6CB4BF7D40899A713/sketch/testAllLeds.ino.cpp:1:
/home/ec2-user/arduino-testlib/cli-datadir/data/packages/esp32/hardware/esp32/1.0.6/variants/d1_mini32/pins_arduino.h:22:22: note: &#39;const uint8_t D7&#39; previously defined here
 static const uint8_t D7   = 23;
                      ^
In file included from /home/ec2-user/arduino-testlib/cli-datadir/user/libraries/ArduinoLearningKitStarter/examples/testAllLeds/testAllLeds.ino:9:0:
/home/ec2-user/arduino-testlib/cli-datadir/user/libraries/ArduinoLearningKitStarter/src/ALKS.h:85:22: error: redefinition of &#39;const uint8_t D8&#39;
 static const uint8_t D8 = 5;
                      ^
In file included from /home/ec2-user/arduino-testlib/cli-datadir/data/packages/esp32/hardware/esp32/1.0.6/cores/esp32/Arduino.h:185:0,
                 from /tmp/arduino-sketch-915FA174661D62F6CB4BF7D40899A713/sketch/testAllLeds.ino.cpp:1:
/home/ec2-user/arduino-testlib/cli-datadir/data/packages/esp32/hardware/esp32/1.0.6/variants/d1_mini32/pins_arduino.h:23:22: note: &#39;const uint8_t D8&#39; previously defined here
 static const uint8_t D8   = 5;
                      ^

</pre>
					
				
			</div>
		</div>
	</div>
  </body>
</html>
