
<!doctype html>
<html lang="en">
  <head>
    <meta charset="utf-8">
    <meta name="viewport" content="width=device-width, initial-scale=1">
    <link href="https://cdn.jsdelivr.net/npm/bootstrap@5.0.2/dist/css/bootstrap.min.css" rel="stylesheet" integrity="sha384-EVSTQN3/azprG1Anm3QDgpJLIm9Nao0Yz1ztcQTwFspd3yD65VohhpuuCOmLASjC" crossorigin="anonymous">
    <title>arduino-testlib report</title>
	<style>
	.pass { background-color: #00FF00 !important; }
	.fail { background-color: #FF0000 !important; }
	</style>
  </head>
  <body>
	<div class="container">
		<div class="row">
			<div class="col">
				<h1>AStar32U4 - compatibility matrix</h1>
				<p>
					<small>This report was generated on Wednesday, 23-Feb-22 22:48:15 CET using 
					<a href="https://github.com/alranel/arduino-testlib">arduino-testlib</a>.</small>
				</p>

				<h2>AStar32U4</h2>
				<p>
					Version: <b>1.1.1</b>
					<br />
					<a href="https://www.arduino.cc/reference/en/libraries/astar32u4/">More details</a>
				</p>

				<h2>Compatibility matrix</h2>
				<table class="table table-bordered">
					<tr>
						<th>Board</th>
						<th>Claims compatibility</th>
						<th>Inclusion</th>
						
						<th><pre>Motors</pre></th>
						
						<th><pre>USBDetect</pre></th>
						
						<th><pre>BlinkLEDs</pre></th>
						
						<th><pre>Buttons</pre></th>
						
						<th><pre>BuzzerBasics</pre></th>
						
						<th><pre>PrimeDemo</pre></th>
						
						<th><pre>SDTest</pre></th>
						
						<th><pre>Keyboard</pre></th>
						
						<th><pre>LCDBasics</pre></th>
						
						<th><pre>PowerDetect</pre></th>
						
					</tr>
					
					<tr>
						<td>
							<a href="#arduino%3aavr%3auno"><b>arduino:avr:uno</b></a>
							<br />
							<small>1.8.4</small>
						</td>

						
						
						
							<td>Yes ⚠️</td>
							<td class="fail">FAIL</td>
						
						

						
							
								
									
										
									
										
									
										
									
										
									
										
									
										
											
											<td class="fail">FAIL</td>
										
									
										
									
										
									
										
									
										
									
								
							
								
							
								
							
								
							
								
							
						
							
								
									
										
									
										
									
										
									
										
									
										
									
										
									
										
									
										
									
										
									
										
											
											<td class="fail">FAIL</td>
										
									
								
							
								
							
								
							
								
							
								
							
						
							
								
									
										
											
											<td class="fail">FAIL</td>
										
									
										
									
										
									
										
									
										
									
										
									
										
									
										
									
										
									
										
									
								
							
								
							
								
							
								
							
								
							
						
							
								
									
										
									
										
											
											<td class="fail">FAIL</td>
										
									
										
									
										
									
										
									
										
									
										
									
										
									
										
									
										
									
								
							
								
							
								
							
								
							
								
							
						
							
								
									
										
									
										
									
										
											
											<td class="fail">FAIL</td>
										
									
										
									
										
									
										
									
										
									
										
									
										
									
										
									
								
							
								
							
								
							
								
							
								
							
						
							
								
									
										
									
										
									
										
									
										
									
										
									
										
									
										
									
										
											
											<td class="fail">FAIL</td>
										
									
										
									
										
									
								
							
								
							
								
							
								
							
								
							
						
							
								
									
										
									
										
									
										
									
										
									
										
									
										
									
										
									
										
									
										
											
											<td class="fail">FAIL</td>
										
									
										
									
								
							
								
							
								
							
								
							
								
							
						
							
								
									
										
									
										
									
										
									
										
											
											<td class="fail">FAIL</td>
										
									
										
									
										
									
										
									
										
									
										
									
										
									
								
							
								
							
								
							
								
							
								
							
						
							
								
									
										
									
										
									
										
									
										
									
										
											
											<td class="fail">FAIL</td>
										
									
										
									
										
									
										
									
										
									
										
									
								
							
								
							
								
							
								
							
								
							
						
							
								
									
										
									
										
									
										
									
										
									
										
									
										
									
										
											
											<td class="fail">FAIL</td>
										
									
										
									
										
									
										
									
								
							
								
							
								
							
								
							
								
							
						
					</tr>
					
					<tr>
						<td>
							<a href="#arduino%3ambed_nano%3ananorp2040connect"><b>arduino:mbed_nano:nanorp2040connect</b></a>
							<br />
							<small>2.7.2</small>
						</td>

						
						
						
						
							<td>No</td>
							<td class="fail">FAIL</td>
						

						
							
								
							
								
									
										
									
										
									
										
									
										
									
										
									
										
											
											<td class="fail">FAIL</td>
										
									
										
									
										
									
										
									
										
									
								
							
								
							
								
							
								
							
						
							
								
							
								
									
										
									
										
									
										
									
										
									
										
									
										
									
										
									
										
									
										
									
										
											
											<td class="fail">FAIL</td>
										
									
								
							
								
							
								
							
								
							
						
							
								
							
								
									
										
											
											<td class="fail">FAIL</td>
										
									
										
									
										
									
										
									
										
									
										
									
										
									
										
									
										
									
										
									
								
							
								
							
								
							
								
							
						
							
								
							
								
									
										
									
										
											
											<td class="fail">FAIL</td>
										
									
										
									
										
									
										
									
										
									
										
									
										
									
										
									
										
									
								
							
								
							
								
							
								
							
						
							
								
							
								
									
										
									
										
									
										
											
											<td class="fail">FAIL</td>
										
									
										
									
										
									
										
									
										
									
										
									
										
									
										
									
								
							
								
							
								
							
								
							
						
							
								
							
								
									
										
									
										
									
										
									
										
									
										
									
										
									
										
									
										
											
											<td class="fail">FAIL</td>
										
									
										
									
										
									
								
							
								
							
								
							
								
							
						
							
								
							
								
									
										
									
										
									
										
									
										
									
										
									
										
									
										
									
										
									
										
											
											<td class="fail">FAIL</td>
										
									
										
									
								
							
								
							
								
							
								
							
						
							
								
							
								
									
										
									
										
									
										
									
										
											
											<td class="fail">FAIL</td>
										
									
										
									
										
									
										
									
										
									
										
									
										
									
								
							
								
							
								
							
								
							
						
							
								
							
								
									
										
									
										
									
										
									
										
									
										
											
											<td class="fail">FAIL</td>
										
									
										
									
										
									
										
									
										
									
										
									
								
							
								
							
								
							
								
							
						
							
								
							
								
									
										
									
										
									
										
									
										
									
										
									
										
									
										
											
											<td class="fail">FAIL</td>
										
									
										
									
										
									
										
									
								
							
								
							
								
							
								
							
						
					</tr>
					
					<tr>
						<td>
							<a href="#arduino%3amegaavr%3anona4809"><b>arduino:megaavr:nona4809</b></a>
							<br />
							<small>1.8.7</small>
						</td>

						
						
						
						
							<td>No</td>
							<td class="fail">FAIL</td>
						

						
							
								
							
								
							
								
									
										
									
										
									
										
									
										
									
										
									
										
											
											<td class="fail">FAIL</td>
										
									
										
									
										
									
										
									
										
									
								
							
								
							
								
							
						
							
								
							
								
							
								
									
										
									
										
									
										
									
										
									
										
									
										
									
										
									
										
									
										
									
										
											
											<td class="fail">FAIL</td>
										
									
								
							
								
							
								
							
						
							
								
							
								
							
								
									
										
											
											<td class="fail">FAIL</td>
										
									
										
									
										
									
										
									
										
									
										
									
										
									
										
									
										
									
										
									
								
							
								
							
								
							
						
							
								
							
								
							
								
									
										
									
										
											
											<td class="fail">FAIL</td>
										
									
										
									
										
									
										
									
										
									
										
									
										
									
										
									
										
									
								
							
								
							
								
							
						
							
								
							
								
							
								
									
										
									
										
									
										
											
											<td class="fail">FAIL</td>
										
									
										
									
										
									
										
									
										
									
										
									
										
									
										
									
								
							
								
							
								
							
						
							
								
							
								
							
								
									
										
									
										
									
										
									
										
									
										
									
										
									
										
									
										
											
											<td class="fail">FAIL</td>
										
									
										
									
										
									
								
							
								
							
								
							
						
							
								
							
								
							
								
									
										
									
										
									
										
									
										
									
										
									
										
									
										
									
										
									
										
											
											<td class="fail">FAIL</td>
										
									
										
									
								
							
								
							
								
							
						
							
								
							
								
							
								
									
										
									
										
									
										
									
										
											
											<td class="fail">FAIL</td>
										
									
										
									
										
									
										
									
										
									
										
									
										
									
								
							
								
							
								
							
						
							
								
							
								
							
								
									
										
									
										
									
										
									
										
									
										
											
											<td class="fail">FAIL</td>
										
									
										
									
										
									
										
									
										
									
										
									
								
							
								
							
								
							
						
							
								
							
								
							
								
									
										
									
										
									
										
									
										
									
										
									
										
									
										
											
											<td class="fail">FAIL</td>
										
									
										
									
										
									
										
									
								
							
								
							
								
							
						
					</tr>
					
					<tr>
						<td>
							<a href="#arduino%3asamd%3amkrwifi1010"><b>arduino:samd:mkrwifi1010</b></a>
							<br />
							<small>1.8.12</small>
						</td>

						
						
						
						
							<td>No</td>
							<td class="fail">FAIL</td>
						

						
							
								
							
								
							
								
							
								
									
										
									
										
									
										
									
										
									
										
									
										
											
											<td class="fail">FAIL</td>
										
									
										
									
										
									
										
									
										
									
								
							
								
							
						
							
								
							
								
							
								
							
								
									
										
									
										
									
										
									
										
									
										
									
										
									
										
									
										
									
										
									
										
											
											<td class="fail">FAIL</td>
										
									
								
							
								
							
						
							
								
							
								
							
								
							
								
									
										
											
											<td class="fail">FAIL</td>
										
									
										
									
										
									
										
									
										
									
										
									
										
									
										
									
										
									
										
									
								
							
								
							
						
							
								
							
								
							
								
							
								
									
										
									
										
											
											<td class="fail">FAIL</td>
										
									
										
									
										
									
										
									
										
									
										
									
										
									
										
									
										
									
								
							
								
							
						
							
								
							
								
							
								
							
								
									
										
									
										
									
										
											
											<td class="fail">FAIL</td>
										
									
										
									
										
									
										
									
										
									
										
									
										
									
										
									
								
							
								
							
						
							
								
							
								
							
								
							
								
									
										
									
										
									
										
									
										
									
										
									
										
									
										
									
										
											
											<td class="fail">FAIL</td>
										
									
										
									
										
									
								
							
								
							
						
							
								
							
								
							
								
							
								
									
										
									
										
									
										
									
										
									
										
									
										
									
										
									
										
									
										
											
											<td class="fail">FAIL</td>
										
									
										
									
								
							
								
							
						
							
								
							
								
							
								
							
								
									
										
									
										
									
										
									
										
											
											<td class="fail">FAIL</td>
										
									
										
									
										
									
										
									
										
									
										
									
										
									
								
							
								
							
						
							
								
							
								
							
								
							
								
									
										
									
										
									
										
									
										
									
										
											
											<td class="fail">FAIL</td>
										
									
										
									
										
									
										
									
										
									
										
									
								
							
								
							
						
							
								
							
								
							
								
							
								
									
										
									
										
									
										
									
										
									
										
									
										
									
										
											
											<td class="fail">FAIL</td>
										
									
										
									
										
									
										
									
								
							
								
							
						
					</tr>
					
					<tr>
						<td>
							<a href="#esp32%3aesp32%3ad1_mini32"><b>esp32:esp32:d1_mini32</b></a>
							<br />
							<small>1.0.6</small>
						</td>

						
						
						
						
							<td>No</td>
							<td class="fail">FAIL</td>
						

						
							
								
							
								
							
								
							
								
							
								
									
										
									
										
									
										
									
										
									
										
									
										
											
											<td class="fail">FAIL</td>
										
									
										
									
										
									
										
									
										
									
								
							
						
							
								
							
								
							
								
							
								
							
								
									
										
									
										
									
										
									
										
									
										
									
										
									
										
									
										
									
										
									
										
											
											<td class="fail">FAIL</td>
										
									
								
							
						
							
								
							
								
							
								
							
								
							
								
									
										
											
											<td class="fail">FAIL</td>
										
									
										
									
										
									
										
									
										
									
										
									
										
									
										
									
										
									
										
									
								
							
						
							
								
							
								
							
								
							
								
							
								
									
										
									
										
											
											<td class="fail">FAIL</td>
										
									
										
									
										
									
										
									
										
									
										
									
										
									
										
									
										
									
								
							
						
							
								
							
								
							
								
							
								
							
								
									
										
									
										
									
										
											
											<td class="fail">FAIL</td>
										
									
										
									
										
									
										
									
										
									
										
									
										
									
										
									
								
							
						
							
								
							
								
							
								
							
								
							
								
									
										
									
										
									
										
									
										
									
										
									
										
									
										
									
										
											
											<td class="fail">FAIL</td>
										
									
										
									
										
									
								
							
						
							
								
							
								
							
								
							
								
							
								
									
										
									
										
									
										
									
										
									
										
									
										
									
										
									
										
									
										
											
											<td class="fail">FAIL</td>
										
									
										
									
								
							
						
							
								
							
								
							
								
							
								
							
								
									
										
									
										
									
										
									
										
											
											<td class="fail">FAIL</td>
										
									
										
									
										
									
										
									
										
									
										
									
										
									
								
							
						
							
								
							
								
							
								
							
								
							
								
									
										
									
										
									
										
									
										
									
										
											
											<td class="fail">FAIL</td>
										
									
										
									
										
									
										
									
										
									
										
									
								
							
						
							
								
							
								
							
								
							
								
							
								
									
										
									
										
									
										
									
										
									
										
									
										
									
										
											
											<td class="fail">FAIL</td>
										
									
										
									
										
									
										
									
								
							
						
					</tr>
					
				</table>

				<h2>Compilation logs</h2>
				
				<h3 id="arduino:avr:uno">arduino:avr:uno @ 1.8.4</h3>
				<h4>Inclusion</h4>
				<p>
					Result: <b>FAIL</b>
					
				</p>
				<pre class="pre-scrollable">In file included from /Users/alranel/Documents/git/arduino/arduino-testlib/cli-datadir/user/libraries/AStar32U4/AStar32U4LCD.h:9:0,
                 from /Users/alranel/Documents/git/arduino/arduino-testlib/cli-datadir/user/libraries/AStar32U4/AStar32U4.h:13,
                 from /private/tmp/arduino-testlib2222904296/test/test.ino:1:
/Users/alranel/Documents/git/arduino/arduino-testlib/cli-datadir/user/libraries/AStar32U4/USBPause.h: In constructor &#39;USBPause::USBPause()&#39;:
/Users/alranel/Documents/git/arduino/arduino-testlib/cli-datadir/user/libraries/AStar32U4/USBPause.h:44:22: error: &#39;UDIEN&#39; was not declared in this scope
         savedUDIEN = UDIEN;
                      ^~~~~
/Users/alranel/Documents/git/arduino/arduino-testlib/cli-datadir/user/libraries/AStar32U4/USBPause.h:44:22: note: suggested alternative: &#39;WDIE&#39;
         savedUDIEN = UDIEN;
                      ^~~~~
                      WDIE
/Users/alranel/Documents/git/arduino/arduino-testlib/cli-datadir/user/libraries/AStar32U4/USBPause.h:48:22: error: &#39;UENUM&#39; was not declared in this scope
         savedUENUM = UENUM;
                      ^~~~~
/Users/alranel/Documents/git/arduino/arduino-testlib/cli-datadir/user/libraries/AStar32U4/USBPause.h:48:22: note: suggested alternative: &#39;savedUENUM&#39;
         savedUENUM = UENUM;
                      ^~~~~
                      savedUENUM
/Users/alranel/Documents/git/arduino/arduino-testlib/cli-datadir/user/libraries/AStar32U4/USBPause.h:52:24: error: &#39;UEIENX&#39; was not declared in this scope
         savedUEIENX0 = UEIENX;
                        ^~~~~~
/Users/alranel/Documents/git/arduino/arduino-testlib/cli-datadir/user/libraries/AStar32U4/USBPause.h:52:24: note: suggested alternative: &#39;E2END&#39;
         savedUEIENX0 = UEIENX;
                        ^~~~~~
                        E2END
/Users/alranel/Documents/git/arduino/arduino-testlib/cli-datadir/user/libraries/AStar32U4/USBPause.h: In destructor &#39;USBPause::~USBPause()&#39;:
/Users/alranel/Documents/git/arduino/arduino-testlib/cli-datadir/user/libraries/AStar32U4/USBPause.h:59:9: error: &#39;UENUM&#39; was not declared in this scope
         UENUM = 0;
         ^~~~~
/Users/alranel/Documents/git/arduino/arduino-testlib/cli-datadir/user/libraries/AStar32U4/USBPause.h:59:9: note: suggested alternative: &#39;savedUENUM&#39;
         UENUM = 0;
         ^~~~~
         savedUENUM
/Users/alranel/Documents/git/arduino/arduino-testlib/cli-datadir/user/libraries/AStar32U4/USBPause.h:60:9: error: &#39;UEIENX&#39; was not declared in this scope
         UEIENX = savedUEIENX0;
         ^~~~~~
/Users/alranel/Documents/git/arduino/arduino-testlib/cli-datadir/user/libraries/AStar32U4/USBPause.h:60:9: note: suggested alternative: &#39;E2END&#39;
         UEIENX = savedUEIENX0;
         ^~~~~~
         E2END
/Users/alranel/Documents/git/arduino/arduino-testlib/cli-datadir/user/libraries/AStar32U4/USBPause.h:66:9: error: &#39;UDIEN&#39; was not declared in this scope
         UDIEN = savedUDIEN;
         ^~~~~
/Users/alranel/Documents/git/arduino/arduino-testlib/cli-datadir/user/libraries/AStar32U4/USBPause.h:66:9: note: suggested alternative: &#39;WDIE&#39;
         UDIEN = savedUDIEN;
         ^~~~~
         WDIE
In file included from /private/tmp/arduino-testlib2222904296/test/test.ino:1:0:
/Users/alranel/Documents/git/arduino/arduino-testlib/cli-datadir/user/libraries/AStar32U4/AStar32U4.h: In function &#39;bool usbPowerPresent()&#39;:
/Users/alranel/Documents/git/arduino/arduino-testlib/cli-datadir/user/libraries/AStar32U4/AStar32U4.h:62:12: error: &#39;USBSTA&#39; was not declared in this scope
     return USBSTA &gt;&gt; VBUS &amp; 1;
            ^~~~~~
/Users/alranel/Documents/git/arduino/arduino-testlib/cli-datadir/user/libraries/AStar32U4/AStar32U4.h:62:12: note: suggested alternative: &#39;USBS0&#39;
     return USBSTA &gt;&gt; VBUS &amp; 1;
            ^~~~~~
            USBS0
/Users/alranel/Documents/git/arduino/arduino-testlib/cli-datadir/user/libraries/AStar32U4/AStar32U4.h:62:22: error: &#39;VBUS&#39; was not declared in this scope
     return USBSTA &gt;&gt; VBUS &amp; 1;
                      ^~~~

</pre>

					
					<h4>examples/BlinkLEDs</h4>
					<p>
						Result: <b>FAIL</b>
					</p>
					<pre class="pre-scrollable">In file included from /Users/alranel/Documents/git/arduino/arduino-testlib/cli-datadir/user/libraries/AStar32U4/AStar32U4LCD.h:9:0,
                 from /Users/alranel/Documents/git/arduino/arduino-testlib/cli-datadir/user/libraries/AStar32U4/AStar32U4.h:13,
                 from /Users/alranel/Documents/git/arduino/arduino-testlib/cli-datadir/user/libraries/AStar32U4/examples/BlinkLEDs/BlinkLEDs.ino:4:
/Users/alranel/Documents/git/arduino/arduino-testlib/cli-datadir/user/libraries/AStar32U4/USBPause.h: In constructor &#39;USBPause::USBPause()&#39;:
/Users/alranel/Documents/git/arduino/arduino-testlib/cli-datadir/user/libraries/AStar32U4/USBPause.h:44:22: error: &#39;UDIEN&#39; was not declared in this scope
         savedUDIEN = UDIEN;
                      ^~~~~
/Users/alranel/Documents/git/arduino/arduino-testlib/cli-datadir/user/libraries/AStar32U4/USBPause.h:44:22: note: suggested alternative: &#39;WDIE&#39;
         savedUDIEN = UDIEN;
                      ^~~~~
                      WDIE
/Users/alranel/Documents/git/arduino/arduino-testlib/cli-datadir/user/libraries/AStar32U4/USBPause.h:48:22: error: &#39;UENUM&#39; was not declared in this scope
         savedUENUM = UENUM;
                      ^~~~~
/Users/alranel/Documents/git/arduino/arduino-testlib/cli-datadir/user/libraries/AStar32U4/USBPause.h:48:22: note: suggested alternative: &#39;savedUENUM&#39;
         savedUENUM = UENUM;
                      ^~~~~
                      savedUENUM
/Users/alranel/Documents/git/arduino/arduino-testlib/cli-datadir/user/libraries/AStar32U4/USBPause.h:52:24: error: &#39;UEIENX&#39; was not declared in this scope
         savedUEIENX0 = UEIENX;
                        ^~~~~~
/Users/alranel/Documents/git/arduino/arduino-testlib/cli-datadir/user/libraries/AStar32U4/USBPause.h:52:24: note: suggested alternative: &#39;E2END&#39;
         savedUEIENX0 = UEIENX;
                        ^~~~~~
                        E2END
/Users/alranel/Documents/git/arduino/arduino-testlib/cli-datadir/user/libraries/AStar32U4/USBPause.h: In destructor &#39;USBPause::~USBPause()&#39;:
/Users/alranel/Documents/git/arduino/arduino-testlib/cli-datadir/user/libraries/AStar32U4/USBPause.h:59:9: error: &#39;UENUM&#39; was not declared in this scope
         UENUM = 0;
         ^~~~~
/Users/alranel/Documents/git/arduino/arduino-testlib/cli-datadir/user/libraries/AStar32U4/USBPause.h:59:9: note: suggested alternative: &#39;savedUENUM&#39;
         UENUM = 0;
         ^~~~~
         savedUENUM
/Users/alranel/Documents/git/arduino/arduino-testlib/cli-datadir/user/libraries/AStar32U4/USBPause.h:60:9: error: &#39;UEIENX&#39; was not declared in this scope
         UEIENX = savedUEIENX0;
         ^~~~~~
/Users/alranel/Documents/git/arduino/arduino-testlib/cli-datadir/user/libraries/AStar32U4/USBPause.h:60:9: note: suggested alternative: &#39;E2END&#39;
         UEIENX = savedUEIENX0;
         ^~~~~~
         E2END
/Users/alranel/Documents/git/arduino/arduino-testlib/cli-datadir/user/libraries/AStar32U4/USBPause.h:66:9: error: &#39;UDIEN&#39; was not declared in this scope
         UDIEN = savedUDIEN;
         ^~~~~
/Users/alranel/Documents/git/arduino/arduino-testlib/cli-datadir/user/libraries/AStar32U4/USBPause.h:66:9: note: suggested alternative: &#39;WDIE&#39;
         UDIEN = savedUDIEN;
         ^~~~~
         WDIE
In file included from /Users/alranel/Documents/git/arduino/arduino-testlib/cli-datadir/user/libraries/AStar32U4/examples/BlinkLEDs/BlinkLEDs.ino:4:0:
/Users/alranel/Documents/git/arduino/arduino-testlib/cli-datadir/user/libraries/AStar32U4/AStar32U4.h: In function &#39;bool usbPowerPresent()&#39;:
/Users/alranel/Documents/git/arduino/arduino-testlib/cli-datadir/user/libraries/AStar32U4/AStar32U4.h:62:12: error: &#39;USBSTA&#39; was not declared in this scope
     return USBSTA &gt;&gt; VBUS &amp; 1;
            ^~~~~~
/Users/alranel/Documents/git/arduino/arduino-testlib/cli-datadir/user/libraries/AStar32U4/AStar32U4.h:62:12: note: suggested alternative: &#39;USBS0&#39;
     return USBSTA &gt;&gt; VBUS &amp; 1;
            ^~~~~~
            USBS0
/Users/alranel/Documents/git/arduino/arduino-testlib/cli-datadir/user/libraries/AStar32U4/AStar32U4.h:62:22: error: &#39;VBUS&#39; was not declared in this scope
     return USBSTA &gt;&gt; VBUS &amp; 1;
                      ^~~~

</pre>
					
					<h4>examples/Buttons</h4>
					<p>
						Result: <b>FAIL</b>
					</p>
					<pre class="pre-scrollable">In file included from /Users/alranel/Documents/git/arduino/arduino-testlib/cli-datadir/user/libraries/AStar32U4/AStar32U4LCD.h:9:0,
                 from /Users/alranel/Documents/git/arduino/arduino-testlib/cli-datadir/user/libraries/AStar32U4/AStar32U4.h:13,
                 from /Users/alranel/Documents/git/arduino/arduino-testlib/cli-datadir/user/libraries/AStar32U4/examples/Buttons/Buttons.ino:11:
/Users/alranel/Documents/git/arduino/arduino-testlib/cli-datadir/user/libraries/AStar32U4/USBPause.h: In constructor &#39;USBPause::USBPause()&#39;:
/Users/alranel/Documents/git/arduino/arduino-testlib/cli-datadir/user/libraries/AStar32U4/USBPause.h:44:22: error: &#39;UDIEN&#39; was not declared in this scope
         savedUDIEN = UDIEN;
                      ^~~~~
/Users/alranel/Documents/git/arduino/arduino-testlib/cli-datadir/user/libraries/AStar32U4/USBPause.h:44:22: note: suggested alternative: &#39;WDIE&#39;
         savedUDIEN = UDIEN;
                      ^~~~~
                      WDIE
/Users/alranel/Documents/git/arduino/arduino-testlib/cli-datadir/user/libraries/AStar32U4/USBPause.h:48:22: error: &#39;UENUM&#39; was not declared in this scope
         savedUENUM = UENUM;
                      ^~~~~
/Users/alranel/Documents/git/arduino/arduino-testlib/cli-datadir/user/libraries/AStar32U4/USBPause.h:48:22: note: suggested alternative: &#39;savedUENUM&#39;
         savedUENUM = UENUM;
                      ^~~~~
                      savedUENUM
/Users/alranel/Documents/git/arduino/arduino-testlib/cli-datadir/user/libraries/AStar32U4/USBPause.h:52:24: error: &#39;UEIENX&#39; was not declared in this scope
         savedUEIENX0 = UEIENX;
                        ^~~~~~
/Users/alranel/Documents/git/arduino/arduino-testlib/cli-datadir/user/libraries/AStar32U4/USBPause.h:52:24: note: suggested alternative: &#39;E2END&#39;
         savedUEIENX0 = UEIENX;
                        ^~~~~~
                        E2END
/Users/alranel/Documents/git/arduino/arduino-testlib/cli-datadir/user/libraries/AStar32U4/USBPause.h: In destructor &#39;USBPause::~USBPause()&#39;:
/Users/alranel/Documents/git/arduino/arduino-testlib/cli-datadir/user/libraries/AStar32U4/USBPause.h:59:9: error: &#39;UENUM&#39; was not declared in this scope
         UENUM = 0;
         ^~~~~
/Users/alranel/Documents/git/arduino/arduino-testlib/cli-datadir/user/libraries/AStar32U4/USBPause.h:59:9: note: suggested alternative: &#39;savedUENUM&#39;
         UENUM = 0;
         ^~~~~
         savedUENUM
/Users/alranel/Documents/git/arduino/arduino-testlib/cli-datadir/user/libraries/AStar32U4/USBPause.h:60:9: error: &#39;UEIENX&#39; was not declared in this scope
         UEIENX = savedUEIENX0;
         ^~~~~~
/Users/alranel/Documents/git/arduino/arduino-testlib/cli-datadir/user/libraries/AStar32U4/USBPause.h:60:9: note: suggested alternative: &#39;E2END&#39;
         UEIENX = savedUEIENX0;
         ^~~~~~
         E2END
/Users/alranel/Documents/git/arduino/arduino-testlib/cli-datadir/user/libraries/AStar32U4/USBPause.h:66:9: error: &#39;UDIEN&#39; was not declared in this scope
         UDIEN = savedUDIEN;
         ^~~~~
/Users/alranel/Documents/git/arduino/arduino-testlib/cli-datadir/user/libraries/AStar32U4/USBPause.h:66:9: note: suggested alternative: &#39;WDIE&#39;
         UDIEN = savedUDIEN;
         ^~~~~
         WDIE
In file included from /Users/alranel/Documents/git/arduino/arduino-testlib/cli-datadir/user/libraries/AStar32U4/examples/Buttons/Buttons.ino:11:0:
/Users/alranel/Documents/git/arduino/arduino-testlib/cli-datadir/user/libraries/AStar32U4/AStar32U4.h: In function &#39;bool usbPowerPresent()&#39;:
/Users/alranel/Documents/git/arduino/arduino-testlib/cli-datadir/user/libraries/AStar32U4/AStar32U4.h:62:12: error: &#39;USBSTA&#39; was not declared in this scope
     return USBSTA &gt;&gt; VBUS &amp; 1;
            ^~~~~~
/Users/alranel/Documents/git/arduino/arduino-testlib/cli-datadir/user/libraries/AStar32U4/AStar32U4.h:62:12: note: suggested alternative: &#39;USBS0&#39;
     return USBSTA &gt;&gt; VBUS &amp; 1;
            ^~~~~~
            USBS0
/Users/alranel/Documents/git/arduino/arduino-testlib/cli-datadir/user/libraries/AStar32U4/AStar32U4.h:62:22: error: &#39;VBUS&#39; was not declared in this scope
     return USBSTA &gt;&gt; VBUS &amp; 1;
                      ^~~~

</pre>
					
					<h4>examples/BuzzerBasics</h4>
					<p>
						Result: <b>FAIL</b>
					</p>
					<pre class="pre-scrollable">In file included from /Users/alranel/Documents/git/arduino/arduino-testlib/cli-datadir/user/libraries/AStar32U4/AStar32U4LCD.h:9:0,
                 from /Users/alranel/Documents/git/arduino/arduino-testlib/cli-datadir/user/libraries/AStar32U4/AStar32U4.h:13,
                 from /Users/alranel/Documents/git/arduino/arduino-testlib/cli-datadir/user/libraries/AStar32U4/examples/BuzzerBasics/BuzzerBasics.ino:25:
/Users/alranel/Documents/git/arduino/arduino-testlib/cli-datadir/user/libraries/AStar32U4/USBPause.h: In constructor &#39;USBPause::USBPause()&#39;:
/Users/alranel/Documents/git/arduino/arduino-testlib/cli-datadir/user/libraries/AStar32U4/USBPause.h:44:22: error: &#39;UDIEN&#39; was not declared in this scope
         savedUDIEN = UDIEN;
                      ^~~~~
/Users/alranel/Documents/git/arduino/arduino-testlib/cli-datadir/user/libraries/AStar32U4/USBPause.h:44:22: note: suggested alternative: &#39;WDIE&#39;
         savedUDIEN = UDIEN;
                      ^~~~~
                      WDIE
/Users/alranel/Documents/git/arduino/arduino-testlib/cli-datadir/user/libraries/AStar32U4/USBPause.h:48:22: error: &#39;UENUM&#39; was not declared in this scope
         savedUENUM = UENUM;
                      ^~~~~
/Users/alranel/Documents/git/arduino/arduino-testlib/cli-datadir/user/libraries/AStar32U4/USBPause.h:48:22: note: suggested alternative: &#39;savedUENUM&#39;
         savedUENUM = UENUM;
                      ^~~~~
                      savedUENUM
/Users/alranel/Documents/git/arduino/arduino-testlib/cli-datadir/user/libraries/AStar32U4/USBPause.h:52:24: error: &#39;UEIENX&#39; was not declared in this scope
         savedUEIENX0 = UEIENX;
                        ^~~~~~
/Users/alranel/Documents/git/arduino/arduino-testlib/cli-datadir/user/libraries/AStar32U4/USBPause.h:52:24: note: suggested alternative: &#39;E2END&#39;
         savedUEIENX0 = UEIENX;
                        ^~~~~~
                        E2END
/Users/alranel/Documents/git/arduino/arduino-testlib/cli-datadir/user/libraries/AStar32U4/USBPause.h: In destructor &#39;USBPause::~USBPause()&#39;:
/Users/alranel/Documents/git/arduino/arduino-testlib/cli-datadir/user/libraries/AStar32U4/USBPause.h:59:9: error: &#39;UENUM&#39; was not declared in this scope
         UENUM = 0;
         ^~~~~
/Users/alranel/Documents/git/arduino/arduino-testlib/cli-datadir/user/libraries/AStar32U4/USBPause.h:59:9: note: suggested alternative: &#39;savedUENUM&#39;
         UENUM = 0;
         ^~~~~
         savedUENUM
/Users/alranel/Documents/git/arduino/arduino-testlib/cli-datadir/user/libraries/AStar32U4/USBPause.h:60:9: error: &#39;UEIENX&#39; was not declared in this scope
         UEIENX = savedUEIENX0;
         ^~~~~~
/Users/alranel/Documents/git/arduino/arduino-testlib/cli-datadir/user/libraries/AStar32U4/USBPause.h:60:9: note: suggested alternative: &#39;E2END&#39;
         UEIENX = savedUEIENX0;
         ^~~~~~
         E2END
/Users/alranel/Documents/git/arduino/arduino-testlib/cli-datadir/user/libraries/AStar32U4/USBPause.h:66:9: error: &#39;UDIEN&#39; was not declared in this scope
         UDIEN = savedUDIEN;
         ^~~~~
/Users/alranel/Documents/git/arduino/arduino-testlib/cli-datadir/user/libraries/AStar32U4/USBPause.h:66:9: note: suggested alternative: &#39;WDIE&#39;
         UDIEN = savedUDIEN;
         ^~~~~
         WDIE
In file included from /Users/alranel/Documents/git/arduino/arduino-testlib/cli-datadir/user/libraries/AStar32U4/examples/BuzzerBasics/BuzzerBasics.ino:25:0:
/Users/alranel/Documents/git/arduino/arduino-testlib/cli-datadir/user/libraries/AStar32U4/AStar32U4.h: In function &#39;bool usbPowerPresent()&#39;:
/Users/alranel/Documents/git/arduino/arduino-testlib/cli-datadir/user/libraries/AStar32U4/AStar32U4.h:62:12: error: &#39;USBSTA&#39; was not declared in this scope
     return USBSTA &gt;&gt; VBUS &amp; 1;
            ^~~~~~
/Users/alranel/Documents/git/arduino/arduino-testlib/cli-datadir/user/libraries/AStar32U4/AStar32U4.h:62:12: note: suggested alternative: &#39;USBS0&#39;
     return USBSTA &gt;&gt; VBUS &amp; 1;
            ^~~~~~
            USBS0
/Users/alranel/Documents/git/arduino/arduino-testlib/cli-datadir/user/libraries/AStar32U4/AStar32U4.h:62:22: error: &#39;VBUS&#39; was not declared in this scope
     return USBSTA &gt;&gt; VBUS &amp; 1;
                      ^~~~

</pre>
					
					<h4>examples/Keyboard</h4>
					<p>
						Result: <b>FAIL</b>
					</p>
					<pre class="pre-scrollable">In file included from /Users/alranel/Documents/git/arduino/arduino-testlib/cli-datadir/user/libraries/AStar32U4/AStar32U4LCD.h:9:0,
                 from /Users/alranel/Documents/git/arduino/arduino-testlib/cli-datadir/user/libraries/AStar32U4/AStar32U4.h:13,
                 from /Users/alranel/Documents/git/arduino/arduino-testlib/cli-datadir/user/libraries/AStar32U4/examples/Keyboard/Keyboard.ino:28:
/Users/alranel/Documents/git/arduino/arduino-testlib/cli-datadir/user/libraries/AStar32U4/USBPause.h: In constructor &#39;USBPause::USBPause()&#39;:
/Users/alranel/Documents/git/arduino/arduino-testlib/cli-datadir/user/libraries/AStar32U4/USBPause.h:44:22: error: &#39;UDIEN&#39; was not declared in this scope
         savedUDIEN = UDIEN;
                      ^~~~~
/Users/alranel/Documents/git/arduino/arduino-testlib/cli-datadir/user/libraries/AStar32U4/USBPause.h:44:22: note: suggested alternative: &#39;WDIE&#39;
         savedUDIEN = UDIEN;
                      ^~~~~
                      WDIE
/Users/alranel/Documents/git/arduino/arduino-testlib/cli-datadir/user/libraries/AStar32U4/USBPause.h:48:22: error: &#39;UENUM&#39; was not declared in this scope
         savedUENUM = UENUM;
                      ^~~~~
/Users/alranel/Documents/git/arduino/arduino-testlib/cli-datadir/user/libraries/AStar32U4/USBPause.h:48:22: note: suggested alternative: &#39;savedUENUM&#39;
         savedUENUM = UENUM;
                      ^~~~~
                      savedUENUM
/Users/alranel/Documents/git/arduino/arduino-testlib/cli-datadir/user/libraries/AStar32U4/USBPause.h:52:24: error: &#39;UEIENX&#39; was not declared in this scope
         savedUEIENX0 = UEIENX;
                        ^~~~~~
/Users/alranel/Documents/git/arduino/arduino-testlib/cli-datadir/user/libraries/AStar32U4/USBPause.h:52:24: note: suggested alternative: &#39;E2END&#39;
         savedUEIENX0 = UEIENX;
                        ^~~~~~
                        E2END
/Users/alranel/Documents/git/arduino/arduino-testlib/cli-datadir/user/libraries/AStar32U4/USBPause.h: In destructor &#39;USBPause::~USBPause()&#39;:
/Users/alranel/Documents/git/arduino/arduino-testlib/cli-datadir/user/libraries/AStar32U4/USBPause.h:59:9: error: &#39;UENUM&#39; was not declared in this scope
         UENUM = 0;
         ^~~~~
/Users/alranel/Documents/git/arduino/arduino-testlib/cli-datadir/user/libraries/AStar32U4/USBPause.h:59:9: note: suggested alternative: &#39;savedUENUM&#39;
         UENUM = 0;
         ^~~~~
         savedUENUM
/Users/alranel/Documents/git/arduino/arduino-testlib/cli-datadir/user/libraries/AStar32U4/USBPause.h:60:9: error: &#39;UEIENX&#39; was not declared in this scope
         UEIENX = savedUEIENX0;
         ^~~~~~
/Users/alranel/Documents/git/arduino/arduino-testlib/cli-datadir/user/libraries/AStar32U4/USBPause.h:60:9: note: suggested alternative: &#39;E2END&#39;
         UEIENX = savedUEIENX0;
         ^~~~~~
         E2END
/Users/alranel/Documents/git/arduino/arduino-testlib/cli-datadir/user/libraries/AStar32U4/USBPause.h:66:9: error: &#39;UDIEN&#39; was not declared in this scope
         UDIEN = savedUDIEN;
         ^~~~~
/Users/alranel/Documents/git/arduino/arduino-testlib/cli-datadir/user/libraries/AStar32U4/USBPause.h:66:9: note: suggested alternative: &#39;WDIE&#39;
         UDIEN = savedUDIEN;
         ^~~~~
         WDIE
In file included from /Users/alranel/Documents/git/arduino/arduino-testlib/cli-datadir/user/libraries/AStar32U4/examples/Keyboard/Keyboard.ino:28:0:
/Users/alranel/Documents/git/arduino/arduino-testlib/cli-datadir/user/libraries/AStar32U4/AStar32U4.h: In function &#39;bool usbPowerPresent()&#39;:
/Users/alranel/Documents/git/arduino/arduino-testlib/cli-datadir/user/libraries/AStar32U4/AStar32U4.h:62:12: error: &#39;USBSTA&#39; was not declared in this scope
     return USBSTA &gt;&gt; VBUS &amp; 1;
            ^~~~~~
/Users/alranel/Documents/git/arduino/arduino-testlib/cli-datadir/user/libraries/AStar32U4/AStar32U4.h:62:12: note: suggested alternative: &#39;USBS0&#39;
     return USBSTA &gt;&gt; VBUS &amp; 1;
            ^~~~~~
            USBS0
/Users/alranel/Documents/git/arduino/arduino-testlib/cli-datadir/user/libraries/AStar32U4/AStar32U4.h:62:22: error: &#39;VBUS&#39; was not declared in this scope
     return USBSTA &gt;&gt; VBUS &amp; 1;
                      ^~~~
/Users/alranel/Documents/git/arduino/arduino-testlib/cli-datadir/user/libraries/AStar32U4/examples/Keyboard/Keyboard.ino: In function &#39;void setup()&#39;:
/Users/alranel/Documents/git/arduino/arduino-testlib/cli-datadir/user/libraries/AStar32U4/examples/Keyboard/Keyboard.ino:45:3: error: &#39;Keyboard&#39; was not declared in this scope
   Keyboard.begin();
   ^~~~~~~~
/Users/alranel/Documents/git/arduino/arduino-testlib/cli-datadir/user/libraries/AStar32U4/examples/Keyboard/Keyboard.ino: In function &#39;void loop()&#39;:
/Users/alranel/Documents/git/arduino/arduino-testlib/cli-datadir/user/libraries/AStar32U4/examples/Keyboard/Keyboard.ino:49:44: error: &#39;Keyboard&#39; was not declared in this scope
   if (buttonA.getSingleDebouncedPress()) { Keyboard.press(&#39;a&#39;); }
                                            ^~~~~~~~
/Users/alranel/Documents/git/arduino/arduino-testlib/cli-datadir/user/libraries/AStar32U4/examples/Keyboard/Keyboard.ino:50:31: error: &#39;Keyboard&#39; was not declared in this scope
   if (!buttonA.isPressed()) { Keyboard.release(&#39;a&#39;); }
                               ^~~~~~~~
/Users/alranel/Documents/git/arduino/arduino-testlib/cli-datadir/user/libraries/AStar32U4/examples/Keyboard/Keyboard.ino:52:44: error: &#39;Keyboard&#39; was not declared in this scope
   if (buttonB.getSingleDebouncedPress()) { Keyboard.press(&#39;b&#39;); }
                                            ^~~~~~~~
/Users/alranel/Documents/git/arduino/arduino-testlib/cli-datadir/user/libraries/AStar32U4/examples/Keyboard/Keyboard.ino:53:31: error: &#39;Keyboard&#39; was not declared in this scope
   if (!buttonB.isPressed()) { Keyboard.release(&#39;b&#39;); }
                               ^~~~~~~~
/Users/alranel/Documents/git/arduino/arduino-testlib/cli-datadir/user/libraries/AStar32U4/examples/Keyboard/Keyboard.ino:55:44: error: &#39;Keyboard&#39; was not declared in this scope
   if (buttonC.getSingleDebouncedPress()) { Keyboard.press(&#39;c&#39;); }
                                            ^~~~~~~~
/Users/alranel/Documents/git/arduino/arduino-testlib/cli-datadir/user/libraries/AStar32U4/examples/Keyboard/Keyboard.ino:56:31: error: &#39;Keyboard&#39; was not declared in this scope
   if (!buttonC.isPressed()) { Keyboard.release(&#39;c&#39;); }
                               ^~~~~~~~
/Users/alranel/Documents/git/arduino/arduino-testlib/cli-datadir/user/libraries/AStar32U4/examples/Keyboard/Keyboard.ino:58:44: error: &#39;Keyboard&#39; was not declared in this scope
   if (buttonD.getSingleDebouncedPress()) { Keyboard.press(&#39;d&#39;); }
                                            ^~~~~~~~
/Users/alranel/Documents/git/arduino/arduino-testlib/cli-datadir/user/libraries/AStar32U4/examples/Keyboard/Keyboard.ino:59:31: error: &#39;Keyboard&#39; was not declared in this scope
   if (!buttonD.isPressed()) { Keyboard.release(&#39;d&#39;); }
                               ^~~~~~~~
Multiple libraries were found for &#34;Keyboard.h&#34;
  Used: /Users/alranel/Documents/git/arduino/arduino-testlib/cli-datadir/user/libraries/Keyboard
  Not used: /Users/alranel/Documents/git/arduino/arduino-testlib/cli-datadir/user/libraries/BlueFairy
</pre>
					
					<h4>examples/LCDBasics</h4>
					<p>
						Result: <b>FAIL</b>
					</p>
					<pre class="pre-scrollable">In file included from /Users/alranel/Documents/git/arduino/arduino-testlib/cli-datadir/user/libraries/AStar32U4/AStar32U4LCD.h:9:0,
                 from /Users/alranel/Documents/git/arduino/arduino-testlib/cli-datadir/user/libraries/AStar32U4/AStar32U4.h:13,
                 from /Users/alranel/Documents/git/arduino/arduino-testlib/cli-datadir/user/libraries/AStar32U4/examples/LCDBasics/LCDBasics.ino:10:
/Users/alranel/Documents/git/arduino/arduino-testlib/cli-datadir/user/libraries/AStar32U4/USBPause.h: In constructor &#39;USBPause::USBPause()&#39;:
/Users/alranel/Documents/git/arduino/arduino-testlib/cli-datadir/user/libraries/AStar32U4/USBPause.h:44:22: error: &#39;UDIEN&#39; was not declared in this scope
         savedUDIEN = UDIEN;
                      ^~~~~
/Users/alranel/Documents/git/arduino/arduino-testlib/cli-datadir/user/libraries/AStar32U4/USBPause.h:44:22: note: suggested alternative: &#39;WDIE&#39;
         savedUDIEN = UDIEN;
                      ^~~~~
                      WDIE
/Users/alranel/Documents/git/arduino/arduino-testlib/cli-datadir/user/libraries/AStar32U4/USBPause.h:48:22: error: &#39;UENUM&#39; was not declared in this scope
         savedUENUM = UENUM;
                      ^~~~~
/Users/alranel/Documents/git/arduino/arduino-testlib/cli-datadir/user/libraries/AStar32U4/USBPause.h:48:22: note: suggested alternative: &#39;savedUENUM&#39;
         savedUENUM = UENUM;
                      ^~~~~
                      savedUENUM
/Users/alranel/Documents/git/arduino/arduino-testlib/cli-datadir/user/libraries/AStar32U4/USBPause.h:52:24: error: &#39;UEIENX&#39; was not declared in this scope
         savedUEIENX0 = UEIENX;
                        ^~~~~~
/Users/alranel/Documents/git/arduino/arduino-testlib/cli-datadir/user/libraries/AStar32U4/USBPause.h:52:24: note: suggested alternative: &#39;E2END&#39;
         savedUEIENX0 = UEIENX;
                        ^~~~~~
                        E2END
/Users/alranel/Documents/git/arduino/arduino-testlib/cli-datadir/user/libraries/AStar32U4/USBPause.h: In destructor &#39;USBPause::~USBPause()&#39;:
/Users/alranel/Documents/git/arduino/arduino-testlib/cli-datadir/user/libraries/AStar32U4/USBPause.h:59:9: error: &#39;UENUM&#39; was not declared in this scope
         UENUM = 0;
         ^~~~~
/Users/alranel/Documents/git/arduino/arduino-testlib/cli-datadir/user/libraries/AStar32U4/USBPause.h:59:9: note: suggested alternative: &#39;savedUENUM&#39;
         UENUM = 0;
         ^~~~~
         savedUENUM
/Users/alranel/Documents/git/arduino/arduino-testlib/cli-datadir/user/libraries/AStar32U4/USBPause.h:60:9: error: &#39;UEIENX&#39; was not declared in this scope
         UEIENX = savedUEIENX0;
         ^~~~~~
/Users/alranel/Documents/git/arduino/arduino-testlib/cli-datadir/user/libraries/AStar32U4/USBPause.h:60:9: note: suggested alternative: &#39;E2END&#39;
         UEIENX = savedUEIENX0;
         ^~~~~~
         E2END
/Users/alranel/Documents/git/arduino/arduino-testlib/cli-datadir/user/libraries/AStar32U4/USBPause.h:66:9: error: &#39;UDIEN&#39; was not declared in this scope
         UDIEN = savedUDIEN;
         ^~~~~
/Users/alranel/Documents/git/arduino/arduino-testlib/cli-datadir/user/libraries/AStar32U4/USBPause.h:66:9: note: suggested alternative: &#39;WDIE&#39;
         UDIEN = savedUDIEN;
         ^~~~~
         WDIE
In file included from /Users/alranel/Documents/git/arduino/arduino-testlib/cli-datadir/user/libraries/AStar32U4/examples/LCDBasics/LCDBasics.ino:10:0:
/Users/alranel/Documents/git/arduino/arduino-testlib/cli-datadir/user/libraries/AStar32U4/AStar32U4.h: In function &#39;bool usbPowerPresent()&#39;:
/Users/alranel/Documents/git/arduino/arduino-testlib/cli-datadir/user/libraries/AStar32U4/AStar32U4.h:62:12: error: &#39;USBSTA&#39; was not declared in this scope
     return USBSTA &gt;&gt; VBUS &amp; 1;
            ^~~~~~
/Users/alranel/Documents/git/arduino/arduino-testlib/cli-datadir/user/libraries/AStar32U4/AStar32U4.h:62:12: note: suggested alternative: &#39;USBS0&#39;
     return USBSTA &gt;&gt; VBUS &amp; 1;
            ^~~~~~
            USBS0
/Users/alranel/Documents/git/arduino/arduino-testlib/cli-datadir/user/libraries/AStar32U4/AStar32U4.h:62:22: error: &#39;VBUS&#39; was not declared in this scope
     return USBSTA &gt;&gt; VBUS &amp; 1;
                      ^~~~

</pre>
					
					<h4>examples/Motors</h4>
					<p>
						Result: <b>FAIL</b>
					</p>
					<pre class="pre-scrollable">In file included from /Users/alranel/Documents/git/arduino/arduino-testlib/cli-datadir/user/libraries/AStar32U4/AStar32U4LCD.h:9:0,
                 from /Users/alranel/Documents/git/arduino/arduino-testlib/cli-datadir/user/libraries/AStar32U4/AStar32U4.h:13,
                 from /Users/alranel/Documents/git/arduino/arduino-testlib/cli-datadir/user/libraries/AStar32U4/examples/Motors/Motors.ino:6:
/Users/alranel/Documents/git/arduino/arduino-testlib/cli-datadir/user/libraries/AStar32U4/USBPause.h: In constructor &#39;USBPause::USBPause()&#39;:
/Users/alranel/Documents/git/arduino/arduino-testlib/cli-datadir/user/libraries/AStar32U4/USBPause.h:44:22: error: &#39;UDIEN&#39; was not declared in this scope
         savedUDIEN = UDIEN;
                      ^~~~~
/Users/alranel/Documents/git/arduino/arduino-testlib/cli-datadir/user/libraries/AStar32U4/USBPause.h:44:22: note: suggested alternative: &#39;WDIE&#39;
         savedUDIEN = UDIEN;
                      ^~~~~
                      WDIE
/Users/alranel/Documents/git/arduino/arduino-testlib/cli-datadir/user/libraries/AStar32U4/USBPause.h:48:22: error: &#39;UENUM&#39; was not declared in this scope
         savedUENUM = UENUM;
                      ^~~~~
/Users/alranel/Documents/git/arduino/arduino-testlib/cli-datadir/user/libraries/AStar32U4/USBPause.h:48:22: note: suggested alternative: &#39;savedUENUM&#39;
         savedUENUM = UENUM;
                      ^~~~~
                      savedUENUM
/Users/alranel/Documents/git/arduino/arduino-testlib/cli-datadir/user/libraries/AStar32U4/USBPause.h:52:24: error: &#39;UEIENX&#39; was not declared in this scope
         savedUEIENX0 = UEIENX;
                        ^~~~~~
/Users/alranel/Documents/git/arduino/arduino-testlib/cli-datadir/user/libraries/AStar32U4/USBPause.h:52:24: note: suggested alternative: &#39;E2END&#39;
         savedUEIENX0 = UEIENX;
                        ^~~~~~
                        E2END
/Users/alranel/Documents/git/arduino/arduino-testlib/cli-datadir/user/libraries/AStar32U4/USBPause.h: In destructor &#39;USBPause::~USBPause()&#39;:
/Users/alranel/Documents/git/arduino/arduino-testlib/cli-datadir/user/libraries/AStar32U4/USBPause.h:59:9: error: &#39;UENUM&#39; was not declared in this scope
         UENUM = 0;
         ^~~~~
/Users/alranel/Documents/git/arduino/arduino-testlib/cli-datadir/user/libraries/AStar32U4/USBPause.h:59:9: note: suggested alternative: &#39;savedUENUM&#39;
         UENUM = 0;
         ^~~~~
         savedUENUM
/Users/alranel/Documents/git/arduino/arduino-testlib/cli-datadir/user/libraries/AStar32U4/USBPause.h:60:9: error: &#39;UEIENX&#39; was not declared in this scope
         UEIENX = savedUEIENX0;
         ^~~~~~
/Users/alranel/Documents/git/arduino/arduino-testlib/cli-datadir/user/libraries/AStar32U4/USBPause.h:60:9: note: suggested alternative: &#39;E2END&#39;
         UEIENX = savedUEIENX0;
         ^~~~~~
         E2END
/Users/alranel/Documents/git/arduino/arduino-testlib/cli-datadir/user/libraries/AStar32U4/USBPause.h:66:9: error: &#39;UDIEN&#39; was not declared in this scope
         UDIEN = savedUDIEN;
         ^~~~~
/Users/alranel/Documents/git/arduino/arduino-testlib/cli-datadir/user/libraries/AStar32U4/USBPause.h:66:9: note: suggested alternative: &#39;WDIE&#39;
         UDIEN = savedUDIEN;
         ^~~~~
         WDIE
In file included from /Users/alranel/Documents/git/arduino/arduino-testlib/cli-datadir/user/libraries/AStar32U4/examples/Motors/Motors.ino:6:0:
/Users/alranel/Documents/git/arduino/arduino-testlib/cli-datadir/user/libraries/AStar32U4/AStar32U4.h: In function &#39;bool usbPowerPresent()&#39;:
/Users/alranel/Documents/git/arduino/arduino-testlib/cli-datadir/user/libraries/AStar32U4/AStar32U4.h:62:12: error: &#39;USBSTA&#39; was not declared in this scope
     return USBSTA &gt;&gt; VBUS &amp; 1;
            ^~~~~~
/Users/alranel/Documents/git/arduino/arduino-testlib/cli-datadir/user/libraries/AStar32U4/AStar32U4.h:62:12: note: suggested alternative: &#39;USBS0&#39;
     return USBSTA &gt;&gt; VBUS &amp; 1;
            ^~~~~~
            USBS0
/Users/alranel/Documents/git/arduino/arduino-testlib/cli-datadir/user/libraries/AStar32U4/AStar32U4.h:62:22: error: &#39;VBUS&#39; was not declared in this scope
     return USBSTA &gt;&gt; VBUS &amp; 1;
                      ^~~~

</pre>
					
					<h4>examples/PowerDetect</h4>
					<p>
						Result: <b>FAIL</b>
					</p>
					<pre class="pre-scrollable">In file included from /Users/alranel/Documents/git/arduino/arduino-testlib/cli-datadir/user/libraries/AStar32U4/AStar32U4LCD.h:9:0,
                 from /Users/alranel/Documents/git/arduino/arduino-testlib/cli-datadir/user/libraries/AStar32U4/AStar32U4.h:13,
                 from /Users/alranel/Documents/git/arduino/arduino-testlib/cli-datadir/user/libraries/AStar32U4/examples/PowerDetect/PowerDetect.ino:22:
/Users/alranel/Documents/git/arduino/arduino-testlib/cli-datadir/user/libraries/AStar32U4/USBPause.h: In constructor &#39;USBPause::USBPause()&#39;:
/Users/alranel/Documents/git/arduino/arduino-testlib/cli-datadir/user/libraries/AStar32U4/USBPause.h:44:22: error: &#39;UDIEN&#39; was not declared in this scope
         savedUDIEN = UDIEN;
                      ^~~~~
/Users/alranel/Documents/git/arduino/arduino-testlib/cli-datadir/user/libraries/AStar32U4/USBPause.h:44:22: note: suggested alternative: &#39;WDIE&#39;
         savedUDIEN = UDIEN;
                      ^~~~~
                      WDIE
/Users/alranel/Documents/git/arduino/arduino-testlib/cli-datadir/user/libraries/AStar32U4/USBPause.h:48:22: error: &#39;UENUM&#39; was not declared in this scope
         savedUENUM = UENUM;
                      ^~~~~
/Users/alranel/Documents/git/arduino/arduino-testlib/cli-datadir/user/libraries/AStar32U4/USBPause.h:48:22: note: suggested alternative: &#39;savedUENUM&#39;
         savedUENUM = UENUM;
                      ^~~~~
                      savedUENUM
/Users/alranel/Documents/git/arduino/arduino-testlib/cli-datadir/user/libraries/AStar32U4/USBPause.h:52:24: error: &#39;UEIENX&#39; was not declared in this scope
         savedUEIENX0 = UEIENX;
                        ^~~~~~
/Users/alranel/Documents/git/arduino/arduino-testlib/cli-datadir/user/libraries/AStar32U4/USBPause.h:52:24: note: suggested alternative: &#39;E2END&#39;
         savedUEIENX0 = UEIENX;
                        ^~~~~~
                        E2END
/Users/alranel/Documents/git/arduino/arduino-testlib/cli-datadir/user/libraries/AStar32U4/USBPause.h: In destructor &#39;USBPause::~USBPause()&#39;:
/Users/alranel/Documents/git/arduino/arduino-testlib/cli-datadir/user/libraries/AStar32U4/USBPause.h:59:9: error: &#39;UENUM&#39; was not declared in this scope
         UENUM = 0;
         ^~~~~
/Users/alranel/Documents/git/arduino/arduino-testlib/cli-datadir/user/libraries/AStar32U4/USBPause.h:59:9: note: suggested alternative: &#39;savedUENUM&#39;
         UENUM = 0;
         ^~~~~
         savedUENUM
/Users/alranel/Documents/git/arduino/arduino-testlib/cli-datadir/user/libraries/AStar32U4/USBPause.h:60:9: error: &#39;UEIENX&#39; was not declared in this scope
         UEIENX = savedUEIENX0;
         ^~~~~~
/Users/alranel/Documents/git/arduino/arduino-testlib/cli-datadir/user/libraries/AStar32U4/USBPause.h:60:9: note: suggested alternative: &#39;E2END&#39;
         UEIENX = savedUEIENX0;
         ^~~~~~
         E2END
/Users/alranel/Documents/git/arduino/arduino-testlib/cli-datadir/user/libraries/AStar32U4/USBPause.h:66:9: error: &#39;UDIEN&#39; was not declared in this scope
         UDIEN = savedUDIEN;
         ^~~~~
/Users/alranel/Documents/git/arduino/arduino-testlib/cli-datadir/user/libraries/AStar32U4/USBPause.h:66:9: note: suggested alternative: &#39;WDIE&#39;
         UDIEN = savedUDIEN;
         ^~~~~
         WDIE
In file included from /Users/alranel/Documents/git/arduino/arduino-testlib/cli-datadir/user/libraries/AStar32U4/examples/PowerDetect/PowerDetect.ino:22:0:
/Users/alranel/Documents/git/arduino/arduino-testlib/cli-datadir/user/libraries/AStar32U4/AStar32U4.h: In function &#39;bool usbPowerPresent()&#39;:
/Users/alranel/Documents/git/arduino/arduino-testlib/cli-datadir/user/libraries/AStar32U4/AStar32U4.h:62:12: error: &#39;USBSTA&#39; was not declared in this scope
     return USBSTA &gt;&gt; VBUS &amp; 1;
            ^~~~~~
/Users/alranel/Documents/git/arduino/arduino-testlib/cli-datadir/user/libraries/AStar32U4/AStar32U4.h:62:12: note: suggested alternative: &#39;USBS0&#39;
     return USBSTA &gt;&gt; VBUS &amp; 1;
            ^~~~~~
            USBS0
/Users/alranel/Documents/git/arduino/arduino-testlib/cli-datadir/user/libraries/AStar32U4/AStar32U4.h:62:22: error: &#39;VBUS&#39; was not declared in this scope
     return USBSTA &gt;&gt; VBUS &amp; 1;
                      ^~~~

</pre>
					
					<h4>examples/PrimeDemo</h4>
					<p>
						Result: <b>FAIL</b>
					</p>
					<pre class="pre-scrollable">In file included from /Users/alranel/Documents/git/arduino/arduino-testlib/cli-datadir/user/libraries/AStar32U4/AStar32U4LCD.h:9:0,
                 from /Users/alranel/Documents/git/arduino/arduino-testlib/cli-datadir/user/libraries/AStar32U4/AStar32U4.h:13,
                 from /Users/alranel/Documents/git/arduino/arduino-testlib/cli-datadir/user/libraries/AStar32U4/examples/PrimeDemo/PrimeDemo.ino:62:
/Users/alranel/Documents/git/arduino/arduino-testlib/cli-datadir/user/libraries/AStar32U4/USBPause.h: In constructor &#39;USBPause::USBPause()&#39;:
/Users/alranel/Documents/git/arduino/arduino-testlib/cli-datadir/user/libraries/AStar32U4/USBPause.h:44:22: error: &#39;UDIEN&#39; was not declared in this scope
         savedUDIEN = UDIEN;
                      ^~~~~
/Users/alranel/Documents/git/arduino/arduino-testlib/cli-datadir/user/libraries/AStar32U4/USBPause.h:44:22: note: suggested alternative: &#39;WDIE&#39;
         savedUDIEN = UDIEN;
                      ^~~~~
                      WDIE
/Users/alranel/Documents/git/arduino/arduino-testlib/cli-datadir/user/libraries/AStar32U4/USBPause.h:48:22: error: &#39;UENUM&#39; was not declared in this scope
         savedUENUM = UENUM;
                      ^~~~~
/Users/alranel/Documents/git/arduino/arduino-testlib/cli-datadir/user/libraries/AStar32U4/USBPause.h:48:22: note: suggested alternative: &#39;savedUENUM&#39;
         savedUENUM = UENUM;
                      ^~~~~
                      savedUENUM
/Users/alranel/Documents/git/arduino/arduino-testlib/cli-datadir/user/libraries/AStar32U4/USBPause.h:52:24: error: &#39;UEIENX&#39; was not declared in this scope
         savedUEIENX0 = UEIENX;
                        ^~~~~~
/Users/alranel/Documents/git/arduino/arduino-testlib/cli-datadir/user/libraries/AStar32U4/USBPause.h:52:24: note: suggested alternative: &#39;E2END&#39;
         savedUEIENX0 = UEIENX;
                        ^~~~~~
                        E2END
/Users/alranel/Documents/git/arduino/arduino-testlib/cli-datadir/user/libraries/AStar32U4/USBPause.h: In destructor &#39;USBPause::~USBPause()&#39;:
/Users/alranel/Documents/git/arduino/arduino-testlib/cli-datadir/user/libraries/AStar32U4/USBPause.h:59:9: error: &#39;UENUM&#39; was not declared in this scope
         UENUM = 0;
         ^~~~~
/Users/alranel/Documents/git/arduino/arduino-testlib/cli-datadir/user/libraries/AStar32U4/USBPause.h:59:9: note: suggested alternative: &#39;savedUENUM&#39;
         UENUM = 0;
         ^~~~~
         savedUENUM
/Users/alranel/Documents/git/arduino/arduino-testlib/cli-datadir/user/libraries/AStar32U4/USBPause.h:60:9: error: &#39;UEIENX&#39; was not declared in this scope
         UEIENX = savedUEIENX0;
         ^~~~~~
/Users/alranel/Documents/git/arduino/arduino-testlib/cli-datadir/user/libraries/AStar32U4/USBPause.h:60:9: note: suggested alternative: &#39;E2END&#39;
         UEIENX = savedUEIENX0;
         ^~~~~~
         E2END
/Users/alranel/Documents/git/arduino/arduino-testlib/cli-datadir/user/libraries/AStar32U4/USBPause.h:66:9: error: &#39;UDIEN&#39; was not declared in this scope
         UDIEN = savedUDIEN;
         ^~~~~
/Users/alranel/Documents/git/arduino/arduino-testlib/cli-datadir/user/libraries/AStar32U4/USBPause.h:66:9: note: suggested alternative: &#39;WDIE&#39;
         UDIEN = savedUDIEN;
         ^~~~~
         WDIE
In file included from /Users/alranel/Documents/git/arduino/arduino-testlib/cli-datadir/user/libraries/AStar32U4/examples/PrimeDemo/PrimeDemo.ino:62:0:
/Users/alranel/Documents/git/arduino/arduino-testlib/cli-datadir/user/libraries/AStar32U4/AStar32U4.h: In function &#39;bool usbPowerPresent()&#39;:
/Users/alranel/Documents/git/arduino/arduino-testlib/cli-datadir/user/libraries/AStar32U4/AStar32U4.h:62:12: error: &#39;USBSTA&#39; was not declared in this scope
     return USBSTA &gt;&gt; VBUS &amp; 1;
            ^~~~~~
/Users/alranel/Documents/git/arduino/arduino-testlib/cli-datadir/user/libraries/AStar32U4/AStar32U4.h:62:12: note: suggested alternative: &#39;USBS0&#39;
     return USBSTA &gt;&gt; VBUS &amp; 1;
            ^~~~~~
            USBS0
/Users/alranel/Documents/git/arduino/arduino-testlib/cli-datadir/user/libraries/AStar32U4/AStar32U4.h:62:22: error: &#39;VBUS&#39; was not declared in this scope
     return USBSTA &gt;&gt; VBUS &amp; 1;
                      ^~~~
/Users/alranel/Documents/git/arduino/arduino-testlib/cli-datadir/user/libraries/AStar32U4/examples/PrimeDemo/PrimeDemo.ino: In function &#39;void keyboardDemo()&#39;:
/Users/alranel/Documents/git/arduino/arduino-testlib/cli-datadir/user/libraries/AStar32U4/examples/PrimeDemo/PrimeDemo.ino:223:7: error: &#39;Keyboard&#39; was not declared in this scope
       Keyboard.press(&#39;a&#39;);
       ^~~~~~~~
/Users/alranel/Documents/git/arduino/arduino-testlib/cli-datadir/user/libraries/AStar32U4/examples/PrimeDemo/PrimeDemo.ino:223:7: note: suggested alternative: &#39;keyboardDemo&#39;
       Keyboard.press(&#39;a&#39;);
       ^~~~~~~~
       keyboardDemo
/Users/alranel/Documents/git/arduino/arduino-testlib/cli-datadir/user/libraries/AStar32U4/examples/PrimeDemo/PrimeDemo.ino:228:7: error: &#39;Keyboard&#39; was not declared in this scope
       Keyboard.release(&#39;a&#39;);
       ^~~~~~~~
/Users/alranel/Documents/git/arduino/arduino-testlib/cli-datadir/user/libraries/AStar32U4/examples/PrimeDemo/PrimeDemo.ino:228:7: note: suggested alternative: &#39;keyboardDemo&#39;
       Keyboard.release(&#39;a&#39;);
       ^~~~~~~~
       keyboardDemo
/Users/alranel/Documents/git/arduino/arduino-testlib/cli-datadir/user/libraries/AStar32U4/examples/PrimeDemo/PrimeDemo.ino:234:7: error: &#39;Keyboard&#39; was not declared in this scope
       Keyboard.press(&#39;c&#39;);
       ^~~~~~~~
/Users/alranel/Documents/git/arduino/arduino-testlib/cli-datadir/user/libraries/AStar32U4/examples/PrimeDemo/PrimeDemo.ino:234:7: note: suggested alternative: &#39;keyboardDemo&#39;
       Keyboard.press(&#39;c&#39;);
       ^~~~~~~~
       keyboardDemo
/Users/alranel/Documents/git/arduino/arduino-testlib/cli-datadir/user/libraries/AStar32U4/examples/PrimeDemo/PrimeDemo.ino:239:7: error: &#39;Keyboard&#39; was not declared in this scope
       Keyboard.release(&#39;c&#39;);
       ^~~~~~~~
/Users/alranel/Documents/git/arduino/arduino-testlib/cli-datadir/user/libraries/AStar32U4/examples/PrimeDemo/PrimeDemo.ino:239:7: note: suggested alternative: &#39;keyboardDemo&#39;
       Keyboard.release(&#39;c&#39;);
       ^~~~~~~~
       keyboardDemo
Multiple libraries were found for &#34;Keyboard.h&#34;
  Used: /Users/alranel/Documents/git/arduino/arduino-testlib/cli-datadir/user/libraries/Keyboard
  Not used: /Users/alranel/Documents/git/arduino/arduino-testlib/cli-datadir/user/libraries/BlueFairy
</pre>
					
					<h4>examples/SDTest</h4>
					<p>
						Result: <b>FAIL</b>
					</p>
					<pre class="pre-scrollable">In file included from /Users/alranel/Documents/git/arduino/arduino-testlib/cli-datadir/user/libraries/AStar32U4/AStar32U4LCD.h:9:0,
                 from /Users/alranel/Documents/git/arduino/arduino-testlib/cli-datadir/user/libraries/AStar32U4/AStar32U4.h:13,
                 from /Users/alranel/Documents/git/arduino/arduino-testlib/cli-datadir/user/libraries/AStar32U4/examples/SDTest/SDTest.ino:44:
/Users/alranel/Documents/git/arduino/arduino-testlib/cli-datadir/user/libraries/AStar32U4/USBPause.h: In constructor &#39;USBPause::USBPause()&#39;:
/Users/alranel/Documents/git/arduino/arduino-testlib/cli-datadir/user/libraries/AStar32U4/USBPause.h:44:22: error: &#39;UDIEN&#39; was not declared in this scope
         savedUDIEN = UDIEN;
                      ^~~~~
/Users/alranel/Documents/git/arduino/arduino-testlib/cli-datadir/user/libraries/AStar32U4/USBPause.h:44:22: note: suggested alternative: &#39;WDIE&#39;
         savedUDIEN = UDIEN;
                      ^~~~~
                      WDIE
/Users/alranel/Documents/git/arduino/arduino-testlib/cli-datadir/user/libraries/AStar32U4/USBPause.h:48:22: error: &#39;UENUM&#39; was not declared in this scope
         savedUENUM = UENUM;
                      ^~~~~
/Users/alranel/Documents/git/arduino/arduino-testlib/cli-datadir/user/libraries/AStar32U4/USBPause.h:48:22: note: suggested alternative: &#39;savedUENUM&#39;
         savedUENUM = UENUM;
                      ^~~~~
                      savedUENUM
/Users/alranel/Documents/git/arduino/arduino-testlib/cli-datadir/user/libraries/AStar32U4/USBPause.h:52:24: error: &#39;UEIENX&#39; was not declared in this scope
         savedUEIENX0 = UEIENX;
                        ^~~~~~
/Users/alranel/Documents/git/arduino/arduino-testlib/cli-datadir/user/libraries/AStar32U4/USBPause.h:52:24: note: suggested alternative: &#39;E2END&#39;
         savedUEIENX0 = UEIENX;
                        ^~~~~~
                        E2END
/Users/alranel/Documents/git/arduino/arduino-testlib/cli-datadir/user/libraries/AStar32U4/USBPause.h: In destructor &#39;USBPause::~USBPause()&#39;:
/Users/alranel/Documents/git/arduino/arduino-testlib/cli-datadir/user/libraries/AStar32U4/USBPause.h:59:9: error: &#39;UENUM&#39; was not declared in this scope
         UENUM = 0;
         ^~~~~
/Users/alranel/Documents/git/arduino/arduino-testlib/cli-datadir/user/libraries/AStar32U4/USBPause.h:59:9: note: suggested alternative: &#39;savedUENUM&#39;
         UENUM = 0;
         ^~~~~
         savedUENUM
/Users/alranel/Documents/git/arduino/arduino-testlib/cli-datadir/user/libraries/AStar32U4/USBPause.h:60:9: error: &#39;UEIENX&#39; was not declared in this scope
         UEIENX = savedUEIENX0;
         ^~~~~~
/Users/alranel/Documents/git/arduino/arduino-testlib/cli-datadir/user/libraries/AStar32U4/USBPause.h:60:9: note: suggested alternative: &#39;E2END&#39;
         UEIENX = savedUEIENX0;
         ^~~~~~
         E2END
/Users/alranel/Documents/git/arduino/arduino-testlib/cli-datadir/user/libraries/AStar32U4/USBPause.h:66:9: error: &#39;UDIEN&#39; was not declared in this scope
         UDIEN = savedUDIEN;
         ^~~~~
/Users/alranel/Documents/git/arduino/arduino-testlib/cli-datadir/user/libraries/AStar32U4/USBPause.h:66:9: note: suggested alternative: &#39;WDIE&#39;
         UDIEN = savedUDIEN;
         ^~~~~
         WDIE
In file included from /Users/alranel/Documents/git/arduino/arduino-testlib/cli-datadir/user/libraries/AStar32U4/examples/SDTest/SDTest.ino:44:0:
/Users/alranel/Documents/git/arduino/arduino-testlib/cli-datadir/user/libraries/AStar32U4/AStar32U4.h: In function &#39;bool usbPowerPresent()&#39;:
/Users/alranel/Documents/git/arduino/arduino-testlib/cli-datadir/user/libraries/AStar32U4/AStar32U4.h:62:12: error: &#39;USBSTA&#39; was not declared in this scope
     return USBSTA &gt;&gt; VBUS &amp; 1;
            ^~~~~~
/Users/alranel/Documents/git/arduino/arduino-testlib/cli-datadir/user/libraries/AStar32U4/AStar32U4.h:62:12: note: suggested alternative: &#39;USBS0&#39;
     return USBSTA &gt;&gt; VBUS &amp; 1;
            ^~~~~~
            USBS0
/Users/alranel/Documents/git/arduino/arduino-testlib/cli-datadir/user/libraries/AStar32U4/AStar32U4.h:62:22: error: &#39;VBUS&#39; was not declared in this scope
     return USBSTA &gt;&gt; VBUS &amp; 1;
                      ^~~~

</pre>
					
					<h4>examples/USBDetect</h4>
					<p>
						Result: <b>FAIL</b>
					</p>
					<pre class="pre-scrollable">In file included from /Users/alranel/Documents/git/arduino/arduino-testlib/cli-datadir/user/libraries/AStar32U4/AStar32U4LCD.h:9:0,
                 from /Users/alranel/Documents/git/arduino/arduino-testlib/cli-datadir/user/libraries/AStar32U4/AStar32U4.h:13,
                 from /Users/alranel/Documents/git/arduino/arduino-testlib/cli-datadir/user/libraries/AStar32U4/examples/USBDetect/USBDetect.ino:17:
/Users/alranel/Documents/git/arduino/arduino-testlib/cli-datadir/user/libraries/AStar32U4/USBPause.h: In constructor &#39;USBPause::USBPause()&#39;:
/Users/alranel/Documents/git/arduino/arduino-testlib/cli-datadir/user/libraries/AStar32U4/USBPause.h:44:22: error: &#39;UDIEN&#39; was not declared in this scope
         savedUDIEN = UDIEN;
                      ^~~~~
/Users/alranel/Documents/git/arduino/arduino-testlib/cli-datadir/user/libraries/AStar32U4/USBPause.h:44:22: note: suggested alternative: &#39;WDIE&#39;
         savedUDIEN = UDIEN;
                      ^~~~~
                      WDIE
/Users/alranel/Documents/git/arduino/arduino-testlib/cli-datadir/user/libraries/AStar32U4/USBPause.h:48:22: error: &#39;UENUM&#39; was not declared in this scope
         savedUENUM = UENUM;
                      ^~~~~
/Users/alranel/Documents/git/arduino/arduino-testlib/cli-datadir/user/libraries/AStar32U4/USBPause.h:48:22: note: suggested alternative: &#39;savedUENUM&#39;
         savedUENUM = UENUM;
                      ^~~~~
                      savedUENUM
/Users/alranel/Documents/git/arduino/arduino-testlib/cli-datadir/user/libraries/AStar32U4/USBPause.h:52:24: error: &#39;UEIENX&#39; was not declared in this scope
         savedUEIENX0 = UEIENX;
                        ^~~~~~
/Users/alranel/Documents/git/arduino/arduino-testlib/cli-datadir/user/libraries/AStar32U4/USBPause.h:52:24: note: suggested alternative: &#39;E2END&#39;
         savedUEIENX0 = UEIENX;
                        ^~~~~~
                        E2END
/Users/alranel/Documents/git/arduino/arduino-testlib/cli-datadir/user/libraries/AStar32U4/USBPause.h: In destructor &#39;USBPause::~USBPause()&#39;:
/Users/alranel/Documents/git/arduino/arduino-testlib/cli-datadir/user/libraries/AStar32U4/USBPause.h:59:9: error: &#39;UENUM&#39; was not declared in this scope
         UENUM = 0;
         ^~~~~
/Users/alranel/Documents/git/arduino/arduino-testlib/cli-datadir/user/libraries/AStar32U4/USBPause.h:59:9: note: suggested alternative: &#39;savedUENUM&#39;
         UENUM = 0;
         ^~~~~
         savedUENUM
/Users/alranel/Documents/git/arduino/arduino-testlib/cli-datadir/user/libraries/AStar32U4/USBPause.h:60:9: error: &#39;UEIENX&#39; was not declared in this scope
         UEIENX = savedUEIENX0;
         ^~~~~~
/Users/alranel/Documents/git/arduino/arduino-testlib/cli-datadir/user/libraries/AStar32U4/USBPause.h:60:9: note: suggested alternative: &#39;E2END&#39;
         UEIENX = savedUEIENX0;
         ^~~~~~
         E2END
/Users/alranel/Documents/git/arduino/arduino-testlib/cli-datadir/user/libraries/AStar32U4/USBPause.h:66:9: error: &#39;UDIEN&#39; was not declared in this scope
         UDIEN = savedUDIEN;
         ^~~~~
/Users/alranel/Documents/git/arduino/arduino-testlib/cli-datadir/user/libraries/AStar32U4/USBPause.h:66:9: note: suggested alternative: &#39;WDIE&#39;
         UDIEN = savedUDIEN;
         ^~~~~
         WDIE
In file included from /Users/alranel/Documents/git/arduino/arduino-testlib/cli-datadir/user/libraries/AStar32U4/examples/USBDetect/USBDetect.ino:17:0:
/Users/alranel/Documents/git/arduino/arduino-testlib/cli-datadir/user/libraries/AStar32U4/AStar32U4.h: In function &#39;bool usbPowerPresent()&#39;:
/Users/alranel/Documents/git/arduino/arduino-testlib/cli-datadir/user/libraries/AStar32U4/AStar32U4.h:62:12: error: &#39;USBSTA&#39; was not declared in this scope
     return USBSTA &gt;&gt; VBUS &amp; 1;
            ^~~~~~
/Users/alranel/Documents/git/arduino/arduino-testlib/cli-datadir/user/libraries/AStar32U4/AStar32U4.h:62:12: note: suggested alternative: &#39;USBS0&#39;
     return USBSTA &gt;&gt; VBUS &amp; 1;
            ^~~~~~
            USBS0
/Users/alranel/Documents/git/arduino/arduino-testlib/cli-datadir/user/libraries/AStar32U4/AStar32U4.h:62:22: error: &#39;VBUS&#39; was not declared in this scope
     return USBSTA &gt;&gt; VBUS &amp; 1;
                      ^~~~
/Users/alranel/Documents/git/arduino/arduino-testlib/cli-datadir/user/libraries/AStar32U4/examples/USBDetect/USBDetect.ino: In function &#39;void loop()&#39;:
/Users/alranel/Documents/git/arduino/arduino-testlib/cli-datadir/user/libraries/AStar32U4/examples/USBDetect/USBDetect.ino:41:24: error: &#39;USBDevice&#39; was not declared in this scope
   bool usbConfigured = USBDevice.configured();
                        ^~~~~~~~~

</pre>
					
				
				<h3 id="arduino:mbed_nano:nanorp2040connect">arduino:mbed_nano:nanorp2040connect @ 2.7.2</h3>
				<h4>Inclusion</h4>
				<p>
					Result: <b>FAIL</b>
					
				</p>
				<pre class="pre-scrollable">In file included from /home/ec2-user/arduino-testlib/cli-datadir/user/libraries/AStar32U4/AStar32U4.h:11:0,
                 from /tmp/arduino-testlib3306697921/test/test.ino:1:
/home/ec2-user/arduino-testlib/cli-datadir/user/libraries/AStar32U4/FastGPIO.h:45:10: fatal error: avr/io.h: No such file or directory
 #include &lt;avr/io.h&gt;
          ^~~~~~~~~~
compilation terminated.

</pre>

					
					<h4>examples/BlinkLEDs</h4>
					<p>
						Result: <b>FAIL</b>
					</p>
					<pre class="pre-scrollable">In file included from /home/ec2-user/arduino-testlib/cli-datadir/user/libraries/AStar32U4/AStar32U4.h:11:0,
                 from /home/ec2-user/arduino-testlib/cli-datadir/user/libraries/AStar32U4/examples/BlinkLEDs/BlinkLEDs.ino:4:
/home/ec2-user/arduino-testlib/cli-datadir/user/libraries/AStar32U4/FastGPIO.h:45:10: fatal error: avr/io.h: No such file or directory
 #include &lt;avr/io.h&gt;
          ^~~~~~~~~~
compilation terminated.

</pre>
					
					<h4>examples/Buttons</h4>
					<p>
						Result: <b>FAIL</b>
					</p>
					<pre class="pre-scrollable">In file included from /home/ec2-user/arduino-testlib/cli-datadir/user/libraries/AStar32U4/AStar32U4.h:11:0,
                 from /home/ec2-user/arduino-testlib/cli-datadir/user/libraries/AStar32U4/examples/Buttons/Buttons.ino:11:
/home/ec2-user/arduino-testlib/cli-datadir/user/libraries/AStar32U4/FastGPIO.h:45:10: fatal error: avr/io.h: No such file or directory
 #include &lt;avr/io.h&gt;
          ^~~~~~~~~~
compilation terminated.

</pre>
					
					<h4>examples/BuzzerBasics</h4>
					<p>
						Result: <b>FAIL</b>
					</p>
					<pre class="pre-scrollable">In file included from /home/ec2-user/arduino-testlib/cli-datadir/user/libraries/AStar32U4/AStar32U4.h:11:0,
                 from /home/ec2-user/arduino-testlib/cli-datadir/user/libraries/AStar32U4/examples/BuzzerBasics/BuzzerBasics.ino:25:
/home/ec2-user/arduino-testlib/cli-datadir/user/libraries/AStar32U4/FastGPIO.h:45:10: fatal error: avr/io.h: No such file or directory
 #include &lt;avr/io.h&gt;
          ^~~~~~~~~~
compilation terminated.

</pre>
					
					<h4>examples/Keyboard</h4>
					<p>
						Result: <b>FAIL</b>
					</p>
					<pre class="pre-scrollable">In file included from /home/ec2-user/arduino-testlib/cli-datadir/user/libraries/AStar32U4/examples/Keyboard/Keyboard.ino:27:0:
/home/ec2-user/arduino-testlib/cli-datadir/user/libraries/Keyboard/src/Keyboard.h:25:10: fatal error: HID.h: No such file or directory
 #include &#34;HID.h&#34;
          ^~~~~~~
compilation terminated.
Multiple libraries were found for &#34;Keyboard.h&#34;
  Used: /home/ec2-user/arduino-testlib/cli-datadir/user/libraries/Keyboard
  Not used: /home/ec2-user/arduino-testlib/cli-datadir/user/libraries/BlueFairy
</pre>
					
					<h4>examples/LCDBasics</h4>
					<p>
						Result: <b>FAIL</b>
					</p>
					<pre class="pre-scrollable">In file included from /home/ec2-user/arduino-testlib/cli-datadir/user/libraries/AStar32U4/AStar32U4.h:11:0,
                 from /home/ec2-user/arduino-testlib/cli-datadir/user/libraries/AStar32U4/examples/LCDBasics/LCDBasics.ino:10:
/home/ec2-user/arduino-testlib/cli-datadir/user/libraries/AStar32U4/FastGPIO.h:45:10: fatal error: avr/io.h: No such file or directory
 #include &lt;avr/io.h&gt;
          ^~~~~~~~~~
compilation terminated.

</pre>
					
					<h4>examples/Motors</h4>
					<p>
						Result: <b>FAIL</b>
					</p>
					<pre class="pre-scrollable">In file included from /home/ec2-user/arduino-testlib/cli-datadir/user/libraries/AStar32U4/AStar32U4.h:11:0,
                 from /home/ec2-user/arduino-testlib/cli-datadir/user/libraries/AStar32U4/examples/Motors/Motors.ino:6:
/home/ec2-user/arduino-testlib/cli-datadir/user/libraries/AStar32U4/FastGPIO.h:45:10: fatal error: avr/io.h: No such file or directory
 #include &lt;avr/io.h&gt;
          ^~~~~~~~~~
compilation terminated.

</pre>
					
					<h4>examples/PowerDetect</h4>
					<p>
						Result: <b>FAIL</b>
					</p>
					<pre class="pre-scrollable">In file included from /home/ec2-user/arduino-testlib/cli-datadir/user/libraries/AStar32U4/AStar32U4.h:11:0,
                 from /home/ec2-user/arduino-testlib/cli-datadir/user/libraries/AStar32U4/examples/PowerDetect/PowerDetect.ino:22:
/home/ec2-user/arduino-testlib/cli-datadir/user/libraries/AStar32U4/FastGPIO.h:45:10: fatal error: avr/io.h: No such file or directory
 #include &lt;avr/io.h&gt;
          ^~~~~~~~~~
compilation terminated.

</pre>
					
					<h4>examples/PrimeDemo</h4>
					<p>
						Result: <b>FAIL</b>
					</p>
					<pre class="pre-scrollable">In file included from /home/ec2-user/arduino-testlib/cli-datadir/user/libraries/AStar32U4/AStar32U4.h:11:0,
                 from /home/ec2-user/arduino-testlib/cli-datadir/user/libraries/AStar32U4/examples/PrimeDemo/PrimeDemo.ino:62:
/home/ec2-user/arduino-testlib/cli-datadir/user/libraries/AStar32U4/FastGPIO.h:45:10: fatal error: avr/io.h: No such file or directory
 #include &lt;avr/io.h&gt;
          ^~~~~~~~~~
compilation terminated.

</pre>
					
					<h4>examples/SDTest</h4>
					<p>
						Result: <b>FAIL</b>
					</p>
					<pre class="pre-scrollable">In file included from /home/ec2-user/arduino-testlib/cli-datadir/user/libraries/AStar32U4/AStar32U4.h:11:0,
                 from /home/ec2-user/arduino-testlib/cli-datadir/user/libraries/AStar32U4/examples/SDTest/SDTest.ino:44:
/home/ec2-user/arduino-testlib/cli-datadir/user/libraries/AStar32U4/FastGPIO.h:45:10: fatal error: avr/io.h: No such file or directory
 #include &lt;avr/io.h&gt;
          ^~~~~~~~~~
compilation terminated.

</pre>
					
					<h4>examples/USBDetect</h4>
					<p>
						Result: <b>FAIL</b>
					</p>
					<pre class="pre-scrollable">In file included from /home/ec2-user/arduino-testlib/cli-datadir/user/libraries/AStar32U4/AStar32U4.h:11:0,
                 from /home/ec2-user/arduino-testlib/cli-datadir/user/libraries/AStar32U4/examples/USBDetect/USBDetect.ino:17:
/home/ec2-user/arduino-testlib/cli-datadir/user/libraries/AStar32U4/FastGPIO.h:45:10: fatal error: avr/io.h: No such file or directory
 #include &lt;avr/io.h&gt;
          ^~~~~~~~~~
compilation terminated.

</pre>
					
				
				<h3 id="arduino:megaavr:nona4809">arduino:megaavr:nona4809 @ 1.8.7</h3>
				<h4>Inclusion</h4>
				<p>
					Result: <b>FAIL</b>
					
				</p>
				<pre class="pre-scrollable">WARNING: library AStar32U4 claims to run on avr architecture(s) and may be incompatible with your current board which runs on megaavr architecture(s).
In file included from /home/ec2-user/arduino-testlib/cli-datadir/user/libraries/AStar32U4/AStar32U4.h:11:0,
                 from /tmp/arduino-testlib3306697921/test/test.ino:1:
/home/ec2-user/arduino-testlib/cli-datadir/user/libraries/AStar32U4/FastGPIO.h:214:2: error: #error FastGPIO does not support this board.
 #error FastGPIO does not support this board.
  ^~~~~

</pre>

					
					<h4>examples/BlinkLEDs</h4>
					<p>
						Result: <b>FAIL</b>
					</p>
					<pre class="pre-scrollable">WARNING: library AStar32U4 claims to run on avr architecture(s) and may be incompatible with your current board which runs on megaavr architecture(s).
In file included from /home/ec2-user/arduino-testlib/cli-datadir/user/libraries/AStar32U4/AStar32U4.h:11:0,
                 from /home/ec2-user/arduino-testlib/cli-datadir/user/libraries/AStar32U4/examples/BlinkLEDs/BlinkLEDs.ino:4:
/home/ec2-user/arduino-testlib/cli-datadir/user/libraries/AStar32U4/FastGPIO.h:214:2: error: #error FastGPIO does not support this board.
 #error FastGPIO does not support this board.
  ^~~~~

</pre>
					
					<h4>examples/Buttons</h4>
					<p>
						Result: <b>FAIL</b>
					</p>
					<pre class="pre-scrollable">WARNING: library AStar32U4 claims to run on avr architecture(s) and may be incompatible with your current board which runs on megaavr architecture(s).
In file included from /home/ec2-user/arduino-testlib/cli-datadir/user/libraries/AStar32U4/AStar32U4.h:11:0,
                 from /home/ec2-user/arduino-testlib/cli-datadir/user/libraries/AStar32U4/examples/Buttons/Buttons.ino:11:
/home/ec2-user/arduino-testlib/cli-datadir/user/libraries/AStar32U4/FastGPIO.h:214:2: error: #error FastGPIO does not support this board.
 #error FastGPIO does not support this board.
  ^~~~~

</pre>
					
					<h4>examples/BuzzerBasics</h4>
					<p>
						Result: <b>FAIL</b>
					</p>
					<pre class="pre-scrollable">WARNING: library AStar32U4 claims to run on avr architecture(s) and may be incompatible with your current board which runs on megaavr architecture(s).
In file included from /home/ec2-user/arduino-testlib/cli-datadir/user/libraries/AStar32U4/AStar32U4.h:11:0,
                 from /home/ec2-user/arduino-testlib/cli-datadir/user/libraries/AStar32U4/examples/BuzzerBasics/BuzzerBasics.ino:25:
/home/ec2-user/arduino-testlib/cli-datadir/user/libraries/AStar32U4/FastGPIO.h:214:2: error: #error FastGPIO does not support this board.
 #error FastGPIO does not support this board.
  ^~~~~

</pre>
					
					<h4>examples/Keyboard</h4>
					<p>
						Result: <b>FAIL</b>
					</p>
					<pre class="pre-scrollable">WARNING: library AStar32U4 claims to run on avr architecture(s) and may be incompatible with your current board which runs on megaavr architecture(s).
In file included from /home/ec2-user/arduino-testlib/cli-datadir/user/libraries/Keyboard/src/Keyboard.h:25:0,
                 from /home/ec2-user/arduino-testlib/cli-datadir/user/libraries/AStar32U4/examples/Keyboard/Keyboard.ino:27:
/home/ec2-user/arduino-testlib/cli-datadir/data/packages/arduino/hardware/megaavr/1.8.7/libraries/HID/src/HID.h:125:2: error: #error &#34;No Native USB support available on this board&#34;
 #error &#34;No Native USB support available on this board&#34;
  ^~~~~
In file included from /home/ec2-user/arduino-testlib/cli-datadir/user/libraries/AStar32U4/AStar32U4.h:11:0,
                 from /home/ec2-user/arduino-testlib/cli-datadir/user/libraries/AStar32U4/examples/Keyboard/Keyboard.ino:28:
/home/ec2-user/arduino-testlib/cli-datadir/user/libraries/AStar32U4/FastGPIO.h:214:2: error: #error FastGPIO does not support this board.
 #error FastGPIO does not support this board.
  ^~~~~
Multiple libraries were found for &#34;Keyboard.h&#34;
  Used: /home/ec2-user/arduino-testlib/cli-datadir/user/libraries/Keyboard
  Not used: /home/ec2-user/arduino-testlib/cli-datadir/user/libraries/BlueFairy
</pre>
					
					<h4>examples/LCDBasics</h4>
					<p>
						Result: <b>FAIL</b>
					</p>
					<pre class="pre-scrollable">WARNING: library AStar32U4 claims to run on avr architecture(s) and may be incompatible with your current board which runs on megaavr architecture(s).
In file included from /home/ec2-user/arduino-testlib/cli-datadir/user/libraries/AStar32U4/AStar32U4.h:11:0,
                 from /home/ec2-user/arduino-testlib/cli-datadir/user/libraries/AStar32U4/examples/LCDBasics/LCDBasics.ino:10:
/home/ec2-user/arduino-testlib/cli-datadir/user/libraries/AStar32U4/FastGPIO.h:214:2: error: #error FastGPIO does not support this board.
 #error FastGPIO does not support this board.
  ^~~~~

</pre>
					
					<h4>examples/Motors</h4>
					<p>
						Result: <b>FAIL</b>
					</p>
					<pre class="pre-scrollable">WARNING: library AStar32U4 claims to run on avr architecture(s) and may be incompatible with your current board which runs on megaavr architecture(s).
In file included from /home/ec2-user/arduino-testlib/cli-datadir/user/libraries/AStar32U4/AStar32U4.h:11:0,
                 from /home/ec2-user/arduino-testlib/cli-datadir/user/libraries/AStar32U4/examples/Motors/Motors.ino:6:
/home/ec2-user/arduino-testlib/cli-datadir/user/libraries/AStar32U4/FastGPIO.h:214:2: error: #error FastGPIO does not support this board.
 #error FastGPIO does not support this board.
  ^~~~~

</pre>
					
					<h4>examples/PowerDetect</h4>
					<p>
						Result: <b>FAIL</b>
					</p>
					<pre class="pre-scrollable">WARNING: library AStar32U4 claims to run on avr architecture(s) and may be incompatible with your current board which runs on megaavr architecture(s).
In file included from /home/ec2-user/arduino-testlib/cli-datadir/user/libraries/AStar32U4/AStar32U4.h:11:0,
                 from /home/ec2-user/arduino-testlib/cli-datadir/user/libraries/AStar32U4/examples/PowerDetect/PowerDetect.ino:22:
/home/ec2-user/arduino-testlib/cli-datadir/user/libraries/AStar32U4/FastGPIO.h:214:2: error: #error FastGPIO does not support this board.
 #error FastGPIO does not support this board.
  ^~~~~

</pre>
					
					<h4>examples/PrimeDemo</h4>
					<p>
						Result: <b>FAIL</b>
					</p>
					<pre class="pre-scrollable">WARNING: library AStar32U4 claims to run on avr architecture(s) and may be incompatible with your current board which runs on megaavr architecture(s).
In file included from /home/ec2-user/arduino-testlib/cli-datadir/user/libraries/AStar32U4/AStar32U4.h:11:0,
                 from /home/ec2-user/arduino-testlib/cli-datadir/user/libraries/AStar32U4/examples/PrimeDemo/PrimeDemo.ino:62:
/home/ec2-user/arduino-testlib/cli-datadir/user/libraries/AStar32U4/FastGPIO.h:214:2: error: #error FastGPIO does not support this board.
 #error FastGPIO does not support this board.
  ^~~~~
In file included from /home/ec2-user/arduino-testlib/cli-datadir/user/libraries/Keyboard/src/Keyboard.h:25:0,
                 from /home/ec2-user/arduino-testlib/cli-datadir/user/libraries/AStar32U4/examples/PrimeDemo/PrimeDemo.ino:65:
/home/ec2-user/arduino-testlib/cli-datadir/data/packages/arduino/hardware/megaavr/1.8.7/libraries/HID/src/HID.h:125:2: error: #error &#34;No Native USB support available on this board&#34;
 #error &#34;No Native USB support available on this board&#34;
  ^~~~~
Multiple libraries were found for &#34;Keyboard.h&#34;
  Used: /home/ec2-user/arduino-testlib/cli-datadir/user/libraries/Keyboard
  Not used: /home/ec2-user/arduino-testlib/cli-datadir/user/libraries/BlueFairy
</pre>
					
					<h4>examples/SDTest</h4>
					<p>
						Result: <b>FAIL</b>
					</p>
					<pre class="pre-scrollable">WARNING: library AStar32U4 claims to run on avr architecture(s) and may be incompatible with your current board which runs on megaavr architecture(s).
In file included from /home/ec2-user/arduino-testlib/cli-datadir/user/libraries/AStar32U4/AStar32U4.h:11:0,
                 from /home/ec2-user/arduino-testlib/cli-datadir/user/libraries/AStar32U4/examples/SDTest/SDTest.ino:44:
/home/ec2-user/arduino-testlib/cli-datadir/user/libraries/AStar32U4/FastGPIO.h:214:2: error: #error FastGPIO does not support this board.
 #error FastGPIO does not support this board.
  ^~~~~

</pre>
					
					<h4>examples/USBDetect</h4>
					<p>
						Result: <b>FAIL</b>
					</p>
					<pre class="pre-scrollable">WARNING: library AStar32U4 claims to run on avr architecture(s) and may be incompatible with your current board which runs on megaavr architecture(s).
In file included from /home/ec2-user/arduino-testlib/cli-datadir/user/libraries/AStar32U4/AStar32U4.h:11:0,
                 from /home/ec2-user/arduino-testlib/cli-datadir/user/libraries/AStar32U4/examples/USBDetect/USBDetect.ino:17:
/home/ec2-user/arduino-testlib/cli-datadir/user/libraries/AStar32U4/FastGPIO.h:214:2: error: #error FastGPIO does not support this board.
 #error FastGPIO does not support this board.
  ^~~~~

</pre>
					
				
				<h3 id="arduino:samd:mkrwifi1010">arduino:samd:mkrwifi1010 @ 1.8.12</h3>
				<h4>Inclusion</h4>
				<p>
					Result: <b>FAIL</b>
					
				</p>
				<pre class="pre-scrollable">In file included from /Users/alranel/Documents/git/arduino/arduino-testlib/cli-datadir/user/libraries/AStar32U4/AStar32U4.h:11:0,
                 from /private/tmp/arduino-testlib2222904296/test/test.ino:1:
/Users/alranel/Documents/git/arduino/arduino-testlib/cli-datadir/user/libraries/AStar32U4/FastGPIO.h:45:10: fatal error: avr/io.h: No such file or directory
 #include &lt;avr/io.h&gt;
          ^~~~~~~~~~
compilation terminated.

</pre>

					
					<h4>examples/BlinkLEDs</h4>
					<p>
						Result: <b>FAIL</b>
					</p>
					<pre class="pre-scrollable">In file included from /Users/alranel/Documents/git/arduino/arduino-testlib/cli-datadir/user/libraries/AStar32U4/AStar32U4.h:11:0,
                 from /Users/alranel/Documents/git/arduino/arduino-testlib/cli-datadir/user/libraries/AStar32U4/examples/BlinkLEDs/BlinkLEDs.ino:4:
/Users/alranel/Documents/git/arduino/arduino-testlib/cli-datadir/user/libraries/AStar32U4/FastGPIO.h:45:10: fatal error: avr/io.h: No such file or directory
 #include &lt;avr/io.h&gt;
          ^~~~~~~~~~
compilation terminated.

</pre>
					
					<h4>examples/Buttons</h4>
					<p>
						Result: <b>FAIL</b>
					</p>
					<pre class="pre-scrollable">In file included from /Users/alranel/Documents/git/arduino/arduino-testlib/cli-datadir/user/libraries/AStar32U4/AStar32U4.h:11:0,
                 from /Users/alranel/Documents/git/arduino/arduino-testlib/cli-datadir/user/libraries/AStar32U4/examples/Buttons/Buttons.ino:11:
/Users/alranel/Documents/git/arduino/arduino-testlib/cli-datadir/user/libraries/AStar32U4/FastGPIO.h:45:10: fatal error: avr/io.h: No such file or directory
 #include &lt;avr/io.h&gt;
          ^~~~~~~~~~
compilation terminated.

</pre>
					
					<h4>examples/BuzzerBasics</h4>
					<p>
						Result: <b>FAIL</b>
					</p>
					<pre class="pre-scrollable">In file included from /Users/alranel/Documents/git/arduino/arduino-testlib/cli-datadir/user/libraries/AStar32U4/AStar32U4.h:11:0,
                 from /Users/alranel/Documents/git/arduino/arduino-testlib/cli-datadir/user/libraries/AStar32U4/examples/BuzzerBasics/BuzzerBasics.ino:25:
/Users/alranel/Documents/git/arduino/arduino-testlib/cli-datadir/user/libraries/AStar32U4/FastGPIO.h:45:10: fatal error: avr/io.h: No such file or directory
 #include &lt;avr/io.h&gt;
          ^~~~~~~~~~
compilation terminated.

</pre>
					
					<h4>examples/Keyboard</h4>
					<p>
						Result: <b>FAIL</b>
					</p>
					<pre class="pre-scrollable">In file included from /Users/alranel/Documents/git/arduino/arduino-testlib/cli-datadir/user/libraries/AStar32U4/AStar32U4.h:11:0,
                 from /Users/alranel/Documents/git/arduino/arduino-testlib/cli-datadir/user/libraries/AStar32U4/examples/Keyboard/Keyboard.ino:28:
/Users/alranel/Documents/git/arduino/arduino-testlib/cli-datadir/user/libraries/AStar32U4/FastGPIO.h:45:10: fatal error: avr/io.h: No such file or directory
 #include &lt;avr/io.h&gt;
          ^~~~~~~~~~
compilation terminated.
Multiple libraries were found for &#34;Keyboard.h&#34;
  Used: /Users/alranel/Documents/git/arduino/arduino-testlib/cli-datadir/user/libraries/Keyboard
  Not used: /Users/alranel/Documents/git/arduino/arduino-testlib/cli-datadir/user/libraries/BlueFairy
</pre>
					
					<h4>examples/LCDBasics</h4>
					<p>
						Result: <b>FAIL</b>
					</p>
					<pre class="pre-scrollable">In file included from /Users/alranel/Documents/git/arduino/arduino-testlib/cli-datadir/user/libraries/AStar32U4/AStar32U4.h:11:0,
                 from /Users/alranel/Documents/git/arduino/arduino-testlib/cli-datadir/user/libraries/AStar32U4/examples/LCDBasics/LCDBasics.ino:10:
/Users/alranel/Documents/git/arduino/arduino-testlib/cli-datadir/user/libraries/AStar32U4/FastGPIO.h:45:10: fatal error: avr/io.h: No such file or directory
 #include &lt;avr/io.h&gt;
          ^~~~~~~~~~
compilation terminated.

</pre>
					
					<h4>examples/Motors</h4>
					<p>
						Result: <b>FAIL</b>
					</p>
					<pre class="pre-scrollable">In file included from /Users/alranel/Documents/git/arduino/arduino-testlib/cli-datadir/user/libraries/AStar32U4/AStar32U4.h:11:0,
                 from /Users/alranel/Documents/git/arduino/arduino-testlib/cli-datadir/user/libraries/AStar32U4/examples/Motors/Motors.ino:6:
/Users/alranel/Documents/git/arduino/arduino-testlib/cli-datadir/user/libraries/AStar32U4/FastGPIO.h:45:10: fatal error: avr/io.h: No such file or directory
 #include &lt;avr/io.h&gt;
          ^~~~~~~~~~
compilation terminated.

</pre>
					
					<h4>examples/PowerDetect</h4>
					<p>
						Result: <b>FAIL</b>
					</p>
					<pre class="pre-scrollable">In file included from /Users/alranel/Documents/git/arduino/arduino-testlib/cli-datadir/user/libraries/AStar32U4/AStar32U4.h:11:0,
                 from /Users/alranel/Documents/git/arduino/arduino-testlib/cli-datadir/user/libraries/AStar32U4/examples/PowerDetect/PowerDetect.ino:22:
/Users/alranel/Documents/git/arduino/arduino-testlib/cli-datadir/user/libraries/AStar32U4/FastGPIO.h:45:10: fatal error: avr/io.h: No such file or directory
 #include &lt;avr/io.h&gt;
          ^~~~~~~~~~
compilation terminated.

</pre>
					
					<h4>examples/PrimeDemo</h4>
					<p>
						Result: <b>FAIL</b>
					</p>
					<pre class="pre-scrollable">In file included from /Users/alranel/Documents/git/arduino/arduino-testlib/cli-datadir/user/libraries/AStar32U4/AStar32U4.h:11:0,
                 from /Users/alranel/Documents/git/arduino/arduino-testlib/cli-datadir/user/libraries/AStar32U4/examples/PrimeDemo/PrimeDemo.ino:62:
/Users/alranel/Documents/git/arduino/arduino-testlib/cli-datadir/user/libraries/AStar32U4/FastGPIO.h:45:10: fatal error: avr/io.h: No such file or directory
 #include &lt;avr/io.h&gt;
          ^~~~~~~~~~
compilation terminated.

</pre>
					
					<h4>examples/SDTest</h4>
					<p>
						Result: <b>FAIL</b>
					</p>
					<pre class="pre-scrollable">In file included from /Users/alranel/Documents/git/arduino/arduino-testlib/cli-datadir/user/libraries/AStar32U4/AStar32U4.h:11:0,
                 from /Users/alranel/Documents/git/arduino/arduino-testlib/cli-datadir/user/libraries/AStar32U4/examples/SDTest/SDTest.ino:44:
/Users/alranel/Documents/git/arduino/arduino-testlib/cli-datadir/user/libraries/AStar32U4/FastGPIO.h:45:10: fatal error: avr/io.h: No such file or directory
 #include &lt;avr/io.h&gt;
          ^~~~~~~~~~
compilation terminated.

</pre>
					
					<h4>examples/USBDetect</h4>
					<p>
						Result: <b>FAIL</b>
					</p>
					<pre class="pre-scrollable">In file included from /Users/alranel/Documents/git/arduino/arduino-testlib/cli-datadir/user/libraries/AStar32U4/AStar32U4.h:11:0,
                 from /Users/alranel/Documents/git/arduino/arduino-testlib/cli-datadir/user/libraries/AStar32U4/examples/USBDetect/USBDetect.ino:17:
/Users/alranel/Documents/git/arduino/arduino-testlib/cli-datadir/user/libraries/AStar32U4/FastGPIO.h:45:10: fatal error: avr/io.h: No such file or directory
 #include &lt;avr/io.h&gt;
          ^~~~~~~~~~
compilation terminated.

</pre>
					
				
				<h3 id="esp32:esp32:d1_mini32">esp32:esp32:d1_mini32 @ 1.0.6</h3>
				<h4>Inclusion</h4>
				<p>
					Result: <b>FAIL</b>
					
				</p>
				<pre class="pre-scrollable">In file included from /home/ec2-user/arduino-testlib/cli-datadir/user/libraries/AStar32U4/AStar32U4.h:11:0,
                 from /tmp/arduino-testlib4018101881/test/test.ino:1:
/home/ec2-user/arduino-testlib/cli-datadir/user/libraries/AStar32U4/FastGPIO.h:45:20: fatal error: avr/io.h: No such file or directory
compilation terminated.

</pre>

					
					<h4>examples/BlinkLEDs</h4>
					<p>
						Result: <b>FAIL</b>
					</p>
					<pre class="pre-scrollable">In file included from /home/ec2-user/arduino-testlib/cli-datadir/user/libraries/AStar32U4/AStar32U4.h:11:0,
                 from /home/ec2-user/arduino-testlib/cli-datadir/user/libraries/AStar32U4/examples/BlinkLEDs/BlinkLEDs.ino:4:
/home/ec2-user/arduino-testlib/cli-datadir/user/libraries/AStar32U4/FastGPIO.h:45:20: fatal error: avr/io.h: No such file or directory
compilation terminated.

</pre>
					
					<h4>examples/Buttons</h4>
					<p>
						Result: <b>FAIL</b>
					</p>
					<pre class="pre-scrollable">In file included from /home/ec2-user/arduino-testlib/cli-datadir/user/libraries/AStar32U4/AStar32U4.h:11:0,
                 from /home/ec2-user/arduino-testlib/cli-datadir/user/libraries/AStar32U4/examples/Buttons/Buttons.ino:11:
/home/ec2-user/arduino-testlib/cli-datadir/user/libraries/AStar32U4/FastGPIO.h:45:20: fatal error: avr/io.h: No such file or directory
compilation terminated.

</pre>
					
					<h4>examples/BuzzerBasics</h4>
					<p>
						Result: <b>FAIL</b>
					</p>
					<pre class="pre-scrollable">In file included from /home/ec2-user/arduino-testlib/cli-datadir/user/libraries/AStar32U4/AStar32U4.h:11:0,
                 from /home/ec2-user/arduino-testlib/cli-datadir/user/libraries/AStar32U4/examples/BuzzerBasics/BuzzerBasics.ino:25:
/home/ec2-user/arduino-testlib/cli-datadir/user/libraries/AStar32U4/FastGPIO.h:45:20: fatal error: avr/io.h: No such file or directory
compilation terminated.

</pre>
					
					<h4>examples/Keyboard</h4>
					<p>
						Result: <b>FAIL</b>
					</p>
					<pre class="pre-scrollable">In file included from /home/ec2-user/arduino-testlib/cli-datadir/user/libraries/AStar32U4/examples/Keyboard/Keyboard.ino:27:0:
/home/ec2-user/arduino-testlib/cli-datadir/user/libraries/Keyboard/src/Keyboard.h:25:17: fatal error: HID.h: No such file or directory
compilation terminated.
Multiple libraries were found for &#34;Keyboard.h&#34;
  Used: /home/ec2-user/arduino-testlib/cli-datadir/user/libraries/Keyboard
  Not used: /home/ec2-user/arduino-testlib/cli-datadir/user/libraries/BlueFairy
</pre>
					
					<h4>examples/LCDBasics</h4>
					<p>
						Result: <b>FAIL</b>
					</p>
					<pre class="pre-scrollable">In file included from /home/ec2-user/arduino-testlib/cli-datadir/user/libraries/AStar32U4/AStar32U4.h:11:0,
                 from /home/ec2-user/arduino-testlib/cli-datadir/user/libraries/AStar32U4/examples/LCDBasics/LCDBasics.ino:10:
/home/ec2-user/arduino-testlib/cli-datadir/user/libraries/AStar32U4/FastGPIO.h:45:20: fatal error: avr/io.h: No such file or directory
compilation terminated.

</pre>
					
					<h4>examples/Motors</h4>
					<p>
						Result: <b>FAIL</b>
					</p>
					<pre class="pre-scrollable">In file included from /home/ec2-user/arduino-testlib/cli-datadir/user/libraries/AStar32U4/AStar32U4.h:11:0,
                 from /home/ec2-user/arduino-testlib/cli-datadir/user/libraries/AStar32U4/examples/Motors/Motors.ino:6:
/home/ec2-user/arduino-testlib/cli-datadir/user/libraries/AStar32U4/FastGPIO.h:45:20: fatal error: avr/io.h: No such file or directory
compilation terminated.

</pre>
					
					<h4>examples/PowerDetect</h4>
					<p>
						Result: <b>FAIL</b>
					</p>
					<pre class="pre-scrollable">In file included from /home/ec2-user/arduino-testlib/cli-datadir/user/libraries/AStar32U4/AStar32U4.h:11:0,
                 from /home/ec2-user/arduino-testlib/cli-datadir/user/libraries/AStar32U4/examples/PowerDetect/PowerDetect.ino:22:
/home/ec2-user/arduino-testlib/cli-datadir/user/libraries/AStar32U4/FastGPIO.h:45:20: fatal error: avr/io.h: No such file or directory
compilation terminated.

</pre>
					
					<h4>examples/PrimeDemo</h4>
					<p>
						Result: <b>FAIL</b>
					</p>
					<pre class="pre-scrollable">In file included from /home/ec2-user/arduino-testlib/cli-datadir/user/libraries/AStar32U4/AStar32U4.h:11:0,
                 from /home/ec2-user/arduino-testlib/cli-datadir/user/libraries/AStar32U4/examples/PrimeDemo/PrimeDemo.ino:62:
/home/ec2-user/arduino-testlib/cli-datadir/user/libraries/AStar32U4/FastGPIO.h:45:20: fatal error: avr/io.h: No such file or directory
compilation terminated.

</pre>
					
					<h4>examples/SDTest</h4>
					<p>
						Result: <b>FAIL</b>
					</p>
					<pre class="pre-scrollable">In file included from /home/ec2-user/arduino-testlib/cli-datadir/user/libraries/AStar32U4/AStar32U4.h:11:0,
                 from /home/ec2-user/arduino-testlib/cli-datadir/user/libraries/AStar32U4/examples/SDTest/SDTest.ino:44:
/home/ec2-user/arduino-testlib/cli-datadir/user/libraries/AStar32U4/FastGPIO.h:45:20: fatal error: avr/io.h: No such file or directory
compilation terminated.

</pre>
					
					<h4>examples/USBDetect</h4>
					<p>
						Result: <b>FAIL</b>
					</p>
					<pre class="pre-scrollable">In file included from /home/ec2-user/arduino-testlib/cli-datadir/user/libraries/AStar32U4/AStar32U4.h:11:0,
                 from /home/ec2-user/arduino-testlib/cli-datadir/user/libraries/AStar32U4/examples/USBDetect/USBDetect.ino:17:
/home/ec2-user/arduino-testlib/cli-datadir/user/libraries/AStar32U4/FastGPIO.h:45:20: fatal error: avr/io.h: No such file or directory
compilation terminated.

</pre>
					
				
			</div>
		</div>
	</div>
  </body>
</html>
