
<!doctype html>
<html lang="en">
  <head>
    <meta charset="utf-8">
    <meta name="viewport" content="width=device-width, initial-scale=1">
    <link href="https://cdn.jsdelivr.net/npm/bootstrap@5.0.2/dist/css/bootstrap.min.css" rel="stylesheet" integrity="sha384-EVSTQN3/azprG1Anm3QDgpJLIm9Nao0Yz1ztcQTwFspd3yD65VohhpuuCOmLASjC" crossorigin="anonymous">
    <title>arduino-testlib report</title>
	<style>
	.pass { background-color: #00FF00 !important; }
	.fail { background-color: #FF0000 !important; }
	</style>
  </head>
  <body>
	<div class="container">
		<div class="row">
			<div class="col">
				<h1>AsyncTelegram2 - compatibility matrix</h1>
				<p>
					<small>This report was generated on Wednesday, 23-Feb-22 22:48:15 CET using 
					<a href="https://github.com/alranel/arduino-testlib">arduino-testlib</a>.</small>
				</p>

				<h2>AsyncTelegram2</h2>
				<p>
					Version: <b>2.0.8</b>
					<br />
					<a href="https://www.arduino.cc/reference/en/libraries/asynctelegram2/">More details</a>
				</p>

				<h2>Compatibility matrix</h2>
				<table class="table table-bordered">
					<tr>
						<th>Board</th>
						<th>Claims compatibility</th>
						<th>Inclusion</th>
						
						<th><pre>sendMessageCallback</pre></th>
						
						<th><pre>ESP32</pre></th>
						
						<th><pre>Ethernet</pre></th>
						
						<th><pre>advanced</pre></th>
						
						<th><pre>echoBot</pre></th>
						
						<th><pre>keyboardCallback</pre></th>
						
						<th><pre>keyboards</pre></th>
						
						<th><pre>lightBot</pre></th>
						
						<th><pre>sendPhoto</pre></th>
						
						<th><pre>ESP8266</pre></th>
						
					</tr>
					
					<tr>
						<td>
							<a href="#arduino%3aavr%3auno"><b>arduino:avr:uno</b></a>
							<br />
							<small>1.8.4</small>
						</td>

						
						
						
							<td>Yes ⚠️</td>
							<td class="fail">FAIL</td>
						
						

						
							
								
									
										
									
										
									
										
									
										
									
										
									
										
									
										
									
										
									
										
											
											<td class="fail">FAIL</td>
										
									
										
									
								
							
								
							
								
							
								
							
								
							
						
							
								
									
										
											
											<td class="fail">FAIL</td>
										
									
										
									
										
									
										
									
										
									
										
									
										
									
										
									
										
									
										
									
								
							
								
							
								
							
								
							
								
							
						
							
								
									
										
									
										
									
										
											
											<td class="fail">FAIL</td>
										
									
										
									
										
									
										
									
										
									
										
									
										
									
										
									
								
							
								
							
								
							
								
							
								
							
						
							
								
									
										
									
										
									
										
									
										
											
											<td class="fail">FAIL</td>
										
									
										
									
										
									
										
									
										
									
										
									
										
									
								
							
								
							
								
							
								
							
								
							
						
							
								
									
										
									
										
									
										
									
										
									
										
											
											<td class="fail">FAIL</td>
										
									
										
									
										
									
										
									
										
									
										
									
								
							
								
							
								
							
								
							
								
							
						
							
								
									
										
									
										
									
										
									
										
									
										
									
										
											
											<td class="fail">FAIL</td>
										
									
										
									
										
									
										
									
										
									
								
							
								
							
								
							
								
							
								
							
						
							
								
									
										
									
										
									
										
									
										
									
										
									
										
									
										
											
											<td class="fail">FAIL</td>
										
									
										
									
										
									
										
									
								
							
								
							
								
							
								
							
								
							
						
							
								
									
										
									
										
									
										
									
										
									
										
									
										
									
										
									
										
											
											<td class="fail">FAIL</td>
										
									
										
									
										
									
								
							
								
							
								
							
								
							
								
							
						
							
								
									
										
									
										
									
										
									
										
									
										
									
										
									
										
									
										
									
										
									
										
											
											<td class="fail">FAIL</td>
										
									
								
							
								
							
								
							
								
							
								
							
						
							
								
									
										
									
										
											
											<td class="fail">FAIL</td>
										
									
										
									
										
									
										
									
										
									
										
									
										
									
										
									
										
									
								
							
								
							
								
							
								
							
								
							
						
					</tr>
					
					<tr>
						<td>
							<a href="#arduino%3ambed_nano%3ananorp2040connect"><b>arduino:mbed_nano:nanorp2040connect</b></a>
							<br />
							<small>2.7.2</small>
						</td>

						
						
						
							<td>Yes ⚠️</td>
							<td class="fail">FAIL</td>
						
						

						
							
								
							
								
									
										
									
										
									
										
									
										
									
										
									
										
									
										
									
										
									
										
											
											<td class="fail">FAIL</td>
										
									
										
									
								
							
								
							
								
							
								
							
						
							
								
							
								
									
										
											
											<td class="fail">FAIL</td>
										
									
										
									
										
									
										
									
										
									
										
									
										
									
										
									
										
									
										
									
								
							
								
							
								
							
								
							
						
							
								
							
								
									
										
									
										
									
										
											
											<td class="fail">FAIL</td>
										
									
										
									
										
									
										
									
										
									
										
									
										
									
										
									
								
							
								
							
								
							
								
							
						
							
								
							
								
									
										
									
										
									
										
									
										
											
											<td class="fail">FAIL</td>
										
									
										
									
										
									
										
									
										
									
										
									
										
									
								
							
								
							
								
							
								
							
						
							
								
							
								
									
										
									
										
									
										
									
										
									
										
											
											<td class="fail">FAIL</td>
										
									
										
									
										
									
										
									
										
									
										
									
								
							
								
							
								
							
								
							
						
							
								
							
								
									
										
									
										
									
										
									
										
									
										
									
										
											
											<td class="fail">FAIL</td>
										
									
										
									
										
									
										
									
										
									
								
							
								
							
								
							
								
							
						
							
								
							
								
									
										
									
										
									
										
									
										
									
										
									
										
									
										
											
											<td class="fail">FAIL</td>
										
									
										
									
										
									
										
									
								
							
								
							
								
							
								
							
						
							
								
							
								
									
										
									
										
									
										
									
										
									
										
									
										
									
										
									
										
											
											<td class="fail">FAIL</td>
										
									
										
									
										
									
								
							
								
							
								
							
								
							
						
							
								
							
								
									
										
									
										
									
										
									
										
									
										
									
										
									
										
									
										
									
										
									
										
											
											<td class="fail">FAIL</td>
										
									
								
							
								
							
								
							
								
							
						
							
								
							
								
									
										
									
										
											
											<td class="fail">FAIL</td>
										
									
										
									
										
									
										
									
										
									
										
									
										
									
										
									
										
									
								
							
								
							
								
							
								
							
						
					</tr>
					
					<tr>
						<td>
							<a href="#arduino%3amegaavr%3anona4809"><b>arduino:megaavr:nona4809</b></a>
							<br />
							<small>1.8.7</small>
						</td>

						
						
						
							<td>Yes ⚠️</td>
							<td class="fail">FAIL</td>
						
						

						
							
								
							
								
							
								
									
										
									
										
									
										
									
										
									
										
									
										
									
										
									
										
									
										
											
											<td class="fail">FAIL</td>
										
									
										
									
								
							
								
							
								
							
						
							
								
							
								
							
								
									
										
											
											<td class="fail">FAIL</td>
										
									
										
									
										
									
										
									
										
									
										
									
										
									
										
									
										
									
										
									
								
							
								
							
								
							
						
							
								
							
								
							
								
									
										
									
										
									
										
											
											<td class="fail">FAIL</td>
										
									
										
									
										
									
										
									
										
									
										
									
										
									
										
									
								
							
								
							
								
							
						
							
								
							
								
							
								
									
										
									
										
									
										
									
										
											
											<td class="fail">FAIL</td>
										
									
										
									
										
									
										
									
										
									
										
									
										
									
								
							
								
							
								
							
						
							
								
							
								
							
								
									
										
									
										
									
										
									
										
									
										
											
											<td class="fail">FAIL</td>
										
									
										
									
										
									
										
									
										
									
										
									
								
							
								
							
								
							
						
							
								
							
								
							
								
									
										
									
										
									
										
									
										
									
										
									
										
											
											<td class="fail">FAIL</td>
										
									
										
									
										
									
										
									
										
									
								
							
								
							
								
							
						
							
								
							
								
							
								
									
										
									
										
									
										
									
										
									
										
									
										
									
										
											
											<td class="fail">FAIL</td>
										
									
										
									
										
									
										
									
								
							
								
							
								
							
						
							
								
							
								
							
								
									
										
									
										
									
										
									
										
									
										
									
										
									
										
									
										
											
											<td class="fail">FAIL</td>
										
									
										
									
										
									
								
							
								
							
								
							
						
							
								
							
								
							
								
									
										
									
										
									
										
									
										
									
										
									
										
									
										
									
										
									
										
									
										
											
											<td class="fail">FAIL</td>
										
									
								
							
								
							
								
							
						
							
								
							
								
							
								
									
										
									
										
											
											<td class="fail">FAIL</td>
										
									
										
									
										
									
										
									
										
									
										
									
										
									
										
									
										
									
								
							
								
							
								
							
						
					</tr>
					
					<tr>
						<td>
							<a href="#arduino%3asamd%3amkrwifi1010"><b>arduino:samd:mkrwifi1010</b></a>
							<br />
							<small>1.8.12</small>
						</td>

						
						
						
							<td>Yes ⚠️</td>
							<td class="fail">FAIL</td>
						
						

						
							
								
							
								
							
								
							
								
									
										
									
										
									
										
									
										
									
										
									
										
									
										
									
										
									
										
											
											<td class="fail">FAIL</td>
										
									
										
									
								
							
								
							
						
							
								
							
								
							
								
							
								
									
										
											
											<td class="fail">FAIL</td>
										
									
										
									
										
									
										
									
										
									
										
									
										
									
										
									
										
									
										
									
								
							
								
							
						
							
								
							
								
							
								
							
								
									
										
									
										
									
										
											
											<td class="fail">FAIL</td>
										
									
										
									
										
									
										
									
										
									
										
									
										
									
										
									
								
							
								
							
						
							
								
							
								
							
								
							
								
									
										
									
										
									
										
									
										
											
											<td class="fail">FAIL</td>
										
									
										
									
										
									
										
									
										
									
										
									
										
									
								
							
								
							
						
							
								
							
								
							
								
							
								
									
										
									
										
									
										
									
										
									
										
											
											<td class="fail">FAIL</td>
										
									
										
									
										
									
										
									
										
									
										
									
								
							
								
							
						
							
								
							
								
							
								
							
								
									
										
									
										
									
										
									
										
									
										
									
										
											
											<td class="fail">FAIL</td>
										
									
										
									
										
									
										
									
										
									
								
							
								
							
						
							
								
							
								
							
								
							
								
									
										
									
										
									
										
									
										
									
										
									
										
									
										
											
											<td class="fail">FAIL</td>
										
									
										
									
										
									
										
									
								
							
								
							
						
							
								
							
								
							
								
							
								
									
										
									
										
									
										
									
										
									
										
									
										
									
										
									
										
											
											<td class="fail">FAIL</td>
										
									
										
									
										
									
								
							
								
							
						
							
								
							
								
							
								
							
								
									
										
									
										
									
										
									
										
									
										
									
										
									
										
									
										
									
										
									
										
											
											<td class="fail">FAIL</td>
										
									
								
							
								
							
						
							
								
							
								
							
								
							
								
									
										
									
										
											
											<td class="fail">FAIL</td>
										
									
										
									
										
									
										
									
										
									
										
									
										
									
										
									
										
									
								
							
								
							
						
					</tr>
					
					<tr>
						<td>
							<a href="#esp32%3aesp32%3ad1_mini32"><b>esp32:esp32:d1_mini32</b></a>
							<br />
							<small>1.0.6</small>
						</td>

						
							<td>Yes</td>
							<td class="pass">PASS</td>
						
						
						
						

						
							
								
							
								
							
								
							
								
							
								
									
										
									
										
									
										
									
										
									
										
									
										
									
										
									
										
									
										
											<td class="pass">PASS</td>
											
										
									
										
									
								
							
						
							
								
							
								
							
								
							
								
							
								
									
										
											
											<td class="fail">FAIL</td>
										
									
										
									
										
									
										
									
										
									
										
									
										
									
										
									
										
									
										
									
								
							
						
							
								
							
								
							
								
							
								
							
								
									
										
									
										
									
										
											<td class="pass">PASS</td>
											
										
									
										
									
										
									
										
									
										
									
										
									
										
									
										
									
								
							
						
							
								
							
								
							
								
							
								
							
								
									
										
									
										
									
										
									
										
											
											<td class="fail">FAIL</td>
										
									
										
									
										
									
										
									
										
									
										
									
										
									
								
							
						
							
								
							
								
							
								
							
								
							
								
									
										
									
										
									
										
									
										
									
										
											<td class="pass">PASS</td>
											
										
									
										
									
										
									
										
									
										
									
										
									
								
							
						
							
								
							
								
							
								
							
								
							
								
									
										
									
										
									
										
									
										
									
										
									
										
											<td class="pass">PASS</td>
											
										
									
										
									
										
									
										
									
										
									
								
							
						
							
								
							
								
							
								
							
								
							
								
									
										
									
										
									
										
									
										
									
										
									
										
									
										
											<td class="pass">PASS</td>
											
										
									
										
									
										
									
										
									
								
							
						
							
								
							
								
							
								
							
								
							
								
									
										
									
										
									
										
									
										
									
										
									
										
									
										
									
										
											<td class="pass">PASS</td>
											
										
									
										
									
										
									
								
							
						
							
								
							
								
							
								
							
								
							
								
									
										
									
										
									
										
									
										
									
										
									
										
									
										
									
										
									
										
									
										
											<td class="pass">PASS</td>
											
										
									
								
							
						
							
								
							
								
							
								
							
								
							
								
									
										
									
										
											
											<td class="fail">FAIL</td>
										
									
										
									
										
									
										
									
										
									
										
									
										
									
										
									
										
									
								
							
						
					</tr>
					
				</table>

				<h2>Compilation logs</h2>
				
				<h3 id="arduino:avr:uno">arduino:avr:uno @ 1.8.4</h3>
				<h4>Inclusion</h4>
				<p>
					Result: <b>FAIL</b>
					
				</p>
				<pre class="pre-scrollable">In file included from /Users/alranel/Documents/git/arduino/arduino-testlib/cli-datadir/user/libraries/AsyncTelegram2/src/AsyncTelegram2.h:49:0,
                 from /private/tmp/arduino-testlib2894703860/test/test.ino:1:
/Users/alranel/Documents/git/arduino/arduino-testlib/cli-datadir/user/libraries/AsyncTelegram2/src/InlineKeyboard.h:8:10: fatal error: functional: No such file or directory
 #include &lt;functional&gt;
          ^~~~~~~~~~~~
compilation terminated.
Multiple libraries were found for &#34;ArduinoJson.h&#34;
  Used: /Users/alranel/Documents/git/arduino/arduino-testlib/cli-datadir/user/libraries/ArduinoJson
  Not used: /Users/alranel/Documents/git/arduino/arduino-testlib/cli-datadir/user/libraries/ThingESP
  Not used: /Users/alranel/Documents/git/arduino/arduino-testlib/cli-datadir/user/libraries/AllThingsTalk_LTE-M_SDK
  Not used: /Users/alranel/Documents/git/arduino/arduino-testlib/cli-datadir/user/libraries/ThingsIoT
  Not used: /Users/alranel/Documents/git/arduino/arduino-testlib/cli-datadir/user/libraries/BaleMessengerBot_Arduino
  Not used: /Users/alranel/Documents/git/arduino/arduino-testlib/cli-datadir/user/libraries/Antares_ESP8266_MQTT
  Not used: /Users/alranel/Documents/git/arduino/arduino-testlib/cli-datadir/user/libraries/CMMC_MQTT_Connector
  Not used: /Users/alranel/Documents/git/arduino/arduino-testlib/cli-datadir/user/libraries/Antares_ESP8266_HTTP
  Not used: /Users/alranel/Documents/git/arduino/arduino-testlib/cli-datadir/user/libraries/CoogleIOT
</pre>

					
					<h4>examples/ESP32</h4>
					<p>
						Result: <b>FAIL</b>
					</p>
					<pre class="pre-scrollable"></pre>
					
					<h4>examples/ESP8266</h4>
					<p>
						Result: <b>FAIL</b>
					</p>
					<pre class="pre-scrollable"></pre>
					
					<h4>examples/Ethernet</h4>
					<p>
						Result: <b>FAIL</b>
					</p>
					<pre class="pre-scrollable">In file included from /Users/alranel/Documents/git/arduino/arduino-testlib/cli-datadir/user/libraries/SSLClient/src/SSLClient.h:23:0,
                 from /Users/alranel/Documents/git/arduino/arduino-testlib/cli-datadir/user/libraries/AsyncTelegram2/examples/Ethernet/Ethernet.ino:3:
/Users/alranel/Documents/git/arduino/arduino-testlib/cli-datadir/user/libraries/SSLClient/src/SSLClientParameters.h:31:10: fatal error: vector: No such file or directory
 #include &lt;vector&gt;
          ^~~~~~~~
compilation terminated.
Multiple libraries were found for &#34;Ethernet.h&#34;
  Used: /Users/alranel/Documents/git/arduino/arduino-testlib/cli-datadir/user/libraries/Ethernet
  Not used: /Users/alranel/Documents/git/arduino/arduino-testlib/cli-datadir/user/libraries/EthernetENC
  Not used: /Users/alranel/Documents/git/arduino/arduino-testlib/cli-datadir/user/libraries/UIPEthernet
</pre>
					
					<h4>examples/advanced</h4>
					<p>
						Result: <b>FAIL</b>
					</p>
					<pre class="pre-scrollable"></pre>
					
					<h4>examples/echoBot</h4>
					<p>
						Result: <b>FAIL</b>
					</p>
					<pre class="pre-scrollable">In file included from /Users/alranel/Documents/git/arduino/arduino-testlib/cli-datadir/user/libraries/AsyncTelegram2/src/AsyncTelegram2.h:49:0,
                 from /Users/alranel/Documents/git/arduino/arduino-testlib/cli-datadir/user/libraries/AsyncTelegram2/examples/echoBot/echoBot.ino:20:
/Users/alranel/Documents/git/arduino/arduino-testlib/cli-datadir/user/libraries/AsyncTelegram2/src/InlineKeyboard.h:8:10: fatal error: functional: No such file or directory
 #include &lt;functional&gt;
          ^~~~~~~~~~~~
compilation terminated.
Multiple libraries were found for &#34;ArduinoJson.h&#34;
  Used: /Users/alranel/Documents/git/arduino/arduino-testlib/cli-datadir/user/libraries/ArduinoJson
  Not used: /Users/alranel/Documents/git/arduino/arduino-testlib/cli-datadir/user/libraries/CMMC_MQTT_Connector
  Not used: /Users/alranel/Documents/git/arduino/arduino-testlib/cli-datadir/user/libraries/ThingESP
  Not used: /Users/alranel/Documents/git/arduino/arduino-testlib/cli-datadir/user/libraries/AllThingsTalk_LTE-M_SDK
  Not used: /Users/alranel/Documents/git/arduino/arduino-testlib/cli-datadir/user/libraries/Antares_ESP8266_MQTT
  Not used: /Users/alranel/Documents/git/arduino/arduino-testlib/cli-datadir/user/libraries/CoogleIOT
  Not used: /Users/alranel/Documents/git/arduino/arduino-testlib/cli-datadir/user/libraries/Antares_ESP8266_HTTP
  Not used: /Users/alranel/Documents/git/arduino/arduino-testlib/cli-datadir/user/libraries/BaleMessengerBot_Arduino
  Not used: /Users/alranel/Documents/git/arduino/arduino-testlib/cli-datadir/user/libraries/ThingsIoT
</pre>
					
					<h4>examples/keyboardCallback</h4>
					<p>
						Result: <b>FAIL</b>
					</p>
					<pre class="pre-scrollable">In file included from /Users/alranel/Documents/git/arduino/arduino-testlib/cli-datadir/user/libraries/AsyncTelegram2/src/AsyncTelegram2.h:49:0,
                 from /Users/alranel/Documents/git/arduino/arduino-testlib/cli-datadir/user/libraries/AsyncTelegram2/examples/keyboardCallback/keyboardCallback.ino:21:
/Users/alranel/Documents/git/arduino/arduino-testlib/cli-datadir/user/libraries/AsyncTelegram2/src/InlineKeyboard.h:8:10: fatal error: functional: No such file or directory
 #include &lt;functional&gt;
          ^~~~~~~~~~~~
compilation terminated.
Multiple libraries were found for &#34;ArduinoJson.h&#34;
  Used: /Users/alranel/Documents/git/arduino/arduino-testlib/cli-datadir/user/libraries/ArduinoJson
  Not used: /Users/alranel/Documents/git/arduino/arduino-testlib/cli-datadir/user/libraries/BaleMessengerBot_Arduino
  Not used: /Users/alranel/Documents/git/arduino/arduino-testlib/cli-datadir/user/libraries/CoogleIOT
  Not used: /Users/alranel/Documents/git/arduino/arduino-testlib/cli-datadir/user/libraries/AllThingsTalk_LTE-M_SDK
  Not used: /Users/alranel/Documents/git/arduino/arduino-testlib/cli-datadir/user/libraries/ThingESP
  Not used: /Users/alranel/Documents/git/arduino/arduino-testlib/cli-datadir/user/libraries/Antares_ESP8266_HTTP
  Not used: /Users/alranel/Documents/git/arduino/arduino-testlib/cli-datadir/user/libraries/CMMC_MQTT_Connector
  Not used: /Users/alranel/Documents/git/arduino/arduino-testlib/cli-datadir/user/libraries/ThingsIoT
  Not used: /Users/alranel/Documents/git/arduino/arduino-testlib/cli-datadir/user/libraries/Antares_ESP8266_MQTT
</pre>
					
					<h4>examples/keyboards</h4>
					<p>
						Result: <b>FAIL</b>
					</p>
					<pre class="pre-scrollable">In file included from /Users/alranel/Documents/git/arduino/arduino-testlib/cli-datadir/user/libraries/AsyncTelegram2/src/AsyncTelegram2.h:49:0,
                 from /Users/alranel/Documents/git/arduino/arduino-testlib/cli-datadir/user/libraries/AsyncTelegram2/examples/keyboards/keyboards.ino:22:
/Users/alranel/Documents/git/arduino/arduino-testlib/cli-datadir/user/libraries/AsyncTelegram2/src/InlineKeyboard.h:8:10: fatal error: functional: No such file or directory
 #include &lt;functional&gt;
          ^~~~~~~~~~~~
compilation terminated.
Multiple libraries were found for &#34;ArduinoJson.h&#34;
  Used: /Users/alranel/Documents/git/arduino/arduino-testlib/cli-datadir/user/libraries/ArduinoJson
  Not used: /Users/alranel/Documents/git/arduino/arduino-testlib/cli-datadir/user/libraries/ThingsIoT
  Not used: /Users/alranel/Documents/git/arduino/arduino-testlib/cli-datadir/user/libraries/Antares_ESP8266_MQTT
  Not used: /Users/alranel/Documents/git/arduino/arduino-testlib/cli-datadir/user/libraries/AllThingsTalk_LTE-M_SDK
  Not used: /Users/alranel/Documents/git/arduino/arduino-testlib/cli-datadir/user/libraries/CMMC_MQTT_Connector
  Not used: /Users/alranel/Documents/git/arduino/arduino-testlib/cli-datadir/user/libraries/CoogleIOT
  Not used: /Users/alranel/Documents/git/arduino/arduino-testlib/cli-datadir/user/libraries/Antares_ESP8266_HTTP
  Not used: /Users/alranel/Documents/git/arduino/arduino-testlib/cli-datadir/user/libraries/BaleMessengerBot_Arduino
  Not used: /Users/alranel/Documents/git/arduino/arduino-testlib/cli-datadir/user/libraries/ThingESP
</pre>
					
					<h4>examples/lightBot</h4>
					<p>
						Result: <b>FAIL</b>
					</p>
					<pre class="pre-scrollable">In file included from /Users/alranel/Documents/git/arduino/arduino-testlib/cli-datadir/user/libraries/AsyncTelegram2/src/AsyncTelegram2.h:49:0,
                 from /Users/alranel/Documents/git/arduino/arduino-testlib/cli-datadir/user/libraries/AsyncTelegram2/examples/lightBot/lightBot.ino:22:
/Users/alranel/Documents/git/arduino/arduino-testlib/cli-datadir/user/libraries/AsyncTelegram2/src/InlineKeyboard.h:8:10: fatal error: functional: No such file or directory
 #include &lt;functional&gt;
          ^~~~~~~~~~~~
compilation terminated.
Multiple libraries were found for &#34;ArduinoJson.h&#34;
  Used: /Users/alranel/Documents/git/arduino/arduino-testlib/cli-datadir/user/libraries/ArduinoJson
  Not used: /Users/alranel/Documents/git/arduino/arduino-testlib/cli-datadir/user/libraries/Antares_ESP8266_MQTT
  Not used: /Users/alranel/Documents/git/arduino/arduino-testlib/cli-datadir/user/libraries/Antares_ESP8266_HTTP
  Not used: /Users/alranel/Documents/git/arduino/arduino-testlib/cli-datadir/user/libraries/ThingsIoT
  Not used: /Users/alranel/Documents/git/arduino/arduino-testlib/cli-datadir/user/libraries/BaleMessengerBot_Arduino
  Not used: /Users/alranel/Documents/git/arduino/arduino-testlib/cli-datadir/user/libraries/ThingESP
  Not used: /Users/alranel/Documents/git/arduino/arduino-testlib/cli-datadir/user/libraries/CoogleIOT
  Not used: /Users/alranel/Documents/git/arduino/arduino-testlib/cli-datadir/user/libraries/AllThingsTalk_LTE-M_SDK
  Not used: /Users/alranel/Documents/git/arduino/arduino-testlib/cli-datadir/user/libraries/CMMC_MQTT_Connector
</pre>
					
					<h4>examples/sendMessageCallback</h4>
					<p>
						Result: <b>FAIL</b>
					</p>
					<pre class="pre-scrollable">In file included from /Users/alranel/Documents/git/arduino/arduino-testlib/cli-datadir/user/libraries/AsyncTelegram2/src/AsyncTelegram2.h:49:0,
                 from /Users/alranel/Documents/git/arduino/arduino-testlib/cli-datadir/user/libraries/AsyncTelegram2/examples/sendMessageCallback/sendMessageCallback.ino:11:
/Users/alranel/Documents/git/arduino/arduino-testlib/cli-datadir/user/libraries/AsyncTelegram2/src/InlineKeyboard.h:8:10: fatal error: functional: No such file or directory
 #include &lt;functional&gt;
          ^~~~~~~~~~~~
compilation terminated.
Multiple libraries were found for &#34;ArduinoJson.h&#34;
  Used: /Users/alranel/Documents/git/arduino/arduino-testlib/cli-datadir/user/libraries/ArduinoJson
  Not used: /Users/alranel/Documents/git/arduino/arduino-testlib/cli-datadir/user/libraries/Antares_ESP8266_HTTP
  Not used: /Users/alranel/Documents/git/arduino/arduino-testlib/cli-datadir/user/libraries/AllThingsTalk_LTE-M_SDK
  Not used: /Users/alranel/Documents/git/arduino/arduino-testlib/cli-datadir/user/libraries/BaleMessengerBot_Arduino
  Not used: /Users/alranel/Documents/git/arduino/arduino-testlib/cli-datadir/user/libraries/ThingsIoT
  Not used: /Users/alranel/Documents/git/arduino/arduino-testlib/cli-datadir/user/libraries/Antares_ESP8266_MQTT
  Not used: /Users/alranel/Documents/git/arduino/arduino-testlib/cli-datadir/user/libraries/CMMC_MQTT_Connector
  Not used: /Users/alranel/Documents/git/arduino/arduino-testlib/cli-datadir/user/libraries/CoogleIOT
  Not used: /Users/alranel/Documents/git/arduino/arduino-testlib/cli-datadir/user/libraries/ThingESP
</pre>
					
					<h4>examples/sendPhoto</h4>
					<p>
						Result: <b>FAIL</b>
					</p>
					<pre class="pre-scrollable">/Users/alranel/Documents/git/arduino/arduino-testlib/cli-datadir/user/libraries/AsyncTelegram2/examples/sendPhoto/sendPhoto.ino:13:10: fatal error: FS.h: No such file or directory
 #include &lt;FS.h&gt;
          ^~~~~~
compilation terminated.

</pre>
					
				
				<h3 id="arduino:mbed_nano:nanorp2040connect">arduino:mbed_nano:nanorp2040connect @ 2.7.2</h3>
				<h4>Inclusion</h4>
				<p>
					Result: <b>FAIL</b>
					
				</p>
				<pre class="pre-scrollable">Multiple libraries were found for &#34;ArduinoJson.h&#34;
  Used: /home/ec2-user/arduino-testlib/cli-datadir/user/libraries/ArduinoJson
  Not used: /home/ec2-user/arduino-testlib/cli-datadir/user/libraries/Antares_ESP8266_MQTT
  Not used: /home/ec2-user/arduino-testlib/cli-datadir/user/libraries/BaleMessengerBot_Arduino
  Not used: /home/ec2-user/arduino-testlib/cli-datadir/user/libraries/CoogleIOT
  Not used: /home/ec2-user/arduino-testlib/cli-datadir/user/libraries/AllThingsTalk_LTE-M_SDK
  Not used: /home/ec2-user/arduino-testlib/cli-datadir/user/libraries/ThingESP
  Not used: /home/ec2-user/arduino-testlib/cli-datadir/user/libraries/CMMC_MQTT_Connector
  Not used: /home/ec2-user/arduino-testlib/cli-datadir/user/libraries/ThingsIoT
  Not used: /home/ec2-user/arduino-testlib/cli-datadir/user/libraries/Antares_ESP8266_HTTP
</pre>

					
					<h4>examples/ESP32</h4>
					<p>
						Result: <b>FAIL</b>
					</p>
					<pre class="pre-scrollable"></pre>
					
					<h4>examples/ESP8266</h4>
					<p>
						Result: <b>FAIL</b>
					</p>
					<pre class="pre-scrollable"></pre>
					
					<h4>examples/Ethernet</h4>
					<p>
						Result: <b>FAIL</b>
					</p>
					<pre class="pre-scrollable">WARNING: library SSLClient claims to run on samd, sam, tivac, stm32, esp32 architecture(s) and may be incompatible with your current board which runs on mbed_nano architecture(s).
/home/ec2-user/arduino-testlib/cli-datadir/user/libraries/AsyncTelegram2/examples/Ethernet/Ethernet.ino: In function &#39;void button1Pressed(const TBMessage&amp;)&#39;:
/home/ec2-user/arduino-testlib/cli-datadir/user/libraries/AsyncTelegram2/examples/Ethernet/Ethernet.ino:35:10: error: &#39;class arduino::UART&#39; has no member named &#39;printf&#39;; did you mean &#39;print&#39;?
   Serial.printf(&#34;\nButton 1 pressed (callback); \nQueryId: %s\n\n&#34;, queryMsg.callbackQueryID);
          ^~~~~~
          print
/home/ec2-user/arduino-testlib/cli-datadir/user/libraries/AsyncTelegram2/examples/Ethernet/Ethernet.ino: In function &#39;void button2Pressed(const TBMessage&amp;)&#39;:
/home/ec2-user/arduino-testlib/cli-datadir/user/libraries/AsyncTelegram2/examples/Ethernet/Ethernet.ino:40:10: error: &#39;class arduino::UART&#39; has no member named &#39;printf&#39;; did you mean &#39;print&#39;?
   Serial.printf(&#34;\nButton 2 pressed (callback); \nQueryId: %s\n\n&#34;, queryMsg.callbackQueryID);
          ^~~~~~
          print
Multiple libraries were found for &#34;Ethernet.h&#34;
  Used: /home/ec2-user/arduino-testlib/cli-datadir/user/libraries/Ethernet
  Not used: /home/ec2-user/arduino-testlib/cli-datadir/user/libraries/EthernetENC
  Not used: /home/ec2-user/arduino-testlib/cli-datadir/user/libraries/UIPEthernet
Multiple libraries were found for &#34;ArduinoJson.h&#34;
  Used: /home/ec2-user/arduino-testlib/cli-datadir/user/libraries/ArduinoJson
  Not used: /home/ec2-user/arduino-testlib/cli-datadir/user/libraries/ThingESP
  Not used: /home/ec2-user/arduino-testlib/cli-datadir/user/libraries/ThingsIoT
  Not used: /home/ec2-user/arduino-testlib/cli-datadir/user/libraries/BaleMessengerBot_Arduino
  Not used: /home/ec2-user/arduino-testlib/cli-datadir/user/libraries/AllThingsTalk_LTE-M_SDK
  Not used: /home/ec2-user/arduino-testlib/cli-datadir/user/libraries/CMMC_MQTT_Connector
  Not used: /home/ec2-user/arduino-testlib/cli-datadir/user/libraries/CoogleIOT
  Not used: /home/ec2-user/arduino-testlib/cli-datadir/user/libraries/Antares_ESP8266_MQTT
  Not used: /home/ec2-user/arduino-testlib/cli-datadir/user/libraries/Antares_ESP8266_HTTP
</pre>
					
					<h4>examples/advanced</h4>
					<p>
						Result: <b>FAIL</b>
					</p>
					<pre class="pre-scrollable"></pre>
					
					<h4>examples/echoBot</h4>
					<p>
						Result: <b>FAIL</b>
					</p>
					<pre class="pre-scrollable">/home/ec2-user/arduino-testlib/cli-datadir/user/libraries/AsyncTelegram2/examples/echoBot/echoBot.ino:46:22: error: &#39;client&#39; was not declared in this scope
 AsyncTelegram2 myBot(client);
                      ^~~~~~
/home/ec2-user/arduino-testlib/cli-datadir/user/libraries/AsyncTelegram2/examples/echoBot/echoBot.ino:46:22: note: suggested alternative: &#39;dirent&#39;
 AsyncTelegram2 myBot(client);
                      ^~~~~~
                      dirent
/home/ec2-user/arduino-testlib/cli-datadir/user/libraries/AsyncTelegram2/examples/echoBot/echoBot.ino: In function &#39;void setup()&#39;:
/home/ec2-user/arduino-testlib/cli-datadir/user/libraries/AsyncTelegram2/examples/echoBot/echoBot.ino:62:3: error: &#39;WiFi&#39; was not declared in this scope
   WiFi.mode(WIFI_STA);
   ^~~~
/home/ec2-user/arduino-testlib/cli-datadir/user/libraries/AsyncTelegram2/examples/echoBot/echoBot.ino:62:13: error: &#39;WIFI_STA&#39; was not declared in this scope
   WiFi.mode(WIFI_STA);
             ^~~~~~~~
/home/ec2-user/arduino-testlib/cli-datadir/user/libraries/AsyncTelegram2/examples/echoBot/echoBot.ino:62:13: note: suggested alternative: &#39;I2C_SDA&#39;
   WiFi.mode(WIFI_STA);
             ^~~~~~~~
             I2C_SDA
/home/ec2-user/arduino-testlib/cli-datadir/user/libraries/AsyncTelegram2/examples/echoBot/echoBot.ino:65:27: error: &#39;WL_CONNECTED&#39; was not declared in this scope
   while (WiFi.status() != WL_CONNECTED) {
                           ^~~~~~~~~~~~
Multiple libraries were found for &#34;ArduinoJson.h&#34;
  Used: /home/ec2-user/arduino-testlib/cli-datadir/user/libraries/ArduinoJson
  Not used: /home/ec2-user/arduino-testlib/cli-datadir/user/libraries/Antares_ESP8266_MQTT
  Not used: /home/ec2-user/arduino-testlib/cli-datadir/user/libraries/AllThingsTalk_LTE-M_SDK
  Not used: /home/ec2-user/arduino-testlib/cli-datadir/user/libraries/BaleMessengerBot_Arduino
  Not used: /home/ec2-user/arduino-testlib/cli-datadir/user/libraries/Antares_ESP8266_HTTP
  Not used: /home/ec2-user/arduino-testlib/cli-datadir/user/libraries/CMMC_MQTT_Connector
  Not used: /home/ec2-user/arduino-testlib/cli-datadir/user/libraries/ThingESP
  Not used: /home/ec2-user/arduino-testlib/cli-datadir/user/libraries/CoogleIOT
  Not used: /home/ec2-user/arduino-testlib/cli-datadir/user/libraries/ThingsIoT
</pre>
					
					<h4>examples/keyboardCallback</h4>
					<p>
						Result: <b>FAIL</b>
					</p>
					<pre class="pre-scrollable">/home/ec2-user/arduino-testlib/cli-datadir/user/libraries/AsyncTelegram2/examples/keyboardCallback/keyboardCallback.ino:48:22: error: &#39;client&#39; was not declared in this scope
 AsyncTelegram2 myBot(client);
                      ^~~~~~
/home/ec2-user/arduino-testlib/cli-datadir/user/libraries/AsyncTelegram2/examples/keyboardCallback/keyboardCallback.ino:48:22: note: suggested alternative: &#39;dirent&#39;
 AsyncTelegram2 myBot(client);
                      ^~~~~~
                      dirent
/home/ec2-user/arduino-testlib/cli-datadir/user/libraries/AsyncTelegram2/examples/keyboardCallback/keyboardCallback.ino: In function &#39;void onPressed(const TBMessage&amp;)&#39;:
/home/ec2-user/arduino-testlib/cli-datadir/user/libraries/AsyncTelegram2/examples/keyboardCallback/keyboardCallback.ino:65:10: error: &#39;class arduino::UART&#39; has no member named &#39;printf&#39;; did you mean &#39;print&#39;?
   Serial.printf(&#34;\nON button pressed (callback);\nQueryId: %s\n\n&#34;, queryMsg.callbackQueryID);
          ^~~~~~
          print
/home/ec2-user/arduino-testlib/cli-datadir/user/libraries/AsyncTelegram2/examples/keyboardCallback/keyboardCallback.ino: In function &#39;void offPressed(const TBMessage&amp;)&#39;:
/home/ec2-user/arduino-testlib/cli-datadir/user/libraries/AsyncTelegram2/examples/keyboardCallback/keyboardCallback.ino:71:10: error: &#39;class arduino::UART&#39; has no member named &#39;printf&#39;; did you mean &#39;print&#39;?
   Serial.printf(&#34;\nOFF button pressed (callback); \nQueryId: %s\n\n&#34;, queryMsg.callbackQueryID);
          ^~~~~~
          print
/home/ec2-user/arduino-testlib/cli-datadir/user/libraries/AsyncTelegram2/examples/keyboardCallback/keyboardCallback.ino: In function &#39;void button1Pressed(const TBMessage&amp;)&#39;:
/home/ec2-user/arduino-testlib/cli-datadir/user/libraries/AsyncTelegram2/examples/keyboardCallback/keyboardCallback.ino:76:10: error: &#39;class arduino::UART&#39; has no member named &#39;printf&#39;; did you mean &#39;print&#39;?
   Serial.printf(&#34;\nButton 1 pressed (callback); \nQueryId: %s\n\n&#34;, queryMsg.callbackQueryID);
          ^~~~~~
          print
/home/ec2-user/arduino-testlib/cli-datadir/user/libraries/AsyncTelegram2/examples/keyboardCallback/keyboardCallback.ino: In function &#39;void button2Pressed(const TBMessage&amp;)&#39;:
/home/ec2-user/arduino-testlib/cli-datadir/user/libraries/AsyncTelegram2/examples/keyboardCallback/keyboardCallback.ino:81:10: error: &#39;class arduino::UART&#39; has no member named &#39;printf&#39;; did you mean &#39;print&#39;?
   Serial.printf(&#34;\nButton 2 pressed (callback); \nQueryId: %s\n\n&#34;, queryMsg.callbackQueryID);
          ^~~~~~
          print
/home/ec2-user/arduino-testlib/cli-datadir/user/libraries/AsyncTelegram2/examples/keyboardCallback/keyboardCallback.ino: In function &#39;void setup()&#39;:
/home/ec2-user/arduino-testlib/cli-datadir/user/libraries/AsyncTelegram2/examples/keyboardCallback/keyboardCallback.ino:92:3: error: &#39;WiFi&#39; was not declared in this scope
   WiFi.setAutoConnect(true);
   ^~~~
/home/ec2-user/arduino-testlib/cli-datadir/user/libraries/AsyncTelegram2/examples/keyboardCallback/keyboardCallback.ino:93:13: error: &#39;WIFI_STA&#39; was not declared in this scope
   WiFi.mode(WIFI_STA);
             ^~~~~~~~
/home/ec2-user/arduino-testlib/cli-datadir/user/libraries/AsyncTelegram2/examples/keyboardCallback/keyboardCallback.ino:93:13: note: suggested alternative: &#39;I2C_SDA&#39;
   WiFi.mode(WIFI_STA);
             ^~~~~~~~
             I2C_SDA
/home/ec2-user/arduino-testlib/cli-datadir/user/libraries/AsyncTelegram2/examples/keyboardCallback/keyboardCallback.ino:96:27: error: &#39;WL_CONNECTED&#39; was not declared in this scope
   while (WiFi.status() != WL_CONNECTED) {
                           ^~~~~~~~~~~~
/home/ec2-user/arduino-testlib/cli-datadir/user/libraries/AsyncTelegram2/examples/keyboardCallback/keyboardCallback.ino:135:10: error: &#39;class arduino::UART&#39; has no member named &#39;printf&#39;; did you mean &#39;print&#39;?
   Serial.printf(&#34;Added %d buttons to keyboard\n&#34;, myInlineKbd1.getButtonsNumber());
          ^~~~~~
          print
/home/ec2-user/arduino-testlib/cli-datadir/user/libraries/AsyncTelegram2/examples/keyboardCallback/keyboardCallback.ino:140:10: error: &#39;class arduino::UART&#39; has no member named &#39;printf&#39;; did you mean &#39;print&#39;?
   Serial.printf(&#34;Added %d buttons to keyboard\n&#34;, myInlineKbd2.getButtonsNumber());
          ^~~~~~
          print
Multiple libraries were found for &#34;ArduinoJson.h&#34;
  Used: /home/ec2-user/arduino-testlib/cli-datadir/user/libraries/ArduinoJson
  Not used: /home/ec2-user/arduino-testlib/cli-datadir/user/libraries/Antares_ESP8266_HTTP
  Not used: /home/ec2-user/arduino-testlib/cli-datadir/user/libraries/BaleMessengerBot_Arduino
  Not used: /home/ec2-user/arduino-testlib/cli-datadir/user/libraries/CMMC_MQTT_Connector
  Not used: /home/ec2-user/arduino-testlib/cli-datadir/user/libraries/AllThingsTalk_LTE-M_SDK
  Not used: /home/ec2-user/arduino-testlib/cli-datadir/user/libraries/ThingESP
  Not used: /home/ec2-user/arduino-testlib/cli-datadir/user/libraries/Antares_ESP8266_MQTT
  Not used: /home/ec2-user/arduino-testlib/cli-datadir/user/libraries/ThingsIoT
  Not used: /home/ec2-user/arduino-testlib/cli-datadir/user/libraries/CoogleIOT
</pre>
					
					<h4>examples/keyboards</h4>
					<p>
						Result: <b>FAIL</b>
					</p>
					<pre class="pre-scrollable">/home/ec2-user/arduino-testlib/cli-datadir/user/libraries/AsyncTelegram2/examples/keyboards/keyboards.ino:48:22: error: &#39;client&#39; was not declared in this scope
 AsyncTelegram2 myBot(client);
                      ^~~~~~
/home/ec2-user/arduino-testlib/cli-datadir/user/libraries/AsyncTelegram2/examples/keyboards/keyboards.ino:48:22: note: suggested alternative: &#39;dirent&#39;
 AsyncTelegram2 myBot(client);
                      ^~~~~~
                      dirent
/home/ec2-user/arduino-testlib/cli-datadir/user/libraries/AsyncTelegram2/examples/keyboards/keyboards.ino: In function &#39;void setup()&#39;:
/home/ec2-user/arduino-testlib/cli-datadir/user/libraries/AsyncTelegram2/examples/keyboards/keyboards.ino:69:3: error: &#39;WiFi&#39; was not declared in this scope
   WiFi.setAutoConnect(true);
   ^~~~
/home/ec2-user/arduino-testlib/cli-datadir/user/libraries/AsyncTelegram2/examples/keyboards/keyboards.ino:70:13: error: &#39;WIFI_STA&#39; was not declared in this scope
   WiFi.mode(WIFI_STA);
             ^~~~~~~~
/home/ec2-user/arduino-testlib/cli-datadir/user/libraries/AsyncTelegram2/examples/keyboards/keyboards.ino:70:13: note: suggested alternative: &#39;I2C_SDA&#39;
   WiFi.mode(WIFI_STA);
             ^~~~~~~~
             I2C_SDA
/home/ec2-user/arduino-testlib/cli-datadir/user/libraries/AsyncTelegram2/examples/keyboards/keyboards.ino:75:27: error: &#39;WL_CONNECTED&#39; was not declared in this scope
   while (WiFi.status() != WL_CONNECTED) {
                           ^~~~~~~~~~~~
Multiple libraries were found for &#34;ArduinoJson.h&#34;
  Used: /home/ec2-user/arduino-testlib/cli-datadir/user/libraries/ArduinoJson
  Not used: /home/ec2-user/arduino-testlib/cli-datadir/user/libraries/Antares_ESP8266_HTTP
  Not used: /home/ec2-user/arduino-testlib/cli-datadir/user/libraries/CoogleIOT
  Not used: /home/ec2-user/arduino-testlib/cli-datadir/user/libraries/AllThingsTalk_LTE-M_SDK
  Not used: /home/ec2-user/arduino-testlib/cli-datadir/user/libraries/Antares_ESP8266_MQTT
  Not used: /home/ec2-user/arduino-testlib/cli-datadir/user/libraries/BaleMessengerBot_Arduino
  Not used: /home/ec2-user/arduino-testlib/cli-datadir/user/libraries/ThingsIoT
  Not used: /home/ec2-user/arduino-testlib/cli-datadir/user/libraries/ThingESP
  Not used: /home/ec2-user/arduino-testlib/cli-datadir/user/libraries/CMMC_MQTT_Connector
</pre>
					
					<h4>examples/lightBot</h4>
					<p>
						Result: <b>FAIL</b>
					</p>
					<pre class="pre-scrollable">/home/ec2-user/arduino-testlib/cli-datadir/user/libraries/AsyncTelegram2/examples/lightBot/lightBot.ino:48:22: error: &#39;client&#39; was not declared in this scope
 AsyncTelegram2 myBot(client);
                      ^~~~~~
/home/ec2-user/arduino-testlib/cli-datadir/user/libraries/AsyncTelegram2/examples/lightBot/lightBot.ino:48:22: note: suggested alternative: &#39;dirent&#39;
 AsyncTelegram2 myBot(client);
                      ^~~~~~
                      dirent
/home/ec2-user/arduino-testlib/cli-datadir/user/libraries/AsyncTelegram2/examples/lightBot/lightBot.ino: In function &#39;void setup()&#39;:
/home/ec2-user/arduino-testlib/cli-datadir/user/libraries/AsyncTelegram2/examples/lightBot/lightBot.ino:64:3: error: &#39;WiFi&#39; was not declared in this scope
   WiFi.mode(WIFI_STA);
   ^~~~
/home/ec2-user/arduino-testlib/cli-datadir/user/libraries/AsyncTelegram2/examples/lightBot/lightBot.ino:64:13: error: &#39;WIFI_STA&#39; was not declared in this scope
   WiFi.mode(WIFI_STA);
             ^~~~~~~~
/home/ec2-user/arduino-testlib/cli-datadir/user/libraries/AsyncTelegram2/examples/lightBot/lightBot.ino:64:13: note: suggested alternative: &#39;I2C_SDA&#39;
   WiFi.mode(WIFI_STA);
             ^~~~~~~~
             I2C_SDA
/home/ec2-user/arduino-testlib/cli-datadir/user/libraries/AsyncTelegram2/examples/lightBot/lightBot.ino:67:27: error: &#39;WL_CONNECTED&#39; was not declared in this scope
   while (WiFi.status() != WL_CONNECTED) {
                           ^~~~~~~~~~~~
Multiple libraries were found for &#34;ArduinoJson.h&#34;
  Used: /home/ec2-user/arduino-testlib/cli-datadir/user/libraries/ArduinoJson
  Not used: /home/ec2-user/arduino-testlib/cli-datadir/user/libraries/Antares_ESP8266_MQTT
  Not used: /home/ec2-user/arduino-testlib/cli-datadir/user/libraries/Antares_ESP8266_HTTP
  Not used: /home/ec2-user/arduino-testlib/cli-datadir/user/libraries/ThingsIoT
  Not used: /home/ec2-user/arduino-testlib/cli-datadir/user/libraries/AllThingsTalk_LTE-M_SDK
  Not used: /home/ec2-user/arduino-testlib/cli-datadir/user/libraries/CoogleIOT
  Not used: /home/ec2-user/arduino-testlib/cli-datadir/user/libraries/CMMC_MQTT_Connector
  Not used: /home/ec2-user/arduino-testlib/cli-datadir/user/libraries/BaleMessengerBot_Arduino
  Not used: /home/ec2-user/arduino-testlib/cli-datadir/user/libraries/ThingESP
</pre>
					
					<h4>examples/sendMessageCallback</h4>
					<p>
						Result: <b>FAIL</b>
					</p>
					<pre class="pre-scrollable">/home/ec2-user/arduino-testlib/cli-datadir/user/libraries/AsyncTelegram2/examples/sendMessageCallback/sendMessageCallback.ino:29:22: error: &#39;client&#39; was not declared in this scope
 AsyncTelegram2 myBot(client);
                      ^~~~~~
/home/ec2-user/arduino-testlib/cli-datadir/user/libraries/AsyncTelegram2/examples/sendMessageCallback/sendMessageCallback.ino:29:22: note: suggested alternative: &#39;dirent&#39;
 AsyncTelegram2 myBot(client);
                      ^~~~~~
                      dirent
/home/ec2-user/arduino-testlib/cli-datadir/user/libraries/AsyncTelegram2/examples/sendMessageCallback/sendMessageCallback.ino: In function &#39;void setup()&#39;:
/home/ec2-user/arduino-testlib/cli-datadir/user/libraries/AsyncTelegram2/examples/sendMessageCallback/sendMessageCallback.ino:57:3: error: &#39;WiFi&#39; was not declared in this scope
   WiFi.mode(WIFI_STA);
   ^~~~
/home/ec2-user/arduino-testlib/cli-datadir/user/libraries/AsyncTelegram2/examples/sendMessageCallback/sendMessageCallback.ino:57:13: error: &#39;WIFI_STA&#39; was not declared in this scope
   WiFi.mode(WIFI_STA);
             ^~~~~~~~
/home/ec2-user/arduino-testlib/cli-datadir/user/libraries/AsyncTelegram2/examples/sendMessageCallback/sendMessageCallback.ino:57:13: note: suggested alternative: &#39;I2C_SDA&#39;
   WiFi.mode(WIFI_STA);
             ^~~~~~~~
             I2C_SDA
/home/ec2-user/arduino-testlib/cli-datadir/user/libraries/AsyncTelegram2/examples/sendMessageCallback/sendMessageCallback.ino:60:27: error: &#39;WL_CONNECTED&#39; was not declared in this scope
   while (WiFi.status() != WL_CONNECTED) {
                           ^~~~~~~~~~~~
Multiple libraries were found for &#34;ArduinoJson.h&#34;
  Used: /home/ec2-user/arduino-testlib/cli-datadir/user/libraries/ArduinoJson
  Not used: /home/ec2-user/arduino-testlib/cli-datadir/user/libraries/CoogleIOT
  Not used: /home/ec2-user/arduino-testlib/cli-datadir/user/libraries/ThingsIoT
  Not used: /home/ec2-user/arduino-testlib/cli-datadir/user/libraries/AllThingsTalk_LTE-M_SDK
  Not used: /home/ec2-user/arduino-testlib/cli-datadir/user/libraries/BaleMessengerBot_Arduino
  Not used: /home/ec2-user/arduino-testlib/cli-datadir/user/libraries/ThingESP
  Not used: /home/ec2-user/arduino-testlib/cli-datadir/user/libraries/Antares_ESP8266_HTTP
  Not used: /home/ec2-user/arduino-testlib/cli-datadir/user/libraries/Antares_ESP8266_MQTT
  Not used: /home/ec2-user/arduino-testlib/cli-datadir/user/libraries/CMMC_MQTT_Connector
</pre>
					
					<h4>examples/sendPhoto</h4>
					<p>
						Result: <b>FAIL</b>
					</p>
					<pre class="pre-scrollable">/home/ec2-user/arduino-testlib/cli-datadir/user/libraries/AsyncTelegram2/examples/sendPhoto/sendPhoto.ino:13:10: fatal error: FS.h: No such file or directory
 #include &lt;FS.h&gt;
          ^~~~~~
compilation terminated.

</pre>
					
				
				<h3 id="arduino:megaavr:nona4809">arduino:megaavr:nona4809 @ 1.8.7</h3>
				<h4>Inclusion</h4>
				<p>
					Result: <b>FAIL</b>
					
				</p>
				<pre class="pre-scrollable">In file included from /home/ec2-user/arduino-testlib/cli-datadir/user/libraries/AsyncTelegram2/src/AsyncTelegram2.h:49:0,
                 from /tmp/arduino-testlib3651596961/test/test.ino:1:
/home/ec2-user/arduino-testlib/cli-datadir/user/libraries/AsyncTelegram2/src/InlineKeyboard.h:8:10: fatal error: functional: No such file or directory
 #include &lt;functional&gt;
          ^~~~~~~~~~~~
compilation terminated.
Multiple libraries were found for &#34;ArduinoJson.h&#34;
  Used: /home/ec2-user/arduino-testlib/cli-datadir/user/libraries/ArduinoJson
  Not used: /home/ec2-user/arduino-testlib/cli-datadir/user/libraries/Antares_ESP8266_HTTP
  Not used: /home/ec2-user/arduino-testlib/cli-datadir/user/libraries/CoogleIOT
  Not used: /home/ec2-user/arduino-testlib/cli-datadir/user/libraries/Antares_ESP8266_MQTT
  Not used: /home/ec2-user/arduino-testlib/cli-datadir/user/libraries/ThingESP
  Not used: /home/ec2-user/arduino-testlib/cli-datadir/user/libraries/BaleMessengerBot_Arduino
  Not used: /home/ec2-user/arduino-testlib/cli-datadir/user/libraries/ThingsIoT
  Not used: /home/ec2-user/arduino-testlib/cli-datadir/user/libraries/AllThingsTalk_LTE-M_SDK
  Not used: /home/ec2-user/arduino-testlib/cli-datadir/user/libraries/CMMC_MQTT_Connector
</pre>

					
					<h4>examples/ESP32</h4>
					<p>
						Result: <b>FAIL</b>
					</p>
					<pre class="pre-scrollable"></pre>
					
					<h4>examples/ESP8266</h4>
					<p>
						Result: <b>FAIL</b>
					</p>
					<pre class="pre-scrollable"></pre>
					
					<h4>examples/Ethernet</h4>
					<p>
						Result: <b>FAIL</b>
					</p>
					<pre class="pre-scrollable">In file included from /home/ec2-user/arduino-testlib/cli-datadir/user/libraries/SSLClient/src/SSLClient.h:23:0,
                 from /home/ec2-user/arduino-testlib/cli-datadir/user/libraries/AsyncTelegram2/examples/Ethernet/Ethernet.ino:3:
/home/ec2-user/arduino-testlib/cli-datadir/user/libraries/SSLClient/src/SSLClientParameters.h:31:10: fatal error: vector: No such file or directory
 #include &lt;vector&gt;
          ^~~~~~~~
compilation terminated.
Multiple libraries were found for &#34;Ethernet.h&#34;
  Used: /home/ec2-user/arduino-testlib/cli-datadir/user/libraries/Ethernet
  Not used: /home/ec2-user/arduino-testlib/cli-datadir/user/libraries/UIPEthernet
  Not used: /home/ec2-user/arduino-testlib/cli-datadir/user/libraries/EthernetENC
</pre>
					
					<h4>examples/advanced</h4>
					<p>
						Result: <b>FAIL</b>
					</p>
					<pre class="pre-scrollable"></pre>
					
					<h4>examples/echoBot</h4>
					<p>
						Result: <b>FAIL</b>
					</p>
					<pre class="pre-scrollable">In file included from /home/ec2-user/arduino-testlib/cli-datadir/user/libraries/AsyncTelegram2/src/AsyncTelegram2.h:49:0,
                 from /home/ec2-user/arduino-testlib/cli-datadir/user/libraries/AsyncTelegram2/examples/echoBot/echoBot.ino:20:
/home/ec2-user/arduino-testlib/cli-datadir/user/libraries/AsyncTelegram2/src/InlineKeyboard.h:8:10: fatal error: functional: No such file or directory
 #include &lt;functional&gt;
          ^~~~~~~~~~~~
compilation terminated.
Multiple libraries were found for &#34;ArduinoJson.h&#34;
  Used: /home/ec2-user/arduino-testlib/cli-datadir/user/libraries/ArduinoJson
  Not used: /home/ec2-user/arduino-testlib/cli-datadir/user/libraries/ThingsIoT
  Not used: /home/ec2-user/arduino-testlib/cli-datadir/user/libraries/CMMC_MQTT_Connector
  Not used: /home/ec2-user/arduino-testlib/cli-datadir/user/libraries/AllThingsTalk_LTE-M_SDK
  Not used: /home/ec2-user/arduino-testlib/cli-datadir/user/libraries/ThingESP
  Not used: /home/ec2-user/arduino-testlib/cli-datadir/user/libraries/Antares_ESP8266_MQTT
  Not used: /home/ec2-user/arduino-testlib/cli-datadir/user/libraries/BaleMessengerBot_Arduino
  Not used: /home/ec2-user/arduino-testlib/cli-datadir/user/libraries/Antares_ESP8266_HTTP
  Not used: /home/ec2-user/arduino-testlib/cli-datadir/user/libraries/CoogleIOT
</pre>
					
					<h4>examples/keyboardCallback</h4>
					<p>
						Result: <b>FAIL</b>
					</p>
					<pre class="pre-scrollable">In file included from /home/ec2-user/arduino-testlib/cli-datadir/user/libraries/AsyncTelegram2/src/AsyncTelegram2.h:49:0,
                 from /home/ec2-user/arduino-testlib/cli-datadir/user/libraries/AsyncTelegram2/examples/keyboardCallback/keyboardCallback.ino:21:
/home/ec2-user/arduino-testlib/cli-datadir/user/libraries/AsyncTelegram2/src/InlineKeyboard.h:8:10: fatal error: functional: No such file or directory
 #include &lt;functional&gt;
          ^~~~~~~~~~~~
compilation terminated.
Multiple libraries were found for &#34;ArduinoJson.h&#34;
  Used: /home/ec2-user/arduino-testlib/cli-datadir/user/libraries/ArduinoJson
  Not used: /home/ec2-user/arduino-testlib/cli-datadir/user/libraries/CoogleIOT
  Not used: /home/ec2-user/arduino-testlib/cli-datadir/user/libraries/ThingsIoT
  Not used: /home/ec2-user/arduino-testlib/cli-datadir/user/libraries/Antares_ESP8266_HTTP
  Not used: /home/ec2-user/arduino-testlib/cli-datadir/user/libraries/BaleMessengerBot_Arduino
  Not used: /home/ec2-user/arduino-testlib/cli-datadir/user/libraries/Antares_ESP8266_MQTT
  Not used: /home/ec2-user/arduino-testlib/cli-datadir/user/libraries/ThingESP
  Not used: /home/ec2-user/arduino-testlib/cli-datadir/user/libraries/AllThingsTalk_LTE-M_SDK
  Not used: /home/ec2-user/arduino-testlib/cli-datadir/user/libraries/CMMC_MQTT_Connector
</pre>
					
					<h4>examples/keyboards</h4>
					<p>
						Result: <b>FAIL</b>
					</p>
					<pre class="pre-scrollable">In file included from /home/ec2-user/arduino-testlib/cli-datadir/user/libraries/AsyncTelegram2/src/AsyncTelegram2.h:49:0,
                 from /home/ec2-user/arduino-testlib/cli-datadir/user/libraries/AsyncTelegram2/examples/keyboards/keyboards.ino:22:
/home/ec2-user/arduino-testlib/cli-datadir/user/libraries/AsyncTelegram2/src/InlineKeyboard.h:8:10: fatal error: functional: No such file or directory
 #include &lt;functional&gt;
          ^~~~~~~~~~~~
compilation terminated.
Multiple libraries were found for &#34;ArduinoJson.h&#34;
  Used: /home/ec2-user/arduino-testlib/cli-datadir/user/libraries/ArduinoJson
  Not used: /home/ec2-user/arduino-testlib/cli-datadir/user/libraries/CMMC_MQTT_Connector
  Not used: /home/ec2-user/arduino-testlib/cli-datadir/user/libraries/ThingESP
  Not used: /home/ec2-user/arduino-testlib/cli-datadir/user/libraries/ThingsIoT
  Not used: /home/ec2-user/arduino-testlib/cli-datadir/user/libraries/Antares_ESP8266_MQTT
  Not used: /home/ec2-user/arduino-testlib/cli-datadir/user/libraries/CoogleIOT
  Not used: /home/ec2-user/arduino-testlib/cli-datadir/user/libraries/AllThingsTalk_LTE-M_SDK
  Not used: /home/ec2-user/arduino-testlib/cli-datadir/user/libraries/BaleMessengerBot_Arduino
  Not used: /home/ec2-user/arduino-testlib/cli-datadir/user/libraries/Antares_ESP8266_HTTP
</pre>
					
					<h4>examples/lightBot</h4>
					<p>
						Result: <b>FAIL</b>
					</p>
					<pre class="pre-scrollable">In file included from /home/ec2-user/arduino-testlib/cli-datadir/user/libraries/AsyncTelegram2/src/AsyncTelegram2.h:49:0,
                 from /home/ec2-user/arduino-testlib/cli-datadir/user/libraries/AsyncTelegram2/examples/lightBot/lightBot.ino:22:
/home/ec2-user/arduino-testlib/cli-datadir/user/libraries/AsyncTelegram2/src/InlineKeyboard.h:8:10: fatal error: functional: No such file or directory
 #include &lt;functional&gt;
          ^~~~~~~~~~~~
compilation terminated.
Multiple libraries were found for &#34;ArduinoJson.h&#34;
  Used: /home/ec2-user/arduino-testlib/cli-datadir/user/libraries/ArduinoJson
  Not used: /home/ec2-user/arduino-testlib/cli-datadir/user/libraries/CMMC_MQTT_Connector
  Not used: /home/ec2-user/arduino-testlib/cli-datadir/user/libraries/ThingsIoT
  Not used: /home/ec2-user/arduino-testlib/cli-datadir/user/libraries/AllThingsTalk_LTE-M_SDK
  Not used: /home/ec2-user/arduino-testlib/cli-datadir/user/libraries/Antares_ESP8266_MQTT
  Not used: /home/ec2-user/arduino-testlib/cli-datadir/user/libraries/Antares_ESP8266_HTTP
  Not used: /home/ec2-user/arduino-testlib/cli-datadir/user/libraries/BaleMessengerBot_Arduino
  Not used: /home/ec2-user/arduino-testlib/cli-datadir/user/libraries/ThingESP
  Not used: /home/ec2-user/arduino-testlib/cli-datadir/user/libraries/CoogleIOT
</pre>
					
					<h4>examples/sendMessageCallback</h4>
					<p>
						Result: <b>FAIL</b>
					</p>
					<pre class="pre-scrollable">In file included from /home/ec2-user/arduino-testlib/cli-datadir/user/libraries/AsyncTelegram2/src/AsyncTelegram2.h:49:0,
                 from /home/ec2-user/arduino-testlib/cli-datadir/user/libraries/AsyncTelegram2/examples/sendMessageCallback/sendMessageCallback.ino:11:
/home/ec2-user/arduino-testlib/cli-datadir/user/libraries/AsyncTelegram2/src/InlineKeyboard.h:8:10: fatal error: functional: No such file or directory
 #include &lt;functional&gt;
          ^~~~~~~~~~~~
compilation terminated.
Multiple libraries were found for &#34;ArduinoJson.h&#34;
  Used: /home/ec2-user/arduino-testlib/cli-datadir/user/libraries/ArduinoJson
  Not used: /home/ec2-user/arduino-testlib/cli-datadir/user/libraries/BaleMessengerBot_Arduino
  Not used: /home/ec2-user/arduino-testlib/cli-datadir/user/libraries/AllThingsTalk_LTE-M_SDK
  Not used: /home/ec2-user/arduino-testlib/cli-datadir/user/libraries/Antares_ESP8266_MQTT
  Not used: /home/ec2-user/arduino-testlib/cli-datadir/user/libraries/ThingESP
  Not used: /home/ec2-user/arduino-testlib/cli-datadir/user/libraries/CoogleIOT
  Not used: /home/ec2-user/arduino-testlib/cli-datadir/user/libraries/CMMC_MQTT_Connector
  Not used: /home/ec2-user/arduino-testlib/cli-datadir/user/libraries/ThingsIoT
  Not used: /home/ec2-user/arduino-testlib/cli-datadir/user/libraries/Antares_ESP8266_HTTP
</pre>
					
					<h4>examples/sendPhoto</h4>
					<p>
						Result: <b>FAIL</b>
					</p>
					<pre class="pre-scrollable">/home/ec2-user/arduino-testlib/cli-datadir/user/libraries/AsyncTelegram2/examples/sendPhoto/sendPhoto.ino:13:10: fatal error: FS.h: No such file or directory
 #include &lt;FS.h&gt;
          ^~~~~~
compilation terminated.

</pre>
					
				
				<h3 id="arduino:samd:mkrwifi1010">arduino:samd:mkrwifi1010 @ 1.8.12</h3>
				<h4>Inclusion</h4>
				<p>
					Result: <b>FAIL</b>
					
				</p>
				<pre class="pre-scrollable">Multiple libraries were found for &#34;ArduinoJson.h&#34;
  Used: /Users/alranel/Documents/git/arduino/arduino-testlib/cli-datadir/user/libraries/ArduinoJson
  Not used: /Users/alranel/Documents/git/arduino/arduino-testlib/cli-datadir/user/libraries/Antares_ESP8266_HTTP
  Not used: /Users/alranel/Documents/git/arduino/arduino-testlib/cli-datadir/user/libraries/BaleMessengerBot_Arduino
  Not used: /Users/alranel/Documents/git/arduino/arduino-testlib/cli-datadir/user/libraries/CMMC_MQTT_Connector
  Not used: /Users/alranel/Documents/git/arduino/arduino-testlib/cli-datadir/user/libraries/ThingESP
  Not used: /Users/alranel/Documents/git/arduino/arduino-testlib/cli-datadir/user/libraries/AllThingsTalk_LTE-M_SDK
  Not used: /Users/alranel/Documents/git/arduino/arduino-testlib/cli-datadir/user/libraries/CoogleIOT
  Not used: /Users/alranel/Documents/git/arduino/arduino-testlib/cli-datadir/user/libraries/ThingsIoT
  Not used: /Users/alranel/Documents/git/arduino/arduino-testlib/cli-datadir/user/libraries/Antares_ESP8266_MQTT
</pre>

					
					<h4>examples/ESP32</h4>
					<p>
						Result: <b>FAIL</b>
					</p>
					<pre class="pre-scrollable"></pre>
					
					<h4>examples/ESP8266</h4>
					<p>
						Result: <b>FAIL</b>
					</p>
					<pre class="pre-scrollable"></pre>
					
					<h4>examples/Ethernet</h4>
					<p>
						Result: <b>FAIL</b>
					</p>
					<pre class="pre-scrollable">/Users/alranel/Documents/git/arduino/arduino-testlib/cli-datadir/user/libraries/AsyncTelegram2/examples/Ethernet/Ethernet.ino: In function &#39;void button1Pressed(const TBMessage&amp;)&#39;:
/Users/alranel/Documents/git/arduino/arduino-testlib/cli-datadir/user/libraries/AsyncTelegram2/examples/Ethernet/Ethernet.ino:35:10: error: &#39;class Serial_&#39; has no member named &#39;printf&#39;; did you mean &#39;print&#39;?
   Serial.printf(&#34;\nButton 1 pressed (callback); \nQueryId: %s\n\n&#34;, queryMsg.callbackQueryID);
          ^~~~~~
          print
/Users/alranel/Documents/git/arduino/arduino-testlib/cli-datadir/user/libraries/AsyncTelegram2/examples/Ethernet/Ethernet.ino: In function &#39;void button2Pressed(const TBMessage&amp;)&#39;:
/Users/alranel/Documents/git/arduino/arduino-testlib/cli-datadir/user/libraries/AsyncTelegram2/examples/Ethernet/Ethernet.ino:40:10: error: &#39;class Serial_&#39; has no member named &#39;printf&#39;; did you mean &#39;print&#39;?
   Serial.printf(&#34;\nButton 2 pressed (callback); \nQueryId: %s\n\n&#34;, queryMsg.callbackQueryID);
          ^~~~~~
          print
Multiple libraries were found for &#34;Ethernet.h&#34;
  Used: /Users/alranel/Documents/git/arduino/arduino-testlib/cli-datadir/user/libraries/Ethernet
  Not used: /Users/alranel/Documents/git/arduino/arduino-testlib/cli-datadir/user/libraries/EthernetENC
  Not used: /Users/alranel/Documents/git/arduino/arduino-testlib/cli-datadir/user/libraries/UIPEthernet
Multiple libraries were found for &#34;ArduinoJson.h&#34;
  Used: /Users/alranel/Documents/git/arduino/arduino-testlib/cli-datadir/user/libraries/ArduinoJson
  Not used: /Users/alranel/Documents/git/arduino/arduino-testlib/cli-datadir/user/libraries/ThingsIoT
  Not used: /Users/alranel/Documents/git/arduino/arduino-testlib/cli-datadir/user/libraries/Antares_ESP8266_HTTP
  Not used: /Users/alranel/Documents/git/arduino/arduino-testlib/cli-datadir/user/libraries/AllThingsTalk_LTE-M_SDK
  Not used: /Users/alranel/Documents/git/arduino/arduino-testlib/cli-datadir/user/libraries/CMMC_MQTT_Connector
  Not used: /Users/alranel/Documents/git/arduino/arduino-testlib/cli-datadir/user/libraries/Antares_ESP8266_MQTT
  Not used: /Users/alranel/Documents/git/arduino/arduino-testlib/cli-datadir/user/libraries/BaleMessengerBot_Arduino
  Not used: /Users/alranel/Documents/git/arduino/arduino-testlib/cli-datadir/user/libraries/ThingESP
  Not used: /Users/alranel/Documents/git/arduino/arduino-testlib/cli-datadir/user/libraries/CoogleIOT
</pre>
					
					<h4>examples/advanced</h4>
					<p>
						Result: <b>FAIL</b>
					</p>
					<pre class="pre-scrollable"></pre>
					
					<h4>examples/echoBot</h4>
					<p>
						Result: <b>FAIL</b>
					</p>
					<pre class="pre-scrollable">/Users/alranel/Documents/git/arduino/arduino-testlib/cli-datadir/user/libraries/AsyncTelegram2/examples/echoBot/echoBot.ino:46:22: error: &#39;client&#39; was not declared in this scope
 AsyncTelegram2 myBot(client);
                      ^~~~~~
/Users/alranel/Documents/git/arduino/arduino-testlib/cli-datadir/user/libraries/AsyncTelegram2/examples/echoBot/echoBot.ino:46:22: note: suggested alternative: &#39;uint&#39;
 AsyncTelegram2 myBot(client);
                      ^~~~~~
                      uint
/Users/alranel/Documents/git/arduino/arduino-testlib/cli-datadir/user/libraries/AsyncTelegram2/examples/echoBot/echoBot.ino: In function &#39;void setup()&#39;:
/Users/alranel/Documents/git/arduino/arduino-testlib/cli-datadir/user/libraries/AsyncTelegram2/examples/echoBot/echoBot.ino:62:3: error: &#39;WiFi&#39; was not declared in this scope
   WiFi.mode(WIFI_STA);
   ^~~~
/Users/alranel/Documents/git/arduino/arduino-testlib/cli-datadir/user/libraries/AsyncTelegram2/examples/echoBot/echoBot.ino:62:13: error: &#39;WIFI_STA&#39; was not declared in this scope
   WiFi.mode(WIFI_STA);
             ^~~~~~~~
/Users/alranel/Documents/git/arduino/arduino-testlib/cli-datadir/user/libraries/AsyncTelegram2/examples/echoBot/echoBot.ino:65:27: error: &#39;WL_CONNECTED&#39; was not declared in this scope
   while (WiFi.status() != WL_CONNECTED) {
                           ^~~~~~~~~~~~
/Users/alranel/Documents/git/arduino/arduino-testlib/cli-datadir/user/libraries/AsyncTelegram2/examples/echoBot/echoBot.ino:65:27: note: suggested alternative: &#39;UHD_STATE_CONNECTED&#39;
   while (WiFi.status() != WL_CONNECTED) {
                           ^~~~~~~~~~~~
                           UHD_STATE_CONNECTED
Multiple libraries were found for &#34;ArduinoJson.h&#34;
  Used: /Users/alranel/Documents/git/arduino/arduino-testlib/cli-datadir/user/libraries/ArduinoJson
  Not used: /Users/alranel/Documents/git/arduino/arduino-testlib/cli-datadir/user/libraries/ThingESP
  Not used: /Users/alranel/Documents/git/arduino/arduino-testlib/cli-datadir/user/libraries/Antares_ESP8266_HTTP
  Not used: /Users/alranel/Documents/git/arduino/arduino-testlib/cli-datadir/user/libraries/Antares_ESP8266_MQTT
  Not used: /Users/alranel/Documents/git/arduino/arduino-testlib/cli-datadir/user/libraries/CMMC_MQTT_Connector
  Not used: /Users/alranel/Documents/git/arduino/arduino-testlib/cli-datadir/user/libraries/CoogleIOT
  Not used: /Users/alranel/Documents/git/arduino/arduino-testlib/cli-datadir/user/libraries/ThingsIoT
  Not used: /Users/alranel/Documents/git/arduino/arduino-testlib/cli-datadir/user/libraries/BaleMessengerBot_Arduino
  Not used: /Users/alranel/Documents/git/arduino/arduino-testlib/cli-datadir/user/libraries/AllThingsTalk_LTE-M_SDK
</pre>
					
					<h4>examples/keyboardCallback</h4>
					<p>
						Result: <b>FAIL</b>
					</p>
					<pre class="pre-scrollable">/Users/alranel/Documents/git/arduino/arduino-testlib/cli-datadir/user/libraries/AsyncTelegram2/examples/keyboardCallback/keyboardCallback.ino:48:22: error: &#39;client&#39; was not declared in this scope
 AsyncTelegram2 myBot(client);
                      ^~~~~~
/Users/alranel/Documents/git/arduino/arduino-testlib/cli-datadir/user/libraries/AsyncTelegram2/examples/keyboardCallback/keyboardCallback.ino:48:22: note: suggested alternative: &#39;uint&#39;
 AsyncTelegram2 myBot(client);
                      ^~~~~~
                      uint
/Users/alranel/Documents/git/arduino/arduino-testlib/cli-datadir/user/libraries/AsyncTelegram2/examples/keyboardCallback/keyboardCallback.ino: In function &#39;void onPressed(const TBMessage&amp;)&#39;:
/Users/alranel/Documents/git/arduino/arduino-testlib/cli-datadir/user/libraries/AsyncTelegram2/examples/keyboardCallback/keyboardCallback.ino:65:10: error: &#39;class Serial_&#39; has no member named &#39;printf&#39;; did you mean &#39;print&#39;?
   Serial.printf(&#34;\nON button pressed (callback);\nQueryId: %s\n\n&#34;, queryMsg.callbackQueryID);
          ^~~~~~
          print
/Users/alranel/Documents/git/arduino/arduino-testlib/cli-datadir/user/libraries/AsyncTelegram2/examples/keyboardCallback/keyboardCallback.ino: In function &#39;void offPressed(const TBMessage&amp;)&#39;:
/Users/alranel/Documents/git/arduino/arduino-testlib/cli-datadir/user/libraries/AsyncTelegram2/examples/keyboardCallback/keyboardCallback.ino:71:10: error: &#39;class Serial_&#39; has no member named &#39;printf&#39;; did you mean &#39;print&#39;?
   Serial.printf(&#34;\nOFF button pressed (callback); \nQueryId: %s\n\n&#34;, queryMsg.callbackQueryID);
          ^~~~~~
          print
/Users/alranel/Documents/git/arduino/arduino-testlib/cli-datadir/user/libraries/AsyncTelegram2/examples/keyboardCallback/keyboardCallback.ino: In function &#39;void button1Pressed(const TBMessage&amp;)&#39;:
/Users/alranel/Documents/git/arduino/arduino-testlib/cli-datadir/user/libraries/AsyncTelegram2/examples/keyboardCallback/keyboardCallback.ino:76:10: error: &#39;class Serial_&#39; has no member named &#39;printf&#39;; did you mean &#39;print&#39;?
   Serial.printf(&#34;\nButton 1 pressed (callback); \nQueryId: %s\n\n&#34;, queryMsg.callbackQueryID);
          ^~~~~~
          print
/Users/alranel/Documents/git/arduino/arduino-testlib/cli-datadir/user/libraries/AsyncTelegram2/examples/keyboardCallback/keyboardCallback.ino: In function &#39;void button2Pressed(const TBMessage&amp;)&#39;:
/Users/alranel/Documents/git/arduino/arduino-testlib/cli-datadir/user/libraries/AsyncTelegram2/examples/keyboardCallback/keyboardCallback.ino:81:10: error: &#39;class Serial_&#39; has no member named &#39;printf&#39;; did you mean &#39;print&#39;?
   Serial.printf(&#34;\nButton 2 pressed (callback); \nQueryId: %s\n\n&#34;, queryMsg.callbackQueryID);
          ^~~~~~
          print
/Users/alranel/Documents/git/arduino/arduino-testlib/cli-datadir/user/libraries/AsyncTelegram2/examples/keyboardCallback/keyboardCallback.ino: In function &#39;void setup()&#39;:
/Users/alranel/Documents/git/arduino/arduino-testlib/cli-datadir/user/libraries/AsyncTelegram2/examples/keyboardCallback/keyboardCallback.ino:92:3: error: &#39;WiFi&#39; was not declared in this scope
   WiFi.setAutoConnect(true);
   ^~~~
/Users/alranel/Documents/git/arduino/arduino-testlib/cli-datadir/user/libraries/AsyncTelegram2/examples/keyboardCallback/keyboardCallback.ino:93:13: error: &#39;WIFI_STA&#39; was not declared in this scope
   WiFi.mode(WIFI_STA);
             ^~~~~~~~
/Users/alranel/Documents/git/arduino/arduino-testlib/cli-datadir/user/libraries/AsyncTelegram2/examples/keyboardCallback/keyboardCallback.ino:96:27: error: &#39;WL_CONNECTED&#39; was not declared in this scope
   while (WiFi.status() != WL_CONNECTED) {
                           ^~~~~~~~~~~~
/Users/alranel/Documents/git/arduino/arduino-testlib/cli-datadir/user/libraries/AsyncTelegram2/examples/keyboardCallback/keyboardCallback.ino:96:27: note: suggested alternative: &#39;UHD_STATE_CONNECTED&#39;
   while (WiFi.status() != WL_CONNECTED) {
                           ^~~~~~~~~~~~
                           UHD_STATE_CONNECTED
/Users/alranel/Documents/git/arduino/arduino-testlib/cli-datadir/user/libraries/AsyncTelegram2/examples/keyboardCallback/keyboardCallback.ino:135:10: error: &#39;class Serial_&#39; has no member named &#39;printf&#39;; did you mean &#39;print&#39;?
   Serial.printf(&#34;Added %d buttons to keyboard\n&#34;, myInlineKbd1.getButtonsNumber());
          ^~~~~~
          print
/Users/alranel/Documents/git/arduino/arduino-testlib/cli-datadir/user/libraries/AsyncTelegram2/examples/keyboardCallback/keyboardCallback.ino:140:10: error: &#39;class Serial_&#39; has no member named &#39;printf&#39;; did you mean &#39;print&#39;?
   Serial.printf(&#34;Added %d buttons to keyboard\n&#34;, myInlineKbd2.getButtonsNumber());
          ^~~~~~
          print
Multiple libraries were found for &#34;ArduinoJson.h&#34;
  Used: /Users/alranel/Documents/git/arduino/arduino-testlib/cli-datadir/user/libraries/ArduinoJson
  Not used: /Users/alranel/Documents/git/arduino/arduino-testlib/cli-datadir/user/libraries/CMMC_MQTT_Connector
  Not used: /Users/alranel/Documents/git/arduino/arduino-testlib/cli-datadir/user/libraries/ThingESP
  Not used: /Users/alranel/Documents/git/arduino/arduino-testlib/cli-datadir/user/libraries/AllThingsTalk_LTE-M_SDK
  Not used: /Users/alranel/Documents/git/arduino/arduino-testlib/cli-datadir/user/libraries/ThingsIoT
  Not used: /Users/alranel/Documents/git/arduino/arduino-testlib/cli-datadir/user/libraries/BaleMessengerBot_Arduino
  Not used: /Users/alranel/Documents/git/arduino/arduino-testlib/cli-datadir/user/libraries/Antares_ESP8266_MQTT
  Not used: /Users/alranel/Documents/git/arduino/arduino-testlib/cli-datadir/user/libraries/Antares_ESP8266_HTTP
  Not used: /Users/alranel/Documents/git/arduino/arduino-testlib/cli-datadir/user/libraries/CoogleIOT
</pre>
					
					<h4>examples/keyboards</h4>
					<p>
						Result: <b>FAIL</b>
					</p>
					<pre class="pre-scrollable">/Users/alranel/Documents/git/arduino/arduino-testlib/cli-datadir/user/libraries/AsyncTelegram2/examples/keyboards/keyboards.ino:48:22: error: &#39;client&#39; was not declared in this scope
 AsyncTelegram2 myBot(client);
                      ^~~~~~
/Users/alranel/Documents/git/arduino/arduino-testlib/cli-datadir/user/libraries/AsyncTelegram2/examples/keyboards/keyboards.ino:48:22: note: suggested alternative: &#39;uint&#39;
 AsyncTelegram2 myBot(client);
                      ^~~~~~
                      uint
/Users/alranel/Documents/git/arduino/arduino-testlib/cli-datadir/user/libraries/AsyncTelegram2/examples/keyboards/keyboards.ino: In function &#39;void setup()&#39;:
/Users/alranel/Documents/git/arduino/arduino-testlib/cli-datadir/user/libraries/AsyncTelegram2/examples/keyboards/keyboards.ino:69:3: error: &#39;WiFi&#39; was not declared in this scope
   WiFi.setAutoConnect(true);
   ^~~~
/Users/alranel/Documents/git/arduino/arduino-testlib/cli-datadir/user/libraries/AsyncTelegram2/examples/keyboards/keyboards.ino:70:13: error: &#39;WIFI_STA&#39; was not declared in this scope
   WiFi.mode(WIFI_STA);
             ^~~~~~~~
/Users/alranel/Documents/git/arduino/arduino-testlib/cli-datadir/user/libraries/AsyncTelegram2/examples/keyboards/keyboards.ino:75:27: error: &#39;WL_CONNECTED&#39; was not declared in this scope
   while (WiFi.status() != WL_CONNECTED) {
                           ^~~~~~~~~~~~
/Users/alranel/Documents/git/arduino/arduino-testlib/cli-datadir/user/libraries/AsyncTelegram2/examples/keyboards/keyboards.ino:75:27: note: suggested alternative: &#39;UHD_STATE_CONNECTED&#39;
   while (WiFi.status() != WL_CONNECTED) {
                           ^~~~~~~~~~~~
                           UHD_STATE_CONNECTED
Multiple libraries were found for &#34;ArduinoJson.h&#34;
  Used: /Users/alranel/Documents/git/arduino/arduino-testlib/cli-datadir/user/libraries/ArduinoJson
  Not used: /Users/alranel/Documents/git/arduino/arduino-testlib/cli-datadir/user/libraries/ThingsIoT
  Not used: /Users/alranel/Documents/git/arduino/arduino-testlib/cli-datadir/user/libraries/ThingESP
  Not used: /Users/alranel/Documents/git/arduino/arduino-testlib/cli-datadir/user/libraries/BaleMessengerBot_Arduino
  Not used: /Users/alranel/Documents/git/arduino/arduino-testlib/cli-datadir/user/libraries/CMMC_MQTT_Connector
  Not used: /Users/alranel/Documents/git/arduino/arduino-testlib/cli-datadir/user/libraries/AllThingsTalk_LTE-M_SDK
  Not used: /Users/alranel/Documents/git/arduino/arduino-testlib/cli-datadir/user/libraries/Antares_ESP8266_MQTT
  Not used: /Users/alranel/Documents/git/arduino/arduino-testlib/cli-datadir/user/libraries/CoogleIOT
  Not used: /Users/alranel/Documents/git/arduino/arduino-testlib/cli-datadir/user/libraries/Antares_ESP8266_HTTP
</pre>
					
					<h4>examples/lightBot</h4>
					<p>
						Result: <b>FAIL</b>
					</p>
					<pre class="pre-scrollable">/Users/alranel/Documents/git/arduino/arduino-testlib/cli-datadir/user/libraries/AsyncTelegram2/examples/lightBot/lightBot.ino:48:22: error: &#39;client&#39; was not declared in this scope
 AsyncTelegram2 myBot(client);
                      ^~~~~~
/Users/alranel/Documents/git/arduino/arduino-testlib/cli-datadir/user/libraries/AsyncTelegram2/examples/lightBot/lightBot.ino:48:22: note: suggested alternative: &#39;uint&#39;
 AsyncTelegram2 myBot(client);
                      ^~~~~~
                      uint
/Users/alranel/Documents/git/arduino/arduino-testlib/cli-datadir/user/libraries/AsyncTelegram2/examples/lightBot/lightBot.ino: In function &#39;void setup()&#39;:
/Users/alranel/Documents/git/arduino/arduino-testlib/cli-datadir/user/libraries/AsyncTelegram2/examples/lightBot/lightBot.ino:64:3: error: &#39;WiFi&#39; was not declared in this scope
   WiFi.mode(WIFI_STA);
   ^~~~
/Users/alranel/Documents/git/arduino/arduino-testlib/cli-datadir/user/libraries/AsyncTelegram2/examples/lightBot/lightBot.ino:64:13: error: &#39;WIFI_STA&#39; was not declared in this scope
   WiFi.mode(WIFI_STA);
             ^~~~~~~~
/Users/alranel/Documents/git/arduino/arduino-testlib/cli-datadir/user/libraries/AsyncTelegram2/examples/lightBot/lightBot.ino:67:27: error: &#39;WL_CONNECTED&#39; was not declared in this scope
   while (WiFi.status() != WL_CONNECTED) {
                           ^~~~~~~~~~~~
/Users/alranel/Documents/git/arduino/arduino-testlib/cli-datadir/user/libraries/AsyncTelegram2/examples/lightBot/lightBot.ino:67:27: note: suggested alternative: &#39;UHD_STATE_CONNECTED&#39;
   while (WiFi.status() != WL_CONNECTED) {
                           ^~~~~~~~~~~~
                           UHD_STATE_CONNECTED
Multiple libraries were found for &#34;ArduinoJson.h&#34;
  Used: /Users/alranel/Documents/git/arduino/arduino-testlib/cli-datadir/user/libraries/ArduinoJson
  Not used: /Users/alranel/Documents/git/arduino/arduino-testlib/cli-datadir/user/libraries/AllThingsTalk_LTE-M_SDK
  Not used: /Users/alranel/Documents/git/arduino/arduino-testlib/cli-datadir/user/libraries/CoogleIOT
  Not used: /Users/alranel/Documents/git/arduino/arduino-testlib/cli-datadir/user/libraries/CMMC_MQTT_Connector
  Not used: /Users/alranel/Documents/git/arduino/arduino-testlib/cli-datadir/user/libraries/Antares_ESP8266_HTTP
  Not used: /Users/alranel/Documents/git/arduino/arduino-testlib/cli-datadir/user/libraries/ThingsIoT
  Not used: /Users/alranel/Documents/git/arduino/arduino-testlib/cli-datadir/user/libraries/BaleMessengerBot_Arduino
  Not used: /Users/alranel/Documents/git/arduino/arduino-testlib/cli-datadir/user/libraries/ThingESP
  Not used: /Users/alranel/Documents/git/arduino/arduino-testlib/cli-datadir/user/libraries/Antares_ESP8266_MQTT
</pre>
					
					<h4>examples/sendMessageCallback</h4>
					<p>
						Result: <b>FAIL</b>
					</p>
					<pre class="pre-scrollable">/Users/alranel/Documents/git/arduino/arduino-testlib/cli-datadir/user/libraries/AsyncTelegram2/examples/sendMessageCallback/sendMessageCallback.ino:29:22: error: &#39;client&#39; was not declared in this scope
 AsyncTelegram2 myBot(client);
                      ^~~~~~
/Users/alranel/Documents/git/arduino/arduino-testlib/cli-datadir/user/libraries/AsyncTelegram2/examples/sendMessageCallback/sendMessageCallback.ino:29:22: note: suggested alternative: &#39;uint&#39;
 AsyncTelegram2 myBot(client);
                      ^~~~~~
                      uint
/Users/alranel/Documents/git/arduino/arduino-testlib/cli-datadir/user/libraries/AsyncTelegram2/examples/sendMessageCallback/sendMessageCallback.ino: In function &#39;void setup()&#39;:
/Users/alranel/Documents/git/arduino/arduino-testlib/cli-datadir/user/libraries/AsyncTelegram2/examples/sendMessageCallback/sendMessageCallback.ino:57:3: error: &#39;WiFi&#39; was not declared in this scope
   WiFi.mode(WIFI_STA);
   ^~~~
/Users/alranel/Documents/git/arduino/arduino-testlib/cli-datadir/user/libraries/AsyncTelegram2/examples/sendMessageCallback/sendMessageCallback.ino:57:13: error: &#39;WIFI_STA&#39; was not declared in this scope
   WiFi.mode(WIFI_STA);
             ^~~~~~~~
/Users/alranel/Documents/git/arduino/arduino-testlib/cli-datadir/user/libraries/AsyncTelegram2/examples/sendMessageCallback/sendMessageCallback.ino:60:27: error: &#39;WL_CONNECTED&#39; was not declared in this scope
   while (WiFi.status() != WL_CONNECTED) {
                           ^~~~~~~~~~~~
/Users/alranel/Documents/git/arduino/arduino-testlib/cli-datadir/user/libraries/AsyncTelegram2/examples/sendMessageCallback/sendMessageCallback.ino:60:27: note: suggested alternative: &#39;UHD_STATE_CONNECTED&#39;
   while (WiFi.status() != WL_CONNECTED) {
                           ^~~~~~~~~~~~
                           UHD_STATE_CONNECTED
Multiple libraries were found for &#34;ArduinoJson.h&#34;
  Used: /Users/alranel/Documents/git/arduino/arduino-testlib/cli-datadir/user/libraries/ArduinoJson
  Not used: /Users/alranel/Documents/git/arduino/arduino-testlib/cli-datadir/user/libraries/CoogleIOT
  Not used: /Users/alranel/Documents/git/arduino/arduino-testlib/cli-datadir/user/libraries/AllThingsTalk_LTE-M_SDK
  Not used: /Users/alranel/Documents/git/arduino/arduino-testlib/cli-datadir/user/libraries/ThingsIoT
  Not used: /Users/alranel/Documents/git/arduino/arduino-testlib/cli-datadir/user/libraries/CMMC_MQTT_Connector
  Not used: /Users/alranel/Documents/git/arduino/arduino-testlib/cli-datadir/user/libraries/Antares_ESP8266_MQTT
  Not used: /Users/alranel/Documents/git/arduino/arduino-testlib/cli-datadir/user/libraries/ThingESP
  Not used: /Users/alranel/Documents/git/arduino/arduino-testlib/cli-datadir/user/libraries/Antares_ESP8266_HTTP
  Not used: /Users/alranel/Documents/git/arduino/arduino-testlib/cli-datadir/user/libraries/BaleMessengerBot_Arduino
</pre>
					
					<h4>examples/sendPhoto</h4>
					<p>
						Result: <b>FAIL</b>
					</p>
					<pre class="pre-scrollable">/Users/alranel/Documents/git/arduino/arduino-testlib/cli-datadir/user/libraries/AsyncTelegram2/examples/sendPhoto/sendPhoto.ino:13:10: fatal error: FS.h: No such file or directory
 #include &lt;FS.h&gt;
          ^~~~~~
compilation terminated.

</pre>
					
				
				<h3 id="esp32:esp32:d1_mini32">esp32:esp32:d1_mini32 @ 1.0.6</h3>
				<h4>Inclusion</h4>
				<p>
					Result: <b>PASS</b>
					
				</p>
				<pre class="pre-scrollable">Sketch uses 256122 bytes (19%) of program storage space. Maximum is 1310720 bytes.
Global variables use 13552 bytes (4%) of dynamic memory, leaving 314128 bytes for local variables. Maximum is 327680 bytes.
</pre>

					
					<h4>examples/ESP32</h4>
					<p>
						Result: <b>FAIL</b>
					</p>
					<pre class="pre-scrollable"></pre>
					
					<h4>examples/ESP8266</h4>
					<p>
						Result: <b>FAIL</b>
					</p>
					<pre class="pre-scrollable"></pre>
					
					<h4>examples/Ethernet</h4>
					<p>
						Result: <b>PASS</b>
					</p>
					<pre class="pre-scrollable">Sketch uses 391774 bytes (29%) of program storage space. Maximum is 1310720 bytes.
Global variables use 23072 bytes (7%) of dynamic memory, leaving 304608 bytes for local variables. Maximum is 327680 bytes.
</pre>
					
					<h4>examples/advanced</h4>
					<p>
						Result: <b>FAIL</b>
					</p>
					<pre class="pre-scrollable"></pre>
					
					<h4>examples/echoBot</h4>
					<p>
						Result: <b>PASS</b>
					</p>
					<pre class="pre-scrollable">Sketch uses 809414 bytes (61%) of program storage space. Maximum is 1310720 bytes.
Global variables use 47132 bytes (14%) of dynamic memory, leaving 280548 bytes for local variables. Maximum is 327680 bytes.
</pre>
					
					<h4>examples/keyboardCallback</h4>
					<p>
						Result: <b>PASS</b>
					</p>
					<pre class="pre-scrollable">Sketch uses 896398 bytes (68%) of program storage space. Maximum is 1310720 bytes.
Global variables use 39160 bytes (11%) of dynamic memory, leaving 288520 bytes for local variables. Maximum is 327680 bytes.
</pre>
					
					<h4>examples/keyboards</h4>
					<p>
						Result: <b>PASS</b>
					</p>
					<pre class="pre-scrollable">Sketch uses 814158 bytes (62%) of program storage space. Maximum is 1310720 bytes.
Global variables use 47180 bytes (14%) of dynamic memory, leaving 280500 bytes for local variables. Maximum is 327680 bytes.
</pre>
					
					<h4>examples/lightBot</h4>
					<p>
						Result: <b>PASS</b>
					</p>
					<pre class="pre-scrollable">Sketch uses 890982 bytes (67%) of program storage space. Maximum is 1310720 bytes.
Global variables use 39048 bytes (11%) of dynamic memory, leaving 288632 bytes for local variables. Maximum is 327680 bytes.
</pre>
					
					<h4>examples/sendMessageCallback</h4>
					<p>
						Result: <b>PASS</b>
					</p>
					<pre class="pre-scrollable">Sketch uses 893234 bytes (68%) of program storage space. Maximum is 1310720 bytes.
Global variables use 39096 bytes (11%) of dynamic memory, leaving 288584 bytes for local variables. Maximum is 327680 bytes.
</pre>
					
					<h4>examples/sendPhoto</h4>
					<p>
						Result: <b>PASS</b>
					</p>
					<pre class="pre-scrollable">Sketch uses 931822 bytes (71%) of program storage space. Maximum is 1310720 bytes.
Global variables use 39176 bytes (11%) of dynamic memory, leaving 288504 bytes for local variables. Maximum is 327680 bytes.
</pre>
					
				
			</div>
		</div>
	</div>
  </body>
</html>
