
<!doctype html>
<html lang="en">
  <head>
    <meta charset="utf-8">
    <meta name="viewport" content="width=device-width, initial-scale=1">
    <link href="https://cdn.jsdelivr.net/npm/bootstrap@5.0.2/dist/css/bootstrap.min.css" rel="stylesheet" integrity="sha384-EVSTQN3/azprG1Anm3QDgpJLIm9Nao0Yz1ztcQTwFspd3yD65VohhpuuCOmLASjC" crossorigin="anonymous">
    <title>arduino-testlib report</title>
	<style>
	.pass { background-color: #00FF00 !important; }
	.fail { background-color: #FF0000 !important; }
	</style>
  </head>
  <body>
	<div class="container">
		<div class="row">
			<div class="col">
				<h1>AsyncAnalog - compatibility matrix</h1>
				<p>
					<small>This report was generated on Monday, 21-Feb-22 12:00:25 CET using 
					<a href="https://github.com/alranel/arduino-testlib">arduino-testlib</a>.</small>
				</p>

				<h2>AsyncAnalog</h2>
				<p>
					Version: <b>0.1.5</b>
					<br />
					<a href="https://www.arduino.cc/reference/en/libraries/asyncanalog/">More details</a>
				</p>

				<h2>Compatibility matrix</h2>
				<table class="table table-bordered">
					<tr>
						<th>Board</th>
						<th>Claims compatibility</th>
						<th>Inclusion</th>
						
						<th><pre>asyncAnalogTest</pre></th>
						
						<th><pre>asyncAnalogTest2</pre></th>
						
					</tr>
					
					<tr>
						<td>
							<a href="#arduino%3aavr%3auno"><b>arduino:avr:uno</b></a>
							<br />
							<small>1.8.4</small>
						</td>

						
							<td>Yes</td>
							<td class="pass">PASS</td>
						
						
						
						

						
							
								
									
										
											<td class="pass">PASS</td>
											
										
									
										
									
								
							
								
							
								
							
								
							
								
							
						
							
								
									
										
									
										
											<td class="pass">PASS</td>
											
										
									
								
							
								
							
								
							
								
							
								
							
						
					</tr>
					
					<tr>
						<td>
							<a href="#arduino%3ambed_nano%3ananorp2040connect"><b>arduino:mbed_nano:nanorp2040connect</b></a>
							<br />
							<small>2.7.2</small>
						</td>

						
						
						
						
							<td>No</td>
							<td class="fail">FAIL</td>
						

						
							
								
							
								
									
										
											
											<td class="fail">FAIL</td>
										
									
										
									
								
							
								
							
								
							
								
							
						
							
								
							
								
									
										
									
										
											
											<td class="fail">FAIL</td>
										
									
								
							
								
							
								
							
								
							
						
					</tr>
					
					<tr>
						<td>
							<a href="#arduino%3amegaavr%3anona4809"><b>arduino:megaavr:nona4809</b></a>
							<br />
							<small>1.8.7</small>
						</td>

						
						
						
						
							<td>No</td>
							<td class="fail">FAIL</td>
						

						
							
								
							
								
							
								
									
										
											
											<td class="fail">FAIL</td>
										
									
										
									
								
							
								
							
								
							
						
							
								
							
								
							
								
									
										
									
										
											
											<td class="fail">FAIL</td>
										
									
								
							
								
							
								
							
						
					</tr>
					
					<tr>
						<td>
							<a href="#arduino%3asamd%3amkrwifi1010"><b>arduino:samd:mkrwifi1010</b></a>
							<br />
							<small>1.8.12</small>
						</td>

						
						
						
						
							<td>No</td>
							<td class="fail">FAIL</td>
						

						
							
								
							
								
							
								
							
								
									
										
											
											<td class="fail">FAIL</td>
										
									
										
									
								
							
								
							
						
							
								
							
								
							
								
							
								
									
										
									
										
											
											<td class="fail">FAIL</td>
										
									
								
							
								
							
						
					</tr>
					
					<tr>
						<td>
							<a href="#esp32%3aesp32%3ad1_mini32"><b>esp32:esp32:d1_mini32</b></a>
							<br />
							<small>1.0.6</small>
						</td>

						
						
						
						
							<td>No</td>
							<td class="fail">FAIL</td>
						

						
							
								
							
								
							
								
							
								
							
								
									
										
											
											<td class="fail">FAIL</td>
										
									
										
									
								
							
						
							
								
							
								
							
								
							
								
							
								
									
										
									
										
											
											<td class="fail">FAIL</td>
										
									
								
							
						
					</tr>
					
				</table>

				<h2>Compilation logs</h2>
				
				<h3 id="arduino:avr:uno">arduino:avr:uno @ 1.8.4</h3>
				<h4>Inclusion</h4>
				<p>
					Result: <b>PASS</b>
					
				</p>
				<pre class="pre-scrollable">Sketch uses 444 bytes (1%) of program storage space. Maximum is 32256 bytes.
Global variables use 9 bytes (0%) of dynamic memory, leaving 2039 bytes for local variables. Maximum is 2048 bytes.
</pre>

					
					<h4>examples/asyncAnalogTest</h4>
					<p>
						Result: <b>PASS</b>
					</p>
					<pre class="pre-scrollable">Sketch uses 2142 bytes (6%) of program storage space. Maximum is 32256 bytes.
Global variables use 205 bytes (10%) of dynamic memory, leaving 1843 bytes for local variables. Maximum is 2048 bytes.
</pre>
					
					<h4>examples/asyncAnalogTest2</h4>
					<p>
						Result: <b>PASS</b>
					</p>
					<pre class="pre-scrollable">Sketch uses 2344 bytes (7%) of program storage space. Maximum is 32256 bytes.
Global variables use 227 bytes (11%) of dynamic memory, leaving 1821 bytes for local variables. Maximum is 2048 bytes.
</pre>
					
				
				<h3 id="arduino:mbed_nano:nanorp2040connect">arduino:mbed_nano:nanorp2040connect @ 2.7.2</h3>
				<h4>Inclusion</h4>
				<p>
					Result: <b>FAIL</b>
					
				</p>
				<pre class="pre-scrollable">WARNING: library AsyncAnalog claims to run on avr architecture(s) and may be incompatible with your current board which runs on mbed_nano architecture(s).
In file included from /tmp/arduino-testlib1344261637/test/test.ino:1:0:
/home/ec2-user/arduino-testlib/cli-datadir/user/libraries/AsyncAnalog/AsyncAnalog.h:14:4: error: #error “AsyncAnalog library only supports boards with an AVR processor .”
   #error “AsyncAnalog library only supports boards with an AVR processor .”
    ^~~~~

</pre>

					
					<h4>examples/asyncAnalogTest</h4>
					<p>
						Result: <b>FAIL</b>
					</p>
					<pre class="pre-scrollable">WARNING: library AsyncAnalog claims to run on avr architecture(s) and may be incompatible with your current board which runs on mbed_nano architecture(s).
In file included from /home/ec2-user/arduino-testlib/cli-datadir/user/libraries/AsyncAnalog/examples/asyncAnalogTest/asyncAnalogTest.ino:8:0:
/home/ec2-user/arduino-testlib/cli-datadir/user/libraries/AsyncAnalog/AsyncAnalog.h:14:4: error: #error “AsyncAnalog library only supports boards with an AVR processor .”
   #error “AsyncAnalog library only supports boards with an AVR processor .”
    ^~~~~

</pre>
					
					<h4>examples/asyncAnalogTest2</h4>
					<p>
						Result: <b>FAIL</b>
					</p>
					<pre class="pre-scrollable">WARNING: library AsyncAnalog claims to run on avr architecture(s) and may be incompatible with your current board which runs on mbed_nano architecture(s).
In file included from /home/ec2-user/arduino-testlib/cli-datadir/user/libraries/AsyncAnalog/examples/asyncAnalogTest2/asyncAnalogTest2.ino:8:0:
/home/ec2-user/arduino-testlib/cli-datadir/user/libraries/AsyncAnalog/AsyncAnalog.h:14:4: error: #error “AsyncAnalog library only supports boards with an AVR processor .”
   #error “AsyncAnalog library only supports boards with an AVR processor .”
    ^~~~~

</pre>
					
				
				<h3 id="arduino:megaavr:nona4809">arduino:megaavr:nona4809 @ 1.8.7</h3>
				<h4>Inclusion</h4>
				<p>
					Result: <b>FAIL</b>
					
				</p>
				<pre class="pre-scrollable">WARNING: library AsyncAnalog claims to run on avr architecture(s) and may be incompatible with your current board which runs on megaavr architecture(s).
In file included from /tmp/arduino-testlib1344261637/test/test.ino:1:0:
/home/ec2-user/arduino-testlib/cli-datadir/user/libraries/AsyncAnalog/AsyncAnalog.h:14:4: error: #error “AsyncAnalog library only supports boards with an AVR processor .”
   #error “AsyncAnalog library only supports boards with an AVR processor .”
    ^~~~~

</pre>

					
					<h4>examples/asyncAnalogTest</h4>
					<p>
						Result: <b>FAIL</b>
					</p>
					<pre class="pre-scrollable">WARNING: library AsyncAnalog claims to run on avr architecture(s) and may be incompatible with your current board which runs on megaavr architecture(s).
In file included from /home/ec2-user/arduino-testlib/cli-datadir/user/libraries/AsyncAnalog/examples/asyncAnalogTest/asyncAnalogTest.ino:8:0:
/home/ec2-user/arduino-testlib/cli-datadir/user/libraries/AsyncAnalog/AsyncAnalog.h:14:4: error: #error “AsyncAnalog library only supports boards with an AVR processor .”
   #error “AsyncAnalog library only supports boards with an AVR processor .”
    ^~~~~

</pre>
					
					<h4>examples/asyncAnalogTest2</h4>
					<p>
						Result: <b>FAIL</b>
					</p>
					<pre class="pre-scrollable">WARNING: library AsyncAnalog claims to run on avr architecture(s) and may be incompatible with your current board which runs on megaavr architecture(s).
In file included from /home/ec2-user/arduino-testlib/cli-datadir/user/libraries/AsyncAnalog/examples/asyncAnalogTest2/asyncAnalogTest2.ino:8:0:
/home/ec2-user/arduino-testlib/cli-datadir/user/libraries/AsyncAnalog/AsyncAnalog.h:14:4: error: #error “AsyncAnalog library only supports boards with an AVR processor .”
   #error “AsyncAnalog library only supports boards with an AVR processor .”
    ^~~~~

</pre>
					
				
				<h3 id="arduino:samd:mkrwifi1010">arduino:samd:mkrwifi1010 @ 1.8.12</h3>
				<h4>Inclusion</h4>
				<p>
					Result: <b>FAIL</b>
					
				</p>
				<pre class="pre-scrollable">WARNING: library AsyncAnalog claims to run on avr architecture(s) and may be incompatible with your current board which runs on samd architecture(s).
In file included from /tmp/arduino-testlib3534029568/test/test.ino:1:0:
/home/ec2-user/arduino-testlib/cli-datadir/user/libraries/AsyncAnalog/AsyncAnalog.h:14:4: error: #error “AsyncAnalog library only supports boards with an AVR processor .”
   #error “AsyncAnalog library only supports boards with an AVR processor .”
    ^~~~~

</pre>

					
					<h4>examples/asyncAnalogTest</h4>
					<p>
						Result: <b>FAIL</b>
					</p>
					<pre class="pre-scrollable">WARNING: library AsyncAnalog claims to run on avr architecture(s) and may be incompatible with your current board which runs on samd architecture(s).
In file included from /home/ec2-user/arduino-testlib/cli-datadir/user/libraries/AsyncAnalog/examples/asyncAnalogTest/asyncAnalogTest.ino:8:0:
/home/ec2-user/arduino-testlib/cli-datadir/user/libraries/AsyncAnalog/AsyncAnalog.h:14:4: error: #error “AsyncAnalog library only supports boards with an AVR processor .”
   #error “AsyncAnalog library only supports boards with an AVR processor .”
    ^~~~~

</pre>
					
					<h4>examples/asyncAnalogTest2</h4>
					<p>
						Result: <b>FAIL</b>
					</p>
					<pre class="pre-scrollable">WARNING: library AsyncAnalog claims to run on avr architecture(s) and may be incompatible with your current board which runs on samd architecture(s).
In file included from /home/ec2-user/arduino-testlib/cli-datadir/user/libraries/AsyncAnalog/examples/asyncAnalogTest2/asyncAnalogTest2.ino:8:0:
/home/ec2-user/arduino-testlib/cli-datadir/user/libraries/AsyncAnalog/AsyncAnalog.h:14:4: error: #error “AsyncAnalog library only supports boards with an AVR processor .”
   #error “AsyncAnalog library only supports boards with an AVR processor .”
    ^~~~~

</pre>
					
				
				<h3 id="esp32:esp32:d1_mini32">esp32:esp32:d1_mini32 @ 1.0.6</h3>
				<h4>Inclusion</h4>
				<p>
					Result: <b>FAIL</b>
					
				</p>
				<pre class="pre-scrollable">WARNING: library AsyncAnalog claims to run on avr architecture(s) and may be incompatible with your current board which runs on esp32 architecture(s).
In file included from /tmp/arduino-testlib1344261637/test/test.ino:1:0:
/home/ec2-user/arduino-testlib/cli-datadir/user/libraries/AsyncAnalog/AsyncAnalog.h:14:4: error: #error “AsyncAnalog library only supports boards with an AVR processor .”
   #error “AsyncAnalog library only supports boards with an AVR processor .”
    ^

</pre>

					
					<h4>examples/asyncAnalogTest</h4>
					<p>
						Result: <b>FAIL</b>
					</p>
					<pre class="pre-scrollable">WARNING: library AsyncAnalog claims to run on avr architecture(s) and may be incompatible with your current board which runs on esp32 architecture(s).
In file included from /home/ec2-user/arduino-testlib/cli-datadir/user/libraries/AsyncAnalog/examples/asyncAnalogTest/asyncAnalogTest.ino:8:0:
/home/ec2-user/arduino-testlib/cli-datadir/user/libraries/AsyncAnalog/AsyncAnalog.h:14:4: error: #error “AsyncAnalog library only supports boards with an AVR processor .”
   #error “AsyncAnalog library only supports boards with an AVR processor .”
    ^

</pre>
					
					<h4>examples/asyncAnalogTest2</h4>
					<p>
						Result: <b>FAIL</b>
					</p>
					<pre class="pre-scrollable">WARNING: library AsyncAnalog claims to run on avr architecture(s) and may be incompatible with your current board which runs on esp32 architecture(s).
In file included from /home/ec2-user/arduino-testlib/cli-datadir/user/libraries/AsyncAnalog/examples/asyncAnalogTest2/asyncAnalogTest2.ino:8:0:
/home/ec2-user/arduino-testlib/cli-datadir/user/libraries/AsyncAnalog/AsyncAnalog.h:14:4: error: #error “AsyncAnalog library only supports boards with an AVR processor .”
   #error “AsyncAnalog library only supports boards with an AVR processor .”
    ^

</pre>
					
				
			</div>
		</div>
	</div>
  </body>
</html>
