
<!doctype html>
<html lang="en">
  <head>
    <meta charset="utf-8">
    <meta name="viewport" content="width=device-width, initial-scale=1">
    <link href="https://cdn.jsdelivr.net/npm/bootstrap@5.0.2/dist/css/bootstrap.min.css" rel="stylesheet" integrity="sha384-EVSTQN3/azprG1Anm3QDgpJLIm9Nao0Yz1ztcQTwFspd3yD65VohhpuuCOmLASjC" crossorigin="anonymous">
    <title>arduino-testlib report</title>
	<style>
	.pass { background-color: #00FF00 !important; }
	.fail { background-color: #FF0000 !important; }
	</style>
  </head>
  <body>
	<div class="container">
		<div class="row">
			<div class="col">
				<h1>ATM90E26 Arduino - compatibility matrix</h1>
				<p>
					<small>This report was generated on Monday, 21-Feb-22 12:00:25 CET using 
					<a href="https://github.com/alranel/arduino-testlib">arduino-testlib</a>.</small>
				</p>

				<h2>ATM90E26 Arduino</h2>
				<p>
					Version: <b>0.1</b>
					<br />
					<a href="https://www.arduino.cc/reference/en/libraries/atm90e26-arduino/">More details</a>
				</p>

				<h2>Compatibility matrix</h2>
				<table class="table table-bordered">
					<tr>
						<th>Board</th>
						<th>Claims compatibility</th>
						<th>Inclusion</th>
						
						<th><pre>ATM90E26_Full_App</pre></th>
						
						<th><pre>ATM90E26_SPI</pre></th>
						
						<th><pre>ATM90E26_UART</pre></th>
						
					</tr>
					
					<tr>
						<td>
							<a href="#arduino%3aavr%3auno"><b>arduino:avr:uno</b></a>
							<br />
							<small>1.8.4</small>
						</td>

						
						
						
						
							<td>No</td>
							<td class="fail">FAIL</td>
						

						
							
								
									
										
											
											<td class="fail">FAIL</td>
										
									
										
									
										
									
								
							
								
							
								
							
								
							
								
							
						
							
								
									
										
									
										
											<td class="pass">PASS</td>
											
										
									
										
									
								
							
								
							
								
							
								
							
								
							
						
							
								
									
										
									
										
									
										
											
											<td class="fail">FAIL</td>
										
									
								
							
								
							
								
							
								
							
								
							
						
					</tr>
					
					<tr>
						<td>
							<a href="#arduino%3ambed_nano%3ananorp2040connect"><b>arduino:mbed_nano:nanorp2040connect</b></a>
							<br />
							<small>2.7.2</small>
						</td>

						
						
						
						
							<td>No</td>
							<td class="fail">FAIL</td>
						

						
							
								
							
								
									
										
											
											<td class="fail">FAIL</td>
										
									
										
									
										
									
								
							
								
							
								
							
								
							
						
							
								
							
								
									
										
									
										
											<td class="pass">PASS</td>
											
										
									
										
									
								
							
								
							
								
							
								
							
						
							
								
							
								
									
										
									
										
									
										
											
											<td class="fail">FAIL</td>
										
									
								
							
								
							
								
							
								
							
						
					</tr>
					
					<tr>
						<td>
							<a href="#arduino%3amegaavr%3anona4809"><b>arduino:megaavr:nona4809</b></a>
							<br />
							<small>1.8.7</small>
						</td>

						
						
						
						
							<td>No</td>
							<td class="fail">FAIL</td>
						

						
							
								
							
								
							
								
									
										
											
											<td class="fail">FAIL</td>
										
									
										
									
										
									
								
							
								
							
								
							
						
							
								
							
								
							
								
									
										
									
										
											<td class="pass">PASS</td>
											
										
									
										
									
								
							
								
							
								
							
						
							
								
							
								
							
								
									
										
									
										
									
										
											
											<td class="fail">FAIL</td>
										
									
								
							
								
							
								
							
						
					</tr>
					
					<tr>
						<td>
							<a href="#arduino%3asamd%3amkrwifi1010"><b>arduino:samd:mkrwifi1010</b></a>
							<br />
							<small>1.8.12</small>
						</td>

						
						
						
						
							<td>No</td>
							<td class="fail">FAIL</td>
						

						
							
								
							
								
							
								
							
								
									
										
											
											<td class="fail">FAIL</td>
										
									
										
									
										
									
								
							
								
							
						
							
								
							
								
							
								
							
								
									
										
									
										
											<td class="pass">PASS</td>
											
										
									
										
									
								
							
								
							
						
							
								
							
								
							
								
							
								
									
										
									
										
									
										
											<td class="pass">PASS</td>
											
										
									
								
							
								
							
						
					</tr>
					
					<tr>
						<td>
							<a href="#esp32%3aesp32%3ad1_mini32"><b>esp32:esp32:d1_mini32</b></a>
							<br />
							<small>1.0.6</small>
						</td>

						
						
						
						
							<td>No</td>
							<td class="fail">FAIL</td>
						

						
							
								
							
								
							
								
							
								
							
								
									
										
											
											<td class="fail">FAIL</td>
										
									
										
									
										
									
								
							
						
							
								
							
								
							
								
							
								
							
								
									
										
									
										
											<td class="pass">PASS</td>
											
										
									
										
									
								
							
						
							
								
							
								
							
								
							
								
							
								
									
										
									
										
									
										
											<td class="pass">PASS</td>
											
										
									
								
							
						
					</tr>
					
				</table>

				<h2>Compilation logs</h2>
				
				<h3 id="arduino:avr:uno">arduino:avr:uno @ 1.8.4</h3>
				<h4>Inclusion</h4>
				<p>
					Result: <b>FAIL</b>
					
					<br />This library has no main header file so an empty one was created.
					
				</p>
				<pre class="pre-scrollable">/private/tmp/arduino-testlib284177293/test/test.ino:1:10: fatal error: ATM90E26_Arduino.h: No such file or directory
 #include &lt;ATM90E26_Arduino.h&gt;
          ^~~~~~~~~~~~~~~~~~~~
compilation terminated.

</pre>

					
					<h4>examples/ATM90E26_Full_App</h4>
					<p>
						Result: <b>FAIL</b>
					</p>
					<pre class="pre-scrollable">/Users/alranel/Documents/git/arduino/arduino-testlib/cli-datadir/user/libraries/ATM90E26_Arduino/examples/ATM90E26_Full_App/ATM90E26_Full_App.ino:18:10: fatal error: FS.h: No such file or directory
 #include &lt;FS.h&gt; //this needs to be first, or it all crashes and burns..
          ^~~~~~
compilation terminated.

</pre>
					
					<h4>examples/ATM90E26_SPI</h4>
					<p>
						Result: <b>PASS</b>
					</p>
					<pre class="pre-scrollable">Sketch uses 4834 bytes (14%) of program storage space. Maximum is 32256 bytes.
Global variables use 339 bytes (16%) of dynamic memory, leaving 1709 bytes for local variables. Maximum is 2048 bytes.
</pre>
					
					<h4>examples/ATM90E26_UART</h4>
					<p>
						Result: <b>FAIL</b>
					</p>
					<pre class="pre-scrollable">/Users/alranel/Documents/git/arduino/arduino-testlib/cli-datadir/user/libraries/ATM90E26_Arduino/examples/ATM90E26_UART/ATM90E26_UART.ino:38:20: error: &#39;ATMSerial&#39; was not declared in this scope
 ATM90E26_UART eic(&amp;ATMSerial);
                    ^~~~~~~~~
/Users/alranel/Documents/git/arduino/arduino-testlib/cli-datadir/user/libraries/ATM90E26_Arduino/examples/ATM90E26_UART/ATM90E26_UART.ino:38:20: note: suggested alternative: &#39;Serial&#39;
 ATM90E26_UART eic(&amp;ATMSerial);
                    ^~~~~~~~~
                    Serial
/Users/alranel/Documents/git/arduino/arduino-testlib/cli-datadir/user/libraries/ATM90E26_Arduino/examples/ATM90E26_UART/ATM90E26_UART.ino: In function &#39;void setup()&#39;:
/Users/alranel/Documents/git/arduino/arduino-testlib/cli-datadir/user/libraries/ATM90E26_Arduino/examples/ATM90E26_UART/ATM90E26_UART.ino:54:3: error: &#39;ATMSerial&#39; was not declared in this scope
   ATMSerial.begin(9600);
   ^~~~~~~~~
/Users/alranel/Documents/git/arduino/arduino-testlib/cli-datadir/user/libraries/ATM90E26_Arduino/examples/ATM90E26_UART/ATM90E26_UART.ino:54:3: note: suggested alternative: &#39;Serial&#39;
   ATMSerial.begin(9600);
   ^~~~~~~~~
   Serial
Multiple libraries were found for &#34;SoftwareSerial.h&#34;
  Used: /Users/alranel/Documents/git/arduino/arduino-testlib/cli-datadir/data/packages/arduino/hardware/avr/1.8.4/libraries/SoftwareSerial
  Not used: /Users/alranel/Documents/git/arduino/arduino-testlib/cli-datadir/user/libraries/EspSoftwareSerial
  Not used: /Users/alranel/Documents/git/arduino/arduino-testlib/cli-datadir/user/libraries/Dabble
  Not used: /Users/alranel/Documents/git/arduino/arduino-testlib/cli-datadir/user/libraries/Printoo_Library
</pre>
					
				
				<h3 id="arduino:mbed_nano:nanorp2040connect">arduino:mbed_nano:nanorp2040connect @ 2.7.2</h3>
				<h4>Inclusion</h4>
				<p>
					Result: <b>FAIL</b>
					
					<br />This library has no main header file so an empty one was created.
					
				</p>
				<pre class="pre-scrollable">/tmp/arduino-testlib2259668400/test/test.ino:1:10: fatal error: ATM90E26_Arduino.h: No such file or directory
 #include &lt;ATM90E26_Arduino.h&gt;
          ^~~~~~~~~~~~~~~~~~~~
compilation terminated.

</pre>

					
					<h4>examples/ATM90E26_Full_App</h4>
					<p>
						Result: <b>FAIL</b>
					</p>
					<pre class="pre-scrollable">/home/ec2-user/arduino-testlib/cli-datadir/user/libraries/ATM90E26_Arduino/examples/ATM90E26_Full_App/ATM90E26_Full_App.ino:18:10: fatal error: FS.h: No such file or directory
 #include &lt;FS.h&gt; //this needs to be first, or it all crashes and burns..
          ^~~~~~
compilation terminated.

</pre>
					
					<h4>examples/ATM90E26_SPI</h4>
					<p>
						Result: <b>PASS</b>
					</p>
					<pre class="pre-scrollable">Sketch uses 82900 bytes (0%) of program storage space. Maximum is 16777216 bytes.
Global variables use 43636 bytes (16%) of dynamic memory, leaving 226700 bytes for local variables. Maximum is 270336 bytes.
</pre>
					
					<h4>examples/ATM90E26_UART</h4>
					<p>
						Result: <b>FAIL</b>
					</p>
					<pre class="pre-scrollable">/home/ec2-user/arduino-testlib/cli-datadir/user/libraries/Dabble/src/SoftwareSerial.cpp:45:10: fatal error: util/delay_basic.h: No such file or directory
 #include &lt;util/delay_basic.h&gt;
          ^~~~~~~~~~~~~~~~~~~~
compilation terminated.
Multiple libraries were found for &#34;SoftwareSerial.h&#34;
  Used: /home/ec2-user/arduino-testlib/cli-datadir/user/libraries/Dabble
  Not used: /home/ec2-user/arduino-testlib/cli-datadir/user/libraries/Printoo_Library
  Not used: /home/ec2-user/arduino-testlib/cli-datadir/user/libraries/EspSoftwareSerial
</pre>
					
				
				<h3 id="arduino:megaavr:nona4809">arduino:megaavr:nona4809 @ 1.8.7</h3>
				<h4>Inclusion</h4>
				<p>
					Result: <b>FAIL</b>
					
					<br />This library has no main header file so an empty one was created.
					
				</p>
				<pre class="pre-scrollable">/tmp/arduino-testlib2259668400/test/test.ino:1:10: fatal error: ATM90E26_Arduino.h: No such file or directory
 #include &lt;ATM90E26_Arduino.h&gt;
          ^~~~~~~~~~~~~~~~~~~~
compilation terminated.

</pre>

					
					<h4>examples/ATM90E26_Full_App</h4>
					<p>
						Result: <b>FAIL</b>
					</p>
					<pre class="pre-scrollable">/home/ec2-user/arduino-testlib/cli-datadir/user/libraries/ATM90E26_Arduino/examples/ATM90E26_Full_App/ATM90E26_Full_App.ino:18:10: fatal error: FS.h: No such file or directory
 #include &lt;FS.h&gt; //this needs to be first, or it all crashes and burns..
          ^~~~~~
compilation terminated.

</pre>
					
					<h4>examples/ATM90E26_SPI</h4>
					<p>
						Result: <b>PASS</b>
					</p>
					<pre class="pre-scrollable">Sketch uses 8067 bytes (16%) of program storage space. Maximum is 49152 bytes.
Global variables use 273 bytes (4%) of dynamic memory, leaving 5871 bytes for local variables. Maximum is 6144 bytes.
</pre>
					
					<h4>examples/ATM90E26_UART</h4>
					<p>
						Result: <b>FAIL</b>
					</p>
					<pre class="pre-scrollable">/home/ec2-user/arduino-testlib/cli-datadir/user/libraries/ATM90E26_Arduino/examples/ATM90E26_UART/ATM90E26_UART.ino:38:20: error: &#39;ATMSerial&#39; was not declared in this scope
 ATM90E26_UART eic(&amp;ATMSerial);
                    ^~~~~~~~~
/home/ec2-user/arduino-testlib/cli-datadir/user/libraries/ATM90E26_Arduino/examples/ATM90E26_UART/ATM90E26_UART.ino:38:20: note: suggested alternative: &#39;Serial&#39;
 ATM90E26_UART eic(&amp;ATMSerial);
                    ^~~~~~~~~
                    Serial
/home/ec2-user/arduino-testlib/cli-datadir/user/libraries/ATM90E26_Arduino/examples/ATM90E26_UART/ATM90E26_UART.ino: In function &#39;void setup()&#39;:
/home/ec2-user/arduino-testlib/cli-datadir/user/libraries/ATM90E26_Arduino/examples/ATM90E26_UART/ATM90E26_UART.ino:54:3: error: &#39;ATMSerial&#39; was not declared in this scope
   ATMSerial.begin(9600);
   ^~~~~~~~~
/home/ec2-user/arduino-testlib/cli-datadir/user/libraries/ATM90E26_Arduino/examples/ATM90E26_UART/ATM90E26_UART.ino:54:3: note: suggested alternative: &#39;Serial&#39;
   ATMSerial.begin(9600);
   ^~~~~~~~~
   Serial
Multiple libraries were found for &#34;SoftwareSerial.h&#34;
  Used: /home/ec2-user/arduino-testlib/cli-datadir/data/packages/arduino/hardware/megaavr/1.8.7/libraries/SoftwareSerial
  Not used: /home/ec2-user/arduino-testlib/cli-datadir/user/libraries/EspSoftwareSerial
  Not used: /home/ec2-user/arduino-testlib/cli-datadir/user/libraries/Dabble
  Not used: /home/ec2-user/arduino-testlib/cli-datadir/user/libraries/Printoo_Library
</pre>
					
				
				<h3 id="arduino:samd:mkrwifi1010">arduino:samd:mkrwifi1010 @ 1.8.12</h3>
				<h4>Inclusion</h4>
				<p>
					Result: <b>FAIL</b>
					
					<br />This library has no main header file so an empty one was created.
					
				</p>
				<pre class="pre-scrollable">/private/tmp/arduino-testlib284177293/test/test.ino:1:10: fatal error: ATM90E26_Arduino.h: No such file or directory
 #include &lt;ATM90E26_Arduino.h&gt;
          ^~~~~~~~~~~~~~~~~~~~
compilation terminated.

</pre>

					
					<h4>examples/ATM90E26_Full_App</h4>
					<p>
						Result: <b>FAIL</b>
					</p>
					<pre class="pre-scrollable">/Users/alranel/Documents/git/arduino/arduino-testlib/cli-datadir/user/libraries/ATM90E26_Arduino/examples/ATM90E26_Full_App/ATM90E26_Full_App.ino:18:10: fatal error: FS.h: No such file or directory
 #include &lt;FS.h&gt; //this needs to be first, or it all crashes and burns..
          ^~~~~~
compilation terminated.

</pre>
					
					<h4>examples/ATM90E26_SPI</h4>
					<p>
						Result: <b>PASS</b>
					</p>
					<pre class="pre-scrollable">Sketch uses 22640 bytes (8%) of program storage space. Maximum is 262144 bytes.
Global variables use 3100 bytes (9%) of dynamic memory, leaving 29668 bytes for local variables. Maximum is 32768 bytes.
</pre>
					
					<h4>examples/ATM90E26_UART</h4>
					<p>
						Result: <b>PASS</b>
					</p>
					<pre class="pre-scrollable">Sketch uses 22752 bytes (8%) of program storage space. Maximum is 262144 bytes.
Global variables use 3668 bytes (11%) of dynamic memory, leaving 29100 bytes for local variables. Maximum is 32768 bytes.
</pre>
					
				
				<h3 id="esp32:esp32:d1_mini32">esp32:esp32:d1_mini32 @ 1.0.6</h3>
				<h4>Inclusion</h4>
				<p>
					Result: <b>FAIL</b>
					
					<br />This library has no main header file so an empty one was created.
					
				</p>
				<pre class="pre-scrollable">/tmp/arduino-testlib3003142590/test/test.ino:1:30: fatal error: ATM90E26_Arduino.h: No such file or directory
compilation terminated.

</pre>

					
					<h4>examples/ATM90E26_Full_App</h4>
					<p>
						Result: <b>FAIL</b>
					</p>
					<pre class="pre-scrollable">/home/ec2-user/arduino-testlib/cli-datadir/user/libraries/ATM90E26_Arduino/examples/ATM90E26_Full_App/ATM90E26_Full_App.ino:20:25: fatal error: ESP8266WiFi.h: No such file or directory
compilation terminated.

</pre>
					
					<h4>examples/ATM90E26_SPI</h4>
					<p>
						Result: <b>PASS</b>
					</p>
					<pre class="pre-scrollable">Sketch uses 209786 bytes (16%) of program storage space. Maximum is 1310720 bytes.
Global variables use 13520 bytes (4%) of dynamic memory, leaving 314160 bytes for local variables. Maximum is 327680 bytes.
</pre>
					
					<h4>examples/ATM90E26_UART</h4>
					<p>
						Result: <b>PASS</b>
					</p>
					<pre class="pre-scrollable">Sketch uses 207822 bytes (15%) of program storage space. Maximum is 1310720 bytes.
Global variables use 13488 bytes (4%) of dynamic memory, leaving 314192 bytes for local variables. Maximum is 327680 bytes.
</pre>
					
				
			</div>
		</div>
	</div>
  </body>
</html>
