
<!doctype html>
<html lang="en">
  <head>
    <meta charset="utf-8">
    <meta name="viewport" content="width=device-width, initial-scale=1">
    <link href="https://cdn.jsdelivr.net/npm/bootstrap@5.0.2/dist/css/bootstrap.min.css" rel="stylesheet" integrity="sha384-EVSTQN3/azprG1Anm3QDgpJLIm9Nao0Yz1ztcQTwFspd3yD65VohhpuuCOmLASjC" crossorigin="anonymous">
    <title>arduino-testlib report</title>
	<style>
	.pass { background-color: #00FF00 !important; }
	.fail { background-color: #FF0000 !important; }
	</style>
  </head>
  <body>
	<div class="container">
		<div class="row">
			<div class="col">
				<h1>Atmega32u4_IO - compatibility matrix</h1>
				<p>
					<small>This report was generated on Wednesday, 23-Feb-22 22:48:15 CET using 
					<a href="https://github.com/alranel/arduino-testlib">arduino-testlib</a>.</small>
				</p>

				<h2>Atmega32u4_IO</h2>
				<p>
					Version: <b>3.0.2</b>
					<br />
					<a href="https://www.arduino.cc/reference/en/libraries/atmega32u4_io/">More details</a>
				</p>

				<h2>Compatibility matrix</h2>
				<table class="table table-bordered">
					<tr>
						<th>Board</th>
						<th>Claims compatibility</th>
						<th>Inclusion</th>
						
					</tr>
					
					<tr>
						<td>
							<a href="#arduino%3aavr%3auno"><b>arduino:avr:uno</b></a>
							<br />
							<small>1.8.4</small>
						</td>

						
						
						
							<td>Yes ⚠️</td>
							<td class="fail">FAIL</td>
						
						

						
					</tr>
					
					<tr>
						<td>
							<a href="#arduino%3ambed_nano%3ananorp2040connect"><b>arduino:mbed_nano:nanorp2040connect</b></a>
							<br />
							<small>2.7.2</small>
						</td>

						
						
						
							<td>Yes ⚠️</td>
							<td class="fail">FAIL</td>
						
						

						
					</tr>
					
					<tr>
						<td>
							<a href="#arduino%3amegaavr%3anona4809"><b>arduino:megaavr:nona4809</b></a>
							<br />
							<small>1.8.7</small>
						</td>

						
						
						
							<td>Yes ⚠️</td>
							<td class="fail">FAIL</td>
						
						

						
					</tr>
					
					<tr>
						<td>
							<a href="#arduino%3asamd%3amkrwifi1010"><b>arduino:samd:mkrwifi1010</b></a>
							<br />
							<small>1.8.12</small>
						</td>

						
						
						
							<td>Yes ⚠️</td>
							<td class="fail">FAIL</td>
						
						

						
					</tr>
					
					<tr>
						<td>
							<a href="#esp32%3aesp32%3ad1_mini32"><b>esp32:esp32:d1_mini32</b></a>
							<br />
							<small>1.0.6</small>
						</td>

						
						
						
							<td>Yes ⚠️</td>
							<td class="fail">FAIL</td>
						
						

						
					</tr>
					
				</table>

				<h2>Compilation logs</h2>
				
				<h3 id="arduino:avr:uno">arduino:avr:uno @ 1.8.4</h3>
				<h4>Inclusion</h4>
				<p>
					Result: <b>FAIL</b>
					
				</p>
				<pre class="pre-scrollable">/home/ec2-user/arduino-testlib/cli-datadir/user/libraries/Atmega32u4_IO/src/Atmega32u4_IO.cpp: In member function &#39;int Cing::ReadLightSensor(int, String)&#39;:
/home/ec2-user/arduino-testlib/cli-datadir/user/libraries/Atmega32u4_IO/src/Atmega32u4_IO.cpp:26:22: error: &#39;A11&#39; was not declared in this scope
 #define LightSensor2 A11
                      ^
/home/ec2-user/arduino-testlib/cli-datadir/user/libraries/Atmega32u4_IO/src/Atmega32u4_IO.cpp:184:11: note: in expansion of macro &#39;LightSensor2&#39;
   pinMode(LightSensor2,INPUT);//2
           ^~~~~~~~~~~~
/home/ec2-user/arduino-testlib/cli-datadir/user/libraries/Atmega32u4_IO/src/Atmega32u4_IO.cpp:26:22: note: suggested alternative: &#39;A1&#39;
 #define LightSensor2 A11
                      ^
/home/ec2-user/arduino-testlib/cli-datadir/user/libraries/Atmega32u4_IO/src/Atmega32u4_IO.cpp:184:11: note: in expansion of macro &#39;LightSensor2&#39;
   pinMode(LightSensor2,INPUT);//2
           ^~~~~~~~~~~~
/home/ec2-user/arduino-testlib/cli-datadir/user/libraries/Atmega32u4_IO/src/Atmega32u4_IO.cpp: In member function &#39;int Cing::ReadShineArray(int)&#39;:
/home/ec2-user/arduino-testlib/cli-datadir/user/libraries/Atmega32u4_IO/src/Atmega32u4_IO.cpp:27:21: error: &#39;A8&#39; was not declared in this scope
 #define ShineArray1 A8
                     ^
/home/ec2-user/arduino-testlib/cli-datadir/user/libraries/Atmega32u4_IO/src/Atmega32u4_IO.cpp:343:32: note: in expansion of macro &#39;ShineArray1&#39;
   int value1 = map(digitalRead(ShineArray1),0,1,100,0);
                                ^~~~~~~~~~~
/home/ec2-user/arduino-testlib/cli-datadir/user/libraries/Atmega32u4_IO/src/Atmega32u4_IO.cpp:27:21: note: suggested alternative: &#39;A7&#39;
 #define ShineArray1 A8
                     ^
/home/ec2-user/arduino-testlib/cli-datadir/user/libraries/Atmega32u4_IO/src/Atmega32u4_IO.cpp:343:32: note: in expansion of macro &#39;ShineArray1&#39;
   int value1 = map(digitalRead(ShineArray1),0,1,100,0);
                                ^~~~~~~~~~~
Multiple libraries were found for &#34;OneWire.h&#34;
  Used: /home/ec2-user/arduino-testlib/cli-datadir/user/libraries/OneWire
  Not used: /home/ec2-user/arduino-testlib/cli-datadir/user/libraries/OneWireNg
  Not used: /home/ec2-user/arduino-testlib/cli-datadir/user/libraries/MAX31850_OneWire
  Not used: /home/ec2-user/arduino-testlib/cli-datadir/user/libraries/SDU_AGS_SensorBoard
Multiple libraries were found for &#34;DallasTemperature.h&#34;
  Used: /home/ec2-user/arduino-testlib/cli-datadir/user/libraries/DallasTemperature
  Not used: /home/ec2-user/arduino-testlib/cli-datadir/user/libraries/MAX31850_DallasTemp
  Not used: /home/ec2-user/arduino-testlib/cli-datadir/user/libraries/SDU_AGS_SensorBoard
Multiple libraries were found for &#34;Adafruit_NeoPixel.h&#34;
  Used: /home/ec2-user/arduino-testlib/cli-datadir/user/libraries/Adafruit_NeoPixel
  Not used: /home/ec2-user/arduino-testlib/cli-datadir/user/libraries/Leaphy_Extra_Extension
  Not used: /home/ec2-user/arduino-testlib/cli-datadir/user/libraries/Pinduino
Multiple libraries were found for &#34;SoftwareSerial.h&#34;
  Used: /home/ec2-user/arduino-testlib/cli-datadir/data/packages/arduino/hardware/avr/1.8.4/libraries/SoftwareSerial
  Not used: /home/ec2-user/arduino-testlib/cli-datadir/user/libraries/EspSoftwareSerial
  Not used: /home/ec2-user/arduino-testlib/cli-datadir/user/libraries/Printoo_Library
  Not used: /home/ec2-user/arduino-testlib/cli-datadir/user/libraries/Dabble
</pre>

					
				
				<h3 id="arduino:mbed_nano:nanorp2040connect">arduino:mbed_nano:nanorp2040connect @ 2.7.2</h3>
				<h4>Inclusion</h4>
				<p>
					Result: <b>FAIL</b>
					
				</p>
				<pre class="pre-scrollable">/home/ec2-user/arduino-testlib/cli-datadir/user/libraries/Dabble/src/SoftwareSerial.cpp:45:10: fatal error: util/delay_basic.h: No such file or directory
 #include &lt;util/delay_basic.h&gt;
          ^~~~~~~~~~~~~~~~~~~~
compilation terminated.
Multiple libraries were found for &#34;Adafruit_NeoPixel.h&#34;
  Used: /home/ec2-user/arduino-testlib/cli-datadir/user/libraries/Adafruit_NeoPixel
  Not used: /home/ec2-user/arduino-testlib/cli-datadir/user/libraries/Leaphy_Extra_Extension
  Not used: /home/ec2-user/arduino-testlib/cli-datadir/user/libraries/Pinduino
Multiple libraries were found for &#34;SoftwareSerial.h&#34;
  Used: /home/ec2-user/arduino-testlib/cli-datadir/user/libraries/Dabble
  Not used: /home/ec2-user/arduino-testlib/cli-datadir/user/libraries/EspSoftwareSerial
  Not used: /home/ec2-user/arduino-testlib/cli-datadir/user/libraries/Printoo_Library
Multiple libraries were found for &#34;OneWire.h&#34;
  Used: /home/ec2-user/arduino-testlib/cli-datadir/user/libraries/OneWire
  Not used: /home/ec2-user/arduino-testlib/cli-datadir/user/libraries/MAX31850_OneWire
  Not used: /home/ec2-user/arduino-testlib/cli-datadir/user/libraries/OneWireNg
  Not used: /home/ec2-user/arduino-testlib/cli-datadir/user/libraries/SDU_AGS_SensorBoard
Multiple libraries were found for &#34;DallasTemperature.h&#34;
  Used: /home/ec2-user/arduino-testlib/cli-datadir/user/libraries/DallasTemperature
  Not used: /home/ec2-user/arduino-testlib/cli-datadir/user/libraries/MAX31850_DallasTemp
  Not used: /home/ec2-user/arduino-testlib/cli-datadir/user/libraries/SDU_AGS_SensorBoard
</pre>

					
				
				<h3 id="arduino:megaavr:nona4809">arduino:megaavr:nona4809 @ 1.8.7</h3>
				<h4>Inclusion</h4>
				<p>
					Result: <b>FAIL</b>
					
				</p>
				<pre class="pre-scrollable">/home/ec2-user/arduino-testlib/cli-datadir/user/libraries/Atmega32u4_IO/src/Atmega32u4_IO.cpp: In member function &#39;int Cing::ReadLightSensor(int, arduino::String)&#39;:
/home/ec2-user/arduino-testlib/cli-datadir/user/libraries/Atmega32u4_IO/src/Atmega32u4_IO.cpp:26:22: error: &#39;A11&#39; was not declared in this scope
 #define LightSensor2 A11
                      ^
/home/ec2-user/arduino-testlib/cli-datadir/user/libraries/Atmega32u4_IO/src/Atmega32u4_IO.cpp:184:11: note: in expansion of macro &#39;LightSensor2&#39;
   pinMode(LightSensor2,INPUT);//2
           ^~~~~~~~~~~~
/home/ec2-user/arduino-testlib/cli-datadir/user/libraries/Atmega32u4_IO/src/Atmega32u4_IO.cpp:26:22: note: suggested alternative: &#39;A1&#39;
 #define LightSensor2 A11
                      ^
/home/ec2-user/arduino-testlib/cli-datadir/user/libraries/Atmega32u4_IO/src/Atmega32u4_IO.cpp:184:11: note: in expansion of macro &#39;LightSensor2&#39;
   pinMode(LightSensor2,INPUT);//2
           ^~~~~~~~~~~~
/home/ec2-user/arduino-testlib/cli-datadir/user/libraries/Atmega32u4_IO/src/Atmega32u4_IO.cpp: In member function &#39;int Cing::ReadShineArray(int)&#39;:
/home/ec2-user/arduino-testlib/cli-datadir/user/libraries/Atmega32u4_IO/src/Atmega32u4_IO.cpp:27:21: error: &#39;A8&#39; was not declared in this scope
 #define ShineArray1 A8
                     ^
/home/ec2-user/arduino-testlib/cli-datadir/user/libraries/Atmega32u4_IO/src/Atmega32u4_IO.cpp:343:32: note: in expansion of macro &#39;ShineArray1&#39;
   int value1 = map(digitalRead(ShineArray1),0,1,100,0);
                                ^~~~~~~~~~~
/home/ec2-user/arduino-testlib/cli-datadir/user/libraries/Atmega32u4_IO/src/Atmega32u4_IO.cpp:27:21: note: suggested alternative: &#39;A7&#39;
 #define ShineArray1 A8
                     ^
/home/ec2-user/arduino-testlib/cli-datadir/user/libraries/Atmega32u4_IO/src/Atmega32u4_IO.cpp:343:32: note: in expansion of macro &#39;ShineArray1&#39;
   int value1 = map(digitalRead(ShineArray1),0,1,100,0);
                                ^~~~~~~~~~~
Multiple libraries were found for &#34;DallasTemperature.h&#34;
  Used: /home/ec2-user/arduino-testlib/cli-datadir/user/libraries/DallasTemperature
  Not used: /home/ec2-user/arduino-testlib/cli-datadir/user/libraries/SDU_AGS_SensorBoard
  Not used: /home/ec2-user/arduino-testlib/cli-datadir/user/libraries/MAX31850_DallasTemp
Multiple libraries were found for &#34;SoftwareSerial.h&#34;
  Used: /home/ec2-user/arduino-testlib/cli-datadir/data/packages/arduino/hardware/megaavr/1.8.7/libraries/SoftwareSerial
  Not used: /home/ec2-user/arduino-testlib/cli-datadir/user/libraries/Printoo_Library
  Not used: /home/ec2-user/arduino-testlib/cli-datadir/user/libraries/Dabble
  Not used: /home/ec2-user/arduino-testlib/cli-datadir/user/libraries/EspSoftwareSerial
Multiple libraries were found for &#34;OneWire.h&#34;
  Used: /home/ec2-user/arduino-testlib/cli-datadir/user/libraries/OneWire
  Not used: /home/ec2-user/arduino-testlib/cli-datadir/user/libraries/OneWireNg
  Not used: /home/ec2-user/arduino-testlib/cli-datadir/user/libraries/SDU_AGS_SensorBoard
  Not used: /home/ec2-user/arduino-testlib/cli-datadir/user/libraries/MAX31850_OneWire
Multiple libraries were found for &#34;Adafruit_NeoPixel.h&#34;
  Used: /home/ec2-user/arduino-testlib/cli-datadir/user/libraries/Adafruit_NeoPixel
  Not used: /home/ec2-user/arduino-testlib/cli-datadir/user/libraries/Leaphy_Extra_Extension
  Not used: /home/ec2-user/arduino-testlib/cli-datadir/user/libraries/Pinduino
</pre>

					
				
				<h3 id="arduino:samd:mkrwifi1010">arduino:samd:mkrwifi1010 @ 1.8.12</h3>
				<h4>Inclusion</h4>
				<p>
					Result: <b>FAIL</b>
					
				</p>
				<pre class="pre-scrollable">/home/ec2-user/arduino-testlib/cli-datadir/user/libraries/Dabble/src/SoftwareSerial.cpp:45:10: fatal error: util/delay_basic.h: No such file or directory
 #include &lt;util/delay_basic.h&gt;
          ^~~~~~~~~~~~~~~~~~~~
compilation terminated.
Multiple libraries were found for &#34;OneWire.h&#34;
  Used: /home/ec2-user/arduino-testlib/cli-datadir/user/libraries/OneWire
  Not used: /home/ec2-user/arduino-testlib/cli-datadir/user/libraries/MAX31850_OneWire
  Not used: /home/ec2-user/arduino-testlib/cli-datadir/user/libraries/OneWireNg
  Not used: /home/ec2-user/arduino-testlib/cli-datadir/user/libraries/SDU_AGS_SensorBoard
Multiple libraries were found for &#34;Adafruit_NeoPixel.h&#34;
  Used: /home/ec2-user/arduino-testlib/cli-datadir/user/libraries/Adafruit_NeoPixel
  Not used: /home/ec2-user/arduino-testlib/cli-datadir/user/libraries/Pinduino
  Not used: /home/ec2-user/arduino-testlib/cli-datadir/user/libraries/Leaphy_Extra_Extension
Multiple libraries were found for &#34;SoftwareSerial.h&#34;
  Used: /home/ec2-user/arduino-testlib/cli-datadir/user/libraries/Dabble
  Not used: /home/ec2-user/arduino-testlib/cli-datadir/user/libraries/EspSoftwareSerial
  Not used: /home/ec2-user/arduino-testlib/cli-datadir/user/libraries/Printoo_Library
Multiple libraries were found for &#34;DallasTemperature.h&#34;
  Used: /home/ec2-user/arduino-testlib/cli-datadir/user/libraries/DallasTemperature
  Not used: /home/ec2-user/arduino-testlib/cli-datadir/user/libraries/MAX31850_DallasTemp
  Not used: /home/ec2-user/arduino-testlib/cli-datadir/user/libraries/SDU_AGS_SensorBoard
</pre>

					
				
				<h3 id="esp32:esp32:d1_mini32">esp32:esp32:d1_mini32 @ 1.0.6</h3>
				<h4>Inclusion</h4>
				<p>
					Result: <b>FAIL</b>
					
				</p>
				<pre class="pre-scrollable">In file included from /tmp/arduino-testlib2093252429/test/test.ino:1:0:
/home/ec2-user/arduino-testlib/cli-datadir/user/libraries/Atmega32u4_IO/src/Atmega32u4_IO.h:29:41: error: invalid conversion from &#39;const char*&#39; to &#39;int&#39; [-fpermissive]
     float ReadGyro(String axis,int mode=&#34;angle&#34;);
                                         ^
Multiple libraries were found for &#34;OneWire.h&#34;
  Used: /home/ec2-user/arduino-testlib/cli-datadir/user/libraries/OneWire
  Not used: /home/ec2-user/arduino-testlib/cli-datadir/user/libraries/OneWireNg
  Not used: /home/ec2-user/arduino-testlib/cli-datadir/user/libraries/SDU_AGS_SensorBoard
  Not used: /home/ec2-user/arduino-testlib/cli-datadir/user/libraries/MAX31850_OneWire
Multiple libraries were found for &#34;Adafruit_NeoPixel.h&#34;
  Used: /home/ec2-user/arduino-testlib/cli-datadir/user/libraries/Adafruit_NeoPixel
  Not used: /home/ec2-user/arduino-testlib/cli-datadir/user/libraries/Leaphy_Extra_Extension
  Not used: /home/ec2-user/arduino-testlib/cli-datadir/user/libraries/Pinduino
Multiple libraries were found for &#34;DallasTemperature.h&#34;
  Used: /home/ec2-user/arduino-testlib/cli-datadir/user/libraries/DallasTemperature
  Not used: /home/ec2-user/arduino-testlib/cli-datadir/user/libraries/SDU_AGS_SensorBoard
  Not used: /home/ec2-user/arduino-testlib/cli-datadir/user/libraries/MAX31850_DallasTemp
Multiple libraries were found for &#34;SoftwareSerial.h&#34;
  Used: /home/ec2-user/arduino-testlib/cli-datadir/user/libraries/EspSoftwareSerial
  Not used: /home/ec2-user/arduino-testlib/cli-datadir/user/libraries/Dabble
  Not used: /home/ec2-user/arduino-testlib/cli-datadir/user/libraries/Printoo_Library
</pre>

					
				
			</div>
		</div>
	</div>
  </body>
</html>
