
<!doctype html>
<html lang="en">
  <head>
    <meta charset="utf-8">
    <meta name="viewport" content="width=device-width, initial-scale=1">
    <link href="https://cdn.jsdelivr.net/npm/bootstrap@5.0.2/dist/css/bootstrap.min.css" rel="stylesheet" integrity="sha384-EVSTQN3/azprG1Anm3QDgpJLIm9Nao0Yz1ztcQTwFspd3yD65VohhpuuCOmLASjC" crossorigin="anonymous">
    <title>arduino-testlib report</title>
	<style>
	.pass { background-color: #00FF00 !important; }
	.fail { background-color: #FF0000 !important; }
	</style>
  </head>
  <body>
	<div class="container">
		<div class="row">
			<div class="col">
				<h1>Attiny85_IO - compatibility matrix</h1>
				<p>
					<small>This report was generated on Wednesday, 23-Feb-22 22:48:15 CET using 
					<a href="https://github.com/alranel/arduino-testlib">arduino-testlib</a>.</small>
				</p>

				<h2>Attiny85_IO</h2>
				<p>
					Version: <b>3.0.7</b>
					<br />
					<a href="https://www.arduino.cc/reference/en/libraries/attiny85_io/">More details</a>
				</p>

				<h2>Compatibility matrix</h2>
				<table class="table table-bordered">
					<tr>
						<th>Board</th>
						<th>Claims compatibility</th>
						<th>Inclusion</th>
						
					</tr>
					
					<tr>
						<td>
							<a href="#arduino%3aavr%3auno"><b>arduino:avr:uno</b></a>
							<br />
							<small>1.8.4</small>
						</td>

						
							<td>Yes</td>
							<td class="pass">PASS</td>
						
						
						
						

						
					</tr>
					
					<tr>
						<td>
							<a href="#arduino%3ambed_nano%3ananorp2040connect"><b>arduino:mbed_nano:nanorp2040connect</b></a>
							<br />
							<small>2.7.2</small>
						</td>

						
							<td>Yes</td>
							<td class="pass">PASS</td>
						
						
						
						

						
					</tr>
					
					<tr>
						<td>
							<a href="#arduino%3amegaavr%3anona4809"><b>arduino:megaavr:nona4809</b></a>
							<br />
							<small>1.8.7</small>
						</td>

						
							<td>Yes</td>
							<td class="pass">PASS</td>
						
						
						
						

						
					</tr>
					
					<tr>
						<td>
							<a href="#arduino%3asamd%3amkrwifi1010"><b>arduino:samd:mkrwifi1010</b></a>
							<br />
							<small>1.8.12</small>
						</td>

						
							<td>Yes</td>
							<td class="pass">PASS</td>
						
						
						
						

						
					</tr>
					
					<tr>
						<td>
							<a href="#esp32%3aesp32%3ad1_mini32"><b>esp32:esp32:d1_mini32</b></a>
							<br />
							<small>1.0.6</small>
						</td>

						
						
						
							<td>Yes ⚠️</td>
							<td class="fail">FAIL</td>
						
						

						
					</tr>
					
				</table>

				<h2>Compilation logs</h2>
				
				<h3 id="arduino:avr:uno">arduino:avr:uno @ 1.8.4</h3>
				<h4>Inclusion</h4>
				<p>
					Result: <b>PASS</b>
					
				</p>
				<pre class="pre-scrollable">Sketch uses 786 bytes (2%) of program storage space. Maximum is 32256 bytes.
Global variables use 46 bytes (2%) of dynamic memory, leaving 2002 bytes for local variables. Maximum is 2048 bytes.
</pre>

					
				
				<h3 id="arduino:mbed_nano:nanorp2040connect">arduino:mbed_nano:nanorp2040connect @ 2.7.2</h3>
				<h4>Inclusion</h4>
				<p>
					Result: <b>PASS</b>
					
				</p>
				<pre class="pre-scrollable">Sketch uses 79070 bytes (0%) of program storage space. Maximum is 16777216 bytes.
Global variables use 43500 bytes (16%) of dynamic memory, leaving 226836 bytes for local variables. Maximum is 270336 bytes.
</pre>

					
				
				<h3 id="arduino:megaavr:nona4809">arduino:megaavr:nona4809 @ 1.8.7</h3>
				<h4>Inclusion</h4>
				<p>
					Result: <b>PASS</b>
					
				</p>
				<pre class="pre-scrollable">Sketch uses 960 bytes (1%) of program storage space. Maximum is 49152 bytes.
Global variables use 59 bytes (0%) of dynamic memory, leaving 6085 bytes for local variables. Maximum is 6144 bytes.
</pre>

					
				
				<h3 id="arduino:samd:mkrwifi1010">arduino:samd:mkrwifi1010 @ 1.8.12</h3>
				<h4>Inclusion</h4>
				<p>
					Result: <b>PASS</b>
					
				</p>
				<pre class="pre-scrollable">Sketch uses 12300 bytes (4%) of program storage space. Maximum is 262144 bytes.
Global variables use 3048 bytes (9%) of dynamic memory, leaving 29720 bytes for local variables. Maximum is 32768 bytes.
</pre>

					
				
				<h3 id="esp32:esp32:d1_mini32">esp32:esp32:d1_mini32 @ 1.0.6</h3>
				<h4>Inclusion</h4>
				<p>
					Result: <b>FAIL</b>
					
				</p>
				<pre class="pre-scrollable">/home/ec2-user/arduino-testlib/cli-datadir/user/libraries/Attiny85_IO/src/Attiny85_IO.cpp: In member function &#39;void Cing::RunMotor(String, int, String)&#39;:
/home/ec2-user/arduino-testlib/cli-datadir/user/libraries/Attiny85_IO/src/Attiny85_IO.cpp:36:39: error: &#39;analogWrite&#39; was not declared in this scope
           analogWrite(motorA,speed_set);
                                       ^
/home/ec2-user/arduino-testlib/cli-datadir/user/libraries/Attiny85_IO/src/Attiny85_IO.cpp:40:39: error: &#39;analogWrite&#39; was not declared in this scope
           analogWrite(motorB,speed_set);
                                       ^
/home/ec2-user/arduino-testlib/cli-datadir/user/libraries/Attiny85_IO/src/Attiny85_IO.cpp:44:39: error: &#39;analogWrite&#39; was not declared in this scope
           analogWrite(motorA,speed_set);
                                       ^
/home/ec2-user/arduino-testlib/cli-datadir/user/libraries/Attiny85_IO/src/Attiny85_IO.cpp:49:31: error: &#39;analogWrite&#39; was not declared in this scope
           analogWrite(motorA,0);
                               ^
/home/ec2-user/arduino-testlib/cli-datadir/user/libraries/Attiny85_IO/src/Attiny85_IO.cpp: In member function &#39;int Cing::ReadLightSensor(int, String)&#39;:
/home/ec2-user/arduino-testlib/cli-datadir/user/libraries/Attiny85_IO/src/Attiny85_IO.cpp:97:26: error: &#39;A2&#39; was not declared in this scope
     #define LightSensor1 A2
                          ^
/home/ec2-user/arduino-testlib/cli-datadir/user/libraries/Attiny85_IO/src/Attiny85_IO.cpp:99:13: note: in expansion of macro &#39;LightSensor1&#39;
     pinMode(LightSensor1,INPUT);//1
             ^
/home/ec2-user/arduino-testlib/cli-datadir/user/libraries/Attiny85_IO/src/Attiny85_IO.cpp: In member function &#39;int Cing::ReadShineSensor()&#39;:
/home/ec2-user/arduino-testlib/cli-datadir/user/libraries/Attiny85_IO/src/Attiny85_IO.cpp:153:25: error: &#39;A1&#39; was not declared in this scope
     #define ShineSensor A1
                         ^
/home/ec2-user/arduino-testlib/cli-datadir/user/libraries/Attiny85_IO/src/Attiny85_IO.cpp:155:13: note: in expansion of macro &#39;ShineSensor&#39;
     pinMode(ShineSensor,INPUT);
             ^
/home/ec2-user/arduino-testlib/cli-datadir/user/libraries/Attiny85_IO/src/Attiny85_IO.cpp: In member function &#39;int Cing::ReadPotentiometerExternal()&#39;:
/home/ec2-user/arduino-testlib/cli-datadir/user/libraries/Attiny85_IO/src/Attiny85_IO.cpp:164:27: error: &#39;A1&#39; was not declared in this scope
     #define Potentiometer A1
                           ^
/home/ec2-user/arduino-testlib/cli-datadir/user/libraries/Attiny85_IO/src/Attiny85_IO.cpp:165:13: note: in expansion of macro &#39;Potentiometer&#39;
     pinMode(Potentiometer,INPUT);
             ^
Multiple libraries were found for &#34;OneWire.h&#34;
  Used: /home/ec2-user/arduino-testlib/cli-datadir/user/libraries/OneWire
  Not used: /home/ec2-user/arduino-testlib/cli-datadir/user/libraries/SDU_AGS_SensorBoard
  Not used: /home/ec2-user/arduino-testlib/cli-datadir/user/libraries/MAX31850_OneWire
  Not used: /home/ec2-user/arduino-testlib/cli-datadir/user/libraries/OneWireNg
Multiple libraries were found for &#34;DallasTemperature.h&#34;
  Used: /home/ec2-user/arduino-testlib/cli-datadir/user/libraries/DallasTemperature
  Not used: /home/ec2-user/arduino-testlib/cli-datadir/user/libraries/SDU_AGS_SensorBoard
  Not used: /home/ec2-user/arduino-testlib/cli-datadir/user/libraries/MAX31850_DallasTemp
</pre>

					
				
			</div>
		</div>
	</div>
  </body>
</html>
