
<!doctype html>
<html lang="en">
  <head>
    <meta charset="utf-8">
    <meta name="viewport" content="width=device-width, initial-scale=1">
    <link href="https://cdn.jsdelivr.net/npm/bootstrap@5.0.2/dist/css/bootstrap.min.css" rel="stylesheet" integrity="sha384-EVSTQN3/azprG1Anm3QDgpJLIm9Nao0Yz1ztcQTwFspd3yD65VohhpuuCOmLASjC" crossorigin="anonymous">
    <title>arduino-testlib report</title>
	<style>
	.pass { background-color: #00FF00 !important; }
	.fail { background-color: #FF0000 !important; }
	</style>
  </head>
  <body>
	<div class="container">
		<div class="row">
			<div class="col">
				<h1>AutoAnalogAudio - compatibility matrix</h1>
				<p>
					<small>This report was generated on Wednesday, 23-Feb-22 22:48:15 CET using 
					<a href="https://github.com/alranel/arduino-testlib">arduino-testlib</a>.</small>
				</p>

				<h2>AutoAnalogAudio</h2>
				<p>
					Version: <b>1.43</b>
					<br />
					<a href="https://www.arduino.cc/reference/en/libraries/autoanalogaudio/">More details</a>
				</p>

				<h2>Compatibility matrix</h2>
				<table class="table table-bordered">
					<tr>
						<th>Board</th>
						<th>Claims compatibility</th>
						<th>Inclusion</th>
						
						<th><pre>AudioRadioRelay</pre></th>
						
						<th><pre>ESP32</pre></th>
						
						<th><pre>SDAudio</pre></th>
						
						<th><pre>SimpleAdcStream</pre></th>
						
						<th><pre>SimpleSine</pre></th>
						
						<th><pre>MultiChannelAdcStream</pre></th>
						
						<th><pre>SimpleSine12Bit</pre></th>
						
						<th><pre>WirelessMicrophone</pre></th>
						
						<th><pre>WirelessSpeaker</pre></th>
						
						<th><pre>WirelessTx_RPi</pre></th>
						
					</tr>
					
					<tr>
						<td>
							<a href="#arduino%3aavr%3auno"><b>arduino:avr:uno</b></a>
							<br />
							<small>1.8.4</small>
						</td>

						
						
						
							<td>Yes ⚠️</td>
							<td class="fail">FAIL</td>
						
						

						
							
								
									
										
											<td class="pass">PASS</td>
											
										
									
										
									
										
									
										
									
										
									
										
									
										
									
										
									
										
									
										
									
								
							
								
							
								
							
								
							
								
							
						
							
								
									
										
									
										
											
											<td class="fail">FAIL</td>
										
									
										
									
										
									
										
									
										
									
										
									
										
									
										
									
										
									
								
							
								
							
								
							
								
							
								
							
						
							
								
									
										
									
										
									
										
									
										
											
											<td class="fail">FAIL</td>
										
									
										
									
										
									
										
									
										
									
										
									
										
									
								
							
								
							
								
							
								
							
								
							
						
							
								
									
										
									
										
									
										
									
										
									
										
											
											<td class="fail">FAIL</td>
										
									
										
									
										
									
										
									
										
									
										
									
								
							
								
							
								
							
								
							
								
							
						
							
								
									
										
									
										
									
										
									
										
									
										
									
										
											<td class="pass">PASS</td>
											
										
									
										
									
										
									
										
									
										
									
								
							
								
							
								
							
								
							
								
							
						
							
								
									
										
									
										
									
										
											
											<td class="fail">FAIL</td>
										
									
										
									
										
									
										
									
										
									
										
									
										
									
										
									
								
							
								
							
								
							
								
							
								
							
						
							
								
									
										
									
										
									
										
									
										
									
										
									
										
									
										
											<td class="pass">PASS</td>
											
										
									
										
									
										
									
										
									
								
							
								
							
								
							
								
							
								
							
						
							
								
									
										
									
										
									
										
									
										
									
										
									
										
									
										
									
										
											
											<td class="fail">FAIL</td>
										
									
										
									
										
									
								
							
								
							
								
							
								
							
								
							
						
							
								
									
										
									
										
									
										
									
										
									
										
									
										
									
										
									
										
									
										
											
											<td class="fail">FAIL</td>
										
									
										
									
								
							
								
							
								
							
								
							
								
							
						
							
								
									
										
									
										
									
										
									
										
									
										
									
										
									
										
									
										
									
										
									
										
											
											<td class="fail">FAIL</td>
										
									
								
							
								
							
								
							
								
							
								
							
						
					</tr>
					
					<tr>
						<td>
							<a href="#arduino%3ambed_nano%3ananorp2040connect"><b>arduino:mbed_nano:nanorp2040connect</b></a>
							<br />
							<small>2.7.2</small>
						</td>

						
						
							<td>No ⚠️</td>
							<td class="pass">PASS</td>
						
						
						

						
							
								
							
								
									
										
											
											<td class="fail">FAIL</td>
										
									
										
									
										
									
										
									
										
									
										
									
										
									
										
									
										
									
										
									
								
							
								
							
								
							
								
							
						
							
								
							
								
									
										
									
										
											
											<td class="fail">FAIL</td>
										
									
										
									
										
									
										
									
										
									
										
									
										
									
										
									
										
									
								
							
								
							
								
							
								
							
						
							
								
							
								
									
										
									
										
									
										
									
										
											
											<td class="fail">FAIL</td>
										
									
										
									
										
									
										
									
										
									
										
									
										
									
								
							
								
							
								
							
								
							
						
							
								
							
								
									
										
									
										
									
										
									
										
									
										
											
											<td class="fail">FAIL</td>
										
									
										
									
										
									
										
									
										
									
										
									
								
							
								
							
								
							
								
							
						
							
								
							
								
									
										
									
										
									
										
									
										
									
										
									
										
											
											<td class="fail">FAIL</td>
										
									
										
									
										
									
										
									
										
									
								
							
								
							
								
							
								
							
						
							
								
							
								
									
										
									
										
									
										
											
											<td class="fail">FAIL</td>
										
									
										
									
										
									
										
									
										
									
										
									
										
									
										
									
								
							
								
							
								
							
								
							
						
							
								
							
								
									
										
									
										
									
										
									
										
									
										
									
										
									
										
											
											<td class="fail">FAIL</td>
										
									
										
									
										
									
										
									
								
							
								
							
								
							
								
							
						
							
								
							
								
									
										
									
										
									
										
									
										
									
										
									
										
									
										
									
										
											
											<td class="fail">FAIL</td>
										
									
										
									
										
									
								
							
								
							
								
							
								
							
						
							
								
							
								
									
										
									
										
									
										
									
										
									
										
									
										
									
										
									
										
									
										
											
											<td class="fail">FAIL</td>
										
									
										
									
								
							
								
							
								
							
								
							
						
							
								
							
								
									
										
									
										
									
										
									
										
									
										
									
										
									
										
									
										
									
										
									
										
											
											<td class="fail">FAIL</td>
										
									
								
							
								
							
								
							
								
							
						
					</tr>
					
					<tr>
						<td>
							<a href="#arduino%3amegaavr%3anona4809"><b>arduino:megaavr:nona4809</b></a>
							<br />
							<small>1.8.7</small>
						</td>

						
						
							<td>No ⚠️</td>
							<td class="pass">PASS</td>
						
						
						

						
							
								
							
								
							
								
									
										
											
											<td class="fail">FAIL</td>
										
									
										
									
										
									
										
									
										
									
										
									
										
									
										
									
										
									
										
									
								
							
								
							
								
							
						
							
								
							
								
							
								
									
										
									
										
											
											<td class="fail">FAIL</td>
										
									
										
									
										
									
										
									
										
									
										
									
										
									
										
									
										
									
								
							
								
							
								
							
						
							
								
							
								
							
								
									
										
									
										
									
										
									
										
											
											<td class="fail">FAIL</td>
										
									
										
									
										
									
										
									
										
									
										
									
										
									
								
							
								
							
								
							
						
							
								
							
								
							
								
									
										
									
										
									
										
									
										
									
										
											
											<td class="fail">FAIL</td>
										
									
										
									
										
									
										
									
										
									
										
									
								
							
								
							
								
							
						
							
								
							
								
							
								
									
										
									
										
									
										
									
										
									
										
									
										
											
											<td class="fail">FAIL</td>
										
									
										
									
										
									
										
									
										
									
								
							
								
							
								
							
						
							
								
							
								
							
								
									
										
									
										
									
										
											
											<td class="fail">FAIL</td>
										
									
										
									
										
									
										
									
										
									
										
									
										
									
										
									
								
							
								
							
								
							
						
							
								
							
								
							
								
									
										
									
										
									
										
									
										
									
										
									
										
									
										
											
											<td class="fail">FAIL</td>
										
									
										
									
										
									
										
									
								
							
								
							
								
							
						
							
								
							
								
							
								
									
										
									
										
									
										
									
										
									
										
									
										
									
										
									
										
											
											<td class="fail">FAIL</td>
										
									
										
									
										
									
								
							
								
							
								
							
						
							
								
							
								
							
								
									
										
									
										
									
										
									
										
									
										
									
										
									
										
									
										
									
										
											
											<td class="fail">FAIL</td>
										
									
										
									
								
							
								
							
								
							
						
							
								
							
								
							
								
									
										
									
										
									
										
									
										
									
										
									
										
									
										
									
										
									
										
									
										
											
											<td class="fail">FAIL</td>
										
									
								
							
								
							
								
							
						
					</tr>
					
					<tr>
						<td>
							<a href="#arduino%3asamd%3amkrwifi1010"><b>arduino:samd:mkrwifi1010</b></a>
							<br />
							<small>1.8.12</small>
						</td>

						
						
							<td>No ⚠️</td>
							<td class="pass">PASS</td>
						
						
						

						
							
								
							
								
							
								
							
								
									
										
											
											<td class="fail">FAIL</td>
										
									
										
									
										
									
										
									
										
									
										
									
										
									
										
									
										
									
										
									
								
							
								
							
						
							
								
							
								
							
								
							
								
									
										
									
										
											
											<td class="fail">FAIL</td>
										
									
										
									
										
									
										
									
										
									
										
									
										
									
										
									
										
									
								
							
								
							
						
							
								
							
								
							
								
							
								
									
										
									
										
									
										
									
										
											
											<td class="fail">FAIL</td>
										
									
										
									
										
									
										
									
										
									
										
									
										
									
								
							
								
							
						
							
								
							
								
							
								
							
								
									
										
									
										
									
										
									
										
									
										
											
											<td class="fail">FAIL</td>
										
									
										
									
										
									
										
									
										
									
										
									
								
							
								
							
						
							
								
							
								
							
								
							
								
									
										
									
										
									
										
									
										
									
										
									
										
											
											<td class="fail">FAIL</td>
										
									
										
									
										
									
										
									
										
									
								
							
								
							
						
							
								
							
								
							
								
							
								
									
										
									
										
									
										
											
											<td class="fail">FAIL</td>
										
									
										
									
										
									
										
									
										
									
										
									
										
									
										
									
								
							
								
							
						
							
								
							
								
							
								
							
								
									
										
									
										
									
										
									
										
									
										
									
										
									
										
											
											<td class="fail">FAIL</td>
										
									
										
									
										
									
										
									
								
							
								
							
						
							
								
							
								
							
								
							
								
									
										
									
										
									
										
									
										
									
										
									
										
									
										
									
										
											
											<td class="fail">FAIL</td>
										
									
										
									
										
									
								
							
								
							
						
							
								
							
								
							
								
							
								
									
										
									
										
									
										
									
										
									
										
									
										
									
										
									
										
									
										
											
											<td class="fail">FAIL</td>
										
									
										
									
								
							
								
							
						
							
								
							
								
							
								
							
								
									
										
									
										
									
										
									
										
									
										
									
										
									
										
									
										
									
										
									
										
											
											<td class="fail">FAIL</td>
										
									
								
							
								
							
						
					</tr>
					
					<tr>
						<td>
							<a href="#esp32%3aesp32%3ad1_mini32"><b>esp32:esp32:d1_mini32</b></a>
							<br />
							<small>1.0.6</small>
						</td>

						
							<td>Yes</td>
							<td class="pass">PASS</td>
						
						
						
						

						
							
								
							
								
							
								
							
								
							
								
									
										
											
											<td class="fail">FAIL</td>
										
									
										
									
										
									
										
									
										
									
										
									
										
									
										
									
										
									
										
									
								
							
						
							
								
							
								
							
								
							
								
							
								
									
										
									
										
											
											<td class="fail">FAIL</td>
										
									
										
									
										
									
										
									
										
									
										
									
										
									
										
									
										
									
								
							
						
							
								
							
								
							
								
							
								
							
								
									
										
									
										
									
										
									
										
											
											<td class="fail">FAIL</td>
										
									
										
									
										
									
										
									
										
									
										
									
										
									
								
							
						
							
								
							
								
							
								
							
								
							
								
									
										
									
										
									
										
									
										
									
										
											<td class="pass">PASS</td>
											
										
									
										
									
										
									
										
									
										
									
										
									
								
							
						
							
								
							
								
							
								
							
								
							
								
									
										
									
										
									
										
									
										
									
										
									
										
											<td class="pass">PASS</td>
											
										
									
										
									
										
									
										
									
										
									
								
							
						
							
								
							
								
							
								
							
								
							
								
									
										
									
										
									
										
											<td class="pass">PASS</td>
											
										
									
										
									
										
									
										
									
										
									
										
									
										
									
										
									
								
							
						
							
								
							
								
							
								
							
								
							
								
									
										
									
										
									
										
									
										
									
										
									
										
									
										
											<td class="pass">PASS</td>
											
										
									
										
									
										
									
										
									
								
							
						
							
								
							
								
							
								
							
								
							
								
									
										
									
										
									
										
									
										
									
										
									
										
									
										
									
										
											
											<td class="fail">FAIL</td>
										
									
										
									
										
									
								
							
						
							
								
							
								
							
								
							
								
							
								
									
										
									
										
									
										
									
										
									
										
									
										
									
										
									
										
									
										
											
											<td class="fail">FAIL</td>
										
									
										
									
								
							
						
							
								
							
								
							
								
							
								
							
								
									
										
									
										
									
										
									
										
									
										
									
										
									
										
									
										
									
										
									
										
											
											<td class="fail">FAIL</td>
										
									
								
							
						
					</tr>
					
				</table>

				<h2>Compilation logs</h2>
				
				<h3 id="arduino:avr:uno">arduino:avr:uno @ 1.8.4</h3>
				<h4>Inclusion</h4>
				<p>
					Result: <b>FAIL</b>
					
				</p>
				<pre class="pre-scrollable">/tmp/ccNJi7fi.ltrans0.ltrans.o: In function `__vector_13&#39;:
/home/ec2-user/arduino-testlib/cli-datadir/user/libraries/AutoAnalogAudio/src/avr/AutoAnalogAudio.cpp:212: undefined reference to `DACC_Handler()&#39;
collect2: error: ld returned 1 exit status

</pre>

					
					<h4>examples/AudioRadioRelay</h4>
					<p>
						Result: <b>PASS</b>
					</p>
					<pre class="pre-scrollable">Sketch uses 8450 bytes (26%) of program storage space. Maximum is 32256 bytes.
Global variables use 552 bytes (26%) of dynamic memory, leaving 1496 bytes for local variables. Maximum is 2048 bytes.
</pre>
					
					<h4>examples/ESP32</h4>
					<p>
						Result: <b>FAIL</b>
					</p>
					<pre class="pre-scrollable"></pre>
					
					<h4>examples/MultiChannelAdcStream</h4>
					<p>
						Result: <b>FAIL</b>
					</p>
					<pre class="pre-scrollable">/tmp/cc0o7lJm.ltrans0.ltrans.o: In function `__vector_13&#39;:
/home/ec2-user/arduino-testlib/cli-datadir/user/libraries/AutoAnalogAudio/src/avr/AutoAnalogAudio.cpp:212: undefined reference to `DACC_Handler()&#39;
collect2: error: ld returned 1 exit status

</pre>
					
					<h4>examples/SDAudio</h4>
					<p>
						Result: <b>FAIL</b>
					</p>
					<pre class="pre-scrollable"></pre>
					
					<h4>examples/SimpleAdcStream</h4>
					<p>
						Result: <b>FAIL</b>
					</p>
					<pre class="pre-scrollable">/tmp/ccjg7SbY.ltrans0.ltrans.o: In function `__vector_13&#39;:
/home/ec2-user/arduino-testlib/cli-datadir/user/libraries/AutoAnalogAudio/src/avr/AutoAnalogAudio.cpp:212: undefined reference to `DACC_Handler()&#39;
collect2: error: ld returned 1 exit status

</pre>
					
					<h4>examples/SimpleSine</h4>
					<p>
						Result: <b>PASS</b>
					</p>
					<pre class="pre-scrollable">Sketch uses 3410 bytes (10%) of program storage space. Maximum is 32256 bytes.
Global variables use 494 bytes (24%) of dynamic memory, leaving 1554 bytes for local variables. Maximum is 2048 bytes.
</pre>
					
					<h4>examples/SimpleSine12Bit</h4>
					<p>
						Result: <b>PASS</b>
					</p>
					<pre class="pre-scrollable">Sketch uses 3720 bytes (11%) of program storage space. Maximum is 32256 bytes.
Global variables use 496 bytes (24%) of dynamic memory, leaving 1552 bytes for local variables. Maximum is 2048 bytes.
</pre>
					
					<h4>examples/WirelessMicrophone</h4>
					<p>
						Result: <b>FAIL</b>
					</p>
					<pre class="pre-scrollable">/home/ec2-user/arduino-testlib/cli-datadir/user/libraries/AutoAnalogAudio/examples/WirelessMicrophone/WirelessMicrophone.ino: In function &#39;void loop()&#39;:
/home/ec2-user/arduino-testlib/cli-datadir/user/libraries/AutoAnalogAudio/examples/WirelessMicrophone/WirelessMicrophone.ino:82:5: error: &#39;TcChannel&#39; was not declared in this scope
     TcChannel * t = &amp;(TC0-&gt;TC_CHANNEL)[0];
     ^~~~~~~~~
/home/ec2-user/arduino-testlib/cli-datadir/user/libraries/AutoAnalogAudio/examples/WirelessMicrophone/WirelessMicrophone.ino:82:17: error: &#39;t&#39; was not declared in this scope
     TcChannel * t = &amp;(TC0-&gt;TC_CHANNEL)[0];
                 ^
/home/ec2-user/arduino-testlib/cli-datadir/user/libraries/AutoAnalogAudio/examples/WirelessMicrophone/WirelessMicrophone.ino:82:17: note: suggested alternative: &#39;tx&#39;
     TcChannel * t = &amp;(TC0-&gt;TC_CHANNEL)[0];
                 ^
                 tx
/home/ec2-user/arduino-testlib/cli-datadir/user/libraries/AutoAnalogAudio/examples/WirelessMicrophone/WirelessMicrophone.ino:82:23: error: &#39;TC0&#39; was not declared in this scope
     TcChannel * t = &amp;(TC0-&gt;TC_CHANNEL)[0];
                       ^~~
/home/ec2-user/arduino-testlib/cli-datadir/user/libraries/AutoAnalogAudio/examples/WirelessMicrophone/WirelessMicrophone.ino:82:23: note: suggested alternative: &#39;PC0&#39;
     TcChannel * t = &amp;(TC0-&gt;TC_CHANNEL)[0];
                       ^~~
                       PC0
/home/ec2-user/arduino-testlib/cli-datadir/user/libraries/AutoAnalogAudio/examples/WirelessMicrophone/WirelessMicrophone.ino:83:17: error: &#39;tt&#39; was not declared in this scope
     TcChannel * tt = &amp;(TC0-&gt;TC_CHANNEL)[1];
                 ^~
/home/ec2-user/arduino-testlib/cli-datadir/user/libraries/AutoAnalogAudio/examples/WirelessMicrophone/WirelessMicrophone.ino:83:17: note: suggested alternative: &#39;tx&#39;
     TcChannel * tt = &amp;(TC0-&gt;TC_CHANNEL)[1];
                 ^~
                 tx

</pre>
					
					<h4>examples/WirelessSpeaker</h4>
					<p>
						Result: <b>FAIL</b>
					</p>
					<pre class="pre-scrollable">/home/ec2-user/arduino-testlib/cli-datadir/user/libraries/AutoAnalogAudio/examples/WirelessSpeaker/WirelessSpeaker.ino: In function &#39;void loop()&#39;:
/home/ec2-user/arduino-testlib/cli-datadir/user/libraries/AutoAnalogAudio/examples/WirelessSpeaker/WirelessSpeaker.ino:80:5: error: &#39;TcChannel&#39; was not declared in this scope
     TcChannel * t = &amp;(TC0-&gt;TC_CHANNEL)[0];
     ^~~~~~~~~
/home/ec2-user/arduino-testlib/cli-datadir/user/libraries/AutoAnalogAudio/examples/WirelessSpeaker/WirelessSpeaker.ino:80:17: error: &#39;t&#39; was not declared in this scope
     TcChannel * t = &amp;(TC0-&gt;TC_CHANNEL)[0];
                 ^
/home/ec2-user/arduino-testlib/cli-datadir/user/libraries/AutoAnalogAudio/examples/WirelessSpeaker/WirelessSpeaker.ino:80:17: note: suggested alternative: &#39;tx&#39;
     TcChannel * t = &amp;(TC0-&gt;TC_CHANNEL)[0];
                 ^
                 tx
/home/ec2-user/arduino-testlib/cli-datadir/user/libraries/AutoAnalogAudio/examples/WirelessSpeaker/WirelessSpeaker.ino:80:23: error: &#39;TC0&#39; was not declared in this scope
     TcChannel * t = &amp;(TC0-&gt;TC_CHANNEL)[0];
                       ^~~
/home/ec2-user/arduino-testlib/cli-datadir/user/libraries/AutoAnalogAudio/examples/WirelessSpeaker/WirelessSpeaker.ino:80:23: note: suggested alternative: &#39;PC0&#39;
     TcChannel * t = &amp;(TC0-&gt;TC_CHANNEL)[0];
                       ^~~
                       PC0
/home/ec2-user/arduino-testlib/cli-datadir/user/libraries/AutoAnalogAudio/examples/WirelessSpeaker/WirelessSpeaker.ino:81:17: error: &#39;tt&#39; was not declared in this scope
     TcChannel * tt = &amp;(TC0-&gt;TC_CHANNEL)[1];
                 ^~
/home/ec2-user/arduino-testlib/cli-datadir/user/libraries/AutoAnalogAudio/examples/WirelessSpeaker/WirelessSpeaker.ino:81:17: note: suggested alternative: &#39;tx&#39;
     TcChannel * tt = &amp;(TC0-&gt;TC_CHANNEL)[1];
                 ^~
                 tx

</pre>
					
					<h4>examples/WirelessTx_RPi</h4>
					<p>
						Result: <b>FAIL</b>
					</p>
					<pre class="pre-scrollable"></pre>
					
				
				<h3 id="arduino:mbed_nano:nanorp2040connect">arduino:mbed_nano:nanorp2040connect @ 2.7.2</h3>
				<h4>Inclusion</h4>
				<p>
					Result: <b>PASS</b>
					
				</p>
				<pre class="pre-scrollable">WARNING: library AutoAnalogAudio claims to run on avr, sam, esp32 architecture(s) and may be incompatible with your current board which runs on mbed_nano architecture(s).
Sketch uses 78756 bytes (0%) of program storage space. Maximum is 16777216 bytes.
Global variables use 43444 bytes (16%) of dynamic memory, leaving 226892 bytes for local variables. Maximum is 270336 bytes.
</pre>

					
					<h4>examples/AudioRadioRelay</h4>
					<p>
						Result: <b>FAIL</b>
					</p>
					<pre class="pre-scrollable">WARNING: library AutoAnalogAudio claims to run on avr, sam, esp32 architecture(s) and may be incompatible with your current board which runs on mbed_nano architecture(s).
/home/ec2-user/arduino-testlib/cli-datadir/user/libraries/AutoAnalogAudio/examples/AudioRadioRelay/AudioRadioRelay.ino: In function &#39;void loop()&#39;:
/home/ec2-user/arduino-testlib/cli-datadir/user/libraries/AutoAnalogAudio/examples/AudioRadioRelay/AudioRadioRelay.ino:88:5: error: &#39;TcChannel&#39; was not declared in this scope
     TcChannel * t = &amp;(TC0-&gt;TC_CHANNEL)[0];
     ^~~~~~~~~
/home/ec2-user/arduino-testlib/cli-datadir/user/libraries/AutoAnalogAudio/examples/AudioRadioRelay/AudioRadioRelay.ino:88:17: error: &#39;t&#39; was not declared in this scope
     TcChannel * t = &amp;(TC0-&gt;TC_CHANNEL)[0];
                 ^
/home/ec2-user/arduino-testlib/cli-datadir/user/libraries/AutoAnalogAudio/examples/AudioRadioRelay/AudioRadioRelay.ino:88:17: note: suggested alternative: &#39;tx&#39;
     TcChannel * t = &amp;(TC0-&gt;TC_CHANNEL)[0];
                 ^
                 tx
/home/ec2-user/arduino-testlib/cli-datadir/user/libraries/AutoAnalogAudio/examples/AudioRadioRelay/AudioRadioRelay.ino:88:23: error: &#39;TC0&#39; was not declared in this scope
     TcChannel * t = &amp;(TC0-&gt;TC_CHANNEL)[0];
                       ^~~
/home/ec2-user/arduino-testlib/cli-datadir/user/libraries/AutoAnalogAudio/examples/AudioRadioRelay/AudioRadioRelay.ino:89:17: error: &#39;tt&#39; was not declared in this scope
     TcChannel * tt = &amp;(TC0-&gt;TC_CHANNEL)[1];
                 ^~
/home/ec2-user/arduino-testlib/cli-datadir/user/libraries/AutoAnalogAudio/examples/AudioRadioRelay/AudioRadioRelay.ino:89:17: note: suggested alternative: &#39;tx&#39;
     TcChannel * tt = &amp;(TC0-&gt;TC_CHANNEL)[1];
                 ^~
                 tx

</pre>
					
					<h4>examples/ESP32</h4>
					<p>
						Result: <b>FAIL</b>
					</p>
					<pre class="pre-scrollable"></pre>
					
					<h4>examples/MultiChannelAdcStream</h4>
					<p>
						Result: <b>FAIL</b>
					</p>
					<pre class="pre-scrollable">WARNING: library AutoAnalogAudio claims to run on avr, sam, esp32 architecture(s) and may be incompatible with your current board which runs on mbed_nano architecture(s).
/tmp/arduino-sketch-AD7E37BA71C3E739DA502ECD2FE88884/sketch/MultiChannelAdcStream.ino.cpp.o: In function `loop&#39;:
/home/ec2-user/arduino-testlib/cli-datadir/user/libraries/AutoAnalogAudio/examples/MultiChannelAdcStream/MultiChannelAdcStream.ino:76: undefined reference to `AutoAnalog::getADC(unsigned long)&#39;
/tmp/arduino-sketch-AD7E37BA71C3E739DA502ECD2FE88884/sketch/MultiChannelAdcStream.ino.cpp.o: In function `__static_initialization_and_destruction_0&#39;:
/home/ec2-user/arduino-testlib/cli-datadir/user/libraries/AutoAnalogAudio/examples/MultiChannelAdcStream/MultiChannelAdcStream.ino:44: undefined reference to `AutoAnalog::AutoAnalog()&#39;
/tmp/arduino-sketch-AD7E37BA71C3E739DA502ECD2FE88884/sketch/MultiChannelAdcStream.ino.cpp.o: In function `setup&#39;:
/home/ec2-user/arduino-testlib/cli-datadir/user/libraries/AutoAnalogAudio/examples/MultiChannelAdcStream/MultiChannelAdcStream.ino:53: undefined reference to `AutoAnalog::begin(bool, bool)&#39;
/home/ec2-user/arduino-testlib/cli-datadir/user/libraries/AutoAnalogAudio/examples/MultiChannelAdcStream/MultiChannelAdcStream.ino:56: undefined reference to `AutoAnalog::setSampleRate(unsigned long, bool)&#39;
/home/ec2-user/arduino-testlib/cli-datadir/user/libraries/AutoAnalogAudio/examples/MultiChannelAdcStream/MultiChannelAdcStream.ino:60: undefined reference to `AutoAnalog::enableAdcChannel(unsigned char)&#39;
/home/ec2-user/arduino-testlib/cli-datadir/user/libraries/AutoAnalogAudio/examples/MultiChannelAdcStream/MultiChannelAdcStream.ino:65: undefined reference to `AutoAnalog::getADC(unsigned long)&#39;
collect2: error: ld returned 1 exit status

</pre>
					
					<h4>examples/SDAudio</h4>
					<p>
						Result: <b>FAIL</b>
					</p>
					<pre class="pre-scrollable"></pre>
					
					<h4>examples/SimpleAdcStream</h4>
					<p>
						Result: <b>FAIL</b>
					</p>
					<pre class="pre-scrollable">WARNING: library AutoAnalogAudio claims to run on avr, sam, esp32 architecture(s) and may be incompatible with your current board which runs on mbed_nano architecture(s).
/tmp/arduino-sketch-7ED19B1DBE3CB4F285B57B495818531C/sketch/SimpleAdcStream.ino.cpp.o: In function `loop&#39;:
/home/ec2-user/arduino-testlib/cli-datadir/user/libraries/AutoAnalogAudio/examples/SimpleAdcStream/SimpleAdcStream.ino:71: undefined reference to `AutoAnalog::getADC(unsigned long)&#39;
/tmp/arduino-sketch-7ED19B1DBE3CB4F285B57B495818531C/sketch/SimpleAdcStream.ino.cpp.o: In function `__static_initialization_and_destruction_0&#39;:
/home/ec2-user/arduino-testlib/cli-datadir/user/libraries/AutoAnalogAudio/examples/SimpleAdcStream/SimpleAdcStream.ino:42: undefined reference to `AutoAnalog::AutoAnalog()&#39;
/tmp/arduino-sketch-7ED19B1DBE3CB4F285B57B495818531C/sketch/SimpleAdcStream.ino.cpp.o: In function `setup&#39;:
/home/ec2-user/arduino-testlib/cli-datadir/user/libraries/AutoAnalogAudio/examples/SimpleAdcStream/SimpleAdcStream.ino:54: undefined reference to `AutoAnalog::begin(bool, bool)&#39;
/home/ec2-user/arduino-testlib/cli-datadir/user/libraries/AutoAnalogAudio/examples/SimpleAdcStream/SimpleAdcStream.ino:57: undefined reference to `AutoAnalog::setSampleRate(unsigned long, bool)&#39;
/home/ec2-user/arduino-testlib/cli-datadir/user/libraries/AutoAnalogAudio/examples/SimpleAdcStream/SimpleAdcStream.ino:60: undefined reference to `AutoAnalog::getADC(unsigned long)&#39;
collect2: error: ld returned 1 exit status

</pre>
					
					<h4>examples/SimpleSine</h4>
					<p>
						Result: <b>FAIL</b>
					</p>
					<pre class="pre-scrollable">WARNING: library AutoAnalogAudio claims to run on avr, sam, esp32 architecture(s) and may be incompatible with your current board which runs on mbed_nano architecture(s).
/tmp/arduino-sketch-AB50451426071D91A77BA78CE16DE87E/sketch/SimpleSine.ino.cpp.o: In function `__static_initialization_and_destruction_0&#39;:
/home/ec2-user/arduino-testlib/cli-datadir/user/libraries/AutoAnalogAudio/examples/SimpleSine/SimpleSine.ino:31: undefined reference to `AutoAnalog::AutoAnalog()&#39;
/tmp/arduino-sketch-AB50451426071D91A77BA78CE16DE87E/sketch/SimpleSine.ino.cpp.o: In function `setup&#39;:
/home/ec2-user/arduino-testlib/cli-datadir/user/libraries/AutoAnalogAudio/examples/SimpleSine/SimpleSine.ino:46: undefined reference to `AutoAnalog::begin(bool, bool)&#39;
/home/ec2-user/arduino-testlib/cli-datadir/user/libraries/AutoAnalogAudio/examples/SimpleSine/SimpleSine.ino:48: undefined reference to `AutoAnalog::setSampleRate(unsigned long, bool)&#39;
/tmp/arduino-sketch-AB50451426071D91A77BA78CE16DE87E/sketch/SimpleSine.ino.cpp.o: In function `loop&#39;:
/home/ec2-user/arduino-testlib/cli-datadir/user/libraries/AutoAnalogAudio/examples/SimpleSine/SimpleSine.ino:63: undefined reference to `AutoAnalog::feedDAC(unsigned char, unsigned long, bool)&#39;
collect2: error: ld returned 1 exit status

</pre>
					
					<h4>examples/SimpleSine12Bit</h4>
					<p>
						Result: <b>FAIL</b>
					</p>
					<pre class="pre-scrollable">WARNING: library AutoAnalogAudio claims to run on avr, sam, esp32 architecture(s) and may be incompatible with your current board which runs on mbed_nano architecture(s).
/tmp/arduino-sketch-A70C8670D6B48BB11B3A751268221BBB/sketch/SimpleSine12Bit.ino.cpp.o: In function `__static_initialization_and_destruction_0&#39;:
/home/ec2-user/arduino-testlib/cli-datadir/user/libraries/AutoAnalogAudio/examples/SimpleSine12Bit/SimpleSine12Bit.ino:29: undefined reference to `AutoAnalog::AutoAnalog()&#39;
/tmp/arduino-sketch-A70C8670D6B48BB11B3A751268221BBB/sketch/SimpleSine12Bit.ino.cpp.o: In function `setup&#39;:
/home/ec2-user/arduino-testlib/cli-datadir/user/libraries/AutoAnalogAudio/examples/SimpleSine12Bit/SimpleSine12Bit.ino:41: undefined reference to `AutoAnalog::begin(bool, bool)&#39;
/home/ec2-user/arduino-testlib/cli-datadir/user/libraries/AutoAnalogAudio/examples/SimpleSine12Bit/SimpleSine12Bit.ino:43: undefined reference to `AutoAnalog::setSampleRate(unsigned long, bool)&#39;
/tmp/arduino-sketch-A70C8670D6B48BB11B3A751268221BBB/sketch/SimpleSine12Bit.ino.cpp.o: In function `loop&#39;:
/home/ec2-user/arduino-testlib/cli-datadir/user/libraries/AutoAnalogAudio/examples/SimpleSine12Bit/SimpleSine12Bit.ino:58: undefined reference to `AutoAnalog::feedDAC(unsigned char, unsigned long, bool)&#39;
collect2: error: ld returned 1 exit status

</pre>
					
					<h4>examples/WirelessMicrophone</h4>
					<p>
						Result: <b>FAIL</b>
					</p>
					<pre class="pre-scrollable">WARNING: library AutoAnalogAudio claims to run on avr, sam, esp32 architecture(s) and may be incompatible with your current board which runs on mbed_nano architecture(s).
/home/ec2-user/arduino-testlib/cli-datadir/user/libraries/AutoAnalogAudio/examples/WirelessMicrophone/WirelessMicrophone.ino: In function &#39;void loop()&#39;:
/home/ec2-user/arduino-testlib/cli-datadir/user/libraries/AutoAnalogAudio/examples/WirelessMicrophone/WirelessMicrophone.ino:82:5: error: &#39;TcChannel&#39; was not declared in this scope
     TcChannel * t = &amp;(TC0-&gt;TC_CHANNEL)[0];
     ^~~~~~~~~
/home/ec2-user/arduino-testlib/cli-datadir/user/libraries/AutoAnalogAudio/examples/WirelessMicrophone/WirelessMicrophone.ino:82:17: error: &#39;t&#39; was not declared in this scope
     TcChannel * t = &amp;(TC0-&gt;TC_CHANNEL)[0];
                 ^
/home/ec2-user/arduino-testlib/cli-datadir/user/libraries/AutoAnalogAudio/examples/WirelessMicrophone/WirelessMicrophone.ino:82:17: note: suggested alternative: &#39;tx&#39;
     TcChannel * t = &amp;(TC0-&gt;TC_CHANNEL)[0];
                 ^
                 tx
/home/ec2-user/arduino-testlib/cli-datadir/user/libraries/AutoAnalogAudio/examples/WirelessMicrophone/WirelessMicrophone.ino:82:23: error: &#39;TC0&#39; was not declared in this scope
     TcChannel * t = &amp;(TC0-&gt;TC_CHANNEL)[0];
                       ^~~
/home/ec2-user/arduino-testlib/cli-datadir/user/libraries/AutoAnalogAudio/examples/WirelessMicrophone/WirelessMicrophone.ino:83:17: error: &#39;tt&#39; was not declared in this scope
     TcChannel * tt = &amp;(TC0-&gt;TC_CHANNEL)[1];
                 ^~
/home/ec2-user/arduino-testlib/cli-datadir/user/libraries/AutoAnalogAudio/examples/WirelessMicrophone/WirelessMicrophone.ino:83:17: note: suggested alternative: &#39;tx&#39;
     TcChannel * tt = &amp;(TC0-&gt;TC_CHANNEL)[1];
                 ^~
                 tx

</pre>
					
					<h4>examples/WirelessSpeaker</h4>
					<p>
						Result: <b>FAIL</b>
					</p>
					<pre class="pre-scrollable">WARNING: library AutoAnalogAudio claims to run on avr, sam, esp32 architecture(s) and may be incompatible with your current board which runs on mbed_nano architecture(s).
/home/ec2-user/arduino-testlib/cli-datadir/user/libraries/AutoAnalogAudio/examples/WirelessSpeaker/WirelessSpeaker.ino: In function &#39;void loop()&#39;:
/home/ec2-user/arduino-testlib/cli-datadir/user/libraries/AutoAnalogAudio/examples/WirelessSpeaker/WirelessSpeaker.ino:80:5: error: &#39;TcChannel&#39; was not declared in this scope
     TcChannel * t = &amp;(TC0-&gt;TC_CHANNEL)[0];
     ^~~~~~~~~
/home/ec2-user/arduino-testlib/cli-datadir/user/libraries/AutoAnalogAudio/examples/WirelessSpeaker/WirelessSpeaker.ino:80:17: error: &#39;t&#39; was not declared in this scope
     TcChannel * t = &amp;(TC0-&gt;TC_CHANNEL)[0];
                 ^
/home/ec2-user/arduino-testlib/cli-datadir/user/libraries/AutoAnalogAudio/examples/WirelessSpeaker/WirelessSpeaker.ino:80:17: note: suggested alternative: &#39;tx&#39;
     TcChannel * t = &amp;(TC0-&gt;TC_CHANNEL)[0];
                 ^
                 tx
/home/ec2-user/arduino-testlib/cli-datadir/user/libraries/AutoAnalogAudio/examples/WirelessSpeaker/WirelessSpeaker.ino:80:23: error: &#39;TC0&#39; was not declared in this scope
     TcChannel * t = &amp;(TC0-&gt;TC_CHANNEL)[0];
                       ^~~
/home/ec2-user/arduino-testlib/cli-datadir/user/libraries/AutoAnalogAudio/examples/WirelessSpeaker/WirelessSpeaker.ino:81:17: error: &#39;tt&#39; was not declared in this scope
     TcChannel * tt = &amp;(TC0-&gt;TC_CHANNEL)[1];
                 ^~
/home/ec2-user/arduino-testlib/cli-datadir/user/libraries/AutoAnalogAudio/examples/WirelessSpeaker/WirelessSpeaker.ino:81:17: note: suggested alternative: &#39;tx&#39;
     TcChannel * tt = &amp;(TC0-&gt;TC_CHANNEL)[1];
                 ^~
                 tx

</pre>
					
					<h4>examples/WirelessTx_RPi</h4>
					<p>
						Result: <b>FAIL</b>
					</p>
					<pre class="pre-scrollable"></pre>
					
				
				<h3 id="arduino:megaavr:nona4809">arduino:megaavr:nona4809 @ 1.8.7</h3>
				<h4>Inclusion</h4>
				<p>
					Result: <b>PASS</b>
					
				</p>
				<pre class="pre-scrollable">WARNING: library AutoAnalogAudio claims to run on avr, sam, esp32 architecture(s) and may be incompatible with your current board which runs on megaavr architecture(s).
Sketch uses 802 bytes (1%) of program storage space. Maximum is 49152 bytes.
Global variables use 22 bytes (0%) of dynamic memory, leaving 6122 bytes for local variables. Maximum is 6144 bytes.
</pre>

					
					<h4>examples/AudioRadioRelay</h4>
					<p>
						Result: <b>FAIL</b>
					</p>
					<pre class="pre-scrollable">WARNING: library AutoAnalogAudio claims to run on avr, sam, esp32 architecture(s) and may be incompatible with your current board which runs on megaavr architecture(s).
/home/ec2-user/arduino-testlib/cli-datadir/user/libraries/AutoAnalogAudio/examples/AudioRadioRelay/AudioRadioRelay.ino: In function &#39;void loop()&#39;:
/home/ec2-user/arduino-testlib/cli-datadir/user/libraries/AutoAnalogAudio/examples/AudioRadioRelay/AudioRadioRelay.ino:88:5: error: &#39;TcChannel&#39; was not declared in this scope
     TcChannel * t = &amp;(TC0-&gt;TC_CHANNEL)[0];
     ^~~~~~~~~
/home/ec2-user/arduino-testlib/cli-datadir/user/libraries/AutoAnalogAudio/examples/AudioRadioRelay/AudioRadioRelay.ino:88:17: error: &#39;t&#39; was not declared in this scope
     TcChannel * t = &amp;(TC0-&gt;TC_CHANNEL)[0];
                 ^
/home/ec2-user/arduino-testlib/cli-datadir/user/libraries/AutoAnalogAudio/examples/AudioRadioRelay/AudioRadioRelay.ino:88:17: note: suggested alternative: &#39;tx&#39;
     TcChannel * t = &amp;(TC0-&gt;TC_CHANNEL)[0];
                 ^
                 tx
/home/ec2-user/arduino-testlib/cli-datadir/user/libraries/AutoAnalogAudio/examples/AudioRadioRelay/AudioRadioRelay.ino:88:23: error: &#39;TC0&#39; was not declared in this scope
     TcChannel * t = &amp;(TC0-&gt;TC_CHANNEL)[0];
                       ^~~
/home/ec2-user/arduino-testlib/cli-datadir/user/libraries/AutoAnalogAudio/examples/AudioRadioRelay/AudioRadioRelay.ino:88:23: note: suggested alternative: &#39;AC0&#39;
     TcChannel * t = &amp;(TC0-&gt;TC_CHANNEL)[0];
                       ^~~
                       AC0
/home/ec2-user/arduino-testlib/cli-datadir/user/libraries/AutoAnalogAudio/examples/AudioRadioRelay/AudioRadioRelay.ino:89:17: error: &#39;tt&#39; was not declared in this scope
     TcChannel * tt = &amp;(TC0-&gt;TC_CHANNEL)[1];
                 ^~
/home/ec2-user/arduino-testlib/cli-datadir/user/libraries/AutoAnalogAudio/examples/AudioRadioRelay/AudioRadioRelay.ino:89:17: note: suggested alternative: &#39;tx&#39;
     TcChannel * tt = &amp;(TC0-&gt;TC_CHANNEL)[1];
                 ^~
                 tx

</pre>
					
					<h4>examples/ESP32</h4>
					<p>
						Result: <b>FAIL</b>
					</p>
					<pre class="pre-scrollable"></pre>
					
					<h4>examples/MultiChannelAdcStream</h4>
					<p>
						Result: <b>FAIL</b>
					</p>
					<pre class="pre-scrollable">WARNING: library AutoAnalogAudio claims to run on avr, sam, esp32 architecture(s) and may be incompatible with your current board which runs on megaavr architecture(s).
/tmp/cc8HH5Ai.ltrans0.ltrans.o: In function `global constructors keyed to 65535_0_MultiChannelAdcStream.ino.cpp.o.2848&#39;:
&lt;artificial&gt;:(.text.startup&#43;0x50): undefined reference to `AutoAnalog::AutoAnalog()&#39;
/tmp/cc8HH5Ai.ltrans0.ltrans.o: In function `setup&#39;:
/home/ec2-user/arduino-testlib/cli-datadir/user/libraries/AutoAnalogAudio/examples/MultiChannelAdcStream/MultiChannelAdcStream.ino:53: undefined reference to `AutoAnalog::begin(bool, bool)&#39;
/home/ec2-user/arduino-testlib/cli-datadir/user/libraries/AutoAnalogAudio/examples/MultiChannelAdcStream/MultiChannelAdcStream.ino:56: undefined reference to `AutoAnalog::setSampleRate(unsigned long, bool)&#39;
/home/ec2-user/arduino-testlib/cli-datadir/user/libraries/AutoAnalogAudio/examples/MultiChannelAdcStream/MultiChannelAdcStream.ino:60: undefined reference to `AutoAnalog::enableAdcChannel(unsigned char)&#39;
/home/ec2-user/arduino-testlib/cli-datadir/user/libraries/AutoAnalogAudio/examples/MultiChannelAdcStream/MultiChannelAdcStream.ino:65: undefined reference to `AutoAnalog::getADC(unsigned long)&#39;
/tmp/cc8HH5Ai.ltrans0.ltrans.o: In function `loop&#39;:
/home/ec2-user/arduino-testlib/cli-datadir/user/libraries/AutoAnalogAudio/examples/MultiChannelAdcStream/MultiChannelAdcStream.ino:76: undefined reference to `AutoAnalog::getADC(unsigned long)&#39;
collect2: error: ld returned 1 exit status

</pre>
					
					<h4>examples/SDAudio</h4>
					<p>
						Result: <b>FAIL</b>
					</p>
					<pre class="pre-scrollable"></pre>
					
					<h4>examples/SimpleAdcStream</h4>
					<p>
						Result: <b>FAIL</b>
					</p>
					<pre class="pre-scrollable">WARNING: library AutoAnalogAudio claims to run on avr, sam, esp32 architecture(s) and may be incompatible with your current board which runs on megaavr architecture(s).
/tmp/ccPvEN6Q.ltrans0.ltrans.o: In function `global constructors keyed to 65535_0_SimpleAdcStream.ino.cpp.o.2864&#39;:
&lt;artificial&gt;:(.text.startup&#43;0x50): undefined reference to `AutoAnalog::AutoAnalog()&#39;
/tmp/ccPvEN6Q.ltrans0.ltrans.o: In function `setup&#39;:
/home/ec2-user/arduino-testlib/cli-datadir/user/libraries/AutoAnalogAudio/examples/SimpleAdcStream/SimpleAdcStream.ino:54: undefined reference to `AutoAnalog::begin(bool, bool)&#39;
/home/ec2-user/arduino-testlib/cli-datadir/user/libraries/AutoAnalogAudio/examples/SimpleAdcStream/SimpleAdcStream.ino:57: undefined reference to `AutoAnalog::setSampleRate(unsigned long, bool)&#39;
/home/ec2-user/arduino-testlib/cli-datadir/user/libraries/AutoAnalogAudio/examples/SimpleAdcStream/SimpleAdcStream.ino:60: undefined reference to `AutoAnalog::getADC(unsigned long)&#39;
/tmp/ccPvEN6Q.ltrans0.ltrans.o: In function `loop&#39;:
/home/ec2-user/arduino-testlib/cli-datadir/user/libraries/AutoAnalogAudio/examples/SimpleAdcStream/SimpleAdcStream.ino:71: undefined reference to `AutoAnalog::getADC(unsigned long)&#39;
collect2: error: ld returned 1 exit status

</pre>
					
					<h4>examples/SimpleSine</h4>
					<p>
						Result: <b>FAIL</b>
					</p>
					<pre class="pre-scrollable">WARNING: library AutoAnalogAudio claims to run on avr, sam, esp32 architecture(s) and may be incompatible with your current board which runs on megaavr architecture(s).
/tmp/ccHhxznj.ltrans0.ltrans.o: In function `global constructors keyed to 65535_0_SimpleSine.ino.cpp.o.2859&#39;:
&lt;artificial&gt;:(.text.startup&#43;0x50): undefined reference to `AutoAnalog::AutoAnalog()&#39;
/tmp/ccHhxznj.ltrans0.ltrans.o: In function `setup&#39;:
/home/ec2-user/arduino-testlib/cli-datadir/user/libraries/AutoAnalogAudio/examples/SimpleSine/SimpleSine.ino:46: undefined reference to `AutoAnalog::begin(bool, bool)&#39;
/home/ec2-user/arduino-testlib/cli-datadir/user/libraries/AutoAnalogAudio/examples/SimpleSine/SimpleSine.ino:48: undefined reference to `AutoAnalog::setSampleRate(unsigned long, bool)&#39;
/tmp/ccHhxznj.ltrans0.ltrans.o: In function `loop&#39;:
/home/ec2-user/arduino-testlib/cli-datadir/user/libraries/AutoAnalogAudio/examples/SimpleSine/SimpleSine.ino:63: undefined reference to `AutoAnalog::feedDAC(unsigned char, unsigned long, bool)&#39;
collect2: error: ld returned 1 exit status

</pre>
					
					<h4>examples/SimpleSine12Bit</h4>
					<p>
						Result: <b>FAIL</b>
					</p>
					<pre class="pre-scrollable">WARNING: library AutoAnalogAudio claims to run on avr, sam, esp32 architecture(s) and may be incompatible with your current board which runs on megaavr architecture(s).
/tmp/ccMoBr0Q.ltrans0.ltrans.o: In function `global constructors keyed to 65535_0_SimpleSine12Bit.ino.cpp.o.2859&#39;:
&lt;artificial&gt;:(.text.startup&#43;0x50): undefined reference to `AutoAnalog::AutoAnalog()&#39;
/tmp/ccMoBr0Q.ltrans0.ltrans.o: In function `setup&#39;:
/home/ec2-user/arduino-testlib/cli-datadir/user/libraries/AutoAnalogAudio/examples/SimpleSine12Bit/SimpleSine12Bit.ino:41: undefined reference to `AutoAnalog::begin(bool, bool)&#39;
/home/ec2-user/arduino-testlib/cli-datadir/user/libraries/AutoAnalogAudio/examples/SimpleSine12Bit/SimpleSine12Bit.ino:43: undefined reference to `AutoAnalog::setSampleRate(unsigned long, bool)&#39;
/tmp/ccMoBr0Q.ltrans0.ltrans.o: In function `loop&#39;:
/home/ec2-user/arduino-testlib/cli-datadir/user/libraries/AutoAnalogAudio/examples/SimpleSine12Bit/SimpleSine12Bit.ino:58: undefined reference to `AutoAnalog::feedDAC(unsigned char, unsigned long, bool)&#39;
collect2: error: ld returned 1 exit status

</pre>
					
					<h4>examples/WirelessMicrophone</h4>
					<p>
						Result: <b>FAIL</b>
					</p>
					<pre class="pre-scrollable">WARNING: library AutoAnalogAudio claims to run on avr, sam, esp32 architecture(s) and may be incompatible with your current board which runs on megaavr architecture(s).
/home/ec2-user/arduino-testlib/cli-datadir/user/libraries/AutoAnalogAudio/examples/WirelessMicrophone/WirelessMicrophone.ino: In function &#39;void loop()&#39;:
/home/ec2-user/arduino-testlib/cli-datadir/user/libraries/AutoAnalogAudio/examples/WirelessMicrophone/WirelessMicrophone.ino:82:5: error: &#39;TcChannel&#39; was not declared in this scope
     TcChannel * t = &amp;(TC0-&gt;TC_CHANNEL)[0];
     ^~~~~~~~~
/home/ec2-user/arduino-testlib/cli-datadir/user/libraries/AutoAnalogAudio/examples/WirelessMicrophone/WirelessMicrophone.ino:82:17: error: &#39;t&#39; was not declared in this scope
     TcChannel * t = &amp;(TC0-&gt;TC_CHANNEL)[0];
                 ^
/home/ec2-user/arduino-testlib/cli-datadir/user/libraries/AutoAnalogAudio/examples/WirelessMicrophone/WirelessMicrophone.ino:82:17: note: suggested alternative: &#39;tx&#39;
     TcChannel * t = &amp;(TC0-&gt;TC_CHANNEL)[0];
                 ^
                 tx
/home/ec2-user/arduino-testlib/cli-datadir/user/libraries/AutoAnalogAudio/examples/WirelessMicrophone/WirelessMicrophone.ino:82:23: error: &#39;TC0&#39; was not declared in this scope
     TcChannel * t = &amp;(TC0-&gt;TC_CHANNEL)[0];
                       ^~~
/home/ec2-user/arduino-testlib/cli-datadir/user/libraries/AutoAnalogAudio/examples/WirelessMicrophone/WirelessMicrophone.ino:82:23: note: suggested alternative: &#39;AC0&#39;
     TcChannel * t = &amp;(TC0-&gt;TC_CHANNEL)[0];
                       ^~~
                       AC0
/home/ec2-user/arduino-testlib/cli-datadir/user/libraries/AutoAnalogAudio/examples/WirelessMicrophone/WirelessMicrophone.ino:83:17: error: &#39;tt&#39; was not declared in this scope
     TcChannel * tt = &amp;(TC0-&gt;TC_CHANNEL)[1];
                 ^~
/home/ec2-user/arduino-testlib/cli-datadir/user/libraries/AutoAnalogAudio/examples/WirelessMicrophone/WirelessMicrophone.ino:83:17: note: suggested alternative: &#39;tx&#39;
     TcChannel * tt = &amp;(TC0-&gt;TC_CHANNEL)[1];
                 ^~
                 tx

</pre>
					
					<h4>examples/WirelessSpeaker</h4>
					<p>
						Result: <b>FAIL</b>
					</p>
					<pre class="pre-scrollable">WARNING: library AutoAnalogAudio claims to run on avr, sam, esp32 architecture(s) and may be incompatible with your current board which runs on megaavr architecture(s).
/home/ec2-user/arduino-testlib/cli-datadir/user/libraries/AutoAnalogAudio/examples/WirelessSpeaker/WirelessSpeaker.ino: In function &#39;void loop()&#39;:
/home/ec2-user/arduino-testlib/cli-datadir/user/libraries/AutoAnalogAudio/examples/WirelessSpeaker/WirelessSpeaker.ino:80:5: error: &#39;TcChannel&#39; was not declared in this scope
     TcChannel * t = &amp;(TC0-&gt;TC_CHANNEL)[0];
     ^~~~~~~~~
/home/ec2-user/arduino-testlib/cli-datadir/user/libraries/AutoAnalogAudio/examples/WirelessSpeaker/WirelessSpeaker.ino:80:17: error: &#39;t&#39; was not declared in this scope
     TcChannel * t = &amp;(TC0-&gt;TC_CHANNEL)[0];
                 ^
/home/ec2-user/arduino-testlib/cli-datadir/user/libraries/AutoAnalogAudio/examples/WirelessSpeaker/WirelessSpeaker.ino:80:17: note: suggested alternative: &#39;tx&#39;
     TcChannel * t = &amp;(TC0-&gt;TC_CHANNEL)[0];
                 ^
                 tx
/home/ec2-user/arduino-testlib/cli-datadir/user/libraries/AutoAnalogAudio/examples/WirelessSpeaker/WirelessSpeaker.ino:80:23: error: &#39;TC0&#39; was not declared in this scope
     TcChannel * t = &amp;(TC0-&gt;TC_CHANNEL)[0];
                       ^~~
/home/ec2-user/arduino-testlib/cli-datadir/user/libraries/AutoAnalogAudio/examples/WirelessSpeaker/WirelessSpeaker.ino:80:23: note: suggested alternative: &#39;AC0&#39;
     TcChannel * t = &amp;(TC0-&gt;TC_CHANNEL)[0];
                       ^~~
                       AC0
/home/ec2-user/arduino-testlib/cli-datadir/user/libraries/AutoAnalogAudio/examples/WirelessSpeaker/WirelessSpeaker.ino:81:17: error: &#39;tt&#39; was not declared in this scope
     TcChannel * tt = &amp;(TC0-&gt;TC_CHANNEL)[1];
                 ^~
/home/ec2-user/arduino-testlib/cli-datadir/user/libraries/AutoAnalogAudio/examples/WirelessSpeaker/WirelessSpeaker.ino:81:17: note: suggested alternative: &#39;tx&#39;
     TcChannel * tt = &amp;(TC0-&gt;TC_CHANNEL)[1];
                 ^~
                 tx

</pre>
					
					<h4>examples/WirelessTx_RPi</h4>
					<p>
						Result: <b>FAIL</b>
					</p>
					<pre class="pre-scrollable"></pre>
					
				
				<h3 id="arduino:samd:mkrwifi1010">arduino:samd:mkrwifi1010 @ 1.8.12</h3>
				<h4>Inclusion</h4>
				<p>
					Result: <b>PASS</b>
					
				</p>
				<pre class="pre-scrollable">WARNING: library AutoAnalogAudio claims to run on avr, sam, esp32 architecture(s) and may be incompatible with your current board which runs on samd architecture(s).
Sketch uses 12156 bytes (4%) of program storage space. Maximum is 262144 bytes.
Global variables use 2996 bytes (9%) of dynamic memory, leaving 29772 bytes for local variables. Maximum is 32768 bytes.
</pre>

					
					<h4>examples/AudioRadioRelay</h4>
					<p>
						Result: <b>FAIL</b>
					</p>
					<pre class="pre-scrollable">WARNING: library AutoAnalogAudio claims to run on avr, sam, esp32 architecture(s) and may be incompatible with your current board which runs on samd architecture(s).
/home/ec2-user/arduino-testlib/cli-datadir/user/libraries/AutoAnalogAudio/examples/AudioRadioRelay/AudioRadioRelay.ino: In function &#39;void loop()&#39;:
/home/ec2-user/arduino-testlib/cli-datadir/user/libraries/AutoAnalogAudio/examples/AudioRadioRelay/AudioRadioRelay.ino:88:5: error: &#39;TcChannel&#39; was not declared in this scope
     TcChannel * t = &amp;(TC0-&gt;TC_CHANNEL)[0];
     ^~~~~~~~~
/home/ec2-user/arduino-testlib/cli-datadir/user/libraries/AutoAnalogAudio/examples/AudioRadioRelay/AudioRadioRelay.ino:88:5: note: suggested alternative: &#39;ETCChannel&#39;
     TcChannel * t = &amp;(TC0-&gt;TC_CHANNEL)[0];
     ^~~~~~~~~
     ETCChannel
/home/ec2-user/arduino-testlib/cli-datadir/user/libraries/AutoAnalogAudio/examples/AudioRadioRelay/AudioRadioRelay.ino:88:17: error: &#39;t&#39; was not declared in this scope
     TcChannel * t = &amp;(TC0-&gt;TC_CHANNEL)[0];
                 ^
/home/ec2-user/arduino-testlib/cli-datadir/user/libraries/AutoAnalogAudio/examples/AudioRadioRelay/AudioRadioRelay.ino:88:17: note: suggested alternative: &#39;tx&#39;
     TcChannel * t = &amp;(TC0-&gt;TC_CHANNEL)[0];
                 ^
                 tx
/home/ec2-user/arduino-testlib/cli-datadir/user/libraries/AutoAnalogAudio/examples/AudioRadioRelay/AudioRadioRelay.ino:88:23: error: &#39;TC0&#39; was not declared in this scope
     TcChannel * t = &amp;(TC0-&gt;TC_CHANNEL)[0];
                       ^~~
/home/ec2-user/arduino-testlib/cli-datadir/user/libraries/AutoAnalogAudio/examples/AudioRadioRelay/AudioRadioRelay.ino:88:23: note: suggested alternative: &#39;TC5&#39;
     TcChannel * t = &amp;(TC0-&gt;TC_CHANNEL)[0];
                       ^~~
                       TC5
/home/ec2-user/arduino-testlib/cli-datadir/user/libraries/AutoAnalogAudio/examples/AudioRadioRelay/AudioRadioRelay.ino:89:17: error: &#39;tt&#39; was not declared in this scope
     TcChannel * tt = &amp;(TC0-&gt;TC_CHANNEL)[1];
                 ^~
/home/ec2-user/arduino-testlib/cli-datadir/user/libraries/AutoAnalogAudio/examples/AudioRadioRelay/AudioRadioRelay.ino:89:17: note: suggested alternative: &#39;tx&#39;
     TcChannel * tt = &amp;(TC0-&gt;TC_CHANNEL)[1];
                 ^~
                 tx

</pre>
					
					<h4>examples/ESP32</h4>
					<p>
						Result: <b>FAIL</b>
					</p>
					<pre class="pre-scrollable"></pre>
					
					<h4>examples/MultiChannelAdcStream</h4>
					<p>
						Result: <b>FAIL</b>
					</p>
					<pre class="pre-scrollable">WARNING: library AutoAnalogAudio claims to run on avr, sam, esp32 architecture(s) and may be incompatible with your current board which runs on samd architecture(s).
/tmp/arduino-sketch-AD7E37BA71C3E739DA502ECD2FE88884/sketch/MultiChannelAdcStream.ino.cpp.o: In function `setup&#39;:
/home/ec2-user/arduino-testlib/cli-datadir/user/libraries/AutoAnalogAudio/examples/MultiChannelAdcStream/MultiChannelAdcStream.ino:53: undefined reference to `AutoAnalog::begin(bool, bool)&#39;
/home/ec2-user/arduino-testlib/cli-datadir/user/libraries/AutoAnalogAudio/examples/MultiChannelAdcStream/MultiChannelAdcStream.ino:56: undefined reference to `AutoAnalog::setSampleRate(unsigned long, bool)&#39;
/home/ec2-user/arduino-testlib/cli-datadir/user/libraries/AutoAnalogAudio/examples/MultiChannelAdcStream/MultiChannelAdcStream.ino:60: undefined reference to `AutoAnalog::enableAdcChannel(unsigned char)&#39;
/home/ec2-user/arduino-testlib/cli-datadir/user/libraries/AutoAnalogAudio/examples/MultiChannelAdcStream/MultiChannelAdcStream.ino:65: undefined reference to `AutoAnalog::getADC(unsigned long)&#39;
/tmp/arduino-sketch-AD7E37BA71C3E739DA502ECD2FE88884/sketch/MultiChannelAdcStream.ino.cpp.o: In function `loop&#39;:
/home/ec2-user/arduino-testlib/cli-datadir/user/libraries/AutoAnalogAudio/examples/MultiChannelAdcStream/MultiChannelAdcStream.ino:76: undefined reference to `AutoAnalog::getADC(unsigned long)&#39;
/tmp/arduino-sketch-AD7E37BA71C3E739DA502ECD2FE88884/sketch/MultiChannelAdcStream.ino.cpp.o: In function `__static_initialization_and_destruction_0&#39;:
/home/ec2-user/arduino-testlib/cli-datadir/user/libraries/AutoAnalogAudio/examples/MultiChannelAdcStream/MultiChannelAdcStream.ino:44: undefined reference to `AutoAnalog::AutoAnalog()&#39;
collect2: error: ld returned 1 exit status

</pre>
					
					<h4>examples/SDAudio</h4>
					<p>
						Result: <b>FAIL</b>
					</p>
					<pre class="pre-scrollable"></pre>
					
					<h4>examples/SimpleAdcStream</h4>
					<p>
						Result: <b>FAIL</b>
					</p>
					<pre class="pre-scrollable">WARNING: library AutoAnalogAudio claims to run on avr, sam, esp32 architecture(s) and may be incompatible with your current board which runs on samd architecture(s).
/tmp/arduino-sketch-7ED19B1DBE3CB4F285B57B495818531C/sketch/SimpleAdcStream.ino.cpp.o: In function `setup&#39;:
/home/ec2-user/arduino-testlib/cli-datadir/user/libraries/AutoAnalogAudio/examples/SimpleAdcStream/SimpleAdcStream.ino:54: undefined reference to `AutoAnalog::begin(bool, bool)&#39;
/home/ec2-user/arduino-testlib/cli-datadir/user/libraries/AutoAnalogAudio/examples/SimpleAdcStream/SimpleAdcStream.ino:57: undefined reference to `AutoAnalog::setSampleRate(unsigned long, bool)&#39;
/home/ec2-user/arduino-testlib/cli-datadir/user/libraries/AutoAnalogAudio/examples/SimpleAdcStream/SimpleAdcStream.ino:60: undefined reference to `AutoAnalog::getADC(unsigned long)&#39;
/tmp/arduino-sketch-7ED19B1DBE3CB4F285B57B495818531C/sketch/SimpleAdcStream.ino.cpp.o: In function `loop&#39;:
/home/ec2-user/arduino-testlib/cli-datadir/user/libraries/AutoAnalogAudio/examples/SimpleAdcStream/SimpleAdcStream.ino:71: undefined reference to `AutoAnalog::getADC(unsigned long)&#39;
/tmp/arduino-sketch-7ED19B1DBE3CB4F285B57B495818531C/sketch/SimpleAdcStream.ino.cpp.o: In function `__static_initialization_and_destruction_0&#39;:
/home/ec2-user/arduino-testlib/cli-datadir/user/libraries/AutoAnalogAudio/examples/SimpleAdcStream/SimpleAdcStream.ino:42: undefined reference to `AutoAnalog::AutoAnalog()&#39;
collect2: error: ld returned 1 exit status

</pre>
					
					<h4>examples/SimpleSine</h4>
					<p>
						Result: <b>FAIL</b>
					</p>
					<pre class="pre-scrollable">WARNING: library AutoAnalogAudio claims to run on avr, sam, esp32 architecture(s) and may be incompatible with your current board which runs on samd architecture(s).
/tmp/arduino-sketch-AB50451426071D91A77BA78CE16DE87E/sketch/SimpleSine.ino.cpp.o: In function `setup&#39;:
/home/ec2-user/arduino-testlib/cli-datadir/user/libraries/AutoAnalogAudio/examples/SimpleSine/SimpleSine.ino:46: undefined reference to `AutoAnalog::begin(bool, bool)&#39;
/home/ec2-user/arduino-testlib/cli-datadir/user/libraries/AutoAnalogAudio/examples/SimpleSine/SimpleSine.ino:48: undefined reference to `AutoAnalog::setSampleRate(unsigned long, bool)&#39;
/tmp/arduino-sketch-AB50451426071D91A77BA78CE16DE87E/sketch/SimpleSine.ino.cpp.o: In function `__static_initialization_and_destruction_0&#39;:
/home/ec2-user/arduino-testlib/cli-datadir/user/libraries/AutoAnalogAudio/examples/SimpleSine/SimpleSine.ino:31: undefined reference to `AutoAnalog::AutoAnalog()&#39;
/tmp/arduino-sketch-AB50451426071D91A77BA78CE16DE87E/sketch/SimpleSine.ino.cpp.o: In function `loop&#39;:
/home/ec2-user/arduino-testlib/cli-datadir/user/libraries/AutoAnalogAudio/examples/SimpleSine/SimpleSine.ino:63: undefined reference to `AutoAnalog::feedDAC(unsigned char, unsigned long, bool)&#39;
collect2: error: ld returned 1 exit status

</pre>
					
					<h4>examples/SimpleSine12Bit</h4>
					<p>
						Result: <b>FAIL</b>
					</p>
					<pre class="pre-scrollable">WARNING: library AutoAnalogAudio claims to run on avr, sam, esp32 architecture(s) and may be incompatible with your current board which runs on samd architecture(s).
/tmp/arduino-sketch-A70C8670D6B48BB11B3A751268221BBB/sketch/SimpleSine12Bit.ino.cpp.o: In function `setup&#39;:
/home/ec2-user/arduino-testlib/cli-datadir/user/libraries/AutoAnalogAudio/examples/SimpleSine12Bit/SimpleSine12Bit.ino:41: undefined reference to `AutoAnalog::begin(bool, bool)&#39;
/home/ec2-user/arduino-testlib/cli-datadir/user/libraries/AutoAnalogAudio/examples/SimpleSine12Bit/SimpleSine12Bit.ino:43: undefined reference to `AutoAnalog::setSampleRate(unsigned long, bool)&#39;
/tmp/arduino-sketch-A70C8670D6B48BB11B3A751268221BBB/sketch/SimpleSine12Bit.ino.cpp.o: In function `__static_initialization_and_destruction_0&#39;:
/home/ec2-user/arduino-testlib/cli-datadir/user/libraries/AutoAnalogAudio/examples/SimpleSine12Bit/SimpleSine12Bit.ino:29: undefined reference to `AutoAnalog::AutoAnalog()&#39;
/tmp/arduino-sketch-A70C8670D6B48BB11B3A751268221BBB/sketch/SimpleSine12Bit.ino.cpp.o: In function `loop&#39;:
/home/ec2-user/arduino-testlib/cli-datadir/user/libraries/AutoAnalogAudio/examples/SimpleSine12Bit/SimpleSine12Bit.ino:58: undefined reference to `AutoAnalog::feedDAC(unsigned char, unsigned long, bool)&#39;
collect2: error: ld returned 1 exit status

</pre>
					
					<h4>examples/WirelessMicrophone</h4>
					<p>
						Result: <b>FAIL</b>
					</p>
					<pre class="pre-scrollable">WARNING: library AutoAnalogAudio claims to run on avr, sam, esp32 architecture(s) and may be incompatible with your current board which runs on samd architecture(s).
/home/ec2-user/arduino-testlib/cli-datadir/user/libraries/AutoAnalogAudio/examples/WirelessMicrophone/WirelessMicrophone.ino: In function &#39;void loop()&#39;:
/home/ec2-user/arduino-testlib/cli-datadir/user/libraries/AutoAnalogAudio/examples/WirelessMicrophone/WirelessMicrophone.ino:82:5: error: &#39;TcChannel&#39; was not declared in this scope
     TcChannel * t = &amp;(TC0-&gt;TC_CHANNEL)[0];
     ^~~~~~~~~
/home/ec2-user/arduino-testlib/cli-datadir/user/libraries/AutoAnalogAudio/examples/WirelessMicrophone/WirelessMicrophone.ino:82:5: note: suggested alternative: &#39;ETCChannel&#39;
     TcChannel * t = &amp;(TC0-&gt;TC_CHANNEL)[0];
     ^~~~~~~~~
     ETCChannel
/home/ec2-user/arduino-testlib/cli-datadir/user/libraries/AutoAnalogAudio/examples/WirelessMicrophone/WirelessMicrophone.ino:82:17: error: &#39;t&#39; was not declared in this scope
     TcChannel * t = &amp;(TC0-&gt;TC_CHANNEL)[0];
                 ^
/home/ec2-user/arduino-testlib/cli-datadir/user/libraries/AutoAnalogAudio/examples/WirelessMicrophone/WirelessMicrophone.ino:82:17: note: suggested alternative: &#39;tx&#39;
     TcChannel * t = &amp;(TC0-&gt;TC_CHANNEL)[0];
                 ^
                 tx
/home/ec2-user/arduino-testlib/cli-datadir/user/libraries/AutoAnalogAudio/examples/WirelessMicrophone/WirelessMicrophone.ino:82:23: error: &#39;TC0&#39; was not declared in this scope
     TcChannel * t = &amp;(TC0-&gt;TC_CHANNEL)[0];
                       ^~~
/home/ec2-user/arduino-testlib/cli-datadir/user/libraries/AutoAnalogAudio/examples/WirelessMicrophone/WirelessMicrophone.ino:82:23: note: suggested alternative: &#39;TC5&#39;
     TcChannel * t = &amp;(TC0-&gt;TC_CHANNEL)[0];
                       ^~~
                       TC5
/home/ec2-user/arduino-testlib/cli-datadir/user/libraries/AutoAnalogAudio/examples/WirelessMicrophone/WirelessMicrophone.ino:83:17: error: &#39;tt&#39; was not declared in this scope
     TcChannel * tt = &amp;(TC0-&gt;TC_CHANNEL)[1];
                 ^~
/home/ec2-user/arduino-testlib/cli-datadir/user/libraries/AutoAnalogAudio/examples/WirelessMicrophone/WirelessMicrophone.ino:83:17: note: suggested alternative: &#39;tx&#39;
     TcChannel * tt = &amp;(TC0-&gt;TC_CHANNEL)[1];
                 ^~
                 tx

</pre>
					
					<h4>examples/WirelessSpeaker</h4>
					<p>
						Result: <b>FAIL</b>
					</p>
					<pre class="pre-scrollable">WARNING: library AutoAnalogAudio claims to run on avr, sam, esp32 architecture(s) and may be incompatible with your current board which runs on samd architecture(s).
/home/ec2-user/arduino-testlib/cli-datadir/user/libraries/AutoAnalogAudio/examples/WirelessSpeaker/WirelessSpeaker.ino: In function &#39;void loop()&#39;:
/home/ec2-user/arduino-testlib/cli-datadir/user/libraries/AutoAnalogAudio/examples/WirelessSpeaker/WirelessSpeaker.ino:80:5: error: &#39;TcChannel&#39; was not declared in this scope
     TcChannel * t = &amp;(TC0-&gt;TC_CHANNEL)[0];
     ^~~~~~~~~
/home/ec2-user/arduino-testlib/cli-datadir/user/libraries/AutoAnalogAudio/examples/WirelessSpeaker/WirelessSpeaker.ino:80:5: note: suggested alternative: &#39;ETCChannel&#39;
     TcChannel * t = &amp;(TC0-&gt;TC_CHANNEL)[0];
     ^~~~~~~~~
     ETCChannel
/home/ec2-user/arduino-testlib/cli-datadir/user/libraries/AutoAnalogAudio/examples/WirelessSpeaker/WirelessSpeaker.ino:80:17: error: &#39;t&#39; was not declared in this scope
     TcChannel * t = &amp;(TC0-&gt;TC_CHANNEL)[0];
                 ^
/home/ec2-user/arduino-testlib/cli-datadir/user/libraries/AutoAnalogAudio/examples/WirelessSpeaker/WirelessSpeaker.ino:80:17: note: suggested alternative: &#39;tx&#39;
     TcChannel * t = &amp;(TC0-&gt;TC_CHANNEL)[0];
                 ^
                 tx
/home/ec2-user/arduino-testlib/cli-datadir/user/libraries/AutoAnalogAudio/examples/WirelessSpeaker/WirelessSpeaker.ino:80:23: error: &#39;TC0&#39; was not declared in this scope
     TcChannel * t = &amp;(TC0-&gt;TC_CHANNEL)[0];
                       ^~~
/home/ec2-user/arduino-testlib/cli-datadir/user/libraries/AutoAnalogAudio/examples/WirelessSpeaker/WirelessSpeaker.ino:80:23: note: suggested alternative: &#39;TC5&#39;
     TcChannel * t = &amp;(TC0-&gt;TC_CHANNEL)[0];
                       ^~~
                       TC5
/home/ec2-user/arduino-testlib/cli-datadir/user/libraries/AutoAnalogAudio/examples/WirelessSpeaker/WirelessSpeaker.ino:81:17: error: &#39;tt&#39; was not declared in this scope
     TcChannel * tt = &amp;(TC0-&gt;TC_CHANNEL)[1];
                 ^~
/home/ec2-user/arduino-testlib/cli-datadir/user/libraries/AutoAnalogAudio/examples/WirelessSpeaker/WirelessSpeaker.ino:81:17: note: suggested alternative: &#39;tx&#39;
     TcChannel * tt = &amp;(TC0-&gt;TC_CHANNEL)[1];
                 ^~
                 tx

</pre>
					
					<h4>examples/WirelessTx_RPi</h4>
					<p>
						Result: <b>FAIL</b>
					</p>
					<pre class="pre-scrollable"></pre>
					
				
				<h3 id="esp32:esp32:d1_mini32">esp32:esp32:d1_mini32 @ 1.0.6</h3>
				<h4>Inclusion</h4>
				<p>
					Result: <b>PASS</b>
					
				</p>
				<pre class="pre-scrollable">Sketch uses 198010 bytes (15%) of program storage space. Maximum is 1310720 bytes.
Global variables use 13100 bytes (3%) of dynamic memory, leaving 314580 bytes for local variables. Maximum is 327680 bytes.
</pre>

					
					<h4>examples/AudioRadioRelay</h4>
					<p>
						Result: <b>FAIL</b>
					</p>
					<pre class="pre-scrollable">In file included from /home/ec2-user/arduino-testlib/cli-datadir/user/libraries/AutoAnalogAudio/examples/AudioRadioRelay/AudioRadioRelay.ino:52:0:
/home/ec2-user/arduino-testlib/cli-datadir/user/libraries/AutoAnalogAudio/examples/AudioRadioRelay/myRadio.h:12:9: error: &#39;void RX()&#39; redeclared as different kind of symbol
 void RX();
         ^
In file included from /home/ec2-user/arduino-testlib/cli-datadir/data/packages/esp32/hardware/esp32/1.0.6/variants/d1_mini32/pins_arduino.h:5:0,
                 from /home/ec2-user/arduino-testlib/cli-datadir/data/packages/esp32/hardware/esp32/1.0.6/cores/esp32/Arduino.h:185,
                 from /tmp/arduino-sketch-A51E583B58B75F2B3050B797C6CEE414/sketch/AudioRadioRelay.ino.cpp:1:
/home/ec2-user/arduino-testlib/cli-datadir/data/packages/esp32/hardware/esp32/1.0.6/variants/d1_mini32/../d32/d32_core.h:13:22: note: previous declaration &#39;const uint8_t RX&#39;
 static const uint8_t RX = 3;
                      ^
In file included from /home/ec2-user/arduino-testlib/cli-datadir/user/libraries/AutoAnalogAudio/examples/AudioRadioRelay/AudioRadioRelay.ino:52:0:
/home/ec2-user/arduino-testlib/cli-datadir/user/libraries/AutoAnalogAudio/examples/AudioRadioRelay/myRadio.h: In function &#39;void setupRadio()&#39;:
/home/ec2-user/arduino-testlib/cli-datadir/user/libraries/AutoAnalogAudio/examples/AudioRadioRelay/myRadio.h:34:72: error: invalid conversion from &#39;uint8_t {aka unsigned char}&#39; to &#39;void (*)()&#39; [-fpermissive]
   attachInterrupt(digitalPinToInterrupt(radioInterruptPin), RX, FALLING);
                                                                        ^
In file included from /home/ec2-user/arduino-testlib/cli-datadir/data/packages/esp32/hardware/esp32/1.0.6/cores/esp32/esp32-hal.h:53:0,
                 from /home/ec2-user/arduino-testlib/cli-datadir/data/packages/esp32/hardware/esp32/1.0.6/cores/esp32/Arduino.h:35,
                 from /tmp/arduino-sketch-A51E583B58B75F2B3050B797C6CEE414/sketch/AudioRadioRelay.ino.cpp:1:
/home/ec2-user/arduino-testlib/cli-datadir/data/packages/esp32/hardware/esp32/1.0.6/cores/esp32/esp32-hal-gpio.h:81:6: note:   initializing argument 2 of &#39;void attachInterrupt(uint8_t, void (*)(), int)&#39;
 void attachInterrupt(uint8_t pin, void (*)(void), int mode);
      ^
/home/ec2-user/arduino-testlib/cli-datadir/user/libraries/AutoAnalogAudio/examples/AudioRadioRelay/AudioRadioRelay.ino: At global scope:
/home/ec2-user/arduino-testlib/cli-datadir/user/libraries/AutoAnalogAudio/examples/AudioRadioRelay/AudioRadioRelay.ino:107:9: error: &#39;void RX()&#39; redeclared as different kind of symbol
 void RX() {
         ^
In file included from /home/ec2-user/arduino-testlib/cli-datadir/data/packages/esp32/hardware/esp32/1.0.6/variants/d1_mini32/pins_arduino.h:5:0,
                 from /home/ec2-user/arduino-testlib/cli-datadir/data/packages/esp32/hardware/esp32/1.0.6/cores/esp32/Arduino.h:185,
                 from /tmp/arduino-sketch-A51E583B58B75F2B3050B797C6CEE414/sketch/AudioRadioRelay.ino.cpp:1:
/home/ec2-user/arduino-testlib/cli-datadir/data/packages/esp32/hardware/esp32/1.0.6/variants/d1_mini32/../d32/d32_core.h:13:22: note: previous declaration &#39;const uint8_t RX&#39;
 static const uint8_t RX = 3;
                      ^
/home/ec2-user/arduino-testlib/cli-datadir/user/libraries/AutoAnalogAudio/examples/AudioRadioRelay/AudioRadioRelay.ino: In function &#39;void loop()&#39;:
/home/ec2-user/arduino-testlib/cli-datadir/user/libraries/AutoAnalogAudio/examples/AudioRadioRelay/AudioRadioRelay.ino:88:5: error: &#39;TcChannel&#39; was not declared in this scope
     TcChannel * t = &amp;(TC0-&gt;TC_CHANNEL)[0];
     ^
/home/ec2-user/arduino-testlib/cli-datadir/user/libraries/AutoAnalogAudio/examples/AudioRadioRelay/AudioRadioRelay.ino:88:17: error: &#39;t&#39; was not declared in this scope
     TcChannel * t = &amp;(TC0-&gt;TC_CHANNEL)[0];
                 ^
/home/ec2-user/arduino-testlib/cli-datadir/user/libraries/AutoAnalogAudio/examples/AudioRadioRelay/AudioRadioRelay.ino:88:23: error: &#39;TC0&#39; was not declared in this scope
     TcChannel * t = &amp;(TC0-&gt;TC_CHANNEL)[0];
                       ^
/home/ec2-user/arduino-testlib/cli-datadir/user/libraries/AutoAnalogAudio/examples/AudioRadioRelay/AudioRadioRelay.ino:89:17: error: &#39;tt&#39; was not declared in this scope
     TcChannel * tt = &amp;(TC0-&gt;TC_CHANNEL)[1];
                 ^
/home/ec2-user/arduino-testlib/cli-datadir/user/libraries/AutoAnalogAudio/examples/AudioRadioRelay/AudioRadioRelay.ino: In function &#39;void RX()&#39;:
/home/ec2-user/arduino-testlib/cli-datadir/user/libraries/AutoAnalogAudio/examples/AudioRadioRelay/AudioRadioRelay.ino:107:9: error: &#39;void RX()&#39; redeclared as different kind of symbol
 void RX() {
         ^
In file included from /home/ec2-user/arduino-testlib/cli-datadir/data/packages/esp32/hardware/esp32/1.0.6/variants/d1_mini32/pins_arduino.h:5:0,
                 from /home/ec2-user/arduino-testlib/cli-datadir/data/packages/esp32/hardware/esp32/1.0.6/cores/esp32/Arduino.h:185,
                 from /tmp/arduino-sketch-A51E583B58B75F2B3050B797C6CEE414/sketch/AudioRadioRelay.ino.cpp:1:
/home/ec2-user/arduino-testlib/cli-datadir/data/packages/esp32/hardware/esp32/1.0.6/variants/d1_mini32/../d32/d32_core.h:13:22: note: previous declaration &#39;const uint8_t RX&#39;
 static const uint8_t RX = 3;
                      ^

</pre>
					
					<h4>examples/ESP32</h4>
					<p>
						Result: <b>FAIL</b>
					</p>
					<pre class="pre-scrollable"></pre>
					
					<h4>examples/MultiChannelAdcStream</h4>
					<p>
						Result: <b>PASS</b>
					</p>
					<pre class="pre-scrollable">Sketch uses 233498 bytes (17%) of program storage space. Maximum is 1310720 bytes.
Global variables use 17712 bytes (5%) of dynamic memory, leaving 309968 bytes for local variables. Maximum is 327680 bytes.
</pre>
					
					<h4>examples/SDAudio</h4>
					<p>
						Result: <b>FAIL</b>
					</p>
					<pre class="pre-scrollable"></pre>
					
					<h4>examples/SimpleAdcStream</h4>
					<p>
						Result: <b>PASS</b>
					</p>
					<pre class="pre-scrollable">Sketch uses 233490 bytes (17%) of program storage space. Maximum is 1310720 bytes.
Global variables use 17712 bytes (5%) of dynamic memory, leaving 309968 bytes for local variables. Maximum is 327680 bytes.
</pre>
					
					<h4>examples/SimpleSine</h4>
					<p>
						Result: <b>PASS</b>
					</p>
					<pre class="pre-scrollable">Sketch uses 234054 bytes (17%) of program storage space. Maximum is 1310720 bytes.
Global variables use 16688 bytes (5%) of dynamic memory, leaving 310992 bytes for local variables. Maximum is 327680 bytes.
</pre>
					
					<h4>examples/SimpleSine12Bit</h4>
					<p>
						Result: <b>PASS</b>
					</p>
					<pre class="pre-scrollable">Sketch uses 234086 bytes (17%) of program storage space. Maximum is 1310720 bytes.
Global variables use 16688 bytes (5%) of dynamic memory, leaving 310992 bytes for local variables. Maximum is 327680 bytes.
</pre>
					
					<h4>examples/WirelessMicrophone</h4>
					<p>
						Result: <b>FAIL</b>
					</p>
					<pre class="pre-scrollable">In file included from /home/ec2-user/arduino-testlib/cli-datadir/user/libraries/AutoAnalogAudio/examples/WirelessMicrophone/WirelessMicrophone.ino:47:0:
/home/ec2-user/arduino-testlib/cli-datadir/user/libraries/AutoAnalogAudio/examples/WirelessMicrophone/myRadio.h:12:9: error: &#39;void RX()&#39; redeclared as different kind of symbol
 void RX();
         ^
In file included from /home/ec2-user/arduino-testlib/cli-datadir/data/packages/esp32/hardware/esp32/1.0.6/variants/d1_mini32/pins_arduino.h:5:0,
                 from /home/ec2-user/arduino-testlib/cli-datadir/data/packages/esp32/hardware/esp32/1.0.6/cores/esp32/Arduino.h:185,
                 from /tmp/arduino-sketch-387001B363BF47FE17D605673993A43F/sketch/WirelessMicrophone.ino.cpp:1:
/home/ec2-user/arduino-testlib/cli-datadir/data/packages/esp32/hardware/esp32/1.0.6/variants/d1_mini32/../d32/d32_core.h:13:22: note: previous declaration &#39;const uint8_t RX&#39;
 static const uint8_t RX = 3;
                      ^
/home/ec2-user/arduino-testlib/cli-datadir/user/libraries/AutoAnalogAudio/examples/WirelessMicrophone/WirelessMicrophone.ino: In function &#39;void loop()&#39;:
/home/ec2-user/arduino-testlib/cli-datadir/user/libraries/AutoAnalogAudio/examples/WirelessMicrophone/WirelessMicrophone.ino:82:5: error: &#39;TcChannel&#39; was not declared in this scope
     TcChannel * t = &amp;(TC0-&gt;TC_CHANNEL)[0];
     ^
/home/ec2-user/arduino-testlib/cli-datadir/user/libraries/AutoAnalogAudio/examples/WirelessMicrophone/WirelessMicrophone.ino:82:17: error: &#39;t&#39; was not declared in this scope
     TcChannel * t = &amp;(TC0-&gt;TC_CHANNEL)[0];
                 ^
/home/ec2-user/arduino-testlib/cli-datadir/user/libraries/AutoAnalogAudio/examples/WirelessMicrophone/WirelessMicrophone.ino:82:23: error: &#39;TC0&#39; was not declared in this scope
     TcChannel * t = &amp;(TC0-&gt;TC_CHANNEL)[0];
                       ^
/home/ec2-user/arduino-testlib/cli-datadir/user/libraries/AutoAnalogAudio/examples/WirelessMicrophone/WirelessMicrophone.ino:83:17: error: &#39;tt&#39; was not declared in this scope
     TcChannel * tt = &amp;(TC0-&gt;TC_CHANNEL)[1];
                 ^

</pre>
					
					<h4>examples/WirelessSpeaker</h4>
					<p>
						Result: <b>FAIL</b>
					</p>
					<pre class="pre-scrollable">In file included from /home/ec2-user/arduino-testlib/cli-datadir/user/libraries/AutoAnalogAudio/examples/WirelessSpeaker/WirelessSpeaker.ino:46:0:
/home/ec2-user/arduino-testlib/cli-datadir/user/libraries/AutoAnalogAudio/examples/WirelessSpeaker/myRadio.h:12:9: error: &#39;void RX()&#39; redeclared as different kind of symbol
 void RX();
         ^
In file included from /home/ec2-user/arduino-testlib/cli-datadir/data/packages/esp32/hardware/esp32/1.0.6/variants/d1_mini32/pins_arduino.h:5:0,
                 from /home/ec2-user/arduino-testlib/cli-datadir/data/packages/esp32/hardware/esp32/1.0.6/cores/esp32/Arduino.h:185,
                 from /tmp/arduino-sketch-95A2EA7BC140D43563CCF26683709CED/sketch/WirelessSpeaker.ino.cpp:1:
/home/ec2-user/arduino-testlib/cli-datadir/data/packages/esp32/hardware/esp32/1.0.6/variants/d1_mini32/../d32/d32_core.h:13:22: note: previous declaration &#39;const uint8_t RX&#39;
 static const uint8_t RX = 3;
                      ^
In file included from /home/ec2-user/arduino-testlib/cli-datadir/user/libraries/AutoAnalogAudio/examples/WirelessSpeaker/WirelessSpeaker.ino:46:0:
/home/ec2-user/arduino-testlib/cli-datadir/user/libraries/AutoAnalogAudio/examples/WirelessSpeaker/myRadio.h: In function &#39;void setupRadio()&#39;:
/home/ec2-user/arduino-testlib/cli-datadir/user/libraries/AutoAnalogAudio/examples/WirelessSpeaker/myRadio.h:34:56: error: invalid conversion from &#39;uint8_t {aka unsigned char}&#39; to &#39;void (*)()&#39; [-fpermissive]
   attachInterrupt(digitalPinToInterrupt(4), RX, FALLING);
                                                        ^
In file included from /home/ec2-user/arduino-testlib/cli-datadir/data/packages/esp32/hardware/esp32/1.0.6/cores/esp32/esp32-hal.h:53:0,
                 from /home/ec2-user/arduino-testlib/cli-datadir/data/packages/esp32/hardware/esp32/1.0.6/cores/esp32/Arduino.h:35,
                 from /tmp/arduino-sketch-95A2EA7BC140D43563CCF26683709CED/sketch/WirelessSpeaker.ino.cpp:1:
/home/ec2-user/arduino-testlib/cli-datadir/data/packages/esp32/hardware/esp32/1.0.6/cores/esp32/esp32-hal-gpio.h:81:6: note:   initializing argument 2 of &#39;void attachInterrupt(uint8_t, void (*)(), int)&#39;
 void attachInterrupt(uint8_t pin, void (*)(void), int mode);
      ^
/home/ec2-user/arduino-testlib/cli-datadir/user/libraries/AutoAnalogAudio/examples/WirelessSpeaker/WirelessSpeaker.ino: At global scope:
/home/ec2-user/arduino-testlib/cli-datadir/user/libraries/AutoAnalogAudio/examples/WirelessSpeaker/WirelessSpeaker.ino:107:9: error: &#39;void RX()&#39; redeclared as different kind of symbol
 void RX() {
         ^
In file included from /home/ec2-user/arduino-testlib/cli-datadir/data/packages/esp32/hardware/esp32/1.0.6/variants/d1_mini32/pins_arduino.h:5:0,
                 from /home/ec2-user/arduino-testlib/cli-datadir/data/packages/esp32/hardware/esp32/1.0.6/cores/esp32/Arduino.h:185,
                 from /tmp/arduino-sketch-95A2EA7BC140D43563CCF26683709CED/sketch/WirelessSpeaker.ino.cpp:1:
/home/ec2-user/arduino-testlib/cli-datadir/data/packages/esp32/hardware/esp32/1.0.6/variants/d1_mini32/../d32/d32_core.h:13:22: note: previous declaration &#39;const uint8_t RX&#39;
 static const uint8_t RX = 3;
                      ^
/home/ec2-user/arduino-testlib/cli-datadir/user/libraries/AutoAnalogAudio/examples/WirelessSpeaker/WirelessSpeaker.ino: In function &#39;void loop()&#39;:
/home/ec2-user/arduino-testlib/cli-datadir/user/libraries/AutoAnalogAudio/examples/WirelessSpeaker/WirelessSpeaker.ino:80:5: error: &#39;TcChannel&#39; was not declared in this scope
     TcChannel * t = &amp;(TC0-&gt;TC_CHANNEL)[0];
     ^
/home/ec2-user/arduino-testlib/cli-datadir/user/libraries/AutoAnalogAudio/examples/WirelessSpeaker/WirelessSpeaker.ino:80:17: error: &#39;t&#39; was not declared in this scope
     TcChannel * t = &amp;(TC0-&gt;TC_CHANNEL)[0];
                 ^
/home/ec2-user/arduino-testlib/cli-datadir/user/libraries/AutoAnalogAudio/examples/WirelessSpeaker/WirelessSpeaker.ino:80:23: error: &#39;TC0&#39; was not declared in this scope
     TcChannel * t = &amp;(TC0-&gt;TC_CHANNEL)[0];
                       ^
/home/ec2-user/arduino-testlib/cli-datadir/user/libraries/AutoAnalogAudio/examples/WirelessSpeaker/WirelessSpeaker.ino:81:17: error: &#39;tt&#39; was not declared in this scope
     TcChannel * tt = &amp;(TC0-&gt;TC_CHANNEL)[1];
                 ^
/home/ec2-user/arduino-testlib/cli-datadir/user/libraries/AutoAnalogAudio/examples/WirelessSpeaker/WirelessSpeaker.ino: In function &#39;void RX()&#39;:
/home/ec2-user/arduino-testlib/cli-datadir/user/libraries/AutoAnalogAudio/examples/WirelessSpeaker/WirelessSpeaker.ino:107:9: error: &#39;void RX()&#39; redeclared as different kind of symbol
 void RX() {
         ^
In file included from /home/ec2-user/arduino-testlib/cli-datadir/data/packages/esp32/hardware/esp32/1.0.6/variants/d1_mini32/pins_arduino.h:5:0,
                 from /home/ec2-user/arduino-testlib/cli-datadir/data/packages/esp32/hardware/esp32/1.0.6/cores/esp32/Arduino.h:185,
                 from /tmp/arduino-sketch-95A2EA7BC140D43563CCF26683709CED/sketch/WirelessSpeaker.ino.cpp:1:
/home/ec2-user/arduino-testlib/cli-datadir/data/packages/esp32/hardware/esp32/1.0.6/variants/d1_mini32/../d32/d32_core.h:13:22: note: previous declaration &#39;const uint8_t RX&#39;
 static const uint8_t RX = 3;
                      ^

</pre>
					
					<h4>examples/WirelessTx_RPi</h4>
					<p>
						Result: <b>FAIL</b>
					</p>
					<pre class="pre-scrollable"></pre>
					
				
			</div>
		</div>
	</div>
  </body>
</html>
