
<!doctype html>
<html lang="en">
  <head>
    <meta charset="utf-8">
    <meta name="viewport" content="width=device-width, initial-scale=1">
    <link href="https://cdn.jsdelivr.net/npm/bootstrap@5.0.2/dist/css/bootstrap.min.css" rel="stylesheet" integrity="sha384-EVSTQN3/azprG1Anm3QDgpJLIm9Nao0Yz1ztcQTwFspd3yD65VohhpuuCOmLASjC" crossorigin="anonymous">
    <title>arduino-testlib report</title>
	<style>
	.pass { background-color: #00FF00 !important; }
	.fail { background-color: #FF0000 !important; }
	</style>
  </head>
  <body>
	<div class="container">
		<div class="row">
			<div class="col">
				<h1>AvrTracing - compatibility matrix</h1>
				<p>
					<small>This report was generated on Wednesday, 23-Feb-22 22:48:15 CET using 
					<a href="https://github.com/alranel/arduino-testlib">arduino-testlib</a>.</small>
				</p>

				<h2>AvrTracing</h2>
				<p>
					Version: <b>1.0.0</b>
					<br />
					<a href="https://www.arduino.cc/reference/en/libraries/avrtracing/">More details</a>
				</p>

				<h2>Compatibility matrix</h2>
				<table class="table table-bordered">
					<tr>
						<th>Board</th>
						<th>Claims compatibility</th>
						<th>Inclusion</th>
						
						<th><pre>TracePartOfProgram</pre></th>
						
						<th><pre>FindHangup</pre></th>
						
						<th><pre>TraceBasic</pre></th>
						
					</tr>
					
					<tr>
						<td>
							<a href="#arduino%3aavr%3auno"><b>arduino:avr:uno</b></a>
							<br />
							<small>1.8.4</small>
						</td>

						
							<td>Yes</td>
							<td class="pass">PASS</td>
						
						
						
						

						
							
								
									
										
									
										
									
										
											<td class="pass">PASS</td>
											
										
									
								
							
								
							
								
							
								
							
								
							
						
							
								
									
										
											<td class="pass">PASS</td>
											
										
									
										
									
										
									
								
							
								
							
								
							
								
							
								
							
						
							
								
									
										
									
										
											<td class="pass">PASS</td>
											
										
									
										
									
								
							
								
							
								
							
								
							
								
							
						
					</tr>
					
					<tr>
						<td>
							<a href="#arduino%3ambed_nano%3ananorp2040connect"><b>arduino:mbed_nano:nanorp2040connect</b></a>
							<br />
							<small>2.7.2</small>
						</td>

						
						
							<td>No ⚠️</td>
							<td class="pass">PASS</td>
						
						
						

						
							
								
							
								
									
										
									
										
									
										
											
											<td class="fail">FAIL</td>
										
									
								
							
								
							
								
							
								
							
						
							
								
							
								
									
										
											
											<td class="fail">FAIL</td>
										
									
										
									
										
									
								
							
								
							
								
							
								
							
						
							
								
							
								
									
										
									
										
											
											<td class="fail">FAIL</td>
										
									
										
									
								
							
								
							
								
							
								
							
						
					</tr>
					
					<tr>
						<td>
							<a href="#arduino%3amegaavr%3anona4809"><b>arduino:megaavr:nona4809</b></a>
							<br />
							<small>1.8.7</small>
						</td>

						
						
							<td>No ⚠️</td>
							<td class="pass">PASS</td>
						
						
						

						
							
								
							
								
							
								
									
										
									
										
									
										
											
											<td class="fail">FAIL</td>
										
									
								
							
								
							
								
							
						
							
								
							
								
							
								
									
										
											
											<td class="fail">FAIL</td>
										
									
										
									
										
									
								
							
								
							
								
							
						
							
								
							
								
							
								
									
										
									
										
											
											<td class="fail">FAIL</td>
										
									
										
									
								
							
								
							
								
							
						
					</tr>
					
					<tr>
						<td>
							<a href="#arduino%3asamd%3amkrwifi1010"><b>arduino:samd:mkrwifi1010</b></a>
							<br />
							<small>1.8.12</small>
						</td>

						
						
							<td>No ⚠️</td>
							<td class="pass">PASS</td>
						
						
						

						
							
								
							
								
							
								
							
								
									
										
									
										
									
										
											
											<td class="fail">FAIL</td>
										
									
								
							
								
							
						
							
								
							
								
							
								
							
								
									
										
											
											<td class="fail">FAIL</td>
										
									
										
									
										
									
								
							
								
							
						
							
								
							
								
							
								
							
								
									
										
									
										
											
											<td class="fail">FAIL</td>
										
									
										
									
								
							
								
							
						
					</tr>
					
					<tr>
						<td>
							<a href="#esp32%3aesp32%3ad1_mini32"><b>esp32:esp32:d1_mini32</b></a>
							<br />
							<small>1.0.6</small>
						</td>

						
						
							<td>No ⚠️</td>
							<td class="pass">PASS</td>
						
						
						

						
							
								
							
								
							
								
							
								
							
								
									
										
									
										
									
										
											
											<td class="fail">FAIL</td>
										
									
								
							
						
							
								
							
								
							
								
							
								
							
								
									
										
											
											<td class="fail">FAIL</td>
										
									
										
									
										
									
								
							
						
							
								
							
								
							
								
							
								
							
								
									
										
									
										
											
											<td class="fail">FAIL</td>
										
									
										
									
								
							
						
					</tr>
					
				</table>

				<h2>Compilation logs</h2>
				
				<h3 id="arduino:avr:uno">arduino:avr:uno @ 1.8.4</h3>
				<h4>Inclusion</h4>
				<p>
					Result: <b>PASS</b>
					
				</p>
				<pre class="pre-scrollable">Sketch uses 444 bytes (1%) of program storage space. Maximum is 32256 bytes.
Global variables use 9 bytes (0%) of dynamic memory, leaving 2039 bytes for local variables. Maximum is 2048 bytes.
</pre>

					
					<h4>examples/FindHangup</h4>
					<p>
						Result: <b>PASS</b>
					</p>
					<pre class="pre-scrollable">Sketch uses 2780 bytes (8%) of program storage space. Maximum is 32256 bytes.
Global variables use 188 bytes (9%) of dynamic memory, leaving 1860 bytes for local variables. Maximum is 2048 bytes.
</pre>
					
					<h4>examples/TraceBasic</h4>
					<p>
						Result: <b>PASS</b>
					</p>
					<pre class="pre-scrollable">Sketch uses 2258 bytes (7%) of program storage space. Maximum is 32256 bytes.
Global variables use 188 bytes (9%) of dynamic memory, leaving 1860 bytes for local variables. Maximum is 2048 bytes.
</pre>
					
					<h4>examples/TracePartOfProgram</h4>
					<p>
						Result: <b>PASS</b>
					</p>
					<pre class="pre-scrollable">Sketch uses 3030 bytes (9%) of program storage space. Maximum is 32256 bytes.
Global variables use 188 bytes (9%) of dynamic memory, leaving 1860 bytes for local variables. Maximum is 2048 bytes.
</pre>
					
				
				<h3 id="arduino:mbed_nano:nanorp2040connect">arduino:mbed_nano:nanorp2040connect @ 2.7.2</h3>
				<h4>Inclusion</h4>
				<p>
					Result: <b>PASS</b>
					
				</p>
				<pre class="pre-scrollable">WARNING: library AvrTracing claims to run on avr architecture(s) and may be incompatible with your current board which runs on mbed_nano architecture(s).
Sketch uses 78756 bytes (0%) of program storage space. Maximum is 16777216 bytes.
Global variables use 43444 bytes (16%) of dynamic memory, leaving 226892 bytes for local variables. Maximum is 270336 bytes.
</pre>

					
					<h4>examples/FindHangup</h4>
					<p>
						Result: <b>FAIL</b>
					</p>
					<pre class="pre-scrollable">WARNING: library AvrTracing claims to run on avr architecture(s) and may be incompatible with your current board which runs on mbed_nano architecture(s).
In file included from /home/ec2-user/arduino-testlib/cli-datadir/user/libraries/AvrTracing/examples/FindHangup/FindHangup.ino:28:0:
/home/ec2-user/arduino-testlib/cli-datadir/user/libraries/AvrTracing/src/AvrTracing.hpp:112:4: error: expected constructor, destructor, or type conversion before &#39;(&#39; token
 ISR(INT0_vect) {
    ^
/home/ec2-user/arduino-testlib/cli-datadir/user/libraries/AvrTracing/src/AvrTracing.hpp: In function &#39;void enableINT0InterruptOnLowLevel()&#39;:
/home/ec2-user/arduino-testlib/cli-datadir/user/libraries/AvrTracing/src/AvrTracing.hpp:205:5: error: &#39;INT0_vect&#39; was not declared in this scope
     INT0_vect(); // call ISR to compute sPushAdjust
     ^~~~~~~~~
In file included from /home/ec2-user/arduino-testlib/cli-datadir/user/libraries/AvrTracing/examples/FindHangup/FindHangup.ino:28:0:
/home/ec2-user/arduino-testlib/cli-datadir/user/libraries/AvrTracing/src/AvrTracing.hpp: In function &#39;void sendUSARTForTrace(char)&#39;:
/home/ec2-user/arduino-testlib/cli-datadir/user/libraries/AvrTracing/src/AvrTracing.hpp:284:15: error: &#39;UCSR0A&#39; was not declared in this scope
     while (!((UCSR0A) &amp; (1 &lt;&lt; UDRE0))) {
               ^~~~~~
/home/ec2-user/arduino-testlib/cli-datadir/user/libraries/AvrTracing/src/AvrTracing.hpp:284:31: error: &#39;UDRE0&#39; was not declared in this scope
     while (!((UCSR0A) &amp; (1 &lt;&lt; UDRE0))) {
                               ^~~~~
/home/ec2-user/arduino-testlib/cli-datadir/user/libraries/AvrTracing/src/AvrTracing.hpp:287:5: error: &#39;UDR0&#39; was not declared in this scope
     UDR0 = aChar;
     ^~~~
/home/ec2-user/arduino-testlib/cli-datadir/user/libraries/AvrTracing/src/AvrTracing.hpp:287:5: note: suggested alternative: &#39;ADC0&#39;
     UDR0 = aChar;
     ^~~~
     ADC0
/home/ec2-user/arduino-testlib/cli-datadir/user/libraries/AvrTracing/src/AvrTracing.hpp: In function &#39;void printTextSectionAddresses()&#39;:
/home/ec2-user/arduino-testlib/cli-datadir/user/libraries/AvrTracing/src/AvrTracing.hpp:358:30: error: cast from &#39;char*&#39; to &#39;uint16_t {aka short unsigned int}&#39; loses precision [-fpermissive]
     Serial.print((uint16_t) &amp;__init, HEX);
                              ^~~~~~
/home/ec2-user/arduino-testlib/cli-datadir/user/libraries/AvrTracing/src/AvrTracing.hpp:360:32: error: cast from &#39;char*&#39; to &#39;uint16_t {aka short unsigned int}&#39; loses precision [-fpermissive]
     Serial.println((uint16_t) &amp;_etext, HEX);
                                ^~~~~~

</pre>
					
					<h4>examples/TraceBasic</h4>
					<p>
						Result: <b>FAIL</b>
					</p>
					<pre class="pre-scrollable">WARNING: library AvrTracing claims to run on avr architecture(s) and may be incompatible with your current board which runs on mbed_nano architecture(s).
In file included from /home/ec2-user/arduino-testlib/cli-datadir/user/libraries/AvrTracing/examples/TraceBasic/TraceBasic.ino:30:0:
/home/ec2-user/arduino-testlib/cli-datadir/user/libraries/AvrTracing/src/AvrTracing.hpp:112:4: error: expected constructor, destructor, or type conversion before &#39;(&#39; token
 ISR(INT0_vect) {
    ^
/home/ec2-user/arduino-testlib/cli-datadir/user/libraries/AvrTracing/src/AvrTracing.hpp: In function &#39;void enableINT0InterruptOnLowLevel()&#39;:
/home/ec2-user/arduino-testlib/cli-datadir/user/libraries/AvrTracing/src/AvrTracing.hpp:205:5: error: &#39;INT0_vect&#39; was not declared in this scope
     INT0_vect(); // call ISR to compute sPushAdjust
     ^~~~~~~~~
In file included from /home/ec2-user/arduino-testlib/cli-datadir/user/libraries/AvrTracing/examples/TraceBasic/TraceBasic.ino:30:0:
/home/ec2-user/arduino-testlib/cli-datadir/user/libraries/AvrTracing/src/AvrTracing.hpp: In function &#39;void sendUSARTForTrace(char)&#39;:
/home/ec2-user/arduino-testlib/cli-datadir/user/libraries/AvrTracing/src/AvrTracing.hpp:284:15: error: &#39;UCSR0A&#39; was not declared in this scope
     while (!((UCSR0A) &amp; (1 &lt;&lt; UDRE0))) {
               ^~~~~~
/home/ec2-user/arduino-testlib/cli-datadir/user/libraries/AvrTracing/src/AvrTracing.hpp:284:31: error: &#39;UDRE0&#39; was not declared in this scope
     while (!((UCSR0A) &amp; (1 &lt;&lt; UDRE0))) {
                               ^~~~~
/home/ec2-user/arduino-testlib/cli-datadir/user/libraries/AvrTracing/src/AvrTracing.hpp:287:5: error: &#39;UDR0&#39; was not declared in this scope
     UDR0 = aChar;
     ^~~~
/home/ec2-user/arduino-testlib/cli-datadir/user/libraries/AvrTracing/src/AvrTracing.hpp:287:5: note: suggested alternative: &#39;ADC0&#39;
     UDR0 = aChar;
     ^~~~
     ADC0
/home/ec2-user/arduino-testlib/cli-datadir/user/libraries/AvrTracing/src/AvrTracing.hpp: In function &#39;void printTextSectionAddresses()&#39;:
/home/ec2-user/arduino-testlib/cli-datadir/user/libraries/AvrTracing/src/AvrTracing.hpp:358:30: error: cast from &#39;char*&#39; to &#39;uint16_t {aka short unsigned int}&#39; loses precision [-fpermissive]
     Serial.print((uint16_t) &amp;__init, HEX);
                              ^~~~~~
/home/ec2-user/arduino-testlib/cli-datadir/user/libraries/AvrTracing/src/AvrTracing.hpp:360:32: error: cast from &#39;char*&#39; to &#39;uint16_t {aka short unsigned int}&#39; loses precision [-fpermissive]
     Serial.println((uint16_t) &amp;_etext, HEX);
                                ^~~~~~

</pre>
					
					<h4>examples/TracePartOfProgram</h4>
					<p>
						Result: <b>FAIL</b>
					</p>
					<pre class="pre-scrollable">WARNING: library AvrTracing claims to run on avr architecture(s) and may be incompatible with your current board which runs on mbed_nano architecture(s).
In file included from /home/ec2-user/arduino-testlib/cli-datadir/user/libraries/AvrTracing/examples/TracePartOfProgram/TracePartOfProgram.ino:30:0:
/home/ec2-user/arduino-testlib/cli-datadir/user/libraries/AvrTracing/src/AvrTracing.hpp:112:4: error: expected constructor, destructor, or type conversion before &#39;(&#39; token
 ISR(INT0_vect) {
    ^
/home/ec2-user/arduino-testlib/cli-datadir/user/libraries/AvrTracing/src/AvrTracing.hpp: In function &#39;void enableINT0InterruptOnLowLevel()&#39;:
/home/ec2-user/arduino-testlib/cli-datadir/user/libraries/AvrTracing/src/AvrTracing.hpp:205:5: error: &#39;INT0_vect&#39; was not declared in this scope
     INT0_vect(); // call ISR to compute sPushAdjust
     ^~~~~~~~~
In file included from /home/ec2-user/arduino-testlib/cli-datadir/user/libraries/AvrTracing/examples/TracePartOfProgram/TracePartOfProgram.ino:30:0:
/home/ec2-user/arduino-testlib/cli-datadir/user/libraries/AvrTracing/src/AvrTracing.hpp: In function &#39;void sendUSARTForTrace(char)&#39;:
/home/ec2-user/arduino-testlib/cli-datadir/user/libraries/AvrTracing/src/AvrTracing.hpp:284:15: error: &#39;UCSR0A&#39; was not declared in this scope
     while (!((UCSR0A) &amp; (1 &lt;&lt; UDRE0))) {
               ^~~~~~
/home/ec2-user/arduino-testlib/cli-datadir/user/libraries/AvrTracing/src/AvrTracing.hpp:284:31: error: &#39;UDRE0&#39; was not declared in this scope
     while (!((UCSR0A) &amp; (1 &lt;&lt; UDRE0))) {
                               ^~~~~
/home/ec2-user/arduino-testlib/cli-datadir/user/libraries/AvrTracing/src/AvrTracing.hpp:287:5: error: &#39;UDR0&#39; was not declared in this scope
     UDR0 = aChar;
     ^~~~
/home/ec2-user/arduino-testlib/cli-datadir/user/libraries/AvrTracing/src/AvrTracing.hpp:287:5: note: suggested alternative: &#39;ADC0&#39;
     UDR0 = aChar;
     ^~~~
     ADC0
/home/ec2-user/arduino-testlib/cli-datadir/user/libraries/AvrTracing/src/AvrTracing.hpp: In function &#39;void printTextSectionAddresses()&#39;:
/home/ec2-user/arduino-testlib/cli-datadir/user/libraries/AvrTracing/src/AvrTracing.hpp:358:30: error: cast from &#39;char*&#39; to &#39;uint16_t {aka short unsigned int}&#39; loses precision [-fpermissive]
     Serial.print((uint16_t) &amp;__init, HEX);
                              ^~~~~~
/home/ec2-user/arduino-testlib/cli-datadir/user/libraries/AvrTracing/src/AvrTracing.hpp:360:32: error: cast from &#39;char*&#39; to &#39;uint16_t {aka short unsigned int}&#39; loses precision [-fpermissive]
     Serial.println((uint16_t) &amp;_etext, HEX);
                                ^~~~~~

</pre>
					
				
				<h3 id="arduino:megaavr:nona4809">arduino:megaavr:nona4809 @ 1.8.7</h3>
				<h4>Inclusion</h4>
				<p>
					Result: <b>PASS</b>
					
				</p>
				<pre class="pre-scrollable">WARNING: library AvrTracing claims to run on avr architecture(s) and may be incompatible with your current board which runs on megaavr architecture(s).
Sketch uses 802 bytes (1%) of program storage space. Maximum is 49152 bytes.
Global variables use 22 bytes (0%) of dynamic memory, leaving 6122 bytes for local variables. Maximum is 6144 bytes.
</pre>

					
					<h4>examples/FindHangup</h4>
					<p>
						Result: <b>FAIL</b>
					</p>
					<pre class="pre-scrollable">WARNING: library AvrTracing claims to run on avr architecture(s) and may be incompatible with your current board which runs on megaavr architecture(s).
In file included from /home/ec2-user/arduino-testlib/cli-datadir/user/libraries/AvrTracing/examples/FindHangup/FindHangup.ino:28:0:
/home/ec2-user/arduino-testlib/cli-datadir/user/libraries/AvrTracing/src/AvrTracing.hpp: In function &#39;void sendUSARTForTrace(char)&#39;:
/home/ec2-user/arduino-testlib/cli-datadir/user/libraries/AvrTracing/src/AvrTracing.hpp:284:15: error: &#39;UCSR0A&#39; was not declared in this scope
     while (!((UCSR0A) &amp; (1 &lt;&lt; UDRE0))) {
               ^~~~~~
/home/ec2-user/arduino-testlib/cli-datadir/user/libraries/AvrTracing/src/AvrTracing.hpp:284:31: error: &#39;UDRE0&#39; was not declared in this scope
     while (!((UCSR0A) &amp; (1 &lt;&lt; UDRE0))) {
                               ^~~~~
/home/ec2-user/arduino-testlib/cli-datadir/user/libraries/AvrTracing/src/AvrTracing.hpp:287:5: error: &#39;UDR0&#39; was not declared in this scope
     UDR0 = aChar;
     ^~~~
/home/ec2-user/arduino-testlib/cli-datadir/user/libraries/AvrTracing/src/AvrTracing.hpp:287:5: note: suggested alternative: &#39;DDRD&#39;
     UDR0 = aChar;
     ^~~~
     DDRD

</pre>
					
					<h4>examples/TraceBasic</h4>
					<p>
						Result: <b>FAIL</b>
					</p>
					<pre class="pre-scrollable">WARNING: library AvrTracing claims to run on avr architecture(s) and may be incompatible with your current board which runs on megaavr architecture(s).
In file included from /home/ec2-user/arduino-testlib/cli-datadir/user/libraries/AvrTracing/examples/TraceBasic/TraceBasic.ino:30:0:
/home/ec2-user/arduino-testlib/cli-datadir/user/libraries/AvrTracing/src/AvrTracing.hpp: In function &#39;void sendUSARTForTrace(char)&#39;:
/home/ec2-user/arduino-testlib/cli-datadir/user/libraries/AvrTracing/src/AvrTracing.hpp:284:15: error: &#39;UCSR0A&#39; was not declared in this scope
     while (!((UCSR0A) &amp; (1 &lt;&lt; UDRE0))) {
               ^~~~~~
/home/ec2-user/arduino-testlib/cli-datadir/user/libraries/AvrTracing/src/AvrTracing.hpp:284:31: error: &#39;UDRE0&#39; was not declared in this scope
     while (!((UCSR0A) &amp; (1 &lt;&lt; UDRE0))) {
                               ^~~~~
/home/ec2-user/arduino-testlib/cli-datadir/user/libraries/AvrTracing/src/AvrTracing.hpp:287:5: error: &#39;UDR0&#39; was not declared in this scope
     UDR0 = aChar;
     ^~~~
/home/ec2-user/arduino-testlib/cli-datadir/user/libraries/AvrTracing/src/AvrTracing.hpp:287:5: note: suggested alternative: &#39;DDRD&#39;
     UDR0 = aChar;
     ^~~~
     DDRD

</pre>
					
					<h4>examples/TracePartOfProgram</h4>
					<p>
						Result: <b>FAIL</b>
					</p>
					<pre class="pre-scrollable">WARNING: library AvrTracing claims to run on avr architecture(s) and may be incompatible with your current board which runs on megaavr architecture(s).
In file included from /home/ec2-user/arduino-testlib/cli-datadir/user/libraries/AvrTracing/examples/TracePartOfProgram/TracePartOfProgram.ino:30:0:
/home/ec2-user/arduino-testlib/cli-datadir/user/libraries/AvrTracing/src/AvrTracing.hpp: In function &#39;void sendUSARTForTrace(char)&#39;:
/home/ec2-user/arduino-testlib/cli-datadir/user/libraries/AvrTracing/src/AvrTracing.hpp:284:15: error: &#39;UCSR0A&#39; was not declared in this scope
     while (!((UCSR0A) &amp; (1 &lt;&lt; UDRE0))) {
               ^~~~~~
/home/ec2-user/arduino-testlib/cli-datadir/user/libraries/AvrTracing/src/AvrTracing.hpp:284:31: error: &#39;UDRE0&#39; was not declared in this scope
     while (!((UCSR0A) &amp; (1 &lt;&lt; UDRE0))) {
                               ^~~~~
/home/ec2-user/arduino-testlib/cli-datadir/user/libraries/AvrTracing/src/AvrTracing.hpp:287:5: error: &#39;UDR0&#39; was not declared in this scope
     UDR0 = aChar;
     ^~~~
/home/ec2-user/arduino-testlib/cli-datadir/user/libraries/AvrTracing/src/AvrTracing.hpp:287:5: note: suggested alternative: &#39;DDRD&#39;
     UDR0 = aChar;
     ^~~~
     DDRD

</pre>
					
				
				<h3 id="arduino:samd:mkrwifi1010">arduino:samd:mkrwifi1010 @ 1.8.12</h3>
				<h4>Inclusion</h4>
				<p>
					Result: <b>PASS</b>
					
				</p>
				<pre class="pre-scrollable">WARNING: library AvrTracing claims to run on avr architecture(s) and may be incompatible with your current board which runs on samd architecture(s).
Sketch uses 12156 bytes (4%) of program storage space. Maximum is 262144 bytes.
Global variables use 2996 bytes (9%) of dynamic memory, leaving 29772 bytes for local variables. Maximum is 32768 bytes.
</pre>

					
					<h4>examples/FindHangup</h4>
					<p>
						Result: <b>FAIL</b>
					</p>
					<pre class="pre-scrollable">WARNING: library AvrTracing claims to run on avr architecture(s) and may be incompatible with your current board which runs on samd architecture(s).
In file included from /Users/alranel/Documents/git/arduino/arduino-testlib/cli-datadir/user/libraries/AvrTracing/examples/FindHangup/FindHangup.ino:28:0:
/Users/alranel/Documents/git/arduino/arduino-testlib/cli-datadir/user/libraries/AvrTracing/src/AvrTracing.hpp:112:4: error: expected constructor, destructor, or type conversion before &#39;(&#39; token
 ISR(INT0_vect) {
    ^
/Users/alranel/Documents/git/arduino/arduino-testlib/cli-datadir/user/libraries/AvrTracing/src/AvrTracing.hpp: In function &#39;void enableINT0InterruptOnLowLevel()&#39;:
/Users/alranel/Documents/git/arduino/arduino-testlib/cli-datadir/user/libraries/AvrTracing/src/AvrTracing.hpp:205:5: error: &#39;INT0_vect&#39; was not declared in this scope
     INT0_vect(); // call ISR to compute sPushAdjust
     ^~~~~~~~~
In file included from /Users/alranel/Documents/git/arduino/arduino-testlib/cli-datadir/user/libraries/AvrTracing/examples/FindHangup/FindHangup.ino:28:0:
/Users/alranel/Documents/git/arduino/arduino-testlib/cli-datadir/user/libraries/AvrTracing/src/AvrTracing.hpp: In function &#39;void sendUSARTForTrace(char)&#39;:
/Users/alranel/Documents/git/arduino/arduino-testlib/cli-datadir/user/libraries/AvrTracing/src/AvrTracing.hpp:284:15: error: &#39;UCSR0A&#39; was not declared in this scope
     while (!((UCSR0A) &amp; (1 &lt;&lt; UDRE0))) {
               ^~~~~~
/Users/alranel/Documents/git/arduino/arduino-testlib/cli-datadir/user/libraries/AvrTracing/src/AvrTracing.hpp:284:31: error: &#39;UDRE0&#39; was not declared in this scope
     while (!((UCSR0A) &amp; (1 &lt;&lt; UDRE0))) {
                               ^~~~~
/Users/alranel/Documents/git/arduino/arduino-testlib/cli-datadir/user/libraries/AvrTracing/src/AvrTracing.hpp:287:5: error: &#39;UDR0&#39; was not declared in this scope
     UDR0 = aChar;
     ^~~~
/Users/alranel/Documents/git/arduino/arduino-testlib/cli-datadir/user/libraries/AvrTracing/src/AvrTracing.hpp: In function &#39;void printTextSectionAddresses()&#39;:
/Users/alranel/Documents/git/arduino/arduino-testlib/cli-datadir/user/libraries/AvrTracing/src/AvrTracing.hpp:358:30: error: cast from &#39;char*&#39; to &#39;uint16_t {aka short unsigned int}&#39; loses precision [-fpermissive]
     Serial.print((uint16_t) &amp;__init, HEX);
                              ^~~~~~
/Users/alranel/Documents/git/arduino/arduino-testlib/cli-datadir/user/libraries/AvrTracing/src/AvrTracing.hpp:360:32: error: cast from &#39;char*&#39; to &#39;uint16_t {aka short unsigned int}&#39; loses precision [-fpermissive]
     Serial.println((uint16_t) &amp;_etext, HEX);
                                ^~~~~~

</pre>
					
					<h4>examples/TraceBasic</h4>
					<p>
						Result: <b>FAIL</b>
					</p>
					<pre class="pre-scrollable">WARNING: library AvrTracing claims to run on avr architecture(s) and may be incompatible with your current board which runs on samd architecture(s).
In file included from /Users/alranel/Documents/git/arduino/arduino-testlib/cli-datadir/user/libraries/AvrTracing/examples/TraceBasic/TraceBasic.ino:30:0:
/Users/alranel/Documents/git/arduino/arduino-testlib/cli-datadir/user/libraries/AvrTracing/src/AvrTracing.hpp:112:4: error: expected constructor, destructor, or type conversion before &#39;(&#39; token
 ISR(INT0_vect) {
    ^
/Users/alranel/Documents/git/arduino/arduino-testlib/cli-datadir/user/libraries/AvrTracing/src/AvrTracing.hpp: In function &#39;void enableINT0InterruptOnLowLevel()&#39;:
/Users/alranel/Documents/git/arduino/arduino-testlib/cli-datadir/user/libraries/AvrTracing/src/AvrTracing.hpp:205:5: error: &#39;INT0_vect&#39; was not declared in this scope
     INT0_vect(); // call ISR to compute sPushAdjust
     ^~~~~~~~~
In file included from /Users/alranel/Documents/git/arduino/arduino-testlib/cli-datadir/user/libraries/AvrTracing/examples/TraceBasic/TraceBasic.ino:30:0:
/Users/alranel/Documents/git/arduino/arduino-testlib/cli-datadir/user/libraries/AvrTracing/src/AvrTracing.hpp: In function &#39;void sendUSARTForTrace(char)&#39;:
/Users/alranel/Documents/git/arduino/arduino-testlib/cli-datadir/user/libraries/AvrTracing/src/AvrTracing.hpp:284:15: error: &#39;UCSR0A&#39; was not declared in this scope
     while (!((UCSR0A) &amp; (1 &lt;&lt; UDRE0))) {
               ^~~~~~
/Users/alranel/Documents/git/arduino/arduino-testlib/cli-datadir/user/libraries/AvrTracing/src/AvrTracing.hpp:284:31: error: &#39;UDRE0&#39; was not declared in this scope
     while (!((UCSR0A) &amp; (1 &lt;&lt; UDRE0))) {
                               ^~~~~
/Users/alranel/Documents/git/arduino/arduino-testlib/cli-datadir/user/libraries/AvrTracing/src/AvrTracing.hpp:287:5: error: &#39;UDR0&#39; was not declared in this scope
     UDR0 = aChar;
     ^~~~
/Users/alranel/Documents/git/arduino/arduino-testlib/cli-datadir/user/libraries/AvrTracing/src/AvrTracing.hpp: In function &#39;void printTextSectionAddresses()&#39;:
/Users/alranel/Documents/git/arduino/arduino-testlib/cli-datadir/user/libraries/AvrTracing/src/AvrTracing.hpp:358:30: error: cast from &#39;char*&#39; to &#39;uint16_t {aka short unsigned int}&#39; loses precision [-fpermissive]
     Serial.print((uint16_t) &amp;__init, HEX);
                              ^~~~~~
/Users/alranel/Documents/git/arduino/arduino-testlib/cli-datadir/user/libraries/AvrTracing/src/AvrTracing.hpp:360:32: error: cast from &#39;char*&#39; to &#39;uint16_t {aka short unsigned int}&#39; loses precision [-fpermissive]
     Serial.println((uint16_t) &amp;_etext, HEX);
                                ^~~~~~

</pre>
					
					<h4>examples/TracePartOfProgram</h4>
					<p>
						Result: <b>FAIL</b>
					</p>
					<pre class="pre-scrollable">WARNING: library AvrTracing claims to run on avr architecture(s) and may be incompatible with your current board which runs on samd architecture(s).
In file included from /Users/alranel/Documents/git/arduino/arduino-testlib/cli-datadir/user/libraries/AvrTracing/examples/TracePartOfProgram/TracePartOfProgram.ino:30:0:
/Users/alranel/Documents/git/arduino/arduino-testlib/cli-datadir/user/libraries/AvrTracing/src/AvrTracing.hpp:112:4: error: expected constructor, destructor, or type conversion before &#39;(&#39; token
 ISR(INT0_vect) {
    ^
/Users/alranel/Documents/git/arduino/arduino-testlib/cli-datadir/user/libraries/AvrTracing/src/AvrTracing.hpp: In function &#39;void enableINT0InterruptOnLowLevel()&#39;:
/Users/alranel/Documents/git/arduino/arduino-testlib/cli-datadir/user/libraries/AvrTracing/src/AvrTracing.hpp:205:5: error: &#39;INT0_vect&#39; was not declared in this scope
     INT0_vect(); // call ISR to compute sPushAdjust
     ^~~~~~~~~
In file included from /Users/alranel/Documents/git/arduino/arduino-testlib/cli-datadir/user/libraries/AvrTracing/examples/TracePartOfProgram/TracePartOfProgram.ino:30:0:
/Users/alranel/Documents/git/arduino/arduino-testlib/cli-datadir/user/libraries/AvrTracing/src/AvrTracing.hpp: In function &#39;void sendUSARTForTrace(char)&#39;:
/Users/alranel/Documents/git/arduino/arduino-testlib/cli-datadir/user/libraries/AvrTracing/src/AvrTracing.hpp:284:15: error: &#39;UCSR0A&#39; was not declared in this scope
     while (!((UCSR0A) &amp; (1 &lt;&lt; UDRE0))) {
               ^~~~~~
/Users/alranel/Documents/git/arduino/arduino-testlib/cli-datadir/user/libraries/AvrTracing/src/AvrTracing.hpp:284:31: error: &#39;UDRE0&#39; was not declared in this scope
     while (!((UCSR0A) &amp; (1 &lt;&lt; UDRE0))) {
                               ^~~~~
/Users/alranel/Documents/git/arduino/arduino-testlib/cli-datadir/user/libraries/AvrTracing/src/AvrTracing.hpp:287:5: error: &#39;UDR0&#39; was not declared in this scope
     UDR0 = aChar;
     ^~~~
/Users/alranel/Documents/git/arduino/arduino-testlib/cli-datadir/user/libraries/AvrTracing/src/AvrTracing.hpp: In function &#39;void printTextSectionAddresses()&#39;:
/Users/alranel/Documents/git/arduino/arduino-testlib/cli-datadir/user/libraries/AvrTracing/src/AvrTracing.hpp:358:30: error: cast from &#39;char*&#39; to &#39;uint16_t {aka short unsigned int}&#39; loses precision [-fpermissive]
     Serial.print((uint16_t) &amp;__init, HEX);
                              ^~~~~~
/Users/alranel/Documents/git/arduino/arduino-testlib/cli-datadir/user/libraries/AvrTracing/src/AvrTracing.hpp:360:32: error: cast from &#39;char*&#39; to &#39;uint16_t {aka short unsigned int}&#39; loses precision [-fpermissive]
     Serial.println((uint16_t) &amp;_etext, HEX);
                                ^~~~~~
/Users/alranel/Documents/git/arduino/arduino-testlib/cli-datadir/user/libraries/AvrTracing/examples/TracePartOfProgram/TracePartOfProgram.ino: In function &#39;void loop()&#39;:
/Users/alranel/Documents/git/arduino/arduino-testlib/cli-datadir/user/libraries/AvrTracing/examples/TracePartOfProgram/TracePartOfProgram.ino:56:5: error: &#39;_NOP&#39; was not declared in this scope
     _NOP()
     ^~~~
/Users/alranel/Documents/git/arduino/arduino-testlib/cli-datadir/user/libraries/AvrTracing/examples/TracePartOfProgram/TracePartOfProgram.ino:56:5: note: suggested alternative: &#39;__NOP&#39;
     _NOP()
     ^~~~
     __NOP

</pre>
					
				
				<h3 id="esp32:esp32:d1_mini32">esp32:esp32:d1_mini32 @ 1.0.6</h3>
				<h4>Inclusion</h4>
				<p>
					Result: <b>PASS</b>
					
				</p>
				<pre class="pre-scrollable">WARNING: library AvrTracing claims to run on avr architecture(s) and may be incompatible with your current board which runs on esp32 architecture(s).
Sketch uses 197736 bytes (15%) of program storage space. Maximum is 1310720 bytes.
Global variables use 13084 bytes (3%) of dynamic memory, leaving 314596 bytes for local variables. Maximum is 327680 bytes.
</pre>

					
					<h4>examples/FindHangup</h4>
					<p>
						Result: <b>FAIL</b>
					</p>
					<pre class="pre-scrollable">WARNING: library AvrTracing claims to run on avr architecture(s) and may be incompatible with your current board which runs on esp32 architecture(s).
In file included from /home/ec2-user/arduino-testlib/cli-datadir/user/libraries/AvrTracing/examples/FindHangup/FindHangup.ino:28:0:
/home/ec2-user/arduino-testlib/cli-datadir/user/libraries/AvrTracing/src/AvrTracing.hpp:112:4: error: expected constructor, destructor, or type conversion before &#39;(&#39; token
 ISR(INT0_vect) {
    ^

</pre>
					
					<h4>examples/TraceBasic</h4>
					<p>
						Result: <b>FAIL</b>
					</p>
					<pre class="pre-scrollable">WARNING: library AvrTracing claims to run on avr architecture(s) and may be incompatible with your current board which runs on esp32 architecture(s).
In file included from /home/ec2-user/arduino-testlib/cli-datadir/user/libraries/AvrTracing/examples/TraceBasic/TraceBasic.ino:30:0:
/home/ec2-user/arduino-testlib/cli-datadir/user/libraries/AvrTracing/src/AvrTracing.hpp:112:4: error: expected constructor, destructor, or type conversion before &#39;(&#39; token
 ISR(INT0_vect) {
    ^

</pre>
					
					<h4>examples/TracePartOfProgram</h4>
					<p>
						Result: <b>FAIL</b>
					</p>
					<pre class="pre-scrollable">WARNING: library AvrTracing claims to run on avr architecture(s) and may be incompatible with your current board which runs on esp32 architecture(s).
In file included from /home/ec2-user/arduino-testlib/cli-datadir/user/libraries/AvrTracing/examples/TracePartOfProgram/TracePartOfProgram.ino:30:0:
/home/ec2-user/arduino-testlib/cli-datadir/user/libraries/AvrTracing/src/AvrTracing.hpp:112:4: error: expected constructor, destructor, or type conversion before &#39;(&#39; token
 ISR(INT0_vect) {
    ^

</pre>
					
				
			</div>
		</div>
	</div>
  </body>
</html>
