
<!doctype html>
<html lang="en">
  <head>
    <meta charset="utf-8">
    <meta name="viewport" content="width=device-width, initial-scale=1">
    <link href="https://cdn.jsdelivr.net/npm/bootstrap@5.0.2/dist/css/bootstrap.min.css" rel="stylesheet" integrity="sha384-EVSTQN3/azprG1Anm3QDgpJLIm9Nao0Yz1ztcQTwFspd3yD65VohhpuuCOmLASjC" crossorigin="anonymous">
    <title>arduino-testlib report</title>
	<style>
	.pass { background-color: #00FF00 !important; }
	.fail { background-color: #FF0000 !important; }
	</style>
  </head>
  <body>
	<div class="container">
		<div class="row">
			<div class="col">
				<h1>AzureIoTHubMQTTClient - compatibility matrix</h1>
				<p>
					<small>This report was generated on Wednesday, 23-Feb-22 22:48:15 CET using 
					<a href="https://github.com/alranel/arduino-testlib">arduino-testlib</a>.</small>
				</p>

				<h2>AzureIoTHubMQTTClient</h2>
				<p>
					Version: <b>0.2.3</b>
					<br />
					<a href="https://www.arduino.cc/reference/en/libraries/azureiothubmqttclient/">More details</a>
				</p>

				<h2>Compatibility matrix</h2>
				<table class="table table-bordered">
					<tr>
						<th>Board</th>
						<th>Claims compatibility</th>
						<th>Inclusion</th>
						
						<th><pre>Thermostat</pre></th>
						
					</tr>
					
					<tr>
						<td>
							<a href="#arduino%3aavr%3auno"><b>arduino:avr:uno</b></a>
							<br />
							<small>1.8.4</small>
						</td>

						
						
						
						
							<td>No</td>
							<td class="fail">FAIL</td>
						

						
							
								
									
										
											
											<td class="fail">FAIL</td>
										
									
								
							
								
							
								
							
								
							
								
							
						
					</tr>
					
					<tr>
						<td>
							<a href="#arduino%3ambed_nano%3ananorp2040connect"><b>arduino:mbed_nano:nanorp2040connect</b></a>
							<br />
							<small>2.7.2</small>
						</td>

						
						
						
						
							<td>No</td>
							<td class="fail">FAIL</td>
						

						
							
								
							
								
									
										
											
											<td class="fail">FAIL</td>
										
									
								
							
								
							
								
							
								
							
						
					</tr>
					
					<tr>
						<td>
							<a href="#arduino%3amegaavr%3anona4809"><b>arduino:megaavr:nona4809</b></a>
							<br />
							<small>1.8.7</small>
						</td>

						
						
						
						
							<td>No</td>
							<td class="fail">FAIL</td>
						

						
							
								
							
								
							
								
									
										
											
											<td class="fail">FAIL</td>
										
									
								
							
								
							
								
							
						
					</tr>
					
					<tr>
						<td>
							<a href="#arduino%3asamd%3amkrwifi1010"><b>arduino:samd:mkrwifi1010</b></a>
							<br />
							<small>1.8.12</small>
						</td>

						
						
						
						
							<td>No</td>
							<td class="fail">FAIL</td>
						

						
							
								
							
								
							
								
							
								
									
										
											
											<td class="fail">FAIL</td>
										
									
								
							
								
							
						
					</tr>
					
					<tr>
						<td>
							<a href="#esp32%3aesp32%3ad1_mini32"><b>esp32:esp32:d1_mini32</b></a>
							<br />
							<small>1.0.6</small>
						</td>

						
						
						
						
							<td>No</td>
							<td class="fail">FAIL</td>
						

						
							
								
							
								
							
								
							
								
							
								
									
										
											
											<td class="fail">FAIL</td>
										
									
								
							
						
					</tr>
					
				</table>

				<h2>Compilation logs</h2>
				
				<h3 id="arduino:avr:uno">arduino:avr:uno @ 1.8.4</h3>
				<h4>Inclusion</h4>
				<p>
					Result: <b>FAIL</b>
					
				</p>
				<pre class="pre-scrollable">In file included from /tmp/arduino-testlib1015199176/test/test.ino:1:0:
/home/ec2-user/arduino-testlib/cli-datadir/user/libraries/AzureIoTHubMQTTClient/src/AzureIoTHubMQTTClient.h:13:10: fatal error: functional: No such file or directory
 #include &lt;functional&gt;
          ^~~~~~~~~~~~
compilation terminated.
Multiple libraries were found for &#34;ArduinoJson.h&#34;
  Used: /home/ec2-user/arduino-testlib/cli-datadir/user/libraries/ArduinoJson
  Not used: /home/ec2-user/arduino-testlib/cli-datadir/user/libraries/CMMC_MQTT_Connector
  Not used: /home/ec2-user/arduino-testlib/cli-datadir/user/libraries/AllThingsTalk_LTE-M_SDK
  Not used: /home/ec2-user/arduino-testlib/cli-datadir/user/libraries/ThingsIoT
  Not used: /home/ec2-user/arduino-testlib/cli-datadir/user/libraries/CoogleIOT
  Not used: /home/ec2-user/arduino-testlib/cli-datadir/user/libraries/Antares_ESP8266_MQTT
  Not used: /home/ec2-user/arduino-testlib/cli-datadir/user/libraries/ThingESP
  Not used: /home/ec2-user/arduino-testlib/cli-datadir/user/libraries/Antares_ESP8266_HTTP
  Not used: /home/ec2-user/arduino-testlib/cli-datadir/user/libraries/BaleMessengerBot_Arduino
</pre>

					
					<h4>examples/Thermostat</h4>
					<p>
						Result: <b>FAIL</b>
					</p>
					<pre class="pre-scrollable">/home/ec2-user/arduino-testlib/cli-datadir/user/libraries/AzureIoTHubMQTTClient/examples/Thermostat/Thermostat.ino:5:10: fatal error: ESP8266WiFi.h: No such file or directory
 #include &lt;ESP8266WiFi.h&gt;
          ^~~~~~~~~~~~~~~
compilation terminated.

</pre>
					
				
				<h3 id="arduino:mbed_nano:nanorp2040connect">arduino:mbed_nano:nanorp2040connect @ 2.7.2</h3>
				<h4>Inclusion</h4>
				<p>
					Result: <b>FAIL</b>
					
				</p>
				<pre class="pre-scrollable">In file included from /home/ec2-user/arduino-testlib/cli-datadir/user/libraries/AzureIoTHubMQTTClient/src/AzureIoTHubMQTTClient.h:27:0,
                 from /home/ec2-user/arduino-testlib/cli-datadir/user/libraries/AzureIoTHubMQTTClient/src/AzureIoTHubMQTTClient.cpp:5:
/home/ec2-user/arduino-testlib/cli-datadir/user/libraries/AzureIoTHubMQTTClient/src/NtpClientLib.h:98:2: error: #error &#34;Incorrect platform. Only ARDUINO and ESP8266 MCUs are valid.&#34;
 #error &#34;Incorrect platform. Only ARDUINO and ESP8266 MCUs are valid.&#34;
  ^~~~~
/home/ec2-user/arduino-testlib/cli-datadir/user/libraries/AzureIoTHubMQTTClient/src/AzureIoTHubMQTTClient.cpp:10:10: fatal error: ESP8266WiFi.h: No such file or directory
 #include &lt;ESP8266WiFi.h&gt;
          ^~~~~~~~~~~~~~~
compilation terminated.
Multiple libraries were found for &#34;ArduinoJson.h&#34;
  Used: /home/ec2-user/arduino-testlib/cli-datadir/user/libraries/ArduinoJson
  Not used: /home/ec2-user/arduino-testlib/cli-datadir/user/libraries/ThingESP
  Not used: /home/ec2-user/arduino-testlib/cli-datadir/user/libraries/CoogleIOT
  Not used: /home/ec2-user/arduino-testlib/cli-datadir/user/libraries/Antares_ESP8266_MQTT
  Not used: /home/ec2-user/arduino-testlib/cli-datadir/user/libraries/Antares_ESP8266_HTTP
  Not used: /home/ec2-user/arduino-testlib/cli-datadir/user/libraries/BaleMessengerBot_Arduino
  Not used: /home/ec2-user/arduino-testlib/cli-datadir/user/libraries/AllThingsTalk_LTE-M_SDK
  Not used: /home/ec2-user/arduino-testlib/cli-datadir/user/libraries/ThingsIoT
  Not used: /home/ec2-user/arduino-testlib/cli-datadir/user/libraries/CMMC_MQTT_Connector
</pre>

					
					<h4>examples/Thermostat</h4>
					<p>
						Result: <b>FAIL</b>
					</p>
					<pre class="pre-scrollable">/home/ec2-user/arduino-testlib/cli-datadir/user/libraries/AzureIoTHubMQTTClient/examples/Thermostat/Thermostat.ino:5:10: fatal error: ESP8266WiFi.h: No such file or directory
 #include &lt;ESP8266WiFi.h&gt;
          ^~~~~~~~~~~~~~~
compilation terminated.

</pre>
					
				
				<h3 id="arduino:megaavr:nona4809">arduino:megaavr:nona4809 @ 1.8.7</h3>
				<h4>Inclusion</h4>
				<p>
					Result: <b>FAIL</b>
					
				</p>
				<pre class="pre-scrollable">In file included from /tmp/arduino-testlib1628038007/test/test.ino:1:0:
/home/ec2-user/arduino-testlib/cli-datadir/user/libraries/AzureIoTHubMQTTClient/src/AzureIoTHubMQTTClient.h:13:10: fatal error: functional: No such file or directory
 #include &lt;functional&gt;
          ^~~~~~~~~~~~
compilation terminated.
Multiple libraries were found for &#34;ArduinoJson.h&#34;
  Used: /home/ec2-user/arduino-testlib/cli-datadir/user/libraries/ArduinoJson
  Not used: /home/ec2-user/arduino-testlib/cli-datadir/user/libraries/Antares_ESP8266_HTTP
  Not used: /home/ec2-user/arduino-testlib/cli-datadir/user/libraries/CoogleIOT
  Not used: /home/ec2-user/arduino-testlib/cli-datadir/user/libraries/CMMC_MQTT_Connector
  Not used: /home/ec2-user/arduino-testlib/cli-datadir/user/libraries/AllThingsTalk_LTE-M_SDK
  Not used: /home/ec2-user/arduino-testlib/cli-datadir/user/libraries/ThingESP
  Not used: /home/ec2-user/arduino-testlib/cli-datadir/user/libraries/Antares_ESP8266_MQTT
  Not used: /home/ec2-user/arduino-testlib/cli-datadir/user/libraries/ThingsIoT
  Not used: /home/ec2-user/arduino-testlib/cli-datadir/user/libraries/BaleMessengerBot_Arduino
</pre>

					
					<h4>examples/Thermostat</h4>
					<p>
						Result: <b>FAIL</b>
					</p>
					<pre class="pre-scrollable">/home/ec2-user/arduino-testlib/cli-datadir/user/libraries/AzureIoTHubMQTTClient/examples/Thermostat/Thermostat.ino:5:10: fatal error: ESP8266WiFi.h: No such file or directory
 #include &lt;ESP8266WiFi.h&gt;
          ^~~~~~~~~~~~~~~
compilation terminated.

</pre>
					
				
				<h3 id="arduino:samd:mkrwifi1010">arduino:samd:mkrwifi1010 @ 1.8.12</h3>
				<h4>Inclusion</h4>
				<p>
					Result: <b>FAIL</b>
					
				</p>
				<pre class="pre-scrollable">/home/ec2-user/arduino-testlib/cli-datadir/user/libraries/AzureIoTHubMQTTClient/src/AzureIoTHubMQTTClient.cpp:10:10: fatal error: ESP8266WiFi.h: No such file or directory
 #include &lt;ESP8266WiFi.h&gt;
          ^~~~~~~~~~~~~~~
compilation terminated.
Multiple libraries were found for &#34;ArduinoJson.h&#34;
  Used: /home/ec2-user/arduino-testlib/cli-datadir/user/libraries/ArduinoJson
  Not used: /home/ec2-user/arduino-testlib/cli-datadir/user/libraries/ThingESP
  Not used: /home/ec2-user/arduino-testlib/cli-datadir/user/libraries/Antares_ESP8266_HTTP
  Not used: /home/ec2-user/arduino-testlib/cli-datadir/user/libraries/CMMC_MQTT_Connector
  Not used: /home/ec2-user/arduino-testlib/cli-datadir/user/libraries/BaleMessengerBot_Arduino
  Not used: /home/ec2-user/arduino-testlib/cli-datadir/user/libraries/ThingsIoT
  Not used: /home/ec2-user/arduino-testlib/cli-datadir/user/libraries/CoogleIOT
  Not used: /home/ec2-user/arduino-testlib/cli-datadir/user/libraries/Antares_ESP8266_MQTT
  Not used: /home/ec2-user/arduino-testlib/cli-datadir/user/libraries/AllThingsTalk_LTE-M_SDK
Multiple libraries were found for &#34;WiFiClient.h&#34;
  Used: /home/ec2-user/arduino-testlib/cli-datadir/user/libraries/WiFiEspAT
  Not used: /home/ec2-user/arduino-testlib/cli-datadir/user/libraries/WiFi_Link
  Not used: /home/ec2-user/arduino-testlib/cli-datadir/user/libraries/WiFi
  Not used: /home/ec2-user/arduino-testlib/cli-datadir/user/libraries/WiFi101
  Not used: /home/ec2-user/arduino-testlib/cli-datadir/user/libraries/WiFiNINA
  Not used: /home/ec2-user/arduino-testlib/cli-datadir/user/libraries/Seeed_Arduino_rpcWiFi
Multiple libraries were found for &#34;Dns.h&#34;
  Used: /home/ec2-user/arduino-testlib/cli-datadir/user/libraries/Ethernet
  Not used: /home/ec2-user/arduino-testlib/cli-datadir/user/libraries/Ethernet3
  Not used: /home/ec2-user/arduino-testlib/cli-datadir/user/libraries/UIPEthernet
  Not used: /home/ec2-user/arduino-testlib/cli-datadir/user/libraries/RF24Ethernet
  Not used: /home/ec2-user/arduino-testlib/cli-datadir/user/libraries/microgear-nbiot
  Not used: /home/ec2-user/arduino-testlib/cli-datadir/user/libraries/EthernetENC
  Not used: /home/ec2-user/arduino-testlib/cli-datadir/user/libraries/Ethernet2
  Not used: /home/ec2-user/arduino-testlib/cli-datadir/user/libraries/EthernetIndustruino
  Not used: /home/ec2-user/arduino-testlib/cli-datadir/user/libraries/STM32duino_STM32Ethernet
  Not used: /home/ec2-user/arduino-testlib/cli-datadir/user/libraries/iSYNC_BC95_Arduino
</pre>

					
					<h4>examples/Thermostat</h4>
					<p>
						Result: <b>FAIL</b>
					</p>
					<pre class="pre-scrollable">/home/ec2-user/arduino-testlib/cli-datadir/user/libraries/AzureIoTHubMQTTClient/examples/Thermostat/Thermostat.ino:5:10: fatal error: ESP8266WiFi.h: No such file or directory
 #include &lt;ESP8266WiFi.h&gt;
          ^~~~~~~~~~~~~~~
compilation terminated.

</pre>
					
				
				<h3 id="esp32:esp32:d1_mini32">esp32:esp32:d1_mini32 @ 1.0.6</h3>
				<h4>Inclusion</h4>
				<p>
					Result: <b>FAIL</b>
					
				</p>
				<pre class="pre-scrollable">In file included from /home/ec2-user/arduino-testlib/cli-datadir/user/libraries/AzureIoTHubMQTTClient/src/AzureIoTHubMQTTClient.h:27:0,
                 from /home/ec2-user/arduino-testlib/cli-datadir/user/libraries/AzureIoTHubMQTTClient/src/AzureIoTHubMQTTClient.cpp:5:
/home/ec2-user/arduino-testlib/cli-datadir/user/libraries/AzureIoTHubMQTTClient/src/NtpClientLib.h:98:2: error: #error &#34;Incorrect platform. Only ARDUINO and ESP8266 MCUs are valid.&#34;
 #error &#34;Incorrect platform. Only ARDUINO and ESP8266 MCUs are valid.&#34;
  ^
/home/ec2-user/arduino-testlib/cli-datadir/user/libraries/AzureIoTHubMQTTClient/src/AzureIoTHubMQTTClient.cpp:10:25: fatal error: ESP8266WiFi.h: No such file or directory
compilation terminated.
Multiple libraries were found for &#34;ArduinoJson.h&#34;
  Used: /home/ec2-user/arduino-testlib/cli-datadir/user/libraries/ArduinoJson
  Not used: /home/ec2-user/arduino-testlib/cli-datadir/user/libraries/ThingsIoT
  Not used: /home/ec2-user/arduino-testlib/cli-datadir/user/libraries/AllThingsTalk_LTE-M_SDK
  Not used: /home/ec2-user/arduino-testlib/cli-datadir/user/libraries/Antares_ESP8266_MQTT
  Not used: /home/ec2-user/arduino-testlib/cli-datadir/user/libraries/ThingESP
  Not used: /home/ec2-user/arduino-testlib/cli-datadir/user/libraries/Antares_ESP8266_HTTP
  Not used: /home/ec2-user/arduino-testlib/cli-datadir/user/libraries/CoogleIOT
  Not used: /home/ec2-user/arduino-testlib/cli-datadir/user/libraries/BaleMessengerBot_Arduino
  Not used: /home/ec2-user/arduino-testlib/cli-datadir/user/libraries/CMMC_MQTT_Connector
</pre>

					
					<h4>examples/Thermostat</h4>
					<p>
						Result: <b>FAIL</b>
					</p>
					<pre class="pre-scrollable">/home/ec2-user/arduino-testlib/cli-datadir/user/libraries/AzureIoTHubMQTTClient/examples/Thermostat/Thermostat.ino:5:25: fatal error: ESP8266WiFi.h: No such file or directory
compilation terminated.

</pre>
					
				
			</div>
		</div>
	</div>
  </body>
</html>
