
<!doctype html>
<html lang="en">
  <head>
    <meta charset="utf-8">
    <meta name="viewport" content="width=device-width, initial-scale=1">
    <link href="https://cdn.jsdelivr.net/npm/bootstrap@5.0.2/dist/css/bootstrap.min.css" rel="stylesheet" integrity="sha384-EVSTQN3/azprG1Anm3QDgpJLIm9Nao0Yz1ztcQTwFspd3yD65VohhpuuCOmLASjC" crossorigin="anonymous">
    <title>arduino-testlib report</title>
	<style>
	.pass { background-color: #00FF00 !important; }
	.fail { background-color: #FF0000 !important; }
	</style>
  </head>
  <body>
	<div class="container">
		<div class="row">
			<div class="col">
				<h1>BasicEncoder - compatibility matrix</h1>
				<p>
					<small>This report was generated on Monday, 21-Feb-22 12:00:25 CET using 
					<a href="https://github.com/alranel/arduino-testlib">arduino-testlib</a>.</small>
				</p>

				<h2>BasicEncoder</h2>
				<p>
					Version: <b>1.1.1</b>
					<br />
					<a href="https://www.arduino.cc/reference/en/libraries/basicencoder/">More details</a>
				</p>

				<h2>Compatibility matrix</h2>
				<table class="table table-bordered">
					<tr>
						<th>Board</th>
						<th>Claims compatibility</th>
						<th>Inclusion</th>
						
						<th><pre>poll-in-loop</pre></th>
						
						<th><pre>two-encoders</pre></th>
						
						<th><pre>using-pin-change</pre></th>
						
						<th><pre>using-timerone</pre></th>
						
					</tr>
					
					<tr>
						<td>
							<a href="#arduino%3aavr%3auno"><b>arduino:avr:uno</b></a>
							<br />
							<small>1.8.4</small>
						</td>

						
							<td>Yes</td>
							<td class="pass">PASS</td>
						
						
						
						

						
							
								
									
										
											<td class="pass">PASS</td>
											
										
									
										
									
										
									
										
									
								
							
								
							
								
							
								
							
								
							
						
							
								
									
										
									
										
											<td class="pass">PASS</td>
											
										
									
										
									
										
									
								
							
								
							
								
							
								
							
								
							
						
							
								
									
										
									
										
									
										
											<td class="pass">PASS</td>
											
										
									
										
									
								
							
								
							
								
							
								
							
								
							
						
							
								
									
										
									
										
									
										
									
										
											<td class="pass">PASS</td>
											
										
									
								
							
								
							
								
							
								
							
								
							
						
					</tr>
					
					<tr>
						<td>
							<a href="#arduino%3ambed_nano%3ananorp2040connect"><b>arduino:mbed_nano:nanorp2040connect</b></a>
							<br />
							<small>2.7.2</small>
						</td>

						
						
						
							<td>Yes ⚠️</td>
							<td class="fail">FAIL</td>
						
						

						
							
								
							
								
									
										
											
											<td class="fail">FAIL</td>
										
									
										
									
										
									
										
									
								
							
								
							
								
							
								
							
						
							
								
							
								
									
										
									
										
											
											<td class="fail">FAIL</td>
										
									
										
									
										
									
								
							
								
							
								
							
								
							
						
							
								
							
								
									
										
									
										
									
										
											
											<td class="fail">FAIL</td>
										
									
										
									
								
							
								
							
								
							
								
							
						
							
								
							
								
									
										
									
										
									
										
									
										
											
											<td class="fail">FAIL</td>
										
									
								
							
								
							
								
							
								
							
						
					</tr>
					
					<tr>
						<td>
							<a href="#arduino%3amegaavr%3anona4809"><b>arduino:megaavr:nona4809</b></a>
							<br />
							<small>1.8.7</small>
						</td>

						
							<td>Yes</td>
							<td class="pass">PASS</td>
						
						
						
						

						
							
								
							
								
							
								
									
										
											<td class="pass">PASS</td>
											
										
									
										
									
										
									
										
									
								
							
								
							
								
							
						
							
								
							
								
							
								
									
										
									
										
											
											<td class="fail">FAIL</td>
										
									
										
									
										
									
								
							
								
							
								
							
						
							
								
							
								
							
								
									
										
									
										
									
										
											
											<td class="fail">FAIL</td>
										
									
										
									
								
							
								
							
								
							
						
							
								
							
								
							
								
									
										
									
										
									
										
									
										
											
											<td class="fail">FAIL</td>
										
									
								
							
								
							
								
							
						
					</tr>
					
					<tr>
						<td>
							<a href="#arduino%3asamd%3amkrwifi1010"><b>arduino:samd:mkrwifi1010</b></a>
							<br />
							<small>1.8.12</small>
						</td>

						
						
						
							<td>Yes ⚠️</td>
							<td class="fail">FAIL</td>
						
						

						
							
								
							
								
							
								
							
								
									
										
											
											<td class="fail">FAIL</td>
										
									
										
									
										
									
										
									
								
							
								
							
						
							
								
							
								
							
								
							
								
									
										
									
										
											
											<td class="fail">FAIL</td>
										
									
										
									
										
									
								
							
								
							
						
							
								
							
								
							
								
							
								
									
										
									
										
									
										
											
											<td class="fail">FAIL</td>
										
									
										
									
								
							
								
							
						
							
								
							
								
							
								
							
								
									
										
									
										
									
										
									
										
											
											<td class="fail">FAIL</td>
										
									
								
							
								
							
						
					</tr>
					
					<tr>
						<td>
							<a href="#esp32%3aesp32%3ad1_mini32"><b>esp32:esp32:d1_mini32</b></a>
							<br />
							<small>1.0.6</small>
						</td>

						
						
						
							<td>Yes ⚠️</td>
							<td class="fail">FAIL</td>
						
						

						
							
								
							
								
							
								
							
								
							
								
									
										
											
											<td class="fail">FAIL</td>
										
									
										
									
										
									
										
									
								
							
						
							
								
							
								
							
								
							
								
							
								
									
										
									
										
											
											<td class="fail">FAIL</td>
										
									
										
									
										
									
								
							
						
							
								
							
								
							
								
							
								
							
								
									
										
									
										
									
										
											
											<td class="fail">FAIL</td>
										
									
										
									
								
							
						
							
								
							
								
							
								
							
								
							
								
									
										
									
										
									
										
									
										
											
											<td class="fail">FAIL</td>
										
									
								
							
						
					</tr>
					
				</table>

				<h2>Compilation logs</h2>
				
				<h3 id="arduino:avr:uno">arduino:avr:uno @ 1.8.4</h3>
				<h4>Inclusion</h4>
				<p>
					Result: <b>PASS</b>
					
				</p>
				<pre class="pre-scrollable">Sketch uses 444 bytes (1%) of program storage space. Maximum is 32256 bytes.
Global variables use 9 bytes (0%) of dynamic memory, leaving 2039 bytes for local variables. Maximum is 2048 bytes.
</pre>

					
					<h4>examples/poll-in-loop</h4>
					<p>
						Result: <b>PASS</b>
					</p>
					<pre class="pre-scrollable">Sketch uses 2524 bytes (7%) of program storage space. Maximum is 32256 bytes.
Global variables use 198 bytes (9%) of dynamic memory, leaving 1850 bytes for local variables. Maximum is 2048 bytes.
</pre>
					
					<h4>examples/two-encoders</h4>
					<p>
						Result: <b>PASS</b>
					</p>
					<pre class="pre-scrollable">Sketch uses 2758 bytes (8%) of program storage space. Maximum is 32256 bytes.
Global variables use 210 bytes (10%) of dynamic memory, leaving 1838 bytes for local variables. Maximum is 2048 bytes.
</pre>
					
					<h4>examples/using-pin-change</h4>
					<p>
						Result: <b>PASS</b>
					</p>
					<pre class="pre-scrollable">Sketch uses 2760 bytes (8%) of program storage space. Maximum is 32256 bytes.
Global variables use 208 bytes (10%) of dynamic memory, leaving 1840 bytes for local variables. Maximum is 2048 bytes.
</pre>
					
					<h4>examples/using-timerone</h4>
					<p>
						Result: <b>PASS</b>
					</p>
					<pre class="pre-scrollable">Sketch uses 2602 bytes (8%) of program storage space. Maximum is 32256 bytes.
Global variables use 200 bytes (9%) of dynamic memory, leaving 1848 bytes for local variables. Maximum is 2048 bytes.
</pre>
					
				
				<h3 id="arduino:mbed_nano:nanorp2040connect">arduino:mbed_nano:nanorp2040connect @ 2.7.2</h3>
				<h4>Inclusion</h4>
				<p>
					Result: <b>FAIL</b>
					
				</p>
				<pre class="pre-scrollable">In file included from /tmp/arduino-testlib724683167/test/test.ino:1:0:
/home/ec2-user/arduino-testlib/cli-datadir/user/libraries/BasicEncoder/BasicEncoder.h: In member function &#39;int8_t BasicEncoder::get_change()&#39;:
/home/ec2-user/arduino-testlib/cli-datadir/user/libraries/BasicEncoder/BasicEncoder.h:93:20: error: &#39;SREG&#39; was not declared in this scope
     uint8_t sreg = SREG;
                    ^~~~
/home/ec2-user/arduino-testlib/cli-datadir/user/libraries/BasicEncoder/BasicEncoder.h:93:20: note: suggested alternative: &#39;SING&#39;
     uint8_t sreg = SREG;
                    ^~~~
                    SING
/home/ec2-user/arduino-testlib/cli-datadir/user/libraries/BasicEncoder/BasicEncoder.h: In member function &#39;int BasicEncoder::get_count()&#39;:
/home/ec2-user/arduino-testlib/cli-datadir/user/libraries/BasicEncoder/BasicEncoder.h:116:20: error: &#39;SREG&#39; was not declared in this scope
     uint8_t sreg = SREG;
                    ^~~~
/home/ec2-user/arduino-testlib/cli-datadir/user/libraries/BasicEncoder/BasicEncoder.h:116:20: note: suggested alternative: &#39;SING&#39;
     uint8_t sreg = SREG;
                    ^~~~
                    SING
/home/ec2-user/arduino-testlib/cli-datadir/user/libraries/BasicEncoder/BasicEncoder.h: In member function &#39;void BasicEncoder::reset()&#39;:
/home/ec2-user/arduino-testlib/cli-datadir/user/libraries/BasicEncoder/BasicEncoder.h:124:20: error: &#39;SREG&#39; was not declared in this scope
     uint8_t sreg = SREG;
                    ^~~~
/home/ec2-user/arduino-testlib/cli-datadir/user/libraries/BasicEncoder/BasicEncoder.h:124:20: note: suggested alternative: &#39;SING&#39;
     uint8_t sreg = SREG;
                    ^~~~
                    SING

</pre>

					
					<h4>examples/poll-in-loop</h4>
					<p>
						Result: <b>FAIL</b>
					</p>
					<pre class="pre-scrollable">In file included from /home/ec2-user/arduino-testlib/cli-datadir/user/libraries/BasicEncoder/examples/poll-in-loop/poll-in-loop.ino:27:0:
/home/ec2-user/arduino-testlib/cli-datadir/user/libraries/BasicEncoder/BasicEncoder.h: In member function &#39;int8_t BasicEncoder::get_change()&#39;:
/home/ec2-user/arduino-testlib/cli-datadir/user/libraries/BasicEncoder/BasicEncoder.h:93:20: error: &#39;SREG&#39; was not declared in this scope
     uint8_t sreg = SREG;
                    ^~~~
/home/ec2-user/arduino-testlib/cli-datadir/user/libraries/BasicEncoder/BasicEncoder.h:93:20: note: suggested alternative: &#39;SING&#39;
     uint8_t sreg = SREG;
                    ^~~~
                    SING
/home/ec2-user/arduino-testlib/cli-datadir/user/libraries/BasicEncoder/BasicEncoder.h: In member function &#39;int BasicEncoder::get_count()&#39;:
/home/ec2-user/arduino-testlib/cli-datadir/user/libraries/BasicEncoder/BasicEncoder.h:116:20: error: &#39;SREG&#39; was not declared in this scope
     uint8_t sreg = SREG;
                    ^~~~
/home/ec2-user/arduino-testlib/cli-datadir/user/libraries/BasicEncoder/BasicEncoder.h:116:20: note: suggested alternative: &#39;SING&#39;
     uint8_t sreg = SREG;
                    ^~~~
                    SING
/home/ec2-user/arduino-testlib/cli-datadir/user/libraries/BasicEncoder/BasicEncoder.h: In member function &#39;void BasicEncoder::reset()&#39;:
/home/ec2-user/arduino-testlib/cli-datadir/user/libraries/BasicEncoder/BasicEncoder.h:124:20: error: &#39;SREG&#39; was not declared in this scope
     uint8_t sreg = SREG;
                    ^~~~
/home/ec2-user/arduino-testlib/cli-datadir/user/libraries/BasicEncoder/BasicEncoder.h:124:20: note: suggested alternative: &#39;SING&#39;
     uint8_t sreg = SREG;
                    ^~~~
                    SING

</pre>
					
					<h4>examples/two-encoders</h4>
					<p>
						Result: <b>FAIL</b>
					</p>
					<pre class="pre-scrollable">In file included from /home/ec2-user/arduino-testlib/cli-datadir/user/libraries/BasicEncoder/examples/two-encoders/two-encoders.ino:23:0:
/home/ec2-user/arduino-testlib/cli-datadir/user/libraries/AIStarter/src/TimerOne.h:39:10: fatal error: avr/io.h: No such file or directory
 #include &lt;avr/io.h&gt;
          ^~~~~~~~~~
compilation terminated.
Multiple libraries were found for &#34;TimerOne.h&#34;
  Used: /home/ec2-user/arduino-testlib/cli-datadir/user/libraries/AIStarter
  Not used: /home/ec2-user/arduino-testlib/cli-datadir/user/libraries/TimerOne
  Not used: /home/ec2-user/arduino-testlib/cli-datadir/user/libraries/MP3Player
  Not used: /home/ec2-user/arduino-testlib/cli-datadir/user/libraries/Volume_3
</pre>
					
					<h4>examples/using-pin-change</h4>
					<p>
						Result: <b>FAIL</b>
					</p>
					<pre class="pre-scrollable">In file included from /home/ec2-user/arduino-testlib/cli-datadir/user/libraries/BasicEncoder/examples/using-pin-change/using-pin-change.ino:25:0:
/home/ec2-user/arduino-testlib/cli-datadir/user/libraries/BasicEncoder/BasicEncoder.h: In member function &#39;int8_t BasicEncoder::get_change()&#39;:
/home/ec2-user/arduino-testlib/cli-datadir/user/libraries/BasicEncoder/BasicEncoder.h:93:20: error: &#39;SREG&#39; was not declared in this scope
     uint8_t sreg = SREG;
                    ^~~~
/home/ec2-user/arduino-testlib/cli-datadir/user/libraries/BasicEncoder/BasicEncoder.h:93:20: note: suggested alternative: &#39;SING&#39;
     uint8_t sreg = SREG;
                    ^~~~
                    SING
/home/ec2-user/arduino-testlib/cli-datadir/user/libraries/BasicEncoder/BasicEncoder.h: In member function &#39;int BasicEncoder::get_count()&#39;:
/home/ec2-user/arduino-testlib/cli-datadir/user/libraries/BasicEncoder/BasicEncoder.h:116:20: error: &#39;SREG&#39; was not declared in this scope
     uint8_t sreg = SREG;
                    ^~~~
/home/ec2-user/arduino-testlib/cli-datadir/user/libraries/BasicEncoder/BasicEncoder.h:116:20: note: suggested alternative: &#39;SING&#39;
     uint8_t sreg = SREG;
                    ^~~~
                    SING
/home/ec2-user/arduino-testlib/cli-datadir/user/libraries/BasicEncoder/BasicEncoder.h: In member function &#39;void BasicEncoder::reset()&#39;:
/home/ec2-user/arduino-testlib/cli-datadir/user/libraries/BasicEncoder/BasicEncoder.h:124:20: error: &#39;SREG&#39; was not declared in this scope
     uint8_t sreg = SREG;
                    ^~~~
/home/ec2-user/arduino-testlib/cli-datadir/user/libraries/BasicEncoder/BasicEncoder.h:124:20: note: suggested alternative: &#39;SING&#39;
     uint8_t sreg = SREG;
                    ^~~~
                    SING
/home/ec2-user/arduino-testlib/cli-datadir/user/libraries/BasicEncoder/examples/using-pin-change/using-pin-change.ino: At global scope:
/home/ec2-user/arduino-testlib/cli-datadir/user/libraries/BasicEncoder/examples/using-pin-change/using-pin-change.ino:48:5: error: expected constructor, destructor, or type conversion before &#39;(&#39; token
 ISR(PCINT2_vect)  // pin change interrupt for D0 to D7
     ^
/home/ec2-user/arduino-testlib/cli-datadir/user/libraries/BasicEncoder/examples/using-pin-change/using-pin-change.ino: In function &#39;void pciSetup(byte)&#39;:
/home/ec2-user/arduino-testlib/cli-datadir/user/libraries/BasicEncoder/examples/using-pin-change/using-pin-change.ino:34:4: error: &#39;digitalPinToPCMSK&#39; was not declared in this scope
   *digitalPinToPCMSK(pin) |= bit(digitalPinToPCMSKbit(pin));  // enable pin
    ^~~~~~~~~~~~~~~~~
/home/ec2-user/arduino-testlib/cli-datadir/user/libraries/BasicEncoder/examples/using-pin-change/using-pin-change.ino:34:4: note: suggested alternative: &#39;digitalPinToPort&#39;
   *digitalPinToPCMSK(pin) |= bit(digitalPinToPCMSKbit(pin));  // enable pin
    ^~~~~~~~~~~~~~~~~
    digitalPinToPort
In file included from /home/ec2-user/arduino-testlib/cli-datadir/data/packages/arduino/hardware/mbed_nano/2.7.2/variants/NANO_RP2040_CONNECT/pinmode_arduino.h:30:0,
                 from /home/ec2-user/arduino-testlib/cli-datadir/data/packages/arduino/hardware/mbed_nano/2.7.2/cores/arduino/Arduino.h:26,
                 from /home/ec2-user/arduino-testlib/cli-datadir/user/libraries/BasicEncoder/examples/using-pin-change/using-pin-change.ino:24:
/home/ec2-user/arduino-testlib/cli-datadir/user/libraries/BasicEncoder/examples/using-pin-change/using-pin-change.ino:34:34: error: &#39;digitalPinToPCMSKbit&#39; was not declared in this scope
   *digitalPinToPCMSK(pin) |= bit(digitalPinToPCMSKbit(pin));  // enable pin
                                  ^
/home/ec2-user/arduino-testlib/cli-datadir/data/packages/arduino/hardware/mbed_nano/2.7.2/cores/arduino/api/Common.h:72:25: note: in definition of macro &#39;bit&#39;
 #define bit(b) (1UL &lt;&lt; (b))
                         ^
/home/ec2-user/arduino-testlib/cli-datadir/user/libraries/BasicEncoder/examples/using-pin-change/using-pin-change.ino:34:34: note: suggested alternative: &#39;digitalPinToPort&#39;
   *digitalPinToPCMSK(pin) |= bit(digitalPinToPCMSKbit(pin));  // enable pin
                                  ^
/home/ec2-user/arduino-testlib/cli-datadir/data/packages/arduino/hardware/mbed_nano/2.7.2/cores/arduino/api/Common.h:72:25: note: in definition of macro &#39;bit&#39;
 #define bit(b) (1UL &lt;&lt; (b))
                         ^
/home/ec2-user/arduino-testlib/cli-datadir/user/libraries/BasicEncoder/examples/using-pin-change/using-pin-change.ino:35:3: error: &#39;PCIFR&#39; was not declared in this scope
   PCIFR |= bit(digitalPinToPCICRbit(pin));                    // clear outstanding interrupt
   ^~~~~
In file included from /home/ec2-user/arduino-testlib/cli-datadir/data/packages/arduino/hardware/mbed_nano/2.7.2/variants/NANO_RP2040_CONNECT/pinmode_arduino.h:30:0,
                 from /home/ec2-user/arduino-testlib/cli-datadir/data/packages/arduino/hardware/mbed_nano/2.7.2/cores/arduino/Arduino.h:26,
                 from /home/ec2-user/arduino-testlib/cli-datadir/user/libraries/BasicEncoder/examples/using-pin-change/using-pin-change.ino:24:
/home/ec2-user/arduino-testlib/cli-datadir/user/libraries/BasicEncoder/examples/using-pin-change/using-pin-change.ino:35:16: error: &#39;digitalPinToPCICRbit&#39; was not declared in this scope
   PCIFR |= bit(digitalPinToPCICRbit(pin));                    // clear outstanding interrupt
                ^
/home/ec2-user/arduino-testlib/cli-datadir/data/packages/arduino/hardware/mbed_nano/2.7.2/cores/arduino/api/Common.h:72:25: note: in definition of macro &#39;bit&#39;
 #define bit(b) (1UL &lt;&lt; (b))
                         ^
/home/ec2-user/arduino-testlib/cli-datadir/user/libraries/BasicEncoder/examples/using-pin-change/using-pin-change.ino:35:16: note: suggested alternative: &#39;digitalPinToPort&#39;
   PCIFR |= bit(digitalPinToPCICRbit(pin));                    // clear outstanding interrupt
                ^
/home/ec2-user/arduino-testlib/cli-datadir/data/packages/arduino/hardware/mbed_nano/2.7.2/cores/arduino/api/Common.h:72:25: note: in definition of macro &#39;bit&#39;
 #define bit(b) (1UL &lt;&lt; (b))
                         ^
/home/ec2-user/arduino-testlib/cli-datadir/user/libraries/BasicEncoder/examples/using-pin-change/using-pin-change.ino:36:3: error: &#39;PCICR&#39; was not declared in this scope
   PCICR |= bit(digitalPinToPCICRbit(pin));                    // enable interrupt for group
   ^~~~~
/home/ec2-user/arduino-testlib/cli-datadir/user/libraries/BasicEncoder/examples/using-pin-change/using-pin-change.ino: In function &#39;void setup_encoders(int, int)&#39;:
/home/ec2-user/arduino-testlib/cli-datadir/user/libraries/BasicEncoder/examples/using-pin-change/using-pin-change.ino:40:22: error: &#39;SREG&#39; was not declared in this scope
   uint8_t old_sreg = SREG;
                      ^~~~
/home/ec2-user/arduino-testlib/cli-datadir/user/libraries/BasicEncoder/examples/using-pin-change/using-pin-change.ino:40:22: note: suggested alternative: &#39;SING&#39;
   uint8_t old_sreg = SREG;
                      ^~~~
                      SING
/home/ec2-user/arduino-testlib/cli-datadir/user/libraries/BasicEncoder/examples/using-pin-change/using-pin-change.ino: At global scope:
/home/ec2-user/arduino-testlib/cli-datadir/user/libraries/BasicEncoder/examples/using-pin-change/using-pin-change.ino:48:4: error: expected constructor, destructor, or type conversion before &#39;(&#39; token
 ISR(PCINT2_vect)  // pin change interrupt for D0 to D7
    ^

</pre>
					
					<h4>examples/using-timerone</h4>
					<p>
						Result: <b>FAIL</b>
					</p>
					<pre class="pre-scrollable">In file included from /home/ec2-user/arduino-testlib/cli-datadir/user/libraries/BasicEncoder/examples/using-timerone/using-timerone.ino:27:0:
/home/ec2-user/arduino-testlib/cli-datadir/user/libraries/AIStarter/src/TimerOne.h:39:10: fatal error: avr/io.h: No such file or directory
 #include &lt;avr/io.h&gt;
          ^~~~~~~~~~
compilation terminated.
Multiple libraries were found for &#34;TimerOne.h&#34;
  Used: /home/ec2-user/arduino-testlib/cli-datadir/user/libraries/AIStarter
  Not used: /home/ec2-user/arduino-testlib/cli-datadir/user/libraries/TimerOne
  Not used: /home/ec2-user/arduino-testlib/cli-datadir/user/libraries/MP3Player
  Not used: /home/ec2-user/arduino-testlib/cli-datadir/user/libraries/Volume_3
</pre>
					
				
				<h3 id="arduino:megaavr:nona4809">arduino:megaavr:nona4809 @ 1.8.7</h3>
				<h4>Inclusion</h4>
				<p>
					Result: <b>PASS</b>
					
				</p>
				<pre class="pre-scrollable">Sketch uses 802 bytes (1%) of program storage space. Maximum is 49152 bytes.
Global variables use 22 bytes (0%) of dynamic memory, leaving 6122 bytes for local variables. Maximum is 6144 bytes.
</pre>

					
					<h4>examples/poll-in-loop</h4>
					<p>
						Result: <b>PASS</b>
					</p>
					<pre class="pre-scrollable">Sketch uses 3397 bytes (6%) of program storage space. Maximum is 49152 bytes.
Global variables use 187 bytes (3%) of dynamic memory, leaving 5957 bytes for local variables. Maximum is 6144 bytes.
</pre>
					
					<h4>examples/two-encoders</h4>
					<p>
						Result: <b>FAIL</b>
					</p>
					<pre class="pre-scrollable">/home/ec2-user/arduino-testlib/cli-datadir/user/libraries/AIStarter/src/Beep.cpp:1:10: fatal error: arduino.h: No such file or directory
 #include &#34;arduino.h&#34;
          ^~~~~~~~~~~
compilation terminated.
Multiple libraries were found for &#34;TimerOne.h&#34;
  Used: /home/ec2-user/arduino-testlib/cli-datadir/user/libraries/AIStarter
  Not used: /home/ec2-user/arduino-testlib/cli-datadir/user/libraries/TimerOne
  Not used: /home/ec2-user/arduino-testlib/cli-datadir/user/libraries/Volume_3
  Not used: /home/ec2-user/arduino-testlib/cli-datadir/user/libraries/MP3Player
</pre>
					
					<h4>examples/using-pin-change</h4>
					<p>
						Result: <b>FAIL</b>
					</p>
					<pre class="pre-scrollable">/home/ec2-user/arduino-testlib/cli-datadir/user/libraries/BasicEncoder/examples/using-pin-change/using-pin-change.ino: In function &#39;void pciSetup(byte)&#39;:
/home/ec2-user/arduino-testlib/cli-datadir/user/libraries/BasicEncoder/examples/using-pin-change/using-pin-change.ino:34:4: error: &#39;digitalPinToPCMSK&#39; was not declared in this scope
   *digitalPinToPCMSK(pin) |= bit(digitalPinToPCMSKbit(pin));  // enable pin
    ^~~~~~~~~~~~~~~~~
/home/ec2-user/arduino-testlib/cli-datadir/user/libraries/BasicEncoder/examples/using-pin-change/using-pin-change.ino:34:4: note: suggested alternative: &#39;digitalPinToPort&#39;
   *digitalPinToPCMSK(pin) |= bit(digitalPinToPCMSKbit(pin));  // enable pin
    ^~~~~~~~~~~~~~~~~
    digitalPinToPort
In file included from /home/ec2-user/arduino-testlib/cli-datadir/data/packages/arduino/hardware/megaavr/1.8.7/cores/arduino/api/Interrupts.h:8:0,
                 from /home/ec2-user/arduino-testlib/cli-datadir/data/packages/arduino/hardware/megaavr/1.8.7/cores/arduino/api/ArduinoAPI.h:29,
                 from /home/ec2-user/arduino-testlib/cli-datadir/data/packages/arduino/hardware/megaavr/1.8.7/cores/arduino/Arduino.h:23,
                 from /home/ec2-user/arduino-testlib/cli-datadir/user/libraries/BasicEncoder/examples/using-pin-change/using-pin-change.ino:24:
/home/ec2-user/arduino-testlib/cli-datadir/user/libraries/BasicEncoder/examples/using-pin-change/using-pin-change.ino:34:34: error: &#39;digitalPinToPCMSKbit&#39; was not declared in this scope
   *digitalPinToPCMSK(pin) |= bit(digitalPinToPCMSKbit(pin));  // enable pin
                                  ^
/home/ec2-user/arduino-testlib/cli-datadir/data/packages/arduino/hardware/megaavr/1.8.7/cores/arduino/api/Common.h:71:25: note: in definition of macro &#39;bit&#39;
 #define bit(b) (1UL &lt;&lt; (b))
                         ^
/home/ec2-user/arduino-testlib/cli-datadir/user/libraries/BasicEncoder/examples/using-pin-change/using-pin-change.ino:34:34: note: suggested alternative: &#39;digitalPinToPort&#39;
   *digitalPinToPCMSK(pin) |= bit(digitalPinToPCMSKbit(pin));  // enable pin
                                  ^
/home/ec2-user/arduino-testlib/cli-datadir/data/packages/arduino/hardware/megaavr/1.8.7/cores/arduino/api/Common.h:71:25: note: in definition of macro &#39;bit&#39;
 #define bit(b) (1UL &lt;&lt; (b))
                         ^
/home/ec2-user/arduino-testlib/cli-datadir/user/libraries/BasicEncoder/examples/using-pin-change/using-pin-change.ino:35:3: error: &#39;PCIFR&#39; was not declared in this scope
   PCIFR |= bit(digitalPinToPCICRbit(pin));                    // clear outstanding interrupt
   ^~~~~
In file included from /home/ec2-user/arduino-testlib/cli-datadir/data/packages/arduino/hardware/megaavr/1.8.7/cores/arduino/api/Interrupts.h:8:0,
                 from /home/ec2-user/arduino-testlib/cli-datadir/data/packages/arduino/hardware/megaavr/1.8.7/cores/arduino/api/ArduinoAPI.h:29,
                 from /home/ec2-user/arduino-testlib/cli-datadir/data/packages/arduino/hardware/megaavr/1.8.7/cores/arduino/Arduino.h:23,
                 from /home/ec2-user/arduino-testlib/cli-datadir/user/libraries/BasicEncoder/examples/using-pin-change/using-pin-change.ino:24:
/home/ec2-user/arduino-testlib/cli-datadir/user/libraries/BasicEncoder/examples/using-pin-change/using-pin-change.ino:35:16: error: &#39;digitalPinToPCICRbit&#39; was not declared in this scope
   PCIFR |= bit(digitalPinToPCICRbit(pin));                    // clear outstanding interrupt
                ^
/home/ec2-user/arduino-testlib/cli-datadir/data/packages/arduino/hardware/megaavr/1.8.7/cores/arduino/api/Common.h:71:25: note: in definition of macro &#39;bit&#39;
 #define bit(b) (1UL &lt;&lt; (b))
                         ^
/home/ec2-user/arduino-testlib/cli-datadir/user/libraries/BasicEncoder/examples/using-pin-change/using-pin-change.ino:35:16: note: suggested alternative: &#39;digitalPinToPort&#39;
   PCIFR |= bit(digitalPinToPCICRbit(pin));                    // clear outstanding interrupt
                ^
/home/ec2-user/arduino-testlib/cli-datadir/data/packages/arduino/hardware/megaavr/1.8.7/cores/arduino/api/Common.h:71:25: note: in definition of macro &#39;bit&#39;
 #define bit(b) (1UL &lt;&lt; (b))
                         ^
/home/ec2-user/arduino-testlib/cli-datadir/user/libraries/BasicEncoder/examples/using-pin-change/using-pin-change.ino:36:3: error: &#39;PCICR&#39; was not declared in this scope
   PCICR |= bit(digitalPinToPCICRbit(pin));                    // enable interrupt for group
   ^~~~~

</pre>
					
					<h4>examples/using-timerone</h4>
					<p>
						Result: <b>FAIL</b>
					</p>
					<pre class="pre-scrollable">/home/ec2-user/arduino-testlib/cli-datadir/user/libraries/AIStarter/src/Beep.cpp:1:10: fatal error: arduino.h: No such file or directory
 #include &#34;arduino.h&#34;
          ^~~~~~~~~~~
compilation terminated.
Multiple libraries were found for &#34;TimerOne.h&#34;
  Used: /home/ec2-user/arduino-testlib/cli-datadir/user/libraries/AIStarter
  Not used: /home/ec2-user/arduino-testlib/cli-datadir/user/libraries/TimerOne
  Not used: /home/ec2-user/arduino-testlib/cli-datadir/user/libraries/MP3Player
  Not used: /home/ec2-user/arduino-testlib/cli-datadir/user/libraries/Volume_3
</pre>
					
				
				<h3 id="arduino:samd:mkrwifi1010">arduino:samd:mkrwifi1010 @ 1.8.12</h3>
				<h4>Inclusion</h4>
				<p>
					Result: <b>FAIL</b>
					
				</p>
				<pre class="pre-scrollable">In file included from /private/tmp/arduino-testlib2002427230/test/test.ino:1:0:
/Users/alranel/Documents/git/arduino/arduino-testlib/cli-datadir/user/libraries/BasicEncoder/BasicEncoder.h: In member function &#39;int8_t BasicEncoder::get_change()&#39;:
/Users/alranel/Documents/git/arduino/arduino-testlib/cli-datadir/user/libraries/BasicEncoder/BasicEncoder.h:93:20: error: &#39;SREG&#39; was not declared in this scope
     uint8_t sreg = SREG;
                    ^~~~
/Users/alranel/Documents/git/arduino/arduino-testlib/cli-datadir/user/libraries/BasicEncoder/BasicEncoder.h:93:20: note: suggested alternative: &#39;SING&#39;
     uint8_t sreg = SREG;
                    ^~~~
                    SING
/Users/alranel/Documents/git/arduino/arduino-testlib/cli-datadir/user/libraries/BasicEncoder/BasicEncoder.h: In member function &#39;int BasicEncoder::get_count()&#39;:
/Users/alranel/Documents/git/arduino/arduino-testlib/cli-datadir/user/libraries/BasicEncoder/BasicEncoder.h:116:20: error: &#39;SREG&#39; was not declared in this scope
     uint8_t sreg = SREG;
                    ^~~~
/Users/alranel/Documents/git/arduino/arduino-testlib/cli-datadir/user/libraries/BasicEncoder/BasicEncoder.h:116:20: note: suggested alternative: &#39;SING&#39;
     uint8_t sreg = SREG;
                    ^~~~
                    SING
/Users/alranel/Documents/git/arduino/arduino-testlib/cli-datadir/user/libraries/BasicEncoder/BasicEncoder.h: In member function &#39;void BasicEncoder::reset()&#39;:
/Users/alranel/Documents/git/arduino/arduino-testlib/cli-datadir/user/libraries/BasicEncoder/BasicEncoder.h:124:20: error: &#39;SREG&#39; was not declared in this scope
     uint8_t sreg = SREG;
                    ^~~~
/Users/alranel/Documents/git/arduino/arduino-testlib/cli-datadir/user/libraries/BasicEncoder/BasicEncoder.h:124:20: note: suggested alternative: &#39;SING&#39;
     uint8_t sreg = SREG;
                    ^~~~
                    SING

</pre>

					
					<h4>examples/poll-in-loop</h4>
					<p>
						Result: <b>FAIL</b>
					</p>
					<pre class="pre-scrollable">In file included from /Users/alranel/Documents/git/arduino/arduino-testlib/cli-datadir/user/libraries/BasicEncoder/examples/poll-in-loop/poll-in-loop.ino:27:0:
/Users/alranel/Documents/git/arduino/arduino-testlib/cli-datadir/user/libraries/BasicEncoder/BasicEncoder.h: In member function &#39;int8_t BasicEncoder::get_change()&#39;:
/Users/alranel/Documents/git/arduino/arduino-testlib/cli-datadir/user/libraries/BasicEncoder/BasicEncoder.h:93:20: error: &#39;SREG&#39; was not declared in this scope
     uint8_t sreg = SREG;
                    ^~~~
/Users/alranel/Documents/git/arduino/arduino-testlib/cli-datadir/user/libraries/BasicEncoder/BasicEncoder.h:93:20: note: suggested alternative: &#39;SING&#39;
     uint8_t sreg = SREG;
                    ^~~~
                    SING
/Users/alranel/Documents/git/arduino/arduino-testlib/cli-datadir/user/libraries/BasicEncoder/BasicEncoder.h: In member function &#39;int BasicEncoder::get_count()&#39;:
/Users/alranel/Documents/git/arduino/arduino-testlib/cli-datadir/user/libraries/BasicEncoder/BasicEncoder.h:116:20: error: &#39;SREG&#39; was not declared in this scope
     uint8_t sreg = SREG;
                    ^~~~
/Users/alranel/Documents/git/arduino/arduino-testlib/cli-datadir/user/libraries/BasicEncoder/BasicEncoder.h:116:20: note: suggested alternative: &#39;SING&#39;
     uint8_t sreg = SREG;
                    ^~~~
                    SING
/Users/alranel/Documents/git/arduino/arduino-testlib/cli-datadir/user/libraries/BasicEncoder/BasicEncoder.h: In member function &#39;void BasicEncoder::reset()&#39;:
/Users/alranel/Documents/git/arduino/arduino-testlib/cli-datadir/user/libraries/BasicEncoder/BasicEncoder.h:124:20: error: &#39;SREG&#39; was not declared in this scope
     uint8_t sreg = SREG;
                    ^~~~
/Users/alranel/Documents/git/arduino/arduino-testlib/cli-datadir/user/libraries/BasicEncoder/BasicEncoder.h:124:20: note: suggested alternative: &#39;SING&#39;
     uint8_t sreg = SREG;
                    ^~~~
                    SING

</pre>
					
					<h4>examples/two-encoders</h4>
					<p>
						Result: <b>FAIL</b>
					</p>
					<pre class="pre-scrollable">In file included from /Users/alranel/Documents/git/arduino/arduino-testlib/cli-datadir/user/libraries/BasicEncoder/examples/two-encoders/two-encoders.ino:23:0:
/Users/alranel/Documents/git/arduino/arduino-testlib/cli-datadir/user/libraries/AIStarter/src/TimerOne.h:39:10: fatal error: avr/io.h: No such file or directory
 #include &lt;avr/io.h&gt;
          ^~~~~~~~~~
compilation terminated.
Multiple libraries were found for &#34;TimerOne.h&#34;
  Used: /Users/alranel/Documents/git/arduino/arduino-testlib/cli-datadir/user/libraries/AIStarter
  Not used: /Users/alranel/Documents/git/arduino/arduino-testlib/cli-datadir/user/libraries/TimerOne
  Not used: /Users/alranel/Documents/git/arduino/arduino-testlib/cli-datadir/user/libraries/Volume_3
  Not used: /Users/alranel/Documents/git/arduino/arduino-testlib/cli-datadir/user/libraries/MP3Player
</pre>
					
					<h4>examples/using-pin-change</h4>
					<p>
						Result: <b>FAIL</b>
					</p>
					<pre class="pre-scrollable">In file included from /Users/alranel/Documents/git/arduino/arduino-testlib/cli-datadir/user/libraries/BasicEncoder/examples/using-pin-change/using-pin-change.ino:25:0:
/Users/alranel/Documents/git/arduino/arduino-testlib/cli-datadir/user/libraries/BasicEncoder/BasicEncoder.h: In member function &#39;int8_t BasicEncoder::get_change()&#39;:
/Users/alranel/Documents/git/arduino/arduino-testlib/cli-datadir/user/libraries/BasicEncoder/BasicEncoder.h:93:20: error: &#39;SREG&#39; was not declared in this scope
     uint8_t sreg = SREG;
                    ^~~~
/Users/alranel/Documents/git/arduino/arduino-testlib/cli-datadir/user/libraries/BasicEncoder/BasicEncoder.h:93:20: note: suggested alternative: &#39;SING&#39;
     uint8_t sreg = SREG;
                    ^~~~
                    SING
/Users/alranel/Documents/git/arduino/arduino-testlib/cli-datadir/user/libraries/BasicEncoder/BasicEncoder.h: In member function &#39;int BasicEncoder::get_count()&#39;:
/Users/alranel/Documents/git/arduino/arduino-testlib/cli-datadir/user/libraries/BasicEncoder/BasicEncoder.h:116:20: error: &#39;SREG&#39; was not declared in this scope
     uint8_t sreg = SREG;
                    ^~~~
/Users/alranel/Documents/git/arduino/arduino-testlib/cli-datadir/user/libraries/BasicEncoder/BasicEncoder.h:116:20: note: suggested alternative: &#39;SING&#39;
     uint8_t sreg = SREG;
                    ^~~~
                    SING
/Users/alranel/Documents/git/arduino/arduino-testlib/cli-datadir/user/libraries/BasicEncoder/BasicEncoder.h: In member function &#39;void BasicEncoder::reset()&#39;:
/Users/alranel/Documents/git/arduino/arduino-testlib/cli-datadir/user/libraries/BasicEncoder/BasicEncoder.h:124:20: error: &#39;SREG&#39; was not declared in this scope
     uint8_t sreg = SREG;
                    ^~~~
/Users/alranel/Documents/git/arduino/arduino-testlib/cli-datadir/user/libraries/BasicEncoder/BasicEncoder.h:124:20: note: suggested alternative: &#39;SING&#39;
     uint8_t sreg = SREG;
                    ^~~~
                    SING
/Users/alranel/Documents/git/arduino/arduino-testlib/cli-datadir/user/libraries/BasicEncoder/examples/using-pin-change/using-pin-change.ino: At global scope:
/Users/alranel/Documents/git/arduino/arduino-testlib/cli-datadir/user/libraries/BasicEncoder/examples/using-pin-change/using-pin-change.ino:48:5: error: expected constructor, destructor, or type conversion before &#39;(&#39; token
 ISR(PCINT2_vect)  // pin change interrupt for D0 to D7
     ^
/Users/alranel/Documents/git/arduino/arduino-testlib/cli-datadir/user/libraries/BasicEncoder/examples/using-pin-change/using-pin-change.ino: In function &#39;void pciSetup(byte)&#39;:
/Users/alranel/Documents/git/arduino/arduino-testlib/cli-datadir/user/libraries/BasicEncoder/examples/using-pin-change/using-pin-change.ino:34:4: error: &#39;digitalPinToPCMSK&#39; was not declared in this scope
   *digitalPinToPCMSK(pin) |= bit(digitalPinToPCMSKbit(pin));  // enable pin
    ^~~~~~~~~~~~~~~~~
/Users/alranel/Documents/git/arduino/arduino-testlib/cli-datadir/user/libraries/BasicEncoder/examples/using-pin-change/using-pin-change.ino:34:4: note: suggested alternative: &#39;digitalPinToPort&#39;
   *digitalPinToPCMSK(pin) |= bit(digitalPinToPCMSKbit(pin));  // enable pin
    ^~~~~~~~~~~~~~~~~
    digitalPinToPort
In file included from /Users/alranel/Documents/git/arduino/arduino-testlib/cli-datadir/data/packages/arduino/hardware/samd/1.8.12/cores/arduino/api/Interrupts.h:8:0,
                 from /Users/alranel/Documents/git/arduino/arduino-testlib/cli-datadir/data/packages/arduino/hardware/samd/1.8.12/cores/arduino/api/ArduinoAPI.h:29,
                 from /Users/alranel/Documents/git/arduino/arduino-testlib/cli-datadir/data/packages/arduino/hardware/samd/1.8.12/cores/arduino/Arduino.h:23,
                 from /Users/alranel/Documents/git/arduino/arduino-testlib/cli-datadir/user/libraries/BasicEncoder/examples/using-pin-change/using-pin-change.ino:24:
/Users/alranel/Documents/git/arduino/arduino-testlib/cli-datadir/user/libraries/BasicEncoder/examples/using-pin-change/using-pin-change.ino:34:34: error: &#39;digitalPinToPCMSKbit&#39; was not declared in this scope
   *digitalPinToPCMSK(pin) |= bit(digitalPinToPCMSKbit(pin));  // enable pin
                                  ^
/Users/alranel/Documents/git/arduino/arduino-testlib/cli-datadir/data/packages/arduino/hardware/samd/1.8.12/cores/arduino/api/Common.h:71:25: note: in definition of macro &#39;bit&#39;
 #define bit(b) (1UL &lt;&lt; (b))
                         ^
/Users/alranel/Documents/git/arduino/arduino-testlib/cli-datadir/user/libraries/BasicEncoder/examples/using-pin-change/using-pin-change.ino:34:34: note: suggested alternative: &#39;digitalPinToPort&#39;
   *digitalPinToPCMSK(pin) |= bit(digitalPinToPCMSKbit(pin));  // enable pin
                                  ^
/Users/alranel/Documents/git/arduino/arduino-testlib/cli-datadir/data/packages/arduino/hardware/samd/1.8.12/cores/arduino/api/Common.h:71:25: note: in definition of macro &#39;bit&#39;
 #define bit(b) (1UL &lt;&lt; (b))
                         ^
/Users/alranel/Documents/git/arduino/arduino-testlib/cli-datadir/user/libraries/BasicEncoder/examples/using-pin-change/using-pin-change.ino:35:3: error: &#39;PCIFR&#39; was not declared in this scope
   PCIFR |= bit(digitalPinToPCICRbit(pin));                    // clear outstanding interrupt
   ^~~~~
In file included from /Users/alranel/Documents/git/arduino/arduino-testlib/cli-datadir/data/packages/arduino/hardware/samd/1.8.12/cores/arduino/api/Interrupts.h:8:0,
                 from /Users/alranel/Documents/git/arduino/arduino-testlib/cli-datadir/data/packages/arduino/hardware/samd/1.8.12/cores/arduino/api/ArduinoAPI.h:29,
                 from /Users/alranel/Documents/git/arduino/arduino-testlib/cli-datadir/data/packages/arduino/hardware/samd/1.8.12/cores/arduino/Arduino.h:23,
                 from /Users/alranel/Documents/git/arduino/arduino-testlib/cli-datadir/user/libraries/BasicEncoder/examples/using-pin-change/using-pin-change.ino:24:
/Users/alranel/Documents/git/arduino/arduino-testlib/cli-datadir/user/libraries/BasicEncoder/examples/using-pin-change/using-pin-change.ino:35:16: error: &#39;digitalPinToPCICRbit&#39; was not declared in this scope
   PCIFR |= bit(digitalPinToPCICRbit(pin));                    // clear outstanding interrupt
                ^
/Users/alranel/Documents/git/arduino/arduino-testlib/cli-datadir/data/packages/arduino/hardware/samd/1.8.12/cores/arduino/api/Common.h:71:25: note: in definition of macro &#39;bit&#39;
 #define bit(b) (1UL &lt;&lt; (b))
                         ^
/Users/alranel/Documents/git/arduino/arduino-testlib/cli-datadir/user/libraries/BasicEncoder/examples/using-pin-change/using-pin-change.ino:35:16: note: suggested alternative: &#39;digitalPinToPort&#39;
   PCIFR |= bit(digitalPinToPCICRbit(pin));                    // clear outstanding interrupt
                ^
/Users/alranel/Documents/git/arduino/arduino-testlib/cli-datadir/data/packages/arduino/hardware/samd/1.8.12/cores/arduino/api/Common.h:71:25: note: in definition of macro &#39;bit&#39;
 #define bit(b) (1UL &lt;&lt; (b))
                         ^
/Users/alranel/Documents/git/arduino/arduino-testlib/cli-datadir/user/libraries/BasicEncoder/examples/using-pin-change/using-pin-change.ino:36:3: error: &#39;PCICR&#39; was not declared in this scope
   PCICR |= bit(digitalPinToPCICRbit(pin));                    // enable interrupt for group
   ^~~~~
/Users/alranel/Documents/git/arduino/arduino-testlib/cli-datadir/user/libraries/BasicEncoder/examples/using-pin-change/using-pin-change.ino: In function &#39;void setup_encoders(int, int)&#39;:
/Users/alranel/Documents/git/arduino/arduino-testlib/cli-datadir/user/libraries/BasicEncoder/examples/using-pin-change/using-pin-change.ino:40:22: error: &#39;SREG&#39; was not declared in this scope
   uint8_t old_sreg = SREG;
                      ^~~~
/Users/alranel/Documents/git/arduino/arduino-testlib/cli-datadir/user/libraries/BasicEncoder/examples/using-pin-change/using-pin-change.ino:40:22: note: suggested alternative: &#39;SING&#39;
   uint8_t old_sreg = SREG;
                      ^~~~
                      SING
/Users/alranel/Documents/git/arduino/arduino-testlib/cli-datadir/user/libraries/BasicEncoder/examples/using-pin-change/using-pin-change.ino: At global scope:
/Users/alranel/Documents/git/arduino/arduino-testlib/cli-datadir/user/libraries/BasicEncoder/examples/using-pin-change/using-pin-change.ino:48:4: error: expected constructor, destructor, or type conversion before &#39;(&#39; token
 ISR(PCINT2_vect)  // pin change interrupt for D0 to D7
    ^

</pre>
					
					<h4>examples/using-timerone</h4>
					<p>
						Result: <b>FAIL</b>
					</p>
					<pre class="pre-scrollable">In file included from /Users/alranel/Documents/git/arduino/arduino-testlib/cli-datadir/user/libraries/BasicEncoder/examples/using-timerone/using-timerone.ino:27:0:
/Users/alranel/Documents/git/arduino/arduino-testlib/cli-datadir/user/libraries/AIStarter/src/TimerOne.h:39:10: fatal error: avr/io.h: No such file or directory
 #include &lt;avr/io.h&gt;
          ^~~~~~~~~~
compilation terminated.
Multiple libraries were found for &#34;TimerOne.h&#34;
  Used: /Users/alranel/Documents/git/arduino/arduino-testlib/cli-datadir/user/libraries/AIStarter
  Not used: /Users/alranel/Documents/git/arduino/arduino-testlib/cli-datadir/user/libraries/MP3Player
  Not used: /Users/alranel/Documents/git/arduino/arduino-testlib/cli-datadir/user/libraries/TimerOne
  Not used: /Users/alranel/Documents/git/arduino/arduino-testlib/cli-datadir/user/libraries/Volume_3
</pre>
					
				
				<h3 id="esp32:esp32:d1_mini32">esp32:esp32:d1_mini32 @ 1.0.6</h3>
				<h4>Inclusion</h4>
				<p>
					Result: <b>FAIL</b>
					
				</p>
				<pre class="pre-scrollable">In file included from /tmp/arduino-testlib1836426706/test/test.ino:1:0:
/home/ec2-user/arduino-testlib/cli-datadir/user/libraries/BasicEncoder/BasicEncoder.h: In member function &#39;int8_t BasicEncoder::get_change()&#39;:
/home/ec2-user/arduino-testlib/cli-datadir/user/libraries/BasicEncoder/BasicEncoder.h:93:20: error: &#39;SREG&#39; was not declared in this scope
     uint8_t sreg = SREG;
                    ^
/home/ec2-user/arduino-testlib/cli-datadir/user/libraries/BasicEncoder/BasicEncoder.h: In member function &#39;int BasicEncoder::get_count()&#39;:
/home/ec2-user/arduino-testlib/cli-datadir/user/libraries/BasicEncoder/BasicEncoder.h:116:20: error: &#39;SREG&#39; was not declared in this scope
     uint8_t sreg = SREG;
                    ^
/home/ec2-user/arduino-testlib/cli-datadir/user/libraries/BasicEncoder/BasicEncoder.h: In member function &#39;void BasicEncoder::reset()&#39;:
/home/ec2-user/arduino-testlib/cli-datadir/user/libraries/BasicEncoder/BasicEncoder.h:124:20: error: &#39;SREG&#39; was not declared in this scope
     uint8_t sreg = SREG;
                    ^

</pre>

					
					<h4>examples/poll-in-loop</h4>
					<p>
						Result: <b>FAIL</b>
					</p>
					<pre class="pre-scrollable">In file included from /home/ec2-user/arduino-testlib/cli-datadir/user/libraries/BasicEncoder/examples/poll-in-loop/poll-in-loop.ino:27:0:
/home/ec2-user/arduino-testlib/cli-datadir/user/libraries/BasicEncoder/BasicEncoder.h: In member function &#39;int8_t BasicEncoder::get_change()&#39;:
/home/ec2-user/arduino-testlib/cli-datadir/user/libraries/BasicEncoder/BasicEncoder.h:93:20: error: &#39;SREG&#39; was not declared in this scope
     uint8_t sreg = SREG;
                    ^
/home/ec2-user/arduino-testlib/cli-datadir/user/libraries/BasicEncoder/BasicEncoder.h: In member function &#39;int BasicEncoder::get_count()&#39;:
/home/ec2-user/arduino-testlib/cli-datadir/user/libraries/BasicEncoder/BasicEncoder.h:116:20: error: &#39;SREG&#39; was not declared in this scope
     uint8_t sreg = SREG;
                    ^
/home/ec2-user/arduino-testlib/cli-datadir/user/libraries/BasicEncoder/BasicEncoder.h: In member function &#39;void BasicEncoder::reset()&#39;:
/home/ec2-user/arduino-testlib/cli-datadir/user/libraries/BasicEncoder/BasicEncoder.h:124:20: error: &#39;SREG&#39; was not declared in this scope
     uint8_t sreg = SREG;
                    ^

</pre>
					
					<h4>examples/two-encoders</h4>
					<p>
						Result: <b>FAIL</b>
					</p>
					<pre class="pre-scrollable">In file included from /home/ec2-user/arduino-testlib/cli-datadir/user/libraries/BasicEncoder/examples/two-encoders/two-encoders.ino:23:0:
/home/ec2-user/arduino-testlib/cli-datadir/user/libraries/AIStarter/src/TimerOne.h:39:20: fatal error: avr/io.h: No such file or directory
compilation terminated.
Multiple libraries were found for &#34;TimerOne.h&#34;
  Used: /home/ec2-user/arduino-testlib/cli-datadir/user/libraries/AIStarter
  Not used: /home/ec2-user/arduino-testlib/cli-datadir/user/libraries/TimerOne
  Not used: /home/ec2-user/arduino-testlib/cli-datadir/user/libraries/MP3Player
  Not used: /home/ec2-user/arduino-testlib/cli-datadir/user/libraries/Volume_3
</pre>
					
					<h4>examples/using-pin-change</h4>
					<p>
						Result: <b>FAIL</b>
					</p>
					<pre class="pre-scrollable">In file included from /home/ec2-user/arduino-testlib/cli-datadir/user/libraries/BasicEncoder/examples/using-pin-change/using-pin-change.ino:25:0:
/home/ec2-user/arduino-testlib/cli-datadir/user/libraries/BasicEncoder/BasicEncoder.h: In member function &#39;int8_t BasicEncoder::get_change()&#39;:
/home/ec2-user/arduino-testlib/cli-datadir/user/libraries/BasicEncoder/BasicEncoder.h:93:20: error: &#39;SREG&#39; was not declared in this scope
     uint8_t sreg = SREG;
                    ^
/home/ec2-user/arduino-testlib/cli-datadir/user/libraries/BasicEncoder/BasicEncoder.h: In member function &#39;int BasicEncoder::get_count()&#39;:
/home/ec2-user/arduino-testlib/cli-datadir/user/libraries/BasicEncoder/BasicEncoder.h:116:20: error: &#39;SREG&#39; was not declared in this scope
     uint8_t sreg = SREG;
                    ^
/home/ec2-user/arduino-testlib/cli-datadir/user/libraries/BasicEncoder/BasicEncoder.h: In member function &#39;void BasicEncoder::reset()&#39;:
/home/ec2-user/arduino-testlib/cli-datadir/user/libraries/BasicEncoder/BasicEncoder.h:124:20: error: &#39;SREG&#39; was not declared in this scope
     uint8_t sreg = SREG;
                    ^
/home/ec2-user/arduino-testlib/cli-datadir/user/libraries/BasicEncoder/examples/using-pin-change/using-pin-change.ino: At global scope:
/home/ec2-user/arduino-testlib/cli-datadir/user/libraries/BasicEncoder/examples/using-pin-change/using-pin-change.ino:48:5: error: expected constructor, destructor, or type conversion before &#39;(&#39; token
 ISR(PCINT2_vect)  // pin change interrupt for D0 to D7
     ^
/home/ec2-user/arduino-testlib/cli-datadir/user/libraries/BasicEncoder/examples/using-pin-change/using-pin-change.ino: In function &#39;void pciSetup(byte)&#39;:
/home/ec2-user/arduino-testlib/cli-datadir/user/libraries/BasicEncoder/examples/using-pin-change/using-pin-change.ino:34:25: error: &#39;digitalPinToPCMSK&#39; was not declared in this scope
   *digitalPinToPCMSK(pin) |= bit(digitalPinToPCMSKbit(pin));  // enable pin
                         ^
In file included from /home/ec2-user/arduino-testlib/cli-datadir/user/libraries/BasicEncoder/examples/using-pin-change/using-pin-change.ino:24:0:
/home/ec2-user/arduino-testlib/cli-datadir/user/libraries/BasicEncoder/examples/using-pin-change/using-pin-change.ino:34:58: error: &#39;digitalPinToPCMSKbit&#39; was not declared in this scope
   *digitalPinToPCMSK(pin) |= bit(digitalPinToPCMSKbit(pin));  // enable pin
                                                          ^
/home/ec2-user/arduino-testlib/cli-datadir/data/packages/esp32/hardware/esp32/1.0.6/cores/esp32/Arduino.h:98:25: note: in definition of macro &#39;bit&#39;
 #define bit(b) (1UL &lt;&lt; (b))
                         ^
/home/ec2-user/arduino-testlib/cli-datadir/user/libraries/BasicEncoder/examples/using-pin-change/using-pin-change.ino:35:3: error: &#39;PCIFR&#39; was not declared in this scope
   PCIFR |= bit(digitalPinToPCICRbit(pin));                    // clear outstanding interrupt
   ^
In file included from /home/ec2-user/arduino-testlib/cli-datadir/user/libraries/BasicEncoder/examples/using-pin-change/using-pin-change.ino:24:0:
/home/ec2-user/arduino-testlib/cli-datadir/user/libraries/BasicEncoder/examples/using-pin-change/using-pin-change.ino:35:40: error: &#39;digitalPinToPCICRbit&#39; was not declared in this scope
   PCIFR |= bit(digitalPinToPCICRbit(pin));                    // clear outstanding interrupt
                                        ^
/home/ec2-user/arduino-testlib/cli-datadir/data/packages/esp32/hardware/esp32/1.0.6/cores/esp32/Arduino.h:98:25: note: in definition of macro &#39;bit&#39;
 #define bit(b) (1UL &lt;&lt; (b))
                         ^
/home/ec2-user/arduino-testlib/cli-datadir/user/libraries/BasicEncoder/examples/using-pin-change/using-pin-change.ino:36:3: error: &#39;PCICR&#39; was not declared in this scope
   PCICR |= bit(digitalPinToPCICRbit(pin));                    // enable interrupt for group
   ^
/home/ec2-user/arduino-testlib/cli-datadir/user/libraries/BasicEncoder/examples/using-pin-change/using-pin-change.ino: In function &#39;void setup_encoders(int, int)&#39;:
/home/ec2-user/arduino-testlib/cli-datadir/user/libraries/BasicEncoder/examples/using-pin-change/using-pin-change.ino:40:22: error: &#39;SREG&#39; was not declared in this scope
   uint8_t old_sreg = SREG;
                      ^
/home/ec2-user/arduino-testlib/cli-datadir/user/libraries/BasicEncoder/examples/using-pin-change/using-pin-change.ino: At global scope:
/home/ec2-user/arduino-testlib/cli-datadir/user/libraries/BasicEncoder/examples/using-pin-change/using-pin-change.ino:48:4: error: expected constructor, destructor, or type conversion before &#39;(&#39; token
 ISR(PCINT2_vect)  // pin change interrupt for D0 to D7
    ^

</pre>
					
					<h4>examples/using-timerone</h4>
					<p>
						Result: <b>FAIL</b>
					</p>
					<pre class="pre-scrollable">In file included from /home/ec2-user/arduino-testlib/cli-datadir/user/libraries/BasicEncoder/examples/using-timerone/using-timerone.ino:27:0:
/home/ec2-user/arduino-testlib/cli-datadir/user/libraries/AIStarter/src/TimerOne.h:39:20: fatal error: avr/io.h: No such file or directory
compilation terminated.
Multiple libraries were found for &#34;TimerOne.h&#34;
  Used: /home/ec2-user/arduino-testlib/cli-datadir/user/libraries/AIStarter
  Not used: /home/ec2-user/arduino-testlib/cli-datadir/user/libraries/MP3Player
  Not used: /home/ec2-user/arduino-testlib/cli-datadir/user/libraries/Volume_3
  Not used: /home/ec2-user/arduino-testlib/cli-datadir/user/libraries/TimerOne
</pre>
					
				
			</div>
		</div>
	</div>
  </body>
</html>
