
<!doctype html>
<html lang="en">
  <head>
    <meta charset="utf-8">
    <meta name="viewport" content="width=device-width, initial-scale=1">
    <link href="https://cdn.jsdelivr.net/npm/bootstrap@5.0.2/dist/css/bootstrap.min.css" rel="stylesheet" integrity="sha384-EVSTQN3/azprG1Anm3QDgpJLIm9Nao0Yz1ztcQTwFspd3yD65VohhpuuCOmLASjC" crossorigin="anonymous">
    <title>arduino-testlib report</title>
	<style>
	.pass { background-color: #00FF00 !important; }
	.fail { background-color: #FF0000 !important; }
	</style>
  </head>
  <body>
	<div class="container">
		<div class="row">
			<div class="col">
				<h1>Battery Sense - compatibility matrix</h1>
				<p>
					<small>This report was generated on Monday, 21-Feb-22 12:00:25 CET using 
					<a href="https://github.com/alranel/arduino-testlib">arduino-testlib</a>.</small>
				</p>

				<h2>Battery Sense</h2>
				<p>
					Version: <b>1.1.1</b>
					<br />
					<a href="https://www.arduino.cc/reference/en/libraries/battery-sense/">More details</a>
				</p>

				<h2>Compatibility matrix</h2>
				<table class="table table-bordered">
					<tr>
						<th>Board</th>
						<th>Claims compatibility</th>
						<th>Inclusion</th>
						
						<th><pre>CustomRatio</pre></th>
						
						<th><pre>OnDemandDoubleLiIon</pre></th>
						
						<th><pre>RGBBatteryIndicator</pre></th>
						
						<th><pre>BatteryMonitor</pre></th>
						
						<th><pre>BetterApprox</pre></th>
						
					</tr>
					
					<tr>
						<td>
							<a href="#arduino%3aavr%3auno"><b>arduino:avr:uno</b></a>
							<br />
							<small>1.8.4</small>
						</td>

						
							<td>Yes</td>
							<td class="pass">PASS</td>
						
						
						
						

						
							
								
									
										
									
										
									
										
											
											<td class="fail">FAIL</td>
										
									
										
									
										
									
								
							
								
							
								
							
								
							
								
							
						
							
								
									
										
									
										
									
										
									
										
											
											<td class="fail">FAIL</td>
										
									
										
									
								
							
								
							
								
							
								
							
								
							
						
							
								
									
										
									
										
									
										
									
										
									
										
											
											<td class="fail">FAIL</td>
										
									
								
							
								
							
								
							
								
							
								
							
						
							
								
									
										
											
											<td class="fail">FAIL</td>
										
									
										
									
										
									
										
									
										
									
								
							
								
							
								
							
								
							
								
							
						
							
								
									
										
									
										
											
											<td class="fail">FAIL</td>
										
									
										
									
										
									
										
									
								
							
								
							
								
							
								
							
								
							
						
					</tr>
					
					<tr>
						<td>
							<a href="#arduino%3ambed_nano%3ananorp2040connect"><b>arduino:mbed_nano:nanorp2040connect</b></a>
							<br />
							<small>2.7.2</small>
						</td>

						
							<td>Yes</td>
							<td class="pass">PASS</td>
						
						
						
						

						
							
								
							
								
									
										
									
										
									
										
											<td class="pass">PASS</td>
											
										
									
										
									
										
									
								
							
								
							
								
							
								
							
						
							
								
							
								
									
										
									
										
									
										
									
										
											<td class="pass">PASS</td>
											
										
									
										
									
								
							
								
							
								
							
								
							
						
							
								
							
								
									
										
									
										
									
										
									
										
									
										
											<td class="pass">PASS</td>
											
										
									
								
							
								
							
								
							
								
							
						
							
								
							
								
									
										
											<td class="pass">PASS</td>
											
										
									
										
									
										
									
										
									
										
									
								
							
								
							
								
							
								
							
						
							
								
							
								
									
										
									
										
											<td class="pass">PASS</td>
											
										
									
										
									
										
									
										
									
								
							
								
							
								
							
								
							
						
					</tr>
					
					<tr>
						<td>
							<a href="#arduino%3amegaavr%3anona4809"><b>arduino:megaavr:nona4809</b></a>
							<br />
							<small>1.8.7</small>
						</td>

						
							<td>Yes</td>
							<td class="pass">PASS</td>
						
						
						
						

						
							
								
							
								
							
								
									
										
									
										
									
										
											<td class="pass">PASS</td>
											
										
									
										
									
										
									
								
							
								
							
								
							
						
							
								
							
								
							
								
									
										
									
										
									
										
									
										
											<td class="pass">PASS</td>
											
										
									
										
									
								
							
								
							
								
							
						
							
								
							
								
							
								
									
										
									
										
									
										
									
										
									
										
											<td class="pass">PASS</td>
											
										
									
								
							
								
							
								
							
						
							
								
							
								
							
								
									
										
											<td class="pass">PASS</td>
											
										
									
										
									
										
									
										
									
										
									
								
							
								
							
								
							
						
							
								
							
								
							
								
									
										
									
										
											<td class="pass">PASS</td>
											
										
									
										
									
										
									
										
									
								
							
								
							
								
							
						
					</tr>
					
					<tr>
						<td>
							<a href="#arduino%3asamd%3amkrwifi1010"><b>arduino:samd:mkrwifi1010</b></a>
							<br />
							<small>1.8.12</small>
						</td>

						
							<td>Yes</td>
							<td class="pass">PASS</td>
						
						
						
						

						
							
								
							
								
							
								
							
								
									
										
									
										
									
										
											<td class="pass">PASS</td>
											
										
									
										
									
										
									
								
							
								
							
						
							
								
							
								
							
								
							
								
									
										
									
										
									
										
									
										
											<td class="pass">PASS</td>
											
										
									
										
									
								
							
								
							
						
							
								
							
								
							
								
							
								
									
										
									
										
									
										
									
										
									
										
											<td class="pass">PASS</td>
											
										
									
								
							
								
							
						
							
								
							
								
							
								
							
								
									
										
											<td class="pass">PASS</td>
											
										
									
										
									
										
									
										
									
										
									
								
							
								
							
						
							
								
							
								
							
								
							
								
									
										
									
										
											<td class="pass">PASS</td>
											
										
									
										
									
										
									
										
									
								
							
								
							
						
					</tr>
					
					<tr>
						<td>
							<a href="#esp32%3aesp32%3ad1_mini32"><b>esp32:esp32:d1_mini32</b></a>
							<br />
							<small>1.0.6</small>
						</td>

						
							<td>Yes</td>
							<td class="pass">PASS</td>
						
						
						
						

						
							
								
							
								
							
								
							
								
							
								
									
										
									
										
									
										
											<td class="pass">PASS</td>
											
										
									
										
									
										
									
								
							
						
							
								
							
								
							
								
							
								
							
								
									
										
									
										
									
										
									
										
											<td class="pass">PASS</td>
											
										
									
										
									
								
							
						
							
								
							
								
							
								
							
								
							
								
									
										
									
										
									
										
									
										
									
										
											<td class="pass">PASS</td>
											
										
									
								
							
						
							
								
							
								
							
								
							
								
							
								
									
										
											<td class="pass">PASS</td>
											
										
									
										
									
										
									
										
									
										
									
								
							
						
							
								
							
								
							
								
							
								
							
								
									
										
									
										
											<td class="pass">PASS</td>
											
										
									
										
									
										
									
										
									
								
							
						
					</tr>
					
				</table>

				<h2>Compilation logs</h2>
				
				<h3 id="arduino:avr:uno">arduino:avr:uno @ 1.8.4</h3>
				<h4>Inclusion</h4>
				<p>
					Result: <b>PASS</b>
					
					<br />This library has no main header file so an empty one was created.
					
				</p>
				<pre class="pre-scrollable">Sketch uses 3112 bytes (9%) of program storage space. Maximum is 32256 bytes.
Global variables use 174 bytes (8%) of dynamic memory, leaving 1874 bytes for local variables. Maximum is 2048 bytes.
</pre>

					
					<h4>examples/BatteryMonitor</h4>
					<p>
						Result: <b>FAIL</b>
					</p>
					<pre class="pre-scrollable">/Users/alranel/Documents/git/arduino/arduino-testlib/cli-datadir/user/libraries/Battery_Sense/examples/BatteryMonitor/BatteryMonitor.ino:3:31: error: no matching function for call to &#39;Battery::Battery(int, int, const uint8_t&amp;)&#39;
 Battery battery(3400, 4200, A0);
                               ^
In file included from /Users/alranel/Documents/git/arduino/arduino-testlib/cli-datadir/user/libraries/Battery_Sense/examples/BatteryMonitor/BatteryMonitor.ino:1:0:
/Users/alranel/Documents/git/arduino/arduino-testlib/cli-datadir/user/libraries/Battery/src/Battery.h:26:7: note: candidate: constexpr Battery::Battery()
 class Battery
       ^~~~~~~
/Users/alranel/Documents/git/arduino/arduino-testlib/cli-datadir/user/libraries/Battery/src/Battery.h:26:7: note:   candidate expects 0 arguments, 3 provided
/Users/alranel/Documents/git/arduino/arduino-testlib/cli-datadir/user/libraries/Battery/src/Battery.h:26:7: note: candidate: Battery::Battery(const Battery&amp;)
/Users/alranel/Documents/git/arduino/arduino-testlib/cli-datadir/user/libraries/Battery/src/Battery.h:26:7: note:   candidate expects 1 argument, 3 provided
/Users/alranel/Documents/git/arduino/arduino-testlib/cli-datadir/user/libraries/Battery/src/Battery.h:26:7: note: candidate: Battery::Battery(Battery&amp;&amp;)
/Users/alranel/Documents/git/arduino/arduino-testlib/cli-datadir/user/libraries/Battery/src/Battery.h:26:7: note:   candidate expects 1 argument, 3 provided
/Users/alranel/Documents/git/arduino/arduino-testlib/cli-datadir/user/libraries/Battery_Sense/examples/BatteryMonitor/BatteryMonitor.ino: In function &#39;void setup()&#39;:
/Users/alranel/Documents/git/arduino/arduino-testlib/cli-datadir/user/libraries/Battery_Sense/examples/BatteryMonitor/BatteryMonitor.ino:11:10: error: &#39;class Battery&#39; has no member named &#39;begin&#39;; did you mean &#39;Begin&#39;?
  battery.begin(5000, 1.0);
          ^~~~~
          Begin
/Users/alranel/Documents/git/arduino/arduino-testlib/cli-datadir/user/libraries/Battery_Sense/examples/BatteryMonitor/BatteryMonitor.ino: In function &#39;void loop()&#39;:
/Users/alranel/Documents/git/arduino/arduino-testlib/cli-datadir/user/libraries/Battery_Sense/examples/BatteryMonitor/BatteryMonitor.ino:21:23: error: &#39;class Battery&#39; has no member named &#39;voltage&#39;
  Serial.print(battery.voltage());
                       ^~~~~~~
/Users/alranel/Documents/git/arduino/arduino-testlib/cli-datadir/user/libraries/Battery_Sense/examples/BatteryMonitor/BatteryMonitor.ino:23:23: error: &#39;class Battery&#39; has no member named &#39;level&#39;
  Serial.print(battery.level());
                       ^~~~~
Multiple libraries were found for &#34;Battery.h&#34;
  Used: /Users/alranel/Documents/git/arduino/arduino-testlib/cli-datadir/user/libraries/Battery
  Not used: /Users/alranel/Documents/git/arduino/arduino-testlib/cli-datadir/user/libraries/Battery_Sense
  Not used: /Users/alranel/Documents/git/arduino/arduino-testlib/cli-datadir/user/libraries/MKRMotorCarrier
  Not used: /Users/alranel/Documents/git/arduino/arduino-testlib/cli-datadir/user/libraries/ArduinoMotorCarrier
  Not used: /Users/alranel/Documents/git/arduino/arduino-testlib/cli-datadir/user/libraries/CppPotpourri
</pre>
					
					<h4>examples/BetterApprox</h4>
					<p>
						Result: <b>FAIL</b>
					</p>
					<pre class="pre-scrollable">/Users/alranel/Documents/git/arduino/arduino-testlib/cli-datadir/user/libraries/Battery_Sense/examples/BetterApprox/BetterApprox.ino:3:31: error: no matching function for call to &#39;Battery::Battery(int, int, const uint8_t&amp;)&#39;
 Battery battery(3000, 4200, A0);
                               ^
In file included from /Users/alranel/Documents/git/arduino/arduino-testlib/cli-datadir/user/libraries/Battery_Sense/examples/BetterApprox/BetterApprox.ino:1:0:
/Users/alranel/Documents/git/arduino/arduino-testlib/cli-datadir/user/libraries/Battery/src/Battery.h:26:7: note: candidate: constexpr Battery::Battery()
 class Battery
       ^~~~~~~
/Users/alranel/Documents/git/arduino/arduino-testlib/cli-datadir/user/libraries/Battery/src/Battery.h:26:7: note:   candidate expects 0 arguments, 3 provided
/Users/alranel/Documents/git/arduino/arduino-testlib/cli-datadir/user/libraries/Battery/src/Battery.h:26:7: note: candidate: Battery::Battery(const Battery&amp;)
/Users/alranel/Documents/git/arduino/arduino-testlib/cli-datadir/user/libraries/Battery/src/Battery.h:26:7: note:   candidate expects 1 argument, 3 provided
/Users/alranel/Documents/git/arduino/arduino-testlib/cli-datadir/user/libraries/Battery/src/Battery.h:26:7: note: candidate: Battery::Battery(Battery&amp;&amp;)
/Users/alranel/Documents/git/arduino/arduino-testlib/cli-datadir/user/libraries/Battery/src/Battery.h:26:7: note:   candidate expects 1 argument, 3 provided
/Users/alranel/Documents/git/arduino/arduino-testlib/cli-datadir/user/libraries/Battery_Sense/examples/BetterApprox/BetterApprox.ino: In function &#39;void setup()&#39;:
/Users/alranel/Documents/git/arduino/arduino-testlib/cli-datadir/user/libraries/Battery_Sense/examples/BetterApprox/BetterApprox.ino:11:10: error: &#39;class Battery&#39; has no member named &#39;begin&#39;; did you mean &#39;Begin&#39;?
  battery.begin(5000, 1.0, &amp;sigmoidal);
          ^~~~~
          Begin
/Users/alranel/Documents/git/arduino/arduino-testlib/cli-datadir/user/libraries/Battery_Sense/examples/BetterApprox/BetterApprox.ino:11:28: error: &#39;sigmoidal&#39; was not declared in this scope
  battery.begin(5000, 1.0, &amp;sigmoidal);
                            ^~~~~~~~~
/Users/alranel/Documents/git/arduino/arduino-testlib/cli-datadir/user/libraries/Battery_Sense/examples/BetterApprox/BetterApprox.ino: In function &#39;void loop()&#39;:
/Users/alranel/Documents/git/arduino/arduino-testlib/cli-datadir/user/libraries/Battery_Sense/examples/BetterApprox/BetterApprox.ino:21:23: error: &#39;class Battery&#39; has no member named &#39;voltage&#39;
  Serial.print(battery.voltage());
                       ^~~~~~~
/Users/alranel/Documents/git/arduino/arduino-testlib/cli-datadir/user/libraries/Battery_Sense/examples/BetterApprox/BetterApprox.ino:23:23: error: &#39;class Battery&#39; has no member named &#39;level&#39;
  Serial.print(battery.level());
                       ^~~~~
Multiple libraries were found for &#34;Battery.h&#34;
  Used: /Users/alranel/Documents/git/arduino/arduino-testlib/cli-datadir/user/libraries/Battery
  Not used: /Users/alranel/Documents/git/arduino/arduino-testlib/cli-datadir/user/libraries/Battery_Sense
  Not used: /Users/alranel/Documents/git/arduino/arduino-testlib/cli-datadir/user/libraries/ArduinoMotorCarrier
  Not used: /Users/alranel/Documents/git/arduino/arduino-testlib/cli-datadir/user/libraries/MKRMotorCarrier
  Not used: /Users/alranel/Documents/git/arduino/arduino-testlib/cli-datadir/user/libraries/CppPotpourri
</pre>
					
					<h4>examples/CustomRatio</h4>
					<p>
						Result: <b>FAIL</b>
					</p>
					<pre class="pre-scrollable">/Users/alranel/Documents/git/arduino/arduino-testlib/cli-datadir/user/libraries/Battery_Sense/examples/CustomRatio/CustomRatio.ino:3:31: error: no matching function for call to &#39;Battery::Battery(int, int, const uint8_t&amp;)&#39;
 Battery battery(7200, 8400, A0);
                               ^
In file included from /Users/alranel/Documents/git/arduino/arduino-testlib/cli-datadir/user/libraries/Battery_Sense/examples/CustomRatio/CustomRatio.ino:1:0:
/Users/alranel/Documents/git/arduino/arduino-testlib/cli-datadir/user/libraries/Battery/src/Battery.h:26:7: note: candidate: constexpr Battery::Battery()
 class Battery
       ^~~~~~~
/Users/alranel/Documents/git/arduino/arduino-testlib/cli-datadir/user/libraries/Battery/src/Battery.h:26:7: note:   candidate expects 0 arguments, 3 provided
/Users/alranel/Documents/git/arduino/arduino-testlib/cli-datadir/user/libraries/Battery/src/Battery.h:26:7: note: candidate: Battery::Battery(const Battery&amp;)
/Users/alranel/Documents/git/arduino/arduino-testlib/cli-datadir/user/libraries/Battery/src/Battery.h:26:7: note:   candidate expects 1 argument, 3 provided
/Users/alranel/Documents/git/arduino/arduino-testlib/cli-datadir/user/libraries/Battery/src/Battery.h:26:7: note: candidate: Battery::Battery(Battery&amp;&amp;)
/Users/alranel/Documents/git/arduino/arduino-testlib/cli-datadir/user/libraries/Battery/src/Battery.h:26:7: note:   candidate expects 1 argument, 3 provided
/Users/alranel/Documents/git/arduino/arduino-testlib/cli-datadir/user/libraries/Battery_Sense/examples/CustomRatio/CustomRatio.ino: In function &#39;void setup()&#39;:
/Users/alranel/Documents/git/arduino/arduino-testlib/cli-datadir/user/libraries/Battery_Sense/examples/CustomRatio/CustomRatio.ino:29:10: error: &#39;class Battery&#39; has no member named &#39;begin&#39;; did you mean &#39;Begin&#39;?
  battery.begin(5000, ratio);
          ^~~~~
          Begin
/Users/alranel/Documents/git/arduino/arduino-testlib/cli-datadir/user/libraries/Battery_Sense/examples/CustomRatio/CustomRatio.ino: In function &#39;void loop()&#39;:
/Users/alranel/Documents/git/arduino/arduino-testlib/cli-datadir/user/libraries/Battery_Sense/examples/CustomRatio/CustomRatio.ino:39:23: error: &#39;class Battery&#39; has no member named &#39;voltage&#39;
  Serial.print(battery.voltage());
                       ^~~~~~~
/Users/alranel/Documents/git/arduino/arduino-testlib/cli-datadir/user/libraries/Battery_Sense/examples/CustomRatio/CustomRatio.ino:41:23: error: &#39;class Battery&#39; has no member named &#39;level&#39;
  Serial.print(battery.level());
                       ^~~~~
Multiple libraries were found for &#34;Battery.h&#34;
  Used: /Users/alranel/Documents/git/arduino/arduino-testlib/cli-datadir/user/libraries/Battery
  Not used: /Users/alranel/Documents/git/arduino/arduino-testlib/cli-datadir/user/libraries/CppPotpourri
  Not used: /Users/alranel/Documents/git/arduino/arduino-testlib/cli-datadir/user/libraries/MKRMotorCarrier
  Not used: /Users/alranel/Documents/git/arduino/arduino-testlib/cli-datadir/user/libraries/Battery_Sense
  Not used: /Users/alranel/Documents/git/arduino/arduino-testlib/cli-datadir/user/libraries/ArduinoMotorCarrier
</pre>
					
					<h4>examples/OnDemandDoubleLiIon</h4>
					<p>
						Result: <b>FAIL</b>
					</p>
					<pre class="pre-scrollable">/Users/alranel/Documents/git/arduino/arduino-testlib/cli-datadir/user/libraries/Battery_Sense/examples/OnDemandDoubleLiIon/OnDemandDoubleLiIon.ino:3:31: error: no matching function for call to &#39;Battery::Battery(int, int, const uint8_t&amp;)&#39;
 Battery battery(6000, 8400, A0);
                               ^
In file included from /Users/alranel/Documents/git/arduino/arduino-testlib/cli-datadir/user/libraries/Battery_Sense/examples/OnDemandDoubleLiIon/OnDemandDoubleLiIon.ino:1:0:
/Users/alranel/Documents/git/arduino/arduino-testlib/cli-datadir/user/libraries/Battery/src/Battery.h:26:7: note: candidate: constexpr Battery::Battery()
 class Battery
       ^~~~~~~
/Users/alranel/Documents/git/arduino/arduino-testlib/cli-datadir/user/libraries/Battery/src/Battery.h:26:7: note:   candidate expects 0 arguments, 3 provided
/Users/alranel/Documents/git/arduino/arduino-testlib/cli-datadir/user/libraries/Battery/src/Battery.h:26:7: note: candidate: Battery::Battery(const Battery&amp;)
/Users/alranel/Documents/git/arduino/arduino-testlib/cli-datadir/user/libraries/Battery/src/Battery.h:26:7: note:   candidate expects 1 argument, 3 provided
/Users/alranel/Documents/git/arduino/arduino-testlib/cli-datadir/user/libraries/Battery/src/Battery.h:26:7: note: candidate: Battery::Battery(Battery&amp;&amp;)
/Users/alranel/Documents/git/arduino/arduino-testlib/cli-datadir/user/libraries/Battery/src/Battery.h:26:7: note:   candidate expects 1 argument, 3 provided
/Users/alranel/Documents/git/arduino/arduino-testlib/cli-datadir/user/libraries/Battery_Sense/examples/OnDemandDoubleLiIon/OnDemandDoubleLiIon.ino: In function &#39;void setup()&#39;:
/Users/alranel/Documents/git/arduino/arduino-testlib/cli-datadir/user/libraries/Battery_Sense/examples/OnDemandDoubleLiIon/OnDemandDoubleLiIon.ino:11:10: error: &#39;class Battery&#39; has no member named &#39;onDemand&#39;
  battery.onDemand(3, HIGH);
          ^~~~~~~~
/Users/alranel/Documents/git/arduino/arduino-testlib/cli-datadir/user/libraries/Battery_Sense/examples/OnDemandDoubleLiIon/OnDemandDoubleLiIon.ino:12:10: error: &#39;class Battery&#39; has no member named &#39;begin&#39;; did you mean &#39;Begin&#39;?
  battery.begin(5000, 2.0, &amp;sigmoidal);
          ^~~~~
          Begin
/Users/alranel/Documents/git/arduino/arduino-testlib/cli-datadir/user/libraries/Battery_Sense/examples/OnDemandDoubleLiIon/OnDemandDoubleLiIon.ino:12:28: error: &#39;sigmoidal&#39; was not declared in this scope
  battery.begin(5000, 2.0, &amp;sigmoidal);
                            ^~~~~~~~~
/Users/alranel/Documents/git/arduino/arduino-testlib/cli-datadir/user/libraries/Battery_Sense/examples/OnDemandDoubleLiIon/OnDemandDoubleLiIon.ino: In function &#39;void loop()&#39;:
/Users/alranel/Documents/git/arduino/arduino-testlib/cli-datadir/user/libraries/Battery_Sense/examples/OnDemandDoubleLiIon/OnDemandDoubleLiIon.ino:22:23: error: &#39;class Battery&#39; has no member named &#39;voltage&#39;
  Serial.print(battery.voltage());
                       ^~~~~~~
/Users/alranel/Documents/git/arduino/arduino-testlib/cli-datadir/user/libraries/Battery_Sense/examples/OnDemandDoubleLiIon/OnDemandDoubleLiIon.ino:24:23: error: &#39;class Battery&#39; has no member named &#39;level&#39;
  Serial.print(battery.level());
                       ^~~~~
Multiple libraries were found for &#34;Battery.h&#34;
  Used: /Users/alranel/Documents/git/arduino/arduino-testlib/cli-datadir/user/libraries/Battery
  Not used: /Users/alranel/Documents/git/arduino/arduino-testlib/cli-datadir/user/libraries/ArduinoMotorCarrier
  Not used: /Users/alranel/Documents/git/arduino/arduino-testlib/cli-datadir/user/libraries/MKRMotorCarrier
  Not used: /Users/alranel/Documents/git/arduino/arduino-testlib/cli-datadir/user/libraries/Battery_Sense
  Not used: /Users/alranel/Documents/git/arduino/arduino-testlib/cli-datadir/user/libraries/CppPotpourri
</pre>
					
					<h4>examples/RGBBatteryIndicator</h4>
					<p>
						Result: <b>FAIL</b>
					</p>
					<pre class="pre-scrollable">/Users/alranel/Documents/git/arduino/arduino-testlib/cli-datadir/user/libraries/Battery_Sense/examples/RGBBatteryIndicator/RGBBatteryIndicator.ino:4:31: error: no matching function for call to &#39;Battery::Battery(int, int, const uint8_t&amp;)&#39;
 Battery battery(5000, 9000, A0);
                               ^
In file included from /Users/alranel/Documents/git/arduino/arduino-testlib/cli-datadir/user/libraries/Battery_Sense/examples/RGBBatteryIndicator/RGBBatteryIndicator.ino:1:0:
/Users/alranel/Documents/git/arduino/arduino-testlib/cli-datadir/user/libraries/Battery/src/Battery.h:26:7: note: candidate: constexpr Battery::Battery()
 class Battery
       ^~~~~~~
/Users/alranel/Documents/git/arduino/arduino-testlib/cli-datadir/user/libraries/Battery/src/Battery.h:26:7: note:   candidate expects 0 arguments, 3 provided
/Users/alranel/Documents/git/arduino/arduino-testlib/cli-datadir/user/libraries/Battery/src/Battery.h:26:7: note: candidate: Battery::Battery(const Battery&amp;)
/Users/alranel/Documents/git/arduino/arduino-testlib/cli-datadir/user/libraries/Battery/src/Battery.h:26:7: note:   candidate expects 1 argument, 3 provided
/Users/alranel/Documents/git/arduino/arduino-testlib/cli-datadir/user/libraries/Battery/src/Battery.h:26:7: note: candidate: Battery::Battery(Battery&amp;&amp;)
/Users/alranel/Documents/git/arduino/arduino-testlib/cli-datadir/user/libraries/Battery/src/Battery.h:26:7: note:   candidate expects 1 argument, 3 provided
/Users/alranel/Documents/git/arduino/arduino-testlib/cli-datadir/user/libraries/Battery_Sense/examples/RGBBatteryIndicator/RGBBatteryIndicator.ino: In function &#39;void setup()&#39;:
/Users/alranel/Documents/git/arduino/arduino-testlib/cli-datadir/user/libraries/Battery_Sense/examples/RGBBatteryIndicator/RGBBatteryIndicator.ino:13:10: error: &#39;class Battery&#39; has no member named &#39;begin&#39;; did you mean &#39;Begin&#39;?
  battery.begin(5000, 2.0, &amp;sigmoidal);
          ^~~~~
          Begin
/Users/alranel/Documents/git/arduino/arduino-testlib/cli-datadir/user/libraries/Battery_Sense/examples/RGBBatteryIndicator/RGBBatteryIndicator.ino:13:28: error: &#39;sigmoidal&#39; was not declared in this scope
  battery.begin(5000, 2.0, &amp;sigmoidal);
                            ^~~~~~~~~
/Users/alranel/Documents/git/arduino/arduino-testlib/cli-datadir/user/libraries/Battery_Sense/examples/RGBBatteryIndicator/RGBBatteryIndicator.ino: In function &#39;void loop()&#39;:
/Users/alranel/Documents/git/arduino/arduino-testlib/cli-datadir/user/libraries/Battery_Sense/examples/RGBBatteryIndicator/RGBBatteryIndicator.ino:22:22: error: &#39;class Battery&#39; has no member named &#39;voltage&#39;
     long v = battery.voltage();
                      ^~~~~~~
/Users/alranel/Documents/git/arduino/arduino-testlib/cli-datadir/user/libraries/Battery_Sense/examples/RGBBatteryIndicator/RGBBatteryIndicator.ino:23:17: error: &#39;class Battery&#39; has no member named &#39;level&#39;
     if (battery.level(v) &gt;= 75) {
                 ^~~~~
/Users/alranel/Documents/git/arduino/arduino-testlib/cli-datadir/user/libraries/Battery_Sense/examples/RGBBatteryIndicator/RGBBatteryIndicator.ino:28:24: error: &#39;class Battery&#39; has no member named &#39;level&#39;
     } else if (battery.level(v) &gt;= 50) {
                        ^~~~~
/Users/alranel/Documents/git/arduino/arduino-testlib/cli-datadir/user/libraries/Battery_Sense/examples/RGBBatteryIndicator/RGBBatteryIndicator.ino:33:24: error: &#39;class Battery&#39; has no member named &#39;level&#39;
     } else if (battery.level(v) &gt;= 20) {
                        ^~~~~
/Users/alranel/Documents/git/arduino/arduino-testlib/cli-datadir/user/libraries/Battery_Sense/examples/RGBBatteryIndicator/RGBBatteryIndicator.ino:38:24: error: &#39;class Battery&#39; has no member named &#39;level&#39;
     } else if (battery.level(v) &gt;= 5) {
                        ^~~~~
/Users/alranel/Documents/git/arduino/arduino-testlib/cli-datadir/user/libraries/Battery_Sense/examples/RGBBatteryIndicator/RGBBatteryIndicator.ino:53:30: error: &#39;class Battery&#39; has no member named &#39;level&#39;
         Serial.print(battery.level(v));
                              ^~~~~
Multiple libraries were found for &#34;Battery.h&#34;
  Used: /Users/alranel/Documents/git/arduino/arduino-testlib/cli-datadir/user/libraries/Battery
  Not used: /Users/alranel/Documents/git/arduino/arduino-testlib/cli-datadir/user/libraries/CppPotpourri
  Not used: /Users/alranel/Documents/git/arduino/arduino-testlib/cli-datadir/user/libraries/Battery_Sense
  Not used: /Users/alranel/Documents/git/arduino/arduino-testlib/cli-datadir/user/libraries/MKRMotorCarrier
  Not used: /Users/alranel/Documents/git/arduino/arduino-testlib/cli-datadir/user/libraries/ArduinoMotorCarrier
</pre>
					
				
				<h3 id="arduino:mbed_nano:nanorp2040connect">arduino:mbed_nano:nanorp2040connect @ 2.7.2</h3>
				<h4>Inclusion</h4>
				<p>
					Result: <b>PASS</b>
					
					<br />This library has no main header file so an empty one was created.
					
				</p>
				<pre class="pre-scrollable">Sketch uses 78756 bytes (0%) of program storage space. Maximum is 16777216 bytes.
Global variables use 43444 bytes (16%) of dynamic memory, leaving 226892 bytes for local variables. Maximum is 270336 bytes.
</pre>

					
					<h4>examples/BatteryMonitor</h4>
					<p>
						Result: <b>PASS</b>
					</p>
					<pre class="pre-scrollable">Sketch uses 82478 bytes (0%) of program storage space. Maximum is 16777216 bytes.
Global variables use 43540 bytes (16%) of dynamic memory, leaving 226796 bytes for local variables. Maximum is 270336 bytes.
</pre>
					
					<h4>examples/BetterApprox</h4>
					<p>
						Result: <b>PASS</b>
					</p>
					<pre class="pre-scrollable">Sketch uses 87298 bytes (0%) of program storage space. Maximum is 16777216 bytes.
Global variables use 43540 bytes (16%) of dynamic memory, leaving 226796 bytes for local variables. Maximum is 270336 bytes.
</pre>
					
					<h4>examples/CustomRatio</h4>
					<p>
						Result: <b>PASS</b>
					</p>
					<pre class="pre-scrollable">Sketch uses 82478 bytes (0%) of program storage space. Maximum is 16777216 bytes.
Global variables use 43540 bytes (16%) of dynamic memory, leaving 226796 bytes for local variables. Maximum is 270336 bytes.
</pre>
					
					<h4>examples/OnDemandDoubleLiIon</h4>
					<p>
						Result: <b>PASS</b>
					</p>
					<pre class="pre-scrollable">Sketch uses 87346 bytes (0%) of program storage space. Maximum is 16777216 bytes.
Global variables use 43540 bytes (16%) of dynamic memory, leaving 226796 bytes for local variables. Maximum is 270336 bytes.
</pre>
					
					<h4>examples/RGBBatteryIndicator</h4>
					<p>
						Result: <b>PASS</b>
					</p>
					<pre class="pre-scrollable">Sketch uses 87416 bytes (0%) of program storage space. Maximum is 16777216 bytes.
Global variables use 43544 bytes (16%) of dynamic memory, leaving 226792 bytes for local variables. Maximum is 270336 bytes.
</pre>
					
				
				<h3 id="arduino:megaavr:nona4809">arduino:megaavr:nona4809 @ 1.8.7</h3>
				<h4>Inclusion</h4>
				<p>
					Result: <b>PASS</b>
					
					<br />This library has no main header file so an empty one was created.
					
				</p>
				<pre class="pre-scrollable">Sketch uses 802 bytes (1%) of program storage space. Maximum is 49152 bytes.
Global variables use 22 bytes (0%) of dynamic memory, leaving 6122 bytes for local variables. Maximum is 6144 bytes.
</pre>

					
					<h4>examples/BatteryMonitor</h4>
					<p>
						Result: <b>PASS</b>
					</p>
					<pre class="pre-scrollable">Sketch uses 4221 bytes (8%) of program storage space. Maximum is 49152 bytes.
Global variables use 192 bytes (3%) of dynamic memory, leaving 5952 bytes for local variables. Maximum is 6144 bytes.
</pre>
					
					<h4>examples/BetterApprox</h4>
					<p>
						Result: <b>PASS</b>
					</p>
					<pre class="pre-scrollable">Sketch uses 5739 bytes (11%) of program storage space. Maximum is 49152 bytes.
Global variables use 192 bytes (3%) of dynamic memory, leaving 5952 bytes for local variables. Maximum is 6144 bytes.
</pre>
					
					<h4>examples/CustomRatio</h4>
					<p>
						Result: <b>PASS</b>
					</p>
					<pre class="pre-scrollable">Sketch uses 4223 bytes (8%) of program storage space. Maximum is 49152 bytes.
Global variables use 192 bytes (3%) of dynamic memory, leaving 5952 bytes for local variables. Maximum is 6144 bytes.
</pre>
					
					<h4>examples/OnDemandDoubleLiIon</h4>
					<p>
						Result: <b>PASS</b>
					</p>
					<pre class="pre-scrollable">Sketch uses 5771 bytes (11%) of program storage space. Maximum is 49152 bytes.
Global variables use 192 bytes (3%) of dynamic memory, leaving 5952 bytes for local variables. Maximum is 6144 bytes.
</pre>
					
					<h4>examples/RGBBatteryIndicator</h4>
					<p>
						Result: <b>PASS</b>
					</p>
					<pre class="pre-scrollable">Sketch uses 5891 bytes (11%) of program storage space. Maximum is 49152 bytes.
Global variables use 198 bytes (3%) of dynamic memory, leaving 5946 bytes for local variables. Maximum is 6144 bytes.
</pre>
					
				
				<h3 id="arduino:samd:mkrwifi1010">arduino:samd:mkrwifi1010 @ 1.8.12</h3>
				<h4>Inclusion</h4>
				<p>
					Result: <b>PASS</b>
					
					<br />This library has no main header file so an empty one was created.
					
				</p>
				<pre class="pre-scrollable">Sketch uses 12156 bytes (4%) of program storage space. Maximum is 262144 bytes.
Global variables use 2996 bytes (9%) of dynamic memory, leaving 29772 bytes for local variables. Maximum is 32768 bytes.
</pre>

					
					<h4>examples/BatteryMonitor</h4>
					<p>
						Result: <b>PASS</b>
					</p>
					<pre class="pre-scrollable">Sketch uses 15360 bytes (5%) of program storage space. Maximum is 262144 bytes.
Global variables use 3016 bytes (9%) of dynamic memory, leaving 29752 bytes for local variables. Maximum is 32768 bytes.
</pre>
					
					<h4>examples/BetterApprox</h4>
					<p>
						Result: <b>PASS</b>
					</p>
					<pre class="pre-scrollable">Sketch uses 27340 bytes (10%) of program storage space. Maximum is 262144 bytes.
Global variables use 3016 bytes (9%) of dynamic memory, leaving 29752 bytes for local variables. Maximum is 32768 bytes.
</pre>
					
					<h4>examples/CustomRatio</h4>
					<p>
						Result: <b>PASS</b>
					</p>
					<pre class="pre-scrollable">Sketch uses 15360 bytes (5%) of program storage space. Maximum is 262144 bytes.
Global variables use 3016 bytes (9%) of dynamic memory, leaving 29752 bytes for local variables. Maximum is 32768 bytes.
</pre>
					
					<h4>examples/OnDemandDoubleLiIon</h4>
					<p>
						Result: <b>PASS</b>
					</p>
					<pre class="pre-scrollable">Sketch uses 27388 bytes (10%) of program storage space. Maximum is 262144 bytes.
Global variables use 3016 bytes (9%) of dynamic memory, leaving 29752 bytes for local variables. Maximum is 32768 bytes.
</pre>
					
					<h4>examples/RGBBatteryIndicator</h4>
					<p>
						Result: <b>PASS</b>
					</p>
					<pre class="pre-scrollable">Sketch uses 27476 bytes (10%) of program storage space. Maximum is 262144 bytes.
Global variables use 3036 bytes (9%) of dynamic memory, leaving 29732 bytes for local variables. Maximum is 32768 bytes.
</pre>
					
				
				<h3 id="esp32:esp32:d1_mini32">esp32:esp32:d1_mini32 @ 1.0.6</h3>
				<h4>Inclusion</h4>
				<p>
					Result: <b>PASS</b>
					
					<br />This library has no main header file so an empty one was created.
					
				</p>
				<pre class="pre-scrollable">Sketch uses 198074 bytes (15%) of program storage space. Maximum is 1310720 bytes.
Global variables use 13096 bytes (3%) of dynamic memory, leaving 314584 bytes for local variables. Maximum is 327680 bytes.
</pre>

					
					<h4>examples/BatteryMonitor</h4>
					<p>
						Result: <b>PASS</b>
					</p>
					<pre class="pre-scrollable">Sketch uses 220854 bytes (16%) of program storage space. Maximum is 1310720 bytes.
Global variables use 13464 bytes (4%) of dynamic memory, leaving 314216 bytes for local variables. Maximum is 327680 bytes.
</pre>
					
					<h4>examples/BetterApprox</h4>
					<p>
						Result: <b>PASS</b>
					</p>
					<pre class="pre-scrollable">Sketch uses 225858 bytes (17%) of program storage space. Maximum is 1310720 bytes.
Global variables use 13464 bytes (4%) of dynamic memory, leaving 314216 bytes for local variables. Maximum is 327680 bytes.
</pre>
					
					<h4>examples/CustomRatio</h4>
					<p>
						Result: <b>PASS</b>
					</p>
					<pre class="pre-scrollable">Sketch uses 220854 bytes (16%) of program storage space. Maximum is 1310720 bytes.
Global variables use 13464 bytes (4%) of dynamic memory, leaving 314216 bytes for local variables. Maximum is 327680 bytes.
</pre>
					
					<h4>examples/OnDemandDoubleLiIon</h4>
					<p>
						Result: <b>PASS</b>
					</p>
					<pre class="pre-scrollable">Sketch uses 225910 bytes (17%) of program storage space. Maximum is 1310720 bytes.
Global variables use 13464 bytes (4%) of dynamic memory, leaving 314216 bytes for local variables. Maximum is 327680 bytes.
</pre>
					
					<h4>examples/RGBBatteryIndicator</h4>
					<p>
						Result: <b>PASS</b>
					</p>
					<pre class="pre-scrollable">Sketch uses 225962 bytes (17%) of program storage space. Maximum is 1310720 bytes.
Global variables use 13472 bytes (4%) of dynamic memory, leaving 314208 bytes for local variables. Maximum is 327680 bytes.
</pre>
					
				
			</div>
		</div>
	</div>
  </body>
</html>
