
<!doctype html>
<html lang="en">
  <head>
    <meta charset="utf-8">
    <meta name="viewport" content="width=device-width, initial-scale=1">
    <link href="https://cdn.jsdelivr.net/npm/bootstrap@5.0.2/dist/css/bootstrap.min.css" rel="stylesheet" integrity="sha384-EVSTQN3/azprG1Anm3QDgpJLIm9Nao0Yz1ztcQTwFspd3yD65VohhpuuCOmLASjC" crossorigin="anonymous">
    <title>arduino-testlib report</title>
	<style>
	.pass { background-color: #00FF00 !important; }
	.fail { background-color: #FF0000 !important; }
	</style>
  </head>
  <body>
	<div class="container">
		<div class="row">
			<div class="col">
				<h1>BH1750FVI_RT - compatibility matrix</h1>
				<p>
					<small>This report was generated on Wednesday, 23-Feb-22 22:48:15 CET using 
					<a href="https://github.com/alranel/arduino-testlib">arduino-testlib</a>.</small>
				</p>

				<h2>BH1750FVI_RT</h2>
				<p>
					Version: <b>0.2.9</b>
					<br />
					<a href="https://www.arduino.cc/reference/en/libraries/bh1750fvi_rt/">More details</a>
				</p>

				<h2>Compatibility matrix</h2>
				<table class="table table-bordered">
					<tr>
						<th>Board</th>
						<th>Claims compatibility</th>
						<th>Inclusion</th>
						
						<th><pre>BH1750FVI_async</pre></th>
						
						<th><pre>BH1750FVI_cont_high_res</pre></th>
						
						<th><pre>BH1750FVI_cont_low_res</pre></th>
						
						<th><pre>BH1750FVI_setCorrectionFactor</pre></th>
						
						<th><pre>BH1750FVI_setTemperature</pre></th>
						
						<th><pre>BH1750FVI_setWaveLength</pre></th>
						
						<th><pre>BH1750FVI_single_shot_3_res</pre></th>
						
						<th><pre>BH1750FVI_angle_measurement</pre></th>
						
						<th><pre>BH1750FVI_setAngle</pre></th>
						
					</tr>
					
					<tr>
						<td>
							<a href="#arduino%3aavr%3auno"><b>arduino:avr:uno</b></a>
							<br />
							<small>1.8.4</small>
						</td>

						
							<td>Yes</td>
							<td class="pass">PASS</td>
						
						
						
						

						
							
								
									
										
									
										
											
											<td class="fail">FAIL</td>
										
									
										
									
										
									
										
									
										
									
										
									
										
									
										
									
								
							
								
							
								
							
								
							
								
							
						
							
								
									
										
									
										
									
										
											
											<td class="fail">FAIL</td>
										
									
										
									
										
									
										
									
										
									
										
									
										
									
								
							
								
							
								
							
								
							
								
							
						
							
								
									
										
									
										
									
										
									
										
											
											<td class="fail">FAIL</td>
										
									
										
									
										
									
										
									
										
									
										
									
								
							
								
							
								
							
								
							
								
							
						
							
								
									
										
									
										
									
										
									
										
									
										
									
										
											
											<td class="fail">FAIL</td>
										
									
										
									
										
									
										
									
								
							
								
							
								
							
								
							
								
							
						
							
								
									
										
									
										
									
										
									
										
									
										
									
										
									
										
											
											<td class="fail">FAIL</td>
										
									
										
									
										
									
								
							
								
							
								
							
								
							
								
							
						
							
								
									
										
									
										
									
										
									
										
									
										
									
										
									
										
									
										
											
											<td class="fail">FAIL</td>
										
									
										
									
								
							
								
							
								
							
								
							
								
							
						
							
								
									
										
									
										
									
										
									
										
									
										
									
										
									
										
									
										
									
										
											
											<td class="fail">FAIL</td>
										
									
								
							
								
							
								
							
								
							
								
							
						
							
								
									
										
											
											<td class="fail">FAIL</td>
										
									
										
									
										
									
										
									
										
									
										
									
										
									
										
									
										
									
								
							
								
							
								
							
								
							
								
							
						
							
								
									
										
									
										
									
										
									
										
									
										
											
											<td class="fail">FAIL</td>
										
									
										
									
										
									
										
									
										
									
								
							
								
							
								
							
								
							
								
							
						
					</tr>
					
					<tr>
						<td>
							<a href="#arduino%3ambed_nano%3ananorp2040connect"><b>arduino:mbed_nano:nanorp2040connect</b></a>
							<br />
							<small>2.7.2</small>
						</td>

						
							<td>Yes</td>
							<td class="pass">PASS</td>
						
						
						
						

						
							
								
							
								
									
										
									
										
											
											<td class="fail">FAIL</td>
										
									
										
									
										
									
										
									
										
									
										
									
										
									
										
									
								
							
								
							
								
							
								
							
						
							
								
							
								
									
										
									
										
									
										
											
											<td class="fail">FAIL</td>
										
									
										
									
										
									
										
									
										
									
										
									
										
									
								
							
								
							
								
							
								
							
						
							
								
							
								
									
										
									
										
									
										
									
										
											
											<td class="fail">FAIL</td>
										
									
										
									
										
									
										
									
										
									
										
									
								
							
								
							
								
							
								
							
						
							
								
							
								
									
										
									
										
									
										
									
										
									
										
									
										
											
											<td class="fail">FAIL</td>
										
									
										
									
										
									
										
									
								
							
								
							
								
							
								
							
						
							
								
							
								
									
										
									
										
									
										
									
										
									
										
									
										
									
										
											
											<td class="fail">FAIL</td>
										
									
										
									
										
									
								
							
								
							
								
							
								
							
						
							
								
							
								
									
										
									
										
									
										
									
										
									
										
									
										
									
										
									
										
											
											<td class="fail">FAIL</td>
										
									
										
									
								
							
								
							
								
							
								
							
						
							
								
							
								
									
										
									
										
									
										
									
										
									
										
									
										
									
										
									
										
									
										
											
											<td class="fail">FAIL</td>
										
									
								
							
								
							
								
							
								
							
						
							
								
							
								
									
										
											
											<td class="fail">FAIL</td>
										
									
										
									
										
									
										
									
										
									
										
									
										
									
										
									
										
									
								
							
								
							
								
							
								
							
						
							
								
							
								
									
										
									
										
									
										
									
										
									
										
											
											<td class="fail">FAIL</td>
										
									
										
									
										
									
										
									
										
									
								
							
								
							
								
							
								
							
						
					</tr>
					
					<tr>
						<td>
							<a href="#arduino%3amegaavr%3anona4809"><b>arduino:megaavr:nona4809</b></a>
							<br />
							<small>1.8.7</small>
						</td>

						
							<td>Yes</td>
							<td class="pass">PASS</td>
						
						
						
						

						
							
								
							
								
							
								
									
										
									
										
											
											<td class="fail">FAIL</td>
										
									
										
									
										
									
										
									
										
									
										
									
										
									
										
									
								
							
								
							
								
							
						
							
								
							
								
							
								
									
										
									
										
									
										
											
											<td class="fail">FAIL</td>
										
									
										
									
										
									
										
									
										
									
										
									
										
									
								
							
								
							
								
							
						
							
								
							
								
							
								
									
										
									
										
									
										
									
										
											
											<td class="fail">FAIL</td>
										
									
										
									
										
									
										
									
										
									
										
									
								
							
								
							
								
							
						
							
								
							
								
							
								
									
										
									
										
									
										
									
										
									
										
									
										
											
											<td class="fail">FAIL</td>
										
									
										
									
										
									
										
									
								
							
								
							
								
							
						
							
								
							
								
							
								
									
										
									
										
									
										
									
										
									
										
									
										
									
										
											
											<td class="fail">FAIL</td>
										
									
										
									
										
									
								
							
								
							
								
							
						
							
								
							
								
							
								
									
										
									
										
									
										
									
										
									
										
									
										
									
										
									
										
											
											<td class="fail">FAIL</td>
										
									
										
									
								
							
								
							
								
							
						
							
								
							
								
							
								
									
										
									
										
									
										
									
										
									
										
									
										
									
										
									
										
									
										
											
											<td class="fail">FAIL</td>
										
									
								
							
								
							
								
							
						
							
								
							
								
							
								
									
										
											
											<td class="fail">FAIL</td>
										
									
										
									
										
									
										
									
										
									
										
									
										
									
										
									
										
									
								
							
								
							
								
							
						
							
								
							
								
							
								
									
										
									
										
									
										
									
										
									
										
											
											<td class="fail">FAIL</td>
										
									
										
									
										
									
										
									
										
									
								
							
								
							
								
							
						
					</tr>
					
					<tr>
						<td>
							<a href="#arduino%3asamd%3amkrwifi1010"><b>arduino:samd:mkrwifi1010</b></a>
							<br />
							<small>1.8.12</small>
						</td>

						
							<td>Yes</td>
							<td class="pass">PASS</td>
						
						
						
						

						
							
								
							
								
							
								
							
								
									
										
									
										
											
											<td class="fail">FAIL</td>
										
									
										
									
										
									
										
									
										
									
										
									
										
									
										
									
								
							
								
							
						
							
								
							
								
							
								
							
								
									
										
									
										
									
										
											
											<td class="fail">FAIL</td>
										
									
										
									
										
									
										
									
										
									
										
									
										
									
								
							
								
							
						
							
								
							
								
							
								
							
								
									
										
									
										
									
										
									
										
											
											<td class="fail">FAIL</td>
										
									
										
									
										
									
										
									
										
									
										
									
								
							
								
							
						
							
								
							
								
							
								
							
								
									
										
									
										
									
										
									
										
									
										
									
										
											
											<td class="fail">FAIL</td>
										
									
										
									
										
									
										
									
								
							
								
							
						
							
								
							
								
							
								
							
								
									
										
									
										
									
										
									
										
									
										
									
										
									
										
											
											<td class="fail">FAIL</td>
										
									
										
									
										
									
								
							
								
							
						
							
								
							
								
							
								
							
								
									
										
									
										
									
										
									
										
									
										
									
										
									
										
									
										
											
											<td class="fail">FAIL</td>
										
									
										
									
								
							
								
							
						
							
								
							
								
							
								
							
								
									
										
									
										
									
										
									
										
									
										
									
										
									
										
									
										
									
										
											
											<td class="fail">FAIL</td>
										
									
								
							
								
							
						
							
								
							
								
							
								
							
								
									
										
											
											<td class="fail">FAIL</td>
										
									
										
									
										
									
										
									
										
									
										
									
										
									
										
									
										
									
								
							
								
							
						
							
								
							
								
							
								
							
								
									
										
									
										
									
										
									
										
									
										
											
											<td class="fail">FAIL</td>
										
									
										
									
										
									
										
									
										
									
								
							
								
							
						
					</tr>
					
					<tr>
						<td>
							<a href="#esp32%3aesp32%3ad1_mini32"><b>esp32:esp32:d1_mini32</b></a>
							<br />
							<small>1.0.6</small>
						</td>

						
							<td>Yes</td>
							<td class="pass">PASS</td>
						
						
						
						

						
							
								
							
								
							
								
							
								
							
								
									
										
									
										
											
											<td class="fail">FAIL</td>
										
									
										
									
										
									
										
									
										
									
										
									
										
									
										
									
								
							
						
							
								
							
								
							
								
							
								
							
								
									
										
									
										
									
										
											
											<td class="fail">FAIL</td>
										
									
										
									
										
									
										
									
										
									
										
									
										
									
								
							
						
							
								
							
								
							
								
							
								
							
								
									
										
									
										
									
										
									
										
											
											<td class="fail">FAIL</td>
										
									
										
									
										
									
										
									
										
									
										
									
								
							
						
							
								
							
								
							
								
							
								
							
								
									
										
									
										
									
										
									
										
									
										
									
										
											
											<td class="fail">FAIL</td>
										
									
										
									
										
									
										
									
								
							
						
							
								
							
								
							
								
							
								
							
								
									
										
									
										
									
										
									
										
									
										
									
										
									
										
											
											<td class="fail">FAIL</td>
										
									
										
									
										
									
								
							
						
							
								
							
								
							
								
							
								
							
								
									
										
									
										
									
										
									
										
									
										
									
										
									
										
									
										
											
											<td class="fail">FAIL</td>
										
									
										
									
								
							
						
							
								
							
								
							
								
							
								
							
								
									
										
									
										
									
										
									
										
									
										
									
										
									
										
									
										
									
										
											
											<td class="fail">FAIL</td>
										
									
								
							
						
							
								
							
								
							
								
							
								
							
								
									
										
											
											<td class="fail">FAIL</td>
										
									
										
									
										
									
										
									
										
									
										
									
										
									
										
									
										
									
								
							
						
							
								
							
								
							
								
							
								
							
								
									
										
									
										
									
										
									
										
									
										
											
											<td class="fail">FAIL</td>
										
									
										
									
										
									
										
									
										
									
								
							
						
					</tr>
					
				</table>

				<h2>Compilation logs</h2>
				
				<h3 id="arduino:avr:uno">arduino:avr:uno @ 1.8.4</h3>
				<h4>Inclusion</h4>
				<p>
					Result: <b>PASS</b>
					
					<br />This library has no main header file so an empty one was created.
					
				</p>
				<pre class="pre-scrollable">Sketch uses 1636 bytes (5%) of program storage space. Maximum is 32256 bytes.
Global variables use 122 bytes (5%) of dynamic memory, leaving 1926 bytes for local variables. Maximum is 2048 bytes.
</pre>

					
					<h4>examples/BH1750FVI_angle_measurement</h4>
					<p>
						Result: <b>FAIL</b>
					</p>
					<pre class="pre-scrollable">/Users/alranel/Documents/git/arduino/arduino-testlib/cli-datadir/user/libraries/BH1750FVI_RT/examples/BH1750FVI_angle_measurement/BH1750FVI_angle_measurement.ino: In function &#39;float measure(int, bool)&#39;:
/Users/alranel/Documents/git/arduino/arduino-testlib/cli-datadir/user/libraries/BH1750FVI_RT/examples/BH1750FVI_angle_measurement/BH1750FVI_angle_measurement.ino:43:23: error: &#39;class BH1750FVI&#39; has no member named &#39;getLux&#39;
     float val = myLux.getLux();
                       ^~~~~~
/Users/alranel/Documents/git/arduino/arduino-testlib/cli-datadir/user/libraries/BH1750FVI_RT/examples/BH1750FVI_angle_measurement/BH1750FVI_angle_measurement.ino: In function &#39;void setup()&#39;:
/Users/alranel/Documents/git/arduino/arduino-testlib/cli-datadir/user/libraries/BH1750FVI_RT/examples/BH1750FVI_angle_measurement/BH1750FVI_angle_measurement.ino:61:9: error: &#39;class BH1750FVI&#39; has no member named &#39;powerOn&#39;
   myLux.powerOn();
         ^~~~~~~
/Users/alranel/Documents/git/arduino/arduino-testlib/cli-datadir/user/libraries/BH1750FVI_RT/examples/BH1750FVI_angle_measurement/BH1750FVI_angle_measurement.ino:62:9: error: &#39;class BH1750FVI&#39; has no member named &#39;setContHighRes&#39;; did you mean &#39;k_DevModeContHighRes&#39;?
   myLux.setContHighRes();
         ^~~~~~~~~~~~~~
         k_DevModeContHighRes
Multiple libraries were found for &#34;BH1750FVI.h&#34;
  Used: /Users/alranel/Documents/git/arduino/arduino-testlib/cli-datadir/user/libraries/BH1750FVI
  Not used: /Users/alranel/Documents/git/arduino/arduino-testlib/cli-datadir/user/libraries/BH1750FVI_RT
</pre>
					
					<h4>examples/BH1750FVI_async</h4>
					<p>
						Result: <b>FAIL</b>
					</p>
					<pre class="pre-scrollable">/Users/alranel/Documents/git/arduino/arduino-testlib/cli-datadir/user/libraries/BH1750FVI_RT/examples/BH1750FVI_async/BH1750FVI_async.ino: In function &#39;void setup()&#39;:
/Users/alranel/Documents/git/arduino/arduino-testlib/cli-datadir/user/libraries/BH1750FVI_RT/examples/BH1750FVI_async/BH1750FVI_async.ino:27:9: error: &#39;class BH1750FVI&#39; has no member named &#39;powerOn&#39;
   myLux.powerOn();
         ^~~~~~~
/Users/alranel/Documents/git/arduino/arduino-testlib/cli-datadir/user/libraries/BH1750FVI_RT/examples/BH1750FVI_async/BH1750FVI_async.ino:28:9: error: &#39;class BH1750FVI&#39; has no member named &#39;setContHighRes&#39;; did you mean &#39;k_DevModeContHighRes&#39;?
   myLux.setContHighRes();
         ^~~~~~~~~~~~~~
         k_DevModeContHighRes
/Users/alranel/Documents/git/arduino/arduino-testlib/cli-datadir/user/libraries/BH1750FVI_RT/examples/BH1750FVI_async/BH1750FVI_async.ino: In function &#39;void loop()&#39;:
/Users/alranel/Documents/git/arduino/arduino-testlib/cli-datadir/user/libraries/BH1750FVI_RT/examples/BH1750FVI_async/BH1750FVI_async.ino:34:13: error: &#39;class BH1750FVI&#39; has no member named &#39;isReady&#39;
   if (myLux.isReady())
             ^~~~~~~
/Users/alranel/Documents/git/arduino/arduino-testlib/cli-datadir/user/libraries/BH1750FVI_RT/examples/BH1750FVI_async/BH1750FVI_async.ino:36:23: error: &#39;class BH1750FVI&#39; has no member named &#39;getLux&#39;
     float val = myLux.getLux();
                       ^~~~~~
/Users/alranel/Documents/git/arduino/arduino-testlib/cli-datadir/user/libraries/BH1750FVI_RT/examples/BH1750FVI_async/BH1750FVI_async.ino:47:24: error: &#39;class BH1750FVI&#39; has no member named &#39;getMode&#39;; did you mean &#39;SetMode&#39;?
     Serial.print(myLux.getMode());
                        ^~~~~~~
                        SetMode
/Users/alranel/Documents/git/arduino/arduino-testlib/cli-datadir/user/libraries/BH1750FVI_RT/examples/BH1750FVI_async/BH1750FVI_async.ino:49:24: error: &#39;class BH1750FVI&#39; has no member named &#39;getCorrectionFactor&#39;
     Serial.print(myLux.getCorrectionFactor(), 2);
                        ^~~~~~~~~~~~~~~~~~~
/Users/alranel/Documents/git/arduino/arduino-testlib/cli-datadir/user/libraries/BH1750FVI_RT/examples/BH1750FVI_async/BH1750FVI_async.ino:51:32: error: &#39;class BH1750FVI&#39; has no member named &#39;getCorrectionFactor&#39;
     Serial.println(val / myLux.getCorrectionFactor(), 1);
                                ^~~~~~~~~~~~~~~~~~~
/Users/alranel/Documents/git/arduino/arduino-testlib/cli-datadir/user/libraries/BH1750FVI_RT/examples/BH1750FVI_async/BH1750FVI_async.ino:60:11: error: &#39;class BH1750FVI&#39; has no member named &#39;setCorrectionFactor&#39;
     myLux.setCorrectionFactor(correctionFactor);  // 0.45 .. 3.68
           ^~~~~~~~~~~~~~~~~~~
Multiple libraries were found for &#34;BH1750FVI.h&#34;
  Used: /Users/alranel/Documents/git/arduino/arduino-testlib/cli-datadir/user/libraries/BH1750FVI
  Not used: /Users/alranel/Documents/git/arduino/arduino-testlib/cli-datadir/user/libraries/BH1750FVI_RT
</pre>
					
					<h4>examples/BH1750FVI_cont_high_res</h4>
					<p>
						Result: <b>FAIL</b>
					</p>
					<pre class="pre-scrollable">/Users/alranel/Documents/git/arduino/arduino-testlib/cli-datadir/user/libraries/BH1750FVI_RT/examples/BH1750FVI_cont_high_res/BH1750FVI_cont_high_res.ino: In function &#39;void setup()&#39;:
/Users/alranel/Documents/git/arduino/arduino-testlib/cli-datadir/user/libraries/BH1750FVI_RT/examples/BH1750FVI_cont_high_res/BH1750FVI_cont_high_res.ino:29:9: error: &#39;class BH1750FVI&#39; has no member named &#39;powerOn&#39;
   myLux.powerOn();
         ^~~~~~~
/Users/alranel/Documents/git/arduino/arduino-testlib/cli-datadir/user/libraries/BH1750FVI_RT/examples/BH1750FVI_cont_high_res/BH1750FVI_cont_high_res.ino:30:9: error: &#39;class BH1750FVI&#39; has no member named &#39;setContHighRes&#39;; did you mean &#39;k_DevModeContHighRes&#39;?
   myLux.setContHighRes();
         ^~~~~~~~~~~~~~
         k_DevModeContHighRes
/Users/alranel/Documents/git/arduino/arduino-testlib/cli-datadir/user/libraries/BH1750FVI_RT/examples/BH1750FVI_cont_high_res/BH1750FVI_cont_high_res.ino: In function &#39;void loop()&#39;:
/Users/alranel/Documents/git/arduino/arduino-testlib/cli-datadir/user/libraries/BH1750FVI_RT/examples/BH1750FVI_cont_high_res/BH1750FVI_cont_high_res.ino:40:23: error: &#39;class BH1750FVI&#39; has no member named &#39;getLux&#39;
     float val = myLux.getLux();
                       ^~~~~~
Multiple libraries were found for &#34;BH1750FVI.h&#34;
  Used: /Users/alranel/Documents/git/arduino/arduino-testlib/cli-datadir/user/libraries/BH1750FVI
  Not used: /Users/alranel/Documents/git/arduino/arduino-testlib/cli-datadir/user/libraries/BH1750FVI_RT
</pre>
					
					<h4>examples/BH1750FVI_cont_low_res</h4>
					<p>
						Result: <b>FAIL</b>
					</p>
					<pre class="pre-scrollable">/Users/alranel/Documents/git/arduino/arduino-testlib/cli-datadir/user/libraries/BH1750FVI_RT/examples/BH1750FVI_cont_low_res/BH1750FVI_cont_low_res.ino: In function &#39;void setup()&#39;:
/Users/alranel/Documents/git/arduino/arduino-testlib/cli-datadir/user/libraries/BH1750FVI_RT/examples/BH1750FVI_cont_low_res/BH1750FVI_cont_low_res.ino:26:9: error: &#39;class BH1750FVI&#39; has no member named &#39;powerOn&#39;
   myLux.powerOn();
         ^~~~~~~
/Users/alranel/Documents/git/arduino/arduino-testlib/cli-datadir/user/libraries/BH1750FVI_RT/examples/BH1750FVI_cont_low_res/BH1750FVI_cont_low_res.ino:27:9: error: &#39;class BH1750FVI&#39; has no member named &#39;setContLowRes&#39;; did you mean &#39;k_DevModeContLowRes&#39;?
   myLux.setContLowRes();
         ^~~~~~~~~~~~~
         k_DevModeContLowRes
/Users/alranel/Documents/git/arduino/arduino-testlib/cli-datadir/user/libraries/BH1750FVI_RT/examples/BH1750FVI_cont_low_res/BH1750FVI_cont_low_res.ino: In function &#39;void loop()&#39;:
/Users/alranel/Documents/git/arduino/arduino-testlib/cli-datadir/user/libraries/BH1750FVI_RT/examples/BH1750FVI_cont_low_res/BH1750FVI_cont_low_res.ino:37:23: error: &#39;class BH1750FVI&#39; has no member named &#39;getLux&#39;
     float val = myLux.getLux();
                       ^~~~~~
Multiple libraries were found for &#34;BH1750FVI.h&#34;
  Used: /Users/alranel/Documents/git/arduino/arduino-testlib/cli-datadir/user/libraries/BH1750FVI
  Not used: /Users/alranel/Documents/git/arduino/arduino-testlib/cli-datadir/user/libraries/BH1750FVI_RT
</pre>
					
					<h4>examples/BH1750FVI_setAngle</h4>
					<p>
						Result: <b>FAIL</b>
					</p>
					<pre class="pre-scrollable">/Users/alranel/Documents/git/arduino/arduino-testlib/cli-datadir/user/libraries/BH1750FVI_RT/examples/BH1750FVI_setAngle/BH1750FVI_setAngle.ino: In function &#39;void setup()&#39;:
/Users/alranel/Documents/git/arduino/arduino-testlib/cli-datadir/user/libraries/BH1750FVI_RT/examples/BH1750FVI_setAngle/BH1750FVI_setAngle.ino:24:9: error: &#39;class BH1750FVI&#39; has no member named &#39;powerOn&#39;
   myLux.powerOn();
         ^~~~~~~
/Users/alranel/Documents/git/arduino/arduino-testlib/cli-datadir/user/libraries/BH1750FVI_RT/examples/BH1750FVI_setAngle/BH1750FVI_setAngle.ino:25:9: error: &#39;class BH1750FVI&#39; has no member named &#39;setContHighRes&#39;; did you mean &#39;k_DevModeContHighRes&#39;?
   myLux.setContHighRes();
         ^~~~~~~~~~~~~~
         k_DevModeContHighRes
/Users/alranel/Documents/git/arduino/arduino-testlib/cli-datadir/user/libraries/BH1750FVI_RT/examples/BH1750FVI_setAngle/BH1750FVI_setAngle.ino: In function &#39;void loop()&#39;:
/Users/alranel/Documents/git/arduino/arduino-testlib/cli-datadir/user/libraries/BH1750FVI_RT/examples/BH1750FVI_setAngle/BH1750FVI_setAngle.ino:33:11: error: &#39;class BH1750FVI&#39; has no member named &#39;setAngle&#39;
     myLux.setAngle(x);
           ^~~~~~~~
/Users/alranel/Documents/git/arduino/arduino-testlib/cli-datadir/user/libraries/BH1750FVI_RT/examples/BH1750FVI_setAngle/BH1750FVI_setAngle.ino:34:23: error: &#39;class BH1750FVI&#39; has no member named &#39;getLux&#39;
     float val = myLux.getLux();
                       ^~~~~~
/Users/alranel/Documents/git/arduino/arduino-testlib/cli-datadir/user/libraries/BH1750FVI_RT/examples/BH1750FVI_setAngle/BH1750FVI_setAngle.ino:38:24: error: &#39;class BH1750FVI&#39; has no member named &#39;getAngle&#39;
     Serial.print(myLux.getAngle());
                        ^~~~~~~~
Multiple libraries were found for &#34;BH1750FVI.h&#34;
  Used: /Users/alranel/Documents/git/arduino/arduino-testlib/cli-datadir/user/libraries/BH1750FVI
  Not used: /Users/alranel/Documents/git/arduino/arduino-testlib/cli-datadir/user/libraries/BH1750FVI_RT
</pre>
					
					<h4>examples/BH1750FVI_setCorrectionFactor</h4>
					<p>
						Result: <b>FAIL</b>
					</p>
					<pre class="pre-scrollable">/Users/alranel/Documents/git/arduino/arduino-testlib/cli-datadir/user/libraries/BH1750FVI_RT/examples/BH1750FVI_setCorrectionFactor/BH1750FVI_setCorrectionFactor.ino: In function &#39;void setup()&#39;:
/Users/alranel/Documents/git/arduino/arduino-testlib/cli-datadir/user/libraries/BH1750FVI_RT/examples/BH1750FVI_setCorrectionFactor/BH1750FVI_setCorrectionFactor.ino:28:9: error: &#39;class BH1750FVI&#39; has no member named &#39;powerOn&#39;
   myLux.powerOn();
         ^~~~~~~
/Users/alranel/Documents/git/arduino/arduino-testlib/cli-datadir/user/libraries/BH1750FVI_RT/examples/BH1750FVI_setCorrectionFactor/BH1750FVI_setCorrectionFactor.ino:29:9: error: &#39;class BH1750FVI&#39; has no member named &#39;setContHighRes&#39;; did you mean &#39;k_DevModeContHighRes&#39;?
   myLux.setContHighRes();
         ^~~~~~~~~~~~~~
         k_DevModeContHighRes
/Users/alranel/Documents/git/arduino/arduino-testlib/cli-datadir/user/libraries/BH1750FVI_RT/examples/BH1750FVI_setCorrectionFactor/BH1750FVI_setCorrectionFactor.ino: In function &#39;void loop()&#39;:
/Users/alranel/Documents/git/arduino/arduino-testlib/cli-datadir/user/libraries/BH1750FVI_RT/examples/BH1750FVI_setCorrectionFactor/BH1750FVI_setCorrectionFactor.ino:39:23: error: &#39;class BH1750FVI&#39; has no member named &#39;getLux&#39;
     float val = myLux.getLux();
                       ^~~~~~
/Users/alranel/Documents/git/arduino/arduino-testlib/cli-datadir/user/libraries/BH1750FVI_RT/examples/BH1750FVI_setCorrectionFactor/BH1750FVI_setCorrectionFactor.ino:43:24: error: &#39;class BH1750FVI&#39; has no member named &#39;getCorrectionFactor&#39;
     Serial.print(myLux.getCorrectionFactor(), 3);
                        ^~~~~~~~~~~~~~~~~~~
/Users/alranel/Documents/git/arduino/arduino-testlib/cli-datadir/user/libraries/BH1750FVI_RT/examples/BH1750FVI_setCorrectionFactor/BH1750FVI_setCorrectionFactor.ino:45:32: error: &#39;class BH1750FVI&#39; has no member named &#39;getCorrectionFactor&#39;
     Serial.println(val / myLux.getCorrectionFactor(), 1);
                                ^~~~~~~~~~~~~~~~~~~
/Users/alranel/Documents/git/arduino/arduino-testlib/cli-datadir/user/libraries/BH1750FVI_RT/examples/BH1750FVI_setCorrectionFactor/BH1750FVI_setCorrectionFactor.ino:48:11: error: &#39;class BH1750FVI&#39; has no member named &#39;setCorrectionFactor&#39;
     myLux.setCorrectionFactor(correctionFactor);  // 0.45 .. 3.68
           ^~~~~~~~~~~~~~~~~~~
Multiple libraries were found for &#34;BH1750FVI.h&#34;
  Used: /Users/alranel/Documents/git/arduino/arduino-testlib/cli-datadir/user/libraries/BH1750FVI
  Not used: /Users/alranel/Documents/git/arduino/arduino-testlib/cli-datadir/user/libraries/BH1750FVI_RT
</pre>
					
					<h4>examples/BH1750FVI_setTemperature</h4>
					<p>
						Result: <b>FAIL</b>
					</p>
					<pre class="pre-scrollable">/Users/alranel/Documents/git/arduino/arduino-testlib/cli-datadir/user/libraries/BH1750FVI_RT/examples/BH1750FVI_setTemperature/BH1750FVI_setTemperature.ino: In function &#39;void setup()&#39;:
/Users/alranel/Documents/git/arduino/arduino-testlib/cli-datadir/user/libraries/BH1750FVI_RT/examples/BH1750FVI_setTemperature/BH1750FVI_setTemperature.ino:24:9: error: &#39;class BH1750FVI&#39; has no member named &#39;powerOn&#39;
   myLux.powerOn();
         ^~~~~~~
/Users/alranel/Documents/git/arduino/arduino-testlib/cli-datadir/user/libraries/BH1750FVI_RT/examples/BH1750FVI_setTemperature/BH1750FVI_setTemperature.ino:25:9: error: &#39;class BH1750FVI&#39; has no member named &#39;setContHighRes&#39;; did you mean &#39;k_DevModeContHighRes&#39;?
   myLux.setContHighRes();
         ^~~~~~~~~~~~~~
         k_DevModeContHighRes
/Users/alranel/Documents/git/arduino/arduino-testlib/cli-datadir/user/libraries/BH1750FVI_RT/examples/BH1750FVI_setTemperature/BH1750FVI_setTemperature.ino: In function &#39;void loop()&#39;:
/Users/alranel/Documents/git/arduino/arduino-testlib/cli-datadir/user/libraries/BH1750FVI_RT/examples/BH1750FVI_setTemperature/BH1750FVI_setTemperature.ino:33:11: error: &#39;class BH1750FVI&#39; has no member named &#39;setTemperature&#39;
     myLux.setTemperature(t);
           ^~~~~~~~~~~~~~
/Users/alranel/Documents/git/arduino/arduino-testlib/cli-datadir/user/libraries/BH1750FVI_RT/examples/BH1750FVI_setTemperature/BH1750FVI_setTemperature.ino:34:23: error: &#39;class BH1750FVI&#39; has no member named &#39;getLux&#39;
     float val = myLux.getLux();
                       ^~~~~~
/Users/alranel/Documents/git/arduino/arduino-testlib/cli-datadir/user/libraries/BH1750FVI_RT/examples/BH1750FVI_setTemperature/BH1750FVI_setTemperature.ino:38:24: error: &#39;class BH1750FVI&#39; has no member named &#39;getTemperature&#39;
     Serial.print(myLux.getTemperature());
                        ^~~~~~~~~~~~~~
Multiple libraries were found for &#34;BH1750FVI.h&#34;
  Used: /Users/alranel/Documents/git/arduino/arduino-testlib/cli-datadir/user/libraries/BH1750FVI
  Not used: /Users/alranel/Documents/git/arduino/arduino-testlib/cli-datadir/user/libraries/BH1750FVI_RT
</pre>
					
					<h4>examples/BH1750FVI_setWaveLength</h4>
					<p>
						Result: <b>FAIL</b>
					</p>
					<pre class="pre-scrollable">/Users/alranel/Documents/git/arduino/arduino-testlib/cli-datadir/user/libraries/BH1750FVI_RT/examples/BH1750FVI_setWaveLength/BH1750FVI_setWaveLength.ino: In function &#39;void setup()&#39;:
/Users/alranel/Documents/git/arduino/arduino-testlib/cli-datadir/user/libraries/BH1750FVI_RT/examples/BH1750FVI_setWaveLength/BH1750FVI_setWaveLength.ino:24:9: error: &#39;class BH1750FVI&#39; has no member named &#39;powerOn&#39;
   myLux.powerOn();
         ^~~~~~~
/Users/alranel/Documents/git/arduino/arduino-testlib/cli-datadir/user/libraries/BH1750FVI_RT/examples/BH1750FVI_setWaveLength/BH1750FVI_setWaveLength.ino:25:9: error: &#39;class BH1750FVI&#39; has no member named &#39;setContHighRes&#39;; did you mean &#39;k_DevModeContHighRes&#39;?
   myLux.setContHighRes();
         ^~~~~~~~~~~~~~
         k_DevModeContHighRes
/Users/alranel/Documents/git/arduino/arduino-testlib/cli-datadir/user/libraries/BH1750FVI_RT/examples/BH1750FVI_setWaveLength/BH1750FVI_setWaveLength.ino:29:11: error: &#39;class BH1750FVI&#39; has no member named &#39;setWaveLength&#39;
     myLux.setWaveLength(wl);
           ^~~~~~~~~~~~~
/Users/alranel/Documents/git/arduino/arduino-testlib/cli-datadir/user/libraries/BH1750FVI_RT/examples/BH1750FVI_setWaveLength/BH1750FVI_setWaveLength.ino:30:23: error: &#39;class BH1750FVI&#39; has no member named &#39;getLux&#39;
     float val = myLux.getLux();
                       ^~~~~~
/Users/alranel/Documents/git/arduino/arduino-testlib/cli-datadir/user/libraries/BH1750FVI_RT/examples/BH1750FVI_setWaveLength/BH1750FVI_setWaveLength.ino:34:24: error: &#39;class BH1750FVI&#39; has no member named &#39;getWaveLength&#39;
     Serial.print(myLux.getWaveLength());
                        ^~~~~~~~~~~~~
Multiple libraries were found for &#34;BH1750FVI.h&#34;
  Used: /Users/alranel/Documents/git/arduino/arduino-testlib/cli-datadir/user/libraries/BH1750FVI
  Not used: /Users/alranel/Documents/git/arduino/arduino-testlib/cli-datadir/user/libraries/BH1750FVI_RT
</pre>
					
					<h4>examples/BH1750FVI_single_shot_3_res</h4>
					<p>
						Result: <b>FAIL</b>
					</p>
					<pre class="pre-scrollable">/Users/alranel/Documents/git/arduino/arduino-testlib/cli-datadir/user/libraries/BH1750FVI_RT/examples/BH1750FVI_single_shot_3_res/BH1750FVI_single_shot_3_res.ino: In function &#39;void setup()&#39;:
/Users/alranel/Documents/git/arduino/arduino-testlib/cli-datadir/user/libraries/BH1750FVI_RT/examples/BH1750FVI_single_shot_3_res/BH1750FVI_single_shot_3_res.ino:28:9: error: &#39;class BH1750FVI&#39; has no member named &#39;powerOn&#39;
   myLux.powerOn();
         ^~~~~~~
/Users/alranel/Documents/git/arduino/arduino-testlib/cli-datadir/user/libraries/BH1750FVI_RT/examples/BH1750FVI_single_shot_3_res/BH1750FVI_single_shot_3_res.ino:29:9: error: &#39;class BH1750FVI&#39; has no member named &#39;setContLowRes&#39;; did you mean &#39;k_DevModeContLowRes&#39;?
   myLux.setContLowRes();
         ^~~~~~~~~~~~~
         k_DevModeContLowRes
/Users/alranel/Documents/git/arduino/arduino-testlib/cli-datadir/user/libraries/BH1750FVI_RT/examples/BH1750FVI_single_shot_3_res/BH1750FVI_single_shot_3_res.ino: In function &#39;void loop()&#39;:
/Users/alranel/Documents/git/arduino/arduino-testlib/cli-datadir/user/libraries/BH1750FVI_RT/examples/BH1750FVI_single_shot_3_res/BH1750FVI_single_shot_3_res.ino:40:9: error: &#39;class BH1750FVI&#39; has no member named &#39;setOnceLowRes&#39;
   myLux.setOnceLowRes();
         ^~~~~~~~~~~~~
/Users/alranel/Documents/git/arduino/arduino-testlib/cli-datadir/user/libraries/BH1750FVI_RT/examples/BH1750FVI_single_shot_3_res/BH1750FVI_single_shot_3_res.ino:42:15: error: &#39;class BH1750FVI&#39; has no member named &#39;getLux&#39;
   val = myLux.getLux();
               ^~~~~~
/Users/alranel/Documents/git/arduino/arduino-testlib/cli-datadir/user/libraries/BH1750FVI_RT/examples/BH1750FVI_single_shot_3_res/BH1750FVI_single_shot_3_res.ino:46:9: error: &#39;class BH1750FVI&#39; has no member named &#39;setOnceHighRes&#39;
   myLux.setOnceHighRes();
         ^~~~~~~~~~~~~~
/Users/alranel/Documents/git/arduino/arduino-testlib/cli-datadir/user/libraries/BH1750FVI_RT/examples/BH1750FVI_single_shot_3_res/BH1750FVI_single_shot_3_res.ino:48:15: error: &#39;class BH1750FVI&#39; has no member named &#39;getLux&#39;
   val = myLux.getLux();
               ^~~~~~
/Users/alranel/Documents/git/arduino/arduino-testlib/cli-datadir/user/libraries/BH1750FVI_RT/examples/BH1750FVI_single_shot_3_res/BH1750FVI_single_shot_3_res.ino:52:9: error: &#39;class BH1750FVI&#39; has no member named &#39;setOnceHigh2Res&#39;
   myLux.setOnceHigh2Res();
         ^~~~~~~~~~~~~~~
/Users/alranel/Documents/git/arduino/arduino-testlib/cli-datadir/user/libraries/BH1750FVI_RT/examples/BH1750FVI_single_shot_3_res/BH1750FVI_single_shot_3_res.ino:54:15: error: &#39;class BH1750FVI&#39; has no member named &#39;getLux&#39;
   val = myLux.getLux();
               ^~~~~~
/Users/alranel/Documents/git/arduino/arduino-testlib/cli-datadir/user/libraries/BH1750FVI_RT/examples/BH1750FVI_single_shot_3_res/BH1750FVI_single_shot_3_res.ino:58:9: error: &#39;class BH1750FVI&#39; has no member named &#39;setOnceHighRes&#39;
   myLux.setOnceHighRes();
         ^~~~~~~~~~~~~~
/Users/alranel/Documents/git/arduino/arduino-testlib/cli-datadir/user/libraries/BH1750FVI_RT/examples/BH1750FVI_single_shot_3_res/BH1750FVI_single_shot_3_res.ino:60:15: error: &#39;class BH1750FVI&#39; has no member named &#39;getRaw&#39;
   val = myLux.getRaw();
               ^~~~~~
Multiple libraries were found for &#34;BH1750FVI.h&#34;
  Used: /Users/alranel/Documents/git/arduino/arduino-testlib/cli-datadir/user/libraries/BH1750FVI
  Not used: /Users/alranel/Documents/git/arduino/arduino-testlib/cli-datadir/user/libraries/BH1750FVI_RT
</pre>
					
				
				<h3 id="arduino:mbed_nano:nanorp2040connect">arduino:mbed_nano:nanorp2040connect @ 2.7.2</h3>
				<h4>Inclusion</h4>
				<p>
					Result: <b>PASS</b>
					
					<br />This library has no main header file so an empty one was created.
					
				</p>
				<pre class="pre-scrollable">Sketch uses 81706 bytes (0%) of program storage space. Maximum is 16777216 bytes.
Global variables use 44220 bytes (16%) of dynamic memory, leaving 226116 bytes for local variables. Maximum is 270336 bytes.
</pre>

					
					<h4>examples/BH1750FVI_angle_measurement</h4>
					<p>
						Result: <b>FAIL</b>
					</p>
					<pre class="pre-scrollable">/home/ec2-user/arduino-testlib/cli-datadir/user/libraries/BH1750FVI_RT/examples/BH1750FVI_angle_measurement/BH1750FVI_angle_measurement.ino:30:21: error: invalid conversion from &#39;int&#39; to &#39;BH1750FVI::eDeviceMode_t {aka BH1750FVI::eDeviceMode}&#39; [-fpermissive]
 BH1750FVI myLux(0x23);
                     ^
In file included from /home/ec2-user/arduino-testlib/cli-datadir/user/libraries/BH1750FVI_RT/examples/BH1750FVI_angle_measurement/BH1750FVI_angle_measurement.ino:28:0:
/home/ec2-user/arduino-testlib/cli-datadir/user/libraries/BH1750FVI/src/BH1750FVI.h:68:5: note:   initializing argument 1 of &#39;BH1750FVI::BH1750FVI(BH1750FVI::eDeviceMode_t)&#39;
     BH1750FVI(eDeviceMode_t DeviceMode);
     ^~~~~~~~~
/home/ec2-user/arduino-testlib/cli-datadir/user/libraries/BH1750FVI_RT/examples/BH1750FVI_angle_measurement/BH1750FVI_angle_measurement.ino: In function &#39;float measure(int, bool)&#39;:
/home/ec2-user/arduino-testlib/cli-datadir/user/libraries/BH1750FVI_RT/examples/BH1750FVI_angle_measurement/BH1750FVI_angle_measurement.ino:43:23: error: &#39;class BH1750FVI&#39; has no member named &#39;getLux&#39;
     float val = myLux.getLux();
                       ^~~~~~
/home/ec2-user/arduino-testlib/cli-datadir/user/libraries/BH1750FVI_RT/examples/BH1750FVI_angle_measurement/BH1750FVI_angle_measurement.ino: In function &#39;void setup()&#39;:
/home/ec2-user/arduino-testlib/cli-datadir/user/libraries/BH1750FVI_RT/examples/BH1750FVI_angle_measurement/BH1750FVI_angle_measurement.ino:61:9: error: &#39;class BH1750FVI&#39; has no member named &#39;powerOn&#39;
   myLux.powerOn();
         ^~~~~~~
/home/ec2-user/arduino-testlib/cli-datadir/user/libraries/BH1750FVI_RT/examples/BH1750FVI_angle_measurement/BH1750FVI_angle_measurement.ino:62:9: error: &#39;class BH1750FVI&#39; has no member named &#39;setContHighRes&#39;; did you mean &#39;k_DevModeContHighRes&#39;?
   myLux.setContHighRes();
         ^~~~~~~~~~~~~~
         k_DevModeContHighRes
Multiple libraries were found for &#34;BH1750FVI.h&#34;
  Used: /home/ec2-user/arduino-testlib/cli-datadir/user/libraries/BH1750FVI
  Not used: /home/ec2-user/arduino-testlib/cli-datadir/user/libraries/BH1750FVI_RT
</pre>
					
					<h4>examples/BH1750FVI_async</h4>
					<p>
						Result: <b>FAIL</b>
					</p>
					<pre class="pre-scrollable">/home/ec2-user/arduino-testlib/cli-datadir/user/libraries/BH1750FVI_RT/examples/BH1750FVI_async/BH1750FVI_async.ino:12:21: error: invalid conversion from &#39;int&#39; to &#39;BH1750FVI::eDeviceMode_t {aka BH1750FVI::eDeviceMode}&#39; [-fpermissive]
 BH1750FVI myLux(0x23);
                     ^
In file included from /home/ec2-user/arduino-testlib/cli-datadir/user/libraries/BH1750FVI_RT/examples/BH1750FVI_async/BH1750FVI_async.ino:10:0:
/home/ec2-user/arduino-testlib/cli-datadir/user/libraries/BH1750FVI/src/BH1750FVI.h:68:5: note:   initializing argument 1 of &#39;BH1750FVI::BH1750FVI(BH1750FVI::eDeviceMode_t)&#39;
     BH1750FVI(eDeviceMode_t DeviceMode);
     ^~~~~~~~~
/home/ec2-user/arduino-testlib/cli-datadir/user/libraries/BH1750FVI_RT/examples/BH1750FVI_async/BH1750FVI_async.ino: In function &#39;void setup()&#39;:
/home/ec2-user/arduino-testlib/cli-datadir/user/libraries/BH1750FVI_RT/examples/BH1750FVI_async/BH1750FVI_async.ino:27:9: error: &#39;class BH1750FVI&#39; has no member named &#39;powerOn&#39;
   myLux.powerOn();
         ^~~~~~~
/home/ec2-user/arduino-testlib/cli-datadir/user/libraries/BH1750FVI_RT/examples/BH1750FVI_async/BH1750FVI_async.ino:28:9: error: &#39;class BH1750FVI&#39; has no member named &#39;setContHighRes&#39;; did you mean &#39;k_DevModeContHighRes&#39;?
   myLux.setContHighRes();
         ^~~~~~~~~~~~~~
         k_DevModeContHighRes
/home/ec2-user/arduino-testlib/cli-datadir/user/libraries/BH1750FVI_RT/examples/BH1750FVI_async/BH1750FVI_async.ino: In function &#39;void loop()&#39;:
/home/ec2-user/arduino-testlib/cli-datadir/user/libraries/BH1750FVI_RT/examples/BH1750FVI_async/BH1750FVI_async.ino:34:13: error: &#39;class BH1750FVI&#39; has no member named &#39;isReady&#39;
   if (myLux.isReady())
             ^~~~~~~
/home/ec2-user/arduino-testlib/cli-datadir/user/libraries/BH1750FVI_RT/examples/BH1750FVI_async/BH1750FVI_async.ino:36:23: error: &#39;class BH1750FVI&#39; has no member named &#39;getLux&#39;
     float val = myLux.getLux();
                       ^~~~~~
/home/ec2-user/arduino-testlib/cli-datadir/user/libraries/BH1750FVI_RT/examples/BH1750FVI_async/BH1750FVI_async.ino:47:24: error: &#39;class BH1750FVI&#39; has no member named &#39;getMode&#39;; did you mean &#39;SetMode&#39;?
     Serial.print(myLux.getMode());
                        ^~~~~~~
                        SetMode
/home/ec2-user/arduino-testlib/cli-datadir/user/libraries/BH1750FVI_RT/examples/BH1750FVI_async/BH1750FVI_async.ino:49:24: error: &#39;class BH1750FVI&#39; has no member named &#39;getCorrectionFactor&#39;
     Serial.print(myLux.getCorrectionFactor(), 2);
                        ^~~~~~~~~~~~~~~~~~~
/home/ec2-user/arduino-testlib/cli-datadir/user/libraries/BH1750FVI_RT/examples/BH1750FVI_async/BH1750FVI_async.ino:51:32: error: &#39;class BH1750FVI&#39; has no member named &#39;getCorrectionFactor&#39;
     Serial.println(val / myLux.getCorrectionFactor(), 1);
                                ^~~~~~~~~~~~~~~~~~~
/home/ec2-user/arduino-testlib/cli-datadir/user/libraries/BH1750FVI_RT/examples/BH1750FVI_async/BH1750FVI_async.ino:60:11: error: &#39;class BH1750FVI&#39; has no member named &#39;setCorrectionFactor&#39;
     myLux.setCorrectionFactor(correctionFactor);  // 0.45 .. 3.68
           ^~~~~~~~~~~~~~~~~~~
Multiple libraries were found for &#34;BH1750FVI.h&#34;
  Used: /home/ec2-user/arduino-testlib/cli-datadir/user/libraries/BH1750FVI
  Not used: /home/ec2-user/arduino-testlib/cli-datadir/user/libraries/BH1750FVI_RT
</pre>
					
					<h4>examples/BH1750FVI_cont_high_res</h4>
					<p>
						Result: <b>FAIL</b>
					</p>
					<pre class="pre-scrollable">/home/ec2-user/arduino-testlib/cli-datadir/user/libraries/BH1750FVI_RT/examples/BH1750FVI_cont_high_res/BH1750FVI_cont_high_res.ino:15:21: error: invalid conversion from &#39;int&#39; to &#39;BH1750FVI::eDeviceMode_t {aka BH1750FVI::eDeviceMode}&#39; [-fpermissive]
 BH1750FVI myLux(0x23);
                     ^
In file included from /home/ec2-user/arduino-testlib/cli-datadir/user/libraries/BH1750FVI_RT/examples/BH1750FVI_cont_high_res/BH1750FVI_cont_high_res.ino:13:0:
/home/ec2-user/arduino-testlib/cli-datadir/user/libraries/BH1750FVI/src/BH1750FVI.h:68:5: note:   initializing argument 1 of &#39;BH1750FVI::BH1750FVI(BH1750FVI::eDeviceMode_t)&#39;
     BH1750FVI(eDeviceMode_t DeviceMode);
     ^~~~~~~~~
/home/ec2-user/arduino-testlib/cli-datadir/user/libraries/BH1750FVI_RT/examples/BH1750FVI_cont_high_res/BH1750FVI_cont_high_res.ino: In function &#39;void setup()&#39;:
/home/ec2-user/arduino-testlib/cli-datadir/user/libraries/BH1750FVI_RT/examples/BH1750FVI_cont_high_res/BH1750FVI_cont_high_res.ino:29:9: error: &#39;class BH1750FVI&#39; has no member named &#39;powerOn&#39;
   myLux.powerOn();
         ^~~~~~~
/home/ec2-user/arduino-testlib/cli-datadir/user/libraries/BH1750FVI_RT/examples/BH1750FVI_cont_high_res/BH1750FVI_cont_high_res.ino:30:9: error: &#39;class BH1750FVI&#39; has no member named &#39;setContHighRes&#39;; did you mean &#39;k_DevModeContHighRes&#39;?
   myLux.setContHighRes();
         ^~~~~~~~~~~~~~
         k_DevModeContHighRes
/home/ec2-user/arduino-testlib/cli-datadir/user/libraries/BH1750FVI_RT/examples/BH1750FVI_cont_high_res/BH1750FVI_cont_high_res.ino: In function &#39;void loop()&#39;:
/home/ec2-user/arduino-testlib/cli-datadir/user/libraries/BH1750FVI_RT/examples/BH1750FVI_cont_high_res/BH1750FVI_cont_high_res.ino:40:23: error: &#39;class BH1750FVI&#39; has no member named &#39;getLux&#39;
     float val = myLux.getLux();
                       ^~~~~~
Multiple libraries were found for &#34;BH1750FVI.h&#34;
  Used: /home/ec2-user/arduino-testlib/cli-datadir/user/libraries/BH1750FVI
  Not used: /home/ec2-user/arduino-testlib/cli-datadir/user/libraries/BH1750FVI_RT
</pre>
					
					<h4>examples/BH1750FVI_cont_low_res</h4>
					<p>
						Result: <b>FAIL</b>
					</p>
					<pre class="pre-scrollable">/home/ec2-user/arduino-testlib/cli-datadir/user/libraries/BH1750FVI_RT/examples/BH1750FVI_cont_low_res/BH1750FVI_cont_low_res.ino:12:21: error: invalid conversion from &#39;int&#39; to &#39;BH1750FVI::eDeviceMode_t {aka BH1750FVI::eDeviceMode}&#39; [-fpermissive]
 BH1750FVI myLux(0x23);
                     ^
In file included from /home/ec2-user/arduino-testlib/cli-datadir/user/libraries/BH1750FVI_RT/examples/BH1750FVI_cont_low_res/BH1750FVI_cont_low_res.ino:10:0:
/home/ec2-user/arduino-testlib/cli-datadir/user/libraries/BH1750FVI/src/BH1750FVI.h:68:5: note:   initializing argument 1 of &#39;BH1750FVI::BH1750FVI(BH1750FVI::eDeviceMode_t)&#39;
     BH1750FVI(eDeviceMode_t DeviceMode);
     ^~~~~~~~~
/home/ec2-user/arduino-testlib/cli-datadir/user/libraries/BH1750FVI_RT/examples/BH1750FVI_cont_low_res/BH1750FVI_cont_low_res.ino: In function &#39;void setup()&#39;:
/home/ec2-user/arduino-testlib/cli-datadir/user/libraries/BH1750FVI_RT/examples/BH1750FVI_cont_low_res/BH1750FVI_cont_low_res.ino:26:9: error: &#39;class BH1750FVI&#39; has no member named &#39;powerOn&#39;
   myLux.powerOn();
         ^~~~~~~
/home/ec2-user/arduino-testlib/cli-datadir/user/libraries/BH1750FVI_RT/examples/BH1750FVI_cont_low_res/BH1750FVI_cont_low_res.ino:27:9: error: &#39;class BH1750FVI&#39; has no member named &#39;setContLowRes&#39;; did you mean &#39;k_DevModeContLowRes&#39;?
   myLux.setContLowRes();
         ^~~~~~~~~~~~~
         k_DevModeContLowRes
/home/ec2-user/arduino-testlib/cli-datadir/user/libraries/BH1750FVI_RT/examples/BH1750FVI_cont_low_res/BH1750FVI_cont_low_res.ino: In function &#39;void loop()&#39;:
/home/ec2-user/arduino-testlib/cli-datadir/user/libraries/BH1750FVI_RT/examples/BH1750FVI_cont_low_res/BH1750FVI_cont_low_res.ino:37:23: error: &#39;class BH1750FVI&#39; has no member named &#39;getLux&#39;
     float val = myLux.getLux();
                       ^~~~~~
Multiple libraries were found for &#34;BH1750FVI.h&#34;
  Used: /home/ec2-user/arduino-testlib/cli-datadir/user/libraries/BH1750FVI
  Not used: /home/ec2-user/arduino-testlib/cli-datadir/user/libraries/BH1750FVI_RT
</pre>
					
					<h4>examples/BH1750FVI_setAngle</h4>
					<p>
						Result: <b>FAIL</b>
					</p>
					<pre class="pre-scrollable">/home/ec2-user/arduino-testlib/cli-datadir/user/libraries/BH1750FVI_RT/examples/BH1750FVI_setAngle/BH1750FVI_setAngle.ino:12:21: error: invalid conversion from &#39;int&#39; to &#39;BH1750FVI::eDeviceMode_t {aka BH1750FVI::eDeviceMode}&#39; [-fpermissive]
 BH1750FVI myLux(0x23);
                     ^
In file included from /home/ec2-user/arduino-testlib/cli-datadir/user/libraries/BH1750FVI_RT/examples/BH1750FVI_setAngle/BH1750FVI_setAngle.ino:10:0:
/home/ec2-user/arduino-testlib/cli-datadir/user/libraries/BH1750FVI/src/BH1750FVI.h:68:5: note:   initializing argument 1 of &#39;BH1750FVI::BH1750FVI(BH1750FVI::eDeviceMode_t)&#39;
     BH1750FVI(eDeviceMode_t DeviceMode);
     ^~~~~~~~~
/home/ec2-user/arduino-testlib/cli-datadir/user/libraries/BH1750FVI_RT/examples/BH1750FVI_setAngle/BH1750FVI_setAngle.ino: In function &#39;void setup()&#39;:
/home/ec2-user/arduino-testlib/cli-datadir/user/libraries/BH1750FVI_RT/examples/BH1750FVI_setAngle/BH1750FVI_setAngle.ino:24:9: error: &#39;class BH1750FVI&#39; has no member named &#39;powerOn&#39;
   myLux.powerOn();
         ^~~~~~~
/home/ec2-user/arduino-testlib/cli-datadir/user/libraries/BH1750FVI_RT/examples/BH1750FVI_setAngle/BH1750FVI_setAngle.ino:25:9: error: &#39;class BH1750FVI&#39; has no member named &#39;setContHighRes&#39;; did you mean &#39;k_DevModeContHighRes&#39;?
   myLux.setContHighRes();
         ^~~~~~~~~~~~~~
         k_DevModeContHighRes
/home/ec2-user/arduino-testlib/cli-datadir/user/libraries/BH1750FVI_RT/examples/BH1750FVI_setAngle/BH1750FVI_setAngle.ino: In function &#39;void loop()&#39;:
/home/ec2-user/arduino-testlib/cli-datadir/user/libraries/BH1750FVI_RT/examples/BH1750FVI_setAngle/BH1750FVI_setAngle.ino:33:11: error: &#39;class BH1750FVI&#39; has no member named &#39;setAngle&#39;
     myLux.setAngle(x);
           ^~~~~~~~
/home/ec2-user/arduino-testlib/cli-datadir/user/libraries/BH1750FVI_RT/examples/BH1750FVI_setAngle/BH1750FVI_setAngle.ino:34:23: error: &#39;class BH1750FVI&#39; has no member named &#39;getLux&#39;
     float val = myLux.getLux();
                       ^~~~~~
/home/ec2-user/arduino-testlib/cli-datadir/user/libraries/BH1750FVI_RT/examples/BH1750FVI_setAngle/BH1750FVI_setAngle.ino:38:24: error: &#39;class BH1750FVI&#39; has no member named &#39;getAngle&#39;
     Serial.print(myLux.getAngle());
                        ^~~~~~~~
Multiple libraries were found for &#34;BH1750FVI.h&#34;
  Used: /home/ec2-user/arduino-testlib/cli-datadir/user/libraries/BH1750FVI
  Not used: /home/ec2-user/arduino-testlib/cli-datadir/user/libraries/BH1750FVI_RT
</pre>
					
					<h4>examples/BH1750FVI_setCorrectionFactor</h4>
					<p>
						Result: <b>FAIL</b>
					</p>
					<pre class="pre-scrollable">/home/ec2-user/arduino-testlib/cli-datadir/user/libraries/BH1750FVI_RT/examples/BH1750FVI_setCorrectionFactor/BH1750FVI_setCorrectionFactor.ino:12:21: error: invalid conversion from &#39;int&#39; to &#39;BH1750FVI::eDeviceMode_t {aka BH1750FVI::eDeviceMode}&#39; [-fpermissive]
 BH1750FVI myLux(0x23);
                     ^
In file included from /home/ec2-user/arduino-testlib/cli-datadir/user/libraries/BH1750FVI_RT/examples/BH1750FVI_setCorrectionFactor/BH1750FVI_setCorrectionFactor.ino:10:0:
/home/ec2-user/arduino-testlib/cli-datadir/user/libraries/BH1750FVI/src/BH1750FVI.h:68:5: note:   initializing argument 1 of &#39;BH1750FVI::BH1750FVI(BH1750FVI::eDeviceMode_t)&#39;
     BH1750FVI(eDeviceMode_t DeviceMode);
     ^~~~~~~~~
/home/ec2-user/arduino-testlib/cli-datadir/user/libraries/BH1750FVI_RT/examples/BH1750FVI_setCorrectionFactor/BH1750FVI_setCorrectionFactor.ino: In function &#39;void setup()&#39;:
/home/ec2-user/arduino-testlib/cli-datadir/user/libraries/BH1750FVI_RT/examples/BH1750FVI_setCorrectionFactor/BH1750FVI_setCorrectionFactor.ino:28:9: error: &#39;class BH1750FVI&#39; has no member named &#39;powerOn&#39;
   myLux.powerOn();
         ^~~~~~~
/home/ec2-user/arduino-testlib/cli-datadir/user/libraries/BH1750FVI_RT/examples/BH1750FVI_setCorrectionFactor/BH1750FVI_setCorrectionFactor.ino:29:9: error: &#39;class BH1750FVI&#39; has no member named &#39;setContHighRes&#39;; did you mean &#39;k_DevModeContHighRes&#39;?
   myLux.setContHighRes();
         ^~~~~~~~~~~~~~
         k_DevModeContHighRes
/home/ec2-user/arduino-testlib/cli-datadir/user/libraries/BH1750FVI_RT/examples/BH1750FVI_setCorrectionFactor/BH1750FVI_setCorrectionFactor.ino: In function &#39;void loop()&#39;:
/home/ec2-user/arduino-testlib/cli-datadir/user/libraries/BH1750FVI_RT/examples/BH1750FVI_setCorrectionFactor/BH1750FVI_setCorrectionFactor.ino:39:23: error: &#39;class BH1750FVI&#39; has no member named &#39;getLux&#39;
     float val = myLux.getLux();
                       ^~~~~~
/home/ec2-user/arduino-testlib/cli-datadir/user/libraries/BH1750FVI_RT/examples/BH1750FVI_setCorrectionFactor/BH1750FVI_setCorrectionFactor.ino:43:24: error: &#39;class BH1750FVI&#39; has no member named &#39;getCorrectionFactor&#39;
     Serial.print(myLux.getCorrectionFactor(), 3);
                        ^~~~~~~~~~~~~~~~~~~
/home/ec2-user/arduino-testlib/cli-datadir/user/libraries/BH1750FVI_RT/examples/BH1750FVI_setCorrectionFactor/BH1750FVI_setCorrectionFactor.ino:45:32: error: &#39;class BH1750FVI&#39; has no member named &#39;getCorrectionFactor&#39;
     Serial.println(val / myLux.getCorrectionFactor(), 1);
                                ^~~~~~~~~~~~~~~~~~~
/home/ec2-user/arduino-testlib/cli-datadir/user/libraries/BH1750FVI_RT/examples/BH1750FVI_setCorrectionFactor/BH1750FVI_setCorrectionFactor.ino:48:11: error: &#39;class BH1750FVI&#39; has no member named &#39;setCorrectionFactor&#39;
     myLux.setCorrectionFactor(correctionFactor);  // 0.45 .. 3.68
           ^~~~~~~~~~~~~~~~~~~
Multiple libraries were found for &#34;BH1750FVI.h&#34;
  Used: /home/ec2-user/arduino-testlib/cli-datadir/user/libraries/BH1750FVI
  Not used: /home/ec2-user/arduino-testlib/cli-datadir/user/libraries/BH1750FVI_RT
</pre>
					
					<h4>examples/BH1750FVI_setTemperature</h4>
					<p>
						Result: <b>FAIL</b>
					</p>
					<pre class="pre-scrollable">/home/ec2-user/arduino-testlib/cli-datadir/user/libraries/BH1750FVI_RT/examples/BH1750FVI_setTemperature/BH1750FVI_setTemperature.ino:12:21: error: invalid conversion from &#39;int&#39; to &#39;BH1750FVI::eDeviceMode_t {aka BH1750FVI::eDeviceMode}&#39; [-fpermissive]
 BH1750FVI myLux(0x23);
                     ^
In file included from /home/ec2-user/arduino-testlib/cli-datadir/user/libraries/BH1750FVI_RT/examples/BH1750FVI_setTemperature/BH1750FVI_setTemperature.ino:10:0:
/home/ec2-user/arduino-testlib/cli-datadir/user/libraries/BH1750FVI/src/BH1750FVI.h:68:5: note:   initializing argument 1 of &#39;BH1750FVI::BH1750FVI(BH1750FVI::eDeviceMode_t)&#39;
     BH1750FVI(eDeviceMode_t DeviceMode);
     ^~~~~~~~~
/home/ec2-user/arduino-testlib/cli-datadir/user/libraries/BH1750FVI_RT/examples/BH1750FVI_setTemperature/BH1750FVI_setTemperature.ino: In function &#39;void setup()&#39;:
/home/ec2-user/arduino-testlib/cli-datadir/user/libraries/BH1750FVI_RT/examples/BH1750FVI_setTemperature/BH1750FVI_setTemperature.ino:24:9: error: &#39;class BH1750FVI&#39; has no member named &#39;powerOn&#39;
   myLux.powerOn();
         ^~~~~~~
/home/ec2-user/arduino-testlib/cli-datadir/user/libraries/BH1750FVI_RT/examples/BH1750FVI_setTemperature/BH1750FVI_setTemperature.ino:25:9: error: &#39;class BH1750FVI&#39; has no member named &#39;setContHighRes&#39;; did you mean &#39;k_DevModeContHighRes&#39;?
   myLux.setContHighRes();
         ^~~~~~~~~~~~~~
         k_DevModeContHighRes
/home/ec2-user/arduino-testlib/cli-datadir/user/libraries/BH1750FVI_RT/examples/BH1750FVI_setTemperature/BH1750FVI_setTemperature.ino: In function &#39;void loop()&#39;:
/home/ec2-user/arduino-testlib/cli-datadir/user/libraries/BH1750FVI_RT/examples/BH1750FVI_setTemperature/BH1750FVI_setTemperature.ino:33:11: error: &#39;class BH1750FVI&#39; has no member named &#39;setTemperature&#39;
     myLux.setTemperature(t);
           ^~~~~~~~~~~~~~
/home/ec2-user/arduino-testlib/cli-datadir/user/libraries/BH1750FVI_RT/examples/BH1750FVI_setTemperature/BH1750FVI_setTemperature.ino:34:23: error: &#39;class BH1750FVI&#39; has no member named &#39;getLux&#39;
     float val = myLux.getLux();
                       ^~~~~~
/home/ec2-user/arduino-testlib/cli-datadir/user/libraries/BH1750FVI_RT/examples/BH1750FVI_setTemperature/BH1750FVI_setTemperature.ino:38:24: error: &#39;class BH1750FVI&#39; has no member named &#39;getTemperature&#39;
     Serial.print(myLux.getTemperature());
                        ^~~~~~~~~~~~~~
Multiple libraries were found for &#34;BH1750FVI.h&#34;
  Used: /home/ec2-user/arduino-testlib/cli-datadir/user/libraries/BH1750FVI
  Not used: /home/ec2-user/arduino-testlib/cli-datadir/user/libraries/BH1750FVI_RT
</pre>
					
					<h4>examples/BH1750FVI_setWaveLength</h4>
					<p>
						Result: <b>FAIL</b>
					</p>
					<pre class="pre-scrollable">/home/ec2-user/arduino-testlib/cli-datadir/user/libraries/BH1750FVI_RT/examples/BH1750FVI_setWaveLength/BH1750FVI_setWaveLength.ino:12:21: error: invalid conversion from &#39;int&#39; to &#39;BH1750FVI::eDeviceMode_t {aka BH1750FVI::eDeviceMode}&#39; [-fpermissive]
 BH1750FVI myLux(0x23);
                     ^
In file included from /home/ec2-user/arduino-testlib/cli-datadir/user/libraries/BH1750FVI_RT/examples/BH1750FVI_setWaveLength/BH1750FVI_setWaveLength.ino:10:0:
/home/ec2-user/arduino-testlib/cli-datadir/user/libraries/BH1750FVI/src/BH1750FVI.h:68:5: note:   initializing argument 1 of &#39;BH1750FVI::BH1750FVI(BH1750FVI::eDeviceMode_t)&#39;
     BH1750FVI(eDeviceMode_t DeviceMode);
     ^~~~~~~~~
/home/ec2-user/arduino-testlib/cli-datadir/user/libraries/BH1750FVI_RT/examples/BH1750FVI_setWaveLength/BH1750FVI_setWaveLength.ino: In function &#39;void setup()&#39;:
/home/ec2-user/arduino-testlib/cli-datadir/user/libraries/BH1750FVI_RT/examples/BH1750FVI_setWaveLength/BH1750FVI_setWaveLength.ino:24:9: error: &#39;class BH1750FVI&#39; has no member named &#39;powerOn&#39;
   myLux.powerOn();
         ^~~~~~~
/home/ec2-user/arduino-testlib/cli-datadir/user/libraries/BH1750FVI_RT/examples/BH1750FVI_setWaveLength/BH1750FVI_setWaveLength.ino:25:9: error: &#39;class BH1750FVI&#39; has no member named &#39;setContHighRes&#39;; did you mean &#39;k_DevModeContHighRes&#39;?
   myLux.setContHighRes();
         ^~~~~~~~~~~~~~
         k_DevModeContHighRes
/home/ec2-user/arduino-testlib/cli-datadir/user/libraries/BH1750FVI_RT/examples/BH1750FVI_setWaveLength/BH1750FVI_setWaveLength.ino:29:11: error: &#39;class BH1750FVI&#39; has no member named &#39;setWaveLength&#39;
     myLux.setWaveLength(wl);
           ^~~~~~~~~~~~~
/home/ec2-user/arduino-testlib/cli-datadir/user/libraries/BH1750FVI_RT/examples/BH1750FVI_setWaveLength/BH1750FVI_setWaveLength.ino:30:23: error: &#39;class BH1750FVI&#39; has no member named &#39;getLux&#39;
     float val = myLux.getLux();
                       ^~~~~~
/home/ec2-user/arduino-testlib/cli-datadir/user/libraries/BH1750FVI_RT/examples/BH1750FVI_setWaveLength/BH1750FVI_setWaveLength.ino:34:24: error: &#39;class BH1750FVI&#39; has no member named &#39;getWaveLength&#39;
     Serial.print(myLux.getWaveLength());
                        ^~~~~~~~~~~~~
Multiple libraries were found for &#34;BH1750FVI.h&#34;
  Used: /home/ec2-user/arduino-testlib/cli-datadir/user/libraries/BH1750FVI
  Not used: /home/ec2-user/arduino-testlib/cli-datadir/user/libraries/BH1750FVI_RT
</pre>
					
					<h4>examples/BH1750FVI_single_shot_3_res</h4>
					<p>
						Result: <b>FAIL</b>
					</p>
					<pre class="pre-scrollable">/home/ec2-user/arduino-testlib/cli-datadir/user/libraries/BH1750FVI_RT/examples/BH1750FVI_single_shot_3_res/BH1750FVI_single_shot_3_res.ino:12:21: error: invalid conversion from &#39;int&#39; to &#39;BH1750FVI::eDeviceMode_t {aka BH1750FVI::eDeviceMode}&#39; [-fpermissive]
 BH1750FVI myLux(0x23);
                     ^
In file included from /home/ec2-user/arduino-testlib/cli-datadir/user/libraries/BH1750FVI_RT/examples/BH1750FVI_single_shot_3_res/BH1750FVI_single_shot_3_res.ino:10:0:
/home/ec2-user/arduino-testlib/cli-datadir/user/libraries/BH1750FVI/src/BH1750FVI.h:68:5: note:   initializing argument 1 of &#39;BH1750FVI::BH1750FVI(BH1750FVI::eDeviceMode_t)&#39;
     BH1750FVI(eDeviceMode_t DeviceMode);
     ^~~~~~~~~
/home/ec2-user/arduino-testlib/cli-datadir/user/libraries/BH1750FVI_RT/examples/BH1750FVI_single_shot_3_res/BH1750FVI_single_shot_3_res.ino: In function &#39;void setup()&#39;:
/home/ec2-user/arduino-testlib/cli-datadir/user/libraries/BH1750FVI_RT/examples/BH1750FVI_single_shot_3_res/BH1750FVI_single_shot_3_res.ino:28:9: error: &#39;class BH1750FVI&#39; has no member named &#39;powerOn&#39;
   myLux.powerOn();
         ^~~~~~~
/home/ec2-user/arduino-testlib/cli-datadir/user/libraries/BH1750FVI_RT/examples/BH1750FVI_single_shot_3_res/BH1750FVI_single_shot_3_res.ino:29:9: error: &#39;class BH1750FVI&#39; has no member named &#39;setContLowRes&#39;; did you mean &#39;k_DevModeContLowRes&#39;?
   myLux.setContLowRes();
         ^~~~~~~~~~~~~
         k_DevModeContLowRes
/home/ec2-user/arduino-testlib/cli-datadir/user/libraries/BH1750FVI_RT/examples/BH1750FVI_single_shot_3_res/BH1750FVI_single_shot_3_res.ino: In function &#39;void loop()&#39;:
/home/ec2-user/arduino-testlib/cli-datadir/user/libraries/BH1750FVI_RT/examples/BH1750FVI_single_shot_3_res/BH1750FVI_single_shot_3_res.ino:40:9: error: &#39;class BH1750FVI&#39; has no member named &#39;setOnceLowRes&#39;
   myLux.setOnceLowRes();
         ^~~~~~~~~~~~~
/home/ec2-user/arduino-testlib/cli-datadir/user/libraries/BH1750FVI_RT/examples/BH1750FVI_single_shot_3_res/BH1750FVI_single_shot_3_res.ino:42:15: error: &#39;class BH1750FVI&#39; has no member named &#39;getLux&#39;
   val = myLux.getLux();
               ^~~~~~
/home/ec2-user/arduino-testlib/cli-datadir/user/libraries/BH1750FVI_RT/examples/BH1750FVI_single_shot_3_res/BH1750FVI_single_shot_3_res.ino:46:9: error: &#39;class BH1750FVI&#39; has no member named &#39;setOnceHighRes&#39;
   myLux.setOnceHighRes();
         ^~~~~~~~~~~~~~
/home/ec2-user/arduino-testlib/cli-datadir/user/libraries/BH1750FVI_RT/examples/BH1750FVI_single_shot_3_res/BH1750FVI_single_shot_3_res.ino:48:15: error: &#39;class BH1750FVI&#39; has no member named &#39;getLux&#39;
   val = myLux.getLux();
               ^~~~~~
/home/ec2-user/arduino-testlib/cli-datadir/user/libraries/BH1750FVI_RT/examples/BH1750FVI_single_shot_3_res/BH1750FVI_single_shot_3_res.ino:52:9: error: &#39;class BH1750FVI&#39; has no member named &#39;setOnceHigh2Res&#39;
   myLux.setOnceHigh2Res();
         ^~~~~~~~~~~~~~~
/home/ec2-user/arduino-testlib/cli-datadir/user/libraries/BH1750FVI_RT/examples/BH1750FVI_single_shot_3_res/BH1750FVI_single_shot_3_res.ino:54:15: error: &#39;class BH1750FVI&#39; has no member named &#39;getLux&#39;
   val = myLux.getLux();
               ^~~~~~
/home/ec2-user/arduino-testlib/cli-datadir/user/libraries/BH1750FVI_RT/examples/BH1750FVI_single_shot_3_res/BH1750FVI_single_shot_3_res.ino:58:9: error: &#39;class BH1750FVI&#39; has no member named &#39;setOnceHighRes&#39;
   myLux.setOnceHighRes();
         ^~~~~~~~~~~~~~
/home/ec2-user/arduino-testlib/cli-datadir/user/libraries/BH1750FVI_RT/examples/BH1750FVI_single_shot_3_res/BH1750FVI_single_shot_3_res.ino:60:15: error: &#39;class BH1750FVI&#39; has no member named &#39;getRaw&#39;
   val = myLux.getRaw();
               ^~~~~~
Multiple libraries were found for &#34;BH1750FVI.h&#34;
  Used: /home/ec2-user/arduino-testlib/cli-datadir/user/libraries/BH1750FVI
  Not used: /home/ec2-user/arduino-testlib/cli-datadir/user/libraries/BH1750FVI_RT
</pre>
					
				
				<h3 id="arduino:megaavr:nona4809">arduino:megaavr:nona4809 @ 1.8.7</h3>
				<h4>Inclusion</h4>
				<p>
					Result: <b>PASS</b>
					
					<br />This library has no main header file so an empty one was created.
					
				</p>
				<pre class="pre-scrollable">Sketch uses 3104 bytes (6%) of program storage space. Maximum is 49152 bytes.
Global variables use 317 bytes (5%) of dynamic memory, leaving 5827 bytes for local variables. Maximum is 6144 bytes.
</pre>

					
					<h4>examples/BH1750FVI_angle_measurement</h4>
					<p>
						Result: <b>FAIL</b>
					</p>
					<pre class="pre-scrollable">/home/ec2-user/arduino-testlib/cli-datadir/user/libraries/BH1750FVI_RT/examples/BH1750FVI_angle_measurement/BH1750FVI_angle_measurement.ino: In function &#39;float measure(int, bool)&#39;:
/home/ec2-user/arduino-testlib/cli-datadir/user/libraries/BH1750FVI_RT/examples/BH1750FVI_angle_measurement/BH1750FVI_angle_measurement.ino:43:23: error: &#39;class BH1750FVI&#39; has no member named &#39;getLux&#39;
     float val = myLux.getLux();
                       ^~~~~~
/home/ec2-user/arduino-testlib/cli-datadir/user/libraries/BH1750FVI_RT/examples/BH1750FVI_angle_measurement/BH1750FVI_angle_measurement.ino: In function &#39;void setup()&#39;:
/home/ec2-user/arduino-testlib/cli-datadir/user/libraries/BH1750FVI_RT/examples/BH1750FVI_angle_measurement/BH1750FVI_angle_measurement.ino:61:9: error: &#39;class BH1750FVI&#39; has no member named &#39;powerOn&#39;
   myLux.powerOn();
         ^~~~~~~
/home/ec2-user/arduino-testlib/cli-datadir/user/libraries/BH1750FVI_RT/examples/BH1750FVI_angle_measurement/BH1750FVI_angle_measurement.ino:62:9: error: &#39;class BH1750FVI&#39; has no member named &#39;setContHighRes&#39;; did you mean &#39;k_DevModeContHighRes&#39;?
   myLux.setContHighRes();
         ^~~~~~~~~~~~~~
         k_DevModeContHighRes
Multiple libraries were found for &#34;BH1750FVI.h&#34;
  Used: /home/ec2-user/arduino-testlib/cli-datadir/user/libraries/BH1750FVI
  Not used: /home/ec2-user/arduino-testlib/cli-datadir/user/libraries/BH1750FVI_RT
</pre>
					
					<h4>examples/BH1750FVI_async</h4>
					<p>
						Result: <b>FAIL</b>
					</p>
					<pre class="pre-scrollable">/home/ec2-user/arduino-testlib/cli-datadir/user/libraries/BH1750FVI_RT/examples/BH1750FVI_async/BH1750FVI_async.ino: In function &#39;void setup()&#39;:
/home/ec2-user/arduino-testlib/cli-datadir/user/libraries/BH1750FVI_RT/examples/BH1750FVI_async/BH1750FVI_async.ino:27:9: error: &#39;class BH1750FVI&#39; has no member named &#39;powerOn&#39;
   myLux.powerOn();
         ^~~~~~~
/home/ec2-user/arduino-testlib/cli-datadir/user/libraries/BH1750FVI_RT/examples/BH1750FVI_async/BH1750FVI_async.ino:28:9: error: &#39;class BH1750FVI&#39; has no member named &#39;setContHighRes&#39;; did you mean &#39;k_DevModeContHighRes&#39;?
   myLux.setContHighRes();
         ^~~~~~~~~~~~~~
         k_DevModeContHighRes
/home/ec2-user/arduino-testlib/cli-datadir/user/libraries/BH1750FVI_RT/examples/BH1750FVI_async/BH1750FVI_async.ino: In function &#39;void loop()&#39;:
/home/ec2-user/arduino-testlib/cli-datadir/user/libraries/BH1750FVI_RT/examples/BH1750FVI_async/BH1750FVI_async.ino:34:13: error: &#39;class BH1750FVI&#39; has no member named &#39;isReady&#39;
   if (myLux.isReady())
             ^~~~~~~
/home/ec2-user/arduino-testlib/cli-datadir/user/libraries/BH1750FVI_RT/examples/BH1750FVI_async/BH1750FVI_async.ino:36:23: error: &#39;class BH1750FVI&#39; has no member named &#39;getLux&#39;
     float val = myLux.getLux();
                       ^~~~~~
/home/ec2-user/arduino-testlib/cli-datadir/user/libraries/BH1750FVI_RT/examples/BH1750FVI_async/BH1750FVI_async.ino:47:24: error: &#39;class BH1750FVI&#39; has no member named &#39;getMode&#39;; did you mean &#39;SetMode&#39;?
     Serial.print(myLux.getMode());
                        ^~~~~~~
                        SetMode
/home/ec2-user/arduino-testlib/cli-datadir/user/libraries/BH1750FVI_RT/examples/BH1750FVI_async/BH1750FVI_async.ino:49:24: error: &#39;class BH1750FVI&#39; has no member named &#39;getCorrectionFactor&#39;
     Serial.print(myLux.getCorrectionFactor(), 2);
                        ^~~~~~~~~~~~~~~~~~~
/home/ec2-user/arduino-testlib/cli-datadir/user/libraries/BH1750FVI_RT/examples/BH1750FVI_async/BH1750FVI_async.ino:51:32: error: &#39;class BH1750FVI&#39; has no member named &#39;getCorrectionFactor&#39;
     Serial.println(val / myLux.getCorrectionFactor(), 1);
                                ^~~~~~~~~~~~~~~~~~~
/home/ec2-user/arduino-testlib/cli-datadir/user/libraries/BH1750FVI_RT/examples/BH1750FVI_async/BH1750FVI_async.ino:60:11: error: &#39;class BH1750FVI&#39; has no member named &#39;setCorrectionFactor&#39;
     myLux.setCorrectionFactor(correctionFactor);  // 0.45 .. 3.68
           ^~~~~~~~~~~~~~~~~~~
Multiple libraries were found for &#34;BH1750FVI.h&#34;
  Used: /home/ec2-user/arduino-testlib/cli-datadir/user/libraries/BH1750FVI
  Not used: /home/ec2-user/arduino-testlib/cli-datadir/user/libraries/BH1750FVI_RT
</pre>
					
					<h4>examples/BH1750FVI_cont_high_res</h4>
					<p>
						Result: <b>FAIL</b>
					</p>
					<pre class="pre-scrollable">/home/ec2-user/arduino-testlib/cli-datadir/user/libraries/BH1750FVI_RT/examples/BH1750FVI_cont_high_res/BH1750FVI_cont_high_res.ino: In function &#39;void setup()&#39;:
/home/ec2-user/arduino-testlib/cli-datadir/user/libraries/BH1750FVI_RT/examples/BH1750FVI_cont_high_res/BH1750FVI_cont_high_res.ino:29:9: error: &#39;class BH1750FVI&#39; has no member named &#39;powerOn&#39;
   myLux.powerOn();
         ^~~~~~~
/home/ec2-user/arduino-testlib/cli-datadir/user/libraries/BH1750FVI_RT/examples/BH1750FVI_cont_high_res/BH1750FVI_cont_high_res.ino:30:9: error: &#39;class BH1750FVI&#39; has no member named &#39;setContHighRes&#39;; did you mean &#39;k_DevModeContHighRes&#39;?
   myLux.setContHighRes();
         ^~~~~~~~~~~~~~
         k_DevModeContHighRes
/home/ec2-user/arduino-testlib/cli-datadir/user/libraries/BH1750FVI_RT/examples/BH1750FVI_cont_high_res/BH1750FVI_cont_high_res.ino: In function &#39;void loop()&#39;:
/home/ec2-user/arduino-testlib/cli-datadir/user/libraries/BH1750FVI_RT/examples/BH1750FVI_cont_high_res/BH1750FVI_cont_high_res.ino:40:23: error: &#39;class BH1750FVI&#39; has no member named &#39;getLux&#39;
     float val = myLux.getLux();
                       ^~~~~~
Multiple libraries were found for &#34;BH1750FVI.h&#34;
  Used: /home/ec2-user/arduino-testlib/cli-datadir/user/libraries/BH1750FVI
  Not used: /home/ec2-user/arduino-testlib/cli-datadir/user/libraries/BH1750FVI_RT
</pre>
					
					<h4>examples/BH1750FVI_cont_low_res</h4>
					<p>
						Result: <b>FAIL</b>
					</p>
					<pre class="pre-scrollable">/home/ec2-user/arduino-testlib/cli-datadir/user/libraries/BH1750FVI_RT/examples/BH1750FVI_cont_low_res/BH1750FVI_cont_low_res.ino: In function &#39;void setup()&#39;:
/home/ec2-user/arduino-testlib/cli-datadir/user/libraries/BH1750FVI_RT/examples/BH1750FVI_cont_low_res/BH1750FVI_cont_low_res.ino:26:9: error: &#39;class BH1750FVI&#39; has no member named &#39;powerOn&#39;
   myLux.powerOn();
         ^~~~~~~
/home/ec2-user/arduino-testlib/cli-datadir/user/libraries/BH1750FVI_RT/examples/BH1750FVI_cont_low_res/BH1750FVI_cont_low_res.ino:27:9: error: &#39;class BH1750FVI&#39; has no member named &#39;setContLowRes&#39;; did you mean &#39;k_DevModeContLowRes&#39;?
   myLux.setContLowRes();
         ^~~~~~~~~~~~~
         k_DevModeContLowRes
/home/ec2-user/arduino-testlib/cli-datadir/user/libraries/BH1750FVI_RT/examples/BH1750FVI_cont_low_res/BH1750FVI_cont_low_res.ino: In function &#39;void loop()&#39;:
/home/ec2-user/arduino-testlib/cli-datadir/user/libraries/BH1750FVI_RT/examples/BH1750FVI_cont_low_res/BH1750FVI_cont_low_res.ino:37:23: error: &#39;class BH1750FVI&#39; has no member named &#39;getLux&#39;
     float val = myLux.getLux();
                       ^~~~~~
Multiple libraries were found for &#34;BH1750FVI.h&#34;
  Used: /home/ec2-user/arduino-testlib/cli-datadir/user/libraries/BH1750FVI
  Not used: /home/ec2-user/arduino-testlib/cli-datadir/user/libraries/BH1750FVI_RT
</pre>
					
					<h4>examples/BH1750FVI_setAngle</h4>
					<p>
						Result: <b>FAIL</b>
					</p>
					<pre class="pre-scrollable">/home/ec2-user/arduino-testlib/cli-datadir/user/libraries/BH1750FVI_RT/examples/BH1750FVI_setAngle/BH1750FVI_setAngle.ino: In function &#39;void setup()&#39;:
/home/ec2-user/arduino-testlib/cli-datadir/user/libraries/BH1750FVI_RT/examples/BH1750FVI_setAngle/BH1750FVI_setAngle.ino:24:9: error: &#39;class BH1750FVI&#39; has no member named &#39;powerOn&#39;
   myLux.powerOn();
         ^~~~~~~
/home/ec2-user/arduino-testlib/cli-datadir/user/libraries/BH1750FVI_RT/examples/BH1750FVI_setAngle/BH1750FVI_setAngle.ino:25:9: error: &#39;class BH1750FVI&#39; has no member named &#39;setContHighRes&#39;; did you mean &#39;k_DevModeContHighRes&#39;?
   myLux.setContHighRes();
         ^~~~~~~~~~~~~~
         k_DevModeContHighRes
/home/ec2-user/arduino-testlib/cli-datadir/user/libraries/BH1750FVI_RT/examples/BH1750FVI_setAngle/BH1750FVI_setAngle.ino: In function &#39;void loop()&#39;:
/home/ec2-user/arduino-testlib/cli-datadir/user/libraries/BH1750FVI_RT/examples/BH1750FVI_setAngle/BH1750FVI_setAngle.ino:33:11: error: &#39;class BH1750FVI&#39; has no member named &#39;setAngle&#39;
     myLux.setAngle(x);
           ^~~~~~~~
/home/ec2-user/arduino-testlib/cli-datadir/user/libraries/BH1750FVI_RT/examples/BH1750FVI_setAngle/BH1750FVI_setAngle.ino:34:23: error: &#39;class BH1750FVI&#39; has no member named &#39;getLux&#39;
     float val = myLux.getLux();
                       ^~~~~~
/home/ec2-user/arduino-testlib/cli-datadir/user/libraries/BH1750FVI_RT/examples/BH1750FVI_setAngle/BH1750FVI_setAngle.ino:38:24: error: &#39;class BH1750FVI&#39; has no member named &#39;getAngle&#39;
     Serial.print(myLux.getAngle());
                        ^~~~~~~~
Multiple libraries were found for &#34;BH1750FVI.h&#34;
  Used: /home/ec2-user/arduino-testlib/cli-datadir/user/libraries/BH1750FVI
  Not used: /home/ec2-user/arduino-testlib/cli-datadir/user/libraries/BH1750FVI_RT
</pre>
					
					<h4>examples/BH1750FVI_setCorrectionFactor</h4>
					<p>
						Result: <b>FAIL</b>
					</p>
					<pre class="pre-scrollable">/home/ec2-user/arduino-testlib/cli-datadir/user/libraries/BH1750FVI_RT/examples/BH1750FVI_setCorrectionFactor/BH1750FVI_setCorrectionFactor.ino: In function &#39;void setup()&#39;:
/home/ec2-user/arduino-testlib/cli-datadir/user/libraries/BH1750FVI_RT/examples/BH1750FVI_setCorrectionFactor/BH1750FVI_setCorrectionFactor.ino:28:9: error: &#39;class BH1750FVI&#39; has no member named &#39;powerOn&#39;
   myLux.powerOn();
         ^~~~~~~
/home/ec2-user/arduino-testlib/cli-datadir/user/libraries/BH1750FVI_RT/examples/BH1750FVI_setCorrectionFactor/BH1750FVI_setCorrectionFactor.ino:29:9: error: &#39;class BH1750FVI&#39; has no member named &#39;setContHighRes&#39;; did you mean &#39;k_DevModeContHighRes&#39;?
   myLux.setContHighRes();
         ^~~~~~~~~~~~~~
         k_DevModeContHighRes
/home/ec2-user/arduino-testlib/cli-datadir/user/libraries/BH1750FVI_RT/examples/BH1750FVI_setCorrectionFactor/BH1750FVI_setCorrectionFactor.ino: In function &#39;void loop()&#39;:
/home/ec2-user/arduino-testlib/cli-datadir/user/libraries/BH1750FVI_RT/examples/BH1750FVI_setCorrectionFactor/BH1750FVI_setCorrectionFactor.ino:39:23: error: &#39;class BH1750FVI&#39; has no member named &#39;getLux&#39;
     float val = myLux.getLux();
                       ^~~~~~
/home/ec2-user/arduino-testlib/cli-datadir/user/libraries/BH1750FVI_RT/examples/BH1750FVI_setCorrectionFactor/BH1750FVI_setCorrectionFactor.ino:43:24: error: &#39;class BH1750FVI&#39; has no member named &#39;getCorrectionFactor&#39;
     Serial.print(myLux.getCorrectionFactor(), 3);
                        ^~~~~~~~~~~~~~~~~~~
/home/ec2-user/arduino-testlib/cli-datadir/user/libraries/BH1750FVI_RT/examples/BH1750FVI_setCorrectionFactor/BH1750FVI_setCorrectionFactor.ino:45:32: error: &#39;class BH1750FVI&#39; has no member named &#39;getCorrectionFactor&#39;
     Serial.println(val / myLux.getCorrectionFactor(), 1);
                                ^~~~~~~~~~~~~~~~~~~
/home/ec2-user/arduino-testlib/cli-datadir/user/libraries/BH1750FVI_RT/examples/BH1750FVI_setCorrectionFactor/BH1750FVI_setCorrectionFactor.ino:48:11: error: &#39;class BH1750FVI&#39; has no member named &#39;setCorrectionFactor&#39;
     myLux.setCorrectionFactor(correctionFactor);  // 0.45 .. 3.68
           ^~~~~~~~~~~~~~~~~~~
Multiple libraries were found for &#34;BH1750FVI.h&#34;
  Used: /home/ec2-user/arduino-testlib/cli-datadir/user/libraries/BH1750FVI
  Not used: /home/ec2-user/arduino-testlib/cli-datadir/user/libraries/BH1750FVI_RT
</pre>
					
					<h4>examples/BH1750FVI_setTemperature</h4>
					<p>
						Result: <b>FAIL</b>
					</p>
					<pre class="pre-scrollable">/home/ec2-user/arduino-testlib/cli-datadir/user/libraries/BH1750FVI_RT/examples/BH1750FVI_setTemperature/BH1750FVI_setTemperature.ino: In function &#39;void setup()&#39;:
/home/ec2-user/arduino-testlib/cli-datadir/user/libraries/BH1750FVI_RT/examples/BH1750FVI_setTemperature/BH1750FVI_setTemperature.ino:24:9: error: &#39;class BH1750FVI&#39; has no member named &#39;powerOn&#39;
   myLux.powerOn();
         ^~~~~~~
/home/ec2-user/arduino-testlib/cli-datadir/user/libraries/BH1750FVI_RT/examples/BH1750FVI_setTemperature/BH1750FVI_setTemperature.ino:25:9: error: &#39;class BH1750FVI&#39; has no member named &#39;setContHighRes&#39;; did you mean &#39;k_DevModeContHighRes&#39;?
   myLux.setContHighRes();
         ^~~~~~~~~~~~~~
         k_DevModeContHighRes
/home/ec2-user/arduino-testlib/cli-datadir/user/libraries/BH1750FVI_RT/examples/BH1750FVI_setTemperature/BH1750FVI_setTemperature.ino: In function &#39;void loop()&#39;:
/home/ec2-user/arduino-testlib/cli-datadir/user/libraries/BH1750FVI_RT/examples/BH1750FVI_setTemperature/BH1750FVI_setTemperature.ino:33:11: error: &#39;class BH1750FVI&#39; has no member named &#39;setTemperature&#39;
     myLux.setTemperature(t);
           ^~~~~~~~~~~~~~
/home/ec2-user/arduino-testlib/cli-datadir/user/libraries/BH1750FVI_RT/examples/BH1750FVI_setTemperature/BH1750FVI_setTemperature.ino:34:23: error: &#39;class BH1750FVI&#39; has no member named &#39;getLux&#39;
     float val = myLux.getLux();
                       ^~~~~~
/home/ec2-user/arduino-testlib/cli-datadir/user/libraries/BH1750FVI_RT/examples/BH1750FVI_setTemperature/BH1750FVI_setTemperature.ino:38:24: error: &#39;class BH1750FVI&#39; has no member named &#39;getTemperature&#39;
     Serial.print(myLux.getTemperature());
                        ^~~~~~~~~~~~~~
Multiple libraries were found for &#34;BH1750FVI.h&#34;
  Used: /home/ec2-user/arduino-testlib/cli-datadir/user/libraries/BH1750FVI
  Not used: /home/ec2-user/arduino-testlib/cli-datadir/user/libraries/BH1750FVI_RT
</pre>
					
					<h4>examples/BH1750FVI_setWaveLength</h4>
					<p>
						Result: <b>FAIL</b>
					</p>
					<pre class="pre-scrollable">/home/ec2-user/arduino-testlib/cli-datadir/user/libraries/BH1750FVI_RT/examples/BH1750FVI_setWaveLength/BH1750FVI_setWaveLength.ino: In function &#39;void setup()&#39;:
/home/ec2-user/arduino-testlib/cli-datadir/user/libraries/BH1750FVI_RT/examples/BH1750FVI_setWaveLength/BH1750FVI_setWaveLength.ino:24:9: error: &#39;class BH1750FVI&#39; has no member named &#39;powerOn&#39;
   myLux.powerOn();
         ^~~~~~~
/home/ec2-user/arduino-testlib/cli-datadir/user/libraries/BH1750FVI_RT/examples/BH1750FVI_setWaveLength/BH1750FVI_setWaveLength.ino:25:9: error: &#39;class BH1750FVI&#39; has no member named &#39;setContHighRes&#39;; did you mean &#39;k_DevModeContHighRes&#39;?
   myLux.setContHighRes();
         ^~~~~~~~~~~~~~
         k_DevModeContHighRes
/home/ec2-user/arduino-testlib/cli-datadir/user/libraries/BH1750FVI_RT/examples/BH1750FVI_setWaveLength/BH1750FVI_setWaveLength.ino:29:11: error: &#39;class BH1750FVI&#39; has no member named &#39;setWaveLength&#39;
     myLux.setWaveLength(wl);
           ^~~~~~~~~~~~~
/home/ec2-user/arduino-testlib/cli-datadir/user/libraries/BH1750FVI_RT/examples/BH1750FVI_setWaveLength/BH1750FVI_setWaveLength.ino:30:23: error: &#39;class BH1750FVI&#39; has no member named &#39;getLux&#39;
     float val = myLux.getLux();
                       ^~~~~~
/home/ec2-user/arduino-testlib/cli-datadir/user/libraries/BH1750FVI_RT/examples/BH1750FVI_setWaveLength/BH1750FVI_setWaveLength.ino:34:24: error: &#39;class BH1750FVI&#39; has no member named &#39;getWaveLength&#39;
     Serial.print(myLux.getWaveLength());
                        ^~~~~~~~~~~~~
Multiple libraries were found for &#34;BH1750FVI.h&#34;
  Used: /home/ec2-user/arduino-testlib/cli-datadir/user/libraries/BH1750FVI
  Not used: /home/ec2-user/arduino-testlib/cli-datadir/user/libraries/BH1750FVI_RT
</pre>
					
					<h4>examples/BH1750FVI_single_shot_3_res</h4>
					<p>
						Result: <b>FAIL</b>
					</p>
					<pre class="pre-scrollable">/home/ec2-user/arduino-testlib/cli-datadir/user/libraries/BH1750FVI_RT/examples/BH1750FVI_single_shot_3_res/BH1750FVI_single_shot_3_res.ino: In function &#39;void setup()&#39;:
/home/ec2-user/arduino-testlib/cli-datadir/user/libraries/BH1750FVI_RT/examples/BH1750FVI_single_shot_3_res/BH1750FVI_single_shot_3_res.ino:28:9: error: &#39;class BH1750FVI&#39; has no member named &#39;powerOn&#39;
   myLux.powerOn();
         ^~~~~~~
/home/ec2-user/arduino-testlib/cli-datadir/user/libraries/BH1750FVI_RT/examples/BH1750FVI_single_shot_3_res/BH1750FVI_single_shot_3_res.ino:29:9: error: &#39;class BH1750FVI&#39; has no member named &#39;setContLowRes&#39;; did you mean &#39;k_DevModeContLowRes&#39;?
   myLux.setContLowRes();
         ^~~~~~~~~~~~~
         k_DevModeContLowRes
/home/ec2-user/arduino-testlib/cli-datadir/user/libraries/BH1750FVI_RT/examples/BH1750FVI_single_shot_3_res/BH1750FVI_single_shot_3_res.ino: In function &#39;void loop()&#39;:
/home/ec2-user/arduino-testlib/cli-datadir/user/libraries/BH1750FVI_RT/examples/BH1750FVI_single_shot_3_res/BH1750FVI_single_shot_3_res.ino:40:9: error: &#39;class BH1750FVI&#39; has no member named &#39;setOnceLowRes&#39;
   myLux.setOnceLowRes();
         ^~~~~~~~~~~~~
/home/ec2-user/arduino-testlib/cli-datadir/user/libraries/BH1750FVI_RT/examples/BH1750FVI_single_shot_3_res/BH1750FVI_single_shot_3_res.ino:42:15: error: &#39;class BH1750FVI&#39; has no member named &#39;getLux&#39;
   val = myLux.getLux();
               ^~~~~~
/home/ec2-user/arduino-testlib/cli-datadir/user/libraries/BH1750FVI_RT/examples/BH1750FVI_single_shot_3_res/BH1750FVI_single_shot_3_res.ino:46:9: error: &#39;class BH1750FVI&#39; has no member named &#39;setOnceHighRes&#39;
   myLux.setOnceHighRes();
         ^~~~~~~~~~~~~~
/home/ec2-user/arduino-testlib/cli-datadir/user/libraries/BH1750FVI_RT/examples/BH1750FVI_single_shot_3_res/BH1750FVI_single_shot_3_res.ino:48:15: error: &#39;class BH1750FVI&#39; has no member named &#39;getLux&#39;
   val = myLux.getLux();
               ^~~~~~
/home/ec2-user/arduino-testlib/cli-datadir/user/libraries/BH1750FVI_RT/examples/BH1750FVI_single_shot_3_res/BH1750FVI_single_shot_3_res.ino:52:9: error: &#39;class BH1750FVI&#39; has no member named &#39;setOnceHigh2Res&#39;
   myLux.setOnceHigh2Res();
         ^~~~~~~~~~~~~~~
/home/ec2-user/arduino-testlib/cli-datadir/user/libraries/BH1750FVI_RT/examples/BH1750FVI_single_shot_3_res/BH1750FVI_single_shot_3_res.ino:54:15: error: &#39;class BH1750FVI&#39; has no member named &#39;getLux&#39;
   val = myLux.getLux();
               ^~~~~~
/home/ec2-user/arduino-testlib/cli-datadir/user/libraries/BH1750FVI_RT/examples/BH1750FVI_single_shot_3_res/BH1750FVI_single_shot_3_res.ino:58:9: error: &#39;class BH1750FVI&#39; has no member named &#39;setOnceHighRes&#39;
   myLux.setOnceHighRes();
         ^~~~~~~~~~~~~~
/home/ec2-user/arduino-testlib/cli-datadir/user/libraries/BH1750FVI_RT/examples/BH1750FVI_single_shot_3_res/BH1750FVI_single_shot_3_res.ino:60:15: error: &#39;class BH1750FVI&#39; has no member named &#39;getRaw&#39;
   val = myLux.getRaw();
               ^~~~~~
Multiple libraries were found for &#34;BH1750FVI.h&#34;
  Used: /home/ec2-user/arduino-testlib/cli-datadir/user/libraries/BH1750FVI
  Not used: /home/ec2-user/arduino-testlib/cli-datadir/user/libraries/BH1750FVI_RT
</pre>
					
				
				<h3 id="arduino:samd:mkrwifi1010">arduino:samd:mkrwifi1010 @ 1.8.12</h3>
				<h4>Inclusion</h4>
				<p>
					Result: <b>PASS</b>
					
					<br />This library has no main header file so an empty one was created.
					
				</p>
				<pre class="pre-scrollable">Sketch uses 13588 bytes (5%) of program storage space. Maximum is 262144 bytes.
Global variables use 3568 bytes (10%) of dynamic memory, leaving 29200 bytes for local variables. Maximum is 32768 bytes.
</pre>

					
					<h4>examples/BH1750FVI_angle_measurement</h4>
					<p>
						Result: <b>FAIL</b>
					</p>
					<pre class="pre-scrollable">/Users/alranel/Documents/git/arduino/arduino-testlib/cli-datadir/user/libraries/BH1750FVI_RT/examples/BH1750FVI_angle_measurement/BH1750FVI_angle_measurement.ino:30:21: error: invalid conversion from &#39;int&#39; to &#39;BH1750FVI::eDeviceMode_t {aka BH1750FVI::eDeviceMode}&#39; [-fpermissive]
 BH1750FVI myLux(0x23);
                     ^
In file included from /Users/alranel/Documents/git/arduino/arduino-testlib/cli-datadir/user/libraries/BH1750FVI_RT/examples/BH1750FVI_angle_measurement/BH1750FVI_angle_measurement.ino:28:0:
/Users/alranel/Documents/git/arduino/arduino-testlib/cli-datadir/user/libraries/BH1750FVI/src/BH1750FVI.h:68:5: note:   initializing argument 1 of &#39;BH1750FVI::BH1750FVI(BH1750FVI::eDeviceMode_t)&#39;
     BH1750FVI(eDeviceMode_t DeviceMode);
     ^~~~~~~~~
/Users/alranel/Documents/git/arduino/arduino-testlib/cli-datadir/user/libraries/BH1750FVI_RT/examples/BH1750FVI_angle_measurement/BH1750FVI_angle_measurement.ino: In function &#39;float measure(int, bool)&#39;:
/Users/alranel/Documents/git/arduino/arduino-testlib/cli-datadir/user/libraries/BH1750FVI_RT/examples/BH1750FVI_angle_measurement/BH1750FVI_angle_measurement.ino:43:23: error: &#39;class BH1750FVI&#39; has no member named &#39;getLux&#39;
     float val = myLux.getLux();
                       ^~~~~~
/Users/alranel/Documents/git/arduino/arduino-testlib/cli-datadir/user/libraries/BH1750FVI_RT/examples/BH1750FVI_angle_measurement/BH1750FVI_angle_measurement.ino: In function &#39;void setup()&#39;:
/Users/alranel/Documents/git/arduino/arduino-testlib/cli-datadir/user/libraries/BH1750FVI_RT/examples/BH1750FVI_angle_measurement/BH1750FVI_angle_measurement.ino:61:9: error: &#39;class BH1750FVI&#39; has no member named &#39;powerOn&#39;
   myLux.powerOn();
         ^~~~~~~
/Users/alranel/Documents/git/arduino/arduino-testlib/cli-datadir/user/libraries/BH1750FVI_RT/examples/BH1750FVI_angle_measurement/BH1750FVI_angle_measurement.ino:62:9: error: &#39;class BH1750FVI&#39; has no member named &#39;setContHighRes&#39;; did you mean &#39;k_DevModeContHighRes&#39;?
   myLux.setContHighRes();
         ^~~~~~~~~~~~~~
         k_DevModeContHighRes
Multiple libraries were found for &#34;BH1750FVI.h&#34;
  Used: /Users/alranel/Documents/git/arduino/arduino-testlib/cli-datadir/user/libraries/BH1750FVI
  Not used: /Users/alranel/Documents/git/arduino/arduino-testlib/cli-datadir/user/libraries/BH1750FVI_RT
</pre>
					
					<h4>examples/BH1750FVI_async</h4>
					<p>
						Result: <b>FAIL</b>
					</p>
					<pre class="pre-scrollable">/Users/alranel/Documents/git/arduino/arduino-testlib/cli-datadir/user/libraries/BH1750FVI_RT/examples/BH1750FVI_async/BH1750FVI_async.ino:12:21: error: invalid conversion from &#39;int&#39; to &#39;BH1750FVI::eDeviceMode_t {aka BH1750FVI::eDeviceMode}&#39; [-fpermissive]
 BH1750FVI myLux(0x23);
                     ^
In file included from /Users/alranel/Documents/git/arduino/arduino-testlib/cli-datadir/user/libraries/BH1750FVI_RT/examples/BH1750FVI_async/BH1750FVI_async.ino:10:0:
/Users/alranel/Documents/git/arduino/arduino-testlib/cli-datadir/user/libraries/BH1750FVI/src/BH1750FVI.h:68:5: note:   initializing argument 1 of &#39;BH1750FVI::BH1750FVI(BH1750FVI::eDeviceMode_t)&#39;
     BH1750FVI(eDeviceMode_t DeviceMode);
     ^~~~~~~~~
/Users/alranel/Documents/git/arduino/arduino-testlib/cli-datadir/user/libraries/BH1750FVI_RT/examples/BH1750FVI_async/BH1750FVI_async.ino: In function &#39;void setup()&#39;:
/Users/alranel/Documents/git/arduino/arduino-testlib/cli-datadir/user/libraries/BH1750FVI_RT/examples/BH1750FVI_async/BH1750FVI_async.ino:27:9: error: &#39;class BH1750FVI&#39; has no member named &#39;powerOn&#39;
   myLux.powerOn();
         ^~~~~~~
/Users/alranel/Documents/git/arduino/arduino-testlib/cli-datadir/user/libraries/BH1750FVI_RT/examples/BH1750FVI_async/BH1750FVI_async.ino:28:9: error: &#39;class BH1750FVI&#39; has no member named &#39;setContHighRes&#39;; did you mean &#39;k_DevModeContHighRes&#39;?
   myLux.setContHighRes();
         ^~~~~~~~~~~~~~
         k_DevModeContHighRes
/Users/alranel/Documents/git/arduino/arduino-testlib/cli-datadir/user/libraries/BH1750FVI_RT/examples/BH1750FVI_async/BH1750FVI_async.ino: In function &#39;void loop()&#39;:
/Users/alranel/Documents/git/arduino/arduino-testlib/cli-datadir/user/libraries/BH1750FVI_RT/examples/BH1750FVI_async/BH1750FVI_async.ino:34:13: error: &#39;class BH1750FVI&#39; has no member named &#39;isReady&#39;
   if (myLux.isReady())
             ^~~~~~~
/Users/alranel/Documents/git/arduino/arduino-testlib/cli-datadir/user/libraries/BH1750FVI_RT/examples/BH1750FVI_async/BH1750FVI_async.ino:36:23: error: &#39;class BH1750FVI&#39; has no member named &#39;getLux&#39;
     float val = myLux.getLux();
                       ^~~~~~
/Users/alranel/Documents/git/arduino/arduino-testlib/cli-datadir/user/libraries/BH1750FVI_RT/examples/BH1750FVI_async/BH1750FVI_async.ino:47:24: error: &#39;class BH1750FVI&#39; has no member named &#39;getMode&#39;; did you mean &#39;SetMode&#39;?
     Serial.print(myLux.getMode());
                        ^~~~~~~
                        SetMode
/Users/alranel/Documents/git/arduino/arduino-testlib/cli-datadir/user/libraries/BH1750FVI_RT/examples/BH1750FVI_async/BH1750FVI_async.ino:49:24: error: &#39;class BH1750FVI&#39; has no member named &#39;getCorrectionFactor&#39;
     Serial.print(myLux.getCorrectionFactor(), 2);
                        ^~~~~~~~~~~~~~~~~~~
/Users/alranel/Documents/git/arduino/arduino-testlib/cli-datadir/user/libraries/BH1750FVI_RT/examples/BH1750FVI_async/BH1750FVI_async.ino:51:32: error: &#39;class BH1750FVI&#39; has no member named &#39;getCorrectionFactor&#39;
     Serial.println(val / myLux.getCorrectionFactor(), 1);
                                ^~~~~~~~~~~~~~~~~~~
/Users/alranel/Documents/git/arduino/arduino-testlib/cli-datadir/user/libraries/BH1750FVI_RT/examples/BH1750FVI_async/BH1750FVI_async.ino:60:11: error: &#39;class BH1750FVI&#39; has no member named &#39;setCorrectionFactor&#39;
     myLux.setCorrectionFactor(correctionFactor);  // 0.45 .. 3.68
           ^~~~~~~~~~~~~~~~~~~
Multiple libraries were found for &#34;BH1750FVI.h&#34;
  Used: /Users/alranel/Documents/git/arduino/arduino-testlib/cli-datadir/user/libraries/BH1750FVI
  Not used: /Users/alranel/Documents/git/arduino/arduino-testlib/cli-datadir/user/libraries/BH1750FVI_RT
</pre>
					
					<h4>examples/BH1750FVI_cont_high_res</h4>
					<p>
						Result: <b>FAIL</b>
					</p>
					<pre class="pre-scrollable">/Users/alranel/Documents/git/arduino/arduino-testlib/cli-datadir/user/libraries/BH1750FVI_RT/examples/BH1750FVI_cont_high_res/BH1750FVI_cont_high_res.ino:15:21: error: invalid conversion from &#39;int&#39; to &#39;BH1750FVI::eDeviceMode_t {aka BH1750FVI::eDeviceMode}&#39; [-fpermissive]
 BH1750FVI myLux(0x23);
                     ^
In file included from /Users/alranel/Documents/git/arduino/arduino-testlib/cli-datadir/user/libraries/BH1750FVI_RT/examples/BH1750FVI_cont_high_res/BH1750FVI_cont_high_res.ino:13:0:
/Users/alranel/Documents/git/arduino/arduino-testlib/cli-datadir/user/libraries/BH1750FVI/src/BH1750FVI.h:68:5: note:   initializing argument 1 of &#39;BH1750FVI::BH1750FVI(BH1750FVI::eDeviceMode_t)&#39;
     BH1750FVI(eDeviceMode_t DeviceMode);
     ^~~~~~~~~
/Users/alranel/Documents/git/arduino/arduino-testlib/cli-datadir/user/libraries/BH1750FVI_RT/examples/BH1750FVI_cont_high_res/BH1750FVI_cont_high_res.ino: In function &#39;void setup()&#39;:
/Users/alranel/Documents/git/arduino/arduino-testlib/cli-datadir/user/libraries/BH1750FVI_RT/examples/BH1750FVI_cont_high_res/BH1750FVI_cont_high_res.ino:29:9: error: &#39;class BH1750FVI&#39; has no member named &#39;powerOn&#39;
   myLux.powerOn();
         ^~~~~~~
/Users/alranel/Documents/git/arduino/arduino-testlib/cli-datadir/user/libraries/BH1750FVI_RT/examples/BH1750FVI_cont_high_res/BH1750FVI_cont_high_res.ino:30:9: error: &#39;class BH1750FVI&#39; has no member named &#39;setContHighRes&#39;; did you mean &#39;k_DevModeContHighRes&#39;?
   myLux.setContHighRes();
         ^~~~~~~~~~~~~~
         k_DevModeContHighRes
/Users/alranel/Documents/git/arduino/arduino-testlib/cli-datadir/user/libraries/BH1750FVI_RT/examples/BH1750FVI_cont_high_res/BH1750FVI_cont_high_res.ino: In function &#39;void loop()&#39;:
/Users/alranel/Documents/git/arduino/arduino-testlib/cli-datadir/user/libraries/BH1750FVI_RT/examples/BH1750FVI_cont_high_res/BH1750FVI_cont_high_res.ino:40:23: error: &#39;class BH1750FVI&#39; has no member named &#39;getLux&#39;
     float val = myLux.getLux();
                       ^~~~~~
Multiple libraries were found for &#34;BH1750FVI.h&#34;
  Used: /Users/alranel/Documents/git/arduino/arduino-testlib/cli-datadir/user/libraries/BH1750FVI
  Not used: /Users/alranel/Documents/git/arduino/arduino-testlib/cli-datadir/user/libraries/BH1750FVI_RT
</pre>
					
					<h4>examples/BH1750FVI_cont_low_res</h4>
					<p>
						Result: <b>FAIL</b>
					</p>
					<pre class="pre-scrollable">/Users/alranel/Documents/git/arduino/arduino-testlib/cli-datadir/user/libraries/BH1750FVI_RT/examples/BH1750FVI_cont_low_res/BH1750FVI_cont_low_res.ino:12:21: error: invalid conversion from &#39;int&#39; to &#39;BH1750FVI::eDeviceMode_t {aka BH1750FVI::eDeviceMode}&#39; [-fpermissive]
 BH1750FVI myLux(0x23);
                     ^
In file included from /Users/alranel/Documents/git/arduino/arduino-testlib/cli-datadir/user/libraries/BH1750FVI_RT/examples/BH1750FVI_cont_low_res/BH1750FVI_cont_low_res.ino:10:0:
/Users/alranel/Documents/git/arduino/arduino-testlib/cli-datadir/user/libraries/BH1750FVI/src/BH1750FVI.h:68:5: note:   initializing argument 1 of &#39;BH1750FVI::BH1750FVI(BH1750FVI::eDeviceMode_t)&#39;
     BH1750FVI(eDeviceMode_t DeviceMode);
     ^~~~~~~~~
/Users/alranel/Documents/git/arduino/arduino-testlib/cli-datadir/user/libraries/BH1750FVI_RT/examples/BH1750FVI_cont_low_res/BH1750FVI_cont_low_res.ino: In function &#39;void setup()&#39;:
/Users/alranel/Documents/git/arduino/arduino-testlib/cli-datadir/user/libraries/BH1750FVI_RT/examples/BH1750FVI_cont_low_res/BH1750FVI_cont_low_res.ino:26:9: error: &#39;class BH1750FVI&#39; has no member named &#39;powerOn&#39;
   myLux.powerOn();
         ^~~~~~~
/Users/alranel/Documents/git/arduino/arduino-testlib/cli-datadir/user/libraries/BH1750FVI_RT/examples/BH1750FVI_cont_low_res/BH1750FVI_cont_low_res.ino:27:9: error: &#39;class BH1750FVI&#39; has no member named &#39;setContLowRes&#39;; did you mean &#39;k_DevModeContLowRes&#39;?
   myLux.setContLowRes();
         ^~~~~~~~~~~~~
         k_DevModeContLowRes
/Users/alranel/Documents/git/arduino/arduino-testlib/cli-datadir/user/libraries/BH1750FVI_RT/examples/BH1750FVI_cont_low_res/BH1750FVI_cont_low_res.ino: In function &#39;void loop()&#39;:
/Users/alranel/Documents/git/arduino/arduino-testlib/cli-datadir/user/libraries/BH1750FVI_RT/examples/BH1750FVI_cont_low_res/BH1750FVI_cont_low_res.ino:37:23: error: &#39;class BH1750FVI&#39; has no member named &#39;getLux&#39;
     float val = myLux.getLux();
                       ^~~~~~
Multiple libraries were found for &#34;BH1750FVI.h&#34;
  Used: /Users/alranel/Documents/git/arduino/arduino-testlib/cli-datadir/user/libraries/BH1750FVI
  Not used: /Users/alranel/Documents/git/arduino/arduino-testlib/cli-datadir/user/libraries/BH1750FVI_RT
</pre>
					
					<h4>examples/BH1750FVI_setAngle</h4>
					<p>
						Result: <b>FAIL</b>
					</p>
					<pre class="pre-scrollable">/Users/alranel/Documents/git/arduino/arduino-testlib/cli-datadir/user/libraries/BH1750FVI_RT/examples/BH1750FVI_setAngle/BH1750FVI_setAngle.ino:12:21: error: invalid conversion from &#39;int&#39; to &#39;BH1750FVI::eDeviceMode_t {aka BH1750FVI::eDeviceMode}&#39; [-fpermissive]
 BH1750FVI myLux(0x23);
                     ^
In file included from /Users/alranel/Documents/git/arduino/arduino-testlib/cli-datadir/user/libraries/BH1750FVI_RT/examples/BH1750FVI_setAngle/BH1750FVI_setAngle.ino:10:0:
/Users/alranel/Documents/git/arduino/arduino-testlib/cli-datadir/user/libraries/BH1750FVI/src/BH1750FVI.h:68:5: note:   initializing argument 1 of &#39;BH1750FVI::BH1750FVI(BH1750FVI::eDeviceMode_t)&#39;
     BH1750FVI(eDeviceMode_t DeviceMode);
     ^~~~~~~~~
/Users/alranel/Documents/git/arduino/arduino-testlib/cli-datadir/user/libraries/BH1750FVI_RT/examples/BH1750FVI_setAngle/BH1750FVI_setAngle.ino: In function &#39;void setup()&#39;:
/Users/alranel/Documents/git/arduino/arduino-testlib/cli-datadir/user/libraries/BH1750FVI_RT/examples/BH1750FVI_setAngle/BH1750FVI_setAngle.ino:24:9: error: &#39;class BH1750FVI&#39; has no member named &#39;powerOn&#39;
   myLux.powerOn();
         ^~~~~~~
/Users/alranel/Documents/git/arduino/arduino-testlib/cli-datadir/user/libraries/BH1750FVI_RT/examples/BH1750FVI_setAngle/BH1750FVI_setAngle.ino:25:9: error: &#39;class BH1750FVI&#39; has no member named &#39;setContHighRes&#39;; did you mean &#39;k_DevModeContHighRes&#39;?
   myLux.setContHighRes();
         ^~~~~~~~~~~~~~
         k_DevModeContHighRes
/Users/alranel/Documents/git/arduino/arduino-testlib/cli-datadir/user/libraries/BH1750FVI_RT/examples/BH1750FVI_setAngle/BH1750FVI_setAngle.ino: In function &#39;void loop()&#39;:
/Users/alranel/Documents/git/arduino/arduino-testlib/cli-datadir/user/libraries/BH1750FVI_RT/examples/BH1750FVI_setAngle/BH1750FVI_setAngle.ino:33:11: error: &#39;class BH1750FVI&#39; has no member named &#39;setAngle&#39;
     myLux.setAngle(x);
           ^~~~~~~~
/Users/alranel/Documents/git/arduino/arduino-testlib/cli-datadir/user/libraries/BH1750FVI_RT/examples/BH1750FVI_setAngle/BH1750FVI_setAngle.ino:34:23: error: &#39;class BH1750FVI&#39; has no member named &#39;getLux&#39;
     float val = myLux.getLux();
                       ^~~~~~
/Users/alranel/Documents/git/arduino/arduino-testlib/cli-datadir/user/libraries/BH1750FVI_RT/examples/BH1750FVI_setAngle/BH1750FVI_setAngle.ino:38:24: error: &#39;class BH1750FVI&#39; has no member named &#39;getAngle&#39;
     Serial.print(myLux.getAngle());
                        ^~~~~~~~
Multiple libraries were found for &#34;BH1750FVI.h&#34;
  Used: /Users/alranel/Documents/git/arduino/arduino-testlib/cli-datadir/user/libraries/BH1750FVI
  Not used: /Users/alranel/Documents/git/arduino/arduino-testlib/cli-datadir/user/libraries/BH1750FVI_RT
</pre>
					
					<h4>examples/BH1750FVI_setCorrectionFactor</h4>
					<p>
						Result: <b>FAIL</b>
					</p>
					<pre class="pre-scrollable">/Users/alranel/Documents/git/arduino/arduino-testlib/cli-datadir/user/libraries/BH1750FVI_RT/examples/BH1750FVI_setCorrectionFactor/BH1750FVI_setCorrectionFactor.ino:12:21: error: invalid conversion from &#39;int&#39; to &#39;BH1750FVI::eDeviceMode_t {aka BH1750FVI::eDeviceMode}&#39; [-fpermissive]
 BH1750FVI myLux(0x23);
                     ^
In file included from /Users/alranel/Documents/git/arduino/arduino-testlib/cli-datadir/user/libraries/BH1750FVI_RT/examples/BH1750FVI_setCorrectionFactor/BH1750FVI_setCorrectionFactor.ino:10:0:
/Users/alranel/Documents/git/arduino/arduino-testlib/cli-datadir/user/libraries/BH1750FVI/src/BH1750FVI.h:68:5: note:   initializing argument 1 of &#39;BH1750FVI::BH1750FVI(BH1750FVI::eDeviceMode_t)&#39;
     BH1750FVI(eDeviceMode_t DeviceMode);
     ^~~~~~~~~
/Users/alranel/Documents/git/arduino/arduino-testlib/cli-datadir/user/libraries/BH1750FVI_RT/examples/BH1750FVI_setCorrectionFactor/BH1750FVI_setCorrectionFactor.ino: In function &#39;void setup()&#39;:
/Users/alranel/Documents/git/arduino/arduino-testlib/cli-datadir/user/libraries/BH1750FVI_RT/examples/BH1750FVI_setCorrectionFactor/BH1750FVI_setCorrectionFactor.ino:28:9: error: &#39;class BH1750FVI&#39; has no member named &#39;powerOn&#39;
   myLux.powerOn();
         ^~~~~~~
/Users/alranel/Documents/git/arduino/arduino-testlib/cli-datadir/user/libraries/BH1750FVI_RT/examples/BH1750FVI_setCorrectionFactor/BH1750FVI_setCorrectionFactor.ino:29:9: error: &#39;class BH1750FVI&#39; has no member named &#39;setContHighRes&#39;; did you mean &#39;k_DevModeContHighRes&#39;?
   myLux.setContHighRes();
         ^~~~~~~~~~~~~~
         k_DevModeContHighRes
/Users/alranel/Documents/git/arduino/arduino-testlib/cli-datadir/user/libraries/BH1750FVI_RT/examples/BH1750FVI_setCorrectionFactor/BH1750FVI_setCorrectionFactor.ino: In function &#39;void loop()&#39;:
/Users/alranel/Documents/git/arduino/arduino-testlib/cli-datadir/user/libraries/BH1750FVI_RT/examples/BH1750FVI_setCorrectionFactor/BH1750FVI_setCorrectionFactor.ino:39:23: error: &#39;class BH1750FVI&#39; has no member named &#39;getLux&#39;
     float val = myLux.getLux();
                       ^~~~~~
/Users/alranel/Documents/git/arduino/arduino-testlib/cli-datadir/user/libraries/BH1750FVI_RT/examples/BH1750FVI_setCorrectionFactor/BH1750FVI_setCorrectionFactor.ino:43:24: error: &#39;class BH1750FVI&#39; has no member named &#39;getCorrectionFactor&#39;
     Serial.print(myLux.getCorrectionFactor(), 3);
                        ^~~~~~~~~~~~~~~~~~~
/Users/alranel/Documents/git/arduino/arduino-testlib/cli-datadir/user/libraries/BH1750FVI_RT/examples/BH1750FVI_setCorrectionFactor/BH1750FVI_setCorrectionFactor.ino:45:32: error: &#39;class BH1750FVI&#39; has no member named &#39;getCorrectionFactor&#39;
     Serial.println(val / myLux.getCorrectionFactor(), 1);
                                ^~~~~~~~~~~~~~~~~~~
/Users/alranel/Documents/git/arduino/arduino-testlib/cli-datadir/user/libraries/BH1750FVI_RT/examples/BH1750FVI_setCorrectionFactor/BH1750FVI_setCorrectionFactor.ino:48:11: error: &#39;class BH1750FVI&#39; has no member named &#39;setCorrectionFactor&#39;
     myLux.setCorrectionFactor(correctionFactor);  // 0.45 .. 3.68
           ^~~~~~~~~~~~~~~~~~~
Multiple libraries were found for &#34;BH1750FVI.h&#34;
  Used: /Users/alranel/Documents/git/arduino/arduino-testlib/cli-datadir/user/libraries/BH1750FVI
  Not used: /Users/alranel/Documents/git/arduino/arduino-testlib/cli-datadir/user/libraries/BH1750FVI_RT
</pre>
					
					<h4>examples/BH1750FVI_setTemperature</h4>
					<p>
						Result: <b>FAIL</b>
					</p>
					<pre class="pre-scrollable">/Users/alranel/Documents/git/arduino/arduino-testlib/cli-datadir/user/libraries/BH1750FVI_RT/examples/BH1750FVI_setTemperature/BH1750FVI_setTemperature.ino:12:21: error: invalid conversion from &#39;int&#39; to &#39;BH1750FVI::eDeviceMode_t {aka BH1750FVI::eDeviceMode}&#39; [-fpermissive]
 BH1750FVI myLux(0x23);
                     ^
In file included from /Users/alranel/Documents/git/arduino/arduino-testlib/cli-datadir/user/libraries/BH1750FVI_RT/examples/BH1750FVI_setTemperature/BH1750FVI_setTemperature.ino:10:0:
/Users/alranel/Documents/git/arduino/arduino-testlib/cli-datadir/user/libraries/BH1750FVI/src/BH1750FVI.h:68:5: note:   initializing argument 1 of &#39;BH1750FVI::BH1750FVI(BH1750FVI::eDeviceMode_t)&#39;
     BH1750FVI(eDeviceMode_t DeviceMode);
     ^~~~~~~~~
/Users/alranel/Documents/git/arduino/arduino-testlib/cli-datadir/user/libraries/BH1750FVI_RT/examples/BH1750FVI_setTemperature/BH1750FVI_setTemperature.ino: In function &#39;void setup()&#39;:
/Users/alranel/Documents/git/arduino/arduino-testlib/cli-datadir/user/libraries/BH1750FVI_RT/examples/BH1750FVI_setTemperature/BH1750FVI_setTemperature.ino:24:9: error: &#39;class BH1750FVI&#39; has no member named &#39;powerOn&#39;
   myLux.powerOn();
         ^~~~~~~
/Users/alranel/Documents/git/arduino/arduino-testlib/cli-datadir/user/libraries/BH1750FVI_RT/examples/BH1750FVI_setTemperature/BH1750FVI_setTemperature.ino:25:9: error: &#39;class BH1750FVI&#39; has no member named &#39;setContHighRes&#39;; did you mean &#39;k_DevModeContHighRes&#39;?
   myLux.setContHighRes();
         ^~~~~~~~~~~~~~
         k_DevModeContHighRes
/Users/alranel/Documents/git/arduino/arduino-testlib/cli-datadir/user/libraries/BH1750FVI_RT/examples/BH1750FVI_setTemperature/BH1750FVI_setTemperature.ino: In function &#39;void loop()&#39;:
/Users/alranel/Documents/git/arduino/arduino-testlib/cli-datadir/user/libraries/BH1750FVI_RT/examples/BH1750FVI_setTemperature/BH1750FVI_setTemperature.ino:33:11: error: &#39;class BH1750FVI&#39; has no member named &#39;setTemperature&#39;
     myLux.setTemperature(t);
           ^~~~~~~~~~~~~~
/Users/alranel/Documents/git/arduino/arduino-testlib/cli-datadir/user/libraries/BH1750FVI_RT/examples/BH1750FVI_setTemperature/BH1750FVI_setTemperature.ino:34:23: error: &#39;class BH1750FVI&#39; has no member named &#39;getLux&#39;
     float val = myLux.getLux();
                       ^~~~~~
/Users/alranel/Documents/git/arduino/arduino-testlib/cli-datadir/user/libraries/BH1750FVI_RT/examples/BH1750FVI_setTemperature/BH1750FVI_setTemperature.ino:38:24: error: &#39;class BH1750FVI&#39; has no member named &#39;getTemperature&#39;
     Serial.print(myLux.getTemperature());
                        ^~~~~~~~~~~~~~
Multiple libraries were found for &#34;BH1750FVI.h&#34;
  Used: /Users/alranel/Documents/git/arduino/arduino-testlib/cli-datadir/user/libraries/BH1750FVI
  Not used: /Users/alranel/Documents/git/arduino/arduino-testlib/cli-datadir/user/libraries/BH1750FVI_RT
</pre>
					
					<h4>examples/BH1750FVI_setWaveLength</h4>
					<p>
						Result: <b>FAIL</b>
					</p>
					<pre class="pre-scrollable">/Users/alranel/Documents/git/arduino/arduino-testlib/cli-datadir/user/libraries/BH1750FVI_RT/examples/BH1750FVI_setWaveLength/BH1750FVI_setWaveLength.ino:12:21: error: invalid conversion from &#39;int&#39; to &#39;BH1750FVI::eDeviceMode_t {aka BH1750FVI::eDeviceMode}&#39; [-fpermissive]
 BH1750FVI myLux(0x23);
                     ^
In file included from /Users/alranel/Documents/git/arduino/arduino-testlib/cli-datadir/user/libraries/BH1750FVI_RT/examples/BH1750FVI_setWaveLength/BH1750FVI_setWaveLength.ino:10:0:
/Users/alranel/Documents/git/arduino/arduino-testlib/cli-datadir/user/libraries/BH1750FVI/src/BH1750FVI.h:68:5: note:   initializing argument 1 of &#39;BH1750FVI::BH1750FVI(BH1750FVI::eDeviceMode_t)&#39;
     BH1750FVI(eDeviceMode_t DeviceMode);
     ^~~~~~~~~
/Users/alranel/Documents/git/arduino/arduino-testlib/cli-datadir/user/libraries/BH1750FVI_RT/examples/BH1750FVI_setWaveLength/BH1750FVI_setWaveLength.ino: In function &#39;void setup()&#39;:
/Users/alranel/Documents/git/arduino/arduino-testlib/cli-datadir/user/libraries/BH1750FVI_RT/examples/BH1750FVI_setWaveLength/BH1750FVI_setWaveLength.ino:24:9: error: &#39;class BH1750FVI&#39; has no member named &#39;powerOn&#39;
   myLux.powerOn();
         ^~~~~~~
/Users/alranel/Documents/git/arduino/arduino-testlib/cli-datadir/user/libraries/BH1750FVI_RT/examples/BH1750FVI_setWaveLength/BH1750FVI_setWaveLength.ino:25:9: error: &#39;class BH1750FVI&#39; has no member named &#39;setContHighRes&#39;; did you mean &#39;k_DevModeContHighRes&#39;?
   myLux.setContHighRes();
         ^~~~~~~~~~~~~~
         k_DevModeContHighRes
/Users/alranel/Documents/git/arduino/arduino-testlib/cli-datadir/user/libraries/BH1750FVI_RT/examples/BH1750FVI_setWaveLength/BH1750FVI_setWaveLength.ino:29:11: error: &#39;class BH1750FVI&#39; has no member named &#39;setWaveLength&#39;
     myLux.setWaveLength(wl);
           ^~~~~~~~~~~~~
/Users/alranel/Documents/git/arduino/arduino-testlib/cli-datadir/user/libraries/BH1750FVI_RT/examples/BH1750FVI_setWaveLength/BH1750FVI_setWaveLength.ino:30:23: error: &#39;class BH1750FVI&#39; has no member named &#39;getLux&#39;
     float val = myLux.getLux();
                       ^~~~~~
/Users/alranel/Documents/git/arduino/arduino-testlib/cli-datadir/user/libraries/BH1750FVI_RT/examples/BH1750FVI_setWaveLength/BH1750FVI_setWaveLength.ino:34:24: error: &#39;class BH1750FVI&#39; has no member named &#39;getWaveLength&#39;
     Serial.print(myLux.getWaveLength());
                        ^~~~~~~~~~~~~
Multiple libraries were found for &#34;BH1750FVI.h&#34;
  Used: /Users/alranel/Documents/git/arduino/arduino-testlib/cli-datadir/user/libraries/BH1750FVI
  Not used: /Users/alranel/Documents/git/arduino/arduino-testlib/cli-datadir/user/libraries/BH1750FVI_RT
</pre>
					
					<h4>examples/BH1750FVI_single_shot_3_res</h4>
					<p>
						Result: <b>FAIL</b>
					</p>
					<pre class="pre-scrollable">/Users/alranel/Documents/git/arduino/arduino-testlib/cli-datadir/user/libraries/BH1750FVI_RT/examples/BH1750FVI_single_shot_3_res/BH1750FVI_single_shot_3_res.ino:12:21: error: invalid conversion from &#39;int&#39; to &#39;BH1750FVI::eDeviceMode_t {aka BH1750FVI::eDeviceMode}&#39; [-fpermissive]
 BH1750FVI myLux(0x23);
                     ^
In file included from /Users/alranel/Documents/git/arduino/arduino-testlib/cli-datadir/user/libraries/BH1750FVI_RT/examples/BH1750FVI_single_shot_3_res/BH1750FVI_single_shot_3_res.ino:10:0:
/Users/alranel/Documents/git/arduino/arduino-testlib/cli-datadir/user/libraries/BH1750FVI/src/BH1750FVI.h:68:5: note:   initializing argument 1 of &#39;BH1750FVI::BH1750FVI(BH1750FVI::eDeviceMode_t)&#39;
     BH1750FVI(eDeviceMode_t DeviceMode);
     ^~~~~~~~~
/Users/alranel/Documents/git/arduino/arduino-testlib/cli-datadir/user/libraries/BH1750FVI_RT/examples/BH1750FVI_single_shot_3_res/BH1750FVI_single_shot_3_res.ino: In function &#39;void setup()&#39;:
/Users/alranel/Documents/git/arduino/arduino-testlib/cli-datadir/user/libraries/BH1750FVI_RT/examples/BH1750FVI_single_shot_3_res/BH1750FVI_single_shot_3_res.ino:28:9: error: &#39;class BH1750FVI&#39; has no member named &#39;powerOn&#39;
   myLux.powerOn();
         ^~~~~~~
/Users/alranel/Documents/git/arduino/arduino-testlib/cli-datadir/user/libraries/BH1750FVI_RT/examples/BH1750FVI_single_shot_3_res/BH1750FVI_single_shot_3_res.ino:29:9: error: &#39;class BH1750FVI&#39; has no member named &#39;setContLowRes&#39;; did you mean &#39;k_DevModeContLowRes&#39;?
   myLux.setContLowRes();
         ^~~~~~~~~~~~~
         k_DevModeContLowRes
/Users/alranel/Documents/git/arduino/arduino-testlib/cli-datadir/user/libraries/BH1750FVI_RT/examples/BH1750FVI_single_shot_3_res/BH1750FVI_single_shot_3_res.ino: In function &#39;void loop()&#39;:
/Users/alranel/Documents/git/arduino/arduino-testlib/cli-datadir/user/libraries/BH1750FVI_RT/examples/BH1750FVI_single_shot_3_res/BH1750FVI_single_shot_3_res.ino:40:9: error: &#39;class BH1750FVI&#39; has no member named &#39;setOnceLowRes&#39;
   myLux.setOnceLowRes();
         ^~~~~~~~~~~~~
/Users/alranel/Documents/git/arduino/arduino-testlib/cli-datadir/user/libraries/BH1750FVI_RT/examples/BH1750FVI_single_shot_3_res/BH1750FVI_single_shot_3_res.ino:42:15: error: &#39;class BH1750FVI&#39; has no member named &#39;getLux&#39;
   val = myLux.getLux();
               ^~~~~~
/Users/alranel/Documents/git/arduino/arduino-testlib/cli-datadir/user/libraries/BH1750FVI_RT/examples/BH1750FVI_single_shot_3_res/BH1750FVI_single_shot_3_res.ino:46:9: error: &#39;class BH1750FVI&#39; has no member named &#39;setOnceHighRes&#39;
   myLux.setOnceHighRes();
         ^~~~~~~~~~~~~~
/Users/alranel/Documents/git/arduino/arduino-testlib/cli-datadir/user/libraries/BH1750FVI_RT/examples/BH1750FVI_single_shot_3_res/BH1750FVI_single_shot_3_res.ino:48:15: error: &#39;class BH1750FVI&#39; has no member named &#39;getLux&#39;
   val = myLux.getLux();
               ^~~~~~
/Users/alranel/Documents/git/arduino/arduino-testlib/cli-datadir/user/libraries/BH1750FVI_RT/examples/BH1750FVI_single_shot_3_res/BH1750FVI_single_shot_3_res.ino:52:9: error: &#39;class BH1750FVI&#39; has no member named &#39;setOnceHigh2Res&#39;
   myLux.setOnceHigh2Res();
         ^~~~~~~~~~~~~~~
/Users/alranel/Documents/git/arduino/arduino-testlib/cli-datadir/user/libraries/BH1750FVI_RT/examples/BH1750FVI_single_shot_3_res/BH1750FVI_single_shot_3_res.ino:54:15: error: &#39;class BH1750FVI&#39; has no member named &#39;getLux&#39;
   val = myLux.getLux();
               ^~~~~~
/Users/alranel/Documents/git/arduino/arduino-testlib/cli-datadir/user/libraries/BH1750FVI_RT/examples/BH1750FVI_single_shot_3_res/BH1750FVI_single_shot_3_res.ino:58:9: error: &#39;class BH1750FVI&#39; has no member named &#39;setOnceHighRes&#39;
   myLux.setOnceHighRes();
         ^~~~~~~~~~~~~~
/Users/alranel/Documents/git/arduino/arduino-testlib/cli-datadir/user/libraries/BH1750FVI_RT/examples/BH1750FVI_single_shot_3_res/BH1750FVI_single_shot_3_res.ino:60:15: error: &#39;class BH1750FVI&#39; has no member named &#39;getRaw&#39;
   val = myLux.getRaw();
               ^~~~~~
Multiple libraries were found for &#34;BH1750FVI.h&#34;
  Used: /Users/alranel/Documents/git/arduino/arduino-testlib/cli-datadir/user/libraries/BH1750FVI
  Not used: /Users/alranel/Documents/git/arduino/arduino-testlib/cli-datadir/user/libraries/BH1750FVI_RT
</pre>
					
				
				<h3 id="esp32:esp32:d1_mini32">esp32:esp32:d1_mini32 @ 1.0.6</h3>
				<h4>Inclusion</h4>
				<p>
					Result: <b>PASS</b>
					
					<br />This library has no main header file so an empty one was created.
					
				</p>
				<pre class="pre-scrollable">Sketch uses 202538 bytes (15%) of program storage space. Maximum is 1310720 bytes.
Global variables use 13880 bytes (4%) of dynamic memory, leaving 313800 bytes for local variables. Maximum is 327680 bytes.
</pre>

					
					<h4>examples/BH1750FVI_angle_measurement</h4>
					<p>
						Result: <b>FAIL</b>
					</p>
					<pre class="pre-scrollable">/home/ec2-user/arduino-testlib/cli-datadir/user/libraries/BH1750FVI_RT/examples/BH1750FVI_angle_measurement/BH1750FVI_angle_measurement.ino:30:21: error: invalid conversion from &#39;int&#39; to &#39;BH1750FVI::eDeviceMode_t {aka BH1750FVI::eDeviceMode}&#39; [-fpermissive]
 BH1750FVI myLux(0x23);
                     ^
In file included from /home/ec2-user/arduino-testlib/cli-datadir/user/libraries/BH1750FVI_RT/examples/BH1750FVI_angle_measurement/BH1750FVI_angle_measurement.ino:28:0:
/home/ec2-user/arduino-testlib/cli-datadir/user/libraries/BH1750FVI/src/BH1750FVI.h:68:5: note:   initializing argument 1 of &#39;BH1750FVI::BH1750FVI(BH1750FVI::eDeviceMode_t)&#39;
     BH1750FVI(eDeviceMode_t DeviceMode);
     ^
/home/ec2-user/arduino-testlib/cli-datadir/user/libraries/BH1750FVI_RT/examples/BH1750FVI_angle_measurement/BH1750FVI_angle_measurement.ino: In function &#39;float measure(int, bool)&#39;:
/home/ec2-user/arduino-testlib/cli-datadir/user/libraries/BH1750FVI_RT/examples/BH1750FVI_angle_measurement/BH1750FVI_angle_measurement.ino:43:23: error: &#39;class BH1750FVI&#39; has no member named &#39;getLux&#39;
     float val = myLux.getLux();
                       ^
/home/ec2-user/arduino-testlib/cli-datadir/user/libraries/BH1750FVI_RT/examples/BH1750FVI_angle_measurement/BH1750FVI_angle_measurement.ino: In function &#39;void setup()&#39;:
/home/ec2-user/arduino-testlib/cli-datadir/user/libraries/BH1750FVI_RT/examples/BH1750FVI_angle_measurement/BH1750FVI_angle_measurement.ino:61:9: error: &#39;class BH1750FVI&#39; has no member named &#39;powerOn&#39;
   myLux.powerOn();
         ^
/home/ec2-user/arduino-testlib/cli-datadir/user/libraries/BH1750FVI_RT/examples/BH1750FVI_angle_measurement/BH1750FVI_angle_measurement.ino:62:9: error: &#39;class BH1750FVI&#39; has no member named &#39;setContHighRes&#39;
   myLux.setContHighRes();
         ^
Multiple libraries were found for &#34;BH1750FVI.h&#34;
  Used: /home/ec2-user/arduino-testlib/cli-datadir/user/libraries/BH1750FVI
  Not used: /home/ec2-user/arduino-testlib/cli-datadir/user/libraries/BH1750FVI_RT
</pre>
					
					<h4>examples/BH1750FVI_async</h4>
					<p>
						Result: <b>FAIL</b>
					</p>
					<pre class="pre-scrollable">/home/ec2-user/arduino-testlib/cli-datadir/user/libraries/BH1750FVI_RT/examples/BH1750FVI_async/BH1750FVI_async.ino:12:21: error: invalid conversion from &#39;int&#39; to &#39;BH1750FVI::eDeviceMode_t {aka BH1750FVI::eDeviceMode}&#39; [-fpermissive]
 BH1750FVI myLux(0x23);
                     ^
In file included from /home/ec2-user/arduino-testlib/cli-datadir/user/libraries/BH1750FVI_RT/examples/BH1750FVI_async/BH1750FVI_async.ino:10:0:
/home/ec2-user/arduino-testlib/cli-datadir/user/libraries/BH1750FVI/src/BH1750FVI.h:68:5: note:   initializing argument 1 of &#39;BH1750FVI::BH1750FVI(BH1750FVI::eDeviceMode_t)&#39;
     BH1750FVI(eDeviceMode_t DeviceMode);
     ^
/home/ec2-user/arduino-testlib/cli-datadir/user/libraries/BH1750FVI_RT/examples/BH1750FVI_async/BH1750FVI_async.ino: In function &#39;void setup()&#39;:
/home/ec2-user/arduino-testlib/cli-datadir/user/libraries/BH1750FVI_RT/examples/BH1750FVI_async/BH1750FVI_async.ino:27:9: error: &#39;class BH1750FVI&#39; has no member named &#39;powerOn&#39;
   myLux.powerOn();
         ^
/home/ec2-user/arduino-testlib/cli-datadir/user/libraries/BH1750FVI_RT/examples/BH1750FVI_async/BH1750FVI_async.ino:28:9: error: &#39;class BH1750FVI&#39; has no member named &#39;setContHighRes&#39;
   myLux.setContHighRes();
         ^
/home/ec2-user/arduino-testlib/cli-datadir/user/libraries/BH1750FVI_RT/examples/BH1750FVI_async/BH1750FVI_async.ino: In function &#39;void loop()&#39;:
/home/ec2-user/arduino-testlib/cli-datadir/user/libraries/BH1750FVI_RT/examples/BH1750FVI_async/BH1750FVI_async.ino:34:13: error: &#39;class BH1750FVI&#39; has no member named &#39;isReady&#39;
   if (myLux.isReady())
             ^
/home/ec2-user/arduino-testlib/cli-datadir/user/libraries/BH1750FVI_RT/examples/BH1750FVI_async/BH1750FVI_async.ino:36:23: error: &#39;class BH1750FVI&#39; has no member named &#39;getLux&#39;
     float val = myLux.getLux();
                       ^
/home/ec2-user/arduino-testlib/cli-datadir/user/libraries/BH1750FVI_RT/examples/BH1750FVI_async/BH1750FVI_async.ino:47:24: error: &#39;class BH1750FVI&#39; has no member named &#39;getMode&#39;
     Serial.print(myLux.getMode());
                        ^
/home/ec2-user/arduino-testlib/cli-datadir/user/libraries/BH1750FVI_RT/examples/BH1750FVI_async/BH1750FVI_async.ino:49:24: error: &#39;class BH1750FVI&#39; has no member named &#39;getCorrectionFactor&#39;
     Serial.print(myLux.getCorrectionFactor(), 2);
                        ^
/home/ec2-user/arduino-testlib/cli-datadir/user/libraries/BH1750FVI_RT/examples/BH1750FVI_async/BH1750FVI_async.ino:51:32: error: &#39;class BH1750FVI&#39; has no member named &#39;getCorrectionFactor&#39;
     Serial.println(val / myLux.getCorrectionFactor(), 1);
                                ^
/home/ec2-user/arduino-testlib/cli-datadir/user/libraries/BH1750FVI_RT/examples/BH1750FVI_async/BH1750FVI_async.ino:60:11: error: &#39;class BH1750FVI&#39; has no member named &#39;setCorrectionFactor&#39;
     myLux.setCorrectionFactor(correctionFactor);  // 0.45 .. 3.68
           ^
Multiple libraries were found for &#34;BH1750FVI.h&#34;
  Used: /home/ec2-user/arduino-testlib/cli-datadir/user/libraries/BH1750FVI
  Not used: /home/ec2-user/arduino-testlib/cli-datadir/user/libraries/BH1750FVI_RT
</pre>
					
					<h4>examples/BH1750FVI_cont_high_res</h4>
					<p>
						Result: <b>FAIL</b>
					</p>
					<pre class="pre-scrollable">/home/ec2-user/arduino-testlib/cli-datadir/user/libraries/BH1750FVI_RT/examples/BH1750FVI_cont_high_res/BH1750FVI_cont_high_res.ino:15:21: error: invalid conversion from &#39;int&#39; to &#39;BH1750FVI::eDeviceMode_t {aka BH1750FVI::eDeviceMode}&#39; [-fpermissive]
 BH1750FVI myLux(0x23);
                     ^
In file included from /home/ec2-user/arduino-testlib/cli-datadir/user/libraries/BH1750FVI_RT/examples/BH1750FVI_cont_high_res/BH1750FVI_cont_high_res.ino:13:0:
/home/ec2-user/arduino-testlib/cli-datadir/user/libraries/BH1750FVI/src/BH1750FVI.h:68:5: note:   initializing argument 1 of &#39;BH1750FVI::BH1750FVI(BH1750FVI::eDeviceMode_t)&#39;
     BH1750FVI(eDeviceMode_t DeviceMode);
     ^
/home/ec2-user/arduino-testlib/cli-datadir/user/libraries/BH1750FVI_RT/examples/BH1750FVI_cont_high_res/BH1750FVI_cont_high_res.ino: In function &#39;void setup()&#39;:
/home/ec2-user/arduino-testlib/cli-datadir/user/libraries/BH1750FVI_RT/examples/BH1750FVI_cont_high_res/BH1750FVI_cont_high_res.ino:29:9: error: &#39;class BH1750FVI&#39; has no member named &#39;powerOn&#39;
   myLux.powerOn();
         ^
/home/ec2-user/arduino-testlib/cli-datadir/user/libraries/BH1750FVI_RT/examples/BH1750FVI_cont_high_res/BH1750FVI_cont_high_res.ino:30:9: error: &#39;class BH1750FVI&#39; has no member named &#39;setContHighRes&#39;
   myLux.setContHighRes();
         ^
/home/ec2-user/arduino-testlib/cli-datadir/user/libraries/BH1750FVI_RT/examples/BH1750FVI_cont_high_res/BH1750FVI_cont_high_res.ino: In function &#39;void loop()&#39;:
/home/ec2-user/arduino-testlib/cli-datadir/user/libraries/BH1750FVI_RT/examples/BH1750FVI_cont_high_res/BH1750FVI_cont_high_res.ino:40:23: error: &#39;class BH1750FVI&#39; has no member named &#39;getLux&#39;
     float val = myLux.getLux();
                       ^
Multiple libraries were found for &#34;BH1750FVI.h&#34;
  Used: /home/ec2-user/arduino-testlib/cli-datadir/user/libraries/BH1750FVI
  Not used: /home/ec2-user/arduino-testlib/cli-datadir/user/libraries/BH1750FVI_RT
</pre>
					
					<h4>examples/BH1750FVI_cont_low_res</h4>
					<p>
						Result: <b>FAIL</b>
					</p>
					<pre class="pre-scrollable">/home/ec2-user/arduino-testlib/cli-datadir/user/libraries/BH1750FVI_RT/examples/BH1750FVI_cont_low_res/BH1750FVI_cont_low_res.ino:12:21: error: invalid conversion from &#39;int&#39; to &#39;BH1750FVI::eDeviceMode_t {aka BH1750FVI::eDeviceMode}&#39; [-fpermissive]
 BH1750FVI myLux(0x23);
                     ^
In file included from /home/ec2-user/arduino-testlib/cli-datadir/user/libraries/BH1750FVI_RT/examples/BH1750FVI_cont_low_res/BH1750FVI_cont_low_res.ino:10:0:
/home/ec2-user/arduino-testlib/cli-datadir/user/libraries/BH1750FVI/src/BH1750FVI.h:68:5: note:   initializing argument 1 of &#39;BH1750FVI::BH1750FVI(BH1750FVI::eDeviceMode_t)&#39;
     BH1750FVI(eDeviceMode_t DeviceMode);
     ^
/home/ec2-user/arduino-testlib/cli-datadir/user/libraries/BH1750FVI_RT/examples/BH1750FVI_cont_low_res/BH1750FVI_cont_low_res.ino: In function &#39;void setup()&#39;:
/home/ec2-user/arduino-testlib/cli-datadir/user/libraries/BH1750FVI_RT/examples/BH1750FVI_cont_low_res/BH1750FVI_cont_low_res.ino:26:9: error: &#39;class BH1750FVI&#39; has no member named &#39;powerOn&#39;
   myLux.powerOn();
         ^
/home/ec2-user/arduino-testlib/cli-datadir/user/libraries/BH1750FVI_RT/examples/BH1750FVI_cont_low_res/BH1750FVI_cont_low_res.ino:27:9: error: &#39;class BH1750FVI&#39; has no member named &#39;setContLowRes&#39;
   myLux.setContLowRes();
         ^
/home/ec2-user/arduino-testlib/cli-datadir/user/libraries/BH1750FVI_RT/examples/BH1750FVI_cont_low_res/BH1750FVI_cont_low_res.ino: In function &#39;void loop()&#39;:
/home/ec2-user/arduino-testlib/cli-datadir/user/libraries/BH1750FVI_RT/examples/BH1750FVI_cont_low_res/BH1750FVI_cont_low_res.ino:37:23: error: &#39;class BH1750FVI&#39; has no member named &#39;getLux&#39;
     float val = myLux.getLux();
                       ^
Multiple libraries were found for &#34;BH1750FVI.h&#34;
  Used: /home/ec2-user/arduino-testlib/cli-datadir/user/libraries/BH1750FVI
  Not used: /home/ec2-user/arduino-testlib/cli-datadir/user/libraries/BH1750FVI_RT
</pre>
					
					<h4>examples/BH1750FVI_setAngle</h4>
					<p>
						Result: <b>FAIL</b>
					</p>
					<pre class="pre-scrollable">/home/ec2-user/arduino-testlib/cli-datadir/user/libraries/BH1750FVI_RT/examples/BH1750FVI_setAngle/BH1750FVI_setAngle.ino:12:21: error: invalid conversion from &#39;int&#39; to &#39;BH1750FVI::eDeviceMode_t {aka BH1750FVI::eDeviceMode}&#39; [-fpermissive]
 BH1750FVI myLux(0x23);
                     ^
In file included from /home/ec2-user/arduino-testlib/cli-datadir/user/libraries/BH1750FVI_RT/examples/BH1750FVI_setAngle/BH1750FVI_setAngle.ino:10:0:
/home/ec2-user/arduino-testlib/cli-datadir/user/libraries/BH1750FVI/src/BH1750FVI.h:68:5: note:   initializing argument 1 of &#39;BH1750FVI::BH1750FVI(BH1750FVI::eDeviceMode_t)&#39;
     BH1750FVI(eDeviceMode_t DeviceMode);
     ^
/home/ec2-user/arduino-testlib/cli-datadir/user/libraries/BH1750FVI_RT/examples/BH1750FVI_setAngle/BH1750FVI_setAngle.ino: In function &#39;void setup()&#39;:
/home/ec2-user/arduino-testlib/cli-datadir/user/libraries/BH1750FVI_RT/examples/BH1750FVI_setAngle/BH1750FVI_setAngle.ino:24:9: error: &#39;class BH1750FVI&#39; has no member named &#39;powerOn&#39;
   myLux.powerOn();
         ^
/home/ec2-user/arduino-testlib/cli-datadir/user/libraries/BH1750FVI_RT/examples/BH1750FVI_setAngle/BH1750FVI_setAngle.ino:25:9: error: &#39;class BH1750FVI&#39; has no member named &#39;setContHighRes&#39;
   myLux.setContHighRes();
         ^
/home/ec2-user/arduino-testlib/cli-datadir/user/libraries/BH1750FVI_RT/examples/BH1750FVI_setAngle/BH1750FVI_setAngle.ino: In function &#39;void loop()&#39;:
/home/ec2-user/arduino-testlib/cli-datadir/user/libraries/BH1750FVI_RT/examples/BH1750FVI_setAngle/BH1750FVI_setAngle.ino:33:11: error: &#39;class BH1750FVI&#39; has no member named &#39;setAngle&#39;
     myLux.setAngle(x);
           ^
/home/ec2-user/arduino-testlib/cli-datadir/user/libraries/BH1750FVI_RT/examples/BH1750FVI_setAngle/BH1750FVI_setAngle.ino:34:23: error: &#39;class BH1750FVI&#39; has no member named &#39;getLux&#39;
     float val = myLux.getLux();
                       ^
/home/ec2-user/arduino-testlib/cli-datadir/user/libraries/BH1750FVI_RT/examples/BH1750FVI_setAngle/BH1750FVI_setAngle.ino:38:24: error: &#39;class BH1750FVI&#39; has no member named &#39;getAngle&#39;
     Serial.print(myLux.getAngle());
                        ^
Multiple libraries were found for &#34;BH1750FVI.h&#34;
  Used: /home/ec2-user/arduino-testlib/cli-datadir/user/libraries/BH1750FVI
  Not used: /home/ec2-user/arduino-testlib/cli-datadir/user/libraries/BH1750FVI_RT
</pre>
					
					<h4>examples/BH1750FVI_setCorrectionFactor</h4>
					<p>
						Result: <b>FAIL</b>
					</p>
					<pre class="pre-scrollable">/home/ec2-user/arduino-testlib/cli-datadir/user/libraries/BH1750FVI_RT/examples/BH1750FVI_setCorrectionFactor/BH1750FVI_setCorrectionFactor.ino:12:21: error: invalid conversion from &#39;int&#39; to &#39;BH1750FVI::eDeviceMode_t {aka BH1750FVI::eDeviceMode}&#39; [-fpermissive]
 BH1750FVI myLux(0x23);
                     ^
In file included from /home/ec2-user/arduino-testlib/cli-datadir/user/libraries/BH1750FVI_RT/examples/BH1750FVI_setCorrectionFactor/BH1750FVI_setCorrectionFactor.ino:10:0:
/home/ec2-user/arduino-testlib/cli-datadir/user/libraries/BH1750FVI/src/BH1750FVI.h:68:5: note:   initializing argument 1 of &#39;BH1750FVI::BH1750FVI(BH1750FVI::eDeviceMode_t)&#39;
     BH1750FVI(eDeviceMode_t DeviceMode);
     ^
/home/ec2-user/arduino-testlib/cli-datadir/user/libraries/BH1750FVI_RT/examples/BH1750FVI_setCorrectionFactor/BH1750FVI_setCorrectionFactor.ino: In function &#39;void setup()&#39;:
/home/ec2-user/arduino-testlib/cli-datadir/user/libraries/BH1750FVI_RT/examples/BH1750FVI_setCorrectionFactor/BH1750FVI_setCorrectionFactor.ino:28:9: error: &#39;class BH1750FVI&#39; has no member named &#39;powerOn&#39;
   myLux.powerOn();
         ^
/home/ec2-user/arduino-testlib/cli-datadir/user/libraries/BH1750FVI_RT/examples/BH1750FVI_setCorrectionFactor/BH1750FVI_setCorrectionFactor.ino:29:9: error: &#39;class BH1750FVI&#39; has no member named &#39;setContHighRes&#39;
   myLux.setContHighRes();
         ^
/home/ec2-user/arduino-testlib/cli-datadir/user/libraries/BH1750FVI_RT/examples/BH1750FVI_setCorrectionFactor/BH1750FVI_setCorrectionFactor.ino: In function &#39;void loop()&#39;:
/home/ec2-user/arduino-testlib/cli-datadir/user/libraries/BH1750FVI_RT/examples/BH1750FVI_setCorrectionFactor/BH1750FVI_setCorrectionFactor.ino:39:23: error: &#39;class BH1750FVI&#39; has no member named &#39;getLux&#39;
     float val = myLux.getLux();
                       ^
/home/ec2-user/arduino-testlib/cli-datadir/user/libraries/BH1750FVI_RT/examples/BH1750FVI_setCorrectionFactor/BH1750FVI_setCorrectionFactor.ino:43:24: error: &#39;class BH1750FVI&#39; has no member named &#39;getCorrectionFactor&#39;
     Serial.print(myLux.getCorrectionFactor(), 3);
                        ^
/home/ec2-user/arduino-testlib/cli-datadir/user/libraries/BH1750FVI_RT/examples/BH1750FVI_setCorrectionFactor/BH1750FVI_setCorrectionFactor.ino:45:32: error: &#39;class BH1750FVI&#39; has no member named &#39;getCorrectionFactor&#39;
     Serial.println(val / myLux.getCorrectionFactor(), 1);
                                ^
/home/ec2-user/arduino-testlib/cli-datadir/user/libraries/BH1750FVI_RT/examples/BH1750FVI_setCorrectionFactor/BH1750FVI_setCorrectionFactor.ino:48:11: error: &#39;class BH1750FVI&#39; has no member named &#39;setCorrectionFactor&#39;
     myLux.setCorrectionFactor(correctionFactor);  // 0.45 .. 3.68
           ^
Multiple libraries were found for &#34;BH1750FVI.h&#34;
  Used: /home/ec2-user/arduino-testlib/cli-datadir/user/libraries/BH1750FVI
  Not used: /home/ec2-user/arduino-testlib/cli-datadir/user/libraries/BH1750FVI_RT
</pre>
					
					<h4>examples/BH1750FVI_setTemperature</h4>
					<p>
						Result: <b>FAIL</b>
					</p>
					<pre class="pre-scrollable">/home/ec2-user/arduino-testlib/cli-datadir/user/libraries/BH1750FVI_RT/examples/BH1750FVI_setTemperature/BH1750FVI_setTemperature.ino:12:21: error: invalid conversion from &#39;int&#39; to &#39;BH1750FVI::eDeviceMode_t {aka BH1750FVI::eDeviceMode}&#39; [-fpermissive]
 BH1750FVI myLux(0x23);
                     ^
In file included from /home/ec2-user/arduino-testlib/cli-datadir/user/libraries/BH1750FVI_RT/examples/BH1750FVI_setTemperature/BH1750FVI_setTemperature.ino:10:0:
/home/ec2-user/arduino-testlib/cli-datadir/user/libraries/BH1750FVI/src/BH1750FVI.h:68:5: note:   initializing argument 1 of &#39;BH1750FVI::BH1750FVI(BH1750FVI::eDeviceMode_t)&#39;
     BH1750FVI(eDeviceMode_t DeviceMode);
     ^
/home/ec2-user/arduino-testlib/cli-datadir/user/libraries/BH1750FVI_RT/examples/BH1750FVI_setTemperature/BH1750FVI_setTemperature.ino: In function &#39;void setup()&#39;:
/home/ec2-user/arduino-testlib/cli-datadir/user/libraries/BH1750FVI_RT/examples/BH1750FVI_setTemperature/BH1750FVI_setTemperature.ino:24:9: error: &#39;class BH1750FVI&#39; has no member named &#39;powerOn&#39;
   myLux.powerOn();
         ^
/home/ec2-user/arduino-testlib/cli-datadir/user/libraries/BH1750FVI_RT/examples/BH1750FVI_setTemperature/BH1750FVI_setTemperature.ino:25:9: error: &#39;class BH1750FVI&#39; has no member named &#39;setContHighRes&#39;
   myLux.setContHighRes();
         ^
/home/ec2-user/arduino-testlib/cli-datadir/user/libraries/BH1750FVI_RT/examples/BH1750FVI_setTemperature/BH1750FVI_setTemperature.ino: In function &#39;void loop()&#39;:
/home/ec2-user/arduino-testlib/cli-datadir/user/libraries/BH1750FVI_RT/examples/BH1750FVI_setTemperature/BH1750FVI_setTemperature.ino:33:11: error: &#39;class BH1750FVI&#39; has no member named &#39;setTemperature&#39;
     myLux.setTemperature(t);
           ^
/home/ec2-user/arduino-testlib/cli-datadir/user/libraries/BH1750FVI_RT/examples/BH1750FVI_setTemperature/BH1750FVI_setTemperature.ino:34:23: error: &#39;class BH1750FVI&#39; has no member named &#39;getLux&#39;
     float val = myLux.getLux();
                       ^
/home/ec2-user/arduino-testlib/cli-datadir/user/libraries/BH1750FVI_RT/examples/BH1750FVI_setTemperature/BH1750FVI_setTemperature.ino:38:24: error: &#39;class BH1750FVI&#39; has no member named &#39;getTemperature&#39;
     Serial.print(myLux.getTemperature());
                        ^
Multiple libraries were found for &#34;BH1750FVI.h&#34;
  Used: /home/ec2-user/arduino-testlib/cli-datadir/user/libraries/BH1750FVI
  Not used: /home/ec2-user/arduino-testlib/cli-datadir/user/libraries/BH1750FVI_RT
</pre>
					
					<h4>examples/BH1750FVI_setWaveLength</h4>
					<p>
						Result: <b>FAIL</b>
					</p>
					<pre class="pre-scrollable">/home/ec2-user/arduino-testlib/cli-datadir/user/libraries/BH1750FVI_RT/examples/BH1750FVI_setWaveLength/BH1750FVI_setWaveLength.ino:12:21: error: invalid conversion from &#39;int&#39; to &#39;BH1750FVI::eDeviceMode_t {aka BH1750FVI::eDeviceMode}&#39; [-fpermissive]
 BH1750FVI myLux(0x23);
                     ^
In file included from /home/ec2-user/arduino-testlib/cli-datadir/user/libraries/BH1750FVI_RT/examples/BH1750FVI_setWaveLength/BH1750FVI_setWaveLength.ino:10:0:
/home/ec2-user/arduino-testlib/cli-datadir/user/libraries/BH1750FVI/src/BH1750FVI.h:68:5: note:   initializing argument 1 of &#39;BH1750FVI::BH1750FVI(BH1750FVI::eDeviceMode_t)&#39;
     BH1750FVI(eDeviceMode_t DeviceMode);
     ^
/home/ec2-user/arduino-testlib/cli-datadir/user/libraries/BH1750FVI_RT/examples/BH1750FVI_setWaveLength/BH1750FVI_setWaveLength.ino: In function &#39;void setup()&#39;:
/home/ec2-user/arduino-testlib/cli-datadir/user/libraries/BH1750FVI_RT/examples/BH1750FVI_setWaveLength/BH1750FVI_setWaveLength.ino:24:9: error: &#39;class BH1750FVI&#39; has no member named &#39;powerOn&#39;
   myLux.powerOn();
         ^
/home/ec2-user/arduino-testlib/cli-datadir/user/libraries/BH1750FVI_RT/examples/BH1750FVI_setWaveLength/BH1750FVI_setWaveLength.ino:25:9: error: &#39;class BH1750FVI&#39; has no member named &#39;setContHighRes&#39;
   myLux.setContHighRes();
         ^
/home/ec2-user/arduino-testlib/cli-datadir/user/libraries/BH1750FVI_RT/examples/BH1750FVI_setWaveLength/BH1750FVI_setWaveLength.ino:29:11: error: &#39;class BH1750FVI&#39; has no member named &#39;setWaveLength&#39;
     myLux.setWaveLength(wl);
           ^
/home/ec2-user/arduino-testlib/cli-datadir/user/libraries/BH1750FVI_RT/examples/BH1750FVI_setWaveLength/BH1750FVI_setWaveLength.ino:30:23: error: &#39;class BH1750FVI&#39; has no member named &#39;getLux&#39;
     float val = myLux.getLux();
                       ^
/home/ec2-user/arduino-testlib/cli-datadir/user/libraries/BH1750FVI_RT/examples/BH1750FVI_setWaveLength/BH1750FVI_setWaveLength.ino:34:24: error: &#39;class BH1750FVI&#39; has no member named &#39;getWaveLength&#39;
     Serial.print(myLux.getWaveLength());
                        ^
Multiple libraries were found for &#34;BH1750FVI.h&#34;
  Used: /home/ec2-user/arduino-testlib/cli-datadir/user/libraries/BH1750FVI
  Not used: /home/ec2-user/arduino-testlib/cli-datadir/user/libraries/BH1750FVI_RT
</pre>
					
					<h4>examples/BH1750FVI_single_shot_3_res</h4>
					<p>
						Result: <b>FAIL</b>
					</p>
					<pre class="pre-scrollable">/home/ec2-user/arduino-testlib/cli-datadir/user/libraries/BH1750FVI_RT/examples/BH1750FVI_single_shot_3_res/BH1750FVI_single_shot_3_res.ino:12:21: error: invalid conversion from &#39;int&#39; to &#39;BH1750FVI::eDeviceMode_t {aka BH1750FVI::eDeviceMode}&#39; [-fpermissive]
 BH1750FVI myLux(0x23);
                     ^
In file included from /home/ec2-user/arduino-testlib/cli-datadir/user/libraries/BH1750FVI_RT/examples/BH1750FVI_single_shot_3_res/BH1750FVI_single_shot_3_res.ino:10:0:
/home/ec2-user/arduino-testlib/cli-datadir/user/libraries/BH1750FVI/src/BH1750FVI.h:68:5: note:   initializing argument 1 of &#39;BH1750FVI::BH1750FVI(BH1750FVI::eDeviceMode_t)&#39;
     BH1750FVI(eDeviceMode_t DeviceMode);
     ^
/home/ec2-user/arduino-testlib/cli-datadir/user/libraries/BH1750FVI_RT/examples/BH1750FVI_single_shot_3_res/BH1750FVI_single_shot_3_res.ino: In function &#39;void setup()&#39;:
/home/ec2-user/arduino-testlib/cli-datadir/user/libraries/BH1750FVI_RT/examples/BH1750FVI_single_shot_3_res/BH1750FVI_single_shot_3_res.ino:28:9: error: &#39;class BH1750FVI&#39; has no member named &#39;powerOn&#39;
   myLux.powerOn();
         ^
/home/ec2-user/arduino-testlib/cli-datadir/user/libraries/BH1750FVI_RT/examples/BH1750FVI_single_shot_3_res/BH1750FVI_single_shot_3_res.ino:29:9: error: &#39;class BH1750FVI&#39; has no member named &#39;setContLowRes&#39;
   myLux.setContLowRes();
         ^
/home/ec2-user/arduino-testlib/cli-datadir/user/libraries/BH1750FVI_RT/examples/BH1750FVI_single_shot_3_res/BH1750FVI_single_shot_3_res.ino: In function &#39;void loop()&#39;:
/home/ec2-user/arduino-testlib/cli-datadir/user/libraries/BH1750FVI_RT/examples/BH1750FVI_single_shot_3_res/BH1750FVI_single_shot_3_res.ino:40:9: error: &#39;class BH1750FVI&#39; has no member named &#39;setOnceLowRes&#39;
   myLux.setOnceLowRes();
         ^
/home/ec2-user/arduino-testlib/cli-datadir/user/libraries/BH1750FVI_RT/examples/BH1750FVI_single_shot_3_res/BH1750FVI_single_shot_3_res.ino:42:15: error: &#39;class BH1750FVI&#39; has no member named &#39;getLux&#39;
   val = myLux.getLux();
               ^
/home/ec2-user/arduino-testlib/cli-datadir/user/libraries/BH1750FVI_RT/examples/BH1750FVI_single_shot_3_res/BH1750FVI_single_shot_3_res.ino:46:9: error: &#39;class BH1750FVI&#39; has no member named &#39;setOnceHighRes&#39;
   myLux.setOnceHighRes();
         ^
/home/ec2-user/arduino-testlib/cli-datadir/user/libraries/BH1750FVI_RT/examples/BH1750FVI_single_shot_3_res/BH1750FVI_single_shot_3_res.ino:48:15: error: &#39;class BH1750FVI&#39; has no member named &#39;getLux&#39;
   val = myLux.getLux();
               ^
/home/ec2-user/arduino-testlib/cli-datadir/user/libraries/BH1750FVI_RT/examples/BH1750FVI_single_shot_3_res/BH1750FVI_single_shot_3_res.ino:52:9: error: &#39;class BH1750FVI&#39; has no member named &#39;setOnceHigh2Res&#39;
   myLux.setOnceHigh2Res();
         ^
/home/ec2-user/arduino-testlib/cli-datadir/user/libraries/BH1750FVI_RT/examples/BH1750FVI_single_shot_3_res/BH1750FVI_single_shot_3_res.ino:54:15: error: &#39;class BH1750FVI&#39; has no member named &#39;getLux&#39;
   val = myLux.getLux();
               ^
/home/ec2-user/arduino-testlib/cli-datadir/user/libraries/BH1750FVI_RT/examples/BH1750FVI_single_shot_3_res/BH1750FVI_single_shot_3_res.ino:58:9: error: &#39;class BH1750FVI&#39; has no member named &#39;setOnceHighRes&#39;
   myLux.setOnceHighRes();
         ^
/home/ec2-user/arduino-testlib/cli-datadir/user/libraries/BH1750FVI_RT/examples/BH1750FVI_single_shot_3_res/BH1750FVI_single_shot_3_res.ino:60:15: error: &#39;class BH1750FVI&#39; has no member named &#39;getRaw&#39;
   val = myLux.getRaw();
               ^
Multiple libraries were found for &#34;BH1750FVI.h&#34;
  Used: /home/ec2-user/arduino-testlib/cli-datadir/user/libraries/BH1750FVI
  Not used: /home/ec2-user/arduino-testlib/cli-datadir/user/libraries/BH1750FVI_RT
</pre>
					
				
			</div>
		</div>
	</div>
  </body>
</html>
