
<!doctype html>
<html lang="en">
  <head>
    <meta charset="utf-8">
    <meta name="viewport" content="width=device-width, initial-scale=1">
    <link href="https://cdn.jsdelivr.net/npm/bootstrap@5.0.2/dist/css/bootstrap.min.css" rel="stylesheet" integrity="sha384-EVSTQN3/azprG1Anm3QDgpJLIm9Nao0Yz1ztcQTwFspd3yD65VohhpuuCOmLASjC" crossorigin="anonymous">
    <title>arduino-testlib report</title>
	<style>
	.pass { background-color: #00FF00 !important; }
	.fail { background-color: #FF0000 !important; }
	</style>
  </head>
  <body>
	<div class="container">
		<div class="row">
			<div class="col">
				<h1>Bolder Flight Systems UBLOX - compatibility matrix</h1>
				<p>
					<small>This report was generated on Wednesday, 23-Feb-22 22:48:15 CET using 
					<a href="https://github.com/alranel/arduino-testlib">arduino-testlib</a>.</small>
				</p>

				<h2>Bolder Flight Systems UBLOX</h2>
				<p>
					Version: <b>4.0.1</b>
					<br />
					<a href="https://www.arduino.cc/reference/en/libraries/bolder-flight-systems-ublox/">More details</a>
				</p>

				<h2>Compatibility matrix</h2>
				<table class="table table-bordered">
					<tr>
						<th>Board</th>
						<th>Claims compatibility</th>
						<th>Inclusion</th>
						
						<th><pre>arduino</pre></th>
						
						<th><pre>cmake</pre></th>
						
					</tr>
					
					<tr>
						<td>
							<a href="#arduino%3aavr%3auno"><b>arduino:avr:uno</b></a>
							<br />
							<small>1.8.4</small>
						</td>

						
						
						
							<td>Yes ⚠️</td>
							<td class="fail">FAIL</td>
						
						

						
							
								
									
										
											
											<td class="fail">FAIL</td>
										
									
										
									
								
							
								
							
								
							
								
							
								
							
						
							
								
									
										
									
										
											
											<td class="fail">FAIL</td>
										
									
								
							
								
							
								
							
								
							
								
							
						
					</tr>
					
					<tr>
						<td>
							<a href="#arduino%3ambed_nano%3ananorp2040connect"><b>arduino:mbed_nano:nanorp2040connect</b></a>
							<br />
							<small>2.7.2</small>
						</td>

						
						
						
							<td>Yes ⚠️</td>
							<td class="fail">FAIL</td>
						
						

						
							
								
							
								
									
										
											
											<td class="fail">FAIL</td>
										
									
										
									
								
							
								
							
								
							
								
							
						
							
								
							
								
									
										
									
										
											
											<td class="fail">FAIL</td>
										
									
								
							
								
							
								
							
								
							
						
					</tr>
					
					<tr>
						<td>
							<a href="#arduino%3amegaavr%3anona4809"><b>arduino:megaavr:nona4809</b></a>
							<br />
							<small>1.8.7</small>
						</td>

						
						
						
							<td>Yes ⚠️</td>
							<td class="fail">FAIL</td>
						
						

						
							
								
							
								
							
								
									
										
											
											<td class="fail">FAIL</td>
										
									
										
									
								
							
								
							
								
							
						
							
								
							
								
							
								
									
										
									
										
											
											<td class="fail">FAIL</td>
										
									
								
							
								
							
								
							
						
					</tr>
					
					<tr>
						<td>
							<a href="#arduino%3asamd%3amkrwifi1010"><b>arduino:samd:mkrwifi1010</b></a>
							<br />
							<small>1.8.12</small>
						</td>

						
						
						
							<td>Yes ⚠️</td>
							<td class="fail">FAIL</td>
						
						

						
							
								
							
								
							
								
							
								
									
										
											
											<td class="fail">FAIL</td>
										
									
										
									
								
							
								
							
						
							
								
							
								
							
								
							
								
									
										
									
										
											
											<td class="fail">FAIL</td>
										
									
								
							
								
							
						
					</tr>
					
					<tr>
						<td>
							<a href="#esp32%3aesp32%3ad1_mini32"><b>esp32:esp32:d1_mini32</b></a>
							<br />
							<small>1.0.6</small>
						</td>

						
						
						
							<td>Yes ⚠️</td>
							<td class="fail">FAIL</td>
						
						

						
							
								
							
								
							
								
							
								
							
								
									
										
											
											<td class="fail">FAIL</td>
										
									
										
									
								
							
						
							
								
							
								
							
								
							
								
							
								
									
										
									
										
											
											<td class="fail">FAIL</td>
										
									
								
							
						
					</tr>
					
				</table>

				<h2>Compilation logs</h2>
				
				<h3 id="arduino:avr:uno">arduino:avr:uno @ 1.8.4</h3>
				<h4>Inclusion</h4>
				<p>
					Result: <b>FAIL</b>
					
				</p>
				<pre class="pre-scrollable">In file included from /tmp/arduino-testlib3185919432/test/test.ino:1:0:
/home/ec2-user/arduino-testlib/cli-datadir/user/libraries/Bolder_Flight_Systems_UBLOX/src/ubx.h:34:10: fatal error: cstddef: No such file or directory
 #include &lt;cstddef&gt;
          ^~~~~~~~~
compilation terminated.

</pre>

					
					<h4>examples/arduino</h4>
					<p>
						Result: <b>FAIL</b>
					</p>
					<pre class="pre-scrollable"></pre>
					
					<h4>examples/cmake</h4>
					<p>
						Result: <b>FAIL</b>
					</p>
					<pre class="pre-scrollable"></pre>
					
				
				<h3 id="arduino:mbed_nano:nanorp2040connect">arduino:mbed_nano:nanorp2040connect @ 2.7.2</h3>
				<h4>Inclusion</h4>
				<p>
					Result: <b>FAIL</b>
					
				</p>
				<pre class="pre-scrollable">In file included from /tmp/arduino-sketch-7A91C9AAFB57801D4D684EA47E3BBC9D/sketch/test.ino.cpp:1:0:
/home/ec2-user/arduino-testlib/cli-datadir/data/packages/arduino/tools/arm-none-eabi-gcc/7-2017q4/arm-none-eabi/include/c&#43;&#43;/7.2.1/complex:69:30: error: expected unqualified-id before &#39;const&#39;
   template&lt;typename _Tp&gt; _Tp abs(const complex&lt;_Tp&gt;&amp;);
                              ^
/home/ec2-user/arduino-testlib/cli-datadir/data/packages/arduino/tools/arm-none-eabi-gcc/7-2017q4/arm-none-eabi/include/c&#43;&#43;/7.2.1/complex:69:30: error: expected &#39;)&#39; before &#39;const&#39;
/home/ec2-user/arduino-testlib/cli-datadir/data/packages/arduino/tools/arm-none-eabi-gcc/7-2017q4/arm-none-eabi/include/c&#43;&#43;/7.2.1/complex:69:30: error: expected &#39;)&#39; before &#39;const&#39;
/home/ec2-user/arduino-testlib/cli-datadir/data/packages/arduino/tools/arm-none-eabi-gcc/7-2017q4/arm-none-eabi/include/c&#43;&#43;/7.2.1/complex:601:5: error: expected unqualified-id before &#39;const&#39;
     abs(const complex&lt;_Tp&gt;&amp; __z) { return __complex_abs(__z); }
     ^
/home/ec2-user/arduino-testlib/cli-datadir/data/packages/arduino/tools/arm-none-eabi-gcc/7-2017q4/arm-none-eabi/include/c&#43;&#43;/7.2.1/complex:601:5: error: expected &#39;)&#39; before &#39;const&#39;
/home/ec2-user/arduino-testlib/cli-datadir/data/packages/arduino/tools/arm-none-eabi-gcc/7-2017q4/arm-none-eabi/include/c&#43;&#43;/7.2.1/complex:601:5: error: expected &#39;)&#39; before &#39;const&#39;
/home/ec2-user/arduino-testlib/cli-datadir/data/packages/arduino/tools/arm-none-eabi-gcc/7-2017q4/arm-none-eabi/include/c&#43;&#43;/7.2.1/complex: In static member function &#39;static _Tp std::_Norm_helper&lt;true&gt;::_S_do_it(const std::complex&lt;_Tp&gt;&amp;)&#39;:
/home/ec2-user/arduino-testlib/cli-datadir/data/packages/arduino/hardware/mbed_nano/2.7.2/cores/arduino/Arduino.h:63:16: error: expected unqualified-id before &#39;(&#39; token
 #define abs(x) ((x)&gt;0?(x):-(x))
                ^
In file included from /home/ec2-user/arduino-testlib/cli-datadir/user/libraries/Bolder_Flight_Systems_Eigen/src/Eigen/Core:50:0,
                 from /home/ec2-user/arduino-testlib/cli-datadir/user/libraries/Bolder_Flight_Systems_Eigen/src/eigen.h:36,
                 from /home/ec2-user/arduino-testlib/cli-datadir/user/libraries/Bolder_Flight_Systems_UBLOX/src/ubx.h:36,
                 from /tmp/arduino-testlib417394027/test/test.ino:1:
/home/ec2-user/arduino-testlib/cli-datadir/data/packages/arduino/tools/arm-none-eabi-gcc/7-2017q4/arm-none-eabi/include/c&#43;&#43;/7.2.1/complex: In function &#39;std::complex&lt;_Tp&gt; std::__complex_log(const std::complex&lt;_Tp&gt;&amp;)&#39;:
/home/ec2-user/arduino-testlib/cli-datadir/data/packages/arduino/tools/arm-none-eabi-gcc/7-2017q4/arm-none-eabi/include/c&#43;&#43;/7.2.1/complex:773:26: error: expected primary-expression before &#39;(&#39; token
     { return complex&lt;_Tp&gt;(log(std::abs(__z)), std::arg(__z)); }
                          ^
In file included from /tmp/arduino-sketch-7A91C9AAFB57801D4D684EA47E3BBC9D/sketch/test.ino.cpp:1:0:
/home/ec2-user/arduino-testlib/cli-datadir/data/packages/arduino/hardware/mbed_nano/2.7.2/cores/arduino/Arduino.h:63:16: error: expected unqualified-id before &#39;(&#39; token
 #define abs(x) ((x)&gt;0?(x):-(x))
                ^
/home/ec2-user/arduino-testlib/cli-datadir/data/packages/arduino/tools/arm-none-eabi-gcc/7-2017q4/arm-none-eabi/include/c&#43;&#43;/7.2.1/complex: In function &#39;std::complex&lt;_Tp&gt; std::__complex_sqrt(const std::complex&lt;_Tp&gt;&amp;)&#39;:
/home/ec2-user/arduino-testlib/cli-datadir/data/packages/arduino/hardware/mbed_nano/2.7.2/cores/arduino/Arduino.h:63:16: error: expected unqualified-id before &#39;(&#39; token
 #define abs(x) ((x)&gt;0?(x):-(x))
                ^
/home/ec2-user/arduino-testlib/cli-datadir/data/packages/arduino/tools/arm-none-eabi-gcc/7-2017q4/arm-none-eabi/include/c&#43;&#43;/7.2.1/complex: In function &#39;_Tp std::fabs(const std::complex&lt;_Tp&gt;&amp;)&#39;:
/home/ec2-user/arduino-testlib/cli-datadir/data/packages/arduino/hardware/mbed_nano/2.7.2/cores/arduino/Arduino.h:63:16: error: expected unqualified-id before &#39;(&#39; token
 #define abs(x) ((x)&gt;0?(x):-(x))
                ^
/home/ec2-user/arduino-testlib/cli-datadir/user/libraries/Bolder_Flight_Systems_Eigen/src/Eigen/src/Core/MathFunctions.h: At global scope:
/home/ec2-user/arduino-testlib/cli-datadir/user/libraries/Bolder_Flight_Systems_Eigen/src/Eigen/src/Core/MathFunctions.h:1509:5: error: expected unqualified-id before &#39;const&#39;
 abs(const T &amp;x) {
     ^
/home/ec2-user/arduino-testlib/cli-datadir/data/packages/arduino/hardware/mbed_nano/2.7.2/cores/arduino/Arduino.h:63:18: note: in definition of macro &#39;abs&#39;
 #define abs(x) ((x)&gt;0?(x):-(x))
                  ^
/home/ec2-user/arduino-testlib/cli-datadir/user/libraries/Bolder_Flight_Systems_Eigen/src/Eigen/src/Core/MathFunctions.h:1509:5: error: expected &#39;)&#39; before &#39;const&#39;
 abs(const T &amp;x) {
     ^
/home/ec2-user/arduino-testlib/cli-datadir/data/packages/arduino/hardware/mbed_nano/2.7.2/cores/arduino/Arduino.h:63:18: note: in definition of macro &#39;abs&#39;
 #define abs(x) ((x)&gt;0?(x):-(x))
                  ^
/home/ec2-user/arduino-testlib/cli-datadir/user/libraries/Bolder_Flight_Systems_Eigen/src/Eigen/src/Core/MathFunctions.h:1509:5: error: expected &#39;)&#39; before &#39;const&#39;
 abs(const T &amp;x) {
     ^
/home/ec2-user/arduino-testlib/cli-datadir/data/packages/arduino/hardware/mbed_nano/2.7.2/cores/arduino/Arduino.h:63:18: note: in definition of macro &#39;abs&#39;
 #define abs(x) ((x)&gt;0?(x):-(x))
                  ^
/home/ec2-user/arduino-testlib/cli-datadir/user/libraries/Bolder_Flight_Systems_Eigen/src/Eigen/src/Core/MathFunctions.h:1517:5: error: expected unqualified-id before &#39;const&#39;
 abs(const T &amp;x) {
     ^
/home/ec2-user/arduino-testlib/cli-datadir/data/packages/arduino/hardware/mbed_nano/2.7.2/cores/arduino/Arduino.h:63:18: note: in definition of macro &#39;abs&#39;
 #define abs(x) ((x)&gt;0?(x):-(x))
                  ^
/home/ec2-user/arduino-testlib/cli-datadir/user/libraries/Bolder_Flight_Systems_Eigen/src/Eigen/src/Core/MathFunctions.h:1517:5: error: expected &#39;)&#39; before &#39;const&#39;
 abs(const T &amp;x) {
     ^
/home/ec2-user/arduino-testlib/cli-datadir/data/packages/arduino/hardware/mbed_nano/2.7.2/cores/arduino/Arduino.h:63:18: note: in definition of macro &#39;abs&#39;
 #define abs(x) ((x)&gt;0?(x):-(x))
                  ^
/home/ec2-user/arduino-testlib/cli-datadir/user/libraries/Bolder_Flight_Systems_Eigen/src/Eigen/src/Core/MathFunctions.h:1517:5: error: expected &#39;)&#39; before &#39;const&#39;
 abs(const T &amp;x) {
     ^
/home/ec2-user/arduino-testlib/cli-datadir/data/packages/arduino/hardware/mbed_nano/2.7.2/cores/arduino/Arduino.h:63:18: note: in definition of macro &#39;abs&#39;
 #define abs(x) ((x)&gt;0?(x):-(x))
                  ^
/home/ec2-user/arduino-testlib/cli-datadir/user/libraries/Bolder_Flight_Systems_Eigen/src/Eigen/src/Core/MathFunctions.h: In static member function &#39;static bool Eigen::internal::scalar_fuzzy_default_impl&lt;Scalar, false, false&gt;::isMuchSmallerThan(const Scalar&amp;, const OtherScalar&amp;, const RealScalar&amp;)&#39;:
/home/ec2-user/arduino-testlib/cli-datadir/data/packages/arduino/hardware/mbed_nano/2.7.2/cores/arduino/Arduino.h:63:16: error: expected unqualified-id before &#39;(&#39; token
 #define abs(x) ((x)&gt;0?(x):-(x))
                ^
/home/ec2-user/arduino-testlib/cli-datadir/user/libraries/Bolder_Flight_Systems_Eigen/src/Eigen/src/Core/MathFunctions.h:1885:20: note: in expansion of macro &#39;abs&#39;
     return numext::abs(x) &lt;= numext::abs(y) * prec;
                    ^~~
/home/ec2-user/arduino-testlib/cli-datadir/data/packages/arduino/hardware/mbed_nano/2.7.2/cores/arduino/Arduino.h:63:16: error: expected unqualified-id before &#39;(&#39; token
 #define abs(x) ((x)&gt;0?(x):-(x))
                ^
/home/ec2-user/arduino-testlib/cli-datadir/user/libraries/Bolder_Flight_Systems_Eigen/src/Eigen/src/Core/MathFunctions.h:1885:38: note: in expansion of macro &#39;abs&#39;
     return numext::abs(x) &lt;= numext::abs(y) * prec;
                                      ^~~
/home/ec2-user/arduino-testlib/cli-datadir/user/libraries/Bolder_Flight_Systems_Eigen/src/Eigen/src/Core/MathFunctions.h: In static member function &#39;static bool Eigen::internal::scalar_fuzzy_default_impl&lt;Scalar, false, false&gt;::isApprox(const Scalar&amp;, const Scalar&amp;, const RealScalar&amp;)&#39;:
/home/ec2-user/arduino-testlib/cli-datadir/data/packages/arduino/hardware/mbed_nano/2.7.2/cores/arduino/Arduino.h:63:16: error: expected unqualified-id before &#39;(&#39; token
 #define abs(x) ((x)&gt;0?(x):-(x))
                ^
/home/ec2-user/arduino-testlib/cli-datadir/user/libraries/Bolder_Flight_Systems_Eigen/src/Eigen/src/Core/MathFunctions.h:1890:20: note: in expansion of macro &#39;abs&#39;
     return numext::abs(x - y) &lt;= numext::mini(numext::abs(x), numext::abs(y)) * prec;
                    ^~~
/home/ec2-user/arduino-testlib/cli-datadir/data/packages/arduino/hardware/mbed_nano/2.7.2/cores/arduino/Arduino.h:63:16: error: expected unqualified-id before &#39;(&#39; token
 #define abs(x) ((x)&gt;0?(x):-(x))
                ^
/home/ec2-user/arduino-testlib/cli-datadir/user/libraries/Bolder_Flight_Systems_Eigen/src/Eigen/src/Core/MathFunctions.h:1890:55: note: in expansion of macro &#39;abs&#39;
     return numext::abs(x - y) &lt;= numext::mini(numext::abs(x), numext::abs(y)) * prec;
                                                       ^~~
/home/ec2-user/arduino-testlib/cli-datadir/data/packages/arduino/hardware/mbed_nano/2.7.2/cores/arduino/Arduino.h:63:16: error: expected unqualified-id before &#39;(&#39; token
 #define abs(x) ((x)&gt;0?(x):-(x))
                ^
/home/ec2-user/arduino-testlib/cli-datadir/user/libraries/Bolder_Flight_Systems_Eigen/src/Eigen/src/Core/MathFunctions.h:1890:71: note: in expansion of macro &#39;abs&#39;
     return numext::abs(x - y) &lt;= numext::mini(numext::abs(x), numext::abs(y)) * prec;
                                                                       ^~~
/home/ec2-user/arduino-testlib/cli-datadir/user/libraries/Bolder_Flight_Systems_Eigen/src/Eigen/src/Core/GenericPacketMath.h: In function &#39;Packet Eigen::internal::pabs(const Packet&amp;)&#39;:
/home/ec2-user/arduino-testlib/cli-datadir/data/packages/arduino/hardware/mbed_nano/2.7.2/cores/arduino/Arduino.h:63:16: error: expected unqualified-id before &#39;(&#39; token
 #define abs(x) ((x)&gt;0?(x):-(x))
              </pre>

					
					<h4>examples/arduino</h4>
					<p>
						Result: <b>FAIL</b>
					</p>
					<pre class="pre-scrollable"></pre>
					
					<h4>examples/cmake</h4>
					<p>
						Result: <b>FAIL</b>
					</p>
					<pre class="pre-scrollable"></pre>
					
				
				<h3 id="arduino:megaavr:nona4809">arduino:megaavr:nona4809 @ 1.8.7</h3>
				<h4>Inclusion</h4>
				<p>
					Result: <b>FAIL</b>
					
				</p>
				<pre class="pre-scrollable">In file included from /tmp/arduino-testlib417394027/test/test.ino:1:0:
/home/ec2-user/arduino-testlib/cli-datadir/user/libraries/Bolder_Flight_Systems_UBLOX/src/ubx.h:34:10: fatal error: cstddef: No such file or directory
 #include &lt;cstddef&gt;
          ^~~~~~~~~
compilation terminated.

</pre>

					
					<h4>examples/arduino</h4>
					<p>
						Result: <b>FAIL</b>
					</p>
					<pre class="pre-scrollable"></pre>
					
					<h4>examples/cmake</h4>
					<p>
						Result: <b>FAIL</b>
					</p>
					<pre class="pre-scrollable"></pre>
					
				
				<h3 id="arduino:samd:mkrwifi1010">arduino:samd:mkrwifi1010 @ 1.8.12</h3>
				<h4>Inclusion</h4>
				<p>
					Result: <b>FAIL</b>
					
				</p>
				<pre class="pre-scrollable">In file included from /tmp/arduino-sketch-07B9D80D1C6A978586DD44704D61E0C9/sketch/test.ino.cpp:1:0:
/home/ec2-user/arduino-testlib/cli-datadir/data/packages/arduino/tools/arm-none-eabi-gcc/7-2017q4/arm-none-eabi/include/c&#43;&#43;/7.2.1/complex:69:30: error: expected unqualified-id before &#39;const&#39;
   template&lt;typename _Tp&gt; _Tp abs(const complex&lt;_Tp&gt;&amp;);
                              ^
/home/ec2-user/arduino-testlib/cli-datadir/data/packages/arduino/tools/arm-none-eabi-gcc/7-2017q4/arm-none-eabi/include/c&#43;&#43;/7.2.1/complex:69:30: error: expected &#39;)&#39; before &#39;const&#39;
/home/ec2-user/arduino-testlib/cli-datadir/data/packages/arduino/tools/arm-none-eabi-gcc/7-2017q4/arm-none-eabi/include/c&#43;&#43;/7.2.1/complex:69:30: error: expected &#39;)&#39; before &#39;const&#39;
/home/ec2-user/arduino-testlib/cli-datadir/data/packages/arduino/tools/arm-none-eabi-gcc/7-2017q4/arm-none-eabi/include/c&#43;&#43;/7.2.1/complex:601:5: error: expected unqualified-id before &#39;const&#39;
     abs(const complex&lt;_Tp&gt;&amp; __z) { return __complex_abs(__z); }
     ^
/home/ec2-user/arduino-testlib/cli-datadir/data/packages/arduino/tools/arm-none-eabi-gcc/7-2017q4/arm-none-eabi/include/c&#43;&#43;/7.2.1/complex:601:5: error: expected &#39;)&#39; before &#39;const&#39;
/home/ec2-user/arduino-testlib/cli-datadir/data/packages/arduino/tools/arm-none-eabi-gcc/7-2017q4/arm-none-eabi/include/c&#43;&#43;/7.2.1/complex:601:5: error: expected &#39;)&#39; before &#39;const&#39;
/home/ec2-user/arduino-testlib/cli-datadir/data/packages/arduino/tools/arm-none-eabi-gcc/7-2017q4/arm-none-eabi/include/c&#43;&#43;/7.2.1/complex: In static member function &#39;static _Tp std::_Norm_helper&lt;true&gt;::_S_do_it(const std::complex&lt;_Tp&gt;&amp;)&#39;:
/home/ec2-user/arduino-testlib/cli-datadir/data/packages/arduino/hardware/samd/1.8.12/cores/arduino/Arduino.h:66:16: error: expected unqualified-id before &#39;(&#39; token
 #define abs(x) ((x)&gt;0?(x):-(x))
                ^
In file included from /home/ec2-user/arduino-testlib/cli-datadir/user/libraries/Bolder_Flight_Systems_Eigen/src/Eigen/Core:50:0,
                 from /home/ec2-user/arduino-testlib/cli-datadir/user/libraries/Bolder_Flight_Systems_Eigen/src/eigen.h:36,
                 from /home/ec2-user/arduino-testlib/cli-datadir/user/libraries/Bolder_Flight_Systems_UBLOX/src/ubx.h:36,
                 from /tmp/arduino-testlib3185919432/test/test.ino:1:
/home/ec2-user/arduino-testlib/cli-datadir/data/packages/arduino/tools/arm-none-eabi-gcc/7-2017q4/arm-none-eabi/include/c&#43;&#43;/7.2.1/complex: In function &#39;std::complex&lt;_Tp&gt; std::__complex_log(const std::complex&lt;_Tp&gt;&amp;)&#39;:
/home/ec2-user/arduino-testlib/cli-datadir/data/packages/arduino/tools/arm-none-eabi-gcc/7-2017q4/arm-none-eabi/include/c&#43;&#43;/7.2.1/complex:773:26: error: expected primary-expression before &#39;(&#39; token
     { return complex&lt;_Tp&gt;(log(std::abs(__z)), std::arg(__z)); }
                          ^
In file included from /tmp/arduino-sketch-07B9D80D1C6A978586DD44704D61E0C9/sketch/test.ino.cpp:1:0:
/home/ec2-user/arduino-testlib/cli-datadir/data/packages/arduino/hardware/samd/1.8.12/cores/arduino/Arduino.h:66:16: error: expected unqualified-id before &#39;(&#39; token
 #define abs(x) ((x)&gt;0?(x):-(x))
                ^
/home/ec2-user/arduino-testlib/cli-datadir/data/packages/arduino/tools/arm-none-eabi-gcc/7-2017q4/arm-none-eabi/include/c&#43;&#43;/7.2.1/complex: In function &#39;std::complex&lt;_Tp&gt; std::__complex_sqrt(const std::complex&lt;_Tp&gt;&amp;)&#39;:
/home/ec2-user/arduino-testlib/cli-datadir/data/packages/arduino/hardware/samd/1.8.12/cores/arduino/Arduino.h:66:16: error: expected unqualified-id before &#39;(&#39; token
 #define abs(x) ((x)&gt;0?(x):-(x))
                ^
/home/ec2-user/arduino-testlib/cli-datadir/data/packages/arduino/tools/arm-none-eabi-gcc/7-2017q4/arm-none-eabi/include/c&#43;&#43;/7.2.1/complex: In function &#39;_Tp std::fabs(const std::complex&lt;_Tp&gt;&amp;)&#39;:
/home/ec2-user/arduino-testlib/cli-datadir/data/packages/arduino/hardware/samd/1.8.12/cores/arduino/Arduino.h:66:16: error: expected unqualified-id before &#39;(&#39; token
 #define abs(x) ((x)&gt;0?(x):-(x))
                ^
/home/ec2-user/arduino-testlib/cli-datadir/user/libraries/Bolder_Flight_Systems_Eigen/src/Eigen/src/Core/MathFunctions.h: At global scope:
/home/ec2-user/arduino-testlib/cli-datadir/user/libraries/Bolder_Flight_Systems_Eigen/src/Eigen/src/Core/MathFunctions.h:1509:5: error: expected unqualified-id before &#39;const&#39;
 abs(const T &amp;x) {
     ^
/home/ec2-user/arduino-testlib/cli-datadir/data/packages/arduino/hardware/samd/1.8.12/cores/arduino/Arduino.h:66:18: note: in definition of macro &#39;abs&#39;
 #define abs(x) ((x)&gt;0?(x):-(x))
                  ^
/home/ec2-user/arduino-testlib/cli-datadir/user/libraries/Bolder_Flight_Systems_Eigen/src/Eigen/src/Core/MathFunctions.h:1509:5: error: expected &#39;)&#39; before &#39;const&#39;
 abs(const T &amp;x) {
     ^
/home/ec2-user/arduino-testlib/cli-datadir/data/packages/arduino/hardware/samd/1.8.12/cores/arduino/Arduino.h:66:18: note: in definition of macro &#39;abs&#39;
 #define abs(x) ((x)&gt;0?(x):-(x))
                  ^
/home/ec2-user/arduino-testlib/cli-datadir/user/libraries/Bolder_Flight_Systems_Eigen/src/Eigen/src/Core/MathFunctions.h:1509:5: error: expected &#39;)&#39; before &#39;const&#39;
 abs(const T &amp;x) {
     ^
/home/ec2-user/arduino-testlib/cli-datadir/data/packages/arduino/hardware/samd/1.8.12/cores/arduino/Arduino.h:66:18: note: in definition of macro &#39;abs&#39;
 #define abs(x) ((x)&gt;0?(x):-(x))
                  ^
/home/ec2-user/arduino-testlib/cli-datadir/user/libraries/Bolder_Flight_Systems_Eigen/src/Eigen/src/Core/MathFunctions.h:1517:5: error: expected unqualified-id before &#39;const&#39;
 abs(const T &amp;x) {
     ^
/home/ec2-user/arduino-testlib/cli-datadir/data/packages/arduino/hardware/samd/1.8.12/cores/arduino/Arduino.h:66:18: note: in definition of macro &#39;abs&#39;
 #define abs(x) ((x)&gt;0?(x):-(x))
                  ^
/home/ec2-user/arduino-testlib/cli-datadir/user/libraries/Bolder_Flight_Systems_Eigen/src/Eigen/src/Core/MathFunctions.h:1517:5: error: expected &#39;)&#39; before &#39;const&#39;
 abs(const T &amp;x) {
     ^
/home/ec2-user/arduino-testlib/cli-datadir/data/packages/arduino/hardware/samd/1.8.12/cores/arduino/Arduino.h:66:18: note: in definition of macro &#39;abs&#39;
 #define abs(x) ((x)&gt;0?(x):-(x))
                  ^
/home/ec2-user/arduino-testlib/cli-datadir/user/libraries/Bolder_Flight_Systems_Eigen/src/Eigen/src/Core/MathFunctions.h:1517:5: error: expected &#39;)&#39; before &#39;const&#39;
 abs(const T &amp;x) {
     ^
/home/ec2-user/arduino-testlib/cli-datadir/data/packages/arduino/hardware/samd/1.8.12/cores/arduino/Arduino.h:66:18: note: in definition of macro &#39;abs&#39;
 #define abs(x) ((x)&gt;0?(x):-(x))
                  ^
/home/ec2-user/arduino-testlib/cli-datadir/user/libraries/Bolder_Flight_Systems_Eigen/src/Eigen/src/Core/MathFunctions.h: In static member function &#39;static bool Eigen::internal::scalar_fuzzy_default_impl&lt;Scalar, false, false&gt;::isMuchSmallerThan(const Scalar&amp;, const OtherScalar&amp;, const RealScalar&amp;)&#39;:
/home/ec2-user/arduino-testlib/cli-datadir/data/packages/arduino/hardware/samd/1.8.12/cores/arduino/Arduino.h:66:16: error: expected unqualified-id before &#39;(&#39; token
 #define abs(x) ((x)&gt;0?(x):-(x))
                ^
/home/ec2-user/arduino-testlib/cli-datadir/user/libraries/Bolder_Flight_Systems_Eigen/src/Eigen/src/Core/MathFunctions.h:1885:20: note: in expansion of macro &#39;abs&#39;
     return numext::abs(x) &lt;= numext::abs(y) * prec;
                    ^~~
/home/ec2-user/arduino-testlib/cli-datadir/data/packages/arduino/hardware/samd/1.8.12/cores/arduino/Arduino.h:66:16: error: expected unqualified-id before &#39;(&#39; token
 #define abs(x) ((x)&gt;0?(x):-(x))
                ^
/home/ec2-user/arduino-testlib/cli-datadir/user/libraries/Bolder_Flight_Systems_Eigen/src/Eigen/src/Core/MathFunctions.h:1885:38: note: in expansion of macro &#39;abs&#39;
     return numext::abs(x) &lt;= numext::abs(y) * prec;
                                      ^~~
/home/ec2-user/arduino-testlib/cli-datadir/user/libraries/Bolder_Flight_Systems_Eigen/src/Eigen/src/Core/MathFunctions.h: In static member function &#39;static bool Eigen::internal::scalar_fuzzy_default_impl&lt;Scalar, false, false&gt;::isApprox(const Scalar&amp;, const Scalar&amp;, const RealScalar&amp;)&#39;:
/home/ec2-user/arduino-testlib/cli-datadir/data/packages/arduino/hardware/samd/1.8.12/cores/arduino/Arduino.h:66:16: error: expected unqualified-id before &#39;(&#39; token
 #define abs(x) ((x)&gt;0?(x):-(x))
                ^
/home/ec2-user/arduino-testlib/cli-datadir/user/libraries/Bolder_Flight_Systems_Eigen/src/Eigen/src/Core/MathFunctions.h:1890:20: note: in expansion of macro &#39;abs&#39;
     return numext::abs(x - y) &lt;= numext::mini(numext::abs(x), numext::abs(y)) * prec;
                    ^~~
/home/ec2-user/arduino-testlib/cli-datadir/data/packages/arduino/hardware/samd/1.8.12/cores/arduino/Arduino.h:66:16: error: expected unqualified-id before &#39;(&#39; token
 #define abs(x) ((x)&gt;0?(x):-(x))
                ^
/home/ec2-user/arduino-testlib/cli-datadir/user/libraries/Bolder_Flight_Systems_Eigen/src/Eigen/src/Core/MathFunctions.h:1890:55: note: in expansion of macro &#39;abs&#39;
     return numext::abs(x - y) &lt;= numext::mini(numext::abs(x), numext::abs(y)) * prec;
                                                       ^~~
/home/ec2-user/arduino-testlib/cli-datadir/data/packages/arduino/hardware/samd/1.8.12/cores/arduino/Arduino.h:66:16: error: expected unqualified-id before &#39;(&#39; token
 #define abs(x) ((x)&gt;0?(x):-(x))
                ^
/home/ec2-user/arduino-testlib/cli-datadir/user/libraries/Bolder_Flight_Systems_Eigen/src/Eigen/src/Core/MathFunctions.h:1890:71: note: in expansion of macro &#39;abs&#39;
     return numext::abs(x - y) &lt;= numext::mini(numext::abs(x), numext::abs(y)) * prec;
                                                                       ^~~
/home/ec2-user/arduino-testlib/cli-datadir/user/libraries/Bolder_Flight_Systems_Eigen/src/Eigen/src/Core/GenericPacketMath.h: In function &#39;Packet Eigen::internal::pabs(const Packet&amp;)&#39;:
/home/ec2-user/arduino-testlib/cli-datadir/data/packages/arduino/hardware/samd/1.8.12/cores/arduino/Arduino.h:66:16: error: expected unqualified-id before &#39;(&#39; token
 #define abs(x) ((x)&gt;0?(x):-(x))
                ^
/home/ec2-user/arduino-testlib/cli-datadir/user/libraries/B</pre>

					
					<h4>examples/arduino</h4>
					<p>
						Result: <b>FAIL</b>
					</p>
					<pre class="pre-scrollable"></pre>
					
					<h4>examples/cmake</h4>
					<p>
						Result: <b>FAIL</b>
					</p>
					<pre class="pre-scrollable"></pre>
					
				
				<h3 id="esp32:esp32:d1_mini32">esp32:esp32:d1_mini32 @ 1.0.6</h3>
				<h4>Inclusion</h4>
				<p>
					Result: <b>FAIL</b>
					
				</p>
				<pre class="pre-scrollable">In file included from /tmp/arduino-testlib464329112/test/test.ino:1:0:
/home/ec2-user/arduino-testlib/cli-datadir/user/libraries/Bolder_Flight_Systems_UBLOX/src/ubx.h: In member function &#39;bool bfs::Ubx::SendResponse(const T&amp;, uint8_t, uint8_t, uint16_t)&#39;:
/home/ec2-user/arduino-testlib/cli-datadir/user/libraries/Bolder_Flight_Systems_UBLOX/src/ubx.h:186:5: error: &#39;elapsedMillis&#39; was not declared in this scope
     elapsedMillis fun_t_ms;
     ^
/home/ec2-user/arduino-testlib/cli-datadir/user/libraries/Bolder_Flight_Systems_UBLOX/src/ubx.h:189:21: error: expected &#39;;&#39; before &#39;t_ms&#39;
       elapsedMillis t_ms;
                     ^
/home/ec2-user/arduino-testlib/cli-datadir/user/libraries/Bolder_Flight_Systems_UBLOX/src/ubx.h:190:14: error: &#39;t_ms&#39; was not declared in this scope
       while (t_ms &lt; TIMEOUT_MS_) {
              ^
/home/ec2-user/arduino-testlib/cli-datadir/user/libraries/Bolder_Flight_Systems_UBLOX/src/ubx.h:197:14: error: &#39;fun_t_ms&#39; was not declared in this scope
     } while (fun_t_ms &lt; timeout_ms);
              ^
/home/ec2-user/arduino-testlib/cli-datadir/user/libraries/Bolder_Flight_Systems_UBLOX/src/ubx.h: In member function &#39;bool bfs::Ubx::SendAck(const T&amp;, uint16_t)&#39;:
/home/ec2-user/arduino-testlib/cli-datadir/user/libraries/Bolder_Flight_Systems_UBLOX/src/ubx.h:203:5: error: &#39;elapsedMillis&#39; was not declared in this scope
     elapsedMillis fun_t_ms;
     ^
/home/ec2-user/arduino-testlib/cli-datadir/user/libraries/Bolder_Flight_Systems_UBLOX/src/ubx.h:206:21: error: expected &#39;;&#39; before &#39;t_ms&#39;
       elapsedMillis t_ms;
                     ^
/home/ec2-user/arduino-testlib/cli-datadir/user/libraries/Bolder_Flight_Systems_UBLOX/src/ubx.h:207:14: error: &#39;t_ms&#39; was not declared in this scope
       while (t_ms &lt; TIMEOUT_MS_) {
              ^
/home/ec2-user/arduino-testlib/cli-datadir/user/libraries/Bolder_Flight_Systems_UBLOX/src/ubx.h:221:14: error: &#39;fun_t_ms&#39; was not declared in this scope
     } while (fun_t_ms &lt; timeout_ms);
              ^

</pre>

					
					<h4>examples/arduino</h4>
					<p>
						Result: <b>FAIL</b>
					</p>
					<pre class="pre-scrollable"></pre>
					
					<h4>examples/cmake</h4>
					<p>
						Result: <b>FAIL</b>
					</p>
					<pre class="pre-scrollable"></pre>
					
				
			</div>
		</div>
	</div>
  </body>
</html>
