
<!doctype html>
<html lang="en">
  <head>
    <meta charset="utf-8">
    <meta name="viewport" content="width=device-width, initial-scale=1">
    <link href="https://cdn.jsdelivr.net/npm/bootstrap@5.0.2/dist/css/bootstrap.min.css" rel="stylesheet" integrity="sha384-EVSTQN3/azprG1Anm3QDgpJLIm9Nao0Yz1ztcQTwFspd3yD65VohhpuuCOmLASjC" crossorigin="anonymous">
    <title>arduino-testlib report</title>
	<style>
	.pass { background-color: #00FF00 !important; }
	.fail { background-color: #FF0000 !important; }
	</style>
  </head>
  <body>
	<div class="container">
		<div class="row">
			<div class="col">
				<h1>Bugtton - compatibility matrix</h1>
				<p>
					<small>This report was generated on Wednesday, 23-Feb-22 22:48:15 CET using 
					<a href="https://github.com/alranel/arduino-testlib">arduino-testlib</a>.</small>
				</p>

				<h2>Bugtton</h2>
				<p>
					Version: <b>1.0.5</b>
					<br />
					<a href="https://www.arduino.cc/reference/en/libraries/bugtton/">More details</a>
				</p>

				<h2>Compatibility matrix</h2>
				<table class="table table-bordered">
					<tr>
						<th>Board</th>
						<th>Claims compatibility</th>
						<th>Inclusion</th>
						
						<th><pre>Functions</pre></th>
						
						<th><pre>Simple</pre></th>
						
					</tr>
					
					<tr>
						<td>
							<a href="#arduino%3aavr%3auno"><b>arduino:avr:uno</b></a>
							<br />
							<small>1.8.4</small>
						</td>

						
							<td>Yes</td>
							<td class="pass">PASS</td>
						
						
						
						

						
							
								
									
										
											<td class="pass">PASS</td>
											
										
									
										
									
								
							
								
							
								
							
								
							
								
							
						
							
								
									
										
									
										
											<td class="pass">PASS</td>
											
										
									
								
							
								
							
								
							
								
							
								
							
						
					</tr>
					
					<tr>
						<td>
							<a href="#arduino%3ambed_nano%3ananorp2040connect"><b>arduino:mbed_nano:nanorp2040connect</b></a>
							<br />
							<small>2.7.2</small>
						</td>

						
						
						
						
							<td>No</td>
							<td class="fail">FAIL</td>
						

						
							
								
							
								
									
										
											
											<td class="fail">FAIL</td>
										
									
										
									
								
							
								
							
								
							
								
							
						
							
								
							
								
									
										
									
										
											
											<td class="fail">FAIL</td>
										
									
								
							
								
							
								
							
								
							
						
					</tr>
					
					<tr>
						<td>
							<a href="#arduino%3amegaavr%3anona4809"><b>arduino:megaavr:nona4809</b></a>
							<br />
							<small>1.8.7</small>
						</td>

						
						
						
						
							<td>No</td>
							<td class="fail">FAIL</td>
						

						
							
								
							
								
							
								
									
										
											
											<td class="fail">FAIL</td>
										
									
										
									
								
							
								
							
								
							
						
							
								
							
								
							
								
									
										
									
										
											
											<td class="fail">FAIL</td>
										
									
								
							
								
							
								
							
						
					</tr>
					
					<tr>
						<td>
							<a href="#arduino%3asamd%3amkrwifi1010"><b>arduino:samd:mkrwifi1010</b></a>
							<br />
							<small>1.8.12</small>
						</td>

						
						
						
						
							<td>No</td>
							<td class="fail">FAIL</td>
						

						
							
								
							
								
							
								
							
								
									
										
											
											<td class="fail">FAIL</td>
										
									
										
									
								
							
								
							
						
							
								
							
								
							
								
							
								
									
										
									
										
											
											<td class="fail">FAIL</td>
										
									
								
							
								
							
						
					</tr>
					
					<tr>
						<td>
							<a href="#esp32%3aesp32%3ad1_mini32"><b>esp32:esp32:d1_mini32</b></a>
							<br />
							<small>1.0.6</small>
						</td>

						
						
						
						
							<td>No</td>
							<td class="fail">FAIL</td>
						

						
							
								
							
								
							
								
							
								
							
								
									
										
											
											<td class="fail">FAIL</td>
										
									
										
									
								
							
						
							
								
							
								
							
								
							
								
							
								
									
										
									
										
											
											<td class="fail">FAIL</td>
										
									
								
							
						
					</tr>
					
				</table>

				<h2>Compilation logs</h2>
				
				<h3 id="arduino:avr:uno">arduino:avr:uno @ 1.8.4</h3>
				<h4>Inclusion</h4>
				<p>
					Result: <b>PASS</b>
					
				</p>
				<pre class="pre-scrollable">Sketch uses 1332 bytes (4%) of program storage space. Maximum is 32256 bytes.
Global variables use 184 bytes (8%) of dynamic memory, leaving 1864 bytes for local variables. Maximum is 2048 bytes.
</pre>

					
					<h4>examples/Functions</h4>
					<p>
						Result: <b>PASS</b>
					</p>
					<pre class="pre-scrollable">Sketch uses 4560 bytes (14%) of program storage space. Maximum is 32256 bytes.
Global variables use 328 bytes (16%) of dynamic memory, leaving 1720 bytes for local variables. Maximum is 2048 bytes.
</pre>
					
					<h4>examples/Simple</h4>
					<p>
						Result: <b>PASS</b>
					</p>
					<pre class="pre-scrollable">Sketch uses 4046 bytes (12%) of program storage space. Maximum is 32256 bytes.
Global variables use 252 bytes (12%) of dynamic memory, leaving 1796 bytes for local variables. Maximum is 2048 bytes.
</pre>
					
				
				<h3 id="arduino:mbed_nano:nanorp2040connect">arduino:mbed_nano:nanorp2040connect @ 2.7.2</h3>
				<h4>Inclusion</h4>
				<p>
					Result: <b>FAIL</b>
					
				</p>
				<pre class="pre-scrollable">WARNING: library Bugtton claims to run on avr architecture(s) and may be incompatible with your current board which runs on mbed_nano architecture(s).
/home/ec2-user/arduino-testlib/cli-datadir/user/libraries/Bugtton/src/Bugtton.cpp: In member function &#39;void Bugtton::update()&#39;:
/home/ec2-user/arduino-testlib/cli-datadir/user/libraries/Bugtton/src/Bugtton.cpp:115:25: error: &#39;PIND&#39; was not declared in this scope
         if ((_idleD == (PIND&amp;_maskD)) &amp;&amp;
                         ^~~~
/home/ec2-user/arduino-testlib/cli-datadir/user/libraries/Bugtton/src/Bugtton.cpp:115:25: note: suggested alternative: &#39;SING&#39;
         if ((_idleD == (PIND&amp;_maskD)) &amp;&amp;
                         ^~~~
                         SING
/home/ec2-user/arduino-testlib/cli-datadir/user/libraries/Bugtton/src/Bugtton.cpp:116:25: error: &#39;PINB&#39; was not declared in this scope
             (_idleB == (PINB&amp;_maskB)) &amp;&amp;
                         ^~~~
/home/ec2-user/arduino-testlib/cli-datadir/user/libraries/Bugtton/src/Bugtton.cpp:116:25: note: suggested alternative: &#39;SING&#39;
             (_idleB == (PINB&amp;_maskB)) &amp;&amp;
                         ^~~~
                         SING
/home/ec2-user/arduino-testlib/cli-datadir/user/libraries/Bugtton/src/Bugtton.cpp:117:25: error: &#39;PINC&#39; was not declared in this scope
             (_idleC == (PINC&amp;_maskC)) ){
                         ^~~~
/home/ec2-user/arduino-testlib/cli-datadir/user/libraries/Bugtton/src/Bugtton.cpp:117:25: note: suggested alternative: &#39;NC&#39;
             (_idleC == (PINC&amp;_maskC)) ){
                         ^~~~
                         NC
/home/ec2-user/arduino-testlib/cli-datadir/user/libraries/Bugtton/src/Bugtton.cpp:131:51: error: &#39;PIND&#39; was not declared in this scope
             if (_pins[i] &lt; 8)       currentBit(i, PIND&amp;(1&lt;&lt;_pins[i]) );
                                                   ^~~~
/home/ec2-user/arduino-testlib/cli-datadir/user/libraries/Bugtton/src/Bugtton.cpp:131:51: note: suggested alternative: &#39;SING&#39;
             if (_pins[i] &lt; 8)       currentBit(i, PIND&amp;(1&lt;&lt;_pins[i]) );
                                                   ^~~~
                                                   SING
/home/ec2-user/arduino-testlib/cli-datadir/user/libraries/Bugtton/src/Bugtton.cpp:132:51: error: &#39;PINB&#39; was not declared in this scope
             else if (_pins[i] &lt; 14) currentBit(i, PINB&amp;(1&lt;&lt;(_pins[i]-8) ));
                                                   ^~~~
/home/ec2-user/arduino-testlib/cli-datadir/user/libraries/Bugtton/src/Bugtton.cpp:132:51: note: suggested alternative: &#39;SING&#39;
             else if (_pins[i] &lt; 14) currentBit(i, PINB&amp;(1&lt;&lt;(_pins[i]-8) ));
                                                   ^~~~
                                                   SING
/home/ec2-user/arduino-testlib/cli-datadir/user/libraries/Bugtton/src/Bugtton.cpp:133:51: error: &#39;PINC&#39; was not declared in this scope
             else if (_pins[i] &lt; 20) currentBit(i, PINC&amp;(1&lt;&lt;(_pins[i]-14) ));
                                                   ^~~~
/home/ec2-user/arduino-testlib/cli-datadir/user/libraries/Bugtton/src/Bugtton.cpp:133:51: note: suggested alternative: &#39;NC&#39;
             else if (_pins[i] &lt; 20) currentBit(i, PINC&amp;(1&lt;&lt;(_pins[i]-14) ));
                                                   ^~~~
                                                   NC
/home/ec2-user/arduino-testlib/cli-datadir/user/libraries/Bugtton/src/Bugtton.cpp:137:53: error: &#39;PIND&#39; was not declared in this scope
             if (_pins[i] &lt; 8)       currentBit(i, !(PIND&amp;(1&lt;&lt;_pins[i])) );
                                                     ^~~~
/home/ec2-user/arduino-testlib/cli-datadir/user/libraries/Bugtton/src/Bugtton.cpp:137:53: note: suggested alternative: &#39;SING&#39;
             if (_pins[i] &lt; 8)       currentBit(i, !(PIND&amp;(1&lt;&lt;_pins[i])) );
                                                     ^~~~
                                                     SING
/home/ec2-user/arduino-testlib/cli-datadir/user/libraries/Bugtton/src/Bugtton.cpp:138:53: error: &#39;PINB&#39; was not declared in this scope
             else if (_pins[i] &lt; 14) currentBit(i, !(PINB&amp;(1&lt;&lt;(_pins[i]-8)) ));
                                                     ^~~~
/home/ec2-user/arduino-testlib/cli-datadir/user/libraries/Bugtton/src/Bugtton.cpp:138:53: note: suggested alternative: &#39;SING&#39;
             else if (_pins[i] &lt; 14) currentBit(i, !(PINB&amp;(1&lt;&lt;(_pins[i]-8)) ));
                                                     ^~~~
                                                     SING
/home/ec2-user/arduino-testlib/cli-datadir/user/libraries/Bugtton/src/Bugtton.cpp:139:53: error: &#39;PINC&#39; was not declared in this scope
             else if (_pins[i] &lt; 20) currentBit(i, !(PINC&amp;(1&lt;&lt;(_pins[i]-14)) ));
                                                     ^~~~
/home/ec2-user/arduino-testlib/cli-datadir/user/libraries/Bugtton/src/Bugtton.cpp:139:53: note: suggested alternative: &#39;NC&#39;
             else if (_pins[i] &lt; 20) currentBit(i, !(PINC&amp;(1&lt;&lt;(_pins[i]-14)) ));
                                                     ^~~~
                                                     NC
/home/ec2-user/arduino-testlib/cli-datadir/user/libraries/Bugtton/src/Bugtton.cpp: In member function &#39;void Bugtton::setMode(uint8_t, uint8_t)&#39;:
/home/ec2-user/arduino-testlib/cli-datadir/user/libraries/Bugtton/src/Bugtton.cpp:193:20: error: &#39;DDRD&#39; was not declared in this scope
         if (i &lt; 8) DDRD|=(1&lt;&lt;(i));
                    ^~~~
/home/ec2-user/arduino-testlib/cli-datadir/user/libraries/Bugtton/src/Bugtton.cpp:193:20: note: suggested alternative: &#39;DIR&#39;
         if (i &lt; 8) DDRD|=(1&lt;&lt;(i));
                    ^~~~
                    DIR
/home/ec2-user/arduino-testlib/cli-datadir/user/libraries/Bugtton/src/Bugtton.cpp:194:26: error: &#39;DDRB&#39; was not declared in this scope
         else if (i &lt; 14) DDRB|=(1&lt;&lt;(i-8));
                          ^~~~
/home/ec2-user/arduino-testlib/cli-datadir/user/libraries/Bugtton/src/Bugtton.cpp:194:26: note: suggested alternative: &#39;DIR&#39;
         else if (i &lt; 14) DDRB|=(1&lt;&lt;(i-8));
                          ^~~~
                          DIR
/home/ec2-user/arduino-testlib/cli-datadir/user/libraries/Bugtton/src/Bugtton.cpp:195:26: error: &#39;DDRC&#39; was not declared in this scope
         else if (i &lt; 20) DDRC|=(1&lt;&lt;(i-14));
                          ^~~~
/home/ec2-user/arduino-testlib/cli-datadir/user/libraries/Bugtton/src/Bugtton.cpp:195:26: note: suggested alternative: &#39;DIR&#39;
         else if (i &lt; 20) DDRC|=(1&lt;&lt;(i-14));
                          ^~~~
                          DIR
/home/ec2-user/arduino-testlib/cli-datadir/user/libraries/Bugtton/src/Bugtton.cpp:200:20: error: &#39;DDRD&#39; was not declared in this scope
         if (i &lt; 8) DDRD&amp;=~(1&lt;&lt;(i));
                    ^~~~
/home/ec2-user/arduino-testlib/cli-datadir/user/libraries/Bugtton/src/Bugtton.cpp:200:20: note: suggested alternative: &#39;DIR&#39;
         if (i &lt; 8) DDRD&amp;=~(1&lt;&lt;(i));
                    ^~~~
                    DIR
/home/ec2-user/arduino-testlib/cli-datadir/user/libraries/Bugtton/src/Bugtton.cpp:201:26: error: &#39;DDRB&#39; was not declared in this scope
         else if (i &lt; 14) DDRB&amp;=~(1&lt;&lt;(i-8));
                          ^~~~
/home/ec2-user/arduino-testlib/cli-datadir/user/libraries/Bugtton/src/Bugtton.cpp:201:26: note: suggested alternative: &#39;DIR&#39;
         else if (i &lt; 14) DDRB&amp;=~(1&lt;&lt;(i-8));
                          ^~~~
                          DIR
/home/ec2-user/arduino-testlib/cli-datadir/user/libraries/Bugtton/src/Bugtton.cpp:202:26: error: &#39;DDRC&#39; was not declared in this scope
         else if (i &lt; 20) DDRC&amp;=~(1&lt;&lt;(i-14));
                          ^~~~
/home/ec2-user/arduino-testlib/cli-datadir/user/libraries/Bugtton/src/Bugtton.cpp:202:26: note: suggested alternative: &#39;DIR&#39;
         else if (i &lt; 20) DDRC&amp;=~(1&lt;&lt;(i-14));
                          ^~~~
                          DIR
/home/ec2-user/arduino-testlib/cli-datadir/user/libraries/Bugtton/src/Bugtton.cpp:206:24: error: &#39;PORTD&#39; was not declared in this scope
             if (i &lt; 8) PORTD|=(1&lt;&lt;(i));
                        ^~~~~
/home/ec2-user/arduino-testlib/cli-datadir/user/libraries/Bugtton/src/Bugtton.cpp:207:30: error: &#39;PORTB&#39; was not declared in this scope
             else if (i &lt; 14) PORTB|=(1&lt;&lt;(i-8));
                              ^~~~~
/home/ec2-user/arduino-testlib/cli-datadir/user/libraries/Bugtton/src/Bugtton.cpp:208:30: error: &#39;PORTC&#39; was not declared in this scope
             else if (i &lt; 20) PORTC|=(1&lt;&lt;(i-14));
                              ^~~~~
/home/ec2-user/arduino-testlib/cli-datadir/user/libraries/Bugtton/src/Bugtton.cpp:212:24: error: &#39;PORTD&#39; was not declared in this scope
             if (i &lt; 8) PORTD&amp;=~(1&lt;&lt;(i));
                        ^~~~~
/home/ec2-user/arduino-testlib/cli-datadir/user/libraries/Bugtton/src/Bugtton.cpp:213:30: error: &#39;PORTB&#39; was not declared in this scope
             else if (i &lt; 14) PORTB&amp;=~(1&lt;&lt;(i-8));
                              ^~~~~
/home/ec2-user/arduino-testlib/cli-datadir/user/libraries/Bugtton/src/Bugtton.cpp:214:30: error: &#39;PORTC&#39; was not declared in this scope
             else if (i &lt; 20) PORTC&amp;=~(1&lt;&lt;(i-14));
                              ^~~~~

</pre>

					
					<h4>examples/Functions</h4>
					<p>
						Result: <b>FAIL</b>
					</p>
					<pre class="pre-scrollable">WARNING: library Bugtton claims to run on avr architecture(s) and may be incompatible with your current board which runs on mbed_nano architecture(s).
/home/ec2-user/arduino-testlib/cli-datadir/user/libraries/Bugtton/src/Bugtton.cpp: In member function &#39;void Bugtton::update()&#39;:
/home/ec2-user/arduino-testlib/cli-datadir/user/libraries/Bugtton/src/Bugtton.cpp:115:25: error: &#39;PIND&#39; was not declared in this scope
         if ((_idleD == (PIND&amp;_maskD)) &amp;&amp;
                         ^~~~
/home/ec2-user/arduino-testlib/cli-datadir/user/libraries/Bugtton/src/Bugtton.cpp:115:25: note: suggested alternative: &#39;SING&#39;
         if ((_idleD == (PIND&amp;_maskD)) &amp;&amp;
                         ^~~~
                         SING
/home/ec2-user/arduino-testlib/cli-datadir/user/libraries/Bugtton/src/Bugtton.cpp:116:25: error: &#39;PINB&#39; was not declared in this scope
             (_idleB == (PINB&amp;_maskB)) &amp;&amp;
                         ^~~~
/home/ec2-user/arduino-testlib/cli-datadir/user/libraries/Bugtton/src/Bugtton.cpp:116:25: note: suggested alternative: &#39;SING&#39;
             (_idleB == (PINB&amp;_maskB)) &amp;&amp;
                         ^~~~
                         SING
/home/ec2-user/arduino-testlib/cli-datadir/user/libraries/Bugtton/src/Bugtton.cpp:117:25: error: &#39;PINC&#39; was not declared in this scope
             (_idleC == (PINC&amp;_maskC)) ){
                         ^~~~
/home/ec2-user/arduino-testlib/cli-datadir/user/libraries/Bugtton/src/Bugtton.cpp:117:25: note: suggested alternative: &#39;NC&#39;
             (_idleC == (PINC&amp;_maskC)) ){
                         ^~~~
                         NC
/home/ec2-user/arduino-testlib/cli-datadir/user/libraries/Bugtton/src/Bugtton.cpp:131:51: error: &#39;PIND&#39; was not declared in this scope
             if (_pins[i] &lt; 8)       currentBit(i, PIND&amp;(1&lt;&lt;_pins[i]) );
                                                   ^~~~
/home/ec2-user/arduino-testlib/cli-datadir/user/libraries/Bugtton/src/Bugtton.cpp:131:51: note: suggested alternative: &#39;SING&#39;
             if (_pins[i] &lt; 8)       currentBit(i, PIND&amp;(1&lt;&lt;_pins[i]) );
                                                   ^~~~
                                                   SING
/home/ec2-user/arduino-testlib/cli-datadir/user/libraries/Bugtton/src/Bugtton.cpp:132:51: error: &#39;PINB&#39; was not declared in this scope
             else if (_pins[i] &lt; 14) currentBit(i, PINB&amp;(1&lt;&lt;(_pins[i]-8) ));
                                                   ^~~~
/home/ec2-user/arduino-testlib/cli-datadir/user/libraries/Bugtton/src/Bugtton.cpp:132:51: note: suggested alternative: &#39;SING&#39;
             else if (_pins[i] &lt; 14) currentBit(i, PINB&amp;(1&lt;&lt;(_pins[i]-8) ));
                                                   ^~~~
                                                   SING
/home/ec2-user/arduino-testlib/cli-datadir/user/libraries/Bugtton/src/Bugtton.cpp:133:51: error: &#39;PINC&#39; was not declared in this scope
             else if (_pins[i] &lt; 20) currentBit(i, PINC&amp;(1&lt;&lt;(_pins[i]-14) ));
                                                   ^~~~
/home/ec2-user/arduino-testlib/cli-datadir/user/libraries/Bugtton/src/Bugtton.cpp:133:51: note: suggested alternative: &#39;NC&#39;
             else if (_pins[i] &lt; 20) currentBit(i, PINC&amp;(1&lt;&lt;(_pins[i]-14) ));
                                                   ^~~~
                                                   NC
/home/ec2-user/arduino-testlib/cli-datadir/user/libraries/Bugtton/src/Bugtton.cpp:137:53: error: &#39;PIND&#39; was not declared in this scope
             if (_pins[i] &lt; 8)       currentBit(i, !(PIND&amp;(1&lt;&lt;_pins[i])) );
                                                     ^~~~
/home/ec2-user/arduino-testlib/cli-datadir/user/libraries/Bugtton/src/Bugtton.cpp:137:53: note: suggested alternative: &#39;SING&#39;
             if (_pins[i] &lt; 8)       currentBit(i, !(PIND&amp;(1&lt;&lt;_pins[i])) );
                                                     ^~~~
                                                     SING
/home/ec2-user/arduino-testlib/cli-datadir/user/libraries/Bugtton/src/Bugtton.cpp:138:53: error: &#39;PINB&#39; was not declared in this scope
             else if (_pins[i] &lt; 14) currentBit(i, !(PINB&amp;(1&lt;&lt;(_pins[i]-8)) ));
                                                     ^~~~
/home/ec2-user/arduino-testlib/cli-datadir/user/libraries/Bugtton/src/Bugtton.cpp:138:53: note: suggested alternative: &#39;SING&#39;
             else if (_pins[i] &lt; 14) currentBit(i, !(PINB&amp;(1&lt;&lt;(_pins[i]-8)) ));
                                                     ^~~~
                                                     SING
/home/ec2-user/arduino-testlib/cli-datadir/user/libraries/Bugtton/src/Bugtton.cpp:139:53: error: &#39;PINC&#39; was not declared in this scope
             else if (_pins[i] &lt; 20) currentBit(i, !(PINC&amp;(1&lt;&lt;(_pins[i]-14)) ));
                                                     ^~~~
/home/ec2-user/arduino-testlib/cli-datadir/user/libraries/Bugtton/src/Bugtton.cpp:139:53: note: suggested alternative: &#39;NC&#39;
             else if (_pins[i] &lt; 20) currentBit(i, !(PINC&amp;(1&lt;&lt;(_pins[i]-14)) ));
                                                     ^~~~
                                                     NC
/home/ec2-user/arduino-testlib/cli-datadir/user/libraries/Bugtton/src/Bugtton.cpp: In member function &#39;void Bugtton::setMode(uint8_t, uint8_t)&#39;:
/home/ec2-user/arduino-testlib/cli-datadir/user/libraries/Bugtton/src/Bugtton.cpp:193:20: error: &#39;DDRD&#39; was not declared in this scope
         if (i &lt; 8) DDRD|=(1&lt;&lt;(i));
                    ^~~~
/home/ec2-user/arduino-testlib/cli-datadir/user/libraries/Bugtton/src/Bugtton.cpp:193:20: note: suggested alternative: &#39;DIR&#39;
         if (i &lt; 8) DDRD|=(1&lt;&lt;(i));
                    ^~~~
                    DIR
/home/ec2-user/arduino-testlib/cli-datadir/user/libraries/Bugtton/src/Bugtton.cpp:194:26: error: &#39;DDRB&#39; was not declared in this scope
         else if (i &lt; 14) DDRB|=(1&lt;&lt;(i-8));
                          ^~~~
/home/ec2-user/arduino-testlib/cli-datadir/user/libraries/Bugtton/src/Bugtton.cpp:194:26: note: suggested alternative: &#39;DIR&#39;
         else if (i &lt; 14) DDRB|=(1&lt;&lt;(i-8));
                          ^~~~
                          DIR
/home/ec2-user/arduino-testlib/cli-datadir/user/libraries/Bugtton/src/Bugtton.cpp:195:26: error: &#39;DDRC&#39; was not declared in this scope
         else if (i &lt; 20) DDRC|=(1&lt;&lt;(i-14));
                          ^~~~
/home/ec2-user/arduino-testlib/cli-datadir/user/libraries/Bugtton/src/Bugtton.cpp:195:26: note: suggested alternative: &#39;DIR&#39;
         else if (i &lt; 20) DDRC|=(1&lt;&lt;(i-14));
                          ^~~~
                          DIR
/home/ec2-user/arduino-testlib/cli-datadir/user/libraries/Bugtton/src/Bugtton.cpp:200:20: error: &#39;DDRD&#39; was not declared in this scope
         if (i &lt; 8) DDRD&amp;=~(1&lt;&lt;(i));
                    ^~~~
/home/ec2-user/arduino-testlib/cli-datadir/user/libraries/Bugtton/src/Bugtton.cpp:200:20: note: suggested alternative: &#39;DIR&#39;
         if (i &lt; 8) DDRD&amp;=~(1&lt;&lt;(i));
                    ^~~~
                    DIR
/home/ec2-user/arduino-testlib/cli-datadir/user/libraries/Bugtton/src/Bugtton.cpp:201:26: error: &#39;DDRB&#39; was not declared in this scope
         else if (i &lt; 14) DDRB&amp;=~(1&lt;&lt;(i-8));
                          ^~~~
/home/ec2-user/arduino-testlib/cli-datadir/user/libraries/Bugtton/src/Bugtton.cpp:201:26: note: suggested alternative: &#39;DIR&#39;
         else if (i &lt; 14) DDRB&amp;=~(1&lt;&lt;(i-8));
                          ^~~~
                          DIR
/home/ec2-user/arduino-testlib/cli-datadir/user/libraries/Bugtton/src/Bugtton.cpp:202:26: error: &#39;DDRC&#39; was not declared in this scope
         else if (i &lt; 20) DDRC&amp;=~(1&lt;&lt;(i-14));
                          ^~~~
/home/ec2-user/arduino-testlib/cli-datadir/user/libraries/Bugtton/src/Bugtton.cpp:202:26: note: suggested alternative: &#39;DIR&#39;
         else if (i &lt; 20) DDRC&amp;=~(1&lt;&lt;(i-14));
                          ^~~~
                          DIR
/home/ec2-user/arduino-testlib/cli-datadir/user/libraries/Bugtton/src/Bugtton.cpp:206:24: error: &#39;PORTD&#39; was not declared in this scope
             if (i &lt; 8) PORTD|=(1&lt;&lt;(i));
                        ^~~~~
/home/ec2-user/arduino-testlib/cli-datadir/user/libraries/Bugtton/src/Bugtton.cpp:207:30: error: &#39;PORTB&#39; was not declared in this scope
             else if (i &lt; 14) PORTB|=(1&lt;&lt;(i-8));
                              ^~~~~
/home/ec2-user/arduino-testlib/cli-datadir/user/libraries/Bugtton/src/Bugtton.cpp:208:30: error: &#39;PORTC&#39; was not declared in this scope
             else if (i &lt; 20) PORTC|=(1&lt;&lt;(i-14));
                              ^~~~~
/home/ec2-user/arduino-testlib/cli-datadir/user/libraries/Bugtton/src/Bugtton.cpp:212:24: error: &#39;PORTD&#39; was not declared in this scope
             if (i &lt; 8) PORTD&amp;=~(1&lt;&lt;(i));
                        ^~~~~
/home/ec2-user/arduino-testlib/cli-datadir/user/libraries/Bugtton/src/Bugtton.cpp:213:30: error: &#39;PORTB&#39; was not declared in this scope
             else if (i &lt; 14) PORTB&amp;=~(1&lt;&lt;(i-8));
                              ^~~~~
/home/ec2-user/arduino-testlib/cli-datadir/user/libraries/Bugtton/src/Bugtton.cpp:214:30: error: &#39;PORTC&#39; was not declared in this scope
             else if (i &lt; 20) PORTC&amp;=~(1&lt;&lt;(i-14));
                              ^~~~~

</pre>
					
					<h4>examples/Simple</h4>
					<p>
						Result: <b>FAIL</b>
					</p>
					<pre class="pre-scrollable">WARNING: library Bugtton claims to run on avr architecture(s) and may be incompatible with your current board which runs on mbed_nano architecture(s).
/home/ec2-user/arduino-testlib/cli-datadir/user/libraries/Bugtton/src/Bugtton.cpp: In member function &#39;void Bugtton::update()&#39;:
/home/ec2-user/arduino-testlib/cli-datadir/user/libraries/Bugtton/src/Bugtton.cpp:115:25: error: &#39;PIND&#39; was not declared in this scope
         if ((_idleD == (PIND&amp;_maskD)) &amp;&amp;
                         ^~~~
/home/ec2-user/arduino-testlib/cli-datadir/user/libraries/Bugtton/src/Bugtton.cpp:115:25: note: suggested alternative: &#39;SING&#39;
         if ((_idleD == (PIND&amp;_maskD)) &amp;&amp;
                         ^~~~
                         SING
/home/ec2-user/arduino-testlib/cli-datadir/user/libraries/Bugtton/src/Bugtton.cpp:116:25: error: &#39;PINB&#39; was not declared in this scope
             (_idleB == (PINB&amp;_maskB)) &amp;&amp;
                         ^~~~
/home/ec2-user/arduino-testlib/cli-datadir/user/libraries/Bugtton/src/Bugtton.cpp:116:25: note: suggested alternative: &#39;SING&#39;
             (_idleB == (PINB&amp;_maskB)) &amp;&amp;
                         ^~~~
                         SING
/home/ec2-user/arduino-testlib/cli-datadir/user/libraries/Bugtton/src/Bugtton.cpp:117:25: error: &#39;PINC&#39; was not declared in this scope
             (_idleC == (PINC&amp;_maskC)) ){
                         ^~~~
/home/ec2-user/arduino-testlib/cli-datadir/user/libraries/Bugtton/src/Bugtton.cpp:117:25: note: suggested alternative: &#39;NC&#39;
             (_idleC == (PINC&amp;_maskC)) ){
                         ^~~~
                         NC
/home/ec2-user/arduino-testlib/cli-datadir/user/libraries/Bugtton/src/Bugtton.cpp:131:51: error: &#39;PIND&#39; was not declared in this scope
             if (_pins[i] &lt; 8)       currentBit(i, PIND&amp;(1&lt;&lt;_pins[i]) );
                                                   ^~~~
/home/ec2-user/arduino-testlib/cli-datadir/user/libraries/Bugtton/src/Bugtton.cpp:131:51: note: suggested alternative: &#39;SING&#39;
             if (_pins[i] &lt; 8)       currentBit(i, PIND&amp;(1&lt;&lt;_pins[i]) );
                                                   ^~~~
                                                   SING
/home/ec2-user/arduino-testlib/cli-datadir/user/libraries/Bugtton/src/Bugtton.cpp:132:51: error: &#39;PINB&#39; was not declared in this scope
             else if (_pins[i] &lt; 14) currentBit(i, PINB&amp;(1&lt;&lt;(_pins[i]-8) ));
                                                   ^~~~
/home/ec2-user/arduino-testlib/cli-datadir/user/libraries/Bugtton/src/Bugtton.cpp:132:51: note: suggested alternative: &#39;SING&#39;
             else if (_pins[i] &lt; 14) currentBit(i, PINB&amp;(1&lt;&lt;(_pins[i]-8) ));
                                                   ^~~~
                                                   SING
/home/ec2-user/arduino-testlib/cli-datadir/user/libraries/Bugtton/src/Bugtton.cpp:133:51: error: &#39;PINC&#39; was not declared in this scope
             else if (_pins[i] &lt; 20) currentBit(i, PINC&amp;(1&lt;&lt;(_pins[i]-14) ));
                                                   ^~~~
/home/ec2-user/arduino-testlib/cli-datadir/user/libraries/Bugtton/src/Bugtton.cpp:133:51: note: suggested alternative: &#39;NC&#39;
             else if (_pins[i] &lt; 20) currentBit(i, PINC&amp;(1&lt;&lt;(_pins[i]-14) ));
                                                   ^~~~
                                                   NC
/home/ec2-user/arduino-testlib/cli-datadir/user/libraries/Bugtton/src/Bugtton.cpp:137:53: error: &#39;PIND&#39; was not declared in this scope
             if (_pins[i] &lt; 8)       currentBit(i, !(PIND&amp;(1&lt;&lt;_pins[i])) );
                                                     ^~~~
/home/ec2-user/arduino-testlib/cli-datadir/user/libraries/Bugtton/src/Bugtton.cpp:137:53: note: suggested alternative: &#39;SING&#39;
             if (_pins[i] &lt; 8)       currentBit(i, !(PIND&amp;(1&lt;&lt;_pins[i])) );
                                                     ^~~~
                                                     SING
/home/ec2-user/arduino-testlib/cli-datadir/user/libraries/Bugtton/src/Bugtton.cpp:138:53: error: &#39;PINB&#39; was not declared in this scope
             else if (_pins[i] &lt; 14) currentBit(i, !(PINB&amp;(1&lt;&lt;(_pins[i]-8)) ));
                                                     ^~~~
/home/ec2-user/arduino-testlib/cli-datadir/user/libraries/Bugtton/src/Bugtton.cpp:138:53: note: suggested alternative: &#39;SING&#39;
             else if (_pins[i] &lt; 14) currentBit(i, !(PINB&amp;(1&lt;&lt;(_pins[i]-8)) ));
                                                     ^~~~
                                                     SING
/home/ec2-user/arduino-testlib/cli-datadir/user/libraries/Bugtton/src/Bugtton.cpp:139:53: error: &#39;PINC&#39; was not declared in this scope
             else if (_pins[i] &lt; 20) currentBit(i, !(PINC&amp;(1&lt;&lt;(_pins[i]-14)) ));
                                                     ^~~~
/home/ec2-user/arduino-testlib/cli-datadir/user/libraries/Bugtton/src/Bugtton.cpp:139:53: note: suggested alternative: &#39;NC&#39;
             else if (_pins[i] &lt; 20) currentBit(i, !(PINC&amp;(1&lt;&lt;(_pins[i]-14)) ));
                                                     ^~~~
                                                     NC
/home/ec2-user/arduino-testlib/cli-datadir/user/libraries/Bugtton/src/Bugtton.cpp: In member function &#39;void Bugtton::setMode(uint8_t, uint8_t)&#39;:
/home/ec2-user/arduino-testlib/cli-datadir/user/libraries/Bugtton/src/Bugtton.cpp:193:20: error: &#39;DDRD&#39; was not declared in this scope
         if (i &lt; 8) DDRD|=(1&lt;&lt;(i));
                    ^~~~
/home/ec2-user/arduino-testlib/cli-datadir/user/libraries/Bugtton/src/Bugtton.cpp:193:20: note: suggested alternative: &#39;DIR&#39;
         if (i &lt; 8) DDRD|=(1&lt;&lt;(i));
                    ^~~~
                    DIR
/home/ec2-user/arduino-testlib/cli-datadir/user/libraries/Bugtton/src/Bugtton.cpp:194:26: error: &#39;DDRB&#39; was not declared in this scope
         else if (i &lt; 14) DDRB|=(1&lt;&lt;(i-8));
                          ^~~~
/home/ec2-user/arduino-testlib/cli-datadir/user/libraries/Bugtton/src/Bugtton.cpp:194:26: note: suggested alternative: &#39;DIR&#39;
         else if (i &lt; 14) DDRB|=(1&lt;&lt;(i-8));
                          ^~~~
                          DIR
/home/ec2-user/arduino-testlib/cli-datadir/user/libraries/Bugtton/src/Bugtton.cpp:195:26: error: &#39;DDRC&#39; was not declared in this scope
         else if (i &lt; 20) DDRC|=(1&lt;&lt;(i-14));
                          ^~~~
/home/ec2-user/arduino-testlib/cli-datadir/user/libraries/Bugtton/src/Bugtton.cpp:195:26: note: suggested alternative: &#39;DIR&#39;
         else if (i &lt; 20) DDRC|=(1&lt;&lt;(i-14));
                          ^~~~
                          DIR
/home/ec2-user/arduino-testlib/cli-datadir/user/libraries/Bugtton/src/Bugtton.cpp:200:20: error: &#39;DDRD&#39; was not declared in this scope
         if (i &lt; 8) DDRD&amp;=~(1&lt;&lt;(i));
                    ^~~~
/home/ec2-user/arduino-testlib/cli-datadir/user/libraries/Bugtton/src/Bugtton.cpp:200:20: note: suggested alternative: &#39;DIR&#39;
         if (i &lt; 8) DDRD&amp;=~(1&lt;&lt;(i));
                    ^~~~
                    DIR
/home/ec2-user/arduino-testlib/cli-datadir/user/libraries/Bugtton/src/Bugtton.cpp:201:26: error: &#39;DDRB&#39; was not declared in this scope
         else if (i &lt; 14) DDRB&amp;=~(1&lt;&lt;(i-8));
                          ^~~~
/home/ec2-user/arduino-testlib/cli-datadir/user/libraries/Bugtton/src/Bugtton.cpp:201:26: note: suggested alternative: &#39;DIR&#39;
         else if (i &lt; 14) DDRB&amp;=~(1&lt;&lt;(i-8));
                          ^~~~
                          DIR
/home/ec2-user/arduino-testlib/cli-datadir/user/libraries/Bugtton/src/Bugtton.cpp:202:26: error: &#39;DDRC&#39; was not declared in this scope
         else if (i &lt; 20) DDRC&amp;=~(1&lt;&lt;(i-14));
                          ^~~~
/home/ec2-user/arduino-testlib/cli-datadir/user/libraries/Bugtton/src/Bugtton.cpp:202:26: note: suggested alternative: &#39;DIR&#39;
         else if (i &lt; 20) DDRC&amp;=~(1&lt;&lt;(i-14));
                          ^~~~
                          DIR
/home/ec2-user/arduino-testlib/cli-datadir/user/libraries/Bugtton/src/Bugtton.cpp:206:24: error: &#39;PORTD&#39; was not declared in this scope
             if (i &lt; 8) PORTD|=(1&lt;&lt;(i));
                        ^~~~~
/home/ec2-user/arduino-testlib/cli-datadir/user/libraries/Bugtton/src/Bugtton.cpp:207:30: error: &#39;PORTB&#39; was not declared in this scope
             else if (i &lt; 14) PORTB|=(1&lt;&lt;(i-8));
                              ^~~~~
/home/ec2-user/arduino-testlib/cli-datadir/user/libraries/Bugtton/src/Bugtton.cpp:208:30: error: &#39;PORTC&#39; was not declared in this scope
             else if (i &lt; 20) PORTC|=(1&lt;&lt;(i-14));
                              ^~~~~
/home/ec2-user/arduino-testlib/cli-datadir/user/libraries/Bugtton/src/Bugtton.cpp:212:24: error: &#39;PORTD&#39; was not declared in this scope
             if (i &lt; 8) PORTD&amp;=~(1&lt;&lt;(i));
                        ^~~~~
/home/ec2-user/arduino-testlib/cli-datadir/user/libraries/Bugtton/src/Bugtton.cpp:213:30: error: &#39;PORTB&#39; was not declared in this scope
             else if (i &lt; 14) PORTB&amp;=~(1&lt;&lt;(i-8));
                              ^~~~~
/home/ec2-user/arduino-testlib/cli-datadir/user/libraries/Bugtton/src/Bugtton.cpp:214:30: error: &#39;PORTC&#39; was not declared in this scope
             else if (i &lt; 20) PORTC&amp;=~(1&lt;&lt;(i-14));
                              ^~~~~

</pre>
					
				
				<h3 id="arduino:megaavr:nona4809">arduino:megaavr:nona4809 @ 1.8.7</h3>
				<h4>Inclusion</h4>
				<p>
					Result: <b>FAIL</b>
					
				</p>
				<pre class="pre-scrollable">WARNING: library Bugtton claims to run on avr architecture(s) and may be incompatible with your current board which runs on megaavr architecture(s).
/home/ec2-user/arduino-testlib/cli-datadir/user/libraries/Bugtton/src/Bugtton.cpp: In member function &#39;void Bugtton::update()&#39;:
/home/ec2-user/arduino-testlib/cli-datadir/user/libraries/Bugtton/src/Bugtton.cpp:115:25: error: &#39;PIND&#39; was not declared in this scope
         if ((_idleD == (PIND&amp;_maskD)) &amp;&amp;
                         ^~~~
/home/ec2-user/arduino-testlib/cli-datadir/user/libraries/Bugtton/src/Bugtton.cpp:115:25: note: suggested alternative: &#39;PIN0&#39;
         if ((_idleD == (PIND&amp;_maskD)) &amp;&amp;
                         ^~~~
                         PIN0
/home/ec2-user/arduino-testlib/cli-datadir/user/libraries/Bugtton/src/Bugtton.cpp:116:25: error: &#39;PINB&#39; was not declared in this scope
             (_idleB == (PINB&amp;_maskB)) &amp;&amp;
                         ^~~~
/home/ec2-user/arduino-testlib/cli-datadir/user/libraries/Bugtton/src/Bugtton.cpp:116:25: note: suggested alternative: &#39;PIN0&#39;
             (_idleB == (PINB&amp;_maskB)) &amp;&amp;
                         ^~~~
                         PIN0
/home/ec2-user/arduino-testlib/cli-datadir/user/libraries/Bugtton/src/Bugtton.cpp:117:25: error: &#39;PINC&#39; was not declared in this scope
             (_idleC == (PINC&amp;_maskC)) ){
                         ^~~~
/home/ec2-user/arduino-testlib/cli-datadir/user/libraries/Bugtton/src/Bugtton.cpp:117:25: note: suggested alternative: &#39;PIN0&#39;
             (_idleC == (PINC&amp;_maskC)) ){
                         ^~~~
                         PIN0
/home/ec2-user/arduino-testlib/cli-datadir/user/libraries/Bugtton/src/Bugtton.cpp:131:51: error: &#39;PIND&#39; was not declared in this scope
             if (_pins[i] &lt; 8)       currentBit(i, PIND&amp;(1&lt;&lt;_pins[i]) );
                                                   ^~~~
/home/ec2-user/arduino-testlib/cli-datadir/user/libraries/Bugtton/src/Bugtton.cpp:131:51: note: suggested alternative: &#39;PIN0&#39;
             if (_pins[i] &lt; 8)       currentBit(i, PIND&amp;(1&lt;&lt;_pins[i]) );
                                                   ^~~~
                                                   PIN0
/home/ec2-user/arduino-testlib/cli-datadir/user/libraries/Bugtton/src/Bugtton.cpp:132:51: error: &#39;PINB&#39; was not declared in this scope
             else if (_pins[i] &lt; 14) currentBit(i, PINB&amp;(1&lt;&lt;(_pins[i]-8) ));
                                                   ^~~~
/home/ec2-user/arduino-testlib/cli-datadir/user/libraries/Bugtton/src/Bugtton.cpp:132:51: note: suggested alternative: &#39;PIN0&#39;
             else if (_pins[i] &lt; 14) currentBit(i, PINB&amp;(1&lt;&lt;(_pins[i]-8) ));
                                                   ^~~~
                                                   PIN0
/home/ec2-user/arduino-testlib/cli-datadir/user/libraries/Bugtton/src/Bugtton.cpp:133:51: error: &#39;PINC&#39; was not declared in this scope
             else if (_pins[i] &lt; 20) currentBit(i, PINC&amp;(1&lt;&lt;(_pins[i]-14) ));
                                                   ^~~~
/home/ec2-user/arduino-testlib/cli-datadir/user/libraries/Bugtton/src/Bugtton.cpp:133:51: note: suggested alternative: &#39;PIN0&#39;
             else if (_pins[i] &lt; 20) currentBit(i, PINC&amp;(1&lt;&lt;(_pins[i]-14) ));
                                                   ^~~~
                                                   PIN0
/home/ec2-user/arduino-testlib/cli-datadir/user/libraries/Bugtton/src/Bugtton.cpp:137:53: error: &#39;PIND&#39; was not declared in this scope
             if (_pins[i] &lt; 8)       currentBit(i, !(PIND&amp;(1&lt;&lt;_pins[i])) );
                                                     ^~~~
/home/ec2-user/arduino-testlib/cli-datadir/user/libraries/Bugtton/src/Bugtton.cpp:137:53: note: suggested alternative: &#39;PIN0&#39;
             if (_pins[i] &lt; 8)       currentBit(i, !(PIND&amp;(1&lt;&lt;_pins[i])) );
                                                     ^~~~
                                                     PIN0
/home/ec2-user/arduino-testlib/cli-datadir/user/libraries/Bugtton/src/Bugtton.cpp:138:53: error: &#39;PINB&#39; was not declared in this scope
             else if (_pins[i] &lt; 14) currentBit(i, !(PINB&amp;(1&lt;&lt;(_pins[i]-8)) ));
                                                     ^~~~
/home/ec2-user/arduino-testlib/cli-datadir/user/libraries/Bugtton/src/Bugtton.cpp:138:53: note: suggested alternative: &#39;PIN0&#39;
             else if (_pins[i] &lt; 14) currentBit(i, !(PINB&amp;(1&lt;&lt;(_pins[i]-8)) ));
                                                     ^~~~
                                                     PIN0
/home/ec2-user/arduino-testlib/cli-datadir/user/libraries/Bugtton/src/Bugtton.cpp:139:53: error: &#39;PINC&#39; was not declared in this scope
             else if (_pins[i] &lt; 20) currentBit(i, !(PINC&amp;(1&lt;&lt;(_pins[i]-14)) ));
                                                     ^~~~
/home/ec2-user/arduino-testlib/cli-datadir/user/libraries/Bugtton/src/Bugtton.cpp:139:53: note: suggested alternative: &#39;PIN0&#39;
             else if (_pins[i] &lt; 20) currentBit(i, !(PINC&amp;(1&lt;&lt;(_pins[i]-14)) ));
                                                     ^~~~
                                                     PIN0

</pre>

					
					<h4>examples/Functions</h4>
					<p>
						Result: <b>FAIL</b>
					</p>
					<pre class="pre-scrollable">WARNING: library Bugtton claims to run on avr architecture(s) and may be incompatible with your current board which runs on megaavr architecture(s).
/home/ec2-user/arduino-testlib/cli-datadir/user/libraries/Bugtton/src/Bugtton.cpp: In member function &#39;void Bugtton::update()&#39;:
/home/ec2-user/arduino-testlib/cli-datadir/user/libraries/Bugtton/src/Bugtton.cpp:115:25: error: &#39;PIND&#39; was not declared in this scope
         if ((_idleD == (PIND&amp;_maskD)) &amp;&amp;
                         ^~~~
/home/ec2-user/arduino-testlib/cli-datadir/user/libraries/Bugtton/src/Bugtton.cpp:115:25: note: suggested alternative: &#39;PIN0&#39;
         if ((_idleD == (PIND&amp;_maskD)) &amp;&amp;
                         ^~~~
                         PIN0
/home/ec2-user/arduino-testlib/cli-datadir/user/libraries/Bugtton/src/Bugtton.cpp:116:25: error: &#39;PINB&#39; was not declared in this scope
             (_idleB == (PINB&amp;_maskB)) &amp;&amp;
                         ^~~~
/home/ec2-user/arduino-testlib/cli-datadir/user/libraries/Bugtton/src/Bugtton.cpp:116:25: note: suggested alternative: &#39;PIN0&#39;
             (_idleB == (PINB&amp;_maskB)) &amp;&amp;
                         ^~~~
                         PIN0
/home/ec2-user/arduino-testlib/cli-datadir/user/libraries/Bugtton/src/Bugtton.cpp:117:25: error: &#39;PINC&#39; was not declared in this scope
             (_idleC == (PINC&amp;_maskC)) ){
                         ^~~~
/home/ec2-user/arduino-testlib/cli-datadir/user/libraries/Bugtton/src/Bugtton.cpp:117:25: note: suggested alternative: &#39;PIN0&#39;
             (_idleC == (PINC&amp;_maskC)) ){
                         ^~~~
                         PIN0
/home/ec2-user/arduino-testlib/cli-datadir/user/libraries/Bugtton/src/Bugtton.cpp:131:51: error: &#39;PIND&#39; was not declared in this scope
             if (_pins[i] &lt; 8)       currentBit(i, PIND&amp;(1&lt;&lt;_pins[i]) );
                                                   ^~~~
/home/ec2-user/arduino-testlib/cli-datadir/user/libraries/Bugtton/src/Bugtton.cpp:131:51: note: suggested alternative: &#39;PIN0&#39;
             if (_pins[i] &lt; 8)       currentBit(i, PIND&amp;(1&lt;&lt;_pins[i]) );
                                                   ^~~~
                                                   PIN0
/home/ec2-user/arduino-testlib/cli-datadir/user/libraries/Bugtton/src/Bugtton.cpp:132:51: error: &#39;PINB&#39; was not declared in this scope
             else if (_pins[i] &lt; 14) currentBit(i, PINB&amp;(1&lt;&lt;(_pins[i]-8) ));
                                                   ^~~~
/home/ec2-user/arduino-testlib/cli-datadir/user/libraries/Bugtton/src/Bugtton.cpp:132:51: note: suggested alternative: &#39;PIN0&#39;
             else if (_pins[i] &lt; 14) currentBit(i, PINB&amp;(1&lt;&lt;(_pins[i]-8) ));
                                                   ^~~~
                                                   PIN0
/home/ec2-user/arduino-testlib/cli-datadir/user/libraries/Bugtton/src/Bugtton.cpp:133:51: error: &#39;PINC&#39; was not declared in this scope
             else if (_pins[i] &lt; 20) currentBit(i, PINC&amp;(1&lt;&lt;(_pins[i]-14) ));
                                                   ^~~~
/home/ec2-user/arduino-testlib/cli-datadir/user/libraries/Bugtton/src/Bugtton.cpp:133:51: note: suggested alternative: &#39;PIN0&#39;
             else if (_pins[i] &lt; 20) currentBit(i, PINC&amp;(1&lt;&lt;(_pins[i]-14) ));
                                                   ^~~~
                                                   PIN0
/home/ec2-user/arduino-testlib/cli-datadir/user/libraries/Bugtton/src/Bugtton.cpp:137:53: error: &#39;PIND&#39; was not declared in this scope
             if (_pins[i] &lt; 8)       currentBit(i, !(PIND&amp;(1&lt;&lt;_pins[i])) );
                                                     ^~~~
/home/ec2-user/arduino-testlib/cli-datadir/user/libraries/Bugtton/src/Bugtton.cpp:137:53: note: suggested alternative: &#39;PIN0&#39;
             if (_pins[i] &lt; 8)       currentBit(i, !(PIND&amp;(1&lt;&lt;_pins[i])) );
                                                     ^~~~
                                                     PIN0
/home/ec2-user/arduino-testlib/cli-datadir/user/libraries/Bugtton/src/Bugtton.cpp:138:53: error: &#39;PINB&#39; was not declared in this scope
             else if (_pins[i] &lt; 14) currentBit(i, !(PINB&amp;(1&lt;&lt;(_pins[i]-8)) ));
                                                     ^~~~
/home/ec2-user/arduino-testlib/cli-datadir/user/libraries/Bugtton/src/Bugtton.cpp:138:53: note: suggested alternative: &#39;PIN0&#39;
             else if (_pins[i] &lt; 14) currentBit(i, !(PINB&amp;(1&lt;&lt;(_pins[i]-8)) ));
                                                     ^~~~
                                                     PIN0
/home/ec2-user/arduino-testlib/cli-datadir/user/libraries/Bugtton/src/Bugtton.cpp:139:53: error: &#39;PINC&#39; was not declared in this scope
             else if (_pins[i] &lt; 20) currentBit(i, !(PINC&amp;(1&lt;&lt;(_pins[i]-14)) ));
                                                     ^~~~
/home/ec2-user/arduino-testlib/cli-datadir/user/libraries/Bugtton/src/Bugtton.cpp:139:53: note: suggested alternative: &#39;PIN0&#39;
             else if (_pins[i] &lt; 20) currentBit(i, !(PINC&amp;(1&lt;&lt;(_pins[i]-14)) ));
                                                     ^~~~
                                                     PIN0

</pre>
					
					<h4>examples/Simple</h4>
					<p>
						Result: <b>FAIL</b>
					</p>
					<pre class="pre-scrollable">WARNING: library Bugtton claims to run on avr architecture(s) and may be incompatible with your current board which runs on megaavr architecture(s).
/home/ec2-user/arduino-testlib/cli-datadir/user/libraries/Bugtton/src/Bugtton.cpp: In member function &#39;void Bugtton::update()&#39;:
/home/ec2-user/arduino-testlib/cli-datadir/user/libraries/Bugtton/src/Bugtton.cpp:115:25: error: &#39;PIND&#39; was not declared in this scope
         if ((_idleD == (PIND&amp;_maskD)) &amp;&amp;
                         ^~~~
/home/ec2-user/arduino-testlib/cli-datadir/user/libraries/Bugtton/src/Bugtton.cpp:115:25: note: suggested alternative: &#39;PIN0&#39;
         if ((_idleD == (PIND&amp;_maskD)) &amp;&amp;
                         ^~~~
                         PIN0
/home/ec2-user/arduino-testlib/cli-datadir/user/libraries/Bugtton/src/Bugtton.cpp:116:25: error: &#39;PINB&#39; was not declared in this scope
             (_idleB == (PINB&amp;_maskB)) &amp;&amp;
                         ^~~~
/home/ec2-user/arduino-testlib/cli-datadir/user/libraries/Bugtton/src/Bugtton.cpp:116:25: note: suggested alternative: &#39;PIN0&#39;
             (_idleB == (PINB&amp;_maskB)) &amp;&amp;
                         ^~~~
                         PIN0
/home/ec2-user/arduino-testlib/cli-datadir/user/libraries/Bugtton/src/Bugtton.cpp:117:25: error: &#39;PINC&#39; was not declared in this scope
             (_idleC == (PINC&amp;_maskC)) ){
                         ^~~~
/home/ec2-user/arduino-testlib/cli-datadir/user/libraries/Bugtton/src/Bugtton.cpp:117:25: note: suggested alternative: &#39;PIN0&#39;
             (_idleC == (PINC&amp;_maskC)) ){
                         ^~~~
                         PIN0
/home/ec2-user/arduino-testlib/cli-datadir/user/libraries/Bugtton/src/Bugtton.cpp:131:51: error: &#39;PIND&#39; was not declared in this scope
             if (_pins[i] &lt; 8)       currentBit(i, PIND&amp;(1&lt;&lt;_pins[i]) );
                                                   ^~~~
/home/ec2-user/arduino-testlib/cli-datadir/user/libraries/Bugtton/src/Bugtton.cpp:131:51: note: suggested alternative: &#39;PIN0&#39;
             if (_pins[i] &lt; 8)       currentBit(i, PIND&amp;(1&lt;&lt;_pins[i]) );
                                                   ^~~~
                                                   PIN0
/home/ec2-user/arduino-testlib/cli-datadir/user/libraries/Bugtton/src/Bugtton.cpp:132:51: error: &#39;PINB&#39; was not declared in this scope
             else if (_pins[i] &lt; 14) currentBit(i, PINB&amp;(1&lt;&lt;(_pins[i]-8) ));
                                                   ^~~~
/home/ec2-user/arduino-testlib/cli-datadir/user/libraries/Bugtton/src/Bugtton.cpp:132:51: note: suggested alternative: &#39;PIN0&#39;
             else if (_pins[i] &lt; 14) currentBit(i, PINB&amp;(1&lt;&lt;(_pins[i]-8) ));
                                                   ^~~~
                                                   PIN0
/home/ec2-user/arduino-testlib/cli-datadir/user/libraries/Bugtton/src/Bugtton.cpp:133:51: error: &#39;PINC&#39; was not declared in this scope
             else if (_pins[i] &lt; 20) currentBit(i, PINC&amp;(1&lt;&lt;(_pins[i]-14) ));
                                                   ^~~~
/home/ec2-user/arduino-testlib/cli-datadir/user/libraries/Bugtton/src/Bugtton.cpp:133:51: note: suggested alternative: &#39;PIN0&#39;
             else if (_pins[i] &lt; 20) currentBit(i, PINC&amp;(1&lt;&lt;(_pins[i]-14) ));
                                                   ^~~~
                                                   PIN0
/home/ec2-user/arduino-testlib/cli-datadir/user/libraries/Bugtton/src/Bugtton.cpp:137:53: error: &#39;PIND&#39; was not declared in this scope
             if (_pins[i] &lt; 8)       currentBit(i, !(PIND&amp;(1&lt;&lt;_pins[i])) );
                                                     ^~~~
/home/ec2-user/arduino-testlib/cli-datadir/user/libraries/Bugtton/src/Bugtton.cpp:137:53: note: suggested alternative: &#39;PIN0&#39;
             if (_pins[i] &lt; 8)       currentBit(i, !(PIND&amp;(1&lt;&lt;_pins[i])) );
                                                     ^~~~
                                                     PIN0
/home/ec2-user/arduino-testlib/cli-datadir/user/libraries/Bugtton/src/Bugtton.cpp:138:53: error: &#39;PINB&#39; was not declared in this scope
             else if (_pins[i] &lt; 14) currentBit(i, !(PINB&amp;(1&lt;&lt;(_pins[i]-8)) ));
                                                     ^~~~
/home/ec2-user/arduino-testlib/cli-datadir/user/libraries/Bugtton/src/Bugtton.cpp:138:53: note: suggested alternative: &#39;PIN0&#39;
             else if (_pins[i] &lt; 14) currentBit(i, !(PINB&amp;(1&lt;&lt;(_pins[i]-8)) ));
                                                     ^~~~
                                                     PIN0
/home/ec2-user/arduino-testlib/cli-datadir/user/libraries/Bugtton/src/Bugtton.cpp:139:53: error: &#39;PINC&#39; was not declared in this scope
             else if (_pins[i] &lt; 20) currentBit(i, !(PINC&amp;(1&lt;&lt;(_pins[i]-14)) ));
                                                     ^~~~
/home/ec2-user/arduino-testlib/cli-datadir/user/libraries/Bugtton/src/Bugtton.cpp:139:53: note: suggested alternative: &#39;PIN0&#39;
             else if (_pins[i] &lt; 20) currentBit(i, !(PINC&amp;(1&lt;&lt;(_pins[i]-14)) ));
                                                     ^~~~
                                                     PIN0

</pre>
					
				
				<h3 id="arduino:samd:mkrwifi1010">arduino:samd:mkrwifi1010 @ 1.8.12</h3>
				<h4>Inclusion</h4>
				<p>
					Result: <b>FAIL</b>
					
				</p>
				<pre class="pre-scrollable">WARNING: library Bugtton claims to run on avr architecture(s) and may be incompatible with your current board which runs on samd architecture(s).
/Users/alranel/Documents/git/arduino/arduino-testlib/cli-datadir/user/libraries/Bugtton/src/Bugtton.cpp: In member function &#39;void Bugtton::update()&#39;:
/Users/alranel/Documents/git/arduino/arduino-testlib/cli-datadir/user/libraries/Bugtton/src/Bugtton.cpp:115:25: error: &#39;PIND&#39; was not declared in this scope
         if ((_idleD == (PIND&amp;_maskD)) &amp;&amp;
                         ^~~~
/Users/alranel/Documents/git/arduino/arduino-testlib/cli-datadir/user/libraries/Bugtton/src/Bugtton.cpp:115:25: note: suggested alternative: &#39;SING&#39;
         if ((_idleD == (PIND&amp;_maskD)) &amp;&amp;
                         ^~~~
                         SING
/Users/alranel/Documents/git/arduino/arduino-testlib/cli-datadir/user/libraries/Bugtton/src/Bugtton.cpp:116:25: error: &#39;PINB&#39; was not declared in this scope
             (_idleB == (PINB&amp;_maskB)) &amp;&amp;
                         ^~~~
/Users/alranel/Documents/git/arduino/arduino-testlib/cli-datadir/user/libraries/Bugtton/src/Bugtton.cpp:116:25: note: suggested alternative: &#39;SING&#39;
             (_idleB == (PINB&amp;_maskB)) &amp;&amp;
                         ^~~~
                         SING
/Users/alranel/Documents/git/arduino/arduino-testlib/cli-datadir/user/libraries/Bugtton/src/Bugtton.cpp:117:25: error: &#39;PINC&#39; was not declared in this scope
             (_idleC == (PINC&amp;_maskC)) ){
                         ^~~~
/Users/alranel/Documents/git/arduino/arduino-testlib/cli-datadir/user/libraries/Bugtton/src/Bugtton.cpp:117:25: note: suggested alternative: &#39;EIC&#39;
             (_idleC == (PINC&amp;_maskC)) ){
                         ^~~~
                         EIC
/Users/alranel/Documents/git/arduino/arduino-testlib/cli-datadir/user/libraries/Bugtton/src/Bugtton.cpp:131:51: error: &#39;PIND&#39; was not declared in this scope
             if (_pins[i] &lt; 8)       currentBit(i, PIND&amp;(1&lt;&lt;_pins[i]) );
                                                   ^~~~
/Users/alranel/Documents/git/arduino/arduino-testlib/cli-datadir/user/libraries/Bugtton/src/Bugtton.cpp:131:51: note: suggested alternative: &#39;SING&#39;
             if (_pins[i] &lt; 8)       currentBit(i, PIND&amp;(1&lt;&lt;_pins[i]) );
                                                   ^~~~
                                                   SING
/Users/alranel/Documents/git/arduino/arduino-testlib/cli-datadir/user/libraries/Bugtton/src/Bugtton.cpp:132:51: error: &#39;PINB&#39; was not declared in this scope
             else if (_pins[i] &lt; 14) currentBit(i, PINB&amp;(1&lt;&lt;(_pins[i]-8) ));
                                                   ^~~~
/Users/alranel/Documents/git/arduino/arduino-testlib/cli-datadir/user/libraries/Bugtton/src/Bugtton.cpp:132:51: note: suggested alternative: &#39;SING&#39;
             else if (_pins[i] &lt; 14) currentBit(i, PINB&amp;(1&lt;&lt;(_pins[i]-8) ));
                                                   ^~~~
                                                   SING
/Users/alranel/Documents/git/arduino/arduino-testlib/cli-datadir/user/libraries/Bugtton/src/Bugtton.cpp:133:51: error: &#39;PINC&#39; was not declared in this scope
             else if (_pins[i] &lt; 20) currentBit(i, PINC&amp;(1&lt;&lt;(_pins[i]-14) ));
                                                   ^~~~
/Users/alranel/Documents/git/arduino/arduino-testlib/cli-datadir/user/libraries/Bugtton/src/Bugtton.cpp:133:51: note: suggested alternative: &#39;EIC&#39;
             else if (_pins[i] &lt; 20) currentBit(i, PINC&amp;(1&lt;&lt;(_pins[i]-14) ));
                                                   ^~~~
                                                   EIC
/Users/alranel/Documents/git/arduino/arduino-testlib/cli-datadir/user/libraries/Bugtton/src/Bugtton.cpp:137:53: error: &#39;PIND&#39; was not declared in this scope
             if (_pins[i] &lt; 8)       currentBit(i, !(PIND&amp;(1&lt;&lt;_pins[i])) );
                                                     ^~~~
/Users/alranel/Documents/git/arduino/arduino-testlib/cli-datadir/user/libraries/Bugtton/src/Bugtton.cpp:137:53: note: suggested alternative: &#39;SING&#39;
             if (_pins[i] &lt; 8)       currentBit(i, !(PIND&amp;(1&lt;&lt;_pins[i])) );
                                                     ^~~~
                                                     SING
/Users/alranel/Documents/git/arduino/arduino-testlib/cli-datadir/user/libraries/Bugtton/src/Bugtton.cpp:138:53: error: &#39;PINB&#39; was not declared in this scope
             else if (_pins[i] &lt; 14) currentBit(i, !(PINB&amp;(1&lt;&lt;(_pins[i]-8)) ));
                                                     ^~~~
/Users/alranel/Documents/git/arduino/arduino-testlib/cli-datadir/user/libraries/Bugtton/src/Bugtton.cpp:138:53: note: suggested alternative: &#39;SING&#39;
             else if (_pins[i] &lt; 14) currentBit(i, !(PINB&amp;(1&lt;&lt;(_pins[i]-8)) ));
                                                     ^~~~
                                                     SING
/Users/alranel/Documents/git/arduino/arduino-testlib/cli-datadir/user/libraries/Bugtton/src/Bugtton.cpp:139:53: error: &#39;PINC&#39; was not declared in this scope
             else if (_pins[i] &lt; 20) currentBit(i, !(PINC&amp;(1&lt;&lt;(_pins[i]-14)) ));
                                                     ^~~~
/Users/alranel/Documents/git/arduino/arduino-testlib/cli-datadir/user/libraries/Bugtton/src/Bugtton.cpp:139:53: note: suggested alternative: &#39;EIC&#39;
             else if (_pins[i] &lt; 20) currentBit(i, !(PINC&amp;(1&lt;&lt;(_pins[i]-14)) ));
                                                     ^~~~
                                                     EIC
/Users/alranel/Documents/git/arduino/arduino-testlib/cli-datadir/user/libraries/Bugtton/src/Bugtton.cpp: In member function &#39;void Bugtton::setMode(uint8_t, uint8_t)&#39;:
/Users/alranel/Documents/git/arduino/arduino-testlib/cli-datadir/user/libraries/Bugtton/src/Bugtton.cpp:193:20: error: &#39;DDRD&#39; was not declared in this scope
         if (i &lt; 8) DDRD|=(1&lt;&lt;(i));
                    ^~~~
/Users/alranel/Documents/git/arduino/arduino-testlib/cli-datadir/user/libraries/Bugtton/src/Bugtton.cpp:194:26: error: &#39;DDRB&#39; was not declared in this scope
         else if (i &lt; 14) DDRB|=(1&lt;&lt;(i-8));
                          ^~~~
/Users/alranel/Documents/git/arduino/arduino-testlib/cli-datadir/user/libraries/Bugtton/src/Bugtton.cpp:195:26: error: &#39;DDRC&#39; was not declared in this scope
         else if (i &lt; 20) DDRC|=(1&lt;&lt;(i-14));
                          ^~~~
/Users/alranel/Documents/git/arduino/arduino-testlib/cli-datadir/user/libraries/Bugtton/src/Bugtton.cpp:195:26: note: suggested alternative: &#39;ADC&#39;
         else if (i &lt; 20) DDRC|=(1&lt;&lt;(i-14));
                          ^~~~
                          ADC
/Users/alranel/Documents/git/arduino/arduino-testlib/cli-datadir/user/libraries/Bugtton/src/Bugtton.cpp:200:20: error: &#39;DDRD&#39; was not declared in this scope
         if (i &lt; 8) DDRD&amp;=~(1&lt;&lt;(i));
                    ^~~~
/Users/alranel/Documents/git/arduino/arduino-testlib/cli-datadir/user/libraries/Bugtton/src/Bugtton.cpp:201:26: error: &#39;DDRB&#39; was not declared in this scope
         else if (i &lt; 14) DDRB&amp;=~(1&lt;&lt;(i-8));
                          ^~~~
/Users/alranel/Documents/git/arduino/arduino-testlib/cli-datadir/user/libraries/Bugtton/src/Bugtton.cpp:202:26: error: &#39;DDRC&#39; was not declared in this scope
         else if (i &lt; 20) DDRC&amp;=~(1&lt;&lt;(i-14));
                          ^~~~
/Users/alranel/Documents/git/arduino/arduino-testlib/cli-datadir/user/libraries/Bugtton/src/Bugtton.cpp:202:26: note: suggested alternative: &#39;ADC&#39;
         else if (i &lt; 20) DDRC&amp;=~(1&lt;&lt;(i-14));
                          ^~~~
                          ADC
/Users/alranel/Documents/git/arduino/arduino-testlib/cli-datadir/user/libraries/Bugtton/src/Bugtton.cpp:206:24: error: &#39;PORTD&#39; was not declared in this scope
             if (i &lt; 8) PORTD|=(1&lt;&lt;(i));
                        ^~~~~
/Users/alranel/Documents/git/arduino/arduino-testlib/cli-datadir/user/libraries/Bugtton/src/Bugtton.cpp:206:24: note: suggested alternative: &#39;PORTC&#39;
             if (i &lt; 8) PORTD|=(1&lt;&lt;(i));
                        ^~~~~
                        PORTC
/Users/alranel/Documents/git/arduino/arduino-testlib/cli-datadir/user/libraries/Bugtton/src/Bugtton.cpp:207:35: error: no match for &#39;operator|=&#39; (operand types are &#39;_EPortType&#39; and &#39;int&#39;)
             else if (i &lt; 14) PORTB|=(1&lt;&lt;(i-8));
                              ~~~~~^~~~~~~~~~~~
/Users/alranel/Documents/git/arduino/arduino-testlib/cli-datadir/user/libraries/Bugtton/src/Bugtton.cpp:207:35: note: candidate: operator|=(_EPortType&amp;, int) &lt;built-in&gt;
/Users/alranel/Documents/git/arduino/arduino-testlib/cli-datadir/user/libraries/Bugtton/src/Bugtton.cpp:207:35: note:   conversion of argument 1 would be ill-formed:
/Users/alranel/Documents/git/arduino/arduino-testlib/cli-datadir/user/libraries/Bugtton/src/Bugtton.cpp:207:46: error: cannot bind non-const lvalue reference of type &#39;_EPortType&amp;&#39; to an rvalue of type &#39;_EPortType&#39;
             else if (i &lt; 14) PORTB|=(1&lt;&lt;(i-8));
                                              ^
/Users/alranel/Documents/git/arduino/arduino-testlib/cli-datadir/user/libraries/Bugtton/src/Bugtton.cpp:208:35: error: no match for &#39;operator|=&#39; (operand types are &#39;_EPortType&#39; and &#39;int&#39;)
             else if (i &lt; 20) PORTC|=(1&lt;&lt;(i-14));
                              ~~~~~^~~~~~~~~~~~~
/Users/alranel/Documents/git/arduino/arduino-testlib/cli-datadir/user/libraries/Bugtton/src/Bugtton.cpp:208:35: note: candidate: operator|=(_EPortType&amp;, int) &lt;built-in&gt;
/Users/alranel/Documents/git/arduino/arduino-testlib/cli-datadir/user/libraries/Bugtton/src/Bugtton.cpp:208:35: note:   conversion of argument 1 would be ill-formed:
/Users/alranel/Documents/git/arduino/arduino-testlib/cli-datadir/user/libraries/Bugtton/src/Bugtton.cpp:208:47: error: cannot bind non-const lvalue reference of type &#39;_EPortType&amp;&#39; to an rvalue of type &#39;_EPortType&#39;
             else if (i &lt; 20) PORTC|=(1&lt;&lt;(i-14));
                                               ^
/Users/alranel/Documents/git/arduino/arduino-testlib/cli-datadir/user/libraries/Bugtton/src/Bugtton</pre>

					
					<h4>examples/Functions</h4>
					<p>
						Result: <b>FAIL</b>
					</p>
					<pre class="pre-scrollable">WARNING: library Bugtton claims to run on avr architecture(s) and may be incompatible with your current board which runs on samd architecture(s).
/Users/alranel/Documents/git/arduino/arduino-testlib/cli-datadir/user/libraries/Bugtton/src/Bugtton.cpp: In member function &#39;void Bugtton::update()&#39;:
/Users/alranel/Documents/git/arduino/arduino-testlib/cli-datadir/user/libraries/Bugtton/src/Bugtton.cpp:115:25: error: &#39;PIND&#39; was not declared in this scope
         if ((_idleD == (PIND&amp;_maskD)) &amp;&amp;
                         ^~~~
/Users/alranel/Documents/git/arduino/arduino-testlib/cli-datadir/user/libraries/Bugtton/src/Bugtton.cpp:115:25: note: suggested alternative: &#39;SING&#39;
         if ((_idleD == (PIND&amp;_maskD)) &amp;&amp;
                         ^~~~
                         SING
/Users/alranel/Documents/git/arduino/arduino-testlib/cli-datadir/user/libraries/Bugtton/src/Bugtton.cpp:116:25: error: &#39;PINB&#39; was not declared in this scope
             (_idleB == (PINB&amp;_maskB)) &amp;&amp;
                         ^~~~
/Users/alranel/Documents/git/arduino/arduino-testlib/cli-datadir/user/libraries/Bugtton/src/Bugtton.cpp:116:25: note: suggested alternative: &#39;SING&#39;
             (_idleB == (PINB&amp;_maskB)) &amp;&amp;
                         ^~~~
                         SING
/Users/alranel/Documents/git/arduino/arduino-testlib/cli-datadir/user/libraries/Bugtton/src/Bugtton.cpp:117:25: error: &#39;PINC&#39; was not declared in this scope
             (_idleC == (PINC&amp;_maskC)) ){
                         ^~~~
/Users/alranel/Documents/git/arduino/arduino-testlib/cli-datadir/user/libraries/Bugtton/src/Bugtton.cpp:117:25: note: suggested alternative: &#39;EIC&#39;
             (_idleC == (PINC&amp;_maskC)) ){
                         ^~~~
                         EIC
/Users/alranel/Documents/git/arduino/arduino-testlib/cli-datadir/user/libraries/Bugtton/src/Bugtton.cpp:131:51: error: &#39;PIND&#39; was not declared in this scope
             if (_pins[i] &lt; 8)       currentBit(i, PIND&amp;(1&lt;&lt;_pins[i]) );
                                                   ^~~~
/Users/alranel/Documents/git/arduino/arduino-testlib/cli-datadir/user/libraries/Bugtton/src/Bugtton.cpp:131:51: note: suggested alternative: &#39;SING&#39;
             if (_pins[i] &lt; 8)       currentBit(i, PIND&amp;(1&lt;&lt;_pins[i]) );
                                                   ^~~~
                                                   SING
/Users/alranel/Documents/git/arduino/arduino-testlib/cli-datadir/user/libraries/Bugtton/src/Bugtton.cpp:132:51: error: &#39;PINB&#39; was not declared in this scope
             else if (_pins[i] &lt; 14) currentBit(i, PINB&amp;(1&lt;&lt;(_pins[i]-8) ));
                                                   ^~~~
/Users/alranel/Documents/git/arduino/arduino-testlib/cli-datadir/user/libraries/Bugtton/src/Bugtton.cpp:132:51: note: suggested alternative: &#39;SING&#39;
             else if (_pins[i] &lt; 14) currentBit(i, PINB&amp;(1&lt;&lt;(_pins[i]-8) ));
                                                   ^~~~
                                                   SING
/Users/alranel/Documents/git/arduino/arduino-testlib/cli-datadir/user/libraries/Bugtton/src/Bugtton.cpp:133:51: error: &#39;PINC&#39; was not declared in this scope
             else if (_pins[i] &lt; 20) currentBit(i, PINC&amp;(1&lt;&lt;(_pins[i]-14) ));
                                                   ^~~~
/Users/alranel/Documents/git/arduino/arduino-testlib/cli-datadir/user/libraries/Bugtton/src/Bugtton.cpp:133:51: note: suggested alternative: &#39;EIC&#39;
             else if (_pins[i] &lt; 20) currentBit(i, PINC&amp;(1&lt;&lt;(_pins[i]-14) ));
                                                   ^~~~
                                                   EIC
/Users/alranel/Documents/git/arduino/arduino-testlib/cli-datadir/user/libraries/Bugtton/src/Bugtton.cpp:137:53: error: &#39;PIND&#39; was not declared in this scope
             if (_pins[i] &lt; 8)       currentBit(i, !(PIND&amp;(1&lt;&lt;_pins[i])) );
                                                     ^~~~
/Users/alranel/Documents/git/arduino/arduino-testlib/cli-datadir/user/libraries/Bugtton/src/Bugtton.cpp:137:53: note: suggested alternative: &#39;SING&#39;
             if (_pins[i] &lt; 8)       currentBit(i, !(PIND&amp;(1&lt;&lt;_pins[i])) );
                                                     ^~~~
                                                     SING
/Users/alranel/Documents/git/arduino/arduino-testlib/cli-datadir/user/libraries/Bugtton/src/Bugtton.cpp:138:53: error: &#39;PINB&#39; was not declared in this scope
             else if (_pins[i] &lt; 14) currentBit(i, !(PINB&amp;(1&lt;&lt;(_pins[i]-8)) ));
                                                     ^~~~
/Users/alranel/Documents/git/arduino/arduino-testlib/cli-datadir/user/libraries/Bugtton/src/Bugtton.cpp:138:53: note: suggested alternative: &#39;SING&#39;
             else if (_pins[i] &lt; 14) currentBit(i, !(PINB&amp;(1&lt;&lt;(_pins[i]-8)) ));
                                                     ^~~~
                                                     SING
/Users/alranel/Documents/git/arduino/arduino-testlib/cli-datadir/user/libraries/Bugtton/src/Bugtton.cpp:139:53: error: &#39;PINC&#39; was not declared in this scope
             else if (_pins[i] &lt; 20) currentBit(i, !(PINC&amp;(1&lt;&lt;(_pins[i]-14)) ));
                                                     ^~~~
/Users/alranel/Documents/git/arduino/arduino-testlib/cli-datadir/user/libraries/Bugtton/src/Bugtton.cpp:139:53: note: suggested alternative: &#39;EIC&#39;
             else if (_pins[i] &lt; 20) currentBit(i, !(PINC&amp;(1&lt;&lt;(_pins[i]-14)) ));
                                                     ^~~~
                                                     EIC
/Users/alranel/Documents/git/arduino/arduino-testlib/cli-datadir/user/libraries/Bugtton/src/Bugtton.cpp: In member function &#39;void Bugtton::setMode(uint8_t, uint8_t)&#39;:
/Users/alranel/Documents/git/arduino/arduino-testlib/cli-datadir/user/libraries/Bugtton/src/Bugtton.cpp:193:20: error: &#39;DDRD&#39; was not declared in this scope
         if (i &lt; 8) DDRD|=(1&lt;&lt;(i));
                    ^~~~
/Users/alranel/Documents/git/arduino/arduino-testlib/cli-datadir/user/libraries/Bugtton/src/Bugtton.cpp:194:26: error: &#39;DDRB&#39; was not declared in this scope
         else if (i &lt; 14) DDRB|=(1&lt;&lt;(i-8));
                          ^~~~
/Users/alranel/Documents/git/arduino/arduino-testlib/cli-datadir/user/libraries/Bugtton/src/Bugtton.cpp:195:26: error: &#39;DDRC&#39; was not declared in this scope
         else if (i &lt; 20) DDRC|=(1&lt;&lt;(i-14));
                          ^~~~
/Users/alranel/Documents/git/arduino/arduino-testlib/cli-datadir/user/libraries/Bugtton/src/Bugtton.cpp:195:26: note: suggested alternative: &#39;ADC&#39;
         else if (i &lt; 20) DDRC|=(1&lt;&lt;(i-14));
                          ^~~~
                          ADC
/Users/alranel/Documents/git/arduino/arduino-testlib/cli-datadir/user/libraries/Bugtton/src/Bugtton.cpp:200:20: error: &#39;DDRD&#39; was not declared in this scope
         if (i &lt; 8) DDRD&amp;=~(1&lt;&lt;(i));
                    ^~~~
/Users/alranel/Documents/git/arduino/arduino-testlib/cli-datadir/user/libraries/Bugtton/src/Bugtton.cpp:201:26: error: &#39;DDRB&#39; was not declared in this scope
         else if (i &lt; 14) DDRB&amp;=~(1&lt;&lt;(i-8));
                          ^~~~
/Users/alranel/Documents/git/arduino/arduino-testlib/cli-datadir/user/libraries/Bugtton/src/Bugtton.cpp:202:26: error: &#39;DDRC&#39; was not declared in this scope
         else if (i &lt; 20) DDRC&amp;=~(1&lt;&lt;(i-14));
                          ^~~~
/Users/alranel/Documents/git/arduino/arduino-testlib/cli-datadir/user/libraries/Bugtton/src/Bugtton.cpp:202:26: note: suggested alternative: &#39;ADC&#39;
         else if (i &lt; 20) DDRC&amp;=~(1&lt;&lt;(i-14));
                          ^~~~
                          ADC
/Users/alranel/Documents/git/arduino/arduino-testlib/cli-datadir/user/libraries/Bugtton/src/Bugtton.cpp:206:24: error: &#39;PORTD&#39; was not declared in this scope
             if (i &lt; 8) PORTD|=(1&lt;&lt;(i));
                        ^~~~~
/Users/alranel/Documents/git/arduino/arduino-testlib/cli-datadir/user/libraries/Bugtton/src/Bugtton.cpp:206:24: note: suggested alternative: &#39;PORTC&#39;
             if (i &lt; 8) PORTD|=(1&lt;&lt;(i));
                        ^~~~~
                        PORTC
/Users/alranel/Documents/git/arduino/arduino-testlib/cli-datadir/user/libraries/Bugtton/src/Bugtton.cpp:207:35: error: no match for &#39;operator|=&#39; (operand types are &#39;_EPortType&#39; and &#39;int&#39;)
             else if (i &lt; 14) PORTB|=(1&lt;&lt;(i-8));
                              ~~~~~^~~~~~~~~~~~
/Users/alranel/Documents/git/arduino/arduino-testlib/cli-datadir/user/libraries/Bugtton/src/Bugtton.cpp:207:35: note: candidate: operator|=(_EPortType&amp;, int) &lt;built-in&gt;
/Users/alranel/Documents/git/arduino/arduino-testlib/cli-datadir/user/libraries/Bugtton/src/Bugtton.cpp:207:35: note:   conversion of argument 1 would be ill-formed:
/Users/alranel/Documents/git/arduino/arduino-testlib/cli-datadir/user/libraries/Bugtton/src/Bugtton.cpp:207:46: error: cannot bind non-const lvalue reference of type &#39;_EPortType&amp;&#39; to an rvalue of type &#39;_EPortType&#39;
             else if (i &lt; 14) PORTB|=(1&lt;&lt;(i-8));
                                              ^
/Users/alranel/Documents/git/arduino/arduino-testlib/cli-datadir/user/libraries/Bugtton/src/Bugtton.cpp:208:35: error: no match for &#39;operator|=&#39; (operand types are &#39;_EPortType&#39; and &#39;int&#39;)
             else if (i &lt; 20) PORTC|=(1&lt;&lt;(i-14));
                              ~~~~~^~~~~~~~~~~~~
/Users/alranel/Documents/git/arduino/arduino-testlib/cli-datadir/user/libraries/Bugtton/src/Bugtton.cpp:208:35: note: candidate: operator|=(_EPortType&amp;, int) &lt;built-in&gt;
/Users/alranel/Documents/git/arduino/arduino-testlib/cli-datadir/user/libraries/Bugtton/src/Bugtton.cpp:208:35: note:   conversion of argument 1 would be ill-formed:
/Users/alranel/Documents/git/arduino/arduino-testlib/cli-datadir/user/libraries/Bugtton/src/Bugtton.cpp:208:47: error: cannot bind non-const lvalue reference of type &#39;_EPortType&amp;&#39; to an rvalue of type &#39;_EPortType&#39;
             else if (i &lt; 20) PORTC|=(1&lt;&lt;(i-14));
                                               ^
/Users/alranel/Documents/git/arduino/arduino-testlib/cli-datadir/user/libraries/Bugtton/src/Bugtton</pre>
					
					<h4>examples/Simple</h4>
					<p>
						Result: <b>FAIL</b>
					</p>
					<pre class="pre-scrollable">WARNING: library Bugtton claims to run on avr architecture(s) and may be incompatible with your current board which runs on samd architecture(s).
/Users/alranel/Documents/git/arduino/arduino-testlib/cli-datadir/user/libraries/Bugtton/src/Bugtton.cpp: In member function &#39;void Bugtton::update()&#39;:
/Users/alranel/Documents/git/arduino/arduino-testlib/cli-datadir/user/libraries/Bugtton/src/Bugtton.cpp:115:25: error: &#39;PIND&#39; was not declared in this scope
         if ((_idleD == (PIND&amp;_maskD)) &amp;&amp;
                         ^~~~
/Users/alranel/Documents/git/arduino/arduino-testlib/cli-datadir/user/libraries/Bugtton/src/Bugtton.cpp:115:25: note: suggested alternative: &#39;SING&#39;
         if ((_idleD == (PIND&amp;_maskD)) &amp;&amp;
                         ^~~~
                         SING
/Users/alranel/Documents/git/arduino/arduino-testlib/cli-datadir/user/libraries/Bugtton/src/Bugtton.cpp:116:25: error: &#39;PINB&#39; was not declared in this scope
             (_idleB == (PINB&amp;_maskB)) &amp;&amp;
                         ^~~~
/Users/alranel/Documents/git/arduino/arduino-testlib/cli-datadir/user/libraries/Bugtton/src/Bugtton.cpp:116:25: note: suggested alternative: &#39;SING&#39;
             (_idleB == (PINB&amp;_maskB)) &amp;&amp;
                         ^~~~
                         SING
/Users/alranel/Documents/git/arduino/arduino-testlib/cli-datadir/user/libraries/Bugtton/src/Bugtton.cpp:117:25: error: &#39;PINC&#39; was not declared in this scope
             (_idleC == (PINC&amp;_maskC)) ){
                         ^~~~
/Users/alranel/Documents/git/arduino/arduino-testlib/cli-datadir/user/libraries/Bugtton/src/Bugtton.cpp:117:25: note: suggested alternative: &#39;EIC&#39;
             (_idleC == (PINC&amp;_maskC)) ){
                         ^~~~
                         EIC
/Users/alranel/Documents/git/arduino/arduino-testlib/cli-datadir/user/libraries/Bugtton/src/Bugtton.cpp:131:51: error: &#39;PIND&#39; was not declared in this scope
             if (_pins[i] &lt; 8)       currentBit(i, PIND&amp;(1&lt;&lt;_pins[i]) );
                                                   ^~~~
/Users/alranel/Documents/git/arduino/arduino-testlib/cli-datadir/user/libraries/Bugtton/src/Bugtton.cpp:131:51: note: suggested alternative: &#39;SING&#39;
             if (_pins[i] &lt; 8)       currentBit(i, PIND&amp;(1&lt;&lt;_pins[i]) );
                                                   ^~~~
                                                   SING
/Users/alranel/Documents/git/arduino/arduino-testlib/cli-datadir/user/libraries/Bugtton/src/Bugtton.cpp:132:51: error: &#39;PINB&#39; was not declared in this scope
             else if (_pins[i] &lt; 14) currentBit(i, PINB&amp;(1&lt;&lt;(_pins[i]-8) ));
                                                   ^~~~
/Users/alranel/Documents/git/arduino/arduino-testlib/cli-datadir/user/libraries/Bugtton/src/Bugtton.cpp:132:51: note: suggested alternative: &#39;SING&#39;
             else if (_pins[i] &lt; 14) currentBit(i, PINB&amp;(1&lt;&lt;(_pins[i]-8) ));
                                                   ^~~~
                                                   SING
/Users/alranel/Documents/git/arduino/arduino-testlib/cli-datadir/user/libraries/Bugtton/src/Bugtton.cpp:133:51: error: &#39;PINC&#39; was not declared in this scope
             else if (_pins[i] &lt; 20) currentBit(i, PINC&amp;(1&lt;&lt;(_pins[i]-14) ));
                                                   ^~~~
/Users/alranel/Documents/git/arduino/arduino-testlib/cli-datadir/user/libraries/Bugtton/src/Bugtton.cpp:133:51: note: suggested alternative: &#39;EIC&#39;
             else if (_pins[i] &lt; 20) currentBit(i, PINC&amp;(1&lt;&lt;(_pins[i]-14) ));
                                                   ^~~~
                                                   EIC
/Users/alranel/Documents/git/arduino/arduino-testlib/cli-datadir/user/libraries/Bugtton/src/Bugtton.cpp:137:53: error: &#39;PIND&#39; was not declared in this scope
             if (_pins[i] &lt; 8)       currentBit(i, !(PIND&amp;(1&lt;&lt;_pins[i])) );
                                                     ^~~~
/Users/alranel/Documents/git/arduino/arduino-testlib/cli-datadir/user/libraries/Bugtton/src/Bugtton.cpp:137:53: note: suggested alternative: &#39;SING&#39;
             if (_pins[i] &lt; 8)       currentBit(i, !(PIND&amp;(1&lt;&lt;_pins[i])) );
                                                     ^~~~
                                                     SING
/Users/alranel/Documents/git/arduino/arduino-testlib/cli-datadir/user/libraries/Bugtton/src/Bugtton.cpp:138:53: error: &#39;PINB&#39; was not declared in this scope
             else if (_pins[i] &lt; 14) currentBit(i, !(PINB&amp;(1&lt;&lt;(_pins[i]-8)) ));
                                                     ^~~~
/Users/alranel/Documents/git/arduino/arduino-testlib/cli-datadir/user/libraries/Bugtton/src/Bugtton.cpp:138:53: note: suggested alternative: &#39;SING&#39;
             else if (_pins[i] &lt; 14) currentBit(i, !(PINB&amp;(1&lt;&lt;(_pins[i]-8)) ));
                                                     ^~~~
                                                     SING
/Users/alranel/Documents/git/arduino/arduino-testlib/cli-datadir/user/libraries/Bugtton/src/Bugtton.cpp:139:53: error: &#39;PINC&#39; was not declared in this scope
             else if (_pins[i] &lt; 20) currentBit(i, !(PINC&amp;(1&lt;&lt;(_pins[i]-14)) ));
                                                     ^~~~
/Users/alranel/Documents/git/arduino/arduino-testlib/cli-datadir/user/libraries/Bugtton/src/Bugtton.cpp:139:53: note: suggested alternative: &#39;EIC&#39;
             else if (_pins[i] &lt; 20) currentBit(i, !(PINC&amp;(1&lt;&lt;(_pins[i]-14)) ));
                                                     ^~~~
                                                     EIC
/Users/alranel/Documents/git/arduino/arduino-testlib/cli-datadir/user/libraries/Bugtton/src/Bugtton.cpp: In member function &#39;void Bugtton::setMode(uint8_t, uint8_t)&#39;:
/Users/alranel/Documents/git/arduino/arduino-testlib/cli-datadir/user/libraries/Bugtton/src/Bugtton.cpp:193:20: error: &#39;DDRD&#39; was not declared in this scope
         if (i &lt; 8) DDRD|=(1&lt;&lt;(i));
                    ^~~~
/Users/alranel/Documents/git/arduino/arduino-testlib/cli-datadir/user/libraries/Bugtton/src/Bugtton.cpp:194:26: error: &#39;DDRB&#39; was not declared in this scope
         else if (i &lt; 14) DDRB|=(1&lt;&lt;(i-8));
                          ^~~~
/Users/alranel/Documents/git/arduino/arduino-testlib/cli-datadir/user/libraries/Bugtton/src/Bugtton.cpp:195:26: error: &#39;DDRC&#39; was not declared in this scope
         else if (i &lt; 20) DDRC|=(1&lt;&lt;(i-14));
                          ^~~~
/Users/alranel/Documents/git/arduino/arduino-testlib/cli-datadir/user/libraries/Bugtton/src/Bugtton.cpp:195:26: note: suggested alternative: &#39;ADC&#39;
         else if (i &lt; 20) DDRC|=(1&lt;&lt;(i-14));
                          ^~~~
                          ADC
/Users/alranel/Documents/git/arduino/arduino-testlib/cli-datadir/user/libraries/Bugtton/src/Bugtton.cpp:200:20: error: &#39;DDRD&#39; was not declared in this scope
         if (i &lt; 8) DDRD&amp;=~(1&lt;&lt;(i));
                    ^~~~
/Users/alranel/Documents/git/arduino/arduino-testlib/cli-datadir/user/libraries/Bugtton/src/Bugtton.cpp:201:26: error: &#39;DDRB&#39; was not declared in this scope
         else if (i &lt; 14) DDRB&amp;=~(1&lt;&lt;(i-8));
                          ^~~~
/Users/alranel/Documents/git/arduino/arduino-testlib/cli-datadir/user/libraries/Bugtton/src/Bugtton.cpp:202:26: error: &#39;DDRC&#39; was not declared in this scope
         else if (i &lt; 20) DDRC&amp;=~(1&lt;&lt;(i-14));
                          ^~~~
/Users/alranel/Documents/git/arduino/arduino-testlib/cli-datadir/user/libraries/Bugtton/src/Bugtton.cpp:202:26: note: suggested alternative: &#39;ADC&#39;
         else if (i &lt; 20) DDRC&amp;=~(1&lt;&lt;(i-14));
                          ^~~~
                          ADC
/Users/alranel/Documents/git/arduino/arduino-testlib/cli-datadir/user/libraries/Bugtton/src/Bugtton.cpp:206:24: error: &#39;PORTD&#39; was not declared in this scope
             if (i &lt; 8) PORTD|=(1&lt;&lt;(i));
                        ^~~~~
/Users/alranel/Documents/git/arduino/arduino-testlib/cli-datadir/user/libraries/Bugtton/src/Bugtton.cpp:206:24: note: suggested alternative: &#39;PORTC&#39;
             if (i &lt; 8) PORTD|=(1&lt;&lt;(i));
                        ^~~~~
                        PORTC
/Users/alranel/Documents/git/arduino/arduino-testlib/cli-datadir/user/libraries/Bugtton/src/Bugtton.cpp:207:35: error: no match for &#39;operator|=&#39; (operand types are &#39;_EPortType&#39; and &#39;int&#39;)
             else if (i &lt; 14) PORTB|=(1&lt;&lt;(i-8));
                              ~~~~~^~~~~~~~~~~~
/Users/alranel/Documents/git/arduino/arduino-testlib/cli-datadir/user/libraries/Bugtton/src/Bugtton.cpp:207:35: note: candidate: operator|=(_EPortType&amp;, int) &lt;built-in&gt;
/Users/alranel/Documents/git/arduino/arduino-testlib/cli-datadir/user/libraries/Bugtton/src/Bugtton.cpp:207:35: note:   conversion of argument 1 would be ill-formed:
/Users/alranel/Documents/git/arduino/arduino-testlib/cli-datadir/user/libraries/Bugtton/src/Bugtton.cpp:207:46: error: cannot bind non-const lvalue reference of type &#39;_EPortType&amp;&#39; to an rvalue of type &#39;_EPortType&#39;
             else if (i &lt; 14) PORTB|=(1&lt;&lt;(i-8));
                                              ^
/Users/alranel/Documents/git/arduino/arduino-testlib/cli-datadir/user/libraries/Bugtton/src/Bugtton.cpp:208:35: error: no match for &#39;operator|=&#39; (operand types are &#39;_EPortType&#39; and &#39;int&#39;)
             else if (i &lt; 20) PORTC|=(1&lt;&lt;(i-14));
                              ~~~~~^~~~~~~~~~~~~
/Users/alranel/Documents/git/arduino/arduino-testlib/cli-datadir/user/libraries/Bugtton/src/Bugtton.cpp:208:35: note: candidate: operator|=(_EPortType&amp;, int) &lt;built-in&gt;
/Users/alranel/Documents/git/arduino/arduino-testlib/cli-datadir/user/libraries/Bugtton/src/Bugtton.cpp:208:35: note:   conversion of argument 1 would be ill-formed:
/Users/alranel/Documents/git/arduino/arduino-testlib/cli-datadir/user/libraries/Bugtton/src/Bugtton.cpp:208:47: error: cannot bind non-const lvalue reference of type &#39;_EPortType&amp;&#39; to an rvalue of type &#39;_EPortType&#39;
             else if (i &lt; 20) PORTC|=(1&lt;&lt;(i-14));
                                               ^
/Users/alranel/Documents/git/arduino/arduino-testlib/cli-datadir/user/libraries/Bugtton/src/Bugtton</pre>
					
				
				<h3 id="esp32:esp32:d1_mini32">esp32:esp32:d1_mini32 @ 1.0.6</h3>
				<h4>Inclusion</h4>
				<p>
					Result: <b>FAIL</b>
					
				</p>
				<pre class="pre-scrollable">WARNING: library Bugtton claims to run on avr architecture(s) and may be incompatible with your current board which runs on esp32 architecture(s).
/home/ec2-user/arduino-testlib/cli-datadir/user/libraries/Bugtton/src/Bugtton.cpp: In member function &#39;void Bugtton::update()&#39;:
/home/ec2-user/arduino-testlib/cli-datadir/user/libraries/Bugtton/src/Bugtton.cpp:115:25: error: &#39;PIND&#39; was not declared in this scope
         if ((_idleD == (PIND&amp;_maskD)) &amp;&amp;
                         ^
/home/ec2-user/arduino-testlib/cli-datadir/user/libraries/Bugtton/src/Bugtton.cpp:116:25: error: &#39;PINB&#39; was not declared in this scope
             (_idleB == (PINB&amp;_maskB)) &amp;&amp;
                         ^
/home/ec2-user/arduino-testlib/cli-datadir/user/libraries/Bugtton/src/Bugtton.cpp:117:25: error: &#39;PINC&#39; was not declared in this scope
             (_idleC == (PINC&amp;_maskC)) ){
                         ^
/home/ec2-user/arduino-testlib/cli-datadir/user/libraries/Bugtton/src/Bugtton.cpp:131:51: error: &#39;PIND&#39; was not declared in this scope
             if (_pins[i] &lt; 8)       currentBit(i, PIND&amp;(1&lt;&lt;_pins[i]) );
                                                   ^
/home/ec2-user/arduino-testlib/cli-datadir/user/libraries/Bugtton/src/Bugtton.cpp:132:51: error: &#39;PINB&#39; was not declared in this scope
             else if (_pins[i] &lt; 14) currentBit(i, PINB&amp;(1&lt;&lt;(_pins[i]-8) ));
                                                   ^
/home/ec2-user/arduino-testlib/cli-datadir/user/libraries/Bugtton/src/Bugtton.cpp:133:51: error: &#39;PINC&#39; was not declared in this scope
             else if (_pins[i] &lt; 20) currentBit(i, PINC&amp;(1&lt;&lt;(_pins[i]-14) ));
                                                   ^
/home/ec2-user/arduino-testlib/cli-datadir/user/libraries/Bugtton/src/Bugtton.cpp:137:53: error: &#39;PIND&#39; was not declared in this scope
             if (_pins[i] &lt; 8)       currentBit(i, !(PIND&amp;(1&lt;&lt;_pins[i])) );
                                                     ^
/home/ec2-user/arduino-testlib/cli-datadir/user/libraries/Bugtton/src/Bugtton.cpp:138:53: error: &#39;PINB&#39; was not declared in this scope
             else if (_pins[i] &lt; 14) currentBit(i, !(PINB&amp;(1&lt;&lt;(_pins[i]-8)) ));
                                                     ^
/home/ec2-user/arduino-testlib/cli-datadir/user/libraries/Bugtton/src/Bugtton.cpp:139:53: error: &#39;PINC&#39; was not declared in this scope
             else if (_pins[i] &lt; 20) currentBit(i, !(PINC&amp;(1&lt;&lt;(_pins[i]-14)) ));
                                                     ^
/home/ec2-user/arduino-testlib/cli-datadir/user/libraries/Bugtton/src/Bugtton.cpp: In member function &#39;void Bugtton::setMode(uint8_t, uint8_t)&#39;:
/home/ec2-user/arduino-testlib/cli-datadir/user/libraries/Bugtton/src/Bugtton.cpp:193:20: error: &#39;DDRD&#39; was not declared in this scope
         if (i &lt; 8) DDRD|=(1&lt;&lt;(i));
                    ^
/home/ec2-user/arduino-testlib/cli-datadir/user/libraries/Bugtton/src/Bugtton.cpp:194:26: error: &#39;DDRB&#39; was not declared in this scope
         else if (i &lt; 14) DDRB|=(1&lt;&lt;(i-8));
                          ^
/home/ec2-user/arduino-testlib/cli-datadir/user/libraries/Bugtton/src/Bugtton.cpp:195:26: error: &#39;DDRC&#39; was not declared in this scope
         else if (i &lt; 20) DDRC|=(1&lt;&lt;(i-14));
                          ^
/home/ec2-user/arduino-testlib/cli-datadir/user/libraries/Bugtton/src/Bugtton.cpp:200:20: error: &#39;DDRD&#39; was not declared in this scope
         if (i &lt; 8) DDRD&amp;=~(1&lt;&lt;(i));
                    ^
/home/ec2-user/arduino-testlib/cli-datadir/user/libraries/Bugtton/src/Bugtton.cpp:201:26: error: &#39;DDRB&#39; was not declared in this scope
         else if (i &lt; 14) DDRB&amp;=~(1&lt;&lt;(i-8));
                          ^
/home/ec2-user/arduino-testlib/cli-datadir/user/libraries/Bugtton/src/Bugtton.cpp:202:26: error: &#39;DDRC&#39; was not declared in this scope
         else if (i &lt; 20) DDRC&amp;=~(1&lt;&lt;(i-14));
                          ^
/home/ec2-user/arduino-testlib/cli-datadir/user/libraries/Bugtton/src/Bugtton.cpp:206:24: error: &#39;PORTD&#39; was not declared in this scope
             if (i &lt; 8) PORTD|=(1&lt;&lt;(i));
                        ^
/home/ec2-user/arduino-testlib/cli-datadir/user/libraries/Bugtton/src/Bugtton.cpp:207:30: error: &#39;PORTB&#39; was not declared in this scope
             else if (i &lt; 14) PORTB|=(1&lt;&lt;(i-8));
                              ^
/home/ec2-user/arduino-testlib/cli-datadir/user/libraries/Bugtton/src/Bugtton.cpp:208:30: error: &#39;PORTC&#39; was not declared in this scope
             else if (i &lt; 20) PORTC|=(1&lt;&lt;(i-14));
                              ^
/home/ec2-user/arduino-testlib/cli-datadir/user/libraries/Bugtton/src/Bugtton.cpp:212:24: error: &#39;PORTD&#39; was not declared in this scope
             if (i &lt; 8) PORTD&amp;=~(1&lt;&lt;(i));
                        ^
/home/ec2-user/arduino-testlib/cli-datadir/user/libraries/Bugtton/src/Bugtton.cpp:213:30: error: &#39;PORTB&#39; was not declared in this scope
             else if (i &lt; 14) PORTB&amp;=~(1&lt;&lt;(i-8));
                              ^
/home/ec2-user/arduino-testlib/cli-datadir/user/libraries/Bugtton/src/Bugtton.cpp:214:30: error: &#39;PORTC&#39; was not declared in this scope
             else if (i &lt; 20) PORTC&amp;=~(1&lt;&lt;(i-14));
                              ^

</pre>

					
					<h4>examples/Functions</h4>
					<p>
						Result: <b>FAIL</b>
					</p>
					<pre class="pre-scrollable">WARNING: library Bugtton claims to run on avr architecture(s) and may be incompatible with your current board which runs on esp32 architecture(s).
/home/ec2-user/arduino-testlib/cli-datadir/user/libraries/Bugtton/src/Bugtton.cpp: In member function &#39;void Bugtton::update()&#39;:
/home/ec2-user/arduino-testlib/cli-datadir/user/libraries/Bugtton/src/Bugtton.cpp:115:25: error: &#39;PIND&#39; was not declared in this scope
         if ((_idleD == (PIND&amp;_maskD)) &amp;&amp;
                         ^
/home/ec2-user/arduino-testlib/cli-datadir/user/libraries/Bugtton/src/Bugtton.cpp:116:25: error: &#39;PINB&#39; was not declared in this scope
             (_idleB == (PINB&amp;_maskB)) &amp;&amp;
                         ^
/home/ec2-user/arduino-testlib/cli-datadir/user/libraries/Bugtton/src/Bugtton.cpp:117:25: error: &#39;PINC&#39; was not declared in this scope
             (_idleC == (PINC&amp;_maskC)) ){
                         ^
/home/ec2-user/arduino-testlib/cli-datadir/user/libraries/Bugtton/src/Bugtton.cpp:131:51: error: &#39;PIND&#39; was not declared in this scope
             if (_pins[i] &lt; 8)       currentBit(i, PIND&amp;(1&lt;&lt;_pins[i]) );
                                                   ^
/home/ec2-user/arduino-testlib/cli-datadir/user/libraries/Bugtton/src/Bugtton.cpp:132:51: error: &#39;PINB&#39; was not declared in this scope
             else if (_pins[i] &lt; 14) currentBit(i, PINB&amp;(1&lt;&lt;(_pins[i]-8) ));
                                                   ^
/home/ec2-user/arduino-testlib/cli-datadir/user/libraries/Bugtton/src/Bugtton.cpp:133:51: error: &#39;PINC&#39; was not declared in this scope
             else if (_pins[i] &lt; 20) currentBit(i, PINC&amp;(1&lt;&lt;(_pins[i]-14) ));
                                                   ^
/home/ec2-user/arduino-testlib/cli-datadir/user/libraries/Bugtton/src/Bugtton.cpp:137:53: error: &#39;PIND&#39; was not declared in this scope
             if (_pins[i] &lt; 8)       currentBit(i, !(PIND&amp;(1&lt;&lt;_pins[i])) );
                                                     ^
/home/ec2-user/arduino-testlib/cli-datadir/user/libraries/Bugtton/src/Bugtton.cpp:138:53: error: &#39;PINB&#39; was not declared in this scope
             else if (_pins[i] &lt; 14) currentBit(i, !(PINB&amp;(1&lt;&lt;(_pins[i]-8)) ));
                                                     ^
/home/ec2-user/arduino-testlib/cli-datadir/user/libraries/Bugtton/src/Bugtton.cpp:139:53: error: &#39;PINC&#39; was not declared in this scope
             else if (_pins[i] &lt; 20) currentBit(i, !(PINC&amp;(1&lt;&lt;(_pins[i]-14)) ));
                                                     ^
/home/ec2-user/arduino-testlib/cli-datadir/user/libraries/Bugtton/src/Bugtton.cpp: In member function &#39;void Bugtton::setMode(uint8_t, uint8_t)&#39;:
/home/ec2-user/arduino-testlib/cli-datadir/user/libraries/Bugtton/src/Bugtton.cpp:193:20: error: &#39;DDRD&#39; was not declared in this scope
         if (i &lt; 8) DDRD|=(1&lt;&lt;(i));
                    ^
/home/ec2-user/arduino-testlib/cli-datadir/user/libraries/Bugtton/src/Bugtton.cpp:194:26: error: &#39;DDRB&#39; was not declared in this scope
         else if (i &lt; 14) DDRB|=(1&lt;&lt;(i-8));
                          ^
/home/ec2-user/arduino-testlib/cli-datadir/user/libraries/Bugtton/src/Bugtton.cpp:195:26: error: &#39;DDRC&#39; was not declared in this scope
         else if (i &lt; 20) DDRC|=(1&lt;&lt;(i-14));
                          ^
/home/ec2-user/arduino-testlib/cli-datadir/user/libraries/Bugtton/src/Bugtton.cpp:200:20: error: &#39;DDRD&#39; was not declared in this scope
         if (i &lt; 8) DDRD&amp;=~(1&lt;&lt;(i));
                    ^
/home/ec2-user/arduino-testlib/cli-datadir/user/libraries/Bugtton/src/Bugtton.cpp:201:26: error: &#39;DDRB&#39; was not declared in this scope
         else if (i &lt; 14) DDRB&amp;=~(1&lt;&lt;(i-8));
                          ^
/home/ec2-user/arduino-testlib/cli-datadir/user/libraries/Bugtton/src/Bugtton.cpp:202:26: error: &#39;DDRC&#39; was not declared in this scope
         else if (i &lt; 20) DDRC&amp;=~(1&lt;&lt;(i-14));
                          ^
/home/ec2-user/arduino-testlib/cli-datadir/user/libraries/Bugtton/src/Bugtton.cpp:206:24: error: &#39;PORTD&#39; was not declared in this scope
             if (i &lt; 8) PORTD|=(1&lt;&lt;(i));
                        ^
/home/ec2-user/arduino-testlib/cli-datadir/user/libraries/Bugtton/src/Bugtton.cpp:207:30: error: &#39;PORTB&#39; was not declared in this scope
             else if (i &lt; 14) PORTB|=(1&lt;&lt;(i-8));
                              ^
/home/ec2-user/arduino-testlib/cli-datadir/user/libraries/Bugtton/src/Bugtton.cpp:208:30: error: &#39;PORTC&#39; was not declared in this scope
             else if (i &lt; 20) PORTC|=(1&lt;&lt;(i-14));
                              ^
/home/ec2-user/arduino-testlib/cli-datadir/user/libraries/Bugtton/src/Bugtton.cpp:212:24: error: &#39;PORTD&#39; was not declared in this scope
             if (i &lt; 8) PORTD&amp;=~(1&lt;&lt;(i));
                        ^
/home/ec2-user/arduino-testlib/cli-datadir/user/libraries/Bugtton/src/Bugtton.cpp:213:30: error: &#39;PORTB&#39; was not declared in this scope
             else if (i &lt; 14) PORTB&amp;=~(1&lt;&lt;(i-8));
                              ^
/home/ec2-user/arduino-testlib/cli-datadir/user/libraries/Bugtton/src/Bugtton.cpp:214:30: error: &#39;PORTC&#39; was not declared in this scope
             else if (i &lt; 20) PORTC&amp;=~(1&lt;&lt;(i-14));
                              ^

</pre>
					
					<h4>examples/Simple</h4>
					<p>
						Result: <b>FAIL</b>
					</p>
					<pre class="pre-scrollable">WARNING: library Bugtton claims to run on avr architecture(s) and may be incompatible with your current board which runs on esp32 architecture(s).
/home/ec2-user/arduino-testlib/cli-datadir/user/libraries/Bugtton/src/Bugtton.cpp: In member function &#39;void Bugtton::update()&#39;:
/home/ec2-user/arduino-testlib/cli-datadir/user/libraries/Bugtton/src/Bugtton.cpp:115:25: error: &#39;PIND&#39; was not declared in this scope
         if ((_idleD == (PIND&amp;_maskD)) &amp;&amp;
                         ^
/home/ec2-user/arduino-testlib/cli-datadir/user/libraries/Bugtton/src/Bugtton.cpp:116:25: error: &#39;PINB&#39; was not declared in this scope
             (_idleB == (PINB&amp;_maskB)) &amp;&amp;
                         ^
/home/ec2-user/arduino-testlib/cli-datadir/user/libraries/Bugtton/src/Bugtton.cpp:117:25: error: &#39;PINC&#39; was not declared in this scope
             (_idleC == (PINC&amp;_maskC)) ){
                         ^
/home/ec2-user/arduino-testlib/cli-datadir/user/libraries/Bugtton/src/Bugtton.cpp:131:51: error: &#39;PIND&#39; was not declared in this scope
             if (_pins[i] &lt; 8)       currentBit(i, PIND&amp;(1&lt;&lt;_pins[i]) );
                                                   ^
/home/ec2-user/arduino-testlib/cli-datadir/user/libraries/Bugtton/src/Bugtton.cpp:132:51: error: &#39;PINB&#39; was not declared in this scope
             else if (_pins[i] &lt; 14) currentBit(i, PINB&amp;(1&lt;&lt;(_pins[i]-8) ));
                                                   ^
/home/ec2-user/arduino-testlib/cli-datadir/user/libraries/Bugtton/src/Bugtton.cpp:133:51: error: &#39;PINC&#39; was not declared in this scope
             else if (_pins[i] &lt; 20) currentBit(i, PINC&amp;(1&lt;&lt;(_pins[i]-14) ));
                                                   ^
/home/ec2-user/arduino-testlib/cli-datadir/user/libraries/Bugtton/src/Bugtton.cpp:137:53: error: &#39;PIND&#39; was not declared in this scope
             if (_pins[i] &lt; 8)       currentBit(i, !(PIND&amp;(1&lt;&lt;_pins[i])) );
                                                     ^
/home/ec2-user/arduino-testlib/cli-datadir/user/libraries/Bugtton/src/Bugtton.cpp:138:53: error: &#39;PINB&#39; was not declared in this scope
             else if (_pins[i] &lt; 14) currentBit(i, !(PINB&amp;(1&lt;&lt;(_pins[i]-8)) ));
                                                     ^
/home/ec2-user/arduino-testlib/cli-datadir/user/libraries/Bugtton/src/Bugtton.cpp:139:53: error: &#39;PINC&#39; was not declared in this scope
             else if (_pins[i] &lt; 20) currentBit(i, !(PINC&amp;(1&lt;&lt;(_pins[i]-14)) ));
                                                     ^
/home/ec2-user/arduino-testlib/cli-datadir/user/libraries/Bugtton/src/Bugtton.cpp: In member function &#39;void Bugtton::setMode(uint8_t, uint8_t)&#39;:
/home/ec2-user/arduino-testlib/cli-datadir/user/libraries/Bugtton/src/Bugtton.cpp:193:20: error: &#39;DDRD&#39; was not declared in this scope
         if (i &lt; 8) DDRD|=(1&lt;&lt;(i));
                    ^
/home/ec2-user/arduino-testlib/cli-datadir/user/libraries/Bugtton/src/Bugtton.cpp:194:26: error: &#39;DDRB&#39; was not declared in this scope
         else if (i &lt; 14) DDRB|=(1&lt;&lt;(i-8));
                          ^
/home/ec2-user/arduino-testlib/cli-datadir/user/libraries/Bugtton/src/Bugtton.cpp:195:26: error: &#39;DDRC&#39; was not declared in this scope
         else if (i &lt; 20) DDRC|=(1&lt;&lt;(i-14));
                          ^
/home/ec2-user/arduino-testlib/cli-datadir/user/libraries/Bugtton/src/Bugtton.cpp:200:20: error: &#39;DDRD&#39; was not declared in this scope
         if (i &lt; 8) DDRD&amp;=~(1&lt;&lt;(i));
                    ^
/home/ec2-user/arduino-testlib/cli-datadir/user/libraries/Bugtton/src/Bugtton.cpp:201:26: error: &#39;DDRB&#39; was not declared in this scope
         else if (i &lt; 14) DDRB&amp;=~(1&lt;&lt;(i-8));
                          ^
/home/ec2-user/arduino-testlib/cli-datadir/user/libraries/Bugtton/src/Bugtton.cpp:202:26: error: &#39;DDRC&#39; was not declared in this scope
         else if (i &lt; 20) DDRC&amp;=~(1&lt;&lt;(i-14));
                          ^
/home/ec2-user/arduino-testlib/cli-datadir/user/libraries/Bugtton/src/Bugtton.cpp:206:24: error: &#39;PORTD&#39; was not declared in this scope
             if (i &lt; 8) PORTD|=(1&lt;&lt;(i));
                        ^
/home/ec2-user/arduino-testlib/cli-datadir/user/libraries/Bugtton/src/Bugtton.cpp:207:30: error: &#39;PORTB&#39; was not declared in this scope
             else if (i &lt; 14) PORTB|=(1&lt;&lt;(i-8));
                              ^
/home/ec2-user/arduino-testlib/cli-datadir/user/libraries/Bugtton/src/Bugtton.cpp:208:30: error: &#39;PORTC&#39; was not declared in this scope
             else if (i &lt; 20) PORTC|=(1&lt;&lt;(i-14));
                              ^
/home/ec2-user/arduino-testlib/cli-datadir/user/libraries/Bugtton/src/Bugtton.cpp:212:24: error: &#39;PORTD&#39; was not declared in this scope
             if (i &lt; 8) PORTD&amp;=~(1&lt;&lt;(i));
                        ^
/home/ec2-user/arduino-testlib/cli-datadir/user/libraries/Bugtton/src/Bugtton.cpp:213:30: error: &#39;PORTB&#39; was not declared in this scope
             else if (i &lt; 14) PORTB&amp;=~(1&lt;&lt;(i-8));
                              ^
/home/ec2-user/arduino-testlib/cli-datadir/user/libraries/Bugtton/src/Bugtton.cpp:214:30: error: &#39;PORTC&#39; was not declared in this scope
             else if (i &lt; 20) PORTC&amp;=~(1&lt;&lt;(i-14));
                              ^

</pre>
					
				
			</div>
		</div>
	</div>
  </body>
</html>
