
<!doctype html>
<html lang="en">
  <head>
    <meta charset="utf-8">
    <meta name="viewport" content="width=device-width, initial-scale=1">
    <link href="https://cdn.jsdelivr.net/npm/bootstrap@5.0.2/dist/css/bootstrap.min.css" rel="stylesheet" integrity="sha384-EVSTQN3/azprG1Anm3QDgpJLIm9Nao0Yz1ztcQTwFspd3yD65VohhpuuCOmLASjC" crossorigin="anonymous">
    <title>arduino-testlib report</title>
	<style>
	.pass { background-color: #00FF00 !important; }
	.fail { background-color: #FF0000 !important; }
	</style>
  </head>
  <body>
	<div class="container">
		<div class="row">
			<div class="col">
				<h1>Canon BLE remote - compatibility matrix</h1>
				<p>
					<small>This report was generated on Monday, 21-Feb-22 12:00:25 CET using 
					<a href="https://github.com/alranel/arduino-testlib">arduino-testlib</a>.</small>
				</p>

				<h2>Canon BLE remote</h2>
				<p>
					Version: <b>1.0.2</b>
					<br />
					<a href="https://www.arduino.cc/reference/en/libraries/canon-ble-remote/">More details</a>
				</p>

				<h2>Compatibility matrix</h2>
				<table class="table table-bordered">
					<tr>
						<th>Board</th>
						<th>Claims compatibility</th>
						<th>Inclusion</th>
						
						<th><pre>simpleRemote</pre></th>
						
					</tr>
					
					<tr>
						<td>
							<a href="#arduino%3aavr%3auno"><b>arduino:avr:uno</b></a>
							<br />
							<small>1.8.4</small>
						</td>

						
						
						
						
							<td>No</td>
							<td class="fail">FAIL</td>
						

						
							
								
									
										
											
											<td class="fail">FAIL</td>
										
									
								
							
								
							
								
							
								
							
								
							
						
					</tr>
					
					<tr>
						<td>
							<a href="#arduino%3ambed_nano%3ananorp2040connect"><b>arduino:mbed_nano:nanorp2040connect</b></a>
							<br />
							<small>2.7.2</small>
						</td>

						
						
						
						
							<td>No</td>
							<td class="fail">FAIL</td>
						

						
							
								
							
								
									
										
											
											<td class="fail">FAIL</td>
										
									
								
							
								
							
								
							
								
							
						
					</tr>
					
					<tr>
						<td>
							<a href="#arduino%3amegaavr%3anona4809"><b>arduino:megaavr:nona4809</b></a>
							<br />
							<small>1.8.7</small>
						</td>

						
						
						
						
							<td>No</td>
							<td class="fail">FAIL</td>
						

						
							
								
							
								
							
								
									
										
											
											<td class="fail">FAIL</td>
										
									
								
							
								
							
								
							
						
					</tr>
					
					<tr>
						<td>
							<a href="#arduino%3asamd%3amkrwifi1010"><b>arduino:samd:mkrwifi1010</b></a>
							<br />
							<small>1.8.12</small>
						</td>

						
						
						
						
							<td>No</td>
							<td class="fail">FAIL</td>
						

						
							
								
							
								
							
								
							
								
									
										
											
											<td class="fail">FAIL</td>
										
									
								
							
								
							
						
					</tr>
					
					<tr>
						<td>
							<a href="#esp32%3aesp32%3ad1_mini32"><b>esp32:esp32:d1_mini32</b></a>
							<br />
							<small>1.0.6</small>
						</td>

						
						
						
							<td>Yes ⚠️</td>
							<td class="fail">FAIL</td>
						
						

						
							
								
							
								
							
								
							
								
							
								
									
										
											
											<td class="fail">FAIL</td>
										
									
								
							
						
					</tr>
					
				</table>

				<h2>Compilation logs</h2>
				
				<h3 id="arduino:avr:uno">arduino:avr:uno @ 1.8.4</h3>
				<h4>Inclusion</h4>
				<p>
					Result: <b>FAIL</b>
					
				</p>
				<pre class="pre-scrollable">In file included from /home/ec2-user/arduino-testlib/cli-datadir/user/libraries/Canon_BLE_remote/src/CanonBLERemote.cpp:1:0:
/home/ec2-user/arduino-testlib/cli-datadir/user/libraries/Canon_BLE_remote/src/CanonBLERemote.h:6:10: fatal error: ArduinoNvs.h: No such file or directory
 #include &lt;ArduinoNvs.h&gt;
          ^~~~~~~~~~~~~~
compilation terminated.
Multiple libraries were found for &#34;BLEDevice.h&#34;
  Used: /home/ec2-user/arduino-testlib/cli-datadir/user/libraries/BLEPeripheral
  Not used: /home/ec2-user/arduino-testlib/cli-datadir/user/libraries/ArduinoBLE
  Not used: /home/ec2-user/arduino-testlib/cli-datadir/user/libraries/Seeed_Arduino_rpcBLE
  Not used: /home/ec2-user/arduino-testlib/cli-datadir/user/libraries/STM32duinoBLE
  Not used: /home/ec2-user/arduino-testlib/cli-datadir/user/libraries/ESP32_BLE_Arduino
</pre>

					
					<h4>examples/simpleRemote</h4>
					<p>
						Result: <b>FAIL</b>
					</p>
					<pre class="pre-scrollable">In file included from /home/ec2-user/arduino-testlib/cli-datadir/user/libraries/Canon_BLE_remote/examples/simpleRemote/simpleRemote.ino:1:0:
/home/ec2-user/arduino-testlib/cli-datadir/user/libraries/Canon_BLE_remote/src/CanonBLERemote.h:6:10: fatal error: ArduinoNvs.h: No such file or directory
 #include &lt;ArduinoNvs.h&gt;
          ^~~~~~~~~~~~~~
compilation terminated.
Multiple libraries were found for &#34;BLEDevice.h&#34;
  Used: /home/ec2-user/arduino-testlib/cli-datadir/user/libraries/BLEPeripheral
  Not used: /home/ec2-user/arduino-testlib/cli-datadir/user/libraries/STM32duinoBLE
  Not used: /home/ec2-user/arduino-testlib/cli-datadir/user/libraries/ESP32_BLE_Arduino
  Not used: /home/ec2-user/arduino-testlib/cli-datadir/user/libraries/ArduinoBLE
  Not used: /home/ec2-user/arduino-testlib/cli-datadir/user/libraries/Seeed_Arduino_rpcBLE
</pre>
					
				
				<h3 id="arduino:mbed_nano:nanorp2040connect">arduino:mbed_nano:nanorp2040connect @ 2.7.2</h3>
				<h4>Inclusion</h4>
				<p>
					Result: <b>FAIL</b>
					
				</p>
				<pre class="pre-scrollable">In file included from /home/ec2-user/arduino-testlib/cli-datadir/user/libraries/Canon_BLE_remote/src/CanonBLERemote.cpp:1:0:
/home/ec2-user/arduino-testlib/cli-datadir/user/libraries/Canon_BLE_remote/src/CanonBLERemote.h:6:10: fatal error: ArduinoNvs.h: No such file or directory
 #include &lt;ArduinoNvs.h&gt;
          ^~~~~~~~~~~~~~
compilation terminated.
Multiple libraries were found for &#34;BLEDevice.h&#34;
  Used: /home/ec2-user/arduino-testlib/cli-datadir/user/libraries/ArduinoBLE
  Not used: /home/ec2-user/arduino-testlib/cli-datadir/user/libraries/ESP32_BLE_Arduino
  Not used: /home/ec2-user/arduino-testlib/cli-datadir/user/libraries/Seeed_Arduino_rpcBLE
  Not used: /home/ec2-user/arduino-testlib/cli-datadir/user/libraries/BLEPeripheral
  Not used: /home/ec2-user/arduino-testlib/cli-datadir/user/libraries/STM32duinoBLE
</pre>

					
					<h4>examples/simpleRemote</h4>
					<p>
						Result: <b>FAIL</b>
					</p>
					<pre class="pre-scrollable">In file included from /home/ec2-user/arduino-testlib/cli-datadir/user/libraries/Canon_BLE_remote/examples/simpleRemote/simpleRemote.ino:1:0:
/home/ec2-user/arduino-testlib/cli-datadir/user/libraries/Canon_BLE_remote/src/CanonBLERemote.h:6:10: fatal error: ArduinoNvs.h: No such file or directory
 #include &lt;ArduinoNvs.h&gt;
          ^~~~~~~~~~~~~~
compilation terminated.
Multiple libraries were found for &#34;BLEDevice.h&#34;
  Used: /home/ec2-user/arduino-testlib/cli-datadir/user/libraries/ArduinoBLE
  Not used: /home/ec2-user/arduino-testlib/cli-datadir/user/libraries/ESP32_BLE_Arduino
  Not used: /home/ec2-user/arduino-testlib/cli-datadir/user/libraries/BLEPeripheral
  Not used: /home/ec2-user/arduino-testlib/cli-datadir/user/libraries/Seeed_Arduino_rpcBLE
  Not used: /home/ec2-user/arduino-testlib/cli-datadir/user/libraries/STM32duinoBLE
</pre>
					
				
				<h3 id="arduino:megaavr:nona4809">arduino:megaavr:nona4809 @ 1.8.7</h3>
				<h4>Inclusion</h4>
				<p>
					Result: <b>FAIL</b>
					
				</p>
				<pre class="pre-scrollable">In file included from /home/ec2-user/arduino-testlib/cli-datadir/user/libraries/Canon_BLE_remote/src/CanonBLERemote.cpp:1:0:
/home/ec2-user/arduino-testlib/cli-datadir/user/libraries/Canon_BLE_remote/src/CanonBLERemote.h:6:10: fatal error: ArduinoNvs.h: No such file or directory
 #include &lt;ArduinoNvs.h&gt;
          ^~~~~~~~~~~~~~
compilation terminated.
Multiple libraries were found for &#34;BLEDevice.h&#34;
  Used: /home/ec2-user/arduino-testlib/cli-datadir/user/libraries/ArduinoBLE
  Not used: /home/ec2-user/arduino-testlib/cli-datadir/user/libraries/ESP32_BLE_Arduino
  Not used: /home/ec2-user/arduino-testlib/cli-datadir/user/libraries/STM32duinoBLE
  Not used: /home/ec2-user/arduino-testlib/cli-datadir/user/libraries/Seeed_Arduino_rpcBLE
  Not used: /home/ec2-user/arduino-testlib/cli-datadir/user/libraries/BLEPeripheral
</pre>

					
					<h4>examples/simpleRemote</h4>
					<p>
						Result: <b>FAIL</b>
					</p>
					<pre class="pre-scrollable">In file included from /home/ec2-user/arduino-testlib/cli-datadir/user/libraries/Canon_BLE_remote/examples/simpleRemote/simpleRemote.ino:1:0:
/home/ec2-user/arduino-testlib/cli-datadir/user/libraries/Canon_BLE_remote/src/CanonBLERemote.h:6:10: fatal error: ArduinoNvs.h: No such file or directory
 #include &lt;ArduinoNvs.h&gt;
          ^~~~~~~~~~~~~~
compilation terminated.
Multiple libraries were found for &#34;BLEDevice.h&#34;
  Used: /home/ec2-user/arduino-testlib/cli-datadir/user/libraries/ArduinoBLE
  Not used: /home/ec2-user/arduino-testlib/cli-datadir/user/libraries/BLEPeripheral
  Not used: /home/ec2-user/arduino-testlib/cli-datadir/user/libraries/ESP32_BLE_Arduino
  Not used: /home/ec2-user/arduino-testlib/cli-datadir/user/libraries/Seeed_Arduino_rpcBLE
  Not used: /home/ec2-user/arduino-testlib/cli-datadir/user/libraries/STM32duinoBLE
</pre>
					
				
				<h3 id="arduino:samd:mkrwifi1010">arduino:samd:mkrwifi1010 @ 1.8.12</h3>
				<h4>Inclusion</h4>
				<p>
					Result: <b>FAIL</b>
					
				</p>
				<pre class="pre-scrollable">In file included from /home/ec2-user/arduino-testlib/cli-datadir/user/libraries/Canon_BLE_remote/src/CanonBLERemote.cpp:1:0:
/home/ec2-user/arduino-testlib/cli-datadir/user/libraries/Canon_BLE_remote/src/CanonBLERemote.h:6:10: fatal error: ArduinoNvs.h: No such file or directory
 #include &lt;ArduinoNvs.h&gt;
          ^~~~~~~~~~~~~~
compilation terminated.
Multiple libraries were found for &#34;BLEDevice.h&#34;
  Used: /home/ec2-user/arduino-testlib/cli-datadir/user/libraries/ArduinoBLE
  Not used: /home/ec2-user/arduino-testlib/cli-datadir/user/libraries/STM32duinoBLE
  Not used: /home/ec2-user/arduino-testlib/cli-datadir/user/libraries/ESP32_BLE_Arduino
  Not used: /home/ec2-user/arduino-testlib/cli-datadir/user/libraries/BLEPeripheral
  Not used: /home/ec2-user/arduino-testlib/cli-datadir/user/libraries/Seeed_Arduino_rpcBLE
</pre>

					
					<h4>examples/simpleRemote</h4>
					<p>
						Result: <b>FAIL</b>
					</p>
					<pre class="pre-scrollable">In file included from /home/ec2-user/arduino-testlib/cli-datadir/user/libraries/Canon_BLE_remote/examples/simpleRemote/simpleRemote.ino:1:0:
/home/ec2-user/arduino-testlib/cli-datadir/user/libraries/Canon_BLE_remote/src/CanonBLERemote.h:6:10: fatal error: ArduinoNvs.h: No such file or directory
 #include &lt;ArduinoNvs.h&gt;
          ^~~~~~~~~~~~~~
compilation terminated.
Multiple libraries were found for &#34;BLEDevice.h&#34;
  Used: /home/ec2-user/arduino-testlib/cli-datadir/user/libraries/ArduinoBLE
  Not used: /home/ec2-user/arduino-testlib/cli-datadir/user/libraries/STM32duinoBLE
  Not used: /home/ec2-user/arduino-testlib/cli-datadir/user/libraries/BLEPeripheral
  Not used: /home/ec2-user/arduino-testlib/cli-datadir/user/libraries/Seeed_Arduino_rpcBLE
  Not used: /home/ec2-user/arduino-testlib/cli-datadir/user/libraries/ESP32_BLE_Arduino
</pre>
					
				
				<h3 id="esp32:esp32:d1_mini32">esp32:esp32:d1_mini32 @ 1.0.6</h3>
				<h4>Inclusion</h4>
				<p>
					Result: <b>FAIL</b>
					
				</p>
				<pre class="pre-scrollable">In file included from /home/ec2-user/arduino-testlib/cli-datadir/user/libraries/Canon_BLE_remote/src/CanonBLERemote.cpp:1:0:
/home/ec2-user/arduino-testlib/cli-datadir/user/libraries/Canon_BLE_remote/src/CanonBLERemote.h:6:24: fatal error: ArduinoNvs.h: No such file or directory
compilation terminated.
Multiple libraries were found for &#34;BLEDevice.h&#34;
  Used: /home/ec2-user/arduino-testlib/cli-datadir/user/libraries/ESP32_BLE_Arduino
  Not used: /home/ec2-user/arduino-testlib/cli-datadir/user/libraries/ArduinoBLE
  Not used: /home/ec2-user/arduino-testlib/cli-datadir/user/libraries/Seeed_Arduino_rpcBLE
  Not used: /home/ec2-user/arduino-testlib/cli-datadir/user/libraries/BLEPeripheral
  Not used: /home/ec2-user/arduino-testlib/cli-datadir/data/packages/esp32/hardware/esp32/1.0.6/libraries/BLE
  Not used: /home/ec2-user/arduino-testlib/cli-datadir/user/libraries/STM32duinoBLE
</pre>

					
					<h4>examples/simpleRemote</h4>
					<p>
						Result: <b>FAIL</b>
					</p>
					<pre class="pre-scrollable">In file included from /home/ec2-user/arduino-testlib/cli-datadir/user/libraries/Canon_BLE_remote/examples/simpleRemote/simpleRemote.ino:1:0:
/home/ec2-user/arduino-testlib/cli-datadir/user/libraries/Canon_BLE_remote/src/CanonBLERemote.h:6:24: fatal error: ArduinoNvs.h: No such file or directory
compilation terminated.
Multiple libraries were found for &#34;BLEDevice.h&#34;
  Used: /home/ec2-user/arduino-testlib/cli-datadir/user/libraries/ESP32_BLE_Arduino
  Not used: /home/ec2-user/arduino-testlib/cli-datadir/user/libraries/BLEPeripheral
  Not used: /home/ec2-user/arduino-testlib/cli-datadir/user/libraries/ArduinoBLE
  Not used: /home/ec2-user/arduino-testlib/cli-datadir/user/libraries/STM32duinoBLE
  Not used: /home/ec2-user/arduino-testlib/cli-datadir/data/packages/esp32/hardware/esp32/1.0.6/libraries/BLE
  Not used: /home/ec2-user/arduino-testlib/cli-datadir/user/libraries/Seeed_Arduino_rpcBLE
</pre>
					
				
			</div>
		</div>
	</div>
  </body>
</html>
