
<!doctype html>
<html lang="en">
  <head>
    <meta charset="utf-8">
    <meta name="viewport" content="width=device-width, initial-scale=1">
    <link href="https://cdn.jsdelivr.net/npm/bootstrap@5.0.2/dist/css/bootstrap.min.css" rel="stylesheet" integrity="sha384-EVSTQN3/azprG1Anm3QDgpJLIm9Nao0Yz1ztcQTwFspd3yD65VohhpuuCOmLASjC" crossorigin="anonymous">
    <title>arduino-testlib report</title>
	<style>
	.pass { background-color: #00FF00 !important; }
	.fail { background-color: #FF0000 !important; }
	</style>
  </head>
  <body>
	<div class="container">
		<div class="row">
			<div class="col">
				<h1>CLed - compatibility matrix</h1>
				<p>
					<small>This report was generated on Wednesday, 23-Feb-22 22:48:15 CET using 
					<a href="https://github.com/alranel/arduino-testlib">arduino-testlib</a>.</small>
				</p>

				<h2>CLed</h2>
				<p>
					Version: <b>1.0.0</b>
					<br />
					<a href="https://www.arduino.cc/reference/en/libraries/cled/">More details</a>
				</p>

				<h2>Compatibility matrix</h2>
				<table class="table table-bordered">
					<tr>
						<th>Board</th>
						<th>Claims compatibility</th>
						<th>Inclusion</th>
						
						<th><pre>LedTest</pre></th>
						
					</tr>
					
					<tr>
						<td>
							<a href="#arduino%3aavr%3auno"><b>arduino:avr:uno</b></a>
							<br />
							<small>1.8.4</small>
						</td>

						
						
						
						
							<td>No</td>
							<td class="fail">FAIL</td>
						

						
							
								
									
										
											
											<td class="fail">FAIL</td>
										
									
								
							
								
							
								
							
								
							
								
							
						
					</tr>
					
					<tr>
						<td>
							<a href="#arduino%3ambed_nano%3ananorp2040connect"><b>arduino:mbed_nano:nanorp2040connect</b></a>
							<br />
							<small>2.7.2</small>
						</td>

						
						
						
						
							<td>No</td>
							<td class="fail">FAIL</td>
						

						
							
								
							
								
									
										
											
											<td class="fail">FAIL</td>
										
									
								
							
								
							
								
							
								
							
						
					</tr>
					
					<tr>
						<td>
							<a href="#arduino%3amegaavr%3anona4809"><b>arduino:megaavr:nona4809</b></a>
							<br />
							<small>1.8.7</small>
						</td>

						
						
						
						
							<td>No</td>
							<td class="fail">FAIL</td>
						

						
							
								
							
								
							
								
									
										
											
											<td class="fail">FAIL</td>
										
									
								
							
								
							
								
							
						
					</tr>
					
					<tr>
						<td>
							<a href="#arduino%3asamd%3amkrwifi1010"><b>arduino:samd:mkrwifi1010</b></a>
							<br />
							<small>1.8.12</small>
						</td>

						
						
						
						
							<td>No</td>
							<td class="fail">FAIL</td>
						

						
							
								
							
								
							
								
							
								
									
										
											
											<td class="fail">FAIL</td>
										
									
								
							
								
							
						
					</tr>
					
					<tr>
						<td>
							<a href="#esp32%3aesp32%3ad1_mini32"><b>esp32:esp32:d1_mini32</b></a>
							<br />
							<small>1.0.6</small>
						</td>

						
						
						
						
							<td>No</td>
							<td class="fail">FAIL</td>
						

						
							
								
							
								
							
								
							
								
							
								
									
										
											
											<td class="fail">FAIL</td>
										
									
								
							
						
					</tr>
					
				</table>

				<h2>Compilation logs</h2>
				
				<h3 id="arduino:avr:uno">arduino:avr:uno @ 1.8.4</h3>
				<h4>Inclusion</h4>
				<p>
					Result: <b>FAIL</b>
					
					<br />This library has no main header file so an empty one was created.
					
				</p>
				<pre class="pre-scrollable">WARNING: library CLed claims to run on esp8266 architecture(s) and may be incompatible with your current board which runs on avr architecture(s).
/Users/alranel/Documents/git/arduino/arduino-testlib/cli-datadir/user/libraries/CLed/src/Led.cpp: In constructor &#39;CLed::CLed()&#39;:
/Users/alranel/Documents/git/arduino/arduino-testlib/cli-datadir/user/libraries/CLed/src/Led.cpp:46:12: error: no matching function for call to &#39;Ticker::Ticker()&#39;
 CLed::CLed()
            ^
In file included from /Users/alranel/Documents/git/arduino/arduino-testlib/cli-datadir/user/libraries/CLed/src/Led.h:26:0,
                 from /Users/alranel/Documents/git/arduino/arduino-testlib/cli-datadir/user/libraries/CLed/src/Led.cpp:36:
/Users/alranel/Documents/git/arduino/arduino-testlib/cli-datadir/user/libraries/Ticker/Ticker.h:74:2: note: candidate: Ticker::Ticker(fptr, uint32_t, uint32_t, resolution_t)
  Ticker(fptr callback, uint32_t timer, uint32_t repeat = 0, resolution_t resolution = MICROS);
  ^~~~~~
/Users/alranel/Documents/git/arduino/arduino-testlib/cli-datadir/user/libraries/Ticker/Ticker.h:74:2: note:   candidate expects 4 arguments, 0 provided
/Users/alranel/Documents/git/arduino/arduino-testlib/cli-datadir/user/libraries/Ticker/Ticker.h:62:7: note: candidate: constexpr Ticker::Ticker(const Ticker&amp;)
 class Ticker {
       ^~~~~~
/Users/alranel/Documents/git/arduino/arduino-testlib/cli-datadir/user/libraries/Ticker/Ticker.h:62:7: note:   candidate expects 1 argument, 0 provided
/Users/alranel/Documents/git/arduino/arduino-testlib/cli-datadir/user/libraries/CLed/src/Led.cpp:59:12: error: &#39;class Ticker&#39; has no member named &#39;attach_ms&#39;
  m_coTimer.attach_ms(100, CLed::TimerFuncStatic);
            ^~~~~~~~~
/Users/alranel/Documents/git/arduino/arduino-testlib/cli-datadir/user/libraries/CLed/src/Led.cpp: In member function &#39;void CLed::setLED(int, int, bool)&#39;:
/Users/alranel/Documents/git/arduino/arduino-testlib/cli-datadir/user/libraries/CLed/src/Led.cpp:243:29: error: &#39;OUTPUT_OPEN_DRAIN&#39; was not declared in this scope
    pinMode(iGPIO, boInvers? OUTPUT_OPEN_DRAIN : OUTPUT);
                             ^~~~~~~~~~~~~~~~~
Multiple libraries were found for &#34;Ticker.h&#34;
  Used: /Users/alranel/Documents/git/arduino/arduino-testlib/cli-datadir/user/libraries/Ticker
  Not used: /Users/alranel/Documents/git/arduino/arduino-testlib/cli-datadir/user/libraries/SimpleTicker
</pre>

					
					<h4>examples/LedTest</h4>
					<p>
						Result: <b>FAIL</b>
					</p>
					<pre class="pre-scrollable">In file included from /Users/alranel/Documents/git/arduino/arduino-testlib/cli-datadir/user/libraries/CLed/examples/LedTest/LedTest.ino:16:0:
/Users/alranel/Documents/git/arduino/arduino-testlib/cli-datadir/user/libraries/AskSinPP/Led.h:30:25: error: &#39;ArduinoPins&#39; does not name a type; did you mean &#39;Arduino_h&#39;?
 template &lt;class PINTYPE=ArduinoPins&gt;
                         ^~~~~~~~~~~
                         Arduino_h
/Users/alranel/Documents/git/arduino/arduino-testlib/cli-datadir/user/libraries/AskSinPP/Led.h: In member function &#39;void as::Led&lt;PINTYPE&gt;::set(as::LedStates::Mode, const as::LedStates::BlinkPattern*)&#39;:
/Users/alranel/Documents/git/arduino/arduino-testlib/cli-datadir/user/libraries/AskSinPP/Led.h:70:5: error: &#39;sysclock&#39; was not declared in this scope
     sysclock.cancel(*this);
     ^~~~~~~~
/Users/alranel/Documents/git/arduino/arduino-testlib/cli-datadir/user/libraries/AskSinPP/Led.h: In member function &#39;void as::Led&lt;PINTYPE&gt;::ledOn(uint32_t)&#39;:
/Users/alranel/Documents/git/arduino/arduino-testlib/cli-datadir/user/libraries/AskSinPP/Led.h:106:12: error: &#39;sysclock&#39; was not declared in this scope
       next(sysclock);
            ^~~~~~~~
/Users/alranel/Documents/git/arduino/arduino-testlib/cli-datadir/user/libraries/AskSinPP/Led.h: At global scope:
/Users/alranel/Documents/git/arduino/arduino-testlib/cli-datadir/user/libraries/AskSinPP/Led.h:131:41: error: &#39;ArduinoPins&#39; does not name a type; did you mean &#39;Arduino_h&#39;?
 template&lt;uint8_t LEDPIN1, class PINTYPE=ArduinoPins&gt;
                                         ^~~~~~~~~~~
                                         Arduino_h
/Users/alranel/Documents/git/arduino/arduino-testlib/cli-datadir/user/libraries/AskSinPP/Led.h:149:59: error: &#39;ArduinoPins&#39; does not name a type; did you mean &#39;Arduino_h&#39;?
 template &lt;uint8_t LEDPIN1,uint8_t LEDPIN2, class PINTYPE1=ArduinoPins, class PINTYPE2=ArduinoPins&gt;
                                                           ^~~~~~~~~~~
                                                           Arduino_h
/Users/alranel/Documents/git/arduino/arduino-testlib/cli-datadir/user/libraries/AskSinPP/Led.h:149:87: error: &#39;ArduinoPins&#39; does not name a type; did you mean &#39;Arduino_h&#39;?
 template &lt;uint8_t LEDPIN1,uint8_t LEDPIN2, class PINTYPE1=ArduinoPins, class PINTYPE2=ArduinoPins&gt;
                                                                                       ^~~~~~~~~~~
                                                                                       Arduino_h
/Users/alranel/Documents/git/arduino/arduino-testlib/cli-datadir/user/libraries/CLed/examples/LedTest/LedTest.ino: In function &#39;void setup()&#39;:
/Users/alranel/Documents/git/arduino/arduino-testlib/cli-datadir/user/libraries/CLed/examples/LedTest/LedTest.ino:33:3: error: &#39;Led&#39; was not declared in this scope
   Led.setLED(0, LED_BUILTIN, true);
   ^~~
/Users/alranel/Documents/git/arduino/arduino-testlib/cli-datadir/user/libraries/CLed/examples/LedTest/LedTest.ino:33:3: note: suggested alternative:
In file included from /Users/alranel/Documents/git/arduino/arduino-testlib/cli-datadir/user/libraries/CLed/examples/LedTest/LedTest.ino:16:0:
/Users/alranel/Documents/git/arduino/arduino-testlib/cli-datadir/user/libraries/AskSinPP/Led.h:31:7: note:   &#39;as::Led&#39;
 class Led : public Alarm, public LedStates {
       ^~~
/Users/alranel/Documents/git/arduino/arduino-testlib/cli-datadir/user/libraries/CLed/examples/LedTest/LedTest.ino: In function &#39;void loop()&#39;:
/Users/alranel/Documents/git/arduino/arduino-testlib/cli-datadir/user/libraries/CLed/examples/LedTest/LedTest.ino:42:3: error: &#39;Led&#39; was not declared in this scope
   Led.switchOn(0, CLed::On);
   ^~~
/Users/alranel/Documents/git/arduino/arduino-testlib/cli-datadir/user/libraries/CLed/examples/LedTest/LedTest.ino:42:3: note: suggested alternative:
In file included from /Users/alranel/Documents/git/arduino/arduino-testlib/cli-datadir/user/libraries/CLed/examples/LedTest/LedTest.ino:16:0:
/Users/alranel/Documents/git/arduino/arduino-testlib/cli-datadir/user/libraries/AskSinPP/Led.h:31:7: note:   &#39;as::Led&#39;
 class Led : public Alarm, public LedStates {
       ^~~
/Users/alranel/Documents/git/arduino/arduino-testlib/cli-datadir/user/libraries/CLed/examples/LedTest/LedTest.ino:42:19: error: &#39;CLed&#39; has not been declared
   Led.switchOn(0, CLed::On);
                   ^~~~
/Users/alranel/Documents/git/arduino/arduino-testlib/cli-datadir/user/libraries/CLed/examples/LedTest/LedTest.ino:45:19: error: &#39;CLed&#39; has not been declared
   Led.switchOn(0, CLed::Blink);
                   ^~~~
/Users/alranel/Documents/git/arduino/arduino-testlib/cli-datadir/user/libraries/CLed/examples/LedTest/LedTest.ino:48:19: error: &#39;CLed&#39; has not been declared
   Led.switchOn(0, CLed::BlinkInv);
                   ^~~~
/Users/alranel/Documents/git/arduino/arduino-testlib/cli-datadir/user/libraries/CLed/examples/LedTest/LedTest.ino:51:19: error: &#39;CLed&#39; has not been declared
   Led.switchOn(0, CLed::Flash1x);
                   ^~~~
/Users/alranel/Documents/git/arduino/arduino-testlib/cli-datadir/user/libraries/CLed/examples/LedTest/LedTest.ino:54:19: error: &#39;CLed&#39; has not been declared
   Led.switchOn(0, CLed::Flash1xInv);
                   ^~~~
/Users/alranel/Documents/git/arduino/arduino-testlib/cli-datadir/user/libraries/CLed/examples/LedTest/LedTest.ino:57:19: error: &#39;CLed&#39; has not been declared
   Led.switchOn(0, CLed::Flash2x);
                   ^~~~
/Users/alranel/Documents/git/arduino/arduino-testlib/cli-datadir/user/libraries/CLed/examples/LedTest/LedTest.ino:60:19: error: &#39;CLed&#39; has not been declared
   Led.switchOn(0, CLed::Flash2xInv);
                   ^~~~
/Users/alranel/Documents/git/arduino/arduino-testlib/cli-datadir/user/libraries/CLed/examples/LedTest/LedTest.ino:63:19: error: &#39;CLed&#39; has not been declared
   Led.switchOn(0, CLed::Flash3x);
                   ^~~~
/Users/alranel/Documents/git/arduino/arduino-testlib/cli-datadir/user/libraries/CLed/examples/LedTest/LedTest.ino:66:19: error: &#39;CLed&#39; has not been declared
   Led.switchOn(0, CLed::Flash3xInv);
                   ^~~~
/Users/alranel/Documents/git/arduino/arduino-testlib/cli-datadir/user/libraries/CLed/examples/LedTest/LedTest.ino:69:19: error: &#39;CLed&#39; has not been declared
   Led.switchOn(0, CLed::Flash4x);
                   ^~~~
/Users/alranel/Documents/git/arduino/arduino-testlib/cli-datadir/user/libraries/CLed/examples/LedTest/LedTest.ino:72:19: error: &#39;CLed&#39; has not been declared
   Led.switchOn(0, CLed::Flash4xInv);
                   ^~~~
/Users/alranel/Documents/git/arduino/arduino-testlib/cli-datadir/user/libraries/CLed/examples/LedTest/LedTest.ino:75:19: error: &#39;CLed&#39; has not been declared
   Led.switchOn(0, CLed::Flash);
                   ^~~~
/Users/alranel/Documents/git/arduino/arduino-testlib/cli-datadir/user/libraries/CLed/examples/LedTest/LedTest.ino:78:19: error: &#39;CLed&#39; has not been declared
   Led.switchOn(0, CLed::FlashInv);
                   ^~~~
Multiple libraries were found for &#34;Led.h&#34;
  Used: /Users/alranel/Documents/git/arduino/arduino-testlib/cli-datadir/user/libraries/AskSinPP
  Not used: /Users/alranel/Documents/git/arduino/arduino-testlib/cli-datadir/user/libraries/CLed
  Not used: /Users/alranel/Documents/git/arduino/arduino-testlib/cli-datadir/user/libraries/STM32duino_X-NUCLEO-LED61A1
Multiple libraries were found for &#34;LowPower.h&#34;
  Used: /Users/alranel/Documents/git/arduino/arduino-testlib/cli-datadir/user/libraries/LowPower_LowPowerLab
  Not used: /Users/alranel/Documents/git/arduino/arduino-testlib/cli-datadir/user/libraries/Low-Power
</pre>
					
				
				<h3 id="arduino:mbed_nano:nanorp2040connect">arduino:mbed_nano:nanorp2040connect @ 2.7.2</h3>
				<h4>Inclusion</h4>
				<p>
					Result: <b>FAIL</b>
					
				</p>
				<pre class="pre-scrollable">WARNING: library CLed claims to run on esp8266 architecture(s) and may be incompatible with your current board which runs on mbed_nano architecture(s).
In file included from /home/ec2-user/arduino-testlib/cli-datadir/user/libraries/CLed/src/Led.cpp:36:0:
/home/ec2-user/arduino-testlib/cli-datadir/user/libraries/CLed/src/Led.h:59:2: error: &#39;Ticker&#39; does not name a type
  Ticker  m_coTimer;
  ^~~~~~
/home/ec2-user/arduino-testlib/cli-datadir/user/libraries/CLed/src/Led.cpp: In constructor &#39;CLed::CLed()&#39;:
/home/ec2-user/arduino-testlib/cli-datadir/user/libraries/CLed/src/Led.cpp:59:2: error: &#39;m_coTimer&#39; was not declared in this scope
  m_coTimer.attach_ms(100, CLed::TimerFuncStatic);
  ^~~~~~~~~
/home/ec2-user/arduino-testlib/cli-datadir/user/libraries/CLed/src/Led.cpp:59:2: note: suggested alternative: &#39;getTimer&#39;
  m_coTimer.attach_ms(100, CLed::TimerFuncStatic);
  ^~~~~~~~~
  getTimer
/home/ec2-user/arduino-testlib/cli-datadir/user/libraries/CLed/src/Led.cpp: In member function &#39;void CLed::setLED(int, int, bool)&#39;:
/home/ec2-user/arduino-testlib/cli-datadir/user/libraries/CLed/src/Led.cpp:243:29: error: &#39;OUTPUT_OPEN_DRAIN&#39; was not declared in this scope
    pinMode(iGPIO, boInvers? OUTPUT_OPEN_DRAIN : OUTPUT);
                             ^~~~~~~~~~~~~~~~~
/home/ec2-user/arduino-testlib/cli-datadir/user/libraries/CLed/src/Led.cpp:243:29: note: suggested alternative: &#39;OUTPUT_OPENDRAIN&#39;
    pinMode(iGPIO, boInvers? OUTPUT_OPEN_DRAIN : OUTPUT);
                             ^~~~~~~~~~~~~~~~~
                             OUTPUT_OPENDRAIN

</pre>

					
					<h4>examples/LedTest</h4>
					<p>
						Result: <b>FAIL</b>
					</p>
					<pre class="pre-scrollable">WARNING: library CLed claims to run on esp8266 architecture(s) and may be incompatible with your current board which runs on mbed_nano architecture(s).
In file included from /home/ec2-user/arduino-testlib/cli-datadir/user/libraries/CLed/examples/LedTest/LedTest.ino:16:0:
/home/ec2-user/arduino-testlib/cli-datadir/user/libraries/CLed/src/Led.h:59:2: error: &#39;Ticker&#39; does not name a type
  Ticker  m_coTimer;
  ^~~~~~
Multiple libraries were found for &#34;Led.h&#34;
  Used: /home/ec2-user/arduino-testlib/cli-datadir/user/libraries/CLed
  Not used: /home/ec2-user/arduino-testlib/cli-datadir/user/libraries/AskSinPP
  Not used: /home/ec2-user/arduino-testlib/cli-datadir/user/libraries/STM32duino_X-NUCLEO-LED61A1
</pre>
					
				
				<h3 id="arduino:megaavr:nona4809">arduino:megaavr:nona4809 @ 1.8.7</h3>
				<h4>Inclusion</h4>
				<p>
					Result: <b>FAIL</b>
					
				</p>
				<pre class="pre-scrollable">WARNING: library CLed claims to run on esp8266 architecture(s) and may be incompatible with your current board which runs on megaavr architecture(s).
/home/ec2-user/arduino-testlib/cli-datadir/user/libraries/CLed/src/Led.cpp: In constructor &#39;CLed::CLed()&#39;:
/home/ec2-user/arduino-testlib/cli-datadir/user/libraries/CLed/src/Led.cpp:46:12: error: no matching function for call to &#39;Ticker::Ticker()&#39;
 CLed::CLed()
            ^
In file included from /home/ec2-user/arduino-testlib/cli-datadir/user/libraries/CLed/src/Led.h:26:0,
                 from /home/ec2-user/arduino-testlib/cli-datadir/user/libraries/CLed/src/Led.cpp:36:
/home/ec2-user/arduino-testlib/cli-datadir/user/libraries/Ticker/Ticker.h:74:2: note: candidate: Ticker::Ticker(fptr, uint32_t, uint32_t, resolution_t)
  Ticker(fptr callback, uint32_t timer, uint32_t repeat = 0, resolution_t resolution = MICROS);
  ^~~~~~
/home/ec2-user/arduino-testlib/cli-datadir/user/libraries/Ticker/Ticker.h:74:2: note:   candidate expects 4 arguments, 0 provided
/home/ec2-user/arduino-testlib/cli-datadir/user/libraries/Ticker/Ticker.h:62:7: note: candidate: constexpr Ticker::Ticker(const Ticker&amp;)
 class Ticker {
       ^~~~~~
/home/ec2-user/arduino-testlib/cli-datadir/user/libraries/Ticker/Ticker.h:62:7: note:   candidate expects 1 argument, 0 provided
/home/ec2-user/arduino-testlib/cli-datadir/user/libraries/CLed/src/Led.cpp:59:12: error: &#39;class Ticker&#39; has no member named &#39;attach_ms&#39;
  m_coTimer.attach_ms(100, CLed::TimerFuncStatic);
            ^~~~~~~~~
/home/ec2-user/arduino-testlib/cli-datadir/user/libraries/CLed/src/Led.cpp: In member function &#39;void CLed::setLED(int, int, bool)&#39;:
/home/ec2-user/arduino-testlib/cli-datadir/user/libraries/CLed/src/Led.cpp:243:29: error: &#39;OUTPUT_OPEN_DRAIN&#39; was not declared in this scope
    pinMode(iGPIO, boInvers? OUTPUT_OPEN_DRAIN : OUTPUT);
                             ^~~~~~~~~~~~~~~~~
Multiple libraries were found for &#34;Ticker.h&#34;
  Used: /home/ec2-user/arduino-testlib/cli-datadir/user/libraries/Ticker
  Not used: /home/ec2-user/arduino-testlib/cli-datadir/user/libraries/SimpleTicker
</pre>

					
					<h4>examples/LedTest</h4>
					<p>
						Result: <b>FAIL</b>
					</p>
					<pre class="pre-scrollable">WARNING: library CLed claims to run on esp8266 architecture(s) and may be incompatible with your current board which runs on megaavr architecture(s).
/home/ec2-user/arduino-testlib/cli-datadir/user/libraries/CLed/src/Led.cpp: In constructor &#39;CLed::CLed()&#39;:
/home/ec2-user/arduino-testlib/cli-datadir/user/libraries/CLed/src/Led.cpp:46:12: error: no matching function for call to &#39;Ticker::Ticker()&#39;
 CLed::CLed()
            ^
In file included from /home/ec2-user/arduino-testlib/cli-datadir/user/libraries/CLed/src/Led.h:26:0,
                 from /home/ec2-user/arduino-testlib/cli-datadir/user/libraries/CLed/src/Led.cpp:36:
/home/ec2-user/arduino-testlib/cli-datadir/user/libraries/Ticker/Ticker.h:74:2: note: candidate: Ticker::Ticker(fptr, uint32_t, uint32_t, resolution_t)
  Ticker(fptr callback, uint32_t timer, uint32_t repeat = 0, resolution_t resolution = MICROS);
  ^~~~~~
/home/ec2-user/arduino-testlib/cli-datadir/user/libraries/Ticker/Ticker.h:74:2: note:   candidate expects 4 arguments, 0 provided
/home/ec2-user/arduino-testlib/cli-datadir/user/libraries/Ticker/Ticker.h:62:7: note: candidate: constexpr Ticker::Ticker(const Ticker&amp;)
 class Ticker {
       ^~~~~~
/home/ec2-user/arduino-testlib/cli-datadir/user/libraries/Ticker/Ticker.h:62:7: note:   candidate expects 1 argument, 0 provided
/home/ec2-user/arduino-testlib/cli-datadir/user/libraries/CLed/src/Led.cpp:59:12: error: &#39;class Ticker&#39; has no member named &#39;attach_ms&#39;
  m_coTimer.attach_ms(100, CLed::TimerFuncStatic);
            ^~~~~~~~~
/home/ec2-user/arduino-testlib/cli-datadir/user/libraries/CLed/src/Led.cpp: In member function &#39;void CLed::setLED(int, int, bool)&#39;:
/home/ec2-user/arduino-testlib/cli-datadir/user/libraries/CLed/src/Led.cpp:243:29: error: &#39;OUTPUT_OPEN_DRAIN&#39; was not declared in this scope
    pinMode(iGPIO, boInvers? OUTPUT_OPEN_DRAIN : OUTPUT);
                             ^~~~~~~~~~~~~~~~~
Multiple libraries were found for &#34;Led.h&#34;
  Used: /home/ec2-user/arduino-testlib/cli-datadir/user/libraries/CLed
  Not used: /home/ec2-user/arduino-testlib/cli-datadir/user/libraries/AskSinPP
  Not used: /home/ec2-user/arduino-testlib/cli-datadir/user/libraries/STM32duino_X-NUCLEO-LED61A1
Multiple libraries were found for &#34;Ticker.h&#34;
  Used: /home/ec2-user/arduino-testlib/cli-datadir/user/libraries/Ticker
  Not used: /home/ec2-user/arduino-testlib/cli-datadir/user/libraries/SimpleTicker
</pre>
					
				
				<h3 id="arduino:samd:mkrwifi1010">arduino:samd:mkrwifi1010 @ 1.8.12</h3>
				<h4>Inclusion</h4>
				<p>
					Result: <b>FAIL</b>
					
					<br />This library has no main header file so an empty one was created.
					
				</p>
				<pre class="pre-scrollable">WARNING: library CLed claims to run on esp8266 architecture(s) and may be incompatible with your current board which runs on samd architecture(s).
/Users/alranel/Documents/git/arduino/arduino-testlib/cli-datadir/user/libraries/CLed/src/Led.cpp: In constructor &#39;CLed::CLed()&#39;:
/Users/alranel/Documents/git/arduino/arduino-testlib/cli-datadir/user/libraries/CLed/src/Led.cpp:46:12: error: no matching function for call to &#39;Ticker::Ticker()&#39;
 CLed::CLed()
            ^
In file included from /Users/alranel/Documents/git/arduino/arduino-testlib/cli-datadir/user/libraries/CLed/src/Led.h:26:0,
                 from /Users/alranel/Documents/git/arduino/arduino-testlib/cli-datadir/user/libraries/CLed/src/Led.cpp:36:
/Users/alranel/Documents/git/arduino/arduino-testlib/cli-datadir/user/libraries/Ticker/Ticker.h:74:2: note: candidate: Ticker::Ticker(fptr, uint32_t, uint32_t, resolution_t)
  Ticker(fptr callback, uint32_t timer, uint32_t repeat = 0, resolution_t resolution = MICROS);
  ^~~~~~
/Users/alranel/Documents/git/arduino/arduino-testlib/cli-datadir/user/libraries/Ticker/Ticker.h:74:2: note:   candidate expects 4 arguments, 0 provided
/Users/alranel/Documents/git/arduino/arduino-testlib/cli-datadir/user/libraries/Ticker/Ticker.h:62:7: note: candidate: Ticker::Ticker(const Ticker&amp;)
 class Ticker {
       ^~~~~~
/Users/alranel/Documents/git/arduino/arduino-testlib/cli-datadir/user/libraries/Ticker/Ticker.h:62:7: note:   candidate expects 1 argument, 0 provided
/Users/alranel/Documents/git/arduino/arduino-testlib/cli-datadir/user/libraries/CLed/src/Led.cpp:59:12: error: &#39;class Ticker&#39; has no member named &#39;attach_ms&#39;
  m_coTimer.attach_ms(100, CLed::TimerFuncStatic);
            ^~~~~~~~~
/Users/alranel/Documents/git/arduino/arduino-testlib/cli-datadir/user/libraries/CLed/src/Led.cpp: In member function &#39;void CLed::setLED(int, int, bool)&#39;:
/Users/alranel/Documents/git/arduino/arduino-testlib/cli-datadir/user/libraries/CLed/src/Led.cpp:243:29: error: &#39;OUTPUT_OPEN_DRAIN&#39; was not declared in this scope
    pinMode(iGPIO, boInvers? OUTPUT_OPEN_DRAIN : OUTPUT);
                             ^~~~~~~~~~~~~~~~~
Multiple libraries were found for &#34;Ticker.h&#34;
  Used: /Users/alranel/Documents/git/arduino/arduino-testlib/cli-datadir/user/libraries/Ticker
  Not used: /Users/alranel/Documents/git/arduino/arduino-testlib/cli-datadir/user/libraries/SimpleTicker
</pre>

					
					<h4>examples/LedTest</h4>
					<p>
						Result: <b>FAIL</b>
					</p>
					<pre class="pre-scrollable">WARNING: library CLed claims to run on esp8266 architecture(s) and may be incompatible with your current board which runs on samd architecture(s).
/Users/alranel/Documents/git/arduino/arduino-testlib/cli-datadir/user/libraries/CLed/src/Led.cpp: In constructor &#39;CLed::CLed()&#39;:
/Users/alranel/Documents/git/arduino/arduino-testlib/cli-datadir/user/libraries/CLed/src/Led.cpp:46:12: error: no matching function for call to &#39;Ticker::Ticker()&#39;
 CLed::CLed()
            ^
In file included from /Users/alranel/Documents/git/arduino/arduino-testlib/cli-datadir/user/libraries/CLed/src/Led.h:26:0,
                 from /Users/alranel/Documents/git/arduino/arduino-testlib/cli-datadir/user/libraries/CLed/src/Led.cpp:36:
/Users/alranel/Documents/git/arduino/arduino-testlib/cli-datadir/user/libraries/Ticker/Ticker.h:74:2: note: candidate: Ticker::Ticker(fptr, uint32_t, uint32_t, resolution_t)
  Ticker(fptr callback, uint32_t timer, uint32_t repeat = 0, resolution_t resolution = MICROS);
  ^~~~~~
/Users/alranel/Documents/git/arduino/arduino-testlib/cli-datadir/user/libraries/Ticker/Ticker.h:74:2: note:   candidate expects 4 arguments, 0 provided
/Users/alranel/Documents/git/arduino/arduino-testlib/cli-datadir/user/libraries/Ticker/Ticker.h:62:7: note: candidate: Ticker::Ticker(const Ticker&amp;)
 class Ticker {
       ^~~~~~
/Users/alranel/Documents/git/arduino/arduino-testlib/cli-datadir/user/libraries/Ticker/Ticker.h:62:7: note:   candidate expects 1 argument, 0 provided
/Users/alranel/Documents/git/arduino/arduino-testlib/cli-datadir/user/libraries/CLed/src/Led.cpp:59:12: error: &#39;class Ticker&#39; has no member named &#39;attach_ms&#39;
  m_coTimer.attach_ms(100, CLed::TimerFuncStatic);
            ^~~~~~~~~
/Users/alranel/Documents/git/arduino/arduino-testlib/cli-datadir/user/libraries/CLed/src/Led.cpp: In member function &#39;void CLed::setLED(int, int, bool)&#39;:
/Users/alranel/Documents/git/arduino/arduino-testlib/cli-datadir/user/libraries/CLed/src/Led.cpp:243:29: error: &#39;OUTPUT_OPEN_DRAIN&#39; was not declared in this scope
    pinMode(iGPIO, boInvers? OUTPUT_OPEN_DRAIN : OUTPUT);
                             ^~~~~~~~~~~~~~~~~
Multiple libraries were found for &#34;Led.h&#34;
  Used: /Users/alranel/Documents/git/arduino/arduino-testlib/cli-datadir/user/libraries/CLed
  Not used: /Users/alranel/Documents/git/arduino/arduino-testlib/cli-datadir/user/libraries/STM32duino_X-NUCLEO-LED61A1
  Not used: /Users/alranel/Documents/git/arduino/arduino-testlib/cli-datadir/user/libraries/AskSinPP
Multiple libraries were found for &#34;Ticker.h&#34;
  Used: /Users/alranel/Documents/git/arduino/arduino-testlib/cli-datadir/user/libraries/Ticker
  Not used: /Users/alranel/Documents/git/arduino/arduino-testlib/cli-datadir/user/libraries/SimpleTicker
</pre>
					
				
				<h3 id="esp32:esp32:d1_mini32">esp32:esp32:d1_mini32 @ 1.0.6</h3>
				<h4>Inclusion</h4>
				<p>
					Result: <b>FAIL</b>
					
				</p>
				<pre class="pre-scrollable">/home/ec2-user/arduino-testlib/cli-datadir/user/libraries/CLed/src/Led.cpp:33:28: fatal error: avr/pgmspace.h: No such file or directory
compilation terminated.

</pre>

					
					<h4>examples/LedTest</h4>
					<p>
						Result: <b>FAIL</b>
					</p>
					<pre class="pre-scrollable">/home/ec2-user/arduino-testlib/cli-datadir/user/libraries/CLed/examples/LedTest/LedTest.ino:14:28: fatal error: avr/pgmspace.h: No such file or directory
compilation terminated.

</pre>
					
				
			</div>
		</div>
	</div>
  </body>
</html>
