
<!doctype html>
<html lang="en">
  <head>
    <meta charset="utf-8">
    <meta name="viewport" content="width=device-width, initial-scale=1">
    <link href="https://cdn.jsdelivr.net/npm/bootstrap@5.0.2/dist/css/bootstrap.min.css" rel="stylesheet" integrity="sha384-EVSTQN3/azprG1Anm3QDgpJLIm9Nao0Yz1ztcQTwFspd3yD65VohhpuuCOmLASjC" crossorigin="anonymous">
    <title>arduino-testlib report</title>
	<style>
	.pass { background-color: #00FF00 !important; }
	.fail { background-color: #FF0000 !important; }
	</style>
  </head>
  <body>
	<div class="container">
		<div class="row">
			<div class="col">
				<h1>ClosedCube TCA9546A - compatibility matrix</h1>
				<p>
					<small>This report was generated on Wednesday, 23-Feb-22 22:48:15 CET using 
					<a href="https://github.com/alranel/arduino-testlib">arduino-testlib</a>.</small>
				</p>

				<h2>ClosedCube TCA9546A</h2>
				<p>
					Version: <b>1.0.1</b>
					<br />
					<a href="https://www.arduino.cc/reference/en/libraries/closedcube-tca9546a/">More details</a>
				</p>

				<h2>Compatibility matrix</h2>
				<table class="table table-bordered">
					<tr>
						<th>Board</th>
						<th>Claims compatibility</th>
						<th>Inclusion</th>
						
						<th><pre>tca9546a_sample</pre></th>
						
						<th><pre>tca9546a_sht31d</pre></th>
						
					</tr>
					
					<tr>
						<td>
							<a href="#arduino%3aavr%3auno"><b>arduino:avr:uno</b></a>
							<br />
							<small>1.8.4</small>
						</td>

						
							<td>Yes</td>
							<td class="pass">PASS</td>
						
						
						
						

						
							
								
									
										
											<td class="pass">PASS</td>
											
										
									
										
									
								
							
								
							
								
							
								
							
								
							
						
							
								
									
										
									
										
											
											<td class="fail">FAIL</td>
										
									
								
							
								
							
								
							
								
							
								
							
						
					</tr>
					
					<tr>
						<td>
							<a href="#arduino%3ambed_nano%3ananorp2040connect"><b>arduino:mbed_nano:nanorp2040connect</b></a>
							<br />
							<small>2.7.2</small>
						</td>

						
							<td>Yes</td>
							<td class="pass">PASS</td>
						
						
						
						

						
							
								
							
								
									
										
											<td class="pass">PASS</td>
											
										
									
										
									
								
							
								
							
								
							
								
							
						
							
								
							
								
									
										
									
										
											
											<td class="fail">FAIL</td>
										
									
								
							
								
							
								
							
								
							
						
					</tr>
					
					<tr>
						<td>
							<a href="#arduino%3amegaavr%3anona4809"><b>arduino:megaavr:nona4809</b></a>
							<br />
							<small>1.8.7</small>
						</td>

						
							<td>Yes</td>
							<td class="pass">PASS</td>
						
						
						
						

						
							
								
							
								
							
								
									
										
											<td class="pass">PASS</td>
											
										
									
										
									
								
							
								
							
								
							
						
							
								
							
								
							
								
									
										
									
										
											
											<td class="fail">FAIL</td>
										
									
								
							
								
							
								
							
						
					</tr>
					
					<tr>
						<td>
							<a href="#arduino%3asamd%3amkrwifi1010"><b>arduino:samd:mkrwifi1010</b></a>
							<br />
							<small>1.8.12</small>
						</td>

						
							<td>Yes</td>
							<td class="pass">PASS</td>
						
						
						
						

						
							
								
							
								
							
								
							
								
									
										
											<td class="pass">PASS</td>
											
										
									
										
									
								
							
								
							
						
							
								
							
								
							
								
							
								
									
										
									
										
											
											<td class="fail">FAIL</td>
										
									
								
							
								
							
						
					</tr>
					
					<tr>
						<td>
							<a href="#esp32%3aesp32%3ad1_mini32"><b>esp32:esp32:d1_mini32</b></a>
							<br />
							<small>1.0.6</small>
						</td>

						
							<td>Yes</td>
							<td class="pass">PASS</td>
						
						
						
						

						
							
								
							
								
							
								
							
								
							
								
									
										
											<td class="pass">PASS</td>
											
										
									
										
									
								
							
						
							
								
							
								
							
								
							
								
							
								
									
										
									
										
											
											<td class="fail">FAIL</td>
										
									
								
							
						
					</tr>
					
				</table>

				<h2>Compilation logs</h2>
				
				<h3 id="arduino:avr:uno">arduino:avr:uno @ 1.8.4</h3>
				<h4>Inclusion</h4>
				<p>
					Result: <b>PASS</b>
					
				</p>
				<pre class="pre-scrollable">Sketch uses 1636 bytes (5%) of program storage space. Maximum is 32256 bytes.
Global variables use 122 bytes (5%) of dynamic memory, leaving 1926 bytes for local variables. Maximum is 2048 bytes.
</pre>

					
					<h4>examples/tca9546a_sample</h4>
					<p>
						Result: <b>PASS</b>
					</p>
					<pre class="pre-scrollable">Sketch uses 4090 bytes (12%) of program storage space. Maximum is 32256 bytes.
Global variables use 464 bytes (22%) of dynamic memory, leaving 1584 bytes for local variables. Maximum is 2048 bytes.
</pre>
					
					<h4>examples/tca9546a_sht31d</h4>
					<p>
						Result: <b>FAIL</b>
					</p>
					<pre class="pre-scrollable">/Users/alranel/Documents/git/arduino/arduino-testlib/cli-datadir/user/libraries/ClosedCube_TCA9546A/examples/tca9546a_sht31d/tca9546a_sht31d.ino: In function &#39;void setup()&#39;:
/Users/alranel/Documents/git/arduino/arduino-testlib/cli-datadir/user/libraries/ClosedCube_TCA9546A/examples/tca9546a_sht31d/tca9546a_sht31d.ino:47:30: error: &#39;REPEATABILITY_HIGH&#39; was not declared in this scope
     if (sht31d.periodicStart(REPEATABILITY_HIGH, FREQUENCY_10HZ) != NO_ERROR)
                              ^~~~~~~~~~~~~~~~~~
/Users/alranel/Documents/git/arduino/arduino-testlib/cli-datadir/user/libraries/ClosedCube_TCA9546A/examples/tca9546a_sht31d/tca9546a_sht31d.ino:47:30: note: suggested alternative: &#39;SHT3XD_REPEATABILITY_HIGH&#39;
     if (sht31d.periodicStart(REPEATABILITY_HIGH, FREQUENCY_10HZ) != NO_ERROR)
                              ^~~~~~~~~~~~~~~~~~
                              SHT3XD_REPEATABILITY_HIGH
/Users/alranel/Documents/git/arduino/arduino-testlib/cli-datadir/user/libraries/ClosedCube_TCA9546A/examples/tca9546a_sht31d/tca9546a_sht31d.ino:47:50: error: &#39;FREQUENCY_10HZ&#39; was not declared in this scope
     if (sht31d.periodicStart(REPEATABILITY_HIGH, FREQUENCY_10HZ) != NO_ERROR)
                                                  ^~~~~~~~~~~~~~
/Users/alranel/Documents/git/arduino/arduino-testlib/cli-datadir/user/libraries/ClosedCube_TCA9546A/examples/tca9546a_sht31d/tca9546a_sht31d.ino:47:50: note: suggested alternative: &#39;SHT3XD_FREQUENCY_10HZ&#39;
     if (sht31d.periodicStart(REPEATABILITY_HIGH, FREQUENCY_10HZ) != NO_ERROR)
                                                  ^~~~~~~~~~~~~~
                                                  SHT3XD_FREQUENCY_10HZ
/Users/alranel/Documents/git/arduino/arduino-testlib/cli-datadir/user/libraries/ClosedCube_TCA9546A/examples/tca9546a_sht31d/tca9546a_sht31d.ino:47:69: error: &#39;NO_ERROR&#39; was not declared in this scope
     if (sht31d.periodicStart(REPEATABILITY_HIGH, FREQUENCY_10HZ) != NO_ERROR)
                                                                     ^~~~~~~~
/Users/alranel/Documents/git/arduino/arduino-testlib/cli-datadir/user/libraries/ClosedCube_TCA9546A/examples/tca9546a_sht31d/tca9546a_sht31d.ino:47:69: note: suggested alternative: &#39;SHT3XD_NO_ERROR&#39;
     if (sht31d.periodicStart(REPEATABILITY_HIGH, FREQUENCY_10HZ) != NO_ERROR)
                                                                     ^~~~~~~~
                                                                     SHT3XD_NO_ERROR
/Users/alranel/Documents/git/arduino/arduino-testlib/cli-datadir/user/libraries/ClosedCube_TCA9546A/examples/tca9546a_sht31d/tca9546a_sht31d.ino: In function &#39;void printResult(String, SHT31D)&#39;:
/Users/alranel/Documents/git/arduino/arduino-testlib/cli-datadir/user/libraries/ClosedCube_TCA9546A/examples/tca9546a_sht31d/tca9546a_sht31d.ino:92:22: error: &#39;NO_ERROR&#39; was not declared in this scope
  if (result.error == NO_ERROR) {
                      ^~~~~~~~
/Users/alranel/Documents/git/arduino/arduino-testlib/cli-datadir/user/libraries/ClosedCube_TCA9546A/examples/tca9546a_sht31d/tca9546a_sht31d.ino:92:22: note: suggested alternative: &#39;SHT3XD_NO_ERROR&#39;
  if (result.error == NO_ERROR) {
                      ^~~~~~~~
                      SHT3XD_NO_ERROR

</pre>
					
				
				<h3 id="arduino:mbed_nano:nanorp2040connect">arduino:mbed_nano:nanorp2040connect @ 2.7.2</h3>
				<h4>Inclusion</h4>
				<p>
					Result: <b>PASS</b>
					
				</p>
				<pre class="pre-scrollable">Sketch uses 81706 bytes (0%) of program storage space. Maximum is 16777216 bytes.
Global variables use 44220 bytes (16%) of dynamic memory, leaving 226116 bytes for local variables. Maximum is 270336 bytes.
</pre>

					
					<h4>examples/tca9546a_sample</h4>
					<p>
						Result: <b>PASS</b>
					</p>
					<pre class="pre-scrollable">Sketch uses 82092 bytes (0%) of program storage space. Maximum is 16777216 bytes.
Global variables use 44224 bytes (16%) of dynamic memory, leaving 226112 bytes for local variables. Maximum is 270336 bytes.
</pre>
					
					<h4>examples/tca9546a_sht31d</h4>
					<p>
						Result: <b>FAIL</b>
					</p>
					<pre class="pre-scrollable">/home/ec2-user/arduino-testlib/cli-datadir/user/libraries/ClosedCube_TCA9546A/examples/tca9546a_sht31d/tca9546a_sht31d.ino: In function &#39;void setup()&#39;:
/home/ec2-user/arduino-testlib/cli-datadir/user/libraries/ClosedCube_TCA9546A/examples/tca9546a_sht31d/tca9546a_sht31d.ino:47:30: error: &#39;REPEATABILITY_HIGH&#39; was not declared in this scope
     if (sht31d.periodicStart(REPEATABILITY_HIGH, FREQUENCY_10HZ) != NO_ERROR)
                              ^~~~~~~~~~~~~~~~~~
/home/ec2-user/arduino-testlib/cli-datadir/user/libraries/ClosedCube_TCA9546A/examples/tca9546a_sht31d/tca9546a_sht31d.ino:47:30: note: suggested alternative: &#39;SHT3XD_REPEATABILITY_HIGH&#39;
     if (sht31d.periodicStart(REPEATABILITY_HIGH, FREQUENCY_10HZ) != NO_ERROR)
                              ^~~~~~~~~~~~~~~~~~
                              SHT3XD_REPEATABILITY_HIGH
/home/ec2-user/arduino-testlib/cli-datadir/user/libraries/ClosedCube_TCA9546A/examples/tca9546a_sht31d/tca9546a_sht31d.ino:47:50: error: &#39;FREQUENCY_10HZ&#39; was not declared in this scope
     if (sht31d.periodicStart(REPEATABILITY_HIGH, FREQUENCY_10HZ) != NO_ERROR)
                                                  ^~~~~~~~~~~~~~
/home/ec2-user/arduino-testlib/cli-datadir/user/libraries/ClosedCube_TCA9546A/examples/tca9546a_sht31d/tca9546a_sht31d.ino:47:50: note: suggested alternative: &#39;SHT3XD_FREQUENCY_10HZ&#39;
     if (sht31d.periodicStart(REPEATABILITY_HIGH, FREQUENCY_10HZ) != NO_ERROR)
                                                  ^~~~~~~~~~~~~~
                                                  SHT3XD_FREQUENCY_10HZ
/home/ec2-user/arduino-testlib/cli-datadir/user/libraries/ClosedCube_TCA9546A/examples/tca9546a_sht31d/tca9546a_sht31d.ino:47:69: error: &#39;NO_ERROR&#39; was not declared in this scope
     if (sht31d.periodicStart(REPEATABILITY_HIGH, FREQUENCY_10HZ) != NO_ERROR)
                                                                     ^~~~~~~~
/home/ec2-user/arduino-testlib/cli-datadir/user/libraries/ClosedCube_TCA9546A/examples/tca9546a_sht31d/tca9546a_sht31d.ino:47:69: note: suggested alternative: &#39;__ROR&#39;
     if (sht31d.periodicStart(REPEATABILITY_HIGH, FREQUENCY_10HZ) != NO_ERROR)
                                                                     ^~~~~~~~
                                                                     __ROR
/home/ec2-user/arduino-testlib/cli-datadir/user/libraries/ClosedCube_TCA9546A/examples/tca9546a_sht31d/tca9546a_sht31d.ino: In function &#39;void printResult(arduino::String, SHT31D)&#39;:
/home/ec2-user/arduino-testlib/cli-datadir/user/libraries/ClosedCube_TCA9546A/examples/tca9546a_sht31d/tca9546a_sht31d.ino:92:22: error: &#39;NO_ERROR&#39; was not declared in this scope
  if (result.error == NO_ERROR) {
                      ^~~~~~~~
/home/ec2-user/arduino-testlib/cli-datadir/user/libraries/ClosedCube_TCA9546A/examples/tca9546a_sht31d/tca9546a_sht31d.ino:92:22: note: suggested alternative: &#39;__ROR&#39;
  if (result.error == NO_ERROR) {
                      ^~~~~~~~
                      __ROR

</pre>
					
				
				<h3 id="arduino:megaavr:nona4809">arduino:megaavr:nona4809 @ 1.8.7</h3>
				<h4>Inclusion</h4>
				<p>
					Result: <b>PASS</b>
					
				</p>
				<pre class="pre-scrollable">Sketch uses 3104 bytes (6%) of program storage space. Maximum is 49152 bytes.
Global variables use 317 bytes (5%) of dynamic memory, leaving 5827 bytes for local variables. Maximum is 6144 bytes.
</pre>

					
					<h4>examples/tca9546a_sample</h4>
					<p>
						Result: <b>PASS</b>
					</p>
					<pre class="pre-scrollable">Sketch uses 5440 bytes (11%) of program storage space. Maximum is 49152 bytes.
Global variables use 486 bytes (7%) of dynamic memory, leaving 5658 bytes for local variables. Maximum is 6144 bytes.
</pre>
					
					<h4>examples/tca9546a_sht31d</h4>
					<p>
						Result: <b>FAIL</b>
					</p>
					<pre class="pre-scrollable">/home/ec2-user/arduino-testlib/cli-datadir/user/libraries/ClosedCube_TCA9546A/examples/tca9546a_sht31d/tca9546a_sht31d.ino: In function &#39;void setup()&#39;:
/home/ec2-user/arduino-testlib/cli-datadir/user/libraries/ClosedCube_TCA9546A/examples/tca9546a_sht31d/tca9546a_sht31d.ino:47:30: error: &#39;REPEATABILITY_HIGH&#39; was not declared in this scope
     if (sht31d.periodicStart(REPEATABILITY_HIGH, FREQUENCY_10HZ) != NO_ERROR)
                              ^~~~~~~~~~~~~~~~~~
/home/ec2-user/arduino-testlib/cli-datadir/user/libraries/ClosedCube_TCA9546A/examples/tca9546a_sht31d/tca9546a_sht31d.ino:47:30: note: suggested alternative: &#39;SHT3XD_REPEATABILITY_HIGH&#39;
     if (sht31d.periodicStart(REPEATABILITY_HIGH, FREQUENCY_10HZ) != NO_ERROR)
                              ^~~~~~~~~~~~~~~~~~
                              SHT3XD_REPEATABILITY_HIGH
/home/ec2-user/arduino-testlib/cli-datadir/user/libraries/ClosedCube_TCA9546A/examples/tca9546a_sht31d/tca9546a_sht31d.ino:47:50: error: &#39;FREQUENCY_10HZ&#39; was not declared in this scope
     if (sht31d.periodicStart(REPEATABILITY_HIGH, FREQUENCY_10HZ) != NO_ERROR)
                                                  ^~~~~~~~~~~~~~
/home/ec2-user/arduino-testlib/cli-datadir/user/libraries/ClosedCube_TCA9546A/examples/tca9546a_sht31d/tca9546a_sht31d.ino:47:50: note: suggested alternative: &#39;SHT3XD_FREQUENCY_10HZ&#39;
     if (sht31d.periodicStart(REPEATABILITY_HIGH, FREQUENCY_10HZ) != NO_ERROR)
                                                  ^~~~~~~~~~~~~~
                                                  SHT3XD_FREQUENCY_10HZ
/home/ec2-user/arduino-testlib/cli-datadir/user/libraries/ClosedCube_TCA9546A/examples/tca9546a_sht31d/tca9546a_sht31d.ino:47:69: error: &#39;NO_ERROR&#39; was not declared in this scope
     if (sht31d.periodicStart(REPEATABILITY_HIGH, FREQUENCY_10HZ) != NO_ERROR)
                                                                     ^~~~~~~~
/home/ec2-user/arduino-testlib/cli-datadir/user/libraries/ClosedCube_TCA9546A/examples/tca9546a_sht31d/tca9546a_sht31d.ino:47:69: note: suggested alternative: &#39;USERROW&#39;
     if (sht31d.periodicStart(REPEATABILITY_HIGH, FREQUENCY_10HZ) != NO_ERROR)
                                                                     ^~~~~~~~
                                                                     USERROW
/home/ec2-user/arduino-testlib/cli-datadir/user/libraries/ClosedCube_TCA9546A/examples/tca9546a_sht31d/tca9546a_sht31d.ino: In function &#39;void printResult(arduino::String, SHT31D)&#39;:
/home/ec2-user/arduino-testlib/cli-datadir/user/libraries/ClosedCube_TCA9546A/examples/tca9546a_sht31d/tca9546a_sht31d.ino:92:22: error: &#39;NO_ERROR&#39; was not declared in this scope
  if (result.error == NO_ERROR) {
                      ^~~~~~~~
/home/ec2-user/arduino-testlib/cli-datadir/user/libraries/ClosedCube_TCA9546A/examples/tca9546a_sht31d/tca9546a_sht31d.ino:92:22: note: suggested alternative: &#39;USERROW&#39;
  if (result.error == NO_ERROR) {
                      ^~~~~~~~
                      USERROW

</pre>
					
				
				<h3 id="arduino:samd:mkrwifi1010">arduino:samd:mkrwifi1010 @ 1.8.12</h3>
				<h4>Inclusion</h4>
				<p>
					Result: <b>PASS</b>
					
				</p>
				<pre class="pre-scrollable">Sketch uses 13588 bytes (5%) of program storage space. Maximum is 262144 bytes.
Global variables use 3568 bytes (10%) of dynamic memory, leaving 29200 bytes for local variables. Maximum is 32768 bytes.
</pre>

					
					<h4>examples/tca9546a_sample</h4>
					<p>
						Result: <b>PASS</b>
					</p>
					<pre class="pre-scrollable">Sketch uses 14192 bytes (5%) of program storage space. Maximum is 262144 bytes.
Global variables use 3572 bytes (10%) of dynamic memory, leaving 29196 bytes for local variables. Maximum is 32768 bytes.
</pre>
					
					<h4>examples/tca9546a_sht31d</h4>
					<p>
						Result: <b>FAIL</b>
					</p>
					<pre class="pre-scrollable">/Users/alranel/Documents/git/arduino/arduino-testlib/cli-datadir/user/libraries/ClosedCube_TCA9546A/examples/tca9546a_sht31d/tca9546a_sht31d.ino: In function &#39;void setup()&#39;:
/Users/alranel/Documents/git/arduino/arduino-testlib/cli-datadir/user/libraries/ClosedCube_TCA9546A/examples/tca9546a_sht31d/tca9546a_sht31d.ino:47:30: error: &#39;REPEATABILITY_HIGH&#39; was not declared in this scope
     if (sht31d.periodicStart(REPEATABILITY_HIGH, FREQUENCY_10HZ) != NO_ERROR)
                              ^~~~~~~~~~~~~~~~~~
/Users/alranel/Documents/git/arduino/arduino-testlib/cli-datadir/user/libraries/ClosedCube_TCA9546A/examples/tca9546a_sht31d/tca9546a_sht31d.ino:47:30: note: suggested alternative: &#39;SHT3XD_REPEATABILITY_HIGH&#39;
     if (sht31d.periodicStart(REPEATABILITY_HIGH, FREQUENCY_10HZ) != NO_ERROR)
                              ^~~~~~~~~~~~~~~~~~
                              SHT3XD_REPEATABILITY_HIGH
/Users/alranel/Documents/git/arduino/arduino-testlib/cli-datadir/user/libraries/ClosedCube_TCA9546A/examples/tca9546a_sht31d/tca9546a_sht31d.ino:47:50: error: &#39;FREQUENCY_10HZ&#39; was not declared in this scope
     if (sht31d.periodicStart(REPEATABILITY_HIGH, FREQUENCY_10HZ) != NO_ERROR)
                                                  ^~~~~~~~~~~~~~
/Users/alranel/Documents/git/arduino/arduino-testlib/cli-datadir/user/libraries/ClosedCube_TCA9546A/examples/tca9546a_sht31d/tca9546a_sht31d.ino:47:50: note: suggested alternative: &#39;SHT3XD_FREQUENCY_10HZ&#39;
     if (sht31d.periodicStart(REPEATABILITY_HIGH, FREQUENCY_10HZ) != NO_ERROR)
                                                  ^~~~~~~~~~~~~~
                                                  SHT3XD_FREQUENCY_10HZ
/Users/alranel/Documents/git/arduino/arduino-testlib/cli-datadir/user/libraries/ClosedCube_TCA9546A/examples/tca9546a_sht31d/tca9546a_sht31d.ino:47:69: error: &#39;NO_ERROR&#39; was not declared in this scope
     if (sht31d.periodicStart(REPEATABILITY_HIGH, FREQUENCY_10HZ) != NO_ERROR)
                                                                     ^~~~~~~~
/Users/alranel/Documents/git/arduino/arduino-testlib/cli-datadir/user/libraries/ClosedCube_TCA9546A/examples/tca9546a_sht31d/tca9546a_sht31d.ino:47:69: note: suggested alternative: &#39;__ROR&#39;
     if (sht31d.periodicStart(REPEATABILITY_HIGH, FREQUENCY_10HZ) != NO_ERROR)
                                                                     ^~~~~~~~
                                                                     __ROR
/Users/alranel/Documents/git/arduino/arduino-testlib/cli-datadir/user/libraries/ClosedCube_TCA9546A/examples/tca9546a_sht31d/tca9546a_sht31d.ino: In function &#39;void printResult(arduino::String, SHT31D)&#39;:
/Users/alranel/Documents/git/arduino/arduino-testlib/cli-datadir/user/libraries/ClosedCube_TCA9546A/examples/tca9546a_sht31d/tca9546a_sht31d.ino:92:22: error: &#39;NO_ERROR&#39; was not declared in this scope
  if (result.error == NO_ERROR) {
                      ^~~~~~~~
/Users/alranel/Documents/git/arduino/arduino-testlib/cli-datadir/user/libraries/ClosedCube_TCA9546A/examples/tca9546a_sht31d/tca9546a_sht31d.ino:92:22: note: suggested alternative: &#39;__ROR&#39;
  if (result.error == NO_ERROR) {
                      ^~~~~~~~
                      __ROR

</pre>
					
				
				<h3 id="esp32:esp32:d1_mini32">esp32:esp32:d1_mini32 @ 1.0.6</h3>
				<h4>Inclusion</h4>
				<p>
					Result: <b>PASS</b>
					
				</p>
				<pre class="pre-scrollable">Sketch uses 202466 bytes (15%) of program storage space. Maximum is 1310720 bytes.
Global variables use 13880 bytes (4%) of dynamic memory, leaving 313800 bytes for local variables. Maximum is 327680 bytes.
</pre>

					
					<h4>examples/tca9546a_sample</h4>
					<p>
						Result: <b>PASS</b>
					</p>
					<pre class="pre-scrollable">Sketch uses 213074 bytes (16%) of program storage space. Maximum is 1310720 bytes.
Global variables use 14136 bytes (4%) of dynamic memory, leaving 313544 bytes for local variables. Maximum is 327680 bytes.
</pre>
					
					<h4>examples/tca9546a_sht31d</h4>
					<p>
						Result: <b>FAIL</b>
					</p>
					<pre class="pre-scrollable">/home/ec2-user/arduino-testlib/cli-datadir/user/libraries/ClosedCube_TCA9546A/examples/tca9546a_sht31d/tca9546a_sht31d.ino: In function &#39;void setup()&#39;:
/home/ec2-user/arduino-testlib/cli-datadir/user/libraries/ClosedCube_TCA9546A/examples/tca9546a_sht31d/tca9546a_sht31d.ino:47:30: error: &#39;REPEATABILITY_HIGH&#39; was not declared in this scope
     if (sht31d.periodicStart(REPEATABILITY_HIGH, FREQUENCY_10HZ) != NO_ERROR)
                              ^
/home/ec2-user/arduino-testlib/cli-datadir/user/libraries/ClosedCube_TCA9546A/examples/tca9546a_sht31d/tca9546a_sht31d.ino:47:50: error: &#39;FREQUENCY_10HZ&#39; was not declared in this scope
     if (sht31d.periodicStart(REPEATABILITY_HIGH, FREQUENCY_10HZ) != NO_ERROR)
                                                  ^
/home/ec2-user/arduino-testlib/cli-datadir/user/libraries/ClosedCube_TCA9546A/examples/tca9546a_sht31d/tca9546a_sht31d.ino:47:69: error: &#39;NO_ERROR&#39; was not declared in this scope
     if (sht31d.periodicStart(REPEATABILITY_HIGH, FREQUENCY_10HZ) != NO_ERROR)
                                                                     ^
/home/ec2-user/arduino-testlib/cli-datadir/user/libraries/ClosedCube_TCA9546A/examples/tca9546a_sht31d/tca9546a_sht31d.ino: In function &#39;void printResult(String, SHT31D)&#39;:
/home/ec2-user/arduino-testlib/cli-datadir/user/libraries/ClosedCube_TCA9546A/examples/tca9546a_sht31d/tca9546a_sht31d.ino:92:22: error: &#39;NO_ERROR&#39; was not declared in this scope
  if (result.error == NO_ERROR) {
                      ^

</pre>
					
				
			</div>
		</div>
	</div>
  </body>
</html>
