
<!doctype html>
<html lang="en">
  <head>
    <meta charset="utf-8">
    <meta name="viewport" content="width=device-width, initial-scale=1">
    <link href="https://cdn.jsdelivr.net/npm/bootstrap@5.0.2/dist/css/bootstrap.min.css" rel="stylesheet" integrity="sha384-EVSTQN3/azprG1Anm3QDgpJLIm9Nao0Yz1ztcQTwFspd3yD65VohhpuuCOmLASjC" crossorigin="anonymous">
    <title>arduino-testlib report</title>
	<style>
	.pass { background-color: #00FF00 !important; }
	.fail { background-color: #FF0000 !important; }
	</style>
  </head>
  <body>
	<div class="container">
		<div class="row">
			<div class="col">
				<h1>CoAP simple library - compatibility matrix</h1>
				<p>
					<small>This report was generated on Monday, 21-Feb-22 12:00:25 CET using 
					<a href="https://github.com/alranel/arduino-testlib">arduino-testlib</a>.</small>
				</p>

				<h2>CoAP simple library</h2>
				<p>
					Version: <b>1.3.22</b>
					<br />
					<a href="https://www.arduino.cc/reference/en/libraries/coap-simple-library/">More details</a>
				</p>

				<h2>Compatibility matrix</h2>
				<table class="table table-bordered">
					<tr>
						<th>Board</th>
						<th>Claims compatibility</th>
						<th>Inclusion</th>
						
						<th><pre>esp32</pre></th>
						
						<th><pre>esp8266</pre></th>
						
						<th><pre>coapserver</pre></th>
						
						<th><pre>coaptest</pre></th>
						
					</tr>
					
					<tr>
						<td>
							<a href="#arduino%3aavr%3auno"><b>arduino:avr:uno</b></a>
							<br />
							<small>1.8.4</small>
						</td>

						
						
						
							<td>Yes ⚠️</td>
							<td class="fail">FAIL</td>
						
						

						
							
								
									
										
									
										
									
										
											<td class="pass">PASS</td>
											
										
									
										
									
								
							
								
							
								
							
								
							
								
							
						
							
								
									
										
									
										
									
										
									
										
											
											<td class="fail">FAIL</td>
										
									
								
							
								
							
								
							
								
							
								
							
						
							
								
									
										
											
											<td class="fail">FAIL</td>
										
									
										
									
										
									
										
									
								
							
								
							
								
							
								
							
								
							
						
							
								
									
										
									
										
											
											<td class="fail">FAIL</td>
										
									
										
									
										
									
								
							
								
							
								
							
								
							
								
							
						
					</tr>
					
					<tr>
						<td>
							<a href="#arduino%3ambed_nano%3ananorp2040connect"><b>arduino:mbed_nano:nanorp2040connect</b></a>
							<br />
							<small>2.7.2</small>
						</td>

						
						
						
							<td>Yes ⚠️</td>
							<td class="fail">FAIL</td>
						
						

						
							
								
							
								
									
										
									
										
									
										
											
											<td class="fail">FAIL</td>
										
									
										
									
								
							
								
							
								
							
								
							
						
							
								
							
								
									
										
									
										
									
										
									
										
											
											<td class="fail">FAIL</td>
										
									
								
							
								
							
								
							
								
							
						
							
								
							
								
									
										
											
											<td class="fail">FAIL</td>
										
									
										
									
										
									
										
									
								
							
								
							
								
							
								
							
						
							
								
							
								
									
										
									
										
											
											<td class="fail">FAIL</td>
										
									
										
									
										
									
								
							
								
							
								
							
								
							
						
					</tr>
					
					<tr>
						<td>
							<a href="#arduino%3amegaavr%3anona4809"><b>arduino:megaavr:nona4809</b></a>
							<br />
							<small>1.8.7</small>
						</td>

						
						
						
							<td>Yes ⚠️</td>
							<td class="fail">FAIL</td>
						
						

						
							
								
							
								
							
								
									
										
									
										
									
										
											<td class="pass">PASS</td>
											
										
									
										
									
								
							
								
							
								
							
						
							
								
							
								
							
								
									
										
									
										
									
										
									
										
											
											<td class="fail">FAIL</td>
										
									
								
							
								
							
								
							
						
							
								
							
								
							
								
									
										
											
											<td class="fail">FAIL</td>
										
									
										
									
										
									
										
									
								
							
								
							
								
							
						
							
								
							
								
							
								
									
										
									
										
											
											<td class="fail">FAIL</td>
										
									
										
									
										
									
								
							
								
							
								
							
						
					</tr>
					
					<tr>
						<td>
							<a href="#arduino%3asamd%3amkrwifi1010"><b>arduino:samd:mkrwifi1010</b></a>
							<br />
							<small>1.8.12</small>
						</td>

						
						
						
							<td>Yes ⚠️</td>
							<td class="fail">FAIL</td>
						
						

						
							
								
							
								
							
								
							
								
									
										
									
										
									
										
											
											<td class="fail">FAIL</td>
										
									
										
									
								
							
								
							
						
							
								
							
								
							
								
							
								
									
										
									
										
									
										
									
										
											
											<td class="fail">FAIL</td>
										
									
								
							
								
							
						
							
								
							
								
							
								
							
								
									
										
											
											<td class="fail">FAIL</td>
										
									
										
									
										
									
										
									
								
							
								
							
						
							
								
							
								
							
								
							
								
									
										
									
										
											
											<td class="fail">FAIL</td>
										
									
										
									
										
									
								
							
								
							
						
					</tr>
					
					<tr>
						<td>
							<a href="#esp32%3aesp32%3ad1_mini32"><b>esp32:esp32:d1_mini32</b></a>
							<br />
							<small>1.0.6</small>
						</td>

						
						
						
							<td>Yes ⚠️</td>
							<td class="fail">FAIL</td>
						
						

						
							
								
							
								
							
								
							
								
							
								
									
										
									
										
									
										
											<td class="pass">PASS</td>
											
										
									
										
									
								
							
						
							
								
							
								
							
								
							
								
							
								
									
										
									
										
									
										
									
										
											
											<td class="fail">FAIL</td>
										
									
								
							
						
							
								
							
								
							
								
							
								
							
								
									
										
											
											<td class="fail">FAIL</td>
										
									
										
									
										
									
										
									
								
							
						
							
								
							
								
							
								
							
								
							
								
									
										
									
										
											
											<td class="fail">FAIL</td>
										
									
										
									
										
									
								
							
						
					</tr>
					
				</table>

				<h2>Compilation logs</h2>
				
				<h3 id="arduino:avr:uno">arduino:avr:uno @ 1.8.4</h3>
				<h4>Inclusion</h4>
				<p>
					Result: <b>FAIL</b>
					
					<br />This library has no main header file so an empty one was created.
					
				</p>
				<pre class="pre-scrollable">/private/tmp/arduino-testlib4004729904/test/test.ino:1:10: fatal error: CoAP_simple_library.h: No such file or directory
 #include &lt;CoAP_simple_library.h&gt;
          ^~~~~~~~~~~~~~~~~~~~~~~
compilation terminated.

</pre>

					
					<h4>examples/coapserver</h4>
					<p>
						Result: <b>FAIL</b>
					</p>
					<pre class="pre-scrollable">In file included from /Users/alranel/Documents/git/arduino/arduino-testlib/cli-datadir/user/libraries/CoAP_simple_library/examples/coapserver/coapserver.ino:4:0:
/Users/alranel/Documents/git/arduino/arduino-testlib/cli-datadir/user/libraries/Ethernet/src/Ethernet.h:152:7: error: redefinition of &#39;class EthernetUDP&#39;
 class EthernetUDP : public UDP {
       ^~~~~~~~~~~
In file included from /Users/alranel/Documents/git/arduino/arduino-testlib/cli-datadir/user/libraries/EthernetIndustruino/src/Dhcp.h:7:0,
                 from /Users/alranel/Documents/git/arduino/arduino-testlib/cli-datadir/user/libraries/CoAP_simple_library/examples/coapserver/coapserver.ino:2:
/Users/alranel/Documents/git/arduino/arduino-testlib/cli-datadir/user/libraries/EthernetIndustruino/src/EthernetUdp.h:44:7: note: previous definition of &#39;class EthernetUDP&#39;
 class EthernetUDP : public UDP {
       ^~~~~~~~~~~
In file included from /Users/alranel/Documents/git/arduino/arduino-testlib/cli-datadir/user/libraries/CoAP_simple_library/examples/coapserver/coapserver.ino:4:0:
/Users/alranel/Documents/git/arduino/arduino-testlib/cli-datadir/user/libraries/Ethernet/src/Ethernet.h:272:7: error: redefinition of &#39;class DhcpClass&#39;
 class DhcpClass {
       ^~~~~~~~~
In file included from /Users/alranel/Documents/git/arduino/arduino-testlib/cli-datadir/user/libraries/CoAP_simple_library/examples/coapserver/coapserver.ino:2:0:
/Users/alranel/Documents/git/arduino/arduino-testlib/cli-datadir/user/libraries/EthernetIndustruino/src/Dhcp.h:139:7: note: previous definition of &#39;class DhcpClass&#39;
 class DhcpClass {
       ^~~~~~~~~
/Users/alranel/Documents/git/arduino/arduino-testlib/cli-datadir/user/libraries/CoAP_simple_library/examples/coapserver/coapserver.ino:11:18: error: &#39;XXX&#39; was not declared in this scope
 IPAddress dev_ip(XXX,XXX,XXX,XXX);
                  ^~~
/Users/alranel/Documents/git/arduino/arduino-testlib/cli-datadir/user/libraries/CoAP_simple_library/examples/coapserver/coapserver.ino:11:22: error: &#39;XXX&#39; was not declared in this scope
 IPAddress dev_ip(XXX,XXX,XXX,XXX);
                      ^~~
/Users/alranel/Documents/git/arduino/arduino-testlib/cli-datadir/user/libraries/CoAP_simple_library/examples/coapserver/coapserver.ino:11:26: error: &#39;XXX&#39; was not declared in this scope
 IPAddress dev_ip(XXX,XXX,XXX,XXX);
                          ^~~
/Users/alranel/Documents/git/arduino/arduino-testlib/cli-datadir/user/libraries/CoAP_simple_library/examples/coapserver/coapserver.ino:11:30: error: &#39;XXX&#39; was not declared in this scope
 IPAddress dev_ip(XXX,XXX,XXX,XXX);
                              ^~~
/Users/alranel/Documents/git/arduino/arduino-testlib/cli-datadir/user/libraries/CoAP_simple_library/examples/coapserver/coapserver.ino: In function &#39;void loop()&#39;:
/Users/alranel/Documents/git/arduino/arduino-testlib/cli-datadir/user/libraries/CoAP_simple_library/examples/coapserver/coapserver.ino:97:34: error: &#39;XXX&#39; was not declared in this scope
   int msgid = coap.get(IPAddress(XXX, XXX, XXX, XXX), 5683, &#34;time&#34;);
                                  ^~~
Multiple libraries were found for &#34;Dhcp.h&#34;
  Used: /Users/alranel/Documents/git/arduino/arduino-testlib/cli-datadir/user/libraries/EthernetIndustruino
  Not used: /Users/alranel/Documents/git/arduino/arduino-testlib/cli-datadir/user/libraries/Ethernet
  Not used: /Users/alranel/Documents/git/arduino/arduino-testlib/cli-datadir/user/libraries/Ethernet2
  Not used: /Users/alranel/Documents/git/arduino/arduino-testlib/cli-datadir/user/libraries/UIPEthernet
  Not used: /Users/alranel/Documents/git/arduino/arduino-testlib/cli-datadir/user/libraries/EthernetENC
  Not used: /Users/alranel/Documents/git/arduino/arduino-testlib/cli-datadir/user/libraries/STM32duino_STM32Ethernet
  Not used: /Users/alranel/Documents/git/arduino/arduino-testlib/cli-datadir/user/libraries/Ethernet3
Multiple libraries were found for &#34;Ethernet.h&#34;
  Used: /Users/alranel/Documents/git/arduino/arduino-testlib/cli-datadir/user/libraries/Ethernet
  Not used: /Users/alranel/Documents/git/arduino/arduino-testlib/cli-datadir/user/libraries/UIPEthernet
  Not used: /Users/alranel/Documents/git/arduino/arduino-testlib/cli-datadir/user/libraries/EthernetENC
</pre>
					
					<h4>examples/coaptest</h4>
					<p>
						Result: <b>FAIL</b>
					</p>
					<pre class="pre-scrollable">In file included from /Users/alranel/Documents/git/arduino/arduino-testlib/cli-datadir/user/libraries/CoAP_simple_library/examples/coaptest/coaptest.ino:4:0:
/Users/alranel/Documents/git/arduino/arduino-testlib/cli-datadir/user/libraries/Ethernet/src/Ethernet.h:152:7: error: redefinition of &#39;class EthernetUDP&#39;
 class EthernetUDP : public UDP {
       ^~~~~~~~~~~
In file included from /Users/alranel/Documents/git/arduino/arduino-testlib/cli-datadir/user/libraries/EthernetIndustruino/src/Dhcp.h:7:0,
                 from /Users/alranel/Documents/git/arduino/arduino-testlib/cli-datadir/user/libraries/CoAP_simple_library/examples/coaptest/coaptest.ino:2:
/Users/alranel/Documents/git/arduino/arduino-testlib/cli-datadir/user/libraries/EthernetIndustruino/src/EthernetUdp.h:44:7: note: previous definition of &#39;class EthernetUDP&#39;
 class EthernetUDP : public UDP {
       ^~~~~~~~~~~
In file included from /Users/alranel/Documents/git/arduino/arduino-testlib/cli-datadir/user/libraries/CoAP_simple_library/examples/coaptest/coaptest.ino:4:0:
/Users/alranel/Documents/git/arduino/arduino-testlib/cli-datadir/user/libraries/Ethernet/src/Ethernet.h:272:7: error: redefinition of &#39;class DhcpClass&#39;
 class DhcpClass {
       ^~~~~~~~~
In file included from /Users/alranel/Documents/git/arduino/arduino-testlib/cli-datadir/user/libraries/CoAP_simple_library/examples/coaptest/coaptest.ino:2:0:
/Users/alranel/Documents/git/arduino/arduino-testlib/cli-datadir/user/libraries/EthernetIndustruino/src/Dhcp.h:139:7: note: previous definition of &#39;class DhcpClass&#39;
 class DhcpClass {
       ^~~~~~~~~
/Users/alranel/Documents/git/arduino/arduino-testlib/cli-datadir/user/libraries/CoAP_simple_library/examples/coaptest/coaptest.ino:9:18: error: &#39;XXX&#39; was not declared in this scope
 IPAddress dev_ip(XXX,XXX,XXX,XXX);
                  ^~~
/Users/alranel/Documents/git/arduino/arduino-testlib/cli-datadir/user/libraries/CoAP_simple_library/examples/coaptest/coaptest.ino:9:22: error: &#39;XXX&#39; was not declared in this scope
 IPAddress dev_ip(XXX,XXX,XXX,XXX);
                      ^~~
/Users/alranel/Documents/git/arduino/arduino-testlib/cli-datadir/user/libraries/CoAP_simple_library/examples/coaptest/coaptest.ino:9:26: error: &#39;XXX&#39; was not declared in this scope
 IPAddress dev_ip(XXX,XXX,XXX,XXX);
                          ^~~
/Users/alranel/Documents/git/arduino/arduino-testlib/cli-datadir/user/libraries/CoAP_simple_library/examples/coaptest/coaptest.ino:9:30: error: &#39;XXX&#39; was not declared in this scope
 IPAddress dev_ip(XXX,XXX,XXX,XXX);
                              ^~~
/Users/alranel/Documents/git/arduino/arduino-testlib/cli-datadir/user/libraries/CoAP_simple_library/examples/coaptest/coaptest.ino: In function &#39;void loop()&#39;:
/Users/alranel/Documents/git/arduino/arduino-testlib/cli-datadir/user/libraries/CoAP_simple_library/examples/coaptest/coaptest.ino:52:34: error: &#39;XXX&#39; was not declared in this scope
   int msgid = coap.get(IPAddress(XXX, XXX, XXX, XXX), 5683, &#34;time&#34;);
                                  ^~~
Multiple libraries were found for &#34;Dhcp.h&#34;
  Used: /Users/alranel/Documents/git/arduino/arduino-testlib/cli-datadir/user/libraries/EthernetIndustruino
  Not used: /Users/alranel/Documents/git/arduino/arduino-testlib/cli-datadir/user/libraries/UIPEthernet
  Not used: /Users/alranel/Documents/git/arduino/arduino-testlib/cli-datadir/user/libraries/Ethernet3
  Not used: /Users/alranel/Documents/git/arduino/arduino-testlib/cli-datadir/user/libraries/STM32duino_STM32Ethernet
  Not used: /Users/alranel/Documents/git/arduino/arduino-testlib/cli-datadir/user/libraries/Ethernet2
  Not used: /Users/alranel/Documents/git/arduino/arduino-testlib/cli-datadir/user/libraries/EthernetENC
  Not used: /Users/alranel/Documents/git/arduino/arduino-testlib/cli-datadir/user/libraries/Ethernet
Multiple libraries were found for &#34;Ethernet.h&#34;
  Used: /Users/alranel/Documents/git/arduino/arduino-testlib/cli-datadir/user/libraries/Ethernet
  Not used: /Users/alranel/Documents/git/arduino/arduino-testlib/cli-datadir/user/libraries/UIPEthernet
  Not used: /Users/alranel/Documents/git/arduino/arduino-testlib/cli-datadir/user/libraries/EthernetENC
</pre>
					
					<h4>examples/esp32</h4>
					<p>
						Result: <b>PASS</b>
					</p>
					<pre class="pre-scrollable">Sketch uses 11270 bytes (34%) of program storage space. Maximum is 32256 bytes.
Global variables use 557 bytes (27%) of dynamic memory, leaving 1491 bytes for local variables. Maximum is 2048 bytes.
</pre>
					
					<h4>examples/esp8266</h4>
					<p>
						Result: <b>FAIL</b>
					</p>
					<pre class="pre-scrollable">/Users/alranel/Documents/git/arduino/arduino-testlib/cli-datadir/user/libraries/CoAP_simple_library/examples/esp8266/esp8266.ino:1:10: fatal error: ESP8266WiFi.h: No such file or directory
 #include &lt;ESP8266WiFi.h&gt;
          ^~~~~~~~~~~~~~~
compilation terminated.

</pre>
					
				
				<h3 id="arduino:mbed_nano:nanorp2040connect">arduino:mbed_nano:nanorp2040connect @ 2.7.2</h3>
				<h4>Inclusion</h4>
				<p>
					Result: <b>FAIL</b>
					
					<br />This library has no main header file so an empty one was created.
					
				</p>
				<pre class="pre-scrollable">/tmp/arduino-testlib1705505611/test/test.ino:1:10: fatal error: CoAP_simple_library.h: No such file or directory
 #include &lt;CoAP_simple_library.h&gt;
          ^~~~~~~~~~~~~~~~~~~~~~~
compilation terminated.

</pre>

					
					<h4>examples/coapserver</h4>
					<p>
						Result: <b>FAIL</b>
					</p>
					<pre class="pre-scrollable">/home/ec2-user/arduino-testlib/cli-datadir/user/libraries/CoAP_simple_library/examples/coapserver/coapserver.ino:11:18: error: &#39;XXX&#39; was not declared in this scope
 IPAddress dev_ip(XXX,XXX,XXX,XXX);
                  ^~~
/home/ec2-user/arduino-testlib/cli-datadir/user/libraries/CoAP_simple_library/examples/coapserver/coapserver.ino:11:22: error: &#39;XXX&#39; was not declared in this scope
 IPAddress dev_ip(XXX,XXX,XXX,XXX);
                      ^~~
/home/ec2-user/arduino-testlib/cli-datadir/user/libraries/CoAP_simple_library/examples/coapserver/coapserver.ino:11:26: error: &#39;XXX&#39; was not declared in this scope
 IPAddress dev_ip(XXX,XXX,XXX,XXX);
                          ^~~
/home/ec2-user/arduino-testlib/cli-datadir/user/libraries/CoAP_simple_library/examples/coapserver/coapserver.ino:11:30: error: &#39;XXX&#39; was not declared in this scope
 IPAddress dev_ip(XXX,XXX,XXX,XXX);
                              ^~~
/home/ec2-user/arduino-testlib/cli-datadir/user/libraries/CoAP_simple_library/examples/coapserver/coapserver.ino: In function &#39;void loop()&#39;:
/home/ec2-user/arduino-testlib/cli-datadir/user/libraries/CoAP_simple_library/examples/coapserver/coapserver.ino:97:34: error: &#39;XXX&#39; was not declared in this scope
   int msgid = coap.get(IPAddress(XXX, XXX, XXX, XXX), 5683, &#34;time&#34;);
                                  ^~~
Multiple libraries were found for &#34;Dhcp.h&#34;
  Used: /home/ec2-user/arduino-testlib/cli-datadir/user/libraries/Ethernet
  Not used: /home/ec2-user/arduino-testlib/cli-datadir/user/libraries/STM32duino_STM32Ethernet
  Not used: /home/ec2-user/arduino-testlib/cli-datadir/user/libraries/EthernetIndustruino
  Not used: /home/ec2-user/arduino-testlib/cli-datadir/user/libraries/UIPEthernet
  Not used: /home/ec2-user/arduino-testlib/cli-datadir/user/libraries/Ethernet2
  Not used: /home/ec2-user/arduino-testlib/cli-datadir/user/libraries/Ethernet3
  Not used: /home/ec2-user/arduino-testlib/cli-datadir/user/libraries/EthernetENC
</pre>
					
					<h4>examples/coaptest</h4>
					<p>
						Result: <b>FAIL</b>
					</p>
					<pre class="pre-scrollable">/home/ec2-user/arduino-testlib/cli-datadir/user/libraries/CoAP_simple_library/examples/coaptest/coaptest.ino:9:18: error: &#39;XXX&#39; was not declared in this scope
 IPAddress dev_ip(XXX,XXX,XXX,XXX);
                  ^~~
/home/ec2-user/arduino-testlib/cli-datadir/user/libraries/CoAP_simple_library/examples/coaptest/coaptest.ino:9:22: error: &#39;XXX&#39; was not declared in this scope
 IPAddress dev_ip(XXX,XXX,XXX,XXX);
                      ^~~
/home/ec2-user/arduino-testlib/cli-datadir/user/libraries/CoAP_simple_library/examples/coaptest/coaptest.ino:9:26: error: &#39;XXX&#39; was not declared in this scope
 IPAddress dev_ip(XXX,XXX,XXX,XXX);
                          ^~~
/home/ec2-user/arduino-testlib/cli-datadir/user/libraries/CoAP_simple_library/examples/coaptest/coaptest.ino:9:30: error: &#39;XXX&#39; was not declared in this scope
 IPAddress dev_ip(XXX,XXX,XXX,XXX);
                              ^~~
/home/ec2-user/arduino-testlib/cli-datadir/user/libraries/CoAP_simple_library/examples/coaptest/coaptest.ino: In function &#39;void loop()&#39;:
/home/ec2-user/arduino-testlib/cli-datadir/user/libraries/CoAP_simple_library/examples/coaptest/coaptest.ino:52:34: error: &#39;XXX&#39; was not declared in this scope
   int msgid = coap.get(IPAddress(XXX, XXX, XXX, XXX), 5683, &#34;time&#34;);
                                  ^~~
Multiple libraries were found for &#34;Dhcp.h&#34;
  Used: /home/ec2-user/arduino-testlib/cli-datadir/user/libraries/Ethernet
  Not used: /home/ec2-user/arduino-testlib/cli-datadir/user/libraries/STM32duino_STM32Ethernet
  Not used: /home/ec2-user/arduino-testlib/cli-datadir/user/libraries/UIPEthernet
  Not used: /home/ec2-user/arduino-testlib/cli-datadir/user/libraries/EthernetIndustruino
  Not used: /home/ec2-user/arduino-testlib/cli-datadir/user/libraries/Ethernet3
  Not used: /home/ec2-user/arduino-testlib/cli-datadir/user/libraries/EthernetENC
  Not used: /home/ec2-user/arduino-testlib/cli-datadir/user/libraries/Ethernet2
</pre>
					
					<h4>examples/esp32</h4>
					<p>
						Result: <b>FAIL</b>
					</p>
					<pre class="pre-scrollable">/home/ec2-user/arduino-testlib/cli-datadir/user/libraries/CoAP_simple_library/examples/esp32/esp32.ino: In function &#39;void setup()&#39;:
/home/ec2-user/arduino-testlib/cli-datadir/user/libraries/CoAP_simple_library/examples/esp32/esp32.ino:60:28: error: invalid conversion from &#39;const char*&#39; to &#39;char*&#39; [-fpermissive]
   WiFi.begin(ssid, password);
                            ^
In file included from /home/ec2-user/arduino-testlib/cli-datadir/user/libraries/CoAP_simple_library/examples/esp32/esp32.ino:1:0:
/home/ec2-user/arduino-testlib/cli-datadir/user/libraries/WiFi/src/WiFi.h:79:9: note:   initializing argument 1 of &#39;int WiFiClass::begin(char*, const char*)&#39;
     int begin(char* ssid, const char *passphrase);
         ^~~~~
Multiple libraries were found for &#34;WiFi.h&#34;
  Used: /home/ec2-user/arduino-testlib/cli-datadir/user/libraries/WiFi
  Not used: /home/ec2-user/arduino-testlib/cli-datadir/user/libraries/WiFiNINA
  Not used: /home/ec2-user/arduino-testlib/cli-datadir/user/libraries/WiFiEspAT
  Not used: /home/ec2-user/arduino-testlib/cli-datadir/user/libraries/Seeed_Arduino_rpcWiFi
</pre>
					
					<h4>examples/esp8266</h4>
					<p>
						Result: <b>FAIL</b>
					</p>
					<pre class="pre-scrollable">/home/ec2-user/arduino-testlib/cli-datadir/user/libraries/CoAP_simple_library/examples/esp8266/esp8266.ino:1:10: fatal error: ESP8266WiFi.h: No such file or directory
 #include &lt;ESP8266WiFi.h&gt;
          ^~~~~~~~~~~~~~~
compilation terminated.

</pre>
					
				
				<h3 id="arduino:megaavr:nona4809">arduino:megaavr:nona4809 @ 1.8.7</h3>
				<h4>Inclusion</h4>
				<p>
					Result: <b>FAIL</b>
					
					<br />This library has no main header file so an empty one was created.
					
				</p>
				<pre class="pre-scrollable">/tmp/arduino-testlib1705505611/test/test.ino:1:10: fatal error: CoAP_simple_library.h: No such file or directory
 #include &lt;CoAP_simple_library.h&gt;
          ^~~~~~~~~~~~~~~~~~~~~~~
compilation terminated.

</pre>

					
					<h4>examples/coapserver</h4>
					<p>
						Result: <b>FAIL</b>
					</p>
					<pre class="pre-scrollable">/home/ec2-user/arduino-testlib/cli-datadir/user/libraries/CoAP_simple_library/examples/coapserver/coapserver.ino:11:18: error: &#39;XXX&#39; was not declared in this scope
 IPAddress dev_ip(XXX,XXX,XXX,XXX);
                  ^~~
/home/ec2-user/arduino-testlib/cli-datadir/user/libraries/CoAP_simple_library/examples/coapserver/coapserver.ino:11:22: error: &#39;XXX&#39; was not declared in this scope
 IPAddress dev_ip(XXX,XXX,XXX,XXX);
                      ^~~
/home/ec2-user/arduino-testlib/cli-datadir/user/libraries/CoAP_simple_library/examples/coapserver/coapserver.ino:11:26: error: &#39;XXX&#39; was not declared in this scope
 IPAddress dev_ip(XXX,XXX,XXX,XXX);
                          ^~~
/home/ec2-user/arduino-testlib/cli-datadir/user/libraries/CoAP_simple_library/examples/coapserver/coapserver.ino:11:30: error: &#39;XXX&#39; was not declared in this scope
 IPAddress dev_ip(XXX,XXX,XXX,XXX);
                              ^~~
/home/ec2-user/arduino-testlib/cli-datadir/user/libraries/CoAP_simple_library/examples/coapserver/coapserver.ino: In function &#39;void loop()&#39;:
/home/ec2-user/arduino-testlib/cli-datadir/user/libraries/CoAP_simple_library/examples/coapserver/coapserver.ino:97:34: error: &#39;XXX&#39; was not declared in this scope
   int msgid = coap.get(IPAddress(XXX, XXX, XXX, XXX), 5683, &#34;time&#34;);
                                  ^~~
Multiple libraries were found for &#34;Dhcp.h&#34;
  Used: /home/ec2-user/arduino-testlib/cli-datadir/user/libraries/Ethernet
  Not used: /home/ec2-user/arduino-testlib/cli-datadir/user/libraries/Ethernet3
  Not used: /home/ec2-user/arduino-testlib/cli-datadir/user/libraries/EthernetIndustruino
  Not used: /home/ec2-user/arduino-testlib/cli-datadir/user/libraries/STM32duino_STM32Ethernet
  Not used: /home/ec2-user/arduino-testlib/cli-datadir/user/libraries/UIPEthernet
  Not used: /home/ec2-user/arduino-testlib/cli-datadir/user/libraries/EthernetENC
  Not used: /home/ec2-user/arduino-testlib/cli-datadir/user/libraries/Ethernet2
</pre>
					
					<h4>examples/coaptest</h4>
					<p>
						Result: <b>FAIL</b>
					</p>
					<pre class="pre-scrollable">/home/ec2-user/arduino-testlib/cli-datadir/user/libraries/CoAP_simple_library/examples/coaptest/coaptest.ino:9:18: error: &#39;XXX&#39; was not declared in this scope
 IPAddress dev_ip(XXX,XXX,XXX,XXX);
                  ^~~
/home/ec2-user/arduino-testlib/cli-datadir/user/libraries/CoAP_simple_library/examples/coaptest/coaptest.ino:9:22: error: &#39;XXX&#39; was not declared in this scope
 IPAddress dev_ip(XXX,XXX,XXX,XXX);
                      ^~~
/home/ec2-user/arduino-testlib/cli-datadir/user/libraries/CoAP_simple_library/examples/coaptest/coaptest.ino:9:26: error: &#39;XXX&#39; was not declared in this scope
 IPAddress dev_ip(XXX,XXX,XXX,XXX);
                          ^~~
/home/ec2-user/arduino-testlib/cli-datadir/user/libraries/CoAP_simple_library/examples/coaptest/coaptest.ino:9:30: error: &#39;XXX&#39; was not declared in this scope
 IPAddress dev_ip(XXX,XXX,XXX,XXX);
                              ^~~
/home/ec2-user/arduino-testlib/cli-datadir/user/libraries/CoAP_simple_library/examples/coaptest/coaptest.ino: In function &#39;void loop()&#39;:
/home/ec2-user/arduino-testlib/cli-datadir/user/libraries/CoAP_simple_library/examples/coaptest/coaptest.ino:52:34: error: &#39;XXX&#39; was not declared in this scope
   int msgid = coap.get(IPAddress(XXX, XXX, XXX, XXX), 5683, &#34;time&#34;);
                                  ^~~
Multiple libraries were found for &#34;Dhcp.h&#34;
  Used: /home/ec2-user/arduino-testlib/cli-datadir/user/libraries/Ethernet
  Not used: /home/ec2-user/arduino-testlib/cli-datadir/user/libraries/EthernetENC
  Not used: /home/ec2-user/arduino-testlib/cli-datadir/user/libraries/UIPEthernet
  Not used: /home/ec2-user/arduino-testlib/cli-datadir/user/libraries/Ethernet2
  Not used: /home/ec2-user/arduino-testlib/cli-datadir/user/libraries/Ethernet3
  Not used: /home/ec2-user/arduino-testlib/cli-datadir/user/libraries/EthernetIndustruino
  Not used: /home/ec2-user/arduino-testlib/cli-datadir/user/libraries/STM32duino_STM32Ethernet
</pre>
					
					<h4>examples/esp32</h4>
					<p>
						Result: <b>PASS</b>
					</p>
					<pre class="pre-scrollable">Sketch uses 13457 bytes (27%) of program storage space. Maximum is 49152 bytes.
Global variables use 385 bytes (6%) of dynamic memory, leaving 5759 bytes for local variables. Maximum is 6144 bytes.
</pre>
					
					<h4>examples/esp8266</h4>
					<p>
						Result: <b>FAIL</b>
					</p>
					<pre class="pre-scrollable">/home/ec2-user/arduino-testlib/cli-datadir/user/libraries/CoAP_simple_library/examples/esp8266/esp8266.ino:1:10: fatal error: ESP8266WiFi.h: No such file or directory
 #include &lt;ESP8266WiFi.h&gt;
          ^~~~~~~~~~~~~~~
compilation terminated.

</pre>
					
				
				<h3 id="arduino:samd:mkrwifi1010">arduino:samd:mkrwifi1010 @ 1.8.12</h3>
				<h4>Inclusion</h4>
				<p>
					Result: <b>FAIL</b>
					
					<br />This library has no main header file so an empty one was created.
					
				</p>
				<pre class="pre-scrollable">/private/tmp/arduino-testlib4004729904/test/test.ino:1:10: fatal error: CoAP_simple_library.h: No such file or directory
 #include &lt;CoAP_simple_library.h&gt;
          ^~~~~~~~~~~~~~~~~~~~~~~
compilation terminated.

</pre>

					
					<h4>examples/coapserver</h4>
					<p>
						Result: <b>FAIL</b>
					</p>
					<pre class="pre-scrollable">/Users/alranel/Documents/git/arduino/arduino-testlib/cli-datadir/user/libraries/CoAP_simple_library/examples/coapserver/coapserver.ino:11:18: error: &#39;XXX&#39; was not declared in this scope
 IPAddress dev_ip(XXX,XXX,XXX,XXX);
                  ^~~
/Users/alranel/Documents/git/arduino/arduino-testlib/cli-datadir/user/libraries/CoAP_simple_library/examples/coapserver/coapserver.ino:11:22: error: &#39;XXX&#39; was not declared in this scope
 IPAddress dev_ip(XXX,XXX,XXX,XXX);
                      ^~~
/Users/alranel/Documents/git/arduino/arduino-testlib/cli-datadir/user/libraries/CoAP_simple_library/examples/coapserver/coapserver.ino:11:26: error: &#39;XXX&#39; was not declared in this scope
 IPAddress dev_ip(XXX,XXX,XXX,XXX);
                          ^~~
/Users/alranel/Documents/git/arduino/arduino-testlib/cli-datadir/user/libraries/CoAP_simple_library/examples/coapserver/coapserver.ino:11:30: error: &#39;XXX&#39; was not declared in this scope
 IPAddress dev_ip(XXX,XXX,XXX,XXX);
                              ^~~
/Users/alranel/Documents/git/arduino/arduino-testlib/cli-datadir/user/libraries/CoAP_simple_library/examples/coapserver/coapserver.ino: In function &#39;void loop()&#39;:
/Users/alranel/Documents/git/arduino/arduino-testlib/cli-datadir/user/libraries/CoAP_simple_library/examples/coapserver/coapserver.ino:97:34: error: &#39;XXX&#39; was not declared in this scope
   int msgid = coap.get(IPAddress(XXX, XXX, XXX, XXX), 5683, &#34;time&#34;);
                                  ^~~
Multiple libraries were found for &#34;Dhcp.h&#34;
  Used: /Users/alranel/Documents/git/arduino/arduino-testlib/cli-datadir/user/libraries/Ethernet
  Not used: /Users/alranel/Documents/git/arduino/arduino-testlib/cli-datadir/user/libraries/Ethernet3
  Not used: /Users/alranel/Documents/git/arduino/arduino-testlib/cli-datadir/user/libraries/EthernetIndustruino
  Not used: /Users/alranel/Documents/git/arduino/arduino-testlib/cli-datadir/user/libraries/EthernetENC
  Not used: /Users/alranel/Documents/git/arduino/arduino-testlib/cli-datadir/user/libraries/UIPEthernet
  Not used: /Users/alranel/Documents/git/arduino/arduino-testlib/cli-datadir/user/libraries/STM32duino_STM32Ethernet
  Not used: /Users/alranel/Documents/git/arduino/arduino-testlib/cli-datadir/user/libraries/Ethernet2
</pre>
					
					<h4>examples/coaptest</h4>
					<p>
						Result: <b>FAIL</b>
					</p>
					<pre class="pre-scrollable">/Users/alranel/Documents/git/arduino/arduino-testlib/cli-datadir/user/libraries/CoAP_simple_library/examples/coaptest/coaptest.ino:9:18: error: &#39;XXX&#39; was not declared in this scope
 IPAddress dev_ip(XXX,XXX,XXX,XXX);
                  ^~~
/Users/alranel/Documents/git/arduino/arduino-testlib/cli-datadir/user/libraries/CoAP_simple_library/examples/coaptest/coaptest.ino:9:22: error: &#39;XXX&#39; was not declared in this scope
 IPAddress dev_ip(XXX,XXX,XXX,XXX);
                      ^~~
/Users/alranel/Documents/git/arduino/arduino-testlib/cli-datadir/user/libraries/CoAP_simple_library/examples/coaptest/coaptest.ino:9:26: error: &#39;XXX&#39; was not declared in this scope
 IPAddress dev_ip(XXX,XXX,XXX,XXX);
                          ^~~
/Users/alranel/Documents/git/arduino/arduino-testlib/cli-datadir/user/libraries/CoAP_simple_library/examples/coaptest/coaptest.ino:9:30: error: &#39;XXX&#39; was not declared in this scope
 IPAddress dev_ip(XXX,XXX,XXX,XXX);
                              ^~~
/Users/alranel/Documents/git/arduino/arduino-testlib/cli-datadir/user/libraries/CoAP_simple_library/examples/coaptest/coaptest.ino: In function &#39;void loop()&#39;:
/Users/alranel/Documents/git/arduino/arduino-testlib/cli-datadir/user/libraries/CoAP_simple_library/examples/coaptest/coaptest.ino:52:34: error: &#39;XXX&#39; was not declared in this scope
   int msgid = coap.get(IPAddress(XXX, XXX, XXX, XXX), 5683, &#34;time&#34;);
                                  ^~~
Multiple libraries were found for &#34;Dhcp.h&#34;
  Used: /Users/alranel/Documents/git/arduino/arduino-testlib/cli-datadir/user/libraries/Ethernet
  Not used: /Users/alranel/Documents/git/arduino/arduino-testlib/cli-datadir/user/libraries/STM32duino_STM32Ethernet
  Not used: /Users/alranel/Documents/git/arduino/arduino-testlib/cli-datadir/user/libraries/Ethernet3
  Not used: /Users/alranel/Documents/git/arduino/arduino-testlib/cli-datadir/user/libraries/EthernetENC
  Not used: /Users/alranel/Documents/git/arduino/arduino-testlib/cli-datadir/user/libraries/UIPEthernet
  Not used: /Users/alranel/Documents/git/arduino/arduino-testlib/cli-datadir/user/libraries/Ethernet2
  Not used: /Users/alranel/Documents/git/arduino/arduino-testlib/cli-datadir/user/libraries/EthernetIndustruino
</pre>
					
					<h4>examples/esp32</h4>
					<p>
						Result: <b>FAIL</b>
					</p>
					<pre class="pre-scrollable">/Users/alranel/Documents/git/arduino/arduino-testlib/cli-datadir/user/libraries/CoAP_simple_library/examples/esp32/esp32.ino: In function &#39;void setup()&#39;:
/Users/alranel/Documents/git/arduino/arduino-testlib/cli-datadir/user/libraries/CoAP_simple_library/examples/esp32/esp32.ino:60:28: error: invalid conversion from &#39;const char*&#39; to &#39;char*&#39; [-fpermissive]
   WiFi.begin(ssid, password);
                            ^
In file included from /Users/alranel/Documents/git/arduino/arduino-testlib/cli-datadir/user/libraries/CoAP_simple_library/examples/esp32/esp32.ino:1:0:
/Users/alranel/Documents/git/arduino/arduino-testlib/cli-datadir/user/libraries/WiFi/src/WiFi.h:79:9: note:   initializing argument 1 of &#39;int WiFiClass::begin(char*, const char*)&#39;
     int begin(char* ssid, const char *passphrase);
         ^~~~~
Multiple libraries were found for &#34;WiFi.h&#34;
  Used: /Users/alranel/Documents/git/arduino/arduino-testlib/cli-datadir/user/libraries/WiFi
  Not used: /Users/alranel/Documents/git/arduino/arduino-testlib/cli-datadir/user/libraries/Seeed_Arduino_rpcWiFi
  Not used: /Users/alranel/Documents/git/arduino/arduino-testlib/cli-datadir/user/libraries/WiFiNINA
  Not used: /Users/alranel/Documents/git/arduino/arduino-testlib/cli-datadir/user/libraries/WiFiEspAT
</pre>
					
					<h4>examples/esp8266</h4>
					<p>
						Result: <b>FAIL</b>
					</p>
					<pre class="pre-scrollable">/Users/alranel/Documents/git/arduino/arduino-testlib/cli-datadir/user/libraries/CoAP_simple_library/examples/esp8266/esp8266.ino:1:10: fatal error: ESP8266WiFi.h: No such file or directory
 #include &lt;ESP8266WiFi.h&gt;
          ^~~~~~~~~~~~~~~
compilation terminated.

</pre>
					
				
				<h3 id="esp32:esp32:d1_mini32">esp32:esp32:d1_mini32 @ 1.0.6</h3>
				<h4>Inclusion</h4>
				<p>
					Result: <b>FAIL</b>
					
					<br />This library has no main header file so an empty one was created.
					
				</p>
				<pre class="pre-scrollable">/tmp/arduino-testlib30458905/test/test.ino:1:33: fatal error: CoAP_simple_library.h: No such file or directory
compilation terminated.

</pre>

					
					<h4>examples/coapserver</h4>
					<p>
						Result: <b>FAIL</b>
					</p>
					<pre class="pre-scrollable">/home/ec2-user/arduino-testlib/cli-datadir/user/libraries/CoAP_simple_library/examples/coapserver/coapserver.ino:11:18: error: &#39;XXX&#39; was not declared in this scope
 IPAddress dev_ip(XXX,XXX,XXX,XXX);
                  ^
/home/ec2-user/arduino-testlib/cli-datadir/user/libraries/CoAP_simple_library/examples/coapserver/coapserver.ino:11:22: error: &#39;XXX&#39; was not declared in this scope
 IPAddress dev_ip(XXX,XXX,XXX,XXX);
                      ^
/home/ec2-user/arduino-testlib/cli-datadir/user/libraries/CoAP_simple_library/examples/coapserver/coapserver.ino:11:26: error: &#39;XXX&#39; was not declared in this scope
 IPAddress dev_ip(XXX,XXX,XXX,XXX);
                          ^
/home/ec2-user/arduino-testlib/cli-datadir/user/libraries/CoAP_simple_library/examples/coapserver/coapserver.ino:11:30: error: &#39;XXX&#39; was not declared in this scope
 IPAddress dev_ip(XXX,XXX,XXX,XXX);
                              ^
/home/ec2-user/arduino-testlib/cli-datadir/user/libraries/CoAP_simple_library/examples/coapserver/coapserver.ino: In function &#39;void loop()&#39;:
/home/ec2-user/arduino-testlib/cli-datadir/user/libraries/CoAP_simple_library/examples/coapserver/coapserver.ino:97:34: error: &#39;XXX&#39; was not declared in this scope
   int msgid = coap.get(IPAddress(XXX, XXX, XXX, XXX), 5683, &#34;time&#34;);
                                  ^
Multiple libraries were found for &#34;Dhcp.h&#34;
  Used: /home/ec2-user/arduino-testlib/cli-datadir/user/libraries/Ethernet
  Not used: /home/ec2-user/arduino-testlib/cli-datadir/user/libraries/Ethernet3
  Not used: /home/ec2-user/arduino-testlib/cli-datadir/user/libraries/EthernetENC
  Not used: /home/ec2-user/arduino-testlib/cli-datadir/user/libraries/EthernetIndustruino
  Not used: /home/ec2-user/arduino-testlib/cli-datadir/user/libraries/STM32duino_STM32Ethernet
  Not used: /home/ec2-user/arduino-testlib/cli-datadir/user/libraries/Ethernet2
  Not used: /home/ec2-user/arduino-testlib/cli-datadir/user/libraries/UIPEthernet
</pre>
					
					<h4>examples/coaptest</h4>
					<p>
						Result: <b>FAIL</b>
					</p>
					<pre class="pre-scrollable">/home/ec2-user/arduino-testlib/cli-datadir/user/libraries/CoAP_simple_library/examples/coaptest/coaptest.ino:9:18: error: &#39;XXX&#39; was not declared in this scope
 IPAddress dev_ip(XXX,XXX,XXX,XXX);
                  ^
/home/ec2-user/arduino-testlib/cli-datadir/user/libraries/CoAP_simple_library/examples/coaptest/coaptest.ino:9:22: error: &#39;XXX&#39; was not declared in this scope
 IPAddress dev_ip(XXX,XXX,XXX,XXX);
                      ^
/home/ec2-user/arduino-testlib/cli-datadir/user/libraries/CoAP_simple_library/examples/coaptest/coaptest.ino:9:26: error: &#39;XXX&#39; was not declared in this scope
 IPAddress dev_ip(XXX,XXX,XXX,XXX);
                          ^
/home/ec2-user/arduino-testlib/cli-datadir/user/libraries/CoAP_simple_library/examples/coaptest/coaptest.ino:9:30: error: &#39;XXX&#39; was not declared in this scope
 IPAddress dev_ip(XXX,XXX,XXX,XXX);
                              ^
/home/ec2-user/arduino-testlib/cli-datadir/user/libraries/CoAP_simple_library/examples/coaptest/coaptest.ino: In function &#39;void loop()&#39;:
/home/ec2-user/arduino-testlib/cli-datadir/user/libraries/CoAP_simple_library/examples/coaptest/coaptest.ino:52:34: error: &#39;XXX&#39; was not declared in this scope
   int msgid = coap.get(IPAddress(XXX, XXX, XXX, XXX), 5683, &#34;time&#34;);
                                  ^
Multiple libraries were found for &#34;Dhcp.h&#34;
  Used: /home/ec2-user/arduino-testlib/cli-datadir/user/libraries/Ethernet
  Not used: /home/ec2-user/arduino-testlib/cli-datadir/user/libraries/EthernetIndustruino
  Not used: /home/ec2-user/arduino-testlib/cli-datadir/user/libraries/STM32duino_STM32Ethernet
  Not used: /home/ec2-user/arduino-testlib/cli-datadir/user/libraries/EthernetENC
  Not used: /home/ec2-user/arduino-testlib/cli-datadir/user/libraries/Ethernet3
  Not used: /home/ec2-user/arduino-testlib/cli-datadir/user/libraries/Ethernet2
  Not used: /home/ec2-user/arduino-testlib/cli-datadir/user/libraries/UIPEthernet
</pre>
					
					<h4>examples/esp32</h4>
					<p>
						Result: <b>PASS</b>
					</p>
					<pre class="pre-scrollable">Sketch uses 698154 bytes (53%) of program storage space. Maximum is 1310720 bytes.
Global variables use 38916 bytes (11%) of dynamic memory, leaving 288764 bytes for local variables. Maximum is 327680 bytes.
</pre>
					
					<h4>examples/esp8266</h4>
					<p>
						Result: <b>FAIL</b>
					</p>
					<pre class="pre-scrollable">/home/ec2-user/arduino-testlib/cli-datadir/user/libraries/CoAP_simple_library/examples/esp8266/esp8266.ino:1:25: fatal error: ESP8266WiFi.h: No such file or directory
compilation terminated.

</pre>
					
				
			</div>
		</div>
	</div>
  </body>
</html>
