
<!doctype html>
<html lang="en">
  <head>
    <meta charset="utf-8">
    <meta name="viewport" content="width=device-width, initial-scale=1">
    <link href="https://cdn.jsdelivr.net/npm/bootstrap@5.0.2/dist/css/bootstrap.min.css" rel="stylesheet" integrity="sha384-EVSTQN3/azprG1Anm3QDgpJLIm9Nao0Yz1ztcQTwFspd3yD65VohhpuuCOmLASjC" crossorigin="anonymous">
    <title>arduino-testlib report</title>
	<style>
	.pass { background-color: #00FF00 !important; }
	.fail { background-color: #FF0000 !important; }
	</style>
  </head>
  <body>
	<div class="container">
		<div class="row">
			<div class="col">
				<h1>Complex - compatibility matrix</h1>
				<p>
					<small>This report was generated on Wednesday, 23-Feb-22 22:48:15 CET using 
					<a href="https://github.com/alranel/arduino-testlib">arduino-testlib</a>.</small>
				</p>

				<h2>Complex</h2>
				<p>
					Version: <b>0.3.1</b>
					<br />
					<a href="https://www.arduino.cc/reference/en/libraries/complex/">More details</a>
				</p>

				<h2>Compatibility matrix</h2>
				<table class="table table-bordered">
					<tr>
						<th>Board</th>
						<th>Claims compatibility</th>
						<th>Inclusion</th>
						
						<th><pre>array</pre></th>
						
						<th><pre>complex</pre></th>
						
						<th><pre>const</pre></th>
						
						<th><pre>performance</pre></th>
						
					</tr>
					
					<tr>
						<td>
							<a href="#arduino%3aavr%3auno"><b>arduino:avr:uno</b></a>
							<br />
							<small>1.8.4</small>
						</td>

						
							<td>Yes</td>
							<td class="pass">PASS</td>
						
						
						
						

						
							
								
									
										
											<td class="pass">PASS</td>
											
										
									
										
									
										
									
										
									
								
							
								
							
								
							
								
							
								
							
						
							
								
									
										
									
										
											<td class="pass">PASS</td>
											
										
									
										
									
										
									
								
							
								
							
								
							
								
							
								
							
						
							
								
									
										
									
										
									
										
											<td class="pass">PASS</td>
											
										
									
										
									
								
							
								
							
								
							
								
							
								
							
						
							
								
									
										
									
										
									
										
									
										
											<td class="pass">PASS</td>
											
										
									
								
							
								
							
								
							
								
							
								
							
						
					</tr>
					
					<tr>
						<td>
							<a href="#arduino%3ambed_nano%3ananorp2040connect"><b>arduino:mbed_nano:nanorp2040connect</b></a>
							<br />
							<small>2.7.2</small>
						</td>

						
							<td>Yes</td>
							<td class="pass">PASS</td>
						
						
						
						

						
							
								
							
								
									
										
											<td class="pass">PASS</td>
											
										
									
										
									
										
									
										
									
								
							
								
							
								
							
								
							
						
							
								
							
								
									
										
									
										
											<td class="pass">PASS</td>
											
										
									
										
									
										
									
								
							
								
							
								
							
								
							
						
							
								
							
								
									
										
									
										
									
										
											<td class="pass">PASS</td>
											
										
									
										
									
								
							
								
							
								
							
								
							
						
							
								
							
								
									
										
									
										
									
										
									
										
											<td class="pass">PASS</td>
											
										
									
								
							
								
							
								
							
								
							
						
					</tr>
					
					<tr>
						<td>
							<a href="#arduino%3amegaavr%3anona4809"><b>arduino:megaavr:nona4809</b></a>
							<br />
							<small>1.8.7</small>
						</td>

						
							<td>Yes</td>
							<td class="pass">PASS</td>
						
						
						
						

						
							
								
							
								
							
								
									
										
											<td class="pass">PASS</td>
											
										
									
										
									
										
									
										
									
								
							
								
							
								
							
						
							
								
							
								
							
								
									
										
									
										
											<td class="pass">PASS</td>
											
										
									
										
									
										
									
								
							
								
							
								
							
						
							
								
							
								
							
								
									
										
									
										
									
										
											<td class="pass">PASS</td>
											
										
									
										
									
								
							
								
							
								
							
						
							
								
							
								
							
								
									
										
									
										
									
										
									
										
											<td class="pass">PASS</td>
											
										
									
								
							
								
							
								
							
						
					</tr>
					
					<tr>
						<td>
							<a href="#arduino%3asamd%3amkrwifi1010"><b>arduino:samd:mkrwifi1010</b></a>
							<br />
							<small>1.8.12</small>
						</td>

						
						
						
							<td>Yes ⚠️</td>
							<td class="fail">FAIL</td>
						
						

						
							
								
							
								
							
								
							
								
									
										
											
											<td class="fail">FAIL</td>
										
									
										
									
										
									
										
									
								
							
								
							
						
							
								
							
								
							
								
							
								
									
										
									
										
											
											<td class="fail">FAIL</td>
										
									
										
									
										
									
								
							
								
							
						
							
								
							
								
							
								
							
								
									
										
									
										
									
										
											
											<td class="fail">FAIL</td>
										
									
										
									
								
							
								
							
						
							
								
							
								
							
								
							
								
									
										
									
										
									
										
									
										
											
											<td class="fail">FAIL</td>
										
									
								
							
								
							
						
					</tr>
					
					<tr>
						<td>
							<a href="#esp32%3aesp32%3ad1_mini32"><b>esp32:esp32:d1_mini32</b></a>
							<br />
							<small>1.0.6</small>
						</td>

						
							<td>Yes</td>
							<td class="pass">PASS</td>
						
						
						
						

						
							
								
							
								
							
								
							
								
							
								
									
										
											
											<td class="fail">FAIL</td>
										
									
										
									
										
									
										
									
								
							
						
							
								
							
								
							
								
							
								
							
								
									
										
									
										
											<td class="pass">PASS</td>
											
										
									
										
									
										
									
								
							
						
							
								
							
								
							
								
							
								
							
								
									
										
									
										
									
										
											<td class="pass">PASS</td>
											
										
									
										
									
								
							
						
							
								
							
								
							
								
							
								
							
								
									
										
									
										
									
										
									
										
											<td class="pass">PASS</td>
											
										
									
								
							
						
					</tr>
					
				</table>

				<h2>Compilation logs</h2>
				
				<h3 id="arduino:avr:uno">arduino:avr:uno @ 1.8.4</h3>
				<h4>Inclusion</h4>
				<p>
					Result: <b>PASS</b>
					
				</p>
				<pre class="pre-scrollable">Sketch uses 2444 bytes (7%) of program storage space. Maximum is 32256 bytes.
Global variables use 21 bytes (1%) of dynamic memory, leaving 2027 bytes for local variables. Maximum is 2048 bytes.
</pre>

					
					<h4>examples/array</h4>
					<p>
						Result: <b>PASS</b>
					</p>
					<pre class="pre-scrollable">Sketch uses 4322 bytes (13%) of program storage space. Maximum is 32256 bytes.
Global variables use 1414 bytes (69%) of dynamic memory, leaving 634 bytes for local variables. Maximum is 2048 bytes.
</pre>
					
					<h4>examples/complex</h4>
					<p>
						Result: <b>PASS</b>
					</p>
					<pre class="pre-scrollable">Sketch uses 15778 bytes (48%) of program storage space. Maximum is 32256 bytes.
Global variables use 658 bytes (32%) of dynamic memory, leaving 1390 bytes for local variables. Maximum is 2048 bytes.
</pre>
					
					<h4>examples/const</h4>
					<p>
						Result: <b>PASS</b>
					</p>
					<pre class="pre-scrollable">Sketch uses 3866 bytes (11%) of program storage space. Maximum is 32256 bytes.
Global variables use 352 bytes (17%) of dynamic memory, leaving 1696 bytes for local variables. Maximum is 2048 bytes.
</pre>
					
					<h4>examples/performance</h4>
					<p>
						Result: <b>PASS</b>
					</p>
					<pre class="pre-scrollable">Sketch uses 23188 bytes (71%) of program storage space. Maximum is 32256 bytes.
Global variables use 858 bytes (41%) of dynamic memory, leaving 1190 bytes for local variables. Maximum is 2048 bytes.
</pre>
					
				
				<h3 id="arduino:mbed_nano:nanorp2040connect">arduino:mbed_nano:nanorp2040connect @ 2.7.2</h3>
				<h4>Inclusion</h4>
				<p>
					Result: <b>PASS</b>
					
				</p>
				<pre class="pre-scrollable">Sketch uses 79462 bytes (0%) of program storage space. Maximum is 16777216 bytes.
Global variables use 43460 bytes (16%) of dynamic memory, leaving 226876 bytes for local variables. Maximum is 270336 bytes.
</pre>

					
					<h4>examples/array</h4>
					<p>
						Result: <b>PASS</b>
					</p>
					<pre class="pre-scrollable">Sketch uses 81568 bytes (0%) of program storage space. Maximum is 16777216 bytes.
Global variables use 44736 bytes (16%) of dynamic memory, leaving 225600 bytes for local variables. Maximum is 270336 bytes.
</pre>
					
					<h4>examples/complex</h4>
					<p>
						Result: <b>PASS</b>
					</p>
					<pre class="pre-scrollable">Sketch uses 97042 bytes (0%) of program storage space. Maximum is 16777216 bytes.
Global variables use 43476 bytes (16%) of dynamic memory, leaving 226860 bytes for local variables. Maximum is 270336 bytes.
</pre>
					
					<h4>examples/const</h4>
					<p>
						Result: <b>PASS</b>
					</p>
					<pre class="pre-scrollable">Sketch uses 82188 bytes (0%) of program storage space. Maximum is 16777216 bytes.
Global variables use 43460 bytes (16%) of dynamic memory, leaving 226876 bytes for local variables. Maximum is 270336 bytes.
</pre>
					
					<h4>examples/performance</h4>
					<p>
						Result: <b>PASS</b>
					</p>
					<pre class="pre-scrollable">Sketch uses 99102 bytes (0%) of program storage space. Maximum is 16777216 bytes.
Global variables use 43504 bytes (16%) of dynamic memory, leaving 226832 bytes for local variables. Maximum is 270336 bytes.
</pre>
					
				
				<h3 id="arduino:megaavr:nona4809">arduino:megaavr:nona4809 @ 1.8.7</h3>
				<h4>Inclusion</h4>
				<p>
					Result: <b>PASS</b>
					
				</p>
				<pre class="pre-scrollable">Sketch uses 2508 bytes (5%) of program storage space. Maximum is 49152 bytes.
Global variables use 22 bytes (0%) of dynamic memory, leaving 6122 bytes for local variables. Maximum is 6144 bytes.
</pre>

					
					<h4>examples/array</h4>
					<p>
						Result: <b>PASS</b>
					</p>
					<pre class="pre-scrollable">Sketch uses 5361 bytes (10%) of program storage space. Maximum is 49152 bytes.
Global variables use 1177 bytes (19%) of dynamic memory, leaving 4967 bytes for local variables. Maximum is 6144 bytes.
</pre>
					
					<h4>examples/complex</h4>
					<p>
						Result: <b>PASS</b>
					</p>
					<pre class="pre-scrollable">Sketch uses 16773 bytes (34%) of program storage space. Maximum is 49152 bytes.
Global variables use 197 bytes (3%) of dynamic memory, leaving 5947 bytes for local variables. Maximum is 6144 bytes.
</pre>
					
					<h4>examples/const</h4>
					<p>
						Result: <b>PASS</b>
					</p>
					<pre class="pre-scrollable">Sketch uses 4688 bytes (9%) of program storage space. Maximum is 49152 bytes.
Global variables use 177 bytes (2%) of dynamic memory, leaving 5967 bytes for local variables. Maximum is 6144 bytes.
</pre>
					
					<h4>examples/performance</h4>
					<p>
						Result: <b>PASS</b>
					</p>
					<pre class="pre-scrollable">Sketch uses 24148 bytes (49%) of program storage space. Maximum is 49152 bytes.
Global variables use 207 bytes (3%) of dynamic memory, leaving 5937 bytes for local variables. Maximum is 6144 bytes.
</pre>
					
				
				<h3 id="arduino:samd:mkrwifi1010">arduino:samd:mkrwifi1010 @ 1.8.12</h3>
				<h4>Inclusion</h4>
				<p>
					Result: <b>FAIL</b>
					
				</p>
				<pre class="pre-scrollable">In file included from /private/var/folders/47/_57rjy4111jc7dfpgjmcc93w0000gp/T/arduino-sketch-39CED1D37D4ABDC66FD8157B739E8755/sketch/test.ino.cpp:1:0:
/Users/alranel/Documents/git/arduino/arduino-testlib/cli-datadir/data/packages/arduino/tools/arm-none-eabi-gcc/7-2017q4/arm-none-eabi/include/c&#43;&#43;/7.2.1/complex:69:30: error: expected unqualified-id before &#39;const&#39;
   template&lt;typename _Tp&gt; _Tp abs(const complex&lt;_Tp&gt;&amp;);
                              ^
/Users/alranel/Documents/git/arduino/arduino-testlib/cli-datadir/data/packages/arduino/tools/arm-none-eabi-gcc/7-2017q4/arm-none-eabi/include/c&#43;&#43;/7.2.1/complex:69:30: error: expected &#39;)&#39; before &#39;const&#39;
/Users/alranel/Documents/git/arduino/arduino-testlib/cli-datadir/data/packages/arduino/tools/arm-none-eabi-gcc/7-2017q4/arm-none-eabi/include/c&#43;&#43;/7.2.1/complex:69:30: error: expected &#39;)&#39; before &#39;const&#39;
/Users/alranel/Documents/git/arduino/arduino-testlib/cli-datadir/data/packages/arduino/tools/arm-none-eabi-gcc/7-2017q4/arm-none-eabi/include/c&#43;&#43;/7.2.1/complex:601:5: error: expected unqualified-id before &#39;const&#39;
     abs(const complex&lt;_Tp&gt;&amp; __z) { return __complex_abs(__z); }
     ^
/Users/alranel/Documents/git/arduino/arduino-testlib/cli-datadir/data/packages/arduino/tools/arm-none-eabi-gcc/7-2017q4/arm-none-eabi/include/c&#43;&#43;/7.2.1/complex:601:5: error: expected &#39;)&#39; before &#39;const&#39;
/Users/alranel/Documents/git/arduino/arduino-testlib/cli-datadir/data/packages/arduino/tools/arm-none-eabi-gcc/7-2017q4/arm-none-eabi/include/c&#43;&#43;/7.2.1/complex:601:5: error: expected &#39;)&#39; before &#39;const&#39;
/Users/alranel/Documents/git/arduino/arduino-testlib/cli-datadir/data/packages/arduino/tools/arm-none-eabi-gcc/7-2017q4/arm-none-eabi/include/c&#43;&#43;/7.2.1/complex: In static member function &#39;static _Tp std::_Norm_helper&lt;true&gt;::_S_do_it(const std::complex&lt;_Tp&gt;&amp;)&#39;:
/Users/alranel/Documents/git/arduino/arduino-testlib/cli-datadir/data/packages/arduino/hardware/samd/1.8.12/cores/arduino/Arduino.h:66:16: error: expected unqualified-id before &#39;(&#39; token
 #define abs(x) ((x)&gt;0?(x):-(x))
                ^
In file included from /Users/alranel/Documents/git/arduino/arduino-testlib/cli-datadir/data/packages/arduino/tools/arm-none-eabi-gcc/7-2017q4/arm-none-eabi/include/c&#43;&#43;/7.2.1/ccomplex:39:0,
                 from /Users/alranel/Documents/git/arduino/arduino-testlib/cli-datadir/data/packages/arduino/tools/arm-none-eabi-gcc/7-2017q4/arm-none-eabi/include/c&#43;&#43;/7.2.1/complex.h:32,
                 from /private/tmp/arduino-testlib3399065225/test/test.ino:1:
/Users/alranel/Documents/git/arduino/arduino-testlib/cli-datadir/data/packages/arduino/tools/arm-none-eabi-gcc/7-2017q4/arm-none-eabi/include/c&#43;&#43;/7.2.1/complex: In function &#39;std::complex&lt;_Tp&gt; std::__complex_log(const std::complex&lt;_Tp&gt;&amp;)&#39;:
/Users/alranel/Documents/git/arduino/arduino-testlib/cli-datadir/data/packages/arduino/tools/arm-none-eabi-gcc/7-2017q4/arm-none-eabi/include/c&#43;&#43;/7.2.1/complex:773:26: error: expected primary-expression before &#39;(&#39; token
     { return complex&lt;_Tp&gt;(log(std::abs(__z)), std::arg(__z)); }
                          ^
In file included from /private/var/folders/47/_57rjy4111jc7dfpgjmcc93w0000gp/T/arduino-sketch-39CED1D37D4ABDC66FD8157B739E8755/sketch/test.ino.cpp:1:0:
/Users/alranel/Documents/git/arduino/arduino-testlib/cli-datadir/data/packages/arduino/hardware/samd/1.8.12/cores/arduino/Arduino.h:66:16: error: expected unqualified-id before &#39;(&#39; token
 #define abs(x) ((x)&gt;0?(x):-(x))
                ^
/Users/alranel/Documents/git/arduino/arduino-testlib/cli-datadir/data/packages/arduino/tools/arm-none-eabi-gcc/7-2017q4/arm-none-eabi/include/c&#43;&#43;/7.2.1/complex: In function &#39;std::complex&lt;_Tp&gt; std::__complex_sqrt(const std::complex&lt;_Tp&gt;&amp;)&#39;:
/Users/alranel/Documents/git/arduino/arduino-testlib/cli-datadir/data/packages/arduino/hardware/samd/1.8.12/cores/arduino/Arduino.h:66:16: error: expected unqualified-id before &#39;(&#39; token
 #define abs(x) ((x)&gt;0?(x):-(x))
                ^
/Users/alranel/Documents/git/arduino/arduino-testlib/cli-datadir/data/packages/arduino/tools/arm-none-eabi-gcc/7-2017q4/arm-none-eabi/include/c&#43;&#43;/7.2.1/complex: In function &#39;_Tp std::fabs(const std::complex&lt;_Tp&gt;&amp;)&#39;:
/Users/alranel/Documents/git/arduino/arduino-testlib/cli-datadir/data/packages/arduino/hardware/samd/1.8.12/cores/arduino/Arduino.h:66:16: error: expected unqualified-id before &#39;(&#39; token
 #define abs(x) ((x)&gt;0?(x):-(x))
                ^

</pre>

					
					<h4>examples/array</h4>
					<p>
						Result: <b>FAIL</b>
					</p>
					<pre class="pre-scrollable">In file included from /private/var/folders/47/_57rjy4111jc7dfpgjmcc93w0000gp/T/arduino-sketch-C5C4225A7E41AA496EEDD5E2BB746C3A/sketch/array.ino.cpp:1:0:
/Users/alranel/Documents/git/arduino/arduino-testlib/cli-datadir/data/packages/arduino/tools/arm-none-eabi-gcc/7-2017q4/arm-none-eabi/include/c&#43;&#43;/7.2.1/complex:69:30: error: expected unqualified-id before &#39;const&#39;
   template&lt;typename _Tp&gt; _Tp abs(const complex&lt;_Tp&gt;&amp;);
                              ^
/Users/alranel/Documents/git/arduino/arduino-testlib/cli-datadir/data/packages/arduino/tools/arm-none-eabi-gcc/7-2017q4/arm-none-eabi/include/c&#43;&#43;/7.2.1/complex:69:30: error: expected &#39;)&#39; before &#39;const&#39;
/Users/alranel/Documents/git/arduino/arduino-testlib/cli-datadir/data/packages/arduino/tools/arm-none-eabi-gcc/7-2017q4/arm-none-eabi/include/c&#43;&#43;/7.2.1/complex:69:30: error: expected &#39;)&#39; before &#39;const&#39;
/Users/alranel/Documents/git/arduino/arduino-testlib/cli-datadir/data/packages/arduino/tools/arm-none-eabi-gcc/7-2017q4/arm-none-eabi/include/c&#43;&#43;/7.2.1/complex:601:5: error: expected unqualified-id before &#39;const&#39;
     abs(const complex&lt;_Tp&gt;&amp; __z) { return __complex_abs(__z); }
     ^
/Users/alranel/Documents/git/arduino/arduino-testlib/cli-datadir/data/packages/arduino/tools/arm-none-eabi-gcc/7-2017q4/arm-none-eabi/include/c&#43;&#43;/7.2.1/complex:601:5: error: expected &#39;)&#39; before &#39;const&#39;
/Users/alranel/Documents/git/arduino/arduino-testlib/cli-datadir/data/packages/arduino/tools/arm-none-eabi-gcc/7-2017q4/arm-none-eabi/include/c&#43;&#43;/7.2.1/complex:601:5: error: expected &#39;)&#39; before &#39;const&#39;
/Users/alranel/Documents/git/arduino/arduino-testlib/cli-datadir/data/packages/arduino/tools/arm-none-eabi-gcc/7-2017q4/arm-none-eabi/include/c&#43;&#43;/7.2.1/complex: In static member function &#39;static _Tp std::_Norm_helper&lt;true&gt;::_S_do_it(const std::complex&lt;_Tp&gt;&amp;)&#39;:
/Users/alranel/Documents/git/arduino/arduino-testlib/cli-datadir/data/packages/arduino/hardware/samd/1.8.12/cores/arduino/Arduino.h:66:16: error: expected unqualified-id before &#39;(&#39; token
 #define abs(x) ((x)&gt;0?(x):-(x))
                ^
In file included from /Users/alranel/Documents/git/arduino/arduino-testlib/cli-datadir/data/packages/arduino/tools/arm-none-eabi-gcc/7-2017q4/arm-none-eabi/include/c&#43;&#43;/7.2.1/ccomplex:39:0,
                 from /Users/alranel/Documents/git/arduino/arduino-testlib/cli-datadir/data/packages/arduino/tools/arm-none-eabi-gcc/7-2017q4/arm-none-eabi/include/c&#43;&#43;/7.2.1/complex.h:32,
                 from /Users/alranel/Documents/git/arduino/arduino-testlib/cli-datadir/user/libraries/Complex/examples/array/array.ino:11:
/Users/alranel/Documents/git/arduino/arduino-testlib/cli-datadir/data/packages/arduino/tools/arm-none-eabi-gcc/7-2017q4/arm-none-eabi/include/c&#43;&#43;/7.2.1/complex: In function &#39;std::complex&lt;_Tp&gt; std::__complex_log(const std::complex&lt;_Tp&gt;&amp;)&#39;:
/Users/alranel/Documents/git/arduino/arduino-testlib/cli-datadir/data/packages/arduino/tools/arm-none-eabi-gcc/7-2017q4/arm-none-eabi/include/c&#43;&#43;/7.2.1/complex:773:26: error: expected primary-expression before &#39;(&#39; token
     { return complex&lt;_Tp&gt;(log(std::abs(__z)), std::arg(__z)); }
                          ^
In file included from /private/var/folders/47/_57rjy4111jc7dfpgjmcc93w0000gp/T/arduino-sketch-C5C4225A7E41AA496EEDD5E2BB746C3A/sketch/array.ino.cpp:1:0:
/Users/alranel/Documents/git/arduino/arduino-testlib/cli-datadir/data/packages/arduino/hardware/samd/1.8.12/cores/arduino/Arduino.h:66:16: error: expected unqualified-id before &#39;(&#39; token
 #define abs(x) ((x)&gt;0?(x):-(x))
                ^
/Users/alranel/Documents/git/arduino/arduino-testlib/cli-datadir/data/packages/arduino/tools/arm-none-eabi-gcc/7-2017q4/arm-none-eabi/include/c&#43;&#43;/7.2.1/complex: In function &#39;std::complex&lt;_Tp&gt; std::__complex_sqrt(const std::complex&lt;_Tp&gt;&amp;)&#39;:
/Users/alranel/Documents/git/arduino/arduino-testlib/cli-datadir/data/packages/arduino/hardware/samd/1.8.12/cores/arduino/Arduino.h:66:16: error: expected unqualified-id before &#39;(&#39; token
 #define abs(x) ((x)&gt;0?(x):-(x))
                ^
/Users/alranel/Documents/git/arduino/arduino-testlib/cli-datadir/data/packages/arduino/tools/arm-none-eabi-gcc/7-2017q4/arm-none-eabi/include/c&#43;&#43;/7.2.1/complex: In function &#39;_Tp std::fabs(const std::complex&lt;_Tp&gt;&amp;)&#39;:
/Users/alranel/Documents/git/arduino/arduino-testlib/cli-datadir/data/packages/arduino/hardware/samd/1.8.12/cores/arduino/Arduino.h:66:16: error: expected unqualified-id before &#39;(&#39; token
 #define abs(x) ((x)&gt;0?(x):-(x))
                ^
/Users/alranel/Documents/git/arduino/arduino-testlib/cli-datadir/user/libraries/Complex/examples/array/array.ino: At global scope:
/Users/alranel/Documents/git/arduino/arduino-testlib/cli-datadir/user/libraries/Complex/examples/array/array.ino:13:1: error: &#39;Complex&#39; does not name a type; did you mean &#39;_Complex_I&#39;?
 Complex samples[100];
 ^~~~~~~
 _Complex_I
/Users/alranel/Documents/git/arduino/arduino-testlib/cli-datadir/user/libraries/Complex/examples/array/array.ino: In function &#39;void setup()&#39;:
/Users/alranel/Documents/git/arduino/arduino-testlib/cli-datadir/user/libraries/Complex/examples/array/array.ino:21:18: error: &#39;COMPLEX_LIB_VERSION&#39; was not declared in this scope
   Serial.println(COMPLEX_LIB_VERSION);
                  ^~~~~~~~~~~~~~~~~~~
/Users/alranel/Documents/git/arduino/arduino-testlib/cli-datadir/user/libraries/Complex/examples/array/array.ino:21:18: note: suggested alternative: &#39;_LIB_VERSION&#39;
   Serial.println(COMPLEX_LIB_VERSION);
                  ^~~~~~~~~~~~~~~~~~~
                  _LIB_VERSION
/Users/alranel/Documents/git/arduino/arduino-testlib/cli-datadir/user/libraries/Complex/examples/array/array.ino:28:5: error: &#39;samples&#39; was not declared in this scope
     samples[i].set(re, im);
     ^~~~~~~
/Users/alranel/Documents/git/arduino/arduino-testlib/cli-datadir/user/libraries/Complex/examples/array/array.ino:35:18: error: &#39;samples&#39; was not declared in this scope
     Serial.print(samples[i]);
                  ^~~~~~~
/Users/alranel/Documents/git/arduino/arduino-testlib/cli-datadir/user/libraries/Complex/examples/array/array.ino:41:3: error: &#39;Complex&#39; was not declared in this scope
   Complex sum;
   ^~~~~~~
/Users/alranel/Documents/git/arduino/arduino-testlib/cli-datadir/user/libraries/Complex/examples/array/array.ino:41:3: note: suggested alternative: &#39;_Complex_I&#39;
   Complex sum;
   ^~~~~~~
   _Complex_I
/Users/alranel/Documents/git/arduino/arduino-testlib/cli-datadir/user/libraries/Complex/examples/array/array.ino:44:5: error: &#39;sum&#39; was not declared in this scope
     sum &#43;= samples[i];
     ^~~
/Users/alranel/Documents/git/arduino/arduino-testlib/cli-datadir/user/libraries/Complex/examples/array/array.ino:44:12: error: &#39;samples&#39; was not declared in this scope
     sum &#43;= samples[i];
            ^~~~~~~
/Users/alranel/Documents/git/arduino/arduino-testlib/cli-datadir/user/libraries/Complex/examples/array/array.ino:46:18: error: &#39;sum&#39; was not declared in this scope
   Serial.println(sum);
                  ^~~

</pre>
					
					<h4>examples/complex</h4>
					<p>
						Result: <b>FAIL</b>
					</p>
					<pre class="pre-scrollable">In file included from /private/var/folders/47/_57rjy4111jc7dfpgjmcc93w0000gp/T/arduino-sketch-1D402F08DB84AE2904C6DD26C27F4EA4/sketch/complex.ino.cpp:1:0:
/Users/alranel/Documents/git/arduino/arduino-testlib/cli-datadir/data/packages/arduino/tools/arm-none-eabi-gcc/7-2017q4/arm-none-eabi/include/c&#43;&#43;/7.2.1/complex:69:30: error: expected unqualified-id before &#39;const&#39;
   template&lt;typename _Tp&gt; _Tp abs(const complex&lt;_Tp&gt;&amp;);
                              ^
/Users/alranel/Documents/git/arduino/arduino-testlib/cli-datadir/data/packages/arduino/tools/arm-none-eabi-gcc/7-2017q4/arm-none-eabi/include/c&#43;&#43;/7.2.1/complex:69:30: error: expected &#39;)&#39; before &#39;const&#39;
/Users/alranel/Documents/git/arduino/arduino-testlib/cli-datadir/data/packages/arduino/tools/arm-none-eabi-gcc/7-2017q4/arm-none-eabi/include/c&#43;&#43;/7.2.1/complex:69:30: error: expected &#39;)&#39; before &#39;const&#39;
/Users/alranel/Documents/git/arduino/arduino-testlib/cli-datadir/data/packages/arduino/tools/arm-none-eabi-gcc/7-2017q4/arm-none-eabi/include/c&#43;&#43;/7.2.1/complex:601:5: error: expected unqualified-id before &#39;const&#39;
     abs(const complex&lt;_Tp&gt;&amp; __z) { return __complex_abs(__z); }
     ^
/Users/alranel/Documents/git/arduino/arduino-testlib/cli-datadir/data/packages/arduino/tools/arm-none-eabi-gcc/7-2017q4/arm-none-eabi/include/c&#43;&#43;/7.2.1/complex:601:5: error: expected &#39;)&#39; before &#39;const&#39;
/Users/alranel/Documents/git/arduino/arduino-testlib/cli-datadir/data/packages/arduino/tools/arm-none-eabi-gcc/7-2017q4/arm-none-eabi/include/c&#43;&#43;/7.2.1/complex:601:5: error: expected &#39;)&#39; before &#39;const&#39;
/Users/alranel/Documents/git/arduino/arduino-testlib/cli-datadir/data/packages/arduino/tools/arm-none-eabi-gcc/7-2017q4/arm-none-eabi/include/c&#43;&#43;/7.2.1/complex: In static member function &#39;static _Tp std::_Norm_helper&lt;true&gt;::_S_do_it(const std::complex&lt;_Tp&gt;&amp;)&#39;:
/Users/alranel/Documents/git/arduino/arduino-testlib/cli-datadir/data/packages/arduino/hardware/samd/1.8.12/cores/arduino/Arduino.h:66:16: error: expected unqualified-id before &#39;(&#39; token
 #define abs(x) ((x)&gt;0?(x):-(x))
                ^
In file included from /Users/alranel/Documents/git/arduino/arduino-testlib/cli-datadir/data/packages/arduino/tools/arm-none-eabi-gcc/7-2017q4/arm-none-eabi/include/c&#43;&#43;/7.2.1/ccomplex:39:0,
                 from /Users/alranel/Documents/git/arduino/arduino-testlib/cli-datadir/data/packages/arduino/tools/arm-none-eabi-gcc/7-2017q4/arm-none-eabi/include/c&#43;&#43;/7.2.1/complex.h:32,
                 from /Users/alranel/Documents/git/arduino/arduino-testlib/cli-datadir/user/libraries/Complex/examples/complex/complex.ino:11:
/Users/alranel/Documents/git/arduino/arduino-testlib/cli-datadir/data/packages/arduino/tools/arm-none-eabi-gcc/7-2017q4/arm-none-eabi/include/c&#43;&#43;/7.2.1/complex: In function &#39;std::complex&lt;_Tp&gt; std::__complex_log(const std::complex&lt;_Tp&gt;&amp;)&#39;:
/Users/alranel/Documents/git/arduino/arduino-testlib/cli-datadir/data/packages/arduino/tools/arm-none-eabi-gcc/7-2017q4/arm-none-eabi/include/c&#43;&#43;/7.2.1/complex:773:26: error: expected primary-expression before &#39;(&#39; token
     { return complex&lt;_Tp&gt;(log(std::abs(__z)), std::arg(__z)); }
                          ^
In file included from /private/var/folders/47/_57rjy4111jc7dfpgjmcc93w0000gp/T/arduino-sketch-1D402F08DB84AE2904C6DD26C27F4EA4/sketch/complex.ino.cpp:1:0:
/Users/alranel/Documents/git/arduino/arduino-testlib/cli-datadir/data/packages/arduino/hardware/samd/1.8.12/cores/arduino/Arduino.h:66:16: error: expected unqualified-id before &#39;(&#39; token
 #define abs(x) ((x)&gt;0?(x):-(x))
                ^
/Users/alranel/Documents/git/arduino/arduino-testlib/cli-datadir/data/packages/arduino/tools/arm-none-eabi-gcc/7-2017q4/arm-none-eabi/include/c&#43;&#43;/7.2.1/complex: In function &#39;std::complex&lt;_Tp&gt; std::__complex_sqrt(const std::complex&lt;_Tp&gt;&amp;)&#39;:
/Users/alranel/Documents/git/arduino/arduino-testlib/cli-datadir/data/packages/arduino/hardware/samd/1.8.12/cores/arduino/Arduino.h:66:16: error: expected unqualified-id before &#39;(&#39; token
 #define abs(x) ((x)&gt;0?(x):-(x))
                ^
/Users/alranel/Documents/git/arduino/arduino-testlib/cli-datadir/data/packages/arduino/tools/arm-none-eabi-gcc/7-2017q4/arm-none-eabi/include/c&#43;&#43;/7.2.1/complex: In function &#39;_Tp std::fabs(const std::complex&lt;_Tp&gt;&amp;)&#39;:
/Users/alranel/Documents/git/arduino/arduino-testlib/cli-datadir/data/packages/arduino/hardware/samd/1.8.12/cores/arduino/Arduino.h:66:16: error: expected unqualified-id before &#39;(&#39; token
 #define abs(x) ((x)&gt;0?(x):-(x))
                ^
/Users/alranel/Documents/git/arduino/arduino-testlib/cli-datadir/user/libraries/Complex/examples/complex/complex.ino: In function &#39;void setup()&#39;:
/Users/alranel/Documents/git/arduino/arduino-testlib/cli-datadir/user/libraries/Complex/examples/complex/complex.ino:18:18: error: &#39;COMPLEX_LIB_VERSION&#39; was not declared in this scope
   Serial.println(COMPLEX_LIB_VERSION);
                  ^~~~~~~~~~~~~~~~~~~
/Users/alranel/Documents/git/arduino/arduino-testlib/cli-datadir/user/libraries/Complex/examples/complex/complex.ino:18:18: note: suggested alternative: &#39;_LIB_VERSION&#39;
   Serial.println(COMPLEX_LIB_VERSION);
                  ^~~~~~~~~~~~~~~~~~~
                  _LIB_VERSION
/Users/alranel/Documents/git/arduino/arduino-testlib/cli-datadir/user/libraries/Complex/examples/complex/complex.ino:21:3: error: &#39;Complex&#39; was not declared in this scope
   Complex c1(10.0, -2.0);
   ^~~~~~~
/Users/alranel/Documents/git/arduino/arduino-testlib/cli-datadir/user/libraries/Complex/examples/complex/complex.ino:21:3: note: suggested alternative: &#39;_Complex_I&#39;
   Complex c1(10.0, -2.0);
   ^~~~~~~
   _Complex_I
/Users/alranel/Documents/git/arduino/arduino-testlib/cli-datadir/user/libraries/Complex/examples/complex/complex.ino:22:11: error: expected &#39;;&#39; before &#39;c2&#39;
   Complex c2(3, 0);
           ^~
/Users/alranel/Documents/git/arduino/arduino-testlib/cli-datadir/user/libraries/Complex/examples/complex/complex.ino:23:11: error: expected &#39;;&#39; before &#39;c3&#39;
   Complex c3(-10, 4);
           ^~
/Users/alranel/Documents/git/arduino/arduino-testlib/cli-datadir/user/libraries/Complex/examples/complex/complex.ino:24:11: error: expected &#39;;&#39; before &#39;c4&#39;
   Complex c4(-5,-5);
           ^~
/Users/alranel/Documents/git/arduino/arduino-testlib/cli-datadir/user/libraries/Complex/examples/complex/complex.ino:25:11: error: expected &#39;;&#39; before &#39;c5&#39;
   Complex c5(0, 0);
           ^~
/Users/alranel/Documents/git/arduino/arduino-testlib/cli-datadir/user/libraries/Complex/examples/complex/complex.ino:27:18: error: &#39;one&#39; was not declared in this scope
   Serial.println(one);
                  ^~~
/Users/alranel/Documents/git/arduino/arduino-testlib/cli-datadir/user/libraries/Complex/examples/complex/complex.ino:27:18: note: suggested alternative: &#39;tone&#39;
   Serial.println(one);
                  ^~~
                  tone
/Users/alranel/Documents/git/arduino/arduino-testlib/cli-datadir/user/libraries/Complex/examples/complex/complex.ino:28:18: error: &#39;c1&#39; was not declared in this scope
   Serial.println(c1);
                  ^~
/Users/alranel/Documents/git/arduino/arduino-testlib/cli-datadir/user/libraries/Complex/examples/complex/complex.ino:28:18: note: suggested alternative: &#39;A1&#39;
   Serial.println(c1);
                  ^~
                  A1
/Users/alranel/Documents/git/arduino/arduino-testlib/cli-datadir/user/libraries/Complex/examples/complex/complex.ino:29:18: error: &#39;c2&#39; was not declared in this scope
   Serial.println(c2);
                  ^~
/Users/alranel/Documents/git/arduino/arduino-testlib/cli-datadir/user/libraries/Complex/examples/complex/complex.ino:29:18: note: suggested alternative: &#39;A2&#39;
   Serial.println(c2);
                  ^~
                  A2
/Users/alranel/Documents/git/arduino/arduino-testlib/cli-datadir/user/libraries/Complex/examples/complex/complex.ino:30:18: error: &#39;c3&#39; was not declared in this scope
   Serial.println(c3);
                  ^~
/Users/alranel/Documents/git/arduino/arduino-testlib/cli-datadir/user/libraries/Complex/examples/complex/complex.ino:30:18: note: suggested alternative: &#39;A3&#39;
   Serial.println(c3);
                  ^~
                  A3
/Users/alranel/Documents/git/arduino/arduino-testlib/cli-datadir/user/libraries/Complex/examples/complex/complex.ino:31:18: error: &#39;c4&#39; was not declared in this scope
   Serial.println(c4);
                  ^~
/Users/alranel/Documents/git/arduino/arduino-testlib/cli-datadir/user/libraries/Complex/examples/complex/complex.ino:31:18: note: suggested alternative: &#39;A4&#39;
   Serial.println(c4);
                  ^~
                  A4
/Users/alranel/Documents/git/arduino/arduino-testlib/cli-datadir/user/libraries/Complex/examples/complex/complex.ino:38:3: error: &#39;c5&#39; was not declared in this scope
   c5 = c1;
   ^~
/Users/alranel/Documents/git/arduino/arduino-testlib/cli-datadir/user/libraries/Complex/examples/complex/complex.ino:38:3: note: suggested alternative: &#39;A5&#39;
   c5 = c1;
   ^~
   A5

</pre>
					
					<h4>examples/const</h4>
					<p>
						Result: <b>FAIL</b>
					</p>
					<pre class="pre-scrollable">In file included from /private/var/folders/47/_57rjy4111jc7dfpgjmcc93w0000gp/T/arduino-sketch-DECC74F0DDE60E9D4BD661A0412D153A/sketch/const.ino.cpp:1:0:
/Users/alranel/Documents/git/arduino/arduino-testlib/cli-datadir/data/packages/arduino/tools/arm-none-eabi-gcc/7-2017q4/arm-none-eabi/include/c&#43;&#43;/7.2.1/complex:69:30: error: expected unqualified-id before &#39;const&#39;
   template&lt;typename _Tp&gt; _Tp abs(const complex&lt;_Tp&gt;&amp;);
                              ^
/Users/alranel/Documents/git/arduino/arduino-testlib/cli-datadir/data/packages/arduino/tools/arm-none-eabi-gcc/7-2017q4/arm-none-eabi/include/c&#43;&#43;/7.2.1/complex:69:30: error: expected &#39;)&#39; before &#39;const&#39;
/Users/alranel/Documents/git/arduino/arduino-testlib/cli-datadir/data/packages/arduino/tools/arm-none-eabi-gcc/7-2017q4/arm-none-eabi/include/c&#43;&#43;/7.2.1/complex:69:30: error: expected &#39;)&#39; before &#39;const&#39;
/Users/alranel/Documents/git/arduino/arduino-testlib/cli-datadir/data/packages/arduino/tools/arm-none-eabi-gcc/7-2017q4/arm-none-eabi/include/c&#43;&#43;/7.2.1/complex:601:5: error: expected unqualified-id before &#39;const&#39;
     abs(const complex&lt;_Tp&gt;&amp; __z) { return __complex_abs(__z); }
     ^
/Users/alranel/Documents/git/arduino/arduino-testlib/cli-datadir/data/packages/arduino/tools/arm-none-eabi-gcc/7-2017q4/arm-none-eabi/include/c&#43;&#43;/7.2.1/complex:601:5: error: expected &#39;)&#39; before &#39;const&#39;
/Users/alranel/Documents/git/arduino/arduino-testlib/cli-datadir/data/packages/arduino/tools/arm-none-eabi-gcc/7-2017q4/arm-none-eabi/include/c&#43;&#43;/7.2.1/complex:601:5: error: expected &#39;)&#39; before &#39;const&#39;
/Users/alranel/Documents/git/arduino/arduino-testlib/cli-datadir/data/packages/arduino/tools/arm-none-eabi-gcc/7-2017q4/arm-none-eabi/include/c&#43;&#43;/7.2.1/complex: In static member function &#39;static _Tp std::_Norm_helper&lt;true&gt;::_S_do_it(const std::complex&lt;_Tp&gt;&amp;)&#39;:
/Users/alranel/Documents/git/arduino/arduino-testlib/cli-datadir/data/packages/arduino/hardware/samd/1.8.12/cores/arduino/Arduino.h:66:16: error: expected unqualified-id before &#39;(&#39; token
 #define abs(x) ((x)&gt;0?(x):-(x))
                ^
In file included from /Users/alranel/Documents/git/arduino/arduino-testlib/cli-datadir/data/packages/arduino/tools/arm-none-eabi-gcc/7-2017q4/arm-none-eabi/include/c&#43;&#43;/7.2.1/ccomplex:39:0,
                 from /Users/alranel/Documents/git/arduino/arduino-testlib/cli-datadir/data/packages/arduino/tools/arm-none-eabi-gcc/7-2017q4/arm-none-eabi/include/c&#43;&#43;/7.2.1/complex.h:32,
                 from /Users/alranel/Documents/git/arduino/arduino-testlib/cli-datadir/user/libraries/Complex/examples/const/const.ino:10:
/Users/alranel/Documents/git/arduino/arduino-testlib/cli-datadir/data/packages/arduino/tools/arm-none-eabi-gcc/7-2017q4/arm-none-eabi/include/c&#43;&#43;/7.2.1/complex: In function &#39;std::complex&lt;_Tp&gt; std::__complex_log(const std::complex&lt;_Tp&gt;&amp;)&#39;:
/Users/alranel/Documents/git/arduino/arduino-testlib/cli-datadir/data/packages/arduino/tools/arm-none-eabi-gcc/7-2017q4/arm-none-eabi/include/c&#43;&#43;/7.2.1/complex:773:26: error: expected primary-expression before &#39;(&#39; token
     { return complex&lt;_Tp&gt;(log(std::abs(__z)), std::arg(__z)); }
                          ^
In file included from /private/var/folders/47/_57rjy4111jc7dfpgjmcc93w0000gp/T/arduino-sketch-DECC74F0DDE60E9D4BD661A0412D153A/sketch/const.ino.cpp:1:0:
/Users/alranel/Documents/git/arduino/arduino-testlib/cli-datadir/data/packages/arduino/hardware/samd/1.8.12/cores/arduino/Arduino.h:66:16: error: expected unqualified-id before &#39;(&#39; token
 #define abs(x) ((x)&gt;0?(x):-(x))
                ^
/Users/alranel/Documents/git/arduino/arduino-testlib/cli-datadir/data/packages/arduino/tools/arm-none-eabi-gcc/7-2017q4/arm-none-eabi/include/c&#43;&#43;/7.2.1/complex: In function &#39;std::complex&lt;_Tp&gt; std::__complex_sqrt(const std::complex&lt;_Tp&gt;&amp;)&#39;:
/Users/alranel/Documents/git/arduino/arduino-testlib/cli-datadir/data/packages/arduino/hardware/samd/1.8.12/cores/arduino/Arduino.h:66:16: error: expected unqualified-id before &#39;(&#39; token
 #define abs(x) ((x)&gt;0?(x):-(x))
                ^
/Users/alranel/Documents/git/arduino/arduino-testlib/cli-datadir/data/packages/arduino/tools/arm-none-eabi-gcc/7-2017q4/arm-none-eabi/include/c&#43;&#43;/7.2.1/complex: In function &#39;_Tp std::fabs(const std::complex&lt;_Tp&gt;&amp;)&#39;:
/Users/alranel/Documents/git/arduino/arduino-testlib/cli-datadir/data/packages/arduino/hardware/samd/1.8.12/cores/arduino/Arduino.h:66:16: error: expected unqualified-id before &#39;(&#39; token
 #define abs(x) ((x)&gt;0?(x):-(x))
                ^
/Users/alranel/Documents/git/arduino/arduino-testlib/cli-datadir/user/libraries/Complex/examples/const/const.ino: In function &#39;void setup()&#39;:
/Users/alranel/Documents/git/arduino/arduino-testlib/cli-datadir/user/libraries/Complex/examples/const/const.ino:18:18: error: &#39;COMPLEX_LIB_VERSION&#39; was not declared in this scope
   Serial.println(COMPLEX_LIB_VERSION);
                  ^~~~~~~~~~~~~~~~~~~
/Users/alranel/Documents/git/arduino/arduino-testlib/cli-datadir/user/libraries/Complex/examples/const/const.ino:18:18: note: suggested alternative: &#39;_LIB_VERSION&#39;
   Serial.println(COMPLEX_LIB_VERSION);
                  ^~~~~~~~~~~~~~~~~~~
                  _LIB_VERSION
/Users/alranel/Documents/git/arduino/arduino-testlib/cli-datadir/user/libraries/Complex/examples/const/const.ino:20:9: error: &#39;Complex&#39; does not name a type; did you mean &#39;_Complex_I&#39;?
   const Complex unity(1, 0);
         ^~~~~~~
         _Complex_I
/Users/alranel/Documents/git/arduino/arduino-testlib/cli-datadir/user/libraries/Complex/examples/const/const.ino:21:3: error: &#39;Complex&#39; was not declared in this scope
   Complex a(1,1);
   ^~~~~~~
/Users/alranel/Documents/git/arduino/arduino-testlib/cli-datadir/user/libraries/Complex/examples/const/const.ino:21:3: note: suggested alternative: &#39;_Complex_I&#39;
   Complex a(1,1);
   ^~~~~~~
   _Complex_I
/Users/alranel/Documents/git/arduino/arduino-testlib/cli-datadir/user/libraries/Complex/examples/const/const.ino:22:11: error: expected &#39;;&#39; before &#39;b&#39;
   Complex b(2,2);
           ^
/Users/alranel/Documents/git/arduino/arduino-testlib/cli-datadir/user/libraries/Complex/examples/const/const.ino:23:11: error: expected &#39;;&#39; before &#39;c&#39;
   Complex c = unity * a &#43; b;
           ^
/Users/alranel/Documents/git/arduino/arduino-testlib/cli-datadir/user/libraries/Complex/examples/const/const.ino:25:18: error: &#39;a&#39; was not declared in this scope
   Serial.println(a);
                  ^
/Users/alranel/Documents/git/arduino/arduino-testlib/cli-datadir/user/libraries/Complex/examples/const/const.ino:26:18: error: &#39;b&#39; was not declared in this scope
   Serial.println(b);
                  ^
/Users/alranel/Documents/git/arduino/arduino-testlib/cli-datadir/user/libraries/Complex/examples/const/const.ino:27:18: error: &#39;c&#39; was not declared in this scope
   Serial.println(c);
                  ^
/Users/alranel/Documents/git/arduino/arduino-testlib/cli-datadir/user/libraries/Complex/examples/const/const.ino:27:18: note: suggested alternative: &#39;Tc&#39;
   Serial.println(c);
                  ^
                  Tc
/Users/alranel/Documents/git/arduino/arduino-testlib/cli-datadir/user/libraries/Complex/examples/const/const.ino:29:9: error: &#39;Complex&#39; does not name a type; did you mean &#39;_Complex_I&#39;?
   const Complex d(1,1);
         ^~~~~~~
         _Complex_I
/Users/alranel/Documents/git/arduino/arduino-testlib/cli-datadir/user/libraries/Complex/examples/const/const.ino:33:18: error: &#39;d&#39; was not declared in this scope
   Serial.println(d);
                  ^

</pre>
					
					<h4>examples/performance</h4>
					<p>
						Result: <b>FAIL</b>
					</p>
					<pre class="pre-scrollable">In file included from /private/var/folders/47/_57rjy4111jc7dfpgjmcc93w0000gp/T/arduino-sketch-5B07AAA339DB40B0DDBEEF6019694CA2/sketch/performance.ino.cpp:1:0:
/Users/alranel/Documents/git/arduino/arduino-testlib/cli-datadir/data/packages/arduino/tools/arm-none-eabi-gcc/7-2017q4/arm-none-eabi/include/c&#43;&#43;/7.2.1/complex:69:30: error: expected unqualified-id before &#39;const&#39;
   template&lt;typename _Tp&gt; _Tp abs(const complex&lt;_Tp&gt;&amp;);
                              ^
/Users/alranel/Documents/git/arduino/arduino-testlib/cli-datadir/data/packages/arduino/tools/arm-none-eabi-gcc/7-2017q4/arm-none-eabi/include/c&#43;&#43;/7.2.1/complex:69:30: error: expected &#39;)&#39; before &#39;const&#39;
/Users/alranel/Documents/git/arduino/arduino-testlib/cli-datadir/data/packages/arduino/tools/arm-none-eabi-gcc/7-2017q4/arm-none-eabi/include/c&#43;&#43;/7.2.1/complex:69:30: error: expected &#39;)&#39; before &#39;const&#39;
/Users/alranel/Documents/git/arduino/arduino-testlib/cli-datadir/data/packages/arduino/tools/arm-none-eabi-gcc/7-2017q4/arm-none-eabi/include/c&#43;&#43;/7.2.1/complex:601:5: error: expected unqualified-id before &#39;const&#39;
     abs(const complex&lt;_Tp&gt;&amp; __z) { return __complex_abs(__z); }
     ^
/Users/alranel/Documents/git/arduino/arduino-testlib/cli-datadir/data/packages/arduino/tools/arm-none-eabi-gcc/7-2017q4/arm-none-eabi/include/c&#43;&#43;/7.2.1/complex:601:5: error: expected &#39;)&#39; before &#39;const&#39;
/Users/alranel/Documents/git/arduino/arduino-testlib/cli-datadir/data/packages/arduino/tools/arm-none-eabi-gcc/7-2017q4/arm-none-eabi/include/c&#43;&#43;/7.2.1/complex:601:5: error: expected &#39;)&#39; before &#39;const&#39;
/Users/alranel/Documents/git/arduino/arduino-testlib/cli-datadir/data/packages/arduino/tools/arm-none-eabi-gcc/7-2017q4/arm-none-eabi/include/c&#43;&#43;/7.2.1/complex: In static member function &#39;static _Tp std::_Norm_helper&lt;true&gt;::_S_do_it(const std::complex&lt;_Tp&gt;&amp;)&#39;:
/Users/alranel/Documents/git/arduino/arduino-testlib/cli-datadir/data/packages/arduino/hardware/samd/1.8.12/cores/arduino/Arduino.h:66:16: error: expected unqualified-id before &#39;(&#39; token
 #define abs(x) ((x)&gt;0?(x):-(x))
                ^
In file included from /Users/alranel/Documents/git/arduino/arduino-testlib/cli-datadir/data/packages/arduino/tools/arm-none-eabi-gcc/7-2017q4/arm-none-eabi/include/c&#43;&#43;/7.2.1/ccomplex:39:0,
                 from /Users/alranel/Documents/git/arduino/arduino-testlib/cli-datadir/data/packages/arduino/tools/arm-none-eabi-gcc/7-2017q4/arm-none-eabi/include/c&#43;&#43;/7.2.1/complex.h:32,
                 from /Users/alranel/Documents/git/arduino/arduino-testlib/cli-datadir/user/libraries/Complex/examples/performance/performance.ino:11:
/Users/alranel/Documents/git/arduino/arduino-testlib/cli-datadir/data/packages/arduino/tools/arm-none-eabi-gcc/7-2017q4/arm-none-eabi/include/c&#43;&#43;/7.2.1/complex: In function &#39;std::complex&lt;_Tp&gt; std::__complex_log(const std::complex&lt;_Tp&gt;&amp;)&#39;:
/Users/alranel/Documents/git/arduino/arduino-testlib/cli-datadir/data/packages/arduino/tools/arm-none-eabi-gcc/7-2017q4/arm-none-eabi/include/c&#43;&#43;/7.2.1/complex:773:26: error: expected primary-expression before &#39;(&#39; token
     { return complex&lt;_Tp&gt;(log(std::abs(__z)), std::arg(__z)); }
                          ^
In file included from /private/var/folders/47/_57rjy4111jc7dfpgjmcc93w0000gp/T/arduino-sketch-5B07AAA339DB40B0DDBEEF6019694CA2/sketch/performance.ino.cpp:1:0:
/Users/alranel/Documents/git/arduino/arduino-testlib/cli-datadir/data/packages/arduino/hardware/samd/1.8.12/cores/arduino/Arduino.h:66:16: error: expected unqualified-id before &#39;(&#39; token
 #define abs(x) ((x)&gt;0?(x):-(x))
                ^
/Users/alranel/Documents/git/arduino/arduino-testlib/cli-datadir/data/packages/arduino/tools/arm-none-eabi-gcc/7-2017q4/arm-none-eabi/include/c&#43;&#43;/7.2.1/complex: In function &#39;std::complex&lt;_Tp&gt; std::__complex_sqrt(const std::complex&lt;_Tp&gt;&amp;)&#39;:
/Users/alranel/Documents/git/arduino/arduino-testlib/cli-datadir/data/packages/arduino/hardware/samd/1.8.12/cores/arduino/Arduino.h:66:16: error: expected unqualified-id before &#39;(&#39; token
 #define abs(x) ((x)&gt;0?(x):-(x))
                ^
/Users/alranel/Documents/git/arduino/arduino-testlib/cli-datadir/data/packages/arduino/tools/arm-none-eabi-gcc/7-2017q4/arm-none-eabi/include/c&#43;&#43;/7.2.1/complex: In function &#39;_Tp std::fabs(const std::complex&lt;_Tp&gt;&amp;)&#39;:
/Users/alranel/Documents/git/arduino/arduino-testlib/cli-datadir/data/packages/arduino/hardware/samd/1.8.12/cores/arduino/Arduino.h:66:16: error: expected unqualified-id before &#39;(&#39; token
 #define abs(x) ((x)&gt;0?(x):-(x))
                ^
/Users/alranel/Documents/git/arduino/arduino-testlib/cli-datadir/user/libraries/Complex/examples/performance/performance.ino: In function &#39;void setup()&#39;:
/Users/alranel/Documents/git/arduino/arduino-testlib/cli-datadir/user/libraries/Complex/examples/performance/performance.ino:21:18: error: &#39;COMPLEX_LIB_VERSION&#39; was not declared in this scope
   Serial.println(COMPLEX_LIB_VERSION);
                  ^~~~~~~~~~~~~~~~~~~
/Users/alranel/Documents/git/arduino/arduino-testlib/cli-datadir/user/libraries/Complex/examples/performance/performance.ino:21:18: note: suggested alternative: &#39;_LIB_VERSION&#39;
   Serial.println(COMPLEX_LIB_VERSION);
                  ^~~~~~~~~~~~~~~~~~~
                  _LIB_VERSION
/Users/alranel/Documents/git/arduino/arduino-testlib/cli-datadir/user/libraries/Complex/examples/performance/performance.ino:25:3: error: &#39;Complex&#39; was not declared in this scope
   Complex c1(10.0, -2.0);
   ^~~~~~~
/Users/alranel/Documents/git/arduino/arduino-testlib/cli-datadir/user/libraries/Complex/examples/performance/performance.ino:25:3: note: suggested alternative: &#39;_Complex_I&#39;
   Complex c1(10.0, -2.0);
   ^~~~~~~
   _Complex_I
/Users/alranel/Documents/git/arduino/arduino-testlib/cli-datadir/user/libraries/Complex/examples/performance/performance.ino:26:11: error: expected &#39;;&#39; before &#39;c2&#39;
   Complex c2(3, 0);
           ^~
/Users/alranel/Documents/git/arduino/arduino-testlib/cli-datadir/user/libraries/Complex/examples/performance/performance.ino:27:11: error: expected &#39;;&#39; before &#39;c3&#39;
   Complex c3(-10, 4);
           ^~
/Users/alranel/Documents/git/arduino/arduino-testlib/cli-datadir/user/libraries/Complex/examples/performance/performance.ino:28:11: error: expected &#39;;&#39; before &#39;c4&#39;
   Complex c4(-5,-5);
           ^~
/Users/alranel/Documents/git/arduino/arduino-testlib/cli-datadir/user/libraries/Complex/examples/performance/performance.ino:29:11: error: expected &#39;;&#39; before &#39;c5&#39;
   Complex c5(0, 0);
           ^~
/Users/alranel/Documents/git/arduino/arduino-testlib/cli-datadir/user/libraries/Complex/examples/performance/performance.ino:36:33: error: &#39;c3&#39; was not declared in this scope
   for(uint8_t i=0; i&lt; 100; i&#43;&#43;) c3.set(0,0);
                                 ^~
/Users/alranel/Documents/git/arduino/arduino-testlib/cli-datadir/user/libraries/Complex/examples/performance/performance.ino:36:33: note: suggested alternative: &#39;A3&#39;
   for(uint8_t i=0; i&lt; 100; i&#43;&#43;) c3.set(0,0);
                                 ^~
                                 A3
/Users/alranel/Documents/git/arduino/arduino-testlib/cli-datadir/user/libraries/Complex/examples/performance/performance.ino:43:33: error: &#39;c5&#39; was not declared in this scope
   for(uint8_t i=0; i&lt; 100; i&#43;&#43;) c5 = c1 &#43; 1;
                                 ^~
/Users/alranel/Documents/git/arduino/arduino-testlib/cli-datadir/user/libraries/Complex/examples/performance/performance.ino:43:33: note: suggested alternative: &#39;A5&#39;
   for(uint8_t i=0; i&lt; 100; i&#43;&#43;) c5 = c1 &#43; 1;
                                 ^~
                                 A5
/Users/alranel/Documents/git/arduino/arduino-testlib/cli-datadir/user/libraries/Complex/examples/performance/performance.ino:43:38: error: &#39;c1&#39; was not declared in this scope
   for(uint8_t i=0; i&lt; 100; i&#43;&#43;) c5 = c1 &#43; 1;
                                      ^~
/Users/alranel/Documents/git/arduino/arduino-testlib/cli-datadir/user/libraries/Complex/examples/performance/performance.ino:43:38: note: suggested alternative: &#39;A1&#39;
   for(uint8_t i=0; i&lt; 100; i&#43;&#43;) c5 = c1 &#43; 1;
                                      ^~
                                      A1
/Users/alranel/Documents/git/arduino/arduino-testlib/cli-datadir/user/libraries/Complex/examples/performance/performance.ino:50:33: error: &#39;c5&#39; was not declared in this scope
   for(uint8_t i=0; i&lt; 100; i&#43;&#43;) c5 = c1 &#43; c2;
                                 ^~
/Users/alranel/Documents/git/arduino/arduino-testlib/cli-datadir/user/libraries/Complex/examples/performance/performance.ino:50:33: note: suggested alternative: &#39;A5&#39;
   for(uint8_t i=0; i&lt; 100; i&#43;&#43;) c5 = c1 &#43; c2;
                                 ^~
                                 A5
/Users/alranel/Documents/git/arduino/arduino-testlib/cli-datadir/user/libraries/Complex/examples/performance/performance.ino:50:38: error: &#39;c1&#39; was not declared in this scope
   for(uint8_t i=0; i&lt; 100; i&#43;&#43;) c5 = c1 &#43; c2;
                                      ^~
/Users/alranel/Documents/git/arduino/arduino-testlib/cli-datadir/user/libraries/Complex/examples/performance/performance.ino:50:38: note: suggested alternative: &#39;A1&#39;
   for(uint8_t i=0; i&lt; 100; i&#43;&#43;) c5 = c1 &#43; c2;
                                      ^~
                                      A1
/Users/alranel/Documents/git/arduino/arduino-testlib/cli-datadir/user/libraries/Complex/examples/performance/performance.ino:50:43: error: &#39;c2&#39; was not declared in this scope
   for(uint8_t i=0; i&lt; 100; i&#43;&#43;) c5 = c1 &#43; c2;
                                           ^~
/Users/alranel/Documents/git/arduino/arduino-testlib/cli-datadir/user/libraries/Complex/examples/performance/performance.ino:50:43: note: suggested alternative: &#39;A2&#39;
   for(uint8_t i=0; i&lt; 100; i&#43;&#43;) c5 = c1 &#43; c2;
                                           ^~
                                           A2
/Users/alranel/Documents/git/arduino/arduino-testlib/cli-datadir/user/libraries/Complex/examples/performance/performance.ino:57:33: error: &#39;c5&#39; was not declared in this scope
   for(uint8_t i=0; i&lt; 100; i&#43;&#43;) c5 &#43;= c2;
                                 ^~
/Users/alranel/Document</pre>
					
				
				<h3 id="esp32:esp32:d1_mini32">esp32:esp32:d1_mini32 @ 1.0.6</h3>
				<h4>Inclusion</h4>
				<p>
					Result: <b>PASS</b>
					
				</p>
				<pre class="pre-scrollable">Sketch uses 198968 bytes (15%) of program storage space. Maximum is 1310720 bytes.
Global variables use 13104 bytes (3%) of dynamic memory, leaving 314576 bytes for local variables. Maximum is 327680 bytes.
</pre>

					
					<h4>examples/array</h4>
					<p>
						Result: <b>FAIL</b>
					</p>
					<pre class="pre-scrollable">/home/ec2-user/arduino-testlib/cli-datadir/user/libraries/Complex/examples/array/array.ino: In function &#39;void setup()&#39;:
/home/ec2-user/arduino-testlib/cli-datadir/user/libraries/Complex/examples/array/array.ino:27:27: error: &#39;A1&#39; was not declared in this scope
     float im = analogRead(A1) / 1023.0;
                           ^

</pre>
					
					<h4>examples/complex</h4>
					<p>
						Result: <b>PASS</b>
					</p>
					<pre class="pre-scrollable">Sketch uses 225098 bytes (17%) of program storage space. Maximum is 1310720 bytes.
Global variables use 13448 bytes (4%) of dynamic memory, leaving 314232 bytes for local variables. Maximum is 327680 bytes.
</pre>
					
					<h4>examples/const</h4>
					<p>
						Result: <b>PASS</b>
					</p>
					<pre class="pre-scrollable">Sketch uses 206086 bytes (15%) of program storage space. Maximum is 1310720 bytes.
Global variables use 13432 bytes (4%) of dynamic memory, leaving 314248 bytes for local variables. Maximum is 327680 bytes.
</pre>
					
					<h4>examples/performance</h4>
					<p>
						Result: <b>PASS</b>
					</p>
					<pre class="pre-scrollable">Sketch uses 227126 bytes (17%) of program storage space. Maximum is 1310720 bytes.
Global variables use 13480 bytes (4%) of dynamic memory, leaving 314200 bytes for local variables. Maximum is 327680 bytes.
</pre>
					
				
			</div>
		</div>
	</div>
  </body>
</html>
