
<!doctype html>
<html lang="en">
  <head>
    <meta charset="utf-8">
    <meta name="viewport" content="width=device-width, initial-scale=1">
    <link href="https://cdn.jsdelivr.net/npm/bootstrap@5.0.2/dist/css/bootstrap.min.css" rel="stylesheet" integrity="sha384-EVSTQN3/azprG1Anm3QDgpJLIm9Nao0Yz1ztcQTwFspd3yD65VohhpuuCOmLASjC" crossorigin="anonymous">
    <title>arduino-testlib report</title>
	<style>
	.pass { background-color: #00FF00 !important; }
	.fail { background-color: #FF0000 !important; }
	</style>
  </head>
  <body>
	<div class="container">
		<div class="row">
			<div class="col">
				<h1>CppLinq - compatibility matrix</h1>
				<p>
					<small>This report was generated on Wednesday, 23-Feb-22 22:48:15 CET using 
					<a href="https://github.com/alranel/arduino-testlib">arduino-testlib</a>.</small>
				</p>

				<h2>CppLinq</h2>
				<p>
					Version: <b>1.0.0</b>
					<br />
					<a href="https://www.arduino.cc/reference/en/libraries/cpplinq/">More details</a>
				</p>

				<h2>Compatibility matrix</h2>
				<table class="table table-bordered">
					<tr>
						<th>Board</th>
						<th>Claims compatibility</th>
						<th>Inclusion</th>
						
						<th><pre>Example</pre></th>
						
					</tr>
					
					<tr>
						<td>
							<a href="#arduino%3aavr%3auno"><b>arduino:avr:uno</b></a>
							<br />
							<small>1.8.4</small>
						</td>

						
							<td>Yes</td>
							<td class="pass">PASS</td>
						
						
						
						

						
							
								
									
										
											
											<td class="fail">FAIL</td>
										
									
								
							
								
							
								
							
								
							
								
							
						
					</tr>
					
					<tr>
						<td>
							<a href="#arduino%3ambed_nano%3ananorp2040connect"><b>arduino:mbed_nano:nanorp2040connect</b></a>
							<br />
							<small>2.7.2</small>
						</td>

						
							<td>Yes</td>
							<td class="pass">PASS</td>
						
						
						
						

						
							
								
							
								
									
										
											
											<td class="fail">FAIL</td>
										
									
								
							
								
							
								
							
								
							
						
					</tr>
					
					<tr>
						<td>
							<a href="#arduino%3amegaavr%3anona4809"><b>arduino:megaavr:nona4809</b></a>
							<br />
							<small>1.8.7</small>
						</td>

						
							<td>Yes</td>
							<td class="pass">PASS</td>
						
						
						
						

						
							
								
							
								
							
								
									
										
											
											<td class="fail">FAIL</td>
										
									
								
							
								
							
								
							
						
					</tr>
					
					<tr>
						<td>
							<a href="#arduino%3asamd%3amkrwifi1010"><b>arduino:samd:mkrwifi1010</b></a>
							<br />
							<small>1.8.12</small>
						</td>

						
							<td>Yes</td>
							<td class="pass">PASS</td>
						
						
						
						

						
							
								
							
								
							
								
							
								
									
										
											
											<td class="fail">FAIL</td>
										
									
								
							
								
							
						
					</tr>
					
					<tr>
						<td>
							<a href="#esp32%3aesp32%3ad1_mini32"><b>esp32:esp32:d1_mini32</b></a>
							<br />
							<small>1.0.6</small>
						</td>

						
							<td>Yes</td>
							<td class="pass">PASS</td>
						
						
						
						

						
							
								
							
								
							
								
							
								
							
								
									
										
											
											<td class="fail">FAIL</td>
										
									
								
							
						
					</tr>
					
				</table>

				<h2>Compilation logs</h2>
				
				<h3 id="arduino:avr:uno">arduino:avr:uno @ 1.8.4</h3>
				<h4>Inclusion</h4>
				<p>
					Result: <b>PASS</b>
					
					<br />This library has no main header file so an empty one was created.
					
				</p>
				<pre class="pre-scrollable">Sketch uses 444 bytes (1%) of program storage space. Maximum is 32256 bytes.
Global variables use 9 bytes (0%) of dynamic memory, leaving 2039 bytes for local variables. Maximum is 2048 bytes.
</pre>

					
					<h4>examples/Example</h4>
					<p>
						Result: <b>FAIL</b>
					</p>
					<pre class="pre-scrollable">In file included from /Users/alranel/Documents/git/arduino/arduino-testlib/cli-datadir/user/libraries/CppLinq/examples/Example/Example.ino:1:0:
/Users/alranel/Documents/git/arduino/arduino-testlib/cli-datadir/user/libraries/CppLinq/src/ArduinoLinq.hpp:24:10: fatal error: algorithm: No such file or directory
 #include &lt;algorithm&gt;
          ^~~~~~~~~~~
compilation terminated.

</pre>
					
				
				<h3 id="arduino:mbed_nano:nanorp2040connect">arduino:mbed_nano:nanorp2040connect @ 2.7.2</h3>
				<h4>Inclusion</h4>
				<p>
					Result: <b>PASS</b>
					
				</p>
				<pre class="pre-scrollable">Sketch uses 78756 bytes (0%) of program storage space. Maximum is 16777216 bytes.
Global variables use 43444 bytes (16%) of dynamic memory, leaving 226892 bytes for local variables. Maximum is 270336 bytes.
</pre>

					
					<h4>examples/Example</h4>
					<p>
						Result: <b>FAIL</b>
					</p>
					<pre class="pre-scrollable">/home/ec2-user/arduino-testlib/cli-datadir/user/libraries/CppLinq/examples/Example/Example.ino: In function &#39;void setup()&#39;:
/home/ec2-user/arduino-testlib/cli-datadir/user/libraries/CppLinq/examples/Example/Example.ino:9:16: error: &#39;from_array&#39; was not declared in this scope
   int maxVal = from_array(ints)
                ^~~~~~~~~~
/home/ec2-user/arduino-testlib/cli-datadir/user/libraries/CppLinq/examples/Example/Example.ino:9:16: note: suggested alternative:
In file included from /home/ec2-user/arduino-testlib/cli-datadir/user/libraries/CppLinq/examples/Example/Example.ino:1:0:
/home/ec2-user/arduino-testlib/cli-datadir/user/libraries/CppLinq/src/ArduinoLinq.hpp:5061:112: note:   &#39;ArduinoLinq::from_array&#39;
     CPPLINQ_INLINEMETHOD detail::from_range&lt;typename detail::get_array_properties&lt;TValueArray&gt;::iterator_type&gt; from_array (
                                                                                                                ^~~~~~~~~~
/home/ec2-user/arduino-testlib/cli-datadir/user/libraries/CppLinq/examples/Example/Example.ino:10:23: error: no matching function for call to &#39;max()&#39;
                &gt;&gt; max();
                       ^
In file included from /home/ec2-user/arduino-testlib/cli-datadir/data/packages/arduino/hardware/mbed_nano/2.7.2/variants/NANO_RP2040_CONNECT/pinmode_arduino.h:30:0,
                 from /home/ec2-user/arduino-testlib/cli-datadir/data/packages/arduino/hardware/mbed_nano/2.7.2/cores/arduino/Arduino.h:26,
                 from /tmp/arduino-sketch-46859DE62867E2E3A8BB92159E5BF109/sketch/Example.ino.cpp:1:
/home/ec2-user/arduino-testlib/cli-datadir/data/packages/arduino/hardware/mbed_nano/2.7.2/cores/arduino/api/Common.h:131:8: note: candidate: template&lt;class T, class L&gt; decltype (((b &lt; a) ? b :  a)) max(const T&amp;, const L&amp;)
   auto max(const T&amp; a, const L&amp; b) -&gt; decltype((b &lt; a) ? b : a)
        ^~~
/home/ec2-user/arduino-testlib/cli-datadir/data/packages/arduino/hardware/mbed_nano/2.7.2/cores/arduino/api/Common.h:131:8: note:   template argument deduction/substitution failed:
/home/ec2-user/arduino-testlib/cli-datadir/user/libraries/CppLinq/examples/Example/Example.ino:10:23: note:   candidate expects 2 arguments, 0 provided
                &gt;&gt; max();
                       ^
/home/ec2-user/arduino-testlib/cli-datadir/user/libraries/CppLinq/examples/Example/Example.ino:16:23: error: no matching function for call to &#39;min()&#39;
                &gt;&gt; min();
                       ^
In file included from /home/ec2-user/arduino-testlib/cli-datadir/data/packages/arduino/hardware/mbed_nano/2.7.2/variants/NANO_RP2040_CONNECT/pinmode_arduino.h:30:0,
                 from /home/ec2-user/arduino-testlib/cli-datadir/data/packages/arduino/hardware/mbed_nano/2.7.2/cores/arduino/Arduino.h:26,
                 from /tmp/arduino-sketch-46859DE62867E2E3A8BB92159E5BF109/sketch/Example.ino.cpp:1:
/home/ec2-user/arduino-testlib/cli-datadir/data/packages/arduino/hardware/mbed_nano/2.7.2/cores/arduino/api/Common.h:125:8: note: candidate: template&lt;class T, class L&gt; decltype (((b &lt; a) ? b :  a)) min(const T&amp;, const L&amp;)
   auto min(const T&amp; a, const L&amp; b) -&gt; decltype((b &lt; a) ? b : a)
        ^~~
/home/ec2-user/arduino-testlib/cli-datadir/data/packages/arduino/hardware/mbed_nano/2.7.2/cores/arduino/api/Common.h:125:8: note:   template argument deduction/substitution failed:
/home/ec2-user/arduino-testlib/cli-datadir/user/libraries/CppLinq/examples/Example/Example.ino:16:23: note:   candidate expects 2 arguments, 0 provided
                &gt;&gt; min();
                       ^
/home/ec2-user/arduino-testlib/cli-datadir/user/libraries/CppLinq/examples/Example/Example.ino:22:19: error: &#39;reverse&#39; was not declared in this scope
                &gt;&gt; reverse()
                   ^~~~~~~
/home/ec2-user/arduino-testlib/cli-datadir/user/libraries/CppLinq/examples/Example/Example.ino:22:19: note: suggested alternatives:
In file included from /home/ec2-user/arduino-testlib/cli-datadir/data/packages/arduino/tools/arm-none-eabi-gcc/7-2017q4/arm-none-eabi/include/c&#43;&#43;/7.2.1/algorithm:62:0,
                 from /home/ec2-user/arduino-testlib/cli-datadir/user/libraries/CppLinq/src/ArduinoLinq.hpp:24,
                 from /home/ec2-user/arduino-testlib/cli-datadir/user/libraries/CppLinq/examples/Example/Example.ino:1:
/home/ec2-user/arduino-testlib/cli-datadir/data/packages/arduino/tools/arm-none-eabi-gcc/7-2017q4/arm-none-eabi/include/c&#43;&#43;/7.2.1/bits/stl_algo.h:1180:5: note:   &#39;std::reverse&#39;
     reverse(_BidirectionalIterator __first, _BidirectionalIterator __last)
     ^~~~~~~
In file included from /home/ec2-user/arduino-testlib/cli-datadir/user/libraries/CppLinq/examples/Example/Example.ino:1:0:
/home/ec2-user/arduino-testlib/cli-datadir/user/libraries/CppLinq/src/ArduinoLinq.hpp:5254:50: note:   &#39;ArduinoLinq::reverse&#39;
     CPPLINQ_INLINEMETHOD detail::reverse_builder reverse (size_type capacity = 16U) CPPLINQ_NOEXCEPT
                                                  ^~~~~~~
/home/ec2-user/arduino-testlib/cli-datadir/user/libraries/CppLinq/examples/Example/Example.ino:23:19: error: &#39;to_vector&#39; was not declared in this scope
                &gt;&gt; to_vector();
                   ^~~~~~~~~
/home/ec2-user/arduino-testlib/cli-datadir/user/libraries/CppLinq/examples/Example/Example.ino:23:19: note: suggested alternative:
In file included from /home/ec2-user/arduino-testlib/cli-datadir/user/libraries/CppLinq/examples/Example/Example.ino:1:0:
/home/ec2-user/arduino-testlib/cli-datadir/user/libraries/CppLinq/src/ArduinoLinq.hpp:5282:52: note:   &#39;ArduinoLinq::to_vector&#39;
     CPPLINQ_INLINEMETHOD detail::to_vector_builder to_vector (size_type capacity = 16U) CPPLINQ_NOEXCEPT
                                                    ^~~~~~~~~
/home/ec2-user/arduino-testlib/cli-datadir/user/libraries/CppLinq/examples/Example/Example.ino:33:19: error: &#39;where&#39; was not declared in this scope
                &gt;&gt; where([](int i) {return i &gt; 10;})
                   ^~~~~
/home/ec2-user/arduino-testlib/cli-datadir/user/libraries/CppLinq/examples/Example/Example.ino:33:19: note: suggested alternative:
In file included from /home/ec2-user/arduino-testlib/cli-datadir/user/libraries/CppLinq/examples/Example/Example.ino:1:0:
/home/ec2-user/arduino-testlib/cli-datadir/user/libraries/CppLinq/src/ArduinoLinq.hpp:5100:60: note:   &#39;ArduinoLinq::where&#39;
     CPPLINQ_INLINEMETHOD detail::where_builder&lt;TPredicate&gt; where (
                                                            ^~~~~
/home/ec2-user/arduino-testlib/cli-datadir/user/libraries/CppLinq/examples/Example/Example.ino:34:19: error: &#39;orderby_ascending&#39; was not declared in this scope
                &gt;&gt; orderby_ascending([](int i) {return i;})
                   ^~~~~~~~~~~~~~~~~
/home/ec2-user/arduino-testlib/cli-datadir/user/libraries/CppLinq/examples/Example/Example.ino:34:19: note: suggested alternative:
In file included from /home/ec2-user/arduino-testlib/cli-datadir/user/libraries/CppLinq/examples/Example/Example.ino:1:0:
/home/ec2-user/arduino-testlib/cli-datadir/user/libraries/CppLinq/src/ArduinoLinq.hpp:5214:62: note:   &#39;ArduinoLinq::orderby_ascending&#39;
     CPPLINQ_INLINEMETHOD detail::orderby_builder&lt;TPredicate&gt; orderby_ascending (
                                                              ^~~~~~~~~~~~~~~~~

</pre>
					
				
				<h3 id="arduino:megaavr:nona4809">arduino:megaavr:nona4809 @ 1.8.7</h3>
				<h4>Inclusion</h4>
				<p>
					Result: <b>PASS</b>
					
				</p>
				<pre class="pre-scrollable">Sketch uses 802 bytes (1%) of program storage space. Maximum is 49152 bytes.
Global variables use 22 bytes (0%) of dynamic memory, leaving 6122 bytes for local variables. Maximum is 6144 bytes.
</pre>

					
					<h4>examples/Example</h4>
					<p>
						Result: <b>FAIL</b>
					</p>
					<pre class="pre-scrollable">In file included from /home/ec2-user/arduino-testlib/cli-datadir/user/libraries/CppLinq/examples/Example/Example.ino:1:0:
/home/ec2-user/arduino-testlib/cli-datadir/user/libraries/CppLinq/src/ArduinoLinq.hpp:24:10: fatal error: algorithm: No such file or directory
 #include &lt;algorithm&gt;
          ^~~~~~~~~~~
compilation terminated.

</pre>
					
				
				<h3 id="arduino:samd:mkrwifi1010">arduino:samd:mkrwifi1010 @ 1.8.12</h3>
				<h4>Inclusion</h4>
				<p>
					Result: <b>PASS</b>
					
					<br />This library has no main header file so an empty one was created.
					
				</p>
				<pre class="pre-scrollable">Sketch uses 12156 bytes (4%) of program storage space. Maximum is 262144 bytes.
Global variables use 2996 bytes (9%) of dynamic memory, leaving 29772 bytes for local variables. Maximum is 32768 bytes.
</pre>

					
					<h4>examples/Example</h4>
					<p>
						Result: <b>FAIL</b>
					</p>
					<pre class="pre-scrollable">/Users/alranel/Documents/git/arduino/arduino-testlib/cli-datadir/user/libraries/CppLinq/examples/Example/Example.ino: In function &#39;void setup()&#39;:
/Users/alranel/Documents/git/arduino/arduino-testlib/cli-datadir/user/libraries/CppLinq/examples/Example/Example.ino:9:16: error: &#39;from_array&#39; was not declared in this scope
   int maxVal = from_array(ints)
                ^~~~~~~~~~
/Users/alranel/Documents/git/arduino/arduino-testlib/cli-datadir/user/libraries/CppLinq/examples/Example/Example.ino:9:16: note: suggested alternative:
In file included from /Users/alranel/Documents/git/arduino/arduino-testlib/cli-datadir/user/libraries/CppLinq/examples/Example/Example.ino:1:0:
/Users/alranel/Documents/git/arduino/arduino-testlib/cli-datadir/user/libraries/CppLinq/src/ArduinoLinq.hpp:5061:112: note:   &#39;ArduinoLinq::from_array&#39;
     CPPLINQ_INLINEMETHOD detail::from_range&lt;typename detail::get_array_properties&lt;TValueArray&gt;::iterator_type&gt; from_array (
                                                                                                                ^~~~~~~~~~
/Users/alranel/Documents/git/arduino/arduino-testlib/cli-datadir/user/libraries/CppLinq/examples/Example/Example.ino:10:23: error: no matching function for call to &#39;max()&#39;
                &gt;&gt; max();
                       ^
In file included from /Users/alranel/Documents/git/arduino/arduino-testlib/cli-datadir/data/packages/arduino/hardware/samd/1.8.12/cores/arduino/api/Interrupts.h:8:0,
                 from /Users/alranel/Documents/git/arduino/arduino-testlib/cli-datadir/data/packages/arduino/hardware/samd/1.8.12/cores/arduino/api/ArduinoAPI.h:29,
                 from /Users/alranel/Documents/git/arduino/arduino-testlib/cli-datadir/data/packages/arduino/hardware/samd/1.8.12/cores/arduino/Arduino.h:23,
                 from /private/var/folders/47/_57rjy4111jc7dfpgjmcc93w0000gp/T/arduino-sketch-65A67DAE6BA10F523A14C580446C3C94/sketch/Example.ino.cpp:1:
/Users/alranel/Documents/git/arduino/arduino-testlib/cli-datadir/data/packages/arduino/hardware/samd/1.8.12/cores/arduino/api/Common.h:130:8: note: candidate: template&lt;class T, class L&gt; decltype (((b &lt; a) ? b :  a)) max(const T&amp;, const L&amp;)
   auto max(const T&amp; a, const L&amp; b) -&gt; decltype((b &lt; a) ? b : a)
        ^~~
/Users/alranel/Documents/git/arduino/arduino-testlib/cli-datadir/data/packages/arduino/hardware/samd/1.8.12/cores/arduino/api/Common.h:130:8: note:   template argument deduction/substitution failed:
/Users/alranel/Documents/git/arduino/arduino-testlib/cli-datadir/user/libraries/CppLinq/examples/Example/Example.ino:10:23: note:   candidate expects 2 arguments, 0 provided
                &gt;&gt; max();
                       ^
/Users/alranel/Documents/git/arduino/arduino-testlib/cli-datadir/user/libraries/CppLinq/examples/Example/Example.ino:16:23: error: no matching function for call to &#39;min()&#39;
                &gt;&gt; min();
                       ^
In file included from /Users/alranel/Documents/git/arduino/arduino-testlib/cli-datadir/data/packages/arduino/hardware/samd/1.8.12/cores/arduino/api/Interrupts.h:8:0,
                 from /Users/alranel/Documents/git/arduino/arduino-testlib/cli-datadir/data/packages/arduino/hardware/samd/1.8.12/cores/arduino/api/ArduinoAPI.h:29,
                 from /Users/alranel/Documents/git/arduino/arduino-testlib/cli-datadir/data/packages/arduino/hardware/samd/1.8.12/cores/arduino/Arduino.h:23,
                 from /private/var/folders/47/_57rjy4111jc7dfpgjmcc93w0000gp/T/arduino-sketch-65A67DAE6BA10F523A14C580446C3C94/sketch/Example.ino.cpp:1:
/Users/alranel/Documents/git/arduino/arduino-testlib/cli-datadir/data/packages/arduino/hardware/samd/1.8.12/cores/arduino/api/Common.h:124:8: note: candidate: template&lt;class T, class L&gt; decltype (((b &lt; a) ? b :  a)) min(const T&amp;, const L&amp;)
   auto min(const T&amp; a, const L&amp; b) -&gt; decltype((b &lt; a) ? b : a)
        ^~~
/Users/alranel/Documents/git/arduino/arduino-testlib/cli-datadir/data/packages/arduino/hardware/samd/1.8.12/cores/arduino/api/Common.h:124:8: note:   template argument deduction/substitution failed:
/Users/alranel/Documents/git/arduino/arduino-testlib/cli-datadir/user/libraries/CppLinq/examples/Example/Example.ino:16:23: note:   candidate expects 2 arguments, 0 provided
                &gt;&gt; min();
                       ^
/Users/alranel/Documents/git/arduino/arduino-testlib/cli-datadir/user/libraries/CppLinq/examples/Example/Example.ino:22:19: error: &#39;reverse&#39; was not declared in this scope
                &gt;&gt; reverse()
                   ^~~~~~~
/Users/alranel/Documents/git/arduino/arduino-testlib/cli-datadir/user/libraries/CppLinq/examples/Example/Example.ino:22:19: note: suggested alternatives:
In file included from /Users/alranel/Documents/git/arduino/arduino-testlib/cli-datadir/data/packages/arduino/tools/arm-none-eabi-gcc/7-2017q4/arm-none-eabi/include/c&#43;&#43;/7.2.1/algorithm:62:0,
                 from /Users/alranel/Documents/git/arduino/arduino-testlib/cli-datadir/user/libraries/CppLinq/src/ArduinoLinq.hpp:24,
                 from /Users/alranel/Documents/git/arduino/arduino-testlib/cli-datadir/user/libraries/CppLinq/examples/Example/Example.ino:1:
/Users/alranel/Documents/git/arduino/arduino-testlib/cli-datadir/data/packages/arduino/tools/arm-none-eabi-gcc/7-2017q4/arm-none-eabi/include/c&#43;&#43;/7.2.1/bits/stl_algo.h:1180:5: note:   &#39;std::reverse&#39;
     reverse(_BidirectionalIterator __first, _BidirectionalIterator __last)
     ^~~~~~~
In file included from /Users/alranel/Documents/git/arduino/arduino-testlib/cli-datadir/user/libraries/CppLinq/examples/Example/Example.ino:1:0:
/Users/alranel/Documents/git/arduino/arduino-testlib/cli-datadir/user/libraries/CppLinq/src/ArduinoLinq.hpp:5254:50: note:   &#39;ArduinoLinq::reverse&#39;
     CPPLINQ_INLINEMETHOD detail::reverse_builder reverse (size_type capacity = 16U) CPPLINQ_NOEXCEPT
                                                  ^~~~~~~
/Users/alranel/Documents/git/arduino/arduino-testlib/cli-datadir/user/libraries/CppLinq/examples/Example/Example.ino:23:19: error: &#39;to_vector&#39; was not declared in this scope
                &gt;&gt; to_vector();
                   ^~~~~~~~~
/Users/alranel/Documents/git/arduino/arduino-testlib/cli-datadir/user/libraries/CppLinq/examples/Example/Example.ino:23:19: note: suggested alternative:
In file included from /Users/alranel/Documents/git/arduino/arduino-testlib/cli-datadir/user/libraries/CppLinq/examples/Example/Example.ino:1:0:
/Users/alranel/Documents/git/arduino/arduino-testlib/cli-datadir/user/libraries/CppLinq/src/ArduinoLinq.hpp:5282:52: note:   &#39;ArduinoLinq::to_vector&#39;
     CPPLINQ_INLINEMETHOD detail::to_vector_builder to_vector (size_type capacity = 16U) CPPLINQ_NOEXCEPT
                                                    ^~~~~~~~~
/Users/alranel/Documents/git/arduino/arduino-testlib/cli-datadir/user/libraries/CppLinq/examples/Example/Example.ino:33:19: error: &#39;where&#39; was not declared in this scope
                &gt;&gt; where([](int i) {return i &gt; 10;})
                   ^~~~~
/Users/alranel/Documents/git/arduino/arduino-testlib/cli-datadir/user/libraries/CppLinq/examples/Example/Example.ino:33:19: note: suggested alternative:
In file included from /Users/alranel/Documents/git/arduino/arduino-testlib/cli-datadir/user/libraries/CppLinq/examples/Example/Example.ino:1:0:
/Users/alranel/Documents/git/arduino/arduino-testlib/cli-datadir/user/libraries/CppLinq/src/ArduinoLinq.hpp:5100:60: note:   &#39;ArduinoLinq::where&#39;
     CPPLINQ_INLINEMETHOD detail::where_builder&lt;TPredicate&gt; where (
                                                            ^~~~~
/Users/alranel/Documents/git/arduino/arduino-testlib/cli-datadir/user/libraries/CppLinq/examples/Example/Example.ino:34:19: error: &#39;orderby_ascending&#39; was not declared in this scope
                &gt;&gt; orderby_ascending([](int i) {return i;})
                   ^~~~~~~~~~~~~~~~~
/Users/alranel/Documents/git/arduino/arduino-testlib/cli-datadir/user/libraries/CppLinq/examples/Example/Example.ino:34:19: note: suggested alternative:
In file included from /Users/alranel/Documents/git/arduino/arduino-testlib/cli-datadir/user/libraries/CppLinq/examples/Example/Example.ino:1:0:
/Users/alranel/Documents/git/arduino/arduino-testlib/cli-datadir/user/libraries/CppLinq/src/ArduinoLinq.hpp:5214:62: note:   &#39;ArduinoLinq::orderby_ascending&#39;
     CPPLINQ_INLINEMETHOD detail::orderby_builder&lt;TPredicate&gt; orderby_ascending (
                                                              ^~~~~~~~~~~~~~~~~

</pre>
					
				
				<h3 id="esp32:esp32:d1_mini32">esp32:esp32:d1_mini32 @ 1.0.6</h3>
				<h4>Inclusion</h4>
				<p>
					Result: <b>PASS</b>
					
				</p>
				<pre class="pre-scrollable">Sketch uses 197736 bytes (15%) of program storage space. Maximum is 1310720 bytes.
Global variables use 13084 bytes (3%) of dynamic memory, leaving 314596 bytes for local variables. Maximum is 327680 bytes.
</pre>

					
					<h4>examples/Example</h4>
					<p>
						Result: <b>FAIL</b>
					</p>
					<pre class="pre-scrollable">/home/ec2-user/arduino-testlib/cli-datadir/user/libraries/CppLinq/examples/Example/Example.ino: In function &#39;void setup()&#39;:
/home/ec2-user/arduino-testlib/cli-datadir/user/libraries/CppLinq/examples/Example/Example.ino:9:31: error: &#39;from_array&#39; was not declared in this scope
   int maxVal = from_array(ints)
                               ^
/home/ec2-user/arduino-testlib/cli-datadir/user/libraries/CppLinq/examples/Example/Example.ino:9:31: note: suggested alternative:
In file included from /home/ec2-user/arduino-testlib/cli-datadir/user/libraries/CppLinq/examples/Example/Example.ino:1:0:
/home/ec2-user/arduino-testlib/cli-datadir/user/libraries/CppLinq/src/ArduinoLinq.hpp:5061:112: note:   &#39;ArduinoLinq::from_array&#39;
     CPPLINQ_INLINEMETHOD detail::from_range&lt;typename detail::get_array_properties&lt;TValueArray&gt;::iterator_type&gt; from_array (
                                                                                                                ^
/home/ec2-user/arduino-testlib/cli-datadir/user/libraries/CppLinq/examples/Example/Example.ino:10:23: error: no matching function for call to &#39;max()&#39;
                &gt;&gt; max();
                       ^
In file included from /home/ec2-user/arduino-testlib/cli-datadir/data/packages/esp32/tools/xtensa-esp32-elf-gcc/1.22.0-97-gc752ad5-5.2.0/xtensa-esp32-elf/include/c&#43;&#43;/5.2.0/algorithm:62:0,
                 from /home/ec2-user/arduino-testlib/cli-datadir/data/packages/esp32/hardware/esp32/1.0.6/cores/esp32/Arduino.h:142,
                 from /tmp/arduino-sketch-46859DE62867E2E3A8BB92159E5BF109/sketch/Example.ino.cpp:1:
/home/ec2-user/arduino-testlib/cli-datadir/data/packages/esp32/tools/xtensa-esp32-elf-gcc/1.22.0-97-gc752ad5-5.2.0/xtensa-esp32-elf/include/c&#43;&#43;/5.2.0/bits/stl_algo.h:3463:5: note: candidate: template&lt;class _Tp, class _Compare&gt; _Tp std::max(std::initializer_list&lt;_Tp&gt;, _Compare)
     max(initializer_list&lt;_Tp&gt; __l, _Compare __comp)
     ^
/home/ec2-user/arduino-testlib/cli-datadir/data/packages/esp32/tools/xtensa-esp32-elf-gcc/1.22.0-97-gc752ad5-5.2.0/xtensa-esp32-elf/include/c&#43;&#43;/5.2.0/bits/stl_algo.h:3463:5: note:   template argument deduction/substitution failed:
/home/ec2-user/arduino-testlib/cli-datadir/user/libraries/CppLinq/examples/Example/Example.ino:10:23: note:   candidate expects 2 arguments, 0 provided
                &gt;&gt; max();
                       ^
In file included from /home/ec2-user/arduino-testlib/cli-datadir/data/packages/esp32/tools/xtensa-esp32-elf-gcc/1.22.0-97-gc752ad5-5.2.0/xtensa-esp32-elf/include/c&#43;&#43;/5.2.0/algorithm:62:0,
                 from /home/ec2-user/arduino-testlib/cli-datadir/data/packages/esp32/hardware/esp32/1.0.6/cores/esp32/Arduino.h:142,
                 from /tmp/arduino-sketch-46859DE62867E2E3A8BB92159E5BF109/sketch/Example.ino.cpp:1:
/home/ec2-user/arduino-testlib/cli-datadir/data/packages/esp32/tools/xtensa-esp32-elf-gcc/1.22.0-97-gc752ad5-5.2.0/xtensa-esp32-elf/include/c&#43;&#43;/5.2.0/bits/stl_algo.h:3457:5: note: candidate: template&lt;class _Tp&gt; _Tp std::max(std::initializer_list&lt;_Tp&gt;)
     max(initializer_list&lt;_Tp&gt; __l)
     ^
/home/ec2-user/arduino-testlib/cli-datadir/data/packages/esp32/tools/xtensa-esp32-elf-gcc/1.22.0-97-gc752ad5-5.2.0/xtensa-esp32-elf/include/c&#43;&#43;/5.2.0/bits/stl_algo.h:3457:5: note:   template argument deduction/substitution failed:
/home/ec2-user/arduino-testlib/cli-datadir/user/libraries/CppLinq/examples/Example/Example.ino:10:23: note:   candidate expects 1 argument, 0 provided
                &gt;&gt; max();
                       ^
In file included from /home/ec2-user/arduino-testlib/cli-datadir/data/packages/esp32/tools/xtensa-esp32-elf-gcc/1.22.0-97-gc752ad5-5.2.0/xtensa-esp32-elf/include/c&#43;&#43;/5.2.0/algorithm:61:0,
                 from /home/ec2-user/arduino-testlib/cli-datadir/data/packages/esp32/hardware/esp32/1.0.6/cores/esp32/Arduino.h:142,
                 from /tmp/arduino-sketch-46859DE62867E2E3A8BB92159E5BF109/sketch/Example.ino.cpp:1:
/home/ec2-user/arduino-testlib/cli-datadir/data/packages/esp32/tools/xtensa-esp32-elf-gcc/1.22.0-97-gc752ad5-5.2.0/xtensa-esp32-elf/include/c&#43;&#43;/5.2.0/bits/stl_algobase.h:265:5: note: candidate: template&lt;class _Tp, class _Compare&gt; const _Tp&amp; std::max(const _Tp&amp;, const _Tp&amp;, _Compare)
     max(const _Tp&amp; __a, const _Tp&amp; __b, _Compare __comp)
     ^
/home/ec2-user/arduino-testlib/cli-datadir/data/packages/esp32/tools/xtensa-esp32-elf-gcc/1.22.0-97-gc752ad5-5.2.0/xtensa-esp32-elf/include/c&#43;&#43;/5.2.0/bits/stl_algobase.h:265:5: note:   template argument deduction/substitution failed:
/home/ec2-user/arduino-testlib/cli-datadir/user/libraries/CppLinq/examples/Example/Example.ino:10:23: note:   candidate expects 3 arguments, 0 provided
                &gt;&gt; max();
                       ^
In file included from /home/ec2-user/arduino-testlib/cli-datadir/data/packages/esp32/tools/xtensa-esp32-elf-gcc/1.22.0-97-gc752ad5-5.2.0/xtensa-esp32-elf/include/c&#43;&#43;/5.2.0/algorithm:61:0,
                 from /home/ec2-user/arduino-testlib/cli-datadir/data/packages/esp32/hardware/esp32/1.0.6/cores/esp32/Arduino.h:142,
                 from /tmp/arduino-sketch-46859DE62867E2E3A8BB92159E5BF109/sketch/Example.ino.cpp:1:
/home/ec2-user/arduino-testlib/cli-datadir/data/packages/esp32/tools/xtensa-esp32-elf-gcc/1.22.0-97-gc752ad5-5.2.0/xtensa-esp32-elf/include/c&#43;&#43;/5.2.0/bits/stl_algobase.h:219:5: note: candidate: template&lt;class _Tp&gt; const _Tp&amp; std::max(const _Tp&amp;, const _Tp&amp;)
     max(const _Tp&amp; __a, const _Tp&amp; __b)
     ^
/home/ec2-user/arduino-testlib/cli-datadir/data/packages/esp32/tools/xtensa-esp32-elf-gcc/1.22.0-97-gc752ad5-5.2.0/xtensa-esp32-elf/include/c&#43;&#43;/5.2.0/bits/stl_algobase.h:219:5: note:   template argument deduction/substitution failed:
/home/ec2-user/arduino-testlib/cli-datadir/user/libraries/CppLinq/examples/Example/Example.ino:10:23: note:   candidate expects 2 arguments, 0 provided
                &gt;&gt; max();
                       ^
/home/ec2-user/arduino-testlib/cli-datadir/user/libraries/CppLinq/examples/Example/Example.ino:16:23: error: no matching function for call to &#39;min()&#39;
                &gt;&gt; min();
                       ^
In file included from /home/ec2-user/arduino-testlib/cli-datadir/data/packages/esp32/tools/xtensa-esp32-elf-gcc/1.22.0-97-gc752ad5-5.2.0/xtensa-esp32-elf/include/c&#43;&#43;/5.2.0/algorithm:62:0,
                 from /home/ec2-user/arduino-testlib/cli-datadir/data/packages/esp32/hardware/esp32/1.0.6/cores/esp32/Arduino.h:142,
                 from /tmp/arduino-sketch-46859DE62867E2E3A8BB92159E5BF109/sketch/Example.ino.cpp:1:
/home/ec2-user/arduino-testlib/cli-datadir/data/packages/esp32/tools/xtensa-esp32-elf-gcc/1.22.0-97-gc752ad5-5.2.0/xtensa-esp32-elf/include/c&#43;&#43;/5.2.0/bits/stl_algo.h:3451:5: note: candidate: template&lt;class _Tp, class _Compare&gt; _Tp std::min(std::initializer_list&lt;_Tp&gt;, _Compare)
     min(initializer_list&lt;_Tp&gt; __l, _Compare __comp)
     ^
/home/ec2-user/arduino-testlib/cli-datadir/data/packages/esp32/tools/xtensa-esp32-elf-gcc/1.22.0-97-gc752ad5-5.2.0/xtensa-esp32-elf/include/c&#43;&#43;/5.2.0/bits/stl_algo.h:3451:5: note:   template argument deduction/substitution failed:
/home/ec2-user/arduino-testlib/cli-datadir/user/libraries/CppLinq/examples/Example/Example.ino:16:23: note:   candidate expects 2 arguments, 0 provided
                &gt;&gt; min();
                       ^
In file included from /home/ec2-user/arduino-testlib/cli-datadir/data/packages/esp32/tools/xtensa-esp32-elf-gcc/1.22.0-97-gc752ad5-5.2.0/xtensa-esp32-elf/include/c&#43;&#43;/5.2.0/algorithm:62:0,
                 from /home/ec2-user/arduino-testlib/cli-datadir/data/packages/esp32/hardware/esp32/1.0.6/cores/esp32/Arduino.h:142,
                 from /tmp/arduino-sketch-46859DE62867E2E3A8BB92159E5BF109/sketch/Example.ino.cpp:1:
/home/ec2-user/arduino-testlib/cli-datadir/data/packages/esp32/tools/xtensa-esp32-elf-gcc/1.22.0-97-gc752ad5-5.2.0/xtensa-esp32-elf/include/c&#43;&#43;/5.2.0/bits/stl_algo.h:3445:5: note: candidate: template&lt;class _Tp&gt; _Tp std::min(std::initializer_list&lt;_Tp&gt;)
     min(initializer_list&lt;_Tp&gt; __l)
     ^
/home/ec2-user/arduino-testlib/cli-datadir/data/packages/esp32/tools/xtensa-esp32-elf-gcc/1.22.0-97-gc752ad5-5.2.0/xtensa-esp32-elf/include/c&#43;&#43;/5.2.0/bits/stl_algo.h:3445:5: note:   template argument deduction/substitution failed:
/home/ec2-user/arduino-testlib/cli-datadir/user/libraries/CppLinq/examples/Example/Example.ino:16:23: note:   candidate expects 1 argument, 0 provided
                &gt;&gt; min();
                       ^
In file included from /home/ec2-user/arduino-testlib/cli-datadir/data/packages/esp32/tools/xtensa-esp32-elf-gcc/1.22.0-97-gc752ad5-5.2.0/xtensa-esp32-elf/include/c&#43;&#43;/5.2.0/algorithm:61:0,
                 from /home/ec2-user/arduino-testlib/cli-datadir/data/packages/esp32/hardware/esp32/1.0.6/cores/esp32/Arduino.h:142,
                 from /tmp/arduino-sketch-46859DE62867E2E3A8BB92159E5BF109/sketch/Example.ino.cpp:1:
/home/ec2-user/arduino-testlib/cli-datadir/data/packages/esp32/tools/xtensa-esp32-elf-gcc/1.22.0-97-gc752ad5-5.2.0/xtensa-esp32-elf/include/c&#43;&#43;/5.2.0/bits/stl_algobase.h:243:5: note: candidate: template&lt;class _Tp, class _Compare&gt; const _Tp&amp; std::min(const _Tp&amp;, const _Tp&amp;, _Compare)
     min(const _Tp&amp; __a, const _Tp&amp; __b, _Compare __comp)
     ^
/home/ec2-user/arduino-testlib/cli-datadir/data/packages/esp32/tools/xtensa-esp32-elf-gcc/1.22.0-97-gc752ad5-5.2.0/xtensa-esp32-elf/include/c&#43;&#43;/5.2.0/bits/stl_algobase.h:243:5: note:   template argument deduction/substitution failed:
/home/ec2-user/arduino-testlib/cli-datadir/user/libraries/CppLinq/examples/Example/Example.ino:16:23: note:   candidate expects 3 arguments, 0 provided
                &gt;&gt; min();
                       ^
In file included from /home/ec2-user/arduino-testlib/cli-datadir/data/packages/esp32/tools/xtensa-esp32-elf-gcc/1.22.0-97-gc752ad5-5.2.0/xtensa-esp32-elf/include/c&#43;&#43;/5.2.0/algorithm:61:0,
                 from /home/ec2-user/arduino-testlib/cli-datadir/data/packages/esp32/hardware/esp32/1.0.6/cores/esp32/Arduino.h:142,
                 from /tmp/arduino-sketch-468</pre>
					
				
			</div>
		</div>
	</div>
  </body>
</html>
