
<!doctype html>
<html lang="en">
  <head>
    <meta charset="utf-8">
    <meta name="viewport" content="width=device-width, initial-scale=1">
    <link href="https://cdn.jsdelivr.net/npm/bootstrap@5.0.2/dist/css/bootstrap.min.css" rel="stylesheet" integrity="sha384-EVSTQN3/azprG1Anm3QDgpJLIm9Nao0Yz1ztcQTwFspd3yD65VohhpuuCOmLASjC" crossorigin="anonymous">
    <title>arduino-testlib report</title>
	<style>
	.pass { background-color: #00FF00 !important; }
	.fail { background-color: #FF0000 !important; }
	</style>
  </head>
  <body>
	<div class="container">
		<div class="row">
			<div class="col">
				<h1>Cytron Maker Sumo Library - compatibility matrix</h1>
				<p>
					<small>This report was generated on Wednesday, 23-Feb-22 22:48:15 CET using 
					<a href="https://github.com/alranel/arduino-testlib">arduino-testlib</a>.</small>
				</p>

				<h2>Cytron Maker Sumo Library</h2>
				<p>
					Version: <b>1.2.3</b>
					<br />
					<a href="https://www.arduino.cc/reference/en/libraries/cytron-maker-sumo-library/">More details</a>
				</p>

				<h2>Compatibility matrix</h2>
				<table class="table table-bordered">
					<tr>
						<th>Board</th>
						<th>Claims compatibility</th>
						<th>Inclusion</th>
						
						<th><pre>CalibrateEdgeSensors</pre></th>
						
						<th><pre>RcSumo</pre></th>
						
						<th><pre>TestInputs</pre></th>
						
						<th><pre>TestOutputs</pre></th>
						
						<th><pre>AutoSumo</pre></th>
						
					</tr>
					
					<tr>
						<td>
							<a href="#arduino%3aavr%3auno"><b>arduino:avr:uno</b></a>
							<br />
							<small>1.8.4</small>
						</td>

						
						
						
							<td>Yes ⚠️</td>
							<td class="fail">FAIL</td>
						
						

						
							
								
									
										
									
										
											<td class="pass">PASS</td>
											
										
									
										
									
										
									
										
									
								
							
								
							
								
							
								
							
								
							
						
							
								
									
										
									
										
									
										
											<td class="pass">PASS</td>
											
										
									
										
									
										
									
								
							
								
							
								
							
								
							
								
							
						
							
								
									
										
									
										
									
										
									
										
											<td class="pass">PASS</td>
											
										
									
										
									
								
							
								
							
								
							
								
							
								
							
						
							
								
									
										
									
										
									
										
									
										
									
										
											<td class="pass">PASS</td>
											
										
									
								
							
								
							
								
							
								
							
								
							
						
							
								
									
										
											<td class="pass">PASS</td>
											
										
									
										
									
										
									
										
									
										
									
								
							
								
							
								
							
								
							
								
							
						
					</tr>
					
					<tr>
						<td>
							<a href="#arduino%3ambed_nano%3ananorp2040connect"><b>arduino:mbed_nano:nanorp2040connect</b></a>
							<br />
							<small>2.7.2</small>
						</td>

						
						
						
						
							<td>No</td>
							<td class="fail">FAIL</td>
						

						
							
								
							
								
									
										
									
										
											
											<td class="fail">FAIL</td>
										
									
										
									
										
									
										
									
								
							
								
							
								
							
								
							
						
							
								
							
								
									
										
									
										
									
										
											
											<td class="fail">FAIL</td>
										
									
										
									
										
									
								
							
								
							
								
							
								
							
						
							
								
							
								
									
										
									
										
									
										
									
										
											
											<td class="fail">FAIL</td>
										
									
										
									
								
							
								
							
								
							
								
							
						
							
								
							
								
									
										
									
										
									
										
									
										
									
										
											
											<td class="fail">FAIL</td>
										
									
								
							
								
							
								
							
								
							
						
							
								
							
								
									
										
											
											<td class="fail">FAIL</td>
										
									
										
									
										
									
										
									
										
									
								
							
								
							
								
							
								
							
						
					</tr>
					
					<tr>
						<td>
							<a href="#arduino%3amegaavr%3anona4809"><b>arduino:megaavr:nona4809</b></a>
							<br />
							<small>1.8.7</small>
						</td>

						
						
						
						
							<td>No</td>
							<td class="fail">FAIL</td>
						

						
							
								
							
								
							
								
									
										
									
										
											<td class="pass">PASS</td>
											
										
									
										
									
										
									
										
									
								
							
								
							
								
							
						
							
								
							
								
							
								
									
										
									
										
									
										
											<td class="pass">PASS</td>
											
										
									
										
									
										
									
								
							
								
							
								
							
						
							
								
							
								
							
								
									
										
									
										
									
										
									
										
											<td class="pass">PASS</td>
											
										
									
										
									
								
							
								
							
								
							
						
							
								
							
								
							
								
									
										
									
										
									
										
									
										
									
										
											<td class="pass">PASS</td>
											
										
									
								
							
								
							
								
							
						
							
								
							
								
							
								
									
										
											<td class="pass">PASS</td>
											
										
									
										
									
										
									
										
									
										
									
								
							
								
							
								
							
						
					</tr>
					
					<tr>
						<td>
							<a href="#arduino%3asamd%3amkrwifi1010"><b>arduino:samd:mkrwifi1010</b></a>
							<br />
							<small>1.8.12</small>
						</td>

						
						
						
						
							<td>No</td>
							<td class="fail">FAIL</td>
						

						
							
								
							
								
							
								
							
								
									
										
									
										
											
											<td class="fail">FAIL</td>
										
									
										
									
										
									
										
									
								
							
								
							
						
							
								
							
								
							
								
							
								
									
										
									
										
									
										
											
											<td class="fail">FAIL</td>
										
									
										
									
										
									
								
							
								
							
						
							
								
							
								
							
								
							
								
									
										
									
										
									
										
									
										
											
											<td class="fail">FAIL</td>
										
									
										
									
								
							
								
							
						
							
								
							
								
							
								
							
								
									
										
									
										
									
										
									
										
									
										
											
											<td class="fail">FAIL</td>
										
									
								
							
								
							
						
							
								
							
								
							
								
							
								
									
										
											
											<td class="fail">FAIL</td>
										
									
										
									
										
									
										
									
										
									
								
							
								
							
						
					</tr>
					
					<tr>
						<td>
							<a href="#esp32%3aesp32%3ad1_mini32"><b>esp32:esp32:d1_mini32</b></a>
							<br />
							<small>1.0.6</small>
						</td>

						
						
						
						
							<td>No</td>
							<td class="fail">FAIL</td>
						

						
							
								
							
								
							
								
							
								
							
								
									
										
									
										
											
											<td class="fail">FAIL</td>
										
									
										
									
										
									
										
									
								
							
						
							
								
							
								
							
								
							
								
							
								
									
										
									
										
									
										
											
											<td class="fail">FAIL</td>
										
									
										
									
										
									
								
							
						
							
								
							
								
							
								
							
								
							
								
									
										
									
										
									
										
									
										
											
											<td class="fail">FAIL</td>
										
									
										
									
								
							
						
							
								
							
								
							
								
							
								
							
								
									
										
									
										
									
										
									
										
									
										
											
											<td class="fail">FAIL</td>
										
									
								
							
						
							
								
							
								
							
								
							
								
							
								
									
										
											
											<td class="fail">FAIL</td>
										
									
										
									
										
									
										
									
										
									
								
							
						
					</tr>
					
				</table>

				<h2>Compilation logs</h2>
				
				<h3 id="arduino:avr:uno">arduino:avr:uno @ 1.8.4</h3>
				<h4>Inclusion</h4>
				<p>
					Result: <b>FAIL</b>
					
					<br />This library has no main header file so an empty one was created.
					
				</p>
				<pre class="pre-scrollable">/private/tmp/arduino-testlib4180813263/test/test.ino:1:10: fatal error: Cytron_Maker_Sumo_Library.h: No such file or directory
 #include &lt;Cytron_Maker_Sumo_Library.h&gt;
          ^~~~~~~~~~~~~~~~~~~~~~~~~~~~~
compilation terminated.

</pre>

					
					<h4>examples/AutoSumo</h4>
					<p>
						Result: <b>PASS</b>
					</p>
					<pre class="pre-scrollable">Sketch uses 3972 bytes (12%) of program storage space. Maximum is 32256 bytes.
Global variables use 88 bytes (4%) of dynamic memory, leaving 1960 bytes for local variables. Maximum is 2048 bytes.
</pre>
					
					<h4>examples/CalibrateEdgeSensors</h4>
					<p>
						Result: <b>PASS</b>
					</p>
					<pre class="pre-scrollable">Sketch uses 5098 bytes (15%) of program storage space. Maximum is 32256 bytes.
Global variables use 291 bytes (14%) of dynamic memory, leaving 1757 bytes for local variables. Maximum is 2048 bytes.
</pre>
					
					<h4>examples/RcSumo</h4>
					<p>
						Result: <b>PASS</b>
					</p>
					<pre class="pre-scrollable">Sketch uses 5454 bytes (16%) of program storage space. Maximum is 32256 bytes.
Global variables use 261 bytes (12%) of dynamic memory, leaving 1787 bytes for local variables. Maximum is 2048 bytes.
</pre>
					
					<h4>examples/TestInputs</h4>
					<p>
						Result: <b>PASS</b>
					</p>
					<pre class="pre-scrollable">Sketch uses 5414 bytes (16%) of program storage space. Maximum is 32256 bytes.
Global variables use 383 bytes (18%) of dynamic memory, leaving 1665 bytes for local variables. Maximum is 2048 bytes.
</pre>
					
					<h4>examples/TestOutputs</h4>
					<p>
						Result: <b>PASS</b>
					</p>
					<pre class="pre-scrollable">Sketch uses 4634 bytes (14%) of program storage space. Maximum is 32256 bytes.
Global variables use 261 bytes (12%) of dynamic memory, leaving 1787 bytes for local variables. Maximum is 2048 bytes.
</pre>
					
				
				<h3 id="arduino:mbed_nano:nanorp2040connect">arduino:mbed_nano:nanorp2040connect @ 2.7.2</h3>
				<h4>Inclusion</h4>
				<p>
					Result: <b>FAIL</b>
					
					<br />This library has no main header file so an empty one was created.
					
				</p>
				<pre class="pre-scrollable">/tmp/arduino-testlib1346137362/test/test.ino:1:10: fatal error: Cytron_Maker_Sumo_Library.h: No such file or directory
 #include &lt;Cytron_Maker_Sumo_Library.h&gt;
          ^~~~~~~~~~~~~~~~~~~~~~~~~~~~~
compilation terminated.

</pre>

					
					<h4>examples/AutoSumo</h4>
					<p>
						Result: <b>FAIL</b>
					</p>
					<pre class="pre-scrollable">In file included from /home/ec2-user/arduino-testlib/cli-datadir/user/libraries/Cytron_Maker_Sumo_Library/CytronMakerSumo.cpp:1:0:
/home/ec2-user/arduino-testlib/cli-datadir/user/libraries/Hello_Drum/src/EEPROM.h:25:10: fatal error: avr/eeprom.h: No such file or directory
 #include &lt;avr/eeprom.h&gt;
          ^~~~~~~~~~~~~~
compilation terminated.
Multiple libraries were found for &#34;EEPROM.h&#34;
  Used: /home/ec2-user/arduino-testlib/cli-datadir/user/libraries/Hello_Drum
  Not used: /home/ec2-user/arduino-testlib/cli-datadir/user/libraries/arduino-NVM
Multiple libraries were found for &#34;Servo.h&#34;
  Used: /home/ec2-user/arduino-testlib/cli-datadir/user/libraries/Servo
  Not used: /home/ec2-user/arduino-testlib/cli-datadir/user/libraries/ServoESP32
  Not used: /home/ec2-user/arduino-testlib/cli-datadir/user/libraries/evive
  Not used: /home/ec2-user/arduino-testlib/cli-datadir/user/libraries/Printoo_Library
  Not used: /home/ec2-user/arduino-testlib/cli-datadir/user/libraries/XMC_Servo
  Not used: /home/ec2-user/arduino-testlib/cli-datadir/user/libraries/RokitSmart
</pre>
					
					<h4>examples/CalibrateEdgeSensors</h4>
					<p>
						Result: <b>FAIL</b>
					</p>
					<pre class="pre-scrollable">In file included from /home/ec2-user/arduino-testlib/cli-datadir/user/libraries/Cytron_Maker_Sumo_Library/examples/CalibrateEdgeSensors/CalibrateEdgeSensors.ino:36:0:
/home/ec2-user/arduino-testlib/cli-datadir/user/libraries/Hello_Drum/src/EEPROM.h:25:10: fatal error: avr/eeprom.h: No such file or directory
 #include &lt;avr/eeprom.h&gt;
          ^~~~~~~~~~~~~~
compilation terminated.
Multiple libraries were found for &#34;EEPROM.h&#34;
  Used: /home/ec2-user/arduino-testlib/cli-datadir/user/libraries/Hello_Drum
  Not used: /home/ec2-user/arduino-testlib/cli-datadir/user/libraries/arduino-NVM
</pre>
					
					<h4>examples/RcSumo</h4>
					<p>
						Result: <b>FAIL</b>
					</p>
					<pre class="pre-scrollable">In file included from /home/ec2-user/arduino-testlib/cli-datadir/user/libraries/Cytron_Maker_Sumo_Library/CytronMakerSumo.cpp:1:0:
/home/ec2-user/arduino-testlib/cli-datadir/user/libraries/Hello_Drum/src/EEPROM.h:25:10: fatal error: avr/eeprom.h: No such file or directory
 #include &lt;avr/eeprom.h&gt;
          ^~~~~~~~~~~~~~
compilation terminated.
Multiple libraries were found for &#34;Servo.h&#34;
  Used: /home/ec2-user/arduino-testlib/cli-datadir/user/libraries/Servo
  Not used: /home/ec2-user/arduino-testlib/cli-datadir/user/libraries/Printoo_Library
  Not used: /home/ec2-user/arduino-testlib/cli-datadir/user/libraries/XMC_Servo
  Not used: /home/ec2-user/arduino-testlib/cli-datadir/user/libraries/ServoESP32
  Not used: /home/ec2-user/arduino-testlib/cli-datadir/user/libraries/evive
  Not used: /home/ec2-user/arduino-testlib/cli-datadir/user/libraries/RokitSmart
Multiple libraries were found for &#34;EEPROM.h&#34;
  Used: /home/ec2-user/arduino-testlib/cli-datadir/user/libraries/Hello_Drum
  Not used: /home/ec2-user/arduino-testlib/cli-datadir/user/libraries/arduino-NVM
</pre>
					
					<h4>examples/TestInputs</h4>
					<p>
						Result: <b>FAIL</b>
					</p>
					<pre class="pre-scrollable">In file included from /home/ec2-user/arduino-testlib/cli-datadir/user/libraries/Cytron_Maker_Sumo_Library/CytronMakerSumo.cpp:1:0:
/home/ec2-user/arduino-testlib/cli-datadir/user/libraries/Hello_Drum/src/EEPROM.h:25:10: fatal error: avr/eeprom.h: No such file or directory
 #include &lt;avr/eeprom.h&gt;
          ^~~~~~~~~~~~~~
compilation terminated.
Multiple libraries were found for &#34;Servo.h&#34;
  Used: /home/ec2-user/arduino-testlib/cli-datadir/user/libraries/Servo
  Not used: /home/ec2-user/arduino-testlib/cli-datadir/user/libraries/Printoo_Library
  Not used: /home/ec2-user/arduino-testlib/cli-datadir/user/libraries/XMC_Servo
  Not used: /home/ec2-user/arduino-testlib/cli-datadir/user/libraries/ServoESP32
  Not used: /home/ec2-user/arduino-testlib/cli-datadir/user/libraries/RokitSmart
  Not used: /home/ec2-user/arduino-testlib/cli-datadir/user/libraries/evive
Multiple libraries were found for &#34;EEPROM.h&#34;
  Used: /home/ec2-user/arduino-testlib/cli-datadir/user/libraries/Hello_Drum
  Not used: /home/ec2-user/arduino-testlib/cli-datadir/user/libraries/arduino-NVM
</pre>
					
					<h4>examples/TestOutputs</h4>
					<p>
						Result: <b>FAIL</b>
					</p>
					<pre class="pre-scrollable">In file included from /home/ec2-user/arduino-testlib/cli-datadir/user/libraries/Cytron_Maker_Sumo_Library/CytronMakerSumo.cpp:1:0:
/home/ec2-user/arduino-testlib/cli-datadir/user/libraries/Hello_Drum/src/EEPROM.h:25:10: fatal error: avr/eeprom.h: No such file or directory
 #include &lt;avr/eeprom.h&gt;
          ^~~~~~~~~~~~~~
compilation terminated.
Multiple libraries were found for &#34;Servo.h&#34;
  Used: /home/ec2-user/arduino-testlib/cli-datadir/user/libraries/Servo
  Not used: /home/ec2-user/arduino-testlib/cli-datadir/user/libraries/ServoESP32
  Not used: /home/ec2-user/arduino-testlib/cli-datadir/user/libraries/XMC_Servo
  Not used: /home/ec2-user/arduino-testlib/cli-datadir/user/libraries/Printoo_Library
  Not used: /home/ec2-user/arduino-testlib/cli-datadir/user/libraries/RokitSmart
  Not used: /home/ec2-user/arduino-testlib/cli-datadir/user/libraries/evive
Multiple libraries were found for &#34;EEPROM.h&#34;
  Used: /home/ec2-user/arduino-testlib/cli-datadir/user/libraries/Hello_Drum
  Not used: /home/ec2-user/arduino-testlib/cli-datadir/user/libraries/arduino-NVM
</pre>
					
				
				<h3 id="arduino:megaavr:nona4809">arduino:megaavr:nona4809 @ 1.8.7</h3>
				<h4>Inclusion</h4>
				<p>
					Result: <b>FAIL</b>
					
					<br />This library has no main header file so an empty one was created.
					
				</p>
				<pre class="pre-scrollable">/tmp/arduino-testlib1346137362/test/test.ino:1:10: fatal error: Cytron_Maker_Sumo_Library.h: No such file or directory
 #include &lt;Cytron_Maker_Sumo_Library.h&gt;
          ^~~~~~~~~~~~~~~~~~~~~~~~~~~~~
compilation terminated.

</pre>

					
					<h4>examples/AutoSumo</h4>
					<p>
						Result: <b>PASS</b>
					</p>
					<pre class="pre-scrollable">WARNING: library Cytron_Maker_Sumo_Library claims to run on avr architecture(s) and may be incompatible with your current board which runs on megaavr architecture(s).
Sketch uses 4548 bytes (9%) of program storage space. Maximum is 49152 bytes.
Global variables use 101 bytes (1%) of dynamic memory, leaving 6043 bytes for local variables. Maximum is 6144 bytes.
</pre>
					
					<h4>examples/CalibrateEdgeSensors</h4>
					<p>
						Result: <b>PASS</b>
					</p>
					<pre class="pre-scrollable">WARNING: library Cytron_Maker_Sumo_Library claims to run on avr architecture(s) and may be incompatible with your current board which runs on megaavr architecture(s).
Sketch uses 6070 bytes (12%) of program storage space. Maximum is 49152 bytes.
Global variables use 262 bytes (4%) of dynamic memory, leaving 5882 bytes for local variables. Maximum is 6144 bytes.
</pre>
					
					<h4>examples/RcSumo</h4>
					<p>
						Result: <b>PASS</b>
					</p>
					<pre class="pre-scrollable">WARNING: library Cytron_Maker_Sumo_Library claims to run on avr architecture(s) and may be incompatible with your current board which runs on megaavr architecture(s).
Sketch uses 6518 bytes (13%) of program storage space. Maximum is 49152 bytes.
Global variables use 254 bytes (4%) of dynamic memory, leaving 5890 bytes for local variables. Maximum is 6144 bytes.
</pre>
					
					<h4>examples/TestInputs</h4>
					<p>
						Result: <b>PASS</b>
					</p>
					<pre class="pre-scrollable">WARNING: library Cytron_Maker_Sumo_Library claims to run on avr architecture(s) and may be incompatible with your current board which runs on megaavr architecture(s).
Sketch uses 6381 bytes (12%) of program storage space. Maximum is 49152 bytes.
Global variables use 254 bytes (4%) of dynamic memory, leaving 5890 bytes for local variables. Maximum is 6144 bytes.
</pre>
					
					<h4>examples/TestOutputs</h4>
					<p>
						Result: <b>PASS</b>
					</p>
					<pre class="pre-scrollable">WARNING: library Cytron_Maker_Sumo_Library claims to run on avr architecture(s) and may be incompatible with your current board which runs on megaavr architecture(s).
Sketch uses 5578 bytes (11%) of program storage space. Maximum is 49152 bytes.
Global variables use 254 bytes (4%) of dynamic memory, leaving 5890 bytes for local variables. Maximum is 6144 bytes.
</pre>
					
				
				<h3 id="arduino:samd:mkrwifi1010">arduino:samd:mkrwifi1010 @ 1.8.12</h3>
				<h4>Inclusion</h4>
				<p>
					Result: <b>FAIL</b>
					
					<br />This library has no main header file so an empty one was created.
					
				</p>
				<pre class="pre-scrollable">/private/tmp/arduino-testlib4180813263/test/test.ino:1:10: fatal error: Cytron_Maker_Sumo_Library.h: No such file or directory
 #include &lt;Cytron_Maker_Sumo_Library.h&gt;
          ^~~~~~~~~~~~~~~~~~~~~~~~~~~~~
compilation terminated.

</pre>

					
					<h4>examples/AutoSumo</h4>
					<p>
						Result: <b>FAIL</b>
					</p>
					<pre class="pre-scrollable">In file included from /Users/alranel/Documents/git/arduino/arduino-testlib/cli-datadir/user/libraries/Cytron_Maker_Sumo_Library/CytronMakerSumo.cpp:1:0:
/Users/alranel/Documents/git/arduino/arduino-testlib/cli-datadir/user/libraries/Hello_Drum/src/EEPROM.h:25:10: fatal error: avr/eeprom.h: No such file or directory
 #include &lt;avr/eeprom.h&gt;
          ^~~~~~~~~~~~~~
compilation terminated.
Multiple libraries were found for &#34;Servo.h&#34;
  Used: /Users/alranel/Documents/git/arduino/arduino-testlib/cli-datadir/user/libraries/Servo
  Not used: /Users/alranel/Documents/git/arduino/arduino-testlib/cli-datadir/user/libraries/RokitSmart
  Not used: /Users/alranel/Documents/git/arduino/arduino-testlib/cli-datadir/user/libraries/ServoESP32
  Not used: /Users/alranel/Documents/git/arduino/arduino-testlib/cli-datadir/user/libraries/XMC_Servo
  Not used: /Users/alranel/Documents/git/arduino/arduino-testlib/cli-datadir/user/libraries/evive
  Not used: /Users/alranel/Documents/git/arduino/arduino-testlib/cli-datadir/user/libraries/Printoo_Library
Multiple libraries were found for &#34;EEPROM.h&#34;
  Used: /Users/alranel/Documents/git/arduino/arduino-testlib/cli-datadir/user/libraries/Hello_Drum
  Not used: /Users/alranel/Documents/git/arduino/arduino-testlib/cli-datadir/user/libraries/arduino-NVM
</pre>
					
					<h4>examples/CalibrateEdgeSensors</h4>
					<p>
						Result: <b>FAIL</b>
					</p>
					<pre class="pre-scrollable">In file included from /Users/alranel/Documents/git/arduino/arduino-testlib/cli-datadir/user/libraries/Cytron_Maker_Sumo_Library/examples/CalibrateEdgeSensors/CalibrateEdgeSensors.ino:36:0:
/Users/alranel/Documents/git/arduino/arduino-testlib/cli-datadir/user/libraries/Hello_Drum/src/EEPROM.h:25:10: fatal error: avr/eeprom.h: No such file or directory
 #include &lt;avr/eeprom.h&gt;
          ^~~~~~~~~~~~~~
compilation terminated.
Multiple libraries were found for &#34;EEPROM.h&#34;
  Used: /Users/alranel/Documents/git/arduino/arduino-testlib/cli-datadir/user/libraries/Hello_Drum
  Not used: /Users/alranel/Documents/git/arduino/arduino-testlib/cli-datadir/user/libraries/arduino-NVM
</pre>
					
					<h4>examples/RcSumo</h4>
					<p>
						Result: <b>FAIL</b>
					</p>
					<pre class="pre-scrollable">In file included from /Users/alranel/Documents/git/arduino/arduino-testlib/cli-datadir/user/libraries/Cytron_Maker_Sumo_Library/CytronMakerSumo.cpp:1:0:
/Users/alranel/Documents/git/arduino/arduino-testlib/cli-datadir/user/libraries/Hello_Drum/src/EEPROM.h:25:10: fatal error: avr/eeprom.h: No such file or directory
 #include &lt;avr/eeprom.h&gt;
          ^~~~~~~~~~~~~~
compilation terminated.
Multiple libraries were found for &#34;Servo.h&#34;
  Used: /Users/alranel/Documents/git/arduino/arduino-testlib/cli-datadir/user/libraries/Servo
  Not used: /Users/alranel/Documents/git/arduino/arduino-testlib/cli-datadir/user/libraries/XMC_Servo
  Not used: /Users/alranel/Documents/git/arduino/arduino-testlib/cli-datadir/user/libraries/ServoESP32
  Not used: /Users/alranel/Documents/git/arduino/arduino-testlib/cli-datadir/user/libraries/evive
  Not used: /Users/alranel/Documents/git/arduino/arduino-testlib/cli-datadir/user/libraries/RokitSmart
  Not used: /Users/alranel/Documents/git/arduino/arduino-testlib/cli-datadir/user/libraries/Printoo_Library
Multiple libraries were found for &#34;EEPROM.h&#34;
  Used: /Users/alranel/Documents/git/arduino/arduino-testlib/cli-datadir/user/libraries/Hello_Drum
  Not used: /Users/alranel/Documents/git/arduino/arduino-testlib/cli-datadir/user/libraries/arduino-NVM
</pre>
					
					<h4>examples/TestInputs</h4>
					<p>
						Result: <b>FAIL</b>
					</p>
					<pre class="pre-scrollable">In file included from /Users/alranel/Documents/git/arduino/arduino-testlib/cli-datadir/user/libraries/Cytron_Maker_Sumo_Library/CytronMakerSumo.cpp:1:0:
/Users/alranel/Documents/git/arduino/arduino-testlib/cli-datadir/user/libraries/Hello_Drum/src/EEPROM.h:25:10: fatal error: avr/eeprom.h: No such file or directory
 #include &lt;avr/eeprom.h&gt;
          ^~~~~~~~~~~~~~
compilation terminated.
Multiple libraries were found for &#34;Servo.h&#34;
  Used: /Users/alranel/Documents/git/arduino/arduino-testlib/cli-datadir/user/libraries/Servo
  Not used: /Users/alranel/Documents/git/arduino/arduino-testlib/cli-datadir/user/libraries/RokitSmart
  Not used: /Users/alranel/Documents/git/arduino/arduino-testlib/cli-datadir/user/libraries/XMC_Servo
  Not used: /Users/alranel/Documents/git/arduino/arduino-testlib/cli-datadir/user/libraries/Printoo_Library
  Not used: /Users/alranel/Documents/git/arduino/arduino-testlib/cli-datadir/user/libraries/evive
  Not used: /Users/alranel/Documents/git/arduino/arduino-testlib/cli-datadir/user/libraries/ServoESP32
Multiple libraries were found for &#34;EEPROM.h&#34;
  Used: /Users/alranel/Documents/git/arduino/arduino-testlib/cli-datadir/user/libraries/Hello_Drum
  Not used: /Users/alranel/Documents/git/arduino/arduino-testlib/cli-datadir/user/libraries/arduino-NVM
</pre>
					
					<h4>examples/TestOutputs</h4>
					<p>
						Result: <b>FAIL</b>
					</p>
					<pre class="pre-scrollable">In file included from /Users/alranel/Documents/git/arduino/arduino-testlib/cli-datadir/user/libraries/Cytron_Maker_Sumo_Library/CytronMakerSumo.cpp:1:0:
/Users/alranel/Documents/git/arduino/arduino-testlib/cli-datadir/user/libraries/Hello_Drum/src/EEPROM.h:25:10: fatal error: avr/eeprom.h: No such file or directory
 #include &lt;avr/eeprom.h&gt;
          ^~~~~~~~~~~~~~
compilation terminated.
Multiple libraries were found for &#34;Servo.h&#34;
  Used: /Users/alranel/Documents/git/arduino/arduino-testlib/cli-datadir/user/libraries/Servo
  Not used: /Users/alranel/Documents/git/arduino/arduino-testlib/cli-datadir/user/libraries/ServoESP32
  Not used: /Users/alranel/Documents/git/arduino/arduino-testlib/cli-datadir/user/libraries/evive
  Not used: /Users/alranel/Documents/git/arduino/arduino-testlib/cli-datadir/user/libraries/Printoo_Library
  Not used: /Users/alranel/Documents/git/arduino/arduino-testlib/cli-datadir/user/libraries/RokitSmart
  Not used: /Users/alranel/Documents/git/arduino/arduino-testlib/cli-datadir/user/libraries/XMC_Servo
Multiple libraries were found for &#34;EEPROM.h&#34;
  Used: /Users/alranel/Documents/git/arduino/arduino-testlib/cli-datadir/user/libraries/Hello_Drum
  Not used: /Users/alranel/Documents/git/arduino/arduino-testlib/cli-datadir/user/libraries/arduino-NVM
</pre>
					
				
				<h3 id="esp32:esp32:d1_mini32">esp32:esp32:d1_mini32 @ 1.0.6</h3>
				<h4>Inclusion</h4>
				<p>
					Result: <b>FAIL</b>
					
					<br />This library has no main header file so an empty one was created.
					
				</p>
				<pre class="pre-scrollable">/tmp/arduino-testlib2485813532/test/test.ino:1:39: fatal error: Cytron_Maker_Sumo_Library.h: No such file or directory
compilation terminated.

</pre>

					
					<h4>examples/AutoSumo</h4>
					<p>
						Result: <b>FAIL</b>
					</p>
					<pre class="pre-scrollable">WARNING: library Cytron_Maker_Sumo_Library claims to run on avr architecture(s) and may be incompatible with your current board which runs on esp32 architecture(s).
In file included from /home/ec2-user/arduino-testlib/cli-datadir/user/libraries/Cytron_Maker_Sumo_Library/examples/AutoSumo/AutoSumo.ino:20:0:
/home/ec2-user/arduino-testlib/cli-datadir/user/libraries/Cytron_Maker_Sumo_Library/examples/AutoSumo/AutoSumo.ino: In function &#39;void loop()&#39;:
/home/ec2-user/arduino-testlib/cli-datadir/user/libraries/Cytron_Maker_Sumo_Library/CytronMakerSumo.h:30:17: error: &#39;A1&#39; was not declared in this scope
 #define EDGE_R  A1
                 ^
/home/ec2-user/arduino-testlib/cli-datadir/user/libraries/Cytron_Maker_Sumo_Library/examples/AutoSumo/AutoSumo.ino:80:23: note: in expansion of macro &#39;EDGE_R&#39;
   else if (analogRead(EDGE_R) &lt; EDGE_R_THRESHOLD) {
                       ^
Multiple libraries were found for &#34;Servo.h&#34;
  Used: /home/ec2-user/arduino-testlib/cli-datadir/user/libraries/ServoESP32
  Not used: /home/ec2-user/arduino-testlib/cli-datadir/user/libraries/RokitSmart
  Not used: /home/ec2-user/arduino-testlib/cli-datadir/user/libraries/Servo
  Not used: /home/ec2-user/arduino-testlib/cli-datadir/user/libraries/evive
  Not used: /home/ec2-user/arduino-testlib/cli-datadir/user/libraries/Printoo_Library
  Not used: /home/ec2-user/arduino-testlib/cli-datadir/user/libraries/XMC_Servo
Multiple libraries were found for &#34;EEPROM.h&#34;
  Used: /home/ec2-user/arduino-testlib/cli-datadir/data/packages/esp32/hardware/esp32/1.0.6/libraries/EEPROM
  Not used: /home/ec2-user/arduino-testlib/cli-datadir/user/libraries/arduino-NVM
  Not used: /home/ec2-user/arduino-testlib/cli-datadir/user/libraries/Hello_Drum
</pre>
					
					<h4>examples/CalibrateEdgeSensors</h4>
					<p>
						Result: <b>FAIL</b>
					</p>
					<pre class="pre-scrollable">WARNING: library Cytron_Maker_Sumo_Library claims to run on avr architecture(s) and may be incompatible with your current board which runs on esp32 architecture(s).
In file included from /home/ec2-user/arduino-testlib/cli-datadir/user/libraries/Cytron_Maker_Sumo_Library/examples/CalibrateEdgeSensors/CalibrateEdgeSensors.ino:37:0:
/home/ec2-user/arduino-testlib/cli-datadir/user/libraries/Cytron_Maker_Sumo_Library/examples/CalibrateEdgeSensors/CalibrateEdgeSensors.ino: In function &#39;void loop()&#39;:
/home/ec2-user/arduino-testlib/cli-datadir/user/libraries/Cytron_Maker_Sumo_Library/CytronMakerSumo.h:30:17: error: &#39;A1&#39; was not declared in this scope
 #define EDGE_R  A1
                 ^
/home/ec2-user/arduino-testlib/cli-datadir/user/libraries/Cytron_Maker_Sumo_Library/examples/CalibrateEdgeSensors/CalibrateEdgeSensors.ino:79:68: note: in expansion of macro &#39;EDGE_R&#39;
   if (MakerSumo.isEdgeDetected(EDGE_L) || MakerSumo.isEdgeDetected(EDGE_R)) {
                                                                    ^
/home/ec2-user/arduino-testlib/cli-datadir/user/libraries/Cytron_Maker_Sumo_Library/CytronMakerSumo.h:30:17: error: &#39;A1&#39; was not declared in this scope
 #define EDGE_R  A1
                 ^
/home/ec2-user/arduino-testlib/cli-datadir/user/libraries/Cytron_Maker_Sumo_Library/examples/CalibrateEdgeSensors/CalibrateEdgeSensors.ino:90:53: note: in expansion of macro &#39;EDGE_R&#39;
   Serial.println (MakerSumo.readEdgeSensorThreshold(EDGE_R));
                                                     ^
Multiple libraries were found for &#34;Servo.h&#34;
  Used: /home/ec2-user/arduino-testlib/cli-datadir/user/libraries/ServoESP32
  Not used: /home/ec2-user/arduino-testlib/cli-datadir/user/libraries/RokitSmart
  Not used: /home/ec2-user/arduino-testlib/cli-datadir/user/libraries/evive
  Not used: /home/ec2-user/arduino-testlib/cli-datadir/user/libraries/XMC_Servo
  Not used: /home/ec2-user/arduino-testlib/cli-datadir/user/libraries/Printoo_Library
  Not used: /home/ec2-user/arduino-testlib/cli-datadir/user/libraries/Servo
Multiple libraries were found for &#34;EEPROM.h&#34;
  Used: /home/ec2-user/arduino-testlib/cli-datadir/data/packages/esp32/hardware/esp32/1.0.6/libraries/EEPROM
  Not used: /home/ec2-user/arduino-testlib/cli-datadir/user/libraries/arduino-NVM
  Not used: /home/ec2-user/arduino-testlib/cli-datadir/user/libraries/Hello_Drum
</pre>
					
					<h4>examples/RcSumo</h4>
					<p>
						Result: <b>FAIL</b>
					</p>
					<pre class="pre-scrollable">WARNING: library Cytron_Maker_Sumo_Library claims to run on avr architecture(s) and may be incompatible with your current board which runs on esp32 architecture(s).
In file included from /home/ec2-user/arduino-testlib/cli-datadir/user/libraries/Cytron_Maker_Sumo_Library/examples/RcSumo/RcSumo.ino:26:0:
/home/ec2-user/arduino-testlib/cli-datadir/user/libraries/Cytron_Maker_Sumo_Library/examples/RcSumo/RcSumo.ino: In function &#39;void setup()&#39;:
/home/ec2-user/arduino-testlib/cli-datadir/user/libraries/Cytron_Maker_Sumo_Library/CytronMakerSumo.h:26:16: error: &#39;A2&#39; was not declared in this scope
 #define GPIO1  A2
                ^
/home/ec2-user/arduino-testlib/cli-datadir/user/libraries/Cytron_Maker_Sumo_Library/examples/RcSumo/RcSumo.ino:31:27: note: in expansion of macro &#39;GPIO1&#39;
 #define RC_SPEED          GPIO1
                           ^
/home/ec2-user/arduino-testlib/cli-datadir/user/libraries/Cytron_Maker_Sumo_Library/examples/RcSumo/RcSumo.ino:55:11: note: in expansion of macro &#39;RC_SPEED&#39;
   pinMode(RC_SPEED, INPUT_PULLUP);
           ^
/home/ec2-user/arduino-testlib/cli-datadir/user/libraries/Cytron_Maker_Sumo_Library/examples/RcSumo/RcSumo.ino: In function &#39;void loop()&#39;:
/home/ec2-user/arduino-testlib/cli-datadir/user/libraries/Cytron_Maker_Sumo_Library/CytronMakerSumo.h:26:16: error: &#39;A2&#39; was not declared in this scope
 #define GPIO1  A2
                ^
/home/ec2-user/arduino-testlib/cli-datadir/user/libraries/Cytron_Maker_Sumo_Library/examples/RcSumo/RcSumo.ino:31:27: note: in expansion of macro &#39;GPIO1&#39;
 #define RC_SPEED          GPIO1
                           ^
/home/ec2-user/arduino-testlib/cli-datadir/user/libraries/Cytron_Maker_Sumo_Library/examples/RcSumo/RcSumo.ino:69:28: note: in expansion of macro &#39;RC_SPEED&#39;
   int speedPulse = pulseIn(RC_SPEED, HIGH, 100000);
                            ^
Multiple libraries were found for &#34;EEPROM.h&#34;
  Used: /home/ec2-user/arduino-testlib/cli-datadir/data/packages/esp32/hardware/esp32/1.0.6/libraries/EEPROM
  Not used: /home/ec2-user/arduino-testlib/cli-datadir/user/libraries/arduino-NVM
  Not used: /home/ec2-user/arduino-testlib/cli-datadir/user/libraries/Hello_Drum
Multiple libraries were found for &#34;Servo.h&#34;
  Used: /home/ec2-user/arduino-testlib/cli-datadir/user/libraries/ServoESP32
  Not used: /home/ec2-user/arduino-testlib/cli-datadir/user/libraries/evive
  Not used: /home/ec2-user/arduino-testlib/cli-datadir/user/libraries/Printoo_Library
  Not used: /home/ec2-user/arduino-testlib/cli-datadir/user/libraries/RokitSmart
  Not used: /home/ec2-user/arduino-testlib/cli-datadir/user/libraries/XMC_Servo
  Not used: /home/ec2-user/arduino-testlib/cli-datadir/user/libraries/Servo
</pre>
					
					<h4>examples/TestInputs</h4>
					<p>
						Result: <b>FAIL</b>
					</p>
					<pre class="pre-scrollable">WARNING: library Cytron_Maker_Sumo_Library claims to run on avr architecture(s) and may be incompatible with your current board which runs on esp32 architecture(s).
In file included from /home/ec2-user/arduino-testlib/cli-datadir/user/libraries/Cytron_Maker_Sumo_Library/examples/TestInputs/TestInputs.ino:20:0:
/home/ec2-user/arduino-testlib/cli-datadir/user/libraries/Cytron_Maker_Sumo_Library/examples/TestInputs/TestInputs.ino: In function &#39;void loop()&#39;:
/home/ec2-user/arduino-testlib/cli-datadir/user/libraries/Cytron_Maker_Sumo_Library/CytronMakerSumo.h:30:17: error: &#39;A1&#39; was not declared in this scope
 #define EDGE_R  A1
                 ^
/home/ec2-user/arduino-testlib/cli-datadir/user/libraries/Cytron_Maker_Sumo_Library/examples/TestInputs/TestInputs.ino:68:27: note: in expansion of macro &#39;EDGE_R&#39;
   Serial.print(analogRead(EDGE_R));
                           ^
Multiple libraries were found for &#34;Servo.h&#34;
  Used: /home/ec2-user/arduino-testlib/cli-datadir/user/libraries/ServoESP32
  Not used: /home/ec2-user/arduino-testlib/cli-datadir/user/libraries/Servo
  Not used: /home/ec2-user/arduino-testlib/cli-datadir/user/libraries/RokitSmart
  Not used: /home/ec2-user/arduino-testlib/cli-datadir/user/libraries/evive
  Not used: /home/ec2-user/arduino-testlib/cli-datadir/user/libraries/XMC_Servo
  Not used: /home/ec2-user/arduino-testlib/cli-datadir/user/libraries/Printoo_Library
Multiple libraries were found for &#34;EEPROM.h&#34;
  Used: /home/ec2-user/arduino-testlib/cli-datadir/data/packages/esp32/hardware/esp32/1.0.6/libraries/EEPROM
  Not used: /home/ec2-user/arduino-testlib/cli-datadir/user/libraries/arduino-NVM
  Not used: /home/ec2-user/arduino-testlib/cli-datadir/user/libraries/Hello_Drum
</pre>
					
					<h4>examples/TestOutputs</h4>
					<p>
						Result: <b>FAIL</b>
					</p>
					<pre class="pre-scrollable">WARNING: library Cytron_Maker_Sumo_Library claims to run on avr architecture(s) and may be incompatible with your current board which runs on esp32 architecture(s).
/home/ec2-user/arduino-testlib/cli-datadir/user/libraries/Cytron_Maker_Sumo_Library/CytronMakerSumo.cpp: In member function &#39;void CytronMakerSumo::begin()&#39;:
/home/ec2-user/arduino-testlib/cli-datadir/user/libraries/Cytron_Maker_Sumo_Library/CytronMakerSumo.cpp:19:23: error: &#39;analogWrite&#39; was not declared in this scope
   analogWrite(PWM_L, 0);
                       ^
/home/ec2-user/arduino-testlib/cli-datadir/user/libraries/Cytron_Maker_Sumo_Library/CytronMakerSumo.cpp: In member function &#39;void CytronMakerSumo::stop()&#39;:
/home/ec2-user/arduino-testlib/cli-datadir/user/libraries/Cytron_Maker_Sumo_Library/CytronMakerSumo.cpp:58:23: error: &#39;analogWrite&#39; was not declared in this scope
   analogWrite(PWM_L, 0);
                       ^
/home/ec2-user/arduino-testlib/cli-datadir/user/libraries/Cytron_Maker_Sumo_Library/CytronMakerSumo.cpp: In member function &#39;void CytronMakerSumo::moveForward(int)&#39;:
/home/ec2-user/arduino-testlib/cli-datadir/user/libraries/Cytron_Maker_Sumo_Library/CytronMakerSumo.cpp:65:27: error: &#39;analogWrite&#39; was not declared in this scope
   analogWrite(PWM_L, speed);
                           ^
/home/ec2-user/arduino-testlib/cli-datadir/user/libraries/Cytron_Maker_Sumo_Library/CytronMakerSumo.cpp: In member function &#39;void CytronMakerSumo::moveBackward(int)&#39;:
/home/ec2-user/arduino-testlib/cli-datadir/user/libraries/Cytron_Maker_Sumo_Library/CytronMakerSumo.cpp:74:27: error: &#39;analogWrite&#39; was not declared in this scope
   analogWrite(PWM_L, speed);
                           ^
/home/ec2-user/arduino-testlib/cli-datadir/user/libraries/Cytron_Maker_Sumo_Library/CytronMakerSumo.cpp: In member function &#39;void CytronMakerSumo::turnLeft(int)&#39;:
/home/ec2-user/arduino-testlib/cli-datadir/user/libraries/Cytron_Maker_Sumo_Library/CytronMakerSumo.cpp:83:27: error: &#39;analogWrite&#39; was not declared in this scope
   analogWrite(PWM_L, speed);
                           ^
/home/ec2-user/arduino-testlib/cli-datadir/user/libraries/Cytron_Maker_Sumo_Library/CytronMakerSumo.cpp: In member function &#39;void CytronMakerSumo::turnRight(int)&#39;:
/home/ec2-user/arduino-testlib/cli-datadir/user/libraries/Cytron_Maker_Sumo_Library/CytronMakerSumo.cpp:92:27: error: &#39;analogWrite&#39; was not declared in this scope
   analogWrite(PWM_L, speed);
                           ^
/home/ec2-user/arduino-testlib/cli-datadir/user/libraries/Cytron_Maker_Sumo_Library/CytronMakerSumo.cpp: In member function &#39;void CytronMakerSumo::setMotorSpeed(int, int)&#39;:
/home/ec2-user/arduino-testlib/cli-datadir/user/libraries/Cytron_Maker_Sumo_Library/CytronMakerSumo.cpp:112:31: error: &#39;analogWrite&#39; was not declared in this scope
       analogWrite(PWM_L, speed);
                               ^
In file included from /home/ec2-user/arduino-testlib/cli-datadir/user/libraries/Cytron_Maker_Sumo_Library/CytronMakerSumo.cpp:2:0:
/home/ec2-user/arduino-testlib/cli-datadir/user/libraries/Cytron_Maker_Sumo_Library/CytronMakerSumo.cpp: In member function &#39;void CytronMakerSumo::calibrateEdgeSensors()&#39;:
/home/ec2-user/arduino-testlib/cli-datadir/user/libraries/Cytron_Maker_Sumo_Library/CytronMakerSumo.h:30:17: error: &#39;A1&#39; was not declared in this scope
 #define EDGE_R  A1
                 ^
/home/ec2-user/arduino-testlib/cli-datadir/user/libraries/Cytron_Maker_Sumo_Library/CytronMakerSumo.cpp:176:28: note: in expansion of macro &#39;EDGE_R&#39;
     int tempR = analogRead(EDGE_R);
                            ^
/home/ec2-user/arduino-testlib/cli-datadir/user/libraries/Cytron_Maker_Sumo_Library/CytronMakerSumo.cpp: In member function &#39;int CytronMakerSumo::readEdgeSensorThreshold(int)&#39;:
/home/ec2-user/arduino-testlib/cli-datadir/user/libraries/Cytron_Maker_Sumo_Library/CytronMakerSumo.h:30:17: error: &#39;A1&#39; was not declared in this scope
 #define EDGE_R  A1
                 ^
/home/ec2-user/arduino-testlib/cli-datadir/user/libraries/Cytron_Maker_Sumo_Library/CytronMakerSumo.cpp:212:20: note: in expansion of macro &#39;EDGE_R&#39;
   else if (side == EDGE_R) {
                    ^
Multiple libraries were found for &#34;Servo.h&#34;
  Used: /home/ec2-user/arduino-testlib/cli-datadir/user/libraries/ServoESP32
  Not used: /home/ec2-user/arduino-testlib/cli-datadir/user/libraries/XMC_Servo
  Not used: /home/ec2-user/arduino-testlib/cli-datadir/user/libraries/evive
  Not used: /home/ec2-user/arduino-testlib/cli-datadir/user/libraries/Servo
  Not used: /home/ec2-user/arduino-testlib/cli-datadir/user/libraries/RokitSmart
  Not used: /home/ec2-user/arduino-testlib/cli-datadir/user/libraries/Printoo_Library
Multiple libraries were found for &#34;EEPROM.h&#34;
  Used: /home/ec2-user/arduino-testlib/cli-datadir/data/packages/esp32/hardware/esp32/1.0.6/libraries/EEPROM
  Not used: /home/ec2-user/arduino-testlib/cli-datadir/user/libraries/Hello_Drum
  Not used: /home/ec2-user/arduino-testlib/cli-datadir/user/libraries/arduino-NVM
</pre>
					
				
			</div>
		</div>
	</div>
  </body>
</html>
