
<!doctype html>
<html lang="en">
  <head>
    <meta charset="utf-8">
    <meta name="viewport" content="width=device-width, initial-scale=1">
    <link href="https://cdn.jsdelivr.net/npm/bootstrap@5.0.2/dist/css/bootstrap.min.css" rel="stylesheet" integrity="sha384-EVSTQN3/azprG1Anm3QDgpJLIm9Nao0Yz1ztcQTwFspd3yD65VohhpuuCOmLASjC" crossorigin="anonymous">
    <title>arduino-testlib report</title>
	<style>
	.pass { background-color: #00FF00 !important; }
	.fail { background-color: #FF0000 !important; }
	</style>
  </head>
  <body>
	<div class="container">
		<div class="row">
			<div class="col">
				<h1>DarkSkySevenDay - compatibility matrix</h1>
				<p>
					<small>This report was generated on Monday, 21-Feb-22 12:00:25 CET using 
					<a href="https://github.com/alranel/arduino-testlib">arduino-testlib</a>.</small>
				</p>

				<h2>DarkSkySevenDay</h2>
				<p>
					Version: <b>1.0.0</b>
					<br />
					<a href="https://www.arduino.cc/reference/en/libraries/darkskysevenday/">More details</a>
				</p>

				<h2>Compatibility matrix</h2>
				<table class="table table-bordered">
					<tr>
						<th>Board</th>
						<th>Claims compatibility</th>
						<th>Inclusion</th>
						
					</tr>
					
					<tr>
						<td>
							<a href="#arduino%3aavr%3auno"><b>arduino:avr:uno</b></a>
							<br />
							<small>1.8.4</small>
						</td>

						
						
						
							<td>Yes ⚠️</td>
							<td class="fail">FAIL</td>
						
						

						
					</tr>
					
					<tr>
						<td>
							<a href="#arduino%3ambed_nano%3ananorp2040connect"><b>arduino:mbed_nano:nanorp2040connect</b></a>
							<br />
							<small>2.7.2</small>
						</td>

						
						
						
							<td>Yes ⚠️</td>
							<td class="fail">FAIL</td>
						
						

						
					</tr>
					
					<tr>
						<td>
							<a href="#arduino%3amegaavr%3anona4809"><b>arduino:megaavr:nona4809</b></a>
							<br />
							<small>1.8.7</small>
						</td>

						
						
						
							<td>Yes ⚠️</td>
							<td class="fail">FAIL</td>
						
						

						
					</tr>
					
					<tr>
						<td>
							<a href="#arduino%3asamd%3amkrwifi1010"><b>arduino:samd:mkrwifi1010</b></a>
							<br />
							<small>1.8.12</small>
						</td>

						
						
						
							<td>Yes ⚠️</td>
							<td class="fail">FAIL</td>
						
						

						
					</tr>
					
					<tr>
						<td>
							<a href="#esp32%3aesp32%3ad1_mini32"><b>esp32:esp32:d1_mini32</b></a>
							<br />
							<small>1.0.6</small>
						</td>

						
							<td>Yes</td>
							<td class="pass">PASS</td>
						
						
						
						

						
					</tr>
					
				</table>

				<h2>Compilation logs</h2>
				
				<h3 id="arduino:avr:uno">arduino:avr:uno @ 1.8.4</h3>
				<h4>Inclusion</h4>
				<p>
					Result: <b>FAIL</b>
					
				</p>
				<pre class="pre-scrollable">In file included from /home/ec2-user/arduino-testlib/cli-datadir/user/libraries/DarkSkySevenDay/src/DarkSkySevenDay.cpp:13:0:
/home/ec2-user/arduino-testlib/cli-datadir/user/libraries/Seeed_Arduino_rpcWiFi/src/HTTPClient.h:32:10: fatal error: memory: No such file or directory
 #include &lt;memory&gt;
          ^~~~~~~~
compilation terminated.

</pre>

					
				
				<h3 id="arduino:mbed_nano:nanorp2040connect">arduino:mbed_nano:nanorp2040connect @ 2.7.2</h3>
				<h4>Inclusion</h4>
				<p>
					Result: <b>FAIL</b>
					
				</p>
				<pre class="pre-scrollable">In file included from /home/ec2-user/arduino-testlib/cli-datadir/user/libraries/Seeed_Arduino_rpcUnified/src/erpc/erpc_threading.h:23:0,
                 from /home/ec2-user/arduino-testlib/cli-datadir/user/libraries/Seeed_Arduino_rpcUnified/src/erpc/erpc_client_manager.h:21,
                 from /home/ec2-user/arduino-testlib/cli-datadir/user/libraries/Seeed_Arduino_rpcUnified/src/erpc/erpc_server.h:16,
                 from /home/ec2-user/arduino-testlib/cli-datadir/user/libraries/Seeed_Arduino_rpcUnified/src/erpc/rpc_ble_callback_server.h:12,
                 from /home/ec2-user/arduino-testlib/cli-datadir/user/libraries/Seeed_Arduino_rpcUnified/src/erpc/erpc_shim_unified.h:7,
                 from /home/ec2-user/arduino-testlib/cli-datadir/user/libraries/Seeed_Arduino_rpcUnified/src/seeed_rpcUnified.h:10,
                 from /home/ec2-user/arduino-testlib/cli-datadir/user/libraries/Seeed_Arduino_rpcWiFi/src/WiFiGeneric.h:26,
                 from /home/ec2-user/arduino-testlib/cli-datadir/user/libraries/Seeed_Arduino_rpcWiFi/src/WiFiSTA.h:28,
                 from /home/ec2-user/arduino-testlib/cli-datadir/user/libraries/Seeed_Arduino_rpcWiFi/src/WiFi.h:32,
                 from /home/ec2-user/arduino-testlib/cli-datadir/user/libraries/Seeed_Arduino_rpcWiFi/src/rpcWiFi.h:1,
                 from /home/ec2-user/arduino-testlib/cli-datadir/user/libraries/Seeed_Arduino_rpcWiFi/src/HTTPClient.h:34,
                 from /home/ec2-user/arduino-testlib/cli-datadir/user/libraries/DarkSkySevenDay/src/DarkSkySevenDay.cpp:13:
/home/ec2-user/arduino-testlib/cli-datadir/user/libraries/FreeRTOS/src/semphr.h:33:6: error: #error &#34;include Arduino_FreeRTOS.h&#34; must appear in source files before &#34;include semphr.h&#34;
     #error &#34;include Arduino_FreeRTOS.h&#34; must appear in source files before &#34;include semphr.h&#34;
      ^~~~~
In file included from /home/ec2-user/arduino-testlib/cli-datadir/user/libraries/FreeRTOS/src/semphr.h:36:0,
                 from /home/ec2-user/arduino-testlib/cli-datadir/user/libraries/Seeed_Arduino_rpcUnified/src/erpc/erpc_threading.h:23,
                 from /home/ec2-user/arduino-testlib/cli-datadir/user/libraries/Seeed_Arduino_rpcUnified/src/erpc/erpc_client_manager.h:21,
                 from /home/ec2-user/arduino-testlib/cli-datadir/user/libraries/Seeed_Arduino_rpcUnified/src/erpc/erpc_server.h:16,
                 from /home/ec2-user/arduino-testlib/cli-datadir/user/libraries/Seeed_Arduino_rpcUnified/src/erpc/rpc_ble_callback_server.h:12,
                 from /home/ec2-user/arduino-testlib/cli-datadir/user/libraries/Seeed_Arduino_rpcUnified/src/erpc/erpc_shim_unified.h:7,
                 from /home/ec2-user/arduino-testlib/cli-datadir/user/libraries/Seeed_Arduino_rpcUnified/src/seeed_rpcUnified.h:10,
                 from /home/ec2-user/arduino-testlib/cli-datadir/user/libraries/Seeed_Arduino_rpcWiFi/src/WiFiGeneric.h:26,
                 from /home/ec2-user/arduino-testlib/cli-datadir/user/libraries/Seeed_Arduino_rpcWiFi/src/WiFiSTA.h:28,
                 from /home/ec2-user/arduino-testlib/cli-datadir/user/libraries/Seeed_Arduino_rpcWiFi/src/WiFi.h:32,
                 from /home/ec2-user/arduino-testlib/cli-datadir/user/libraries/Seeed_Arduino_rpcWiFi/src/rpcWiFi.h:1,
                 from /home/ec2-user/arduino-testlib/cli-datadir/user/libraries/Seeed_Arduino_rpcWiFi/src/HTTPClient.h:34,
                 from /home/ec2-user/arduino-testlib/cli-datadir/user/libraries/DarkSkySevenDay/src/DarkSkySevenDay.cpp:13:
/home/ec2-user/arduino-testlib/cli-datadir/user/libraries/FreeRTOS/src/queue.h:34:6: error: #error &#34;include Arduino_FreeRTOS.h&#34; must appear in source files before &#34;include queue.h&#34;
     #error &#34;include Arduino_FreeRTOS.h&#34; must appear in source files before &#34;include queue.h&#34;
      ^~~~~
In file included from /home/ec2-user/arduino-testlib/cli-datadir/user/libraries/FreeRTOS/src/queue.h:43:0,
                 from /home/ec2-user/arduino-testlib/cli-datadir/user/libraries/FreeRTOS/src/semphr.h:36,
                 from /home/ec2-user/arduino-testlib/cli-datadir/user/libraries/Seeed_Arduino_rpcUnified/src/erpc/erpc_threading.h:23,
                 from /home/ec2-user/arduino-testlib/cli-datadir/user/libraries/Seeed_Arduino_rpcUnified/src/erpc/erpc_client_manager.h:21,
                 from /home/ec2-user/arduino-testlib/cli-datadir/user/libraries/Seeed_Arduino_rpcUnified/src/erpc/erpc_server.h:16,
                 from /home/ec2-user/arduino-testlib/cli-datadir/user/libraries/Seeed_Arduino_rpcUnified/src/erpc/rpc_ble_callback_server.h:12,
                 from /home/ec2-user/arduino-testlib/cli-datadir/user/libraries/Seeed_Arduino_rpcUnified/src/erpc/erpc_shim_unified.h:7,
                 from /home/ec2-user/arduino-testlib/cli-datadir/user/libraries/Seeed_Arduino_rpcUnified/src/seeed_rpcUnified.h:10,
                 from /home/ec2-user/arduino-testlib/cli-datadir/user/libraries/Seeed_Arduino_rpcWiFi/src/WiFiGeneric.h:26,
                 from /home/ec2-user/arduino-testlib/cli-datadir/user/libraries/Seeed_Arduino_rpcWiFi/src/WiFiSTA.h:28,
                 from /home/ec2-user/arduino-testlib/cli-datadir/user/libraries/Seeed_Arduino_rpcWiFi/src/WiFi.h:32,
                 from /home/ec2-user/arduino-testlib/cli-datadir/user/libraries/Seeed_Arduino_rpcWiFi/src/rpcWiFi.h:1,
                 from /home/ec2-user/arduino-testlib/cli-datadir/user/libraries/Seeed_Arduino_rpcWiFi/src/HTTPClient.h:34,
                 from /home/ec2-user/arduino-testlib/cli-datadir/user/libraries/DarkSkySevenDay/src/DarkSkySevenDay.cpp:13:
/home/ec2-user/arduino-testlib/cli-datadir/user/libraries/FreeRTOS/src/task.h:34:6: error: #error &#34;include Arduino_FreeRTOS.h must appear in source files before include task.h&#34;
     #error &#34;include Arduino_FreeRTOS.h must appear in source files before include task.h&#34;
      ^~~~~
In file included from /home/ec2-user/arduino-testlib/cli-datadir/user/libraries/FreeRTOS/src/task.h:37:0,
                 from /home/ec2-user/arduino-testlib/cli-datadir/user/libraries/FreeRTOS/src/queue.h:43,
                 from /home/ec2-user/arduino-testlib/cli-datadir/user/libraries/FreeRTOS/src/semphr.h:36,
                 from /home/ec2-user/arduino-testlib/cli-datadir/user/libraries/Seeed_Arduino_rpcUnified/src/erpc/erpc_threading.h:23,
                 from /home/ec2-user/arduino-testlib/cli-datadir/user/libraries/Seeed_Arduino_rpcUnified/src/erpc/erpc_client_manager.h:21,
                 from /home/ec2-user/arduino-testlib/cli-datadir/user/libraries/Seeed_Arduino_rpcUnified/src/erpc/erpc_server.h:16,
                 from /home/ec2-user/arduino-testlib/cli-datadir/user/libraries/Seeed_Arduino_rpcUnified/src/erpc/rpc_ble_callback_server.h:12,
                 from /home/ec2-user/arduino-testlib/cli-datadir/user/libraries/Seeed_Arduino_rpcUnified/src/erpc/erpc_shim_unified.h:7,
                 from /home/ec2-user/arduino-testlib/cli-datadir/user/libraries/Seeed_Arduino_rpcUnified/src/seeed_rpcUnified.h:10,
                 from /home/ec2-user/arduino-testlib/cli-datadir/user/libraries/Seeed_Arduino_rpcWiFi/src/WiFiGeneric.h:26,
                 from /home/ec2-user/arduino-testlib/cli-datadir/user/libraries/Seeed_Arduino_rpcWiFi/src/WiFiSTA.h:28,
                 from /home/ec2-user/arduino-testlib/cli-datadir/user/libraries/Seeed_Arduino_rpcWiFi/src/WiFi.h:32,
                 from /home/ec2-user/arduino-testlib/cli-datadir/user/libraries/Seeed_Arduino_rpcWiFi/src/rpcWiFi.h:1,
                 from /home/ec2-user/arduino-testlib/cli-datadir/user/libraries/Seeed_Arduino_rpcWiFi/src/HTTPClient.h:34,
                 from /home/ec2-user/arduino-testlib/cli-datadir/user/libraries/DarkSkySevenDay/src/DarkSkySevenDay.cpp:13:
/home/ec2-user/arduino-testlib/cli-datadir/user/libraries/FreeRTOS/src/list.h:62:6: error: #error &#34;Arduino_FreeRTOS.h must be included before list.h&#34;
     #error &#34;Arduino_FreeRTOS.h must be included before list.h&#34;
      ^~~~~
In file included from /home/ec2-user/arduino-testlib/cli-datadir/user/libraries/Seeed_Arduino_rpcUnified/src/esp/esp_event_loop.h:22:0,
                 from /home/ec2-user/arduino-testlib/cli-datadir/user/libraries/Seeed_Arduino_rpcUnified/src/esp/esp_lib_unified.h:12,
                 from /home/ec2-user/arduino-testlib/cli-datadir/user/libraries/Seeed_Arduino_rpcUnified/src/seeed_rpcUnified.h:11,
                 from /home/ec2-user/arduino-testlib/cli-datadir/user/libraries/Seeed_Arduino_rpcWiFi/src/WiFiGeneric.h:26,
                 from /home/ec2-user/arduino-testlib/cli-datadir/user/libraries/Seeed_Arduino_rpcWiFi/src/WiFiSTA.h:28,
                 from /home/ec2-user/arduino-testlib/cli-datadir/user/libraries/Seeed_Arduino_rpcWiFi/src/WiFi.h:32,
                 from /home/ec2-user/arduino-testlib/cli-datadir/user/libraries/Seeed_Arduino_rpcWiFi/src/rpcWiFi.h:1,
                 from /home/ec2-user/arduino-testlib/cli-datadir/user/libraries/Seeed_Arduino_rpcWiFi/src/HTTPClient.h:34,
                 from /home/ec2-user/arduino-testlib/cli-datadir/user/libraries/DarkSkySevenDay/src/DarkSkySevenDay.cpp:13:
/home/ec2-user/arduino-testlib/cli-datadir/user/libraries/Seeed_Arduino_rpcUnified/src/esp/esp_event.h:19:10: fatal error: Seeed_Arduino_FreeRTOS.h: No such file or directory
 #include &#34;Seeed_Arduino_FreeRTOS.h&#34;
          ^~~~~~~~~~~~~~~~~~~~~~~~~~
compilation terminated.
Multiple libraries were found for &#34;FreeRTOS.h&#34;
  Used: /home/ec2-user/arduino-testlib/cli-datadir/user/libraries/FreeRTOS
  Not used: /home/ec2-user/arduino-testlib/cli-datadir/user/libraries/STM32duino_FreeRTOS
  Not used: /home/ec2-user/arduino-testlib/cli-datadir/user/libraries/ESP32_BLE_Arduino
  Not used: /home/ec2-user/arduino-testlib/cli-datadir/user/libraries/FreeRTOS_SAMD51
  Not used: /home/ec2-user/arduino-testlib/cli-datadir/user/libraries/FreeRTOS_SAMD21
</pre>

					
				
				<h3 id="arduino:megaavr:nona4809">arduino:megaavr:nona4809 @ 1.8.7</h3>
				<h4>Inclusion</h4>
				<p>
					Result: <b>FAIL</b>
					
				</p>
				<pre class="pre-scrollable">In file included from /home/ec2-user/arduino-testlib/cli-datadir/user/libraries/DarkSkySevenDay/src/DarkSkySevenDay.cpp:13:0:
/home/ec2-user/arduino-testlib/cli-datadir/user/libraries/Seeed_Arduino_rpcWiFi/src/HTTPClient.h:32:10: fatal error: memory: No such file or directory
 #include &lt;memory&gt;
          ^~~~~~~~
compilation terminated.

</pre>

					
				
				<h3 id="arduino:samd:mkrwifi1010">arduino:samd:mkrwifi1010 @ 1.8.12</h3>
				<h4>Inclusion</h4>
				<p>
					Result: <b>FAIL</b>
					
				</p>
				<pre class="pre-scrollable">In file included from /home/ec2-user/arduino-testlib/cli-datadir/user/libraries/Seeed_Arduino_rpcUnified/src/esp/esp_event_loop.h:22:0,
                 from /home/ec2-user/arduino-testlib/cli-datadir/user/libraries/Seeed_Arduino_rpcUnified/src/esp/esp_lib_unified.h:12,
                 from /home/ec2-user/arduino-testlib/cli-datadir/user/libraries/Seeed_Arduino_rpcUnified/src/seeed_rpcUnified.h:11,
                 from /home/ec2-user/arduino-testlib/cli-datadir/user/libraries/Seeed_Arduino_rpcWiFi/src/WiFiGeneric.h:26,
                 from /home/ec2-user/arduino-testlib/cli-datadir/user/libraries/Seeed_Arduino_rpcWiFi/src/WiFiSTA.h:28,
                 from /home/ec2-user/arduino-testlib/cli-datadir/user/libraries/Seeed_Arduino_rpcWiFi/src/WiFi.h:32,
                 from /home/ec2-user/arduino-testlib/cli-datadir/user/libraries/Seeed_Arduino_rpcWiFi/src/rpcWiFi.h:1,
                 from /home/ec2-user/arduino-testlib/cli-datadir/user/libraries/Seeed_Arduino_rpcWiFi/src/HTTPClient.h:34,
                 from /home/ec2-user/arduino-testlib/cli-datadir/user/libraries/DarkSkySevenDay/src/DarkSkySevenDay.cpp:13:
/home/ec2-user/arduino-testlib/cli-datadir/user/libraries/Seeed_Arduino_rpcUnified/src/esp/esp_event.h:19:10: fatal error: Seeed_Arduino_FreeRTOS.h: No such file or directory
 #include &#34;Seeed_Arduino_FreeRTOS.h&#34;
          ^~~~~~~~~~~~~~~~~~~~~~~~~~
compilation terminated.
Multiple libraries were found for &#34;FreeRTOS.h&#34;
  Used: /home/ec2-user/arduino-testlib/cli-datadir/user/libraries/FreeRTOS_SAMD51
  Not used: /home/ec2-user/arduino-testlib/cli-datadir/user/libraries/ESP32_BLE_Arduino
  Not used: /home/ec2-user/arduino-testlib/cli-datadir/user/libraries/FreeRTOS_SAMD21
  Not used: /home/ec2-user/arduino-testlib/cli-datadir/user/libraries/STM32duino_FreeRTOS
</pre>

					
				
				<h3 id="esp32:esp32:d1_mini32">esp32:esp32:d1_mini32 @ 1.0.6</h3>
				<h4>Inclusion</h4>
				<p>
					Result: <b>PASS</b>
					
				</p>
				<pre class="pre-scrollable">Sketch uses 261546 bytes (19%) of program storage space. Maximum is 1310720 bytes.
Global variables use 13824 bytes (4%) of dynamic memory, leaving 313856 bytes for local variables. Maximum is 327680 bytes.
</pre>

					
				
			</div>
		</div>
	</div>
  </body>
</html>
