
<!doctype html>
<html lang="en">
  <head>
    <meta charset="utf-8">
    <meta name="viewport" content="width=device-width, initial-scale=1">
    <link href="https://cdn.jsdelivr.net/npm/bootstrap@5.0.2/dist/css/bootstrap.min.css" rel="stylesheet" integrity="sha384-EVSTQN3/azprG1Anm3QDgpJLIm9Nao0Yz1ztcQTwFspd3yD65VohhpuuCOmLASjC" crossorigin="anonymous">
    <title>arduino-testlib report</title>
	<style>
	.pass { background-color: #00FF00 !important; }
	.fail { background-color: #FF0000 !important; }
	</style>
  </head>
  <body>
	<div class="container">
		<div class="row">
			<div class="col">
				<h1>dcf77_xtal - compatibility matrix</h1>
				<p>
					<small>This report was generated on Wednesday, 23-Feb-22 22:48:15 CET using 
					<a href="https://github.com/alranel/arduino-testlib">arduino-testlib</a>.</small>
				</p>

				<h2>dcf77_xtal</h2>
				<p>
					Version: <b>3.3.7</b>
					<br />
					<a href="https://www.arduino.cc/reference/en/libraries/dcf77_xtal/">More details</a>
				</p>

				<h2>Compatibility matrix</h2>
				<table class="table table-bordered">
					<tr>
						<th>Board</th>
						<th>Claims compatibility</th>
						<th>Inclusion</th>
						
						<th><pre>DCF77_Scope</pre></th>
						
						<th><pre>Swiss_Army_Debug_Helper</pre></th>
						
						<th><pre>The_Clock</pre></th>
						
						<th><pre>Time_Switch</pre></th>
						
						<th><pre>MB_Emulator</pre></th>
						
						<th><pre>Simple_Clock</pre></th>
						
						<th><pre>Simple_Clock_with_Timezone_Support</pre></th>
						
						<th><pre>Superfilter</pre></th>
						
						<th><pre>Unit_Test</pre></th>
						
					</tr>
					
					<tr>
						<td>
							<a href="#arduino%3aavr%3auno"><b>arduino:avr:uno</b></a>
							<br />
							<small>1.8.4</small>
						</td>

						
						
						
							<td>Yes ⚠️</td>
							<td class="fail">FAIL</td>
						
						

						
							
								
									
										
											<td class="pass">PASS</td>
											
										
									
										
									
										
									
										
									
										
									
										
									
										
									
										
									
										
									
								
							
								
							
								
							
								
							
								
							
						
							
								
									
										
									
										
									
										
									
										
									
										
									
										
											<td class="pass">PASS</td>
											
										
									
										
									
										
									
										
									
								
							
								
							
								
							
								
							
								
							
						
							
								
									
										
									
										
									
										
									
										
									
										
									
										
									
										
											<td class="pass">PASS</td>
											
										
									
										
									
										
									
								
							
								
							
								
							
								
							
								
							
						
							
								
									
										
									
										
									
										
									
										
									
										
									
										
									
										
									
										
											<td class="pass">PASS</td>
											
										
									
										
									
								
							
								
							
								
							
								
							
								
							
						
							
								
									
										
									
										
											<td class="pass">PASS</td>
											
										
									
										
									
										
									
										
									
										
									
										
									
										
									
										
									
								
							
								
							
								
							
								
							
								
							
						
							
								
									
										
									
										
									
										
											<td class="pass">PASS</td>
											
										
									
										
									
										
									
										
									
										
									
										
									
										
									
								
							
								
							
								
							
								
							
								
							
						
							
								
									
										
									
										
									
										
									
										
											<td class="pass">PASS</td>
											
										
									
										
									
										
									
										
									
										
									
										
									
								
							
								
							
								
							
								
							
								
							
						
							
								
									
										
									
										
									
										
									
										
									
										
											<td class="pass">PASS</td>
											
										
									
										
									
										
									
										
									
										
									
								
							
								
							
								
							
								
							
								
							
						
							
								
									
										
									
										
									
										
									
										
									
										
									
										
									
										
									
										
									
										
											
											<td class="fail">FAIL</td>
										
									
								
							
								
							
								
							
								
							
								
							
						
					</tr>
					
					<tr>
						<td>
							<a href="#arduino%3ambed_nano%3ananorp2040connect"><b>arduino:mbed_nano:nanorp2040connect</b></a>
							<br />
							<small>2.7.2</small>
						</td>

						
						
						
						
							<td>No</td>
							<td class="fail">FAIL</td>
						

						
							
								
							
								
									
										
											
											<td class="fail">FAIL</td>
										
									
										
									
										
									
										
									
										
									
										
									
										
									
										
									
										
									
								
							
								
							
								
							
								
							
						
							
								
							
								
									
										
									
										
									
										
									
										
									
										
									
										
											
											<td class="fail">FAIL</td>
										
									
										
									
										
									
										
									
								
							
								
							
								
							
								
							
						
							
								
							
								
									
										
									
										
									
										
									
										
									
										
									
										
									
										
											
											<td class="fail">FAIL</td>
										
									
										
									
										
									
								
							
								
							
								
							
								
							
						
							
								
							
								
									
										
									
										
									
										
									
										
									
										
									
										
									
										
									
										
											
											<td class="fail">FAIL</td>
										
									
										
									
								
							
								
							
								
							
								
							
						
							
								
							
								
									
										
									
										
											
											<td class="fail">FAIL</td>
										
									
										
									
										
									
										
									
										
									
										
									
										
									
										
									
								
							
								
							
								
							
								
							
						
							
								
							
								
									
										
									
										
									
										
											
											<td class="fail">FAIL</td>
										
									
										
									
										
									
										
									
										
									
										
									
										
									
								
							
								
							
								
							
								
							
						
							
								
							
								
									
										
									
										
									
										
									
										
											
											<td class="fail">FAIL</td>
										
									
										
									
										
									
										
									
										
									
										
									
								
							
								
							
								
							
								
							
						
							
								
							
								
									
										
									
										
									
										
									
										
									
										
											
											<td class="fail">FAIL</td>
										
									
										
									
										
									
										
									
										
									
								
							
								
							
								
							
								
							
						
							
								
							
								
									
										
									
										
									
										
									
										
									
										
									
										
									
										
									
										
									
										
											
											<td class="fail">FAIL</td>
										
									
								
							
								
							
								
							
								
							
						
					</tr>
					
					<tr>
						<td>
							<a href="#arduino%3amegaavr%3anona4809"><b>arduino:megaavr:nona4809</b></a>
							<br />
							<small>1.8.7</small>
						</td>

						
						
						
						
							<td>No</td>
							<td class="fail">FAIL</td>
						

						
							
								
							
								
							
								
									
										
											
											<td class="fail">FAIL</td>
										
									
										
									
										
									
										
									
										
									
										
									
										
									
										
									
										
									
								
							
								
							
								
							
						
							
								
							
								
							
								
									
										
									
										
									
										
									
										
									
										
									
										
											
											<td class="fail">FAIL</td>
										
									
										
									
										
									
										
									
								
							
								
							
								
							
						
							
								
							
								
							
								
									
										
									
										
									
										
									
										
									
										
									
										
									
										
											
											<td class="fail">FAIL</td>
										
									
										
									
										
									
								
							
								
							
								
							
						
							
								
							
								
							
								
									
										
									
										
									
										
									
										
									
										
									
										
									
										
									
										
											
											<td class="fail">FAIL</td>
										
									
										
									
								
							
								
							
								
							
						
							
								
							
								
							
								
									
										
									
										
											
											<td class="fail">FAIL</td>
										
									
										
									
										
									
										
									
										
									
										
									
										
									
										
									
								
							
								
							
								
							
						
							
								
							
								
							
								
									
										
									
										
									
										
											
											<td class="fail">FAIL</td>
										
									
										
									
										
									
										
									
										
									
										
									
										
									
								
							
								
							
								
							
						
							
								
							
								
							
								
									
										
									
										
									
										
									
										
											
											<td class="fail">FAIL</td>
										
									
										
									
										
									
										
									
										
									
										
									
								
							
								
							
								
							
						
							
								
							
								
							
								
									
										
									
										
									
										
									
										
									
										
											
											<td class="fail">FAIL</td>
										
									
										
									
										
									
										
									
										
									
								
							
								
							
								
							
						
							
								
							
								
							
								
									
										
									
										
									
										
									
										
									
										
									
										
									
										
									
										
									
										
											
											<td class="fail">FAIL</td>
										
									
								
							
								
							
								
							
						
					</tr>
					
					<tr>
						<td>
							<a href="#arduino%3asamd%3amkrwifi1010"><b>arduino:samd:mkrwifi1010</b></a>
							<br />
							<small>1.8.12</small>
						</td>

						
						
						
						
							<td>No</td>
							<td class="fail">FAIL</td>
						

						
							
								
							
								
							
								
							
								
									
										
											
											<td class="fail">FAIL</td>
										
									
										
									
										
									
										
									
										
									
										
									
										
									
										
									
										
									
								
							
								
							
						
							
								
							
								
							
								
							
								
									
										
									
										
									
										
									
										
									
										
									
										
											
											<td class="fail">FAIL</td>
										
									
										
									
										
									
										
									
								
							
								
							
						
							
								
							
								
							
								
							
								
									
										
									
										
									
										
									
										
									
										
									
										
									
										
											
											<td class="fail">FAIL</td>
										
									
										
									
										
									
								
							
								
							
						
							
								
							
								
							
								
							
								
									
										
									
										
									
										
									
										
									
										
									
										
									
										
									
										
											
											<td class="fail">FAIL</td>
										
									
										
									
								
							
								
							
						
							
								
							
								
							
								
							
								
									
										
									
										
											
											<td class="fail">FAIL</td>
										
									
										
									
										
									
										
									
										
									
										
									
										
									
										
									
								
							
								
							
						
							
								
							
								
							
								
							
								
									
										
									
										
									
										
											
											<td class="fail">FAIL</td>
										
									
										
									
										
									
										
									
										
									
										
									
										
									
								
							
								
							
						
							
								
							
								
							
								
							
								
									
										
									
										
									
										
									
										
											
											<td class="fail">FAIL</td>
										
									
										
									
										
									
										
									
										
									
										
									
								
							
								
							
						
							
								
							
								
							
								
							
								
									
										
									
										
									
										
									
										
									
										
											
											<td class="fail">FAIL</td>
										
									
										
									
										
									
										
									
										
									
								
							
								
							
						
							
								
							
								
							
								
							
								
									
										
									
										
									
										
									
										
									
										
									
										
									
										
									
										
									
										
											<td class="pass">PASS</td>
											
										
									
								
							
								
							
						
					</tr>
					
					<tr>
						<td>
							<a href="#esp32%3aesp32%3ad1_mini32"><b>esp32:esp32:d1_mini32</b></a>
							<br />
							<small>1.0.6</small>
						</td>

						
						
						
						
							<td>No</td>
							<td class="fail">FAIL</td>
						

						
							
								
							
								
							
								
							
								
							
								
									
										
											
											<td class="fail">FAIL</td>
										
									
										
									
										
									
										
									
										
									
										
									
										
									
										
									
										
									
								
							
						
							
								
							
								
							
								
							
								
							
								
									
										
									
										
									
										
									
										
									
										
									
										
											
											<td class="fail">FAIL</td>
										
									
										
									
										
									
										
									
								
							
						
							
								
							
								
							
								
							
								
							
								
									
										
									
										
									
										
									
										
									
										
									
										
									
										
											
											<td class="fail">FAIL</td>
										
									
										
									
										
									
								
							
						
							
								
							
								
							
								
							
								
							
								
									
										
									
										
									
										
									
										
									
										
									
										
									
										
									
										
											
											<td class="fail">FAIL</td>
										
									
										
									
								
							
						
							
								
							
								
							
								
							
								
							
								
									
										
									
										
											
											<td class="fail">FAIL</td>
										
									
										
									
										
									
										
									
										
									
										
									
										
									
										
									
								
							
						
							
								
							
								
							
								
							
								
							
								
									
										
									
										
									
										
											
											<td class="fail">FAIL</td>
										
									
										
									
										
									
										
									
										
									
										
									
										
									
								
							
						
							
								
							
								
							
								
							
								
							
								
									
										
									
										
									
										
									
										
											
											<td class="fail">FAIL</td>
										
									
										
									
										
									
										
									
										
									
										
									
								
							
						
							
								
							
								
							
								
							
								
							
								
									
										
									
										
									
										
									
										
									
										
											
											<td class="fail">FAIL</td>
										
									
										
									
										
									
										
									
										
									
								
							
						
							
								
							
								
							
								
							
								
							
								
									
										
									
										
									
										
									
										
									
										
									
										
									
										
									
										
									
										
											
											<td class="fail">FAIL</td>
										
									
								
							
						
					</tr>
					
				</table>

				<h2>Compilation logs</h2>
				
				<h3 id="arduino:avr:uno">arduino:avr:uno @ 1.8.4</h3>
				<h4>Inclusion</h4>
				<p>
					Result: <b>FAIL</b>
					
					<br />This library has no main header file so an empty one was created.
					
				</p>
				<pre class="pre-scrollable">/tmp/arduino-testlib3884399978/test/test.ino:1:10: fatal error: dcf77_xtal.h: No such file or directory
 #include &lt;dcf77_xtal.h&gt;
          ^~~~~~~~~~~~~~
compilation terminated.

</pre>

					
					<h4>examples/DCF77_Scope</h4>
					<p>
						Result: <b>PASS</b>
					</p>
					<pre class="pre-scrollable">Sketch uses 2892 bytes (8%) of program storage space. Maximum is 32256 bytes.
Global variables use 404 bytes (19%) of dynamic memory, leaving 1644 bytes for local variables. Maximum is 2048 bytes.
</pre>
					
					<h4>examples/MB_Emulator</h4>
					<p>
						Result: <b>PASS</b>
					</p>
					<pre class="pre-scrollable">Sketch uses 13288 bytes (41%) of program storage space. Maximum is 32256 bytes.
Global variables use 741 bytes (36%) of dynamic memory, leaving 1307 bytes for local variables. Maximum is 2048 bytes.
</pre>
					
					<h4>examples/Simple_Clock</h4>
					<p>
						Result: <b>PASS</b>
					</p>
					<pre class="pre-scrollable">Sketch uses 13330 bytes (41%) of program storage space. Maximum is 32256 bytes.
Global variables use 736 bytes (35%) of dynamic memory, leaving 1312 bytes for local variables. Maximum is 2048 bytes.
</pre>
					
					<h4>examples/Simple_Clock_with_Timezone_Support</h4>
					<p>
						Result: <b>PASS</b>
					</p>
					<pre class="pre-scrollable">Sketch uses 13958 bytes (43%) of program storage space. Maximum is 32256 bytes.
Global variables use 734 bytes (35%) of dynamic memory, leaving 1314 bytes for local variables. Maximum is 2048 bytes.
</pre>
					
					<h4>examples/Superfilter</h4>
					<p>
						Result: <b>PASS</b>
					</p>
					<pre class="pre-scrollable">Sketch uses 17472 bytes (54%) of program storage space. Maximum is 32256 bytes.
Global variables use 1155 bytes (56%) of dynamic memory, leaving 893 bytes for local variables. Maximum is 2048 bytes.
</pre>
					
					<h4>examples/Swiss_Army_Debug_Helper</h4>
					<p>
						Result: <b>PASS</b>
					</p>
					<pre class="pre-scrollable">Sketch uses 21114 bytes (65%) of program storage space. Maximum is 32256 bytes.
Global variables use 970 bytes (47%) of dynamic memory, leaving 1078 bytes for local variables. Maximum is 2048 bytes.
</pre>
					
					<h4>examples/The_Clock</h4>
					<p>
						Result: <b>PASS</b>
					</p>
					<pre class="pre-scrollable">Sketch uses 16322 bytes (50%) of program storage space. Maximum is 32256 bytes.
Global variables use 749 bytes (36%) of dynamic memory, leaving 1299 bytes for local variables. Maximum is 2048 bytes.
</pre>
					
					<h4>examples/Time_Switch</h4>
					<p>
						Result: <b>PASS</b>
					</p>
					<pre class="pre-scrollable">Sketch uses 21550 bytes (66%) of program storage space. Maximum is 32256 bytes.
Global variables use 822 bytes (40%) of dynamic memory, leaving 1226 bytes for local variables. Maximum is 2048 bytes.
</pre>
					
					<h4>examples/Unit_Test</h4>
					<p>
						Result: <b>FAIL</b>
					</p>
					<pre class="pre-scrollable">/home/ec2-user/arduino-testlib/cli-datadir/user/libraries/dcf77_xtal/examples/Unit_Test/Unit_Test.ino:21:6: error: #error 
     #error
      ^~~~~
/home/ec2-user/arduino-testlib/cli-datadir/user/libraries/dcf77_xtal/examples/Unit_Test/Unit_Test.ino:22:6: error: #error &#34;You have set the target platform to Atmel AVR&#34;
     #error &#34;You have set the target platform to Atmel AVR&#34;
      ^~~~~
/home/ec2-user/arduino-testlib/cli-datadir/user/libraries/dcf77_xtal/examples/Unit_Test/Unit_Test.ino:23:6: error: #error &#34;(e.g. Arduino Uno). However the Atmel controllers&#34;
     #error &#34;(e.g. Arduino Uno). However the Atmel controllers&#34;
      ^~~~~
/home/ec2-user/arduino-testlib/cli-datadir/user/libraries/dcf77_xtal/examples/Unit_Test/Unit_Test.ino:24:6: error: #error &#34;lack sufficient memory to deal with this test code.&#34;
     #error &#34;lack sufficient memory to deal with this test code.&#34;
      ^~~~~
/home/ec2-user/arduino-testlib/cli-datadir/user/libraries/dcf77_xtal/examples/Unit_Test/Unit_Test.ino:25:6: error: #error &#34;In order to run the testys you need a target with&#34;
     #error &#34;In order to run the testys you need a target with&#34;
      ^~~~~
/home/ec2-user/arduino-testlib/cli-datadir/user/libraries/dcf77_xtal/examples/Unit_Test/Unit_Test.ino:26:6: error: #error &#34;more Memory (e.g. Arduino Due).&#34;
     #error &#34;more Memory (e.g. Arduino Due).&#34;
      ^~~~~
/home/ec2-user/arduino-testlib/cli-datadir/user/libraries/dcf77_xtal/examples/Unit_Test/Unit_Test.ino:27:6: error: #error 
     #error
      ^~~~~
/home/ec2-user/arduino-testlib/cli-datadir/user/libraries/dcf77_xtal/examples/Unit_Test/Unit_Test.ino:28:6: error: #error &#34;This does not imply that the library is not&#34;
     #error &#34;This does not imply that the library is not&#34;
      ^~~~~
/home/ec2-user/arduino-testlib/cli-datadir/user/libraries/dcf77_xtal/examples/Unit_Test/Unit_Test.ino:29:6: error: #error &#34;good for Atmel AVR. It only implies that the&#34;
     #error &#34;good for Atmel AVR. It only implies that the&#34;
      ^~~~~
/home/ec2-user/arduino-testlib/cli-datadir/user/libraries/dcf77_xtal/examples/Unit_Test/Unit_Test.ino:30:6: error: #error &#34;test code is to big for AVR. If the tests pass&#34;
     #error &#34;test code is to big for AVR. If the tests pass&#34;
      ^~~~~
/home/ec2-user/arduino-testlib/cli-datadir/user/libraries/dcf77_xtal/examples/Unit_Test/Unit_Test.ino:31:6: error: #error &#34;for any platform then most of the code for the other&#34;
     #error &#34;for any platform then most of the code for the other&#34;
      ^~~~~
/home/ec2-user/arduino-testlib/cli-datadir/user/libraries/dcf77_xtal/examples/Unit_Test/Unit_Test.ino:32:6: error: #error &#34;platforms is also tested.&#34;
     #error &#34;platforms is also tested.&#34;
      ^~~~~
/home/ec2-user/arduino-testlib/cli-datadir/user/libraries/dcf77_xtal/examples/Unit_Test/Unit_Test.ino:33:6: error: #error 
     #error
      ^~~~~
/home/ec2-user/arduino-testlib/cli-datadir/user/libraries/dcf77_xtal/examples/Unit_Test/Unit_Test.ino:34:6: error: #error &#34;So either get a suitable target to run the tests&#34;
     #error &#34;So either get a suitable target to run the tests&#34;
      ^~~~~
/home/ec2-user/arduino-testlib/cli-datadir/user/libraries/dcf77_xtal/examples/Unit_Test/Unit_Test.ino:35:6: error: #error &#34;or believe me that I did run them.&#34;
     #error &#34;or believe me that I did run them.&#34;
      ^~~~~
/home/ec2-user/arduino-testlib/cli-datadir/user/libraries/dcf77_xtal/examples/Unit_Test/Unit_Test.ino:36:6: error: #error 
     #error
      ^~~~~

</pre>
					
				
				<h3 id="arduino:mbed_nano:nanorp2040connect">arduino:mbed_nano:nanorp2040connect @ 2.7.2</h3>
				<h4>Inclusion</h4>
				<p>
					Result: <b>FAIL</b>
					
					<br />This library has no main header file so an empty one was created.
					
				</p>
				<pre class="pre-scrollable">/tmp/arduino-testlib3884399978/test/test.ino:1:10: fatal error: dcf77_xtal.h: No such file or directory
 #include &lt;dcf77_xtal.h&gt;
          ^~~~~~~~~~~~~~
compilation terminated.

</pre>

					
					<h4>examples/DCF77_Scope</h4>
					<p>
						Result: <b>FAIL</b>
					</p>
					<pre class="pre-scrollable">/home/ec2-user/arduino-testlib/cli-datadir/user/libraries/dcf77_xtal/examples/DCF77_Scope/DCF77_Scope.ino: In function &#39;void setup()&#39;:
/home/ec2-user/arduino-testlib/cli-datadir/user/libraries/dcf77_xtal/examples/DCF77_Scope/DCF77_Scope.ino:216:5: error: &#39;setupTimer&#39; was not declared in this scope
     setupTimer();
     ^~~~~~~~~~
/home/ec2-user/arduino-testlib/cli-datadir/user/libraries/dcf77_xtal/examples/DCF77_Scope/DCF77_Scope.ino:216:5: note: suggested alternative: &#39;getTimer&#39;
     setupTimer();
     ^~~~~~~~~~
     getTimer

</pre>
					
					<h4>examples/MB_Emulator</h4>
					<p>
						Result: <b>FAIL</b>
					</p>
					<pre class="pre-scrollable">WARNING: library dcf77_xtal claims to run on avr, sam architecture(s) and may be incompatible with your current board which runs on mbed_nano architecture(s).
In function &#39;void __static_initialization_and_destruction_0(int, int)&#39;,
    inlined from &#39;(static initializers for /home/ec2-user/arduino-testlib/cli-datadir/user/libraries/dcf77_xtal/examples/MB_Emulator/MB_Emulator.ino)&#39; at /home/ec2-user/arduino-testlib/cli-datadir/user/libraries/dcf77_xtal/examples/MB_Emulator/MB_Emulator.ino:147:1:
/home/ec2-user/arduino-testlib/cli-datadir/user/libraries/dcf77_xtal/examples/MB_Emulator/MB_Emulator.ino:31:34: error: call to &#39;NinaPin::operator int&#39; declared with attribute error: Change me to a #define
 const uint8_t dcf77_sample_pin = A5;  // A5 == d19
                                  ^~
/home/ec2-user/arduino-testlib/cli-datadir/user/libraries/dcf77_xtal/examples/MB_Emulator/MB_Emulator.ino:38:35: error: call to &#39;NinaPin::operator int&#39; declared with attribute error: Change me to a #define
 const uint8_t dcf77_monitor_pin = A4;  // A4 == d18
                                   ^~

</pre>
					
					<h4>examples/Simple_Clock</h4>
					<p>
						Result: <b>FAIL</b>
					</p>
					<pre class="pre-scrollable">WARNING: library dcf77_xtal claims to run on avr, sam architecture(s) and may be incompatible with your current board which runs on mbed_nano architecture(s).
/tmp/arduino-sketch-55153C98753F236C827EC049E695E387/libraries/dcf77_xtal/dcf77.cpp.o: In function `DCF77_Clock::set_input_provider(unsigned char (*)())&#39;:
/home/ec2-user/arduino-testlib/cli-datadir/user/libraries/dcf77_xtal/dcf77.cpp:1438: undefined reference to `Internal::Generic_1_kHz_Generator::setup(unsigned char (*)())&#39;
collect2: error: ld returned 1 exit status

</pre>
					
					<h4>examples/Simple_Clock_with_Timezone_Support</h4>
					<p>
						Result: <b>FAIL</b>
					</p>
					<pre class="pre-scrollable">WARNING: library dcf77_xtal claims to run on avr, sam architecture(s) and may be incompatible with your current board which runs on mbed_nano architecture(s).
/tmp/arduino-sketch-8DDC49202880AE38AAE34301A14AA40C/libraries/dcf77_xtal/dcf77.cpp.o: In function `DCF77_Clock::set_input_provider(unsigned char (*)())&#39;:
/home/ec2-user/arduino-testlib/cli-datadir/user/libraries/dcf77_xtal/dcf77.cpp:1438: undefined reference to `Internal::Generic_1_kHz_Generator::setup(unsigned char (*)())&#39;
collect2: error: ld returned 1 exit status

</pre>
					
					<h4>examples/Superfilter</h4>
					<p>
						Result: <b>FAIL</b>
					</p>
					<pre class="pre-scrollable">WARNING: library dcf77_xtal claims to run on avr, sam architecture(s) and may be incompatible with your current board which runs on mbed_nano architecture(s).
/tmp/arduino-sketch-9A7C120E3B1C1EC755C0A9EC7A6DC888/libraries/dcf77_xtal/dcf77.cpp.o: In function `DCF77_Clock::set_input_provider(unsigned char (*)())&#39;:
/home/ec2-user/arduino-testlib/cli-datadir/user/libraries/dcf77_xtal/dcf77.cpp:1438: undefined reference to `Internal::Generic_1_kHz_Generator::setup(unsigned char (*)())&#39;
collect2: error: ld returned 1 exit status

</pre>
					
					<h4>examples/Swiss_Army_Debug_Helper</h4>
					<p>
						Result: <b>FAIL</b>
					</p>
					<pre class="pre-scrollable">WARNING: library dcf77_xtal claims to run on avr, sam architecture(s) and may be incompatible with your current board which runs on mbed_nano architecture(s).
/home/ec2-user/arduino-testlib/cli-datadir/user/libraries/dcf77_xtal/examples/Swiss_Army_Debug_Helper/Swiss_Army_Debug_Helper.ino: In function &#39;void setup()&#39;:
/home/ec2-user/arduino-testlib/cli-datadir/user/libraries/dcf77_xtal/examples/Swiss_Army_Debug_Helper/Swiss_Army_Debug_Helper.ino:697:20: error: &#39;F_CPU&#39; was not declared in this scope
     Serial.println(F_CPU);
                    ^~~~~

</pre>
					
					<h4>examples/The_Clock</h4>
					<p>
						Result: <b>FAIL</b>
					</p>
					<pre class="pre-scrollable">WARNING: library dcf77_xtal claims to run on avr, sam architecture(s) and may be incompatible with your current board which runs on mbed_nano architecture(s).
/tmp/arduino-sketch-9203C668240471B0444D82BE0177B8A3/libraries/dcf77_xtal/dcf77.cpp.o: In function `DCF77_Clock::set_input_provider(unsigned char (*)())&#39;:
/home/ec2-user/arduino-testlib/cli-datadir/user/libraries/dcf77_xtal/dcf77.cpp:1438: undefined reference to `Internal::Generic_1_kHz_Generator::setup(unsigned char (*)())&#39;
collect2: error: ld returned 1 exit status

</pre>
					
					<h4>examples/Time_Switch</h4>
					<p>
						Result: <b>FAIL</b>
					</p>
					<pre class="pre-scrollable">/home/ec2-user/arduino-testlib/cli-datadir/user/libraries/dcf77_xtal/examples/Time_Switch/Time_Switch.ino:20:10: fatal error: avr/eeprom.h: No such file or directory
 #include &lt;avr/eeprom.h&gt;
          ^~~~~~~~~~~~~~
compilation terminated.

</pre>
					
					<h4>examples/Unit_Test</h4>
					<p>
						Result: <b>FAIL</b>
					</p>
					<pre class="pre-scrollable">WARNING: library dcf77_xtal claims to run on avr, sam architecture(s) and may be incompatible with your current board which runs on mbed_nano architecture(s).
/home/ec2-user/arduino-testlib/cli-datadir/user/libraries/dcf77_xtal/examples/Unit_Test/Unit_Test.ino:90:50: error: macro &#34;assert&#34; passed 3 arguments, but takes just 1
     void assert(uint32_t line, pstr what, bool ok) {
                                                  ^
/home/ec2-user/arduino-testlib/cli-datadir/user/libraries/dcf77_xtal/examples/Unit_Test/Unit_Test.ino:97:64: error: macro &#34;assert&#34; passed 4 arguments, but takes just 1
     void assert(uint32_t line, pstr what, bool ok, Args... args) {
                                                                ^
/home/ec2-user/arduino-testlib/cli-datadir/user/libraries/dcf77_xtal/examples/Unit_Test/Unit_Test.ino:90:10: error: variable or field &#39;assert&#39; declared void
     void assert(uint32_t line, pstr what, bool ok) {
          ^~~~~~
/home/ec2-user/arduino-testlib/cli-datadir/user/libraries/dcf77_xtal/examples/Unit_Test/Unit_Test.ino:91:26: error: &#39;line&#39; was not declared in this scope
          assert_internal(line, what, ok);
                          ^~~~
/home/ec2-user/arduino-testlib/cli-datadir/user/libraries/dcf77_xtal/examples/Unit_Test/Unit_Test.ino:91:26: note: suggested alternative: &#39;time&#39;
          assert_internal(line, what, ok);
                          ^~~~
                          time
/home/ec2-user/arduino-testlib/cli-datadir/user/libraries/dcf77_xtal/examples/Unit_Test/Unit_Test.ino:91:32: error: &#39;what&#39; was not declared in this scope
          assert_internal(line, what, ok);
                                ^~~~
/home/ec2-user/arduino-testlib/cli-datadir/user/libraries/dcf77_xtal/examples/Unit_Test/Unit_Test.ino:91:32: note: suggested alternative: &#39;stat&#39;
          assert_internal(line, what, ok);
                                ^~~~
                                stat
/home/ec2-user/arduino-testlib/cli-datadir/user/libraries/dcf77_xtal/examples/Unit_Test/Unit_Test.ino:91:38: error: &#39;ok&#39; was not declared in this scope
          assert_internal(line, what, ok);
                                      ^~
/home/ec2-user/arduino-testlib/cli-datadir/user/libraries/dcf77_xtal/examples/Unit_Test/Unit_Test.ino:91:41: error: expected &#39;}&#39; before &#39;;&#39; token
          assert_internal(line, what, ok);
                                         ^
/home/ec2-user/arduino-testlib/cli-datadir/user/libraries/dcf77_xtal/examples/Unit_Test/Unit_Test.ino:92:22: error: expected constructor, destructor, or type conversion before &#39;(&#39; token
          handle_error(ok);
                      ^
/home/ec2-user/arduino-testlib/cli-datadir/user/libraries/dcf77_xtal/examples/Unit_Test/Unit_Test.ino:97:10: error: variable or field &#39;assert&#39; declared void
     void assert(uint32_t line, pstr what, bool ok, Args... args) {
          ^~~~~~
/home/ec2-user/arduino-testlib/cli-datadir/user/libraries/dcf77_xtal/examples/Unit_Test/Unit_Test.ino:98:26: error: &#39;line&#39; was not declared in this scope
          assert_internal(line, what, ok);
                          ^~~~
/home/ec2-user/arduino-testlib/cli-datadir/user/libraries/dcf77_xtal/examples/Unit_Test/Unit_Test.ino:98:26: note: suggested alternative: &#39;time&#39;
          assert_internal(line, what, ok);
                          ^~~~
                          time
/home/ec2-user/arduino-testlib/cli-datadir/user/libraries/dcf77_xtal/examples/Unit_Test/Unit_Test.ino:98:32: error: &#39;what&#39; was not declared in this scope
          assert_internal(line, what, ok);
                                ^~~~
/home/ec2-user/arduino-testlib/cli-datadir/user/libraries/dcf77_xtal/examples/Unit_Test/Unit_Test.ino:98:32: note: suggested alternative: &#39;stat&#39;
          assert_internal(line, what, ok);
                                ^~~~
                                stat
/home/ec2-user/arduino-testlib/cli-datadir/user/libraries/dcf77_xtal/examples/Unit_Test/Unit_Test.ino:98:38: error: &#39;ok&#39; was not declared in this scope
          assert_internal(line, what, ok);
                                      ^~
/home/ec2-user/arduino-testlib/cli-datadir/user/libraries/dcf77_xtal/examples/Unit_Test/Unit_Test.ino:98:10: error: there are no arguments to &#39;assert_internal&#39; that depend on a template parameter, so a declaration of &#39;assert_internal&#39; must be available [-fpermissive]
          assert_internal(line, what, ok);
          ^~~~~~~~~~~~~~~
/home/ec2-user/arduino-testlib/cli-datadir/user/libraries/dcf77_xtal/examples/Unit_Test/Unit_Test.ino:98:10: note: (if you use &#39;-fpermissive&#39;, G&#43;&#43; will accept your code, but allowing the use of an undeclared name is deprecated)
/home/ec2-user/arduino-testlib/cli-datadir/user/libraries/dcf77_xtal/examples/Unit_Test/Unit_Test.ino:98:41: error: expected &#39;}&#39; before &#39;;&#39; token
          assert_internal(line, what, ok);
                                         ^
/home/ec2-user/arduino-testlib/cli-datadir/user/libraries/dcf77_xtal/examples/Unit_Test/Unit_Test.ino:99:10: error: expected unqualified-id before &#39;if&#39;
          if (!ok) {
          ^~
/home/ec2-user/arduino-testlib/cli-datadir/user/libraries/dcf77_xtal/examples/Unit_Test/Unit_Test.ino:105:22: error: expected constructor, destructor, or type conversion before &#39;(&#39; token
          handle_error(ok);
                      ^
/home/ec2-user/arduino-testlib/cli-datadir/user/libraries/dcf77_xtal/examples/Unit_Test/Unit_Test.ino:106:5: error: expected declaration before &#39;}&#39; token
     }
     ^

</pre>
					
				
				<h3 id="arduino:megaavr:nona4809">arduino:megaavr:nona4809 @ 1.8.7</h3>
				<h4>Inclusion</h4>
				<p>
					Result: <b>FAIL</b>
					
					<br />This library has no main header file so an empty one was created.
					
				</p>
				<pre class="pre-scrollable">/tmp/arduino-testlib3884399978/test/test.ino:1:10: fatal error: dcf77_xtal.h: No such file or directory
 #include &lt;dcf77_xtal.h&gt;
          ^~~~~~~~~~~~~~
compilation terminated.

</pre>

					
					<h4>examples/DCF77_Scope</h4>
					<p>
						Result: <b>FAIL</b>
					</p>
					<pre class="pre-scrollable">/home/ec2-user/arduino-testlib/cli-datadir/user/libraries/dcf77_xtal/examples/DCF77_Scope/DCF77_Scope.ino: In function &#39;void setup()&#39;:
/home/ec2-user/arduino-testlib/cli-datadir/user/libraries/dcf77_xtal/examples/DCF77_Scope/DCF77_Scope.ino:216:5: error: &#39;setupTimer&#39; was not declared in this scope
     setupTimer();
     ^~~~~~~~~~
/home/ec2-user/arduino-testlib/cli-datadir/user/libraries/dcf77_xtal/examples/DCF77_Scope/DCF77_Scope.ino:216:5: note: suggested alternative: &#39;setup_timers&#39;
     setupTimer();
     ^~~~~~~~~~
     setup_timers

</pre>
					
					<h4>examples/MB_Emulator</h4>
					<p>
						Result: <b>FAIL</b>
					</p>
					<pre class="pre-scrollable">WARNING: library dcf77_xtal claims to run on avr, sam architecture(s) and may be incompatible with your current board which runs on megaavr architecture(s).
/tmp/cc71ONcx.ltrans0.ltrans.o: In function `set_input_provider&#39;:
/home/ec2-user/arduino-testlib/cli-datadir/user/libraries/dcf77_xtal/dcf77.cpp:1438: undefined reference to `Internal::Generic_1_kHz_Generator::setup(unsigned char (*)())&#39;
collect2: error: ld returned 1 exit status

</pre>
					
					<h4>examples/Simple_Clock</h4>
					<p>
						Result: <b>FAIL</b>
					</p>
					<pre class="pre-scrollable">WARNING: library dcf77_xtal claims to run on avr, sam architecture(s) and may be incompatible with your current board which runs on megaavr architecture(s).
/tmp/ccRpBw9W.ltrans0.ltrans.o: In function `set_input_provider&#39;:
/home/ec2-user/arduino-testlib/cli-datadir/user/libraries/dcf77_xtal/dcf77.cpp:1438: undefined reference to `Internal::Generic_1_kHz_Generator::setup(unsigned char (*)())&#39;
collect2: error: ld returned 1 exit status

</pre>
					
					<h4>examples/Simple_Clock_with_Timezone_Support</h4>
					<p>
						Result: <b>FAIL</b>
					</p>
					<pre class="pre-scrollable">WARNING: library dcf77_xtal claims to run on avr, sam architecture(s) and may be incompatible with your current board which runs on megaavr architecture(s).
/tmp/ccHSvREq.ltrans0.ltrans.o: In function `set_input_provider&#39;:
/home/ec2-user/arduino-testlib/cli-datadir/user/libraries/dcf77_xtal/dcf77.cpp:1438: undefined reference to `Internal::Generic_1_kHz_Generator::setup(unsigned char (*)())&#39;
collect2: error: ld returned 1 exit status

</pre>
					
					<h4>examples/Superfilter</h4>
					<p>
						Result: <b>FAIL</b>
					</p>
					<pre class="pre-scrollable">WARNING: library dcf77_xtal claims to run on avr, sam architecture(s) and may be incompatible with your current board which runs on megaavr architecture(s).
/tmp/ccQCfeeP.ltrans0.ltrans.o: In function `set_input_provider&#39;:
/home/ec2-user/arduino-testlib/cli-datadir/user/libraries/dcf77_xtal/dcf77.cpp:1438: undefined reference to `Internal::Generic_1_kHz_Generator::setup(unsigned char (*)())&#39;
collect2: error: ld returned 1 exit status

</pre>
					
					<h4>examples/Swiss_Army_Debug_Helper</h4>
					<p>
						Result: <b>FAIL</b>
					</p>
					<pre class="pre-scrollable">WARNING: library dcf77_xtal claims to run on avr, sam architecture(s) and may be incompatible with your current board which runs on megaavr architecture(s).
/home/ec2-user/arduino-testlib/cli-datadir/user/libraries/dcf77_xtal/examples/Swiss_Army_Debug_Helper/Swiss_Army_Debug_Helper.ino: In function &#39;void loop()&#39;:
/home/ec2-user/arduino-testlib/cli-datadir/user/libraries/dcf77_xtal/examples/Swiss_Army_Debug_Helper/Swiss_Army_Debug_Helper.ino:757:32: error: &#39;TCNT2&#39; was not declared in this scope
                 Serial.println(TCNT2);
                                ^~~~~
/home/ec2-user/arduino-testlib/cli-datadir/user/libraries/dcf77_xtal/examples/Swiss_Army_Debug_Helper/Swiss_Army_Debug_Helper.ino:757:32: note: suggested alternative: &#39;TCB2&#39;
                 Serial.println(TCNT2);
                                ^~~~~
                                TCB2

</pre>
					
					<h4>examples/The_Clock</h4>
					<p>
						Result: <b>FAIL</b>
					</p>
					<pre class="pre-scrollable">WARNING: library dcf77_xtal claims to run on avr, sam architecture(s) and may be incompatible with your current board which runs on megaavr architecture(s).
/tmp/ccJxVJOB.ltrans0.ltrans.o: In function `set_input_provider&#39;:
/home/ec2-user/arduino-testlib/cli-datadir/user/libraries/dcf77_xtal/dcf77.cpp:1438: undefined reference to `Internal::Generic_1_kHz_Generator::setup(unsigned char (*)())&#39;
/home/ec2-user/arduino-testlib/cli-datadir/user/libraries/dcf77_xtal/dcf77.cpp:1438: undefined reference to `Internal::Generic_1_kHz_Generator::setup(unsigned char (*)())&#39;
collect2: error: ld returned 1 exit status

</pre>
					
					<h4>examples/Time_Switch</h4>
					<p>
						Result: <b>FAIL</b>
					</p>
					<pre class="pre-scrollable">WARNING: library dcf77_xtal claims to run on avr, sam architecture(s) and may be incompatible with your current board which runs on megaavr architecture(s).
/tmp/ccIqr6zd.ltrans0.ltrans.o: In function `set_input_provider&#39;:
/home/ec2-user/arduino-testlib/cli-datadir/user/libraries/dcf77_xtal/dcf77.cpp:1438: undefined reference to `Internal::Generic_1_kHz_Generator::setup(unsigned char (*)())&#39;
collect2: error: ld returned 1 exit status

</pre>
					
					<h4>examples/Unit_Test</h4>
					<p>
						Result: <b>FAIL</b>
					</p>
					<pre class="pre-scrollable">WARNING: library dcf77_xtal claims to run on avr, sam architecture(s) and may be incompatible with your current board which runs on megaavr architecture(s).
/home/ec2-user/arduino-testlib/cli-datadir/user/libraries/dcf77_xtal/examples/Unit_Test/Unit_Test.ino:21:6: error: #error 
     #error
      ^~~~~
/home/ec2-user/arduino-testlib/cli-datadir/user/libraries/dcf77_xtal/examples/Unit_Test/Unit_Test.ino:22:6: error: #error &#34;You have set the target platform to Atmel AVR&#34;
     #error &#34;You have set the target platform to Atmel AVR&#34;
      ^~~~~
/home/ec2-user/arduino-testlib/cli-datadir/user/libraries/dcf77_xtal/examples/Unit_Test/Unit_Test.ino:23:6: error: #error &#34;(e.g. Arduino Uno). However the Atmel controllers&#34;
     #error &#34;(e.g. Arduino Uno). However the Atmel controllers&#34;
      ^~~~~
/home/ec2-user/arduino-testlib/cli-datadir/user/libraries/dcf77_xtal/examples/Unit_Test/Unit_Test.ino:24:6: error: #error &#34;lack sufficient memory to deal with this test code.&#34;
     #error &#34;lack sufficient memory to deal with this test code.&#34;
      ^~~~~
/home/ec2-user/arduino-testlib/cli-datadir/user/libraries/dcf77_xtal/examples/Unit_Test/Unit_Test.ino:25:6: error: #error &#34;In order to run the testys you need a target with&#34;
     #error &#34;In order to run the testys you need a target with&#34;
      ^~~~~
/home/ec2-user/arduino-testlib/cli-datadir/user/libraries/dcf77_xtal/examples/Unit_Test/Unit_Test.ino:26:6: error: #error &#34;more Memory (e.g. Arduino Due).&#34;
     #error &#34;more Memory (e.g. Arduino Due).&#34;
      ^~~~~
/home/ec2-user/arduino-testlib/cli-datadir/user/libraries/dcf77_xtal/examples/Unit_Test/Unit_Test.ino:27:6: error: #error 
     #error
      ^~~~~
/home/ec2-user/arduino-testlib/cli-datadir/user/libraries/dcf77_xtal/examples/Unit_Test/Unit_Test.ino:28:6: error: #error &#34;This does not imply that the library is not&#34;
     #error &#34;This does not imply that the library is not&#34;
      ^~~~~
/home/ec2-user/arduino-testlib/cli-datadir/user/libraries/dcf77_xtal/examples/Unit_Test/Unit_Test.ino:29:6: error: #error &#34;good for Atmel AVR. It only implies that the&#34;
     #error &#34;good for Atmel AVR. It only implies that the&#34;
      ^~~~~
/home/ec2-user/arduino-testlib/cli-datadir/user/libraries/dcf77_xtal/examples/Unit_Test/Unit_Test.ino:30:6: error: #error &#34;test code is to big for AVR. If the tests pass&#34;
     #error &#34;test code is to big for AVR. If the tests pass&#34;
      ^~~~~
/home/ec2-user/arduino-testlib/cli-datadir/user/libraries/dcf77_xtal/examples/Unit_Test/Unit_Test.ino:31:6: error: #error &#34;for any platform then most of the code for the other&#34;
     #error &#34;for any platform then most of the code for the other&#34;
      ^~~~~
/home/ec2-user/arduino-testlib/cli-datadir/user/libraries/dcf77_xtal/examples/Unit_Test/Unit_Test.ino:32:6: error: #error &#34;platforms is also tested.&#34;
     #error &#34;platforms is also tested.&#34;
      ^~~~~
/home/ec2-user/arduino-testlib/cli-datadir/user/libraries/dcf77_xtal/examples/Unit_Test/Unit_Test.ino:33:6: error: #error 
     #error
      ^~~~~
/home/ec2-user/arduino-testlib/cli-datadir/user/libraries/dcf77_xtal/examples/Unit_Test/Unit_Test.ino:34:6: error: #error &#34;So either get a suitable target to run the tests&#34;
     #error &#34;So either get a suitable target to run the tests&#34;
      ^~~~~
/home/ec2-user/arduino-testlib/cli-datadir/user/libraries/dcf77_xtal/examples/Unit_Test/Unit_Test.ino:35:6: error: #error &#34;or believe me that I did run them.&#34;
     #error &#34;or believe me that I did run them.&#34;
      ^~~~~
/home/ec2-user/arduino-testlib/cli-datadir/user/libraries/dcf77_xtal/examples/Unit_Test/Unit_Test.ino:36:6: error: #error 
     #error
      ^~~~~

</pre>
					
				
				<h3 id="arduino:samd:mkrwifi1010">arduino:samd:mkrwifi1010 @ 1.8.12</h3>
				<h4>Inclusion</h4>
				<p>
					Result: <b>FAIL</b>
					
					<br />This library has no main header file so an empty one was created.
					
				</p>
				<pre class="pre-scrollable">/tmp/arduino-testlib3884399978/test/test.ino:1:10: fatal error: dcf77_xtal.h: No such file or directory
 #include &lt;dcf77_xtal.h&gt;
          ^~~~~~~~~~~~~~
compilation terminated.

</pre>

					
					<h4>examples/DCF77_Scope</h4>
					<p>
						Result: <b>FAIL</b>
					</p>
					<pre class="pre-scrollable">/home/ec2-user/arduino-testlib/cli-datadir/user/libraries/dcf77_xtal/examples/DCF77_Scope/DCF77_Scope.ino: In function &#39;void setup()&#39;:
/home/ec2-user/arduino-testlib/cli-datadir/user/libraries/dcf77_xtal/examples/DCF77_Scope/DCF77_Scope.ino:216:5: error: &#39;setupTimer&#39; was not declared in this scope
     setupTimer();
     ^~~~~~~~~~
/home/ec2-user/arduino-testlib/cli-datadir/user/libraries/dcf77_xtal/examples/DCF77_Scope/DCF77_Scope.ino:216:5: note: suggested alternative: &#39;setbuffer&#39;
     setupTimer();
     ^~~~~~~~~~
     setbuffer

</pre>
					
					<h4>examples/MB_Emulator</h4>
					<p>
						Result: <b>FAIL</b>
					</p>
					<pre class="pre-scrollable">WARNING: library dcf77_xtal claims to run on avr, sam architecture(s) and may be incompatible with your current board which runs on samd architecture(s).
/tmp/arduino-sketch-9880B22F26F1AE83FEB87877B632B759/libraries/dcf77_xtal/dcf77.cpp.o: In function `DCF77_Clock::set_input_provider(unsigned char (*)())&#39;:
/home/ec2-user/arduino-testlib/cli-datadir/user/libraries/dcf77_xtal/dcf77.cpp:1438: undefined reference to `Internal::Generic_1_kHz_Generator::setup(unsigned char (*)())&#39;
collect2: error: ld returned 1 exit status

</pre>
					
					<h4>examples/Simple_Clock</h4>
					<p>
						Result: <b>FAIL</b>
					</p>
					<pre class="pre-scrollable">WARNING: library dcf77_xtal claims to run on avr, sam architecture(s) and may be incompatible with your current board which runs on samd architecture(s).
/tmp/arduino-sketch-55153C98753F236C827EC049E695E387/libraries/dcf77_xtal/dcf77.cpp.o: In function `DCF77_Clock::set_input_provider(unsigned char (*)())&#39;:
/home/ec2-user/arduino-testlib/cli-datadir/user/libraries/dcf77_xtal/dcf77.cpp:1438: undefined reference to `Internal::Generic_1_kHz_Generator::setup(unsigned char (*)())&#39;
collect2: error: ld returned 1 exit status

</pre>
					
					<h4>examples/Simple_Clock_with_Timezone_Support</h4>
					<p>
						Result: <b>FAIL</b>
					</p>
					<pre class="pre-scrollable">WARNING: library dcf77_xtal claims to run on avr, sam architecture(s) and may be incompatible with your current board which runs on samd architecture(s).
/tmp/arduino-sketch-8DDC49202880AE38AAE34301A14AA40C/libraries/dcf77_xtal/dcf77.cpp.o: In function `DCF77_Clock::set_input_provider(unsigned char (*)())&#39;:
/home/ec2-user/arduino-testlib/cli-datadir/user/libraries/dcf77_xtal/dcf77.cpp:1438: undefined reference to `Internal::Generic_1_kHz_Generator::setup(unsigned char (*)())&#39;
collect2: error: ld returned 1 exit status

</pre>
					
					<h4>examples/Superfilter</h4>
					<p>
						Result: <b>FAIL</b>
					</p>
					<pre class="pre-scrollable">WARNING: library dcf77_xtal claims to run on avr, sam architecture(s) and may be incompatible with your current board which runs on samd architecture(s).
/tmp/arduino-sketch-9A7C120E3B1C1EC755C0A9EC7A6DC888/libraries/dcf77_xtal/dcf77.cpp.o: In function `DCF77_Clock::set_input_provider(unsigned char (*)())&#39;:
/home/ec2-user/arduino-testlib/cli-datadir/user/libraries/dcf77_xtal/dcf77.cpp:1438: undefined reference to `Internal::Generic_1_kHz_Generator::setup(unsigned char (*)())&#39;
collect2: error: ld returned 1 exit status

</pre>
					
					<h4>examples/Swiss_Army_Debug_Helper</h4>
					<p>
						Result: <b>FAIL</b>
					</p>
					<pre class="pre-scrollable">WARNING: library dcf77_xtal claims to run on avr, sam architecture(s) and may be incompatible with your current board which runs on samd architecture(s).
/tmp/arduino-sketch-FD793501935F4AC1192B0C0BC4C975FA/libraries/dcf77_xtal/dcf77.cpp.o: In function `DCF77_Clock::set_input_provider(unsigned char (*)())&#39;:
/home/ec2-user/arduino-testlib/cli-datadir/user/libraries/dcf77_xtal/dcf77.cpp:1438: undefined reference to `Internal::Generic_1_kHz_Generator::setup(unsigned char (*)())&#39;
collect2: error: ld returned 1 exit status

</pre>
					
					<h4>examples/The_Clock</h4>
					<p>
						Result: <b>FAIL</b>
					</p>
					<pre class="pre-scrollable">WARNING: library dcf77_xtal claims to run on avr, sam architecture(s) and may be incompatible with your current board which runs on samd architecture(s).
/tmp/arduino-sketch-9203C668240471B0444D82BE0177B8A3/libraries/dcf77_xtal/dcf77.cpp.o: In function `DCF77_Clock::set_input_provider(unsigned char (*)())&#39;:
/home/ec2-user/arduino-testlib/cli-datadir/user/libraries/dcf77_xtal/dcf77.cpp:1438: undefined reference to `Internal::Generic_1_kHz_Generator::setup(unsigned char (*)())&#39;
collect2: error: ld returned 1 exit status

</pre>
					
					<h4>examples/Time_Switch</h4>
					<p>
						Result: <b>FAIL</b>
					</p>
					<pre class="pre-scrollable">/home/ec2-user/arduino-testlib/cli-datadir/user/libraries/dcf77_xtal/examples/Time_Switch/Time_Switch.ino:20:10: fatal error: avr/eeprom.h: No such file or directory
 #include &lt;avr/eeprom.h&gt;
          ^~~~~~~~~~~~~~
compilation terminated.

</pre>
					
					<h4>examples/Unit_Test</h4>
					<p>
						Result: <b>PASS</b>
					</p>
					<pre class="pre-scrollable">WARNING: library dcf77_xtal claims to run on avr, sam architecture(s) and may be incompatible with your current board which runs on samd architecture(s).
Sketch uses 83840 bytes (31%) of program storage space. Maximum is 262144 bytes.
Global variables use 5056 bytes (15%) of dynamic memory, leaving 27712 bytes for local variables. Maximum is 32768 bytes.
</pre>
					
				
				<h3 id="esp32:esp32:d1_mini32">esp32:esp32:d1_mini32 @ 1.0.6</h3>
				<h4>Inclusion</h4>
				<p>
					Result: <b>FAIL</b>
					
					<br />This library has no main header file so an empty one was created.
					
				</p>
				<pre class="pre-scrollable">/tmp/arduino-testlib3884399978/test/test.ino:1:24: fatal error: dcf77_xtal.h: No such file or directory
compilation terminated.

</pre>

					
					<h4>examples/DCF77_Scope</h4>
					<p>
						Result: <b>FAIL</b>
					</p>
					<pre class="pre-scrollable">/home/ec2-user/arduino-testlib/cli-datadir/user/libraries/dcf77_xtal/examples/DCF77_Scope/DCF77_Scope.ino:118:6: error: #error Unsupported controller architecture
     #error Unsupported controller architecture
      ^

</pre>
					
					<h4>examples/MB_Emulator</h4>
					<p>
						Result: <b>FAIL</b>
					</p>
					<pre class="pre-scrollable">WARNING: library dcf77_xtal claims to run on avr, sam architecture(s) and may be incompatible with your current board which runs on esp32 architecture(s).
In file included from /home/ec2-user/arduino-testlib/cli-datadir/user/libraries/dcf77_xtal/examples/MB_Emulator/MB_Emulator.ino:28:0:
/home/ec2-user/arduino-testlib/cli-datadir/user/libraries/dcf77_xtal/dcf77.h:557:10: error: #error Unsupported controller architecture
         #error Unsupported controller architecture
          ^

</pre>
					
					<h4>examples/Simple_Clock</h4>
					<p>
						Result: <b>FAIL</b>
					</p>
					<pre class="pre-scrollable">WARNING: library dcf77_xtal claims to run on avr, sam architecture(s) and may be incompatible with your current board which runs on esp32 architecture(s).
In file included from /home/ec2-user/arduino-testlib/cli-datadir/user/libraries/dcf77_xtal/examples/Simple_Clock/Simple_Clock.ino:19:0:
/home/ec2-user/arduino-testlib/cli-datadir/user/libraries/dcf77_xtal/dcf77.h:557:10: error: #error Unsupported controller architecture
         #error Unsupported controller architecture
          ^

</pre>
					
					<h4>examples/Simple_Clock_with_Timezone_Support</h4>
					<p>
						Result: <b>FAIL</b>
					</p>
					<pre class="pre-scrollable">WARNING: library dcf77_xtal claims to run on avr, sam architecture(s) and may be incompatible with your current board which runs on esp32 architecture(s).
In file included from /home/ec2-user/arduino-testlib/cli-datadir/user/libraries/dcf77_xtal/examples/Simple_Clock_with_Timezone_Support/Simple_Clock_with_Timezone_Support.ino:19:0:
/home/ec2-user/arduino-testlib/cli-datadir/user/libraries/dcf77_xtal/dcf77.h:557:10: error: #error Unsupported controller architecture
         #error Unsupported controller architecture
          ^

</pre>
					
					<h4>examples/Superfilter</h4>
					<p>
						Result: <b>FAIL</b>
					</p>
					<pre class="pre-scrollable">WARNING: library dcf77_xtal claims to run on avr, sam architecture(s) and may be incompatible with your current board which runs on esp32 architecture(s).
In file included from /home/ec2-user/arduino-testlib/cli-datadir/user/libraries/dcf77_xtal/examples/Superfilter/Superfilter.ino:19:0:
/home/ec2-user/arduino-testlib/cli-datadir/user/libraries/dcf77_xtal/dcf77.h:557:10: error: #error Unsupported controller architecture
         #error Unsupported controller architecture
          ^

</pre>
					
					<h4>examples/Swiss_Army_Debug_Helper</h4>
					<p>
						Result: <b>FAIL</b>
					</p>
					<pre class="pre-scrollable">WARNING: library dcf77_xtal claims to run on avr, sam architecture(s) and may be incompatible with your current board which runs on esp32 architecture(s).
In file included from /home/ec2-user/arduino-testlib/cli-datadir/user/libraries/dcf77_xtal/examples/Swiss_Army_Debug_Helper/Swiss_Army_Debug_Helper.ino:19:0:
/home/ec2-user/arduino-testlib/cli-datadir/user/libraries/dcf77_xtal/dcf77.h:557:10: error: #error Unsupported controller architecture
         #error Unsupported controller architecture
          ^

</pre>
					
					<h4>examples/The_Clock</h4>
					<p>
						Result: <b>FAIL</b>
					</p>
					<pre class="pre-scrollable">WARNING: library dcf77_xtal claims to run on avr, sam architecture(s) and may be incompatible with your current board which runs on esp32 architecture(s).
In file included from /home/ec2-user/arduino-testlib/cli-datadir/user/libraries/dcf77_xtal/examples/The_Clock/The_Clock.ino:19:0:
/home/ec2-user/arduino-testlib/cli-datadir/user/libraries/dcf77_xtal/dcf77.h:557:10: error: #error Unsupported controller architecture
         #error Unsupported controller architecture
          ^

</pre>
					
					<h4>examples/Time_Switch</h4>
					<p>
						Result: <b>FAIL</b>
					</p>
					<pre class="pre-scrollable">In file included from /home/ec2-user/arduino-testlib/cli-datadir/user/libraries/dcf77_xtal/examples/Time_Switch/Time_Switch.ino:19:0:
/home/ec2-user/arduino-testlib/cli-datadir/user/libraries/dcf77_xtal/dcf77.h:557:10: error: #error Unsupported controller architecture
         #error Unsupported controller architecture
          ^
/home/ec2-user/arduino-testlib/cli-datadir/user/libraries/dcf77_xtal/examples/Time_Switch/Time_Switch.ino:20:24: fatal error: avr/eeprom.h: No such file or directory
compilation terminated.

</pre>
					
					<h4>examples/Unit_Test</h4>
					<p>
						Result: <b>FAIL</b>
					</p>
					<pre class="pre-scrollable">WARNING: library dcf77_xtal claims to run on avr, sam architecture(s) and may be incompatible with your current board which runs on esp32 architecture(s).
In file included from /home/ec2-user/arduino-testlib/cli-datadir/user/libraries/dcf77_xtal/examples/Unit_Test/Unit_Test.ino:39:0:
/home/ec2-user/arduino-testlib/cli-datadir/user/libraries/dcf77_xtal/dcf77.h:557:10: error: #error Unsupported controller architecture
         #error Unsupported controller architecture
          ^
/home/ec2-user/arduino-testlib/cli-datadir/user/libraries/dcf77_xtal/examples/Unit_Test/Unit_Test.ino:90:50: error: macro &#34;assert&#34; passed 3 arguments, but takes just 1
     void assert(uint32_t line, pstr what, bool ok) {
                                                  ^
/home/ec2-user/arduino-testlib/cli-datadir/user/libraries/dcf77_xtal/examples/Unit_Test/Unit_Test.ino:97:64: error: macro &#34;assert&#34; passed 4 arguments, but takes just 1
     void assert(uint32_t line, pstr what, bool ok, Args... args) {
                                                                ^

</pre>
					
				
			</div>
		</div>
	</div>
  </body>
</html>
