
<!doctype html>
<html lang="en">
  <head>
    <meta charset="utf-8">
    <meta name="viewport" content="width=device-width, initial-scale=1">
    <link href="https://cdn.jsdelivr.net/npm/bootstrap@5.0.2/dist/css/bootstrap.min.css" rel="stylesheet" integrity="sha384-EVSTQN3/azprG1Anm3QDgpJLIm9Nao0Yz1ztcQTwFspd3yD65VohhpuuCOmLASjC" crossorigin="anonymous">
    <title>arduino-testlib report</title>
	<style>
	.pass { background-color: #00FF00 !important; }
	.fail { background-color: #FF0000 !important; }
	</style>
  </head>
  <body>
	<div class="container">
		<div class="row">
			<div class="col">
				<h1>DDS - compatibility matrix</h1>
				<p>
					<small>This report was generated on Wednesday, 23-Feb-22 22:48:15 CET using 
					<a href="https://github.com/alranel/arduino-testlib">arduino-testlib</a>.</small>
				</p>

				<h2>DDS</h2>
				<p>
					Version: <b>1.0.3</b>
					<br />
					<a href="https://www.arduino.cc/reference/en/libraries/dds/">More details</a>
				</p>

				<h2>Compatibility matrix</h2>
				<table class="table table-bordered">
					<tr>
						<th>Board</th>
						<th>Claims compatibility</th>
						<th>Inclusion</th>
						
						<th><pre>SimpleSin</pre></th>
						
					</tr>
					
					<tr>
						<td>
							<a href="#arduino%3aavr%3auno"><b>arduino:avr:uno</b></a>
							<br />
							<small>1.8.4</small>
						</td>

						
							<td>Yes</td>
							<td class="pass">PASS</td>
						
						
						
						

						
							
								
									
										
											<td class="pass">PASS</td>
											
										
									
								
							
								
							
								
							
								
							
								
							
						
					</tr>
					
					<tr>
						<td>
							<a href="#arduino%3ambed_nano%3ananorp2040connect"><b>arduino:mbed_nano:nanorp2040connect</b></a>
							<br />
							<small>2.7.2</small>
						</td>

						
						
						
						
							<td>No</td>
							<td class="fail">FAIL</td>
						

						
							
								
							
								
									
										
											
											<td class="fail">FAIL</td>
										
									
								
							
								
							
								
							
								
							
						
					</tr>
					
					<tr>
						<td>
							<a href="#arduino%3amegaavr%3anona4809"><b>arduino:megaavr:nona4809</b></a>
							<br />
							<small>1.8.7</small>
						</td>

						
						
						
						
							<td>No</td>
							<td class="fail">FAIL</td>
						

						
							
								
							
								
							
								
									
										
											
											<td class="fail">FAIL</td>
										
									
								
							
								
							
								
							
						
					</tr>
					
					<tr>
						<td>
							<a href="#arduino%3asamd%3amkrwifi1010"><b>arduino:samd:mkrwifi1010</b></a>
							<br />
							<small>1.8.12</small>
						</td>

						
						
						
						
							<td>No</td>
							<td class="fail">FAIL</td>
						

						
							
								
							
								
							
								
							
								
									
										
											
											<td class="fail">FAIL</td>
										
									
								
							
								
							
						
					</tr>
					
					<tr>
						<td>
							<a href="#esp32%3aesp32%3ad1_mini32"><b>esp32:esp32:d1_mini32</b></a>
							<br />
							<small>1.0.6</small>
						</td>

						
						
						
						
							<td>No</td>
							<td class="fail">FAIL</td>
						

						
							
								
							
								
							
								
							
								
							
								
									
										
											
											<td class="fail">FAIL</td>
										
									
								
							
						
					</tr>
					
				</table>

				<h2>Compilation logs</h2>
				
				<h3 id="arduino:avr:uno">arduino:avr:uno @ 1.8.4</h3>
				<h4>Inclusion</h4>
				<p>
					Result: <b>PASS</b>
					
				</p>
				<pre class="pre-scrollable">Sketch uses 444 bytes (1%) of program storage space. Maximum is 32256 bytes.
Global variables use 9 bytes (0%) of dynamic memory, leaving 2039 bytes for local variables. Maximum is 2048 bytes.
</pre>

					
					<h4>examples/SimpleSin</h4>
					<p>
						Result: <b>PASS</b>
					</p>
					<pre class="pre-scrollable">Sketch uses 2606 bytes (8%) of program storage space. Maximum is 32256 bytes.
Global variables use 26 bytes (1%) of dynamic memory, leaving 2022 bytes for local variables. Maximum is 2048 bytes.
</pre>
					
				
				<h3 id="arduino:mbed_nano:nanorp2040connect">arduino:mbed_nano:nanorp2040connect @ 2.7.2</h3>
				<h4>Inclusion</h4>
				<p>
					Result: <b>FAIL</b>
					
				</p>
				<pre class="pre-scrollable">WARNING: library DDS claims to run on avr architecture(s) and may be incompatible with your current board which runs on mbed_nano architecture(s).
/home/ec2-user/arduino-testlib/cli-datadir/user/libraries/DDS/src/DDS.cpp: In member function &#39;void DDS::start()&#39;:
/home/ec2-user/arduino-testlib/cli-datadir/user/libraries/DDS/src/DDS.cpp:8:3: error: &#39;ASSR&#39; was not declared in this scope
   ASSR &amp;= ~(_BV(EXCLK) | _BV(AS2));
   ^~~~
/home/ec2-user/arduino-testlib/cli-datadir/user/libraries/DDS/src/DDS.cpp:8:3: note: suggested alternative: &#39;SS&#39;
   ASSR &amp;= ~(_BV(EXCLK) | _BV(AS2));
   ^~~~
   SS
/home/ec2-user/arduino-testlib/cli-datadir/user/libraries/DDS/src/DDS.cpp:8:17: error: &#39;EXCLK&#39; was not declared in this scope
   ASSR &amp;= ~(_BV(EXCLK) | _BV(AS2));
                 ^~~~~
/home/ec2-user/arduino-testlib/cli-datadir/user/libraries/DDS/src/DDS.cpp:8:17: note: suggested alternative: &#39;FEXCL&#39;
   ASSR &amp;= ~(_BV(EXCLK) | _BV(AS2));
                 ^~~~~
                 FEXCL
/home/ec2-user/arduino-testlib/cli-datadir/user/libraries/DDS/src/DDS.cpp:8:13: error: &#39;_BV&#39; was not declared in this scope
   ASSR &amp;= ~(_BV(EXCLK) | _BV(AS2));
             ^~~
/home/ec2-user/arduino-testlib/cli-datadir/user/libraries/DDS/src/DDS.cpp:8:13: note: suggested alternative: &#39;_B&#39;
   ASSR &amp;= ~(_BV(EXCLK) | _BV(AS2));
             ^~~
             _B
/home/ec2-user/arduino-testlib/cli-datadir/user/libraries/DDS/src/DDS.cpp:8:30: error: &#39;AS2&#39; was not declared in this scope
   ASSR &amp;= ~(_BV(EXCLK) | _BV(AS2));
                              ^~~
/home/ec2-user/arduino-testlib/cli-datadir/user/libraries/DDS/src/DDS.cpp:8:30: note: suggested alternative: &#39;A2&#39;
   ASSR &amp;= ~(_BV(EXCLK) | _BV(AS2));
                              ^~~
                              A2
/home/ec2-user/arduino-testlib/cli-datadir/user/libraries/DDS/src/DDS.cpp:14:3: error: &#39;TCCR2A&#39; was not declared in this scope
   TCCR2A = (TCCR2A | _BV(COM2B1)) &amp; ~(_BV(COM2B0) | _BV(COM2A1) | _BV(COM2A0)) |
   ^~~~~~
/home/ec2-user/arduino-testlib/cli-datadir/user/libraries/DDS/src/DDS.cpp:14:26: error: &#39;COM2B1&#39; was not declared in this scope
   TCCR2A = (TCCR2A | _BV(COM2B1)) &amp; ~(_BV(COM2B0) | _BV(COM2A1) | _BV(COM2A0)) |
                          ^~~~~~
/home/ec2-user/arduino-testlib/cli-datadir/user/libraries/DDS/src/DDS.cpp:14:43: error: &#39;COM2B0&#39; was not declared in this scope
   TCCR2A = (TCCR2A | _BV(COM2B1)) &amp; ~(_BV(COM2B0) | _BV(COM2A1) | _BV(COM2A0)) |
                                           ^~~~~~
/home/ec2-user/arduino-testlib/cli-datadir/user/libraries/DDS/src/DDS.cpp:14:57: error: &#39;COM2A1&#39; was not declared in this scope
   TCCR2A = (TCCR2A | _BV(COM2B1)) &amp; ~(_BV(COM2B0) | _BV(COM2A1) | _BV(COM2A0)) |
                                                         ^~~~~~
/home/ec2-user/arduino-testlib/cli-datadir/user/libraries/DDS/src/DDS.cpp:14:71: error: &#39;COM2A0&#39; was not declared in this scope
   TCCR2A = (TCCR2A | _BV(COM2B1)) &amp; ~(_BV(COM2B0) | _BV(COM2A1) | _BV(COM2A0)) |
                                                                       ^~~~~~
/home/ec2-user/arduino-testlib/cli-datadir/user/libraries/DDS/src/DDS.cpp:15:14: error: &#39;WGM21&#39; was not declared in this scope
          _BV(WGM21) | _BV(WGM20);
              ^~~~~
/home/ec2-user/arduino-testlib/cli-datadir/user/libraries/DDS/src/DDS.cpp:15:27: error: &#39;WGM20&#39; was not declared in this scope
          _BV(WGM21) | _BV(WGM20);
                           ^~~~~
/home/ec2-user/arduino-testlib/cli-datadir/user/libraries/DDS/src/DDS.cpp:17:3: error: &#39;TCCR2B&#39; was not declared in this scope
   TCCR2B = (TCCR2B &amp; ~(_BV(CS22) | _BV(CS21))) | _BV(CS20) | _BV(WGM22);
   ^~~~~~
/home/ec2-user/arduino-testlib/cli-datadir/user/libraries/DDS/src/DDS.cpp:17:28: error: &#39;CS22&#39; was not declared in this scope
   TCCR2B = (TCCR2B &amp; ~(_BV(CS22) | _BV(CS21))) | _BV(CS20) | _BV(WGM22);
                            ^~~~
/home/ec2-user/arduino-testlib/cli-datadir/user/libraries/DDS/src/DDS.cpp:17:28: note: suggested alternative: &#39;._22&#39;
   TCCR2B = (TCCR2B &amp; ~(_BV(CS22) | _BV(CS21))) | _BV(CS20) | _BV(WGM22);
                            ^~~~
                            ._22
/home/ec2-user/arduino-testlib/cli-datadir/user/libraries/DDS/src/DDS.cpp:17:40: error: &#39;CS21&#39; was not declared in this scope
   TCCR2B = (TCCR2B &amp; ~(_BV(CS22) | _BV(CS21))) | _BV(CS20) | _BV(WGM22);
                                        ^~~~
/home/ec2-user/arduino-testlib/cli-datadir/user/libraries/DDS/src/DDS.cpp:17:40: note: suggested alternative: &#39;._21&#39;
   TCCR2B = (TCCR2B &amp; ~(_BV(CS22) | _BV(CS21))) | _BV(CS20) | _BV(WGM22);
                                        ^~~~
                                        ._21
/home/ec2-user/arduino-testlib/cli-datadir/user/libraries/DDS/src/DDS.cpp:17:54: error: &#39;CS20&#39; was not declared in this scope
   TCCR2B = (TCCR2B &amp; ~(_BV(CS22) | _BV(CS21))) | _BV(CS20) | _BV(WGM22);
                                                      ^~~~
/home/ec2-user/arduino-testlib/cli-datadir/user/libraries/DDS/src/DDS.cpp:17:54: note: suggested alternative: &#39;._20&#39;
   TCCR2B = (TCCR2B &amp; ~(_BV(CS22) | _BV(CS21))) | _BV(CS20) | _BV(WGM22);
                                                      ^~~~
                                                      ._20
/home/ec2-user/arduino-testlib/cli-datadir/user/libraries/DDS/src/DDS.cpp:17:66: error: &#39;WGM22&#39; was not declared in this scope
   TCCR2B = (TCCR2B &amp; ~(_BV(CS22) | _BV(CS21))) | _BV(CS20) | _BV(WGM22);
                                                                  ^~~~~
/home/ec2-user/arduino-testlib/cli-datadir/user/libraries/DDS/src/DDS.cpp:31:3: error: &#39;OCR2A&#39; was not declared in this scope
   OCR2A = pow(2,COMPARATOR_BITS)-1;
   ^~~~~
/home/ec2-user/arduino-testlib/cli-datadir/user/libraries/DDS/src/DDS.cpp:32:3: error: &#39;OCR2B&#39; was not declared in this scope
   OCR2B = 0;
   ^~~~~
/home/ec2-user/arduino-testlib/cli-datadir/user/libraries/DDS/src/DDS.cpp: In member function &#39;void DDS::stop()&#39;:
/home/ec2-user/arduino-testlib/cli-datadir/user/libraries/DDS/src/DDS.cpp:43:5: error: &#39;TCCR1B&#39; was not declared in this scope
     TCCR1B = 0;
     ^~~~~~
/home/ec2-user/arduino-testlib/cli-datadir/user/libraries/DDS/src/DDS.cpp:45:3: error: &#39;TCCR2B&#39; was not declared in this scope
   TCCR2B = 0;
   ^~~~~~
/home/ec2-user/arduino-testlib/cli-datadir/user/libraries/DDS/src/DDS.cpp: In member function &#39;void DDS::startPhaseAccumulator(bool)&#39;:
/home/ec2-user/arduino-testlib/cli-datadir/user/libraries/DDS/src/DDS.cpp:52:5: error: &#39;TIMSK2&#39; was not declared in this scope
     TIMSK2 |= _BV(TOIE2);
     ^~~~~~
/home/ec2-user/arduino-testlib/cli-datadir/user/libraries/DDS/src/DDS.cpp:52:5: note: suggested alternative: &#39;TIMER&#39;
     TIMSK2 |= _BV(TOIE2);
     ^~~~~~
     TIMER
/home/ec2-user/arduino-testlib/cli-datadir/user/libraries/DDS/src/DDS.cpp:52:19: error: &#39;TOIE2&#39; was not declared in this scope
     TIMSK2 |= _BV(TOIE2);
                   ^~~~~
/home/ec2-user/arduino-testlib/cli-datadir/user/libraries/DDS/src/DDS.cpp:52:15: error: &#39;_BV&#39; was not declared in this scope
     TIMSK2 |= _BV(TOIE2);
               ^~~
/home/ec2-user/arduino-testlib/cli-datadir/user/libraries/DDS/src/DDS.cpp:52:15: note: suggested alternative: &#39;_B&#39;
     TIMSK2 |= _BV(TOIE2);
               ^~~
               _B
/home/ec2-user/arduino-testlib/cli-datadir/user/libraries/DDS/src/DDS.cpp:60:5: error: &#39;TCCR1B&#39; was not declared in this scope
     TCCR1B = _BV(CS10) | _BV(WGM13) | _BV(WGM12);
     ^~~~~~
/home/ec2-user/arduino-testlib/cli-datadir/user/libraries/DDS/src/DDS.cpp:60:18: error: &#39;CS10&#39; was not declared in this scope
     TCCR1B = _BV(CS10) | _BV(WGM13) | _BV(WGM12);
                  ^~~~
/home/ec2-user/arduino-testlib/cli-datadir/user/libraries/DDS/src/DDS.cpp:60:18: note: suggested alternative: &#39;B110&#39;
     TCCR1B = _BV(CS10) | _BV(WGM13) | _BV(WGM12);
                  ^~~~
                  B110
/home/ec2-user/arduino-testlib/cli-datadir/user/libraries/DDS/src/DDS.cpp:60:14: error: &#39;_BV&#39; was not declared in this scope
     TCCR1B = _BV(CS10) | _BV(WGM13) | _BV(WGM12);
              ^~~
/home/ec2-user/arduino-testlib/cli-datadir/user/libraries/DDS/src/DDS.cpp:60:14: note: suggested alternative: &#39;_B&#39;
     TCCR1B = _BV(CS10) | _BV(WGM13) | _BV(WGM12);
              ^~~
              _B
/home/ec2-user/arduino-testlib/cli-datadir/user/libraries/DDS/src/DDS.cpp:60:30: error: &#39;WGM13&#39; was not declared in this scope
     TCCR1B = _BV(CS10) | _BV(WGM13) | _BV(WGM12);
                              ^~~~~
/home/ec2-user/arduino-testlib/cli-datadir/user/libraries/DDS/src/DDS.cpp:60:43: error: &#39;WGM12&#39; was not declared in this scope
     TCCR1B = _BV(CS10) | _BV(WGM13) | _BV(WGM12);
                                           ^~~~~
/home/ec2-user/arduino-testlib/cli-datadir/user/libraries/DDS/src/DDS.cpp:61:5: error: &#39;TCCR1A&#39; was not declared in this scope
     TCCR1A = 0;
     ^~~~~~
/home/ec2-user/arduino-testlib/cli-datadir/user/libraries/DDS/src/DDS.cpp:62:5: error: &#39;ICR1&#39; was not declared in this scope
     ICR1 = ((F_CPU / 1) / refclk) - 1;
     ^~~~
/home/ec2-user/arduino-testlib/cli-datadir/user/libraries/DDS/src/DDS.cpp:62:5: note: suggested alternative: &#39;I2C_1&#39;
     ICR1 = ((F_CPU / 1) / refclk) - 1;
     ^~~~
     I2C_1
/home/ec2-user/arduino-testlib/cli-datadir/user/libraries/DDS/src/DDS.cpp:62:14: error: &#39;F_CPU&#39; was not declared in this scope
     ICR1 = ((F_CPU / 1) / refclk) - 1;
              ^~~~~
/home/ec2-user/arduino-testlib/cli-datadir/user/libraries/DDS/src/DDS.cpp:73:5: error: &#39;ADMUX&#39; was not declared in this scope
     ADMUX = _BV(REFS0) | _BV(ADLAR) | 0; // Channel 0, shift result left (ADCH used)
     ^~~~~
/home/ec2-user/arduino-testlib/cli-datadir/user/libraries/DDS/src/DDS.cpp:73:17: error: &#39;REFS0&#39; was not declared in this scope
     ADMUX = _BV(REFS0) | _BV(ADLAR) | 0; // Channel 0, shift result left (ADCH used)
                 ^~~~~
/home/ec2-user/arduino-testlib/cli-datadir/user/libraries/DDS/src/DDS.cpp:73:30: error: &#39;ADLAR&#39; was not declared in this scope
     ADMUX = _BV(REFS0) | _BV(ADLAR) | 0; // Channel </pre>

					
					<h4>examples/SimpleSin</h4>
					<p>
						Result: <b>FAIL</b>
					</p>
					<pre class="pre-scrollable">WARNING: library DDS claims to run on avr architecture(s) and may be incompatible with your current board which runs on mbed_nano architecture(s).
/home/ec2-user/arduino-testlib/cli-datadir/user/libraries/DDS/examples/SimpleSin/SimpleSin.ino:34:5: error: expected constructor, destructor, or type conversion before &#39;(&#39; token
 ISR(TIMER2_OVF_vect) {
     ^
/home/ec2-user/arduino-testlib/cli-datadir/user/libraries/DDS/examples/SimpleSin/SimpleSin.ino:34:4: error: expected constructor, destructor, or type conversion before &#39;(&#39; token
 ISR(TIMER2_OVF_vect) {
    ^

</pre>
					
				
				<h3 id="arduino:megaavr:nona4809">arduino:megaavr:nona4809 @ 1.8.7</h3>
				<h4>Inclusion</h4>
				<p>
					Result: <b>FAIL</b>
					
				</p>
				<pre class="pre-scrollable">WARNING: library DDS claims to run on avr architecture(s) and may be incompatible with your current board which runs on megaavr architecture(s).
/home/ec2-user/arduino-testlib/cli-datadir/user/libraries/DDS/src/DDS.cpp: In member function &#39;void DDS::start()&#39;:
/home/ec2-user/arduino-testlib/cli-datadir/user/libraries/DDS/src/DDS.cpp:8:3: error: &#39;ASSR&#39; was not declared in this scope
   ASSR &amp;= ~(_BV(EXCLK) | _BV(AS2));
   ^~~~
/home/ec2-user/arduino-testlib/cli-datadir/user/libraries/DDS/src/DDS.cpp:8:3: note: suggested alternative: &#39;SS&#39;
   ASSR &amp;= ~(_BV(EXCLK) | _BV(AS2));
   ^~~~
   SS
In file included from /home/ec2-user/arduino-testlib/cli-datadir/data/packages/arduino/tools/avr-gcc/7.3.0-atmel3.6.1-arduino5/avr/include/avr/io.h:99:0,
                 from /home/ec2-user/arduino-testlib/cli-datadir/data/packages/arduino/tools/avr-gcc/7.3.0-atmel3.6.1-arduino5/avr/include/avr/pgmspace.h:90,
                 from /home/ec2-user/arduino-testlib/cli-datadir/data/packages/arduino/hardware/megaavr/1.8.7/cores/arduino/api/String.h:31,
                 from /home/ec2-user/arduino-testlib/cli-datadir/data/packages/arduino/hardware/megaavr/1.8.7/cores/arduino/api/IPAddress.h:24,
                 from /home/ec2-user/arduino-testlib/cli-datadir/data/packages/arduino/hardware/megaavr/1.8.7/cores/arduino/api/ArduinoAPI.h:30,
                 from /home/ec2-user/arduino-testlib/cli-datadir/data/packages/arduino/hardware/megaavr/1.8.7/cores/arduino/Arduino.h:23,
                 from /home/ec2-user/arduino-testlib/cli-datadir/user/libraries/DDS/src/DDS.cpp:1:
/home/ec2-user/arduino-testlib/cli-datadir/user/libraries/DDS/src/DDS.cpp:8:17: error: &#39;EXCLK&#39; was not declared in this scope
   ASSR &amp;= ~(_BV(EXCLK) | _BV(AS2));
                 ^
/home/ec2-user/arduino-testlib/cli-datadir/user/libraries/DDS/src/DDS.cpp:8:30: error: &#39;AS2&#39; was not declared in this scope
   ASSR &amp;= ~(_BV(EXCLK) | _BV(AS2));
                              ^
/home/ec2-user/arduino-testlib/cli-datadir/user/libraries/DDS/src/DDS.cpp:8:30: note: suggested alternative: &#39;A2&#39;
/home/ec2-user/arduino-testlib/cli-datadir/user/libraries/DDS/src/DDS.cpp:14:3: error: &#39;TCCR2A&#39; was not declared in this scope
   TCCR2A = (TCCR2A | _BV(COM2B1)) &amp; ~(_BV(COM2B0) | _BV(COM2A1) | _BV(COM2A0)) |
   ^~~~~~
/home/ec2-user/arduino-testlib/cli-datadir/user/libraries/DDS/src/DDS.cpp:14:3: note: suggested alternative: &#39;TCB2&#39;
   TCCR2A = (TCCR2A | _BV(COM2B1)) &amp; ~(_BV(COM2B0) | _BV(COM2A1) | _BV(COM2A0)) |
   ^~~~~~
   TCB2
In file included from /home/ec2-user/arduino-testlib/cli-datadir/data/packages/arduino/tools/avr-gcc/7.3.0-atmel3.6.1-arduino5/avr/include/avr/io.h:99:0,
                 from /home/ec2-user/arduino-testlib/cli-datadir/data/packages/arduino/tools/avr-gcc/7.3.0-atmel3.6.1-arduino5/avr/include/avr/pgmspace.h:90,
                 from /home/ec2-user/arduino-testlib/cli-datadir/data/packages/arduino/hardware/megaavr/1.8.7/cores/arduino/api/String.h:31,
                 from /home/ec2-user/arduino-testlib/cli-datadir/data/packages/arduino/hardware/megaavr/1.8.7/cores/arduino/api/IPAddress.h:24,
                 from /home/ec2-user/arduino-testlib/cli-datadir/data/packages/arduino/hardware/megaavr/1.8.7/cores/arduino/api/ArduinoAPI.h:30,
                 from /home/ec2-user/arduino-testlib/cli-datadir/data/packages/arduino/hardware/megaavr/1.8.7/cores/arduino/Arduino.h:23,
                 from /home/ec2-user/arduino-testlib/cli-datadir/user/libraries/DDS/src/DDS.cpp:1:
/home/ec2-user/arduino-testlib/cli-datadir/user/libraries/DDS/src/DDS.cpp:14:26: error: &#39;COM2B1&#39; was not declared in this scope
   TCCR2A = (TCCR2A | _BV(COM2B1)) &amp; ~(_BV(COM2B0) | _BV(COM2A1) | _BV(COM2A0)) |
                          ^
/home/ec2-user/arduino-testlib/cli-datadir/user/libraries/DDS/src/DDS.cpp:14:43: error: &#39;COM2B0&#39; was not declared in this scope
   TCCR2A = (TCCR2A | _BV(COM2B1)) &amp; ~(_BV(COM2B0) | _BV(COM2A1) | _BV(COM2A0)) |
                                           ^
/home/ec2-user/arduino-testlib/cli-datadir/user/libraries/DDS/src/DDS.cpp:14:57: error: &#39;COM2A1&#39; was not declared in this scope
   TCCR2A = (TCCR2A | _BV(COM2B1)) &amp; ~(_BV(COM2B0) | _BV(COM2A1) | _BV(COM2A0)) |
                                                         ^
/home/ec2-user/arduino-testlib/cli-datadir/user/libraries/DDS/src/DDS.cpp:14:71: error: &#39;COM2A0&#39; was not declared in this scope
   TCCR2A = (TCCR2A | _BV(COM2B1)) &amp; ~(_BV(COM2B0) | _BV(COM2A1) | _BV(COM2A0)) |
                                                                       ^
/home/ec2-user/arduino-testlib/cli-datadir/user/libraries/DDS/src/DDS.cpp:15:14: error: &#39;WGM21&#39; was not declared in this scope
          _BV(WGM21) | _BV(WGM20);
              ^
/home/ec2-user/arduino-testlib/cli-datadir/user/libraries/DDS/src/DDS.cpp:15:27: error: &#39;WGM20&#39; was not declared in this scope
          _BV(WGM21) | _BV(WGM20);
                           ^
/home/ec2-user/arduino-testlib/cli-datadir/user/libraries/DDS/src/DDS.cpp:17:3: error: &#39;TCCR2B&#39; was not declared in this scope
   TCCR2B = (TCCR2B &amp; ~(_BV(CS22) | _BV(CS21))) | _BV(CS20) | _BV(WGM22);
   ^~~~~~
/home/ec2-user/arduino-testlib/cli-datadir/user/libraries/DDS/src/DDS.cpp:17:3: note: suggested alternative: &#39;TCB2&#39;
   TCCR2B = (TCCR2B &amp; ~(_BV(CS22) | _BV(CS21))) | _BV(CS20) | _BV(WGM22);
   ^~~~~~
   TCB2
In file included from /home/ec2-user/arduino-testlib/cli-datadir/data/packages/arduino/tools/avr-gcc/7.3.0-atmel3.6.1-arduino5/avr/include/avr/io.h:99:0,
                 from /home/ec2-user/arduino-testlib/cli-datadir/data/packages/arduino/tools/avr-gcc/7.3.0-atmel3.6.1-arduino5/avr/include/avr/pgmspace.h:90,
                 from /home/ec2-user/arduino-testlib/cli-datadir/data/packages/arduino/hardware/megaavr/1.8.7/cores/arduino/api/String.h:31,
                 from /home/ec2-user/arduino-testlib/cli-datadir/data/packages/arduino/hardware/megaavr/1.8.7/cores/arduino/api/IPAddress.h:24,
                 from /home/ec2-user/arduino-testlib/cli-datadir/data/packages/arduino/hardware/megaavr/1.8.7/cores/arduino/api/ArduinoAPI.h:30,
                 from /home/ec2-user/arduino-testlib/cli-datadir/data/packages/arduino/hardware/megaavr/1.8.7/cores/arduino/Arduino.h:23,
                 from /home/ec2-user/arduino-testlib/cli-datadir/user/libraries/DDS/src/DDS.cpp:1:
/home/ec2-user/arduino-testlib/cli-datadir/user/libraries/DDS/src/DDS.cpp:17:28: error: &#39;CS22&#39; was not declared in this scope
   TCCR2B = (TCCR2B &amp; ~(_BV(CS22) | _BV(CS21))) | _BV(CS20) | _BV(WGM22);
                            ^
/home/ec2-user/arduino-testlib/cli-datadir/user/libraries/DDS/src/DDS.cpp:17:40: error: &#39;CS21&#39; was not declared in this scope
   TCCR2B = (TCCR2B &amp; ~(_BV(CS22) | _BV(CS21))) | _BV(CS20) | _BV(WGM22);
                                        ^
/home/ec2-user/arduino-testlib/cli-datadir/user/libraries/DDS/src/DDS.cpp:17:54: error: &#39;CS20&#39; was not declared in this scope
   TCCR2B = (TCCR2B &amp; ~(_BV(CS22) | _BV(CS21))) | _BV(CS20) | _BV(WGM22);
                                                      ^
/home/ec2-user/arduino-testlib/cli-datadir/user/libraries/DDS/src/DDS.cpp:17:66: error: &#39;WGM22&#39; was not declared in this scope
   TCCR2B = (TCCR2B &amp; ~(_BV(CS22) | _BV(CS21))) | _BV(CS20) | _BV(WGM22);
                                                                  ^
/home/ec2-user/arduino-testlib/cli-datadir/user/libraries/DDS/src/DDS.cpp:31:3: error: &#39;OCR2A&#39; was not declared in this scope
   OCR2A = pow(2,COMPARATOR_BITS)-1;
   ^~~~~
/home/ec2-user/arduino-testlib/cli-datadir/user/libraries/DDS/src/DDS.cpp:32:3: error: &#39;OCR2B&#39; was not declared in this scope
   OCR2B = 0;
   ^~~~~
/home/ec2-user/arduino-testlib/cli-datadir/user/libraries/DDS/src/DDS.cpp: In member function &#39;void DDS::stop()&#39;:
/home/ec2-user/arduino-testlib/cli-datadir/user/libraries/DDS/src/DDS.cpp:43:5: error: &#39;TCCR1B&#39; was not declared in this scope
     TCCR1B = 0;
     ^~~~~~
/home/ec2-user/arduino-testlib/cli-datadir/user/libraries/DDS/src/DDS.cpp:43:5: note: suggested alternative: &#39;TCB1&#39;
     TCCR1B = 0;
     ^~~~~~
     TCB1
/home/ec2-user/arduino-testlib/cli-datadir/user/libraries/DDS/src/DDS.cpp:45:3: error: &#39;TCCR2B&#39; was not declared in this scope
   TCCR2B = 0;
   ^~~~~~
/home/ec2-user/arduino-testlib/cli-datadir/user/libraries/DDS/src/DDS.cpp:45:3: note: suggested alternative: &#39;TCB2&#39;
   TCCR2B = 0;
   ^~~~~~
   TCB2
/home/ec2-user/arduino-testlib/cli-datadir/user/libraries/DDS/src/DDS.cpp: In member function &#39;void DDS::startPhaseAccumulator(bool)&#39;:
/home/ec2-user/arduino-testlib/cli-datadir/user/libraries/DDS/src/DDS.cpp:52:5: error: &#39;TIMSK2&#39; was not declared in this scope
     TIMSK2 |= _BV(TOIE2);
     ^~~~~~
/home/ec2-user/arduino-testlib/cli-datadir/user/libraries/DDS/src/DDS.cpp:52:5: note: suggested alternative: &#39;TIMERB2&#39;
     TIMSK2 |= _BV(TOIE2);
     ^~~~~~
     TIMERB2
In file included from /home/ec2-user/arduino-testlib/cli-datadir/data/packages/arduino/tools/avr-gcc/7.3.0-atmel3.6.1-arduino5/avr/include/avr/io.h:99:0,
                 from /home/ec2-user/arduino-testlib/cli-datadir/data/packages/arduino/tools/avr-gcc/7.3.0-atmel3.6.1-arduino5/avr/include/avr/pgmspace.h:90,
                 from /home/ec2-user/arduino-testlib/cli-datadir/data/packages/arduino/hardware/megaavr/1.8.7/cores/arduino/api/String.h:31,
                 from /home/ec2-user/arduino-testlib/cli-datadir/data/packages/arduino/hardware/megaavr/1.8.7/cores/arduino/api/IPAddress.h:24,
                 from /home/ec2-user/arduino-testlib/cli-datadir/data/packages/arduino/hardware/megaavr/1.8.7/cores/arduino/api/ArduinoAPI.h:30,
                 from /home/ec2-user/arduino-testlib/cli-datadir/data/packages/arduino/hardware/megaavr/1.8.7/cores/arduino/Arduino.h:23,
                 from /home/ec2-user/arduino-testlib/cli-datadir/user/libraries/DDS/src/DDS.cpp:1:
/home/ec2-user/arduino-testlib/cli-datadir/user/libraries/DDS/src/DDS.cpp:52:19: error: &#39;TOIE2&#39; was not declared in this scope
     TIMSK2 |= _BV(TOIE2);
                   ^
/home/ec2-user/arduino-testlib/cli-datadir/</pre>

					
					<h4>examples/SimpleSin</h4>
					<p>
						Result: <b>FAIL</b>
					</p>
					<pre class="pre-scrollable">WARNING: library DDS claims to run on avr architecture(s) and may be incompatible with your current board which runs on megaavr architecture(s).
/home/ec2-user/arduino-testlib/cli-datadir/user/libraries/DDS/src/DDS.cpp: In member function &#39;void DDS::start()&#39;:
/home/ec2-user/arduino-testlib/cli-datadir/user/libraries/DDS/src/DDS.cpp:8:3: error: &#39;ASSR&#39; was not declared in this scope
   ASSR &amp;= ~(_BV(EXCLK) | _BV(AS2));
   ^~~~
/home/ec2-user/arduino-testlib/cli-datadir/user/libraries/DDS/src/DDS.cpp:8:3: note: suggested alternative: &#39;SS&#39;
   ASSR &amp;= ~(_BV(EXCLK) | _BV(AS2));
   ^~~~
   SS
In file included from /home/ec2-user/arduino-testlib/cli-datadir/data/packages/arduino/tools/avr-gcc/7.3.0-atmel3.6.1-arduino5/avr/include/avr/io.h:99:0,
                 from /home/ec2-user/arduino-testlib/cli-datadir/data/packages/arduino/tools/avr-gcc/7.3.0-atmel3.6.1-arduino5/avr/include/avr/pgmspace.h:90,
                 from /home/ec2-user/arduino-testlib/cli-datadir/data/packages/arduino/hardware/megaavr/1.8.7/cores/arduino/api/String.h:31,
                 from /home/ec2-user/arduino-testlib/cli-datadir/data/packages/arduino/hardware/megaavr/1.8.7/cores/arduino/api/IPAddress.h:24,
                 from /home/ec2-user/arduino-testlib/cli-datadir/data/packages/arduino/hardware/megaavr/1.8.7/cores/arduino/api/ArduinoAPI.h:30,
                 from /home/ec2-user/arduino-testlib/cli-datadir/data/packages/arduino/hardware/megaavr/1.8.7/cores/arduino/Arduino.h:23,
                 from /home/ec2-user/arduino-testlib/cli-datadir/user/libraries/DDS/src/DDS.cpp:1:
/home/ec2-user/arduino-testlib/cli-datadir/user/libraries/DDS/src/DDS.cpp:8:17: error: &#39;EXCLK&#39; was not declared in this scope
   ASSR &amp;= ~(_BV(EXCLK) | _BV(AS2));
                 ^
/home/ec2-user/arduino-testlib/cli-datadir/user/libraries/DDS/src/DDS.cpp:8:30: error: &#39;AS2&#39; was not declared in this scope
   ASSR &amp;= ~(_BV(EXCLK) | _BV(AS2));
                              ^
/home/ec2-user/arduino-testlib/cli-datadir/user/libraries/DDS/src/DDS.cpp:8:30: note: suggested alternative: &#39;A2&#39;
/home/ec2-user/arduino-testlib/cli-datadir/user/libraries/DDS/src/DDS.cpp:14:3: error: &#39;TCCR2A&#39; was not declared in this scope
   TCCR2A = (TCCR2A | _BV(COM2B1)) &amp; ~(_BV(COM2B0) | _BV(COM2A1) | _BV(COM2A0)) |
   ^~~~~~
/home/ec2-user/arduino-testlib/cli-datadir/user/libraries/DDS/src/DDS.cpp:14:3: note: suggested alternative: &#39;TCB2&#39;
   TCCR2A = (TCCR2A | _BV(COM2B1)) &amp; ~(_BV(COM2B0) | _BV(COM2A1) | _BV(COM2A0)) |
   ^~~~~~
   TCB2
In file included from /home/ec2-user/arduino-testlib/cli-datadir/data/packages/arduino/tools/avr-gcc/7.3.0-atmel3.6.1-arduino5/avr/include/avr/io.h:99:0,
                 from /home/ec2-user/arduino-testlib/cli-datadir/data/packages/arduino/tools/avr-gcc/7.3.0-atmel3.6.1-arduino5/avr/include/avr/pgmspace.h:90,
                 from /home/ec2-user/arduino-testlib/cli-datadir/data/packages/arduino/hardware/megaavr/1.8.7/cores/arduino/api/String.h:31,
                 from /home/ec2-user/arduino-testlib/cli-datadir/data/packages/arduino/hardware/megaavr/1.8.7/cores/arduino/api/IPAddress.h:24,
                 from /home/ec2-user/arduino-testlib/cli-datadir/data/packages/arduino/hardware/megaavr/1.8.7/cores/arduino/api/ArduinoAPI.h:30,
                 from /home/ec2-user/arduino-testlib/cli-datadir/data/packages/arduino/hardware/megaavr/1.8.7/cores/arduino/Arduino.h:23,
                 from /home/ec2-user/arduino-testlib/cli-datadir/user/libraries/DDS/src/DDS.cpp:1:
/home/ec2-user/arduino-testlib/cli-datadir/user/libraries/DDS/src/DDS.cpp:14:26: error: &#39;COM2B1&#39; was not declared in this scope
   TCCR2A = (TCCR2A | _BV(COM2B1)) &amp; ~(_BV(COM2B0) | _BV(COM2A1) | _BV(COM2A0)) |
                          ^
/home/ec2-user/arduino-testlib/cli-datadir/user/libraries/DDS/src/DDS.cpp:14:43: error: &#39;COM2B0&#39; was not declared in this scope
   TCCR2A = (TCCR2A | _BV(COM2B1)) &amp; ~(_BV(COM2B0) | _BV(COM2A1) | _BV(COM2A0)) |
                                           ^
/home/ec2-user/arduino-testlib/cli-datadir/user/libraries/DDS/src/DDS.cpp:14:57: error: &#39;COM2A1&#39; was not declared in this scope
   TCCR2A = (TCCR2A | _BV(COM2B1)) &amp; ~(_BV(COM2B0) | _BV(COM2A1) | _BV(COM2A0)) |
                                                         ^
/home/ec2-user/arduino-testlib/cli-datadir/user/libraries/DDS/src/DDS.cpp:14:71: error: &#39;COM2A0&#39; was not declared in this scope
   TCCR2A = (TCCR2A | _BV(COM2B1)) &amp; ~(_BV(COM2B0) | _BV(COM2A1) | _BV(COM2A0)) |
                                                                       ^
/home/ec2-user/arduino-testlib/cli-datadir/user/libraries/DDS/src/DDS.cpp:15:14: error: &#39;WGM21&#39; was not declared in this scope
          _BV(WGM21) | _BV(WGM20);
              ^
/home/ec2-user/arduino-testlib/cli-datadir/user/libraries/DDS/src/DDS.cpp:15:27: error: &#39;WGM20&#39; was not declared in this scope
          _BV(WGM21) | _BV(WGM20);
                           ^
/home/ec2-user/arduino-testlib/cli-datadir/user/libraries/DDS/src/DDS.cpp:17:3: error: &#39;TCCR2B&#39; was not declared in this scope
   TCCR2B = (TCCR2B &amp; ~(_BV(CS22) | _BV(CS21))) | _BV(CS20) | _BV(WGM22);
   ^~~~~~
/home/ec2-user/arduino-testlib/cli-datadir/user/libraries/DDS/src/DDS.cpp:17:3: note: suggested alternative: &#39;TCB2&#39;
   TCCR2B = (TCCR2B &amp; ~(_BV(CS22) | _BV(CS21))) | _BV(CS20) | _BV(WGM22);
   ^~~~~~
   TCB2
In file included from /home/ec2-user/arduino-testlib/cli-datadir/data/packages/arduino/tools/avr-gcc/7.3.0-atmel3.6.1-arduino5/avr/include/avr/io.h:99:0,
                 from /home/ec2-user/arduino-testlib/cli-datadir/data/packages/arduino/tools/avr-gcc/7.3.0-atmel3.6.1-arduino5/avr/include/avr/pgmspace.h:90,
                 from /home/ec2-user/arduino-testlib/cli-datadir/data/packages/arduino/hardware/megaavr/1.8.7/cores/arduino/api/String.h:31,
                 from /home/ec2-user/arduino-testlib/cli-datadir/data/packages/arduino/hardware/megaavr/1.8.7/cores/arduino/api/IPAddress.h:24,
                 from /home/ec2-user/arduino-testlib/cli-datadir/data/packages/arduino/hardware/megaavr/1.8.7/cores/arduino/api/ArduinoAPI.h:30,
                 from /home/ec2-user/arduino-testlib/cli-datadir/data/packages/arduino/hardware/megaavr/1.8.7/cores/arduino/Arduino.h:23,
                 from /home/ec2-user/arduino-testlib/cli-datadir/user/libraries/DDS/src/DDS.cpp:1:
/home/ec2-user/arduino-testlib/cli-datadir/user/libraries/DDS/src/DDS.cpp:17:28: error: &#39;CS22&#39; was not declared in this scope
   TCCR2B = (TCCR2B &amp; ~(_BV(CS22) | _BV(CS21))) | _BV(CS20) | _BV(WGM22);
                            ^
/home/ec2-user/arduino-testlib/cli-datadir/user/libraries/DDS/src/DDS.cpp:17:40: error: &#39;CS21&#39; was not declared in this scope
   TCCR2B = (TCCR2B &amp; ~(_BV(CS22) | _BV(CS21))) | _BV(CS20) | _BV(WGM22);
                                        ^
/home/ec2-user/arduino-testlib/cli-datadir/user/libraries/DDS/src/DDS.cpp:17:54: error: &#39;CS20&#39; was not declared in this scope
   TCCR2B = (TCCR2B &amp; ~(_BV(CS22) | _BV(CS21))) | _BV(CS20) | _BV(WGM22);
                                                      ^
/home/ec2-user/arduino-testlib/cli-datadir/user/libraries/DDS/src/DDS.cpp:17:66: error: &#39;WGM22&#39; was not declared in this scope
   TCCR2B = (TCCR2B &amp; ~(_BV(CS22) | _BV(CS21))) | _BV(CS20) | _BV(WGM22);
                                                                  ^
/home/ec2-user/arduino-testlib/cli-datadir/user/libraries/DDS/src/DDS.cpp:31:3: error: &#39;OCR2A&#39; was not declared in this scope
   OCR2A = pow(2,COMPARATOR_BITS)-1;
   ^~~~~
/home/ec2-user/arduino-testlib/cli-datadir/user/libraries/DDS/src/DDS.cpp:32:3: error: &#39;OCR2B&#39; was not declared in this scope
   OCR2B = 0;
   ^~~~~
/home/ec2-user/arduino-testlib/cli-datadir/user/libraries/DDS/src/DDS.cpp: In member function &#39;void DDS::stop()&#39;:
/home/ec2-user/arduino-testlib/cli-datadir/user/libraries/DDS/src/DDS.cpp:43:5: error: &#39;TCCR1B&#39; was not declared in this scope
     TCCR1B = 0;
     ^~~~~~
/home/ec2-user/arduino-testlib/cli-datadir/user/libraries/DDS/src/DDS.cpp:43:5: note: suggested alternative: &#39;TCB1&#39;
     TCCR1B = 0;
     ^~~~~~
     TCB1
/home/ec2-user/arduino-testlib/cli-datadir/user/libraries/DDS/src/DDS.cpp:45:3: error: &#39;TCCR2B&#39; was not declared in this scope
   TCCR2B = 0;
   ^~~~~~
/home/ec2-user/arduino-testlib/cli-datadir/user/libraries/DDS/src/DDS.cpp:45:3: note: suggested alternative: &#39;TCB2&#39;
   TCCR2B = 0;
   ^~~~~~
   TCB2
/home/ec2-user/arduino-testlib/cli-datadir/user/libraries/DDS/src/DDS.cpp: In member function &#39;void DDS::startPhaseAccumulator(bool)&#39;:
/home/ec2-user/arduino-testlib/cli-datadir/user/libraries/DDS/src/DDS.cpp:52:5: error: &#39;TIMSK2&#39; was not declared in this scope
     TIMSK2 |= _BV(TOIE2);
     ^~~~~~
/home/ec2-user/arduino-testlib/cli-datadir/user/libraries/DDS/src/DDS.cpp:52:5: note: suggested alternative: &#39;TIMERB2&#39;
     TIMSK2 |= _BV(TOIE2);
     ^~~~~~
     TIMERB2
In file included from /home/ec2-user/arduino-testlib/cli-datadir/data/packages/arduino/tools/avr-gcc/7.3.0-atmel3.6.1-arduino5/avr/include/avr/io.h:99:0,
                 from /home/ec2-user/arduino-testlib/cli-datadir/data/packages/arduino/tools/avr-gcc/7.3.0-atmel3.6.1-arduino5/avr/include/avr/pgmspace.h:90,
                 from /home/ec2-user/arduino-testlib/cli-datadir/data/packages/arduino/hardware/megaavr/1.8.7/cores/arduino/api/String.h:31,
                 from /home/ec2-user/arduino-testlib/cli-datadir/data/packages/arduino/hardware/megaavr/1.8.7/cores/arduino/api/IPAddress.h:24,
                 from /home/ec2-user/arduino-testlib/cli-datadir/data/packages/arduino/hardware/megaavr/1.8.7/cores/arduino/api/ArduinoAPI.h:30,
                 from /home/ec2-user/arduino-testlib/cli-datadir/data/packages/arduino/hardware/megaavr/1.8.7/cores/arduino/Arduino.h:23,
                 from /home/ec2-user/arduino-testlib/cli-datadir/user/libraries/DDS/src/DDS.cpp:1:
/home/ec2-user/arduino-testlib/cli-datadir/user/libraries/DDS/src/DDS.cpp:52:19: error: &#39;TOIE2&#39; was not declared in this scope
     TIMSK2 |= _BV(TOIE2);
                   ^
/home/ec2-user/arduino-testlib/cli-datadir/</pre>
					
				
				<h3 id="arduino:samd:mkrwifi1010">arduino:samd:mkrwifi1010 @ 1.8.12</h3>
				<h4>Inclusion</h4>
				<p>
					Result: <b>FAIL</b>
					
				</p>
				<pre class="pre-scrollable">WARNING: library DDS claims to run on avr architecture(s) and may be incompatible with your current board which runs on samd architecture(s).
/Users/alranel/Documents/git/arduino/arduino-testlib/cli-datadir/user/libraries/DDS/src/DDS.cpp: In member function &#39;void DDS::start()&#39;:
/Users/alranel/Documents/git/arduino/arduino-testlib/cli-datadir/user/libraries/DDS/src/DDS.cpp:8:3: error: &#39;ASSR&#39; was not declared in this scope
   ASSR &amp;= ~(_BV(EXCLK) | _BV(AS2));
   ^~~~
/Users/alranel/Documents/git/arduino/arduino-testlib/cli-datadir/user/libraries/DDS/src/DDS.cpp:8:3: note: suggested alternative: &#39;SS1&#39;
   ASSR &amp;= ~(_BV(EXCLK) | _BV(AS2));
   ^~~~
   SS1
/Users/alranel/Documents/git/arduino/arduino-testlib/cli-datadir/user/libraries/DDS/src/DDS.cpp:8:17: error: &#39;EXCLK&#39; was not declared in this scope
   ASSR &amp;= ~(_BV(EXCLK) | _BV(AS2));
                 ^~~~~
/Users/alranel/Documents/git/arduino/arduino-testlib/cli-datadir/user/libraries/DDS/src/DDS.cpp:8:17: note: suggested alternative: &#39;GCLK&#39;
   ASSR &amp;= ~(_BV(EXCLK) | _BV(AS2));
                 ^~~~~
                 GCLK
/Users/alranel/Documents/git/arduino/arduino-testlib/cli-datadir/user/libraries/DDS/src/DDS.cpp:8:13: error: &#39;_BV&#39; was not declared in this scope
   ASSR &amp;= ~(_BV(EXCLK) | _BV(AS2));
             ^~~
/Users/alranel/Documents/git/arduino/arduino-testlib/cli-datadir/user/libraries/DDS/src/DDS.cpp:8:13: note: suggested alternative: &#39;_B&#39;
   ASSR &amp;= ~(_BV(EXCLK) | _BV(AS2));
             ^~~
             _B
/Users/alranel/Documents/git/arduino/arduino-testlib/cli-datadir/user/libraries/DDS/src/DDS.cpp:8:30: error: &#39;AS2&#39; was not declared in this scope
   ASSR &amp;= ~(_BV(EXCLK) | _BV(AS2));
                              ^~~
/Users/alranel/Documents/git/arduino/arduino-testlib/cli-datadir/user/libraries/DDS/src/DDS.cpp:8:30: note: suggested alternative: &#39;A2&#39;
   ASSR &amp;= ~(_BV(EXCLK) | _BV(AS2));
                              ^~~
                              A2
/Users/alranel/Documents/git/arduino/arduino-testlib/cli-datadir/user/libraries/DDS/src/DDS.cpp:14:3: error: &#39;TCCR2A&#39; was not declared in this scope
   TCCR2A = (TCCR2A | _BV(COM2B1)) &amp; ~(_BV(COM2B0) | _BV(COM2A1) | _BV(COM2A0)) |
   ^~~~~~
/Users/alranel/Documents/git/arduino/arduino-testlib/cli-datadir/user/libraries/DDS/src/DDS.cpp:14:3: note: suggested alternative: &#39;TCC2&#39;
   TCCR2A = (TCCR2A | _BV(COM2B1)) &amp; ~(_BV(COM2B0) | _BV(COM2A1) | _BV(COM2A0)) |
   ^~~~~~
   TCC2
/Users/alranel/Documents/git/arduino/arduino-testlib/cli-datadir/user/libraries/DDS/src/DDS.cpp:14:26: error: &#39;COM2B1&#39; was not declared in this scope
   TCCR2A = (TCCR2A | _BV(COM2B1)) &amp; ~(_BV(COM2B0) | _BV(COM2A1) | _BV(COM2A0)) |
                          ^~~~~~
/Users/alranel/Documents/git/arduino/arduino-testlib/cli-datadir/user/libraries/DDS/src/DDS.cpp:14:43: error: &#39;COM2B0&#39; was not declared in this scope
   TCCR2A = (TCCR2A | _BV(COM2B1)) &amp; ~(_BV(COM2B0) | _BV(COM2A1) | _BV(COM2A0)) |
                                           ^~~~~~
/Users/alranel/Documents/git/arduino/arduino-testlib/cli-datadir/user/libraries/DDS/src/DDS.cpp:14:57: error: &#39;COM2A1&#39; was not declared in this scope
   TCCR2A = (TCCR2A | _BV(COM2B1)) &amp; ~(_BV(COM2B0) | _BV(COM2A1) | _BV(COM2A0)) |
                                                         ^~~~~~
/Users/alranel/Documents/git/arduino/arduino-testlib/cli-datadir/user/libraries/DDS/src/DDS.cpp:14:71: error: &#39;COM2A0&#39; was not declared in this scope
   TCCR2A = (TCCR2A | _BV(COM2B1)) &amp; ~(_BV(COM2B0) | _BV(COM2A1) | _BV(COM2A0)) |
                                                                       ^~~~~~
/Users/alranel/Documents/git/arduino/arduino-testlib/cli-datadir/user/libraries/DDS/src/DDS.cpp:15:14: error: &#39;WGM21&#39; was not declared in this scope
          _BV(WGM21) | _BV(WGM20);
              ^~~~~
/Users/alranel/Documents/git/arduino/arduino-testlib/cli-datadir/user/libraries/DDS/src/DDS.cpp:15:27: error: &#39;WGM20&#39; was not declared in this scope
          _BV(WGM21) | _BV(WGM20);
                           ^~~~~
/Users/alranel/Documents/git/arduino/arduino-testlib/cli-datadir/user/libraries/DDS/src/DDS.cpp:17:3: error: &#39;TCCR2B&#39; was not declared in this scope
   TCCR2B = (TCCR2B &amp; ~(_BV(CS22) | _BV(CS21))) | _BV(CS20) | _BV(WGM22);
   ^~~~~~
/Users/alranel/Documents/git/arduino/arduino-testlib/cli-datadir/user/libraries/DDS/src/DDS.cpp:17:3: note: suggested alternative: &#39;TCC2&#39;
   TCCR2B = (TCCR2B &amp; ~(_BV(CS22) | _BV(CS21))) | _BV(CS20) | _BV(WGM22);
   ^~~~~~
   TCC2
/Users/alranel/Documents/git/arduino/arduino-testlib/cli-datadir/user/libraries/DDS/src/DDS.cpp:17:28: error: &#39;CS22&#39; was not declared in this scope
   TCCR2B = (TCCR2B &amp; ~(_BV(CS22) | _BV(CS21))) | _BV(CS20) | _BV(WGM22);
                            ^~~~
/Users/alranel/Documents/git/arduino/arduino-testlib/cli-datadir/user/libraries/DDS/src/DDS.cpp:17:40: error: &#39;CS21&#39; was not declared in this scope
   TCCR2B = (TCCR2B &amp; ~(_BV(CS22) | _BV(CS21))) | _BV(CS20) | _BV(WGM22);
                                        ^~~~
/Users/alranel/Documents/git/arduino/arduino-testlib/cli-datadir/user/libraries/DDS/src/DDS.cpp:17:40: note: suggested alternative: &#39;SS1&#39;
   TCCR2B = (TCCR2B &amp; ~(_BV(CS22) | _BV(CS21))) | _BV(CS20) | _BV(WGM22);
                                        ^~~~
                                        SS1
/Users/alranel/Documents/git/arduino/arduino-testlib/cli-datadir/user/libraries/DDS/src/DDS.cpp:17:54: error: &#39;CS20&#39; was not declared in this scope
   TCCR2B = (TCCR2B &amp; ~(_BV(CS22) | _BV(CS21))) | _BV(CS20) | _BV(WGM22);
                                                      ^~~~
/Users/alranel/Documents/git/arduino/arduino-testlib/cli-datadir/user/libraries/DDS/src/DDS.cpp:17:66: error: &#39;WGM22&#39; was not declared in this scope
   TCCR2B = (TCCR2B &amp; ~(_BV(CS22) | _BV(CS21))) | _BV(CS20) | _BV(WGM22);
                                                                  ^~~~~
/Users/alranel/Documents/git/arduino/arduino-testlib/cli-datadir/user/libraries/DDS/src/DDS.cpp:31:3: error: &#39;OCR2A&#39; was not declared in this scope
   OCR2A = pow(2,COMPARATOR_BITS)-1;
   ^~~~~
/Users/alranel/Documents/git/arduino/arduino-testlib/cli-datadir/user/libraries/DDS/src/DDS.cpp:32:3: error: &#39;OCR2B&#39; was not declared in this scope
   OCR2B = 0;
   ^~~~~
/Users/alranel/Documents/git/arduino/arduino-testlib/cli-datadir/user/libraries/DDS/src/DDS.cpp: In member function &#39;void DDS::stop()&#39;:
/Users/alranel/Documents/git/arduino/arduino-testlib/cli-datadir/user/libraries/DDS/src/DDS.cpp:43:5: error: &#39;TCCR1B&#39; was not declared in this scope
     TCCR1B = 0;
     ^~~~~~
/Users/alranel/Documents/git/arduino/arduino-testlib/cli-datadir/user/libraries/DDS/src/DDS.cpp:43:5: note: suggested alternative: &#39;TCC1&#39;
     TCCR1B = 0;
     ^~~~~~
     TCC1
/Users/alranel/Documents/git/arduino/arduino-testlib/cli-datadir/user/libraries/DDS/src/DDS.cpp:45:3: error: &#39;TCCR2B&#39; was not declared in this scope
   TCCR2B = 0;
   ^~~~~~
/Users/alranel/Documents/git/arduino/arduino-testlib/cli-datadir/user/libraries/DDS/src/DDS.cpp:45:3: note: suggested alternative: &#39;TCC2&#39;
   TCCR2B = 0;
   ^~~~~~
   TCC2
/Users/alranel/Documents/git/arduino/arduino-testlib/cli-datadir/user/libraries/DDS/src/DDS.cpp: In member function &#39;void DDS::startPhaseAccumulator(bool)&#39;:
/Users/alranel/Documents/git/arduino/arduino-testlib/cli-datadir/user/libraries/DDS/src/DDS.cpp:52:5: error: &#39;TIMSK2&#39; was not declared in this scope
     TIMSK2 |= _BV(TOIE2);
     ^~~~~~
/Users/alranel/Documents/git/arduino/arduino-testlib/cli-datadir/user/libraries/DDS/src/DDS.cpp:52:19: error: &#39;TOIE2&#39; was not declared in this scope
     TIMSK2 |= _BV(TOIE2);
                   ^~~~~
/Users/alranel/Documents/git/arduino/arduino-testlib/cli-datadir/user/libraries/DDS/src/DDS.cpp:52:15: error: &#39;_BV&#39; was not declared in this scope
     TIMSK2 |= _BV(TOIE2);
               ^~~
/Users/alranel/Documents/git/arduino/arduino-testlib/cli-datadir/user/libraries/DDS/src/DDS.cpp:52:15: note: suggested alternative: &#39;_B&#39;
     TIMSK2 |= _BV(TOIE2);
               ^~~
               _B
/Users/alranel/Documents/git/arduino/arduino-testlib/cli-datadir/user/libraries/DDS/src/DDS.cpp:60:5: error: &#39;TCCR1B&#39; was not declared in this scope
     TCCR1B = _BV(CS10) | _BV(WGM13) | _BV(WGM12);
     ^~~~~~
/Users/alranel/Documents/git/arduino/arduino-testlib/cli-datadir/user/libraries/DDS/src/DDS.cpp:60:5: note: suggested alternative: &#39;TCC1&#39;
     TCCR1B = _BV(CS10) | _BV(WGM13) | _BV(WGM12);
     ^~~~~~
     TCC1
/Users/alranel/Documents/git/arduino/arduino-testlib/cli-datadir/user/libraries/DDS/src/DDS.cpp:60:18: error: &#39;CS10&#39; was not declared in this scope
     TCCR1B = _BV(CS10) | _BV(WGM13) | _BV(WGM12);
                  ^~~~
/Users/alranel/Documents/git/arduino/arduino-testlib/cli-datadir/user/libraries/DDS/src/DDS.cpp:60:18: note: suggested alternative: &#39;SS1&#39;
     TCCR1B = _BV(CS10) | _BV(WGM13) | _BV(WGM12);
                  ^~~~
                  SS1
/Users/alranel/Documents/git/arduino/arduino-testlib/cli-datadir/user/libraries/DDS/src/DDS.cpp:60:14: error: &#39;_BV&#39; was not declared in this scope
     TCCR1B = _BV(CS10) | _BV(WGM13) | _BV(WGM12);
              ^~~
/Users/alranel/Documents/git/arduino/arduino-testlib/cli-datadir/user/libraries/DDS/src/DDS.cpp:60:14: note: suggested alternative: &#39;_B&#39;
     TCCR1B = _BV(CS10) | _BV(WGM13) | _BV(WGM12);
              ^~~
              _B
/Users/alranel/Documents/git/arduino/arduino-testlib/cli-datadir/user/libraries/DDS/src/DDS.cpp:60:30: error: &#39;WGM13&#39; was not declared in this scope
     TCCR1B = _BV(CS10) | _BV(WGM13) | _BV(WGM12);
                              ^~~~~
/Users/alranel/Documents/git/arduino/arduino-testlib/cli-datadir/user/libraries/DDS/src/DDS.cpp:60:43: error: &#39;WGM12&#39; was not declared in this scope
     TCCR1B = _BV(CS10) | _BV(WGM13) | _BV(WGM12);
                                           ^~~~~
/Users/alranel/Documents/git/arduino/arduino-testlib/cli-datadir/user/libraries/DDS/src/DDS.cpp:61:5: error: &#39;TCCR1A&#39; was not declared in this scope
     TCCR1A = 0;
     ^~~~~~
/Users/alranel</pre>

					
					<h4>examples/SimpleSin</h4>
					<p>
						Result: <b>FAIL</b>
					</p>
					<pre class="pre-scrollable">WARNING: library DDS claims to run on avr architecture(s) and may be incompatible with your current board which runs on samd architecture(s).
/Users/alranel/Documents/git/arduino/arduino-testlib/cli-datadir/user/libraries/DDS/examples/SimpleSin/SimpleSin.ino:34:5: error: expected constructor, destructor, or type conversion before &#39;(&#39; token
 ISR(TIMER2_OVF_vect) {
     ^
/Users/alranel/Documents/git/arduino/arduino-testlib/cli-datadir/user/libraries/DDS/examples/SimpleSin/SimpleSin.ino:34:4: error: expected constructor, destructor, or type conversion before &#39;(&#39; token
 ISR(TIMER2_OVF_vect) {
    ^

</pre>
					
				
				<h3 id="esp32:esp32:d1_mini32">esp32:esp32:d1_mini32 @ 1.0.6</h3>
				<h4>Inclusion</h4>
				<p>
					Result: <b>FAIL</b>
					
				</p>
				<pre class="pre-scrollable">In file included from /tmp/arduino-testlib4164964455/test/test.ino:1:0:
/home/ec2-user/arduino-testlib/cli-datadir/user/libraries/DDS/src/DDS.h:5:26: fatal error: avr/pgmspace.h: No such file or directory
compilation terminated.

</pre>

					
					<h4>examples/SimpleSin</h4>
					<p>
						Result: <b>FAIL</b>
					</p>
					<pre class="pre-scrollable">In file included from /home/ec2-user/arduino-testlib/cli-datadir/user/libraries/DDS/examples/SimpleSin/SimpleSin.ino:8:0:
/home/ec2-user/arduino-testlib/cli-datadir/user/libraries/DDS/src/DDS.h:5:26: fatal error: avr/pgmspace.h: No such file or directory
compilation terminated.

</pre>
					
				
			</div>
		</div>
	</div>
  </body>
</html>
