
<!doctype html>
<html lang="en">
  <head>
    <meta charset="utf-8">
    <meta name="viewport" content="width=device-width, initial-scale=1">
    <link href="https://cdn.jsdelivr.net/npm/bootstrap@5.0.2/dist/css/bootstrap.min.css" rel="stylesheet" integrity="sha384-EVSTQN3/azprG1Anm3QDgpJLIm9Nao0Yz1ztcQTwFspd3yD65VohhpuuCOmLASjC" crossorigin="anonymous">
    <title>arduino-testlib report</title>
	<style>
	.pass { background-color: #00FF00 !important; }
	.fail { background-color: #FF0000 !important; }
	</style>
  </head>
  <body>
	<div class="container">
		<div class="row">
			<div class="col">
				<h1>DeviceController - compatibility matrix</h1>
				<p>
					<small>This report was generated on Monday, 21-Feb-22 12:00:25 CET using 
					<a href="https://github.com/alranel/arduino-testlib">arduino-testlib</a>.</small>
				</p>

				<h2>DeviceController</h2>
				<p>
					Version: <b>1.0.0</b>
					<br />
					<a href="https://www.arduino.cc/reference/en/libraries/devicecontroller/">More details</a>
				</p>

				<h2>Compatibility matrix</h2>
				<table class="table table-bordered">
					<tr>
						<th>Board</th>
						<th>Claims compatibility</th>
						<th>Inclusion</th>
						
						<th><pre>ArduinoUnoController</pre></th>
						
					</tr>
					
					<tr>
						<td>
							<a href="#arduino%3aavr%3auno"><b>arduino:avr:uno</b></a>
							<br />
							<small>1.8.4</small>
						</td>

						
							<td>Yes</td>
							<td class="pass">PASS</td>
						
						
						
						

						
							
								
									
										
											<td class="pass">PASS</td>
											
										
									
								
							
								
							
								
							
								
							
								
							
						
					</tr>
					
					<tr>
						<td>
							<a href="#arduino%3ambed_nano%3ananorp2040connect"><b>arduino:mbed_nano:nanorp2040connect</b></a>
							<br />
							<small>2.7.2</small>
						</td>

						
							<td>Yes</td>
							<td class="pass">PASS</td>
						
						
						
						

						
							
								
							
								
									
										
											
											<td class="fail">FAIL</td>
										
									
								
							
								
							
								
							
								
							
						
					</tr>
					
					<tr>
						<td>
							<a href="#arduino%3amegaavr%3anona4809"><b>arduino:megaavr:nona4809</b></a>
							<br />
							<small>1.8.7</small>
						</td>

						
							<td>Yes</td>
							<td class="pass">PASS</td>
						
						
						
						

						
							
								
							
								
							
								
									
										
											
											<td class="fail">FAIL</td>
										
									
								
							
								
							
								
							
						
					</tr>
					
					<tr>
						<td>
							<a href="#arduino%3asamd%3amkrwifi1010"><b>arduino:samd:mkrwifi1010</b></a>
							<br />
							<small>1.8.12</small>
						</td>

						
							<td>Yes</td>
							<td class="pass">PASS</td>
						
						
						
						

						
							
								
							
								
							
								
							
								
									
										
											
											<td class="fail">FAIL</td>
										
									
								
							
								
							
						
					</tr>
					
					<tr>
						<td>
							<a href="#esp32%3aesp32%3ad1_mini32"><b>esp32:esp32:d1_mini32</b></a>
							<br />
							<small>1.0.6</small>
						</td>

						
						
						
							<td>Yes ⚠️</td>
							<td class="fail">FAIL</td>
						
						

						
							
								
							
								
							
								
							
								
							
								
									
										
											
											<td class="fail">FAIL</td>
										
									
								
							
						
					</tr>
					
				</table>

				<h2>Compilation logs</h2>
				
				<h3 id="arduino:avr:uno">arduino:avr:uno @ 1.8.4</h3>
				<h4>Inclusion</h4>
				<p>
					Result: <b>PASS</b>
					
				</p>
				<pre class="pre-scrollable">Sketch uses 444 bytes (1%) of program storage space. Maximum is 32256 bytes.
Global variables use 9 bytes (0%) of dynamic memory, leaving 2039 bytes for local variables. Maximum is 2048 bytes.
</pre>

					
					<h4>examples/ArduinoUnoController</h4>
					<p>
						Result: <b>PASS</b>
					</p>
					<pre class="pre-scrollable">Sketch uses 4220 bytes (13%) of program storage space. Maximum is 32256 bytes.
Global variables use 244 bytes (11%) of dynamic memory, leaving 1804 bytes for local variables. Maximum is 2048 bytes.
</pre>
					
				
				<h3 id="arduino:mbed_nano:nanorp2040connect">arduino:mbed_nano:nanorp2040connect @ 2.7.2</h3>
				<h4>Inclusion</h4>
				<p>
					Result: <b>PASS</b>
					
				</p>
				<pre class="pre-scrollable">Sketch uses 78756 bytes (0%) of program storage space. Maximum is 16777216 bytes.
Global variables use 43444 bytes (16%) of dynamic memory, leaving 226892 bytes for local variables. Maximum is 270336 bytes.
</pre>

					
					<h4>examples/ArduinoUnoController</h4>
					<p>
						Result: <b>FAIL</b>
					</p>
					<pre class="pre-scrollable">/home/ec2-user/arduino-testlib/cli-datadir/user/libraries/DeviceController/examples/ArduinoUnoController/ArduinoUnoController.ino:3:25: error: &#39;DeviceController arduino&#39; redeclared as different kind of symbol
 DeviceController arduino(0,13); //min_pin_number, max_pin_number
                         ^
In file included from /home/ec2-user/arduino-testlib/cli-datadir/data/packages/arduino/hardware/mbed_nano/2.7.2/cores/arduino/api/ArduinoAPI.h:29:0,
                 from /home/ec2-user/arduino-testlib/cli-datadir/data/packages/arduino/hardware/mbed_nano/2.7.2/cores/arduino/Arduino.h:27,
                 from /tmp/arduino-sketch-28622147E18C684B02A7FE3BF65B099B/sketch/ArduinoUnoController.ino.cpp:1:
/home/ec2-user/arduino-testlib/cli-datadir/data/packages/arduino/hardware/mbed_nano/2.7.2/cores/arduino/api/Interrupts.h:10:11: note: previous declaration &#39;namespace arduino { }&#39;
 namespace arduino {
           ^~~~~~~
/home/ec2-user/arduino-testlib/cli-datadir/user/libraries/DeviceController/examples/ArduinoUnoController/ArduinoUnoController.ino: In function &#39;void loop()&#39;:
/home/ec2-user/arduino-testlib/cli-datadir/user/libraries/DeviceController/examples/ArduinoUnoController/ArduinoUnoController.ino:26:12: error: expected primary-expression before &#39;.&#39; token
     arduino.set_values(msg);
            ^

</pre>
					
				
				<h3 id="arduino:megaavr:nona4809">arduino:megaavr:nona4809 @ 1.8.7</h3>
				<h4>Inclusion</h4>
				<p>
					Result: <b>PASS</b>
					
				</p>
				<pre class="pre-scrollable">Sketch uses 802 bytes (1%) of program storage space. Maximum is 49152 bytes.
Global variables use 22 bytes (0%) of dynamic memory, leaving 6122 bytes for local variables. Maximum is 6144 bytes.
</pre>

					
					<h4>examples/ArduinoUnoController</h4>
					<p>
						Result: <b>FAIL</b>
					</p>
					<pre class="pre-scrollable">/home/ec2-user/arduino-testlib/cli-datadir/user/libraries/DeviceController/examples/ArduinoUnoController/ArduinoUnoController.ino:3:25: error: &#39;DeviceController arduino&#39; redeclared as different kind of symbol
 DeviceController arduino(0,13); //min_pin_number, max_pin_number
                         ^
In file included from /home/ec2-user/arduino-testlib/cli-datadir/data/packages/arduino/hardware/megaavr/1.8.7/cores/arduino/api/ArduinoAPI.h:29:0,
                 from /home/ec2-user/arduino-testlib/cli-datadir/data/packages/arduino/hardware/megaavr/1.8.7/cores/arduino/Arduino.h:23,
                 from /tmp/arduino-sketch-28622147E18C684B02A7FE3BF65B099B/sketch/ArduinoUnoController.ino.cpp:1:
/home/ec2-user/arduino-testlib/cli-datadir/data/packages/arduino/hardware/megaavr/1.8.7/cores/arduino/api/Interrupts.h:10:11: note: previous declaration &#39;namespace arduino { }&#39;
 namespace arduino {
           ^~~~~~~
/home/ec2-user/arduino-testlib/cli-datadir/user/libraries/DeviceController/examples/ArduinoUnoController/ArduinoUnoController.ino: In function &#39;void loop()&#39;:
/home/ec2-user/arduino-testlib/cli-datadir/user/libraries/DeviceController/examples/ArduinoUnoController/ArduinoUnoController.ino:26:12: error: expected primary-expression before &#39;.&#39; token
     arduino.set_values(msg);
            ^

</pre>
					
				
				<h3 id="arduino:samd:mkrwifi1010">arduino:samd:mkrwifi1010 @ 1.8.12</h3>
				<h4>Inclusion</h4>
				<p>
					Result: <b>PASS</b>
					
				</p>
				<pre class="pre-scrollable">Sketch uses 12156 bytes (4%) of program storage space. Maximum is 262144 bytes.
Global variables use 2996 bytes (9%) of dynamic memory, leaving 29772 bytes for local variables. Maximum is 32768 bytes.
</pre>

					
					<h4>examples/ArduinoUnoController</h4>
					<p>
						Result: <b>FAIL</b>
					</p>
					<pre class="pre-scrollable">/home/ec2-user/arduino-testlib/cli-datadir/user/libraries/DeviceController/examples/ArduinoUnoController/ArduinoUnoController.ino:3:25: error: &#39;DeviceController arduino&#39; redeclared as different kind of symbol
 DeviceController arduino(0,13); //min_pin_number, max_pin_number
                         ^
In file included from /home/ec2-user/arduino-testlib/cli-datadir/data/packages/arduino/hardware/samd/1.8.12/cores/arduino/api/ArduinoAPI.h:29:0,
                 from /home/ec2-user/arduino-testlib/cli-datadir/data/packages/arduino/hardware/samd/1.8.12/cores/arduino/Arduino.h:23,
                 from /tmp/arduino-sketch-28622147E18C684B02A7FE3BF65B099B/sketch/ArduinoUnoController.ino.cpp:1:
/home/ec2-user/arduino-testlib/cli-datadir/data/packages/arduino/hardware/samd/1.8.12/cores/arduino/api/Interrupts.h:10:11: note: previous declaration &#39;namespace arduino { }&#39;
 namespace arduino {
           ^~~~~~~
In file included from /home/ec2-user/arduino-testlib/cli-datadir/data/packages/arduino/tools/CMSIS-Atmel/1.2.0/CMSIS/Device/ATMEL/samd21/include/samd21.h:69:0,
                 from /home/ec2-user/arduino-testlib/cli-datadir/data/packages/arduino/tools/CMSIS-Atmel/1.2.0/CMSIS/Device/ATMEL/samd.h:105,
                 from /home/ec2-user/arduino-testlib/cli-datadir/data/packages/arduino/hardware/samd/1.8.12/cores/arduino/Arduino.h:38,
                 from /tmp/arduino-sketch-28622147E18C684B02A7FE3BF65B099B/sketch/ArduinoUnoController.ino.cpp:1:
/home/ec2-user/arduino-testlib/cli-datadir/data/packages/arduino/tools/CMSIS-Atmel/1.2.0/CMSIS/Device/ATMEL/samd21/include/samd21g18a.h:413:38: error: expected &#39;)&#39; before &#39;*&#39; token
 #define AC                ((Ac       *)0x42004400UL) /**&lt; \brief (AC) APB Base Address */
                                      ^
/home/ec2-user/arduino-testlib/cli-datadir/user/libraries/DeviceController/examples/ArduinoUnoController/ArduinoUnoController.ino:10:5: note: in expansion of macro &#39;AC&#39;
 int AC = 13;
     ^~
/home/ec2-user/arduino-testlib/cli-datadir/data/packages/arduino/tools/CMSIS-Atmel/1.2.0/CMSIS/Device/ATMEL/samd21/include/samd21g18a.h:413:38: error: expected &#39;)&#39; before &#39;*&#39; token
 #define AC                ((Ac       *)0x42004400UL) /**&lt; \brief (AC) APB Base Address */
                                      ^
/home/ec2-user/arduino-testlib/cli-datadir/user/libraries/DeviceController/examples/ArduinoUnoController/ArduinoUnoController.ino:10:5: note: in expansion of macro &#39;AC&#39;
 int AC = 13;
     ^~
/home/ec2-user/arduino-testlib/cli-datadir/user/libraries/DeviceController/examples/ArduinoUnoController/ArduinoUnoController.ino: In function &#39;void setup()&#39;:
/home/ec2-user/arduino-testlib/cli-datadir/data/packages/arduino/tools/CMSIS-Atmel/1.2.0/CMSIS/Device/ATMEL/samd21/include/samd21g18a.h:413:28: error: invalid conversion from &#39;Ac*&#39; to &#39;pin_size_t {aka unsigned char}&#39; [-fpermissive]
 #define AC                ((Ac       *)0x42004400UL) /**&lt; \brief (AC) APB Base Address */
                           ~^~~~~~~~~~~~~~~~~~~~~~~~~
/home/ec2-user/arduino-testlib/cli-datadir/user/libraries/DeviceController/examples/ArduinoUnoController/ArduinoUnoController.ino:17:13: note: in expansion of macro &#39;AC&#39;
     pinMode(AC, OUTPUT);
             ^~
In file included from /home/ec2-user/arduino-testlib/cli-datadir/data/packages/arduino/hardware/samd/1.8.12/cores/arduino/api/Interrupts.h:8:0,
                 from /home/ec2-user/arduino-testlib/cli-datadir/data/packages/arduino/hardware/samd/1.8.12/cores/arduino/api/ArduinoAPI.h:29,
                 from /home/ec2-user/arduino-testlib/cli-datadir/data/packages/arduino/hardware/samd/1.8.12/cores/arduino/Arduino.h:23,
                 from /tmp/arduino-sketch-28622147E18C684B02A7FE3BF65B099B/sketch/ArduinoUnoController.ino.cpp:1:
/home/ec2-user/arduino-testlib/cli-datadir/data/packages/arduino/hardware/samd/1.8.12/cores/arduino/api/Common.h:94:6: note:   initializing argument 1 of &#39;void pinMode(pin_size_t, PinMode)&#39;
 void pinMode(pin_size_t pinNumber, PinMode pinMode);
      ^~~~~~~
/home/ec2-user/arduino-testlib/cli-datadir/user/libraries/DeviceController/examples/ArduinoUnoController/ArduinoUnoController.ino: In function &#39;void loop()&#39;:
/home/ec2-user/arduino-testlib/cli-datadir/user/libraries/DeviceController/examples/ArduinoUnoController/ArduinoUnoController.ino:26:12: error: expected primary-expression before &#39;.&#39; token
     arduino.set_values(msg);
            ^

</pre>
					
				
				<h3 id="esp32:esp32:d1_mini32">esp32:esp32:d1_mini32 @ 1.0.6</h3>
				<h4>Inclusion</h4>
				<p>
					Result: <b>FAIL</b>
					
				</p>
				<pre class="pre-scrollable">/home/ec2-user/arduino-testlib/cli-datadir/user/libraries/DeviceController/src/DeviceController.cpp: In member function &#39;void DeviceController::set_pin_state(int, int, int)&#39;:
/home/ec2-user/arduino-testlib/cli-datadir/user/libraries/DeviceController/src/DeviceController.cpp:64:35: error: &#39;analogWrite&#39; was not declared in this scope
             analogWrite(pin, state);
                                   ^
/home/ec2-user/arduino-testlib/cli-datadir/user/libraries/DeviceController/src/DeviceController.cpp:68:31: error: &#39;analogWrite&#39; was not declared in this scope
             analogWrite(pin, 0);
                               ^

</pre>

					
					<h4>examples/ArduinoUnoController</h4>
					<p>
						Result: <b>FAIL</b>
					</p>
					<pre class="pre-scrollable">/home/ec2-user/arduino-testlib/cli-datadir/user/libraries/DeviceController/src/DeviceController.cpp: In member function &#39;void DeviceController::set_pin_state(int, int, int)&#39;:
/home/ec2-user/arduino-testlib/cli-datadir/user/libraries/DeviceController/src/DeviceController.cpp:64:35: error: &#39;analogWrite&#39; was not declared in this scope
             analogWrite(pin, state);
                                   ^
/home/ec2-user/arduino-testlib/cli-datadir/user/libraries/DeviceController/src/DeviceController.cpp:68:31: error: &#39;analogWrite&#39; was not declared in this scope
             analogWrite(pin, 0);
                               ^

</pre>
					
				
			</div>
		</div>
	</div>
  </body>
</html>
