
<!doctype html>
<html lang="en">
  <head>
    <meta charset="utf-8">
    <meta name="viewport" content="width=device-width, initial-scale=1">
    <link href="https://cdn.jsdelivr.net/npm/bootstrap@5.0.2/dist/css/bootstrap.min.css" rel="stylesheet" integrity="sha384-EVSTQN3/azprG1Anm3QDgpJLIm9Nao0Yz1ztcQTwFspd3yD65VohhpuuCOmLASjC" crossorigin="anonymous">
    <title>arduino-testlib report</title>
	<style>
	.pass { background-color: #00FF00 !important; }
	.fail { background-color: #FF0000 !important; }
	</style>
  </head>
  <body>
	<div class="container">
		<div class="row">
			<div class="col">
				<h1>DFRobot_DS323X - compatibility matrix</h1>
				<p>
					<small>This report was generated on Wednesday, 23-Feb-22 22:48:15 CET using 
					<a href="https://github.com/alranel/arduino-testlib">arduino-testlib</a>.</small>
				</p>

				<h2>DFRobot_DS323X</h2>
				<p>
					Version: <b>1.0.0</b>
					<br />
					<a href="https://www.arduino.cc/reference/en/libraries/dfrobot_ds323x/">More details</a>
				</p>

				<h2>Compatibility matrix</h2>
				<table class="table table-bordered">
					<tr>
						<th>Board</th>
						<th>Claims compatibility</th>
						<th>Inclusion</th>
						
						<th><pre>getTimeAndTemperature</pre></th>
						
						<th><pre>getTimefromNTP</pre></th>
						
						<th><pre>lowPowerAndWakeUp</pre></th>
						
						<th><pre>readwriteSRAM</pre></th>
						
						<th><pre>setAlarmInQuery</pre></th>
						
						<th><pre>setAlarmInterrupt</pre></th>
						
						<th><pre>setSqwAnd32k</pre></th>
						
					</tr>
					
					<tr>
						<td>
							<a href="#arduino%3aavr%3auno"><b>arduino:avr:uno</b></a>
							<br />
							<small>1.8.4</small>
						</td>

						
							<td>Yes</td>
							<td class="pass">PASS</td>
						
						
						
						

						
							
								
									
										
											<td class="pass">PASS</td>
											
										
									
										
									
										
									
										
									
										
									
										
									
										
									
								
							
								
							
								
							
								
							
								
							
						
							
								
									
										
									
										
											
											<td class="fail">FAIL</td>
										
									
										
									
										
									
										
									
										
									
										
									
								
							
								
							
								
							
								
							
								
							
						
							
								
									
										
									
										
									
										
											<td class="pass">PASS</td>
											
										
									
										
									
										
									
										
									
										
									
								
							
								
							
								
							
								
							
								
							
						
							
								
									
										
									
										
									
										
									
										
											<td class="pass">PASS</td>
											
										
									
										
									
										
									
										
									
								
							
								
							
								
							
								
							
								
							
						
							
								
									
										
									
										
									
										
									
										
									
										
											<td class="pass">PASS</td>
											
										
									
										
									
										
									
								
							
								
							
								
							
								
							
								
							
						
							
								
									
										
									
										
									
										
									
										
									
										
									
										
											<td class="pass">PASS</td>
											
										
									
										
									
								
							
								
							
								
							
								
							
								
							
						
							
								
									
										
									
										
									
										
									
										
									
										
									
										
									
										
											<td class="pass">PASS</td>
											
										
									
								
							
								
							
								
							
								
							
								
							
						
					</tr>
					
					<tr>
						<td>
							<a href="#arduino%3ambed_nano%3ananorp2040connect"><b>arduino:mbed_nano:nanorp2040connect</b></a>
							<br />
							<small>2.7.2</small>
						</td>

						
						
						
							<td>Yes ⚠️</td>
							<td class="fail">FAIL</td>
						
						

						
							
								
							
								
									
										
											
											<td class="fail">FAIL</td>
										
									
										
									
										
									
										
									
										
									
										
									
										
									
								
							
								
							
								
							
								
							
						
							
								
							
								
									
										
									
										
											
											<td class="fail">FAIL</td>
										
									
										
									
										
									
										
									
										
									
										
									
								
							
								
							
								
							
								
							
						
							
								
							
								
									
										
									
										
									
										
											
											<td class="fail">FAIL</td>
										
									
										
									
										
									
										
									
										
									
								
							
								
							
								
							
								
							
						
							
								
							
								
									
										
									
										
									
										
									
										
											
											<td class="fail">FAIL</td>
										
									
										
									
										
									
										
									
								
							
								
							
								
							
								
							
						
							
								
							
								
									
										
									
										
									
										
									
										
									
										
											
											<td class="fail">FAIL</td>
										
									
										
									
										
									
								
							
								
							
								
							
								
							
						
							
								
							
								
									
										
									
										
									
										
									
										
									
										
									
										
											
											<td class="fail">FAIL</td>
										
									
										
									
								
							
								
							
								
							
								
							
						
							
								
							
								
									
										
									
										
									
										
									
										
									
										
									
										
									
										
											
											<td class="fail">FAIL</td>
										
									
								
							
								
							
								
							
								
							
						
					</tr>
					
					<tr>
						<td>
							<a href="#arduino%3amegaavr%3anona4809"><b>arduino:megaavr:nona4809</b></a>
							<br />
							<small>1.8.7</small>
						</td>

						
							<td>Yes</td>
							<td class="pass">PASS</td>
						
						
						
						

						
							
								
							
								
							
								
									
										
											<td class="pass">PASS</td>
											
										
									
										
									
										
									
										
									
										
									
										
									
										
									
								
							
								
							
								
							
						
							
								
							
								
							
								
									
										
									
										
											
											<td class="fail">FAIL</td>
										
									
										
									
										
									
										
									
										
									
										
									
								
							
								
							
								
							
						
							
								
							
								
							
								
									
										
									
										
									
										
											<td class="pass">PASS</td>
											
										
									
										
									
										
									
										
									
										
									
								
							
								
							
								
							
						
							
								
							
								
							
								
									
										
									
										
									
										
									
										
											<td class="pass">PASS</td>
											
										
									
										
									
										
									
										
									
								
							
								
							
								
							
						
							
								
							
								
							
								
									
										
									
										
									
										
									
										
									
										
											<td class="pass">PASS</td>
											
										
									
										
									
										
									
								
							
								
							
								
							
						
							
								
							
								
							
								
									
										
									
										
									
										
									
										
									
										
									
										
											<td class="pass">PASS</td>
											
										
									
										
									
								
							
								
							
								
							
						
							
								
							
								
							
								
									
										
									
										
									
										
									
										
									
										
									
										
									
										
											<td class="pass">PASS</td>
											
										
									
								
							
								
							
								
							
						
					</tr>
					
					<tr>
						<td>
							<a href="#arduino%3asamd%3amkrwifi1010"><b>arduino:samd:mkrwifi1010</b></a>
							<br />
							<small>1.8.12</small>
						</td>

						
						
						
							<td>Yes ⚠️</td>
							<td class="fail">FAIL</td>
						
						

						
							
								
							
								
							
								
							
								
									
										
											
											<td class="fail">FAIL</td>
										
									
										
									
										
									
										
									
										
									
										
									
										
									
								
							
								
							
						
							
								
							
								
							
								
							
								
									
										
									
										
											
											<td class="fail">FAIL</td>
										
									
										
									
										
									
										
									
										
									
										
									
								
							
								
							
						
							
								
							
								
							
								
							
								
									
										
									
										
									
										
											
											<td class="fail">FAIL</td>
										
									
										
									
										
									
										
									
										
									
								
							
								
							
						
							
								
							
								
							
								
							
								
									
										
									
										
									
										
									
										
											
											<td class="fail">FAIL</td>
										
									
										
									
										
									
										
									
								
							
								
							
						
							
								
							
								
							
								
							
								
									
										
									
										
									
										
									
										
									
										
											
											<td class="fail">FAIL</td>
										
									
										
									
										
									
								
							
								
							
						
							
								
							
								
							
								
							
								
									
										
									
										
									
										
									
										
									
										
									
										
											
											<td class="fail">FAIL</td>
										
									
										
									
								
							
								
							
						
							
								
							
								
							
								
							
								
									
										
									
										
									
										
									
										
									
										
									
										
									
										
											
											<td class="fail">FAIL</td>
										
									
								
							
								
							
						
					</tr>
					
					<tr>
						<td>
							<a href="#esp32%3aesp32%3ad1_mini32"><b>esp32:esp32:d1_mini32</b></a>
							<br />
							<small>1.0.6</small>
						</td>

						
						
						
							<td>Yes ⚠️</td>
							<td class="fail">FAIL</td>
						
						

						
							
								
							
								
							
								
							
								
							
								
									
										
											
											<td class="fail">FAIL</td>
										
									
										
									
										
									
										
									
										
									
										
									
										
									
								
							
						
							
								
							
								
							
								
							
								
							
								
									
										
									
										
											
											<td class="fail">FAIL</td>
										
									
										
									
										
									
										
									
										
									
										
									
								
							
						
							
								
							
								
							
								
							
								
							
								
									
										
									
										
									
										
											
											<td class="fail">FAIL</td>
										
									
										
									
										
									
										
									
										
									
								
							
						
							
								
							
								
							
								
							
								
							
								
									
										
									
										
									
										
									
										
											
											<td class="fail">FAIL</td>
										
									
										
									
										
									
										
									
								
							
						
							
								
							
								
							
								
							
								
							
								
									
										
									
										
									
										
									
										
									
										
											
											<td class="fail">FAIL</td>
										
									
										
									
										
									
								
							
						
							
								
							
								
							
								
							
								
							
								
									
										
									
										
									
										
									
										
									
										
									
										
											
											<td class="fail">FAIL</td>
										
									
										
									
								
							
						
							
								
							
								
							
								
							
								
							
								
									
										
									
										
									
										
									
										
									
										
									
										
									
										
											
											<td class="fail">FAIL</td>
										
									
								
							
						
					</tr>
					
				</table>

				<h2>Compilation logs</h2>
				
				<h3 id="arduino:avr:uno">arduino:avr:uno @ 1.8.4</h3>
				<h4>Inclusion</h4>
				<p>
					Result: <b>PASS</b>
					
				</p>
				<pre class="pre-scrollable">Sketch uses 1636 bytes (5%) of program storage space. Maximum is 32256 bytes.
Global variables use 122 bytes (5%) of dynamic memory, leaving 1926 bytes for local variables. Maximum is 2048 bytes.
</pre>

					
					<h4>examples/getTimeAndTemperature</h4>
					<p>
						Result: <b>PASS</b>
					</p>
					<pre class="pre-scrollable">Sketch uses 9008 bytes (27%) of program storage space. Maximum is 32256 bytes.
Global variables use 674 bytes (32%) of dynamic memory, leaving 1374 bytes for local variables. Maximum is 2048 bytes.
</pre>
					
					<h4>examples/getTimefromNTP</h4>
					<p>
						Result: <b>FAIL</b>
					</p>
					<pre class="pre-scrollable">/home/ec2-user/arduino-testlib/cli-datadir/user/libraries/DFRobot_DS323X/examples/getTimefromNTP/getTimefromNTP.ino: In function &#39;void getTimeFromNTP()&#39;:
/home/ec2-user/arduino-testlib/cli-datadir/user/libraries/DFRobot_DS323X/examples/getTimefromNTP/getTimefromNTP.ino:29:9: error: &#39;getLocalTime&#39; was not declared in this scope
     if(!getLocalTime(&amp;timeinfo)){
         ^~~~~~~~~~~~
/home/ec2-user/arduino-testlib/cli-datadir/user/libraries/DFRobot_DS323X/examples/getTimefromNTP/getTimefromNTP.ino:29:9: note: suggested alternative: &#39;localtime&#39;
     if(!getLocalTime(&amp;timeinfo)){
         ^~~~~~~~~~~~
         localtime
/home/ec2-user/arduino-testlib/cli-datadir/user/libraries/DFRobot_DS323X/examples/getTimefromNTP/getTimefromNTP.ino: In function &#39;void setup()&#39;:
/home/ec2-user/arduino-testlib/cli-datadir/user/libraries/DFRobot_DS323X/examples/getTimefromNTP/getTimefromNTP.ino:46:12: error: &#39;class HardwareSerial&#39; has no member named &#39;printf&#39;; did you mean &#39;print&#39;?
     Serial.printf(&#34;Connecting to %s &#34;, ssid);
            ^~~~~~
            print
/home/ec2-user/arduino-testlib/cli-datadir/user/libraries/DFRobot_DS323X/examples/getTimefromNTP/getTimefromNTP.ino:55:5: error: &#39;configTime&#39; was not declared in this scope
     configTime(gmtOffset_sec, daylightOffset_sec, ntpServer);
     ^~~~~~~~~~
/home/ec2-user/arduino-testlib/cli-datadir/user/libraries/DFRobot_DS323X/examples/getTimefromNTP/getTimefromNTP.ino:58:25: error: no matching function for call to &#39;WiFiClass::disconnect(bool)&#39;
     WiFi.disconnect(true);
                         ^
In file included from /home/ec2-user/arduino-testlib/cli-datadir/user/libraries/DFRobot_DS323X/examples/getTimefromNTP/getTimefromNTP.ino:13:0:
/home/ec2-user/arduino-testlib/cli-datadir/user/libraries/WiFi/src/WiFi.h:130:9: note: candidate: int WiFiClass::disconnect()
     int disconnect(void);
         ^~~~~~~~~~
/home/ec2-user/arduino-testlib/cli-datadir/user/libraries/WiFi/src/WiFi.h:130:9: note:   candidate expects 0 arguments, 1 provided
/home/ec2-user/arduino-testlib/cli-datadir/user/libraries/DFRobot_DS323X/examples/getTimefromNTP/getTimefromNTP.ino:59:10: error: &#39;class WiFiClass&#39; has no member named &#39;mode&#39;
     WiFi.mode(WIFI_OFF);
          ^~~~
/home/ec2-user/arduino-testlib/cli-datadir/user/libraries/DFRobot_DS323X/examples/getTimefromNTP/getTimefromNTP.ino:59:15: error: &#39;WIFI_OFF&#39; was not declared in this scope
     WiFi.mode(WIFI_OFF);
               ^~~~~~~~
Multiple libraries were found for &#34;WiFi.h&#34;
  Used: /home/ec2-user/arduino-testlib/cli-datadir/user/libraries/WiFi
  Not used: /home/ec2-user/arduino-testlib/cli-datadir/user/libraries/Seeed_Arduino_rpcWiFi
  Not used: /home/ec2-user/arduino-testlib/cli-datadir/user/libraries/WiFiNINA
  Not used: /home/ec2-user/arduino-testlib/cli-datadir/user/libraries/WiFiEspAT
</pre>
					
					<h4>examples/lowPowerAndWakeUp</h4>
					<p>
						Result: <b>PASS</b>
					</p>
					<pre class="pre-scrollable">Sketch uses 8496 bytes (26%) of program storage space. Maximum is 32256 bytes.
Global variables use 743 bytes (36%) of dynamic memory, leaving 1305 bytes for local variables. Maximum is 2048 bytes.
</pre>
					
					<h4>examples/readwriteSRAM</h4>
					<p>
						Result: <b>PASS</b>
					</p>
					<pre class="pre-scrollable">Sketch uses 6310 bytes (19%) of program storage space. Maximum is 32256 bytes.
Global variables use 608 bytes (29%) of dynamic memory, leaving 1440 bytes for local variables. Maximum is 2048 bytes.
</pre>
					
					<h4>examples/setAlarmInQuery</h4>
					<p>
						Result: <b>PASS</b>
					</p>
					<pre class="pre-scrollable">Sketch uses 8300 bytes (25%) of program storage space. Maximum is 32256 bytes.
Global variables use 730 bytes (35%) of dynamic memory, leaving 1318 bytes for local variables. Maximum is 2048 bytes.
</pre>
					
					<h4>examples/setAlarmInterrupt</h4>
					<p>
						Result: <b>PASS</b>
					</p>
					<pre class="pre-scrollable">Sketch uses 8498 bytes (26%) of program storage space. Maximum is 32256 bytes.
Global variables use 679 bytes (33%) of dynamic memory, leaving 1369 bytes for local variables. Maximum is 2048 bytes.
</pre>
					
					<h4>examples/setSqwAnd32k</h4>
					<p>
						Result: <b>PASS</b>
					</p>
					<pre class="pre-scrollable">Sketch uses 6286 bytes (19%) of program storage space. Maximum is 32256 bytes.
Global variables use 594 bytes (29%) of dynamic memory, leaving 1454 bytes for local variables. Maximum is 2048 bytes.
</pre>
					
				
				<h3 id="arduino:mbed_nano:nanorp2040connect">arduino:mbed_nano:nanorp2040connect @ 2.7.2</h3>
				<h4>Inclusion</h4>
				<p>
					Result: <b>FAIL</b>
					
				</p>
				<pre class="pre-scrollable">/home/ec2-user/arduino-testlib/cli-datadir/user/libraries/DFRobot_DS323X/DFRobot_DS323X.cpp:52:51: error: cannot declare member function &#39;static uint8_t DFRobot_DS323X::bcd2bin(uint8_t)&#39; to have static linkage [-fpermissive]
 static uint8_t DFRobot_DS323X::bcd2bin(uint8_t val)
                                                   ^
/home/ec2-user/arduino-testlib/cli-datadir/user/libraries/DFRobot_DS323X/DFRobot_DS323X.cpp:57:52: error: cannot declare member function &#39;static uint8_t DFRobot_DS323X::bin2bcd(uint8_t)&#39; to have static linkage [-fpermissive]
 static uint8_t DFRobot_DS323X::bin2bcd (uint8_t val)
                                                    ^

</pre>

					
					<h4>examples/getTimeAndTemperature</h4>
					<p>
						Result: <b>FAIL</b>
					</p>
					<pre class="pre-scrollable">/home/ec2-user/arduino-testlib/cli-datadir/user/libraries/DFRobot_DS323X/DFRobot_DS323X.cpp:52:51: error: cannot declare member function &#39;static uint8_t DFRobot_DS323X::bcd2bin(uint8_t)&#39; to have static linkage [-fpermissive]
 static uint8_t DFRobot_DS323X::bcd2bin(uint8_t val)
                                                   ^
/home/ec2-user/arduino-testlib/cli-datadir/user/libraries/DFRobot_DS323X/DFRobot_DS323X.cpp:57:52: error: cannot declare member function &#39;static uint8_t DFRobot_DS323X::bin2bcd(uint8_t)&#39; to have static linkage [-fpermissive]
 static uint8_t DFRobot_DS323X::bin2bcd (uint8_t val)
                                                    ^

</pre>
					
					<h4>examples/getTimefromNTP</h4>
					<p>
						Result: <b>FAIL</b>
					</p>
					<pre class="pre-scrollable">/home/ec2-user/arduino-testlib/cli-datadir/user/libraries/DFRobot_DS323X/examples/getTimefromNTP/getTimefromNTP.ino: In function &#39;void getTimeFromNTP()&#39;:
/home/ec2-user/arduino-testlib/cli-datadir/user/libraries/DFRobot_DS323X/examples/getTimefromNTP/getTimefromNTP.ino:29:9: error: &#39;getLocalTime&#39; was not declared in this scope
     if(!getLocalTime(&amp;timeinfo)){
         ^~~~~~~~~~~~
/home/ec2-user/arduino-testlib/cli-datadir/user/libraries/DFRobot_DS323X/examples/getTimefromNTP/getTimefromNTP.ino:29:9: note: suggested alternative: &#39;localtime&#39;
     if(!getLocalTime(&amp;timeinfo)){
         ^~~~~~~~~~~~
         localtime
/home/ec2-user/arduino-testlib/cli-datadir/user/libraries/DFRobot_DS323X/examples/getTimefromNTP/getTimefromNTP.ino: In function &#39;void setup()&#39;:
/home/ec2-user/arduino-testlib/cli-datadir/user/libraries/DFRobot_DS323X/examples/getTimefromNTP/getTimefromNTP.ino:46:12: error: &#39;class arduino::UART&#39; has no member named &#39;printf&#39;; did you mean &#39;print&#39;?
     Serial.printf(&#34;Connecting to %s &#34;, ssid);
            ^~~~~~
            print
/home/ec2-user/arduino-testlib/cli-datadir/user/libraries/DFRobot_DS323X/examples/getTimefromNTP/getTimefromNTP.ino:47:30: error: invalid conversion from &#39;const char*&#39; to &#39;char*&#39; [-fpermissive]
     WiFi.begin(ssid, password);
                              ^
In file included from /home/ec2-user/arduino-testlib/cli-datadir/user/libraries/DFRobot_DS323X/examples/getTimefromNTP/getTimefromNTP.ino:13:0:
/home/ec2-user/arduino-testlib/cli-datadir/user/libraries/WiFi/src/WiFi.h:79:9: note:   initializing argument 1 of &#39;int WiFiClass::begin(char*, const char*)&#39;
     int begin(char* ssid, const char *passphrase);
         ^~~~~
/home/ec2-user/arduino-testlib/cli-datadir/user/libraries/DFRobot_DS323X/examples/getTimefromNTP/getTimefromNTP.ino:55:5: error: &#39;configTime&#39; was not declared in this scope
     configTime(gmtOffset_sec, daylightOffset_sec, ntpServer);
     ^~~~~~~~~~
/home/ec2-user/arduino-testlib/cli-datadir/user/libraries/DFRobot_DS323X/examples/getTimefromNTP/getTimefromNTP.ino:58:25: error: no matching function for call to &#39;WiFiClass::disconnect(bool)&#39;
     WiFi.disconnect(true);
                         ^
In file included from /home/ec2-user/arduino-testlib/cli-datadir/user/libraries/DFRobot_DS323X/examples/getTimefromNTP/getTimefromNTP.ino:13:0:
/home/ec2-user/arduino-testlib/cli-datadir/user/libraries/WiFi/src/WiFi.h:130:9: note: candidate: int WiFiClass::disconnect()
     int disconnect(void);
         ^~~~~~~~~~
/home/ec2-user/arduino-testlib/cli-datadir/user/libraries/WiFi/src/WiFi.h:130:9: note:   candidate expects 0 arguments, 1 provided
/home/ec2-user/arduino-testlib/cli-datadir/user/libraries/DFRobot_DS323X/examples/getTimefromNTP/getTimefromNTP.ino:59:10: error: &#39;class WiFiClass&#39; has no member named &#39;mode&#39;
     WiFi.mode(WIFI_OFF);
          ^~~~
/home/ec2-user/arduino-testlib/cli-datadir/user/libraries/DFRobot_DS323X/examples/getTimefromNTP/getTimefromNTP.ino:59:15: error: &#39;WIFI_OFF&#39; was not declared in this scope
     WiFi.mode(WIFI_OFF);
               ^~~~~~~~
/home/ec2-user/arduino-testlib/cli-datadir/user/libraries/DFRobot_DS323X/examples/getTimefromNTP/getTimefromNTP.ino:59:15: note: suggested alternative: &#39;_IFIFO&#39;
     WiFi.mode(WIFI_OFF);
               ^~~~~~~~
               _IFIFO
Multiple libraries were found for &#34;WiFi.h&#34;
  Used: /home/ec2-user/arduino-testlib/cli-datadir/user/libraries/WiFi
  Not used: /home/ec2-user/arduino-testlib/cli-datadir/user/libraries/WiFiEspAT
  Not used: /home/ec2-user/arduino-testlib/cli-datadir/user/libraries/Seeed_Arduino_rpcWiFi
  Not used: /home/ec2-user/arduino-testlib/cli-datadir/user/libraries/WiFiNINA
</pre>
					
					<h4>examples/lowPowerAndWakeUp</h4>
					<p>
						Result: <b>FAIL</b>
					</p>
					<pre class="pre-scrollable">/home/ec2-user/arduino-testlib/cli-datadir/user/libraries/DFRobot_DS323X/examples/lowPowerAndWakeUp/lowPowerAndWakeUp.ino:17:10: fatal error: avr/sleep.h: No such file or directory
 #include &lt;avr/sleep.h&gt;
          ^~~~~~~~~~~~~
compilation terminated.

</pre>
					
					<h4>examples/readwriteSRAM</h4>
					<p>
						Result: <b>FAIL</b>
					</p>
					<pre class="pre-scrollable">/home/ec2-user/arduino-testlib/cli-datadir/user/libraries/DFRobot_DS323X/DFRobot_DS323X.cpp:52:51: error: cannot declare member function &#39;static uint8_t DFRobot_DS323X::bcd2bin(uint8_t)&#39; to have static linkage [-fpermissive]
 static uint8_t DFRobot_DS323X::bcd2bin(uint8_t val)
                                                   ^
/home/ec2-user/arduino-testlib/cli-datadir/user/libraries/DFRobot_DS323X/DFRobot_DS323X.cpp:57:52: error: cannot declare member function &#39;static uint8_t DFRobot_DS323X::bin2bcd(uint8_t)&#39; to have static linkage [-fpermissive]
 static uint8_t DFRobot_DS323X::bin2bcd (uint8_t val)
                                                    ^

</pre>
					
					<h4>examples/setAlarmInQuery</h4>
					<p>
						Result: <b>FAIL</b>
					</p>
					<pre class="pre-scrollable">/home/ec2-user/arduino-testlib/cli-datadir/user/libraries/DFRobot_DS323X/DFRobot_DS323X.cpp:52:51: error: cannot declare member function &#39;static uint8_t DFRobot_DS323X::bcd2bin(uint8_t)&#39; to have static linkage [-fpermissive]
 static uint8_t DFRobot_DS323X::bcd2bin(uint8_t val)
                                                   ^
/home/ec2-user/arduino-testlib/cli-datadir/user/libraries/DFRobot_DS323X/DFRobot_DS323X.cpp:57:52: error: cannot declare member function &#39;static uint8_t DFRobot_DS323X::bin2bcd(uint8_t)&#39; to have static linkage [-fpermissive]
 static uint8_t DFRobot_DS323X::bin2bcd (uint8_t val)
                                                    ^

</pre>
					
					<h4>examples/setAlarmInterrupt</h4>
					<p>
						Result: <b>FAIL</b>
					</p>
					<pre class="pre-scrollable">/home/ec2-user/arduino-testlib/cli-datadir/user/libraries/DFRobot_DS323X/DFRobot_DS323X.cpp:52:51: error: cannot declare member function &#39;static uint8_t DFRobot_DS323X::bcd2bin(uint8_t)&#39; to have static linkage [-fpermissive]
 static uint8_t DFRobot_DS323X::bcd2bin(uint8_t val)
                                                   ^
/home/ec2-user/arduino-testlib/cli-datadir/user/libraries/DFRobot_DS323X/DFRobot_DS323X.cpp:57:52: error: cannot declare member function &#39;static uint8_t DFRobot_DS323X::bin2bcd(uint8_t)&#39; to have static linkage [-fpermissive]
 static uint8_t DFRobot_DS323X::bin2bcd (uint8_t val)
                                                    ^

</pre>
					
					<h4>examples/setSqwAnd32k</h4>
					<p>
						Result: <b>FAIL</b>
					</p>
					<pre class="pre-scrollable">/home/ec2-user/arduino-testlib/cli-datadir/user/libraries/DFRobot_DS323X/DFRobot_DS323X.cpp:52:51: error: cannot declare member function &#39;static uint8_t DFRobot_DS323X::bcd2bin(uint8_t)&#39; to have static linkage [-fpermissive]
 static uint8_t DFRobot_DS323X::bcd2bin(uint8_t val)
                                                   ^
/home/ec2-user/arduino-testlib/cli-datadir/user/libraries/DFRobot_DS323X/DFRobot_DS323X.cpp:57:52: error: cannot declare member function &#39;static uint8_t DFRobot_DS323X::bin2bcd(uint8_t)&#39; to have static linkage [-fpermissive]
 static uint8_t DFRobot_DS323X::bin2bcd (uint8_t val)
                                                    ^

</pre>
					
				
				<h3 id="arduino:megaavr:nona4809">arduino:megaavr:nona4809 @ 1.8.7</h3>
				<h4>Inclusion</h4>
				<p>
					Result: <b>PASS</b>
					
				</p>
				<pre class="pre-scrollable">Sketch uses 3104 bytes (6%) of program storage space. Maximum is 49152 bytes.
Global variables use 317 bytes (5%) of dynamic memory, leaving 5827 bytes for local variables. Maximum is 6144 bytes.
In file included from /home/ec2-user/arduino-testlib/cli-datadir/user/libraries/DFRobot_DS323X/DFRobot_DS323X.h:16:0,
                 from /home/ec2-user/arduino-testlib/cli-datadir/user/libraries/DFRobot_DS323X/DFRobot_DS323X.cpp:12:
/home/ec2-user/arduino-testlib/cli-datadir/data/packages/arduino/hardware/megaavr/1.8.7/libraries/Wire/src/Wire.h: In member function &#39;virtual uint8_t DFRobot_DS323X::readReg(uint8_t, const void*, size_t)&#39;:
/home/ec2-user/arduino-testlib/cli-datadir/data/packages/arduino/hardware/megaavr/1.8.7/libraries/Wire/src/Wire.h:63:12: note: candidate 1: size_t TwoWire::requestFrom(int, int)
     size_t requestFrom(int, int);
            ^~~~~~~~~~~
/home/ec2-user/arduino-testlib/cli-datadir/data/packages/arduino/hardware/megaavr/1.8.7/libraries/Wire/src/Wire.h:61:12: note: candidate 2: virtual size_t TwoWire::requestFrom(uint8_t, size_t)
     size_t requestFrom(uint8_t, size_t);
            ^~~~~~~~~~~
</pre>

					
					<h4>examples/getTimeAndTemperature</h4>
					<p>
						Result: <b>PASS</b>
					</p>
					<pre class="pre-scrollable">Sketch uses 9906 bytes (20%) of program storage space. Maximum is 49152 bytes.
Global variables use 570 bytes (9%) of dynamic memory, leaving 5574 bytes for local variables. Maximum is 6144 bytes.
In file included from /home/ec2-user/arduino-testlib/cli-datadir/user/libraries/DFRobot_DS323X/DFRobot_DS323X.h:16:0,
                 from /home/ec2-user/arduino-testlib/cli-datadir/user/libraries/DFRobot_DS323X/DFRobot_DS323X.cpp:12:
/home/ec2-user/arduino-testlib/cli-datadir/data/packages/arduino/hardware/megaavr/1.8.7/libraries/Wire/src/Wire.h: In member function &#39;virtual uint8_t DFRobot_DS323X::readReg(uint8_t, const void*, size_t)&#39;:
/home/ec2-user/arduino-testlib/cli-datadir/data/packages/arduino/hardware/megaavr/1.8.7/libraries/Wire/src/Wire.h:63:12: note: candidate 1: size_t TwoWire::requestFrom(int, int)
     size_t requestFrom(int, int);
            ^~~~~~~~~~~
/home/ec2-user/arduino-testlib/cli-datadir/data/packages/arduino/hardware/megaavr/1.8.7/libraries/Wire/src/Wire.h:61:12: note: candidate 2: virtual size_t TwoWire::requestFrom(uint8_t, size_t)
     size_t requestFrom(uint8_t, size_t);
            ^~~~~~~~~~~
</pre>
					
					<h4>examples/getTimefromNTP</h4>
					<p>
						Result: <b>FAIL</b>
					</p>
					<pre class="pre-scrollable">/home/ec2-user/arduino-testlib/cli-datadir/user/libraries/DFRobot_DS323X/examples/getTimefromNTP/getTimefromNTP.ino: In function &#39;void getTimeFromNTP()&#39;:
/home/ec2-user/arduino-testlib/cli-datadir/user/libraries/DFRobot_DS323X/examples/getTimefromNTP/getTimefromNTP.ino:29:9: error: &#39;getLocalTime&#39; was not declared in this scope
     if(!getLocalTime(&amp;timeinfo)){
         ^~~~~~~~~~~~
/home/ec2-user/arduino-testlib/cli-datadir/user/libraries/DFRobot_DS323X/examples/getTimefromNTP/getTimefromNTP.ino:29:9: note: suggested alternative: &#39;localtime&#39;
     if(!getLocalTime(&amp;timeinfo)){
         ^~~~~~~~~~~~
         localtime
/home/ec2-user/arduino-testlib/cli-datadir/user/libraries/DFRobot_DS323X/examples/getTimefromNTP/getTimefromNTP.ino: In function &#39;void setup()&#39;:
/home/ec2-user/arduino-testlib/cli-datadir/user/libraries/DFRobot_DS323X/examples/getTimefromNTP/getTimefromNTP.ino:46:12: error: &#39;class UartClass&#39; has no member named &#39;printf&#39;; did you mean &#39;print&#39;?
     Serial.printf(&#34;Connecting to %s &#34;, ssid);
            ^~~~~~
            print
/home/ec2-user/arduino-testlib/cli-datadir/user/libraries/DFRobot_DS323X/examples/getTimefromNTP/getTimefromNTP.ino:55:5: error: &#39;configTime&#39; was not declared in this scope
     configTime(gmtOffset_sec, daylightOffset_sec, ntpServer);
     ^~~~~~~~~~
/home/ec2-user/arduino-testlib/cli-datadir/user/libraries/DFRobot_DS323X/examples/getTimefromNTP/getTimefromNTP.ino:58:25: error: no matching function for call to &#39;WiFiClass::disconnect(bool)&#39;
     WiFi.disconnect(true);
                         ^
In file included from /home/ec2-user/arduino-testlib/cli-datadir/user/libraries/DFRobot_DS323X/examples/getTimefromNTP/getTimefromNTP.ino:13:0:
/home/ec2-user/arduino-testlib/cli-datadir/user/libraries/WiFi/src/WiFi.h:130:9: note: candidate: int WiFiClass::disconnect()
     int disconnect(void);
         ^~~~~~~~~~
/home/ec2-user/arduino-testlib/cli-datadir/user/libraries/WiFi/src/WiFi.h:130:9: note:   candidate expects 0 arguments, 1 provided
/home/ec2-user/arduino-testlib/cli-datadir/user/libraries/DFRobot_DS323X/examples/getTimefromNTP/getTimefromNTP.ino:59:10: error: &#39;class WiFiClass&#39; has no member named &#39;mode&#39;
     WiFi.mode(WIFI_OFF);
          ^~~~
/home/ec2-user/arduino-testlib/cli-datadir/user/libraries/DFRobot_DS323X/examples/getTimefromNTP/getTimefromNTP.ino:59:15: error: &#39;WIFI_OFF&#39; was not declared in this scope
     WiFi.mode(WIFI_OFF);
               ^~~~~~~~
Multiple libraries were found for &#34;WiFi.h&#34;
  Used: /home/ec2-user/arduino-testlib/cli-datadir/user/libraries/WiFi
  Not used: /home/ec2-user/arduino-testlib/cli-datadir/user/libraries/WiFiEspAT
  Not used: /home/ec2-user/arduino-testlib/cli-datadir/user/libraries/WiFiNINA
  Not used: /home/ec2-user/arduino-testlib/cli-datadir/user/libraries/Seeed_Arduino_rpcWiFi
</pre>
					
					<h4>examples/lowPowerAndWakeUp</h4>
					<p>
						Result: <b>PASS</b>
					</p>
					<pre class="pre-scrollable">Sketch uses 9815 bytes (19%) of program storage space. Maximum is 49152 bytes.
Global variables use 765 bytes (12%) of dynamic memory, leaving 5379 bytes for local variables. Maximum is 6144 bytes.
In file included from /home/ec2-user/arduino-testlib/cli-datadir/user/libraries/DFRobot_DS323X/DFRobot_DS323X.h:16:0,
                 from /home/ec2-user/arduino-testlib/cli-datadir/user/libraries/DFRobot_DS323X/DFRobot_DS323X.cpp:12:
/home/ec2-user/arduino-testlib/cli-datadir/data/packages/arduino/hardware/megaavr/1.8.7/libraries/Wire/src/Wire.h: In member function &#39;virtual uint8_t DFRobot_DS323X::readReg(uint8_t, const void*, size_t)&#39;:
/home/ec2-user/arduino-testlib/cli-datadir/data/packages/arduino/hardware/megaavr/1.8.7/libraries/Wire/src/Wire.h:63:12: note: candidate 1: size_t TwoWire::requestFrom(int, int)
     size_t requestFrom(int, int);
            ^~~~~~~~~~~
/home/ec2-user/arduino-testlib/cli-datadir/data/packages/arduino/hardware/megaavr/1.8.7/libraries/Wire/src/Wire.h:61:12: note: candidate 2: virtual size_t TwoWire::requestFrom(uint8_t, size_t)
     size_t requestFrom(uint8_t, size_t);
            ^~~~~~~~~~~
</pre>
					
					<h4>examples/readwriteSRAM</h4>
					<p>
						Result: <b>PASS</b>
					</p>
					<pre class="pre-scrollable">Sketch uses 7323 bytes (14%) of program storage space. Maximum is 49152 bytes.
Global variables use 572 bytes (9%) of dynamic memory, leaving 5572 bytes for local variables. Maximum is 6144 bytes.
In file included from /home/ec2-user/arduino-testlib/cli-datadir/user/libraries/DFRobot_DS323X/DFRobot_DS323X.h:16:0,
                 from /home/ec2-user/arduino-testlib/cli-datadir/user/libraries/DFRobot_DS323X/DFRobot_DS323X.cpp:12:
/home/ec2-user/arduino-testlib/cli-datadir/data/packages/arduino/hardware/megaavr/1.8.7/libraries/Wire/src/Wire.h: In member function &#39;virtual uint8_t DFRobot_DS323X::readReg(uint8_t, const void*, size_t)&#39;:
/home/ec2-user/arduino-testlib/cli-datadir/data/packages/arduino/hardware/megaavr/1.8.7/libraries/Wire/src/Wire.h:63:12: note: candidate 1: size_t TwoWire::requestFrom(int, int)
     size_t requestFrom(int, int);
            ^~~~~~~~~~~
/home/ec2-user/arduino-testlib/cli-datadir/data/packages/arduino/hardware/megaavr/1.8.7/libraries/Wire/src/Wire.h:61:12: note: candidate 2: virtual size_t TwoWire::requestFrom(uint8_t, size_t)
     size_t requestFrom(uint8_t, size_t);
            ^~~~~~~~~~~
</pre>
					
					<h4>examples/setAlarmInQuery</h4>
					<p>
						Result: <b>PASS</b>
					</p>
					<pre class="pre-scrollable">Sketch uses 9194 bytes (18%) of program storage space. Maximum is 49152 bytes.
Global variables use 570 bytes (9%) of dynamic memory, leaving 5574 bytes for local variables. Maximum is 6144 bytes.
In file included from /home/ec2-user/arduino-testlib/cli-datadir/user/libraries/DFRobot_DS323X/DFRobot_DS323X.h:16:0,
                 from /home/ec2-user/arduino-testlib/cli-datadir/user/libraries/DFRobot_DS323X/DFRobot_DS323X.cpp:12:
/home/ec2-user/arduino-testlib/cli-datadir/data/packages/arduino/hardware/megaavr/1.8.7/libraries/Wire/src/Wire.h: In member function &#39;virtual uint8_t DFRobot_DS323X::readReg(uint8_t, const void*, size_t)&#39;:
/home/ec2-user/arduino-testlib/cli-datadir/data/packages/arduino/hardware/megaavr/1.8.7/libraries/Wire/src/Wire.h:63:12: note: candidate 1: size_t TwoWire::requestFrom(int, int)
     size_t requestFrom(int, int);
            ^~~~~~~~~~~
/home/ec2-user/arduino-testlib/cli-datadir/data/packages/arduino/hardware/megaavr/1.8.7/libraries/Wire/src/Wire.h:61:12: note: candidate 2: virtual size_t TwoWire::requestFrom(uint8_t, size_t)
     size_t requestFrom(uint8_t, size_t);
            ^~~~~~~~~~~
</pre>
					
					<h4>examples/setAlarmInterrupt</h4>
					<p>
						Result: <b>PASS</b>
					</p>
					<pre class="pre-scrollable">Sketch uses 9802 bytes (19%) of program storage space. Maximum is 49152 bytes.
Global variables use 763 bytes (12%) of dynamic memory, leaving 5381 bytes for local variables. Maximum is 6144 bytes.
In file included from /home/ec2-user/arduino-testlib/cli-datadir/user/libraries/DFRobot_DS323X/DFRobot_DS323X.h:16:0,
                 from /home/ec2-user/arduino-testlib/cli-datadir/user/libraries/DFRobot_DS323X/DFRobot_DS323X.cpp:12:
/home/ec2-user/arduino-testlib/cli-datadir/data/packages/arduino/hardware/megaavr/1.8.7/libraries/Wire/src/Wire.h: In member function &#39;virtual uint8_t DFRobot_DS323X::readReg(uint8_t, const void*, size_t)&#39;:
/home/ec2-user/arduino-testlib/cli-datadir/data/packages/arduino/hardware/megaavr/1.8.7/libraries/Wire/src/Wire.h:63:12: note: candidate 1: size_t TwoWire::requestFrom(int, int)
     size_t requestFrom(int, int);
            ^~~~~~~~~~~
/home/ec2-user/arduino-testlib/cli-datadir/data/packages/arduino/hardware/megaavr/1.8.7/libraries/Wire/src/Wire.h:61:12: note: candidate 2: virtual size_t TwoWire::requestFrom(uint8_t, size_t)
     size_t requestFrom(uint8_t, size_t);
            ^~~~~~~~~~~
</pre>
					
					<h4>examples/setSqwAnd32k</h4>
					<p>
						Result: <b>PASS</b>
					</p>
					<pre class="pre-scrollable">Sketch uses 7236 bytes (14%) of program storage space. Maximum is 49152 bytes.
Global variables use 570 bytes (9%) of dynamic memory, leaving 5574 bytes for local variables. Maximum is 6144 bytes.
In file included from /home/ec2-user/arduino-testlib/cli-datadir/user/libraries/DFRobot_DS323X/DFRobot_DS323X.h:16:0,
                 from /home/ec2-user/arduino-testlib/cli-datadir/user/libraries/DFRobot_DS323X/DFRobot_DS323X.cpp:12:
/home/ec2-user/arduino-testlib/cli-datadir/data/packages/arduino/hardware/megaavr/1.8.7/libraries/Wire/src/Wire.h: In member function &#39;virtual uint8_t DFRobot_DS323X::readReg(uint8_t, const void*, size_t)&#39;:
/home/ec2-user/arduino-testlib/cli-datadir/data/packages/arduino/hardware/megaavr/1.8.7/libraries/Wire/src/Wire.h:63:12: note: candidate 1: size_t TwoWire::requestFrom(int, int)
     size_t requestFrom(int, int);
            ^~~~~~~~~~~
/home/ec2-user/arduino-testlib/cli-datadir/data/packages/arduino/hardware/megaavr/1.8.7/libraries/Wire/src/Wire.h:61:12: note: candidate 2: virtual size_t TwoWire::requestFrom(uint8_t, size_t)
     size_t requestFrom(uint8_t, size_t);
            ^~~~~~~~~~~
</pre>
					
				
				<h3 id="arduino:samd:mkrwifi1010">arduino:samd:mkrwifi1010 @ 1.8.12</h3>
				<h4>Inclusion</h4>
				<p>
					Result: <b>FAIL</b>
					
				</p>
				<pre class="pre-scrollable">/home/ec2-user/arduino-testlib/cli-datadir/user/libraries/DFRobot_DS323X/DFRobot_DS323X.cpp:52:51: error: cannot declare member function &#39;static uint8_t DFRobot_DS323X::bcd2bin(uint8_t)&#39; to have static linkage [-fpermissive]
 static uint8_t DFRobot_DS323X::bcd2bin(uint8_t val)
                                                   ^
/home/ec2-user/arduino-testlib/cli-datadir/user/libraries/DFRobot_DS323X/DFRobot_DS323X.cpp:57:52: error: cannot declare member function &#39;static uint8_t DFRobot_DS323X::bin2bcd(uint8_t)&#39; to have static linkage [-fpermissive]
 static uint8_t DFRobot_DS323X::bin2bcd (uint8_t val)
                                                    ^

</pre>

					
					<h4>examples/getTimeAndTemperature</h4>
					<p>
						Result: <b>FAIL</b>
					</p>
					<pre class="pre-scrollable">/home/ec2-user/arduino-testlib/cli-datadir/user/libraries/DFRobot_DS323X/DFRobot_DS323X.cpp:52:51: error: cannot declare member function &#39;static uint8_t DFRobot_DS323X::bcd2bin(uint8_t)&#39; to have static linkage [-fpermissive]
 static uint8_t DFRobot_DS323X::bcd2bin(uint8_t val)
                                                   ^
/home/ec2-user/arduino-testlib/cli-datadir/user/libraries/DFRobot_DS323X/DFRobot_DS323X.cpp:57:52: error: cannot declare member function &#39;static uint8_t DFRobot_DS323X::bin2bcd(uint8_t)&#39; to have static linkage [-fpermissive]
 static uint8_t DFRobot_DS323X::bin2bcd (uint8_t val)
                                                    ^

</pre>
					
					<h4>examples/getTimefromNTP</h4>
					<p>
						Result: <b>FAIL</b>
					</p>
					<pre class="pre-scrollable">/home/ec2-user/arduino-testlib/cli-datadir/user/libraries/DFRobot_DS323X/examples/getTimefromNTP/getTimefromNTP.ino: In function &#39;void getTimeFromNTP()&#39;:
/home/ec2-user/arduino-testlib/cli-datadir/user/libraries/DFRobot_DS323X/examples/getTimefromNTP/getTimefromNTP.ino:29:9: error: &#39;getLocalTime&#39; was not declared in this scope
     if(!getLocalTime(&amp;timeinfo)){
         ^~~~~~~~~~~~
/home/ec2-user/arduino-testlib/cli-datadir/user/libraries/DFRobot_DS323X/examples/getTimefromNTP/getTimefromNTP.ino:29:9: note: suggested alternative: &#39;localtime&#39;
     if(!getLocalTime(&amp;timeinfo)){
         ^~~~~~~~~~~~
         localtime
/home/ec2-user/arduino-testlib/cli-datadir/user/libraries/DFRobot_DS323X/examples/getTimefromNTP/getTimefromNTP.ino: In function &#39;void setup()&#39;:
/home/ec2-user/arduino-testlib/cli-datadir/user/libraries/DFRobot_DS323X/examples/getTimefromNTP/getTimefromNTP.ino:46:12: error: &#39;class Serial_&#39; has no member named &#39;printf&#39;; did you mean &#39;print&#39;?
     Serial.printf(&#34;Connecting to %s &#34;, ssid);
            ^~~~~~
            print
/home/ec2-user/arduino-testlib/cli-datadir/user/libraries/DFRobot_DS323X/examples/getTimefromNTP/getTimefromNTP.ino:47:30: error: invalid conversion from &#39;const char*&#39; to &#39;char*&#39; [-fpermissive]
     WiFi.begin(ssid, password);
                              ^
In file included from /home/ec2-user/arduino-testlib/cli-datadir/user/libraries/DFRobot_DS323X/examples/getTimefromNTP/getTimefromNTP.ino:13:0:
/home/ec2-user/arduino-testlib/cli-datadir/user/libraries/WiFi/src/WiFi.h:79:9: note:   initializing argument 1 of &#39;int WiFiClass::begin(char*, const char*)&#39;
     int begin(char* ssid, const char *passphrase);
         ^~~~~
/home/ec2-user/arduino-testlib/cli-datadir/user/libraries/DFRobot_DS323X/examples/getTimefromNTP/getTimefromNTP.ino:55:5: error: &#39;configTime&#39; was not declared in this scope
     configTime(gmtOffset_sec, daylightOffset_sec, ntpServer);
     ^~~~~~~~~~
/home/ec2-user/arduino-testlib/cli-datadir/user/libraries/DFRobot_DS323X/examples/getTimefromNTP/getTimefromNTP.ino:58:25: error: no matching function for call to &#39;WiFiClass::disconnect(bool)&#39;
     WiFi.disconnect(true);
                         ^
In file included from /home/ec2-user/arduino-testlib/cli-datadir/user/libraries/DFRobot_DS323X/examples/getTimefromNTP/getTimefromNTP.ino:13:0:
/home/ec2-user/arduino-testlib/cli-datadir/user/libraries/WiFi/src/WiFi.h:130:9: note: candidate: int WiFiClass::disconnect()
     int disconnect(void);
         ^~~~~~~~~~
/home/ec2-user/arduino-testlib/cli-datadir/user/libraries/WiFi/src/WiFi.h:130:9: note:   candidate expects 0 arguments, 1 provided
/home/ec2-user/arduino-testlib/cli-datadir/user/libraries/DFRobot_DS323X/examples/getTimefromNTP/getTimefromNTP.ino:59:10: error: &#39;class WiFiClass&#39; has no member named &#39;mode&#39;
     WiFi.mode(WIFI_OFF);
          ^~~~
/home/ec2-user/arduino-testlib/cli-datadir/user/libraries/DFRobot_DS323X/examples/getTimefromNTP/getTimefromNTP.ino:59:15: error: &#39;WIFI_OFF&#39; was not declared in this scope
     WiFi.mode(WIFI_OFF);
               ^~~~~~~~
Multiple libraries were found for &#34;WiFi.h&#34;
  Used: /home/ec2-user/arduino-testlib/cli-datadir/user/libraries/WiFi
  Not used: /home/ec2-user/arduino-testlib/cli-datadir/user/libraries/WiFiEspAT
  Not used: /home/ec2-user/arduino-testlib/cli-datadir/user/libraries/WiFiNINA
  Not used: /home/ec2-user/arduino-testlib/cli-datadir/user/libraries/Seeed_Arduino_rpcWiFi
</pre>
					
					<h4>examples/lowPowerAndWakeUp</h4>
					<p>
						Result: <b>FAIL</b>
					</p>
					<pre class="pre-scrollable">/home/ec2-user/arduino-testlib/cli-datadir/user/libraries/DFRobot_DS323X/examples/lowPowerAndWakeUp/lowPowerAndWakeUp.ino:17:10: fatal error: avr/sleep.h: No such file or directory
 #include &lt;avr/sleep.h&gt;
          ^~~~~~~~~~~~~
compilation terminated.

</pre>
					
					<h4>examples/readwriteSRAM</h4>
					<p>
						Result: <b>FAIL</b>
					</p>
					<pre class="pre-scrollable">/home/ec2-user/arduino-testlib/cli-datadir/user/libraries/DFRobot_DS323X/DFRobot_DS323X.cpp:52:51: error: cannot declare member function &#39;static uint8_t DFRobot_DS323X::bcd2bin(uint8_t)&#39; to have static linkage [-fpermissive]
 static uint8_t DFRobot_DS323X::bcd2bin(uint8_t val)
                                                   ^
/home/ec2-user/arduino-testlib/cli-datadir/user/libraries/DFRobot_DS323X/DFRobot_DS323X.cpp:57:52: error: cannot declare member function &#39;static uint8_t DFRobot_DS323X::bin2bcd(uint8_t)&#39; to have static linkage [-fpermissive]
 static uint8_t DFRobot_DS323X::bin2bcd (uint8_t val)
                                                    ^

</pre>
					
					<h4>examples/setAlarmInQuery</h4>
					<p>
						Result: <b>FAIL</b>
					</p>
					<pre class="pre-scrollable">/home/ec2-user/arduino-testlib/cli-datadir/user/libraries/DFRobot_DS323X/DFRobot_DS323X.cpp:52:51: error: cannot declare member function &#39;static uint8_t DFRobot_DS323X::bcd2bin(uint8_t)&#39; to have static linkage [-fpermissive]
 static uint8_t DFRobot_DS323X::bcd2bin(uint8_t val)
                                                   ^
/home/ec2-user/arduino-testlib/cli-datadir/user/libraries/DFRobot_DS323X/DFRobot_DS323X.cpp:57:52: error: cannot declare member function &#39;static uint8_t DFRobot_DS323X::bin2bcd(uint8_t)&#39; to have static linkage [-fpermissive]
 static uint8_t DFRobot_DS323X::bin2bcd (uint8_t val)
                                                    ^

</pre>
					
					<h4>examples/setAlarmInterrupt</h4>
					<p>
						Result: <b>FAIL</b>
					</p>
					<pre class="pre-scrollable">/home/ec2-user/arduino-testlib/cli-datadir/user/libraries/DFRobot_DS323X/DFRobot_DS323X.cpp:52:51: error: cannot declare member function &#39;static uint8_t DFRobot_DS323X::bcd2bin(uint8_t)&#39; to have static linkage [-fpermissive]
 static uint8_t DFRobot_DS323X::bcd2bin(uint8_t val)
                                                   ^
/home/ec2-user/arduino-testlib/cli-datadir/user/libraries/DFRobot_DS323X/DFRobot_DS323X.cpp:57:52: error: cannot declare member function &#39;static uint8_t DFRobot_DS323X::bin2bcd(uint8_t)&#39; to have static linkage [-fpermissive]
 static uint8_t DFRobot_DS323X::bin2bcd (uint8_t val)
                                                    ^

</pre>
					
					<h4>examples/setSqwAnd32k</h4>
					<p>
						Result: <b>FAIL</b>
					</p>
					<pre class="pre-scrollable">/home/ec2-user/arduino-testlib/cli-datadir/user/libraries/DFRobot_DS323X/DFRobot_DS323X.cpp:52:51: error: cannot declare member function &#39;static uint8_t DFRobot_DS323X::bcd2bin(uint8_t)&#39; to have static linkage [-fpermissive]
 static uint8_t DFRobot_DS323X::bcd2bin(uint8_t val)
                                                   ^
/home/ec2-user/arduino-testlib/cli-datadir/user/libraries/DFRobot_DS323X/DFRobot_DS323X.cpp:57:52: error: cannot declare member function &#39;static uint8_t DFRobot_DS323X::bin2bcd(uint8_t)&#39; to have static linkage [-fpermissive]
 static uint8_t DFRobot_DS323X::bin2bcd (uint8_t val)
                                                    ^

</pre>
					
				
				<h3 id="esp32:esp32:d1_mini32">esp32:esp32:d1_mini32 @ 1.0.6</h3>
				<h4>Inclusion</h4>
				<p>
					Result: <b>FAIL</b>
					
				</p>
				<pre class="pre-scrollable">/home/ec2-user/arduino-testlib/cli-datadir/user/libraries/DFRobot_DS323X/DFRobot_DS323X.cpp:52:51: error: cannot declare member function &#39;static uint8_t DFRobot_DS323X::bcd2bin(uint8_t)&#39; to have static linkage [-fpermissive]
 static uint8_t DFRobot_DS323X::bcd2bin(uint8_t val)
                                                   ^
/home/ec2-user/arduino-testlib/cli-datadir/user/libraries/DFRobot_DS323X/DFRobot_DS323X.cpp:57:52: error: cannot declare member function &#39;static uint8_t DFRobot_DS323X::bin2bcd(uint8_t)&#39; to have static linkage [-fpermissive]
 static uint8_t DFRobot_DS323X::bin2bcd (uint8_t val)
                                                    ^

</pre>

					
					<h4>examples/getTimeAndTemperature</h4>
					<p>
						Result: <b>FAIL</b>
					</p>
					<pre class="pre-scrollable">/home/ec2-user/arduino-testlib/cli-datadir/user/libraries/DFRobot_DS323X/DFRobot_DS323X.cpp:52:51: error: cannot declare member function &#39;static uint8_t DFRobot_DS323X::bcd2bin(uint8_t)&#39; to have static linkage [-fpermissive]
 static uint8_t DFRobot_DS323X::bcd2bin(uint8_t val)
                                                   ^
/home/ec2-user/arduino-testlib/cli-datadir/user/libraries/DFRobot_DS323X/DFRobot_DS323X.cpp:57:52: error: cannot declare member function &#39;static uint8_t DFRobot_DS323X::bin2bcd(uint8_t)&#39; to have static linkage [-fpermissive]
 static uint8_t DFRobot_DS323X::bin2bcd (uint8_t val)
                                                    ^

</pre>
					
					<h4>examples/getTimefromNTP</h4>
					<p>
						Result: <b>FAIL</b>
					</p>
					<pre class="pre-scrollable">/home/ec2-user/arduino-testlib/cli-datadir/user/libraries/DFRobot_DS323X/DFRobot_DS323X.cpp:52:51: error: cannot declare member function &#39;static uint8_t DFRobot_DS323X::bcd2bin(uint8_t)&#39; to have static linkage [-fpermissive]
 static uint8_t DFRobot_DS323X::bcd2bin(uint8_t val)
                                                   ^
/home/ec2-user/arduino-testlib/cli-datadir/user/libraries/DFRobot_DS323X/DFRobot_DS323X.cpp:57:52: error: cannot declare member function &#39;static uint8_t DFRobot_DS323X::bin2bcd(uint8_t)&#39; to have static linkage [-fpermissive]
 static uint8_t DFRobot_DS323X::bin2bcd (uint8_t val)
                                                    ^
Multiple libraries were found for &#34;WiFi.h&#34;
  Used: /home/ec2-user/arduino-testlib/cli-datadir/data/packages/esp32/hardware/esp32/1.0.6/libraries/WiFi
  Not used: /home/ec2-user/arduino-testlib/cli-datadir/user/libraries/Seeed_Arduino_rpcWiFi
  Not used: /home/ec2-user/arduino-testlib/cli-datadir/user/libraries/WiFiNINA
  Not used: /home/ec2-user/arduino-testlib/cli-datadir/user/libraries/WiFi
  Not used: /home/ec2-user/arduino-testlib/cli-datadir/user/libraries/WiFiEspAT
</pre>
					
					<h4>examples/lowPowerAndWakeUp</h4>
					<p>
						Result: <b>FAIL</b>
					</p>
					<pre class="pre-scrollable">/home/ec2-user/arduino-testlib/cli-datadir/user/libraries/DFRobot_DS323X/examples/lowPowerAndWakeUp/lowPowerAndWakeUp.ino:17:23: fatal error: avr/sleep.h: No such file or directory
compilation terminated.

</pre>
					
					<h4>examples/readwriteSRAM</h4>
					<p>
						Result: <b>FAIL</b>
					</p>
					<pre class="pre-scrollable">/home/ec2-user/arduino-testlib/cli-datadir/user/libraries/DFRobot_DS323X/DFRobot_DS323X.cpp:52:51: error: cannot declare member function &#39;static uint8_t DFRobot_DS323X::bcd2bin(uint8_t)&#39; to have static linkage [-fpermissive]
 static uint8_t DFRobot_DS323X::bcd2bin(uint8_t val)
                                                   ^
/home/ec2-user/arduino-testlib/cli-datadir/user/libraries/DFRobot_DS323X/DFRobot_DS323X.cpp:57:52: error: cannot declare member function &#39;static uint8_t DFRobot_DS323X::bin2bcd(uint8_t)&#39; to have static linkage [-fpermissive]
 static uint8_t DFRobot_DS323X::bin2bcd (uint8_t val)
                                                    ^

</pre>
					
					<h4>examples/setAlarmInQuery</h4>
					<p>
						Result: <b>FAIL</b>
					</p>
					<pre class="pre-scrollable">/home/ec2-user/arduino-testlib/cli-datadir/user/libraries/DFRobot_DS323X/DFRobot_DS323X.cpp:52:51: error: cannot declare member function &#39;static uint8_t DFRobot_DS323X::bcd2bin(uint8_t)&#39; to have static linkage [-fpermissive]
 static uint8_t DFRobot_DS323X::bcd2bin(uint8_t val)
                                                   ^
/home/ec2-user/arduino-testlib/cli-datadir/user/libraries/DFRobot_DS323X/DFRobot_DS323X.cpp:57:52: error: cannot declare member function &#39;static uint8_t DFRobot_DS323X::bin2bcd(uint8_t)&#39; to have static linkage [-fpermissive]
 static uint8_t DFRobot_DS323X::bin2bcd (uint8_t val)
                                                    ^

</pre>
					
					<h4>examples/setAlarmInterrupt</h4>
					<p>
						Result: <b>FAIL</b>
					</p>
					<pre class="pre-scrollable">/home/ec2-user/arduino-testlib/cli-datadir/user/libraries/DFRobot_DS323X/DFRobot_DS323X.cpp:52:51: error: cannot declare member function &#39;static uint8_t DFRobot_DS323X::bcd2bin(uint8_t)&#39; to have static linkage [-fpermissive]
 static uint8_t DFRobot_DS323X::bcd2bin(uint8_t val)
                                                   ^
/home/ec2-user/arduino-testlib/cli-datadir/user/libraries/DFRobot_DS323X/DFRobot_DS323X.cpp:57:52: error: cannot declare member function &#39;static uint8_t DFRobot_DS323X::bin2bcd(uint8_t)&#39; to have static linkage [-fpermissive]
 static uint8_t DFRobot_DS323X::bin2bcd (uint8_t val)
                                                    ^

</pre>
					
					<h4>examples/setSqwAnd32k</h4>
					<p>
						Result: <b>FAIL</b>
					</p>
					<pre class="pre-scrollable">/home/ec2-user/arduino-testlib/cli-datadir/user/libraries/DFRobot_DS323X/DFRobot_DS323X.cpp:52:51: error: cannot declare member function &#39;static uint8_t DFRobot_DS323X::bcd2bin(uint8_t)&#39; to have static linkage [-fpermissive]
 static uint8_t DFRobot_DS323X::bcd2bin(uint8_t val)
                                                   ^
/home/ec2-user/arduino-testlib/cli-datadir/user/libraries/DFRobot_DS323X/DFRobot_DS323X.cpp:57:52: error: cannot declare member function &#39;static uint8_t DFRobot_DS323X::bin2bcd(uint8_t)&#39; to have static linkage [-fpermissive]
 static uint8_t DFRobot_DS323X::bin2bcd (uint8_t val)
                                                    ^

</pre>
					
				
			</div>
		</div>
	</div>
  </body>
</html>
