
<!doctype html>
<html lang="en">
  <head>
    <meta charset="utf-8">
    <meta name="viewport" content="width=device-width, initial-scale=1">
    <link href="https://cdn.jsdelivr.net/npm/bootstrap@5.0.2/dist/css/bootstrap.min.css" rel="stylesheet" integrity="sha384-EVSTQN3/azprG1Anm3QDgpJLIm9Nao0Yz1ztcQTwFspd3yD65VohhpuuCOmLASjC" crossorigin="anonymous">
    <title>arduino-testlib report</title>
	<style>
	.pass { background-color: #00FF00 !important; }
	.fail { background-color: #FF0000 !important; }
	</style>
  </head>
  <body>
	<div class="container">
		<div class="row">
			<div class="col">
				<h1>DHTlib - compatibility matrix</h1>
				<p>
					<small>This report was generated on Monday, 21-Feb-22 12:00:25 CET using 
					<a href="https://github.com/alranel/arduino-testlib">arduino-testlib</a>.</small>
				</p>

				<h2>DHTlib</h2>
				<p>
					Version: <b>0.1.35</b>
					<br />
					<a href="https://www.arduino.cc/reference/en/libraries/dhtlib/">More details</a>
				</p>

				<h2>Compatibility matrix</h2>
				<table class="table table-bordered">
					<tr>
						<th>Board</th>
						<th>Claims compatibility</th>
						<th>Inclusion</th>
						
						<th><pre>dht11_test</pre></th>
						
						<th><pre>dht22_test</pre></th>
						
						<th><pre>dht44_test</pre></th>
						
						<th><pre>dht33_test</pre></th>
						
						<th><pre>dht_test1</pre></th>
						
						<th><pre>dht_tuning</pre></th>
						
						<th><pre>dht12_test</pre></th>
						
						<th><pre>dht21_test</pre></th>
						
						<th><pre>dht22_in_function</pre></th>
						
						<th><pre>dht22_test_noIRQ</pre></th>
						
					</tr>
					
					<tr>
						<td>
							<a href="#arduino%3aavr%3auno"><b>arduino:avr:uno</b></a>
							<br />
							<small>1.8.4</small>
						</td>

						
							<td>Yes</td>
							<td class="pass">PASS</td>
						
						
						
						

						
							
								
									
										
											<td class="pass">PASS</td>
											
										
									
										
									
										
									
										
									
										
									
										
									
										
									
										
									
										
									
										
									
								
							
								
							
								
							
								
							
								
							
						
							
								
									
										
									
										
									
										
									
										
									
										
											<td class="pass">PASS</td>
											
										
									
										
									
										
									
										
									
										
									
										
									
								
							
								
							
								
							
								
							
								
							
						
							
								
									
										
									
										
									
										
									
										
									
										
									
										
									
										
									
										
											<td class="pass">PASS</td>
											
										
									
										
									
										
									
								
							
								
							
								
							
								
							
								
							
						
							
								
									
										
									
										
									
										
									
										
									
										
									
										
									
										
											<td class="pass">PASS</td>
											
										
									
										
									
										
									
										
									
								
							
								
							
								
							
								
							
								
							
						
							
								
									
										
									
										
									
										
									
										
									
										
									
										
									
										
									
										
									
										
											<td class="pass">PASS</td>
											
										
									
										
									
								
							
								
							
								
							
								
							
								
							
						
							
								
									
										
									
										
									
										
									
										
									
										
									
										
									
										
									
										
									
										
									
										
											<td class="pass">PASS</td>
											
										
									
								
							
								
							
								
							
								
							
								
							
						
							
								
									
										
									
										
											<td class="pass">PASS</td>
											
										
									
										
									
										
									
										
									
										
									
										
									
										
									
										
									
										
									
								
							
								
							
								
							
								
							
								
							
						
							
								
									
										
									
										
									
										
											<td class="pass">PASS</td>
											
										
									
										
									
										
									
										
									
										
									
										
									
										
									
										
									
								
							
								
							
								
							
								
							
								
							
						
							
								
									
										
									
										
									
										
									
										
											<td class="pass">PASS</td>
											
										
									
										
									
										
									
										
									
										
									
										
									
										
									
								
							
								
							
								
							
								
							
								
							
						
							
								
									
										
									
										
									
										
									
										
									
										
									
										
											<td class="pass">PASS</td>
											
										
									
										
									
										
									
										
									
										
									
								
							
								
							
								
							
								
							
								
							
						
					</tr>
					
					<tr>
						<td>
							<a href="#arduino%3ambed_nano%3ananorp2040connect"><b>arduino:mbed_nano:nanorp2040connect</b></a>
							<br />
							<small>2.7.2</small>
						</td>

						
						
						
						
							<td>No</td>
							<td class="fail">FAIL</td>
						

						
							
								
							
								
									
										
											
											<td class="fail">FAIL</td>
										
									
										
									
										
									
										
									
										
									
										
									
										
									
										
									
										
									
										
									
								
							
								
							
								
							
								
							
						
							
								
							
								
									
										
									
										
									
										
									
										
									
										
											
											<td class="fail">FAIL</td>
										
									
										
									
										
									
										
									
										
									
										
									
								
							
								
							
								
							
								
							
						
							
								
							
								
									
										
									
										
									
										
									
										
									
										
									
										
									
										
									
										
											
											<td class="fail">FAIL</td>
										
									
										
									
										
									
								
							
								
							
								
							
								
							
						
							
								
							
								
									
										
									
										
									
										
									
										
									
										
									
										
									
										
											
											<td class="fail">FAIL</td>
										
									
										
									
										
									
										
									
								
							
								
							
								
							
								
							
						
							
								
							
								
									
										
									
										
									
										
									
										
									
										
									
										
									
										
									
										
									
										
											
											<td class="fail">FAIL</td>
										
									
										
									
								
							
								
							
								
							
								
							
						
							
								
							
								
									
										
									
										
									
										
									
										
									
										
									
										
									
										
									
										
									
										
									
										
											
											<td class="fail">FAIL</td>
										
									
								
							
								
							
								
							
								
							
						
							
								
							
								
									
										
									
										
											
											<td class="fail">FAIL</td>
										
									
										
									
										
									
										
									
										
									
										
									
										
									
										
									
										
									
								
							
								
							
								
							
								
							
						
							
								
							
								
									
										
									
										
									
										
											
											<td class="fail">FAIL</td>
										
									
										
									
										
									
										
									
										
									
										
									
										
									
										
									
								
							
								
							
								
							
								
							
						
							
								
							
								
									
										
									
										
									
										
									
										
											
											<td class="fail">FAIL</td>
										
									
										
									
										
									
										
									
										
									
										
									
										
									
								
							
								
							
								
							
								
							
						
							
								
							
								
									
										
									
										
									
										
									
										
									
										
									
										
											
											<td class="fail">FAIL</td>
										
									
										
									
										
									
										
									
										
									
								
							
								
							
								
							
								
							
						
					</tr>
					
					<tr>
						<td>
							<a href="#arduino%3amegaavr%3anona4809"><b>arduino:megaavr:nona4809</b></a>
							<br />
							<small>1.8.7</small>
						</td>

						
						
							<td>No ⚠️</td>
							<td class="pass">PASS</td>
						
						
						

						
							
								
							
								
							
								
									
										
											<td class="pass">PASS</td>
											
										
									
										
									
										
									
										
									
										
									
										
									
										
									
										
									
										
									
										
									
								
							
								
							
								
							
						
							
								
							
								
							
								
									
										
									
										
									
										
									
										
									
										
											<td class="pass">PASS</td>
											
										
									
										
									
										
									
										
									
										
									
										
									
								
							
								
							
								
							
						
							
								
							
								
							
								
									
										
									
										
									
										
									
										
									
										
									
										
									
										
									
										
											<td class="pass">PASS</td>
											
										
									
										
									
										
									
								
							
								
							
								
							
						
							
								
							
								
							
								
									
										
									
										
									
										
									
										
									
										
									
										
									
										
											<td class="pass">PASS</td>
											
										
									
										
									
										
									
										
									
								
							
								
							
								
							
						
							
								
							
								
							
								
									
										
									
										
									
										
									
										
									
										
									
										
									
										
									
										
									
										
											<td class="pass">PASS</td>
											
										
									
										
									
								
							
								
							
								
							
						
							
								
							
								
							
								
									
										
									
										
									
										
									
										
									
										
									
										
									
										
									
										
									
										
									
										
											<td class="pass">PASS</td>
											
										
									
								
							
								
							
								
							
						
							
								
							
								
							
								
									
										
									
										
											<td class="pass">PASS</td>
											
										
									
										
									
										
									
										
									
										
									
										
									
										
									
										
									
										
									
								
							
								
							
								
							
						
							
								
							
								
							
								
									
										
									
										
									
										
											<td class="pass">PASS</td>
											
										
									
										
									
										
									
										
									
										
									
										
									
										
									
										
									
								
							
								
							
								
							
						
							
								
							
								
							
								
									
										
									
										
									
										
									
										
											<td class="pass">PASS</td>
											
										
									
										
									
										
									
										
									
										
									
										
									
										
									
								
							
								
							
								
							
						
							
								
							
								
							
								
									
										
									
										
									
										
									
										
									
										
									
										
											<td class="pass">PASS</td>
											
										
									
										
									
										
									
										
									
										
									
								
							
								
							
								
							
						
					</tr>
					
					<tr>
						<td>
							<a href="#arduino%3asamd%3amkrwifi1010"><b>arduino:samd:mkrwifi1010</b></a>
							<br />
							<small>1.8.12</small>
						</td>

						
						
						
						
							<td>No</td>
							<td class="fail">FAIL</td>
						

						
							
								
							
								
							
								
							
								
									
										
											
											<td class="fail">FAIL</td>
										
									
										
									
										
									
										
									
										
									
										
									
										
									
										
									
										
									
										
									
								
							
								
							
						
							
								
							
								
							
								
							
								
									
										
									
										
									
										
									
										
									
										
											
											<td class="fail">FAIL</td>
										
									
										
									
										
									
										
									
										
									
										
									
								
							
								
							
						
							
								
							
								
							
								
							
								
									
										
									
										
									
										
									
										
									
										
									
										
									
										
									
										
											
											<td class="fail">FAIL</td>
										
									
										
									
										
									
								
							
								
							
						
							
								
							
								
							
								
							
								
									
										
									
										
									
										
									
										
									
										
									
										
									
										
											
											<td class="fail">FAIL</td>
										
									
										
									
										
									
										
									
								
							
								
							
						
							
								
							
								
							
								
							
								
									
										
									
										
									
										
									
										
									
										
									
										
									
										
									
										
									
										
											
											<td class="fail">FAIL</td>
										
									
										
									
								
							
								
							
						
							
								
							
								
							
								
							
								
									
										
									
										
									
										
									
										
									
										
									
										
									
										
									
										
									
										
									
										
											
											<td class="fail">FAIL</td>
										
									
								
							
								
							
						
							
								
							
								
							
								
							
								
									
										
									
										
											
											<td class="fail">FAIL</td>
										
									
										
									
										
									
										
									
										
									
										
									
										
									
										
									
										
									
								
							
								
							
						
							
								
							
								
							
								
							
								
									
										
									
										
									
										
											
											<td class="fail">FAIL</td>
										
									
										
									
										
									
										
									
										
									
										
									
										
									
										
									
								
							
								
							
						
							
								
							
								
							
								
							
								
									
										
									
										
									
										
									
										
											
											<td class="fail">FAIL</td>
										
									
										
									
										
									
										
									
										
									
										
									
										
									
								
							
								
							
						
							
								
							
								
							
								
							
								
									
										
									
										
									
										
									
										
									
										
									
										
											
											<td class="fail">FAIL</td>
										
									
										
									
										
									
										
									
										
									
								
							
								
							
						
					</tr>
					
					<tr>
						<td>
							<a href="#esp32%3aesp32%3ad1_mini32"><b>esp32:esp32:d1_mini32</b></a>
							<br />
							<small>1.0.6</small>
						</td>

						
						
							<td>No ⚠️</td>
							<td class="pass">PASS</td>
						
						
						

						
							
								
							
								
							
								
							
								
							
								
									
										
											
											<td class="fail">FAIL</td>
										
									
										
									
										
									
										
									
										
									
										
									
										
									
										
									
										
									
										
									
								
							
						
							
								
							
								
							
								
							
								
							
								
									
										
									
										
									
										
									
										
									
										
											
											<td class="fail">FAIL</td>
										
									
										
									
										
									
										
									
										
									
										
									
								
							
						
							
								
							
								
							
								
							
								
							
								
									
										
									
										
									
										
									
										
									
										
									
										
									
										
									
										
											
											<td class="fail">FAIL</td>
										
									
										
									
										
									
								
							
						
							
								
							
								
							
								
							
								
							
								
									
										
									
										
									
										
									
										
									
										
									
										
									
										
											
											<td class="fail">FAIL</td>
										
									
										
									
										
									
										
									
								
							
						
							
								
							
								
							
								
							
								
							
								
									
										
									
										
									
										
									
										
									
										
									
										
									
										
									
										
									
										
											
											<td class="fail">FAIL</td>
										
									
										
									
								
							
						
							
								
							
								
							
								
							
								
							
								
									
										
									
										
									
										
									
										
									
										
									
										
									
										
									
										
									
										
									
										
											
											<td class="fail">FAIL</td>
										
									
								
							
						
							
								
							
								
							
								
							
								
							
								
									
										
									
										
											
											<td class="fail">FAIL</td>
										
									
										
									
										
									
										
									
										
									
										
									
										
									
										
									
										
									
								
							
						
							
								
							
								
							
								
							
								
							
								
									
										
									
										
									
										
											
											<td class="fail">FAIL</td>
										
									
										
									
										
									
										
									
										
									
										
									
										
									
										
									
								
							
						
							
								
							
								
							
								
							
								
							
								
									
										
									
										
									
										
									
										
											
											<td class="fail">FAIL</td>
										
									
										
									
										
									
										
									
										
									
										
									
										
									
								
							
						
							
								
							
								
							
								
							
								
							
								
									
										
									
										
									
										
									
										
									
										
									
										
											
											<td class="fail">FAIL</td>
										
									
										
									
										
									
										
									
										
									
								
							
						
					</tr>
					
				</table>

				<h2>Compilation logs</h2>
				
				<h3 id="arduino:avr:uno">arduino:avr:uno @ 1.8.4</h3>
				<h4>Inclusion</h4>
				<p>
					Result: <b>PASS</b>
					
					<br />This library has no main header file so an empty one was created.
					
				</p>
				<pre class="pre-scrollable">Sketch uses 444 bytes (1%) of program storage space. Maximum is 32256 bytes.
Global variables use 9 bytes (0%) of dynamic memory, leaving 2039 bytes for local variables. Maximum is 2048 bytes.
</pre>

					
					<h4>examples/dht11_test</h4>
					<p>
						Result: <b>PASS</b>
					</p>
					<pre class="pre-scrollable">Sketch uses 4590 bytes (14%) of program storage space. Maximum is 32256 bytes.
Global variables use 390 bytes (19%) of dynamic memory, leaving 1658 bytes for local variables. Maximum is 2048 bytes.
</pre>
					
					<h4>examples/dht12_test</h4>
					<p>
						Result: <b>PASS</b>
					</p>
					<pre class="pre-scrollable">Sketch uses 4676 bytes (14%) of program storage space. Maximum is 32256 bytes.
Global variables use 358 bytes (17%) of dynamic memory, leaving 1690 bytes for local variables. Maximum is 2048 bytes.
</pre>
					
					<h4>examples/dht21_test</h4>
					<p>
						Result: <b>PASS</b>
					</p>
					<pre class="pre-scrollable">Sketch uses 4628 bytes (14%) of program storage space. Maximum is 32256 bytes.
Global variables use 390 bytes (19%) of dynamic memory, leaving 1658 bytes for local variables. Maximum is 2048 bytes.
</pre>
					
					<h4>examples/dht22_in_function</h4>
					<p>
						Result: <b>PASS</b>
					</p>
					<pre class="pre-scrollable">Sketch uses 4318 bytes (13%) of program storage space. Maximum is 32256 bytes.
Global variables use 244 bytes (11%) of dynamic memory, leaving 1804 bytes for local variables. Maximum is 2048 bytes.
</pre>
					
					<h4>examples/dht22_test</h4>
					<p>
						Result: <b>PASS</b>
					</p>
					<pre class="pre-scrollable">Sketch uses 5284 bytes (16%) of program storage space. Maximum is 32256 bytes.
Global variables use 464 bytes (22%) of dynamic memory, leaving 1584 bytes for local variables. Maximum is 2048 bytes.
</pre>
					
					<h4>examples/dht22_test_noIRQ</h4>
					<p>
						Result: <b>PASS</b>
					</p>
					<pre class="pre-scrollable">Sketch uses 5604 bytes (17%) of program storage space. Maximum is 32256 bytes.
Global variables use 482 bytes (23%) of dynamic memory, leaving 1566 bytes for local variables. Maximum is 2048 bytes.
</pre>
					
					<h4>examples/dht33_test</h4>
					<p>
						Result: <b>PASS</b>
					</p>
					<pre class="pre-scrollable">Sketch uses 4682 bytes (14%) of program storage space. Maximum is 32256 bytes.
Global variables use 400 bytes (19%) of dynamic memory, leaving 1648 bytes for local variables. Maximum is 2048 bytes.
</pre>
					
					<h4>examples/dht44_test</h4>
					<p>
						Result: <b>PASS</b>
					</p>
					<pre class="pre-scrollable">Sketch uses 4682 bytes (14%) of program storage space. Maximum is 32256 bytes.
Global variables use 400 bytes (19%) of dynamic memory, leaving 1648 bytes for local variables. Maximum is 2048 bytes.
</pre>
					
					<h4>examples/dht_test1</h4>
					<p>
						Result: <b>PASS</b>
					</p>
					<pre class="pre-scrollable">Sketch uses 5338 bytes (16%) of program storage space. Maximum is 32256 bytes.
Global variables use 424 bytes (20%) of dynamic memory, leaving 1624 bytes for local variables. Maximum is 2048 bytes.
</pre>
					
					<h4>examples/dht_tuning</h4>
					<p>
						Result: <b>PASS</b>
					</p>
					<pre class="pre-scrollable">Sketch uses 4988 bytes (15%) of program storage space. Maximum is 32256 bytes.
Global variables use 426 bytes (20%) of dynamic memory, leaving 1622 bytes for local variables. Maximum is 2048 bytes.
</pre>
					
				
				<h3 id="arduino:mbed_nano:nanorp2040connect">arduino:mbed_nano:nanorp2040connect @ 2.7.2</h3>
				<h4>Inclusion</h4>
				<p>
					Result: <b>FAIL</b>
					
					<br />This library has no main header file so an empty one was created.
					
				</p>
				<pre class="pre-scrollable">WARNING: library DHTlib claims to run on avr architecture(s) and may be incompatible with your current board which runs on mbed_nano architecture(s).
/home/ec2-user/arduino-testlib/cli-datadir/user/libraries/DHTlib/dht.cpp: In member function &#39;int8_t dht::_readSensor(uint8_t, uint8_t, uint8_t)&#39;:
/home/ec2-user/arduino-testlib/cli-datadir/user/libraries/DHTlib/dht.cpp:215:19: error: &#39;digitalPinToBitMask&#39; was not declared in this scope
     uint8_t bit = digitalPinToBitMask(pin);
                   ^~~~~~~~~~~~~~~~~~~
/home/ec2-user/arduino-testlib/cli-datadir/user/libraries/DHTlib/dht.cpp:215:19: note: suggested alternative: &#39;digitalPinToPinName&#39;
     uint8_t bit = digitalPinToBitMask(pin);
                   ^~~~~~~~~~~~~~~~~~~
                   digitalPinToPinName
/home/ec2-user/arduino-testlib/cli-datadir/user/libraries/DHTlib/dht.cpp:217:29: error: &#39;portInputRegister&#39; was not declared in this scope
     volatile uint8_t *PIR = portInputRegister(port);
                             ^~~~~~~~~~~~~~~~~
Multiple libraries were found for &#34;dht.h&#34;
  Used: /home/ec2-user/arduino-testlib/cli-datadir/user/libraries/DHTlib
  Not used: /home/ec2-user/arduino-testlib/cli-datadir/user/libraries/UncleRus
</pre>

					
					<h4>examples/dht11_test</h4>
					<p>
						Result: <b>FAIL</b>
					</p>
					<pre class="pre-scrollable">WARNING: library DHTlib claims to run on avr architecture(s) and may be incompatible with your current board which runs on mbed_nano architecture(s).
/home/ec2-user/arduino-testlib/cli-datadir/user/libraries/DHTlib/dht.cpp: In member function &#39;int8_t dht::_readSensor(uint8_t, uint8_t, uint8_t)&#39;:
/home/ec2-user/arduino-testlib/cli-datadir/user/libraries/DHTlib/dht.cpp:215:19: error: &#39;digitalPinToBitMask&#39; was not declared in this scope
     uint8_t bit = digitalPinToBitMask(pin);
                   ^~~~~~~~~~~~~~~~~~~
/home/ec2-user/arduino-testlib/cli-datadir/user/libraries/DHTlib/dht.cpp:215:19: note: suggested alternative: &#39;digitalPinToPinName&#39;
     uint8_t bit = digitalPinToBitMask(pin);
                   ^~~~~~~~~~~~~~~~~~~
                   digitalPinToPinName
/home/ec2-user/arduino-testlib/cli-datadir/user/libraries/DHTlib/dht.cpp:217:29: error: &#39;portInputRegister&#39; was not declared in this scope
     volatile uint8_t *PIR = portInputRegister(port);
                             ^~~~~~~~~~~~~~~~~
Multiple libraries were found for &#34;dht.h&#34;
  Used: /home/ec2-user/arduino-testlib/cli-datadir/user/libraries/DHTlib
  Not used: /home/ec2-user/arduino-testlib/cli-datadir/user/libraries/UncleRus
</pre>
					
					<h4>examples/dht12_test</h4>
					<p>
						Result: <b>FAIL</b>
					</p>
					<pre class="pre-scrollable">WARNING: library DHTlib claims to run on avr architecture(s) and may be incompatible with your current board which runs on mbed_nano architecture(s).
/home/ec2-user/arduino-testlib/cli-datadir/user/libraries/DHTlib/dht.cpp: In member function &#39;int8_t dht::_readSensor(uint8_t, uint8_t, uint8_t)&#39;:
/home/ec2-user/arduino-testlib/cli-datadir/user/libraries/DHTlib/dht.cpp:215:19: error: &#39;digitalPinToBitMask&#39; was not declared in this scope
     uint8_t bit = digitalPinToBitMask(pin);
                   ^~~~~~~~~~~~~~~~~~~
/home/ec2-user/arduino-testlib/cli-datadir/user/libraries/DHTlib/dht.cpp:215:19: note: suggested alternative: &#39;digitalPinToPinName&#39;
     uint8_t bit = digitalPinToBitMask(pin);
                   ^~~~~~~~~~~~~~~~~~~
                   digitalPinToPinName
/home/ec2-user/arduino-testlib/cli-datadir/user/libraries/DHTlib/dht.cpp:217:29: error: &#39;portInputRegister&#39; was not declared in this scope
     volatile uint8_t *PIR = portInputRegister(port);
                             ^~~~~~~~~~~~~~~~~
Multiple libraries were found for &#34;dht.h&#34;
  Used: /home/ec2-user/arduino-testlib/cli-datadir/user/libraries/DHTlib
  Not used: /home/ec2-user/arduino-testlib/cli-datadir/user/libraries/UncleRus
</pre>
					
					<h4>examples/dht21_test</h4>
					<p>
						Result: <b>FAIL</b>
					</p>
					<pre class="pre-scrollable">WARNING: library DHTlib claims to run on avr architecture(s) and may be incompatible with your current board which runs on mbed_nano architecture(s).
/home/ec2-user/arduino-testlib/cli-datadir/user/libraries/DHTlib/dht.cpp: In member function &#39;int8_t dht::_readSensor(uint8_t, uint8_t, uint8_t)&#39;:
/home/ec2-user/arduino-testlib/cli-datadir/user/libraries/DHTlib/dht.cpp:215:19: error: &#39;digitalPinToBitMask&#39; was not declared in this scope
     uint8_t bit = digitalPinToBitMask(pin);
                   ^~~~~~~~~~~~~~~~~~~
/home/ec2-user/arduino-testlib/cli-datadir/user/libraries/DHTlib/dht.cpp:215:19: note: suggested alternative: &#39;digitalPinToPinName&#39;
     uint8_t bit = digitalPinToBitMask(pin);
                   ^~~~~~~~~~~~~~~~~~~
                   digitalPinToPinName
/home/ec2-user/arduino-testlib/cli-datadir/user/libraries/DHTlib/dht.cpp:217:29: error: &#39;portInputRegister&#39; was not declared in this scope
     volatile uint8_t *PIR = portInputRegister(port);
                             ^~~~~~~~~~~~~~~~~
Multiple libraries were found for &#34;dht.h&#34;
  Used: /home/ec2-user/arduino-testlib/cli-datadir/user/libraries/DHTlib
  Not used: /home/ec2-user/arduino-testlib/cli-datadir/user/libraries/UncleRus
</pre>
					
					<h4>examples/dht22_in_function</h4>
					<p>
						Result: <b>FAIL</b>
					</p>
					<pre class="pre-scrollable">WARNING: library DHTlib claims to run on avr architecture(s) and may be incompatible with your current board which runs on mbed_nano architecture(s).
/home/ec2-user/arduino-testlib/cli-datadir/user/libraries/DHTlib/dht.cpp: In member function &#39;int8_t dht::_readSensor(uint8_t, uint8_t, uint8_t)&#39;:
/home/ec2-user/arduino-testlib/cli-datadir/user/libraries/DHTlib/dht.cpp:215:19: error: &#39;digitalPinToBitMask&#39; was not declared in this scope
     uint8_t bit = digitalPinToBitMask(pin);
                   ^~~~~~~~~~~~~~~~~~~
/home/ec2-user/arduino-testlib/cli-datadir/user/libraries/DHTlib/dht.cpp:215:19: note: suggested alternative: &#39;digitalPinToPinName&#39;
     uint8_t bit = digitalPinToBitMask(pin);
                   ^~~~~~~~~~~~~~~~~~~
                   digitalPinToPinName
/home/ec2-user/arduino-testlib/cli-datadir/user/libraries/DHTlib/dht.cpp:217:29: error: &#39;portInputRegister&#39; was not declared in this scope
     volatile uint8_t *PIR = portInputRegister(port);
                             ^~~~~~~~~~~~~~~~~
Multiple libraries were found for &#34;dht.h&#34;
  Used: /home/ec2-user/arduino-testlib/cli-datadir/user/libraries/DHTlib
  Not used: /home/ec2-user/arduino-testlib/cli-datadir/user/libraries/UncleRus
</pre>
					
					<h4>examples/dht22_test</h4>
					<p>
						Result: <b>FAIL</b>
					</p>
					<pre class="pre-scrollable">WARNING: library DHTlib claims to run on avr architecture(s) and may be incompatible with your current board which runs on mbed_nano architecture(s).
/home/ec2-user/arduino-testlib/cli-datadir/user/libraries/DHTlib/examples/dht22_test/dht22_test.ino:25:3: error: &#39;&lt;unnamed struct&gt; stat&#39; redeclared as different kind of symbol
 } stat = { 0,0,0,0,0,0,0,0};
   ^~~~
In file included from /home/ec2-user/arduino-testlib/cli-datadir/data/packages/arduino/hardware/mbed_nano/2.7.2/cores/arduino/mbed/platform/include/platform/platform.h:26:0,
                 from /home/ec2-user/arduino-testlib/cli-datadir/data/packages/arduino/hardware/mbed_nano/2.7.2/cores/arduino/mbed/platform/include/platform/FileHandle.h:25,
                 from /home/ec2-user/arduino-testlib/cli-datadir/data/packages/arduino/hardware/mbed_nano/2.7.2/cores/arduino/macros.h:41,
                 from /home/ec2-user/arduino-testlib/cli-datadir/data/packages/arduino/hardware/mbed_nano/2.7.2/variants/NANO_RP2040_CONNECT/pins_arduino.h:2,
                 from /home/ec2-user/arduino-testlib/cli-datadir/data/packages/arduino/hardware/mbed_nano/2.7.2/cores/arduino/Arduino.h:76,
                 from /tmp/arduino-sketch-807D8FF5E74CE9A6D5DCC77CD88CD09C/sketch/dht22_test.ino.cpp:1:
/home/ec2-user/arduino-testlib/cli-datadir/data/packages/arduino/hardware/mbed_nano/2.7.2/cores/arduino/mbed/platform/include/platform/mbed_retarget.h:750:9: note: previous declaration &#39;int stat(const char*, stat*)&#39;
     int stat(const char *path, struct stat *st);
         ^~~~
/home/ec2-user/arduino-testlib/cli-datadir/user/libraries/DHTlib/examples/dht22_test/dht22_test.ino: In function &#39;void loop()&#39;:
/home/ec2-user/arduino-testlib/cli-datadir/user/libraries/DHTlib/examples/dht22_test/dht22_test.ino:48:10: error: request for member &#39;total&#39; in &#39;stat&#39;, which is of non-class type &#39;int(const char*, stat*)&#39;
     stat.total&#43;&#43;;
          ^~~~~
/home/ec2-user/arduino-testlib/cli-datadir/user/libraries/DHTlib/examples/dht22_test/dht22_test.ino:52:14: error: request for member &#39;ok&#39; in &#39;stat&#39;, which is of non-class type &#39;int(const char*, stat*)&#39;
         stat.ok&#43;&#43;;
              ^~
/home/ec2-user/arduino-testlib/cli-datadir/user/libraries/DHTlib/examples/dht22_test/dht22_test.ino:56:14: error: request for member &#39;crc_error&#39; in &#39;stat&#39;, which is of non-class type &#39;int(const char*, stat*)&#39;
         stat.crc_error&#43;&#43;;
              ^~~~~~~~~
/home/ec2-user/arduino-testlib/cli-datadir/user/libraries/DHTlib/examples/dht22_test/dht22_test.ino:60:14: error: request for member &#39;time_out&#39; in &#39;stat&#39;, which is of non-class type &#39;int(const char*, stat*)&#39;
         stat.time_out&#43;&#43;;
              ^~~~~~~~
/home/ec2-user/arduino-testlib/cli-datadir/user/libraries/DHTlib/examples/dht22_test/dht22_test.ino:64:14: error: request for member &#39;connect&#39; in &#39;stat&#39;, which is of non-class type &#39;int(const char*, stat*)&#39;
         stat.connect&#43;&#43;;
              ^~~~~~~
/home/ec2-user/arduino-testlib/cli-datadir/user/libraries/DHTlib/examples/dht22_test/dht22_test.ino:68:14: error: request for member &#39;ack_l&#39; in &#39;stat&#39;, which is of non-class type &#39;int(const char*, stat*)&#39;
         stat.ack_l&#43;&#43;;
              ^~~~~
/home/ec2-user/arduino-testlib/cli-datadir/user/libraries/DHTlib/examples/dht22_test/dht22_test.ino:72:14: error: request for member &#39;ack_h&#39; in &#39;stat&#39;, which is of non-class type &#39;int(const char*, stat*)&#39;
         stat.ack_h&#43;&#43;;
              ^~~~~
/home/ec2-user/arduino-testlib/cli-datadir/user/libraries/DHTlib/examples/dht22_test/dht22_test.ino:76:14: error: request for member &#39;unknown&#39; in &#39;stat&#39;, which is of non-class type &#39;int(const char*, stat*)&#39;
         stat.unknown&#43;&#43;;
              ^~~~~~~
/home/ec2-user/arduino-testlib/cli-datadir/user/libraries/DHTlib/examples/dht22_test/dht22_test.ino:88:14: error: request for member &#39;total&#39; in &#39;stat&#39;, which is of non-class type &#39;int(const char*, stat*)&#39;
     if (stat.total % 20 == 0)
              ^~~~~
/home/ec2-user/arduino-testlib/cli-datadir/user/libraries/DHTlib/examples/dht22_test/dht22_test.ino:91:27: error: request for member &#39;total&#39; in &#39;stat&#39;, which is of non-class type &#39;int(const char*, stat*)&#39;
         Serial.print(stat.total);
                           ^~~~~
/home/ec2-user/arduino-testlib/cli-datadir/user/libraries/DHTlib/examples/dht22_test/dht22_test.ino:93:27: error: request for member &#39;ok&#39; in &#39;stat&#39;, which is of non-class type &#39;int(const char*, stat*)&#39;
         Serial.print(stat.ok);
                           ^~
/home/ec2-user/arduino-testlib/cli-datadir/user/libraries/DHTlib/examples/dht22_test/dht22_test.ino:95:27: error: request for member &#39;crc_error&#39; in &#39;stat&#39;, which is of non-class type &#39;int(const char*, stat*)&#39;
         Serial.print(stat.crc_error);
                           ^~~~~~~~~
/home/ec2-user/arduino-testlib/cli-datadir/user/libraries/DHTlib/examples/dht22_test/dht22_test.ino:97:27: error: request for member &#39;time_out&#39; in &#39;stat&#39;, which is of non-class type &#39;int(const char*, stat*)&#39;
         Serial.print(stat.time_out);
                           ^~~~~~~~
/home/ec2-user/arduino-testlib/cli-datadir/user/libraries/DHTlib/examples/dht22_test/dht22_test.ino:99:27: error: request for member &#39;connect&#39; in &#39;stat&#39;, which is of non-class type &#39;int(const char*, stat*)&#39;
         Serial.print(stat.connect);
                           ^~~~~~~
/home/ec2-user/arduino-testlib/cli-datadir/user/libraries/DHTlib/examples/dht22_test/dht22_test.ino:101:27: error: request for member &#39;ack_l&#39; in &#39;stat&#39;, which is of non-class type &#39;int(const char*, stat*)&#39;
         Serial.print(stat.ack_l);
                           ^~~~~
/home/ec2-user/arduino-testlib/cli-datadir/user/libraries/DHTlib/examples/dht22_test/dht22_test.ino:103:27: error: request for member &#39;ack_h&#39; in &#39;stat&#39;, which is of non-class type &#39;int(const char*, stat*)&#39;
         Serial.print(stat.ack_h);
                           ^~~~~
/home/ec2-user/arduino-testlib/cli-datadir/user/libraries/DHTlib/examples/dht22_test/dht22_test.ino:105:27: error: request for member &#39;unknown&#39; in &#39;stat&#39;, which is of non-class type &#39;int(const char*, stat*)&#39;
         Serial.print(stat.unknown);
                           ^~~~~~~
Multiple libraries were found for &#34;dht.h&#34;
  Used: /home/ec2-user/arduino-testlib/cli-datadir/user/libraries/DHTlib
  Not used: /home/ec2-user/arduino-testlib/cli-datadir/user/libraries/UncleRus
</pre>
					
					<h4>examples/dht22_test_noIRQ</h4>
					<p>
						Result: <b>FAIL</b>
					</p>
					<pre class="pre-scrollable">WARNING: library DHTlib claims to run on avr architecture(s) and may be incompatible with your current board which runs on mbed_nano architecture(s).
/home/ec2-user/arduino-testlib/cli-datadir/user/libraries/DHTlib/examples/dht22_test_noIRQ/dht22_test_noIRQ.ino:27:3: error: &#39;&lt;unnamed struct&gt; stat&#39; redeclared as different kind of symbol
 } stat = { 0,0,0,0,0,0,0,0, 0, 9999};
   ^~~~
In file included from /home/ec2-user/arduino-testlib/cli-datadir/data/packages/arduino/hardware/mbed_nano/2.7.2/cores/arduino/mbed/platform/include/platform/platform.h:26:0,
                 from /home/ec2-user/arduino-testlib/cli-datadir/data/packages/arduino/hardware/mbed_nano/2.7.2/cores/arduino/mbed/platform/include/platform/FileHandle.h:25,
                 from /home/ec2-user/arduino-testlib/cli-datadir/data/packages/arduino/hardware/mbed_nano/2.7.2/cores/arduino/macros.h:41,
                 from /home/ec2-user/arduino-testlib/cli-datadir/data/packages/arduino/hardware/mbed_nano/2.7.2/variants/NANO_RP2040_CONNECT/pins_arduino.h:2,
                 from /home/ec2-user/arduino-testlib/cli-datadir/data/packages/arduino/hardware/mbed_nano/2.7.2/cores/arduino/Arduino.h:76,
                 from /tmp/arduino-sketch-62A0D841020CEDCE0702F61FEE4E1359/sketch/dht22_test_noIRQ.ino.cpp:1:
/home/ec2-user/arduino-testlib/cli-datadir/data/packages/arduino/hardware/mbed_nano/2.7.2/cores/arduino/mbed/platform/include/platform/mbed_retarget.h:750:9: note: previous declaration &#39;int stat(const char*, stat*)&#39;
     int stat(const char *path, struct stat *st);
         ^~~~
/home/ec2-user/arduino-testlib/cli-datadir/user/libraries/DHTlib/examples/dht22_test_noIRQ/dht22_test_noIRQ.ino: In function &#39;void loop()&#39;:
/home/ec2-user/arduino-testlib/cli-datadir/user/libraries/DHTlib/examples/dht22_test_noIRQ/dht22_test_noIRQ.ino:57:10: error: request for member &#39;total&#39; in &#39;stat&#39;, which is of non-class type &#39;int(const char*, stat*)&#39;
     stat.total&#43;&#43;;
          ^~~~~
/home/ec2-user/arduino-testlib/cli-datadir/user/libraries/DHTlib/examples/dht22_test_noIRQ/dht22_test_noIRQ.ino:61:14: error: request for member &#39;ok&#39; in &#39;stat&#39;, which is of non-class type &#39;int(const char*, stat*)&#39;
         stat.ok&#43;&#43;;
              ^~
/home/ec2-user/arduino-testlib/cli-datadir/user/libraries/DHTlib/examples/dht22_test_noIRQ/dht22_test_noIRQ.ino:65:14: error: request for member &#39;crc_error&#39; in &#39;stat&#39;, which is of non-class type &#39;int(const char*, stat*)&#39;
         stat.crc_error&#43;&#43;;
              ^~~~~~~~~
/home/ec2-user/arduino-testlib/cli-datadir/user/libraries/DHTlib/examples/dht22_test_noIRQ/dht22_test_noIRQ.ino:69:14: error: request for member &#39;time_out&#39; in &#39;stat&#39;, which is of non-class type &#39;int(const char*, stat*)&#39;
         stat.time_out&#43;&#43;;
              ^~~~~~~~
/home/ec2-user/arduino-testlib/cli-datadir/user/libraries/DHTlib/examples/dht22_test_noIRQ/dht22_test_noIRQ.ino:73:14: error: request for member &#39;connect&#39; in &#39;stat&#39;, which is of non-class type &#39;int(const char*, stat*)&#39;
         stat.connect&#43;&#43;;
              ^~~~~~~
/home/ec2-user/arduino-testlib/cli-datadir/user/libraries/DHTlib/examples/dht22_test_noIRQ/dht22_test_noIRQ.ino:77:14: error: request for member &#39;ack_l&#39; in &#39;stat&#39;, which is of non-class type &#39;int(const char*, stat*)&#39;
         stat.ack_l&#43;&#43;;
              ^~~~~
/home/ec2-user/arduino-testlib/cli-datadir/user/libraries/DHTlib/examples/dht22_test_noIRQ/dht22_test_noIRQ.ino:81:14: error: request for member &#39;ack_h&#39; in &#39;stat&#39;, which is of non-class type &#39;int(const char*, stat*)&#39;
         stat.ack_h&#43;&#43;;
              ^~~~~
/home/ec2-user/arduino-testlib/cli-datadir/user/libraries/DHTlib/examples/dht22_test_noIRQ/dht22_test_noIRQ.ino:85:14: error: request for member &#39;unknown&#39; in &#39;stat&#39;, which is of non-class type &#39;int(const char*, stat*)&#39;
         stat.unknown&#43;&#43;;
              ^~~~~~~
/home/ec2-user/arduino-testlib/cli-datadir/user/libraries/DHTlib/examples/dht22_test_noIRQ/dht22_test_noIRQ.ino:95:10: error: request for member &#39;sumtime&#39; in &#39;stat&#39;, which is of non-class type &#39;int(const char*, stat*)&#39;
     stat.sumtime &#43;= duration;
          ^~~~~~~
/home/ec2-user/arduino-testlib/cli-datadir/user/libraries/DHTlib/examples/dht22_test_noIRQ/dht22_test_noIRQ.ino:96:10: error: request for member &#39;mintime&#39; in &#39;stat&#39;, which is of non-class type &#39;int(const char*, stat*)&#39;
     stat.mintime = min(stat.mintime, duration);
          ^~~~~~~
/home/ec2-user/arduino-testlib/cli-datadir/user/libraries/DHTlib/examples/dht22_test_noIRQ/dht22_test_noIRQ.ino:96:29: error: request for member &#39;mintime&#39; in &#39;stat&#39;, which is of non-class type &#39;int(const char*, stat*)&#39;
     stat.mintime = min(stat.mintime, duration);
                             ^~~~~~~
/home/ec2-user/arduino-testlib/cli-datadir/user/libraries/DHTlib/examples/dht22_test_noIRQ/dht22_test_noIRQ.ino:100:14: error: request for member &#39;total&#39; in &#39;stat&#39;, which is of non-class type &#39;int(const char*, stat*)&#39;
     if (stat.total % 20 == 0)
              ^~~~~
/home/ec2-user/arduino-testlib/cli-datadir/user/libraries/DHTlib/examples/dht22_test_noIRQ/dht22_test_noIRQ.ino:103:27: error: request for member &#39;total&#39; in &#39;stat&#39;, which is of non-class type &#39;int(const char*, stat*)&#39;
         Serial.print(stat.total);
                           ^~~~~
/home/ec2-user/arduino-testlib/cli-datadir/user/libraries/DHTlib/examples/dht22_test_noIRQ/dht22_test_noIRQ.ino:105:27: error: request for member &#39;ok&#39; in &#39;stat&#39;, which is of non-class type &#39;int(const char*, stat*)&#39;
         Serial.print(stat.ok);
                           ^~
/home/ec2-user/arduino-testlib/cli-datadir/user/libraries/DHTlib/examples/dht22_test_noIRQ/dht22_test_noIRQ.ino:107:27: error: request for member &#39;crc_error&#39; in &#39;stat&#39;, which is of non-class type &#39;int(const char*, stat*)&#39;
         Serial.print(stat.crc_error);
                           ^~~~~~~~~
/home/ec2-user/arduino-testlib/cli-datadir/user/libraries/DHTlib/examples/dht22_test_noIRQ/dht22_test_noIRQ.ino:109:27: error: request for member &#39;time_out&#39; in &#39;stat&#39;, which is of non-class type &#39;int(const char*, stat*)&#39;
         Serial.print(stat.time_out);
                           ^~~~~~~~
/home/ec2-user/arduino-testlib/cli-datadir/user/libraries/DHTlib/examples/dht22_test_noIRQ/dht22_test_noIRQ.ino:111:27: error: request for member &#39;connect&#39; in &#39;stat&#39;, which is of non-class type &#39;int(const char*, stat*)&#39;
         Serial.print(stat.connect);
                           ^~~~~~~
/home/ec2-user/arduino-testlib/cli-datadir/user/libraries/DHTlib/examples/dht22_test_noIRQ/dht22_test_noIRQ.ino:113:27: error: request for member &#39;ack_l&#39; in &#39;stat&#39;, which is of non-class type &#39;int(const char*, stat*)&#39;
         Serial.print(stat.ack_l);
                           ^~~~~
/home/ec2-user/arduino-testlib/cli-datadir/user/libraries/DHTlib/examples/dht22_test_noIRQ/dht22_test_noIRQ.ino:115:27: error: request for member &#39;ack_h&#39; in &#39;stat&#39;, which is of non-class type &#39;int(const char*, stat*)&#39;
         Serial.print(stat.ack_h);
                           ^~~~~
/home/ec2-user/arduino-testlib/cli-datadir/user/libraries/DHTlib/examples/dht22_test_noIRQ/dht22_test_noIRQ.ino:117:27: error: request for member &#39;unknown&#39; in &#39;stat&#39;, which is of non-class type &#39;int(const char*, stat*)&#39;
         Serial.print(stat.unknown);
                           ^~~~~~~
/home/ec2-user/arduino-testlib/cli-datadir/user/libraries/DHTlib/examples/dht22_test_noIRQ/dht22_test_noIRQ.ino:119:33: error: request for member &#39;sumtime&#39; in &#39;stat&#39;, which is of non-class type &#39;int(const char*, stat*)&#39;
         Serial.print(1.0 * stat.sumtime / stat.total);
                                 ^~~~~~~
/home/ec2-user/arduino-testlib/cli-datadir/user/libraries/DHTlib/examples/dht22_test_noIRQ/dht22_test_noIRQ.ino:119:48: error: request for member &#39;total&#39; in &#39;stat&#39;, which is of non-class type &#39;int(const char*, stat*)&#39;
         Serial.print(1.0 * stat.sumtime / stat.total);
                                                ^~~~~
/home/ec2-user/arduino-testlib/cli-datadir/user/libraries/DHTlib/examples/dht22_test_noIRQ/dht22_test_noIRQ.ino:121:33: error: request for member &#39;mintime&#39; in &#39;stat&#39;, which is of non-class type &#39;int(const char*, stat*)&#39;
         Serial.print(1.0 * stat.mintime);
                                 ^~~~~~~
Multiple libraries were found for &#34;dht.h&#34;
  Used: /home/ec2-user/arduino-testlib/cli-datadir/user/libraries/DHTlib
  Not used: /home/ec2-user/arduino-testlib/cli-datadir/user/libraries/UncleRus
</pre>
					
					<h4>examples/dht33_test</h4>
					<p>
						Result: <b>FAIL</b>
					</p>
					<pre class="pre-scrollable">WARNING: library DHTlib claims to run on avr architecture(s) and may be incompatible with your current board which runs on mbed_nano architecture(s).
/home/ec2-user/arduino-testlib/cli-datadir/user/libraries/DHTlib/dht.cpp: In member function &#39;int8_t dht::_readSensor(uint8_t, uint8_t, uint8_t)&#39;:
/home/ec2-user/arduino-testlib/cli-datadir/user/libraries/DHTlib/dht.cpp:215:19: error: &#39;digitalPinToBitMask&#39; was not declared in this scope
     uint8_t bit = digitalPinToBitMask(pin);
                   ^~~~~~~~~~~~~~~~~~~
/home/ec2-user/arduino-testlib/cli-datadir/user/libraries/DHTlib/dht.cpp:215:19: note: suggested alternative: &#39;digitalPinToPinName&#39;
     uint8_t bit = digitalPinToBitMask(pin);
                   ^~~~~~~~~~~~~~~~~~~
                   digitalPinToPinName
/home/ec2-user/arduino-testlib/cli-datadir/user/libraries/DHTlib/dht.cpp:217:29: error: &#39;portInputRegister&#39; was not declared in this scope
     volatile uint8_t *PIR = portInputRegister(port);
                             ^~~~~~~~~~~~~~~~~
Multiple libraries were found for &#34;dht.h&#34;
  Used: /home/ec2-user/arduino-testlib/cli-datadir/user/libraries/DHTlib
  Not used: /home/ec2-user/arduino-testlib/cli-datadir/user/libraries/UncleRus
</pre>
					
					<h4>examples/dht44_test</h4>
					<p>
						Result: <b>FAIL</b>
					</p>
					<pre class="pre-scrollable">WARNING: library DHTlib claims to run on avr architecture(s) and may be incompatible with your current board which runs on mbed_nano architecture(s).
/home/ec2-user/arduino-testlib/cli-datadir/user/libraries/DHTlib/dht.cpp: In member function &#39;int8_t dht::_readSensor(uint8_t, uint8_t, uint8_t)&#39;:
/home/ec2-user/arduino-testlib/cli-datadir/user/libraries/DHTlib/dht.cpp:215:19: error: &#39;digitalPinToBitMask&#39; was not declared in this scope
     uint8_t bit = digitalPinToBitMask(pin);
                   ^~~~~~~~~~~~~~~~~~~
/home/ec2-user/arduino-testlib/cli-datadir/user/libraries/DHTlib/dht.cpp:215:19: note: suggested alternative: &#39;digitalPinToPinName&#39;
     uint8_t bit = digitalPinToBitMask(pin);
                   ^~~~~~~~~~~~~~~~~~~
                   digitalPinToPinName
/home/ec2-user/arduino-testlib/cli-datadir/user/libraries/DHTlib/dht.cpp:217:29: error: &#39;portInputRegister&#39; was not declared in this scope
     volatile uint8_t *PIR = portInputRegister(port);
                             ^~~~~~~~~~~~~~~~~
Multiple libraries were found for &#34;dht.h&#34;
  Used: /home/ec2-user/arduino-testlib/cli-datadir/user/libraries/DHTlib
  Not used: /home/ec2-user/arduino-testlib/cli-datadir/user/libraries/UncleRus
</pre>
					
					<h4>examples/dht_test1</h4>
					<p>
						Result: <b>FAIL</b>
					</p>
					<pre class="pre-scrollable">WARNING: library DHTlib claims to run on avr architecture(s) and may be incompatible with your current board which runs on mbed_nano architecture(s).
/home/ec2-user/arduino-testlib/cli-datadir/user/libraries/DHTlib/dht.cpp: In member function &#39;int8_t dht::_readSensor(uint8_t, uint8_t, uint8_t)&#39;:
/home/ec2-user/arduino-testlib/cli-datadir/user/libraries/DHTlib/dht.cpp:215:19: error: &#39;digitalPinToBitMask&#39; was not declared in this scope
     uint8_t bit = digitalPinToBitMask(pin);
                   ^~~~~~~~~~~~~~~~~~~
/home/ec2-user/arduino-testlib/cli-datadir/user/libraries/DHTlib/dht.cpp:215:19: note: suggested alternative: &#39;digitalPinToPinName&#39;
     uint8_t bit = digitalPinToBitMask(pin);
                   ^~~~~~~~~~~~~~~~~~~
                   digitalPinToPinName
/home/ec2-user/arduino-testlib/cli-datadir/user/libraries/DHTlib/dht.cpp:217:29: error: &#39;portInputRegister&#39; was not declared in this scope
     volatile uint8_t *PIR = portInputRegister(port);
                             ^~~~~~~~~~~~~~~~~
Multiple libraries were found for &#34;dht.h&#34;
  Used: /home/ec2-user/arduino-testlib/cli-datadir/user/libraries/DHTlib
  Not used: /home/ec2-user/arduino-testlib/cli-datadir/user/libraries/UncleRus
</pre>
					
					<h4>examples/dht_tuning</h4>
					<p>
						Result: <b>FAIL</b>
					</p>
					<pre class="pre-scrollable">WARNING: library DHTlib claims to run on avr architecture(s) and may be incompatible with your current board which runs on mbed_nano architecture(s).
/home/ec2-user/arduino-testlib/cli-datadir/user/libraries/DHTlib/dht.cpp: In member function &#39;int8_t dht::_readSensor(uint8_t, uint8_t, uint8_t)&#39;:
/home/ec2-user/arduino-testlib/cli-datadir/user/libraries/DHTlib/dht.cpp:215:19: error: &#39;digitalPinToBitMask&#39; was not declared in this scope
     uint8_t bit = digitalPinToBitMask(pin);
                   ^~~~~~~~~~~~~~~~~~~
/home/ec2-user/arduino-testlib/cli-datadir/user/libraries/DHTlib/dht.cpp:215:19: note: suggested alternative: &#39;digitalPinToPinName&#39;
     uint8_t bit = digitalPinToBitMask(pin);
                   ^~~~~~~~~~~~~~~~~~~
                   digitalPinToPinName
/home/ec2-user/arduino-testlib/cli-datadir/user/libraries/DHTlib/dht.cpp:217:29: error: &#39;portInputRegister&#39; was not declared in this scope
     volatile uint8_t *PIR = portInputRegister(port);
                             ^~~~~~~~~~~~~~~~~
Multiple libraries were found for &#34;dht.h&#34;
  Used: /home/ec2-user/arduino-testlib/cli-datadir/user/libraries/DHTlib
  Not used: /home/ec2-user/arduino-testlib/cli-datadir/user/libraries/UncleRus
</pre>
					
				
				<h3 id="arduino:megaavr:nona4809">arduino:megaavr:nona4809 @ 1.8.7</h3>
				<h4>Inclusion</h4>
				<p>
					Result: <b>PASS</b>
					
					<br />This library has no main header file so an empty one was created.
					
				</p>
				<pre class="pre-scrollable">WARNING: library DHTlib claims to run on avr architecture(s) and may be incompatible with your current board which runs on megaavr architecture(s).
Sketch uses 802 bytes (1%) of program storage space. Maximum is 49152 bytes.
Global variables use 22 bytes (0%) of dynamic memory, leaving 6122 bytes for local variables. Maximum is 6144 bytes.
</pre>

					
					<h4>examples/dht11_test</h4>
					<p>
						Result: <b>PASS</b>
					</p>
					<pre class="pre-scrollable">WARNING: library DHTlib claims to run on avr architecture(s) and may be incompatible with your current board which runs on megaavr architecture(s).
Sketch uses 5086 bytes (10%) of program storage space. Maximum is 49152 bytes.
Global variables use 191 bytes (3%) of dynamic memory, leaving 5953 bytes for local variables. Maximum is 6144 bytes.
</pre>
					
					<h4>examples/dht12_test</h4>
					<p>
						Result: <b>PASS</b>
					</p>
					<pre class="pre-scrollable">WARNING: library DHTlib claims to run on avr architecture(s) and may be incompatible with your current board which runs on megaavr architecture(s).
Sketch uses 5103 bytes (10%) of program storage space. Maximum is 49152 bytes.
Global variables use 191 bytes (3%) of dynamic memory, leaving 5953 bytes for local variables. Maximum is 6144 bytes.
</pre>
					
					<h4>examples/dht21_test</h4>
					<p>
						Result: <b>PASS</b>
					</p>
					<pre class="pre-scrollable">WARNING: library DHTlib claims to run on avr architecture(s) and may be incompatible with your current board which runs on megaavr architecture(s).
Sketch uses 5128 bytes (10%) of program storage space. Maximum is 49152 bytes.
Global variables use 191 bytes (3%) of dynamic memory, leaving 5953 bytes for local variables. Maximum is 6144 bytes.
</pre>
					
					<h4>examples/dht22_in_function</h4>
					<p>
						Result: <b>PASS</b>
					</p>
					<pre class="pre-scrollable">WARNING: library DHTlib claims to run on avr architecture(s) and may be incompatible with your current board which runs on megaavr architecture(s).
Sketch uses 4853 bytes (9%) of program storage space. Maximum is 49152 bytes.
Global variables use 181 bytes (2%) of dynamic memory, leaving 5963 bytes for local variables. Maximum is 6144 bytes.
</pre>
					
					<h4>examples/dht22_test</h4>
					<p>
						Result: <b>PASS</b>
					</p>
					<pre class="pre-scrollable">WARNING: library DHTlib claims to run on avr architecture(s) and may be incompatible with your current board which runs on megaavr architecture(s).
Sketch uses 5788 bytes (11%) of program storage space. Maximum is 49152 bytes.
Global variables use 223 bytes (3%) of dynamic memory, leaving 5921 bytes for local variables. Maximum is 6144 bytes.
</pre>
					
					<h4>examples/dht22_test_noIRQ</h4>
					<p>
						Result: <b>PASS</b>
					</p>
					<pre class="pre-scrollable">WARNING: library DHTlib claims to run on avr architecture(s) and may be incompatible with your current board which runs on megaavr architecture(s).
Sketch uses 6441 bytes (13%) of program storage space. Maximum is 49152 bytes.
Global variables use 231 bytes (3%) of dynamic memory, leaving 5913 bytes for local variables. Maximum is 6144 bytes.
</pre>
					
					<h4>examples/dht33_test</h4>
					<p>
						Result: <b>PASS</b>
					</p>
					<pre class="pre-scrollable">WARNING: library DHTlib claims to run on avr architecture(s) and may be incompatible with your current board which runs on megaavr architecture(s).
Sketch uses 5172 bytes (10%) of program storage space. Maximum is 49152 bytes.
Global variables use 191 bytes (3%) of dynamic memory, leaving 5953 bytes for local variables. Maximum is 6144 bytes.
</pre>
					
					<h4>examples/dht44_test</h4>
					<p>
						Result: <b>PASS</b>
					</p>
					<pre class="pre-scrollable">WARNING: library DHTlib claims to run on avr architecture(s) and may be incompatible with your current board which runs on megaavr architecture(s).
Sketch uses 5172 bytes (10%) of program storage space. Maximum is 49152 bytes.
Global variables use 191 bytes (3%) of dynamic memory, leaving 5953 bytes for local variables. Maximum is 6144 bytes.
</pre>
					
					<h4>examples/dht_test1</h4>
					<p>
						Result: <b>PASS</b>
					</p>
					<pre class="pre-scrollable">WARNING: library DHTlib claims to run on avr architecture(s) and may be incompatible with your current board which runs on megaavr architecture(s).
Sketch uses 5828 bytes (11%) of program storage space. Maximum is 49152 bytes.
Global variables use 191 bytes (3%) of dynamic memory, leaving 5953 bytes for local variables. Maximum is 6144 bytes.
</pre>
					
					<h4>examples/dht_tuning</h4>
					<p>
						Result: <b>PASS</b>
					</p>
					<pre class="pre-scrollable">WARNING: library DHTlib claims to run on avr architecture(s) and may be incompatible with your current board which runs on megaavr architecture(s).
Sketch uses 5498 bytes (11%) of program storage space. Maximum is 49152 bytes.
Global variables use 213 bytes (3%) of dynamic memory, leaving 5931 bytes for local variables. Maximum is 6144 bytes.
</pre>
					
				
				<h3 id="arduino:samd:mkrwifi1010">arduino:samd:mkrwifi1010 @ 1.8.12</h3>
				<h4>Inclusion</h4>
				<p>
					Result: <b>FAIL</b>
					
					<br />This library has no main header file so an empty one was created.
					
				</p>
				<pre class="pre-scrollable">WARNING: library DHTlib claims to run on avr architecture(s) and may be incompatible with your current board which runs on samd architecture(s).
In file included from /home/ec2-user/arduino-testlib/cli-datadir/data/packages/arduino/hardware/samd/1.8.12/cores/arduino/Arduino.h:51:0,
                 from /home/ec2-user/arduino-testlib/cli-datadir/user/libraries/DHTlib/dht.h:15,
                 from /home/ec2-user/arduino-testlib/cli-datadir/user/libraries/DHTlib/dht.cpp:56:
/home/ec2-user/arduino-testlib/cli-datadir/user/libraries/DHTlib/dht.cpp: In member function &#39;int8_t dht::_readSensor(uint8_t, uint8_t, uint8_t)&#39;:
/home/ec2-user/arduino-testlib/cli-datadir/data/packages/arduino/hardware/samd/1.8.12/variants/mkrwifi1010/variant.h:49:35: error: invalid conversion from &#39;PortGroup*&#39; to &#39;uint8_t {aka unsigned char}&#39; [-fpermissive]
 #define digitalPinToPort(P)      (&amp;(PORT-&gt;Group[g_APinDescription[P].ulPort]))
                                  ~^~~~~~~~~~~~~~~~~~~~~~~~~~~~~~~~~~~~~~~~~~~~
/home/ec2-user/arduino-testlib/cli-datadir/user/libraries/DHTlib/dht.cpp:216:20: note: in expansion of macro &#39;digitalPinToPort&#39;
     uint8_t port = digitalPinToPort(pin);
                    ^~~~~~~~~~~~~~~~
/home/ec2-user/arduino-testlib/cli-datadir/data/packages/arduino/hardware/samd/1.8.12/variants/mkrwifi1010/variant.h:53:41: error: base operand of &#39;-&gt;&#39; is not a pointer
 #define portInputRegister(port)  (&amp;(port-&gt;IN.reg))
                                         ^
/home/ec2-user/arduino-testlib/cli-datadir/user/libraries/DHTlib/dht.cpp:217:29: note: in expansion of macro &#39;portInputRegister&#39;
     volatile uint8_t *PIR = portInputRegister(port);
                             ^~~~~~~~~~~~~~~~~
Multiple libraries were found for &#34;dht.h&#34;
  Used: /home/ec2-user/arduino-testlib/cli-datadir/user/libraries/DHTlib
  Not used: /home/ec2-user/arduino-testlib/cli-datadir/user/libraries/UncleRus
</pre>

					
					<h4>examples/dht11_test</h4>
					<p>
						Result: <b>FAIL</b>
					</p>
					<pre class="pre-scrollable">WARNING: library DHTlib claims to run on avr architecture(s) and may be incompatible with your current board which runs on samd architecture(s).
In file included from /home/ec2-user/arduino-testlib/cli-datadir/data/packages/arduino/hardware/samd/1.8.12/cores/arduino/Arduino.h:51:0,
                 from /home/ec2-user/arduino-testlib/cli-datadir/user/libraries/DHTlib/dht.h:15,
                 from /home/ec2-user/arduino-testlib/cli-datadir/user/libraries/DHTlib/dht.cpp:56:
/home/ec2-user/arduino-testlib/cli-datadir/user/libraries/DHTlib/dht.cpp: In member function &#39;int8_t dht::_readSensor(uint8_t, uint8_t, uint8_t)&#39;:
/home/ec2-user/arduino-testlib/cli-datadir/data/packages/arduino/hardware/samd/1.8.12/variants/mkrwifi1010/variant.h:49:35: error: invalid conversion from &#39;PortGroup*&#39; to &#39;uint8_t {aka unsigned char}&#39; [-fpermissive]
 #define digitalPinToPort(P)      (&amp;(PORT-&gt;Group[g_APinDescription[P].ulPort]))
                                  ~^~~~~~~~~~~~~~~~~~~~~~~~~~~~~~~~~~~~~~~~~~~~
/home/ec2-user/arduino-testlib/cli-datadir/user/libraries/DHTlib/dht.cpp:216:20: note: in expansion of macro &#39;digitalPinToPort&#39;
     uint8_t port = digitalPinToPort(pin);
                    ^~~~~~~~~~~~~~~~
/home/ec2-user/arduino-testlib/cli-datadir/data/packages/arduino/hardware/samd/1.8.12/variants/mkrwifi1010/variant.h:53:41: error: base operand of &#39;-&gt;&#39; is not a pointer
 #define portInputRegister(port)  (&amp;(port-&gt;IN.reg))
                                         ^
/home/ec2-user/arduino-testlib/cli-datadir/user/libraries/DHTlib/dht.cpp:217:29: note: in expansion of macro &#39;portInputRegister&#39;
     volatile uint8_t *PIR = portInputRegister(port);
                             ^~~~~~~~~~~~~~~~~
Multiple libraries were found for &#34;dht.h&#34;
  Used: /home/ec2-user/arduino-testlib/cli-datadir/user/libraries/DHTlib
  Not used: /home/ec2-user/arduino-testlib/cli-datadir/user/libraries/UncleRus
</pre>
					
					<h4>examples/dht12_test</h4>
					<p>
						Result: <b>FAIL</b>
					</p>
					<pre class="pre-scrollable">WARNING: library DHTlib claims to run on avr architecture(s) and may be incompatible with your current board which runs on samd architecture(s).
In file included from /home/ec2-user/arduino-testlib/cli-datadir/data/packages/arduino/hardware/samd/1.8.12/cores/arduino/Arduino.h:51:0,
                 from /home/ec2-user/arduino-testlib/cli-datadir/user/libraries/DHTlib/dht.h:15,
                 from /home/ec2-user/arduino-testlib/cli-datadir/user/libraries/DHTlib/dht.cpp:56:
/home/ec2-user/arduino-testlib/cli-datadir/user/libraries/DHTlib/dht.cpp: In member function &#39;int8_t dht::_readSensor(uint8_t, uint8_t, uint8_t)&#39;:
/home/ec2-user/arduino-testlib/cli-datadir/data/packages/arduino/hardware/samd/1.8.12/variants/mkrwifi1010/variant.h:49:35: error: invalid conversion from &#39;PortGroup*&#39; to &#39;uint8_t {aka unsigned char}&#39; [-fpermissive]
 #define digitalPinToPort(P)      (&amp;(PORT-&gt;Group[g_APinDescription[P].ulPort]))
                                  ~^~~~~~~~~~~~~~~~~~~~~~~~~~~~~~~~~~~~~~~~~~~~
/home/ec2-user/arduino-testlib/cli-datadir/user/libraries/DHTlib/dht.cpp:216:20: note: in expansion of macro &#39;digitalPinToPort&#39;
     uint8_t port = digitalPinToPort(pin);
                    ^~~~~~~~~~~~~~~~
/home/ec2-user/arduino-testlib/cli-datadir/data/packages/arduino/hardware/samd/1.8.12/variants/mkrwifi1010/variant.h:53:41: error: base operand of &#39;-&gt;&#39; is not a pointer
 #define portInputRegister(port)  (&amp;(port-&gt;IN.reg))
                                         ^
/home/ec2-user/arduino-testlib/cli-datadir/user/libraries/DHTlib/dht.cpp:217:29: note: in expansion of macro &#39;portInputRegister&#39;
     volatile uint8_t *PIR = portInputRegister(port);
                             ^~~~~~~~~~~~~~~~~
Multiple libraries were found for &#34;dht.h&#34;
  Used: /home/ec2-user/arduino-testlib/cli-datadir/user/libraries/DHTlib
  Not used: /home/ec2-user/arduino-testlib/cli-datadir/user/libraries/UncleRus
</pre>
					
					<h4>examples/dht21_test</h4>
					<p>
						Result: <b>FAIL</b>
					</p>
					<pre class="pre-scrollable">WARNING: library DHTlib claims to run on avr architecture(s) and may be incompatible with your current board which runs on samd architecture(s).
In file included from /home/ec2-user/arduino-testlib/cli-datadir/data/packages/arduino/hardware/samd/1.8.12/cores/arduino/Arduino.h:51:0,
                 from /home/ec2-user/arduino-testlib/cli-datadir/user/libraries/DHTlib/dht.h:15,
                 from /home/ec2-user/arduino-testlib/cli-datadir/user/libraries/DHTlib/dht.cpp:56:
/home/ec2-user/arduino-testlib/cli-datadir/user/libraries/DHTlib/dht.cpp: In member function &#39;int8_t dht::_readSensor(uint8_t, uint8_t, uint8_t)&#39;:
/home/ec2-user/arduino-testlib/cli-datadir/data/packages/arduino/hardware/samd/1.8.12/variants/mkrwifi1010/variant.h:49:35: error: invalid conversion from &#39;PortGroup*&#39; to &#39;uint8_t {aka unsigned char}&#39; [-fpermissive]
 #define digitalPinToPort(P)      (&amp;(PORT-&gt;Group[g_APinDescription[P].ulPort]))
                                  ~^~~~~~~~~~~~~~~~~~~~~~~~~~~~~~~~~~~~~~~~~~~~
/home/ec2-user/arduino-testlib/cli-datadir/user/libraries/DHTlib/dht.cpp:216:20: note: in expansion of macro &#39;digitalPinToPort&#39;
     uint8_t port = digitalPinToPort(pin);
                    ^~~~~~~~~~~~~~~~
/home/ec2-user/arduino-testlib/cli-datadir/data/packages/arduino/hardware/samd/1.8.12/variants/mkrwifi1010/variant.h:53:41: error: base operand of &#39;-&gt;&#39; is not a pointer
 #define portInputRegister(port)  (&amp;(port-&gt;IN.reg))
                                         ^
/home/ec2-user/arduino-testlib/cli-datadir/user/libraries/DHTlib/dht.cpp:217:29: note: in expansion of macro &#39;portInputRegister&#39;
     volatile uint8_t *PIR = portInputRegister(port);
                             ^~~~~~~~~~~~~~~~~
Multiple libraries were found for &#34;dht.h&#34;
  Used: /home/ec2-user/arduino-testlib/cli-datadir/user/libraries/DHTlib
  Not used: /home/ec2-user/arduino-testlib/cli-datadir/user/libraries/UncleRus
</pre>
					
					<h4>examples/dht22_in_function</h4>
					<p>
						Result: <b>FAIL</b>
					</p>
					<pre class="pre-scrollable">WARNING: library DHTlib claims to run on avr architecture(s) and may be incompatible with your current board which runs on samd architecture(s).
In file included from /home/ec2-user/arduino-testlib/cli-datadir/data/packages/arduino/hardware/samd/1.8.12/cores/arduino/Arduino.h:51:0,
                 from /home/ec2-user/arduino-testlib/cli-datadir/user/libraries/DHTlib/dht.h:15,
                 from /home/ec2-user/arduino-testlib/cli-datadir/user/libraries/DHTlib/dht.cpp:56:
/home/ec2-user/arduino-testlib/cli-datadir/user/libraries/DHTlib/dht.cpp: In member function &#39;int8_t dht::_readSensor(uint8_t, uint8_t, uint8_t)&#39;:
/home/ec2-user/arduino-testlib/cli-datadir/data/packages/arduino/hardware/samd/1.8.12/variants/mkrwifi1010/variant.h:49:35: error: invalid conversion from &#39;PortGroup*&#39; to &#39;uint8_t {aka unsigned char}&#39; [-fpermissive]
 #define digitalPinToPort(P)      (&amp;(PORT-&gt;Group[g_APinDescription[P].ulPort]))
                                  ~^~~~~~~~~~~~~~~~~~~~~~~~~~~~~~~~~~~~~~~~~~~~
/home/ec2-user/arduino-testlib/cli-datadir/user/libraries/DHTlib/dht.cpp:216:20: note: in expansion of macro &#39;digitalPinToPort&#39;
     uint8_t port = digitalPinToPort(pin);
                    ^~~~~~~~~~~~~~~~
/home/ec2-user/arduino-testlib/cli-datadir/data/packages/arduino/hardware/samd/1.8.12/variants/mkrwifi1010/variant.h:53:41: error: base operand of &#39;-&gt;&#39; is not a pointer
 #define portInputRegister(port)  (&amp;(port-&gt;IN.reg))
                                         ^
/home/ec2-user/arduino-testlib/cli-datadir/user/libraries/DHTlib/dht.cpp:217:29: note: in expansion of macro &#39;portInputRegister&#39;
     volatile uint8_t *PIR = portInputRegister(port);
                             ^~~~~~~~~~~~~~~~~
Multiple libraries were found for &#34;dht.h&#34;
  Used: /home/ec2-user/arduino-testlib/cli-datadir/user/libraries/DHTlib
  Not used: /home/ec2-user/arduino-testlib/cli-datadir/user/libraries/UncleRus
</pre>
					
					<h4>examples/dht22_test</h4>
					<p>
						Result: <b>FAIL</b>
					</p>
					<pre class="pre-scrollable">WARNING: library DHTlib claims to run on avr architecture(s) and may be incompatible with your current board which runs on samd architecture(s).
In file included from /home/ec2-user/arduino-testlib/cli-datadir/data/packages/arduino/hardware/samd/1.8.12/cores/arduino/Arduino.h:51:0,
                 from /home/ec2-user/arduino-testlib/cli-datadir/user/libraries/DHTlib/dht.h:15,
                 from /home/ec2-user/arduino-testlib/cli-datadir/user/libraries/DHTlib/dht.cpp:56:
/home/ec2-user/arduino-testlib/cli-datadir/user/libraries/DHTlib/dht.cpp: In member function &#39;int8_t dht::_readSensor(uint8_t, uint8_t, uint8_t)&#39;:
/home/ec2-user/arduino-testlib/cli-datadir/data/packages/arduino/hardware/samd/1.8.12/variants/mkrwifi1010/variant.h:49:35: error: invalid conversion from &#39;PortGroup*&#39; to &#39;uint8_t {aka unsigned char}&#39; [-fpermissive]
 #define digitalPinToPort(P)      (&amp;(PORT-&gt;Group[g_APinDescription[P].ulPort]))
                                  ~^~~~~~~~~~~~~~~~~~~~~~~~~~~~~~~~~~~~~~~~~~~~
/home/ec2-user/arduino-testlib/cli-datadir/user/libraries/DHTlib/dht.cpp:216:20: note: in expansion of macro &#39;digitalPinToPort&#39;
     uint8_t port = digitalPinToPort(pin);
                    ^~~~~~~~~~~~~~~~
/home/ec2-user/arduino-testlib/cli-datadir/data/packages/arduino/hardware/samd/1.8.12/variants/mkrwifi1010/variant.h:53:41: error: base operand of &#39;-&gt;&#39; is not a pointer
 #define portInputRegister(port)  (&amp;(port-&gt;IN.reg))
                                         ^
/home/ec2-user/arduino-testlib/cli-datadir/user/libraries/DHTlib/dht.cpp:217:29: note: in expansion of macro &#39;portInputRegister&#39;
     volatile uint8_t *PIR = portInputRegister(port);
                             ^~~~~~~~~~~~~~~~~
Multiple libraries were found for &#34;dht.h&#34;
  Used: /home/ec2-user/arduino-testlib/cli-datadir/user/libraries/DHTlib
  Not used: /home/ec2-user/arduino-testlib/cli-datadir/user/libraries/UncleRus
</pre>
					
					<h4>examples/dht22_test_noIRQ</h4>
					<p>
						Result: <b>FAIL</b>
					</p>
					<pre class="pre-scrollable">WARNING: library DHTlib claims to run on avr architecture(s) and may be incompatible with your current board which runs on samd architecture(s).
In file included from /home/ec2-user/arduino-testlib/cli-datadir/data/packages/arduino/hardware/samd/1.8.12/cores/arduino/Arduino.h:51:0,
                 from /home/ec2-user/arduino-testlib/cli-datadir/user/libraries/DHTlib/dht.h:15,
                 from /home/ec2-user/arduino-testlib/cli-datadir/user/libraries/DHTlib/dht.cpp:56:
/home/ec2-user/arduino-testlib/cli-datadir/user/libraries/DHTlib/dht.cpp: In member function &#39;int8_t dht::_readSensor(uint8_t, uint8_t, uint8_t)&#39;:
/home/ec2-user/arduino-testlib/cli-datadir/data/packages/arduino/hardware/samd/1.8.12/variants/mkrwifi1010/variant.h:49:35: error: invalid conversion from &#39;PortGroup*&#39; to &#39;uint8_t {aka unsigned char}&#39; [-fpermissive]
 #define digitalPinToPort(P)      (&amp;(PORT-&gt;Group[g_APinDescription[P].ulPort]))
                                  ~^~~~~~~~~~~~~~~~~~~~~~~~~~~~~~~~~~~~~~~~~~~~
/home/ec2-user/arduino-testlib/cli-datadir/user/libraries/DHTlib/dht.cpp:216:20: note: in expansion of macro &#39;digitalPinToPort&#39;
     uint8_t port = digitalPinToPort(pin);
                    ^~~~~~~~~~~~~~~~
/home/ec2-user/arduino-testlib/cli-datadir/data/packages/arduino/hardware/samd/1.8.12/variants/mkrwifi1010/variant.h:53:41: error: base operand of &#39;-&gt;&#39; is not a pointer
 #define portInputRegister(port)  (&amp;(port-&gt;IN.reg))
                                         ^
/home/ec2-user/arduino-testlib/cli-datadir/user/libraries/DHTlib/dht.cpp:217:29: note: in expansion of macro &#39;portInputRegister&#39;
     volatile uint8_t *PIR = portInputRegister(port);
                             ^~~~~~~~~~~~~~~~~
Multiple libraries were found for &#34;dht.h&#34;
  Used: /home/ec2-user/arduino-testlib/cli-datadir/user/libraries/DHTlib
  Not used: /home/ec2-user/arduino-testlib/cli-datadir/user/libraries/UncleRus
</pre>
					
					<h4>examples/dht33_test</h4>
					<p>
						Result: <b>FAIL</b>
					</p>
					<pre class="pre-scrollable">WARNING: library DHTlib claims to run on avr architecture(s) and may be incompatible with your current board which runs on samd architecture(s).
In file included from /home/ec2-user/arduino-testlib/cli-datadir/data/packages/arduino/hardware/samd/1.8.12/cores/arduino/Arduino.h:51:0,
                 from /home/ec2-user/arduino-testlib/cli-datadir/user/libraries/DHTlib/dht.h:15,
                 from /home/ec2-user/arduino-testlib/cli-datadir/user/libraries/DHTlib/dht.cpp:56:
/home/ec2-user/arduino-testlib/cli-datadir/user/libraries/DHTlib/dht.cpp: In member function &#39;int8_t dht::_readSensor(uint8_t, uint8_t, uint8_t)&#39;:
/home/ec2-user/arduino-testlib/cli-datadir/data/packages/arduino/hardware/samd/1.8.12/variants/mkrwifi1010/variant.h:49:35: error: invalid conversion from &#39;PortGroup*&#39; to &#39;uint8_t {aka unsigned char}&#39; [-fpermissive]
 #define digitalPinToPort(P)      (&amp;(PORT-&gt;Group[g_APinDescription[P].ulPort]))
                                  ~^~~~~~~~~~~~~~~~~~~~~~~~~~~~~~~~~~~~~~~~~~~~
/home/ec2-user/arduino-testlib/cli-datadir/user/libraries/DHTlib/dht.cpp:216:20: note: in expansion of macro &#39;digitalPinToPort&#39;
     uint8_t port = digitalPinToPort(pin);
                    ^~~~~~~~~~~~~~~~
/home/ec2-user/arduino-testlib/cli-datadir/data/packages/arduino/hardware/samd/1.8.12/variants/mkrwifi1010/variant.h:53:41: error: base operand of &#39;-&gt;&#39; is not a pointer
 #define portInputRegister(port)  (&amp;(port-&gt;IN.reg))
                                         ^
/home/ec2-user/arduino-testlib/cli-datadir/user/libraries/DHTlib/dht.cpp:217:29: note: in expansion of macro &#39;portInputRegister&#39;
     volatile uint8_t *PIR = portInputRegister(port);
                             ^~~~~~~~~~~~~~~~~
Multiple libraries were found for &#34;dht.h&#34;
  Used: /home/ec2-user/arduino-testlib/cli-datadir/user/libraries/DHTlib
  Not used: /home/ec2-user/arduino-testlib/cli-datadir/user/libraries/UncleRus
</pre>
					
					<h4>examples/dht44_test</h4>
					<p>
						Result: <b>FAIL</b>
					</p>
					<pre class="pre-scrollable">WARNING: library DHTlib claims to run on avr architecture(s) and may be incompatible with your current board which runs on samd architecture(s).
In file included from /home/ec2-user/arduino-testlib/cli-datadir/data/packages/arduino/hardware/samd/1.8.12/cores/arduino/Arduino.h:51:0,
                 from /home/ec2-user/arduino-testlib/cli-datadir/user/libraries/DHTlib/dht.h:15,
                 from /home/ec2-user/arduino-testlib/cli-datadir/user/libraries/DHTlib/dht.cpp:56:
/home/ec2-user/arduino-testlib/cli-datadir/user/libraries/DHTlib/dht.cpp: In member function &#39;int8_t dht::_readSensor(uint8_t, uint8_t, uint8_t)&#39;:
/home/ec2-user/arduino-testlib/cli-datadir/data/packages/arduino/hardware/samd/1.8.12/variants/mkrwifi1010/variant.h:49:35: error: invalid conversion from &#39;PortGroup*&#39; to &#39;uint8_t {aka unsigned char}&#39; [-fpermissive]
 #define digitalPinToPort(P)      (&amp;(PORT-&gt;Group[g_APinDescription[P].ulPort]))
                                  ~^~~~~~~~~~~~~~~~~~~~~~~~~~~~~~~~~~~~~~~~~~~~
/home/ec2-user/arduino-testlib/cli-datadir/user/libraries/DHTlib/dht.cpp:216:20: note: in expansion of macro &#39;digitalPinToPort&#39;
     uint8_t port = digitalPinToPort(pin);
                    ^~~~~~~~~~~~~~~~
/home/ec2-user/arduino-testlib/cli-datadir/data/packages/arduino/hardware/samd/1.8.12/variants/mkrwifi1010/variant.h:53:41: error: base operand of &#39;-&gt;&#39; is not a pointer
 #define portInputRegister(port)  (&amp;(port-&gt;IN.reg))
                                         ^
/home/ec2-user/arduino-testlib/cli-datadir/user/libraries/DHTlib/dht.cpp:217:29: note: in expansion of macro &#39;portInputRegister&#39;
     volatile uint8_t *PIR = portInputRegister(port);
                             ^~~~~~~~~~~~~~~~~
Multiple libraries were found for &#34;dht.h&#34;
  Used: /home/ec2-user/arduino-testlib/cli-datadir/user/libraries/DHTlib
  Not used: /home/ec2-user/arduino-testlib/cli-datadir/user/libraries/UncleRus
</pre>
					
					<h4>examples/dht_test1</h4>
					<p>
						Result: <b>FAIL</b>
					</p>
					<pre class="pre-scrollable">WARNING: library DHTlib claims to run on avr architecture(s) and may be incompatible with your current board which runs on samd architecture(s).
In file included from /home/ec2-user/arduino-testlib/cli-datadir/data/packages/arduino/hardware/samd/1.8.12/cores/arduino/Arduino.h:51:0,
                 from /home/ec2-user/arduino-testlib/cli-datadir/user/libraries/DHTlib/dht.h:15,
                 from /home/ec2-user/arduino-testlib/cli-datadir/user/libraries/DHTlib/dht.cpp:56:
/home/ec2-user/arduino-testlib/cli-datadir/user/libraries/DHTlib/dht.cpp: In member function &#39;int8_t dht::_readSensor(uint8_t, uint8_t, uint8_t)&#39;:
/home/ec2-user/arduino-testlib/cli-datadir/data/packages/arduino/hardware/samd/1.8.12/variants/mkrwifi1010/variant.h:49:35: error: invalid conversion from &#39;PortGroup*&#39; to &#39;uint8_t {aka unsigned char}&#39; [-fpermissive]
 #define digitalPinToPort(P)      (&amp;(PORT-&gt;Group[g_APinDescription[P].ulPort]))
                                  ~^~~~~~~~~~~~~~~~~~~~~~~~~~~~~~~~~~~~~~~~~~~~
/home/ec2-user/arduino-testlib/cli-datadir/user/libraries/DHTlib/dht.cpp:216:20: note: in expansion of macro &#39;digitalPinToPort&#39;
     uint8_t port = digitalPinToPort(pin);
                    ^~~~~~~~~~~~~~~~
/home/ec2-user/arduino-testlib/cli-datadir/data/packages/arduino/hardware/samd/1.8.12/variants/mkrwifi1010/variant.h:53:41: error: base operand of &#39;-&gt;&#39; is not a pointer
 #define portInputRegister(port)  (&amp;(port-&gt;IN.reg))
                                         ^
/home/ec2-user/arduino-testlib/cli-datadir/user/libraries/DHTlib/dht.cpp:217:29: note: in expansion of macro &#39;portInputRegister&#39;
     volatile uint8_t *PIR = portInputRegister(port);
                             ^~~~~~~~~~~~~~~~~
Multiple libraries were found for &#34;dht.h&#34;
  Used: /home/ec2-user/arduino-testlib/cli-datadir/user/libraries/DHTlib
  Not used: /home/ec2-user/arduino-testlib/cli-datadir/user/libraries/UncleRus
</pre>
					
					<h4>examples/dht_tuning</h4>
					<p>
						Result: <b>FAIL</b>
					</p>
					<pre class="pre-scrollable">WARNING: library DHTlib claims to run on avr architecture(s) and may be incompatible with your current board which runs on samd architecture(s).
In file included from /home/ec2-user/arduino-testlib/cli-datadir/data/packages/arduino/hardware/samd/1.8.12/cores/arduino/Arduino.h:51:0,
                 from /home/ec2-user/arduino-testlib/cli-datadir/user/libraries/DHTlib/dht.h:15,
                 from /home/ec2-user/arduino-testlib/cli-datadir/user/libraries/DHTlib/dht.cpp:56:
/home/ec2-user/arduino-testlib/cli-datadir/user/libraries/DHTlib/dht.cpp: In member function &#39;int8_t dht::_readSensor(uint8_t, uint8_t, uint8_t)&#39;:
/home/ec2-user/arduino-testlib/cli-datadir/data/packages/arduino/hardware/samd/1.8.12/variants/mkrwifi1010/variant.h:49:35: error: invalid conversion from &#39;PortGroup*&#39; to &#39;uint8_t {aka unsigned char}&#39; [-fpermissive]
 #define digitalPinToPort(P)      (&amp;(PORT-&gt;Group[g_APinDescription[P].ulPort]))
                                  ~^~~~~~~~~~~~~~~~~~~~~~~~~~~~~~~~~~~~~~~~~~~~
/home/ec2-user/arduino-testlib/cli-datadir/user/libraries/DHTlib/dht.cpp:216:20: note: in expansion of macro &#39;digitalPinToPort&#39;
     uint8_t port = digitalPinToPort(pin);
                    ^~~~~~~~~~~~~~~~
/home/ec2-user/arduino-testlib/cli-datadir/data/packages/arduino/hardware/samd/1.8.12/variants/mkrwifi1010/variant.h:53:41: error: base operand of &#39;-&gt;&#39; is not a pointer
 #define portInputRegister(port)  (&amp;(port-&gt;IN.reg))
                                         ^
/home/ec2-user/arduino-testlib/cli-datadir/user/libraries/DHTlib/dht.cpp:217:29: note: in expansion of macro &#39;portInputRegister&#39;
     volatile uint8_t *PIR = portInputRegister(port);
                             ^~~~~~~~~~~~~~~~~
Multiple libraries were found for &#34;dht.h&#34;
  Used: /home/ec2-user/arduino-testlib/cli-datadir/user/libraries/DHTlib
  Not used: /home/ec2-user/arduino-testlib/cli-datadir/user/libraries/UncleRus
</pre>
					
				
				<h3 id="esp32:esp32:d1_mini32">esp32:esp32:d1_mini32 @ 1.0.6</h3>
				<h4>Inclusion</h4>
				<p>
					Result: <b>PASS</b>
					
					<br />This library has no main header file so an empty one was created.
					
				</p>
				<pre class="pre-scrollable">Sketch uses 197736 bytes (15%) of program storage space. Maximum is 1310720 bytes.
Global variables use 13072 bytes (3%) of dynamic memory, leaving 314608 bytes for local variables. Maximum is 327680 bytes.
</pre>

					
					<h4>examples/dht11_test</h4>
					<p>
						Result: <b>FAIL</b>
					</p>
					<pre class="pre-scrollable">/home/ec2-user/arduino-testlib/cli-datadir/user/libraries/DHTlib/examples/dht11_test/dht11_test.ino:10:1: error: &#39;dht&#39; does not name a type
 dht DHT;
 ^
/home/ec2-user/arduino-testlib/cli-datadir/user/libraries/DHTlib/examples/dht11_test/dht11_test.ino: In function &#39;void setup()&#39;:
/home/ec2-user/arduino-testlib/cli-datadir/user/libraries/DHTlib/examples/dht11_test/dht11_test.ino:20:18: error: &#39;DHT_LIB_VERSION&#39; was not declared in this scope
   Serial.println(DHT_LIB_VERSION);
                  ^
/home/ec2-user/arduino-testlib/cli-datadir/user/libraries/DHTlib/examples/dht11_test/dht11_test.ino: In function &#39;void loop()&#39;:
/home/ec2-user/arduino-testlib/cli-datadir/user/libraries/DHTlib/examples/dht11_test/dht11_test.ino:30:13: error: &#39;DHT&#39; was not declared in this scope
   int chk = DHT.read11(DHT11_PIN);
             ^
/home/ec2-user/arduino-testlib/cli-datadir/user/libraries/DHTlib/examples/dht11_test/dht11_test.ino:33:10: error: &#39;DHTLIB_OK&#39; was not declared in this scope
     case DHTLIB_OK:  
          ^
/home/ec2-user/arduino-testlib/cli-datadir/user/libraries/DHTlib/examples/dht11_test/dht11_test.ino:36:10: error: &#39;DHTLIB_ERROR_CHECKSUM&#39; was not declared in this scope
     case DHTLIB_ERROR_CHECKSUM: 
          ^
/home/ec2-user/arduino-testlib/cli-datadir/user/libraries/DHTlib/examples/dht11_test/dht11_test.ino:39:10: error: &#39;DHTLIB_ERROR_TIMEOUT&#39; was not declared in this scope
     case DHTLIB_ERROR_TIMEOUT: 
          ^
/home/ec2-user/arduino-testlib/cli-datadir/user/libraries/DHTlib/examples/dht11_test/dht11_test.ino:42:10: error: &#39;DHTLIB_ERROR_CONNECT&#39; was not declared in this scope
     case DHTLIB_ERROR_CONNECT:
          ^
/home/ec2-user/arduino-testlib/cli-datadir/user/libraries/DHTlib/examples/dht11_test/dht11_test.ino:45:10: error: &#39;DHTLIB_ERROR_ACK_L&#39; was not declared in this scope
     case DHTLIB_ERROR_ACK_L:
          ^
/home/ec2-user/arduino-testlib/cli-datadir/user/libraries/DHTlib/examples/dht11_test/dht11_test.ino:48:10: error: &#39;DHTLIB_ERROR_ACK_H&#39; was not declared in this scope
     case DHTLIB_ERROR_ACK_H:
          ^
Multiple libraries were found for &#34;dht.h&#34;
  Used: /home/ec2-user/arduino-testlib/cli-datadir/user/libraries/UncleRus
  Not used: /home/ec2-user/arduino-testlib/cli-datadir/user/libraries/DHTlib
</pre>
					
					<h4>examples/dht12_test</h4>
					<p>
						Result: <b>FAIL</b>
					</p>
					<pre class="pre-scrollable">/home/ec2-user/arduino-testlib/cli-datadir/user/libraries/DHTlib/examples/dht12_test/dht12_test.ino:10:1: error: &#39;dht&#39; does not name a type
 dht DHT;
 ^
/home/ec2-user/arduino-testlib/cli-datadir/user/libraries/DHTlib/examples/dht12_test/dht12_test.ino: In function &#39;void setup()&#39;:
/home/ec2-user/arduino-testlib/cli-datadir/user/libraries/DHTlib/examples/dht12_test/dht12_test.ino:20:18: error: &#39;DHT_LIB_VERSION&#39; was not declared in this scope
   Serial.println(DHT_LIB_VERSION);
                  ^
/home/ec2-user/arduino-testlib/cli-datadir/user/libraries/DHTlib/examples/dht12_test/dht12_test.ino: In function &#39;void loop()&#39;:
/home/ec2-user/arduino-testlib/cli-datadir/user/libraries/DHTlib/examples/dht12_test/dht12_test.ino:30:13: error: &#39;DHT&#39; was not declared in this scope
   int chk = DHT.read12(DHT12_PIN);
             ^
/home/ec2-user/arduino-testlib/cli-datadir/user/libraries/DHTlib/examples/dht12_test/dht12_test.ino:33:10: error: &#39;DHTLIB_OK&#39; was not declared in this scope
     case DHTLIB_OK:  
          ^
/home/ec2-user/arduino-testlib/cli-datadir/user/libraries/DHTlib/examples/dht12_test/dht12_test.ino:36:10: error: &#39;DHTLIB_ERROR_CHECKSUM&#39; was not declared in this scope
     case DHTLIB_ERROR_CHECKSUM: 
          ^
/home/ec2-user/arduino-testlib/cli-datadir/user/libraries/DHTlib/examples/dht12_test/dht12_test.ino:39:10: error: &#39;DHTLIB_ERROR_TIMEOUT&#39; was not declared in this scope
     case DHTLIB_ERROR_TIMEOUT: 
          ^
Multiple libraries were found for &#34;dht.h&#34;
  Used: /home/ec2-user/arduino-testlib/cli-datadir/user/libraries/UncleRus
  Not used: /home/ec2-user/arduino-testlib/cli-datadir/user/libraries/DHTlib
</pre>
					
					<h4>examples/dht21_test</h4>
					<p>
						Result: <b>FAIL</b>
					</p>
					<pre class="pre-scrollable">/home/ec2-user/arduino-testlib/cli-datadir/user/libraries/DHTlib/examples/dht21_test/dht21_test.ino:10:1: error: &#39;dht&#39; does not name a type
 dht DHT;
 ^
/home/ec2-user/arduino-testlib/cli-datadir/user/libraries/DHTlib/examples/dht21_test/dht21_test.ino: In function &#39;void setup()&#39;:
/home/ec2-user/arduino-testlib/cli-datadir/user/libraries/DHTlib/examples/dht21_test/dht21_test.ino:20:20: error: &#39;DHT_LIB_VERSION&#39; was not declared in this scope
     Serial.println(DHT_LIB_VERSION);
                    ^
/home/ec2-user/arduino-testlib/cli-datadir/user/libraries/DHTlib/examples/dht21_test/dht21_test.ino: In function &#39;void loop()&#39;:
/home/ec2-user/arduino-testlib/cli-datadir/user/libraries/DHTlib/examples/dht21_test/dht21_test.ino:30:15: error: &#39;DHT&#39; was not declared in this scope
     int chk = DHT.read21(DHT21_PIN);
               ^
/home/ec2-user/arduino-testlib/cli-datadir/user/libraries/DHTlib/examples/dht21_test/dht21_test.ino:33:10: error: &#39;DHTLIB_OK&#39; was not declared in this scope
     case DHTLIB_OK:
          ^
/home/ec2-user/arduino-testlib/cli-datadir/user/libraries/DHTlib/examples/dht21_test/dht21_test.ino:36:10: error: &#39;DHTLIB_ERROR_CHECKSUM&#39; was not declared in this scope
     case DHTLIB_ERROR_CHECKSUM:
          ^
/home/ec2-user/arduino-testlib/cli-datadir/user/libraries/DHTlib/examples/dht21_test/dht21_test.ino:39:10: error: &#39;DHTLIB_ERROR_TIMEOUT&#39; was not declared in this scope
     case DHTLIB_ERROR_TIMEOUT:
          ^
/home/ec2-user/arduino-testlib/cli-datadir/user/libraries/DHTlib/examples/dht21_test/dht21_test.ino:42:10: error: &#39;DHTLIB_ERROR_CONNECT&#39; was not declared in this scope
     case DHTLIB_ERROR_CONNECT:
          ^
/home/ec2-user/arduino-testlib/cli-datadir/user/libraries/DHTlib/examples/dht21_test/dht21_test.ino:45:10: error: &#39;DHTLIB_ERROR_ACK_L&#39; was not declared in this scope
     case DHTLIB_ERROR_ACK_L:
          ^
/home/ec2-user/arduino-testlib/cli-datadir/user/libraries/DHTlib/examples/dht21_test/dht21_test.ino:48:10: error: &#39;DHTLIB_ERROR_ACK_H&#39; was not declared in this scope
     case DHTLIB_ERROR_ACK_H:
          ^
Multiple libraries were found for &#34;dht.h&#34;
  Used: /home/ec2-user/arduino-testlib/cli-datadir/user/libraries/UncleRus
  Not used: /home/ec2-user/arduino-testlib/cli-datadir/user/libraries/DHTlib
</pre>
					
					<h4>examples/dht22_in_function</h4>
					<p>
						Result: <b>FAIL</b>
					</p>
					<pre class="pre-scrollable">/home/ec2-user/arduino-testlib/cli-datadir/user/libraries/DHTlib/examples/dht22_in_function/dht22_in_function.ino: In function &#39;void printDHT(uint8_t)&#39;:
/home/ec2-user/arduino-testlib/cli-datadir/user/libraries/DHTlib/examples/dht22_in_function/dht22_in_function.ino:24:3: error: &#39;dht&#39; was not declared in this scope
   dht DHT;
   ^
/home/ec2-user/arduino-testlib/cli-datadir/user/libraries/DHTlib/examples/dht22_in_function/dht22_in_function.ino:26:13: error: &#39;DHT&#39; was not declared in this scope
   int chk = DHT.read22(pin);
             ^
/home/ec2-user/arduino-testlib/cli-datadir/user/libraries/DHTlib/examples/dht22_in_function/dht22_in_function.ino:27:14: error: &#39;DHTLIB_OK&#39; was not declared in this scope
   if (chk == DHTLIB_OK)
              ^
/home/ec2-user/arduino-testlib/cli-datadir/user/libraries/DHTlib/examples/dht22_in_function/dht22_in_function.ino:40:10: error: &#39;DHTLIB_ERROR_CHECKSUM&#39; was not declared in this scope
     case DHTLIB_ERROR_CHECKSUM:
          ^
/home/ec2-user/arduino-testlib/cli-datadir/user/libraries/DHTlib/examples/dht22_in_function/dht22_in_function.ino:43:10: error: &#39;DHTLIB_ERROR_TIMEOUT&#39; was not declared in this scope
     case DHTLIB_ERROR_TIMEOUT:
          ^
/home/ec2-user/arduino-testlib/cli-datadir/user/libraries/DHTlib/examples/dht22_in_function/dht22_in_function.ino:46:10: error: &#39;DHTLIB_ERROR_CONNECT&#39; was not declared in this scope
     case DHTLIB_ERROR_CONNECT:
          ^
/home/ec2-user/arduino-testlib/cli-datadir/user/libraries/DHTlib/examples/dht22_in_function/dht22_in_function.ino:49:10: error: &#39;DHTLIB_ERROR_ACK_L&#39; was not declared in this scope
     case DHTLIB_ERROR_ACK_L:
          ^
/home/ec2-user/arduino-testlib/cli-datadir/user/libraries/DHTlib/examples/dht22_in_function/dht22_in_function.ino:52:10: error: &#39;DHTLIB_ERROR_ACK_H&#39; was not declared in this scope
     case DHTLIB_ERROR_ACK_H:
          ^
Multiple libraries were found for &#34;dht.h&#34;
  Used: /home/ec2-user/arduino-testlib/cli-datadir/user/libraries/UncleRus
  Not used: /home/ec2-user/arduino-testlib/cli-datadir/user/libraries/DHTlib
</pre>
					
					<h4>examples/dht22_test</h4>
					<p>
						Result: <b>FAIL</b>
					</p>
					<pre class="pre-scrollable">/home/ec2-user/arduino-testlib/cli-datadir/user/libraries/DHTlib/examples/dht22_test/dht22_test.ino:10:1: error: &#39;dht&#39; does not name a type
 dht DHT;
 ^
/home/ec2-user/arduino-testlib/cli-datadir/user/libraries/DHTlib/examples/dht22_test/dht22_test.ino: In function &#39;void setup()&#39;:
/home/ec2-user/arduino-testlib/cli-datadir/user/libraries/DHTlib/examples/dht22_test/dht22_test.ino:33:20: error: &#39;DHT_LIB_VERSION&#39; was not declared in this scope
     Serial.println(DHT_LIB_VERSION);
                    ^
/home/ec2-user/arduino-testlib/cli-datadir/user/libraries/DHTlib/examples/dht22_test/dht22_test.ino: In function &#39;void loop()&#39;:
/home/ec2-user/arduino-testlib/cli-datadir/user/libraries/DHTlib/examples/dht22_test/dht22_test.ino:45:15: error: &#39;DHT&#39; was not declared in this scope
     int chk = DHT.read22(DHT22_PIN);
               ^
/home/ec2-user/arduino-testlib/cli-datadir/user/libraries/DHTlib/examples/dht22_test/dht22_test.ino:51:10: error: &#39;DHTLIB_OK&#39; was not declared in this scope
     case DHTLIB_OK:
          ^
/home/ec2-user/arduino-testlib/cli-datadir/user/libraries/DHTlib/examples/dht22_test/dht22_test.ino:55:10: error: &#39;DHTLIB_ERROR_CHECKSUM&#39; was not declared in this scope
     case DHTLIB_ERROR_CHECKSUM:
          ^
/home/ec2-user/arduino-testlib/cli-datadir/user/libraries/DHTlib/examples/dht22_test/dht22_test.ino:59:10: error: &#39;DHTLIB_ERROR_TIMEOUT&#39; was not declared in this scope
     case DHTLIB_ERROR_TIMEOUT:
          ^
/home/ec2-user/arduino-testlib/cli-datadir/user/libraries/DHTlib/examples/dht22_test/dht22_test.ino:63:10: error: &#39;DHTLIB_ERROR_CONNECT&#39; was not declared in this scope
     case DHTLIB_ERROR_CONNECT:
          ^
/home/ec2-user/arduino-testlib/cli-datadir/user/libraries/DHTlib/examples/dht22_test/dht22_test.ino:67:10: error: &#39;DHTLIB_ERROR_ACK_L&#39; was not declared in this scope
     case DHTLIB_ERROR_ACK_L:
          ^
/home/ec2-user/arduino-testlib/cli-datadir/user/libraries/DHTlib/examples/dht22_test/dht22_test.ino:71:10: error: &#39;DHTLIB_ERROR_ACK_H&#39; was not declared in this scope
     case DHTLIB_ERROR_ACK_H:
          ^
Multiple libraries were found for &#34;dht.h&#34;
  Used: /home/ec2-user/arduino-testlib/cli-datadir/user/libraries/UncleRus
  Not used: /home/ec2-user/arduino-testlib/cli-datadir/user/libraries/DHTlib
</pre>
					
					<h4>examples/dht22_test_noIRQ</h4>
					<p>
						Result: <b>FAIL</b>
					</p>
					<pre class="pre-scrollable">/home/ec2-user/arduino-testlib/cli-datadir/user/libraries/DHTlib/examples/dht22_test_noIRQ/dht22_test_noIRQ.ino:10:1: error: &#39;dht&#39; does not name a type
 dht DHT;
 ^
/home/ec2-user/arduino-testlib/cli-datadir/user/libraries/DHTlib/examples/dht22_test_noIRQ/dht22_test_noIRQ.ino: In function &#39;void setup()&#39;:
/home/ec2-user/arduino-testlib/cli-datadir/user/libraries/DHTlib/examples/dht22_test_noIRQ/dht22_test_noIRQ.ino:35:20: error: &#39;DHT_LIB_VERSION&#39; was not declared in this scope
     Serial.println(DHT_LIB_VERSION);
                    ^
/home/ec2-user/arduino-testlib/cli-datadir/user/libraries/DHTlib/examples/dht22_test_noIRQ/dht22_test_noIRQ.ino:39:21: error: &#39;DHT&#39; was not declared in this scope
     Serial.println( DHT.getDisableIRQ() );
                     ^
/home/ec2-user/arduino-testlib/cli-datadir/user/libraries/DHTlib/examples/dht22_test_noIRQ/dht22_test_noIRQ.ino: In function &#39;void loop()&#39;:
/home/ec2-user/arduino-testlib/cli-datadir/user/libraries/DHTlib/examples/dht22_test_noIRQ/dht22_test_noIRQ.ino:54:15: error: &#39;DHT&#39; was not declared in this scope
     int chk = DHT.read22(DHT22_PIN);
               ^
/home/ec2-user/arduino-testlib/cli-datadir/user/libraries/DHTlib/examples/dht22_test_noIRQ/dht22_test_noIRQ.ino:60:10: error: &#39;DHTLIB_OK&#39; was not declared in this scope
     case DHTLIB_OK:
          ^
/home/ec2-user/arduino-testlib/cli-datadir/user/libraries/DHTlib/examples/dht22_test_noIRQ/dht22_test_noIRQ.ino:64:10: error: &#39;DHTLIB_ERROR_CHECKSUM&#39; was not declared in this scope
     case DHTLIB_ERROR_CHECKSUM:
          ^
/home/ec2-user/arduino-testlib/cli-datadir/user/libraries/DHTlib/examples/dht22_test_noIRQ/dht22_test_noIRQ.ino:68:10: error: &#39;DHTLIB_ERROR_TIMEOUT&#39; was not declared in this scope
     case DHTLIB_ERROR_TIMEOUT:
          ^
/home/ec2-user/arduino-testlib/cli-datadir/user/libraries/DHTlib/examples/dht22_test_noIRQ/dht22_test_noIRQ.ino:72:10: error: &#39;DHTLIB_ERROR_CONNECT&#39; was not declared in this scope
     case DHTLIB_ERROR_CONNECT:
          ^
/home/ec2-user/arduino-testlib/cli-datadir/user/libraries/DHTlib/examples/dht22_test_noIRQ/dht22_test_noIRQ.ino:76:10: error: &#39;DHTLIB_ERROR_ACK_L&#39; was not declared in this scope
     case DHTLIB_ERROR_ACK_L:
          ^
/home/ec2-user/arduino-testlib/cli-datadir/user/libraries/DHTlib/examples/dht22_test_noIRQ/dht22_test_noIRQ.ino:80:10: error: &#39;DHTLIB_ERROR_ACK_H&#39; was not declared in this scope
     case DHTLIB_ERROR_ACK_H:
          ^
Multiple libraries were found for &#34;dht.h&#34;
  Used: /home/ec2-user/arduino-testlib/cli-datadir/user/libraries/UncleRus
  Not used: /home/ec2-user/arduino-testlib/cli-datadir/user/libraries/DHTlib
</pre>
					
					<h4>examples/dht33_test</h4>
					<p>
						Result: <b>FAIL</b>
					</p>
					<pre class="pre-scrollable">/home/ec2-user/arduino-testlib/cli-datadir/user/libraries/DHTlib/examples/dht33_test/dht33_test.ino:10:1: error: &#39;dht&#39; does not name a type
 dht DHT;
 ^
/home/ec2-user/arduino-testlib/cli-datadir/user/libraries/DHTlib/examples/dht33_test/dht33_test.ino: In function &#39;void setup()&#39;:
/home/ec2-user/arduino-testlib/cli-datadir/user/libraries/DHTlib/examples/dht33_test/dht33_test.ino:20:20: error: &#39;DHT_LIB_VERSION&#39; was not declared in this scope
     Serial.println(DHT_LIB_VERSION);
                    ^
/home/ec2-user/arduino-testlib/cli-datadir/user/libraries/DHTlib/examples/dht33_test/dht33_test.ino: In function &#39;void loop()&#39;:
/home/ec2-user/arduino-testlib/cli-datadir/user/libraries/DHTlib/examples/dht33_test/dht33_test.ino:32:15: error: &#39;DHT&#39; was not declared in this scope
     int chk = DHT.read33(DHT33_PIN);
               ^
/home/ec2-user/arduino-testlib/cli-datadir/user/libraries/DHTlib/examples/dht33_test/dht33_test.ino:37:10: error: &#39;DHTLIB_OK&#39; was not declared in this scope
     case DHTLIB_OK:
          ^
/home/ec2-user/arduino-testlib/cli-datadir/user/libraries/DHTlib/examples/dht33_test/dht33_test.ino:40:10: error: &#39;DHTLIB_ERROR_CHECKSUM&#39; was not declared in this scope
     case DHTLIB_ERROR_CHECKSUM:
          ^
/home/ec2-user/arduino-testlib/cli-datadir/user/libraries/DHTlib/examples/dht33_test/dht33_test.ino:43:10: error: &#39;DHTLIB_ERROR_TIMEOUT&#39; was not declared in this scope
     case DHTLIB_ERROR_TIMEOUT:
          ^
/home/ec2-user/arduino-testlib/cli-datadir/user/libraries/DHTlib/examples/dht33_test/dht33_test.ino:46:10: error: &#39;DHTLIB_ERROR_CONNECT&#39; was not declared in this scope
     case DHTLIB_ERROR_CONNECT:
          ^
/home/ec2-user/arduino-testlib/cli-datadir/user/libraries/DHTlib/examples/dht33_test/dht33_test.ino:49:10: error: &#39;DHTLIB_ERROR_ACK_L&#39; was not declared in this scope
     case DHTLIB_ERROR_ACK_L:
          ^
/home/ec2-user/arduino-testlib/cli-datadir/user/libraries/DHTlib/examples/dht33_test/dht33_test.ino:52:10: error: &#39;DHTLIB_ERROR_ACK_H&#39; was not declared in this scope
     case DHTLIB_ERROR_ACK_H:
          ^
Multiple libraries were found for &#34;dht.h&#34;
  Used: /home/ec2-user/arduino-testlib/cli-datadir/user/libraries/UncleRus
  Not used: /home/ec2-user/arduino-testlib/cli-datadir/user/libraries/DHTlib
</pre>
					
					<h4>examples/dht44_test</h4>
					<p>
						Result: <b>FAIL</b>
					</p>
					<pre class="pre-scrollable">/home/ec2-user/arduino-testlib/cli-datadir/user/libraries/DHTlib/examples/dht44_test/dht44_test.ino:10:1: error: &#39;dht&#39; does not name a type
 dht DHT;
 ^
/home/ec2-user/arduino-testlib/cli-datadir/user/libraries/DHTlib/examples/dht44_test/dht44_test.ino: In function &#39;void setup()&#39;:
/home/ec2-user/arduino-testlib/cli-datadir/user/libraries/DHTlib/examples/dht44_test/dht44_test.ino:20:20: error: &#39;DHT_LIB_VERSION&#39; was not declared in this scope
     Serial.println(DHT_LIB_VERSION);
                    ^
/home/ec2-user/arduino-testlib/cli-datadir/user/libraries/DHTlib/examples/dht44_test/dht44_test.ino: In function &#39;void loop()&#39;:
/home/ec2-user/arduino-testlib/cli-datadir/user/libraries/DHTlib/examples/dht44_test/dht44_test.ino:32:15: error: &#39;DHT&#39; was not declared in this scope
     int chk = DHT.read44(DHT44_PIN);
               ^
/home/ec2-user/arduino-testlib/cli-datadir/user/libraries/DHTlib/examples/dht44_test/dht44_test.ino:37:10: error: &#39;DHTLIB_OK&#39; was not declared in this scope
     case DHTLIB_OK:
          ^
/home/ec2-user/arduino-testlib/cli-datadir/user/libraries/DHTlib/examples/dht44_test/dht44_test.ino:40:10: error: &#39;DHTLIB_ERROR_CHECKSUM&#39; was not declared in this scope
     case DHTLIB_ERROR_CHECKSUM:
          ^
/home/ec2-user/arduino-testlib/cli-datadir/user/libraries/DHTlib/examples/dht44_test/dht44_test.ino:43:10: error: &#39;DHTLIB_ERROR_TIMEOUT&#39; was not declared in this scope
     case DHTLIB_ERROR_TIMEOUT:
          ^
/home/ec2-user/arduino-testlib/cli-datadir/user/libraries/DHTlib/examples/dht44_test/dht44_test.ino:46:10: error: &#39;DHTLIB_ERROR_CONNECT&#39; was not declared in this scope
     case DHTLIB_ERROR_CONNECT:
          ^
/home/ec2-user/arduino-testlib/cli-datadir/user/libraries/DHTlib/examples/dht44_test/dht44_test.ino:49:10: error: &#39;DHTLIB_ERROR_ACK_L&#39; was not declared in this scope
     case DHTLIB_ERROR_ACK_L:
          ^
/home/ec2-user/arduino-testlib/cli-datadir/user/libraries/DHTlib/examples/dht44_test/dht44_test.ino:52:10: error: &#39;DHTLIB_ERROR_ACK_H&#39; was not declared in this scope
     case DHTLIB_ERROR_ACK_H:
          ^
Multiple libraries were found for &#34;dht.h&#34;
  Used: /home/ec2-user/arduino-testlib/cli-datadir/user/libraries/UncleRus
  Not used: /home/ec2-user/arduino-testlib/cli-datadir/user/libraries/DHTlib
</pre>
					
					<h4>examples/dht_test1</h4>
					<p>
						Result: <b>FAIL</b>
					</p>
					<pre class="pre-scrollable">/home/ec2-user/arduino-testlib/cli-datadir/user/libraries/DHTlib/examples/dht_test1/dht_test1.ino:11:1: error: &#39;dht&#39; does not name a type
 dht DHT;
 ^
/home/ec2-user/arduino-testlib/cli-datadir/user/libraries/DHTlib/examples/dht_test1/dht_test1.ino: In function &#39;void setup()&#39;:
/home/ec2-user/arduino-testlib/cli-datadir/user/libraries/DHTlib/examples/dht_test1/dht_test1.ino:23:18: error: &#39;DHT_LIB_VERSION&#39; was not declared in this scope
   Serial.println(DHT_LIB_VERSION);
                  ^
/home/ec2-user/arduino-testlib/cli-datadir/user/libraries/DHTlib/examples/dht_test1/dht_test1.ino: In function &#39;void loop()&#39;:
/home/ec2-user/arduino-testlib/cli-datadir/user/libraries/DHTlib/examples/dht_test1/dht_test1.ino:33:13: error: &#39;DHT&#39; was not declared in this scope
   int chk = DHT.read22(DHT22_PIN);
             ^
/home/ec2-user/arduino-testlib/cli-datadir/user/libraries/DHTlib/examples/dht_test1/dht_test1.ino:36:10: error: &#39;DHTLIB_OK&#39; was not declared in this scope
     case DHTLIB_OK:  
          ^
/home/ec2-user/arduino-testlib/cli-datadir/user/libraries/DHTlib/examples/dht_test1/dht_test1.ino:39:10: error: &#39;DHTLIB_ERROR_CHECKSUM&#39; was not declared in this scope
     case DHTLIB_ERROR_CHECKSUM: 
          ^
/home/ec2-user/arduino-testlib/cli-datadir/user/libraries/DHTlib/examples/dht_test1/dht_test1.ino:42:10: error: &#39;DHTLIB_ERROR_TIMEOUT&#39; was not declared in this scope
     case DHTLIB_ERROR_TIMEOUT: 
          ^
/home/ec2-user/arduino-testlib/cli-datadir/user/libraries/DHTlib/examples/dht_test1/dht_test1.ino:45:10: error: &#39;DHTLIB_ERROR_CONNECT&#39; was not declared in this scope
     case DHTLIB_ERROR_CONNECT:
          ^
/home/ec2-user/arduino-testlib/cli-datadir/user/libraries/DHTlib/examples/dht_test1/dht_test1.ino:48:10: error: &#39;DHTLIB_ERROR_ACK_L&#39; was not declared in this scope
     case DHTLIB_ERROR_ACK_L:
          ^
/home/ec2-user/arduino-testlib/cli-datadir/user/libraries/DHTlib/examples/dht_test1/dht_test1.ino:51:10: error: &#39;DHTLIB_ERROR_ACK_H&#39; was not declared in this scope
     case DHTLIB_ERROR_ACK_H:
          ^
/home/ec2-user/arduino-testlib/cli-datadir/user/libraries/DHTlib/examples/dht_test1/dht_test1.ino:70:10: error: &#39;DHTLIB_OK&#39; was not declared in this scope
     case DHTLIB_OK:  
          ^
/home/ec2-user/arduino-testlib/cli-datadir/user/libraries/DHTlib/examples/dht_test1/dht_test1.ino:73:10: error: &#39;DHTLIB_ERROR_CHECKSUM&#39; was not declared in this scope
     case DHTLIB_ERROR_CHECKSUM: 
          ^
/home/ec2-user/arduino-testlib/cli-datadir/user/libraries/DHTlib/examples/dht_test1/dht_test1.ino:76:10: error: &#39;DHTLIB_ERROR_TIMEOUT&#39; was not declared in this scope
     case DHTLIB_ERROR_TIMEOUT: 
          ^
/home/ec2-user/arduino-testlib/cli-datadir/user/libraries/DHTlib/examples/dht_test1/dht_test1.ino:79:10: error: &#39;DHTLIB_ERROR_CONNECT&#39; was not declared in this scope
     case DHTLIB_ERROR_CONNECT:
          ^
/home/ec2-user/arduino-testlib/cli-datadir/user/libraries/DHTlib/examples/dht_test1/dht_test1.ino:82:10: error: &#39;DHTLIB_ERROR_ACK_L&#39; was not declared in this scope
     case DHTLIB_ERROR_ACK_L:
          ^
/home/ec2-user/arduino-testlib/cli-datadir/user/libraries/DHTlib/examples/dht_test1/dht_test1.ino:85:10: error: &#39;DHTLIB_ERROR_ACK_H&#39; was not declared in this scope
     case DHTLIB_ERROR_ACK_H:
          ^
/home/ec2-user/arduino-testlib/cli-datadir/user/libraries/DHTlib/examples/dht_test1/dht_test1.ino:104:10: error: &#39;DHTLIB_OK&#39; was not declared in this scope
     case DHTLIB_OK:  
          ^
/home/ec2-user/arduino-testlib/cli-datadir/user/libraries/DHTlib/examples/dht_test1/dht_test1.ino:107:10: error: &#39;DHTLIB_ERROR_CHECKSUM&#39; was not declared in this scope
     case DHTLIB_ERROR_CHECKSUM: 
          ^
/home/ec2-user/arduino-testlib/cli-datadir/user/libraries/DHTlib/examples/dht_test1/dht_test1.ino:110:10: error: &#39;DHTLIB_ERROR_TIMEOUT&#39; was not declared in this scope
     case DHTLIB_ERROR_TIMEOUT: 
          ^
/home/ec2-user/arduino-testlib/cli-datadir/user/libraries/DHTlib/examples/dht_test1/dht_test1.ino:113:10: error: &#39;DHTLIB_ERROR_CONNECT&#39; was not declared in this scope
     case DHTLIB_ERROR_CONNECT:
          ^
/home/ec2-user/arduino-testlib/cli-datadir/user/libraries/DHTlib/examples/dht_test1/dht_test1.ino:116:10: error: &#39;DHTLIB_ERROR_ACK_L&#39; was not declared in this scope
     case DHTLIB_ERROR_ACK_L:
          ^
/home/ec2-user/arduino-testlib/cli-datadir/user/libraries/DHTlib/examples/dht_test1/dht_test1.ino:119:10: error: &#39;DHTLIB_ERROR_ACK_H&#39; was not declared in this scope
     case DHTLIB_ERROR_ACK_H:
          ^
Multiple libraries were found for &#34;dht.h&#34;
  Used: /home/ec2-user/arduino-testlib/cli-datadir/user/libraries/UncleRus
  Not used: /home/ec2-user/arduino-testlib/cli-datadir/user/libraries/DHTlib
</pre>
					
					<h4>examples/dht_tuning</h4>
					<p>
						Result: <b>FAIL</b>
					</p>
					<pre class="pre-scrollable">/home/ec2-user/arduino-testlib/cli-datadir/user/libraries/DHTlib/examples/dht_tuning/dht_tuning.ino:10:1: error: &#39;dht&#39; does not name a type
 dht DHT;
 ^
/home/ec2-user/arduino-testlib/cli-datadir/user/libraries/DHTlib/examples/dht_tuning/dht_tuning.ino: In function &#39;void setup()&#39;:
/home/ec2-user/arduino-testlib/cli-datadir/user/libraries/DHTlib/examples/dht_tuning/dht_tuning.ino:28:18: error: &#39;DHT_LIB_VERSION&#39; was not declared in this scope
   Serial.println(DHT_LIB_VERSION);
                  ^
/home/ec2-user/arduino-testlib/cli-datadir/user/libraries/DHTlib/examples/dht_tuning/dht_tuning.ino: In function &#39;void loop()&#39;:
/home/ec2-user/arduino-testlib/cli-datadir/user/libraries/DHTlib/examples/dht_tuning/dht_tuning.ino:41:15: error: &#39;DHT&#39; was not declared in this scope
     int chk = DHT.read22(DHT22_PIN);
               ^
/home/ec2-user/arduino-testlib/cli-datadir/user/libraries/DHTlib/examples/dht_tuning/dht_tuning.ino:46:10: error: &#39;DHTLIB_OK&#39; was not declared in this scope
     case DHTLIB_OK:
          ^
/home/ec2-user/arduino-testlib/cli-datadir/user/libraries/DHTlib/examples/dht_tuning/dht_tuning.ino:50:10: error: &#39;DHTLIB_ERROR_CHECKSUM&#39; was not declared in this scope
     case DHTLIB_ERROR_CHECKSUM:
          ^
/home/ec2-user/arduino-testlib/cli-datadir/user/libraries/DHTlib/examples/dht_tuning/dht_tuning.ino:53:10: error: &#39;DHTLIB_ERROR_TIMEOUT&#39; was not declared in this scope
     case DHTLIB_ERROR_TIMEOUT:
          ^
/home/ec2-user/arduino-testlib/cli-datadir/user/libraries/DHTlib/examples/dht_tuning/dht_tuning.ino:57:10: error: &#39;DHTLIB_ERROR_CONNECT&#39; was not declared in this scope
     case DHTLIB_ERROR_CONNECT:
          ^
/home/ec2-user/arduino-testlib/cli-datadir/user/libraries/DHTlib/examples/dht_tuning/dht_tuning.ino:60:10: error: &#39;DHTLIB_ERROR_ACK_L&#39; was not declared in this scope
     case DHTLIB_ERROR_ACK_L:
          ^
/home/ec2-user/arduino-testlib/cli-datadir/user/libraries/DHTlib/examples/dht_tuning/dht_tuning.ino:63:10: error: &#39;DHTLIB_ERROR_ACK_H&#39; was not declared in this scope
     case DHTLIB_ERROR_ACK_H:
          ^
Multiple libraries were found for &#34;dht.h&#34;
  Used: /home/ec2-user/arduino-testlib/cli-datadir/user/libraries/UncleRus
  Not used: /home/ec2-user/arduino-testlib/cli-datadir/user/libraries/DHTlib
</pre>
					
				
			</div>
		</div>
	</div>
  </body>
</html>
