
<!doctype html>
<html lang="en">
  <head>
    <meta charset="utf-8">
    <meta name="viewport" content="width=device-width, initial-scale=1">
    <link href="https://cdn.jsdelivr.net/npm/bootstrap@5.0.2/dist/css/bootstrap.min.css" rel="stylesheet" integrity="sha384-EVSTQN3/azprG1Anm3QDgpJLIm9Nao0Yz1ztcQTwFspd3yD65VohhpuuCOmLASjC" crossorigin="anonymous">
    <title>arduino-testlib report</title>
	<style>
	.pass { background-color: #00FF00 !important; }
	.fail { background-color: #FF0000 !important; }
	</style>
  </head>
  <body>
	<div class="container">
		<div class="row">
			<div class="col">
				<h1>DigitalIO - compatibility matrix</h1>
				<p>
					<small>This report was generated on Wednesday, 23-Feb-22 22:48:15 CET using 
					<a href="https://github.com/alranel/arduino-testlib">arduino-testlib</a>.</small>
				</p>

				<h2>DigitalIO</h2>
				<p>
					Version: <b>1.0.0</b>
					<br />
					<a href="https://www.arduino.cc/reference/en/libraries/digitalio/">More details</a>
				</p>

				<h2>Compatibility matrix</h2>
				<table class="table table-bordered">
					<tr>
						<th>Board</th>
						<th>Claims compatibility</th>
						<th>Inclusion</th>
						
						<th><pre>testSoftSPI</pre></th>
						
						<th><pre>GpioPinMap</pre></th>
						
						<th><pre>PinIOConfigToggle</pre></th>
						
						<th><pre>testFastDigital</pre></th>
						
						<th><pre>testPinIO</pre></th>
						
						<th><pre>DigitalPinConfigToggle</pre></th>
						
						<th><pre>DigitalPinShiftOut</pre></th>
						
						<th><pre>testArduino</pre></th>
						
						<th><pre>DigitalPinBlink</pre></th>
						
						<th><pre>PinIOBegin</pre></th>
						
						<th><pre>PinIOReadWrite</pre></th>
						
						<th><pre>ScanI2cBus</pre></th>
						
						<th><pre>SoftDS1307Utility</pre></th>
						
						<th><pre>testDigitalPin</pre></th>
						
						<th><pre>DigitalPinReadWrite</pre></th>
						
					</tr>
					
					<tr>
						<td>
							<a href="#arduino%3aavr%3auno"><b>arduino:avr:uno</b></a>
							<br />
							<small>1.8.4</small>
						</td>

						
							<td>Yes</td>
							<td class="pass">PASS</td>
						
						
						
						

						
							
								
									
										
									
										
									
										
									
										
									
										
									
										
									
										
									
										
									
										
									
										
									
										
									
										
									
										
									
										
									
										
											<td class="pass">PASS</td>
											
										
									
								
							
								
							
								
							
								
							
								
							
						
							
								
									
										
									
										
									
										
									
										
									
										
											<td class="pass">PASS</td>
											
										
									
										
									
										
									
										
									
										
									
										
									
										
									
										
									
										
									
										
									
										
									
								
							
								
							
								
							
								
							
								
							
						
							
								
									
										
									
										
									
										
									
										
									
										
									
										
									
										
											<td class="pass">PASS</td>
											
										
									
										
									
										
									
										
									
										
									
										
									
										
									
										
									
										
									
								
							
								
							
								
							
								
							
								
							
						
							
								
									
										
									
										
									
										
									
										
									
										
									
										
									
										
									
										
									
										
									
										
									
										
									
										
									
										
											<td class="pass">PASS</td>
											
										
									
										
									
										
									
								
							
								
							
								
							
								
							
								
							
						
							
								
									
										
									
										
									
										
									
										
									
										
									
										
									
										
									
										
									
										
									
										
									
										
									
										
									
										
									
										
											<td class="pass">PASS</td>
											
										
									
										
									
								
							
								
							
								
							
								
							
								
							
						
							
								
									
										
									
										
											<td class="pass">PASS</td>
											
										
									
										
									
										
									
										
									
										
									
										
									
										
									
										
									
										
									
										
									
										
									
										
									
										
									
										
									
								
							
								
							
								
							
								
							
								
							
						
							
								
									
										
									
										
									
										
									
										
											<td class="pass">PASS</td>
											
										
									
										
									
										
									
										
									
										
									
										
									
										
									
										
									
										
									
										
									
										
									
										
									
								
							
								
							
								
							
								
							
								
							
						
							
								
									
										
									
										
									
										
									
										
									
										
									
										
									
										
									
										
									
										
									
										
									
										
											<td class="pass">PASS</td>
											
										
									
										
									
										
									
										
									
										
									
								
							
								
							
								
							
								
							
								
							
						
							
								
									
										
											<td class="pass">PASS</td>
											
										
									
										
									
										
									
										
									
										
									
										
									
										
									
										
									
										
									
										
									
										
									
										
									
										
									
										
									
										
									
								
							
								
							
								
							
								
							
								
							
						
							
								
									
										
									
										
									
										
									
										
									
										
									
										
											<td class="pass">PASS</td>
											
										
									
										
									
										
									
										
									
										
									
										
									
										
									
										
									
										
									
										
									
								
							
								
							
								
							
								
							
								
							
						
							
								
									
										
									
										
									
										
									
										
									
										
									
										
									
										
									
										
											<td class="pass">PASS</td>
											
										
									
										
									
										
									
										
									
										
									
										
									
										
									
										
									
								
							
								
							
								
							
								
							
								
							
						
							
								
									
										
									
										
									
										
									
										
									
										
									
										
									
										
									
										
									
										
											<td class="pass">PASS</td>
											
										
									
										
									
										
									
										
									
										
									
										
									
										
									
								
							
								
							
								
							
								
							
								
							
						
							
								
									
										
									
										
									
										
									
										
									
										
									
										
									
										
									
										
									
										
									
										
											<td class="pass">PASS</td>
											
										
									
										
									
										
									
										
									
										
									
										
									
								
							
								
							
								
							
								
							
								
							
						
							
								
									
										
									
										
									
										
									
										
									
										
									
										
									
										
									
										
									
										
									
										
									
										
									
										
											<td class="pass">PASS</td>
											
										
									
										
									
										
									
										
									
								
							
								
							
								
							
								
							
								
							
						
							
								
									
										
									
										
									
										
											<td class="pass">PASS</td>
											
										
									
										
									
										
									
										
									
										
									
										
									
										
									
										
									
										
									
										
									
										
									
										
									
										
									
								
							
								
							
								
							
								
							
								
							
						
					</tr>
					
					<tr>
						<td>
							<a href="#arduino%3ambed_nano%3ananorp2040connect"><b>arduino:mbed_nano:nanorp2040connect</b></a>
							<br />
							<small>2.7.2</small>
						</td>

						
						
						
							<td>Yes ⚠️</td>
							<td class="fail">FAIL</td>
						
						

						
							
								
							
								
									
										
									
										
									
										
									
										
									
										
									
										
									
										
									
										
									
										
									
										
									
										
									
										
									
										
									
										
									
										
											
											<td class="fail">FAIL</td>
										
									
								
							
								
							
								
							
								
							
						
							
								
							
								
									
										
									
										
									
										
									
										
									
										
											
											<td class="fail">FAIL</td>
										
									
										
									
										
									
										
									
										
									
										
									
										
									
										
									
										
									
										
									
										
									
								
							
								
							
								
							
								
							
						
							
								
							
								
									
										
									
										
									
										
									
										
									
										
									
										
									
										
											
											<td class="fail">FAIL</td>
										
									
										
									
										
									
										
									
										
									
										
									
										
									
										
									
										
									
								
							
								
							
								
							
								
							
						
							
								
							
								
									
										
									
										
									
										
									
										
									
										
									
										
									
										
									
										
									
										
									
										
									
										
									
										
									
										
											
											<td class="fail">FAIL</td>
										
									
										
									
										
									
								
							
								
							
								
							
								
							
						
							
								
							
								
									
										
									
										
									
										
									
										
									
										
									
										
									
										
									
										
									
										
									
										
									
										
									
										
									
										
									
										
											
											<td class="fail">FAIL</td>
										
									
										
									
								
							
								
							
								
							
								
							
						
							
								
							
								
									
										
									
										
											
											<td class="fail">FAIL</td>
										
									
										
									
										
									
										
									
										
									
										
									
										
									
										
									
										
									
										
									
										
									
										
									
										
									
										
									
								
							
								
							
								
							
								
							
						
							
								
							
								
									
										
									
										
									
										
									
										
											
											<td class="fail">FAIL</td>
										
									
										
									
										
									
										
									
										
									
										
									
										
									
										
									
										
									
										
									
										
									
										
									
								
							
								
							
								
							
								
							
						
							
								
							
								
									
										
									
										
									
										
									
										
									
										
									
										
									
										
									
										
									
										
									
										
									
										
											<td class="pass">PASS</td>
											
										
									
										
									
										
									
										
									
										
									
								
							
								
							
								
							
								
							
						
							
								
							
								
									
										
											
											<td class="fail">FAIL</td>
										
									
										
									
										
									
										
									
										
									
										
									
										
									
										
									
										
									
										
									
										
									
										
									
										
									
										
									
										
									
								
							
								
							
								
							
								
							
						
							
								
							
								
									
										
									
										
									
										
									
										
									
										
									
										
											
											<td class="fail">FAIL</td>
										
									
										
									
										
									
										
									
										
									
										
									
										
									
										
									
										
									
										
									
								
							
								
							
								
							
								
							
						
							
								
							
								
									
										
									
										
									
										
									
										
									
										
									
										
									
										
									
										
											
											<td class="fail">FAIL</td>
										
									
										
									
										
									
										
									
										
									
										
									
										
									
										
									
								
							
								
							
								
							
								
							
						
							
								
							
								
									
										
									
										
									
										
									
										
									
										
									
										
									
										
									
										
									
										
											
											<td class="fail">FAIL</td>
										
									
										
									
										
									
										
									
										
									
										
									
										
									
								
							
								
							
								
							
								
							
						
							
								
							
								
									
										
									
										
									
										
									
										
									
										
									
										
									
										
									
										
									
										
									
										
											
											<td class="fail">FAIL</td>
										
									
										
									
										
									
										
									
										
									
										
									
								
							
								
							
								
							
								
							
						
							
								
							
								
									
										
									
										
									
										
									
										
									
										
									
										
									
										
									
										
									
										
									
										
									
										
									
										
											
											<td class="fail">FAIL</td>
										
									
										
									
										
									
										
									
								
							
								
							
								
							
								
							
						
							
								
							
								
									
										
									
										
									
										
											
											<td class="fail">FAIL</td>
										
									
										
									
										
									
										
									
										
									
										
									
										
									
										
									
										
									
										
									
										
									
										
									
										
									
								
							
								
							
								
							
								
							
						
					</tr>
					
					<tr>
						<td>
							<a href="#arduino%3amegaavr%3anona4809"><b>arduino:megaavr:nona4809</b></a>
							<br />
							<small>1.8.7</small>
						</td>

						
						
						
							<td>Yes ⚠️</td>
							<td class="fail">FAIL</td>
						
						

						
							
								
							
								
							
								
									
										
									
										
									
										
									
										
									
										
									
										
									
										
									
										
									
										
									
										
									
										
									
										
									
										
									
										
									
										
											
											<td class="fail">FAIL</td>
										
									
								
							
								
							
								
							
						
							
								
							
								
							
								
									
										
									
										
									
										
									
										
									
										
											<td class="pass">PASS</td>
											
										
									
										
									
										
									
										
									
										
									
										
									
										
									
										
									
										
									
										
									
										
									
								
							
								
							
								
							
						
							
								
							
								
							
								
									
										
									
										
									
										
									
										
									
										
									
										
									
										
											
											<td class="fail">FAIL</td>
										
									
										
									
										
									
										
									
										
									
										
									
										
									
										
									
										
									
								
							
								
							
								
							
						
							
								
							
								
							
								
									
										
									
										
									
										
									
										
									
										
									
										
									
										
									
										
									
										
									
										
									
										
									
										
									
										
											
											<td class="fail">FAIL</td>
										
									
										
									
										
									
								
							
								
							
								
							
						
							
								
							
								
							
								
									
										
									
										
									
										
									
										
									
										
									
										
									
										
									
										
									
										
									
										
									
										
									
										
									
										
									
										
											
											<td class="fail">FAIL</td>
										
									
										
									
								
							
								
							
								
							
						
							
								
							
								
							
								
									
										
									
										
											
											<td class="fail">FAIL</td>
										
									
										
									
										
									
										
									
										
									
										
									
										
									
										
									
										
									
										
									
										
									
										
									
										
									
										
									
								
							
								
							
								
							
						
							
								
							
								
							
								
									
										
									
										
									
										
									
										
											
											<td class="fail">FAIL</td>
										
									
										
									
										
									
										
									
										
									
										
									
										
									
										
									
										
									
										
									
										
									
										
									
								
							
								
							
								
							
						
							
								
							
								
							
								
									
										
									
										
									
										
									
										
									
										
									
										
									
										
									
										
									
										
									
										
									
										
											<td class="pass">PASS</td>
											
										
									
										
									
										
									
										
									
										
									
								
							
								
							
								
							
						
							
								
							
								
							
								
									
										
											
											<td class="fail">FAIL</td>
										
									
										
									
										
									
										
									
										
									
										
									
										
									
										
									
										
									
										
									
										
									
										
									
										
									
										
									
										
									
								
							
								
							
								
							
						
							
								
							
								
							
								
									
										
									
										
									
										
									
										
									
										
									
										
											
											<td class="fail">FAIL</td>
										
									
										
									
										
									
										
									
										
									
										
									
										
									
										
									
										
									
										
									
								
							
								
							
								
							
						
							
								
							
								
							
								
									
										
									
										
									
										
									
										
									
										
									
										
									
										
									
										
											
											<td class="fail">FAIL</td>
										
									
										
									
										
									
										
									
										
									
										
									
										
									
										
									
								
							
								
							
								
							
						
							
								
							
								
							
								
									
										
									
										
									
										
									
										
									
										
									
										
									
										
									
										
									
										
											
											<td class="fail">FAIL</td>
										
									
										
									
										
									
										
									
										
									
										
									
										
									
								
							
								
							
								
							
						
							
								
							
								
							
								
									
										
									
										
									
										
									
										
									
										
									
										
									
										
									
										
									
										
									
										
											
											<td class="fail">FAIL</td>
										
									
										
									
										
									
										
									
										
									
										
									
								
							
								
							
								
							
						
							
								
							
								
							
								
									
										
									
										
									
										
									
										
									
										
									
										
									
										
									
										
									
										
									
										
									
										
									
										
											
											<td class="fail">FAIL</td>
										
									
										
									
										
									
										
									
								
							
								
							
								
							
						
							
								
							
								
							
								
									
										
									
										
									
										
											
											<td class="fail">FAIL</td>
										
									
										
									
										
									
										
									
										
									
										
									
										
									
										
									
										
									
										
									
										
									
										
									
										
									
								
							
								
							
								
							
						
					</tr>
					
					<tr>
						<td>
							<a href="#arduino%3asamd%3amkrwifi1010"><b>arduino:samd:mkrwifi1010</b></a>
							<br />
							<small>1.8.12</small>
						</td>

						
						
						
							<td>Yes ⚠️</td>
							<td class="fail">FAIL</td>
						
						

						
							
								
							
								
							
								
							
								
									
										
									
										
									
										
									
										
									
										
									
										
									
										
									
										
									
										
									
										
									
										
									
										
									
										
									
										
									
										
											
											<td class="fail">FAIL</td>
										
									
								
							
								
							
						
							
								
							
								
							
								
							
								
									
										
									
										
									
										
									
										
									
										
											
											<td class="fail">FAIL</td>
										
									
										
									
										
									
										
									
										
									
										
									
										
									
										
									
										
									
										
									
										
									
								
							
								
							
						
							
								
							
								
							
								
							
								
									
										
									
										
									
										
									
										
									
										
									
										
									
										
											
											<td class="fail">FAIL</td>
										
									
										
									
										
									
										
									
										
									
										
									
										
									
										
									
										
									
								
							
								
							
						
							
								
							
								
							
								
							
								
									
										
									
										
									
										
									
										
									
										
									
										
									
										
									
										
									
										
									
										
									
										
									
										
									
										
											
											<td class="fail">FAIL</td>
										
									
										
									
										
									
								
							
								
							
						
							
								
							
								
							
								
							
								
									
										
									
										
									
										
									
										
									
										
									
										
									
										
									
										
									
										
									
										
									
										
									
										
									
										
									
										
											
											<td class="fail">FAIL</td>
										
									
										
									
								
							
								
							
						
							
								
							
								
							
								
							
								
									
										
									
										
											
											<td class="fail">FAIL</td>
										
									
										
									
										
									
										
									
										
									
										
									
										
									
										
									
										
									
										
									
										
									
										
									
										
									
										
									
								
							
								
							
						
							
								
							
								
							
								
							
								
									
										
									
										
									
										
									
										
											
											<td class="fail">FAIL</td>
										
									
										
									
										
									
										
									
										
									
										
									
										
									
										
									
										
									
										
									
										
									
										
									
								
							
								
							
						
							
								
							
								
							
								
							
								
									
										
									
										
									
										
									
										
									
										
									
										
									
										
									
										
									
										
									
										
									
										
											<td class="pass">PASS</td>
											
										
									
										
									
										
									
										
									
										
									
								
							
								
							
						
							
								
							
								
							
								
							
								
									
										
											
											<td class="fail">FAIL</td>
										
									
										
									
										
									
										
									
										
									
										
									
										
									
										
									
										
									
										
									
										
									
										
									
										
									
										
									
										
									
								
							
								
							
						
							
								
							
								
							
								
							
								
									
										
									
										
									
										
									
										
									
										
									
										
											
											<td class="fail">FAIL</td>
										
									
										
									
										
									
										
									
										
									
										
									
										
									
										
									
										
									
										
									
								
							
								
							
						
							
								
							
								
							
								
							
								
									
										
									
										
									
										
									
										
									
										
									
										
									
										
									
										
											
											<td class="fail">FAIL</td>
										
									
										
									
										
									
										
									
										
									
										
									
										
									
										
									
								
							
								
							
						
							
								
							
								
							
								
							
								
									
										
									
										
									
										
									
										
									
										
									
										
									
										
									
										
									
										
											
											<td class="fail">FAIL</td>
										
									
										
									
										
									
										
									
										
									
										
									
										
									
								
							
								
							
						
							
								
							
								
							
								
							
								
									
										
									
										
									
										
									
										
									
										
									
										
									
										
									
										
									
										
									
										
											
											<td class="fail">FAIL</td>
										
									
										
									
										
									
										
									
										
									
										
									
								
							
								
							
						
							
								
							
								
							
								
							
								
									
										
									
										
									
										
									
										
									
										
									
										
									
										
									
										
									
										
									
										
									
										
									
										
											
											<td class="fail">FAIL</td>
										
									
										
									
										
									
										
									
								
							
								
							
						
							
								
							
								
							
								
							
								
									
										
									
										
									
										
											
											<td class="fail">FAIL</td>
										
									
										
									
										
									
										
									
										
									
										
									
										
									
										
									
										
									
										
									
										
									
										
									
										
									
								
							
								
							
						
					</tr>
					
					<tr>
						<td>
							<a href="#esp32%3aesp32%3ad1_mini32"><b>esp32:esp32:d1_mini32</b></a>
							<br />
							<small>1.0.6</small>
						</td>

						
						
						
							<td>Yes ⚠️</td>
							<td class="fail">FAIL</td>
						
						

						
							
								
							
								
							
								
							
								
							
								
									
										
									
										
									
										
									
										
									
										
									
										
									
										
									
										
									
										
									
										
									
										
									
										
									
										
									
										
									
										
											
											<td class="fail">FAIL</td>
										
									
								
							
						
							
								
							
								
							
								
							
								
							
								
									
										
									
										
									
										
									
										
									
										
											<td class="pass">PASS</td>
											
										
									
										
									
										
									
										
									
										
									
										
									
										
									
										
									
										
									
										
									
										
									
								
							
						
							
								
							
								
							
								
							
								
							
								
									
										
									
										
									
										
									
										
									
										
									
										
									
										
											
											<td class="fail">FAIL</td>
										
									
										
									
										
									
										
									
										
									
										
									
										
									
										
									
										
									
								
							
						
							
								
							
								
							
								
							
								
							
								
									
										
									
										
									
										
									
										
									
										
									
										
									
										
									
										
									
										
									
										
									
										
									
										
									
										
											
											<td class="fail">FAIL</td>
										
									
										
									
										
									
								
							
						
							
								
							
								
							
								
							
								
							
								
									
										
									
										
									
										
									
										
									
										
									
										
									
										
									
										
									
										
									
										
									
										
									
										
									
										
									
										
											
											<td class="fail">FAIL</td>
										
									
										
									
								
							
						
							
								
							
								
							
								
							
								
							
								
									
										
									
										
											
											<td class="fail">FAIL</td>
										
									
										
									
										
									
										
									
										
									
										
									
										
									
										
									
										
									
										
									
										
									
										
									
										
									
										
									
								
							
						
							
								
							
								
							
								
							
								
							
								
									
										
									
										
									
										
									
										
											
											<td class="fail">FAIL</td>
										
									
										
									
										
									
										
									
										
									
										
									
										
									
										
									
										
									
										
									
										
									
										
									
								
							
						
							
								
							
								
							
								
							
								
							
								
									
										
									
										
									
										
									
										
									
										
									
										
									
										
									
										
									
										
									
										
									
										
											<td class="pass">PASS</td>
											
										
									
										
									
										
									
										
									
										
									
								
							
						
							
								
							
								
							
								
							
								
							
								
									
										
											
											<td class="fail">FAIL</td>
										
									
										
									
										
									
										
									
										
									
										
									
										
									
										
									
										
									
										
									
										
									
										
									
										
									
										
									
										
									
								
							
						
							
								
							
								
							
								
							
								
							
								
									
										
									
										
									
										
									
										
									
										
									
										
											
											<td class="fail">FAIL</td>
										
									
										
									
										
									
										
									
										
									
										
									
										
									
										
									
										
									
										
									
								
							
						
							
								
							
								
							
								
							
								
							
								
									
										
									
										
									
										
									
										
									
										
									
										
									
										
									
										
											
											<td class="fail">FAIL</td>
										
									
										
									
										
									
										
									
										
									
										
									
										
									
										
									
								
							
						
							
								
							
								
							
								
							
								
							
								
									
										
									
										
									
										
									
										
									
										
									
										
									
										
									
										
									
										
											
											<td class="fail">FAIL</td>
										
									
										
									
										
									
										
									
										
									
										
									
										
									
								
							
						
							
								
							
								
							
								
							
								
							
								
									
										
									
										
									
										
									
										
									
										
									
										
									
										
									
										
									
										
									
										
											
											<td class="fail">FAIL</td>
										
									
										
									
										
									
										
									
										
									
										
									
								
							
						
							
								
							
								
							
								
							
								
							
								
									
										
									
										
									
										
									
										
									
										
									
										
									
										
									
										
									
										
									
										
									
										
									
										
											
											<td class="fail">FAIL</td>
										
									
										
									
										
									
										
									
								
							
						
							
								
							
								
							
								
							
								
							
								
									
										
									
										
									
										
											
											<td class="fail">FAIL</td>
										
									
										
									
										
									
										
									
										
									
										
									
										
									
										
									
										
									
										
									
										
									
										
									
										
									
								
							
						
					</tr>
					
				</table>

				<h2>Compilation logs</h2>
				
				<h3 id="arduino:avr:uno">arduino:avr:uno @ 1.8.4</h3>
				<h4>Inclusion</h4>
				<p>
					Result: <b>PASS</b>
					
				</p>
				<pre class="pre-scrollable">Sketch uses 444 bytes (1%) of program storage space. Maximum is 32256 bytes.
Global variables use 9 bytes (0%) of dynamic memory, leaving 2039 bytes for local variables. Maximum is 2048 bytes.
</pre>

					
					<h4>examples/DigitalPinBlink</h4>
					<p>
						Result: <b>PASS</b>
					</p>
					<pre class="pre-scrollable">Sketch uses 594 bytes (1%) of program storage space. Maximum is 32256 bytes.
Global variables use 9 bytes (0%) of dynamic memory, leaving 2039 bytes for local variables. Maximum is 2048 bytes.
</pre>
					
					<h4>examples/DigitalPinConfigToggle</h4>
					<p>
						Result: <b>PASS</b>
					</p>
					<pre class="pre-scrollable">Sketch uses 650 bytes (2%) of program storage space. Maximum is 32256 bytes.
Global variables use 9 bytes (0%) of dynamic memory, leaving 2039 bytes for local variables. Maximum is 2048 bytes.
</pre>
					
					<h4>examples/DigitalPinReadWrite</h4>
					<p>
						Result: <b>PASS</b>
					</p>
					<pre class="pre-scrollable">Sketch uses 460 bytes (1%) of program storage space. Maximum is 32256 bytes.
Global variables use 9 bytes (0%) of dynamic memory, leaving 2039 bytes for local variables. Maximum is 2048 bytes.
</pre>
					
					<h4>examples/DigitalPinShiftOut</h4>
					<p>
						Result: <b>PASS</b>
					</p>
					<pre class="pre-scrollable">Sketch uses 646 bytes (2%) of program storage space. Maximum is 32256 bytes.
Global variables use 9 bytes (0%) of dynamic memory, leaving 2039 bytes for local variables. Maximum is 2048 bytes.
</pre>
					
					<h4>examples/GpioPinMap</h4>
					<p>
						Result: <b>PASS</b>
					</p>
					<pre class="pre-scrollable">Sketch uses 2134 bytes (6%) of program storage space. Maximum is 32256 bytes.
Global variables use 346 bytes (16%) of dynamic memory, leaving 1702 bytes for local variables. Maximum is 2048 bytes.
</pre>
					
					<h4>examples/PinIOBegin</h4>
					<p>
						Result: <b>PASS</b>
					</p>
					<pre class="pre-scrollable">Sketch uses 792 bytes (2%) of program storage space. Maximum is 32256 bytes.
Global variables use 21 bytes (1%) of dynamic memory, leaving 2027 bytes for local variables. Maximum is 2048 bytes.
</pre>
					
					<h4>examples/PinIOConfigToggle</h4>
					<p>
						Result: <b>PASS</b>
					</p>
					<pre class="pre-scrollable">Sketch uses 858 bytes (2%) of program storage space. Maximum is 32256 bytes.
Global variables use 15 bytes (0%) of dynamic memory, leaving 2033 bytes for local variables. Maximum is 2048 bytes.
</pre>
					
					<h4>examples/PinIOReadWrite</h4>
					<p>
						Result: <b>PASS</b>
					</p>
					<pre class="pre-scrollable">Sketch uses 782 bytes (2%) of program storage space. Maximum is 32256 bytes.
Global variables use 21 bytes (1%) of dynamic memory, leaving 2027 bytes for local variables. Maximum is 2048 bytes.
</pre>
					
					<h4>examples/ScanI2cBus</h4>
					<p>
						Result: <b>PASS</b>
					</p>
					<pre class="pre-scrollable">Sketch uses 3196 bytes (9%) of program storage space. Maximum is 32256 bytes.
Global variables use 405 bytes (19%) of dynamic memory, leaving 1643 bytes for local variables. Maximum is 2048 bytes.
</pre>
					
					<h4>examples/SoftDS1307Utility</h4>
					<p>
						Result: <b>PASS</b>
					</p>
					<pre class="pre-scrollable">Sketch uses 5178 bytes (16%) of program storage space. Maximum is 32256 bytes.
Global variables use 251 bytes (12%) of dynamic memory, leaving 1797 bytes for local variables. Maximum is 2048 bytes.
</pre>
					
					<h4>examples/testArduino</h4>
					<p>
						Result: <b>PASS</b>
					</p>
					<pre class="pre-scrollable">Sketch uses 850 bytes (2%) of program storage space. Maximum is 32256 bytes.
Global variables use 9 bytes (0%) of dynamic memory, leaving 2039 bytes for local variables. Maximum is 2048 bytes.
</pre>
					
					<h4>examples/testDigitalPin</h4>
					<p>
						Result: <b>PASS</b>
					</p>
					<pre class="pre-scrollable">Sketch uses 562 bytes (1%) of program storage space. Maximum is 32256 bytes.
Global variables use 9 bytes (0%) of dynamic memory, leaving 2039 bytes for local variables. Maximum is 2048 bytes.
</pre>
					
					<h4>examples/testFastDigital</h4>
					<p>
						Result: <b>PASS</b>
					</p>
					<pre class="pre-scrollable">Sketch uses 558 bytes (1%) of program storage space. Maximum is 32256 bytes.
Global variables use 9 bytes (0%) of dynamic memory, leaving 2039 bytes for local variables. Maximum is 2048 bytes.
</pre>
					
					<h4>examples/testPinIO</h4>
					<p>
						Result: <b>PASS</b>
					</p>
					<pre class="pre-scrollable">Sketch uses 834 bytes (2%) of program storage space. Maximum is 32256 bytes.
Global variables use 15 bytes (0%) of dynamic memory, leaving 2033 bytes for local variables. Maximum is 2048 bytes.
</pre>
					
					<h4>examples/testSoftSPI</h4>
					<p>
						Result: <b>PASS</b>
					</p>
					<pre class="pre-scrollable">Sketch uses 2350 bytes (7%) of program storage space. Maximum is 32256 bytes.
Global variables use 264 bytes (12%) of dynamic memory, leaving 1784 bytes for local variables. Maximum is 2048 bytes.
</pre>
					
				
				<h3 id="arduino:mbed_nano:nanorp2040connect">arduino:mbed_nano:nanorp2040connect @ 2.7.2</h3>
				<h4>Inclusion</h4>
				<p>
					Result: <b>FAIL</b>
					
				</p>
				<pre class="pre-scrollable">In file included from /home/ec2-user/arduino-testlib/cli-datadir/user/libraries/DigitalIO/src/DigitalIO.h:31:0,
                 from /tmp/arduino-testlib3904942956/test/test.ino:1:
/home/ec2-user/arduino-testlib/cli-datadir/user/libraries/DigitalIO/src/DigitalPin.h:278:25: error: variable or field &#39;fastPinMode&#39; declared void
 inline void fastPinMode(pin, mode) {
                         ^~~
/home/ec2-user/arduino-testlib/cli-datadir/user/libraries/DigitalIO/src/DigitalPin.h:278:25: error: &#39;pin&#39; was not declared in this scope
/home/ec2-user/arduino-testlib/cli-datadir/user/libraries/DigitalIO/src/DigitalPin.h:278:25: note: suggested alternative: &#39;min&#39;
 inline void fastPinMode(pin, mode) {
                         ^~~
                         min
/home/ec2-user/arduino-testlib/cli-datadir/user/libraries/DigitalIO/src/DigitalPin.h:278:30: error: &#39;mode&#39; was not declared in this scope
 inline void fastPinMode(pin, mode) {
                              ^~~~
/home/ec2-user/arduino-testlib/cli-datadir/user/libraries/DigitalIO/src/DigitalPin.h:278:30: note: suggested alternative: &#39;modf&#39;
 inline void fastPinMode(pin, mode) {
                              ^~~~
                              modf
/home/ec2-user/arduino-testlib/cli-datadir/user/libraries/DigitalIO/src/DigitalPin.h: In member function &#39;void DigitalPin&lt;PinNumber&gt;::config(uint8_t, bool)&#39;:
/home/ec2-user/arduino-testlib/cli-datadir/user/libraries/DigitalIO/src/DigitalPin.h:290:4: error: there are no arguments to &#39;fastPinMode&#39; that depend on a template parameter, so a declaration of &#39;fastPinMode&#39; must be available [-fpermissive]
   {fastPinMode(pin, mode); fastDigitalWrite(pin, level);}
    ^
/home/ec2-user/arduino-testlib/cli-datadir/user/libraries/DigitalIO/src/DigitalPin.h:328:5: note: in expansion of macro &#39;fastPinConfig&#39;
     fastPinConfig(PinNumber, mode, level);
     ^~~~~~~~~~~~~
/home/ec2-user/arduino-testlib/cli-datadir/user/libraries/DigitalIO/src/DigitalPin.h:290:4: note: (if you use &#39;-fpermissive&#39;, G&#43;&#43; will accept your code, but allowing the use of an undeclared name is deprecated)
   {fastPinMode(pin, mode); fastDigitalWrite(pin, level);}
    ^
/home/ec2-user/arduino-testlib/cli-datadir/user/libraries/DigitalIO/src/DigitalPin.h:328:5: note: in expansion of macro &#39;fastPinConfig&#39;
     fastPinConfig(PinNumber, mode, level);
     ^~~~~~~~~~~~~
/home/ec2-user/arduino-testlib/cli-datadir/user/libraries/DigitalIO/src/DigitalPin.h: In member function &#39;void DigitalPin&lt;PinNumber&gt;::mode(uint8_t)&#39;:
/home/ec2-user/arduino-testlib/cli-datadir/user/libraries/DigitalIO/src/DigitalPin.h:352:5: error: there are no arguments to &#39;fastPinMode&#39; that depend on a template parameter, so a declaration of &#39;fastPinMode&#39; must be available [-fpermissive]
     fastPinMode(PinNumber, mode);
     ^~~~~~~~~~~
/home/ec2-user/arduino-testlib/cli-datadir/user/libraries/DigitalIO/src/SoftSPI.h: In member function &#39;void SoftSPI&lt;MisoPin, MosiPin, SckPin, Mode&gt;::begin()&#39;:
/home/ec2-user/arduino-testlib/cli-datadir/user/libraries/DigitalIO/src/DigitalPin.h:290:4: error: there are no arguments to &#39;fastPinMode&#39; that depend on a template parameter, so a declaration of &#39;fastPinMode&#39; must be available [-fpermissive]
   {fastPinMode(pin, mode); fastDigitalWrite(pin, level);}
    ^
/home/ec2-user/arduino-testlib/cli-datadir/user/libraries/DigitalIO/src/SoftSPI.h:55:5: note: in expansion of macro &#39;fastPinConfig&#39;
     fastPinConfig(MisoPin, MISO_MODE, MISO_LEVEL);
     ^~~~~~~~~~~~~
/home/ec2-user/arduino-testlib/cli-datadir/user/libraries/DigitalIO/src/DigitalPin.h:290:4: error: there are no arguments to &#39;fastPinMode&#39; that depend on a template parameter, so a declaration of &#39;fastPinMode&#39; must be available [-fpermissive]
   {fastPinMode(pin, mode); fastDigitalWrite(pin, level);}
    ^
/home/ec2-user/arduino-testlib/cli-datadir/user/libraries/DigitalIO/src/SoftSPI.h:56:5: note: in expansion of macro &#39;fastPinConfig&#39;
     fastPinConfig(MosiPin, MOSI_MODE, !MODE_CPHA(Mode));
     ^~~~~~~~~~~~~
/home/ec2-user/arduino-testlib/cli-datadir/user/libraries/DigitalIO/src/DigitalPin.h:290:4: error: there are no arguments to &#39;fastPinMode&#39; that depend on a template parameter, so a declaration of &#39;fastPinMode&#39; must be available [-fpermissive]
   {fastPinMode(pin, mode); fastDigitalWrite(pin, level);}
    ^
/home/ec2-user/arduino-testlib/cli-datadir/user/libraries/DigitalIO/src/SoftSPI.h:57:5: note: in expansion of macro &#39;fastPinConfig&#39;
     fastPinConfig(SckPin, SCK_MODE, MODE_CPOL(Mode));
     ^~~~~~~~~~~~~

</pre>

					
					<h4>examples/DigitalPinBlink</h4>
					<p>
						Result: <b>FAIL</b>
					</p>
					<pre class="pre-scrollable">In file included from /home/ec2-user/arduino-testlib/cli-datadir/user/libraries/DigitalIO/src/DigitalIO.h:31:0,
                 from /home/ec2-user/arduino-testlib/cli-datadir/user/libraries/DigitalIO/examples/DigitalPinBlink/DigitalPinBlink.ino:2:
/home/ec2-user/arduino-testlib/cli-datadir/user/libraries/DigitalIO/src/DigitalPin.h:278:25: error: variable or field &#39;fastPinMode&#39; declared void
 inline void fastPinMode(pin, mode) {
                         ^~~
/home/ec2-user/arduino-testlib/cli-datadir/user/libraries/DigitalIO/src/DigitalPin.h:278:25: error: &#39;pin&#39; was not declared in this scope
/home/ec2-user/arduino-testlib/cli-datadir/user/libraries/DigitalIO/src/DigitalPin.h:278:25: note: suggested alternative: &#39;min&#39;
 inline void fastPinMode(pin, mode) {
                         ^~~
                         min
/home/ec2-user/arduino-testlib/cli-datadir/user/libraries/DigitalIO/src/DigitalPin.h:278:30: error: &#39;mode&#39; was not declared in this scope
 inline void fastPinMode(pin, mode) {
                              ^~~~
/home/ec2-user/arduino-testlib/cli-datadir/user/libraries/DigitalIO/src/DigitalPin.h:278:30: note: suggested alternative: &#39;modf&#39;
 inline void fastPinMode(pin, mode) {
                              ^~~~
                              modf
/home/ec2-user/arduino-testlib/cli-datadir/user/libraries/DigitalIO/src/DigitalPin.h: In member function &#39;void DigitalPin&lt;PinNumber&gt;::config(uint8_t, bool)&#39;:
/home/ec2-user/arduino-testlib/cli-datadir/user/libraries/DigitalIO/src/DigitalPin.h:290:4: error: there are no arguments to &#39;fastPinMode&#39; that depend on a template parameter, so a declaration of &#39;fastPinMode&#39; must be available [-fpermissive]
   {fastPinMode(pin, mode); fastDigitalWrite(pin, level);}
    ^
/home/ec2-user/arduino-testlib/cli-datadir/user/libraries/DigitalIO/src/DigitalPin.h:328:5: note: in expansion of macro &#39;fastPinConfig&#39;
     fastPinConfig(PinNumber, mode, level);
     ^~~~~~~~~~~~~
/home/ec2-user/arduino-testlib/cli-datadir/user/libraries/DigitalIO/src/DigitalPin.h:290:4: note: (if you use &#39;-fpermissive&#39;, G&#43;&#43; will accept your code, but allowing the use of an undeclared name is deprecated)
   {fastPinMode(pin, mode); fastDigitalWrite(pin, level);}
    ^
/home/ec2-user/arduino-testlib/cli-datadir/user/libraries/DigitalIO/src/DigitalPin.h:328:5: note: in expansion of macro &#39;fastPinConfig&#39;
     fastPinConfig(PinNumber, mode, level);
     ^~~~~~~~~~~~~
/home/ec2-user/arduino-testlib/cli-datadir/user/libraries/DigitalIO/src/DigitalPin.h: In member function &#39;void DigitalPin&lt;PinNumber&gt;::mode(uint8_t)&#39;:
/home/ec2-user/arduino-testlib/cli-datadir/user/libraries/DigitalIO/src/DigitalPin.h:352:5: error: there are no arguments to &#39;fastPinMode&#39; that depend on a template parameter, so a declaration of &#39;fastPinMode&#39; must be available [-fpermissive]
     fastPinMode(PinNumber, mode);
     ^~~~~~~~~~~
/home/ec2-user/arduino-testlib/cli-datadir/user/libraries/DigitalIO/src/SoftSPI.h: In member function &#39;void SoftSPI&lt;MisoPin, MosiPin, SckPin, Mode&gt;::begin()&#39;:
/home/ec2-user/arduino-testlib/cli-datadir/user/libraries/DigitalIO/src/DigitalPin.h:290:4: error: there are no arguments to &#39;fastPinMode&#39; that depend on a template parameter, so a declaration of &#39;fastPinMode&#39; must be available [-fpermissive]
   {fastPinMode(pin, mode); fastDigitalWrite(pin, level);}
    ^
/home/ec2-user/arduino-testlib/cli-datadir/user/libraries/DigitalIO/src/SoftSPI.h:55:5: note: in expansion of macro &#39;fastPinConfig&#39;
     fastPinConfig(MisoPin, MISO_MODE, MISO_LEVEL);
     ^~~~~~~~~~~~~
/home/ec2-user/arduino-testlib/cli-datadir/user/libraries/DigitalIO/src/DigitalPin.h:290:4: error: there are no arguments to &#39;fastPinMode&#39; that depend on a template parameter, so a declaration of &#39;fastPinMode&#39; must be available [-fpermissive]
   {fastPinMode(pin, mode); fastDigitalWrite(pin, level);}
    ^
/home/ec2-user/arduino-testlib/cli-datadir/user/libraries/DigitalIO/src/SoftSPI.h:56:5: note: in expansion of macro &#39;fastPinConfig&#39;
     fastPinConfig(MosiPin, MOSI_MODE, !MODE_CPHA(Mode));
     ^~~~~~~~~~~~~
/home/ec2-user/arduino-testlib/cli-datadir/user/libraries/DigitalIO/src/DigitalPin.h:290:4: error: there are no arguments to &#39;fastPinMode&#39; that depend on a template parameter, so a declaration of &#39;fastPinMode&#39; must be available [-fpermissive]
   {fastPinMode(pin, mode); fastDigitalWrite(pin, level);}
    ^
/home/ec2-user/arduino-testlib/cli-datadir/user/libraries/DigitalIO/src/SoftSPI.h:57:5: note: in expansion of macro &#39;fastPinConfig&#39;
     fastPinConfig(SckPin, SCK_MODE, MODE_CPOL(Mode));
     ^~~~~~~~~~~~~
/home/ec2-user/arduino-testlib/cli-datadir/user/libraries/DigitalIO/src/DigitalPin.h: In instantiation of &#39;void DigitalPin&lt;PinNumber&gt;::mode(uint8_t) [with unsigned char PinNumber = 13; uint8_t = unsigned char]&#39;:
/home/ec2-user/arduino-testlib/cli-datadir/user/libraries/DigitalIO/examples/DigitalPinBlink/DigitalPinBlink.ino:7:19:   required from here
/home/ec2-user/arduino-testlib/cli-datadir/user/libraries/DigitalIO/src/DigitalPin.h:352:16: error: &#39;fastPinMode&#39; was not declared in this scope
     fastPinMode(PinNumber, mode);
     ~~~~~~~~~~~^~~~~~~~~~~~~~~~~
/home/ec2-user/arduino-testlib/cli-datadir/user/libraries/DigitalIO/src/DigitalPin.h:352:16: note: suggested alternative: &#39;PinMode&#39;
     fastPinMode(PinNumber, mode);
     ~~~~~~~~~~~^~~~~~~~~~~~~~~~~
     PinMode

</pre>
					
					<h4>examples/DigitalPinConfigToggle</h4>
					<p>
						Result: <b>FAIL</b>
					</p>
					<pre class="pre-scrollable">In file included from /home/ec2-user/arduino-testlib/cli-datadir/user/libraries/DigitalIO/src/DigitalIO.h:31:0,
                 from /home/ec2-user/arduino-testlib/cli-datadir/user/libraries/DigitalIO/examples/DigitalPinConfigToggle/DigitalPinConfigToggle.ino:2:
/home/ec2-user/arduino-testlib/cli-datadir/user/libraries/DigitalIO/src/DigitalPin.h:278:25: error: variable or field &#39;fastPinMode&#39; declared void
 inline void fastPinMode(pin, mode) {
                         ^~~
/home/ec2-user/arduino-testlib/cli-datadir/user/libraries/DigitalIO/src/DigitalPin.h:278:25: error: &#39;pin&#39; was not declared in this scope
/home/ec2-user/arduino-testlib/cli-datadir/user/libraries/DigitalIO/src/DigitalPin.h:278:25: note: suggested alternative: &#39;min&#39;
 inline void fastPinMode(pin, mode) {
                         ^~~
                         min
/home/ec2-user/arduino-testlib/cli-datadir/user/libraries/DigitalIO/src/DigitalPin.h:278:30: error: &#39;mode&#39; was not declared in this scope
 inline void fastPinMode(pin, mode) {
                              ^~~~
/home/ec2-user/arduino-testlib/cli-datadir/user/libraries/DigitalIO/src/DigitalPin.h:278:30: note: suggested alternative: &#39;modf&#39;
 inline void fastPinMode(pin, mode) {
                              ^~~~
                              modf
/home/ec2-user/arduino-testlib/cli-datadir/user/libraries/DigitalIO/src/DigitalPin.h: In member function &#39;void DigitalPin&lt;PinNumber&gt;::config(uint8_t, bool)&#39;:
/home/ec2-user/arduino-testlib/cli-datadir/user/libraries/DigitalIO/src/DigitalPin.h:290:4: error: there are no arguments to &#39;fastPinMode&#39; that depend on a template parameter, so a declaration of &#39;fastPinMode&#39; must be available [-fpermissive]
   {fastPinMode(pin, mode); fastDigitalWrite(pin, level);}
    ^
/home/ec2-user/arduino-testlib/cli-datadir/user/libraries/DigitalIO/src/DigitalPin.h:328:5: note: in expansion of macro &#39;fastPinConfig&#39;
     fastPinConfig(PinNumber, mode, level);
     ^~~~~~~~~~~~~
/home/ec2-user/arduino-testlib/cli-datadir/user/libraries/DigitalIO/src/DigitalPin.h:290:4: note: (if you use &#39;-fpermissive&#39;, G&#43;&#43; will accept your code, but allowing the use of an undeclared name is deprecated)
   {fastPinMode(pin, mode); fastDigitalWrite(pin, level);}
    ^
/home/ec2-user/arduino-testlib/cli-datadir/user/libraries/DigitalIO/src/DigitalPin.h:328:5: note: in expansion of macro &#39;fastPinConfig&#39;
     fastPinConfig(PinNumber, mode, level);
     ^~~~~~~~~~~~~
/home/ec2-user/arduino-testlib/cli-datadir/user/libraries/DigitalIO/src/DigitalPin.h: In member function &#39;void DigitalPin&lt;PinNumber&gt;::mode(uint8_t)&#39;:
/home/ec2-user/arduino-testlib/cli-datadir/user/libraries/DigitalIO/src/DigitalPin.h:352:5: error: there are no arguments to &#39;fastPinMode&#39; that depend on a template parameter, so a declaration of &#39;fastPinMode&#39; must be available [-fpermissive]
     fastPinMode(PinNumber, mode);
     ^~~~~~~~~~~
/home/ec2-user/arduino-testlib/cli-datadir/user/libraries/DigitalIO/src/SoftSPI.h: In member function &#39;void SoftSPI&lt;MisoPin, MosiPin, SckPin, Mode&gt;::begin()&#39;:
/home/ec2-user/arduino-testlib/cli-datadir/user/libraries/DigitalIO/src/DigitalPin.h:290:4: error: there are no arguments to &#39;fastPinMode&#39; that depend on a template parameter, so a declaration of &#39;fastPinMode&#39; must be available [-fpermissive]
   {fastPinMode(pin, mode); fastDigitalWrite(pin, level);}
    ^
/home/ec2-user/arduino-testlib/cli-datadir/user/libraries/DigitalIO/src/SoftSPI.h:55:5: note: in expansion of macro &#39;fastPinConfig&#39;
     fastPinConfig(MisoPin, MISO_MODE, MISO_LEVEL);
     ^~~~~~~~~~~~~
/home/ec2-user/arduino-testlib/cli-datadir/user/libraries/DigitalIO/src/DigitalPin.h:290:4: error: there are no arguments to &#39;fastPinMode&#39; that depend on a template parameter, so a declaration of &#39;fastPinMode&#39; must be available [-fpermissive]
   {fastPinMode(pin, mode); fastDigitalWrite(pin, level);}
    ^
/home/ec2-user/arduino-testlib/cli-datadir/user/libraries/DigitalIO/src/SoftSPI.h:56:5: note: in expansion of macro &#39;fastPinConfig&#39;
     fastPinConfig(MosiPin, MOSI_MODE, !MODE_CPHA(Mode));
     ^~~~~~~~~~~~~
/home/ec2-user/arduino-testlib/cli-datadir/user/libraries/DigitalIO/src/DigitalPin.h:290:4: error: there are no arguments to &#39;fastPinMode&#39; that depend on a template parameter, so a declaration of &#39;fastPinMode&#39; must be available [-fpermissive]
   {fastPinMode(pin, mode); fastDigitalWrite(pin, level);}
    ^
/home/ec2-user/arduino-testlib/cli-datadir/user/libraries/DigitalIO/src/SoftSPI.h:57:5: note: in expansion of macro &#39;fastPinConfig&#39;
     fastPinConfig(SckPin, SCK_MODE, MODE_CPOL(Mode));
     ^~~~~~~~~~~~~
/home/ec2-user/arduino-testlib/cli-datadir/user/libraries/DigitalIO/src/DigitalPin.h: In instantiation of &#39;void DigitalPin&lt;PinNumber&gt;::config(uint8_t, bool) [with unsigned char PinNumber = 13; uint8_t = unsigned char]&#39;:
/home/ec2-user/arduino-testlib/cli-datadir/user/libraries/DigitalIO/examples/DigitalPinConfigToggle/DigitalPinConfigToggle.ino:9:27:   required from here
/home/ec2-user/arduino-testlib/cli-datadir/user/libraries/DigitalIO/src/DigitalPin.h:290:15: error: &#39;fastPinMode&#39; was not declared in this scope
   {fastPinMode(pin, mode); fastDigitalWrite(pin, level);}
    ~~~~~~~~~~~^~~~~~~~~~~
/home/ec2-user/arduino-testlib/cli-datadir/user/libraries/DigitalIO/src/DigitalPin.h:328:5: note: in expansion of macro &#39;fastPinConfig&#39;
     fastPinConfig(PinNumber, mode, level);
     ^~~~~~~~~~~~~
/home/ec2-user/arduino-testlib/cli-datadir/user/libraries/DigitalIO/src/DigitalPin.h:290:15: note: suggested alternative: &#39;PinMode&#39;
   {fastPinMode(pin, mode); fastDigitalWrite(pin, level);}
    ~~~~~~~~~~~^~~~~~~~~~~
/home/ec2-user/arduino-testlib/cli-datadir/user/libraries/DigitalIO/src/DigitalPin.h:328:5: note: in expansion of macro &#39;fastPinConfig&#39;
     fastPinConfig(PinNumber, mode, level);
     ^~~~~~~~~~~~~

</pre>
					
					<h4>examples/DigitalPinReadWrite</h4>
					<p>
						Result: <b>FAIL</b>
					</p>
					<pre class="pre-scrollable">In file included from /home/ec2-user/arduino-testlib/cli-datadir/user/libraries/DigitalIO/src/DigitalIO.h:31:0,
                 from /home/ec2-user/arduino-testlib/cli-datadir/user/libraries/DigitalIO/examples/DigitalPinReadWrite/DigitalPinReadWrite.ino:2:
/home/ec2-user/arduino-testlib/cli-datadir/user/libraries/DigitalIO/src/DigitalPin.h:278:25: error: variable or field &#39;fastPinMode&#39; declared void
 inline void fastPinMode(pin, mode) {
                         ^~~
/home/ec2-user/arduino-testlib/cli-datadir/user/libraries/DigitalIO/src/DigitalPin.h:278:25: error: &#39;pin&#39; was not declared in this scope
/home/ec2-user/arduino-testlib/cli-datadir/user/libraries/DigitalIO/src/DigitalPin.h:278:25: note: suggested alternative: &#39;min&#39;
 inline void fastPinMode(pin, mode) {
                         ^~~
                         min
/home/ec2-user/arduino-testlib/cli-datadir/user/libraries/DigitalIO/src/DigitalPin.h:278:30: error: &#39;mode&#39; was not declared in this scope
 inline void fastPinMode(pin, mode) {
                              ^~~~
/home/ec2-user/arduino-testlib/cli-datadir/user/libraries/DigitalIO/src/DigitalPin.h:278:30: note: suggested alternative: &#39;modf&#39;
 inline void fastPinMode(pin, mode) {
                              ^~~~
                              modf
/home/ec2-user/arduino-testlib/cli-datadir/user/libraries/DigitalIO/src/DigitalPin.h: In member function &#39;void DigitalPin&lt;PinNumber&gt;::config(uint8_t, bool)&#39;:
/home/ec2-user/arduino-testlib/cli-datadir/user/libraries/DigitalIO/src/DigitalPin.h:290:4: error: there are no arguments to &#39;fastPinMode&#39; that depend on a template parameter, so a declaration of &#39;fastPinMode&#39; must be available [-fpermissive]
   {fastPinMode(pin, mode); fastDigitalWrite(pin, level);}
    ^
/home/ec2-user/arduino-testlib/cli-datadir/user/libraries/DigitalIO/src/DigitalPin.h:328:5: note: in expansion of macro &#39;fastPinConfig&#39;
     fastPinConfig(PinNumber, mode, level);
     ^~~~~~~~~~~~~
/home/ec2-user/arduino-testlib/cli-datadir/user/libraries/DigitalIO/src/DigitalPin.h:290:4: note: (if you use &#39;-fpermissive&#39;, G&#43;&#43; will accept your code, but allowing the use of an undeclared name is deprecated)
   {fastPinMode(pin, mode); fastDigitalWrite(pin, level);}
    ^
/home/ec2-user/arduino-testlib/cli-datadir/user/libraries/DigitalIO/src/DigitalPin.h:328:5: note: in expansion of macro &#39;fastPinConfig&#39;
     fastPinConfig(PinNumber, mode, level);
     ^~~~~~~~~~~~~
/home/ec2-user/arduino-testlib/cli-datadir/user/libraries/DigitalIO/src/DigitalPin.h: In member function &#39;void DigitalPin&lt;PinNumber&gt;::mode(uint8_t)&#39;:
/home/ec2-user/arduino-testlib/cli-datadir/user/libraries/DigitalIO/src/DigitalPin.h:352:5: error: there are no arguments to &#39;fastPinMode&#39; that depend on a template parameter, so a declaration of &#39;fastPinMode&#39; must be available [-fpermissive]
     fastPinMode(PinNumber, mode);
     ^~~~~~~~~~~
/home/ec2-user/arduino-testlib/cli-datadir/user/libraries/DigitalIO/src/SoftSPI.h: In member function &#39;void SoftSPI&lt;MisoPin, MosiPin, SckPin, Mode&gt;::begin()&#39;:
/home/ec2-user/arduino-testlib/cli-datadir/user/libraries/DigitalIO/src/DigitalPin.h:290:4: error: there are no arguments to &#39;fastPinMode&#39; that depend on a template parameter, so a declaration of &#39;fastPinMode&#39; must be available [-fpermissive]
   {fastPinMode(pin, mode); fastDigitalWrite(pin, level);}
    ^
/home/ec2-user/arduino-testlib/cli-datadir/user/libraries/DigitalIO/src/SoftSPI.h:55:5: note: in expansion of macro &#39;fastPinConfig&#39;
     fastPinConfig(MisoPin, MISO_MODE, MISO_LEVEL);
     ^~~~~~~~~~~~~
/home/ec2-user/arduino-testlib/cli-datadir/user/libraries/DigitalIO/src/DigitalPin.h:290:4: error: there are no arguments to &#39;fastPinMode&#39; that depend on a template parameter, so a declaration of &#39;fastPinMode&#39; must be available [-fpermissive]
   {fastPinMode(pin, mode); fastDigitalWrite(pin, level);}
    ^
/home/ec2-user/arduino-testlib/cli-datadir/user/libraries/DigitalIO/src/SoftSPI.h:56:5: note: in expansion of macro &#39;fastPinConfig&#39;
     fastPinConfig(MosiPin, MOSI_MODE, !MODE_CPHA(Mode));
     ^~~~~~~~~~~~~
/home/ec2-user/arduino-testlib/cli-datadir/user/libraries/DigitalIO/src/DigitalPin.h:290:4: error: there are no arguments to &#39;fastPinMode&#39; that depend on a template parameter, so a declaration of &#39;fastPinMode&#39; must be available [-fpermissive]
   {fastPinMode(pin, mode); fastDigitalWrite(pin, level);}
    ^
/home/ec2-user/arduino-testlib/cli-datadir/user/libraries/DigitalIO/src/SoftSPI.h:57:5: note: in expansion of macro &#39;fastPinConfig&#39;
     fastPinConfig(SckPin, SCK_MODE, MODE_CPOL(Mode));
     ^~~~~~~~~~~~~
/home/ec2-user/arduino-testlib/cli-datadir/user/libraries/DigitalIO/src/DigitalPin.h: In instantiation of &#39;void DigitalPin&lt;PinNumber&gt;::mode(uint8_t) [with unsigned char PinNumber = 12; uint8_t = unsigned char]&#39;:
/home/ec2-user/arduino-testlib/cli-datadir/user/libraries/DigitalIO/examples/DigitalPinReadWrite/DigitalPinReadWrite.ino:8:19:   required from here
/home/ec2-user/arduino-testlib/cli-datadir/user/libraries/DigitalIO/src/DigitalPin.h:352:16: error: &#39;fastPinMode&#39; was not declared in this scope
     fastPinMode(PinNumber, mode);
     ~~~~~~~~~~~^~~~~~~~~~~~~~~~~
/home/ec2-user/arduino-testlib/cli-datadir/user/libraries/DigitalIO/src/DigitalPin.h:352:16: note: suggested alternative: &#39;PinMode&#39;
     fastPinMode(PinNumber, mode);
     ~~~~~~~~~~~^~~~~~~~~~~~~~~~~
     PinMode
/home/ec2-user/arduino-testlib/cli-datadir/user/libraries/DigitalIO/src/DigitalPin.h: In instantiation of &#39;void DigitalPin&lt;PinNumber&gt;::mode(uint8_t) [with unsigned char PinNumber = 13; uint8_t = unsigned char]&#39;:
/home/ec2-user/arduino-testlib/cli-datadir/user/libraries/DigitalIO/examples/DigitalPinReadWrite/DigitalPinReadWrite.ino:9:20:   required from here
/home/ec2-user/arduino-testlib/cli-datadir/user/libraries/DigitalIO/src/DigitalPin.h:352:16: error: &#39;fastPinMode&#39; was not declared in this scope
/home/ec2-user/arduino-testlib/cli-datadir/user/libraries/DigitalIO/src/DigitalPin.h:352:16: note: suggested alternative: &#39;PinMode&#39;
     fastPinMode(PinNumber, mode);
     ~~~~~~~~~~~^~~~~~~~~~~~~~~~~
     PinMode

</pre>
					
					<h4>examples/DigitalPinShiftOut</h4>
					<p>
						Result: <b>FAIL</b>
					</p>
					<pre class="pre-scrollable">In file included from /home/ec2-user/arduino-testlib/cli-datadir/user/libraries/DigitalIO/src/DigitalIO.h:31:0,
                 from /home/ec2-user/arduino-testlib/cli-datadir/user/libraries/DigitalIO/examples/DigitalPinShiftOut/DigitalPinShiftOut.ino:2:
/home/ec2-user/arduino-testlib/cli-datadir/user/libraries/DigitalIO/src/DigitalPin.h:278:25: error: variable or field &#39;fastPinMode&#39; declared void
 inline void fastPinMode(pin, mode) {
                         ^~~
/home/ec2-user/arduino-testlib/cli-datadir/user/libraries/DigitalIO/src/DigitalPin.h:278:25: error: &#39;pin&#39; was not declared in this scope
/home/ec2-user/arduino-testlib/cli-datadir/user/libraries/DigitalIO/src/DigitalPin.h:278:25: note: suggested alternative: &#39;min&#39;
 inline void fastPinMode(pin, mode) {
                         ^~~
                         min
/home/ec2-user/arduino-testlib/cli-datadir/user/libraries/DigitalIO/src/DigitalPin.h:278:30: error: &#39;mode&#39; was not declared in this scope
 inline void fastPinMode(pin, mode) {
                              ^~~~
/home/ec2-user/arduino-testlib/cli-datadir/user/libraries/DigitalIO/src/DigitalPin.h:278:30: note: suggested alternative: &#39;modf&#39;
 inline void fastPinMode(pin, mode) {
                              ^~~~
                              modf
/home/ec2-user/arduino-testlib/cli-datadir/user/libraries/DigitalIO/src/DigitalPin.h: In member function &#39;void DigitalPin&lt;PinNumber&gt;::config(uint8_t, bool)&#39;:
/home/ec2-user/arduino-testlib/cli-datadir/user/libraries/DigitalIO/src/DigitalPin.h:290:4: error: there are no arguments to &#39;fastPinMode&#39; that depend on a template parameter, so a declaration of &#39;fastPinMode&#39; must be available [-fpermissive]
   {fastPinMode(pin, mode); fastDigitalWrite(pin, level);}
    ^
/home/ec2-user/arduino-testlib/cli-datadir/user/libraries/DigitalIO/src/DigitalPin.h:328:5: note: in expansion of macro &#39;fastPinConfig&#39;
     fastPinConfig(PinNumber, mode, level);
     ^~~~~~~~~~~~~
/home/ec2-user/arduino-testlib/cli-datadir/user/libraries/DigitalIO/src/DigitalPin.h:290:4: note: (if you use &#39;-fpermissive&#39;, G&#43;&#43; will accept your code, but allowing the use of an undeclared name is deprecated)
   {fastPinMode(pin, mode); fastDigitalWrite(pin, level);}
    ^
/home/ec2-user/arduino-testlib/cli-datadir/user/libraries/DigitalIO/src/DigitalPin.h:328:5: note: in expansion of macro &#39;fastPinConfig&#39;
     fastPinConfig(PinNumber, mode, level);
     ^~~~~~~~~~~~~
/home/ec2-user/arduino-testlib/cli-datadir/user/libraries/DigitalIO/src/DigitalPin.h: In member function &#39;void DigitalPin&lt;PinNumber&gt;::mode(uint8_t)&#39;:
/home/ec2-user/arduino-testlib/cli-datadir/user/libraries/DigitalIO/src/DigitalPin.h:352:5: error: there are no arguments to &#39;fastPinMode&#39; that depend on a template parameter, so a declaration of &#39;fastPinMode&#39; must be available [-fpermissive]
     fastPinMode(PinNumber, mode);
     ^~~~~~~~~~~
/home/ec2-user/arduino-testlib/cli-datadir/user/libraries/DigitalIO/src/SoftSPI.h: In member function &#39;void SoftSPI&lt;MisoPin, MosiPin, SckPin, Mode&gt;::begin()&#39;:
/home/ec2-user/arduino-testlib/cli-datadir/user/libraries/DigitalIO/src/DigitalPin.h:290:4: error: there are no arguments to &#39;fastPinMode&#39; that depend on a template parameter, so a declaration of &#39;fastPinMode&#39; must be available [-fpermissive]
   {fastPinMode(pin, mode); fastDigitalWrite(pin, level);}
    ^
/home/ec2-user/arduino-testlib/cli-datadir/user/libraries/DigitalIO/src/SoftSPI.h:55:5: note: in expansion of macro &#39;fastPinConfig&#39;
     fastPinConfig(MisoPin, MISO_MODE, MISO_LEVEL);
     ^~~~~~~~~~~~~
/home/ec2-user/arduino-testlib/cli-datadir/user/libraries/DigitalIO/src/DigitalPin.h:290:4: error: there are no arguments to &#39;fastPinMode&#39; that depend on a template parameter, so a declaration of &#39;fastPinMode&#39; must be available [-fpermissive]
   {fastPinMode(pin, mode); fastDigitalWrite(pin, level);}
    ^
/home/ec2-user/arduino-testlib/cli-datadir/user/libraries/DigitalIO/src/SoftSPI.h:56:5: note: in expansion of macro &#39;fastPinConfig&#39;
     fastPinConfig(MosiPin, MOSI_MODE, !MODE_CPHA(Mode));
     ^~~~~~~~~~~~~
/home/ec2-user/arduino-testlib/cli-datadir/user/libraries/DigitalIO/src/DigitalPin.h:290:4: error: there are no arguments to &#39;fastPinMode&#39; that depend on a template parameter, so a declaration of &#39;fastPinMode&#39; must be available [-fpermissive]
   {fastPinMode(pin, mode); fastDigitalWrite(pin, level);}
    ^
/home/ec2-user/arduino-testlib/cli-datadir/user/libraries/DigitalIO/src/SoftSPI.h:57:5: note: in expansion of macro &#39;fastPinConfig&#39;
     fastPinConfig(SckPin, SCK_MODE, MODE_CPOL(Mode));
     ^~~~~~~~~~~~~
/home/ec2-user/arduino-testlib/cli-datadir/user/libraries/DigitalIO/src/DigitalPin.h: In instantiation of &#39;void DigitalPin&lt;PinNumber&gt;::config(uint8_t, bool) [with unsigned char PinNumber = 12; uint8_t = unsigned char]&#39;:
/home/ec2-user/arduino-testlib/cli-datadir/user/libraries/DigitalIO/examples/DigitalPinShiftOut/DigitalPinShiftOut.ino:30:30:   required from here
/home/ec2-user/arduino-testlib/cli-datadir/user/libraries/DigitalIO/src/DigitalPin.h:290:15: error: &#39;fastPinMode&#39; was not declared in this scope
   {fastPinMode(pin, mode); fastDigitalWrite(pin, level);}
    ~~~~~~~~~~~^~~~~~~~~~~
/home/ec2-user/arduino-testlib/cli-datadir/user/libraries/DigitalIO/src/DigitalPin.h:328:5: note: in expansion of macro &#39;fastPinConfig&#39;
     fastPinConfig(PinNumber, mode, level);
     ^~~~~~~~~~~~~
/home/ec2-user/arduino-testlib/cli-datadir/user/libraries/DigitalIO/src/DigitalPin.h:290:15: note: suggested alternative: &#39;PinMode&#39;
   {fastPinMode(pin, mode); fastDigitalWrite(pin, level);}
    ~~~~~~~~~~~^~~~~~~~~~~
/home/ec2-user/arduino-testlib/cli-datadir/user/libraries/DigitalIO/src/DigitalPin.h:328:5: note: in expansion of macro &#39;fastPinConfig&#39;
     fastPinConfig(PinNumber, mode, level);
     ^~~~~~~~~~~~~
/home/ec2-user/arduino-testlib/cli-datadir/user/libraries/DigitalIO/src/DigitalPin.h: In instantiation of &#39;void DigitalPin&lt;PinNumber&gt;::config(uint8_t, bool) [with unsigned char PinNumber = 13; uint8_t = unsigned char]&#39;:
/home/ec2-user/arduino-testlib/cli-datadir/user/libraries/DigitalIO/examples/DigitalPinShiftOut/DigitalPinShiftOut.ino:33:30:   required from here
/home/ec2-user/arduino-testlib/cli-datadir/user/libraries/DigitalIO/src/DigitalPin.h:290:15: error: &#39;fastPinMode&#39; was not declared in this scope
   {fastPinMode(pin, mode); fastDigitalWrite(pin, level);}
    ~~~~~~~~~~~^~~~~~~~~~~
/home/ec2-user/arduino-testlib/cli-datadir/user/libraries/DigitalIO/src/DigitalPin.h:328:5: note: in expansion of macro &#39;fastPinConfig&#39;
     fastPinConfig(PinNumber, mode, level);
     ^~~~~~~~~~~~~
/home/ec2-user/arduino-testlib/cli-datadir/user/libraries/DigitalIO/src/DigitalPin.h:290:15: note: suggested alternative: &#39;PinMode&#39;
   {fastPinMode(pin, mode); fastDigitalWrite(pin, level);}
    ~~~~~~~~~~~^~~~~~~~~~~
/home/ec2-user/arduino-testlib/cli-datadir/user/libraries/DigitalIO/src/DigitalPin.h:328:5: note: in expansion of macro &#39;fastPinConfig&#39;
     fastPinConfig(PinNumber, mode, level);
     ^~~~~~~~~~~~~

</pre>
					
					<h4>examples/GpioPinMap</h4>
					<p>
						Result: <b>FAIL</b>
					</p>
					<pre class="pre-scrollable">/home/ec2-user/arduino-testlib/cli-datadir/user/libraries/DigitalIO/examples/GpioPinMap/GpioPinMap.ino: In function &#39;void setup()&#39;:
/home/ec2-user/arduino-testlib/cli-datadir/user/libraries/DigitalIO/examples/GpioPinMap/GpioPinMap.ino:15:13: error: &#39;digitalPinToBitMask&#39; was not declared in this scope
     int m = digitalPinToBitMask(i);
             ^~~~~~~~~~~~~~~~~~~
/home/ec2-user/arduino-testlib/cli-datadir/user/libraries/DigitalIO/examples/GpioPinMap/GpioPinMap.ino:15:13: note: suggested alternative: &#39;digitalPinToPinName&#39;
     int m = digitalPinToBitMask(i);
             ^~~~~~~~~~~~~~~~~~~
             digitalPinToPinName

</pre>
					
					<h4>examples/PinIOBegin</h4>
					<p>
						Result: <b>FAIL</b>
					</p>
					<pre class="pre-scrollable">/home/ec2-user/arduino-testlib/cli-datadir/user/libraries/DigitalIO/examples/PinIOBegin/PinIOBegin.ino:27:2: error: #error AVR only example
 #error AVR only example
  ^~~~~

</pre>
					
					<h4>examples/PinIOConfigToggle</h4>
					<p>
						Result: <b>FAIL</b>
					</p>
					<pre class="pre-scrollable">/home/ec2-user/arduino-testlib/cli-datadir/user/libraries/DigitalIO/examples/PinIOConfigToggle/PinIOConfigToggle.ino:19:2: error: #error AVR only example
 #error AVR only example
  ^~~~~

</pre>
					
					<h4>examples/PinIOReadWrite</h4>
					<p>
						Result: <b>FAIL</b>
					</p>
					<pre class="pre-scrollable">/home/ec2-user/arduino-testlib/cli-datadir/user/libraries/DigitalIO/examples/PinIOReadWrite/PinIOReadWrite.ino:19:2: error: #error AVR only example
 #error AVR only example
  ^~~~~

</pre>
					
					<h4>examples/ScanI2cBus</h4>
					<p>
						Result: <b>FAIL</b>
					</p>
					<pre class="pre-scrollable">/home/ec2-user/arduino-testlib/cli-datadir/user/libraries/DigitalIO/examples/ScanI2cBus/ScanI2cBus.ino:78:2: error: #error AVR only example
 #error AVR only example
  ^~~~~

</pre>
					
					<h4>examples/SoftDS1307Utility</h4>
					<p>
						Result: <b>FAIL</b>
					</p>
					<pre class="pre-scrollable">/home/ec2-user/arduino-testlib/cli-datadir/user/libraries/DigitalIO/examples/SoftDS1307Utility/SoftDS1307Utility.ino:325:2: error: #error AVR only example
 #error AVR only example
  ^~~~~

</pre>
					
					<h4>examples/testArduino</h4>
					<p>
						Result: <b>PASS</b>
					</p>
					<pre class="pre-scrollable">Sketch uses 79138 bytes (0%) of program storage space. Maximum is 16777216 bytes.
Global variables use 43444 bytes (16%) of dynamic memory, leaving 226892 bytes for local variables. Maximum is 270336 bytes.
</pre>
					
					<h4>examples/testDigitalPin</h4>
					<p>
						Result: <b>FAIL</b>
					</p>
					<pre class="pre-scrollable">In file included from /home/ec2-user/arduino-testlib/cli-datadir/user/libraries/DigitalIO/src/DigitalIO.h:31:0,
                 from /home/ec2-user/arduino-testlib/cli-datadir/user/libraries/DigitalIO/examples/testDigitalPin/testDigitalPin.ino:2:
/home/ec2-user/arduino-testlib/cli-datadir/user/libraries/DigitalIO/src/DigitalPin.h:278:25: error: variable or field &#39;fastPinMode&#39; declared void
 inline void fastPinMode(pin, mode) {
                         ^~~
/home/ec2-user/arduino-testlib/cli-datadir/user/libraries/DigitalIO/src/DigitalPin.h:278:25: error: &#39;pin&#39; was not declared in this scope
/home/ec2-user/arduino-testlib/cli-datadir/user/libraries/DigitalIO/src/DigitalPin.h:278:25: note: suggested alternative: &#39;min&#39;
 inline void fastPinMode(pin, mode) {
                         ^~~
                         min
/home/ec2-user/arduino-testlib/cli-datadir/user/libraries/DigitalIO/src/DigitalPin.h:278:30: error: &#39;mode&#39; was not declared in this scope
 inline void fastPinMode(pin, mode) {
                              ^~~~
/home/ec2-user/arduino-testlib/cli-datadir/user/libraries/DigitalIO/src/DigitalPin.h:278:30: note: suggested alternative: &#39;modf&#39;
 inline void fastPinMode(pin, mode) {
                              ^~~~
                              modf
/home/ec2-user/arduino-testlib/cli-datadir/user/libraries/DigitalIO/src/DigitalPin.h: In member function &#39;void DigitalPin&lt;PinNumber&gt;::config(uint8_t, bool)&#39;:
/home/ec2-user/arduino-testlib/cli-datadir/user/libraries/DigitalIO/src/DigitalPin.h:290:4: error: there are no arguments to &#39;fastPinMode&#39; that depend on a template parameter, so a declaration of &#39;fastPinMode&#39; must be available [-fpermissive]
   {fastPinMode(pin, mode); fastDigitalWrite(pin, level);}
    ^
/home/ec2-user/arduino-testlib/cli-datadir/user/libraries/DigitalIO/src/DigitalPin.h:328:5: note: in expansion of macro &#39;fastPinConfig&#39;
     fastPinConfig(PinNumber, mode, level);
     ^~~~~~~~~~~~~
/home/ec2-user/arduino-testlib/cli-datadir/user/libraries/DigitalIO/src/DigitalPin.h:290:4: note: (if you use &#39;-fpermissive&#39;, G&#43;&#43; will accept your code, but allowing the use of an undeclared name is deprecated)
   {fastPinMode(pin, mode); fastDigitalWrite(pin, level);}
    ^
/home/ec2-user/arduino-testlib/cli-datadir/user/libraries/DigitalIO/src/DigitalPin.h:328:5: note: in expansion of macro &#39;fastPinConfig&#39;
     fastPinConfig(PinNumber, mode, level);
     ^~~~~~~~~~~~~
/home/ec2-user/arduino-testlib/cli-datadir/user/libraries/DigitalIO/src/DigitalPin.h: In member function &#39;void DigitalPin&lt;PinNumber&gt;::mode(uint8_t)&#39;:
/home/ec2-user/arduino-testlib/cli-datadir/user/libraries/DigitalIO/src/DigitalPin.h:352:5: error: there are no arguments to &#39;fastPinMode&#39; that depend on a template parameter, so a declaration of &#39;fastPinMode&#39; must be available [-fpermissive]
     fastPinMode(PinNumber, mode);
     ^~~~~~~~~~~
/home/ec2-user/arduino-testlib/cli-datadir/user/libraries/DigitalIO/src/SoftSPI.h: In member function &#39;void SoftSPI&lt;MisoPin, MosiPin, SckPin, Mode&gt;::begin()&#39;:
/home/ec2-user/arduino-testlib/cli-datadir/user/libraries/DigitalIO/src/DigitalPin.h:290:4: error: there are no arguments to &#39;fastPinMode&#39; that depend on a template parameter, so a declaration of &#39;fastPinMode&#39; must be available [-fpermissive]
   {fastPinMode(pin, mode); fastDigitalWrite(pin, level);}
    ^
/home/ec2-user/arduino-testlib/cli-datadir/user/libraries/DigitalIO/src/SoftSPI.h:55:5: note: in expansion of macro &#39;fastPinConfig&#39;
     fastPinConfig(MisoPin, MISO_MODE, MISO_LEVEL);
     ^~~~~~~~~~~~~
/home/ec2-user/arduino-testlib/cli-datadir/user/libraries/DigitalIO/src/DigitalPin.h:290:4: error: there are no arguments to &#39;fastPinMode&#39; that depend on a template parameter, so a declaration of &#39;fastPinMode&#39; must be available [-fpermissive]
   {fastPinMode(pin, mode); fastDigitalWrite(pin, level);}
    ^
/home/ec2-user/arduino-testlib/cli-datadir/user/libraries/DigitalIO/src/SoftSPI.h:56:5: note: in expansion of macro &#39;fastPinConfig&#39;
     fastPinConfig(MosiPin, MOSI_MODE, !MODE_CPHA(Mode));
     ^~~~~~~~~~~~~
/home/ec2-user/arduino-testlib/cli-datadir/user/libraries/DigitalIO/src/DigitalPin.h:290:4: error: there are no arguments to &#39;fastPinMode&#39; that depend on a template parameter, so a declaration of &#39;fastPinMode&#39; must be available [-fpermissive]
   {fastPinMode(pin, mode); fastDigitalWrite(pin, level);}
    ^
/home/ec2-user/arduino-testlib/cli-datadir/user/libraries/DigitalIO/src/SoftSPI.h:57:5: note: in expansion of macro &#39;fastPinConfig&#39;
     fastPinConfig(SckPin, SCK_MODE, MODE_CPOL(Mode));
     ^~~~~~~~~~~~~
/home/ec2-user/arduino-testlib/cli-datadir/user/libraries/DigitalIO/src/DigitalPin.h: In instantiation of &#39;void DigitalPin&lt;PinNumber&gt;::mode(uint8_t) [with unsigned char PinNumber = 13; uint8_t = unsigned char]&#39;:
/home/ec2-user/arduino-testlib/cli-datadir/user/libraries/DigitalIO/examples/testDigitalPin/testDigitalPin.ino:9:20:   required from here
/home/ec2-user/arduino-testlib/cli-datadir/user/libraries/DigitalIO/src/DigitalPin.h:352:16: error: &#39;fastPinMode&#39; was not declared in this scope
     fastPinMode(PinNumber, mode);
     ~~~~~~~~~~~^~~~~~~~~~~~~~~~~
/home/ec2-user/arduino-testlib/cli-datadir/user/libraries/DigitalIO/src/DigitalPin.h:352:16: note: suggested alternative: &#39;PinMode&#39;
     fastPinMode(PinNumber, mode);
     ~~~~~~~~~~~^~~~~~~~~~~~~~~~~
     PinMode

</pre>
					
					<h4>examples/testFastDigital</h4>
					<p>
						Result: <b>FAIL</b>
					</p>
					<pre class="pre-scrollable">In file included from /home/ec2-user/arduino-testlib/cli-datadir/user/libraries/DigitalIO/src/DigitalIO.h:31:0,
                 from /home/ec2-user/arduino-testlib/cli-datadir/user/libraries/DigitalIO/examples/testFastDigital/testFastDigital.ino:2:
/home/ec2-user/arduino-testlib/cli-datadir/user/libraries/DigitalIO/src/DigitalPin.h:278:25: error: variable or field &#39;fastPinMode&#39; declared void
 inline void fastPinMode(pin, mode) {
                         ^~~
/home/ec2-user/arduino-testlib/cli-datadir/user/libraries/DigitalIO/src/DigitalPin.h:278:25: error: &#39;pin&#39; was not declared in this scope
/home/ec2-user/arduino-testlib/cli-datadir/user/libraries/DigitalIO/src/DigitalPin.h:278:25: note: suggested alternative: &#39;min&#39;
 inline void fastPinMode(pin, mode) {
                         ^~~
                         min
/home/ec2-user/arduino-testlib/cli-datadir/user/libraries/DigitalIO/src/DigitalPin.h:278:30: error: &#39;mode&#39; was not declared in this scope
 inline void fastPinMode(pin, mode) {
                              ^~~~
/home/ec2-user/arduino-testlib/cli-datadir/user/libraries/DigitalIO/src/DigitalPin.h:278:30: note: suggested alternative: &#39;modf&#39;
 inline void fastPinMode(pin, mode) {
                              ^~~~
                              modf
/home/ec2-user/arduino-testlib/cli-datadir/user/libraries/DigitalIO/src/DigitalPin.h: In member function &#39;void DigitalPin&lt;PinNumber&gt;::config(uint8_t, bool)&#39;:
/home/ec2-user/arduino-testlib/cli-datadir/user/libraries/DigitalIO/src/DigitalPin.h:290:4: error: there are no arguments to &#39;fastPinMode&#39; that depend on a template parameter, so a declaration of &#39;fastPinMode&#39; must be available [-fpermissive]
   {fastPinMode(pin, mode); fastDigitalWrite(pin, level);}
    ^
/home/ec2-user/arduino-testlib/cli-datadir/user/libraries/DigitalIO/src/DigitalPin.h:328:5: note: in expansion of macro &#39;fastPinConfig&#39;
     fastPinConfig(PinNumber, mode, level);
     ^~~~~~~~~~~~~
/home/ec2-user/arduino-testlib/cli-datadir/user/libraries/DigitalIO/src/DigitalPin.h:290:4: note: (if you use &#39;-fpermissive&#39;, G&#43;&#43; will accept your code, but allowing the use of an undeclared name is deprecated)
   {fastPinMode(pin, mode); fastDigitalWrite(pin, level);}
    ^
/home/ec2-user/arduino-testlib/cli-datadir/user/libraries/DigitalIO/src/DigitalPin.h:328:5: note: in expansion of macro &#39;fastPinConfig&#39;
     fastPinConfig(PinNumber, mode, level);
     ^~~~~~~~~~~~~
/home/ec2-user/arduino-testlib/cli-datadir/user/libraries/DigitalIO/src/DigitalPin.h: In member function &#39;void DigitalPin&lt;PinNumber&gt;::mode(uint8_t)&#39;:
/home/ec2-user/arduino-testlib/cli-datadir/user/libraries/DigitalIO/src/DigitalPin.h:352:5: error: there are no arguments to &#39;fastPinMode&#39; that depend on a template parameter, so a declaration of &#39;fastPinMode&#39; must be available [-fpermissive]
     fastPinMode(PinNumber, mode);
     ^~~~~~~~~~~
/home/ec2-user/arduino-testlib/cli-datadir/user/libraries/DigitalIO/src/SoftSPI.h: In member function &#39;void SoftSPI&lt;MisoPin, MosiPin, SckPin, Mode&gt;::begin()&#39;:
/home/ec2-user/arduino-testlib/cli-datadir/user/libraries/DigitalIO/src/DigitalPin.h:290:4: error: there are no arguments to &#39;fastPinMode&#39; that depend on a template parameter, so a declaration of &#39;fastPinMode&#39; must be available [-fpermissive]
   {fastPinMode(pin, mode); fastDigitalWrite(pin, level);}
    ^
/home/ec2-user/arduino-testlib/cli-datadir/user/libraries/DigitalIO/src/SoftSPI.h:55:5: note: in expansion of macro &#39;fastPinConfig&#39;
     fastPinConfig(MisoPin, MISO_MODE, MISO_LEVEL);
     ^~~~~~~~~~~~~
/home/ec2-user/arduino-testlib/cli-datadir/user/libraries/DigitalIO/src/DigitalPin.h:290:4: error: there are no arguments to &#39;fastPinMode&#39; that depend on a template parameter, so a declaration of &#39;fastPinMode&#39; must be available [-fpermissive]
   {fastPinMode(pin, mode); fastDigitalWrite(pin, level);}
    ^
/home/ec2-user/arduino-testlib/cli-datadir/user/libraries/DigitalIO/src/SoftSPI.h:56:5: note: in expansion of macro &#39;fastPinConfig&#39;
     fastPinConfig(MosiPin, MOSI_MODE, !MODE_CPHA(Mode));
     ^~~~~~~~~~~~~
/home/ec2-user/arduino-testlib/cli-datadir/user/libraries/DigitalIO/src/DigitalPin.h:290:4: error: there are no arguments to &#39;fastPinMode&#39; that depend on a template parameter, so a declaration of &#39;fastPinMode&#39; must be available [-fpermissive]
   {fastPinMode(pin, mode); fastDigitalWrite(pin, level);}
    ^
/home/ec2-user/arduino-testlib/cli-datadir/user/libraries/DigitalIO/src/SoftSPI.h:57:5: note: in expansion of macro &#39;fastPinConfig&#39;
     fastPinConfig(SckPin, SCK_MODE, MODE_CPOL(Mode));
     ^~~~~~~~~~~~~
/home/ec2-user/arduino-testlib/cli-datadir/user/libraries/DigitalIO/examples/testFastDigital/testFastDigital.ino: In function &#39;void setup()&#39;:
/home/ec2-user/arduino-testlib/cli-datadir/user/libraries/DigitalIO/examples/testFastDigital/testFastDigital.ino:5:3: error: &#39;fastPinMode&#39; was not declared in this scope
   fastPinMode(PIN, OUTPUT);
   ^~~~~~~~~~~
/home/ec2-user/arduino-testlib/cli-datadir/user/libraries/DigitalIO/examples/testFastDigital/testFastDigital.ino:5:3: note: suggested alternative: &#39;PinMode&#39;
   fastPinMode(PIN, OUTPUT);
   ^~~~~~~~~~~
   PinMode

</pre>
					
					<h4>examples/testPinIO</h4>
					<p>
						Result: <b>FAIL</b>
					</p>
					<pre class="pre-scrollable">/home/ec2-user/arduino-testlib/cli-datadir/user/libraries/DigitalIO/examples/testPinIO/testPinIO.ino:23:2: error: #error AVR only example
 #error AVR only example
  ^~~~~

</pre>
					
					<h4>examples/testSoftSPI</h4>
					<p>
						Result: <b>FAIL</b>
					</p>
					<pre class="pre-scrollable">In file included from /home/ec2-user/arduino-testlib/cli-datadir/user/libraries/DigitalIO/src/DigitalIO.h:31:0,
                 from /home/ec2-user/arduino-testlib/cli-datadir/user/libraries/DigitalIO/examples/testSoftSPI/testSoftSPI.ino:2:
/home/ec2-user/arduino-testlib/cli-datadir/user/libraries/DigitalIO/src/DigitalPin.h:278:25: error: variable or field &#39;fastPinMode&#39; declared void
 inline void fastPinMode(pin, mode) {
                         ^~~
/home/ec2-user/arduino-testlib/cli-datadir/user/libraries/DigitalIO/src/DigitalPin.h:278:25: error: &#39;pin&#39; was not declared in this scope
/home/ec2-user/arduino-testlib/cli-datadir/user/libraries/DigitalIO/src/DigitalPin.h:278:25: note: suggested alternative: &#39;min&#39;
 inline void fastPinMode(pin, mode) {
                         ^~~
                         min
/home/ec2-user/arduino-testlib/cli-datadir/user/libraries/DigitalIO/src/DigitalPin.h:278:30: error: &#39;mode&#39; was not declared in this scope
 inline void fastPinMode(pin, mode) {
                              ^~~~
/home/ec2-user/arduino-testlib/cli-datadir/user/libraries/DigitalIO/src/DigitalPin.h:278:30: note: suggested alternative: &#39;modf&#39;
 inline void fastPinMode(pin, mode) {
                              ^~~~
                              modf
/home/ec2-user/arduino-testlib/cli-datadir/user/libraries/DigitalIO/src/DigitalPin.h: In member function &#39;void DigitalPin&lt;PinNumber&gt;::config(uint8_t, bool)&#39;:
/home/ec2-user/arduino-testlib/cli-datadir/user/libraries/DigitalIO/src/DigitalPin.h:290:4: error: there are no arguments to &#39;fastPinMode&#39; that depend on a template parameter, so a declaration of &#39;fastPinMode&#39; must be available [-fpermissive]
   {fastPinMode(pin, mode); fastDigitalWrite(pin, level);}
    ^
/home/ec2-user/arduino-testlib/cli-datadir/user/libraries/DigitalIO/src/DigitalPin.h:328:5: note: in expansion of macro &#39;fastPinConfig&#39;
     fastPinConfig(PinNumber, mode, level);
     ^~~~~~~~~~~~~
/home/ec2-user/arduino-testlib/cli-datadir/user/libraries/DigitalIO/src/DigitalPin.h:290:4: note: (if you use &#39;-fpermissive&#39;, G&#43;&#43; will accept your code, but allowing the use of an undeclared name is deprecated)
   {fastPinMode(pin, mode); fastDigitalWrite(pin, level);}
    ^
/home/ec2-user/arduino-testlib/cli-datadir/user/libraries/DigitalIO/src/DigitalPin.h:328:5: note: in expansion of macro &#39;fastPinConfig&#39;
     fastPinConfig(PinNumber, mode, level);
     ^~~~~~~~~~~~~
/home/ec2-user/arduino-testlib/cli-datadir/user/libraries/DigitalIO/src/DigitalPin.h: In member function &#39;void DigitalPin&lt;PinNumber&gt;::mode(uint8_t)&#39;:
/home/ec2-user/arduino-testlib/cli-datadir/user/libraries/DigitalIO/src/DigitalPin.h:352:5: error: there are no arguments to &#39;fastPinMode&#39; that depend on a template parameter, so a declaration of &#39;fastPinMode&#39; must be available [-fpermissive]
     fastPinMode(PinNumber, mode);
     ^~~~~~~~~~~
/home/ec2-user/arduino-testlib/cli-datadir/user/libraries/DigitalIO/src/SoftSPI.h: In member function &#39;void SoftSPI&lt;MisoPin, MosiPin, SckPin, Mode&gt;::begin()&#39;:
/home/ec2-user/arduino-testlib/cli-datadir/user/libraries/DigitalIO/src/DigitalPin.h:290:4: error: there are no arguments to &#39;fastPinMode&#39; that depend on a template parameter, so a declaration of &#39;fastPinMode&#39; must be available [-fpermissive]
   {fastPinMode(pin, mode); fastDigitalWrite(pin, level);}
    ^
/home/ec2-user/arduino-testlib/cli-datadir/user/libraries/DigitalIO/src/SoftSPI.h:55:5: note: in expansion of macro &#39;fastPinConfig&#39;
     fastPinConfig(MisoPin, MISO_MODE, MISO_LEVEL);
     ^~~~~~~~~~~~~
/home/ec2-user/arduino-testlib/cli-datadir/user/libraries/DigitalIO/src/DigitalPin.h:290:4: error: there are no arguments to &#39;fastPinMode&#39; that depend on a template parameter, so a declaration of &#39;fastPinMode&#39; must be available [-fpermissive]
   {fastPinMode(pin, mode); fastDigitalWrite(pin, level);}
    ^
/home/ec2-user/arduino-testlib/cli-datadir/user/libraries/DigitalIO/src/SoftSPI.h:56:5: note: in expansion of macro &#39;fastPinConfig&#39;
     fastPinConfig(MosiPin, MOSI_MODE, !MODE_CPHA(Mode));
     ^~~~~~~~~~~~~
/home/ec2-user/arduino-testlib/cli-datadir/user/libraries/DigitalIO/src/DigitalPin.h:290:4: error: there are no arguments to &#39;fastPinMode&#39; that depend on a template parameter, so a declaration of &#39;fastPinMode&#39; must be available [-fpermissive]
   {fastPinMode(pin, mode); fastDigitalWrite(pin, level);}
    ^
/home/ec2-user/arduino-testlib/cli-datadir/user/libraries/DigitalIO/src/SoftSPI.h:57:5: note: in expansion of macro &#39;fastPinConfig&#39;
     fastPinConfig(SckPin, SCK_MODE, MODE_CPOL(Mode));
     ^~~~~~~~~~~~~
/home/ec2-user/arduino-testlib/cli-datadir/user/libraries/DigitalIO/src/SoftSPI.h: In instantiation of &#39;void SoftSPI&lt;MisoPin, MosiPin, SckPin, Mode&gt;::begin() [with unsigned char MisoPin = 7; unsigned char MosiPin = 8; unsigned char SckPin = 9; unsigned char Mode = 0]&#39;:
/home/ec2-user/arduino-testlib/cli-datadir/user/libraries/DigitalIO/examples/testSoftSPI/testSoftSPI.ino:14:13:   required from here
/home/ec2-user/arduino-testlib/cli-datadir/user/libraries/DigitalIO/src/DigitalPin.h:290:15: error: &#39;fastPinMode&#39; was not declared in this scope
   {fastPinMode(pin, mode); fastDigitalWrite(pin, level);}
    ~~~~~~~~~~~^~~~~~~~~~~
/home/ec2-user/arduino-testlib/cli-datadir/user/libraries/DigitalIO/src/SoftSPI.h:55:5: note: in expansion of macro &#39;fastPinConfig&#39;
     fastPinConfig(MisoPin, MISO_MODE, MISO_LEVEL);
     ^~~~~~~~~~~~~
/home/ec2-user/arduino-testlib/cli-datadir/user/libraries/DigitalIO/src/DigitalPin.h:290:15: note: suggested alternative: &#39;PinMode&#39;
   {fastPinMode(pin, mode); fastDigitalWrite(pin, level);}
    ~~~~~~~~~~~^~~~~~~~~~~
/home/ec2-user/arduino-testlib/cli-datadir/user/libraries/DigitalIO/src/SoftSPI.h:55:5: note: in expansion of macro &#39;fastPinConfig&#39;
     fastPinConfig(MisoPin, MISO_MODE, MISO_LEVEL);
     ^~~~~~~~~~~~~
/home/ec2-user/arduino-testlib/cli-datadir/user/libraries/DigitalIO/src/DigitalPin.h:290:15: error: &#39;fastPinMode&#39; was not declared in this scope
   {fastPinMode(pin, mode); fastDigitalWrite(pin, level);}
    ~~~~~~~~~~~^~~~~~~~~~~
/home/ec2-user/arduino-testlib/cli-datadir/user/libraries/DigitalIO/src/SoftSPI.h:56:5: note: in expansion of macro &#39;fastPinConfig&#39;
     fastPinConfig(MosiPin, MOSI_MODE, !MODE_CPHA(Mode));
     ^~~~~~~~~~~~~
/home/ec2-user/arduino-testlib/cli-datadir/user/libraries/DigitalIO/src/DigitalPin.h:290:15: note: suggested alternative: &#39;PinMode&#39;
   {fastPinMode(pin, mode); fastDigitalWrite(pin, level);}
    ~~~~~~~~~~~^~~~~~~~~~~
/home/ec2-user/arduino-testlib/cli-datadir/user/libraries/DigitalIO/src/SoftSPI.h:56:5: note: in expansion of macro &#39;fastPinConfig&#39;
     fastPinConfig(MosiPin, MOSI_MODE, !MODE_CPHA(Mode));
     ^~~~~~~~~~~~~
/home/ec2-user/arduino-testlib/cli-datadir/user/libraries/DigitalIO/src/DigitalPin.h:290:15: error: &#39;fastPinMode&#39; was not declared in this scope
   {fastPinMode(pin, mode); fastDigitalWrite(pin, level);}
    ~~~~~~~~~~~^~~~~~~~~~~
/home/ec2-user/arduino-testlib/cli-datadir/user/libraries/DigitalIO/src/SoftSPI.h:57:5: note: in expansion of macro &#39;fastPinConfig&#39;
     fastPinConfig(SckPin, SCK_MODE, MODE_CPOL(Mode));
     ^~~~~~~~~~~~~
/home/ec2-user/arduino-testlib/cli-datadir/user/libraries/DigitalIO/src/DigitalPin.h:290:15: note: suggested alternative: &#39;PinMode&#39;
   {fastPinMode(pin, mode); fastDigitalWrite(pin, level);}
    ~~~~~~~~~~~^~~~~~~~~~~
/home/ec2-user/arduino-testlib/cli-datadir/user/libraries/DigitalIO/src/SoftSPI.h:57:5: note: in expansion of macro &#39;fastPinConfig&#39;
     fastPinConfig(SckPin, SCK_MODE, MODE_CPOL(Mode));
     ^~~~~~~~~~~~~

</pre>
					
				
				<h3 id="arduino:megaavr:nona4809">arduino:megaavr:nona4809 @ 1.8.7</h3>
				<h4>Inclusion</h4>
				<p>
					Result: <b>FAIL</b>
					
				</p>
				<pre class="pre-scrollable">In file included from /home/ec2-user/arduino-testlib/cli-datadir/user/libraries/DigitalIO/src/DigitalPin.h:44:0,
                 from /home/ec2-user/arduino-testlib/cli-datadir/user/libraries/DigitalIO/src/DigitalIO.h:31,
                 from /tmp/arduino-testlib3904942956/test/test.ino:1:
/home/ec2-user/arduino-testlib/cli-datadir/user/libraries/DigitalIO/src/boards/GpioPinMap.h:62:2: error: #error Unknown board type.
 #error Unknown board type.
  ^~~~~

</pre>

					
					<h4>examples/DigitalPinBlink</h4>
					<p>
						Result: <b>FAIL</b>
					</p>
					<pre class="pre-scrollable">In file included from /home/ec2-user/arduino-testlib/cli-datadir/user/libraries/DigitalIO/src/DigitalPin.h:44:0,
                 from /home/ec2-user/arduino-testlib/cli-datadir/user/libraries/DigitalIO/src/DigitalIO.h:31,
                 from /home/ec2-user/arduino-testlib/cli-datadir/user/libraries/DigitalIO/examples/DigitalPinBlink/DigitalPinBlink.ino:2:
/home/ec2-user/arduino-testlib/cli-datadir/user/libraries/DigitalIO/src/boards/GpioPinMap.h:62:2: error: #error Unknown board type.
 #error Unknown board type.
  ^~~~~

</pre>
					
					<h4>examples/DigitalPinConfigToggle</h4>
					<p>
						Result: <b>FAIL</b>
					</p>
					<pre class="pre-scrollable">In file included from /home/ec2-user/arduino-testlib/cli-datadir/user/libraries/DigitalIO/src/DigitalPin.h:44:0,
                 from /home/ec2-user/arduino-testlib/cli-datadir/user/libraries/DigitalIO/src/DigitalIO.h:31,
                 from /home/ec2-user/arduino-testlib/cli-datadir/user/libraries/DigitalIO/examples/DigitalPinConfigToggle/DigitalPinConfigToggle.ino:2:
/home/ec2-user/arduino-testlib/cli-datadir/user/libraries/DigitalIO/src/boards/GpioPinMap.h:62:2: error: #error Unknown board type.
 #error Unknown board type.
  ^~~~~

</pre>
					
					<h4>examples/DigitalPinReadWrite</h4>
					<p>
						Result: <b>FAIL</b>
					</p>
					<pre class="pre-scrollable">In file included from /home/ec2-user/arduino-testlib/cli-datadir/user/libraries/DigitalIO/src/DigitalPin.h:44:0,
                 from /home/ec2-user/arduino-testlib/cli-datadir/user/libraries/DigitalIO/src/DigitalIO.h:31,
                 from /home/ec2-user/arduino-testlib/cli-datadir/user/libraries/DigitalIO/examples/DigitalPinReadWrite/DigitalPinReadWrite.ino:2:
/home/ec2-user/arduino-testlib/cli-datadir/user/libraries/DigitalIO/src/boards/GpioPinMap.h:62:2: error: #error Unknown board type.
 #error Unknown board type.
  ^~~~~

</pre>
					
					<h4>examples/DigitalPinShiftOut</h4>
					<p>
						Result: <b>FAIL</b>
					</p>
					<pre class="pre-scrollable">In file included from /home/ec2-user/arduino-testlib/cli-datadir/user/libraries/DigitalIO/src/DigitalPin.h:44:0,
                 from /home/ec2-user/arduino-testlib/cli-datadir/user/libraries/DigitalIO/src/DigitalIO.h:31,
                 from /home/ec2-user/arduino-testlib/cli-datadir/user/libraries/DigitalIO/examples/DigitalPinShiftOut/DigitalPinShiftOut.ino:2:
/home/ec2-user/arduino-testlib/cli-datadir/user/libraries/DigitalIO/src/boards/GpioPinMap.h:62:2: error: #error Unknown board type.
 #error Unknown board type.
  ^~~~~

</pre>
					
					<h4>examples/GpioPinMap</h4>
					<p>
						Result: <b>PASS</b>
					</p>
					<pre class="pre-scrollable">Sketch uses 3215 bytes (6%) of program storage space. Maximum is 49152 bytes.
Global variables use 177 bytes (2%) of dynamic memory, leaving 5967 bytes for local variables. Maximum is 6144 bytes.
</pre>
					
					<h4>examples/PinIOBegin</h4>
					<p>
						Result: <b>FAIL</b>
					</p>
					<pre class="pre-scrollable">In file included from /home/ec2-user/arduino-testlib/cli-datadir/user/libraries/DigitalIO/src/DigitalPin.h:44:0,
                 from /home/ec2-user/arduino-testlib/cli-datadir/user/libraries/DigitalIO/src/DigitalIO.h:31,
                 from /home/ec2-user/arduino-testlib/cli-datadir/user/libraries/DigitalIO/examples/PinIOBegin/PinIOBegin.ino:4:
/home/ec2-user/arduino-testlib/cli-datadir/user/libraries/DigitalIO/src/boards/GpioPinMap.h:62:2: error: #error Unknown board type.
 #error Unknown board type.
  ^~~~~

</pre>
					
					<h4>examples/PinIOConfigToggle</h4>
					<p>
						Result: <b>FAIL</b>
					</p>
					<pre class="pre-scrollable">In file included from /home/ec2-user/arduino-testlib/cli-datadir/user/libraries/DigitalIO/src/DigitalPin.h:44:0,
                 from /home/ec2-user/arduino-testlib/cli-datadir/user/libraries/DigitalIO/src/DigitalIO.h:31,
                 from /home/ec2-user/arduino-testlib/cli-datadir/user/libraries/DigitalIO/examples/PinIOConfigToggle/PinIOConfigToggle.ino:3:
/home/ec2-user/arduino-testlib/cli-datadir/user/libraries/DigitalIO/src/boards/GpioPinMap.h:62:2: error: #error Unknown board type.
 #error Unknown board type.
  ^~~~~

</pre>
					
					<h4>examples/PinIOReadWrite</h4>
					<p>
						Result: <b>FAIL</b>
					</p>
					<pre class="pre-scrollable">In file included from /home/ec2-user/arduino-testlib/cli-datadir/user/libraries/DigitalIO/src/DigitalPin.h:44:0,
                 from /home/ec2-user/arduino-testlib/cli-datadir/user/libraries/DigitalIO/src/DigitalIO.h:31,
                 from /home/ec2-user/arduino-testlib/cli-datadir/user/libraries/DigitalIO/examples/PinIOReadWrite/PinIOReadWrite.ino:3:
/home/ec2-user/arduino-testlib/cli-datadir/user/libraries/DigitalIO/src/boards/GpioPinMap.h:62:2: error: #error Unknown board type.
 #error Unknown board type.
  ^~~~~

</pre>
					
					<h4>examples/ScanI2cBus</h4>
					<p>
						Result: <b>FAIL</b>
					</p>
					<pre class="pre-scrollable">In file included from /home/ec2-user/arduino-testlib/cli-datadir/user/libraries/DigitalIO/src/DigitalPin.h:44:0,
                 from /home/ec2-user/arduino-testlib/cli-datadir/user/libraries/DigitalIO/src/DigitalIO.h:31,
                 from /home/ec2-user/arduino-testlib/cli-datadir/user/libraries/DigitalIO/examples/ScanI2cBus/ScanI2cBus.ino:21:
/home/ec2-user/arduino-testlib/cli-datadir/user/libraries/DigitalIO/src/boards/GpioPinMap.h:62:2: error: #error Unknown board type.
 #error Unknown board type.
  ^~~~~

</pre>
					
					<h4>examples/SoftDS1307Utility</h4>
					<p>
						Result: <b>FAIL</b>
					</p>
					<pre class="pre-scrollable">In file included from /home/ec2-user/arduino-testlib/cli-datadir/user/libraries/DigitalIO/src/DigitalPin.h:44:0,
                 from /home/ec2-user/arduino-testlib/cli-datadir/user/libraries/DigitalIO/src/DigitalIO.h:31,
                 from /home/ec2-user/arduino-testlib/cli-datadir/user/libraries/DigitalIO/examples/SoftDS1307Utility/SoftDS1307Utility.ino:4:
/home/ec2-user/arduino-testlib/cli-datadir/user/libraries/DigitalIO/src/boards/GpioPinMap.h:62:2: error: #error Unknown board type.
 #error Unknown board type.
  ^~~~~

</pre>
					
					<h4>examples/testArduino</h4>
					<p>
						Result: <b>PASS</b>
					</p>
					<pre class="pre-scrollable">Sketch uses 1104 bytes (2%) of program storage space. Maximum is 49152 bytes.
Global variables use 22 bytes (0%) of dynamic memory, leaving 6122 bytes for local variables. Maximum is 6144 bytes.
</pre>
					
					<h4>examples/testDigitalPin</h4>
					<p>
						Result: <b>FAIL</b>
					</p>
					<pre class="pre-scrollable">In file included from /home/ec2-user/arduino-testlib/cli-datadir/user/libraries/DigitalIO/src/DigitalPin.h:44:0,
                 from /home/ec2-user/arduino-testlib/cli-datadir/user/libraries/DigitalIO/src/DigitalIO.h:31,
                 from /home/ec2-user/arduino-testlib/cli-datadir/user/libraries/DigitalIO/examples/testDigitalPin/testDigitalPin.ino:2:
/home/ec2-user/arduino-testlib/cli-datadir/user/libraries/DigitalIO/src/boards/GpioPinMap.h:62:2: error: #error Unknown board type.
 #error Unknown board type.
  ^~~~~

</pre>
					
					<h4>examples/testFastDigital</h4>
					<p>
						Result: <b>FAIL</b>
					</p>
					<pre class="pre-scrollable">In file included from /home/ec2-user/arduino-testlib/cli-datadir/user/libraries/DigitalIO/src/DigitalPin.h:44:0,
                 from /home/ec2-user/arduino-testlib/cli-datadir/user/libraries/DigitalIO/src/DigitalIO.h:31,
                 from /home/ec2-user/arduino-testlib/cli-datadir/user/libraries/DigitalIO/examples/testFastDigital/testFastDigital.ino:2:
/home/ec2-user/arduino-testlib/cli-datadir/user/libraries/DigitalIO/src/boards/GpioPinMap.h:62:2: error: #error Unknown board type.
 #error Unknown board type.
  ^~~~~

</pre>
					
					<h4>examples/testPinIO</h4>
					<p>
						Result: <b>FAIL</b>
					</p>
					<pre class="pre-scrollable">In file included from /home/ec2-user/arduino-testlib/cli-datadir/user/libraries/DigitalIO/src/DigitalPin.h:44:0,
                 from /home/ec2-user/arduino-testlib/cli-datadir/user/libraries/DigitalIO/src/DigitalIO.h:31,
                 from /home/ec2-user/arduino-testlib/cli-datadir/user/libraries/DigitalIO/examples/testPinIO/testPinIO.ino:4:
/home/ec2-user/arduino-testlib/cli-datadir/user/libraries/DigitalIO/src/boards/GpioPinMap.h:62:2: error: #error Unknown board type.
 #error Unknown board type.
  ^~~~~

</pre>
					
					<h4>examples/testSoftSPI</h4>
					<p>
						Result: <b>FAIL</b>
					</p>
					<pre class="pre-scrollable">In file included from /home/ec2-user/arduino-testlib/cli-datadir/user/libraries/DigitalIO/src/DigitalPin.h:44:0,
                 from /home/ec2-user/arduino-testlib/cli-datadir/user/libraries/DigitalIO/src/DigitalIO.h:31,
                 from /home/ec2-user/arduino-testlib/cli-datadir/user/libraries/DigitalIO/examples/testSoftSPI/testSoftSPI.ino:2:
/home/ec2-user/arduino-testlib/cli-datadir/user/libraries/DigitalIO/src/boards/GpioPinMap.h:62:2: error: #error Unknown board type.
 #error Unknown board type.
  ^~~~~

</pre>
					
				
				<h3 id="arduino:samd:mkrwifi1010">arduino:samd:mkrwifi1010 @ 1.8.12</h3>
				<h4>Inclusion</h4>
				<p>
					Result: <b>FAIL</b>
					
				</p>
				<pre class="pre-scrollable">In file included from /home/ec2-user/arduino-testlib/cli-datadir/user/libraries/DigitalIO/src/DigitalIO.h:31:0,
                 from /tmp/arduino-testlib884985520/test/test.ino:1:
/home/ec2-user/arduino-testlib/cli-datadir/user/libraries/DigitalIO/src/DigitalPin.h:278:25: error: variable or field &#39;fastPinMode&#39; declared void
 inline void fastPinMode(pin, mode) {
                         ^~~
/home/ec2-user/arduino-testlib/cli-datadir/user/libraries/DigitalIO/src/DigitalPin.h:278:25: error: &#39;pin&#39; was not declared in this scope
/home/ec2-user/arduino-testlib/cli-datadir/user/libraries/DigitalIO/src/DigitalPin.h:278:25: note: suggested alternative: &#39;min&#39;
 inline void fastPinMode(pin, mode) {
                         ^~~
                         min
/home/ec2-user/arduino-testlib/cli-datadir/user/libraries/DigitalIO/src/DigitalPin.h:278:30: error: &#39;mode&#39; was not declared in this scope
 inline void fastPinMode(pin, mode) {
                              ^~~~
/home/ec2-user/arduino-testlib/cli-datadir/user/libraries/DigitalIO/src/DigitalPin.h:278:30: note: suggested alternative: &#39;modf&#39;
 inline void fastPinMode(pin, mode) {
                              ^~~~
                              modf
/home/ec2-user/arduino-testlib/cli-datadir/user/libraries/DigitalIO/src/DigitalPin.h: In member function &#39;void DigitalPin&lt;PinNumber&gt;::config(uint8_t, bool)&#39;:
/home/ec2-user/arduino-testlib/cli-datadir/user/libraries/DigitalIO/src/DigitalPin.h:290:4: error: there are no arguments to &#39;fastPinMode&#39; that depend on a template parameter, so a declaration of &#39;fastPinMode&#39; must be available [-fpermissive]
   {fastPinMode(pin, mode); fastDigitalWrite(pin, level);}
    ^
/home/ec2-user/arduino-testlib/cli-datadir/user/libraries/DigitalIO/src/DigitalPin.h:328:5: note: in expansion of macro &#39;fastPinConfig&#39;
     fastPinConfig(PinNumber, mode, level);
     ^~~~~~~~~~~~~
/home/ec2-user/arduino-testlib/cli-datadir/user/libraries/DigitalIO/src/DigitalPin.h:290:4: note: (if you use &#39;-fpermissive&#39;, G&#43;&#43; will accept your code, but allowing the use of an undeclared name is deprecated)
   {fastPinMode(pin, mode); fastDigitalWrite(pin, level);}
    ^
/home/ec2-user/arduino-testlib/cli-datadir/user/libraries/DigitalIO/src/DigitalPin.h:328:5: note: in expansion of macro &#39;fastPinConfig&#39;
     fastPinConfig(PinNumber, mode, level);
     ^~~~~~~~~~~~~
/home/ec2-user/arduino-testlib/cli-datadir/user/libraries/DigitalIO/src/DigitalPin.h: In member function &#39;void DigitalPin&lt;PinNumber&gt;::mode(uint8_t)&#39;:
/home/ec2-user/arduino-testlib/cli-datadir/user/libraries/DigitalIO/src/DigitalPin.h:352:5: error: there are no arguments to &#39;fastPinMode&#39; that depend on a template parameter, so a declaration of &#39;fastPinMode&#39; must be available [-fpermissive]
     fastPinMode(PinNumber, mode);
     ^~~~~~~~~~~
/home/ec2-user/arduino-testlib/cli-datadir/user/libraries/DigitalIO/src/SoftSPI.h: In member function &#39;void SoftSPI&lt;MisoPin, MosiPin, SckPin, Mode&gt;::begin()&#39;:
/home/ec2-user/arduino-testlib/cli-datadir/user/libraries/DigitalIO/src/DigitalPin.h:290:4: error: there are no arguments to &#39;fastPinMode&#39; that depend on a template parameter, so a declaration of &#39;fastPinMode&#39; must be available [-fpermissive]
   {fastPinMode(pin, mode); fastDigitalWrite(pin, level);}
    ^
/home/ec2-user/arduino-testlib/cli-datadir/user/libraries/DigitalIO/src/SoftSPI.h:55:5: note: in expansion of macro &#39;fastPinConfig&#39;
     fastPinConfig(MisoPin, MISO_MODE, MISO_LEVEL);
     ^~~~~~~~~~~~~
/home/ec2-user/arduino-testlib/cli-datadir/user/libraries/DigitalIO/src/DigitalPin.h:290:4: error: there are no arguments to &#39;fastPinMode&#39; that depend on a template parameter, so a declaration of &#39;fastPinMode&#39; must be available [-fpermissive]
   {fastPinMode(pin, mode); fastDigitalWrite(pin, level);}
    ^
/home/ec2-user/arduino-testlib/cli-datadir/user/libraries/DigitalIO/src/SoftSPI.h:56:5: note: in expansion of macro &#39;fastPinConfig&#39;
     fastPinConfig(MosiPin, MOSI_MODE, !MODE_CPHA(Mode));
     ^~~~~~~~~~~~~
/home/ec2-user/arduino-testlib/cli-datadir/user/libraries/DigitalIO/src/DigitalPin.h:290:4: error: there are no arguments to &#39;fastPinMode&#39; that depend on a template parameter, so a declaration of &#39;fastPinMode&#39; must be available [-fpermissive]
   {fastPinMode(pin, mode); fastDigitalWrite(pin, level);}
    ^
/home/ec2-user/arduino-testlib/cli-datadir/user/libraries/DigitalIO/src/SoftSPI.h:57:5: note: in expansion of macro &#39;fastPinConfig&#39;
     fastPinConfig(SckPin, SCK_MODE, MODE_CPOL(Mode));
     ^~~~~~~~~~~~~

</pre>

					
					<h4>examples/DigitalPinBlink</h4>
					<p>
						Result: <b>FAIL</b>
					</p>
					<pre class="pre-scrollable">In file included from /home/ec2-user/arduino-testlib/cli-datadir/user/libraries/DigitalIO/src/DigitalIO.h:31:0,
                 from /home/ec2-user/arduino-testlib/cli-datadir/user/libraries/DigitalIO/examples/DigitalPinBlink/DigitalPinBlink.ino:2:
/home/ec2-user/arduino-testlib/cli-datadir/user/libraries/DigitalIO/src/DigitalPin.h:278:25: error: variable or field &#39;fastPinMode&#39; declared void
 inline void fastPinMode(pin, mode) {
                         ^~~
/home/ec2-user/arduino-testlib/cli-datadir/user/libraries/DigitalIO/src/DigitalPin.h:278:25: error: &#39;pin&#39; was not declared in this scope
/home/ec2-user/arduino-testlib/cli-datadir/user/libraries/DigitalIO/src/DigitalPin.h:278:25: note: suggested alternative: &#39;min&#39;
 inline void fastPinMode(pin, mode) {
                         ^~~
                         min
/home/ec2-user/arduino-testlib/cli-datadir/user/libraries/DigitalIO/src/DigitalPin.h:278:30: error: &#39;mode&#39; was not declared in this scope
 inline void fastPinMode(pin, mode) {
                              ^~~~
/home/ec2-user/arduino-testlib/cli-datadir/user/libraries/DigitalIO/src/DigitalPin.h:278:30: note: suggested alternative: &#39;modf&#39;
 inline void fastPinMode(pin, mode) {
                              ^~~~
                              modf
/home/ec2-user/arduino-testlib/cli-datadir/user/libraries/DigitalIO/src/DigitalPin.h: In member function &#39;void DigitalPin&lt;PinNumber&gt;::config(uint8_t, bool)&#39;:
/home/ec2-user/arduino-testlib/cli-datadir/user/libraries/DigitalIO/src/DigitalPin.h:290:4: error: there are no arguments to &#39;fastPinMode&#39; that depend on a template parameter, so a declaration of &#39;fastPinMode&#39; must be available [-fpermissive]
   {fastPinMode(pin, mode); fastDigitalWrite(pin, level);}
    ^
/home/ec2-user/arduino-testlib/cli-datadir/user/libraries/DigitalIO/src/DigitalPin.h:328:5: note: in expansion of macro &#39;fastPinConfig&#39;
     fastPinConfig(PinNumber, mode, level);
     ^~~~~~~~~~~~~
/home/ec2-user/arduino-testlib/cli-datadir/user/libraries/DigitalIO/src/DigitalPin.h:290:4: note: (if you use &#39;-fpermissive&#39;, G&#43;&#43; will accept your code, but allowing the use of an undeclared name is deprecated)
   {fastPinMode(pin, mode); fastDigitalWrite(pin, level);}
    ^
/home/ec2-user/arduino-testlib/cli-datadir/user/libraries/DigitalIO/src/DigitalPin.h:328:5: note: in expansion of macro &#39;fastPinConfig&#39;
     fastPinConfig(PinNumber, mode, level);
     ^~~~~~~~~~~~~
/home/ec2-user/arduino-testlib/cli-datadir/user/libraries/DigitalIO/src/DigitalPin.h: In member function &#39;void DigitalPin&lt;PinNumber&gt;::mode(uint8_t)&#39;:
/home/ec2-user/arduino-testlib/cli-datadir/user/libraries/DigitalIO/src/DigitalPin.h:352:5: error: there are no arguments to &#39;fastPinMode&#39; that depend on a template parameter, so a declaration of &#39;fastPinMode&#39; must be available [-fpermissive]
     fastPinMode(PinNumber, mode);
     ^~~~~~~~~~~
/home/ec2-user/arduino-testlib/cli-datadir/user/libraries/DigitalIO/src/SoftSPI.h: In member function &#39;void SoftSPI&lt;MisoPin, MosiPin, SckPin, Mode&gt;::begin()&#39;:
/home/ec2-user/arduino-testlib/cli-datadir/user/libraries/DigitalIO/src/DigitalPin.h:290:4: error: there are no arguments to &#39;fastPinMode&#39; that depend on a template parameter, so a declaration of &#39;fastPinMode&#39; must be available [-fpermissive]
   {fastPinMode(pin, mode); fastDigitalWrite(pin, level);}
    ^
/home/ec2-user/arduino-testlib/cli-datadir/user/libraries/DigitalIO/src/SoftSPI.h:55:5: note: in expansion of macro &#39;fastPinConfig&#39;
     fastPinConfig(MisoPin, MISO_MODE, MISO_LEVEL);
     ^~~~~~~~~~~~~
/home/ec2-user/arduino-testlib/cli-datadir/user/libraries/DigitalIO/src/DigitalPin.h:290:4: error: there are no arguments to &#39;fastPinMode&#39; that depend on a template parameter, so a declaration of &#39;fastPinMode&#39; must be available [-fpermissive]
   {fastPinMode(pin, mode); fastDigitalWrite(pin, level);}
    ^
/home/ec2-user/arduino-testlib/cli-datadir/user/libraries/DigitalIO/src/SoftSPI.h:56:5: note: in expansion of macro &#39;fastPinConfig&#39;
     fastPinConfig(MosiPin, MOSI_MODE, !MODE_CPHA(Mode));
     ^~~~~~~~~~~~~
/home/ec2-user/arduino-testlib/cli-datadir/user/libraries/DigitalIO/src/DigitalPin.h:290:4: error: there are no arguments to &#39;fastPinMode&#39; that depend on a template parameter, so a declaration of &#39;fastPinMode&#39; must be available [-fpermissive]
   {fastPinMode(pin, mode); fastDigitalWrite(pin, level);}
    ^
/home/ec2-user/arduino-testlib/cli-datadir/user/libraries/DigitalIO/src/SoftSPI.h:57:5: note: in expansion of macro &#39;fastPinConfig&#39;
     fastPinConfig(SckPin, SCK_MODE, MODE_CPOL(Mode));
     ^~~~~~~~~~~~~
/home/ec2-user/arduino-testlib/cli-datadir/user/libraries/DigitalIO/src/DigitalPin.h: In instantiation of &#39;void DigitalPin&lt;PinNumber&gt;::mode(uint8_t) [with unsigned char PinNumber = 13; uint8_t = unsigned char]&#39;:
/home/ec2-user/arduino-testlib/cli-datadir/user/libraries/DigitalIO/examples/DigitalPinBlink/DigitalPinBlink.ino:7:19:   required from here
/home/ec2-user/arduino-testlib/cli-datadir/user/libraries/DigitalIO/src/DigitalPin.h:352:16: error: &#39;fastPinMode&#39; was not declared in this scope
     fastPinMode(PinNumber, mode);
     ~~~~~~~~~~~^~~~~~~~~~~~~~~~~
/home/ec2-user/arduino-testlib/cli-datadir/user/libraries/DigitalIO/src/DigitalPin.h:352:16: note: suggested alternative: &#39;PinMode&#39;
     fastPinMode(PinNumber, mode);
     ~~~~~~~~~~~^~~~~~~~~~~~~~~~~
     PinMode

</pre>
					
					<h4>examples/DigitalPinConfigToggle</h4>
					<p>
						Result: <b>FAIL</b>
					</p>
					<pre class="pre-scrollable">In file included from /home/ec2-user/arduino-testlib/cli-datadir/user/libraries/DigitalIO/src/DigitalIO.h:31:0,
                 from /home/ec2-user/arduino-testlib/cli-datadir/user/libraries/DigitalIO/examples/DigitalPinConfigToggle/DigitalPinConfigToggle.ino:2:
/home/ec2-user/arduino-testlib/cli-datadir/user/libraries/DigitalIO/src/DigitalPin.h:278:25: error: variable or field &#39;fastPinMode&#39; declared void
 inline void fastPinMode(pin, mode) {
                         ^~~
/home/ec2-user/arduino-testlib/cli-datadir/user/libraries/DigitalIO/src/DigitalPin.h:278:25: error: &#39;pin&#39; was not declared in this scope
/home/ec2-user/arduino-testlib/cli-datadir/user/libraries/DigitalIO/src/DigitalPin.h:278:25: note: suggested alternative: &#39;min&#39;
 inline void fastPinMode(pin, mode) {
                         ^~~
                         min
/home/ec2-user/arduino-testlib/cli-datadir/user/libraries/DigitalIO/src/DigitalPin.h:278:30: error: &#39;mode&#39; was not declared in this scope
 inline void fastPinMode(pin, mode) {
                              ^~~~
/home/ec2-user/arduino-testlib/cli-datadir/user/libraries/DigitalIO/src/DigitalPin.h:278:30: note: suggested alternative: &#39;modf&#39;
 inline void fastPinMode(pin, mode) {
                              ^~~~
                              modf
/home/ec2-user/arduino-testlib/cli-datadir/user/libraries/DigitalIO/src/DigitalPin.h: In member function &#39;void DigitalPin&lt;PinNumber&gt;::config(uint8_t, bool)&#39;:
/home/ec2-user/arduino-testlib/cli-datadir/user/libraries/DigitalIO/src/DigitalPin.h:290:4: error: there are no arguments to &#39;fastPinMode&#39; that depend on a template parameter, so a declaration of &#39;fastPinMode&#39; must be available [-fpermissive]
   {fastPinMode(pin, mode); fastDigitalWrite(pin, level);}
    ^
/home/ec2-user/arduino-testlib/cli-datadir/user/libraries/DigitalIO/src/DigitalPin.h:328:5: note: in expansion of macro &#39;fastPinConfig&#39;
     fastPinConfig(PinNumber, mode, level);
     ^~~~~~~~~~~~~
/home/ec2-user/arduino-testlib/cli-datadir/user/libraries/DigitalIO/src/DigitalPin.h:290:4: note: (if you use &#39;-fpermissive&#39;, G&#43;&#43; will accept your code, but allowing the use of an undeclared name is deprecated)
   {fastPinMode(pin, mode); fastDigitalWrite(pin, level);}
    ^
/home/ec2-user/arduino-testlib/cli-datadir/user/libraries/DigitalIO/src/DigitalPin.h:328:5: note: in expansion of macro &#39;fastPinConfig&#39;
     fastPinConfig(PinNumber, mode, level);
     ^~~~~~~~~~~~~
/home/ec2-user/arduino-testlib/cli-datadir/user/libraries/DigitalIO/src/DigitalPin.h: In member function &#39;void DigitalPin&lt;PinNumber&gt;::mode(uint8_t)&#39;:
/home/ec2-user/arduino-testlib/cli-datadir/user/libraries/DigitalIO/src/DigitalPin.h:352:5: error: there are no arguments to &#39;fastPinMode&#39; that depend on a template parameter, so a declaration of &#39;fastPinMode&#39; must be available [-fpermissive]
     fastPinMode(PinNumber, mode);
     ^~~~~~~~~~~
/home/ec2-user/arduino-testlib/cli-datadir/user/libraries/DigitalIO/src/SoftSPI.h: In member function &#39;void SoftSPI&lt;MisoPin, MosiPin, SckPin, Mode&gt;::begin()&#39;:
/home/ec2-user/arduino-testlib/cli-datadir/user/libraries/DigitalIO/src/DigitalPin.h:290:4: error: there are no arguments to &#39;fastPinMode&#39; that depend on a template parameter, so a declaration of &#39;fastPinMode&#39; must be available [-fpermissive]
   {fastPinMode(pin, mode); fastDigitalWrite(pin, level);}
    ^
/home/ec2-user/arduino-testlib/cli-datadir/user/libraries/DigitalIO/src/SoftSPI.h:55:5: note: in expansion of macro &#39;fastPinConfig&#39;
     fastPinConfig(MisoPin, MISO_MODE, MISO_LEVEL);
     ^~~~~~~~~~~~~
/home/ec2-user/arduino-testlib/cli-datadir/user/libraries/DigitalIO/src/DigitalPin.h:290:4: error: there are no arguments to &#39;fastPinMode&#39; that depend on a template parameter, so a declaration of &#39;fastPinMode&#39; must be available [-fpermissive]
   {fastPinMode(pin, mode); fastDigitalWrite(pin, level);}
    ^
/home/ec2-user/arduino-testlib/cli-datadir/user/libraries/DigitalIO/src/SoftSPI.h:56:5: note: in expansion of macro &#39;fastPinConfig&#39;
     fastPinConfig(MosiPin, MOSI_MODE, !MODE_CPHA(Mode));
     ^~~~~~~~~~~~~
/home/ec2-user/arduino-testlib/cli-datadir/user/libraries/DigitalIO/src/DigitalPin.h:290:4: error: there are no arguments to &#39;fastPinMode&#39; that depend on a template parameter, so a declaration of &#39;fastPinMode&#39; must be available [-fpermissive]
   {fastPinMode(pin, mode); fastDigitalWrite(pin, level);}
    ^
/home/ec2-user/arduino-testlib/cli-datadir/user/libraries/DigitalIO/src/SoftSPI.h:57:5: note: in expansion of macro &#39;fastPinConfig&#39;
     fastPinConfig(SckPin, SCK_MODE, MODE_CPOL(Mode));
     ^~~~~~~~~~~~~
/home/ec2-user/arduino-testlib/cli-datadir/user/libraries/DigitalIO/src/DigitalPin.h: In instantiation of &#39;void DigitalPin&lt;PinNumber&gt;::config(uint8_t, bool) [with unsigned char PinNumber = 13; uint8_t = unsigned char]&#39;:
/home/ec2-user/arduino-testlib/cli-datadir/user/libraries/DigitalIO/examples/DigitalPinConfigToggle/DigitalPinConfigToggle.ino:9:27:   required from here
/home/ec2-user/arduino-testlib/cli-datadir/user/libraries/DigitalIO/src/DigitalPin.h:290:15: error: &#39;fastPinMode&#39; was not declared in this scope
   {fastPinMode(pin, mode); fastDigitalWrite(pin, level);}
    ~~~~~~~~~~~^~~~~~~~~~~
/home/ec2-user/arduino-testlib/cli-datadir/user/libraries/DigitalIO/src/DigitalPin.h:328:5: note: in expansion of macro &#39;fastPinConfig&#39;
     fastPinConfig(PinNumber, mode, level);
     ^~~~~~~~~~~~~
/home/ec2-user/arduino-testlib/cli-datadir/user/libraries/DigitalIO/src/DigitalPin.h:290:15: note: suggested alternative: &#39;PinMode&#39;
   {fastPinMode(pin, mode); fastDigitalWrite(pin, level);}
    ~~~~~~~~~~~^~~~~~~~~~~
/home/ec2-user/arduino-testlib/cli-datadir/user/libraries/DigitalIO/src/DigitalPin.h:328:5: note: in expansion of macro &#39;fastPinConfig&#39;
     fastPinConfig(PinNumber, mode, level);
     ^~~~~~~~~~~~~

</pre>
					
					<h4>examples/DigitalPinReadWrite</h4>
					<p>
						Result: <b>FAIL</b>
					</p>
					<pre class="pre-scrollable">In file included from /home/ec2-user/arduino-testlib/cli-datadir/user/libraries/DigitalIO/src/DigitalIO.h:31:0,
                 from /home/ec2-user/arduino-testlib/cli-datadir/user/libraries/DigitalIO/examples/DigitalPinReadWrite/DigitalPinReadWrite.ino:2:
/home/ec2-user/arduino-testlib/cli-datadir/user/libraries/DigitalIO/src/DigitalPin.h:278:25: error: variable or field &#39;fastPinMode&#39; declared void
 inline void fastPinMode(pin, mode) {
                         ^~~
/home/ec2-user/arduino-testlib/cli-datadir/user/libraries/DigitalIO/src/DigitalPin.h:278:25: error: &#39;pin&#39; was not declared in this scope
/home/ec2-user/arduino-testlib/cli-datadir/user/libraries/DigitalIO/src/DigitalPin.h:278:25: note: suggested alternative: &#39;min&#39;
 inline void fastPinMode(pin, mode) {
                         ^~~
                         min
/home/ec2-user/arduino-testlib/cli-datadir/user/libraries/DigitalIO/src/DigitalPin.h:278:30: error: &#39;mode&#39; was not declared in this scope
 inline void fastPinMode(pin, mode) {
                              ^~~~
/home/ec2-user/arduino-testlib/cli-datadir/user/libraries/DigitalIO/src/DigitalPin.h:278:30: note: suggested alternative: &#39;modf&#39;
 inline void fastPinMode(pin, mode) {
                              ^~~~
                              modf
/home/ec2-user/arduino-testlib/cli-datadir/user/libraries/DigitalIO/src/DigitalPin.h: In member function &#39;void DigitalPin&lt;PinNumber&gt;::config(uint8_t, bool)&#39;:
/home/ec2-user/arduino-testlib/cli-datadir/user/libraries/DigitalIO/src/DigitalPin.h:290:4: error: there are no arguments to &#39;fastPinMode&#39; that depend on a template parameter, so a declaration of &#39;fastPinMode&#39; must be available [-fpermissive]
   {fastPinMode(pin, mode); fastDigitalWrite(pin, level);}
    ^
/home/ec2-user/arduino-testlib/cli-datadir/user/libraries/DigitalIO/src/DigitalPin.h:328:5: note: in expansion of macro &#39;fastPinConfig&#39;
     fastPinConfig(PinNumber, mode, level);
     ^~~~~~~~~~~~~
/home/ec2-user/arduino-testlib/cli-datadir/user/libraries/DigitalIO/src/DigitalPin.h:290:4: note: (if you use &#39;-fpermissive&#39;, G&#43;&#43; will accept your code, but allowing the use of an undeclared name is deprecated)
   {fastPinMode(pin, mode); fastDigitalWrite(pin, level);}
    ^
/home/ec2-user/arduino-testlib/cli-datadir/user/libraries/DigitalIO/src/DigitalPin.h:328:5: note: in expansion of macro &#39;fastPinConfig&#39;
     fastPinConfig(PinNumber, mode, level);
     ^~~~~~~~~~~~~
/home/ec2-user/arduino-testlib/cli-datadir/user/libraries/DigitalIO/src/DigitalPin.h: In member function &#39;void DigitalPin&lt;PinNumber&gt;::mode(uint8_t)&#39;:
/home/ec2-user/arduino-testlib/cli-datadir/user/libraries/DigitalIO/src/DigitalPin.h:352:5: error: there are no arguments to &#39;fastPinMode&#39; that depend on a template parameter, so a declaration of &#39;fastPinMode&#39; must be available [-fpermissive]
     fastPinMode(PinNumber, mode);
     ^~~~~~~~~~~
/home/ec2-user/arduino-testlib/cli-datadir/user/libraries/DigitalIO/src/SoftSPI.h: In member function &#39;void SoftSPI&lt;MisoPin, MosiPin, SckPin, Mode&gt;::begin()&#39;:
/home/ec2-user/arduino-testlib/cli-datadir/user/libraries/DigitalIO/src/DigitalPin.h:290:4: error: there are no arguments to &#39;fastPinMode&#39; that depend on a template parameter, so a declaration of &#39;fastPinMode&#39; must be available [-fpermissive]
   {fastPinMode(pin, mode); fastDigitalWrite(pin, level);}
    ^
/home/ec2-user/arduino-testlib/cli-datadir/user/libraries/DigitalIO/src/SoftSPI.h:55:5: note: in expansion of macro &#39;fastPinConfig&#39;
     fastPinConfig(MisoPin, MISO_MODE, MISO_LEVEL);
     ^~~~~~~~~~~~~
/home/ec2-user/arduino-testlib/cli-datadir/user/libraries/DigitalIO/src/DigitalPin.h:290:4: error: there are no arguments to &#39;fastPinMode&#39; that depend on a template parameter, so a declaration of &#39;fastPinMode&#39; must be available [-fpermissive]
   {fastPinMode(pin, mode); fastDigitalWrite(pin, level);}
    ^
/home/ec2-user/arduino-testlib/cli-datadir/user/libraries/DigitalIO/src/SoftSPI.h:56:5: note: in expansion of macro &#39;fastPinConfig&#39;
     fastPinConfig(MosiPin, MOSI_MODE, !MODE_CPHA(Mode));
     ^~~~~~~~~~~~~
/home/ec2-user/arduino-testlib/cli-datadir/user/libraries/DigitalIO/src/DigitalPin.h:290:4: error: there are no arguments to &#39;fastPinMode&#39; that depend on a template parameter, so a declaration of &#39;fastPinMode&#39; must be available [-fpermissive]
   {fastPinMode(pin, mode); fastDigitalWrite(pin, level);}
    ^
/home/ec2-user/arduino-testlib/cli-datadir/user/libraries/DigitalIO/src/SoftSPI.h:57:5: note: in expansion of macro &#39;fastPinConfig&#39;
     fastPinConfig(SckPin, SCK_MODE, MODE_CPOL(Mode));
     ^~~~~~~~~~~~~
/home/ec2-user/arduino-testlib/cli-datadir/user/libraries/DigitalIO/src/DigitalPin.h: In instantiation of &#39;void DigitalPin&lt;PinNumber&gt;::mode(uint8_t) [with unsigned char PinNumber = 12; uint8_t = unsigned char]&#39;:
/home/ec2-user/arduino-testlib/cli-datadir/user/libraries/DigitalIO/examples/DigitalPinReadWrite/DigitalPinReadWrite.ino:8:19:   required from here
/home/ec2-user/arduino-testlib/cli-datadir/user/libraries/DigitalIO/src/DigitalPin.h:352:16: error: &#39;fastPinMode&#39; was not declared in this scope
     fastPinMode(PinNumber, mode);
     ~~~~~~~~~~~^~~~~~~~~~~~~~~~~
/home/ec2-user/arduino-testlib/cli-datadir/user/libraries/DigitalIO/src/DigitalPin.h:352:16: note: suggested alternative: &#39;PinMode&#39;
     fastPinMode(PinNumber, mode);
     ~~~~~~~~~~~^~~~~~~~~~~~~~~~~
     PinMode
/home/ec2-user/arduino-testlib/cli-datadir/user/libraries/DigitalIO/src/DigitalPin.h: In instantiation of &#39;void DigitalPin&lt;PinNumber&gt;::mode(uint8_t) [with unsigned char PinNumber = 13; uint8_t = unsigned char]&#39;:
/home/ec2-user/arduino-testlib/cli-datadir/user/libraries/DigitalIO/examples/DigitalPinReadWrite/DigitalPinReadWrite.ino:9:20:   required from here
/home/ec2-user/arduino-testlib/cli-datadir/user/libraries/DigitalIO/src/DigitalPin.h:352:16: error: &#39;fastPinMode&#39; was not declared in this scope
/home/ec2-user/arduino-testlib/cli-datadir/user/libraries/DigitalIO/src/DigitalPin.h:352:16: note: suggested alternative: &#39;PinMode&#39;
     fastPinMode(PinNumber, mode);
     ~~~~~~~~~~~^~~~~~~~~~~~~~~~~
     PinMode

</pre>
					
					<h4>examples/DigitalPinShiftOut</h4>
					<p>
						Result: <b>FAIL</b>
					</p>
					<pre class="pre-scrollable">In file included from /home/ec2-user/arduino-testlib/cli-datadir/user/libraries/DigitalIO/src/DigitalIO.h:31:0,
                 from /home/ec2-user/arduino-testlib/cli-datadir/user/libraries/DigitalIO/examples/DigitalPinShiftOut/DigitalPinShiftOut.ino:2:
/home/ec2-user/arduino-testlib/cli-datadir/user/libraries/DigitalIO/src/DigitalPin.h:278:25: error: variable or field &#39;fastPinMode&#39; declared void
 inline void fastPinMode(pin, mode) {
                         ^~~
/home/ec2-user/arduino-testlib/cli-datadir/user/libraries/DigitalIO/src/DigitalPin.h:278:25: error: &#39;pin&#39; was not declared in this scope
/home/ec2-user/arduino-testlib/cli-datadir/user/libraries/DigitalIO/src/DigitalPin.h:278:25: note: suggested alternative: &#39;min&#39;
 inline void fastPinMode(pin, mode) {
                         ^~~
                         min
/home/ec2-user/arduino-testlib/cli-datadir/user/libraries/DigitalIO/src/DigitalPin.h:278:30: error: &#39;mode&#39; was not declared in this scope
 inline void fastPinMode(pin, mode) {
                              ^~~~
/home/ec2-user/arduino-testlib/cli-datadir/user/libraries/DigitalIO/src/DigitalPin.h:278:30: note: suggested alternative: &#39;modf&#39;
 inline void fastPinMode(pin, mode) {
                              ^~~~
                              modf
/home/ec2-user/arduino-testlib/cli-datadir/user/libraries/DigitalIO/src/DigitalPin.h: In member function &#39;void DigitalPin&lt;PinNumber&gt;::config(uint8_t, bool)&#39;:
/home/ec2-user/arduino-testlib/cli-datadir/user/libraries/DigitalIO/src/DigitalPin.h:290:4: error: there are no arguments to &#39;fastPinMode&#39; that depend on a template parameter, so a declaration of &#39;fastPinMode&#39; must be available [-fpermissive]
   {fastPinMode(pin, mode); fastDigitalWrite(pin, level);}
    ^
/home/ec2-user/arduino-testlib/cli-datadir/user/libraries/DigitalIO/src/DigitalPin.h:328:5: note: in expansion of macro &#39;fastPinConfig&#39;
     fastPinConfig(PinNumber, mode, level);
     ^~~~~~~~~~~~~
/home/ec2-user/arduino-testlib/cli-datadir/user/libraries/DigitalIO/src/DigitalPin.h:290:4: note: (if you use &#39;-fpermissive&#39;, G&#43;&#43; will accept your code, but allowing the use of an undeclared name is deprecated)
   {fastPinMode(pin, mode); fastDigitalWrite(pin, level);}
    ^
/home/ec2-user/arduino-testlib/cli-datadir/user/libraries/DigitalIO/src/DigitalPin.h:328:5: note: in expansion of macro &#39;fastPinConfig&#39;
     fastPinConfig(PinNumber, mode, level);
     ^~~~~~~~~~~~~
/home/ec2-user/arduino-testlib/cli-datadir/user/libraries/DigitalIO/src/DigitalPin.h: In member function &#39;void DigitalPin&lt;PinNumber&gt;::mode(uint8_t)&#39;:
/home/ec2-user/arduino-testlib/cli-datadir/user/libraries/DigitalIO/src/DigitalPin.h:352:5: error: there are no arguments to &#39;fastPinMode&#39; that depend on a template parameter, so a declaration of &#39;fastPinMode&#39; must be available [-fpermissive]
     fastPinMode(PinNumber, mode);
     ^~~~~~~~~~~
/home/ec2-user/arduino-testlib/cli-datadir/user/libraries/DigitalIO/src/SoftSPI.h: In member function &#39;void SoftSPI&lt;MisoPin, MosiPin, SckPin, Mode&gt;::begin()&#39;:
/home/ec2-user/arduino-testlib/cli-datadir/user/libraries/DigitalIO/src/DigitalPin.h:290:4: error: there are no arguments to &#39;fastPinMode&#39; that depend on a template parameter, so a declaration of &#39;fastPinMode&#39; must be available [-fpermissive]
   {fastPinMode(pin, mode); fastDigitalWrite(pin, level);}
    ^
/home/ec2-user/arduino-testlib/cli-datadir/user/libraries/DigitalIO/src/SoftSPI.h:55:5: note: in expansion of macro &#39;fastPinConfig&#39;
     fastPinConfig(MisoPin, MISO_MODE, MISO_LEVEL);
     ^~~~~~~~~~~~~
/home/ec2-user/arduino-testlib/cli-datadir/user/libraries/DigitalIO/src/DigitalPin.h:290:4: error: there are no arguments to &#39;fastPinMode&#39; that depend on a template parameter, so a declaration of &#39;fastPinMode&#39; must be available [-fpermissive]
   {fastPinMode(pin, mode); fastDigitalWrite(pin, level);}
    ^
/home/ec2-user/arduino-testlib/cli-datadir/user/libraries/DigitalIO/src/SoftSPI.h:56:5: note: in expansion of macro &#39;fastPinConfig&#39;
     fastPinConfig(MosiPin, MOSI_MODE, !MODE_CPHA(Mode));
     ^~~~~~~~~~~~~
/home/ec2-user/arduino-testlib/cli-datadir/user/libraries/DigitalIO/src/DigitalPin.h:290:4: error: there are no arguments to &#39;fastPinMode&#39; that depend on a template parameter, so a declaration of &#39;fastPinMode&#39; must be available [-fpermissive]
   {fastPinMode(pin, mode); fastDigitalWrite(pin, level);}
    ^
/home/ec2-user/arduino-testlib/cli-datadir/user/libraries/DigitalIO/src/SoftSPI.h:57:5: note: in expansion of macro &#39;fastPinConfig&#39;
     fastPinConfig(SckPin, SCK_MODE, MODE_CPOL(Mode));
     ^~~~~~~~~~~~~
/home/ec2-user/arduino-testlib/cli-datadir/user/libraries/DigitalIO/src/DigitalPin.h: In instantiation of &#39;void DigitalPin&lt;PinNumber&gt;::config(uint8_t, bool) [with unsigned char PinNumber = 12; uint8_t = unsigned char]&#39;:
/home/ec2-user/arduino-testlib/cli-datadir/user/libraries/DigitalIO/examples/DigitalPinShiftOut/DigitalPinShiftOut.ino:30:30:   required from here
/home/ec2-user/arduino-testlib/cli-datadir/user/libraries/DigitalIO/src/DigitalPin.h:290:15: error: &#39;fastPinMode&#39; was not declared in this scope
   {fastPinMode(pin, mode); fastDigitalWrite(pin, level);}
    ~~~~~~~~~~~^~~~~~~~~~~
/home/ec2-user/arduino-testlib/cli-datadir/user/libraries/DigitalIO/src/DigitalPin.h:328:5: note: in expansion of macro &#39;fastPinConfig&#39;
     fastPinConfig(PinNumber, mode, level);
     ^~~~~~~~~~~~~
/home/ec2-user/arduino-testlib/cli-datadir/user/libraries/DigitalIO/src/DigitalPin.h:290:15: note: suggested alternative: &#39;PinMode&#39;
   {fastPinMode(pin, mode); fastDigitalWrite(pin, level);}
    ~~~~~~~~~~~^~~~~~~~~~~
/home/ec2-user/arduino-testlib/cli-datadir/user/libraries/DigitalIO/src/DigitalPin.h:328:5: note: in expansion of macro &#39;fastPinConfig&#39;
     fastPinConfig(PinNumber, mode, level);
     ^~~~~~~~~~~~~
/home/ec2-user/arduino-testlib/cli-datadir/user/libraries/DigitalIO/src/DigitalPin.h: In instantiation of &#39;void DigitalPin&lt;PinNumber&gt;::config(uint8_t, bool) [with unsigned char PinNumber = 13; uint8_t = unsigned char]&#39;:
/home/ec2-user/arduino-testlib/cli-datadir/user/libraries/DigitalIO/examples/DigitalPinShiftOut/DigitalPinShiftOut.ino:33:30:   required from here
/home/ec2-user/arduino-testlib/cli-datadir/user/libraries/DigitalIO/src/DigitalPin.h:290:15: error: &#39;fastPinMode&#39; was not declared in this scope
   {fastPinMode(pin, mode); fastDigitalWrite(pin, level);}
    ~~~~~~~~~~~^~~~~~~~~~~
/home/ec2-user/arduino-testlib/cli-datadir/user/libraries/DigitalIO/src/DigitalPin.h:328:5: note: in expansion of macro &#39;fastPinConfig&#39;
     fastPinConfig(PinNumber, mode, level);
     ^~~~~~~~~~~~~
/home/ec2-user/arduino-testlib/cli-datadir/user/libraries/DigitalIO/src/DigitalPin.h:290:15: note: suggested alternative: &#39;PinMode&#39;
   {fastPinMode(pin, mode); fastDigitalWrite(pin, level);}
    ~~~~~~~~~~~^~~~~~~~~~~
/home/ec2-user/arduino-testlib/cli-datadir/user/libraries/DigitalIO/src/DigitalPin.h:328:5: note: in expansion of macro &#39;fastPinConfig&#39;
     fastPinConfig(PinNumber, mode, level);
     ^~~~~~~~~~~~~

</pre>
					
					<h4>examples/GpioPinMap</h4>
					<p>
						Result: <b>FAIL</b>
					</p>
					<pre class="pre-scrollable">/home/ec2-user/arduino-testlib/cli-datadir/user/libraries/DigitalIO/examples/GpioPinMap/GpioPinMap.ino: In function &#39;void setup()&#39;:
/home/ec2-user/arduino-testlib/cli-datadir/user/libraries/DigitalIO/examples/GpioPinMap/GpioPinMap.ino:12:54: error: cast from &#39;PortGroup*&#39; to &#39;char&#39; loses precision [-fpermissive]
     Serial.print((char)(&#39;A&#39; - 1 &#43; digitalPinToPort(i)));
                                                      ^

</pre>
					
					<h4>examples/PinIOBegin</h4>
					<p>
						Result: <b>FAIL</b>
					</p>
					<pre class="pre-scrollable">/home/ec2-user/arduino-testlib/cli-datadir/user/libraries/DigitalIO/examples/PinIOBegin/PinIOBegin.ino:27:2: error: #error AVR only example
 #error AVR only example
  ^~~~~

</pre>
					
					<h4>examples/PinIOConfigToggle</h4>
					<p>
						Result: <b>FAIL</b>
					</p>
					<pre class="pre-scrollable">/home/ec2-user/arduino-testlib/cli-datadir/user/libraries/DigitalIO/examples/PinIOConfigToggle/PinIOConfigToggle.ino:19:2: error: #error AVR only example
 #error AVR only example
  ^~~~~

</pre>
					
					<h4>examples/PinIOReadWrite</h4>
					<p>
						Result: <b>FAIL</b>
					</p>
					<pre class="pre-scrollable">/home/ec2-user/arduino-testlib/cli-datadir/user/libraries/DigitalIO/examples/PinIOReadWrite/PinIOReadWrite.ino:19:2: error: #error AVR only example
 #error AVR only example
  ^~~~~

</pre>
					
					<h4>examples/ScanI2cBus</h4>
					<p>
						Result: <b>FAIL</b>
					</p>
					<pre class="pre-scrollable">/home/ec2-user/arduino-testlib/cli-datadir/user/libraries/DigitalIO/examples/ScanI2cBus/ScanI2cBus.ino:78:2: error: #error AVR only example
 #error AVR only example
  ^~~~~

</pre>
					
					<h4>examples/SoftDS1307Utility</h4>
					<p>
						Result: <b>FAIL</b>
					</p>
					<pre class="pre-scrollable">/home/ec2-user/arduino-testlib/cli-datadir/user/libraries/DigitalIO/examples/SoftDS1307Utility/SoftDS1307Utility.ino:325:2: error: #error AVR only example
 #error AVR only example
  ^~~~~

</pre>
					
					<h4>examples/testArduino</h4>
					<p>
						Result: <b>PASS</b>
					</p>
					<pre class="pre-scrollable">Sketch uses 12208 bytes (4%) of program storage space. Maximum is 262144 bytes.
Global variables use 2996 bytes (9%) of dynamic memory, leaving 29772 bytes for local variables. Maximum is 32768 bytes.
</pre>
					
					<h4>examples/testDigitalPin</h4>
					<p>
						Result: <b>FAIL</b>
					</p>
					<pre class="pre-scrollable">In file included from /home/ec2-user/arduino-testlib/cli-datadir/user/libraries/DigitalIO/src/DigitalIO.h:31:0,
                 from /home/ec2-user/arduino-testlib/cli-datadir/user/libraries/DigitalIO/examples/testDigitalPin/testDigitalPin.ino:2:
/home/ec2-user/arduino-testlib/cli-datadir/user/libraries/DigitalIO/src/DigitalPin.h:278:25: error: variable or field &#39;fastPinMode&#39; declared void
 inline void fastPinMode(pin, mode) {
                         ^~~
/home/ec2-user/arduino-testlib/cli-datadir/user/libraries/DigitalIO/src/DigitalPin.h:278:25: error: &#39;pin&#39; was not declared in this scope
/home/ec2-user/arduino-testlib/cli-datadir/user/libraries/DigitalIO/src/DigitalPin.h:278:25: note: suggested alternative: &#39;min&#39;
 inline void fastPinMode(pin, mode) {
                         ^~~
                         min
/home/ec2-user/arduino-testlib/cli-datadir/user/libraries/DigitalIO/src/DigitalPin.h:278:30: error: &#39;mode&#39; was not declared in this scope
 inline void fastPinMode(pin, mode) {
                              ^~~~
/home/ec2-user/arduino-testlib/cli-datadir/user/libraries/DigitalIO/src/DigitalPin.h:278:30: note: suggested alternative: &#39;modf&#39;
 inline void fastPinMode(pin, mode) {
                              ^~~~
                              modf
/home/ec2-user/arduino-testlib/cli-datadir/user/libraries/DigitalIO/src/DigitalPin.h: In member function &#39;void DigitalPin&lt;PinNumber&gt;::config(uint8_t, bool)&#39;:
/home/ec2-user/arduino-testlib/cli-datadir/user/libraries/DigitalIO/src/DigitalPin.h:290:4: error: there are no arguments to &#39;fastPinMode&#39; that depend on a template parameter, so a declaration of &#39;fastPinMode&#39; must be available [-fpermissive]
   {fastPinMode(pin, mode); fastDigitalWrite(pin, level);}
    ^
/home/ec2-user/arduino-testlib/cli-datadir/user/libraries/DigitalIO/src/DigitalPin.h:328:5: note: in expansion of macro &#39;fastPinConfig&#39;
     fastPinConfig(PinNumber, mode, level);
     ^~~~~~~~~~~~~
/home/ec2-user/arduino-testlib/cli-datadir/user/libraries/DigitalIO/src/DigitalPin.h:290:4: note: (if you use &#39;-fpermissive&#39;, G&#43;&#43; will accept your code, but allowing the use of an undeclared name is deprecated)
   {fastPinMode(pin, mode); fastDigitalWrite(pin, level);}
    ^
/home/ec2-user/arduino-testlib/cli-datadir/user/libraries/DigitalIO/src/DigitalPin.h:328:5: note: in expansion of macro &#39;fastPinConfig&#39;
     fastPinConfig(PinNumber, mode, level);
     ^~~~~~~~~~~~~
/home/ec2-user/arduino-testlib/cli-datadir/user/libraries/DigitalIO/src/DigitalPin.h: In member function &#39;void DigitalPin&lt;PinNumber&gt;::mode(uint8_t)&#39;:
/home/ec2-user/arduino-testlib/cli-datadir/user/libraries/DigitalIO/src/DigitalPin.h:352:5: error: there are no arguments to &#39;fastPinMode&#39; that depend on a template parameter, so a declaration of &#39;fastPinMode&#39; must be available [-fpermissive]
     fastPinMode(PinNumber, mode);
     ^~~~~~~~~~~
/home/ec2-user/arduino-testlib/cli-datadir/user/libraries/DigitalIO/src/SoftSPI.h: In member function &#39;void SoftSPI&lt;MisoPin, MosiPin, SckPin, Mode&gt;::begin()&#39;:
/home/ec2-user/arduino-testlib/cli-datadir/user/libraries/DigitalIO/src/DigitalPin.h:290:4: error: there are no arguments to &#39;fastPinMode&#39; that depend on a template parameter, so a declaration of &#39;fastPinMode&#39; must be available [-fpermissive]
   {fastPinMode(pin, mode); fastDigitalWrite(pin, level);}
    ^
/home/ec2-user/arduino-testlib/cli-datadir/user/libraries/DigitalIO/src/SoftSPI.h:55:5: note: in expansion of macro &#39;fastPinConfig&#39;
     fastPinConfig(MisoPin, MISO_MODE, MISO_LEVEL);
     ^~~~~~~~~~~~~
/home/ec2-user/arduino-testlib/cli-datadir/user/libraries/DigitalIO/src/DigitalPin.h:290:4: error: there are no arguments to &#39;fastPinMode&#39; that depend on a template parameter, so a declaration of &#39;fastPinMode&#39; must be available [-fpermissive]
   {fastPinMode(pin, mode); fastDigitalWrite(pin, level);}
    ^
/home/ec2-user/arduino-testlib/cli-datadir/user/libraries/DigitalIO/src/SoftSPI.h:56:5: note: in expansion of macro &#39;fastPinConfig&#39;
     fastPinConfig(MosiPin, MOSI_MODE, !MODE_CPHA(Mode));
     ^~~~~~~~~~~~~
/home/ec2-user/arduino-testlib/cli-datadir/user/libraries/DigitalIO/src/DigitalPin.h:290:4: error: there are no arguments to &#39;fastPinMode&#39; that depend on a template parameter, so a declaration of &#39;fastPinMode&#39; must be available [-fpermissive]
   {fastPinMode(pin, mode); fastDigitalWrite(pin, level);}
    ^
/home/ec2-user/arduino-testlib/cli-datadir/user/libraries/DigitalIO/src/SoftSPI.h:57:5: note: in expansion of macro &#39;fastPinConfig&#39;
     fastPinConfig(SckPin, SCK_MODE, MODE_CPOL(Mode));
     ^~~~~~~~~~~~~
/home/ec2-user/arduino-testlib/cli-datadir/user/libraries/DigitalIO/src/DigitalPin.h: In instantiation of &#39;void DigitalPin&lt;PinNumber&gt;::mode(uint8_t) [with unsigned char PinNumber = 13; uint8_t = unsigned char]&#39;:
/home/ec2-user/arduino-testlib/cli-datadir/user/libraries/DigitalIO/examples/testDigitalPin/testDigitalPin.ino:9:20:   required from here
/home/ec2-user/arduino-testlib/cli-datadir/user/libraries/DigitalIO/src/DigitalPin.h:352:16: error: &#39;fastPinMode&#39; was not declared in this scope
     fastPinMode(PinNumber, mode);
     ~~~~~~~~~~~^~~~~~~~~~~~~~~~~
/home/ec2-user/arduino-testlib/cli-datadir/user/libraries/DigitalIO/src/DigitalPin.h:352:16: note: suggested alternative: &#39;PinMode&#39;
     fastPinMode(PinNumber, mode);
     ~~~~~~~~~~~^~~~~~~~~~~~~~~~~
     PinMode

</pre>
					
					<h4>examples/testFastDigital</h4>
					<p>
						Result: <b>FAIL</b>
					</p>
					<pre class="pre-scrollable">In file included from /home/ec2-user/arduino-testlib/cli-datadir/user/libraries/DigitalIO/src/DigitalIO.h:31:0,
                 from /home/ec2-user/arduino-testlib/cli-datadir/user/libraries/DigitalIO/examples/testFastDigital/testFastDigital.ino:2:
/home/ec2-user/arduino-testlib/cli-datadir/user/libraries/DigitalIO/src/DigitalPin.h:278:25: error: variable or field &#39;fastPinMode&#39; declared void
 inline void fastPinMode(pin, mode) {
                         ^~~
/home/ec2-user/arduino-testlib/cli-datadir/user/libraries/DigitalIO/src/DigitalPin.h:278:25: error: &#39;pin&#39; was not declared in this scope
/home/ec2-user/arduino-testlib/cli-datadir/user/libraries/DigitalIO/src/DigitalPin.h:278:25: note: suggested alternative: &#39;min&#39;
 inline void fastPinMode(pin, mode) {
                         ^~~
                         min
/home/ec2-user/arduino-testlib/cli-datadir/user/libraries/DigitalIO/src/DigitalPin.h:278:30: error: &#39;mode&#39; was not declared in this scope
 inline void fastPinMode(pin, mode) {
                              ^~~~
/home/ec2-user/arduino-testlib/cli-datadir/user/libraries/DigitalIO/src/DigitalPin.h:278:30: note: suggested alternative: &#39;modf&#39;
 inline void fastPinMode(pin, mode) {
                              ^~~~
                              modf
/home/ec2-user/arduino-testlib/cli-datadir/user/libraries/DigitalIO/src/DigitalPin.h: In member function &#39;void DigitalPin&lt;PinNumber&gt;::config(uint8_t, bool)&#39;:
/home/ec2-user/arduino-testlib/cli-datadir/user/libraries/DigitalIO/src/DigitalPin.h:290:4: error: there are no arguments to &#39;fastPinMode&#39; that depend on a template parameter, so a declaration of &#39;fastPinMode&#39; must be available [-fpermissive]
   {fastPinMode(pin, mode); fastDigitalWrite(pin, level);}
    ^
/home/ec2-user/arduino-testlib/cli-datadir/user/libraries/DigitalIO/src/DigitalPin.h:328:5: note: in expansion of macro &#39;fastPinConfig&#39;
     fastPinConfig(PinNumber, mode, level);
     ^~~~~~~~~~~~~
/home/ec2-user/arduino-testlib/cli-datadir/user/libraries/DigitalIO/src/DigitalPin.h:290:4: note: (if you use &#39;-fpermissive&#39;, G&#43;&#43; will accept your code, but allowing the use of an undeclared name is deprecated)
   {fastPinMode(pin, mode); fastDigitalWrite(pin, level);}
    ^
/home/ec2-user/arduino-testlib/cli-datadir/user/libraries/DigitalIO/src/DigitalPin.h:328:5: note: in expansion of macro &#39;fastPinConfig&#39;
     fastPinConfig(PinNumber, mode, level);
     ^~~~~~~~~~~~~
/home/ec2-user/arduino-testlib/cli-datadir/user/libraries/DigitalIO/src/DigitalPin.h: In member function &#39;void DigitalPin&lt;PinNumber&gt;::mode(uint8_t)&#39;:
/home/ec2-user/arduino-testlib/cli-datadir/user/libraries/DigitalIO/src/DigitalPin.h:352:5: error: there are no arguments to &#39;fastPinMode&#39; that depend on a template parameter, so a declaration of &#39;fastPinMode&#39; must be available [-fpermissive]
     fastPinMode(PinNumber, mode);
     ^~~~~~~~~~~
/home/ec2-user/arduino-testlib/cli-datadir/user/libraries/DigitalIO/src/SoftSPI.h: In member function &#39;void SoftSPI&lt;MisoPin, MosiPin, SckPin, Mode&gt;::begin()&#39;:
/home/ec2-user/arduino-testlib/cli-datadir/user/libraries/DigitalIO/src/DigitalPin.h:290:4: error: there are no arguments to &#39;fastPinMode&#39; that depend on a template parameter, so a declaration of &#39;fastPinMode&#39; must be available [-fpermissive]
   {fastPinMode(pin, mode); fastDigitalWrite(pin, level);}
    ^
/home/ec2-user/arduino-testlib/cli-datadir/user/libraries/DigitalIO/src/SoftSPI.h:55:5: note: in expansion of macro &#39;fastPinConfig&#39;
     fastPinConfig(MisoPin, MISO_MODE, MISO_LEVEL);
     ^~~~~~~~~~~~~
/home/ec2-user/arduino-testlib/cli-datadir/user/libraries/DigitalIO/src/DigitalPin.h:290:4: error: there are no arguments to &#39;fastPinMode&#39; that depend on a template parameter, so a declaration of &#39;fastPinMode&#39; must be available [-fpermissive]
   {fastPinMode(pin, mode); fastDigitalWrite(pin, level);}
    ^
/home/ec2-user/arduino-testlib/cli-datadir/user/libraries/DigitalIO/src/SoftSPI.h:56:5: note: in expansion of macro &#39;fastPinConfig&#39;
     fastPinConfig(MosiPin, MOSI_MODE, !MODE_CPHA(Mode));
     ^~~~~~~~~~~~~
/home/ec2-user/arduino-testlib/cli-datadir/user/libraries/DigitalIO/src/DigitalPin.h:290:4: error: there are no arguments to &#39;fastPinMode&#39; that depend on a template parameter, so a declaration of &#39;fastPinMode&#39; must be available [-fpermissive]
   {fastPinMode(pin, mode); fastDigitalWrite(pin, level);}
    ^
/home/ec2-user/arduino-testlib/cli-datadir/user/libraries/DigitalIO/src/SoftSPI.h:57:5: note: in expansion of macro &#39;fastPinConfig&#39;
     fastPinConfig(SckPin, SCK_MODE, MODE_CPOL(Mode));
     ^~~~~~~~~~~~~
/home/ec2-user/arduino-testlib/cli-datadir/user/libraries/DigitalIO/examples/testFastDigital/testFastDigital.ino: In function &#39;void setup()&#39;:
/home/ec2-user/arduino-testlib/cli-datadir/user/libraries/DigitalIO/examples/testFastDigital/testFastDigital.ino:5:3: error: &#39;fastPinMode&#39; was not declared in this scope
   fastPinMode(PIN, OUTPUT);
   ^~~~~~~~~~~
/home/ec2-user/arduino-testlib/cli-datadir/user/libraries/DigitalIO/examples/testFastDigital/testFastDigital.ino:5:3: note: suggested alternative: &#39;PinMode&#39;
   fastPinMode(PIN, OUTPUT);
   ^~~~~~~~~~~
   PinMode

</pre>
					
					<h4>examples/testPinIO</h4>
					<p>
						Result: <b>FAIL</b>
					</p>
					<pre class="pre-scrollable">/home/ec2-user/arduino-testlib/cli-datadir/user/libraries/DigitalIO/examples/testPinIO/testPinIO.ino:23:2: error: #error AVR only example
 #error AVR only example
  ^~~~~

</pre>
					
					<h4>examples/testSoftSPI</h4>
					<p>
						Result: <b>FAIL</b>
					</p>
					<pre class="pre-scrollable">In file included from /home/ec2-user/arduino-testlib/cli-datadir/user/libraries/DigitalIO/src/DigitalIO.h:31:0,
                 from /home/ec2-user/arduino-testlib/cli-datadir/user/libraries/DigitalIO/examples/testSoftSPI/testSoftSPI.ino:2:
/home/ec2-user/arduino-testlib/cli-datadir/user/libraries/DigitalIO/src/DigitalPin.h:278:25: error: variable or field &#39;fastPinMode&#39; declared void
 inline void fastPinMode(pin, mode) {
                         ^~~
/home/ec2-user/arduino-testlib/cli-datadir/user/libraries/DigitalIO/src/DigitalPin.h:278:25: error: &#39;pin&#39; was not declared in this scope
/home/ec2-user/arduino-testlib/cli-datadir/user/libraries/DigitalIO/src/DigitalPin.h:278:25: note: suggested alternative: &#39;min&#39;
 inline void fastPinMode(pin, mode) {
                         ^~~
                         min
/home/ec2-user/arduino-testlib/cli-datadir/user/libraries/DigitalIO/src/DigitalPin.h:278:30: error: &#39;mode&#39; was not declared in this scope
 inline void fastPinMode(pin, mode) {
                              ^~~~
/home/ec2-user/arduino-testlib/cli-datadir/user/libraries/DigitalIO/src/DigitalPin.h:278:30: note: suggested alternative: &#39;modf&#39;
 inline void fastPinMode(pin, mode) {
                              ^~~~
                              modf
/home/ec2-user/arduino-testlib/cli-datadir/user/libraries/DigitalIO/src/DigitalPin.h: In member function &#39;void DigitalPin&lt;PinNumber&gt;::config(uint8_t, bool)&#39;:
/home/ec2-user/arduino-testlib/cli-datadir/user/libraries/DigitalIO/src/DigitalPin.h:290:4: error: there are no arguments to &#39;fastPinMode&#39; that depend on a template parameter, so a declaration of &#39;fastPinMode&#39; must be available [-fpermissive]
   {fastPinMode(pin, mode); fastDigitalWrite(pin, level);}
    ^
/home/ec2-user/arduino-testlib/cli-datadir/user/libraries/DigitalIO/src/DigitalPin.h:328:5: note: in expansion of macro &#39;fastPinConfig&#39;
     fastPinConfig(PinNumber, mode, level);
     ^~~~~~~~~~~~~
/home/ec2-user/arduino-testlib/cli-datadir/user/libraries/DigitalIO/src/DigitalPin.h:290:4: note: (if you use &#39;-fpermissive&#39;, G&#43;&#43; will accept your code, but allowing the use of an undeclared name is deprecated)
   {fastPinMode(pin, mode); fastDigitalWrite(pin, level);}
    ^
/home/ec2-user/arduino-testlib/cli-datadir/user/libraries/DigitalIO/src/DigitalPin.h:328:5: note: in expansion of macro &#39;fastPinConfig&#39;
     fastPinConfig(PinNumber, mode, level);
     ^~~~~~~~~~~~~
/home/ec2-user/arduino-testlib/cli-datadir/user/libraries/DigitalIO/src/DigitalPin.h: In member function &#39;void DigitalPin&lt;PinNumber&gt;::mode(uint8_t)&#39;:
/home/ec2-user/arduino-testlib/cli-datadir/user/libraries/DigitalIO/src/DigitalPin.h:352:5: error: there are no arguments to &#39;fastPinMode&#39; that depend on a template parameter, so a declaration of &#39;fastPinMode&#39; must be available [-fpermissive]
     fastPinMode(PinNumber, mode);
     ^~~~~~~~~~~
/home/ec2-user/arduino-testlib/cli-datadir/user/libraries/DigitalIO/src/SoftSPI.h: In member function &#39;void SoftSPI&lt;MisoPin, MosiPin, SckPin, Mode&gt;::begin()&#39;:
/home/ec2-user/arduino-testlib/cli-datadir/user/libraries/DigitalIO/src/DigitalPin.h:290:4: error: there are no arguments to &#39;fastPinMode&#39; that depend on a template parameter, so a declaration of &#39;fastPinMode&#39; must be available [-fpermissive]
   {fastPinMode(pin, mode); fastDigitalWrite(pin, level);}
    ^
/home/ec2-user/arduino-testlib/cli-datadir/user/libraries/DigitalIO/src/SoftSPI.h:55:5: note: in expansion of macro &#39;fastPinConfig&#39;
     fastPinConfig(MisoPin, MISO_MODE, MISO_LEVEL);
     ^~~~~~~~~~~~~
/home/ec2-user/arduino-testlib/cli-datadir/user/libraries/DigitalIO/src/DigitalPin.h:290:4: error: there are no arguments to &#39;fastPinMode&#39; that depend on a template parameter, so a declaration of &#39;fastPinMode&#39; must be available [-fpermissive]
   {fastPinMode(pin, mode); fastDigitalWrite(pin, level);}
    ^
/home/ec2-user/arduino-testlib/cli-datadir/user/libraries/DigitalIO/src/SoftSPI.h:56:5: note: in expansion of macro &#39;fastPinConfig&#39;
     fastPinConfig(MosiPin, MOSI_MODE, !MODE_CPHA(Mode));
     ^~~~~~~~~~~~~
/home/ec2-user/arduino-testlib/cli-datadir/user/libraries/DigitalIO/src/DigitalPin.h:290:4: error: there are no arguments to &#39;fastPinMode&#39; that depend on a template parameter, so a declaration of &#39;fastPinMode&#39; must be available [-fpermissive]
   {fastPinMode(pin, mode); fastDigitalWrite(pin, level);}
    ^
/home/ec2-user/arduino-testlib/cli-datadir/user/libraries/DigitalIO/src/SoftSPI.h:57:5: note: in expansion of macro &#39;fastPinConfig&#39;
     fastPinConfig(SckPin, SCK_MODE, MODE_CPOL(Mode));
     ^~~~~~~~~~~~~
/home/ec2-user/arduino-testlib/cli-datadir/user/libraries/DigitalIO/src/SoftSPI.h: In instantiation of &#39;void SoftSPI&lt;MisoPin, MosiPin, SckPin, Mode&gt;::begin() [with unsigned char MisoPin = 7; unsigned char MosiPin = 8; unsigned char SckPin = 9; unsigned char Mode = 0]&#39;:
/home/ec2-user/arduino-testlib/cli-datadir/user/libraries/DigitalIO/examples/testSoftSPI/testSoftSPI.ino:14:13:   required from here
/home/ec2-user/arduino-testlib/cli-datadir/user/libraries/DigitalIO/src/DigitalPin.h:290:15: error: &#39;fastPinMode&#39; was not declared in this scope
   {fastPinMode(pin, mode); fastDigitalWrite(pin, level);}
    ~~~~~~~~~~~^~~~~~~~~~~
/home/ec2-user/arduino-testlib/cli-datadir/user/libraries/DigitalIO/src/SoftSPI.h:55:5: note: in expansion of macro &#39;fastPinConfig&#39;
     fastPinConfig(MisoPin, MISO_MODE, MISO_LEVEL);
     ^~~~~~~~~~~~~
/home/ec2-user/arduino-testlib/cli-datadir/user/libraries/DigitalIO/src/DigitalPin.h:290:15: note: suggested alternative: &#39;PinMode&#39;
   {fastPinMode(pin, mode); fastDigitalWrite(pin, level);}
    ~~~~~~~~~~~^~~~~~~~~~~
/home/ec2-user/arduino-testlib/cli-datadir/user/libraries/DigitalIO/src/SoftSPI.h:55:5: note: in expansion of macro &#39;fastPinConfig&#39;
     fastPinConfig(MisoPin, MISO_MODE, MISO_LEVEL);
     ^~~~~~~~~~~~~
/home/ec2-user/arduino-testlib/cli-datadir/user/libraries/DigitalIO/src/DigitalPin.h:290:15: error: &#39;fastPinMode&#39; was not declared in this scope
   {fastPinMode(pin, mode); fastDigitalWrite(pin, level);}
    ~~~~~~~~~~~^~~~~~~~~~~
/home/ec2-user/arduino-testlib/cli-datadir/user/libraries/DigitalIO/src/SoftSPI.h:56:5: note: in expansion of macro &#39;fastPinConfig&#39;
     fastPinConfig(MosiPin, MOSI_MODE, !MODE_CPHA(Mode));
     ^~~~~~~~~~~~~
/home/ec2-user/arduino-testlib/cli-datadir/user/libraries/DigitalIO/src/DigitalPin.h:290:15: note: suggested alternative: &#39;PinMode&#39;
   {fastPinMode(pin, mode); fastDigitalWrite(pin, level);}
    ~~~~~~~~~~~^~~~~~~~~~~
/home/ec2-user/arduino-testlib/cli-datadir/user/libraries/DigitalIO/src/SoftSPI.h:56:5: note: in expansion of macro &#39;fastPinConfig&#39;
     fastPinConfig(MosiPin, MOSI_MODE, !MODE_CPHA(Mode));
     ^~~~~~~~~~~~~
/home/ec2-user/arduino-testlib/cli-datadir/user/libraries/DigitalIO/src/DigitalPin.h:290:15: error: &#39;fastPinMode&#39; was not declared in this scope
   {fastPinMode(pin, mode); fastDigitalWrite(pin, level);}
    ~~~~~~~~~~~^~~~~~~~~~~
/home/ec2-user/arduino-testlib/cli-datadir/user/libraries/DigitalIO/src/SoftSPI.h:57:5: note: in expansion of macro &#39;fastPinConfig&#39;
     fastPinConfig(SckPin, SCK_MODE, MODE_CPOL(Mode));
     ^~~~~~~~~~~~~
/home/ec2-user/arduino-testlib/cli-datadir/user/libraries/DigitalIO/src/DigitalPin.h:290:15: note: suggested alternative: &#39;PinMode&#39;
   {fastPinMode(pin, mode); fastDigitalWrite(pin, level);}
    ~~~~~~~~~~~^~~~~~~~~~~
/home/ec2-user/arduino-testlib/cli-datadir/user/libraries/DigitalIO/src/SoftSPI.h:57:5: note: in expansion of macro &#39;fastPinConfig&#39;
     fastPinConfig(SckPin, SCK_MODE, MODE_CPOL(Mode));
     ^~~~~~~~~~~~~

</pre>
					
				
				<h3 id="esp32:esp32:d1_mini32">esp32:esp32:d1_mini32 @ 1.0.6</h3>
				<h4>Inclusion</h4>
				<p>
					Result: <b>FAIL</b>
					
				</p>
				<pre class="pre-scrollable">In file included from /home/ec2-user/arduino-testlib/cli-datadir/user/libraries/DigitalIO/src/DigitalIO.h:31:0,
                 from /tmp/arduino-testlib3904942956/test/test.ino:1:
/home/ec2-user/arduino-testlib/cli-datadir/user/libraries/DigitalIO/src/DigitalPin.h:278:25: error: variable or field &#39;fastPinMode&#39; declared void
 inline void fastPinMode(pin, mode) {
                         ^
/home/ec2-user/arduino-testlib/cli-datadir/user/libraries/DigitalIO/src/DigitalPin.h:278:25: error: &#39;pin&#39; was not declared in this scope
/home/ec2-user/arduino-testlib/cli-datadir/user/libraries/DigitalIO/src/DigitalPin.h:278:30: error: &#39;mode&#39; was not declared in this scope
 inline void fastPinMode(pin, mode) {
                              ^
/home/ec2-user/arduino-testlib/cli-datadir/user/libraries/DigitalIO/src/DigitalPin.h: In member function &#39;void DigitalPin&lt;PinNumber&gt;::config(uint8_t, bool)&#39;:
/home/ec2-user/arduino-testlib/cli-datadir/user/libraries/DigitalIO/src/DigitalPin.h:290:25: error: there are no arguments to &#39;fastPinMode&#39; that depend on a template parameter, so a declaration of &#39;fastPinMode&#39; must be available [-fpermissive]
   {fastPinMode(pin, mode); fastDigitalWrite(pin, level);}
                         ^
/home/ec2-user/arduino-testlib/cli-datadir/user/libraries/DigitalIO/src/DigitalPin.h:328:5: note: in expansion of macro &#39;fastPinConfig&#39;
     fastPinConfig(PinNumber, mode, level);
     ^
/home/ec2-user/arduino-testlib/cli-datadir/user/libraries/DigitalIO/src/DigitalPin.h:290:25: note: (if you use &#39;-fpermissive&#39;, G&#43;&#43; will accept your code, but allowing the use of an undeclared name is deprecated)
   {fastPinMode(pin, mode); fastDigitalWrite(pin, level);}
                         ^
/home/ec2-user/arduino-testlib/cli-datadir/user/libraries/DigitalIO/src/DigitalPin.h:328:5: note: in expansion of macro &#39;fastPinConfig&#39;
     fastPinConfig(PinNumber, mode, level);
     ^
/home/ec2-user/arduino-testlib/cli-datadir/user/libraries/DigitalIO/src/DigitalPin.h: In member function &#39;void DigitalPin&lt;PinNumber&gt;::mode(uint8_t)&#39;:
/home/ec2-user/arduino-testlib/cli-datadir/user/libraries/DigitalIO/src/DigitalPin.h:352:32: error: there are no arguments to &#39;fastPinMode&#39; that depend on a template parameter, so a declaration of &#39;fastPinMode&#39; must be available [-fpermissive]
     fastPinMode(PinNumber, mode);
                                ^
/home/ec2-user/arduino-testlib/cli-datadir/user/libraries/DigitalIO/src/SoftSPI.h: In member function &#39;void SoftSPI&lt;MisoPin, MosiPin, SckPin, Mode&gt;::begin()&#39;:
/home/ec2-user/arduino-testlib/cli-datadir/user/libraries/DigitalIO/src/DigitalPin.h:290:25: error: there are no arguments to &#39;fastPinMode&#39; that depend on a template parameter, so a declaration of &#39;fastPinMode&#39; must be available [-fpermissive]
   {fastPinMode(pin, mode); fastDigitalWrite(pin, level);}
                         ^
/home/ec2-user/arduino-testlib/cli-datadir/user/libraries/DigitalIO/src/SoftSPI.h:55:5: note: in expansion of macro &#39;fastPinConfig&#39;
     fastPinConfig(MisoPin, MISO_MODE, MISO_LEVEL);
     ^
/home/ec2-user/arduino-testlib/cli-datadir/user/libraries/DigitalIO/src/DigitalPin.h:290:25: error: there are no arguments to &#39;fastPinMode&#39; that depend on a template parameter, so a declaration of &#39;fastPinMode&#39; must be available [-fpermissive]
   {fastPinMode(pin, mode); fastDigitalWrite(pin, level);}
                         ^
/home/ec2-user/arduino-testlib/cli-datadir/user/libraries/DigitalIO/src/SoftSPI.h:56:5: note: in expansion of macro &#39;fastPinConfig&#39;
     fastPinConfig(MosiPin, MOSI_MODE, !MODE_CPHA(Mode));
     ^
/home/ec2-user/arduino-testlib/cli-datadir/user/libraries/DigitalIO/src/DigitalPin.h:290:25: error: there are no arguments to &#39;fastPinMode&#39; that depend on a template parameter, so a declaration of &#39;fastPinMode&#39; must be available [-fpermissive]
   {fastPinMode(pin, mode); fastDigitalWrite(pin, level);}
                         ^
/home/ec2-user/arduino-testlib/cli-datadir/user/libraries/DigitalIO/src/SoftSPI.h:57:5: note: in expansion of macro &#39;fastPinConfig&#39;
     fastPinConfig(SckPin, SCK_MODE, MODE_CPOL(Mode));
     ^

</pre>

					
					<h4>examples/DigitalPinBlink</h4>
					<p>
						Result: <b>FAIL</b>
					</p>
					<pre class="pre-scrollable">In file included from /home/ec2-user/arduino-testlib/cli-datadir/user/libraries/DigitalIO/src/DigitalIO.h:31:0,
                 from /home/ec2-user/arduino-testlib/cli-datadir/user/libraries/DigitalIO/examples/DigitalPinBlink/DigitalPinBlink.ino:2:
/home/ec2-user/arduino-testlib/cli-datadir/user/libraries/DigitalIO/src/DigitalPin.h:278:25: error: variable or field &#39;fastPinMode&#39; declared void
 inline void fastPinMode(pin, mode) {
                         ^
/home/ec2-user/arduino-testlib/cli-datadir/user/libraries/DigitalIO/src/DigitalPin.h:278:25: error: &#39;pin&#39; was not declared in this scope
/home/ec2-user/arduino-testlib/cli-datadir/user/libraries/DigitalIO/src/DigitalPin.h:278:30: error: &#39;mode&#39; was not declared in this scope
 inline void fastPinMode(pin, mode) {
                              ^
/home/ec2-user/arduino-testlib/cli-datadir/user/libraries/DigitalIO/src/DigitalPin.h: In member function &#39;void DigitalPin&lt;PinNumber&gt;::config(uint8_t, bool)&#39;:
/home/ec2-user/arduino-testlib/cli-datadir/user/libraries/DigitalIO/src/DigitalPin.h:290:25: error: there are no arguments to &#39;fastPinMode&#39; that depend on a template parameter, so a declaration of &#39;fastPinMode&#39; must be available [-fpermissive]
   {fastPinMode(pin, mode); fastDigitalWrite(pin, level);}
                         ^
/home/ec2-user/arduino-testlib/cli-datadir/user/libraries/DigitalIO/src/DigitalPin.h:328:5: note: in expansion of macro &#39;fastPinConfig&#39;
     fastPinConfig(PinNumber, mode, level);
     ^
/home/ec2-user/arduino-testlib/cli-datadir/user/libraries/DigitalIO/src/DigitalPin.h:290:25: note: (if you use &#39;-fpermissive&#39;, G&#43;&#43; will accept your code, but allowing the use of an undeclared name is deprecated)
   {fastPinMode(pin, mode); fastDigitalWrite(pin, level);}
                         ^
/home/ec2-user/arduino-testlib/cli-datadir/user/libraries/DigitalIO/src/DigitalPin.h:328:5: note: in expansion of macro &#39;fastPinConfig&#39;
     fastPinConfig(PinNumber, mode, level);
     ^
/home/ec2-user/arduino-testlib/cli-datadir/user/libraries/DigitalIO/src/DigitalPin.h: In member function &#39;void DigitalPin&lt;PinNumber&gt;::mode(uint8_t)&#39;:
/home/ec2-user/arduino-testlib/cli-datadir/user/libraries/DigitalIO/src/DigitalPin.h:352:32: error: there are no arguments to &#39;fastPinMode&#39; that depend on a template parameter, so a declaration of &#39;fastPinMode&#39; must be available [-fpermissive]
     fastPinMode(PinNumber, mode);
                                ^
/home/ec2-user/arduino-testlib/cli-datadir/user/libraries/DigitalIO/src/SoftSPI.h: In member function &#39;void SoftSPI&lt;MisoPin, MosiPin, SckPin, Mode&gt;::begin()&#39;:
/home/ec2-user/arduino-testlib/cli-datadir/user/libraries/DigitalIO/src/DigitalPin.h:290:25: error: there are no arguments to &#39;fastPinMode&#39; that depend on a template parameter, so a declaration of &#39;fastPinMode&#39; must be available [-fpermissive]
   {fastPinMode(pin, mode); fastDigitalWrite(pin, level);}
                         ^
/home/ec2-user/arduino-testlib/cli-datadir/user/libraries/DigitalIO/src/SoftSPI.h:55:5: note: in expansion of macro &#39;fastPinConfig&#39;
     fastPinConfig(MisoPin, MISO_MODE, MISO_LEVEL);
     ^
/home/ec2-user/arduino-testlib/cli-datadir/user/libraries/DigitalIO/src/DigitalPin.h:290:25: error: there are no arguments to &#39;fastPinMode&#39; that depend on a template parameter, so a declaration of &#39;fastPinMode&#39; must be available [-fpermissive]
   {fastPinMode(pin, mode); fastDigitalWrite(pin, level);}
                         ^
/home/ec2-user/arduino-testlib/cli-datadir/user/libraries/DigitalIO/src/SoftSPI.h:56:5: note: in expansion of macro &#39;fastPinConfig&#39;
     fastPinConfig(MosiPin, MOSI_MODE, !MODE_CPHA(Mode));
     ^
/home/ec2-user/arduino-testlib/cli-datadir/user/libraries/DigitalIO/src/DigitalPin.h:290:25: error: there are no arguments to &#39;fastPinMode&#39; that depend on a template parameter, so a declaration of &#39;fastPinMode&#39; must be available [-fpermissive]
   {fastPinMode(pin, mode); fastDigitalWrite(pin, level);}
                         ^
/home/ec2-user/arduino-testlib/cli-datadir/user/libraries/DigitalIO/src/SoftSPI.h:57:5: note: in expansion of macro &#39;fastPinConfig&#39;
     fastPinConfig(SckPin, SCK_MODE, MODE_CPOL(Mode));
     ^
/home/ec2-user/arduino-testlib/cli-datadir/user/libraries/DigitalIO/src/DigitalPin.h: In instantiation of &#39;void DigitalPin&lt;PinNumber&gt;::mode(uint8_t) [with unsigned char PinNumber = 13u; uint8_t = unsigned char]&#39;:
/home/ec2-user/arduino-testlib/cli-datadir/user/libraries/DigitalIO/examples/DigitalPinBlink/DigitalPinBlink.ino:7:19:   required from here
/home/ec2-user/arduino-testlib/cli-datadir/user/libraries/DigitalIO/src/DigitalPin.h:352:16: error: &#39;fastPinMode&#39; was not declared in this scope
     fastPinMode(PinNumber, mode);
                ^

</pre>
					
					<h4>examples/DigitalPinConfigToggle</h4>
					<p>
						Result: <b>FAIL</b>
					</p>
					<pre class="pre-scrollable">In file included from /home/ec2-user/arduino-testlib/cli-datadir/user/libraries/DigitalIO/src/DigitalIO.h:31:0,
                 from /home/ec2-user/arduino-testlib/cli-datadir/user/libraries/DigitalIO/examples/DigitalPinConfigToggle/DigitalPinConfigToggle.ino:2:
/home/ec2-user/arduino-testlib/cli-datadir/user/libraries/DigitalIO/src/DigitalPin.h:278:25: error: variable or field &#39;fastPinMode&#39; declared void
 inline void fastPinMode(pin, mode) {
                         ^
/home/ec2-user/arduino-testlib/cli-datadir/user/libraries/DigitalIO/src/DigitalPin.h:278:25: error: &#39;pin&#39; was not declared in this scope
/home/ec2-user/arduino-testlib/cli-datadir/user/libraries/DigitalIO/src/DigitalPin.h:278:30: error: &#39;mode&#39; was not declared in this scope
 inline void fastPinMode(pin, mode) {
                              ^
/home/ec2-user/arduino-testlib/cli-datadir/user/libraries/DigitalIO/src/DigitalPin.h: In member function &#39;void DigitalPin&lt;PinNumber&gt;::config(uint8_t, bool)&#39;:
/home/ec2-user/arduino-testlib/cli-datadir/user/libraries/DigitalIO/src/DigitalPin.h:290:25: error: there are no arguments to &#39;fastPinMode&#39; that depend on a template parameter, so a declaration of &#39;fastPinMode&#39; must be available [-fpermissive]
   {fastPinMode(pin, mode); fastDigitalWrite(pin, level);}
                         ^
/home/ec2-user/arduino-testlib/cli-datadir/user/libraries/DigitalIO/src/DigitalPin.h:328:5: note: in expansion of macro &#39;fastPinConfig&#39;
     fastPinConfig(PinNumber, mode, level);
     ^
/home/ec2-user/arduino-testlib/cli-datadir/user/libraries/DigitalIO/src/DigitalPin.h:290:25: note: (if you use &#39;-fpermissive&#39;, G&#43;&#43; will accept your code, but allowing the use of an undeclared name is deprecated)
   {fastPinMode(pin, mode); fastDigitalWrite(pin, level);}
                         ^
/home/ec2-user/arduino-testlib/cli-datadir/user/libraries/DigitalIO/src/DigitalPin.h:328:5: note: in expansion of macro &#39;fastPinConfig&#39;
     fastPinConfig(PinNumber, mode, level);
     ^
/home/ec2-user/arduino-testlib/cli-datadir/user/libraries/DigitalIO/src/DigitalPin.h: In member function &#39;void DigitalPin&lt;PinNumber&gt;::mode(uint8_t)&#39;:
/home/ec2-user/arduino-testlib/cli-datadir/user/libraries/DigitalIO/src/DigitalPin.h:352:32: error: there are no arguments to &#39;fastPinMode&#39; that depend on a template parameter, so a declaration of &#39;fastPinMode&#39; must be available [-fpermissive]
     fastPinMode(PinNumber, mode);
                                ^
/home/ec2-user/arduino-testlib/cli-datadir/user/libraries/DigitalIO/src/SoftSPI.h: In member function &#39;void SoftSPI&lt;MisoPin, MosiPin, SckPin, Mode&gt;::begin()&#39;:
/home/ec2-user/arduino-testlib/cli-datadir/user/libraries/DigitalIO/src/DigitalPin.h:290:25: error: there are no arguments to &#39;fastPinMode&#39; that depend on a template parameter, so a declaration of &#39;fastPinMode&#39; must be available [-fpermissive]
   {fastPinMode(pin, mode); fastDigitalWrite(pin, level);}
                         ^
/home/ec2-user/arduino-testlib/cli-datadir/user/libraries/DigitalIO/src/SoftSPI.h:55:5: note: in expansion of macro &#39;fastPinConfig&#39;
     fastPinConfig(MisoPin, MISO_MODE, MISO_LEVEL);
     ^
/home/ec2-user/arduino-testlib/cli-datadir/user/libraries/DigitalIO/src/DigitalPin.h:290:25: error: there are no arguments to &#39;fastPinMode&#39; that depend on a template parameter, so a declaration of &#39;fastPinMode&#39; must be available [-fpermissive]
   {fastPinMode(pin, mode); fastDigitalWrite(pin, level);}
                         ^
/home/ec2-user/arduino-testlib/cli-datadir/user/libraries/DigitalIO/src/SoftSPI.h:56:5: note: in expansion of macro &#39;fastPinConfig&#39;
     fastPinConfig(MosiPin, MOSI_MODE, !MODE_CPHA(Mode));
     ^
/home/ec2-user/arduino-testlib/cli-datadir/user/libraries/DigitalIO/src/DigitalPin.h:290:25: error: there are no arguments to &#39;fastPinMode&#39; that depend on a template parameter, so a declaration of &#39;fastPinMode&#39; must be available [-fpermissive]
   {fastPinMode(pin, mode); fastDigitalWrite(pin, level);}
                         ^
/home/ec2-user/arduino-testlib/cli-datadir/user/libraries/DigitalIO/src/SoftSPI.h:57:5: note: in expansion of macro &#39;fastPinConfig&#39;
     fastPinConfig(SckPin, SCK_MODE, MODE_CPOL(Mode));
     ^
/home/ec2-user/arduino-testlib/cli-datadir/user/libraries/DigitalIO/src/DigitalPin.h: In instantiation of &#39;void DigitalPin&lt;PinNumber&gt;::config(uint8_t, bool) [with unsigned char PinNumber = 13u; uint8_t = unsigned char]&#39;:
/home/ec2-user/arduino-testlib/cli-datadir/user/libraries/DigitalIO/examples/DigitalPinConfigToggle/DigitalPinConfigToggle.ino:9:27:   required from here
/home/ec2-user/arduino-testlib/cli-datadir/user/libraries/DigitalIO/src/DigitalPin.h:290:15: error: &#39;fastPinMode&#39; was not declared in this scope
   {fastPinMode(pin, mode); fastDigitalWrite(pin, level);}
               ^
/home/ec2-user/arduino-testlib/cli-datadir/user/libraries/DigitalIO/src/DigitalPin.h:328:5: note: in expansion of macro &#39;fastPinConfig&#39;
     fastPinConfig(PinNumber, mode, level);
     ^

</pre>
					
					<h4>examples/DigitalPinReadWrite</h4>
					<p>
						Result: <b>FAIL</b>
					</p>
					<pre class="pre-scrollable">In file included from /home/ec2-user/arduino-testlib/cli-datadir/user/libraries/DigitalIO/src/DigitalIO.h:31:0,
                 from /home/ec2-user/arduino-testlib/cli-datadir/user/libraries/DigitalIO/examples/DigitalPinReadWrite/DigitalPinReadWrite.ino:2:
/home/ec2-user/arduino-testlib/cli-datadir/user/libraries/DigitalIO/src/DigitalPin.h:278:25: error: variable or field &#39;fastPinMode&#39; declared void
 inline void fastPinMode(pin, mode) {
                         ^
/home/ec2-user/arduino-testlib/cli-datadir/user/libraries/DigitalIO/src/DigitalPin.h:278:25: error: &#39;pin&#39; was not declared in this scope
/home/ec2-user/arduino-testlib/cli-datadir/user/libraries/DigitalIO/src/DigitalPin.h:278:30: error: &#39;mode&#39; was not declared in this scope
 inline void fastPinMode(pin, mode) {
                              ^
/home/ec2-user/arduino-testlib/cli-datadir/user/libraries/DigitalIO/src/DigitalPin.h: In member function &#39;void DigitalPin&lt;PinNumber&gt;::config(uint8_t, bool)&#39;:
/home/ec2-user/arduino-testlib/cli-datadir/user/libraries/DigitalIO/src/DigitalPin.h:290:25: error: there are no arguments to &#39;fastPinMode&#39; that depend on a template parameter, so a declaration of &#39;fastPinMode&#39; must be available [-fpermissive]
   {fastPinMode(pin, mode); fastDigitalWrite(pin, level);}
                         ^
/home/ec2-user/arduino-testlib/cli-datadir/user/libraries/DigitalIO/src/DigitalPin.h:328:5: note: in expansion of macro &#39;fastPinConfig&#39;
     fastPinConfig(PinNumber, mode, level);
     ^
/home/ec2-user/arduino-testlib/cli-datadir/user/libraries/DigitalIO/src/DigitalPin.h:290:25: note: (if you use &#39;-fpermissive&#39;, G&#43;&#43; will accept your code, but allowing the use of an undeclared name is deprecated)
   {fastPinMode(pin, mode); fastDigitalWrite(pin, level);}
                         ^
/home/ec2-user/arduino-testlib/cli-datadir/user/libraries/DigitalIO/src/DigitalPin.h:328:5: note: in expansion of macro &#39;fastPinConfig&#39;
     fastPinConfig(PinNumber, mode, level);
     ^
/home/ec2-user/arduino-testlib/cli-datadir/user/libraries/DigitalIO/src/DigitalPin.h: In member function &#39;void DigitalPin&lt;PinNumber&gt;::mode(uint8_t)&#39;:
/home/ec2-user/arduino-testlib/cli-datadir/user/libraries/DigitalIO/src/DigitalPin.h:352:32: error: there are no arguments to &#39;fastPinMode&#39; that depend on a template parameter, so a declaration of &#39;fastPinMode&#39; must be available [-fpermissive]
     fastPinMode(PinNumber, mode);
                                ^
/home/ec2-user/arduino-testlib/cli-datadir/user/libraries/DigitalIO/src/SoftSPI.h: In member function &#39;void SoftSPI&lt;MisoPin, MosiPin, SckPin, Mode&gt;::begin()&#39;:
/home/ec2-user/arduino-testlib/cli-datadir/user/libraries/DigitalIO/src/DigitalPin.h:290:25: error: there are no arguments to &#39;fastPinMode&#39; that depend on a template parameter, so a declaration of &#39;fastPinMode&#39; must be available [-fpermissive]
   {fastPinMode(pin, mode); fastDigitalWrite(pin, level);}
                         ^
/home/ec2-user/arduino-testlib/cli-datadir/user/libraries/DigitalIO/src/SoftSPI.h:55:5: note: in expansion of macro &#39;fastPinConfig&#39;
     fastPinConfig(MisoPin, MISO_MODE, MISO_LEVEL);
     ^
/home/ec2-user/arduino-testlib/cli-datadir/user/libraries/DigitalIO/src/DigitalPin.h:290:25: error: there are no arguments to &#39;fastPinMode&#39; that depend on a template parameter, so a declaration of &#39;fastPinMode&#39; must be available [-fpermissive]
   {fastPinMode(pin, mode); fastDigitalWrite(pin, level);}
                         ^
/home/ec2-user/arduino-testlib/cli-datadir/user/libraries/DigitalIO/src/SoftSPI.h:56:5: note: in expansion of macro &#39;fastPinConfig&#39;
     fastPinConfig(MosiPin, MOSI_MODE, !MODE_CPHA(Mode));
     ^
/home/ec2-user/arduino-testlib/cli-datadir/user/libraries/DigitalIO/src/DigitalPin.h:290:25: error: there are no arguments to &#39;fastPinMode&#39; that depend on a template parameter, so a declaration of &#39;fastPinMode&#39; must be available [-fpermissive]
   {fastPinMode(pin, mode); fastDigitalWrite(pin, level);}
                         ^
/home/ec2-user/arduino-testlib/cli-datadir/user/libraries/DigitalIO/src/SoftSPI.h:57:5: note: in expansion of macro &#39;fastPinConfig&#39;
     fastPinConfig(SckPin, SCK_MODE, MODE_CPOL(Mode));
     ^
/home/ec2-user/arduino-testlib/cli-datadir/user/libraries/DigitalIO/src/DigitalPin.h: In instantiation of &#39;void DigitalPin&lt;PinNumber&gt;::mode(uint8_t) [with unsigned char PinNumber = 12u; uint8_t = unsigned char]&#39;:
/home/ec2-user/arduino-testlib/cli-datadir/user/libraries/DigitalIO/examples/DigitalPinReadWrite/DigitalPinReadWrite.ino:8:19:   required from here
/home/ec2-user/arduino-testlib/cli-datadir/user/libraries/DigitalIO/src/DigitalPin.h:352:16: error: &#39;fastPinMode&#39; was not declared in this scope
     fastPinMode(PinNumber, mode);
                ^
/home/ec2-user/arduino-testlib/cli-datadir/user/libraries/DigitalIO/src/DigitalPin.h: In instantiation of &#39;void DigitalPin&lt;PinNumber&gt;::mode(uint8_t) [with unsigned char PinNumber = 13u; uint8_t = unsigned char]&#39;:
/home/ec2-user/arduino-testlib/cli-datadir/user/libraries/DigitalIO/examples/DigitalPinReadWrite/DigitalPinReadWrite.ino:9:20:   required from here
/home/ec2-user/arduino-testlib/cli-datadir/user/libraries/DigitalIO/src/DigitalPin.h:352:16: error: &#39;fastPinMode&#39; was not declared in this scope

</pre>
					
					<h4>examples/DigitalPinShiftOut</h4>
					<p>
						Result: <b>FAIL</b>
					</p>
					<pre class="pre-scrollable">In file included from /home/ec2-user/arduino-testlib/cli-datadir/user/libraries/DigitalIO/src/DigitalIO.h:31:0,
                 from /home/ec2-user/arduino-testlib/cli-datadir/user/libraries/DigitalIO/examples/DigitalPinShiftOut/DigitalPinShiftOut.ino:2:
/home/ec2-user/arduino-testlib/cli-datadir/user/libraries/DigitalIO/src/DigitalPin.h:278:25: error: variable or field &#39;fastPinMode&#39; declared void
 inline void fastPinMode(pin, mode) {
                         ^
/home/ec2-user/arduino-testlib/cli-datadir/user/libraries/DigitalIO/src/DigitalPin.h:278:25: error: &#39;pin&#39; was not declared in this scope
/home/ec2-user/arduino-testlib/cli-datadir/user/libraries/DigitalIO/src/DigitalPin.h:278:30: error: &#39;mode&#39; was not declared in this scope
 inline void fastPinMode(pin, mode) {
                              ^
/home/ec2-user/arduino-testlib/cli-datadir/user/libraries/DigitalIO/src/DigitalPin.h: In member function &#39;void DigitalPin&lt;PinNumber&gt;::config(uint8_t, bool)&#39;:
/home/ec2-user/arduino-testlib/cli-datadir/user/libraries/DigitalIO/src/DigitalPin.h:290:25: error: there are no arguments to &#39;fastPinMode&#39; that depend on a template parameter, so a declaration of &#39;fastPinMode&#39; must be available [-fpermissive]
   {fastPinMode(pin, mode); fastDigitalWrite(pin, level);}
                         ^
/home/ec2-user/arduino-testlib/cli-datadir/user/libraries/DigitalIO/src/DigitalPin.h:328:5: note: in expansion of macro &#39;fastPinConfig&#39;
     fastPinConfig(PinNumber, mode, level);
     ^
/home/ec2-user/arduino-testlib/cli-datadir/user/libraries/DigitalIO/src/DigitalPin.h:290:25: note: (if you use &#39;-fpermissive&#39;, G&#43;&#43; will accept your code, but allowing the use of an undeclared name is deprecated)
   {fastPinMode(pin, mode); fastDigitalWrite(pin, level);}
                         ^
/home/ec2-user/arduino-testlib/cli-datadir/user/libraries/DigitalIO/src/DigitalPin.h:328:5: note: in expansion of macro &#39;fastPinConfig&#39;
     fastPinConfig(PinNumber, mode, level);
     ^
/home/ec2-user/arduino-testlib/cli-datadir/user/libraries/DigitalIO/src/DigitalPin.h: In member function &#39;void DigitalPin&lt;PinNumber&gt;::mode(uint8_t)&#39;:
/home/ec2-user/arduino-testlib/cli-datadir/user/libraries/DigitalIO/src/DigitalPin.h:352:32: error: there are no arguments to &#39;fastPinMode&#39; that depend on a template parameter, so a declaration of &#39;fastPinMode&#39; must be available [-fpermissive]
     fastPinMode(PinNumber, mode);
                                ^
/home/ec2-user/arduino-testlib/cli-datadir/user/libraries/DigitalIO/src/SoftSPI.h: In member function &#39;void SoftSPI&lt;MisoPin, MosiPin, SckPin, Mode&gt;::begin()&#39;:
/home/ec2-user/arduino-testlib/cli-datadir/user/libraries/DigitalIO/src/DigitalPin.h:290:25: error: there are no arguments to &#39;fastPinMode&#39; that depend on a template parameter, so a declaration of &#39;fastPinMode&#39; must be available [-fpermissive]
   {fastPinMode(pin, mode); fastDigitalWrite(pin, level);}
                         ^
/home/ec2-user/arduino-testlib/cli-datadir/user/libraries/DigitalIO/src/SoftSPI.h:55:5: note: in expansion of macro &#39;fastPinConfig&#39;
     fastPinConfig(MisoPin, MISO_MODE, MISO_LEVEL);
     ^
/home/ec2-user/arduino-testlib/cli-datadir/user/libraries/DigitalIO/src/DigitalPin.h:290:25: error: there are no arguments to &#39;fastPinMode&#39; that depend on a template parameter, so a declaration of &#39;fastPinMode&#39; must be available [-fpermissive]
   {fastPinMode(pin, mode); fastDigitalWrite(pin, level);}
                         ^
/home/ec2-user/arduino-testlib/cli-datadir/user/libraries/DigitalIO/src/SoftSPI.h:56:5: note: in expansion of macro &#39;fastPinConfig&#39;
     fastPinConfig(MosiPin, MOSI_MODE, !MODE_CPHA(Mode));
     ^
/home/ec2-user/arduino-testlib/cli-datadir/user/libraries/DigitalIO/src/DigitalPin.h:290:25: error: there are no arguments to &#39;fastPinMode&#39; that depend on a template parameter, so a declaration of &#39;fastPinMode&#39; must be available [-fpermissive]
   {fastPinMode(pin, mode); fastDigitalWrite(pin, level);}
                         ^
/home/ec2-user/arduino-testlib/cli-datadir/user/libraries/DigitalIO/src/SoftSPI.h:57:5: note: in expansion of macro &#39;fastPinConfig&#39;
     fastPinConfig(SckPin, SCK_MODE, MODE_CPOL(Mode));
     ^
/home/ec2-user/arduino-testlib/cli-datadir/user/libraries/DigitalIO/src/DigitalPin.h: In instantiation of &#39;void DigitalPin&lt;PinNumber&gt;::config(uint8_t, bool) [with unsigned char PinNumber = 12u; uint8_t = unsigned char]&#39;:
/home/ec2-user/arduino-testlib/cli-datadir/user/libraries/DigitalIO/examples/DigitalPinShiftOut/DigitalPinShiftOut.ino:30:30:   required from here
/home/ec2-user/arduino-testlib/cli-datadir/user/libraries/DigitalIO/src/DigitalPin.h:290:15: error: &#39;fastPinMode&#39; was not declared in this scope
   {fastPinMode(pin, mode); fastDigitalWrite(pin, level);}
               ^
/home/ec2-user/arduino-testlib/cli-datadir/user/libraries/DigitalIO/src/DigitalPin.h:328:5: note: in expansion of macro &#39;fastPinConfig&#39;
     fastPinConfig(PinNumber, mode, level);
     ^
/home/ec2-user/arduino-testlib/cli-datadir/user/libraries/DigitalIO/src/DigitalPin.h: In instantiation of &#39;void DigitalPin&lt;PinNumber&gt;::config(uint8_t, bool) [with unsigned char PinNumber = 13u; uint8_t = unsigned char]&#39;:
/home/ec2-user/arduino-testlib/cli-datadir/user/libraries/DigitalIO/examples/DigitalPinShiftOut/DigitalPinShiftOut.ino:33:30:   required from here
/home/ec2-user/arduino-testlib/cli-datadir/user/libraries/DigitalIO/src/DigitalPin.h:290:15: error: &#39;fastPinMode&#39; was not declared in this scope
   {fastPinMode(pin, mode); fastDigitalWrite(pin, level);}
               ^
/home/ec2-user/arduino-testlib/cli-datadir/user/libraries/DigitalIO/src/DigitalPin.h:328:5: note: in expansion of macro &#39;fastPinConfig&#39;
     fastPinConfig(PinNumber, mode, level);
     ^

</pre>
					
					<h4>examples/GpioPinMap</h4>
					<p>
						Result: <b>PASS</b>
					</p>
					<pre class="pre-scrollable">Sketch uses 204866 bytes (15%) of program storage space. Maximum is 1310720 bytes.
Global variables use 13416 bytes (4%) of dynamic memory, leaving 314264 bytes for local variables. Maximum is 327680 bytes.
</pre>
					
					<h4>examples/PinIOBegin</h4>
					<p>
						Result: <b>FAIL</b>
					</p>
					<pre class="pre-scrollable">/home/ec2-user/arduino-testlib/cli-datadir/user/libraries/DigitalIO/examples/PinIOBegin/PinIOBegin.ino:27:2: error: #error AVR only example
 #error AVR only example
  ^

</pre>
					
					<h4>examples/PinIOConfigToggle</h4>
					<p>
						Result: <b>FAIL</b>
					</p>
					<pre class="pre-scrollable">/home/ec2-user/arduino-testlib/cli-datadir/user/libraries/DigitalIO/examples/PinIOConfigToggle/PinIOConfigToggle.ino:19:2: error: #error AVR only example
 #error AVR only example
  ^

</pre>
					
					<h4>examples/PinIOReadWrite</h4>
					<p>
						Result: <b>FAIL</b>
					</p>
					<pre class="pre-scrollable">/home/ec2-user/arduino-testlib/cli-datadir/user/libraries/DigitalIO/examples/PinIOReadWrite/PinIOReadWrite.ino:19:2: error: #error AVR only example
 #error AVR only example
  ^

</pre>
					
					<h4>examples/ScanI2cBus</h4>
					<p>
						Result: <b>FAIL</b>
					</p>
					<pre class="pre-scrollable">/home/ec2-user/arduino-testlib/cli-datadir/user/libraries/DigitalIO/examples/ScanI2cBus/ScanI2cBus.ino:78:2: error: #error AVR only example
 #error AVR only example
  ^

</pre>
					
					<h4>examples/SoftDS1307Utility</h4>
					<p>
						Result: <b>FAIL</b>
					</p>
					<pre class="pre-scrollable">/home/ec2-user/arduino-testlib/cli-datadir/user/libraries/DigitalIO/examples/SoftDS1307Utility/SoftDS1307Utility.ino:325:2: error: #error AVR only example
 #error AVR only example
  ^

</pre>
					
					<h4>examples/testArduino</h4>
					<p>
						Result: <b>PASS</b>
					</p>
					<pre class="pre-scrollable">Sketch uses 198842 bytes (15%) of program storage space. Maximum is 1310720 bytes.
Global variables use 13248 bytes (4%) of dynamic memory, leaving 314432 bytes for local variables. Maximum is 327680 bytes.
</pre>
					
					<h4>examples/testDigitalPin</h4>
					<p>
						Result: <b>FAIL</b>
					</p>
					<pre class="pre-scrollable">In file included from /home/ec2-user/arduino-testlib/cli-datadir/user/libraries/DigitalIO/src/DigitalIO.h:31:0,
                 from /home/ec2-user/arduino-testlib/cli-datadir/user/libraries/DigitalIO/examples/testDigitalPin/testDigitalPin.ino:2:
/home/ec2-user/arduino-testlib/cli-datadir/user/libraries/DigitalIO/src/DigitalPin.h:278:25: error: variable or field &#39;fastPinMode&#39; declared void
 inline void fastPinMode(pin, mode) {
                         ^
/home/ec2-user/arduino-testlib/cli-datadir/user/libraries/DigitalIO/src/DigitalPin.h:278:25: error: &#39;pin&#39; was not declared in this scope
/home/ec2-user/arduino-testlib/cli-datadir/user/libraries/DigitalIO/src/DigitalPin.h:278:30: error: &#39;mode&#39; was not declared in this scope
 inline void fastPinMode(pin, mode) {
                              ^
/home/ec2-user/arduino-testlib/cli-datadir/user/libraries/DigitalIO/src/DigitalPin.h: In member function &#39;void DigitalPin&lt;PinNumber&gt;::config(uint8_t, bool)&#39;:
/home/ec2-user/arduino-testlib/cli-datadir/user/libraries/DigitalIO/src/DigitalPin.h:290:25: error: there are no arguments to &#39;fastPinMode&#39; that depend on a template parameter, so a declaration of &#39;fastPinMode&#39; must be available [-fpermissive]
   {fastPinMode(pin, mode); fastDigitalWrite(pin, level);}
                         ^
/home/ec2-user/arduino-testlib/cli-datadir/user/libraries/DigitalIO/src/DigitalPin.h:328:5: note: in expansion of macro &#39;fastPinConfig&#39;
     fastPinConfig(PinNumber, mode, level);
     ^
/home/ec2-user/arduino-testlib/cli-datadir/user/libraries/DigitalIO/src/DigitalPin.h:290:25: note: (if you use &#39;-fpermissive&#39;, G&#43;&#43; will accept your code, but allowing the use of an undeclared name is deprecated)
   {fastPinMode(pin, mode); fastDigitalWrite(pin, level);}
                         ^
/home/ec2-user/arduino-testlib/cli-datadir/user/libraries/DigitalIO/src/DigitalPin.h:328:5: note: in expansion of macro &#39;fastPinConfig&#39;
     fastPinConfig(PinNumber, mode, level);
     ^
/home/ec2-user/arduino-testlib/cli-datadir/user/libraries/DigitalIO/src/DigitalPin.h: In member function &#39;void DigitalPin&lt;PinNumber&gt;::mode(uint8_t)&#39;:
/home/ec2-user/arduino-testlib/cli-datadir/user/libraries/DigitalIO/src/DigitalPin.h:352:32: error: there are no arguments to &#39;fastPinMode&#39; that depend on a template parameter, so a declaration of &#39;fastPinMode&#39; must be available [-fpermissive]
     fastPinMode(PinNumber, mode);
                                ^
/home/ec2-user/arduino-testlib/cli-datadir/user/libraries/DigitalIO/src/SoftSPI.h: In member function &#39;void SoftSPI&lt;MisoPin, MosiPin, SckPin, Mode&gt;::begin()&#39;:
/home/ec2-user/arduino-testlib/cli-datadir/user/libraries/DigitalIO/src/DigitalPin.h:290:25: error: there are no arguments to &#39;fastPinMode&#39; that depend on a template parameter, so a declaration of &#39;fastPinMode&#39; must be available [-fpermissive]
   {fastPinMode(pin, mode); fastDigitalWrite(pin, level);}
                         ^
/home/ec2-user/arduino-testlib/cli-datadir/user/libraries/DigitalIO/src/SoftSPI.h:55:5: note: in expansion of macro &#39;fastPinConfig&#39;
     fastPinConfig(MisoPin, MISO_MODE, MISO_LEVEL);
     ^
/home/ec2-user/arduino-testlib/cli-datadir/user/libraries/DigitalIO/src/DigitalPin.h:290:25: error: there are no arguments to &#39;fastPinMode&#39; that depend on a template parameter, so a declaration of &#39;fastPinMode&#39; must be available [-fpermissive]
   {fastPinMode(pin, mode); fastDigitalWrite(pin, level);}
                         ^
/home/ec2-user/arduino-testlib/cli-datadir/user/libraries/DigitalIO/src/SoftSPI.h:56:5: note: in expansion of macro &#39;fastPinConfig&#39;
     fastPinConfig(MosiPin, MOSI_MODE, !MODE_CPHA(Mode));
     ^
/home/ec2-user/arduino-testlib/cli-datadir/user/libraries/DigitalIO/src/DigitalPin.h:290:25: error: there are no arguments to &#39;fastPinMode&#39; that depend on a template parameter, so a declaration of &#39;fastPinMode&#39; must be available [-fpermissive]
   {fastPinMode(pin, mode); fastDigitalWrite(pin, level);}
                         ^
/home/ec2-user/arduino-testlib/cli-datadir/user/libraries/DigitalIO/src/SoftSPI.h:57:5: note: in expansion of macro &#39;fastPinConfig&#39;
     fastPinConfig(SckPin, SCK_MODE, MODE_CPOL(Mode));
     ^
/home/ec2-user/arduino-testlib/cli-datadir/user/libraries/DigitalIO/src/DigitalPin.h: In instantiation of &#39;void DigitalPin&lt;PinNumber&gt;::mode(uint8_t) [with unsigned char PinNumber = 13u; uint8_t = unsigned char]&#39;:
/home/ec2-user/arduino-testlib/cli-datadir/user/libraries/DigitalIO/examples/testDigitalPin/testDigitalPin.ino:9:20:   required from here
/home/ec2-user/arduino-testlib/cli-datadir/user/libraries/DigitalIO/src/DigitalPin.h:352:16: error: &#39;fastPinMode&#39; was not declared in this scope
     fastPinMode(PinNumber, mode);
                ^

</pre>
					
					<h4>examples/testFastDigital</h4>
					<p>
						Result: <b>FAIL</b>
					</p>
					<pre class="pre-scrollable">In file included from /home/ec2-user/arduino-testlib/cli-datadir/user/libraries/DigitalIO/src/DigitalIO.h:31:0,
                 from /home/ec2-user/arduino-testlib/cli-datadir/user/libraries/DigitalIO/examples/testFastDigital/testFastDigital.ino:2:
/home/ec2-user/arduino-testlib/cli-datadir/user/libraries/DigitalIO/src/DigitalPin.h:278:25: error: variable or field &#39;fastPinMode&#39; declared void
 inline void fastPinMode(pin, mode) {
                         ^
/home/ec2-user/arduino-testlib/cli-datadir/user/libraries/DigitalIO/src/DigitalPin.h:278:25: error: &#39;pin&#39; was not declared in this scope
/home/ec2-user/arduino-testlib/cli-datadir/user/libraries/DigitalIO/src/DigitalPin.h:278:30: error: &#39;mode&#39; was not declared in this scope
 inline void fastPinMode(pin, mode) {
                              ^
/home/ec2-user/arduino-testlib/cli-datadir/user/libraries/DigitalIO/src/DigitalPin.h: In member function &#39;void DigitalPin&lt;PinNumber&gt;::config(uint8_t, bool)&#39;:
/home/ec2-user/arduino-testlib/cli-datadir/user/libraries/DigitalIO/src/DigitalPin.h:290:25: error: there are no arguments to &#39;fastPinMode&#39; that depend on a template parameter, so a declaration of &#39;fastPinMode&#39; must be available [-fpermissive]
   {fastPinMode(pin, mode); fastDigitalWrite(pin, level);}
                         ^
/home/ec2-user/arduino-testlib/cli-datadir/user/libraries/DigitalIO/src/DigitalPin.h:328:5: note: in expansion of macro &#39;fastPinConfig&#39;
     fastPinConfig(PinNumber, mode, level);
     ^
/home/ec2-user/arduino-testlib/cli-datadir/user/libraries/DigitalIO/src/DigitalPin.h:290:25: note: (if you use &#39;-fpermissive&#39;, G&#43;&#43; will accept your code, but allowing the use of an undeclared name is deprecated)
   {fastPinMode(pin, mode); fastDigitalWrite(pin, level);}
                         ^
/home/ec2-user/arduino-testlib/cli-datadir/user/libraries/DigitalIO/src/DigitalPin.h:328:5: note: in expansion of macro &#39;fastPinConfig&#39;
     fastPinConfig(PinNumber, mode, level);
     ^
/home/ec2-user/arduino-testlib/cli-datadir/user/libraries/DigitalIO/src/DigitalPin.h: In member function &#39;void DigitalPin&lt;PinNumber&gt;::mode(uint8_t)&#39;:
/home/ec2-user/arduino-testlib/cli-datadir/user/libraries/DigitalIO/src/DigitalPin.h:352:32: error: there are no arguments to &#39;fastPinMode&#39; that depend on a template parameter, so a declaration of &#39;fastPinMode&#39; must be available [-fpermissive]
     fastPinMode(PinNumber, mode);
                                ^
/home/ec2-user/arduino-testlib/cli-datadir/user/libraries/DigitalIO/src/SoftSPI.h: In member function &#39;void SoftSPI&lt;MisoPin, MosiPin, SckPin, Mode&gt;::begin()&#39;:
/home/ec2-user/arduino-testlib/cli-datadir/user/libraries/DigitalIO/src/DigitalPin.h:290:25: error: there are no arguments to &#39;fastPinMode&#39; that depend on a template parameter, so a declaration of &#39;fastPinMode&#39; must be available [-fpermissive]
   {fastPinMode(pin, mode); fastDigitalWrite(pin, level);}
                         ^
/home/ec2-user/arduino-testlib/cli-datadir/user/libraries/DigitalIO/src/SoftSPI.h:55:5: note: in expansion of macro &#39;fastPinConfig&#39;
     fastPinConfig(MisoPin, MISO_MODE, MISO_LEVEL);
     ^
/home/ec2-user/arduino-testlib/cli-datadir/user/libraries/DigitalIO/src/DigitalPin.h:290:25: error: there are no arguments to &#39;fastPinMode&#39; that depend on a template parameter, so a declaration of &#39;fastPinMode&#39; must be available [-fpermissive]
   {fastPinMode(pin, mode); fastDigitalWrite(pin, level);}
                         ^
/home/ec2-user/arduino-testlib/cli-datadir/user/libraries/DigitalIO/src/SoftSPI.h:56:5: note: in expansion of macro &#39;fastPinConfig&#39;
     fastPinConfig(MosiPin, MOSI_MODE, !MODE_CPHA(Mode));
     ^
/home/ec2-user/arduino-testlib/cli-datadir/user/libraries/DigitalIO/src/DigitalPin.h:290:25: error: there are no arguments to &#39;fastPinMode&#39; that depend on a template parameter, so a declaration of &#39;fastPinMode&#39; must be available [-fpermissive]
   {fastPinMode(pin, mode); fastDigitalWrite(pin, level);}
                         ^
/home/ec2-user/arduino-testlib/cli-datadir/user/libraries/DigitalIO/src/SoftSPI.h:57:5: note: in expansion of macro &#39;fastPinConfig&#39;
     fastPinConfig(SckPin, SCK_MODE, MODE_CPOL(Mode));
     ^
/home/ec2-user/arduino-testlib/cli-datadir/user/libraries/DigitalIO/examples/testFastDigital/testFastDigital.ino: In function &#39;void setup()&#39;:
/home/ec2-user/arduino-testlib/cli-datadir/user/libraries/DigitalIO/examples/testFastDigital/testFastDigital.ino:5:26: error: &#39;fastPinMode&#39; was not declared in this scope
   fastPinMode(PIN, OUTPUT);
                          ^

</pre>
					
					<h4>examples/testPinIO</h4>
					<p>
						Result: <b>FAIL</b>
					</p>
					<pre class="pre-scrollable">/home/ec2-user/arduino-testlib/cli-datadir/user/libraries/DigitalIO/examples/testPinIO/testPinIO.ino:23:2: error: #error AVR only example
 #error AVR only example
  ^

</pre>
					
					<h4>examples/testSoftSPI</h4>
					<p>
						Result: <b>FAIL</b>
					</p>
					<pre class="pre-scrollable">In file included from /home/ec2-user/arduino-testlib/cli-datadir/user/libraries/DigitalIO/src/DigitalIO.h:31:0,
                 from /home/ec2-user/arduino-testlib/cli-datadir/user/libraries/DigitalIO/examples/testSoftSPI/testSoftSPI.ino:2:
/home/ec2-user/arduino-testlib/cli-datadir/user/libraries/DigitalIO/src/DigitalPin.h:278:25: error: variable or field &#39;fastPinMode&#39; declared void
 inline void fastPinMode(pin, mode) {
                         ^
/home/ec2-user/arduino-testlib/cli-datadir/user/libraries/DigitalIO/src/DigitalPin.h:278:25: error: &#39;pin&#39; was not declared in this scope
/home/ec2-user/arduino-testlib/cli-datadir/user/libraries/DigitalIO/src/DigitalPin.h:278:30: error: &#39;mode&#39; was not declared in this scope
 inline void fastPinMode(pin, mode) {
                              ^
/home/ec2-user/arduino-testlib/cli-datadir/user/libraries/DigitalIO/src/DigitalPin.h: In member function &#39;void DigitalPin&lt;PinNumber&gt;::config(uint8_t, bool)&#39;:
/home/ec2-user/arduino-testlib/cli-datadir/user/libraries/DigitalIO/src/DigitalPin.h:290:25: error: there are no arguments to &#39;fastPinMode&#39; that depend on a template parameter, so a declaration of &#39;fastPinMode&#39; must be available [-fpermissive]
   {fastPinMode(pin, mode); fastDigitalWrite(pin, level);}
                         ^
/home/ec2-user/arduino-testlib/cli-datadir/user/libraries/DigitalIO/src/DigitalPin.h:328:5: note: in expansion of macro &#39;fastPinConfig&#39;
     fastPinConfig(PinNumber, mode, level);
     ^
/home/ec2-user/arduino-testlib/cli-datadir/user/libraries/DigitalIO/src/DigitalPin.h:290:25: note: (if you use &#39;-fpermissive&#39;, G&#43;&#43; will accept your code, but allowing the use of an undeclared name is deprecated)
   {fastPinMode(pin, mode); fastDigitalWrite(pin, level);}
                         ^
/home/ec2-user/arduino-testlib/cli-datadir/user/libraries/DigitalIO/src/DigitalPin.h:328:5: note: in expansion of macro &#39;fastPinConfig&#39;
     fastPinConfig(PinNumber, mode, level);
     ^
/home/ec2-user/arduino-testlib/cli-datadir/user/libraries/DigitalIO/src/DigitalPin.h: In member function &#39;void DigitalPin&lt;PinNumber&gt;::mode(uint8_t)&#39;:
/home/ec2-user/arduino-testlib/cli-datadir/user/libraries/DigitalIO/src/DigitalPin.h:352:32: error: there are no arguments to &#39;fastPinMode&#39; that depend on a template parameter, so a declaration of &#39;fastPinMode&#39; must be available [-fpermissive]
     fastPinMode(PinNumber, mode);
                                ^
/home/ec2-user/arduino-testlib/cli-datadir/user/libraries/DigitalIO/src/SoftSPI.h: In member function &#39;void SoftSPI&lt;MisoPin, MosiPin, SckPin, Mode&gt;::begin()&#39;:
/home/ec2-user/arduino-testlib/cli-datadir/user/libraries/DigitalIO/src/DigitalPin.h:290:25: error: there are no arguments to &#39;fastPinMode&#39; that depend on a template parameter, so a declaration of &#39;fastPinMode&#39; must be available [-fpermissive]
   {fastPinMode(pin, mode); fastDigitalWrite(pin, level);}
                         ^
/home/ec2-user/arduino-testlib/cli-datadir/user/libraries/DigitalIO/src/SoftSPI.h:55:5: note: in expansion of macro &#39;fastPinConfig&#39;
     fastPinConfig(MisoPin, MISO_MODE, MISO_LEVEL);
     ^
/home/ec2-user/arduino-testlib/cli-datadir/user/libraries/DigitalIO/src/DigitalPin.h:290:25: error: there are no arguments to &#39;fastPinMode&#39; that depend on a template parameter, so a declaration of &#39;fastPinMode&#39; must be available [-fpermissive]
   {fastPinMode(pin, mode); fastDigitalWrite(pin, level);}
                         ^
/home/ec2-user/arduino-testlib/cli-datadir/user/libraries/DigitalIO/src/SoftSPI.h:56:5: note: in expansion of macro &#39;fastPinConfig&#39;
     fastPinConfig(MosiPin, MOSI_MODE, !MODE_CPHA(Mode));
     ^
/home/ec2-user/arduino-testlib/cli-datadir/user/libraries/DigitalIO/src/DigitalPin.h:290:25: error: there are no arguments to &#39;fastPinMode&#39; that depend on a template parameter, so a declaration of &#39;fastPinMode&#39; must be available [-fpermissive]
   {fastPinMode(pin, mode); fastDigitalWrite(pin, level);}
                         ^
/home/ec2-user/arduino-testlib/cli-datadir/user/libraries/DigitalIO/src/SoftSPI.h:57:5: note: in expansion of macro &#39;fastPinConfig&#39;
     fastPinConfig(SckPin, SCK_MODE, MODE_CPOL(Mode));
     ^
/home/ec2-user/arduino-testlib/cli-datadir/user/libraries/DigitalIO/src/SoftSPI.h: In instantiation of &#39;void SoftSPI&lt;MisoPin, MosiPin, SckPin, Mode&gt;::begin() [with unsigned char MisoPin = 7u; unsigned char MosiPin = 8u; unsigned char SckPin = 9u; unsigned char Mode = 0u]&#39;:
/home/ec2-user/arduino-testlib/cli-datadir/user/libraries/DigitalIO/examples/testSoftSPI/testSoftSPI.ino:14:13:   required from here
/home/ec2-user/arduino-testlib/cli-datadir/user/libraries/DigitalIO/src/DigitalPin.h:290:15: error: &#39;fastPinMode&#39; was not declared in this scope
   {fastPinMode(pin, mode); fastDigitalWrite(pin, level);}
               ^
/home/ec2-user/arduino-testlib/cli-datadir/user/libraries/DigitalIO/src/SoftSPI.h:55:5: note: in expansion of macro &#39;fastPinConfig&#39;
     fastPinConfig(MisoPin, MISO_MODE, MISO_LEVEL);
     ^
/home/ec2-user/arduino-testlib/cli-datadir/user/libraries/DigitalIO/src/DigitalPin.h:290:15: error: &#39;fastPinMode&#39; was not declared in this scope
   {fastPinMode(pin, mode); fastDigitalWrite(pin, level);}
               ^
/home/ec2-user/arduino-testlib/cli-datadir/user/libraries/DigitalIO/src/SoftSPI.h:56:5: note: in expansion of macro &#39;fastPinConfig&#39;
     fastPinConfig(MosiPin, MOSI_MODE, !MODE_CPHA(Mode));
     ^
/home/ec2-user/arduino-testlib/cli-datadir/user/libraries/DigitalIO/src/DigitalPin.h:290:15: error: &#39;fastPinMode&#39; was not declared in this scope
   {fastPinMode(pin, mode); fastDigitalWrite(pin, level);}
               ^
/home/ec2-user/arduino-testlib/cli-datadir/user/libraries/DigitalIO/src/SoftSPI.h:57:5: note: in expansion of macro &#39;fastPinConfig&#39;
     fastPinConfig(SckPin, SCK_MODE, MODE_CPOL(Mode));
     ^

</pre>
					
				
			</div>
		</div>
	</div>
  </body>
</html>
