
<!doctype html>
<html lang="en">
  <head>
    <meta charset="utf-8">
    <meta name="viewport" content="width=device-width, initial-scale=1">
    <link href="https://cdn.jsdelivr.net/npm/bootstrap@5.0.2/dist/css/bootstrap.min.css" rel="stylesheet" integrity="sha384-EVSTQN3/azprG1Anm3QDgpJLIm9Nao0Yz1ztcQTwFspd3yD65VohhpuuCOmLASjC" crossorigin="anonymous">
    <title>arduino-testlib report</title>
	<style>
	.pass { background-color: #00FF00 !important; }
	.fail { background-color: #FF0000 !important; }
	</style>
  </head>
  <body>
	<div class="container">
		<div class="row">
			<div class="col">
				<h1>Dimmer class for SAMD21 - compatibility matrix</h1>
				<p>
					<small>This report was generated on Wednesday, 23-Feb-22 22:48:15 CET using 
					<a href="https://github.com/alranel/arduino-testlib">arduino-testlib</a>.</small>
				</p>

				<h2>Dimmer class for SAMD21</h2>
				<p>
					Version: <b>1.0.0</b>
					<br />
					<a href="https://www.arduino.cc/reference/en/libraries/dimmer-class-for-samd21/">More details</a>
				</p>

				<h2>Compatibility matrix</h2>
				<table class="table table-bordered">
					<tr>
						<th>Board</th>
						<th>Claims compatibility</th>
						<th>Inclusion</th>
						
						<th><pre>DimmerTest</pre></th>
						
					</tr>
					
					<tr>
						<td>
							<a href="#arduino%3aavr%3auno"><b>arduino:avr:uno</b></a>
							<br />
							<small>1.8.4</small>
						</td>

						
						
						
						
							<td>No</td>
							<td class="fail">FAIL</td>
						

						
							
								
									
										
											
											<td class="fail">FAIL</td>
										
									
								
							
								
							
								
							
								
							
								
							
						
					</tr>
					
					<tr>
						<td>
							<a href="#arduino%3ambed_nano%3ananorp2040connect"><b>arduino:mbed_nano:nanorp2040connect</b></a>
							<br />
							<small>2.7.2</small>
						</td>

						
						
						
						
							<td>No</td>
							<td class="fail">FAIL</td>
						

						
							
								
							
								
									
										
											
											<td class="fail">FAIL</td>
										
									
								
							
								
							
								
							
								
							
						
					</tr>
					
					<tr>
						<td>
							<a href="#arduino%3amegaavr%3anona4809"><b>arduino:megaavr:nona4809</b></a>
							<br />
							<small>1.8.7</small>
						</td>

						
						
						
						
							<td>No</td>
							<td class="fail">FAIL</td>
						

						
							
								
							
								
							
								
									
										
											
											<td class="fail">FAIL</td>
										
									
								
							
								
							
								
							
						
					</tr>
					
					<tr>
						<td>
							<a href="#arduino%3asamd%3amkrwifi1010"><b>arduino:samd:mkrwifi1010</b></a>
							<br />
							<small>1.8.12</small>
						</td>

						
							<td>Yes</td>
							<td class="pass">PASS</td>
						
						
						
						

						
							
								
							
								
							
								
							
								
									
										
											<td class="pass">PASS</td>
											
										
									
								
							
								
							
						
					</tr>
					
					<tr>
						<td>
							<a href="#esp32%3aesp32%3ad1_mini32"><b>esp32:esp32:d1_mini32</b></a>
							<br />
							<small>1.0.6</small>
						</td>

						
						
						
						
							<td>No</td>
							<td class="fail">FAIL</td>
						

						
							
								
							
								
							
								
							
								
							
								
									
										
											
											<td class="fail">FAIL</td>
										
									
								
							
						
					</tr>
					
				</table>

				<h2>Compilation logs</h2>
				
				<h3 id="arduino:avr:uno">arduino:avr:uno @ 1.8.4</h3>
				<h4>Inclusion</h4>
				<p>
					Result: <b>FAIL</b>
					
					<br />This library has no main header file so an empty one was created.
					
				</p>
				<pre class="pre-scrollable">WARNING: library Dimmer_class_for_SAMD21 claims to run on samd architecture(s) and may be incompatible with your current board which runs on avr architecture(s).
/home/ec2-user/arduino-testlib/cli-datadir/user/libraries/Dimmer_class_for_SAMD21/src/DimmerZero.cpp:199:6: error: #error &#34;This library only supports SAMD21G18A based boards (e.g. Zero/M0...)&#34;
     #error &#34;This library only supports SAMD21G18A based boards (e.g. Zero/M0...)&#34;
      ^~~~~
/home/ec2-user/arduino-testlib/cli-datadir/user/libraries/Dimmer_class_for_SAMD21/src/DimmerZero.cpp: In member function &#39;void DimmerZero::init()&#39;:
/home/ec2-user/arduino-testlib/cli-datadir/user/libraries/Dimmer_class_for_SAMD21/src/DimmerZero.cpp:47:2: error: &#39;REG_GCLK_GENDIV&#39; was not declared in this scope
  REG_GCLK_GENDIV = GCLK_GENDIV_DIV(div) |  // Divide the 48MHz clock source by divisor div: e.g. 48MHz/4=12MHz
  ^~~~~~~~~~~~~~~
/home/ec2-user/arduino-testlib/cli-datadir/user/libraries/Dimmer_class_for_SAMD21/src/DimmerZero.cpp:47:20: error: &#39;GCLK_GENDIV_DIV&#39; was not declared in this scope
  REG_GCLK_GENDIV = GCLK_GENDIV_DIV(div) |  // Divide the 48MHz clock source by divisor div: e.g. 48MHz/4=12MHz
                    ^~~~~~~~~~~~~~~
/home/ec2-user/arduino-testlib/cli-datadir/user/libraries/Dimmer_class_for_SAMD21/src/DimmerZero.cpp:48:7: error: &#39;GCLK_GENDIV_ID&#39; was not declared in this scope
       GCLK_GENDIV_ID(4);   // Select Generic Clock (GCLK) 4
       ^~~~~~~~~~~~~~
/home/ec2-user/arduino-testlib/cli-datadir/user/libraries/Dimmer_class_for_SAMD21/src/DimmerZero.cpp:49:9: error: &#39;GCLK&#39; was not declared in this scope
  while (GCLK-&gt;STATUS.bit.SYNCBUSY);    // Wait for synchronization
         ^~~~
/home/ec2-user/arduino-testlib/cli-datadir/user/libraries/Dimmer_class_for_SAMD21/src/DimmerZero.cpp:49:9: note: suggested alternative: &#39;SCL&#39;
  while (GCLK-&gt;STATUS.bit.SYNCBUSY);    // Wait for synchronization
         ^~~~
         SCL
/home/ec2-user/arduino-testlib/cli-datadir/user/libraries/Dimmer_class_for_SAMD21/src/DimmerZero.cpp:51:2: error: &#39;REG_GCLK_GENCTRL&#39; was not declared in this scope
  REG_GCLK_GENCTRL = GCLK_GENCTRL_IDC |   // Set the duty cycle to 50/50 HIGH/LOW
  ^~~~~~~~~~~~~~~~
/home/ec2-user/arduino-testlib/cli-datadir/user/libraries/Dimmer_class_for_SAMD21/src/DimmerZero.cpp:51:21: error: &#39;GCLK_GENCTRL_IDC&#39; was not declared in this scope
  REG_GCLK_GENCTRL = GCLK_GENCTRL_IDC |   // Set the duty cycle to 50/50 HIGH/LOW
                     ^~~~~~~~~~~~~~~~
/home/ec2-user/arduino-testlib/cli-datadir/user/libraries/Dimmer_class_for_SAMD21/src/DimmerZero.cpp:52:7: error: &#39;GCLK_GENCTRL_GENEN&#39; was not declared in this scope
       GCLK_GENCTRL_GENEN |  // Enable GCLK4
       ^~~~~~~~~~~~~~~~~~
/home/ec2-user/arduino-testlib/cli-datadir/user/libraries/Dimmer_class_for_SAMD21/src/DimmerZero.cpp:53:7: error: &#39;GCLK_GENCTRL_SRC_DFLL48M&#39; was not declared in this scope
       GCLK_GENCTRL_SRC_DFLL48M | // Set the 48MHz clock source
       ^~~~~~~~~~~~~~~~~~~~~~~~
/home/ec2-user/arduino-testlib/cli-datadir/user/libraries/Dimmer_class_for_SAMD21/src/DimmerZero.cpp:54:7: error: &#39;GCLK_GENCTRL_ID&#39; was not declared in this scope
       GCLK_GENCTRL_ID(4);   // Select GCLK4
       ^~~~~~~~~~~~~~~
/home/ec2-user/arduino-testlib/cli-datadir/user/libraries/Dimmer_class_for_SAMD21/src/DimmerZero.cpp:55:9: error: &#39;GCLK&#39; was not declared in this scope
  while (GCLK-&gt;STATUS.bit.SYNCBUSY);    // Wait for synchronization
         ^~~~
/home/ec2-user/arduino-testlib/cli-datadir/user/libraries/Dimmer_class_for_SAMD21/src/DimmerZero.cpp:55:9: note: suggested alternative: &#39;SCL&#39;
  while (GCLK-&gt;STATUS.bit.SYNCBUSY);    // Wait for synchronization
         ^~~~
         SCL
/home/ec2-user/arduino-testlib/cli-datadir/user/libraries/Dimmer_class_for_SAMD21/src/DimmerZero.cpp:57:2: error: &#39;PORT&#39; was not declared in this scope
  PORT-&gt;Group[g_APinDescription[_pin].ulPort].PINCFG[g_APinDescription[_pin].ulPin].bit.PMUXEN = 1;
  ^~~~
/home/ec2-user/arduino-testlib/cli-datadir/user/libraries/Dimmer_class_for_SAMD21/src/DimmerZero.cpp:57:2: note: suggested alternative: &#39;PORT0&#39;
  PORT-&gt;Group[g_APinDescription[_pin].ulPort].PINCFG[g_APinDescription[_pin].ulPin].bit.PMUXEN = 1;
  ^~~~
  PORT0
/home/ec2-user/arduino-testlib/cli-datadir/user/libraries/Dimmer_class_for_SAMD21/src/DimmerZero.cpp:57:14: error: &#39;g_APinDescription&#39; was not declared in this scope
  PORT-&gt;Group[g_APinDescription[_pin].ulPort].PINCFG[g_APinDescription[_pin].ulPin].bit.PMUXEN = 1;
              ^~~~~~~~~~~~~~~~~
/home/ec2-user/arduino-testlib/cli-datadir/user/libraries/Dimmer_class_for_SAMD21/src/DimmerZero.cpp:60:90: error: &#39;PORT_PMUX_PMUXO_E&#39; was not declared in this scope
    PORT-&gt;Group[g_APinDescription[1].ulPort].PMUX[g_APinDescription[1].ulPin &gt;&gt; 1].reg |= PORT_PMUX_PMUXO_E;
                                                                                          ^~~~~~~~~~~~~~~~~
/home/ec2-user/arduino-testlib/cli-datadir/user/libraries/Dimmer_class_for_SAMD21/src/DimmerZero.cpp:64:90: error: &#39;PORT_PMUX_PMUXE_E&#39; was not declared in this scope
    PORT-&gt;Group[g_APinDescription[1].ulPort].PMUX[g_APinDescription[1].ulPin &gt;&gt; 1].reg |= PORT_PMUX_PMUXE_E;
                                                                                          ^~~~~~~~~~~~~~~~~
/home/ec2-user/arduino-testlib/cli-datadir/user/libraries/Dimmer_class_for_SAMD21/src/DimmerZero.cpp:68:90: error: &#39;PORT_PMUX_PMUXE_F&#39; was not declared in this scope
    PORT-&gt;Group[g_APinDescription[2].ulPort].PMUX[g_APinDescription[2].ulPin &gt;&gt; 1].reg |= PORT_PMUX_PMUXE_F;
                                                                                          ^~~~~~~~~~~~~~~~~
/home/ec2-user/arduino-testlib/cli-datadir/user/libraries/Dimmer_class_for_SAMD21/src/DimmerZero.cpp:72:90: error: &#39;PORT_PMUX_PMUXO_F&#39; was not declared in this scope
    PORT-&gt;Group[g_APinDescription[4].ulPort].PMUX[g_APinDescription[4].ulPin &gt;&gt; 1].reg |= PORT_PMUX_PMUXO_F;
                                                                                          ^~~~~~~~~~~~~~~~~
/home/ec2-user/arduino-testlib/cli-datadir/user/libraries/Dimmer_class_for_SAMD21/src/DimmerZero.cpp:130:3: error: &#39;REG_GCLK_CLKCTRL&#39; was not declared in this scope
   REG_GCLK_CLKCTRL = GCLK_CLKCTRL_CLKEN |  // Enable GCLK4 to TCC0 and TCC1
   ^~~~~~~~~~~~~~~~
/home/ec2-user/arduino-testlib/cli-datadir/user/libraries/Dimmer_class_for_SAMD21/src/DimmerZero.cpp:130:22: error: &#39;GCLK_CLKCTRL_CLKEN&#39; was not declared in this scope
   REG_GCLK_CLKCTRL = GCLK_CLKCTRL_CLKEN |  // Enable GCLK4 to TCC0 and TCC1
                      ^~~~~~~~~~~~~~~~~~
/home/ec2-user/arduino-testlib/cli-datadir/user/libraries/Dimmer_class_for_SAMD21/src/DimmerZero.cpp:131:3: error: &#39;GCLK_CLKCTRL_GEN_GCLK4&#39; was not declared in this scope
   GCLK_CLKCTRL_GEN_GCLK4 |     // Select GCLK4
   ^~~~~~~~~~~~~~~~~~~~~~
/home/ec2-user/arduino-testlib/cli-datadir/user/libraries/Dimmer_class_for_SAMD21/src/DimmerZero.cpp:132:3: error: &#39;GCLK_CLKCTRL_ID_TCC0_TCC1&#39; was not declared in this scope
   GCLK_CLKCTRL_ID_TCC0_TCC1;     // Feed GCLK4 to TCC0 and TCC1
   ^~~~~~~~~~~~~~~~~~~~~~~~~
/home/ec2-user/arduino-testlib/cli-datadir/user/libraries/Dimmer_class_for_SAMD21/src/DimmerZero.cpp:133:10: error: &#39;GCLK&#39; was not declared in this scope
   while (GCLK-&gt;STATUS.bit.SYNCBUSY);   // Wait for synchronization
          ^~~~
/home/ec2-user/arduino-testlib/cli-datadir/user/libraries/Dimmer_class_for_SAMD21/src/DimmerZero.cpp:133:10: note: suggested alternative: &#39;SCL&#39;
   while (GCLK-&gt;STATUS.bit.SYNCBUSY);   // Wait for synchronization
          ^~~~
          SCL
/home/ec2-user/arduino-testlib/cli-datadir/user/libraries/Dimmer_class_for_SAMD21/src/DimmerZero.cpp:136:4: error: &#39;REG_TCC0_WAVE&#39; was not declared in this scope
    REG_TCC0_WAVE |= TCC_WAVE_WAVEGEN_DSBOTH;
    ^~~~~~~~~~~~~
/home/ec2-user/arduino-testlib/cli-datadir/user/libraries/Dimmer_class_for_SAMD21/src/DimmerZero.cpp:136:21: error: &#39;TCC_WAVE_WAVEGEN_DSBOTH&#39; was not declared in this scope
    REG_TCC0_WAVE |= TCC_WAVE_WAVEGEN_DSBOTH;
                     ^~~~~~~~~~~~~~~~~~~~~~~
/home/ec2-user/arduino-testlib/cli-datadir/user/libraries/Dimmer_class_for_SAMD21/src/DimmerZero.cpp:137:11: error: &#39;TCC0&#39; was not declared in this scope
    while (TCC0-&gt;SYNCBUSY.bit.WAVE);
           ^~~~
/home/ec2-user/arduino-testlib/cli-datadir/user/libraries/Dimmer_class_for_SAMD21/src/DimmerZero.cpp:137:11: note: suggested alternative: &#39;TXC0&#39;
    while (TCC0-&gt;SYNCBUSY.bit.WAVE);
           ^~~~
           TXC0
/home/ec2-user/arduino-testlib/cli-datadir/user/libraries/Dimmer_class_for_SAMD21/src/DimmerZero.cpp:139:4: error: &#39;REG_TCC0_WAVE&#39; was not declared in this scope
    REG_TCC0_WAVE |= TCC_WAVE_POL(0xF) | TCC_WAVE_WAVEGEN_DSBOTH; // Setup dual slope PWM on TCC0
    ^~~~~~~~~~~~~
/home/ec2-user/arduino-testlib/cli-datadir/user/libraries/Dimmer_class_for_SAMD21/src/DimmerZero.cpp:139:21: error: &#39;TCC_WAVE_POL&#39; was not declared in this scope
    REG_TCC0_WAVE |= TCC_WAVE_POL(0xF) | TCC_WAVE_WAVEGEN_DSBOTH; // Setup dual slope PWM on TCC0
                     ^~~~~~~~~~~~
/home/ec2-user/arduino-testlib/cli-datadir/user/libraries/Dimmer_class_for_SAMD21/src/DimmerZero.cpp:139:41: error: &#39;TCC_WAVE_WAVEGEN_DSBOTH&#39; was not declared in this scope
    REG_TCC0_WAVE |= TCC_WAVE_POL(0xF) | TCC_WAVE_WAVEGEN_DSBOTH; // Setup dual slope PWM on TCC0
                                         ^~~~~~~~~~~~~~~~~~~~~~~
/home/ec2-user/arduino-testlib/cli-datadir/user/libraries/Dimmer_class_for_SAMD21/src/DimmerZero.cpp:140:11: error: &#39;TCC0&#39; was not declared in this scope
    while (TCC0-&gt;SYNCBUSY.bit.WAVE);
           ^~~~
/home/ec2-user/arduino-testlib/cli-datadir/user/libraries/Dimmer_class_for_SAMD21/src/DimmerZero.cpp:140:11: note: suggested alternative: &#39;TXC0&#39;
    while (TCC0-&gt;SYNCBUSY.bit.WAVE);
           ^~~~
           TXC0
/home/ec2-user/arduino-testlib/cli-datadir/user/libraries/Dimmer_class_for_SAMD21/src/DimmerZero.cpp:143:3: error: &#39;REG_TCC0_PER&#39; was not declared in this scope
   REG_TCC0_PER = _maxValue;     // </pre>

					
					<h4>examples/DimmerTest</h4>
					<p>
						Result: <b>FAIL</b>
					</p>
					<pre class="pre-scrollable">WARNING: library Dimmer_class_for_SAMD21 claims to run on samd architecture(s) and may be incompatible with your current board which runs on avr architecture(s).
/home/ec2-user/arduino-testlib/cli-datadir/user/libraries/Dimmer_class_for_SAMD21/src/DimmerZero.cpp:199:6: error: #error &#34;This library only supports SAMD21G18A based boards (e.g. Zero/M0...)&#34;
     #error &#34;This library only supports SAMD21G18A based boards (e.g. Zero/M0...)&#34;
      ^~~~~
/home/ec2-user/arduino-testlib/cli-datadir/user/libraries/Dimmer_class_for_SAMD21/src/DimmerZero.cpp: In member function &#39;void DimmerZero::init()&#39;:
/home/ec2-user/arduino-testlib/cli-datadir/user/libraries/Dimmer_class_for_SAMD21/src/DimmerZero.cpp:47:2: error: &#39;REG_GCLK_GENDIV&#39; was not declared in this scope
  REG_GCLK_GENDIV = GCLK_GENDIV_DIV(div) |  // Divide the 48MHz clock source by divisor div: e.g. 48MHz/4=12MHz
  ^~~~~~~~~~~~~~~
/home/ec2-user/arduino-testlib/cli-datadir/user/libraries/Dimmer_class_for_SAMD21/src/DimmerZero.cpp:47:20: error: &#39;GCLK_GENDIV_DIV&#39; was not declared in this scope
  REG_GCLK_GENDIV = GCLK_GENDIV_DIV(div) |  // Divide the 48MHz clock source by divisor div: e.g. 48MHz/4=12MHz
                    ^~~~~~~~~~~~~~~
/home/ec2-user/arduino-testlib/cli-datadir/user/libraries/Dimmer_class_for_SAMD21/src/DimmerZero.cpp:48:7: error: &#39;GCLK_GENDIV_ID&#39; was not declared in this scope
       GCLK_GENDIV_ID(4);   // Select Generic Clock (GCLK) 4
       ^~~~~~~~~~~~~~
/home/ec2-user/arduino-testlib/cli-datadir/user/libraries/Dimmer_class_for_SAMD21/src/DimmerZero.cpp:49:9: error: &#39;GCLK&#39; was not declared in this scope
  while (GCLK-&gt;STATUS.bit.SYNCBUSY);    // Wait for synchronization
         ^~~~
/home/ec2-user/arduino-testlib/cli-datadir/user/libraries/Dimmer_class_for_SAMD21/src/DimmerZero.cpp:49:9: note: suggested alternative: &#39;SCL&#39;
  while (GCLK-&gt;STATUS.bit.SYNCBUSY);    // Wait for synchronization
         ^~~~
         SCL
/home/ec2-user/arduino-testlib/cli-datadir/user/libraries/Dimmer_class_for_SAMD21/src/DimmerZero.cpp:51:2: error: &#39;REG_GCLK_GENCTRL&#39; was not declared in this scope
  REG_GCLK_GENCTRL = GCLK_GENCTRL_IDC |   // Set the duty cycle to 50/50 HIGH/LOW
  ^~~~~~~~~~~~~~~~
/home/ec2-user/arduino-testlib/cli-datadir/user/libraries/Dimmer_class_for_SAMD21/src/DimmerZero.cpp:51:21: error: &#39;GCLK_GENCTRL_IDC&#39; was not declared in this scope
  REG_GCLK_GENCTRL = GCLK_GENCTRL_IDC |   // Set the duty cycle to 50/50 HIGH/LOW
                     ^~~~~~~~~~~~~~~~
/home/ec2-user/arduino-testlib/cli-datadir/user/libraries/Dimmer_class_for_SAMD21/src/DimmerZero.cpp:52:7: error: &#39;GCLK_GENCTRL_GENEN&#39; was not declared in this scope
       GCLK_GENCTRL_GENEN |  // Enable GCLK4
       ^~~~~~~~~~~~~~~~~~
/home/ec2-user/arduino-testlib/cli-datadir/user/libraries/Dimmer_class_for_SAMD21/src/DimmerZero.cpp:53:7: error: &#39;GCLK_GENCTRL_SRC_DFLL48M&#39; was not declared in this scope
       GCLK_GENCTRL_SRC_DFLL48M | // Set the 48MHz clock source
       ^~~~~~~~~~~~~~~~~~~~~~~~
/home/ec2-user/arduino-testlib/cli-datadir/user/libraries/Dimmer_class_for_SAMD21/src/DimmerZero.cpp:54:7: error: &#39;GCLK_GENCTRL_ID&#39; was not declared in this scope
       GCLK_GENCTRL_ID(4);   // Select GCLK4
       ^~~~~~~~~~~~~~~
/home/ec2-user/arduino-testlib/cli-datadir/user/libraries/Dimmer_class_for_SAMD21/src/DimmerZero.cpp:55:9: error: &#39;GCLK&#39; was not declared in this scope
  while (GCLK-&gt;STATUS.bit.SYNCBUSY);    // Wait for synchronization
         ^~~~
/home/ec2-user/arduino-testlib/cli-datadir/user/libraries/Dimmer_class_for_SAMD21/src/DimmerZero.cpp:55:9: note: suggested alternative: &#39;SCL&#39;
  while (GCLK-&gt;STATUS.bit.SYNCBUSY);    // Wait for synchronization
         ^~~~
         SCL
/home/ec2-user/arduino-testlib/cli-datadir/user/libraries/Dimmer_class_for_SAMD21/src/DimmerZero.cpp:57:2: error: &#39;PORT&#39; was not declared in this scope
  PORT-&gt;Group[g_APinDescription[_pin].ulPort].PINCFG[g_APinDescription[_pin].ulPin].bit.PMUXEN = 1;
  ^~~~
/home/ec2-user/arduino-testlib/cli-datadir/user/libraries/Dimmer_class_for_SAMD21/src/DimmerZero.cpp:57:2: note: suggested alternative: &#39;PORT0&#39;
  PORT-&gt;Group[g_APinDescription[_pin].ulPort].PINCFG[g_APinDescription[_pin].ulPin].bit.PMUXEN = 1;
  ^~~~
  PORT0
/home/ec2-user/arduino-testlib/cli-datadir/user/libraries/Dimmer_class_for_SAMD21/src/DimmerZero.cpp:57:14: error: &#39;g_APinDescription&#39; was not declared in this scope
  PORT-&gt;Group[g_APinDescription[_pin].ulPort].PINCFG[g_APinDescription[_pin].ulPin].bit.PMUXEN = 1;
              ^~~~~~~~~~~~~~~~~
/home/ec2-user/arduino-testlib/cli-datadir/user/libraries/Dimmer_class_for_SAMD21/src/DimmerZero.cpp:60:90: error: &#39;PORT_PMUX_PMUXO_E&#39; was not declared in this scope
    PORT-&gt;Group[g_APinDescription[1].ulPort].PMUX[g_APinDescription[1].ulPin &gt;&gt; 1].reg |= PORT_PMUX_PMUXO_E;
                                                                                          ^~~~~~~~~~~~~~~~~
/home/ec2-user/arduino-testlib/cli-datadir/user/libraries/Dimmer_class_for_SAMD21/src/DimmerZero.cpp:64:90: error: &#39;PORT_PMUX_PMUXE_E&#39; was not declared in this scope
    PORT-&gt;Group[g_APinDescription[1].ulPort].PMUX[g_APinDescription[1].ulPin &gt;&gt; 1].reg |= PORT_PMUX_PMUXE_E;
                                                                                          ^~~~~~~~~~~~~~~~~
/home/ec2-user/arduino-testlib/cli-datadir/user/libraries/Dimmer_class_for_SAMD21/src/DimmerZero.cpp:68:90: error: &#39;PORT_PMUX_PMUXE_F&#39; was not declared in this scope
    PORT-&gt;Group[g_APinDescription[2].ulPort].PMUX[g_APinDescription[2].ulPin &gt;&gt; 1].reg |= PORT_PMUX_PMUXE_F;
                                                                                          ^~~~~~~~~~~~~~~~~
/home/ec2-user/arduino-testlib/cli-datadir/user/libraries/Dimmer_class_for_SAMD21/src/DimmerZero.cpp:72:90: error: &#39;PORT_PMUX_PMUXO_F&#39; was not declared in this scope
    PORT-&gt;Group[g_APinDescription[4].ulPort].PMUX[g_APinDescription[4].ulPin &gt;&gt; 1].reg |= PORT_PMUX_PMUXO_F;
                                                                                          ^~~~~~~~~~~~~~~~~
/home/ec2-user/arduino-testlib/cli-datadir/user/libraries/Dimmer_class_for_SAMD21/src/DimmerZero.cpp:130:3: error: &#39;REG_GCLK_CLKCTRL&#39; was not declared in this scope
   REG_GCLK_CLKCTRL = GCLK_CLKCTRL_CLKEN |  // Enable GCLK4 to TCC0 and TCC1
   ^~~~~~~~~~~~~~~~
/home/ec2-user/arduino-testlib/cli-datadir/user/libraries/Dimmer_class_for_SAMD21/src/DimmerZero.cpp:130:22: error: &#39;GCLK_CLKCTRL_CLKEN&#39; was not declared in this scope
   REG_GCLK_CLKCTRL = GCLK_CLKCTRL_CLKEN |  // Enable GCLK4 to TCC0 and TCC1
                      ^~~~~~~~~~~~~~~~~~
/home/ec2-user/arduino-testlib/cli-datadir/user/libraries/Dimmer_class_for_SAMD21/src/DimmerZero.cpp:131:3: error: &#39;GCLK_CLKCTRL_GEN_GCLK4&#39; was not declared in this scope
   GCLK_CLKCTRL_GEN_GCLK4 |     // Select GCLK4
   ^~~~~~~~~~~~~~~~~~~~~~
/home/ec2-user/arduino-testlib/cli-datadir/user/libraries/Dimmer_class_for_SAMD21/src/DimmerZero.cpp:132:3: error: &#39;GCLK_CLKCTRL_ID_TCC0_TCC1&#39; was not declared in this scope
   GCLK_CLKCTRL_ID_TCC0_TCC1;     // Feed GCLK4 to TCC0 and TCC1
   ^~~~~~~~~~~~~~~~~~~~~~~~~
/home/ec2-user/arduino-testlib/cli-datadir/user/libraries/Dimmer_class_for_SAMD21/src/DimmerZero.cpp:133:10: error: &#39;GCLK&#39; was not declared in this scope
   while (GCLK-&gt;STATUS.bit.SYNCBUSY);   // Wait for synchronization
          ^~~~
/home/ec2-user/arduino-testlib/cli-datadir/user/libraries/Dimmer_class_for_SAMD21/src/DimmerZero.cpp:133:10: note: suggested alternative: &#39;SCL&#39;
   while (GCLK-&gt;STATUS.bit.SYNCBUSY);   // Wait for synchronization
          ^~~~
          SCL
/home/ec2-user/arduino-testlib/cli-datadir/user/libraries/Dimmer_class_for_SAMD21/src/DimmerZero.cpp:136:4: error: &#39;REG_TCC0_WAVE&#39; was not declared in this scope
    REG_TCC0_WAVE |= TCC_WAVE_WAVEGEN_DSBOTH;
    ^~~~~~~~~~~~~
/home/ec2-user/arduino-testlib/cli-datadir/user/libraries/Dimmer_class_for_SAMD21/src/DimmerZero.cpp:136:21: error: &#39;TCC_WAVE_WAVEGEN_DSBOTH&#39; was not declared in this scope
    REG_TCC0_WAVE |= TCC_WAVE_WAVEGEN_DSBOTH;
                     ^~~~~~~~~~~~~~~~~~~~~~~
/home/ec2-user/arduino-testlib/cli-datadir/user/libraries/Dimmer_class_for_SAMD21/src/DimmerZero.cpp:137:11: error: &#39;TCC0&#39; was not declared in this scope
    while (TCC0-&gt;SYNCBUSY.bit.WAVE);
           ^~~~
/home/ec2-user/arduino-testlib/cli-datadir/user/libraries/Dimmer_class_for_SAMD21/src/DimmerZero.cpp:137:11: note: suggested alternative: &#39;TXC0&#39;
    while (TCC0-&gt;SYNCBUSY.bit.WAVE);
           ^~~~
           TXC0
/home/ec2-user/arduino-testlib/cli-datadir/user/libraries/Dimmer_class_for_SAMD21/src/DimmerZero.cpp:139:4: error: &#39;REG_TCC0_WAVE&#39; was not declared in this scope
    REG_TCC0_WAVE |= TCC_WAVE_POL(0xF) | TCC_WAVE_WAVEGEN_DSBOTH; // Setup dual slope PWM on TCC0
    ^~~~~~~~~~~~~
/home/ec2-user/arduino-testlib/cli-datadir/user/libraries/Dimmer_class_for_SAMD21/src/DimmerZero.cpp:139:21: error: &#39;TCC_WAVE_POL&#39; was not declared in this scope
    REG_TCC0_WAVE |= TCC_WAVE_POL(0xF) | TCC_WAVE_WAVEGEN_DSBOTH; // Setup dual slope PWM on TCC0
                     ^~~~~~~~~~~~
/home/ec2-user/arduino-testlib/cli-datadir/user/libraries/Dimmer_class_for_SAMD21/src/DimmerZero.cpp:139:41: error: &#39;TCC_WAVE_WAVEGEN_DSBOTH&#39; was not declared in this scope
    REG_TCC0_WAVE |= TCC_WAVE_POL(0xF) | TCC_WAVE_WAVEGEN_DSBOTH; // Setup dual slope PWM on TCC0
                                         ^~~~~~~~~~~~~~~~~~~~~~~
/home/ec2-user/arduino-testlib/cli-datadir/user/libraries/Dimmer_class_for_SAMD21/src/DimmerZero.cpp:140:11: error: &#39;TCC0&#39; was not declared in this scope
    while (TCC0-&gt;SYNCBUSY.bit.WAVE);
           ^~~~
/home/ec2-user/arduino-testlib/cli-datadir/user/libraries/Dimmer_class_for_SAMD21/src/DimmerZero.cpp:140:11: note: suggested alternative: &#39;TXC0&#39;
    while (TCC0-&gt;SYNCBUSY.bit.WAVE);
           ^~~~
           TXC0
/home/ec2-user/arduino-testlib/cli-datadir/user/libraries/Dimmer_class_for_SAMD21/src/DimmerZero.cpp:143:3: error: &#39;REG_TCC0_PER&#39; was not declared in this scope
   REG_TCC0_PER = _maxValue;     // </pre>
					
				
				<h3 id="arduino:mbed_nano:nanorp2040connect">arduino:mbed_nano:nanorp2040connect @ 2.7.2</h3>
				<h4>Inclusion</h4>
				<p>
					Result: <b>FAIL</b>
					
				</p>
				<pre class="pre-scrollable">WARNING: library Dimmer_class_for_SAMD21 claims to run on samd architecture(s) and may be incompatible with your current board which runs on mbed_nano architecture(s).
/home/ec2-user/arduino-testlib/cli-datadir/user/libraries/Dimmer_class_for_SAMD21/src/DimmerZero.cpp:199:6: error: #error &#34;This library only supports SAMD21G18A based boards (e.g. Zero/M0...)&#34;
     #error &#34;This library only supports SAMD21G18A based boards (e.g. Zero/M0...)&#34;
      ^~~~~
/home/ec2-user/arduino-testlib/cli-datadir/user/libraries/Dimmer_class_for_SAMD21/src/DimmerZero.cpp: In member function &#39;void DimmerZero::init()&#39;:
/home/ec2-user/arduino-testlib/cli-datadir/user/libraries/Dimmer_class_for_SAMD21/src/DimmerZero.cpp:47:2: error: &#39;REG_GCLK_GENDIV&#39; was not declared in this scope
  REG_GCLK_GENDIV = GCLK_GENDIV_DIV(div) |  // Divide the 48MHz clock source by divisor div: e.g. 48MHz/4=12MHz
  ^~~~~~~~~~~~~~~
/home/ec2-user/arduino-testlib/cli-datadir/user/libraries/Dimmer_class_for_SAMD21/src/DimmerZero.cpp:47:20: error: &#39;GCLK_GENDIV_DIV&#39; was not declared in this scope
  REG_GCLK_GENDIV = GCLK_GENDIV_DIV(div) |  // Divide the 48MHz clock source by divisor div: e.g. 48MHz/4=12MHz
                    ^~~~~~~~~~~~~~~
/home/ec2-user/arduino-testlib/cli-datadir/user/libraries/Dimmer_class_for_SAMD21/src/DimmerZero.cpp:48:7: error: &#39;GCLK_GENDIV_ID&#39; was not declared in this scope
       GCLK_GENDIV_ID(4);   // Select Generic Clock (GCLK) 4
       ^~~~~~~~~~~~~~
/home/ec2-user/arduino-testlib/cli-datadir/user/libraries/Dimmer_class_for_SAMD21/src/DimmerZero.cpp:49:9: error: &#39;GCLK&#39; was not declared in this scope
  while (GCLK-&gt;STATUS.bit.SYNCBUSY);    // Wait for synchronization
         ^~~~
/home/ec2-user/arduino-testlib/cli-datadir/user/libraries/Dimmer_class_for_SAMD21/src/DimmerZero.cpp:49:9: note: suggested alternative: &#39;SCK&#39;
  while (GCLK-&gt;STATUS.bit.SYNCBUSY);    // Wait for synchronization
         ^~~~
         SCK
/home/ec2-user/arduino-testlib/cli-datadir/user/libraries/Dimmer_class_for_SAMD21/src/DimmerZero.cpp:51:2: error: &#39;REG_GCLK_GENCTRL&#39; was not declared in this scope
  REG_GCLK_GENCTRL = GCLK_GENCTRL_IDC |   // Set the duty cycle to 50/50 HIGH/LOW
  ^~~~~~~~~~~~~~~~
/home/ec2-user/arduino-testlib/cli-datadir/user/libraries/Dimmer_class_for_SAMD21/src/DimmerZero.cpp:51:21: error: &#39;GCLK_GENCTRL_IDC&#39; was not declared in this scope
  REG_GCLK_GENCTRL = GCLK_GENCTRL_IDC |   // Set the duty cycle to 50/50 HIGH/LOW
                     ^~~~~~~~~~~~~~~~
/home/ec2-user/arduino-testlib/cli-datadir/user/libraries/Dimmer_class_for_SAMD21/src/DimmerZero.cpp:52:7: error: &#39;GCLK_GENCTRL_GENEN&#39; was not declared in this scope
       GCLK_GENCTRL_GENEN |  // Enable GCLK4
       ^~~~~~~~~~~~~~~~~~
/home/ec2-user/arduino-testlib/cli-datadir/user/libraries/Dimmer_class_for_SAMD21/src/DimmerZero.cpp:53:7: error: &#39;GCLK_GENCTRL_SRC_DFLL48M&#39; was not declared in this scope
       GCLK_GENCTRL_SRC_DFLL48M | // Set the 48MHz clock source
       ^~~~~~~~~~~~~~~~~~~~~~~~
/home/ec2-user/arduino-testlib/cli-datadir/user/libraries/Dimmer_class_for_SAMD21/src/DimmerZero.cpp:54:7: error: &#39;GCLK_GENCTRL_ID&#39; was not declared in this scope
       GCLK_GENCTRL_ID(4);   // Select GCLK4
       ^~~~~~~~~~~~~~~
/home/ec2-user/arduino-testlib/cli-datadir/user/libraries/Dimmer_class_for_SAMD21/src/DimmerZero.cpp:55:9: error: &#39;GCLK&#39; was not declared in this scope
  while (GCLK-&gt;STATUS.bit.SYNCBUSY);    // Wait for synchronization
         ^~~~
/home/ec2-user/arduino-testlib/cli-datadir/user/libraries/Dimmer_class_for_SAMD21/src/DimmerZero.cpp:55:9: note: suggested alternative: &#39;SCK&#39;
  while (GCLK-&gt;STATUS.bit.SYNCBUSY);    // Wait for synchronization
         ^~~~
         SCK
/home/ec2-user/arduino-testlib/cli-datadir/user/libraries/Dimmer_class_for_SAMD21/src/DimmerZero.cpp:57:2: error: &#39;PORT&#39; was not declared in this scope
  PORT-&gt;Group[g_APinDescription[_pin].ulPort].PINCFG[g_APinDescription[_pin].ulPin].bit.PMUXEN = 1;
  ^~~~
/home/ec2-user/arduino-testlib/cli-datadir/user/libraries/Dimmer_class_for_SAMD21/src/DimmerZero.cpp:57:2: note: suggested alternative: &#39;OCT&#39;
  PORT-&gt;Group[g_APinDescription[_pin].ulPort].PINCFG[g_APinDescription[_pin].ulPin].bit.PMUXEN = 1;
  ^~~~
  OCT
/home/ec2-user/arduino-testlib/cli-datadir/user/libraries/Dimmer_class_for_SAMD21/src/DimmerZero.cpp:57:36: error: invalid use of incomplete type &#39;PinDescription {aka struct _PinDescription}&#39;
  PORT-&gt;Group[g_APinDescription[_pin].ulPort].PINCFG[g_APinDescription[_pin].ulPin].bit.PMUXEN = 1;
                                    ^
In file included from /home/ec2-user/arduino-testlib/cli-datadir/user/libraries/Dimmer_class_for_SAMD21/src/DimmerZero.cpp:7:0:
/home/ec2-user/arduino-testlib/cli-datadir/data/packages/arduino/hardware/mbed_nano/2.7.2/cores/arduino/Arduino.h:80:16: note: forward declaration of &#39;PinDescription {aka struct _PinDescription}&#39;
 typedef struct _PinDescription PinDescription;
                ^~~~~~~~~~~~~~~
/home/ec2-user/arduino-testlib/cli-datadir/user/libraries/Dimmer_class_for_SAMD21/src/DimmerZero.cpp:57:75: error: invalid use of incomplete type &#39;PinDescription {aka struct _PinDescription}&#39;
  PORT-&gt;Group[g_APinDescription[_pin].ulPort].PINCFG[g_APinDescription[_pin].ulPin].bit.PMUXEN = 1;
                                                                           ^
In file included from /home/ec2-user/arduino-testlib/cli-datadir/user/libraries/Dimmer_class_for_SAMD21/src/DimmerZero.cpp:7:0:
/home/ec2-user/arduino-testlib/cli-datadir/data/packages/arduino/hardware/mbed_nano/2.7.2/cores/arduino/Arduino.h:80:16: note: forward declaration of &#39;PinDescription {aka struct _PinDescription}&#39;
 typedef struct _PinDescription PinDescription;
                ^~~~~~~~~~~~~~~
/home/ec2-user/arduino-testlib/cli-datadir/user/libraries/Dimmer_class_for_SAMD21/src/DimmerZero.cpp:60:35: error: invalid use of incomplete type &#39;PinDescription {aka struct _PinDescription}&#39;
    PORT-&gt;Group[g_APinDescription[1].ulPort].PMUX[g_APinDescription[1].ulPin &gt;&gt; 1].reg |= PORT_PMUX_PMUXO_E;
                                   ^
In file included from /home/ec2-user/arduino-testlib/cli-datadir/user/libraries/Dimmer_class_for_SAMD21/src/DimmerZero.cpp:7:0:
/home/ec2-user/arduino-testlib/cli-datadir/data/packages/arduino/hardware/mbed_nano/2.7.2/cores/arduino/Arduino.h:80:16: note: forward declaration of &#39;PinDescription {aka struct _PinDescription}&#39;
 typedef struct _PinDescription PinDescription;
                ^~~~~~~~~~~~~~~
/home/ec2-user/arduino-testlib/cli-datadir/user/libraries/Dimmer_class_for_SAMD21/src/DimmerZero.cpp:60:69: error: invalid use of incomplete type &#39;PinDescription {aka struct _PinDescription}&#39;
    PORT-&gt;Group[g_APinDescription[1].ulPort].PMUX[g_APinDescription[1].ulPin &gt;&gt; 1].reg |= PORT_PMUX_PMUXO_E;
                                                                     ^
In file included from /home/ec2-user/arduino-testlib/cli-datadir/user/libraries/Dimmer_class_for_SAMD21/src/DimmerZero.cpp:7:0:
/home/ec2-user/arduino-testlib/cli-datadir/data/packages/arduino/hardware/mbed_nano/2.7.2/cores/arduino/Arduino.h:80:16: note: forward declaration of &#39;PinDescription {aka struct _PinDescription}&#39;
 typedef struct _PinDescription PinDescription;
                ^~~~~~~~~~~~~~~
/home/ec2-user/arduino-testlib/cli-datadir/user/libraries/Dimmer_class_for_SAMD21/src/DimmerZero.cpp:60:90: error: &#39;PORT_PMUX_PMUXO_E&#39; was not declared in this scope
    PORT-&gt;Group[g_APinDescription[1].ulPort].PMUX[g_APinDescription[1].ulPin &gt;&gt; 1].reg |= PORT_PMUX_PMUXO_E;
                                                                                          ^~~~~~~~~~~~~~~~~
/home/ec2-user/arduino-testlib/cli-datadir/user/libraries/Dimmer_class_for_SAMD21/src/DimmerZero.cpp:64:35: error: invalid use of incomplete type &#39;PinDescription {aka struct _PinDescription}&#39;
    PORT-&gt;Group[g_APinDescription[1].ulPort].PMUX[g_APinDescription[1].ulPin &gt;&gt; 1].reg |= PORT_PMUX_PMUXE_E;
                                   ^
In file included from /home/ec2-user/arduino-testlib/cli-datadir/user/libraries/Dimmer_class_for_SAMD21/src/DimmerZero.cpp:7:0:
/home/ec2-user/arduino-testlib/cli-datadir/data/packages/arduino/hardware/mbed_nano/2.7.2/cores/arduino/Arduino.h:80:16: note: forward declaration of &#39;PinDescription {aka struct _PinDescription}&#39;
 typedef struct _PinDescription PinDescription;
                ^~~~~~~~~~~~~~~
/home/ec2-user/arduino-testlib/cli-datadir/user/libraries/Dimmer_class_for_SAMD21/src/DimmerZero.cpp:64:69: error: invalid use of incomplete type &#39;PinDescription {aka struct _PinDescription}&#39;
    PORT-&gt;Group[g_APinDescription[1].ulPort].PMUX[g_APinDescription[1].ulPin &gt;&gt; 1].reg |= PORT_PMUX_PMUXE_E;
                                                                     ^
In file included from /home/ec2-user/arduino-testlib/cli-datadir/user/libraries/Dimmer_class_for_SAMD21/src/DimmerZero.cpp:7:0:
/home/ec2-user/arduino-testlib/cli-datadir/data/packages/arduino/hardware/mbed_nano/2.7.2/cores/arduino/Arduino.h:80:16: note: forward declaration of &#39;PinDescription {aka struct _PinDescription}&#39;
 typedef struct _PinDescription PinDescription;
                ^~~~~~~~~~~~~~~
/home/ec2-user/arduino-testlib/cli-datadir/user/libraries/Dimmer_class_for_SAMD21/src/DimmerZero.cpp:64:90: error: &#39;PORT_PMUX_PMUXE_E&#39; was not declared in this scope
    PORT-&gt;Group[g_APinDescription[1].ulPort].PMUX[g_APinDescription[1].ulPin &gt;&gt; 1].reg |= PORT_PMUX_PMUXE_E;
                                                                                          ^~~~~~~~~~~~~~~~~
/home/ec2-user/arduino-testlib/cli-datadir/user/libraries/Dimmer_class_for_SAMD21/src/DimmerZero.cpp:68:35: error: invalid use of incomplete type &#39;PinDescription {aka struct _PinDescription}&#39;
    PORT-&gt;Group[g_APinDescription[2].ulPort].PMUX[g_APinDescription[2].ulPin &gt;&gt; 1].reg |= PORT_PMUX_PMUXE_F;
                                   ^
In file included from /home/ec2-user/arduino-testlib/cli-datadir/user/libraries/Dimmer_class_for_SAMD21/src/DimmerZero.cpp:7:0:
/home/ec2-user/arduino-testli</pre>

					
					<h4>examples/DimmerTest</h4>
					<p>
						Result: <b>FAIL</b>
					</p>
					<pre class="pre-scrollable">WARNING: library Dimmer_class_for_SAMD21 claims to run on samd architecture(s) and may be incompatible with your current board which runs on mbed_nano architecture(s).
/home/ec2-user/arduino-testlib/cli-datadir/user/libraries/Dimmer_class_for_SAMD21/src/DimmerZero.cpp:199:6: error: #error &#34;This library only supports SAMD21G18A based boards (e.g. Zero/M0...)&#34;
     #error &#34;This library only supports SAMD21G18A based boards (e.g. Zero/M0...)&#34;
      ^~~~~
/home/ec2-user/arduino-testlib/cli-datadir/user/libraries/Dimmer_class_for_SAMD21/src/DimmerZero.cpp: In member function &#39;void DimmerZero::init()&#39;:
/home/ec2-user/arduino-testlib/cli-datadir/user/libraries/Dimmer_class_for_SAMD21/src/DimmerZero.cpp:47:2: error: &#39;REG_GCLK_GENDIV&#39; was not declared in this scope
  REG_GCLK_GENDIV = GCLK_GENDIV_DIV(div) |  // Divide the 48MHz clock source by divisor div: e.g. 48MHz/4=12MHz
  ^~~~~~~~~~~~~~~
/home/ec2-user/arduino-testlib/cli-datadir/user/libraries/Dimmer_class_for_SAMD21/src/DimmerZero.cpp:47:20: error: &#39;GCLK_GENDIV_DIV&#39; was not declared in this scope
  REG_GCLK_GENDIV = GCLK_GENDIV_DIV(div) |  // Divide the 48MHz clock source by divisor div: e.g. 48MHz/4=12MHz
                    ^~~~~~~~~~~~~~~
/home/ec2-user/arduino-testlib/cli-datadir/user/libraries/Dimmer_class_for_SAMD21/src/DimmerZero.cpp:48:7: error: &#39;GCLK_GENDIV_ID&#39; was not declared in this scope
       GCLK_GENDIV_ID(4);   // Select Generic Clock (GCLK) 4
       ^~~~~~~~~~~~~~
/home/ec2-user/arduino-testlib/cli-datadir/user/libraries/Dimmer_class_for_SAMD21/src/DimmerZero.cpp:49:9: error: &#39;GCLK&#39; was not declared in this scope
  while (GCLK-&gt;STATUS.bit.SYNCBUSY);    // Wait for synchronization
         ^~~~
/home/ec2-user/arduino-testlib/cli-datadir/user/libraries/Dimmer_class_for_SAMD21/src/DimmerZero.cpp:49:9: note: suggested alternative: &#39;SCK&#39;
  while (GCLK-&gt;STATUS.bit.SYNCBUSY);    // Wait for synchronization
         ^~~~
         SCK
/home/ec2-user/arduino-testlib/cli-datadir/user/libraries/Dimmer_class_for_SAMD21/src/DimmerZero.cpp:51:2: error: &#39;REG_GCLK_GENCTRL&#39; was not declared in this scope
  REG_GCLK_GENCTRL = GCLK_GENCTRL_IDC |   // Set the duty cycle to 50/50 HIGH/LOW
  ^~~~~~~~~~~~~~~~
/home/ec2-user/arduino-testlib/cli-datadir/user/libraries/Dimmer_class_for_SAMD21/src/DimmerZero.cpp:51:21: error: &#39;GCLK_GENCTRL_IDC&#39; was not declared in this scope
  REG_GCLK_GENCTRL = GCLK_GENCTRL_IDC |   // Set the duty cycle to 50/50 HIGH/LOW
                     ^~~~~~~~~~~~~~~~
/home/ec2-user/arduino-testlib/cli-datadir/user/libraries/Dimmer_class_for_SAMD21/src/DimmerZero.cpp:52:7: error: &#39;GCLK_GENCTRL_GENEN&#39; was not declared in this scope
       GCLK_GENCTRL_GENEN |  // Enable GCLK4
       ^~~~~~~~~~~~~~~~~~
/home/ec2-user/arduino-testlib/cli-datadir/user/libraries/Dimmer_class_for_SAMD21/src/DimmerZero.cpp:53:7: error: &#39;GCLK_GENCTRL_SRC_DFLL48M&#39; was not declared in this scope
       GCLK_GENCTRL_SRC_DFLL48M | // Set the 48MHz clock source
       ^~~~~~~~~~~~~~~~~~~~~~~~
/home/ec2-user/arduino-testlib/cli-datadir/user/libraries/Dimmer_class_for_SAMD21/src/DimmerZero.cpp:54:7: error: &#39;GCLK_GENCTRL_ID&#39; was not declared in this scope
       GCLK_GENCTRL_ID(4);   // Select GCLK4
       ^~~~~~~~~~~~~~~
/home/ec2-user/arduino-testlib/cli-datadir/user/libraries/Dimmer_class_for_SAMD21/src/DimmerZero.cpp:55:9: error: &#39;GCLK&#39; was not declared in this scope
  while (GCLK-&gt;STATUS.bit.SYNCBUSY);    // Wait for synchronization
         ^~~~
/home/ec2-user/arduino-testlib/cli-datadir/user/libraries/Dimmer_class_for_SAMD21/src/DimmerZero.cpp:55:9: note: suggested alternative: &#39;SCK&#39;
  while (GCLK-&gt;STATUS.bit.SYNCBUSY);    // Wait for synchronization
         ^~~~
         SCK
/home/ec2-user/arduino-testlib/cli-datadir/user/libraries/Dimmer_class_for_SAMD21/src/DimmerZero.cpp:57:2: error: &#39;PORT&#39; was not declared in this scope
  PORT-&gt;Group[g_APinDescription[_pin].ulPort].PINCFG[g_APinDescription[_pin].ulPin].bit.PMUXEN = 1;
  ^~~~
/home/ec2-user/arduino-testlib/cli-datadir/user/libraries/Dimmer_class_for_SAMD21/src/DimmerZero.cpp:57:2: note: suggested alternative: &#39;OCT&#39;
  PORT-&gt;Group[g_APinDescription[_pin].ulPort].PINCFG[g_APinDescription[_pin].ulPin].bit.PMUXEN = 1;
  ^~~~
  OCT
/home/ec2-user/arduino-testlib/cli-datadir/user/libraries/Dimmer_class_for_SAMD21/src/DimmerZero.cpp:57:36: error: invalid use of incomplete type &#39;PinDescription {aka struct _PinDescription}&#39;
  PORT-&gt;Group[g_APinDescription[_pin].ulPort].PINCFG[g_APinDescription[_pin].ulPin].bit.PMUXEN = 1;
                                    ^
In file included from /home/ec2-user/arduino-testlib/cli-datadir/user/libraries/Dimmer_class_for_SAMD21/src/DimmerZero.cpp:7:0:
/home/ec2-user/arduino-testlib/cli-datadir/data/packages/arduino/hardware/mbed_nano/2.7.2/cores/arduino/Arduino.h:80:16: note: forward declaration of &#39;PinDescription {aka struct _PinDescription}&#39;
 typedef struct _PinDescription PinDescription;
                ^~~~~~~~~~~~~~~
/home/ec2-user/arduino-testlib/cli-datadir/user/libraries/Dimmer_class_for_SAMD21/src/DimmerZero.cpp:57:75: error: invalid use of incomplete type &#39;PinDescription {aka struct _PinDescription}&#39;
  PORT-&gt;Group[g_APinDescription[_pin].ulPort].PINCFG[g_APinDescription[_pin].ulPin].bit.PMUXEN = 1;
                                                                           ^
In file included from /home/ec2-user/arduino-testlib/cli-datadir/user/libraries/Dimmer_class_for_SAMD21/src/DimmerZero.cpp:7:0:
/home/ec2-user/arduino-testlib/cli-datadir/data/packages/arduino/hardware/mbed_nano/2.7.2/cores/arduino/Arduino.h:80:16: note: forward declaration of &#39;PinDescription {aka struct _PinDescription}&#39;
 typedef struct _PinDescription PinDescription;
                ^~~~~~~~~~~~~~~
/home/ec2-user/arduino-testlib/cli-datadir/user/libraries/Dimmer_class_for_SAMD21/src/DimmerZero.cpp:60:35: error: invalid use of incomplete type &#39;PinDescription {aka struct _PinDescription}&#39;
    PORT-&gt;Group[g_APinDescription[1].ulPort].PMUX[g_APinDescription[1].ulPin &gt;&gt; 1].reg |= PORT_PMUX_PMUXO_E;
                                   ^
In file included from /home/ec2-user/arduino-testlib/cli-datadir/user/libraries/Dimmer_class_for_SAMD21/src/DimmerZero.cpp:7:0:
/home/ec2-user/arduino-testlib/cli-datadir/data/packages/arduino/hardware/mbed_nano/2.7.2/cores/arduino/Arduino.h:80:16: note: forward declaration of &#39;PinDescription {aka struct _PinDescription}&#39;
 typedef struct _PinDescription PinDescription;
                ^~~~~~~~~~~~~~~
/home/ec2-user/arduino-testlib/cli-datadir/user/libraries/Dimmer_class_for_SAMD21/src/DimmerZero.cpp:60:69: error: invalid use of incomplete type &#39;PinDescription {aka struct _PinDescription}&#39;
    PORT-&gt;Group[g_APinDescription[1].ulPort].PMUX[g_APinDescription[1].ulPin &gt;&gt; 1].reg |= PORT_PMUX_PMUXO_E;
                                                                     ^
In file included from /home/ec2-user/arduino-testlib/cli-datadir/user/libraries/Dimmer_class_for_SAMD21/src/DimmerZero.cpp:7:0:
/home/ec2-user/arduino-testlib/cli-datadir/data/packages/arduino/hardware/mbed_nano/2.7.2/cores/arduino/Arduino.h:80:16: note: forward declaration of &#39;PinDescription {aka struct _PinDescription}&#39;
 typedef struct _PinDescription PinDescription;
                ^~~~~~~~~~~~~~~
/home/ec2-user/arduino-testlib/cli-datadir/user/libraries/Dimmer_class_for_SAMD21/src/DimmerZero.cpp:60:90: error: &#39;PORT_PMUX_PMUXO_E&#39; was not declared in this scope
    PORT-&gt;Group[g_APinDescription[1].ulPort].PMUX[g_APinDescription[1].ulPin &gt;&gt; 1].reg |= PORT_PMUX_PMUXO_E;
                                                                                          ^~~~~~~~~~~~~~~~~
/home/ec2-user/arduino-testlib/cli-datadir/user/libraries/Dimmer_class_for_SAMD21/src/DimmerZero.cpp:64:35: error: invalid use of incomplete type &#39;PinDescription {aka struct _PinDescription}&#39;
    PORT-&gt;Group[g_APinDescription[1].ulPort].PMUX[g_APinDescription[1].ulPin &gt;&gt; 1].reg |= PORT_PMUX_PMUXE_E;
                                   ^
In file included from /home/ec2-user/arduino-testlib/cli-datadir/user/libraries/Dimmer_class_for_SAMD21/src/DimmerZero.cpp:7:0:
/home/ec2-user/arduino-testlib/cli-datadir/data/packages/arduino/hardware/mbed_nano/2.7.2/cores/arduino/Arduino.h:80:16: note: forward declaration of &#39;PinDescription {aka struct _PinDescription}&#39;
 typedef struct _PinDescription PinDescription;
                ^~~~~~~~~~~~~~~
/home/ec2-user/arduino-testlib/cli-datadir/user/libraries/Dimmer_class_for_SAMD21/src/DimmerZero.cpp:64:69: error: invalid use of incomplete type &#39;PinDescription {aka struct _PinDescription}&#39;
    PORT-&gt;Group[g_APinDescription[1].ulPort].PMUX[g_APinDescription[1].ulPin &gt;&gt; 1].reg |= PORT_PMUX_PMUXE_E;
                                                                     ^
In file included from /home/ec2-user/arduino-testlib/cli-datadir/user/libraries/Dimmer_class_for_SAMD21/src/DimmerZero.cpp:7:0:
/home/ec2-user/arduino-testlib/cli-datadir/data/packages/arduino/hardware/mbed_nano/2.7.2/cores/arduino/Arduino.h:80:16: note: forward declaration of &#39;PinDescription {aka struct _PinDescription}&#39;
 typedef struct _PinDescription PinDescription;
                ^~~~~~~~~~~~~~~
/home/ec2-user/arduino-testlib/cli-datadir/user/libraries/Dimmer_class_for_SAMD21/src/DimmerZero.cpp:64:90: error: &#39;PORT_PMUX_PMUXE_E&#39; was not declared in this scope
    PORT-&gt;Group[g_APinDescription[1].ulPort].PMUX[g_APinDescription[1].ulPin &gt;&gt; 1].reg |= PORT_PMUX_PMUXE_E;
                                                                                          ^~~~~~~~~~~~~~~~~
/home/ec2-user/arduino-testlib/cli-datadir/user/libraries/Dimmer_class_for_SAMD21/src/DimmerZero.cpp:68:35: error: invalid use of incomplete type &#39;PinDescription {aka struct _PinDescription}&#39;
    PORT-&gt;Group[g_APinDescription[2].ulPort].PMUX[g_APinDescription[2].ulPin &gt;&gt; 1].reg |= PORT_PMUX_PMUXE_F;
                                   ^
In file included from /home/ec2-user/arduino-testlib/cli-datadir/user/libraries/Dimmer_class_for_SAMD21/src/DimmerZero.cpp:7:0:
/home/ec2-user/arduino-testli</pre>
					
				
				<h3 id="arduino:megaavr:nona4809">arduino:megaavr:nona4809 @ 1.8.7</h3>
				<h4>Inclusion</h4>
				<p>
					Result: <b>FAIL</b>
					
				</p>
				<pre class="pre-scrollable">WARNING: library Dimmer_class_for_SAMD21 claims to run on samd architecture(s) and may be incompatible with your current board which runs on megaavr architecture(s).
/home/ec2-user/arduino-testlib/cli-datadir/user/libraries/Dimmer_class_for_SAMD21/src/DimmerZero.cpp:199:6: error: #error &#34;This library only supports SAMD21G18A based boards (e.g. Zero/M0...)&#34;
     #error &#34;This library only supports SAMD21G18A based boards (e.g. Zero/M0...)&#34;
      ^~~~~
/home/ec2-user/arduino-testlib/cli-datadir/user/libraries/Dimmer_class_for_SAMD21/src/DimmerZero.cpp: In member function &#39;void DimmerZero::init()&#39;:
/home/ec2-user/arduino-testlib/cli-datadir/user/libraries/Dimmer_class_for_SAMD21/src/DimmerZero.cpp:47:2: error: &#39;REG_GCLK_GENDIV&#39; was not declared in this scope
  REG_GCLK_GENDIV = GCLK_GENDIV_DIV(div) |  // Divide the 48MHz clock source by divisor div: e.g. 48MHz/4=12MHz
  ^~~~~~~~~~~~~~~
/home/ec2-user/arduino-testlib/cli-datadir/user/libraries/Dimmer_class_for_SAMD21/src/DimmerZero.cpp:47:20: error: &#39;GCLK_GENDIV_DIV&#39; was not declared in this scope
  REG_GCLK_GENDIV = GCLK_GENDIV_DIV(div) |  // Divide the 48MHz clock source by divisor div: e.g. 48MHz/4=12MHz
                    ^~~~~~~~~~~~~~~
/home/ec2-user/arduino-testlib/cli-datadir/user/libraries/Dimmer_class_for_SAMD21/src/DimmerZero.cpp:48:7: error: &#39;GCLK_GENDIV_ID&#39; was not declared in this scope
       GCLK_GENDIV_ID(4);   // Select Generic Clock (GCLK) 4
       ^~~~~~~~~~~~~~
/home/ec2-user/arduino-testlib/cli-datadir/user/libraries/Dimmer_class_for_SAMD21/src/DimmerZero.cpp:49:9: error: &#39;GCLK&#39; was not declared in this scope
  while (GCLK-&gt;STATUS.bit.SYNCBUSY);    // Wait for synchronization
         ^~~~
/home/ec2-user/arduino-testlib/cli-datadir/user/libraries/Dimmer_class_for_SAMD21/src/DimmerZero.cpp:49:9: note: suggested alternative: &#39;SCL&#39;
  while (GCLK-&gt;STATUS.bit.SYNCBUSY);    // Wait for synchronization
         ^~~~
         SCL
/home/ec2-user/arduino-testlib/cli-datadir/user/libraries/Dimmer_class_for_SAMD21/src/DimmerZero.cpp:51:2: error: &#39;REG_GCLK_GENCTRL&#39; was not declared in this scope
  REG_GCLK_GENCTRL = GCLK_GENCTRL_IDC |   // Set the duty cycle to 50/50 HIGH/LOW
  ^~~~~~~~~~~~~~~~
/home/ec2-user/arduino-testlib/cli-datadir/user/libraries/Dimmer_class_for_SAMD21/src/DimmerZero.cpp:51:21: error: &#39;GCLK_GENCTRL_IDC&#39; was not declared in this scope
  REG_GCLK_GENCTRL = GCLK_GENCTRL_IDC |   // Set the duty cycle to 50/50 HIGH/LOW
                     ^~~~~~~~~~~~~~~~
/home/ec2-user/arduino-testlib/cli-datadir/user/libraries/Dimmer_class_for_SAMD21/src/DimmerZero.cpp:51:21: note: suggested alternative: &#39;CLKCTRL_t&#39;
  REG_GCLK_GENCTRL = GCLK_GENCTRL_IDC |   // Set the duty cycle to 50/50 HIGH/LOW
                     ^~~~~~~~~~~~~~~~
                     CLKCTRL_t
/home/ec2-user/arduino-testlib/cli-datadir/user/libraries/Dimmer_class_for_SAMD21/src/DimmerZero.cpp:52:7: error: &#39;GCLK_GENCTRL_GENEN&#39; was not declared in this scope
       GCLK_GENCTRL_GENEN |  // Enable GCLK4
       ^~~~~~~~~~~~~~~~~~
/home/ec2-user/arduino-testlib/cli-datadir/user/libraries/Dimmer_class_for_SAMD21/src/DimmerZero.cpp:52:7: note: suggested alternative: &#39;CLKCTRL_PEN_bp&#39;
       GCLK_GENCTRL_GENEN |  // Enable GCLK4
       ^~~~~~~~~~~~~~~~~~
       CLKCTRL_PEN_bp
/home/ec2-user/arduino-testlib/cli-datadir/user/libraries/Dimmer_class_for_SAMD21/src/DimmerZero.cpp:53:7: error: &#39;GCLK_GENCTRL_SRC_DFLL48M&#39; was not declared in this scope
       GCLK_GENCTRL_SRC_DFLL48M | // Set the 48MHz clock source
       ^~~~~~~~~~~~~~~~~~~~~~~~
/home/ec2-user/arduino-testlib/cli-datadir/user/libraries/Dimmer_class_for_SAMD21/src/DimmerZero.cpp:54:7: error: &#39;GCLK_GENCTRL_ID&#39; was not declared in this scope
       GCLK_GENCTRL_ID(4);   // Select GCLK4
       ^~~~~~~~~~~~~~~
/home/ec2-user/arduino-testlib/cli-datadir/user/libraries/Dimmer_class_for_SAMD21/src/DimmerZero.cpp:54:7: note: suggested alternative: &#39;CLKCTRL_t&#39;
       GCLK_GENCTRL_ID(4);   // Select GCLK4
       ^~~~~~~~~~~~~~~
       CLKCTRL_t
/home/ec2-user/arduino-testlib/cli-datadir/user/libraries/Dimmer_class_for_SAMD21/src/DimmerZero.cpp:55:9: error: &#39;GCLK&#39; was not declared in this scope
  while (GCLK-&gt;STATUS.bit.SYNCBUSY);    // Wait for synchronization
         ^~~~
/home/ec2-user/arduino-testlib/cli-datadir/user/libraries/Dimmer_class_for_SAMD21/src/DimmerZero.cpp:55:9: note: suggested alternative: &#39;SCL&#39;
  while (GCLK-&gt;STATUS.bit.SYNCBUSY);    // Wait for synchronization
         ^~~~
         SCL
/home/ec2-user/arduino-testlib/cli-datadir/user/libraries/Dimmer_class_for_SAMD21/src/DimmerZero.cpp:57:2: error: &#39;PORT&#39; was not declared in this scope
  PORT-&gt;Group[g_APinDescription[_pin].ulPort].PINCFG[g_APinDescription[_pin].ulPin].bit.PMUXEN = 1;
  ^~~~
/home/ec2-user/arduino-testlib/cli-datadir/user/libraries/Dimmer_class_for_SAMD21/src/DimmerZero.cpp:57:2: note: suggested alternative: &#39;PORTD&#39;
  PORT-&gt;Group[g_APinDescription[_pin].ulPort].PINCFG[g_APinDescription[_pin].ulPin].bit.PMUXEN = 1;
  ^~~~
  PORTD
/home/ec2-user/arduino-testlib/cli-datadir/user/libraries/Dimmer_class_for_SAMD21/src/DimmerZero.cpp:57:14: error: &#39;g_APinDescription&#39; was not declared in this scope
  PORT-&gt;Group[g_APinDescription[_pin].ulPort].PINCFG[g_APinDescription[_pin].ulPin].bit.PMUXEN = 1;
              ^~~~~~~~~~~~~~~~~
/home/ec2-user/arduino-testlib/cli-datadir/user/libraries/Dimmer_class_for_SAMD21/src/DimmerZero.cpp:57:14: note: suggested alternative: &#39;IADDescriptor&#39;
  PORT-&gt;Group[g_APinDescription[_pin].ulPort].PINCFG[g_APinDescription[_pin].ulPin].bit.PMUXEN = 1;
              ^~~~~~~~~~~~~~~~~
              IADDescriptor
/home/ec2-user/arduino-testlib/cli-datadir/user/libraries/Dimmer_class_for_SAMD21/src/DimmerZero.cpp:60:90: error: &#39;PORT_PMUX_PMUXO_E&#39; was not declared in this scope
    PORT-&gt;Group[g_APinDescription[1].ulPort].PMUX[g_APinDescription[1].ulPin &gt;&gt; 1].reg |= PORT_PMUX_PMUXO_E;
                                                                                          ^~~~~~~~~~~~~~~~~
/home/ec2-user/arduino-testlib/cli-datadir/user/libraries/Dimmer_class_for_SAMD21/src/DimmerZero.cpp:60:90: note: suggested alternative: &#39;PORTMUX_TWI0_t&#39;
    PORT-&gt;Group[g_APinDescription[1].ulPort].PMUX[g_APinDescription[1].ulPin &gt;&gt; 1].reg |= PORT_PMUX_PMUXO_E;
                                                                                          ^~~~~~~~~~~~~~~~~
                                                                                          PORTMUX_TWI0_t
/home/ec2-user/arduino-testlib/cli-datadir/user/libraries/Dimmer_class_for_SAMD21/src/DimmerZero.cpp:64:90: error: &#39;PORT_PMUX_PMUXE_E&#39; was not declared in this scope
    PORT-&gt;Group[g_APinDescription[1].ulPort].PMUX[g_APinDescription[1].ulPin &gt;&gt; 1].reg |= PORT_PMUX_PMUXE_E;
                                                                                          ^~~~~~~~~~~~~~~~~
/home/ec2-user/arduino-testlib/cli-datadir/user/libraries/Dimmer_class_for_SAMD21/src/DimmerZero.cpp:64:90: note: suggested alternative: &#39;PORTMUX_TWI0_t&#39;
    PORT-&gt;Group[g_APinDescription[1].ulPort].PMUX[g_APinDescription[1].ulPin &gt;&gt; 1].reg |= PORT_PMUX_PMUXE_E;
                                                                                          ^~~~~~~~~~~~~~~~~
                                                                                          PORTMUX_TWI0_t
/home/ec2-user/arduino-testlib/cli-datadir/user/libraries/Dimmer_class_for_SAMD21/src/DimmerZero.cpp:68:90: error: &#39;PORT_PMUX_PMUXE_F&#39; was not declared in this scope
    PORT-&gt;Group[g_APinDescription[2].ulPort].PMUX[g_APinDescription[2].ulPin &gt;&gt; 1].reg |= PORT_PMUX_PMUXE_F;
                                                                                          ^~~~~~~~~~~~~~~~~
/home/ec2-user/arduino-testlib/cli-datadir/user/libraries/Dimmer_class_for_SAMD21/src/DimmerZero.cpp:68:90: note: suggested alternative: &#39;PORTMUX_TWI0_t&#39;
    PORT-&gt;Group[g_APinDescription[2].ulPort].PMUX[g_APinDescription[2].ulPin &gt;&gt; 1].reg |= PORT_PMUX_PMUXE_F;
                                                                                          ^~~~~~~~~~~~~~~~~
                                                                                          PORTMUX_TWI0_t
/home/ec2-user/arduino-testlib/cli-datadir/user/libraries/Dimmer_class_for_SAMD21/src/DimmerZero.cpp:72:90: error: &#39;PORT_PMUX_PMUXO_F&#39; was not declared in this scope
    PORT-&gt;Group[g_APinDescription[4].ulPort].PMUX[g_APinDescription[4].ulPin &gt;&gt; 1].reg |= PORT_PMUX_PMUXO_F;
                                                                                          ^~~~~~~~~~~~~~~~~
/home/ec2-user/arduino-testlib/cli-datadir/user/libraries/Dimmer_class_for_SAMD21/src/DimmerZero.cpp:72:90: note: suggested alternative: &#39;PORTMUX_TWI0_t&#39;
    PORT-&gt;Group[g_APinDescription[4].ulPort].PMUX[g_APinDescription[4].ulPin &gt;&gt; 1].reg |= PORT_PMUX_PMUXO_F;
                                                                                          ^~~~~~~~~~~~~~~~~
                                                                                          PORTMUX_TWI0_t
/home/ec2-user/arduino-testlib/cli-datadir/user/libraries/Dimmer_class_for_SAMD21/src/DimmerZero.cpp:130:3: error: &#39;REG_GCLK_CLKCTRL&#39; was not declared in this scope
   REG_GCLK_CLKCTRL = GCLK_CLKCTRL_CLKEN |  // Enable GCLK4 to TCC0 and TCC1
   ^~~~~~~~~~~~~~~~
/home/ec2-user/arduino-testlib/cli-datadir/user/libraries/Dimmer_class_for_SAMD21/src/DimmerZero.cpp:130:22: error: &#39;GCLK_CLKCTRL_CLKEN&#39; was not declared in this scope
   REG_GCLK_CLKCTRL = GCLK_CLKCTRL_CLKEN |  // Enable GCLK4 to TCC0 and TCC1
                      ^~~~~~~~~~~~~~~~~~
/home/ec2-user/arduino-testlib/cli-datadir/user/libraries/Dimmer_class_for_SAMD21/src/DimmerZero.cpp:130:22: note: suggested alternative: &#39;CLKCTRL_CLKSEL_t&#39;
   REG_GCLK_CLKCTRL = GCLK_CLKCTRL_CLKEN |  // Enable GCLK4 to TCC0 and TCC1
                      ^~~~~~~~~~~~~~~~~~
                      CLKCTRL_CLKSEL_t
/home/ec2-user/arduino-testlib/cli-datadir/user/libraries/Dimmer_class_for_SAMD21/src/DimmerZero.cpp:131:3: error:</pre>

					
					<h4>examples/DimmerTest</h4>
					<p>
						Result: <b>FAIL</b>
					</p>
					<pre class="pre-scrollable">WARNING: library Dimmer_class_for_SAMD21 claims to run on samd architecture(s) and may be incompatible with your current board which runs on megaavr architecture(s).
/home/ec2-user/arduino-testlib/cli-datadir/user/libraries/Dimmer_class_for_SAMD21/src/DimmerZero.cpp:199:6: error: #error &#34;This library only supports SAMD21G18A based boards (e.g. Zero/M0...)&#34;
     #error &#34;This library only supports SAMD21G18A based boards (e.g. Zero/M0...)&#34;
      ^~~~~
/home/ec2-user/arduino-testlib/cli-datadir/user/libraries/Dimmer_class_for_SAMD21/src/DimmerZero.cpp: In member function &#39;void DimmerZero::init()&#39;:
/home/ec2-user/arduino-testlib/cli-datadir/user/libraries/Dimmer_class_for_SAMD21/src/DimmerZero.cpp:47:2: error: &#39;REG_GCLK_GENDIV&#39; was not declared in this scope
  REG_GCLK_GENDIV = GCLK_GENDIV_DIV(div) |  // Divide the 48MHz clock source by divisor div: e.g. 48MHz/4=12MHz
  ^~~~~~~~~~~~~~~
/home/ec2-user/arduino-testlib/cli-datadir/user/libraries/Dimmer_class_for_SAMD21/src/DimmerZero.cpp:47:20: error: &#39;GCLK_GENDIV_DIV&#39; was not declared in this scope
  REG_GCLK_GENDIV = GCLK_GENDIV_DIV(div) |  // Divide the 48MHz clock source by divisor div: e.g. 48MHz/4=12MHz
                    ^~~~~~~~~~~~~~~
/home/ec2-user/arduino-testlib/cli-datadir/user/libraries/Dimmer_class_for_SAMD21/src/DimmerZero.cpp:48:7: error: &#39;GCLK_GENDIV_ID&#39; was not declared in this scope
       GCLK_GENDIV_ID(4);   // Select Generic Clock (GCLK) 4
       ^~~~~~~~~~~~~~
/home/ec2-user/arduino-testlib/cli-datadir/user/libraries/Dimmer_class_for_SAMD21/src/DimmerZero.cpp:49:9: error: &#39;GCLK&#39; was not declared in this scope
  while (GCLK-&gt;STATUS.bit.SYNCBUSY);    // Wait for synchronization
         ^~~~
/home/ec2-user/arduino-testlib/cli-datadir/user/libraries/Dimmer_class_for_SAMD21/src/DimmerZero.cpp:49:9: note: suggested alternative: &#39;SCL&#39;
  while (GCLK-&gt;STATUS.bit.SYNCBUSY);    // Wait for synchronization
         ^~~~
         SCL
/home/ec2-user/arduino-testlib/cli-datadir/user/libraries/Dimmer_class_for_SAMD21/src/DimmerZero.cpp:51:2: error: &#39;REG_GCLK_GENCTRL&#39; was not declared in this scope
  REG_GCLK_GENCTRL = GCLK_GENCTRL_IDC |   // Set the duty cycle to 50/50 HIGH/LOW
  ^~~~~~~~~~~~~~~~
/home/ec2-user/arduino-testlib/cli-datadir/user/libraries/Dimmer_class_for_SAMD21/src/DimmerZero.cpp:51:21: error: &#39;GCLK_GENCTRL_IDC&#39; was not declared in this scope
  REG_GCLK_GENCTRL = GCLK_GENCTRL_IDC |   // Set the duty cycle to 50/50 HIGH/LOW
                     ^~~~~~~~~~~~~~~~
/home/ec2-user/arduino-testlib/cli-datadir/user/libraries/Dimmer_class_for_SAMD21/src/DimmerZero.cpp:51:21: note: suggested alternative: &#39;CLKCTRL_t&#39;
  REG_GCLK_GENCTRL = GCLK_GENCTRL_IDC |   // Set the duty cycle to 50/50 HIGH/LOW
                     ^~~~~~~~~~~~~~~~
                     CLKCTRL_t
/home/ec2-user/arduino-testlib/cli-datadir/user/libraries/Dimmer_class_for_SAMD21/src/DimmerZero.cpp:52:7: error: &#39;GCLK_GENCTRL_GENEN&#39; was not declared in this scope
       GCLK_GENCTRL_GENEN |  // Enable GCLK4
       ^~~~~~~~~~~~~~~~~~
/home/ec2-user/arduino-testlib/cli-datadir/user/libraries/Dimmer_class_for_SAMD21/src/DimmerZero.cpp:52:7: note: suggested alternative: &#39;CLKCTRL_PEN_bp&#39;
       GCLK_GENCTRL_GENEN |  // Enable GCLK4
       ^~~~~~~~~~~~~~~~~~
       CLKCTRL_PEN_bp
/home/ec2-user/arduino-testlib/cli-datadir/user/libraries/Dimmer_class_for_SAMD21/src/DimmerZero.cpp:53:7: error: &#39;GCLK_GENCTRL_SRC_DFLL48M&#39; was not declared in this scope
       GCLK_GENCTRL_SRC_DFLL48M | // Set the 48MHz clock source
       ^~~~~~~~~~~~~~~~~~~~~~~~
/home/ec2-user/arduino-testlib/cli-datadir/user/libraries/Dimmer_class_for_SAMD21/src/DimmerZero.cpp:54:7: error: &#39;GCLK_GENCTRL_ID&#39; was not declared in this scope
       GCLK_GENCTRL_ID(4);   // Select GCLK4
       ^~~~~~~~~~~~~~~
/home/ec2-user/arduino-testlib/cli-datadir/user/libraries/Dimmer_class_for_SAMD21/src/DimmerZero.cpp:54:7: note: suggested alternative: &#39;CLKCTRL_t&#39;
       GCLK_GENCTRL_ID(4);   // Select GCLK4
       ^~~~~~~~~~~~~~~
       CLKCTRL_t
/home/ec2-user/arduino-testlib/cli-datadir/user/libraries/Dimmer_class_for_SAMD21/src/DimmerZero.cpp:55:9: error: &#39;GCLK&#39; was not declared in this scope
  while (GCLK-&gt;STATUS.bit.SYNCBUSY);    // Wait for synchronization
         ^~~~
/home/ec2-user/arduino-testlib/cli-datadir/user/libraries/Dimmer_class_for_SAMD21/src/DimmerZero.cpp:55:9: note: suggested alternative: &#39;SCL&#39;
  while (GCLK-&gt;STATUS.bit.SYNCBUSY);    // Wait for synchronization
         ^~~~
         SCL
/home/ec2-user/arduino-testlib/cli-datadir/user/libraries/Dimmer_class_for_SAMD21/src/DimmerZero.cpp:57:2: error: &#39;PORT&#39; was not declared in this scope
  PORT-&gt;Group[g_APinDescription[_pin].ulPort].PINCFG[g_APinDescription[_pin].ulPin].bit.PMUXEN = 1;
  ^~~~
/home/ec2-user/arduino-testlib/cli-datadir/user/libraries/Dimmer_class_for_SAMD21/src/DimmerZero.cpp:57:2: note: suggested alternative: &#39;PORTD&#39;
  PORT-&gt;Group[g_APinDescription[_pin].ulPort].PINCFG[g_APinDescription[_pin].ulPin].bit.PMUXEN = 1;
  ^~~~
  PORTD
/home/ec2-user/arduino-testlib/cli-datadir/user/libraries/Dimmer_class_for_SAMD21/src/DimmerZero.cpp:57:14: error: &#39;g_APinDescription&#39; was not declared in this scope
  PORT-&gt;Group[g_APinDescription[_pin].ulPort].PINCFG[g_APinDescription[_pin].ulPin].bit.PMUXEN = 1;
              ^~~~~~~~~~~~~~~~~
/home/ec2-user/arduino-testlib/cli-datadir/user/libraries/Dimmer_class_for_SAMD21/src/DimmerZero.cpp:57:14: note: suggested alternative: &#39;IADDescriptor&#39;
  PORT-&gt;Group[g_APinDescription[_pin].ulPort].PINCFG[g_APinDescription[_pin].ulPin].bit.PMUXEN = 1;
              ^~~~~~~~~~~~~~~~~
              IADDescriptor
/home/ec2-user/arduino-testlib/cli-datadir/user/libraries/Dimmer_class_for_SAMD21/src/DimmerZero.cpp:60:90: error: &#39;PORT_PMUX_PMUXO_E&#39; was not declared in this scope
    PORT-&gt;Group[g_APinDescription[1].ulPort].PMUX[g_APinDescription[1].ulPin &gt;&gt; 1].reg |= PORT_PMUX_PMUXO_E;
                                                                                          ^~~~~~~~~~~~~~~~~
/home/ec2-user/arduino-testlib/cli-datadir/user/libraries/Dimmer_class_for_SAMD21/src/DimmerZero.cpp:60:90: note: suggested alternative: &#39;PORTMUX_TWI0_t&#39;
    PORT-&gt;Group[g_APinDescription[1].ulPort].PMUX[g_APinDescription[1].ulPin &gt;&gt; 1].reg |= PORT_PMUX_PMUXO_E;
                                                                                          ^~~~~~~~~~~~~~~~~
                                                                                          PORTMUX_TWI0_t
/home/ec2-user/arduino-testlib/cli-datadir/user/libraries/Dimmer_class_for_SAMD21/src/DimmerZero.cpp:64:90: error: &#39;PORT_PMUX_PMUXE_E&#39; was not declared in this scope
    PORT-&gt;Group[g_APinDescription[1].ulPort].PMUX[g_APinDescription[1].ulPin &gt;&gt; 1].reg |= PORT_PMUX_PMUXE_E;
                                                                                          ^~~~~~~~~~~~~~~~~
/home/ec2-user/arduino-testlib/cli-datadir/user/libraries/Dimmer_class_for_SAMD21/src/DimmerZero.cpp:64:90: note: suggested alternative: &#39;PORTMUX_TWI0_t&#39;
    PORT-&gt;Group[g_APinDescription[1].ulPort].PMUX[g_APinDescription[1].ulPin &gt;&gt; 1].reg |= PORT_PMUX_PMUXE_E;
                                                                                          ^~~~~~~~~~~~~~~~~
                                                                                          PORTMUX_TWI0_t
/home/ec2-user/arduino-testlib/cli-datadir/user/libraries/Dimmer_class_for_SAMD21/src/DimmerZero.cpp:68:90: error: &#39;PORT_PMUX_PMUXE_F&#39; was not declared in this scope
    PORT-&gt;Group[g_APinDescription[2].ulPort].PMUX[g_APinDescription[2].ulPin &gt;&gt; 1].reg |= PORT_PMUX_PMUXE_F;
                                                                                          ^~~~~~~~~~~~~~~~~
/home/ec2-user/arduino-testlib/cli-datadir/user/libraries/Dimmer_class_for_SAMD21/src/DimmerZero.cpp:68:90: note: suggested alternative: &#39;PORTMUX_TWI0_t&#39;
    PORT-&gt;Group[g_APinDescription[2].ulPort].PMUX[g_APinDescription[2].ulPin &gt;&gt; 1].reg |= PORT_PMUX_PMUXE_F;
                                                                                          ^~~~~~~~~~~~~~~~~
                                                                                          PORTMUX_TWI0_t
/home/ec2-user/arduino-testlib/cli-datadir/user/libraries/Dimmer_class_for_SAMD21/src/DimmerZero.cpp:72:90: error: &#39;PORT_PMUX_PMUXO_F&#39; was not declared in this scope
    PORT-&gt;Group[g_APinDescription[4].ulPort].PMUX[g_APinDescription[4].ulPin &gt;&gt; 1].reg |= PORT_PMUX_PMUXO_F;
                                                                                          ^~~~~~~~~~~~~~~~~
/home/ec2-user/arduino-testlib/cli-datadir/user/libraries/Dimmer_class_for_SAMD21/src/DimmerZero.cpp:72:90: note: suggested alternative: &#39;PORTMUX_TWI0_t&#39;
    PORT-&gt;Group[g_APinDescription[4].ulPort].PMUX[g_APinDescription[4].ulPin &gt;&gt; 1].reg |= PORT_PMUX_PMUXO_F;
                                                                                          ^~~~~~~~~~~~~~~~~
                                                                                          PORTMUX_TWI0_t
/home/ec2-user/arduino-testlib/cli-datadir/user/libraries/Dimmer_class_for_SAMD21/src/DimmerZero.cpp:130:3: error: &#39;REG_GCLK_CLKCTRL&#39; was not declared in this scope
   REG_GCLK_CLKCTRL = GCLK_CLKCTRL_CLKEN |  // Enable GCLK4 to TCC0 and TCC1
   ^~~~~~~~~~~~~~~~
/home/ec2-user/arduino-testlib/cli-datadir/user/libraries/Dimmer_class_for_SAMD21/src/DimmerZero.cpp:130:22: error: &#39;GCLK_CLKCTRL_CLKEN&#39; was not declared in this scope
   REG_GCLK_CLKCTRL = GCLK_CLKCTRL_CLKEN |  // Enable GCLK4 to TCC0 and TCC1
                      ^~~~~~~~~~~~~~~~~~
/home/ec2-user/arduino-testlib/cli-datadir/user/libraries/Dimmer_class_for_SAMD21/src/DimmerZero.cpp:130:22: note: suggested alternative: &#39;CLKCTRL_CLKSEL_t&#39;
   REG_GCLK_CLKCTRL = GCLK_CLKCTRL_CLKEN |  // Enable GCLK4 to TCC0 and TCC1
                      ^~~~~~~~~~~~~~~~~~
                      CLKCTRL_CLKSEL_t
/home/ec2-user/arduino-testlib/cli-datadir/user/libraries/Dimmer_class_for_SAMD21/src/DimmerZero.cpp:131:3: error:</pre>
					
				
				<h3 id="arduino:samd:mkrwifi1010">arduino:samd:mkrwifi1010 @ 1.8.12</h3>
				<h4>Inclusion</h4>
				<p>
					Result: <b>PASS</b>
					
					<br />This library has no main header file so an empty one was created.
					
				</p>
				<pre class="pre-scrollable">Sketch uses 12156 bytes (4%) of program storage space. Maximum is 262144 bytes.
Global variables use 2996 bytes (9%) of dynamic memory, leaving 29772 bytes for local variables. Maximum is 32768 bytes.
</pre>

					
					<h4>examples/DimmerTest</h4>
					<p>
						Result: <b>PASS</b>
					</p>
					<pre class="pre-scrollable">Sketch uses 13596 bytes (5%) of program storage space. Maximum is 262144 bytes.
Global variables use 3028 bytes (9%) of dynamic memory, leaving 29740 bytes for local variables. Maximum is 32768 bytes.
</pre>
					
				
				<h3 id="esp32:esp32:d1_mini32">esp32:esp32:d1_mini32 @ 1.0.6</h3>
				<h4>Inclusion</h4>
				<p>
					Result: <b>FAIL</b>
					
				</p>
				<pre class="pre-scrollable">WARNING: library Dimmer_class_for_SAMD21 claims to run on samd architecture(s) and may be incompatible with your current board which runs on esp32 architecture(s).
/home/ec2-user/arduino-testlib/cli-datadir/user/libraries/Dimmer_class_for_SAMD21/src/DimmerZero.cpp:199:6: error: #error &#34;This library only supports SAMD21G18A based boards (e.g. Zero/M0...)&#34;
     #error &#34;This library only supports SAMD21G18A based boards (e.g. Zero/M0...)&#34;
      ^
/home/ec2-user/arduino-testlib/cli-datadir/user/libraries/Dimmer_class_for_SAMD21/src/DimmerZero.cpp: In member function &#39;void DimmerZero::init()&#39;:
/home/ec2-user/arduino-testlib/cli-datadir/user/libraries/Dimmer_class_for_SAMD21/src/DimmerZero.cpp:47:2: error: &#39;REG_GCLK_GENDIV&#39; was not declared in this scope
  REG_GCLK_GENDIV = GCLK_GENDIV_DIV(div) |  // Divide the 48MHz clock source by divisor div: e.g. 48MHz/4=12MHz
  ^
/home/ec2-user/arduino-testlib/cli-datadir/user/libraries/Dimmer_class_for_SAMD21/src/DimmerZero.cpp:47:39: error: &#39;GCLK_GENDIV_DIV&#39; was not declared in this scope
  REG_GCLK_GENDIV = GCLK_GENDIV_DIV(div) |  // Divide the 48MHz clock source by divisor div: e.g. 48MHz/4=12MHz
                                       ^
/home/ec2-user/arduino-testlib/cli-datadir/user/libraries/Dimmer_class_for_SAMD21/src/DimmerZero.cpp:48:23: error: &#39;GCLK_GENDIV_ID&#39; was not declared in this scope
       GCLK_GENDIV_ID(4);   // Select Generic Clock (GCLK) 4
                       ^
/home/ec2-user/arduino-testlib/cli-datadir/user/libraries/Dimmer_class_for_SAMD21/src/DimmerZero.cpp:49:9: error: &#39;GCLK&#39; was not declared in this scope
  while (GCLK-&gt;STATUS.bit.SYNCBUSY);    // Wait for synchronization
         ^
/home/ec2-user/arduino-testlib/cli-datadir/user/libraries/Dimmer_class_for_SAMD21/src/DimmerZero.cpp:51:2: error: &#39;REG_GCLK_GENCTRL&#39; was not declared in this scope
  REG_GCLK_GENCTRL = GCLK_GENCTRL_IDC |   // Set the duty cycle to 50/50 HIGH/LOW
  ^
/home/ec2-user/arduino-testlib/cli-datadir/user/libraries/Dimmer_class_for_SAMD21/src/DimmerZero.cpp:51:21: error: &#39;GCLK_GENCTRL_IDC&#39; was not declared in this scope
  REG_GCLK_GENCTRL = GCLK_GENCTRL_IDC |   // Set the duty cycle to 50/50 HIGH/LOW
                     ^
/home/ec2-user/arduino-testlib/cli-datadir/user/libraries/Dimmer_class_for_SAMD21/src/DimmerZero.cpp:52:7: error: &#39;GCLK_GENCTRL_GENEN&#39; was not declared in this scope
       GCLK_GENCTRL_GENEN |  // Enable GCLK4
       ^
/home/ec2-user/arduino-testlib/cli-datadir/user/libraries/Dimmer_class_for_SAMD21/src/DimmerZero.cpp:53:7: error: &#39;GCLK_GENCTRL_SRC_DFLL48M&#39; was not declared in this scope
       GCLK_GENCTRL_SRC_DFLL48M | // Set the 48MHz clock source
       ^
/home/ec2-user/arduino-testlib/cli-datadir/user/libraries/Dimmer_class_for_SAMD21/src/DimmerZero.cpp:54:24: error: &#39;GCLK_GENCTRL_ID&#39; was not declared in this scope
       GCLK_GENCTRL_ID(4);   // Select GCLK4
                        ^
/home/ec2-user/arduino-testlib/cli-datadir/user/libraries/Dimmer_class_for_SAMD21/src/DimmerZero.cpp:55:9: error: &#39;GCLK&#39; was not declared in this scope
  while (GCLK-&gt;STATUS.bit.SYNCBUSY);    // Wait for synchronization
         ^
/home/ec2-user/arduino-testlib/cli-datadir/user/libraries/Dimmer_class_for_SAMD21/src/DimmerZero.cpp:57:2: error: &#39;PORT&#39; was not declared in this scope
  PORT-&gt;Group[g_APinDescription[_pin].ulPort].PINCFG[g_APinDescription[_pin].ulPin].bit.PMUXEN = 1;
  ^
/home/ec2-user/arduino-testlib/cli-datadir/user/libraries/Dimmer_class_for_SAMD21/src/DimmerZero.cpp:57:14: error: &#39;g_APinDescription&#39; was not declared in this scope
  PORT-&gt;Group[g_APinDescription[_pin].ulPort].PINCFG[g_APinDescription[_pin].ulPin].bit.PMUXEN = 1;
              ^
/home/ec2-user/arduino-testlib/cli-datadir/user/libraries/Dimmer_class_for_SAMD21/src/DimmerZero.cpp:60:90: error: &#39;PORT_PMUX_PMUXO_E&#39; was not declared in this scope
    PORT-&gt;Group[g_APinDescription[1].ulPort].PMUX[g_APinDescription[1].ulPin &gt;&gt; 1].reg |= PORT_PMUX_PMUXO_E;
                                                                                          ^
/home/ec2-user/arduino-testlib/cli-datadir/user/libraries/Dimmer_class_for_SAMD21/src/DimmerZero.cpp:64:90: error: &#39;PORT_PMUX_PMUXE_E&#39; was not declared in this scope
    PORT-&gt;Group[g_APinDescription[1].ulPort].PMUX[g_APinDescription[1].ulPin &gt;&gt; 1].reg |= PORT_PMUX_PMUXE_E;
                                                                                          ^
/home/ec2-user/arduino-testlib/cli-datadir/user/libraries/Dimmer_class_for_SAMD21/src/DimmerZero.cpp:68:90: error: &#39;PORT_PMUX_PMUXE_F&#39; was not declared in this scope
    PORT-&gt;Group[g_APinDescription[2].ulPort].PMUX[g_APinDescription[2].ulPin &gt;&gt; 1].reg |= PORT_PMUX_PMUXE_F;
                                                                                          ^
/home/ec2-user/arduino-testlib/cli-datadir/user/libraries/Dimmer_class_for_SAMD21/src/DimmerZero.cpp:72:90: error: &#39;PORT_PMUX_PMUXO_F&#39; was not declared in this scope
    PORT-&gt;Group[g_APinDescription[4].ulPort].PMUX[g_APinDescription[4].ulPin &gt;&gt; 1].reg |= PORT_PMUX_PMUXO_F;
                                                                                          ^
/home/ec2-user/arduino-testlib/cli-datadir/user/libraries/Dimmer_class_for_SAMD21/src/DimmerZero.cpp:130:3: error: &#39;REG_GCLK_CLKCTRL&#39; was not declared in this scope
   REG_GCLK_CLKCTRL = GCLK_CLKCTRL_CLKEN |  // Enable GCLK4 to TCC0 and TCC1
   ^
/home/ec2-user/arduino-testlib/cli-datadir/user/libraries/Dimmer_class_for_SAMD21/src/DimmerZero.cpp:130:22: error: &#39;GCLK_CLKCTRL_CLKEN&#39; was not declared in this scope
   REG_GCLK_CLKCTRL = GCLK_CLKCTRL_CLKEN |  // Enable GCLK4 to TCC0 and TCC1
                      ^
/home/ec2-user/arduino-testlib/cli-datadir/user/libraries/Dimmer_class_for_SAMD21/src/DimmerZero.cpp:131:3: error: &#39;GCLK_CLKCTRL_GEN_GCLK4&#39; was not declared in this scope
   GCLK_CLKCTRL_GEN_GCLK4 |     // Select GCLK4
   ^
/home/ec2-user/arduino-testlib/cli-datadir/user/libraries/Dimmer_class_for_SAMD21/src/DimmerZero.cpp:132:3: error: &#39;GCLK_CLKCTRL_ID_TCC0_TCC1&#39; was not declared in this scope
   GCLK_CLKCTRL_ID_TCC0_TCC1;     // Feed GCLK4 to TCC0 and TCC1
   ^
/home/ec2-user/arduino-testlib/cli-datadir/user/libraries/Dimmer_class_for_SAMD21/src/DimmerZero.cpp:133:10: error: &#39;GCLK&#39; was not declared in this scope
   while (GCLK-&gt;STATUS.bit.SYNCBUSY);   // Wait for synchronization
          ^
/home/ec2-user/arduino-testlib/cli-datadir/user/libraries/Dimmer_class_for_SAMD21/src/DimmerZero.cpp:136:4: error: &#39;REG_TCC0_WAVE&#39; was not declared in this scope
    REG_TCC0_WAVE |= TCC_WAVE_WAVEGEN_DSBOTH;
    ^
/home/ec2-user/arduino-testlib/cli-datadir/user/libraries/Dimmer_class_for_SAMD21/src/DimmerZero.cpp:136:21: error: &#39;TCC_WAVE_WAVEGEN_DSBOTH&#39; was not declared in this scope
    REG_TCC0_WAVE |= TCC_WAVE_WAVEGEN_DSBOTH;
                     ^
/home/ec2-user/arduino-testlib/cli-datadir/user/libraries/Dimmer_class_for_SAMD21/src/DimmerZero.cpp:137:11: error: &#39;TCC0&#39; was not declared in this scope
    while (TCC0-&gt;SYNCBUSY.bit.WAVE);
           ^
/home/ec2-user/arduino-testlib/cli-datadir/user/libraries/Dimmer_class_for_SAMD21/src/DimmerZero.cpp:139:4: error: &#39;REG_TCC0_WAVE&#39; was not declared in this scope
    REG_TCC0_WAVE |= TCC_WAVE_POL(0xF) | TCC_WAVE_WAVEGEN_DSBOTH; // Setup dual slope PWM on TCC0
    ^
/home/ec2-user/arduino-testlib/cli-datadir/user/libraries/Dimmer_class_for_SAMD21/src/DimmerZero.cpp:139:37: error: &#39;TCC_WAVE_POL&#39; was not declared in this scope
    REG_TCC0_WAVE |= TCC_WAVE_POL(0xF) | TCC_WAVE_WAVEGEN_DSBOTH; // Setup dual slope PWM on TCC0
                                     ^
/home/ec2-user/arduino-testlib/cli-datadir/user/libraries/Dimmer_class_for_SAMD21/src/DimmerZero.cpp:139:41: error: &#39;TCC_WAVE_WAVEGEN_DSBOTH&#39; was not declared in this scope
    REG_TCC0_WAVE |= TCC_WAVE_POL(0xF) | TCC_WAVE_WAVEGEN_DSBOTH; // Setup dual slope PWM on TCC0
                                         ^
/home/ec2-user/arduino-testlib/cli-datadir/user/libraries/Dimmer_class_for_SAMD21/src/DimmerZero.cpp:140:11: error: &#39;TCC0&#39; was not declared in this scope
    while (TCC0-&gt;SYNCBUSY.bit.WAVE);  
           ^
/home/ec2-user/arduino-testlib/cli-datadir/user/libraries/Dimmer_class_for_SAMD21/src/DimmerZero.cpp:143:3: error: &#39;REG_TCC0_PER&#39; was not declared in this scope
   REG_TCC0_PER = _maxValue;     // Set the frequency of the PWM on TCC0 
   ^
/home/ec2-user/arduino-testlib/cli-datadir/user/libraries/Dimmer_class_for_SAMD21/src/DimmerZero.cpp:144:10: error: &#39;TCC0&#39; was not declared in this scope
   while (TCC0-&gt;SYNCBUSY.bit.PER);    // Wait for synchronization
          ^
/home/ec2-user/arduino-testlib/cli-datadir/user/libraries/Dimmer_class_for_SAMD21/src/DimmerZero.cpp:146:3: error: &#39;REG_TCC0_CTRLA&#39; was not declared in this scope
   REG_TCC0_CTRLA |= TCC_CTRLA_PRESCALER_DIV1 |// Divide GCLK4 by 1
   ^
/home/ec2-user/arduino-testlib/cli-datadir/user/libraries/Dimmer_class_for_SAMD21/src/DimmerZero.cpp:146:21: error: &#39;TCC_CTRLA_PRESCALER_DIV1&#39; was not declared in this scope
   REG_TCC0_CTRLA |= TCC_CTRLA_PRESCALER_DIV1 |// Divide GCLK4 by 1
                     ^
/home/ec2-user/arduino-testlib/cli-datadir/user/libraries/Dimmer_class_for_SAMD21/src/DimmerZero.cpp:147:8: error: &#39;TCC_CTRLA_ENABLE&#39; was not declared in this scope
        TCC_CTRLA_ENABLE;  // Enable the TCC0 output
        ^
/home/ec2-user/arduino-testlib/cli-datadir/user/libraries/Dimmer_class_for_SAMD21/src/DimmerZero.cpp:148:10: error: &#39;TCC0&#39; was not declared in this scope
   while (TCC0-&gt;SYNCBUSY.bit.ENABLE);   // Wait for synchronization
          ^
/home/ec2-user/arduino-testlib/cli-datadir/user/libraries/Dimmer_class_for_SAMD21/src/DimmerZero.cpp:153:3: error: &#39;REG_GCLK_CLKCTRL&#39; was not declared in this scope
   REG_GCLK_CLKCTRL = GCLK_CLKCTRL_CLKEN |  // Enable GCLK4 to TCC0 and TCC1
   ^
/home/ec2-user/arduino-testlib/cli-datadir/user/libraries/Dimmer_class_for_SAMD21/src/DimmerZero.cpp:153:22: error: &#39;GCLK_CLKCTRL_CLKEN&#39; was not declared in this scope
   REG_GCLK_CLKCTRL = GCLK_CLKCTRL_CLKEN |  // Enable GCLK</pre>

					
					<h4>examples/DimmerTest</h4>
					<p>
						Result: <b>FAIL</b>
					</p>
					<pre class="pre-scrollable">WARNING: library Dimmer_class_for_SAMD21 claims to run on samd architecture(s) and may be incompatible with your current board which runs on esp32 architecture(s).
/home/ec2-user/arduino-testlib/cli-datadir/user/libraries/Dimmer_class_for_SAMD21/src/DimmerZero.cpp:199:6: error: #error &#34;This library only supports SAMD21G18A based boards (e.g. Zero/M0...)&#34;
     #error &#34;This library only supports SAMD21G18A based boards (e.g. Zero/M0...)&#34;
      ^
/home/ec2-user/arduino-testlib/cli-datadir/user/libraries/Dimmer_class_for_SAMD21/src/DimmerZero.cpp: In member function &#39;void DimmerZero::init()&#39;:
/home/ec2-user/arduino-testlib/cli-datadir/user/libraries/Dimmer_class_for_SAMD21/src/DimmerZero.cpp:47:2: error: &#39;REG_GCLK_GENDIV&#39; was not declared in this scope
  REG_GCLK_GENDIV = GCLK_GENDIV_DIV(div) |  // Divide the 48MHz clock source by divisor div: e.g. 48MHz/4=12MHz
  ^
/home/ec2-user/arduino-testlib/cli-datadir/user/libraries/Dimmer_class_for_SAMD21/src/DimmerZero.cpp:47:39: error: &#39;GCLK_GENDIV_DIV&#39; was not declared in this scope
  REG_GCLK_GENDIV = GCLK_GENDIV_DIV(div) |  // Divide the 48MHz clock source by divisor div: e.g. 48MHz/4=12MHz
                                       ^
/home/ec2-user/arduino-testlib/cli-datadir/user/libraries/Dimmer_class_for_SAMD21/src/DimmerZero.cpp:48:23: error: &#39;GCLK_GENDIV_ID&#39; was not declared in this scope
       GCLK_GENDIV_ID(4);   // Select Generic Clock (GCLK) 4
                       ^
/home/ec2-user/arduino-testlib/cli-datadir/user/libraries/Dimmer_class_for_SAMD21/src/DimmerZero.cpp:49:9: error: &#39;GCLK&#39; was not declared in this scope
  while (GCLK-&gt;STATUS.bit.SYNCBUSY);    // Wait for synchronization
         ^
/home/ec2-user/arduino-testlib/cli-datadir/user/libraries/Dimmer_class_for_SAMD21/src/DimmerZero.cpp:51:2: error: &#39;REG_GCLK_GENCTRL&#39; was not declared in this scope
  REG_GCLK_GENCTRL = GCLK_GENCTRL_IDC |   // Set the duty cycle to 50/50 HIGH/LOW
  ^
/home/ec2-user/arduino-testlib/cli-datadir/user/libraries/Dimmer_class_for_SAMD21/src/DimmerZero.cpp:51:21: error: &#39;GCLK_GENCTRL_IDC&#39; was not declared in this scope
  REG_GCLK_GENCTRL = GCLK_GENCTRL_IDC |   // Set the duty cycle to 50/50 HIGH/LOW
                     ^
/home/ec2-user/arduino-testlib/cli-datadir/user/libraries/Dimmer_class_for_SAMD21/src/DimmerZero.cpp:52:7: error: &#39;GCLK_GENCTRL_GENEN&#39; was not declared in this scope
       GCLK_GENCTRL_GENEN |  // Enable GCLK4
       ^
/home/ec2-user/arduino-testlib/cli-datadir/user/libraries/Dimmer_class_for_SAMD21/src/DimmerZero.cpp:53:7: error: &#39;GCLK_GENCTRL_SRC_DFLL48M&#39; was not declared in this scope
       GCLK_GENCTRL_SRC_DFLL48M | // Set the 48MHz clock source
       ^
/home/ec2-user/arduino-testlib/cli-datadir/user/libraries/Dimmer_class_for_SAMD21/src/DimmerZero.cpp:54:24: error: &#39;GCLK_GENCTRL_ID&#39; was not declared in this scope
       GCLK_GENCTRL_ID(4);   // Select GCLK4
                        ^
/home/ec2-user/arduino-testlib/cli-datadir/user/libraries/Dimmer_class_for_SAMD21/src/DimmerZero.cpp:55:9: error: &#39;GCLK&#39; was not declared in this scope
  while (GCLK-&gt;STATUS.bit.SYNCBUSY);    // Wait for synchronization
         ^
/home/ec2-user/arduino-testlib/cli-datadir/user/libraries/Dimmer_class_for_SAMD21/src/DimmerZero.cpp:57:2: error: &#39;PORT&#39; was not declared in this scope
  PORT-&gt;Group[g_APinDescription[_pin].ulPort].PINCFG[g_APinDescription[_pin].ulPin].bit.PMUXEN = 1;
  ^
/home/ec2-user/arduino-testlib/cli-datadir/user/libraries/Dimmer_class_for_SAMD21/src/DimmerZero.cpp:57:14: error: &#39;g_APinDescription&#39; was not declared in this scope
  PORT-&gt;Group[g_APinDescription[_pin].ulPort].PINCFG[g_APinDescription[_pin].ulPin].bit.PMUXEN = 1;
              ^
/home/ec2-user/arduino-testlib/cli-datadir/user/libraries/Dimmer_class_for_SAMD21/src/DimmerZero.cpp:60:90: error: &#39;PORT_PMUX_PMUXO_E&#39; was not declared in this scope
    PORT-&gt;Group[g_APinDescription[1].ulPort].PMUX[g_APinDescription[1].ulPin &gt;&gt; 1].reg |= PORT_PMUX_PMUXO_E;
                                                                                          ^
/home/ec2-user/arduino-testlib/cli-datadir/user/libraries/Dimmer_class_for_SAMD21/src/DimmerZero.cpp:64:90: error: &#39;PORT_PMUX_PMUXE_E&#39; was not declared in this scope
    PORT-&gt;Group[g_APinDescription[1].ulPort].PMUX[g_APinDescription[1].ulPin &gt;&gt; 1].reg |= PORT_PMUX_PMUXE_E;
                                                                                          ^
/home/ec2-user/arduino-testlib/cli-datadir/user/libraries/Dimmer_class_for_SAMD21/src/DimmerZero.cpp:68:90: error: &#39;PORT_PMUX_PMUXE_F&#39; was not declared in this scope
    PORT-&gt;Group[g_APinDescription[2].ulPort].PMUX[g_APinDescription[2].ulPin &gt;&gt; 1].reg |= PORT_PMUX_PMUXE_F;
                                                                                          ^
/home/ec2-user/arduino-testlib/cli-datadir/user/libraries/Dimmer_class_for_SAMD21/src/DimmerZero.cpp:72:90: error: &#39;PORT_PMUX_PMUXO_F&#39; was not declared in this scope
    PORT-&gt;Group[g_APinDescription[4].ulPort].PMUX[g_APinDescription[4].ulPin &gt;&gt; 1].reg |= PORT_PMUX_PMUXO_F;
                                                                                          ^
/home/ec2-user/arduino-testlib/cli-datadir/user/libraries/Dimmer_class_for_SAMD21/src/DimmerZero.cpp:130:3: error: &#39;REG_GCLK_CLKCTRL&#39; was not declared in this scope
   REG_GCLK_CLKCTRL = GCLK_CLKCTRL_CLKEN |  // Enable GCLK4 to TCC0 and TCC1
   ^
/home/ec2-user/arduino-testlib/cli-datadir/user/libraries/Dimmer_class_for_SAMD21/src/DimmerZero.cpp:130:22: error: &#39;GCLK_CLKCTRL_CLKEN&#39; was not declared in this scope
   REG_GCLK_CLKCTRL = GCLK_CLKCTRL_CLKEN |  // Enable GCLK4 to TCC0 and TCC1
                      ^
/home/ec2-user/arduino-testlib/cli-datadir/user/libraries/Dimmer_class_for_SAMD21/src/DimmerZero.cpp:131:3: error: &#39;GCLK_CLKCTRL_GEN_GCLK4&#39; was not declared in this scope
   GCLK_CLKCTRL_GEN_GCLK4 |     // Select GCLK4
   ^
/home/ec2-user/arduino-testlib/cli-datadir/user/libraries/Dimmer_class_for_SAMD21/src/DimmerZero.cpp:132:3: error: &#39;GCLK_CLKCTRL_ID_TCC0_TCC1&#39; was not declared in this scope
   GCLK_CLKCTRL_ID_TCC0_TCC1;     // Feed GCLK4 to TCC0 and TCC1
   ^
/home/ec2-user/arduino-testlib/cli-datadir/user/libraries/Dimmer_class_for_SAMD21/src/DimmerZero.cpp:133:10: error: &#39;GCLK&#39; was not declared in this scope
   while (GCLK-&gt;STATUS.bit.SYNCBUSY);   // Wait for synchronization
          ^
/home/ec2-user/arduino-testlib/cli-datadir/user/libraries/Dimmer_class_for_SAMD21/src/DimmerZero.cpp:136:4: error: &#39;REG_TCC0_WAVE&#39; was not declared in this scope
    REG_TCC0_WAVE |= TCC_WAVE_WAVEGEN_DSBOTH;
    ^
/home/ec2-user/arduino-testlib/cli-datadir/user/libraries/Dimmer_class_for_SAMD21/src/DimmerZero.cpp:136:21: error: &#39;TCC_WAVE_WAVEGEN_DSBOTH&#39; was not declared in this scope
    REG_TCC0_WAVE |= TCC_WAVE_WAVEGEN_DSBOTH;
                     ^
/home/ec2-user/arduino-testlib/cli-datadir/user/libraries/Dimmer_class_for_SAMD21/src/DimmerZero.cpp:137:11: error: &#39;TCC0&#39; was not declared in this scope
    while (TCC0-&gt;SYNCBUSY.bit.WAVE);
           ^
/home/ec2-user/arduino-testlib/cli-datadir/user/libraries/Dimmer_class_for_SAMD21/src/DimmerZero.cpp:139:4: error: &#39;REG_TCC0_WAVE&#39; was not declared in this scope
    REG_TCC0_WAVE |= TCC_WAVE_POL(0xF) | TCC_WAVE_WAVEGEN_DSBOTH; // Setup dual slope PWM on TCC0
    ^
/home/ec2-user/arduino-testlib/cli-datadir/user/libraries/Dimmer_class_for_SAMD21/src/DimmerZero.cpp:139:37: error: &#39;TCC_WAVE_POL&#39; was not declared in this scope
    REG_TCC0_WAVE |= TCC_WAVE_POL(0xF) | TCC_WAVE_WAVEGEN_DSBOTH; // Setup dual slope PWM on TCC0
                                     ^
/home/ec2-user/arduino-testlib/cli-datadir/user/libraries/Dimmer_class_for_SAMD21/src/DimmerZero.cpp:139:41: error: &#39;TCC_WAVE_WAVEGEN_DSBOTH&#39; was not declared in this scope
    REG_TCC0_WAVE |= TCC_WAVE_POL(0xF) | TCC_WAVE_WAVEGEN_DSBOTH; // Setup dual slope PWM on TCC0
                                         ^
/home/ec2-user/arduino-testlib/cli-datadir/user/libraries/Dimmer_class_for_SAMD21/src/DimmerZero.cpp:140:11: error: &#39;TCC0&#39; was not declared in this scope
    while (TCC0-&gt;SYNCBUSY.bit.WAVE);  
           ^
/home/ec2-user/arduino-testlib/cli-datadir/user/libraries/Dimmer_class_for_SAMD21/src/DimmerZero.cpp:143:3: error: &#39;REG_TCC0_PER&#39; was not declared in this scope
   REG_TCC0_PER = _maxValue;     // Set the frequency of the PWM on TCC0 
   ^
/home/ec2-user/arduino-testlib/cli-datadir/user/libraries/Dimmer_class_for_SAMD21/src/DimmerZero.cpp:144:10: error: &#39;TCC0&#39; was not declared in this scope
   while (TCC0-&gt;SYNCBUSY.bit.PER);    // Wait for synchronization
          ^
/home/ec2-user/arduino-testlib/cli-datadir/user/libraries/Dimmer_class_for_SAMD21/src/DimmerZero.cpp:146:3: error: &#39;REG_TCC0_CTRLA&#39; was not declared in this scope
   REG_TCC0_CTRLA |= TCC_CTRLA_PRESCALER_DIV1 |// Divide GCLK4 by 1
   ^
/home/ec2-user/arduino-testlib/cli-datadir/user/libraries/Dimmer_class_for_SAMD21/src/DimmerZero.cpp:146:21: error: &#39;TCC_CTRLA_PRESCALER_DIV1&#39; was not declared in this scope
   REG_TCC0_CTRLA |= TCC_CTRLA_PRESCALER_DIV1 |// Divide GCLK4 by 1
                     ^
/home/ec2-user/arduino-testlib/cli-datadir/user/libraries/Dimmer_class_for_SAMD21/src/DimmerZero.cpp:147:8: error: &#39;TCC_CTRLA_ENABLE&#39; was not declared in this scope
        TCC_CTRLA_ENABLE;  // Enable the TCC0 output
        ^
/home/ec2-user/arduino-testlib/cli-datadir/user/libraries/Dimmer_class_for_SAMD21/src/DimmerZero.cpp:148:10: error: &#39;TCC0&#39; was not declared in this scope
   while (TCC0-&gt;SYNCBUSY.bit.ENABLE);   // Wait for synchronization
          ^
/home/ec2-user/arduino-testlib/cli-datadir/user/libraries/Dimmer_class_for_SAMD21/src/DimmerZero.cpp:153:3: error: &#39;REG_GCLK_CLKCTRL&#39; was not declared in this scope
   REG_GCLK_CLKCTRL = GCLK_CLKCTRL_CLKEN |  // Enable GCLK4 to TCC0 and TCC1
   ^
/home/ec2-user/arduino-testlib/cli-datadir/user/libraries/Dimmer_class_for_SAMD21/src/DimmerZero.cpp:153:22: error: &#39;GCLK_CLKCTRL_CLKEN&#39; was not declared in this scope
   REG_GCLK_CLKCTRL = GCLK_CLKCTRL_CLKEN |  // Enable GCLK</pre>
					
				
			</div>
		</div>
	</div>
  </body>
</html>
