
<!doctype html>
<html lang="en">
  <head>
    <meta charset="utf-8">
    <meta name="viewport" content="width=device-width, initial-scale=1">
    <link href="https://cdn.jsdelivr.net/npm/bootstrap@5.0.2/dist/css/bootstrap.min.css" rel="stylesheet" integrity="sha384-EVSTQN3/azprG1Anm3QDgpJLIm9Nao0Yz1ztcQTwFspd3yD65VohhpuuCOmLASjC" crossorigin="anonymous">
    <title>arduino-testlib report</title>
	<style>
	.pass { background-color: #00FF00 !important; }
	.fail { background-color: #FF0000 !important; }
	</style>
  </head>
  <body>
	<div class="container">
		<div class="row">
			<div class="col">
				<h1>directTimers - compatibility matrix</h1>
				<p>
					<small>This report was generated on Monday, 21-Feb-22 12:00:25 CET using 
					<a href="https://github.com/alranel/arduino-testlib">arduino-testlib</a>.</small>
				</p>

				<h2>directTimers</h2>
				<p>
					Version: <b>1.0</b>
					<br />
					<a href="https://www.arduino.cc/reference/en/libraries/directtimers/">More details</a>
				</p>

				<h2>Compatibility matrix</h2>
				<table class="table table-bordered">
					<tr>
						<th>Board</th>
						<th>Claims compatibility</th>
						<th>Inclusion</th>
						
						<th><pre>meandr</pre></th>
						
						<th><pre>pwm_custom_freq</pre></th>
						
						<th><pre>pwm_simple_10bit</pre></th>
						
						<th><pre>pwm_simple_8bit</pre></th>
						
						<th><pre>simple_interrupt</pre></th>
						
					</tr>
					
					<tr>
						<td>
							<a href="#arduino%3aavr%3auno"><b>arduino:avr:uno</b></a>
							<br />
							<small>1.8.4</small>
						</td>

						
							<td>Yes</td>
							<td class="pass">PASS</td>
						
						
						
						

						
							
								
									
										
											<td class="pass">PASS</td>
											
										
									
										
									
										
									
										
									
										
									
								
							
								
							
								
							
								
							
								
							
						
							
								
									
										
									
										
											<td class="pass">PASS</td>
											
										
									
										
									
										
									
										
									
								
							
								
							
								
							
								
							
								
							
						
							
								
									
										
									
										
									
										
											<td class="pass">PASS</td>
											
										
									
										
									
										
									
								
							
								
							
								
							
								
							
								
							
						
							
								
									
										
									
										
									
										
									
										
											<td class="pass">PASS</td>
											
										
									
										
									
								
							
								
							
								
							
								
							
								
							
						
							
								
									
										
									
										
									
										
									
										
									
										
											<td class="pass">PASS</td>
											
										
									
								
							
								
							
								
							
								
							
								
							
						
					</tr>
					
					<tr>
						<td>
							<a href="#arduino%3ambed_nano%3ananorp2040connect"><b>arduino:mbed_nano:nanorp2040connect</b></a>
							<br />
							<small>2.7.2</small>
						</td>

						
						
						
						
							<td>No</td>
							<td class="fail">FAIL</td>
						

						
							
								
							
								
									
										
											
											<td class="fail">FAIL</td>
										
									
										
									
										
									
										
									
										
									
								
							
								
							
								
							
								
							
						
							
								
							
								
									
										
									
										
											
											<td class="fail">FAIL</td>
										
									
										
									
										
									
										
									
								
							
								
							
								
							
								
							
						
							
								
							
								
									
										
									
										
									
										
											
											<td class="fail">FAIL</td>
										
									
										
									
										
									
								
							
								
							
								
							
								
							
						
							
								
							
								
									
										
									
										
									
										
									
										
											
											<td class="fail">FAIL</td>
										
									
										
									
								
							
								
							
								
							
								
							
						
							
								
							
								
									
										
									
										
									
										
									
										
									
										
											
											<td class="fail">FAIL</td>
										
									
								
							
								
							
								
							
								
							
						
					</tr>
					
					<tr>
						<td>
							<a href="#arduino%3amegaavr%3anona4809"><b>arduino:megaavr:nona4809</b></a>
							<br />
							<small>1.8.7</small>
						</td>

						
						
						
						
							<td>No</td>
							<td class="fail">FAIL</td>
						

						
							
								
							
								
							
								
									
										
											
											<td class="fail">FAIL</td>
										
									
										
									
										
									
										
									
										
									
								
							
								
							
								
							
						
							
								
							
								
							
								
									
										
									
										
											
											<td class="fail">FAIL</td>
										
									
										
									
										
									
										
									
								
							
								
							
								
							
						
							
								
							
								
							
								
									
										
									
										
									
										
											
											<td class="fail">FAIL</td>
										
									
										
									
										
									
								
							
								
							
								
							
						
							
								
							
								
							
								
									
										
									
										
									
										
									
										
											
											<td class="fail">FAIL</td>
										
									
										
									
								
							
								
							
								
							
						
							
								
							
								
							
								
									
										
									
										
									
										
									
										
									
										
											
											<td class="fail">FAIL</td>
										
									
								
							
								
							
								
							
						
					</tr>
					
					<tr>
						<td>
							<a href="#arduino%3asamd%3amkrwifi1010"><b>arduino:samd:mkrwifi1010</b></a>
							<br />
							<small>1.8.12</small>
						</td>

						
						
						
						
							<td>No</td>
							<td class="fail">FAIL</td>
						

						
							
								
							
								
							
								
							
								
									
										
											
											<td class="fail">FAIL</td>
										
									
										
									
										
									
										
									
										
									
								
							
								
							
						
							
								
							
								
							
								
							
								
									
										
									
										
											
											<td class="fail">FAIL</td>
										
									
										
									
										
									
										
									
								
							
								
							
						
							
								
							
								
							
								
							
								
									
										
									
										
									
										
											
											<td class="fail">FAIL</td>
										
									
										
									
										
									
								
							
								
							
						
							
								
							
								
							
								
							
								
									
										
									
										
									
										
									
										
											
											<td class="fail">FAIL</td>
										
									
										
									
								
							
								
							
						
							
								
							
								
							
								
							
								
									
										
									
										
									
										
									
										
									
										
											
											<td class="fail">FAIL</td>
										
									
								
							
								
							
						
					</tr>
					
					<tr>
						<td>
							<a href="#esp32%3aesp32%3ad1_mini32"><b>esp32:esp32:d1_mini32</b></a>
							<br />
							<small>1.0.6</small>
						</td>

						
						
						
						
							<td>No</td>
							<td class="fail">FAIL</td>
						

						
							
								
							
								
							
								
							
								
							
								
									
										
											
											<td class="fail">FAIL</td>
										
									
										
									
										
									
										
									
										
									
								
							
						
							
								
							
								
							
								
							
								
							
								
									
										
									
										
											
											<td class="fail">FAIL</td>
										
									
										
									
										
									
										
									
								
							
						
							
								
							
								
							
								
							
								
							
								
									
										
									
										
									
										
											
											<td class="fail">FAIL</td>
										
									
										
									
										
									
								
							
						
							
								
							
								
							
								
							
								
							
								
									
										
									
										
									
										
									
										
											
											<td class="fail">FAIL</td>
										
									
										
									
								
							
						
							
								
							
								
							
								
							
								
							
								
									
										
									
										
									
										
									
										
									
										
											
											<td class="fail">FAIL</td>
										
									
								
							
						
					</tr>
					
				</table>

				<h2>Compilation logs</h2>
				
				<h3 id="arduino:avr:uno">arduino:avr:uno @ 1.8.4</h3>
				<h4>Inclusion</h4>
				<p>
					Result: <b>PASS</b>
					
				</p>
				<pre class="pre-scrollable">Sketch uses 444 bytes (1%) of program storage space. Maximum is 32256 bytes.
Global variables use 9 bytes (0%) of dynamic memory, leaving 2039 bytes for local variables. Maximum is 2048 bytes.
</pre>

					
					<h4>examples/meandr</h4>
					<p>
						Result: <b>PASS</b>
					</p>
					<pre class="pre-scrollable">Sketch uses 838 bytes (2%) of program storage space. Maximum is 32256 bytes.
Global variables use 9 bytes (0%) of dynamic memory, leaving 2039 bytes for local variables. Maximum is 2048 bytes.
</pre>
					
					<h4>examples/pwm_custom_freq</h4>
					<p>
						Result: <b>PASS</b>
					</p>
					<pre class="pre-scrollable">Sketch uses 1040 bytes (3%) of program storage space. Maximum is 32256 bytes.
Global variables use 9 bytes (0%) of dynamic memory, leaving 2039 bytes for local variables. Maximum is 2048 bytes.
</pre>
					
					<h4>examples/pwm_simple_10bit</h4>
					<p>
						Result: <b>PASS</b>
					</p>
					<pre class="pre-scrollable">Sketch uses 770 bytes (2%) of program storage space. Maximum is 32256 bytes.
Global variables use 9 bytes (0%) of dynamic memory, leaving 2039 bytes for local variables. Maximum is 2048 bytes.
</pre>
					
					<h4>examples/pwm_simple_8bit</h4>
					<p>
						Result: <b>PASS</b>
					</p>
					<pre class="pre-scrollable">Sketch uses 748 bytes (2%) of program storage space. Maximum is 32256 bytes.
Global variables use 9 bytes (0%) of dynamic memory, leaving 2039 bytes for local variables. Maximum is 2048 bytes.
</pre>
					
					<h4>examples/simple_interrupt</h4>
					<p>
						Result: <b>PASS</b>
					</p>
					<pre class="pre-scrollable">Sketch uses 2550 bytes (7%) of program storage space. Maximum is 32256 bytes.
Global variables use 210 bytes (10%) of dynamic memory, leaving 1838 bytes for local variables. Maximum is 2048 bytes.
</pre>
					
				
				<h3 id="arduino:mbed_nano:nanorp2040connect">arduino:mbed_nano:nanorp2040connect @ 2.7.2</h3>
				<h4>Inclusion</h4>
				<p>
					Result: <b>FAIL</b>
					
				</p>
				<pre class="pre-scrollable">WARNING: library directTimers claims to run on avr architecture(s) and may be incompatible with your current board which runs on mbed_nano architecture(s).
/home/ec2-user/arduino-testlib/cli-datadir/user/libraries/directTimers/src/directTimers.cpp: In function &#39;void TIMER0_setClock(byte)&#39;:
/home/ec2-user/arduino-testlib/cli-datadir/user/libraries/directTimers/src/directTimers.cpp:16:9: error: &#39;TCCR0B&#39; was not declared in this scope
         TCCR0B &amp;= ~((1 &lt;&lt; CS02) | (1 &lt;&lt; CS01) | (1 &lt;&lt; CS00));
         ^~~~~~
/home/ec2-user/arduino-testlib/cli-datadir/user/libraries/directTimers/src/directTimers.cpp:16:27: error: &#39;CS02&#39; was not declared in this scope
         TCCR0B &amp;= ~((1 &lt;&lt; CS02) | (1 &lt;&lt; CS01) | (1 &lt;&lt; CS00));
                           ^~~~
/home/ec2-user/arduino-testlib/cli-datadir/user/libraries/directTimers/src/directTimers.cpp:16:41: error: &#39;CS01&#39; was not declared in this scope
         TCCR0B &amp;= ~((1 &lt;&lt; CS02) | (1 &lt;&lt; CS01) | (1 &lt;&lt; CS00));
                                         ^~~~
/home/ec2-user/arduino-testlib/cli-datadir/user/libraries/directTimers/src/directTimers.cpp:16:41: note: suggested alternative: &#39;B101&#39;
         TCCR0B &amp;= ~((1 &lt;&lt; CS02) | (1 &lt;&lt; CS01) | (1 &lt;&lt; CS00));
                                         ^~~~
                                         B101
/home/ec2-user/arduino-testlib/cli-datadir/user/libraries/directTimers/src/directTimers.cpp:16:55: error: &#39;CS00&#39; was not declared in this scope
         TCCR0B &amp;= ~((1 &lt;&lt; CS02) | (1 &lt;&lt; CS01) | (1 &lt;&lt; CS00));
                                                       ^~~~
/home/ec2-user/arduino-testlib/cli-datadir/user/libraries/directTimers/src/directTimers.cpp:16:55: note: suggested alternative: &#39;B100&#39;
         TCCR0B &amp;= ~((1 &lt;&lt; CS02) | (1 &lt;&lt; CS01) | (1 &lt;&lt; CS00));
                                                       ^~~~
                                                       B100
/home/ec2-user/arduino-testlib/cli-datadir/user/libraries/directTimers/src/directTimers.cpp: In function &#39;void TIMER0_setMode(byte)&#39;:
/home/ec2-user/arduino-testlib/cli-datadir/user/libraries/directTimers/src/directTimers.cpp:53:9: error: &#39;TCCR0B&#39; was not declared in this scope
         TCCR0B &amp;= ~ (1 &lt;&lt; WGM02); // top = 255
         ^~~~~~
/home/ec2-user/arduino-testlib/cli-datadir/user/libraries/directTimers/src/directTimers.cpp:53:27: error: &#39;WGM02&#39; was not declared in this scope
         TCCR0B &amp;= ~ (1 &lt;&lt; WGM02); // top = 255
                           ^~~~~
/home/ec2-user/arduino-testlib/cli-datadir/user/libraries/directTimers/src/directTimers.cpp:54:9: error: &#39;TCCR0A&#39; was not declared in this scope
         TCCR0A &amp;= ~((1 &lt;&lt; WGM01) | (1 &lt;&lt; WGM00)); // pwm &amp; correct disable
         ^~~~~~
/home/ec2-user/arduino-testlib/cli-datadir/user/libraries/directTimers/src/directTimers.cpp:54:27: error: &#39;WGM01&#39; was not declared in this scope
         TCCR0A &amp;= ~((1 &lt;&lt; WGM01) | (1 &lt;&lt; WGM00)); // pwm &amp; correct disable
                           ^~~~~
/home/ec2-user/arduino-testlib/cli-datadir/user/libraries/directTimers/src/directTimers.cpp:54:42: error: &#39;WGM00&#39; was not declared in this scope
         TCCR0A &amp;= ~((1 &lt;&lt; WGM01) | (1 &lt;&lt; WGM00)); // pwm &amp; correct disable
                                          ^~~~~
/home/ec2-user/arduino-testlib/cli-datadir/user/libraries/directTimers/src/directTimers.cpp: In function &#39;void TIMER0_COMPA_mode(byte)&#39;:
/home/ec2-user/arduino-testlib/cli-datadir/user/libraries/directTimers/src/directTimers.cpp:87:9: error: &#39;TCCR0A&#39; was not declared in this scope
         TCCR0A &amp;= ~ ((1 &lt;&lt; COM0A1) | (1 &lt;&lt; COM0A0));
         ^~~~~~
/home/ec2-user/arduino-testlib/cli-datadir/user/libraries/directTimers/src/directTimers.cpp:87:28: error: &#39;COM0A1&#39; was not declared in this scope
         TCCR0A &amp;= ~ ((1 &lt;&lt; COM0A1) | (1 &lt;&lt; COM0A0));
                            ^~~~~~
/home/ec2-user/arduino-testlib/cli-datadir/user/libraries/directTimers/src/directTimers.cpp:87:44: error: &#39;COM0A0&#39; was not declared in this scope
         TCCR0A &amp;= ~ ((1 &lt;&lt; COM0A1) | (1 &lt;&lt; COM0A0));
                                            ^~~~~~
/home/ec2-user/arduino-testlib/cli-datadir/user/libraries/directTimers/src/directTimers.cpp:92:9: error: &#39;TCCR0B&#39; was not declared in this scope
         TCCR0B &amp;=~(1&lt;&lt;FOC0A);
         ^~~~~~
/home/ec2-user/arduino-testlib/cli-datadir/user/libraries/directTimers/src/directTimers.cpp:92:23: error: &#39;FOC0A&#39; was not declared in this scope
         TCCR0B &amp;=~(1&lt;&lt;FOC0A);
                       ^~~~~
/home/ec2-user/arduino-testlib/cli-datadir/user/libraries/directTimers/src/directTimers.cpp: In function &#39;void TIMER0_COMPB_mode(byte)&#39;:
/home/ec2-user/arduino-testlib/cli-datadir/user/libraries/directTimers/src/directTimers.cpp:110:9: error: &#39;TCCR0A&#39; was not declared in this scope
         TCCR0A &amp;= ~ ((1 &lt;&lt; COM0B1) | (1 &lt;&lt; COM0B0));
         ^~~~~~
/home/ec2-user/arduino-testlib/cli-datadir/user/libraries/directTimers/src/directTimers.cpp:110:28: error: &#39;COM0B1&#39; was not declared in this scope
         TCCR0A &amp;= ~ ((1 &lt;&lt; COM0B1) | (1 &lt;&lt; COM0B0));
                            ^~~~~~
/home/ec2-user/arduino-testlib/cli-datadir/user/libraries/directTimers/src/directTimers.cpp:110:44: error: &#39;COM0B0&#39; was not declared in this scope
         TCCR0A &amp;= ~ ((1 &lt;&lt; COM0B1) | (1 &lt;&lt; COM0B0));
                                            ^~~~~~
/home/ec2-user/arduino-testlib/cli-datadir/user/libraries/directTimers/src/directTimers.cpp:115:9: error: &#39;TCCR0B&#39; was not declared in this scope
         TCCR0B &amp;=~(1&lt;&lt;FOC0B);
         ^~~~~~
/home/ec2-user/arduino-testlib/cli-datadir/user/libraries/directTimers/src/directTimers.cpp:115:23: error: &#39;FOC0B&#39; was not declared in this scope
         TCCR0B &amp;=~(1&lt;&lt;FOC0B);
                       ^~~~~
/home/ec2-user/arduino-testlib/cli-datadir/user/libraries/directTimers/src/directTimers.cpp: In function &#39;void TIMER0_attach_COMPA()&#39;:
/home/ec2-user/arduino-testlib/cli-datadir/user/libraries/directTimers/src/directTimers.cpp:132:5: error: &#39;TIMSK0&#39; was not declared in this scope
     TIMSK0 |= (1 &lt;&lt; OCIE0A); // подкл прерывание
     ^~~~~~
/home/ec2-user/arduino-testlib/cli-datadir/user/libraries/directTimers/src/directTimers.cpp:132:5: note: suggested alternative: &#39;TIMER&#39;
     TIMSK0 |= (1 &lt;&lt; OCIE0A); // подкл прерывание
     ^~~~~~
     TIMER
/home/ec2-user/arduino-testlib/cli-datadir/user/libraries/directTimers/src/directTimers.cpp:132:21: error: &#39;OCIE0A&#39; was not declared in this scope
     TIMSK0 |= (1 &lt;&lt; OCIE0A); // подкл прерывание
                     ^~~~~~
/home/ec2-user/arduino-testlib/cli-datadir/user/libraries/directTimers/src/directTimers.cpp: In function &#39;void TIMER0_attach_COMPB()&#39;:
/home/ec2-user/arduino-testlib/cli-datadir/user/libraries/directTimers/src/directTimers.cpp:136:5: error: &#39;TIMSK0&#39; was not declared in this scope
     TIMSK0 |= (1 &lt;&lt; OCIE0B);
     ^~~~~~
/home/ec2-user/arduino-testlib/cli-datadir/user/libraries/directTimers/src/directTimers.cpp:136:5: note: suggested alternative: &#39;TIMER&#39;
     TIMSK0 |= (1 &lt;&lt; OCIE0B);
     ^~~~~~
     TIMER
/home/ec2-user/arduino-testlib/cli-datadir/user/libraries/directTimers/src/directTimers.cpp:136:21: error: &#39;OCIE0B&#39; was not declared in this scope
     TIMSK0 |= (1 &lt;&lt; OCIE0B);
                     ^~~~~~
/home/ec2-user/arduino-testlib/cli-datadir/user/libraries/directTimers/src/directTimers.cpp: In function &#39;void TIMER0_detach_COMPA()&#39;:
/home/ec2-user/arduino-testlib/cli-datadir/user/libraries/directTimers/src/directTimers.cpp:140:5: error: &#39;TIMSK0&#39; was not declared in this scope
     TIMSK0 &amp;=~ (1 &lt;&lt; OCIE0A); // выкл прерывание
     ^~~~~~
/home/ec2-user/arduino-testlib/cli-datadir/user/libraries/directTimers/src/directTimers.cpp:140:5: note: suggested alternative: &#39;TIMER&#39;
     TIMSK0 &amp;=~ (1 &lt;&lt; OCIE0A); // выкл прерывание
     ^~~~~~
     TIMER
/home/ec2-user/arduino-testlib/cli-datadir/user/libraries/directTimers/src/directTimers.cpp:140:22: error: &#39;OCIE0A&#39; was not declared in this scope
     TIMSK0 &amp;=~ (1 &lt;&lt; OCIE0A); // выкл прерывание
                      ^~~~~~
/home/ec2-user/arduino-testlib/cli-datadir/user/libraries/directTimers/src/directTimers.cpp: In function &#39;void TIMER0_detach_COMPB()&#39;:
/home/ec2-user/arduino-testlib/cli-datadir/user/libraries/directTimers/src/directTimers.cpp:144:5: error: &#39;TIMSK0&#39; was not declared in this scope
     TIMSK0 &amp;=~  (1 &lt;&lt; OCIE0B); // выкл прерывание
     ^~~~~~
/home/ec2-user/arduino-testlib/cli-datadir/user/libraries/directTimers/src/directTimers.cpp:144:5: note: suggested alternative: &#39;TIMER&#39;
     TIMSK0 &amp;=~  (1 &lt;&lt; OCIE0B); // выкл прерывание
     ^~~~~~
     TIMER
/home/ec2-user/arduino-testlib/cli-datadir/user/libraries/directTimers/src/directTimers.cpp:144:23: error: &#39;OCIE0B&#39; was not declared in this scope
     TIMSK0 &amp;=~  (1 &lt;&lt; OCIE0B); // выкл прерывание
                       ^~~~~~
/home/ec2-user/arduino-testlib/cli-datadir/user/libraries/directTimers/src/directTimers.cpp: In function &#39;byte TIMER0_getCounter()&#39;:
/home/ec2-user/arduino-testlib/cli-datadir/user/libraries/directTimers/src/directTimers.cpp:151:12: error: &#39;TCNT0&#39; was not declared in this scope
     return TCNT0;
            ^~~~~
/home/ec2-user/arduino-testlib/cli-datadir/user/libraries/directTimers/src/directTimers.cpp: In function &#39;void TIMER0_setCounter(byte)&#39;:
/home/ec2-user/arduino-testlib/cli-datadir/user/libraries/directTimers/src/directTimers.cpp:155:5: error: &#39;cli&#39; was not declared in this scope
     cli(); // запретить прерывания
     ^~~
/home/ec2-user/arduino-testlib/cli-datadir/user/libraries/directTimers/src/directTimers.cpp:156:5: error: &#39;TCNT0&#39; was not declared in this scope
     TCNT0 = value;
     ^~~~~
/home/ec2-user/arduino-testlib/cli-datadir/user/libraries/directTimers/src/directTimers.cpp:157:5: error: &#39;sei&#39; was not declared in this scope
     sei(); // разрешить прерывания
     ^~~
/home/ec2-user/arduino-testlib/cli-datadir/user/libraries/directTimers/src/directTimers.cpp: In function &#39;void TIMER0_COMPA_setValue(byte)&#39;:
/home/ec2-user/arduino-testlib/cli-datadir/user/libraries/directTimers/src/directTimers.cpp:164:5: error: &#39;cli&#39; wa</pre>

					
					<h4>examples/meandr</h4>
					<p>
						Result: <b>FAIL</b>
					</p>
					<pre class="pre-scrollable">WARNING: library directTimers claims to run on avr architecture(s) and may be incompatible with your current board which runs on mbed_nano architecture(s).
/home/ec2-user/arduino-testlib/cli-datadir/user/libraries/directTimers/src/directTimers.cpp: In function &#39;void TIMER0_setClock(byte)&#39;:
/home/ec2-user/arduino-testlib/cli-datadir/user/libraries/directTimers/src/directTimers.cpp:16:9: error: &#39;TCCR0B&#39; was not declared in this scope
         TCCR0B &amp;= ~((1 &lt;&lt; CS02) | (1 &lt;&lt; CS01) | (1 &lt;&lt; CS00));
         ^~~~~~
/home/ec2-user/arduino-testlib/cli-datadir/user/libraries/directTimers/src/directTimers.cpp:16:27: error: &#39;CS02&#39; was not declared in this scope
         TCCR0B &amp;= ~((1 &lt;&lt; CS02) | (1 &lt;&lt; CS01) | (1 &lt;&lt; CS00));
                           ^~~~
/home/ec2-user/arduino-testlib/cli-datadir/user/libraries/directTimers/src/directTimers.cpp:16:41: error: &#39;CS01&#39; was not declared in this scope
         TCCR0B &amp;= ~((1 &lt;&lt; CS02) | (1 &lt;&lt; CS01) | (1 &lt;&lt; CS00));
                                         ^~~~
/home/ec2-user/arduino-testlib/cli-datadir/user/libraries/directTimers/src/directTimers.cpp:16:41: note: suggested alternative: &#39;B101&#39;
         TCCR0B &amp;= ~((1 &lt;&lt; CS02) | (1 &lt;&lt; CS01) | (1 &lt;&lt; CS00));
                                         ^~~~
                                         B101
/home/ec2-user/arduino-testlib/cli-datadir/user/libraries/directTimers/src/directTimers.cpp:16:55: error: &#39;CS00&#39; was not declared in this scope
         TCCR0B &amp;= ~((1 &lt;&lt; CS02) | (1 &lt;&lt; CS01) | (1 &lt;&lt; CS00));
                                                       ^~~~
/home/ec2-user/arduino-testlib/cli-datadir/user/libraries/directTimers/src/directTimers.cpp:16:55: note: suggested alternative: &#39;B100&#39;
         TCCR0B &amp;= ~((1 &lt;&lt; CS02) | (1 &lt;&lt; CS01) | (1 &lt;&lt; CS00));
                                                       ^~~~
                                                       B100
/home/ec2-user/arduino-testlib/cli-datadir/user/libraries/directTimers/src/directTimers.cpp: In function &#39;void TIMER0_setMode(byte)&#39;:
/home/ec2-user/arduino-testlib/cli-datadir/user/libraries/directTimers/src/directTimers.cpp:53:9: error: &#39;TCCR0B&#39; was not declared in this scope
         TCCR0B &amp;= ~ (1 &lt;&lt; WGM02); // top = 255
         ^~~~~~
/home/ec2-user/arduino-testlib/cli-datadir/user/libraries/directTimers/src/directTimers.cpp:53:27: error: &#39;WGM02&#39; was not declared in this scope
         TCCR0B &amp;= ~ (1 &lt;&lt; WGM02); // top = 255
                           ^~~~~
/home/ec2-user/arduino-testlib/cli-datadir/user/libraries/directTimers/src/directTimers.cpp:54:9: error: &#39;TCCR0A&#39; was not declared in this scope
         TCCR0A &amp;= ~((1 &lt;&lt; WGM01) | (1 &lt;&lt; WGM00)); // pwm &amp; correct disable
         ^~~~~~
/home/ec2-user/arduino-testlib/cli-datadir/user/libraries/directTimers/src/directTimers.cpp:54:27: error: &#39;WGM01&#39; was not declared in this scope
         TCCR0A &amp;= ~((1 &lt;&lt; WGM01) | (1 &lt;&lt; WGM00)); // pwm &amp; correct disable
                           ^~~~~
/home/ec2-user/arduino-testlib/cli-datadir/user/libraries/directTimers/src/directTimers.cpp:54:42: error: &#39;WGM00&#39; was not declared in this scope
         TCCR0A &amp;= ~((1 &lt;&lt; WGM01) | (1 &lt;&lt; WGM00)); // pwm &amp; correct disable
                                          ^~~~~
/home/ec2-user/arduino-testlib/cli-datadir/user/libraries/directTimers/src/directTimers.cpp: In function &#39;void TIMER0_COMPA_mode(byte)&#39;:
/home/ec2-user/arduino-testlib/cli-datadir/user/libraries/directTimers/src/directTimers.cpp:87:9: error: &#39;TCCR0A&#39; was not declared in this scope
         TCCR0A &amp;= ~ ((1 &lt;&lt; COM0A1) | (1 &lt;&lt; COM0A0));
         ^~~~~~
/home/ec2-user/arduino-testlib/cli-datadir/user/libraries/directTimers/src/directTimers.cpp:87:28: error: &#39;COM0A1&#39; was not declared in this scope
         TCCR0A &amp;= ~ ((1 &lt;&lt; COM0A1) | (1 &lt;&lt; COM0A0));
                            ^~~~~~
/home/ec2-user/arduino-testlib/cli-datadir/user/libraries/directTimers/src/directTimers.cpp:87:44: error: &#39;COM0A0&#39; was not declared in this scope
         TCCR0A &amp;= ~ ((1 &lt;&lt; COM0A1) | (1 &lt;&lt; COM0A0));
                                            ^~~~~~
/home/ec2-user/arduino-testlib/cli-datadir/user/libraries/directTimers/src/directTimers.cpp:92:9: error: &#39;TCCR0B&#39; was not declared in this scope
         TCCR0B &amp;=~(1&lt;&lt;FOC0A);
         ^~~~~~
/home/ec2-user/arduino-testlib/cli-datadir/user/libraries/directTimers/src/directTimers.cpp:92:23: error: &#39;FOC0A&#39; was not declared in this scope
         TCCR0B &amp;=~(1&lt;&lt;FOC0A);
                       ^~~~~
/home/ec2-user/arduino-testlib/cli-datadir/user/libraries/directTimers/src/directTimers.cpp: In function &#39;void TIMER0_COMPB_mode(byte)&#39;:
/home/ec2-user/arduino-testlib/cli-datadir/user/libraries/directTimers/src/directTimers.cpp:110:9: error: &#39;TCCR0A&#39; was not declared in this scope
         TCCR0A &amp;= ~ ((1 &lt;&lt; COM0B1) | (1 &lt;&lt; COM0B0));
         ^~~~~~
/home/ec2-user/arduino-testlib/cli-datadir/user/libraries/directTimers/src/directTimers.cpp:110:28: error: &#39;COM0B1&#39; was not declared in this scope
         TCCR0A &amp;= ~ ((1 &lt;&lt; COM0B1) | (1 &lt;&lt; COM0B0));
                            ^~~~~~
/home/ec2-user/arduino-testlib/cli-datadir/user/libraries/directTimers/src/directTimers.cpp:110:44: error: &#39;COM0B0&#39; was not declared in this scope
         TCCR0A &amp;= ~ ((1 &lt;&lt; COM0B1) | (1 &lt;&lt; COM0B0));
                                            ^~~~~~
/home/ec2-user/arduino-testlib/cli-datadir/user/libraries/directTimers/src/directTimers.cpp:115:9: error: &#39;TCCR0B&#39; was not declared in this scope
         TCCR0B &amp;=~(1&lt;&lt;FOC0B);
         ^~~~~~
/home/ec2-user/arduino-testlib/cli-datadir/user/libraries/directTimers/src/directTimers.cpp:115:23: error: &#39;FOC0B&#39; was not declared in this scope
         TCCR0B &amp;=~(1&lt;&lt;FOC0B);
                       ^~~~~
/home/ec2-user/arduino-testlib/cli-datadir/user/libraries/directTimers/src/directTimers.cpp: In function &#39;void TIMER0_attach_COMPA()&#39;:
/home/ec2-user/arduino-testlib/cli-datadir/user/libraries/directTimers/src/directTimers.cpp:132:5: error: &#39;TIMSK0&#39; was not declared in this scope
     TIMSK0 |= (1 &lt;&lt; OCIE0A); // подкл прерывание
     ^~~~~~
/home/ec2-user/arduino-testlib/cli-datadir/user/libraries/directTimers/src/directTimers.cpp:132:5: note: suggested alternative: &#39;TIMER&#39;
     TIMSK0 |= (1 &lt;&lt; OCIE0A); // подкл прерывание
     ^~~~~~
     TIMER
/home/ec2-user/arduino-testlib/cli-datadir/user/libraries/directTimers/src/directTimers.cpp:132:21: error: &#39;OCIE0A&#39; was not declared in this scope
     TIMSK0 |= (1 &lt;&lt; OCIE0A); // подкл прерывание
                     ^~~~~~
/home/ec2-user/arduino-testlib/cli-datadir/user/libraries/directTimers/src/directTimers.cpp: In function &#39;void TIMER0_attach_COMPB()&#39;:
/home/ec2-user/arduino-testlib/cli-datadir/user/libraries/directTimers/src/directTimers.cpp:136:5: error: &#39;TIMSK0&#39; was not declared in this scope
     TIMSK0 |= (1 &lt;&lt; OCIE0B);
     ^~~~~~
/home/ec2-user/arduino-testlib/cli-datadir/user/libraries/directTimers/src/directTimers.cpp:136:5: note: suggested alternative: &#39;TIMER&#39;
     TIMSK0 |= (1 &lt;&lt; OCIE0B);
     ^~~~~~
     TIMER
/home/ec2-user/arduino-testlib/cli-datadir/user/libraries/directTimers/src/directTimers.cpp:136:21: error: &#39;OCIE0B&#39; was not declared in this scope
     TIMSK0 |= (1 &lt;&lt; OCIE0B);
                     ^~~~~~
/home/ec2-user/arduino-testlib/cli-datadir/user/libraries/directTimers/src/directTimers.cpp: In function &#39;void TIMER0_detach_COMPA()&#39;:
/home/ec2-user/arduino-testlib/cli-datadir/user/libraries/directTimers/src/directTimers.cpp:140:5: error: &#39;TIMSK0&#39; was not declared in this scope
     TIMSK0 &amp;=~ (1 &lt;&lt; OCIE0A); // выкл прерывание
     ^~~~~~
/home/ec2-user/arduino-testlib/cli-datadir/user/libraries/directTimers/src/directTimers.cpp:140:5: note: suggested alternative: &#39;TIMER&#39;
     TIMSK0 &amp;=~ (1 &lt;&lt; OCIE0A); // выкл прерывание
     ^~~~~~
     TIMER
/home/ec2-user/arduino-testlib/cli-datadir/user/libraries/directTimers/src/directTimers.cpp:140:22: error: &#39;OCIE0A&#39; was not declared in this scope
     TIMSK0 &amp;=~ (1 &lt;&lt; OCIE0A); // выкл прерывание
                      ^~~~~~
/home/ec2-user/arduino-testlib/cli-datadir/user/libraries/directTimers/src/directTimers.cpp: In function &#39;void TIMER0_detach_COMPB()&#39;:
/home/ec2-user/arduino-testlib/cli-datadir/user/libraries/directTimers/src/directTimers.cpp:144:5: error: &#39;TIMSK0&#39; was not declared in this scope
     TIMSK0 &amp;=~  (1 &lt;&lt; OCIE0B); // выкл прерывание
     ^~~~~~
/home/ec2-user/arduino-testlib/cli-datadir/user/libraries/directTimers/src/directTimers.cpp:144:5: note: suggested alternative: &#39;TIMER&#39;
     TIMSK0 &amp;=~  (1 &lt;&lt; OCIE0B); // выкл прерывание
     ^~~~~~
     TIMER
/home/ec2-user/arduino-testlib/cli-datadir/user/libraries/directTimers/src/directTimers.cpp:144:23: error: &#39;OCIE0B&#39; was not declared in this scope
     TIMSK0 &amp;=~  (1 &lt;&lt; OCIE0B); // выкл прерывание
                       ^~~~~~
/home/ec2-user/arduino-testlib/cli-datadir/user/libraries/directTimers/src/directTimers.cpp: In function &#39;byte TIMER0_getCounter()&#39;:
/home/ec2-user/arduino-testlib/cli-datadir/user/libraries/directTimers/src/directTimers.cpp:151:12: error: &#39;TCNT0&#39; was not declared in this scope
     return TCNT0;
            ^~~~~
/home/ec2-user/arduino-testlib/cli-datadir/user/libraries/directTimers/src/directTimers.cpp: In function &#39;void TIMER0_setCounter(byte)&#39;:
/home/ec2-user/arduino-testlib/cli-datadir/user/libraries/directTimers/src/directTimers.cpp:155:5: error: &#39;cli&#39; was not declared in this scope
     cli(); // запретить прерывания
     ^~~
/home/ec2-user/arduino-testlib/cli-datadir/user/libraries/directTimers/src/directTimers.cpp:156:5: error: &#39;TCNT0&#39; was not declared in this scope
     TCNT0 = value;
     ^~~~~
/home/ec2-user/arduino-testlib/cli-datadir/user/libraries/directTimers/src/directTimers.cpp:157:5: error: &#39;sei&#39; was not declared in this scope
     sei(); // разрешить прерывания
     ^~~
/home/ec2-user/arduino-testlib/cli-datadir/user/libraries/directTimers/src/directTimers.cpp: In function &#39;void TIMER0_COMPA_setValue(byte)&#39;:
/home/ec2-user/arduino-testlib/cli-datadir/user/libraries/directTimers/src/directTimers.cpp:164:5: error: &#39;cli&#39; wa</pre>
					
					<h4>examples/pwm_custom_freq</h4>
					<p>
						Result: <b>FAIL</b>
					</p>
					<pre class="pre-scrollable">WARNING: library directTimers claims to run on avr architecture(s) and may be incompatible with your current board which runs on mbed_nano architecture(s).
/home/ec2-user/arduino-testlib/cli-datadir/user/libraries/directTimers/src/directTimers.cpp: In function &#39;void TIMER0_setClock(byte)&#39;:
/home/ec2-user/arduino-testlib/cli-datadir/user/libraries/directTimers/src/directTimers.cpp:16:9: error: &#39;TCCR0B&#39; was not declared in this scope
         TCCR0B &amp;= ~((1 &lt;&lt; CS02) | (1 &lt;&lt; CS01) | (1 &lt;&lt; CS00));
         ^~~~~~
/home/ec2-user/arduino-testlib/cli-datadir/user/libraries/directTimers/src/directTimers.cpp:16:27: error: &#39;CS02&#39; was not declared in this scope
         TCCR0B &amp;= ~((1 &lt;&lt; CS02) | (1 &lt;&lt; CS01) | (1 &lt;&lt; CS00));
                           ^~~~
/home/ec2-user/arduino-testlib/cli-datadir/user/libraries/directTimers/src/directTimers.cpp:16:41: error: &#39;CS01&#39; was not declared in this scope
         TCCR0B &amp;= ~((1 &lt;&lt; CS02) | (1 &lt;&lt; CS01) | (1 &lt;&lt; CS00));
                                         ^~~~
/home/ec2-user/arduino-testlib/cli-datadir/user/libraries/directTimers/src/directTimers.cpp:16:41: note: suggested alternative: &#39;B101&#39;
         TCCR0B &amp;= ~((1 &lt;&lt; CS02) | (1 &lt;&lt; CS01) | (1 &lt;&lt; CS00));
                                         ^~~~
                                         B101
/home/ec2-user/arduino-testlib/cli-datadir/user/libraries/directTimers/src/directTimers.cpp:16:55: error: &#39;CS00&#39; was not declared in this scope
         TCCR0B &amp;= ~((1 &lt;&lt; CS02) | (1 &lt;&lt; CS01) | (1 &lt;&lt; CS00));
                                                       ^~~~
/home/ec2-user/arduino-testlib/cli-datadir/user/libraries/directTimers/src/directTimers.cpp:16:55: note: suggested alternative: &#39;B100&#39;
         TCCR0B &amp;= ~((1 &lt;&lt; CS02) | (1 &lt;&lt; CS01) | (1 &lt;&lt; CS00));
                                                       ^~~~
                                                       B100
/home/ec2-user/arduino-testlib/cli-datadir/user/libraries/directTimers/src/directTimers.cpp: In function &#39;void TIMER0_setMode(byte)&#39;:
/home/ec2-user/arduino-testlib/cli-datadir/user/libraries/directTimers/src/directTimers.cpp:53:9: error: &#39;TCCR0B&#39; was not declared in this scope
         TCCR0B &amp;= ~ (1 &lt;&lt; WGM02); // top = 255
         ^~~~~~
/home/ec2-user/arduino-testlib/cli-datadir/user/libraries/directTimers/src/directTimers.cpp:53:27: error: &#39;WGM02&#39; was not declared in this scope
         TCCR0B &amp;= ~ (1 &lt;&lt; WGM02); // top = 255
                           ^~~~~
/home/ec2-user/arduino-testlib/cli-datadir/user/libraries/directTimers/src/directTimers.cpp:54:9: error: &#39;TCCR0A&#39; was not declared in this scope
         TCCR0A &amp;= ~((1 &lt;&lt; WGM01) | (1 &lt;&lt; WGM00)); // pwm &amp; correct disable
         ^~~~~~
/home/ec2-user/arduino-testlib/cli-datadir/user/libraries/directTimers/src/directTimers.cpp:54:27: error: &#39;WGM01&#39; was not declared in this scope
         TCCR0A &amp;= ~((1 &lt;&lt; WGM01) | (1 &lt;&lt; WGM00)); // pwm &amp; correct disable
                           ^~~~~
/home/ec2-user/arduino-testlib/cli-datadir/user/libraries/directTimers/src/directTimers.cpp:54:42: error: &#39;WGM00&#39; was not declared in this scope
         TCCR0A &amp;= ~((1 &lt;&lt; WGM01) | (1 &lt;&lt; WGM00)); // pwm &amp; correct disable
                                          ^~~~~
/home/ec2-user/arduino-testlib/cli-datadir/user/libraries/directTimers/src/directTimers.cpp: In function &#39;void TIMER0_COMPA_mode(byte)&#39;:
/home/ec2-user/arduino-testlib/cli-datadir/user/libraries/directTimers/src/directTimers.cpp:87:9: error: &#39;TCCR0A&#39; was not declared in this scope
         TCCR0A &amp;= ~ ((1 &lt;&lt; COM0A1) | (1 &lt;&lt; COM0A0));
         ^~~~~~
/home/ec2-user/arduino-testlib/cli-datadir/user/libraries/directTimers/src/directTimers.cpp:87:28: error: &#39;COM0A1&#39; was not declared in this scope
         TCCR0A &amp;= ~ ((1 &lt;&lt; COM0A1) | (1 &lt;&lt; COM0A0));
                            ^~~~~~
/home/ec2-user/arduino-testlib/cli-datadir/user/libraries/directTimers/src/directTimers.cpp:87:44: error: &#39;COM0A0&#39; was not declared in this scope
         TCCR0A &amp;= ~ ((1 &lt;&lt; COM0A1) | (1 &lt;&lt; COM0A0));
                                            ^~~~~~
/home/ec2-user/arduino-testlib/cli-datadir/user/libraries/directTimers/src/directTimers.cpp:92:9: error: &#39;TCCR0B&#39; was not declared in this scope
         TCCR0B &amp;=~(1&lt;&lt;FOC0A);
         ^~~~~~
/home/ec2-user/arduino-testlib/cli-datadir/user/libraries/directTimers/src/directTimers.cpp:92:23: error: &#39;FOC0A&#39; was not declared in this scope
         TCCR0B &amp;=~(1&lt;&lt;FOC0A);
                       ^~~~~
/home/ec2-user/arduino-testlib/cli-datadir/user/libraries/directTimers/src/directTimers.cpp: In function &#39;void TIMER0_COMPB_mode(byte)&#39;:
/home/ec2-user/arduino-testlib/cli-datadir/user/libraries/directTimers/src/directTimers.cpp:110:9: error: &#39;TCCR0A&#39; was not declared in this scope
         TCCR0A &amp;= ~ ((1 &lt;&lt; COM0B1) | (1 &lt;&lt; COM0B0));
         ^~~~~~
/home/ec2-user/arduino-testlib/cli-datadir/user/libraries/directTimers/src/directTimers.cpp:110:28: error: &#39;COM0B1&#39; was not declared in this scope
         TCCR0A &amp;= ~ ((1 &lt;&lt; COM0B1) | (1 &lt;&lt; COM0B0));
                            ^~~~~~
/home/ec2-user/arduino-testlib/cli-datadir/user/libraries/directTimers/src/directTimers.cpp:110:44: error: &#39;COM0B0&#39; was not declared in this scope
         TCCR0A &amp;= ~ ((1 &lt;&lt; COM0B1) | (1 &lt;&lt; COM0B0));
                                            ^~~~~~
/home/ec2-user/arduino-testlib/cli-datadir/user/libraries/directTimers/src/directTimers.cpp:115:9: error: &#39;TCCR0B&#39; was not declared in this scope
         TCCR0B &amp;=~(1&lt;&lt;FOC0B);
         ^~~~~~
/home/ec2-user/arduino-testlib/cli-datadir/user/libraries/directTimers/src/directTimers.cpp:115:23: error: &#39;FOC0B&#39; was not declared in this scope
         TCCR0B &amp;=~(1&lt;&lt;FOC0B);
                       ^~~~~
/home/ec2-user/arduino-testlib/cli-datadir/user/libraries/directTimers/src/directTimers.cpp: In function &#39;void TIMER0_attach_COMPA()&#39;:
/home/ec2-user/arduino-testlib/cli-datadir/user/libraries/directTimers/src/directTimers.cpp:132:5: error: &#39;TIMSK0&#39; was not declared in this scope
     TIMSK0 |= (1 &lt;&lt; OCIE0A); // подкл прерывание
     ^~~~~~
/home/ec2-user/arduino-testlib/cli-datadir/user/libraries/directTimers/src/directTimers.cpp:132:5: note: suggested alternative: &#39;TIMER&#39;
     TIMSK0 |= (1 &lt;&lt; OCIE0A); // подкл прерывание
     ^~~~~~
     TIMER
/home/ec2-user/arduino-testlib/cli-datadir/user/libraries/directTimers/src/directTimers.cpp:132:21: error: &#39;OCIE0A&#39; was not declared in this scope
     TIMSK0 |= (1 &lt;&lt; OCIE0A); // подкл прерывание
                     ^~~~~~
/home/ec2-user/arduino-testlib/cli-datadir/user/libraries/directTimers/src/directTimers.cpp: In function &#39;void TIMER0_attach_COMPB()&#39;:
/home/ec2-user/arduino-testlib/cli-datadir/user/libraries/directTimers/src/directTimers.cpp:136:5: error: &#39;TIMSK0&#39; was not declared in this scope
     TIMSK0 |= (1 &lt;&lt; OCIE0B);
     ^~~~~~
/home/ec2-user/arduino-testlib/cli-datadir/user/libraries/directTimers/src/directTimers.cpp:136:5: note: suggested alternative: &#39;TIMER&#39;
     TIMSK0 |= (1 &lt;&lt; OCIE0B);
     ^~~~~~
     TIMER
/home/ec2-user/arduino-testlib/cli-datadir/user/libraries/directTimers/src/directTimers.cpp:136:21: error: &#39;OCIE0B&#39; was not declared in this scope
     TIMSK0 |= (1 &lt;&lt; OCIE0B);
                     ^~~~~~
/home/ec2-user/arduino-testlib/cli-datadir/user/libraries/directTimers/src/directTimers.cpp: In function &#39;void TIMER0_detach_COMPA()&#39;:
/home/ec2-user/arduino-testlib/cli-datadir/user/libraries/directTimers/src/directTimers.cpp:140:5: error: &#39;TIMSK0&#39; was not declared in this scope
     TIMSK0 &amp;=~ (1 &lt;&lt; OCIE0A); // выкл прерывание
     ^~~~~~
/home/ec2-user/arduino-testlib/cli-datadir/user/libraries/directTimers/src/directTimers.cpp:140:5: note: suggested alternative: &#39;TIMER&#39;
     TIMSK0 &amp;=~ (1 &lt;&lt; OCIE0A); // выкл прерывание
     ^~~~~~
     TIMER
/home/ec2-user/arduino-testlib/cli-datadir/user/libraries/directTimers/src/directTimers.cpp:140:22: error: &#39;OCIE0A&#39; was not declared in this scope
     TIMSK0 &amp;=~ (1 &lt;&lt; OCIE0A); // выкл прерывание
                      ^~~~~~
/home/ec2-user/arduino-testlib/cli-datadir/user/libraries/directTimers/src/directTimers.cpp: In function &#39;void TIMER0_detach_COMPB()&#39;:
/home/ec2-user/arduino-testlib/cli-datadir/user/libraries/directTimers/src/directTimers.cpp:144:5: error: &#39;TIMSK0&#39; was not declared in this scope
     TIMSK0 &amp;=~  (1 &lt;&lt; OCIE0B); // выкл прерывание
     ^~~~~~
/home/ec2-user/arduino-testlib/cli-datadir/user/libraries/directTimers/src/directTimers.cpp:144:5: note: suggested alternative: &#39;TIMER&#39;
     TIMSK0 &amp;=~  (1 &lt;&lt; OCIE0B); // выкл прерывание
     ^~~~~~
     TIMER
/home/ec2-user/arduino-testlib/cli-datadir/user/libraries/directTimers/src/directTimers.cpp:144:23: error: &#39;OCIE0B&#39; was not declared in this scope
     TIMSK0 &amp;=~  (1 &lt;&lt; OCIE0B); // выкл прерывание
                       ^~~~~~
/home/ec2-user/arduino-testlib/cli-datadir/user/libraries/directTimers/src/directTimers.cpp: In function &#39;byte TIMER0_getCounter()&#39;:
/home/ec2-user/arduino-testlib/cli-datadir/user/libraries/directTimers/src/directTimers.cpp:151:12: error: &#39;TCNT0&#39; was not declared in this scope
     return TCNT0;
            ^~~~~
/home/ec2-user/arduino-testlib/cli-datadir/user/libraries/directTimers/src/directTimers.cpp: In function &#39;void TIMER0_setCounter(byte)&#39;:
/home/ec2-user/arduino-testlib/cli-datadir/user/libraries/directTimers/src/directTimers.cpp:155:5: error: &#39;cli&#39; was not declared in this scope
     cli(); // запретить прерывания
     ^~~
/home/ec2-user/arduino-testlib/cli-datadir/user/libraries/directTimers/src/directTimers.cpp:156:5: error: &#39;TCNT0&#39; was not declared in this scope
     TCNT0 = value;
     ^~~~~
/home/ec2-user/arduino-testlib/cli-datadir/user/libraries/directTimers/src/directTimers.cpp:157:5: error: &#39;sei&#39; was not declared in this scope
     sei(); // разрешить прерывания
     ^~~
/home/ec2-user/arduino-testlib/cli-datadir/user/libraries/directTimers/src/directTimers.cpp: In function &#39;void TIMER0_COMPA_setValue(byte)&#39;:
/home/ec2-user/arduino-testlib/cli-datadir/user/libraries/directTimers/src/directTimers.cpp:164:5: error: &#39;cli&#39; wa</pre>
					
					<h4>examples/pwm_simple_10bit</h4>
					<p>
						Result: <b>FAIL</b>
					</p>
					<pre class="pre-scrollable">WARNING: library directTimers claims to run on avr architecture(s) and may be incompatible with your current board which runs on mbed_nano architecture(s).
/home/ec2-user/arduino-testlib/cli-datadir/user/libraries/directTimers/src/directTimers.cpp: In function &#39;void TIMER0_setClock(byte)&#39;:
/home/ec2-user/arduino-testlib/cli-datadir/user/libraries/directTimers/src/directTimers.cpp:16:9: error: &#39;TCCR0B&#39; was not declared in this scope
         TCCR0B &amp;= ~((1 &lt;&lt; CS02) | (1 &lt;&lt; CS01) | (1 &lt;&lt; CS00));
         ^~~~~~
/home/ec2-user/arduino-testlib/cli-datadir/user/libraries/directTimers/src/directTimers.cpp:16:27: error: &#39;CS02&#39; was not declared in this scope
         TCCR0B &amp;= ~((1 &lt;&lt; CS02) | (1 &lt;&lt; CS01) | (1 &lt;&lt; CS00));
                           ^~~~
/home/ec2-user/arduino-testlib/cli-datadir/user/libraries/directTimers/src/directTimers.cpp:16:41: error: &#39;CS01&#39; was not declared in this scope
         TCCR0B &amp;= ~((1 &lt;&lt; CS02) | (1 &lt;&lt; CS01) | (1 &lt;&lt; CS00));
                                         ^~~~
/home/ec2-user/arduino-testlib/cli-datadir/user/libraries/directTimers/src/directTimers.cpp:16:41: note: suggested alternative: &#39;B101&#39;
         TCCR0B &amp;= ~((1 &lt;&lt; CS02) | (1 &lt;&lt; CS01) | (1 &lt;&lt; CS00));
                                         ^~~~
                                         B101
/home/ec2-user/arduino-testlib/cli-datadir/user/libraries/directTimers/src/directTimers.cpp:16:55: error: &#39;CS00&#39; was not declared in this scope
         TCCR0B &amp;= ~((1 &lt;&lt; CS02) | (1 &lt;&lt; CS01) | (1 &lt;&lt; CS00));
                                                       ^~~~
/home/ec2-user/arduino-testlib/cli-datadir/user/libraries/directTimers/src/directTimers.cpp:16:55: note: suggested alternative: &#39;B100&#39;
         TCCR0B &amp;= ~((1 &lt;&lt; CS02) | (1 &lt;&lt; CS01) | (1 &lt;&lt; CS00));
                                                       ^~~~
                                                       B100
/home/ec2-user/arduino-testlib/cli-datadir/user/libraries/directTimers/src/directTimers.cpp: In function &#39;void TIMER0_setMode(byte)&#39;:
/home/ec2-user/arduino-testlib/cli-datadir/user/libraries/directTimers/src/directTimers.cpp:53:9: error: &#39;TCCR0B&#39; was not declared in this scope
         TCCR0B &amp;= ~ (1 &lt;&lt; WGM02); // top = 255
         ^~~~~~
/home/ec2-user/arduino-testlib/cli-datadir/user/libraries/directTimers/src/directTimers.cpp:53:27: error: &#39;WGM02&#39; was not declared in this scope
         TCCR0B &amp;= ~ (1 &lt;&lt; WGM02); // top = 255
                           ^~~~~
/home/ec2-user/arduino-testlib/cli-datadir/user/libraries/directTimers/src/directTimers.cpp:54:9: error: &#39;TCCR0A&#39; was not declared in this scope
         TCCR0A &amp;= ~((1 &lt;&lt; WGM01) | (1 &lt;&lt; WGM00)); // pwm &amp; correct disable
         ^~~~~~
/home/ec2-user/arduino-testlib/cli-datadir/user/libraries/directTimers/src/directTimers.cpp:54:27: error: &#39;WGM01&#39; was not declared in this scope
         TCCR0A &amp;= ~((1 &lt;&lt; WGM01) | (1 &lt;&lt; WGM00)); // pwm &amp; correct disable
                           ^~~~~
/home/ec2-user/arduino-testlib/cli-datadir/user/libraries/directTimers/src/directTimers.cpp:54:42: error: &#39;WGM00&#39; was not declared in this scope
         TCCR0A &amp;= ~((1 &lt;&lt; WGM01) | (1 &lt;&lt; WGM00)); // pwm &amp; correct disable
                                          ^~~~~
/home/ec2-user/arduino-testlib/cli-datadir/user/libraries/directTimers/src/directTimers.cpp: In function &#39;void TIMER0_COMPA_mode(byte)&#39;:
/home/ec2-user/arduino-testlib/cli-datadir/user/libraries/directTimers/src/directTimers.cpp:87:9: error: &#39;TCCR0A&#39; was not declared in this scope
         TCCR0A &amp;= ~ ((1 &lt;&lt; COM0A1) | (1 &lt;&lt; COM0A0));
         ^~~~~~
/home/ec2-user/arduino-testlib/cli-datadir/user/libraries/directTimers/src/directTimers.cpp:87:28: error: &#39;COM0A1&#39; was not declared in this scope
         TCCR0A &amp;= ~ ((1 &lt;&lt; COM0A1) | (1 &lt;&lt; COM0A0));
                            ^~~~~~
/home/ec2-user/arduino-testlib/cli-datadir/user/libraries/directTimers/src/directTimers.cpp:87:44: error: &#39;COM0A0&#39; was not declared in this scope
         TCCR0A &amp;= ~ ((1 &lt;&lt; COM0A1) | (1 &lt;&lt; COM0A0));
                                            ^~~~~~
/home/ec2-user/arduino-testlib/cli-datadir/user/libraries/directTimers/src/directTimers.cpp:92:9: error: &#39;TCCR0B&#39; was not declared in this scope
         TCCR0B &amp;=~(1&lt;&lt;FOC0A);
         ^~~~~~
/home/ec2-user/arduino-testlib/cli-datadir/user/libraries/directTimers/src/directTimers.cpp:92:23: error: &#39;FOC0A&#39; was not declared in this scope
         TCCR0B &amp;=~(1&lt;&lt;FOC0A);
                       ^~~~~
/home/ec2-user/arduino-testlib/cli-datadir/user/libraries/directTimers/src/directTimers.cpp: In function &#39;void TIMER0_COMPB_mode(byte)&#39;:
/home/ec2-user/arduino-testlib/cli-datadir/user/libraries/directTimers/src/directTimers.cpp:110:9: error: &#39;TCCR0A&#39; was not declared in this scope
         TCCR0A &amp;= ~ ((1 &lt;&lt; COM0B1) | (1 &lt;&lt; COM0B0));
         ^~~~~~
/home/ec2-user/arduino-testlib/cli-datadir/user/libraries/directTimers/src/directTimers.cpp:110:28: error: &#39;COM0B1&#39; was not declared in this scope
         TCCR0A &amp;= ~ ((1 &lt;&lt; COM0B1) | (1 &lt;&lt; COM0B0));
                            ^~~~~~
/home/ec2-user/arduino-testlib/cli-datadir/user/libraries/directTimers/src/directTimers.cpp:110:44: error: &#39;COM0B0&#39; was not declared in this scope
         TCCR0A &amp;= ~ ((1 &lt;&lt; COM0B1) | (1 &lt;&lt; COM0B0));
                                            ^~~~~~
/home/ec2-user/arduino-testlib/cli-datadir/user/libraries/directTimers/src/directTimers.cpp:115:9: error: &#39;TCCR0B&#39; was not declared in this scope
         TCCR0B &amp;=~(1&lt;&lt;FOC0B);
         ^~~~~~
/home/ec2-user/arduino-testlib/cli-datadir/user/libraries/directTimers/src/directTimers.cpp:115:23: error: &#39;FOC0B&#39; was not declared in this scope
         TCCR0B &amp;=~(1&lt;&lt;FOC0B);
                       ^~~~~
/home/ec2-user/arduino-testlib/cli-datadir/user/libraries/directTimers/src/directTimers.cpp: In function &#39;void TIMER0_attach_COMPA()&#39;:
/home/ec2-user/arduino-testlib/cli-datadir/user/libraries/directTimers/src/directTimers.cpp:132:5: error: &#39;TIMSK0&#39; was not declared in this scope
     TIMSK0 |= (1 &lt;&lt; OCIE0A); // подкл прерывание
     ^~~~~~
/home/ec2-user/arduino-testlib/cli-datadir/user/libraries/directTimers/src/directTimers.cpp:132:5: note: suggested alternative: &#39;TIMER&#39;
     TIMSK0 |= (1 &lt;&lt; OCIE0A); // подкл прерывание
     ^~~~~~
     TIMER
/home/ec2-user/arduino-testlib/cli-datadir/user/libraries/directTimers/src/directTimers.cpp:132:21: error: &#39;OCIE0A&#39; was not declared in this scope
     TIMSK0 |= (1 &lt;&lt; OCIE0A); // подкл прерывание
                     ^~~~~~
/home/ec2-user/arduino-testlib/cli-datadir/user/libraries/directTimers/src/directTimers.cpp: In function &#39;void TIMER0_attach_COMPB()&#39;:
/home/ec2-user/arduino-testlib/cli-datadir/user/libraries/directTimers/src/directTimers.cpp:136:5: error: &#39;TIMSK0&#39; was not declared in this scope
     TIMSK0 |= (1 &lt;&lt; OCIE0B);
     ^~~~~~
/home/ec2-user/arduino-testlib/cli-datadir/user/libraries/directTimers/src/directTimers.cpp:136:5: note: suggested alternative: &#39;TIMER&#39;
     TIMSK0 |= (1 &lt;&lt; OCIE0B);
     ^~~~~~
     TIMER
/home/ec2-user/arduino-testlib/cli-datadir/user/libraries/directTimers/src/directTimers.cpp:136:21: error: &#39;OCIE0B&#39; was not declared in this scope
     TIMSK0 |= (1 &lt;&lt; OCIE0B);
                     ^~~~~~
/home/ec2-user/arduino-testlib/cli-datadir/user/libraries/directTimers/src/directTimers.cpp: In function &#39;void TIMER0_detach_COMPA()&#39;:
/home/ec2-user/arduino-testlib/cli-datadir/user/libraries/directTimers/src/directTimers.cpp:140:5: error: &#39;TIMSK0&#39; was not declared in this scope
     TIMSK0 &amp;=~ (1 &lt;&lt; OCIE0A); // выкл прерывание
     ^~~~~~
/home/ec2-user/arduino-testlib/cli-datadir/user/libraries/directTimers/src/directTimers.cpp:140:5: note: suggested alternative: &#39;TIMER&#39;
     TIMSK0 &amp;=~ (1 &lt;&lt; OCIE0A); // выкл прерывание
     ^~~~~~
     TIMER
/home/ec2-user/arduino-testlib/cli-datadir/user/libraries/directTimers/src/directTimers.cpp:140:22: error: &#39;OCIE0A&#39; was not declared in this scope
     TIMSK0 &amp;=~ (1 &lt;&lt; OCIE0A); // выкл прерывание
                      ^~~~~~
/home/ec2-user/arduino-testlib/cli-datadir/user/libraries/directTimers/src/directTimers.cpp: In function &#39;void TIMER0_detach_COMPB()&#39;:
/home/ec2-user/arduino-testlib/cli-datadir/user/libraries/directTimers/src/directTimers.cpp:144:5: error: &#39;TIMSK0&#39; was not declared in this scope
     TIMSK0 &amp;=~  (1 &lt;&lt; OCIE0B); // выкл прерывание
     ^~~~~~
/home/ec2-user/arduino-testlib/cli-datadir/user/libraries/directTimers/src/directTimers.cpp:144:5: note: suggested alternative: &#39;TIMER&#39;
     TIMSK0 &amp;=~  (1 &lt;&lt; OCIE0B); // выкл прерывание
     ^~~~~~
     TIMER
/home/ec2-user/arduino-testlib/cli-datadir/user/libraries/directTimers/src/directTimers.cpp:144:23: error: &#39;OCIE0B&#39; was not declared in this scope
     TIMSK0 &amp;=~  (1 &lt;&lt; OCIE0B); // выкл прерывание
                       ^~~~~~
/home/ec2-user/arduino-testlib/cli-datadir/user/libraries/directTimers/src/directTimers.cpp: In function &#39;byte TIMER0_getCounter()&#39;:
/home/ec2-user/arduino-testlib/cli-datadir/user/libraries/directTimers/src/directTimers.cpp:151:12: error: &#39;TCNT0&#39; was not declared in this scope
     return TCNT0;
            ^~~~~
/home/ec2-user/arduino-testlib/cli-datadir/user/libraries/directTimers/src/directTimers.cpp: In function &#39;void TIMER0_setCounter(byte)&#39;:
/home/ec2-user/arduino-testlib/cli-datadir/user/libraries/directTimers/src/directTimers.cpp:155:5: error: &#39;cli&#39; was not declared in this scope
     cli(); // запретить прерывания
     ^~~
/home/ec2-user/arduino-testlib/cli-datadir/user/libraries/directTimers/src/directTimers.cpp:156:5: error: &#39;TCNT0&#39; was not declared in this scope
     TCNT0 = value;
     ^~~~~
/home/ec2-user/arduino-testlib/cli-datadir/user/libraries/directTimers/src/directTimers.cpp:157:5: error: &#39;sei&#39; was not declared in this scope
     sei(); // разрешить прерывания
     ^~~
/home/ec2-user/arduino-testlib/cli-datadir/user/libraries/directTimers/src/directTimers.cpp: In function &#39;void TIMER0_COMPA_setValue(byte)&#39;:
/home/ec2-user/arduino-testlib/cli-datadir/user/libraries/directTimers/src/directTimers.cpp:164:5: error: &#39;cli&#39; wa</pre>
					
					<h4>examples/pwm_simple_8bit</h4>
					<p>
						Result: <b>FAIL</b>
					</p>
					<pre class="pre-scrollable">WARNING: library directTimers claims to run on avr architecture(s) and may be incompatible with your current board which runs on mbed_nano architecture(s).
/home/ec2-user/arduino-testlib/cli-datadir/user/libraries/directTimers/src/directTimers.cpp: In function &#39;void TIMER0_setClock(byte)&#39;:
/home/ec2-user/arduino-testlib/cli-datadir/user/libraries/directTimers/src/directTimers.cpp:16:9: error: &#39;TCCR0B&#39; was not declared in this scope
         TCCR0B &amp;= ~((1 &lt;&lt; CS02) | (1 &lt;&lt; CS01) | (1 &lt;&lt; CS00));
         ^~~~~~
/home/ec2-user/arduino-testlib/cli-datadir/user/libraries/directTimers/src/directTimers.cpp:16:27: error: &#39;CS02&#39; was not declared in this scope
         TCCR0B &amp;= ~((1 &lt;&lt; CS02) | (1 &lt;&lt; CS01) | (1 &lt;&lt; CS00));
                           ^~~~
/home/ec2-user/arduino-testlib/cli-datadir/user/libraries/directTimers/src/directTimers.cpp:16:41: error: &#39;CS01&#39; was not declared in this scope
         TCCR0B &amp;= ~((1 &lt;&lt; CS02) | (1 &lt;&lt; CS01) | (1 &lt;&lt; CS00));
                                         ^~~~
/home/ec2-user/arduino-testlib/cli-datadir/user/libraries/directTimers/src/directTimers.cpp:16:41: note: suggested alternative: &#39;B101&#39;
         TCCR0B &amp;= ~((1 &lt;&lt; CS02) | (1 &lt;&lt; CS01) | (1 &lt;&lt; CS00));
                                         ^~~~
                                         B101
/home/ec2-user/arduino-testlib/cli-datadir/user/libraries/directTimers/src/directTimers.cpp:16:55: error: &#39;CS00&#39; was not declared in this scope
         TCCR0B &amp;= ~((1 &lt;&lt; CS02) | (1 &lt;&lt; CS01) | (1 &lt;&lt; CS00));
                                                       ^~~~
/home/ec2-user/arduino-testlib/cli-datadir/user/libraries/directTimers/src/directTimers.cpp:16:55: note: suggested alternative: &#39;B100&#39;
         TCCR0B &amp;= ~((1 &lt;&lt; CS02) | (1 &lt;&lt; CS01) | (1 &lt;&lt; CS00));
                                                       ^~~~
                                                       B100
/home/ec2-user/arduino-testlib/cli-datadir/user/libraries/directTimers/src/directTimers.cpp: In function &#39;void TIMER0_setMode(byte)&#39;:
/home/ec2-user/arduino-testlib/cli-datadir/user/libraries/directTimers/src/directTimers.cpp:53:9: error: &#39;TCCR0B&#39; was not declared in this scope
         TCCR0B &amp;= ~ (1 &lt;&lt; WGM02); // top = 255
         ^~~~~~
/home/ec2-user/arduino-testlib/cli-datadir/user/libraries/directTimers/src/directTimers.cpp:53:27: error: &#39;WGM02&#39; was not declared in this scope
         TCCR0B &amp;= ~ (1 &lt;&lt; WGM02); // top = 255
                           ^~~~~
/home/ec2-user/arduino-testlib/cli-datadir/user/libraries/directTimers/src/directTimers.cpp:54:9: error: &#39;TCCR0A&#39; was not declared in this scope
         TCCR0A &amp;= ~((1 &lt;&lt; WGM01) | (1 &lt;&lt; WGM00)); // pwm &amp; correct disable
         ^~~~~~
/home/ec2-user/arduino-testlib/cli-datadir/user/libraries/directTimers/src/directTimers.cpp:54:27: error: &#39;WGM01&#39; was not declared in this scope
         TCCR0A &amp;= ~((1 &lt;&lt; WGM01) | (1 &lt;&lt; WGM00)); // pwm &amp; correct disable
                           ^~~~~
/home/ec2-user/arduino-testlib/cli-datadir/user/libraries/directTimers/src/directTimers.cpp:54:42: error: &#39;WGM00&#39; was not declared in this scope
         TCCR0A &amp;= ~((1 &lt;&lt; WGM01) | (1 &lt;&lt; WGM00)); // pwm &amp; correct disable
                                          ^~~~~
/home/ec2-user/arduino-testlib/cli-datadir/user/libraries/directTimers/src/directTimers.cpp: In function &#39;void TIMER0_COMPA_mode(byte)&#39;:
/home/ec2-user/arduino-testlib/cli-datadir/user/libraries/directTimers/src/directTimers.cpp:87:9: error: &#39;TCCR0A&#39; was not declared in this scope
         TCCR0A &amp;= ~ ((1 &lt;&lt; COM0A1) | (1 &lt;&lt; COM0A0));
         ^~~~~~
/home/ec2-user/arduino-testlib/cli-datadir/user/libraries/directTimers/src/directTimers.cpp:87:28: error: &#39;COM0A1&#39; was not declared in this scope
         TCCR0A &amp;= ~ ((1 &lt;&lt; COM0A1) | (1 &lt;&lt; COM0A0));
                            ^~~~~~
/home/ec2-user/arduino-testlib/cli-datadir/user/libraries/directTimers/src/directTimers.cpp:87:44: error: &#39;COM0A0&#39; was not declared in this scope
         TCCR0A &amp;= ~ ((1 &lt;&lt; COM0A1) | (1 &lt;&lt; COM0A0));
                                            ^~~~~~
/home/ec2-user/arduino-testlib/cli-datadir/user/libraries/directTimers/src/directTimers.cpp:92:9: error: &#39;TCCR0B&#39; was not declared in this scope
         TCCR0B &amp;=~(1&lt;&lt;FOC0A);
         ^~~~~~
/home/ec2-user/arduino-testlib/cli-datadir/user/libraries/directTimers/src/directTimers.cpp:92:23: error: &#39;FOC0A&#39; was not declared in this scope
         TCCR0B &amp;=~(1&lt;&lt;FOC0A);
                       ^~~~~
/home/ec2-user/arduino-testlib/cli-datadir/user/libraries/directTimers/src/directTimers.cpp: In function &#39;void TIMER0_COMPB_mode(byte)&#39;:
/home/ec2-user/arduino-testlib/cli-datadir/user/libraries/directTimers/src/directTimers.cpp:110:9: error: &#39;TCCR0A&#39; was not declared in this scope
         TCCR0A &amp;= ~ ((1 &lt;&lt; COM0B1) | (1 &lt;&lt; COM0B0));
         ^~~~~~
/home/ec2-user/arduino-testlib/cli-datadir/user/libraries/directTimers/src/directTimers.cpp:110:28: error: &#39;COM0B1&#39; was not declared in this scope
         TCCR0A &amp;= ~ ((1 &lt;&lt; COM0B1) | (1 &lt;&lt; COM0B0));
                            ^~~~~~
/home/ec2-user/arduino-testlib/cli-datadir/user/libraries/directTimers/src/directTimers.cpp:110:44: error: &#39;COM0B0&#39; was not declared in this scope
         TCCR0A &amp;= ~ ((1 &lt;&lt; COM0B1) | (1 &lt;&lt; COM0B0));
                                            ^~~~~~
/home/ec2-user/arduino-testlib/cli-datadir/user/libraries/directTimers/src/directTimers.cpp:115:9: error: &#39;TCCR0B&#39; was not declared in this scope
         TCCR0B &amp;=~(1&lt;&lt;FOC0B);
         ^~~~~~
/home/ec2-user/arduino-testlib/cli-datadir/user/libraries/directTimers/src/directTimers.cpp:115:23: error: &#39;FOC0B&#39; was not declared in this scope
         TCCR0B &amp;=~(1&lt;&lt;FOC0B);
                       ^~~~~
/home/ec2-user/arduino-testlib/cli-datadir/user/libraries/directTimers/src/directTimers.cpp: In function &#39;void TIMER0_attach_COMPA()&#39;:
/home/ec2-user/arduino-testlib/cli-datadir/user/libraries/directTimers/src/directTimers.cpp:132:5: error: &#39;TIMSK0&#39; was not declared in this scope
     TIMSK0 |= (1 &lt;&lt; OCIE0A); // подкл прерывание
     ^~~~~~
/home/ec2-user/arduino-testlib/cli-datadir/user/libraries/directTimers/src/directTimers.cpp:132:5: note: suggested alternative: &#39;TIMER&#39;
     TIMSK0 |= (1 &lt;&lt; OCIE0A); // подкл прерывание
     ^~~~~~
     TIMER
/home/ec2-user/arduino-testlib/cli-datadir/user/libraries/directTimers/src/directTimers.cpp:132:21: error: &#39;OCIE0A&#39; was not declared in this scope
     TIMSK0 |= (1 &lt;&lt; OCIE0A); // подкл прерывание
                     ^~~~~~
/home/ec2-user/arduino-testlib/cli-datadir/user/libraries/directTimers/src/directTimers.cpp: In function &#39;void TIMER0_attach_COMPB()&#39;:
/home/ec2-user/arduino-testlib/cli-datadir/user/libraries/directTimers/src/directTimers.cpp:136:5: error: &#39;TIMSK0&#39; was not declared in this scope
     TIMSK0 |= (1 &lt;&lt; OCIE0B);
     ^~~~~~
/home/ec2-user/arduino-testlib/cli-datadir/user/libraries/directTimers/src/directTimers.cpp:136:5: note: suggested alternative: &#39;TIMER&#39;
     TIMSK0 |= (1 &lt;&lt; OCIE0B);
     ^~~~~~
     TIMER
/home/ec2-user/arduino-testlib/cli-datadir/user/libraries/directTimers/src/directTimers.cpp:136:21: error: &#39;OCIE0B&#39; was not declared in this scope
     TIMSK0 |= (1 &lt;&lt; OCIE0B);
                     ^~~~~~
/home/ec2-user/arduino-testlib/cli-datadir/user/libraries/directTimers/src/directTimers.cpp: In function &#39;void TIMER0_detach_COMPA()&#39;:
/home/ec2-user/arduino-testlib/cli-datadir/user/libraries/directTimers/src/directTimers.cpp:140:5: error: &#39;TIMSK0&#39; was not declared in this scope
     TIMSK0 &amp;=~ (1 &lt;&lt; OCIE0A); // выкл прерывание
     ^~~~~~
/home/ec2-user/arduino-testlib/cli-datadir/user/libraries/directTimers/src/directTimers.cpp:140:5: note: suggested alternative: &#39;TIMER&#39;
     TIMSK0 &amp;=~ (1 &lt;&lt; OCIE0A); // выкл прерывание
     ^~~~~~
     TIMER
/home/ec2-user/arduino-testlib/cli-datadir/user/libraries/directTimers/src/directTimers.cpp:140:22: error: &#39;OCIE0A&#39; was not declared in this scope
     TIMSK0 &amp;=~ (1 &lt;&lt; OCIE0A); // выкл прерывание
                      ^~~~~~
/home/ec2-user/arduino-testlib/cli-datadir/user/libraries/directTimers/src/directTimers.cpp: In function &#39;void TIMER0_detach_COMPB()&#39;:
/home/ec2-user/arduino-testlib/cli-datadir/user/libraries/directTimers/src/directTimers.cpp:144:5: error: &#39;TIMSK0&#39; was not declared in this scope
     TIMSK0 &amp;=~  (1 &lt;&lt; OCIE0B); // выкл прерывание
     ^~~~~~
/home/ec2-user/arduino-testlib/cli-datadir/user/libraries/directTimers/src/directTimers.cpp:144:5: note: suggested alternative: &#39;TIMER&#39;
     TIMSK0 &amp;=~  (1 &lt;&lt; OCIE0B); // выкл прерывание
     ^~~~~~
     TIMER
/home/ec2-user/arduino-testlib/cli-datadir/user/libraries/directTimers/src/directTimers.cpp:144:23: error: &#39;OCIE0B&#39; was not declared in this scope
     TIMSK0 &amp;=~  (1 &lt;&lt; OCIE0B); // выкл прерывание
                       ^~~~~~
/home/ec2-user/arduino-testlib/cli-datadir/user/libraries/directTimers/src/directTimers.cpp: In function &#39;byte TIMER0_getCounter()&#39;:
/home/ec2-user/arduino-testlib/cli-datadir/user/libraries/directTimers/src/directTimers.cpp:151:12: error: &#39;TCNT0&#39; was not declared in this scope
     return TCNT0;
            ^~~~~
/home/ec2-user/arduino-testlib/cli-datadir/user/libraries/directTimers/src/directTimers.cpp: In function &#39;void TIMER0_setCounter(byte)&#39;:
/home/ec2-user/arduino-testlib/cli-datadir/user/libraries/directTimers/src/directTimers.cpp:155:5: error: &#39;cli&#39; was not declared in this scope
     cli(); // запретить прерывания
     ^~~
/home/ec2-user/arduino-testlib/cli-datadir/user/libraries/directTimers/src/directTimers.cpp:156:5: error: &#39;TCNT0&#39; was not declared in this scope
     TCNT0 = value;
     ^~~~~
/home/ec2-user/arduino-testlib/cli-datadir/user/libraries/directTimers/src/directTimers.cpp:157:5: error: &#39;sei&#39; was not declared in this scope
     sei(); // разрешить прерывания
     ^~~
/home/ec2-user/arduino-testlib/cli-datadir/user/libraries/directTimers/src/directTimers.cpp: In function &#39;void TIMER0_COMPA_setValue(byte)&#39;:
/home/ec2-user/arduino-testlib/cli-datadir/user/libraries/directTimers/src/directTimers.cpp:164:5: error: &#39;cli&#39; wa</pre>
					
					<h4>examples/simple_interrupt</h4>
					<p>
						Result: <b>FAIL</b>
					</p>
					<pre class="pre-scrollable">WARNING: library directTimers claims to run on avr architecture(s) and may be incompatible with your current board which runs on mbed_nano architecture(s).
/home/ec2-user/arduino-testlib/cli-datadir/user/libraries/directTimers/examples/simple_interrupt/simple_interrupt.ino:31:5: error: expected constructor, destructor, or type conversion before &#39;(&#39; token
 ISR_T2_COMPA {
     ^
/home/ec2-user/arduino-testlib/cli-datadir/user/libraries/directTimers/examples/simple_interrupt/simple_interrupt.ino:35:5: error: expected constructor, destructor, or type conversion before &#39;(&#39; token
 ISR_WDT {
     ^
/home/ec2-user/arduino-testlib/cli-datadir/user/libraries/directTimers/examples/simple_interrupt/simple_interrupt.ino:39:5: error: expected constructor, destructor, or type conversion before &#39;(&#39; token
 ISR_T1_COMPA { // прерывание мигания светодиодом
     ^
In file included from /home/ec2-user/arduino-testlib/cli-datadir/user/libraries/directTimers/examples/simple_interrupt/simple_interrupt.ino:1:0:
/home/ec2-user/arduino-testlib/cli-datadir/user/libraries/directTimers/src/directTimers.h:60:25: error: expected constructor, destructor, or type conversion before &#39;(&#39; token
 #define ISR_T2_COMPA ISR(TIMER2_COMPA_vect)
                         ^
/home/ec2-user/arduino-testlib/cli-datadir/user/libraries/directTimers/examples/simple_interrupt/simple_interrupt.ino:31:1: note: in expansion of macro &#39;ISR_T2_COMPA&#39;
 ISR_T2_COMPA {
 ^~~~~~~~~~~~
/home/ec2-user/arduino-testlib/cli-datadir/user/libraries/directTimers/src/directTimers.h:62:22: error: expected constructor, destructor, or type conversion before &#39;(&#39; token
 #define ISR_WDT   ISR(WDT_vect)
                      ^
/home/ec2-user/arduino-testlib/cli-datadir/user/libraries/directTimers/examples/simple_interrupt/simple_interrupt.ino:35:1: note: in expansion of macro &#39;ISR_WDT&#39;
 ISR_WDT {
 ^~~~~~~
/home/ec2-user/arduino-testlib/cli-datadir/user/libraries/directTimers/src/directTimers.h:57:25: error: expected constructor, destructor, or type conversion before &#39;(&#39; token
 #define ISR_T1_COMPA ISR(TIMER1_COMPA_vect)
                         ^
/home/ec2-user/arduino-testlib/cli-datadir/user/libraries/directTimers/examples/simple_interrupt/simple_interrupt.ino:39:1: note: in expansion of macro &#39;ISR_T1_COMPA&#39;
 ISR_T1_COMPA { // прерывание мигания светодиодом
 ^~~~~~~~~~~~

</pre>
					
				
				<h3 id="arduino:megaavr:nona4809">arduino:megaavr:nona4809 @ 1.8.7</h3>
				<h4>Inclusion</h4>
				<p>
					Result: <b>FAIL</b>
					
				</p>
				<pre class="pre-scrollable">WARNING: library directTimers claims to run on avr architecture(s) and may be incompatible with your current board which runs on megaavr architecture(s).
/home/ec2-user/arduino-testlib/cli-datadir/user/libraries/directTimers/src/directTimers.cpp: In function &#39;void TIMER0_setClock(byte)&#39;:
/home/ec2-user/arduino-testlib/cli-datadir/user/libraries/directTimers/src/directTimers.cpp:16:9: error: &#39;TCCR0B&#39; was not declared in this scope
         TCCR0B &amp;= ~((1 &lt;&lt; CS02) | (1 &lt;&lt; CS01) | (1 &lt;&lt; CS00));
         ^~~~~~
/home/ec2-user/arduino-testlib/cli-datadir/user/libraries/directTimers/src/directTimers.cpp:16:9: note: suggested alternative: &#39;TCA0&#39;
         TCCR0B &amp;= ~((1 &lt;&lt; CS02) | (1 &lt;&lt; CS01) | (1 &lt;&lt; CS00));
         ^~~~~~
         TCA0
/home/ec2-user/arduino-testlib/cli-datadir/user/libraries/directTimers/src/directTimers.cpp:16:27: error: &#39;CS02&#39; was not declared in this scope
         TCCR0B &amp;= ~((1 &lt;&lt; CS02) | (1 &lt;&lt; CS01) | (1 &lt;&lt; CS00));
                           ^~~~
/home/ec2-user/arduino-testlib/cli-datadir/user/libraries/directTimers/src/directTimers.cpp:16:41: error: &#39;CS01&#39; was not declared in this scope
         TCCR0B &amp;= ~((1 &lt;&lt; CS02) | (1 &lt;&lt; CS01) | (1 &lt;&lt; CS00));
                                         ^~~~
/home/ec2-user/arduino-testlib/cli-datadir/user/libraries/directTimers/src/directTimers.cpp:16:41: note: suggested alternative: &#39;B101&#39;
         TCCR0B &amp;= ~((1 &lt;&lt; CS02) | (1 &lt;&lt; CS01) | (1 &lt;&lt; CS00));
                                         ^~~~
                                         B101
/home/ec2-user/arduino-testlib/cli-datadir/user/libraries/directTimers/src/directTimers.cpp:16:55: error: &#39;CS00&#39; was not declared in this scope
         TCCR0B &amp;= ~((1 &lt;&lt; CS02) | (1 &lt;&lt; CS01) | (1 &lt;&lt; CS00));
                                                       ^~~~
/home/ec2-user/arduino-testlib/cli-datadir/user/libraries/directTimers/src/directTimers.cpp:16:55: note: suggested alternative: &#39;B100&#39;
         TCCR0B &amp;= ~((1 &lt;&lt; CS02) | (1 &lt;&lt; CS01) | (1 &lt;&lt; CS00));
                                                       ^~~~
                                                       B100
/home/ec2-user/arduino-testlib/cli-datadir/user/libraries/directTimers/src/directTimers.cpp: In function &#39;void TIMER0_setMode(byte)&#39;:
/home/ec2-user/arduino-testlib/cli-datadir/user/libraries/directTimers/src/directTimers.cpp:53:9: error: &#39;TCCR0B&#39; was not declared in this scope
         TCCR0B &amp;= ~ (1 &lt;&lt; WGM02); // top = 255
         ^~~~~~
/home/ec2-user/arduino-testlib/cli-datadir/user/libraries/directTimers/src/directTimers.cpp:53:9: note: suggested alternative: &#39;TCA0&#39;
         TCCR0B &amp;= ~ (1 &lt;&lt; WGM02); // top = 255
         ^~~~~~
         TCA0
/home/ec2-user/arduino-testlib/cli-datadir/user/libraries/directTimers/src/directTimers.cpp:53:27: error: &#39;WGM02&#39; was not declared in this scope
         TCCR0B &amp;= ~ (1 &lt;&lt; WGM02); // top = 255
                           ^~~~~
/home/ec2-user/arduino-testlib/cli-datadir/user/libraries/directTimers/src/directTimers.cpp:54:9: error: &#39;TCCR0A&#39; was not declared in this scope
         TCCR0A &amp;= ~((1 &lt;&lt; WGM01) | (1 &lt;&lt; WGM00)); // pwm &amp; correct disable
         ^~~~~~
/home/ec2-user/arduino-testlib/cli-datadir/user/libraries/directTimers/src/directTimers.cpp:54:9: note: suggested alternative: &#39;TCA0&#39;
         TCCR0A &amp;= ~((1 &lt;&lt; WGM01) | (1 &lt;&lt; WGM00)); // pwm &amp; correct disable
         ^~~~~~
         TCA0
/home/ec2-user/arduino-testlib/cli-datadir/user/libraries/directTimers/src/directTimers.cpp:54:27: error: &#39;WGM01&#39; was not declared in this scope
         TCCR0A &amp;= ~((1 &lt;&lt; WGM01) | (1 &lt;&lt; WGM00)); // pwm &amp; correct disable
                           ^~~~~
/home/ec2-user/arduino-testlib/cli-datadir/user/libraries/directTimers/src/directTimers.cpp:54:42: error: &#39;WGM00&#39; was not declared in this scope
         TCCR0A &amp;= ~((1 &lt;&lt; WGM01) | (1 &lt;&lt; WGM00)); // pwm &amp; correct disable
                                          ^~~~~
/home/ec2-user/arduino-testlib/cli-datadir/user/libraries/directTimers/src/directTimers.cpp: In function &#39;void TIMER0_COMPA_mode(byte)&#39;:
/home/ec2-user/arduino-testlib/cli-datadir/user/libraries/directTimers/src/directTimers.cpp:87:9: error: &#39;TCCR0A&#39; was not declared in this scope
         TCCR0A &amp;= ~ ((1 &lt;&lt; COM0A1) | (1 &lt;&lt; COM0A0));
         ^~~~~~
/home/ec2-user/arduino-testlib/cli-datadir/user/libraries/directTimers/src/directTimers.cpp:87:9: note: suggested alternative: &#39;TCA0&#39;
         TCCR0A &amp;= ~ ((1 &lt;&lt; COM0A1) | (1 &lt;&lt; COM0A0));
         ^~~~~~
         TCA0
/home/ec2-user/arduino-testlib/cli-datadir/user/libraries/directTimers/src/directTimers.cpp:87:28: error: &#39;COM0A1&#39; was not declared in this scope
         TCCR0A &amp;= ~ ((1 &lt;&lt; COM0A1) | (1 &lt;&lt; COM0A0));
                            ^~~~~~
/home/ec2-user/arduino-testlib/cli-datadir/user/libraries/directTimers/src/directTimers.cpp:87:44: error: &#39;COM0A0&#39; was not declared in this scope
         TCCR0A &amp;= ~ ((1 &lt;&lt; COM0A1) | (1 &lt;&lt; COM0A0));
                                            ^~~~~~
/home/ec2-user/arduino-testlib/cli-datadir/user/libraries/directTimers/src/directTimers.cpp:92:9: error: &#39;TCCR0B&#39; was not declared in this scope
         TCCR0B &amp;=~(1&lt;&lt;FOC0A);
         ^~~~~~
/home/ec2-user/arduino-testlib/cli-datadir/user/libraries/directTimers/src/directTimers.cpp:92:9: note: suggested alternative: &#39;TCA0&#39;
         TCCR0B &amp;=~(1&lt;&lt;FOC0A);
         ^~~~~~
         TCA0
/home/ec2-user/arduino-testlib/cli-datadir/user/libraries/directTimers/src/directTimers.cpp:92:23: error: &#39;FOC0A&#39; was not declared in this scope
         TCCR0B &amp;=~(1&lt;&lt;FOC0A);
                       ^~~~~
/home/ec2-user/arduino-testlib/cli-datadir/user/libraries/directTimers/src/directTimers.cpp: In function &#39;void TIMER0_COMPB_mode(byte)&#39;:
/home/ec2-user/arduino-testlib/cli-datadir/user/libraries/directTimers/src/directTimers.cpp:110:9: error: &#39;TCCR0A&#39; was not declared in this scope
         TCCR0A &amp;= ~ ((1 &lt;&lt; COM0B1) | (1 &lt;&lt; COM0B0));
         ^~~~~~
/home/ec2-user/arduino-testlib/cli-datadir/user/libraries/directTimers/src/directTimers.cpp:110:9: note: suggested alternative: &#39;TCA0&#39;
         TCCR0A &amp;= ~ ((1 &lt;&lt; COM0B1) | (1 &lt;&lt; COM0B0));
         ^~~~~~
         TCA0
/home/ec2-user/arduino-testlib/cli-datadir/user/libraries/directTimers/src/directTimers.cpp:110:28: error: &#39;COM0B1&#39; was not declared in this scope
         TCCR0A &amp;= ~ ((1 &lt;&lt; COM0B1) | (1 &lt;&lt; COM0B0));
                            ^~~~~~
/home/ec2-user/arduino-testlib/cli-datadir/user/libraries/directTimers/src/directTimers.cpp:110:44: error: &#39;COM0B0&#39; was not declared in this scope
         TCCR0A &amp;= ~ ((1 &lt;&lt; COM0B1) | (1 &lt;&lt; COM0B0));
                                            ^~~~~~
/home/ec2-user/arduino-testlib/cli-datadir/user/libraries/directTimers/src/directTimers.cpp:115:9: error: &#39;TCCR0B&#39; was not declared in this scope
         TCCR0B &amp;=~(1&lt;&lt;FOC0B);
         ^~~~~~
/home/ec2-user/arduino-testlib/cli-datadir/user/libraries/directTimers/src/directTimers.cpp:115:9: note: suggested alternative: &#39;TCA0&#39;
         TCCR0B &amp;=~(1&lt;&lt;FOC0B);
         ^~~~~~
         TCA0
/home/ec2-user/arduino-testlib/cli-datadir/user/libraries/directTimers/src/directTimers.cpp:115:23: error: &#39;FOC0B&#39; was not declared in this scope
         TCCR0B &amp;=~(1&lt;&lt;FOC0B);
                       ^~~~~
/home/ec2-user/arduino-testlib/cli-datadir/user/libraries/directTimers/src/directTimers.cpp: In function &#39;void TIMER0_attach_COMPA()&#39;:
/home/ec2-user/arduino-testlib/cli-datadir/user/libraries/directTimers/src/directTimers.cpp:132:5: error: &#39;TIMSK0&#39; was not declared in this scope
     TIMSK0 |= (1 &lt;&lt; OCIE0A); // подкл прерывание
     ^~~~~~
/home/ec2-user/arduino-testlib/cli-datadir/user/libraries/directTimers/src/directTimers.cpp:132:5: note: suggested alternative: &#39;TIMERA0&#39;
     TIMSK0 |= (1 &lt;&lt; OCIE0A); // подкл прерывание
     ^~~~~~
     TIMERA0
/home/ec2-user/arduino-testlib/cli-datadir/user/libraries/directTimers/src/directTimers.cpp:132:21: error: &#39;OCIE0A&#39; was not declared in this scope
     TIMSK0 |= (1 &lt;&lt; OCIE0A); // подкл прерывание
                     ^~~~~~
/home/ec2-user/arduino-testlib/cli-datadir/user/libraries/directTimers/src/directTimers.cpp: In function &#39;void TIMER0_attach_COMPB()&#39;:
/home/ec2-user/arduino-testlib/cli-datadir/user/libraries/directTimers/src/directTimers.cpp:136:5: error: &#39;TIMSK0&#39; was not declared in this scope
     TIMSK0 |= (1 &lt;&lt; OCIE0B);
     ^~~~~~
/home/ec2-user/arduino-testlib/cli-datadir/user/libraries/directTimers/src/directTimers.cpp:136:5: note: suggested alternative: &#39;TIMERA0&#39;
     TIMSK0 |= (1 &lt;&lt; OCIE0B);
     ^~~~~~
     TIMERA0
/home/ec2-user/arduino-testlib/cli-datadir/user/libraries/directTimers/src/directTimers.cpp:136:21: error: &#39;OCIE0B&#39; was not declared in this scope
     TIMSK0 |= (1 &lt;&lt; OCIE0B);
                     ^~~~~~
/home/ec2-user/arduino-testlib/cli-datadir/user/libraries/directTimers/src/directTimers.cpp: In function &#39;void TIMER0_detach_COMPA()&#39;:
/home/ec2-user/arduino-testlib/cli-datadir/user/libraries/directTimers/src/directTimers.cpp:140:5: error: &#39;TIMSK0&#39; was not declared in this scope
     TIMSK0 &amp;=~ (1 &lt;&lt; OCIE0A); // выкл прерывание
     ^~~~~~
/home/ec2-user/arduino-testlib/cli-datadir/user/libraries/directTimers/src/directTimers.cpp:140:5: note: suggested alternative: &#39;TIMERA0&#39;
     TIMSK0 &amp;=~ (1 &lt;&lt; OCIE0A); // выкл прерывание
     ^~~~~~
     TIMERA0
/home/ec2-user/arduino-testlib/cli-datadir/user/libraries/directTimers/src/directTimers.cpp:140:22: error: &#39;OCIE0A&#39; was not declared in this scope
     TIMSK0 &amp;=~ (1 &lt;&lt; OCIE0A); // выкл прерывание
                      ^~~~~~
/home/ec2-user/arduino-testlib/cli-datadir/user/libraries/directTimers/src/directTimers.cpp: In function &#39;void TIMER0_detach_COMPB()&#39;:
/home/ec2-user/arduino-testlib/cli-datadir/user/libraries/directTimers/src/directTimers.cpp:144:5: error: &#39;TIMSK0&#39; was not declared in this scope
     TIMSK0 &amp;=~  (1 &lt;&lt; OCIE0B); // выкл прерывание
     ^~~~~~
/home/ec2-user/arduino-testlib/cli-datadir/user/libraries/directTimers/src/directTimers.cpp:144:5: note: suggested alternative: &#39;TIMERA0&#39;
     TIMSK0 &amp;=~  (1 &lt;&lt; OCIE0B); // выкл пре</pre>

					
					<h4>examples/meandr</h4>
					<p>
						Result: <b>FAIL</b>
					</p>
					<pre class="pre-scrollable">WARNING: library directTimers claims to run on avr architecture(s) and may be incompatible with your current board which runs on megaavr architecture(s).
/home/ec2-user/arduino-testlib/cli-datadir/user/libraries/directTimers/src/directTimers.cpp: In function &#39;void TIMER0_setClock(byte)&#39;:
/home/ec2-user/arduino-testlib/cli-datadir/user/libraries/directTimers/src/directTimers.cpp:16:9: error: &#39;TCCR0B&#39; was not declared in this scope
         TCCR0B &amp;= ~((1 &lt;&lt; CS02) | (1 &lt;&lt; CS01) | (1 &lt;&lt; CS00));
         ^~~~~~
/home/ec2-user/arduino-testlib/cli-datadir/user/libraries/directTimers/src/directTimers.cpp:16:9: note: suggested alternative: &#39;TCA0&#39;
         TCCR0B &amp;= ~((1 &lt;&lt; CS02) | (1 &lt;&lt; CS01) | (1 &lt;&lt; CS00));
         ^~~~~~
         TCA0
/home/ec2-user/arduino-testlib/cli-datadir/user/libraries/directTimers/src/directTimers.cpp:16:27: error: &#39;CS02&#39; was not declared in this scope
         TCCR0B &amp;= ~((1 &lt;&lt; CS02) | (1 &lt;&lt; CS01) | (1 &lt;&lt; CS00));
                           ^~~~
/home/ec2-user/arduino-testlib/cli-datadir/user/libraries/directTimers/src/directTimers.cpp:16:41: error: &#39;CS01&#39; was not declared in this scope
         TCCR0B &amp;= ~((1 &lt;&lt; CS02) | (1 &lt;&lt; CS01) | (1 &lt;&lt; CS00));
                                         ^~~~
/home/ec2-user/arduino-testlib/cli-datadir/user/libraries/directTimers/src/directTimers.cpp:16:41: note: suggested alternative: &#39;B101&#39;
         TCCR0B &amp;= ~((1 &lt;&lt; CS02) | (1 &lt;&lt; CS01) | (1 &lt;&lt; CS00));
                                         ^~~~
                                         B101
/home/ec2-user/arduino-testlib/cli-datadir/user/libraries/directTimers/src/directTimers.cpp:16:55: error: &#39;CS00&#39; was not declared in this scope
         TCCR0B &amp;= ~((1 &lt;&lt; CS02) | (1 &lt;&lt; CS01) | (1 &lt;&lt; CS00));
                                                       ^~~~
/home/ec2-user/arduino-testlib/cli-datadir/user/libraries/directTimers/src/directTimers.cpp:16:55: note: suggested alternative: &#39;B100&#39;
         TCCR0B &amp;= ~((1 &lt;&lt; CS02) | (1 &lt;&lt; CS01) | (1 &lt;&lt; CS00));
                                                       ^~~~
                                                       B100
/home/ec2-user/arduino-testlib/cli-datadir/user/libraries/directTimers/src/directTimers.cpp: In function &#39;void TIMER0_setMode(byte)&#39;:
/home/ec2-user/arduino-testlib/cli-datadir/user/libraries/directTimers/src/directTimers.cpp:53:9: error: &#39;TCCR0B&#39; was not declared in this scope
         TCCR0B &amp;= ~ (1 &lt;&lt; WGM02); // top = 255
         ^~~~~~
/home/ec2-user/arduino-testlib/cli-datadir/user/libraries/directTimers/src/directTimers.cpp:53:9: note: suggested alternative: &#39;TCA0&#39;
         TCCR0B &amp;= ~ (1 &lt;&lt; WGM02); // top = 255
         ^~~~~~
         TCA0
/home/ec2-user/arduino-testlib/cli-datadir/user/libraries/directTimers/src/directTimers.cpp:53:27: error: &#39;WGM02&#39; was not declared in this scope
         TCCR0B &amp;= ~ (1 &lt;&lt; WGM02); // top = 255
                           ^~~~~
/home/ec2-user/arduino-testlib/cli-datadir/user/libraries/directTimers/src/directTimers.cpp:54:9: error: &#39;TCCR0A&#39; was not declared in this scope
         TCCR0A &amp;= ~((1 &lt;&lt; WGM01) | (1 &lt;&lt; WGM00)); // pwm &amp; correct disable
         ^~~~~~
/home/ec2-user/arduino-testlib/cli-datadir/user/libraries/directTimers/src/directTimers.cpp:54:9: note: suggested alternative: &#39;TCA0&#39;
         TCCR0A &amp;= ~((1 &lt;&lt; WGM01) | (1 &lt;&lt; WGM00)); // pwm &amp; correct disable
         ^~~~~~
         TCA0
/home/ec2-user/arduino-testlib/cli-datadir/user/libraries/directTimers/src/directTimers.cpp:54:27: error: &#39;WGM01&#39; was not declared in this scope
         TCCR0A &amp;= ~((1 &lt;&lt; WGM01) | (1 &lt;&lt; WGM00)); // pwm &amp; correct disable
                           ^~~~~
/home/ec2-user/arduino-testlib/cli-datadir/user/libraries/directTimers/src/directTimers.cpp:54:42: error: &#39;WGM00&#39; was not declared in this scope
         TCCR0A &amp;= ~((1 &lt;&lt; WGM01) | (1 &lt;&lt; WGM00)); // pwm &amp; correct disable
                                          ^~~~~
/home/ec2-user/arduino-testlib/cli-datadir/user/libraries/directTimers/src/directTimers.cpp: In function &#39;void TIMER0_COMPA_mode(byte)&#39;:
/home/ec2-user/arduino-testlib/cli-datadir/user/libraries/directTimers/src/directTimers.cpp:87:9: error: &#39;TCCR0A&#39; was not declared in this scope
         TCCR0A &amp;= ~ ((1 &lt;&lt; COM0A1) | (1 &lt;&lt; COM0A0));
         ^~~~~~
/home/ec2-user/arduino-testlib/cli-datadir/user/libraries/directTimers/src/directTimers.cpp:87:9: note: suggested alternative: &#39;TCA0&#39;
         TCCR0A &amp;= ~ ((1 &lt;&lt; COM0A1) | (1 &lt;&lt; COM0A0));
         ^~~~~~
         TCA0
/home/ec2-user/arduino-testlib/cli-datadir/user/libraries/directTimers/src/directTimers.cpp:87:28: error: &#39;COM0A1&#39; was not declared in this scope
         TCCR0A &amp;= ~ ((1 &lt;&lt; COM0A1) | (1 &lt;&lt; COM0A0));
                            ^~~~~~
/home/ec2-user/arduino-testlib/cli-datadir/user/libraries/directTimers/src/directTimers.cpp:87:44: error: &#39;COM0A0&#39; was not declared in this scope
         TCCR0A &amp;= ~ ((1 &lt;&lt; COM0A1) | (1 &lt;&lt; COM0A0));
                                            ^~~~~~
/home/ec2-user/arduino-testlib/cli-datadir/user/libraries/directTimers/src/directTimers.cpp:92:9: error: &#39;TCCR0B&#39; was not declared in this scope
         TCCR0B &amp;=~(1&lt;&lt;FOC0A);
         ^~~~~~
/home/ec2-user/arduino-testlib/cli-datadir/user/libraries/directTimers/src/directTimers.cpp:92:9: note: suggested alternative: &#39;TCA0&#39;
         TCCR0B &amp;=~(1&lt;&lt;FOC0A);
         ^~~~~~
         TCA0
/home/ec2-user/arduino-testlib/cli-datadir/user/libraries/directTimers/src/directTimers.cpp:92:23: error: &#39;FOC0A&#39; was not declared in this scope
         TCCR0B &amp;=~(1&lt;&lt;FOC0A);
                       ^~~~~
/home/ec2-user/arduino-testlib/cli-datadir/user/libraries/directTimers/src/directTimers.cpp: In function &#39;void TIMER0_COMPB_mode(byte)&#39;:
/home/ec2-user/arduino-testlib/cli-datadir/user/libraries/directTimers/src/directTimers.cpp:110:9: error: &#39;TCCR0A&#39; was not declared in this scope
         TCCR0A &amp;= ~ ((1 &lt;&lt; COM0B1) | (1 &lt;&lt; COM0B0));
         ^~~~~~
/home/ec2-user/arduino-testlib/cli-datadir/user/libraries/directTimers/src/directTimers.cpp:110:9: note: suggested alternative: &#39;TCA0&#39;
         TCCR0A &amp;= ~ ((1 &lt;&lt; COM0B1) | (1 &lt;&lt; COM0B0));
         ^~~~~~
         TCA0
/home/ec2-user/arduino-testlib/cli-datadir/user/libraries/directTimers/src/directTimers.cpp:110:28: error: &#39;COM0B1&#39; was not declared in this scope
         TCCR0A &amp;= ~ ((1 &lt;&lt; COM0B1) | (1 &lt;&lt; COM0B0));
                            ^~~~~~
/home/ec2-user/arduino-testlib/cli-datadir/user/libraries/directTimers/src/directTimers.cpp:110:44: error: &#39;COM0B0&#39; was not declared in this scope
         TCCR0A &amp;= ~ ((1 &lt;&lt; COM0B1) | (1 &lt;&lt; COM0B0));
                                            ^~~~~~
/home/ec2-user/arduino-testlib/cli-datadir/user/libraries/directTimers/src/directTimers.cpp:115:9: error: &#39;TCCR0B&#39; was not declared in this scope
         TCCR0B &amp;=~(1&lt;&lt;FOC0B);
         ^~~~~~
/home/ec2-user/arduino-testlib/cli-datadir/user/libraries/directTimers/src/directTimers.cpp:115:9: note: suggested alternative: &#39;TCA0&#39;
         TCCR0B &amp;=~(1&lt;&lt;FOC0B);
         ^~~~~~
         TCA0
/home/ec2-user/arduino-testlib/cli-datadir/user/libraries/directTimers/src/directTimers.cpp:115:23: error: &#39;FOC0B&#39; was not declared in this scope
         TCCR0B &amp;=~(1&lt;&lt;FOC0B);
                       ^~~~~
/home/ec2-user/arduino-testlib/cli-datadir/user/libraries/directTimers/src/directTimers.cpp: In function &#39;void TIMER0_attach_COMPA()&#39;:
/home/ec2-user/arduino-testlib/cli-datadir/user/libraries/directTimers/src/directTimers.cpp:132:5: error: &#39;TIMSK0&#39; was not declared in this scope
     TIMSK0 |= (1 &lt;&lt; OCIE0A); // подкл прерывание
     ^~~~~~
/home/ec2-user/arduino-testlib/cli-datadir/user/libraries/directTimers/src/directTimers.cpp:132:5: note: suggested alternative: &#39;TIMERA0&#39;
     TIMSK0 |= (1 &lt;&lt; OCIE0A); // подкл прерывание
     ^~~~~~
     TIMERA0
/home/ec2-user/arduino-testlib/cli-datadir/user/libraries/directTimers/src/directTimers.cpp:132:21: error: &#39;OCIE0A&#39; was not declared in this scope
     TIMSK0 |= (1 &lt;&lt; OCIE0A); // подкл прерывание
                     ^~~~~~
/home/ec2-user/arduino-testlib/cli-datadir/user/libraries/directTimers/src/directTimers.cpp: In function &#39;void TIMER0_attach_COMPB()&#39;:
/home/ec2-user/arduino-testlib/cli-datadir/user/libraries/directTimers/src/directTimers.cpp:136:5: error: &#39;TIMSK0&#39; was not declared in this scope
     TIMSK0 |= (1 &lt;&lt; OCIE0B);
     ^~~~~~
/home/ec2-user/arduino-testlib/cli-datadir/user/libraries/directTimers/src/directTimers.cpp:136:5: note: suggested alternative: &#39;TIMERA0&#39;
     TIMSK0 |= (1 &lt;&lt; OCIE0B);
     ^~~~~~
     TIMERA0
/home/ec2-user/arduino-testlib/cli-datadir/user/libraries/directTimers/src/directTimers.cpp:136:21: error: &#39;OCIE0B&#39; was not declared in this scope
     TIMSK0 |= (1 &lt;&lt; OCIE0B);
                     ^~~~~~
/home/ec2-user/arduino-testlib/cli-datadir/user/libraries/directTimers/src/directTimers.cpp: In function &#39;void TIMER0_detach_COMPA()&#39;:
/home/ec2-user/arduino-testlib/cli-datadir/user/libraries/directTimers/src/directTimers.cpp:140:5: error: &#39;TIMSK0&#39; was not declared in this scope
     TIMSK0 &amp;=~ (1 &lt;&lt; OCIE0A); // выкл прерывание
     ^~~~~~
/home/ec2-user/arduino-testlib/cli-datadir/user/libraries/directTimers/src/directTimers.cpp:140:5: note: suggested alternative: &#39;TIMERA0&#39;
     TIMSK0 &amp;=~ (1 &lt;&lt; OCIE0A); // выкл прерывание
     ^~~~~~
     TIMERA0
/home/ec2-user/arduino-testlib/cli-datadir/user/libraries/directTimers/src/directTimers.cpp:140:22: error: &#39;OCIE0A&#39; was not declared in this scope
     TIMSK0 &amp;=~ (1 &lt;&lt; OCIE0A); // выкл прерывание
                      ^~~~~~
/home/ec2-user/arduino-testlib/cli-datadir/user/libraries/directTimers/src/directTimers.cpp: In function &#39;void TIMER0_detach_COMPB()&#39;:
/home/ec2-user/arduino-testlib/cli-datadir/user/libraries/directTimers/src/directTimers.cpp:144:5: error: &#39;TIMSK0&#39; was not declared in this scope
     TIMSK0 &amp;=~  (1 &lt;&lt; OCIE0B); // выкл прерывание
     ^~~~~~
/home/ec2-user/arduino-testlib/cli-datadir/user/libraries/directTimers/src/directTimers.cpp:144:5: note: suggested alternative: &#39;TIMERA0&#39;
     TIMSK0 &amp;=~  (1 &lt;&lt; OCIE0B); // выкл пре</pre>
					
					<h4>examples/pwm_custom_freq</h4>
					<p>
						Result: <b>FAIL</b>
					</p>
					<pre class="pre-scrollable">WARNING: library directTimers claims to run on avr architecture(s) and may be incompatible with your current board which runs on megaavr architecture(s).
/home/ec2-user/arduino-testlib/cli-datadir/user/libraries/directTimers/src/directTimers.cpp: In function &#39;void TIMER0_setClock(byte)&#39;:
/home/ec2-user/arduino-testlib/cli-datadir/user/libraries/directTimers/src/directTimers.cpp:16:9: error: &#39;TCCR0B&#39; was not declared in this scope
         TCCR0B &amp;= ~((1 &lt;&lt; CS02) | (1 &lt;&lt; CS01) | (1 &lt;&lt; CS00));
         ^~~~~~
/home/ec2-user/arduino-testlib/cli-datadir/user/libraries/directTimers/src/directTimers.cpp:16:9: note: suggested alternative: &#39;TCA0&#39;
         TCCR0B &amp;= ~((1 &lt;&lt; CS02) | (1 &lt;&lt; CS01) | (1 &lt;&lt; CS00));
         ^~~~~~
         TCA0
/home/ec2-user/arduino-testlib/cli-datadir/user/libraries/directTimers/src/directTimers.cpp:16:27: error: &#39;CS02&#39; was not declared in this scope
         TCCR0B &amp;= ~((1 &lt;&lt; CS02) | (1 &lt;&lt; CS01) | (1 &lt;&lt; CS00));
                           ^~~~
/home/ec2-user/arduino-testlib/cli-datadir/user/libraries/directTimers/src/directTimers.cpp:16:41: error: &#39;CS01&#39; was not declared in this scope
         TCCR0B &amp;= ~((1 &lt;&lt; CS02) | (1 &lt;&lt; CS01) | (1 &lt;&lt; CS00));
                                         ^~~~
/home/ec2-user/arduino-testlib/cli-datadir/user/libraries/directTimers/src/directTimers.cpp:16:41: note: suggested alternative: &#39;B101&#39;
         TCCR0B &amp;= ~((1 &lt;&lt; CS02) | (1 &lt;&lt; CS01) | (1 &lt;&lt; CS00));
                                         ^~~~
                                         B101
/home/ec2-user/arduino-testlib/cli-datadir/user/libraries/directTimers/src/directTimers.cpp:16:55: error: &#39;CS00&#39; was not declared in this scope
         TCCR0B &amp;= ~((1 &lt;&lt; CS02) | (1 &lt;&lt; CS01) | (1 &lt;&lt; CS00));
                                                       ^~~~
/home/ec2-user/arduino-testlib/cli-datadir/user/libraries/directTimers/src/directTimers.cpp:16:55: note: suggested alternative: &#39;B100&#39;
         TCCR0B &amp;= ~((1 &lt;&lt; CS02) | (1 &lt;&lt; CS01) | (1 &lt;&lt; CS00));
                                                       ^~~~
                                                       B100
/home/ec2-user/arduino-testlib/cli-datadir/user/libraries/directTimers/src/directTimers.cpp: In function &#39;void TIMER0_setMode(byte)&#39;:
/home/ec2-user/arduino-testlib/cli-datadir/user/libraries/directTimers/src/directTimers.cpp:53:9: error: &#39;TCCR0B&#39; was not declared in this scope
         TCCR0B &amp;= ~ (1 &lt;&lt; WGM02); // top = 255
         ^~~~~~
/home/ec2-user/arduino-testlib/cli-datadir/user/libraries/directTimers/src/directTimers.cpp:53:9: note: suggested alternative: &#39;TCA0&#39;
         TCCR0B &amp;= ~ (1 &lt;&lt; WGM02); // top = 255
         ^~~~~~
         TCA0
/home/ec2-user/arduino-testlib/cli-datadir/user/libraries/directTimers/src/directTimers.cpp:53:27: error: &#39;WGM02&#39; was not declared in this scope
         TCCR0B &amp;= ~ (1 &lt;&lt; WGM02); // top = 255
                           ^~~~~
/home/ec2-user/arduino-testlib/cli-datadir/user/libraries/directTimers/src/directTimers.cpp:54:9: error: &#39;TCCR0A&#39; was not declared in this scope
         TCCR0A &amp;= ~((1 &lt;&lt; WGM01) | (1 &lt;&lt; WGM00)); // pwm &amp; correct disable
         ^~~~~~
/home/ec2-user/arduino-testlib/cli-datadir/user/libraries/directTimers/src/directTimers.cpp:54:9: note: suggested alternative: &#39;TCA0&#39;
         TCCR0A &amp;= ~((1 &lt;&lt; WGM01) | (1 &lt;&lt; WGM00)); // pwm &amp; correct disable
         ^~~~~~
         TCA0
/home/ec2-user/arduino-testlib/cli-datadir/user/libraries/directTimers/src/directTimers.cpp:54:27: error: &#39;WGM01&#39; was not declared in this scope
         TCCR0A &amp;= ~((1 &lt;&lt; WGM01) | (1 &lt;&lt; WGM00)); // pwm &amp; correct disable
                           ^~~~~
/home/ec2-user/arduino-testlib/cli-datadir/user/libraries/directTimers/src/directTimers.cpp:54:42: error: &#39;WGM00&#39; was not declared in this scope
         TCCR0A &amp;= ~((1 &lt;&lt; WGM01) | (1 &lt;&lt; WGM00)); // pwm &amp; correct disable
                                          ^~~~~
/home/ec2-user/arduino-testlib/cli-datadir/user/libraries/directTimers/src/directTimers.cpp: In function &#39;void TIMER0_COMPA_mode(byte)&#39;:
/home/ec2-user/arduino-testlib/cli-datadir/user/libraries/directTimers/src/directTimers.cpp:87:9: error: &#39;TCCR0A&#39; was not declared in this scope
         TCCR0A &amp;= ~ ((1 &lt;&lt; COM0A1) | (1 &lt;&lt; COM0A0));
         ^~~~~~
/home/ec2-user/arduino-testlib/cli-datadir/user/libraries/directTimers/src/directTimers.cpp:87:9: note: suggested alternative: &#39;TCA0&#39;
         TCCR0A &amp;= ~ ((1 &lt;&lt; COM0A1) | (1 &lt;&lt; COM0A0));
         ^~~~~~
         TCA0
/home/ec2-user/arduino-testlib/cli-datadir/user/libraries/directTimers/src/directTimers.cpp:87:28: error: &#39;COM0A1&#39; was not declared in this scope
         TCCR0A &amp;= ~ ((1 &lt;&lt; COM0A1) | (1 &lt;&lt; COM0A0));
                            ^~~~~~
/home/ec2-user/arduino-testlib/cli-datadir/user/libraries/directTimers/src/directTimers.cpp:87:44: error: &#39;COM0A0&#39; was not declared in this scope
         TCCR0A &amp;= ~ ((1 &lt;&lt; COM0A1) | (1 &lt;&lt; COM0A0));
                                            ^~~~~~
/home/ec2-user/arduino-testlib/cli-datadir/user/libraries/directTimers/src/directTimers.cpp:92:9: error: &#39;TCCR0B&#39; was not declared in this scope
         TCCR0B &amp;=~(1&lt;&lt;FOC0A);
         ^~~~~~
/home/ec2-user/arduino-testlib/cli-datadir/user/libraries/directTimers/src/directTimers.cpp:92:9: note: suggested alternative: &#39;TCA0&#39;
         TCCR0B &amp;=~(1&lt;&lt;FOC0A);
         ^~~~~~
         TCA0
/home/ec2-user/arduino-testlib/cli-datadir/user/libraries/directTimers/src/directTimers.cpp:92:23: error: &#39;FOC0A&#39; was not declared in this scope
         TCCR0B &amp;=~(1&lt;&lt;FOC0A);
                       ^~~~~
/home/ec2-user/arduino-testlib/cli-datadir/user/libraries/directTimers/src/directTimers.cpp: In function &#39;void TIMER0_COMPB_mode(byte)&#39;:
/home/ec2-user/arduino-testlib/cli-datadir/user/libraries/directTimers/src/directTimers.cpp:110:9: error: &#39;TCCR0A&#39; was not declared in this scope
         TCCR0A &amp;= ~ ((1 &lt;&lt; COM0B1) | (1 &lt;&lt; COM0B0));
         ^~~~~~
/home/ec2-user/arduino-testlib/cli-datadir/user/libraries/directTimers/src/directTimers.cpp:110:9: note: suggested alternative: &#39;TCA0&#39;
         TCCR0A &amp;= ~ ((1 &lt;&lt; COM0B1) | (1 &lt;&lt; COM0B0));
         ^~~~~~
         TCA0
/home/ec2-user/arduino-testlib/cli-datadir/user/libraries/directTimers/src/directTimers.cpp:110:28: error: &#39;COM0B1&#39; was not declared in this scope
         TCCR0A &amp;= ~ ((1 &lt;&lt; COM0B1) | (1 &lt;&lt; COM0B0));
                            ^~~~~~
/home/ec2-user/arduino-testlib/cli-datadir/user/libraries/directTimers/src/directTimers.cpp:110:44: error: &#39;COM0B0&#39; was not declared in this scope
         TCCR0A &amp;= ~ ((1 &lt;&lt; COM0B1) | (1 &lt;&lt; COM0B0));
                                            ^~~~~~
/home/ec2-user/arduino-testlib/cli-datadir/user/libraries/directTimers/src/directTimers.cpp:115:9: error: &#39;TCCR0B&#39; was not declared in this scope
         TCCR0B &amp;=~(1&lt;&lt;FOC0B);
         ^~~~~~
/home/ec2-user/arduino-testlib/cli-datadir/user/libraries/directTimers/src/directTimers.cpp:115:9: note: suggested alternative: &#39;TCA0&#39;
         TCCR0B &amp;=~(1&lt;&lt;FOC0B);
         ^~~~~~
         TCA0
/home/ec2-user/arduino-testlib/cli-datadir/user/libraries/directTimers/src/directTimers.cpp:115:23: error: &#39;FOC0B&#39; was not declared in this scope
         TCCR0B &amp;=~(1&lt;&lt;FOC0B);
                       ^~~~~
/home/ec2-user/arduino-testlib/cli-datadir/user/libraries/directTimers/src/directTimers.cpp: In function &#39;void TIMER0_attach_COMPA()&#39;:
/home/ec2-user/arduino-testlib/cli-datadir/user/libraries/directTimers/src/directTimers.cpp:132:5: error: &#39;TIMSK0&#39; was not declared in this scope
     TIMSK0 |= (1 &lt;&lt; OCIE0A); // подкл прерывание
     ^~~~~~
/home/ec2-user/arduino-testlib/cli-datadir/user/libraries/directTimers/src/directTimers.cpp:132:5: note: suggested alternative: &#39;TIMERA0&#39;
     TIMSK0 |= (1 &lt;&lt; OCIE0A); // подкл прерывание
     ^~~~~~
     TIMERA0
/home/ec2-user/arduino-testlib/cli-datadir/user/libraries/directTimers/src/directTimers.cpp:132:21: error: &#39;OCIE0A&#39; was not declared in this scope
     TIMSK0 |= (1 &lt;&lt; OCIE0A); // подкл прерывание
                     ^~~~~~
/home/ec2-user/arduino-testlib/cli-datadir/user/libraries/directTimers/src/directTimers.cpp: In function &#39;void TIMER0_attach_COMPB()&#39;:
/home/ec2-user/arduino-testlib/cli-datadir/user/libraries/directTimers/src/directTimers.cpp:136:5: error: &#39;TIMSK0&#39; was not declared in this scope
     TIMSK0 |= (1 &lt;&lt; OCIE0B);
     ^~~~~~
/home/ec2-user/arduino-testlib/cli-datadir/user/libraries/directTimers/src/directTimers.cpp:136:5: note: suggested alternative: &#39;TIMERA0&#39;
     TIMSK0 |= (1 &lt;&lt; OCIE0B);
     ^~~~~~
     TIMERA0
/home/ec2-user/arduino-testlib/cli-datadir/user/libraries/directTimers/src/directTimers.cpp:136:21: error: &#39;OCIE0B&#39; was not declared in this scope
     TIMSK0 |= (1 &lt;&lt; OCIE0B);
                     ^~~~~~
/home/ec2-user/arduino-testlib/cli-datadir/user/libraries/directTimers/src/directTimers.cpp: In function &#39;void TIMER0_detach_COMPA()&#39;:
/home/ec2-user/arduino-testlib/cli-datadir/user/libraries/directTimers/src/directTimers.cpp:140:5: error: &#39;TIMSK0&#39; was not declared in this scope
     TIMSK0 &amp;=~ (1 &lt;&lt; OCIE0A); // выкл прерывание
     ^~~~~~
/home/ec2-user/arduino-testlib/cli-datadir/user/libraries/directTimers/src/directTimers.cpp:140:5: note: suggested alternative: &#39;TIMERA0&#39;
     TIMSK0 &amp;=~ (1 &lt;&lt; OCIE0A); // выкл прерывание
     ^~~~~~
     TIMERA0
/home/ec2-user/arduino-testlib/cli-datadir/user/libraries/directTimers/src/directTimers.cpp:140:22: error: &#39;OCIE0A&#39; was not declared in this scope
     TIMSK0 &amp;=~ (1 &lt;&lt; OCIE0A); // выкл прерывание
                      ^~~~~~
/home/ec2-user/arduino-testlib/cli-datadir/user/libraries/directTimers/src/directTimers.cpp: In function &#39;void TIMER0_detach_COMPB()&#39;:
/home/ec2-user/arduino-testlib/cli-datadir/user/libraries/directTimers/src/directTimers.cpp:144:5: error: &#39;TIMSK0&#39; was not declared in this scope
     TIMSK0 &amp;=~  (1 &lt;&lt; OCIE0B); // выкл прерывание
     ^~~~~~
/home/ec2-user/arduino-testlib/cli-datadir/user/libraries/directTimers/src/directTimers.cpp:144:5: note: suggested alternative: &#39;TIMERA0&#39;
     TIMSK0 &amp;=~  (1 &lt;&lt; OCIE0B); // выкл пре</pre>
					
					<h4>examples/pwm_simple_10bit</h4>
					<p>
						Result: <b>FAIL</b>
					</p>
					<pre class="pre-scrollable">WARNING: library directTimers claims to run on avr architecture(s) and may be incompatible with your current board which runs on megaavr architecture(s).
/home/ec2-user/arduino-testlib/cli-datadir/user/libraries/directTimers/src/directTimers.cpp: In function &#39;void TIMER0_setClock(byte)&#39;:
/home/ec2-user/arduino-testlib/cli-datadir/user/libraries/directTimers/src/directTimers.cpp:16:9: error: &#39;TCCR0B&#39; was not declared in this scope
         TCCR0B &amp;= ~((1 &lt;&lt; CS02) | (1 &lt;&lt; CS01) | (1 &lt;&lt; CS00));
         ^~~~~~
/home/ec2-user/arduino-testlib/cli-datadir/user/libraries/directTimers/src/directTimers.cpp:16:9: note: suggested alternative: &#39;TCA0&#39;
         TCCR0B &amp;= ~((1 &lt;&lt; CS02) | (1 &lt;&lt; CS01) | (1 &lt;&lt; CS00));
         ^~~~~~
         TCA0
/home/ec2-user/arduino-testlib/cli-datadir/user/libraries/directTimers/src/directTimers.cpp:16:27: error: &#39;CS02&#39; was not declared in this scope
         TCCR0B &amp;= ~((1 &lt;&lt; CS02) | (1 &lt;&lt; CS01) | (1 &lt;&lt; CS00));
                           ^~~~
/home/ec2-user/arduino-testlib/cli-datadir/user/libraries/directTimers/src/directTimers.cpp:16:41: error: &#39;CS01&#39; was not declared in this scope
         TCCR0B &amp;= ~((1 &lt;&lt; CS02) | (1 &lt;&lt; CS01) | (1 &lt;&lt; CS00));
                                         ^~~~
/home/ec2-user/arduino-testlib/cli-datadir/user/libraries/directTimers/src/directTimers.cpp:16:41: note: suggested alternative: &#39;B101&#39;
         TCCR0B &amp;= ~((1 &lt;&lt; CS02) | (1 &lt;&lt; CS01) | (1 &lt;&lt; CS00));
                                         ^~~~
                                         B101
/home/ec2-user/arduino-testlib/cli-datadir/user/libraries/directTimers/src/directTimers.cpp:16:55: error: &#39;CS00&#39; was not declared in this scope
         TCCR0B &amp;= ~((1 &lt;&lt; CS02) | (1 &lt;&lt; CS01) | (1 &lt;&lt; CS00));
                                                       ^~~~
/home/ec2-user/arduino-testlib/cli-datadir/user/libraries/directTimers/src/directTimers.cpp:16:55: note: suggested alternative: &#39;B100&#39;
         TCCR0B &amp;= ~((1 &lt;&lt; CS02) | (1 &lt;&lt; CS01) | (1 &lt;&lt; CS00));
                                                       ^~~~
                                                       B100
/home/ec2-user/arduino-testlib/cli-datadir/user/libraries/directTimers/src/directTimers.cpp: In function &#39;void TIMER0_setMode(byte)&#39;:
/home/ec2-user/arduino-testlib/cli-datadir/user/libraries/directTimers/src/directTimers.cpp:53:9: error: &#39;TCCR0B&#39; was not declared in this scope
         TCCR0B &amp;= ~ (1 &lt;&lt; WGM02); // top = 255
         ^~~~~~
/home/ec2-user/arduino-testlib/cli-datadir/user/libraries/directTimers/src/directTimers.cpp:53:9: note: suggested alternative: &#39;TCA0&#39;
         TCCR0B &amp;= ~ (1 &lt;&lt; WGM02); // top = 255
         ^~~~~~
         TCA0
/home/ec2-user/arduino-testlib/cli-datadir/user/libraries/directTimers/src/directTimers.cpp:53:27: error: &#39;WGM02&#39; was not declared in this scope
         TCCR0B &amp;= ~ (1 &lt;&lt; WGM02); // top = 255
                           ^~~~~
/home/ec2-user/arduino-testlib/cli-datadir/user/libraries/directTimers/src/directTimers.cpp:54:9: error: &#39;TCCR0A&#39; was not declared in this scope
         TCCR0A &amp;= ~((1 &lt;&lt; WGM01) | (1 &lt;&lt; WGM00)); // pwm &amp; correct disable
         ^~~~~~
/home/ec2-user/arduino-testlib/cli-datadir/user/libraries/directTimers/src/directTimers.cpp:54:9: note: suggested alternative: &#39;TCA0&#39;
         TCCR0A &amp;= ~((1 &lt;&lt; WGM01) | (1 &lt;&lt; WGM00)); // pwm &amp; correct disable
         ^~~~~~
         TCA0
/home/ec2-user/arduino-testlib/cli-datadir/user/libraries/directTimers/src/directTimers.cpp:54:27: error: &#39;WGM01&#39; was not declared in this scope
         TCCR0A &amp;= ~((1 &lt;&lt; WGM01) | (1 &lt;&lt; WGM00)); // pwm &amp; correct disable
                           ^~~~~
/home/ec2-user/arduino-testlib/cli-datadir/user/libraries/directTimers/src/directTimers.cpp:54:42: error: &#39;WGM00&#39; was not declared in this scope
         TCCR0A &amp;= ~((1 &lt;&lt; WGM01) | (1 &lt;&lt; WGM00)); // pwm &amp; correct disable
                                          ^~~~~
/home/ec2-user/arduino-testlib/cli-datadir/user/libraries/directTimers/src/directTimers.cpp: In function &#39;void TIMER0_COMPA_mode(byte)&#39;:
/home/ec2-user/arduino-testlib/cli-datadir/user/libraries/directTimers/src/directTimers.cpp:87:9: error: &#39;TCCR0A&#39; was not declared in this scope
         TCCR0A &amp;= ~ ((1 &lt;&lt; COM0A1) | (1 &lt;&lt; COM0A0));
         ^~~~~~
/home/ec2-user/arduino-testlib/cli-datadir/user/libraries/directTimers/src/directTimers.cpp:87:9: note: suggested alternative: &#39;TCA0&#39;
         TCCR0A &amp;= ~ ((1 &lt;&lt; COM0A1) | (1 &lt;&lt; COM0A0));
         ^~~~~~
         TCA0
/home/ec2-user/arduino-testlib/cli-datadir/user/libraries/directTimers/src/directTimers.cpp:87:28: error: &#39;COM0A1&#39; was not declared in this scope
         TCCR0A &amp;= ~ ((1 &lt;&lt; COM0A1) | (1 &lt;&lt; COM0A0));
                            ^~~~~~
/home/ec2-user/arduino-testlib/cli-datadir/user/libraries/directTimers/src/directTimers.cpp:87:44: error: &#39;COM0A0&#39; was not declared in this scope
         TCCR0A &amp;= ~ ((1 &lt;&lt; COM0A1) | (1 &lt;&lt; COM0A0));
                                            ^~~~~~
/home/ec2-user/arduino-testlib/cli-datadir/user/libraries/directTimers/src/directTimers.cpp:92:9: error: &#39;TCCR0B&#39; was not declared in this scope
         TCCR0B &amp;=~(1&lt;&lt;FOC0A);
         ^~~~~~
/home/ec2-user/arduino-testlib/cli-datadir/user/libraries/directTimers/src/directTimers.cpp:92:9: note: suggested alternative: &#39;TCA0&#39;
         TCCR0B &amp;=~(1&lt;&lt;FOC0A);
         ^~~~~~
         TCA0
/home/ec2-user/arduino-testlib/cli-datadir/user/libraries/directTimers/src/directTimers.cpp:92:23: error: &#39;FOC0A&#39; was not declared in this scope
         TCCR0B &amp;=~(1&lt;&lt;FOC0A);
                       ^~~~~
/home/ec2-user/arduino-testlib/cli-datadir/user/libraries/directTimers/src/directTimers.cpp: In function &#39;void TIMER0_COMPB_mode(byte)&#39;:
/home/ec2-user/arduino-testlib/cli-datadir/user/libraries/directTimers/src/directTimers.cpp:110:9: error: &#39;TCCR0A&#39; was not declared in this scope
         TCCR0A &amp;= ~ ((1 &lt;&lt; COM0B1) | (1 &lt;&lt; COM0B0));
         ^~~~~~
/home/ec2-user/arduino-testlib/cli-datadir/user/libraries/directTimers/src/directTimers.cpp:110:9: note: suggested alternative: &#39;TCA0&#39;
         TCCR0A &amp;= ~ ((1 &lt;&lt; COM0B1) | (1 &lt;&lt; COM0B0));
         ^~~~~~
         TCA0
/home/ec2-user/arduino-testlib/cli-datadir/user/libraries/directTimers/src/directTimers.cpp:110:28: error: &#39;COM0B1&#39; was not declared in this scope
         TCCR0A &amp;= ~ ((1 &lt;&lt; COM0B1) | (1 &lt;&lt; COM0B0));
                            ^~~~~~
/home/ec2-user/arduino-testlib/cli-datadir/user/libraries/directTimers/src/directTimers.cpp:110:44: error: &#39;COM0B0&#39; was not declared in this scope
         TCCR0A &amp;= ~ ((1 &lt;&lt; COM0B1) | (1 &lt;&lt; COM0B0));
                                            ^~~~~~
/home/ec2-user/arduino-testlib/cli-datadir/user/libraries/directTimers/src/directTimers.cpp:115:9: error: &#39;TCCR0B&#39; was not declared in this scope
         TCCR0B &amp;=~(1&lt;&lt;FOC0B);
         ^~~~~~
/home/ec2-user/arduino-testlib/cli-datadir/user/libraries/directTimers/src/directTimers.cpp:115:9: note: suggested alternative: &#39;TCA0&#39;
         TCCR0B &amp;=~(1&lt;&lt;FOC0B);
         ^~~~~~
         TCA0
/home/ec2-user/arduino-testlib/cli-datadir/user/libraries/directTimers/src/directTimers.cpp:115:23: error: &#39;FOC0B&#39; was not declared in this scope
         TCCR0B &amp;=~(1&lt;&lt;FOC0B);
                       ^~~~~
/home/ec2-user/arduino-testlib/cli-datadir/user/libraries/directTimers/src/directTimers.cpp: In function &#39;void TIMER0_attach_COMPA()&#39;:
/home/ec2-user/arduino-testlib/cli-datadir/user/libraries/directTimers/src/directTimers.cpp:132:5: error: &#39;TIMSK0&#39; was not declared in this scope
     TIMSK0 |= (1 &lt;&lt; OCIE0A); // подкл прерывание
     ^~~~~~
/home/ec2-user/arduino-testlib/cli-datadir/user/libraries/directTimers/src/directTimers.cpp:132:5: note: suggested alternative: &#39;TIMERA0&#39;
     TIMSK0 |= (1 &lt;&lt; OCIE0A); // подкл прерывание
     ^~~~~~
     TIMERA0
/home/ec2-user/arduino-testlib/cli-datadir/user/libraries/directTimers/src/directTimers.cpp:132:21: error: &#39;OCIE0A&#39; was not declared in this scope
     TIMSK0 |= (1 &lt;&lt; OCIE0A); // подкл прерывание
                     ^~~~~~
/home/ec2-user/arduino-testlib/cli-datadir/user/libraries/directTimers/src/directTimers.cpp: In function &#39;void TIMER0_attach_COMPB()&#39;:
/home/ec2-user/arduino-testlib/cli-datadir/user/libraries/directTimers/src/directTimers.cpp:136:5: error: &#39;TIMSK0&#39; was not declared in this scope
     TIMSK0 |= (1 &lt;&lt; OCIE0B);
     ^~~~~~
/home/ec2-user/arduino-testlib/cli-datadir/user/libraries/directTimers/src/directTimers.cpp:136:5: note: suggested alternative: &#39;TIMERA0&#39;
     TIMSK0 |= (1 &lt;&lt; OCIE0B);
     ^~~~~~
     TIMERA0
/home/ec2-user/arduino-testlib/cli-datadir/user/libraries/directTimers/src/directTimers.cpp:136:21: error: &#39;OCIE0B&#39; was not declared in this scope
     TIMSK0 |= (1 &lt;&lt; OCIE0B);
                     ^~~~~~
/home/ec2-user/arduino-testlib/cli-datadir/user/libraries/directTimers/src/directTimers.cpp: In function &#39;void TIMER0_detach_COMPA()&#39;:
/home/ec2-user/arduino-testlib/cli-datadir/user/libraries/directTimers/src/directTimers.cpp:140:5: error: &#39;TIMSK0&#39; was not declared in this scope
     TIMSK0 &amp;=~ (1 &lt;&lt; OCIE0A); // выкл прерывание
     ^~~~~~
/home/ec2-user/arduino-testlib/cli-datadir/user/libraries/directTimers/src/directTimers.cpp:140:5: note: suggested alternative: &#39;TIMERA0&#39;
     TIMSK0 &amp;=~ (1 &lt;&lt; OCIE0A); // выкл прерывание
     ^~~~~~
     TIMERA0
/home/ec2-user/arduino-testlib/cli-datadir/user/libraries/directTimers/src/directTimers.cpp:140:22: error: &#39;OCIE0A&#39; was not declared in this scope
     TIMSK0 &amp;=~ (1 &lt;&lt; OCIE0A); // выкл прерывание
                      ^~~~~~
/home/ec2-user/arduino-testlib/cli-datadir/user/libraries/directTimers/src/directTimers.cpp: In function &#39;void TIMER0_detach_COMPB()&#39;:
/home/ec2-user/arduino-testlib/cli-datadir/user/libraries/directTimers/src/directTimers.cpp:144:5: error: &#39;TIMSK0&#39; was not declared in this scope
     TIMSK0 &amp;=~  (1 &lt;&lt; OCIE0B); // выкл прерывание
     ^~~~~~
/home/ec2-user/arduino-testlib/cli-datadir/user/libraries/directTimers/src/directTimers.cpp:144:5: note: suggested alternative: &#39;TIMERA0&#39;
     TIMSK0 &amp;=~  (1 &lt;&lt; OCIE0B); // выкл пре</pre>
					
					<h4>examples/pwm_simple_8bit</h4>
					<p>
						Result: <b>FAIL</b>
					</p>
					<pre class="pre-scrollable">WARNING: library directTimers claims to run on avr architecture(s) and may be incompatible with your current board which runs on megaavr architecture(s).
/home/ec2-user/arduino-testlib/cli-datadir/user/libraries/directTimers/src/directTimers.cpp: In function &#39;void TIMER0_setClock(byte)&#39;:
/home/ec2-user/arduino-testlib/cli-datadir/user/libraries/directTimers/src/directTimers.cpp:16:9: error: &#39;TCCR0B&#39; was not declared in this scope
         TCCR0B &amp;= ~((1 &lt;&lt; CS02) | (1 &lt;&lt; CS01) | (1 &lt;&lt; CS00));
         ^~~~~~
/home/ec2-user/arduino-testlib/cli-datadir/user/libraries/directTimers/src/directTimers.cpp:16:9: note: suggested alternative: &#39;TCA0&#39;
         TCCR0B &amp;= ~((1 &lt;&lt; CS02) | (1 &lt;&lt; CS01) | (1 &lt;&lt; CS00));
         ^~~~~~
         TCA0
/home/ec2-user/arduino-testlib/cli-datadir/user/libraries/directTimers/src/directTimers.cpp:16:27: error: &#39;CS02&#39; was not declared in this scope
         TCCR0B &amp;= ~((1 &lt;&lt; CS02) | (1 &lt;&lt; CS01) | (1 &lt;&lt; CS00));
                           ^~~~
/home/ec2-user/arduino-testlib/cli-datadir/user/libraries/directTimers/src/directTimers.cpp:16:41: error: &#39;CS01&#39; was not declared in this scope
         TCCR0B &amp;= ~((1 &lt;&lt; CS02) | (1 &lt;&lt; CS01) | (1 &lt;&lt; CS00));
                                         ^~~~
/home/ec2-user/arduino-testlib/cli-datadir/user/libraries/directTimers/src/directTimers.cpp:16:41: note: suggested alternative: &#39;B101&#39;
         TCCR0B &amp;= ~((1 &lt;&lt; CS02) | (1 &lt;&lt; CS01) | (1 &lt;&lt; CS00));
                                         ^~~~
                                         B101
/home/ec2-user/arduino-testlib/cli-datadir/user/libraries/directTimers/src/directTimers.cpp:16:55: error: &#39;CS00&#39; was not declared in this scope
         TCCR0B &amp;= ~((1 &lt;&lt; CS02) | (1 &lt;&lt; CS01) | (1 &lt;&lt; CS00));
                                                       ^~~~
/home/ec2-user/arduino-testlib/cli-datadir/user/libraries/directTimers/src/directTimers.cpp:16:55: note: suggested alternative: &#39;B100&#39;
         TCCR0B &amp;= ~((1 &lt;&lt; CS02) | (1 &lt;&lt; CS01) | (1 &lt;&lt; CS00));
                                                       ^~~~
                                                       B100
/home/ec2-user/arduino-testlib/cli-datadir/user/libraries/directTimers/src/directTimers.cpp: In function &#39;void TIMER0_setMode(byte)&#39;:
/home/ec2-user/arduino-testlib/cli-datadir/user/libraries/directTimers/src/directTimers.cpp:53:9: error: &#39;TCCR0B&#39; was not declared in this scope
         TCCR0B &amp;= ~ (1 &lt;&lt; WGM02); // top = 255
         ^~~~~~
/home/ec2-user/arduino-testlib/cli-datadir/user/libraries/directTimers/src/directTimers.cpp:53:9: note: suggested alternative: &#39;TCA0&#39;
         TCCR0B &amp;= ~ (1 &lt;&lt; WGM02); // top = 255
         ^~~~~~
         TCA0
/home/ec2-user/arduino-testlib/cli-datadir/user/libraries/directTimers/src/directTimers.cpp:53:27: error: &#39;WGM02&#39; was not declared in this scope
         TCCR0B &amp;= ~ (1 &lt;&lt; WGM02); // top = 255
                           ^~~~~
/home/ec2-user/arduino-testlib/cli-datadir/user/libraries/directTimers/src/directTimers.cpp:54:9: error: &#39;TCCR0A&#39; was not declared in this scope
         TCCR0A &amp;= ~((1 &lt;&lt; WGM01) | (1 &lt;&lt; WGM00)); // pwm &amp; correct disable
         ^~~~~~
/home/ec2-user/arduino-testlib/cli-datadir/user/libraries/directTimers/src/directTimers.cpp:54:9: note: suggested alternative: &#39;TCA0&#39;
         TCCR0A &amp;= ~((1 &lt;&lt; WGM01) | (1 &lt;&lt; WGM00)); // pwm &amp; correct disable
         ^~~~~~
         TCA0
/home/ec2-user/arduino-testlib/cli-datadir/user/libraries/directTimers/src/directTimers.cpp:54:27: error: &#39;WGM01&#39; was not declared in this scope
         TCCR0A &amp;= ~((1 &lt;&lt; WGM01) | (1 &lt;&lt; WGM00)); // pwm &amp; correct disable
                           ^~~~~
/home/ec2-user/arduino-testlib/cli-datadir/user/libraries/directTimers/src/directTimers.cpp:54:42: error: &#39;WGM00&#39; was not declared in this scope
         TCCR0A &amp;= ~((1 &lt;&lt; WGM01) | (1 &lt;&lt; WGM00)); // pwm &amp; correct disable
                                          ^~~~~
/home/ec2-user/arduino-testlib/cli-datadir/user/libraries/directTimers/src/directTimers.cpp: In function &#39;void TIMER0_COMPA_mode(byte)&#39;:
/home/ec2-user/arduino-testlib/cli-datadir/user/libraries/directTimers/src/directTimers.cpp:87:9: error: &#39;TCCR0A&#39; was not declared in this scope
         TCCR0A &amp;= ~ ((1 &lt;&lt; COM0A1) | (1 &lt;&lt; COM0A0));
         ^~~~~~
/home/ec2-user/arduino-testlib/cli-datadir/user/libraries/directTimers/src/directTimers.cpp:87:9: note: suggested alternative: &#39;TCA0&#39;
         TCCR0A &amp;= ~ ((1 &lt;&lt; COM0A1) | (1 &lt;&lt; COM0A0));
         ^~~~~~
         TCA0
/home/ec2-user/arduino-testlib/cli-datadir/user/libraries/directTimers/src/directTimers.cpp:87:28: error: &#39;COM0A1&#39; was not declared in this scope
         TCCR0A &amp;= ~ ((1 &lt;&lt; COM0A1) | (1 &lt;&lt; COM0A0));
                            ^~~~~~
/home/ec2-user/arduino-testlib/cli-datadir/user/libraries/directTimers/src/directTimers.cpp:87:44: error: &#39;COM0A0&#39; was not declared in this scope
         TCCR0A &amp;= ~ ((1 &lt;&lt; COM0A1) | (1 &lt;&lt; COM0A0));
                                            ^~~~~~
/home/ec2-user/arduino-testlib/cli-datadir/user/libraries/directTimers/src/directTimers.cpp:92:9: error: &#39;TCCR0B&#39; was not declared in this scope
         TCCR0B &amp;=~(1&lt;&lt;FOC0A);
         ^~~~~~
/home/ec2-user/arduino-testlib/cli-datadir/user/libraries/directTimers/src/directTimers.cpp:92:9: note: suggested alternative: &#39;TCA0&#39;
         TCCR0B &amp;=~(1&lt;&lt;FOC0A);
         ^~~~~~
         TCA0
/home/ec2-user/arduino-testlib/cli-datadir/user/libraries/directTimers/src/directTimers.cpp:92:23: error: &#39;FOC0A&#39; was not declared in this scope
         TCCR0B &amp;=~(1&lt;&lt;FOC0A);
                       ^~~~~
/home/ec2-user/arduino-testlib/cli-datadir/user/libraries/directTimers/src/directTimers.cpp: In function &#39;void TIMER0_COMPB_mode(byte)&#39;:
/home/ec2-user/arduino-testlib/cli-datadir/user/libraries/directTimers/src/directTimers.cpp:110:9: error: &#39;TCCR0A&#39; was not declared in this scope
         TCCR0A &amp;= ~ ((1 &lt;&lt; COM0B1) | (1 &lt;&lt; COM0B0));
         ^~~~~~
/home/ec2-user/arduino-testlib/cli-datadir/user/libraries/directTimers/src/directTimers.cpp:110:9: note: suggested alternative: &#39;TCA0&#39;
         TCCR0A &amp;= ~ ((1 &lt;&lt; COM0B1) | (1 &lt;&lt; COM0B0));
         ^~~~~~
         TCA0
/home/ec2-user/arduino-testlib/cli-datadir/user/libraries/directTimers/src/directTimers.cpp:110:28: error: &#39;COM0B1&#39; was not declared in this scope
         TCCR0A &amp;= ~ ((1 &lt;&lt; COM0B1) | (1 &lt;&lt; COM0B0));
                            ^~~~~~
/home/ec2-user/arduino-testlib/cli-datadir/user/libraries/directTimers/src/directTimers.cpp:110:44: error: &#39;COM0B0&#39; was not declared in this scope
         TCCR0A &amp;= ~ ((1 &lt;&lt; COM0B1) | (1 &lt;&lt; COM0B0));
                                            ^~~~~~
/home/ec2-user/arduino-testlib/cli-datadir/user/libraries/directTimers/src/directTimers.cpp:115:9: error: &#39;TCCR0B&#39; was not declared in this scope
         TCCR0B &amp;=~(1&lt;&lt;FOC0B);
         ^~~~~~
/home/ec2-user/arduino-testlib/cli-datadir/user/libraries/directTimers/src/directTimers.cpp:115:9: note: suggested alternative: &#39;TCA0&#39;
         TCCR0B &amp;=~(1&lt;&lt;FOC0B);
         ^~~~~~
         TCA0
/home/ec2-user/arduino-testlib/cli-datadir/user/libraries/directTimers/src/directTimers.cpp:115:23: error: &#39;FOC0B&#39; was not declared in this scope
         TCCR0B &amp;=~(1&lt;&lt;FOC0B);
                       ^~~~~
/home/ec2-user/arduino-testlib/cli-datadir/user/libraries/directTimers/src/directTimers.cpp: In function &#39;void TIMER0_attach_COMPA()&#39;:
/home/ec2-user/arduino-testlib/cli-datadir/user/libraries/directTimers/src/directTimers.cpp:132:5: error: &#39;TIMSK0&#39; was not declared in this scope
     TIMSK0 |= (1 &lt;&lt; OCIE0A); // подкл прерывание
     ^~~~~~
/home/ec2-user/arduino-testlib/cli-datadir/user/libraries/directTimers/src/directTimers.cpp:132:5: note: suggested alternative: &#39;TIMERA0&#39;
     TIMSK0 |= (1 &lt;&lt; OCIE0A); // подкл прерывание
     ^~~~~~
     TIMERA0
/home/ec2-user/arduino-testlib/cli-datadir/user/libraries/directTimers/src/directTimers.cpp:132:21: error: &#39;OCIE0A&#39; was not declared in this scope
     TIMSK0 |= (1 &lt;&lt; OCIE0A); // подкл прерывание
                     ^~~~~~
/home/ec2-user/arduino-testlib/cli-datadir/user/libraries/directTimers/src/directTimers.cpp: In function &#39;void TIMER0_attach_COMPB()&#39;:
/home/ec2-user/arduino-testlib/cli-datadir/user/libraries/directTimers/src/directTimers.cpp:136:5: error: &#39;TIMSK0&#39; was not declared in this scope
     TIMSK0 |= (1 &lt;&lt; OCIE0B);
     ^~~~~~
/home/ec2-user/arduino-testlib/cli-datadir/user/libraries/directTimers/src/directTimers.cpp:136:5: note: suggested alternative: &#39;TIMERA0&#39;
     TIMSK0 |= (1 &lt;&lt; OCIE0B);
     ^~~~~~
     TIMERA0
/home/ec2-user/arduino-testlib/cli-datadir/user/libraries/directTimers/src/directTimers.cpp:136:21: error: &#39;OCIE0B&#39; was not declared in this scope
     TIMSK0 |= (1 &lt;&lt; OCIE0B);
                     ^~~~~~
/home/ec2-user/arduino-testlib/cli-datadir/user/libraries/directTimers/src/directTimers.cpp: In function &#39;void TIMER0_detach_COMPA()&#39;:
/home/ec2-user/arduino-testlib/cli-datadir/user/libraries/directTimers/src/directTimers.cpp:140:5: error: &#39;TIMSK0&#39; was not declared in this scope
     TIMSK0 &amp;=~ (1 &lt;&lt; OCIE0A); // выкл прерывание
     ^~~~~~
/home/ec2-user/arduino-testlib/cli-datadir/user/libraries/directTimers/src/directTimers.cpp:140:5: note: suggested alternative: &#39;TIMERA0&#39;
     TIMSK0 &amp;=~ (1 &lt;&lt; OCIE0A); // выкл прерывание
     ^~~~~~
     TIMERA0
/home/ec2-user/arduino-testlib/cli-datadir/user/libraries/directTimers/src/directTimers.cpp:140:22: error: &#39;OCIE0A&#39; was not declared in this scope
     TIMSK0 &amp;=~ (1 &lt;&lt; OCIE0A); // выкл прерывание
                      ^~~~~~
/home/ec2-user/arduino-testlib/cli-datadir/user/libraries/directTimers/src/directTimers.cpp: In function &#39;void TIMER0_detach_COMPB()&#39;:
/home/ec2-user/arduino-testlib/cli-datadir/user/libraries/directTimers/src/directTimers.cpp:144:5: error: &#39;TIMSK0&#39; was not declared in this scope
     TIMSK0 &amp;=~  (1 &lt;&lt; OCIE0B); // выкл прерывание
     ^~~~~~
/home/ec2-user/arduino-testlib/cli-datadir/user/libraries/directTimers/src/directTimers.cpp:144:5: note: suggested alternative: &#39;TIMERA0&#39;
     TIMSK0 &amp;=~  (1 &lt;&lt; OCIE0B); // выкл пре</pre>
					
					<h4>examples/simple_interrupt</h4>
					<p>
						Result: <b>FAIL</b>
					</p>
					<pre class="pre-scrollable">WARNING: library directTimers claims to run on avr architecture(s) and may be incompatible with your current board which runs on megaavr architecture(s).
/home/ec2-user/arduino-testlib/cli-datadir/user/libraries/directTimers/src/directTimers.cpp: In function &#39;void TIMER0_setClock(byte)&#39;:
/home/ec2-user/arduino-testlib/cli-datadir/user/libraries/directTimers/src/directTimers.cpp:16:9: error: &#39;TCCR0B&#39; was not declared in this scope
         TCCR0B &amp;= ~((1 &lt;&lt; CS02) | (1 &lt;&lt; CS01) | (1 &lt;&lt; CS00));
         ^~~~~~
/home/ec2-user/arduino-testlib/cli-datadir/user/libraries/directTimers/src/directTimers.cpp:16:9: note: suggested alternative: &#39;TCA0&#39;
         TCCR0B &amp;= ~((1 &lt;&lt; CS02) | (1 &lt;&lt; CS01) | (1 &lt;&lt; CS00));
         ^~~~~~
         TCA0
/home/ec2-user/arduino-testlib/cli-datadir/user/libraries/directTimers/src/directTimers.cpp:16:27: error: &#39;CS02&#39; was not declared in this scope
         TCCR0B &amp;= ~((1 &lt;&lt; CS02) | (1 &lt;&lt; CS01) | (1 &lt;&lt; CS00));
                           ^~~~
/home/ec2-user/arduino-testlib/cli-datadir/user/libraries/directTimers/src/directTimers.cpp:16:41: error: &#39;CS01&#39; was not declared in this scope
         TCCR0B &amp;= ~((1 &lt;&lt; CS02) | (1 &lt;&lt; CS01) | (1 &lt;&lt; CS00));
                                         ^~~~
/home/ec2-user/arduino-testlib/cli-datadir/user/libraries/directTimers/src/directTimers.cpp:16:41: note: suggested alternative: &#39;B101&#39;
         TCCR0B &amp;= ~((1 &lt;&lt; CS02) | (1 &lt;&lt; CS01) | (1 &lt;&lt; CS00));
                                         ^~~~
                                         B101
/home/ec2-user/arduino-testlib/cli-datadir/user/libraries/directTimers/src/directTimers.cpp:16:55: error: &#39;CS00&#39; was not declared in this scope
         TCCR0B &amp;= ~((1 &lt;&lt; CS02) | (1 &lt;&lt; CS01) | (1 &lt;&lt; CS00));
                                                       ^~~~
/home/ec2-user/arduino-testlib/cli-datadir/user/libraries/directTimers/src/directTimers.cpp:16:55: note: suggested alternative: &#39;B100&#39;
         TCCR0B &amp;= ~((1 &lt;&lt; CS02) | (1 &lt;&lt; CS01) | (1 &lt;&lt; CS00));
                                                       ^~~~
                                                       B100
/home/ec2-user/arduino-testlib/cli-datadir/user/libraries/directTimers/src/directTimers.cpp: In function &#39;void TIMER0_setMode(byte)&#39;:
/home/ec2-user/arduino-testlib/cli-datadir/user/libraries/directTimers/src/directTimers.cpp:53:9: error: &#39;TCCR0B&#39; was not declared in this scope
         TCCR0B &amp;= ~ (1 &lt;&lt; WGM02); // top = 255
         ^~~~~~
/home/ec2-user/arduino-testlib/cli-datadir/user/libraries/directTimers/src/directTimers.cpp:53:9: note: suggested alternative: &#39;TCA0&#39;
         TCCR0B &amp;= ~ (1 &lt;&lt; WGM02); // top = 255
         ^~~~~~
         TCA0
/home/ec2-user/arduino-testlib/cli-datadir/user/libraries/directTimers/src/directTimers.cpp:53:27: error: &#39;WGM02&#39; was not declared in this scope
         TCCR0B &amp;= ~ (1 &lt;&lt; WGM02); // top = 255
                           ^~~~~
/home/ec2-user/arduino-testlib/cli-datadir/user/libraries/directTimers/src/directTimers.cpp:54:9: error: &#39;TCCR0A&#39; was not declared in this scope
         TCCR0A &amp;= ~((1 &lt;&lt; WGM01) | (1 &lt;&lt; WGM00)); // pwm &amp; correct disable
         ^~~~~~
/home/ec2-user/arduino-testlib/cli-datadir/user/libraries/directTimers/src/directTimers.cpp:54:9: note: suggested alternative: &#39;TCA0&#39;
         TCCR0A &amp;= ~((1 &lt;&lt; WGM01) | (1 &lt;&lt; WGM00)); // pwm &amp; correct disable
         ^~~~~~
         TCA0
/home/ec2-user/arduino-testlib/cli-datadir/user/libraries/directTimers/src/directTimers.cpp:54:27: error: &#39;WGM01&#39; was not declared in this scope
         TCCR0A &amp;= ~((1 &lt;&lt; WGM01) | (1 &lt;&lt; WGM00)); // pwm &amp; correct disable
                           ^~~~~
/home/ec2-user/arduino-testlib/cli-datadir/user/libraries/directTimers/src/directTimers.cpp:54:42: error: &#39;WGM00&#39; was not declared in this scope
         TCCR0A &amp;= ~((1 &lt;&lt; WGM01) | (1 &lt;&lt; WGM00)); // pwm &amp; correct disable
                                          ^~~~~
/home/ec2-user/arduino-testlib/cli-datadir/user/libraries/directTimers/src/directTimers.cpp: In function &#39;void TIMER0_COMPA_mode(byte)&#39;:
/home/ec2-user/arduino-testlib/cli-datadir/user/libraries/directTimers/src/directTimers.cpp:87:9: error: &#39;TCCR0A&#39; was not declared in this scope
         TCCR0A &amp;= ~ ((1 &lt;&lt; COM0A1) | (1 &lt;&lt; COM0A0));
         ^~~~~~
/home/ec2-user/arduino-testlib/cli-datadir/user/libraries/directTimers/src/directTimers.cpp:87:9: note: suggested alternative: &#39;TCA0&#39;
         TCCR0A &amp;= ~ ((1 &lt;&lt; COM0A1) | (1 &lt;&lt; COM0A0));
         ^~~~~~
         TCA0
/home/ec2-user/arduino-testlib/cli-datadir/user/libraries/directTimers/src/directTimers.cpp:87:28: error: &#39;COM0A1&#39; was not declared in this scope
         TCCR0A &amp;= ~ ((1 &lt;&lt; COM0A1) | (1 &lt;&lt; COM0A0));
                            ^~~~~~
/home/ec2-user/arduino-testlib/cli-datadir/user/libraries/directTimers/src/directTimers.cpp:87:44: error: &#39;COM0A0&#39; was not declared in this scope
         TCCR0A &amp;= ~ ((1 &lt;&lt; COM0A1) | (1 &lt;&lt; COM0A0));
                                            ^~~~~~
/home/ec2-user/arduino-testlib/cli-datadir/user/libraries/directTimers/src/directTimers.cpp:92:9: error: &#39;TCCR0B&#39; was not declared in this scope
         TCCR0B &amp;=~(1&lt;&lt;FOC0A);
         ^~~~~~
/home/ec2-user/arduino-testlib/cli-datadir/user/libraries/directTimers/src/directTimers.cpp:92:9: note: suggested alternative: &#39;TCA0&#39;
         TCCR0B &amp;=~(1&lt;&lt;FOC0A);
         ^~~~~~
         TCA0
/home/ec2-user/arduino-testlib/cli-datadir/user/libraries/directTimers/src/directTimers.cpp:92:23: error: &#39;FOC0A&#39; was not declared in this scope
         TCCR0B &amp;=~(1&lt;&lt;FOC0A);
                       ^~~~~
/home/ec2-user/arduino-testlib/cli-datadir/user/libraries/directTimers/src/directTimers.cpp: In function &#39;void TIMER0_COMPB_mode(byte)&#39;:
/home/ec2-user/arduino-testlib/cli-datadir/user/libraries/directTimers/src/directTimers.cpp:110:9: error: &#39;TCCR0A&#39; was not declared in this scope
         TCCR0A &amp;= ~ ((1 &lt;&lt; COM0B1) | (1 &lt;&lt; COM0B0));
         ^~~~~~
/home/ec2-user/arduino-testlib/cli-datadir/user/libraries/directTimers/src/directTimers.cpp:110:9: note: suggested alternative: &#39;TCA0&#39;
         TCCR0A &amp;= ~ ((1 &lt;&lt; COM0B1) | (1 &lt;&lt; COM0B0));
         ^~~~~~
         TCA0
/home/ec2-user/arduino-testlib/cli-datadir/user/libraries/directTimers/src/directTimers.cpp:110:28: error: &#39;COM0B1&#39; was not declared in this scope
         TCCR0A &amp;= ~ ((1 &lt;&lt; COM0B1) | (1 &lt;&lt; COM0B0));
                            ^~~~~~
/home/ec2-user/arduino-testlib/cli-datadir/user/libraries/directTimers/src/directTimers.cpp:110:44: error: &#39;COM0B0&#39; was not declared in this scope
         TCCR0A &amp;= ~ ((1 &lt;&lt; COM0B1) | (1 &lt;&lt; COM0B0));
                                            ^~~~~~
/home/ec2-user/arduino-testlib/cli-datadir/user/libraries/directTimers/src/directTimers.cpp:115:9: error: &#39;TCCR0B&#39; was not declared in this scope
         TCCR0B &amp;=~(1&lt;&lt;FOC0B);
         ^~~~~~
/home/ec2-user/arduino-testlib/cli-datadir/user/libraries/directTimers/src/directTimers.cpp:115:9: note: suggested alternative: &#39;TCA0&#39;
         TCCR0B &amp;=~(1&lt;&lt;FOC0B);
         ^~~~~~
         TCA0
/home/ec2-user/arduino-testlib/cli-datadir/user/libraries/directTimers/src/directTimers.cpp:115:23: error: &#39;FOC0B&#39; was not declared in this scope
         TCCR0B &amp;=~(1&lt;&lt;FOC0B);
                       ^~~~~
/home/ec2-user/arduino-testlib/cli-datadir/user/libraries/directTimers/src/directTimers.cpp: In function &#39;void TIMER0_attach_COMPA()&#39;:
/home/ec2-user/arduino-testlib/cli-datadir/user/libraries/directTimers/src/directTimers.cpp:132:5: error: &#39;TIMSK0&#39; was not declared in this scope
     TIMSK0 |= (1 &lt;&lt; OCIE0A); // подкл прерывание
     ^~~~~~
/home/ec2-user/arduino-testlib/cli-datadir/user/libraries/directTimers/src/directTimers.cpp:132:5: note: suggested alternative: &#39;TIMERA0&#39;
     TIMSK0 |= (1 &lt;&lt; OCIE0A); // подкл прерывание
     ^~~~~~
     TIMERA0
/home/ec2-user/arduino-testlib/cli-datadir/user/libraries/directTimers/src/directTimers.cpp:132:21: error: &#39;OCIE0A&#39; was not declared in this scope
     TIMSK0 |= (1 &lt;&lt; OCIE0A); // подкл прерывание
                     ^~~~~~
/home/ec2-user/arduino-testlib/cli-datadir/user/libraries/directTimers/src/directTimers.cpp: In function &#39;void TIMER0_attach_COMPB()&#39;:
/home/ec2-user/arduino-testlib/cli-datadir/user/libraries/directTimers/src/directTimers.cpp:136:5: error: &#39;TIMSK0&#39; was not declared in this scope
     TIMSK0 |= (1 &lt;&lt; OCIE0B);
     ^~~~~~
/home/ec2-user/arduino-testlib/cli-datadir/user/libraries/directTimers/src/directTimers.cpp:136:5: note: suggested alternative: &#39;TIMERA0&#39;
     TIMSK0 |= (1 &lt;&lt; OCIE0B);
     ^~~~~~
     TIMERA0
/home/ec2-user/arduino-testlib/cli-datadir/user/libraries/directTimers/src/directTimers.cpp:136:21: error: &#39;OCIE0B&#39; was not declared in this scope
     TIMSK0 |= (1 &lt;&lt; OCIE0B);
                     ^~~~~~
/home/ec2-user/arduino-testlib/cli-datadir/user/libraries/directTimers/src/directTimers.cpp: In function &#39;void TIMER0_detach_COMPA()&#39;:
/home/ec2-user/arduino-testlib/cli-datadir/user/libraries/directTimers/src/directTimers.cpp:140:5: error: &#39;TIMSK0&#39; was not declared in this scope
     TIMSK0 &amp;=~ (1 &lt;&lt; OCIE0A); // выкл прерывание
     ^~~~~~
/home/ec2-user/arduino-testlib/cli-datadir/user/libraries/directTimers/src/directTimers.cpp:140:5: note: suggested alternative: &#39;TIMERA0&#39;
     TIMSK0 &amp;=~ (1 &lt;&lt; OCIE0A); // выкл прерывание
     ^~~~~~
     TIMERA0
/home/ec2-user/arduino-testlib/cli-datadir/user/libraries/directTimers/src/directTimers.cpp:140:22: error: &#39;OCIE0A&#39; was not declared in this scope
     TIMSK0 &amp;=~ (1 &lt;&lt; OCIE0A); // выкл прерывание
                      ^~~~~~
/home/ec2-user/arduino-testlib/cli-datadir/user/libraries/directTimers/src/directTimers.cpp: In function &#39;void TIMER0_detach_COMPB()&#39;:
/home/ec2-user/arduino-testlib/cli-datadir/user/libraries/directTimers/src/directTimers.cpp:144:5: error: &#39;TIMSK0&#39; was not declared in this scope
     TIMSK0 &amp;=~  (1 &lt;&lt; OCIE0B); // выкл прерывание
     ^~~~~~
/home/ec2-user/arduino-testlib/cli-datadir/user/libraries/directTimers/src/directTimers.cpp:144:5: note: suggested alternative: &#39;TIMERA0&#39;
     TIMSK0 &amp;=~  (1 &lt;&lt; OCIE0B); // выкл пре</pre>
					
				
				<h3 id="arduino:samd:mkrwifi1010">arduino:samd:mkrwifi1010 @ 1.8.12</h3>
				<h4>Inclusion</h4>
				<p>
					Result: <b>FAIL</b>
					
				</p>
				<pre class="pre-scrollable">WARNING: library directTimers claims to run on avr architecture(s) and may be incompatible with your current board which runs on samd architecture(s).
/home/ec2-user/arduino-testlib/cli-datadir/user/libraries/directTimers/src/directTimers.cpp: In function &#39;void TIMER0_setClock(byte)&#39;:
/home/ec2-user/arduino-testlib/cli-datadir/user/libraries/directTimers/src/directTimers.cpp:16:9: error: &#39;TCCR0B&#39; was not declared in this scope
         TCCR0B &amp;= ~((1 &lt;&lt; CS02) | (1 &lt;&lt; CS01) | (1 &lt;&lt; CS00));
         ^~~~~~
/home/ec2-user/arduino-testlib/cli-datadir/user/libraries/directTimers/src/directTimers.cpp:16:9: note: suggested alternative: &#39;TCC0&#39;
         TCCR0B &amp;= ~((1 &lt;&lt; CS02) | (1 &lt;&lt; CS01) | (1 &lt;&lt; CS00));
         ^~~~~~
         TCC0
/home/ec2-user/arduino-testlib/cli-datadir/user/libraries/directTimers/src/directTimers.cpp:16:27: error: &#39;CS02&#39; was not declared in this scope
         TCCR0B &amp;= ~((1 &lt;&lt; CS02) | (1 &lt;&lt; CS01) | (1 &lt;&lt; CS00));
                           ^~~~
/home/ec2-user/arduino-testlib/cli-datadir/user/libraries/directTimers/src/directTimers.cpp:16:41: error: &#39;CS01&#39; was not declared in this scope
         TCCR0B &amp;= ~((1 &lt;&lt; CS02) | (1 &lt;&lt; CS01) | (1 &lt;&lt; CS00));
                                         ^~~~
/home/ec2-user/arduino-testlib/cli-datadir/user/libraries/directTimers/src/directTimers.cpp:16:41: note: suggested alternative: &#39;SS1&#39;
         TCCR0B &amp;= ~((1 &lt;&lt; CS02) | (1 &lt;&lt; CS01) | (1 &lt;&lt; CS00));
                                         ^~~~
                                         SS1
/home/ec2-user/arduino-testlib/cli-datadir/user/libraries/directTimers/src/directTimers.cpp:16:55: error: &#39;CS00&#39; was not declared in this scope
         TCCR0B &amp;= ~((1 &lt;&lt; CS02) | (1 &lt;&lt; CS01) | (1 &lt;&lt; CS00));
                                                       ^~~~
/home/ec2-user/arduino-testlib/cli-datadir/user/libraries/directTimers/src/directTimers.cpp:16:55: note: suggested alternative: &#39;B100&#39;
         TCCR0B &amp;= ~((1 &lt;&lt; CS02) | (1 &lt;&lt; CS01) | (1 &lt;&lt; CS00));
                                                       ^~~~
                                                       B100
/home/ec2-user/arduino-testlib/cli-datadir/user/libraries/directTimers/src/directTimers.cpp: In function &#39;void TIMER0_setMode(byte)&#39;:
/home/ec2-user/arduino-testlib/cli-datadir/user/libraries/directTimers/src/directTimers.cpp:53:9: error: &#39;TCCR0B&#39; was not declared in this scope
         TCCR0B &amp;= ~ (1 &lt;&lt; WGM02); // top = 255
         ^~~~~~
/home/ec2-user/arduino-testlib/cli-datadir/user/libraries/directTimers/src/directTimers.cpp:53:9: note: suggested alternative: &#39;TCC0&#39;
         TCCR0B &amp;= ~ (1 &lt;&lt; WGM02); // top = 255
         ^~~~~~
         TCC0
/home/ec2-user/arduino-testlib/cli-datadir/user/libraries/directTimers/src/directTimers.cpp:53:27: error: &#39;WGM02&#39; was not declared in this scope
         TCCR0B &amp;= ~ (1 &lt;&lt; WGM02); // top = 255
                           ^~~~~
/home/ec2-user/arduino-testlib/cli-datadir/user/libraries/directTimers/src/directTimers.cpp:54:9: error: &#39;TCCR0A&#39; was not declared in this scope
         TCCR0A &amp;= ~((1 &lt;&lt; WGM01) | (1 &lt;&lt; WGM00)); // pwm &amp; correct disable
         ^~~~~~
/home/ec2-user/arduino-testlib/cli-datadir/user/libraries/directTimers/src/directTimers.cpp:54:9: note: suggested alternative: &#39;TCC0&#39;
         TCCR0A &amp;= ~((1 &lt;&lt; WGM01) | (1 &lt;&lt; WGM00)); // pwm &amp; correct disable
         ^~~~~~
         TCC0
/home/ec2-user/arduino-testlib/cli-datadir/user/libraries/directTimers/src/directTimers.cpp:54:27: error: &#39;WGM01&#39; was not declared in this scope
         TCCR0A &amp;= ~((1 &lt;&lt; WGM01) | (1 &lt;&lt; WGM00)); // pwm &amp; correct disable
                           ^~~~~
/home/ec2-user/arduino-testlib/cli-datadir/user/libraries/directTimers/src/directTimers.cpp:54:42: error: &#39;WGM00&#39; was not declared in this scope
         TCCR0A &amp;= ~((1 &lt;&lt; WGM01) | (1 &lt;&lt; WGM00)); // pwm &amp; correct disable
                                          ^~~~~
/home/ec2-user/arduino-testlib/cli-datadir/user/libraries/directTimers/src/directTimers.cpp: In function &#39;void TIMER0_COMPA_mode(byte)&#39;:
/home/ec2-user/arduino-testlib/cli-datadir/user/libraries/directTimers/src/directTimers.cpp:87:9: error: &#39;TCCR0A&#39; was not declared in this scope
         TCCR0A &amp;= ~ ((1 &lt;&lt; COM0A1) | (1 &lt;&lt; COM0A0));
         ^~~~~~
/home/ec2-user/arduino-testlib/cli-datadir/user/libraries/directTimers/src/directTimers.cpp:87:9: note: suggested alternative: &#39;TCC0&#39;
         TCCR0A &amp;= ~ ((1 &lt;&lt; COM0A1) | (1 &lt;&lt; COM0A0));
         ^~~~~~
         TCC0
/home/ec2-user/arduino-testlib/cli-datadir/user/libraries/directTimers/src/directTimers.cpp:87:28: error: &#39;COM0A1&#39; was not declared in this scope
         TCCR0A &amp;= ~ ((1 &lt;&lt; COM0A1) | (1 &lt;&lt; COM0A0));
                            ^~~~~~
/home/ec2-user/arduino-testlib/cli-datadir/user/libraries/directTimers/src/directTimers.cpp:87:44: error: &#39;COM0A0&#39; was not declared in this scope
         TCCR0A &amp;= ~ ((1 &lt;&lt; COM0A1) | (1 &lt;&lt; COM0A0));
                                            ^~~~~~
/home/ec2-user/arduino-testlib/cli-datadir/user/libraries/directTimers/src/directTimers.cpp:92:9: error: &#39;TCCR0B&#39; was not declared in this scope
         TCCR0B &amp;=~(1&lt;&lt;FOC0A);
         ^~~~~~
/home/ec2-user/arduino-testlib/cli-datadir/user/libraries/directTimers/src/directTimers.cpp:92:9: note: suggested alternative: &#39;TCC0&#39;
         TCCR0B &amp;=~(1&lt;&lt;FOC0A);
         ^~~~~~
         TCC0
/home/ec2-user/arduino-testlib/cli-datadir/user/libraries/directTimers/src/directTimers.cpp:92:23: error: &#39;FOC0A&#39; was not declared in this scope
         TCCR0B &amp;=~(1&lt;&lt;FOC0A);
                       ^~~~~
/home/ec2-user/arduino-testlib/cli-datadir/user/libraries/directTimers/src/directTimers.cpp: In function &#39;void TIMER0_COMPB_mode(byte)&#39;:
/home/ec2-user/arduino-testlib/cli-datadir/user/libraries/directTimers/src/directTimers.cpp:110:9: error: &#39;TCCR0A&#39; was not declared in this scope
         TCCR0A &amp;= ~ ((1 &lt;&lt; COM0B1) | (1 &lt;&lt; COM0B0));
         ^~~~~~
/home/ec2-user/arduino-testlib/cli-datadir/user/libraries/directTimers/src/directTimers.cpp:110:9: note: suggested alternative: &#39;TCC0&#39;
         TCCR0A &amp;= ~ ((1 &lt;&lt; COM0B1) | (1 &lt;&lt; COM0B0));
         ^~~~~~
         TCC0
/home/ec2-user/arduino-testlib/cli-datadir/user/libraries/directTimers/src/directTimers.cpp:110:28: error: &#39;COM0B1&#39; was not declared in this scope
         TCCR0A &amp;= ~ ((1 &lt;&lt; COM0B1) | (1 &lt;&lt; COM0B0));
                            ^~~~~~
/home/ec2-user/arduino-testlib/cli-datadir/user/libraries/directTimers/src/directTimers.cpp:110:44: error: &#39;COM0B0&#39; was not declared in this scope
         TCCR0A &amp;= ~ ((1 &lt;&lt; COM0B1) | (1 &lt;&lt; COM0B0));
                                            ^~~~~~
/home/ec2-user/arduino-testlib/cli-datadir/user/libraries/directTimers/src/directTimers.cpp:115:9: error: &#39;TCCR0B&#39; was not declared in this scope
         TCCR0B &amp;=~(1&lt;&lt;FOC0B);
         ^~~~~~
/home/ec2-user/arduino-testlib/cli-datadir/user/libraries/directTimers/src/directTimers.cpp:115:9: note: suggested alternative: &#39;TCC0&#39;
         TCCR0B &amp;=~(1&lt;&lt;FOC0B);
         ^~~~~~
         TCC0
/home/ec2-user/arduino-testlib/cli-datadir/user/libraries/directTimers/src/directTimers.cpp:115:23: error: &#39;FOC0B&#39; was not declared in this scope
         TCCR0B &amp;=~(1&lt;&lt;FOC0B);
                       ^~~~~
/home/ec2-user/arduino-testlib/cli-datadir/user/libraries/directTimers/src/directTimers.cpp: In function &#39;void TIMER0_attach_COMPA()&#39;:
/home/ec2-user/arduino-testlib/cli-datadir/user/libraries/directTimers/src/directTimers.cpp:132:5: error: &#39;TIMSK0&#39; was not declared in this scope
     TIMSK0 |= (1 &lt;&lt; OCIE0A); // подкл прерывание
     ^~~~~~
/home/ec2-user/arduino-testlib/cli-datadir/user/libraries/directTimers/src/directTimers.cpp:132:21: error: &#39;OCIE0A&#39; was not declared in this scope
     TIMSK0 |= (1 &lt;&lt; OCIE0A); // подкл прерывание
                     ^~~~~~
/home/ec2-user/arduino-testlib/cli-datadir/user/libraries/directTimers/src/directTimers.cpp: In function &#39;void TIMER0_attach_COMPB()&#39;:
/home/ec2-user/arduino-testlib/cli-datadir/user/libraries/directTimers/src/directTimers.cpp:136:5: error: &#39;TIMSK0&#39; was not declared in this scope
     TIMSK0 |= (1 &lt;&lt; OCIE0B);
     ^~~~~~
/home/ec2-user/arduino-testlib/cli-datadir/user/libraries/directTimers/src/directTimers.cpp:136:21: error: &#39;OCIE0B&#39; was not declared in this scope
     TIMSK0 |= (1 &lt;&lt; OCIE0B);
                     ^~~~~~
/home/ec2-user/arduino-testlib/cli-datadir/user/libraries/directTimers/src/directTimers.cpp: In function &#39;void TIMER0_detach_COMPA()&#39;:
/home/ec2-user/arduino-testlib/cli-datadir/user/libraries/directTimers/src/directTimers.cpp:140:5: error: &#39;TIMSK0&#39; was not declared in this scope
     TIMSK0 &amp;=~ (1 &lt;&lt; OCIE0A); // выкл прерывание
     ^~~~~~
/home/ec2-user/arduino-testlib/cli-datadir/user/libraries/directTimers/src/directTimers.cpp:140:22: error: &#39;OCIE0A&#39; was not declared in this scope
     TIMSK0 &amp;=~ (1 &lt;&lt; OCIE0A); // выкл прерывание
                      ^~~~~~
/home/ec2-user/arduino-testlib/cli-datadir/user/libraries/directTimers/src/directTimers.cpp: In function &#39;void TIMER0_detach_COMPB()&#39;:
/home/ec2-user/arduino-testlib/cli-datadir/user/libraries/directTimers/src/directTimers.cpp:144:5: error: &#39;TIMSK0&#39; was not declared in this scope
     TIMSK0 &amp;=~  (1 &lt;&lt; OCIE0B); // выкл прерывание
     ^~~~~~
/home/ec2-user/arduino-testlib/cli-datadir/user/libraries/directTimers/src/directTimers.cpp:144:23: error: &#39;OCIE0B&#39; was not declared in this scope
     TIMSK0 &amp;=~  (1 &lt;&lt; OCIE0B); // выкл прерывание
                       ^~~~~~
/home/ec2-user/arduino-testlib/cli-datadir/user/libraries/directTimers/src/directTimers.cpp: In function &#39;byte TIMER0_getCounter()&#39;:
/home/ec2-user/arduino-testlib/cli-datadir/user/libraries/directTimers/src/directTimers.cpp:151:12: error: &#39;TCNT0&#39; was not declared in this scope
     return TCNT0;
            ^~~~~
/home/ec2-user/arduino-testlib/cli-datadir/user/libraries/directTimers/src/directTimers.cpp:151:12: note: suggested alternative: &#39;TCC0&#39;
     return TCNT0;
            ^~~~~
            TCC0
/home/ec2-user/arduino-testlib/cli-datadir/user/libraries/directTimers/</pre>

					
					<h4>examples/meandr</h4>
					<p>
						Result: <b>FAIL</b>
					</p>
					<pre class="pre-scrollable">WARNING: library directTimers claims to run on avr architecture(s) and may be incompatible with your current board which runs on samd architecture(s).
/home/ec2-user/arduino-testlib/cli-datadir/user/libraries/directTimers/src/directTimers.cpp: In function &#39;void TIMER0_setClock(byte)&#39;:
/home/ec2-user/arduino-testlib/cli-datadir/user/libraries/directTimers/src/directTimers.cpp:16:9: error: &#39;TCCR0B&#39; was not declared in this scope
         TCCR0B &amp;= ~((1 &lt;&lt; CS02) | (1 &lt;&lt; CS01) | (1 &lt;&lt; CS00));
         ^~~~~~
/home/ec2-user/arduino-testlib/cli-datadir/user/libraries/directTimers/src/directTimers.cpp:16:9: note: suggested alternative: &#39;TCC0&#39;
         TCCR0B &amp;= ~((1 &lt;&lt; CS02) | (1 &lt;&lt; CS01) | (1 &lt;&lt; CS00));
         ^~~~~~
         TCC0
/home/ec2-user/arduino-testlib/cli-datadir/user/libraries/directTimers/src/directTimers.cpp:16:27: error: &#39;CS02&#39; was not declared in this scope
         TCCR0B &amp;= ~((1 &lt;&lt; CS02) | (1 &lt;&lt; CS01) | (1 &lt;&lt; CS00));
                           ^~~~
/home/ec2-user/arduino-testlib/cli-datadir/user/libraries/directTimers/src/directTimers.cpp:16:41: error: &#39;CS01&#39; was not declared in this scope
         TCCR0B &amp;= ~((1 &lt;&lt; CS02) | (1 &lt;&lt; CS01) | (1 &lt;&lt; CS00));
                                         ^~~~
/home/ec2-user/arduino-testlib/cli-datadir/user/libraries/directTimers/src/directTimers.cpp:16:41: note: suggested alternative: &#39;SS1&#39;
         TCCR0B &amp;= ~((1 &lt;&lt; CS02) | (1 &lt;&lt; CS01) | (1 &lt;&lt; CS00));
                                         ^~~~
                                         SS1
/home/ec2-user/arduino-testlib/cli-datadir/user/libraries/directTimers/src/directTimers.cpp:16:55: error: &#39;CS00&#39; was not declared in this scope
         TCCR0B &amp;= ~((1 &lt;&lt; CS02) | (1 &lt;&lt; CS01) | (1 &lt;&lt; CS00));
                                                       ^~~~
/home/ec2-user/arduino-testlib/cli-datadir/user/libraries/directTimers/src/directTimers.cpp:16:55: note: suggested alternative: &#39;B100&#39;
         TCCR0B &amp;= ~((1 &lt;&lt; CS02) | (1 &lt;&lt; CS01) | (1 &lt;&lt; CS00));
                                                       ^~~~
                                                       B100
/home/ec2-user/arduino-testlib/cli-datadir/user/libraries/directTimers/src/directTimers.cpp: In function &#39;void TIMER0_setMode(byte)&#39;:
/home/ec2-user/arduino-testlib/cli-datadir/user/libraries/directTimers/src/directTimers.cpp:53:9: error: &#39;TCCR0B&#39; was not declared in this scope
         TCCR0B &amp;= ~ (1 &lt;&lt; WGM02); // top = 255
         ^~~~~~
/home/ec2-user/arduino-testlib/cli-datadir/user/libraries/directTimers/src/directTimers.cpp:53:9: note: suggested alternative: &#39;TCC0&#39;
         TCCR0B &amp;= ~ (1 &lt;&lt; WGM02); // top = 255
         ^~~~~~
         TCC0
/home/ec2-user/arduino-testlib/cli-datadir/user/libraries/directTimers/src/directTimers.cpp:53:27: error: &#39;WGM02&#39; was not declared in this scope
         TCCR0B &amp;= ~ (1 &lt;&lt; WGM02); // top = 255
                           ^~~~~
/home/ec2-user/arduino-testlib/cli-datadir/user/libraries/directTimers/src/directTimers.cpp:54:9: error: &#39;TCCR0A&#39; was not declared in this scope
         TCCR0A &amp;= ~((1 &lt;&lt; WGM01) | (1 &lt;&lt; WGM00)); // pwm &amp; correct disable
         ^~~~~~
/home/ec2-user/arduino-testlib/cli-datadir/user/libraries/directTimers/src/directTimers.cpp:54:9: note: suggested alternative: &#39;TCC0&#39;
         TCCR0A &amp;= ~((1 &lt;&lt; WGM01) | (1 &lt;&lt; WGM00)); // pwm &amp; correct disable
         ^~~~~~
         TCC0
/home/ec2-user/arduino-testlib/cli-datadir/user/libraries/directTimers/src/directTimers.cpp:54:27: error: &#39;WGM01&#39; was not declared in this scope
         TCCR0A &amp;= ~((1 &lt;&lt; WGM01) | (1 &lt;&lt; WGM00)); // pwm &amp; correct disable
                           ^~~~~
/home/ec2-user/arduino-testlib/cli-datadir/user/libraries/directTimers/src/directTimers.cpp:54:42: error: &#39;WGM00&#39; was not declared in this scope
         TCCR0A &amp;= ~((1 &lt;&lt; WGM01) | (1 &lt;&lt; WGM00)); // pwm &amp; correct disable
                                          ^~~~~
/home/ec2-user/arduino-testlib/cli-datadir/user/libraries/directTimers/src/directTimers.cpp: In function &#39;void TIMER0_COMPA_mode(byte)&#39;:
/home/ec2-user/arduino-testlib/cli-datadir/user/libraries/directTimers/src/directTimers.cpp:87:9: error: &#39;TCCR0A&#39; was not declared in this scope
         TCCR0A &amp;= ~ ((1 &lt;&lt; COM0A1) | (1 &lt;&lt; COM0A0));
         ^~~~~~
/home/ec2-user/arduino-testlib/cli-datadir/user/libraries/directTimers/src/directTimers.cpp:87:9: note: suggested alternative: &#39;TCC0&#39;
         TCCR0A &amp;= ~ ((1 &lt;&lt; COM0A1) | (1 &lt;&lt; COM0A0));
         ^~~~~~
         TCC0
/home/ec2-user/arduino-testlib/cli-datadir/user/libraries/directTimers/src/directTimers.cpp:87:28: error: &#39;COM0A1&#39; was not declared in this scope
         TCCR0A &amp;= ~ ((1 &lt;&lt; COM0A1) | (1 &lt;&lt; COM0A0));
                            ^~~~~~
/home/ec2-user/arduino-testlib/cli-datadir/user/libraries/directTimers/src/directTimers.cpp:87:44: error: &#39;COM0A0&#39; was not declared in this scope
         TCCR0A &amp;= ~ ((1 &lt;&lt; COM0A1) | (1 &lt;&lt; COM0A0));
                                            ^~~~~~
/home/ec2-user/arduino-testlib/cli-datadir/user/libraries/directTimers/src/directTimers.cpp:92:9: error: &#39;TCCR0B&#39; was not declared in this scope
         TCCR0B &amp;=~(1&lt;&lt;FOC0A);
         ^~~~~~
/home/ec2-user/arduino-testlib/cli-datadir/user/libraries/directTimers/src/directTimers.cpp:92:9: note: suggested alternative: &#39;TCC0&#39;
         TCCR0B &amp;=~(1&lt;&lt;FOC0A);
         ^~~~~~
         TCC0
/home/ec2-user/arduino-testlib/cli-datadir/user/libraries/directTimers/src/directTimers.cpp:92:23: error: &#39;FOC0A&#39; was not declared in this scope
         TCCR0B &amp;=~(1&lt;&lt;FOC0A);
                       ^~~~~
/home/ec2-user/arduino-testlib/cli-datadir/user/libraries/directTimers/src/directTimers.cpp: In function &#39;void TIMER0_COMPB_mode(byte)&#39;:
/home/ec2-user/arduino-testlib/cli-datadir/user/libraries/directTimers/src/directTimers.cpp:110:9: error: &#39;TCCR0A&#39; was not declared in this scope
         TCCR0A &amp;= ~ ((1 &lt;&lt; COM0B1) | (1 &lt;&lt; COM0B0));
         ^~~~~~
/home/ec2-user/arduino-testlib/cli-datadir/user/libraries/directTimers/src/directTimers.cpp:110:9: note: suggested alternative: &#39;TCC0&#39;
         TCCR0A &amp;= ~ ((1 &lt;&lt; COM0B1) | (1 &lt;&lt; COM0B0));
         ^~~~~~
         TCC0
/home/ec2-user/arduino-testlib/cli-datadir/user/libraries/directTimers/src/directTimers.cpp:110:28: error: &#39;COM0B1&#39; was not declared in this scope
         TCCR0A &amp;= ~ ((1 &lt;&lt; COM0B1) | (1 &lt;&lt; COM0B0));
                            ^~~~~~
/home/ec2-user/arduino-testlib/cli-datadir/user/libraries/directTimers/src/directTimers.cpp:110:44: error: &#39;COM0B0&#39; was not declared in this scope
         TCCR0A &amp;= ~ ((1 &lt;&lt; COM0B1) | (1 &lt;&lt; COM0B0));
                                            ^~~~~~
/home/ec2-user/arduino-testlib/cli-datadir/user/libraries/directTimers/src/directTimers.cpp:115:9: error: &#39;TCCR0B&#39; was not declared in this scope
         TCCR0B &amp;=~(1&lt;&lt;FOC0B);
         ^~~~~~
/home/ec2-user/arduino-testlib/cli-datadir/user/libraries/directTimers/src/directTimers.cpp:115:9: note: suggested alternative: &#39;TCC0&#39;
         TCCR0B &amp;=~(1&lt;&lt;FOC0B);
         ^~~~~~
         TCC0
/home/ec2-user/arduino-testlib/cli-datadir/user/libraries/directTimers/src/directTimers.cpp:115:23: error: &#39;FOC0B&#39; was not declared in this scope
         TCCR0B &amp;=~(1&lt;&lt;FOC0B);
                       ^~~~~
/home/ec2-user/arduino-testlib/cli-datadir/user/libraries/directTimers/src/directTimers.cpp: In function &#39;void TIMER0_attach_COMPA()&#39;:
/home/ec2-user/arduino-testlib/cli-datadir/user/libraries/directTimers/src/directTimers.cpp:132:5: error: &#39;TIMSK0&#39; was not declared in this scope
     TIMSK0 |= (1 &lt;&lt; OCIE0A); // подкл прерывание
     ^~~~~~
/home/ec2-user/arduino-testlib/cli-datadir/user/libraries/directTimers/src/directTimers.cpp:132:21: error: &#39;OCIE0A&#39; was not declared in this scope
     TIMSK0 |= (1 &lt;&lt; OCIE0A); // подкл прерывание
                     ^~~~~~
/home/ec2-user/arduino-testlib/cli-datadir/user/libraries/directTimers/src/directTimers.cpp: In function &#39;void TIMER0_attach_COMPB()&#39;:
/home/ec2-user/arduino-testlib/cli-datadir/user/libraries/directTimers/src/directTimers.cpp:136:5: error: &#39;TIMSK0&#39; was not declared in this scope
     TIMSK0 |= (1 &lt;&lt; OCIE0B);
     ^~~~~~
/home/ec2-user/arduino-testlib/cli-datadir/user/libraries/directTimers/src/directTimers.cpp:136:21: error: &#39;OCIE0B&#39; was not declared in this scope
     TIMSK0 |= (1 &lt;&lt; OCIE0B);
                     ^~~~~~
/home/ec2-user/arduino-testlib/cli-datadir/user/libraries/directTimers/src/directTimers.cpp: In function &#39;void TIMER0_detach_COMPA()&#39;:
/home/ec2-user/arduino-testlib/cli-datadir/user/libraries/directTimers/src/directTimers.cpp:140:5: error: &#39;TIMSK0&#39; was not declared in this scope
     TIMSK0 &amp;=~ (1 &lt;&lt; OCIE0A); // выкл прерывание
     ^~~~~~
/home/ec2-user/arduino-testlib/cli-datadir/user/libraries/directTimers/src/directTimers.cpp:140:22: error: &#39;OCIE0A&#39; was not declared in this scope
     TIMSK0 &amp;=~ (1 &lt;&lt; OCIE0A); // выкл прерывание
                      ^~~~~~
/home/ec2-user/arduino-testlib/cli-datadir/user/libraries/directTimers/src/directTimers.cpp: In function &#39;void TIMER0_detach_COMPB()&#39;:
/home/ec2-user/arduino-testlib/cli-datadir/user/libraries/directTimers/src/directTimers.cpp:144:5: error: &#39;TIMSK0&#39; was not declared in this scope
     TIMSK0 &amp;=~  (1 &lt;&lt; OCIE0B); // выкл прерывание
     ^~~~~~
/home/ec2-user/arduino-testlib/cli-datadir/user/libraries/directTimers/src/directTimers.cpp:144:23: error: &#39;OCIE0B&#39; was not declared in this scope
     TIMSK0 &amp;=~  (1 &lt;&lt; OCIE0B); // выкл прерывание
                       ^~~~~~
/home/ec2-user/arduino-testlib/cli-datadir/user/libraries/directTimers/src/directTimers.cpp: In function &#39;byte TIMER0_getCounter()&#39;:
/home/ec2-user/arduino-testlib/cli-datadir/user/libraries/directTimers/src/directTimers.cpp:151:12: error: &#39;TCNT0&#39; was not declared in this scope
     return TCNT0;
            ^~~~~
/home/ec2-user/arduino-testlib/cli-datadir/user/libraries/directTimers/src/directTimers.cpp:151:12: note: suggested alternative: &#39;TCC0&#39;
     return TCNT0;
            ^~~~~
            TCC0
/home/ec2-user/arduino-testlib/cli-datadir/user/libraries/directTimers/</pre>
					
					<h4>examples/pwm_custom_freq</h4>
					<p>
						Result: <b>FAIL</b>
					</p>
					<pre class="pre-scrollable">WARNING: library directTimers claims to run on avr architecture(s) and may be incompatible with your current board which runs on samd architecture(s).
/home/ec2-user/arduino-testlib/cli-datadir/user/libraries/directTimers/src/directTimers.cpp: In function &#39;void TIMER0_setClock(byte)&#39;:
/home/ec2-user/arduino-testlib/cli-datadir/user/libraries/directTimers/src/directTimers.cpp:16:9: error: &#39;TCCR0B&#39; was not declared in this scope
         TCCR0B &amp;= ~((1 &lt;&lt; CS02) | (1 &lt;&lt; CS01) | (1 &lt;&lt; CS00));
         ^~~~~~
/home/ec2-user/arduino-testlib/cli-datadir/user/libraries/directTimers/src/directTimers.cpp:16:9: note: suggested alternative: &#39;TCC0&#39;
         TCCR0B &amp;= ~((1 &lt;&lt; CS02) | (1 &lt;&lt; CS01) | (1 &lt;&lt; CS00));
         ^~~~~~
         TCC0
/home/ec2-user/arduino-testlib/cli-datadir/user/libraries/directTimers/src/directTimers.cpp:16:27: error: &#39;CS02&#39; was not declared in this scope
         TCCR0B &amp;= ~((1 &lt;&lt; CS02) | (1 &lt;&lt; CS01) | (1 &lt;&lt; CS00));
                           ^~~~
/home/ec2-user/arduino-testlib/cli-datadir/user/libraries/directTimers/src/directTimers.cpp:16:41: error: &#39;CS01&#39; was not declared in this scope
         TCCR0B &amp;= ~((1 &lt;&lt; CS02) | (1 &lt;&lt; CS01) | (1 &lt;&lt; CS00));
                                         ^~~~
/home/ec2-user/arduino-testlib/cli-datadir/user/libraries/directTimers/src/directTimers.cpp:16:41: note: suggested alternative: &#39;SS1&#39;
         TCCR0B &amp;= ~((1 &lt;&lt; CS02) | (1 &lt;&lt; CS01) | (1 &lt;&lt; CS00));
                                         ^~~~
                                         SS1
/home/ec2-user/arduino-testlib/cli-datadir/user/libraries/directTimers/src/directTimers.cpp:16:55: error: &#39;CS00&#39; was not declared in this scope
         TCCR0B &amp;= ~((1 &lt;&lt; CS02) | (1 &lt;&lt; CS01) | (1 &lt;&lt; CS00));
                                                       ^~~~
/home/ec2-user/arduino-testlib/cli-datadir/user/libraries/directTimers/src/directTimers.cpp:16:55: note: suggested alternative: &#39;B100&#39;
         TCCR0B &amp;= ~((1 &lt;&lt; CS02) | (1 &lt;&lt; CS01) | (1 &lt;&lt; CS00));
                                                       ^~~~
                                                       B100
/home/ec2-user/arduino-testlib/cli-datadir/user/libraries/directTimers/src/directTimers.cpp: In function &#39;void TIMER0_setMode(byte)&#39;:
/home/ec2-user/arduino-testlib/cli-datadir/user/libraries/directTimers/src/directTimers.cpp:53:9: error: &#39;TCCR0B&#39; was not declared in this scope
         TCCR0B &amp;= ~ (1 &lt;&lt; WGM02); // top = 255
         ^~~~~~
/home/ec2-user/arduino-testlib/cli-datadir/user/libraries/directTimers/src/directTimers.cpp:53:9: note: suggested alternative: &#39;TCC0&#39;
         TCCR0B &amp;= ~ (1 &lt;&lt; WGM02); // top = 255
         ^~~~~~
         TCC0
/home/ec2-user/arduino-testlib/cli-datadir/user/libraries/directTimers/src/directTimers.cpp:53:27: error: &#39;WGM02&#39; was not declared in this scope
         TCCR0B &amp;= ~ (1 &lt;&lt; WGM02); // top = 255
                           ^~~~~
/home/ec2-user/arduino-testlib/cli-datadir/user/libraries/directTimers/src/directTimers.cpp:54:9: error: &#39;TCCR0A&#39; was not declared in this scope
         TCCR0A &amp;= ~((1 &lt;&lt; WGM01) | (1 &lt;&lt; WGM00)); // pwm &amp; correct disable
         ^~~~~~
/home/ec2-user/arduino-testlib/cli-datadir/user/libraries/directTimers/src/directTimers.cpp:54:9: note: suggested alternative: &#39;TCC0&#39;
         TCCR0A &amp;= ~((1 &lt;&lt; WGM01) | (1 &lt;&lt; WGM00)); // pwm &amp; correct disable
         ^~~~~~
         TCC0
/home/ec2-user/arduino-testlib/cli-datadir/user/libraries/directTimers/src/directTimers.cpp:54:27: error: &#39;WGM01&#39; was not declared in this scope
         TCCR0A &amp;= ~((1 &lt;&lt; WGM01) | (1 &lt;&lt; WGM00)); // pwm &amp; correct disable
                           ^~~~~
/home/ec2-user/arduino-testlib/cli-datadir/user/libraries/directTimers/src/directTimers.cpp:54:42: error: &#39;WGM00&#39; was not declared in this scope
         TCCR0A &amp;= ~((1 &lt;&lt; WGM01) | (1 &lt;&lt; WGM00)); // pwm &amp; correct disable
                                          ^~~~~
/home/ec2-user/arduino-testlib/cli-datadir/user/libraries/directTimers/src/directTimers.cpp: In function &#39;void TIMER0_COMPA_mode(byte)&#39;:
/home/ec2-user/arduino-testlib/cli-datadir/user/libraries/directTimers/src/directTimers.cpp:87:9: error: &#39;TCCR0A&#39; was not declared in this scope
         TCCR0A &amp;= ~ ((1 &lt;&lt; COM0A1) | (1 &lt;&lt; COM0A0));
         ^~~~~~
/home/ec2-user/arduino-testlib/cli-datadir/user/libraries/directTimers/src/directTimers.cpp:87:9: note: suggested alternative: &#39;TCC0&#39;
         TCCR0A &amp;= ~ ((1 &lt;&lt; COM0A1) | (1 &lt;&lt; COM0A0));
         ^~~~~~
         TCC0
/home/ec2-user/arduino-testlib/cli-datadir/user/libraries/directTimers/src/directTimers.cpp:87:28: error: &#39;COM0A1&#39; was not declared in this scope
         TCCR0A &amp;= ~ ((1 &lt;&lt; COM0A1) | (1 &lt;&lt; COM0A0));
                            ^~~~~~
/home/ec2-user/arduino-testlib/cli-datadir/user/libraries/directTimers/src/directTimers.cpp:87:44: error: &#39;COM0A0&#39; was not declared in this scope
         TCCR0A &amp;= ~ ((1 &lt;&lt; COM0A1) | (1 &lt;&lt; COM0A0));
                                            ^~~~~~
/home/ec2-user/arduino-testlib/cli-datadir/user/libraries/directTimers/src/directTimers.cpp:92:9: error: &#39;TCCR0B&#39; was not declared in this scope
         TCCR0B &amp;=~(1&lt;&lt;FOC0A);
         ^~~~~~
/home/ec2-user/arduino-testlib/cli-datadir/user/libraries/directTimers/src/directTimers.cpp:92:9: note: suggested alternative: &#39;TCC0&#39;
         TCCR0B &amp;=~(1&lt;&lt;FOC0A);
         ^~~~~~
         TCC0
/home/ec2-user/arduino-testlib/cli-datadir/user/libraries/directTimers/src/directTimers.cpp:92:23: error: &#39;FOC0A&#39; was not declared in this scope
         TCCR0B &amp;=~(1&lt;&lt;FOC0A);
                       ^~~~~
/home/ec2-user/arduino-testlib/cli-datadir/user/libraries/directTimers/src/directTimers.cpp: In function &#39;void TIMER0_COMPB_mode(byte)&#39;:
/home/ec2-user/arduino-testlib/cli-datadir/user/libraries/directTimers/src/directTimers.cpp:110:9: error: &#39;TCCR0A&#39; was not declared in this scope
         TCCR0A &amp;= ~ ((1 &lt;&lt; COM0B1) | (1 &lt;&lt; COM0B0));
         ^~~~~~
/home/ec2-user/arduino-testlib/cli-datadir/user/libraries/directTimers/src/directTimers.cpp:110:9: note: suggested alternative: &#39;TCC0&#39;
         TCCR0A &amp;= ~ ((1 &lt;&lt; COM0B1) | (1 &lt;&lt; COM0B0));
         ^~~~~~
         TCC0
/home/ec2-user/arduino-testlib/cli-datadir/user/libraries/directTimers/src/directTimers.cpp:110:28: error: &#39;COM0B1&#39; was not declared in this scope
         TCCR0A &amp;= ~ ((1 &lt;&lt; COM0B1) | (1 &lt;&lt; COM0B0));
                            ^~~~~~
/home/ec2-user/arduino-testlib/cli-datadir/user/libraries/directTimers/src/directTimers.cpp:110:44: error: &#39;COM0B0&#39; was not declared in this scope
         TCCR0A &amp;= ~ ((1 &lt;&lt; COM0B1) | (1 &lt;&lt; COM0B0));
                                            ^~~~~~
/home/ec2-user/arduino-testlib/cli-datadir/user/libraries/directTimers/src/directTimers.cpp:115:9: error: &#39;TCCR0B&#39; was not declared in this scope
         TCCR0B &amp;=~(1&lt;&lt;FOC0B);
         ^~~~~~
/home/ec2-user/arduino-testlib/cli-datadir/user/libraries/directTimers/src/directTimers.cpp:115:9: note: suggested alternative: &#39;TCC0&#39;
         TCCR0B &amp;=~(1&lt;&lt;FOC0B);
         ^~~~~~
         TCC0
/home/ec2-user/arduino-testlib/cli-datadir/user/libraries/directTimers/src/directTimers.cpp:115:23: error: &#39;FOC0B&#39; was not declared in this scope
         TCCR0B &amp;=~(1&lt;&lt;FOC0B);
                       ^~~~~
/home/ec2-user/arduino-testlib/cli-datadir/user/libraries/directTimers/src/directTimers.cpp: In function &#39;void TIMER0_attach_COMPA()&#39;:
/home/ec2-user/arduino-testlib/cli-datadir/user/libraries/directTimers/src/directTimers.cpp:132:5: error: &#39;TIMSK0&#39; was not declared in this scope
     TIMSK0 |= (1 &lt;&lt; OCIE0A); // подкл прерывание
     ^~~~~~
/home/ec2-user/arduino-testlib/cli-datadir/user/libraries/directTimers/src/directTimers.cpp:132:21: error: &#39;OCIE0A&#39; was not declared in this scope
     TIMSK0 |= (1 &lt;&lt; OCIE0A); // подкл прерывание
                     ^~~~~~
/home/ec2-user/arduino-testlib/cli-datadir/user/libraries/directTimers/src/directTimers.cpp: In function &#39;void TIMER0_attach_COMPB()&#39;:
/home/ec2-user/arduino-testlib/cli-datadir/user/libraries/directTimers/src/directTimers.cpp:136:5: error: &#39;TIMSK0&#39; was not declared in this scope
     TIMSK0 |= (1 &lt;&lt; OCIE0B);
     ^~~~~~
/home/ec2-user/arduino-testlib/cli-datadir/user/libraries/directTimers/src/directTimers.cpp:136:21: error: &#39;OCIE0B&#39; was not declared in this scope
     TIMSK0 |= (1 &lt;&lt; OCIE0B);
                     ^~~~~~
/home/ec2-user/arduino-testlib/cli-datadir/user/libraries/directTimers/src/directTimers.cpp: In function &#39;void TIMER0_detach_COMPA()&#39;:
/home/ec2-user/arduino-testlib/cli-datadir/user/libraries/directTimers/src/directTimers.cpp:140:5: error: &#39;TIMSK0&#39; was not declared in this scope
     TIMSK0 &amp;=~ (1 &lt;&lt; OCIE0A); // выкл прерывание
     ^~~~~~
/home/ec2-user/arduino-testlib/cli-datadir/user/libraries/directTimers/src/directTimers.cpp:140:22: error: &#39;OCIE0A&#39; was not declared in this scope
     TIMSK0 &amp;=~ (1 &lt;&lt; OCIE0A); // выкл прерывание
                      ^~~~~~
/home/ec2-user/arduino-testlib/cli-datadir/user/libraries/directTimers/src/directTimers.cpp: In function &#39;void TIMER0_detach_COMPB()&#39;:
/home/ec2-user/arduino-testlib/cli-datadir/user/libraries/directTimers/src/directTimers.cpp:144:5: error: &#39;TIMSK0&#39; was not declared in this scope
     TIMSK0 &amp;=~  (1 &lt;&lt; OCIE0B); // выкл прерывание
     ^~~~~~
/home/ec2-user/arduino-testlib/cli-datadir/user/libraries/directTimers/src/directTimers.cpp:144:23: error: &#39;OCIE0B&#39; was not declared in this scope
     TIMSK0 &amp;=~  (1 &lt;&lt; OCIE0B); // выкл прерывание
                       ^~~~~~
/home/ec2-user/arduino-testlib/cli-datadir/user/libraries/directTimers/src/directTimers.cpp: In function &#39;byte TIMER0_getCounter()&#39;:
/home/ec2-user/arduino-testlib/cli-datadir/user/libraries/directTimers/src/directTimers.cpp:151:12: error: &#39;TCNT0&#39; was not declared in this scope
     return TCNT0;
            ^~~~~
/home/ec2-user/arduino-testlib/cli-datadir/user/libraries/directTimers/src/directTimers.cpp:151:12: note: suggested alternative: &#39;TCC0&#39;
     return TCNT0;
            ^~~~~
            TCC0
/home/ec2-user/arduino-testlib/cli-datadir/user/libraries/directTimers/</pre>
					
					<h4>examples/pwm_simple_10bit</h4>
					<p>
						Result: <b>FAIL</b>
					</p>
					<pre class="pre-scrollable">WARNING: library directTimers claims to run on avr architecture(s) and may be incompatible with your current board which runs on samd architecture(s).
/home/ec2-user/arduino-testlib/cli-datadir/user/libraries/directTimers/src/directTimers.cpp: In function &#39;void TIMER0_setClock(byte)&#39;:
/home/ec2-user/arduino-testlib/cli-datadir/user/libraries/directTimers/src/directTimers.cpp:16:9: error: &#39;TCCR0B&#39; was not declared in this scope
         TCCR0B &amp;= ~((1 &lt;&lt; CS02) | (1 &lt;&lt; CS01) | (1 &lt;&lt; CS00));
         ^~~~~~
/home/ec2-user/arduino-testlib/cli-datadir/user/libraries/directTimers/src/directTimers.cpp:16:9: note: suggested alternative: &#39;TCC0&#39;
         TCCR0B &amp;= ~((1 &lt;&lt; CS02) | (1 &lt;&lt; CS01) | (1 &lt;&lt; CS00));
         ^~~~~~
         TCC0
/home/ec2-user/arduino-testlib/cli-datadir/user/libraries/directTimers/src/directTimers.cpp:16:27: error: &#39;CS02&#39; was not declared in this scope
         TCCR0B &amp;= ~((1 &lt;&lt; CS02) | (1 &lt;&lt; CS01) | (1 &lt;&lt; CS00));
                           ^~~~
/home/ec2-user/arduino-testlib/cli-datadir/user/libraries/directTimers/src/directTimers.cpp:16:41: error: &#39;CS01&#39; was not declared in this scope
         TCCR0B &amp;= ~((1 &lt;&lt; CS02) | (1 &lt;&lt; CS01) | (1 &lt;&lt; CS00));
                                         ^~~~
/home/ec2-user/arduino-testlib/cli-datadir/user/libraries/directTimers/src/directTimers.cpp:16:41: note: suggested alternative: &#39;SS1&#39;
         TCCR0B &amp;= ~((1 &lt;&lt; CS02) | (1 &lt;&lt; CS01) | (1 &lt;&lt; CS00));
                                         ^~~~
                                         SS1
/home/ec2-user/arduino-testlib/cli-datadir/user/libraries/directTimers/src/directTimers.cpp:16:55: error: &#39;CS00&#39; was not declared in this scope
         TCCR0B &amp;= ~((1 &lt;&lt; CS02) | (1 &lt;&lt; CS01) | (1 &lt;&lt; CS00));
                                                       ^~~~
/home/ec2-user/arduino-testlib/cli-datadir/user/libraries/directTimers/src/directTimers.cpp:16:55: note: suggested alternative: &#39;B100&#39;
         TCCR0B &amp;= ~((1 &lt;&lt; CS02) | (1 &lt;&lt; CS01) | (1 &lt;&lt; CS00));
                                                       ^~~~
                                                       B100
/home/ec2-user/arduino-testlib/cli-datadir/user/libraries/directTimers/src/directTimers.cpp: In function &#39;void TIMER0_setMode(byte)&#39;:
/home/ec2-user/arduino-testlib/cli-datadir/user/libraries/directTimers/src/directTimers.cpp:53:9: error: &#39;TCCR0B&#39; was not declared in this scope
         TCCR0B &amp;= ~ (1 &lt;&lt; WGM02); // top = 255
         ^~~~~~
/home/ec2-user/arduino-testlib/cli-datadir/user/libraries/directTimers/src/directTimers.cpp:53:9: note: suggested alternative: &#39;TCC0&#39;
         TCCR0B &amp;= ~ (1 &lt;&lt; WGM02); // top = 255
         ^~~~~~
         TCC0
/home/ec2-user/arduino-testlib/cli-datadir/user/libraries/directTimers/src/directTimers.cpp:53:27: error: &#39;WGM02&#39; was not declared in this scope
         TCCR0B &amp;= ~ (1 &lt;&lt; WGM02); // top = 255
                           ^~~~~
/home/ec2-user/arduino-testlib/cli-datadir/user/libraries/directTimers/src/directTimers.cpp:54:9: error: &#39;TCCR0A&#39; was not declared in this scope
         TCCR0A &amp;= ~((1 &lt;&lt; WGM01) | (1 &lt;&lt; WGM00)); // pwm &amp; correct disable
         ^~~~~~
/home/ec2-user/arduino-testlib/cli-datadir/user/libraries/directTimers/src/directTimers.cpp:54:9: note: suggested alternative: &#39;TCC0&#39;
         TCCR0A &amp;= ~((1 &lt;&lt; WGM01) | (1 &lt;&lt; WGM00)); // pwm &amp; correct disable
         ^~~~~~
         TCC0
/home/ec2-user/arduino-testlib/cli-datadir/user/libraries/directTimers/src/directTimers.cpp:54:27: error: &#39;WGM01&#39; was not declared in this scope
         TCCR0A &amp;= ~((1 &lt;&lt; WGM01) | (1 &lt;&lt; WGM00)); // pwm &amp; correct disable
                           ^~~~~
/home/ec2-user/arduino-testlib/cli-datadir/user/libraries/directTimers/src/directTimers.cpp:54:42: error: &#39;WGM00&#39; was not declared in this scope
         TCCR0A &amp;= ~((1 &lt;&lt; WGM01) | (1 &lt;&lt; WGM00)); // pwm &amp; correct disable
                                          ^~~~~
/home/ec2-user/arduino-testlib/cli-datadir/user/libraries/directTimers/src/directTimers.cpp: In function &#39;void TIMER0_COMPA_mode(byte)&#39;:
/home/ec2-user/arduino-testlib/cli-datadir/user/libraries/directTimers/src/directTimers.cpp:87:9: error: &#39;TCCR0A&#39; was not declared in this scope
         TCCR0A &amp;= ~ ((1 &lt;&lt; COM0A1) | (1 &lt;&lt; COM0A0));
         ^~~~~~
/home/ec2-user/arduino-testlib/cli-datadir/user/libraries/directTimers/src/directTimers.cpp:87:9: note: suggested alternative: &#39;TCC0&#39;
         TCCR0A &amp;= ~ ((1 &lt;&lt; COM0A1) | (1 &lt;&lt; COM0A0));
         ^~~~~~
         TCC0
/home/ec2-user/arduino-testlib/cli-datadir/user/libraries/directTimers/src/directTimers.cpp:87:28: error: &#39;COM0A1&#39; was not declared in this scope
         TCCR0A &amp;= ~ ((1 &lt;&lt; COM0A1) | (1 &lt;&lt; COM0A0));
                            ^~~~~~
/home/ec2-user/arduino-testlib/cli-datadir/user/libraries/directTimers/src/directTimers.cpp:87:44: error: &#39;COM0A0&#39; was not declared in this scope
         TCCR0A &amp;= ~ ((1 &lt;&lt; COM0A1) | (1 &lt;&lt; COM0A0));
                                            ^~~~~~
/home/ec2-user/arduino-testlib/cli-datadir/user/libraries/directTimers/src/directTimers.cpp:92:9: error: &#39;TCCR0B&#39; was not declared in this scope
         TCCR0B &amp;=~(1&lt;&lt;FOC0A);
         ^~~~~~
/home/ec2-user/arduino-testlib/cli-datadir/user/libraries/directTimers/src/directTimers.cpp:92:9: note: suggested alternative: &#39;TCC0&#39;
         TCCR0B &amp;=~(1&lt;&lt;FOC0A);
         ^~~~~~
         TCC0
/home/ec2-user/arduino-testlib/cli-datadir/user/libraries/directTimers/src/directTimers.cpp:92:23: error: &#39;FOC0A&#39; was not declared in this scope
         TCCR0B &amp;=~(1&lt;&lt;FOC0A);
                       ^~~~~
/home/ec2-user/arduino-testlib/cli-datadir/user/libraries/directTimers/src/directTimers.cpp: In function &#39;void TIMER0_COMPB_mode(byte)&#39;:
/home/ec2-user/arduino-testlib/cli-datadir/user/libraries/directTimers/src/directTimers.cpp:110:9: error: &#39;TCCR0A&#39; was not declared in this scope
         TCCR0A &amp;= ~ ((1 &lt;&lt; COM0B1) | (1 &lt;&lt; COM0B0));
         ^~~~~~
/home/ec2-user/arduino-testlib/cli-datadir/user/libraries/directTimers/src/directTimers.cpp:110:9: note: suggested alternative: &#39;TCC0&#39;
         TCCR0A &amp;= ~ ((1 &lt;&lt; COM0B1) | (1 &lt;&lt; COM0B0));
         ^~~~~~
         TCC0
/home/ec2-user/arduino-testlib/cli-datadir/user/libraries/directTimers/src/directTimers.cpp:110:28: error: &#39;COM0B1&#39; was not declared in this scope
         TCCR0A &amp;= ~ ((1 &lt;&lt; COM0B1) | (1 &lt;&lt; COM0B0));
                            ^~~~~~
/home/ec2-user/arduino-testlib/cli-datadir/user/libraries/directTimers/src/directTimers.cpp:110:44: error: &#39;COM0B0&#39; was not declared in this scope
         TCCR0A &amp;= ~ ((1 &lt;&lt; COM0B1) | (1 &lt;&lt; COM0B0));
                                            ^~~~~~
/home/ec2-user/arduino-testlib/cli-datadir/user/libraries/directTimers/src/directTimers.cpp:115:9: error: &#39;TCCR0B&#39; was not declared in this scope
         TCCR0B &amp;=~(1&lt;&lt;FOC0B);
         ^~~~~~
/home/ec2-user/arduino-testlib/cli-datadir/user/libraries/directTimers/src/directTimers.cpp:115:9: note: suggested alternative: &#39;TCC0&#39;
         TCCR0B &amp;=~(1&lt;&lt;FOC0B);
         ^~~~~~
         TCC0
/home/ec2-user/arduino-testlib/cli-datadir/user/libraries/directTimers/src/directTimers.cpp:115:23: error: &#39;FOC0B&#39; was not declared in this scope
         TCCR0B &amp;=~(1&lt;&lt;FOC0B);
                       ^~~~~
/home/ec2-user/arduino-testlib/cli-datadir/user/libraries/directTimers/src/directTimers.cpp: In function &#39;void TIMER0_attach_COMPA()&#39;:
/home/ec2-user/arduino-testlib/cli-datadir/user/libraries/directTimers/src/directTimers.cpp:132:5: error: &#39;TIMSK0&#39; was not declared in this scope
     TIMSK0 |= (1 &lt;&lt; OCIE0A); // подкл прерывание
     ^~~~~~
/home/ec2-user/arduino-testlib/cli-datadir/user/libraries/directTimers/src/directTimers.cpp:132:21: error: &#39;OCIE0A&#39; was not declared in this scope
     TIMSK0 |= (1 &lt;&lt; OCIE0A); // подкл прерывание
                     ^~~~~~
/home/ec2-user/arduino-testlib/cli-datadir/user/libraries/directTimers/src/directTimers.cpp: In function &#39;void TIMER0_attach_COMPB()&#39;:
/home/ec2-user/arduino-testlib/cli-datadir/user/libraries/directTimers/src/directTimers.cpp:136:5: error: &#39;TIMSK0&#39; was not declared in this scope
     TIMSK0 |= (1 &lt;&lt; OCIE0B);
     ^~~~~~
/home/ec2-user/arduino-testlib/cli-datadir/user/libraries/directTimers/src/directTimers.cpp:136:21: error: &#39;OCIE0B&#39; was not declared in this scope
     TIMSK0 |= (1 &lt;&lt; OCIE0B);
                     ^~~~~~
/home/ec2-user/arduino-testlib/cli-datadir/user/libraries/directTimers/src/directTimers.cpp: In function &#39;void TIMER0_detach_COMPA()&#39;:
/home/ec2-user/arduino-testlib/cli-datadir/user/libraries/directTimers/src/directTimers.cpp:140:5: error: &#39;TIMSK0&#39; was not declared in this scope
     TIMSK0 &amp;=~ (1 &lt;&lt; OCIE0A); // выкл прерывание
     ^~~~~~
/home/ec2-user/arduino-testlib/cli-datadir/user/libraries/directTimers/src/directTimers.cpp:140:22: error: &#39;OCIE0A&#39; was not declared in this scope
     TIMSK0 &amp;=~ (1 &lt;&lt; OCIE0A); // выкл прерывание
                      ^~~~~~
/home/ec2-user/arduino-testlib/cli-datadir/user/libraries/directTimers/src/directTimers.cpp: In function &#39;void TIMER0_detach_COMPB()&#39;:
/home/ec2-user/arduino-testlib/cli-datadir/user/libraries/directTimers/src/directTimers.cpp:144:5: error: &#39;TIMSK0&#39; was not declared in this scope
     TIMSK0 &amp;=~  (1 &lt;&lt; OCIE0B); // выкл прерывание
     ^~~~~~
/home/ec2-user/arduino-testlib/cli-datadir/user/libraries/directTimers/src/directTimers.cpp:144:23: error: &#39;OCIE0B&#39; was not declared in this scope
     TIMSK0 &amp;=~  (1 &lt;&lt; OCIE0B); // выкл прерывание
                       ^~~~~~
/home/ec2-user/arduino-testlib/cli-datadir/user/libraries/directTimers/src/directTimers.cpp: In function &#39;byte TIMER0_getCounter()&#39;:
/home/ec2-user/arduino-testlib/cli-datadir/user/libraries/directTimers/src/directTimers.cpp:151:12: error: &#39;TCNT0&#39; was not declared in this scope
     return TCNT0;
            ^~~~~
/home/ec2-user/arduino-testlib/cli-datadir/user/libraries/directTimers/src/directTimers.cpp:151:12: note: suggested alternative: &#39;TCC0&#39;
     return TCNT0;
            ^~~~~
            TCC0
/home/ec2-user/arduino-testlib/cli-datadir/user/libraries/directTimers/</pre>
					
					<h4>examples/pwm_simple_8bit</h4>
					<p>
						Result: <b>FAIL</b>
					</p>
					<pre class="pre-scrollable">WARNING: library directTimers claims to run on avr architecture(s) and may be incompatible with your current board which runs on samd architecture(s).
/home/ec2-user/arduino-testlib/cli-datadir/user/libraries/directTimers/src/directTimers.cpp: In function &#39;void TIMER0_setClock(byte)&#39;:
/home/ec2-user/arduino-testlib/cli-datadir/user/libraries/directTimers/src/directTimers.cpp:16:9: error: &#39;TCCR0B&#39; was not declared in this scope
         TCCR0B &amp;= ~((1 &lt;&lt; CS02) | (1 &lt;&lt; CS01) | (1 &lt;&lt; CS00));
         ^~~~~~
/home/ec2-user/arduino-testlib/cli-datadir/user/libraries/directTimers/src/directTimers.cpp:16:9: note: suggested alternative: &#39;TCC0&#39;
         TCCR0B &amp;= ~((1 &lt;&lt; CS02) | (1 &lt;&lt; CS01) | (1 &lt;&lt; CS00));
         ^~~~~~
         TCC0
/home/ec2-user/arduino-testlib/cli-datadir/user/libraries/directTimers/src/directTimers.cpp:16:27: error: &#39;CS02&#39; was not declared in this scope
         TCCR0B &amp;= ~((1 &lt;&lt; CS02) | (1 &lt;&lt; CS01) | (1 &lt;&lt; CS00));
                           ^~~~
/home/ec2-user/arduino-testlib/cli-datadir/user/libraries/directTimers/src/directTimers.cpp:16:41: error: &#39;CS01&#39; was not declared in this scope
         TCCR0B &amp;= ~((1 &lt;&lt; CS02) | (1 &lt;&lt; CS01) | (1 &lt;&lt; CS00));
                                         ^~~~
/home/ec2-user/arduino-testlib/cli-datadir/user/libraries/directTimers/src/directTimers.cpp:16:41: note: suggested alternative: &#39;SS1&#39;
         TCCR0B &amp;= ~((1 &lt;&lt; CS02) | (1 &lt;&lt; CS01) | (1 &lt;&lt; CS00));
                                         ^~~~
                                         SS1
/home/ec2-user/arduino-testlib/cli-datadir/user/libraries/directTimers/src/directTimers.cpp:16:55: error: &#39;CS00&#39; was not declared in this scope
         TCCR0B &amp;= ~((1 &lt;&lt; CS02) | (1 &lt;&lt; CS01) | (1 &lt;&lt; CS00));
                                                       ^~~~
/home/ec2-user/arduino-testlib/cli-datadir/user/libraries/directTimers/src/directTimers.cpp:16:55: note: suggested alternative: &#39;B100&#39;
         TCCR0B &amp;= ~((1 &lt;&lt; CS02) | (1 &lt;&lt; CS01) | (1 &lt;&lt; CS00));
                                                       ^~~~
                                                       B100
/home/ec2-user/arduino-testlib/cli-datadir/user/libraries/directTimers/src/directTimers.cpp: In function &#39;void TIMER0_setMode(byte)&#39;:
/home/ec2-user/arduino-testlib/cli-datadir/user/libraries/directTimers/src/directTimers.cpp:53:9: error: &#39;TCCR0B&#39; was not declared in this scope
         TCCR0B &amp;= ~ (1 &lt;&lt; WGM02); // top = 255
         ^~~~~~
/home/ec2-user/arduino-testlib/cli-datadir/user/libraries/directTimers/src/directTimers.cpp:53:9: note: suggested alternative: &#39;TCC0&#39;
         TCCR0B &amp;= ~ (1 &lt;&lt; WGM02); // top = 255
         ^~~~~~
         TCC0
/home/ec2-user/arduino-testlib/cli-datadir/user/libraries/directTimers/src/directTimers.cpp:53:27: error: &#39;WGM02&#39; was not declared in this scope
         TCCR0B &amp;= ~ (1 &lt;&lt; WGM02); // top = 255
                           ^~~~~
/home/ec2-user/arduino-testlib/cli-datadir/user/libraries/directTimers/src/directTimers.cpp:54:9: error: &#39;TCCR0A&#39; was not declared in this scope
         TCCR0A &amp;= ~((1 &lt;&lt; WGM01) | (1 &lt;&lt; WGM00)); // pwm &amp; correct disable
         ^~~~~~
/home/ec2-user/arduino-testlib/cli-datadir/user/libraries/directTimers/src/directTimers.cpp:54:9: note: suggested alternative: &#39;TCC0&#39;
         TCCR0A &amp;= ~((1 &lt;&lt; WGM01) | (1 &lt;&lt; WGM00)); // pwm &amp; correct disable
         ^~~~~~
         TCC0
/home/ec2-user/arduino-testlib/cli-datadir/user/libraries/directTimers/src/directTimers.cpp:54:27: error: &#39;WGM01&#39; was not declared in this scope
         TCCR0A &amp;= ~((1 &lt;&lt; WGM01) | (1 &lt;&lt; WGM00)); // pwm &amp; correct disable
                           ^~~~~
/home/ec2-user/arduino-testlib/cli-datadir/user/libraries/directTimers/src/directTimers.cpp:54:42: error: &#39;WGM00&#39; was not declared in this scope
         TCCR0A &amp;= ~((1 &lt;&lt; WGM01) | (1 &lt;&lt; WGM00)); // pwm &amp; correct disable
                                          ^~~~~
/home/ec2-user/arduino-testlib/cli-datadir/user/libraries/directTimers/src/directTimers.cpp: In function &#39;void TIMER0_COMPA_mode(byte)&#39;:
/home/ec2-user/arduino-testlib/cli-datadir/user/libraries/directTimers/src/directTimers.cpp:87:9: error: &#39;TCCR0A&#39; was not declared in this scope
         TCCR0A &amp;= ~ ((1 &lt;&lt; COM0A1) | (1 &lt;&lt; COM0A0));
         ^~~~~~
/home/ec2-user/arduino-testlib/cli-datadir/user/libraries/directTimers/src/directTimers.cpp:87:9: note: suggested alternative: &#39;TCC0&#39;
         TCCR0A &amp;= ~ ((1 &lt;&lt; COM0A1) | (1 &lt;&lt; COM0A0));
         ^~~~~~
         TCC0
/home/ec2-user/arduino-testlib/cli-datadir/user/libraries/directTimers/src/directTimers.cpp:87:28: error: &#39;COM0A1&#39; was not declared in this scope
         TCCR0A &amp;= ~ ((1 &lt;&lt; COM0A1) | (1 &lt;&lt; COM0A0));
                            ^~~~~~
/home/ec2-user/arduino-testlib/cli-datadir/user/libraries/directTimers/src/directTimers.cpp:87:44: error: &#39;COM0A0&#39; was not declared in this scope
         TCCR0A &amp;= ~ ((1 &lt;&lt; COM0A1) | (1 &lt;&lt; COM0A0));
                                            ^~~~~~
/home/ec2-user/arduino-testlib/cli-datadir/user/libraries/directTimers/src/directTimers.cpp:92:9: error: &#39;TCCR0B&#39; was not declared in this scope
         TCCR0B &amp;=~(1&lt;&lt;FOC0A);
         ^~~~~~
/home/ec2-user/arduino-testlib/cli-datadir/user/libraries/directTimers/src/directTimers.cpp:92:9: note: suggested alternative: &#39;TCC0&#39;
         TCCR0B &amp;=~(1&lt;&lt;FOC0A);
         ^~~~~~
         TCC0
/home/ec2-user/arduino-testlib/cli-datadir/user/libraries/directTimers/src/directTimers.cpp:92:23: error: &#39;FOC0A&#39; was not declared in this scope
         TCCR0B &amp;=~(1&lt;&lt;FOC0A);
                       ^~~~~
/home/ec2-user/arduino-testlib/cli-datadir/user/libraries/directTimers/src/directTimers.cpp: In function &#39;void TIMER0_COMPB_mode(byte)&#39;:
/home/ec2-user/arduino-testlib/cli-datadir/user/libraries/directTimers/src/directTimers.cpp:110:9: error: &#39;TCCR0A&#39; was not declared in this scope
         TCCR0A &amp;= ~ ((1 &lt;&lt; COM0B1) | (1 &lt;&lt; COM0B0));
         ^~~~~~
/home/ec2-user/arduino-testlib/cli-datadir/user/libraries/directTimers/src/directTimers.cpp:110:9: note: suggested alternative: &#39;TCC0&#39;
         TCCR0A &amp;= ~ ((1 &lt;&lt; COM0B1) | (1 &lt;&lt; COM0B0));
         ^~~~~~
         TCC0
/home/ec2-user/arduino-testlib/cli-datadir/user/libraries/directTimers/src/directTimers.cpp:110:28: error: &#39;COM0B1&#39; was not declared in this scope
         TCCR0A &amp;= ~ ((1 &lt;&lt; COM0B1) | (1 &lt;&lt; COM0B0));
                            ^~~~~~
/home/ec2-user/arduino-testlib/cli-datadir/user/libraries/directTimers/src/directTimers.cpp:110:44: error: &#39;COM0B0&#39; was not declared in this scope
         TCCR0A &amp;= ~ ((1 &lt;&lt; COM0B1) | (1 &lt;&lt; COM0B0));
                                            ^~~~~~
/home/ec2-user/arduino-testlib/cli-datadir/user/libraries/directTimers/src/directTimers.cpp:115:9: error: &#39;TCCR0B&#39; was not declared in this scope
         TCCR0B &amp;=~(1&lt;&lt;FOC0B);
         ^~~~~~
/home/ec2-user/arduino-testlib/cli-datadir/user/libraries/directTimers/src/directTimers.cpp:115:9: note: suggested alternative: &#39;TCC0&#39;
         TCCR0B &amp;=~(1&lt;&lt;FOC0B);
         ^~~~~~
         TCC0
/home/ec2-user/arduino-testlib/cli-datadir/user/libraries/directTimers/src/directTimers.cpp:115:23: error: &#39;FOC0B&#39; was not declared in this scope
         TCCR0B &amp;=~(1&lt;&lt;FOC0B);
                       ^~~~~
/home/ec2-user/arduino-testlib/cli-datadir/user/libraries/directTimers/src/directTimers.cpp: In function &#39;void TIMER0_attach_COMPA()&#39;:
/home/ec2-user/arduino-testlib/cli-datadir/user/libraries/directTimers/src/directTimers.cpp:132:5: error: &#39;TIMSK0&#39; was not declared in this scope
     TIMSK0 |= (1 &lt;&lt; OCIE0A); // подкл прерывание
     ^~~~~~
/home/ec2-user/arduino-testlib/cli-datadir/user/libraries/directTimers/src/directTimers.cpp:132:21: error: &#39;OCIE0A&#39; was not declared in this scope
     TIMSK0 |= (1 &lt;&lt; OCIE0A); // подкл прерывание
                     ^~~~~~
/home/ec2-user/arduino-testlib/cli-datadir/user/libraries/directTimers/src/directTimers.cpp: In function &#39;void TIMER0_attach_COMPB()&#39;:
/home/ec2-user/arduino-testlib/cli-datadir/user/libraries/directTimers/src/directTimers.cpp:136:5: error: &#39;TIMSK0&#39; was not declared in this scope
     TIMSK0 |= (1 &lt;&lt; OCIE0B);
     ^~~~~~
/home/ec2-user/arduino-testlib/cli-datadir/user/libraries/directTimers/src/directTimers.cpp:136:21: error: &#39;OCIE0B&#39; was not declared in this scope
     TIMSK0 |= (1 &lt;&lt; OCIE0B);
                     ^~~~~~
/home/ec2-user/arduino-testlib/cli-datadir/user/libraries/directTimers/src/directTimers.cpp: In function &#39;void TIMER0_detach_COMPA()&#39;:
/home/ec2-user/arduino-testlib/cli-datadir/user/libraries/directTimers/src/directTimers.cpp:140:5: error: &#39;TIMSK0&#39; was not declared in this scope
     TIMSK0 &amp;=~ (1 &lt;&lt; OCIE0A); // выкл прерывание
     ^~~~~~
/home/ec2-user/arduino-testlib/cli-datadir/user/libraries/directTimers/src/directTimers.cpp:140:22: error: &#39;OCIE0A&#39; was not declared in this scope
     TIMSK0 &amp;=~ (1 &lt;&lt; OCIE0A); // выкл прерывание
                      ^~~~~~
/home/ec2-user/arduino-testlib/cli-datadir/user/libraries/directTimers/src/directTimers.cpp: In function &#39;void TIMER0_detach_COMPB()&#39;:
/home/ec2-user/arduino-testlib/cli-datadir/user/libraries/directTimers/src/directTimers.cpp:144:5: error: &#39;TIMSK0&#39; was not declared in this scope
     TIMSK0 &amp;=~  (1 &lt;&lt; OCIE0B); // выкл прерывание
     ^~~~~~
/home/ec2-user/arduino-testlib/cli-datadir/user/libraries/directTimers/src/directTimers.cpp:144:23: error: &#39;OCIE0B&#39; was not declared in this scope
     TIMSK0 &amp;=~  (1 &lt;&lt; OCIE0B); // выкл прерывание
                       ^~~~~~
/home/ec2-user/arduino-testlib/cli-datadir/user/libraries/directTimers/src/directTimers.cpp: In function &#39;byte TIMER0_getCounter()&#39;:
/home/ec2-user/arduino-testlib/cli-datadir/user/libraries/directTimers/src/directTimers.cpp:151:12: error: &#39;TCNT0&#39; was not declared in this scope
     return TCNT0;
            ^~~~~
/home/ec2-user/arduino-testlib/cli-datadir/user/libraries/directTimers/src/directTimers.cpp:151:12: note: suggested alternative: &#39;TCC0&#39;
     return TCNT0;
            ^~~~~
            TCC0
/home/ec2-user/arduino-testlib/cli-datadir/user/libraries/directTimers/</pre>
					
					<h4>examples/simple_interrupt</h4>
					<p>
						Result: <b>FAIL</b>
					</p>
					<pre class="pre-scrollable">WARNING: library directTimers claims to run on avr architecture(s) and may be incompatible with your current board which runs on samd architecture(s).
/home/ec2-user/arduino-testlib/cli-datadir/user/libraries/directTimers/examples/simple_interrupt/simple_interrupt.ino:31:5: error: expected constructor, destructor, or type conversion before &#39;(&#39; token
 ISR_T2_COMPA {
     ^
/home/ec2-user/arduino-testlib/cli-datadir/user/libraries/directTimers/examples/simple_interrupt/simple_interrupt.ino:35:5: error: expected constructor, destructor, or type conversion before &#39;(&#39; token
 ISR_WDT {
     ^
/home/ec2-user/arduino-testlib/cli-datadir/user/libraries/directTimers/examples/simple_interrupt/simple_interrupt.ino:39:5: error: expected constructor, destructor, or type conversion before &#39;(&#39; token
 ISR_T1_COMPA { // прерывание мигания светодиодом
     ^
In file included from /home/ec2-user/arduino-testlib/cli-datadir/user/libraries/directTimers/examples/simple_interrupt/simple_interrupt.ino:1:0:
/home/ec2-user/arduino-testlib/cli-datadir/user/libraries/directTimers/src/directTimers.h:60:25: error: expected constructor, destructor, or type conversion before &#39;(&#39; token
 #define ISR_T2_COMPA ISR(TIMER2_COMPA_vect)
                         ^
/home/ec2-user/arduino-testlib/cli-datadir/user/libraries/directTimers/examples/simple_interrupt/simple_interrupt.ino:31:1: note: in expansion of macro &#39;ISR_T2_COMPA&#39;
 ISR_T2_COMPA {
 ^~~~~~~~~~~~
/home/ec2-user/arduino-testlib/cli-datadir/user/libraries/directTimers/src/directTimers.h:62:22: error: expected constructor, destructor, or type conversion before &#39;(&#39; token
 #define ISR_WDT   ISR(WDT_vect)
                      ^
/home/ec2-user/arduino-testlib/cli-datadir/user/libraries/directTimers/examples/simple_interrupt/simple_interrupt.ino:35:1: note: in expansion of macro &#39;ISR_WDT&#39;
 ISR_WDT {
 ^~~~~~~
/home/ec2-user/arduino-testlib/cli-datadir/user/libraries/directTimers/src/directTimers.h:57:25: error: expected constructor, destructor, or type conversion before &#39;(&#39; token
 #define ISR_T1_COMPA ISR(TIMER1_COMPA_vect)
                         ^
/home/ec2-user/arduino-testlib/cli-datadir/user/libraries/directTimers/examples/simple_interrupt/simple_interrupt.ino:39:1: note: in expansion of macro &#39;ISR_T1_COMPA&#39;
 ISR_T1_COMPA { // прерывание мигания светодиодом
 ^~~~~~~~~~~~

</pre>
					
				
				<h3 id="esp32:esp32:d1_mini32">esp32:esp32:d1_mini32 @ 1.0.6</h3>
				<h4>Inclusion</h4>
				<p>
					Result: <b>FAIL</b>
					
				</p>
				<pre class="pre-scrollable">WARNING: library directTimers claims to run on avr architecture(s) and may be incompatible with your current board which runs on esp32 architecture(s).
/home/ec2-user/arduino-testlib/cli-datadir/user/libraries/directTimers/src/directTimers.cpp: In function &#39;void TIMER0_setClock(byte)&#39;:
/home/ec2-user/arduino-testlib/cli-datadir/user/libraries/directTimers/src/directTimers.cpp:16:9: error: &#39;TCCR0B&#39; was not declared in this scope
         TCCR0B &amp;= ~((1 &lt;&lt; CS02) | (1 &lt;&lt; CS01) | (1 &lt;&lt; CS00));
         ^
/home/ec2-user/arduino-testlib/cli-datadir/user/libraries/directTimers/src/directTimers.cpp:16:27: error: &#39;CS02&#39; was not declared in this scope
         TCCR0B &amp;= ~((1 &lt;&lt; CS02) | (1 &lt;&lt; CS01) | (1 &lt;&lt; CS00));
                           ^
/home/ec2-user/arduino-testlib/cli-datadir/user/libraries/directTimers/src/directTimers.cpp:16:41: error: &#39;CS01&#39; was not declared in this scope
         TCCR0B &amp;= ~((1 &lt;&lt; CS02) | (1 &lt;&lt; CS01) | (1 &lt;&lt; CS00));
                                         ^
/home/ec2-user/arduino-testlib/cli-datadir/user/libraries/directTimers/src/directTimers.cpp:16:55: error: &#39;CS00&#39; was not declared in this scope
         TCCR0B &amp;= ~((1 &lt;&lt; CS02) | (1 &lt;&lt; CS01) | (1 &lt;&lt; CS00));
                                                       ^
/home/ec2-user/arduino-testlib/cli-datadir/user/libraries/directTimers/src/directTimers.cpp: In function &#39;void TIMER0_setMode(byte)&#39;:
/home/ec2-user/arduino-testlib/cli-datadir/user/libraries/directTimers/src/directTimers.cpp:53:9: error: &#39;TCCR0B&#39; was not declared in this scope
         TCCR0B &amp;= ~ (1 &lt;&lt; WGM02); // top = 255
         ^
/home/ec2-user/arduino-testlib/cli-datadir/user/libraries/directTimers/src/directTimers.cpp:53:27: error: &#39;WGM02&#39; was not declared in this scope
         TCCR0B &amp;= ~ (1 &lt;&lt; WGM02); // top = 255
                           ^
/home/ec2-user/arduino-testlib/cli-datadir/user/libraries/directTimers/src/directTimers.cpp:54:9: error: &#39;TCCR0A&#39; was not declared in this scope
         TCCR0A &amp;= ~((1 &lt;&lt; WGM01) | (1 &lt;&lt; WGM00)); // pwm &amp; correct disable
         ^
/home/ec2-user/arduino-testlib/cli-datadir/user/libraries/directTimers/src/directTimers.cpp:54:27: error: &#39;WGM01&#39; was not declared in this scope
         TCCR0A &amp;= ~((1 &lt;&lt; WGM01) | (1 &lt;&lt; WGM00)); // pwm &amp; correct disable
                           ^
/home/ec2-user/arduino-testlib/cli-datadir/user/libraries/directTimers/src/directTimers.cpp:54:42: error: &#39;WGM00&#39; was not declared in this scope
         TCCR0A &amp;= ~((1 &lt;&lt; WGM01) | (1 &lt;&lt; WGM00)); // pwm &amp; correct disable
                                          ^
/home/ec2-user/arduino-testlib/cli-datadir/user/libraries/directTimers/src/directTimers.cpp: In function &#39;void TIMER0_COMPA_mode(byte)&#39;:
/home/ec2-user/arduino-testlib/cli-datadir/user/libraries/directTimers/src/directTimers.cpp:87:9: error: &#39;TCCR0A&#39; was not declared in this scope
         TCCR0A &amp;= ~ ((1 &lt;&lt; COM0A1) | (1 &lt;&lt; COM0A0));
         ^
/home/ec2-user/arduino-testlib/cli-datadir/user/libraries/directTimers/src/directTimers.cpp:87:28: error: &#39;COM0A1&#39; was not declared in this scope
         TCCR0A &amp;= ~ ((1 &lt;&lt; COM0A1) | (1 &lt;&lt; COM0A0));
                            ^
/home/ec2-user/arduino-testlib/cli-datadir/user/libraries/directTimers/src/directTimers.cpp:87:44: error: &#39;COM0A0&#39; was not declared in this scope
         TCCR0A &amp;= ~ ((1 &lt;&lt; COM0A1) | (1 &lt;&lt; COM0A0));
                                            ^
/home/ec2-user/arduino-testlib/cli-datadir/user/libraries/directTimers/src/directTimers.cpp:92:9: error: &#39;TCCR0B&#39; was not declared in this scope
         TCCR0B &amp;=~(1&lt;&lt;FOC0A);
         ^
/home/ec2-user/arduino-testlib/cli-datadir/user/libraries/directTimers/src/directTimers.cpp:92:23: error: &#39;FOC0A&#39; was not declared in this scope
         TCCR0B &amp;=~(1&lt;&lt;FOC0A);
                       ^
/home/ec2-user/arduino-testlib/cli-datadir/user/libraries/directTimers/src/directTimers.cpp: In function &#39;void TIMER0_COMPB_mode(byte)&#39;:
/home/ec2-user/arduino-testlib/cli-datadir/user/libraries/directTimers/src/directTimers.cpp:110:9: error: &#39;TCCR0A&#39; was not declared in this scope
         TCCR0A &amp;= ~ ((1 &lt;&lt; COM0B1) | (1 &lt;&lt; COM0B0));
         ^
/home/ec2-user/arduino-testlib/cli-datadir/user/libraries/directTimers/src/directTimers.cpp:110:28: error: &#39;COM0B1&#39; was not declared in this scope
         TCCR0A &amp;= ~ ((1 &lt;&lt; COM0B1) | (1 &lt;&lt; COM0B0));
                            ^
/home/ec2-user/arduino-testlib/cli-datadir/user/libraries/directTimers/src/directTimers.cpp:110:44: error: &#39;COM0B0&#39; was not declared in this scope
         TCCR0A &amp;= ~ ((1 &lt;&lt; COM0B1) | (1 &lt;&lt; COM0B0));
                                            ^
/home/ec2-user/arduino-testlib/cli-datadir/user/libraries/directTimers/src/directTimers.cpp:115:9: error: &#39;TCCR0B&#39; was not declared in this scope
         TCCR0B &amp;=~(1&lt;&lt;FOC0B);
         ^
/home/ec2-user/arduino-testlib/cli-datadir/user/libraries/directTimers/src/directTimers.cpp:115:23: error: &#39;FOC0B&#39; was not declared in this scope
         TCCR0B &amp;=~(1&lt;&lt;FOC0B);
                       ^
/home/ec2-user/arduino-testlib/cli-datadir/user/libraries/directTimers/src/directTimers.cpp: In function &#39;void TIMER0_attach_COMPA()&#39;:
/home/ec2-user/arduino-testlib/cli-datadir/user/libraries/directTimers/src/directTimers.cpp:132:5: error: &#39;TIMSK0&#39; was not declared in this scope
     TIMSK0 |= (1 &lt;&lt; OCIE0A); // подкл прерывание
     ^
/home/ec2-user/arduino-testlib/cli-datadir/user/libraries/directTimers/src/directTimers.cpp:132:21: error: &#39;OCIE0A&#39; was not declared in this scope
     TIMSK0 |= (1 &lt;&lt; OCIE0A); // подкл прерывание
                     ^
/home/ec2-user/arduino-testlib/cli-datadir/user/libraries/directTimers/src/directTimers.cpp: In function &#39;void TIMER0_attach_COMPB()&#39;:
/home/ec2-user/arduino-testlib/cli-datadir/user/libraries/directTimers/src/directTimers.cpp:136:5: error: &#39;TIMSK0&#39; was not declared in this scope
     TIMSK0 |= (1 &lt;&lt; OCIE0B);
     ^
/home/ec2-user/arduino-testlib/cli-datadir/user/libraries/directTimers/src/directTimers.cpp:136:21: error: &#39;OCIE0B&#39; was not declared in this scope
     TIMSK0 |= (1 &lt;&lt; OCIE0B);
                     ^
/home/ec2-user/arduino-testlib/cli-datadir/user/libraries/directTimers/src/directTimers.cpp: In function &#39;void TIMER0_detach_COMPA()&#39;:
/home/ec2-user/arduino-testlib/cli-datadir/user/libraries/directTimers/src/directTimers.cpp:140:5: error: &#39;TIMSK0&#39; was not declared in this scope
     TIMSK0 &amp;=~ (1 &lt;&lt; OCIE0A); // выкл прерывание
     ^
/home/ec2-user/arduino-testlib/cli-datadir/user/libraries/directTimers/src/directTimers.cpp:140:22: error: &#39;OCIE0A&#39; was not declared in this scope
     TIMSK0 &amp;=~ (1 &lt;&lt; OCIE0A); // выкл прерывание
                      ^
/home/ec2-user/arduino-testlib/cli-datadir/user/libraries/directTimers/src/directTimers.cpp: In function &#39;void TIMER0_detach_COMPB()&#39;:
/home/ec2-user/arduino-testlib/cli-datadir/user/libraries/directTimers/src/directTimers.cpp:144:5: error: &#39;TIMSK0&#39; was not declared in this scope
     TIMSK0 &amp;=~  (1 &lt;&lt; OCIE0B); // выкл прерывание
     ^
/home/ec2-user/arduino-testlib/cli-datadir/user/libraries/directTimers/src/directTimers.cpp:144:23: error: &#39;OCIE0B&#39; was not declared in this scope
     TIMSK0 &amp;=~  (1 &lt;&lt; OCIE0B); // выкл прерывание
                       ^
/home/ec2-user/arduino-testlib/cli-datadir/user/libraries/directTimers/src/directTimers.cpp: In function &#39;byte TIMER0_getCounter()&#39;:
/home/ec2-user/arduino-testlib/cli-datadir/user/libraries/directTimers/src/directTimers.cpp:151:12: error: &#39;TCNT0&#39; was not declared in this scope
     return TCNT0;
            ^
/home/ec2-user/arduino-testlib/cli-datadir/user/libraries/directTimers/src/directTimers.cpp: In function &#39;void TIMER0_setCounter(byte)&#39;:
/home/ec2-user/arduino-testlib/cli-datadir/user/libraries/directTimers/src/directTimers.cpp:156:5: error: &#39;TCNT0&#39; was not declared in this scope
     TCNT0 = value;
     ^
/home/ec2-user/arduino-testlib/cli-datadir/user/libraries/directTimers/src/directTimers.cpp: In function &#39;void TIMER0_COMPA_setValue(byte)&#39;:
/home/ec2-user/arduino-testlib/cli-datadir/user/libraries/directTimers/src/directTimers.cpp:165:5: error: &#39;OCR0A&#39; was not declared in this scope
     OCR0A = value;
     ^
/home/ec2-user/arduino-testlib/cli-datadir/user/libraries/directTimers/src/directTimers.cpp: In function &#39;void TIMER0_COMPB_setValue(byte)&#39;:
/home/ec2-user/arduino-testlib/cli-datadir/user/libraries/directTimers/src/directTimers.cpp:170:5: error: &#39;OCR0B&#39; was not declared in this scope
     OCR0B = value;
     ^
/home/ec2-user/arduino-testlib/cli-datadir/user/libraries/directTimers/src/directTimers.cpp: In function &#39;void TIMER1_setClock(byte)&#39;:
/home/ec2-user/arduino-testlib/cli-datadir/user/libraries/directTimers/src/directTimers.cpp:179:9: error: &#39;TCCR1B&#39; was not declared in this scope
         TCCR1B &amp;= ~((1 &lt;&lt; CS12) | (1 &lt;&lt; CS11) | (1 &lt;&lt; CS10));
         ^
/home/ec2-user/arduino-testlib/cli-datadir/user/libraries/directTimers/src/directTimers.cpp:179:27: error: &#39;CS12&#39; was not declared in this scope
         TCCR1B &amp;= ~((1 &lt;&lt; CS12) | (1 &lt;&lt; CS11) | (1 &lt;&lt; CS10));
                           ^
/home/ec2-user/arduino-testlib/cli-datadir/user/libraries/directTimers/src/directTimers.cpp:179:41: error: &#39;CS11&#39; was not declared in this scope
         TCCR1B &amp;= ~((1 &lt;&lt; CS12) | (1 &lt;&lt; CS11) | (1 &lt;&lt; CS10));
                                         ^
/home/ec2-user/arduino-testlib/cli-datadir/user/libraries/directTimers/src/directTimers.cpp:179:55: error: &#39;CS10&#39; was not declared in this scope
         TCCR1B &amp;= ~((1 &lt;&lt; CS12) | (1 &lt;&lt; CS11) | (1 &lt;&lt; CS10));
                                                       ^
/home/ec2-user/arduino-testlib/cli-datadir/user/libraries/directTimers/src/directTimers.cpp: In function &#39;void TIMER1_setMode(byte)&#39;:
/home/ec2-user/arduino-testlib/cli-datadir/user/libraries/directTimers/src/directTimers.cpp:215:9: error: &#39;TCCR1A&#39; was not declared in this scope
         TCCR1A &amp;= ~((1 &lt;&lt; WGM11) | (1 &lt;&lt; WGM10));
         ^
/home/ec2-user/arduino-testlib/cli-datadir/user/libraries/directTimers/src/directTimers.cpp:215:27: error: &#39;WGM11&#39; w</pre>

					
					<h4>examples/meandr</h4>
					<p>
						Result: <b>FAIL</b>
					</p>
					<pre class="pre-scrollable">WARNING: library directTimers claims to run on avr architecture(s) and may be incompatible with your current board which runs on esp32 architecture(s).
/home/ec2-user/arduino-testlib/cli-datadir/user/libraries/directTimers/src/directTimers.cpp: In function &#39;void TIMER0_setClock(byte)&#39;:
/home/ec2-user/arduino-testlib/cli-datadir/user/libraries/directTimers/src/directTimers.cpp:16:9: error: &#39;TCCR0B&#39; was not declared in this scope
         TCCR0B &amp;= ~((1 &lt;&lt; CS02) | (1 &lt;&lt; CS01) | (1 &lt;&lt; CS00));
         ^
/home/ec2-user/arduino-testlib/cli-datadir/user/libraries/directTimers/src/directTimers.cpp:16:27: error: &#39;CS02&#39; was not declared in this scope
         TCCR0B &amp;= ~((1 &lt;&lt; CS02) | (1 &lt;&lt; CS01) | (1 &lt;&lt; CS00));
                           ^
/home/ec2-user/arduino-testlib/cli-datadir/user/libraries/directTimers/src/directTimers.cpp:16:41: error: &#39;CS01&#39; was not declared in this scope
         TCCR0B &amp;= ~((1 &lt;&lt; CS02) | (1 &lt;&lt; CS01) | (1 &lt;&lt; CS00));
                                         ^
/home/ec2-user/arduino-testlib/cli-datadir/user/libraries/directTimers/src/directTimers.cpp:16:55: error: &#39;CS00&#39; was not declared in this scope
         TCCR0B &amp;= ~((1 &lt;&lt; CS02) | (1 &lt;&lt; CS01) | (1 &lt;&lt; CS00));
                                                       ^
/home/ec2-user/arduino-testlib/cli-datadir/user/libraries/directTimers/src/directTimers.cpp: In function &#39;void TIMER0_setMode(byte)&#39;:
/home/ec2-user/arduino-testlib/cli-datadir/user/libraries/directTimers/src/directTimers.cpp:53:9: error: &#39;TCCR0B&#39; was not declared in this scope
         TCCR0B &amp;= ~ (1 &lt;&lt; WGM02); // top = 255
         ^
/home/ec2-user/arduino-testlib/cli-datadir/user/libraries/directTimers/src/directTimers.cpp:53:27: error: &#39;WGM02&#39; was not declared in this scope
         TCCR0B &amp;= ~ (1 &lt;&lt; WGM02); // top = 255
                           ^
/home/ec2-user/arduino-testlib/cli-datadir/user/libraries/directTimers/src/directTimers.cpp:54:9: error: &#39;TCCR0A&#39; was not declared in this scope
         TCCR0A &amp;= ~((1 &lt;&lt; WGM01) | (1 &lt;&lt; WGM00)); // pwm &amp; correct disable
         ^
/home/ec2-user/arduino-testlib/cli-datadir/user/libraries/directTimers/src/directTimers.cpp:54:27: error: &#39;WGM01&#39; was not declared in this scope
         TCCR0A &amp;= ~((1 &lt;&lt; WGM01) | (1 &lt;&lt; WGM00)); // pwm &amp; correct disable
                           ^
/home/ec2-user/arduino-testlib/cli-datadir/user/libraries/directTimers/src/directTimers.cpp:54:42: error: &#39;WGM00&#39; was not declared in this scope
         TCCR0A &amp;= ~((1 &lt;&lt; WGM01) | (1 &lt;&lt; WGM00)); // pwm &amp; correct disable
                                          ^
/home/ec2-user/arduino-testlib/cli-datadir/user/libraries/directTimers/src/directTimers.cpp: In function &#39;void TIMER0_COMPA_mode(byte)&#39;:
/home/ec2-user/arduino-testlib/cli-datadir/user/libraries/directTimers/src/directTimers.cpp:87:9: error: &#39;TCCR0A&#39; was not declared in this scope
         TCCR0A &amp;= ~ ((1 &lt;&lt; COM0A1) | (1 &lt;&lt; COM0A0));
         ^
/home/ec2-user/arduino-testlib/cli-datadir/user/libraries/directTimers/src/directTimers.cpp:87:28: error: &#39;COM0A1&#39; was not declared in this scope
         TCCR0A &amp;= ~ ((1 &lt;&lt; COM0A1) | (1 &lt;&lt; COM0A0));
                            ^
/home/ec2-user/arduino-testlib/cli-datadir/user/libraries/directTimers/src/directTimers.cpp:87:44: error: &#39;COM0A0&#39; was not declared in this scope
         TCCR0A &amp;= ~ ((1 &lt;&lt; COM0A1) | (1 &lt;&lt; COM0A0));
                                            ^
/home/ec2-user/arduino-testlib/cli-datadir/user/libraries/directTimers/src/directTimers.cpp:92:9: error: &#39;TCCR0B&#39; was not declared in this scope
         TCCR0B &amp;=~(1&lt;&lt;FOC0A);
         ^
/home/ec2-user/arduino-testlib/cli-datadir/user/libraries/directTimers/src/directTimers.cpp:92:23: error: &#39;FOC0A&#39; was not declared in this scope
         TCCR0B &amp;=~(1&lt;&lt;FOC0A);
                       ^
/home/ec2-user/arduino-testlib/cli-datadir/user/libraries/directTimers/src/directTimers.cpp: In function &#39;void TIMER0_COMPB_mode(byte)&#39;:
/home/ec2-user/arduino-testlib/cli-datadir/user/libraries/directTimers/src/directTimers.cpp:110:9: error: &#39;TCCR0A&#39; was not declared in this scope
         TCCR0A &amp;= ~ ((1 &lt;&lt; COM0B1) | (1 &lt;&lt; COM0B0));
         ^
/home/ec2-user/arduino-testlib/cli-datadir/user/libraries/directTimers/src/directTimers.cpp:110:28: error: &#39;COM0B1&#39; was not declared in this scope
         TCCR0A &amp;= ~ ((1 &lt;&lt; COM0B1) | (1 &lt;&lt; COM0B0));
                            ^
/home/ec2-user/arduino-testlib/cli-datadir/user/libraries/directTimers/src/directTimers.cpp:110:44: error: &#39;COM0B0&#39; was not declared in this scope
         TCCR0A &amp;= ~ ((1 &lt;&lt; COM0B1) | (1 &lt;&lt; COM0B0));
                                            ^
/home/ec2-user/arduino-testlib/cli-datadir/user/libraries/directTimers/src/directTimers.cpp:115:9: error: &#39;TCCR0B&#39; was not declared in this scope
         TCCR0B &amp;=~(1&lt;&lt;FOC0B);
         ^
/home/ec2-user/arduino-testlib/cli-datadir/user/libraries/directTimers/src/directTimers.cpp:115:23: error: &#39;FOC0B&#39; was not declared in this scope
         TCCR0B &amp;=~(1&lt;&lt;FOC0B);
                       ^
/home/ec2-user/arduino-testlib/cli-datadir/user/libraries/directTimers/src/directTimers.cpp: In function &#39;void TIMER0_attach_COMPA()&#39;:
/home/ec2-user/arduino-testlib/cli-datadir/user/libraries/directTimers/src/directTimers.cpp:132:5: error: &#39;TIMSK0&#39; was not declared in this scope
     TIMSK0 |= (1 &lt;&lt; OCIE0A); // подкл прерывание
     ^
/home/ec2-user/arduino-testlib/cli-datadir/user/libraries/directTimers/src/directTimers.cpp:132:21: error: &#39;OCIE0A&#39; was not declared in this scope
     TIMSK0 |= (1 &lt;&lt; OCIE0A); // подкл прерывание
                     ^
/home/ec2-user/arduino-testlib/cli-datadir/user/libraries/directTimers/src/directTimers.cpp: In function &#39;void TIMER0_attach_COMPB()&#39;:
/home/ec2-user/arduino-testlib/cli-datadir/user/libraries/directTimers/src/directTimers.cpp:136:5: error: &#39;TIMSK0&#39; was not declared in this scope
     TIMSK0 |= (1 &lt;&lt; OCIE0B);
     ^
/home/ec2-user/arduino-testlib/cli-datadir/user/libraries/directTimers/src/directTimers.cpp:136:21: error: &#39;OCIE0B&#39; was not declared in this scope
     TIMSK0 |= (1 &lt;&lt; OCIE0B);
                     ^
/home/ec2-user/arduino-testlib/cli-datadir/user/libraries/directTimers/src/directTimers.cpp: In function &#39;void TIMER0_detach_COMPA()&#39;:
/home/ec2-user/arduino-testlib/cli-datadir/user/libraries/directTimers/src/directTimers.cpp:140:5: error: &#39;TIMSK0&#39; was not declared in this scope
     TIMSK0 &amp;=~ (1 &lt;&lt; OCIE0A); // выкл прерывание
     ^
/home/ec2-user/arduino-testlib/cli-datadir/user/libraries/directTimers/src/directTimers.cpp:140:22: error: &#39;OCIE0A&#39; was not declared in this scope
     TIMSK0 &amp;=~ (1 &lt;&lt; OCIE0A); // выкл прерывание
                      ^
/home/ec2-user/arduino-testlib/cli-datadir/user/libraries/directTimers/src/directTimers.cpp: In function &#39;void TIMER0_detach_COMPB()&#39;:
/home/ec2-user/arduino-testlib/cli-datadir/user/libraries/directTimers/src/directTimers.cpp:144:5: error: &#39;TIMSK0&#39; was not declared in this scope
     TIMSK0 &amp;=~  (1 &lt;&lt; OCIE0B); // выкл прерывание
     ^
/home/ec2-user/arduino-testlib/cli-datadir/user/libraries/directTimers/src/directTimers.cpp:144:23: error: &#39;OCIE0B&#39; was not declared in this scope
     TIMSK0 &amp;=~  (1 &lt;&lt; OCIE0B); // выкл прерывание
                       ^
/home/ec2-user/arduino-testlib/cli-datadir/user/libraries/directTimers/src/directTimers.cpp: In function &#39;byte TIMER0_getCounter()&#39;:
/home/ec2-user/arduino-testlib/cli-datadir/user/libraries/directTimers/src/directTimers.cpp:151:12: error: &#39;TCNT0&#39; was not declared in this scope
     return TCNT0;
            ^
/home/ec2-user/arduino-testlib/cli-datadir/user/libraries/directTimers/src/directTimers.cpp: In function &#39;void TIMER0_setCounter(byte)&#39;:
/home/ec2-user/arduino-testlib/cli-datadir/user/libraries/directTimers/src/directTimers.cpp:156:5: error: &#39;TCNT0&#39; was not declared in this scope
     TCNT0 = value;
     ^
/home/ec2-user/arduino-testlib/cli-datadir/user/libraries/directTimers/src/directTimers.cpp: In function &#39;void TIMER0_COMPA_setValue(byte)&#39;:
/home/ec2-user/arduino-testlib/cli-datadir/user/libraries/directTimers/src/directTimers.cpp:165:5: error: &#39;OCR0A&#39; was not declared in this scope
     OCR0A = value;
     ^
/home/ec2-user/arduino-testlib/cli-datadir/user/libraries/directTimers/src/directTimers.cpp: In function &#39;void TIMER0_COMPB_setValue(byte)&#39;:
/home/ec2-user/arduino-testlib/cli-datadir/user/libraries/directTimers/src/directTimers.cpp:170:5: error: &#39;OCR0B&#39; was not declared in this scope
     OCR0B = value;
     ^
/home/ec2-user/arduino-testlib/cli-datadir/user/libraries/directTimers/src/directTimers.cpp: In function &#39;void TIMER1_setClock(byte)&#39;:
/home/ec2-user/arduino-testlib/cli-datadir/user/libraries/directTimers/src/directTimers.cpp:179:9: error: &#39;TCCR1B&#39; was not declared in this scope
         TCCR1B &amp;= ~((1 &lt;&lt; CS12) | (1 &lt;&lt; CS11) | (1 &lt;&lt; CS10));
         ^
/home/ec2-user/arduino-testlib/cli-datadir/user/libraries/directTimers/src/directTimers.cpp:179:27: error: &#39;CS12&#39; was not declared in this scope
         TCCR1B &amp;= ~((1 &lt;&lt; CS12) | (1 &lt;&lt; CS11) | (1 &lt;&lt; CS10));
                           ^
/home/ec2-user/arduino-testlib/cli-datadir/user/libraries/directTimers/src/directTimers.cpp:179:41: error: &#39;CS11&#39; was not declared in this scope
         TCCR1B &amp;= ~((1 &lt;&lt; CS12) | (1 &lt;&lt; CS11) | (1 &lt;&lt; CS10));
                                         ^
/home/ec2-user/arduino-testlib/cli-datadir/user/libraries/directTimers/src/directTimers.cpp:179:55: error: &#39;CS10&#39; was not declared in this scope
         TCCR1B &amp;= ~((1 &lt;&lt; CS12) | (1 &lt;&lt; CS11) | (1 &lt;&lt; CS10));
                                                       ^
/home/ec2-user/arduino-testlib/cli-datadir/user/libraries/directTimers/src/directTimers.cpp: In function &#39;void TIMER1_setMode(byte)&#39;:
/home/ec2-user/arduino-testlib/cli-datadir/user/libraries/directTimers/src/directTimers.cpp:215:9: error: &#39;TCCR1A&#39; was not declared in this scope
         TCCR1A &amp;= ~((1 &lt;&lt; WGM11) | (1 &lt;&lt; WGM10));
         ^
/home/ec2-user/arduino-testlib/cli-datadir/user/libraries/directTimers/src/directTimers.cpp:215:27: error: &#39;WGM11&#39; w</pre>
					
					<h4>examples/pwm_custom_freq</h4>
					<p>
						Result: <b>FAIL</b>
					</p>
					<pre class="pre-scrollable">WARNING: library directTimers claims to run on avr architecture(s) and may be incompatible with your current board which runs on esp32 architecture(s).
/home/ec2-user/arduino-testlib/cli-datadir/user/libraries/directTimers/examples/pwm_custom_freq/pwm_custom_freq.ino: In function &#39;void loop()&#39;:
/home/ec2-user/arduino-testlib/cli-datadir/user/libraries/directTimers/examples/pwm_custom_freq/pwm_custom_freq.ino:26:30: error: &#39;A1&#39; was not declared in this scope
   int dutyB = map(analogRead(A1), 0, 1023, 0, 320);
                              ^

</pre>
					
					<h4>examples/pwm_simple_10bit</h4>
					<p>
						Result: <b>FAIL</b>
					</p>
					<pre class="pre-scrollable">WARNING: library directTimers claims to run on avr architecture(s) and may be incompatible with your current board which runs on esp32 architecture(s).
/home/ec2-user/arduino-testlib/cli-datadir/user/libraries/directTimers/examples/pwm_simple_10bit/pwm_simple_10bit.ino: In function &#39;void loop()&#39;:
/home/ec2-user/arduino-testlib/cli-datadir/user/libraries/directTimers/examples/pwm_simple_10bit/pwm_simple_10bit.ino:16:36: error: &#39;A1&#39; was not declared in this scope
   TIMER1_COMPB_setValue(analogRead(A1)); // аналогично с каналом B (pin 10)
                                    ^

</pre>
					
					<h4>examples/pwm_simple_8bit</h4>
					<p>
						Result: <b>FAIL</b>
					</p>
					<pre class="pre-scrollable">WARNING: library directTimers claims to run on avr architecture(s) and may be incompatible with your current board which runs on esp32 architecture(s).
/home/ec2-user/arduino-testlib/cli-datadir/user/libraries/directTimers/src/directTimers.cpp: In function &#39;void TIMER0_setClock(byte)&#39;:
/home/ec2-user/arduino-testlib/cli-datadir/user/libraries/directTimers/src/directTimers.cpp:16:9: error: &#39;TCCR0B&#39; was not declared in this scope
         TCCR0B &amp;= ~((1 &lt;&lt; CS02) | (1 &lt;&lt; CS01) | (1 &lt;&lt; CS00));
         ^
/home/ec2-user/arduino-testlib/cli-datadir/user/libraries/directTimers/src/directTimers.cpp:16:27: error: &#39;CS02&#39; was not declared in this scope
         TCCR0B &amp;= ~((1 &lt;&lt; CS02) | (1 &lt;&lt; CS01) | (1 &lt;&lt; CS00));
                           ^
/home/ec2-user/arduino-testlib/cli-datadir/user/libraries/directTimers/src/directTimers.cpp:16:41: error: &#39;CS01&#39; was not declared in this scope
         TCCR0B &amp;= ~((1 &lt;&lt; CS02) | (1 &lt;&lt; CS01) | (1 &lt;&lt; CS00));
                                         ^
/home/ec2-user/arduino-testlib/cli-datadir/user/libraries/directTimers/src/directTimers.cpp:16:55: error: &#39;CS00&#39; was not declared in this scope
         TCCR0B &amp;= ~((1 &lt;&lt; CS02) | (1 &lt;&lt; CS01) | (1 &lt;&lt; CS00));
                                                       ^
/home/ec2-user/arduino-testlib/cli-datadir/user/libraries/directTimers/src/directTimers.cpp: In function &#39;void TIMER0_setMode(byte)&#39;:
/home/ec2-user/arduino-testlib/cli-datadir/user/libraries/directTimers/src/directTimers.cpp:53:9: error: &#39;TCCR0B&#39; was not declared in this scope
         TCCR0B &amp;= ~ (1 &lt;&lt; WGM02); // top = 255
         ^
/home/ec2-user/arduino-testlib/cli-datadir/user/libraries/directTimers/src/directTimers.cpp:53:27: error: &#39;WGM02&#39; was not declared in this scope
         TCCR0B &amp;= ~ (1 &lt;&lt; WGM02); // top = 255
                           ^
/home/ec2-user/arduino-testlib/cli-datadir/user/libraries/directTimers/src/directTimers.cpp:54:9: error: &#39;TCCR0A&#39; was not declared in this scope
         TCCR0A &amp;= ~((1 &lt;&lt; WGM01) | (1 &lt;&lt; WGM00)); // pwm &amp; correct disable
         ^
/home/ec2-user/arduino-testlib/cli-datadir/user/libraries/directTimers/src/directTimers.cpp:54:27: error: &#39;WGM01&#39; was not declared in this scope
         TCCR0A &amp;= ~((1 &lt;&lt; WGM01) | (1 &lt;&lt; WGM00)); // pwm &amp; correct disable
                           ^
/home/ec2-user/arduino-testlib/cli-datadir/user/libraries/directTimers/src/directTimers.cpp:54:42: error: &#39;WGM00&#39; was not declared in this scope
         TCCR0A &amp;= ~((1 &lt;&lt; WGM01) | (1 &lt;&lt; WGM00)); // pwm &amp; correct disable
                                          ^
/home/ec2-user/arduino-testlib/cli-datadir/user/libraries/directTimers/src/directTimers.cpp: In function &#39;void TIMER0_COMPA_mode(byte)&#39;:
/home/ec2-user/arduino-testlib/cli-datadir/user/libraries/directTimers/src/directTimers.cpp:87:9: error: &#39;TCCR0A&#39; was not declared in this scope
         TCCR0A &amp;= ~ ((1 &lt;&lt; COM0A1) | (1 &lt;&lt; COM0A0));
         ^
/home/ec2-user/arduino-testlib/cli-datadir/user/libraries/directTimers/src/directTimers.cpp:87:28: error: &#39;COM0A1&#39; was not declared in this scope
         TCCR0A &amp;= ~ ((1 &lt;&lt; COM0A1) | (1 &lt;&lt; COM0A0));
                            ^
/home/ec2-user/arduino-testlib/cli-datadir/user/libraries/directTimers/src/directTimers.cpp:87:44: error: &#39;COM0A0&#39; was not declared in this scope
         TCCR0A &amp;= ~ ((1 &lt;&lt; COM0A1) | (1 &lt;&lt; COM0A0));
                                            ^
/home/ec2-user/arduino-testlib/cli-datadir/user/libraries/directTimers/src/directTimers.cpp:92:9: error: &#39;TCCR0B&#39; was not declared in this scope
         TCCR0B &amp;=~(1&lt;&lt;FOC0A);
         ^
/home/ec2-user/arduino-testlib/cli-datadir/user/libraries/directTimers/src/directTimers.cpp:92:23: error: &#39;FOC0A&#39; was not declared in this scope
         TCCR0B &amp;=~(1&lt;&lt;FOC0A);
                       ^
/home/ec2-user/arduino-testlib/cli-datadir/user/libraries/directTimers/src/directTimers.cpp: In function &#39;void TIMER0_COMPB_mode(byte)&#39;:
/home/ec2-user/arduino-testlib/cli-datadir/user/libraries/directTimers/src/directTimers.cpp:110:9: error: &#39;TCCR0A&#39; was not declared in this scope
         TCCR0A &amp;= ~ ((1 &lt;&lt; COM0B1) | (1 &lt;&lt; COM0B0));
         ^
/home/ec2-user/arduino-testlib/cli-datadir/user/libraries/directTimers/src/directTimers.cpp:110:28: error: &#39;COM0B1&#39; was not declared in this scope
         TCCR0A &amp;= ~ ((1 &lt;&lt; COM0B1) | (1 &lt;&lt; COM0B0));
                            ^
/home/ec2-user/arduino-testlib/cli-datadir/user/libraries/directTimers/src/directTimers.cpp:110:44: error: &#39;COM0B0&#39; was not declared in this scope
         TCCR0A &amp;= ~ ((1 &lt;&lt; COM0B1) | (1 &lt;&lt; COM0B0));
                                            ^
/home/ec2-user/arduino-testlib/cli-datadir/user/libraries/directTimers/src/directTimers.cpp:115:9: error: &#39;TCCR0B&#39; was not declared in this scope
         TCCR0B &amp;=~(1&lt;&lt;FOC0B);
         ^
/home/ec2-user/arduino-testlib/cli-datadir/user/libraries/directTimers/src/directTimers.cpp:115:23: error: &#39;FOC0B&#39; was not declared in this scope
         TCCR0B &amp;=~(1&lt;&lt;FOC0B);
                       ^
/home/ec2-user/arduino-testlib/cli-datadir/user/libraries/directTimers/src/directTimers.cpp: In function &#39;void TIMER0_attach_COMPA()&#39;:
/home/ec2-user/arduino-testlib/cli-datadir/user/libraries/directTimers/src/directTimers.cpp:132:5: error: &#39;TIMSK0&#39; was not declared in this scope
     TIMSK0 |= (1 &lt;&lt; OCIE0A); // подкл прерывание
     ^
/home/ec2-user/arduino-testlib/cli-datadir/user/libraries/directTimers/src/directTimers.cpp:132:21: error: &#39;OCIE0A&#39; was not declared in this scope
     TIMSK0 |= (1 &lt;&lt; OCIE0A); // подкл прерывание
                     ^
/home/ec2-user/arduino-testlib/cli-datadir/user/libraries/directTimers/src/directTimers.cpp: In function &#39;void TIMER0_attach_COMPB()&#39;:
/home/ec2-user/arduino-testlib/cli-datadir/user/libraries/directTimers/src/directTimers.cpp:136:5: error: &#39;TIMSK0&#39; was not declared in this scope
     TIMSK0 |= (1 &lt;&lt; OCIE0B);
     ^
/home/ec2-user/arduino-testlib/cli-datadir/user/libraries/directTimers/src/directTimers.cpp:136:21: error: &#39;OCIE0B&#39; was not declared in this scope
     TIMSK0 |= (1 &lt;&lt; OCIE0B);
                     ^
/home/ec2-user/arduino-testlib/cli-datadir/user/libraries/directTimers/src/directTimers.cpp: In function &#39;void TIMER0_detach_COMPA()&#39;:
/home/ec2-user/arduino-testlib/cli-datadir/user/libraries/directTimers/src/directTimers.cpp:140:5: error: &#39;TIMSK0&#39; was not declared in this scope
     TIMSK0 &amp;=~ (1 &lt;&lt; OCIE0A); // выкл прерывание
     ^
/home/ec2-user/arduino-testlib/cli-datadir/user/libraries/directTimers/src/directTimers.cpp:140:22: error: &#39;OCIE0A&#39; was not declared in this scope
     TIMSK0 &amp;=~ (1 &lt;&lt; OCIE0A); // выкл прерывание
                      ^
/home/ec2-user/arduino-testlib/cli-datadir/user/libraries/directTimers/src/directTimers.cpp: In function &#39;void TIMER0_detach_COMPB()&#39;:
/home/ec2-user/arduino-testlib/cli-datadir/user/libraries/directTimers/src/directTimers.cpp:144:5: error: &#39;TIMSK0&#39; was not declared in this scope
     TIMSK0 &amp;=~  (1 &lt;&lt; OCIE0B); // выкл прерывание
     ^
/home/ec2-user/arduino-testlib/cli-datadir/user/libraries/directTimers/src/directTimers.cpp:144:23: error: &#39;OCIE0B&#39; was not declared in this scope
     TIMSK0 &amp;=~  (1 &lt;&lt; OCIE0B); // выкл прерывание
                       ^
/home/ec2-user/arduino-testlib/cli-datadir/user/libraries/directTimers/src/directTimers.cpp: In function &#39;byte TIMER0_getCounter()&#39;:
/home/ec2-user/arduino-testlib/cli-datadir/user/libraries/directTimers/src/directTimers.cpp:151:12: error: &#39;TCNT0&#39; was not declared in this scope
     return TCNT0;
            ^
/home/ec2-user/arduino-testlib/cli-datadir/user/libraries/directTimers/src/directTimers.cpp: In function &#39;void TIMER0_setCounter(byte)&#39;:
/home/ec2-user/arduino-testlib/cli-datadir/user/libraries/directTimers/src/directTimers.cpp:156:5: error: &#39;TCNT0&#39; was not declared in this scope
     TCNT0 = value;
     ^
/home/ec2-user/arduino-testlib/cli-datadir/user/libraries/directTimers/src/directTimers.cpp: In function &#39;void TIMER0_COMPA_setValue(byte)&#39;:
/home/ec2-user/arduino-testlib/cli-datadir/user/libraries/directTimers/src/directTimers.cpp:165:5: error: &#39;OCR0A&#39; was not declared in this scope
     OCR0A = value;
     ^
/home/ec2-user/arduino-testlib/cli-datadir/user/libraries/directTimers/src/directTimers.cpp: In function &#39;void TIMER0_COMPB_setValue(byte)&#39;:
/home/ec2-user/arduino-testlib/cli-datadir/user/libraries/directTimers/src/directTimers.cpp:170:5: error: &#39;OCR0B&#39; was not declared in this scope
     OCR0B = value;
     ^
/home/ec2-user/arduino-testlib/cli-datadir/user/libraries/directTimers/src/directTimers.cpp: In function &#39;void TIMER1_setClock(byte)&#39;:
/home/ec2-user/arduino-testlib/cli-datadir/user/libraries/directTimers/src/directTimers.cpp:179:9: error: &#39;TCCR1B&#39; was not declared in this scope
         TCCR1B &amp;= ~((1 &lt;&lt; CS12) | (1 &lt;&lt; CS11) | (1 &lt;&lt; CS10));
         ^
/home/ec2-user/arduino-testlib/cli-datadir/user/libraries/directTimers/src/directTimers.cpp:179:27: error: &#39;CS12&#39; was not declared in this scope
         TCCR1B &amp;= ~((1 &lt;&lt; CS12) | (1 &lt;&lt; CS11) | (1 &lt;&lt; CS10));
                           ^
/home/ec2-user/arduino-testlib/cli-datadir/user/libraries/directTimers/src/directTimers.cpp:179:41: error: &#39;CS11&#39; was not declared in this scope
         TCCR1B &amp;= ~((1 &lt;&lt; CS12) | (1 &lt;&lt; CS11) | (1 &lt;&lt; CS10));
                                         ^
/home/ec2-user/arduino-testlib/cli-datadir/user/libraries/directTimers/src/directTimers.cpp:179:55: error: &#39;CS10&#39; was not declared in this scope
         TCCR1B &amp;= ~((1 &lt;&lt; CS12) | (1 &lt;&lt; CS11) | (1 &lt;&lt; CS10));
                                                       ^
/home/ec2-user/arduino-testlib/cli-datadir/user/libraries/directTimers/src/directTimers.cpp: In function &#39;void TIMER1_setMode(byte)&#39;:
/home/ec2-user/arduino-testlib/cli-datadir/user/libraries/directTimers/src/directTimers.cpp:215:9: error: &#39;TCCR1A&#39; was not declared in this scope
         TCCR1A &amp;= ~((1 &lt;&lt; WGM11) | (1 &lt;&lt; WGM10));
         ^
/home/ec2-user/arduino-testlib/cli-datadir/user/libraries/directTimers/src/directTimers.cpp:215:27: error: &#39;WGM11&#39; w</pre>
					
					<h4>examples/simple_interrupt</h4>
					<p>
						Result: <b>FAIL</b>
					</p>
					<pre class="pre-scrollable">WARNING: library directTimers claims to run on avr architecture(s) and may be incompatible with your current board which runs on esp32 architecture(s).
/home/ec2-user/arduino-testlib/cli-datadir/user/libraries/directTimers/examples/simple_interrupt/simple_interrupt.ino:31:5: error: expected constructor, destructor, or type conversion before &#39;(&#39; token
 ISR_T2_COMPA {
     ^
/home/ec2-user/arduino-testlib/cli-datadir/user/libraries/directTimers/examples/simple_interrupt/simple_interrupt.ino:35:5: error: expected constructor, destructor, or type conversion before &#39;(&#39; token
 ISR_WDT {
     ^
/home/ec2-user/arduino-testlib/cli-datadir/user/libraries/directTimers/examples/simple_interrupt/simple_interrupt.ino:39:5: error: expected constructor, destructor, or type conversion before &#39;(&#39; token
 ISR_T1_COMPA { // прерывание мигания светодиодом
     ^
In file included from /home/ec2-user/arduino-testlib/cli-datadir/user/libraries/directTimers/examples/simple_interrupt/simple_interrupt.ino:1:0:
/home/ec2-user/arduino-testlib/cli-datadir/user/libraries/directTimers/src/directTimers.h:60:25: error: expected constructor, destructor, or type conversion before &#39;(&#39; token
 #define ISR_T2_COMPA ISR(TIMER2_COMPA_vect)
                         ^
/home/ec2-user/arduino-testlib/cli-datadir/user/libraries/directTimers/examples/simple_interrupt/simple_interrupt.ino:31:1: note: in expansion of macro &#39;ISR_T2_COMPA&#39;
 ISR_T2_COMPA {
 ^
/home/ec2-user/arduino-testlib/cli-datadir/user/libraries/directTimers/src/directTimers.h:62:22: error: expected constructor, destructor, or type conversion before &#39;(&#39; token
 #define ISR_WDT   ISR(WDT_vect)
                      ^
/home/ec2-user/arduino-testlib/cli-datadir/user/libraries/directTimers/examples/simple_interrupt/simple_interrupt.ino:35:1: note: in expansion of macro &#39;ISR_WDT&#39;
 ISR_WDT {
 ^
/home/ec2-user/arduino-testlib/cli-datadir/user/libraries/directTimers/src/directTimers.h:57:25: error: expected constructor, destructor, or type conversion before &#39;(&#39; token
 #define ISR_T1_COMPA ISR(TIMER1_COMPA_vect)
                         ^
/home/ec2-user/arduino-testlib/cli-datadir/user/libraries/directTimers/examples/simple_interrupt/simple_interrupt.ino:39:1: note: in expansion of macro &#39;ISR_T1_COMPA&#39;
 ISR_T1_COMPA { // прерывание мигания светодиодом
 ^

</pre>
					
				
			</div>
		</div>
	</div>
  </body>
</html>
