
<!doctype html>
<html lang="en">
  <head>
    <meta charset="utf-8">
    <meta name="viewport" content="width=device-width, initial-scale=1">
    <link href="https://cdn.jsdelivr.net/npm/bootstrap@5.0.2/dist/css/bootstrap.min.css" rel="stylesheet" integrity="sha384-EVSTQN3/azprG1Anm3QDgpJLIm9Nao0Yz1ztcQTwFspd3yD65VohhpuuCOmLASjC" crossorigin="anonymous">
    <title>arduino-testlib report</title>
	<style>
	.pass { background-color: #00FF00 !important; }
	.fail { background-color: #FF0000 !important; }
	</style>
  </head>
  <body>
	<div class="container">
		<div class="row">
			<div class="col">
				<h1>DLxx416_Arduino - compatibility matrix</h1>
				<p>
					<small>This report was generated on Wednesday, 23-Feb-22 22:48:15 CET using 
					<a href="https://github.com/alranel/arduino-testlib">arduino-testlib</a>.</small>
				</p>

				<h2>DLxx416_Arduino</h2>
				<p>
					Version: <b>1.0.0</b>
					<br />
					<a href="https://www.arduino.cc/reference/en/libraries/dlxx416_arduino/">More details</a>
				</p>

				<h2>Compatibility matrix</h2>
				<table class="table table-bordered">
					<tr>
						<th>Board</th>
						<th>Claims compatibility</th>
						<th>Inclusion</th>
						
						<th><pre>DLX2416</pre></th>
						
						<th><pre>DLX3416</pre></th>
						
					</tr>
					
					<tr>
						<td>
							<a href="#arduino%3aavr%3auno"><b>arduino:avr:uno</b></a>
							<br />
							<small>1.8.4</small>
						</td>

						
							<td>Yes</td>
							<td class="pass">PASS</td>
						
						
						
						

						
							
								
									
										
											<td class="pass">PASS</td>
											
										
									
										
									
								
							
								
							
								
							
								
							
								
							
						
							
								
									
										
									
										
											<td class="pass">PASS</td>
											
										
									
								
							
								
							
								
							
								
							
								
							
						
					</tr>
					
					<tr>
						<td>
							<a href="#arduino%3ambed_nano%3ananorp2040connect"><b>arduino:mbed_nano:nanorp2040connect</b></a>
							<br />
							<small>2.7.2</small>
						</td>

						
						
						
							<td>Yes ⚠️</td>
							<td class="fail">FAIL</td>
						
						

						
							
								
							
								
									
										
											
											<td class="fail">FAIL</td>
										
									
										
									
								
							
								
							
								
							
								
							
						
							
								
							
								
									
										
									
										
											
											<td class="fail">FAIL</td>
										
									
								
							
								
							
								
							
								
							
						
					</tr>
					
					<tr>
						<td>
							<a href="#arduino%3amegaavr%3anona4809"><b>arduino:megaavr:nona4809</b></a>
							<br />
							<small>1.8.7</small>
						</td>

						
						
						
							<td>Yes ⚠️</td>
							<td class="fail">FAIL</td>
						
						

						
							
								
							
								
							
								
									
										
											
											<td class="fail">FAIL</td>
										
									
										
									
								
							
								
							
								
							
						
							
								
							
								
							
								
									
										
									
										
											
											<td class="fail">FAIL</td>
										
									
								
							
								
							
								
							
						
					</tr>
					
					<tr>
						<td>
							<a href="#arduino%3asamd%3amkrwifi1010"><b>arduino:samd:mkrwifi1010</b></a>
							<br />
							<small>1.8.12</small>
						</td>

						
						
						
							<td>Yes ⚠️</td>
							<td class="fail">FAIL</td>
						
						

						
							
								
							
								
							
								
							
								
									
										
											
											<td class="fail">FAIL</td>
										
									
										
									
								
							
								
							
						
							
								
							
								
							
								
							
								
									
										
									
										
											
											<td class="fail">FAIL</td>
										
									
								
							
								
							
						
					</tr>
					
					<tr>
						<td>
							<a href="#esp32%3aesp32%3ad1_mini32"><b>esp32:esp32:d1_mini32</b></a>
							<br />
							<small>1.0.6</small>
						</td>

						
						
						
							<td>Yes ⚠️</td>
							<td class="fail">FAIL</td>
						
						

						
							
								
							
								
							
								
							
								
							
								
									
										
											
											<td class="fail">FAIL</td>
										
									
										
									
								
							
						
							
								
							
								
							
								
							
								
							
								
									
										
									
										
											
											<td class="fail">FAIL</td>
										
									
								
							
						
					</tr>
					
				</table>

				<h2>Compilation logs</h2>
				
				<h3 id="arduino:avr:uno">arduino:avr:uno @ 1.8.4</h3>
				<h4>Inclusion</h4>
				<p>
					Result: <b>PASS</b>
					
					<br />This library has no main header file so an empty one was created.
					
				</p>
				<pre class="pre-scrollable">Sketch uses 444 bytes (1%) of program storage space. Maximum is 32256 bytes.
Global variables use 9 bytes (0%) of dynamic memory, leaving 2039 bytes for local variables. Maximum is 2048 bytes.
</pre>

					
					<h4>examples/DLX2416</h4>
					<p>
						Result: <b>PASS</b>
					</p>
					<pre class="pre-scrollable">Sketch uses 1592 bytes (4%) of program storage space. Maximum is 32256 bytes.
Global variables use 26 bytes (1%) of dynamic memory, leaving 2022 bytes for local variables. Maximum is 2048 bytes.
</pre>
					
					<h4>examples/DLX3416</h4>
					<p>
						Result: <b>PASS</b>
					</p>
					<pre class="pre-scrollable">Sketch uses 1682 bytes (5%) of program storage space. Maximum is 32256 bytes.
Global variables use 28 bytes (1%) of dynamic memory, leaving 2020 bytes for local variables. Maximum is 2048 bytes.
</pre>
					
				
				<h3 id="arduino:mbed_nano:nanorp2040connect">arduino:mbed_nano:nanorp2040connect @ 2.7.2</h3>
				<h4>Inclusion</h4>
				<p>
					Result: <b>FAIL</b>
					
					<br />This library has no main header file so an empty one was created.
					
				</p>
				<pre class="pre-scrollable">/home/ec2-user/arduino-testlib/cli-datadir/user/libraries/DLxx416_Arduino/DLX2416.cpp: In member function &#39;void DLX2416::begin()&#39;:
/home/ec2-user/arduino-testlib/cli-datadir/user/libraries/DLxx416_Arduino/DLX2416.cpp:42:9: error: &#39;DDRD&#39; was not declared in this scope
         DDRD = B11111111;
         ^~~~
/home/ec2-user/arduino-testlib/cli-datadir/user/libraries/DLxx416_Arduino/DLX3416.cpp:46:9: note: suggested alternative: &#39;DIR&#39;
         DDRD = B11111111;
         ^~~~
         DIR
/home/ec2-user/arduino-testlib/cli-datadir/user/libraries/DLxx416_Arduino/DLX3416.cpp: In member function &#39;void DLX3416::set_portd(uint8_t)&#39;:
/home/ec2-user/arduino-testlib/cli-datadir/user/libraries/DLxx416_Arduino/DLX3416.cpp:70:20: error: &#39;PORTD&#39; was not declared in this scope
     uint8_t bit7 = PORTD &amp; B10000000; // save current bit 7
                    ^~~~~
/home/ec2-user/arduino-testlib/cli-datadir/user/libraries/DLxx416_Arduino/DLX3416.cpp: In member function &#39;void DLX3416::end()&#39;:
/home/ec2-user/arduino-testlib/cli-datadir/user/libraries/DLxx416_Arduino/DLX3416.cpp:136:9: error: &#39;DDRD&#39; was not declared in this scope
         DDRD = B00000000;
         ^~~~
/home/ec2-user/arduino-testlib/cli-datadir/user/libraries/DLxx416_Arduino/DLX3416.cpp:136:9: note: suggested alternative: &#39;DIR&#39;
         DDRD = B00000000;
         ^~~~
         DIR

</pre>

					
					<h4>examples/DLX2416</h4>
					<p>
						Result: <b>FAIL</b>
					</p>
					<pre class="pre-scrollable">/home/ec2-user/arduino-testlib/cli-datadir/user/libraries/DLxx416_Arduino/DLX2416.cpp: In member function &#39;void DLX2416::begin()&#39;:
/home/ec2-user/arduino-testlib/cli-datadir/user/libraries/DLxx416_Arduino/DLX2416.cpp:42:9: error: &#39;DDRD&#39; was not declared in this scope
         DDRD = B11111111;
         ^~~~
/home/ec2-user/arduino-testlib/cli-datadir/user/libraries/DLxx416_Arduino/DLX3416.cpp:46:9: note: suggested alternative: &#39;DIR&#39;
         DDRD = B11111111;
         ^~~~
         DIR
/home/ec2-user/arduino-testlib/cli-datadir/user/libraries/DLxx416_Arduino/DLX3416.cpp: In member function &#39;void DLX3416::set_portd(uint8_t)&#39;:
/home/ec2-user/arduino-testlib/cli-datadir/user/libraries/DLxx416_Arduino/DLX3416.cpp:70:20: error: &#39;PORTD&#39; was not declared in this scope
     uint8_t bit7 = PORTD &amp; B10000000; // save current bit 7
                    ^~~~~
/home/ec2-user/arduino-testlib/cli-datadir/user/libraries/DLxx416_Arduino/DLX2416.cpp: In member function &#39;void DLX2416::end()&#39;:
/home/ec2-user/arduino-testlib/cli-datadir/user/libraries/DLxx416_Arduino/DLX2416.cpp:123:9: error: &#39;DDRD&#39; was not declared in this scope
         DDRD = B00000000;
         ^~~~
/home/ec2-user/arduino-testlib/cli-datadir/user/libraries/DLxx416_Arduino/DLX3416.cpp:136:9: note: suggested alternative: &#39;DIR&#39;
         DDRD = B00000000;
         ^~~~
         DIR

</pre>
					
					<h4>examples/DLX3416</h4>
					<p>
						Result: <b>FAIL</b>
					</p>
					<pre class="pre-scrollable">/home/ec2-user/arduino-testlib/cli-datadir/user/libraries/DLxx416_Arduino/DLX3416.cpp: In member function &#39;void DLX3416::begin()&#39;:
/home/ec2-user/arduino-testlib/cli-datadir/user/libraries/DLxx416_Arduino/DLX3416.cpp:46:9: error: &#39;DDRD&#39; was not declared in this scope
         DDRD = B11111111;
         ^~~~
/home/ec2-user/arduino-testlib/cli-datadir/user/libraries/DLxx416_Arduino/DLX2416.cpp:42:9: note: suggested alternative: &#39;DIR&#39;
         DDRD = B11111111;
         ^~~~
         DIR
/home/ec2-user/arduino-testlib/cli-datadir/user/libraries/DLxx416_Arduino/DLX2416.cpp: In member function &#39;void DLX2416::set_portd(uint8_t)&#39;:
/home/ec2-user/arduino-testlib/cli-datadir/user/libraries/DLxx416_Arduino/DLX2416.cpp:64:20: error: &#39;PORTD&#39; was not declared in this scope
     uint8_t bit7 = PORTD &amp; B10000000; // save current bit 7
                    ^~~~~
/home/ec2-user/arduino-testlib/cli-datadir/user/libraries/DLxx416_Arduino/DLX2416.cpp: In member function &#39;void DLX2416::end()&#39;:
/home/ec2-user/arduino-testlib/cli-datadir/user/libraries/DLxx416_Arduino/DLX2416.cpp:123:9: error: &#39;DDRD&#39; was not declared in this scope
         DDRD = B00000000;
         ^~~~
/home/ec2-user/arduino-testlib/cli-datadir/user/libraries/DLxx416_Arduino/DLX2416.cpp:123:9: note: suggested alternative: &#39;DIR&#39;
         DDRD = B00000000;
         ^~~~
         DIR

</pre>
					
				
				<h3 id="arduino:megaavr:nona4809">arduino:megaavr:nona4809 @ 1.8.7</h3>
				<h4>Inclusion</h4>
				<p>
					Result: <b>FAIL</b>
					
					<br />This library has no main header file so an empty one was created.
					
				</p>
				<pre class="pre-scrollable">/home/ec2-user/arduino-testlib/cli-datadir/user/libraries/DLxx416_Arduino/DLX2416.cpp: In member function &#39;void DLX2416::set_portd(uint8_t)&#39;:
/home/ec2-user/arduino-testlib/cli-datadir/user/libraries/DLxx416_Arduino/DLX2416.cpp:64:26: error: no match for &#39;operator&amp;&#39; (operand types are &#39;PORTDClass&#39; and &#39;&lt;unnamed enum&gt;&#39;)
     uint8_t bit7 = PORTD &amp; B10000000; // save current bit 7
                    ~~~~~~^~~~~~~~~~~

</pre>

					
					<h4>examples/DLX2416</h4>
					<p>
						Result: <b>FAIL</b>
					</p>
					<pre class="pre-scrollable">/home/ec2-user/arduino-testlib/cli-datadir/user/libraries/DLxx416_Arduino/DLX3416.cpp: In member function &#39;void DLX3416::set_portd(uint8_t)&#39;:
/home/ec2-user/arduino-testlib/cli-datadir/user/libraries/DLxx416_Arduino/DLX3416.cpp:70:26: error: no match for &#39;operator&amp;&#39; (operand types are &#39;PORTDClass&#39; and &#39;&lt;unnamed enum&gt;&#39;)
     uint8_t bit7 = PORTD &amp; B10000000; // save current bit 7
                    ~~~~~~^~~~~~~~~~~

</pre>
					
					<h4>examples/DLX3416</h4>
					<p>
						Result: <b>FAIL</b>
					</p>
					<pre class="pre-scrollable">/home/ec2-user/arduino-testlib/cli-datadir/user/libraries/DLxx416_Arduino/DLX2416.cpp: In member function &#39;void DLX2416::set_portd(uint8_t)&#39;:
/home/ec2-user/arduino-testlib/cli-datadir/user/libraries/DLxx416_Arduino/DLX2416.cpp:64:26: error: no match for &#39;operator&amp;&#39; (operand types are &#39;PORTDClass&#39; and &#39;&lt;unnamed enum&gt;&#39;)
     uint8_t bit7 = PORTD &amp; B10000000; // save current bit 7
                    ~~~~~~^~~~~~~~~~~

</pre>
					
				
				<h3 id="arduino:samd:mkrwifi1010">arduino:samd:mkrwifi1010 @ 1.8.12</h3>
				<h4>Inclusion</h4>
				<p>
					Result: <b>FAIL</b>
					
					<br />This library has no main header file so an empty one was created.
					
				</p>
				<pre class="pre-scrollable">/Users/alranel/Documents/git/arduino/arduino-testlib/cli-datadir/user/libraries/DLxx416_Arduino/DLX2416.cpp: In member function &#39;void DLX2416::begin()&#39;:
/Users/alranel/Documents/git/arduino/arduino-testlib/cli-datadir/user/libraries/DLxx416_Arduino/DLX2416.cpp:42:9: error: &#39;DDRD&#39; was not declared in this scope
         DDRD = B11111111;
         ^~~~
/Users/alranel/Documents/git/arduino/arduino-testlib/cli-datadir/user/libraries/DLxx416_Arduino/DLX2416.cpp: In member function &#39;void DLX2416::set_portd(uint8_t)&#39;:
/Users/alranel/Documents/git/arduino/arduino-testlib/cli-datadir/user/libraries/DLxx416_Arduino/DLX2416.cpp:64:20: error: &#39;PORTD&#39; was not declared in this scope
     uint8_t bit7 = PORTD &amp; B10000000; // save current bit 7
                    ^~~~~
/Users/alranel/Documents/git/arduino/arduino-testlib/cli-datadir/user/libraries/DLxx416_Arduino/DLX3416.cpp:70:20: note: suggested alternative: &#39;PORTC&#39;
     uint8_t bit7 = PORTD &amp; B10000000; // save current bit 7
                    ^~~~~
                    PORTC
/Users/alranel/Documents/git/arduino/arduino-testlib/cli-datadir/user/libraries/DLxx416_Arduino/DLX3416.cpp: In member function &#39;void DLX3416::end()&#39;:
/Users/alranel/Documents/git/arduino/arduino-testlib/cli-datadir/user/libraries/DLxx416_Arduino/DLX3416.cpp:136:9: error: &#39;DDRD&#39; was not declared in this scope
         DDRD = B00000000;
         ^~~~

</pre>

					
					<h4>examples/DLX2416</h4>
					<p>
						Result: <b>FAIL</b>
					</p>
					<pre class="pre-scrollable">/Users/alranel/Documents/git/arduino/arduino-testlib/cli-datadir/user/libraries/DLxx416_Arduino/DLX2416.cpp: In member function &#39;void DLX2416::begin()&#39;:
/Users/alranel/Documents/git/arduino/arduino-testlib/cli-datadir/user/libraries/DLxx416_Arduino/DLX2416.cpp:42:9: error: &#39;DDRD&#39; was not declared in this scope
         DDRD = B11111111;
         ^~~~
/Users/alranel/Documents/git/arduino/arduino-testlib/cli-datadir/user/libraries/DLxx416_Arduino/DLX3416.cpp: In member function &#39;void DLX3416::set_portd(uint8_t)&#39;:
/Users/alranel/Documents/git/arduino/arduino-testlib/cli-datadir/user/libraries/DLxx416_Arduino/DLX3416.cpp:70:20: error: &#39;PORTD&#39; was not declared in this scope
     uint8_t bit7 = PORTD &amp; B10000000; // save current bit 7
                    ^~~~~
/Users/alranel/Documents/git/arduino/arduino-testlib/cli-datadir/user/libraries/DLxx416_Arduino/DLX3416.cpp:70:20: note: suggested alternative: &#39;PORTC&#39;
     uint8_t bit7 = PORTD &amp; B10000000; // save current bit 7
                    ^~~~~
                    PORTC
/Users/alranel/Documents/git/arduino/arduino-testlib/cli-datadir/user/libraries/DLxx416_Arduino/DLX3416.cpp: In member function &#39;void DLX3416::end()&#39;:
/Users/alranel/Documents/git/arduino/arduino-testlib/cli-datadir/user/libraries/DLxx416_Arduino/DLX3416.cpp:136:9: error: &#39;DDRD&#39; was not declared in this scope
         DDRD = B00000000;
         ^~~~

</pre>
					
					<h4>examples/DLX3416</h4>
					<p>
						Result: <b>FAIL</b>
					</p>
					<pre class="pre-scrollable">/Users/alranel/Documents/git/arduino/arduino-testlib/cli-datadir/user/libraries/DLxx416_Arduino/DLX2416.cpp: In member function &#39;void DLX2416::begin()&#39;:
/Users/alranel/Documents/git/arduino/arduino-testlib/cli-datadir/user/libraries/DLxx416_Arduino/DLX2416.cpp:42:9: error: &#39;DDRD&#39; was not declared in this scope
         DDRD = B11111111;
         ^~~~
/Users/alranel/Documents/git/arduino/arduino-testlib/cli-datadir/user/libraries/DLxx416_Arduino/DLX3416.cpp: In member function &#39;void DLX3416::set_portd(uint8_t)&#39;:
/Users/alranel/Documents/git/arduino/arduino-testlib/cli-datadir/user/libraries/DLxx416_Arduino/DLX3416.cpp:70:20: error: &#39;PORTD&#39; was not declared in this scope
     uint8_t bit7 = PORTD &amp; B10000000; // save current bit 7
                    ^~~~~
/Users/alranel/Documents/git/arduino/arduino-testlib/cli-datadir/user/libraries/DLxx416_Arduino/DLX3416.cpp:70:20: note: suggested alternative: &#39;PORTC&#39;
     uint8_t bit7 = PORTD &amp; B10000000; // save current bit 7
                    ^~~~~
                    PORTC
/Users/alranel/Documents/git/arduino/arduino-testlib/cli-datadir/user/libraries/DLxx416_Arduino/DLX3416.cpp: In member function &#39;void DLX3416::end()&#39;:
/Users/alranel/Documents/git/arduino/arduino-testlib/cli-datadir/user/libraries/DLxx416_Arduino/DLX3416.cpp:136:9: error: &#39;DDRD&#39; was not declared in this scope
         DDRD = B00000000;
         ^~~~

</pre>
					
				
				<h3 id="esp32:esp32:d1_mini32">esp32:esp32:d1_mini32 @ 1.0.6</h3>
				<h4>Inclusion</h4>
				<p>
					Result: <b>FAIL</b>
					
					<br />This library has no main header file so an empty one was created.
					
				</p>
				<pre class="pre-scrollable">In file included from /tmp/arduino-testlib4187971062/test/test.ino:1:0:
/home/ec2-user/arduino-testlib/cli-datadir/user/libraries/DLxx416_Arduino/DLX3416.h:29:184: error: &#39;A2&#39; was not declared in this scope
     DLX3416(uint8_t pinA0 = 8, uint8_t pinA1 = 9, uint8_t pinBL_AL = 12, uint8_t pinCE1 = 12, uint8_t pinCE2 = 12, uint8_t pinCE3_AL = 12, uint8_t pinCE4_AL = 12, uint8_t pinCLR_AL = A2, uint8_t pinCU_AL = A0, uint8_t pinCUE = A3, uint8_t pinD0 = 0, uint8_t pinD1 = 1, uint8_t pinD2 = 2, uint8_t pinD3 = 3, uint8_t pinD4 = 4, uint8_t pinD5 = 5, uint8_t pinD6 = 6, uint8_t pinWR_AL = 7, uint8_t usePortD = true);
                                                                                                                                                                                        ^

</pre>

					
					<h4>examples/DLX2416</h4>
					<p>
						Result: <b>FAIL</b>
					</p>
					<pre class="pre-scrollable">In file included from /home/ec2-user/arduino-testlib/cli-datadir/user/libraries/DLxx416_Arduino/examples/DLX2416/DLX2416.ino:2:0:
/home/ec2-user/arduino-testlib/cli-datadir/user/libraries/DLxx416_Arduino/DLX2416.h:27:142: error: &#39;A2&#39; was not declared in this scope
     DLX2416(uint8_t pinA0 = 8, uint8_t pinA1 = 9, uint8_t pinBL_AL = 12, uint8_t pinCE1_AL = 12, uint8_t pinCE2_AL = 12, uint8_t pinCLR_AL = A2, uint8_t pinCU_AL = A0, uint8_t pinCUE = A3, uint8_t pinD0 = 0, uint8_t pinD1 = 1, uint8_t pinD2 = 2, uint8_t pinD3 = 3, uint8_t pinD4 = 4, uint8_t pinD5 = 5, uint8_t pinD6 = 6, uint8_t pinWR_AL = 7, uint8_t usePortD = true);
                                                                                                                                              ^
/home/ec2-user/arduino-testlib/cli-datadir/user/libraries/DLxx416_Arduino/examples/DLX2416/DLX2416.ino:17:27: error: &#39;A2&#39; was not declared in this scope
                 /* CLR */ A2, 
                           ^

</pre>
					
					<h4>examples/DLX3416</h4>
					<p>
						Result: <b>FAIL</b>
					</p>
					<pre class="pre-scrollable">In file included from /home/ec2-user/arduino-testlib/cli-datadir/user/libraries/DLxx416_Arduino/examples/DLX3416/DLX3416.ino:2:0:
/home/ec2-user/arduino-testlib/cli-datadir/user/libraries/DLxx416_Arduino/DLX3416.h:29:184: error: &#39;A2&#39; was not declared in this scope
     DLX3416(uint8_t pinA0 = 8, uint8_t pinA1 = 9, uint8_t pinBL_AL = 12, uint8_t pinCE1 = 12, uint8_t pinCE2 = 12, uint8_t pinCE3_AL = 12, uint8_t pinCE4_AL = 12, uint8_t pinCLR_AL = A2, uint8_t pinCU_AL = A0, uint8_t pinCUE = A3, uint8_t pinD0 = 0, uint8_t pinD1 = 1, uint8_t pinD2 = 2, uint8_t pinD3 = 3, uint8_t pinD4 = 4, uint8_t pinD5 = 5, uint8_t pinD6 = 6, uint8_t pinWR_AL = 7, uint8_t usePortD = true);
                                                                                                                                                                                        ^
/home/ec2-user/arduino-testlib/cli-datadir/user/libraries/DLxx416_Arduino/examples/DLX3416/DLX3416.ino:19:27: error: &#39;A2&#39; was not declared in this scope
                 /* CLR */ A2, 
                           ^

</pre>
					
				
			</div>
		</div>
	</div>
  </body>
</html>
