
<!doctype html>
<html lang="en">
  <head>
    <meta charset="utf-8">
    <meta name="viewport" content="width=device-width, initial-scale=1">
    <link href="https://cdn.jsdelivr.net/npm/bootstrap@5.0.2/dist/css/bootstrap.min.css" rel="stylesheet" integrity="sha384-EVSTQN3/azprG1Anm3QDgpJLIm9Nao0Yz1ztcQTwFspd3yD65VohhpuuCOmLASjC" crossorigin="anonymous">
    <title>arduino-testlib report</title>
	<style>
	.pass { background-color: #00FF00 !important; }
	.fail { background-color: #FF0000 !important; }
	</style>
  </head>
  <body>
	<div class="container">
		<div class="row">
			<div class="col">
				<h1>DS18B20_RT - compatibility matrix</h1>
				<p>
					<small>This report was generated on Wednesday, 23-Feb-22 22:48:15 CET using 
					<a href="https://github.com/alranel/arduino-testlib">arduino-testlib</a>.</small>
				</p>

				<h2>DS18B20_RT</h2>
				<p>
					Version: <b>0.1.12</b>
					<br />
					<a href="https://www.arduino.cc/reference/en/libraries/ds18b20_rt/">More details</a>
				</p>

				<h2>Compatibility matrix</h2>
				<table class="table table-bordered">
					<tr>
						<th>Board</th>
						<th>Claims compatibility</th>
						<th>Inclusion</th>
						
						<th><pre>DS18B20_test_disconnect</pre></th>
						
						<th><pre>oneWireSearch</pre></th>
						
						<th><pre>DS18B20_diagnose</pre></th>
						
						<th><pre>DS18B20_simple</pre></th>
						
						<th><pre>DS18B20_test</pre></th>
						
						<th><pre>DS18B20_two_sensors</pre></th>
						
						<th><pre>DS18B20_getAddress</pre></th>
						
						<th><pre>DS18B20_minimum</pre></th>
						
						<th><pre>DS18B20_performance</pre></th>
						
					</tr>
					
					<tr>
						<td>
							<a href="#arduino%3aavr%3auno"><b>arduino:avr:uno</b></a>
							<br />
							<small>1.8.4</small>
						</td>

						
							<td>Yes</td>
							<td class="pass">PASS</td>
						
						
						
						

						
							
								
									
										
									
										
									
										
									
										
									
										
									
										
									
										
											
											<td class="fail">FAIL</td>
										
									
										
									
										
									
								
							
								
							
								
							
								
							
								
							
						
							
								
									
										
									
										
									
										
									
										
									
										
									
										
									
										
									
										
									
										
											<td class="pass">PASS</td>
											
										
									
								
							
								
							
								
							
								
							
								
							
						
							
								
									
										
											
											<td class="fail">FAIL</td>
										
									
										
									
										
									
										
									
										
									
										
									
										
									
										
									
										
									
								
							
								
							
								
							
								
							
								
							
						
							
								
									
										
									
										
									
										
									
										
									
										
											
											<td class="fail">FAIL</td>
										
									
										
									
										
									
										
									
										
									
								
							
								
							
								
							
								
							
								
							
						
							
								
									
										
									
										
									
										
									
										
									
										
									
										
											
											<td class="fail">FAIL</td>
										
									
										
									
										
									
										
									
								
							
								
							
								
							
								
							
								
							
						
							
								
									
										
									
										
									
										
									
										
									
										
									
										
									
										
									
										
											
											<td class="fail">FAIL</td>
										
									
										
									
								
							
								
							
								
							
								
							
								
							
						
							
								
									
										
									
										
											
											<td class="fail">FAIL</td>
										
									
										
									
										
									
										
									
										
									
										
									
										
									
										
									
								
							
								
							
								
							
								
							
								
							
						
							
								
									
										
									
										
									
										
											
											<td class="fail">FAIL</td>
										
									
										
									
										
									
										
									
										
									
										
									
										
									
								
							
								
							
								
							
								
							
								
							
						
							
								
									
										
									
										
									
										
									
										
											
											<td class="fail">FAIL</td>
										
									
										
									
										
									
										
									
										
									
										
									
								
							
								
							
								
							
								
							
								
							
						
					</tr>
					
					<tr>
						<td>
							<a href="#arduino%3ambed_nano%3ananorp2040connect"><b>arduino:mbed_nano:nanorp2040connect</b></a>
							<br />
							<small>2.7.2</small>
						</td>

						
							<td>Yes</td>
							<td class="pass">PASS</td>
						
						
						
						

						
							
								
							
								
									
										
									
										
									
										
									
										
									
										
									
										
									
										
											
											<td class="fail">FAIL</td>
										
									
										
									
										
									
								
							
								
							
								
							
								
							
						
							
								
							
								
									
										
									
										
									
										
									
										
									
										
									
										
									
										
									
										
									
										
											<td class="pass">PASS</td>
											
										
									
								
							
								
							
								
							
								
							
						
							
								
							
								
									
										
											
											<td class="fail">FAIL</td>
										
									
										
									
										
									
										
									
										
									
										
									
										
									
										
									
										
									
								
							
								
							
								
							
								
							
						
							
								
							
								
									
										
									
										
									
										
									
										
									
										
											
											<td class="fail">FAIL</td>
										
									
										
									
										
									
										
									
										
									
								
							
								
							
								
							
								
							
						
							
								
							
								
									
										
									
										
									
										
									
										
									
										
									
										
											
											<td class="fail">FAIL</td>
										
									
										
									
										
									
										
									
								
							
								
							
								
							
								
							
						
							
								
							
								
									
										
									
										
									
										
									
										
									
										
									
										
									
										
									
										
											
											<td class="fail">FAIL</td>
										
									
										
									
								
							
								
							
								
							
								
							
						
							
								
							
								
									
										
									
										
											
											<td class="fail">FAIL</td>
										
									
										
									
										
									
										
									
										
									
										
									
										
									
										
									
								
							
								
							
								
							
								
							
						
							
								
							
								
									
										
									
										
									
										
											
											<td class="fail">FAIL</td>
										
									
										
									
										
									
										
									
										
									
										
									
										
									
								
							
								
							
								
							
								
							
						
							
								
							
								
									
										
									
										
									
										
									
										
											
											<td class="fail">FAIL</td>
										
									
										
									
										
									
										
									
										
									
										
									
								
							
								
							
								
							
								
							
						
					</tr>
					
					<tr>
						<td>
							<a href="#arduino%3amegaavr%3anona4809"><b>arduino:megaavr:nona4809</b></a>
							<br />
							<small>1.8.7</small>
						</td>

						
							<td>Yes</td>
							<td class="pass">PASS</td>
						
						
						
						

						
							
								
							
								
							
								
									
										
									
										
									
										
									
										
									
										
									
										
									
										
											
											<td class="fail">FAIL</td>
										
									
										
									
										
									
								
							
								
							
								
							
						
							
								
							
								
							
								
									
										
									
										
									
										
									
										
									
										
									
										
									
										
									
										
									
										
											<td class="pass">PASS</td>
											
										
									
								
							
								
							
								
							
						
							
								
							
								
							
								
									
										
											
											<td class="fail">FAIL</td>
										
									
										
									
										
									
										
									
										
									
										
									
										
									
										
									
										
									
								
							
								
							
								
							
						
							
								
							
								
							
								
									
										
									
										
									
										
									
										
									
										
											
											<td class="fail">FAIL</td>
										
									
										
									
										
									
										
									
										
									
								
							
								
							
								
							
						
							
								
							
								
							
								
									
										
									
										
									
										
									
										
									
										
									
										
											
											<td class="fail">FAIL</td>
										
									
										
									
										
									
										
									
								
							
								
							
								
							
						
							
								
							
								
							
								
									
										
									
										
									
										
									
										
									
										
									
										
									
										
									
										
											
											<td class="fail">FAIL</td>
										
									
										
									
								
							
								
							
								
							
						
							
								
							
								
							
								
									
										
									
										
											
											<td class="fail">FAIL</td>
										
									
										
									
										
									
										
									
										
									
										
									
										
									
										
									
								
							
								
							
								
							
						
							
								
							
								
							
								
									
										
									
										
									
										
											
											<td class="fail">FAIL</td>
										
									
										
									
										
									
										
									
										
									
										
									
										
									
								
							
								
							
								
							
						
							
								
							
								
							
								
									
										
									
										
									
										
									
										
											
											<td class="fail">FAIL</td>
										
									
										
									
										
									
										
									
										
									
										
									
								
							
								
							
								
							
						
					</tr>
					
					<tr>
						<td>
							<a href="#arduino%3asamd%3amkrwifi1010"><b>arduino:samd:mkrwifi1010</b></a>
							<br />
							<small>1.8.12</small>
						</td>

						
							<td>Yes</td>
							<td class="pass">PASS</td>
						
						
						
						

						
							
								
							
								
							
								
							
								
									
										
									
										
									
										
									
										
									
										
									
										
									
										
											
											<td class="fail">FAIL</td>
										
									
										
									
										
									
								
							
								
							
						
							
								
							
								
							
								
							
								
									
										
									
										
									
										
									
										
									
										
									
										
									
										
									
										
									
										
											<td class="pass">PASS</td>
											
										
									
								
							
								
							
						
							
								
							
								
							
								
							
								
									
										
											
											<td class="fail">FAIL</td>
										
									
										
									
										
									
										
									
										
									
										
									
										
									
										
									
										
									
								
							
								
							
						
							
								
							
								
							
								
							
								
									
										
									
										
									
										
									
										
									
										
											
											<td class="fail">FAIL</td>
										
									
										
									
										
									
										
									
										
									
								
							
								
							
						
							
								
							
								
							
								
							
								
									
										
									
										
									
										
									
										
									
										
									
										
											
											<td class="fail">FAIL</td>
										
									
										
									
										
									
										
									
								
							
								
							
						
							
								
							
								
							
								
							
								
									
										
									
										
									
										
									
										
									
										
									
										
									
										
									
										
											
											<td class="fail">FAIL</td>
										
									
										
									
								
							
								
							
						
							
								
							
								
							
								
							
								
									
										
									
										
											
											<td class="fail">FAIL</td>
										
									
										
									
										
									
										
									
										
									
										
									
										
									
										
									
								
							
								
							
						
							
								
							
								
							
								
							
								
									
										
									
										
									
										
											
											<td class="fail">FAIL</td>
										
									
										
									
										
									
										
									
										
									
										
									
										
									
								
							
								
							
						
							
								
							
								
							
								
							
								
									
										
									
										
									
										
									
										
											
											<td class="fail">FAIL</td>
										
									
										
									
										
									
										
									
										
									
										
									
								
							
								
							
						
					</tr>
					
					<tr>
						<td>
							<a href="#esp32%3aesp32%3ad1_mini32"><b>esp32:esp32:d1_mini32</b></a>
							<br />
							<small>1.0.6</small>
						</td>

						
						
						
							<td>Yes ⚠️</td>
							<td class="fail">FAIL</td>
						
						

						
							
								
							
								
							
								
							
								
							
								
									
										
									
										
									
										
									
										
									
										
									
										
									
										
											
											<td class="fail">FAIL</td>
										
									
										
									
										
									
								
							
						
							
								
							
								
							
								
							
								
							
								
									
										
									
										
									
										
									
										
									
										
									
										
									
										
									
										
									
										
											
											<td class="fail">FAIL</td>
										
									
								
							
						
							
								
							
								
							
								
							
								
							
								
									
										
											
											<td class="fail">FAIL</td>
										
									
										
									
										
									
										
									
										
									
										
									
										
									
										
									
										
									
								
							
						
							
								
							
								
							
								
							
								
							
								
									
										
									
										
									
										
									
										
									
										
											
											<td class="fail">FAIL</td>
										
									
										
									
										
									
										
									
										
									
								
							
						
							
								
							
								
							
								
							
								
							
								
									
										
									
										
									
										
									
										
									
										
									
										
											
											<td class="fail">FAIL</td>
										
									
										
									
										
									
										
									
								
							
						
							
								
							
								
							
								
							
								
							
								
									
										
									
										
									
										
									
										
									
										
									
										
									
										
									
										
											
											<td class="fail">FAIL</td>
										
									
										
									
								
							
						
							
								
							
								
							
								
							
								
							
								
									
										
									
										
											
											<td class="fail">FAIL</td>
										
									
										
									
										
									
										
									
										
									
										
									
										
									
										
									
								
							
						
							
								
							
								
							
								
							
								
							
								
									
										
									
										
									
										
											
											<td class="fail">FAIL</td>
										
									
										
									
										
									
										
									
										
									
										
									
										
									
								
							
						
							
								
							
								
							
								
							
								
							
								
									
										
									
										
									
										
									
										
											
											<td class="fail">FAIL</td>
										
									
										
									
										
									
										
									
										
									
										
									
								
							
						
					</tr>
					
				</table>

				<h2>Compilation logs</h2>
				
				<h3 id="arduino:avr:uno">arduino:avr:uno @ 1.8.4</h3>
				<h4>Inclusion</h4>
				<p>
					Result: <b>PASS</b>
					
					<br />This library has no main header file so an empty one was created.
					
				</p>
				<pre class="pre-scrollable">Sketch uses 444 bytes (1%) of program storage space. Maximum is 32256 bytes.
Global variables use 9 bytes (0%) of dynamic memory, leaving 2039 bytes for local variables. Maximum is 2048 bytes.
</pre>

					
					<h4>examples/DS18B20_diagnose</h4>
					<p>
						Result: <b>FAIL</b>
					</p>
					<pre class="pre-scrollable">/home/ec2-user/arduino-testlib/cli-datadir/user/libraries/DS18B20_RT/examples/DS18B20_diagnose/DS18B20_diagnose.ino: In function &#39;void setup()&#39;:
/home/ec2-user/arduino-testlib/cli-datadir/user/libraries/DS18B20_RT/examples/DS18B20_diagnose/DS18B20_diagnose.ino:24:18: error: &#39;DS18B20_LIB_VERSION&#39; was not declared in this scope
   Serial.println(DS18B20_LIB_VERSION);
                  ^~~~~~~~~~~~~~~~~~~
/home/ec2-user/arduino-testlib/cli-datadir/user/libraries/DS18B20_RT/examples/DS18B20_diagnose/DS18B20_diagnose.ino:24:18: note: suggested alternative: &#39;__AVR_LIBC_VERSION__&#39;
   Serial.println(DS18B20_LIB_VERSION);
                  ^~~~~~~~~~~~~~~~~~~
                  __AVR_LIBC_VERSION__
/home/ec2-user/arduino-testlib/cli-datadir/user/libraries/DS18B20_RT/examples/DS18B20_diagnose/DS18B20_diagnose.ino:26:14: error: &#39;class DS18B20&#39; has no member named &#39;begin&#39;
   if (sensor.begin() == false)
              ^~~~~
/home/ec2-user/arduino-testlib/cli-datadir/user/libraries/DS18B20_RT/examples/DS18B20_diagnose/DS18B20_diagnose.ino:32:10: error: &#39;class DS18B20&#39; has no member named &#39;requestTemperatures&#39;
   sensor.requestTemperatures();
          ^~~~~~~~~~~~~~~~~~~
/home/ec2-user/arduino-testlib/cli-datadir/user/libraries/DS18B20_RT/examples/DS18B20_diagnose/DS18B20_diagnose.ino:35:18: error: &#39;class DS18B20&#39; has no member named &#39;isConversionComplete&#39;; did you mean &#39;doConversion&#39;?
   while (!sensor.isConversionComplete());
                  ^~~~~~~~~~~~~~~~~~~~
                  doConversion
/home/ec2-user/arduino-testlib/cli-datadir/user/libraries/DS18B20_RT/examples/DS18B20_diagnose/DS18B20_diagnose.ino: In function &#39;void loop()&#39;:
/home/ec2-user/arduino-testlib/cli-datadir/user/libraries/DS18B20_RT/examples/DS18B20_diagnose/DS18B20_diagnose.ino:52:12: error: &#39;class DS18B20&#39; has no member named &#39;requestTemperatures&#39;
     sensor.requestTemperatures();
            ^~~~~~~~~~~~~~~~~~~
/home/ec2-user/arduino-testlib/cli-datadir/user/libraries/DS18B20_RT/examples/DS18B20_diagnose/DS18B20_diagnose.ino:53:20: error: &#39;class DS18B20&#39; has no member named &#39;isConversionComplete&#39;; did you mean &#39;doConversion&#39;?
     while (!sensor.isConversionComplete());
                    ^~~~~~~~~~~~~~~~~~~~
                    doConversion
Multiple libraries were found for &#34;DS18B20.h&#34;
  Used: /home/ec2-user/arduino-testlib/cli-datadir/user/libraries/DS18B20
  Not used: /home/ec2-user/arduino-testlib/cli-datadir/user/libraries/DS18B20_RT
  Not used: /home/ec2-user/arduino-testlib/cli-datadir/user/libraries/MaximWire
  Not used: /home/ec2-user/arduino-testlib/cli-datadir/user/libraries/OneWireHub
Multiple libraries were found for &#34;OneWire.h&#34;
  Used: /home/ec2-user/arduino-testlib/cli-datadir/user/libraries/OneWire
  Not used: /home/ec2-user/arduino-testlib/cli-datadir/user/libraries/OneWireNg
  Not used: /home/ec2-user/arduino-testlib/cli-datadir/user/libraries/SDU_AGS_SensorBoard
  Not used: /home/ec2-user/arduino-testlib/cli-datadir/user/libraries/MAX31850_OneWire
</pre>
					
					<h4>examples/DS18B20_getAddress</h4>
					<p>
						Result: <b>FAIL</b>
					</p>
					<pre class="pre-scrollable">/home/ec2-user/arduino-testlib/cli-datadir/user/libraries/DS18B20_RT/examples/DS18B20_getAddress/DS18B20_getAddress.ino:16:1: error: &#39;DeviceAddress&#39; does not name a type
 DeviceAddress da;
 ^~~~~~~~~~~~~
/home/ec2-user/arduino-testlib/cli-datadir/user/libraries/DS18B20_RT/examples/DS18B20_getAddress/DS18B20_getAddress.ino: In function &#39;void setup()&#39;:
/home/ec2-user/arduino-testlib/cli-datadir/user/libraries/DS18B20_RT/examples/DS18B20_getAddress/DS18B20_getAddress.ino:24:18: error: &#39;DS18B20_LIB_VERSION&#39; was not declared in this scope
   Serial.println(DS18B20_LIB_VERSION);
                  ^~~~~~~~~~~~~~~~~~~
/home/ec2-user/arduino-testlib/cli-datadir/user/libraries/DS18B20_RT/examples/DS18B20_getAddress/DS18B20_getAddress.ino:24:18: note: suggested alternative: &#39;__AVR_LIBC_VERSION__&#39;
   Serial.println(DS18B20_LIB_VERSION);
                  ^~~~~~~~~~~~~~~~~~~
                  __AVR_LIBC_VERSION__
/home/ec2-user/arduino-testlib/cli-datadir/user/libraries/DS18B20_RT/examples/DS18B20_getAddress/DS18B20_getAddress.ino:27:36: error: &#39;da&#39; was not declared in this scope
   Serial.println(sensor.getAddress(da));
                                    ^~
/home/ec2-user/arduino-testlib/cli-datadir/user/libraries/DS18B20_RT/examples/DS18B20_getAddress/DS18B20_getAddress.ino:29:10: error: &#39;class DS18B20&#39; has no member named &#39;begin&#39;
   sensor.begin();
          ^~~~~
Multiple libraries were found for &#34;OneWire.h&#34;
  Used: /home/ec2-user/arduino-testlib/cli-datadir/user/libraries/OneWire
  Not used: /home/ec2-user/arduino-testlib/cli-datadir/user/libraries/SDU_AGS_SensorBoard
  Not used: /home/ec2-user/arduino-testlib/cli-datadir/user/libraries/MAX31850_OneWire
  Not used: /home/ec2-user/arduino-testlib/cli-datadir/user/libraries/OneWireNg
Multiple libraries were found for &#34;DS18B20.h&#34;
  Used: /home/ec2-user/arduino-testlib/cli-datadir/user/libraries/DS18B20
  Not used: /home/ec2-user/arduino-testlib/cli-datadir/user/libraries/DS18B20_RT
  Not used: /home/ec2-user/arduino-testlib/cli-datadir/user/libraries/MaximWire
  Not used: /home/ec2-user/arduino-testlib/cli-datadir/user/libraries/OneWireHub
</pre>
					
					<h4>examples/DS18B20_minimum</h4>
					<p>
						Result: <b>FAIL</b>
					</p>
					<pre class="pre-scrollable">/home/ec2-user/arduino-testlib/cli-datadir/user/libraries/DS18B20_RT/examples/DS18B20_minimum/DS18B20_minimum.ino: In function &#39;void setup()&#39;:
/home/ec2-user/arduino-testlib/cli-datadir/user/libraries/DS18B20_RT/examples/DS18B20_minimum/DS18B20_minimum.ino:27:10: error: &#39;class DS18B20&#39; has no member named &#39;begin&#39;
   sensor.begin();
          ^~~~~
/home/ec2-user/arduino-testlib/cli-datadir/user/libraries/DS18B20_RT/examples/DS18B20_minimum/DS18B20_minimum.ino: In function &#39;void loop()&#39;:
/home/ec2-user/arduino-testlib/cli-datadir/user/libraries/DS18B20_RT/examples/DS18B20_minimum/DS18B20_minimum.ino:33:10: error: &#39;class DS18B20&#39; has no member named &#39;requestTemperatures&#39;
   sensor.requestTemperatures();
          ^~~~~~~~~~~~~~~~~~~
Multiple libraries were found for &#34;OneWire.h&#34;
  Used: /home/ec2-user/arduino-testlib/cli-datadir/user/libraries/OneWire
  Not used: /home/ec2-user/arduino-testlib/cli-datadir/user/libraries/SDU_AGS_SensorBoard
  Not used: /home/ec2-user/arduino-testlib/cli-datadir/user/libraries/OneWireNg
  Not used: /home/ec2-user/arduino-testlib/cli-datadir/user/libraries/MAX31850_OneWire
Multiple libraries were found for &#34;DS18B20.h&#34;
  Used: /home/ec2-user/arduino-testlib/cli-datadir/user/libraries/DS18B20
  Not used: /home/ec2-user/arduino-testlib/cli-datadir/user/libraries/OneWireHub
  Not used: /home/ec2-user/arduino-testlib/cli-datadir/user/libraries/DS18B20_RT
  Not used: /home/ec2-user/arduino-testlib/cli-datadir/user/libraries/MaximWire
</pre>
					
					<h4>examples/DS18B20_performance</h4>
					<p>
						Result: <b>FAIL</b>
					</p>
					<pre class="pre-scrollable">/home/ec2-user/arduino-testlib/cli-datadir/user/libraries/DS18B20_RT/examples/DS18B20_performance/DS18B20_performance.ino: In function &#39;void setup()&#39;:
/home/ec2-user/arduino-testlib/cli-datadir/user/libraries/DS18B20_RT/examples/DS18B20_performance/DS18B20_performance.ino:25:18: error: &#39;DS18B20_LIB_VERSION&#39; was not declared in this scope
   Serial.println(DS18B20_LIB_VERSION);
                  ^~~~~~~~~~~~~~~~~~~
/home/ec2-user/arduino-testlib/cli-datadir/user/libraries/DS18B20_RT/examples/DS18B20_performance/DS18B20_performance.ino:25:18: note: suggested alternative: &#39;__AVR_LIBC_VERSION__&#39;
   Serial.println(DS18B20_LIB_VERSION);
                  ^~~~~~~~~~~~~~~~~~~
                  __AVR_LIBC_VERSION__
/home/ec2-user/arduino-testlib/cli-datadir/user/libraries/DS18B20_RT/examples/DS18B20_performance/DS18B20_performance.ino:27:10: error: &#39;class DS18B20&#39; has no member named &#39;begin&#39;
   sensor.begin();
          ^~~~~
/home/ec2-user/arduino-testlib/cli-datadir/user/libraries/DS18B20_RT/examples/DS18B20_performance/DS18B20_performance.ino: In function &#39;uint32_t run(int)&#39;:
/home/ec2-user/arduino-testlib/cli-datadir/user/libraries/DS18B20_RT/examples/DS18B20_performance/DS18B20_performance.ino:64:12: error: &#39;class DS18B20&#39; has no member named &#39;requestTemperatures&#39;
     sensor.requestTemperatures();
            ^~~~~~~~~~~~~~~~~~~
/home/ec2-user/arduino-testlib/cli-datadir/user/libraries/DS18B20_RT/examples/DS18B20_performance/DS18B20_performance.ino:65:20: error: &#39;class DS18B20&#39; has no member named &#39;isConversionComplete&#39;; did you mean &#39;doConversion&#39;?
     while (!sensor.isConversionComplete());
                    ^~~~~~~~~~~~~~~~~~~~
                    doConversion
Multiple libraries were found for &#34;OneWire.h&#34;
  Used: /home/ec2-user/arduino-testlib/cli-datadir/user/libraries/OneWire
  Not used: /home/ec2-user/arduino-testlib/cli-datadir/user/libraries/SDU_AGS_SensorBoard
  Not used: /home/ec2-user/arduino-testlib/cli-datadir/user/libraries/MAX31850_OneWire
  Not used: /home/ec2-user/arduino-testlib/cli-datadir/user/libraries/OneWireNg
Multiple libraries were found for &#34;DS18B20.h&#34;
  Used: /home/ec2-user/arduino-testlib/cli-datadir/user/libraries/DS18B20
  Not used: /home/ec2-user/arduino-testlib/cli-datadir/user/libraries/DS18B20_RT
  Not used: /home/ec2-user/arduino-testlib/cli-datadir/user/libraries/OneWireHub
  Not used: /home/ec2-user/arduino-testlib/cli-datadir/user/libraries/MaximWire
</pre>
					
					<h4>examples/DS18B20_simple</h4>
					<p>
						Result: <b>FAIL</b>
					</p>
					<pre class="pre-scrollable">/home/ec2-user/arduino-testlib/cli-datadir/user/libraries/DS18B20_RT/examples/DS18B20_simple/DS18B20_simple.ino: In function &#39;void setup()&#39;:
/home/ec2-user/arduino-testlib/cli-datadir/user/libraries/DS18B20_RT/examples/DS18B20_simple/DS18B20_simple.ino:22:18: error: &#39;DS18B20_LIB_VERSION&#39; was not declared in this scope
   Serial.println(DS18B20_LIB_VERSION);
                  ^~~~~~~~~~~~~~~~~~~
/home/ec2-user/arduino-testlib/cli-datadir/user/libraries/DS18B20_RT/examples/DS18B20_simple/DS18B20_simple.ino:22:18: note: suggested alternative: &#39;__AVR_LIBC_VERSION__&#39;
   Serial.println(DS18B20_LIB_VERSION);
                  ^~~~~~~~~~~~~~~~~~~
                  __AVR_LIBC_VERSION__
/home/ec2-user/arduino-testlib/cli-datadir/user/libraries/DS18B20_RT/examples/DS18B20_simple/DS18B20_simple.ino:24:10: error: &#39;class DS18B20&#39; has no member named &#39;begin&#39;
   sensor.begin();
          ^~~~~
/home/ec2-user/arduino-testlib/cli-datadir/user/libraries/DS18B20_RT/examples/DS18B20_simple/DS18B20_simple.ino: In function &#39;void loop()&#39;:
/home/ec2-user/arduino-testlib/cli-datadir/user/libraries/DS18B20_RT/examples/DS18B20_simple/DS18B20_simple.ino:30:10: error: &#39;class DS18B20&#39; has no member named &#39;requestTemperatures&#39;
   sensor.requestTemperatures();
          ^~~~~~~~~~~~~~~~~~~
/home/ec2-user/arduino-testlib/cli-datadir/user/libraries/DS18B20_RT/examples/DS18B20_simple/DS18B20_simple.ino:32:18: error: &#39;class DS18B20&#39; has no member named &#39;isConversionComplete&#39;; did you mean &#39;doConversion&#39;?
   while (!sensor.isConversionComplete());  // wait until sensor is ready
                  ^~~~~~~~~~~~~~~~~~~~
                  doConversion
Multiple libraries were found for &#34;OneWire.h&#34;
  Used: /home/ec2-user/arduino-testlib/cli-datadir/user/libraries/OneWire
  Not used: /home/ec2-user/arduino-testlib/cli-datadir/user/libraries/OneWireNg
  Not used: /home/ec2-user/arduino-testlib/cli-datadir/user/libraries/MAX31850_OneWire
  Not used: /home/ec2-user/arduino-testlib/cli-datadir/user/libraries/SDU_AGS_SensorBoard
Multiple libraries were found for &#34;DS18B20.h&#34;
  Used: /home/ec2-user/arduino-testlib/cli-datadir/user/libraries/DS18B20
  Not used: /home/ec2-user/arduino-testlib/cli-datadir/user/libraries/DS18B20_RT
  Not used: /home/ec2-user/arduino-testlib/cli-datadir/user/libraries/MaximWire
  Not used: /home/ec2-user/arduino-testlib/cli-datadir/user/libraries/OneWireHub
</pre>
					
					<h4>examples/DS18B20_test</h4>
					<p>
						Result: <b>FAIL</b>
					</p>
					<pre class="pre-scrollable">/home/ec2-user/arduino-testlib/cli-datadir/user/libraries/DS18B20_RT/examples/DS18B20_test/DS18B20_test.ino: In function &#39;void setup()&#39;:
/home/ec2-user/arduino-testlib/cli-datadir/user/libraries/DS18B20_RT/examples/DS18B20_test/DS18B20_test.ino:24:18: error: &#39;DS18B20_LIB_VERSION&#39; was not declared in this scope
   Serial.println(DS18B20_LIB_VERSION);
                  ^~~~~~~~~~~~~~~~~~~
/home/ec2-user/arduino-testlib/cli-datadir/user/libraries/DS18B20_RT/examples/DS18B20_test/DS18B20_test.ino:24:18: note: suggested alternative: &#39;__AVR_LIBC_VERSION__&#39;
   Serial.println(DS18B20_LIB_VERSION);
                  ^~~~~~~~~~~~~~~~~~~
                  __AVR_LIBC_VERSION__
/home/ec2-user/arduino-testlib/cli-datadir/user/libraries/DS18B20_RT/examples/DS18B20_test/DS18B20_test.ino:26:10: error: &#39;class DS18B20&#39; has no member named &#39;begin&#39;
   sensor.begin();
          ^~~~~
/home/ec2-user/arduino-testlib/cli-datadir/user/libraries/DS18B20_RT/examples/DS18B20_test/DS18B20_test.ino:28:10: error: &#39;class DS18B20&#39; has no member named &#39;requestTemperatures&#39;
   sensor.requestTemperatures();
          ^~~~~~~~~~~~~~~~~~~
/home/ec2-user/arduino-testlib/cli-datadir/user/libraries/DS18B20_RT/examples/DS18B20_test/DS18B20_test.ino:33:18: error: &#39;class DS18B20&#39; has no member named &#39;isConversionComplete&#39;; did you mean &#39;doConversion&#39;?
   while (!sensor.isConversionComplete()) n&#43;&#43;;
                  ^~~~~~~~~~~~~~~~~~~~
                  doConversion
/home/ec2-user/arduino-testlib/cli-datadir/user/libraries/DS18B20_RT/examples/DS18B20_test/DS18B20_test.ino: In function &#39;void loop()&#39;:
/home/ec2-user/arduino-testlib/cli-datadir/user/libraries/DS18B20_RT/examples/DS18B20_test/DS18B20_test.ino:54:12: error: &#39;class DS18B20&#39; has no member named &#39;requestTemperatures&#39;
     sensor.requestTemperatures();
            ^~~~~~~~~~~~~~~~~~~
/home/ec2-user/arduino-testlib/cli-datadir/user/libraries/DS18B20_RT/examples/DS18B20_test/DS18B20_test.ino:55:20: error: &#39;class DS18B20&#39; has no member named &#39;isConversionComplete&#39;; did you mean &#39;doConversion&#39;?
     while (!sensor.isConversionComplete()) n&#43;&#43;;
                    ^~~~~~~~~~~~~~~~~~~~
                    doConversion
Multiple libraries were found for &#34;OneWire.h&#34;
  Used: /home/ec2-user/arduino-testlib/cli-datadir/user/libraries/OneWire
  Not used: /home/ec2-user/arduino-testlib/cli-datadir/user/libraries/SDU_AGS_SensorBoard
  Not used: /home/ec2-user/arduino-testlib/cli-datadir/user/libraries/MAX31850_OneWire
  Not used: /home/ec2-user/arduino-testlib/cli-datadir/user/libraries/OneWireNg
Multiple libraries were found for &#34;DS18B20.h&#34;
  Used: /home/ec2-user/arduino-testlib/cli-datadir/user/libraries/DS18B20
  Not used: /home/ec2-user/arduino-testlib/cli-datadir/user/libraries/OneWireHub
  Not used: /home/ec2-user/arduino-testlib/cli-datadir/user/libraries/MaximWire
  Not used: /home/ec2-user/arduino-testlib/cli-datadir/user/libraries/DS18B20_RT
</pre>
					
					<h4>examples/DS18B20_test_disconnect</h4>
					<p>
						Result: <b>FAIL</b>
					</p>
					<pre class="pre-scrollable">/home/ec2-user/arduino-testlib/cli-datadir/user/libraries/DS18B20_RT/examples/DS18B20_test_disconnect/DS18B20_test_disconnect.ino: In function &#39;void setup()&#39;:
/home/ec2-user/arduino-testlib/cli-datadir/user/libraries/DS18B20_RT/examples/DS18B20_test_disconnect/DS18B20_test_disconnect.ino:25:18: error: &#39;DS18B20_LIB_VERSION&#39; was not declared in this scope
   Serial.println(DS18B20_LIB_VERSION);
                  ^~~~~~~~~~~~~~~~~~~
/home/ec2-user/arduino-testlib/cli-datadir/user/libraries/DS18B20_RT/examples/DS18B20_test_disconnect/DS18B20_test_disconnect.ino:25:18: note: suggested alternative: &#39;__AVR_LIBC_VERSION__&#39;
   Serial.println(DS18B20_LIB_VERSION);
                  ^~~~~~~~~~~~~~~~~~~
                  __AVR_LIBC_VERSION__
/home/ec2-user/arduino-testlib/cli-datadir/user/libraries/DS18B20_RT/examples/DS18B20_test_disconnect/DS18B20_test_disconnect.ino:28:14: error: &#39;class DS18B20&#39; has no member named &#39;begin&#39;
   if (sensor.begin() == false)
              ^~~~~
/home/ec2-user/arduino-testlib/cli-datadir/user/libraries/DS18B20_RT/examples/DS18B20_test_disconnect/DS18B20_test_disconnect.ino:31:20: error: &#39;class DS18B20&#39; has no member named &#39;begin&#39;
     while (!sensor.begin()); // wait until device comes available.
                    ^~~~~
/home/ec2-user/arduino-testlib/cli-datadir/user/libraries/DS18B20_RT/examples/DS18B20_test_disconnect/DS18B20_test_disconnect.ino:35:10: error: &#39;class DS18B20&#39; has no member named &#39;setConfig&#39;
   sensor.setConfig(DS18B20_CRC);  // or 1
          ^~~~~~~~~
/home/ec2-user/arduino-testlib/cli-datadir/user/libraries/DS18B20_RT/examples/DS18B20_test_disconnect/DS18B20_test_disconnect.ino:35:20: error: &#39;DS18B20_CRC&#39; was not declared in this scope
   sensor.setConfig(DS18B20_CRC);  // or 1
                    ^~~~~~~~~~~
/home/ec2-user/arduino-testlib/cli-datadir/user/libraries/DS18B20_RT/examples/DS18B20_test_disconnect/DS18B20_test_disconnect.ino:35:20: note: suggested alternative: &#39;DS18B20_H&#39;
   sensor.setConfig(DS18B20_CRC);  // or 1
                    ^~~~~~~~~~~
                    DS18B20_H
/home/ec2-user/arduino-testlib/cli-datadir/user/libraries/DS18B20_RT/examples/DS18B20_test_disconnect/DS18B20_test_disconnect.ino:36:10: error: &#39;class DS18B20&#39; has no member named &#39;requestTemperatures&#39;
   sensor.requestTemperatures();
          ^~~~~~~~~~~~~~~~~~~
/home/ec2-user/arduino-testlib/cli-datadir/user/libraries/DS18B20_RT/examples/DS18B20_test_disconnect/DS18B20_test_disconnect.ino: In function &#39;void loop()&#39;:
/home/ec2-user/arduino-testlib/cli-datadir/user/libraries/DS18B20_RT/examples/DS18B20_test_disconnect/DS18B20_test_disconnect.ino:43:10: error: &#39;class DS18B20&#39; has no member named &#39;requestTemperatures&#39;
   sensor.requestTemperatures();
          ^~~~~~~~~~~~~~~~~~~
/home/ec2-user/arduino-testlib/cli-datadir/user/libraries/DS18B20_RT/examples/DS18B20_test_disconnect/DS18B20_test_disconnect.ino:47:18: error: &#39;class DS18B20&#39; has no member named &#39;isConversionComplete&#39;; did you mean &#39;doConversion&#39;?
   while (!sensor.isConversionComplete())
                  ^~~~~~~~~~~~~~~~~~~~
                  doConversion
/home/ec2-user/arduino-testlib/cli-datadir/user/libraries/DS18B20_RT/examples/DS18B20_test_disconnect/DS18B20_test_disconnect.ino:58:12: error: &#39;DEVICE_CRC_ERROR&#39; was not declared in this scope
   if (t == DEVICE_CRC_ERROR)
            ^~~~~~~~~~~~~~~~
Multiple libraries were found for &#34;OneWire.h&#34;
  Used: /home/ec2-user/arduino-testlib/cli-datadir/user/libraries/OneWire
  Not used: /home/ec2-user/arduino-testlib/cli-datadir/user/libraries/MAX31850_OneWire
  Not used: /home/ec2-user/arduino-testlib/cli-datadir/user/libraries/SDU_AGS_SensorBoard
  Not used: /home/ec2-user/arduino-testlib/cli-datadir/user/libraries/OneWireNg
Multiple libraries were found for &#34;DS18B20.h&#34;
  Used: /home/ec2-user/arduino-testlib/cli-datadir/user/libraries/DS18B20
  Not used: /home/ec2-user/arduino-testlib/cli-datadir/user/libraries/DS18B20_RT
  Not used: /home/ec2-user/arduino-testlib/cli-datadir/user/libraries/MaximWire
  Not used: /home/ec2-user/arduino-testlib/cli-datadir/user/libraries/OneWireHub
</pre>
					
					<h4>examples/DS18B20_two_sensors</h4>
					<p>
						Result: <b>FAIL</b>
					</p>
					<pre class="pre-scrollable">/home/ec2-user/arduino-testlib/cli-datadir/user/libraries/DS18B20_RT/examples/DS18B20_two_sensors/DS18B20_two_sensors.ino: In function &#39;void setup()&#39;:
/home/ec2-user/arduino-testlib/cli-datadir/user/libraries/DS18B20_RT/examples/DS18B20_two_sensors/DS18B20_two_sensors.ino:27:18: error: &#39;DS18B20_LIB_VERSION&#39; was not declared in this scope
   Serial.println(DS18B20_LIB_VERSION);
                  ^~~~~~~~~~~~~~~~~~~
/home/ec2-user/arduino-testlib/cli-datadir/user/libraries/DS18B20_RT/examples/DS18B20_two_sensors/DS18B20_two_sensors.ino:27:18: note: suggested alternative: &#39;__AVR_LIBC_VERSION__&#39;
   Serial.println(DS18B20_LIB_VERSION);
                  ^~~~~~~~~~~~~~~~~~~
                  __AVR_LIBC_VERSION__
/home/ec2-user/arduino-testlib/cli-datadir/user/libraries/DS18B20_RT/examples/DS18B20_two_sensors/DS18B20_two_sensors.ino:29:10: error: &#39;class DS18B20&#39; has no member named &#39;begin&#39;
   inside.begin();
          ^~~~~
/home/ec2-user/arduino-testlib/cli-datadir/user/libraries/DS18B20_RT/examples/DS18B20_two_sensors/DS18B20_two_sensors.ino:30:11: error: &#39;class DS18B20&#39; has no member named &#39;begin&#39;
   outside.begin();
           ^~~~~
/home/ec2-user/arduino-testlib/cli-datadir/user/libraries/DS18B20_RT/examples/DS18B20_two_sensors/DS18B20_two_sensors.ino:36:10: error: &#39;class DS18B20&#39; has no member named &#39;requestTemperatures&#39;
   inside.requestTemperatures();
          ^~~~~~~~~~~~~~~~~~~
/home/ec2-user/arduino-testlib/cli-datadir/user/libraries/DS18B20_RT/examples/DS18B20_two_sensors/DS18B20_two_sensors.ino:37:11: error: &#39;class DS18B20&#39; has no member named &#39;requestTemperatures&#39;
   outside.requestTemperatures();
           ^~~~~~~~~~~~~~~~~~~
/home/ec2-user/arduino-testlib/cli-datadir/user/libraries/DS18B20_RT/examples/DS18B20_two_sensors/DS18B20_two_sensors.ino: In function &#39;void loop()&#39;:
/home/ec2-user/arduino-testlib/cli-datadir/user/libraries/DS18B20_RT/examples/DS18B20_two_sensors/DS18B20_two_sensors.ino:44:14: error: &#39;class DS18B20&#39; has no member named &#39;isConversionComplete&#39;; did you mean &#39;doConversion&#39;?
   if (inside.isConversionComplete())
              ^~~~~~~~~~~~~~~~~~~~
              doConversion
/home/ec2-user/arduino-testlib/cli-datadir/user/libraries/DS18B20_RT/examples/DS18B20_two_sensors/DS18B20_two_sensors.ino:48:12: error: &#39;class DS18B20&#39; has no member named &#39;requestTemperatures&#39;
     inside.requestTemperatures();
            ^~~~~~~~~~~~~~~~~~~
/home/ec2-user/arduino-testlib/cli-datadir/user/libraries/DS18B20_RT/examples/DS18B20_two_sensors/DS18B20_two_sensors.ino:50:15: error: &#39;class DS18B20&#39; has no member named &#39;isConversionComplete&#39;; did you mean &#39;doConversion&#39;?
   if (outside.isConversionComplete())
               ^~~~~~~~~~~~~~~~~~~~
               doConversion
/home/ec2-user/arduino-testlib/cli-datadir/user/libraries/DS18B20_RT/examples/DS18B20_two_sensors/DS18B20_two_sensors.ino:54:13: error: &#39;class DS18B20&#39; has no member named &#39;requestTemperatures&#39;
     outside.requestTemperatures();
             ^~~~~~~~~~~~~~~~~~~
Multiple libraries were found for &#34;OneWire.h&#34;
  Used: /home/ec2-user/arduino-testlib/cli-datadir/user/libraries/OneWire
  Not used: /home/ec2-user/arduino-testlib/cli-datadir/user/libraries/OneWireNg
  Not used: /home/ec2-user/arduino-testlib/cli-datadir/user/libraries/SDU_AGS_SensorBoard
  Not used: /home/ec2-user/arduino-testlib/cli-datadir/user/libraries/MAX31850_OneWire
Multiple libraries were found for &#34;DS18B20.h&#34;
  Used: /home/ec2-user/arduino-testlib/cli-datadir/user/libraries/DS18B20
  Not used: /home/ec2-user/arduino-testlib/cli-datadir/user/libraries/OneWireHub
  Not used: /home/ec2-user/arduino-testlib/cli-datadir/user/libraries/DS18B20_RT
  Not used: /home/ec2-user/arduino-testlib/cli-datadir/user/libraries/MaximWire
</pre>
					
					<h4>examples/oneWireSearch</h4>
					<p>
						Result: <b>PASS</b>
					</p>
					<pre class="pre-scrollable">Sketch uses 2862 bytes (8%) of program storage space. Maximum is 32256 bytes.
Global variables use 320 bytes (15%) of dynamic memory, leaving 1728 bytes for local variables. Maximum is 2048 bytes.
</pre>
					
				
				<h3 id="arduino:mbed_nano:nanorp2040connect">arduino:mbed_nano:nanorp2040connect @ 2.7.2</h3>
				<h4>Inclusion</h4>
				<p>
					Result: <b>PASS</b>
					
					<br />This library has no main header file so an empty one was created.
					
				</p>
				<pre class="pre-scrollable">Sketch uses 78756 bytes (0%) of program storage space. Maximum is 16777216 bytes.
Global variables use 43444 bytes (16%) of dynamic memory, leaving 226892 bytes for local variables. Maximum is 270336 bytes.
</pre>

					
					<h4>examples/DS18B20_diagnose</h4>
					<p>
						Result: <b>FAIL</b>
					</p>
					<pre class="pre-scrollable">/home/ec2-user/arduino-testlib/cli-datadir/user/libraries/DS18B20_RT/examples/DS18B20_diagnose/DS18B20_diagnose.ino:14:16: error: invalid conversion from &#39;OneWire*&#39; to &#39;uint8_t {aka unsigned char}&#39; [-fpermissive]
 DS18B20 sensor(&amp;oneWire);
                ^~~~~~~~
In file included from /home/ec2-user/arduino-testlib/cli-datadir/user/libraries/DS18B20_RT/examples/DS18B20_diagnose/DS18B20_diagnose.ino:9:0:
/home/ec2-user/arduino-testlib/cli-datadir/user/libraries/DS18B20/src/DS18B20.h:40:9: note:   initializing argument 1 of &#39;DS18B20::DS18B20(uint8_t)&#39;
         DS18B20(uint8_t pin);
         ^~~~~~~
/home/ec2-user/arduino-testlib/cli-datadir/user/libraries/DS18B20_RT/examples/DS18B20_diagnose/DS18B20_diagnose.ino: In function &#39;void setup()&#39;:
/home/ec2-user/arduino-testlib/cli-datadir/user/libraries/DS18B20_RT/examples/DS18B20_diagnose/DS18B20_diagnose.ino:24:18: error: &#39;DS18B20_LIB_VERSION&#39; was not declared in this scope
   Serial.println(DS18B20_LIB_VERSION);
                  ^~~~~~~~~~~~~~~~~~~
/home/ec2-user/arduino-testlib/cli-datadir/user/libraries/DS18B20_RT/examples/DS18B20_diagnose/DS18B20_diagnose.ino:24:18: note: suggested alternative: &#39;_LIB_VERSION&#39;
   Serial.println(DS18B20_LIB_VERSION);
                  ^~~~~~~~~~~~~~~~~~~
                  _LIB_VERSION
/home/ec2-user/arduino-testlib/cli-datadir/user/libraries/DS18B20_RT/examples/DS18B20_diagnose/DS18B20_diagnose.ino:26:14: error: &#39;class DS18B20&#39; has no member named &#39;begin&#39;
   if (sensor.begin() == false)
              ^~~~~
/home/ec2-user/arduino-testlib/cli-datadir/user/libraries/DS18B20_RT/examples/DS18B20_diagnose/DS18B20_diagnose.ino:32:10: error: &#39;class DS18B20&#39; has no member named &#39;requestTemperatures&#39;
   sensor.requestTemperatures();
          ^~~~~~~~~~~~~~~~~~~
/home/ec2-user/arduino-testlib/cli-datadir/user/libraries/DS18B20_RT/examples/DS18B20_diagnose/DS18B20_diagnose.ino:35:18: error: &#39;class DS18B20&#39; has no member named &#39;isConversionComplete&#39;; did you mean &#39;doConversion&#39;?
   while (!sensor.isConversionComplete());
                  ^~~~~~~~~~~~~~~~~~~~
                  doConversion
/home/ec2-user/arduino-testlib/cli-datadir/user/libraries/DS18B20_RT/examples/DS18B20_diagnose/DS18B20_diagnose.ino: In function &#39;void loop()&#39;:
/home/ec2-user/arduino-testlib/cli-datadir/user/libraries/DS18B20_RT/examples/DS18B20_diagnose/DS18B20_diagnose.ino:52:12: error: &#39;class DS18B20&#39; has no member named &#39;requestTemperatures&#39;
     sensor.requestTemperatures();
            ^~~~~~~~~~~~~~~~~~~
/home/ec2-user/arduino-testlib/cli-datadir/user/libraries/DS18B20_RT/examples/DS18B20_diagnose/DS18B20_diagnose.ino:53:20: error: &#39;class DS18B20&#39; has no member named &#39;isConversionComplete&#39;; did you mean &#39;doConversion&#39;?
     while (!sensor.isConversionComplete());
                    ^~~~~~~~~~~~~~~~~~~~
                    doConversion
Multiple libraries were found for &#34;OneWire.h&#34;
  Used: /home/ec2-user/arduino-testlib/cli-datadir/user/libraries/OneWire
  Not used: /home/ec2-user/arduino-testlib/cli-datadir/user/libraries/MAX31850_OneWire
  Not used: /home/ec2-user/arduino-testlib/cli-datadir/user/libraries/OneWireNg
  Not used: /home/ec2-user/arduino-testlib/cli-datadir/user/libraries/SDU_AGS_SensorBoard
Multiple libraries were found for &#34;DS18B20.h&#34;
  Used: /home/ec2-user/arduino-testlib/cli-datadir/user/libraries/DS18B20
  Not used: /home/ec2-user/arduino-testlib/cli-datadir/user/libraries/DS18B20_RT
  Not used: /home/ec2-user/arduino-testlib/cli-datadir/user/libraries/MaximWire
  Not used: /home/ec2-user/arduino-testlib/cli-datadir/user/libraries/OneWireHub
</pre>
					
					<h4>examples/DS18B20_getAddress</h4>
					<p>
						Result: <b>FAIL</b>
					</p>
					<pre class="pre-scrollable">/home/ec2-user/arduino-testlib/cli-datadir/user/libraries/DS18B20_RT/examples/DS18B20_getAddress/DS18B20_getAddress.ino:14:16: error: invalid conversion from &#39;OneWire*&#39; to &#39;uint8_t {aka unsigned char}&#39; [-fpermissive]
 DS18B20 sensor(&amp;oneWire);
                ^~~~~~~~
In file included from /home/ec2-user/arduino-testlib/cli-datadir/user/libraries/DS18B20_RT/examples/DS18B20_getAddress/DS18B20_getAddress.ino:9:0:
/home/ec2-user/arduino-testlib/cli-datadir/user/libraries/DS18B20/src/DS18B20.h:40:9: note:   initializing argument 1 of &#39;DS18B20::DS18B20(uint8_t)&#39;
         DS18B20(uint8_t pin);
         ^~~~~~~
/home/ec2-user/arduino-testlib/cli-datadir/user/libraries/DS18B20_RT/examples/DS18B20_getAddress/DS18B20_getAddress.ino:16:1: error: &#39;DeviceAddress&#39; does not name a type
 DeviceAddress da;
 ^~~~~~~~~~~~~
/home/ec2-user/arduino-testlib/cli-datadir/user/libraries/DS18B20_RT/examples/DS18B20_getAddress/DS18B20_getAddress.ino: In function &#39;void setup()&#39;:
/home/ec2-user/arduino-testlib/cli-datadir/user/libraries/DS18B20_RT/examples/DS18B20_getAddress/DS18B20_getAddress.ino:24:18: error: &#39;DS18B20_LIB_VERSION&#39; was not declared in this scope
   Serial.println(DS18B20_LIB_VERSION);
                  ^~~~~~~~~~~~~~~~~~~
/home/ec2-user/arduino-testlib/cli-datadir/user/libraries/DS18B20_RT/examples/DS18B20_getAddress/DS18B20_getAddress.ino:24:18: note: suggested alternative: &#39;_LIB_VERSION&#39;
   Serial.println(DS18B20_LIB_VERSION);
                  ^~~~~~~~~~~~~~~~~~~
                  _LIB_VERSION
/home/ec2-user/arduino-testlib/cli-datadir/user/libraries/DS18B20_RT/examples/DS18B20_getAddress/DS18B20_getAddress.ino:27:36: error: &#39;da&#39; was not declared in this scope
   Serial.println(sensor.getAddress(da));
                                    ^~
/home/ec2-user/arduino-testlib/cli-datadir/user/libraries/DS18B20_RT/examples/DS18B20_getAddress/DS18B20_getAddress.ino:29:10: error: &#39;class DS18B20&#39; has no member named &#39;begin&#39;
   sensor.begin();
          ^~~~~
Multiple libraries were found for &#34;OneWire.h&#34;
  Used: /home/ec2-user/arduino-testlib/cli-datadir/user/libraries/OneWire
  Not used: /home/ec2-user/arduino-testlib/cli-datadir/user/libraries/OneWireNg
  Not used: /home/ec2-user/arduino-testlib/cli-datadir/user/libraries/MAX31850_OneWire
  Not used: /home/ec2-user/arduino-testlib/cli-datadir/user/libraries/SDU_AGS_SensorBoard
Multiple libraries were found for &#34;DS18B20.h&#34;
  Used: /home/ec2-user/arduino-testlib/cli-datadir/user/libraries/DS18B20
  Not used: /home/ec2-user/arduino-testlib/cli-datadir/user/libraries/OneWireHub
  Not used: /home/ec2-user/arduino-testlib/cli-datadir/user/libraries/MaximWire
  Not used: /home/ec2-user/arduino-testlib/cli-datadir/user/libraries/DS18B20_RT
</pre>
					
					<h4>examples/DS18B20_minimum</h4>
					<p>
						Result: <b>FAIL</b>
					</p>
					<pre class="pre-scrollable">/home/ec2-user/arduino-testlib/cli-datadir/user/libraries/DS18B20_RT/examples/DS18B20_minimum/DS18B20_minimum.ino:19:16: error: invalid conversion from &#39;OneWire*&#39; to &#39;uint8_t {aka unsigned char}&#39; [-fpermissive]
 DS18B20 sensor(&amp;oneWire);
                ^~~~~~~~
In file included from /home/ec2-user/arduino-testlib/cli-datadir/user/libraries/DS18B20_RT/examples/DS18B20_minimum/DS18B20_minimum.ino:14:0:
/home/ec2-user/arduino-testlib/cli-datadir/user/libraries/DS18B20/src/DS18B20.h:40:9: note:   initializing argument 1 of &#39;DS18B20::DS18B20(uint8_t)&#39;
         DS18B20(uint8_t pin);
         ^~~~~~~
/home/ec2-user/arduino-testlib/cli-datadir/user/libraries/DS18B20_RT/examples/DS18B20_minimum/DS18B20_minimum.ino: In function &#39;void setup()&#39;:
/home/ec2-user/arduino-testlib/cli-datadir/user/libraries/DS18B20_RT/examples/DS18B20_minimum/DS18B20_minimum.ino:27:10: error: &#39;class DS18B20&#39; has no member named &#39;begin&#39;
   sensor.begin();
          ^~~~~
/home/ec2-user/arduino-testlib/cli-datadir/user/libraries/DS18B20_RT/examples/DS18B20_minimum/DS18B20_minimum.ino: In function &#39;void loop()&#39;:
/home/ec2-user/arduino-testlib/cli-datadir/user/libraries/DS18B20_RT/examples/DS18B20_minimum/DS18B20_minimum.ino:33:10: error: &#39;class DS18B20&#39; has no member named &#39;requestTemperatures&#39;
   sensor.requestTemperatures();
          ^~~~~~~~~~~~~~~~~~~
Multiple libraries were found for &#34;OneWire.h&#34;
  Used: /home/ec2-user/arduino-testlib/cli-datadir/user/libraries/OneWire
  Not used: /home/ec2-user/arduino-testlib/cli-datadir/user/libraries/OneWireNg
  Not used: /home/ec2-user/arduino-testlib/cli-datadir/user/libraries/SDU_AGS_SensorBoard
  Not used: /home/ec2-user/arduino-testlib/cli-datadir/user/libraries/MAX31850_OneWire
Multiple libraries were found for &#34;DS18B20.h&#34;
  Used: /home/ec2-user/arduino-testlib/cli-datadir/user/libraries/DS18B20
  Not used: /home/ec2-user/arduino-testlib/cli-datadir/user/libraries/MaximWire
  Not used: /home/ec2-user/arduino-testlib/cli-datadir/user/libraries/DS18B20_RT
  Not used: /home/ec2-user/arduino-testlib/cli-datadir/user/libraries/OneWireHub
</pre>
					
					<h4>examples/DS18B20_performance</h4>
					<p>
						Result: <b>FAIL</b>
					</p>
					<pre class="pre-scrollable">/home/ec2-user/arduino-testlib/cli-datadir/user/libraries/DS18B20_RT/examples/DS18B20_performance/DS18B20_performance.ino:15:16: error: invalid conversion from &#39;OneWire*&#39; to &#39;uint8_t {aka unsigned char}&#39; [-fpermissive]
 DS18B20 sensor(&amp;oneWire);
                ^~~~~~~~
In file included from /home/ec2-user/arduino-testlib/cli-datadir/user/libraries/DS18B20_RT/examples/DS18B20_performance/DS18B20_performance.ino:10:0:
/home/ec2-user/arduino-testlib/cli-datadir/user/libraries/DS18B20/src/DS18B20.h:40:9: note:   initializing argument 1 of &#39;DS18B20::DS18B20(uint8_t)&#39;
         DS18B20(uint8_t pin);
         ^~~~~~~
/home/ec2-user/arduino-testlib/cli-datadir/user/libraries/DS18B20_RT/examples/DS18B20_performance/DS18B20_performance.ino: In function &#39;void setup()&#39;:
/home/ec2-user/arduino-testlib/cli-datadir/user/libraries/DS18B20_RT/examples/DS18B20_performance/DS18B20_performance.ino:25:18: error: &#39;DS18B20_LIB_VERSION&#39; was not declared in this scope
   Serial.println(DS18B20_LIB_VERSION);
                  ^~~~~~~~~~~~~~~~~~~
/home/ec2-user/arduino-testlib/cli-datadir/user/libraries/DS18B20_RT/examples/DS18B20_performance/DS18B20_performance.ino:25:18: note: suggested alternative: &#39;_LIB_VERSION&#39;
   Serial.println(DS18B20_LIB_VERSION);
                  ^~~~~~~~~~~~~~~~~~~
                  _LIB_VERSION
/home/ec2-user/arduino-testlib/cli-datadir/user/libraries/DS18B20_RT/examples/DS18B20_performance/DS18B20_performance.ino:27:10: error: &#39;class DS18B20&#39; has no member named &#39;begin&#39;
   sensor.begin();
          ^~~~~
/home/ec2-user/arduino-testlib/cli-datadir/user/libraries/DS18B20_RT/examples/DS18B20_performance/DS18B20_performance.ino: In function &#39;uint32_t run(int)&#39;:
/home/ec2-user/arduino-testlib/cli-datadir/user/libraries/DS18B20_RT/examples/DS18B20_performance/DS18B20_performance.ino:64:12: error: &#39;class DS18B20&#39; has no member named &#39;requestTemperatures&#39;
     sensor.requestTemperatures();
            ^~~~~~~~~~~~~~~~~~~
/home/ec2-user/arduino-testlib/cli-datadir/user/libraries/DS18B20_RT/examples/DS18B20_performance/DS18B20_performance.ino:65:20: error: &#39;class DS18B20&#39; has no member named &#39;isConversionComplete&#39;; did you mean &#39;doConversion&#39;?
     while (!sensor.isConversionComplete());
                    ^~~~~~~~~~~~~~~~~~~~
                    doConversion
Multiple libraries were found for &#34;OneWire.h&#34;
  Used: /home/ec2-user/arduino-testlib/cli-datadir/user/libraries/OneWire
  Not used: /home/ec2-user/arduino-testlib/cli-datadir/user/libraries/OneWireNg
  Not used: /home/ec2-user/arduino-testlib/cli-datadir/user/libraries/SDU_AGS_SensorBoard
  Not used: /home/ec2-user/arduino-testlib/cli-datadir/user/libraries/MAX31850_OneWire
Multiple libraries were found for &#34;DS18B20.h&#34;
  Used: /home/ec2-user/arduino-testlib/cli-datadir/user/libraries/DS18B20
  Not used: /home/ec2-user/arduino-testlib/cli-datadir/user/libraries/OneWireHub
  Not used: /home/ec2-user/arduino-testlib/cli-datadir/user/libraries/MaximWire
  Not used: /home/ec2-user/arduino-testlib/cli-datadir/user/libraries/DS18B20_RT
</pre>
					
					<h4>examples/DS18B20_simple</h4>
					<p>
						Result: <b>FAIL</b>
					</p>
					<pre class="pre-scrollable">/home/ec2-user/arduino-testlib/cli-datadir/user/libraries/DS18B20_RT/examples/DS18B20_simple/DS18B20_simple.ino:14:16: error: invalid conversion from &#39;OneWire*&#39; to &#39;uint8_t {aka unsigned char}&#39; [-fpermissive]
 DS18B20 sensor(&amp;oneWire);
                ^~~~~~~~
In file included from /home/ec2-user/arduino-testlib/cli-datadir/user/libraries/DS18B20_RT/examples/DS18B20_simple/DS18B20_simple.ino:9:0:
/home/ec2-user/arduino-testlib/cli-datadir/user/libraries/DS18B20/src/DS18B20.h:40:9: note:   initializing argument 1 of &#39;DS18B20::DS18B20(uint8_t)&#39;
         DS18B20(uint8_t pin);
         ^~~~~~~
/home/ec2-user/arduino-testlib/cli-datadir/user/libraries/DS18B20_RT/examples/DS18B20_simple/DS18B20_simple.ino: In function &#39;void setup()&#39;:
/home/ec2-user/arduino-testlib/cli-datadir/user/libraries/DS18B20_RT/examples/DS18B20_simple/DS18B20_simple.ino:22:18: error: &#39;DS18B20_LIB_VERSION&#39; was not declared in this scope
   Serial.println(DS18B20_LIB_VERSION);
                  ^~~~~~~~~~~~~~~~~~~
/home/ec2-user/arduino-testlib/cli-datadir/user/libraries/DS18B20_RT/examples/DS18B20_simple/DS18B20_simple.ino:22:18: note: suggested alternative: &#39;_LIB_VERSION&#39;
   Serial.println(DS18B20_LIB_VERSION);
                  ^~~~~~~~~~~~~~~~~~~
                  _LIB_VERSION
/home/ec2-user/arduino-testlib/cli-datadir/user/libraries/DS18B20_RT/examples/DS18B20_simple/DS18B20_simple.ino:24:10: error: &#39;class DS18B20&#39; has no member named &#39;begin&#39;
   sensor.begin();
          ^~~~~
/home/ec2-user/arduino-testlib/cli-datadir/user/libraries/DS18B20_RT/examples/DS18B20_simple/DS18B20_simple.ino: In function &#39;void loop()&#39;:
/home/ec2-user/arduino-testlib/cli-datadir/user/libraries/DS18B20_RT/examples/DS18B20_simple/DS18B20_simple.ino:30:10: error: &#39;class DS18B20&#39; has no member named &#39;requestTemperatures&#39;
   sensor.requestTemperatures();
          ^~~~~~~~~~~~~~~~~~~
/home/ec2-user/arduino-testlib/cli-datadir/user/libraries/DS18B20_RT/examples/DS18B20_simple/DS18B20_simple.ino:32:18: error: &#39;class DS18B20&#39; has no member named &#39;isConversionComplete&#39;; did you mean &#39;doConversion&#39;?
   while (!sensor.isConversionComplete());  // wait until sensor is ready
                  ^~~~~~~~~~~~~~~~~~~~
                  doConversion
Multiple libraries were found for &#34;OneWire.h&#34;
  Used: /home/ec2-user/arduino-testlib/cli-datadir/user/libraries/OneWire
  Not used: /home/ec2-user/arduino-testlib/cli-datadir/user/libraries/MAX31850_OneWire
  Not used: /home/ec2-user/arduino-testlib/cli-datadir/user/libraries/OneWireNg
  Not used: /home/ec2-user/arduino-testlib/cli-datadir/user/libraries/SDU_AGS_SensorBoard
Multiple libraries were found for &#34;DS18B20.h&#34;
  Used: /home/ec2-user/arduino-testlib/cli-datadir/user/libraries/DS18B20
  Not used: /home/ec2-user/arduino-testlib/cli-datadir/user/libraries/MaximWire
  Not used: /home/ec2-user/arduino-testlib/cli-datadir/user/libraries/OneWireHub
  Not used: /home/ec2-user/arduino-testlib/cli-datadir/user/libraries/DS18B20_RT
</pre>
					
					<h4>examples/DS18B20_test</h4>
					<p>
						Result: <b>FAIL</b>
					</p>
					<pre class="pre-scrollable">/home/ec2-user/arduino-testlib/cli-datadir/user/libraries/DS18B20_RT/examples/DS18B20_test/DS18B20_test.ino:14:16: error: invalid conversion from &#39;OneWire*&#39; to &#39;uint8_t {aka unsigned char}&#39; [-fpermissive]
 DS18B20 sensor(&amp;oneWire);
                ^~~~~~~~
In file included from /home/ec2-user/arduino-testlib/cli-datadir/user/libraries/DS18B20_RT/examples/DS18B20_test/DS18B20_test.ino:9:0:
/home/ec2-user/arduino-testlib/cli-datadir/user/libraries/DS18B20/src/DS18B20.h:40:9: note:   initializing argument 1 of &#39;DS18B20::DS18B20(uint8_t)&#39;
         DS18B20(uint8_t pin);
         ^~~~~~~
/home/ec2-user/arduino-testlib/cli-datadir/user/libraries/DS18B20_RT/examples/DS18B20_test/DS18B20_test.ino: In function &#39;void setup()&#39;:
/home/ec2-user/arduino-testlib/cli-datadir/user/libraries/DS18B20_RT/examples/DS18B20_test/DS18B20_test.ino:24:18: error: &#39;DS18B20_LIB_VERSION&#39; was not declared in this scope
   Serial.println(DS18B20_LIB_VERSION);
                  ^~~~~~~~~~~~~~~~~~~
/home/ec2-user/arduino-testlib/cli-datadir/user/libraries/DS18B20_RT/examples/DS18B20_test/DS18B20_test.ino:24:18: note: suggested alternative: &#39;_LIB_VERSION&#39;
   Serial.println(DS18B20_LIB_VERSION);
                  ^~~~~~~~~~~~~~~~~~~
                  _LIB_VERSION
/home/ec2-user/arduino-testlib/cli-datadir/user/libraries/DS18B20_RT/examples/DS18B20_test/DS18B20_test.ino:26:10: error: &#39;class DS18B20&#39; has no member named &#39;begin&#39;
   sensor.begin();
          ^~~~~
/home/ec2-user/arduino-testlib/cli-datadir/user/libraries/DS18B20_RT/examples/DS18B20_test/DS18B20_test.ino:28:10: error: &#39;class DS18B20&#39; has no member named &#39;requestTemperatures&#39;
   sensor.requestTemperatures();
          ^~~~~~~~~~~~~~~~~~~
/home/ec2-user/arduino-testlib/cli-datadir/user/libraries/DS18B20_RT/examples/DS18B20_test/DS18B20_test.ino:33:18: error: &#39;class DS18B20&#39; has no member named &#39;isConversionComplete&#39;; did you mean &#39;doConversion&#39;?
   while (!sensor.isConversionComplete()) n&#43;&#43;;
                  ^~~~~~~~~~~~~~~~~~~~
                  doConversion
/home/ec2-user/arduino-testlib/cli-datadir/user/libraries/DS18B20_RT/examples/DS18B20_test/DS18B20_test.ino: In function &#39;void loop()&#39;:
/home/ec2-user/arduino-testlib/cli-datadir/user/libraries/DS18B20_RT/examples/DS18B20_test/DS18B20_test.ino:54:12: error: &#39;class DS18B20&#39; has no member named &#39;requestTemperatures&#39;
     sensor.requestTemperatures();
            ^~~~~~~~~~~~~~~~~~~
/home/ec2-user/arduino-testlib/cli-datadir/user/libraries/DS18B20_RT/examples/DS18B20_test/DS18B20_test.ino:55:20: error: &#39;class DS18B20&#39; has no member named &#39;isConversionComplete&#39;; did you mean &#39;doConversion&#39;?
     while (!sensor.isConversionComplete()) n&#43;&#43;;
                    ^~~~~~~~~~~~~~~~~~~~
                    doConversion
Multiple libraries were found for &#34;OneWire.h&#34;
  Used: /home/ec2-user/arduino-testlib/cli-datadir/user/libraries/OneWire
  Not used: /home/ec2-user/arduino-testlib/cli-datadir/user/libraries/MAX31850_OneWire
  Not used: /home/ec2-user/arduino-testlib/cli-datadir/user/libraries/OneWireNg
  Not used: /home/ec2-user/arduino-testlib/cli-datadir/user/libraries/SDU_AGS_SensorBoard
Multiple libraries were found for &#34;DS18B20.h&#34;
  Used: /home/ec2-user/arduino-testlib/cli-datadir/user/libraries/DS18B20
  Not used: /home/ec2-user/arduino-testlib/cli-datadir/user/libraries/DS18B20_RT
  Not used: /home/ec2-user/arduino-testlib/cli-datadir/user/libraries/MaximWire
  Not used: /home/ec2-user/arduino-testlib/cli-datadir/user/libraries/OneWireHub
</pre>
					
					<h4>examples/DS18B20_test_disconnect</h4>
					<p>
						Result: <b>FAIL</b>
					</p>
					<pre class="pre-scrollable">/home/ec2-user/arduino-testlib/cli-datadir/user/libraries/DS18B20_RT/examples/DS18B20_test_disconnect/DS18B20_test_disconnect.ino:14:16: error: invalid conversion from &#39;OneWire*&#39; to &#39;uint8_t {aka unsigned char}&#39; [-fpermissive]
 DS18B20 sensor(&amp;oneWire);
                ^~~~~~~~
In file included from /home/ec2-user/arduino-testlib/cli-datadir/user/libraries/DS18B20_RT/examples/DS18B20_test_disconnect/DS18B20_test_disconnect.ino:9:0:
/home/ec2-user/arduino-testlib/cli-datadir/user/libraries/DS18B20/src/DS18B20.h:40:9: note:   initializing argument 1 of &#39;DS18B20::DS18B20(uint8_t)&#39;
         DS18B20(uint8_t pin);
         ^~~~~~~
/home/ec2-user/arduino-testlib/cli-datadir/user/libraries/DS18B20_RT/examples/DS18B20_test_disconnect/DS18B20_test_disconnect.ino: In function &#39;void setup()&#39;:
/home/ec2-user/arduino-testlib/cli-datadir/user/libraries/DS18B20_RT/examples/DS18B20_test_disconnect/DS18B20_test_disconnect.ino:25:18: error: &#39;DS18B20_LIB_VERSION&#39; was not declared in this scope
   Serial.println(DS18B20_LIB_VERSION);
                  ^~~~~~~~~~~~~~~~~~~
/home/ec2-user/arduino-testlib/cli-datadir/user/libraries/DS18B20_RT/examples/DS18B20_test_disconnect/DS18B20_test_disconnect.ino:25:18: note: suggested alternative: &#39;_LIB_VERSION&#39;
   Serial.println(DS18B20_LIB_VERSION);
                  ^~~~~~~~~~~~~~~~~~~
                  _LIB_VERSION
/home/ec2-user/arduino-testlib/cli-datadir/user/libraries/DS18B20_RT/examples/DS18B20_test_disconnect/DS18B20_test_disconnect.ino:28:14: error: &#39;class DS18B20&#39; has no member named &#39;begin&#39;
   if (sensor.begin() == false)
              ^~~~~
/home/ec2-user/arduino-testlib/cli-datadir/user/libraries/DS18B20_RT/examples/DS18B20_test_disconnect/DS18B20_test_disconnect.ino:31:20: error: &#39;class DS18B20&#39; has no member named &#39;begin&#39;
     while (!sensor.begin()); // wait until device comes available.
                    ^~~~~
/home/ec2-user/arduino-testlib/cli-datadir/user/libraries/DS18B20_RT/examples/DS18B20_test_disconnect/DS18B20_test_disconnect.ino:35:10: error: &#39;class DS18B20&#39; has no member named &#39;setConfig&#39;
   sensor.setConfig(DS18B20_CRC);  // or 1
          ^~~~~~~~~
/home/ec2-user/arduino-testlib/cli-datadir/user/libraries/DS18B20_RT/examples/DS18B20_test_disconnect/DS18B20_test_disconnect.ino:35:20: error: &#39;DS18B20_CRC&#39; was not declared in this scope
   sensor.setConfig(DS18B20_CRC);  // or 1
                    ^~~~~~~~~~~
/home/ec2-user/arduino-testlib/cli-datadir/user/libraries/DS18B20_RT/examples/DS18B20_test_disconnect/DS18B20_test_disconnect.ino:35:20: note: suggested alternative: &#39;DS18B20_H&#39;
   sensor.setConfig(DS18B20_CRC);  // or 1
                    ^~~~~~~~~~~
                    DS18B20_H
/home/ec2-user/arduino-testlib/cli-datadir/user/libraries/DS18B20_RT/examples/DS18B20_test_disconnect/DS18B20_test_disconnect.ino:36:10: error: &#39;class DS18B20&#39; has no member named &#39;requestTemperatures&#39;
   sensor.requestTemperatures();
          ^~~~~~~~~~~~~~~~~~~
/home/ec2-user/arduino-testlib/cli-datadir/user/libraries/DS18B20_RT/examples/DS18B20_test_disconnect/DS18B20_test_disconnect.ino: In function &#39;void loop()&#39;:
/home/ec2-user/arduino-testlib/cli-datadir/user/libraries/DS18B20_RT/examples/DS18B20_test_disconnect/DS18B20_test_disconnect.ino:43:10: error: &#39;class DS18B20&#39; has no member named &#39;requestTemperatures&#39;
   sensor.requestTemperatures();
          ^~~~~~~~~~~~~~~~~~~
/home/ec2-user/arduino-testlib/cli-datadir/user/libraries/DS18B20_RT/examples/DS18B20_test_disconnect/DS18B20_test_disconnect.ino:47:18: error: &#39;class DS18B20&#39; has no member named &#39;isConversionComplete&#39;; did you mean &#39;doConversion&#39;?
   while (!sensor.isConversionComplete())
                  ^~~~~~~~~~~~~~~~~~~~
                  doConversion
/home/ec2-user/arduino-testlib/cli-datadir/user/libraries/DS18B20_RT/examples/DS18B20_test_disconnect/DS18B20_test_disconnect.ino:58:12: error: &#39;DEVICE_CRC_ERROR&#39; was not declared in this scope
   if (t == DEVICE_CRC_ERROR)
            ^~~~~~~~~~~~~~~~
/home/ec2-user/arduino-testlib/cli-datadir/user/libraries/DS18B20_RT/examples/DS18B20_test_disconnect/DS18B20_test_disconnect.ino:58:12: note: suggested alternative: &#39;DEVICE_SERIAL&#39;
   if (t == DEVICE_CRC_ERROR)
            ^~~~~~~~~~~~~~~~
            DEVICE_SERIAL
Multiple libraries were found for &#34;OneWire.h&#34;
  Used: /home/ec2-user/arduino-testlib/cli-datadir/user/libraries/OneWire
  Not used: /home/ec2-user/arduino-testlib/cli-datadir/user/libraries/SDU_AGS_SensorBoard
  Not used: /home/ec2-user/arduino-testlib/cli-datadir/user/libraries/OneWireNg
  Not used: /home/ec2-user/arduino-testlib/cli-datadir/user/libraries/MAX31850_OneWire
Multiple libraries were found for &#34;DS18B20.h&#34;
  Used: /home/ec2-user/arduino-testlib/cli-datadir/user/libraries/DS18B20
  Not used: /home/ec2-user/arduino-testlib/cli-datadir/user/libraries/MaximWire
  Not used: /home/ec2-user/arduino-testlib/cli-datadir/user/libraries/DS18B20_RT
  Not used: /home/ec2-user/arduino-testlib/cli-datadir/user/libraries/OneWireHub
</pre>
					
					<h4>examples/DS18B20_two_sensors</h4>
					<p>
						Result: <b>FAIL</b>
					</p>
					<pre class="pre-scrollable">/home/ec2-user/arduino-testlib/cli-datadir/user/libraries/DS18B20_RT/examples/DS18B20_two_sensors/DS18B20_two_sensors.ino:18:16: error: invalid conversion from &#39;OneWire*&#39; to &#39;uint8_t {aka unsigned char}&#39; [-fpermissive]
 DS18B20 inside(&amp;oneWire2);
                ^~~~~~~~~
In file included from /home/ec2-user/arduino-testlib/cli-datadir/user/libraries/DS18B20_RT/examples/DS18B20_two_sensors/DS18B20_two_sensors.ino:9:0:
/home/ec2-user/arduino-testlib/cli-datadir/user/libraries/DS18B20/src/DS18B20.h:40:9: note:   initializing argument 1 of &#39;DS18B20::DS18B20(uint8_t)&#39;
         DS18B20(uint8_t pin);
         ^~~~~~~
/home/ec2-user/arduino-testlib/cli-datadir/user/libraries/DS18B20_RT/examples/DS18B20_two_sensors/DS18B20_two_sensors.ino:19:17: error: invalid conversion from &#39;OneWire*&#39; to &#39;uint8_t {aka unsigned char}&#39; [-fpermissive]
 DS18B20 outside(&amp;oneWire3);
                 ^~~~~~~~~
In file included from /home/ec2-user/arduino-testlib/cli-datadir/user/libraries/DS18B20_RT/examples/DS18B20_two_sensors/DS18B20_two_sensors.ino:9:0:
/home/ec2-user/arduino-testlib/cli-datadir/user/libraries/DS18B20/src/DS18B20.h:40:9: note:   initializing argument 1 of &#39;DS18B20::DS18B20(uint8_t)&#39;
         DS18B20(uint8_t pin);
         ^~~~~~~
/home/ec2-user/arduino-testlib/cli-datadir/user/libraries/DS18B20_RT/examples/DS18B20_two_sensors/DS18B20_two_sensors.ino: In function &#39;void setup()&#39;:
/home/ec2-user/arduino-testlib/cli-datadir/user/libraries/DS18B20_RT/examples/DS18B20_two_sensors/DS18B20_two_sensors.ino:27:18: error: &#39;DS18B20_LIB_VERSION&#39; was not declared in this scope
   Serial.println(DS18B20_LIB_VERSION);
                  ^~~~~~~~~~~~~~~~~~~
/home/ec2-user/arduino-testlib/cli-datadir/user/libraries/DS18B20_RT/examples/DS18B20_two_sensors/DS18B20_two_sensors.ino:27:18: note: suggested alternative: &#39;_LIB_VERSION&#39;
   Serial.println(DS18B20_LIB_VERSION);
                  ^~~~~~~~~~~~~~~~~~~
                  _LIB_VERSION
/home/ec2-user/arduino-testlib/cli-datadir/user/libraries/DS18B20_RT/examples/DS18B20_two_sensors/DS18B20_two_sensors.ino:29:10: error: &#39;class DS18B20&#39; has no member named &#39;begin&#39;
   inside.begin();
          ^~~~~
/home/ec2-user/arduino-testlib/cli-datadir/user/libraries/DS18B20_RT/examples/DS18B20_two_sensors/DS18B20_two_sensors.ino:30:11: error: &#39;class DS18B20&#39; has no member named &#39;begin&#39;
   outside.begin();
           ^~~~~
/home/ec2-user/arduino-testlib/cli-datadir/user/libraries/DS18B20_RT/examples/DS18B20_two_sensors/DS18B20_two_sensors.ino:36:10: error: &#39;class DS18B20&#39; has no member named &#39;requestTemperatures&#39;
   inside.requestTemperatures();
          ^~~~~~~~~~~~~~~~~~~
/home/ec2-user/arduino-testlib/cli-datadir/user/libraries/DS18B20_RT/examples/DS18B20_two_sensors/DS18B20_two_sensors.ino:37:11: error: &#39;class DS18B20&#39; has no member named &#39;requestTemperatures&#39;
   outside.requestTemperatures();
           ^~~~~~~~~~~~~~~~~~~
/home/ec2-user/arduino-testlib/cli-datadir/user/libraries/DS18B20_RT/examples/DS18B20_two_sensors/DS18B20_two_sensors.ino: In function &#39;void loop()&#39;:
/home/ec2-user/arduino-testlib/cli-datadir/user/libraries/DS18B20_RT/examples/DS18B20_two_sensors/DS18B20_two_sensors.ino:44:14: error: &#39;class DS18B20&#39; has no member named &#39;isConversionComplete&#39;; did you mean &#39;doConversion&#39;?
   if (inside.isConversionComplete())
              ^~~~~~~~~~~~~~~~~~~~
              doConversion
/home/ec2-user/arduino-testlib/cli-datadir/user/libraries/DS18B20_RT/examples/DS18B20_two_sensors/DS18B20_two_sensors.ino:48:12: error: &#39;class DS18B20&#39; has no member named &#39;requestTemperatures&#39;
     inside.requestTemperatures();
            ^~~~~~~~~~~~~~~~~~~
/home/ec2-user/arduino-testlib/cli-datadir/user/libraries/DS18B20_RT/examples/DS18B20_two_sensors/DS18B20_two_sensors.ino:50:15: error: &#39;class DS18B20&#39; has no member named &#39;isConversionComplete&#39;; did you mean &#39;doConversion&#39;?
   if (outside.isConversionComplete())
               ^~~~~~~~~~~~~~~~~~~~
               doConversion
/home/ec2-user/arduino-testlib/cli-datadir/user/libraries/DS18B20_RT/examples/DS18B20_two_sensors/DS18B20_two_sensors.ino:54:13: error: &#39;class DS18B20&#39; has no member named &#39;requestTemperatures&#39;
     outside.requestTemperatures();
             ^~~~~~~~~~~~~~~~~~~
Multiple libraries were found for &#34;OneWire.h&#34;
  Used: /home/ec2-user/arduino-testlib/cli-datadir/user/libraries/OneWire
  Not used: /home/ec2-user/arduino-testlib/cli-datadir/user/libraries/MAX31850_OneWire
  Not used: /home/ec2-user/arduino-testlib/cli-datadir/user/libraries/SDU_AGS_SensorBoard
  Not used: /home/ec2-user/arduino-testlib/cli-datadir/user/libraries/OneWireNg
Multiple libraries were found for &#34;DS18B20.h&#34;
  Used: /home/ec2-user/arduino-testlib/cli-datadir/user/libraries/DS18B20
  Not used: /home/ec2-user/arduino-testlib/cli-datadir/user/libraries/DS18B20_RT
  Not used: /home/ec2-user/arduino-testlib/cli-datadir/user/libraries/MaximWire
  Not used: /home/ec2-user/arduino-testlib/cli-datadir/user/libraries/OneWireHub
</pre>
					
					<h4>examples/oneWireSearch</h4>
					<p>
						Result: <b>PASS</b>
					</p>
					<pre class="pre-scrollable">Sketch uses 80212 bytes (0%) of program storage space. Maximum is 16777216 bytes.
Global variables use 43444 bytes (16%) of dynamic memory, leaving 226892 bytes for local variables. Maximum is 270336 bytes.
</pre>
					
				
				<h3 id="arduino:megaavr:nona4809">arduino:megaavr:nona4809 @ 1.8.7</h3>
				<h4>Inclusion</h4>
				<p>
					Result: <b>PASS</b>
					
					<br />This library has no main header file so an empty one was created.
					
				</p>
				<pre class="pre-scrollable">Sketch uses 802 bytes (1%) of program storage space. Maximum is 49152 bytes.
Global variables use 22 bytes (0%) of dynamic memory, leaving 6122 bytes for local variables. Maximum is 6144 bytes.
</pre>

					
					<h4>examples/DS18B20_diagnose</h4>
					<p>
						Result: <b>FAIL</b>
					</p>
					<pre class="pre-scrollable">/home/ec2-user/arduino-testlib/cli-datadir/user/libraries/DS18B20_RT/examples/DS18B20_diagnose/DS18B20_diagnose.ino: In function &#39;void setup()&#39;:
/home/ec2-user/arduino-testlib/cli-datadir/user/libraries/DS18B20_RT/examples/DS18B20_diagnose/DS18B20_diagnose.ino:24:18: error: &#39;DS18B20_LIB_VERSION&#39; was not declared in this scope
   Serial.println(DS18B20_LIB_VERSION);
                  ^~~~~~~~~~~~~~~~~~~
/home/ec2-user/arduino-testlib/cli-datadir/user/libraries/DS18B20_RT/examples/DS18B20_diagnose/DS18B20_diagnose.ino:24:18: note: suggested alternative: &#39;USB_VERSION&#39;
   Serial.println(DS18B20_LIB_VERSION);
                  ^~~~~~~~~~~~~~~~~~~
                  USB_VERSION
/home/ec2-user/arduino-testlib/cli-datadir/user/libraries/DS18B20_RT/examples/DS18B20_diagnose/DS18B20_diagnose.ino:26:14: error: &#39;class DS18B20&#39; has no member named &#39;begin&#39;
   if (sensor.begin() == false)
              ^~~~~
/home/ec2-user/arduino-testlib/cli-datadir/user/libraries/DS18B20_RT/examples/DS18B20_diagnose/DS18B20_diagnose.ino:32:10: error: &#39;class DS18B20&#39; has no member named &#39;requestTemperatures&#39;
   sensor.requestTemperatures();
          ^~~~~~~~~~~~~~~~~~~
/home/ec2-user/arduino-testlib/cli-datadir/user/libraries/DS18B20_RT/examples/DS18B20_diagnose/DS18B20_diagnose.ino:35:18: error: &#39;class DS18B20&#39; has no member named &#39;isConversionComplete&#39;; did you mean &#39;doConversion&#39;?
   while (!sensor.isConversionComplete());
                  ^~~~~~~~~~~~~~~~~~~~
                  doConversion
/home/ec2-user/arduino-testlib/cli-datadir/user/libraries/DS18B20_RT/examples/DS18B20_diagnose/DS18B20_diagnose.ino: In function &#39;void loop()&#39;:
/home/ec2-user/arduino-testlib/cli-datadir/user/libraries/DS18B20_RT/examples/DS18B20_diagnose/DS18B20_diagnose.ino:52:12: error: &#39;class DS18B20&#39; has no member named &#39;requestTemperatures&#39;
     sensor.requestTemperatures();
            ^~~~~~~~~~~~~~~~~~~
/home/ec2-user/arduino-testlib/cli-datadir/user/libraries/DS18B20_RT/examples/DS18B20_diagnose/DS18B20_diagnose.ino:53:20: error: &#39;class DS18B20&#39; has no member named &#39;isConversionComplete&#39;; did you mean &#39;doConversion&#39;?
     while (!sensor.isConversionComplete());
                    ^~~~~~~~~~~~~~~~~~~~
                    doConversion
Multiple libraries were found for &#34;OneWire.h&#34;
  Used: /home/ec2-user/arduino-testlib/cli-datadir/user/libraries/OneWire
  Not used: /home/ec2-user/arduino-testlib/cli-datadir/user/libraries/OneWireNg
  Not used: /home/ec2-user/arduino-testlib/cli-datadir/user/libraries/SDU_AGS_SensorBoard
  Not used: /home/ec2-user/arduino-testlib/cli-datadir/user/libraries/MAX31850_OneWire
Multiple libraries were found for &#34;DS18B20.h&#34;
  Used: /home/ec2-user/arduino-testlib/cli-datadir/user/libraries/DS18B20
  Not used: /home/ec2-user/arduino-testlib/cli-datadir/user/libraries/OneWireHub
  Not used: /home/ec2-user/arduino-testlib/cli-datadir/user/libraries/DS18B20_RT
  Not used: /home/ec2-user/arduino-testlib/cli-datadir/user/libraries/MaximWire
</pre>
					
					<h4>examples/DS18B20_getAddress</h4>
					<p>
						Result: <b>FAIL</b>
					</p>
					<pre class="pre-scrollable">/home/ec2-user/arduino-testlib/cli-datadir/user/libraries/DS18B20_RT/examples/DS18B20_getAddress/DS18B20_getAddress.ino:16:1: error: &#39;DeviceAddress&#39; does not name a type
 DeviceAddress da;
 ^~~~~~~~~~~~~
/home/ec2-user/arduino-testlib/cli-datadir/user/libraries/DS18B20_RT/examples/DS18B20_getAddress/DS18B20_getAddress.ino: In function &#39;void setup()&#39;:
/home/ec2-user/arduino-testlib/cli-datadir/user/libraries/DS18B20_RT/examples/DS18B20_getAddress/DS18B20_getAddress.ino:24:18: error: &#39;DS18B20_LIB_VERSION&#39; was not declared in this scope
   Serial.println(DS18B20_LIB_VERSION);
                  ^~~~~~~~~~~~~~~~~~~
/home/ec2-user/arduino-testlib/cli-datadir/user/libraries/DS18B20_RT/examples/DS18B20_getAddress/DS18B20_getAddress.ino:24:18: note: suggested alternative: &#39;USB_VERSION&#39;
   Serial.println(DS18B20_LIB_VERSION);
                  ^~~~~~~~~~~~~~~~~~~
                  USB_VERSION
/home/ec2-user/arduino-testlib/cli-datadir/user/libraries/DS18B20_RT/examples/DS18B20_getAddress/DS18B20_getAddress.ino:27:36: error: &#39;da&#39; was not declared in this scope
   Serial.println(sensor.getAddress(da));
                                    ^~
/home/ec2-user/arduino-testlib/cli-datadir/user/libraries/DS18B20_RT/examples/DS18B20_getAddress/DS18B20_getAddress.ino:29:10: error: &#39;class DS18B20&#39; has no member named &#39;begin&#39;
   sensor.begin();
          ^~~~~
Multiple libraries were found for &#34;OneWire.h&#34;
  Used: /home/ec2-user/arduino-testlib/cli-datadir/user/libraries/OneWire
  Not used: /home/ec2-user/arduino-testlib/cli-datadir/user/libraries/MAX31850_OneWire
  Not used: /home/ec2-user/arduino-testlib/cli-datadir/user/libraries/OneWireNg
  Not used: /home/ec2-user/arduino-testlib/cli-datadir/user/libraries/SDU_AGS_SensorBoard
Multiple libraries were found for &#34;DS18B20.h&#34;
  Used: /home/ec2-user/arduino-testlib/cli-datadir/user/libraries/DS18B20
  Not used: /home/ec2-user/arduino-testlib/cli-datadir/user/libraries/MaximWire
  Not used: /home/ec2-user/arduino-testlib/cli-datadir/user/libraries/DS18B20_RT
  Not used: /home/ec2-user/arduino-testlib/cli-datadir/user/libraries/OneWireHub
</pre>
					
					<h4>examples/DS18B20_minimum</h4>
					<p>
						Result: <b>FAIL</b>
					</p>
					<pre class="pre-scrollable">/home/ec2-user/arduino-testlib/cli-datadir/user/libraries/DS18B20_RT/examples/DS18B20_minimum/DS18B20_minimum.ino: In function &#39;void setup()&#39;:
/home/ec2-user/arduino-testlib/cli-datadir/user/libraries/DS18B20_RT/examples/DS18B20_minimum/DS18B20_minimum.ino:27:10: error: &#39;class DS18B20&#39; has no member named &#39;begin&#39;
   sensor.begin();
          ^~~~~
/home/ec2-user/arduino-testlib/cli-datadir/user/libraries/DS18B20_RT/examples/DS18B20_minimum/DS18B20_minimum.ino: In function &#39;void loop()&#39;:
/home/ec2-user/arduino-testlib/cli-datadir/user/libraries/DS18B20_RT/examples/DS18B20_minimum/DS18B20_minimum.ino:33:10: error: &#39;class DS18B20&#39; has no member named &#39;requestTemperatures&#39;
   sensor.requestTemperatures();
          ^~~~~~~~~~~~~~~~~~~
Multiple libraries were found for &#34;OneWire.h&#34;
  Used: /home/ec2-user/arduino-testlib/cli-datadir/user/libraries/OneWire
  Not used: /home/ec2-user/arduino-testlib/cli-datadir/user/libraries/SDU_AGS_SensorBoard
  Not used: /home/ec2-user/arduino-testlib/cli-datadir/user/libraries/MAX31850_OneWire
  Not used: /home/ec2-user/arduino-testlib/cli-datadir/user/libraries/OneWireNg
Multiple libraries were found for &#34;DS18B20.h&#34;
  Used: /home/ec2-user/arduino-testlib/cli-datadir/user/libraries/DS18B20
  Not used: /home/ec2-user/arduino-testlib/cli-datadir/user/libraries/OneWireHub
  Not used: /home/ec2-user/arduino-testlib/cli-datadir/user/libraries/DS18B20_RT
  Not used: /home/ec2-user/arduino-testlib/cli-datadir/user/libraries/MaximWire
</pre>
					
					<h4>examples/DS18B20_performance</h4>
					<p>
						Result: <b>FAIL</b>
					</p>
					<pre class="pre-scrollable">/home/ec2-user/arduino-testlib/cli-datadir/user/libraries/DS18B20_RT/examples/DS18B20_performance/DS18B20_performance.ino: In function &#39;void setup()&#39;:
/home/ec2-user/arduino-testlib/cli-datadir/user/libraries/DS18B20_RT/examples/DS18B20_performance/DS18B20_performance.ino:25:18: error: &#39;DS18B20_LIB_VERSION&#39; was not declared in this scope
   Serial.println(DS18B20_LIB_VERSION);
                  ^~~~~~~~~~~~~~~~~~~
/home/ec2-user/arduino-testlib/cli-datadir/user/libraries/DS18B20_RT/examples/DS18B20_performance/DS18B20_performance.ino:25:18: note: suggested alternative: &#39;USB_VERSION&#39;
   Serial.println(DS18B20_LIB_VERSION);
                  ^~~~~~~~~~~~~~~~~~~
                  USB_VERSION
/home/ec2-user/arduino-testlib/cli-datadir/user/libraries/DS18B20_RT/examples/DS18B20_performance/DS18B20_performance.ino:27:10: error: &#39;class DS18B20&#39; has no member named &#39;begin&#39;
   sensor.begin();
          ^~~~~
/home/ec2-user/arduino-testlib/cli-datadir/user/libraries/DS18B20_RT/examples/DS18B20_performance/DS18B20_performance.ino: In function &#39;uint32_t run(int)&#39;:
/home/ec2-user/arduino-testlib/cli-datadir/user/libraries/DS18B20_RT/examples/DS18B20_performance/DS18B20_performance.ino:64:12: error: &#39;class DS18B20&#39; has no member named &#39;requestTemperatures&#39;
     sensor.requestTemperatures();
            ^~~~~~~~~~~~~~~~~~~
/home/ec2-user/arduino-testlib/cli-datadir/user/libraries/DS18B20_RT/examples/DS18B20_performance/DS18B20_performance.ino:65:20: error: &#39;class DS18B20&#39; has no member named &#39;isConversionComplete&#39;; did you mean &#39;doConversion&#39;?
     while (!sensor.isConversionComplete());
                    ^~~~~~~~~~~~~~~~~~~~
                    doConversion
Multiple libraries were found for &#34;OneWire.h&#34;
  Used: /home/ec2-user/arduino-testlib/cli-datadir/user/libraries/OneWire
  Not used: /home/ec2-user/arduino-testlib/cli-datadir/user/libraries/OneWireNg
  Not used: /home/ec2-user/arduino-testlib/cli-datadir/user/libraries/MAX31850_OneWire
  Not used: /home/ec2-user/arduino-testlib/cli-datadir/user/libraries/SDU_AGS_SensorBoard
Multiple libraries were found for &#34;DS18B20.h&#34;
  Used: /home/ec2-user/arduino-testlib/cli-datadir/user/libraries/DS18B20
  Not used: /home/ec2-user/arduino-testlib/cli-datadir/user/libraries/DS18B20_RT
  Not used: /home/ec2-user/arduino-testlib/cli-datadir/user/libraries/OneWireHub
  Not used: /home/ec2-user/arduino-testlib/cli-datadir/user/libraries/MaximWire
</pre>
					
					<h4>examples/DS18B20_simple</h4>
					<p>
						Result: <b>FAIL</b>
					</p>
					<pre class="pre-scrollable">/home/ec2-user/arduino-testlib/cli-datadir/user/libraries/DS18B20_RT/examples/DS18B20_simple/DS18B20_simple.ino: In function &#39;void setup()&#39;:
/home/ec2-user/arduino-testlib/cli-datadir/user/libraries/DS18B20_RT/examples/DS18B20_simple/DS18B20_simple.ino:22:18: error: &#39;DS18B20_LIB_VERSION&#39; was not declared in this scope
   Serial.println(DS18B20_LIB_VERSION);
                  ^~~~~~~~~~~~~~~~~~~
/home/ec2-user/arduino-testlib/cli-datadir/user/libraries/DS18B20_RT/examples/DS18B20_simple/DS18B20_simple.ino:22:18: note: suggested alternative: &#39;USB_VERSION&#39;
   Serial.println(DS18B20_LIB_VERSION);
                  ^~~~~~~~~~~~~~~~~~~
                  USB_VERSION
/home/ec2-user/arduino-testlib/cli-datadir/user/libraries/DS18B20_RT/examples/DS18B20_simple/DS18B20_simple.ino:24:10: error: &#39;class DS18B20&#39; has no member named &#39;begin&#39;
   sensor.begin();
          ^~~~~
/home/ec2-user/arduino-testlib/cli-datadir/user/libraries/DS18B20_RT/examples/DS18B20_simple/DS18B20_simple.ino: In function &#39;void loop()&#39;:
/home/ec2-user/arduino-testlib/cli-datadir/user/libraries/DS18B20_RT/examples/DS18B20_simple/DS18B20_simple.ino:30:10: error: &#39;class DS18B20&#39; has no member named &#39;requestTemperatures&#39;
   sensor.requestTemperatures();
          ^~~~~~~~~~~~~~~~~~~
/home/ec2-user/arduino-testlib/cli-datadir/user/libraries/DS18B20_RT/examples/DS18B20_simple/DS18B20_simple.ino:32:18: error: &#39;class DS18B20&#39; has no member named &#39;isConversionComplete&#39;; did you mean &#39;doConversion&#39;?
   while (!sensor.isConversionComplete());  // wait until sensor is ready
                  ^~~~~~~~~~~~~~~~~~~~
                  doConversion
Multiple libraries were found for &#34;OneWire.h&#34;
  Used: /home/ec2-user/arduino-testlib/cli-datadir/user/libraries/OneWire
  Not used: /home/ec2-user/arduino-testlib/cli-datadir/user/libraries/MAX31850_OneWire
  Not used: /home/ec2-user/arduino-testlib/cli-datadir/user/libraries/SDU_AGS_SensorBoard
  Not used: /home/ec2-user/arduino-testlib/cli-datadir/user/libraries/OneWireNg
Multiple libraries were found for &#34;DS18B20.h&#34;
  Used: /home/ec2-user/arduino-testlib/cli-datadir/user/libraries/DS18B20
  Not used: /home/ec2-user/arduino-testlib/cli-datadir/user/libraries/DS18B20_RT
  Not used: /home/ec2-user/arduino-testlib/cli-datadir/user/libraries/OneWireHub
  Not used: /home/ec2-user/arduino-testlib/cli-datadir/user/libraries/MaximWire
</pre>
					
					<h4>examples/DS18B20_test</h4>
					<p>
						Result: <b>FAIL</b>
					</p>
					<pre class="pre-scrollable">/home/ec2-user/arduino-testlib/cli-datadir/user/libraries/DS18B20_RT/examples/DS18B20_test/DS18B20_test.ino: In function &#39;void setup()&#39;:
/home/ec2-user/arduino-testlib/cli-datadir/user/libraries/DS18B20_RT/examples/DS18B20_test/DS18B20_test.ino:24:18: error: &#39;DS18B20_LIB_VERSION&#39; was not declared in this scope
   Serial.println(DS18B20_LIB_VERSION);
                  ^~~~~~~~~~~~~~~~~~~
/home/ec2-user/arduino-testlib/cli-datadir/user/libraries/DS18B20_RT/examples/DS18B20_test/DS18B20_test.ino:24:18: note: suggested alternative: &#39;USB_VERSION&#39;
   Serial.println(DS18B20_LIB_VERSION);
                  ^~~~~~~~~~~~~~~~~~~
                  USB_VERSION
/home/ec2-user/arduino-testlib/cli-datadir/user/libraries/DS18B20_RT/examples/DS18B20_test/DS18B20_test.ino:26:10: error: &#39;class DS18B20&#39; has no member named &#39;begin&#39;
   sensor.begin();
          ^~~~~
/home/ec2-user/arduino-testlib/cli-datadir/user/libraries/DS18B20_RT/examples/DS18B20_test/DS18B20_test.ino:28:10: error: &#39;class DS18B20&#39; has no member named &#39;requestTemperatures&#39;
   sensor.requestTemperatures();
          ^~~~~~~~~~~~~~~~~~~
/home/ec2-user/arduino-testlib/cli-datadir/user/libraries/DS18B20_RT/examples/DS18B20_test/DS18B20_test.ino:33:18: error: &#39;class DS18B20&#39; has no member named &#39;isConversionComplete&#39;; did you mean &#39;doConversion&#39;?
   while (!sensor.isConversionComplete()) n&#43;&#43;;
                  ^~~~~~~~~~~~~~~~~~~~
                  doConversion
/home/ec2-user/arduino-testlib/cli-datadir/user/libraries/DS18B20_RT/examples/DS18B20_test/DS18B20_test.ino: In function &#39;void loop()&#39;:
/home/ec2-user/arduino-testlib/cli-datadir/user/libraries/DS18B20_RT/examples/DS18B20_test/DS18B20_test.ino:54:12: error: &#39;class DS18B20&#39; has no member named &#39;requestTemperatures&#39;
     sensor.requestTemperatures();
            ^~~~~~~~~~~~~~~~~~~
/home/ec2-user/arduino-testlib/cli-datadir/user/libraries/DS18B20_RT/examples/DS18B20_test/DS18B20_test.ino:55:20: error: &#39;class DS18B20&#39; has no member named &#39;isConversionComplete&#39;; did you mean &#39;doConversion&#39;?
     while (!sensor.isConversionComplete()) n&#43;&#43;;
                    ^~~~~~~~~~~~~~~~~~~~
                    doConversion
Multiple libraries were found for &#34;OneWire.h&#34;
  Used: /home/ec2-user/arduino-testlib/cli-datadir/user/libraries/OneWire
  Not used: /home/ec2-user/arduino-testlib/cli-datadir/user/libraries/OneWireNg
  Not used: /home/ec2-user/arduino-testlib/cli-datadir/user/libraries/SDU_AGS_SensorBoard
  Not used: /home/ec2-user/arduino-testlib/cli-datadir/user/libraries/MAX31850_OneWire
Multiple libraries were found for &#34;DS18B20.h&#34;
  Used: /home/ec2-user/arduino-testlib/cli-datadir/user/libraries/DS18B20
  Not used: /home/ec2-user/arduino-testlib/cli-datadir/user/libraries/OneWireHub
  Not used: /home/ec2-user/arduino-testlib/cli-datadir/user/libraries/MaximWire
  Not used: /home/ec2-user/arduino-testlib/cli-datadir/user/libraries/DS18B20_RT
</pre>
					
					<h4>examples/DS18B20_test_disconnect</h4>
					<p>
						Result: <b>FAIL</b>
					</p>
					<pre class="pre-scrollable">/home/ec2-user/arduino-testlib/cli-datadir/user/libraries/DS18B20_RT/examples/DS18B20_test_disconnect/DS18B20_test_disconnect.ino: In function &#39;void setup()&#39;:
/home/ec2-user/arduino-testlib/cli-datadir/user/libraries/DS18B20_RT/examples/DS18B20_test_disconnect/DS18B20_test_disconnect.ino:25:18: error: &#39;DS18B20_LIB_VERSION&#39; was not declared in this scope
   Serial.println(DS18B20_LIB_VERSION);
                  ^~~~~~~~~~~~~~~~~~~
/home/ec2-user/arduino-testlib/cli-datadir/user/libraries/DS18B20_RT/examples/DS18B20_test_disconnect/DS18B20_test_disconnect.ino:25:18: note: suggested alternative: &#39;USB_VERSION&#39;
   Serial.println(DS18B20_LIB_VERSION);
                  ^~~~~~~~~~~~~~~~~~~
                  USB_VERSION
/home/ec2-user/arduino-testlib/cli-datadir/user/libraries/DS18B20_RT/examples/DS18B20_test_disconnect/DS18B20_test_disconnect.ino:28:14: error: &#39;class DS18B20&#39; has no member named &#39;begin&#39;
   if (sensor.begin() == false)
              ^~~~~
/home/ec2-user/arduino-testlib/cli-datadir/user/libraries/DS18B20_RT/examples/DS18B20_test_disconnect/DS18B20_test_disconnect.ino:31:20: error: &#39;class DS18B20&#39; has no member named &#39;begin&#39;
     while (!sensor.begin()); // wait until device comes available.
                    ^~~~~
/home/ec2-user/arduino-testlib/cli-datadir/user/libraries/DS18B20_RT/examples/DS18B20_test_disconnect/DS18B20_test_disconnect.ino:35:10: error: &#39;class DS18B20&#39; has no member named &#39;setConfig&#39;
   sensor.setConfig(DS18B20_CRC);  // or 1
          ^~~~~~~~~
/home/ec2-user/arduino-testlib/cli-datadir/user/libraries/DS18B20_RT/examples/DS18B20_test_disconnect/DS18B20_test_disconnect.ino:35:20: error: &#39;DS18B20_CRC&#39; was not declared in this scope
   sensor.setConfig(DS18B20_CRC);  // or 1
                    ^~~~~~~~~~~
/home/ec2-user/arduino-testlib/cli-datadir/user/libraries/DS18B20_RT/examples/DS18B20_test_disconnect/DS18B20_test_disconnect.ino:35:20: note: suggested alternative: &#39;DS18B20_H&#39;
   sensor.setConfig(DS18B20_CRC);  // or 1
                    ^~~~~~~~~~~
                    DS18B20_H
/home/ec2-user/arduino-testlib/cli-datadir/user/libraries/DS18B20_RT/examples/DS18B20_test_disconnect/DS18B20_test_disconnect.ino:36:10: error: &#39;class DS18B20&#39; has no member named &#39;requestTemperatures&#39;
   sensor.requestTemperatures();
          ^~~~~~~~~~~~~~~~~~~
/home/ec2-user/arduino-testlib/cli-datadir/user/libraries/DS18B20_RT/examples/DS18B20_test_disconnect/DS18B20_test_disconnect.ino: In function &#39;void loop()&#39;:
/home/ec2-user/arduino-testlib/cli-datadir/user/libraries/DS18B20_RT/examples/DS18B20_test_disconnect/DS18B20_test_disconnect.ino:43:10: error: &#39;class DS18B20&#39; has no member named &#39;requestTemperatures&#39;
   sensor.requestTemperatures();
          ^~~~~~~~~~~~~~~~~~~
/home/ec2-user/arduino-testlib/cli-datadir/user/libraries/DS18B20_RT/examples/DS18B20_test_disconnect/DS18B20_test_disconnect.ino:47:18: error: &#39;class DS18B20&#39; has no member named &#39;isConversionComplete&#39;; did you mean &#39;doConversion&#39;?
   while (!sensor.isConversionComplete())
                  ^~~~~~~~~~~~~~~~~~~~
                  doConversion
/home/ec2-user/arduino-testlib/cli-datadir/user/libraries/DS18B20_RT/examples/DS18B20_test_disconnect/DS18B20_test_disconnect.ino:58:12: error: &#39;DEVICE_CRC_ERROR&#39; was not declared in this scope
   if (t == DEVICE_CRC_ERROR)
            ^~~~~~~~~~~~~~~~
Multiple libraries were found for &#34;OneWire.h&#34;
  Used: /home/ec2-user/arduino-testlib/cli-datadir/user/libraries/OneWire
  Not used: /home/ec2-user/arduino-testlib/cli-datadir/user/libraries/SDU_AGS_SensorBoard
  Not used: /home/ec2-user/arduino-testlib/cli-datadir/user/libraries/OneWireNg
  Not used: /home/ec2-user/arduino-testlib/cli-datadir/user/libraries/MAX31850_OneWire
Multiple libraries were found for &#34;DS18B20.h&#34;
  Used: /home/ec2-user/arduino-testlib/cli-datadir/user/libraries/DS18B20
  Not used: /home/ec2-user/arduino-testlib/cli-datadir/user/libraries/OneWireHub
  Not used: /home/ec2-user/arduino-testlib/cli-datadir/user/libraries/DS18B20_RT
  Not used: /home/ec2-user/arduino-testlib/cli-datadir/user/libraries/MaximWire
</pre>
					
					<h4>examples/DS18B20_two_sensors</h4>
					<p>
						Result: <b>FAIL</b>
					</p>
					<pre class="pre-scrollable">/home/ec2-user/arduino-testlib/cli-datadir/user/libraries/DS18B20_RT/examples/DS18B20_two_sensors/DS18B20_two_sensors.ino: In function &#39;void setup()&#39;:
/home/ec2-user/arduino-testlib/cli-datadir/user/libraries/DS18B20_RT/examples/DS18B20_two_sensors/DS18B20_two_sensors.ino:27:18: error: &#39;DS18B20_LIB_VERSION&#39; was not declared in this scope
   Serial.println(DS18B20_LIB_VERSION);
                  ^~~~~~~~~~~~~~~~~~~
/home/ec2-user/arduino-testlib/cli-datadir/user/libraries/DS18B20_RT/examples/DS18B20_two_sensors/DS18B20_two_sensors.ino:27:18: note: suggested alternative: &#39;USB_VERSION&#39;
   Serial.println(DS18B20_LIB_VERSION);
                  ^~~~~~~~~~~~~~~~~~~
                  USB_VERSION
/home/ec2-user/arduino-testlib/cli-datadir/user/libraries/DS18B20_RT/examples/DS18B20_two_sensors/DS18B20_two_sensors.ino:29:10: error: &#39;class DS18B20&#39; has no member named &#39;begin&#39;
   inside.begin();
          ^~~~~
/home/ec2-user/arduino-testlib/cli-datadir/user/libraries/DS18B20_RT/examples/DS18B20_two_sensors/DS18B20_two_sensors.ino:30:11: error: &#39;class DS18B20&#39; has no member named &#39;begin&#39;
   outside.begin();
           ^~~~~
/home/ec2-user/arduino-testlib/cli-datadir/user/libraries/DS18B20_RT/examples/DS18B20_two_sensors/DS18B20_two_sensors.ino:36:10: error: &#39;class DS18B20&#39; has no member named &#39;requestTemperatures&#39;
   inside.requestTemperatures();
          ^~~~~~~~~~~~~~~~~~~
/home/ec2-user/arduino-testlib/cli-datadir/user/libraries/DS18B20_RT/examples/DS18B20_two_sensors/DS18B20_two_sensors.ino:37:11: error: &#39;class DS18B20&#39; has no member named &#39;requestTemperatures&#39;
   outside.requestTemperatures();
           ^~~~~~~~~~~~~~~~~~~
/home/ec2-user/arduino-testlib/cli-datadir/user/libraries/DS18B20_RT/examples/DS18B20_two_sensors/DS18B20_two_sensors.ino: In function &#39;void loop()&#39;:
/home/ec2-user/arduino-testlib/cli-datadir/user/libraries/DS18B20_RT/examples/DS18B20_two_sensors/DS18B20_two_sensors.ino:44:14: error: &#39;class DS18B20&#39; has no member named &#39;isConversionComplete&#39;; did you mean &#39;doConversion&#39;?
   if (inside.isConversionComplete())
              ^~~~~~~~~~~~~~~~~~~~
              doConversion
/home/ec2-user/arduino-testlib/cli-datadir/user/libraries/DS18B20_RT/examples/DS18B20_two_sensors/DS18B20_two_sensors.ino:48:12: error: &#39;class DS18B20&#39; has no member named &#39;requestTemperatures&#39;
     inside.requestTemperatures();
            ^~~~~~~~~~~~~~~~~~~
/home/ec2-user/arduino-testlib/cli-datadir/user/libraries/DS18B20_RT/examples/DS18B20_two_sensors/DS18B20_two_sensors.ino:50:15: error: &#39;class DS18B20&#39; has no member named &#39;isConversionComplete&#39;; did you mean &#39;doConversion&#39;?
   if (outside.isConversionComplete())
               ^~~~~~~~~~~~~~~~~~~~
               doConversion
/home/ec2-user/arduino-testlib/cli-datadir/user/libraries/DS18B20_RT/examples/DS18B20_two_sensors/DS18B20_two_sensors.ino:54:13: error: &#39;class DS18B20&#39; has no member named &#39;requestTemperatures&#39;
     outside.requestTemperatures();
             ^~~~~~~~~~~~~~~~~~~
Multiple libraries were found for &#34;OneWire.h&#34;
  Used: /home/ec2-user/arduino-testlib/cli-datadir/user/libraries/OneWire
  Not used: /home/ec2-user/arduino-testlib/cli-datadir/user/libraries/MAX31850_OneWire
  Not used: /home/ec2-user/arduino-testlib/cli-datadir/user/libraries/OneWireNg
  Not used: /home/ec2-user/arduino-testlib/cli-datadir/user/libraries/SDU_AGS_SensorBoard
Multiple libraries were found for &#34;DS18B20.h&#34;
  Used: /home/ec2-user/arduino-testlib/cli-datadir/user/libraries/DS18B20
  Not used: /home/ec2-user/arduino-testlib/cli-datadir/user/libraries/DS18B20_RT
  Not used: /home/ec2-user/arduino-testlib/cli-datadir/user/libraries/MaximWire
  Not used: /home/ec2-user/arduino-testlib/cli-datadir/user/libraries/OneWireHub
</pre>
					
					<h4>examples/oneWireSearch</h4>
					<p>
						Result: <b>PASS</b>
					</p>
					<pre class="pre-scrollable">Sketch uses 3919 bytes (7%) of program storage space. Maximum is 49152 bytes.
Global variables use 177 bytes (2%) of dynamic memory, leaving 5967 bytes for local variables. Maximum is 6144 bytes.
</pre>
					
				
				<h3 id="arduino:samd:mkrwifi1010">arduino:samd:mkrwifi1010 @ 1.8.12</h3>
				<h4>Inclusion</h4>
				<p>
					Result: <b>PASS</b>
					
					<br />This library has no main header file so an empty one was created.
					
				</p>
				<pre class="pre-scrollable">Sketch uses 12156 bytes (4%) of program storage space. Maximum is 262144 bytes.
Global variables use 2996 bytes (9%) of dynamic memory, leaving 29772 bytes for local variables. Maximum is 32768 bytes.
</pre>

					
					<h4>examples/DS18B20_diagnose</h4>
					<p>
						Result: <b>FAIL</b>
					</p>
					<pre class="pre-scrollable">/home/ec2-user/arduino-testlib/cli-datadir/user/libraries/DS18B20_RT/examples/DS18B20_diagnose/DS18B20_diagnose.ino:14:16: error: invalid conversion from &#39;OneWire*&#39; to &#39;uint8_t {aka unsigned char}&#39; [-fpermissive]
 DS18B20 sensor(&amp;oneWire);
                ^~~~~~~~
In file included from /home/ec2-user/arduino-testlib/cli-datadir/user/libraries/DS18B20_RT/examples/DS18B20_diagnose/DS18B20_diagnose.ino:9:0:
/home/ec2-user/arduino-testlib/cli-datadir/user/libraries/DS18B20/src/DS18B20.h:40:9: note:   initializing argument 1 of &#39;DS18B20::DS18B20(uint8_t)&#39;
         DS18B20(uint8_t pin);
         ^~~~~~~
/home/ec2-user/arduino-testlib/cli-datadir/user/libraries/DS18B20_RT/examples/DS18B20_diagnose/DS18B20_diagnose.ino: In function &#39;void setup()&#39;:
/home/ec2-user/arduino-testlib/cli-datadir/user/libraries/DS18B20_RT/examples/DS18B20_diagnose/DS18B20_diagnose.ino:24:18: error: &#39;DS18B20_LIB_VERSION&#39; was not declared in this scope
   Serial.println(DS18B20_LIB_VERSION);
                  ^~~~~~~~~~~~~~~~~~~
/home/ec2-user/arduino-testlib/cli-datadir/user/libraries/DS18B20_RT/examples/DS18B20_diagnose/DS18B20_diagnose.ino:24:18: note: suggested alternative: &#39;_LIB_VERSION&#39;
   Serial.println(DS18B20_LIB_VERSION);
                  ^~~~~~~~~~~~~~~~~~~
                  _LIB_VERSION
/home/ec2-user/arduino-testlib/cli-datadir/user/libraries/DS18B20_RT/examples/DS18B20_diagnose/DS18B20_diagnose.ino:26:14: error: &#39;class DS18B20&#39; has no member named &#39;begin&#39;
   if (sensor.begin() == false)
              ^~~~~
/home/ec2-user/arduino-testlib/cli-datadir/user/libraries/DS18B20_RT/examples/DS18B20_diagnose/DS18B20_diagnose.ino:32:10: error: &#39;class DS18B20&#39; has no member named &#39;requestTemperatures&#39;
   sensor.requestTemperatures();
          ^~~~~~~~~~~~~~~~~~~
/home/ec2-user/arduino-testlib/cli-datadir/user/libraries/DS18B20_RT/examples/DS18B20_diagnose/DS18B20_diagnose.ino:35:18: error: &#39;class DS18B20&#39; has no member named &#39;isConversionComplete&#39;; did you mean &#39;doConversion&#39;?
   while (!sensor.isConversionComplete());
                  ^~~~~~~~~~~~~~~~~~~~
                  doConversion
/home/ec2-user/arduino-testlib/cli-datadir/user/libraries/DS18B20_RT/examples/DS18B20_diagnose/DS18B20_diagnose.ino: In function &#39;void loop()&#39;:
/home/ec2-user/arduino-testlib/cli-datadir/user/libraries/DS18B20_RT/examples/DS18B20_diagnose/DS18B20_diagnose.ino:52:12: error: &#39;class DS18B20&#39; has no member named &#39;requestTemperatures&#39;
     sensor.requestTemperatures();
            ^~~~~~~~~~~~~~~~~~~
/home/ec2-user/arduino-testlib/cli-datadir/user/libraries/DS18B20_RT/examples/DS18B20_diagnose/DS18B20_diagnose.ino:53:20: error: &#39;class DS18B20&#39; has no member named &#39;isConversionComplete&#39;; did you mean &#39;doConversion&#39;?
     while (!sensor.isConversionComplete());
                    ^~~~~~~~~~~~~~~~~~~~
                    doConversion
Multiple libraries were found for &#34;OneWire.h&#34;
  Used: /home/ec2-user/arduino-testlib/cli-datadir/user/libraries/OneWire
  Not used: /home/ec2-user/arduino-testlib/cli-datadir/user/libraries/MAX31850_OneWire
  Not used: /home/ec2-user/arduino-testlib/cli-datadir/user/libraries/OneWireNg
  Not used: /home/ec2-user/arduino-testlib/cli-datadir/user/libraries/SDU_AGS_SensorBoard
Multiple libraries were found for &#34;DS18B20.h&#34;
  Used: /home/ec2-user/arduino-testlib/cli-datadir/user/libraries/DS18B20
  Not used: /home/ec2-user/arduino-testlib/cli-datadir/user/libraries/DS18B20_RT
  Not used: /home/ec2-user/arduino-testlib/cli-datadir/user/libraries/OneWireHub
  Not used: /home/ec2-user/arduino-testlib/cli-datadir/user/libraries/MaximWire
</pre>
					
					<h4>examples/DS18B20_getAddress</h4>
					<p>
						Result: <b>FAIL</b>
					</p>
					<pre class="pre-scrollable">/home/ec2-user/arduino-testlib/cli-datadir/user/libraries/DS18B20_RT/examples/DS18B20_getAddress/DS18B20_getAddress.ino:14:16: error: invalid conversion from &#39;OneWire*&#39; to &#39;uint8_t {aka unsigned char}&#39; [-fpermissive]
 DS18B20 sensor(&amp;oneWire);
                ^~~~~~~~
In file included from /home/ec2-user/arduino-testlib/cli-datadir/user/libraries/DS18B20_RT/examples/DS18B20_getAddress/DS18B20_getAddress.ino:9:0:
/home/ec2-user/arduino-testlib/cli-datadir/user/libraries/DS18B20/src/DS18B20.h:40:9: note:   initializing argument 1 of &#39;DS18B20::DS18B20(uint8_t)&#39;
         DS18B20(uint8_t pin);
         ^~~~~~~
/home/ec2-user/arduino-testlib/cli-datadir/user/libraries/DS18B20_RT/examples/DS18B20_getAddress/DS18B20_getAddress.ino:16:1: error: &#39;DeviceAddress&#39; does not name a type; did you mean &#39;DeviceVectors&#39;?
 DeviceAddress da;
 ^~~~~~~~~~~~~
 DeviceVectors
/home/ec2-user/arduino-testlib/cli-datadir/user/libraries/DS18B20_RT/examples/DS18B20_getAddress/DS18B20_getAddress.ino: In function &#39;void setup()&#39;:
/home/ec2-user/arduino-testlib/cli-datadir/user/libraries/DS18B20_RT/examples/DS18B20_getAddress/DS18B20_getAddress.ino:24:18: error: &#39;DS18B20_LIB_VERSION&#39; was not declared in this scope
   Serial.println(DS18B20_LIB_VERSION);
                  ^~~~~~~~~~~~~~~~~~~
/home/ec2-user/arduino-testlib/cli-datadir/user/libraries/DS18B20_RT/examples/DS18B20_getAddress/DS18B20_getAddress.ino:24:18: note: suggested alternative: &#39;_LIB_VERSION&#39;
   Serial.println(DS18B20_LIB_VERSION);
                  ^~~~~~~~~~~~~~~~~~~
                  _LIB_VERSION
/home/ec2-user/arduino-testlib/cli-datadir/user/libraries/DS18B20_RT/examples/DS18B20_getAddress/DS18B20_getAddress.ino:27:36: error: &#39;da&#39; was not declared in this scope
   Serial.println(sensor.getAddress(da));
                                    ^~
/home/ec2-user/arduino-testlib/cli-datadir/user/libraries/DS18B20_RT/examples/DS18B20_getAddress/DS18B20_getAddress.ino:29:10: error: &#39;class DS18B20&#39; has no member named &#39;begin&#39;
   sensor.begin();
          ^~~~~
Multiple libraries were found for &#34;OneWire.h&#34;
  Used: /home/ec2-user/arduino-testlib/cli-datadir/user/libraries/OneWire
  Not used: /home/ec2-user/arduino-testlib/cli-datadir/user/libraries/OneWireNg
  Not used: /home/ec2-user/arduino-testlib/cli-datadir/user/libraries/SDU_AGS_SensorBoard
  Not used: /home/ec2-user/arduino-testlib/cli-datadir/user/libraries/MAX31850_OneWire
Multiple libraries were found for &#34;DS18B20.h&#34;
  Used: /home/ec2-user/arduino-testlib/cli-datadir/user/libraries/DS18B20
  Not used: /home/ec2-user/arduino-testlib/cli-datadir/user/libraries/OneWireHub
  Not used: /home/ec2-user/arduino-testlib/cli-datadir/user/libraries/DS18B20_RT
  Not used: /home/ec2-user/arduino-testlib/cli-datadir/user/libraries/MaximWire
</pre>
					
					<h4>examples/DS18B20_minimum</h4>
					<p>
						Result: <b>FAIL</b>
					</p>
					<pre class="pre-scrollable">/home/ec2-user/arduino-testlib/cli-datadir/user/libraries/DS18B20_RT/examples/DS18B20_minimum/DS18B20_minimum.ino:19:16: error: invalid conversion from &#39;OneWire*&#39; to &#39;uint8_t {aka unsigned char}&#39; [-fpermissive]
 DS18B20 sensor(&amp;oneWire);
                ^~~~~~~~
In file included from /home/ec2-user/arduino-testlib/cli-datadir/user/libraries/DS18B20_RT/examples/DS18B20_minimum/DS18B20_minimum.ino:14:0:
/home/ec2-user/arduino-testlib/cli-datadir/user/libraries/DS18B20/src/DS18B20.h:40:9: note:   initializing argument 1 of &#39;DS18B20::DS18B20(uint8_t)&#39;
         DS18B20(uint8_t pin);
         ^~~~~~~
/home/ec2-user/arduino-testlib/cli-datadir/user/libraries/DS18B20_RT/examples/DS18B20_minimum/DS18B20_minimum.ino: In function &#39;void setup()&#39;:
/home/ec2-user/arduino-testlib/cli-datadir/user/libraries/DS18B20_RT/examples/DS18B20_minimum/DS18B20_minimum.ino:27:10: error: &#39;class DS18B20&#39; has no member named &#39;begin&#39;
   sensor.begin();
          ^~~~~
/home/ec2-user/arduino-testlib/cli-datadir/user/libraries/DS18B20_RT/examples/DS18B20_minimum/DS18B20_minimum.ino: In function &#39;void loop()&#39;:
/home/ec2-user/arduino-testlib/cli-datadir/user/libraries/DS18B20_RT/examples/DS18B20_minimum/DS18B20_minimum.ino:33:10: error: &#39;class DS18B20&#39; has no member named &#39;requestTemperatures&#39;
   sensor.requestTemperatures();
          ^~~~~~~~~~~~~~~~~~~
Multiple libraries were found for &#34;OneWire.h&#34;
  Used: /home/ec2-user/arduino-testlib/cli-datadir/user/libraries/OneWire
  Not used: /home/ec2-user/arduino-testlib/cli-datadir/user/libraries/MAX31850_OneWire
  Not used: /home/ec2-user/arduino-testlib/cli-datadir/user/libraries/SDU_AGS_SensorBoard
  Not used: /home/ec2-user/arduino-testlib/cli-datadir/user/libraries/OneWireNg
Multiple libraries were found for &#34;DS18B20.h&#34;
  Used: /home/ec2-user/arduino-testlib/cli-datadir/user/libraries/DS18B20
  Not used: /home/ec2-user/arduino-testlib/cli-datadir/user/libraries/MaximWire
  Not used: /home/ec2-user/arduino-testlib/cli-datadir/user/libraries/DS18B20_RT
  Not used: /home/ec2-user/arduino-testlib/cli-datadir/user/libraries/OneWireHub
</pre>
					
					<h4>examples/DS18B20_performance</h4>
					<p>
						Result: <b>FAIL</b>
					</p>
					<pre class="pre-scrollable">/home/ec2-user/arduino-testlib/cli-datadir/user/libraries/DS18B20_RT/examples/DS18B20_performance/DS18B20_performance.ino:15:16: error: invalid conversion from &#39;OneWire*&#39; to &#39;uint8_t {aka unsigned char}&#39; [-fpermissive]
 DS18B20 sensor(&amp;oneWire);
                ^~~~~~~~
In file included from /home/ec2-user/arduino-testlib/cli-datadir/user/libraries/DS18B20_RT/examples/DS18B20_performance/DS18B20_performance.ino:10:0:
/home/ec2-user/arduino-testlib/cli-datadir/user/libraries/DS18B20/src/DS18B20.h:40:9: note:   initializing argument 1 of &#39;DS18B20::DS18B20(uint8_t)&#39;
         DS18B20(uint8_t pin);
         ^~~~~~~
/home/ec2-user/arduino-testlib/cli-datadir/user/libraries/DS18B20_RT/examples/DS18B20_performance/DS18B20_performance.ino: In function &#39;void setup()&#39;:
/home/ec2-user/arduino-testlib/cli-datadir/user/libraries/DS18B20_RT/examples/DS18B20_performance/DS18B20_performance.ino:25:18: error: &#39;DS18B20_LIB_VERSION&#39; was not declared in this scope
   Serial.println(DS18B20_LIB_VERSION);
                  ^~~~~~~~~~~~~~~~~~~
/home/ec2-user/arduino-testlib/cli-datadir/user/libraries/DS18B20_RT/examples/DS18B20_performance/DS18B20_performance.ino:25:18: note: suggested alternative: &#39;_LIB_VERSION&#39;
   Serial.println(DS18B20_LIB_VERSION);
                  ^~~~~~~~~~~~~~~~~~~
                  _LIB_VERSION
/home/ec2-user/arduino-testlib/cli-datadir/user/libraries/DS18B20_RT/examples/DS18B20_performance/DS18B20_performance.ino:27:10: error: &#39;class DS18B20&#39; has no member named &#39;begin&#39;
   sensor.begin();
          ^~~~~
/home/ec2-user/arduino-testlib/cli-datadir/user/libraries/DS18B20_RT/examples/DS18B20_performance/DS18B20_performance.ino: In function &#39;uint32_t run(int)&#39;:
/home/ec2-user/arduino-testlib/cli-datadir/user/libraries/DS18B20_RT/examples/DS18B20_performance/DS18B20_performance.ino:64:12: error: &#39;class DS18B20&#39; has no member named &#39;requestTemperatures&#39;
     sensor.requestTemperatures();
            ^~~~~~~~~~~~~~~~~~~
/home/ec2-user/arduino-testlib/cli-datadir/user/libraries/DS18B20_RT/examples/DS18B20_performance/DS18B20_performance.ino:65:20: error: &#39;class DS18B20&#39; has no member named &#39;isConversionComplete&#39;; did you mean &#39;doConversion&#39;?
     while (!sensor.isConversionComplete());
                    ^~~~~~~~~~~~~~~~~~~~
                    doConversion
Multiple libraries were found for &#34;OneWire.h&#34;
  Used: /home/ec2-user/arduino-testlib/cli-datadir/user/libraries/OneWire
  Not used: /home/ec2-user/arduino-testlib/cli-datadir/user/libraries/MAX31850_OneWire
  Not used: /home/ec2-user/arduino-testlib/cli-datadir/user/libraries/SDU_AGS_SensorBoard
  Not used: /home/ec2-user/arduino-testlib/cli-datadir/user/libraries/OneWireNg
Multiple libraries were found for &#34;DS18B20.h&#34;
  Used: /home/ec2-user/arduino-testlib/cli-datadir/user/libraries/DS18B20
  Not used: /home/ec2-user/arduino-testlib/cli-datadir/user/libraries/MaximWire
  Not used: /home/ec2-user/arduino-testlib/cli-datadir/user/libraries/DS18B20_RT
  Not used: /home/ec2-user/arduino-testlib/cli-datadir/user/libraries/OneWireHub
</pre>
					
					<h4>examples/DS18B20_simple</h4>
					<p>
						Result: <b>FAIL</b>
					</p>
					<pre class="pre-scrollable">/home/ec2-user/arduino-testlib/cli-datadir/user/libraries/DS18B20_RT/examples/DS18B20_simple/DS18B20_simple.ino:14:16: error: invalid conversion from &#39;OneWire*&#39; to &#39;uint8_t {aka unsigned char}&#39; [-fpermissive]
 DS18B20 sensor(&amp;oneWire);
                ^~~~~~~~
In file included from /home/ec2-user/arduino-testlib/cli-datadir/user/libraries/DS18B20_RT/examples/DS18B20_simple/DS18B20_simple.ino:9:0:
/home/ec2-user/arduino-testlib/cli-datadir/user/libraries/DS18B20/src/DS18B20.h:40:9: note:   initializing argument 1 of &#39;DS18B20::DS18B20(uint8_t)&#39;
         DS18B20(uint8_t pin);
         ^~~~~~~
/home/ec2-user/arduino-testlib/cli-datadir/user/libraries/DS18B20_RT/examples/DS18B20_simple/DS18B20_simple.ino: In function &#39;void setup()&#39;:
/home/ec2-user/arduino-testlib/cli-datadir/user/libraries/DS18B20_RT/examples/DS18B20_simple/DS18B20_simple.ino:22:18: error: &#39;DS18B20_LIB_VERSION&#39; was not declared in this scope
   Serial.println(DS18B20_LIB_VERSION);
                  ^~~~~~~~~~~~~~~~~~~
/home/ec2-user/arduino-testlib/cli-datadir/user/libraries/DS18B20_RT/examples/DS18B20_simple/DS18B20_simple.ino:22:18: note: suggested alternative: &#39;_LIB_VERSION&#39;
   Serial.println(DS18B20_LIB_VERSION);
                  ^~~~~~~~~~~~~~~~~~~
                  _LIB_VERSION
/home/ec2-user/arduino-testlib/cli-datadir/user/libraries/DS18B20_RT/examples/DS18B20_simple/DS18B20_simple.ino:24:10: error: &#39;class DS18B20&#39; has no member named &#39;begin&#39;
   sensor.begin();
          ^~~~~
/home/ec2-user/arduino-testlib/cli-datadir/user/libraries/DS18B20_RT/examples/DS18B20_simple/DS18B20_simple.ino: In function &#39;void loop()&#39;:
/home/ec2-user/arduino-testlib/cli-datadir/user/libraries/DS18B20_RT/examples/DS18B20_simple/DS18B20_simple.ino:30:10: error: &#39;class DS18B20&#39; has no member named &#39;requestTemperatures&#39;
   sensor.requestTemperatures();
          ^~~~~~~~~~~~~~~~~~~
/home/ec2-user/arduino-testlib/cli-datadir/user/libraries/DS18B20_RT/examples/DS18B20_simple/DS18B20_simple.ino:32:18: error: &#39;class DS18B20&#39; has no member named &#39;isConversionComplete&#39;; did you mean &#39;doConversion&#39;?
   while (!sensor.isConversionComplete());  // wait until sensor is ready
                  ^~~~~~~~~~~~~~~~~~~~
                  doConversion
Multiple libraries were found for &#34;DS18B20.h&#34;
  Used: /home/ec2-user/arduino-testlib/cli-datadir/user/libraries/DS18B20
  Not used: /home/ec2-user/arduino-testlib/cli-datadir/user/libraries/DS18B20_RT
  Not used: /home/ec2-user/arduino-testlib/cli-datadir/user/libraries/OneWireHub
  Not used: /home/ec2-user/arduino-testlib/cli-datadir/user/libraries/MaximWire
Multiple libraries were found for &#34;OneWire.h&#34;
  Used: /home/ec2-user/arduino-testlib/cli-datadir/user/libraries/OneWire
  Not used: /home/ec2-user/arduino-testlib/cli-datadir/user/libraries/SDU_AGS_SensorBoard
  Not used: /home/ec2-user/arduino-testlib/cli-datadir/user/libraries/MAX31850_OneWire
  Not used: /home/ec2-user/arduino-testlib/cli-datadir/user/libraries/OneWireNg
</pre>
					
					<h4>examples/DS18B20_test</h4>
					<p>
						Result: <b>FAIL</b>
					</p>
					<pre class="pre-scrollable">/home/ec2-user/arduino-testlib/cli-datadir/user/libraries/DS18B20_RT/examples/DS18B20_test/DS18B20_test.ino:14:16: error: invalid conversion from &#39;OneWire*&#39; to &#39;uint8_t {aka unsigned char}&#39; [-fpermissive]
 DS18B20 sensor(&amp;oneWire);
                ^~~~~~~~
In file included from /home/ec2-user/arduino-testlib/cli-datadir/user/libraries/DS18B20_RT/examples/DS18B20_test/DS18B20_test.ino:9:0:
/home/ec2-user/arduino-testlib/cli-datadir/user/libraries/DS18B20/src/DS18B20.h:40:9: note:   initializing argument 1 of &#39;DS18B20::DS18B20(uint8_t)&#39;
         DS18B20(uint8_t pin);
         ^~~~~~~
/home/ec2-user/arduino-testlib/cli-datadir/user/libraries/DS18B20_RT/examples/DS18B20_test/DS18B20_test.ino: In function &#39;void setup()&#39;:
/home/ec2-user/arduino-testlib/cli-datadir/user/libraries/DS18B20_RT/examples/DS18B20_test/DS18B20_test.ino:24:18: error: &#39;DS18B20_LIB_VERSION&#39; was not declared in this scope
   Serial.println(DS18B20_LIB_VERSION);
                  ^~~~~~~~~~~~~~~~~~~
/home/ec2-user/arduino-testlib/cli-datadir/user/libraries/DS18B20_RT/examples/DS18B20_test/DS18B20_test.ino:24:18: note: suggested alternative: &#39;_LIB_VERSION&#39;
   Serial.println(DS18B20_LIB_VERSION);
                  ^~~~~~~~~~~~~~~~~~~
                  _LIB_VERSION
/home/ec2-user/arduino-testlib/cli-datadir/user/libraries/DS18B20_RT/examples/DS18B20_test/DS18B20_test.ino:26:10: error: &#39;class DS18B20&#39; has no member named &#39;begin&#39;
   sensor.begin();
          ^~~~~
/home/ec2-user/arduino-testlib/cli-datadir/user/libraries/DS18B20_RT/examples/DS18B20_test/DS18B20_test.ino:28:10: error: &#39;class DS18B20&#39; has no member named &#39;requestTemperatures&#39;
   sensor.requestTemperatures();
          ^~~~~~~~~~~~~~~~~~~
/home/ec2-user/arduino-testlib/cli-datadir/user/libraries/DS18B20_RT/examples/DS18B20_test/DS18B20_test.ino:33:18: error: &#39;class DS18B20&#39; has no member named &#39;isConversionComplete&#39;; did you mean &#39;doConversion&#39;?
   while (!sensor.isConversionComplete()) n&#43;&#43;;
                  ^~~~~~~~~~~~~~~~~~~~
                  doConversion
/home/ec2-user/arduino-testlib/cli-datadir/user/libraries/DS18B20_RT/examples/DS18B20_test/DS18B20_test.ino: In function &#39;void loop()&#39;:
/home/ec2-user/arduino-testlib/cli-datadir/user/libraries/DS18B20_RT/examples/DS18B20_test/DS18B20_test.ino:54:12: error: &#39;class DS18B20&#39; has no member named &#39;requestTemperatures&#39;
     sensor.requestTemperatures();
            ^~~~~~~~~~~~~~~~~~~
/home/ec2-user/arduino-testlib/cli-datadir/user/libraries/DS18B20_RT/examples/DS18B20_test/DS18B20_test.ino:55:20: error: &#39;class DS18B20&#39; has no member named &#39;isConversionComplete&#39;; did you mean &#39;doConversion&#39;?
     while (!sensor.isConversionComplete()) n&#43;&#43;;
                    ^~~~~~~~~~~~~~~~~~~~
                    doConversion
Multiple libraries were found for &#34;OneWire.h&#34;
  Used: /home/ec2-user/arduino-testlib/cli-datadir/user/libraries/OneWire
  Not used: /home/ec2-user/arduino-testlib/cli-datadir/user/libraries/MAX31850_OneWire
  Not used: /home/ec2-user/arduino-testlib/cli-datadir/user/libraries/OneWireNg
  Not used: /home/ec2-user/arduino-testlib/cli-datadir/user/libraries/SDU_AGS_SensorBoard
Multiple libraries were found for &#34;DS18B20.h&#34;
  Used: /home/ec2-user/arduino-testlib/cli-datadir/user/libraries/DS18B20
  Not used: /home/ec2-user/arduino-testlib/cli-datadir/user/libraries/MaximWire
  Not used: /home/ec2-user/arduino-testlib/cli-datadir/user/libraries/OneWireHub
  Not used: /home/ec2-user/arduino-testlib/cli-datadir/user/libraries/DS18B20_RT
</pre>
					
					<h4>examples/DS18B20_test_disconnect</h4>
					<p>
						Result: <b>FAIL</b>
					</p>
					<pre class="pre-scrollable">/home/ec2-user/arduino-testlib/cli-datadir/user/libraries/DS18B20_RT/examples/DS18B20_test_disconnect/DS18B20_test_disconnect.ino:14:16: error: invalid conversion from &#39;OneWire*&#39; to &#39;uint8_t {aka unsigned char}&#39; [-fpermissive]
 DS18B20 sensor(&amp;oneWire);
                ^~~~~~~~
In file included from /home/ec2-user/arduino-testlib/cli-datadir/user/libraries/DS18B20_RT/examples/DS18B20_test_disconnect/DS18B20_test_disconnect.ino:9:0:
/home/ec2-user/arduino-testlib/cli-datadir/user/libraries/DS18B20/src/DS18B20.h:40:9: note:   initializing argument 1 of &#39;DS18B20::DS18B20(uint8_t)&#39;
         DS18B20(uint8_t pin);
         ^~~~~~~
/home/ec2-user/arduino-testlib/cli-datadir/user/libraries/DS18B20_RT/examples/DS18B20_test_disconnect/DS18B20_test_disconnect.ino: In function &#39;void setup()&#39;:
/home/ec2-user/arduino-testlib/cli-datadir/user/libraries/DS18B20_RT/examples/DS18B20_test_disconnect/DS18B20_test_disconnect.ino:25:18: error: &#39;DS18B20_LIB_VERSION&#39; was not declared in this scope
   Serial.println(DS18B20_LIB_VERSION);
                  ^~~~~~~~~~~~~~~~~~~
/home/ec2-user/arduino-testlib/cli-datadir/user/libraries/DS18B20_RT/examples/DS18B20_test_disconnect/DS18B20_test_disconnect.ino:25:18: note: suggested alternative: &#39;_LIB_VERSION&#39;
   Serial.println(DS18B20_LIB_VERSION);
                  ^~~~~~~~~~~~~~~~~~~
                  _LIB_VERSION
/home/ec2-user/arduino-testlib/cli-datadir/user/libraries/DS18B20_RT/examples/DS18B20_test_disconnect/DS18B20_test_disconnect.ino:28:14: error: &#39;class DS18B20&#39; has no member named &#39;begin&#39;
   if (sensor.begin() == false)
              ^~~~~
/home/ec2-user/arduino-testlib/cli-datadir/user/libraries/DS18B20_RT/examples/DS18B20_test_disconnect/DS18B20_test_disconnect.ino:31:20: error: &#39;class DS18B20&#39; has no member named &#39;begin&#39;
     while (!sensor.begin()); // wait until device comes available.
                    ^~~~~
/home/ec2-user/arduino-testlib/cli-datadir/user/libraries/DS18B20_RT/examples/DS18B20_test_disconnect/DS18B20_test_disconnect.ino:35:10: error: &#39;class DS18B20&#39; has no member named &#39;setConfig&#39;
   sensor.setConfig(DS18B20_CRC);  // or 1
          ^~~~~~~~~
/home/ec2-user/arduino-testlib/cli-datadir/user/libraries/DS18B20_RT/examples/DS18B20_test_disconnect/DS18B20_test_disconnect.ino:35:20: error: &#39;DS18B20_CRC&#39; was not declared in this scope
   sensor.setConfig(DS18B20_CRC);  // or 1
                    ^~~~~~~~~~~
/home/ec2-user/arduino-testlib/cli-datadir/user/libraries/DS18B20_RT/examples/DS18B20_test_disconnect/DS18B20_test_disconnect.ino:35:20: note: suggested alternative: &#39;DS18B20_H&#39;
   sensor.setConfig(DS18B20_CRC);  // or 1
                    ^~~~~~~~~~~
                    DS18B20_H
/home/ec2-user/arduino-testlib/cli-datadir/user/libraries/DS18B20_RT/examples/DS18B20_test_disconnect/DS18B20_test_disconnect.ino:36:10: error: &#39;class DS18B20&#39; has no member named &#39;requestTemperatures&#39;
   sensor.requestTemperatures();
          ^~~~~~~~~~~~~~~~~~~
/home/ec2-user/arduino-testlib/cli-datadir/user/libraries/DS18B20_RT/examples/DS18B20_test_disconnect/DS18B20_test_disconnect.ino: In function &#39;void loop()&#39;:
/home/ec2-user/arduino-testlib/cli-datadir/user/libraries/DS18B20_RT/examples/DS18B20_test_disconnect/DS18B20_test_disconnect.ino:43:10: error: &#39;class DS18B20&#39; has no member named &#39;requestTemperatures&#39;
   sensor.requestTemperatures();
          ^~~~~~~~~~~~~~~~~~~
/home/ec2-user/arduino-testlib/cli-datadir/user/libraries/DS18B20_RT/examples/DS18B20_test_disconnect/DS18B20_test_disconnect.ino:47:18: error: &#39;class DS18B20&#39; has no member named &#39;isConversionComplete&#39;; did you mean &#39;doConversion&#39;?
   while (!sensor.isConversionComplete())
                  ^~~~~~~~~~~~~~~~~~~~
                  doConversion
/home/ec2-user/arduino-testlib/cli-datadir/user/libraries/DS18B20_RT/examples/DS18B20_test_disconnect/DS18B20_test_disconnect.ino:58:12: error: &#39;DEVICE_CRC_ERROR&#39; was not declared in this scope
   if (t == DEVICE_CRC_ERROR)
            ^~~~~~~~~~~~~~~~
Multiple libraries were found for &#34;DS18B20.h&#34;
  Used: /home/ec2-user/arduino-testlib/cli-datadir/user/libraries/DS18B20
  Not used: /home/ec2-user/arduino-testlib/cli-datadir/user/libraries/MaximWire
  Not used: /home/ec2-user/arduino-testlib/cli-datadir/user/libraries/OneWireHub
  Not used: /home/ec2-user/arduino-testlib/cli-datadir/user/libraries/DS18B20_RT
Multiple libraries were found for &#34;OneWire.h&#34;
  Used: /home/ec2-user/arduino-testlib/cli-datadir/user/libraries/OneWire
  Not used: /home/ec2-user/arduino-testlib/cli-datadir/user/libraries/SDU_AGS_SensorBoard
  Not used: /home/ec2-user/arduino-testlib/cli-datadir/user/libraries/OneWireNg
  Not used: /home/ec2-user/arduino-testlib/cli-datadir/user/libraries/MAX31850_OneWire
</pre>
					
					<h4>examples/DS18B20_two_sensors</h4>
					<p>
						Result: <b>FAIL</b>
					</p>
					<pre class="pre-scrollable">/home/ec2-user/arduino-testlib/cli-datadir/user/libraries/DS18B20_RT/examples/DS18B20_two_sensors/DS18B20_two_sensors.ino:18:16: error: invalid conversion from &#39;OneWire*&#39; to &#39;uint8_t {aka unsigned char}&#39; [-fpermissive]
 DS18B20 inside(&amp;oneWire2);
                ^~~~~~~~~
In file included from /home/ec2-user/arduino-testlib/cli-datadir/user/libraries/DS18B20_RT/examples/DS18B20_two_sensors/DS18B20_two_sensors.ino:9:0:
/home/ec2-user/arduino-testlib/cli-datadir/user/libraries/DS18B20/src/DS18B20.h:40:9: note:   initializing argument 1 of &#39;DS18B20::DS18B20(uint8_t)&#39;
         DS18B20(uint8_t pin);
         ^~~~~~~
/home/ec2-user/arduino-testlib/cli-datadir/user/libraries/DS18B20_RT/examples/DS18B20_two_sensors/DS18B20_two_sensors.ino:19:17: error: invalid conversion from &#39;OneWire*&#39; to &#39;uint8_t {aka unsigned char}&#39; [-fpermissive]
 DS18B20 outside(&amp;oneWire3);
                 ^~~~~~~~~
In file included from /home/ec2-user/arduino-testlib/cli-datadir/user/libraries/DS18B20_RT/examples/DS18B20_two_sensors/DS18B20_two_sensors.ino:9:0:
/home/ec2-user/arduino-testlib/cli-datadir/user/libraries/DS18B20/src/DS18B20.h:40:9: note:   initializing argument 1 of &#39;DS18B20::DS18B20(uint8_t)&#39;
         DS18B20(uint8_t pin);
         ^~~~~~~
/home/ec2-user/arduino-testlib/cli-datadir/user/libraries/DS18B20_RT/examples/DS18B20_two_sensors/DS18B20_two_sensors.ino: In function &#39;void setup()&#39;:
/home/ec2-user/arduino-testlib/cli-datadir/user/libraries/DS18B20_RT/examples/DS18B20_two_sensors/DS18B20_two_sensors.ino:27:18: error: &#39;DS18B20_LIB_VERSION&#39; was not declared in this scope
   Serial.println(DS18B20_LIB_VERSION);
                  ^~~~~~~~~~~~~~~~~~~
/home/ec2-user/arduino-testlib/cli-datadir/user/libraries/DS18B20_RT/examples/DS18B20_two_sensors/DS18B20_two_sensors.ino:27:18: note: suggested alternative: &#39;_LIB_VERSION&#39;
   Serial.println(DS18B20_LIB_VERSION);
                  ^~~~~~~~~~~~~~~~~~~
                  _LIB_VERSION
/home/ec2-user/arduino-testlib/cli-datadir/user/libraries/DS18B20_RT/examples/DS18B20_two_sensors/DS18B20_two_sensors.ino:29:10: error: &#39;class DS18B20&#39; has no member named &#39;begin&#39;
   inside.begin();
          ^~~~~
/home/ec2-user/arduino-testlib/cli-datadir/user/libraries/DS18B20_RT/examples/DS18B20_two_sensors/DS18B20_two_sensors.ino:30:11: error: &#39;class DS18B20&#39; has no member named &#39;begin&#39;
   outside.begin();
           ^~~~~
/home/ec2-user/arduino-testlib/cli-datadir/user/libraries/DS18B20_RT/examples/DS18B20_two_sensors/DS18B20_two_sensors.ino:36:10: error: &#39;class DS18B20&#39; has no member named &#39;requestTemperatures&#39;
   inside.requestTemperatures();
          ^~~~~~~~~~~~~~~~~~~
/home/ec2-user/arduino-testlib/cli-datadir/user/libraries/DS18B20_RT/examples/DS18B20_two_sensors/DS18B20_two_sensors.ino:37:11: error: &#39;class DS18B20&#39; has no member named &#39;requestTemperatures&#39;
   outside.requestTemperatures();
           ^~~~~~~~~~~~~~~~~~~
/home/ec2-user/arduino-testlib/cli-datadir/user/libraries/DS18B20_RT/examples/DS18B20_two_sensors/DS18B20_two_sensors.ino: In function &#39;void loop()&#39;:
/home/ec2-user/arduino-testlib/cli-datadir/user/libraries/DS18B20_RT/examples/DS18B20_two_sensors/DS18B20_two_sensors.ino:44:14: error: &#39;class DS18B20&#39; has no member named &#39;isConversionComplete&#39;; did you mean &#39;doConversion&#39;?
   if (inside.isConversionComplete())
              ^~~~~~~~~~~~~~~~~~~~
              doConversion
/home/ec2-user/arduino-testlib/cli-datadir/user/libraries/DS18B20_RT/examples/DS18B20_two_sensors/DS18B20_two_sensors.ino:48:12: error: &#39;class DS18B20&#39; has no member named &#39;requestTemperatures&#39;
     inside.requestTemperatures();
            ^~~~~~~~~~~~~~~~~~~
/home/ec2-user/arduino-testlib/cli-datadir/user/libraries/DS18B20_RT/examples/DS18B20_two_sensors/DS18B20_two_sensors.ino:50:15: error: &#39;class DS18B20&#39; has no member named &#39;isConversionComplete&#39;; did you mean &#39;doConversion&#39;?
   if (outside.isConversionComplete())
               ^~~~~~~~~~~~~~~~~~~~
               doConversion
/home/ec2-user/arduino-testlib/cli-datadir/user/libraries/DS18B20_RT/examples/DS18B20_two_sensors/DS18B20_two_sensors.ino:54:13: error: &#39;class DS18B20&#39; has no member named &#39;requestTemperatures&#39;
     outside.requestTemperatures();
             ^~~~~~~~~~~~~~~~~~~
Multiple libraries were found for &#34;OneWire.h&#34;
  Used: /home/ec2-user/arduino-testlib/cli-datadir/user/libraries/OneWire
  Not used: /home/ec2-user/arduino-testlib/cli-datadir/user/libraries/OneWireNg
  Not used: /home/ec2-user/arduino-testlib/cli-datadir/user/libraries/MAX31850_OneWire
  Not used: /home/ec2-user/arduino-testlib/cli-datadir/user/libraries/SDU_AGS_SensorBoard
Multiple libraries were found for &#34;DS18B20.h&#34;
  Used: /home/ec2-user/arduino-testlib/cli-datadir/user/libraries/DS18B20
  Not used: /home/ec2-user/arduino-testlib/cli-datadir/user/libraries/DS18B20_RT
  Not used: /home/ec2-user/arduino-testlib/cli-datadir/user/libraries/OneWireHub
  Not used: /home/ec2-user/arduino-testlib/cli-datadir/user/libraries/MaximWire
</pre>
					
					<h4>examples/oneWireSearch</h4>
					<p>
						Result: <b>PASS</b>
					</p>
					<pre class="pre-scrollable">Sketch uses 13428 bytes (5%) of program storage space. Maximum is 262144 bytes.
Global variables use 2996 bytes (9%) of dynamic memory, leaving 29772 bytes for local variables. Maximum is 32768 bytes.
</pre>
					
				
				<h3 id="esp32:esp32:d1_mini32">esp32:esp32:d1_mini32 @ 1.0.6</h3>
				<h4>Inclusion</h4>
				<p>
					Result: <b>FAIL</b>
					
					<br />This library has no main header file so an empty one was created.
					
				</p>
				<pre class="pre-scrollable">Traceback (most recent call last):
  File &#34;/home/ec2-user/arduino-testlib/cli-datadir/data/packages/esp32/tools/esptool_py/3.0.0/esptool.py&#34;, line 38, in &lt;module&gt;
    import serial
ImportError: No module named serial
Multiple libraries were found for &#34;DS18B20.h&#34;
  Used: /home/ec2-user/arduino-testlib/cli-datadir/user/libraries/DS18B20
  Not used: /home/ec2-user/arduino-testlib/cli-datadir/user/libraries/OneWireHub
  Not used: /home/ec2-user/arduino-testlib/cli-datadir/user/libraries/DS18B20_RT
  Not used: /home/ec2-user/arduino-testlib/cli-datadir/user/libraries/MaximWire
Multiple libraries were found for &#34;OneWire.h&#34;
  Used: /home/ec2-user/arduino-testlib/cli-datadir/user/libraries/OneWire
  Not used: /home/ec2-user/arduino-testlib/cli-datadir/user/libraries/OneWireNg
  Not used: /home/ec2-user/arduino-testlib/cli-datadir/user/libraries/MAX31850_OneWire
  Not used: /home/ec2-user/arduino-testlib/cli-datadir/user/libraries/SDU_AGS_SensorBoard
</pre>

					
					<h4>examples/DS18B20_diagnose</h4>
					<p>
						Result: <b>FAIL</b>
					</p>
					<pre class="pre-scrollable">/home/ec2-user/arduino-testlib/cli-datadir/user/libraries/DS18B20_RT/examples/DS18B20_diagnose/DS18B20_diagnose.ino:14:24: error: invalid conversion from &#39;OneWire*&#39; to &#39;uint8_t {aka unsigned char}&#39; [-fpermissive]
 DS18B20 sensor(&amp;oneWire);
                        ^
In file included from /home/ec2-user/arduino-testlib/cli-datadir/user/libraries/DS18B20_RT/examples/DS18B20_diagnose/DS18B20_diagnose.ino:9:0:
/home/ec2-user/arduino-testlib/cli-datadir/user/libraries/DS18B20/src/DS18B20.h:40:9: note:   initializing argument 1 of &#39;DS18B20::DS18B20(uint8_t)&#39;
         DS18B20(uint8_t pin);
         ^
/home/ec2-user/arduino-testlib/cli-datadir/user/libraries/DS18B20_RT/examples/DS18B20_diagnose/DS18B20_diagnose.ino: In function &#39;void setup()&#39;:
/home/ec2-user/arduino-testlib/cli-datadir/user/libraries/DS18B20_RT/examples/DS18B20_diagnose/DS18B20_diagnose.ino:24:18: error: &#39;DS18B20_LIB_VERSION&#39; was not declared in this scope
   Serial.println(DS18B20_LIB_VERSION);
                  ^
/home/ec2-user/arduino-testlib/cli-datadir/user/libraries/DS18B20_RT/examples/DS18B20_diagnose/DS18B20_diagnose.ino:26:14: error: &#39;class DS18B20&#39; has no member named &#39;begin&#39;
   if (sensor.begin() == false)
              ^
/home/ec2-user/arduino-testlib/cli-datadir/user/libraries/DS18B20_RT/examples/DS18B20_diagnose/DS18B20_diagnose.ino:32:10: error: &#39;class DS18B20&#39; has no member named &#39;requestTemperatures&#39;
   sensor.requestTemperatures();
          ^
/home/ec2-user/arduino-testlib/cli-datadir/user/libraries/DS18B20_RT/examples/DS18B20_diagnose/DS18B20_diagnose.ino:35:18: error: &#39;class DS18B20&#39; has no member named &#39;isConversionComplete&#39;
   while (!sensor.isConversionComplete());
                  ^
/home/ec2-user/arduino-testlib/cli-datadir/user/libraries/DS18B20_RT/examples/DS18B20_diagnose/DS18B20_diagnose.ino: In function &#39;void loop()&#39;:
/home/ec2-user/arduino-testlib/cli-datadir/user/libraries/DS18B20_RT/examples/DS18B20_diagnose/DS18B20_diagnose.ino:52:12: error: &#39;class DS18B20&#39; has no member named &#39;requestTemperatures&#39;
     sensor.requestTemperatures();
            ^
/home/ec2-user/arduino-testlib/cli-datadir/user/libraries/DS18B20_RT/examples/DS18B20_diagnose/DS18B20_diagnose.ino:53:20: error: &#39;class DS18B20&#39; has no member named &#39;isConversionComplete&#39;
     while (!sensor.isConversionComplete());
                    ^
Multiple libraries were found for &#34;OneWire.h&#34;
  Used: /home/ec2-user/arduino-testlib/cli-datadir/user/libraries/OneWire
  Not used: /home/ec2-user/arduino-testlib/cli-datadir/user/libraries/MAX31850_OneWire
  Not used: /home/ec2-user/arduino-testlib/cli-datadir/user/libraries/SDU_AGS_SensorBoard
  Not used: /home/ec2-user/arduino-testlib/cli-datadir/user/libraries/OneWireNg
Multiple libraries were found for &#34;DS18B20.h&#34;
  Used: /home/ec2-user/arduino-testlib/cli-datadir/user/libraries/DS18B20
  Not used: /home/ec2-user/arduino-testlib/cli-datadir/user/libraries/MaximWire
  Not used: /home/ec2-user/arduino-testlib/cli-datadir/user/libraries/DS18B20_RT
  Not used: /home/ec2-user/arduino-testlib/cli-datadir/user/libraries/OneWireHub
</pre>
					
					<h4>examples/DS18B20_getAddress</h4>
					<p>
						Result: <b>FAIL</b>
					</p>
					<pre class="pre-scrollable">/home/ec2-user/arduino-testlib/cli-datadir/user/libraries/DS18B20_RT/examples/DS18B20_getAddress/DS18B20_getAddress.ino:14:24: error: invalid conversion from &#39;OneWire*&#39; to &#39;uint8_t {aka unsigned char}&#39; [-fpermissive]
 DS18B20 sensor(&amp;oneWire);
                        ^
In file included from /home/ec2-user/arduino-testlib/cli-datadir/user/libraries/DS18B20_RT/examples/DS18B20_getAddress/DS18B20_getAddress.ino:9:0:
/home/ec2-user/arduino-testlib/cli-datadir/user/libraries/DS18B20/src/DS18B20.h:40:9: note:   initializing argument 1 of &#39;DS18B20::DS18B20(uint8_t)&#39;
         DS18B20(uint8_t pin);
         ^
/home/ec2-user/arduino-testlib/cli-datadir/user/libraries/DS18B20_RT/examples/DS18B20_getAddress/DS18B20_getAddress.ino:16:1: error: &#39;DeviceAddress&#39; does not name a type
 DeviceAddress da;
 ^
/home/ec2-user/arduino-testlib/cli-datadir/user/libraries/DS18B20_RT/examples/DS18B20_getAddress/DS18B20_getAddress.ino: In function &#39;void setup()&#39;:
/home/ec2-user/arduino-testlib/cli-datadir/user/libraries/DS18B20_RT/examples/DS18B20_getAddress/DS18B20_getAddress.ino:24:18: error: &#39;DS18B20_LIB_VERSION&#39; was not declared in this scope
   Serial.println(DS18B20_LIB_VERSION);
                  ^
/home/ec2-user/arduino-testlib/cli-datadir/user/libraries/DS18B20_RT/examples/DS18B20_getAddress/DS18B20_getAddress.ino:27:36: error: &#39;da&#39; was not declared in this scope
   Serial.println(sensor.getAddress(da));
                                    ^
/home/ec2-user/arduino-testlib/cli-datadir/user/libraries/DS18B20_RT/examples/DS18B20_getAddress/DS18B20_getAddress.ino:29:10: error: &#39;class DS18B20&#39; has no member named &#39;begin&#39;
   sensor.begin();
          ^
Multiple libraries were found for &#34;OneWire.h&#34;
  Used: /home/ec2-user/arduino-testlib/cli-datadir/user/libraries/OneWire
  Not used: /home/ec2-user/arduino-testlib/cli-datadir/user/libraries/SDU_AGS_SensorBoard
  Not used: /home/ec2-user/arduino-testlib/cli-datadir/user/libraries/MAX31850_OneWire
  Not used: /home/ec2-user/arduino-testlib/cli-datadir/user/libraries/OneWireNg
Multiple libraries were found for &#34;DS18B20.h&#34;
  Used: /home/ec2-user/arduino-testlib/cli-datadir/user/libraries/DS18B20
  Not used: /home/ec2-user/arduino-testlib/cli-datadir/user/libraries/OneWireHub
  Not used: /home/ec2-user/arduino-testlib/cli-datadir/user/libraries/MaximWire
  Not used: /home/ec2-user/arduino-testlib/cli-datadir/user/libraries/DS18B20_RT
</pre>
					
					<h4>examples/DS18B20_minimum</h4>
					<p>
						Result: <b>FAIL</b>
					</p>
					<pre class="pre-scrollable">/home/ec2-user/arduino-testlib/cli-datadir/user/libraries/DS18B20_RT/examples/DS18B20_minimum/DS18B20_minimum.ino:19:24: error: invalid conversion from &#39;OneWire*&#39; to &#39;uint8_t {aka unsigned char}&#39; [-fpermissive]
 DS18B20 sensor(&amp;oneWire);
                        ^
In file included from /home/ec2-user/arduino-testlib/cli-datadir/user/libraries/DS18B20_RT/examples/DS18B20_minimum/DS18B20_minimum.ino:14:0:
/home/ec2-user/arduino-testlib/cli-datadir/user/libraries/DS18B20/src/DS18B20.h:40:9: note:   initializing argument 1 of &#39;DS18B20::DS18B20(uint8_t)&#39;
         DS18B20(uint8_t pin);
         ^
/home/ec2-user/arduino-testlib/cli-datadir/user/libraries/DS18B20_RT/examples/DS18B20_minimum/DS18B20_minimum.ino: In function &#39;void setup()&#39;:
/home/ec2-user/arduino-testlib/cli-datadir/user/libraries/DS18B20_RT/examples/DS18B20_minimum/DS18B20_minimum.ino:27:10: error: &#39;class DS18B20&#39; has no member named &#39;begin&#39;
   sensor.begin();
          ^
/home/ec2-user/arduino-testlib/cli-datadir/user/libraries/DS18B20_RT/examples/DS18B20_minimum/DS18B20_minimum.ino: In function &#39;void loop()&#39;:
/home/ec2-user/arduino-testlib/cli-datadir/user/libraries/DS18B20_RT/examples/DS18B20_minimum/DS18B20_minimum.ino:33:10: error: &#39;class DS18B20&#39; has no member named &#39;requestTemperatures&#39;
   sensor.requestTemperatures();
          ^
Multiple libraries were found for &#34;OneWire.h&#34;
  Used: /home/ec2-user/arduino-testlib/cli-datadir/user/libraries/OneWire
  Not used: /home/ec2-user/arduino-testlib/cli-datadir/user/libraries/OneWireNg
  Not used: /home/ec2-user/arduino-testlib/cli-datadir/user/libraries/SDU_AGS_SensorBoard
  Not used: /home/ec2-user/arduino-testlib/cli-datadir/user/libraries/MAX31850_OneWire
Multiple libraries were found for &#34;DS18B20.h&#34;
  Used: /home/ec2-user/arduino-testlib/cli-datadir/user/libraries/DS18B20
  Not used: /home/ec2-user/arduino-testlib/cli-datadir/user/libraries/OneWireHub
  Not used: /home/ec2-user/arduino-testlib/cli-datadir/user/libraries/DS18B20_RT
  Not used: /home/ec2-user/arduino-testlib/cli-datadir/user/libraries/MaximWire
</pre>
					
					<h4>examples/DS18B20_performance</h4>
					<p>
						Result: <b>FAIL</b>
					</p>
					<pre class="pre-scrollable">/home/ec2-user/arduino-testlib/cli-datadir/user/libraries/DS18B20_RT/examples/DS18B20_performance/DS18B20_performance.ino:15:24: error: invalid conversion from &#39;OneWire*&#39; to &#39;uint8_t {aka unsigned char}&#39; [-fpermissive]
 DS18B20 sensor(&amp;oneWire);
                        ^
In file included from /home/ec2-user/arduino-testlib/cli-datadir/user/libraries/DS18B20_RT/examples/DS18B20_performance/DS18B20_performance.ino:10:0:
/home/ec2-user/arduino-testlib/cli-datadir/user/libraries/DS18B20/src/DS18B20.h:40:9: note:   initializing argument 1 of &#39;DS18B20::DS18B20(uint8_t)&#39;
         DS18B20(uint8_t pin);
         ^
/home/ec2-user/arduino-testlib/cli-datadir/user/libraries/DS18B20_RT/examples/DS18B20_performance/DS18B20_performance.ino: In function &#39;void setup()&#39;:
/home/ec2-user/arduino-testlib/cli-datadir/user/libraries/DS18B20_RT/examples/DS18B20_performance/DS18B20_performance.ino:25:18: error: &#39;DS18B20_LIB_VERSION&#39; was not declared in this scope
   Serial.println(DS18B20_LIB_VERSION);
                  ^
/home/ec2-user/arduino-testlib/cli-datadir/user/libraries/DS18B20_RT/examples/DS18B20_performance/DS18B20_performance.ino:27:10: error: &#39;class DS18B20&#39; has no member named &#39;begin&#39;
   sensor.begin();
          ^
/home/ec2-user/arduino-testlib/cli-datadir/user/libraries/DS18B20_RT/examples/DS18B20_performance/DS18B20_performance.ino: In function &#39;uint32_t run(int)&#39;:
/home/ec2-user/arduino-testlib/cli-datadir/user/libraries/DS18B20_RT/examples/DS18B20_performance/DS18B20_performance.ino:64:12: error: &#39;class DS18B20&#39; has no member named &#39;requestTemperatures&#39;
     sensor.requestTemperatures();
            ^
/home/ec2-user/arduino-testlib/cli-datadir/user/libraries/DS18B20_RT/examples/DS18B20_performance/DS18B20_performance.ino:65:20: error: &#39;class DS18B20&#39; has no member named &#39;isConversionComplete&#39;
     while (!sensor.isConversionComplete());
                    ^
Multiple libraries were found for &#34;OneWire.h&#34;
  Used: /home/ec2-user/arduino-testlib/cli-datadir/user/libraries/OneWire
  Not used: /home/ec2-user/arduino-testlib/cli-datadir/user/libraries/MAX31850_OneWire
  Not used: /home/ec2-user/arduino-testlib/cli-datadir/user/libraries/OneWireNg
  Not used: /home/ec2-user/arduino-testlib/cli-datadir/user/libraries/SDU_AGS_SensorBoard
Multiple libraries were found for &#34;DS18B20.h&#34;
  Used: /home/ec2-user/arduino-testlib/cli-datadir/user/libraries/DS18B20
  Not used: /home/ec2-user/arduino-testlib/cli-datadir/user/libraries/MaximWire
  Not used: /home/ec2-user/arduino-testlib/cli-datadir/user/libraries/DS18B20_RT
  Not used: /home/ec2-user/arduino-testlib/cli-datadir/user/libraries/OneWireHub
</pre>
					
					<h4>examples/DS18B20_simple</h4>
					<p>
						Result: <b>FAIL</b>
					</p>
					<pre class="pre-scrollable">/home/ec2-user/arduino-testlib/cli-datadir/user/libraries/DS18B20_RT/examples/DS18B20_simple/DS18B20_simple.ino:14:24: error: invalid conversion from &#39;OneWire*&#39; to &#39;uint8_t {aka unsigned char}&#39; [-fpermissive]
 DS18B20 sensor(&amp;oneWire);
                        ^
In file included from /home/ec2-user/arduino-testlib/cli-datadir/user/libraries/DS18B20_RT/examples/DS18B20_simple/DS18B20_simple.ino:9:0:
/home/ec2-user/arduino-testlib/cli-datadir/user/libraries/DS18B20/src/DS18B20.h:40:9: note:   initializing argument 1 of &#39;DS18B20::DS18B20(uint8_t)&#39;
         DS18B20(uint8_t pin);
         ^
/home/ec2-user/arduino-testlib/cli-datadir/user/libraries/DS18B20_RT/examples/DS18B20_simple/DS18B20_simple.ino: In function &#39;void setup()&#39;:
/home/ec2-user/arduino-testlib/cli-datadir/user/libraries/DS18B20_RT/examples/DS18B20_simple/DS18B20_simple.ino:22:18: error: &#39;DS18B20_LIB_VERSION&#39; was not declared in this scope
   Serial.println(DS18B20_LIB_VERSION);
                  ^
/home/ec2-user/arduino-testlib/cli-datadir/user/libraries/DS18B20_RT/examples/DS18B20_simple/DS18B20_simple.ino:24:10: error: &#39;class DS18B20&#39; has no member named &#39;begin&#39;
   sensor.begin();
          ^
/home/ec2-user/arduino-testlib/cli-datadir/user/libraries/DS18B20_RT/examples/DS18B20_simple/DS18B20_simple.ino: In function &#39;void loop()&#39;:
/home/ec2-user/arduino-testlib/cli-datadir/user/libraries/DS18B20_RT/examples/DS18B20_simple/DS18B20_simple.ino:30:10: error: &#39;class DS18B20&#39; has no member named &#39;requestTemperatures&#39;
   sensor.requestTemperatures();
          ^
/home/ec2-user/arduino-testlib/cli-datadir/user/libraries/DS18B20_RT/examples/DS18B20_simple/DS18B20_simple.ino:32:18: error: &#39;class DS18B20&#39; has no member named &#39;isConversionComplete&#39;
   while (!sensor.isConversionComplete());  // wait until sensor is ready
                  ^
Multiple libraries were found for &#34;OneWire.h&#34;
  Used: /home/ec2-user/arduino-testlib/cli-datadir/user/libraries/OneWire
  Not used: /home/ec2-user/arduino-testlib/cli-datadir/user/libraries/SDU_AGS_SensorBoard
  Not used: /home/ec2-user/arduino-testlib/cli-datadir/user/libraries/MAX31850_OneWire
  Not used: /home/ec2-user/arduino-testlib/cli-datadir/user/libraries/OneWireNg
Multiple libraries were found for &#34;DS18B20.h&#34;
  Used: /home/ec2-user/arduino-testlib/cli-datadir/user/libraries/DS18B20
  Not used: /home/ec2-user/arduino-testlib/cli-datadir/user/libraries/MaximWire
  Not used: /home/ec2-user/arduino-testlib/cli-datadir/user/libraries/DS18B20_RT
  Not used: /home/ec2-user/arduino-testlib/cli-datadir/user/libraries/OneWireHub
</pre>
					
					<h4>examples/DS18B20_test</h4>
					<p>
						Result: <b>FAIL</b>
					</p>
					<pre class="pre-scrollable">/home/ec2-user/arduino-testlib/cli-datadir/user/libraries/DS18B20_RT/examples/DS18B20_test/DS18B20_test.ino:14:24: error: invalid conversion from &#39;OneWire*&#39; to &#39;uint8_t {aka unsigned char}&#39; [-fpermissive]
 DS18B20 sensor(&amp;oneWire);
                        ^
In file included from /home/ec2-user/arduino-testlib/cli-datadir/user/libraries/DS18B20_RT/examples/DS18B20_test/DS18B20_test.ino:9:0:
/home/ec2-user/arduino-testlib/cli-datadir/user/libraries/DS18B20/src/DS18B20.h:40:9: note:   initializing argument 1 of &#39;DS18B20::DS18B20(uint8_t)&#39;
         DS18B20(uint8_t pin);
         ^
/home/ec2-user/arduino-testlib/cli-datadir/user/libraries/DS18B20_RT/examples/DS18B20_test/DS18B20_test.ino: In function &#39;void setup()&#39;:
/home/ec2-user/arduino-testlib/cli-datadir/user/libraries/DS18B20_RT/examples/DS18B20_test/DS18B20_test.ino:24:18: error: &#39;DS18B20_LIB_VERSION&#39; was not declared in this scope
   Serial.println(DS18B20_LIB_VERSION);
                  ^
/home/ec2-user/arduino-testlib/cli-datadir/user/libraries/DS18B20_RT/examples/DS18B20_test/DS18B20_test.ino:26:10: error: &#39;class DS18B20&#39; has no member named &#39;begin&#39;
   sensor.begin();
          ^
/home/ec2-user/arduino-testlib/cli-datadir/user/libraries/DS18B20_RT/examples/DS18B20_test/DS18B20_test.ino:28:10: error: &#39;class DS18B20&#39; has no member named &#39;requestTemperatures&#39;
   sensor.requestTemperatures();
          ^
/home/ec2-user/arduino-testlib/cli-datadir/user/libraries/DS18B20_RT/examples/DS18B20_test/DS18B20_test.ino:33:18: error: &#39;class DS18B20&#39; has no member named &#39;isConversionComplete&#39;
   while (!sensor.isConversionComplete()) n&#43;&#43;;
                  ^
/home/ec2-user/arduino-testlib/cli-datadir/user/libraries/DS18B20_RT/examples/DS18B20_test/DS18B20_test.ino: In function &#39;void loop()&#39;:
/home/ec2-user/arduino-testlib/cli-datadir/user/libraries/DS18B20_RT/examples/DS18B20_test/DS18B20_test.ino:54:12: error: &#39;class DS18B20&#39; has no member named &#39;requestTemperatures&#39;
     sensor.requestTemperatures();
            ^
/home/ec2-user/arduino-testlib/cli-datadir/user/libraries/DS18B20_RT/examples/DS18B20_test/DS18B20_test.ino:55:20: error: &#39;class DS18B20&#39; has no member named &#39;isConversionComplete&#39;
     while (!sensor.isConversionComplete()) n&#43;&#43;;
                    ^
Multiple libraries were found for &#34;OneWire.h&#34;
  Used: /home/ec2-user/arduino-testlib/cli-datadir/user/libraries/OneWire
  Not used: /home/ec2-user/arduino-testlib/cli-datadir/user/libraries/SDU_AGS_SensorBoard
  Not used: /home/ec2-user/arduino-testlib/cli-datadir/user/libraries/MAX31850_OneWire
  Not used: /home/ec2-user/arduino-testlib/cli-datadir/user/libraries/OneWireNg
Multiple libraries were found for &#34;DS18B20.h&#34;
  Used: /home/ec2-user/arduino-testlib/cli-datadir/user/libraries/DS18B20
  Not used: /home/ec2-user/arduino-testlib/cli-datadir/user/libraries/MaximWire
  Not used: /home/ec2-user/arduino-testlib/cli-datadir/user/libraries/OneWireHub
  Not used: /home/ec2-user/arduino-testlib/cli-datadir/user/libraries/DS18B20_RT
</pre>
					
					<h4>examples/DS18B20_test_disconnect</h4>
					<p>
						Result: <b>FAIL</b>
					</p>
					<pre class="pre-scrollable">/home/ec2-user/arduino-testlib/cli-datadir/user/libraries/DS18B20_RT/examples/DS18B20_test_disconnect/DS18B20_test_disconnect.ino:14:24: error: invalid conversion from &#39;OneWire*&#39; to &#39;uint8_t {aka unsigned char}&#39; [-fpermissive]
 DS18B20 sensor(&amp;oneWire);
                        ^
In file included from /home/ec2-user/arduino-testlib/cli-datadir/user/libraries/DS18B20_RT/examples/DS18B20_test_disconnect/DS18B20_test_disconnect.ino:9:0:
/home/ec2-user/arduino-testlib/cli-datadir/user/libraries/DS18B20/src/DS18B20.h:40:9: note:   initializing argument 1 of &#39;DS18B20::DS18B20(uint8_t)&#39;
         DS18B20(uint8_t pin);
         ^
/home/ec2-user/arduino-testlib/cli-datadir/user/libraries/DS18B20_RT/examples/DS18B20_test_disconnect/DS18B20_test_disconnect.ino: In function &#39;void setup()&#39;:
/home/ec2-user/arduino-testlib/cli-datadir/user/libraries/DS18B20_RT/examples/DS18B20_test_disconnect/DS18B20_test_disconnect.ino:25:18: error: &#39;DS18B20_LIB_VERSION&#39; was not declared in this scope
   Serial.println(DS18B20_LIB_VERSION);
                  ^
/home/ec2-user/arduino-testlib/cli-datadir/user/libraries/DS18B20_RT/examples/DS18B20_test_disconnect/DS18B20_test_disconnect.ino:28:14: error: &#39;class DS18B20&#39; has no member named &#39;begin&#39;
   if (sensor.begin() == false)
              ^
/home/ec2-user/arduino-testlib/cli-datadir/user/libraries/DS18B20_RT/examples/DS18B20_test_disconnect/DS18B20_test_disconnect.ino:31:20: error: &#39;class DS18B20&#39; has no member named &#39;begin&#39;
     while (!sensor.begin()); // wait until device comes available.
                    ^
/home/ec2-user/arduino-testlib/cli-datadir/user/libraries/DS18B20_RT/examples/DS18B20_test_disconnect/DS18B20_test_disconnect.ino:35:10: error: &#39;class DS18B20&#39; has no member named &#39;setConfig&#39;
   sensor.setConfig(DS18B20_CRC);  // or 1
          ^
/home/ec2-user/arduino-testlib/cli-datadir/user/libraries/DS18B20_RT/examples/DS18B20_test_disconnect/DS18B20_test_disconnect.ino:35:20: error: &#39;DS18B20_CRC&#39; was not declared in this scope
   sensor.setConfig(DS18B20_CRC);  // or 1
                    ^
/home/ec2-user/arduino-testlib/cli-datadir/user/libraries/DS18B20_RT/examples/DS18B20_test_disconnect/DS18B20_test_disconnect.ino:36:10: error: &#39;class DS18B20&#39; has no member named &#39;requestTemperatures&#39;
   sensor.requestTemperatures();
          ^
/home/ec2-user/arduino-testlib/cli-datadir/user/libraries/DS18B20_RT/examples/DS18B20_test_disconnect/DS18B20_test_disconnect.ino: In function &#39;void loop()&#39;:
/home/ec2-user/arduino-testlib/cli-datadir/user/libraries/DS18B20_RT/examples/DS18B20_test_disconnect/DS18B20_test_disconnect.ino:43:10: error: &#39;class DS18B20&#39; has no member named &#39;requestTemperatures&#39;
   sensor.requestTemperatures();
          ^
/home/ec2-user/arduino-testlib/cli-datadir/user/libraries/DS18B20_RT/examples/DS18B20_test_disconnect/DS18B20_test_disconnect.ino:47:18: error: &#39;class DS18B20&#39; has no member named &#39;isConversionComplete&#39;
   while (!sensor.isConversionComplete())
                  ^
/home/ec2-user/arduino-testlib/cli-datadir/user/libraries/DS18B20_RT/examples/DS18B20_test_disconnect/DS18B20_test_disconnect.ino:58:12: error: &#39;DEVICE_CRC_ERROR&#39; was not declared in this scope
   if (t == DEVICE_CRC_ERROR)
            ^
Multiple libraries were found for &#34;OneWire.h&#34;
  Used: /home/ec2-user/arduino-testlib/cli-datadir/user/libraries/OneWire
  Not used: /home/ec2-user/arduino-testlib/cli-datadir/user/libraries/OneWireNg
  Not used: /home/ec2-user/arduino-testlib/cli-datadir/user/libraries/SDU_AGS_SensorBoard
  Not used: /home/ec2-user/arduino-testlib/cli-datadir/user/libraries/MAX31850_OneWire
Multiple libraries were found for &#34;DS18B20.h&#34;
  Used: /home/ec2-user/arduino-testlib/cli-datadir/user/libraries/DS18B20
  Not used: /home/ec2-user/arduino-testlib/cli-datadir/user/libraries/OneWireHub
  Not used: /home/ec2-user/arduino-testlib/cli-datadir/user/libraries/MaximWire
  Not used: /home/ec2-user/arduino-testlib/cli-datadir/user/libraries/DS18B20_RT
</pre>
					
					<h4>examples/DS18B20_two_sensors</h4>
					<p>
						Result: <b>FAIL</b>
					</p>
					<pre class="pre-scrollable">/home/ec2-user/arduino-testlib/cli-datadir/user/libraries/DS18B20_RT/examples/DS18B20_two_sensors/DS18B20_two_sensors.ino:18:25: error: invalid conversion from &#39;OneWire*&#39; to &#39;uint8_t {aka unsigned char}&#39; [-fpermissive]
 DS18B20 inside(&amp;oneWire2);
                         ^
In file included from /home/ec2-user/arduino-testlib/cli-datadir/user/libraries/DS18B20_RT/examples/DS18B20_two_sensors/DS18B20_two_sensors.ino:9:0:
/home/ec2-user/arduino-testlib/cli-datadir/user/libraries/DS18B20/src/DS18B20.h:40:9: note:   initializing argument 1 of &#39;DS18B20::DS18B20(uint8_t)&#39;
         DS18B20(uint8_t pin);
         ^
/home/ec2-user/arduino-testlib/cli-datadir/user/libraries/DS18B20_RT/examples/DS18B20_two_sensors/DS18B20_two_sensors.ino:19:26: error: invalid conversion from &#39;OneWire*&#39; to &#39;uint8_t {aka unsigned char}&#39; [-fpermissive]
 DS18B20 outside(&amp;oneWire3);
                          ^
In file included from /home/ec2-user/arduino-testlib/cli-datadir/user/libraries/DS18B20_RT/examples/DS18B20_two_sensors/DS18B20_two_sensors.ino:9:0:
/home/ec2-user/arduino-testlib/cli-datadir/user/libraries/DS18B20/src/DS18B20.h:40:9: note:   initializing argument 1 of &#39;DS18B20::DS18B20(uint8_t)&#39;
         DS18B20(uint8_t pin);
         ^
/home/ec2-user/arduino-testlib/cli-datadir/user/libraries/DS18B20_RT/examples/DS18B20_two_sensors/DS18B20_two_sensors.ino: In function &#39;void setup()&#39;:
/home/ec2-user/arduino-testlib/cli-datadir/user/libraries/DS18B20_RT/examples/DS18B20_two_sensors/DS18B20_two_sensors.ino:27:18: error: &#39;DS18B20_LIB_VERSION&#39; was not declared in this scope
   Serial.println(DS18B20_LIB_VERSION);
                  ^
/home/ec2-user/arduino-testlib/cli-datadir/user/libraries/DS18B20_RT/examples/DS18B20_two_sensors/DS18B20_two_sensors.ino:29:10: error: &#39;class DS18B20&#39; has no member named &#39;begin&#39;
   inside.begin();
          ^
/home/ec2-user/arduino-testlib/cli-datadir/user/libraries/DS18B20_RT/examples/DS18B20_two_sensors/DS18B20_two_sensors.ino:30:11: error: &#39;class DS18B20&#39; has no member named &#39;begin&#39;
   outside.begin();
           ^
/home/ec2-user/arduino-testlib/cli-datadir/user/libraries/DS18B20_RT/examples/DS18B20_two_sensors/DS18B20_two_sensors.ino:36:10: error: &#39;class DS18B20&#39; has no member named &#39;requestTemperatures&#39;
   inside.requestTemperatures();
          ^
/home/ec2-user/arduino-testlib/cli-datadir/user/libraries/DS18B20_RT/examples/DS18B20_two_sensors/DS18B20_two_sensors.ino:37:11: error: &#39;class DS18B20&#39; has no member named &#39;requestTemperatures&#39;
   outside.requestTemperatures();
           ^
/home/ec2-user/arduino-testlib/cli-datadir/user/libraries/DS18B20_RT/examples/DS18B20_two_sensors/DS18B20_two_sensors.ino: In function &#39;void loop()&#39;:
/home/ec2-user/arduino-testlib/cli-datadir/user/libraries/DS18B20_RT/examples/DS18B20_two_sensors/DS18B20_two_sensors.ino:44:14: error: &#39;class DS18B20&#39; has no member named &#39;isConversionComplete&#39;
   if (inside.isConversionComplete())
              ^
/home/ec2-user/arduino-testlib/cli-datadir/user/libraries/DS18B20_RT/examples/DS18B20_two_sensors/DS18B20_two_sensors.ino:48:12: error: &#39;class DS18B20&#39; has no member named &#39;requestTemperatures&#39;
     inside.requestTemperatures();
            ^
/home/ec2-user/arduino-testlib/cli-datadir/user/libraries/DS18B20_RT/examples/DS18B20_two_sensors/DS18B20_two_sensors.ino:50:15: error: &#39;class DS18B20&#39; has no member named &#39;isConversionComplete&#39;
   if (outside.isConversionComplete())
               ^
/home/ec2-user/arduino-testlib/cli-datadir/user/libraries/DS18B20_RT/examples/DS18B20_two_sensors/DS18B20_two_sensors.ino:54:13: error: &#39;class DS18B20&#39; has no member named &#39;requestTemperatures&#39;
     outside.requestTemperatures();
             ^
Multiple libraries were found for &#34;OneWire.h&#34;
  Used: /home/ec2-user/arduino-testlib/cli-datadir/user/libraries/OneWire
  Not used: /home/ec2-user/arduino-testlib/cli-datadir/user/libraries/OneWireNg
  Not used: /home/ec2-user/arduino-testlib/cli-datadir/user/libraries/SDU_AGS_SensorBoard
  Not used: /home/ec2-user/arduino-testlib/cli-datadir/user/libraries/MAX31850_OneWire
Multiple libraries were found for &#34;DS18B20.h&#34;
  Used: /home/ec2-user/arduino-testlib/cli-datadir/user/libraries/DS18B20
  Not used: /home/ec2-user/arduino-testlib/cli-datadir/user/libraries/OneWireHub
  Not used: /home/ec2-user/arduino-testlib/cli-datadir/user/libraries/DS18B20_RT
  Not used: /home/ec2-user/arduino-testlib/cli-datadir/user/libraries/MaximWire
</pre>
					
					<h4>examples/oneWireSearch</h4>
					<p>
						Result: <b>FAIL</b>
					</p>
					<pre class="pre-scrollable">Traceback (most recent call last):
  File &#34;/home/ec2-user/arduino-testlib/cli-datadir/data/packages/esp32/tools/esptool_py/3.0.0/esptool.py&#34;, line 38, in &lt;module&gt;
    import serial
ImportError: No module named serial
Multiple libraries were found for &#34;OneWire.h&#34;
  Used: /home/ec2-user/arduino-testlib/cli-datadir/user/libraries/OneWire
  Not used: /home/ec2-user/arduino-testlib/cli-datadir/user/libraries/MAX31850_OneWire
  Not used: /home/ec2-user/arduino-testlib/cli-datadir/user/libraries/OneWireNg
  Not used: /home/ec2-user/arduino-testlib/cli-datadir/user/libraries/SDU_AGS_SensorBoard
</pre>
					
				
			</div>
		</div>
	</div>
  </body>
</html>
