
<!doctype html>
<html lang="en">
  <head>
    <meta charset="utf-8">
    <meta name="viewport" content="width=device-width, initial-scale=1">
    <link href="https://cdn.jsdelivr.net/npm/bootstrap@5.0.2/dist/css/bootstrap.min.css" rel="stylesheet" integrity="sha384-EVSTQN3/azprG1Anm3QDgpJLIm9Nao0Yz1ztcQTwFspd3yD65VohhpuuCOmLASjC" crossorigin="anonymous">
    <title>arduino-testlib report</title>
	<style>
	.pass { background-color: #00FF00 !important; }
	.fail { background-color: #FF0000 !important; }
	</style>
  </head>
  <body>
	<div class="container">
		<div class="row">
			<div class="col">
				<h1>DS323x_Generic - compatibility matrix</h1>
				<p>
					<small>This report was generated on Monday, 21-Feb-22 12:00:25 CET using 
					<a href="https://github.com/alranel/arduino-testlib">arduino-testlib</a>.</small>
				</p>

				<h2>DS323x_Generic</h2>
				<p>
					Version: <b>1.2.2</b>
					<br />
					<a href="https://www.arduino.cc/reference/en/libraries/ds323x_generic/">More details</a>
				</p>

				<h2>Compatibility matrix</h2>
				<table class="table table-bordered">
					<tr>
						<th>Board</th>
						<th>Claims compatibility</th>
						<th>Inclusion</th>
						
						<th><pre>Alarm</pre></th>
						
						<th><pre>Time</pre></th>
						
					</tr>
					
					<tr>
						<td>
							<a href="#arduino%3aavr%3auno"><b>arduino:avr:uno</b></a>
							<br />
							<small>1.8.4</small>
						</td>

						
						
						
							<td>Yes ⚠️</td>
							<td class="fail">FAIL</td>
						
						

						
							
								
									
										
											
											<td class="fail">FAIL</td>
										
									
										
									
								
							
								
							
								
							
								
							
								
							
						
							
								
									
										
									
										
											
											<td class="fail">FAIL</td>
										
									
								
							
								
							
								
							
								
							
								
							
						
					</tr>
					
					<tr>
						<td>
							<a href="#arduino%3ambed_nano%3ananorp2040connect"><b>arduino:mbed_nano:nanorp2040connect</b></a>
							<br />
							<small>2.7.2</small>
						</td>

						
							<td>Yes</td>
							<td class="pass">PASS</td>
						
						
						
						

						
							
								
							
								
									
										
											
											<td class="fail">FAIL</td>
										
									
										
									
								
							
								
							
								
							
								
							
						
							
								
							
								
									
										
									
										
											
											<td class="fail">FAIL</td>
										
									
								
							
								
							
								
							
								
							
						
					</tr>
					
					<tr>
						<td>
							<a href="#arduino%3amegaavr%3anona4809"><b>arduino:megaavr:nona4809</b></a>
							<br />
							<small>1.8.7</small>
						</td>

						
						
						
							<td>Yes ⚠️</td>
							<td class="fail">FAIL</td>
						
						

						
							
								
							
								
							
								
									
										
											
											<td class="fail">FAIL</td>
										
									
										
									
								
							
								
							
								
							
						
							
								
							
								
							
								
									
										
									
										
											
											<td class="fail">FAIL</td>
										
									
								
							
								
							
								
							
						
					</tr>
					
					<tr>
						<td>
							<a href="#arduino%3asamd%3amkrwifi1010"><b>arduino:samd:mkrwifi1010</b></a>
							<br />
							<small>1.8.12</small>
						</td>

						
							<td>Yes</td>
							<td class="pass">PASS</td>
						
						
						
						

						
							
								
							
								
							
								
							
								
									
										
											
											<td class="fail">FAIL</td>
										
									
										
									
								
							
								
							
						
							
								
							
								
							
								
							
								
									
										
									
										
											
											<td class="fail">FAIL</td>
										
									
								
							
								
							
						
					</tr>
					
					<tr>
						<td>
							<a href="#esp32%3aesp32%3ad1_mini32"><b>esp32:esp32:d1_mini32</b></a>
							<br />
							<small>1.0.6</small>
						</td>

						
							<td>Yes</td>
							<td class="pass">PASS</td>
						
						
						
						

						
							
								
							
								
							
								
							
								
							
								
									
										
											
											<td class="fail">FAIL</td>
										
									
										
									
								
							
						
							
								
							
								
							
								
							
								
							
								
									
										
									
										
											
											<td class="fail">FAIL</td>
										
									
								
							
						
					</tr>
					
				</table>

				<h2>Compilation logs</h2>
				
				<h3 id="arduino:avr:uno">arduino:avr:uno @ 1.8.4</h3>
				<h4>Inclusion</h4>
				<p>
					Result: <b>FAIL</b>
					
				</p>
				<pre class="pre-scrollable">In file included from /home/ec2-user/arduino-testlib/cli-datadir/user/libraries/DS323x_Generic/src/DS323x_Generic.h:32:0,
                 from /tmp/arduino-testlib3511281986/test/test.ino:1:
/home/ec2-user/arduino-testlib/cli-datadir/user/libraries/DS323x_Generic/src/DateTime_Generic.h: In member function &#39;DateTime DateTime::operator&#43;(const TimeSpan&amp;)&#39;:
/home/ec2-user/arduino-testlib/cli-datadir/user/libraries/DS323x_Generic/src/DateTime_Generic.h:359:71: error: call of overloaded &#39;DateTime(uint32_t)&#39; is ambiguous
       return DateTime( ( unixtime() &#43; (uint32_t) span.totalseconds() ));
                                                                       ^
/home/ec2-user/arduino-testlib/cli-datadir/user/libraries/DS323x_Generic/src/DateTime_Generic.h:200:5: note: candidate: DateTime::DateTime(const time_t&amp;)
     DateTime (const time_t&amp; timeInput)
     ^~~~~~~~
/home/ec2-user/arduino-testlib/cli-datadir/user/libraries/DS323x_Generic/src/DateTime_Generic.h:161:5: note: candidate: DateTime::DateTime(const DateTime&amp;)
     DateTime (const DateTime&amp; copy)
     ^~~~~~~~
In file included from /home/ec2-user/arduino-testlib/cli-datadir/user/libraries/DS323x_Generic/src/DS323x_Generic.h:32:0,
                 from /tmp/arduino-testlib3511281986/test/test.ino:1:
/home/ec2-user/arduino-testlib/cli-datadir/user/libraries/DS323x_Generic/src/DateTime_Generic.h:107:5: note: candidate: DateTime::DateTime(uint32_t)
     DateTime (uint32_t t = SECONDS_FROM_1970_TO_2000)
     ^~~~~~~~
In file included from /home/ec2-user/arduino-testlib/cli-datadir/user/libraries/DS323x_Generic/src/DS323x_Generic.h:32:0,
                 from /tmp/arduino-testlib3511281986/test/test.ino:1:
/home/ec2-user/arduino-testlib/cli-datadir/user/libraries/DS323x_Generic/src/DateTime_Generic.h: In member function &#39;DateTime DateTime::operator-(const TimeSpan&amp;)&#39;:
/home/ec2-user/arduino-testlib/cli-datadir/user/libraries/DS323x_Generic/src/DateTime_Generic.h:364:71: error: call of overloaded &#39;DateTime(uint32_t)&#39; is ambiguous
       return DateTime( ( unixtime() - (uint32_t) span.totalseconds() ));
                                                                       ^
/home/ec2-user/arduino-testlib/cli-datadir/user/libraries/DS323x_Generic/src/DateTime_Generic.h:200:5: note: candidate: DateTime::DateTime(const time_t&amp;)
     DateTime (const time_t&amp; timeInput)
     ^~~~~~~~
/home/ec2-user/arduino-testlib/cli-datadir/user/libraries/DS323x_Generic/src/DateTime_Generic.h:161:5: note: candidate: DateTime::DateTime(const DateTime&amp;)
     DateTime (const DateTime&amp; copy)
     ^~~~~~~~
In file included from /home/ec2-user/arduino-testlib/cli-datadir/user/libraries/DS323x_Generic/src/DS323x_Generic.h:32:0,
                 from /tmp/arduino-testlib3511281986/test/test.ino:1:
/home/ec2-user/arduino-testlib/cli-datadir/user/libraries/DS323x_Generic/src/DateTime_Generic.h:107:5: note: candidate: DateTime::DateTime(uint32_t)
     DateTime (uint32_t t = SECONDS_FROM_1970_TO_2000)
     ^~~~~~~~

</pre>

					
					<h4>examples/Alarm</h4>
					<p>
						Result: <b>FAIL</b>
					</p>
					<pre class="pre-scrollable"></pre>
					
					<h4>examples/Time</h4>
					<p>
						Result: <b>FAIL</b>
					</p>
					<pre class="pre-scrollable"></pre>
					
				
				<h3 id="arduino:mbed_nano:nanorp2040connect">arduino:mbed_nano:nanorp2040connect @ 2.7.2</h3>
				<h4>Inclusion</h4>
				<p>
					Result: <b>PASS</b>
					
				</p>
				<pre class="pre-scrollable">Sketch uses 81706 bytes (0%) of program storage space. Maximum is 16777216 bytes.
Global variables use 44220 bytes (16%) of dynamic memory, leaving 226116 bytes for local variables. Maximum is 270336 bytes.
</pre>

					
					<h4>examples/Alarm</h4>
					<p>
						Result: <b>FAIL</b>
					</p>
					<pre class="pre-scrollable"></pre>
					
					<h4>examples/Time</h4>
					<p>
						Result: <b>FAIL</b>
					</p>
					<pre class="pre-scrollable"></pre>
					
				
				<h3 id="arduino:megaavr:nona4809">arduino:megaavr:nona4809 @ 1.8.7</h3>
				<h4>Inclusion</h4>
				<p>
					Result: <b>FAIL</b>
					
				</p>
				<pre class="pre-scrollable">In file included from /home/ec2-user/arduino-testlib/cli-datadir/user/libraries/DS323x_Generic/src/DS323x_Generic.h:32:0,
                 from /tmp/arduino-testlib4289224618/test/test.ino:1:
/home/ec2-user/arduino-testlib/cli-datadir/user/libraries/DS323x_Generic/src/DateTime_Generic.h: In member function &#39;DateTime DateTime::operator&#43;(const TimeSpan&amp;)&#39;:
/home/ec2-user/arduino-testlib/cli-datadir/user/libraries/DS323x_Generic/src/DateTime_Generic.h:359:71: error: call of overloaded &#39;DateTime(uint32_t)&#39; is ambiguous
       return DateTime( ( unixtime() &#43; (uint32_t) span.totalseconds() ));
                                                                       ^
/home/ec2-user/arduino-testlib/cli-datadir/user/libraries/DS323x_Generic/src/DateTime_Generic.h:200:5: note: candidate: DateTime::DateTime(const time_t&amp;)
     DateTime (const time_t&amp; timeInput)
     ^~~~~~~~
/home/ec2-user/arduino-testlib/cli-datadir/user/libraries/DS323x_Generic/src/DateTime_Generic.h:161:5: note: candidate: DateTime::DateTime(const DateTime&amp;)
     DateTime (const DateTime&amp; copy)
     ^~~~~~~~
In file included from /home/ec2-user/arduino-testlib/cli-datadir/user/libraries/DS323x_Generic/src/DS323x_Generic.h:32:0,
                 from /tmp/arduino-testlib4289224618/test/test.ino:1:
/home/ec2-user/arduino-testlib/cli-datadir/user/libraries/DS323x_Generic/src/DateTime_Generic.h:107:5: note: candidate: DateTime::DateTime(uint32_t)
     DateTime (uint32_t t = SECONDS_FROM_1970_TO_2000)
     ^~~~~~~~
In file included from /home/ec2-user/arduino-testlib/cli-datadir/user/libraries/DS323x_Generic/src/DS323x_Generic.h:32:0,
                 from /tmp/arduino-testlib4289224618/test/test.ino:1:
/home/ec2-user/arduino-testlib/cli-datadir/user/libraries/DS323x_Generic/src/DateTime_Generic.h: In member function &#39;DateTime DateTime::operator-(const TimeSpan&amp;)&#39;:
/home/ec2-user/arduino-testlib/cli-datadir/user/libraries/DS323x_Generic/src/DateTime_Generic.h:364:71: error: call of overloaded &#39;DateTime(uint32_t)&#39; is ambiguous
       return DateTime( ( unixtime() - (uint32_t) span.totalseconds() ));
                                                                       ^
/home/ec2-user/arduino-testlib/cli-datadir/user/libraries/DS323x_Generic/src/DateTime_Generic.h:200:5: note: candidate: DateTime::DateTime(const time_t&amp;)
     DateTime (const time_t&amp; timeInput)
     ^~~~~~~~
/home/ec2-user/arduino-testlib/cli-datadir/user/libraries/DS323x_Generic/src/DateTime_Generic.h:161:5: note: candidate: DateTime::DateTime(const DateTime&amp;)
     DateTime (const DateTime&amp; copy)
     ^~~~~~~~
In file included from /home/ec2-user/arduino-testlib/cli-datadir/user/libraries/DS323x_Generic/src/DS323x_Generic.h:32:0,
                 from /tmp/arduino-testlib4289224618/test/test.ino:1:
/home/ec2-user/arduino-testlib/cli-datadir/user/libraries/DS323x_Generic/src/DateTime_Generic.h:107:5: note: candidate: DateTime::DateTime(uint32_t)
     DateTime (uint32_t t = SECONDS_FROM_1970_TO_2000)
     ^~~~~~~~

</pre>

					
					<h4>examples/Alarm</h4>
					<p>
						Result: <b>FAIL</b>
					</p>
					<pre class="pre-scrollable"></pre>
					
					<h4>examples/Time</h4>
					<p>
						Result: <b>FAIL</b>
					</p>
					<pre class="pre-scrollable"></pre>
					
				
				<h3 id="arduino:samd:mkrwifi1010">arduino:samd:mkrwifi1010 @ 1.8.12</h3>
				<h4>Inclusion</h4>
				<p>
					Result: <b>PASS</b>
					
				</p>
				<pre class="pre-scrollable">Sketch uses 13588 bytes (5%) of program storage space. Maximum is 262144 bytes.
Global variables use 3568 bytes (10%) of dynamic memory, leaving 29200 bytes for local variables. Maximum is 32768 bytes.
</pre>

					
					<h4>examples/Alarm</h4>
					<p>
						Result: <b>FAIL</b>
					</p>
					<pre class="pre-scrollable"></pre>
					
					<h4>examples/Time</h4>
					<p>
						Result: <b>FAIL</b>
					</p>
					<pre class="pre-scrollable"></pre>
					
				
				<h3 id="esp32:esp32:d1_mini32">esp32:esp32:d1_mini32 @ 1.0.6</h3>
				<h4>Inclusion</h4>
				<p>
					Result: <b>PASS</b>
					
				</p>
				<pre class="pre-scrollable">Sketch uses 202762 bytes (15%) of program storage space. Maximum is 1310720 bytes.
Global variables use 13888 bytes (4%) of dynamic memory, leaving 313792 bytes for local variables. Maximum is 327680 bytes.
</pre>

					
					<h4>examples/Alarm</h4>
					<p>
						Result: <b>FAIL</b>
					</p>
					<pre class="pre-scrollable"></pre>
					
					<h4>examples/Time</h4>
					<p>
						Result: <b>FAIL</b>
					</p>
					<pre class="pre-scrollable"></pre>
					
				
			</div>
		</div>
	</div>
  </body>
</html>
