
<!doctype html>
<html lang="en">
  <head>
    <meta charset="utf-8">
    <meta name="viewport" content="width=device-width, initial-scale=1">
    <link href="https://cdn.jsdelivr.net/npm/bootstrap@5.0.2/dist/css/bootstrap.min.css" rel="stylesheet" integrity="sha384-EVSTQN3/azprG1Anm3QDgpJLIm9Nao0Yz1ztcQTwFspd3yD65VohhpuuCOmLASjC" crossorigin="anonymous">
    <title>arduino-testlib report</title>
	<style>
	.pass { background-color: #00FF00 !important; }
	.fail { background-color: #FF0000 !important; }
	</style>
  </head>
  <body>
	<div class="container">
		<div class="row">
			<div class="col">
				<h1>DS3231 - compatibility matrix</h1>
				<p>
					<small>This report was generated on Wednesday, 23-Feb-22 22:48:15 CET using 
					<a href="https://github.com/alranel/arduino-testlib">arduino-testlib</a>.</small>
				</p>

				<h2>DS3231</h2>
				<p>
					Version: <b>1.1.0</b>
					<br />
					<a href="https://www.arduino.cc/reference/en/libraries/ds3231/">More details</a>
				</p>

				<h2>Compatibility matrix</h2>
				<table class="table table-bordered">
					<tr>
						<th>Board</th>
						<th>Claims compatibility</th>
						<th>Inclusion</th>
						
						<th><pre>DS3231_oscillator_test</pre></th>
						
						<th><pre>DS3231_set</pre></th>
						
						<th><pre>DS3231_test</pre></th>
						
						<th><pre>echo_time</pre></th>
						
						<th><pre>now</pre></th>
						
						<th><pre>set_echo</pre></th>
						
					</tr>
					
					<tr>
						<td>
							<a href="#arduino%3aavr%3auno"><b>arduino:avr:uno</b></a>
							<br />
							<small>1.8.4</small>
						</td>

						
							<td>Yes</td>
							<td class="pass">PASS</td>
						
						
						
						

						
							
								
									
										
											<td class="pass">PASS</td>
											
										
									
										
									
										
									
										
									
										
									
										
									
								
							
								
							
								
							
								
							
								
							
						
							
								
									
										
									
										
											
											<td class="fail">FAIL</td>
										
									
										
									
										
									
										
									
										
									
								
							
								
							
								
							
								
							
								
							
						
							
								
									
										
									
										
									
										
											
											<td class="fail">FAIL</td>
										
									
										
									
										
									
										
									
								
							
								
							
								
							
								
							
								
							
						
							
								
									
										
									
										
									
										
									
										
											
											<td class="fail">FAIL</td>
										
									
										
									
										
									
								
							
								
							
								
							
								
							
								
							
						
							
								
									
										
									
										
									
										
									
										
									
										
											<td class="pass">PASS</td>
											
										
									
										
									
								
							
								
							
								
							
								
							
								
							
						
							
								
									
										
									
										
									
										
									
										
									
										
									
										
											
											<td class="fail">FAIL</td>
										
									
								
							
								
							
								
							
								
							
								
							
						
					</tr>
					
					<tr>
						<td>
							<a href="#arduino%3ambed_nano%3ananorp2040connect"><b>arduino:mbed_nano:nanorp2040connect</b></a>
							<br />
							<small>2.7.2</small>
						</td>

						
							<td>Yes</td>
							<td class="pass">PASS</td>
						
						
						
						

						
							
								
							
								
									
										
											<td class="pass">PASS</td>
											
										
									
										
									
										
									
										
									
										
									
										
									
								
							
								
							
								
							
								
							
						
							
								
							
								
									
										
									
										
											
											<td class="fail">FAIL</td>
										
									
										
									
										
									
										
									
										
									
								
							
								
							
								
							
								
							
						
							
								
							
								
									
										
									
										
									
										
											
											<td class="fail">FAIL</td>
										
									
										
									
										
									
										
									
								
							
								
							
								
							
								
							
						
							
								
							
								
									
										
									
										
									
										
									
										
											
											<td class="fail">FAIL</td>
										
									
										
									
										
									
								
							
								
							
								
							
								
							
						
							
								
							
								
									
										
									
										
									
										
									
										
									
										
											<td class="pass">PASS</td>
											
										
									
										
									
								
							
								
							
								
							
								
							
						
							
								
							
								
									
										
									
										
									
										
									
										
									
										
									
										
											
											<td class="fail">FAIL</td>
										
									
								
							
								
							
								
							
								
							
						
					</tr>
					
					<tr>
						<td>
							<a href="#arduino%3amegaavr%3anona4809"><b>arduino:megaavr:nona4809</b></a>
							<br />
							<small>1.8.7</small>
						</td>

						
							<td>Yes</td>
							<td class="pass">PASS</td>
						
						
						
						

						
							
								
							
								
							
								
									
										
											<td class="pass">PASS</td>
											
										
									
										
									
										
									
										
									
										
									
										
									
								
							
								
							
								
							
						
							
								
							
								
							
								
									
										
									
										
											
											<td class="fail">FAIL</td>
										
									
										
									
										
									
										
									
										
									
								
							
								
							
								
							
						
							
								
							
								
							
								
									
										
									
										
									
										
											
											<td class="fail">FAIL</td>
										
									
										
									
										
									
										
									
								
							
								
							
								
							
						
							
								
							
								
							
								
									
										
									
										
									
										
									
										
											
											<td class="fail">FAIL</td>
										
									
										
									
										
									
								
							
								
							
								
							
						
							
								
							
								
							
								
									
										
									
										
									
										
									
										
									
										
											<td class="pass">PASS</td>
											
										
									
										
									
								
							
								
							
								
							
						
							
								
							
								
							
								
									
										
									
										
									
										
									
										
									
										
									
										
											
											<td class="fail">FAIL</td>
										
									
								
							
								
							
								
							
						
					</tr>
					
					<tr>
						<td>
							<a href="#arduino%3asamd%3amkrwifi1010"><b>arduino:samd:mkrwifi1010</b></a>
							<br />
							<small>1.8.12</small>
						</td>

						
							<td>Yes</td>
							<td class="pass">PASS</td>
						
						
						
						

						
							
								
							
								
							
								
							
								
									
										
											<td class="pass">PASS</td>
											
										
									
										
									
										
									
										
									
										
									
										
									
								
							
								
							
						
							
								
							
								
							
								
							
								
									
										
									
										
											
											<td class="fail">FAIL</td>
										
									
										
									
										
									
										
									
										
									
								
							
								
							
						
							
								
							
								
							
								
							
								
									
										
									
										
									
										
											
											<td class="fail">FAIL</td>
										
									
										
									
										
									
										
									
								
							
								
							
						
							
								
							
								
							
								
							
								
									
										
									
										
									
										
									
										
											
											<td class="fail">FAIL</td>
										
									
										
									
										
									
								
							
								
							
						
							
								
							
								
							
								
							
								
									
										
									
										
									
										
									
										
									
										
											<td class="pass">PASS</td>
											
										
									
										
									
								
							
								
							
						
							
								
							
								
							
								
							
								
									
										
									
										
									
										
									
										
									
										
									
										
											
											<td class="fail">FAIL</td>
										
									
								
							
								
							
						
					</tr>
					
					<tr>
						<td>
							<a href="#esp32%3aesp32%3ad1_mini32"><b>esp32:esp32:d1_mini32</b></a>
							<br />
							<small>1.0.6</small>
						</td>

						
							<td>Yes</td>
							<td class="pass">PASS</td>
						
						
						
						

						
							
								
							
								
							
								
							
								
							
								
									
										
											<td class="pass">PASS</td>
											
										
									
										
									
										
									
										
									
										
									
										
									
								
							
						
							
								
							
								
							
								
							
								
							
								
									
										
									
										
											
											<td class="fail">FAIL</td>
										
									
										
									
										
									
										
									
										
									
								
							
						
							
								
							
								
							
								
							
								
							
								
									
										
									
										
									
										
											
											<td class="fail">FAIL</td>
										
									
										
									
										
									
										
									
								
							
						
							
								
							
								
							
								
							
								
							
								
									
										
									
										
									
										
									
										
											
											<td class="fail">FAIL</td>
										
									
										
									
										
									
								
							
						
							
								
							
								
							
								
							
								
							
								
									
										
									
										
									
										
									
										
									
										
											<td class="pass">PASS</td>
											
										
									
										
									
								
							
						
							
								
							
								
							
								
							
								
							
								
									
										
									
										
									
										
									
										
									
										
									
										
											
											<td class="fail">FAIL</td>
										
									
								
							
						
					</tr>
					
				</table>

				<h2>Compilation logs</h2>
				
				<h3 id="arduino:avr:uno">arduino:avr:uno @ 1.8.4</h3>
				<h4>Inclusion</h4>
				<p>
					Result: <b>PASS</b>
					
				</p>
				<pre class="pre-scrollable">Sketch uses 1636 bytes (5%) of program storage space. Maximum is 32256 bytes.
Global variables use 122 bytes (5%) of dynamic memory, leaving 1926 bytes for local variables. Maximum is 2048 bytes.
</pre>

					
					<h4>examples/DS3231_oscillator_test</h4>
					<p>
						Result: <b>PASS</b>
					</p>
					<pre class="pre-scrollable">Sketch uses 4272 bytes (13%) of program storage space. Maximum is 32256 bytes.
Global variables use 404 bytes (19%) of dynamic memory, leaving 1644 bytes for local variables. Maximum is 2048 bytes.
</pre>
					
					<h4>examples/DS3231_set</h4>
					<p>
						Result: <b>FAIL</b>
					</p>
					<pre class="pre-scrollable">/home/ec2-user/arduino-testlib/cli-datadir/user/libraries/DS3231/examples/DS3231_set/DS3231_set.pde:13:8: error: &#39;DS3231 clock&#39; redeclared as different kind of symbol
 DS3231 clock;
        ^~~~~
In file included from /home/ec2-user/arduino-testlib/cli-datadir/user/libraries/DS3231/DS3231.h:22:0,
                 from /home/ec2-user/arduino-testlib/cli-datadir/user/libraries/DS3231/examples/DS3231_set/DS3231_set.pde:10:
/home/ec2-user/arduino-testlib/cli-datadir/data/packages/arduino/tools/avr-gcc/7.3.0-atmel3.6.1-arduino7/avr/include/time.h:164:20: note: previous declaration &#39;clock_t clock()&#39;
     extern clock_t clock(void);
                    ^~~~~
/home/ec2-user/arduino-testlib/cli-datadir/user/libraries/DS3231/examples/DS3231_set/DS3231_set.pde: In function &#39;void loop()&#39;:
/home/ec2-user/arduino-testlib/cli-datadir/user/libraries/DS3231/examples/DS3231_set/DS3231_set.pde:88:15: error: request for member &#39;setClockMode&#39; in &#39;clock&#39;, which is of non-class type &#39;clock_t() {aka long unsigned int()}&#39;
         clock.setClockMode(false);  // set to 24h
               ^~~~~~~~~~~~
/home/ec2-user/arduino-testlib/cli-datadir/user/libraries/DS3231/examples/DS3231_set/DS3231_set.pde:91:15: error: request for member &#39;setYear&#39; in &#39;clock&#39;, which is of non-class type &#39;clock_t() {aka long unsigned int()}&#39;
         clock.setYear(year);
               ^~~~~~~
/home/ec2-user/arduino-testlib/cli-datadir/user/libraries/DS3231/examples/DS3231_set/DS3231_set.pde:92:15: error: request for member &#39;setMonth&#39; in &#39;clock&#39;, which is of non-class type &#39;clock_t() {aka long unsigned int()}&#39;
         clock.setMonth(month);
               ^~~~~~~~
/home/ec2-user/arduino-testlib/cli-datadir/user/libraries/DS3231/examples/DS3231_set/DS3231_set.pde:93:15: error: request for member &#39;setDate&#39; in &#39;clock&#39;, which is of non-class type &#39;clock_t() {aka long unsigned int()}&#39;
         clock.setDate(date);
               ^~~~~~~
/home/ec2-user/arduino-testlib/cli-datadir/user/libraries/DS3231/examples/DS3231_set/DS3231_set.pde:94:15: error: request for member &#39;setDoW&#39; in &#39;clock&#39;, which is of non-class type &#39;clock_t() {aka long unsigned int()}&#39;
         clock.setDoW(dOW);
               ^~~~~~
/home/ec2-user/arduino-testlib/cli-datadir/user/libraries/DS3231/examples/DS3231_set/DS3231_set.pde:95:15: error: request for member &#39;setHour&#39; in &#39;clock&#39;, which is of non-class type &#39;clock_t() {aka long unsigned int()}&#39;
         clock.setHour(hour);
               ^~~~~~~
/home/ec2-user/arduino-testlib/cli-datadir/user/libraries/DS3231/examples/DS3231_set/DS3231_set.pde:96:15: error: request for member &#39;setMinute&#39; in &#39;clock&#39;, which is of non-class type &#39;clock_t() {aka long unsigned int()}&#39;
         clock.setMinute(minute);
               ^~~~~~~~~
/home/ec2-user/arduino-testlib/cli-datadir/user/libraries/DS3231/examples/DS3231_set/DS3231_set.pde:97:15: error: request for member &#39;setSecond&#39; in &#39;clock&#39;, which is of non-class type &#39;clock_t() {aka long unsigned int()}&#39;
         clock.setSecond(second);
               ^~~~~~~~~
/home/ec2-user/arduino-testlib/cli-datadir/user/libraries/DS3231/examples/DS3231_set/DS3231_set.pde:102:15: error: request for member &#39;setA1Time&#39; in &#39;clock&#39;, which is of non-class type &#39;clock_t() {aka long unsigned int()}&#39;
         clock.setA1Time(dOW, hour, minute&#43;1, second, 0x0, true,
               ^~~~~~~~~
/home/ec2-user/arduino-testlib/cli-datadir/user/libraries/DS3231/examples/DS3231_set/DS3231_set.pde:105:15: error: request for member &#39;setA2Time&#39; in &#39;clock&#39;, which is of non-class type &#39;clock_t() {aka long unsigned int()}&#39;
         clock.setA2Time(date, hour, minute&#43;2, 0x0, false, false,
               ^~~~~~~~~
/home/ec2-user/arduino-testlib/cli-datadir/user/libraries/DS3231/examples/DS3231_set/DS3231_set.pde:108:15: error: request for member &#39;turnOnAlarm&#39; in &#39;clock&#39;, which is of non-class type &#39;clock_t() {aka long unsigned int()}&#39;
         clock.turnOnAlarm(1);
               ^~~~~~~~~~~
/home/ec2-user/arduino-testlib/cli-datadir/user/libraries/DS3231/examples/DS3231_set/DS3231_set.pde:109:15: error: request for member &#39;turnOnAlarm&#39; in &#39;clock&#39;, which is of non-class type &#39;clock_t() {aka long unsigned int()}&#39;
         clock.turnOnAlarm(2);
               ^~~~~~~~~~~

</pre>
					
					<h4>examples/DS3231_test</h4>
					<p>
						Result: <b>FAIL</b>
					</p>
					<pre class="pre-scrollable">/home/ec2-user/arduino-testlib/cli-datadir/user/libraries/DS3231/examples/DS3231_test/DS3231_test.pde:16:8: error: &#39;DS3231 clock&#39; redeclared as different kind of symbol
 DS3231 clock;
        ^~~~~
In file included from /home/ec2-user/arduino-testlib/cli-datadir/user/libraries/DS3231/DS3231.h:22:0,
                 from /home/ec2-user/arduino-testlib/cli-datadir/user/libraries/DS3231/examples/DS3231_test/DS3231_test.pde:13:
/home/ec2-user/arduino-testlib/cli-datadir/data/packages/arduino/tools/avr-gcc/7.3.0-atmel3.6.1-arduino7/avr/include/time.h:164:20: note: previous declaration &#39;clock_t clock()&#39;
     extern clock_t clock(void);
                    ^~~~~
/home/ec2-user/arduino-testlib/cli-datadir/user/libraries/DS3231/examples/DS3231_test/DS3231_test.pde: In function &#39;void loop()&#39;:
/home/ec2-user/arduino-testlib/cli-datadir/user/libraries/DS3231/examples/DS3231_test/DS3231_test.pde:41:21: error: request for member &#39;getYear&#39; in &#39;clock&#39;, which is of non-class type &#39;clock_t() {aka long unsigned int()}&#39;
  Serial.print(clock.getYear(), DEC);
                     ^~~~~~~
/home/ec2-user/arduino-testlib/cli-datadir/user/libraries/DS3231/examples/DS3231_test/DS3231_test.pde:45:21: error: request for member &#39;getMonth&#39; in &#39;clock&#39;, which is of non-class type &#39;clock_t() {aka long unsigned int()}&#39;
  Serial.print(clock.getMonth(century), DEC);
                     ^~~~~~~~
/home/ec2-user/arduino-testlib/cli-datadir/user/libraries/DS3231/examples/DS3231_test/DS3231_test.pde:49:21: error: request for member &#39;getDate&#39; in &#39;clock&#39;, which is of non-class type &#39;clock_t() {aka long unsigned int()}&#39;
  Serial.print(clock.getDate(), DEC);
                     ^~~~~~~
/home/ec2-user/arduino-testlib/cli-datadir/user/libraries/DS3231/examples/DS3231_test/DS3231_test.pde:53:21: error: request for member &#39;getDoW&#39; in &#39;clock&#39;, which is of non-class type &#39;clock_t() {aka long unsigned int()}&#39;
  Serial.print(clock.getDoW(), DEC);
                     ^~~~~~
/home/ec2-user/arduino-testlib/cli-datadir/user/libraries/DS3231/examples/DS3231_test/DS3231_test.pde:57:21: error: request for member &#39;getHour&#39; in &#39;clock&#39;, which is of non-class type &#39;clock_t() {aka long unsigned int()}&#39;
  Serial.print(clock.getHour(h12Flag, pmFlag), DEC);
                     ^~~~~~~
/home/ec2-user/arduino-testlib/cli-datadir/user/libraries/DS3231/examples/DS3231_test/DS3231_test.pde:59:21: error: request for member &#39;getMinute&#39; in &#39;clock&#39;, which is of non-class type &#39;clock_t() {aka long unsigned int()}&#39;
  Serial.print(clock.getMinute(), DEC);
                     ^~~~~~~~~
/home/ec2-user/arduino-testlib/cli-datadir/user/libraries/DS3231/examples/DS3231_test/DS3231_test.pde:61:21: error: request for member &#39;getSecond&#39; in &#39;clock&#39;, which is of non-class type &#39;clock_t() {aka long unsigned int()}&#39;
  Serial.print(clock.getSecond(), DEC);
                     ^~~~~~~~~
/home/ec2-user/arduino-testlib/cli-datadir/user/libraries/DS3231/examples/DS3231_test/DS3231_test.pde:76:21: error: request for member &#39;getTemperature&#39; in &#39;clock&#39;, which is of non-class type &#39;clock_t() {aka long unsigned int()}&#39;
  Serial.print(clock.getTemperature(), 2);
                     ^~~~~~~~~~~~~~
/home/ec2-user/arduino-testlib/cli-datadir/user/libraries/DS3231/examples/DS3231_test/DS3231_test.pde:79:12: error: request for member &#39;oscillatorCheck&#39; in &#39;clock&#39;, which is of non-class type &#39;clock_t() {aka long unsigned int()}&#39;
  if (clock.oscillatorCheck()) {
            ^~~~~~~~~~~~~~~
/home/ec2-user/arduino-testlib/cli-datadir/user/libraries/DS3231/examples/DS3231_test/DS3231_test.pde:86:12: error: request for member &#39;checkIfAlarm&#39; in &#39;clock&#39;, which is of non-class type &#39;clock_t() {aka long unsigned int()}&#39;
  if (clock.checkIfAlarm(1)) {
            ^~~~~~~~~~~~
/home/ec2-user/arduino-testlib/cli-datadir/user/libraries/DS3231/examples/DS3231_test/DS3231_test.pde:90:12: error: request for member &#39;checkIfAlarm&#39; in &#39;clock&#39;, which is of non-class type &#39;clock_t() {aka long unsigned int()}&#39;
  if (clock.checkIfAlarm(2)) {
            ^~~~~~~~~~~~
/home/ec2-user/arduino-testlib/cli-datadir/user/libraries/DS3231/examples/DS3231_test/DS3231_test.pde:99:8: error: request for member &#39;getA1Time&#39; in &#39;clock&#39;, which is of non-class type &#39;clock_t() {aka long unsigned int()}&#39;
  clock.getA1Time(alarmDay, alarmHour, alarmMinute, alarmSecond, alarmBits, alarmDy, alarmH12Flag, alarmPmFlag);
        ^~~~~~~~~
/home/ec2-user/arduino-testlib/cli-datadir/user/libraries/DS3231/examples/DS3231_test/DS3231_test.pde:120:12: error: request for member &#39;checkAlarmEnabled&#39; in &#39;clock&#39;, which is of non-class type &#39;clock_t() {aka long unsigned int()}&#39;
  if (clock.checkAlarmEnabled(1)) {
            ^~~~~~~~~~~~~~~~~
/home/ec2-user/arduino-testlib/cli-datadir/user/libraries/DS3231/examples/DS3231_test/DS3231_test.pde:127:8: error: request for member &#39;getA2Time&#39; in &#39;clock&#39;, which is of non-class type &#39;clock_t() {aka long unsigned int()}&#39;
  clock.getA2Time(alarmDay, alarmHour, alarmMinute, alarmBits, alarmDy, alarmH12Flag, alarmPmFlag);
        ^~~~~~~~~
/home/ec2-user/arduino-testlib/cli-datadir/user/libraries/DS3231/examples/DS3231_test/DS3231_test.pde:146:12: error: request for member &#39;checkAlarmEnabled&#39; in &#39;clock&#39;, which is of non-class type &#39;clock_t() {aka long unsigned int()}&#39;
  if (clock.checkAlarmEnabled(2)) {
            ^~~~~~~~~~~~~~~~~

</pre>
					
					<h4>examples/echo_time</h4>
					<p>
						Result: <b>FAIL</b>
					</p>
					<pre class="pre-scrollable">/home/ec2-user/arduino-testlib/cli-datadir/user/libraries/DS3231/examples/echo_time/echo_time.pde:19:8: error: &#39;DS3231 clock&#39; redeclared as different kind of symbol
 DS3231 clock;
        ^~~~~
In file included from /home/ec2-user/arduino-testlib/cli-datadir/user/libraries/DS3231/DS3231.h:22:0,
                 from /home/ec2-user/arduino-testlib/cli-datadir/user/libraries/DS3231/examples/echo_time/echo_time.pde:16:
/home/ec2-user/arduino-testlib/cli-datadir/data/packages/arduino/tools/avr-gcc/7.3.0-atmel3.6.1-arduino7/avr/include/time.h:164:20: note: previous declaration &#39;clock_t clock()&#39;
     extern clock_t clock(void);
                    ^~~~~
/home/ec2-user/arduino-testlib/cli-datadir/user/libraries/DS3231/examples/echo_time/echo_time.pde: In function &#39;void setup()&#39;:
/home/ec2-user/arduino-testlib/cli-datadir/user/libraries/DS3231/examples/echo_time/echo_time.pde:35:26: error: request for member &#39;getYear&#39; in &#39;clock&#39;, which is of non-class type &#39;clock_t() {aka long unsigned int()}&#39;
       Serial.print(clock.getYear(), DEC);
                          ^~~~~~~
/home/ec2-user/arduino-testlib/cli-datadir/user/libraries/DS3231/examples/echo_time/echo_time.pde:37:26: error: request for member &#39;getMonth&#39; in &#39;clock&#39;, which is of non-class type &#39;clock_t() {aka long unsigned int()}&#39;
       Serial.print(clock.getMonth(century), DEC);
                          ^~~~~~~~
/home/ec2-user/arduino-testlib/cli-datadir/user/libraries/DS3231/examples/echo_time/echo_time.pde:39:26: error: request for member &#39;getDate&#39; in &#39;clock&#39;, which is of non-class type &#39;clock_t() {aka long unsigned int()}&#39;
       Serial.print(clock.getDate(), DEC);
                          ^~~~~~~
/home/ec2-user/arduino-testlib/cli-datadir/user/libraries/DS3231/examples/echo_time/echo_time.pde:41:26: error: request for member &#39;getHour&#39; in &#39;clock&#39;, which is of non-class type &#39;clock_t() {aka long unsigned int()}&#39;
       Serial.print(clock.getHour(h12Flag, pmFlag), DEC); //24-hr
                          ^~~~~~~
/home/ec2-user/arduino-testlib/cli-datadir/user/libraries/DS3231/examples/echo_time/echo_time.pde:43:26: error: request for member &#39;getMinute&#39; in &#39;clock&#39;, which is of non-class type &#39;clock_t() {aka long unsigned int()}&#39;
       Serial.print(clock.getMinute(), DEC);
                          ^~~~~~~~~
/home/ec2-user/arduino-testlib/cli-datadir/user/libraries/DS3231/examples/echo_time/echo_time.pde:45:28: error: request for member &#39;getSecond&#39; in &#39;clock&#39;, which is of non-class type &#39;clock_t() {aka long unsigned int()}&#39;
       Serial.println(clock.getSecond(), DEC);
                            ^~~~~~~~~

</pre>
					
					<h4>examples/now</h4>
					<p>
						Result: <b>PASS</b>
					</p>
					<pre class="pre-scrollable">Sketch uses 4994 bytes (15%) of program storage space. Maximum is 32256 bytes.
Global variables use 450 bytes (21%) of dynamic memory, leaving 1598 bytes for local variables. Maximum is 2048 bytes.
</pre>
					
					<h4>examples/set_echo</h4>
					<p>
						Result: <b>FAIL</b>
					</p>
					<pre class="pre-scrollable">/home/ec2-user/arduino-testlib/cli-datadir/user/libraries/DS3231/examples/set_echo/set_echo.pde:24:8: error: &#39;DS3231 clock&#39; redeclared as different kind of symbol
 DS3231 clock;
        ^~~~~
In file included from /home/ec2-user/arduino-testlib/cli-datadir/user/libraries/DS3231/DS3231.h:22:0,
                 from /home/ec2-user/arduino-testlib/cli-datadir/user/libraries/DS3231/examples/set_echo/set_echo.pde:21:
/home/ec2-user/arduino-testlib/cli-datadir/data/packages/arduino/tools/avr-gcc/7.3.0-atmel3.6.1-arduino7/avr/include/time.h:164:20: note: previous declaration &#39;clock_t clock()&#39;
     extern clock_t clock(void);
                    ^~~~~
/home/ec2-user/arduino-testlib/cli-datadir/user/libraries/DS3231/examples/set_echo/set_echo.pde: In function &#39;void loop()&#39;:
/home/ec2-user/arduino-testlib/cli-datadir/user/libraries/DS3231/examples/set_echo/set_echo.pde:77:11: error: request for member &#39;setClockMode&#39; in &#39;clock&#39;, which is of non-class type &#39;clock_t() {aka long unsigned int()}&#39;
     clock.setClockMode(false);  // set to 24h
           ^~~~~~~~~~~~
/home/ec2-user/arduino-testlib/cli-datadir/user/libraries/DS3231/examples/set_echo/set_echo.pde:79:11: error: request for member &#39;setYear&#39; in &#39;clock&#39;, which is of non-class type &#39;clock_t() {aka long unsigned int()}&#39;
     clock.setYear(year);
           ^~~~~~~
/home/ec2-user/arduino-testlib/cli-datadir/user/libraries/DS3231/examples/set_echo/set_echo.pde:80:11: error: request for member &#39;setMonth&#39; in &#39;clock&#39;, which is of non-class type &#39;clock_t() {aka long unsigned int()}&#39;
     clock.setMonth(month);
           ^~~~~~~~
/home/ec2-user/arduino-testlib/cli-datadir/user/libraries/DS3231/examples/set_echo/set_echo.pde:81:11: error: request for member &#39;setDate&#39; in &#39;clock&#39;, which is of non-class type &#39;clock_t() {aka long unsigned int()}&#39;
     clock.setDate(date);
           ^~~~~~~
/home/ec2-user/arduino-testlib/cli-datadir/user/libraries/DS3231/examples/set_echo/set_echo.pde:82:11: error: request for member &#39;setDoW&#39; in &#39;clock&#39;, which is of non-class type &#39;clock_t() {aka long unsigned int()}&#39;
     clock.setDoW(dow);
           ^~~~~~
/home/ec2-user/arduino-testlib/cli-datadir/user/libraries/DS3231/examples/set_echo/set_echo.pde:83:11: error: request for member &#39;setHour&#39; in &#39;clock&#39;, which is of non-class type &#39;clock_t() {aka long unsigned int()}&#39;
     clock.setHour(hour);
           ^~~~~~~
/home/ec2-user/arduino-testlib/cli-datadir/user/libraries/DS3231/examples/set_echo/set_echo.pde:84:11: error: request for member &#39;setMinute&#39; in &#39;clock&#39;, which is of non-class type &#39;clock_t() {aka long unsigned int()}&#39;
     clock.setMinute(minute);
           ^~~~~~~~~
/home/ec2-user/arduino-testlib/cli-datadir/user/libraries/DS3231/examples/set_echo/set_echo.pde:85:11: error: request for member &#39;setSecond&#39; in &#39;clock&#39;, which is of non-class type &#39;clock_t() {aka long unsigned int()}&#39;
     clock.setSecond(second);
           ^~~~~~~~~
/home/ec2-user/arduino-testlib/cli-datadir/user/libraries/DS3231/examples/set_echo/set_echo.pde:90:28: error: request for member &#39;getYear&#39; in &#39;clock&#39;, which is of non-class type &#39;clock_t() {aka long unsigned int()}&#39;
         Serial.print(clock.getYear(), DEC);
                            ^~~~~~~
/home/ec2-user/arduino-testlib/cli-datadir/user/libraries/DS3231/examples/set_echo/set_echo.pde:92:28: error: request for member &#39;getMonth&#39; in &#39;clock&#39;, which is of non-class type &#39;clock_t() {aka long unsigned int()}&#39;
         Serial.print(clock.getMonth(century), DEC);
                            ^~~~~~~~
/home/ec2-user/arduino-testlib/cli-datadir/user/libraries/DS3231/examples/set_echo/set_echo.pde:94:28: error: request for member &#39;getDate&#39; in &#39;clock&#39;, which is of non-class type &#39;clock_t() {aka long unsigned int()}&#39;
         Serial.print(clock.getDate(), DEC);
                            ^~~~~~~
/home/ec2-user/arduino-testlib/cli-datadir/user/libraries/DS3231/examples/set_echo/set_echo.pde:96:28: error: request for member &#39;getHour&#39; in &#39;clock&#39;, which is of non-class type &#39;clock_t() {aka long unsigned int()}&#39;
         Serial.print(clock.getHour(h12Flag, pmFlag), DEC); //24-hr
                            ^~~~~~~
/home/ec2-user/arduino-testlib/cli-datadir/user/libraries/DS3231/examples/set_echo/set_echo.pde:98:28: error: request for member &#39;getMinute&#39; in &#39;clock&#39;, which is of non-class type &#39;clock_t() {aka long unsigned int()}&#39;
         Serial.print(clock.getMinute(), DEC);
                            ^~~~~~~~~
/home/ec2-user/arduino-testlib/cli-datadir/user/libraries/DS3231/examples/set_echo/set_echo.pde:100:30: error: request for member &#39;getSecond&#39; in &#39;clock&#39;, which is of non-class type &#39;clock_t() {aka long unsigned int()}&#39;
         Serial.println(clock.getSecond(), DEC);
                              ^~~~~~~~~

</pre>
					
				
				<h3 id="arduino:mbed_nano:nanorp2040connect">arduino:mbed_nano:nanorp2040connect @ 2.7.2</h3>
				<h4>Inclusion</h4>
				<p>
					Result: <b>PASS</b>
					
				</p>
				<pre class="pre-scrollable">Sketch uses 81706 bytes (0%) of program storage space. Maximum is 16777216 bytes.
Global variables use 44220 bytes (16%) of dynamic memory, leaving 226116 bytes for local variables. Maximum is 270336 bytes.
</pre>

					
					<h4>examples/DS3231_oscillator_test</h4>
					<p>
						Result: <b>PASS</b>
					</p>
					<pre class="pre-scrollable">Sketch uses 82068 bytes (0%) of program storage space. Maximum is 16777216 bytes.
Global variables use 44228 bytes (16%) of dynamic memory, leaving 226108 bytes for local variables. Maximum is 270336 bytes.
</pre>
					
					<h4>examples/DS3231_set</h4>
					<p>
						Result: <b>FAIL</b>
					</p>
					<pre class="pre-scrollable">/home/ec2-user/arduino-testlib/cli-datadir/user/libraries/DS3231/examples/DS3231_set/DS3231_set.pde:13:8: error: &#39;DS3231 clock&#39; redeclared as different kind of symbol
 DS3231 clock;
        ^~~~~
In file included from /home/ec2-user/arduino-testlib/cli-datadir/data/packages/arduino/tools/arm-none-eabi-gcc/7-2017q4/arm-none-eabi/include/stdlib.h:11:0,
                 from /home/ec2-user/arduino-testlib/cli-datadir/data/packages/arduino/tools/arm-none-eabi-gcc/7-2017q4/arm-none-eabi/include/c&#43;&#43;/7.2.1/cstdlib:75,
                 from /home/ec2-user/arduino-testlib/cli-datadir/data/packages/arduino/tools/arm-none-eabi-gcc/7-2017q4/arm-none-eabi/include/c&#43;&#43;/7.2.1/stdlib.h:36,
                 from /home/ec2-user/arduino-testlib/cli-datadir/data/packages/arduino/hardware/mbed_nano/2.7.2/cores/arduino/api/Interrupts.h:5,
                 from /home/ec2-user/arduino-testlib/cli-datadir/data/packages/arduino/hardware/mbed_nano/2.7.2/cores/arduino/api/ArduinoAPI.h:29,
                 from /home/ec2-user/arduino-testlib/cli-datadir/data/packages/arduino/hardware/mbed_nano/2.7.2/cores/arduino/Arduino.h:27,
                 from /tmp/arduino-sketch-605611F1623E816C562CFFF2500830F5/sketch/DS3231_set.pde.cpp:1:
/home/ec2-user/arduino-testlib/cli-datadir/data/packages/arduino/tools/arm-none-eabi-gcc/7-2017q4/arm-none-eabi/include/time.h:56:12: note: previous declaration &#39;clock_t clock()&#39;
 clock_t    _EXFUN(clock,    (void));
            ^
/home/ec2-user/arduino-testlib/cli-datadir/user/libraries/DS3231/examples/DS3231_set/DS3231_set.pde: In function &#39;void loop()&#39;:
/home/ec2-user/arduino-testlib/cli-datadir/user/libraries/DS3231/examples/DS3231_set/DS3231_set.pde:88:15: error: request for member &#39;setClockMode&#39; in &#39;clock&#39;, which is of non-class type &#39;clock_t() {aka long unsigned int()}&#39;
         clock.setClockMode(false);  // set to 24h
               ^~~~~~~~~~~~
/home/ec2-user/arduino-testlib/cli-datadir/user/libraries/DS3231/examples/DS3231_set/DS3231_set.pde:91:15: error: request for member &#39;setYear&#39; in &#39;clock&#39;, which is of non-class type &#39;clock_t() {aka long unsigned int()}&#39;
         clock.setYear(year);
               ^~~~~~~
/home/ec2-user/arduino-testlib/cli-datadir/user/libraries/DS3231/examples/DS3231_set/DS3231_set.pde:92:15: error: request for member &#39;setMonth&#39; in &#39;clock&#39;, which is of non-class type &#39;clock_t() {aka long unsigned int()}&#39;
         clock.setMonth(month);
               ^~~~~~~~
/home/ec2-user/arduino-testlib/cli-datadir/user/libraries/DS3231/examples/DS3231_set/DS3231_set.pde:93:15: error: request for member &#39;setDate&#39; in &#39;clock&#39;, which is of non-class type &#39;clock_t() {aka long unsigned int()}&#39;
         clock.setDate(date);
               ^~~~~~~
/home/ec2-user/arduino-testlib/cli-datadir/user/libraries/DS3231/examples/DS3231_set/DS3231_set.pde:94:15: error: request for member &#39;setDoW&#39; in &#39;clock&#39;, which is of non-class type &#39;clock_t() {aka long unsigned int()}&#39;
         clock.setDoW(dOW);
               ^~~~~~
/home/ec2-user/arduino-testlib/cli-datadir/user/libraries/DS3231/examples/DS3231_set/DS3231_set.pde:95:15: error: request for member &#39;setHour&#39; in &#39;clock&#39;, which is of non-class type &#39;clock_t() {aka long unsigned int()}&#39;
         clock.setHour(hour);
               ^~~~~~~
/home/ec2-user/arduino-testlib/cli-datadir/user/libraries/DS3231/examples/DS3231_set/DS3231_set.pde:96:15: error: request for member &#39;setMinute&#39; in &#39;clock&#39;, which is of non-class type &#39;clock_t() {aka long unsigned int()}&#39;
         clock.setMinute(minute);
               ^~~~~~~~~
/home/ec2-user/arduino-testlib/cli-datadir/user/libraries/DS3231/examples/DS3231_set/DS3231_set.pde:97:15: error: request for member &#39;setSecond&#39; in &#39;clock&#39;, which is of non-class type &#39;clock_t() {aka long unsigned int()}&#39;
         clock.setSecond(second);
               ^~~~~~~~~
/home/ec2-user/arduino-testlib/cli-datadir/user/libraries/DS3231/examples/DS3231_set/DS3231_set.pde:102:15: error: request for member &#39;setA1Time&#39; in &#39;clock&#39;, which is of non-class type &#39;clock_t() {aka long unsigned int()}&#39;
         clock.setA1Time(dOW, hour, minute&#43;1, second, 0x0, true,
               ^~~~~~~~~
/home/ec2-user/arduino-testlib/cli-datadir/user/libraries/DS3231/examples/DS3231_set/DS3231_set.pde:105:15: error: request for member &#39;setA2Time&#39; in &#39;clock&#39;, which is of non-class type &#39;clock_t() {aka long unsigned int()}&#39;
         clock.setA2Time(date, hour, minute&#43;2, 0x0, false, false,
               ^~~~~~~~~
/home/ec2-user/arduino-testlib/cli-datadir/user/libraries/DS3231/examples/DS3231_set/DS3231_set.pde:108:15: error: request for member &#39;turnOnAlarm&#39; in &#39;clock&#39;, which is of non-class type &#39;clock_t() {aka long unsigned int()}&#39;
         clock.turnOnAlarm(1);
               ^~~~~~~~~~~
/home/ec2-user/arduino-testlib/cli-datadir/user/libraries/DS3231/examples/DS3231_set/DS3231_set.pde:109:15: error: request for member &#39;turnOnAlarm&#39; in &#39;clock&#39;, which is of non-class type &#39;clock_t() {aka long unsigned int()}&#39;
         clock.turnOnAlarm(2);
               ^~~~~~~~~~~

</pre>
					
					<h4>examples/DS3231_test</h4>
					<p>
						Result: <b>FAIL</b>
					</p>
					<pre class="pre-scrollable">/home/ec2-user/arduino-testlib/cli-datadir/user/libraries/DS3231/examples/DS3231_test/DS3231_test.pde:16:8: error: &#39;DS3231 clock&#39; redeclared as different kind of symbol
 DS3231 clock;
        ^~~~~
In file included from /home/ec2-user/arduino-testlib/cli-datadir/data/packages/arduino/tools/arm-none-eabi-gcc/7-2017q4/arm-none-eabi/include/stdlib.h:11:0,
                 from /home/ec2-user/arduino-testlib/cli-datadir/data/packages/arduino/tools/arm-none-eabi-gcc/7-2017q4/arm-none-eabi/include/c&#43;&#43;/7.2.1/cstdlib:75,
                 from /home/ec2-user/arduino-testlib/cli-datadir/data/packages/arduino/tools/arm-none-eabi-gcc/7-2017q4/arm-none-eabi/include/c&#43;&#43;/7.2.1/stdlib.h:36,
                 from /home/ec2-user/arduino-testlib/cli-datadir/data/packages/arduino/hardware/mbed_nano/2.7.2/cores/arduino/api/Interrupts.h:5,
                 from /home/ec2-user/arduino-testlib/cli-datadir/data/packages/arduino/hardware/mbed_nano/2.7.2/cores/arduino/api/ArduinoAPI.h:29,
                 from /home/ec2-user/arduino-testlib/cli-datadir/data/packages/arduino/hardware/mbed_nano/2.7.2/cores/arduino/Arduino.h:27,
                 from /tmp/arduino-sketch-F23AEC79C9D62FC23928D414960821DB/sketch/DS3231_test.pde.cpp:1:
/home/ec2-user/arduino-testlib/cli-datadir/data/packages/arduino/tools/arm-none-eabi-gcc/7-2017q4/arm-none-eabi/include/time.h:56:12: note: previous declaration &#39;clock_t clock()&#39;
 clock_t    _EXFUN(clock,    (void));
            ^
/home/ec2-user/arduino-testlib/cli-datadir/user/libraries/DS3231/examples/DS3231_test/DS3231_test.pde: In function &#39;void loop()&#39;:
/home/ec2-user/arduino-testlib/cli-datadir/user/libraries/DS3231/examples/DS3231_test/DS3231_test.pde:41:21: error: request for member &#39;getYear&#39; in &#39;clock&#39;, which is of non-class type &#39;clock_t() {aka long unsigned int()}&#39;
  Serial.print(clock.getYear(), DEC);
                     ^~~~~~~
/home/ec2-user/arduino-testlib/cli-datadir/user/libraries/DS3231/examples/DS3231_test/DS3231_test.pde:45:21: error: request for member &#39;getMonth&#39; in &#39;clock&#39;, which is of non-class type &#39;clock_t() {aka long unsigned int()}&#39;
  Serial.print(clock.getMonth(century), DEC);
                     ^~~~~~~~
/home/ec2-user/arduino-testlib/cli-datadir/user/libraries/DS3231/examples/DS3231_test/DS3231_test.pde:49:21: error: request for member &#39;getDate&#39; in &#39;clock&#39;, which is of non-class type &#39;clock_t() {aka long unsigned int()}&#39;
  Serial.print(clock.getDate(), DEC);
                     ^~~~~~~
/home/ec2-user/arduino-testlib/cli-datadir/user/libraries/DS3231/examples/DS3231_test/DS3231_test.pde:53:21: error: request for member &#39;getDoW&#39; in &#39;clock&#39;, which is of non-class type &#39;clock_t() {aka long unsigned int()}&#39;
  Serial.print(clock.getDoW(), DEC);
                     ^~~~~~
/home/ec2-user/arduino-testlib/cli-datadir/user/libraries/DS3231/examples/DS3231_test/DS3231_test.pde:57:21: error: request for member &#39;getHour&#39; in &#39;clock&#39;, which is of non-class type &#39;clock_t() {aka long unsigned int()}&#39;
  Serial.print(clock.getHour(h12Flag, pmFlag), DEC);
                     ^~~~~~~
/home/ec2-user/arduino-testlib/cli-datadir/user/libraries/DS3231/examples/DS3231_test/DS3231_test.pde:59:21: error: request for member &#39;getMinute&#39; in &#39;clock&#39;, which is of non-class type &#39;clock_t() {aka long unsigned int()}&#39;
  Serial.print(clock.getMinute(), DEC);
                     ^~~~~~~~~
/home/ec2-user/arduino-testlib/cli-datadir/user/libraries/DS3231/examples/DS3231_test/DS3231_test.pde:61:21: error: request for member &#39;getSecond&#39; in &#39;clock&#39;, which is of non-class type &#39;clock_t() {aka long unsigned int()}&#39;
  Serial.print(clock.getSecond(), DEC);
                     ^~~~~~~~~
/home/ec2-user/arduino-testlib/cli-datadir/user/libraries/DS3231/examples/DS3231_test/DS3231_test.pde:76:21: error: request for member &#39;getTemperature&#39; in &#39;clock&#39;, which is of non-class type &#39;clock_t() {aka long unsigned int()}&#39;
  Serial.print(clock.getTemperature(), 2);
                     ^~~~~~~~~~~~~~
/home/ec2-user/arduino-testlib/cli-datadir/user/libraries/DS3231/examples/DS3231_test/DS3231_test.pde:79:12: error: request for member &#39;oscillatorCheck&#39; in &#39;clock&#39;, which is of non-class type &#39;clock_t() {aka long unsigned int()}&#39;
  if (clock.oscillatorCheck()) {
            ^~~~~~~~~~~~~~~
/home/ec2-user/arduino-testlib/cli-datadir/user/libraries/DS3231/examples/DS3231_test/DS3231_test.pde:86:12: error: request for member &#39;checkIfAlarm&#39; in &#39;clock&#39;, which is of non-class type &#39;clock_t() {aka long unsigned int()}&#39;
  if (clock.checkIfAlarm(1)) {
            ^~~~~~~~~~~~
/home/ec2-user/arduino-testlib/cli-datadir/user/libraries/DS3231/examples/DS3231_test/DS3231_test.pde:90:12: error: request for member &#39;checkIfAlarm&#39; in &#39;clock&#39;, which is of non-class type &#39;clock_t() {aka long unsigned int()}&#39;
  if (clock.checkIfAlarm(2)) {
            ^~~~~~~~~~~~
/home/ec2-user/arduino-testlib/cli-datadir/user/libraries/DS3231/examples/DS3231_test/DS3231_test.pde:99:8: error: request for member &#39;getA1Time&#39; in &#39;clock&#39;, which is of non-class type &#39;clock_t() {aka long unsigned int()}&#39;
  clock.getA1Time(alarmDay, alarmHour, alarmMinute, alarmSecond, alarmBits, alarmDy, alarmH12Flag, alarmPmFlag);
        ^~~~~~~~~
/home/ec2-user/arduino-testlib/cli-datadir/user/libraries/DS3231/examples/DS3231_test/DS3231_test.pde:120:12: error: request for member &#39;checkAlarmEnabled&#39; in &#39;clock&#39;, which is of non-class type &#39;clock_t() {aka long unsigned int()}&#39;
  if (clock.checkAlarmEnabled(1)) {
            ^~~~~~~~~~~~~~~~~
/home/ec2-user/arduino-testlib/cli-datadir/user/libraries/DS3231/examples/DS3231_test/DS3231_test.pde:127:8: error: request for member &#39;getA2Time&#39; in &#39;clock&#39;, which is of non-class type &#39;clock_t() {aka long unsigned int()}&#39;
  clock.getA2Time(alarmDay, alarmHour, alarmMinute, alarmBits, alarmDy, alarmH12Flag, alarmPmFlag);
        ^~~~~~~~~
/home/ec2-user/arduino-testlib/cli-datadir/user/libraries/DS3231/examples/DS3231_test/DS3231_test.pde:146:12: error: request for member &#39;checkAlarmEnabled&#39; in &#39;clock&#39;, which is of non-class type &#39;clock_t() {aka long unsigned int()}&#39;
  if (clock.checkAlarmEnabled(2)) {
            ^~~~~~~~~~~~~~~~~

</pre>
					
					<h4>examples/echo_time</h4>
					<p>
						Result: <b>FAIL</b>
					</p>
					<pre class="pre-scrollable">/home/ec2-user/arduino-testlib/cli-datadir/user/libraries/DS3231/examples/echo_time/echo_time.pde:19:8: error: &#39;DS3231 clock&#39; redeclared as different kind of symbol
 DS3231 clock;
        ^~~~~
In file included from /home/ec2-user/arduino-testlib/cli-datadir/data/packages/arduino/tools/arm-none-eabi-gcc/7-2017q4/arm-none-eabi/include/stdlib.h:11:0,
                 from /home/ec2-user/arduino-testlib/cli-datadir/data/packages/arduino/tools/arm-none-eabi-gcc/7-2017q4/arm-none-eabi/include/c&#43;&#43;/7.2.1/cstdlib:75,
                 from /home/ec2-user/arduino-testlib/cli-datadir/data/packages/arduino/tools/arm-none-eabi-gcc/7-2017q4/arm-none-eabi/include/c&#43;&#43;/7.2.1/stdlib.h:36,
                 from /home/ec2-user/arduino-testlib/cli-datadir/data/packages/arduino/hardware/mbed_nano/2.7.2/cores/arduino/api/Interrupts.h:5,
                 from /home/ec2-user/arduino-testlib/cli-datadir/data/packages/arduino/hardware/mbed_nano/2.7.2/cores/arduino/api/ArduinoAPI.h:29,
                 from /home/ec2-user/arduino-testlib/cli-datadir/data/packages/arduino/hardware/mbed_nano/2.7.2/cores/arduino/Arduino.h:27,
                 from /tmp/arduino-sketch-134A95520FC817220739022EC444130E/sketch/echo_time.pde.cpp:1:
/home/ec2-user/arduino-testlib/cli-datadir/data/packages/arduino/tools/arm-none-eabi-gcc/7-2017q4/arm-none-eabi/include/time.h:56:12: note: previous declaration &#39;clock_t clock()&#39;
 clock_t    _EXFUN(clock,    (void));
            ^
/home/ec2-user/arduino-testlib/cli-datadir/user/libraries/DS3231/examples/echo_time/echo_time.pde: In function &#39;void setup()&#39;:
/home/ec2-user/arduino-testlib/cli-datadir/user/libraries/DS3231/examples/echo_time/echo_time.pde:35:26: error: request for member &#39;getYear&#39; in &#39;clock&#39;, which is of non-class type &#39;clock_t() {aka long unsigned int()}&#39;
       Serial.print(clock.getYear(), DEC);
                          ^~~~~~~
/home/ec2-user/arduino-testlib/cli-datadir/user/libraries/DS3231/examples/echo_time/echo_time.pde:37:26: error: request for member &#39;getMonth&#39; in &#39;clock&#39;, which is of non-class type &#39;clock_t() {aka long unsigned int()}&#39;
       Serial.print(clock.getMonth(century), DEC);
                          ^~~~~~~~
/home/ec2-user/arduino-testlib/cli-datadir/user/libraries/DS3231/examples/echo_time/echo_time.pde:39:26: error: request for member &#39;getDate&#39; in &#39;clock&#39;, which is of non-class type &#39;clock_t() {aka long unsigned int()}&#39;
       Serial.print(clock.getDate(), DEC);
                          ^~~~~~~
/home/ec2-user/arduino-testlib/cli-datadir/user/libraries/DS3231/examples/echo_time/echo_time.pde:41:26: error: request for member &#39;getHour&#39; in &#39;clock&#39;, which is of non-class type &#39;clock_t() {aka long unsigned int()}&#39;
       Serial.print(clock.getHour(h12Flag, pmFlag), DEC); //24-hr
                          ^~~~~~~
/home/ec2-user/arduino-testlib/cli-datadir/user/libraries/DS3231/examples/echo_time/echo_time.pde:43:26: error: request for member &#39;getMinute&#39; in &#39;clock&#39;, which is of non-class type &#39;clock_t() {aka long unsigned int()}&#39;
       Serial.print(clock.getMinute(), DEC);
                          ^~~~~~~~~
/home/ec2-user/arduino-testlib/cli-datadir/user/libraries/DS3231/examples/echo_time/echo_time.pde:45:28: error: request for member &#39;getSecond&#39; in &#39;clock&#39;, which is of non-class type &#39;clock_t() {aka long unsigned int()}&#39;
       Serial.println(clock.getSecond(), DEC);
                            ^~~~~~~~~

</pre>
					
					<h4>examples/now</h4>
					<p>
						Result: <b>PASS</b>
					</p>
					<pre class="pre-scrollable">Sketch uses 82460 bytes (0%) of program storage space. Maximum is 16777216 bytes.
Global variables use 44220 bytes (16%) of dynamic memory, leaving 226116 bytes for local variables. Maximum is 270336 bytes.
</pre>
					
					<h4>examples/set_echo</h4>
					<p>
						Result: <b>FAIL</b>
					</p>
					<pre class="pre-scrollable">/home/ec2-user/arduino-testlib/cli-datadir/user/libraries/DS3231/examples/set_echo/set_echo.pde:24:8: error: &#39;DS3231 clock&#39; redeclared as different kind of symbol
 DS3231 clock;
        ^~~~~
In file included from /home/ec2-user/arduino-testlib/cli-datadir/data/packages/arduino/tools/arm-none-eabi-gcc/7-2017q4/arm-none-eabi/include/stdlib.h:11:0,
                 from /home/ec2-user/arduino-testlib/cli-datadir/data/packages/arduino/tools/arm-none-eabi-gcc/7-2017q4/arm-none-eabi/include/c&#43;&#43;/7.2.1/cstdlib:75,
                 from /home/ec2-user/arduino-testlib/cli-datadir/data/packages/arduino/tools/arm-none-eabi-gcc/7-2017q4/arm-none-eabi/include/c&#43;&#43;/7.2.1/stdlib.h:36,
                 from /home/ec2-user/arduino-testlib/cli-datadir/data/packages/arduino/hardware/mbed_nano/2.7.2/cores/arduino/api/Interrupts.h:5,
                 from /home/ec2-user/arduino-testlib/cli-datadir/data/packages/arduino/hardware/mbed_nano/2.7.2/cores/arduino/api/ArduinoAPI.h:29,
                 from /home/ec2-user/arduino-testlib/cli-datadir/data/packages/arduino/hardware/mbed_nano/2.7.2/cores/arduino/Arduino.h:27,
                 from /tmp/arduino-sketch-7E6375D1089BE2E26D0FA88472E7A08F/sketch/set_echo.pde.cpp:1:
/home/ec2-user/arduino-testlib/cli-datadir/data/packages/arduino/tools/arm-none-eabi-gcc/7-2017q4/arm-none-eabi/include/time.h:56:12: note: previous declaration &#39;clock_t clock()&#39;
 clock_t    _EXFUN(clock,    (void));
            ^
/home/ec2-user/arduino-testlib/cli-datadir/user/libraries/DS3231/examples/set_echo/set_echo.pde: In function &#39;void loop()&#39;:
/home/ec2-user/arduino-testlib/cli-datadir/user/libraries/DS3231/examples/set_echo/set_echo.pde:77:11: error: request for member &#39;setClockMode&#39; in &#39;clock&#39;, which is of non-class type &#39;clock_t() {aka long unsigned int()}&#39;
     clock.setClockMode(false);  // set to 24h
           ^~~~~~~~~~~~
/home/ec2-user/arduino-testlib/cli-datadir/user/libraries/DS3231/examples/set_echo/set_echo.pde:79:11: error: request for member &#39;setYear&#39; in &#39;clock&#39;, which is of non-class type &#39;clock_t() {aka long unsigned int()}&#39;
     clock.setYear(year);
           ^~~~~~~
/home/ec2-user/arduino-testlib/cli-datadir/user/libraries/DS3231/examples/set_echo/set_echo.pde:80:11: error: request for member &#39;setMonth&#39; in &#39;clock&#39;, which is of non-class type &#39;clock_t() {aka long unsigned int()}&#39;
     clock.setMonth(month);
           ^~~~~~~~
/home/ec2-user/arduino-testlib/cli-datadir/user/libraries/DS3231/examples/set_echo/set_echo.pde:81:11: error: request for member &#39;setDate&#39; in &#39;clock&#39;, which is of non-class type &#39;clock_t() {aka long unsigned int()}&#39;
     clock.setDate(date);
           ^~~~~~~
/home/ec2-user/arduino-testlib/cli-datadir/user/libraries/DS3231/examples/set_echo/set_echo.pde:82:11: error: request for member &#39;setDoW&#39; in &#39;clock&#39;, which is of non-class type &#39;clock_t() {aka long unsigned int()}&#39;
     clock.setDoW(dow);
           ^~~~~~
/home/ec2-user/arduino-testlib/cli-datadir/user/libraries/DS3231/examples/set_echo/set_echo.pde:83:11: error: request for member &#39;setHour&#39; in &#39;clock&#39;, which is of non-class type &#39;clock_t() {aka long unsigned int()}&#39;
     clock.setHour(hour);
           ^~~~~~~
/home/ec2-user/arduino-testlib/cli-datadir/user/libraries/DS3231/examples/set_echo/set_echo.pde:84:11: error: request for member &#39;setMinute&#39; in &#39;clock&#39;, which is of non-class type &#39;clock_t() {aka long unsigned int()}&#39;
     clock.setMinute(minute);
           ^~~~~~~~~
/home/ec2-user/arduino-testlib/cli-datadir/user/libraries/DS3231/examples/set_echo/set_echo.pde:85:11: error: request for member &#39;setSecond&#39; in &#39;clock&#39;, which is of non-class type &#39;clock_t() {aka long unsigned int()}&#39;
     clock.setSecond(second);
           ^~~~~~~~~
/home/ec2-user/arduino-testlib/cli-datadir/user/libraries/DS3231/examples/set_echo/set_echo.pde:90:28: error: request for member &#39;getYear&#39; in &#39;clock&#39;, which is of non-class type &#39;clock_t() {aka long unsigned int()}&#39;
         Serial.print(clock.getYear(), DEC);
                            ^~~~~~~
/home/ec2-user/arduino-testlib/cli-datadir/user/libraries/DS3231/examples/set_echo/set_echo.pde:92:28: error: request for member &#39;getMonth&#39; in &#39;clock&#39;, which is of non-class type &#39;clock_t() {aka long unsigned int()}&#39;
         Serial.print(clock.getMonth(century), DEC);
                            ^~~~~~~~
/home/ec2-user/arduino-testlib/cli-datadir/user/libraries/DS3231/examples/set_echo/set_echo.pde:94:28: error: request for member &#39;getDate&#39; in &#39;clock&#39;, which is of non-class type &#39;clock_t() {aka long unsigned int()}&#39;
         Serial.print(clock.getDate(), DEC);
                            ^~~~~~~
/home/ec2-user/arduino-testlib/cli-datadir/user/libraries/DS3231/examples/set_echo/set_echo.pde:96:28: error: request for member &#39;getHour&#39; in &#39;clock&#39;, which is of non-class type &#39;clock_t() {aka long unsigned int()}&#39;
         Serial.print(clock.getHour(h12Flag, pmFlag), DEC); //24-hr
                            ^~~~~~~
/home/ec2-user/arduino-testlib/cli-datadir/user/libraries/DS3231/examples/set_echo/set_echo.pde:98:28: error: request for member &#39;getMinute&#39; in &#39;clock&#39;, which is of non-class type &#39;clock_t() {aka long unsigned int()}&#39;
         Serial.print(clock.getMinute(), DEC);
                            ^~~~~~~~~
/home/ec2-user/arduino-testlib/cli-datadir/user/libraries/DS3231/examples/set_echo/set_echo.pde:100:30: error: request for member &#39;getSecond&#39; in &#39;clock&#39;, which is of non-class type &#39;clock_t() {aka long unsigned int()}&#39;
         Serial.println(clock.getSecond(), DEC);
                              ^~~~~~~~~

</pre>
					
				
				<h3 id="arduino:megaavr:nona4809">arduino:megaavr:nona4809 @ 1.8.7</h3>
				<h4>Inclusion</h4>
				<p>
					Result: <b>PASS</b>
					
				</p>
				<pre class="pre-scrollable">Sketch uses 3104 bytes (6%) of program storage space. Maximum is 49152 bytes.
Global variables use 317 bytes (5%) of dynamic memory, leaving 5827 bytes for local variables. Maximum is 6144 bytes.
</pre>

					
					<h4>examples/DS3231_oscillator_test</h4>
					<p>
						Result: <b>PASS</b>
					</p>
					<pre class="pre-scrollable">Sketch uses 5236 bytes (10%) of program storage space. Maximum is 49152 bytes.
Global variables use 488 bytes (7%) of dynamic memory, leaving 5656 bytes for local variables. Maximum is 6144 bytes.
</pre>
					
					<h4>examples/DS3231_set</h4>
					<p>
						Result: <b>FAIL</b>
					</p>
					<pre class="pre-scrollable">/home/ec2-user/arduino-testlib/cli-datadir/user/libraries/DS3231/examples/DS3231_set/DS3231_set.pde:13:8: error: &#39;DS3231 clock&#39; redeclared as different kind of symbol
 DS3231 clock;
        ^~~~~
In file included from /home/ec2-user/arduino-testlib/cli-datadir/user/libraries/DS3231/DS3231.h:22:0,
                 from /home/ec2-user/arduino-testlib/cli-datadir/user/libraries/DS3231/examples/DS3231_set/DS3231_set.pde:10:
/home/ec2-user/arduino-testlib/cli-datadir/data/packages/arduino/tools/avr-gcc/7.3.0-atmel3.6.1-arduino5/avr/include/time.h:164:20: note: previous declaration &#39;clock_t clock()&#39;
     extern clock_t clock(void);
                    ^~~~~
/home/ec2-user/arduino-testlib/cli-datadir/user/libraries/DS3231/examples/DS3231_set/DS3231_set.pde: In function &#39;void loop()&#39;:
/home/ec2-user/arduino-testlib/cli-datadir/user/libraries/DS3231/examples/DS3231_set/DS3231_set.pde:88:15: error: request for member &#39;setClockMode&#39; in &#39;clock&#39;, which is of non-class type &#39;clock_t() {aka long unsigned int()}&#39;
         clock.setClockMode(false);  // set to 24h
               ^~~~~~~~~~~~
/home/ec2-user/arduino-testlib/cli-datadir/user/libraries/DS3231/examples/DS3231_set/DS3231_set.pde:91:15: error: request for member &#39;setYear&#39; in &#39;clock&#39;, which is of non-class type &#39;clock_t() {aka long unsigned int()}&#39;
         clock.setYear(year);
               ^~~~~~~
/home/ec2-user/arduino-testlib/cli-datadir/user/libraries/DS3231/examples/DS3231_set/DS3231_set.pde:92:15: error: request for member &#39;setMonth&#39; in &#39;clock&#39;, which is of non-class type &#39;clock_t() {aka long unsigned int()}&#39;
         clock.setMonth(month);
               ^~~~~~~~
/home/ec2-user/arduino-testlib/cli-datadir/user/libraries/DS3231/examples/DS3231_set/DS3231_set.pde:93:15: error: request for member &#39;setDate&#39; in &#39;clock&#39;, which is of non-class type &#39;clock_t() {aka long unsigned int()}&#39;
         clock.setDate(date);
               ^~~~~~~
/home/ec2-user/arduino-testlib/cli-datadir/user/libraries/DS3231/examples/DS3231_set/DS3231_set.pde:94:15: error: request for member &#39;setDoW&#39; in &#39;clock&#39;, which is of non-class type &#39;clock_t() {aka long unsigned int()}&#39;
         clock.setDoW(dOW);
               ^~~~~~
/home/ec2-user/arduino-testlib/cli-datadir/user/libraries/DS3231/examples/DS3231_set/DS3231_set.pde:95:15: error: request for member &#39;setHour&#39; in &#39;clock&#39;, which is of non-class type &#39;clock_t() {aka long unsigned int()}&#39;
         clock.setHour(hour);
               ^~~~~~~
/home/ec2-user/arduino-testlib/cli-datadir/user/libraries/DS3231/examples/DS3231_set/DS3231_set.pde:96:15: error: request for member &#39;setMinute&#39; in &#39;clock&#39;, which is of non-class type &#39;clock_t() {aka long unsigned int()}&#39;
         clock.setMinute(minute);
               ^~~~~~~~~
/home/ec2-user/arduino-testlib/cli-datadir/user/libraries/DS3231/examples/DS3231_set/DS3231_set.pde:97:15: error: request for member &#39;setSecond&#39; in &#39;clock&#39;, which is of non-class type &#39;clock_t() {aka long unsigned int()}&#39;
         clock.setSecond(second);
               ^~~~~~~~~
/home/ec2-user/arduino-testlib/cli-datadir/user/libraries/DS3231/examples/DS3231_set/DS3231_set.pde:102:15: error: request for member &#39;setA1Time&#39; in &#39;clock&#39;, which is of non-class type &#39;clock_t() {aka long unsigned int()}&#39;
         clock.setA1Time(dOW, hour, minute&#43;1, second, 0x0, true,
               ^~~~~~~~~
/home/ec2-user/arduino-testlib/cli-datadir/user/libraries/DS3231/examples/DS3231_set/DS3231_set.pde:105:15: error: request for member &#39;setA2Time&#39; in &#39;clock&#39;, which is of non-class type &#39;clock_t() {aka long unsigned int()}&#39;
         clock.setA2Time(date, hour, minute&#43;2, 0x0, false, false,
               ^~~~~~~~~
/home/ec2-user/arduino-testlib/cli-datadir/user/libraries/DS3231/examples/DS3231_set/DS3231_set.pde:108:15: error: request for member &#39;turnOnAlarm&#39; in &#39;clock&#39;, which is of non-class type &#39;clock_t() {aka long unsigned int()}&#39;
         clock.turnOnAlarm(1);
               ^~~~~~~~~~~
/home/ec2-user/arduino-testlib/cli-datadir/user/libraries/DS3231/examples/DS3231_set/DS3231_set.pde:109:15: error: request for member &#39;turnOnAlarm&#39; in &#39;clock&#39;, which is of non-class type &#39;clock_t() {aka long unsigned int()}&#39;
         clock.turnOnAlarm(2);
               ^~~~~~~~~~~

</pre>
					
					<h4>examples/DS3231_test</h4>
					<p>
						Result: <b>FAIL</b>
					</p>
					<pre class="pre-scrollable">/home/ec2-user/arduino-testlib/cli-datadir/user/libraries/DS3231/examples/DS3231_test/DS3231_test.pde:16:8: error: &#39;DS3231 clock&#39; redeclared as different kind of symbol
 DS3231 clock;
        ^~~~~
In file included from /home/ec2-user/arduino-testlib/cli-datadir/user/libraries/DS3231/DS3231.h:22:0,
                 from /home/ec2-user/arduino-testlib/cli-datadir/user/libraries/DS3231/examples/DS3231_test/DS3231_test.pde:13:
/home/ec2-user/arduino-testlib/cli-datadir/data/packages/arduino/tools/avr-gcc/7.3.0-atmel3.6.1-arduino5/avr/include/time.h:164:20: note: previous declaration &#39;clock_t clock()&#39;
     extern clock_t clock(void);
                    ^~~~~
/home/ec2-user/arduino-testlib/cli-datadir/user/libraries/DS3231/examples/DS3231_test/DS3231_test.pde: In function &#39;void loop()&#39;:
/home/ec2-user/arduino-testlib/cli-datadir/user/libraries/DS3231/examples/DS3231_test/DS3231_test.pde:41:21: error: request for member &#39;getYear&#39; in &#39;clock&#39;, which is of non-class type &#39;clock_t() {aka long unsigned int()}&#39;
  Serial.print(clock.getYear(), DEC);
                     ^~~~~~~
/home/ec2-user/arduino-testlib/cli-datadir/user/libraries/DS3231/examples/DS3231_test/DS3231_test.pde:45:21: error: request for member &#39;getMonth&#39; in &#39;clock&#39;, which is of non-class type &#39;clock_t() {aka long unsigned int()}&#39;
  Serial.print(clock.getMonth(century), DEC);
                     ^~~~~~~~
/home/ec2-user/arduino-testlib/cli-datadir/user/libraries/DS3231/examples/DS3231_test/DS3231_test.pde:49:21: error: request for member &#39;getDate&#39; in &#39;clock&#39;, which is of non-class type &#39;clock_t() {aka long unsigned int()}&#39;
  Serial.print(clock.getDate(), DEC);
                     ^~~~~~~
/home/ec2-user/arduino-testlib/cli-datadir/user/libraries/DS3231/examples/DS3231_test/DS3231_test.pde:53:21: error: request for member &#39;getDoW&#39; in &#39;clock&#39;, which is of non-class type &#39;clock_t() {aka long unsigned int()}&#39;
  Serial.print(clock.getDoW(), DEC);
                     ^~~~~~
/home/ec2-user/arduino-testlib/cli-datadir/user/libraries/DS3231/examples/DS3231_test/DS3231_test.pde:57:21: error: request for member &#39;getHour&#39; in &#39;clock&#39;, which is of non-class type &#39;clock_t() {aka long unsigned int()}&#39;
  Serial.print(clock.getHour(h12Flag, pmFlag), DEC);
                     ^~~~~~~
/home/ec2-user/arduino-testlib/cli-datadir/user/libraries/DS3231/examples/DS3231_test/DS3231_test.pde:59:21: error: request for member &#39;getMinute&#39; in &#39;clock&#39;, which is of non-class type &#39;clock_t() {aka long unsigned int()}&#39;
  Serial.print(clock.getMinute(), DEC);
                     ^~~~~~~~~
/home/ec2-user/arduino-testlib/cli-datadir/user/libraries/DS3231/examples/DS3231_test/DS3231_test.pde:61:21: error: request for member &#39;getSecond&#39; in &#39;clock&#39;, which is of non-class type &#39;clock_t() {aka long unsigned int()}&#39;
  Serial.print(clock.getSecond(), DEC);
                     ^~~~~~~~~
/home/ec2-user/arduino-testlib/cli-datadir/user/libraries/DS3231/examples/DS3231_test/DS3231_test.pde:76:21: error: request for member &#39;getTemperature&#39; in &#39;clock&#39;, which is of non-class type &#39;clock_t() {aka long unsigned int()}&#39;
  Serial.print(clock.getTemperature(), 2);
                     ^~~~~~~~~~~~~~
/home/ec2-user/arduino-testlib/cli-datadir/user/libraries/DS3231/examples/DS3231_test/DS3231_test.pde:79:12: error: request for member &#39;oscillatorCheck&#39; in &#39;clock&#39;, which is of non-class type &#39;clock_t() {aka long unsigned int()}&#39;
  if (clock.oscillatorCheck()) {
            ^~~~~~~~~~~~~~~
/home/ec2-user/arduino-testlib/cli-datadir/user/libraries/DS3231/examples/DS3231_test/DS3231_test.pde:86:12: error: request for member &#39;checkIfAlarm&#39; in &#39;clock&#39;, which is of non-class type &#39;clock_t() {aka long unsigned int()}&#39;
  if (clock.checkIfAlarm(1)) {
            ^~~~~~~~~~~~
/home/ec2-user/arduino-testlib/cli-datadir/user/libraries/DS3231/examples/DS3231_test/DS3231_test.pde:90:12: error: request for member &#39;checkIfAlarm&#39; in &#39;clock&#39;, which is of non-class type &#39;clock_t() {aka long unsigned int()}&#39;
  if (clock.checkIfAlarm(2)) {
            ^~~~~~~~~~~~
/home/ec2-user/arduino-testlib/cli-datadir/user/libraries/DS3231/examples/DS3231_test/DS3231_test.pde:99:8: error: request for member &#39;getA1Time&#39; in &#39;clock&#39;, which is of non-class type &#39;clock_t() {aka long unsigned int()}&#39;
  clock.getA1Time(alarmDay, alarmHour, alarmMinute, alarmSecond, alarmBits, alarmDy, alarmH12Flag, alarmPmFlag);
        ^~~~~~~~~
/home/ec2-user/arduino-testlib/cli-datadir/user/libraries/DS3231/examples/DS3231_test/DS3231_test.pde:120:12: error: request for member &#39;checkAlarmEnabled&#39; in &#39;clock&#39;, which is of non-class type &#39;clock_t() {aka long unsigned int()}&#39;
  if (clock.checkAlarmEnabled(1)) {
            ^~~~~~~~~~~~~~~~~
/home/ec2-user/arduino-testlib/cli-datadir/user/libraries/DS3231/examples/DS3231_test/DS3231_test.pde:127:8: error: request for member &#39;getA2Time&#39; in &#39;clock&#39;, which is of non-class type &#39;clock_t() {aka long unsigned int()}&#39;
  clock.getA2Time(alarmDay, alarmHour, alarmMinute, alarmBits, alarmDy, alarmH12Flag, alarmPmFlag);
        ^~~~~~~~~
/home/ec2-user/arduino-testlib/cli-datadir/user/libraries/DS3231/examples/DS3231_test/DS3231_test.pde:146:12: error: request for member &#39;checkAlarmEnabled&#39; in &#39;clock&#39;, which is of non-class type &#39;clock_t() {aka long unsigned int()}&#39;
  if (clock.checkAlarmEnabled(2)) {
            ^~~~~~~~~~~~~~~~~

</pre>
					
					<h4>examples/echo_time</h4>
					<p>
						Result: <b>FAIL</b>
					</p>
					<pre class="pre-scrollable">/home/ec2-user/arduino-testlib/cli-datadir/user/libraries/DS3231/examples/echo_time/echo_time.pde:19:8: error: &#39;DS3231 clock&#39; redeclared as different kind of symbol
 DS3231 clock;
        ^~~~~
In file included from /home/ec2-user/arduino-testlib/cli-datadir/user/libraries/DS3231/DS3231.h:22:0,
                 from /home/ec2-user/arduino-testlib/cli-datadir/user/libraries/DS3231/examples/echo_time/echo_time.pde:16:
/home/ec2-user/arduino-testlib/cli-datadir/data/packages/arduino/tools/avr-gcc/7.3.0-atmel3.6.1-arduino5/avr/include/time.h:164:20: note: previous declaration &#39;clock_t clock()&#39;
     extern clock_t clock(void);
                    ^~~~~
/home/ec2-user/arduino-testlib/cli-datadir/user/libraries/DS3231/examples/echo_time/echo_time.pde: In function &#39;void setup()&#39;:
/home/ec2-user/arduino-testlib/cli-datadir/user/libraries/DS3231/examples/echo_time/echo_time.pde:35:26: error: request for member &#39;getYear&#39; in &#39;clock&#39;, which is of non-class type &#39;clock_t() {aka long unsigned int()}&#39;
       Serial.print(clock.getYear(), DEC);
                          ^~~~~~~
/home/ec2-user/arduino-testlib/cli-datadir/user/libraries/DS3231/examples/echo_time/echo_time.pde:37:26: error: request for member &#39;getMonth&#39; in &#39;clock&#39;, which is of non-class type &#39;clock_t() {aka long unsigned int()}&#39;
       Serial.print(clock.getMonth(century), DEC);
                          ^~~~~~~~
/home/ec2-user/arduino-testlib/cli-datadir/user/libraries/DS3231/examples/echo_time/echo_time.pde:39:26: error: request for member &#39;getDate&#39; in &#39;clock&#39;, which is of non-class type &#39;clock_t() {aka long unsigned int()}&#39;
       Serial.print(clock.getDate(), DEC);
                          ^~~~~~~
/home/ec2-user/arduino-testlib/cli-datadir/user/libraries/DS3231/examples/echo_time/echo_time.pde:41:26: error: request for member &#39;getHour&#39; in &#39;clock&#39;, which is of non-class type &#39;clock_t() {aka long unsigned int()}&#39;
       Serial.print(clock.getHour(h12Flag, pmFlag), DEC); //24-hr
                          ^~~~~~~
/home/ec2-user/arduino-testlib/cli-datadir/user/libraries/DS3231/examples/echo_time/echo_time.pde:43:26: error: request for member &#39;getMinute&#39; in &#39;clock&#39;, which is of non-class type &#39;clock_t() {aka long unsigned int()}&#39;
       Serial.print(clock.getMinute(), DEC);
                          ^~~~~~~~~
/home/ec2-user/arduino-testlib/cli-datadir/user/libraries/DS3231/examples/echo_time/echo_time.pde:45:28: error: request for member &#39;getSecond&#39; in &#39;clock&#39;, which is of non-class type &#39;clock_t() {aka long unsigned int()}&#39;
       Serial.println(clock.getSecond(), DEC);
                            ^~~~~~~~~

</pre>
					
					<h4>examples/now</h4>
					<p>
						Result: <b>PASS</b>
					</p>
					<pre class="pre-scrollable">Sketch uses 5916 bytes (12%) of program storage space. Maximum is 49152 bytes.
Global variables use 484 bytes (7%) of dynamic memory, leaving 5660 bytes for local variables. Maximum is 6144 bytes.
</pre>
					
					<h4>examples/set_echo</h4>
					<p>
						Result: <b>FAIL</b>
					</p>
					<pre class="pre-scrollable">/home/ec2-user/arduino-testlib/cli-datadir/user/libraries/DS3231/examples/set_echo/set_echo.pde:24:8: error: &#39;DS3231 clock&#39; redeclared as different kind of symbol
 DS3231 clock;
        ^~~~~
In file included from /home/ec2-user/arduino-testlib/cli-datadir/user/libraries/DS3231/DS3231.h:22:0,
                 from /home/ec2-user/arduino-testlib/cli-datadir/user/libraries/DS3231/examples/set_echo/set_echo.pde:21:
/home/ec2-user/arduino-testlib/cli-datadir/data/packages/arduino/tools/avr-gcc/7.3.0-atmel3.6.1-arduino5/avr/include/time.h:164:20: note: previous declaration &#39;clock_t clock()&#39;
     extern clock_t clock(void);
                    ^~~~~
/home/ec2-user/arduino-testlib/cli-datadir/user/libraries/DS3231/examples/set_echo/set_echo.pde: In function &#39;void loop()&#39;:
/home/ec2-user/arduino-testlib/cli-datadir/user/libraries/DS3231/examples/set_echo/set_echo.pde:77:11: error: request for member &#39;setClockMode&#39; in &#39;clock&#39;, which is of non-class type &#39;clock_t() {aka long unsigned int()}&#39;
     clock.setClockMode(false);  // set to 24h
           ^~~~~~~~~~~~
/home/ec2-user/arduino-testlib/cli-datadir/user/libraries/DS3231/examples/set_echo/set_echo.pde:79:11: error: request for member &#39;setYear&#39; in &#39;clock&#39;, which is of non-class type &#39;clock_t() {aka long unsigned int()}&#39;
     clock.setYear(year);
           ^~~~~~~
/home/ec2-user/arduino-testlib/cli-datadir/user/libraries/DS3231/examples/set_echo/set_echo.pde:80:11: error: request for member &#39;setMonth&#39; in &#39;clock&#39;, which is of non-class type &#39;clock_t() {aka long unsigned int()}&#39;
     clock.setMonth(month);
           ^~~~~~~~
/home/ec2-user/arduino-testlib/cli-datadir/user/libraries/DS3231/examples/set_echo/set_echo.pde:81:11: error: request for member &#39;setDate&#39; in &#39;clock&#39;, which is of non-class type &#39;clock_t() {aka long unsigned int()}&#39;
     clock.setDate(date);
           ^~~~~~~
/home/ec2-user/arduino-testlib/cli-datadir/user/libraries/DS3231/examples/set_echo/set_echo.pde:82:11: error: request for member &#39;setDoW&#39; in &#39;clock&#39;, which is of non-class type &#39;clock_t() {aka long unsigned int()}&#39;
     clock.setDoW(dow);
           ^~~~~~
/home/ec2-user/arduino-testlib/cli-datadir/user/libraries/DS3231/examples/set_echo/set_echo.pde:83:11: error: request for member &#39;setHour&#39; in &#39;clock&#39;, which is of non-class type &#39;clock_t() {aka long unsigned int()}&#39;
     clock.setHour(hour);
           ^~~~~~~
/home/ec2-user/arduino-testlib/cli-datadir/user/libraries/DS3231/examples/set_echo/set_echo.pde:84:11: error: request for member &#39;setMinute&#39; in &#39;clock&#39;, which is of non-class type &#39;clock_t() {aka long unsigned int()}&#39;
     clock.setMinute(minute);
           ^~~~~~~~~
/home/ec2-user/arduino-testlib/cli-datadir/user/libraries/DS3231/examples/set_echo/set_echo.pde:85:11: error: request for member &#39;setSecond&#39; in &#39;clock&#39;, which is of non-class type &#39;clock_t() {aka long unsigned int()}&#39;
     clock.setSecond(second);
           ^~~~~~~~~
/home/ec2-user/arduino-testlib/cli-datadir/user/libraries/DS3231/examples/set_echo/set_echo.pde:90:28: error: request for member &#39;getYear&#39; in &#39;clock&#39;, which is of non-class type &#39;clock_t() {aka long unsigned int()}&#39;
         Serial.print(clock.getYear(), DEC);
                            ^~~~~~~
/home/ec2-user/arduino-testlib/cli-datadir/user/libraries/DS3231/examples/set_echo/set_echo.pde:92:28: error: request for member &#39;getMonth&#39; in &#39;clock&#39;, which is of non-class type &#39;clock_t() {aka long unsigned int()}&#39;
         Serial.print(clock.getMonth(century), DEC);
                            ^~~~~~~~
/home/ec2-user/arduino-testlib/cli-datadir/user/libraries/DS3231/examples/set_echo/set_echo.pde:94:28: error: request for member &#39;getDate&#39; in &#39;clock&#39;, which is of non-class type &#39;clock_t() {aka long unsigned int()}&#39;
         Serial.print(clock.getDate(), DEC);
                            ^~~~~~~
/home/ec2-user/arduino-testlib/cli-datadir/user/libraries/DS3231/examples/set_echo/set_echo.pde:96:28: error: request for member &#39;getHour&#39; in &#39;clock&#39;, which is of non-class type &#39;clock_t() {aka long unsigned int()}&#39;
         Serial.print(clock.getHour(h12Flag, pmFlag), DEC); //24-hr
                            ^~~~~~~
/home/ec2-user/arduino-testlib/cli-datadir/user/libraries/DS3231/examples/set_echo/set_echo.pde:98:28: error: request for member &#39;getMinute&#39; in &#39;clock&#39;, which is of non-class type &#39;clock_t() {aka long unsigned int()}&#39;
         Serial.print(clock.getMinute(), DEC);
                            ^~~~~~~~~
/home/ec2-user/arduino-testlib/cli-datadir/user/libraries/DS3231/examples/set_echo/set_echo.pde:100:30: error: request for member &#39;getSecond&#39; in &#39;clock&#39;, which is of non-class type &#39;clock_t() {aka long unsigned int()}&#39;
         Serial.println(clock.getSecond(), DEC);
                              ^~~~~~~~~

</pre>
					
				
				<h3 id="arduino:samd:mkrwifi1010">arduino:samd:mkrwifi1010 @ 1.8.12</h3>
				<h4>Inclusion</h4>
				<p>
					Result: <b>PASS</b>
					
				</p>
				<pre class="pre-scrollable">Sketch uses 13684 bytes (5%) of program storage space. Maximum is 262144 bytes.
Global variables use 3568 bytes (10%) of dynamic memory, leaving 29200 bytes for local variables. Maximum is 32768 bytes.
</pre>

					
					<h4>examples/DS3231_oscillator_test</h4>
					<p>
						Result: <b>PASS</b>
					</p>
					<pre class="pre-scrollable">Sketch uses 14048 bytes (5%) of program storage space. Maximum is 262144 bytes.
Global variables use 3576 bytes (10%) of dynamic memory, leaving 29192 bytes for local variables. Maximum is 32768 bytes.
</pre>
					
					<h4>examples/DS3231_set</h4>
					<p>
						Result: <b>FAIL</b>
					</p>
					<pre class="pre-scrollable">/home/ec2-user/arduino-testlib/cli-datadir/user/libraries/DS3231/examples/DS3231_set/DS3231_set.pde:13:8: error: &#39;DS3231 clock&#39; redeclared as different kind of symbol
 DS3231 clock;
        ^~~~~
In file included from /home/ec2-user/arduino-testlib/cli-datadir/data/packages/arduino/tools/arm-none-eabi-gcc/7-2017q4/arm-none-eabi/include/stdlib.h:11:0,
                 from /home/ec2-user/arduino-testlib/cli-datadir/data/packages/arduino/tools/arm-none-eabi-gcc/7-2017q4/arm-none-eabi/include/c&#43;&#43;/7.2.1/cstdlib:75,
                 from /home/ec2-user/arduino-testlib/cli-datadir/data/packages/arduino/tools/arm-none-eabi-gcc/7-2017q4/arm-none-eabi/include/c&#43;&#43;/7.2.1/stdlib.h:36,
                 from /home/ec2-user/arduino-testlib/cli-datadir/data/packages/arduino/hardware/samd/1.8.12/cores/arduino/api/Interrupts.h:5,
                 from /home/ec2-user/arduino-testlib/cli-datadir/data/packages/arduino/hardware/samd/1.8.12/cores/arduino/api/ArduinoAPI.h:29,
                 from /home/ec2-user/arduino-testlib/cli-datadir/data/packages/arduino/hardware/samd/1.8.12/cores/arduino/Arduino.h:23,
                 from /tmp/arduino-sketch-605611F1623E816C562CFFF2500830F5/sketch/DS3231_set.pde.cpp:1:
/home/ec2-user/arduino-testlib/cli-datadir/data/packages/arduino/tools/arm-none-eabi-gcc/7-2017q4/arm-none-eabi/include/time.h:56:12: note: previous declaration &#39;clock_t clock()&#39;
 clock_t    _EXFUN(clock,    (void));
            ^
/home/ec2-user/arduino-testlib/cli-datadir/user/libraries/DS3231/examples/DS3231_set/DS3231_set.pde: In function &#39;void loop()&#39;:
/home/ec2-user/arduino-testlib/cli-datadir/user/libraries/DS3231/examples/DS3231_set/DS3231_set.pde:88:15: error: request for member &#39;setClockMode&#39; in &#39;clock&#39;, which is of non-class type &#39;clock_t() {aka long unsigned int()}&#39;
         clock.setClockMode(false);  // set to 24h
               ^~~~~~~~~~~~
/home/ec2-user/arduino-testlib/cli-datadir/user/libraries/DS3231/examples/DS3231_set/DS3231_set.pde:91:15: error: request for member &#39;setYear&#39; in &#39;clock&#39;, which is of non-class type &#39;clock_t() {aka long unsigned int()}&#39;
         clock.setYear(year);
               ^~~~~~~
/home/ec2-user/arduino-testlib/cli-datadir/user/libraries/DS3231/examples/DS3231_set/DS3231_set.pde:92:15: error: request for member &#39;setMonth&#39; in &#39;clock&#39;, which is of non-class type &#39;clock_t() {aka long unsigned int()}&#39;
         clock.setMonth(month);
               ^~~~~~~~
/home/ec2-user/arduino-testlib/cli-datadir/user/libraries/DS3231/examples/DS3231_set/DS3231_set.pde:93:15: error: request for member &#39;setDate&#39; in &#39;clock&#39;, which is of non-class type &#39;clock_t() {aka long unsigned int()}&#39;
         clock.setDate(date);
               ^~~~~~~
/home/ec2-user/arduino-testlib/cli-datadir/user/libraries/DS3231/examples/DS3231_set/DS3231_set.pde:94:15: error: request for member &#39;setDoW&#39; in &#39;clock&#39;, which is of non-class type &#39;clock_t() {aka long unsigned int()}&#39;
         clock.setDoW(dOW);
               ^~~~~~
/home/ec2-user/arduino-testlib/cli-datadir/user/libraries/DS3231/examples/DS3231_set/DS3231_set.pde:95:15: error: request for member &#39;setHour&#39; in &#39;clock&#39;, which is of non-class type &#39;clock_t() {aka long unsigned int()}&#39;
         clock.setHour(hour);
               ^~~~~~~
/home/ec2-user/arduino-testlib/cli-datadir/user/libraries/DS3231/examples/DS3231_set/DS3231_set.pde:96:15: error: request for member &#39;setMinute&#39; in &#39;clock&#39;, which is of non-class type &#39;clock_t() {aka long unsigned int()}&#39;
         clock.setMinute(minute);
               ^~~~~~~~~
/home/ec2-user/arduino-testlib/cli-datadir/user/libraries/DS3231/examples/DS3231_set/DS3231_set.pde:97:15: error: request for member &#39;setSecond&#39; in &#39;clock&#39;, which is of non-class type &#39;clock_t() {aka long unsigned int()}&#39;
         clock.setSecond(second);
               ^~~~~~~~~
/home/ec2-user/arduino-testlib/cli-datadir/user/libraries/DS3231/examples/DS3231_set/DS3231_set.pde:102:15: error: request for member &#39;setA1Time&#39; in &#39;clock&#39;, which is of non-class type &#39;clock_t() {aka long unsigned int()}&#39;
         clock.setA1Time(dOW, hour, minute&#43;1, second, 0x0, true,
               ^~~~~~~~~
/home/ec2-user/arduino-testlib/cli-datadir/user/libraries/DS3231/examples/DS3231_set/DS3231_set.pde:105:15: error: request for member &#39;setA2Time&#39; in &#39;clock&#39;, which is of non-class type &#39;clock_t() {aka long unsigned int()}&#39;
         clock.setA2Time(date, hour, minute&#43;2, 0x0, false, false,
               ^~~~~~~~~
/home/ec2-user/arduino-testlib/cli-datadir/user/libraries/DS3231/examples/DS3231_set/DS3231_set.pde:108:15: error: request for member &#39;turnOnAlarm&#39; in &#39;clock&#39;, which is of non-class type &#39;clock_t() {aka long unsigned int()}&#39;
         clock.turnOnAlarm(1);
               ^~~~~~~~~~~
/home/ec2-user/arduino-testlib/cli-datadir/user/libraries/DS3231/examples/DS3231_set/DS3231_set.pde:109:15: error: request for member &#39;turnOnAlarm&#39; in &#39;clock&#39;, which is of non-class type &#39;clock_t() {aka long unsigned int()}&#39;
         clock.turnOnAlarm(2);
               ^~~~~~~~~~~

</pre>
					
					<h4>examples/DS3231_test</h4>
					<p>
						Result: <b>FAIL</b>
					</p>
					<pre class="pre-scrollable">/home/ec2-user/arduino-testlib/cli-datadir/user/libraries/DS3231/examples/DS3231_test/DS3231_test.pde:16:8: error: &#39;DS3231 clock&#39; redeclared as different kind of symbol
 DS3231 clock;
        ^~~~~
In file included from /home/ec2-user/arduino-testlib/cli-datadir/data/packages/arduino/tools/arm-none-eabi-gcc/7-2017q4/arm-none-eabi/include/stdlib.h:11:0,
                 from /home/ec2-user/arduino-testlib/cli-datadir/data/packages/arduino/tools/arm-none-eabi-gcc/7-2017q4/arm-none-eabi/include/c&#43;&#43;/7.2.1/cstdlib:75,
                 from /home/ec2-user/arduino-testlib/cli-datadir/data/packages/arduino/tools/arm-none-eabi-gcc/7-2017q4/arm-none-eabi/include/c&#43;&#43;/7.2.1/stdlib.h:36,
                 from /home/ec2-user/arduino-testlib/cli-datadir/data/packages/arduino/hardware/samd/1.8.12/cores/arduino/api/Interrupts.h:5,
                 from /home/ec2-user/arduino-testlib/cli-datadir/data/packages/arduino/hardware/samd/1.8.12/cores/arduino/api/ArduinoAPI.h:29,
                 from /home/ec2-user/arduino-testlib/cli-datadir/data/packages/arduino/hardware/samd/1.8.12/cores/arduino/Arduino.h:23,
                 from /tmp/arduino-sketch-F23AEC79C9D62FC23928D414960821DB/sketch/DS3231_test.pde.cpp:1:
/home/ec2-user/arduino-testlib/cli-datadir/data/packages/arduino/tools/arm-none-eabi-gcc/7-2017q4/arm-none-eabi/include/time.h:56:12: note: previous declaration &#39;clock_t clock()&#39;
 clock_t    _EXFUN(clock,    (void));
            ^
/home/ec2-user/arduino-testlib/cli-datadir/user/libraries/DS3231/examples/DS3231_test/DS3231_test.pde: In function &#39;void loop()&#39;:
/home/ec2-user/arduino-testlib/cli-datadir/user/libraries/DS3231/examples/DS3231_test/DS3231_test.pde:41:21: error: request for member &#39;getYear&#39; in &#39;clock&#39;, which is of non-class type &#39;clock_t() {aka long unsigned int()}&#39;
  Serial.print(clock.getYear(), DEC);
                     ^~~~~~~
/home/ec2-user/arduino-testlib/cli-datadir/user/libraries/DS3231/examples/DS3231_test/DS3231_test.pde:45:21: error: request for member &#39;getMonth&#39; in &#39;clock&#39;, which is of non-class type &#39;clock_t() {aka long unsigned int()}&#39;
  Serial.print(clock.getMonth(century), DEC);
                     ^~~~~~~~
/home/ec2-user/arduino-testlib/cli-datadir/user/libraries/DS3231/examples/DS3231_test/DS3231_test.pde:49:21: error: request for member &#39;getDate&#39; in &#39;clock&#39;, which is of non-class type &#39;clock_t() {aka long unsigned int()}&#39;
  Serial.print(clock.getDate(), DEC);
                     ^~~~~~~
/home/ec2-user/arduino-testlib/cli-datadir/user/libraries/DS3231/examples/DS3231_test/DS3231_test.pde:53:21: error: request for member &#39;getDoW&#39; in &#39;clock&#39;, which is of non-class type &#39;clock_t() {aka long unsigned int()}&#39;
  Serial.print(clock.getDoW(), DEC);
                     ^~~~~~
/home/ec2-user/arduino-testlib/cli-datadir/user/libraries/DS3231/examples/DS3231_test/DS3231_test.pde:57:21: error: request for member &#39;getHour&#39; in &#39;clock&#39;, which is of non-class type &#39;clock_t() {aka long unsigned int()}&#39;
  Serial.print(clock.getHour(h12Flag, pmFlag), DEC);
                     ^~~~~~~
/home/ec2-user/arduino-testlib/cli-datadir/user/libraries/DS3231/examples/DS3231_test/DS3231_test.pde:59:21: error: request for member &#39;getMinute&#39; in &#39;clock&#39;, which is of non-class type &#39;clock_t() {aka long unsigned int()}&#39;
  Serial.print(clock.getMinute(), DEC);
                     ^~~~~~~~~
/home/ec2-user/arduino-testlib/cli-datadir/user/libraries/DS3231/examples/DS3231_test/DS3231_test.pde:61:21: error: request for member &#39;getSecond&#39; in &#39;clock&#39;, which is of non-class type &#39;clock_t() {aka long unsigned int()}&#39;
  Serial.print(clock.getSecond(), DEC);
                     ^~~~~~~~~
/home/ec2-user/arduino-testlib/cli-datadir/user/libraries/DS3231/examples/DS3231_test/DS3231_test.pde:76:21: error: request for member &#39;getTemperature&#39; in &#39;clock&#39;, which is of non-class type &#39;clock_t() {aka long unsigned int()}&#39;
  Serial.print(clock.getTemperature(), 2);
                     ^~~~~~~~~~~~~~
/home/ec2-user/arduino-testlib/cli-datadir/user/libraries/DS3231/examples/DS3231_test/DS3231_test.pde:79:12: error: request for member &#39;oscillatorCheck&#39; in &#39;clock&#39;, which is of non-class type &#39;clock_t() {aka long unsigned int()}&#39;
  if (clock.oscillatorCheck()) {
            ^~~~~~~~~~~~~~~
/home/ec2-user/arduino-testlib/cli-datadir/user/libraries/DS3231/examples/DS3231_test/DS3231_test.pde:86:12: error: request for member &#39;checkIfAlarm&#39; in &#39;clock&#39;, which is of non-class type &#39;clock_t() {aka long unsigned int()}&#39;
  if (clock.checkIfAlarm(1)) {
            ^~~~~~~~~~~~
/home/ec2-user/arduino-testlib/cli-datadir/user/libraries/DS3231/examples/DS3231_test/DS3231_test.pde:90:12: error: request for member &#39;checkIfAlarm&#39; in &#39;clock&#39;, which is of non-class type &#39;clock_t() {aka long unsigned int()}&#39;
  if (clock.checkIfAlarm(2)) {
            ^~~~~~~~~~~~
/home/ec2-user/arduino-testlib/cli-datadir/user/libraries/DS3231/examples/DS3231_test/DS3231_test.pde:99:8: error: request for member &#39;getA1Time&#39; in &#39;clock&#39;, which is of non-class type &#39;clock_t() {aka long unsigned int()}&#39;
  clock.getA1Time(alarmDay, alarmHour, alarmMinute, alarmSecond, alarmBits, alarmDy, alarmH12Flag, alarmPmFlag);
        ^~~~~~~~~
/home/ec2-user/arduino-testlib/cli-datadir/user/libraries/DS3231/examples/DS3231_test/DS3231_test.pde:120:12: error: request for member &#39;checkAlarmEnabled&#39; in &#39;clock&#39;, which is of non-class type &#39;clock_t() {aka long unsigned int()}&#39;
  if (clock.checkAlarmEnabled(1)) {
            ^~~~~~~~~~~~~~~~~
/home/ec2-user/arduino-testlib/cli-datadir/user/libraries/DS3231/examples/DS3231_test/DS3231_test.pde:127:8: error: request for member &#39;getA2Time&#39; in &#39;clock&#39;, which is of non-class type &#39;clock_t() {aka long unsigned int()}&#39;
  clock.getA2Time(alarmDay, alarmHour, alarmMinute, alarmBits, alarmDy, alarmH12Flag, alarmPmFlag);
        ^~~~~~~~~
/home/ec2-user/arduino-testlib/cli-datadir/user/libraries/DS3231/examples/DS3231_test/DS3231_test.pde:146:12: error: request for member &#39;checkAlarmEnabled&#39; in &#39;clock&#39;, which is of non-class type &#39;clock_t() {aka long unsigned int()}&#39;
  if (clock.checkAlarmEnabled(2)) {
            ^~~~~~~~~~~~~~~~~

</pre>
					
					<h4>examples/echo_time</h4>
					<p>
						Result: <b>FAIL</b>
					</p>
					<pre class="pre-scrollable">/home/ec2-user/arduino-testlib/cli-datadir/user/libraries/DS3231/examples/echo_time/echo_time.pde:19:8: error: &#39;DS3231 clock&#39; redeclared as different kind of symbol
 DS3231 clock;
        ^~~~~
In file included from /home/ec2-user/arduino-testlib/cli-datadir/data/packages/arduino/tools/arm-none-eabi-gcc/7-2017q4/arm-none-eabi/include/stdlib.h:11:0,
                 from /home/ec2-user/arduino-testlib/cli-datadir/data/packages/arduino/tools/arm-none-eabi-gcc/7-2017q4/arm-none-eabi/include/c&#43;&#43;/7.2.1/cstdlib:75,
                 from /home/ec2-user/arduino-testlib/cli-datadir/data/packages/arduino/tools/arm-none-eabi-gcc/7-2017q4/arm-none-eabi/include/c&#43;&#43;/7.2.1/stdlib.h:36,
                 from /home/ec2-user/arduino-testlib/cli-datadir/data/packages/arduino/hardware/samd/1.8.12/cores/arduino/api/Interrupts.h:5,
                 from /home/ec2-user/arduino-testlib/cli-datadir/data/packages/arduino/hardware/samd/1.8.12/cores/arduino/api/ArduinoAPI.h:29,
                 from /home/ec2-user/arduino-testlib/cli-datadir/data/packages/arduino/hardware/samd/1.8.12/cores/arduino/Arduino.h:23,
                 from /tmp/arduino-sketch-134A95520FC817220739022EC444130E/sketch/echo_time.pde.cpp:1:
/home/ec2-user/arduino-testlib/cli-datadir/data/packages/arduino/tools/arm-none-eabi-gcc/7-2017q4/arm-none-eabi/include/time.h:56:12: note: previous declaration &#39;clock_t clock()&#39;
 clock_t    _EXFUN(clock,    (void));
            ^
/home/ec2-user/arduino-testlib/cli-datadir/user/libraries/DS3231/examples/echo_time/echo_time.pde: In function &#39;void setup()&#39;:
/home/ec2-user/arduino-testlib/cli-datadir/user/libraries/DS3231/examples/echo_time/echo_time.pde:35:26: error: request for member &#39;getYear&#39; in &#39;clock&#39;, which is of non-class type &#39;clock_t() {aka long unsigned int()}&#39;
       Serial.print(clock.getYear(), DEC);
                          ^~~~~~~
/home/ec2-user/arduino-testlib/cli-datadir/user/libraries/DS3231/examples/echo_time/echo_time.pde:37:26: error: request for member &#39;getMonth&#39; in &#39;clock&#39;, which is of non-class type &#39;clock_t() {aka long unsigned int()}&#39;
       Serial.print(clock.getMonth(century), DEC);
                          ^~~~~~~~
/home/ec2-user/arduino-testlib/cli-datadir/user/libraries/DS3231/examples/echo_time/echo_time.pde:39:26: error: request for member &#39;getDate&#39; in &#39;clock&#39;, which is of non-class type &#39;clock_t() {aka long unsigned int()}&#39;
       Serial.print(clock.getDate(), DEC);
                          ^~~~~~~
/home/ec2-user/arduino-testlib/cli-datadir/user/libraries/DS3231/examples/echo_time/echo_time.pde:41:26: error: request for member &#39;getHour&#39; in &#39;clock&#39;, which is of non-class type &#39;clock_t() {aka long unsigned int()}&#39;
       Serial.print(clock.getHour(h12Flag, pmFlag), DEC); //24-hr
                          ^~~~~~~
/home/ec2-user/arduino-testlib/cli-datadir/user/libraries/DS3231/examples/echo_time/echo_time.pde:43:26: error: request for member &#39;getMinute&#39; in &#39;clock&#39;, which is of non-class type &#39;clock_t() {aka long unsigned int()}&#39;
       Serial.print(clock.getMinute(), DEC);
                          ^~~~~~~~~
/home/ec2-user/arduino-testlib/cli-datadir/user/libraries/DS3231/examples/echo_time/echo_time.pde:45:28: error: request for member &#39;getSecond&#39; in &#39;clock&#39;, which is of non-class type &#39;clock_t() {aka long unsigned int()}&#39;
       Serial.println(clock.getSecond(), DEC);
                            ^~~~~~~~~

</pre>
					
					<h4>examples/now</h4>
					<p>
						Result: <b>PASS</b>
					</p>
					<pre class="pre-scrollable">Sketch uses 14668 bytes (5%) of program storage space. Maximum is 262144 bytes.
Global variables use 3568 bytes (10%) of dynamic memory, leaving 29200 bytes for local variables. Maximum is 32768 bytes.
</pre>
					
					<h4>examples/set_echo</h4>
					<p>
						Result: <b>FAIL</b>
					</p>
					<pre class="pre-scrollable">/home/ec2-user/arduino-testlib/cli-datadir/user/libraries/DS3231/examples/set_echo/set_echo.pde:24:8: error: &#39;DS3231 clock&#39; redeclared as different kind of symbol
 DS3231 clock;
        ^~~~~
In file included from /home/ec2-user/arduino-testlib/cli-datadir/data/packages/arduino/tools/arm-none-eabi-gcc/7-2017q4/arm-none-eabi/include/stdlib.h:11:0,
                 from /home/ec2-user/arduino-testlib/cli-datadir/data/packages/arduino/tools/arm-none-eabi-gcc/7-2017q4/arm-none-eabi/include/c&#43;&#43;/7.2.1/cstdlib:75,
                 from /home/ec2-user/arduino-testlib/cli-datadir/data/packages/arduino/tools/arm-none-eabi-gcc/7-2017q4/arm-none-eabi/include/c&#43;&#43;/7.2.1/stdlib.h:36,
                 from /home/ec2-user/arduino-testlib/cli-datadir/data/packages/arduino/hardware/samd/1.8.12/cores/arduino/api/Interrupts.h:5,
                 from /home/ec2-user/arduino-testlib/cli-datadir/data/packages/arduino/hardware/samd/1.8.12/cores/arduino/api/ArduinoAPI.h:29,
                 from /home/ec2-user/arduino-testlib/cli-datadir/data/packages/arduino/hardware/samd/1.8.12/cores/arduino/Arduino.h:23,
                 from /tmp/arduino-sketch-7E6375D1089BE2E26D0FA88472E7A08F/sketch/set_echo.pde.cpp:1:
/home/ec2-user/arduino-testlib/cli-datadir/data/packages/arduino/tools/arm-none-eabi-gcc/7-2017q4/arm-none-eabi/include/time.h:56:12: note: previous declaration &#39;clock_t clock()&#39;
 clock_t    _EXFUN(clock,    (void));
            ^
/home/ec2-user/arduino-testlib/cli-datadir/user/libraries/DS3231/examples/set_echo/set_echo.pde: In function &#39;void loop()&#39;:
/home/ec2-user/arduino-testlib/cli-datadir/user/libraries/DS3231/examples/set_echo/set_echo.pde:77:11: error: request for member &#39;setClockMode&#39; in &#39;clock&#39;, which is of non-class type &#39;clock_t() {aka long unsigned int()}&#39;
     clock.setClockMode(false);  // set to 24h
           ^~~~~~~~~~~~
/home/ec2-user/arduino-testlib/cli-datadir/user/libraries/DS3231/examples/set_echo/set_echo.pde:79:11: error: request for member &#39;setYear&#39; in &#39;clock&#39;, which is of non-class type &#39;clock_t() {aka long unsigned int()}&#39;
     clock.setYear(year);
           ^~~~~~~
/home/ec2-user/arduino-testlib/cli-datadir/user/libraries/DS3231/examples/set_echo/set_echo.pde:80:11: error: request for member &#39;setMonth&#39; in &#39;clock&#39;, which is of non-class type &#39;clock_t() {aka long unsigned int()}&#39;
     clock.setMonth(month);
           ^~~~~~~~
/home/ec2-user/arduino-testlib/cli-datadir/user/libraries/DS3231/examples/set_echo/set_echo.pde:81:11: error: request for member &#39;setDate&#39; in &#39;clock&#39;, which is of non-class type &#39;clock_t() {aka long unsigned int()}&#39;
     clock.setDate(date);
           ^~~~~~~
/home/ec2-user/arduino-testlib/cli-datadir/user/libraries/DS3231/examples/set_echo/set_echo.pde:82:11: error: request for member &#39;setDoW&#39; in &#39;clock&#39;, which is of non-class type &#39;clock_t() {aka long unsigned int()}&#39;
     clock.setDoW(dow);
           ^~~~~~
/home/ec2-user/arduino-testlib/cli-datadir/user/libraries/DS3231/examples/set_echo/set_echo.pde:83:11: error: request for member &#39;setHour&#39; in &#39;clock&#39;, which is of non-class type &#39;clock_t() {aka long unsigned int()}&#39;
     clock.setHour(hour);
           ^~~~~~~
/home/ec2-user/arduino-testlib/cli-datadir/user/libraries/DS3231/examples/set_echo/set_echo.pde:84:11: error: request for member &#39;setMinute&#39; in &#39;clock&#39;, which is of non-class type &#39;clock_t() {aka long unsigned int()}&#39;
     clock.setMinute(minute);
           ^~~~~~~~~
/home/ec2-user/arduino-testlib/cli-datadir/user/libraries/DS3231/examples/set_echo/set_echo.pde:85:11: error: request for member &#39;setSecond&#39; in &#39;clock&#39;, which is of non-class type &#39;clock_t() {aka long unsigned int()}&#39;
     clock.setSecond(second);
           ^~~~~~~~~
/home/ec2-user/arduino-testlib/cli-datadir/user/libraries/DS3231/examples/set_echo/set_echo.pde:90:28: error: request for member &#39;getYear&#39; in &#39;clock&#39;, which is of non-class type &#39;clock_t() {aka long unsigned int()}&#39;
         Serial.print(clock.getYear(), DEC);
                            ^~~~~~~
/home/ec2-user/arduino-testlib/cli-datadir/user/libraries/DS3231/examples/set_echo/set_echo.pde:92:28: error: request for member &#39;getMonth&#39; in &#39;clock&#39;, which is of non-class type &#39;clock_t() {aka long unsigned int()}&#39;
         Serial.print(clock.getMonth(century), DEC);
                            ^~~~~~~~
/home/ec2-user/arduino-testlib/cli-datadir/user/libraries/DS3231/examples/set_echo/set_echo.pde:94:28: error: request for member &#39;getDate&#39; in &#39;clock&#39;, which is of non-class type &#39;clock_t() {aka long unsigned int()}&#39;
         Serial.print(clock.getDate(), DEC);
                            ^~~~~~~
/home/ec2-user/arduino-testlib/cli-datadir/user/libraries/DS3231/examples/set_echo/set_echo.pde:96:28: error: request for member &#39;getHour&#39; in &#39;clock&#39;, which is of non-class type &#39;clock_t() {aka long unsigned int()}&#39;
         Serial.print(clock.getHour(h12Flag, pmFlag), DEC); //24-hr
                            ^~~~~~~
/home/ec2-user/arduino-testlib/cli-datadir/user/libraries/DS3231/examples/set_echo/set_echo.pde:98:28: error: request for member &#39;getMinute&#39; in &#39;clock&#39;, which is of non-class type &#39;clock_t() {aka long unsigned int()}&#39;
         Serial.print(clock.getMinute(), DEC);
                            ^~~~~~~~~
/home/ec2-user/arduino-testlib/cli-datadir/user/libraries/DS3231/examples/set_echo/set_echo.pde:100:30: error: request for member &#39;getSecond&#39; in &#39;clock&#39;, which is of non-class type &#39;clock_t() {aka long unsigned int()}&#39;
         Serial.println(clock.getSecond(), DEC);
                              ^~~~~~~~~

</pre>
					
				
				<h3 id="esp32:esp32:d1_mini32">esp32:esp32:d1_mini32 @ 1.0.6</h3>
				<h4>Inclusion</h4>
				<p>
					Result: <b>PASS</b>
					
				</p>
				<pre class="pre-scrollable">Sketch uses 203138 bytes (15%) of program storage space. Maximum is 1310720 bytes.
Global variables use 13880 bytes (4%) of dynamic memory, leaving 313800 bytes for local variables. Maximum is 327680 bytes.
</pre>

					
					<h4>examples/DS3231_oscillator_test</h4>
					<p>
						Result: <b>PASS</b>
					</p>
					<pre class="pre-scrollable">Sketch uses 214026 bytes (16%) of program storage space. Maximum is 1310720 bytes.
Global variables use 14144 bytes (4%) of dynamic memory, leaving 313536 bytes for local variables. Maximum is 327680 bytes.
</pre>
					
					<h4>examples/DS3231_set</h4>
					<p>
						Result: <b>FAIL</b>
					</p>
					<pre class="pre-scrollable">/home/ec2-user/arduino-testlib/cli-datadir/user/libraries/DS3231/examples/DS3231_set/DS3231_set.pde:13:8: error: &#39;DS3231 clock&#39; redeclared as different kind of symbol
 DS3231 clock;
        ^
In file included from /home/ec2-user/arduino-testlib/cli-datadir/data/packages/esp32/hardware/esp32/1.0.6/tools/sdk/include/newlib/stdio.h:29:0,
                 from /home/ec2-user/arduino-testlib/cli-datadir/data/packages/esp32/hardware/esp32/1.0.6/cores/esp32/Arduino.h:27,
                 from /tmp/arduino-sketch-605611F1623E816C562CFFF2500830F5/sketch/DS3231_set.pde.cpp:1:
/home/ec2-user/arduino-testlib/cli-datadir/data/packages/esp32/hardware/esp32/1.0.6/tools/sdk/include/newlib/time.h:50:12: note: previous declaration &#39;clock_t clock()&#39;
 clock_t    _EXFUN(clock,    (void));
            ^
/home/ec2-user/arduino-testlib/cli-datadir/user/libraries/DS3231/examples/DS3231_set/DS3231_set.pde: In function &#39;void loop()&#39;:
/home/ec2-user/arduino-testlib/cli-datadir/user/libraries/DS3231/examples/DS3231_set/DS3231_set.pde:88:15: error: request for member &#39;setClockMode&#39; in &#39;clock&#39;, which is of non-class type &#39;clock_t() {aka long unsigned int()}&#39;
         clock.setClockMode(false);  // set to 24h
               ^
/home/ec2-user/arduino-testlib/cli-datadir/user/libraries/DS3231/examples/DS3231_set/DS3231_set.pde:91:15: error: request for member &#39;setYear&#39; in &#39;clock&#39;, which is of non-class type &#39;clock_t() {aka long unsigned int()}&#39;
         clock.setYear(year);
               ^
/home/ec2-user/arduino-testlib/cli-datadir/user/libraries/DS3231/examples/DS3231_set/DS3231_set.pde:92:15: error: request for member &#39;setMonth&#39; in &#39;clock&#39;, which is of non-class type &#39;clock_t() {aka long unsigned int()}&#39;
         clock.setMonth(month);
               ^
/home/ec2-user/arduino-testlib/cli-datadir/user/libraries/DS3231/examples/DS3231_set/DS3231_set.pde:93:15: error: request for member &#39;setDate&#39; in &#39;clock&#39;, which is of non-class type &#39;clock_t() {aka long unsigned int()}&#39;
         clock.setDate(date);
               ^
/home/ec2-user/arduino-testlib/cli-datadir/user/libraries/DS3231/examples/DS3231_set/DS3231_set.pde:94:15: error: request for member &#39;setDoW&#39; in &#39;clock&#39;, which is of non-class type &#39;clock_t() {aka long unsigned int()}&#39;
         clock.setDoW(dOW);
               ^
/home/ec2-user/arduino-testlib/cli-datadir/user/libraries/DS3231/examples/DS3231_set/DS3231_set.pde:95:15: error: request for member &#39;setHour&#39; in &#39;clock&#39;, which is of non-class type &#39;clock_t() {aka long unsigned int()}&#39;
         clock.setHour(hour);
               ^
/home/ec2-user/arduino-testlib/cli-datadir/user/libraries/DS3231/examples/DS3231_set/DS3231_set.pde:96:15: error: request for member &#39;setMinute&#39; in &#39;clock&#39;, which is of non-class type &#39;clock_t() {aka long unsigned int()}&#39;
         clock.setMinute(minute);
               ^
/home/ec2-user/arduino-testlib/cli-datadir/user/libraries/DS3231/examples/DS3231_set/DS3231_set.pde:97:15: error: request for member &#39;setSecond&#39; in &#39;clock&#39;, which is of non-class type &#39;clock_t() {aka long unsigned int()}&#39;
         clock.setSecond(second);
               ^
/home/ec2-user/arduino-testlib/cli-datadir/user/libraries/DS3231/examples/DS3231_set/DS3231_set.pde:102:15: error: request for member &#39;setA1Time&#39; in &#39;clock&#39;, which is of non-class type &#39;clock_t() {aka long unsigned int()}&#39;
         clock.setA1Time(dOW, hour, minute&#43;1, second, 0x0, true,
               ^
/home/ec2-user/arduino-testlib/cli-datadir/user/libraries/DS3231/examples/DS3231_set/DS3231_set.pde:105:15: error: request for member &#39;setA2Time&#39; in &#39;clock&#39;, which is of non-class type &#39;clock_t() {aka long unsigned int()}&#39;
         clock.setA2Time(date, hour, minute&#43;2, 0x0, false, false,
               ^
/home/ec2-user/arduino-testlib/cli-datadir/user/libraries/DS3231/examples/DS3231_set/DS3231_set.pde:108:15: error: request for member &#39;turnOnAlarm&#39; in &#39;clock&#39;, which is of non-class type &#39;clock_t() {aka long unsigned int()}&#39;
         clock.turnOnAlarm(1);
               ^
/home/ec2-user/arduino-testlib/cli-datadir/user/libraries/DS3231/examples/DS3231_set/DS3231_set.pde:109:15: error: request for member &#39;turnOnAlarm&#39; in &#39;clock&#39;, which is of non-class type &#39;clock_t() {aka long unsigned int()}&#39;
         clock.turnOnAlarm(2);
               ^

</pre>
					
					<h4>examples/DS3231_test</h4>
					<p>
						Result: <b>FAIL</b>
					</p>
					<pre class="pre-scrollable">/home/ec2-user/arduino-testlib/cli-datadir/user/libraries/DS3231/examples/DS3231_test/DS3231_test.pde:16:8: error: &#39;DS3231 clock&#39; redeclared as different kind of symbol
 DS3231 clock;
        ^
In file included from /home/ec2-user/arduino-testlib/cli-datadir/data/packages/esp32/hardware/esp32/1.0.6/tools/sdk/include/newlib/stdio.h:29:0,
                 from /home/ec2-user/arduino-testlib/cli-datadir/data/packages/esp32/hardware/esp32/1.0.6/cores/esp32/Arduino.h:27,
                 from /tmp/arduino-sketch-F23AEC79C9D62FC23928D414960821DB/sketch/DS3231_test.pde.cpp:1:
/home/ec2-user/arduino-testlib/cli-datadir/data/packages/esp32/hardware/esp32/1.0.6/tools/sdk/include/newlib/time.h:50:12: note: previous declaration &#39;clock_t clock()&#39;
 clock_t    _EXFUN(clock,    (void));
            ^
/home/ec2-user/arduino-testlib/cli-datadir/user/libraries/DS3231/examples/DS3231_test/DS3231_test.pde: In function &#39;void loop()&#39;:
/home/ec2-user/arduino-testlib/cli-datadir/user/libraries/DS3231/examples/DS3231_test/DS3231_test.pde:41:21: error: request for member &#39;getYear&#39; in &#39;clock&#39;, which is of non-class type &#39;clock_t() {aka long unsigned int()}&#39;
  Serial.print(clock.getYear(), DEC);
                     ^
/home/ec2-user/arduino-testlib/cli-datadir/user/libraries/DS3231/examples/DS3231_test/DS3231_test.pde:45:21: error: request for member &#39;getMonth&#39; in &#39;clock&#39;, which is of non-class type &#39;clock_t() {aka long unsigned int()}&#39;
  Serial.print(clock.getMonth(century), DEC);
                     ^
/home/ec2-user/arduino-testlib/cli-datadir/user/libraries/DS3231/examples/DS3231_test/DS3231_test.pde:49:21: error: request for member &#39;getDate&#39; in &#39;clock&#39;, which is of non-class type &#39;clock_t() {aka long unsigned int()}&#39;
  Serial.print(clock.getDate(), DEC);
                     ^
/home/ec2-user/arduino-testlib/cli-datadir/user/libraries/DS3231/examples/DS3231_test/DS3231_test.pde:53:21: error: request for member &#39;getDoW&#39; in &#39;clock&#39;, which is of non-class type &#39;clock_t() {aka long unsigned int()}&#39;
  Serial.print(clock.getDoW(), DEC);
                     ^
/home/ec2-user/arduino-testlib/cli-datadir/user/libraries/DS3231/examples/DS3231_test/DS3231_test.pde:57:21: error: request for member &#39;getHour&#39; in &#39;clock&#39;, which is of non-class type &#39;clock_t() {aka long unsigned int()}&#39;
  Serial.print(clock.getHour(h12Flag, pmFlag), DEC);
                     ^
/home/ec2-user/arduino-testlib/cli-datadir/user/libraries/DS3231/examples/DS3231_test/DS3231_test.pde:59:21: error: request for member &#39;getMinute&#39; in &#39;clock&#39;, which is of non-class type &#39;clock_t() {aka long unsigned int()}&#39;
  Serial.print(clock.getMinute(), DEC);
                     ^
/home/ec2-user/arduino-testlib/cli-datadir/user/libraries/DS3231/examples/DS3231_test/DS3231_test.pde:61:21: error: request for member &#39;getSecond&#39; in &#39;clock&#39;, which is of non-class type &#39;clock_t() {aka long unsigned int()}&#39;
  Serial.print(clock.getSecond(), DEC);
                     ^
/home/ec2-user/arduino-testlib/cli-datadir/user/libraries/DS3231/examples/DS3231_test/DS3231_test.pde:76:21: error: request for member &#39;getTemperature&#39; in &#39;clock&#39;, which is of non-class type &#39;clock_t() {aka long unsigned int()}&#39;
  Serial.print(clock.getTemperature(), 2);
                     ^
/home/ec2-user/arduino-testlib/cli-datadir/user/libraries/DS3231/examples/DS3231_test/DS3231_test.pde:79:12: error: request for member &#39;oscillatorCheck&#39; in &#39;clock&#39;, which is of non-class type &#39;clock_t() {aka long unsigned int()}&#39;
  if (clock.oscillatorCheck()) {
            ^
/home/ec2-user/arduino-testlib/cli-datadir/user/libraries/DS3231/examples/DS3231_test/DS3231_test.pde:86:12: error: request for member &#39;checkIfAlarm&#39; in &#39;clock&#39;, which is of non-class type &#39;clock_t() {aka long unsigned int()}&#39;
  if (clock.checkIfAlarm(1)) {
            ^
/home/ec2-user/arduino-testlib/cli-datadir/user/libraries/DS3231/examples/DS3231_test/DS3231_test.pde:90:12: error: request for member &#39;checkIfAlarm&#39; in &#39;clock&#39;, which is of non-class type &#39;clock_t() {aka long unsigned int()}&#39;
  if (clock.checkIfAlarm(2)) {
            ^
/home/ec2-user/arduino-testlib/cli-datadir/user/libraries/DS3231/examples/DS3231_test/DS3231_test.pde:99:8: error: request for member &#39;getA1Time&#39; in &#39;clock&#39;, which is of non-class type &#39;clock_t() {aka long unsigned int()}&#39;
  clock.getA1Time(alarmDay, alarmHour, alarmMinute, alarmSecond, alarmBits, alarmDy, alarmH12Flag, alarmPmFlag);
        ^
/home/ec2-user/arduino-testlib/cli-datadir/user/libraries/DS3231/examples/DS3231_test/DS3231_test.pde:120:12: error: request for member &#39;checkAlarmEnabled&#39; in &#39;clock&#39;, which is of non-class type &#39;clock_t() {aka long unsigned int()}&#39;
  if (clock.checkAlarmEnabled(1)) {
            ^
/home/ec2-user/arduino-testlib/cli-datadir/user/libraries/DS3231/examples/DS3231_test/DS3231_test.pde:127:8: error: request for member &#39;getA2Time&#39; in &#39;clock&#39;, which is of non-class type &#39;clock_t() {aka long unsigned int()}&#39;
  clock.getA2Time(alarmDay, alarmHour, alarmMinute, alarmBits, alarmDy, alarmH12Flag, alarmPmFlag);
        ^
/home/ec2-user/arduino-testlib/cli-datadir/user/libraries/DS3231/examples/DS3231_test/DS3231_test.pde:146:12: error: request for member &#39;checkAlarmEnabled&#39; in &#39;clock&#39;, which is of non-class type &#39;clock_t() {aka long unsigned int()}&#39;
  if (clock.checkAlarmEnabled(2)) {
            ^

</pre>
					
					<h4>examples/echo_time</h4>
					<p>
						Result: <b>FAIL</b>
					</p>
					<pre class="pre-scrollable">/home/ec2-user/arduino-testlib/cli-datadir/user/libraries/DS3231/examples/echo_time/echo_time.pde:19:8: error: &#39;DS3231 clock&#39; redeclared as different kind of symbol
 DS3231 clock;
        ^
In file included from /home/ec2-user/arduino-testlib/cli-datadir/data/packages/esp32/hardware/esp32/1.0.6/tools/sdk/include/newlib/stdio.h:29:0,
                 from /home/ec2-user/arduino-testlib/cli-datadir/data/packages/esp32/hardware/esp32/1.0.6/cores/esp32/Arduino.h:27,
                 from /tmp/arduino-sketch-134A95520FC817220739022EC444130E/sketch/echo_time.pde.cpp:1:
/home/ec2-user/arduino-testlib/cli-datadir/data/packages/esp32/hardware/esp32/1.0.6/tools/sdk/include/newlib/time.h:50:12: note: previous declaration &#39;clock_t clock()&#39;
 clock_t    _EXFUN(clock,    (void));
            ^
/home/ec2-user/arduino-testlib/cli-datadir/user/libraries/DS3231/examples/echo_time/echo_time.pde: In function &#39;void setup()&#39;:
/home/ec2-user/arduino-testlib/cli-datadir/user/libraries/DS3231/examples/echo_time/echo_time.pde:35:26: error: request for member &#39;getYear&#39; in &#39;clock&#39;, which is of non-class type &#39;clock_t() {aka long unsigned int()}&#39;
       Serial.print(clock.getYear(), DEC);
                          ^
/home/ec2-user/arduino-testlib/cli-datadir/user/libraries/DS3231/examples/echo_time/echo_time.pde:37:26: error: request for member &#39;getMonth&#39; in &#39;clock&#39;, which is of non-class type &#39;clock_t() {aka long unsigned int()}&#39;
       Serial.print(clock.getMonth(century), DEC);
                          ^
/home/ec2-user/arduino-testlib/cli-datadir/user/libraries/DS3231/examples/echo_time/echo_time.pde:39:26: error: request for member &#39;getDate&#39; in &#39;clock&#39;, which is of non-class type &#39;clock_t() {aka long unsigned int()}&#39;
       Serial.print(clock.getDate(), DEC);
                          ^
/home/ec2-user/arduino-testlib/cli-datadir/user/libraries/DS3231/examples/echo_time/echo_time.pde:41:26: error: request for member &#39;getHour&#39; in &#39;clock&#39;, which is of non-class type &#39;clock_t() {aka long unsigned int()}&#39;
       Serial.print(clock.getHour(h12Flag, pmFlag), DEC); //24-hr
                          ^
/home/ec2-user/arduino-testlib/cli-datadir/user/libraries/DS3231/examples/echo_time/echo_time.pde:43:26: error: request for member &#39;getMinute&#39; in &#39;clock&#39;, which is of non-class type &#39;clock_t() {aka long unsigned int()}&#39;
       Serial.print(clock.getMinute(), DEC);
                          ^
/home/ec2-user/arduino-testlib/cli-datadir/user/libraries/DS3231/examples/echo_time/echo_time.pde:45:28: error: request for member &#39;getSecond&#39; in &#39;clock&#39;, which is of non-class type &#39;clock_t() {aka long unsigned int()}&#39;
       Serial.println(clock.getSecond(), DEC);
                            ^

</pre>
					
					<h4>examples/now</h4>
					<p>
						Result: <b>PASS</b>
					</p>
					<pre class="pre-scrollable">Sketch uses 214550 bytes (16%) of program storage space. Maximum is 1310720 bytes.
Global variables use 14136 bytes (4%) of dynamic memory, leaving 313544 bytes for local variables. Maximum is 327680 bytes.
</pre>
					
					<h4>examples/set_echo</h4>
					<p>
						Result: <b>FAIL</b>
					</p>
					<pre class="pre-scrollable">/home/ec2-user/arduino-testlib/cli-datadir/user/libraries/DS3231/examples/set_echo/set_echo.pde:24:8: error: &#39;DS3231 clock&#39; redeclared as different kind of symbol
 DS3231 clock;
        ^
In file included from /home/ec2-user/arduino-testlib/cli-datadir/data/packages/esp32/hardware/esp32/1.0.6/tools/sdk/include/newlib/stdio.h:29:0,
                 from /home/ec2-user/arduino-testlib/cli-datadir/data/packages/esp32/hardware/esp32/1.0.6/cores/esp32/Arduino.h:27,
                 from /tmp/arduino-sketch-7E6375D1089BE2E26D0FA88472E7A08F/sketch/set_echo.pde.cpp:1:
/home/ec2-user/arduino-testlib/cli-datadir/data/packages/esp32/hardware/esp32/1.0.6/tools/sdk/include/newlib/time.h:50:12: note: previous declaration &#39;clock_t clock()&#39;
 clock_t    _EXFUN(clock,    (void));
            ^
/home/ec2-user/arduino-testlib/cli-datadir/user/libraries/DS3231/examples/set_echo/set_echo.pde: In function &#39;void loop()&#39;:
/home/ec2-user/arduino-testlib/cli-datadir/user/libraries/DS3231/examples/set_echo/set_echo.pde:77:11: error: request for member &#39;setClockMode&#39; in &#39;clock&#39;, which is of non-class type &#39;clock_t() {aka long unsigned int()}&#39;
     clock.setClockMode(false);  // set to 24h
           ^
/home/ec2-user/arduino-testlib/cli-datadir/user/libraries/DS3231/examples/set_echo/set_echo.pde:79:11: error: request for member &#39;setYear&#39; in &#39;clock&#39;, which is of non-class type &#39;clock_t() {aka long unsigned int()}&#39;
     clock.setYear(year);
           ^
/home/ec2-user/arduino-testlib/cli-datadir/user/libraries/DS3231/examples/set_echo/set_echo.pde:80:11: error: request for member &#39;setMonth&#39; in &#39;clock&#39;, which is of non-class type &#39;clock_t() {aka long unsigned int()}&#39;
     clock.setMonth(month);
           ^
/home/ec2-user/arduino-testlib/cli-datadir/user/libraries/DS3231/examples/set_echo/set_echo.pde:81:11: error: request for member &#39;setDate&#39; in &#39;clock&#39;, which is of non-class type &#39;clock_t() {aka long unsigned int()}&#39;
     clock.setDate(date);
           ^
/home/ec2-user/arduino-testlib/cli-datadir/user/libraries/DS3231/examples/set_echo/set_echo.pde:82:11: error: request for member &#39;setDoW&#39; in &#39;clock&#39;, which is of non-class type &#39;clock_t() {aka long unsigned int()}&#39;
     clock.setDoW(dow);
           ^
/home/ec2-user/arduino-testlib/cli-datadir/user/libraries/DS3231/examples/set_echo/set_echo.pde:83:11: error: request for member &#39;setHour&#39; in &#39;clock&#39;, which is of non-class type &#39;clock_t() {aka long unsigned int()}&#39;
     clock.setHour(hour);
           ^
/home/ec2-user/arduino-testlib/cli-datadir/user/libraries/DS3231/examples/set_echo/set_echo.pde:84:11: error: request for member &#39;setMinute&#39; in &#39;clock&#39;, which is of non-class type &#39;clock_t() {aka long unsigned int()}&#39;
     clock.setMinute(minute);
           ^
/home/ec2-user/arduino-testlib/cli-datadir/user/libraries/DS3231/examples/set_echo/set_echo.pde:85:11: error: request for member &#39;setSecond&#39; in &#39;clock&#39;, which is of non-class type &#39;clock_t() {aka long unsigned int()}&#39;
     clock.setSecond(second);
           ^
/home/ec2-user/arduino-testlib/cli-datadir/user/libraries/DS3231/examples/set_echo/set_echo.pde:90:28: error: request for member &#39;getYear&#39; in &#39;clock&#39;, which is of non-class type &#39;clock_t() {aka long unsigned int()}&#39;
         Serial.print(clock.getYear(), DEC);
                            ^
/home/ec2-user/arduino-testlib/cli-datadir/user/libraries/DS3231/examples/set_echo/set_echo.pde:92:28: error: request for member &#39;getMonth&#39; in &#39;clock&#39;, which is of non-class type &#39;clock_t() {aka long unsigned int()}&#39;
         Serial.print(clock.getMonth(century), DEC);
                            ^
/home/ec2-user/arduino-testlib/cli-datadir/user/libraries/DS3231/examples/set_echo/set_echo.pde:94:28: error: request for member &#39;getDate&#39; in &#39;clock&#39;, which is of non-class type &#39;clock_t() {aka long unsigned int()}&#39;
         Serial.print(clock.getDate(), DEC);
                            ^
/home/ec2-user/arduino-testlib/cli-datadir/user/libraries/DS3231/examples/set_echo/set_echo.pde:96:28: error: request for member &#39;getHour&#39; in &#39;clock&#39;, which is of non-class type &#39;clock_t() {aka long unsigned int()}&#39;
         Serial.print(clock.getHour(h12Flag, pmFlag), DEC); //24-hr
                            ^
/home/ec2-user/arduino-testlib/cli-datadir/user/libraries/DS3231/examples/set_echo/set_echo.pde:98:28: error: request for member &#39;getMinute&#39; in &#39;clock&#39;, which is of non-class type &#39;clock_t() {aka long unsigned int()}&#39;
         Serial.print(clock.getMinute(), DEC);
                            ^
/home/ec2-user/arduino-testlib/cli-datadir/user/libraries/DS3231/examples/set_echo/set_echo.pde:100:30: error: request for member &#39;getSecond&#39; in &#39;clock&#39;, which is of non-class type &#39;clock_t() {aka long unsigned int()}&#39;
         Serial.println(clock.getSecond(), DEC);
                              ^

</pre>
					
				
			</div>
		</div>
	</div>
  </body>
</html>
