
<!doctype html>
<html lang="en">
  <head>
    <meta charset="utf-8">
    <meta name="viewport" content="width=device-width, initial-scale=1">
    <link href="https://cdn.jsdelivr.net/npm/bootstrap@5.0.2/dist/css/bootstrap.min.css" rel="stylesheet" integrity="sha384-EVSTQN3/azprG1Anm3QDgpJLIm9Nao0Yz1ztcQTwFspd3yD65VohhpuuCOmLASjC" crossorigin="anonymous">
    <title>arduino-testlib report</title>
	<style>
	.pass { background-color: #00FF00 !important; }
	.fail { background-color: #FF0000 !important; }
	</style>
  </head>
  <body>
	<div class="container">
		<div class="row">
			<div class="col">
				<h1>dwarf433 - compatibility matrix</h1>
				<p>
					<small>This report was generated on Wednesday, 23-Feb-22 22:48:15 CET using 
					<a href="https://github.com/alranel/arduino-testlib">arduino-testlib</a>.</small>
				</p>

				<h2>dwarf433</h2>
				<p>
					Version: <b>0.0.3</b>
					<br />
					<a href="https://www.arduino.cc/reference/en/libraries/dwarf433/">More details</a>
				</p>

				<h2>Compatibility matrix</h2>
				<table class="table table-bordered">
					<tr>
						<th>Board</th>
						<th>Claims compatibility</th>
						<th>Inclusion</th>
						
						<th><pre>power</pre></th>
						
						<th><pre>detect</pre></th>
						
					</tr>
					
					<tr>
						<td>
							<a href="#arduino%3aavr%3auno"><b>arduino:avr:uno</b></a>
							<br />
							<small>1.8.4</small>
						</td>

						
						
						
							<td>Yes ⚠️</td>
							<td class="fail">FAIL</td>
						
						

						
							
								
									
										
									
										
											
											<td class="fail">FAIL</td>
										
									
								
							
								
							
								
							
								
							
								
							
						
							
								
									
										
											
											<td class="fail">FAIL</td>
										
									
										
									
								
							
								
							
								
							
								
							
								
							
						
					</tr>
					
					<tr>
						<td>
							<a href="#arduino%3ambed_nano%3ananorp2040connect"><b>arduino:mbed_nano:nanorp2040connect</b></a>
							<br />
							<small>2.7.2</small>
						</td>

						
						
						
						
							<td>No</td>
							<td class="fail">FAIL</td>
						

						
							
								
							
								
									
										
									
										
											
											<td class="fail">FAIL</td>
										
									
								
							
								
							
								
							
								
							
						
							
								
							
								
									
										
											
											<td class="fail">FAIL</td>
										
									
										
									
								
							
								
							
								
							
								
							
						
					</tr>
					
					<tr>
						<td>
							<a href="#arduino%3amegaavr%3anona4809"><b>arduino:megaavr:nona4809</b></a>
							<br />
							<small>1.8.7</small>
						</td>

						
						
						
						
							<td>No</td>
							<td class="fail">FAIL</td>
						

						
							
								
							
								
							
								
									
										
									
										
											
											<td class="fail">FAIL</td>
										
									
								
							
								
							
								
							
						
							
								
							
								
							
								
									
										
											
											<td class="fail">FAIL</td>
										
									
										
									
								
							
								
							
								
							
						
					</tr>
					
					<tr>
						<td>
							<a href="#arduino%3asamd%3amkrwifi1010"><b>arduino:samd:mkrwifi1010</b></a>
							<br />
							<small>1.8.12</small>
						</td>

						
						
						
						
							<td>No</td>
							<td class="fail">FAIL</td>
						

						
							
								
							
								
							
								
							
								
									
										
									
										
											
											<td class="fail">FAIL</td>
										
									
								
							
								
							
						
							
								
							
								
							
								
							
								
									
										
											
											<td class="fail">FAIL</td>
										
									
										
									
								
							
								
							
						
					</tr>
					
					<tr>
						<td>
							<a href="#esp32%3aesp32%3ad1_mini32"><b>esp32:esp32:d1_mini32</b></a>
							<br />
							<small>1.0.6</small>
						</td>

						
						
						
						
							<td>No</td>
							<td class="fail">FAIL</td>
						

						
							
								
							
								
							
								
							
								
							
								
									
										
									
										
											
											<td class="fail">FAIL</td>
										
									
								
							
						
							
								
							
								
							
								
							
								
							
								
									
										
											
											<td class="fail">FAIL</td>
										
									
										
									
								
							
						
					</tr>
					
				</table>

				<h2>Compilation logs</h2>
				
				<h3 id="arduino:avr:uno">arduino:avr:uno @ 1.8.4</h3>
				<h4>Inclusion</h4>
				<p>
					Result: <b>FAIL</b>
					
					<br />This library has no main header file so an empty one was created.
					
				</p>
				<pre class="pre-scrollable">/tmp/arduino-testlib2530496298/test/test.ino:1:10: fatal error: rf433.h: No such file or directory
 #include &lt;rf433.h&gt;
          ^~~~~~~~~
compilation terminated.

</pre>

					
					<h4>examples/detect</h4>
					<p>
						Result: <b>FAIL</b>
					</p>
					<pre class="pre-scrollable">Multiple libraries were found for &#34;list.h&#34;
  Used: /home/ec2-user/arduino-testlib/cli-datadir/user/libraries/FreeRTOS
  Not used: /home/ec2-user/arduino-testlib/cli-datadir/user/libraries/FreeRTOS_SAMD51
  Not used: /home/ec2-user/arduino-testlib/cli-datadir/user/libraries/STM32duino_FreeRTOS
  Not used: /home/ec2-user/arduino-testlib/cli-datadir/user/libraries/GyverPortal
  Not used: /home/ec2-user/arduino-testlib/cli-datadir/user/libraries/FreeRTOS_SAMD21
</pre>
					
					<h4>examples/power</h4>
					<p>
						Result: <b>FAIL</b>
					</p>
					<pre class="pre-scrollable">Multiple libraries were found for &#34;list.h&#34;
  Used: /home/ec2-user/arduino-testlib/cli-datadir/user/libraries/FreeRTOS
  Not used: /home/ec2-user/arduino-testlib/cli-datadir/user/libraries/STM32duino_FreeRTOS
  Not used: /home/ec2-user/arduino-testlib/cli-datadir/user/libraries/FreeRTOS_SAMD21
  Not used: /home/ec2-user/arduino-testlib/cli-datadir/user/libraries/FreeRTOS_SAMD51
  Not used: /home/ec2-user/arduino-testlib/cli-datadir/user/libraries/GyverPortal
</pre>
					
				
				<h3 id="arduino:mbed_nano:nanorp2040connect">arduino:mbed_nano:nanorp2040connect @ 2.7.2</h3>
				<h4>Inclusion</h4>
				<p>
					Result: <b>FAIL</b>
					
					<br />This library has no main header file so an empty one was created.
					
				</p>
				<pre class="pre-scrollable">/tmp/arduino-testlib2530496298/test/test.ino:1:10: fatal error: rf433.h: No such file or directory
 #include &lt;rf433.h&gt;
          ^~~~~~~~~
compilation terminated.

</pre>

					
					<h4>examples/detect</h4>
					<p>
						Result: <b>FAIL</b>
					</p>
					<pre class="pre-scrollable">In file included from /home/ec2-user/arduino-testlib/cli-datadir/user/libraries/STM32duino_FreeRTOS/src/FreeRTOS/Source/include/portable.h:52:0,
                 from /home/ec2-user/arduino-testlib/cli-datadir/user/libraries/STM32duino_FreeRTOS/src/FreeRTOS/Source/include/FreeRTOS.h:62,
                 from /home/ec2-user/arduino-testlib/cli-datadir/user/libraries/STM32duino_FreeRTOS/src/FreeRTOS.h:9,
                 from /home/ec2-user/arduino-testlib/cli-datadir/user/libraries/STM32duino_FreeRTOS/src/FreeRTOS/Source/croutine.c:28:
/home/ec2-user/arduino-testlib/cli-datadir/user/libraries/STM32duino_FreeRTOS/src/portmacro.h:9:10: fatal error: stm32_def.h: No such file or directory
 #include &#34;stm32_def.h&#34;
          ^~~~~~~~~~~~~
compilation terminated.
Multiple libraries were found for &#34;list.h&#34;
  Used: /home/ec2-user/arduino-testlib/cli-datadir/user/libraries/STM32duino_FreeRTOS
  Not used: /home/ec2-user/arduino-testlib/cli-datadir/user/libraries/FreeRTOS_SAMD21
  Not used: /home/ec2-user/arduino-testlib/cli-datadir/user/libraries/FreeRTOS_SAMD51
  Not used: /home/ec2-user/arduino-testlib/cli-datadir/user/libraries/FreeRTOS
  Not used: /home/ec2-user/arduino-testlib/cli-datadir/user/libraries/GyverPortal
</pre>
					
					<h4>examples/power</h4>
					<p>
						Result: <b>FAIL</b>
					</p>
					<pre class="pre-scrollable">In file included from /home/ec2-user/arduino-testlib/cli-datadir/user/libraries/STM32duino_FreeRTOS/src/FreeRTOS/Source/include/portable.h:52:0,
                 from /home/ec2-user/arduino-testlib/cli-datadir/user/libraries/STM32duino_FreeRTOS/src/FreeRTOS/Source/include/FreeRTOS.h:62,
                 from /home/ec2-user/arduino-testlib/cli-datadir/user/libraries/STM32duino_FreeRTOS/src/FreeRTOS.h:9,
                 from /home/ec2-user/arduino-testlib/cli-datadir/user/libraries/STM32duino_FreeRTOS/src/FreeRTOS/Source/croutine.c:28:
/home/ec2-user/arduino-testlib/cli-datadir/user/libraries/STM32duino_FreeRTOS/src/portmacro.h:9:10: fatal error: stm32_def.h: No such file or directory
 #include &#34;stm32_def.h&#34;
          ^~~~~~~~~~~~~
compilation terminated.
Multiple libraries were found for &#34;list.h&#34;
  Used: /home/ec2-user/arduino-testlib/cli-datadir/user/libraries/STM32duino_FreeRTOS
  Not used: /home/ec2-user/arduino-testlib/cli-datadir/user/libraries/FreeRTOS_SAMD51
  Not used: /home/ec2-user/arduino-testlib/cli-datadir/user/libraries/GyverPortal
  Not used: /home/ec2-user/arduino-testlib/cli-datadir/user/libraries/FreeRTOS_SAMD21
  Not used: /home/ec2-user/arduino-testlib/cli-datadir/user/libraries/FreeRTOS
</pre>
					
				
				<h3 id="arduino:megaavr:nona4809">arduino:megaavr:nona4809 @ 1.8.7</h3>
				<h4>Inclusion</h4>
				<p>
					Result: <b>FAIL</b>
					
					<br />This library has no main header file so an empty one was created.
					
				</p>
				<pre class="pre-scrollable">/tmp/arduino-testlib2530496298/test/test.ino:1:10: fatal error: rf433.h: No such file or directory
 #include &lt;rf433.h&gt;
          ^~~~~~~~~
compilation terminated.

</pre>

					
					<h4>examples/detect</h4>
					<p>
						Result: <b>FAIL</b>
					</p>
					<pre class="pre-scrollable">In file included from /home/ec2-user/arduino-testlib/cli-datadir/user/libraries/STM32duino_FreeRTOS/src/FreeRTOS/Source/include/portable.h:52:0,
                 from /home/ec2-user/arduino-testlib/cli-datadir/user/libraries/STM32duino_FreeRTOS/src/FreeRTOS/Source/include/FreeRTOS.h:62,
                 from /home/ec2-user/arduino-testlib/cli-datadir/user/libraries/STM32duino_FreeRTOS/src/FreeRTOS.h:9,
                 from /home/ec2-user/arduino-testlib/cli-datadir/user/libraries/STM32duino_FreeRTOS/src/FreeRTOS/Source/croutine.c:28:
/home/ec2-user/arduino-testlib/cli-datadir/user/libraries/STM32duino_FreeRTOS/src/portmacro.h:9:10: fatal error: stm32_def.h: No such file or directory
 #include &#34;stm32_def.h&#34;
          ^~~~~~~~~~~~~
compilation terminated.
Multiple libraries were found for &#34;list.h&#34;
  Used: /home/ec2-user/arduino-testlib/cli-datadir/user/libraries/STM32duino_FreeRTOS
  Not used: /home/ec2-user/arduino-testlib/cli-datadir/user/libraries/FreeRTOS_SAMD21
  Not used: /home/ec2-user/arduino-testlib/cli-datadir/user/libraries/GyverPortal
  Not used: /home/ec2-user/arduino-testlib/cli-datadir/user/libraries/FreeRTOS
  Not used: /home/ec2-user/arduino-testlib/cli-datadir/user/libraries/FreeRTOS_SAMD51
</pre>
					
					<h4>examples/power</h4>
					<p>
						Result: <b>FAIL</b>
					</p>
					<pre class="pre-scrollable">In file included from /home/ec2-user/arduino-testlib/cli-datadir/user/libraries/STM32duino_FreeRTOS/src/FreeRTOS/Source/include/portable.h:52:0,
                 from /home/ec2-user/arduino-testlib/cli-datadir/user/libraries/STM32duino_FreeRTOS/src/FreeRTOS/Source/include/FreeRTOS.h:62,
                 from /home/ec2-user/arduino-testlib/cli-datadir/user/libraries/STM32duino_FreeRTOS/src/FreeRTOS.h:9,
                 from /home/ec2-user/arduino-testlib/cli-datadir/user/libraries/STM32duino_FreeRTOS/src/FreeRTOS/Source/croutine.c:28:
/home/ec2-user/arduino-testlib/cli-datadir/user/libraries/STM32duino_FreeRTOS/src/portmacro.h:9:10: fatal error: stm32_def.h: No such file or directory
 #include &#34;stm32_def.h&#34;
          ^~~~~~~~~~~~~
compilation terminated.
Multiple libraries were found for &#34;list.h&#34;
  Used: /home/ec2-user/arduino-testlib/cli-datadir/user/libraries/STM32duino_FreeRTOS
  Not used: /home/ec2-user/arduino-testlib/cli-datadir/user/libraries/FreeRTOS
  Not used: /home/ec2-user/arduino-testlib/cli-datadir/user/libraries/FreeRTOS_SAMD51
  Not used: /home/ec2-user/arduino-testlib/cli-datadir/user/libraries/GyverPortal
  Not used: /home/ec2-user/arduino-testlib/cli-datadir/user/libraries/FreeRTOS_SAMD21
</pre>
					
				
				<h3 id="arduino:samd:mkrwifi1010">arduino:samd:mkrwifi1010 @ 1.8.12</h3>
				<h4>Inclusion</h4>
				<p>
					Result: <b>FAIL</b>
					
					<br />This library has no main header file so an empty one was created.
					
				</p>
				<pre class="pre-scrollable">/tmp/arduino-testlib2530496298/test/test.ino:1:10: fatal error: rf433.h: No such file or directory
 #include &lt;rf433.h&gt;
          ^~~~~~~~~
compilation terminated.

</pre>

					
					<h4>examples/detect</h4>
					<p>
						Result: <b>FAIL</b>
					</p>
					<pre class="pre-scrollable">WARNING: library dwarf433 claims to run on avr, esp8266 architecture(s) and may be incompatible with your current board which runs on samd architecture(s).
/home/ec2-user/arduino-testlib/cli-datadir/user/libraries/dwarf433/examples/detect/detect.ino: In function &#39;void setup()&#39;:
/home/ec2-user/arduino-testlib/cli-datadir/user/libraries/dwarf433/examples/detect/detect.ino:45:38: error: invalid conversion from &#39;int*&#39; to &#39;unsigned int*&#39; [-fpermissive]
   detector.addDetection(sig1, 46, 0.3);
                                      ^
In file included from /home/ec2-user/arduino-testlib/cli-datadir/user/libraries/dwarf433/examples/detect/detect.ino:30:0:
/home/ec2-user/arduino-testlib/cli-datadir/user/libraries/dwarf433/RF433Detector.h:41:10: note:   initializing argument 1 of &#39;void Detector::addDetection(unsigned int*, unsigned int, float)&#39;
     void addDetection(unsigned int *timings, unsigned int size, float tolerance);
          ^~~~~~~~~~~~
/home/ec2-user/arduino-testlib/cli-datadir/user/libraries/dwarf433/examples/detect/detect.ino:46:38: error: invalid conversion from &#39;int*&#39; to &#39;unsigned int*&#39; [-fpermissive]
   detector.addDetection(sig2, 44, 0.3);
                                      ^
In file included from /home/ec2-user/arduino-testlib/cli-datadir/user/libraries/dwarf433/examples/detect/detect.ino:30:0:
/home/ec2-user/arduino-testlib/cli-datadir/user/libraries/dwarf433/RF433Detector.h:41:10: note:   initializing argument 1 of &#39;void Detector::addDetection(unsigned int*, unsigned int, float)&#39;
     void addDetection(unsigned int *timings, unsigned int size, float tolerance);
          ^~~~~~~~~~~~
Multiple libraries were found for &#34;list.h&#34;
  Used: /home/ec2-user/arduino-testlib/cli-datadir/user/libraries/FreeRTOS_SAMD21
  Not used: /home/ec2-user/arduino-testlib/cli-datadir/user/libraries/STM32duino_FreeRTOS
  Not used: /home/ec2-user/arduino-testlib/cli-datadir/user/libraries/FreeRTOS
  Not used: /home/ec2-user/arduino-testlib/cli-datadir/user/libraries/GyverPortal
  Not used: /home/ec2-user/arduino-testlib/cli-datadir/user/libraries/FreeRTOS_SAMD51
</pre>
					
					<h4>examples/power</h4>
					<p>
						Result: <b>FAIL</b>
					</p>
					<pre class="pre-scrollable">WARNING: library dwarf433 claims to run on avr, esp8266 architecture(s) and may be incompatible with your current board which runs on samd architecture(s).
In file included from /home/ec2-user/arduino-testlib/cli-datadir/user/libraries/dwarf433/RF433Detector.cpp:26:0:
/home/ec2-user/arduino-testlib/cli-datadir/user/libraries/FreeRTOS_SAMD21/src/list.h:57:3: error: #error FreeRTOS.h must be included before list.h
  #error FreeRTOS.h must be included before list.h
 /home/ec2-user/arduino-testlib/cli-datadir/user/libraries/dwarf433/List.cpp: In member function &#39;void List::shrink()&#39;:
/home/ec2-user/arduino-testlib/cli-datadir/user/libraries/dwarf433/List.cpp:62:19: error: invalid conversion from &#39;volatile Elem*&#39; to &#39;Elem*&#39; [-fpermissive]
   Elem *r = head-&gt;next;
             ~~~~~~^~~~
ted.  In most cases this is used to sort the list in descending order. */
                      ^~~~~~~~~~
/home/ec2-user/arduino-testlib/cli-datadir/user/libraries/FreeRTOS_SAMD21/src/list.h:155:22: error: &#39;TickType_t&#39; does not name a type
  configLIST_VOLATILE TickType_t xItemValue;
                      ^~~~~~~~~~
/home/ec2-user/arduino-testlib/cli-datadir/user/libraries/FreeRTOS_SAMD21/src/list.h:167:11: error: &#39;UBaseType_t&#39; does not name a type
  volatile UBaseType_t uxNumberOfItems;
           ^~~~~~~~~~~
/home/ec2-user/arduino-testlib/cli-datadir/user/libraries/FreeRTOS_SAMD21/src/list.h:345:47: error: expected initializer before &#39;PRIVILEGED_FUNCTION&#39;
 void vListInitialise( List_t * const pxList ) PRIVILEGED_FUNCTION;
                                               ^~~~~~~~~~~~~~~~~~~
/home/ec2-user/arduino-testlib/cli-datadir/user/libraries/FreeRTOS_SAMD21/src/list.h:356:55: error: expected initializer before &#39;PRIVILEGED_FUNCTION&#39;
 void vListInitialiseItem( ListItem_t * const pxItem ) PRIVILEGED_FUNCTION;
                                                       ^~~~~~~~~~~~~~~~~~~
/home/ec2-user/arduino-testlib/cli-datadir/user/libraries/FreeRTOS_SAMD21/src/list.h:369:77: error: expected initializer before &#39;PRIVILEGED_FUNCTION&#39;
 void vListInsert( List_t * const pxList, ListItem_t * const pxNewListItem ) PRIVILEGED_FUNCTION;
                                                                             ^~~~~~~~~~~~~~~~~~~
/home/ec2-user/arduino-testlib/cli-datadir/user/libraries/FreeRTOS_SAMD21/src/list.h:390:80: error: expected initializer before &#39;PRIVILEGED_FUNCTION&#39;
 void vListInsertEnd( List_t * const pxList, ListItem_t * const pxNewListItem ) PRIVILEGED_FUNCTION;
                                                                                ^~~~~~~~~~~~~~~~~~~
/home/ec2-user/arduino-testlib/cli-datadir/user/libraries/FreeRTOS_SAMD21/src/list.h:405:1: error: &#39;UBaseType_t&#39; does not name a type
 UBaseType_t uxListRemove( ListItem_t * const pxItemToRemove ) PRIVILEGED_FUNCTION;
 ^~~~~~~~~~~
/home/ec2-user/arduino-testlib/cli-datadir/user/libraries/dwarf433/RF433Detector.cpp: In constructor &#39;Detector::Detector(int, int, int, int)&#39;:
/home/ec2-user/arduino-testlib/cli-datadir/user/libraries/dwarf433/RF433Detector.cpp:38:20: error: invalid conversion from &#39;int*&#39; to &#39;unsigned int*&#39; [-fpermissive]
   currentIndexes = new int[0];
                    ^~~~~~~~~~
/home/ec2-user/arduino-testlib/cli-datadir/user/libraries/dwarf433/RF433Detector.cpp: In member function &#39;void Detector::addDetection(unsigned int*, unsigned int, float)&#39;:
/home/ec2-user/arduino-testlib/cli-datadir/user/libraries/dwarf433/RF433Detector.cpp:62:20: error: invalid conversion from &#39;int*&#39; to &#39;unsigned int*&#39; [-fpermissive]
   currentIndexes = c;
                    ^
/home/ec2-user/arduino-testlib/cli-datadir/user/libraries/dwarf433/RF433Detector.cpp:67:49: error: invalid conversion from &#39;int*&#39; to &#39;unsigned int*&#39; [-fpermissive]
   dt[dtSize] = DetectorTiming{t, size, tolerance};
                                                 ^
/home/ec2-user/arduino-testlib/cli-datadir/user/libraries/dwarf433/RF433Detector.cpp: In member function &#39;void Detector::checkDetected(bool*)&#39;:
/home/ec2-user/arduino-testlib/cli-datadir/user/libraries/dwarf433/RF433Detector.cpp:85:21: error: invalid conversion from &#39;unsigned int*&#39; to &#39;int*&#39; [-fpermissive]
       int *sig = dt.timings;
                  ~~~^~~~~~~
Multiple libraries were found for &#34;list.h&#34;
  Used: /home/ec2-user/arduino-testlib/cli-datadir/user/libraries/FreeRTOS_SAMD21
  Not used: /home/ec2-user/arduino-testlib/cli-datadir/user/libraries/STM32duino_FreeRTOS
  Not used: /home/ec2-user/arduino-testlib/cli-datadir/user/libraries/FreeRTOS
  Not used: /home/ec2-user/arduino-testlib/cli-datadir/user/libraries/FreeRTOS_SAMD51
  Not used: /home/ec2-user/arduino-testlib/cli-datadir/user/libraries/GyverPortal
</pre>
					
				
				<h3 id="esp32:esp32:d1_mini32">esp32:esp32:d1_mini32 @ 1.0.6</h3>
				<h4>Inclusion</h4>
				<p>
					Result: <b>FAIL</b>
					
					<br />This library has no main header file so an empty one was created.
					
				</p>
				<pre class="pre-scrollable">/tmp/arduino-testlib2530496298/test/test.ino:1:19: fatal error: rf433.h: No such file or directory
compilation terminated.

</pre>

					
					<h4>examples/detect</h4>
					<p>
						Result: <b>FAIL</b>
					</p>
					<pre class="pre-scrollable">WARNING: library dwarf433 claims to run on avr, esp8266 architecture(s) and may be incompatible with your current board which runs on esp32 architecture(s).
/home/ec2-user/arduino-testlib/cli-datadir/user/libraries/dwarf433/examples/detect/detect.ino: In function &#39;void setup()&#39;:
/home/ec2-user/arduino-testlib/cli-datadir/user/libraries/dwarf433/examples/detect/detect.ino:45:38: error: invalid conversion from &#39;int*&#39; to &#39;unsigned int*&#39; [-fpermissive]
   detector.addDetection(sig1, 46, 0.3);
                                      ^
In file included from /home/ec2-user/arduino-testlib/cli-datadir/user/libraries/dwarf433/examples/detect/detect.ino:30:0:
/home/ec2-user/arduino-testlib/cli-datadir/user/libraries/dwarf433/RF433Detector.h:41:10: note:   initializing argument 1 of &#39;void Detector::addDetection(unsigned int*, unsigned int, float)&#39;
     void addDetection(unsigned int *timings, unsigned int size, float tolerance);
          ^
/home/ec2-user/arduino-testlib/cli-datadir/user/libraries/dwarf433/examples/detect/detect.ino:46:38: error: invalid conversion from &#39;int*&#39; to &#39;unsigned int*&#39; [-fpermissive]
   detector.addDetection(sig2, 44, 0.3);
                                      ^
In file included from /home/ec2-user/arduino-testlib/cli-datadir/user/libraries/dwarf433/examples/detect/detect.ino:30:0:
/home/ec2-user/arduino-testlib/cli-datadir/user/libraries/dwarf433/RF433Detector.h:41:10: note:   initializing argument 1 of &#39;void Detector::addDetection(unsigned int*, unsigned int, float)&#39;
     void addDetection(unsigned int *timings, unsigned int size, float tolerance);
          ^
Multiple libraries were found for &#34;list.h&#34;
  Used: /home/ec2-user/arduino-testlib/cli-datadir/user/libraries/GyverPortal
  Not used: /home/ec2-user/arduino-testlib/cli-datadir/user/libraries/FreeRTOS
  Not used: /home/ec2-user/arduino-testlib/cli-datadir/user/libraries/STM32duino_FreeRTOS
  Not used: /home/ec2-user/arduino-testlib/cli-datadir/user/libraries/FreeRTOS_SAMD21
  Not used: /home/ec2-user/arduino-testlib/cli-datadir/user/libraries/FreeRTOS_SAMD51
</pre>
					
					<h4>examples/power</h4>
					<p>
						Result: <b>FAIL</b>
					</p>
					<pre class="pre-scrollable">WARNING: library dwarf433 claims to run on avr, esp8266 architecture(s) and may be incompatible with your current board which runs on esp32 architecture(s).
In file included from /home/ec2-user/arduino-testlib/cli-datadir/user/libraries/dwarf433/RF433Detector.cpp:26:0:
/home/ec2-user/arduino-testlib/cli-datadir/user/libraries/GyverPortal/src/list.h:16:8: error: redefinition of &#39;struct List&#39;
 struct List {
        ^
In file included from /home/ec2-user/arduino-te/home/ec2-user/arduino-testlib/cli-datadir/user/libraries/dwarf433/List.cpp: In member function &#39;void List::shrink()&#39;:
/home/ec2-user/arduino-testlib/cli-datadir/user/libraries/dwarf433/List.cpp:62:19: error: invalid conversion from &#39;volatile Elem*&#39; to &#39;Elem*&#39; [-fpermissive]
   Elem *r = head-&gt;next;
                   ^
/home/ec2-user/arduino-testlib/cli-datadir/user/libraries/dwarf433/RF433Detector.cpp: In constructor &#39;Detector::Detector(int, int, int, int)&#39;:
/home/ec2-user/arduino-testlib/cli-datadir/user/libraries/dwarf433/RF433Detector.cpp:38:18: error: invalid conversion from &#39;int*&#39; to &#39;unsigned int*&#39; [-fpermissive]
   currentIndexes = new int[0];
                  ^
/home/ec2-user/arduino-testlib/cli-datadir/user/libraries/dwarf433/RF433Detector.cpp: In member function &#39;void Detector::addDetection(unsigned int*, unsigned int, float)&#39;:
/home/ec2-user/arduino-testlib/cli-datadir/user/libraries/dwarf433/RF433Detector.cpp:62:18: error: invalid conversion from &#39;int*&#39; to &#39;unsigned int*&#39; [-fpermissive]
   currentIndexes = c;
                  ^
/home/ec2-user/arduino-testlib/cli-datadir/user/libraries/dwarf433/RF433Detector.cpp:67:49: error: invalid conversion from &#39;int*&#39; to &#39;unsigned int*&#39; [-fpermissive]
   dt[dtSize] = DetectorTiming{t, size, tolerance};
                                                 ^
/home/ec2-user/arduino-testlib/cli-datadir/user/libraries/dwarf433/RF433Detector.cpp: In member function &#39;void Detector::checkDetected(bool*)&#39;:
/home/ec2-user/arduino-testlib/cli-datadir/user/libraries/dwarf433/RF433Detector.cpp:85:21: error: invalid conversion from &#39;unsigned int*&#39; to &#39;int*&#39; [-fpermissive]
       int *sig = dt.timings;
                     ^
Multiple libraries were found for &#34;list.h&#34;
  Used: /home/ec2-user/arduino-testlib/cli-datadir/user/libraries/GyverPortal
  Not used: /home/ec2-user/arduino-testlib/cli-datadir/user/libraries/FreeRTOS_SAMD21
  Not used: /home/ec2-user/arduino-testlib/cli-datadir/user/libraries/FreeRTOS_SAMD51
  Not used: /home/ec2-user/arduino-testlib/cli-datadir/user/libraries/STM32duino_FreeRTOS
  Not used: /home/ec2-user/arduino-testlib/cli-datadir/user/libraries/FreeRTOS
</pre>
					
				
			</div>
		</div>
	</div>
  </body>
</html>
