
<!doctype html>
<html lang="en">
  <head>
    <meta charset="utf-8">
    <meta name="viewport" content="width=device-width, initial-scale=1">
    <link href="https://cdn.jsdelivr.net/npm/bootstrap@5.0.2/dist/css/bootstrap.min.css" rel="stylesheet" integrity="sha384-EVSTQN3/azprG1Anm3QDgpJLIm9Nao0Yz1ztcQTwFspd3yD65VohhpuuCOmLASjC" crossorigin="anonymous">
    <title>arduino-testlib report</title>
	<style>
	.pass { background-color: #00FF00 !important; }
	.fail { background-color: #FF0000 !important; }
	</style>
  </head>
  <body>
	<div class="container">
		<div class="row">
			<div class="col">
				<h1>EasyPin - compatibility matrix</h1>
				<p>
					<small>This report was generated on Monday, 21-Feb-22 12:00:25 CET using 
					<a href="https://github.com/alranel/arduino-testlib">arduino-testlib</a>.</small>
				</p>

				<h2>EasyPin</h2>
				<p>
					Version: <b>0.1.3</b>
					<br />
					<a href="https://www.arduino.cc/reference/en/libraries/easypin/">More details</a>
				</p>

				<h2>Compatibility matrix</h2>
				<table class="table table-bordered">
					<tr>
						<th>Board</th>
						<th>Claims compatibility</th>
						<th>Inclusion</th>
						
						<th><pre>EasyPin-Blink</pre></th>
						
						<th><pre>EasyPin-Button</pre></th>
						
						<th><pre>EasyPin-Button-Pullup</pre></th>
						
					</tr>
					
					<tr>
						<td>
							<a href="#arduino%3aavr%3auno"><b>arduino:avr:uno</b></a>
							<br />
							<small>1.8.4</small>
						</td>

						
							<td>Yes</td>
							<td class="pass">PASS</td>
						
						
						
						

						
							
								
									
										
											<td class="pass">PASS</td>
											
										
									
										
									
										
									
								
							
								
							
								
							
								
							
								
							
						
							
								
									
										
									
										
											<td class="pass">PASS</td>
											
										
									
										
									
								
							
								
							
								
							
								
							
								
							
						
							
								
									
										
									
										
									
										
											<td class="pass">PASS</td>
											
										
									
								
							
								
							
								
							
								
							
								
							
						
					</tr>
					
					<tr>
						<td>
							<a href="#arduino%3ambed_nano%3ananorp2040connect"><b>arduino:mbed_nano:nanorp2040connect</b></a>
							<br />
							<small>2.7.2</small>
						</td>

						
							<td>Yes</td>
							<td class="pass">PASS</td>
						
						
						
						

						
							
								
							
								
									
										
											<td class="pass">PASS</td>
											
										
									
										
									
										
									
								
							
								
							
								
							
								
							
						
							
								
							
								
									
										
									
										
											<td class="pass">PASS</td>
											
										
									
										
									
								
							
								
							
								
							
								
							
						
							
								
							
								
									
										
									
										
									
										
											<td class="pass">PASS</td>
											
										
									
								
							
								
							
								
							
								
							
						
					</tr>
					
					<tr>
						<td>
							<a href="#arduino%3amegaavr%3anona4809"><b>arduino:megaavr:nona4809</b></a>
							<br />
							<small>1.8.7</small>
						</td>

						
							<td>Yes</td>
							<td class="pass">PASS</td>
						
						
						
						

						
							
								
							
								
							
								
									
										
											<td class="pass">PASS</td>
											
										
									
										
									
										
									
								
							
								
							
								
							
						
							
								
							
								
							
								
									
										
									
										
											<td class="pass">PASS</td>
											
										
									
										
									
								
							
								
							
								
							
						
							
								
							
								
							
								
									
										
									
										
									
										
											<td class="pass">PASS</td>
											
										
									
								
							
								
							
								
							
						
					</tr>
					
					<tr>
						<td>
							<a href="#arduino%3asamd%3amkrwifi1010"><b>arduino:samd:mkrwifi1010</b></a>
							<br />
							<small>1.8.12</small>
						</td>

						
							<td>Yes</td>
							<td class="pass">PASS</td>
						
						
						
						

						
							
								
							
								
							
								
							
								
									
										
											<td class="pass">PASS</td>
											
										
									
										
									
										
									
								
							
								
							
						
							
								
							
								
							
								
							
								
									
										
									
										
											<td class="pass">PASS</td>
											
										
									
										
									
								
							
								
							
						
							
								
							
								
							
								
							
								
									
										
									
										
									
										
											<td class="pass">PASS</td>
											
										
									
								
							
								
							
						
					</tr>
					
					<tr>
						<td>
							<a href="#esp32%3aesp32%3ad1_mini32"><b>esp32:esp32:d1_mini32</b></a>
							<br />
							<small>1.0.6</small>
						</td>

						
						
						
							<td>Yes ⚠️</td>
							<td class="fail">FAIL</td>
						
						

						
							
								
							
								
							
								
							
								
							
								
									
										
											
											<td class="fail">FAIL</td>
										
									
										
									
										
									
								
							
						
							
								
							
								
							
								
							
								
							
								
									
										
									
										
											
											<td class="fail">FAIL</td>
										
									
										
									
								
							
						
							
								
							
								
							
								
							
								
							
								
									
										
									
										
									
										
											
											<td class="fail">FAIL</td>
										
									
								
							
						
					</tr>
					
				</table>

				<h2>Compilation logs</h2>
				
				<h3 id="arduino:avr:uno">arduino:avr:uno @ 1.8.4</h3>
				<h4>Inclusion</h4>
				<p>
					Result: <b>PASS</b>
					
				</p>
				<pre class="pre-scrollable">Sketch uses 444 bytes (1%) of program storage space. Maximum is 32256 bytes.
Global variables use 9 bytes (0%) of dynamic memory, leaving 2039 bytes for local variables. Maximum is 2048 bytes.
</pre>

					
					<h4>examples/EasyPin-Blink</h4>
					<p>
						Result: <b>PASS</b>
					</p>
					<pre class="pre-scrollable">Sketch uses 1174 bytes (3%) of program storage space. Maximum is 32256 bytes.
Global variables use 16 bytes (0%) of dynamic memory, leaving 2032 bytes for local variables. Maximum is 2048 bytes.
</pre>
					
					<h4>examples/EasyPin-Button</h4>
					<p>
						Result: <b>PASS</b>
					</p>
					<pre class="pre-scrollable">Sketch uses 1120 bytes (3%) of program storage space. Maximum is 32256 bytes.
Global variables use 23 bytes (1%) of dynamic memory, leaving 2025 bytes for local variables. Maximum is 2048 bytes.
</pre>
					
					<h4>examples/EasyPin-Button-Pullup</h4>
					<p>
						Result: <b>PASS</b>
					</p>
					<pre class="pre-scrollable">Sketch uses 1120 bytes (3%) of program storage space. Maximum is 32256 bytes.
Global variables use 23 bytes (1%) of dynamic memory, leaving 2025 bytes for local variables. Maximum is 2048 bytes.
</pre>
					
				
				<h3 id="arduino:mbed_nano:nanorp2040connect">arduino:mbed_nano:nanorp2040connect @ 2.7.2</h3>
				<h4>Inclusion</h4>
				<p>
					Result: <b>PASS</b>
					
				</p>
				<pre class="pre-scrollable">Sketch uses 78756 bytes (0%) of program storage space. Maximum is 16777216 bytes.
Global variables use 43444 bytes (16%) of dynamic memory, leaving 226892 bytes for local variables. Maximum is 270336 bytes.
</pre>

					
					<h4>examples/EasyPin-Blink</h4>
					<p>
						Result: <b>PASS</b>
					</p>
					<pre class="pre-scrollable">Sketch uses 79268 bytes (0%) of program storage space. Maximum is 16777216 bytes.
Global variables use 43460 bytes (16%) of dynamic memory, leaving 226876 bytes for local variables. Maximum is 270336 bytes.
</pre>
					
					<h4>examples/EasyPin-Button</h4>
					<p>
						Result: <b>PASS</b>
					</p>
					<pre class="pre-scrollable">Sketch uses 79396 bytes (0%) of program storage space. Maximum is 16777216 bytes.
Global variables use 43472 bytes (16%) of dynamic memory, leaving 226864 bytes for local variables. Maximum is 270336 bytes.
</pre>
					
					<h4>examples/EasyPin-Button-Pullup</h4>
					<p>
						Result: <b>PASS</b>
					</p>
					<pre class="pre-scrollable">Sketch uses 79396 bytes (0%) of program storage space. Maximum is 16777216 bytes.
Global variables use 43472 bytes (16%) of dynamic memory, leaving 226864 bytes for local variables. Maximum is 270336 bytes.
</pre>
					
				
				<h3 id="arduino:megaavr:nona4809">arduino:megaavr:nona4809 @ 1.8.7</h3>
				<h4>Inclusion</h4>
				<p>
					Result: <b>PASS</b>
					
				</p>
				<pre class="pre-scrollable">Sketch uses 802 bytes (1%) of program storage space. Maximum is 49152 bytes.
Global variables use 22 bytes (0%) of dynamic memory, leaving 6122 bytes for local variables. Maximum is 6144 bytes.
</pre>

					
					<h4>examples/EasyPin-Blink</h4>
					<p>
						Result: <b>PASS</b>
					</p>
					<pre class="pre-scrollable">Sketch uses 1688 bytes (3%) of program storage space. Maximum is 49152 bytes.
Global variables use 29 bytes (0%) of dynamic memory, leaving 6115 bytes for local variables. Maximum is 6144 bytes.
</pre>
					
					<h4>examples/EasyPin-Button</h4>
					<p>
						Result: <b>PASS</b>
					</p>
					<pre class="pre-scrollable">Sketch uses 1550 bytes (3%) of program storage space. Maximum is 49152 bytes.
Global variables use 36 bytes (0%) of dynamic memory, leaving 6108 bytes for local variables. Maximum is 6144 bytes.
</pre>
					
					<h4>examples/EasyPin-Button-Pullup</h4>
					<p>
						Result: <b>PASS</b>
					</p>
					<pre class="pre-scrollable">Sketch uses 1550 bytes (3%) of program storage space. Maximum is 49152 bytes.
Global variables use 36 bytes (0%) of dynamic memory, leaving 6108 bytes for local variables. Maximum is 6144 bytes.
</pre>
					
				
				<h3 id="arduino:samd:mkrwifi1010">arduino:samd:mkrwifi1010 @ 1.8.12</h3>
				<h4>Inclusion</h4>
				<p>
					Result: <b>PASS</b>
					
				</p>
				<pre class="pre-scrollable">Sketch uses 12156 bytes (4%) of program storage space. Maximum is 262144 bytes.
Global variables use 2996 bytes (9%) of dynamic memory, leaving 29772 bytes for local variables. Maximum is 32768 bytes.
</pre>

					
					<h4>examples/EasyPin-Blink</h4>
					<p>
						Result: <b>PASS</b>
					</p>
					<pre class="pre-scrollable">Sketch uses 12332 bytes (4%) of program storage space. Maximum is 262144 bytes.
Global variables use 3008 bytes (9%) of dynamic memory, leaving 29760 bytes for local variables. Maximum is 32768 bytes.
</pre>
					
					<h4>examples/EasyPin-Button</h4>
					<p>
						Result: <b>PASS</b>
					</p>
					<pre class="pre-scrollable">Sketch uses 12420 bytes (4%) of program storage space. Maximum is 262144 bytes.
Global variables use 3020 bytes (9%) of dynamic memory, leaving 29748 bytes for local variables. Maximum is 32768 bytes.
</pre>
					
					<h4>examples/EasyPin-Button-Pullup</h4>
					<p>
						Result: <b>PASS</b>
					</p>
					<pre class="pre-scrollable">Sketch uses 12420 bytes (4%) of program storage space. Maximum is 262144 bytes.
Global variables use 3020 bytes (9%) of dynamic memory, leaving 29748 bytes for local variables. Maximum is 32768 bytes.
</pre>
					
				
				<h3 id="esp32:esp32:d1_mini32">esp32:esp32:d1_mini32 @ 1.0.6</h3>
				<h4>Inclusion</h4>
				<p>
					Result: <b>FAIL</b>
					
				</p>
				<pre class="pre-scrollable">In file included from /tmp/arduino-testlib3079995708/test/test.ino:1:0:
/home/ec2-user/arduino-testlib/cli-datadir/user/libraries/EasyPin/EasyPin.h:37:16: error: expected &#39;{&#39; before &#39;::&#39; token
 namespace zsoft::io::utilities {
                ^
/home/ec2-user/arduino-testlib/cli-datadir/user/libraries/EasyPin/EasyPin.h:37:18: error: &#39;io&#39; in namespace &#39;::&#39; does not name a type
 namespace zsoft::io::utilities {
                  ^
/tmp/arduino-testlib3079995708/test/test.ino:3:14: error: expected &#39;}&#39; at end of input
 void loop() {}
              ^

</pre>

					
					<h4>examples/EasyPin-Blink</h4>
					<p>
						Result: <b>FAIL</b>
					</p>
					<pre class="pre-scrollable">In file included from /home/ec2-user/arduino-testlib/cli-datadir/user/libraries/EasyPin/examples/EasyPin-Blink/EasyPin-Blink.ino:18:0:
/home/ec2-user/arduino-testlib/cli-datadir/user/libraries/EasyPin/EasyPin.h:37:16: error: expected &#39;{&#39; before &#39;::&#39; token
 namespace zsoft::io::utilities {
                ^
/home/ec2-user/arduino-testlib/cli-datadir/user/libraries/EasyPin/EasyPin.h:37:18: error: &#39;io&#39; in namespace &#39;::&#39; does not name a type
 namespace zsoft::io::utilities {
                  ^
/home/ec2-user/arduino-testlib/cli-datadir/user/libraries/EasyPin/examples/EasyPin-Blink/EasyPin-Blink.ino:22:24: error: &#39;zsoft::io&#39; has not been declared
 using namespace zsoft::io::utilities;
                        ^
/home/ec2-user/arduino-testlib/cli-datadir/user/libraries/EasyPin/examples/EasyPin-Blink/EasyPin-Blink.ino:22:28: error: &#39;utilities&#39; is not a namespace-name
 using namespace zsoft::io::utilities;
                            ^
/home/ec2-user/arduino-testlib/cli-datadir/user/libraries/EasyPin/examples/EasyPin-Blink/EasyPin-Blink.ino:22:37: error: expected namespace-name before &#39;;&#39; token
 using namespace zsoft::io::utilities;
                                     ^
/home/ec2-user/arduino-testlib/cli-datadir/user/libraries/EasyPin/examples/EasyPin-Blink/EasyPin-Blink.ino:28:1: error: &#39;EasyPin&#39; does not name a type
 EasyPin led(LED_BUILTIN, PinType::OUT);
 ^
/home/ec2-user/arduino-testlib/cli-datadir/user/libraries/EasyPin/examples/EasyPin-Blink/EasyPin-Blink.ino: In function &#39;void zsoft::setup()&#39;:
/home/ec2-user/arduino-testlib/cli-datadir/user/libraries/EasyPin/examples/EasyPin-Blink/EasyPin-Blink.ino:34:5: error: &#39;led&#39; was not declared in this scope
     led.init();       // [REQUIRED]
     ^
/home/ec2-user/arduino-testlib/cli-datadir/user/libraries/EasyPin/examples/EasyPin-Blink/EasyPin-Blink.ino: In function &#39;void zsoft::loop()&#39;:
/home/ec2-user/arduino-testlib/cli-datadir/user/libraries/EasyPin/examples/EasyPin-Blink/EasyPin-Blink.ino:40:5: error: &#39;led&#39; was not declared in this scope
     led.on();         // turn the LED on
     ^
/home/ec2-user/arduino-testlib/cli-datadir/user/libraries/EasyPin/examples/EasyPin-Blink/EasyPin-Blink.ino: At global scope:
/home/ec2-user/arduino-testlib/cli-datadir/user/libraries/EasyPin/examples/EasyPin-Blink/EasyPin-Blink.ino:44:1: error: expected &#39;}&#39; at end of input
 }
 ^

</pre>
					
					<h4>examples/EasyPin-Button</h4>
					<p>
						Result: <b>FAIL</b>
					</p>
					<pre class="pre-scrollable">In file included from /home/ec2-user/arduino-testlib/cli-datadir/user/libraries/EasyPin/examples/EasyPin-Button/EasyPin-Button.ino:21:0:
/home/ec2-user/arduino-testlib/cli-datadir/user/libraries/EasyPin/EasyPin.h:37:16: error: expected &#39;{&#39; before &#39;::&#39; token
 namespace zsoft::io::utilities {
                ^
/home/ec2-user/arduino-testlib/cli-datadir/user/libraries/EasyPin/EasyPin.h:37:18: error: &#39;io&#39; in namespace &#39;::&#39; does not name a type
 namespace zsoft::io::utilities {
                  ^
/home/ec2-user/arduino-testlib/cli-datadir/user/libraries/EasyPin/examples/EasyPin-Button/EasyPin-Button.ino:25:24: error: &#39;zsoft::io&#39; has not been declared
 using namespace zsoft::io::utilities;
                        ^
/home/ec2-user/arduino-testlib/cli-datadir/user/libraries/EasyPin/examples/EasyPin-Button/EasyPin-Button.ino:25:28: error: &#39;utilities&#39; is not a namespace-name
 using namespace zsoft::io::utilities;
                            ^
/home/ec2-user/arduino-testlib/cli-datadir/user/libraries/EasyPin/examples/EasyPin-Button/EasyPin-Button.ino:25:37: error: expected namespace-name before &#39;;&#39; token
 using namespace zsoft::io::utilities;
                                     ^
/home/ec2-user/arduino-testlib/cli-datadir/user/libraries/EasyPin/examples/EasyPin-Button/EasyPin-Button.ino:29:1: error: &#39;EasyPin&#39; does not name a type
 EasyPin button(A2, PinType::IN);
 ^
/home/ec2-user/arduino-testlib/cli-datadir/user/libraries/EasyPin/examples/EasyPin-Button/EasyPin-Button.ino:32:1: error: &#39;EasyPin&#39; does not name a type
 EasyPin    led(13, PinType::OUT);
 ^
/home/ec2-user/arduino-testlib/cli-datadir/user/libraries/EasyPin/examples/EasyPin-Button/EasyPin-Button.ino: In function &#39;void zsoft::setup()&#39;:
/home/ec2-user/arduino-testlib/cli-datadir/user/libraries/EasyPin/examples/EasyPin-Button/EasyPin-Button.ino:35:5: error: &#39;led&#39; was not declared in this scope
     led.init();
     ^
/home/ec2-user/arduino-testlib/cli-datadir/user/libraries/EasyPin/examples/EasyPin-Button/EasyPin-Button.ino:36:5: error: &#39;button&#39; was not declared in this scope
     button.init();
     ^
/home/ec2-user/arduino-testlib/cli-datadir/user/libraries/EasyPin/examples/EasyPin-Button/EasyPin-Button.ino: In function &#39;void zsoft::loop()&#39;:
/home/ec2-user/arduino-testlib/cli-datadir/user/libraries/EasyPin/examples/EasyPin-Button/EasyPin-Button.ino:43:9: error: &#39;button&#39; was not declared in this scope
     if (button.readValue()) {
         ^
/home/ec2-user/arduino-testlib/cli-datadir/user/libraries/EasyPin/examples/EasyPin-Button/EasyPin-Button.ino:45:9: error: &#39;led&#39; was not declared in this scope
         led.on();
         ^
/home/ec2-user/arduino-testlib/cli-datadir/user/libraries/EasyPin/examples/EasyPin-Button/EasyPin-Button.ino:48:9: error: &#39;led&#39; was not declared in this scope
         led.off();
         ^
/home/ec2-user/arduino-testlib/cli-datadir/user/libraries/EasyPin/examples/EasyPin-Button/EasyPin-Button.ino: At global scope:
/home/ec2-user/arduino-testlib/cli-datadir/user/libraries/EasyPin/examples/EasyPin-Button/EasyPin-Button.ino:50:1: error: expected &#39;}&#39; at end of input
 }
 ^

</pre>
					
					<h4>examples/EasyPin-Button-Pullup</h4>
					<p>
						Result: <b>FAIL</b>
					</p>
					<pre class="pre-scrollable">In file included from /home/ec2-user/arduino-testlib/cli-datadir/user/libraries/EasyPin/examples/EasyPin-Button-Pullup/EasyPin-Button-Pullup.ino:21:0:
/home/ec2-user/arduino-testlib/cli-datadir/user/libraries/EasyPin/EasyPin.h:37:16: error: expected &#39;{&#39; before &#39;::&#39; token
 namespace zsoft::io::utilities {
                ^
/home/ec2-user/arduino-testlib/cli-datadir/user/libraries/EasyPin/EasyPin.h:37:18: error: &#39;io&#39; in namespace &#39;::&#39; does not name a type
 namespace zsoft::io::utilities {
                  ^
/home/ec2-user/arduino-testlib/cli-datadir/user/libraries/EasyPin/examples/EasyPin-Button-Pullup/EasyPin-Button-Pullup.ino:25:24: error: &#39;zsoft::io&#39; has not been declared
 using namespace zsoft::io::utilities;
                        ^
/home/ec2-user/arduino-testlib/cli-datadir/user/libraries/EasyPin/examples/EasyPin-Button-Pullup/EasyPin-Button-Pullup.ino:25:28: error: &#39;utilities&#39; is not a namespace-name
 using namespace zsoft::io::utilities;
                            ^
/home/ec2-user/arduino-testlib/cli-datadir/user/libraries/EasyPin/examples/EasyPin-Button-Pullup/EasyPin-Button-Pullup.ino:25:37: error: expected namespace-name before &#39;;&#39; token
 using namespace zsoft::io::utilities;
                                     ^
/home/ec2-user/arduino-testlib/cli-datadir/user/libraries/EasyPin/examples/EasyPin-Button-Pullup/EasyPin-Button-Pullup.ino:29:1: error: &#39;EasyPin&#39; does not name a type
 EasyPin button(A2, PinType::PULLUP);
 ^
/home/ec2-user/arduino-testlib/cli-datadir/user/libraries/EasyPin/examples/EasyPin-Button-Pullup/EasyPin-Button-Pullup.ino:32:1: error: &#39;EasyPin&#39; does not name a type
 EasyPin    led(13, PinType::OUT);
 ^
/home/ec2-user/arduino-testlib/cli-datadir/user/libraries/EasyPin/examples/EasyPin-Button-Pullup/EasyPin-Button-Pullup.ino: In function &#39;void zsoft::setup()&#39;:
/home/ec2-user/arduino-testlib/cli-datadir/user/libraries/EasyPin/examples/EasyPin-Button-Pullup/EasyPin-Button-Pullup.ino:35:5: error: &#39;led&#39; was not declared in this scope
     led.init();
     ^
/home/ec2-user/arduino-testlib/cli-datadir/user/libraries/EasyPin/examples/EasyPin-Button-Pullup/EasyPin-Button-Pullup.ino:36:5: error: &#39;button&#39; was not declared in this scope
     button.init();
     ^
/home/ec2-user/arduino-testlib/cli-datadir/user/libraries/EasyPin/examples/EasyPin-Button-Pullup/EasyPin-Button-Pullup.ino: In function &#39;void zsoft::loop()&#39;:
/home/ec2-user/arduino-testlib/cli-datadir/user/libraries/EasyPin/examples/EasyPin-Button-Pullup/EasyPin-Button-Pullup.ino:43:9: error: &#39;button&#39; was not declared in this scope
     if (button.readValue()) {
         ^
/home/ec2-user/arduino-testlib/cli-datadir/user/libraries/EasyPin/examples/EasyPin-Button-Pullup/EasyPin-Button-Pullup.ino:45:9: error: &#39;led&#39; was not declared in this scope
         led.on();
         ^
/home/ec2-user/arduino-testlib/cli-datadir/user/libraries/EasyPin/examples/EasyPin-Button-Pullup/EasyPin-Button-Pullup.ino:48:9: error: &#39;led&#39; was not declared in this scope
         led.off();
         ^
/home/ec2-user/arduino-testlib/cli-datadir/user/libraries/EasyPin/examples/EasyPin-Button-Pullup/EasyPin-Button-Pullup.ino: At global scope:
/home/ec2-user/arduino-testlib/cli-datadir/user/libraries/EasyPin/examples/EasyPin-Button-Pullup/EasyPin-Button-Pullup.ino:50:1: error: expected &#39;}&#39; at end of input
 }
 ^

</pre>
					
				
			</div>
		</div>
	</div>
  </body>
</html>
