
<!doctype html>
<html lang="en">
  <head>
    <meta charset="utf-8">
    <meta name="viewport" content="width=device-width, initial-scale=1">
    <link href="https://cdn.jsdelivr.net/npm/bootstrap@5.0.2/dist/css/bootstrap.min.css" rel="stylesheet" integrity="sha384-EVSTQN3/azprG1Anm3QDgpJLIm9Nao0Yz1ztcQTwFspd3yD65VohhpuuCOmLASjC" crossorigin="anonymous">
    <title>arduino-testlib report</title>
	<style>
	.pass { background-color: #00FF00 !important; }
	.fail { background-color: #FF0000 !important; }
	</style>
  </head>
  <body>
	<div class="container">
		<div class="row">
			<div class="col">
				<h1>EasyButtonAtInt01 - compatibility matrix</h1>
				<p>
					<small>This report was generated on Monday, 21-Feb-22 12:00:25 CET using 
					<a href="https://github.com/alranel/arduino-testlib">arduino-testlib</a>.</small>
				</p>

				<h2>EasyButtonAtInt01</h2>
				<p>
					Version: <b>3.3.0</b>
					<br />
					<a href="https://www.arduino.cc/reference/en/libraries/easybuttonatint01/">More details</a>
				</p>

				<h2>Compatibility matrix</h2>
				<table class="table table-bordered">
					<tr>
						<th>Board</th>
						<th>Claims compatibility</th>
						<th>Inclusion</th>
						
						<th><pre>Callback</pre></th>
						
						<th><pre>DebounceTest</pre></th>
						
						<th><pre>EasyButtonExample</pre></th>
						
						<th><pre>OneButton</pre></th>
						
					</tr>
					
					<tr>
						<td>
							<a href="#arduino%3aavr%3auno"><b>arduino:avr:uno</b></a>
							<br />
							<small>1.8.4</small>
						</td>

						
							<td>Yes</td>
							<td class="pass">PASS</td>
						
						
						
						

						
							
								
									
										
											<td class="pass">PASS</td>
											
										
									
										
									
										
									
										
									
								
							
								
							
								
							
								
							
								
							
						
							
								
									
										
									
										
											<td class="pass">PASS</td>
											
										
									
										
									
										
									
								
							
								
							
								
							
								
							
								
							
						
							
								
									
										
									
										
									
										
											<td class="pass">PASS</td>
											
										
									
										
									
								
							
								
							
								
							
								
							
								
							
						
							
								
									
										
									
										
									
										
									
										
											<td class="pass">PASS</td>
											
										
									
								
							
								
							
								
							
								
							
								
							
						
					</tr>
					
					<tr>
						<td>
							<a href="#arduino%3ambed_nano%3ananorp2040connect"><b>arduino:mbed_nano:nanorp2040connect</b></a>
							<br />
							<small>2.7.2</small>
						</td>

						
						
							<td>No ⚠️</td>
							<td class="pass">PASS</td>
						
						
						

						
							
								
							
								
									
										
											
											<td class="fail">FAIL</td>
										
									
										
									
										
									
										
									
								
							
								
							
								
							
								
							
						
							
								
							
								
									
										
									
										
											
											<td class="fail">FAIL</td>
										
									
										
									
										
									
								
							
								
							
								
							
								
							
						
							
								
							
								
									
										
									
										
									
										
											
											<td class="fail">FAIL</td>
										
									
										
									
								
							
								
							
								
							
								
							
						
							
								
							
								
									
										
									
										
									
										
									
										
											
											<td class="fail">FAIL</td>
										
									
								
							
								
							
								
							
								
							
						
					</tr>
					
					<tr>
						<td>
							<a href="#arduino%3amegaavr%3anona4809"><b>arduino:megaavr:nona4809</b></a>
							<br />
							<small>1.8.7</small>
						</td>

						
						
							<td>No ⚠️</td>
							<td class="pass">PASS</td>
						
						
						

						
							
								
							
								
							
								
									
										
											
											<td class="fail">FAIL</td>
										
									
										
									
										
									
										
									
								
							
								
							
								
							
						
							
								
							
								
							
								
									
										
									
										
											
											<td class="fail">FAIL</td>
										
									
										
									
										
									
								
							
								
							
								
							
						
							
								
							
								
							
								
									
										
									
										
									
										
											
											<td class="fail">FAIL</td>
										
									
										
									
								
							
								
							
								
							
						
							
								
							
								
							
								
									
										
									
										
									
										
									
										
											
											<td class="fail">FAIL</td>
										
									
								
							
								
							
								
							
						
					</tr>
					
					<tr>
						<td>
							<a href="#arduino%3asamd%3amkrwifi1010"><b>arduino:samd:mkrwifi1010</b></a>
							<br />
							<small>1.8.12</small>
						</td>

						
						
							<td>No ⚠️</td>
							<td class="pass">PASS</td>
						
						
						

						
							
								
							
								
							
								
							
								
									
										
											
											<td class="fail">FAIL</td>
										
									
										
									
										
									
										
									
								
							
								
							
						
							
								
							
								
							
								
							
								
									
										
									
										
											
											<td class="fail">FAIL</td>
										
									
										
									
										
									
								
							
								
							
						
							
								
							
								
							
								
							
								
									
										
									
										
									
										
											
											<td class="fail">FAIL</td>
										
									
										
									
								
							
								
							
						
							
								
							
								
							
								
							
								
									
										
									
										
									
										
									
										
											
											<td class="fail">FAIL</td>
										
									
								
							
								
							
						
					</tr>
					
					<tr>
						<td>
							<a href="#esp32%3aesp32%3ad1_mini32"><b>esp32:esp32:d1_mini32</b></a>
							<br />
							<small>1.0.6</small>
						</td>

						
						
							<td>No ⚠️</td>
							<td class="pass">PASS</td>
						
						
						

						
							
								
							
								
							
								
							
								
							
								
									
										
											
											<td class="fail">FAIL</td>
										
									
										
									
										
									
										
									
								
							
						
							
								
							
								
							
								
							
								
							
								
									
										
									
										
											
											<td class="fail">FAIL</td>
										
									
										
									
										
									
								
							
						
							
								
							
								
							
								
							
								
							
								
									
										
									
										
									
										
											
											<td class="fail">FAIL</td>
										
									
										
									
								
							
						
							
								
							
								
							
								
							
								
							
								
									
										
									
										
									
										
									
										
											
											<td class="fail">FAIL</td>
										
									
								
							
						
					</tr>
					
				</table>

				<h2>Compilation logs</h2>
				
				<h3 id="arduino:avr:uno">arduino:avr:uno @ 1.8.4</h3>
				<h4>Inclusion</h4>
				<p>
					Result: <b>PASS</b>
					
				</p>
				<pre class="pre-scrollable">Sketch uses 444 bytes (1%) of program storage space. Maximum is 32256 bytes.
Global variables use 9 bytes (0%) of dynamic memory, leaving 2039 bytes for local variables. Maximum is 2048 bytes.
</pre>

					
					<h4>examples/Callback</h4>
					<p>
						Result: <b>PASS</b>
					</p>
					<pre class="pre-scrollable">Sketch uses 3200 bytes (9%) of program storage space. Maximum is 32256 bytes.
Global variables use 209 bytes (10%) of dynamic memory, leaving 1839 bytes for local variables. Maximum is 2048 bytes.
</pre>
					
					<h4>examples/DebounceTest</h4>
					<p>
						Result: <b>PASS</b>
					</p>
					<pre class="pre-scrollable">Sketch uses 3104 bytes (9%) of program storage space. Maximum is 32256 bytes.
Global variables use 211 bytes (10%) of dynamic memory, leaving 1837 bytes for local variables. Maximum is 2048 bytes.
</pre>
					
					<h4>examples/EasyButtonExample</h4>
					<p>
						Result: <b>PASS</b>
					</p>
					<pre class="pre-scrollable">Sketch uses 3344 bytes (10%) of program storage space. Maximum is 32256 bytes.
Global variables use 252 bytes (12%) of dynamic memory, leaving 1796 bytes for local variables. Maximum is 2048 bytes.
</pre>
					
					<h4>examples/OneButton</h4>
					<p>
						Result: <b>PASS</b>
					</p>
					<pre class="pre-scrollable">Sketch uses 2522 bytes (7%) of program storage space. Maximum is 32256 bytes.
Global variables use 209 bytes (10%) of dynamic memory, leaving 1839 bytes for local variables. Maximum is 2048 bytes.
</pre>
					
				
				<h3 id="arduino:mbed_nano:nanorp2040connect">arduino:mbed_nano:nanorp2040connect @ 2.7.2</h3>
				<h4>Inclusion</h4>
				<p>
					Result: <b>PASS</b>
					
				</p>
				<pre class="pre-scrollable">Sketch uses 78756 bytes (0%) of program storage space. Maximum is 16777216 bytes.
Global variables use 43444 bytes (16%) of dynamic memory, leaving 226892 bytes for local variables. Maximum is 270336 bytes.
</pre>

					
					<h4>examples/Callback</h4>
					<p>
						Result: <b>FAIL</b>
					</p>
					<pre class="pre-scrollable">WARNING: library EasyButtonAtInt01 claims to run on avr architecture(s) and may be incompatible with your current board which runs on mbed_nano architecture(s).
/home/ec2-user/arduino-testlib/cli-datadir/user/libraries/EasyButtonAtInt01/examples/Callback/Callback.ino:35:1: error: &#39;EasyButton&#39; does not name a type
 EasyButton Button0AtPin2(&amp;handleButtonPress, &amp;handleButtonRelease); // Button is connected to INT0 (pin2)
 ^~~~~~~~~~
/home/ec2-user/arduino-testlib/cli-datadir/user/libraries/EasyButtonAtInt01/examples/Callback/Callback.ino: In function &#39;void setup()&#39;:
/home/ec2-user/arduino-testlib/cli-datadir/user/libraries/EasyButtonAtInt01/examples/Callback/Callback.ino:56:69: error: expected &#39;)&#39; before &#39;VERSION_EASY_BUTTON&#39;
     Serial.println(F(&#34;START &#34; __FILE__ &#34;\r\nUsing library version &#34; VERSION_EASY_BUTTON &#34; from &#34; __DATE__));
                                                                     ^~~~~~~~~~~~~~~~~~~
/home/ec2-user/arduino-testlib/cli-datadir/user/libraries/EasyButtonAtInt01/examples/Callback/Callback.ino: In function &#39;void handleButtonPress(bool)&#39;:
/home/ec2-user/arduino-testlib/cli-datadir/user/libraries/EasyButtonAtInt01/examples/Callback/Callback.ino:80:9: error: &#39;Button0AtPin2&#39; was not declared in this scope
     if (Button0AtPin2.checkForDoublePress(300)) {
         ^~~~~~~~~~~~~
/home/ec2-user/arduino-testlib/cli-datadir/user/libraries/EasyButtonAtInt01/examples/Callback/Callback.ino: In function &#39;void handleButtonRelease(bool, uint16_t)&#39;:
/home/ec2-user/arduino-testlib/cli-datadir/user/libraries/EasyButtonAtInt01/examples/Callback/Callback.ino:100:39: error: &#39;EASY_BUTTON_LONG_PRESS_DEFAULT_MILLIS&#39; was not declared in this scope
     if (aButtonPressDurationMillis &gt;= EASY_BUTTON_LONG_PRESS_DEFAULT_MILLIS) {
                                       ^~~~~~~~~~~~~~~~~~~~~~~~~~~~~~~~~~~~~
/home/ec2-user/arduino-testlib/cli-datadir/user/libraries/EasyButtonAtInt01/examples/Callback/Callback.ino:107:9: error: &#39;Button0AtPin2&#39; was not declared in this scope
         Button0AtPin2.ButtonToggleState = false;
         ^~~~~~~~~~~~~

</pre>
					
					<h4>examples/DebounceTest</h4>
					<p>
						Result: <b>FAIL</b>
					</p>
					<pre class="pre-scrollable">WARNING: library EasyButtonAtInt01 claims to run on avr architecture(s) and may be incompatible with your current board which runs on mbed_nano architecture(s).
/home/ec2-user/arduino-testlib/cli-datadir/user/libraries/EasyButtonAtInt01/examples/DebounceTest/DebounceTest.ino:38:1: error: &#39;EasyButton&#39; does not name a type
 EasyButton Button0AtPin2; // Only 1. button (USE_BUTTON_0) enabled -&gt; button is connected to INT0
 ^~~~~~~~~~
/home/ec2-user/arduino-testlib/cli-datadir/user/libraries/EasyButtonAtInt01/examples/DebounceTest/DebounceTest.ino: In function &#39;void setup()&#39;:
/home/ec2-user/arduino-testlib/cli-datadir/user/libraries/EasyButtonAtInt01/examples/DebounceTest/DebounceTest.ino:60:69: error: expected &#39;)&#39; before &#39;VERSION_EASY_BUTTON&#39;
     Serial.println(F(&#34;START &#34; __FILE__ &#34;\r\nUsing library version &#34; VERSION_EASY_BUTTON &#34; from &#34; __DATE__));
                                                                     ^~~~~~~~~~~~~~~~~~~
/home/ec2-user/arduino-testlib/cli-datadir/user/libraries/EasyButtonAtInt01/examples/DebounceTest/DebounceTest.ino: In function &#39;void loop()&#39;:
/home/ec2-user/arduino-testlib/cli-datadir/user/libraries/EasyButtonAtInt01/examples/DebounceTest/DebounceTest.ino:67:31: error: &#39;Button0AtPin2&#39; was not declared in this scope
     digitalWrite(LED_BUILTIN, Button0AtPin2.ButtonToggleState);
                               ^~~~~~~~~~~~~

</pre>
					
					<h4>examples/EasyButtonExample</h4>
					<p>
						Result: <b>FAIL</b>
					</p>
					<pre class="pre-scrollable">WARNING: library EasyButtonAtInt01 claims to run on avr architecture(s) and may be incompatible with your current board which runs on mbed_nano architecture(s).
/home/ec2-user/arduino-testlib/cli-datadir/user/libraries/EasyButtonAtInt01/examples/EasyButtonExample/EasyButtonExample.ino:65:1: error: &#39;EasyButton&#39; does not name a type
 EasyButton Button0AtPin2(&amp;handleButtonPress);       // Only callback parameter -&gt; button is connected to INT0
 ^~~~~~~~~~
/home/ec2-user/arduino-testlib/cli-datadir/user/libraries/EasyButtonAtInt01/examples/EasyButtonExample/EasyButtonExample.ino:66:1: error: &#39;EasyButton&#39; does not name a type
 EasyButton Button1AtPin3(BUTTON_AT_INT1_OR_PCINT);  // Button is connected to INT1 or PCINT[0:7]
 ^~~~~~~~~~
/home/ec2-user/arduino-testlib/cli-datadir/user/libraries/EasyButtonAtInt01/examples/EasyButtonExample/EasyButtonExample.ino: In function &#39;void setup()&#39;:
/home/ec2-user/arduino-testlib/cli-datadir/user/libraries/EasyButtonAtInt01/examples/EasyButtonExample/EasyButtonExample.ino:79:69: error: expected &#39;)&#39; before &#39;VERSION_EASY_BUTTON&#39;
     Serial.println(F(&#34;START &#34; __FILE__ &#34;\r\nUsing library version &#34; VERSION_EASY_BUTTON &#34; from &#34; __DATE__));
                                                                     ^~~~~~~~~~~~~~~~~~~
/home/ec2-user/arduino-testlib/cli-datadir/user/libraries/EasyButtonAtInt01/examples/EasyButtonExample/EasyButtonExample.ino: In function &#39;void loop()&#39;:
/home/ec2-user/arduino-testlib/cli-datadir/user/libraries/EasyButtonAtInt01/examples/EasyButtonExample/EasyButtonExample.ino:88:5: error: &#39;Button1AtPin3&#39; was not declared in this scope
     Button1AtPin3.updateButtonState(); // this is ONLY required if we expect a regular button press which is shorter than BUTTON_DEBOUNCING_MILLIS!
     ^~~~~~~~~~~~~
/home/ec2-user/arduino-testlib/cli-datadir/user/libraries/EasyButtonAtInt01/examples/EasyButtonExample/EasyButtonExample.ino: In function &#39;void handleButtonPress(bool)&#39;:
/home/ec2-user/arduino-testlib/cli-datadir/user/libraries/EasyButtonAtInt01/examples/EasyButtonExample/EasyButtonExample.ino:114:9: error: &#39;Button0AtPin2&#39; was not declared in this scope
     if (Button0AtPin2.checkForDoublePress()) {
         ^~~~~~~~~~~~~

</pre>
					
					<h4>examples/OneButton</h4>
					<p>
						Result: <b>FAIL</b>
					</p>
					<pre class="pre-scrollable">WARNING: library EasyButtonAtInt01 claims to run on avr architecture(s) and may be incompatible with your current board which runs on mbed_nano architecture(s).
/home/ec2-user/arduino-testlib/cli-datadir/user/libraries/EasyButtonAtInt01/examples/OneButton/OneButton.ino:43:1: error: &#39;EasyButton&#39; does not name a type
 EasyButton Button0AtPin2; // Only 1. button (USE_BUTTON_0) enabled -&gt; button is connected to INT0
 ^~~~~~~~~~
/home/ec2-user/arduino-testlib/cli-datadir/user/libraries/EasyButtonAtInt01/examples/OneButton/OneButton.ino: In function &#39;void setup()&#39;:
/home/ec2-user/arduino-testlib/cli-datadir/user/libraries/EasyButtonAtInt01/examples/OneButton/OneButton.ino:53:69: error: expected &#39;)&#39; before &#39;VERSION_EASY_BUTTON&#39;
     Serial.println(F(&#34;START &#34; __FILE__ &#34;\r\nUsing library version &#34; VERSION_EASY_BUTTON &#34; from &#34; __DATE__));
                                                                     ^~~~~~~~~~~~~~~~~~~
/home/ec2-user/arduino-testlib/cli-datadir/user/libraries/EasyButtonAtInt01/examples/OneButton/OneButton.ino: In function &#39;void loop()&#39;:
/home/ec2-user/arduino-testlib/cli-datadir/user/libraries/EasyButtonAtInt01/examples/OneButton/OneButton.ino:62:9: error: &#39;Button0AtPin2&#39; was not declared in this scope
     if (Button0AtPin2.ButtonStateHasJustChanged) {
         ^~~~~~~~~~~~~

</pre>
					
				
				<h3 id="arduino:megaavr:nona4809">arduino:megaavr:nona4809 @ 1.8.7</h3>
				<h4>Inclusion</h4>
				<p>
					Result: <b>PASS</b>
					
				</p>
				<pre class="pre-scrollable">Sketch uses 802 bytes (1%) of program storage space. Maximum is 49152 bytes.
Global variables use 22 bytes (0%) of dynamic memory, leaving 6122 bytes for local variables. Maximum is 6144 bytes.
</pre>

					
					<h4>examples/Callback</h4>
					<p>
						Result: <b>FAIL</b>
					</p>
					<pre class="pre-scrollable">WARNING: library EasyButtonAtInt01 claims to run on avr architecture(s) and may be incompatible with your current board which runs on megaavr architecture(s).
In file included from /home/ec2-user/arduino-testlib/cli-datadir/user/libraries/EasyButtonAtInt01/examples/Callback/Callback.ino:31:0:
/home/ec2-user/arduino-testlib/cli-datadir/user/libraries/EasyButtonAtInt01/src/EasyButtonAtInt01.hpp: In member function &#39;void EasyButton::init(bool)&#39;:
/home/ec2-user/arduino-testlib/cli-datadir/user/libraries/EasyButtonAtInt01/src/EasyButtonAtInt01.hpp:188:5: error: &#39;EICRA&#39; was not declared in this scope
     EICRA |= (1 &lt;&lt; ISC00);  // interrupt on any logical change
     ^~~~~
/home/ec2-user/arduino-testlib/cli-datadir/user/libraries/EasyButtonAtInt01/src/EasyButtonAtInt01.hpp:188:20: error: &#39;ISC00&#39; was not declared in this scope
     EICRA |= (1 &lt;&lt; ISC00);  // interrupt on any logical change
                    ^~~~~
/home/ec2-user/arduino-testlib/cli-datadir/user/libraries/EasyButtonAtInt01/src/EasyButtonAtInt01.hpp:189:5: error: &#39;EIFR&#39; was not declared in this scope
     EIFR |= 1 &lt;&lt; INTF0;// clear interrupt bit
     ^~~~
/home/ec2-user/arduino-testlib/cli-datadir/user/libraries/EasyButtonAtInt01/src/EasyButtonAtInt01.hpp:189:5: note: suggested alternative: &#39;EOF&#39;
     EIFR |= 1 &lt;&lt; INTF0;// clear interrupt bit
     ^~~~
     EOF
/home/ec2-user/arduino-testlib/cli-datadir/user/libraries/EasyButtonAtInt01/src/EasyButtonAtInt01.hpp:189:18: error: &#39;INTF0&#39; was not declared in this scope
     EIFR |= 1 &lt;&lt; INTF0;// clear interrupt bit
                  ^~~~~
/home/ec2-user/arduino-testlib/cli-datadir/user/libraries/EasyButtonAtInt01/src/EasyButtonAtInt01.hpp:190:5: error: &#39;EIMSK&#39; was not declared in this scope
     EIMSK |= 1 &lt;&lt; INT0;// enable interrupt on next change
     ^~~~~
/home/ec2-user/arduino-testlib/cli-datadir/user/libraries/EasyButtonAtInt01/src/EasyButtonAtInt01.hpp:190:19: error: &#39;INT0&#39; was not declared in this scope
     EIMSK |= 1 &lt;&lt; INT0;// enable interrupt on next change
                   ^~~~
/home/ec2-user/arduino-testlib/cli-datadir/user/libraries/EasyButtonAtInt01/src/EasyButtonAtInt01.hpp:190:19: note: suggested alternative: &#39;PIN0&#39;
     EIMSK |= 1 &lt;&lt; INT0;// enable interrupt on next change
                   ^~~~
                   PIN0
In file included from /home/ec2-user/arduino-testlib/cli-datadir/user/libraries/EasyButtonAtInt01/src/EasyButtonAtInt01.hpp:39:0,
                 from /home/ec2-user/arduino-testlib/cli-datadir/user/libraries/EasyButtonAtInt01/examples/Callback/Callback.ino:31:
/home/ec2-user/arduino-testlib/cli-datadir/user/libraries/EasyButtonAtInt01/src/EasyButtonAtInt01.hpp: In member function &#39;bool EasyButton::readButtonState()&#39;:
/home/ec2-user/arduino-testlib/cli-datadir/user/libraries/EasyButtonAtInt01/src/EasyButtonAtInt01.h:215:24: error: &#39;PIND&#39; was not declared in this scope
 #define INT0_IN_PORT  (PIND)
                        ^
/home/ec2-user/arduino-testlib/cli-datadir/user/libraries/EasyButtonAtInt01/src/EasyButtonAtInt01.hpp:308:14: note: in expansion of macro &#39;INT0_IN_PORT&#39;
     return !(INT0_IN_PORT &amp; _BV(INT0_BIT));  //  = digitalReadFast(2);
              ^~~~~~~~~~~~
/home/ec2-user/arduino-testlib/cli-datadir/user/libraries/EasyButtonAtInt01/src/EasyButtonAtInt01.h:215:24: note: suggested alternative: &#39;PIN0&#39;
 #define INT0_IN_PORT  (PIND)
                        ^
/home/ec2-user/arduino-testlib/cli-datadir/user/libraries/EasyButtonAtInt01/src/EasyButtonAtInt01.hpp:308:14: note: in expansion of macro &#39;INT0_IN_PORT&#39;
     return !(INT0_IN_PORT &amp; _BV(INT0_BIT));  //  = digitalReadFast(2);
              ^~~~~~~~~~~~
/home/ec2-user/arduino-testlib/cli-datadir/user/libraries/EasyButtonAtInt01/src/EasyButtonAtInt01.hpp: In member function &#39;void EasyButton::handleINT01Interrupts()&#39;:
/home/ec2-user/arduino-testlib/cli-datadir/user/libraries/EasyButtonAtInt01/src/EasyButtonAtInt01.h:215:24: error: &#39;PIND&#39; was not declared in this scope
 #define INT0_IN_PORT  (PIND)
                        ^
/home/ec2-user/arduino-testlib/cli-datadir/user/libraries/EasyButtonAtInt01/src/EasyButtonAtInt01.hpp:473:35: note: in expansion of macro &#39;INT0_IN_PORT&#39;
     tCurrentButtonStateIsActive = INT0_IN_PORT &amp; _BV(INT0_BIT);  //  = digitalReadFast(2);
                                   ^~~~~~~~~~~~
/home/ec2-user/arduino-testlib/cli-datadir/user/libraries/EasyButtonAtInt01/src/EasyButtonAtInt01.h:215:24: note: suggested alternative: &#39;PIN0&#39;
 #define INT0_IN_PORT  (PIND)
                        ^
/home/ec2-user/arduino-testlib/cli-datadir/user/libraries/EasyButtonAtInt01/src/EasyButtonAtInt01.hpp:473:35: note: in expansion of macro &#39;INT0_IN_PORT&#39;
     tCurrentButtonStateIsActive = INT0_IN_PORT &amp; _BV(INT0_BIT);  //  = digitalReadFast(2);
                                   ^~~~~~~~~~~~

</pre>
					
					<h4>examples/DebounceTest</h4>
					<p>
						Result: <b>FAIL</b>
					</p>
					<pre class="pre-scrollable">WARNING: library EasyButtonAtInt01 claims to run on avr architecture(s) and may be incompatible with your current board which runs on megaavr architecture(s).
In file included from /home/ec2-user/arduino-testlib/cli-datadir/user/libraries/EasyButtonAtInt01/examples/DebounceTest/DebounceTest.ino:36:0:
/home/ec2-user/arduino-testlib/cli-datadir/user/libraries/EasyButtonAtInt01/src/EasyButtonAtInt01.hpp: In member function &#39;void EasyButton::init(bool)&#39;:
/home/ec2-user/arduino-testlib/cli-datadir/user/libraries/EasyButtonAtInt01/src/EasyButtonAtInt01.hpp:188:5: error: &#39;EICRA&#39; was not declared in this scope
     EICRA |= (1 &lt;&lt; ISC00);  // interrupt on any logical change
     ^~~~~
/home/ec2-user/arduino-testlib/cli-datadir/user/libraries/EasyButtonAtInt01/src/EasyButtonAtInt01.hpp:188:20: error: &#39;ISC00&#39; was not declared in this scope
     EICRA |= (1 &lt;&lt; ISC00);  // interrupt on any logical change
                    ^~~~~
/home/ec2-user/arduino-testlib/cli-datadir/user/libraries/EasyButtonAtInt01/src/EasyButtonAtInt01.hpp:189:5: error: &#39;EIFR&#39; was not declared in this scope
     EIFR |= 1 &lt;&lt; INTF0;// clear interrupt bit
     ^~~~
/home/ec2-user/arduino-testlib/cli-datadir/user/libraries/EasyButtonAtInt01/src/EasyButtonAtInt01.hpp:189:5: note: suggested alternative: &#39;EOF&#39;
     EIFR |= 1 &lt;&lt; INTF0;// clear interrupt bit
     ^~~~
     EOF
/home/ec2-user/arduino-testlib/cli-datadir/user/libraries/EasyButtonAtInt01/src/EasyButtonAtInt01.hpp:189:18: error: &#39;INTF0&#39; was not declared in this scope
     EIFR |= 1 &lt;&lt; INTF0;// clear interrupt bit
                  ^~~~~
/home/ec2-user/arduino-testlib/cli-datadir/user/libraries/EasyButtonAtInt01/src/EasyButtonAtInt01.hpp:190:5: error: &#39;EIMSK&#39; was not declared in this scope
     EIMSK |= 1 &lt;&lt; INT0;// enable interrupt on next change
     ^~~~~
/home/ec2-user/arduino-testlib/cli-datadir/user/libraries/EasyButtonAtInt01/src/EasyButtonAtInt01.hpp:190:19: error: &#39;INT0&#39; was not declared in this scope
     EIMSK |= 1 &lt;&lt; INT0;// enable interrupt on next change
                   ^~~~
/home/ec2-user/arduino-testlib/cli-datadir/user/libraries/EasyButtonAtInt01/src/EasyButtonAtInt01.hpp:190:19: note: suggested alternative: &#39;PIN0&#39;
     EIMSK |= 1 &lt;&lt; INT0;// enable interrupt on next change
                   ^~~~
                   PIN0
In file included from /home/ec2-user/arduino-testlib/cli-datadir/user/libraries/EasyButtonAtInt01/src/EasyButtonAtInt01.hpp:39:0,
                 from /home/ec2-user/arduino-testlib/cli-datadir/user/libraries/EasyButtonAtInt01/examples/DebounceTest/DebounceTest.ino:36:
/home/ec2-user/arduino-testlib/cli-datadir/user/libraries/EasyButtonAtInt01/src/EasyButtonAtInt01.hpp: In member function &#39;bool EasyButton::readButtonState()&#39;:
/home/ec2-user/arduino-testlib/cli-datadir/user/libraries/EasyButtonAtInt01/src/EasyButtonAtInt01.h:215:24: error: &#39;PIND&#39; was not declared in this scope
 #define INT0_IN_PORT  (PIND)
                        ^
/home/ec2-user/arduino-testlib/cli-datadir/user/libraries/EasyButtonAtInt01/src/EasyButtonAtInt01.hpp:308:14: note: in expansion of macro &#39;INT0_IN_PORT&#39;
     return !(INT0_IN_PORT &amp; _BV(INT0_BIT));  //  = digitalReadFast(2);
              ^~~~~~~~~~~~
/home/ec2-user/arduino-testlib/cli-datadir/user/libraries/EasyButtonAtInt01/src/EasyButtonAtInt01.h:215:24: note: suggested alternative: &#39;PIN0&#39;
 #define INT0_IN_PORT  (PIND)
                        ^
/home/ec2-user/arduino-testlib/cli-datadir/user/libraries/EasyButtonAtInt01/src/EasyButtonAtInt01.hpp:308:14: note: in expansion of macro &#39;INT0_IN_PORT&#39;
     return !(INT0_IN_PORT &amp; _BV(INT0_BIT));  //  = digitalReadFast(2);
              ^~~~~~~~~~~~
/home/ec2-user/arduino-testlib/cli-datadir/user/libraries/EasyButtonAtInt01/src/EasyButtonAtInt01.hpp: In member function &#39;void EasyButton::handleINT01Interrupts()&#39;:
/home/ec2-user/arduino-testlib/cli-datadir/user/libraries/EasyButtonAtInt01/src/EasyButtonAtInt01.h:215:24: error: &#39;PIND&#39; was not declared in this scope
 #define INT0_IN_PORT  (PIND)
                        ^
/home/ec2-user/arduino-testlib/cli-datadir/user/libraries/EasyButtonAtInt01/src/EasyButtonAtInt01.hpp:473:35: note: in expansion of macro &#39;INT0_IN_PORT&#39;
     tCurrentButtonStateIsActive = INT0_IN_PORT &amp; _BV(INT0_BIT);  //  = digitalReadFast(2);
                                   ^~~~~~~~~~~~
/home/ec2-user/arduino-testlib/cli-datadir/user/libraries/EasyButtonAtInt01/src/EasyButtonAtInt01.h:215:24: note: suggested alternative: &#39;PIN0&#39;
 #define INT0_IN_PORT  (PIND)
                        ^
/home/ec2-user/arduino-testlib/cli-datadir/user/libraries/EasyButtonAtInt01/src/EasyButtonAtInt01.hpp:473:35: note: in expansion of macro &#39;INT0_IN_PORT&#39;
     tCurrentButtonStateIsActive = INT0_IN_PORT &amp; _BV(INT0_BIT);  //  = digitalReadFast(2);
                                   ^~~~~~~~~~~~

</pre>
					
					<h4>examples/EasyButtonExample</h4>
					<p>
						Result: <b>FAIL</b>
					</p>
					<pre class="pre-scrollable">WARNING: library EasyButtonAtInt01 claims to run on avr architecture(s) and may be incompatible with your current board which runs on megaavr architecture(s).
In file included from /home/ec2-user/arduino-testlib/cli-datadir/user/libraries/EasyButtonAtInt01/examples/EasyButtonExample/EasyButtonExample.ino:61:0:
/home/ec2-user/arduino-testlib/cli-datadir/user/libraries/EasyButtonAtInt01/src/EasyButtonAtInt01.hpp: In member function &#39;void EasyButton::init(bool)&#39;:
/home/ec2-user/arduino-testlib/cli-datadir/user/libraries/EasyButtonAtInt01/src/EasyButtonAtInt01.hpp:244:9: error: &#39;EICRA&#39; was not declared in this scope
         EICRA |= (1 &lt;&lt; ISC00);  // interrupt on any logical change
         ^~~~~
/home/ec2-user/arduino-testlib/cli-datadir/user/libraries/EasyButtonAtInt01/src/EasyButtonAtInt01.hpp:244:24: error: &#39;ISC00&#39; was not declared in this scope
         EICRA |= (1 &lt;&lt; ISC00);  // interrupt on any logical change
                        ^~~~~
/home/ec2-user/arduino-testlib/cli-datadir/user/libraries/EasyButtonAtInt01/src/EasyButtonAtInt01.hpp:245:9: error: &#39;EIFR&#39; was not declared in this scope
         EIFR |= 1 &lt;&lt; INTF0;     // clear interrupt bit
         ^~~~
/home/ec2-user/arduino-testlib/cli-datadir/user/libraries/EasyButtonAtInt01/src/EasyButtonAtInt01.hpp:245:9: note: suggested alternative: &#39;EOF&#39;
         EIFR |= 1 &lt;&lt; INTF0;     // clear interrupt bit
         ^~~~
         EOF
/home/ec2-user/arduino-testlib/cli-datadir/user/libraries/EasyButtonAtInt01/src/EasyButtonAtInt01.hpp:245:22: error: &#39;INTF0&#39; was not declared in this scope
         EIFR |= 1 &lt;&lt; INTF0;     // clear interrupt bit
                      ^~~~~
/home/ec2-user/arduino-testlib/cli-datadir/user/libraries/EasyButtonAtInt01/src/EasyButtonAtInt01.hpp:246:9: error: &#39;EIMSK&#39; was not declared in this scope
         EIMSK |= 1 &lt;&lt; INT0;     // enable interrupt on next change
         ^~~~~
/home/ec2-user/arduino-testlib/cli-datadir/user/libraries/EasyButtonAtInt01/src/EasyButtonAtInt01.hpp:246:23: error: &#39;INT0&#39; was not declared in this scope
         EIMSK |= 1 &lt;&lt; INT0;     // enable interrupt on next change
                       ^~~~
/home/ec2-user/arduino-testlib/cli-datadir/user/libraries/EasyButtonAtInt01/src/EasyButtonAtInt01.hpp:246:23: note: suggested alternative: &#39;PIN0&#39;
         EIMSK |= 1 &lt;&lt; INT0;     // enable interrupt on next change
                       ^~~~
                       PIN0
/home/ec2-user/arduino-testlib/cli-datadir/user/libraries/EasyButtonAtInt01/src/EasyButtonAtInt01.hpp:270:9: error: &#39;GIMSK&#39; was not declared in this scope
         GIMSK |= 1 &lt;&lt; PCIE; // PCINT enable, we have only one
         ^~~~~
/home/ec2-user/arduino-testlib/cli-datadir/user/libraries/EasyButtonAtInt01/src/EasyButtonAtInt01.hpp:270:23: error: &#39;PCIE&#39; was not declared in this scope
         GIMSK |= 1 &lt;&lt; PCIE; // PCINT enable, we have only one
                       ^~~~
/home/ec2-user/arduino-testlib/cli-datadir/user/libraries/EasyButtonAtInt01/src/EasyButtonAtInt01.hpp:270:23: note: suggested alternative: &#39;PE&#39;
         GIMSK |= 1 &lt;&lt; PCIE; // PCINT enable, we have only one
                       ^~~~
                       PE
/home/ec2-user/arduino-testlib/cli-datadir/user/libraries/EasyButtonAtInt01/src/EasyButtonAtInt01.hpp:271:9: error: &#39;PCMSK&#39; was not declared in this scope
         PCMSK = digitalPinToBitMask(INT1_PIN);
         ^~~~~
In file included from /home/ec2-user/arduino-testlib/cli-datadir/user/libraries/EasyButtonAtInt01/src/EasyButtonAtInt01.hpp:39:0,
                 from /home/ec2-user/arduino-testlib/cli-datadir/user/libraries/EasyButtonAtInt01/examples/EasyButtonExample/EasyButtonExample.ino:61:
/home/ec2-user/arduino-testlib/cli-datadir/user/libraries/EasyButtonAtInt01/src/EasyButtonAtInt01.hpp: In member function &#39;bool EasyButton::readButtonState()&#39;:
/home/ec2-user/arduino-testlib/cli-datadir/user/libraries/EasyButtonAtInt01/src/EasyButtonAtInt01.h:215:24: error: &#39;PIND&#39; was not declared in this scope
 #define INT0_IN_PORT  (PIND)
                        ^
/home/ec2-user/arduino-testlib/cli-datadir/user/libraries/EasyButtonAtInt01/src/EasyButtonAtInt01.hpp:327:18: note: in expansion of macro &#39;INT0_IN_PORT&#39;
         return !(INT0_IN_PORT &amp; _BV(INT0_BIT));  //  = digitalReadFast(2);
                  ^~~~~~~~~~~~
/home/ec2-user/arduino-testlib/cli-datadir/user/libraries/EasyButtonAtInt01/src/EasyButtonAtInt01.h:215:24: note: suggested alternative: &#39;PIN0&#39;
 #define INT0_IN_PORT  (PIND)
                        ^
/home/ec2-user/arduino-testlib/cli-datadir/user/libraries/EasyButtonAtInt01/src/EasyButtonAtInt01.hpp:327:18: note: in expansion of macro &#39;INT0_IN_PORT&#39;
         return !(INT0_IN_PORT &amp; _BV(INT0_BIT));  //  = digitalReadFast(2);
                  ^~~~~~~~~~~~
/home/ec2-user/arduino-testlib/cli-datadir/user/libraries/EasyButtonAtInt01/src/EasyButtonAtInt01.h:225:24: error: &#39;PIND&#39; was not declared in this scope
 #define INT1_IN_PORT  (PIND)
                        ^
/home/ec2-user/arduino-testlib/cli-datadir/user/libraries/EasyButtonAtInt01/src/EasyButtonAtInt01.hpp:329:18: note: in expansion of macro &#39;INT1_IN_PORT&#39;
         return !(INT1_IN_PORT &amp; _BV(INT1_BIT));  //  = digitalReadFast(3);
                  ^~~~~~~~~~~~
/home/ec2-user/arduino-testlib/cli-datadir/user/libraries/EasyButtonAtInt01/src/EasyButtonAtInt01.h:225:24: note: suggested alternative: &#39;PIN0&#39;
 #define INT1_IN_PORT  (PIND)
                        ^
/home/ec2-user/arduino-testlib/cli-datadir/user/libraries/EasyButtonAtInt01/src/EasyButtonAtInt01.hpp:329:18: note: in expansion of macro &#39;INT1_IN_PORT&#39;
         return !(INT1_IN_PORT &amp; _BV(INT1_BIT));  //  = digitalReadFast(3);
                  ^~~~~~~~~~~~
/home/ec2-user/arduino-testlib/cli-datadir/user/libraries/EasyButtonAtInt01/src/EasyButtonAtInt01.hpp: In member function &#39;void EasyButton::handleINT01Interrupts()&#39;:
/home/ec2-user/arduino-testlib/cli-datadir/user/libraries/EasyButtonAtInt01/src/EasyButtonAtInt01.h:215:24: error: &#39;PIND&#39; was not declared in this scope
 #define INT0_IN_PORT  (PIND)
                        ^
/home/ec2-user/arduino-testlib/cli-datadir/user/libraries/EasyButtonAtInt01/src/EasyButtonAtInt01.hpp:480:39: note: in expansion of macro &#39;INT0_IN_PORT&#39;
         tCurrentButtonStateIsActive = INT0_IN_PORT &amp; _BV(INT0_BIT);  //  = digitalReadFast(2);
                                       ^~~~~~~~~~~~
/home/ec2-user/arduino-testlib/cli-datadir/user/libraries/EasyButtonAtInt01/src/EasyButtonAtInt01.h:215:24: note: suggested alternative: &#39;PIN0&#39;
 #define INT0_IN_PORT  (PIND)
                        ^
/home/ec2-user/arduino-testlib/cli-datadir/user/libraries/EasyButtonAtInt01/src/EasyButtonAtInt01.hpp:480:39: note: in expansion of macro &#39;INT0_IN_PORT&#39;
         tCurrentButtonStateIsActive = INT0_IN_PORT &amp; _BV(INT0_BIT);  //  = digitalReadFast(2);
                                       ^~~~~~~~~~~~
/home/ec2-user/arduino-testlib/cli-datadir/user/libraries/EasyButtonAtInt01/src/EasyButtonAtInt01.h:225:24: error: &#39;PIND&#39; was not declared in this scope
 #define INT1_IN_PORT  (PIND)
                        ^
/home/ec2-user/arduino-testlib/cli-datadir/user/libraries/EasyButtonAtInt01/src/EasyButtonAtInt01.hpp:482:39: note: in expansion of macro &#39;INT1_IN_PORT&#39;
         tCurrentButtonStateIsActive = INT1_IN_PORT &amp; _BV(INT1_BIT);  //  = digitalReadFast(3);
                                       ^~~~~~~~~~~~
/home/ec2-user/arduino-testlib/cli-datadir/user/libraries/EasyButtonAtInt01/src/EasyButtonAtInt01.h:225:24: note: suggested alternative: &#39;PIN0&#39;
 #define INT1_IN_PORT  (PIND)
                        ^
/home/ec2-user/arduino-testlib/cli-datadir/user/libraries/EasyButtonAtInt01/src/EasyButtonAtInt01.hpp:482:39: note: in expansion of macro &#39;INT1_IN_PORT&#39;
         tCurrentButtonStateIsActive = INT1_IN_PORT &amp; _BV(INT1_BIT);  //  = digitalReadFast(3);
                                       ^~~~~~~~~~~~

</pre>
					
					<h4>examples/OneButton</h4>
					<p>
						Result: <b>FAIL</b>
					</p>
					<pre class="pre-scrollable">WARNING: library EasyButtonAtInt01 claims to run on avr architecture(s) and may be incompatible with your current board which runs on megaavr architecture(s).
In file included from /home/ec2-user/arduino-testlib/cli-datadir/user/libraries/EasyButtonAtInt01/examples/OneButton/OneButton.ino:32:0:
/home/ec2-user/arduino-testlib/cli-datadir/user/libraries/EasyButtonAtInt01/src/EasyButtonAtInt01.hpp: In member function &#39;void EasyButton::init(bool)&#39;:
/home/ec2-user/arduino-testlib/cli-datadir/user/libraries/EasyButtonAtInt01/src/EasyButtonAtInt01.hpp:188:5: error: &#39;EICRA&#39; was not declared in this scope
     EICRA |= (1 &lt;&lt; ISC00);  // interrupt on any logical change
     ^~~~~
/home/ec2-user/arduino-testlib/cli-datadir/user/libraries/EasyButtonAtInt01/src/EasyButtonAtInt01.hpp:188:20: error: &#39;ISC00&#39; was not declared in this scope
     EICRA |= (1 &lt;&lt; ISC00);  // interrupt on any logical change
                    ^~~~~
/home/ec2-user/arduino-testlib/cli-datadir/user/libraries/EasyButtonAtInt01/src/EasyButtonAtInt01.hpp:189:5: error: &#39;EIFR&#39; was not declared in this scope
     EIFR |= 1 &lt;&lt; INTF0;// clear interrupt bit
     ^~~~
/home/ec2-user/arduino-testlib/cli-datadir/user/libraries/EasyButtonAtInt01/src/EasyButtonAtInt01.hpp:189:5: note: suggested alternative: &#39;EOF&#39;
     EIFR |= 1 &lt;&lt; INTF0;// clear interrupt bit
     ^~~~
     EOF
/home/ec2-user/arduino-testlib/cli-datadir/user/libraries/EasyButtonAtInt01/src/EasyButtonAtInt01.hpp:189:18: error: &#39;INTF0&#39; was not declared in this scope
     EIFR |= 1 &lt;&lt; INTF0;// clear interrupt bit
                  ^~~~~
/home/ec2-user/arduino-testlib/cli-datadir/user/libraries/EasyButtonAtInt01/src/EasyButtonAtInt01.hpp:190:5: error: &#39;EIMSK&#39; was not declared in this scope
     EIMSK |= 1 &lt;&lt; INT0;// enable interrupt on next change
     ^~~~~
/home/ec2-user/arduino-testlib/cli-datadir/user/libraries/EasyButtonAtInt01/src/EasyButtonAtInt01.hpp:190:19: error: &#39;INT0&#39; was not declared in this scope
     EIMSK |= 1 &lt;&lt; INT0;// enable interrupt on next change
                   ^~~~
/home/ec2-user/arduino-testlib/cli-datadir/user/libraries/EasyButtonAtInt01/src/EasyButtonAtInt01.hpp:190:19: note: suggested alternative: &#39;PIN0&#39;
     EIMSK |= 1 &lt;&lt; INT0;// enable interrupt on next change
                   ^~~~
                   PIN0
In file included from /home/ec2-user/arduino-testlib/cli-datadir/user/libraries/EasyButtonAtInt01/src/EasyButtonAtInt01.hpp:39:0,
                 from /home/ec2-user/arduino-testlib/cli-datadir/user/libraries/EasyButtonAtInt01/examples/OneButton/OneButton.ino:32:
/home/ec2-user/arduino-testlib/cli-datadir/user/libraries/EasyButtonAtInt01/src/EasyButtonAtInt01.hpp: In member function &#39;bool EasyButton::readButtonState()&#39;:
/home/ec2-user/arduino-testlib/cli-datadir/user/libraries/EasyButtonAtInt01/src/EasyButtonAtInt01.h:215:24: error: &#39;PIND&#39; was not declared in this scope
 #define INT0_IN_PORT  (PIND)
                        ^
/home/ec2-user/arduino-testlib/cli-datadir/user/libraries/EasyButtonAtInt01/src/EasyButtonAtInt01.hpp:308:14: note: in expansion of macro &#39;INT0_IN_PORT&#39;
     return !(INT0_IN_PORT &amp; _BV(INT0_BIT));  //  = digitalReadFast(2);
              ^~~~~~~~~~~~
/home/ec2-user/arduino-testlib/cli-datadir/user/libraries/EasyButtonAtInt01/src/EasyButtonAtInt01.h:215:24: note: suggested alternative: &#39;PIN0&#39;
 #define INT0_IN_PORT  (PIND)
                        ^
/home/ec2-user/arduino-testlib/cli-datadir/user/libraries/EasyButtonAtInt01/src/EasyButtonAtInt01.hpp:308:14: note: in expansion of macro &#39;INT0_IN_PORT&#39;
     return !(INT0_IN_PORT &amp; _BV(INT0_BIT));  //  = digitalReadFast(2);
              ^~~~~~~~~~~~
/home/ec2-user/arduino-testlib/cli-datadir/user/libraries/EasyButtonAtInt01/src/EasyButtonAtInt01.hpp: In member function &#39;void EasyButton::handleINT01Interrupts()&#39;:
/home/ec2-user/arduino-testlib/cli-datadir/user/libraries/EasyButtonAtInt01/src/EasyButtonAtInt01.h:215:24: error: &#39;PIND&#39; was not declared in this scope
 #define INT0_IN_PORT  (PIND)
                        ^
/home/ec2-user/arduino-testlib/cli-datadir/user/libraries/EasyButtonAtInt01/src/EasyButtonAtInt01.hpp:473:35: note: in expansion of macro &#39;INT0_IN_PORT&#39;
     tCurrentButtonStateIsActive = INT0_IN_PORT &amp; _BV(INT0_BIT);  //  = digitalReadFast(2);
                                   ^~~~~~~~~~~~
/home/ec2-user/arduino-testlib/cli-datadir/user/libraries/EasyButtonAtInt01/src/EasyButtonAtInt01.h:215:24: note: suggested alternative: &#39;PIN0&#39;
 #define INT0_IN_PORT  (PIND)
                        ^
/home/ec2-user/arduino-testlib/cli-datadir/user/libraries/EasyButtonAtInt01/src/EasyButtonAtInt01.hpp:473:35: note: in expansion of macro &#39;INT0_IN_PORT&#39;
     tCurrentButtonStateIsActive = INT0_IN_PORT &amp; _BV(INT0_BIT);  //  = digitalReadFast(2);
                                   ^~~~~~~~~~~~

</pre>
					
				
				<h3 id="arduino:samd:mkrwifi1010">arduino:samd:mkrwifi1010 @ 1.8.12</h3>
				<h4>Inclusion</h4>
				<p>
					Result: <b>PASS</b>
					
				</p>
				<pre class="pre-scrollable">Sketch uses 12156 bytes (4%) of program storage space. Maximum is 262144 bytes.
Global variables use 2996 bytes (9%) of dynamic memory, leaving 29772 bytes for local variables. Maximum is 32768 bytes.
</pre>

					
					<h4>examples/Callback</h4>
					<p>
						Result: <b>FAIL</b>
					</p>
					<pre class="pre-scrollable">WARNING: library EasyButtonAtInt01 claims to run on avr architecture(s) and may be incompatible with your current board which runs on samd architecture(s).
/home/ec2-user/arduino-testlib/cli-datadir/user/libraries/EasyButtonAtInt01/examples/Callback/Callback.ino:35:1: error: &#39;EasyButton&#39; does not name a type
 EasyButton Button0AtPin2(&amp;handleButtonPress, &amp;handleButtonRelease); // Button is connected to INT0 (pin2)
 ^~~~~~~~~~
In file included from /home/ec2-user/arduino-testlib/cli-datadir/data/packages/arduino/hardware/samd/1.8.12/cores/arduino/api/String.h:33:0,
                 from /home/ec2-user/arduino-testlib/cli-datadir/data/packages/arduino/hardware/samd/1.8.12/cores/arduino/api/IPAddress.h:24,
                 from /home/ec2-user/arduino-testlib/cli-datadir/data/packages/arduino/hardware/samd/1.8.12/cores/arduino/api/ArduinoAPI.h:30,
                 from /home/ec2-user/arduino-testlib/cli-datadir/data/packages/arduino/hardware/samd/1.8.12/cores/arduino/Arduino.h:23,
                 from /home/ec2-user/arduino-testlib/cli-datadir/user/libraries/EasyButtonAtInt01/examples/Callback/Callback.ino:26:
/home/ec2-user/arduino-testlib/cli-datadir/user/libraries/EasyButtonAtInt01/examples/Callback/Callback.ino: In function &#39;void setup()&#39;:
/home/ec2-user/arduino-testlib/cli-datadir/user/libraries/EasyButtonAtInt01/examples/Callback/Callback.ino:56:69: error: expected &#39;)&#39; before &#39;VERSION_EASY_BUTTON&#39;
     Serial.println(F(&#34;START &#34; __FILE__ &#34;\r\nUsing library version &#34; VERSION_EASY_BUTTON &#34; from &#34; __DATE__));
                                                                     ^
/home/ec2-user/arduino-testlib/cli-datadir/data/packages/arduino/hardware/samd/1.8.12/cores/arduino/api/deprecated-avr-comp/avr/pgmspace.h:34:20: note: in definition of macro &#39;PSTR&#39;
 #define PSTR(str) (str)
                    ^~~
/home/ec2-user/arduino-testlib/cli-datadir/user/libraries/EasyButtonAtInt01/examples/Callback/Callback.ino:56:20: note: in expansion of macro &#39;F&#39;
     Serial.println(F(&#34;START &#34; __FILE__ &#34;\r\nUsing library version &#34; VERSION_EASY_BUTTON &#34; from &#34; __DATE__));
                    ^
/home/ec2-user/arduino-testlib/cli-datadir/user/libraries/EasyButtonAtInt01/examples/Callback/Callback.ino:56:108: error: expected &#39;)&#39; before &#39;;&#39; token
     Serial.println(F(&#34;START &#34; __FILE__ &#34;\r\nUsing library version &#34; VERSION_EASY_BUTTON &#34; from &#34; __DATE__));
                                                                                                            ^
/home/ec2-user/arduino-testlib/cli-datadir/user/libraries/EasyButtonAtInt01/examples/Callback/Callback.ino:56:108: error: expected &#39;)&#39; before &#39;;&#39; token
/home/ec2-user/arduino-testlib/cli-datadir/user/libraries/EasyButtonAtInt01/examples/Callback/Callback.ino:56:108: error: expected &#39;)&#39; before &#39;;&#39; token
/home/ec2-user/arduino-testlib/cli-datadir/user/libraries/EasyButtonAtInt01/examples/Callback/Callback.ino: In function &#39;void handleButtonPress(bool)&#39;:
/home/ec2-user/arduino-testlib/cli-datadir/user/libraries/EasyButtonAtInt01/examples/Callback/Callback.ino:80:9: error: &#39;Button0AtPin2&#39; was not declared in this scope
     if (Button0AtPin2.checkForDoublePress(300)) {
         ^~~~~~~~~~~~~
/home/ec2-user/arduino-testlib/cli-datadir/user/libraries/EasyButtonAtInt01/examples/Callback/Callback.ino: In function &#39;void handleButtonRelease(bool, uint16_t)&#39;:
/home/ec2-user/arduino-testlib/cli-datadir/user/libraries/EasyButtonAtInt01/examples/Callback/Callback.ino:100:39: error: &#39;EASY_BUTTON_LONG_PRESS_DEFAULT_MILLIS&#39; was not declared in this scope
     if (aButtonPressDurationMillis &gt;= EASY_BUTTON_LONG_PRESS_DEFAULT_MILLIS) {
                                       ^~~~~~~~~~~~~~~~~~~~~~~~~~~~~~~~~~~~~
/home/ec2-user/arduino-testlib/cli-datadir/user/libraries/EasyButtonAtInt01/examples/Callback/Callback.ino:107:9: error: &#39;Button0AtPin2&#39; was not declared in this scope
         Button0AtPin2.ButtonToggleState = false;
         ^~~~~~~~~~~~~

</pre>
					
					<h4>examples/DebounceTest</h4>
					<p>
						Result: <b>FAIL</b>
					</p>
					<pre class="pre-scrollable">WARNING: library EasyButtonAtInt01 claims to run on avr architecture(s) and may be incompatible with your current board which runs on samd architecture(s).
/home/ec2-user/arduino-testlib/cli-datadir/user/libraries/EasyButtonAtInt01/examples/DebounceTest/DebounceTest.ino:38:1: error: &#39;EasyButton&#39; does not name a type
 EasyButton Button0AtPin2; // Only 1. button (USE_BUTTON_0) enabled -&gt; button is connected to INT0
 ^~~~~~~~~~
In file included from /home/ec2-user/arduino-testlib/cli-datadir/data/packages/arduino/hardware/samd/1.8.12/cores/arduino/api/String.h:33:0,
                 from /home/ec2-user/arduino-testlib/cli-datadir/data/packages/arduino/hardware/samd/1.8.12/cores/arduino/api/IPAddress.h:24,
                 from /home/ec2-user/arduino-testlib/cli-datadir/data/packages/arduino/hardware/samd/1.8.12/cores/arduino/api/ArduinoAPI.h:30,
                 from /home/ec2-user/arduino-testlib/cli-datadir/data/packages/arduino/hardware/samd/1.8.12/cores/arduino/Arduino.h:23,
                 from /home/ec2-user/arduino-testlib/cli-datadir/user/libraries/EasyButtonAtInt01/examples/DebounceTest/DebounceTest.ino:27:
/home/ec2-user/arduino-testlib/cli-datadir/user/libraries/EasyButtonAtInt01/examples/DebounceTest/DebounceTest.ino: In function &#39;void setup()&#39;:
/home/ec2-user/arduino-testlib/cli-datadir/user/libraries/EasyButtonAtInt01/examples/DebounceTest/DebounceTest.ino:60:69: error: expected &#39;)&#39; before &#39;VERSION_EASY_BUTTON&#39;
     Serial.println(F(&#34;START &#34; __FILE__ &#34;\r\nUsing library version &#34; VERSION_EASY_BUTTON &#34; from &#34; __DATE__));
                                                                     ^
/home/ec2-user/arduino-testlib/cli-datadir/data/packages/arduino/hardware/samd/1.8.12/cores/arduino/api/deprecated-avr-comp/avr/pgmspace.h:34:20: note: in definition of macro &#39;PSTR&#39;
 #define PSTR(str) (str)
                    ^~~
/home/ec2-user/arduino-testlib/cli-datadir/user/libraries/EasyButtonAtInt01/examples/DebounceTest/DebounceTest.ino:60:20: note: in expansion of macro &#39;F&#39;
     Serial.println(F(&#34;START &#34; __FILE__ &#34;\r\nUsing library version &#34; VERSION_EASY_BUTTON &#34; from &#34; __DATE__));
                    ^
/home/ec2-user/arduino-testlib/cli-datadir/user/libraries/EasyButtonAtInt01/examples/DebounceTest/DebounceTest.ino:60:108: error: expected &#39;)&#39; before &#39;;&#39; token
     Serial.println(F(&#34;START &#34; __FILE__ &#34;\r\nUsing library version &#34; VERSION_EASY_BUTTON &#34; from &#34; __DATE__));
                                                                                                            ^
/home/ec2-user/arduino-testlib/cli-datadir/user/libraries/EasyButtonAtInt01/examples/DebounceTest/DebounceTest.ino:60:108: error: expected &#39;)&#39; before &#39;;&#39; token
/home/ec2-user/arduino-testlib/cli-datadir/user/libraries/EasyButtonAtInt01/examples/DebounceTest/DebounceTest.ino:60:108: error: expected &#39;)&#39; before &#39;;&#39; token
/home/ec2-user/arduino-testlib/cli-datadir/user/libraries/EasyButtonAtInt01/examples/DebounceTest/DebounceTest.ino: In function &#39;void loop()&#39;:
/home/ec2-user/arduino-testlib/cli-datadir/user/libraries/EasyButtonAtInt01/examples/DebounceTest/DebounceTest.ino:67:31: error: &#39;Button0AtPin2&#39; was not declared in this scope
     digitalWrite(LED_BUILTIN, Button0AtPin2.ButtonToggleState);
                               ^~~~~~~~~~~~~

</pre>
					
					<h4>examples/EasyButtonExample</h4>
					<p>
						Result: <b>FAIL</b>
					</p>
					<pre class="pre-scrollable">WARNING: library EasyButtonAtInt01 claims to run on avr architecture(s) and may be incompatible with your current board which runs on samd architecture(s).
/home/ec2-user/arduino-testlib/cli-datadir/user/libraries/EasyButtonAtInt01/examples/EasyButtonExample/EasyButtonExample.ino:65:1: error: &#39;EasyButton&#39; does not name a type
 EasyButton Button0AtPin2(&amp;handleButtonPress);       // Only callback parameter -&gt; button is connected to INT0
 ^~~~~~~~~~
/home/ec2-user/arduino-testlib/cli-datadir/user/libraries/EasyButtonAtInt01/examples/EasyButtonExample/EasyButtonExample.ino:66:1: error: &#39;EasyButton&#39; does not name a type
 EasyButton Button1AtPin3(BUTTON_AT_INT1_OR_PCINT);  // Button is connected to INT1 or PCINT[0:7]
 ^~~~~~~~~~
In file included from /home/ec2-user/arduino-testlib/cli-datadir/data/packages/arduino/hardware/samd/1.8.12/cores/arduino/api/String.h:33:0,
                 from /home/ec2-user/arduino-testlib/cli-datadir/data/packages/arduino/hardware/samd/1.8.12/cores/arduino/api/IPAddress.h:24,
                 from /home/ec2-user/arduino-testlib/cli-datadir/data/packages/arduino/hardware/samd/1.8.12/cores/arduino/api/ArduinoAPI.h:30,
                 from /home/ec2-user/arduino-testlib/cli-datadir/data/packages/arduino/hardware/samd/1.8.12/cores/arduino/Arduino.h:23,
                 from /home/ec2-user/arduino-testlib/cli-datadir/user/libraries/EasyButtonAtInt01/examples/EasyButtonExample/EasyButtonExample.ino:27:
/home/ec2-user/arduino-testlib/cli-datadir/user/libraries/EasyButtonAtInt01/examples/EasyButtonExample/EasyButtonExample.ino: In function &#39;void setup()&#39;:
/home/ec2-user/arduino-testlib/cli-datadir/user/libraries/EasyButtonAtInt01/examples/EasyButtonExample/EasyButtonExample.ino:79:69: error: expected &#39;)&#39; before &#39;VERSION_EASY_BUTTON&#39;
     Serial.println(F(&#34;START &#34; __FILE__ &#34;\r\nUsing library version &#34; VERSION_EASY_BUTTON &#34; from &#34; __DATE__));
                                                                     ^
/home/ec2-user/arduino-testlib/cli-datadir/data/packages/arduino/hardware/samd/1.8.12/cores/arduino/api/deprecated-avr-comp/avr/pgmspace.h:34:20: note: in definition of macro &#39;PSTR&#39;
 #define PSTR(str) (str)
                    ^~~
/home/ec2-user/arduino-testlib/cli-datadir/user/libraries/EasyButtonAtInt01/examples/EasyButtonExample/EasyButtonExample.ino:79:20: note: in expansion of macro &#39;F&#39;
     Serial.println(F(&#34;START &#34; __FILE__ &#34;\r\nUsing library version &#34; VERSION_EASY_BUTTON &#34; from &#34; __DATE__));
                    ^
/home/ec2-user/arduino-testlib/cli-datadir/user/libraries/EasyButtonAtInt01/examples/EasyButtonExample/EasyButtonExample.ino:79:108: error: expected &#39;)&#39; before &#39;;&#39; token
     Serial.println(F(&#34;START &#34; __FILE__ &#34;\r\nUsing library version &#34; VERSION_EASY_BUTTON &#34; from &#34; __DATE__));
                                                                                                            ^
/home/ec2-user/arduino-testlib/cli-datadir/user/libraries/EasyButtonAtInt01/examples/EasyButtonExample/EasyButtonExample.ino:79:108: error: expected &#39;)&#39; before &#39;;&#39; token
/home/ec2-user/arduino-testlib/cli-datadir/user/libraries/EasyButtonAtInt01/examples/EasyButtonExample/EasyButtonExample.ino:79:108: error: expected &#39;)&#39; before &#39;;&#39; token
/home/ec2-user/arduino-testlib/cli-datadir/user/libraries/EasyButtonAtInt01/examples/EasyButtonExample/EasyButtonExample.ino: In function &#39;void loop()&#39;:
/home/ec2-user/arduino-testlib/cli-datadir/user/libraries/EasyButtonAtInt01/examples/EasyButtonExample/EasyButtonExample.ino:88:5: error: &#39;Button1AtPin3&#39; was not declared in this scope
     Button1AtPin3.updateButtonState(); // this is ONLY required if we expect a regular button press which is shorter than BUTTON_DEBOUNCING_MILLIS!
     ^~~~~~~~~~~~~
/home/ec2-user/arduino-testlib/cli-datadir/user/libraries/EasyButtonAtInt01/examples/EasyButtonExample/EasyButtonExample.ino: In function &#39;void handleButtonPress(bool)&#39;:
/home/ec2-user/arduino-testlib/cli-datadir/user/libraries/EasyButtonAtInt01/examples/EasyButtonExample/EasyButtonExample.ino:114:9: error: &#39;Button0AtPin2&#39; was not declared in this scope
     if (Button0AtPin2.checkForDoublePress()) {
         ^~~~~~~~~~~~~

</pre>
					
					<h4>examples/OneButton</h4>
					<p>
						Result: <b>FAIL</b>
					</p>
					<pre class="pre-scrollable">WARNING: library EasyButtonAtInt01 claims to run on avr architecture(s) and may be incompatible with your current board which runs on samd architecture(s).
/home/ec2-user/arduino-testlib/cli-datadir/user/libraries/EasyButtonAtInt01/examples/OneButton/OneButton.ino:43:1: error: &#39;EasyButton&#39; does not name a type
 EasyButton Button0AtPin2; // Only 1. button (USE_BUTTON_0) enabled -&gt; button is connected to INT0
 ^~~~~~~~~~
In file included from /home/ec2-user/arduino-testlib/cli-datadir/data/packages/arduino/hardware/samd/1.8.12/cores/arduino/api/String.h:33:0,
                 from /home/ec2-user/arduino-testlib/cli-datadir/data/packages/arduino/hardware/samd/1.8.12/cores/arduino/api/IPAddress.h:24,
                 from /home/ec2-user/arduino-testlib/cli-datadir/data/packages/arduino/hardware/samd/1.8.12/cores/arduino/api/ArduinoAPI.h:30,
                 from /home/ec2-user/arduino-testlib/cli-datadir/data/packages/arduino/hardware/samd/1.8.12/cores/arduino/Arduino.h:23,
                 from /home/ec2-user/arduino-testlib/cli-datadir/user/libraries/EasyButtonAtInt01/examples/OneButton/OneButton.ino:26:
/home/ec2-user/arduino-testlib/cli-datadir/user/libraries/EasyButtonAtInt01/examples/OneButton/OneButton.ino: In function &#39;void setup()&#39;:
/home/ec2-user/arduino-testlib/cli-datadir/user/libraries/EasyButtonAtInt01/examples/OneButton/OneButton.ino:53:69: error: expected &#39;)&#39; before &#39;VERSION_EASY_BUTTON&#39;
     Serial.println(F(&#34;START &#34; __FILE__ &#34;\r\nUsing library version &#34; VERSION_EASY_BUTTON &#34; from &#34; __DATE__));
                                                                     ^
/home/ec2-user/arduino-testlib/cli-datadir/data/packages/arduino/hardware/samd/1.8.12/cores/arduino/api/deprecated-avr-comp/avr/pgmspace.h:34:20: note: in definition of macro &#39;PSTR&#39;
 #define PSTR(str) (str)
                    ^~~
/home/ec2-user/arduino-testlib/cli-datadir/user/libraries/EasyButtonAtInt01/examples/OneButton/OneButton.ino:53:20: note: in expansion of macro &#39;F&#39;
     Serial.println(F(&#34;START &#34; __FILE__ &#34;\r\nUsing library version &#34; VERSION_EASY_BUTTON &#34; from &#34; __DATE__));
                    ^
/home/ec2-user/arduino-testlib/cli-datadir/user/libraries/EasyButtonAtInt01/examples/OneButton/OneButton.ino:53:108: error: expected &#39;)&#39; before &#39;;&#39; token
     Serial.println(F(&#34;START &#34; __FILE__ &#34;\r\nUsing library version &#34; VERSION_EASY_BUTTON &#34; from &#34; __DATE__));
                                                                                                            ^
/home/ec2-user/arduino-testlib/cli-datadir/user/libraries/EasyButtonAtInt01/examples/OneButton/OneButton.ino:53:108: error: expected &#39;)&#39; before &#39;;&#39; token
/home/ec2-user/arduino-testlib/cli-datadir/user/libraries/EasyButtonAtInt01/examples/OneButton/OneButton.ino:53:108: error: expected &#39;)&#39; before &#39;;&#39; token
/home/ec2-user/arduino-testlib/cli-datadir/user/libraries/EasyButtonAtInt01/examples/OneButton/OneButton.ino: In function &#39;void loop()&#39;:
/home/ec2-user/arduino-testlib/cli-datadir/user/libraries/EasyButtonAtInt01/examples/OneButton/OneButton.ino:62:9: error: &#39;Button0AtPin2&#39; was not declared in this scope
     if (Button0AtPin2.ButtonStateHasJustChanged) {
         ^~~~~~~~~~~~~

</pre>
					
				
				<h3 id="esp32:esp32:d1_mini32">esp32:esp32:d1_mini32 @ 1.0.6</h3>
				<h4>Inclusion</h4>
				<p>
					Result: <b>PASS</b>
					
				</p>
				<pre class="pre-scrollable">Sketch uses 197736 bytes (15%) of program storage space. Maximum is 1310720 bytes.
Global variables use 13084 bytes (3%) of dynamic memory, leaving 314596 bytes for local variables. Maximum is 327680 bytes.
</pre>

					
					<h4>examples/Callback</h4>
					<p>
						Result: <b>FAIL</b>
					</p>
					<pre class="pre-scrollable">WARNING: library EasyButtonAtInt01 claims to run on avr architecture(s) and may be incompatible with your current board which runs on esp32 architecture(s).
/home/ec2-user/arduino-testlib/cli-datadir/user/libraries/EasyButtonAtInt01/examples/Callback/Callback.ino:35:1: error: &#39;EasyButton&#39; does not name a type
 EasyButton Button0AtPin2(&amp;handleButtonPress, &amp;handleButtonRelease); // Button is connected to INT0 (pin2)
 ^
In file included from /home/ec2-user/arduino-testlib/cli-datadir/data/packages/esp32/hardware/esp32/1.0.6/cores/esp32/Arduino.h:146:0,
                 from /home/ec2-user/arduino-testlib/cli-datadir/user/libraries/EasyButtonAtInt01/examples/Callback/Callback.ino:26:
/home/ec2-user/arduino-testlib/cli-datadir/user/libraries/EasyButtonAtInt01/examples/Callback/Callback.ino: In function &#39;void setup()&#39;:
/home/ec2-user/arduino-testlib/cli-datadir/user/libraries/EasyButtonAtInt01/examples/Callback/Callback.ino:56:69: error: expected &#39;)&#39; before &#39;VERSION_EASY_BUTTON&#39;
     Serial.println(F(&#34;START &#34; __FILE__ &#34;\r\nUsing library version &#34; VERSION_EASY_BUTTON &#34; from &#34; __DATE__));
                                                                     ^
/home/ec2-user/arduino-testlib/cli-datadir/data/packages/esp32/hardware/esp32/1.0.6/cores/esp32/WString.h:39:76: note: in definition of macro &#39;FPSTR&#39;
 #define FPSTR(pstr_pointer) (reinterpret_cast&lt;const __FlashStringHelper *&gt;(pstr_pointer))
                                                                            ^
/home/ec2-user/arduino-testlib/cli-datadir/data/packages/esp32/hardware/esp32/1.0.6/cores/esp32/WString.h:40:34: note: in expansion of macro &#39;PSTR&#39;
 #define F(string_literal) (FPSTR(PSTR(string_literal)))
                                  ^
/home/ec2-user/arduino-testlib/cli-datadir/user/libraries/EasyButtonAtInt01/examples/Callback/Callback.ino:56:20: note: in expansion of macro &#39;F&#39;
     Serial.println(F(&#34;START &#34; __FILE__ &#34;\r\nUsing library version &#34; VERSION_EASY_BUTTON &#34; from &#34; __DATE__));
                    ^
/home/ec2-user/arduino-testlib/cli-datadir/user/libraries/EasyButtonAtInt01/examples/Callback/Callback.ino:56:108: error: expected &#39;)&#39; before &#39;;&#39; token
     Serial.println(F(&#34;START &#34; __FILE__ &#34;\r\nUsing library version &#34; VERSION_EASY_BUTTON &#34; from &#34; __DATE__));
                                                                                                            ^
/home/ec2-user/arduino-testlib/cli-datadir/user/libraries/EasyButtonAtInt01/examples/Callback/Callback.ino:56:108: error: expected &#39;)&#39; before &#39;;&#39; token
/home/ec2-user/arduino-testlib/cli-datadir/user/libraries/EasyButtonAtInt01/examples/Callback/Callback.ino:56:108: error: expected &#39;)&#39; before &#39;;&#39; token
/home/ec2-user/arduino-testlib/cli-datadir/user/libraries/EasyButtonAtInt01/examples/Callback/Callback.ino:56:108: error: expected &#39;)&#39; before &#39;;&#39; token
/home/ec2-user/arduino-testlib/cli-datadir/user/libraries/EasyButtonAtInt01/examples/Callback/Callback.ino: In function &#39;void handleButtonPress(bool)&#39;:
/home/ec2-user/arduino-testlib/cli-datadir/user/libraries/EasyButtonAtInt01/examples/Callback/Callback.ino:80:9: error: &#39;Button0AtPin2&#39; was not declared in this scope
     if (Button0AtPin2.checkForDoublePress(300)) {
         ^
/home/ec2-user/arduino-testlib/cli-datadir/user/libraries/EasyButtonAtInt01/examples/Callback/Callback.ino: In function &#39;void handleButtonRelease(bool, uint16_t)&#39;:
/home/ec2-user/arduino-testlib/cli-datadir/user/libraries/EasyButtonAtInt01/examples/Callback/Callback.ino:100:39: error: &#39;EASY_BUTTON_LONG_PRESS_DEFAULT_MILLIS&#39; was not declared in this scope
     if (aButtonPressDurationMillis &gt;= EASY_BUTTON_LONG_PRESS_DEFAULT_MILLIS) {
                                       ^
/home/ec2-user/arduino-testlib/cli-datadir/user/libraries/EasyButtonAtInt01/examples/Callback/Callback.ino:107:9: error: &#39;Button0AtPin2&#39; was not declared in this scope
         Button0AtPin2.ButtonToggleState = false;
         ^

</pre>
					
					<h4>examples/DebounceTest</h4>
					<p>
						Result: <b>FAIL</b>
					</p>
					<pre class="pre-scrollable">WARNING: library EasyButtonAtInt01 claims to run on avr architecture(s) and may be incompatible with your current board which runs on esp32 architecture(s).
/home/ec2-user/arduino-testlib/cli-datadir/user/libraries/EasyButtonAtInt01/examples/DebounceTest/DebounceTest.ino:38:1: error: &#39;EasyButton&#39; does not name a type
 EasyButton Button0AtPin2; // Only 1. button (USE_BUTTON_0) enabled -&gt; button is connected to INT0
 ^
In file included from /home/ec2-user/arduino-testlib/cli-datadir/data/packages/esp32/hardware/esp32/1.0.6/cores/esp32/Arduino.h:146:0,
                 from /home/ec2-user/arduino-testlib/cli-datadir/user/libraries/EasyButtonAtInt01/examples/DebounceTest/DebounceTest.ino:27:
/home/ec2-user/arduino-testlib/cli-datadir/user/libraries/EasyButtonAtInt01/examples/DebounceTest/DebounceTest.ino: In function &#39;void setup()&#39;:
/home/ec2-user/arduino-testlib/cli-datadir/user/libraries/EasyButtonAtInt01/examples/DebounceTest/DebounceTest.ino:60:69: error: expected &#39;)&#39; before &#39;VERSION_EASY_BUTTON&#39;
     Serial.println(F(&#34;START &#34; __FILE__ &#34;\r\nUsing library version &#34; VERSION_EASY_BUTTON &#34; from &#34; __DATE__));
                                                                     ^
/home/ec2-user/arduino-testlib/cli-datadir/data/packages/esp32/hardware/esp32/1.0.6/cores/esp32/WString.h:39:76: note: in definition of macro &#39;FPSTR&#39;
 #define FPSTR(pstr_pointer) (reinterpret_cast&lt;const __FlashStringHelper *&gt;(pstr_pointer))
                                                                            ^
/home/ec2-user/arduino-testlib/cli-datadir/data/packages/esp32/hardware/esp32/1.0.6/cores/esp32/WString.h:40:34: note: in expansion of macro &#39;PSTR&#39;
 #define F(string_literal) (FPSTR(PSTR(string_literal)))
                                  ^
/home/ec2-user/arduino-testlib/cli-datadir/user/libraries/EasyButtonAtInt01/examples/DebounceTest/DebounceTest.ino:60:20: note: in expansion of macro &#39;F&#39;
     Serial.println(F(&#34;START &#34; __FILE__ &#34;\r\nUsing library version &#34; VERSION_EASY_BUTTON &#34; from &#34; __DATE__));
                    ^
/home/ec2-user/arduino-testlib/cli-datadir/user/libraries/EasyButtonAtInt01/examples/DebounceTest/DebounceTest.ino:60:108: error: expected &#39;)&#39; before &#39;;&#39; token
     Serial.println(F(&#34;START &#34; __FILE__ &#34;\r\nUsing library version &#34; VERSION_EASY_BUTTON &#34; from &#34; __DATE__));
                                                                                                            ^
/home/ec2-user/arduino-testlib/cli-datadir/user/libraries/EasyButtonAtInt01/examples/DebounceTest/DebounceTest.ino:60:108: error: expected &#39;)&#39; before &#39;;&#39; token
/home/ec2-user/arduino-testlib/cli-datadir/user/libraries/EasyButtonAtInt01/examples/DebounceTest/DebounceTest.ino:60:108: error: expected &#39;)&#39; before &#39;;&#39; token
/home/ec2-user/arduino-testlib/cli-datadir/user/libraries/EasyButtonAtInt01/examples/DebounceTest/DebounceTest.ino:60:108: error: expected &#39;)&#39; before &#39;;&#39; token
/home/ec2-user/arduino-testlib/cli-datadir/user/libraries/EasyButtonAtInt01/examples/DebounceTest/DebounceTest.ino: In function &#39;void loop()&#39;:
/home/ec2-user/arduino-testlib/cli-datadir/user/libraries/EasyButtonAtInt01/examples/DebounceTest/DebounceTest.ino:67:31: error: &#39;Button0AtPin2&#39; was not declared in this scope
     digitalWrite(LED_BUILTIN, Button0AtPin2.ButtonToggleState);
                               ^

</pre>
					
					<h4>examples/EasyButtonExample</h4>
					<p>
						Result: <b>FAIL</b>
					</p>
					<pre class="pre-scrollable">WARNING: library EasyButtonAtInt01 claims to run on avr architecture(s) and may be incompatible with your current board which runs on esp32 architecture(s).
/home/ec2-user/arduino-testlib/cli-datadir/user/libraries/EasyButtonAtInt01/examples/EasyButtonExample/EasyButtonExample.ino:65:1: error: &#39;EasyButton&#39; does not name a type
 EasyButton Button0AtPin2(&amp;handleButtonPress);       // Only callback parameter -&gt; button is connected to INT0
 ^
/home/ec2-user/arduino-testlib/cli-datadir/user/libraries/EasyButtonAtInt01/examples/EasyButtonExample/EasyButtonExample.ino:66:1: error: &#39;EasyButton&#39; does not name a type
 EasyButton Button1AtPin3(BUTTON_AT_INT1_OR_PCINT);  // Button is connected to INT1 or PCINT[0:7]
 ^
In file included from /home/ec2-user/arduino-testlib/cli-datadir/data/packages/esp32/hardware/esp32/1.0.6/cores/esp32/Arduino.h:146:0,
                 from /home/ec2-user/arduino-testlib/cli-datadir/user/libraries/EasyButtonAtInt01/examples/EasyButtonExample/EasyButtonExample.ino:27:
/home/ec2-user/arduino-testlib/cli-datadir/user/libraries/EasyButtonAtInt01/examples/EasyButtonExample/EasyButtonExample.ino: In function &#39;void setup()&#39;:
/home/ec2-user/arduino-testlib/cli-datadir/user/libraries/EasyButtonAtInt01/examples/EasyButtonExample/EasyButtonExample.ino:79:69: error: expected &#39;)&#39; before &#39;VERSION_EASY_BUTTON&#39;
     Serial.println(F(&#34;START &#34; __FILE__ &#34;\r\nUsing library version &#34; VERSION_EASY_BUTTON &#34; from &#34; __DATE__));
                                                                     ^
/home/ec2-user/arduino-testlib/cli-datadir/data/packages/esp32/hardware/esp32/1.0.6/cores/esp32/WString.h:39:76: note: in definition of macro &#39;FPSTR&#39;
 #define FPSTR(pstr_pointer) (reinterpret_cast&lt;const __FlashStringHelper *&gt;(pstr_pointer))
                                                                            ^
/home/ec2-user/arduino-testlib/cli-datadir/data/packages/esp32/hardware/esp32/1.0.6/cores/esp32/WString.h:40:34: note: in expansion of macro &#39;PSTR&#39;
 #define F(string_literal) (FPSTR(PSTR(string_literal)))
                                  ^
/home/ec2-user/arduino-testlib/cli-datadir/user/libraries/EasyButtonAtInt01/examples/EasyButtonExample/EasyButtonExample.ino:79:20: note: in expansion of macro &#39;F&#39;
     Serial.println(F(&#34;START &#34; __FILE__ &#34;\r\nUsing library version &#34; VERSION_EASY_BUTTON &#34; from &#34; __DATE__));
                    ^
/home/ec2-user/arduino-testlib/cli-datadir/user/libraries/EasyButtonAtInt01/examples/EasyButtonExample/EasyButtonExample.ino:79:108: error: expected &#39;)&#39; before &#39;;&#39; token
     Serial.println(F(&#34;START &#34; __FILE__ &#34;\r\nUsing library version &#34; VERSION_EASY_BUTTON &#34; from &#34; __DATE__));
                                                                                                            ^
/home/ec2-user/arduino-testlib/cli-datadir/user/libraries/EasyButtonAtInt01/examples/EasyButtonExample/EasyButtonExample.ino:79:108: error: expected &#39;)&#39; before &#39;;&#39; token
/home/ec2-user/arduino-testlib/cli-datadir/user/libraries/EasyButtonAtInt01/examples/EasyButtonExample/EasyButtonExample.ino:79:108: error: expected &#39;)&#39; before &#39;;&#39; token
/home/ec2-user/arduino-testlib/cli-datadir/user/libraries/EasyButtonAtInt01/examples/EasyButtonExample/EasyButtonExample.ino:79:108: error: expected &#39;)&#39; before &#39;;&#39; token
/home/ec2-user/arduino-testlib/cli-datadir/user/libraries/EasyButtonAtInt01/examples/EasyButtonExample/EasyButtonExample.ino: In function &#39;void loop()&#39;:
/home/ec2-user/arduino-testlib/cli-datadir/user/libraries/EasyButtonAtInt01/examples/EasyButtonExample/EasyButtonExample.ino:88:5: error: &#39;Button1AtPin3&#39; was not declared in this scope
     Button1AtPin3.updateButtonState(); // this is ONLY required if we expect a regular button press which is shorter than BUTTON_DEBOUNCING_MILLIS!
     ^
/home/ec2-user/arduino-testlib/cli-datadir/user/libraries/EasyButtonAtInt01/examples/EasyButtonExample/EasyButtonExample.ino: In function &#39;void handleButtonPress(bool)&#39;:
/home/ec2-user/arduino-testlib/cli-datadir/user/libraries/EasyButtonAtInt01/examples/EasyButtonExample/EasyButtonExample.ino:114:9: error: &#39;Button0AtPin2&#39; was not declared in this scope
     if (Button0AtPin2.checkForDoublePress()) {
         ^

</pre>
					
					<h4>examples/OneButton</h4>
					<p>
						Result: <b>FAIL</b>
					</p>
					<pre class="pre-scrollable">WARNING: library EasyButtonAtInt01 claims to run on avr architecture(s) and may be incompatible with your current board which runs on esp32 architecture(s).
/home/ec2-user/arduino-testlib/cli-datadir/user/libraries/EasyButtonAtInt01/examples/OneButton/OneButton.ino:43:1: error: &#39;EasyButton&#39; does not name a type
 EasyButton Button0AtPin2; // Only 1. button (USE_BUTTON_0) enabled -&gt; button is connected to INT0
 ^
In file included from /home/ec2-user/arduino-testlib/cli-datadir/data/packages/esp32/hardware/esp32/1.0.6/cores/esp32/Arduino.h:146:0,
                 from /home/ec2-user/arduino-testlib/cli-datadir/user/libraries/EasyButtonAtInt01/examples/OneButton/OneButton.ino:26:
/home/ec2-user/arduino-testlib/cli-datadir/user/libraries/EasyButtonAtInt01/examples/OneButton/OneButton.ino: In function &#39;void setup()&#39;:
/home/ec2-user/arduino-testlib/cli-datadir/user/libraries/EasyButtonAtInt01/examples/OneButton/OneButton.ino:53:69: error: expected &#39;)&#39; before &#39;VERSION_EASY_BUTTON&#39;
     Serial.println(F(&#34;START &#34; __FILE__ &#34;\r\nUsing library version &#34; VERSION_EASY_BUTTON &#34; from &#34; __DATE__));
                                                                     ^
/home/ec2-user/arduino-testlib/cli-datadir/data/packages/esp32/hardware/esp32/1.0.6/cores/esp32/WString.h:39:76: note: in definition of macro &#39;FPSTR&#39;
 #define FPSTR(pstr_pointer) (reinterpret_cast&lt;const __FlashStringHelper *&gt;(pstr_pointer))
                                                                            ^
/home/ec2-user/arduino-testlib/cli-datadir/data/packages/esp32/hardware/esp32/1.0.6/cores/esp32/WString.h:40:34: note: in expansion of macro &#39;PSTR&#39;
 #define F(string_literal) (FPSTR(PSTR(string_literal)))
                                  ^
/home/ec2-user/arduino-testlib/cli-datadir/user/libraries/EasyButtonAtInt01/examples/OneButton/OneButton.ino:53:20: note: in expansion of macro &#39;F&#39;
     Serial.println(F(&#34;START &#34; __FILE__ &#34;\r\nUsing library version &#34; VERSION_EASY_BUTTON &#34; from &#34; __DATE__));
                    ^
/home/ec2-user/arduino-testlib/cli-datadir/user/libraries/EasyButtonAtInt01/examples/OneButton/OneButton.ino:53:108: error: expected &#39;)&#39; before &#39;;&#39; token
     Serial.println(F(&#34;START &#34; __FILE__ &#34;\r\nUsing library version &#34; VERSION_EASY_BUTTON &#34; from &#34; __DATE__));
                                                                                                            ^
/home/ec2-user/arduino-testlib/cli-datadir/user/libraries/EasyButtonAtInt01/examples/OneButton/OneButton.ino:53:108: error: expected &#39;)&#39; before &#39;;&#39; token
/home/ec2-user/arduino-testlib/cli-datadir/user/libraries/EasyButtonAtInt01/examples/OneButton/OneButton.ino:53:108: error: expected &#39;)&#39; before &#39;;&#39; token
/home/ec2-user/arduino-testlib/cli-datadir/user/libraries/EasyButtonAtInt01/examples/OneButton/OneButton.ino:53:108: error: expected &#39;)&#39; before &#39;;&#39; token
/home/ec2-user/arduino-testlib/cli-datadir/user/libraries/EasyButtonAtInt01/examples/OneButton/OneButton.ino: In function &#39;void loop()&#39;:
/home/ec2-user/arduino-testlib/cli-datadir/user/libraries/EasyButtonAtInt01/examples/OneButton/OneButton.ino:62:9: error: &#39;Button0AtPin2&#39; was not declared in this scope
     if (Button0AtPin2.ButtonStateHasJustChanged) {
         ^

</pre>
					
				
			</div>
		</div>
	</div>
  </body>
</html>
