
<!doctype html>
<html lang="en">
  <head>
    <meta charset="utf-8">
    <meta name="viewport" content="width=device-width, initial-scale=1">
    <link href="https://cdn.jsdelivr.net/npm/bootstrap@5.0.2/dist/css/bootstrap.min.css" rel="stylesheet" integrity="sha384-EVSTQN3/azprG1Anm3QDgpJLIm9Nao0Yz1ztcQTwFspd3yD65VohhpuuCOmLASjC" crossorigin="anonymous">
    <title>arduino-testlib report</title>
	<style>
	.pass { background-color: #00FF00 !important; }
	.fail { background-color: #FF0000 !important; }
	</style>
  </head>
  <body>
	<div class="container">
		<div class="row">
			<div class="col">
				<h1>Easy IoT with CC1101 - Sub-1GHz LORA-like - compatibility matrix</h1>
				<p>
					<small>This report was generated on Wednesday, 23-Feb-22 22:48:15 CET using 
					<a href="https://github.com/alranel/arduino-testlib">arduino-testlib</a>.</small>
				</p>

				<h2>Easy IoT with CC1101 - Sub-1GHz LORA-like</h2>
				<p>
					Version: <b>1.0.4</b>
					<br />
					<a href="https://www.arduino.cc/reference/en/libraries/easy-iot-with-cc1101---sub-1ghz-lora-like/">More details</a>
				</p>

				<h2>Compatibility matrix</h2>
				<table class="table table-bordered">
					<tr>
						<th>Board</th>
						<th>Claims compatibility</th>
						<th>Inclusion</th>
						
						<th><pre>AES_TX_and_RX</pre></th>
						
						<th><pre>Simple_TX_and_RX</pre></th>
						
					</tr>
					
					<tr>
						<td>
							<a href="#arduino%3aavr%3auno"><b>arduino:avr:uno</b></a>
							<br />
							<small>1.8.4</small>
						</td>

						
						
						
							<td>Yes ⚠️</td>
							<td class="fail">FAIL</td>
						
						

						
							
								
									
										
											
											<td class="fail">FAIL</td>
										
									
										
									
								
							
								
							
								
							
								
							
								
							
						
							
								
									
										
									
										
											<td class="pass">PASS</td>
											
										
									
								
							
								
							
								
							
								
							
								
							
						
					</tr>
					
					<tr>
						<td>
							<a href="#arduino%3ambed_nano%3ananorp2040connect"><b>arduino:mbed_nano:nanorp2040connect</b></a>
							<br />
							<small>2.7.2</small>
						</td>

						
						
						
							<td>Yes ⚠️</td>
							<td class="fail">FAIL</td>
						
						

						
							
								
							
								
									
										
											
											<td class="fail">FAIL</td>
										
									
										
									
								
							
								
							
								
							
								
							
						
							
								
							
								
									
										
									
										
											
											<td class="fail">FAIL</td>
										
									
								
							
								
							
								
							
								
							
						
					</tr>
					
					<tr>
						<td>
							<a href="#arduino%3amegaavr%3anona4809"><b>arduino:megaavr:nona4809</b></a>
							<br />
							<small>1.8.7</small>
						</td>

						
						
						
							<td>Yes ⚠️</td>
							<td class="fail">FAIL</td>
						
						

						
							
								
							
								
							
								
									
										
											
											<td class="fail">FAIL</td>
										
									
										
									
								
							
								
							
								
							
						
							
								
							
								
							
								
									
										
									
										
											<td class="pass">PASS</td>
											
										
									
								
							
								
							
								
							
						
					</tr>
					
					<tr>
						<td>
							<a href="#arduino%3asamd%3amkrwifi1010"><b>arduino:samd:mkrwifi1010</b></a>
							<br />
							<small>1.8.12</small>
						</td>

						
						
						
							<td>Yes ⚠️</td>
							<td class="fail">FAIL</td>
						
						

						
							
								
							
								
							
								
							
								
									
										
											
											<td class="fail">FAIL</td>
										
									
										
									
								
							
								
							
						
							
								
							
								
							
								
							
								
									
										
									
										
											
											<td class="fail">FAIL</td>
										
									
								
							
								
							
						
					</tr>
					
					<tr>
						<td>
							<a href="#esp32%3aesp32%3ad1_mini32"><b>esp32:esp32:d1_mini32</b></a>
							<br />
							<small>1.0.6</small>
						</td>

						
						
						
							<td>Yes ⚠️</td>
							<td class="fail">FAIL</td>
						
						

						
							
								
							
								
							
								
							
								
							
								
									
										
											
											<td class="fail">FAIL</td>
										
									
										
									
								
							
						
							
								
							
								
							
								
							
								
							
								
									
										
									
										
											<td class="pass">PASS</td>
											
										
									
								
							
						
					</tr>
					
				</table>

				<h2>Compilation logs</h2>
				
				<h3 id="arduino:avr:uno">arduino:avr:uno @ 1.8.4</h3>
				<h4>Inclusion</h4>
				<p>
					Result: <b>FAIL</b>
					
					<br />This library has no main header file so an empty one was created.
					
				</p>
				<pre class="pre-scrollable">/tmp/arduino-testlib320837003/test/test.ino:1:10: fatal error: Easy_IoT_with_CC1101_-_Sub-1GHz_LORA-like.h: No such file or directory
 #include &lt;Easy_IoT_with_CC1101_-_Sub-1GHz_LORA-like.h&gt;
          ^~~~~~~~~~~~~~~~~~~~~~~~~~~~~~~~~~~~~~~~~~~~~
compilation terminated.

</pre>

					
					<h4>examples/AES_TX_and_RX</h4>
					<p>
						Result: <b>FAIL</b>
					</p>
					<pre class="pre-scrollable">/home/ec2-user/arduino-testlib/cli-datadir/user/libraries/Easy_IoT_with_CC1101_-_Sub-1GHz_LORA-like/examples/AES_TX_and_RX/AES_TX_and_RX.ino:19:63: error: &#39;D1&#39; was not declared in this scope
 U8G2_SSD1306_128X64_NONAME_F_SW_I2C u8g2(U8G2_R0, /* clock=*/ D1, /* data=*/ D3, /* reset=*/ U8X8_PIN_NONE); // MUST USE D3 for Data
                                                               ^~
/home/ec2-user/arduino-testlib/cli-datadir/user/libraries/Easy_IoT_with_CC1101_-_Sub-1GHz_LORA-like/examples/AES_TX_and_RX/AES_TX_and_RX.ino:19:63: note: suggested alternative: &#39;A1&#39;
 U8G2_SSD1306_128X64_NONAME_F_SW_I2C u8g2(U8G2_R0, /* clock=*/ D1, /* data=*/ D3, /* reset=*/ U8X8_PIN_NONE); // MUST USE D3 for Data
                                                               ^~
                                                               A1
/home/ec2-user/arduino-testlib/cli-datadir/user/libraries/Easy_IoT_with_CC1101_-_Sub-1GHz_LORA-like/examples/AES_TX_and_RX/AES_TX_and_RX.ino:19:78: error: &#39;D3&#39; was not declared in this scope
 U8G2_SSD1306_128X64_NONAME_F_SW_I2C u8g2(U8G2_R0, /* clock=*/ D1, /* data=*/ D3, /* reset=*/ U8X8_PIN_NONE); // MUST USE D3 for Data
                                                                              ^~
/home/ec2-user/arduino-testlib/cli-datadir/user/libraries/Easy_IoT_with_CC1101_-_Sub-1GHz_LORA-like/examples/AES_TX_and_RX/AES_TX_and_RX.ino:19:78: note: suggested alternative: &#39;A3&#39;
 U8G2_SSD1306_128X64_NONAME_F_SW_I2C u8g2(U8G2_R0, /* clock=*/ D1, /* data=*/ D3, /* reset=*/ U8X8_PIN_NONE); // MUST USE D3 for Data
                                                                              ^~
                                                                              A3
/home/ec2-user/arduino-testlib/cli-datadir/user/libraries/Easy_IoT_with_CC1101_-_Sub-1GHz_LORA-like/examples/AES_TX_and_RX/AES_TX_and_RX.ino: In function &#39;void setup()&#39;:
/home/ec2-user/arduino-testlib/cli-datadir/user/libraries/Easy_IoT_with_CC1101_-_Sub-1GHz_LORA-like/examples/AES_TX_and_RX/AES_TX_and_RX.ino:69:99: error: no matching function for call to &#39;CC1101::begin(CFREQ, DATA_RATE, int, const int&amp;)&#39;
     if ( !radio.begin(CFREQ_868, KBPS_250, /* channel num */ 16, /* address */ THIS_DEVICE_ADDRESS) ) // Channel 16. This device has an address of 64
                                                                                                   ^
In file included from /home/ec2-user/arduino-testlib/cli-datadir/user/libraries/Easy_IoT_with_CC1101_-_Sub-1GHz_LORA-like/examples/AES_TX_and_RX/AES_TX_and_RX.ino:2:0:
/home/ec2-user/arduino-testlib/cli-datadir/user/libraries/Easy_IoT_with_CC1101_-_Sub-1GHz_LORA-like/cc1101.h:563:10: note: candidate: bool CC1101::begin(CFREQ, DATA_RATE, uint8_t, uint8_t, uint8_t)
     bool begin(CFREQ freq, DATA_RATE rate, uint8_t channr, uint8_t addr, uint8_t interrupt_pin);
          ^~~~~
/home/ec2-user/arduino-testlib/cli-datadir/user/libraries/Easy_IoT_with_CC1101_-_Sub-1GHz_LORA-like/cc1101.h:563:10: note:   candidate expects 5 arguments, 4 provided
/home/ec2-user/arduino-testlib/cli-datadir/user/libraries/Easy_IoT_with_CC1101_-_Sub-1GHz_LORA-like/cc1101.h:566:10: note: candidate: bool CC1101::begin(const byte*, uint8_t)
     bool begin(const byte regConfig[NUM_CONFIG_REGISTERS], uint8_t interrupt_pin);
          ^~~~~
/home/ec2-user/arduino-testlib/cli-datadir/user/libraries/Easy_IoT_with_CC1101_-_Sub-1GHz_LORA-like/cc1101.h:566:10: note:   candidate expects 2 arguments, 4 provided
/home/ec2-user/arduino-testlib/cli-datadir/user/libraries/Easy_IoT_with_CC1101_-_Sub-1GHz_LORA-like/examples/AES_TX_and_RX/AES_TX_and_RX.ino: In function &#39;void loop()&#39;:
/home/ec2-user/arduino-testlib/cli-datadir/user/libraries/Easy_IoT_with_CC1101_-_Sub-1GHz_LORA-like/examples/AES_TX_and_RX/AES_TX_and_RX.ino:105:12: error: &#39;class HardwareSerial&#39; has no member named &#39;printf&#39;; did you mean &#39;print&#39;?
     Serial.printf(&#34;\nRECEIVED CIPHER:&#34;);
            ^~~~~~
            print
/home/ec2-user/arduino-testlib/cli-datadir/user/libraries/Easy_IoT_with_CC1101_-_Sub-1GHz_LORA-like/examples/AES_TX_and_RX/AES_TX_and_RX.ino:106:61: error: call of overloaded &#39;printArray(byte*, uint16_t&amp;)&#39; is ambiguous
     aes.printArray((byte *)recieveBuffer, receivedStreamSize);
                                                             ^
In file included from /home/ec2-user/arduino-testlib/cli-datadir/user/libraries/Easy_IoT_with_CC1101_-_Sub-1GHz_LORA-like/examples/AES_TX_and_RX/AES_TX_and_RX.ino:4:0:
/home/ec2-user/arduino-testlib/cli-datadir/user/libraries/Easy_IoT_with_CC1101_-_Sub-1GHz_LORA-like/examples/AES_TX_and_RX/AES.h:233:7: note: candidate: void AES::printArray(byte*, bool)
  void printArray(byte output[],bool p_pad = true);
       ^~~~~~~~~~
/home/ec2-user/arduino-testlib/cli-datadir/user/libraries/Easy_IoT_with_CC1101_-_Sub-1GHz_LORA-like/examples/AES_TX_and_RX/AES.h:242:7: note: candidate: void AES::printArray(byte*, int)
  void printArray(byte output[],int sizel);
       ^~~~~~~~~~
/home/ec2-user/arduino-testlib/cli-datadir/user/libraries/Easy_IoT_with_CC1101_-_Sub-1GHz_LORA-like/examples/AES_TX_and_RX/AES_TX_and_RX.ino:174:14: error: &#39;class HardwareSerial&#39; has no member named &#39;printf&#39;; did you mean &#39;print&#39;?
       Serial.printf(&#34;Plaintext is %d chars in length.\n&#34;, plainLength);
              ^~~~~~
              print
/home/ec2-user/arduino-testlib/cli-datadir/user/libraries/Easy_IoT_with_CC1101_-_Sub-1GHz_LORA-like/examples/AES_TX_and_RX/AES_TX_and_RX.ino:176:14: error: &#39;class HardwareSerial&#39; has no member named &#39;printf&#39;; did you mean &#39;print&#39;?
       Serial.printf(&#34;Padded ciphertext is %d bytes in length.\n&#34;, paddedLength);
              ^~~~~~
              print
/home/ec2-user/arduino-testlib/cli-datadir/user/libraries/Easy_IoT_with_CC1101_-_Sub-1GHz_LORA-like/examples/AES_TX_and_RX/AES_TX_and_RX.ino:193:14: error: &#39;class HardwareSerial&#39; has no member named &#39;printf&#39;; did you mean &#39;print&#39;?
       Serial.printf(&#34;\n\nPLAIN :&#34;);
              ^~~~~~
              print
/home/ec2-user/arduino-testlib/cli-datadir/user/libraries/Easy_IoT_with_CC1101_-_Sub-1GHz_LORA-like/examples/AES_TX_and_RX/AES_TX_and_RX.ino:195:14: error: &#39;class HardwareSerial&#39; has no member named &#39;printf&#39;; did you mean &#39;print&#39;?
       Serial.printf(&#34;\nCIPHER:&#34;);
              ^~~~~~
              print
/home/ec2-user/arduino-testlib/cli-datadir/user/libraries/Easy_IoT_with_CC1101_-_Sub-1GHz_LORA-like/examples/AES_TX_and_RX/AES_TX_and_RX.ino:197:14: error: &#39;class HardwareSerial&#39; has no member named &#39;printf&#39;; did you mean &#39;print&#39;?
       Serial.printf(&#34;\nCHECK :&#34;);
              ^~~~~~
              print
/home/ec2-user/arduino-testlib/cli-datadir/user/libraries/Easy_IoT_with_CC1101_-_Sub-1GHz_LORA-like/examples/AES_TX_and_RX/AES_TX_and_RX.ino:199:14: error: &#39;class HardwareSerial&#39; has no member named &#39;printf&#39;; did you mean &#39;print&#39;?
       Serial.printf(&#34;\nIV    :&#34;);
              ^~~~~~
              print
/home/ec2-user/arduino-testlib/cli-datadir/user/libraries/Easy_IoT_with_CC1101_-_Sub-1GHz_LORA-like/examples/AES_TX_and_RX/AES_TX_and_RX.ino:201:14: error: &#39;class HardwareSerial&#39; has no member named &#39;printf&#39;; did you mean &#39;print&#39;?
       Serial.printf(&#34;\n============================================================\n&#34;);
              ^~~~~~
              print

</pre>
					
					<h4>examples/Simple_TX_and_RX</h4>
					<p>
						Result: <b>PASS</b>
					</p>
					<pre class="pre-scrollable">Sketch uses 15006 bytes (46%) of program storage space. Maximum is 32256 bytes.
Global variables use 751 bytes (36%) of dynamic memory, leaving 1297 bytes for local variables. Maximum is 2048 bytes.
</pre>
					
				
				<h3 id="arduino:mbed_nano:nanorp2040connect">arduino:mbed_nano:nanorp2040connect @ 2.7.2</h3>
				<h4>Inclusion</h4>
				<p>
					Result: <b>FAIL</b>
					
					<br />This library has no main header file so an empty one was created.
					
				</p>
				<pre class="pre-scrollable">/tmp/arduino-testlib3814172323/test/test.ino:1:10: fatal error: Easy_IoT_with_CC1101_-_Sub-1GHz_LORA-like.h: No such file or directory
 #include &lt;Easy_IoT_with_CC1101_-_Sub-1GHz_LORA-like.h&gt;
          ^~~~~~~~~~~~~~~~~~~~~~~~~~~~~~~~~~~~~~~~~~~~~
compilation terminated.

</pre>

					
					<h4>examples/AES_TX_and_RX</h4>
					<p>
						Result: <b>FAIL</b>
					</p>
					<pre class="pre-scrollable">/home/ec2-user/arduino-testlib/cli-datadir/user/libraries/Easy_IoT_with_CC1101_-_Sub-1GHz_LORA-like/examples/AES_TX_and_RX/AES_TX_and_RX.ino:19:63: error: &#39;D1&#39; was not declared in this scope
 U8G2_SSD1306_128X64_NONAME_F_SW_I2C u8g2(U8G2_R0, /* clock=*/ D1, /* data=*/ D3, /* reset=*/ U8X8_PIN_NONE); // MUST USE D3 for Data
                                                               ^~
/home/ec2-user/arduino-testlib/cli-datadir/user/libraries/Easy_IoT_with_CC1101_-_Sub-1GHz_LORA-like/examples/AES_TX_and_RX/AES_TX_and_RX.ino:19:63: note: suggested alternative: &#39;A1&#39;
 U8G2_SSD1306_128X64_NONAME_F_SW_I2C u8g2(U8G2_R0, /* clock=*/ D1, /* data=*/ D3, /* reset=*/ U8X8_PIN_NONE); // MUST USE D3 for Data
                                                               ^~
                                                               A1
/home/ec2-user/arduino-testlib/cli-datadir/user/libraries/Easy_IoT_with_CC1101_-_Sub-1GHz_LORA-like/examples/AES_TX_and_RX/AES_TX_and_RX.ino:19:78: error: &#39;D3&#39; was not declared in this scope
 U8G2_SSD1306_128X64_NONAME_F_SW_I2C u8g2(U8G2_R0, /* clock=*/ D1, /* data=*/ D3, /* reset=*/ U8X8_PIN_NONE); // MUST USE D3 for Data
                                                                              ^~
/home/ec2-user/arduino-testlib/cli-datadir/user/libraries/Easy_IoT_with_CC1101_-_Sub-1GHz_LORA-like/examples/AES_TX_and_RX/AES_TX_and_RX.ino:19:78: note: suggested alternative: &#39;A3&#39;
 U8G2_SSD1306_128X64_NONAME_F_SW_I2C u8g2(U8G2_R0, /* clock=*/ D1, /* data=*/ D3, /* reset=*/ U8X8_PIN_NONE); // MUST USE D3 for Data
                                                                              ^~
                                                                              A3
/home/ec2-user/arduino-testlib/cli-datadir/user/libraries/Easy_IoT_with_CC1101_-_Sub-1GHz_LORA-like/examples/AES_TX_and_RX/AES_TX_and_RX.ino: In function &#39;void setup()&#39;:
/home/ec2-user/arduino-testlib/cli-datadir/user/libraries/Easy_IoT_with_CC1101_-_Sub-1GHz_LORA-like/examples/AES_TX_and_RX/AES_TX_and_RX.ino:69:99: error: no matching function for call to &#39;CC1101::begin(CFREQ, DATA_RATE, int, const int&amp;)&#39;
     if ( !radio.begin(CFREQ_868, KBPS_250, /* channel num */ 16, /* address */ THIS_DEVICE_ADDRESS) ) // Channel 16. This device has an address of 64
                                                                                                   ^
In file included from /home/ec2-user/arduino-testlib/cli-datadir/user/libraries/Easy_IoT_with_CC1101_-_Sub-1GHz_LORA-like/examples/AES_TX_and_RX/AES_TX_and_RX.ino:2:0:
/home/ec2-user/arduino-testlib/cli-datadir/user/libraries/Easy_IoT_with_CC1101_-_Sub-1GHz_LORA-like/cc1101.h:563:10: note: candidate: bool CC1101::begin(CFREQ, DATA_RATE, uint8_t, uint8_t, uint8_t)
     bool begin(CFREQ freq, DATA_RATE rate, uint8_t channr, uint8_t addr, uint8_t interrupt_pin);
          ^~~~~
/home/ec2-user/arduino-testlib/cli-datadir/user/libraries/Easy_IoT_with_CC1101_-_Sub-1GHz_LORA-like/cc1101.h:563:10: note:   candidate expects 5 arguments, 4 provided
/home/ec2-user/arduino-testlib/cli-datadir/user/libraries/Easy_IoT_with_CC1101_-_Sub-1GHz_LORA-like/cc1101.h:566:10: note: candidate: bool CC1101::begin(const byte*, uint8_t)
     bool begin(const byte regConfig[NUM_CONFIG_REGISTERS], uint8_t interrupt_pin);
          ^~~~~
/home/ec2-user/arduino-testlib/cli-datadir/user/libraries/Easy_IoT_with_CC1101_-_Sub-1GHz_LORA-like/cc1101.h:566:10: note:   candidate expects 2 arguments, 4 provided
/home/ec2-user/arduino-testlib/cli-datadir/user/libraries/Easy_IoT_with_CC1101_-_Sub-1GHz_LORA-like/examples/AES_TX_and_RX/AES_TX_and_RX.ino: In function &#39;void loop()&#39;:
/home/ec2-user/arduino-testlib/cli-datadir/user/libraries/Easy_IoT_with_CC1101_-_Sub-1GHz_LORA-like/examples/AES_TX_and_RX/AES_TX_and_RX.ino:105:12: error: &#39;class arduino::UART&#39; has no member named &#39;printf&#39;; did you mean &#39;print&#39;?
     Serial.printf(&#34;\nRECEIVED CIPHER:&#34;);
            ^~~~~~
            print
/home/ec2-user/arduino-testlib/cli-datadir/user/libraries/Easy_IoT_with_CC1101_-_Sub-1GHz_LORA-like/examples/AES_TX_and_RX/AES_TX_and_RX.ino:174:14: error: &#39;class arduino::UART&#39; has no member named &#39;printf&#39;; did you mean &#39;print&#39;?
       Serial.printf(&#34;Plaintext is %d chars in length.\n&#34;, plainLength);
              ^~~~~~
              print
/home/ec2-user/arduino-testlib/cli-datadir/user/libraries/Easy_IoT_with_CC1101_-_Sub-1GHz_LORA-like/examples/AES_TX_and_RX/AES_TX_and_RX.ino:176:14: error: &#39;class arduino::UART&#39; has no member named &#39;printf&#39;; did you mean &#39;print&#39;?
       Serial.printf(&#34;Padded ciphertext is %d bytes in length.\n&#34;, paddedLength);
              ^~~~~~
              print
/home/ec2-user/arduino-testlib/cli-datadir/user/libraries/Easy_IoT_with_CC1101_-_Sub-1GHz_LORA-like/examples/AES_TX_and_RX/AES_TX_and_RX.ino:193:14: error: &#39;class arduino::UART&#39; has no member named &#39;printf&#39;; did you mean &#39;print&#39;?
       Serial.printf(&#34;\n\nPLAIN :&#34;);
              ^~~~~~
              print
/home/ec2-user/arduino-testlib/cli-datadir/user/libraries/Easy_IoT_with_CC1101_-_Sub-1GHz_LORA-like/examples/AES_TX_and_RX/AES_TX_and_RX.ino:195:14: error: &#39;class arduino::UART&#39; has no member named &#39;printf&#39;; did you mean &#39;print&#39;?
       Serial.printf(&#34;\nCIPHER:&#34;);
              ^~~~~~
              print
/home/ec2-user/arduino-testlib/cli-datadir/user/libraries/Easy_IoT_with_CC1101_-_Sub-1GHz_LORA-like/examples/AES_TX_and_RX/AES_TX_and_RX.ino:197:14: error: &#39;class arduino::UART&#39; has no member named &#39;printf&#39;; did you mean &#39;print&#39;?
       Serial.printf(&#34;\nCHECK :&#34;);
              ^~~~~~
              print
/home/ec2-user/arduino-testlib/cli-datadir/user/libraries/Easy_IoT_with_CC1101_-_Sub-1GHz_LORA-like/examples/AES_TX_and_RX/AES_TX_and_RX.ino:199:14: error: &#39;class arduino::UART&#39; has no member named &#39;printf&#39;; did you mean &#39;print&#39;?
       Serial.printf(&#34;\nIV    :&#34;);
              ^~~~~~
              print
/home/ec2-user/arduino-testlib/cli-datadir/user/libraries/Easy_IoT_with_CC1101_-_Sub-1GHz_LORA-like/examples/AES_TX_and_RX/AES_TX_and_RX.ino:201:14: error: &#39;class arduino::UART&#39; has no member named &#39;printf&#39;; did you mean &#39;print&#39;?
       Serial.printf(&#34;\n============================================================\n&#34;);
              ^~~~~~
              print

</pre>
					
					<h4>examples/Simple_TX_and_RX</h4>
					<p>
						Result: <b>FAIL</b>
					</p>
					<pre class="pre-scrollable">/home/ec2-user/arduino-testlib/cli-datadir/user/libraries/Easy_IoT_with_CC1101_-_Sub-1GHz_LORA-like/examples/Simple_TX_and_RX/Simple_TX_and_RX.ino: In function &#39;void setup()&#39;:
/home/ec2-user/arduino-testlib/cli-datadir/user/libraries/Easy_IoT_with_CC1101_-_Sub-1GHz_LORA-like/examples/Simple_TX_and_RX/Simple_TX_and_RX.ino:90:104: error: &#39;GDO0_INTERRUPT_PIN&#39; was not declared in this scope
     while ( !radio.begin(CFREQ_868, KBPS_250, /* channel num */ 16, /* address */ THIS_DEVICE_ADDRESS, GDO0_INTERRUPT_PIN /* Interrupt */) ) // channel 16! Whitening enabled
                                                                                                        ^~~~~~~~~~~~~~~~~~
/home/ec2-user/arduino-testlib/cli-datadir/user/libraries/Easy_IoT_with_CC1101_-_Sub-1GHz_LORA-like/examples/Simple_TX_and_RX/Simple_TX_and_RX.ino:90:104: note: suggested alternative: &#39;DEVICE_INTERRUPTIN&#39;
     while ( !radio.begin(CFREQ_868, KBPS_250, /* channel num */ 16, /* address */ THIS_DEVICE_ADDRESS, GDO0_INTERRUPT_PIN /* Interrupt */) ) // channel 16! Whitening enabled
                                                                                                        ^~~~~~~~~~~~~~~~~~
                                                                                                        DEVICE_INTERRUPTIN

</pre>
					
				
				<h3 id="arduino:megaavr:nona4809">arduino:megaavr:nona4809 @ 1.8.7</h3>
				<h4>Inclusion</h4>
				<p>
					Result: <b>FAIL</b>
					
					<br />This library has no main header file so an empty one was created.
					
				</p>
				<pre class="pre-scrollable">/tmp/arduino-testlib3814172323/test/test.ino:1:10: fatal error: Easy_IoT_with_CC1101_-_Sub-1GHz_LORA-like.h: No such file or directory
 #include &lt;Easy_IoT_with_CC1101_-_Sub-1GHz_LORA-like.h&gt;
          ^~~~~~~~~~~~~~~~~~~~~~~~~~~~~~~~~~~~~~~~~~~~~
compilation terminated.

</pre>

					
					<h4>examples/AES_TX_and_RX</h4>
					<p>
						Result: <b>FAIL</b>
					</p>
					<pre class="pre-scrollable">/home/ec2-user/arduino-testlib/cli-datadir/user/libraries/Easy_IoT_with_CC1101_-_Sub-1GHz_LORA-like/examples/AES_TX_and_RX/AES_TX_and_RX.ino:19:63: error: &#39;D1&#39; was not declared in this scope
 U8G2_SSD1306_128X64_NONAME_F_SW_I2C u8g2(U8G2_R0, /* clock=*/ D1, /* data=*/ D3, /* reset=*/ U8X8_PIN_NONE); // MUST USE D3 for Data
                                                               ^~
/home/ec2-user/arduino-testlib/cli-datadir/user/libraries/Easy_IoT_with_CC1101_-_Sub-1GHz_LORA-like/examples/AES_TX_and_RX/AES_TX_and_RX.ino:19:63: note: suggested alternative: &#39;A1&#39;
 U8G2_SSD1306_128X64_NONAME_F_SW_I2C u8g2(U8G2_R0, /* clock=*/ D1, /* data=*/ D3, /* reset=*/ U8X8_PIN_NONE); // MUST USE D3 for Data
                                                               ^~
                                                               A1
/home/ec2-user/arduino-testlib/cli-datadir/user/libraries/Easy_IoT_with_CC1101_-_Sub-1GHz_LORA-like/examples/AES_TX_and_RX/AES_TX_and_RX.ino:19:78: error: &#39;D3&#39; was not declared in this scope
 U8G2_SSD1306_128X64_NONAME_F_SW_I2C u8g2(U8G2_R0, /* clock=*/ D1, /* data=*/ D3, /* reset=*/ U8X8_PIN_NONE); // MUST USE D3 for Data
                                                                              ^~
/home/ec2-user/arduino-testlib/cli-datadir/user/libraries/Easy_IoT_with_CC1101_-_Sub-1GHz_LORA-like/examples/AES_TX_and_RX/AES_TX_and_RX.ino:19:78: note: suggested alternative: &#39;A3&#39;
 U8G2_SSD1306_128X64_NONAME_F_SW_I2C u8g2(U8G2_R0, /* clock=*/ D1, /* data=*/ D3, /* reset=*/ U8X8_PIN_NONE); // MUST USE D3 for Data
                                                                              ^~
                                                                              A3
/home/ec2-user/arduino-testlib/cli-datadir/user/libraries/Easy_IoT_with_CC1101_-_Sub-1GHz_LORA-like/examples/AES_TX_and_RX/AES_TX_and_RX.ino: In function &#39;void setup()&#39;:
/home/ec2-user/arduino-testlib/cli-datadir/user/libraries/Easy_IoT_with_CC1101_-_Sub-1GHz_LORA-like/examples/AES_TX_and_RX/AES_TX_and_RX.ino:69:99: error: no matching function for call to &#39;CC1101::begin(CFREQ, DATA_RATE, int, const int&amp;)&#39;
     if ( !radio.begin(CFREQ_868, KBPS_250, /* channel num */ 16, /* address */ THIS_DEVICE_ADDRESS) ) // Channel 16. This device has an address of 64
                                                                                                   ^
In file included from /home/ec2-user/arduino-testlib/cli-datadir/user/libraries/Easy_IoT_with_CC1101_-_Sub-1GHz_LORA-like/examples/AES_TX_and_RX/AES_TX_and_RX.ino:2:0:
/home/ec2-user/arduino-testlib/cli-datadir/user/libraries/Easy_IoT_with_CC1101_-_Sub-1GHz_LORA-like/cc1101.h:563:10: note: candidate: bool CC1101::begin(CFREQ, DATA_RATE, uint8_t, uint8_t, uint8_t)
     bool begin(CFREQ freq, DATA_RATE rate, uint8_t channr, uint8_t addr, uint8_t interrupt_pin);
          ^~~~~
/home/ec2-user/arduino-testlib/cli-datadir/user/libraries/Easy_IoT_with_CC1101_-_Sub-1GHz_LORA-like/cc1101.h:563:10: note:   candidate expects 5 arguments, 4 provided
/home/ec2-user/arduino-testlib/cli-datadir/user/libraries/Easy_IoT_with_CC1101_-_Sub-1GHz_LORA-like/cc1101.h:566:10: note: candidate: bool CC1101::begin(const byte*, uint8_t)
     bool begin(const byte regConfig[NUM_CONFIG_REGISTERS], uint8_t interrupt_pin);
          ^~~~~
/home/ec2-user/arduino-testlib/cli-datadir/user/libraries/Easy_IoT_with_CC1101_-_Sub-1GHz_LORA-like/cc1101.h:566:10: note:   candidate expects 2 arguments, 4 provided
/home/ec2-user/arduino-testlib/cli-datadir/user/libraries/Easy_IoT_with_CC1101_-_Sub-1GHz_LORA-like/examples/AES_TX_and_RX/AES_TX_and_RX.ino: In function &#39;void loop()&#39;:
/home/ec2-user/arduino-testlib/cli-datadir/user/libraries/Easy_IoT_with_CC1101_-_Sub-1GHz_LORA-like/examples/AES_TX_and_RX/AES_TX_and_RX.ino:105:12: error: &#39;class UartClass&#39; has no member named &#39;printf&#39;; did you mean &#39;print&#39;?
     Serial.printf(&#34;\nRECEIVED CIPHER:&#34;);
            ^~~~~~
            print
/home/ec2-user/arduino-testlib/cli-datadir/user/libraries/Easy_IoT_with_CC1101_-_Sub-1GHz_LORA-like/examples/AES_TX_and_RX/AES_TX_and_RX.ino:106:61: error: call of overloaded &#39;printArray(byte*, uint16_t&amp;)&#39; is ambiguous
     aes.printArray((byte *)recieveBuffer, receivedStreamSize);
                                                             ^
In file included from /home/ec2-user/arduino-testlib/cli-datadir/user/libraries/Easy_IoT_with_CC1101_-_Sub-1GHz_LORA-like/examples/AES_TX_and_RX/AES_TX_and_RX.ino:4:0:
/home/ec2-user/arduino-testlib/cli-datadir/user/libraries/Easy_IoT_with_CC1101_-_Sub-1GHz_LORA-like/examples/AES_TX_and_RX/AES.h:233:7: note: candidate: void AES::printArray(byte*, bool)
  void printArray(byte output[],bool p_pad = true);
       ^~~~~~~~~~
/home/ec2-user/arduino-testlib/cli-datadir/user/libraries/Easy_IoT_with_CC1101_-_Sub-1GHz_LORA-like/examples/AES_TX_and_RX/AES.h:242:7: note: candidate: void AES::printArray(byte*, int)
  void printArray(byte output[],int sizel);
       ^~~~~~~~~~
/home/ec2-user/arduino-testlib/cli-datadir/user/libraries/Easy_IoT_with_CC1101_-_Sub-1GHz_LORA-like/examples/AES_TX_and_RX/AES_TX_and_RX.ino:174:14: error: &#39;class UartClass&#39; has no member named &#39;printf&#39;; did you mean &#39;print&#39;?
       Serial.printf(&#34;Plaintext is %d chars in length.\n&#34;, plainLength);
              ^~~~~~
              print
/home/ec2-user/arduino-testlib/cli-datadir/user/libraries/Easy_IoT_with_CC1101_-_Sub-1GHz_LORA-like/examples/AES_TX_and_RX/AES_TX_and_RX.ino:176:14: error: &#39;class UartClass&#39; has no member named &#39;printf&#39;; did you mean &#39;print&#39;?
       Serial.printf(&#34;Padded ciphertext is %d bytes in length.\n&#34;, paddedLength);
              ^~~~~~
              print
/home/ec2-user/arduino-testlib/cli-datadir/user/libraries/Easy_IoT_with_CC1101_-_Sub-1GHz_LORA-like/examples/AES_TX_and_RX/AES_TX_and_RX.ino:193:14: error: &#39;class UartClass&#39; has no member named &#39;printf&#39;; did you mean &#39;print&#39;?
       Serial.printf(&#34;\n\nPLAIN :&#34;);
              ^~~~~~
              print
/home/ec2-user/arduino-testlib/cli-datadir/user/libraries/Easy_IoT_with_CC1101_-_Sub-1GHz_LORA-like/examples/AES_TX_and_RX/AES_TX_and_RX.ino:195:14: error: &#39;class UartClass&#39; has no member named &#39;printf&#39;; did you mean &#39;print&#39;?
       Serial.printf(&#34;\nCIPHER:&#34;);
              ^~~~~~
              print
/home/ec2-user/arduino-testlib/cli-datadir/user/libraries/Easy_IoT_with_CC1101_-_Sub-1GHz_LORA-like/examples/AES_TX_and_RX/AES_TX_and_RX.ino:197:14: error: &#39;class UartClass&#39; has no member named &#39;printf&#39;; did you mean &#39;print&#39;?
       Serial.printf(&#34;\nCHECK :&#34;);
              ^~~~~~
              print
/home/ec2-user/arduino-testlib/cli-datadir/user/libraries/Easy_IoT_with_CC1101_-_Sub-1GHz_LORA-like/examples/AES_TX_and_RX/AES_TX_and_RX.ino:199:14: error: &#39;class UartClass&#39; has no member named &#39;printf&#39;; did you mean &#39;print&#39;?
       Serial.printf(&#34;\nIV    :&#34;);
              ^~~~~~
              print
/home/ec2-user/arduino-testlib/cli-datadir/user/libraries/Easy_IoT_with_CC1101_-_Sub-1GHz_LORA-like/examples/AES_TX_and_RX/AES_TX_and_RX.ino:201:14: error: &#39;class UartClass&#39; has no member named &#39;printf&#39;; did you mean &#39;print&#39;?
       Serial.printf(&#34;\n============================================================\n&#34;);
              ^~~~~~
              print

</pre>
					
					<h4>examples/Simple_TX_and_RX</h4>
					<p>
						Result: <b>PASS</b>
					</p>
					<pre class="pre-scrollable">Sketch uses 17927 bytes (36%) of program storage space. Maximum is 49152 bytes.
Global variables use 871 bytes (14%) of dynamic memory, leaving 5273 bytes for local variables. Maximum is 6144 bytes.
</pre>
					
				
				<h3 id="arduino:samd:mkrwifi1010">arduino:samd:mkrwifi1010 @ 1.8.12</h3>
				<h4>Inclusion</h4>
				<p>
					Result: <b>FAIL</b>
					
					<br />This library has no main header file so an empty one was created.
					
				</p>
				<pre class="pre-scrollable">/tmp/arduino-testlib320837003/test/test.ino:1:10: fatal error: Easy_IoT_with_CC1101_-_Sub-1GHz_LORA-like.h: No such file or directory
 #include &lt;Easy_IoT_with_CC1101_-_Sub-1GHz_LORA-like.h&gt;
          ^~~~~~~~~~~~~~~~~~~~~~~~~~~~~~~~~~~~~~~~~~~~~
compilation terminated.

</pre>

					
					<h4>examples/AES_TX_and_RX</h4>
					<p>
						Result: <b>FAIL</b>
					</p>
					<pre class="pre-scrollable">/home/ec2-user/arduino-testlib/cli-datadir/user/libraries/Easy_IoT_with_CC1101_-_Sub-1GHz_LORA-like/examples/AES_TX_and_RX/AES_TX_and_RX.ino:19:63: error: &#39;D1&#39; was not declared in this scope
 U8G2_SSD1306_128X64_NONAME_F_SW_I2C u8g2(U8G2_R0, /* clock=*/ D1, /* data=*/ D3, /* reset=*/ U8X8_PIN_NONE); // MUST USE D3 for Data
                                                               ^~
/home/ec2-user/arduino-testlib/cli-datadir/user/libraries/Easy_IoT_with_CC1101_-_Sub-1GHz_LORA-like/examples/AES_TX_and_RX/AES_TX_and_RX.ino:19:63: note: suggested alternative: &#39;A1&#39;
 U8G2_SSD1306_128X64_NONAME_F_SW_I2C u8g2(U8G2_R0, /* clock=*/ D1, /* data=*/ D3, /* reset=*/ U8X8_PIN_NONE); // MUST USE D3 for Data
                                                               ^~
                                                               A1
/home/ec2-user/arduino-testlib/cli-datadir/user/libraries/Easy_IoT_with_CC1101_-_Sub-1GHz_LORA-like/examples/AES_TX_and_RX/AES_TX_and_RX.ino:19:78: error: &#39;D3&#39; was not declared in this scope
 U8G2_SSD1306_128X64_NONAME_F_SW_I2C u8g2(U8G2_R0, /* clock=*/ D1, /* data=*/ D3, /* reset=*/ U8X8_PIN_NONE); // MUST USE D3 for Data
                                                                              ^~
/home/ec2-user/arduino-testlib/cli-datadir/user/libraries/Easy_IoT_with_CC1101_-_Sub-1GHz_LORA-like/examples/AES_TX_and_RX/AES_TX_and_RX.ino:19:78: note: suggested alternative: &#39;A3&#39;
 U8G2_SSD1306_128X64_NONAME_F_SW_I2C u8g2(U8G2_R0, /* clock=*/ D1, /* data=*/ D3, /* reset=*/ U8X8_PIN_NONE); // MUST USE D3 for Data
                                                                              ^~
                                                                              A3
/home/ec2-user/arduino-testlib/cli-datadir/user/libraries/Easy_IoT_with_CC1101_-_Sub-1GHz_LORA-like/examples/AES_TX_and_RX/AES_TX_and_RX.ino: In function &#39;void setup()&#39;:
/home/ec2-user/arduino-testlib/cli-datadir/user/libraries/Easy_IoT_with_CC1101_-_Sub-1GHz_LORA-like/examples/AES_TX_and_RX/AES_TX_and_RX.ino:69:99: error: no matching function for call to &#39;CC1101::begin(CFREQ, DATA_RATE, int, const int&amp;)&#39;
     if ( !radio.begin(CFREQ_868, KBPS_250, /* channel num */ 16, /* address */ THIS_DEVICE_ADDRESS) ) // Channel 16. This device has an address of 64
                                                                                                   ^
In file included from /home/ec2-user/arduino-testlib/cli-datadir/user/libraries/Easy_IoT_with_CC1101_-_Sub-1GHz_LORA-like/examples/AES_TX_and_RX/AES_TX_and_RX.ino:2:0:
/home/ec2-user/arduino-testlib/cli-datadir/user/libraries/Easy_IoT_with_CC1101_-_Sub-1GHz_LORA-like/cc1101.h:563:10: note: candidate: bool CC1101::begin(CFREQ, DATA_RATE, uint8_t, uint8_t, uint8_t)
     bool begin(CFREQ freq, DATA_RATE rate, uint8_t channr, uint8_t addr, uint8_t interrupt_pin);
          ^~~~~
/home/ec2-user/arduino-testlib/cli-datadir/user/libraries/Easy_IoT_with_CC1101_-_Sub-1GHz_LORA-like/cc1101.h:563:10: note:   candidate expects 5 arguments, 4 provided
/home/ec2-user/arduino-testlib/cli-datadir/user/libraries/Easy_IoT_with_CC1101_-_Sub-1GHz_LORA-like/cc1101.h:566:10: note: candidate: bool CC1101::begin(const byte*, uint8_t)
     bool begin(const byte regConfig[NUM_CONFIG_REGISTERS], uint8_t interrupt_pin);
          ^~~~~
/home/ec2-user/arduino-testlib/cli-datadir/user/libraries/Easy_IoT_with_CC1101_-_Sub-1GHz_LORA-like/cc1101.h:566:10: note:   candidate expects 2 arguments, 4 provided
/home/ec2-user/arduino-testlib/cli-datadir/user/libraries/Easy_IoT_with_CC1101_-_Sub-1GHz_LORA-like/examples/AES_TX_and_RX/AES_TX_and_RX.ino: In function &#39;void loop()&#39;:
/home/ec2-user/arduino-testlib/cli-datadir/user/libraries/Easy_IoT_with_CC1101_-_Sub-1GHz_LORA-like/examples/AES_TX_and_RX/AES_TX_and_RX.ino:105:12: error: &#39;class Serial_&#39; has no member named &#39;printf&#39;; did you mean &#39;print&#39;?
     Serial.printf(&#34;\nRECEIVED CIPHER:&#34;);
            ^~~~~~
            print
/home/ec2-user/arduino-testlib/cli-datadir/user/libraries/Easy_IoT_with_CC1101_-_Sub-1GHz_LORA-like/examples/AES_TX_and_RX/AES_TX_and_RX.ino:174:14: error: &#39;class Serial_&#39; has no member named &#39;printf&#39;; did you mean &#39;print&#39;?
       Serial.printf(&#34;Plaintext is %d chars in length.\n&#34;, plainLength);
              ^~~~~~
              print
/home/ec2-user/arduino-testlib/cli-datadir/user/libraries/Easy_IoT_with_CC1101_-_Sub-1GHz_LORA-like/examples/AES_TX_and_RX/AES_TX_and_RX.ino:176:14: error: &#39;class Serial_&#39; has no member named &#39;printf&#39;; did you mean &#39;print&#39;?
       Serial.printf(&#34;Padded ciphertext is %d bytes in length.\n&#34;, paddedLength);
              ^~~~~~
              print
/home/ec2-user/arduino-testlib/cli-datadir/user/libraries/Easy_IoT_with_CC1101_-_Sub-1GHz_LORA-like/examples/AES_TX_and_RX/AES_TX_and_RX.ino:193:14: error: &#39;class Serial_&#39; has no member named &#39;printf&#39;; did you mean &#39;print&#39;?
       Serial.printf(&#34;\n\nPLAIN :&#34;);
              ^~~~~~
              print
/home/ec2-user/arduino-testlib/cli-datadir/user/libraries/Easy_IoT_with_CC1101_-_Sub-1GHz_LORA-like/examples/AES_TX_and_RX/AES_TX_and_RX.ino:195:14: error: &#39;class Serial_&#39; has no member named &#39;printf&#39;; did you mean &#39;print&#39;?
       Serial.printf(&#34;\nCIPHER:&#34;);
              ^~~~~~
              print
/home/ec2-user/arduino-testlib/cli-datadir/user/libraries/Easy_IoT_with_CC1101_-_Sub-1GHz_LORA-like/examples/AES_TX_and_RX/AES_TX_and_RX.ino:197:14: error: &#39;class Serial_&#39; has no member named &#39;printf&#39;; did you mean &#39;print&#39;?
       Serial.printf(&#34;\nCHECK :&#34;);
              ^~~~~~
              print
/home/ec2-user/arduino-testlib/cli-datadir/user/libraries/Easy_IoT_with_CC1101_-_Sub-1GHz_LORA-like/examples/AES_TX_and_RX/AES_TX_and_RX.ino:199:14: error: &#39;class Serial_&#39; has no member named &#39;printf&#39;; did you mean &#39;print&#39;?
       Serial.printf(&#34;\nIV    :&#34;);
              ^~~~~~
              print
/home/ec2-user/arduino-testlib/cli-datadir/user/libraries/Easy_IoT_with_CC1101_-_Sub-1GHz_LORA-like/examples/AES_TX_and_RX/AES_TX_and_RX.ino:201:14: error: &#39;class Serial_&#39; has no member named &#39;printf&#39;; did you mean &#39;print&#39;?
       Serial.printf(&#34;\n============================================================\n&#34;);
              ^~~~~~
              print

</pre>
					
					<h4>examples/Simple_TX_and_RX</h4>
					<p>
						Result: <b>FAIL</b>
					</p>
					<pre class="pre-scrollable">/home/ec2-user/arduino-testlib/cli-datadir/user/libraries/Easy_IoT_with_CC1101_-_Sub-1GHz_LORA-like/examples/Simple_TX_and_RX/Simple_TX_and_RX.ino: In function &#39;void setup()&#39;:
/home/ec2-user/arduino-testlib/cli-datadir/user/libraries/Easy_IoT_with_CC1101_-_Sub-1GHz_LORA-like/examples/Simple_TX_and_RX/Simple_TX_and_RX.ino:90:104: error: &#39;GDO0_INTERRUPT_PIN&#39; was not declared in this scope
     while ( !radio.begin(CFREQ_868, KBPS_250, /* channel num */ 16, /* address */ THIS_DEVICE_ADDRESS, GDO0_INTERRUPT_PIN /* Interrupt */) ) // channel 16! Whitening enabled
                                                                                                        ^~~~~~~~~~~~~~~~~~
/home/ec2-user/arduino-testlib/cli-datadir/user/libraries/Easy_IoT_with_CC1101_-_Sub-1GHz_LORA-like/examples/Simple_TX_and_RX/Simple_TX_and_RX.ino:90:104: note: suggested alternative: &#39;W_INTERRUPTS_CPP&#39;
     while ( !radio.begin(CFREQ_868, KBPS_250, /* channel num */ 16, /* address */ THIS_DEVICE_ADDRESS, GDO0_INTERRUPT_PIN /* Interrupt */) ) // channel 16! Whitening enabled
                                                                                                        ^~~~~~~~~~~~~~~~~~
                                                                                                        W_INTERRUPTS_CPP

</pre>
					
				
				<h3 id="esp32:esp32:d1_mini32">esp32:esp32:d1_mini32 @ 1.0.6</h3>
				<h4>Inclusion</h4>
				<p>
					Result: <b>FAIL</b>
					
					<br />This library has no main header file so an empty one was created.
					
				</p>
				<pre class="pre-scrollable">/tmp/arduino-testlib3814172323/test/test.ino:1:55: fatal error: Easy_IoT_with_CC1101_-_Sub-1GHz_LORA-like.h: No such file or directory
compilation terminated.

</pre>

					
					<h4>examples/AES_TX_and_RX</h4>
					<p>
						Result: <b>FAIL</b>
					</p>
					<pre class="pre-scrollable">/home/ec2-user/arduino-testlib/cli-datadir/user/libraries/Easy_IoT_with_CC1101_-_Sub-1GHz_LORA-like/examples/AES_TX_and_RX/AES_TX_and_RX.ino: In function &#39;void setup()&#39;:
/home/ec2-user/arduino-testlib/cli-datadir/user/libraries/Easy_IoT_with_CC1101_-_Sub-1GHz_LORA-like/examples/AES_TX_and_RX/AES_TX_and_RX.ino:69:99: error: no matching function for call to &#39;CC1101::begin(CFREQ, DATA_RATE, int, const int&amp;)&#39;
     if ( !radio.begin(CFREQ_868, KBPS_250, /* channel num */ 16, /* address */ THIS_DEVICE_ADDRESS) ) // Channel 16. This device has an address of 64
                                                                                                   ^
In file included from /home/ec2-user/arduino-testlib/cli-datadir/user/libraries/Easy_IoT_with_CC1101_-_Sub-1GHz_LORA-like/examples/AES_TX_and_RX/AES_TX_and_RX.ino:2:0:
/home/ec2-user/arduino-testlib/cli-datadir/user/libraries/Easy_IoT_with_CC1101_-_Sub-1GHz_LORA-like/cc1101.h:563:10: note: candidate: bool CC1101::begin(CFREQ, DATA_RATE, uint8_t, uint8_t, uint8_t)
     bool begin(CFREQ freq, DATA_RATE rate, uint8_t channr, uint8_t addr, uint8_t interrupt_pin);
          ^
/home/ec2-user/arduino-testlib/cli-datadir/user/libraries/Easy_IoT_with_CC1101_-_Sub-1GHz_LORA-like/cc1101.h:563:10: note:   candidate expects 5 arguments, 4 provided
/home/ec2-user/arduino-testlib/cli-datadir/user/libraries/Easy_IoT_with_CC1101_-_Sub-1GHz_LORA-like/cc1101.h:566:10: note: candidate: bool CC1101::begin(const byte*, uint8_t)
     bool begin(const byte regConfig[NUM_CONFIG_REGISTERS], uint8_t interrupt_pin);    
          ^
/home/ec2-user/arduino-testlib/cli-datadir/user/libraries/Easy_IoT_with_CC1101_-_Sub-1GHz_LORA-like/cc1101.h:566:10: note:   candidate expects 2 arguments, 4 provided

</pre>
					
					<h4>examples/Simple_TX_and_RX</h4>
					<p>
						Result: <b>PASS</b>
					</p>
					<pre class="pre-scrollable">Sketch uses 221278 bytes (16%) of program storage space. Maximum is 1310720 bytes.
Global variables use 14440 bytes (4%) of dynamic memory, leaving 313240 bytes for local variables. Maximum is 327680 bytes.
</pre>
					
				
			</div>
		</div>
	</div>
  </body>
</html>
