
<!doctype html>
<html lang="en">
  <head>
    <meta charset="utf-8">
    <meta name="viewport" content="width=device-width, initial-scale=1">
    <link href="https://cdn.jsdelivr.net/npm/bootstrap@5.0.2/dist/css/bootstrap.min.css" rel="stylesheet" integrity="sha384-EVSTQN3/azprG1Anm3QDgpJLIm9Nao0Yz1ztcQTwFspd3yD65VohhpuuCOmLASjC" crossorigin="anonymous">
    <title>arduino-testlib report</title>
	<style>
	.pass { background-color: #00FF00 !important; }
	.fail { background-color: #FF0000 !important; }
	</style>
  </head>
  <body>
	<div class="container">
		<div class="row">
			<div class="col">
				<h1>EEPROM-Storage - compatibility matrix</h1>
				<p>
					<small>This report was generated on Monday, 21-Feb-22 12:00:25 CET using 
					<a href="https://github.com/alranel/arduino-testlib">arduino-testlib</a>.</small>
				</p>

				<h2>EEPROM-Storage</h2>
				<p>
					Version: <b>1.0.1</b>
					<br />
					<a href="https://www.arduino.cc/reference/en/libraries/eeprom-storage/">More details</a>
				</p>

				<h2>Compatibility matrix</h2>
				<table class="table table-bordered">
					<tr>
						<th>Board</th>
						<th>Claims compatibility</th>
						<th>Inclusion</th>
						
						<th><pre>demo</pre></th>
						
						<th><pre>sizeof</pre></th>
						
						<th><pre>tests</pre></th>
						
						<th><pre>address</pre></th>
						
						<th><pre>cloud</pre></th>
						
					</tr>
					
					<tr>
						<td>
							<a href="#arduino%3aavr%3auno"><b>arduino:avr:uno</b></a>
							<br />
							<small>1.8.4</small>
						</td>

						
						
							<td>No ⚠️</td>
							<td class="pass">PASS</td>
						
						
						

						
							
								
									
										
									
										
									
										
											<td class="pass">PASS</td>
											
										
									
										
									
										
									
								
							
								
							
								
							
								
							
								
							
						
							
								
									
										
									
										
									
										
									
										
											<td class="pass">PASS</td>
											
										
									
										
									
								
							
								
							
								
							
								
							
								
							
						
							
								
									
										
									
										
									
										
									
										
									
										
											
											<td class="fail">FAIL</td>
										
									
								
							
								
							
								
							
								
							
								
							
						
							
								
									
										
											<td class="pass">PASS</td>
											
										
									
										
									
										
									
										
									
										
									
								
							
								
							
								
							
								
							
								
							
						
							
								
									
										
									
										
											<td class="pass">PASS</td>
											
										
									
										
									
										
									
										
									
								
							
								
							
								
							
								
							
								
							
						
					</tr>
					
					<tr>
						<td>
							<a href="#arduino%3ambed_nano%3ananorp2040connect"><b>arduino:mbed_nano:nanorp2040connect</b></a>
							<br />
							<small>2.7.2</small>
						</td>

						
						
						
						
							<td>No</td>
							<td class="fail">FAIL</td>
						

						
							
								
							
								
									
										
									
										
									
										
											
											<td class="fail">FAIL</td>
										
									
										
									
										
									
								
							
								
							
								
							
								
							
						
							
								
							
								
									
										
									
										
									
										
									
										
											<td class="pass">PASS</td>
											
										
									
										
									
								
							
								
							
								
							
								
							
						
							
								
							
								
									
										
									
										
									
										
									
										
									
										
											
											<td class="fail">FAIL</td>
										
									
								
							
								
							
								
							
								
							
						
							
								
							
								
									
										
											<td class="pass">PASS</td>
											
										
									
										
									
										
									
										
									
										
									
								
							
								
							
								
							
								
							
						
							
								
							
								
									
										
									
										
											
											<td class="fail">FAIL</td>
										
									
										
									
										
									
										
									
								
							
								
							
								
							
								
							
						
					</tr>
					
					<tr>
						<td>
							<a href="#arduino%3amegaavr%3anona4809"><b>arduino:megaavr:nona4809</b></a>
							<br />
							<small>1.8.7</small>
						</td>

						
						
							<td>No ⚠️</td>
							<td class="pass">PASS</td>
						
						
						

						
							
								
							
								
							
								
									
										
									
										
									
										
											<td class="pass">PASS</td>
											
										
									
										
									
										
									
								
							
								
							
								
							
						
							
								
							
								
							
								
									
										
									
										
									
										
									
										
											<td class="pass">PASS</td>
											
										
									
										
									
								
							
								
							
								
							
						
							
								
							
								
							
								
									
										
									
										
									
										
									
										
									
										
											<td class="pass">PASS</td>
											
										
									
								
							
								
							
								
							
						
							
								
							
								
							
								
									
										
											<td class="pass">PASS</td>
											
										
									
										
									
										
									
										
									
										
									
								
							
								
							
								
							
						
							
								
							
								
							
								
									
										
									
										
											<td class="pass">PASS</td>
											
										
									
										
									
										
									
										
									
								
							
								
							
								
							
						
					</tr>
					
					<tr>
						<td>
							<a href="#arduino%3asamd%3amkrwifi1010"><b>arduino:samd:mkrwifi1010</b></a>
							<br />
							<small>1.8.12</small>
						</td>

						
						
						
						
							<td>No</td>
							<td class="fail">FAIL</td>
						

						
							
								
							
								
							
								
							
								
									
										
									
										
									
										
											
											<td class="fail">FAIL</td>
										
									
										
									
										
									
								
							
								
							
						
							
								
							
								
							
								
							
								
									
										
									
										
									
										
									
										
											<td class="pass">PASS</td>
											
										
									
										
									
								
							
								
							
						
							
								
							
								
							
								
							
								
									
										
									
										
									
										
									
										
									
										
											
											<td class="fail">FAIL</td>
										
									
								
							
								
							
						
							
								
							
								
							
								
							
								
									
										
											<td class="pass">PASS</td>
											
										
									
										
									
										
									
										
									
										
									
								
							
								
							
						
							
								
							
								
							
								
							
								
									
										
									
										
											
											<td class="fail">FAIL</td>
										
									
										
									
										
									
										
									
								
							
								
							
						
					</tr>
					
					<tr>
						<td>
							<a href="#esp32%3aesp32%3ad1_mini32"><b>esp32:esp32:d1_mini32</b></a>
							<br />
							<small>1.0.6</small>
						</td>

						
						
						
						
							<td>No</td>
							<td class="fail">FAIL</td>
						

						
							
								
							
								
							
								
							
								
							
								
									
										
									
										
									
										
											
											<td class="fail">FAIL</td>
										
									
										
									
										
									
								
							
						
							
								
							
								
							
								
							
								
							
								
									
										
									
										
									
										
									
										
											<td class="pass">PASS</td>
											
										
									
										
									
								
							
						
							
								
							
								
							
								
							
								
							
								
									
										
									
										
									
										
									
										
									
										
											
											<td class="fail">FAIL</td>
										
									
								
							
						
							
								
							
								
							
								
							
								
							
								
									
										
											<td class="pass">PASS</td>
											
										
									
										
									
										
									
										
									
										
									
								
							
						
							
								
							
								
							
								
							
								
							
								
									
										
									
										
											
											<td class="fail">FAIL</td>
										
									
										
									
										
									
										
									
								
							
						
					</tr>
					
				</table>

				<h2>Compilation logs</h2>
				
				<h3 id="arduino:avr:uno">arduino:avr:uno @ 1.8.4</h3>
				<h4>Inclusion</h4>
				<p>
					Result: <b>PASS</b>
					
				</p>
				<pre class="pre-scrollable">Sketch uses 444 bytes (1%) of program storage space. Maximum is 32256 bytes.
Global variables use 9 bytes (0%) of dynamic memory, leaving 2039 bytes for local variables. Maximum is 2048 bytes.
</pre>

					
					<h4>examples/address</h4>
					<p>
						Result: <b>PASS</b>
					</p>
					<pre class="pre-scrollable">Sketch uses 2598 bytes (8%) of program storage space. Maximum is 32256 bytes.
Global variables use 536 bytes (26%) of dynamic memory, leaving 1512 bytes for local variables. Maximum is 2048 bytes.
</pre>
					
					<h4>examples/cloud</h4>
					<p>
						Result: <b>PASS</b>
					</p>
					<pre class="pre-scrollable">Sketch uses 592 bytes (1%) of program storage space. Maximum is 32256 bytes.
Global variables use 9 bytes (0%) of dynamic memory, leaving 2039 bytes for local variables. Maximum is 2048 bytes.
</pre>
					
					<h4>examples/demo</h4>
					<p>
						Result: <b>PASS</b>
					</p>
					<pre class="pre-scrollable">Sketch uses 18658 bytes (57%) of program storage space. Maximum is 32256 bytes.
Global variables use 1277 bytes (62%) of dynamic memory, leaving 771 bytes for local variables. Maximum is 2048 bytes.
</pre>
					
					<h4>examples/sizeof</h4>
					<p>
						Result: <b>PASS</b>
					</p>
					<pre class="pre-scrollable">Sketch uses 2796 bytes (8%) of program storage space. Maximum is 32256 bytes.
Global variables use 780 bytes (38%) of dynamic memory, leaving 1268 bytes for local variables. Maximum is 2048 bytes.
</pre>
					
					<h4>examples/tests</h4>
					<p>
						Result: <b>FAIL</b>
					</p>
					<pre class="pre-scrollable">Sketch uses 33656 bytes (104%) of program storage space. Maximum is 32256 bytes.
Global variables use 842 bytes (41%) of dynamic memory, leaving 1206 bytes for local variables. Maximum is 2048 bytes.
Sketch too big; see https://support.arduino.cc/hc/en-us/articles/360013825179 for tips on reducing it.
</pre>
					
				
				<h3 id="arduino:mbed_nano:nanorp2040connect">arduino:mbed_nano:nanorp2040connect @ 2.7.2</h3>
				<h4>Inclusion</h4>
				<p>
					Result: <b>FAIL</b>
					
				</p>
				<pre class="pre-scrollable">In file included from /home/ec2-user/arduino-testlib/cli-datadir/user/libraries/EEPROM-Storage/src/EEPROM-Storage.h:31:0,
                 from /tmp/arduino-testlib2255537621/test/test.ino:1:
/home/ec2-user/arduino-testlib/cli-datadir/user/libraries/Hello_Drum/src/EEPROM.h:25:10: fatal error: avr/eeprom.h: No such file or directory
 #include &lt;avr/eeprom.h&gt;
          ^~~~~~~~~~~~~~
compilation terminated.
Multiple libraries were found for &#34;EEPROM.h&#34;
  Used: /home/ec2-user/arduino-testlib/cli-datadir/user/libraries/Hello_Drum
  Not used: /home/ec2-user/arduino-testlib/cli-datadir/user/libraries/arduino-NVM
</pre>

					
					<h4>examples/address</h4>
					<p>
						Result: <b>PASS</b>
					</p>
					<pre class="pre-scrollable">Sketch uses 79330 bytes (0%) of program storage space. Maximum is 16777216 bytes.
Global variables use 43556 bytes (16%) of dynamic memory, leaving 226780 bytes for local variables. Maximum is 270336 bytes.
</pre>
					
					<h4>examples/cloud</h4>
					<p>
						Result: <b>FAIL</b>
					</p>
					<pre class="pre-scrollable">In file included from /home/ec2-user/arduino-testlib/cli-datadir/user/libraries/EEPROM-Storage/src/EEPROM-Storage.h:31:0,
                 from /home/ec2-user/arduino-testlib/cli-datadir/user/libraries/EEPROM-Storage/examples/cloud/cloud.ino:20:
/home/ec2-user/arduino-testlib/cli-datadir/user/libraries/Hello_Drum/src/EEPROM.h:25:10: fatal error: avr/eeprom.h: No such file or directory
 #include &lt;avr/eeprom.h&gt;
          ^~~~~~~~~~~~~~
compilation terminated.
Multiple libraries were found for &#34;EEPROM.h&#34;
  Used: /home/ec2-user/arduino-testlib/cli-datadir/user/libraries/Hello_Drum
  Not used: /home/ec2-user/arduino-testlib/cli-datadir/user/libraries/arduino-NVM
</pre>
					
					<h4>examples/demo</h4>
					<p>
						Result: <b>FAIL</b>
					</p>
					<pre class="pre-scrollable">In file included from /home/ec2-user/arduino-testlib/cli-datadir/user/libraries/EEPROM-Storage/src/EEPROM-Storage.h:31:0,
                 from /home/ec2-user/arduino-testlib/cli-datadir/user/libraries/EEPROM-Storage/examples/demo/demo.ino:25:
/home/ec2-user/arduino-testlib/cli-datadir/user/libraries/Hello_Drum/src/EEPROM.h:25:10: fatal error: avr/eeprom.h: No such file or directory
 #include &lt;avr/eeprom.h&gt;
          ^~~~~~~~~~~~~~
compilation terminated.
Multiple libraries were found for &#34;EEPROM.h&#34;
  Used: /home/ec2-user/arduino-testlib/cli-datadir/user/libraries/Hello_Drum
  Not used: /home/ec2-user/arduino-testlib/cli-datadir/user/libraries/arduino-NVM
</pre>
					
					<h4>examples/sizeof</h4>
					<p>
						Result: <b>PASS</b>
					</p>
					<pre class="pre-scrollable">Sketch uses 79588 bytes (0%) of program storage space. Maximum is 16777216 bytes.
Global variables use 43444 bytes (16%) of dynamic memory, leaving 226892 bytes for local variables. Maximum is 270336 bytes.
</pre>
					
					<h4>examples/tests</h4>
					<p>
						Result: <b>FAIL</b>
					</p>
					<pre class="pre-scrollable">In file included from /home/ec2-user/arduino-testlib/cli-datadir/user/libraries/EEPROM-Storage/src/EEPROM-Storage.h:31:0,
                 from /home/ec2-user/arduino-testlib/cli-datadir/user/libraries/EEPROM-Storage/examples/tests/tests.ino:25:
/home/ec2-user/arduino-testlib/cli-datadir/user/libraries/Hello_Drum/src/EEPROM.h:25:10: fatal error: avr/eeprom.h: No such file or directory
 #include &lt;avr/eeprom.h&gt;
          ^~~~~~~~~~~~~~
compilation terminated.
Multiple libraries were found for &#34;EEPROM.h&#34;
  Used: /home/ec2-user/arduino-testlib/cli-datadir/user/libraries/Hello_Drum
  Not used: /home/ec2-user/arduino-testlib/cli-datadir/user/libraries/arduino-NVM
</pre>
					
				
				<h3 id="arduino:megaavr:nona4809">arduino:megaavr:nona4809 @ 1.8.7</h3>
				<h4>Inclusion</h4>
				<p>
					Result: <b>PASS</b>
					
				</p>
				<pre class="pre-scrollable">WARNING: library EEPROM-Storage claims to run on particle-photon, particle-electron, avr architecture(s) and may be incompatible with your current board which runs on megaavr architecture(s).
Sketch uses 802 bytes (1%) of program storage space. Maximum is 49152 bytes.
Global variables use 22 bytes (0%) of dynamic memory, leaving 6122 bytes for local variables. Maximum is 6144 bytes.
</pre>

					
					<h4>examples/address</h4>
					<p>
						Result: <b>PASS</b>
					</p>
					<pre class="pre-scrollable">Sketch uses 3715 bytes (7%) of program storage space. Maximum is 49152 bytes.
Global variables use 177 bytes (2%) of dynamic memory, leaving 5967 bytes for local variables. Maximum is 6144 bytes.
</pre>
					
					<h4>examples/cloud</h4>
					<p>
						Result: <b>PASS</b>
					</p>
					<pre class="pre-scrollable">WARNING: library EEPROM-Storage claims to run on particle-photon, particle-electron, avr architecture(s) and may be incompatible with your current board which runs on megaavr architecture(s).
Sketch uses 1014 bytes (2%) of program storage space. Maximum is 49152 bytes.
Global variables use 22 bytes (0%) of dynamic memory, leaving 6122 bytes for local variables. Maximum is 6144 bytes.
</pre>
					
					<h4>examples/demo</h4>
					<p>
						Result: <b>PASS</b>
					</p>
					<pre class="pre-scrollable">WARNING: library EEPROM-Storage claims to run on particle-photon, particle-electron, avr architecture(s) and may be incompatible with your current board which runs on megaavr architecture(s).
Sketch uses 19459 bytes (39%) of program storage space. Maximum is 49152 bytes.
Global variables use 218 bytes (3%) of dynamic memory, leaving 5926 bytes for local variables. Maximum is 6144 bytes.
</pre>
					
					<h4>examples/sizeof</h4>
					<p>
						Result: <b>PASS</b>
					</p>
					<pre class="pre-scrollable">Sketch uses 3987 bytes (8%) of program storage space. Maximum is 49152 bytes.
Global variables use 177 bytes (2%) of dynamic memory, leaving 5967 bytes for local variables. Maximum is 6144 bytes.
</pre>
					
					<h4>examples/tests</h4>
					<p>
						Result: <b>PASS</b>
					</p>
					<pre class="pre-scrollable">WARNING: library EEPROM-Storage claims to run on particle-photon, particle-electron, avr architecture(s) and may be incompatible with your current board which runs on megaavr architecture(s).
Sketch uses 34444 bytes (70%) of program storage space. Maximum is 49152 bytes.
Global variables use 195 bytes (3%) of dynamic memory, leaving 5949 bytes for local variables. Maximum is 6144 bytes.
</pre>
					
				
				<h3 id="arduino:samd:mkrwifi1010">arduino:samd:mkrwifi1010 @ 1.8.12</h3>
				<h4>Inclusion</h4>
				<p>
					Result: <b>FAIL</b>
					
				</p>
				<pre class="pre-scrollable">In file included from /home/ec2-user/arduino-testlib/cli-datadir/user/libraries/EEPROM-Storage/src/EEPROM-Storage.h:31:0,
                 from /tmp/arduino-testlib3190134865/test/test.ino:1:
/home/ec2-user/arduino-testlib/cli-datadir/user/libraries/Hello_Drum/src/EEPROM.h:25:10: fatal error: avr/eeprom.h: No such file or directory
 #include &lt;avr/eeprom.h&gt;
          ^~~~~~~~~~~~~~
compilation terminated.
Multiple libraries were found for &#34;EEPROM.h&#34;
  Used: /home/ec2-user/arduino-testlib/cli-datadir/user/libraries/Hello_Drum
  Not used: /home/ec2-user/arduino-testlib/cli-datadir/user/libraries/arduino-NVM
</pre>

					
					<h4>examples/address</h4>
					<p>
						Result: <b>PASS</b>
					</p>
					<pre class="pre-scrollable">Sketch uses 13160 bytes (5%) of program storage space. Maximum is 262144 bytes.
Global variables use 3108 bytes (9%) of dynamic memory, leaving 29660 bytes for local variables. Maximum is 32768 bytes.
</pre>
					
					<h4>examples/cloud</h4>
					<p>
						Result: <b>FAIL</b>
					</p>
					<pre class="pre-scrollable">In file included from /home/ec2-user/arduino-testlib/cli-datadir/user/libraries/EEPROM-Storage/src/EEPROM-Storage.h:31:0,
                 from /home/ec2-user/arduino-testlib/cli-datadir/user/libraries/EEPROM-Storage/examples/cloud/cloud.ino:20:
/home/ec2-user/arduino-testlib/cli-datadir/user/libraries/Hello_Drum/src/EEPROM.h:25:10: fatal error: avr/eeprom.h: No such file or directory
 #include &lt;avr/eeprom.h&gt;
          ^~~~~~~~~~~~~~
compilation terminated.
Multiple libraries were found for &#34;EEPROM.h&#34;
  Used: /home/ec2-user/arduino-testlib/cli-datadir/user/libraries/Hello_Drum
  Not used: /home/ec2-user/arduino-testlib/cli-datadir/user/libraries/arduino-NVM
</pre>
					
					<h4>examples/demo</h4>
					<p>
						Result: <b>FAIL</b>
					</p>
					<pre class="pre-scrollable">In file included from /home/ec2-user/arduino-testlib/cli-datadir/user/libraries/EEPROM-Storage/src/EEPROM-Storage.h:31:0,
                 from /home/ec2-user/arduino-testlib/cli-datadir/user/libraries/EEPROM-Storage/examples/demo/demo.ino:25:
/home/ec2-user/arduino-testlib/cli-datadir/user/libraries/Hello_Drum/src/EEPROM.h:25:10: fatal error: avr/eeprom.h: No such file or directory
 #include &lt;avr/eeprom.h&gt;
          ^~~~~~~~~~~~~~
compilation terminated.
Multiple libraries were found for &#34;EEPROM.h&#34;
  Used: /home/ec2-user/arduino-testlib/cli-datadir/user/libraries/Hello_Drum
  Not used: /home/ec2-user/arduino-testlib/cli-datadir/user/libraries/arduino-NVM
</pre>
					
					<h4>examples/sizeof</h4>
					<p>
						Result: <b>PASS</b>
					</p>
					<pre class="pre-scrollable">Sketch uses 13720 bytes (5%) of program storage space. Maximum is 262144 bytes.
Global variables use 2996 bytes (9%) of dynamic memory, leaving 29772 bytes for local variables. Maximum is 32768 bytes.
</pre>
					
					<h4>examples/tests</h4>
					<p>
						Result: <b>FAIL</b>
					</p>
					<pre class="pre-scrollable">In file included from /home/ec2-user/arduino-testlib/cli-datadir/user/libraries/EEPROM-Storage/src/EEPROM-Storage.h:31:0,
                 from /home/ec2-user/arduino-testlib/cli-datadir/user/libraries/EEPROM-Storage/examples/tests/tests.ino:25:
/home/ec2-user/arduino-testlib/cli-datadir/user/libraries/Hello_Drum/src/EEPROM.h:25:10: fatal error: avr/eeprom.h: No such file or directory
 #include &lt;avr/eeprom.h&gt;
          ^~~~~~~~~~~~~~
compilation terminated.
Multiple libraries were found for &#34;EEPROM.h&#34;
  Used: /home/ec2-user/arduino-testlib/cli-datadir/user/libraries/Hello_Drum
  Not used: /home/ec2-user/arduino-testlib/cli-datadir/user/libraries/arduino-NVM
</pre>
					
				
				<h3 id="esp32:esp32:d1_mini32">esp32:esp32:d1_mini32 @ 1.0.6</h3>
				<h4>Inclusion</h4>
				<p>
					Result: <b>FAIL</b>
					
				</p>
				<pre class="pre-scrollable">WARNING: library EEPROM-Storage claims to run on particle-photon, particle-electron, avr architecture(s) and may be incompatible with your current board which runs on esp32 architecture(s).
In file included from /tmp/arduino-testlib2760542971/test/test.ino:1:0:
/home/ec2-user/arduino-testlib/cli-datadir/user/libraries/EEPROM-Storage/src/EEPROM-Storage.h: In member function &#39;void EEPROMStorage&lt;T&gt;::set(const T&amp;) const&#39;:
/home/ec2-user/arduino-testlib/cli-datadir/user/libraries/EEPROM-Storage/src/EEPROM-Storage.h:273:14: error: &#39;class EEPROMClass&#39; has no member named &#39;update&#39;
       EEPROM.update(this-&gt;checksumAddress(), checksum);
              ^
/home/ec2-user/arduino-testlib/cli-datadir/user/libraries/EEPROM-Storage/src/EEPROM-Storage.h: In member function &#39;void EEPROMStorage&lt;T&gt;::unset(byte)&#39;:
/home/ec2-user/arduino-testlib/cli-datadir/user/libraries/EEPROM-Storage/src/EEPROM-Storage.h:307:16: error: &#39;class EEPROMClass&#39; has no member named &#39;update&#39;
         EEPROM.update(this-&gt;_address &#43; i, unsetValue);
                ^
Multiple libraries were found for &#34;EEPROM.h&#34;
  Used: /home/ec2-user/arduino-testlib/cli-datadir/data/packages/esp32/hardware/esp32/1.0.6/libraries/EEPROM
  Not used: /home/ec2-user/arduino-testlib/cli-datadir/user/libraries/Hello_Drum
  Not used: /home/ec2-user/arduino-testlib/cli-datadir/user/libraries/arduino-NVM
</pre>

					
					<h4>examples/address</h4>
					<p>
						Result: <b>PASS</b>
					</p>
					<pre class="pre-scrollable">Sketch uses 205246 bytes (15%) of program storage space. Maximum is 1310720 bytes.
Global variables use 13528 bytes (4%) of dynamic memory, leaving 314152 bytes for local variables. Maximum is 327680 bytes.
</pre>
					
					<h4>examples/cloud</h4>
					<p>
						Result: <b>FAIL</b>
					</p>
					<pre class="pre-scrollable">WARNING: library EEPROM-Storage claims to run on particle-photon, particle-electron, avr architecture(s) and may be incompatible with your current board which runs on esp32 architecture(s).
In file included from /home/ec2-user/arduino-testlib/cli-datadir/user/libraries/EEPROM-Storage/examples/cloud/cloud.ino:20:0:
/home/ec2-user/arduino-testlib/cli-datadir/user/libraries/EEPROM-Storage/src/EEPROM-Storage.h: In member function &#39;void EEPROMStorage&lt;T&gt;::set(const T&amp;) const&#39;:
/home/ec2-user/arduino-testlib/cli-datadir/user/libraries/EEPROM-Storage/src/EEPROM-Storage.h:273:14: error: &#39;class EEPROMClass&#39; has no member named &#39;update&#39;
       EEPROM.update(this-&gt;checksumAddress(), checksum);
              ^
/home/ec2-user/arduino-testlib/cli-datadir/user/libraries/EEPROM-Storage/src/EEPROM-Storage.h: In member function &#39;void EEPROMStorage&lt;T&gt;::unset(byte)&#39;:
/home/ec2-user/arduino-testlib/cli-datadir/user/libraries/EEPROM-Storage/src/EEPROM-Storage.h:307:16: error: &#39;class EEPROMClass&#39; has no member named &#39;update&#39;
         EEPROM.update(this-&gt;_address &#43; i, unsetValue);
                ^
Multiple libraries were found for &#34;EEPROM.h&#34;
  Used: /home/ec2-user/arduino-testlib/cli-datadir/data/packages/esp32/hardware/esp32/1.0.6/libraries/EEPROM
  Not used: /home/ec2-user/arduino-testlib/cli-datadir/user/libraries/Hello_Drum
  Not used: /home/ec2-user/arduino-testlib/cli-datadir/user/libraries/arduino-NVM
</pre>
					
					<h4>examples/demo</h4>
					<p>
						Result: <b>FAIL</b>
					</p>
					<pre class="pre-scrollable">WARNING: library EEPROM-Storage claims to run on particle-photon, particle-electron, avr architecture(s) and may be incompatible with your current board which runs on esp32 architecture(s).
In file included from /home/ec2-user/arduino-testlib/cli-datadir/user/libraries/EEPROM-Storage/examples/demo/demo.ino:25:0:
/home/ec2-user/arduino-testlib/cli-datadir/user/libraries/EEPROM-Storage/src/EEPROM-Storage.h: In member function &#39;void EEPROMStorage&lt;T&gt;::set(const T&amp;) const&#39;:
/home/ec2-user/arduino-testlib/cli-datadir/user/libraries/EEPROM-Storage/src/EEPROM-Storage.h:273:14: error: &#39;class EEPROMClass&#39; has no member named &#39;update&#39;
       EEPROM.update(this-&gt;checksumAddress(), checksum);
              ^
/home/ec2-user/arduino-testlib/cli-datadir/user/libraries/EEPROM-Storage/src/EEPROM-Storage.h: In member function &#39;void EEPROMStorage&lt;T&gt;::unset(byte)&#39;:
/home/ec2-user/arduino-testlib/cli-datadir/user/libraries/EEPROM-Storage/src/EEPROM-Storage.h:307:16: error: &#39;class EEPROMClass&#39; has no member named &#39;update&#39;
         EEPROM.update(this-&gt;_address &#43; i, unsetValue);
                ^
/home/ec2-user/arduino-testlib/cli-datadir/user/libraries/EEPROM-Storage/examples/demo/demo.ino: In function &#39;void clearEEPROM()&#39;:
/home/ec2-user/arduino-testlib/cli-datadir/user/libraries/EEPROM-Storage/examples/demo/demo.ino:156:12: error: &#39;class EEPROMClass&#39; has no member named &#39;update&#39;
     EEPROM.update(i, 0xFF);
            ^
/home/ec2-user/arduino-testlib/cli-datadir/user/libraries/EEPROM-Storage/examples/demo/demo.ino: In function &#39;void displayEEPROM()&#39;:
/home/ec2-user/arduino-testlib/cli-datadir/user/libraries/EEPROM-Storage/examples/demo/demo.ino:170:32: error: no match for &#39;operator[]&#39; (operand types are &#39;EEPROMClass&#39; and &#39;int&#39;)
     displayPaddedHexByte(EEPROM[i], false);
                                ^
In file included from /home/ec2-user/arduino-testlib/cli-datadir/user/libraries/EEPROM-Storage/examples/demo/demo.ino:25:0:
/home/ec2-user/arduino-testlib/cli-datadir/user/libraries/EEPROM-Storage/src/EEPROM-Storage.h: In instantiation of &#39;T EEPROMStorage&lt;T&gt;::operator=(const T&amp;) const [with T = bool]&#39;:
/home/ec2-user/arduino-testlib/cli-datadir/user/libraries/EEPROM-Storage/examples/demo/demo.ino:359:8:   required from here
/home/ec2-user/arduino-testlib/cli-datadir/user/libraries/EEPROM-Storage/src/EEPROM-Storage.h:62:24: error: passing &#39;const EEPROMStorage&lt;bool&gt;&#39; as &#39;this&#39; argument discards qualifiers [-fpermissive]
       return this-&gt;get();
                        ^
/home/ec2-user/arduino-testlib/cli-datadir/user/libraries/EEPROM-Storage/src/EEPROM-Storage.h:229:7: note:   in call to &#39;T EEPROMStorage&lt;T&gt;::get() [with T = bool]&#39;
     T get()
       ^
/home/ec2-user/arduino-testlib/cli-datadir/user/libraries/EEPROM-Storage/src/EEPROM-Storage.h: In instantiation of &#39;T EEPROMStorage&lt;T&gt;::operator=(const T&amp;) const [with T = unsigned int]&#39;:
/home/ec2-user/arduino-testlib/cli-datadir/user/libraries/EEPROM-Storage/examples/demo/demo.ino:233:10:   required from &#39;void initializationCheck(String, EEPROMStorage&lt;T&gt;, T) [with T = unsigned int]&#39;
/home/ec2-user/arduino-testlib/cli-datadir/user/libraries/EEPROM-Storage/examples/demo/demo.ino:99:61:   required from here
/home/ec2-user/arduino-testlib/cli-datadir/user/libraries/EEPROM-Storage/src/EEPROM-Storage.h:62:24: error: passing &#39;const EEPROMStorage&lt;unsigned int&gt;&#39; as &#39;this&#39; argument discards qualifiers [-fpermissive]
       return this-&gt;get();
                        ^
/home/ec2-user/arduino-testlib/cli-datadir/user/libraries/EEPROM-Storage/src/EEPROM-Storage.h:229:7: note:   in call to &#39;T EEPROMStorage&lt;T&gt;::get() [with T = unsigned int]&#39;
     T get()
       ^
/home/ec2-user/arduino-testlib/cli-datadir/user/libraries/EEPROM-Storage/src/EEPROM-Storage.h: In instantiation of &#39;T EEPROMStorage&lt;T&gt;::operator=(const T&amp;) const [with T = float]&#39;:
/home/ec2-user/arduino-testlib/cli-datadir/user/libraries/EEPROM-Storage/examples/demo/demo.ino:233:10:   required from &#39;void initializationCheck(String, EEPROMStorage&lt;T&gt;, T) [with T = float]&#39;
/home/ec2-user/arduino-testlib/cli-datadir/user/libraries/EEPROM-Storage/examples/demo/demo.ino:101:68:   required from here
/home/ec2-user/arduino-testlib/cli-datadir/user/libraries/EEPROM-Storage/src/EEPROM-Storage.h:62:24: error: passing &#39;const EEPROMStorage&lt;float&gt;&#39; as &#39;this&#39; argument discards qualifiers [-fpermissive]
       return this-&gt;get();
                        ^
/home/ec2-user/arduino-testlib/cli-datadir/user/libraries/EEPROM-Storage/src/EEPROM-Storage.h:229:7: note:   in call to &#39;T EEPROMStorage&lt;T&gt;::get() [with T = float]&#39;
     T get()
       ^
/home/ec2-user/arduino-testlib/cli-datadir/user/libraries/EEPROM-Storage/src/EEPROM-Storage.h: In instantiation of &#39;T EEPROMStorage&lt;T&gt;::operator&#43;=(const T&amp;) const [with T = unsigned int]&#39;:
/home/ec2-user/arduino-testlib/cli-datadir/user/libraries/EEPROM-Storage/examples/demo/demo.ino:277:8:   required from &#39;void operatorCheck(String, EEPROMStorage&lt;T&gt;) [with T = unsigned int]&#39;
/home/ec2-user/arduino-testlib/cli-datadir/user/libraries/EEPROM-Storage/examples/demo/demo.ino:105:36:   required from here
/home/ec2-user/arduino-testlib/cli-datadir/user/libraries/EEPROM-Storage/src/EEPROM-Storage.h:121:32: error: passing &#39;const EEPROMStorage&lt;unsigned int&gt;&#39; as &#39;this&#39; argument discards qualifiers [-fpermissive]
       T newValue = this-&gt;get() &#43; value;
                                ^
/home/ec2-user/arduino-testlib/cli-datadir/user/libraries/EEPROM-Storage/src/EEPROM-Storage.h:229:7: note:   in call to &#39;T EEPROMStorage&lt;T&gt;::get() [with T = unsigned int]&#39;
     T get()
       ^
/home/ec2-user/arduino-testlib/cli-datadir/user/libraries/EEPROM-Storage/src/EEPROM-Storage.h: In instantiation of &#39;T EEPROMStorage&lt;T&gt;::operator-=(const T&amp;) const [with T = unsigned int]&#39;:
/home/ec2-user/arduino-testlib/cli-datadir/user/libraries/EEPROM-Storage/examples/demo/demo.ino:282:8:   required from &#39;void operatorCheck(String, EEPROMStorage&lt;T&gt;) [with T = unsigned int]&#39;
/home/ec2-user/arduino-testlib/cli-datadir/user/libraries/EEPROM-Storage/examples/demo/demo.ino:105:36:   required from here
/home/ec2-user/arduino-testlib/cli-datadir/user/libraries/EEPROM-Storage/src/EEPROM-Storage.h:131:32: error: passing &#39;const EEPROMStorage&lt;unsigned int&gt;&#39; as &#39;this&#39; argument discards qualifiers [-fpermissive]
       T newValue = this-&gt;get() - value;
                                ^
/home/ec2-user/arduino-testlib/cli-datadir/user/libraries/EEPROM-Storage/src/EEPROM-Storage.h:229:7: note:   in call to &#39;T EEPROMStorage&lt;T&gt;::get() [with T = unsigned int]&#39;
     T get()
       ^
/home/ec2-user/arduino-testlib/cli-datadir/user/libraries/EEPROM-Storage/src/EEPROM-Storage.h: In instantiation of &#39;T EEPROMStorage&lt;T&gt;::operator&#43;=(const T&amp;) const [with T = float]&#39;:
/home/ec2-user/arduino-testlib/cli-datadir/user/libraries/EEPROM-Storage/examples/demo/demo.ino:277:8:   required from &#39;void operatorCheck(String, EEPROMStorage&lt;T&gt;) [with T = float]&#39;
/home/ec2-user/arduino-testlib/cli-datadir/user/libraries/EEPROM-Storage/examples/demo/demo.ino:107:33:   required from here
/home/ec2-user/arduino-testlib/cli-datadir/user/libraries/EEPROM-Storage/src/EEPROM-Storage.h:121:32: error: passing &#39;const EEPROMStorage&lt;float&gt;&#39; as &#39;this&#39; argument discards qualifiers [-fpermissive]
       T newValue = this-&gt;get() &#43; value;
                                ^
/home/ec2-user/arduino-testlib/cli-datadir/user/libraries/EEPROM-Storage/src/EEPROM-Storage.h:229:7: note:   in call to &#39;T EEPROMStorage&lt;T&gt;::get() [with T = float]&#39;
     T get()
       ^
/home/ec2-user/arduino-testlib/cli-datadir/user/libraries/EEPROM-Storage/src/EEPROM-Storage.h: In instantiation of &#39;T EEPROMStorage&lt;T&gt;::operator-=(const T&amp;) const [with T = float]&#39;:
/home/ec2-user/arduino-testlib/cli-datadir/user/libraries/EEPROM-Storage/examples/demo/demo.ino:282:8:   required from &#39;void operatorCheck(String, EEPROMStorage&lt;T&gt;) [with T = float]&#39;
/home/ec2-user/arduino-testlib/cli-datadir/user/libraries/EEPROM-Storage/examples/demo/demo.ino:107:33:   required from here
/home/ec2-user/arduino-testlib/cli-datadir/user/libraries/EEPROM-Storage/src/EEPROM-Storage.h:131:32: error: passing &#39;const EEPROMStorage&lt;float&gt;&#39; as &#39;this&#39; argument discards qualifiers [-fpermissive]
       T newValue = this-&gt;get() - value;
                                ^
/home/ec2-user/arduino-testlib/cli-datadir/user/libraries/EEPROM-Storage/src/EEPROM-Storage.h:229:7: note:   in call to &#39;T EEPROMStorage&lt;T&gt;::get() [with T = float]&#39;
     T get()
       ^
/home/ec2-user/arduino-testlib/cli-datadir/user/libraries/EEPROM-Storage/src/EEPROM-Storage.h: In instantiation of &#39;bool EEPROMStorage&lt;T&gt;::operator&gt;(const T&amp;) const [with T = unsigned int]&#39;:
/home/ec2-user/arduino-testlib/cli-datadir/user/libraries/EEPROM-Storage/examples/demo/demo.ino:295:13:   required from &#39;void comparisonCheck(String, EEPROMStorage&lt;T&gt;, String, EEPROMStorage&lt;T&gt;) [with T = unsigned int]&#39;
/home/ec2-user/arduino-testlib/cli-datadir/user/libraries/EEPROM-Storage/examples/demo/demo.ino:110:49:   required from here
/home/ec2-user/arduino-testlib/cli-datadir/user/libraries/EEPROM-Storage/src/EEPROM-Storage.h:191:26: error: passing &#39;const EEPROMStorage&lt;unsigned int&gt;&#39; as &#39;this&#39; argument discards qualifiers [-fpermissive]
       return this-&gt;get() &gt; value;
                          ^
/home/ec2-user/arduino-testlib/cli-datadir/user/libraries/EEPROM-Storage/src/EEPROM-Storage.h:229:7: note:   in call to &#39;T EEPROMStorage&lt;T&gt;::get() [with T = unsigned int]&#39;
     T get()
       ^
/home/ec2-user/arduino-testlib/cli-datadir/user/libraries/EEPROM-Storage/src/EEPROM-Storage.h: In instantiation of &#39;bool EEPROMStorage&lt;T&gt;::operator&lt;(const T&amp;) const [with T = unsigned int]&#39;:
/home/ec2-user/arduino-testlib/cli-datadir/user/libraries/EEPROM-Storage/examples/demo/demo.ino:307:13:   required from &#39;void comparisonCheck(String, EEPROMStorage&lt;T&gt;, String, EEPROMStorage&lt;T&gt;) [with T = unsigned int]&#39;
/home/ec2-user/arduino-testlib/cli-datadir/user/libraries/EEPROM-Storage/examples/demo/demo.ino:110:49:   required from here
/home/ec2-user/ard</pre>
					
					<h4>examples/sizeof</h4>
					<p>
						Result: <b>PASS</b>
					</p>
					<pre class="pre-scrollable">Sketch uses 205782 bytes (15%) of program storage space. Maximum is 1310720 bytes.
Global variables use 13416 bytes (4%) of dynamic memory, leaving 314264 bytes for local variables. Maximum is 327680 bytes.
</pre>
					
					<h4>examples/tests</h4>
					<p>
						Result: <b>FAIL</b>
					</p>
					<pre class="pre-scrollable">WARNING: library EEPROM-Storage claims to run on particle-photon, particle-electron, avr architecture(s) and may be incompatible with your current board which runs on esp32 architecture(s).
In file included from /home/ec2-user/arduino-testlib/cli-datadir/user/libraries/EEPROM-Storage/examples/tests/tests.ino:25:0:
/home/ec2-user/arduino-testlib/cli-datadir/user/libraries/EEPROM-Storage/src/EEPROM-Storage.h: In member function &#39;void EEPROMStorage&lt;T&gt;::set(const T&amp;) const&#39;:
/home/ec2-user/arduino-testlib/cli-datadir/user/libraries/EEPROM-Storage/src/EEPROM-Storage.h:273:14: error: &#39;class EEPROMClass&#39; has no member named &#39;update&#39;
       EEPROM.update(this-&gt;checksumAddress(), checksum);
              ^
/home/ec2-user/arduino-testlib/cli-datadir/user/libraries/EEPROM-Storage/src/EEPROM-Storage.h: In member function &#39;void EEPROMStorage&lt;T&gt;::unset(byte)&#39;:
/home/ec2-user/arduino-testlib/cli-datadir/user/libraries/EEPROM-Storage/src/EEPROM-Storage.h:307:16: error: &#39;class EEPROMClass&#39; has no member named &#39;update&#39;
         EEPROM.update(this-&gt;_address &#43; i, unsetValue);
                ^
/home/ec2-user/arduino-testlib/cli-datadir/user/libraries/EEPROM-Storage/src/EEPROM-Storage.h: In instantiation of &#39;T EEPROMStorage&lt;T&gt;::operator=(const T&amp;) const [with T = int]&#39;:
/home/ec2-user/arduino-testlib/cli-datadir/user/libraries/EEPROM-Storage/examples/tests/tests.ino:162:10:   required from &#39;void runStandardTests(EEPROMStorage&lt;T&gt;, long int, long int) [with T = int]&#39;
/home/ec2-user/arduino-testlib/cli-datadir/user/libraries/EEPROM-Storage/examples/tests/tests.ino:122:22:   required from &#39;void testProxyStandard(String, int, long int, long int) [with T = int]&#39;
/home/ec2-user/arduino-testlib/cli-datadir/user/libraries/EEPROM-Storage/examples/tests/tests.ino:65:55:   required from here
/home/ec2-user/arduino-testlib/cli-datadir/user/libraries/EEPROM-Storage/src/EEPROM-Storage.h:62:24: error: passing &#39;const EEPROMStorage&lt;int&gt;&#39; as &#39;this&#39; argument discards qualifiers [-fpermissive]
       return this-&gt;get();
                        ^
/home/ec2-user/arduino-testlib/cli-datadir/user/libraries/EEPROM-Storage/src/EEPROM-Storage.h:229:7: note:   in call to &#39;T EEPROMStorage&lt;T&gt;::get() [with T = int]&#39;
     T get()
       ^
/home/ec2-user/arduino-testlib/cli-datadir/user/libraries/EEPROM-Storage/src/EEPROM-Storage.h: In instantiation of &#39;T EEPROMStorage&lt;T&gt;::operator&#43;=(const T&amp;) const [with T = int]&#39;:
/home/ec2-user/arduino-testlib/cli-datadir/user/libraries/EEPROM-Storage/examples/tests/tests.ino:282:10:   required from &#39;void runStandardTests(EEPROMStorage&lt;T&gt;, long int, long int) [with T = int]&#39;
/home/ec2-user/arduino-testlib/cli-datadir/user/libraries/EEPROM-Storage/examples/tests/tests.ino:122:22:   required from &#39;void testProxyStandard(String, int, long int, long int) [with T = int]&#39;
/home/ec2-user/arduino-testlib/cli-datadir/user/libraries/EEPROM-Storage/examples/tests/tests.ino:65:55:   required from here
/home/ec2-user/arduino-testlib/cli-datadir/user/libraries/EEPROM-Storage/src/EEPROM-Storage.h:121:32: error: passing &#39;const EEPROMStorage&lt;int&gt;&#39; as &#39;this&#39; argument discards qualifiers [-fpermissive]
       T newValue = this-&gt;get() &#43; value;
                                ^
/home/ec2-user/arduino-testlib/cli-datadir/user/libraries/EEPROM-Storage/src/EEPROM-Storage.h:229:7: note:   in call to &#39;T EEPROMStorage&lt;T&gt;::get() [with T = int]&#39;
     T get()
       ^
/home/ec2-user/arduino-testlib/cli-datadir/user/libraries/EEPROM-Storage/src/EEPROM-Storage.h: In instantiation of &#39;T EEPROMStorage&lt;T&gt;::operator-=(const T&amp;) const [with T = int]&#39;:
/home/ec2-user/arduino-testlib/cli-datadir/user/libraries/EEPROM-Storage/examples/tests/tests.ino:295:10:   required from &#39;void runStandardTests(EEPROMStorage&lt;T&gt;, long int, long int) [with T = int]&#39;
/home/ec2-user/arduino-testlib/cli-datadir/user/libraries/EEPROM-Storage/examples/tests/tests.ino:122:22:   required from &#39;void testProxyStandard(String, int, long int, long int) [with T = int]&#39;
/home/ec2-user/arduino-testlib/cli-datadir/user/libraries/EEPROM-Storage/examples/tests/tests.ino:65:55:   required from here
/home/ec2-user/arduino-testlib/cli-datadir/user/libraries/EEPROM-Storage/src/EEPROM-Storage.h:131:32: error: passing &#39;const EEPROMStorage&lt;int&gt;&#39; as &#39;this&#39; argument discards qualifiers [-fpermissive]
       T newValue = this-&gt;get() - value;
                                ^
/home/ec2-user/arduino-testlib/cli-datadir/user/libraries/EEPROM-Storage/src/EEPROM-Storage.h:229:7: note:   in call to &#39;T EEPROMStorage&lt;T&gt;::get() [with T = int]&#39;
     T get()
       ^
/home/ec2-user/arduino-testlib/cli-datadir/user/libraries/EEPROM-Storage/src/EEPROM-Storage.h: In instantiation of &#39;T EEPROMStorage&lt;T&gt;::operator*=(const T&amp;) const [with T = int]&#39;:
/home/ec2-user/arduino-testlib/cli-datadir/user/libraries/EEPROM-Storage/examples/tests/tests.ino:308:10:   required from &#39;void runStandardTests(EEPROMStorage&lt;T&gt;, long int, long int) [with T = int]&#39;
/home/ec2-user/arduino-testlib/cli-datadir/user/libraries/EEPROM-Storage/examples/tests/tests.ino:122:22:   required from &#39;void testProxyStandard(String, int, long int, long int) [with T = int]&#39;
/home/ec2-user/arduino-testlib/cli-datadir/user/libraries/EEPROM-Storage/examples/tests/tests.ino:65:55:   required from here
/home/ec2-user/arduino-testlib/cli-datadir/user/libraries/EEPROM-Storage/src/EEPROM-Storage.h:141:32: error: passing &#39;const EEPROMStorage&lt;int&gt;&#39; as &#39;this&#39; argument discards qualifiers [-fpermissive]
       T newValue = this-&gt;get() * value;
                                ^
/home/ec2-user/arduino-testlib/cli-datadir/user/libraries/EEPROM-Storage/src/EEPROM-Storage.h:229:7: note:   in call to &#39;T EEPROMStorage&lt;T&gt;::get() [with T = int]&#39;
     T get()
       ^
/home/ec2-user/arduino-testlib/cli-datadir/user/libraries/EEPROM-Storage/src/EEPROM-Storage.h: In instantiation of &#39;T EEPROMStorage&lt;T&gt;::operator/=(const T&amp;) const [with T = int]&#39;:
/home/ec2-user/arduino-testlib/cli-datadir/user/libraries/EEPROM-Storage/examples/tests/tests.ino:321:10:   required from &#39;void runStandardTests(EEPROMStorage&lt;T&gt;, long int, long int) [with T = int]&#39;
/home/ec2-user/arduino-testlib/cli-datadir/user/libraries/EEPROM-Storage/examples/tests/tests.ino:122:22:   required from &#39;void testProxyStandard(String, int, long int, long int) [with T = int]&#39;
/home/ec2-user/arduino-testlib/cli-datadir/user/libraries/EEPROM-Storage/examples/tests/tests.ino:65:55:   required from here
/home/ec2-user/arduino-testlib/cli-datadir/user/libraries/EEPROM-Storage/src/EEPROM-Storage.h:151:32: error: passing &#39;const EEPROMStorage&lt;int&gt;&#39; as &#39;this&#39; argument discards qualifiers [-fpermissive]
       T newValue = this-&gt;get() / value;
                                ^
/home/ec2-user/arduino-testlib/cli-datadir/user/libraries/EEPROM-Storage/src/EEPROM-Storage.h:229:7: note:   in call to &#39;T EEPROMStorage&lt;T&gt;::get() [with T = int]&#39;
     T get()
       ^
/home/ec2-user/arduino-testlib/cli-datadir/user/libraries/EEPROM-Storage/src/EEPROM-Storage.h: In instantiation of &#39;bool EEPROMStorage&lt;T&gt;::operator&gt;(const T&amp;) const [with T = int]&#39;:
/home/ec2-user/arduino-testlib/cli-datadir/user/libraries/EEPROM-Storage/examples/tests/tests.ino:332:39:   required from &#39;void runStandardTests(EEPROMStorage&lt;T&gt;, long int, long int) [with T = int]&#39;
/home/ec2-user/arduino-testlib/cli-datadir/user/libraries/EEPROM-Storage/examples/tests/tests.ino:122:22:   required from &#39;void testProxyStandard(String, int, long int, long int) [with T = int]&#39;
/home/ec2-user/arduino-testlib/cli-datadir/user/libraries/EEPROM-Storage/examples/tests/tests.ino:65:55:   required from here
/home/ec2-user/arduino-testlib/cli-datadir/user/libraries/EEPROM-Storage/src/EEPROM-Storage.h:191:26: error: passing &#39;const EEPROMStorage&lt;int&gt;&#39; as &#39;this&#39; argument discards qualifiers [-fpermissive]
       return this-&gt;get() &gt; value;
                          ^
/home/ec2-user/arduino-testlib/cli-datadir/user/libraries/EEPROM-Storage/src/EEPROM-Storage.h:229:7: note:   in call to &#39;T EEPROMStorage&lt;T&gt;::get() [with T = int]&#39;
     T get()
       ^
/home/ec2-user/arduino-testlib/cli-datadir/user/libraries/EEPROM-Storage/src/EEPROM-Storage.h: In instantiation of &#39;bool EEPROMStorage&lt;T&gt;::operator&lt;(const T&amp;) const [with T = int]&#39;:
/home/ec2-user/arduino-testlib/cli-datadir/user/libraries/EEPROM-Storage/examples/tests/tests.ino:352:39:   required from &#39;void runStandardTests(EEPROMStorage&lt;T&gt;, long int, long int) [with T = int]&#39;
/home/ec2-user/arduino-testlib/cli-datadir/user/libraries/EEPROM-Storage/examples/tests/tests.ino:122:22:   required from &#39;void testProxyStandard(String, int, long int, long int) [with T = int]&#39;
/home/ec2-user/arduino-testlib/cli-datadir/user/libraries/EEPROM-Storage/examples/tests/tests.ino:65:55:   required from here
/home/ec2-user/arduino-testlib/cli-datadir/user/libraries/EEPROM-Storage/src/EEPROM-Storage.h:199:26: error: passing &#39;const EEPROMStorage&lt;int&gt;&#39; as &#39;this&#39; argument discards qualifiers [-fpermissive]
       return this-&gt;get() &lt; value;
                          ^
/home/ec2-user/arduino-testlib/cli-datadir/user/libraries/EEPROM-Storage/src/EEPROM-Storage.h:229:7: note:   in call to &#39;T EEPROMStorage&lt;T&gt;::get() [with T = int]&#39;
     T get()
       ^
/home/ec2-user/arduino-testlib/cli-datadir/user/libraries/EEPROM-Storage/src/EEPROM-Storage.h: In instantiation of &#39;bool EEPROMStorage&lt;T&gt;::operator&gt;=(const T&amp;) const [with T = int]&#39;:
/home/ec2-user/arduino-testlib/cli-datadir/user/libraries/EEPROM-Storage/examples/tests/tests.ino:372:39:   required from &#39;void runStandardTests(EEPROMStorage&lt;T&gt;, long int, long int) [with T = int]&#39;
/home/ec2-user/arduino-testlib/cli-datadir/user/libraries/EEPROM-Storage/examples/tests/tests.ino:122:22:   required from &#39;void testProxyStandard(String, int, long int, long int) [with T = int]&#39;
/home/ec2-user/arduino-testlib/cli-datadir/user/libraries/EEPROM-Storage/examples/tests/tests.ino:65:55:   required from here
/home/ec2-user/arduino-testlib/cli-datadir/user/libraries/EEPROM-Storage/src/EEPROM-Storage.h:207:26: error: passing &#39;const EEPROMStorage&lt;int&gt;&#39; </pre>
					
				
			</div>
		</div>
	</div>
  </body>
</html>
