
<!doctype html>
<html lang="en">
  <head>
    <meta charset="utf-8">
    <meta name="viewport" content="width=device-width, initial-scale=1">
    <link href="https://cdn.jsdelivr.net/npm/bootstrap@5.0.2/dist/css/bootstrap.min.css" rel="stylesheet" integrity="sha384-EVSTQN3/azprG1Anm3QDgpJLIm9Nao0Yz1ztcQTwFspd3yD65VohhpuuCOmLASjC" crossorigin="anonymous">
    <title>arduino-testlib report</title>
	<style>
	.pass { background-color: #00FF00 !important; }
	.fail { background-color: #FF0000 !important; }
	</style>
  </head>
  <body>
	<div class="container">
		<div class="row">
			<div class="col">
				<h1>EmotiBit MLX90632 - compatibility matrix</h1>
				<p>
					<small>This report was generated on Wednesday, 23-Feb-22 22:48:15 CET using 
					<a href="https://github.com/alranel/arduino-testlib">arduino-testlib</a>.</small>
				</p>

				<h2>EmotiBit MLX90632</h2>
				<p>
					Version: <b>1.0.8</b>
					<br />
					<a href="https://www.arduino.cc/reference/en/libraries/emotibit-mlx90632/">More details</a>
				</p>

				<h2>Compatibility matrix</h2>
				<table class="table table-bordered">
					<tr>
						<th>Board</th>
						<th>Claims compatibility</th>
						<th>Inclusion</th>
						
						<th><pre>Example4-DebugPrinting</pre></th>
						
						<th><pre>Example5-EEPROMWriting</pre></th>
						
						<th><pre>Example9-AlgorithmTest</pre></th>
						
						<th><pre>EmotiBit_Example1-Basic_Reading</pre></th>
						
						<th><pre>EmotiBit_Example2-Changing_Refresh_Rate</pre></th>
						
						<th><pre>EmotiBit_Example3-Continuous_Reading</pre></th>
						
						<th><pre>Example3-BeginOptions</pre></th>
						
					</tr>
					
					<tr>
						<td>
							<a href="#arduino%3aavr%3auno"><b>arduino:avr:uno</b></a>
							<br />
							<small>1.8.4</small>
						</td>

						
							<td>Yes</td>
							<td class="pass">PASS</td>
						
						
						
						

						
							
								
									
										
									
										
									
										
									
										
									
										
											<td class="pass">PASS</td>
											
										
									
										
									
										
									
								
							
								
							
								
							
								
							
								
							
						
							
								
									
										
									
										
									
										
									
										
									
										
									
										
											<td class="pass">PASS</td>
											
										
									
										
									
								
							
								
							
								
							
								
							
								
							
						
							
								
									
										
									
										
									
										
									
										
									
										
									
										
									
										
											<td class="pass">PASS</td>
											
										
									
								
							
								
							
								
							
								
							
								
							
						
							
								
									
										
											
											<td class="fail">FAIL</td>
										
									
										
									
										
									
										
									
										
									
										
									
										
									
								
							
								
							
								
							
								
							
								
							
						
							
								
									
										
									
										
											
											<td class="fail">FAIL</td>
										
									
										
									
										
									
										
									
										
									
										
									
								
							
								
							
								
							
								
							
								
							
						
							
								
									
										
									
										
									
										
											
											<td class="fail">FAIL</td>
										
									
										
									
										
									
										
									
										
									
								
							
								
							
								
							
								
							
								
							
						
							
								
									
										
									
										
									
										
									
										
											
											<td class="fail">FAIL</td>
										
									
										
									
										
									
										
									
								
							
								
							
								
							
								
							
								
							
						
					</tr>
					
					<tr>
						<td>
							<a href="#arduino%3ambed_nano%3ananorp2040connect"><b>arduino:mbed_nano:nanorp2040connect</b></a>
							<br />
							<small>2.7.2</small>
						</td>

						
							<td>Yes</td>
							<td class="pass">PASS</td>
						
						
						
						

						
							
								
							
								
									
										
									
										
									
										
									
										
									
										
											<td class="pass">PASS</td>
											
										
									
										
									
										
									
								
							
								
							
								
							
								
							
						
							
								
							
								
									
										
									
										
									
										
									
										
									
										
									
										
											<td class="pass">PASS</td>
											
										
									
										
									
								
							
								
							
								
							
								
							
						
							
								
							
								
									
										
									
										
									
										
									
										
									
										
									
										
									
										
											<td class="pass">PASS</td>
											
										
									
								
							
								
							
								
							
								
							
						
							
								
							
								
									
										
											
											<td class="fail">FAIL</td>
										
									
										
									
										
									
										
									
										
									
										
									
										
									
								
							
								
							
								
							
								
							
						
							
								
							
								
									
										
									
										
											
											<td class="fail">FAIL</td>
										
									
										
									
										
									
										
									
										
									
										
									
								
							
								
							
								
							
								
							
						
							
								
							
								
									
										
									
										
									
										
											
											<td class="fail">FAIL</td>
										
									
										
									
										
									
										
									
										
									
								
							
								
							
								
							
								
							
						
							
								
							
								
									
										
									
										
									
										
									
										
											
											<td class="fail">FAIL</td>
										
									
										
									
										
									
										
									
								
							
								
							
								
							
								
							
						
					</tr>
					
					<tr>
						<td>
							<a href="#arduino%3amegaavr%3anona4809"><b>arduino:megaavr:nona4809</b></a>
							<br />
							<small>1.8.7</small>
						</td>

						
							<td>Yes</td>
							<td class="pass">PASS</td>
						
						
						
						

						
							
								
							
								
							
								
									
										
									
										
									
										
									
										
									
										
											<td class="pass">PASS</td>
											
										
									
										
									
										
									
								
							
								
							
								
							
						
							
								
							
								
							
								
									
										
									
										
									
										
									
										
									
										
									
										
											<td class="pass">PASS</td>
											
										
									
										
									
								
							
								
							
								
							
						
							
								
							
								
							
								
									
										
									
										
									
										
									
										
									
										
									
										
									
										
											<td class="pass">PASS</td>
											
										
									
								
							
								
							
								
							
						
							
								
							
								
							
								
									
										
											
											<td class="fail">FAIL</td>
										
									
										
									
										
									
										
									
										
									
										
									
										
									
								
							
								
							
								
							
						
							
								
							
								
							
								
									
										
									
										
											
											<td class="fail">FAIL</td>
										
									
										
									
										
									
										
									
										
									
										
									
								
							
								
							
								
							
						
							
								
							
								
							
								
									
										
									
										
									
										
											
											<td class="fail">FAIL</td>
										
									
										
									
										
									
										
									
										
									
								
							
								
							
								
							
						
							
								
							
								
							
								
									
										
									
										
									
										
									
										
											
											<td class="fail">FAIL</td>
										
									
										
									
										
									
										
									
								
							
								
							
								
							
						
					</tr>
					
					<tr>
						<td>
							<a href="#arduino%3asamd%3amkrwifi1010"><b>arduino:samd:mkrwifi1010</b></a>
							<br />
							<small>1.8.12</small>
						</td>

						
							<td>Yes</td>
							<td class="pass">PASS</td>
						
						
						
						

						
							
								
							
								
							
								
							
								
									
										
									
										
									
										
									
										
									
										
											<td class="pass">PASS</td>
											
										
									
										
									
										
									
								
							
								
							
						
							
								
							
								
							
								
							
								
									
										
									
										
									
										
									
										
									
										
									
										
											<td class="pass">PASS</td>
											
										
									
										
									
								
							
								
							
						
							
								
							
								
							
								
							
								
									
										
									
										
									
										
									
										
									
										
									
										
									
										
											<td class="pass">PASS</td>
											
										
									
								
							
								
							
						
							
								
							
								
							
								
							
								
									
										
											
											<td class="fail">FAIL</td>
										
									
										
									
										
									
										
									
										
									
										
									
										
									
								
							
								
							
						
							
								
							
								
							
								
							
								
									
										
									
										
											
											<td class="fail">FAIL</td>
										
									
										
									
										
									
										
									
										
									
										
									
								
							
								
							
						
							
								
							
								
							
								
							
								
									
										
									
										
									
										
											
											<td class="fail">FAIL</td>
										
									
										
									
										
									
										
									
										
									
								
							
								
							
						
							
								
							
								
							
								
							
								
									
										
									
										
									
										
									
										
											
											<td class="fail">FAIL</td>
										
									
										
									
										
									
										
									
								
							
								
							
						
					</tr>
					
					<tr>
						<td>
							<a href="#esp32%3aesp32%3ad1_mini32"><b>esp32:esp32:d1_mini32</b></a>
							<br />
							<small>1.0.6</small>
						</td>

						
							<td>Yes</td>
							<td class="pass">PASS</td>
						
						
						
						

						
							
								
							
								
							
								
							
								
							
								
									
										
									
										
									
										
									
										
									
										
											<td class="pass">PASS</td>
											
										
									
										
									
										
									
								
							
						
							
								
							
								
							
								
							
								
							
								
									
										
									
										
									
										
									
										
									
										
									
										
											<td class="pass">PASS</td>
											
										
									
										
									
								
							
						
							
								
							
								
							
								
							
								
							
								
									
										
									
										
									
										
									
										
									
										
									
										
									
										
											<td class="pass">PASS</td>
											
										
									
								
							
						
							
								
							
								
							
								
							
								
							
								
									
										
											
											<td class="fail">FAIL</td>
										
									
										
									
										
									
										
									
										
									
										
									
										
									
								
							
						
							
								
							
								
							
								
							
								
							
								
									
										
									
										
											
											<td class="fail">FAIL</td>
										
									
										
									
										
									
										
									
										
									
										
									
								
							
						
							
								
							
								
							
								
							
								
							
								
									
										
									
										
									
										
											
											<td class="fail">FAIL</td>
										
									
										
									
										
									
										
									
										
									
								
							
						
							
								
							
								
							
								
							
								
							
								
									
										
									
										
									
										
									
										
											<td class="pass">PASS</td>
											
										
									
										
									
										
									
										
									
								
							
						
					</tr>
					
				</table>

				<h2>Compilation logs</h2>
				
				<h3 id="arduino:avr:uno">arduino:avr:uno @ 1.8.4</h3>
				<h4>Inclusion</h4>
				<p>
					Result: <b>PASS</b>
					
				</p>
				<pre class="pre-scrollable">Sketch uses 2522 bytes (7%) of program storage space. Maximum is 32256 bytes.
Global variables use 297 bytes (14%) of dynamic memory, leaving 1751 bytes for local variables. Maximum is 2048 bytes.
</pre>

					
					<h4>examples/EmotiBit_Example1-Basic_Reading</h4>
					<p>
						Result: <b>FAIL</b>
					</p>
					<pre class="pre-scrollable">/home/ec2-user/arduino-testlib/cli-datadir/user/libraries/EmotiBit_MLX90632/examples/EmotiBit_Example1-Basic_Reading/EmotiBit_Example1-Basic_Reading.ino:13:17: error: &#39;sercom1&#39; was not declared in this scope
 TwoWire myWire(&amp;sercom1, 11, 13);
                 ^~~~~~~
/home/ec2-user/arduino-testlib/cli-datadir/user/libraries/EmotiBit_MLX90632/examples/EmotiBit_Example1-Basic_Reading/EmotiBit_Example1-Basic_Reading.ino:13:17: note: suggested alternative: &#39;strcoll&#39;
 TwoWire myWire(&amp;sercom1, 11, 13);
                 ^~~~~~~
                 strcoll
/home/ec2-user/arduino-testlib/cli-datadir/user/libraries/EmotiBit_MLX90632/examples/EmotiBit_Example1-Basic_Reading/EmotiBit_Example1-Basic_Reading.ino: In function &#39;void setup()&#39;:
/home/ec2-user/arduino-testlib/cli-datadir/user/libraries/EmotiBit_MLX90632/examples/EmotiBit_Example1-Basic_Reading/EmotiBit_Example1-Basic_Reading.ino:27:20: error: &#39;PIO_SERCOM&#39; was not declared in this scope
  pinPeripheral(11, PIO_SERCOM);
                    ^~~~~~~~~~
/home/ec2-user/arduino-testlib/cli-datadir/user/libraries/EmotiBit_MLX90632/examples/EmotiBit_Example1-Basic_Reading/EmotiBit_Example1-Basic_Reading.ino:27:2: error: &#39;pinPeripheral&#39; was not declared in this scope
  pinPeripheral(11, PIO_SERCOM);
  ^~~~~~~~~~~~~
/home/ec2-user/arduino-testlib/cli-datadir/user/libraries/EmotiBit_MLX90632/examples/EmotiBit_Example1-Basic_Reading/EmotiBit_Example1-Basic_Reading.ino:42:30: error: &#39;EE_MEAS1&#39; was not declared in this scope
  myTempSensor.readRegister16(EE_MEAS1, valueInMemory);
                              ^~~~~~~~
/home/ec2-user/arduino-testlib/cli-datadir/user/libraries/EmotiBit_MLX90632/examples/EmotiBit_Example1-Basic_Reading/EmotiBit_Example1-Basic_Reading.ino:42:30: note: suggested alternative: &#39;EE_Ea&#39;
  myTempSensor.readRegister16(EE_MEAS1, valueInMemory);
                              ^~~~~~~~
                              EE_Ea
/home/ec2-user/arduino-testlib/cli-datadir/user/libraries/EmotiBit_MLX90632/examples/EmotiBit_Example1-Basic_Reading/EmotiBit_Example1-Basic_Reading.ino:46:30: error: &#39;EE_MEAS2&#39; was not declared in this scope
  myTempSensor.readRegister16(EE_MEAS2, valueInMemory);
                              ^~~~~~~~
/home/ec2-user/arduino-testlib/cli-datadir/user/libraries/EmotiBit_MLX90632/examples/EmotiBit_Example1-Basic_Reading/EmotiBit_Example1-Basic_Reading.ino:46:30: note: suggested alternative: &#39;EE_Ea&#39;
  myTempSensor.readRegister16(EE_MEAS2, valueInMemory);
                              ^~~~~~~~
                              EE_Ea
Multiple libraries were found for &#34;SparkFun_MLX90632_Arduino_Library.h&#34;
  Used: /home/ec2-user/arduino-testlib/cli-datadir/user/libraries/SparkFun_MLX90632_Noncontact_Infrared_Temperature_Sensor
  Not used: /home/ec2-user/arduino-testlib/cli-datadir/user/libraries/EmotiBit_MLX90632
</pre>
					
					<h4>examples/EmotiBit_Example2-Changing_Refresh_Rate</h4>
					<p>
						Result: <b>FAIL</b>
					</p>
					<pre class="pre-scrollable">/home/ec2-user/arduino-testlib/cli-datadir/user/libraries/EmotiBit_MLX90632/examples/EmotiBit_Example2-Changing_Refresh_Rate/EmotiBit_Example2-Changing_Refresh_Rate.ino:7:17: error: &#39;sercom1&#39; was not declared in this scope
 TwoWire myWire(&amp;sercom1, 11, 13);
                 ^~~~~~~
/home/ec2-user/arduino-testlib/cli-datadir/user/libraries/EmotiBit_MLX90632/examples/EmotiBit_Example2-Changing_Refresh_Rate/EmotiBit_Example2-Changing_Refresh_Rate.ino:7:17: note: suggested alternative: &#39;strcoll&#39;
 TwoWire myWire(&amp;sercom1, 11, 13);
                 ^~~~~~~
                 strcoll
/home/ec2-user/arduino-testlib/cli-datadir/user/libraries/EmotiBit_MLX90632/examples/EmotiBit_Example2-Changing_Refresh_Rate/EmotiBit_Example2-Changing_Refresh_Rate.ino: In function &#39;void setup()&#39;:
/home/ec2-user/arduino-testlib/cli-datadir/user/libraries/EmotiBit_MLX90632/examples/EmotiBit_Example2-Changing_Refresh_Rate/EmotiBit_Example2-Changing_Refresh_Rate.ino:16:20: error: &#39;PIO_SERCOM&#39; was not declared in this scope
  pinPeripheral(11, PIO_SERCOM);
                    ^~~~~~~~~~
/home/ec2-user/arduino-testlib/cli-datadir/user/libraries/EmotiBit_MLX90632/examples/EmotiBit_Example2-Changing_Refresh_Rate/EmotiBit_Example2-Changing_Refresh_Rate.ino:16:2: error: &#39;pinPeripheral&#39; was not declared in this scope
  pinPeripheral(11, PIO_SERCOM);
  ^~~~~~~~~~~~~
/home/ec2-user/arduino-testlib/cli-datadir/user/libraries/EmotiBit_MLX90632/examples/EmotiBit_Example2-Changing_Refresh_Rate/EmotiBit_Example2-Changing_Refresh_Rate.ino:26:30: error: &#39;EE_MEAS1&#39; was not declared in this scope
  myTempSensor.readRegister16(EE_MEAS1, read_meas1);
                              ^~~~~~~~
/home/ec2-user/arduino-testlib/cli-datadir/user/libraries/EmotiBit_MLX90632/examples/EmotiBit_Example2-Changing_Refresh_Rate/EmotiBit_Example2-Changing_Refresh_Rate.ino:26:30: note: suggested alternative: &#39;EE_Ea&#39;
  myTempSensor.readRegister16(EE_MEAS1, read_meas1);
                              ^~~~~~~~
                              EE_Ea
/home/ec2-user/arduino-testlib/cli-datadir/user/libraries/EmotiBit_MLX90632/examples/EmotiBit_Example2-Changing_Refresh_Rate/EmotiBit_Example2-Changing_Refresh_Rate.ino:27:30: error: &#39;EE_MEAS2&#39; was not declared in this scope
  myTempSensor.readRegister16(EE_MEAS2, read_meas2);
                              ^~~~~~~~
/home/ec2-user/arduino-testlib/cli-datadir/user/libraries/EmotiBit_MLX90632/examples/EmotiBit_Example2-Changing_Refresh_Rate/EmotiBit_Example2-Changing_Refresh_Rate.ino:27:30: note: suggested alternative: &#39;EE_Ea&#39;
  myTempSensor.readRegister16(EE_MEAS2, read_meas2);
                              ^~~~~~~~
                              EE_Ea
/home/ec2-user/arduino-testlib/cli-datadir/user/libraries/EmotiBit_MLX90632/examples/EmotiBit_Example2-Changing_Refresh_Rate/EmotiBit_Example2-Changing_Refresh_Rate.ino:33:15: error: &#39;class MLX90632&#39; has no member named &#39;setMeasurementRate&#39;
  myTempSensor.setMeasurementRate(8);
               ^~~~~~~~~~~~~~~~~~
Multiple libraries were found for &#34;SparkFun_MLX90632_Arduino_Library.h&#34;
  Used: /home/ec2-user/arduino-testlib/cli-datadir/user/libraries/SparkFun_MLX90632_Noncontact_Infrared_Temperature_Sensor
  Not used: /home/ec2-user/arduino-testlib/cli-datadir/user/libraries/EmotiBit_MLX90632
</pre>
					
					<h4>examples/EmotiBit_Example3-Continuous_Reading</h4>
					<p>
						Result: <b>FAIL</b>
					</p>
					<pre class="pre-scrollable">/home/ec2-user/arduino-testlib/cli-datadir/user/libraries/EmotiBit_MLX90632/examples/EmotiBit_Example3-Continuous_Reading/EmotiBit_Example3-Continuous_Reading.ino:13:17: error: &#39;sercom1&#39; was not declared in this scope
 TwoWire myWire(&amp;sercom1, 11, 13);
                 ^~~~~~~
/home/ec2-user/arduino-testlib/cli-datadir/user/libraries/EmotiBit_MLX90632/examples/EmotiBit_Example3-Continuous_Reading/EmotiBit_Example3-Continuous_Reading.ino:13:17: note: suggested alternative: &#39;strcoll&#39;
 TwoWire myWire(&amp;sercom1, 11, 13);
                 ^~~~~~~
                 strcoll
/home/ec2-user/arduino-testlib/cli-datadir/user/libraries/EmotiBit_MLX90632/examples/EmotiBit_Example3-Continuous_Reading/EmotiBit_Example3-Continuous_Reading.ino: In function &#39;void setup()&#39;:
/home/ec2-user/arduino-testlib/cli-datadir/user/libraries/EmotiBit_MLX90632/examples/EmotiBit_Example3-Continuous_Reading/EmotiBit_Example3-Continuous_Reading.ino:27:20: error: &#39;PIO_SERCOM&#39; was not declared in this scope
  pinPeripheral(11, PIO_SERCOM);
                    ^~~~~~~~~~
/home/ec2-user/arduino-testlib/cli-datadir/user/libraries/EmotiBit_MLX90632/examples/EmotiBit_Example3-Continuous_Reading/EmotiBit_Example3-Continuous_Reading.ino:27:2: error: &#39;pinPeripheral&#39; was not declared in this scope
  pinPeripheral(11, PIO_SERCOM);
  ^~~~~~~~~~~~~
/home/ec2-user/arduino-testlib/cli-datadir/user/libraries/EmotiBit_MLX90632/examples/EmotiBit_Example3-Continuous_Reading/EmotiBit_Example3-Continuous_Reading.ino:57:30: error: &#39;EE_MEAS1&#39; was not declared in this scope
  myTempSensor.readRegister16(EE_MEAS1, valueInMemory);
                              ^~~~~~~~
/home/ec2-user/arduino-testlib/cli-datadir/user/libraries/EmotiBit_MLX90632/examples/EmotiBit_Example3-Continuous_Reading/EmotiBit_Example3-Continuous_Reading.ino:57:30: note: suggested alternative: &#39;EE_Ea&#39;
  myTempSensor.readRegister16(EE_MEAS1, valueInMemory);
                              ^~~~~~~~
                              EE_Ea
/home/ec2-user/arduino-testlib/cli-datadir/user/libraries/EmotiBit_MLX90632/examples/EmotiBit_Example3-Continuous_Reading/EmotiBit_Example3-Continuous_Reading.ino:61:30: error: &#39;EE_MEAS2&#39; was not declared in this scope
  myTempSensor.readRegister16(EE_MEAS2, valueInMemory);
                              ^~~~~~~~
/home/ec2-user/arduino-testlib/cli-datadir/user/libraries/EmotiBit_MLX90632/examples/EmotiBit_Example3-Continuous_Reading/EmotiBit_Example3-Continuous_Reading.ino:61:30: note: suggested alternative: &#39;EE_Ea&#39;
  myTempSensor.readRegister16(EE_MEAS2, valueInMemory);
                              ^~~~~~~~
                              EE_Ea
/home/ec2-user/arduino-testlib/cli-datadir/user/libraries/EmotiBit_MLX90632/examples/EmotiBit_Example3-Continuous_Reading/EmotiBit_Example3-Continuous_Reading.ino: In function &#39;void loop()&#39;:
/home/ec2-user/arduino-testlib/cli-datadir/user/libraries/EmotiBit_MLX90632/examples/EmotiBit_Example3-Continuous_Reading/EmotiBit_Example3-Continuous_Reading.ino:82:31: error: &#39;SENSOR_NO_NEW_DATA&#39; is not a member of &#39;MLX90632::status&#39;
  myStatus = MLX90632::status::SENSOR_NO_NEW_DATA;
                               ^~~~~~~~~~~~~~~~~~
/home/ec2-user/arduino-testlib/cli-datadir/user/libraries/EmotiBit_MLX90632/examples/EmotiBit_Example3-Continuous_Reading/EmotiBit_Example3-Continuous_Reading.ino:87:29: error: &#39;class MLX90632&#39; has no member named &#39;end_getObjectTemp&#39;; did you mean &#39;getObjectTemp&#39;?
   objectTemp = myTempSensor.end_getObjectTemp(myStatus); //Get the temperature of the object we&#39;re looking at in C
                             ^~~~~~~~~~~~~~~~~
                             getObjectTemp
Multiple libraries were found for &#34;SparkFun_MLX90632_Arduino_Library.h&#34;
  Used: /home/ec2-user/arduino-testlib/cli-datadir/user/libraries/SparkFun_MLX90632_Noncontact_Infrared_Temperature_Sensor
  Not used: /home/ec2-user/arduino-testlib/cli-datadir/user/libraries/EmotiBit_MLX90632
</pre>
					
					<h4>examples/Example3-BeginOptions</h4>
					<p>
						Result: <b>FAIL</b>
					</p>
					<pre class="pre-scrollable">/home/ec2-user/arduino-testlib/cli-datadir/user/libraries/EmotiBit_MLX90632/examples/Example3-BeginOptions/Example3-BeginOptions.ino: In function &#39;void setup()&#39;:
/home/ec2-user/arduino-testlib/cli-datadir/user/libraries/EmotiBit_MLX90632/examples/Example3-BeginOptions/Example3-BeginOptions.ino:32:3: error: &#39;Wire1&#39; was not declared in this scope
   Wire1.begin();
   ^~~~~
/home/ec2-user/arduino-testlib/cli-datadir/user/libraries/EmotiBit_MLX90632/examples/Example3-BeginOptions/Example3-BeginOptions.ino:32:3: note: suggested alternative: &#39;Wire&#39;
   Wire1.begin();
   ^~~~~
   Wire
Multiple libraries were found for &#34;SparkFun_MLX90632_Arduino_Library.h&#34;
  Used: /home/ec2-user/arduino-testlib/cli-datadir/user/libraries/SparkFun_MLX90632_Noncontact_Infrared_Temperature_Sensor
  Not used: /home/ec2-user/arduino-testlib/cli-datadir/user/libraries/EmotiBit_MLX90632
</pre>
					
					<h4>examples/Example4-DebugPrinting</h4>
					<p>
						Result: <b>PASS</b>
					</p>
					<pre class="pre-scrollable">Sketch uses 12306 bytes (38%) of program storage space. Maximum is 32256 bytes.
Global variables use 524 bytes (25%) of dynamic memory, leaving 1524 bytes for local variables. Maximum is 2048 bytes.
</pre>
					
					<h4>examples/Example5-EEPROMWriting</h4>
					<p>
						Result: <b>PASS</b>
					</p>
					<pre class="pre-scrollable">Sketch uses 9260 bytes (28%) of program storage space. Maximum is 32256 bytes.
Global variables use 576 bytes (28%) of dynamic memory, leaving 1472 bytes for local variables. Maximum is 2048 bytes.
</pre>
					
					<h4>examples/Example9-AlgorithmTest</h4>
					<p>
						Result: <b>PASS</b>
					</p>
					<pre class="pre-scrollable">Sketch uses 5240 bytes (16%) of program storage space. Maximum is 32256 bytes.
Global variables use 514 bytes (25%) of dynamic memory, leaving 1534 bytes for local variables. Maximum is 2048 bytes.
</pre>
					
				
				<h3 id="arduino:mbed_nano:nanorp2040connect">arduino:mbed_nano:nanorp2040connect @ 2.7.2</h3>
				<h4>Inclusion</h4>
				<p>
					Result: <b>PASS</b>
					
				</p>
				<pre class="pre-scrollable">Sketch uses 81706 bytes (0%) of program storage space. Maximum is 16777216 bytes.
Global variables use 44220 bytes (16%) of dynamic memory, leaving 226116 bytes for local variables. Maximum is 270336 bytes.
</pre>

					
					<h4>examples/EmotiBit_Example1-Basic_Reading</h4>
					<p>
						Result: <b>FAIL</b>
					</p>
					<pre class="pre-scrollable">/home/ec2-user/arduino-testlib/cli-datadir/user/libraries/EmotiBit_MLX90632/examples/EmotiBit_Example1-Basic_Reading/EmotiBit_Example1-Basic_Reading.ino:13:17: error: &#39;sercom1&#39; was not declared in this scope
 TwoWire myWire(&amp;sercom1, 11, 13);
                 ^~~~~~~
/home/ec2-user/arduino-testlib/cli-datadir/user/libraries/EmotiBit_MLX90632/examples/EmotiBit_Example1-Basic_Reading/EmotiBit_Example1-Basic_Reading.ino:13:17: note: suggested alternative: &#39;strcoll&#39;
 TwoWire myWire(&amp;sercom1, 11, 13);
                 ^~~~~~~
                 strcoll
/home/ec2-user/arduino-testlib/cli-datadir/user/libraries/EmotiBit_MLX90632/examples/EmotiBit_Example1-Basic_Reading/EmotiBit_Example1-Basic_Reading.ino: In function &#39;void setup()&#39;:
/home/ec2-user/arduino-testlib/cli-datadir/user/libraries/EmotiBit_MLX90632/examples/EmotiBit_Example1-Basic_Reading/EmotiBit_Example1-Basic_Reading.ino:27:20: error: &#39;PIO_SERCOM&#39; was not declared in this scope
  pinPeripheral(11, PIO_SERCOM);
                    ^~~~~~~~~~
/home/ec2-user/arduino-testlib/cli-datadir/user/libraries/EmotiBit_MLX90632/examples/EmotiBit_Example1-Basic_Reading/EmotiBit_Example1-Basic_Reading.ino:27:2: error: &#39;pinPeripheral&#39; was not declared in this scope
  pinPeripheral(11, PIO_SERCOM);
  ^~~~~~~~~~~~~
/home/ec2-user/arduino-testlib/cli-datadir/user/libraries/EmotiBit_MLX90632/examples/EmotiBit_Example1-Basic_Reading/EmotiBit_Example1-Basic_Reading.ino:27:2: note: suggested alternative: &#39;pinmap_peripheral&#39;
  pinPeripheral(11, PIO_SERCOM);
  ^~~~~~~~~~~~~
  pinmap_peripheral
/home/ec2-user/arduino-testlib/cli-datadir/user/libraries/EmotiBit_MLX90632/examples/EmotiBit_Example1-Basic_Reading/EmotiBit_Example1-Basic_Reading.ino:42:30: error: &#39;EE_MEAS1&#39; was not declared in this scope
  myTempSensor.readRegister16(EE_MEAS1, valueInMemory);
                              ^~~~~~~~
/home/ec2-user/arduino-testlib/cli-datadir/user/libraries/EmotiBit_MLX90632/examples/EmotiBit_Example1-Basic_Reading/EmotiBit_Example1-Basic_Reading.ino:42:30: note: suggested alternative: &#39;EE_Eb&#39;
  myTempSensor.readRegister16(EE_MEAS1, valueInMemory);
                              ^~~~~~~~
                              EE_Eb
/home/ec2-user/arduino-testlib/cli-datadir/user/libraries/EmotiBit_MLX90632/examples/EmotiBit_Example1-Basic_Reading/EmotiBit_Example1-Basic_Reading.ino:46:30: error: &#39;EE_MEAS2&#39; was not declared in this scope
  myTempSensor.readRegister16(EE_MEAS2, valueInMemory);
                              ^~~~~~~~
/home/ec2-user/arduino-testlib/cli-datadir/user/libraries/EmotiBit_MLX90632/examples/EmotiBit_Example1-Basic_Reading/EmotiBit_Example1-Basic_Reading.ino:46:30: note: suggested alternative: &#39;EE_Eb&#39;
  myTempSensor.readRegister16(EE_MEAS2, valueInMemory);
                              ^~~~~~~~
                              EE_Eb
Multiple libraries were found for &#34;SparkFun_MLX90632_Arduino_Library.h&#34;
  Used: /home/ec2-user/arduino-testlib/cli-datadir/user/libraries/SparkFun_MLX90632_Noncontact_Infrared_Temperature_Sensor
  Not used: /home/ec2-user/arduino-testlib/cli-datadir/user/libraries/EmotiBit_MLX90632
</pre>
					
					<h4>examples/EmotiBit_Example2-Changing_Refresh_Rate</h4>
					<p>
						Result: <b>FAIL</b>
					</p>
					<pre class="pre-scrollable">/home/ec2-user/arduino-testlib/cli-datadir/user/libraries/EmotiBit_MLX90632/examples/EmotiBit_Example2-Changing_Refresh_Rate/EmotiBit_Example2-Changing_Refresh_Rate.ino:7:17: error: &#39;sercom1&#39; was not declared in this scope
 TwoWire myWire(&amp;sercom1, 11, 13);
                 ^~~~~~~
/home/ec2-user/arduino-testlib/cli-datadir/user/libraries/EmotiBit_MLX90632/examples/EmotiBit_Example2-Changing_Refresh_Rate/EmotiBit_Example2-Changing_Refresh_Rate.ino:7:17: note: suggested alternative: &#39;strcoll&#39;
 TwoWire myWire(&amp;sercom1, 11, 13);
                 ^~~~~~~
                 strcoll
/home/ec2-user/arduino-testlib/cli-datadir/user/libraries/EmotiBit_MLX90632/examples/EmotiBit_Example2-Changing_Refresh_Rate/EmotiBit_Example2-Changing_Refresh_Rate.ino: In function &#39;void setup()&#39;:
/home/ec2-user/arduino-testlib/cli-datadir/user/libraries/EmotiBit_MLX90632/examples/EmotiBit_Example2-Changing_Refresh_Rate/EmotiBit_Example2-Changing_Refresh_Rate.ino:16:20: error: &#39;PIO_SERCOM&#39; was not declared in this scope
  pinPeripheral(11, PIO_SERCOM);
                    ^~~~~~~~~~
/home/ec2-user/arduino-testlib/cli-datadir/user/libraries/EmotiBit_MLX90632/examples/EmotiBit_Example2-Changing_Refresh_Rate/EmotiBit_Example2-Changing_Refresh_Rate.ino:16:2: error: &#39;pinPeripheral&#39; was not declared in this scope
  pinPeripheral(11, PIO_SERCOM);
  ^~~~~~~~~~~~~
/home/ec2-user/arduino-testlib/cli-datadir/user/libraries/EmotiBit_MLX90632/examples/EmotiBit_Example2-Changing_Refresh_Rate/EmotiBit_Example2-Changing_Refresh_Rate.ino:16:2: note: suggested alternative: &#39;pinmap_peripheral&#39;
  pinPeripheral(11, PIO_SERCOM);
  ^~~~~~~~~~~~~
  pinmap_peripheral
/home/ec2-user/arduino-testlib/cli-datadir/user/libraries/EmotiBit_MLX90632/examples/EmotiBit_Example2-Changing_Refresh_Rate/EmotiBit_Example2-Changing_Refresh_Rate.ino:26:30: error: &#39;EE_MEAS1&#39; was not declared in this scope
  myTempSensor.readRegister16(EE_MEAS1, read_meas1);
                              ^~~~~~~~
/home/ec2-user/arduino-testlib/cli-datadir/user/libraries/EmotiBit_MLX90632/examples/EmotiBit_Example2-Changing_Refresh_Rate/EmotiBit_Example2-Changing_Refresh_Rate.ino:26:30: note: suggested alternative: &#39;EE_Eb&#39;
  myTempSensor.readRegister16(EE_MEAS1, read_meas1);
                              ^~~~~~~~
                              EE_Eb
/home/ec2-user/arduino-testlib/cli-datadir/user/libraries/EmotiBit_MLX90632/examples/EmotiBit_Example2-Changing_Refresh_Rate/EmotiBit_Example2-Changing_Refresh_Rate.ino:27:30: error: &#39;EE_MEAS2&#39; was not declared in this scope
  myTempSensor.readRegister16(EE_MEAS2, read_meas2);
                              ^~~~~~~~
/home/ec2-user/arduino-testlib/cli-datadir/user/libraries/EmotiBit_MLX90632/examples/EmotiBit_Example2-Changing_Refresh_Rate/EmotiBit_Example2-Changing_Refresh_Rate.ino:27:30: note: suggested alternative: &#39;EE_Eb&#39;
  myTempSensor.readRegister16(EE_MEAS2, read_meas2);
                              ^~~~~~~~
                              EE_Eb
/home/ec2-user/arduino-testlib/cli-datadir/user/libraries/EmotiBit_MLX90632/examples/EmotiBit_Example2-Changing_Refresh_Rate/EmotiBit_Example2-Changing_Refresh_Rate.ino:33:15: error: &#39;class MLX90632&#39; has no member named &#39;setMeasurementRate&#39;
  myTempSensor.setMeasurementRate(8);
               ^~~~~~~~~~~~~~~~~~
Multiple libraries were found for &#34;SparkFun_MLX90632_Arduino_Library.h&#34;
  Used: /home/ec2-user/arduino-testlib/cli-datadir/user/libraries/SparkFun_MLX90632_Noncontact_Infrared_Temperature_Sensor
  Not used: /home/ec2-user/arduino-testlib/cli-datadir/user/libraries/EmotiBit_MLX90632
</pre>
					
					<h4>examples/EmotiBit_Example3-Continuous_Reading</h4>
					<p>
						Result: <b>FAIL</b>
					</p>
					<pre class="pre-scrollable">/home/ec2-user/arduino-testlib/cli-datadir/user/libraries/EmotiBit_MLX90632/examples/EmotiBit_Example3-Continuous_Reading/EmotiBit_Example3-Continuous_Reading.ino:13:17: error: &#39;sercom1&#39; was not declared in this scope
 TwoWire myWire(&amp;sercom1, 11, 13);
                 ^~~~~~~
/home/ec2-user/arduino-testlib/cli-datadir/user/libraries/EmotiBit_MLX90632/examples/EmotiBit_Example3-Continuous_Reading/EmotiBit_Example3-Continuous_Reading.ino:13:17: note: suggested alternative: &#39;strcoll&#39;
 TwoWire myWire(&amp;sercom1, 11, 13);
                 ^~~~~~~
                 strcoll
/home/ec2-user/arduino-testlib/cli-datadir/user/libraries/EmotiBit_MLX90632/examples/EmotiBit_Example3-Continuous_Reading/EmotiBit_Example3-Continuous_Reading.ino: In function &#39;void setup()&#39;:
/home/ec2-user/arduino-testlib/cli-datadir/user/libraries/EmotiBit_MLX90632/examples/EmotiBit_Example3-Continuous_Reading/EmotiBit_Example3-Continuous_Reading.ino:27:20: error: &#39;PIO_SERCOM&#39; was not declared in this scope
  pinPeripheral(11, PIO_SERCOM);
                    ^~~~~~~~~~
/home/ec2-user/arduino-testlib/cli-datadir/user/libraries/EmotiBit_MLX90632/examples/EmotiBit_Example3-Continuous_Reading/EmotiBit_Example3-Continuous_Reading.ino:27:2: error: &#39;pinPeripheral&#39; was not declared in this scope
  pinPeripheral(11, PIO_SERCOM);
  ^~~~~~~~~~~~~
/home/ec2-user/arduino-testlib/cli-datadir/user/libraries/EmotiBit_MLX90632/examples/EmotiBit_Example3-Continuous_Reading/EmotiBit_Example3-Continuous_Reading.ino:27:2: note: suggested alternative: &#39;pinmap_peripheral&#39;
  pinPeripheral(11, PIO_SERCOM);
  ^~~~~~~~~~~~~
  pinmap_peripheral
/home/ec2-user/arduino-testlib/cli-datadir/user/libraries/EmotiBit_MLX90632/examples/EmotiBit_Example3-Continuous_Reading/EmotiBit_Example3-Continuous_Reading.ino:57:30: error: &#39;EE_MEAS1&#39; was not declared in this scope
  myTempSensor.readRegister16(EE_MEAS1, valueInMemory);
                              ^~~~~~~~
/home/ec2-user/arduino-testlib/cli-datadir/user/libraries/EmotiBit_MLX90632/examples/EmotiBit_Example3-Continuous_Reading/EmotiBit_Example3-Continuous_Reading.ino:57:30: note: suggested alternative: &#39;EE_Eb&#39;
  myTempSensor.readRegister16(EE_MEAS1, valueInMemory);
                              ^~~~~~~~
                              EE_Eb
/home/ec2-user/arduino-testlib/cli-datadir/user/libraries/EmotiBit_MLX90632/examples/EmotiBit_Example3-Continuous_Reading/EmotiBit_Example3-Continuous_Reading.ino:61:30: error: &#39;EE_MEAS2&#39; was not declared in this scope
  myTempSensor.readRegister16(EE_MEAS2, valueInMemory);
                              ^~~~~~~~
/home/ec2-user/arduino-testlib/cli-datadir/user/libraries/EmotiBit_MLX90632/examples/EmotiBit_Example3-Continuous_Reading/EmotiBit_Example3-Continuous_Reading.ino:61:30: note: suggested alternative: &#39;EE_Eb&#39;
  myTempSensor.readRegister16(EE_MEAS2, valueInMemory);
                              ^~~~~~~~
                              EE_Eb
/home/ec2-user/arduino-testlib/cli-datadir/user/libraries/EmotiBit_MLX90632/examples/EmotiBit_Example3-Continuous_Reading/EmotiBit_Example3-Continuous_Reading.ino: In function &#39;void loop()&#39;:
/home/ec2-user/arduino-testlib/cli-datadir/user/libraries/EmotiBit_MLX90632/examples/EmotiBit_Example3-Continuous_Reading/EmotiBit_Example3-Continuous_Reading.ino:82:31: error: &#39;SENSOR_NO_NEW_DATA&#39; is not a member of &#39;MLX90632::status&#39;
  myStatus = MLX90632::status::SENSOR_NO_NEW_DATA;
                               ^~~~~~~~~~~~~~~~~~
/home/ec2-user/arduino-testlib/cli-datadir/user/libraries/EmotiBit_MLX90632/examples/EmotiBit_Example3-Continuous_Reading/EmotiBit_Example3-Continuous_Reading.ino:87:29: error: &#39;class MLX90632&#39; has no member named &#39;end_getObjectTemp&#39;; did you mean &#39;getObjectTemp&#39;?
   objectTemp = myTempSensor.end_getObjectTemp(myStatus); //Get the temperature of the object we&#39;re looking at in C
                             ^~~~~~~~~~~~~~~~~
                             getObjectTemp
Multiple libraries were found for &#34;SparkFun_MLX90632_Arduino_Library.h&#34;
  Used: /home/ec2-user/arduino-testlib/cli-datadir/user/libraries/SparkFun_MLX90632_Noncontact_Infrared_Temperature_Sensor
  Not used: /home/ec2-user/arduino-testlib/cli-datadir/user/libraries/EmotiBit_MLX90632
</pre>
					
					<h4>examples/Example3-BeginOptions</h4>
					<p>
						Result: <b>FAIL</b>
					</p>
					<pre class="pre-scrollable">/home/ec2-user/arduino-testlib/cli-datadir/user/libraries/EmotiBit_MLX90632/examples/Example3-BeginOptions/Example3-BeginOptions.ino: In function &#39;void setup()&#39;:
/home/ec2-user/arduino-testlib/cli-datadir/user/libraries/EmotiBit_MLX90632/examples/Example3-BeginOptions/Example3-BeginOptions.ino:32:3: error: &#39;Wire1&#39; was not declared in this scope
   Wire1.begin();
   ^~~~~
/home/ec2-user/arduino-testlib/cli-datadir/user/libraries/EmotiBit_MLX90632/examples/Example3-BeginOptions/Example3-BeginOptions.ino:32:3: note: suggested alternative: &#39;Wire&#39;
   Wire1.begin();
   ^~~~~
   Wire
Multiple libraries were found for &#34;SparkFun_MLX90632_Arduino_Library.h&#34;
  Used: /home/ec2-user/arduino-testlib/cli-datadir/user/libraries/SparkFun_MLX90632_Noncontact_Infrared_Temperature_Sensor
  Not used: /home/ec2-user/arduino-testlib/cli-datadir/user/libraries/EmotiBit_MLX90632
</pre>
					
					<h4>examples/Example4-DebugPrinting</h4>
					<p>
						Result: <b>PASS</b>
					</p>
					<pre class="pre-scrollable">Sketch uses 91792 bytes (0%) of program storage space. Maximum is 16777216 bytes.
Global variables use 44360 bytes (16%) of dynamic memory, leaving 225976 bytes for local variables. Maximum is 270336 bytes.
</pre>
					
					<h4>examples/Example5-EEPROMWriting</h4>
					<p>
						Result: <b>PASS</b>
					</p>
					<pre class="pre-scrollable">Sketch uses 84358 bytes (0%) of program storage space. Maximum is 16777216 bytes.
Global variables use 44344 bytes (16%) of dynamic memory, leaving 225992 bytes for local variables. Maximum is 270336 bytes.
</pre>
					
					<h4>examples/Example9-AlgorithmTest</h4>
					<p>
						Result: <b>PASS</b>
					</p>
					<pre class="pre-scrollable">Sketch uses 84810 bytes (0%) of program storage space. Maximum is 16777216 bytes.
Global variables use 43444 bytes (16%) of dynamic memory, leaving 226892 bytes for local variables. Maximum is 270336 bytes.
</pre>
					
				
				<h3 id="arduino:megaavr:nona4809">arduino:megaavr:nona4809 @ 1.8.7</h3>
				<h4>Inclusion</h4>
				<p>
					Result: <b>PASS</b>
					
				</p>
				<pre class="pre-scrollable">Sketch uses 4640 bytes (9%) of program storage space. Maximum is 49152 bytes.
Global variables use 472 bytes (7%) of dynamic memory, leaving 5672 bytes for local variables. Maximum is 6144 bytes.
In file included from /home/ec2-user/arduino-testlib/cli-datadir/user/libraries/EmotiBit_MLX90632/src/SparkFun_MLX90632_Arduino_Library.h:36:0,
                 from /home/ec2-user/arduino-testlib/cli-datadir/user/libraries/EmotiBit_MLX90632/src/SparkFun_MLX90632_Arduino_Library.cpp:55:
/home/ec2-user/arduino-testlib/cli-datadir/data/packages/arduino/hardware/megaavr/1.8.7/libraries/Wire/src/Wire.h: In member function &#39;MLX90632::status MLX90632::readRegister16(uint16_t, uint16_t&amp;)&#39;:
/home/ec2-user/arduino-testlib/cli-datadir/data/packages/arduino/hardware/megaavr/1.8.7/libraries/Wire/src/Wire.h:63:12: note: candidate 1: size_t TwoWire::requestFrom(int, int)
     size_t requestFrom(int, int);
            ^~~~~~~~~~~
/home/ec2-user/arduino-testlib/cli-datadir/data/packages/arduino/hardware/megaavr/1.8.7/libraries/Wire/src/Wire.h:61:12: note: candidate 2: virtual size_t TwoWire::requestFrom(uint8_t, size_t)
     size_t requestFrom(uint8_t, size_t);
            ^~~~~~~~~~~
/home/ec2-user/arduino-testlib/cli-datadir/data/packages/arduino/hardware/megaavr/1.8.7/libraries/Wire/src/Wire.h: In member function &#39;MLX90632::status MLX90632::readRegister32(uint16_t, uint32_t&amp;)&#39;:
/home/ec2-user/arduino-testlib/cli-datadir/data/packages/arduino/hardware/megaavr/1.8.7/libraries/Wire/src/Wire.h:63:12: note: candidate 1: size_t TwoWire::requestFrom(int, int)
     size_t requestFrom(int, int);
            ^~~~~~~~~~~
/home/ec2-user/arduino-testlib/cli-datadir/data/packages/arduino/hardware/megaavr/1.8.7/libraries/Wire/src/Wire.h:61:12: note: candidate 2: virtual size_t TwoWire::requestFrom(uint8_t, size_t)
     size_t requestFrom(uint8_t, size_t);
            ^~~~~~~~~~~
</pre>

					
					<h4>examples/EmotiBit_Example1-Basic_Reading</h4>
					<p>
						Result: <b>FAIL</b>
					</p>
					<pre class="pre-scrollable">/home/ec2-user/arduino-testlib/cli-datadir/user/libraries/EmotiBit_MLX90632/examples/EmotiBit_Example1-Basic_Reading/EmotiBit_Example1-Basic_Reading.ino:13:17: error: &#39;sercom1&#39; was not declared in this scope
 TwoWire myWire(&amp;sercom1, 11, 13);
                 ^~~~~~~
/home/ec2-user/arduino-testlib/cli-datadir/user/libraries/EmotiBit_MLX90632/examples/EmotiBit_Example1-Basic_Reading/EmotiBit_Example1-Basic_Reading.ino:13:17: note: suggested alternative: &#39;strcoll&#39;
 TwoWire myWire(&amp;sercom1, 11, 13);
                 ^~~~~~~
                 strcoll
/home/ec2-user/arduino-testlib/cli-datadir/user/libraries/EmotiBit_MLX90632/examples/EmotiBit_Example1-Basic_Reading/EmotiBit_Example1-Basic_Reading.ino: In function &#39;void setup()&#39;:
/home/ec2-user/arduino-testlib/cli-datadir/user/libraries/EmotiBit_MLX90632/examples/EmotiBit_Example1-Basic_Reading/EmotiBit_Example1-Basic_Reading.ino:27:20: error: &#39;PIO_SERCOM&#39; was not declared in this scope
  pinPeripheral(11, PIO_SERCOM);
                    ^~~~~~~~~~
/home/ec2-user/arduino-testlib/cli-datadir/user/libraries/EmotiBit_MLX90632/examples/EmotiBit_Example1-Basic_Reading/EmotiBit_Example1-Basic_Reading.ino:27:2: error: &#39;pinPeripheral&#39; was not declared in this scope
  pinPeripheral(11, PIO_SERCOM);
  ^~~~~~~~~~~~~
/home/ec2-user/arduino-testlib/cli-datadir/user/libraries/EmotiBit_MLX90632/examples/EmotiBit_Example1-Basic_Reading/EmotiBit_Example1-Basic_Reading.ino:42:30: error: &#39;EE_MEAS1&#39; was not declared in this scope
  myTempSensor.readRegister16(EE_MEAS1, valueInMemory);
                              ^~~~~~~~
/home/ec2-user/arduino-testlib/cli-datadir/user/libraries/EmotiBit_MLX90632/examples/EmotiBit_Example1-Basic_Reading/EmotiBit_Example1-Basic_Reading.ino:42:30: note: suggested alternative: &#39;EE_Ab&#39;
  myTempSensor.readRegister16(EE_MEAS1, valueInMemory);
                              ^~~~~~~~
                              EE_Ab
/home/ec2-user/arduino-testlib/cli-datadir/user/libraries/EmotiBit_MLX90632/examples/EmotiBit_Example1-Basic_Reading/EmotiBit_Example1-Basic_Reading.ino:46:30: error: &#39;EE_MEAS2&#39; was not declared in this scope
  myTempSensor.readRegister16(EE_MEAS2, valueInMemory);
                              ^~~~~~~~
/home/ec2-user/arduino-testlib/cli-datadir/user/libraries/EmotiBit_MLX90632/examples/EmotiBit_Example1-Basic_Reading/EmotiBit_Example1-Basic_Reading.ino:46:30: note: suggested alternative: &#39;EE_Ab&#39;
  myTempSensor.readRegister16(EE_MEAS2, valueInMemory);
                              ^~~~~~~~
                              EE_Ab
Multiple libraries were found for &#34;SparkFun_MLX90632_Arduino_Library.h&#34;
  Used: /home/ec2-user/arduino-testlib/cli-datadir/user/libraries/SparkFun_MLX90632_Noncontact_Infrared_Temperature_Sensor
  Not used: /home/ec2-user/arduino-testlib/cli-datadir/user/libraries/EmotiBit_MLX90632
</pre>
					
					<h4>examples/EmotiBit_Example2-Changing_Refresh_Rate</h4>
					<p>
						Result: <b>FAIL</b>
					</p>
					<pre class="pre-scrollable">/home/ec2-user/arduino-testlib/cli-datadir/user/libraries/EmotiBit_MLX90632/examples/EmotiBit_Example2-Changing_Refresh_Rate/EmotiBit_Example2-Changing_Refresh_Rate.ino:7:17: error: &#39;sercom1&#39; was not declared in this scope
 TwoWire myWire(&amp;sercom1, 11, 13);
                 ^~~~~~~
/home/ec2-user/arduino-testlib/cli-datadir/user/libraries/EmotiBit_MLX90632/examples/EmotiBit_Example2-Changing_Refresh_Rate/EmotiBit_Example2-Changing_Refresh_Rate.ino:7:17: note: suggested alternative: &#39;strcoll&#39;
 TwoWire myWire(&amp;sercom1, 11, 13);
                 ^~~~~~~
                 strcoll
/home/ec2-user/arduino-testlib/cli-datadir/user/libraries/EmotiBit_MLX90632/examples/EmotiBit_Example2-Changing_Refresh_Rate/EmotiBit_Example2-Changing_Refresh_Rate.ino: In function &#39;void setup()&#39;:
/home/ec2-user/arduino-testlib/cli-datadir/user/libraries/EmotiBit_MLX90632/examples/EmotiBit_Example2-Changing_Refresh_Rate/EmotiBit_Example2-Changing_Refresh_Rate.ino:16:20: error: &#39;PIO_SERCOM&#39; was not declared in this scope
  pinPeripheral(11, PIO_SERCOM);
                    ^~~~~~~~~~
/home/ec2-user/arduino-testlib/cli-datadir/user/libraries/EmotiBit_MLX90632/examples/EmotiBit_Example2-Changing_Refresh_Rate/EmotiBit_Example2-Changing_Refresh_Rate.ino:16:2: error: &#39;pinPeripheral&#39; was not declared in this scope
  pinPeripheral(11, PIO_SERCOM);
  ^~~~~~~~~~~~~
/home/ec2-user/arduino-testlib/cli-datadir/user/libraries/EmotiBit_MLX90632/examples/EmotiBit_Example2-Changing_Refresh_Rate/EmotiBit_Example2-Changing_Refresh_Rate.ino:26:30: error: &#39;EE_MEAS1&#39; was not declared in this scope
  myTempSensor.readRegister16(EE_MEAS1, read_meas1);
                              ^~~~~~~~
/home/ec2-user/arduino-testlib/cli-datadir/user/libraries/EmotiBit_MLX90632/examples/EmotiBit_Example2-Changing_Refresh_Rate/EmotiBit_Example2-Changing_Refresh_Rate.ino:26:30: note: suggested alternative: &#39;EE_Ab&#39;
  myTempSensor.readRegister16(EE_MEAS1, read_meas1);
                              ^~~~~~~~
                              EE_Ab
/home/ec2-user/arduino-testlib/cli-datadir/user/libraries/EmotiBit_MLX90632/examples/EmotiBit_Example2-Changing_Refresh_Rate/EmotiBit_Example2-Changing_Refresh_Rate.ino:27:30: error: &#39;EE_MEAS2&#39; was not declared in this scope
  myTempSensor.readRegister16(EE_MEAS2, read_meas2);
                              ^~~~~~~~
/home/ec2-user/arduino-testlib/cli-datadir/user/libraries/EmotiBit_MLX90632/examples/EmotiBit_Example2-Changing_Refresh_Rate/EmotiBit_Example2-Changing_Refresh_Rate.ino:27:30: note: suggested alternative: &#39;EE_Ab&#39;
  myTempSensor.readRegister16(EE_MEAS2, read_meas2);
                              ^~~~~~~~
                              EE_Ab
/home/ec2-user/arduino-testlib/cli-datadir/user/libraries/EmotiBit_MLX90632/examples/EmotiBit_Example2-Changing_Refresh_Rate/EmotiBit_Example2-Changing_Refresh_Rate.ino:33:15: error: &#39;class MLX90632&#39; has no member named &#39;setMeasurementRate&#39;
  myTempSensor.setMeasurementRate(8);
               ^~~~~~~~~~~~~~~~~~
Multiple libraries were found for &#34;SparkFun_MLX90632_Arduino_Library.h&#34;
  Used: /home/ec2-user/arduino-testlib/cli-datadir/user/libraries/SparkFun_MLX90632_Noncontact_Infrared_Temperature_Sensor
  Not used: /home/ec2-user/arduino-testlib/cli-datadir/user/libraries/EmotiBit_MLX90632
</pre>
					
					<h4>examples/EmotiBit_Example3-Continuous_Reading</h4>
					<p>
						Result: <b>FAIL</b>
					</p>
					<pre class="pre-scrollable">/home/ec2-user/arduino-testlib/cli-datadir/user/libraries/EmotiBit_MLX90632/examples/EmotiBit_Example3-Continuous_Reading/EmotiBit_Example3-Continuous_Reading.ino:13:17: error: &#39;sercom1&#39; was not declared in this scope
 TwoWire myWire(&amp;sercom1, 11, 13);
                 ^~~~~~~
/home/ec2-user/arduino-testlib/cli-datadir/user/libraries/EmotiBit_MLX90632/examples/EmotiBit_Example3-Continuous_Reading/EmotiBit_Example3-Continuous_Reading.ino:13:17: note: suggested alternative: &#39;strcoll&#39;
 TwoWire myWire(&amp;sercom1, 11, 13);
                 ^~~~~~~
                 strcoll
/home/ec2-user/arduino-testlib/cli-datadir/user/libraries/EmotiBit_MLX90632/examples/EmotiBit_Example3-Continuous_Reading/EmotiBit_Example3-Continuous_Reading.ino: In function &#39;void setup()&#39;:
/home/ec2-user/arduino-testlib/cli-datadir/user/libraries/EmotiBit_MLX90632/examples/EmotiBit_Example3-Continuous_Reading/EmotiBit_Example3-Continuous_Reading.ino:27:20: error: &#39;PIO_SERCOM&#39; was not declared in this scope
  pinPeripheral(11, PIO_SERCOM);
                    ^~~~~~~~~~
/home/ec2-user/arduino-testlib/cli-datadir/user/libraries/EmotiBit_MLX90632/examples/EmotiBit_Example3-Continuous_Reading/EmotiBit_Example3-Continuous_Reading.ino:27:2: error: &#39;pinPeripheral&#39; was not declared in this scope
  pinPeripheral(11, PIO_SERCOM);
  ^~~~~~~~~~~~~
/home/ec2-user/arduino-testlib/cli-datadir/user/libraries/EmotiBit_MLX90632/examples/EmotiBit_Example3-Continuous_Reading/EmotiBit_Example3-Continuous_Reading.ino:57:30: error: &#39;EE_MEAS1&#39; was not declared in this scope
  myTempSensor.readRegister16(EE_MEAS1, valueInMemory);
                              ^~~~~~~~
/home/ec2-user/arduino-testlib/cli-datadir/user/libraries/EmotiBit_MLX90632/examples/EmotiBit_Example3-Continuous_Reading/EmotiBit_Example3-Continuous_Reading.ino:57:30: note: suggested alternative: &#39;EE_Ab&#39;
  myTempSensor.readRegister16(EE_MEAS1, valueInMemory);
                              ^~~~~~~~
                              EE_Ab
/home/ec2-user/arduino-testlib/cli-datadir/user/libraries/EmotiBit_MLX90632/examples/EmotiBit_Example3-Continuous_Reading/EmotiBit_Example3-Continuous_Reading.ino:61:30: error: &#39;EE_MEAS2&#39; was not declared in this scope
  myTempSensor.readRegister16(EE_MEAS2, valueInMemory);
                              ^~~~~~~~
/home/ec2-user/arduino-testlib/cli-datadir/user/libraries/EmotiBit_MLX90632/examples/EmotiBit_Example3-Continuous_Reading/EmotiBit_Example3-Continuous_Reading.ino:61:30: note: suggested alternative: &#39;EE_Ab&#39;
  myTempSensor.readRegister16(EE_MEAS2, valueInMemory);
                              ^~~~~~~~
                              EE_Ab
/home/ec2-user/arduino-testlib/cli-datadir/user/libraries/EmotiBit_MLX90632/examples/EmotiBit_Example3-Continuous_Reading/EmotiBit_Example3-Continuous_Reading.ino: In function &#39;void loop()&#39;:
/home/ec2-user/arduino-testlib/cli-datadir/user/libraries/EmotiBit_MLX90632/examples/EmotiBit_Example3-Continuous_Reading/EmotiBit_Example3-Continuous_Reading.ino:82:31: error: &#39;SENSOR_NO_NEW_DATA&#39; is not a member of &#39;MLX90632::status&#39;
  myStatus = MLX90632::status::SENSOR_NO_NEW_DATA;
                               ^~~~~~~~~~~~~~~~~~
/home/ec2-user/arduino-testlib/cli-datadir/user/libraries/EmotiBit_MLX90632/examples/EmotiBit_Example3-Continuous_Reading/EmotiBit_Example3-Continuous_Reading.ino:87:29: error: &#39;class MLX90632&#39; has no member named &#39;end_getObjectTemp&#39;; did you mean &#39;getObjectTemp&#39;?
   objectTemp = myTempSensor.end_getObjectTemp(myStatus); //Get the temperature of the object we&#39;re looking at in C
                             ^~~~~~~~~~~~~~~~~
                             getObjectTemp
Multiple libraries were found for &#34;SparkFun_MLX90632_Arduino_Library.h&#34;
  Used: /home/ec2-user/arduino-testlib/cli-datadir/user/libraries/SparkFun_MLX90632_Noncontact_Infrared_Temperature_Sensor
  Not used: /home/ec2-user/arduino-testlib/cli-datadir/user/libraries/EmotiBit_MLX90632
</pre>
					
					<h4>examples/Example3-BeginOptions</h4>
					<p>
						Result: <b>FAIL</b>
					</p>
					<pre class="pre-scrollable">/home/ec2-user/arduino-testlib/cli-datadir/user/libraries/EmotiBit_MLX90632/examples/Example3-BeginOptions/Example3-BeginOptions.ino: In function &#39;void setup()&#39;:
/home/ec2-user/arduino-testlib/cli-datadir/user/libraries/EmotiBit_MLX90632/examples/Example3-BeginOptions/Example3-BeginOptions.ino:32:3: error: &#39;Wire1&#39; was not declared in this scope
   Wire1.begin();
   ^~~~~
/home/ec2-user/arduino-testlib/cli-datadir/user/libraries/EmotiBit_MLX90632/examples/Example3-BeginOptions/Example3-BeginOptions.ino:32:3: note: suggested alternative: &#39;Wire&#39;
   Wire1.begin();
   ^~~~~
   Wire
Multiple libraries were found for &#34;SparkFun_MLX90632_Arduino_Library.h&#34;
  Used: /home/ec2-user/arduino-testlib/cli-datadir/user/libraries/SparkFun_MLX90632_Noncontact_Infrared_Temperature_Sensor
  Not used: /home/ec2-user/arduino-testlib/cli-datadir/user/libraries/EmotiBit_MLX90632
</pre>
					
					<h4>examples/Example4-DebugPrinting</h4>
					<p>
						Result: <b>PASS</b>
					</p>
					<pre class="pre-scrollable">Sketch uses 13283 bytes (27%) of program storage space. Maximum is 49152 bytes.
Global variables use 546 bytes (8%) of dynamic memory, leaving 5598 bytes for local variables. Maximum is 6144 bytes.
In file included from /home/ec2-user/arduino-testlib/cli-datadir/user/libraries/SparkFun_MLX90632_Noncontact_Infrared_Temperature_Sensor/src/SparkFun_MLX90632_Arduino_Library.h:36:0,
                 from /home/ec2-user/arduino-testlib/cli-datadir/user/libraries/SparkFun_MLX90632_Noncontact_Infrared_Temperature_Sensor/src/SparkFun_MLX90632_Arduino_Library.cpp:55:
/home/ec2-user/arduino-testlib/cli-datadir/data/packages/arduino/hardware/megaavr/1.8.7/libraries/Wire/src/Wire.h: In member function &#39;MLX90632::status MLX90632::readRegister16(uint16_t, uint16_t&amp;)&#39;:
/home/ec2-user/arduino-testlib/cli-datadir/data/packages/arduino/hardware/megaavr/1.8.7/libraries/Wire/src/Wire.h:63:12: note: candidate 1: size_t TwoWire::requestFrom(int, int)
     size_t requestFrom(int, int);
            ^~~~~~~~~~~
/home/ec2-user/arduino-testlib/cli-datadir/data/packages/arduino/hardware/megaavr/1.8.7/libraries/Wire/src/Wire.h:61:12: note: candidate 2: virtual size_t TwoWire::requestFrom(uint8_t, size_t)
     size_t requestFrom(uint8_t, size_t);
            ^~~~~~~~~~~
/home/ec2-user/arduino-testlib/cli-datadir/data/packages/arduino/hardware/megaavr/1.8.7/libraries/Wire/src/Wire.h: In member function &#39;MLX90632::status MLX90632::readRegister32(uint16_t, uint32_t&amp;)&#39;:
/home/ec2-user/arduino-testlib/cli-datadir/data/packages/arduino/hardware/megaavr/1.8.7/libraries/Wire/src/Wire.h:63:12: note: candidate 1: size_t TwoWire::requestFrom(int, int)
     size_t requestFrom(int, int);
            ^~~~~~~~~~~
/home/ec2-user/arduino-testlib/cli-datadir/data/packages/arduino/hardware/megaavr/1.8.7/libraries/Wire/src/Wire.h:61:12: note: candidate 2: virtual size_t TwoWire::requestFrom(uint8_t, size_t)
     size_t requestFrom(uint8_t, size_t);
            ^~~~~~~~~~~
</pre>
					
					<h4>examples/Example5-EEPROMWriting</h4>
					<p>
						Result: <b>PASS</b>
					</p>
					<pre class="pre-scrollable">Sketch uses 10201 bytes (20%) of program storage space. Maximum is 49152 bytes.
Global variables use 542 bytes (8%) of dynamic memory, leaving 5602 bytes for local variables. Maximum is 6144 bytes.
In file included from /home/ec2-user/arduino-testlib/cli-datadir/user/libraries/SparkFun_MLX90632_Noncontact_Infrared_Temperature_Sensor/src/SparkFun_MLX90632_Arduino_Library.h:36:0,
                 from /home/ec2-user/arduino-testlib/cli-datadir/user/libraries/SparkFun_MLX90632_Noncontact_Infrared_Temperature_Sensor/src/SparkFun_MLX90632_Arduino_Library.cpp:55:
/home/ec2-user/arduino-testlib/cli-datadir/data/packages/arduino/hardware/megaavr/1.8.7/libraries/Wire/src/Wire.h: In member function &#39;MLX90632::status MLX90632::readRegister16(uint16_t, uint16_t&amp;)&#39;:
/home/ec2-user/arduino-testlib/cli-datadir/data/packages/arduino/hardware/megaavr/1.8.7/libraries/Wire/src/Wire.h:63:12: note: candidate 1: size_t TwoWire::requestFrom(int, int)
     size_t requestFrom(int, int);
            ^~~~~~~~~~~
/home/ec2-user/arduino-testlib/cli-datadir/data/packages/arduino/hardware/megaavr/1.8.7/libraries/Wire/src/Wire.h:61:12: note: candidate 2: virtual size_t TwoWire::requestFrom(uint8_t, size_t)
     size_t requestFrom(uint8_t, size_t);
            ^~~~~~~~~~~
/home/ec2-user/arduino-testlib/cli-datadir/data/packages/arduino/hardware/megaavr/1.8.7/libraries/Wire/src/Wire.h: In member function &#39;MLX90632::status MLX90632::readRegister32(uint16_t, uint32_t&amp;)&#39;:
/home/ec2-user/arduino-testlib/cli-datadir/data/packages/arduino/hardware/megaavr/1.8.7/libraries/Wire/src/Wire.h:63:12: note: candidate 1: size_t TwoWire::requestFrom(int, int)
     size_t requestFrom(int, int);
            ^~~~~~~~~~~
/home/ec2-user/arduino-testlib/cli-datadir/data/packages/arduino/hardware/megaavr/1.8.7/libraries/Wire/src/Wire.h:61:12: note: candidate 2: virtual size_t TwoWire::requestFrom(uint8_t, size_t)
     size_t requestFrom(uint8_t, size_t);
            ^~~~~~~~~~~
</pre>
					
					<h4>examples/Example9-AlgorithmTest</h4>
					<p>
						Result: <b>PASS</b>
					</p>
					<pre class="pre-scrollable">Sketch uses 6359 bytes (12%) of program storage space. Maximum is 49152 bytes.
Global variables use 177 bytes (2%) of dynamic memory, leaving 5967 bytes for local variables. Maximum is 6144 bytes.
</pre>
					
				
				<h3 id="arduino:samd:mkrwifi1010">arduino:samd:mkrwifi1010 @ 1.8.12</h3>
				<h4>Inclusion</h4>
				<p>
					Result: <b>PASS</b>
					
				</p>
				<pre class="pre-scrollable">Sketch uses 13584 bytes (5%) of program storage space. Maximum is 262144 bytes.
Global variables use 3568 bytes (10%) of dynamic memory, leaving 29200 bytes for local variables. Maximum is 32768 bytes.
</pre>

					
					<h4>examples/EmotiBit_Example1-Basic_Reading</h4>
					<p>
						Result: <b>FAIL</b>
					</p>
					<pre class="pre-scrollable">/home/ec2-user/arduino-testlib/cli-datadir/user/libraries/EmotiBit_MLX90632/examples/EmotiBit_Example1-Basic_Reading/EmotiBit_Example1-Basic_Reading.ino: In function &#39;void setup()&#39;:
/home/ec2-user/arduino-testlib/cli-datadir/user/libraries/EmotiBit_MLX90632/examples/EmotiBit_Example1-Basic_Reading/EmotiBit_Example1-Basic_Reading.ino:42:30: error: &#39;EE_MEAS1&#39; was not declared in this scope
  myTempSensor.readRegister16(EE_MEAS1, valueInMemory);
                              ^~~~~~~~
/home/ec2-user/arduino-testlib/cli-datadir/user/libraries/EmotiBit_MLX90632/examples/EmotiBit_Example1-Basic_Reading/EmotiBit_Example1-Basic_Reading.ino:42:30: note: suggested alternative: &#39;EE_Aa&#39;
  myTempSensor.readRegister16(EE_MEAS1, valueInMemory);
                              ^~~~~~~~
                              EE_Aa
/home/ec2-user/arduino-testlib/cli-datadir/user/libraries/EmotiBit_MLX90632/examples/EmotiBit_Example1-Basic_Reading/EmotiBit_Example1-Basic_Reading.ino:46:30: error: &#39;EE_MEAS2&#39; was not declared in this scope
  myTempSensor.readRegister16(EE_MEAS2, valueInMemory);
                              ^~~~~~~~
/home/ec2-user/arduino-testlib/cli-datadir/user/libraries/EmotiBit_MLX90632/examples/EmotiBit_Example1-Basic_Reading/EmotiBit_Example1-Basic_Reading.ino:46:30: note: suggested alternative: &#39;EE_Aa&#39;
  myTempSensor.readRegister16(EE_MEAS2, valueInMemory);
                              ^~~~~~~~
                              EE_Aa
Multiple libraries were found for &#34;SparkFun_MLX90632_Arduino_Library.h&#34;
  Used: /home/ec2-user/arduino-testlib/cli-datadir/user/libraries/SparkFun_MLX90632_Noncontact_Infrared_Temperature_Sensor
  Not used: /home/ec2-user/arduino-testlib/cli-datadir/user/libraries/EmotiBit_MLX90632
</pre>
					
					<h4>examples/EmotiBit_Example2-Changing_Refresh_Rate</h4>
					<p>
						Result: <b>FAIL</b>
					</p>
					<pre class="pre-scrollable">/home/ec2-user/arduino-testlib/cli-datadir/user/libraries/EmotiBit_MLX90632/examples/EmotiBit_Example2-Changing_Refresh_Rate/EmotiBit_Example2-Changing_Refresh_Rate.ino: In function &#39;void setup()&#39;:
/home/ec2-user/arduino-testlib/cli-datadir/user/libraries/EmotiBit_MLX90632/examples/EmotiBit_Example2-Changing_Refresh_Rate/EmotiBit_Example2-Changing_Refresh_Rate.ino:26:30: error: &#39;EE_MEAS1&#39; was not declared in this scope
  myTempSensor.readRegister16(EE_MEAS1, read_meas1);
                              ^~~~~~~~
/home/ec2-user/arduino-testlib/cli-datadir/user/libraries/EmotiBit_MLX90632/examples/EmotiBit_Example2-Changing_Refresh_Rate/EmotiBit_Example2-Changing_Refresh_Rate.ino:26:30: note: suggested alternative: &#39;EE_Aa&#39;
  myTempSensor.readRegister16(EE_MEAS1, read_meas1);
                              ^~~~~~~~
                              EE_Aa
/home/ec2-user/arduino-testlib/cli-datadir/user/libraries/EmotiBit_MLX90632/examples/EmotiBit_Example2-Changing_Refresh_Rate/EmotiBit_Example2-Changing_Refresh_Rate.ino:27:30: error: &#39;EE_MEAS2&#39; was not declared in this scope
  myTempSensor.readRegister16(EE_MEAS2, read_meas2);
                              ^~~~~~~~
/home/ec2-user/arduino-testlib/cli-datadir/user/libraries/EmotiBit_MLX90632/examples/EmotiBit_Example2-Changing_Refresh_Rate/EmotiBit_Example2-Changing_Refresh_Rate.ino:27:30: note: suggested alternative: &#39;EE_Aa&#39;
  myTempSensor.readRegister16(EE_MEAS2, read_meas2);
                              ^~~~~~~~
                              EE_Aa
/home/ec2-user/arduino-testlib/cli-datadir/user/libraries/EmotiBit_MLX90632/examples/EmotiBit_Example2-Changing_Refresh_Rate/EmotiBit_Example2-Changing_Refresh_Rate.ino:33:15: error: &#39;class MLX90632&#39; has no member named &#39;setMeasurementRate&#39;
  myTempSensor.setMeasurementRate(8);
               ^~~~~~~~~~~~~~~~~~
Multiple libraries were found for &#34;SparkFun_MLX90632_Arduino_Library.h&#34;
  Used: /home/ec2-user/arduino-testlib/cli-datadir/user/libraries/SparkFun_MLX90632_Noncontact_Infrared_Temperature_Sensor
  Not used: /home/ec2-user/arduino-testlib/cli-datadir/user/libraries/EmotiBit_MLX90632
</pre>
					
					<h4>examples/EmotiBit_Example3-Continuous_Reading</h4>
					<p>
						Result: <b>FAIL</b>
					</p>
					<pre class="pre-scrollable">/home/ec2-user/arduino-testlib/cli-datadir/user/libraries/EmotiBit_MLX90632/examples/EmotiBit_Example3-Continuous_Reading/EmotiBit_Example3-Continuous_Reading.ino: In function &#39;void setup()&#39;:
/home/ec2-user/arduino-testlib/cli-datadir/user/libraries/EmotiBit_MLX90632/examples/EmotiBit_Example3-Continuous_Reading/EmotiBit_Example3-Continuous_Reading.ino:57:30: error: &#39;EE_MEAS1&#39; was not declared in this scope
  myTempSensor.readRegister16(EE_MEAS1, valueInMemory);
                              ^~~~~~~~
/home/ec2-user/arduino-testlib/cli-datadir/user/libraries/EmotiBit_MLX90632/examples/EmotiBit_Example3-Continuous_Reading/EmotiBit_Example3-Continuous_Reading.ino:57:30: note: suggested alternative: &#39;EE_Aa&#39;
  myTempSensor.readRegister16(EE_MEAS1, valueInMemory);
                              ^~~~~~~~
                              EE_Aa
/home/ec2-user/arduino-testlib/cli-datadir/user/libraries/EmotiBit_MLX90632/examples/EmotiBit_Example3-Continuous_Reading/EmotiBit_Example3-Continuous_Reading.ino:61:30: error: &#39;EE_MEAS2&#39; was not declared in this scope
  myTempSensor.readRegister16(EE_MEAS2, valueInMemory);
                              ^~~~~~~~
/home/ec2-user/arduino-testlib/cli-datadir/user/libraries/EmotiBit_MLX90632/examples/EmotiBit_Example3-Continuous_Reading/EmotiBit_Example3-Continuous_Reading.ino:61:30: note: suggested alternative: &#39;EE_Aa&#39;
  myTempSensor.readRegister16(EE_MEAS2, valueInMemory);
                              ^~~~~~~~
                              EE_Aa
/home/ec2-user/arduino-testlib/cli-datadir/user/libraries/EmotiBit_MLX90632/examples/EmotiBit_Example3-Continuous_Reading/EmotiBit_Example3-Continuous_Reading.ino: In function &#39;void loop()&#39;:
/home/ec2-user/arduino-testlib/cli-datadir/user/libraries/EmotiBit_MLX90632/examples/EmotiBit_Example3-Continuous_Reading/EmotiBit_Example3-Continuous_Reading.ino:82:31: error: &#39;SENSOR_NO_NEW_DATA&#39; is not a member of &#39;MLX90632::status&#39;
  myStatus = MLX90632::status::SENSOR_NO_NEW_DATA;
                               ^~~~~~~~~~~~~~~~~~
/home/ec2-user/arduino-testlib/cli-datadir/user/libraries/EmotiBit_MLX90632/examples/EmotiBit_Example3-Continuous_Reading/EmotiBit_Example3-Continuous_Reading.ino:87:29: error: &#39;class MLX90632&#39; has no member named &#39;end_getObjectTemp&#39;; did you mean &#39;getObjectTemp&#39;?
   objectTemp = myTempSensor.end_getObjectTemp(myStatus); //Get the temperature of the object we&#39;re looking at in C
                             ^~~~~~~~~~~~~~~~~
                             getObjectTemp
Multiple libraries were found for &#34;SparkFun_MLX90632_Arduino_Library.h&#34;
  Used: /home/ec2-user/arduino-testlib/cli-datadir/user/libraries/SparkFun_MLX90632_Noncontact_Infrared_Temperature_Sensor
  Not used: /home/ec2-user/arduino-testlib/cli-datadir/user/libraries/EmotiBit_MLX90632
</pre>
					
					<h4>examples/Example3-BeginOptions</h4>
					<p>
						Result: <b>FAIL</b>
					</p>
					<pre class="pre-scrollable">/home/ec2-user/arduino-testlib/cli-datadir/user/libraries/EmotiBit_MLX90632/examples/Example3-BeginOptions/Example3-BeginOptions.ino: In function &#39;void setup()&#39;:
/home/ec2-user/arduino-testlib/cli-datadir/user/libraries/EmotiBit_MLX90632/examples/Example3-BeginOptions/Example3-BeginOptions.ino:32:3: error: &#39;Wire1&#39; was not declared in this scope
   Wire1.begin();
   ^~~~~
/home/ec2-user/arduino-testlib/cli-datadir/user/libraries/EmotiBit_MLX90632/examples/Example3-BeginOptions/Example3-BeginOptions.ino:32:3: note: suggested alternative: &#39;Wire&#39;
   Wire1.begin();
   ^~~~~
   Wire
Multiple libraries were found for &#34;SparkFun_MLX90632_Arduino_Library.h&#34;
  Used: /home/ec2-user/arduino-testlib/cli-datadir/user/libraries/SparkFun_MLX90632_Noncontact_Infrared_Temperature_Sensor
  Not used: /home/ec2-user/arduino-testlib/cli-datadir/user/libraries/EmotiBit_MLX90632
</pre>
					
					<h4>examples/Example4-DebugPrinting</h4>
					<p>
						Result: <b>PASS</b>
					</p>
					<pre class="pre-scrollable">Sketch uses 31804 bytes (12%) of program storage space. Maximum is 262144 bytes.
Global variables use 3720 bytes (11%) of dynamic memory, leaving 29048 bytes for local variables. Maximum is 32768 bytes.
</pre>
					
					<h4>examples/Example5-EEPROMWriting</h4>
					<p>
						Result: <b>PASS</b>
					</p>
					<pre class="pre-scrollable">Sketch uses 24092 bytes (9%) of program storage space. Maximum is 262144 bytes.
Global variables use 3688 bytes (11%) of dynamic memory, leaving 29080 bytes for local variables. Maximum is 32768 bytes.
</pre>
					
					<h4>examples/Example9-AlgorithmTest</h4>
					<p>
						Result: <b>PASS</b>
					</p>
					<pre class="pre-scrollable">Sketch uses 26068 bytes (9%) of program storage space. Maximum is 262144 bytes.
Global variables use 2996 bytes (9%) of dynamic memory, leaving 29772 bytes for local variables. Maximum is 32768 bytes.
</pre>
					
				
				<h3 id="esp32:esp32:d1_mini32">esp32:esp32:d1_mini32 @ 1.0.6</h3>
				<h4>Inclusion</h4>
				<p>
					Result: <b>PASS</b>
					
				</p>
				<pre class="pre-scrollable">Sketch uses 204574 bytes (15%) of program storage space. Maximum is 1310720 bytes.
Global variables use 13968 bytes (4%) of dynamic memory, leaving 313712 bytes for local variables. Maximum is 327680 bytes.
</pre>

					
					<h4>examples/EmotiBit_Example1-Basic_Reading</h4>
					<p>
						Result: <b>FAIL</b>
					</p>
					<pre class="pre-scrollable">/home/ec2-user/arduino-testlib/cli-datadir/user/libraries/EmotiBit_MLX90632/examples/EmotiBit_Example1-Basic_Reading/EmotiBit_Example1-Basic_Reading.ino:13:17: error: &#39;sercom1&#39; was not declared in this scope
 TwoWire myWire(&amp;sercom1, 11, 13);
                 ^
/home/ec2-user/arduino-testlib/cli-datadir/user/libraries/EmotiBit_MLX90632/examples/EmotiBit_Example1-Basic_Reading/EmotiBit_Example1-Basic_Reading.ino: In function &#39;void setup()&#39;:
/home/ec2-user/arduino-testlib/cli-datadir/user/libraries/EmotiBit_MLX90632/examples/EmotiBit_Example1-Basic_Reading/EmotiBit_Example1-Basic_Reading.ino:27:20: error: &#39;PIO_SERCOM&#39; was not declared in this scope
  pinPeripheral(11, PIO_SERCOM);
                    ^
/home/ec2-user/arduino-testlib/cli-datadir/user/libraries/EmotiBit_MLX90632/examples/EmotiBit_Example1-Basic_Reading/EmotiBit_Example1-Basic_Reading.ino:27:30: error: &#39;pinPeripheral&#39; was not declared in this scope
  pinPeripheral(11, PIO_SERCOM);
                              ^
/home/ec2-user/arduino-testlib/cli-datadir/user/libraries/EmotiBit_MLX90632/examples/EmotiBit_Example1-Basic_Reading/EmotiBit_Example1-Basic_Reading.ino:42:30: error: &#39;EE_MEAS1&#39; was not declared in this scope
  myTempSensor.readRegister16(EE_MEAS1, valueInMemory);
                              ^
/home/ec2-user/arduino-testlib/cli-datadir/user/libraries/EmotiBit_MLX90632/examples/EmotiBit_Example1-Basic_Reading/EmotiBit_Example1-Basic_Reading.ino:46:30: error: &#39;EE_MEAS2&#39; was not declared in this scope
  myTempSensor.readRegister16(EE_MEAS2, valueInMemory);
                              ^
Multiple libraries were found for &#34;SparkFun_MLX90632_Arduino_Library.h&#34;
  Used: /home/ec2-user/arduino-testlib/cli-datadir/user/libraries/SparkFun_MLX90632_Noncontact_Infrared_Temperature_Sensor
  Not used: /home/ec2-user/arduino-testlib/cli-datadir/user/libraries/EmotiBit_MLX90632
</pre>
					
					<h4>examples/EmotiBit_Example2-Changing_Refresh_Rate</h4>
					<p>
						Result: <b>FAIL</b>
					</p>
					<pre class="pre-scrollable">/home/ec2-user/arduino-testlib/cli-datadir/user/libraries/EmotiBit_MLX90632/examples/EmotiBit_Example2-Changing_Refresh_Rate/EmotiBit_Example2-Changing_Refresh_Rate.ino:7:17: error: &#39;sercom1&#39; was not declared in this scope
 TwoWire myWire(&amp;sercom1, 11, 13);
                 ^
/home/ec2-user/arduino-testlib/cli-datadir/user/libraries/EmotiBit_MLX90632/examples/EmotiBit_Example2-Changing_Refresh_Rate/EmotiBit_Example2-Changing_Refresh_Rate.ino: In function &#39;void setup()&#39;:
/home/ec2-user/arduino-testlib/cli-datadir/user/libraries/EmotiBit_MLX90632/examples/EmotiBit_Example2-Changing_Refresh_Rate/EmotiBit_Example2-Changing_Refresh_Rate.ino:16:20: error: &#39;PIO_SERCOM&#39; was not declared in this scope
  pinPeripheral(11, PIO_SERCOM);
                    ^
/home/ec2-user/arduino-testlib/cli-datadir/user/libraries/EmotiBit_MLX90632/examples/EmotiBit_Example2-Changing_Refresh_Rate/EmotiBit_Example2-Changing_Refresh_Rate.ino:16:30: error: &#39;pinPeripheral&#39; was not declared in this scope
  pinPeripheral(11, PIO_SERCOM);
                              ^
/home/ec2-user/arduino-testlib/cli-datadir/user/libraries/EmotiBit_MLX90632/examples/EmotiBit_Example2-Changing_Refresh_Rate/EmotiBit_Example2-Changing_Refresh_Rate.ino:26:30: error: &#39;EE_MEAS1&#39; was not declared in this scope
  myTempSensor.readRegister16(EE_MEAS1, read_meas1);
                              ^
/home/ec2-user/arduino-testlib/cli-datadir/user/libraries/EmotiBit_MLX90632/examples/EmotiBit_Example2-Changing_Refresh_Rate/EmotiBit_Example2-Changing_Refresh_Rate.ino:27:30: error: &#39;EE_MEAS2&#39; was not declared in this scope
  myTempSensor.readRegister16(EE_MEAS2, read_meas2);
                              ^
/home/ec2-user/arduino-testlib/cli-datadir/user/libraries/EmotiBit_MLX90632/examples/EmotiBit_Example2-Changing_Refresh_Rate/EmotiBit_Example2-Changing_Refresh_Rate.ino:33:15: error: &#39;class MLX90632&#39; has no member named &#39;setMeasurementRate&#39;
  myTempSensor.setMeasurementRate(8);
               ^
Multiple libraries were found for &#34;SparkFun_MLX90632_Arduino_Library.h&#34;
  Used: /home/ec2-user/arduino-testlib/cli-datadir/user/libraries/SparkFun_MLX90632_Noncontact_Infrared_Temperature_Sensor
  Not used: /home/ec2-user/arduino-testlib/cli-datadir/user/libraries/EmotiBit_MLX90632
</pre>
					
					<h4>examples/EmotiBit_Example3-Continuous_Reading</h4>
					<p>
						Result: <b>FAIL</b>
					</p>
					<pre class="pre-scrollable">/home/ec2-user/arduino-testlib/cli-datadir/user/libraries/EmotiBit_MLX90632/examples/EmotiBit_Example3-Continuous_Reading/EmotiBit_Example3-Continuous_Reading.ino:13:17: error: &#39;sercom1&#39; was not declared in this scope
 TwoWire myWire(&amp;sercom1, 11, 13);
                 ^
/home/ec2-user/arduino-testlib/cli-datadir/user/libraries/EmotiBit_MLX90632/examples/EmotiBit_Example3-Continuous_Reading/EmotiBit_Example3-Continuous_Reading.ino: In function &#39;void setup()&#39;:
/home/ec2-user/arduino-testlib/cli-datadir/user/libraries/EmotiBit_MLX90632/examples/EmotiBit_Example3-Continuous_Reading/EmotiBit_Example3-Continuous_Reading.ino:27:20: error: &#39;PIO_SERCOM&#39; was not declared in this scope
  pinPeripheral(11, PIO_SERCOM);
                    ^
/home/ec2-user/arduino-testlib/cli-datadir/user/libraries/EmotiBit_MLX90632/examples/EmotiBit_Example3-Continuous_Reading/EmotiBit_Example3-Continuous_Reading.ino:27:30: error: &#39;pinPeripheral&#39; was not declared in this scope
  pinPeripheral(11, PIO_SERCOM);
                              ^
/home/ec2-user/arduino-testlib/cli-datadir/user/libraries/EmotiBit_MLX90632/examples/EmotiBit_Example3-Continuous_Reading/EmotiBit_Example3-Continuous_Reading.ino:57:30: error: &#39;EE_MEAS1&#39; was not declared in this scope
  myTempSensor.readRegister16(EE_MEAS1, valueInMemory);
                              ^
/home/ec2-user/arduino-testlib/cli-datadir/user/libraries/EmotiBit_MLX90632/examples/EmotiBit_Example3-Continuous_Reading/EmotiBit_Example3-Continuous_Reading.ino:61:30: error: &#39;EE_MEAS2&#39; was not declared in this scope
  myTempSensor.readRegister16(EE_MEAS2, valueInMemory);
                              ^
/home/ec2-user/arduino-testlib/cli-datadir/user/libraries/EmotiBit_MLX90632/examples/EmotiBit_Example3-Continuous_Reading/EmotiBit_Example3-Continuous_Reading.ino: In function &#39;void loop()&#39;:
/home/ec2-user/arduino-testlib/cli-datadir/user/libraries/EmotiBit_MLX90632/examples/EmotiBit_Example3-Continuous_Reading/EmotiBit_Example3-Continuous_Reading.ino:82:13: error: &#39;SENSOR_NO_NEW_DATA&#39; is not a member of &#39;MLX90632::status&#39;
  myStatus = MLX90632::status::SENSOR_NO_NEW_DATA;
             ^
/home/ec2-user/arduino-testlib/cli-datadir/user/libraries/EmotiBit_MLX90632/examples/EmotiBit_Example3-Continuous_Reading/EmotiBit_Example3-Continuous_Reading.ino:87:29: error: &#39;class MLX90632&#39; has no member named &#39;end_getObjectTemp&#39;
   objectTemp = myTempSensor.end_getObjectTemp(myStatus); //Get the temperature of the object we&#39;re looking at in C
                             ^
Multiple libraries were found for &#34;SparkFun_MLX90632_Arduino_Library.h&#34;
  Used: /home/ec2-user/arduino-testlib/cli-datadir/user/libraries/SparkFun_MLX90632_Noncontact_Infrared_Temperature_Sensor
  Not used: /home/ec2-user/arduino-testlib/cli-datadir/user/libraries/EmotiBit_MLX90632
</pre>
					
					<h4>examples/Example3-BeginOptions</h4>
					<p>
						Result: <b>PASS</b>
					</p>
					<pre class="pre-scrollable">Sketch uses 223602 bytes (17%) of program storage space. Maximum is 1310720 bytes.
Global variables use 14288 bytes (4%) of dynamic memory, leaving 313392 bytes for local variables. Maximum is 327680 bytes.
</pre>
					
					<h4>examples/Example4-DebugPrinting</h4>
					<p>
						Result: <b>PASS</b>
					</p>
					<pre class="pre-scrollable">Sketch uses 223410 bytes (17%) of program storage space. Maximum is 1310720 bytes.
Global variables use 14288 bytes (4%) of dynamic memory, leaving 313392 bytes for local variables. Maximum is 327680 bytes.
</pre>
					
					<h4>examples/Example5-EEPROMWriting</h4>
					<p>
						Result: <b>PASS</b>
					</p>
					<pre class="pre-scrollable">Sketch uses 216906 bytes (16%) of program storage space. Maximum is 1310720 bytes.
Global variables use 14256 bytes (4%) of dynamic memory, leaving 313424 bytes for local variables. Maximum is 327680 bytes.
</pre>
					
					<h4>examples/Example9-AlgorithmTest</h4>
					<p>
						Result: <b>PASS</b>
					</p>
					<pre class="pre-scrollable">Sketch uses 211038 bytes (16%) of program storage space. Maximum is 1310720 bytes.
Global variables use 13416 bytes (4%) of dynamic memory, leaving 314264 bytes for local variables. Maximum is 327680 bytes.
</pre>
					
				
			</div>
		</div>
	</div>
  </body>
</html>
