
<!doctype html>
<html lang="en">
  <head>
    <meta charset="utf-8">
    <meta name="viewport" content="width=device-width, initial-scale=1">
    <link href="https://cdn.jsdelivr.net/npm/bootstrap@5.0.2/dist/css/bootstrap.min.css" rel="stylesheet" integrity="sha384-EVSTQN3/azprG1Anm3QDgpJLIm9Nao0Yz1ztcQTwFspd3yD65VohhpuuCOmLASjC" crossorigin="anonymous">
    <title>arduino-testlib report</title>
	<style>
	.pass { background-color: #00FF00 !important; }
	.fail { background-color: #FF0000 !important; }
	</style>
  </head>
  <body>
	<div class="container">
		<div class="row">
			<div class="col">
				<h1>EnviroDIY_DS3231 - compatibility matrix</h1>
				<p>
					<small>This report was generated on Wednesday, 23-Feb-22 22:48:15 CET using 
					<a href="https://github.com/alranel/arduino-testlib">arduino-testlib</a>.</small>
				</p>

				<h2>EnviroDIY_DS3231</h2>
				<p>
					Version: <b>1.3.5</b>
					<br />
					<a href="https://www.arduino.cc/reference/en/libraries/envirodiy_ds3231/">More details</a>
				</p>

				<h2>Compatibility matrix</h2>
				<table class="table table-bordered">
					<tr>
						<th>Board</th>
						<th>Claims compatibility</th>
						<th>Inclusion</th>
						
						<th><pre>temperature</pre></th>
						
						<th><pre>PCsync</pre></th>
						
						<th><pre>adjust</pre></th>
						
						<th><pre>interrupts</pre></th>
						
						<th><pre>now</pre></th>
						
					</tr>
					
					<tr>
						<td>
							<a href="#arduino%3aavr%3auno"><b>arduino:avr:uno</b></a>
							<br />
							<small>1.8.4</small>
						</td>

						
						
						
							<td>Yes ⚠️</td>
							<td class="fail">FAIL</td>
						
						

						
							
								
									
										
									
										
									
										
									
										
									
										
											
											<td class="fail">FAIL</td>
										
									
								
							
								
							
								
							
								
							
								
							
						
							
								
									
										
											
											<td class="fail">FAIL</td>
										
									
										
									
										
									
										
									
										
									
								
							
								
							
								
							
								
							
								
							
						
							
								
									
										
									
										
											
											<td class="fail">FAIL</td>
										
									
										
									
										
									
										
									
								
							
								
							
								
							
								
							
								
							
						
							
								
									
										
									
										
									
										
											
											<td class="fail">FAIL</td>
										
									
										
									
										
									
								
							
								
							
								
							
								
							
								
							
						
							
								
									
										
									
										
									
										
									
										
											
											<td class="fail">FAIL</td>
										
									
										
									
								
							
								
							
								
							
								
							
								
							
						
					</tr>
					
					<tr>
						<td>
							<a href="#arduino%3ambed_nano%3ananorp2040connect"><b>arduino:mbed_nano:nanorp2040connect</b></a>
							<br />
							<small>2.7.2</small>
						</td>

						
							<td>Yes</td>
							<td class="pass">PASS</td>
						
						
						
						

						
							
								
							
								
									
										
									
										
									
										
									
										
									
										
											<td class="pass">PASS</td>
											
										
									
								
							
								
							
								
							
								
							
						
							
								
							
								
									
										
											<td class="pass">PASS</td>
											
										
									
										
									
										
									
										
									
										
									
								
							
								
							
								
							
								
							
						
							
								
							
								
									
										
									
										
											
											<td class="fail">FAIL</td>
										
									
										
									
										
									
										
									
								
							
								
							
								
							
								
							
						
							
								
							
								
									
										
									
										
									
										
											
											<td class="fail">FAIL</td>
										
									
										
									
										
									
								
							
								
							
								
							
								
							
						
							
								
							
								
									
										
									
										
									
										
									
										
											<td class="pass">PASS</td>
											
										
									
										
									
								
							
								
							
								
							
								
							
						
					</tr>
					
					<tr>
						<td>
							<a href="#arduino%3amegaavr%3anona4809"><b>arduino:megaavr:nona4809</b></a>
							<br />
							<small>1.8.7</small>
						</td>

						
							<td>Yes</td>
							<td class="pass">PASS</td>
						
						
						
						

						
							
								
							
								
							
								
									
										
									
										
									
										
									
										
									
										
											<td class="pass">PASS</td>
											
										
									
								
							
								
							
								
							
						
							
								
							
								
							
								
									
										
											<td class="pass">PASS</td>
											
										
									
										
									
										
									
										
									
										
									
								
							
								
							
								
							
						
							
								
							
								
							
								
									
										
									
										
											<td class="pass">PASS</td>
											
										
									
										
									
										
									
										
									
								
							
								
							
								
							
						
							
								
							
								
							
								
									
										
									
										
									
										
											
											<td class="fail">FAIL</td>
										
									
										
									
										
									
								
							
								
							
								
							
						
							
								
							
								
							
								
									
										
									
										
									
										
									
										
											<td class="pass">PASS</td>
											
										
									
										
									
								
							
								
							
								
							
						
					</tr>
					
					<tr>
						<td>
							<a href="#arduino%3asamd%3amkrwifi1010"><b>arduino:samd:mkrwifi1010</b></a>
							<br />
							<small>1.8.12</small>
						</td>

						
						
						
							<td>Yes ⚠️</td>
							<td class="fail">FAIL</td>
						
						

						
							
								
							
								
							
								
							
								
									
										
									
										
									
										
									
										
									
										
											
											<td class="fail">FAIL</td>
										
									
								
							
								
							
						
							
								
							
								
							
								
							
								
									
										
											
											<td class="fail">FAIL</td>
										
									
										
									
										
									
										
									
										
									
								
							
								
							
						
							
								
							
								
							
								
							
								
									
										
									
										
											
											<td class="fail">FAIL</td>
										
									
										
									
										
									
										
									
								
							
								
							
						
							
								
							
								
							
								
							
								
									
										
									
										
									
										
											
											<td class="fail">FAIL</td>
										
									
										
									
										
									
								
							
								
							
						
							
								
							
								
							
								
							
								
									
										
									
										
									
										
									
										
											
											<td class="fail">FAIL</td>
										
									
										
									
								
							
								
							
						
					</tr>
					
					<tr>
						<td>
							<a href="#esp32%3aesp32%3ad1_mini32"><b>esp32:esp32:d1_mini32</b></a>
							<br />
							<small>1.0.6</small>
						</td>

						
						
						
							<td>Yes ⚠️</td>
							<td class="fail">FAIL</td>
						
						

						
							
								
							
								
							
								
							
								
							
								
									
										
									
										
									
										
									
										
									
										
											
											<td class="fail">FAIL</td>
										
									
								
							
						
							
								
							
								
							
								
							
								
							
								
									
										
											
											<td class="fail">FAIL</td>
										
									
										
									
										
									
										
									
										
									
								
							
						
							
								
							
								
							
								
							
								
							
								
									
										
									
										
											
											<td class="fail">FAIL</td>
										
									
										
									
										
									
										
									
								
							
						
							
								
							
								
							
								
							
								
							
								
									
										
									
										
									
										
											
											<td class="fail">FAIL</td>
										
									
										
									
										
									
								
							
						
							
								
							
								
							
								
							
								
							
								
									
										
									
										
									
										
									
										
											
											<td class="fail">FAIL</td>
										
									
										
									
								
							
						
					</tr>
					
				</table>

				<h2>Compilation logs</h2>
				
				<h3 id="arduino:avr:uno">arduino:avr:uno @ 1.8.4</h3>
				<h4>Inclusion</h4>
				<p>
					Result: <b>FAIL</b>
					
					<br />This library has no main header file so an empty one was created.
					
				</p>
				<pre class="pre-scrollable">&lt;built-in&gt;: fatal error: when writing output to /tmp/arduino-sketch-ED329CB45219874EE39C043C1CF27CCC/preproc/ctags_target_for_gcc_minus_e.cpp: No space left on device
compilation terminated.

</pre>

					
					<h4>examples/PCsync</h4>
					<p>
						Result: <b>FAIL</b>
					</p>
					<pre class="pre-scrollable">
</pre>
					
					<h4>examples/adjust</h4>
					<p>
						Result: <b>FAIL</b>
					</p>
					<pre class="pre-scrollable">&lt;built-in&gt;: fatal error: when writing output to /tmp/arduino-sketch-F09B74E090377F8F9E45EDA550D6A5E4/preproc/ctags_target_for_gcc_minus_e.cpp: No space left on device
compilation terminated.
Multiple libraries were found for &#34;Sodaq_DS3231.h&#34;
  Used: /home/ec2-user/arduino-testlib/cli-datadir/user/libraries/Sodaq_DS3231
  Not used: /home/ec2-user/arduino-testlib/cli-datadir/user/libraries/EnviroDIY_DS3231
</pre>
					
					<h4>examples/interrupts</h4>
					<p>
						Result: <b>FAIL</b>
					</p>
					<pre class="pre-scrollable">&lt;built-in&gt;: fatal error: when writing output to /tmp/arduino-sketch-8693BE9A03FDD1CAFAA08C16A58940F7/preproc/ctags_target_for_gcc_minus_e.cpp: No space left on device
compilation terminated.
Multiple libraries were found for &#34;Sodaq_DS3231.h&#34;
  Used: /home/ec2-user/arduino-testlib/cli-datadir/user/libraries/Sodaq_DS3231
  Not used: /home/ec2-user/arduino-testlib/cli-datadir/user/libraries/EnviroDIY_DS3231
</pre>
					
					<h4>examples/now</h4>
					<p>
						Result: <b>FAIL</b>
					</p>
					<pre class="pre-scrollable">&lt;built-in&gt;: fatal error: when writing output to /tmp/arduino-sketch-090D81D805F55FB7839BDF29088D4F8C/preproc/ctags_target_for_gcc_minus_e.cpp: No space left on device
compilation terminated.
Multiple libraries were found for &#34;Sodaq_DS3231.h&#34;
  Used: /home/ec2-user/arduino-testlib/cli-datadir/user/libraries/Sodaq_DS3231
  Not used: /home/ec2-user/arduino-testlib/cli-datadir/user/libraries/EnviroDIY_DS3231
</pre>
					
					<h4>examples/temperature</h4>
					<p>
						Result: <b>FAIL</b>
					</p>
					<pre class="pre-scrollable">&lt;built-in&gt;: fatal error: when writing output to /tmp/arduino-sketch-87ABDF750F7E08A34ACB8792ECE1E63B/preproc/ctags_target_for_gcc_minus_e.cpp: No space left on device
compilation terminated.
Multiple libraries were found for &#34;Sodaq_DS3231.h&#34;
  Used: /home/ec2-user/arduino-testlib/cli-datadir/user/libraries/Sodaq_DS3231
  Not used: /home/ec2-user/arduino-testlib/cli-datadir/user/libraries/EnviroDIY_DS3231
</pre>
					
				
				<h3 id="arduino:mbed_nano:nanorp2040connect">arduino:mbed_nano:nanorp2040connect @ 2.7.2</h3>
				<h4>Inclusion</h4>
				<p>
					Result: <b>PASS</b>
					
				</p>
				<pre class="pre-scrollable">Sketch uses 81706 bytes (0%) of program storage space. Maximum is 16777216 bytes.
Global variables use 44220 bytes (16%) of dynamic memory, leaving 226116 bytes for local variables. Maximum is 270336 bytes.
</pre>

					
					<h4>examples/PCsync</h4>
					<p>
						Result: <b>PASS</b>
					</p>
					<pre class="pre-scrollable">Sketch uses 85024 bytes (0%) of program storage space. Maximum is 16777216 bytes.
Global variables use 44452 bytes (16%) of dynamic memory, leaving 225884 bytes for local variables. Maximum is 270336 bytes.
</pre>
					
					<h4>examples/adjust</h4>
					<p>
						Result: <b>FAIL</b>
					</p>
					<pre class="pre-scrollable">/tmp/arduino-sketch-F09B74E090377F8F9E45EDA550D6A5E4/core/double_tap_usb_boot.cpp.o:/home/ec2-user/arduino-testlib/cli-datadir/data/packages/arduino/hardware/mbed_nano/2.7.2/variants/NANO_RP2040_CONNECT/double_tap_usb_boot.cpp:48: multiple definition of `dt&#39;
/tmp/arduino-sketch-F09B74E090377F8F9E45EDA550D6A5E4/sketch/adjust.ino.cpp.o:/home/ec2-user/arduino-testlib/cli-datadir/user/libraries/EnviroDIY_DS3231/examples/adjust/adjust.ino:11: first defined here
collect2: error: ld returned 1 exit status
Multiple libraries were found for &#34;Sodaq_DS3231.h&#34;
  Used: /home/ec2-user/arduino-testlib/cli-datadir/user/libraries/Sodaq_DS3231
  Not used: /home/ec2-user/arduino-testlib/cli-datadir/user/libraries/EnviroDIY_DS3231
</pre>
					
					<h4>examples/interrupts</h4>
					<p>
						Result: <b>FAIL</b>
					</p>
					<pre class="pre-scrollable">WARNING: library Sodaq_PcInt claims to run on avr architecture(s) and may be incompatible with your current board which runs on mbed_nano architecture(s).
/home/ec2-user/arduino-testlib/cli-datadir/user/libraries/EnviroDIY_DS3231/examples/interrupts/interrupts.ino: In function &#39;void setup()&#39;:
/home/ec2-user/arduino-testlib/cli-datadir/user/libraries/EnviroDIY_DS3231/examples/interrupts/interrupts.ino:38:26: error: &#39;MATCH_SECONDS&#39; was not declared in this scope
     rtc.enableInterrupts(MATCH_SECONDS, 0, 0, 0, 15);    // interrupt at (type, day/date, h,m,s)
                          ^~~~~~~~~~~~~
/home/ec2-user/arduino-testlib/cli-datadir/user/libraries/EnviroDIY_DS3231/examples/interrupts/interrupts.ino:38:26: note: suggested alternative: &#39;MATH_ERRNO&#39;
     rtc.enableInterrupts(MATCH_SECONDS, 0, 0, 0, 15);    // interrupt at (type, day/date, h,m,s)
                          ^~~~~~~~~~~~~
                          MATH_ERRNO
Multiple libraries were found for &#34;Sodaq_DS3231.h&#34;
  Used: /home/ec2-user/arduino-testlib/cli-datadir/user/libraries/Sodaq_DS3231
  Not used: /home/ec2-user/arduino-testlib/cli-datadir/user/libraries/EnviroDIY_DS3231
</pre>
					
					<h4>examples/now</h4>
					<p>
						Result: <b>PASS</b>
					</p>
					<pre class="pre-scrollable">Sketch uses 82556 bytes (0%) of program storage space. Maximum is 16777216 bytes.
Global variables use 44240 bytes (16%) of dynamic memory, leaving 226096 bytes for local variables. Maximum is 270336 bytes.
</pre>
					
					<h4>examples/temperature</h4>
					<p>
						Result: <b>PASS</b>
					</p>
					<pre class="pre-scrollable">Sketch uses 83018 bytes (0%) of program storage space. Maximum is 16777216 bytes.
Global variables use 44220 bytes (16%) of dynamic memory, leaving 226116 bytes for local variables. Maximum is 270336 bytes.
</pre>
					
				
				<h3 id="arduino:megaavr:nona4809">arduino:megaavr:nona4809 @ 1.8.7</h3>
				<h4>Inclusion</h4>
				<p>
					Result: <b>PASS</b>
					
				</p>
				<pre class="pre-scrollable">Sketch uses 3104 bytes (6%) of program storage space. Maximum is 49152 bytes.
Global variables use 317 bytes (5%) of dynamic memory, leaving 5827 bytes for local variables. Maximum is 6144 bytes.
</pre>

					
					<h4>examples/PCsync</h4>
					<p>
						Result: <b>PASS</b>
					</p>
					<pre class="pre-scrollable">Sketch uses 9928 bytes (20%) of program storage space. Maximum is 49152 bytes.
Global variables use 608 bytes (9%) of dynamic memory, leaving 5536 bytes for local variables. Maximum is 6144 bytes.
</pre>
					
					<h4>examples/adjust</h4>
					<p>
						Result: <b>PASS</b>
					</p>
					<pre class="pre-scrollable">Sketch uses 5967 bytes (12%) of program storage space. Maximum is 49152 bytes.
Global variables use 519 bytes (8%) of dynamic memory, leaving 5625 bytes for local variables. Maximum is 6144 bytes.
</pre>
					
					<h4>examples/interrupts</h4>
					<p>
						Result: <b>FAIL</b>
					</p>
					<pre class="pre-scrollable">WARNING: library Sodaq_PcInt claims to run on avr architecture(s) and may be incompatible with your current board which runs on megaavr architecture(s).
/home/ec2-user/arduino-testlib/cli-datadir/user/libraries/EnviroDIY_DS3231/examples/interrupts/interrupts.ino: In function &#39;void setup()&#39;:
/home/ec2-user/arduino-testlib/cli-datadir/user/libraries/EnviroDIY_DS3231/examples/interrupts/interrupts.ino:38:26: error: &#39;MATCH_SECONDS&#39; was not declared in this scope
     rtc.enableInterrupts(MATCH_SECONDS, 0, 0, 0, 15);    // interrupt at (type, day/date, h,m,s)
                          ^~~~~~~~~~~~~
Multiple libraries were found for &#34;Sodaq_DS3231.h&#34;
  Used: /home/ec2-user/arduino-testlib/cli-datadir/user/libraries/Sodaq_DS3231
  Not used: /home/ec2-user/arduino-testlib/cli-datadir/user/libraries/EnviroDIY_DS3231
</pre>
					
					<h4>examples/now</h4>
					<p>
						Result: <b>PASS</b>
					</p>
					<pre class="pre-scrollable">Sketch uses 5970 bytes (12%) of program storage space. Maximum is 49152 bytes.
Global variables use 516 bytes (8%) of dynamic memory, leaving 5628 bytes for local variables. Maximum is 6144 bytes.
</pre>
					
					<h4>examples/temperature</h4>
					<p>
						Result: <b>PASS</b>
					</p>
					<pre class="pre-scrollable">Sketch uses 6692 bytes (13%) of program storage space. Maximum is 49152 bytes.
Global variables use 484 bytes (7%) of dynamic memory, leaving 5660 bytes for local variables. Maximum is 6144 bytes.
</pre>
					
				
				<h3 id="arduino:samd:mkrwifi1010">arduino:samd:mkrwifi1010 @ 1.8.12</h3>
				<h4>Inclusion</h4>
				<p>
					Result: <b>FAIL</b>
					
					<br />This library has no main header file so an empty one was created.
					
				</p>
				<pre class="pre-scrollable">&lt;built-in&gt;: fatal error: when writing output to /tmp/arduino-sketch-ED329CB45219874EE39C043C1CF27CCC/preproc/ctags_target_for_gcc_minus_e.cpp: No such file or directory
compilation terminated.

</pre>

					
					<h4>examples/PCsync</h4>
					<p>
						Result: <b>FAIL</b>
					</p>
					<pre class="pre-scrollable">&lt;built-in&gt;: fatal error: when writing output to /tmp/arduino-sketch-C43275A793BECDB2AF97B768BF9591A1/preproc/ctags_target_for_gcc_minus_e.cpp: No space left on device
compilation terminated.
Multiple libraries were found for &#34;Sodaq_DS3231.h&#34;
  Used: /home/ec2-user/arduino-testlib/cli-datadir/user/libraries/Sodaq_DS3231
  Not used: /home/ec2-user/arduino-testlib/cli-datadir/user/libraries/EnviroDIY_DS3231
</pre>
					
					<h4>examples/adjust</h4>
					<p>
						Result: <b>FAIL</b>
					</p>
					<pre class="pre-scrollable">&lt;built-in&gt;: fatal error: when writing output to /tmp/arduino-sketch-F09B74E090377F8F9E45EDA550D6A5E4/preproc/ctags_target_for_gcc_minus_e.cpp: No space left on device
compilation terminated.
Multiple libraries were found for &#34;Sodaq_DS3231.h&#34;
  Used: /home/ec2-user/arduino-testlib/cli-datadir/user/libraries/Sodaq_DS3231
  Not used: /home/ec2-user/arduino-testlib/cli-datadir/user/libraries/EnviroDIY_DS3231
</pre>
					
					<h4>examples/interrupts</h4>
					<p>
						Result: <b>FAIL</b>
					</p>
					<pre class="pre-scrollable">WARNING: library Sodaq_PcInt claims to run on avr architecture(s) and may be incompatible with your current board which runs on samd architecture(s).
&lt;built-in&gt;: fatal error: when writing output to /tmp/arduino-sketch-8693BE9A03FDD1CAFAA08C16A58940F7/preproc/ctags_target_for_gcc_minus_e.cpp: No space left on device
compilation terminated.
Multiple libraries were found for &#34;Sodaq_DS3231.h&#34;
  Used: /home/ec2-user/arduino-testlib/cli-datadir/user/libraries/Sodaq_DS3231
  Not used: /home/ec2-user/arduino-testlib/cli-datadir/user/libraries/EnviroDIY_DS3231
</pre>
					
					<h4>examples/now</h4>
					<p>
						Result: <b>FAIL</b>
					</p>
					<pre class="pre-scrollable">&lt;built-in&gt;: fatal error: when writing output to /tmp/arduino-sketch-090D81D805F55FB7839BDF29088D4F8C/preproc/ctags_target_for_gcc_minus_e.cpp: No space left on device
compilation terminated.
Multiple libraries were found for &#34;Sodaq_DS3231.h&#34;
  Used: /home/ec2-user/arduino-testlib/cli-datadir/user/libraries/Sodaq_DS3231
  Not used: /home/ec2-user/arduino-testlib/cli-datadir/user/libraries/EnviroDIY_DS3231
</pre>
					
					<h4>examples/temperature</h4>
					<p>
						Result: <b>FAIL</b>
					</p>
					<pre class="pre-scrollable">&lt;built-in&gt;: fatal error: when writing output to /tmp/arduino-sketch-87ABDF750F7E08A34ACB8792ECE1E63B/preproc/ctags_target_for_gcc_minus_e.cpp: No space left on device
compilation terminated.
Multiple libraries were found for &#34;Sodaq_DS3231.h&#34;
  Used: /home/ec2-user/arduino-testlib/cli-datadir/user/libraries/Sodaq_DS3231
  Not used: /home/ec2-user/arduino-testlib/cli-datadir/user/libraries/EnviroDIY_DS3231
</pre>
					
				
				<h3 id="esp32:esp32:d1_mini32">esp32:esp32:d1_mini32 @ 1.0.6</h3>
				<h4>Inclusion</h4>
				<p>
					Result: <b>FAIL</b>
					
				</p>
				<pre class="pre-scrollable">/home/ec2-user/arduino-testlib/cli-datadir/user/libraries/EnviroDIY_DS3231/src/Sodaq_DS3231.cpp:12:26: fatal error: avr/pgmspace.h: No such file or directory
compilation terminated.

</pre>

					
					<h4>examples/PCsync</h4>
					<p>
						Result: <b>FAIL</b>
					</p>
					<pre class="pre-scrollable">/home/ec2-user/arduino-testlib/cli-datadir/user/libraries/Sodaq_DS3231/src/Sodaq_DS3231.cpp:12:26: fatal error: avr/pgmspace.h: No such file or directory
compilation terminated.
Multiple libraries were found for &#34;Sodaq_DS3231.h&#34;
  Used: /home/ec2-user/arduino-testlib/cli-datadir/user/libraries/Sodaq_DS3231
  Not used: /home/ec2-user/arduino-testlib/cli-datadir/user/libraries/EnviroDIY_DS3231
</pre>
					
					<h4>examples/adjust</h4>
					<p>
						Result: <b>FAIL</b>
					</p>
					<pre class="pre-scrollable">/home/ec2-user/arduino-testlib/cli-datadir/user/libraries/Sodaq_DS3231/src/Sodaq_DS3231.cpp:12:26: fatal error: avr/pgmspace.h: No such file or directory
compilation terminated.
Multiple libraries were found for &#34;Sodaq_DS3231.h&#34;
  Used: /home/ec2-user/arduino-testlib/cli-datadir/user/libraries/Sodaq_DS3231
  Not used: /home/ec2-user/arduino-testlib/cli-datadir/user/libraries/EnviroDIY_DS3231
</pre>
					
					<h4>examples/interrupts</h4>
					<p>
						Result: <b>FAIL</b>
					</p>
					<pre class="pre-scrollable">/home/ec2-user/arduino-testlib/cli-datadir/user/libraries/Sodaq_PcInt/src/Sodaq_PcInt.cpp:50:27: fatal error: avr/interrupt.h: No such file or directory
compilation terminated.
Multiple libraries were found for &#34;Sodaq_DS3231.h&#34;
  Used: /home/ec2-user/arduino-testlib/cli-datadir/user/libraries/Sodaq_DS3231
  Not used: /home/ec2-user/arduino-testlib/cli-datadir/user/libraries/EnviroDIY_DS3231
</pre>
					
					<h4>examples/now</h4>
					<p>
						Result: <b>FAIL</b>
					</p>
					<pre class="pre-scrollable">/home/ec2-user/arduino-testlib/cli-datadir/user/libraries/Sodaq_DS3231/src/Sodaq_DS3231.cpp:12:26: fatal error: avr/pgmspace.h: No such file or directory
compilation terminated.
Multiple libraries were found for &#34;Sodaq_DS3231.h&#34;
  Used: /home/ec2-user/arduino-testlib/cli-datadir/user/libraries/Sodaq_DS3231
  Not used: /home/ec2-user/arduino-testlib/cli-datadir/user/libraries/EnviroDIY_DS3231
</pre>
					
					<h4>examples/temperature</h4>
					<p>
						Result: <b>FAIL</b>
					</p>
					<pre class="pre-scrollable">/home/ec2-user/arduino-testlib/cli-datadir/user/libraries/Sodaq_DS3231/src/Sodaq_DS3231.cpp:12:26: fatal error: avr/pgmspace.h: No such file or directory
compilation terminated.
Multiple libraries were found for &#34;Sodaq_DS3231.h&#34;
  Used: /home/ec2-user/arduino-testlib/cli-datadir/user/libraries/Sodaq_DS3231
  Not used: /home/ec2-user/arduino-testlib/cli-datadir/user/libraries/EnviroDIY_DS3231
</pre>
					
				
			</div>
		</div>
	</div>
  </body>
</html>
