
<!doctype html>
<html lang="en">
  <head>
    <meta charset="utf-8">
    <meta name="viewport" content="width=device-width, initial-scale=1">
    <link href="https://cdn.jsdelivr.net/npm/bootstrap@5.0.2/dist/css/bootstrap.min.css" rel="stylesheet" integrity="sha384-EVSTQN3/azprG1Anm3QDgpJLIm9Nao0Yz1ztcQTwFspd3yD65VohhpuuCOmLASjC" crossorigin="anonymous">
    <title>arduino-testlib report</title>
	<style>
	.pass { background-color: #00FF00 !important; }
	.fail { background-color: #FF0000 !important; }
	</style>
  </head>
  <body>
	<div class="container">
		<div class="row">
			<div class="col">
				<h1>ERO - compatibility matrix</h1>
				<p>
					<small>This report was generated on Wednesday, 23-Feb-22 22:48:15 CET using 
					<a href="https://github.com/alranel/arduino-testlib">arduino-testlib</a>.</small>
				</p>

				<h2>ERO</h2>
				<p>
					Version: <b>1.1.0</b>
					<br />
					<a href="https://www.arduino.cc/reference/en/libraries/ero/">More details</a>
				</p>

				<h2>Compatibility matrix</h2>
				<table class="table table-bordered">
					<tr>
						<th>Board</th>
						<th>Claims compatibility</th>
						<th>Inclusion</th>
						
						<th><pre>LED_Signal</pre></th>
						
						<th><pre>Movement</pre></th>
						
						<th><pre>RC_BLE_CAR</pre></th>
						
						<th><pre>Speed_Control</pre></th>
						
						<th><pre>Template</pre></th>
						
						<th><pre>TestCode</pre></th>
						
						<th><pre>AT_COMMAND</pre></th>
						
						<th><pre>Beeper</pre></th>
						
					</tr>
					
					<tr>
						<td>
							<a href="#arduino%3aavr%3auno"><b>arduino:avr:uno</b></a>
							<br />
							<small>1.8.4</small>
						</td>

						
							<td>Yes</td>
							<td class="pass">PASS</td>
						
						
						
						

						
							
								
									
										
									
										
									
										
											<td class="pass">PASS</td>
											
										
									
										
									
										
									
										
									
										
									
										
									
								
							
								
							
								
							
								
							
								
							
						
							
								
									
										
									
										
									
										
									
										
											<td class="pass">PASS</td>
											
										
									
										
									
										
									
										
									
										
									
								
							
								
							
								
							
								
							
								
							
						
							
								
									
										
									
										
									
										
									
										
									
										
											<td class="pass">PASS</td>
											
										
									
										
									
										
									
										
									
								
							
								
							
								
							
								
							
								
							
						
							
								
									
										
									
										
									
										
									
										
									
										
									
										
											<td class="pass">PASS</td>
											
										
									
										
									
										
									
								
							
								
							
								
							
								
							
								
							
						
							
								
									
										
									
										
									
										
									
										
									
										
									
										
									
										
											
											<td class="fail">FAIL</td>
										
									
										
									
								
							
								
							
								
							
								
							
								
							
						
							
								
									
										
									
										
									
										
									
										
									
										
									
										
									
										
									
										
											<td class="pass">PASS</td>
											
										
									
								
							
								
							
								
							
								
							
								
							
						
							
								
									
										
											
											<td class="fail">FAIL</td>
										
									
										
									
										
									
										
									
										
									
										
									
										
									
										
									
								
							
								
							
								
							
								
							
								
							
						
							
								
									
										
									
										
											<td class="pass">PASS</td>
											
										
									
										
									
										
									
										
									
										
									
										
									
										
									
								
							
								
							
								
							
								
							
								
							
						
					</tr>
					
					<tr>
						<td>
							<a href="#arduino%3ambed_nano%3ananorp2040connect"><b>arduino:mbed_nano:nanorp2040connect</b></a>
							<br />
							<small>2.7.2</small>
						</td>

						
						
						
							<td>Yes ⚠️</td>
							<td class="fail">FAIL</td>
						
						

						
							
								
							
								
									
										
									
										
									
										
											
											<td class="fail">FAIL</td>
										
									
										
									
										
									
										
									
										
									
										
									
								
							
								
							
								
							
								
							
						
							
								
							
								
									
										
									
										
									
										
									
										
											
											<td class="fail">FAIL</td>
										
									
										
									
										
									
										
									
										
									
								
							
								
							
								
							
								
							
						
							
								
							
								
									
										
									
										
									
										
									
										
									
										
											
											<td class="fail">FAIL</td>
										
									
										
									
										
									
										
									
								
							
								
							
								
							
								
							
						
							
								
							
								
									
										
									
										
									
										
									
										
									
										
									
										
											
											<td class="fail">FAIL</td>
										
									
										
									
										
									
								
							
								
							
								
							
								
							
						
							
								
							
								
									
										
									
										
									
										
									
										
									
										
									
										
									
										
											
											<td class="fail">FAIL</td>
										
									
										
									
								
							
								
							
								
							
								
							
						
							
								
							
								
									
										
									
										
									
										
									
										
									
										
									
										
									
										
									
										
											
											<td class="fail">FAIL</td>
										
									
								
							
								
							
								
							
								
							
						
							
								
							
								
									
										
											
											<td class="fail">FAIL</td>
										
									
										
									
										
									
										
									
										
									
										
									
										
									
										
									
								
							
								
							
								
							
								
							
						
							
								
							
								
									
										
									
										
											
											<td class="fail">FAIL</td>
										
									
										
									
										
									
										
									
										
									
										
									
										
									
								
							
								
							
								
							
								
							
						
					</tr>
					
					<tr>
						<td>
							<a href="#arduino%3amegaavr%3anona4809"><b>arduino:megaavr:nona4809</b></a>
							<br />
							<small>1.8.7</small>
						</td>

						
							<td>Yes</td>
							<td class="pass">PASS</td>
						
						
						
						

						
							
								
							
								
							
								
									
										
									
										
									
										
											<td class="pass">PASS</td>
											
										
									
										
									
										
									
										
									
										
									
										
									
								
							
								
							
								
							
						
							
								
							
								
							
								
									
										
									
										
									
										
									
										
											<td class="pass">PASS</td>
											
										
									
										
									
										
									
										
									
										
									
								
							
								
							
								
							
						
							
								
							
								
							
								
									
										
									
										
									
										
									
										
									
										
											<td class="pass">PASS</td>
											
										
									
										
									
										
									
										
									
								
							
								
							
								
							
						
							
								
							
								
							
								
									
										
									
										
									
										
									
										
									
										
									
										
											<td class="pass">PASS</td>
											
										
									
										
									
										
									
								
							
								
							
								
							
						
							
								
							
								
							
								
									
										
									
										
									
										
									
										
									
										
									
										
									
										
											
											<td class="fail">FAIL</td>
										
									
										
									
								
							
								
							
								
							
						
							
								
							
								
							
								
									
										
									
										
									
										
									
										
									
										
									
										
									
										
									
										
											<td class="pass">PASS</td>
											
										
									
								
							
								
							
								
							
						
							
								
							
								
							
								
									
										
											
											<td class="fail">FAIL</td>
										
									
										
									
										
									
										
									
										
									
										
									
										
									
										
									
								
							
								
							
								
							
						
							
								
							
								
							
								
									
										
									
										
											<td class="pass">PASS</td>
											
										
									
										
									
										
									
										
									
										
									
										
									
										
									
								
							
								
							
								
							
						
					</tr>
					
					<tr>
						<td>
							<a href="#arduino%3asamd%3amkrwifi1010"><b>arduino:samd:mkrwifi1010</b></a>
							<br />
							<small>1.8.12</small>
						</td>

						
						
						
							<td>Yes ⚠️</td>
							<td class="fail">FAIL</td>
						
						

						
							
								
							
								
							
								
							
								
									
										
									
										
									
										
											
											<td class="fail">FAIL</td>
										
									
										
									
										
									
										
									
										
									
										
									
								
							
								
							
						
							
								
							
								
							
								
							
								
									
										
									
										
									
										
									
										
											
											<td class="fail">FAIL</td>
										
									
										
									
										
									
										
									
										
									
								
							
								
							
						
							
								
							
								
							
								
							
								
									
										
									
										
									
										
									
										
									
										
											
											<td class="fail">FAIL</td>
										
									
										
									
										
									
										
									
								
							
								
							
						
							
								
							
								
							
								
							
								
									
										
									
										
									
										
									
										
									
										
									
										
											
											<td class="fail">FAIL</td>
										
									
										
									
										
									
								
							
								
							
						
							
								
							
								
							
								
							
								
									
										
									
										
									
										
									
										
									
										
									
										
									
										
											
											<td class="fail">FAIL</td>
										
									
										
									
								
							
								
							
						
							
								
							
								
							
								
							
								
									
										
									
										
									
										
									
										
									
										
									
										
									
										
									
										
											
											<td class="fail">FAIL</td>
										
									
								
							
								
							
						
							
								
							
								
							
								
							
								
									
										
											
											<td class="fail">FAIL</td>
										
									
										
									
										
									
										
									
										
									
										
									
										
									
										
									
								
							
								
							
						
							
								
							
								
							
								
							
								
									
										
									
										
											
											<td class="fail">FAIL</td>
										
									
										
									
										
									
										
									
										
									
										
									
										
									
								
							
								
							
						
					</tr>
					
					<tr>
						<td>
							<a href="#esp32%3aesp32%3ad1_mini32"><b>esp32:esp32:d1_mini32</b></a>
							<br />
							<small>1.0.6</small>
						</td>

						
						
						
							<td>Yes ⚠️</td>
							<td class="fail">FAIL</td>
						
						

						
							
								
							
								
							
								
							
								
							
								
									
										
									
										
									
										
											
											<td class="fail">FAIL</td>
										
									
										
									
										
									
										
									
										
									
										
									
								
							
						
							
								
							
								
							
								
							
								
							
								
									
										
									
										
									
										
									
										
											
											<td class="fail">FAIL</td>
										
									
										
									
										
									
										
									
										
									
								
							
						
							
								
							
								
							
								
							
								
							
								
									
										
									
										
									
										
									
										
									
										
											
											<td class="fail">FAIL</td>
										
									
										
									
										
									
										
									
								
							
						
							
								
							
								
							
								
							
								
							
								
									
										
									
										
									
										
									
										
									
										
									
										
											
											<td class="fail">FAIL</td>
										
									
										
									
										
									
								
							
						
							
								
							
								
							
								
							
								
							
								
									
										
									
										
									
										
									
										
									
										
									
										
									
										
											
											<td class="fail">FAIL</td>
										
									
										
									
								
							
						
							
								
							
								
							
								
							
								
							
								
									
										
									
										
									
										
									
										
									
										
									
										
									
										
									
										
											
											<td class="fail">FAIL</td>
										
									
								
							
						
							
								
							
								
							
								
							
								
							
								
									
										
											
											<td class="fail">FAIL</td>
										
									
										
									
										
									
										
									
										
									
										
									
										
									
										
									
								
							
						
							
								
							
								
							
								
							
								
							
								
									
										
									
										
											
											<td class="fail">FAIL</td>
										
									
										
									
										
									
										
									
										
									
										
									
										
									
								
							
						
					</tr>
					
				</table>

				<h2>Compilation logs</h2>
				
				<h3 id="arduino:avr:uno">arduino:avr:uno @ 1.8.4</h3>
				<h4>Inclusion</h4>
				<p>
					Result: <b>PASS</b>
					
				</p>
				<pre class="pre-scrollable">Sketch uses 1390 bytes (4%) of program storage space. Maximum is 32256 bytes.
Global variables use 205 bytes (10%) of dynamic memory, leaving 1843 bytes for local variables. Maximum is 2048 bytes.
</pre>

					
					<h4>examples/AT_COMMAND</h4>
					<p>
						Result: <b>FAIL</b>
					</p>
					<pre class="pre-scrollable">/home/ec2-user/arduino-testlib/cli-datadir/user/libraries/ERO/examples/AT_COMMAND/AT_COMMAND.ino:5:50: error: no matching function for call to &#39;ERO::ERO(int [6], int [2], int, const uint8_t&amp;)&#39;
 ERO BoBot(motorPin, signalPin, BEEPER, SPEED_CTRL);
                                                  ^
In file included from /home/ec2-user/arduino-testlib/cli-datadir/user/libraries/ERO/src/ERO.h:1:0,
                 from /home/ec2-user/arduino-testlib/cli-datadir/user/libraries/ERO/examples/AT_COMMAND/AT_COMMAND.ino:1:
/home/ec2-user/arduino-testlib/cli-datadir/user/libraries/ERO/src/EROCore.h:29:5: note: candidate: ERO::ERO(PinERO*)
     ERO(PinERO *pinERO);
     ^~~
/home/ec2-user/arduino-testlib/cli-datadir/user/libraries/ERO/src/EROCore.h:29:5: note:   candidate expects 1 argument, 4 provided
/home/ec2-user/arduino-testlib/cli-datadir/user/libraries/ERO/src/EROCore.h:28:5: note: candidate: ERO::ERO()
     ERO();
     ^~~
/home/ec2-user/arduino-testlib/cli-datadir/user/libraries/ERO/src/EROCore.h:28:5: note:   candidate expects 0 arguments, 4 provided
/home/ec2-user/arduino-testlib/cli-datadir/user/libraries/ERO/src/EROCore.h:8:7: note: candidate: constexpr ERO::ERO(const ERO&amp;)
 class ERO
       ^~~
/home/ec2-user/arduino-testlib/cli-datadir/user/libraries/ERO/src/EROCore.h:8:7: note:   candidate expects 1 argument, 4 provided
/home/ec2-user/arduino-testlib/cli-datadir/user/libraries/ERO/src/EROCore.h:8:7: note: candidate: constexpr ERO::ERO(ERO&amp;&amp;)
/home/ec2-user/arduino-testlib/cli-datadir/user/libraries/ERO/src/EROCore.h:8:7: note:   candidate expects 1 argument, 4 provided
/home/ec2-user/arduino-testlib/cli-datadir/user/libraries/ERO/examples/AT_COMMAND/AT_COMMAND.ino:6:36: error: no matching function for call to &#39;EROBLE::EROBLE(int, int, GamePadModule*)&#39;
 EROBLE ble(RX_PIN, TX_PIN, &amp;GamePad);
                                    ^
In file included from /home/ec2-user/arduino-testlib/cli-datadir/user/libraries/ERO/examples/AT_COMMAND/AT_COMMAND.ino:2:0:
/home/ec2-user/arduino-testlib/cli-datadir/user/libraries/ERO/src/EROBLE.h:21:5: note: candidate: EROBLE::EROBLE(PinERO*, GamePadModule*)
     EROBLE(PinERO *pinERO, GamePadModule *GamePadAdd);
     ^~~~~~
/home/ec2-user/arduino-testlib/cli-datadir/user/libraries/ERO/src/EROBLE.h:21:5: note:   candidate expects 2 arguments, 3 provided
/home/ec2-user/arduino-testlib/cli-datadir/user/libraries/ERO/src/EROBLE.h:20:5: note: candidate: EROBLE::EROBLE()
     EROBLE();
     ^~~~~~
/home/ec2-user/arduino-testlib/cli-datadir/user/libraries/ERO/src/EROBLE.h:20:5: note:   candidate expects 0 arguments, 3 provided
/home/ec2-user/arduino-testlib/cli-datadir/user/libraries/ERO/src/EROBLE.h:9:7: note: candidate: constexpr EROBLE::EROBLE(const EROBLE&amp;)
 class EROBLE
       ^~~~~~
/home/ec2-user/arduino-testlib/cli-datadir/user/libraries/ERO/src/EROBLE.h:9:7: note:   candidate expects 1 argument, 3 provided
/home/ec2-user/arduino-testlib/cli-datadir/user/libraries/ERO/src/EROBLE.h:9:7: note: candidate: constexpr EROBLE::EROBLE(EROBLE&amp;&amp;)
/home/ec2-user/arduino-testlib/cli-datadir/user/libraries/ERO/src/EROBLE.h:9:7: note:   candidate expects 1 argument, 3 provided
Multiple libraries were found for &#34;SoftwareSerial.h&#34;
  Used: /home/ec2-user/arduino-testlib/cli-datadir/data/packages/arduino/hardware/avr/1.8.4/libraries/SoftwareSerial
  Not used: /home/ec2-user/arduino-testlib/cli-datadir/user/libraries/Printoo_Library
  Not used: /home/ec2-user/arduino-testlib/cli-datadir/user/libraries/EspSoftwareSerial
  Not used: /home/ec2-user/arduino-testlib/cli-datadir/user/libraries/Dabble
</pre>
					
					<h4>examples/Beeper</h4>
					<p>
						Result: <b>PASS</b>
					</p>
					<pre class="pre-scrollable">Sketch uses 4668 bytes (14%) of program storage space. Maximum is 32256 bytes.
Global variables use 327 bytes (15%) of dynamic memory, leaving 1721 bytes for local variables. Maximum is 2048 bytes.
</pre>
					
					<h4>examples/LED_Signal</h4>
					<p>
						Result: <b>PASS</b>
					</p>
					<pre class="pre-scrollable">Sketch uses 4944 bytes (15%) of program storage space. Maximum is 32256 bytes.
Global variables use 327 bytes (15%) of dynamic memory, leaving 1721 bytes for local variables. Maximum is 2048 bytes.
</pre>
					
					<h4>examples/Movement</h4>
					<p>
						Result: <b>PASS</b>
					</p>
					<pre class="pre-scrollable">Sketch uses 3256 bytes (10%) of program storage space. Maximum is 32256 bytes.
Global variables use 309 bytes (15%) of dynamic memory, leaving 1739 bytes for local variables. Maximum is 2048 bytes.
</pre>
					
					<h4>examples/RC_BLE_CAR</h4>
					<p>
						Result: <b>PASS</b>
					</p>
					<pre class="pre-scrollable">Sketch uses 5158 bytes (15%) of program storage space. Maximum is 32256 bytes.
Global variables use 430 bytes (20%) of dynamic memory, leaving 1618 bytes for local variables. Maximum is 2048 bytes.
</pre>
					
					<h4>examples/Speed_Control</h4>
					<p>
						Result: <b>PASS</b>
					</p>
					<pre class="pre-scrollable">Sketch uses 3380 bytes (10%) of program storage space. Maximum is 32256 bytes.
Global variables use 309 bytes (15%) of dynamic memory, leaving 1739 bytes for local variables. Maximum is 2048 bytes.
</pre>
					
					<h4>examples/Template</h4>
					<p>
						Result: <b>FAIL</b>
					</p>
					<pre class="pre-scrollable">/home/ec2-user/arduino-testlib/cli-datadir/user/libraries/ERO/examples/Template/Template.ino:4:17: error: &#39;__&#39; was not declared in this scope
 ERO __ERONAME__(__ &amp;EROHardware_);
                 ^~
/home/ec2-user/arduino-testlib/cli-datadir/user/libraries/ERO/examples/Template/Template.ino:4:21: error: &#39;EROHardware_&#39; was not declared in this scope
 ERO __ERONAME__(__ &amp;EROHardware_);
                     ^~~~~~~~~~~~
/home/ec2-user/arduino-testlib/cli-datadir/user/libraries/ERO/examples/Template/Template.ino:4:21: note: suggested alternative: &#39;EROHardware&#39;
 ERO __ERONAME__(__ &amp;EROHardware_);
                     ^~~~~~~~~~~~
                     EROHardware
/home/ec2-user/arduino-testlib/cli-datadir/user/libraries/ERO/examples/Template/Template.ino: In function &#39;void loop()&#39;:
/home/ec2-user/arduino-testlib/cli-datadir/user/libraries/ERO/examples/Template/Template.ino:15:9: error: &#39;_delayTime_&#39; was not declared in this scope
   delay(_delayTime_);
         ^~~~~~~~~~~
/home/ec2-user/arduino-testlib/cli-datadir/user/libraries/ERO/examples/Template/Template.ino:15:9: note: suggested alternative: &#39;_delay_ms&#39;
   delay(_delayTime_);
         ^~~~~~~~~~~
         _delay_ms
Multiple libraries were found for &#34;SoftwareSerial.h&#34;
  Used: /home/ec2-user/arduino-testlib/cli-datadir/data/packages/arduino/hardware/avr/1.8.4/libraries/SoftwareSerial
  Not used: /home/ec2-user/arduino-testlib/cli-datadir/user/libraries/Printoo_Library
  Not used: /home/ec2-user/arduino-testlib/cli-datadir/user/libraries/EspSoftwareSerial
  Not used: /home/ec2-user/arduino-testlib/cli-datadir/user/libraries/Dabble
</pre>
					
					<h4>examples/TestCode</h4>
					<p>
						Result: <b>PASS</b>
					</p>
					<pre class="pre-scrollable">Sketch uses 7932 bytes (24%) of program storage space. Maximum is 32256 bytes.
Global variables use 440 bytes (21%) of dynamic memory, leaving 1608 bytes for local variables. Maximum is 2048 bytes.
</pre>
					
				
				<h3 id="arduino:mbed_nano:nanorp2040connect">arduino:mbed_nano:nanorp2040connect @ 2.7.2</h3>
				<h4>Inclusion</h4>
				<p>
					Result: <b>FAIL</b>
					
				</p>
				<pre class="pre-scrollable">/home/ec2-user/arduino-testlib/cli-datadir/user/libraries/Dabble/src/SoftwareSerial.cpp:45:10: fatal error: util/delay_basic.h: No such file or directory
 #include &lt;util/delay_basic.h&gt;
          ^~~~~~~~~~~~~~~~~~~~
compilation terminated.
Multiple libraries were found for &#34;SoftwareSerial.h&#34;
  Used: /home/ec2-user/arduino-testlib/cli-datadir/user/libraries/Dabble
  Not used: /home/ec2-user/arduino-testlib/cli-datadir/user/libraries/EspSoftwareSerial
  Not used: /home/ec2-user/arduino-testlib/cli-datadir/user/libraries/Printoo_Library
</pre>

					
					<h4>examples/AT_COMMAND</h4>
					<p>
						Result: <b>FAIL</b>
					</p>
					<pre class="pre-scrollable">/home/ec2-user/arduino-testlib/cli-datadir/user/libraries/Dabble/src/SoftwareSerial.cpp:45:10: fatal error: util/delay_basic.h: No such file or directory
 #include &lt;util/delay_basic.h&gt;
          ^~~~~~~~~~~~~~~~~~~~
compilation terminated.
Multiple libraries were found for &#34;SoftwareSerial.h&#34;
  Used: /home/ec2-user/arduino-testlib/cli-datadir/user/libraries/Dabble
  Not used: /home/ec2-user/arduino-testlib/cli-datadir/user/libraries/Printoo_Library
  Not used: /home/ec2-user/arduino-testlib/cli-datadir/user/libraries/EspSoftwareSerial
</pre>
					
					<h4>examples/Beeper</h4>
					<p>
						Result: <b>FAIL</b>
					</p>
					<pre class="pre-scrollable">/home/ec2-user/arduino-testlib/cli-datadir/user/libraries/Dabble/src/SoftwareSerial.cpp:45:10: fatal error: util/delay_basic.h: No such file or directory
 #include &lt;util/delay_basic.h&gt;
          ^~~~~~~~~~~~~~~~~~~~
compilation terminated.
Multiple libraries were found for &#34;SoftwareSerial.h&#34;
  Used: /home/ec2-user/arduino-testlib/cli-datadir/user/libraries/Dabble
  Not used: /home/ec2-user/arduino-testlib/cli-datadir/user/libraries/Printoo_Library
  Not used: /home/ec2-user/arduino-testlib/cli-datadir/user/libraries/EspSoftwareSerial
</pre>
					
					<h4>examples/LED_Signal</h4>
					<p>
						Result: <b>FAIL</b>
					</p>
					<pre class="pre-scrollable">/home/ec2-user/arduino-testlib/cli-datadir/user/libraries/Dabble/src/SoftwareSerial.cpp:45:10: fatal error: util/delay_basic.h: No such file or directory
 #include &lt;util/delay_basic.h&gt;
          ^~~~~~~~~~~~~~~~~~~~
compilation terminated.
Multiple libraries were found for &#34;SoftwareSerial.h&#34;
  Used: /home/ec2-user/arduino-testlib/cli-datadir/user/libraries/Dabble
  Not used: /home/ec2-user/arduino-testlib/cli-datadir/user/libraries/EspSoftwareSerial
  Not used: /home/ec2-user/arduino-testlib/cli-datadir/user/libraries/Printoo_Library
</pre>
					
					<h4>examples/Movement</h4>
					<p>
						Result: <b>FAIL</b>
					</p>
					<pre class="pre-scrollable">/home/ec2-user/arduino-testlib/cli-datadir/user/libraries/Dabble/src/SoftwareSerial.cpp:45:10: fatal error: util/delay_basic.h: No such file or directory
 #include &lt;util/delay_basic.h&gt;
          ^~~~~~~~~~~~~~~~~~~~
compilation terminated.
Multiple libraries were found for &#34;SoftwareSerial.h&#34;
  Used: /home/ec2-user/arduino-testlib/cli-datadir/user/libraries/Dabble
  Not used: /home/ec2-user/arduino-testlib/cli-datadir/user/libraries/EspSoftwareSerial
  Not used: /home/ec2-user/arduino-testlib/cli-datadir/user/libraries/Printoo_Library
</pre>
					
					<h4>examples/RC_BLE_CAR</h4>
					<p>
						Result: <b>FAIL</b>
					</p>
					<pre class="pre-scrollable">/home/ec2-user/arduino-testlib/cli-datadir/user/libraries/Dabble/src/SoftwareSerial.cpp:45:10: fatal error: util/delay_basic.h: No such file or directory
 #include &lt;util/delay_basic.h&gt;
          ^~~~~~~~~~~~~~~~~~~~
compilation terminated.
Multiple libraries were found for &#34;SoftwareSerial.h&#34;
  Used: /home/ec2-user/arduino-testlib/cli-datadir/user/libraries/Dabble
  Not used: /home/ec2-user/arduino-testlib/cli-datadir/user/libraries/EspSoftwareSerial
  Not used: /home/ec2-user/arduino-testlib/cli-datadir/user/libraries/Printoo_Library
</pre>
					
					<h4>examples/Speed_Control</h4>
					<p>
						Result: <b>FAIL</b>
					</p>
					<pre class="pre-scrollable">/home/ec2-user/arduino-testlib/cli-datadir/user/libraries/Dabble/src/SoftwareSerial.cpp:45:10: fatal error: util/delay_basic.h: No such file or directory
 #include &lt;util/delay_basic.h&gt;
          ^~~~~~~~~~~~~~~~~~~~
compilation terminated.
Multiple libraries were found for &#34;SoftwareSerial.h&#34;
  Used: /home/ec2-user/arduino-testlib/cli-datadir/user/libraries/Dabble
  Not used: /home/ec2-user/arduino-testlib/cli-datadir/user/libraries/EspSoftwareSerial
  Not used: /home/ec2-user/arduino-testlib/cli-datadir/user/libraries/Printoo_Library
</pre>
					
					<h4>examples/Template</h4>
					<p>
						Result: <b>FAIL</b>
					</p>
					<pre class="pre-scrollable">/home/ec2-user/arduino-testlib/cli-datadir/user/libraries/Dabble/src/SoftwareSerial.cpp:45:10: fatal error: util/delay_basic.h: No such file or directory
 #include &lt;util/delay_basic.h&gt;
          ^~~~~~~~~~~~~~~~~~~~
compilation terminated.
Multiple libraries were found for &#34;SoftwareSerial.h&#34;
  Used: /home/ec2-user/arduino-testlib/cli-datadir/user/libraries/Dabble
  Not used: /home/ec2-user/arduino-testlib/cli-datadir/user/libraries/Printoo_Library
  Not used: /home/ec2-user/arduino-testlib/cli-datadir/user/libraries/EspSoftwareSerial
</pre>
					
					<h4>examples/TestCode</h4>
					<p>
						Result: <b>FAIL</b>
					</p>
					<pre class="pre-scrollable">/home/ec2-user/arduino-testlib/cli-datadir/user/libraries/Dabble/src/SoftwareSerial.cpp:45:10: fatal error: util/delay_basic.h: No such file or directory
 #include &lt;util/delay_basic.h&gt;
          ^~~~~~~~~~~~~~~~~~~~
compilation terminated.
Multiple libraries were found for &#34;SoftwareSerial.h&#34;
  Used: /home/ec2-user/arduino-testlib/cli-datadir/user/libraries/Dabble
  Not used: /home/ec2-user/arduino-testlib/cli-datadir/user/libraries/EspSoftwareSerial
  Not used: /home/ec2-user/arduino-testlib/cli-datadir/user/libraries/Printoo_Library
</pre>
					
				
				<h3 id="arduino:megaavr:nona4809">arduino:megaavr:nona4809 @ 1.8.7</h3>
				<h4>Inclusion</h4>
				<p>
					Result: <b>PASS</b>
					
				</p>
				<pre class="pre-scrollable">Sketch uses 3204 bytes (6%) of program storage space. Maximum is 49152 bytes.
Global variables use 294 bytes (4%) of dynamic memory, leaving 5850 bytes for local variables. Maximum is 6144 bytes.
</pre>

					
					<h4>examples/AT_COMMAND</h4>
					<p>
						Result: <b>FAIL</b>
					</p>
					<pre class="pre-scrollable">/home/ec2-user/arduino-testlib/cli-datadir/user/libraries/ERO/examples/AT_COMMAND/AT_COMMAND.ino:5:50: error: no matching function for call to &#39;ERO::ERO(int [6], int [2], int, const uint8_t&amp;)&#39;
 ERO BoBot(motorPin, signalPin, BEEPER, SPEED_CTRL);
                                                  ^
In file included from /home/ec2-user/arduino-testlib/cli-datadir/user/libraries/ERO/src/ERO.h:1:0,
                 from /home/ec2-user/arduino-testlib/cli-datadir/user/libraries/ERO/examples/AT_COMMAND/AT_COMMAND.ino:1:
/home/ec2-user/arduino-testlib/cli-datadir/user/libraries/ERO/src/EROCore.h:29:5: note: candidate: ERO::ERO(PinERO*)
     ERO(PinERO *pinERO);
     ^~~
/home/ec2-user/arduino-testlib/cli-datadir/user/libraries/ERO/src/EROCore.h:29:5: note:   candidate expects 1 argument, 4 provided
/home/ec2-user/arduino-testlib/cli-datadir/user/libraries/ERO/src/EROCore.h:28:5: note: candidate: ERO::ERO()
     ERO();
     ^~~
/home/ec2-user/arduino-testlib/cli-datadir/user/libraries/ERO/src/EROCore.h:28:5: note:   candidate expects 0 arguments, 4 provided
/home/ec2-user/arduino-testlib/cli-datadir/user/libraries/ERO/src/EROCore.h:8:7: note: candidate: constexpr ERO::ERO(const ERO&amp;)
 class ERO
       ^~~
/home/ec2-user/arduino-testlib/cli-datadir/user/libraries/ERO/src/EROCore.h:8:7: note:   candidate expects 1 argument, 4 provided
/home/ec2-user/arduino-testlib/cli-datadir/user/libraries/ERO/src/EROCore.h:8:7: note: candidate: constexpr ERO::ERO(ERO&amp;&amp;)
/home/ec2-user/arduino-testlib/cli-datadir/user/libraries/ERO/src/EROCore.h:8:7: note:   candidate expects 1 argument, 4 provided
/home/ec2-user/arduino-testlib/cli-datadir/user/libraries/ERO/examples/AT_COMMAND/AT_COMMAND.ino:6:36: error: no matching function for call to &#39;EROBLE::EROBLE(int, int, GamePadModule*)&#39;
 EROBLE ble(RX_PIN, TX_PIN, &amp;GamePad);
                                    ^
In file included from /home/ec2-user/arduino-testlib/cli-datadir/user/libraries/ERO/examples/AT_COMMAND/AT_COMMAND.ino:2:0:
/home/ec2-user/arduino-testlib/cli-datadir/user/libraries/ERO/src/EROBLE.h:21:5: note: candidate: EROBLE::EROBLE(PinERO*, GamePadModule*)
     EROBLE(PinERO *pinERO, GamePadModule *GamePadAdd);
     ^~~~~~
/home/ec2-user/arduino-testlib/cli-datadir/user/libraries/ERO/src/EROBLE.h:21:5: note:   candidate expects 2 arguments, 3 provided
/home/ec2-user/arduino-testlib/cli-datadir/user/libraries/ERO/src/EROBLE.h:20:5: note: candidate: EROBLE::EROBLE()
     EROBLE();
     ^~~~~~
/home/ec2-user/arduino-testlib/cli-datadir/user/libraries/ERO/src/EROBLE.h:20:5: note:   candidate expects 0 arguments, 3 provided
/home/ec2-user/arduino-testlib/cli-datadir/user/libraries/ERO/src/EROBLE.h:9:7: note: candidate: constexpr EROBLE::EROBLE(const EROBLE&amp;)
 class EROBLE
       ^~~~~~
/home/ec2-user/arduino-testlib/cli-datadir/user/libraries/ERO/src/EROBLE.h:9:7: note:   candidate expects 1 argument, 3 provided
/home/ec2-user/arduino-testlib/cli-datadir/user/libraries/ERO/src/EROBLE.h:9:7: note: candidate: constexpr EROBLE::EROBLE(EROBLE&amp;&amp;)
/home/ec2-user/arduino-testlib/cli-datadir/user/libraries/ERO/src/EROBLE.h:9:7: note:   candidate expects 1 argument, 3 provided
Multiple libraries were found for &#34;SoftwareSerial.h&#34;
  Used: /home/ec2-user/arduino-testlib/cli-datadir/data/packages/arduino/hardware/megaavr/1.8.7/libraries/SoftwareSerial
  Not used: /home/ec2-user/arduino-testlib/cli-datadir/user/libraries/Printoo_Library
  Not used: /home/ec2-user/arduino-testlib/cli-datadir/user/libraries/Dabble
  Not used: /home/ec2-user/arduino-testlib/cli-datadir/user/libraries/EspSoftwareSerial
</pre>
					
					<h4>examples/Beeper</h4>
					<p>
						Result: <b>PASS</b>
					</p>
					<pre class="pre-scrollable">Sketch uses 6107 bytes (12%) of program storage space. Maximum is 49152 bytes.
Global variables use 408 bytes (6%) of dynamic memory, leaving 5736 bytes for local variables. Maximum is 6144 bytes.
</pre>
					
					<h4>examples/LED_Signal</h4>
					<p>
						Result: <b>PASS</b>
					</p>
					<pre class="pre-scrollable">Sketch uses 6185 bytes (12%) of program storage space. Maximum is 49152 bytes.
Global variables use 408 bytes (6%) of dynamic memory, leaving 5736 bytes for local variables. Maximum is 6144 bytes.
</pre>
					
					<h4>examples/Movement</h4>
					<p>
						Result: <b>PASS</b>
					</p>
					<pre class="pre-scrollable">Sketch uses 4834 bytes (9%) of program storage space. Maximum is 49152 bytes.
Global variables use 398 bytes (6%) of dynamic memory, leaving 5746 bytes for local variables. Maximum is 6144 bytes.
</pre>
					
					<h4>examples/RC_BLE_CAR</h4>
					<p>
						Result: <b>PASS</b>
					</p>
					<pre class="pre-scrollable">Sketch uses 6524 bytes (13%) of program storage space. Maximum is 49152 bytes.
Global variables use 589 bytes (9%) of dynamic memory, leaving 5555 bytes for local variables. Maximum is 6144 bytes.
</pre>
					
					<h4>examples/Speed_Control</h4>
					<p>
						Result: <b>PASS</b>
					</p>
					<pre class="pre-scrollable">Sketch uses 4954 bytes (10%) of program storage space. Maximum is 49152 bytes.
Global variables use 398 bytes (6%) of dynamic memory, leaving 5746 bytes for local variables. Maximum is 6144 bytes.
</pre>
					
					<h4>examples/Template</h4>
					<p>
						Result: <b>FAIL</b>
					</p>
					<pre class="pre-scrollable">/home/ec2-user/arduino-testlib/cli-datadir/user/libraries/ERO/examples/Template/Template.ino:4:17: error: &#39;__&#39; was not declared in this scope
 ERO __ERONAME__(__ &amp;EROHardware_);
                 ^~
/home/ec2-user/arduino-testlib/cli-datadir/user/libraries/ERO/examples/Template/Template.ino:4:21: error: &#39;EROHardware_&#39; was not declared in this scope
 ERO __ERONAME__(__ &amp;EROHardware_);
                     ^~~~~~~~~~~~
/home/ec2-user/arduino-testlib/cli-datadir/user/libraries/ERO/examples/Template/Template.ino:4:21: note: suggested alternative: &#39;EROHardware&#39;
 ERO __ERONAME__(__ &amp;EROHardware_);
                     ^~~~~~~~~~~~
                     EROHardware
/home/ec2-user/arduino-testlib/cli-datadir/user/libraries/ERO/examples/Template/Template.ino: In function &#39;void loop()&#39;:
/home/ec2-user/arduino-testlib/cli-datadir/user/libraries/ERO/examples/Template/Template.ino:15:9: error: &#39;_delayTime_&#39; was not declared in this scope
   delay(_delayTime_);
         ^~~~~~~~~~~
Multiple libraries were found for &#34;SoftwareSerial.h&#34;
  Used: /home/ec2-user/arduino-testlib/cli-datadir/data/packages/arduino/hardware/megaavr/1.8.7/libraries/SoftwareSerial
  Not used: /home/ec2-user/arduino-testlib/cli-datadir/user/libraries/Printoo_Library
  Not used: /home/ec2-user/arduino-testlib/cli-datadir/user/libraries/EspSoftwareSerial
  Not used: /home/ec2-user/arduino-testlib/cli-datadir/user/libraries/Dabble
</pre>
					
					<h4>examples/TestCode</h4>
					<p>
						Result: <b>PASS</b>
					</p>
					<pre class="pre-scrollable">Sketch uses 9016 bytes (18%) of program storage space. Maximum is 49152 bytes.
Global variables use 589 bytes (9%) of dynamic memory, leaving 5555 bytes for local variables. Maximum is 6144 bytes.
</pre>
					
				
				<h3 id="arduino:samd:mkrwifi1010">arduino:samd:mkrwifi1010 @ 1.8.12</h3>
				<h4>Inclusion</h4>
				<p>
					Result: <b>FAIL</b>
					
				</p>
				<pre class="pre-scrollable">/home/ec2-user/arduino-testlib/cli-datadir/user/libraries/Dabble/src/SoftwareSerial.cpp:45:10: fatal error: util/delay_basic.h: No such file or directory
 #include &lt;util/delay_basic.h&gt;
          ^~~~~~~~~~~~~~~~~~~~
compilation terminated.
Multiple libraries were found for &#34;SoftwareSerial.h&#34;
  Used: /home/ec2-user/arduino-testlib/cli-datadir/user/libraries/Dabble
  Not used: /home/ec2-user/arduino-testlib/cli-datadir/user/libraries/Printoo_Library
  Not used: /home/ec2-user/arduino-testlib/cli-datadir/user/libraries/EspSoftwareSerial
</pre>

					
					<h4>examples/AT_COMMAND</h4>
					<p>
						Result: <b>FAIL</b>
					</p>
					<pre class="pre-scrollable">/home/ec2-user/arduino-testlib/cli-datadir/user/libraries/Dabble/src/SoftwareSerial.cpp:45:10: fatal error: util/delay_basic.h: No such file or directory
 #include &lt;util/delay_basic.h&gt;
          ^~~~~~~~~~~~~~~~~~~~
compilation terminated.
Multiple libraries were found for &#34;SoftwareSerial.h&#34;
  Used: /home/ec2-user/arduino-testlib/cli-datadir/user/libraries/Dabble
  Not used: /home/ec2-user/arduino-testlib/cli-datadir/user/libraries/Printoo_Library
  Not used: /home/ec2-user/arduino-testlib/cli-datadir/user/libraries/EspSoftwareSerial
</pre>
					
					<h4>examples/Beeper</h4>
					<p>
						Result: <b>FAIL</b>
					</p>
					<pre class="pre-scrollable">/home/ec2-user/arduino-testlib/cli-datadir/user/libraries/Dabble/src/SoftwareSerial.cpp:45:10: fatal error: util/delay_basic.h: No such file or directory
 #include &lt;util/delay_basic.h&gt;
          ^~~~~~~~~~~~~~~~~~~~
compilation terminated.
Multiple libraries were found for &#34;SoftwareSerial.h&#34;
  Used: /home/ec2-user/arduino-testlib/cli-datadir/user/libraries/Dabble
  Not used: /home/ec2-user/arduino-testlib/cli-datadir/user/libraries/EspSoftwareSerial
  Not used: /home/ec2-user/arduino-testlib/cli-datadir/user/libraries/Printoo_Library
</pre>
					
					<h4>examples/LED_Signal</h4>
					<p>
						Result: <b>FAIL</b>
					</p>
					<pre class="pre-scrollable">/home/ec2-user/arduino-testlib/cli-datadir/user/libraries/Dabble/src/SoftwareSerial.cpp:45:10: fatal error: util/delay_basic.h: No such file or directory
 #include &lt;util/delay_basic.h&gt;
          ^~~~~~~~~~~~~~~~~~~~
compilation terminated.
Multiple libraries were found for &#34;SoftwareSerial.h&#34;
  Used: /home/ec2-user/arduino-testlib/cli-datadir/user/libraries/Dabble
  Not used: /home/ec2-user/arduino-testlib/cli-datadir/user/libraries/Printoo_Library
  Not used: /home/ec2-user/arduino-testlib/cli-datadir/user/libraries/EspSoftwareSerial
</pre>
					
					<h4>examples/Movement</h4>
					<p>
						Result: <b>FAIL</b>
					</p>
					<pre class="pre-scrollable">/home/ec2-user/arduino-testlib/cli-datadir/user/libraries/Dabble/src/SoftwareSerial.cpp:45:10: fatal error: util/delay_basic.h: No such file or directory
 #include &lt;util/delay_basic.h&gt;
          ^~~~~~~~~~~~~~~~~~~~
compilation terminated.
Multiple libraries were found for &#34;SoftwareSerial.h&#34;
  Used: /home/ec2-user/arduino-testlib/cli-datadir/user/libraries/Dabble
  Not used: /home/ec2-user/arduino-testlib/cli-datadir/user/libraries/Printoo_Library
  Not used: /home/ec2-user/arduino-testlib/cli-datadir/user/libraries/EspSoftwareSerial
</pre>
					
					<h4>examples/RC_BLE_CAR</h4>
					<p>
						Result: <b>FAIL</b>
					</p>
					<pre class="pre-scrollable">/home/ec2-user/arduino-testlib/cli-datadir/user/libraries/Dabble/src/SoftwareSerial.cpp:45:10: fatal error: util/delay_basic.h: No such file or directory
 #include &lt;util/delay_basic.h&gt;
          ^~~~~~~~~~~~~~~~~~~~
compilation terminated.
Multiple libraries were found for &#34;SoftwareSerial.h&#34;
  Used: /home/ec2-user/arduino-testlib/cli-datadir/user/libraries/Dabble
  Not used: /home/ec2-user/arduino-testlib/cli-datadir/user/libraries/EspSoftwareSerial
  Not used: /home/ec2-user/arduino-testlib/cli-datadir/user/libraries/Printoo_Library
</pre>
					
					<h4>examples/Speed_Control</h4>
					<p>
						Result: <b>FAIL</b>
					</p>
					<pre class="pre-scrollable">/home/ec2-user/arduino-testlib/cli-datadir/user/libraries/Dabble/src/SoftwareSerial.cpp:45:10: fatal error: util/delay_basic.h: No such file or directory
 #include &lt;util/delay_basic.h&gt;
          ^~~~~~~~~~~~~~~~~~~~
compilation terminated.
Multiple libraries were found for &#34;SoftwareSerial.h&#34;
  Used: /home/ec2-user/arduino-testlib/cli-datadir/user/libraries/Dabble
  Not used: /home/ec2-user/arduino-testlib/cli-datadir/user/libraries/Printoo_Library
  Not used: /home/ec2-user/arduino-testlib/cli-datadir/user/libraries/EspSoftwareSerial
</pre>
					
					<h4>examples/Template</h4>
					<p>
						Result: <b>FAIL</b>
					</p>
					<pre class="pre-scrollable">/home/ec2-user/arduino-testlib/cli-datadir/user/libraries/Dabble/src/SoftwareSerial.cpp:45:10: fatal error: util/delay_basic.h: No such file or directory
 #include &lt;util/delay_basic.h&gt;
          ^~~~~~~~~~~~~~~~~~~~
compilation terminated.
Multiple libraries were found for &#34;SoftwareSerial.h&#34;
  Used: /home/ec2-user/arduino-testlib/cli-datadir/user/libraries/Dabble
  Not used: /home/ec2-user/arduino-testlib/cli-datadir/user/libraries/Printoo_Library
  Not used: /home/ec2-user/arduino-testlib/cli-datadir/user/libraries/EspSoftwareSerial
</pre>
					
					<h4>examples/TestCode</h4>
					<p>
						Result: <b>FAIL</b>
					</p>
					<pre class="pre-scrollable">/home/ec2-user/arduino-testlib/cli-datadir/user/libraries/Dabble/src/SoftwareSerial.cpp:45:10: fatal error: util/delay_basic.h: No such file or directory
 #include &lt;util/delay_basic.h&gt;
          ^~~~~~~~~~~~~~~~~~~~
compilation terminated.
Multiple libraries were found for &#34;SoftwareSerial.h&#34;
  Used: /home/ec2-user/arduino-testlib/cli-datadir/user/libraries/Dabble
  Not used: /home/ec2-user/arduino-testlib/cli-datadir/user/libraries/EspSoftwareSerial
  Not used: /home/ec2-user/arduino-testlib/cli-datadir/user/libraries/Printoo_Library
</pre>
					
				
				<h3 id="esp32:esp32:d1_mini32">esp32:esp32:d1_mini32 @ 1.0.6</h3>
				<h4>Inclusion</h4>
				<p>
					Result: <b>FAIL</b>
					
				</p>
				<pre class="pre-scrollable">Multiple libraries were found for &#34;SoftwareSerial.h&#34;
  Used: /home/ec2-user/arduino-testlib/cli-datadir/user/libraries/EspSoftwareSerial
  Not used: /home/ec2-user/arduino-testlib/cli-datadir/user/libraries/Dabble
  Not used: /home/ec2-user/arduino-testlib/cli-datadir/user/libraries/Printoo_Library
</pre>

					
					<h4>examples/AT_COMMAND</h4>
					<p>
						Result: <b>FAIL</b>
					</p>
					<pre class="pre-scrollable">/home/ec2-user/arduino-testlib/cli-datadir/user/libraries/ERO/examples/AT_COMMAND/AT_COMMAND.ino:5:50: error: no matching function for call to &#39;ERO::ERO(int [6], int [2], int, const uint8_t&amp;)&#39;
 ERO BoBot(motorPin, signalPin, BEEPER, SPEED_CTRL);
                                                  ^
In file included from /home/ec2-user/arduino-testlib/cli-datadir/user/libraries/ERO/src/ERO.h:1:0,
                 from /home/ec2-user/arduino-testlib/cli-datadir/user/libraries/ERO/examples/AT_COMMAND/AT_COMMAND.ino:1:
/home/ec2-user/arduino-testlib/cli-datadir/user/libraries/ERO/src/EROCore.h:29:5: note: candidate: ERO::ERO(PinERO*)
     ERO(PinERO *pinERO);
     ^
/home/ec2-user/arduino-testlib/cli-datadir/user/libraries/ERO/src/EROCore.h:29:5: note:   candidate expects 1 argument, 4 provided
/home/ec2-user/arduino-testlib/cli-datadir/user/libraries/ERO/src/EROCore.h:28:5: note: candidate: ERO::ERO()
     ERO();
     ^
/home/ec2-user/arduino-testlib/cli-datadir/user/libraries/ERO/src/EROCore.h:28:5: note:   candidate expects 0 arguments, 4 provided
/home/ec2-user/arduino-testlib/cli-datadir/user/libraries/ERO/src/EROCore.h:8:7: note: candidate: constexpr ERO::ERO(const ERO&amp;)
 class ERO
       ^
/home/ec2-user/arduino-testlib/cli-datadir/user/libraries/ERO/src/EROCore.h:8:7: note:   candidate expects 1 argument, 4 provided
/home/ec2-user/arduino-testlib/cli-datadir/user/libraries/ERO/src/EROCore.h:8:7: note: candidate: constexpr ERO::ERO(ERO&amp;&amp;)
/home/ec2-user/arduino-testlib/cli-datadir/user/libraries/ERO/src/EROCore.h:8:7: note:   candidate expects 1 argument, 4 provided
/home/ec2-user/arduino-testlib/cli-datadir/user/libraries/ERO/examples/AT_COMMAND/AT_COMMAND.ino:6:36: error: no matching function for call to &#39;EROBLE::EROBLE(int, int, GamePadModule*)&#39;
 EROBLE ble(RX_PIN, TX_PIN, &amp;GamePad);
                                    ^
In file included from /home/ec2-user/arduino-testlib/cli-datadir/user/libraries/ERO/examples/AT_COMMAND/AT_COMMAND.ino:2:0:
/home/ec2-user/arduino-testlib/cli-datadir/user/libraries/ERO/src/EROBLE.h:21:5: note: candidate: EROBLE::EROBLE(PinERO*, GamePadModule*)
     EROBLE(PinERO *pinERO, GamePadModule *GamePadAdd);
     ^
/home/ec2-user/arduino-testlib/cli-datadir/user/libraries/ERO/src/EROBLE.h:21:5: note:   candidate expects 2 arguments, 3 provided
/home/ec2-user/arduino-testlib/cli-datadir/user/libraries/ERO/src/EROBLE.h:20:5: note: candidate: EROBLE::EROBLE()
     EROBLE();
     ^
/home/ec2-user/arduino-testlib/cli-datadir/user/libraries/ERO/src/EROBLE.h:20:5: note:   candidate expects 0 arguments, 3 provided
/home/ec2-user/arduino-testlib/cli-datadir/user/libraries/ERO/src/EROBLE.h:9:7: note: candidate: constexpr EROBLE::EROBLE(const EROBLE&amp;)
 class EROBLE
       ^
/home/ec2-user/arduino-testlib/cli-datadir/user/libraries/ERO/src/EROBLE.h:9:7: note:   candidate expects 1 argument, 3 provided
/home/ec2-user/arduino-testlib/cli-datadir/user/libraries/ERO/src/EROBLE.h:9:7: note: candidate: constexpr EROBLE::EROBLE(EROBLE&amp;&amp;)
/home/ec2-user/arduino-testlib/cli-datadir/user/libraries/ERO/src/EROBLE.h:9:7: note:   candidate expects 1 argument, 3 provided
Multiple libraries were found for &#34;SoftwareSerial.h&#34;
  Used: /home/ec2-user/arduino-testlib/cli-datadir/user/libraries/EspSoftwareSerial
  Not used: /home/ec2-user/arduino-testlib/cli-datadir/user/libraries/Dabble
  Not used: /home/ec2-user/arduino-testlib/cli-datadir/user/libraries/Printoo_Library
</pre>
					
					<h4>examples/Beeper</h4>
					<p>
						Result: <b>FAIL</b>
					</p>
					<pre class="pre-scrollable">Multiple libraries were found for &#34;SoftwareSerial.h&#34;
  Used: /home/ec2-user/arduino-testlib/cli-datadir/user/libraries/EspSoftwareSerial
  Not used: /home/ec2-user/arduino-testlib/cli-datadir/user/libraries/Printoo_Library
  Not used: /home/ec2-user/arduino-testlib/cli-datadir/user/libraries/Dabble
</pre>
					
					<h4>examples/LED_Signal</h4>
					<p>
						Result: <b>FAIL</b>
					</p>
					<pre class="pre-scrollable">Multiple libraries were found for &#34;SoftwareSerial.h&#34;
  Used: /home/ec2-user/arduino-testlib/cli-datadir/user/libraries/EspSoftwareSerial
  Not used: /home/ec2-user/arduino-testlib/cli-datadir/user/libraries/Printoo_Library
  Not used: /home/ec2-user/arduino-testlib/cli-datadir/user/libraries/Dabble
</pre>
					
					<h4>examples/Movement</h4>
					<p>
						Result: <b>FAIL</b>
					</p>
					<pre class="pre-scrollable">Multiple libraries were found for &#34;SoftwareSerial.h&#34;
  Used: /home/ec2-user/arduino-testlib/cli-datadir/user/libraries/EspSoftwareSerial
  Not used: /home/ec2-user/arduino-testlib/cli-datadir/user/libraries/Printoo_Library
  Not used: /home/ec2-user/arduino-testlib/cli-datadir/user/libraries/Dabble
</pre>
					
					<h4>examples/RC_BLE_CAR</h4>
					<p>
						Result: <b>FAIL</b>
					</p>
					<pre class="pre-scrollable">Multiple libraries were found for &#34;SoftwareSerial.h&#34;
  Used: /home/ec2-user/arduino-testlib/cli-datadir/user/libraries/EspSoftwareSerial
  Not used: /home/ec2-user/arduino-testlib/cli-datadir/user/libraries/Printoo_Library
  Not used: /home/ec2-user/arduino-testlib/cli-datadir/user/libraries/Dabble
</pre>
					
					<h4>examples/Speed_Control</h4>
					<p>
						Result: <b>FAIL</b>
					</p>
					<pre class="pre-scrollable">Multiple libraries were found for &#34;SoftwareSerial.h&#34;
  Used: /home/ec2-user/arduino-testlib/cli-datadir/user/libraries/EspSoftwareSerial
  Not used: /home/ec2-user/arduino-testlib/cli-datadir/user/libraries/Dabble
  Not used: /home/ec2-user/arduino-testlib/cli-datadir/user/libraries/Printoo_Library
</pre>
					
					<h4>examples/Template</h4>
					<p>
						Result: <b>FAIL</b>
					</p>
					<pre class="pre-scrollable">/home/ec2-user/arduino-testlib/cli-datadir/user/libraries/ERO/examples/Template/Template.ino:4:17: error: &#39;__&#39; was not declared in this scope
 ERO __ERONAME__(__ &amp;EROHardware_);
                 ^
/home/ec2-user/arduino-testlib/cli-datadir/user/libraries/ERO/examples/Template/Template.ino:4:21: error: &#39;EROHardware_&#39; was not declared in this scope
 ERO __ERONAME__(__ &amp;EROHardware_);
                     ^
/home/ec2-user/arduino-testlib/cli-datadir/user/libraries/ERO/examples/Template/Template.ino: In function &#39;void loop()&#39;:
/home/ec2-user/arduino-testlib/cli-datadir/user/libraries/ERO/examples/Template/Template.ino:15:9: error: &#39;_delayTime_&#39; was not declared in this scope
   delay(_delayTime_);
         ^
Multiple libraries were found for &#34;SoftwareSerial.h&#34;
  Used: /home/ec2-user/arduino-testlib/cli-datadir/user/libraries/EspSoftwareSerial
  Not used: /home/ec2-user/arduino-testlib/cli-datadir/user/libraries/Printoo_Library
  Not used: /home/ec2-user/arduino-testlib/cli-datadir/user/libraries/Dabble
</pre>
					
					<h4>examples/TestCode</h4>
					<p>
						Result: <b>FAIL</b>
					</p>
					<pre class="pre-scrollable">Multiple libraries were found for &#34;SoftwareSerial.h&#34;
  Used: /home/ec2-user/arduino-testlib/cli-datadir/user/libraries/EspSoftwareSerial
  Not used: /home/ec2-user/arduino-testlib/cli-datadir/user/libraries/Printoo_Library
  Not used: /home/ec2-user/arduino-testlib/cli-datadir/user/libraries/Dabble
</pre>
					
				
			</div>
		</div>
	</div>
  </body>
</html>
