
<!doctype html>
<html lang="en">
  <head>
    <meta charset="utf-8">
    <meta name="viewport" content="width=device-width, initial-scale=1">
    <link href="https://cdn.jsdelivr.net/npm/bootstrap@5.0.2/dist/css/bootstrap.min.css" rel="stylesheet" integrity="sha384-EVSTQN3/azprG1Anm3QDgpJLIm9Nao0Yz1ztcQTwFspd3yD65VohhpuuCOmLASjC" crossorigin="anonymous">
    <title>arduino-testlib report</title>
	<style>
	.pass { background-color: #00FF00 !important; }
	.fail { background-color: #FF0000 !important; }
	</style>
  </head>
  <body>
	<div class="container">
		<div class="row">
			<div class="col">
				<h1>ESP32-targz - compatibility matrix</h1>
				<p>
					<small>This report was generated on Wednesday, 23-Feb-22 22:48:15 CET using 
					<a href="https://github.com/alranel/arduino-testlib">arduino-testlib</a>.</small>
				</p>

				<h2>ESP32-targz</h2>
				<p>
					Version: <b>1.1.4</b>
					<br />
					<a href="https://www.arduino.cc/reference/en/libraries/esp32-targz/">More details</a>
				</p>

				<h2>Compatibility matrix</h2>
				<table class="table table-bordered">
					<tr>
						<th>Board</th>
						<th>Claims compatibility</th>
						<th>Inclusion</th>
						
						<th><pre>Test_tar_gz_tgz</pre></th>
						
						<th><pre>ESP32</pre></th>
						
						<th><pre>ESP8266</pre></th>
						
					</tr>
					
					<tr>
						<td>
							<a href="#arduino%3aavr%3auno"><b>arduino:avr:uno</b></a>
							<br />
							<small>1.8.4</small>
						</td>

						
						
						
						
							<td>No</td>
							<td class="fail">FAIL</td>
						

						
							
								
									
										
									
										
									
										
											
											<td class="fail">FAIL</td>
										
									
								
							
								
							
								
							
								
							
								
							
						
							
								
									
										
											
											<td class="fail">FAIL</td>
										
									
										
									
										
									
								
							
								
							
								
							
								
							
								
							
						
							
								
									
										
									
										
											
											<td class="fail">FAIL</td>
										
									
										
									
								
							
								
							
								
							
								
							
								
							
						
					</tr>
					
					<tr>
						<td>
							<a href="#arduino%3ambed_nano%3ananorp2040connect"><b>arduino:mbed_nano:nanorp2040connect</b></a>
							<br />
							<small>2.7.2</small>
						</td>

						
						
						
						
							<td>No</td>
							<td class="fail">FAIL</td>
						

						
							
								
							
								
									
										
									
										
									
										
											
											<td class="fail">FAIL</td>
										
									
								
							
								
							
								
							
								
							
						
							
								
							
								
									
										
											
											<td class="fail">FAIL</td>
										
									
										
									
										
									
								
							
								
							
								
							
								
							
						
							
								
							
								
									
										
									
										
											
											<td class="fail">FAIL</td>
										
									
										
									
								
							
								
							
								
							
								
							
						
					</tr>
					
					<tr>
						<td>
							<a href="#arduino%3amegaavr%3anona4809"><b>arduino:megaavr:nona4809</b></a>
							<br />
							<small>1.8.7</small>
						</td>

						
						
						
						
							<td>No</td>
							<td class="fail">FAIL</td>
						

						
							
								
							
								
							
								
									
										
									
										
									
										
											
											<td class="fail">FAIL</td>
										
									
								
							
								
							
								
							
						
							
								
							
								
							
								
									
										
											
											<td class="fail">FAIL</td>
										
									
										
									
										
									
								
							
								
							
								
							
						
							
								
							
								
							
								
									
										
									
										
											
											<td class="fail">FAIL</td>
										
									
										
									
								
							
								
							
								
							
						
					</tr>
					
					<tr>
						<td>
							<a href="#arduino%3asamd%3amkrwifi1010"><b>arduino:samd:mkrwifi1010</b></a>
							<br />
							<small>1.8.12</small>
						</td>

						
						
						
						
							<td>No</td>
							<td class="fail">FAIL</td>
						

						
							
								
							
								
							
								
							
								
									
										
									
										
									
										
											
											<td class="fail">FAIL</td>
										
									
								
							
								
							
						
							
								
							
								
							
								
							
								
									
										
											
											<td class="fail">FAIL</td>
										
									
										
									
										
									
								
							
								
							
						
							
								
							
								
							
								
							
								
									
										
									
										
											
											<td class="fail">FAIL</td>
										
									
										
									
								
							
								
							
						
					</tr>
					
					<tr>
						<td>
							<a href="#esp32%3aesp32%3ad1_mini32"><b>esp32:esp32:d1_mini32</b></a>
							<br />
							<small>1.0.6</small>
						</td>

						
							<td>Yes</td>
							<td class="pass">PASS</td>
						
						
						
						

						
							
								
							
								
							
								
							
								
							
								
									
										
									
										
									
										
											
											<td class="fail">FAIL</td>
										
									
								
							
						
							
								
							
								
							
								
							
								
							
								
									
										
											
											<td class="fail">FAIL</td>
										
									
										
									
										
									
								
							
						
							
								
							
								
							
								
							
								
							
								
									
										
									
										
											
											<td class="fail">FAIL</td>
										
									
										
									
								
							
						
					</tr>
					
				</table>

				<h2>Compilation logs</h2>
				
				<h3 id="arduino:avr:uno">arduino:avr:uno @ 1.8.4</h3>
				<h4>Inclusion</h4>
				<p>
					Result: <b>FAIL</b>
					
				</p>
				<pre class="pre-scrollable">In file included from /private/tmp/arduino-testlib1762148819/test/test.ino:1:0:
/Users/alranel/Documents/git/arduino/arduino-testlib/cli-datadir/user/libraries/ESP32-targz/src/ESP32-targz.h:100:4: error: #error &#34;Only ESP32 and ESP8266 architectures are supported&#34;
   #error &#34;Only ESP32 and ESP8266 architectures are supported&#34;
    ^~~~~
/Users/alranel/Documents/git/arduino/arduino-testlib/cli-datadir/user/libraries/ESP32-targz/src/ESP32-targz.h:128:6: error: #error &#34;No filesystem is declared&#34;
     #error &#34;No filesystem is declared&#34;
      ^~~~~
/Users/alranel/Documents/git/arduino/arduino-testlib/cli-datadir/user/libraries/ESP32-targz/src/ESP32-targz.h:147:6: error: #error &#34;No filesystem is declared&#34;
     #error &#34;No filesystem is declared&#34;
      ^~~~~
In file included from /Users/alranel/Documents/git/arduino/arduino-testlib/cli-datadir/user/libraries/ESP32-targz/src/ESP32-targz.h:152:0,
                 from /private/tmp/arduino-testlib1762148819/test/test.ino:1:
/Users/alranel/Documents/git/arduino/arduino-testlib/cli-datadir/user/libraries/ESP32-targz/src/ESP32-targz-lib.h:43:10: fatal error: FS.h: No such file or directory
 #include &lt;FS.h&gt;
          ^~~~~~
compilation terminated.

</pre>

					
					<h4>examples/ESP32</h4>
					<p>
						Result: <b>FAIL</b>
					</p>
					<pre class="pre-scrollable"></pre>
					
					<h4>examples/ESP8266</h4>
					<p>
						Result: <b>FAIL</b>
					</p>
					<pre class="pre-scrollable"></pre>
					
					<h4>examples/Test_tar_gz_tgz</h4>
					<p>
						Result: <b>FAIL</b>
					</p>
					<pre class="pre-scrollable">In file included from /Users/alranel/Documents/git/arduino/arduino-testlib/cli-datadir/user/libraries/ESP32-targz/examples/Test_tar_gz_tgz/Test_tar_gz_tgz.ino:15:0:
/Users/alranel/Documents/git/arduino/arduino-testlib/cli-datadir/user/libraries/ESP32-targz/src/ESP32-targz.h:100:4: error: #error &#34;Only ESP32 and ESP8266 architectures are supported&#34;
   #error &#34;Only ESP32 and ESP8266 architectures are supported&#34;
    ^~~~~
/Users/alranel/Documents/git/arduino/arduino-testlib/cli-datadir/user/libraries/ESP32-targz/src/ESP32-targz.h:123:8: error: #error &#34;Only ESP32 and ESP8266 are supported&#34;
       #error &#34;Only ESP32 and ESP8266 are supported&#34;
        ^~~~~
/Users/alranel/Documents/git/arduino/arduino-testlib/cli-datadir/user/libraries/ESP32-targz/src/ESP32-targz.h:144:8: error: #error &#34;Only ESP32 and ESP8266 are supported&#34;
       #error &#34;Only ESP32 and ESP8266 are supported&#34;
        ^~~~~
In file included from /Users/alranel/Documents/git/arduino/arduino-testlib/cli-datadir/user/libraries/ESP32-targz/src/ESP32-targz.h:152:0,
                 from /Users/alranel/Documents/git/arduino/arduino-testlib/cli-datadir/user/libraries/ESP32-targz/examples/Test_tar_gz_tgz/Test_tar_gz_tgz.ino:15:
/Users/alranel/Documents/git/arduino/arduino-testlib/cli-datadir/user/libraries/ESP32-targz/src/ESP32-targz-lib.h:43:10: fatal error: FS.h: No such file or directory
 #include &lt;FS.h&gt;
          ^~~~~~
compilation terminated.

</pre>
					
				
				<h3 id="arduino:mbed_nano:nanorp2040connect">arduino:mbed_nano:nanorp2040connect @ 2.7.2</h3>
				<h4>Inclusion</h4>
				<p>
					Result: <b>FAIL</b>
					
				</p>
				<pre class="pre-scrollable">In file included from /tmp/arduino-testlib3763818698/test/test.ino:1:0:
/home/ec2-user/arduino-testlib/cli-datadir/user/libraries/ESP32-targz/src/ESP32-targz.h:100:4: error: #error &#34;Only ESP32 and ESP8266 architectures are supported&#34;
   #error &#34;Only ESP32 and ESP8266 architectures are supported&#34;
    ^~~~~
/home/ec2-user/arduino-testlib/cli-datadir/user/libraries/ESP32-targz/src/ESP32-targz.h:128:6: error: #error &#34;No filesystem is declared&#34;
     #error &#34;No filesystem is declared&#34;
      ^~~~~
/home/ec2-user/arduino-testlib/cli-datadir/user/libraries/ESP32-targz/src/ESP32-targz.h:147:6: error: #error &#34;No filesystem is declared&#34;
     #error &#34;No filesystem is declared&#34;
      ^~~~~
In file included from /home/ec2-user/arduino-testlib/cli-datadir/user/libraries/ESP32-targz/src/ESP32-targz.h:152:0,
                 from /tmp/arduino-testlib3763818698/test/test.ino:1:
/home/ec2-user/arduino-testlib/cli-datadir/user/libraries/ESP32-targz/src/ESP32-targz-lib.h:43:10: fatal error: FS.h: No such file or directory
 #include &lt;FS.h&gt;
          ^~~~~~
compilation terminated.

</pre>

					
					<h4>examples/ESP32</h4>
					<p>
						Result: <b>FAIL</b>
					</p>
					<pre class="pre-scrollable"></pre>
					
					<h4>examples/ESP8266</h4>
					<p>
						Result: <b>FAIL</b>
					</p>
					<pre class="pre-scrollable"></pre>
					
					<h4>examples/Test_tar_gz_tgz</h4>
					<p>
						Result: <b>FAIL</b>
					</p>
					<pre class="pre-scrollable">In file included from /home/ec2-user/arduino-testlib/cli-datadir/user/libraries/ESP32-targz/examples/Test_tar_gz_tgz/Test_tar_gz_tgz.ino:15:0:
/home/ec2-user/arduino-testlib/cli-datadir/user/libraries/ESP32-targz/src/ESP32-targz.h:100:4: error: #error &#34;Only ESP32 and ESP8266 architectures are supported&#34;
   #error &#34;Only ESP32 and ESP8266 architectures are supported&#34;
    ^~~~~
/home/ec2-user/arduino-testlib/cli-datadir/user/libraries/ESP32-targz/src/ESP32-targz.h:123:8: error: #error &#34;Only ESP32 and ESP8266 are supported&#34;
       #error &#34;Only ESP32 and ESP8266 are supported&#34;
        ^~~~~
/home/ec2-user/arduino-testlib/cli-datadir/user/libraries/ESP32-targz/src/ESP32-targz.h:144:8: error: #error &#34;Only ESP32 and ESP8266 are supported&#34;
       #error &#34;Only ESP32 and ESP8266 are supported&#34;
        ^~~~~
In file included from /home/ec2-user/arduino-testlib/cli-datadir/user/libraries/ESP32-targz/src/ESP32-targz.h:152:0,
                 from /home/ec2-user/arduino-testlib/cli-datadir/user/libraries/ESP32-targz/examples/Test_tar_gz_tgz/Test_tar_gz_tgz.ino:15:
/home/ec2-user/arduino-testlib/cli-datadir/user/libraries/ESP32-targz/src/ESP32-targz-lib.h:43:10: fatal error: FS.h: No such file or directory
 #include &lt;FS.h&gt;
          ^~~~~~
compilation terminated.

</pre>
					
				
				<h3 id="arduino:megaavr:nona4809">arduino:megaavr:nona4809 @ 1.8.7</h3>
				<h4>Inclusion</h4>
				<p>
					Result: <b>FAIL</b>
					
				</p>
				<pre class="pre-scrollable">In file included from /tmp/arduino-testlib3763818698/test/test.ino:1:0:
/home/ec2-user/arduino-testlib/cli-datadir/user/libraries/ESP32-targz/src/ESP32-targz.h:100:4: error: #error &#34;Only ESP32 and ESP8266 architectures are supported&#34;
   #error &#34;Only ESP32 and ESP8266 architectures are supported&#34;
    ^~~~~
/home/ec2-user/arduino-testlib/cli-datadir/user/libraries/ESP32-targz/src/ESP32-targz.h:128:6: error: #error &#34;No filesystem is declared&#34;
     #error &#34;No filesystem is declared&#34;
      ^~~~~
/home/ec2-user/arduino-testlib/cli-datadir/user/libraries/ESP32-targz/src/ESP32-targz.h:147:6: error: #error &#34;No filesystem is declared&#34;
     #error &#34;No filesystem is declared&#34;
      ^~~~~
In file included from /home/ec2-user/arduino-testlib/cli-datadir/user/libraries/ESP32-targz/src/ESP32-targz.h:152:0,
                 from /tmp/arduino-testlib3763818698/test/test.ino:1:
/home/ec2-user/arduino-testlib/cli-datadir/user/libraries/ESP32-targz/src/ESP32-targz-lib.h:43:10: fatal error: FS.h: No such file or directory
 #include &lt;FS.h&gt;
          ^~~~~~
compilation terminated.

</pre>

					
					<h4>examples/ESP32</h4>
					<p>
						Result: <b>FAIL</b>
					</p>
					<pre class="pre-scrollable"></pre>
					
					<h4>examples/ESP8266</h4>
					<p>
						Result: <b>FAIL</b>
					</p>
					<pre class="pre-scrollable"></pre>
					
					<h4>examples/Test_tar_gz_tgz</h4>
					<p>
						Result: <b>FAIL</b>
					</p>
					<pre class="pre-scrollable">In file included from /home/ec2-user/arduino-testlib/cli-datadir/user/libraries/ESP32-targz/examples/Test_tar_gz_tgz/Test_tar_gz_tgz.ino:15:0:
/home/ec2-user/arduino-testlib/cli-datadir/user/libraries/ESP32-targz/src/ESP32-targz.h:100:4: error: #error &#34;Only ESP32 and ESP8266 architectures are supported&#34;
   #error &#34;Only ESP32 and ESP8266 architectures are supported&#34;
    ^~~~~
/home/ec2-user/arduino-testlib/cli-datadir/user/libraries/ESP32-targz/src/ESP32-targz.h:123:8: error: #error &#34;Only ESP32 and ESP8266 are supported&#34;
       #error &#34;Only ESP32 and ESP8266 are supported&#34;
        ^~~~~
/home/ec2-user/arduino-testlib/cli-datadir/user/libraries/ESP32-targz/src/ESP32-targz.h:144:8: error: #error &#34;Only ESP32 and ESP8266 are supported&#34;
       #error &#34;Only ESP32 and ESP8266 are supported&#34;
        ^~~~~
In file included from /home/ec2-user/arduino-testlib/cli-datadir/user/libraries/ESP32-targz/src/ESP32-targz.h:152:0,
                 from /home/ec2-user/arduino-testlib/cli-datadir/user/libraries/ESP32-targz/examples/Test_tar_gz_tgz/Test_tar_gz_tgz.ino:15:
/home/ec2-user/arduino-testlib/cli-datadir/user/libraries/ESP32-targz/src/ESP32-targz-lib.h:43:10: fatal error: FS.h: No such file or directory
 #include &lt;FS.h&gt;
          ^~~~~~
compilation terminated.

</pre>
					
				
				<h3 id="arduino:samd:mkrwifi1010">arduino:samd:mkrwifi1010 @ 1.8.12</h3>
				<h4>Inclusion</h4>
				<p>
					Result: <b>FAIL</b>
					
				</p>
				<pre class="pre-scrollable">In file included from /private/tmp/arduino-testlib1762148819/test/test.ino:1:0:
/Users/alranel/Documents/git/arduino/arduino-testlib/cli-datadir/user/libraries/ESP32-targz/src/ESP32-targz.h:100:4: error: #error &#34;Only ESP32 and ESP8266 architectures are supported&#34;
   #error &#34;Only ESP32 and ESP8266 architectures are supported&#34;
    ^~~~~
/Users/alranel/Documents/git/arduino/arduino-testlib/cli-datadir/user/libraries/ESP32-targz/src/ESP32-targz.h:128:6: error: #error &#34;No filesystem is declared&#34;
     #error &#34;No filesystem is declared&#34;
      ^~~~~
/Users/alranel/Documents/git/arduino/arduino-testlib/cli-datadir/user/libraries/ESP32-targz/src/ESP32-targz.h:147:6: error: #error &#34;No filesystem is declared&#34;
     #error &#34;No filesystem is declared&#34;
      ^~~~~
In file included from /Users/alranel/Documents/git/arduino/arduino-testlib/cli-datadir/user/libraries/ESP32-targz/src/ESP32-targz.h:152:0,
                 from /private/tmp/arduino-testlib1762148819/test/test.ino:1:
/Users/alranel/Documents/git/arduino/arduino-testlib/cli-datadir/user/libraries/ESP32-targz/src/ESP32-targz-lib.h:43:10: fatal error: FS.h: No such file or directory
 #include &lt;FS.h&gt;
          ^~~~~~
compilation terminated.

</pre>

					
					<h4>examples/ESP32</h4>
					<p>
						Result: <b>FAIL</b>
					</p>
					<pre class="pre-scrollable"></pre>
					
					<h4>examples/ESP8266</h4>
					<p>
						Result: <b>FAIL</b>
					</p>
					<pre class="pre-scrollable"></pre>
					
					<h4>examples/Test_tar_gz_tgz</h4>
					<p>
						Result: <b>FAIL</b>
					</p>
					<pre class="pre-scrollable">In file included from /Users/alranel/Documents/git/arduino/arduino-testlib/cli-datadir/user/libraries/ESP32-targz/examples/Test_tar_gz_tgz/Test_tar_gz_tgz.ino:15:0:
/Users/alranel/Documents/git/arduino/arduino-testlib/cli-datadir/user/libraries/ESP32-targz/src/ESP32-targz.h:100:4: error: #error &#34;Only ESP32 and ESP8266 architectures are supported&#34;
   #error &#34;Only ESP32 and ESP8266 architectures are supported&#34;
    ^~~~~
/Users/alranel/Documents/git/arduino/arduino-testlib/cli-datadir/user/libraries/ESP32-targz/src/ESP32-targz.h:123:8: error: #error &#34;Only ESP32 and ESP8266 are supported&#34;
       #error &#34;Only ESP32 and ESP8266 are supported&#34;
        ^~~~~
/Users/alranel/Documents/git/arduino/arduino-testlib/cli-datadir/user/libraries/ESP32-targz/src/ESP32-targz.h:144:8: error: #error &#34;Only ESP32 and ESP8266 are supported&#34;
       #error &#34;Only ESP32 and ESP8266 are supported&#34;
        ^~~~~
In file included from /Users/alranel/Documents/git/arduino/arduino-testlib/cli-datadir/user/libraries/ESP32-targz/src/ESP32-targz.h:152:0,
                 from /Users/alranel/Documents/git/arduino/arduino-testlib/cli-datadir/user/libraries/ESP32-targz/examples/Test_tar_gz_tgz/Test_tar_gz_tgz.ino:15:
/Users/alranel/Documents/git/arduino/arduino-testlib/cli-datadir/user/libraries/ESP32-targz/src/ESP32-targz-lib.h:43:10: fatal error: FS.h: No such file or directory
 #include &lt;FS.h&gt;
          ^~~~~~
compilation terminated.

</pre>
					
				
				<h3 id="esp32:esp32:d1_mini32">esp32:esp32:d1_mini32 @ 1.0.6</h3>
				<h4>Inclusion</h4>
				<p>
					Result: <b>PASS</b>
					
				</p>
				<pre class="pre-scrollable">Sketch uses 263682 bytes (20%) of program storage space. Maximum is 1310720 bytes.
Global variables use 13776 bytes (4%) of dynamic memory, leaving 313904 bytes for local variables. Maximum is 327680 bytes.
</pre>

					
					<h4>examples/ESP32</h4>
					<p>
						Result: <b>FAIL</b>
					</p>
					<pre class="pre-scrollable"></pre>
					
					<h4>examples/ESP8266</h4>
					<p>
						Result: <b>FAIL</b>
					</p>
					<pre class="pre-scrollable"></pre>
					
					<h4>examples/Test_tar_gz_tgz</h4>
					<p>
						Result: <b>FAIL</b>
					</p>
					<pre class="pre-scrollable">In file included from /home/ec2-user/arduino-testlib/cli-datadir/user/libraries/SD/src/utility/Sd2Card.h:26:0,
                 from /home/ec2-user/arduino-testlib/cli-datadir/user/libraries/SD/src/utility/SdFat.h:29,
                 from /home/ec2-user/arduino-testlib/cli-datadir/user/libraries/SD/src/SD.h:20,
                 from /home/ec2-user/arduino-testlib/cli-datadir/user/libraries/ESP32-targz/src/ESP32-targz.h:17,
                 from /home/ec2-user/arduino-testlib/cli-datadir/user/libraries/ESP32-targz/examples/Test_tar_gz_tgz/Test_tar_gz_tgz.ino:15:
/home/ec2-user/arduino-testlib/cli-datadir/user/libraries/SD/src/utility/Sd2PinMap.h:524:2: error: #error Architecture or board not supported.
 #error Architecture or board not supported.
  ^
Multiple libraries were found for &#34;SD.h&#34;
  Used: /home/ec2-user/arduino-testlib/cli-datadir/user/libraries/SD
  Not used: /home/ec2-user/arduino-testlib/cli-datadir/data/packages/esp32/hardware/esp32/1.0.6/libraries/SD
Multiple libraries were found for &#34;EEPROM.h&#34;
  Used: /home/ec2-user/arduino-testlib/cli-datadir/data/packages/esp32/hardware/esp32/1.0.6/libraries/EEPROM
  Not used: /home/ec2-user/arduino-testlib/cli-datadir/user/libraries/arduino-NVM
  Not used: /home/ec2-user/arduino-testlib/cli-datadir/user/libraries/Hello_Drum
</pre>
					
				
			</div>
		</div>
	</div>
  </body>
</html>
