
<!doctype html>
<html lang="en">
  <head>
    <meta charset="utf-8">
    <meta name="viewport" content="width=device-width, initial-scale=1">
    <link href="https://cdn.jsdelivr.net/npm/bootstrap@5.0.2/dist/css/bootstrap.min.css" rel="stylesheet" integrity="sha384-EVSTQN3/azprG1Anm3QDgpJLIm9Nao0Yz1ztcQTwFspd3yD65VohhpuuCOmLASjC" crossorigin="anonymous">
    <title>arduino-testlib report</title>
	<style>
	.pass { background-color: #00FF00 !important; }
	.fail { background-color: #FF0000 !important; }
	</style>
  </head>
  <body>
	<div class="container">
		<div class="row">
			<div class="col">
				<h1>ESP32_PWM - compatibility matrix</h1>
				<p>
					<small>This report was generated on Monday, 21-Feb-22 12:00:25 CET using 
					<a href="https://github.com/alranel/arduino-testlib">arduino-testlib</a>.</small>
				</p>

				<h2>ESP32_PWM</h2>
				<p>
					Version: <b>1.3.0</b>
					<br />
					<a href="https://www.arduino.cc/reference/en/libraries/esp32_pwm/">More details</a>
				</p>

				<h2>Compatibility matrix</h2>
				<table class="table table-bordered">
					<tr>
						<th>Board</th>
						<th>Claims compatibility</th>
						<th>Inclusion</th>
						
						<th><pre>ISR_Modify_PWM</pre></th>
						
						<th><pre>multiFileProject</pre></th>
						
						<th><pre>ISR_16_PWMs_Array</pre></th>
						
						<th><pre>ISR_16_PWMs_Array_Complex</pre></th>
						
						<th><pre>ISR_16_PWMs_Array_Simple</pre></th>
						
						<th><pre>ISR_Changing_PWM</pre></th>
						
					</tr>
					
					<tr>
						<td>
							<a href="#arduino%3aavr%3auno"><b>arduino:avr:uno</b></a>
							<br />
							<small>1.8.4</small>
						</td>

						
						
						
						
							<td>No</td>
							<td class="fail">FAIL</td>
						

						
							
								
									
										
									
										
									
										
									
										
									
										
											
											<td class="fail">FAIL</td>
										
									
										
									
								
							
								
							
								
							
								
							
								
							
						
							
								
									
										
									
										
									
										
									
										
									
										
									
										
											
											<td class="fail">FAIL</td>
										
									
								
							
								
							
								
							
								
							
								
							
						
							
								
									
										
											
											<td class="fail">FAIL</td>
										
									
										
									
										
									
										
									
										
									
										
									
								
							
								
							
								
							
								
							
								
							
						
							
								
									
										
									
										
											
											<td class="fail">FAIL</td>
										
									
										
									
										
									
										
									
										
									
								
							
								
							
								
							
								
							
								
							
						
							
								
									
										
									
										
									
										
											
											<td class="fail">FAIL</td>
										
									
										
									
										
									
										
									
								
							
								
							
								
							
								
							
								
							
						
							
								
									
										
									
										
									
										
									
										
											
											<td class="fail">FAIL</td>
										
									
										
									
										
									
								
							
								
							
								
							
								
							
								
							
						
					</tr>
					
					<tr>
						<td>
							<a href="#arduino%3ambed_nano%3ananorp2040connect"><b>arduino:mbed_nano:nanorp2040connect</b></a>
							<br />
							<small>2.7.2</small>
						</td>

						
						
						
						
							<td>No</td>
							<td class="fail">FAIL</td>
						

						
							
								
							
								
									
										
									
										
									
										
									
										
									
										
											
											<td class="fail">FAIL</td>
										
									
										
									
								
							
								
							
								
							
								
							
						
							
								
							
								
									
										
									
										
									
										
									
										
									
										
									
										
											
											<td class="fail">FAIL</td>
										
									
								
							
								
							
								
							
								
							
						
							
								
							
								
									
										
											
											<td class="fail">FAIL</td>
										
									
										
									
										
									
										
									
										
									
										
									
								
							
								
							
								
							
								
							
						
							
								
							
								
									
										
									
										
											
											<td class="fail">FAIL</td>
										
									
										
									
										
									
										
									
										
									
								
							
								
							
								
							
								
							
						
							
								
							
								
									
										
									
										
									
										
											
											<td class="fail">FAIL</td>
										
									
										
									
										
									
										
									
								
							
								
							
								
							
								
							
						
							
								
							
								
									
										
									
										
									
										
									
										
											
											<td class="fail">FAIL</td>
										
									
										
									
										
									
								
							
								
							
								
							
								
							
						
					</tr>
					
					<tr>
						<td>
							<a href="#arduino%3amegaavr%3anona4809"><b>arduino:megaavr:nona4809</b></a>
							<br />
							<small>1.8.7</small>
						</td>

						
						
						
						
							<td>No</td>
							<td class="fail">FAIL</td>
						

						
							
								
							
								
							
								
									
										
									
										
									
										
									
										
									
										
											
											<td class="fail">FAIL</td>
										
									
										
									
								
							
								
							
								
							
						
							
								
							
								
							
								
									
										
									
										
									
										
									
										
									
										
									
										
											
											<td class="fail">FAIL</td>
										
									
								
							
								
							
								
							
						
							
								
							
								
							
								
									
										
											
											<td class="fail">FAIL</td>
										
									
										
									
										
									
										
									
										
									
										
									
								
							
								
							
								
							
						
							
								
							
								
							
								
									
										
									
										
											
											<td class="fail">FAIL</td>
										
									
										
									
										
									
										
									
										
									
								
							
								
							
								
							
						
							
								
							
								
							
								
									
										
									
										
									
										
											
											<td class="fail">FAIL</td>
										
									
										
									
										
									
										
									
								
							
								
							
								
							
						
							
								
							
								
							
								
									
										
									
										
									
										
									
										
											
											<td class="fail">FAIL</td>
										
									
										
									
										
									
								
							
								
							
								
							
						
					</tr>
					
					<tr>
						<td>
							<a href="#arduino%3asamd%3amkrwifi1010"><b>arduino:samd:mkrwifi1010</b></a>
							<br />
							<small>1.8.12</small>
						</td>

						
						
						
						
							<td>No</td>
							<td class="fail">FAIL</td>
						

						
							
								
							
								
							
								
							
								
									
										
									
										
									
										
									
										
									
										
											
											<td class="fail">FAIL</td>
										
									
										
									
								
							
								
							
						
							
								
							
								
							
								
							
								
									
										
									
										
									
										
									
										
									
										
									
										
											
											<td class="fail">FAIL</td>
										
									
								
							
								
							
						
							
								
							
								
							
								
							
								
									
										
											
											<td class="fail">FAIL</td>
										
									
										
									
										
									
										
									
										
									
										
									
								
							
								
							
						
							
								
							
								
							
								
							
								
									
										
									
										
											
											<td class="fail">FAIL</td>
										
									
										
									
										
									
										
									
										
									
								
							
								
							
						
							
								
							
								
							
								
							
								
									
										
									
										
									
										
											
											<td class="fail">FAIL</td>
										
									
										
									
										
									
										
									
								
							
								
							
						
							
								
							
								
							
								
							
								
									
										
									
										
									
										
									
										
											
											<td class="fail">FAIL</td>
										
									
										
									
										
									
								
							
								
							
						
					</tr>
					
					<tr>
						<td>
							<a href="#esp32%3aesp32%3ad1_mini32"><b>esp32:esp32:d1_mini32</b></a>
							<br />
							<small>1.0.6</small>
						</td>

						
						
						
							<td>Yes ⚠️</td>
							<td class="fail">FAIL</td>
						
						

						
							
								
							
								
							
								
							
								
							
								
									
										
									
										
									
										
									
										
									
										
											
											<td class="fail">FAIL</td>
										
									
										
									
								
							
						
							
								
							
								
							
								
							
								
							
								
									
										
									
										
									
										
									
										
									
										
									
										
											
											<td class="fail">FAIL</td>
										
									
								
							
						
							
								
							
								
							
								
							
								
							
								
									
										
											
											<td class="fail">FAIL</td>
										
									
										
									
										
									
										
									
										
									
										
									
								
							
						
							
								
							
								
							
								
							
								
							
								
									
										
									
										
											
											<td class="fail">FAIL</td>
										
									
										
									
										
									
										
									
										
									
								
							
						
							
								
							
								
							
								
							
								
							
								
									
										
									
										
									
										
											
											<td class="fail">FAIL</td>
										
									
										
									
										
									
										
									
								
							
						
							
								
							
								
							
								
							
								
							
								
									
										
									
										
									
										
									
										
											
											<td class="fail">FAIL</td>
										
									
										
									
										
									
								
							
						
					</tr>
					
				</table>

				<h2>Compilation logs</h2>
				
				<h3 id="arduino:avr:uno">arduino:avr:uno @ 1.8.4</h3>
				<h4>Inclusion</h4>
				<p>
					Result: <b>FAIL</b>
					
				</p>
				<pre class="pre-scrollable">In file included from /home/ec2-user/arduino-testlib/cli-datadir/user/libraries/ESP32_PWM/src/ESP32_PWM.h:44:0,
                 from /tmp/arduino-testlib1382988401/test/test.ino:1:
/home/ec2-user/arduino-testlib/cli-datadir/user/libraries/ESP32_PWM/src/ESP32_PWM.hpp:45:4: error: #error This code is designed to run on ESP32 platform, not Arduino nor ESP8266! Please check your Tools-&gt;Board setting.
   #error This code is designed to run on ESP32 platform, not Arduino nor ESP8266! Please check your Tools-&gt;Board setting.
    ^~~~~
/home/ec2-user/arduino-testlib/cli-datadir/user/libraries/ESP32_PWM/src/ESP32_PWM.hpp:60:4: error: #error This code is ready to run on the ESP32 platform! Please check your Tools-&gt;Board setting.
   #error This code is ready to run on the ESP32 platform! Please check your Tools-&gt;Board setting.
    ^~~~~
In file included from /home/ec2-user/arduino-testlib/cli-datadir/user/libraries/ESP32_PWM/src/ESP32_PWM.h:44:0,
                 from /tmp/arduino-testlib1382988401/test/test.ino:1:
/home/ec2-user/arduino-testlib/cli-datadir/user/libraries/ESP32_PWM/src/ESP32_PWM.hpp:87:10: fatal error: driver/timer.h: No such file or directory
 #include &lt;driver/timer.h&gt;
          ^~~~~~~~~~~~~~~~
compilation terminated.

</pre>

					
					<h4>examples/ISR_16_PWMs_Array</h4>
					<p>
						Result: <b>FAIL</b>
					</p>
					<pre class="pre-scrollable">/home/ec2-user/arduino-testlib/cli-datadir/user/libraries/ESP32_PWM/examples/ISR_16_PWMs_Array/ISR_16_PWMs_Array.ino:26:4: error: #error This code is designed to run on ESP32 platform, not Arduino nor ESP8266! Please check your Tools-&gt;Board setting.
   #error This code is designed to run on ESP32 platform, not Arduino nor ESP8266! Please check your Tools-&gt;Board setting.
    ^~~~~
In file included from /home/ec2-user/arduino-testlib/cli-datadir/user/libraries/ESP32_PWM/src/ESP32_PWM.h:44:0,
                 from /home/ec2-user/arduino-testlib/cli-datadir/user/libraries/ESP32_PWM/examples/ISR_16_PWMs_Array/ISR_16_PWMs_Array.ino:41:
/home/ec2-user/arduino-testlib/cli-datadir/user/libraries/ESP32_PWM/src/ESP32_PWM.hpp:45:4: error: #error This code is designed to run on ESP32 platform, not Arduino nor ESP8266! Please check your Tools-&gt;Board setting.
   #error This code is designed to run on ESP32 platform, not Arduino nor ESP8266! Please check your Tools-&gt;Board setting.
    ^~~~~
/home/ec2-user/arduino-testlib/cli-datadir/user/libraries/ESP32_PWM/src/ESP32_PWM.hpp:60:4: error: #error This code is ready to run on the ESP32 platform! Please check your Tools-&gt;Board setting.
   #error This code is ready to run on the ESP32 platform! Please check your Tools-&gt;Board setting.
    ^~~~~
In file included from /home/ec2-user/arduino-testlib/cli-datadir/user/libraries/ESP32_PWM/src/ESP32_PWM.h:44:0,
                 from /home/ec2-user/arduino-testlib/cli-datadir/user/libraries/ESP32_PWM/examples/ISR_16_PWMs_Array/ISR_16_PWMs_Array.ino:41:
/home/ec2-user/arduino-testlib/cli-datadir/user/libraries/ESP32_PWM/src/ESP32_PWM.hpp:87:10: fatal error: driver/timer.h: No such file or directory
 #include &lt;driver/timer.h&gt;
          ^~~~~~~~~~~~~~~~
compilation terminated.

</pre>
					
					<h4>examples/ISR_16_PWMs_Array_Complex</h4>
					<p>
						Result: <b>FAIL</b>
					</p>
					<pre class="pre-scrollable">/home/ec2-user/arduino-testlib/cli-datadir/user/libraries/ESP32_PWM/examples/ISR_16_PWMs_Array_Complex/ISR_16_PWMs_Array_Complex.ino:26:4: error: #error This code is designed to run on ESP32 platform, not Arduino nor ESP8266! Please check your Tools-&gt;Board setting.
   #error This code is designed to run on ESP32 platform, not Arduino nor ESP8266! Please check your Tools-&gt;Board setting.
    ^~~~~
In file included from /home/ec2-user/arduino-testlib/cli-datadir/user/libraries/ESP32_PWM/src/ESP32_PWM.h:44:0,
                 from /home/ec2-user/arduino-testlib/cli-datadir/user/libraries/ESP32_PWM/examples/ISR_16_PWMs_Array_Complex/ISR_16_PWMs_Array_Complex.ino:40:
/home/ec2-user/arduino-testlib/cli-datadir/user/libraries/ESP32_PWM/src/ESP32_PWM.hpp:45:4: error: #error This code is designed to run on ESP32 platform, not Arduino nor ESP8266! Please check your Tools-&gt;Board setting.
   #error This code is designed to run on ESP32 platform, not Arduino nor ESP8266! Please check your Tools-&gt;Board setting.
    ^~~~~
/home/ec2-user/arduino-testlib/cli-datadir/user/libraries/ESP32_PWM/src/ESP32_PWM.hpp:60:4: error: #error This code is ready to run on the ESP32 platform! Please check your Tools-&gt;Board setting.
   #error This code is ready to run on the ESP32 platform! Please check your Tools-&gt;Board setting.
    ^~~~~
In file included from /home/ec2-user/arduino-testlib/cli-datadir/user/libraries/ESP32_PWM/src/ESP32_PWM.h:44:0,
                 from /home/ec2-user/arduino-testlib/cli-datadir/user/libraries/ESP32_PWM/examples/ISR_16_PWMs_Array_Complex/ISR_16_PWMs_Array_Complex.ino:40:
/home/ec2-user/arduino-testlib/cli-datadir/user/libraries/ESP32_PWM/src/ESP32_PWM.hpp:87:10: fatal error: driver/timer.h: No such file or directory
 #include &lt;driver/timer.h&gt;
          ^~~~~~~~~~~~~~~~
compilation terminated.

</pre>
					
					<h4>examples/ISR_16_PWMs_Array_Simple</h4>
					<p>
						Result: <b>FAIL</b>
					</p>
					<pre class="pre-scrollable">/home/ec2-user/arduino-testlib/cli-datadir/user/libraries/ESP32_PWM/examples/ISR_16_PWMs_Array_Simple/ISR_16_PWMs_Array_Simple.ino:26:4: error: #error This code is designed to run on ESP32 platform, not Arduino nor ESP8266! Please check your Tools-&gt;Board setting.
   #error This code is designed to run on ESP32 platform, not Arduino nor ESP8266! Please check your Tools-&gt;Board setting.
    ^~~~~
In file included from /home/ec2-user/arduino-testlib/cli-datadir/user/libraries/ESP32_PWM/src/ESP32_PWM.h:44:0,
                 from /home/ec2-user/arduino-testlib/cli-datadir/user/libraries/ESP32_PWM/examples/ISR_16_PWMs_Array_Simple/ISR_16_PWMs_Array_Simple.ino:40:
/home/ec2-user/arduino-testlib/cli-datadir/user/libraries/ESP32_PWM/src/ESP32_PWM.hpp:45:4: error: #error This code is designed to run on ESP32 platform, not Arduino nor ESP8266! Please check your Tools-&gt;Board setting.
   #error This code is designed to run on ESP32 platform, not Arduino nor ESP8266! Please check your Tools-&gt;Board setting.
    ^~~~~
/home/ec2-user/arduino-testlib/cli-datadir/user/libraries/ESP32_PWM/src/ESP32_PWM.hpp:60:4: error: #error This code is ready to run on the ESP32 platform! Please check your Tools-&gt;Board setting.
   #error This code is ready to run on the ESP32 platform! Please check your Tools-&gt;Board setting.
    ^~~~~
In file included from /home/ec2-user/arduino-testlib/cli-datadir/user/libraries/ESP32_PWM/src/ESP32_PWM.h:44:0,
                 from /home/ec2-user/arduino-testlib/cli-datadir/user/libraries/ESP32_PWM/examples/ISR_16_PWMs_Array_Simple/ISR_16_PWMs_Array_Simple.ino:40:
/home/ec2-user/arduino-testlib/cli-datadir/user/libraries/ESP32_PWM/src/ESP32_PWM.hpp:87:10: fatal error: driver/timer.h: No such file or directory
 #include &lt;driver/timer.h&gt;
          ^~~~~~~~~~~~~~~~
compilation terminated.

</pre>
					
					<h4>examples/ISR_Changing_PWM</h4>
					<p>
						Result: <b>FAIL</b>
					</p>
					<pre class="pre-scrollable">/home/ec2-user/arduino-testlib/cli-datadir/user/libraries/ESP32_PWM/examples/ISR_Changing_PWM/ISR_Changing_PWM.ino:26:4: error: #error This code is designed to run on ESP32 platform, not Arduino nor ESP8266! Please check your Tools-&gt;Board setting.
   #error This code is designed to run on ESP32 platform, not Arduino nor ESP8266! Please check your Tools-&gt;Board setting.
    ^~~~~
In file included from /home/ec2-user/arduino-testlib/cli-datadir/user/libraries/ESP32_PWM/src/ESP32_PWM.h:44:0,
                 from /home/ec2-user/arduino-testlib/cli-datadir/user/libraries/ESP32_PWM/examples/ISR_Changing_PWM/ISR_Changing_PWM.ino:40:
/home/ec2-user/arduino-testlib/cli-datadir/user/libraries/ESP32_PWM/src/ESP32_PWM.hpp:45:4: error: #error This code is designed to run on ESP32 platform, not Arduino nor ESP8266! Please check your Tools-&gt;Board setting.
   #error This code is designed to run on ESP32 platform, not Arduino nor ESP8266! Please check your Tools-&gt;Board setting.
    ^~~~~
/home/ec2-user/arduino-testlib/cli-datadir/user/libraries/ESP32_PWM/src/ESP32_PWM.hpp:60:4: error: #error This code is ready to run on the ESP32 platform! Please check your Tools-&gt;Board setting.
   #error This code is ready to run on the ESP32 platform! Please check your Tools-&gt;Board setting.
    ^~~~~
In file included from /home/ec2-user/arduino-testlib/cli-datadir/user/libraries/ESP32_PWM/src/ESP32_PWM.h:44:0,
                 from /home/ec2-user/arduino-testlib/cli-datadir/user/libraries/ESP32_PWM/examples/ISR_Changing_PWM/ISR_Changing_PWM.ino:40:
/home/ec2-user/arduino-testlib/cli-datadir/user/libraries/ESP32_PWM/src/ESP32_PWM.hpp:87:10: fatal error: driver/timer.h: No such file or directory
 #include &lt;driver/timer.h&gt;
          ^~~~~~~~~~~~~~~~
compilation terminated.

</pre>
					
					<h4>examples/ISR_Modify_PWM</h4>
					<p>
						Result: <b>FAIL</b>
					</p>
					<pre class="pre-scrollable">/home/ec2-user/arduino-testlib/cli-datadir/user/libraries/ESP32_PWM/examples/ISR_Modify_PWM/ISR_Modify_PWM.ino:26:4: error: #error This code is designed to run on ESP32 platform, not Arduino nor ESP8266! Please check your Tools-&gt;Board setting.
   #error This code is designed to run on ESP32 platform, not Arduino nor ESP8266! Please check your Tools-&gt;Board setting.
    ^~~~~
In file included from /home/ec2-user/arduino-testlib/cli-datadir/user/libraries/ESP32_PWM/src/ESP32_PWM.h:44:0,
                 from /home/ec2-user/arduino-testlib/cli-datadir/user/libraries/ESP32_PWM/examples/ISR_Modify_PWM/ISR_Modify_PWM.ino:40:
/home/ec2-user/arduino-testlib/cli-datadir/user/libraries/ESP32_PWM/src/ESP32_PWM.hpp:45:4: error: #error This code is designed to run on ESP32 platform, not Arduino nor ESP8266! Please check your Tools-&gt;Board setting.
   #error This code is designed to run on ESP32 platform, not Arduino nor ESP8266! Please check your Tools-&gt;Board setting.
    ^~~~~
/home/ec2-user/arduino-testlib/cli-datadir/user/libraries/ESP32_PWM/src/ESP32_PWM.hpp:60:4: error: #error This code is ready to run on the ESP32 platform! Please check your Tools-&gt;Board setting.
   #error This code is ready to run on the ESP32 platform! Please check your Tools-&gt;Board setting.
    ^~~~~
In file included from /home/ec2-user/arduino-testlib/cli-datadir/user/libraries/ESP32_PWM/src/ESP32_PWM.h:44:0,
                 from /home/ec2-user/arduino-testlib/cli-datadir/user/libraries/ESP32_PWM/examples/ISR_Modify_PWM/ISR_Modify_PWM.ino:40:
/home/ec2-user/arduino-testlib/cli-datadir/user/libraries/ESP32_PWM/src/ESP32_PWM.hpp:87:10: fatal error: driver/timer.h: No such file or directory
 #include &lt;driver/timer.h&gt;
          ^~~~~~~~~~~~~~~~
compilation terminated.

</pre>
					
					<h4>examples/multiFileProject</h4>
					<p>
						Result: <b>FAIL</b>
					</p>
					<pre class="pre-scrollable">/home/ec2-user/arduino-testlib/cli-datadir/user/libraries/ESP32_PWM/examples/multiFileProject/multiFileProject.ino:14:4: error: #error This code is designed to run on ESP32 platform, not Arduino nor ESP8266! Please check your Tools-&gt;Board setting.
   #error This code is designed to run on ESP32 platform, not Arduino nor ESP8266! Please check your Tools-&gt;Board setting.
    ^~~~~
In file included from /home/ec2-user/arduino-testlib/cli-datadir/user/libraries/ESP32_PWM/examples/multiFileProject/multiFileProject.h:21:0,
                 from /home/ec2-user/arduino-testlib/cli-datadir/user/libraries/ESP32_PWM/examples/multiFileProject/multiFileProject.ino:25:
/home/ec2-user/arduino-testlib/cli-datadir/user/libraries/ESP32_PWM/src/ESP32_PWM.hpp:45:4: error: #error This code is designed to run on ESP32 platform, not Arduino nor ESP8266! Please check your Tools-&gt;Board setting.
   #error This code is designed to run on ESP32 platform, not Arduino nor ESP8266! Please check your Tools-&gt;Board setting.
    ^~~~~
/home/ec2-user/arduino-testlib/cli-datadir/user/libraries/ESP32_PWM/src/ESP32_PWM.hpp:60:4: error: #error This code is ready to run on the ESP32 platform! Please check your Tools-&gt;Board setting.
   #error This code is ready to run on the ESP32 platform! Please check your Tools-&gt;Board setting.
    ^~~~~
In file included from /home/ec2-user/arduino-testlib/cli-datadir/user/libraries/ESP32_PWM/examples/multiFileProject/multiFileProject.h:21:0,
                 from /home/ec2-user/arduino-testlib/cli-datadir/user/libraries/ESP32_PWM/examples/multiFileProject/multiFileProject.ino:25:
/home/ec2-user/arduino-testlib/cli-datadir/user/libraries/ESP32_PWM/src/ESP32_PWM.hpp:87:10: fatal error: driver/timer.h: No such file or directory
 #include &lt;driver/timer.h&gt;
          ^~~~~~~~~~~~~~~~
compilation terminated.

</pre>
					
				
				<h3 id="arduino:mbed_nano:nanorp2040connect">arduino:mbed_nano:nanorp2040connect @ 2.7.2</h3>
				<h4>Inclusion</h4>
				<p>
					Result: <b>FAIL</b>
					
				</p>
				<pre class="pre-scrollable">In file included from /home/ec2-user/arduino-testlib/cli-datadir/user/libraries/ESP32_PWM/src/ESP32_PWM.h:44:0,
                 from /tmp/arduino-testlib1938037155/test/test.ino:1:
/home/ec2-user/arduino-testlib/cli-datadir/user/libraries/ESP32_PWM/src/ESP32_PWM.hpp:45:4: error: #error This code is designed to run on ESP32 platform, not Arduino nor ESP8266! Please check your Tools-&gt;Board setting.
   #error This code is designed to run on ESP32 platform, not Arduino nor ESP8266! Please check your Tools-&gt;Board setting.
    ^~~~~
/home/ec2-user/arduino-testlib/cli-datadir/user/libraries/ESP32_PWM/src/ESP32_PWM.hpp:60:4: error: #error This code is ready to run on the ESP32 platform! Please check your Tools-&gt;Board setting.
   #error This code is ready to run on the ESP32 platform! Please check your Tools-&gt;Board setting.
    ^~~~~
In file included from /home/ec2-user/arduino-testlib/cli-datadir/user/libraries/ESP32_PWM/src/ESP32_PWM.h:44:0,
                 from /tmp/arduino-testlib1938037155/test/test.ino:1:
/home/ec2-user/arduino-testlib/cli-datadir/user/libraries/ESP32_PWM/src/ESP32_PWM.hpp:87:10: fatal error: driver/timer.h: No such file or directory
 #include &lt;driver/timer.h&gt;
          ^~~~~~~~~~~~~~~~
compilation terminated.

</pre>

					
					<h4>examples/ISR_16_PWMs_Array</h4>
					<p>
						Result: <b>FAIL</b>
					</p>
					<pre class="pre-scrollable">/home/ec2-user/arduino-testlib/cli-datadir/user/libraries/ESP32_PWM/examples/ISR_16_PWMs_Array/ISR_16_PWMs_Array.ino:26:4: error: #error This code is designed to run on ESP32 platform, not Arduino nor ESP8266! Please check your Tools-&gt;Board setting.
   #error This code is designed to run on ESP32 platform, not Arduino nor ESP8266! Please check your Tools-&gt;Board setting.
    ^~~~~
In file included from /home/ec2-user/arduino-testlib/cli-datadir/user/libraries/ESP32_PWM/src/ESP32_PWM.h:44:0,
                 from /home/ec2-user/arduino-testlib/cli-datadir/user/libraries/ESP32_PWM/examples/ISR_16_PWMs_Array/ISR_16_PWMs_Array.ino:41:
/home/ec2-user/arduino-testlib/cli-datadir/user/libraries/ESP32_PWM/src/ESP32_PWM.hpp:45:4: error: #error This code is designed to run on ESP32 platform, not Arduino nor ESP8266! Please check your Tools-&gt;Board setting.
   #error This code is designed to run on ESP32 platform, not Arduino nor ESP8266! Please check your Tools-&gt;Board setting.
    ^~~~~
/home/ec2-user/arduino-testlib/cli-datadir/user/libraries/ESP32_PWM/src/ESP32_PWM.hpp:60:4: error: #error This code is ready to run on the ESP32 platform! Please check your Tools-&gt;Board setting.
   #error This code is ready to run on the ESP32 platform! Please check your Tools-&gt;Board setting.
    ^~~~~
In file included from /home/ec2-user/arduino-testlib/cli-datadir/user/libraries/ESP32_PWM/src/ESP32_PWM.h:44:0,
                 from /home/ec2-user/arduino-testlib/cli-datadir/user/libraries/ESP32_PWM/examples/ISR_16_PWMs_Array/ISR_16_PWMs_Array.ino:41:
/home/ec2-user/arduino-testlib/cli-datadir/user/libraries/ESP32_PWM/src/ESP32_PWM.hpp:87:10: fatal error: driver/timer.h: No such file or directory
 #include &lt;driver/timer.h&gt;
          ^~~~~~~~~~~~~~~~
compilation terminated.

</pre>
					
					<h4>examples/ISR_16_PWMs_Array_Complex</h4>
					<p>
						Result: <b>FAIL</b>
					</p>
					<pre class="pre-scrollable">/home/ec2-user/arduino-testlib/cli-datadir/user/libraries/ESP32_PWM/examples/ISR_16_PWMs_Array_Complex/ISR_16_PWMs_Array_Complex.ino:26:4: error: #error This code is designed to run on ESP32 platform, not Arduino nor ESP8266! Please check your Tools-&gt;Board setting.
   #error This code is designed to run on ESP32 platform, not Arduino nor ESP8266! Please check your Tools-&gt;Board setting.
    ^~~~~
In file included from /home/ec2-user/arduino-testlib/cli-datadir/user/libraries/ESP32_PWM/src/ESP32_PWM.h:44:0,
                 from /home/ec2-user/arduino-testlib/cli-datadir/user/libraries/ESP32_PWM/examples/ISR_16_PWMs_Array_Complex/ISR_16_PWMs_Array_Complex.ino:40:
/home/ec2-user/arduino-testlib/cli-datadir/user/libraries/ESP32_PWM/src/ESP32_PWM.hpp:45:4: error: #error This code is designed to run on ESP32 platform, not Arduino nor ESP8266! Please check your Tools-&gt;Board setting.
   #error This code is designed to run on ESP32 platform, not Arduino nor ESP8266! Please check your Tools-&gt;Board setting.
    ^~~~~
/home/ec2-user/arduino-testlib/cli-datadir/user/libraries/ESP32_PWM/src/ESP32_PWM.hpp:60:4: error: #error This code is ready to run on the ESP32 platform! Please check your Tools-&gt;Board setting.
   #error This code is ready to run on the ESP32 platform! Please check your Tools-&gt;Board setting.
    ^~~~~
In file included from /home/ec2-user/arduino-testlib/cli-datadir/user/libraries/ESP32_PWM/src/ESP32_PWM.h:44:0,
                 from /home/ec2-user/arduino-testlib/cli-datadir/user/libraries/ESP32_PWM/examples/ISR_16_PWMs_Array_Complex/ISR_16_PWMs_Array_Complex.ino:40:
/home/ec2-user/arduino-testlib/cli-datadir/user/libraries/ESP32_PWM/src/ESP32_PWM.hpp:87:10: fatal error: driver/timer.h: No such file or directory
 #include &lt;driver/timer.h&gt;
          ^~~~~~~~~~~~~~~~
compilation terminated.

</pre>
					
					<h4>examples/ISR_16_PWMs_Array_Simple</h4>
					<p>
						Result: <b>FAIL</b>
					</p>
					<pre class="pre-scrollable">/home/ec2-user/arduino-testlib/cli-datadir/user/libraries/ESP32_PWM/examples/ISR_16_PWMs_Array_Simple/ISR_16_PWMs_Array_Simple.ino:26:4: error: #error This code is designed to run on ESP32 platform, not Arduino nor ESP8266! Please check your Tools-&gt;Board setting.
   #error This code is designed to run on ESP32 platform, not Arduino nor ESP8266! Please check your Tools-&gt;Board setting.
    ^~~~~
In file included from /home/ec2-user/arduino-testlib/cli-datadir/user/libraries/ESP32_PWM/src/ESP32_PWM.h:44:0,
                 from /home/ec2-user/arduino-testlib/cli-datadir/user/libraries/ESP32_PWM/examples/ISR_16_PWMs_Array_Simple/ISR_16_PWMs_Array_Simple.ino:40:
/home/ec2-user/arduino-testlib/cli-datadir/user/libraries/ESP32_PWM/src/ESP32_PWM.hpp:45:4: error: #error This code is designed to run on ESP32 platform, not Arduino nor ESP8266! Please check your Tools-&gt;Board setting.
   #error This code is designed to run on ESP32 platform, not Arduino nor ESP8266! Please check your Tools-&gt;Board setting.
    ^~~~~
/home/ec2-user/arduino-testlib/cli-datadir/user/libraries/ESP32_PWM/src/ESP32_PWM.hpp:60:4: error: #error This code is ready to run on the ESP32 platform! Please check your Tools-&gt;Board setting.
   #error This code is ready to run on the ESP32 platform! Please check your Tools-&gt;Board setting.
    ^~~~~
In file included from /home/ec2-user/arduino-testlib/cli-datadir/user/libraries/ESP32_PWM/src/ESP32_PWM.h:44:0,
                 from /home/ec2-user/arduino-testlib/cli-datadir/user/libraries/ESP32_PWM/examples/ISR_16_PWMs_Array_Simple/ISR_16_PWMs_Array_Simple.ino:40:
/home/ec2-user/arduino-testlib/cli-datadir/user/libraries/ESP32_PWM/src/ESP32_PWM.hpp:87:10: fatal error: driver/timer.h: No such file or directory
 #include &lt;driver/timer.h&gt;
          ^~~~~~~~~~~~~~~~
compilation terminated.

</pre>
					
					<h4>examples/ISR_Changing_PWM</h4>
					<p>
						Result: <b>FAIL</b>
					</p>
					<pre class="pre-scrollable">/home/ec2-user/arduino-testlib/cli-datadir/user/libraries/ESP32_PWM/examples/ISR_Changing_PWM/ISR_Changing_PWM.ino:26:4: error: #error This code is designed to run on ESP32 platform, not Arduino nor ESP8266! Please check your Tools-&gt;Board setting.
   #error This code is designed to run on ESP32 platform, not Arduino nor ESP8266! Please check your Tools-&gt;Board setting.
    ^~~~~
In file included from /home/ec2-user/arduino-testlib/cli-datadir/user/libraries/ESP32_PWM/src/ESP32_PWM.h:44:0,
                 from /home/ec2-user/arduino-testlib/cli-datadir/user/libraries/ESP32_PWM/examples/ISR_Changing_PWM/ISR_Changing_PWM.ino:40:
/home/ec2-user/arduino-testlib/cli-datadir/user/libraries/ESP32_PWM/src/ESP32_PWM.hpp:45:4: error: #error This code is designed to run on ESP32 platform, not Arduino nor ESP8266! Please check your Tools-&gt;Board setting.
   #error This code is designed to run on ESP32 platform, not Arduino nor ESP8266! Please check your Tools-&gt;Board setting.
    ^~~~~
/home/ec2-user/arduino-testlib/cli-datadir/user/libraries/ESP32_PWM/src/ESP32_PWM.hpp:60:4: error: #error This code is ready to run on the ESP32 platform! Please check your Tools-&gt;Board setting.
   #error This code is ready to run on the ESP32 platform! Please check your Tools-&gt;Board setting.
    ^~~~~
In file included from /home/ec2-user/arduino-testlib/cli-datadir/user/libraries/ESP32_PWM/src/ESP32_PWM.h:44:0,
                 from /home/ec2-user/arduino-testlib/cli-datadir/user/libraries/ESP32_PWM/examples/ISR_Changing_PWM/ISR_Changing_PWM.ino:40:
/home/ec2-user/arduino-testlib/cli-datadir/user/libraries/ESP32_PWM/src/ESP32_PWM.hpp:87:10: fatal error: driver/timer.h: No such file or directory
 #include &lt;driver/timer.h&gt;
          ^~~~~~~~~~~~~~~~
compilation terminated.

</pre>
					
					<h4>examples/ISR_Modify_PWM</h4>
					<p>
						Result: <b>FAIL</b>
					</p>
					<pre class="pre-scrollable">/home/ec2-user/arduino-testlib/cli-datadir/user/libraries/ESP32_PWM/examples/ISR_Modify_PWM/ISR_Modify_PWM.ino:26:4: error: #error This code is designed to run on ESP32 platform, not Arduino nor ESP8266! Please check your Tools-&gt;Board setting.
   #error This code is designed to run on ESP32 platform, not Arduino nor ESP8266! Please check your Tools-&gt;Board setting.
    ^~~~~
In file included from /home/ec2-user/arduino-testlib/cli-datadir/user/libraries/ESP32_PWM/src/ESP32_PWM.h:44:0,
                 from /home/ec2-user/arduino-testlib/cli-datadir/user/libraries/ESP32_PWM/examples/ISR_Modify_PWM/ISR_Modify_PWM.ino:40:
/home/ec2-user/arduino-testlib/cli-datadir/user/libraries/ESP32_PWM/src/ESP32_PWM.hpp:45:4: error: #error This code is designed to run on ESP32 platform, not Arduino nor ESP8266! Please check your Tools-&gt;Board setting.
   #error This code is designed to run on ESP32 platform, not Arduino nor ESP8266! Please check your Tools-&gt;Board setting.
    ^~~~~
/home/ec2-user/arduino-testlib/cli-datadir/user/libraries/ESP32_PWM/src/ESP32_PWM.hpp:60:4: error: #error This code is ready to run on the ESP32 platform! Please check your Tools-&gt;Board setting.
   #error This code is ready to run on the ESP32 platform! Please check your Tools-&gt;Board setting.
    ^~~~~
In file included from /home/ec2-user/arduino-testlib/cli-datadir/user/libraries/ESP32_PWM/src/ESP32_PWM.h:44:0,
                 from /home/ec2-user/arduino-testlib/cli-datadir/user/libraries/ESP32_PWM/examples/ISR_Modify_PWM/ISR_Modify_PWM.ino:40:
/home/ec2-user/arduino-testlib/cli-datadir/user/libraries/ESP32_PWM/src/ESP32_PWM.hpp:87:10: fatal error: driver/timer.h: No such file or directory
 #include &lt;driver/timer.h&gt;
          ^~~~~~~~~~~~~~~~
compilation terminated.

</pre>
					
					<h4>examples/multiFileProject</h4>
					<p>
						Result: <b>FAIL</b>
					</p>
					<pre class="pre-scrollable">/home/ec2-user/arduino-testlib/cli-datadir/user/libraries/ESP32_PWM/examples/multiFileProject/multiFileProject.ino:14:4: error: #error This code is designed to run on ESP32 platform, not Arduino nor ESP8266! Please check your Tools-&gt;Board setting.
   #error This code is designed to run on ESP32 platform, not Arduino nor ESP8266! Please check your Tools-&gt;Board setting.
    ^~~~~
In file included from /home/ec2-user/arduino-testlib/cli-datadir/user/libraries/ESP32_PWM/examples/multiFileProject/multiFileProject.h:21:0,
                 from /home/ec2-user/arduino-testlib/cli-datadir/user/libraries/ESP32_PWM/examples/multiFileProject/multiFileProject.ino:25:
/home/ec2-user/arduino-testlib/cli-datadir/user/libraries/ESP32_PWM/src/ESP32_PWM.hpp:45:4: error: #error This code is designed to run on ESP32 platform, not Arduino nor ESP8266! Please check your Tools-&gt;Board setting.
   #error This code is designed to run on ESP32 platform, not Arduino nor ESP8266! Please check your Tools-&gt;Board setting.
    ^~~~~
/home/ec2-user/arduino-testlib/cli-datadir/user/libraries/ESP32_PWM/src/ESP32_PWM.hpp:60:4: error: #error This code is ready to run on the ESP32 platform! Please check your Tools-&gt;Board setting.
   #error This code is ready to run on the ESP32 platform! Please check your Tools-&gt;Board setting.
    ^~~~~
In file included from /home/ec2-user/arduino-testlib/cli-datadir/user/libraries/ESP32_PWM/examples/multiFileProject/multiFileProject.h:21:0,
                 from /home/ec2-user/arduino-testlib/cli-datadir/user/libraries/ESP32_PWM/examples/multiFileProject/multiFileProject.ino:25:
/home/ec2-user/arduino-testlib/cli-datadir/user/libraries/ESP32_PWM/src/ESP32_PWM.hpp:87:10: fatal error: driver/timer.h: No such file or directory
 #include &lt;driver/timer.h&gt;
          ^~~~~~~~~~~~~~~~
compilation terminated.

</pre>
					
				
				<h3 id="arduino:megaavr:nona4809">arduino:megaavr:nona4809 @ 1.8.7</h3>
				<h4>Inclusion</h4>
				<p>
					Result: <b>FAIL</b>
					
				</p>
				<pre class="pre-scrollable">In file included from /home/ec2-user/arduino-testlib/cli-datadir/user/libraries/ESP32_PWM/src/ESP32_PWM.h:44:0,
                 from /tmp/arduino-testlib1938037155/test/test.ino:1:
/home/ec2-user/arduino-testlib/cli-datadir/user/libraries/ESP32_PWM/src/ESP32_PWM.hpp:45:4: error: #error This code is designed to run on ESP32 platform, not Arduino nor ESP8266! Please check your Tools-&gt;Board setting.
   #error This code is designed to run on ESP32 platform, not Arduino nor ESP8266! Please check your Tools-&gt;Board setting.
    ^~~~~
/home/ec2-user/arduino-testlib/cli-datadir/user/libraries/ESP32_PWM/src/ESP32_PWM.hpp:60:4: error: #error This code is ready to run on the ESP32 platform! Please check your Tools-&gt;Board setting.
   #error This code is ready to run on the ESP32 platform! Please check your Tools-&gt;Board setting.
    ^~~~~
In file included from /home/ec2-user/arduino-testlib/cli-datadir/user/libraries/ESP32_PWM/src/ESP32_PWM.h:44:0,
                 from /tmp/arduino-testlib1938037155/test/test.ino:1:
/home/ec2-user/arduino-testlib/cli-datadir/user/libraries/ESP32_PWM/src/ESP32_PWM.hpp:87:10: fatal error: driver/timer.h: No such file or directory
 #include &lt;driver/timer.h&gt;
          ^~~~~~~~~~~~~~~~
compilation terminated.

</pre>

					
					<h4>examples/ISR_16_PWMs_Array</h4>
					<p>
						Result: <b>FAIL</b>
					</p>
					<pre class="pre-scrollable">/home/ec2-user/arduino-testlib/cli-datadir/user/libraries/ESP32_PWM/examples/ISR_16_PWMs_Array/ISR_16_PWMs_Array.ino:26:4: error: #error This code is designed to run on ESP32 platform, not Arduino nor ESP8266! Please check your Tools-&gt;Board setting.
   #error This code is designed to run on ESP32 platform, not Arduino nor ESP8266! Please check your Tools-&gt;Board setting.
    ^~~~~
In file included from /home/ec2-user/arduino-testlib/cli-datadir/user/libraries/ESP32_PWM/src/ESP32_PWM.h:44:0,
                 from /home/ec2-user/arduino-testlib/cli-datadir/user/libraries/ESP32_PWM/examples/ISR_16_PWMs_Array/ISR_16_PWMs_Array.ino:41:
/home/ec2-user/arduino-testlib/cli-datadir/user/libraries/ESP32_PWM/src/ESP32_PWM.hpp:45:4: error: #error This code is designed to run on ESP32 platform, not Arduino nor ESP8266! Please check your Tools-&gt;Board setting.
   #error This code is designed to run on ESP32 platform, not Arduino nor ESP8266! Please check your Tools-&gt;Board setting.
    ^~~~~
/home/ec2-user/arduino-testlib/cli-datadir/user/libraries/ESP32_PWM/src/ESP32_PWM.hpp:60:4: error: #error This code is ready to run on the ESP32 platform! Please check your Tools-&gt;Board setting.
   #error This code is ready to run on the ESP32 platform! Please check your Tools-&gt;Board setting.
    ^~~~~
In file included from /home/ec2-user/arduino-testlib/cli-datadir/user/libraries/ESP32_PWM/src/ESP32_PWM.h:44:0,
                 from /home/ec2-user/arduino-testlib/cli-datadir/user/libraries/ESP32_PWM/examples/ISR_16_PWMs_Array/ISR_16_PWMs_Array.ino:41:
/home/ec2-user/arduino-testlib/cli-datadir/user/libraries/ESP32_PWM/src/ESP32_PWM.hpp:87:10: fatal error: driver/timer.h: No such file or directory
 #include &lt;driver/timer.h&gt;
          ^~~~~~~~~~~~~~~~
compilation terminated.

</pre>
					
					<h4>examples/ISR_16_PWMs_Array_Complex</h4>
					<p>
						Result: <b>FAIL</b>
					</p>
					<pre class="pre-scrollable">/home/ec2-user/arduino-testlib/cli-datadir/user/libraries/ESP32_PWM/examples/ISR_16_PWMs_Array_Complex/ISR_16_PWMs_Array_Complex.ino:26:4: error: #error This code is designed to run on ESP32 platform, not Arduino nor ESP8266! Please check your Tools-&gt;Board setting.
   #error This code is designed to run on ESP32 platform, not Arduino nor ESP8266! Please check your Tools-&gt;Board setting.
    ^~~~~
In file included from /home/ec2-user/arduino-testlib/cli-datadir/user/libraries/ESP32_PWM/src/ESP32_PWM.h:44:0,
                 from /home/ec2-user/arduino-testlib/cli-datadir/user/libraries/ESP32_PWM/examples/ISR_16_PWMs_Array_Complex/ISR_16_PWMs_Array_Complex.ino:40:
/home/ec2-user/arduino-testlib/cli-datadir/user/libraries/ESP32_PWM/src/ESP32_PWM.hpp:45:4: error: #error This code is designed to run on ESP32 platform, not Arduino nor ESP8266! Please check your Tools-&gt;Board setting.
   #error This code is designed to run on ESP32 platform, not Arduino nor ESP8266! Please check your Tools-&gt;Board setting.
    ^~~~~
/home/ec2-user/arduino-testlib/cli-datadir/user/libraries/ESP32_PWM/src/ESP32_PWM.hpp:60:4: error: #error This code is ready to run on the ESP32 platform! Please check your Tools-&gt;Board setting.
   #error This code is ready to run on the ESP32 platform! Please check your Tools-&gt;Board setting.
    ^~~~~
In file included from /home/ec2-user/arduino-testlib/cli-datadir/user/libraries/ESP32_PWM/src/ESP32_PWM.h:44:0,
                 from /home/ec2-user/arduino-testlib/cli-datadir/user/libraries/ESP32_PWM/examples/ISR_16_PWMs_Array_Complex/ISR_16_PWMs_Array_Complex.ino:40:
/home/ec2-user/arduino-testlib/cli-datadir/user/libraries/ESP32_PWM/src/ESP32_PWM.hpp:87:10: fatal error: driver/timer.h: No such file or directory
 #include &lt;driver/timer.h&gt;
          ^~~~~~~~~~~~~~~~
compilation terminated.

</pre>
					
					<h4>examples/ISR_16_PWMs_Array_Simple</h4>
					<p>
						Result: <b>FAIL</b>
					</p>
					<pre class="pre-scrollable">/home/ec2-user/arduino-testlib/cli-datadir/user/libraries/ESP32_PWM/examples/ISR_16_PWMs_Array_Simple/ISR_16_PWMs_Array_Simple.ino:26:4: error: #error This code is designed to run on ESP32 platform, not Arduino nor ESP8266! Please check your Tools-&gt;Board setting.
   #error This code is designed to run on ESP32 platform, not Arduino nor ESP8266! Please check your Tools-&gt;Board setting.
    ^~~~~
In file included from /home/ec2-user/arduino-testlib/cli-datadir/user/libraries/ESP32_PWM/src/ESP32_PWM.h:44:0,
                 from /home/ec2-user/arduino-testlib/cli-datadir/user/libraries/ESP32_PWM/examples/ISR_16_PWMs_Array_Simple/ISR_16_PWMs_Array_Simple.ino:40:
/home/ec2-user/arduino-testlib/cli-datadir/user/libraries/ESP32_PWM/src/ESP32_PWM.hpp:45:4: error: #error This code is designed to run on ESP32 platform, not Arduino nor ESP8266! Please check your Tools-&gt;Board setting.
   #error This code is designed to run on ESP32 platform, not Arduino nor ESP8266! Please check your Tools-&gt;Board setting.
    ^~~~~
/home/ec2-user/arduino-testlib/cli-datadir/user/libraries/ESP32_PWM/src/ESP32_PWM.hpp:60:4: error: #error This code is ready to run on the ESP32 platform! Please check your Tools-&gt;Board setting.
   #error This code is ready to run on the ESP32 platform! Please check your Tools-&gt;Board setting.
    ^~~~~
In file included from /home/ec2-user/arduino-testlib/cli-datadir/user/libraries/ESP32_PWM/src/ESP32_PWM.h:44:0,
                 from /home/ec2-user/arduino-testlib/cli-datadir/user/libraries/ESP32_PWM/examples/ISR_16_PWMs_Array_Simple/ISR_16_PWMs_Array_Simple.ino:40:
/home/ec2-user/arduino-testlib/cli-datadir/user/libraries/ESP32_PWM/src/ESP32_PWM.hpp:87:10: fatal error: driver/timer.h: No such file or directory
 #include &lt;driver/timer.h&gt;
          ^~~~~~~~~~~~~~~~
compilation terminated.

</pre>
					
					<h4>examples/ISR_Changing_PWM</h4>
					<p>
						Result: <b>FAIL</b>
					</p>
					<pre class="pre-scrollable">/home/ec2-user/arduino-testlib/cli-datadir/user/libraries/ESP32_PWM/examples/ISR_Changing_PWM/ISR_Changing_PWM.ino:26:4: error: #error This code is designed to run on ESP32 platform, not Arduino nor ESP8266! Please check your Tools-&gt;Board setting.
   #error This code is designed to run on ESP32 platform, not Arduino nor ESP8266! Please check your Tools-&gt;Board setting.
    ^~~~~
In file included from /home/ec2-user/arduino-testlib/cli-datadir/user/libraries/ESP32_PWM/src/ESP32_PWM.h:44:0,
                 from /home/ec2-user/arduino-testlib/cli-datadir/user/libraries/ESP32_PWM/examples/ISR_Changing_PWM/ISR_Changing_PWM.ino:40:
/home/ec2-user/arduino-testlib/cli-datadir/user/libraries/ESP32_PWM/src/ESP32_PWM.hpp:45:4: error: #error This code is designed to run on ESP32 platform, not Arduino nor ESP8266! Please check your Tools-&gt;Board setting.
   #error This code is designed to run on ESP32 platform, not Arduino nor ESP8266! Please check your Tools-&gt;Board setting.
    ^~~~~
/home/ec2-user/arduino-testlib/cli-datadir/user/libraries/ESP32_PWM/src/ESP32_PWM.hpp:60:4: error: #error This code is ready to run on the ESP32 platform! Please check your Tools-&gt;Board setting.
   #error This code is ready to run on the ESP32 platform! Please check your Tools-&gt;Board setting.
    ^~~~~
In file included from /home/ec2-user/arduino-testlib/cli-datadir/user/libraries/ESP32_PWM/src/ESP32_PWM.h:44:0,
                 from /home/ec2-user/arduino-testlib/cli-datadir/user/libraries/ESP32_PWM/examples/ISR_Changing_PWM/ISR_Changing_PWM.ino:40:
/home/ec2-user/arduino-testlib/cli-datadir/user/libraries/ESP32_PWM/src/ESP32_PWM.hpp:87:10: fatal error: driver/timer.h: No such file or directory
 #include &lt;driver/timer.h&gt;
          ^~~~~~~~~~~~~~~~
compilation terminated.

</pre>
					
					<h4>examples/ISR_Modify_PWM</h4>
					<p>
						Result: <b>FAIL</b>
					</p>
					<pre class="pre-scrollable">/home/ec2-user/arduino-testlib/cli-datadir/user/libraries/ESP32_PWM/examples/ISR_Modify_PWM/ISR_Modify_PWM.ino:26:4: error: #error This code is designed to run on ESP32 platform, not Arduino nor ESP8266! Please check your Tools-&gt;Board setting.
   #error This code is designed to run on ESP32 platform, not Arduino nor ESP8266! Please check your Tools-&gt;Board setting.
    ^~~~~
In file included from /home/ec2-user/arduino-testlib/cli-datadir/user/libraries/ESP32_PWM/src/ESP32_PWM.h:44:0,
                 from /home/ec2-user/arduino-testlib/cli-datadir/user/libraries/ESP32_PWM/examples/ISR_Modify_PWM/ISR_Modify_PWM.ino:40:
/home/ec2-user/arduino-testlib/cli-datadir/user/libraries/ESP32_PWM/src/ESP32_PWM.hpp:45:4: error: #error This code is designed to run on ESP32 platform, not Arduino nor ESP8266! Please check your Tools-&gt;Board setting.
   #error This code is designed to run on ESP32 platform, not Arduino nor ESP8266! Please check your Tools-&gt;Board setting.
    ^~~~~
/home/ec2-user/arduino-testlib/cli-datadir/user/libraries/ESP32_PWM/src/ESP32_PWM.hpp:60:4: error: #error This code is ready to run on the ESP32 platform! Please check your Tools-&gt;Board setting.
   #error This code is ready to run on the ESP32 platform! Please check your Tools-&gt;Board setting.
    ^~~~~
In file included from /home/ec2-user/arduino-testlib/cli-datadir/user/libraries/ESP32_PWM/src/ESP32_PWM.h:44:0,
                 from /home/ec2-user/arduino-testlib/cli-datadir/user/libraries/ESP32_PWM/examples/ISR_Modify_PWM/ISR_Modify_PWM.ino:40:
/home/ec2-user/arduino-testlib/cli-datadir/user/libraries/ESP32_PWM/src/ESP32_PWM.hpp:87:10: fatal error: driver/timer.h: No such file or directory
 #include &lt;driver/timer.h&gt;
          ^~~~~~~~~~~~~~~~
compilation terminated.

</pre>
					
					<h4>examples/multiFileProject</h4>
					<p>
						Result: <b>FAIL</b>
					</p>
					<pre class="pre-scrollable">/home/ec2-user/arduino-testlib/cli-datadir/user/libraries/ESP32_PWM/examples/multiFileProject/multiFileProject.ino:14:4: error: #error This code is designed to run on ESP32 platform, not Arduino nor ESP8266! Please check your Tools-&gt;Board setting.
   #error This code is designed to run on ESP32 platform, not Arduino nor ESP8266! Please check your Tools-&gt;Board setting.
    ^~~~~
In file included from /home/ec2-user/arduino-testlib/cli-datadir/user/libraries/ESP32_PWM/examples/multiFileProject/multiFileProject.h:21:0,
                 from /home/ec2-user/arduino-testlib/cli-datadir/user/libraries/ESP32_PWM/examples/multiFileProject/multiFileProject.ino:25:
/home/ec2-user/arduino-testlib/cli-datadir/user/libraries/ESP32_PWM/src/ESP32_PWM.hpp:45:4: error: #error This code is designed to run on ESP32 platform, not Arduino nor ESP8266! Please check your Tools-&gt;Board setting.
   #error This code is designed to run on ESP32 platform, not Arduino nor ESP8266! Please check your Tools-&gt;Board setting.
    ^~~~~
/home/ec2-user/arduino-testlib/cli-datadir/user/libraries/ESP32_PWM/src/ESP32_PWM.hpp:60:4: error: #error This code is ready to run on the ESP32 platform! Please check your Tools-&gt;Board setting.
   #error This code is ready to run on the ESP32 platform! Please check your Tools-&gt;Board setting.
    ^~~~~
In file included from /home/ec2-user/arduino-testlib/cli-datadir/user/libraries/ESP32_PWM/examples/multiFileProject/multiFileProject.h:21:0,
                 from /home/ec2-user/arduino-testlib/cli-datadir/user/libraries/ESP32_PWM/examples/multiFileProject/multiFileProject.ino:25:
/home/ec2-user/arduino-testlib/cli-datadir/user/libraries/ESP32_PWM/src/ESP32_PWM.hpp:87:10: fatal error: driver/timer.h: No such file or directory
 #include &lt;driver/timer.h&gt;
          ^~~~~~~~~~~~~~~~
compilation terminated.

</pre>
					
				
				<h3 id="arduino:samd:mkrwifi1010">arduino:samd:mkrwifi1010 @ 1.8.12</h3>
				<h4>Inclusion</h4>
				<p>
					Result: <b>FAIL</b>
					
				</p>
				<pre class="pre-scrollable">In file included from /home/ec2-user/arduino-testlib/cli-datadir/user/libraries/ESP32_PWM/src/ESP32_PWM.h:44:0,
                 from /tmp/arduino-testlib1382988401/test/test.ino:1:
/home/ec2-user/arduino-testlib/cli-datadir/user/libraries/ESP32_PWM/src/ESP32_PWM.hpp:45:4: error: #error This code is designed to run on ESP32 platform, not Arduino nor ESP8266! Please check your Tools-&gt;Board setting.
   #error This code is designed to run on ESP32 platform, not Arduino nor ESP8266! Please check your Tools-&gt;Board setting.
    ^~~~~
/home/ec2-user/arduino-testlib/cli-datadir/user/libraries/ESP32_PWM/src/ESP32_PWM.hpp:60:4: error: #error This code is ready to run on the ESP32 platform! Please check your Tools-&gt;Board setting.
   #error This code is ready to run on the ESP32 platform! Please check your Tools-&gt;Board setting.
    ^~~~~
In file included from /home/ec2-user/arduino-testlib/cli-datadir/user/libraries/ESP32_PWM/src/ESP32_PWM.h:44:0,
                 from /tmp/arduino-testlib1382988401/test/test.ino:1:
/home/ec2-user/arduino-testlib/cli-datadir/user/libraries/ESP32_PWM/src/ESP32_PWM.hpp:87:10: fatal error: driver/timer.h: No such file or directory
 #include &lt;driver/timer.h&gt;
          ^~~~~~~~~~~~~~~~
compilation terminated.

</pre>

					
					<h4>examples/ISR_16_PWMs_Array</h4>
					<p>
						Result: <b>FAIL</b>
					</p>
					<pre class="pre-scrollable">/home/ec2-user/arduino-testlib/cli-datadir/user/libraries/ESP32_PWM/examples/ISR_16_PWMs_Array/ISR_16_PWMs_Array.ino:26:4: error: #error This code is designed to run on ESP32 platform, not Arduino nor ESP8266! Please check your Tools-&gt;Board setting.
   #error This code is designed to run on ESP32 platform, not Arduino nor ESP8266! Please check your Tools-&gt;Board setting.
    ^~~~~
In file included from /home/ec2-user/arduino-testlib/cli-datadir/user/libraries/ESP32_PWM/src/ESP32_PWM.h:44:0,
                 from /home/ec2-user/arduino-testlib/cli-datadir/user/libraries/ESP32_PWM/examples/ISR_16_PWMs_Array/ISR_16_PWMs_Array.ino:41:
/home/ec2-user/arduino-testlib/cli-datadir/user/libraries/ESP32_PWM/src/ESP32_PWM.hpp:45:4: error: #error This code is designed to run on ESP32 platform, not Arduino nor ESP8266! Please check your Tools-&gt;Board setting.
   #error This code is designed to run on ESP32 platform, not Arduino nor ESP8266! Please check your Tools-&gt;Board setting.
    ^~~~~
/home/ec2-user/arduino-testlib/cli-datadir/user/libraries/ESP32_PWM/src/ESP32_PWM.hpp:60:4: error: #error This code is ready to run on the ESP32 platform! Please check your Tools-&gt;Board setting.
   #error This code is ready to run on the ESP32 platform! Please check your Tools-&gt;Board setting.
    ^~~~~
In file included from /home/ec2-user/arduino-testlib/cli-datadir/user/libraries/ESP32_PWM/src/ESP32_PWM.h:44:0,
                 from /home/ec2-user/arduino-testlib/cli-datadir/user/libraries/ESP32_PWM/examples/ISR_16_PWMs_Array/ISR_16_PWMs_Array.ino:41:
/home/ec2-user/arduino-testlib/cli-datadir/user/libraries/ESP32_PWM/src/ESP32_PWM.hpp:87:10: fatal error: driver/timer.h: No such file or directory
 #include &lt;driver/timer.h&gt;
          ^~~~~~~~~~~~~~~~
compilation terminated.

</pre>
					
					<h4>examples/ISR_16_PWMs_Array_Complex</h4>
					<p>
						Result: <b>FAIL</b>
					</p>
					<pre class="pre-scrollable">/home/ec2-user/arduino-testlib/cli-datadir/user/libraries/ESP32_PWM/examples/ISR_16_PWMs_Array_Complex/ISR_16_PWMs_Array_Complex.ino:26:4: error: #error This code is designed to run on ESP32 platform, not Arduino nor ESP8266! Please check your Tools-&gt;Board setting.
   #error This code is designed to run on ESP32 platform, not Arduino nor ESP8266! Please check your Tools-&gt;Board setting.
    ^~~~~
In file included from /home/ec2-user/arduino-testlib/cli-datadir/user/libraries/ESP32_PWM/src/ESP32_PWM.h:44:0,
                 from /home/ec2-user/arduino-testlib/cli-datadir/user/libraries/ESP32_PWM/examples/ISR_16_PWMs_Array_Complex/ISR_16_PWMs_Array_Complex.ino:40:
/home/ec2-user/arduino-testlib/cli-datadir/user/libraries/ESP32_PWM/src/ESP32_PWM.hpp:45:4: error: #error This code is designed to run on ESP32 platform, not Arduino nor ESP8266! Please check your Tools-&gt;Board setting.
   #error This code is designed to run on ESP32 platform, not Arduino nor ESP8266! Please check your Tools-&gt;Board setting.
    ^~~~~
/home/ec2-user/arduino-testlib/cli-datadir/user/libraries/ESP32_PWM/src/ESP32_PWM.hpp:60:4: error: #error This code is ready to run on the ESP32 platform! Please check your Tools-&gt;Board setting.
   #error This code is ready to run on the ESP32 platform! Please check your Tools-&gt;Board setting.
    ^~~~~
In file included from /home/ec2-user/arduino-testlib/cli-datadir/user/libraries/ESP32_PWM/src/ESP32_PWM.h:44:0,
                 from /home/ec2-user/arduino-testlib/cli-datadir/user/libraries/ESP32_PWM/examples/ISR_16_PWMs_Array_Complex/ISR_16_PWMs_Array_Complex.ino:40:
/home/ec2-user/arduino-testlib/cli-datadir/user/libraries/ESP32_PWM/src/ESP32_PWM.hpp:87:10: fatal error: driver/timer.h: No such file or directory
 #include &lt;driver/timer.h&gt;
          ^~~~~~~~~~~~~~~~
compilation terminated.

</pre>
					
					<h4>examples/ISR_16_PWMs_Array_Simple</h4>
					<p>
						Result: <b>FAIL</b>
					</p>
					<pre class="pre-scrollable">/home/ec2-user/arduino-testlib/cli-datadir/user/libraries/ESP32_PWM/examples/ISR_16_PWMs_Array_Simple/ISR_16_PWMs_Array_Simple.ino:26:4: error: #error This code is designed to run on ESP32 platform, not Arduino nor ESP8266! Please check your Tools-&gt;Board setting.
   #error This code is designed to run on ESP32 platform, not Arduino nor ESP8266! Please check your Tools-&gt;Board setting.
    ^~~~~
In file included from /home/ec2-user/arduino-testlib/cli-datadir/user/libraries/ESP32_PWM/src/ESP32_PWM.h:44:0,
                 from /home/ec2-user/arduino-testlib/cli-datadir/user/libraries/ESP32_PWM/examples/ISR_16_PWMs_Array_Simple/ISR_16_PWMs_Array_Simple.ino:40:
/home/ec2-user/arduino-testlib/cli-datadir/user/libraries/ESP32_PWM/src/ESP32_PWM.hpp:45:4: error: #error This code is designed to run on ESP32 platform, not Arduino nor ESP8266! Please check your Tools-&gt;Board setting.
   #error This code is designed to run on ESP32 platform, not Arduino nor ESP8266! Please check your Tools-&gt;Board setting.
    ^~~~~
/home/ec2-user/arduino-testlib/cli-datadir/user/libraries/ESP32_PWM/src/ESP32_PWM.hpp:60:4: error: #error This code is ready to run on the ESP32 platform! Please check your Tools-&gt;Board setting.
   #error This code is ready to run on the ESP32 platform! Please check your Tools-&gt;Board setting.
    ^~~~~
In file included from /home/ec2-user/arduino-testlib/cli-datadir/user/libraries/ESP32_PWM/src/ESP32_PWM.h:44:0,
                 from /home/ec2-user/arduino-testlib/cli-datadir/user/libraries/ESP32_PWM/examples/ISR_16_PWMs_Array_Simple/ISR_16_PWMs_Array_Simple.ino:40:
/home/ec2-user/arduino-testlib/cli-datadir/user/libraries/ESP32_PWM/src/ESP32_PWM.hpp:87:10: fatal error: driver/timer.h: No such file or directory
 #include &lt;driver/timer.h&gt;
          ^~~~~~~~~~~~~~~~
compilation terminated.

</pre>
					
					<h4>examples/ISR_Changing_PWM</h4>
					<p>
						Result: <b>FAIL</b>
					</p>
					<pre class="pre-scrollable">/home/ec2-user/arduino-testlib/cli-datadir/user/libraries/ESP32_PWM/examples/ISR_Changing_PWM/ISR_Changing_PWM.ino:26:4: error: #error This code is designed to run on ESP32 platform, not Arduino nor ESP8266! Please check your Tools-&gt;Board setting.
   #error This code is designed to run on ESP32 platform, not Arduino nor ESP8266! Please check your Tools-&gt;Board setting.
    ^~~~~
In file included from /home/ec2-user/arduino-testlib/cli-datadir/user/libraries/ESP32_PWM/src/ESP32_PWM.h:44:0,
                 from /home/ec2-user/arduino-testlib/cli-datadir/user/libraries/ESP32_PWM/examples/ISR_Changing_PWM/ISR_Changing_PWM.ino:40:
/home/ec2-user/arduino-testlib/cli-datadir/user/libraries/ESP32_PWM/src/ESP32_PWM.hpp:45:4: error: #error This code is designed to run on ESP32 platform, not Arduino nor ESP8266! Please check your Tools-&gt;Board setting.
   #error This code is designed to run on ESP32 platform, not Arduino nor ESP8266! Please check your Tools-&gt;Board setting.
    ^~~~~
/home/ec2-user/arduino-testlib/cli-datadir/user/libraries/ESP32_PWM/src/ESP32_PWM.hpp:60:4: error: #error This code is ready to run on the ESP32 platform! Please check your Tools-&gt;Board setting.
   #error This code is ready to run on the ESP32 platform! Please check your Tools-&gt;Board setting.
    ^~~~~
In file included from /home/ec2-user/arduino-testlib/cli-datadir/user/libraries/ESP32_PWM/src/ESP32_PWM.h:44:0,
                 from /home/ec2-user/arduino-testlib/cli-datadir/user/libraries/ESP32_PWM/examples/ISR_Changing_PWM/ISR_Changing_PWM.ino:40:
/home/ec2-user/arduino-testlib/cli-datadir/user/libraries/ESP32_PWM/src/ESP32_PWM.hpp:87:10: fatal error: driver/timer.h: No such file or directory
 #include &lt;driver/timer.h&gt;
          ^~~~~~~~~~~~~~~~
compilation terminated.

</pre>
					
					<h4>examples/ISR_Modify_PWM</h4>
					<p>
						Result: <b>FAIL</b>
					</p>
					<pre class="pre-scrollable">/home/ec2-user/arduino-testlib/cli-datadir/user/libraries/ESP32_PWM/examples/ISR_Modify_PWM/ISR_Modify_PWM.ino:26:4: error: #error This code is designed to run on ESP32 platform, not Arduino nor ESP8266! Please check your Tools-&gt;Board setting.
   #error This code is designed to run on ESP32 platform, not Arduino nor ESP8266! Please check your Tools-&gt;Board setting.
    ^~~~~
In file included from /home/ec2-user/arduino-testlib/cli-datadir/user/libraries/ESP32_PWM/src/ESP32_PWM.h:44:0,
                 from /home/ec2-user/arduino-testlib/cli-datadir/user/libraries/ESP32_PWM/examples/ISR_Modify_PWM/ISR_Modify_PWM.ino:40:
/home/ec2-user/arduino-testlib/cli-datadir/user/libraries/ESP32_PWM/src/ESP32_PWM.hpp:45:4: error: #error This code is designed to run on ESP32 platform, not Arduino nor ESP8266! Please check your Tools-&gt;Board setting.
   #error This code is designed to run on ESP32 platform, not Arduino nor ESP8266! Please check your Tools-&gt;Board setting.
    ^~~~~
/home/ec2-user/arduino-testlib/cli-datadir/user/libraries/ESP32_PWM/src/ESP32_PWM.hpp:60:4: error: #error This code is ready to run on the ESP32 platform! Please check your Tools-&gt;Board setting.
   #error This code is ready to run on the ESP32 platform! Please check your Tools-&gt;Board setting.
    ^~~~~
In file included from /home/ec2-user/arduino-testlib/cli-datadir/user/libraries/ESP32_PWM/src/ESP32_PWM.h:44:0,
                 from /home/ec2-user/arduino-testlib/cli-datadir/user/libraries/ESP32_PWM/examples/ISR_Modify_PWM/ISR_Modify_PWM.ino:40:
/home/ec2-user/arduino-testlib/cli-datadir/user/libraries/ESP32_PWM/src/ESP32_PWM.hpp:87:10: fatal error: driver/timer.h: No such file or directory
 #include &lt;driver/timer.h&gt;
          ^~~~~~~~~~~~~~~~
compilation terminated.

</pre>
					
					<h4>examples/multiFileProject</h4>
					<p>
						Result: <b>FAIL</b>
					</p>
					<pre class="pre-scrollable">/home/ec2-user/arduino-testlib/cli-datadir/user/libraries/ESP32_PWM/examples/multiFileProject/multiFileProject.ino:14:4: error: #error This code is designed to run on ESP32 platform, not Arduino nor ESP8266! Please check your Tools-&gt;Board setting.
   #error This code is designed to run on ESP32 platform, not Arduino nor ESP8266! Please check your Tools-&gt;Board setting.
    ^~~~~
In file included from /home/ec2-user/arduino-testlib/cli-datadir/user/libraries/ESP32_PWM/examples/multiFileProject/multiFileProject.h:21:0,
                 from /home/ec2-user/arduino-testlib/cli-datadir/user/libraries/ESP32_PWM/examples/multiFileProject/multiFileProject.ino:25:
/home/ec2-user/arduino-testlib/cli-datadir/user/libraries/ESP32_PWM/src/ESP32_PWM.hpp:45:4: error: #error This code is designed to run on ESP32 platform, not Arduino nor ESP8266! Please check your Tools-&gt;Board setting.
   #error This code is designed to run on ESP32 platform, not Arduino nor ESP8266! Please check your Tools-&gt;Board setting.
    ^~~~~
/home/ec2-user/arduino-testlib/cli-datadir/user/libraries/ESP32_PWM/src/ESP32_PWM.hpp:60:4: error: #error This code is ready to run on the ESP32 platform! Please check your Tools-&gt;Board setting.
   #error This code is ready to run on the ESP32 platform! Please check your Tools-&gt;Board setting.
    ^~~~~
In file included from /home/ec2-user/arduino-testlib/cli-datadir/user/libraries/ESP32_PWM/examples/multiFileProject/multiFileProject.h:21:0,
                 from /home/ec2-user/arduino-testlib/cli-datadir/user/libraries/ESP32_PWM/examples/multiFileProject/multiFileProject.ino:25:
/home/ec2-user/arduino-testlib/cli-datadir/user/libraries/ESP32_PWM/src/ESP32_PWM.hpp:87:10: fatal error: driver/timer.h: No such file or directory
 #include &lt;driver/timer.h&gt;
          ^~~~~~~~~~~~~~~~
compilation terminated.

</pre>
					
				
				<h3 id="esp32:esp32:d1_mini32">esp32:esp32:d1_mini32 @ 1.0.6</h3>
				<h4>Inclusion</h4>
				<p>
					Result: <b>FAIL</b>
					
				</p>
				<pre class="pre-scrollable">In file included from /home/ec2-user/arduino-testlib/cli-datadir/user/libraries/ESP32_PWM/src/ESP32_PWM.h:44:0,
                 from /tmp/arduino-testlib2180828994/test/test.ino:1:
/home/ec2-user/arduino-testlib/cli-datadir/user/libraries/ESP32_PWM/src/ESP32_PWM.hpp: In member function &#39;bool ESP32TimerInterrupt::setFrequency(const float&amp;, esp32_timer_callback)&#39;:
/home/ec2-user/arduino-testlib/cli-datadir/user/libraries/ESP32_PWM/src/ESP32_PWM.hpp:317:100: error: &#39;timer_isr_callback_add&#39; was not declared in this scope
         timer_isr_callback_add(_timerGroup, _timerIndex, _callback, (void *) (uint32_t) _timerNo, 0);
                                                                                                    ^
/home/ec2-user/arduino-testlib/cli-datadir/user/libraries/ESP32_PWM/src/ESP32_PWM.hpp: In member function &#39;void ESP32TimerInterrupt::detachInterrupt()&#39;:
/home/ec2-user/arduino-testlib/cli-datadir/user/libraries/ESP32_PWM/src/ESP32_PWM.hpp:359:66: error: &#39;TIMER_INTR_T0&#39; was not declared in this scope
       timer_group_intr_disable(_timerGroup, (_timerIndex == 0) ? TIMER_INTR_T0 : TIMER_INTR_T1);
                                                                  ^
/home/ec2-user/arduino-testlib/cli-datadir/user/libraries/ESP32_PWM/src/ESP32_PWM.hpp:359:82: error: &#39;TIMER_INTR_T1&#39; was not declared in this scope
       timer_group_intr_disable(_timerGroup, (_timerIndex == 0) ? TIMER_INTR_T0 : TIMER_INTR_T1);
                                                                                  ^
/home/ec2-user/arduino-testlib/cli-datadir/user/libraries/ESP32_PWM/src/ESP32_PWM.hpp: In member function &#39;void ESP32TimerInterrupt::disableTimer()&#39;:
/home/ec2-user/arduino-testlib/cli-datadir/user/libraries/ESP32_PWM/src/ESP32_PWM.hpp:368:66: error: &#39;TIMER_INTR_T0&#39; was not declared in this scope
       timer_group_intr_disable(_timerGroup, (_timerIndex == 0) ? TIMER_INTR_T0 : TIMER_INTR_T1);
                                                                  ^
/home/ec2-user/arduino-testlib/cli-datadir/user/libraries/ESP32_PWM/src/ESP32_PWM.hpp:368:82: error: &#39;TIMER_INTR_T1&#39; was not declared in this scope
       timer_group_intr_disable(_timerGroup, (_timerIndex == 0) ? TIMER_INTR_T0 : TIMER_INTR_T1);
                                                                                  ^
/home/ec2-user/arduino-testlib/cli-datadir/user/libraries/ESP32_PWM/src/ESP32_PWM.hpp: In member function &#39;void ESP32TimerInterrupt::reattachInterrupt()&#39;:
/home/ec2-user/arduino-testlib/cli-datadir/user/libraries/ESP32_PWM/src/ESP32_PWM.hpp:378:65: error: &#39;TIMER_INTR_T0&#39; was not declared in this scope
       timer_group_intr_enable(_timerGroup, (_timerIndex == 0) ? TIMER_INTR_T0 : TIMER_INTR_T1);
                                                                 ^
/home/ec2-user/arduino-testlib/cli-datadir/user/libraries/ESP32_PWM/src/ESP32_PWM.hpp:378:81: error: &#39;TIMER_INTR_T1&#39; was not declared in this scope
       timer_group_intr_enable(_timerGroup, (_timerIndex == 0) ? TIMER_INTR_T0 : TIMER_INTR_T1);
                                                                                 ^
/home/ec2-user/arduino-testlib/cli-datadir/user/libraries/ESP32_PWM/src/ESP32_PWM.hpp: In member function &#39;void ESP32TimerInterrupt::enableTimer()&#39;:
/home/ec2-user/arduino-testlib/cli-datadir/user/libraries/ESP32_PWM/src/ESP32_PWM.hpp:388:65: error: &#39;TIMER_INTR_T0&#39; was not declared in this scope
       timer_group_intr_enable(_timerGroup, (_timerIndex == 0) ? TIMER_INTR_T0 : TIMER_INTR_T1);
                                                                 ^
/home/ec2-user/arduino-testlib/cli-datadir/user/libraries/ESP32_PWM/src/ESP32_PWM.hpp:388:81: error: &#39;TIMER_INTR_T1&#39; was not declared in this scope
       timer_group_intr_enable(_timerGroup, (_timerIndex == 0) ? TIMER_INTR_T0 : TIMER_INTR_T1);
                                                                                 ^

</pre>

					
					<h4>examples/ISR_16_PWMs_Array</h4>
					<p>
						Result: <b>FAIL</b>
					</p>
					<pre class="pre-scrollable">In file included from /home/ec2-user/arduino-testlib/cli-datadir/user/libraries/ESP32_PWM/src/ESP32_PWM.h:44:0,
                 from /home/ec2-user/arduino-testlib/cli-datadir/user/libraries/ESP32_PWM/examples/ISR_16_PWMs_Array/ISR_16_PWMs_Array.ino:41:
/home/ec2-user/arduino-testlib/cli-datadir/user/libraries/ESP32_PWM/src/ESP32_PWM.hpp: In member function &#39;bool ESP32TimerInterrupt::setFrequency(const float&amp;, esp32_timer_callback)&#39;:
/home/ec2-user/arduino-testlib/cli-datadir/user/libraries/ESP32_PWM/src/ESP32_PWM.hpp:317:100: error: &#39;timer_isr_callback_add&#39; was not declared in this scope
         timer_isr_callback_add(_timerGroup, _timerIndex, _callback, (void *) (uint32_t) _timerNo, 0);
                                                                                                    ^
/home/ec2-user/arduino-testlib/cli-datadir/user/libraries/ESP32_PWM/src/ESP32_PWM.hpp: In member function &#39;void ESP32TimerInterrupt::detachInterrupt()&#39;:
/home/ec2-user/arduino-testlib/cli-datadir/user/libraries/ESP32_PWM/src/ESP32_PWM.hpp:359:66: error: &#39;TIMER_INTR_T0&#39; was not declared in this scope
       timer_group_intr_disable(_timerGroup, (_timerIndex == 0) ? TIMER_INTR_T0 : TIMER_INTR_T1);
                                                                  ^
/home/ec2-user/arduino-testlib/cli-datadir/user/libraries/ESP32_PWM/src/ESP32_PWM.hpp:359:82: error: &#39;TIMER_INTR_T1&#39; was not declared in this scope
       timer_group_intr_disable(_timerGroup, (_timerIndex == 0) ? TIMER_INTR_T0 : TIMER_INTR_T1);
                                                                                  ^
/home/ec2-user/arduino-testlib/cli-datadir/user/libraries/ESP32_PWM/src/ESP32_PWM.hpp: In member function &#39;void ESP32TimerInterrupt::disableTimer()&#39;:
/home/ec2-user/arduino-testlib/cli-datadir/user/libraries/ESP32_PWM/src/ESP32_PWM.hpp:368:66: error: &#39;TIMER_INTR_T0&#39; was not declared in this scope
       timer_group_intr_disable(_timerGroup, (_timerIndex == 0) ? TIMER_INTR_T0 : TIMER_INTR_T1);
                                                                  ^
/home/ec2-user/arduino-testlib/cli-datadir/user/libraries/ESP32_PWM/src/ESP32_PWM.hpp:368:82: error: &#39;TIMER_INTR_T1&#39; was not declared in this scope
       timer_group_intr_disable(_timerGroup, (_timerIndex == 0) ? TIMER_INTR_T0 : TIMER_INTR_T1);
                                                                                  ^
/home/ec2-user/arduino-testlib/cli-datadir/user/libraries/ESP32_PWM/src/ESP32_PWM.hpp: In member function &#39;void ESP32TimerInterrupt::reattachInterrupt()&#39;:
/home/ec2-user/arduino-testlib/cli-datadir/user/libraries/ESP32_PWM/src/ESP32_PWM.hpp:378:65: error: &#39;TIMER_INTR_T0&#39; was not declared in this scope
       timer_group_intr_enable(_timerGroup, (_timerIndex == 0) ? TIMER_INTR_T0 : TIMER_INTR_T1);
                                                                 ^
/home/ec2-user/arduino-testlib/cli-datadir/user/libraries/ESP32_PWM/src/ESP32_PWM.hpp:378:81: error: &#39;TIMER_INTR_T1&#39; was not declared in this scope
       timer_group_intr_enable(_timerGroup, (_timerIndex == 0) ? TIMER_INTR_T0 : TIMER_INTR_T1);
                                                                                 ^
/home/ec2-user/arduino-testlib/cli-datadir/user/libraries/ESP32_PWM/src/ESP32_PWM.hpp: In member function &#39;void ESP32TimerInterrupt::enableTimer()&#39;:
/home/ec2-user/arduino-testlib/cli-datadir/user/libraries/ESP32_PWM/src/ESP32_PWM.hpp:388:65: error: &#39;TIMER_INTR_T0&#39; was not declared in this scope
       timer_group_intr_enable(_timerGroup, (_timerIndex == 0) ? TIMER_INTR_T0 : TIMER_INTR_T1);
                                                                 ^
/home/ec2-user/arduino-testlib/cli-datadir/user/libraries/ESP32_PWM/src/ESP32_PWM.hpp:388:81: error: &#39;TIMER_INTR_T1&#39; was not declared in this scope
       timer_group_intr_enable(_timerGroup, (_timerIndex == 0) ? TIMER_INTR_T0 : TIMER_INTR_T1);
                                                                                 ^

</pre>
					
					<h4>examples/ISR_16_PWMs_Array_Complex</h4>
					<p>
						Result: <b>FAIL</b>
					</p>
					<pre class="pre-scrollable">In file included from /home/ec2-user/arduino-testlib/cli-datadir/user/libraries/ESP32_PWM/src/ESP32_PWM.h:44:0,
                 from /home/ec2-user/arduino-testlib/cli-datadir/user/libraries/ESP32_PWM/examples/ISR_16_PWMs_Array_Complex/ISR_16_PWMs_Array_Complex.ino:40:
/home/ec2-user/arduino-testlib/cli-datadir/user/libraries/ESP32_PWM/src/ESP32_PWM.hpp: In member function &#39;bool ESP32TimerInterrupt::setFrequency(const float&amp;, esp32_timer_callback)&#39;:
/home/ec2-user/arduino-testlib/cli-datadir/user/libraries/ESP32_PWM/src/ESP32_PWM.hpp:317:100: error: &#39;timer_isr_callback_add&#39; was not declared in this scope
         timer_isr_callback_add(_timerGroup, _timerIndex, _callback, (void *) (uint32_t) _timerNo, 0);
                                                                                                    ^
/home/ec2-user/arduino-testlib/cli-datadir/user/libraries/ESP32_PWM/src/ESP32_PWM.hpp: In member function &#39;void ESP32TimerInterrupt::detachInterrupt()&#39;:
/home/ec2-user/arduino-testlib/cli-datadir/user/libraries/ESP32_PWM/src/ESP32_PWM.hpp:359:66: error: &#39;TIMER_INTR_T0&#39; was not declared in this scope
       timer_group_intr_disable(_timerGroup, (_timerIndex == 0) ? TIMER_INTR_T0 : TIMER_INTR_T1);
                                                                  ^
/home/ec2-user/arduino-testlib/cli-datadir/user/libraries/ESP32_PWM/src/ESP32_PWM.hpp:359:82: error: &#39;TIMER_INTR_T1&#39; was not declared in this scope
       timer_group_intr_disable(_timerGroup, (_timerIndex == 0) ? TIMER_INTR_T0 : TIMER_INTR_T1);
                                                                                  ^
/home/ec2-user/arduino-testlib/cli-datadir/user/libraries/ESP32_PWM/src/ESP32_PWM.hpp: In member function &#39;void ESP32TimerInterrupt::disableTimer()&#39;:
/home/ec2-user/arduino-testlib/cli-datadir/user/libraries/ESP32_PWM/src/ESP32_PWM.hpp:368:66: error: &#39;TIMER_INTR_T0&#39; was not declared in this scope
       timer_group_intr_disable(_timerGroup, (_timerIndex == 0) ? TIMER_INTR_T0 : TIMER_INTR_T1);
                                                                  ^
/home/ec2-user/arduino-testlib/cli-datadir/user/libraries/ESP32_PWM/src/ESP32_PWM.hpp:368:82: error: &#39;TIMER_INTR_T1&#39; was not declared in this scope
       timer_group_intr_disable(_timerGroup, (_timerIndex == 0) ? TIMER_INTR_T0 : TIMER_INTR_T1);
                                                                                  ^
/home/ec2-user/arduino-testlib/cli-datadir/user/libraries/ESP32_PWM/src/ESP32_PWM.hpp: In member function &#39;void ESP32TimerInterrupt::reattachInterrupt()&#39;:
/home/ec2-user/arduino-testlib/cli-datadir/user/libraries/ESP32_PWM/src/ESP32_PWM.hpp:378:65: error: &#39;TIMER_INTR_T0&#39; was not declared in this scope
       timer_group_intr_enable(_timerGroup, (_timerIndex == 0) ? TIMER_INTR_T0 : TIMER_INTR_T1);
                                                                 ^
/home/ec2-user/arduino-testlib/cli-datadir/user/libraries/ESP32_PWM/src/ESP32_PWM.hpp:378:81: error: &#39;TIMER_INTR_T1&#39; was not declared in this scope
       timer_group_intr_enable(_timerGroup, (_timerIndex == 0) ? TIMER_INTR_T0 : TIMER_INTR_T1);
                                                                                 ^
/home/ec2-user/arduino-testlib/cli-datadir/user/libraries/ESP32_PWM/src/ESP32_PWM.hpp: In member function &#39;void ESP32TimerInterrupt::enableTimer()&#39;:
/home/ec2-user/arduino-testlib/cli-datadir/user/libraries/ESP32_PWM/src/ESP32_PWM.hpp:388:65: error: &#39;TIMER_INTR_T0&#39; was not declared in this scope
       timer_group_intr_enable(_timerGroup, (_timerIndex == 0) ? TIMER_INTR_T0 : TIMER_INTR_T1);
                                                                 ^
/home/ec2-user/arduino-testlib/cli-datadir/user/libraries/ESP32_PWM/src/ESP32_PWM.hpp:388:81: error: &#39;TIMER_INTR_T1&#39; was not declared in this scope
       timer_group_intr_enable(_timerGroup, (_timerIndex == 0) ? TIMER_INTR_T0 : TIMER_INTR_T1);
                                                                                 ^
/home/ec2-user/arduino-testlib/cli-datadir/user/libraries/ESP32_PWM/examples/ISR_16_PWMs_Array_Complex/ISR_16_PWMs_Array_Complex.ino: In function &#39;void setup()&#39;:
/home/ec2-user/arduino-testlib/cli-datadir/user/libraries/ESP32_PWM/examples/ISR_16_PWMs_Array_Complex/ISR_16_PWMs_Array_Complex.ino:454:71: error: no matching function for call to &#39;SimpleTimer::setInterval(long int, void (&amp;)())&#39;
   simpleTimer.setInterval(SIMPLE_TIMER_MS, simpleTimerDoingSomething2s);
                                                                       ^
In file included from /home/ec2-user/arduino-testlib/cli-datadir/user/libraries/ESP32_PWM/examples/ISR_16_PWMs_Array_Complex/ISR_16_PWMs_Array_Complex.ino:42:0:
/home/ec2-user/arduino-testlib/cli-datadir/user/libraries/SimpleTimer/SimpleTimer.h:23:10: note: candidate: void SimpleTimer::setInterval(uint64_t)
     void setInterval(uint64_t interval);
          ^
/home/ec2-user/arduino-testlib/cli-datadir/user/libraries/SimpleTimer/SimpleTimer.h:23:10: note:   candidate expects 1 argument, 2 provided
/home/ec2-user/arduino-testlib/cli-datadir/user/libraries/ESP32_PWM/examples/ISR_16_PWMs_Array_Complex/ISR_16_PWMs_Array_Complex.ino: In function &#39;void loop()&#39;:
/home/ec2-user/arduino-testlib/cli-datadir/user/libraries/ESP32_PWM/examples/ISR_16_PWMs_Array_Complex/ISR_16_PWMs_Array_Complex.ino:469:15: error: &#39;class SimpleTimer&#39; has no member named &#39;run&#39;
   simpleTimer.run();
               ^

</pre>
					
					<h4>examples/ISR_16_PWMs_Array_Simple</h4>
					<p>
						Result: <b>FAIL</b>
					</p>
					<pre class="pre-scrollable">In file included from /home/ec2-user/arduino-testlib/cli-datadir/user/libraries/ESP32_PWM/src/ESP32_PWM.h:44:0,
                 from /home/ec2-user/arduino-testlib/cli-datadir/user/libraries/ESP32_PWM/examples/ISR_16_PWMs_Array_Simple/ISR_16_PWMs_Array_Simple.ino:40:
/home/ec2-user/arduino-testlib/cli-datadir/user/libraries/ESP32_PWM/src/ESP32_PWM.hpp: In member function &#39;bool ESP32TimerInterrupt::setFrequency(const float&amp;, esp32_timer_callback)&#39;:
/home/ec2-user/arduino-testlib/cli-datadir/user/libraries/ESP32_PWM/src/ESP32_PWM.hpp:317:100: error: &#39;timer_isr_callback_add&#39; was not declared in this scope
         timer_isr_callback_add(_timerGroup, _timerIndex, _callback, (void *) (uint32_t) _timerNo, 0);
                                                                                                    ^
/home/ec2-user/arduino-testlib/cli-datadir/user/libraries/ESP32_PWM/src/ESP32_PWM.hpp: In member function &#39;void ESP32TimerInterrupt::detachInterrupt()&#39;:
/home/ec2-user/arduino-testlib/cli-datadir/user/libraries/ESP32_PWM/src/ESP32_PWM.hpp:359:66: error: &#39;TIMER_INTR_T0&#39; was not declared in this scope
       timer_group_intr_disable(_timerGroup, (_timerIndex == 0) ? TIMER_INTR_T0 : TIMER_INTR_T1);
                                                                  ^
/home/ec2-user/arduino-testlib/cli-datadir/user/libraries/ESP32_PWM/src/ESP32_PWM.hpp:359:82: error: &#39;TIMER_INTR_T1&#39; was not declared in this scope
       timer_group_intr_disable(_timerGroup, (_timerIndex == 0) ? TIMER_INTR_T0 : TIMER_INTR_T1);
                                                                                  ^
/home/ec2-user/arduino-testlib/cli-datadir/user/libraries/ESP32_PWM/src/ESP32_PWM.hpp: In member function &#39;void ESP32TimerInterrupt::disableTimer()&#39;:
/home/ec2-user/arduino-testlib/cli-datadir/user/libraries/ESP32_PWM/src/ESP32_PWM.hpp:368:66: error: &#39;TIMER_INTR_T0&#39; was not declared in this scope
       timer_group_intr_disable(_timerGroup, (_timerIndex == 0) ? TIMER_INTR_T0 : TIMER_INTR_T1);
                                                                  ^
/home/ec2-user/arduino-testlib/cli-datadir/user/libraries/ESP32_PWM/src/ESP32_PWM.hpp:368:82: error: &#39;TIMER_INTR_T1&#39; was not declared in this scope
       timer_group_intr_disable(_timerGroup, (_timerIndex == 0) ? TIMER_INTR_T0 : TIMER_INTR_T1);
                                                                                  ^
/home/ec2-user/arduino-testlib/cli-datadir/user/libraries/ESP32_PWM/src/ESP32_PWM.hpp: In member function &#39;void ESP32TimerInterrupt::reattachInterrupt()&#39;:
/home/ec2-user/arduino-testlib/cli-datadir/user/libraries/ESP32_PWM/src/ESP32_PWM.hpp:378:65: error: &#39;TIMER_INTR_T0&#39; was not declared in this scope
       timer_group_intr_enable(_timerGroup, (_timerIndex == 0) ? TIMER_INTR_T0 : TIMER_INTR_T1);
                                                                 ^
/home/ec2-user/arduino-testlib/cli-datadir/user/libraries/ESP32_PWM/src/ESP32_PWM.hpp:378:81: error: &#39;TIMER_INTR_T1&#39; was not declared in this scope
       timer_group_intr_enable(_timerGroup, (_timerIndex == 0) ? TIMER_INTR_T0 : TIMER_INTR_T1);
                                                                                 ^
/home/ec2-user/arduino-testlib/cli-datadir/user/libraries/ESP32_PWM/src/ESP32_PWM.hpp: In member function &#39;void ESP32TimerInterrupt::enableTimer()&#39;:
/home/ec2-user/arduino-testlib/cli-datadir/user/libraries/ESP32_PWM/src/ESP32_PWM.hpp:388:65: error: &#39;TIMER_INTR_T0&#39; was not declared in this scope
       timer_group_intr_enable(_timerGroup, (_timerIndex == 0) ? TIMER_INTR_T0 : TIMER_INTR_T1);
                                                                 ^
/home/ec2-user/arduino-testlib/cli-datadir/user/libraries/ESP32_PWM/src/ESP32_PWM.hpp:388:81: error: &#39;TIMER_INTR_T1&#39; was not declared in this scope
       timer_group_intr_enable(_timerGroup, (_timerIndex == 0) ? TIMER_INTR_T0 : TIMER_INTR_T1);
                                                                                 ^

</pre>
					
					<h4>examples/ISR_Changing_PWM</h4>
					<p>
						Result: <b>FAIL</b>
					</p>
					<pre class="pre-scrollable">In file included from /home/ec2-user/arduino-testlib/cli-datadir/user/libraries/ESP32_PWM/src/ESP32_PWM.h:44:0,
                 from /home/ec2-user/arduino-testlib/cli-datadir/user/libraries/ESP32_PWM/examples/ISR_Changing_PWM/ISR_Changing_PWM.ino:40:
/home/ec2-user/arduino-testlib/cli-datadir/user/libraries/ESP32_PWM/src/ESP32_PWM.hpp: In member function &#39;bool ESP32TimerInterrupt::setFrequency(const float&amp;, esp32_timer_callback)&#39;:
/home/ec2-user/arduino-testlib/cli-datadir/user/libraries/ESP32_PWM/src/ESP32_PWM.hpp:317:100: error: &#39;timer_isr_callback_add&#39; was not declared in this scope
         timer_isr_callback_add(_timerGroup, _timerIndex, _callback, (void *) (uint32_t) _timerNo, 0);
                                                                                                    ^
/home/ec2-user/arduino-testlib/cli-datadir/user/libraries/ESP32_PWM/src/ESP32_PWM.hpp: In member function &#39;void ESP32TimerInterrupt::detachInterrupt()&#39;:
/home/ec2-user/arduino-testlib/cli-datadir/user/libraries/ESP32_PWM/src/ESP32_PWM.hpp:359:66: error: &#39;TIMER_INTR_T0&#39; was not declared in this scope
       timer_group_intr_disable(_timerGroup, (_timerIndex == 0) ? TIMER_INTR_T0 : TIMER_INTR_T1);
                                                                  ^
/home/ec2-user/arduino-testlib/cli-datadir/user/libraries/ESP32_PWM/src/ESP32_PWM.hpp:359:82: error: &#39;TIMER_INTR_T1&#39; was not declared in this scope
       timer_group_intr_disable(_timerGroup, (_timerIndex == 0) ? TIMER_INTR_T0 : TIMER_INTR_T1);
                                                                                  ^
/home/ec2-user/arduino-testlib/cli-datadir/user/libraries/ESP32_PWM/src/ESP32_PWM.hpp: In member function &#39;void ESP32TimerInterrupt::disableTimer()&#39;:
/home/ec2-user/arduino-testlib/cli-datadir/user/libraries/ESP32_PWM/src/ESP32_PWM.hpp:368:66: error: &#39;TIMER_INTR_T0&#39; was not declared in this scope
       timer_group_intr_disable(_timerGroup, (_timerIndex == 0) ? TIMER_INTR_T0 : TIMER_INTR_T1);
                                                                  ^
/home/ec2-user/arduino-testlib/cli-datadir/user/libraries/ESP32_PWM/src/ESP32_PWM.hpp:368:82: error: &#39;TIMER_INTR_T1&#39; was not declared in this scope
       timer_group_intr_disable(_timerGroup, (_timerIndex == 0) ? TIMER_INTR_T0 : TIMER_INTR_T1);
                                                                                  ^
/home/ec2-user/arduino-testlib/cli-datadir/user/libraries/ESP32_PWM/src/ESP32_PWM.hpp: In member function &#39;void ESP32TimerInterrupt::reattachInterrupt()&#39;:
/home/ec2-user/arduino-testlib/cli-datadir/user/libraries/ESP32_PWM/src/ESP32_PWM.hpp:378:65: error: &#39;TIMER_INTR_T0&#39; was not declared in this scope
       timer_group_intr_enable(_timerGroup, (_timerIndex == 0) ? TIMER_INTR_T0 : TIMER_INTR_T1);
                                                                 ^
/home/ec2-user/arduino-testlib/cli-datadir/user/libraries/ESP32_PWM/src/ESP32_PWM.hpp:378:81: error: &#39;TIMER_INTR_T1&#39; was not declared in this scope
       timer_group_intr_enable(_timerGroup, (_timerIndex == 0) ? TIMER_INTR_T0 : TIMER_INTR_T1);
                                                                                 ^
/home/ec2-user/arduino-testlib/cli-datadir/user/libraries/ESP32_PWM/src/ESP32_PWM.hpp: In member function &#39;void ESP32TimerInterrupt::enableTimer()&#39;:
/home/ec2-user/arduino-testlib/cli-datadir/user/libraries/ESP32_PWM/src/ESP32_PWM.hpp:388:65: error: &#39;TIMER_INTR_T0&#39; was not declared in this scope
       timer_group_intr_enable(_timerGroup, (_timerIndex == 0) ? TIMER_INTR_T0 : TIMER_INTR_T1);
                                                                 ^
/home/ec2-user/arduino-testlib/cli-datadir/user/libraries/ESP32_PWM/src/ESP32_PWM.hpp:388:81: error: &#39;TIMER_INTR_T1&#39; was not declared in this scope
       timer_group_intr_enable(_timerGroup, (_timerIndex == 0) ? TIMER_INTR_T0 : TIMER_INTR_T1);
                                                                                 ^

</pre>
					
					<h4>examples/ISR_Modify_PWM</h4>
					<p>
						Result: <b>FAIL</b>
					</p>
					<pre class="pre-scrollable">In file included from /home/ec2-user/arduino-testlib/cli-datadir/user/libraries/ESP32_PWM/src/ESP32_PWM.h:44:0,
                 from /home/ec2-user/arduino-testlib/cli-datadir/user/libraries/ESP32_PWM/examples/ISR_Modify_PWM/ISR_Modify_PWM.ino:40:
/home/ec2-user/arduino-testlib/cli-datadir/user/libraries/ESP32_PWM/src/ESP32_PWM.hpp: In member function &#39;bool ESP32TimerInterrupt::setFrequency(const float&amp;, esp32_timer_callback)&#39;:
/home/ec2-user/arduino-testlib/cli-datadir/user/libraries/ESP32_PWM/src/ESP32_PWM.hpp:317:100: error: &#39;timer_isr_callback_add&#39; was not declared in this scope
         timer_isr_callback_add(_timerGroup, _timerIndex, _callback, (void *) (uint32_t) _timerNo, 0);
                                                                                                    ^
/home/ec2-user/arduino-testlib/cli-datadir/user/libraries/ESP32_PWM/src/ESP32_PWM.hpp: In member function &#39;void ESP32TimerInterrupt::detachInterrupt()&#39;:
/home/ec2-user/arduino-testlib/cli-datadir/user/libraries/ESP32_PWM/src/ESP32_PWM.hpp:359:66: error: &#39;TIMER_INTR_T0&#39; was not declared in this scope
       timer_group_intr_disable(_timerGroup, (_timerIndex == 0) ? TIMER_INTR_T0 : TIMER_INTR_T1);
                                                                  ^
/home/ec2-user/arduino-testlib/cli-datadir/user/libraries/ESP32_PWM/src/ESP32_PWM.hpp:359:82: error: &#39;TIMER_INTR_T1&#39; was not declared in this scope
       timer_group_intr_disable(_timerGroup, (_timerIndex == 0) ? TIMER_INTR_T0 : TIMER_INTR_T1);
                                                                                  ^
/home/ec2-user/arduino-testlib/cli-datadir/user/libraries/ESP32_PWM/src/ESP32_PWM.hpp: In member function &#39;void ESP32TimerInterrupt::disableTimer()&#39;:
/home/ec2-user/arduino-testlib/cli-datadir/user/libraries/ESP32_PWM/src/ESP32_PWM.hpp:368:66: error: &#39;TIMER_INTR_T0&#39; was not declared in this scope
       timer_group_intr_disable(_timerGroup, (_timerIndex == 0) ? TIMER_INTR_T0 : TIMER_INTR_T1);
                                                                  ^
/home/ec2-user/arduino-testlib/cli-datadir/user/libraries/ESP32_PWM/src/ESP32_PWM.hpp:368:82: error: &#39;TIMER_INTR_T1&#39; was not declared in this scope
       timer_group_intr_disable(_timerGroup, (_timerIndex == 0) ? TIMER_INTR_T0 : TIMER_INTR_T1);
                                                                                  ^
/home/ec2-user/arduino-testlib/cli-datadir/user/libraries/ESP32_PWM/src/ESP32_PWM.hpp: In member function &#39;void ESP32TimerInterrupt::reattachInterrupt()&#39;:
/home/ec2-user/arduino-testlib/cli-datadir/user/libraries/ESP32_PWM/src/ESP32_PWM.hpp:378:65: error: &#39;TIMER_INTR_T0&#39; was not declared in this scope
       timer_group_intr_enable(_timerGroup, (_timerIndex == 0) ? TIMER_INTR_T0 : TIMER_INTR_T1);
                                                                 ^
/home/ec2-user/arduino-testlib/cli-datadir/user/libraries/ESP32_PWM/src/ESP32_PWM.hpp:378:81: error: &#39;TIMER_INTR_T1&#39; was not declared in this scope
       timer_group_intr_enable(_timerGroup, (_timerIndex == 0) ? TIMER_INTR_T0 : TIMER_INTR_T1);
                                                                                 ^
/home/ec2-user/arduino-testlib/cli-datadir/user/libraries/ESP32_PWM/src/ESP32_PWM.hpp: In member function &#39;void ESP32TimerInterrupt::enableTimer()&#39;:
/home/ec2-user/arduino-testlib/cli-datadir/user/libraries/ESP32_PWM/src/ESP32_PWM.hpp:388:65: error: &#39;TIMER_INTR_T0&#39; was not declared in this scope
       timer_group_intr_enable(_timerGroup, (_timerIndex == 0) ? TIMER_INTR_T0 : TIMER_INTR_T1);
                                                                 ^
/home/ec2-user/arduino-testlib/cli-datadir/user/libraries/ESP32_PWM/src/ESP32_PWM.hpp:388:81: error: &#39;TIMER_INTR_T1&#39; was not declared in this scope
       timer_group_intr_enable(_timerGroup, (_timerIndex == 0) ? TIMER_INTR_T0 : TIMER_INTR_T1);
                                                                                 ^

</pre>
					
					<h4>examples/multiFileProject</h4>
					<p>
						Result: <b>FAIL</b>
					</p>
					<pre class="pre-scrollable">In file included from /home/ec2-user/arduino-testlib/cli-datadir/user/libraries/ESP32_PWM/examples/multiFileProject/multiFileProject.h:21:0,
                 from /home/ec2-user/arduino-testlib/cli-datadir/user/libraries/ESP32_PWM/examples/multiFileProject/multiFileProject.cpp:13:
/home/ec2-user/arduino-testlib/cli-datadir/user/libraries/ESP32_PWM/src/ESP32_PWM.hpp: In member function &#39;bool ESP32TimerInterrupt::setFrequency(const float&amp;, esp32_timer_callback)&#39;:
/home/ec2-user/arduino-testlib/cli-datadir/user/libraries/ESP32_PWM/src/ESP32_PWM.hpp:317:100: error: &#39;timer_isr_callback_add&#39; was not declared in this scope
         timer_isr_callback_add(_timerGroup, _timerIndex, _callback, (void *) (uint32_t) _timerNo, 0);
                                                                                                    ^
/home/ec2-user/arduino-testlib/cli-datadir/user/libraries/ESP32_PWM/src/ESP32_PWM.hpp: In member function &#39;void ESP32TimerInterrupt::detachInterrupt()&#39;:
/home/ec2-user/arduino-testlib/cli-datadir/user/libraries/ESP32_PWM/src/ESP32_PWM.hpp:359:66: error: &#39;TIMER_INTR_T0&#39; was not declared in this scope
       timer_group_intr_disable(_timerGroup, (_timerIndex == 0) ? TIMER_INTR_T0 : TIMER_INTR_T1);
                                                                  ^
/home/ec2-user/arduino-testlib/cli-datadir/user/libraries/ESP32_PWM/src/ESP32_PWM.hpp:359:82: error: &#39;TIMER_INTR_T1&#39; was not declared in this scope
       timer_group_intr_disable(_timerGroup, (_timerIndex == 0) ? TIMER_INTR_T0 : TIMER_INTR_T1);
                                                                                  ^
/home/ec2-user/arduino-testlib/cli-datadir/user/libraries/ESP32_PWM/src/ESP32_PWM.hpp: In member function &#39;void ESP32TimerInterrupt::disableTimer()&#39;:
/home/ec2-user/arduino-testlib/cli-datadir/user/libraries/ESP32_PWM/src/ESP32_PWM.hpp:368:66: error: &#39;TIMER_INTR_T0&#39; was not declared in this scope
       timer_group_intr_disable(_timerGroup, (_timerIndex == 0) ? TIMER_INTR_T0 : TIMER_INTR_T1);
                                                                  ^
/home/ec2-user/arduino-testlib/cli-datadir/user/libraries/ESP32_PWM/src/ESP32_PWM.hpp:368:82: error: &#39;TIMER_INTR_T1&#39; was not declared in this scope
       timer_group_intr_disable(_timerGroup, (_timerIndex == 0) ? TIMER_INTR_T0 : TIMER_INTR_T1);
                                                                                  ^
/home/ec2-user/arduino-testlib/cli-datadir/user/libraries/ESP32_PWM/src/ESP32_PWM.hpp: In member function &#39;void ESP32TimerInterrupt::reattachInterrupt()&#39;:
/home/ec2-user/arduino-testlib/cli-datadir/user/libraries/ESP32_PWM/src/ESP32_PWM.hpp:378:65: error: &#39;TIMER_INTR_T0&#39; was not declared in this scope
       timer_group_intr_enable(_timerGroup, (_timerIndex == 0) ? TIMER_INTR_T0 : TIMER_INTR_T1);
                                                                 ^
/home/ec2-user/arduino-testlib/cli-datadir/user/libraries/ESP32_PWM/src/ESP32_PWM.hpp:378:81: error: &#39;TIMER_INTR_T1&#39; was not declared in this scope
       timer_group_intr_enable(_timerGroup, (_timerIndex == 0) ? TIMER_INTR_T0 : TIMER_INTR_T1);
                                                                                 ^
/home/ec2-user/arduino-testlib/cli-datadir/user/libraries/ESP32_PWM/src/ESP32_PWM.hpp: In member function &#39;void ESP32TimerInterrupt::enableTimer()&#39;:
/home/ec2-user/arduino-testlib/cli-datadir/user/libraries/ESP32_PWM/src/ESP32_PWM.hpp:388:65: error: &#39;TIMER_INTR_T0&#39; was not declared in this scope
       timer_group_intr_enable(_timerGroup, (_timerIndex == 0) ? TIMER_INTR_T0 : TIMER_INTR_T1);
                                                                 ^
/home/ec2-user/arduino-testlib/cli-datadir/user/libraries/ESP32_PWM/src/ESP32_PWM.hpp:388:81: error: &#39;TIMER_INTR_T1&#39; was not declared in this scope
       timer_group_intr_enable(_timerGroup, (_timerIndex == 0) ? TIMER_INTR_T0 : TIMER_INTR_T1);
                                                                                 ^

</pre>
					
				
			</div>
		</div>
	</div>
  </body>
</html>
