
<!doctype html>
<html lang="en">
  <head>
    <meta charset="utf-8">
    <meta name="viewport" content="width=device-width, initial-scale=1">
    <link href="https://cdn.jsdelivr.net/npm/bootstrap@5.0.2/dist/css/bootstrap.min.css" rel="stylesheet" integrity="sha384-EVSTQN3/azprG1Anm3QDgpJLIm9Nao0Yz1ztcQTwFspd3yD65VohhpuuCOmLASjC" crossorigin="anonymous">
    <title>arduino-testlib report</title>
	<style>
	.pass { background-color: #00FF00 !important; }
	.fail { background-color: #FF0000 !important; }
	</style>
  </head>
  <body>
	<div class="container">
		<div class="row">
			<div class="col">
				<h1>ESP32Logger - compatibility matrix</h1>
				<p>
					<small>This report was generated on Monday, 21-Feb-22 12:00:25 CET using 
					<a href="https://github.com/alranel/arduino-testlib">arduino-testlib</a>.</small>
				</p>

				<h2>ESP32Logger</h2>
				<p>
					Version: <b>1.0.2</b>
					<br />
					<a href="https://www.arduino.cc/reference/en/libraries/esp32logger/">More details</a>
				</p>

				<h2>Compatibility matrix</h2>
				<table class="table table-bordered">
					<tr>
						<th>Board</th>
						<th>Claims compatibility</th>
						<th>Inclusion</th>
						
					</tr>
					
					<tr>
						<td>
							<a href="#arduino%3aavr%3auno"><b>arduino:avr:uno</b></a>
							<br />
							<small>1.8.4</small>
						</td>

						
						
						
							<td>Yes ⚠️</td>
							<td class="fail">FAIL</td>
						
						

						
					</tr>
					
					<tr>
						<td>
							<a href="#arduino%3ambed_nano%3ananorp2040connect"><b>arduino:mbed_nano:nanorp2040connect</b></a>
							<br />
							<small>2.7.2</small>
						</td>

						
						
						
							<td>Yes ⚠️</td>
							<td class="fail">FAIL</td>
						
						

						
					</tr>
					
					<tr>
						<td>
							<a href="#arduino%3amegaavr%3anona4809"><b>arduino:megaavr:nona4809</b></a>
							<br />
							<small>1.8.7</small>
						</td>

						
						
						
							<td>Yes ⚠️</td>
							<td class="fail">FAIL</td>
						
						

						
					</tr>
					
					<tr>
						<td>
							<a href="#arduino%3asamd%3amkrwifi1010"><b>arduino:samd:mkrwifi1010</b></a>
							<br />
							<small>1.8.12</small>
						</td>

						
						
						
							<td>Yes ⚠️</td>
							<td class="fail">FAIL</td>
						
						

						
					</tr>
					
					<tr>
						<td>
							<a href="#esp32%3aesp32%3ad1_mini32"><b>esp32:esp32:d1_mini32</b></a>
							<br />
							<small>1.0.6</small>
						</td>

						
						
						
							<td>Yes ⚠️</td>
							<td class="fail">FAIL</td>
						
						

						
					</tr>
					
				</table>

				<h2>Compilation logs</h2>
				
				<h3 id="arduino:avr:uno">arduino:avr:uno @ 1.8.4</h3>
				<h4>Inclusion</h4>
				<p>
					Result: <b>FAIL</b>
					
				</p>
				<pre class="pre-scrollable">/home/ec2-user/arduino-testlib/cli-datadir/user/libraries/ESP32Logger/src/ESP32Logger.cpp:9:1: error: &#39;ESP32Logger&#39; does not name a type; did you mean &#39;_ESP32Logger_h&#39;?
 ESP32Logger Log;
 ^~~~~~~~~~~
 _ESP32Logger_h
/home/ec2-user/arduino-testlib/cli-datadir/user/libraries/ESP32Logger/src/ESP32Logger.cpp: In member function &#39;void ESP32Logger::log(ESP32LogLevel, const char*, ...)&#39;:
/home/ec2-user/arduino-testlib/cli-datadir/user/libraries/ESP32Logger/src/ESP32Logger.cpp:42:14: error: aggregate &#39;ESP32Logger::log(ESP32LogLevel, const char*, ...)::tm timeinfo&#39; has incomplete type and cannot be defined
    struct tm timeinfo;
              ^~~~~~~~
/home/ec2-user/arduino-testlib/cli-datadir/user/libraries/ESP32Logger/src/ESP32Logger.cpp:43:9: error: &#39;getLocalTime&#39; was not declared in this scope
    if (!getLocalTime(&amp;timeinfo))
         ^~~~~~~~~~~~
/home/ec2-user/arduino-testlib/cli-datadir/user/libraries/ESP32Logger/src/ESP32Logger.cpp:46:5: error: &#39;strftime&#39; was not declared in this scope
     strftime(buffer, sizeof(buffer), &#34;%d.%m.%Y %H:%M:%S &#34;, &amp;timeinfo);
     ^~~~~~~~
/home/ec2-user/arduino-testlib/cli-datadir/user/libraries/ESP32Logger/src/ESP32Logger.cpp:46:5: note: suggested alternative: &#39;strstr_P&#39;
     strftime(buffer, sizeof(buffer), &#34;%d.%m.%Y %H:%M:%S &#34;, &amp;timeinfo);
     ^~~~~~~~
     strstr_P

</pre>

					
				
				<h3 id="arduino:mbed_nano:nanorp2040connect">arduino:mbed_nano:nanorp2040connect @ 2.7.2</h3>
				<h4>Inclusion</h4>
				<p>
					Result: <b>FAIL</b>
					
				</p>
				<pre class="pre-scrollable">/home/ec2-user/arduino-testlib/cli-datadir/user/libraries/ESP32Logger/src/ESP32Logger.cpp:9:1: error: &#39;ESP32Logger&#39; does not name a type; did you mean &#39;_ESP32Logger_h&#39;?
 ESP32Logger Log;
 ^~~~~~~~~~~
 _ESP32Logger_h
/home/ec2-user/arduino-testlib/cli-datadir/user/libraries/ESP32Logger/src/ESP32Logger.cpp: In member function &#39;void ESP32Logger::log(ESP32LogLevel, const char*, ...)&#39;:
/home/ec2-user/arduino-testlib/cli-datadir/user/libraries/ESP32Logger/src/ESP32Logger.cpp:43:9: error: &#39;getLocalTime&#39; was not declared in this scope
    if (!getLocalTime(&amp;timeinfo))
         ^~~~~~~~~~~~
/home/ec2-user/arduino-testlib/cli-datadir/user/libraries/ESP32Logger/src/ESP32Logger.cpp:43:9: note: suggested alternative: &#39;localtime&#39;
    if (!getLocalTime(&amp;timeinfo))
         ^~~~~~~~~~~~
         localtime

</pre>

					
				
				<h3 id="arduino:megaavr:nona4809">arduino:megaavr:nona4809 @ 1.8.7</h3>
				<h4>Inclusion</h4>
				<p>
					Result: <b>FAIL</b>
					
				</p>
				<pre class="pre-scrollable">/home/ec2-user/arduino-testlib/cli-datadir/user/libraries/ESP32Logger/src/ESP32Logger.cpp:9:1: error: &#39;ESP32Logger&#39; does not name a type; did you mean &#39;_ESP32Logger_h&#39;?
 ESP32Logger Log;
 ^~~~~~~~~~~
 _ESP32Logger_h
/home/ec2-user/arduino-testlib/cli-datadir/user/libraries/ESP32Logger/src/ESP32Logger.cpp: In member function &#39;void ESP32Logger::log(ESP32LogLevel, const char*, ...)&#39;:
/home/ec2-user/arduino-testlib/cli-datadir/user/libraries/ESP32Logger/src/ESP32Logger.cpp:42:14: error: aggregate &#39;ESP32Logger::log(ESP32LogLevel, const char*, ...)::tm timeinfo&#39; has incomplete type and cannot be defined
    struct tm timeinfo;
              ^~~~~~~~
/home/ec2-user/arduino-testlib/cli-datadir/user/libraries/ESP32Logger/src/ESP32Logger.cpp:43:9: error: &#39;getLocalTime&#39; was not declared in this scope
    if (!getLocalTime(&amp;timeinfo))
         ^~~~~~~~~~~~
/home/ec2-user/arduino-testlib/cli-datadir/user/libraries/ESP32Logger/src/ESP32Logger.cpp:46:5: error: &#39;strftime&#39; was not declared in this scope
     strftime(buffer, sizeof(buffer), &#34;%d.%m.%Y %H:%M:%S &#34;, &amp;timeinfo);
     ^~~~~~~~
/home/ec2-user/arduino-testlib/cli-datadir/user/libraries/ESP32Logger/src/ESP32Logger.cpp:46:5: note: suggested alternative: &#39;strstr_P&#39;
     strftime(buffer, sizeof(buffer), &#34;%d.%m.%Y %H:%M:%S &#34;, &amp;timeinfo);
     ^~~~~~~~
     strstr_P

</pre>

					
				
				<h3 id="arduino:samd:mkrwifi1010">arduino:samd:mkrwifi1010 @ 1.8.12</h3>
				<h4>Inclusion</h4>
				<p>
					Result: <b>FAIL</b>
					
				</p>
				<pre class="pre-scrollable">/home/ec2-user/arduino-testlib/cli-datadir/user/libraries/ESP32Logger/src/ESP32Logger.cpp:9:1: error: &#39;ESP32Logger&#39; does not name a type; did you mean &#39;_ESP32Logger_h&#39;?
 ESP32Logger Log;
 ^~~~~~~~~~~
 _ESP32Logger_h
/home/ec2-user/arduino-testlib/cli-datadir/user/libraries/ESP32Logger/src/ESP32Logger.cpp: In member function &#39;void ESP32Logger::log(ESP32LogLevel, const char*, ...)&#39;:
/home/ec2-user/arduino-testlib/cli-datadir/user/libraries/ESP32Logger/src/ESP32Logger.cpp:42:14: error: aggregate &#39;ESP32Logger::log(ESP32LogLevel, const char*, ...)::tm timeinfo&#39; has incomplete type and cannot be defined
    struct tm timeinfo;
              ^~~~~~~~
/home/ec2-user/arduino-testlib/cli-datadir/user/libraries/ESP32Logger/src/ESP32Logger.cpp:43:9: error: &#39;getLocalTime&#39; was not declared in this scope
    if (!getLocalTime(&amp;timeinfo))
         ^~~~~~~~~~~~
/home/ec2-user/arduino-testlib/cli-datadir/user/libraries/ESP32Logger/src/ESP32Logger.cpp:46:5: error: &#39;strftime&#39; was not declared in this scope
     strftime(buffer, sizeof(buffer), &#34;%d.%m.%Y %H:%M:%S &#34;, &amp;timeinfo);
     ^~~~~~~~
/home/ec2-user/arduino-testlib/cli-datadir/user/libraries/ESP32Logger/src/ESP32Logger.cpp:46:5: note: suggested alternative: &#39;strtoimax&#39;
     strftime(buffer, sizeof(buffer), &#34;%d.%m.%Y %H:%M:%S &#34;, &amp;timeinfo);
     ^~~~~~~~
     strtoimax

</pre>

					
				
				<h3 id="esp32:esp32:d1_mini32">esp32:esp32:d1_mini32 @ 1.0.6</h3>
				<h4>Inclusion</h4>
				<p>
					Result: <b>FAIL</b>
					
				</p>
				<pre class="pre-scrollable">/home/ec2-user/arduino-testlib/cli-datadir/user/libraries/ESP32Logger/src/ESP32Logger.cpp:9:1: error: &#39;ESP32Logger&#39; does not name a type
 ESP32Logger Log;
 ^

</pre>

					
				
			</div>
		</div>
	</div>
  </body>
</html>
