
<!doctype html>
<html lang="en">
  <head>
    <meta charset="utf-8">
    <meta name="viewport" content="width=device-width, initial-scale=1">
    <link href="https://cdn.jsdelivr.net/npm/bootstrap@5.0.2/dist/css/bootstrap.min.css" rel="stylesheet" integrity="sha384-EVSTQN3/azprG1Anm3QDgpJLIm9Nao0Yz1ztcQTwFspd3yD65VohhpuuCOmLASjC" crossorigin="anonymous">
    <title>arduino-testlib report</title>
	<style>
	.pass { background-color: #00FF00 !important; }
	.fail { background-color: #FF0000 !important; }
	</style>
  </head>
  <body>
	<div class="container">
		<div class="row">
			<div class="col">
				<h1>ESP32_S2_TimerInterrupt - compatibility matrix</h1>
				<p>
					<small>This report was generated on Monday, 21-Feb-22 12:00:25 CET using 
					<a href="https://github.com/alranel/arduino-testlib">arduino-testlib</a>.</small>
				</p>

				<h2>ESP32_S2_TimerInterrupt</h2>
				<p>
					Version: <b>1.5.0</b>
					<br />
					<a href="https://www.arduino.cc/reference/en/libraries/esp32_s2_timerinterrupt/">More details</a>
				</p>

				<h2>Compatibility matrix</h2>
				<table class="table table-bordered">
					<tr>
						<th>Board</th>
						<th>Claims compatibility</th>
						<th>Inclusion</th>
						
						<th><pre>SwitchDebounce</pre></th>
						
						<th><pre>TimerInterruptTest</pre></th>
						
						<th><pre>multiFileProject</pre></th>
						
						<th><pre>Argument_None</pre></th>
						
						<th><pre>Change_Interval</pre></th>
						
						<th><pre>ISR_16_Timers_Array</pre></th>
						
						<th><pre>ISR_16_Timers_Array_Complex</pre></th>
						
						<th><pre>RPM_Measure</pre></th>
						
					</tr>
					
					<tr>
						<td>
							<a href="#arduino%3aavr%3auno"><b>arduino:avr:uno</b></a>
							<br />
							<small>1.8.4</small>
						</td>

						
						
						
						
							<td>No</td>
							<td class="fail">FAIL</td>
						

						
							
								
									
										
									
										
									
										
									
										
									
										
									
										
											
											<td class="fail">FAIL</td>
										
									
										
									
										
									
								
							
								
							
								
							
								
							
								
							
						
							
								
									
										
									
										
									
										
									
										
									
										
									
										
									
										
											
											<td class="fail">FAIL</td>
										
									
										
									
								
							
								
							
								
							
								
							
								
							
						
							
								
									
										
									
										
									
										
									
										
									
										
									
										
									
										
									
										
											
											<td class="fail">FAIL</td>
										
									
								
							
								
							
								
							
								
							
								
							
						
							
								
									
										
											
											<td class="fail">FAIL</td>
										
									
										
									
										
									
										
									
										
									
										
									
										
									
										
									
								
							
								
							
								
							
								
							
								
							
						
							
								
									
										
									
										
											
											<td class="fail">FAIL</td>
										
									
										
									
										
									
										
									
										
									
										
									
										
									
								
							
								
							
								
							
								
							
								
							
						
							
								
									
										
									
										
									
										
											
											<td class="fail">FAIL</td>
										
									
										
									
										
									
										
									
										
									
										
									
								
							
								
							
								
							
								
							
								
							
						
							
								
									
										
									
										
									
										
									
										
											
											<td class="fail">FAIL</td>
										
									
										
									
										
									
										
									
										
									
								
							
								
							
								
							
								
							
								
							
						
							
								
									
										
									
										
									
										
									
										
									
										
											
											<td class="fail">FAIL</td>
										
									
										
									
										
									
										
									
								
							
								
							
								
							
								
							
								
							
						
					</tr>
					
					<tr>
						<td>
							<a href="#arduino%3ambed_nano%3ananorp2040connect"><b>arduino:mbed_nano:nanorp2040connect</b></a>
							<br />
							<small>2.7.2</small>
						</td>

						
						
						
						
							<td>No</td>
							<td class="fail">FAIL</td>
						

						
							
								
							
								
									
										
									
										
									
										
									
										
									
										
									
										
											
											<td class="fail">FAIL</td>
										
									
										
									
										
									
								
							
								
							
								
							
								
							
						
							
								
							
								
									
										
									
										
									
										
									
										
									
										
									
										
									
										
											
											<td class="fail">FAIL</td>
										
									
										
									
								
							
								
							
								
							
								
							
						
							
								
							
								
									
										
									
										
									
										
									
										
									
										
									
										
									
										
									
										
											
											<td class="fail">FAIL</td>
										
									
								
							
								
							
								
							
								
							
						
							
								
							
								
									
										
											
											<td class="fail">FAIL</td>
										
									
										
									
										
									
										
									
										
									
										
									
										
									
										
									
								
							
								
							
								
							
								
							
						
							
								
							
								
									
										
									
										
											
											<td class="fail">FAIL</td>
										
									
										
									
										
									
										
									
										
									
										
									
										
									
								
							
								
							
								
							
								
							
						
							
								
							
								
									
										
									
										
									
										
											
											<td class="fail">FAIL</td>
										
									
										
									
										
									
										
									
										
									
										
									
								
							
								
							
								
							
								
							
						
							
								
							
								
									
										
									
										
									
										
									
										
											
											<td class="fail">FAIL</td>
										
									
										
									
										
									
										
									
										
									
								
							
								
							
								
							
								
							
						
							
								
							
								
									
										
									
										
									
										
									
										
									
										
											
											<td class="fail">FAIL</td>
										
									
										
									
										
									
										
									
								
							
								
							
								
							
								
							
						
					</tr>
					
					<tr>
						<td>
							<a href="#arduino%3amegaavr%3anona4809"><b>arduino:megaavr:nona4809</b></a>
							<br />
							<small>1.8.7</small>
						</td>

						
						
						
						
							<td>No</td>
							<td class="fail">FAIL</td>
						

						
							
								
							
								
							
								
									
										
									
										
									
										
									
										
									
										
									
										
											
											<td class="fail">FAIL</td>
										
									
										
									
										
									
								
							
								
							
								
							
						
							
								
							
								
							
								
									
										
									
										
									
										
									
										
									
										
									
										
									
										
											
											<td class="fail">FAIL</td>
										
									
										
									
								
							
								
							
								
							
						
							
								
							
								
							
								
									
										
									
										
									
										
									
										
									
										
									
										
									
										
									
										
											
											<td class="fail">FAIL</td>
										
									
								
							
								
							
								
							
						
							
								
							
								
							
								
									
										
											
											<td class="fail">FAIL</td>
										
									
										
									
										
									
										
									
										
									
										
									
										
									
										
									
								
							
								
							
								
							
						
							
								
							
								
							
								
									
										
									
										
											
											<td class="fail">FAIL</td>
										
									
										
									
										
									
										
									
										
									
										
									
										
									
								
							
								
							
								
							
						
							
								
							
								
							
								
									
										
									
										
									
										
											
											<td class="fail">FAIL</td>
										
									
										
									
										
									
										
									
										
									
										
									
								
							
								
							
								
							
						
							
								
							
								
							
								
									
										
									
										
									
										
									
										
											
											<td class="fail">FAIL</td>
										
									
										
									
										
									
										
									
										
									
								
							
								
							
								
							
						
							
								
							
								
							
								
									
										
									
										
									
										
									
										
									
										
											
											<td class="fail">FAIL</td>
										
									
										
									
										
									
										
									
								
							
								
							
								
							
						
					</tr>
					
					<tr>
						<td>
							<a href="#arduino%3asamd%3amkrwifi1010"><b>arduino:samd:mkrwifi1010</b></a>
							<br />
							<small>1.8.12</small>
						</td>

						
						
						
						
							<td>No</td>
							<td class="fail">FAIL</td>
						

						
							
								
							
								
							
								
							
								
									
										
									
										
									
										
									
										
									
										
									
										
											
											<td class="fail">FAIL</td>
										
									
										
									
										
									
								
							
								
							
						
							
								
							
								
							
								
							
								
									
										
									
										
									
										
									
										
									
										
									
										
									
										
											
											<td class="fail">FAIL</td>
										
									
										
									
								
							
								
							
						
							
								
							
								
							
								
							
								
									
										
									
										
									
										
									
										
									
										
									
										
									
										
									
										
											
											<td class="fail">FAIL</td>
										
									
								
							
								
							
						
							
								
							
								
							
								
							
								
									
										
											
											<td class="fail">FAIL</td>
										
									
										
									
										
									
										
									
										
									
										
									
										
									
										
									
								
							
								
							
						
							
								
							
								
							
								
							
								
									
										
									
										
											
											<td class="fail">FAIL</td>
										
									
										
									
										
									
										
									
										
									
										
									
										
									
								
							
								
							
						
							
								
							
								
							
								
							
								
									
										
									
										
									
										
											
											<td class="fail">FAIL</td>
										
									
										
									
										
									
										
									
										
									
										
									
								
							
								
							
						
							
								
							
								
							
								
							
								
									
										
									
										
									
										
									
										
											
											<td class="fail">FAIL</td>
										
									
										
									
										
									
										
									
										
									
								
							
								
							
						
							
								
							
								
							
								
							
								
									
										
									
										
									
										
									
										
									
										
											
											<td class="fail">FAIL</td>
										
									
										
									
										
									
										
									
								
							
								
							
						
					</tr>
					
					<tr>
						<td>
							<a href="#esp32%3aesp32%3ad1_mini32"><b>esp32:esp32:d1_mini32</b></a>
							<br />
							<small>1.0.6</small>
						</td>

						
						
						
							<td>Yes ⚠️</td>
							<td class="fail">FAIL</td>
						
						

						
							
								
							
								
							
								
							
								
							
								
									
										
									
										
									
										
									
										
									
										
									
										
											
											<td class="fail">FAIL</td>
										
									
										
									
										
									
								
							
						
							
								
							
								
							
								
							
								
							
								
									
										
									
										
									
										
									
										
									
										
									
										
									
										
											
											<td class="fail">FAIL</td>
										
									
										
									
								
							
						
							
								
							
								
							
								
							
								
							
								
									
										
									
										
									
										
									
										
									
										
									
										
									
										
									
										
											
											<td class="fail">FAIL</td>
										
									
								
							
						
							
								
							
								
							
								
							
								
							
								
									
										
											
											<td class="fail">FAIL</td>
										
									
										
									
										
									
										
									
										
									
										
									
										
									
										
									
								
							
						
							
								
							
								
							
								
							
								
							
								
									
										
									
										
											
											<td class="fail">FAIL</td>
										
									
										
									
										
									
										
									
										
									
										
									
										
									
								
							
						
							
								
							
								
							
								
							
								
							
								
									
										
									
										
									
										
											
											<td class="fail">FAIL</td>
										
									
										
									
										
									
										
									
										
									
										
									
								
							
						
							
								
							
								
							
								
							
								
							
								
									
										
									
										
									
										
									
										
											
											<td class="fail">FAIL</td>
										
									
										
									
										
									
										
									
										
									
								
							
						
							
								
							
								
							
								
							
								
							
								
									
										
									
										
									
										
									
										
									
										
											
											<td class="fail">FAIL</td>
										
									
										
									
										
									
										
									
								
							
						
					</tr>
					
				</table>

				<h2>Compilation logs</h2>
				
				<h3 id="arduino:avr:uno">arduino:avr:uno @ 1.8.4</h3>
				<h4>Inclusion</h4>
				<p>
					Result: <b>FAIL</b>
					
				</p>
				<pre class="pre-scrollable">In file included from /tmp/arduino-testlib38209606/test/test.ino:1:0:
/home/ec2-user/arduino-testlib/cli-datadir/user/libraries/ESP32_S2_TimerInterrupt/src/ESP32_S2_TimerInterrupt.h:45:4: error: #error This code is intended to run on the ESP32-S2 platform! Please check your Tools-&gt;Board setting.
   #error This code is intended to run on the ESP32-S2 platform! Please check your Tools-&gt;Board setting.
    ^~~~~
In file included from /tmp/arduino-testlib38209606/test/test.ino:1:0:
/home/ec2-user/arduino-testlib/cli-datadir/user/libraries/ESP32_S2_TimerInterrupt/src/ESP32_S2_TimerInterrupt.h:74:10: fatal error: driver/timer.h: No such file or directory
 #include &lt;driver/timer.h&gt;
          ^~~~~~~~~~~~~~~~
compilation terminated.

</pre>

					
					<h4>examples/Argument_None</h4>
					<p>
						Result: <b>FAIL</b>
					</p>
					<pre class="pre-scrollable">/home/ec2-user/arduino-testlib/cli-datadir/user/libraries/ESP32_S2_TimerInterrupt/examples/Argument_None/Argument_None.ino:36:4: error: #error This code is intended to run on the ESP32-S2 platform! Please check your Tools-&gt;Board setting.
   #error This code is intended to run on the ESP32-S2 platform! Please check your Tools-&gt;Board setting.
    ^~~~~
In file included from /home/ec2-user/arduino-testlib/cli-datadir/user/libraries/ESP32_S2_TimerInterrupt/examples/Argument_None/Argument_None.ino:45:0:
/home/ec2-user/arduino-testlib/cli-datadir/user/libraries/ESP32_S2_TimerInterrupt/src/ESP32_S2_TimerInterrupt.h:45:4: error: #error This code is intended to run on the ESP32-S2 platform! Please check your Tools-&gt;Board setting.
   #error This code is intended to run on the ESP32-S2 platform! Please check your Tools-&gt;Board setting.
    ^~~~~
In file included from /home/ec2-user/arduino-testlib/cli-datadir/user/libraries/ESP32_S2_TimerInterrupt/examples/Argument_None/Argument_None.ino:45:0:
/home/ec2-user/arduino-testlib/cli-datadir/user/libraries/ESP32_S2_TimerInterrupt/src/ESP32_S2_TimerInterrupt.h:74:10: fatal error: driver/timer.h: No such file or directory
 #include &lt;driver/timer.h&gt;
          ^~~~~~~~~~~~~~~~
compilation terminated.

</pre>
					
					<h4>examples/Change_Interval</h4>
					<p>
						Result: <b>FAIL</b>
					</p>
					<pre class="pre-scrollable">/home/ec2-user/arduino-testlib/cli-datadir/user/libraries/ESP32_S2_TimerInterrupt/examples/Change_Interval/Change_Interval.ino:36:4: error: #error This code is intended to run on the ESP32-S2 platform! Please check your Tools-&gt;Board setting.
   #error This code is intended to run on the ESP32-S2 platform! Please check your Tools-&gt;Board setting.
    ^~~~~
In file included from /home/ec2-user/arduino-testlib/cli-datadir/user/libraries/ESP32_S2_TimerInterrupt/examples/Change_Interval/Change_Interval.ino:45:0:
/home/ec2-user/arduino-testlib/cli-datadir/user/libraries/ESP32_S2_TimerInterrupt/src/ESP32_S2_TimerInterrupt.h:45:4: error: #error This code is intended to run on the ESP32-S2 platform! Please check your Tools-&gt;Board setting.
   #error This code is intended to run on the ESP32-S2 platform! Please check your Tools-&gt;Board setting.
    ^~~~~
In file included from /home/ec2-user/arduino-testlib/cli-datadir/user/libraries/ESP32_S2_TimerInterrupt/examples/Change_Interval/Change_Interval.ino:45:0:
/home/ec2-user/arduino-testlib/cli-datadir/user/libraries/ESP32_S2_TimerInterrupt/src/ESP32_S2_TimerInterrupt.h:74:10: fatal error: driver/timer.h: No such file or directory
 #include &lt;driver/timer.h&gt;
          ^~~~~~~~~~~~~~~~
compilation terminated.

</pre>
					
					<h4>examples/ISR_16_Timers_Array</h4>
					<p>
						Result: <b>FAIL</b>
					</p>
					<pre class="pre-scrollable">/home/ec2-user/arduino-testlib/cli-datadir/user/libraries/ESP32_S2_TimerInterrupt/examples/ISR_16_Timers_Array/ISR_16_Timers_Array.ino:52:4: error: #error This code is intended to run on the ESP32-S2 platform! Please check your Tools-&gt;Board setting.
   #error This code is intended to run on the ESP32-S2 platform! Please check your Tools-&gt;Board setting.
    ^~~~~
In file included from /home/ec2-user/arduino-testlib/cli-datadir/user/libraries/ESP32_S2_TimerInterrupt/examples/ISR_16_Timers_Array/ISR_16_Timers_Array.ino:63:0:
/home/ec2-user/arduino-testlib/cli-datadir/user/libraries/ESP32_S2_TimerInterrupt/src/ESP32_S2_TimerInterrupt.h:45:4: error: #error This code is intended to run on the ESP32-S2 platform! Please check your Tools-&gt;Board setting.
   #error This code is intended to run on the ESP32-S2 platform! Please check your Tools-&gt;Board setting.
    ^~~~~
In file included from /home/ec2-user/arduino-testlib/cli-datadir/user/libraries/ESP32_S2_TimerInterrupt/examples/ISR_16_Timers_Array/ISR_16_Timers_Array.ino:63:0:
/home/ec2-user/arduino-testlib/cli-datadir/user/libraries/ESP32_S2_TimerInterrupt/src/ESP32_S2_TimerInterrupt.h:74:10: fatal error: driver/timer.h: No such file or directory
 #include &lt;driver/timer.h&gt;
          ^~~~~~~~~~~~~~~~
compilation terminated.

</pre>
					
					<h4>examples/ISR_16_Timers_Array_Complex</h4>
					<p>
						Result: <b>FAIL</b>
					</p>
					<pre class="pre-scrollable">/home/ec2-user/arduino-testlib/cli-datadir/user/libraries/ESP32_S2_TimerInterrupt/examples/ISR_16_Timers_Array_Complex/ISR_16_Timers_Array_Complex.ino:43:4: error: #error This code is intended to run on the ESP32-S2 platform! Please check your Tools-&gt;Board setting.
   #error This code is intended to run on the ESP32-S2 platform! Please check your Tools-&gt;Board setting.
    ^~~~~
In file included from /home/ec2-user/arduino-testlib/cli-datadir/user/libraries/ESP32_S2_TimerInterrupt/examples/ISR_16_Timers_Array_Complex/ISR_16_Timers_Array_Complex.ino:54:0:
/home/ec2-user/arduino-testlib/cli-datadir/user/libraries/ESP32_S2_TimerInterrupt/src/ESP32_S2_TimerInterrupt.h:45:4: error: #error This code is intended to run on the ESP32-S2 platform! Please check your Tools-&gt;Board setting.
   #error This code is intended to run on the ESP32-S2 platform! Please check your Tools-&gt;Board setting.
    ^~~~~
In file included from /home/ec2-user/arduino-testlib/cli-datadir/user/libraries/ESP32_S2_TimerInterrupt/examples/ISR_16_Timers_Array_Complex/ISR_16_Timers_Array_Complex.ino:54:0:
/home/ec2-user/arduino-testlib/cli-datadir/user/libraries/ESP32_S2_TimerInterrupt/src/ESP32_S2_TimerInterrupt.h:74:10: fatal error: driver/timer.h: No such file or directory
 #include &lt;driver/timer.h&gt;
          ^~~~~~~~~~~~~~~~
compilation terminated.

</pre>
					
					<h4>examples/RPM_Measure</h4>
					<p>
						Result: <b>FAIL</b>
					</p>
					<pre class="pre-scrollable">/home/ec2-user/arduino-testlib/cli-datadir/user/libraries/ESP32_S2_TimerInterrupt/examples/RPM_Measure/RPM_Measure.ino:44:4: error: #error This code is intended to run on the ESP32-S2 platform! Please check your Tools-&gt;Board setting.
   #error This code is intended to run on the ESP32-S2 platform! Please check your Tools-&gt;Board setting.
    ^~~~~
In file included from /home/ec2-user/arduino-testlib/cli-datadir/user/libraries/ESP32_S2_TimerInterrupt/examples/RPM_Measure/RPM_Measure.ino:53:0:
/home/ec2-user/arduino-testlib/cli-datadir/user/libraries/ESP32_S2_TimerInterrupt/src/ESP32_S2_TimerInterrupt.h:45:4: error: #error This code is intended to run on the ESP32-S2 platform! Please check your Tools-&gt;Board setting.
   #error This code is intended to run on the ESP32-S2 platform! Please check your Tools-&gt;Board setting.
    ^~~~~
In file included from /home/ec2-user/arduino-testlib/cli-datadir/user/libraries/ESP32_S2_TimerInterrupt/examples/RPM_Measure/RPM_Measure.ino:53:0:
/home/ec2-user/arduino-testlib/cli-datadir/user/libraries/ESP32_S2_TimerInterrupt/src/ESP32_S2_TimerInterrupt.h:74:10: fatal error: driver/timer.h: No such file or directory
 #include &lt;driver/timer.h&gt;
          ^~~~~~~~~~~~~~~~
compilation terminated.

</pre>
					
					<h4>examples/SwitchDebounce</h4>
					<p>
						Result: <b>FAIL</b>
					</p>
					<pre class="pre-scrollable">/home/ec2-user/arduino-testlib/cli-datadir/user/libraries/ESP32_S2_TimerInterrupt/examples/SwitchDebounce/SwitchDebounce.ino:41:4: error: #error This code is intended to run on the ESP32-S2 platform! Please check your Tools-&gt;Board setting.
   #error This code is intended to run on the ESP32-S2 platform! Please check your Tools-&gt;Board setting.
    ^~~~~
In file included from /home/ec2-user/arduino-testlib/cli-datadir/user/libraries/ESP32_S2_TimerInterrupt/examples/SwitchDebounce/SwitchDebounce.ino:48:0:
/home/ec2-user/arduino-testlib/cli-datadir/user/libraries/ESP32_S2_TimerInterrupt/src/ESP32_S2_TimerInterrupt.h:45:4: error: #error This code is intended to run on the ESP32-S2 platform! Please check your Tools-&gt;Board setting.
   #error This code is intended to run on the ESP32-S2 platform! Please check your Tools-&gt;Board setting.
    ^~~~~
In file included from /home/ec2-user/arduino-testlib/cli-datadir/user/libraries/ESP32_S2_TimerInterrupt/examples/SwitchDebounce/SwitchDebounce.ino:48:0:
/home/ec2-user/arduino-testlib/cli-datadir/user/libraries/ESP32_S2_TimerInterrupt/src/ESP32_S2_TimerInterrupt.h:74:10: fatal error: driver/timer.h: No such file or directory
 #include &lt;driver/timer.h&gt;
          ^~~~~~~~~~~~~~~~
compilation terminated.

</pre>
					
					<h4>examples/TimerInterruptTest</h4>
					<p>
						Result: <b>FAIL</b>
					</p>
					<pre class="pre-scrollable">/home/ec2-user/arduino-testlib/cli-datadir/user/libraries/ESP32_S2_TimerInterrupt/examples/TimerInterruptTest/TimerInterruptTest.ino:35:4: error: #error This code is intended to run on the ESP32-S2 platform! Please check your Tools-&gt;Board setting.
   #error This code is intended to run on the ESP32-S2 platform! Please check your Tools-&gt;Board setting.
    ^~~~~
In file included from /home/ec2-user/arduino-testlib/cli-datadir/user/libraries/ESP32_S2_TimerInterrupt/examples/TimerInterruptTest/TimerInterruptTest.ino:44:0:
/home/ec2-user/arduino-testlib/cli-datadir/user/libraries/ESP32_S2_TimerInterrupt/src/ESP32_S2_TimerInterrupt.h:45:4: error: #error This code is intended to run on the ESP32-S2 platform! Please check your Tools-&gt;Board setting.
   #error This code is intended to run on the ESP32-S2 platform! Please check your Tools-&gt;Board setting.
    ^~~~~
In file included from /home/ec2-user/arduino-testlib/cli-datadir/user/libraries/ESP32_S2_TimerInterrupt/examples/TimerInterruptTest/TimerInterruptTest.ino:44:0:
/home/ec2-user/arduino-testlib/cli-datadir/user/libraries/ESP32_S2_TimerInterrupt/src/ESP32_S2_TimerInterrupt.h:74:10: fatal error: driver/timer.h: No such file or directory
 #include &lt;driver/timer.h&gt;
          ^~~~~~~~~~~~~~~~
compilation terminated.

</pre>
					
					<h4>examples/multiFileProject</h4>
					<p>
						Result: <b>FAIL</b>
					</p>
					<pre class="pre-scrollable">/home/ec2-user/arduino-testlib/cli-datadir/user/libraries/ESP32_S2_TimerInterrupt/examples/multiFileProject/multiFileProject.ino:21:4: error: #error This code is intended to run on the ESP32-S2 platform! Please check your Tools-&gt;Board setting.
   #error This code is intended to run on the ESP32-S2 platform! Please check your Tools-&gt;Board setting.
    ^~~~~
In file included from /home/ec2-user/arduino-testlib/cli-datadir/user/libraries/ESP32_S2_TimerInterrupt/examples/multiFileProject/multiFileProject.h:21:0,
                 from /home/ec2-user/arduino-testlib/cli-datadir/user/libraries/ESP32_S2_TimerInterrupt/examples/multiFileProject/multiFileProject.ino:24:
/home/ec2-user/arduino-testlib/cli-datadir/user/libraries/ESP32_S2_TimerInterrupt/src/ESP32_S2_TimerInterrupt.h:45:4: error: #error This code is intended to run on the ESP32-S2 platform! Please check your Tools-&gt;Board setting.
   #error This code is intended to run on the ESP32-S2 platform! Please check your Tools-&gt;Board setting.
    ^~~~~
In file included from /home/ec2-user/arduino-testlib/cli-datadir/user/libraries/ESP32_S2_TimerInterrupt/examples/multiFileProject/multiFileProject.h:21:0,
                 from /home/ec2-user/arduino-testlib/cli-datadir/user/libraries/ESP32_S2_TimerInterrupt/examples/multiFileProject/multiFileProject.ino:24:
/home/ec2-user/arduino-testlib/cli-datadir/user/libraries/ESP32_S2_TimerInterrupt/src/ESP32_S2_TimerInterrupt.h:74:10: fatal error: driver/timer.h: No such file or directory
 #include &lt;driver/timer.h&gt;
          ^~~~~~~~~~~~~~~~
compilation terminated.

</pre>
					
				
				<h3 id="arduino:mbed_nano:nanorp2040connect">arduino:mbed_nano:nanorp2040connect @ 2.7.2</h3>
				<h4>Inclusion</h4>
				<p>
					Result: <b>FAIL</b>
					
				</p>
				<pre class="pre-scrollable">In file included from /tmp/arduino-testlib450409449/test/test.ino:1:0:
/home/ec2-user/arduino-testlib/cli-datadir/user/libraries/ESP32_S2_TimerInterrupt/src/ESP32_S2_TimerInterrupt.h:45:4: error: #error This code is intended to run on the ESP32-S2 platform! Please check your Tools-&gt;Board setting.
   #error This code is intended to run on the ESP32-S2 platform! Please check your Tools-&gt;Board setting.
    ^~~~~
In file included from /tmp/arduino-testlib450409449/test/test.ino:1:0:
/home/ec2-user/arduino-testlib/cli-datadir/user/libraries/ESP32_S2_TimerInterrupt/src/ESP32_S2_TimerInterrupt.h:74:10: fatal error: driver/timer.h: No such file or directory
 #include &lt;driver/timer.h&gt;
          ^~~~~~~~~~~~~~~~
compilation terminated.

</pre>

					
					<h4>examples/Argument_None</h4>
					<p>
						Result: <b>FAIL</b>
					</p>
					<pre class="pre-scrollable">/home/ec2-user/arduino-testlib/cli-datadir/user/libraries/ESP32_S2_TimerInterrupt/examples/Argument_None/Argument_None.ino:36:4: error: #error This code is intended to run on the ESP32-S2 platform! Please check your Tools-&gt;Board setting.
   #error This code is intended to run on the ESP32-S2 platform! Please check your Tools-&gt;Board setting.
    ^~~~~
In file included from /home/ec2-user/arduino-testlib/cli-datadir/user/libraries/ESP32_S2_TimerInterrupt/examples/Argument_None/Argument_None.ino:45:0:
/home/ec2-user/arduino-testlib/cli-datadir/user/libraries/ESP32_S2_TimerInterrupt/src/ESP32_S2_TimerInterrupt.h:45:4: error: #error This code is intended to run on the ESP32-S2 platform! Please check your Tools-&gt;Board setting.
   #error This code is intended to run on the ESP32-S2 platform! Please check your Tools-&gt;Board setting.
    ^~~~~
In file included from /home/ec2-user/arduino-testlib/cli-datadir/user/libraries/ESP32_S2_TimerInterrupt/examples/Argument_None/Argument_None.ino:45:0:
/home/ec2-user/arduino-testlib/cli-datadir/user/libraries/ESP32_S2_TimerInterrupt/src/ESP32_S2_TimerInterrupt.h:74:10: fatal error: driver/timer.h: No such file or directory
 #include &lt;driver/timer.h&gt;
          ^~~~~~~~~~~~~~~~
compilation terminated.

</pre>
					
					<h4>examples/Change_Interval</h4>
					<p>
						Result: <b>FAIL</b>
					</p>
					<pre class="pre-scrollable">/home/ec2-user/arduino-testlib/cli-datadir/user/libraries/ESP32_S2_TimerInterrupt/examples/Change_Interval/Change_Interval.ino:36:4: error: #error This code is intended to run on the ESP32-S2 platform! Please check your Tools-&gt;Board setting.
   #error This code is intended to run on the ESP32-S2 platform! Please check your Tools-&gt;Board setting.
    ^~~~~
In file included from /home/ec2-user/arduino-testlib/cli-datadir/user/libraries/ESP32_S2_TimerInterrupt/examples/Change_Interval/Change_Interval.ino:45:0:
/home/ec2-user/arduino-testlib/cli-datadir/user/libraries/ESP32_S2_TimerInterrupt/src/ESP32_S2_TimerInterrupt.h:45:4: error: #error This code is intended to run on the ESP32-S2 platform! Please check your Tools-&gt;Board setting.
   #error This code is intended to run on the ESP32-S2 platform! Please check your Tools-&gt;Board setting.
    ^~~~~
In file included from /home/ec2-user/arduino-testlib/cli-datadir/user/libraries/ESP32_S2_TimerInterrupt/examples/Change_Interval/Change_Interval.ino:45:0:
/home/ec2-user/arduino-testlib/cli-datadir/user/libraries/ESP32_S2_TimerInterrupt/src/ESP32_S2_TimerInterrupt.h:74:10: fatal error: driver/timer.h: No such file or directory
 #include &lt;driver/timer.h&gt;
          ^~~~~~~~~~~~~~~~
compilation terminated.

</pre>
					
					<h4>examples/ISR_16_Timers_Array</h4>
					<p>
						Result: <b>FAIL</b>
					</p>
					<pre class="pre-scrollable">/home/ec2-user/arduino-testlib/cli-datadir/user/libraries/ESP32_S2_TimerInterrupt/examples/ISR_16_Timers_Array/ISR_16_Timers_Array.ino:52:4: error: #error This code is intended to run on the ESP32-S2 platform! Please check your Tools-&gt;Board setting.
   #error This code is intended to run on the ESP32-S2 platform! Please check your Tools-&gt;Board setting.
    ^~~~~
In file included from /home/ec2-user/arduino-testlib/cli-datadir/user/libraries/ESP32_S2_TimerInterrupt/examples/ISR_16_Timers_Array/ISR_16_Timers_Array.ino:63:0:
/home/ec2-user/arduino-testlib/cli-datadir/user/libraries/ESP32_S2_TimerInterrupt/src/ESP32_S2_TimerInterrupt.h:45:4: error: #error This code is intended to run on the ESP32-S2 platform! Please check your Tools-&gt;Board setting.
   #error This code is intended to run on the ESP32-S2 platform! Please check your Tools-&gt;Board setting.
    ^~~~~
In file included from /home/ec2-user/arduino-testlib/cli-datadir/user/libraries/ESP32_S2_TimerInterrupt/examples/ISR_16_Timers_Array/ISR_16_Timers_Array.ino:63:0:
/home/ec2-user/arduino-testlib/cli-datadir/user/libraries/ESP32_S2_TimerInterrupt/src/ESP32_S2_TimerInterrupt.h:74:10: fatal error: driver/timer.h: No such file or directory
 #include &lt;driver/timer.h&gt;
          ^~~~~~~~~~~~~~~~
compilation terminated.

</pre>
					
					<h4>examples/ISR_16_Timers_Array_Complex</h4>
					<p>
						Result: <b>FAIL</b>
					</p>
					<pre class="pre-scrollable">/home/ec2-user/arduino-testlib/cli-datadir/user/libraries/ESP32_S2_TimerInterrupt/examples/ISR_16_Timers_Array_Complex/ISR_16_Timers_Array_Complex.ino:43:4: error: #error This code is intended to run on the ESP32-S2 platform! Please check your Tools-&gt;Board setting.
   #error This code is intended to run on the ESP32-S2 platform! Please check your Tools-&gt;Board setting.
    ^~~~~
In file included from /home/ec2-user/arduino-testlib/cli-datadir/user/libraries/ESP32_S2_TimerInterrupt/examples/ISR_16_Timers_Array_Complex/ISR_16_Timers_Array_Complex.ino:54:0:
/home/ec2-user/arduino-testlib/cli-datadir/user/libraries/ESP32_S2_TimerInterrupt/src/ESP32_S2_TimerInterrupt.h:45:4: error: #error This code is intended to run on the ESP32-S2 platform! Please check your Tools-&gt;Board setting.
   #error This code is intended to run on the ESP32-S2 platform! Please check your Tools-&gt;Board setting.
    ^~~~~
In file included from /home/ec2-user/arduino-testlib/cli-datadir/user/libraries/ESP32_S2_TimerInterrupt/examples/ISR_16_Timers_Array_Complex/ISR_16_Timers_Array_Complex.ino:54:0:
/home/ec2-user/arduino-testlib/cli-datadir/user/libraries/ESP32_S2_TimerInterrupt/src/ESP32_S2_TimerInterrupt.h:74:10: fatal error: driver/timer.h: No such file or directory
 #include &lt;driver/timer.h&gt;
          ^~~~~~~~~~~~~~~~
compilation terminated.

</pre>
					
					<h4>examples/RPM_Measure</h4>
					<p>
						Result: <b>FAIL</b>
					</p>
					<pre class="pre-scrollable">/home/ec2-user/arduino-testlib/cli-datadir/user/libraries/ESP32_S2_TimerInterrupt/examples/RPM_Measure/RPM_Measure.ino:44:4: error: #error This code is intended to run on the ESP32-S2 platform! Please check your Tools-&gt;Board setting.
   #error This code is intended to run on the ESP32-S2 platform! Please check your Tools-&gt;Board setting.
    ^~~~~
In file included from /home/ec2-user/arduino-testlib/cli-datadir/user/libraries/ESP32_S2_TimerInterrupt/examples/RPM_Measure/RPM_Measure.ino:53:0:
/home/ec2-user/arduino-testlib/cli-datadir/user/libraries/ESP32_S2_TimerInterrupt/src/ESP32_S2_TimerInterrupt.h:45:4: error: #error This code is intended to run on the ESP32-S2 platform! Please check your Tools-&gt;Board setting.
   #error This code is intended to run on the ESP32-S2 platform! Please check your Tools-&gt;Board setting.
    ^~~~~
In file included from /home/ec2-user/arduino-testlib/cli-datadir/user/libraries/ESP32_S2_TimerInterrupt/examples/RPM_Measure/RPM_Measure.ino:53:0:
/home/ec2-user/arduino-testlib/cli-datadir/user/libraries/ESP32_S2_TimerInterrupt/src/ESP32_S2_TimerInterrupt.h:74:10: fatal error: driver/timer.h: No such file or directory
 #include &lt;driver/timer.h&gt;
          ^~~~~~~~~~~~~~~~
compilation terminated.

</pre>
					
					<h4>examples/SwitchDebounce</h4>
					<p>
						Result: <b>FAIL</b>
					</p>
					<pre class="pre-scrollable">/home/ec2-user/arduino-testlib/cli-datadir/user/libraries/ESP32_S2_TimerInterrupt/examples/SwitchDebounce/SwitchDebounce.ino:41:4: error: #error This code is intended to run on the ESP32-S2 platform! Please check your Tools-&gt;Board setting.
   #error This code is intended to run on the ESP32-S2 platform! Please check your Tools-&gt;Board setting.
    ^~~~~
In file included from /home/ec2-user/arduino-testlib/cli-datadir/user/libraries/ESP32_S2_TimerInterrupt/examples/SwitchDebounce/SwitchDebounce.ino:48:0:
/home/ec2-user/arduino-testlib/cli-datadir/user/libraries/ESP32_S2_TimerInterrupt/src/ESP32_S2_TimerInterrupt.h:45:4: error: #error This code is intended to run on the ESP32-S2 platform! Please check your Tools-&gt;Board setting.
   #error This code is intended to run on the ESP32-S2 platform! Please check your Tools-&gt;Board setting.
    ^~~~~
In file included from /home/ec2-user/arduino-testlib/cli-datadir/user/libraries/ESP32_S2_TimerInterrupt/examples/SwitchDebounce/SwitchDebounce.ino:48:0:
/home/ec2-user/arduino-testlib/cli-datadir/user/libraries/ESP32_S2_TimerInterrupt/src/ESP32_S2_TimerInterrupt.h:74:10: fatal error: driver/timer.h: No such file or directory
 #include &lt;driver/timer.h&gt;
          ^~~~~~~~~~~~~~~~
compilation terminated.

</pre>
					
					<h4>examples/TimerInterruptTest</h4>
					<p>
						Result: <b>FAIL</b>
					</p>
					<pre class="pre-scrollable">/home/ec2-user/arduino-testlib/cli-datadir/user/libraries/ESP32_S2_TimerInterrupt/examples/TimerInterruptTest/TimerInterruptTest.ino:35:4: error: #error This code is intended to run on the ESP32-S2 platform! Please check your Tools-&gt;Board setting.
   #error This code is intended to run on the ESP32-S2 platform! Please check your Tools-&gt;Board setting.
    ^~~~~
In file included from /home/ec2-user/arduino-testlib/cli-datadir/user/libraries/ESP32_S2_TimerInterrupt/examples/TimerInterruptTest/TimerInterruptTest.ino:44:0:
/home/ec2-user/arduino-testlib/cli-datadir/user/libraries/ESP32_S2_TimerInterrupt/src/ESP32_S2_TimerInterrupt.h:45:4: error: #error This code is intended to run on the ESP32-S2 platform! Please check your Tools-&gt;Board setting.
   #error This code is intended to run on the ESP32-S2 platform! Please check your Tools-&gt;Board setting.
    ^~~~~
In file included from /home/ec2-user/arduino-testlib/cli-datadir/user/libraries/ESP32_S2_TimerInterrupt/examples/TimerInterruptTest/TimerInterruptTest.ino:44:0:
/home/ec2-user/arduino-testlib/cli-datadir/user/libraries/ESP32_S2_TimerInterrupt/src/ESP32_S2_TimerInterrupt.h:74:10: fatal error: driver/timer.h: No such file or directory
 #include &lt;driver/timer.h&gt;
          ^~~~~~~~~~~~~~~~
compilation terminated.

</pre>
					
					<h4>examples/multiFileProject</h4>
					<p>
						Result: <b>FAIL</b>
					</p>
					<pre class="pre-scrollable">/home/ec2-user/arduino-testlib/cli-datadir/user/libraries/ESP32_S2_TimerInterrupt/examples/multiFileProject/multiFileProject.ino:21:4: error: #error This code is intended to run on the ESP32-S2 platform! Please check your Tools-&gt;Board setting.
   #error This code is intended to run on the ESP32-S2 platform! Please check your Tools-&gt;Board setting.
    ^~~~~
In file included from /home/ec2-user/arduino-testlib/cli-datadir/user/libraries/ESP32_S2_TimerInterrupt/examples/multiFileProject/multiFileProject.h:21:0,
                 from /home/ec2-user/arduino-testlib/cli-datadir/user/libraries/ESP32_S2_TimerInterrupt/examples/multiFileProject/multiFileProject.ino:24:
/home/ec2-user/arduino-testlib/cli-datadir/user/libraries/ESP32_S2_TimerInterrupt/src/ESP32_S2_TimerInterrupt.h:45:4: error: #error This code is intended to run on the ESP32-S2 platform! Please check your Tools-&gt;Board setting.
   #error This code is intended to run on the ESP32-S2 platform! Please check your Tools-&gt;Board setting.
    ^~~~~
In file included from /home/ec2-user/arduino-testlib/cli-datadir/user/libraries/ESP32_S2_TimerInterrupt/examples/multiFileProject/multiFileProject.h:21:0,
                 from /home/ec2-user/arduino-testlib/cli-datadir/user/libraries/ESP32_S2_TimerInterrupt/examples/multiFileProject/multiFileProject.ino:24:
/home/ec2-user/arduino-testlib/cli-datadir/user/libraries/ESP32_S2_TimerInterrupt/src/ESP32_S2_TimerInterrupt.h:74:10: fatal error: driver/timer.h: No such file or directory
 #include &lt;driver/timer.h&gt;
          ^~~~~~~~~~~~~~~~
compilation terminated.

</pre>
					
				
				<h3 id="arduino:megaavr:nona4809">arduino:megaavr:nona4809 @ 1.8.7</h3>
				<h4>Inclusion</h4>
				<p>
					Result: <b>FAIL</b>
					
				</p>
				<pre class="pre-scrollable">In file included from /tmp/arduino-testlib450409449/test/test.ino:1:0:
/home/ec2-user/arduino-testlib/cli-datadir/user/libraries/ESP32_S2_TimerInterrupt/src/ESP32_S2_TimerInterrupt.h:45:4: error: #error This code is intended to run on the ESP32-S2 platform! Please check your Tools-&gt;Board setting.
   #error This code is intended to run on the ESP32-S2 platform! Please check your Tools-&gt;Board setting.
    ^~~~~
In file included from /tmp/arduino-testlib450409449/test/test.ino:1:0:
/home/ec2-user/arduino-testlib/cli-datadir/user/libraries/ESP32_S2_TimerInterrupt/src/ESP32_S2_TimerInterrupt.h:74:10: fatal error: driver/timer.h: No such file or directory
 #include &lt;driver/timer.h&gt;
          ^~~~~~~~~~~~~~~~
compilation terminated.

</pre>

					
					<h4>examples/Argument_None</h4>
					<p>
						Result: <b>FAIL</b>
					</p>
					<pre class="pre-scrollable">/home/ec2-user/arduino-testlib/cli-datadir/user/libraries/ESP32_S2_TimerInterrupt/examples/Argument_None/Argument_None.ino:36:4: error: #error This code is intended to run on the ESP32-S2 platform! Please check your Tools-&gt;Board setting.
   #error This code is intended to run on the ESP32-S2 platform! Please check your Tools-&gt;Board setting.
    ^~~~~
In file included from /home/ec2-user/arduino-testlib/cli-datadir/user/libraries/ESP32_S2_TimerInterrupt/examples/Argument_None/Argument_None.ino:45:0:
/home/ec2-user/arduino-testlib/cli-datadir/user/libraries/ESP32_S2_TimerInterrupt/src/ESP32_S2_TimerInterrupt.h:45:4: error: #error This code is intended to run on the ESP32-S2 platform! Please check your Tools-&gt;Board setting.
   #error This code is intended to run on the ESP32-S2 platform! Please check your Tools-&gt;Board setting.
    ^~~~~
In file included from /home/ec2-user/arduino-testlib/cli-datadir/user/libraries/ESP32_S2_TimerInterrupt/examples/Argument_None/Argument_None.ino:45:0:
/home/ec2-user/arduino-testlib/cli-datadir/user/libraries/ESP32_S2_TimerInterrupt/src/ESP32_S2_TimerInterrupt.h:74:10: fatal error: driver/timer.h: No such file or directory
 #include &lt;driver/timer.h&gt;
          ^~~~~~~~~~~~~~~~
compilation terminated.

</pre>
					
					<h4>examples/Change_Interval</h4>
					<p>
						Result: <b>FAIL</b>
					</p>
					<pre class="pre-scrollable">/home/ec2-user/arduino-testlib/cli-datadir/user/libraries/ESP32_S2_TimerInterrupt/examples/Change_Interval/Change_Interval.ino:36:4: error: #error This code is intended to run on the ESP32-S2 platform! Please check your Tools-&gt;Board setting.
   #error This code is intended to run on the ESP32-S2 platform! Please check your Tools-&gt;Board setting.
    ^~~~~
In file included from /home/ec2-user/arduino-testlib/cli-datadir/user/libraries/ESP32_S2_TimerInterrupt/examples/Change_Interval/Change_Interval.ino:45:0:
/home/ec2-user/arduino-testlib/cli-datadir/user/libraries/ESP32_S2_TimerInterrupt/src/ESP32_S2_TimerInterrupt.h:45:4: error: #error This code is intended to run on the ESP32-S2 platform! Please check your Tools-&gt;Board setting.
   #error This code is intended to run on the ESP32-S2 platform! Please check your Tools-&gt;Board setting.
    ^~~~~
In file included from /home/ec2-user/arduino-testlib/cli-datadir/user/libraries/ESP32_S2_TimerInterrupt/examples/Change_Interval/Change_Interval.ino:45:0:
/home/ec2-user/arduino-testlib/cli-datadir/user/libraries/ESP32_S2_TimerInterrupt/src/ESP32_S2_TimerInterrupt.h:74:10: fatal error: driver/timer.h: No such file or directory
 #include &lt;driver/timer.h&gt;
          ^~~~~~~~~~~~~~~~
compilation terminated.

</pre>
					
					<h4>examples/ISR_16_Timers_Array</h4>
					<p>
						Result: <b>FAIL</b>
					</p>
					<pre class="pre-scrollable">/home/ec2-user/arduino-testlib/cli-datadir/user/libraries/ESP32_S2_TimerInterrupt/examples/ISR_16_Timers_Array/ISR_16_Timers_Array.ino:52:4: error: #error This code is intended to run on the ESP32-S2 platform! Please check your Tools-&gt;Board setting.
   #error This code is intended to run on the ESP32-S2 platform! Please check your Tools-&gt;Board setting.
    ^~~~~
In file included from /home/ec2-user/arduino-testlib/cli-datadir/user/libraries/ESP32_S2_TimerInterrupt/examples/ISR_16_Timers_Array/ISR_16_Timers_Array.ino:63:0:
/home/ec2-user/arduino-testlib/cli-datadir/user/libraries/ESP32_S2_TimerInterrupt/src/ESP32_S2_TimerInterrupt.h:45:4: error: #error This code is intended to run on the ESP32-S2 platform! Please check your Tools-&gt;Board setting.
   #error This code is intended to run on the ESP32-S2 platform! Please check your Tools-&gt;Board setting.
    ^~~~~
In file included from /home/ec2-user/arduino-testlib/cli-datadir/user/libraries/ESP32_S2_TimerInterrupt/examples/ISR_16_Timers_Array/ISR_16_Timers_Array.ino:63:0:
/home/ec2-user/arduino-testlib/cli-datadir/user/libraries/ESP32_S2_TimerInterrupt/src/ESP32_S2_TimerInterrupt.h:74:10: fatal error: driver/timer.h: No such file or directory
 #include &lt;driver/timer.h&gt;
          ^~~~~~~~~~~~~~~~
compilation terminated.

</pre>
					
					<h4>examples/ISR_16_Timers_Array_Complex</h4>
					<p>
						Result: <b>FAIL</b>
					</p>
					<pre class="pre-scrollable">/home/ec2-user/arduino-testlib/cli-datadir/user/libraries/ESP32_S2_TimerInterrupt/examples/ISR_16_Timers_Array_Complex/ISR_16_Timers_Array_Complex.ino:43:4: error: #error This code is intended to run on the ESP32-S2 platform! Please check your Tools-&gt;Board setting.
   #error This code is intended to run on the ESP32-S2 platform! Please check your Tools-&gt;Board setting.
    ^~~~~
In file included from /home/ec2-user/arduino-testlib/cli-datadir/user/libraries/ESP32_S2_TimerInterrupt/examples/ISR_16_Timers_Array_Complex/ISR_16_Timers_Array_Complex.ino:54:0:
/home/ec2-user/arduino-testlib/cli-datadir/user/libraries/ESP32_S2_TimerInterrupt/src/ESP32_S2_TimerInterrupt.h:45:4: error: #error This code is intended to run on the ESP32-S2 platform! Please check your Tools-&gt;Board setting.
   #error This code is intended to run on the ESP32-S2 platform! Please check your Tools-&gt;Board setting.
    ^~~~~
In file included from /home/ec2-user/arduino-testlib/cli-datadir/user/libraries/ESP32_S2_TimerInterrupt/examples/ISR_16_Timers_Array_Complex/ISR_16_Timers_Array_Complex.ino:54:0:
/home/ec2-user/arduino-testlib/cli-datadir/user/libraries/ESP32_S2_TimerInterrupt/src/ESP32_S2_TimerInterrupt.h:74:10: fatal error: driver/timer.h: No such file or directory
 #include &lt;driver/timer.h&gt;
          ^~~~~~~~~~~~~~~~
compilation terminated.

</pre>
					
					<h4>examples/RPM_Measure</h4>
					<p>
						Result: <b>FAIL</b>
					</p>
					<pre class="pre-scrollable">/home/ec2-user/arduino-testlib/cli-datadir/user/libraries/ESP32_S2_TimerInterrupt/examples/RPM_Measure/RPM_Measure.ino:44:4: error: #error This code is intended to run on the ESP32-S2 platform! Please check your Tools-&gt;Board setting.
   #error This code is intended to run on the ESP32-S2 platform! Please check your Tools-&gt;Board setting.
    ^~~~~
In file included from /home/ec2-user/arduino-testlib/cli-datadir/user/libraries/ESP32_S2_TimerInterrupt/examples/RPM_Measure/RPM_Measure.ino:53:0:
/home/ec2-user/arduino-testlib/cli-datadir/user/libraries/ESP32_S2_TimerInterrupt/src/ESP32_S2_TimerInterrupt.h:45:4: error: #error This code is intended to run on the ESP32-S2 platform! Please check your Tools-&gt;Board setting.
   #error This code is intended to run on the ESP32-S2 platform! Please check your Tools-&gt;Board setting.
    ^~~~~
In file included from /home/ec2-user/arduino-testlib/cli-datadir/user/libraries/ESP32_S2_TimerInterrupt/examples/RPM_Measure/RPM_Measure.ino:53:0:
/home/ec2-user/arduino-testlib/cli-datadir/user/libraries/ESP32_S2_TimerInterrupt/src/ESP32_S2_TimerInterrupt.h:74:10: fatal error: driver/timer.h: No such file or directory
 #include &lt;driver/timer.h&gt;
          ^~~~~~~~~~~~~~~~
compilation terminated.

</pre>
					
					<h4>examples/SwitchDebounce</h4>
					<p>
						Result: <b>FAIL</b>
					</p>
					<pre class="pre-scrollable">/home/ec2-user/arduino-testlib/cli-datadir/user/libraries/ESP32_S2_TimerInterrupt/examples/SwitchDebounce/SwitchDebounce.ino:41:4: error: #error This code is intended to run on the ESP32-S2 platform! Please check your Tools-&gt;Board setting.
   #error This code is intended to run on the ESP32-S2 platform! Please check your Tools-&gt;Board setting.
    ^~~~~
In file included from /home/ec2-user/arduino-testlib/cli-datadir/user/libraries/ESP32_S2_TimerInterrupt/examples/SwitchDebounce/SwitchDebounce.ino:48:0:
/home/ec2-user/arduino-testlib/cli-datadir/user/libraries/ESP32_S2_TimerInterrupt/src/ESP32_S2_TimerInterrupt.h:45:4: error: #error This code is intended to run on the ESP32-S2 platform! Please check your Tools-&gt;Board setting.
   #error This code is intended to run on the ESP32-S2 platform! Please check your Tools-&gt;Board setting.
    ^~~~~
In file included from /home/ec2-user/arduino-testlib/cli-datadir/user/libraries/ESP32_S2_TimerInterrupt/examples/SwitchDebounce/SwitchDebounce.ino:48:0:
/home/ec2-user/arduino-testlib/cli-datadir/user/libraries/ESP32_S2_TimerInterrupt/src/ESP32_S2_TimerInterrupt.h:74:10: fatal error: driver/timer.h: No such file or directory
 #include &lt;driver/timer.h&gt;
          ^~~~~~~~~~~~~~~~
compilation terminated.

</pre>
					
					<h4>examples/TimerInterruptTest</h4>
					<p>
						Result: <b>FAIL</b>
					</p>
					<pre class="pre-scrollable">/home/ec2-user/arduino-testlib/cli-datadir/user/libraries/ESP32_S2_TimerInterrupt/examples/TimerInterruptTest/TimerInterruptTest.ino:35:4: error: #error This code is intended to run on the ESP32-S2 platform! Please check your Tools-&gt;Board setting.
   #error This code is intended to run on the ESP32-S2 platform! Please check your Tools-&gt;Board setting.
    ^~~~~
In file included from /home/ec2-user/arduino-testlib/cli-datadir/user/libraries/ESP32_S2_TimerInterrupt/examples/TimerInterruptTest/TimerInterruptTest.ino:44:0:
/home/ec2-user/arduino-testlib/cli-datadir/user/libraries/ESP32_S2_TimerInterrupt/src/ESP32_S2_TimerInterrupt.h:45:4: error: #error This code is intended to run on the ESP32-S2 platform! Please check your Tools-&gt;Board setting.
   #error This code is intended to run on the ESP32-S2 platform! Please check your Tools-&gt;Board setting.
    ^~~~~
In file included from /home/ec2-user/arduino-testlib/cli-datadir/user/libraries/ESP32_S2_TimerInterrupt/examples/TimerInterruptTest/TimerInterruptTest.ino:44:0:
/home/ec2-user/arduino-testlib/cli-datadir/user/libraries/ESP32_S2_TimerInterrupt/src/ESP32_S2_TimerInterrupt.h:74:10: fatal error: driver/timer.h: No such file or directory
 #include &lt;driver/timer.h&gt;
          ^~~~~~~~~~~~~~~~
compilation terminated.

</pre>
					
					<h4>examples/multiFileProject</h4>
					<p>
						Result: <b>FAIL</b>
					</p>
					<pre class="pre-scrollable">/home/ec2-user/arduino-testlib/cli-datadir/user/libraries/ESP32_S2_TimerInterrupt/examples/multiFileProject/multiFileProject.ino:21:4: error: #error This code is intended to run on the ESP32-S2 platform! Please check your Tools-&gt;Board setting.
   #error This code is intended to run on the ESP32-S2 platform! Please check your Tools-&gt;Board setting.
    ^~~~~
In file included from /home/ec2-user/arduino-testlib/cli-datadir/user/libraries/ESP32_S2_TimerInterrupt/examples/multiFileProject/multiFileProject.h:21:0,
                 from /home/ec2-user/arduino-testlib/cli-datadir/user/libraries/ESP32_S2_TimerInterrupt/examples/multiFileProject/multiFileProject.ino:24:
/home/ec2-user/arduino-testlib/cli-datadir/user/libraries/ESP32_S2_TimerInterrupt/src/ESP32_S2_TimerInterrupt.h:45:4: error: #error This code is intended to run on the ESP32-S2 platform! Please check your Tools-&gt;Board setting.
   #error This code is intended to run on the ESP32-S2 platform! Please check your Tools-&gt;Board setting.
    ^~~~~
In file included from /home/ec2-user/arduino-testlib/cli-datadir/user/libraries/ESP32_S2_TimerInterrupt/examples/multiFileProject/multiFileProject.h:21:0,
                 from /home/ec2-user/arduino-testlib/cli-datadir/user/libraries/ESP32_S2_TimerInterrupt/examples/multiFileProject/multiFileProject.ino:24:
/home/ec2-user/arduino-testlib/cli-datadir/user/libraries/ESP32_S2_TimerInterrupt/src/ESP32_S2_TimerInterrupt.h:74:10: fatal error: driver/timer.h: No such file or directory
 #include &lt;driver/timer.h&gt;
          ^~~~~~~~~~~~~~~~
compilation terminated.

</pre>
					
				
				<h3 id="arduino:samd:mkrwifi1010">arduino:samd:mkrwifi1010 @ 1.8.12</h3>
				<h4>Inclusion</h4>
				<p>
					Result: <b>FAIL</b>
					
				</p>
				<pre class="pre-scrollable">In file included from /tmp/arduino-testlib38209606/test/test.ino:1:0:
/home/ec2-user/arduino-testlib/cli-datadir/user/libraries/ESP32_S2_TimerInterrupt/src/ESP32_S2_TimerInterrupt.h:45:4: error: #error This code is intended to run on the ESP32-S2 platform! Please check your Tools-&gt;Board setting.
   #error This code is intended to run on the ESP32-S2 platform! Please check your Tools-&gt;Board setting.
    ^~~~~
In file included from /tmp/arduino-testlib38209606/test/test.ino:1:0:
/home/ec2-user/arduino-testlib/cli-datadir/user/libraries/ESP32_S2_TimerInterrupt/src/ESP32_S2_TimerInterrupt.h:74:10: fatal error: driver/timer.h: No such file or directory
 #include &lt;driver/timer.h&gt;
          ^~~~~~~~~~~~~~~~
compilation terminated.

</pre>

					
					<h4>examples/Argument_None</h4>
					<p>
						Result: <b>FAIL</b>
					</p>
					<pre class="pre-scrollable">/home/ec2-user/arduino-testlib/cli-datadir/user/libraries/ESP32_S2_TimerInterrupt/examples/Argument_None/Argument_None.ino:36:4: error: #error This code is intended to run on the ESP32-S2 platform! Please check your Tools-&gt;Board setting.
   #error This code is intended to run on the ESP32-S2 platform! Please check your Tools-&gt;Board setting.
    ^~~~~
In file included from /home/ec2-user/arduino-testlib/cli-datadir/user/libraries/ESP32_S2_TimerInterrupt/examples/Argument_None/Argument_None.ino:45:0:
/home/ec2-user/arduino-testlib/cli-datadir/user/libraries/ESP32_S2_TimerInterrupt/src/ESP32_S2_TimerInterrupt.h:45:4: error: #error This code is intended to run on the ESP32-S2 platform! Please check your Tools-&gt;Board setting.
   #error This code is intended to run on the ESP32-S2 platform! Please check your Tools-&gt;Board setting.
    ^~~~~
In file included from /home/ec2-user/arduino-testlib/cli-datadir/user/libraries/ESP32_S2_TimerInterrupt/examples/Argument_None/Argument_None.ino:45:0:
/home/ec2-user/arduino-testlib/cli-datadir/user/libraries/ESP32_S2_TimerInterrupt/src/ESP32_S2_TimerInterrupt.h:74:10: fatal error: driver/timer.h: No such file or directory
 #include &lt;driver/timer.h&gt;
          ^~~~~~~~~~~~~~~~
compilation terminated.

</pre>
					
					<h4>examples/Change_Interval</h4>
					<p>
						Result: <b>FAIL</b>
					</p>
					<pre class="pre-scrollable">/home/ec2-user/arduino-testlib/cli-datadir/user/libraries/ESP32_S2_TimerInterrupt/examples/Change_Interval/Change_Interval.ino:36:4: error: #error This code is intended to run on the ESP32-S2 platform! Please check your Tools-&gt;Board setting.
   #error This code is intended to run on the ESP32-S2 platform! Please check your Tools-&gt;Board setting.
    ^~~~~
In file included from /home/ec2-user/arduino-testlib/cli-datadir/user/libraries/ESP32_S2_TimerInterrupt/examples/Change_Interval/Change_Interval.ino:45:0:
/home/ec2-user/arduino-testlib/cli-datadir/user/libraries/ESP32_S2_TimerInterrupt/src/ESP32_S2_TimerInterrupt.h:45:4: error: #error This code is intended to run on the ESP32-S2 platform! Please check your Tools-&gt;Board setting.
   #error This code is intended to run on the ESP32-S2 platform! Please check your Tools-&gt;Board setting.
    ^~~~~
In file included from /home/ec2-user/arduino-testlib/cli-datadir/user/libraries/ESP32_S2_TimerInterrupt/examples/Change_Interval/Change_Interval.ino:45:0:
/home/ec2-user/arduino-testlib/cli-datadir/user/libraries/ESP32_S2_TimerInterrupt/src/ESP32_S2_TimerInterrupt.h:74:10: fatal error: driver/timer.h: No such file or directory
 #include &lt;driver/timer.h&gt;
          ^~~~~~~~~~~~~~~~
compilation terminated.

</pre>
					
					<h4>examples/ISR_16_Timers_Array</h4>
					<p>
						Result: <b>FAIL</b>
					</p>
					<pre class="pre-scrollable">/home/ec2-user/arduino-testlib/cli-datadir/user/libraries/ESP32_S2_TimerInterrupt/examples/ISR_16_Timers_Array/ISR_16_Timers_Array.ino:52:4: error: #error This code is intended to run on the ESP32-S2 platform! Please check your Tools-&gt;Board setting.
   #error This code is intended to run on the ESP32-S2 platform! Please check your Tools-&gt;Board setting.
    ^~~~~
In file included from /home/ec2-user/arduino-testlib/cli-datadir/user/libraries/ESP32_S2_TimerInterrupt/examples/ISR_16_Timers_Array/ISR_16_Timers_Array.ino:63:0:
/home/ec2-user/arduino-testlib/cli-datadir/user/libraries/ESP32_S2_TimerInterrupt/src/ESP32_S2_TimerInterrupt.h:45:4: error: #error This code is intended to run on the ESP32-S2 platform! Please check your Tools-&gt;Board setting.
   #error This code is intended to run on the ESP32-S2 platform! Please check your Tools-&gt;Board setting.
    ^~~~~
In file included from /home/ec2-user/arduino-testlib/cli-datadir/user/libraries/ESP32_S2_TimerInterrupt/examples/ISR_16_Timers_Array/ISR_16_Timers_Array.ino:63:0:
/home/ec2-user/arduino-testlib/cli-datadir/user/libraries/ESP32_S2_TimerInterrupt/src/ESP32_S2_TimerInterrupt.h:74:10: fatal error: driver/timer.h: No such file or directory
 #include &lt;driver/timer.h&gt;
          ^~~~~~~~~~~~~~~~
compilation terminated.

</pre>
					
					<h4>examples/ISR_16_Timers_Array_Complex</h4>
					<p>
						Result: <b>FAIL</b>
					</p>
					<pre class="pre-scrollable">/home/ec2-user/arduino-testlib/cli-datadir/user/libraries/ESP32_S2_TimerInterrupt/examples/ISR_16_Timers_Array_Complex/ISR_16_Timers_Array_Complex.ino:43:4: error: #error This code is intended to run on the ESP32-S2 platform! Please check your Tools-&gt;Board setting.
   #error This code is intended to run on the ESP32-S2 platform! Please check your Tools-&gt;Board setting.
    ^~~~~
In file included from /home/ec2-user/arduino-testlib/cli-datadir/user/libraries/ESP32_S2_TimerInterrupt/examples/ISR_16_Timers_Array_Complex/ISR_16_Timers_Array_Complex.ino:54:0:
/home/ec2-user/arduino-testlib/cli-datadir/user/libraries/ESP32_S2_TimerInterrupt/src/ESP32_S2_TimerInterrupt.h:45:4: error: #error This code is intended to run on the ESP32-S2 platform! Please check your Tools-&gt;Board setting.
   #error This code is intended to run on the ESP32-S2 platform! Please check your Tools-&gt;Board setting.
    ^~~~~
In file included from /home/ec2-user/arduino-testlib/cli-datadir/user/libraries/ESP32_S2_TimerInterrupt/examples/ISR_16_Timers_Array_Complex/ISR_16_Timers_Array_Complex.ino:54:0:
/home/ec2-user/arduino-testlib/cli-datadir/user/libraries/ESP32_S2_TimerInterrupt/src/ESP32_S2_TimerInterrupt.h:74:10: fatal error: driver/timer.h: No such file or directory
 #include &lt;driver/timer.h&gt;
          ^~~~~~~~~~~~~~~~
compilation terminated.

</pre>
					
					<h4>examples/RPM_Measure</h4>
					<p>
						Result: <b>FAIL</b>
					</p>
					<pre class="pre-scrollable">/home/ec2-user/arduino-testlib/cli-datadir/user/libraries/ESP32_S2_TimerInterrupt/examples/RPM_Measure/RPM_Measure.ino:44:4: error: #error This code is intended to run on the ESP32-S2 platform! Please check your Tools-&gt;Board setting.
   #error This code is intended to run on the ESP32-S2 platform! Please check your Tools-&gt;Board setting.
    ^~~~~
In file included from /home/ec2-user/arduino-testlib/cli-datadir/user/libraries/ESP32_S2_TimerInterrupt/examples/RPM_Measure/RPM_Measure.ino:53:0:
/home/ec2-user/arduino-testlib/cli-datadir/user/libraries/ESP32_S2_TimerInterrupt/src/ESP32_S2_TimerInterrupt.h:45:4: error: #error This code is intended to run on the ESP32-S2 platform! Please check your Tools-&gt;Board setting.
   #error This code is intended to run on the ESP32-S2 platform! Please check your Tools-&gt;Board setting.
    ^~~~~
In file included from /home/ec2-user/arduino-testlib/cli-datadir/user/libraries/ESP32_S2_TimerInterrupt/examples/RPM_Measure/RPM_Measure.ino:53:0:
/home/ec2-user/arduino-testlib/cli-datadir/user/libraries/ESP32_S2_TimerInterrupt/src/ESP32_S2_TimerInterrupt.h:74:10: fatal error: driver/timer.h: No such file or directory
 #include &lt;driver/timer.h&gt;
          ^~~~~~~~~~~~~~~~
compilation terminated.

</pre>
					
					<h4>examples/SwitchDebounce</h4>
					<p>
						Result: <b>FAIL</b>
					</p>
					<pre class="pre-scrollable">/home/ec2-user/arduino-testlib/cli-datadir/user/libraries/ESP32_S2_TimerInterrupt/examples/SwitchDebounce/SwitchDebounce.ino:41:4: error: #error This code is intended to run on the ESP32-S2 platform! Please check your Tools-&gt;Board setting.
   #error This code is intended to run on the ESP32-S2 platform! Please check your Tools-&gt;Board setting.
    ^~~~~
In file included from /home/ec2-user/arduino-testlib/cli-datadir/user/libraries/ESP32_S2_TimerInterrupt/examples/SwitchDebounce/SwitchDebounce.ino:48:0:
/home/ec2-user/arduino-testlib/cli-datadir/user/libraries/ESP32_S2_TimerInterrupt/src/ESP32_S2_TimerInterrupt.h:45:4: error: #error This code is intended to run on the ESP32-S2 platform! Please check your Tools-&gt;Board setting.
   #error This code is intended to run on the ESP32-S2 platform! Please check your Tools-&gt;Board setting.
    ^~~~~
In file included from /home/ec2-user/arduino-testlib/cli-datadir/user/libraries/ESP32_S2_TimerInterrupt/examples/SwitchDebounce/SwitchDebounce.ino:48:0:
/home/ec2-user/arduino-testlib/cli-datadir/user/libraries/ESP32_S2_TimerInterrupt/src/ESP32_S2_TimerInterrupt.h:74:10: fatal error: driver/timer.h: No such file or directory
 #include &lt;driver/timer.h&gt;
          ^~~~~~~~~~~~~~~~
compilation terminated.

</pre>
					
					<h4>examples/TimerInterruptTest</h4>
					<p>
						Result: <b>FAIL</b>
					</p>
					<pre class="pre-scrollable">/home/ec2-user/arduino-testlib/cli-datadir/user/libraries/ESP32_S2_TimerInterrupt/examples/TimerInterruptTest/TimerInterruptTest.ino:35:4: error: #error This code is intended to run on the ESP32-S2 platform! Please check your Tools-&gt;Board setting.
   #error This code is intended to run on the ESP32-S2 platform! Please check your Tools-&gt;Board setting.
    ^~~~~
In file included from /home/ec2-user/arduino-testlib/cli-datadir/user/libraries/ESP32_S2_TimerInterrupt/examples/TimerInterruptTest/TimerInterruptTest.ino:44:0:
/home/ec2-user/arduino-testlib/cli-datadir/user/libraries/ESP32_S2_TimerInterrupt/src/ESP32_S2_TimerInterrupt.h:45:4: error: #error This code is intended to run on the ESP32-S2 platform! Please check your Tools-&gt;Board setting.
   #error This code is intended to run on the ESP32-S2 platform! Please check your Tools-&gt;Board setting.
    ^~~~~
In file included from /home/ec2-user/arduino-testlib/cli-datadir/user/libraries/ESP32_S2_TimerInterrupt/examples/TimerInterruptTest/TimerInterruptTest.ino:44:0:
/home/ec2-user/arduino-testlib/cli-datadir/user/libraries/ESP32_S2_TimerInterrupt/src/ESP32_S2_TimerInterrupt.h:74:10: fatal error: driver/timer.h: No such file or directory
 #include &lt;driver/timer.h&gt;
          ^~~~~~~~~~~~~~~~
compilation terminated.

</pre>
					
					<h4>examples/multiFileProject</h4>
					<p>
						Result: <b>FAIL</b>
					</p>
					<pre class="pre-scrollable">/home/ec2-user/arduino-testlib/cli-datadir/user/libraries/ESP32_S2_TimerInterrupt/examples/multiFileProject/multiFileProject.ino:21:4: error: #error This code is intended to run on the ESP32-S2 platform! Please check your Tools-&gt;Board setting.
   #error This code is intended to run on the ESP32-S2 platform! Please check your Tools-&gt;Board setting.
    ^~~~~
In file included from /home/ec2-user/arduino-testlib/cli-datadir/user/libraries/ESP32_S2_TimerInterrupt/examples/multiFileProject/multiFileProject.h:21:0,
                 from /home/ec2-user/arduino-testlib/cli-datadir/user/libraries/ESP32_S2_TimerInterrupt/examples/multiFileProject/multiFileProject.ino:24:
/home/ec2-user/arduino-testlib/cli-datadir/user/libraries/ESP32_S2_TimerInterrupt/src/ESP32_S2_TimerInterrupt.h:45:4: error: #error This code is intended to run on the ESP32-S2 platform! Please check your Tools-&gt;Board setting.
   #error This code is intended to run on the ESP32-S2 platform! Please check your Tools-&gt;Board setting.
    ^~~~~
In file included from /home/ec2-user/arduino-testlib/cli-datadir/user/libraries/ESP32_S2_TimerInterrupt/examples/multiFileProject/multiFileProject.h:21:0,
                 from /home/ec2-user/arduino-testlib/cli-datadir/user/libraries/ESP32_S2_TimerInterrupt/examples/multiFileProject/multiFileProject.ino:24:
/home/ec2-user/arduino-testlib/cli-datadir/user/libraries/ESP32_S2_TimerInterrupt/src/ESP32_S2_TimerInterrupt.h:74:10: fatal error: driver/timer.h: No such file or directory
 #include &lt;driver/timer.h&gt;
          ^~~~~~~~~~~~~~~~
compilation terminated.

</pre>
					
				
				<h3 id="esp32:esp32:d1_mini32">esp32:esp32:d1_mini32 @ 1.0.6</h3>
				<h4>Inclusion</h4>
				<p>
					Result: <b>FAIL</b>
					
				</p>
				<pre class="pre-scrollable">In file included from /tmp/arduino-testlib450409449/test/test.ino:1:0:
/home/ec2-user/arduino-testlib/cli-datadir/user/libraries/ESP32_S2_TimerInterrupt/src/ESP32_S2_TimerInterrupt.h:45:4: error: #error This code is intended to run on the ESP32-S2 platform! Please check your Tools-&gt;Board setting.
   #error This code is intended to run on the ESP32-S2 platform! Please check your Tools-&gt;Board setting.
    ^
In file included from /home/ec2-user/arduino-testlib/cli-datadir/user/libraries/ESP32_S2_TimerInterrupt/src/ESP32_S2_ISR_Timer.h:41:0,
                 from /tmp/arduino-testlib450409449/test/test.ino:2:
/home/ec2-user/arduino-testlib/cli-datadir/user/libraries/ESP32_S2_TimerInterrupt/src/ESP32_S2_ISR_Timer.hpp:44:4: error: #error This code is intended to run on the ESP32-S2 platform! Please check your Tools-&gt;Board setting.
   #error This code is intended to run on the ESP32-S2 platform! Please check your Tools-&gt;Board setting.
    ^
In file included from /home/ec2-user/arduino-testlib/cli-datadir/user/libraries/ESP32_S2_TimerInterrupt/src/ESP32_S2_ISR_Timer.h:42:0,
                 from /tmp/arduino-testlib450409449/test/test.ino:2:
/home/ec2-user/arduino-testlib/cli-datadir/user/libraries/ESP32_S2_TimerInterrupt/src/ESP32_S2_ISR_Timer-Impl.h:44:4: error: #error This code is intended to run on the ESP32-S2 platform! Please check your Tools-&gt;Board setting.
   #error This code is intended to run on the ESP32-S2 platform! Please check your Tools-&gt;Board setting.
    ^

</pre>

					
					<h4>examples/Argument_None</h4>
					<p>
						Result: <b>FAIL</b>
					</p>
					<pre class="pre-scrollable">/home/ec2-user/arduino-testlib/cli-datadir/user/libraries/ESP32_S2_TimerInterrupt/examples/Argument_None/Argument_None.ino:36:4: error: #error This code is intended to run on the ESP32-S2 platform! Please check your Tools-&gt;Board setting.
   #error This code is intended to run on the ESP32-S2 platform! Please check your Tools-&gt;Board setting.
    ^
In file included from /home/ec2-user/arduino-testlib/cli-datadir/user/libraries/ESP32_S2_TimerInterrupt/examples/Argument_None/Argument_None.ino:45:0:
/home/ec2-user/arduino-testlib/cli-datadir/user/libraries/ESP32_S2_TimerInterrupt/src/ESP32_S2_TimerInterrupt.h:45:4: error: #error This code is intended to run on the ESP32-S2 platform! Please check your Tools-&gt;Board setting.
   #error This code is intended to run on the ESP32-S2 platform! Please check your Tools-&gt;Board setting.
    ^

</pre>
					
					<h4>examples/Change_Interval</h4>
					<p>
						Result: <b>FAIL</b>
					</p>
					<pre class="pre-scrollable">/home/ec2-user/arduino-testlib/cli-datadir/user/libraries/ESP32_S2_TimerInterrupt/examples/Change_Interval/Change_Interval.ino:36:4: error: #error This code is intended to run on the ESP32-S2 platform! Please check your Tools-&gt;Board setting.
   #error This code is intended to run on the ESP32-S2 platform! Please check your Tools-&gt;Board setting.
    ^
In file included from /home/ec2-user/arduino-testlib/cli-datadir/user/libraries/ESP32_S2_TimerInterrupt/examples/Change_Interval/Change_Interval.ino:45:0:
/home/ec2-user/arduino-testlib/cli-datadir/user/libraries/ESP32_S2_TimerInterrupt/src/ESP32_S2_TimerInterrupt.h:45:4: error: #error This code is intended to run on the ESP32-S2 platform! Please check your Tools-&gt;Board setting.
   #error This code is intended to run on the ESP32-S2 platform! Please check your Tools-&gt;Board setting.
    ^

</pre>
					
					<h4>examples/ISR_16_Timers_Array</h4>
					<p>
						Result: <b>FAIL</b>
					</p>
					<pre class="pre-scrollable">/home/ec2-user/arduino-testlib/cli-datadir/user/libraries/ESP32_S2_TimerInterrupt/examples/ISR_16_Timers_Array/ISR_16_Timers_Array.ino:52:4: error: #error This code is intended to run on the ESP32-S2 platform! Please check your Tools-&gt;Board setting.
   #error This code is intended to run on the ESP32-S2 platform! Please check your Tools-&gt;Board setting.
    ^
In file included from /home/ec2-user/arduino-testlib/cli-datadir/user/libraries/ESP32_S2_TimerInterrupt/examples/ISR_16_Timers_Array/ISR_16_Timers_Array.ino:63:0:
/home/ec2-user/arduino-testlib/cli-datadir/user/libraries/ESP32_S2_TimerInterrupt/src/ESP32_S2_TimerInterrupt.h:45:4: error: #error This code is intended to run on the ESP32-S2 platform! Please check your Tools-&gt;Board setting.
   #error This code is intended to run on the ESP32-S2 platform! Please check your Tools-&gt;Board setting.
    ^
In file included from /home/ec2-user/arduino-testlib/cli-datadir/user/libraries/ESP32_S2_TimerInterrupt/src/ESP32_S2_ISR_Timer.h:41:0,
                 from /home/ec2-user/arduino-testlib/cli-datadir/user/libraries/ESP32_S2_TimerInterrupt/examples/ISR_16_Timers_Array/ISR_16_Timers_Array.ino:64:
/home/ec2-user/arduino-testlib/cli-datadir/user/libraries/ESP32_S2_TimerInterrupt/src/ESP32_S2_ISR_Timer.hpp:44:4: error: #error This code is intended to run on the ESP32-S2 platform! Please check your Tools-&gt;Board setting.
   #error This code is intended to run on the ESP32-S2 platform! Please check your Tools-&gt;Board setting.
    ^
In file included from /home/ec2-user/arduino-testlib/cli-datadir/user/libraries/ESP32_S2_TimerInterrupt/src/ESP32_S2_ISR_Timer.h:42:0,
                 from /home/ec2-user/arduino-testlib/cli-datadir/user/libraries/ESP32_S2_TimerInterrupt/examples/ISR_16_Timers_Array/ISR_16_Timers_Array.ino:64:
/home/ec2-user/arduino-testlib/cli-datadir/user/libraries/ESP32_S2_TimerInterrupt/src/ESP32_S2_ISR_Timer-Impl.h:44:4: error: #error This code is intended to run on the ESP32-S2 platform! Please check your Tools-&gt;Board setting.
   #error This code is intended to run on the ESP32-S2 platform! Please check your Tools-&gt;Board setting.
    ^

</pre>
					
					<h4>examples/ISR_16_Timers_Array_Complex</h4>
					<p>
						Result: <b>FAIL</b>
					</p>
					<pre class="pre-scrollable">/home/ec2-user/arduino-testlib/cli-datadir/user/libraries/ESP32_S2_TimerInterrupt/examples/ISR_16_Timers_Array_Complex/ISR_16_Timers_Array_Complex.ino:43:4: error: #error This code is intended to run on the ESP32-S2 platform! Please check your Tools-&gt;Board setting.
   #error This code is intended to run on the ESP32-S2 platform! Please check your Tools-&gt;Board setting.
    ^
In file included from /home/ec2-user/arduino-testlib/cli-datadir/user/libraries/ESP32_S2_TimerInterrupt/examples/ISR_16_Timers_Array_Complex/ISR_16_Timers_Array_Complex.ino:54:0:
/home/ec2-user/arduino-testlib/cli-datadir/user/libraries/ESP32_S2_TimerInterrupt/src/ESP32_S2_TimerInterrupt.h:45:4: error: #error This code is intended to run on the ESP32-S2 platform! Please check your Tools-&gt;Board setting.
   #error This code is intended to run on the ESP32-S2 platform! Please check your Tools-&gt;Board setting.
    ^
In file included from /home/ec2-user/arduino-testlib/cli-datadir/user/libraries/ESP32_S2_TimerInterrupt/src/ESP32_S2_ISR_Timer.h:41:0,
                 from /home/ec2-user/arduino-testlib/cli-datadir/user/libraries/ESP32_S2_TimerInterrupt/examples/ISR_16_Timers_Array_Complex/ISR_16_Timers_Array_Complex.ino:57:
/home/ec2-user/arduino-testlib/cli-datadir/user/libraries/ESP32_S2_TimerInterrupt/src/ESP32_S2_ISR_Timer.hpp:44:4: error: #error This code is intended to run on the ESP32-S2 platform! Please check your Tools-&gt;Board setting.
   #error This code is intended to run on the ESP32-S2 platform! Please check your Tools-&gt;Board setting.
    ^
In file included from /home/ec2-user/arduino-testlib/cli-datadir/user/libraries/ESP32_S2_TimerInterrupt/src/ESP32_S2_ISR_Timer.h:42:0,
                 from /home/ec2-user/arduino-testlib/cli-datadir/user/libraries/ESP32_S2_TimerInterrupt/examples/ISR_16_Timers_Array_Complex/ISR_16_Timers_Array_Complex.ino:57:
/home/ec2-user/arduino-testlib/cli-datadir/user/libraries/ESP32_S2_TimerInterrupt/src/ESP32_S2_ISR_Timer-Impl.h:44:4: error: #error This code is intended to run on the ESP32-S2 platform! Please check your Tools-&gt;Board setting.
   #error This code is intended to run on the ESP32-S2 platform! Please check your Tools-&gt;Board setting.
    ^

</pre>
					
					<h4>examples/RPM_Measure</h4>
					<p>
						Result: <b>FAIL</b>
					</p>
					<pre class="pre-scrollable">/home/ec2-user/arduino-testlib/cli-datadir/user/libraries/ESP32_S2_TimerInterrupt/examples/RPM_Measure/RPM_Measure.ino:44:4: error: #error This code is intended to run on the ESP32-S2 platform! Please check your Tools-&gt;Board setting.
   #error This code is intended to run on the ESP32-S2 platform! Please check your Tools-&gt;Board setting.
    ^
In file included from /home/ec2-user/arduino-testlib/cli-datadir/user/libraries/ESP32_S2_TimerInterrupt/examples/RPM_Measure/RPM_Measure.ino:53:0:
/home/ec2-user/arduino-testlib/cli-datadir/user/libraries/ESP32_S2_TimerInterrupt/src/ESP32_S2_TimerInterrupt.h:45:4: error: #error This code is intended to run on the ESP32-S2 platform! Please check your Tools-&gt;Board setting.
   #error This code is intended to run on the ESP32-S2 platform! Please check your Tools-&gt;Board setting.
    ^

</pre>
					
					<h4>examples/SwitchDebounce</h4>
					<p>
						Result: <b>FAIL</b>
					</p>
					<pre class="pre-scrollable">/home/ec2-user/arduino-testlib/cli-datadir/user/libraries/ESP32_S2_TimerInterrupt/examples/SwitchDebounce/SwitchDebounce.ino:41:4: error: #error This code is intended to run on the ESP32-S2 platform! Please check your Tools-&gt;Board setting.
   #error This code is intended to run on the ESP32-S2 platform! Please check your Tools-&gt;Board setting.
    ^
In file included from /home/ec2-user/arduino-testlib/cli-datadir/user/libraries/ESP32_S2_TimerInterrupt/examples/SwitchDebounce/SwitchDebounce.ino:48:0:
/home/ec2-user/arduino-testlib/cli-datadir/user/libraries/ESP32_S2_TimerInterrupt/src/ESP32_S2_TimerInterrupt.h:45:4: error: #error This code is intended to run on the ESP32-S2 platform! Please check your Tools-&gt;Board setting.
   #error This code is intended to run on the ESP32-S2 platform! Please check your Tools-&gt;Board setting.
    ^

</pre>
					
					<h4>examples/TimerInterruptTest</h4>
					<p>
						Result: <b>FAIL</b>
					</p>
					<pre class="pre-scrollable">/home/ec2-user/arduino-testlib/cli-datadir/user/libraries/ESP32_S2_TimerInterrupt/examples/TimerInterruptTest/TimerInterruptTest.ino:35:4: error: #error This code is intended to run on the ESP32-S2 platform! Please check your Tools-&gt;Board setting.
   #error This code is intended to run on the ESP32-S2 platform! Please check your Tools-&gt;Board setting.
    ^
In file included from /home/ec2-user/arduino-testlib/cli-datadir/user/libraries/ESP32_S2_TimerInterrupt/examples/TimerInterruptTest/TimerInterruptTest.ino:44:0:
/home/ec2-user/arduino-testlib/cli-datadir/user/libraries/ESP32_S2_TimerInterrupt/src/ESP32_S2_TimerInterrupt.h:45:4: error: #error This code is intended to run on the ESP32-S2 platform! Please check your Tools-&gt;Board setting.
   #error This code is intended to run on the ESP32-S2 platform! Please check your Tools-&gt;Board setting.
    ^

</pre>
					
					<h4>examples/multiFileProject</h4>
					<p>
						Result: <b>FAIL</b>
					</p>
					<pre class="pre-scrollable">/home/ec2-user/arduino-testlib/cli-datadir/user/libraries/ESP32_S2_TimerInterrupt/examples/multiFileProject/multiFileProject.ino:21:4: error: #error This code is intended to run on the ESP32-S2 platform! Please check your Tools-&gt;Board setting.
   #error This code is intended to run on the ESP32-S2 platform! Please check your Tools-&gt;Board setting.
    ^
In file included from /home/ec2-user/arduino-testlib/cli-datadir/user/libraries/ESP32_S2_TimerInterrupt/examples/multiFileProject/multiFileProject.h:21:0,
                 from /home/ec2-user/arduino-testlib/cli-datadir/user/libraries/ESP32_S2_TimerInterrupt/examples/multiFileProject/multiFileProject.ino:24:
/home/ec2-user/arduino-testlib/cli-datadir/user/libraries/ESP32_S2_TimerInterrupt/src/ESP32_S2_TimerInterrupt.h:45:4: error: #error This code is intended to run on the ESP32-S2 platform! Please check your Tools-&gt;Board setting.
   #error This code is intended to run on the ESP32-S2 platform! Please check your Tools-&gt;Board setting.
    ^
In file included from /home/ec2-user/arduino-testlib/cli-datadir/user/libraries/ESP32_S2_TimerInterrupt/examples/multiFileProject/multiFileProject.h:24:0,
                 from /home/ec2-user/arduino-testlib/cli-datadir/user/libraries/ESP32_S2_TimerInterrupt/examples/multiFileProject/multiFileProject.ino:24:
/home/ec2-user/arduino-testlib/cli-datadir/user/libraries/ESP32_S2_TimerInterrupt/src/ESP32_S2_ISR_Timer.hpp:44:4: error: #error This code is intended to run on the ESP32-S2 platform! Please check your Tools-&gt;Board setting.
   #error This code is intended to run on the ESP32-S2 platform! Please check your Tools-&gt;Board setting.
    ^
In file included from /home/ec2-user/arduino-testlib/cli-datadir/user/libraries/ESP32_S2_TimerInterrupt/src/ESP32_S2_ISR_Timer.h:42:0,
                 from /home/ec2-user/arduino-testlib/cli-datadir/user/libraries/ESP32_S2_TimerInterrupt/examples/multiFileProject/multiFileProject.ino:30:
/home/ec2-user/arduino-testlib/cli-datadir/user/libraries/ESP32_S2_TimerInterrupt/src/ESP32_S2_ISR_Timer-Impl.h:44:4: error: #error This code is intended to run on the ESP32-S2 platform! Please check your Tools-&gt;Board setting.
   #error This code is intended to run on the ESP32-S2 platform! Please check your Tools-&gt;Board setting.
    ^

</pre>
					
				
			</div>
		</div>
	</div>
  </body>
</html>
