
<!doctype html>
<html lang="en">
  <head>
    <meta charset="utf-8">
    <meta name="viewport" content="width=device-width, initial-scale=1">
    <link href="https://cdn.jsdelivr.net/npm/bootstrap@5.0.2/dist/css/bootstrap.min.css" rel="stylesheet" integrity="sha384-EVSTQN3/azprG1Anm3QDgpJLIm9Nao0Yz1ztcQTwFspd3yD65VohhpuuCOmLASjC" crossorigin="anonymous">
    <title>arduino-testlib report</title>
	<style>
	.pass { background-color: #00FF00 !important; }
	.fail { background-color: #FF0000 !important; }
	</style>
  </head>
  <body>
	<div class="container">
		<div class="row">
			<div class="col">
				<h1>ESP8266 Weather Station - compatibility matrix</h1>
				<p>
					<small>This report was generated on Monday, 21-Feb-22 12:00:25 CET using 
					<a href="https://github.com/alranel/arduino-testlib">arduino-testlib</a>.</small>
				</p>

				<h2>ESP8266 Weather Station</h2>
				<p>
					Version: <b>2.1.0</b>
					<br />
					<a href="https://www.arduino.cc/reference/en/libraries/esp8266-weather-station/">More details</a>
				</p>

				<h2>Compatibility matrix</h2>
				<table class="table table-bordered">
					<tr>
						<th>Board</th>
						<th>Claims compatibility</th>
						<th>Inclusion</th>
						
						<th><pre>AerisForecastsDemo</pre></th>
						
						<th><pre>AerisObservationDemo</pre></th>
						
						<th><pre>AerisSunMoonDemo</pre></th>
						
						<th><pre>OpenWeatherMapCurrentDemo</pre></th>
						
						<th><pre>OpenWeatherMapForecastDemo</pre></th>
						
						<th><pre>PlaneSpotterDemo</pre></th>
						
						<th><pre>AstronomyDemo</pre></th>
						
						<th><pre>OpenWeatherMapOneCallDemo</pre></th>
						
						<th><pre>SunMoonCalcDemo</pre></th>
						
						<th><pre>WeatherStationDemo</pre></th>
						
						<th><pre>WorldClockDemo</pre></th>
						
					</tr>
					
					<tr>
						<td>
							<a href="#arduino%3aavr%3auno"><b>arduino:avr:uno</b></a>
							<br />
							<small>1.8.4</small>
						</td>

						
						
						
						
							<td>No</td>
							<td class="fail">FAIL</td>
						

						
							
								
									
										
											
											<td class="fail">FAIL</td>
										
									
										
									
										
									
										
									
										
									
										
									
										
									
										
									
										
									
										
									
										
									
								
							
								
							
								
							
								
							
								
							
						
							
								
									
										
									
										
											
											<td class="fail">FAIL</td>
										
									
										
									
										
									
										
									
										
									
										
									
										
									
										
									
										
									
										
									
								
							
								
							
								
							
								
							
								
							
						
							
								
									
										
									
										
									
										
											
											<td class="fail">FAIL</td>
										
									
										
									
										
									
										
									
										
									
										
									
										
									
										
									
										
									
								
							
								
							
								
							
								
							
								
							
						
							
								
									
										
									
										
									
										
									
										
									
										
											
											<td class="fail">FAIL</td>
										
									
										
									
										
									
										
									
										
									
										
									
										
									
								
							
								
							
								
							
								
							
								
							
						
							
								
									
										
									
										
									
										
									
										
									
										
									
										
											
											<td class="fail">FAIL</td>
										
									
										
									
										
									
										
									
										
									
										
									
								
							
								
							
								
							
								
							
								
							
						
							
								
									
										
									
										
									
										
									
										
									
										
									
										
									
										
									
										
											
											<td class="fail">FAIL</td>
										
									
										
									
										
									
										
									
								
							
								
							
								
							
								
							
								
							
						
							
								
									
										
									
										
									
										
									
										
											
											<td class="fail">FAIL</td>
										
									
										
									
										
									
										
									
										
									
										
									
										
									
										
									
								
							
								
							
								
							
								
							
								
							
						
							
								
									
										
									
										
									
										
									
										
									
										
									
										
									
										
											
											<td class="fail">FAIL</td>
										
									
										
									
										
									
										
									
										
									
								
							
								
							
								
							
								
							
								
							
						
							
								
									
										
									
										
									
										
									
										
									
										
									
										
									
										
									
										
									
										
											
											<td class="fail">FAIL</td>
										
									
										
									
										
									
								
							
								
							
								
							
								
							
								
							
						
							
								
									
										
									
										
									
										
									
										
									
										
									
										
									
										
									
										
									
										
									
										
											
											<td class="fail">FAIL</td>
										
									
										
									
								
							
								
							
								
							
								
							
								
							
						
							
								
									
										
									
										
									
										
									
										
									
										
									
										
									
										
									
										
									
										
									
										
									
										
											
											<td class="fail">FAIL</td>
										
									
								
							
								
							
								
							
								
							
								
							
						
					</tr>
					
					<tr>
						<td>
							<a href="#arduino%3ambed_nano%3ananorp2040connect"><b>arduino:mbed_nano:nanorp2040connect</b></a>
							<br />
							<small>2.7.2</small>
						</td>

						
						
						
						
							<td>No</td>
							<td class="fail">FAIL</td>
						

						
							
								
							
								
									
										
											
											<td class="fail">FAIL</td>
										
									
										
									
										
									
										
									
										
									
										
									
										
									
										
									
										
									
										
									
										
									
								
							
								
							
								
							
								
							
						
							
								
							
								
									
										
									
										
											
											<td class="fail">FAIL</td>
										
									
										
									
										
									
										
									
										
									
										
									
										
									
										
									
										
									
										
									
								
							
								
							
								
							
								
							
						
							
								
							
								
									
										
									
										
									
										
											
											<td class="fail">FAIL</td>
										
									
										
									
										
									
										
									
										
									
										
									
										
									
										
									
										
									
								
							
								
							
								
							
								
							
						
							
								
							
								
									
										
									
										
									
										
									
										
									
										
											
											<td class="fail">FAIL</td>
										
									
										
									
										
									
										
									
										
									
										
									
										
									
								
							
								
							
								
							
								
							
						
							
								
							
								
									
										
									
										
									
										
									
										
									
										
									
										
											
											<td class="fail">FAIL</td>
										
									
										
									
										
									
										
									
										
									
										
									
								
							
								
							
								
							
								
							
						
							
								
							
								
									
										
									
										
									
										
									
										
									
										
									
										
									
										
									
										
											
											<td class="fail">FAIL</td>
										
									
										
									
										
									
										
									
								
							
								
							
								
							
								
							
						
							
								
							
								
									
										
									
										
									
										
									
										
											
											<td class="fail">FAIL</td>
										
									
										
									
										
									
										
									
										
									
										
									
										
									
										
									
								
							
								
							
								
							
								
							
						
							
								
							
								
									
										
									
										
									
										
									
										
									
										
									
										
									
										
											
											<td class="fail">FAIL</td>
										
									
										
									
										
									
										
									
										
									
								
							
								
							
								
							
								
							
						
							
								
							
								
									
										
									
										
									
										
									
										
									
										
									
										
									
										
									
										
									
										
											
											<td class="fail">FAIL</td>
										
									
										
									
										
									
								
							
								
							
								
							
								
							
						
							
								
							
								
									
										
									
										
									
										
									
										
									
										
									
										
									
										
									
										
									
										
									
										
											
											<td class="fail">FAIL</td>
										
									
										
									
								
							
								
							
								
							
								
							
						
							
								
							
								
									
										
									
										
									
										
									
										
									
										
									
										
									
										
									
										
									
										
									
										
									
										
											
											<td class="fail">FAIL</td>
										
									
								
							
								
							
								
							
								
							
						
					</tr>
					
					<tr>
						<td>
							<a href="#arduino%3amegaavr%3anona4809"><b>arduino:megaavr:nona4809</b></a>
							<br />
							<small>1.8.7</small>
						</td>

						
						
						
						
							<td>No</td>
							<td class="fail">FAIL</td>
						

						
							
								
							
								
							
								
									
										
											
											<td class="fail">FAIL</td>
										
									
										
									
										
									
										
									
										
									
										
									
										
									
										
									
										
									
										
									
										
									
								
							
								
							
								
							
						
							
								
							
								
							
								
									
										
									
										
											
											<td class="fail">FAIL</td>
										
									
										
									
										
									
										
									
										
									
										
									
										
									
										
									
										
									
										
									
								
							
								
							
								
							
						
							
								
							
								
							
								
									
										
									
										
									
										
											
											<td class="fail">FAIL</td>
										
									
										
									
										
									
										
									
										
									
										
									
										
									
										
									
										
									
								
							
								
							
								
							
						
							
								
							
								
							
								
									
										
									
										
									
										
									
										
									
										
											
											<td class="fail">FAIL</td>
										
									
										
									
										
									
										
									
										
									
										
									
										
									
								
							
								
							
								
							
						
							
								
							
								
							
								
									
										
									
										
									
										
									
										
									
										
									
										
											
											<td class="fail">FAIL</td>
										
									
										
									
										
									
										
									
										
									
										
									
								
							
								
							
								
							
						
							
								
							
								
							
								
									
										
									
										
									
										
									
										
									
										
									
										
									
										
									
										
											
											<td class="fail">FAIL</td>
										
									
										
									
										
									
										
									
								
							
								
							
								
							
						
							
								
							
								
							
								
									
										
									
										
									
										
									
										
											
											<td class="fail">FAIL</td>
										
									
										
									
										
									
										
									
										
									
										
									
										
									
										
									
								
							
								
							
								
							
						
							
								
							
								
							
								
									
										
									
										
									
										
									
										
									
										
									
										
									
										
											
											<td class="fail">FAIL</td>
										
									
										
									
										
									
										
									
										
									
								
							
								
							
								
							
						
							
								
							
								
							
								
									
										
									
										
									
										
									
										
									
										
									
										
									
										
									
										
									
										
											
											<td class="fail">FAIL</td>
										
									
										
									
										
									
								
							
								
							
								
							
						
							
								
							
								
							
								
									
										
									
										
									
										
									
										
									
										
									
										
									
										
									
										
									
										
									
										
											
											<td class="fail">FAIL</td>
										
									
										
									
								
							
								
							
								
							
						
							
								
							
								
							
								
									
										
									
										
									
										
									
										
									
										
									
										
									
										
									
										
									
										
									
										
									
										
											
											<td class="fail">FAIL</td>
										
									
								
							
								
							
								
							
						
					</tr>
					
					<tr>
						<td>
							<a href="#arduino%3asamd%3amkrwifi1010"><b>arduino:samd:mkrwifi1010</b></a>
							<br />
							<small>1.8.12</small>
						</td>

						
						
						
						
							<td>No</td>
							<td class="fail">FAIL</td>
						

						
							
								
							
								
							
								
							
								
									
										
											
											<td class="fail">FAIL</td>
										
									
										
									
										
									
										
									
										
									
										
									
										
									
										
									
										
									
										
									
										
									
								
							
								
							
						
							
								
							
								
							
								
							
								
									
										
									
										
											
											<td class="fail">FAIL</td>
										
									
										
									
										
									
										
									
										
									
										
									
										
									
										
									
										
									
										
									
								
							
								
							
						
							
								
							
								
							
								
							
								
									
										
									
										
									
										
											
											<td class="fail">FAIL</td>
										
									
										
									
										
									
										
									
										
									
										
									
										
									
										
									
										
									
								
							
								
							
						
							
								
							
								
							
								
							
								
									
										
									
										
									
										
									
										
									
										
											
											<td class="fail">FAIL</td>
										
									
										
									
										
									
										
									
										
									
										
									
										
									
								
							
								
							
						
							
								
							
								
							
								
							
								
									
										
									
										
									
										
									
										
									
										
									
										
											
											<td class="fail">FAIL</td>
										
									
										
									
										
									
										
									
										
									
										
									
								
							
								
							
						
							
								
							
								
							
								
							
								
									
										
									
										
									
										
									
										
									
										
									
										
									
										
									
										
											
											<td class="fail">FAIL</td>
										
									
										
									
										
									
										
									
								
							
								
							
						
							
								
							
								
							
								
							
								
									
										
									
										
									
										
									
										
											
											<td class="fail">FAIL</td>
										
									
										
									
										
									
										
									
										
									
										
									
										
									
										
									
								
							
								
							
						
							
								
							
								
							
								
							
								
									
										
									
										
									
										
									
										
									
										
									
										
									
										
											
											<td class="fail">FAIL</td>
										
									
										
									
										
									
										
									
										
									
								
							
								
							
						
							
								
							
								
							
								
							
								
									
										
									
										
									
										
									
										
									
										
									
										
									
										
									
										
									
										
											
											<td class="fail">FAIL</td>
										
									
										
									
										
									
								
							
								
							
						
							
								
							
								
							
								
							
								
									
										
									
										
									
										
									
										
									
										
									
										
									
										
									
										
									
										
									
										
											
											<td class="fail">FAIL</td>
										
									
										
									
								
							
								
							
						
							
								
							
								
							
								
							
								
									
										
									
										
									
										
									
										
									
										
									
										
									
										
									
										
									
										
									
										
									
										
											
											<td class="fail">FAIL</td>
										
									
								
							
								
							
						
					</tr>
					
					<tr>
						<td>
							<a href="#esp32%3aesp32%3ad1_mini32"><b>esp32:esp32:d1_mini32</b></a>
							<br />
							<small>1.0.6</small>
						</td>

						
						
						
							<td>Yes ⚠️</td>
							<td class="fail">FAIL</td>
						
						

						
							
								
							
								
							
								
							
								
							
								
									
										
											
											<td class="fail">FAIL</td>
										
									
										
									
										
									
										
									
										
									
										
									
										
									
										
									
										
									
										
									
										
									
								
							
						
							
								
							
								
							
								
							
								
							
								
									
										
									
										
											
											<td class="fail">FAIL</td>
										
									
										
									
										
									
										
									
										
									
										
									
										
									
										
									
										
									
										
									
								
							
						
							
								
							
								
							
								
							
								
							
								
									
										
									
										
									
										
											
											<td class="fail">FAIL</td>
										
									
										
									
										
									
										
									
										
									
										
									
										
									
										
									
										
									
								
							
						
							
								
							
								
							
								
							
								
							
								
									
										
									
										
									
										
									
										
									
										
											
											<td class="fail">FAIL</td>
										
									
										
									
										
									
										
									
										
									
										
									
										
									
								
							
						
							
								
							
								
							
								
							
								
							
								
									
										
									
										
									
										
									
										
									
										
									
										
											
											<td class="fail">FAIL</td>
										
									
										
									
										
									
										
									
										
									
										
									
								
							
						
							
								
							
								
							
								
							
								
							
								
									
										
									
										
									
										
									
										
									
										
									
										
									
										
									
										
											
											<td class="fail">FAIL</td>
										
									
										
									
										
									
										
									
								
							
						
							
								
							
								
							
								
							
								
							
								
									
										
									
										
									
										
									
										
											
											<td class="fail">FAIL</td>
										
									
										
									
										
									
										
									
										
									
										
									
										
									
										
									
								
							
						
							
								
							
								
							
								
							
								
							
								
									
										
									
										
									
										
									
										
									
										
									
										
									
										
											
											<td class="fail">FAIL</td>
										
									
										
									
										
									
										
									
										
									
								
							
						
							
								
							
								
							
								
							
								
							
								
									
										
									
										
									
										
									
										
									
										
									
										
									
										
									
										
									
										
											
											<td class="fail">FAIL</td>
										
									
										
									
										
									
								
							
						
							
								
							
								
							
								
							
								
							
								
									
										
									
										
									
										
									
										
									
										
									
										
									
										
									
										
									
										
									
										
											
											<td class="fail">FAIL</td>
										
									
										
									
								
							
						
							
								
							
								
							
								
							
								
							
								
									
										
									
										
									
										
									
										
									
										
									
										
									
										
									
										
									
										
									
										
									
										
											
											<td class="fail">FAIL</td>
										
									
								
							
						
					</tr>
					
				</table>

				<h2>Compilation logs</h2>
				
				<h3 id="arduino:avr:uno">arduino:avr:uno @ 1.8.4</h3>
				<h4>Inclusion</h4>
				<p>
					Result: <b>FAIL</b>
					
				</p>
				<pre class="pre-scrollable">WARNING: library ESP8266_Weather_Station claims to run on esp8266, esp32 architecture(s) and may be incompatible with your current board which runs on avr architecture(s).
In file included from /home/ec2-user/arduino-testlib/cli-datadir/user/libraries/ESP8266_Weather_Station/src/AerisObservations.cpp:26:0:
/home/ec2-user/arduino-testlib/cli-datadir/user/libraries/ESP8266_Weather_Station/src/AerisObservations.h:33:5: error: &#39;sint16_t&#39; does not name a type; did you mean &#39;uint16_t&#39;?
     sint16_t tempC;
     ^~~~~~~~
     uint16_t
/home/ec2-user/arduino-testlib/cli-datadir/user/libraries/ESP8266_Weather_Station/src/AerisObservations.h:34:5: error: &#39;sint16_t&#39; does not name a /homr());
          ^~~~~~
          print
/home/ec2-user/arduino-testlib/cli-datadir/user/libraries/ESP8266_Weather_Station/src/OpenWeatherMapForecast.cpp:58:31: error: no matching function for call to &#39;WiFiClient::connect(const String&amp;, const uint8_t&amp;)&#39;
   if(client.connect(host, port)) {
        /home/ec2-user/arduino-testlib/cli-datadir/user/libraries/ESP8266_Weather_Station/src/AerisForecasts.h:36:3: error: &#39;sint16_t&#39; does not name a type; did you mean &#39;uint16_t&#39;?
   sint16_t minTempF; // 56
   ^~~~~~~~
   uint16_t
/home/ec2-user/arduino-testlib/cli-datadir/user/libraries/ESP8266_Weather_Station/src/AerisForecasts.h:37:3: error: &#39;sint16_t&#39; does not name a type; did you mean &#39;uint16_t&#39;?
   sint16_t avgTempC; // 17
   ^~~~~~~~
   uint16_t
/home/ec2-user/arduino-testlib/cli-datadir/user/libraries/ESP8266_Weather_Station/src/AerisForecasts.h:38:3: error: &#39;sint16_t&#39; does not name a type; did you mean &#39;uint16_t&#39;?
   sint16_t avgTempF; // 62
   ^~~~~~~~
   uint16_t
/home/ec2-user/arduino-testlib/cli-datadir/user/libraries/ESP8266_Weather_Station/src/AerisForecasts.h:39:3: error: &#39;sint16_t&#39; does not name a type; did you mean &#39;uint16_t&#39;?
   sint16_t tempC; // null
   ^~~~~~~~
   uint16_t
/home/ec2-user/arduino-testlib/cli-datadir/user/libraries/ESP8266_Weather_Station/src/AerisForecasts.h:40:3: error: &#39;sint16_t&#39; does not name a type; did you mean &#39;uint16_t&#39;?
   sint16_t tempF; // null
   ^~~~~~~~
   uint16_t
/home/ec2-user/arduino-testlib/cli-datadir/user/libraries/ESP8266_Weather_Station/src/AerisForecasts.h:41:3: error: &#39;sint16_t&#39; does not name a type; did you mean &#39;uint16_t&#39;?
   sint16_t pop; // 20
   ^~~~~~~~
   uint16_t
/home/ec2-user/arduino-testlib/cli-datadir/user/libraries/ESP8266_Weather_Station/src/AerisForecasts.h:56:3: error: &#39;sint16_t&#39; does not name a type; did you mean &#39;uint16_t&#39;?
   sint16_t feelslikeC; // 14
   ^~~~~~~~
   uint16_t
/home/ec2-user/arduino-testlib/cli-datadir/user/l/home/ec2-user/arduino-testlib/cli-datadir/user/libraries/ESP8266_Weather_Station/src/AerisObservations.cpp: In member function &#39;void AerisObservations::doUpdate(AerisObservations/home/ec2-user/arduino-testlib/cli-datadir/user/libraries/ESP8266_Weather_Station/src/AerisForecasts.h:58:3: error: &#39;sint16_t&#39; does not name a type; did you mean &#39;uint16_t&#39;?
   sint16_t minFeelslikeC; // 14
   ^~~~~~~~
   uint16_t
&#34;[HTTP] Requesting resource at http://%s:%u%s\n&#34;, host.c_str(), port, path.c_str());
          ^~~~~~
          print
/home/ec2-user/arduino-testlib/cli-datadir/user/libraries/ESP8266_Weather_Station/src/AerisObservations.cpp:46:31/home/ec2-user/arduino-testlib/cli-datadir/user/libraries/ESP8266_Weather_Station/src/AerisForecasts.h:60:3: error: &#39;sint16_t&#39; does not name a type; did you mean &#39;uint16_t&#39;?
   sint16_t maxFeelslikeC; // 20
   ^~~~~~~~
   uint16_t
/home/ec2-user/arduino-testlib/cli-datadir/user/libraries/ESP8266_Weather_Station/src/AerisForecasts.h:61:3: error: &#39;sint16_t&#39; does not name a type; did you mean &#39;uint16_t&#39;?
   sint16_t maxFeelslikeF; // 69
   ^~~~~~~~
   uint16_t
/home/ec2-user/arduino-testlib/cli-datadir/user/libraries/ESP8266_Weather_Station/src/AerisForecasts.h:62:3: error: &#39;sint16_t&#39; does not name a type; did you mean &#39;uint16_t&#39;?
   sint16_t avgFeelslikeC; // 17
   ^~~~~~~~
   uint16_t
/home/ec2-user/arduino-testlib/cli-datadir/user/libraries/ESP8266_Weather_Station/src/AerisForecasts.h:63:3: error: &#39;sint16_t&#39; does not name a type; did you mean &#39;uint16_t&#39;?
   sint16_t avgFeelslikeF; // 63
   ^~~~~~~~
   uint16_t
/home/ec2-user/arduino-testlib/cli-datadir/user/libraries/ESP8266_Weather_Station/src/AerisForecasts.h:64:3: error: &#39;sint16_t&#39; does not name a type; did you mean &#39;uint16_t&#39;?
   sint16_t dewpointC; // 11
   ^~~~~~~~
   uint16_t
/home/ec2-user/arduino-testlib/cli-datadir/user/libraries/ESP8266_Weather_Station/src/AerisForecasts.h:65:3: error: &#39;sint16_t&#39; does not name a type; did you mean &#39;uint16_t&#39;?
   sint16_t dewpointF; // 51
   ^~~~~~~~
   uint16_t
ries/ESP8266_Weather_Station/src/AerisObservations.cpp:59:11: error: &#39;ESP&#39; was not declared in this scope
           ESP.restart();
           ^~~
/home/ec2-user/arduino-testlib/cli-datadir/user/libraries/ESP8266_Weather_Station/s/home/ec2-user/arduino-testlib/cli-datadir/user/libraries/ESP8266_Weather_Station/src/AerisForecasts.h:67:3: error: &#39;sint16_t&#39; does not name a type; did you mean &#39;uint16_t&#39;?
   sint16_t maxDewpointF; // 55
   ^~~~~~~~
   uint16_t
/home/ec2-user/arduino-testlib/cli-datadir/user/libraries/ESP8266_Weather_Station/src/AerisForecasts.h:68:3: error: &#39;sint16_t&#39; does not name a type; did you mean &#39;uint16_t&#39;?
   sint16_t minDewpointC; // 10
   ^~~~~~~~
   uint16_t
/home/ec2-user/arduino-testlib/cli-datadir/user/libraries/ESP8266_Weather_Station/src/AerisForecasts.h:69:3: error: &#39;sint16_t&#39; does not name a type; did you mean &#39;uint16_t&#39;?
   sint16_t minDewpointF; // 51
   ^~~~~~~~
   uint16_t
/home/ec2-user/arduino-testlib/cli-datadir/user/libraries/ESP8266_Weather_Station/src/AerisForecasts.h:70:3: error: &#39;sint16_t&#39; does not name a type; did you mean &#39;uint16_t&#39;?
   sint16_t avgDewpointC; // 11
   ^~~~~~~~
   uint16_t
/home/ec2-user/arduino-testlib/cli-datadir/user/libraries/ESP8266_Weather_Station/src/AerisForecasts.h:71:3: error: &#39;sint16_t&#39; does not name a type; did you mean &#39;uint16_t&#39;?
   sint16_t avgDewpointF; // 52
   ^~~~~~~~
   uint16_t
/home/ec2-user/arduino-testlib/cli-datadir/user/libraries/ESP8266_Weather_Station/src/AerisForecasts.h:76:3: error: &#39;sint16_t&#39; does not name a type; did you mean &#39;uint16_t&#39;?
   sint16_t windDirMinDEG; // 39
   ^~~~~~~~
   uint16_t
/home/ec2-user/arduino-testlib/cli-datadir/user/libraries/ESP8266_Weather_Station/src/AerisForecasts.cpp: In member function &#39;void AerisForecasts::doUpdate(AerisForecastData*, String, uint8_t)&#39;:
/home/ec2-user/arduino-testlib/cli-datadir/user/libraries/ESP8266_Weather_Station/src/AerisForecasts.cpp:45:10: error: &#39;class HardwareSerial&#39; has no member named &#39;printf&#39;; did you mean &#39;print&#39;?
   Serial.printf(&#34;[HTTP] Requesting resource at http://%s:%u%s\n&#34;, host.c_str(), port, path.c_str());
          ^~~~~~
          print
/home/ec2-user/arduino-testlib/cli-datadir/user/libraries/ESP8266_Weather_Station/src/AerisForecasts.cpp:48:31: error: no matching function for call to &#39;WiFiClient::connect(const String&amp;, const uint8_t&amp;)&#39;
   if(client.connect(host, port)) {
                               ^
In file included from /home/ec2-user/arduino-testlib/cli-datadir/user/libraries/WiFi/src/WiFi.h:31:0,
                 from /home/ec2-user/arduino-testlib/cli-datadir/user/libraries/ESP8266_Weather_Station/src/ESPWiFi.h:4,
                 from /home/ec2-user/arduino-testlib/cli-datadir/user/libraries/ESP8266_Weather_Station/src/AerisForecasts.cpp:24:
/home/ec2-user/arduino-testlib/cli-datadir/user/libraries/WiFi/src/WiFiClient.h:34:15: note: candidate: virtual int WiFiClient::connect(IPAddress, uint16_t)
   virtual int connect(IPAddress ip, uint16_t port);
               ^~~~~~~
/home/ec2-user/arduino-testlib/cli-datadir/user/libraries/WiFi/src/WiFiClient.h:34:15: note:   no known conversion for argument 1 from &#39;const String&#39; to &#39;IPAddress&#39;
/home/ec2-user/arduino-testlib/cli-datadir/user/libraries/WiFi/src/WiFiClient.h:35:15: note: candidate: virtual int WiFiClient::connect(const char*, uint16_t)
   virtual int connect(const char *host, uint16_t port);
               ^~~~~~~
/home/ec2-user/arduino-testlib/cli-datadir/user/libraries/WiFi/src/WiFiClient.h:35:15: note:   no known conversion for argument 1 from &#39;const String&#39; to &#39;const char*&#39;
/home/ec2-user/arduino-testlib/cli-datadir/user/libraries/ESP8266_Weather_Station/src/AerisForecasts.cpp:61:11: error: &#39;ESP&#39; was not declared in this scope
           ESP.restart();
           ^~~
/home/ec2-user/arduino-testlib/cli-datadir/user/libraries/ESP8266_Weather_Station/src/AerisForecasts.cpp:61:11: note: suggested alternative: &#39;SP&#39;
           ESP.restart();
           ^~~
           SP
/home/ec2-user/arduino-testlib/cli-datadir/user/libraries/ESP8266_Weather_Station/src/AerisForecasts.cpp: In member function &#39;virtual void AerisForecasts::value(String)&#39;:
/home/ec2-user/arduino-testlib/cli-datadir/user/libraries/ESP8266_Weather_Station/src/AerisForecasts.cpp:113:38: error: &#39;AerisForecastData {aka struct AerisForecastData}&#39; has no member named &#39;maxTempC&#39;
     this-&gt;forecasts[currentForecast].maxTempC = value.toInt();
                                      ^~~~~~~~
/home/ec2-user/arduino-testlib/cli-datadir/user/libraries/ESP8266_Weather_Station/src/AerisForecasts.cpp:117:38: error: &#39;AerisForecastData {aka struct AerisForecastData}&#39; has no member named &#39;maxTempF&#39;
     this-&gt;forecasts[currentForecast].maxTempF = value.toInt();
                                      ^~~~~~~~
/home/ec2-user/arduino-testlib/cli-datadir/user/libraries/ESP8266_Weather_Station/src/AerisForecasts.cpp:121:38: error: &#39;AerisForecastData {aka struct AerisForecastData}&#39; has no member named &#39;minTempC&#39;
     this-&gt;forecasts[currentForecast].minTempC = value.toInt();
                                      ^~~~~~~~
/home/ec2-user/arduino-testlib/cli-datadir/user/libraries/ESP8266_Weather_Station/src/AerisForecasts.cpp:125:38: error: &#39;AerisForecastData {aka struct AerisForecastData}&#39; has no member named &#39;minTempF&#39;
     this-&gt;forecasts[currentForecast].minTempF = value.toInt();
                                  </pre>

					
					<h4>examples/AerisForecastsDemo</h4>
					<p>
						Result: <b>FAIL</b>
					</p>
					<pre class="pre-scrollable">/home/ec2-user/arduino-testlib/cli-datadir/user/libraries/ESP8266_Weather_Station/examples/AerisForecastsDemo/AerisForecastsDemo.ino:26:10: fatal error: ESP8266WiFi.h: No such file or directory
 #include &lt;ESP8266WiFi.h&gt;
          ^~~~~~~~~~~~~~~
compilation terminated.

</pre>
					
					<h4>examples/AerisObservationDemo</h4>
					<p>
						Result: <b>FAIL</b>
					</p>
					<pre class="pre-scrollable">/home/ec2-user/arduino-testlib/cli-datadir/user/libraries/ESP8266_Weather_Station/examples/AerisObservationDemo/AerisObservationDemo.ino:26:10: fatal error: ESP8266WiFi.h: No such file or directory
 #include &lt;ESP8266WiFi.h&gt;
          ^~~~~~~~~~~~~~~
compilation terminated.

</pre>
					
					<h4>examples/AerisSunMoonDemo</h4>
					<p>
						Result: <b>FAIL</b>
					</p>
					<pre class="pre-scrollable">/home/ec2-user/arduino-testlib/cli-datadir/user/libraries/ESP8266_Weather_Station/examples/AerisSunMoonDemo/AerisSunMoonDemo.ino:26:10: fatal error: ESP8266WiFi.h: No such file or directory
 #include &lt;ESP8266WiFi.h&gt;
          ^~~~~~~~~~~~~~~
compilation terminated.

</pre>
					
					<h4>examples/AstronomyDemo</h4>
					<p>
						Result: <b>FAIL</b>
					</p>
					<pre class="pre-scrollable">/home/ec2-user/arduino-testlib/cli-datadir/user/libraries/ESP8266_Weather_Station/examples/AstronomyDemo/AstronomyDemo.ino:27:10: fatal error: ESP8266WiFi.h: No such file or directory
 #include &lt;ESP8266WiFi.h&gt;
          ^~~~~~~~~~~~~~~
compilation terminated.

</pre>
					
					<h4>examples/OpenWeatherMapCurrentDemo</h4>
					<p>
						Result: <b>FAIL</b>
					</p>
					<pre class="pre-scrollable">/home/ec2-user/arduino-testlib/cli-datadir/user/libraries/ESP8266_Weather_Station/examples/OpenWeatherMapCurrentDemo/OpenWeatherMapCurrentDemo.ino:26:10: fatal error: ESP8266WiFi.h: No such file or directory
 #include &lt;ESP8266WiFi.h&gt;
          ^~~~~~~~~~~~~~~
compilation terminated.

</pre>
					
					<h4>examples/OpenWeatherMapForecastDemo</h4>
					<p>
						Result: <b>FAIL</b>
					</p>
					<pre class="pre-scrollable">/home/ec2-user/arduino-testlib/cli-datadir/user/libraries/ESP8266_Weather_Station/examples/OpenWeatherMapForecastDemo/OpenWeatherMapForecastDemo.ino:26:10: fatal error: ESP8266WiFi.h: No such file or directory
 #include &lt;ESP8266WiFi.h&gt;
          ^~~~~~~~~~~~~~~
compilation terminated.

</pre>
					
					<h4>examples/OpenWeatherMapOneCallDemo</h4>
					<p>
						Result: <b>FAIL</b>
					</p>
					<pre class="pre-scrollable">/home/ec2-user/arduino-testlib/cli-datadir/user/libraries/ESP8266_Weather_Station/examples/OpenWeatherMapOneCallDemo/OpenWeatherMapOneCallDemo.ino:26:10: fatal error: ESP8266WiFi.h: No such file or directory
 #include &lt;ESP8266WiFi.h&gt;
          ^~~~~~~~~~~~~~~
compilation terminated.

</pre>
					
					<h4>examples/PlaneSpotterDemo</h4>
					<p>
						Result: <b>FAIL</b>
					</p>
					<pre class="pre-scrollable">/home/ec2-user/arduino-testlib/cli-datadir/user/libraries/ESP8266_Weather_Station/examples/PlaneSpotterDemo/PlaneSpotterDemo.ino:26:10: fatal error: ESP8266WiFi.h: No such file or directory
 #include &lt;ESP8266WiFi.h&gt;
          ^~~~~~~~~~~~~~~
compilation terminated.

</pre>
					
					<h4>examples/SunMoonCalcDemo</h4>
					<p>
						Result: <b>FAIL</b>
					</p>
					<pre class="pre-scrollable">/home/ec2-user/arduino-testlib/cli-datadir/user/libraries/ESP8266_Weather_Station/examples/SunMoonCalcDemo/SunMoonCalcDemo.ino:25:10: fatal error: ESP8266WiFi.h: No such file or directory
 #include &lt;ESP8266WiFi.h&gt;
          ^~~~~~~~~~~~~~~
compilation terminated.

</pre>
					
					<h4>examples/WeatherStationDemo</h4>
					<p>
						Result: <b>FAIL</b>
					</p>
					<pre class="pre-scrollable">In file included from /home/ec2-user/arduino-testlib/cli-datadir/user/libraries/ESP8266_Weather_Station/src/ESPHTTPClient.h:4:0,
                 from /home/ec2-user/arduino-testlib/cli-datadir/user/libraries/ESP8266_Weather_Station/examples/WeatherStationDemo/WeatherStationDemo.ino:29:
/home/ec2-user/arduino-testlib/cli-datadir/user/libraries/Seeed_Arduino_rpcWiFi/src/HTTPClient.h:32:10: fatal error: memory: No such file or directory
 #include &lt;memory&gt;
          ^~~~~~~~
compilation terminated.
Multiple libraries were found for &#34;WiFi.h&#34;
  Used: /home/ec2-user/arduino-testlib/cli-datadir/user/libraries/WiFi
  Not used: /home/ec2-user/arduino-testlib/cli-datadir/user/libraries/Seeed_Arduino_rpcWiFi
  Not used: /home/ec2-user/arduino-testlib/cli-datadir/user/libraries/WiFiNINA
  Not used: /home/ec2-user/arduino-testlib/cli-datadir/user/libraries/WiFiEspAT
</pre>
					
					<h4>examples/WorldClockDemo</h4>
					<p>
						Result: <b>FAIL</b>
					</p>
					<pre class="pre-scrollable">/home/ec2-user/arduino-testlib/cli-datadir/user/libraries/ESP8266_Weather_Station/examples/WorldClockDemo/WorldClockDemo.ino:28:10: fatal error: ESP8266WiFi.h: No such file or directory
 #include &lt;ESP8266WiFi.h&gt;
          ^~~~~~~~~~~~~~~
compilation terminated.

</pre>
					
				
				<h3 id="arduino:mbed_nano:nanorp2040connect">arduino:mbed_nano:nanorp2040connect @ 2.7.2</h3>
				<h4>Inclusion</h4>
				<p>
					Result: <b>FAIL</b>
					
				</p>
				<pre class="pre-scrollable">WARNING: library ESP8266_Weather_Station claims to run on esp8266, esp32 architecture(s) and may be incompatible with your current board which runs on mbed_nano architecture(s).
Multiple libraries were found for &#34;WiFi.h&#34;
  Used: /home/ec2-user/arduino-testlib/cli-datadir/user/libraries/WiFi
  Not used: /home/ec2-user/arduino-testlib/cli-datadir/user/libraries/Seeed_Arduino_rpcWiFi
  Not used: /home/ec2-user/arduino-testlib/cli-datadir/user/libraries/WiFiNINA
  Not used: /home/ec2-user/arduino-testlib/cli-datadir/user/libraries/WiFiEspAT
</pre>

					
					<h4>examples/AerisForecastsDemo</h4>
					<p>
						Result: <b>FAIL</b>
					</p>
					<pre class="pre-scrollable">/home/ec2-user/arduino-testlib/cli-datadir/user/libraries/ESP8266_Weather_Station/examples/AerisForecastsDemo/AerisForecastsDemo.ino:26:10: fatal error: ESP8266WiFi.h: No such file or directory
 #include &lt;ESP8266WiFi.h&gt;
          ^~~~~~~~~~~~~~~
compilation terminated.

</pre>
					
					<h4>examples/AerisObservationDemo</h4>
					<p>
						Result: <b>FAIL</b>
					</p>
					<pre class="pre-scrollable">/home/ec2-user/arduino-testlib/cli-datadir/user/libraries/ESP8266_Weather_Station/examples/AerisObservationDemo/AerisObservationDemo.ino:26:10: fatal error: ESP8266WiFi.h: No such file or directory
 #include &lt;ESP8266WiFi.h&gt;
          ^~~~~~~~~~~~~~~
compilation terminated.

</pre>
					
					<h4>examples/AerisSunMoonDemo</h4>
					<p>
						Result: <b>FAIL</b>
					</p>
					<pre class="pre-scrollable">/home/ec2-user/arduino-testlib/cli-datadir/user/libraries/ESP8266_Weather_Station/examples/AerisSunMoonDemo/AerisSunMoonDemo.ino:26:10: fatal error: ESP8266WiFi.h: No such file or directory
 #include &lt;ESP8266WiFi.h&gt;
          ^~~~~~~~~~~~~~~
compilation terminated.

</pre>
					
					<h4>examples/AstronomyDemo</h4>
					<p>
						Result: <b>FAIL</b>
					</p>
					<pre class="pre-scrollable">/home/ec2-user/arduino-testlib/cli-datadir/user/libraries/ESP8266_Weather_Station/examples/AstronomyDemo/AstronomyDemo.ino:27:10: fatal error: ESP8266WiFi.h: No such file or directory
 #include &lt;ESP8266WiFi.h&gt;
          ^~~~~~~~~~~~~~~
compilation terminated.

</pre>
					
					<h4>examples/OpenWeatherMapCurrentDemo</h4>
					<p>
						Result: <b>FAIL</b>
					</p>
					<pre class="pre-scrollable">/home/ec2-user/arduino-testlib/cli-datadir/user/libraries/ESP8266_Weather_Station/examples/OpenWeatherMapCurrentDemo/OpenWeatherMapCurrentDemo.ino:26:10: fatal error: ESP8266WiFi.h: No such file or directory
 #include &lt;ESP8266WiFi.h&gt;
          ^~~~~~~~~~~~~~~
compilation terminated.

</pre>
					
					<h4>examples/OpenWeatherMapForecastDemo</h4>
					<p>
						Result: <b>FAIL</b>
					</p>
					<pre class="pre-scrollable">/home/ec2-user/arduino-testlib/cli-datadir/user/libraries/ESP8266_Weather_Station/examples/OpenWeatherMapForecastDemo/OpenWeatherMapForecastDemo.ino:26:10: fatal error: ESP8266WiFi.h: No such file or directory
 #include &lt;ESP8266WiFi.h&gt;
          ^~~~~~~~~~~~~~~
compilation terminated.

</pre>
					
					<h4>examples/OpenWeatherMapOneCallDemo</h4>
					<p>
						Result: <b>FAIL</b>
					</p>
					<pre class="pre-scrollable">/home/ec2-user/arduino-testlib/cli-datadir/user/libraries/ESP8266_Weather_Station/examples/OpenWeatherMapOneCallDemo/OpenWeatherMapOneCallDemo.ino:26:10: fatal error: ESP8266WiFi.h: No such file or directory
 #include &lt;ESP8266WiFi.h&gt;
          ^~~~~~~~~~~~~~~
compilation terminated.

</pre>
					
					<h4>examples/PlaneSpotterDemo</h4>
					<p>
						Result: <b>FAIL</b>
					</p>
					<pre class="pre-scrollable">/home/ec2-user/arduino-testlib/cli-datadir/user/libraries/ESP8266_Weather_Station/examples/PlaneSpotterDemo/PlaneSpotterDemo.ino:26:10: fatal error: ESP8266WiFi.h: No such file or directory
 #include &lt;ESP8266WiFi.h&gt;
          ^~~~~~~~~~~~~~~
compilation terminated.

</pre>
					
					<h4>examples/SunMoonCalcDemo</h4>
					<p>
						Result: <b>FAIL</b>
					</p>
					<pre class="pre-scrollable">/home/ec2-user/arduino-testlib/cli-datadir/user/libraries/ESP8266_Weather_Station/examples/SunMoonCalcDemo/SunMoonCalcDemo.ino:25:10: fatal error: ESP8266WiFi.h: No such file or directory
 #include &lt;ESP8266WiFi.h&gt;
          ^~~~~~~~~~~~~~~
compilation terminated.

</pre>
					
					<h4>examples/WeatherStationDemo</h4>
					<p>
						Result: <b>FAIL</b>
					</p>
					<pre class="pre-scrollable">In file included from /home/ec2-user/arduino-testlib/cli-datadir/user/libraries/Seeed_Arduino_rpcUnified/src/erpc/erpc_threading.h:23:0,
                 from /home/ec2-user/arduino-testlib/cli-datadir/user/libraries/Seeed_Arduino_rpcUnified/src/erpc/erpc_client_manager.h:21,
                 from /home/ec2-user/arduino-testlib/cli-datadir/user/libraries/Seeed_Arduino_rpcUnified/src/erpc/erpc_server.h:16,
                 from /home/ec2-user/arduino-testlib/cli-datadir/user/libraries/Seeed_Arduino_rpcUnified/src/erpc/rpc_ble_callback_server.h:12,
                 from /home/ec2-user/arduino-testlib/cli-datadir/user/libraries/Seeed_Arduino_rpcUnified/src/erpc/erpc_shim_unified.h:7,
                 from /home/ec2-user/arduino-testlib/cli-datadir/user/libraries/Seeed_Arduino_rpcUnified/src/seeed_rpcUnified.h:10,
                 from /home/ec2-user/arduino-testlib/cli-datadir/user/libraries/Seeed_Arduino_rpcWiFi/src/WiFiClientSecure.h:26,
                 from /home/ec2-user/arduino-testlib/cli-datadir/user/libraries/Seeed_Arduino_rpcWiFi/src/HTTPClient.h:36,
                 from /home/ec2-user/arduino-testlib/cli-datadir/user/libraries/ESP8266_Weather_Station/src/ESPHTTPClient.h:4,
                 from /home/ec2-user/arduino-testlib/cli-datadir/user/libraries/ESP8266_Weather_Station/examples/WeatherStationDemo/WeatherStationDemo.ino:29:
/home/ec2-user/arduino-testlib/cli-datadir/user/libraries/FreeRTOS/src/semphr.h:33:6: error: #error &#34;include Arduino_FreeRTOS.h&#34; must appear in source files before &#34;include semphr.h&#34;
     #error &#34;include Arduino_FreeRTOS.h&#34; must appear in source files before &#34;include semphr.h&#34;
      ^~~~~
In file included from /home/ec2-user/arduino-testlib/cli-datadir/user/libraries/FreeRTOS/src/semphr.h:36:0,
                 from /home/ec2-user/arduino-testlib/cli-datadir/user/libraries/Seeed_Arduino_rpcUnified/src/erpc/erpc_threading.h:23,
                 from /home/ec2-user/arduino-testlib/cli-datadir/user/libraries/Seeed_Arduino_rpcUnified/src/erpc/erpc_client_manager.h:21,
                 from /home/ec2-user/arduino-testlib/cli-datadir/user/libraries/Seeed_Arduino_rpcUnified/src/erpc/erpc_server.h:16,
                 from /home/ec2-user/arduino-testlib/cli-datadir/user/libraries/Seeed_Arduino_rpcUnified/src/erpc/rpc_ble_callback_server.h:12,
                 from /home/ec2-user/arduino-testlib/cli-datadir/user/libraries/Seeed_Arduino_rpcUnified/src/erpc/erpc_shim_unified.h:7,
                 from /home/ec2-user/arduino-testlib/cli-datadir/user/libraries/Seeed_Arduino_rpcUnified/src/seeed_rpcUnified.h:10,
                 from /home/ec2-user/arduino-testlib/cli-datadir/user/libraries/Seeed_Arduino_rpcWiFi/src/WiFiClientSecure.h:26,
                 from /home/ec2-user/arduino-testlib/cli-datadir/user/libraries/Seeed_Arduino_rpcWiFi/src/HTTPClient.h:36,
                 from /home/ec2-user/arduino-testlib/cli-datadir/user/libraries/ESP8266_Weather_Station/src/ESPHTTPClient.h:4,
                 from /home/ec2-user/arduino-testlib/cli-datadir/user/libraries/ESP8266_Weather_Station/examples/WeatherStationDemo/WeatherStationDemo.ino:29:
/home/ec2-user/arduino-testlib/cli-datadir/user/libraries/FreeRTOS/src/queue.h:34:6: error: #error &#34;include Arduino_FreeRTOS.h&#34; must appear in source files before &#34;include queue.h&#34;
     #error &#34;include Arduino_FreeRTOS.h&#34; must appear in source files before &#34;include queue.h&#34;
      ^~~~~
In file included from /home/ec2-user/arduino-testlib/cli-datadir/user/libraries/FreeRTOS/src/queue.h:43:0,
                 from /home/ec2-user/arduino-testlib/cli-datadir/user/libraries/FreeRTOS/src/semphr.h:36,
                 from /home/ec2-user/arduino-testlib/cli-datadir/user/libraries/Seeed_Arduino_rpcUnified/src/erpc/erpc_threading.h:23,
                 from /home/ec2-user/arduino-testlib/cli-datadir/user/libraries/Seeed_Arduino_rpcUnified/src/erpc/erpc_client_manager.h:21,
                 from /home/ec2-user/arduino-testlib/cli-datadir/user/libraries/Seeed_Arduino_rpcUnified/src/erpc/erpc_server.h:16,
                 from /home/ec2-user/arduino-testlib/cli-datadir/user/libraries/Seeed_Arduino_rpcUnified/src/erpc/rpc_ble_callback_server.h:12,
                 from /home/ec2-user/arduino-testlib/cli-datadir/user/libraries/Seeed_Arduino_rpcUnified/src/erpc/erpc_shim_unified.h:7,
                 from /home/ec2-user/arduino-testlib/cli-datadir/user/libraries/Seeed_Arduino_rpcUnified/src/seeed_rpcUnified.h:10,
                 from /home/ec2-user/arduino-testlib/cli-datadir/user/libraries/Seeed_Arduino_rpcWiFi/src/WiFiClientSecure.h:26,
                 from /home/ec2-user/arduino-testlib/cli-datadir/user/libraries/Seeed_Arduino_rpcWiFi/src/HTTPClient.h:36,
                 from /home/ec2-user/arduino-testlib/cli-datadir/user/libraries/ESP8266_Weather_Station/src/ESPHTTPClient.h:4,
                 from /home/ec2-user/arduino-testlib/cli-datadir/user/libraries/ESP8266_Weather_Station/examples/WeatherStationDemo/WeatherStationDemo.ino:29:
/home/ec2-user/arduino-testlib/cli-datadir/user/libraries/FreeRTOS/src/task.h:34:6: error: #error &#34;include Arduino_FreeRTOS.h must appear in source files before include task.h&#34;
     #error &#34;include Arduino_FreeRTOS.h must appear in source files before include task.h&#34;
      ^~~~~
In file included from /home/ec2-user/arduino-testlib/cli-datadir/user/libraries/FreeRTOS/src/task.h:37:0,
                 from /home/ec2-user/arduino-testlib/cli-datadir/user/libraries/FreeRTOS/src/queue.h:43,
                 from /home/ec2-user/arduino-testlib/cli-datadir/user/libraries/FreeRTOS/src/semphr.h:36,
                 from /home/ec2-user/arduino-testlib/cli-datadir/user/libraries/Seeed_Arduino_rpcUnified/src/erpc/erpc_threading.h:23,
                 from /home/ec2-user/arduino-testlib/cli-datadir/user/libraries/Seeed_Arduino_rpcUnified/src/erpc/erpc_client_manager.h:21,
                 from /home/ec2-user/arduino-testlib/cli-datadir/user/libraries/Seeed_Arduino_rpcUnified/src/erpc/erpc_server.h:16,
                 from /home/ec2-user/arduino-testlib/cli-datadir/user/libraries/Seeed_Arduino_rpcUnified/src/erpc/rpc_ble_callback_server.h:12,
                 from /home/ec2-user/arduino-testlib/cli-datadir/user/libraries/Seeed_Arduino_rpcUnified/src/erpc/erpc_shim_unified.h:7,
                 from /home/ec2-user/arduino-testlib/cli-datadir/user/libraries/Seeed_Arduino_rpcUnified/src/seeed_rpcUnified.h:10,
                 from /home/ec2-user/arduino-testlib/cli-datadir/user/libraries/Seeed_Arduino_rpcWiFi/src/WiFiClientSecure.h:26,
                 from /home/ec2-user/arduino-testlib/cli-datadir/user/libraries/Seeed_Arduino_rpcWiFi/src/HTTPClient.h:36,
                 from /home/ec2-user/arduino-testlib/cli-datadir/user/libraries/ESP8266_Weather_Station/src/ESPHTTPClient.h:4,
                 from /home/ec2-user/arduino-testlib/cli-datadir/user/libraries/ESP8266_Weather_Station/examples/WeatherStationDemo/WeatherStationDemo.ino:29:
/home/ec2-user/arduino-testlib/cli-datadir/user/libraries/FreeRTOS/src/list.h:62:6: error: #error &#34;Arduino_FreeRTOS.h must be included before list.h&#34;
     #error &#34;Arduino_FreeRTOS.h must be included before list.h&#34;
      ^~~~~
In file included from /home/ec2-user/arduino-testlib/cli-datadir/user/libraries/Seeed_Arduino_rpcUnified/src/esp/esp_event_loop.h:22:0,
                 from /home/ec2-user/arduino-testlib/cli-datadir/user/libraries/Seeed_Arduino_rpcUnified/src/esp/esp_lib_unified.h:12,
                 from /home/ec2-user/arduino-testlib/cli-datadir/user/libraries/Seeed_Arduino_rpcUnified/src/seeed_rpcUnified.h:11,
                 from /home/ec2-user/arduino-testlib/cli-datadir/user/libraries/Seeed_Arduino_rpcWiFi/src/WiFiClientSecure.h:26,
                 from /home/ec2-user/arduino-testlib/cli-datadir/user/libraries/Seeed_Arduino_rpcWiFi/src/HTTPClient.h:36,
                 from /home/ec2-user/arduino-testlib/cli-datadir/user/libraries/ESP8266_Weather_Station/src/ESPHTTPClient.h:4,
                 from /home/ec2-user/arduino-testlib/cli-datadir/user/libraries/ESP8266_Weather_Station/examples/WeatherStationDemo/WeatherStationDemo.ino:29:
/home/ec2-user/arduino-testlib/cli-datadir/user/libraries/Seeed_Arduino_rpcUnified/src/esp/esp_event.h:19:10: fatal error: Seeed_Arduino_FreeRTOS.h: No such file or directory
 #include &#34;Seeed_Arduino_FreeRTOS.h&#34;
          ^~~~~~~~~~~~~~~~~~~~~~~~~~
compilation terminated.
Multiple libraries were found for &#34;FreeRTOS.h&#34;
  Used: /home/ec2-user/arduino-testlib/cli-datadir/user/libraries/FreeRTOS
  Not used: /home/ec2-user/arduino-testlib/cli-datadir/user/libraries/ESP32_BLE_Arduino
  Not used: /home/ec2-user/arduino-testlib/cli-datadir/user/libraries/STM32duino_FreeRTOS
  Not used: /home/ec2-user/arduino-testlib/cli-datadir/user/libraries/FreeRTOS_SAMD21
  Not used: /home/ec2-user/arduino-testlib/cli-datadir/user/libraries/FreeRTOS_SAMD51
Multiple libraries were found for &#34;WiFi.h&#34;
  Used: /home/ec2-user/arduino-testlib/cli-datadir/user/libraries/WiFi
  Not used: /home/ec2-user/arduino-testlib/cli-datadir/user/libraries/Seeed_Arduino_rpcWiFi
  Not used: /home/ec2-user/arduino-testlib/cli-datadir/user/libraries/WiFiNINA
  Not used: /home/ec2-user/arduino-testlib/cli-datadir/user/libraries/WiFiEspAT
</pre>
					
					<h4>examples/WorldClockDemo</h4>
					<p>
						Result: <b>FAIL</b>
					</p>
					<pre class="pre-scrollable">/home/ec2-user/arduino-testlib/cli-datadir/user/libraries/ESP8266_Weather_Station/examples/WorldClockDemo/WorldClockDemo.ino:28:10: fatal error: ESP8266WiFi.h: No such file or directory
 #include &lt;ESP8266WiFi.h&gt;
          ^~~~~~~~~~~~~~~
compilation terminated.

</pre>
					
				
				<h3 id="arduino:megaavr:nona4809">arduino:megaavr:nona4809 @ 1.8.7</h3>
				<h4>Inclusion</h4>
				<p>
					Result: <b>FAIL</b>
					
				</p>
				<pre class="pre-scrollable">WARNING: library ESP8266_Weather_Station claims to run on esp8266, esp32 architecture(s) and may be incompatible with your current board which runs on megaavr architecture(s).
/home/ec2-user/arduino-testlib/cli-datadir/user/libraries/ESP8266_Weather_Station/src/TimeClient.cpp: In member function &#39;void TimeClient::updateTime()&#39;:
/home/ec2-user/arduino-testlib/cli-datadir/user/libraries/ESP8266_Weather_Station/src/TimeClient.cpp:56:10: error: &#39;class WiFiClient&#39; has no member named &#39;setNoDelay&#39;
   client.setNoDelay(false);
          ^~~~~~~~~~
��In file included from /home/ec2-user/arduino-testlib/cli-datadir/user/libraries/ESP8266_Weather_Station/src/SunMoonCalc.h:26:0,
           );
          ^~~~~~
          print
/home/ec2-user/arduino-testlib/cli-datadir/user/libraries/ESP8266_Weather_Station/src/OpenWeatherMapOneCall.cpp:58:32: error: no matching function for call to &#39;WiFiClient::connect(const arduino::String&amp;, const uint8_t&amp;)&#39;
   if (client.connect(host, port)) {
  /home/ec2-user/arduino-testlib/cli-datadir/user/libraries/ESP8266_Weather_Station/src/AerisForecasts.h:36:3: error: &#39;sint16_t&#39; does not name a type; did you mean &#39;uint16_t&#39;?
   sint16_t minTempF; // 56
   ^~~~~~~~
   uint16_t
/home/ec2-user/arduino-testlib/cli-datadir/user/libraries/ESP8266_Weather_Station/src/AerisForecasts.h:37:3: error: &#39;sint16_t&#39; does not name a type; did you mean &#39;uint16_t&#39;?
   sint16_t avgTempC; // 17
   ^~~~~~~~
   uint16_t
/home/ec2-user/ardu/home/ec2-user/arduino-testlib/cli-datadir/user/libraries/ESP8266_Weather_Station/src/AerisObservations.h:64:5: error: &#39;sint16_t&#39; does not name a type; did you mean &#39;uint16_t&#39;?
     sint16_t heatindexF;
    /home/ec2-user/arduino-t/home/ec2-user/arduino-testlib/cli-datadir/user/libraries/ESP8266_Weather_Station/src/AerisObservations.h:65:5: error: &#39;sint16_t&#39; does not name a type; did you mean &#39;uint16_t&#39;?
     sint16_t windchillC/home/ec2-user/arduino-testlib/cli-datadir/user/libraries/ESP8266_Weather_Station/src/AerisForecasts.h:40:3: error: &#39;sint16_t&#39; does not name a type; did you mean &#39;uint16_t&#39;?
   sint16_t tempF; // null
   ^~~~~~~~
   uint16_t
/home/ec2-user/arduino-testlib/cli-datadir/user/libraries/ESP8266_Weather_Station/src/AerisForecasts.h:41:3: error: &#39;sint16_t&#39; does not name a type; did you mean &#39;uint16_t&#39;?
   sint16_t pop; // 20
   ^~~~~~~~
   uint16_t
/home/ec2-user/arduino-testlib/cli-datadir/use/home/ec2-user/arduino-testlib/cli-datadir/user/libraries/ESP8266_Weather_Station/src/AerisObservations.h:68:5: error: &#39;sint16_t&#39; does not name a type; did you mean &#39;uint16_t&#39;?
     /home/ec2-user/arduino-testlib/cli-datadir/user/l/home/ec2-user/arduino-testlib/cli-datadir/user/libraries/ESP8266_Weather_Station/src/AerisObservations.cpp: In member function &#39;void AerisObservations::doUpdate(AerisObservationsData*, arduino::String)&#39;:
/home/ec2-user/arduino-testlib/cli-datadir/user/libraries/ESP8266_Weather_Station/src/AerisObservations.cpp:43:10: error: &#39;class UartClass&#39; has no member named &#39;printf&#39;; did you mean &#39;print&#39;?
   Serial.printf(&#34;[HTTP] Requesting resource at http://%s:%u%s\n&#34;, host.c_str(), port, path.c_str());
          ^~~~~~
          print
/home/ec2-user/arduino-testlib/cli-datadir/user/libraries/ESP8266_Weather_Station/src/AerisObservations.cpp:4/home/ec2-user/arduino-testlib/cli-datadir/user/libraries/ESP8266_Weather_Station/src/AerisForecasts.h:60:3: error: &#39;sint16_t&#39; does not name a type; did you mean &#39;uint16_t&#39;?
   sint16_t maxFeelslikeC; // 20
   ^~~~~~~~
   uint16_t
/home/ec2-user/arduino-testlib/cli-datadir/user/libraries/ESP8266_Weather_Station/src/AerisForecasts.h:61:3: error: &#39;sint16_t&#39; does not name a type; did you mean &#39;uint16_t&#39;?
   sint16_t maxFeelslikeF; // 69
   ^~~~~~~~
   uint16_t
/home/ec2-user/arduino-testlib/cli-datadir/user/libraries/ESP8266_Weather_Station/src/AerisForecasts.h:62:3: error: &#39;sint16_t&#39; does not name a type; did you mean &#39;uint16_t&#39;?
   sint16_t avgFeelslikeC; // 17
   ^~~~~~~~
   uint16_t
t16_t)
   virtual int connect(IPAddress ip, uint16_t port);
               ^~~~~~~
/home/ec2-user/arduino-testlib/cli-datadir/user/libraries/WiFi/src/WiFiClient.h:34:15: note:   no known conversion for argument 1 from &#39;const arduin/home/ec2-user/arduino-testlib/cli-datadir/user/libraries/ESP8266_Weather_Station/src/AerisForecasts.h:64:3: error: &#39;sint16_t&#39; does not name a type; did you mean &#39;uint16_t&#39;?
   sint16_t dewpointC; // 11
   ^~~~~~~~
   uint16_t
/home/ec2-user/arduino-testlib/cli-datadir/user/libraries/ESP8266_Weather_Station/src/AerisForecasts.h:65:3: error: &#39;sint16_t&#39; does not name a type; did you mean &#39;uint16_t&#39;?
   sint16_t dewpointF; // 51
   ^~~~~~~~
   uint16_t
/home/ec2-user/arduino-testlib/cli-datadir/user/libraries/ESP8266_Weather_Station/src/AerisForecasts.h:66:3: error: &#39;sint16_t&#39; does not name a type; did you mean &#39;uint16_t&#39;?
   sint16_t maxDewpointC; // 13
   ^~~~~~~~
   uint16_t
/home/ec2-user/arduino-testlib/cli-datadir/user/libraries/ESP8266_Weather_Station/src/AerisForecasts.h:67:3: error: &#39;sint16_t&#39; does not name a type; did you mean &#39;uint16_t&#39;?
   sint16_t maxDewpointF; // 55
   ^~~~~~~~
   uint16_t
/home/ec2-user/arduino-testlib/cli-datadir/user/libraries/ESP8266_Weather_Station/src/AerisForecasts.h:68:3: error: &#39;sint16_t&#39; does not name a type; did you mean &#39;uint16_t&#39;?
   sint16_t minDewpointC; // 10
   ^~~~~~~~
   uint16_t
/home/ec2-user/arduino-testlib/cli-datadir/user/libraries/ESP8266_Weather_Station/src/AerisForecasts.h:69:3: error: &#39;sint16_t&#39; does not name a type; did you mean &#39;uint16_t&#39;?
   sint16_t minDewpointF; // 51
   ^~~~~~~~
   uint16_t
/home/ec2-user/arduino-testlib/cli-datadir/user/libraries/ESP8266_Weather_Station/src/AerisForecasts.h:70:3: error: &#39;sint16_t&#39; does not name a type; did you mean &#39;uint16_t&#39;?
   sint16_t avgDewpointC; // 11
   ^~~~~~~~
   uint16_t
/home/ec2-user/arduino-testlib/cli-datadir/user/libraries/ESP8266_Weather_Station/src/AerisForecasts.h:71:3: error: &#39;sint16_t&#39; does not name a type; did you mean &#39;uint16_t&#39;?
   sint16_t avgDewpointF; // 52
   ^~~~~~~~
   uint16_t
/home/ec2-user/arduino-testlib/cli-datadir/user/libraries/ESP8266_Weather_Station/src/AerisForecasts.h:76:3: error: &#39;sint16_t&#39; does not name a type; did you mean &#39;uint16_t&#39;?
   sint16_t windDirMinDEG; // 39
   ^~~~~~~~
   uint16_t
/home/ec2-user/arduino-testlib/cli-datadir/user/libraries/ESP8266_Weather_Station/src/AerisForecasts.cpp: In member function &#39;void AerisForecasts::doUpdate(AerisForecastData*, arduino::String, uint8_t)&#39;:
/home/ec2-user/arduino-testlib/cli-datadir/user/libraries/ESP8266_Weather_Station/src/AerisForecasts.cpp:45:10: error: &#39;class UartClass&#39; has no member named &#39;printf&#39;; did you mean &#39;print&#39;?
   Serial.printf(&#34;[HTTP] Requesting resource at http://%s:%u%s\n&#34;, host.c_str(), port, path.c_str());
          ^~~~~~
          print
/home/ec2-user/arduino-testlib/cli-datadir/user/libraries/ESP8266_Weather_Station/src/AerisForecasts.cpp:48:31: error: no matching function for call to &#39;WiFiClient::connect(const arduino::String&amp;, const uint8_t&amp;)&#39;
   if(client.connect(host, port)) {
                               ^
In file included from /home/ec2-user/arduino-testlib/cli-datadir/user/libraries/WiFi/src/WiFi.h:31:0,
                 from /home/ec2-user/arduino-testlib/cli-datadir/user/libraries/ESP8266_Weather_Station/src/ESPWiFi.h:4,
                 from /home/ec2-user/arduino-testlib/cli-datadir/user/libraries/ESP8266_Weather_Station/src/AerisForecasts.cpp:24:
/home/ec2-user/arduino-testlib/cli-datadir/user/libraries/WiFi/src/WiFiClient.h:34:15: note: candidate: virtual int WiFiClient::connect(arduino::IPAddress, uint16_t)
   virtual int connect(IPAddress ip, uint16_t port);
               ^~~~~~~
/home/ec2-user/arduino-testlib/cli-datadir/user/libraries/WiFi/src/WiFiClient.h:34:15: note:   no known conversion for argument 1 from &#39;const arduino::String&#39; to &#39;arduino::IPAddress&#39;
/home/ec2-user/arduino-testlib/cli-datadir/user/libraries/WiFi/src/WiFiClient.h:35:15: note: candidate: virtual int WiFiClient::connect(const char*, uint16_t)
   virtual int connect(const char *host, uint16_t port);
               ^~~~~~~
/home/ec2-user/arduino-testlib/cli-datadir/user/libraries/WiFi/src/WiFiClient.h:35:15: note:   no known conversion for argument 1 from &#39;const arduino::String&#39; to &#39;const char*&#39;
/home/ec2-user/arduino-testlib/cli-datadir/user/libraries/ESP8266_Weather_Station/src/AerisForecasts.cpp:61:11: error: &#39;ESP&#39; was not declared in this scope
           ESP.restart();
           ^~~
/home/ec2-user/arduino-testlib/cli-datadir/user/libraries/ESP8266_Weather_Station/src/AerisForecasts.cpp:61:11: note: suggested alternative: &#39;SP&#39;
           ESP.restart();
           ^~~
           SP
/home/ec2-user/arduino-testlib/cli-datadir/user/libraries/ESP8266_Weather_Station/src/AerisForecasts.cpp: In member function &#39;virtual void AerisForecasts::value(arduino::String)&#39;:
/home/ec2-user/arduino-testlib/cli-datadir/user/libraries/ESP8266_Weather_Station/src/AerisForecasts.cpp:113:38: error: &#39;AerisForecastData {aka struct AerisForecastData}&#39; has no member named &#39;maxTempC&#39;
     this-&gt;forecasts[currentForecast].maxTempC = value.toInt();
                                      ^~~~~~~~
/home/ec2-user/arduino-testlib/cli-datadir/user/libraries/ESP8266_Weather_Station/src/AerisForecasts.cpp:117:38: error: &#39;AerisForecastData {aka struct AerisForecastData}&#39; has no member named &#39;maxTempF&#39;
     this-&gt;forecasts[currentForecast].maxTempF = value.toInt();
                                      ^~~~~~~~
/home/ec2-user/arduino-testlib/cli-datadir/user/libraries/ESP8266_Weather_Station/src/AerisForecasts.cpp:121:38: error: &#39;AerisForecastData {aka struct AerisForecastData}&#39; has no member named &#39;minTempC&#39;
     this-&gt;forecasts[currentForecast].minTempC = value.toInt();
                                      ^~~~~~~~
/home/ec2-user/arduino-testlib/cli-datadir/user/libraries/ESP8266_Weather_Station/src/AerisForecasts.cpp:125:38: error: &#39;AerisForecastData {aka struct AerisForecastData}&#39; has no member named &#39;minTempF&#39;
     this-&gt;forecasts[currentForecast</pre>

					
					<h4>examples/AerisForecastsDemo</h4>
					<p>
						Result: <b>FAIL</b>
					</p>
					<pre class="pre-scrollable">/home/ec2-user/arduino-testlib/cli-datadir/user/libraries/ESP8266_Weather_Station/examples/AerisForecastsDemo/AerisForecastsDemo.ino:26:10: fatal error: ESP8266WiFi.h: No such file or directory
 #include &lt;ESP8266WiFi.h&gt;
          ^~~~~~~~~~~~~~~
compilation terminated.

</pre>
					
					<h4>examples/AerisObservationDemo</h4>
					<p>
						Result: <b>FAIL</b>
					</p>
					<pre class="pre-scrollable">/home/ec2-user/arduino-testlib/cli-datadir/user/libraries/ESP8266_Weather_Station/examples/AerisObservationDemo/AerisObservationDemo.ino:26:10: fatal error: ESP8266WiFi.h: No such file or directory
 #include &lt;ESP8266WiFi.h&gt;
          ^~~~~~~~~~~~~~~
compilation terminated.

</pre>
					
					<h4>examples/AerisSunMoonDemo</h4>
					<p>
						Result: <b>FAIL</b>
					</p>
					<pre class="pre-scrollable">/home/ec2-user/arduino-testlib/cli-datadir/user/libraries/ESP8266_Weather_Station/examples/AerisSunMoonDemo/AerisSunMoonDemo.ino:26:10: fatal error: ESP8266WiFi.h: No such file or directory
 #include &lt;ESP8266WiFi.h&gt;
          ^~~~~~~~~~~~~~~
compilation terminated.

</pre>
					
					<h4>examples/AstronomyDemo</h4>
					<p>
						Result: <b>FAIL</b>
					</p>
					<pre class="pre-scrollable">/home/ec2-user/arduino-testlib/cli-datadir/user/libraries/ESP8266_Weather_Station/examples/AstronomyDemo/AstronomyDemo.ino:27:10: fatal error: ESP8266WiFi.h: No such file or directory
 #include &lt;ESP8266WiFi.h&gt;
          ^~~~~~~~~~~~~~~
compilation terminated.

</pre>
					
					<h4>examples/OpenWeatherMapCurrentDemo</h4>
					<p>
						Result: <b>FAIL</b>
					</p>
					<pre class="pre-scrollable">/home/ec2-user/arduino-testlib/cli-datadir/user/libraries/ESP8266_Weather_Station/examples/OpenWeatherMapCurrentDemo/OpenWeatherMapCurrentDemo.ino:26:10: fatal error: ESP8266WiFi.h: No such file or directory
 #include &lt;ESP8266WiFi.h&gt;
          ^~~~~~~~~~~~~~~
compilation terminated.

</pre>
					
					<h4>examples/OpenWeatherMapForecastDemo</h4>
					<p>
						Result: <b>FAIL</b>
					</p>
					<pre class="pre-scrollable">/home/ec2-user/arduino-testlib/cli-datadir/user/libraries/ESP8266_Weather_Station/examples/OpenWeatherMapForecastDemo/OpenWeatherMapForecastDemo.ino:26:10: fatal error: ESP8266WiFi.h: No such file or directory
 #include &lt;ESP8266WiFi.h&gt;
          ^~~~~~~~~~~~~~~
compilation terminated.

</pre>
					
					<h4>examples/OpenWeatherMapOneCallDemo</h4>
					<p>
						Result: <b>FAIL</b>
					</p>
					<pre class="pre-scrollable">/home/ec2-user/arduino-testlib/cli-datadir/user/libraries/ESP8266_Weather_Station/examples/OpenWeatherMapOneCallDemo/OpenWeatherMapOneCallDemo.ino:26:10: fatal error: ESP8266WiFi.h: No such file or directory
 #include &lt;ESP8266WiFi.h&gt;
          ^~~~~~~~~~~~~~~
compilation terminated.

</pre>
					
					<h4>examples/PlaneSpotterDemo</h4>
					<p>
						Result: <b>FAIL</b>
					</p>
					<pre class="pre-scrollable">/home/ec2-user/arduino-testlib/cli-datadir/user/libraries/ESP8266_Weather_Station/examples/PlaneSpotterDemo/PlaneSpotterDemo.ino:26:10: fatal error: ESP8266WiFi.h: No such file or directory
 #include &lt;ESP8266WiFi.h&gt;
          ^~~~~~~~~~~~~~~
compilation terminated.

</pre>
					
					<h4>examples/SunMoonCalcDemo</h4>
					<p>
						Result: <b>FAIL</b>
					</p>
					<pre class="pre-scrollable">/home/ec2-user/arduino-testlib/cli-datadir/user/libraries/ESP8266_Weather_Station/examples/SunMoonCalcDemo/SunMoonCalcDemo.ino:25:10: fatal error: ESP8266WiFi.h: No such file or directory
 #include &lt;ESP8266WiFi.h&gt;
          ^~~~~~~~~~~~~~~
compilation terminated.

</pre>
					
					<h4>examples/WeatherStationDemo</h4>
					<p>
						Result: <b>FAIL</b>
					</p>
					<pre class="pre-scrollable">In file included from /home/ec2-user/arduino-testlib/cli-datadir/user/libraries/ESP8266_Weather_Station/src/ESPHTTPClient.h:4:0,
                 from /home/ec2-user/arduino-testlib/cli-datadir/user/libraries/ESP8266_Weather_Station/examples/WeatherStationDemo/WeatherStationDemo.ino:29:
/home/ec2-user/arduino-testlib/cli-datadir/user/libraries/Seeed_Arduino_rpcWiFi/src/HTTPClient.h:32:10: fatal error: memory: No such file or directory
 #include &lt;memory&gt;
          ^~~~~~~~
compilation terminated.
Multiple libraries were found for &#34;WiFi.h&#34;
  Used: /home/ec2-user/arduino-testlib/cli-datadir/user/libraries/WiFi
  Not used: /home/ec2-user/arduino-testlib/cli-datadir/user/libraries/WiFiEspAT
  Not used: /home/ec2-user/arduino-testlib/cli-datadir/user/libraries/Seeed_Arduino_rpcWiFi
  Not used: /home/ec2-user/arduino-testlib/cli-datadir/user/libraries/WiFiNINA
</pre>
					
					<h4>examples/WorldClockDemo</h4>
					<p>
						Result: <b>FAIL</b>
					</p>
					<pre class="pre-scrollable">/home/ec2-user/arduino-testlib/cli-datadir/user/libraries/ESP8266_Weather_Station/examples/WorldClockDemo/WorldClockDemo.ino:28:10: fatal error: ESP8266WiFi.h: No such file or directory
 #include &lt;ESP8266WiFi.h&gt;
          ^~~~~~~~~~~~~~~
compilation terminated.

</pre>
					
				
				<h3 id="arduino:samd:mkrwifi1010">arduino:samd:mkrwifi1010 @ 1.8.12</h3>
				<h4>Inclusion</h4>
				<p>
					Result: <b>FAIL</b>
					
				</p>
				<pre class="pre-scrollable">WARNING: library ESP8266_Weather_Station claims to run on esp8266, esp32 architecture(s) and may be incompatible with your current board which runs on samd architecture(s).
Multiple libraries were found for &#34;WiFi.h&#34;
  Used: /home/ec2-user/arduino-testlib/cli-datadir/user/libraries/WiFi
  Not used: /home/ec2-user/arduino-testlib/cli-datadir/user/libraries/WiFiEspAT
  Not used: /home/ec2-user/arduino-testlib/cli-datadir/user/libraries/WiFiNINA
  Not used: /home/ec2-user/arduino-testlib/cli-datadir/user/libraries/Seeed_Arduino_rpcWiFi
</pre>

					
					<h4>examples/AerisForecastsDemo</h4>
					<p>
						Result: <b>FAIL</b>
					</p>
					<pre class="pre-scrollable">/home/ec2-user/arduino-testlib/cli-datadir/user/libraries/ESP8266_Weather_Station/examples/AerisForecastsDemo/AerisForecastsDemo.ino:26:10: fatal error: ESP8266WiFi.h: No such file or directory
 #include &lt;ESP8266WiFi.h&gt;
          ^~~~~~~~~~~~~~~
compilation terminated.

</pre>
					
					<h4>examples/AerisObservationDemo</h4>
					<p>
						Result: <b>FAIL</b>
					</p>
					<pre class="pre-scrollable">/home/ec2-user/arduino-testlib/cli-datadir/user/libraries/ESP8266_Weather_Station/examples/AerisObservationDemo/AerisObservationDemo.ino:26:10: fatal error: ESP8266WiFi.h: No such file or directory
 #include &lt;ESP8266WiFi.h&gt;
          ^~~~~~~~~~~~~~~
compilation terminated.

</pre>
					
					<h4>examples/AerisSunMoonDemo</h4>
					<p>
						Result: <b>FAIL</b>
					</p>
					<pre class="pre-scrollable">/home/ec2-user/arduino-testlib/cli-datadir/user/libraries/ESP8266_Weather_Station/examples/AerisSunMoonDemo/AerisSunMoonDemo.ino:26:10: fatal error: ESP8266WiFi.h: No such file or directory
 #include &lt;ESP8266WiFi.h&gt;
          ^~~~~~~~~~~~~~~
compilation terminated.

</pre>
					
					<h4>examples/AstronomyDemo</h4>
					<p>
						Result: <b>FAIL</b>
					</p>
					<pre class="pre-scrollable">/home/ec2-user/arduino-testlib/cli-datadir/user/libraries/ESP8266_Weather_Station/examples/AstronomyDemo/AstronomyDemo.ino:27:10: fatal error: ESP8266WiFi.h: No such file or directory
 #include &lt;ESP8266WiFi.h&gt;
          ^~~~~~~~~~~~~~~
compilation terminated.

</pre>
					
					<h4>examples/OpenWeatherMapCurrentDemo</h4>
					<p>
						Result: <b>FAIL</b>
					</p>
					<pre class="pre-scrollable">/home/ec2-user/arduino-testlib/cli-datadir/user/libraries/ESP8266_Weather_Station/examples/OpenWeatherMapCurrentDemo/OpenWeatherMapCurrentDemo.ino:26:10: fatal error: ESP8266WiFi.h: No such file or directory
 #include &lt;ESP8266WiFi.h&gt;
          ^~~~~~~~~~~~~~~
compilation terminated.

</pre>
					
					<h4>examples/OpenWeatherMapForecastDemo</h4>
					<p>
						Result: <b>FAIL</b>
					</p>
					<pre class="pre-scrollable">/home/ec2-user/arduino-testlib/cli-datadir/user/libraries/ESP8266_Weather_Station/examples/OpenWeatherMapForecastDemo/OpenWeatherMapForecastDemo.ino:26:10: fatal error: ESP8266WiFi.h: No such file or directory
 #include &lt;ESP8266WiFi.h&gt;
          ^~~~~~~~~~~~~~~
compilation terminated.

</pre>
					
					<h4>examples/OpenWeatherMapOneCallDemo</h4>
					<p>
						Result: <b>FAIL</b>
					</p>
					<pre class="pre-scrollable">/home/ec2-user/arduino-testlib/cli-datadir/user/libraries/ESP8266_Weather_Station/examples/OpenWeatherMapOneCallDemo/OpenWeatherMapOneCallDemo.ino:26:10: fatal error: ESP8266WiFi.h: No such file or directory
 #include &lt;ESP8266WiFi.h&gt;
          ^~~~~~~~~~~~~~~
compilation terminated.

</pre>
					
					<h4>examples/PlaneSpotterDemo</h4>
					<p>
						Result: <b>FAIL</b>
					</p>
					<pre class="pre-scrollable">/home/ec2-user/arduino-testlib/cli-datadir/user/libraries/ESP8266_Weather_Station/examples/PlaneSpotterDemo/PlaneSpotterDemo.ino:26:10: fatal error: ESP8266WiFi.h: No such file or directory
 #include &lt;ESP8266WiFi.h&gt;
          ^~~~~~~~~~~~~~~
compilation terminated.

</pre>
					
					<h4>examples/SunMoonCalcDemo</h4>
					<p>
						Result: <b>FAIL</b>
					</p>
					<pre class="pre-scrollable">/home/ec2-user/arduino-testlib/cli-datadir/user/libraries/ESP8266_Weather_Station/examples/SunMoonCalcDemo/SunMoonCalcDemo.ino:25:10: fatal error: ESP8266WiFi.h: No such file or directory
 #include &lt;ESP8266WiFi.h&gt;
          ^~~~~~~~~~~~~~~
compilation terminated.

</pre>
					
					<h4>examples/WeatherStationDemo</h4>
					<p>
						Result: <b>FAIL</b>
					</p>
					<pre class="pre-scrollable">In file included from /home/ec2-user/arduino-testlib/cli-datadir/user/libraries/Seeed_Arduino_rpcUnified/src/esp/esp_event_loop.h:22:0,
                 from /home/ec2-user/arduino-testlib/cli-datadir/user/libraries/Seeed_Arduino_rpcUnified/src/esp/esp_lib_unified.h:12,
                 from /home/ec2-user/arduino-testlib/cli-datadir/user/libraries/Seeed_Arduino_rpcUnified/src/seeed_rpcUnified.h:11,
                 from /home/ec2-user/arduino-testlib/cli-datadir/user/libraries/Seeed_Arduino_rpcWiFi/src/WiFiClientSecure.h:26,
                 from /home/ec2-user/arduino-testlib/cli-datadir/user/libraries/Seeed_Arduino_rpcWiFi/src/HTTPClient.h:36,
                 from /home/ec2-user/arduino-testlib/cli-datadir/user/libraries/ESP8266_Weather_Station/src/ESPHTTPClient.h:4,
                 from /home/ec2-user/arduino-testlib/cli-datadir/user/libraries/ESP8266_Weather_Station/examples/WeatherStationDemo/WeatherStationDemo.ino:29:
/home/ec2-user/arduino-testlib/cli-datadir/user/libraries/Seeed_Arduino_rpcUnified/src/esp/esp_event.h:19:10: fatal error: Seeed_Arduino_FreeRTOS.h: No such file or directory
 #include &#34;Seeed_Arduino_FreeRTOS.h&#34;
          ^~~~~~~~~~~~~~~~~~~~~~~~~~
compilation terminated.
Multiple libraries were found for &#34;WiFi.h&#34;
  Used: /home/ec2-user/arduino-testlib/cli-datadir/user/libraries/WiFi
  Not used: /home/ec2-user/arduino-testlib/cli-datadir/user/libraries/Seeed_Arduino_rpcWiFi
  Not used: /home/ec2-user/arduino-testlib/cli-datadir/user/libraries/WiFiEspAT
  Not used: /home/ec2-user/arduino-testlib/cli-datadir/user/libraries/WiFiNINA
Multiple libraries were found for &#34;FreeRTOS.h&#34;
  Used: /home/ec2-user/arduino-testlib/cli-datadir/user/libraries/FreeRTOS_SAMD21
  Not used: /home/ec2-user/arduino-testlib/cli-datadir/user/libraries/ESP32_BLE_Arduino
  Not used: /home/ec2-user/arduino-testlib/cli-datadir/user/libraries/STM32duino_FreeRTOS
  Not used: /home/ec2-user/arduino-testlib/cli-datadir/user/libraries/FreeRTOS_SAMD51
</pre>
					
					<h4>examples/WorldClockDemo</h4>
					<p>
						Result: <b>FAIL</b>
					</p>
					<pre class="pre-scrollable">/home/ec2-user/arduino-testlib/cli-datadir/user/libraries/ESP8266_Weather_Station/examples/WorldClockDemo/WorldClockDemo.ino:28:10: fatal error: ESP8266WiFi.h: No such file or directory
 #include &lt;ESP8266WiFi.h&gt;
          ^~~~~~~~~~~~~~~
compilation terminated.

</pre>
					
				
				<h3 id="esp32:esp32:d1_mini32">esp32:esp32:d1_mini32 @ 1.0.6</h3>
				<h4>Inclusion</h4>
				<p>
					Result: <b>FAIL</b>
					
				</p>
				<pre class="pre-scrollable">Multiple libraries were found for &#34;WiFi.h&#34;
  Used: /home/ec2-user/arduino-testlib/cli-datadir/data/packages/esp32/hardware/esp32/1.0.6/libraries/WiFi
  Not used: /home/ec2-user/arduino-testlib/cli-datadir/user/libraries/WiFiEspAT
  Not used: /home/ec2-user/arduino-testlib/cli-datadir/user/libraries/WiFiNINA
  Not used: /home/ec2-user/arduino-testlib/cli-datadir/user/libraries/Seeed_Arduino_rpcWiFi
  Not used: /home/ec2-user/arduino-testlib/cli-datadir/user/libraries/WiFi
</pre>

					
					<h4>examples/AerisForecastsDemo</h4>
					<p>
						Result: <b>FAIL</b>
					</p>
					<pre class="pre-scrollable">/home/ec2-user/arduino-testlib/cli-datadir/user/libraries/ESP8266_Weather_Station/examples/AerisForecastsDemo/AerisForecastsDemo.ino:26:25: fatal error: ESP8266WiFi.h: No such file or directory
compilation terminated.

</pre>
					
					<h4>examples/AerisObservationDemo</h4>
					<p>
						Result: <b>FAIL</b>
					</p>
					<pre class="pre-scrollable">/home/ec2-user/arduino-testlib/cli-datadir/user/libraries/ESP8266_Weather_Station/examples/AerisObservationDemo/AerisObservationDemo.ino:26:25: fatal error: ESP8266WiFi.h: No such file or directory
compilation terminated.

</pre>
					
					<h4>examples/AerisSunMoonDemo</h4>
					<p>
						Result: <b>FAIL</b>
					</p>
					<pre class="pre-scrollable">/home/ec2-user/arduino-testlib/cli-datadir/user/libraries/ESP8266_Weather_Station/examples/AerisSunMoonDemo/AerisSunMoonDemo.ino:26:25: fatal error: ESP8266WiFi.h: No such file or directory
compilation terminated.

</pre>
					
					<h4>examples/AstronomyDemo</h4>
					<p>
						Result: <b>FAIL</b>
					</p>
					<pre class="pre-scrollable">/home/ec2-user/arduino-testlib/cli-datadir/user/libraries/ESP8266_Weather_Station/examples/AstronomyDemo/AstronomyDemo.ino:27:25: fatal error: ESP8266WiFi.h: No such file or directory
compilation terminated.

</pre>
					
					<h4>examples/OpenWeatherMapCurrentDemo</h4>
					<p>
						Result: <b>FAIL</b>
					</p>
					<pre class="pre-scrollable">/home/ec2-user/arduino-testlib/cli-datadir/user/libraries/ESP8266_Weather_Station/examples/OpenWeatherMapCurrentDemo/OpenWeatherMapCurrentDemo.ino:26:25: fatal error: ESP8266WiFi.h: No such file or directory
compilation terminated.

</pre>
					
					<h4>examples/OpenWeatherMapForecastDemo</h4>
					<p>
						Result: <b>FAIL</b>
					</p>
					<pre class="pre-scrollable">/home/ec2-user/arduino-testlib/cli-datadir/user/libraries/ESP8266_Weather_Station/examples/OpenWeatherMapForecastDemo/OpenWeatherMapForecastDemo.ino:26:25: fatal error: ESP8266WiFi.h: No such file or directory
compilation terminated.

</pre>
					
					<h4>examples/OpenWeatherMapOneCallDemo</h4>
					<p>
						Result: <b>FAIL</b>
					</p>
					<pre class="pre-scrollable">/home/ec2-user/arduino-testlib/cli-datadir/user/libraries/ESP8266_Weather_Station/examples/OpenWeatherMapOneCallDemo/OpenWeatherMapOneCallDemo.ino:26:25: fatal error: ESP8266WiFi.h: No such file or directory
compilation terminated.

</pre>
					
					<h4>examples/PlaneSpotterDemo</h4>
					<p>
						Result: <b>FAIL</b>
					</p>
					<pre class="pre-scrollable">/home/ec2-user/arduino-testlib/cli-datadir/user/libraries/ESP8266_Weather_Station/examples/PlaneSpotterDemo/PlaneSpotterDemo.ino:26:25: fatal error: ESP8266WiFi.h: No such file or directory
compilation terminated.

</pre>
					
					<h4>examples/SunMoonCalcDemo</h4>
					<p>
						Result: <b>FAIL</b>
					</p>
					<pre class="pre-scrollable">/home/ec2-user/arduino-testlib/cli-datadir/user/libraries/ESP8266_Weather_Station/examples/SunMoonCalcDemo/SunMoonCalcDemo.ino:25:25: fatal error: ESP8266WiFi.h: No such file or directory
compilation terminated.

</pre>
					
					<h4>examples/WeatherStationDemo</h4>
					<p>
						Result: <b>FAIL</b>
					</p>
					<pre class="pre-scrollable">/home/ec2-user/arduino-testlib/cli-datadir/user/libraries/ESP8266_Weather_Station/examples/WeatherStationDemo/WeatherStationDemo.ino:35:61: fatal error: coredecls.h: No such file or directory
compilation terminated.
Multiple libraries were found for &#34;WiFi.h&#34;
  Used: /home/ec2-user/arduino-testlib/cli-datadir/data/packages/esp32/hardware/esp32/1.0.6/libraries/WiFi
  Not used: /home/ec2-user/arduino-testlib/cli-datadir/user/libraries/WiFi
  Not used: /home/ec2-user/arduino-testlib/cli-datadir/user/libraries/WiFiEspAT
  Not used: /home/ec2-user/arduino-testlib/cli-datadir/user/libraries/Seeed_Arduino_rpcWiFi
  Not used: /home/ec2-user/arduino-testlib/cli-datadir/user/libraries/WiFiNINA
Multiple libraries were found for &#34;HTTPClient.h&#34;
  Used: /home/ec2-user/arduino-testlib/cli-datadir/data/packages/esp32/hardware/esp32/1.0.6/libraries/HTTPClient
  Not used: /home/ec2-user/arduino-testlib/cli-datadir/user/libraries/Seeed_Arduino_rpcWiFi
Multiple libraries were found for &#34;WiFiClientSecure.h&#34;
  Used: /home/ec2-user/arduino-testlib/cli-datadir/data/packages/esp32/hardware/esp32/1.0.6/libraries/WiFiClientSecure
  Not used: /home/ec2-user/arduino-testlib/cli-datadir/user/libraries/Seeed_Arduino_rpcWiFi
</pre>
					
					<h4>examples/WorldClockDemo</h4>
					<p>
						Result: <b>FAIL</b>
					</p>
					<pre class="pre-scrollable">/home/ec2-user/arduino-testlib/cli-datadir/user/libraries/ESP8266_Weather_Station/examples/WorldClockDemo/WorldClockDemo.ino:28:25: fatal error: ESP8266WiFi.h: No such file or directory
compilation terminated.

</pre>
					
				
			</div>
		</div>
	</div>
  </body>
</html>
