
<!doctype html>
<html lang="en">
  <head>
    <meta charset="utf-8">
    <meta name="viewport" content="width=device-width, initial-scale=1">
    <link href="https://cdn.jsdelivr.net/npm/bootstrap@5.0.2/dist/css/bootstrap.min.css" rel="stylesheet" integrity="sha384-EVSTQN3/azprG1Anm3QDgpJLIm9Nao0Yz1ztcQTwFspd3yD65VohhpuuCOmLASjC" crossorigin="anonymous">
    <title>arduino-testlib report</title>
	<style>
	.pass { background-color: #00FF00 !important; }
	.fail { background-color: #FF0000 !important; }
	</style>
  </head>
  <body>
	<div class="container">
		<div class="row">
			<div class="col">
				<h1>ESP Rotary - compatibility matrix</h1>
				<p>
					<small>This report was generated on Wednesday, 23-Feb-22 22:48:15 CET using 
					<a href="https://github.com/alranel/arduino-testlib">arduino-testlib</a>.</small>
				</p>

				<h2>ESP Rotary</h2>
				<p>
					Version: <b>1.5.0</b>
					<br />
					<a href="https://www.arduino.cc/reference/en/libraries/esp-rotary/">More details</a>
				</p>

				<h2>Compatibility matrix</h2>
				<table class="table table-bordered">
					<tr>
						<th>Board</th>
						<th>Claims compatibility</th>
						<th>Inclusion</th>
						
						<th><pre>RangedCounter</pre></th>
						
						<th><pre>SimpleCounter</pre></th>
						
						<th><pre>SimpleCounterWithButton</pre></th>
						
					</tr>
					
					<tr>
						<td>
							<a href="#arduino%3aavr%3auno"><b>arduino:avr:uno</b></a>
							<br />
							<small>1.8.4</small>
						</td>

						
							<td>Yes</td>
							<td class="pass">PASS</td>
						
						
						
						

						
							
								
									
										
											
											<td class="fail">FAIL</td>
										
									
										
									
										
									
								
							
								
							
								
							
								
							
								
							
						
							
								
									
										
									
										
											<td class="pass">PASS</td>
											
										
									
										
									
								
							
								
							
								
							
								
							
								
							
						
							
								
									
										
									
										
									
										
											
											<td class="fail">FAIL</td>
										
									
								
							
								
							
								
							
								
							
								
							
						
					</tr>
					
					<tr>
						<td>
							<a href="#arduino%3ambed_nano%3ananorp2040connect"><b>arduino:mbed_nano:nanorp2040connect</b></a>
							<br />
							<small>2.7.2</small>
						</td>

						
							<td>Yes</td>
							<td class="pass">PASS</td>
						
						
						
						

						
							
								
							
								
									
										
											
											<td class="fail">FAIL</td>
										
									
										
									
										
									
								
							
								
							
								
							
								
							
						
							
								
							
								
									
										
									
										
											<td class="pass">PASS</td>
											
										
									
										
									
								
							
								
							
								
							
								
							
						
							
								
							
								
									
										
									
										
									
										
											
											<td class="fail">FAIL</td>
										
									
								
							
								
							
								
							
								
							
						
					</tr>
					
					<tr>
						<td>
							<a href="#arduino%3amegaavr%3anona4809"><b>arduino:megaavr:nona4809</b></a>
							<br />
							<small>1.8.7</small>
						</td>

						
							<td>Yes</td>
							<td class="pass">PASS</td>
						
						
						
						

						
							
								
							
								
							
								
									
										
											
											<td class="fail">FAIL</td>
										
									
										
									
										
									
								
							
								
							
								
							
						
							
								
							
								
							
								
									
										
									
										
											<td class="pass">PASS</td>
											
										
									
										
									
								
							
								
							
								
							
						
							
								
							
								
							
								
									
										
									
										
									
										
											
											<td class="fail">FAIL</td>
										
									
								
							
								
							
								
							
						
					</tr>
					
					<tr>
						<td>
							<a href="#arduino%3asamd%3amkrwifi1010"><b>arduino:samd:mkrwifi1010</b></a>
							<br />
							<small>1.8.12</small>
						</td>

						
							<td>Yes</td>
							<td class="pass">PASS</td>
						
						
						
						

						
							
								
							
								
							
								
							
								
									
										
											
											<td class="fail">FAIL</td>
										
									
										
									
										
									
								
							
								
							
						
							
								
							
								
							
								
							
								
									
										
									
										
											<td class="pass">PASS</td>
											
										
									
										
									
								
							
								
							
						
							
								
							
								
							
								
							
								
									
										
									
										
									
										
											
											<td class="fail">FAIL</td>
										
									
								
							
								
							
						
					</tr>
					
					<tr>
						<td>
							<a href="#esp32%3aesp32%3ad1_mini32"><b>esp32:esp32:d1_mini32</b></a>
							<br />
							<small>1.0.6</small>
						</td>

						
							<td>Yes</td>
							<td class="pass">PASS</td>
						
						
						
						

						
							
								
							
								
							
								
							
								
							
								
									
										
											<td class="pass">PASS</td>
											
										
									
										
									
										
									
								
							
						
							
								
							
								
							
								
							
								
							
								
									
										
									
										
											<td class="pass">PASS</td>
											
										
									
										
									
								
							
						
							
								
							
								
							
								
							
								
							
								
									
										
									
										
									
										
											<td class="pass">PASS</td>
											
										
									
								
							
						
					</tr>
					
				</table>

				<h2>Compilation logs</h2>
				
				<h3 id="arduino:avr:uno">arduino:avr:uno @ 1.8.4</h3>
				<h4>Inclusion</h4>
				<p>
					Result: <b>PASS</b>
					
					<br />This library has no main header file so an empty one was created.
					
				</p>
				<pre class="pre-scrollable">Sketch uses 444 bytes (1%) of program storage space. Maximum is 32256 bytes.
Global variables use 9 bytes (0%) of dynamic memory, leaving 2039 bytes for local variables. Maximum is 2048 bytes.
</pre>

					
					<h4>examples/RangedCounter</h4>
					<p>
						Result: <b>FAIL</b>
					</p>
					<pre class="pre-scrollable">/home/ec2-user/arduino-testlib/cli-datadir/user/libraries/ESP_Rotary/examples/RangedCounter/RangedCounter.ino: In function &#39;void setup()&#39;:
/home/ec2-user/arduino-testlib/cli-datadir/user/libraries/ESP_Rotary/examples/RangedCounter/RangedCounter.ino:10:21: error: &#39;D4&#39; was not declared in this scope
 #define BUTTON_PIN  D4
                     ^
/home/ec2-user/arduino-testlib/cli-datadir/user/libraries/ESP_Rotary/examples/RangedCounter/RangedCounter.ino:29:11: note: in expansion of macro &#39;BUTTON_PIN&#39;
   b.begin(BUTTON_PIN);
           ^~~~~~~~~~
/home/ec2-user/arduino-testlib/cli-datadir/user/libraries/ESP_Rotary/examples/RangedCounter/RangedCounter.ino:10:21: note: suggested alternative: &#39;A4&#39;
 #define BUTTON_PIN  D4
                     ^
/home/ec2-user/arduino-testlib/cli-datadir/user/libraries/ESP_Rotary/examples/RangedCounter/RangedCounter.ino:29:11: note: in expansion of macro &#39;BUTTON_PIN&#39;
   b.begin(BUTTON_PIN);
           ^~~~~~~~~~
/home/ec2-user/arduino-testlib/cli-datadir/user/libraries/ESP_Rotary/examples/RangedCounter/RangedCounter.ino:8:21: error: &#39;D1&#39; was not declared in this scope
 #define ROTARY_PIN1 D1
                     ^
/home/ec2-user/arduino-testlib/cli-datadir/user/libraries/ESP_Rotary/examples/RangedCounter/RangedCounter.ino:33:11: note: in expansion of macro &#39;ROTARY_PIN1&#39;
   r.begin(ROTARY_PIN1, ROTARY_PIN2, CLICKS_PER_STEP, MIN_POS, MAX_POS, START_POS, INCREMENT);
           ^~~~~~~~~~~
/home/ec2-user/arduino-testlib/cli-datadir/user/libraries/ESP_Rotary/examples/RangedCounter/RangedCounter.ino:8:21: note: suggested alternative: &#39;A1&#39;
 #define ROTARY_PIN1 D1
                     ^
/home/ec2-user/arduino-testlib/cli-datadir/user/libraries/ESP_Rotary/examples/RangedCounter/RangedCounter.ino:33:11: note: in expansion of macro &#39;ROTARY_PIN1&#39;
   r.begin(ROTARY_PIN1, ROTARY_PIN2, CLICKS_PER_STEP, MIN_POS, MAX_POS, START_POS, INCREMENT);
           ^~~~~~~~~~~
/home/ec2-user/arduino-testlib/cli-datadir/user/libraries/ESP_Rotary/examples/RangedCounter/RangedCounter.ino:9:21: error: &#39;D2&#39; was not declared in this scope
 #define ROTARY_PIN2 D2
                     ^
/home/ec2-user/arduino-testlib/cli-datadir/user/libraries/ESP_Rotary/examples/RangedCounter/RangedCounter.ino:33:24: note: in expansion of macro &#39;ROTARY_PIN2&#39;
   r.begin(ROTARY_PIN1, ROTARY_PIN2, CLICKS_PER_STEP, MIN_POS, MAX_POS, START_POS, INCREMENT);
                        ^~~~~~~~~~~
/home/ec2-user/arduino-testlib/cli-datadir/user/libraries/ESP_Rotary/examples/RangedCounter/RangedCounter.ino:9:21: note: suggested alternative: &#39;A2&#39;
 #define ROTARY_PIN2 D2
                     ^
/home/ec2-user/arduino-testlib/cli-datadir/user/libraries/ESP_Rotary/examples/RangedCounter/RangedCounter.ino:33:24: note: in expansion of macro &#39;ROTARY_PIN2&#39;
   r.begin(ROTARY_PIN1, ROTARY_PIN2, CLICKS_PER_STEP, MIN_POS, MAX_POS, START_POS, INCREMENT);
                        ^~~~~~~~~~~

</pre>
					
					<h4>examples/SimpleCounter</h4>
					<p>
						Result: <b>PASS</b>
					</p>
					<pre class="pre-scrollable">Sketch uses 4476 bytes (13%) of program storage space. Maximum is 32256 bytes.
Global variables use 251 bytes (12%) of dynamic memory, leaving 1797 bytes for local variables. Maximum is 2048 bytes.
</pre>
					
					<h4>examples/SimpleCounterWithButton</h4>
					<p>
						Result: <b>FAIL</b>
					</p>
					<pre class="pre-scrollable">/home/ec2-user/arduino-testlib/cli-datadir/user/libraries/ESP_Rotary/examples/SimpleCounterWithButton/SimpleCounterWithButton.ino: In function &#39;void setup()&#39;:
/home/ec2-user/arduino-testlib/cli-datadir/user/libraries/ESP_Rotary/examples/SimpleCounterWithButton/SimpleCounterWithButton.ino:8:21: error: &#39;D1&#39; was not declared in this scope
 #define ROTARY_PIN1 D1
                     ^
/home/ec2-user/arduino-testlib/cli-datadir/user/libraries/ESP_Rotary/examples/SimpleCounterWithButton/SimpleCounterWithButton.ino:27:11: note: in expansion of macro &#39;ROTARY_PIN1&#39;
   r.begin(ROTARY_PIN1, ROTARY_PIN2, CLICKS_PER_STEP);
           ^~~~~~~~~~~
/home/ec2-user/arduino-testlib/cli-datadir/user/libraries/ESP_Rotary/examples/SimpleCounterWithButton/SimpleCounterWithButton.ino:8:21: note: suggested alternative: &#39;A1&#39;
 #define ROTARY_PIN1 D1
                     ^
/home/ec2-user/arduino-testlib/cli-datadir/user/libraries/ESP_Rotary/examples/SimpleCounterWithButton/SimpleCounterWithButton.ino:27:11: note: in expansion of macro &#39;ROTARY_PIN1&#39;
   r.begin(ROTARY_PIN1, ROTARY_PIN2, CLICKS_PER_STEP);
           ^~~~~~~~~~~
/home/ec2-user/arduino-testlib/cli-datadir/user/libraries/ESP_Rotary/examples/SimpleCounterWithButton/SimpleCounterWithButton.ino:9:21: error: &#39;D2&#39; was not declared in this scope
 #define ROTARY_PIN2 D2
                     ^
/home/ec2-user/arduino-testlib/cli-datadir/user/libraries/ESP_Rotary/examples/SimpleCounterWithButton/SimpleCounterWithButton.ino:27:24: note: in expansion of macro &#39;ROTARY_PIN2&#39;
   r.begin(ROTARY_PIN1, ROTARY_PIN2, CLICKS_PER_STEP);
                        ^~~~~~~~~~~
/home/ec2-user/arduino-testlib/cli-datadir/user/libraries/ESP_Rotary/examples/SimpleCounterWithButton/SimpleCounterWithButton.ino:9:21: note: suggested alternative: &#39;A2&#39;
 #define ROTARY_PIN2 D2
                     ^
/home/ec2-user/arduino-testlib/cli-datadir/user/libraries/ESP_Rotary/examples/SimpleCounterWithButton/SimpleCounterWithButton.ino:27:24: note: in expansion of macro &#39;ROTARY_PIN2&#39;
   r.begin(ROTARY_PIN1, ROTARY_PIN2, CLICKS_PER_STEP);
                        ^~~~~~~~~~~
/home/ec2-user/arduino-testlib/cli-datadir/user/libraries/ESP_Rotary/examples/SimpleCounterWithButton/SimpleCounterWithButton.ino:10:20: error: &#39;D4&#39; was not declared in this scope
 #define BUTTON_PIN D4
                    ^
/home/ec2-user/arduino-testlib/cli-datadir/user/libraries/ESP_Rotary/examples/SimpleCounterWithButton/SimpleCounterWithButton.ino:32:11: note: in expansion of macro &#39;BUTTON_PIN&#39;
   b.begin(BUTTON_PIN);
           ^~~~~~~~~~
/home/ec2-user/arduino-testlib/cli-datadir/user/libraries/ESP_Rotary/examples/SimpleCounterWithButton/SimpleCounterWithButton.ino:10:20: note: suggested alternative: &#39;A4&#39;
 #define BUTTON_PIN D4
                    ^
/home/ec2-user/arduino-testlib/cli-datadir/user/libraries/ESP_Rotary/examples/SimpleCounterWithButton/SimpleCounterWithButton.ino:32:11: note: in expansion of macro &#39;BUTTON_PIN&#39;
   b.begin(BUTTON_PIN);
           ^~~~~~~~~~

</pre>
					
				
				<h3 id="arduino:mbed_nano:nanorp2040connect">arduino:mbed_nano:nanorp2040connect @ 2.7.2</h3>
				<h4>Inclusion</h4>
				<p>
					Result: <b>PASS</b>
					
				</p>
				<pre class="pre-scrollable">Sketch uses 78756 bytes (0%) of program storage space. Maximum is 16777216 bytes.
Global variables use 43444 bytes (16%) of dynamic memory, leaving 226892 bytes for local variables. Maximum is 270336 bytes.
</pre>

					
					<h4>examples/RangedCounter</h4>
					<p>
						Result: <b>FAIL</b>
					</p>
					<pre class="pre-scrollable">/home/ec2-user/arduino-testlib/cli-datadir/user/libraries/ESP_Rotary/examples/RangedCounter/RangedCounter.ino: In function &#39;void setup()&#39;:
/home/ec2-user/arduino-testlib/cli-datadir/user/libraries/ESP_Rotary/examples/RangedCounter/RangedCounter.ino:10:21: error: &#39;D4&#39; was not declared in this scope
 #define BUTTON_PIN  D4
                     ^
/home/ec2-user/arduino-testlib/cli-datadir/user/libraries/ESP_Rotary/examples/RangedCounter/RangedCounter.ino:29:11: note: in expansion of macro &#39;BUTTON_PIN&#39;
   b.begin(BUTTON_PIN);
           ^~~~~~~~~~
/home/ec2-user/arduino-testlib/cli-datadir/user/libraries/ESP_Rotary/examples/RangedCounter/RangedCounter.ino:10:21: note: suggested alternative: &#39;A4&#39;
 #define BUTTON_PIN  D4
                     ^
/home/ec2-user/arduino-testlib/cli-datadir/user/libraries/ESP_Rotary/examples/RangedCounter/RangedCounter.ino:29:11: note: in expansion of macro &#39;BUTTON_PIN&#39;
   b.begin(BUTTON_PIN);
           ^~~~~~~~~~
/home/ec2-user/arduino-testlib/cli-datadir/user/libraries/ESP_Rotary/examples/RangedCounter/RangedCounter.ino:8:21: error: &#39;D1&#39; was not declared in this scope
 #define ROTARY_PIN1 D1
                     ^
/home/ec2-user/arduino-testlib/cli-datadir/user/libraries/ESP_Rotary/examples/RangedCounter/RangedCounter.ino:33:11: note: in expansion of macro &#39;ROTARY_PIN1&#39;
   r.begin(ROTARY_PIN1, ROTARY_PIN2, CLICKS_PER_STEP, MIN_POS, MAX_POS, START_POS, INCREMENT);
           ^~~~~~~~~~~
/home/ec2-user/arduino-testlib/cli-datadir/user/libraries/ESP_Rotary/examples/RangedCounter/RangedCounter.ino:8:21: note: suggested alternative: &#39;A1&#39;
 #define ROTARY_PIN1 D1
                     ^
/home/ec2-user/arduino-testlib/cli-datadir/user/libraries/ESP_Rotary/examples/RangedCounter/RangedCounter.ino:33:11: note: in expansion of macro &#39;ROTARY_PIN1&#39;
   r.begin(ROTARY_PIN1, ROTARY_PIN2, CLICKS_PER_STEP, MIN_POS, MAX_POS, START_POS, INCREMENT);
           ^~~~~~~~~~~
/home/ec2-user/arduino-testlib/cli-datadir/user/libraries/ESP_Rotary/examples/RangedCounter/RangedCounter.ino:9:21: error: &#39;D2&#39; was not declared in this scope
 #define ROTARY_PIN2 D2
                     ^
/home/ec2-user/arduino-testlib/cli-datadir/user/libraries/ESP_Rotary/examples/RangedCounter/RangedCounter.ino:33:24: note: in expansion of macro &#39;ROTARY_PIN2&#39;
   r.begin(ROTARY_PIN1, ROTARY_PIN2, CLICKS_PER_STEP, MIN_POS, MAX_POS, START_POS, INCREMENT);
                        ^~~~~~~~~~~
/home/ec2-user/arduino-testlib/cli-datadir/user/libraries/ESP_Rotary/examples/RangedCounter/RangedCounter.ino:9:21: note: suggested alternative: &#39;A2&#39;
 #define ROTARY_PIN2 D2
                     ^
/home/ec2-user/arduino-testlib/cli-datadir/user/libraries/ESP_Rotary/examples/RangedCounter/RangedCounter.ino:33:24: note: in expansion of macro &#39;ROTARY_PIN2&#39;
   r.begin(ROTARY_PIN1, ROTARY_PIN2, CLICKS_PER_STEP, MIN_POS, MAX_POS, START_POS, INCREMENT);
                        ^~~~~~~~~~~

</pre>
					
					<h4>examples/SimpleCounter</h4>
					<p>
						Result: <b>PASS</b>
					</p>
					<pre class="pre-scrollable">Sketch uses 80116 bytes (0%) of program storage space. Maximum is 16777216 bytes.
Global variables use 43496 bytes (16%) of dynamic memory, leaving 226840 bytes for local variables. Maximum is 270336 bytes.
</pre>
					
					<h4>examples/SimpleCounterWithButton</h4>
					<p>
						Result: <b>FAIL</b>
					</p>
					<pre class="pre-scrollable">/home/ec2-user/arduino-testlib/cli-datadir/user/libraries/ESP_Rotary/examples/SimpleCounterWithButton/SimpleCounterWithButton.ino: In function &#39;void setup()&#39;:
/home/ec2-user/arduino-testlib/cli-datadir/user/libraries/ESP_Rotary/examples/SimpleCounterWithButton/SimpleCounterWithButton.ino:8:21: error: &#39;D1&#39; was not declared in this scope
 #define ROTARY_PIN1 D1
                     ^
/home/ec2-user/arduino-testlib/cli-datadir/user/libraries/ESP_Rotary/examples/SimpleCounterWithButton/SimpleCounterWithButton.ino:27:11: note: in expansion of macro &#39;ROTARY_PIN1&#39;
   r.begin(ROTARY_PIN1, ROTARY_PIN2, CLICKS_PER_STEP);
           ^~~~~~~~~~~
/home/ec2-user/arduino-testlib/cli-datadir/user/libraries/ESP_Rotary/examples/SimpleCounterWithButton/SimpleCounterWithButton.ino:8:21: note: suggested alternative: &#39;A1&#39;
 #define ROTARY_PIN1 D1
                     ^
/home/ec2-user/arduino-testlib/cli-datadir/user/libraries/ESP_Rotary/examples/SimpleCounterWithButton/SimpleCounterWithButton.ino:27:11: note: in expansion of macro &#39;ROTARY_PIN1&#39;
   r.begin(ROTARY_PIN1, ROTARY_PIN2, CLICKS_PER_STEP);
           ^~~~~~~~~~~
/home/ec2-user/arduino-testlib/cli-datadir/user/libraries/ESP_Rotary/examples/SimpleCounterWithButton/SimpleCounterWithButton.ino:9:21: error: &#39;D2&#39; was not declared in this scope
 #define ROTARY_PIN2 D2
                     ^
/home/ec2-user/arduino-testlib/cli-datadir/user/libraries/ESP_Rotary/examples/SimpleCounterWithButton/SimpleCounterWithButton.ino:27:24: note: in expansion of macro &#39;ROTARY_PIN2&#39;
   r.begin(ROTARY_PIN1, ROTARY_PIN2, CLICKS_PER_STEP);
                        ^~~~~~~~~~~
/home/ec2-user/arduino-testlib/cli-datadir/user/libraries/ESP_Rotary/examples/SimpleCounterWithButton/SimpleCounterWithButton.ino:9:21: note: suggested alternative: &#39;A2&#39;
 #define ROTARY_PIN2 D2
                     ^
/home/ec2-user/arduino-testlib/cli-datadir/user/libraries/ESP_Rotary/examples/SimpleCounterWithButton/SimpleCounterWithButton.ino:27:24: note: in expansion of macro &#39;ROTARY_PIN2&#39;
   r.begin(ROTARY_PIN1, ROTARY_PIN2, CLICKS_PER_STEP);
                        ^~~~~~~~~~~
/home/ec2-user/arduino-testlib/cli-datadir/user/libraries/ESP_Rotary/examples/SimpleCounterWithButton/SimpleCounterWithButton.ino:10:20: error: &#39;D4&#39; was not declared in this scope
 #define BUTTON_PIN D4
                    ^
/home/ec2-user/arduino-testlib/cli-datadir/user/libraries/ESP_Rotary/examples/SimpleCounterWithButton/SimpleCounterWithButton.ino:32:11: note: in expansion of macro &#39;BUTTON_PIN&#39;
   b.begin(BUTTON_PIN);
           ^~~~~~~~~~
/home/ec2-user/arduino-testlib/cli-datadir/user/libraries/ESP_Rotary/examples/SimpleCounterWithButton/SimpleCounterWithButton.ino:10:20: note: suggested alternative: &#39;A4&#39;
 #define BUTTON_PIN D4
                    ^
/home/ec2-user/arduino-testlib/cli-datadir/user/libraries/ESP_Rotary/examples/SimpleCounterWithButton/SimpleCounterWithButton.ino:32:11: note: in expansion of macro &#39;BUTTON_PIN&#39;
   b.begin(BUTTON_PIN);
           ^~~~~~~~~~

</pre>
					
				
				<h3 id="arduino:megaavr:nona4809">arduino:megaavr:nona4809 @ 1.8.7</h3>
				<h4>Inclusion</h4>
				<p>
					Result: <b>PASS</b>
					
				</p>
				<pre class="pre-scrollable">Sketch uses 802 bytes (1%) of program storage space. Maximum is 49152 bytes.
Global variables use 22 bytes (0%) of dynamic memory, leaving 6122 bytes for local variables. Maximum is 6144 bytes.
</pre>

					
					<h4>examples/RangedCounter</h4>
					<p>
						Result: <b>FAIL</b>
					</p>
					<pre class="pre-scrollable">/home/ec2-user/arduino-testlib/cli-datadir/user/libraries/ESP_Rotary/examples/RangedCounter/RangedCounter.ino: In function &#39;void setup()&#39;:
/home/ec2-user/arduino-testlib/cli-datadir/user/libraries/ESP_Rotary/examples/RangedCounter/RangedCounter.ino:10:21: error: &#39;D4&#39; was not declared in this scope
 #define BUTTON_PIN  D4
                     ^
/home/ec2-user/arduino-testlib/cli-datadir/user/libraries/ESP_Rotary/examples/RangedCounter/RangedCounter.ino:29:11: note: in expansion of macro &#39;BUTTON_PIN&#39;
   b.begin(BUTTON_PIN);
           ^~~~~~~~~~
/home/ec2-user/arduino-testlib/cli-datadir/user/libraries/ESP_Rotary/examples/RangedCounter/RangedCounter.ino:10:21: note: suggested alternative: &#39;A4&#39;
 #define BUTTON_PIN  D4
                     ^
/home/ec2-user/arduino-testlib/cli-datadir/user/libraries/ESP_Rotary/examples/RangedCounter/RangedCounter.ino:29:11: note: in expansion of macro &#39;BUTTON_PIN&#39;
   b.begin(BUTTON_PIN);
           ^~~~~~~~~~
/home/ec2-user/arduino-testlib/cli-datadir/user/libraries/ESP_Rotary/examples/RangedCounter/RangedCounter.ino:8:21: error: &#39;D1&#39; was not declared in this scope
 #define ROTARY_PIN1 D1
                     ^
/home/ec2-user/arduino-testlib/cli-datadir/user/libraries/ESP_Rotary/examples/RangedCounter/RangedCounter.ino:33:11: note: in expansion of macro &#39;ROTARY_PIN1&#39;
   r.begin(ROTARY_PIN1, ROTARY_PIN2, CLICKS_PER_STEP, MIN_POS, MAX_POS, START_POS, INCREMENT);
           ^~~~~~~~~~~
/home/ec2-user/arduino-testlib/cli-datadir/user/libraries/ESP_Rotary/examples/RangedCounter/RangedCounter.ino:8:21: note: suggested alternative: &#39;A1&#39;
 #define ROTARY_PIN1 D1
                     ^
/home/ec2-user/arduino-testlib/cli-datadir/user/libraries/ESP_Rotary/examples/RangedCounter/RangedCounter.ino:33:11: note: in expansion of macro &#39;ROTARY_PIN1&#39;
   r.begin(ROTARY_PIN1, ROTARY_PIN2, CLICKS_PER_STEP, MIN_POS, MAX_POS, START_POS, INCREMENT);
           ^~~~~~~~~~~
/home/ec2-user/arduino-testlib/cli-datadir/user/libraries/ESP_Rotary/examples/RangedCounter/RangedCounter.ino:9:21: error: &#39;D2&#39; was not declared in this scope
 #define ROTARY_PIN2 D2
                     ^
/home/ec2-user/arduino-testlib/cli-datadir/user/libraries/ESP_Rotary/examples/RangedCounter/RangedCounter.ino:33:24: note: in expansion of macro &#39;ROTARY_PIN2&#39;
   r.begin(ROTARY_PIN1, ROTARY_PIN2, CLICKS_PER_STEP, MIN_POS, MAX_POS, START_POS, INCREMENT);
                        ^~~~~~~~~~~
/home/ec2-user/arduino-testlib/cli-datadir/user/libraries/ESP_Rotary/examples/RangedCounter/RangedCounter.ino:9:21: note: suggested alternative: &#39;A2&#39;
 #define ROTARY_PIN2 D2
                     ^
/home/ec2-user/arduino-testlib/cli-datadir/user/libraries/ESP_Rotary/examples/RangedCounter/RangedCounter.ino:33:24: note: in expansion of macro &#39;ROTARY_PIN2&#39;
   r.begin(ROTARY_PIN1, ROTARY_PIN2, CLICKS_PER_STEP, MIN_POS, MAX_POS, START_POS, INCREMENT);
                        ^~~~~~~~~~~

</pre>
					
					<h4>examples/SimpleCounter</h4>
					<p>
						Result: <b>PASS</b>
					</p>
					<pre class="pre-scrollable">Sketch uses 5309 bytes (10%) of program storage space. Maximum is 49152 bytes.
Global variables use 212 bytes (3%) of dynamic memory, leaving 5932 bytes for local variables. Maximum is 6144 bytes.
</pre>
					
					<h4>examples/SimpleCounterWithButton</h4>
					<p>
						Result: <b>FAIL</b>
					</p>
					<pre class="pre-scrollable">/home/ec2-user/arduino-testlib/cli-datadir/user/libraries/ESP_Rotary/examples/SimpleCounterWithButton/SimpleCounterWithButton.ino: In function &#39;void setup()&#39;:
/home/ec2-user/arduino-testlib/cli-datadir/user/libraries/ESP_Rotary/examples/SimpleCounterWithButton/SimpleCounterWithButton.ino:8:21: error: &#39;D1&#39; was not declared in this scope
 #define ROTARY_PIN1 D1
                     ^
/home/ec2-user/arduino-testlib/cli-datadir/user/libraries/ESP_Rotary/examples/SimpleCounterWithButton/SimpleCounterWithButton.ino:27:11: note: in expansion of macro &#39;ROTARY_PIN1&#39;
   r.begin(ROTARY_PIN1, ROTARY_PIN2, CLICKS_PER_STEP);
           ^~~~~~~~~~~
/home/ec2-user/arduino-testlib/cli-datadir/user/libraries/ESP_Rotary/examples/SimpleCounterWithButton/SimpleCounterWithButton.ino:8:21: note: suggested alternative: &#39;A1&#39;
 #define ROTARY_PIN1 D1
                     ^
/home/ec2-user/arduino-testlib/cli-datadir/user/libraries/ESP_Rotary/examples/SimpleCounterWithButton/SimpleCounterWithButton.ino:27:11: note: in expansion of macro &#39;ROTARY_PIN1&#39;
   r.begin(ROTARY_PIN1, ROTARY_PIN2, CLICKS_PER_STEP);
           ^~~~~~~~~~~
/home/ec2-user/arduino-testlib/cli-datadir/user/libraries/ESP_Rotary/examples/SimpleCounterWithButton/SimpleCounterWithButton.ino:9:21: error: &#39;D2&#39; was not declared in this scope
 #define ROTARY_PIN2 D2
                     ^
/home/ec2-user/arduino-testlib/cli-datadir/user/libraries/ESP_Rotary/examples/SimpleCounterWithButton/SimpleCounterWithButton.ino:27:24: note: in expansion of macro &#39;ROTARY_PIN2&#39;
   r.begin(ROTARY_PIN1, ROTARY_PIN2, CLICKS_PER_STEP);
                        ^~~~~~~~~~~
/home/ec2-user/arduino-testlib/cli-datadir/user/libraries/ESP_Rotary/examples/SimpleCounterWithButton/SimpleCounterWithButton.ino:9:21: note: suggested alternative: &#39;A2&#39;
 #define ROTARY_PIN2 D2
                     ^
/home/ec2-user/arduino-testlib/cli-datadir/user/libraries/ESP_Rotary/examples/SimpleCounterWithButton/SimpleCounterWithButton.ino:27:24: note: in expansion of macro &#39;ROTARY_PIN2&#39;
   r.begin(ROTARY_PIN1, ROTARY_PIN2, CLICKS_PER_STEP);
                        ^~~~~~~~~~~
/home/ec2-user/arduino-testlib/cli-datadir/user/libraries/ESP_Rotary/examples/SimpleCounterWithButton/SimpleCounterWithButton.ino:10:20: error: &#39;D4&#39; was not declared in this scope
 #define BUTTON_PIN D4
                    ^
/home/ec2-user/arduino-testlib/cli-datadir/user/libraries/ESP_Rotary/examples/SimpleCounterWithButton/SimpleCounterWithButton.ino:32:11: note: in expansion of macro &#39;BUTTON_PIN&#39;
   b.begin(BUTTON_PIN);
           ^~~~~~~~~~
/home/ec2-user/arduino-testlib/cli-datadir/user/libraries/ESP_Rotary/examples/SimpleCounterWithButton/SimpleCounterWithButton.ino:10:20: note: suggested alternative: &#39;A4&#39;
 #define BUTTON_PIN D4
                    ^
/home/ec2-user/arduino-testlib/cli-datadir/user/libraries/ESP_Rotary/examples/SimpleCounterWithButton/SimpleCounterWithButton.ino:32:11: note: in expansion of macro &#39;BUTTON_PIN&#39;
   b.begin(BUTTON_PIN);
           ^~~~~~~~~~

</pre>
					
				
				<h3 id="arduino:samd:mkrwifi1010">arduino:samd:mkrwifi1010 @ 1.8.12</h3>
				<h4>Inclusion</h4>
				<p>
					Result: <b>PASS</b>
					
					<br />This library has no main header file so an empty one was created.
					
				</p>
				<pre class="pre-scrollable">Sketch uses 12156 bytes (4%) of program storage space. Maximum is 262144 bytes.
Global variables use 2996 bytes (9%) of dynamic memory, leaving 29772 bytes for local variables. Maximum is 32768 bytes.
</pre>

					
					<h4>examples/RangedCounter</h4>
					<p>
						Result: <b>FAIL</b>
					</p>
					<pre class="pre-scrollable">/home/ec2-user/arduino-testlib/cli-datadir/user/libraries/ESP_Rotary/examples/RangedCounter/RangedCounter.ino: In function &#39;void setup()&#39;:
/home/ec2-user/arduino-testlib/cli-datadir/user/libraries/ESP_Rotary/examples/RangedCounter/RangedCounter.ino:10:21: error: &#39;D4&#39; was not declared in this scope
 #define BUTTON_PIN  D4
                     ^
/home/ec2-user/arduino-testlib/cli-datadir/user/libraries/ESP_Rotary/examples/RangedCounter/RangedCounter.ino:29:11: note: in expansion of macro &#39;BUTTON_PIN&#39;
   b.begin(BUTTON_PIN);
           ^~~~~~~~~~
/home/ec2-user/arduino-testlib/cli-datadir/user/libraries/ESP_Rotary/examples/RangedCounter/RangedCounter.ino:10:21: note: suggested alternative: &#39;A4&#39;
 #define BUTTON_PIN  D4
                     ^
/home/ec2-user/arduino-testlib/cli-datadir/user/libraries/ESP_Rotary/examples/RangedCounter/RangedCounter.ino:29:11: note: in expansion of macro &#39;BUTTON_PIN&#39;
   b.begin(BUTTON_PIN);
           ^~~~~~~~~~
/home/ec2-user/arduino-testlib/cli-datadir/user/libraries/ESP_Rotary/examples/RangedCounter/RangedCounter.ino:8:21: error: &#39;D1&#39; was not declared in this scope
 #define ROTARY_PIN1 D1
                     ^
/home/ec2-user/arduino-testlib/cli-datadir/user/libraries/ESP_Rotary/examples/RangedCounter/RangedCounter.ino:33:11: note: in expansion of macro &#39;ROTARY_PIN1&#39;
   r.begin(ROTARY_PIN1, ROTARY_PIN2, CLICKS_PER_STEP, MIN_POS, MAX_POS, START_POS, INCREMENT);
           ^~~~~~~~~~~
/home/ec2-user/arduino-testlib/cli-datadir/user/libraries/ESP_Rotary/examples/RangedCounter/RangedCounter.ino:8:21: note: suggested alternative: &#39;A1&#39;
 #define ROTARY_PIN1 D1
                     ^
/home/ec2-user/arduino-testlib/cli-datadir/user/libraries/ESP_Rotary/examples/RangedCounter/RangedCounter.ino:33:11: note: in expansion of macro &#39;ROTARY_PIN1&#39;
   r.begin(ROTARY_PIN1, ROTARY_PIN2, CLICKS_PER_STEP, MIN_POS, MAX_POS, START_POS, INCREMENT);
           ^~~~~~~~~~~
/home/ec2-user/arduino-testlib/cli-datadir/user/libraries/ESP_Rotary/examples/RangedCounter/RangedCounter.ino:9:21: error: &#39;D2&#39; was not declared in this scope
 #define ROTARY_PIN2 D2
                     ^
/home/ec2-user/arduino-testlib/cli-datadir/user/libraries/ESP_Rotary/examples/RangedCounter/RangedCounter.ino:33:24: note: in expansion of macro &#39;ROTARY_PIN2&#39;
   r.begin(ROTARY_PIN1, ROTARY_PIN2, CLICKS_PER_STEP, MIN_POS, MAX_POS, START_POS, INCREMENT);
                        ^~~~~~~~~~~
/home/ec2-user/arduino-testlib/cli-datadir/user/libraries/ESP_Rotary/examples/RangedCounter/RangedCounter.ino:9:21: note: suggested alternative: &#39;A2&#39;
 #define ROTARY_PIN2 D2
                     ^
/home/ec2-user/arduino-testlib/cli-datadir/user/libraries/ESP_Rotary/examples/RangedCounter/RangedCounter.ino:33:24: note: in expansion of macro &#39;ROTARY_PIN2&#39;
   r.begin(ROTARY_PIN1, ROTARY_PIN2, CLICKS_PER_STEP, MIN_POS, MAX_POS, START_POS, INCREMENT);
                        ^~~~~~~~~~~

</pre>
					
					<h4>examples/SimpleCounter</h4>
					<p>
						Result: <b>PASS</b>
					</p>
					<pre class="pre-scrollable">Sketch uses 13944 bytes (5%) of program storage space. Maximum is 262144 bytes.
Global variables use 3044 bytes (9%) of dynamic memory, leaving 29724 bytes for local variables. Maximum is 32768 bytes.
</pre>
					
					<h4>examples/SimpleCounterWithButton</h4>
					<p>
						Result: <b>FAIL</b>
					</p>
					<pre class="pre-scrollable">/home/ec2-user/arduino-testlib/cli-datadir/user/libraries/ESP_Rotary/examples/SimpleCounterWithButton/SimpleCounterWithButton.ino: In function &#39;void setup()&#39;:
/home/ec2-user/arduino-testlib/cli-datadir/user/libraries/ESP_Rotary/examples/SimpleCounterWithButton/SimpleCounterWithButton.ino:8:21: error: &#39;D1&#39; was not declared in this scope
 #define ROTARY_PIN1 D1
                     ^
/home/ec2-user/arduino-testlib/cli-datadir/user/libraries/ESP_Rotary/examples/SimpleCounterWithButton/SimpleCounterWithButton.ino:27:11: note: in expansion of macro &#39;ROTARY_PIN1&#39;
   r.begin(ROTARY_PIN1, ROTARY_PIN2, CLICKS_PER_STEP);
           ^~~~~~~~~~~
/home/ec2-user/arduino-testlib/cli-datadir/user/libraries/ESP_Rotary/examples/SimpleCounterWithButton/SimpleCounterWithButton.ino:8:21: note: suggested alternative: &#39;A1&#39;
 #define ROTARY_PIN1 D1
                     ^
/home/ec2-user/arduino-testlib/cli-datadir/user/libraries/ESP_Rotary/examples/SimpleCounterWithButton/SimpleCounterWithButton.ino:27:11: note: in expansion of macro &#39;ROTARY_PIN1&#39;
   r.begin(ROTARY_PIN1, ROTARY_PIN2, CLICKS_PER_STEP);
           ^~~~~~~~~~~
/home/ec2-user/arduino-testlib/cli-datadir/user/libraries/ESP_Rotary/examples/SimpleCounterWithButton/SimpleCounterWithButton.ino:9:21: error: &#39;D2&#39; was not declared in this scope
 #define ROTARY_PIN2 D2
                     ^
/home/ec2-user/arduino-testlib/cli-datadir/user/libraries/ESP_Rotary/examples/SimpleCounterWithButton/SimpleCounterWithButton.ino:27:24: note: in expansion of macro &#39;ROTARY_PIN2&#39;
   r.begin(ROTARY_PIN1, ROTARY_PIN2, CLICKS_PER_STEP);
                        ^~~~~~~~~~~
/home/ec2-user/arduino-testlib/cli-datadir/user/libraries/ESP_Rotary/examples/SimpleCounterWithButton/SimpleCounterWithButton.ino:9:21: note: suggested alternative: &#39;A2&#39;
 #define ROTARY_PIN2 D2
                     ^
/home/ec2-user/arduino-testlib/cli-datadir/user/libraries/ESP_Rotary/examples/SimpleCounterWithButton/SimpleCounterWithButton.ino:27:24: note: in expansion of macro &#39;ROTARY_PIN2&#39;
   r.begin(ROTARY_PIN1, ROTARY_PIN2, CLICKS_PER_STEP);
                        ^~~~~~~~~~~
/home/ec2-user/arduino-testlib/cli-datadir/user/libraries/ESP_Rotary/examples/SimpleCounterWithButton/SimpleCounterWithButton.ino:10:20: error: &#39;D4&#39; was not declared in this scope
 #define BUTTON_PIN D4
                    ^
/home/ec2-user/arduino-testlib/cli-datadir/user/libraries/ESP_Rotary/examples/SimpleCounterWithButton/SimpleCounterWithButton.ino:32:11: note: in expansion of macro &#39;BUTTON_PIN&#39;
   b.begin(BUTTON_PIN);
           ^~~~~~~~~~
/home/ec2-user/arduino-testlib/cli-datadir/user/libraries/ESP_Rotary/examples/SimpleCounterWithButton/SimpleCounterWithButton.ino:10:20: note: suggested alternative: &#39;A4&#39;
 #define BUTTON_PIN D4
                    ^
/home/ec2-user/arduino-testlib/cli-datadir/user/libraries/ESP_Rotary/examples/SimpleCounterWithButton/SimpleCounterWithButton.ino:32:11: note: in expansion of macro &#39;BUTTON_PIN&#39;
   b.begin(BUTTON_PIN);
           ^~~~~~~~~~

</pre>
					
				
				<h3 id="esp32:esp32:d1_mini32">esp32:esp32:d1_mini32 @ 1.0.6</h3>
				<h4>Inclusion</h4>
				<p>
					Result: <b>PASS</b>
					
				</p>
				<pre class="pre-scrollable">Sketch uses 198072 bytes (15%) of program storage space. Maximum is 1310720 bytes.
Global variables use 13104 bytes (3%) of dynamic memory, leaving 314576 bytes for local variables. Maximum is 327680 bytes.
</pre>

					
					<h4>examples/RangedCounter</h4>
					<p>
						Result: <b>PASS</b>
					</p>
					<pre class="pre-scrollable">Sketch uses 261154 bytes (19%) of program storage space. Maximum is 1310720 bytes.
Global variables use 14040 bytes (4%) of dynamic memory, leaving 313640 bytes for local variables. Maximum is 327680 bytes.
</pre>
					
					<h4>examples/SimpleCounter</h4>
					<p>
						Result: <b>PASS</b>
					</p>
					<pre class="pre-scrollable">Sketch uses 205678 bytes (15%) of program storage space. Maximum is 1310720 bytes.
Global variables use 13472 bytes (4%) of dynamic memory, leaving 314208 bytes for local variables. Maximum is 327680 bytes.
</pre>
					
					<h4>examples/SimpleCounterWithButton</h4>
					<p>
						Result: <b>PASS</b>
					</p>
					<pre class="pre-scrollable">Sketch uses 260430 bytes (19%) of program storage space. Maximum is 1310720 bytes.
Global variables use 14040 bytes (4%) of dynamic memory, leaving 313640 bytes for local variables. Maximum is 327680 bytes.
</pre>
					
				
			</div>
		</div>
	</div>
  </body>
</html>
