
<!doctype html>
<html lang="en">
  <head>
    <meta charset="utf-8">
    <meta name="viewport" content="width=device-width, initial-scale=1">
    <link href="https://cdn.jsdelivr.net/npm/bootstrap@5.0.2/dist/css/bootstrap.min.css" rel="stylesheet" integrity="sha384-EVSTQN3/azprG1Anm3QDgpJLIm9Nao0Yz1ztcQTwFspd3yD65VohhpuuCOmLASjC" crossorigin="anonymous">
    <title>arduino-testlib report</title>
	<style>
	.pass { background-color: #00FF00 !important; }
	.fail { background-color: #FF0000 !important; }
	</style>
  </head>
  <body>
	<div class="container">
		<div class="row">
			<div class="col">
				<h1>ExtendedTouchEvent - compatibility matrix</h1>
				<p>
					<small>This report was generated on Monday, 21-Feb-22 12:00:25 CET using 
					<a href="https://github.com/alranel/arduino-testlib">arduino-testlib</a>.</small>
				</p>

				<h2>ExtendedTouchEvent</h2>
				<p>
					Version: <b>1.1.2</b>
					<br />
					<a href="https://www.arduino.cc/reference/en/libraries/extendedtouchevent/">More details</a>
				</p>

				<h2>Compatibility matrix</h2>
				<table class="table table-bordered">
					<tr>
						<th>Board</th>
						<th>Claims compatibility</th>
						<th>Inclusion</th>
						
						<th><pre>ExtendedTouchEventRotationDemo</pre></th>
						
						<th><pre>ExtendedTouchEventDemo</pre></th>
						
					</tr>
					
					<tr>
						<td>
							<a href="#arduino%3aavr%3auno"><b>arduino:avr:uno</b></a>
							<br />
							<small>1.8.4</small>
						</td>

						
						
						
							<td>Yes ⚠️</td>
							<td class="fail">FAIL</td>
						
						

						
							
								
									
										
									
										
											
											<td class="fail">FAIL</td>
										
									
								
							
								
							
								
							
								
							
								
							
						
							
								
									
										
											
											<td class="fail">FAIL</td>
										
									
										
									
								
							
								
							
								
							
								
							
								
							
						
					</tr>
					
					<tr>
						<td>
							<a href="#arduino%3ambed_nano%3ananorp2040connect"><b>arduino:mbed_nano:nanorp2040connect</b></a>
							<br />
							<small>2.7.2</small>
						</td>

						
						
						
							<td>Yes ⚠️</td>
							<td class="fail">FAIL</td>
						
						

						
							
								
							
								
									
										
									
										
											
											<td class="fail">FAIL</td>
										
									
								
							
								
							
								
							
								
							
						
							
								
							
								
									
										
											
											<td class="fail">FAIL</td>
										
									
										
									
								
							
								
							
								
							
								
							
						
					</tr>
					
					<tr>
						<td>
							<a href="#arduino%3amegaavr%3anona4809"><b>arduino:megaavr:nona4809</b></a>
							<br />
							<small>1.8.7</small>
						</td>

						
						
						
							<td>Yes ⚠️</td>
							<td class="fail">FAIL</td>
						
						

						
							
								
							
								
							
								
									
										
									
										
											
											<td class="fail">FAIL</td>
										
									
								
							
								
							
								
							
						
							
								
							
								
							
								
									
										
											
											<td class="fail">FAIL</td>
										
									
										
									
								
							
								
							
								
							
						
					</tr>
					
					<tr>
						<td>
							<a href="#arduino%3asamd%3amkrwifi1010"><b>arduino:samd:mkrwifi1010</b></a>
							<br />
							<small>1.8.12</small>
						</td>

						
						
						
							<td>Yes ⚠️</td>
							<td class="fail">FAIL</td>
						
						

						
							
								
							
								
							
								
							
								
									
										
									
										
											
											<td class="fail">FAIL</td>
										
									
								
							
								
							
						
							
								
							
								
							
								
							
								
									
										
											
											<td class="fail">FAIL</td>
										
									
										
									
								
							
								
							
						
					</tr>
					
					<tr>
						<td>
							<a href="#esp32%3aesp32%3ad1_mini32"><b>esp32:esp32:d1_mini32</b></a>
							<br />
							<small>1.0.6</small>
						</td>

						
						
						
							<td>Yes ⚠️</td>
							<td class="fail">FAIL</td>
						
						

						
							
								
							
								
							
								
							
								
							
								
									
										
									
										
											
											<td class="fail">FAIL</td>
										
									
								
							
						
							
								
							
								
							
								
							
								
							
								
									
										
											
											<td class="fail">FAIL</td>
										
									
										
									
								
							
						
					</tr>
					
				</table>

				<h2>Compilation logs</h2>
				
				<h3 id="arduino:avr:uno">arduino:avr:uno @ 1.8.4</h3>
				<h4>Inclusion</h4>
				<p>
					Result: <b>FAIL</b>
					
				</p>
				<pre class="pre-scrollable">/home/ec2-user/arduino-testlib/cli-datadir/user/libraries/ExtendedTouchEvent/src/ExtendedTouchEvent.cpp:13:1: error: &#39;ExtendedTouchEvent&#39; does not name a type
 ExtendedTouchEvent::ExtendedTouchEvent(XPT2046_Touchscreen &amp;touch, Adafruit_GFX &amp;tft, int16_t black) :
 ^~~~~~~~~~~~~~~~~~
/home/ec2-user/arduino-testlib/cli-datadir/user/libraries/ExtendedTouchEvent/src/ExtendedTouchEvent.cpp:17:1: error: &#39;ExtendedTouchEvent&#39; does not name a type
 ExtendedTouchEvent::ExtendedTouchEvent(XPT2046_Touchscreen &amp;touch, Adafruit_GFX &amp;tft) : _touch(touch), _tft(tft) {}
 ^~~~~~~~~~~~~~~~~~
/home/ec2-user/arduino-testlib/cli-datadir/user/libraries/ExtendedTouchEvent/src/ExtendedTouchEvent.cpp:19:6: error: &#39;ExtendedTouchEvent&#39; has not been declared
 void ExtendedTouchEvent::setRotation(uint8_t n) {
      ^~~~~~~~~~~~~~~~~~
/home/ec2-user/arduino-testlib/cli-datadir/user/libraries/ExtendedTouchEvent/src/ExtendedTouchEvent.cpp: In function &#39;void setRotation(uint8_t)&#39;:
/home/ec2-user/arduino-testlib/cli-datadir/user/libraries/ExtendedTouchEvent/src/ExtendedTouchEvent.cpp:20:5: error: &#39;_touch&#39; was not declared in this scope
     _touch.setRotation(n);
     ^~~~~~
/home/ec2-user/arduino-testlib/cli-datadir/user/libraries/ExtendedTouchEvent/src/ExtendedTouchEvent.cpp:20:5: note: suggested alternative: &#39;struct&#39;
     _touch.setRotation(n);
     ^~~~~~
     struct
/home/ec2-user/arduino-testlib/cli-datadir/user/libraries/ExtendedTouchEvent/src/ExtendedTouchEvent.cpp:21:5: error: &#39;_tft&#39; was not declared in this scope
     _tft.setRotation(n);
     ^~~~
/home/ec2-user/arduino-testlib/cli-datadir/user/libraries/ExtendedTouchEvent/src/ExtendedTouchEvent.cpp: At global scope:
/home/ec2-user/arduino-testlib/cli-datadir/user/libraries/ExtendedTouchEvent/src/ExtendedTouchEvent.cpp:24:9: error: &#39;ExtendedTouchEvent&#39; has not been declared
 boolean ExtendedTouchEvent::isInRectangle(TS_Point p, int16_t x, int16_t y, int16_t w, int16_t h) {
         ^~~~~~~~~~~~~~~~~~
/home/ec2-user/arduino-testlib/cli-datadir/user/libraries/ExtendedTouchEvent/src/ExtendedTouchEvent.cpp:28:15: error: &#39;ExtendedTouchEvent&#39; has not been declared
 unsigned long ExtendedTouchEvent::lastTouchEventTime() {
               ^~~~~~~~~~~~~~~~~~
/home/ec2-user/arduino-testlib/cli-datadir/user/libraries/ExtendedTouchEvent/src/ExtendedTouchEvent.cpp: In function &#39;long unsigned int lastTouchEventTime()&#39;:
/home/ec2-user/arduino-testlib/cli-datadir/user/libraries/ExtendedTouchEvent/src/ExtendedTouchEvent.cpp:29:12: error: &#39;_lasttouch&#39; was not declared in this scope
     return _lasttouch;
            ^~~~~~~~~~
/home/ec2-user/arduino-testlib/cli-datadir/user/libraries/ExtendedTouchEvent/src/ExtendedTouchEvent.cpp: At global scope:
/home/ec2-user/arduino-testlib/cli-datadir/user/libraries/ExtendedTouchEvent/src/ExtendedTouchEvent.cpp:33:9: error: &#39;ExtendedTouchEvent&#39; has not been declared
 boolean ExtendedTouchEvent::isInCircle(TS_Point p, int16_t x, int16_t y, int16_t r) {
         ^~~~~~~~~~~~~~~~~~
/home/ec2-user/arduino-testlib/cli-datadir/user/libraries/ExtendedTouchEvent/src/ExtendedTouchEvent.cpp:38:9: error: &#39;ExtendedTouchEvent&#39; has not been declared
 boolean ExtendedTouchEvent::isInPolygon(TS_Point p, int16_t nvertices, int16_t vertices[][2]) {
         ^~~~~~~~~~~~~~~~~~
/home/ec2-user/arduino-testlib/cli-datadir/user/libraries/ExtendedTouchEvent/src/ExtendedTouchEvent.cpp:55:6: error: &#39;ExtendedTouchEvent&#39; has not been declared
 void ExtendedTouchEvent::pollTouchScreen() {
      ^~~~~~~~~~~~~~~~~~
/home/ec2-user/arduino-testlib/cli-datadir/user/libraries/ExtendedTouchEvent/src/ExtendedTouchEvent.cpp: In function &#39;void pollTouchScreen()&#39;:
/home/ec2-user/arduino-testlib/cli-datadir/user/libraries/ExtendedTouchEvent/src/ExtendedTouchEvent.cpp:60:9: error: &#39;_touch&#39; was not declared in this scope
     p = _touch.getPoint();
         ^~~~~~
/home/ec2-user/arduino-testlib/cli-datadir/user/libraries/ExtendedTouchEvent/src/ExtendedTouchEvent.cpp:60:9: note: suggested alternative: &#39;tch&#39;
     p = _touch.getPoint();
         ^~~~~~
         tch
/home/ec2-user/arduino-testlib/cli-datadir/user/libraries/ExtendedTouchEvent/src/ExtendedTouchEvent.cpp:61:18: error: &#39;_minPress&#39; was not declared in this scope
     tch = (p.z &gt; _minPress);
                  ^~~~~~~~~
/home/ec2-user/arduino-testlib/cli-datadir/user/libraries/ExtendedTouchEvent/src/ExtendedTouchEvent.cpp:65:16: error: &#39;_down&#39; was not declared in this scope
     if (tch &amp;&amp; _down) { //continous touch
                ^~~~~
/home/ec2-user/arduino-testlib/cli-datadir/user/libraries/ExtendedTouchEvent/src/ExtendedTouchEvent.cpp:66:15: error: &#39;toScreen&#39; was not declared in this scope
         scr = toScreen(p);
               ^~~~~~~~
In file included from /home/ec2-user/arduino-testlib/cli-datadir/user/libraries/XPT2046_Touchscreen/XPT2046_Touchscreen.h:26:0,
                 from /home/ec2-user/arduino-testlib/cli-datadir/user/libraries/ExtendedTouchEvent/src/ExtendedTouchEvent.cpp:8:
/home/ec2-user/arduino-testlib/cli-datadir/user/libraries/ExtendedTouchEvent/src/ExtendedTouchEvent.cpp:68:18: error: &#39;_lastMove&#39; was not declared in this scope
         dx = abs(_lastMove.x - p.x);
                  ^
/home/ec2-user/arduino-testlib/cli-datadir/data/packages/arduino/hardware/avr/1.8.4/cores/arduino/Arduino.h:94:18: note: in definition of macro &#39;abs&#39;
 #define abs(x) ((x)&gt;0?(x):-(x))
                  ^
/home/ec2-user/arduino-testlib/cli-datadir/user/libraries/ExtendedTouchEvent/src/ExtendedTouchEvent.cpp:71:13: error: &#39;_drawMode&#39; was not declared in this scope
         if (_drawMode &amp;&amp; ((dx &gt; _moveth) || (dy &gt; _moveth))) { //movement?
             ^~~~~~~~~
/home/ec2-user/arduino-testlib/cli-datadir/user/libraries/ExtendedTouchEvent/src/ExtendedTouchEvent.cpp:71:33: error: &#39;_moveth&#39; was not declared in this scope
         if (_drawMode &amp;&amp; ((dx &gt; _moveth) || (dy &gt; _moveth))) { //movement?
                                 ^~~~~~~
/home/ec2-user/arduino-testlib/cli-datadir/user/libraries/ExtendedTouchEvent/src/ExtendedTouchEvent.cpp:72:23: error: &#39;_onTouchDraw&#39; was not declared in this scope
             fireEvent(_onTouchDraw, scr, EVENT::EVT_DRAW);
                       ^~~~~~~~~~~~
/home/ec2-user/arduino-testlib/cli-datadir/user/libraries/ExtendedTouchEvent/src/ExtendedTouchEvent.cpp:72:42: error: &#39;EVENT&#39; has not been declared
             fireEvent(_onTouchDraw, scr, EVENT::EVT_DRAW);
                                          ^~~~~
/home/ec2-user/arduino-testlib/cli-datadir/user/libraries/ExtendedTouchEvent/src/ExtendedTouchEvent.cpp:72:13: error: &#39;fireEvent&#39; was not declared in this scope
             fireEvent(_onTouchDraw, scr, EVENT::EVT_DRAW);
             ^~~~~~~~~
/home/ec2-user/arduino-testlib/cli-datadir/user/libraries/ExtendedTouchEvent/src/ExtendedTouchEvent.cpp:72:13: note: suggested alternative: &#39;freopen&#39;
             fireEvent(_onTouchDraw, scr, EVENT::EVT_DRAW);
             ^~~~~~~~~
             freopen
/home/ec2-user/arduino-testlib/cli-datadir/user/libraries/ExtendedTouchEvent/src/ExtendedTouchEvent.cpp:74:21: error: &#39;_begin&#39; was not declared in this scope
         if (((now - _begin) &gt; _clickLong) &amp;&amp; (!_long)) {
                     ^~~~~~
/home/ec2-user/arduino-testlib/cli-datadir/user/libraries/ExtendedTouchEvent/src/ExtendedTouchEvent.cpp:74:31: error: &#39;_clickLong&#39; was not declared in this scope
         if (((now - _begin) &gt; _clickLong) &amp;&amp; (!_long)) {
                               ^~~~~~~~~~
/home/ec2-user/arduino-testlib/cli-datadir/user/libraries/ExtendedTouchEvent/src/ExtendedTouchEvent.cpp:74:48: error: &#39;_long&#39; was not declared in this scope
         if (((now - _begin) &gt; _clickLong) &amp;&amp; (!_long)) {
                                                ^~~~~
/home/ec2-user/arduino-testlib/cli-datadir/user/libraries/ExtendedTouchEvent/src/ExtendedTouchEvent.cpp:74:48: note: suggested alternative: &#39;long&#39;
         if (((now - _begin) &gt; _clickLong) &amp;&amp; (!_long)) {
                                                ^~~~~
                                                long
/home/ec2-user/arduino-testlib/cli-datadir/user/libraries/ExtendedTouchEvent/src/ExtendedTouchEvent.cpp:75:23: error: &#39;_onTouchLong&#39; was not declared in this scope
             fireEvent(_onTouchLong, scr, EVENT::EVT_LONG);
                       ^~~~~~~~~~~~
/home/ec2-user/arduino-testlib/cli-datadir/user/libraries/ExtendedTouchEvent/src/ExtendedTouchEvent.cpp:75:42: error: &#39;EVENT&#39; has not been declared
             fireEvent(_onTouchLong, scr, EVENT::EVT_LONG);
                                          ^~~~~
/home/ec2-user/arduino-testlib/cli-datadir/user/libraries/ExtendedTouchEvent/src/ExtendedTouchEvent.cpp:75:13: error: &#39;fireEvent&#39; was not declared in this scope
             fireEvent(_onTouchLong, scr, EVENT::EVT_LONG);
             ^~~~~~~~~
/home/ec2-user/arduino-testlib/cli-datadir/user/libraries/ExtendedTouchEvent/src/ExtendedTouchEvent.cpp:75:13: note: suggested alternative: &#39;freopen&#39;
             fireEvent(_onTouchLong, scr, EVENT::EVT_LONG);
             ^~~~~~~~~
             freopen
/home/ec2-user/arduino-testlib/cli-datadir/user/libraries/ExtendedTouchEvent/src/ExtendedTouchEvent.cpp:80:15: error: &#39;toScreen&#39; was not declared in this scope
         scr = toScreen(p);
               ^~~~~~~~
/home/ec2-user/arduino-testlib/cli-datadir/user/libraries/ExtendedTouchEvent/src/ExtendedTouchEvent.cpp:81:9: error: &#39;_start&#39; was not declared in this scope
         _start = p;
         ^~~~~~
/home/ec2-user/arduino-testlib/cli-datadir/user/libraries/ExtendedTouchEvent/src/ExtendedTouchEvent.cpp:81:9: note: suggested alternative: &#39;va_start&#39;
         _start = p;
         ^~~~~~
         va_start
/home/ec2-user/arduino-testlib/cli-datadir/user/libraries/ExtendedTouchEvent/src/ExtendedTouchEvent.cpp:82:9: error: &#39;_lastMove&#39; was not declared in this scope
         _lastMove = p;
         ^~~~~~~~~
/home/ec2-user/arduino-testlib/cli-datadir/user/libraries/ExtendedTouchEvent/src/ExtendedTouchEvent.cpp:83:9: error: &#39;_begin&#39; was not declared in this scope
      </pre>

					
					<h4>examples/ExtendedTouchEventDemo</h4>
					<p>
						Result: <b>FAIL</b>
					</p>
					<pre class="pre-scrollable">/home/ec2-user/arduino-testlib/cli-datadir/user/libraries/ExtendedTouchEvent/examples/ExtendedTouchEventDemo/ExtendedTouchEventDemo.ino:42:1: error: &#39;ExtendedTouchEvent&#39; does not name a type
 ExtendedTouchEvent tevent(touch, tft);
 ^~~~~~~~~~~~~~~~~~
/home/ec2-user/arduino-testlib/cli-datadir/user/libraries/ExtendedTouchEvent/examples/ExtendedTouchEventDemo/ExtendedTouchEventDemo.ino:61:13: error: variable or field &#39;onWipe&#39; declared void
 void onWipe(WIPE_DIRECTION dir) {
             ^~~~~~~~~~~~~~
/home/ec2-user/arduino-testlib/cli-datadir/user/libraries/ExtendedTouchEvent/examples/ExtendedTouchEventDemo/ExtendedTouchEventDemo.ino:61:13: error: &#39;WIPE_DIRECTION&#39; was not declared in this scope
/home/ec2-user/arduino-testlib/cli-datadir/user/libraries/ExtendedTouchEvent/examples/ExtendedTouchEventDemo/ExtendedTouchEventDemo.ino:61:13: error: variable or field &#39;onWipe&#39; declared void
 void onWipe(WIPE_DIRECTION dir) {
             ^~~~~~~~~~~~~~
/home/ec2-user/arduino-testlib/cli-datadir/user/libraries/ExtendedTouchEvent/examples/ExtendedTouchEventDemo/ExtendedTouchEventDemo.ino:61:13: error: &#39;WIPE_DIRECTION&#39; was not declared in this scope
/home/ec2-user/arduino-testlib/cli-datadir/user/libraries/ExtendedTouchEvent/examples/ExtendedTouchEventDemo/ExtendedTouchEventDemo.ino: In function &#39;void onDblClick(TS_Point)&#39;:
/home/ec2-user/arduino-testlib/cli-datadir/user/libraries/ExtendedTouchEvent/examples/ExtendedTouchEventDemo/ExtendedTouchEventDemo.ino:101:9: error: &#39;tevent&#39; was not declared in this scope
         tevent.setDrawMode(false);
         ^~~~~~
/home/ec2-user/arduino-testlib/cli-datadir/user/libraries/ExtendedTouchEvent/examples/ExtendedTouchEventDemo/ExtendedTouchEventDemo.ino:101:9: note: suggested alternative: &#39;getenv&#39;
         tevent.setDrawMode(false);
         ^~~~~~
         getenv
/home/ec2-user/arduino-testlib/cli-datadir/user/libraries/ExtendedTouchEvent/examples/ExtendedTouchEventDemo/ExtendedTouchEventDemo.ino: In function &#39;void setup()&#39;:
/home/ec2-user/arduino-testlib/cli-datadir/user/libraries/ExtendedTouchEvent/examples/ExtendedTouchEventDemo/ExtendedTouchEventDemo.ino:143:12: error: &#39;class HardwareSerial&#39; has no member named &#39;printf&#39;; did you mean &#39;print&#39;?
     Serial.printf(&#34;w =%d,  h=%d\n&#34;, tft.width(), tft.height());
            ^~~~~~
            print
/home/ec2-user/arduino-testlib/cli-datadir/user/libraries/ExtendedTouchEvent/examples/ExtendedTouchEventDemo/ExtendedTouchEventDemo.ino:145:5: error: &#39;tevent&#39; was not declared in this scope
     tevent.setResolution(tft.width(), tft.height());
     ^~~~~~
/home/ec2-user/arduino-testlib/cli-datadir/user/libraries/ExtendedTouchEvent/examples/ExtendedTouchEventDemo/ExtendedTouchEventDemo.ino:145:5: note: suggested alternative: &#39;getenv&#39;
     tevent.setResolution(tft.width(), tft.height());
     ^~~~~~
     getenv
/home/ec2-user/arduino-testlib/cli-datadir/user/libraries/ExtendedTouchEvent/examples/ExtendedTouchEventDemo/ExtendedTouchEventDemo.ino:149:32: error: &#39;onWipe&#39; was not declared in this scope
     tevent.registerOnTouchWipe(onWipe);
                                ^~~~~~
/home/ec2-user/arduino-testlib/cli-datadir/user/libraries/ExtendedTouchEvent/examples/ExtendedTouchEventDemo/ExtendedTouchEventDemo.ino: In function &#39;void loop()&#39;:
/home/ec2-user/arduino-testlib/cli-datadir/user/libraries/ExtendedTouchEvent/examples/ExtendedTouchEventDemo/ExtendedTouchEventDemo.ino:162:5: error: &#39;tevent&#39; was not declared in this scope
     tevent.pollTouchScreen();
     ^~~~~~
/home/ec2-user/arduino-testlib/cli-datadir/user/libraries/ExtendedTouchEvent/examples/ExtendedTouchEventDemo/ExtendedTouchEventDemo.ino:162:5: note: suggested alternative: &#39;getenv&#39;
     tevent.pollTouchScreen();
     ^~~~~~
     getenv
Multiple libraries were found for &#34;XPT2046_Touchscreen.h&#34;
  Used: /home/ec2-user/arduino-testlib/cli-datadir/user/libraries/XPT2046_Touchscreen
  Not used: /home/ec2-user/arduino-testlib/cli-datadir/user/libraries/ThingPulse_XPT2046_Touch
</pre>
					
					<h4>examples/ExtendedTouchEventRotationDemo</h4>
					<p>
						Result: <b>FAIL</b>
					</p>
					<pre class="pre-scrollable">/home/ec2-user/arduino-testlib/cli-datadir/user/libraries/ExtendedTouchEvent/examples/ExtendedTouchEventRotationDemo/ExtendedTouchEventRotationDemo.ino:21:10: fatal error: esp_sleep.h: No such file or directory
 #include &#34;esp_sleep.h&#34;
          ^~~~~~~~~~~~~
compilation terminated.
Multiple libraries were found for &#34;XPT2046_Touchscreen.h&#34;
  Used: /home/ec2-user/arduino-testlib/cli-datadir/user/libraries/XPT2046_Touchscreen
  Not used: /home/ec2-user/arduino-testlib/cli-datadir/user/libraries/ThingPulse_XPT2046_Touch
</pre>
					
				
				<h3 id="arduino:mbed_nano:nanorp2040connect">arduino:mbed_nano:nanorp2040connect @ 2.7.2</h3>
				<h4>Inclusion</h4>
				<p>
					Result: <b>FAIL</b>
					
				</p>
				<pre class="pre-scrollable">/home/ec2-user/arduino-testlib/cli-datadir/user/libraries/ExtendedTouchEvent/src/ExtendedTouchEvent.cpp:13:1: error: &#39;ExtendedTouchEvent&#39; does not name a type
 ExtendedTouchEvent::ExtendedTouchEvent(XPT2046_Touchscreen &amp;touch, Adafruit_GFX &amp;tft, int16_t black) :
 ^~~~~~~~~~~~~~~~~~
/home/ec2-user/arduino-testlib/cli-datadir/user/libraries/ExtendedTouchEvent/src/ExtendedTouchEvent.cpp:17:1: error: &#39;ExtendedTouchEvent&#39; does not name a type
 ExtendedTouchEvent::ExtendedTouchEvent(XPT2046_Touchscreen &amp;touch, Adafruit_GFX &amp;tft) : _touch(touch), _tft(tft) {}
 ^~~~~~~~~~~~~~~~~~
/home/ec2-user/arduino-testlib/cli-datadir/user/libraries/ExtendedTouchEvent/src/ExtendedTouchEvent.cpp:19:6: error: &#39;ExtendedTouchEvent&#39; has not been declared
 void ExtendedTouchEvent::setRotation(uint8_t n) {
      ^~~~~~~~~~~~~~~~~~
/home/ec2-user/arduino-testlib/cli-datadir/user/libraries/ExtendedTouchEvent/src/ExtendedTouchEvent.cpp: In function &#39;void setRotation(uint8_t)&#39;:
/home/ec2-user/arduino-testlib/cli-datadir/user/libraries/ExtendedTouchEvent/src/ExtendedTouchEvent.cpp:20:5: error: &#39;_touch&#39; was not declared in this scope
     _touch.setRotation(n);
     ^~~~~~
/home/ec2-user/arduino-testlib/cli-datadir/user/libraries/ExtendedTouchEvent/src/ExtendedTouchEvent.cpp:20:5: note: suggested alternative: &#39;btowc&#39;
     _touch.setRotation(n);
     ^~~~~~
     btowc
/home/ec2-user/arduino-testlib/cli-datadir/user/libraries/ExtendedTouchEvent/src/ExtendedTouchEvent.cpp:21:5: error: &#39;_tft&#39; was not declared in this scope
     _tft.setRotation(n);
     ^~~~
/home/ec2-user/arduino-testlib/cli-datadir/user/libraries/ExtendedTouchEvent/src/ExtendedTouchEvent.cpp:21:5: note: suggested alternative: &#39;stat&#39;
     _tft.setRotation(n);
     ^~~~
     stat
/home/ec2-user/arduino-testlib/cli-datadir/user/libraries/ExtendedTouchEvent/src/ExtendedTouchEvent.cpp: At global scope:
/home/ec2-user/arduino-testlib/cli-datadir/user/libraries/ExtendedTouchEvent/src/ExtendedTouchEvent.cpp:24:9: error: &#39;ExtendedTouchEvent&#39; has not been declared
 boolean ExtendedTouchEvent::isInRectangle(TS_Point p, int16_t x, int16_t y, int16_t w, int16_t h) {
         ^~~~~~~~~~~~~~~~~~
/home/ec2-user/arduino-testlib/cli-datadir/user/libraries/ExtendedTouchEvent/src/ExtendedTouchEvent.cpp:28:15: error: &#39;ExtendedTouchEvent&#39; has not been declared
 unsigned long ExtendedTouchEvent::lastTouchEventTime() {
               ^~~~~~~~~~~~~~~~~~
/home/ec2-user/arduino-testlib/cli-datadir/user/libraries/ExtendedTouchEvent/src/ExtendedTouchEvent.cpp: In function &#39;long unsigned int lastTouchEventTime()&#39;:
/home/ec2-user/arduino-testlib/cli-datadir/user/libraries/ExtendedTouchEvent/src/ExtendedTouchEvent.cpp:29:12: error: &#39;_lasttouch&#39; was not declared in this scope
     return _lasttouch;
            ^~~~~~~~~~
/home/ec2-user/arduino-testlib/cli-datadir/user/libraries/ExtendedTouchEvent/src/ExtendedTouchEvent.cpp: At global scope:
/home/ec2-user/arduino-testlib/cli-datadir/user/libraries/ExtendedTouchEvent/src/ExtendedTouchEvent.cpp:33:9: error: &#39;ExtendedTouchEvent&#39; has not been declared
 boolean ExtendedTouchEvent::isInCircle(TS_Point p, int16_t x, int16_t y, int16_t r) {
         ^~~~~~~~~~~~~~~~~~
/home/ec2-user/arduino-testlib/cli-datadir/user/libraries/ExtendedTouchEvent/src/ExtendedTouchEvent.cpp:38:9: error: &#39;ExtendedTouchEvent&#39; has not been declared
 boolean ExtendedTouchEvent::isInPolygon(TS_Point p, int16_t nvertices, int16_t vertices[][2]) {
         ^~~~~~~~~~~~~~~~~~
/home/ec2-user/arduino-testlib/cli-datadir/user/libraries/ExtendedTouchEvent/src/ExtendedTouchEvent.cpp:55:6: error: &#39;ExtendedTouchEvent&#39; has not been declared
 void ExtendedTouchEvent::pollTouchScreen() {
      ^~~~~~~~~~~~~~~~~~
/home/ec2-user/arduino-testlib/cli-datadir/user/libraries/ExtendedTouchEvent/src/ExtendedTouchEvent.cpp: In function &#39;void pollTouchScreen()&#39;:
/home/ec2-user/arduino-testlib/cli-datadir/user/libraries/ExtendedTouchEvent/src/ExtendedTouchEvent.cpp:60:9: error: &#39;_touch&#39; was not declared in this scope
     p = _touch.getPoint();
         ^~~~~~
/home/ec2-user/arduino-testlib/cli-datadir/user/libraries/ExtendedTouchEvent/src/ExtendedTouchEvent.cpp:60:9: note: suggested alternative: &#39;tch&#39;
     p = _touch.getPoint();
         ^~~~~~
         tch
/home/ec2-user/arduino-testlib/cli-datadir/user/libraries/ExtendedTouchEvent/src/ExtendedTouchEvent.cpp:61:18: error: &#39;_minPress&#39; was not declared in this scope
     tch = (p.z &gt; _minPress);
                  ^~~~~~~~~
/home/ec2-user/arduino-testlib/cli-datadir/user/libraries/ExtendedTouchEvent/src/ExtendedTouchEvent.cpp:65:16: error: &#39;_down&#39; was not declared in this scope
     if (tch &amp;&amp; _down) { //continous touch
                ^~~~~
/home/ec2-user/arduino-testlib/cli-datadir/user/libraries/ExtendedTouchEvent/src/ExtendedTouchEvent.cpp:66:15: error: &#39;toScreen&#39; was not declared in this scope
         scr = toScreen(p);
               ^~~~~~~~
In file included from /home/ec2-user/arduino-testlib/cli-datadir/user/libraries/XPT2046_Touchscreen/XPT2046_Touchscreen.h:26:0,
                 from /home/ec2-user/arduino-testlib/cli-datadir/user/libraries/ExtendedTouchEvent/src/ExtendedTouchEvent.cpp:8:
/home/ec2-user/arduino-testlib/cli-datadir/user/libraries/ExtendedTouchEvent/src/ExtendedTouchEvent.cpp:68:18: error: &#39;_lastMove&#39; was not declared in this scope
         dx = abs(_lastMove.x - p.x);
                  ^
/home/ec2-user/arduino-testlib/cli-datadir/data/packages/arduino/hardware/mbed_nano/2.7.2/cores/arduino/Arduino.h:63:18: note: in definition of macro &#39;abs&#39;
 #define abs(x) ((x)&gt;0?(x):-(x))
                  ^
/home/ec2-user/arduino-testlib/cli-datadir/user/libraries/ExtendedTouchEvent/src/ExtendedTouchEvent.cpp:71:13: error: &#39;_drawMode&#39; was not declared in this scope
         if (_drawMode &amp;&amp; ((dx &gt; _moveth) || (dy &gt; _moveth))) { //movement?
             ^~~~~~~~~
/home/ec2-user/arduino-testlib/cli-datadir/user/libraries/ExtendedTouchEvent/src/ExtendedTouchEvent.cpp:71:33: error: &#39;_moveth&#39; was not declared in this scope
         if (_drawMode &amp;&amp; ((dx &gt; _moveth) || (dy &gt; _moveth))) { //movement?
                                 ^~~~~~~
/home/ec2-user/arduino-testlib/cli-datadir/user/libraries/ExtendedTouchEvent/src/ExtendedTouchEvent.cpp:71:33: note: suggested alternative: &#39;_remove_r&#39;
         if (_drawMode &amp;&amp; ((dx &gt; _moveth) || (dy &gt; _moveth))) { //movement?
                                 ^~~~~~~
                                 _remove_r
/home/ec2-user/arduino-testlib/cli-datadir/user/libraries/ExtendedTouchEvent/src/ExtendedTouchEvent.cpp:72:23: error: &#39;_onTouchDraw&#39; was not declared in this scope
             fireEvent(_onTouchDraw, scr, EVENT::EVT_DRAW);
                       ^~~~~~~~~~~~
/home/ec2-user/arduino-testlib/cli-datadir/user/libraries/ExtendedTouchEvent/src/ExtendedTouchEvent.cpp:72:42: error: &#39;EVENT&#39; has not been declared
             fireEvent(_onTouchDraw, scr, EVENT::EVT_DRAW);
                                          ^~~~~
/home/ec2-user/arduino-testlib/cli-datadir/user/libraries/ExtendedTouchEvent/src/ExtendedTouchEvent.cpp:72:13: error: &#39;fireEvent&#39; was not declared in this scope
             fireEvent(_onTouchDraw, scr, EVENT::EVT_DRAW);
             ^~~~~~~~~
/home/ec2-user/arduino-testlib/cli-datadir/user/libraries/ExtendedTouchEvent/src/ExtendedTouchEvent.cpp:72:13: note: suggested alternative: &#39;dirent&#39;
             fireEvent(_onTouchDraw, scr, EVENT::EVT_DRAW);
             ^~~~~~~~~
             dirent
/home/ec2-user/arduino-testlib/cli-datadir/user/libraries/ExtendedTouchEvent/src/ExtendedTouchEvent.cpp:74:21: error: &#39;_begin&#39; was not declared in this scope
         if (((now - _begin) &gt; _clickLong) &amp;&amp; (!_long)) {
                     ^~~~~~
/home/ec2-user/arduino-testlib/cli-datadir/user/libraries/ExtendedTouchEvent/src/ExtendedTouchEvent.cpp:74:21: note: suggested alternative: &#39;_Bigint&#39;
         if (((now - _begin) &gt; _clickLong) &amp;&amp; (!_long)) {
                     ^~~~~~
                     _Bigint
/home/ec2-user/arduino-testlib/cli-datadir/user/libraries/ExtendedTouchEvent/src/ExtendedTouchEvent.cpp:74:31: error: &#39;_clickLong&#39; was not declared in this scope
         if (((now - _begin) &gt; _clickLong) &amp;&amp; (!_long)) {
                               ^~~~~~~~~~
/home/ec2-user/arduino-testlib/cli-datadir/user/libraries/ExtendedTouchEvent/src/ExtendedTouchEvent.cpp:74:31: note: suggested alternative: &#39;__ULong&#39;
         if (((now - _begin) &gt; _clickLong) &amp;&amp; (!_long)) {
                               ^~~~~~~~~~
                               __ULong
/home/ec2-user/arduino-testlib/cli-datadir/user/libraries/ExtendedTouchEvent/src/ExtendedTouchEvent.cpp:74:48: error: &#39;_long&#39; was not declared in this scope
         if (((now - _begin) &gt; _clickLong) &amp;&amp; (!_long)) {
                                                ^~~~~
/home/ec2-user/arduino-testlib/cli-datadir/user/libraries/ExtendedTouchEvent/src/ExtendedTouchEvent.cpp:74:48: note: suggested alternative: &#39;ulong&#39;
         if (((now - _begin) &gt; _clickLong) &amp;&amp; (!_long)) {
                                                ^~~~~
                                                ulong
/home/ec2-user/arduino-testlib/cli-datadir/user/libraries/ExtendedTouchEvent/src/ExtendedTouchEvent.cpp:75:23: error: &#39;_onTouchLong&#39; was not declared in this scope
             fireEvent(_onTouchLong, scr, EVENT::EVT_LONG);
                       ^~~~~~~~~~~~
/home/ec2-user/arduino-testlib/cli-datadir/user/libraries/ExtendedTouchEvent/src/ExtendedTouchEvent.cpp:75:42: error: &#39;EVENT&#39; has not been declared
             fireEvent(_onTouchLong, scr, EVENT::EVT_LONG);
                                          ^~~~~
/home/ec2-user/arduino-testlib/cli-datadir/user/libraries/ExtendedTouchEvent/src/ExtendedTouchEvent.cpp:75:13: error: &#39;fireEvent&#39; was not declared in this scope
             fireEvent(_onTouchLong, scr, EVENT::EVT_LONG);
             ^~~~~~~~~
/home/ec2-user/arduino-testlib/cli-datadir/user/libraries/ExtendedTouchEvent/src/ExtendedTouchEvent.cpp:75:13: note: suggested alternative: &#39;dirent&#39;
             fireEve</pre>

					
					<h4>examples/ExtendedTouchEventDemo</h4>
					<p>
						Result: <b>FAIL</b>
					</p>
					<pre class="pre-scrollable">/home/ec2-user/arduino-testlib/cli-datadir/user/libraries/ExtendedTouchEvent/examples/ExtendedTouchEventDemo/ExtendedTouchEventDemo.ino:42:1: error: &#39;ExtendedTouchEvent&#39; does not name a type
 ExtendedTouchEvent tevent(touch, tft);
 ^~~~~~~~~~~~~~~~~~
/home/ec2-user/arduino-testlib/cli-datadir/user/libraries/ExtendedTouchEvent/examples/ExtendedTouchEventDemo/ExtendedTouchEventDemo.ino:61:13: error: variable or field &#39;onWipe&#39; declared void
 void onWipe(WIPE_DIRECTION dir) {
             ^~~~~~~~~~~~~~
/home/ec2-user/arduino-testlib/cli-datadir/user/libraries/ExtendedTouchEvent/examples/ExtendedTouchEventDemo/ExtendedTouchEventDemo.ino:61:13: error: &#39;WIPE_DIRECTION&#39; was not declared in this scope
/home/ec2-user/arduino-testlib/cli-datadir/user/libraries/ExtendedTouchEvent/examples/ExtendedTouchEventDemo/ExtendedTouchEventDemo.ino:61:13: note: suggested alternative: &#39;MBED_SECTION&#39;
 void onWipe(WIPE_DIRECTION dir) {
             ^~~~~~~~~~~~~~
             MBED_SECTION
/home/ec2-user/arduino-testlib/cli-datadir/user/libraries/ExtendedTouchEvent/examples/ExtendedTouchEventDemo/ExtendedTouchEventDemo.ino:61:13: error: variable or field &#39;onWipe&#39; declared void
 void onWipe(WIPE_DIRECTION dir) {
             ^~~~~~~~~~~~~~
/home/ec2-user/arduino-testlib/cli-datadir/user/libraries/ExtendedTouchEvent/examples/ExtendedTouchEventDemo/ExtendedTouchEventDemo.ino:61:13: error: &#39;WIPE_DIRECTION&#39; was not declared in this scope
/home/ec2-user/arduino-testlib/cli-datadir/user/libraries/ExtendedTouchEvent/examples/ExtendedTouchEventDemo/ExtendedTouchEventDemo.ino:61:13: note: suggested alternative: &#39;MBED_SECTION&#39;
 void onWipe(WIPE_DIRECTION dir) {
             ^~~~~~~~~~~~~~
             MBED_SECTION
/home/ec2-user/arduino-testlib/cli-datadir/user/libraries/ExtendedTouchEvent/examples/ExtendedTouchEventDemo/ExtendedTouchEventDemo.ino: In function &#39;void onDblClick(TS_Point)&#39;:
/home/ec2-user/arduino-testlib/cli-datadir/user/libraries/ExtendedTouchEvent/examples/ExtendedTouchEventDemo/ExtendedTouchEventDemo.ino:101:9: error: &#39;tevent&#39; was not declared in this scope
         tevent.setDrawMode(false);
         ^~~~~~
/home/ec2-user/arduino-testlib/cli-datadir/user/libraries/ExtendedTouchEvent/examples/ExtendedTouchEventDemo/ExtendedTouchEventDemo.ino:101:9: note: suggested alternative: &#39;dirent&#39;
         tevent.setDrawMode(false);
         ^~~~~~
         dirent
/home/ec2-user/arduino-testlib/cli-datadir/user/libraries/ExtendedTouchEvent/examples/ExtendedTouchEventDemo/ExtendedTouchEventDemo.ino: In function &#39;void setup()&#39;:
/home/ec2-user/arduino-testlib/cli-datadir/user/libraries/ExtendedTouchEvent/examples/ExtendedTouchEventDemo/ExtendedTouchEventDemo.ino:143:12: error: &#39;class arduino::UART&#39; has no member named &#39;printf&#39;; did you mean &#39;print&#39;?
     Serial.printf(&#34;w =%d,  h=%d\n&#34;, tft.width(), tft.height());
            ^~~~~~
            print
/home/ec2-user/arduino-testlib/cli-datadir/user/libraries/ExtendedTouchEvent/examples/ExtendedTouchEventDemo/ExtendedTouchEventDemo.ino:145:5: error: &#39;tevent&#39; was not declared in this scope
     tevent.setResolution(tft.width(), tft.height());
     ^~~~~~
/home/ec2-user/arduino-testlib/cli-datadir/user/libraries/ExtendedTouchEvent/examples/ExtendedTouchEventDemo/ExtendedTouchEventDemo.ino:145:5: note: suggested alternative: &#39;dirent&#39;
     tevent.setResolution(tft.width(), tft.height());
     ^~~~~~
     dirent
/home/ec2-user/arduino-testlib/cli-datadir/user/libraries/ExtendedTouchEvent/examples/ExtendedTouchEventDemo/ExtendedTouchEventDemo.ino:149:32: error: &#39;onWipe&#39; was not declared in this scope
     tevent.registerOnTouchWipe(onWipe);
                                ^~~~~~
/home/ec2-user/arduino-testlib/cli-datadir/user/libraries/ExtendedTouchEvent/examples/ExtendedTouchEventDemo/ExtendedTouchEventDemo.ino: In function &#39;void loop()&#39;:
/home/ec2-user/arduino-testlib/cli-datadir/user/libraries/ExtendedTouchEvent/examples/ExtendedTouchEventDemo/ExtendedTouchEventDemo.ino:162:5: error: &#39;tevent&#39; was not declared in this scope
     tevent.pollTouchScreen();
     ^~~~~~
/home/ec2-user/arduino-testlib/cli-datadir/user/libraries/ExtendedTouchEvent/examples/ExtendedTouchEventDemo/ExtendedTouchEventDemo.ino:162:5: note: suggested alternative: &#39;dirent&#39;
     tevent.pollTouchScreen();
     ^~~~~~
     dirent
Multiple libraries were found for &#34;XPT2046_Touchscreen.h&#34;
  Used: /home/ec2-user/arduino-testlib/cli-datadir/user/libraries/XPT2046_Touchscreen
  Not used: /home/ec2-user/arduino-testlib/cli-datadir/user/libraries/ThingPulse_XPT2046_Touch
</pre>
					
					<h4>examples/ExtendedTouchEventRotationDemo</h4>
					<p>
						Result: <b>FAIL</b>
					</p>
					<pre class="pre-scrollable">/home/ec2-user/arduino-testlib/cli-datadir/user/libraries/ExtendedTouchEvent/examples/ExtendedTouchEventRotationDemo/ExtendedTouchEventRotationDemo.ino:21:10: fatal error: esp_sleep.h: No such file or directory
 #include &#34;esp_sleep.h&#34;
          ^~~~~~~~~~~~~
compilation terminated.
Multiple libraries were found for &#34;XPT2046_Touchscreen.h&#34;
  Used: /home/ec2-user/arduino-testlib/cli-datadir/user/libraries/XPT2046_Touchscreen
  Not used: /home/ec2-user/arduino-testlib/cli-datadir/user/libraries/ThingPulse_XPT2046_Touch
</pre>
					
				
				<h3 id="arduino:megaavr:nona4809">arduino:megaavr:nona4809 @ 1.8.7</h3>
				<h4>Inclusion</h4>
				<p>
					Result: <b>FAIL</b>
					
				</p>
				<pre class="pre-scrollable">/home/ec2-user/arduino-testlib/cli-datadir/user/libraries/ExtendedTouchEvent/src/ExtendedTouchEvent.cpp:13:1: error: &#39;ExtendedTouchEvent&#39; does not name a type
 ExtendedTouchEvent::ExtendedTouchEvent(XPT2046_Touchscreen &amp;touch, Adafruit_GFX &amp;tft, int16_t black) :
 ^~~~~~~~~~~~~~~~~~
/home/ec2-user/arduino-testlib/cli-datadir/user/libraries/ExtendedTouchEvent/src/ExtendedTouchEvent.cpp:17:1: error: &#39;ExtendedTouchEvent&#39; does not name a type
 ExtendedTouchEvent::ExtendedTouchEvent(XPT2046_Touchscreen &amp;touch, Adafruit_GFX &amp;tft) : _touch(touch), _tft(tft) {}
 ^~~~~~~~~~~~~~~~~~
/home/ec2-user/arduino-testlib/cli-datadir/user/libraries/ExtendedTouchEvent/src/ExtendedTouchEvent.cpp:19:6: error: &#39;ExtendedTouchEvent&#39; has not been declared
 void ExtendedTouchEvent::setRotation(uint8_t n) {
      ^~~~~~~~~~~~~~~~~~
/home/ec2-user/arduino-testlib/cli-datadir/user/libraries/ExtendedTouchEvent/src/ExtendedTouchEvent.cpp: In function &#39;void setRotation(uint8_t)&#39;:
/home/ec2-user/arduino-testlib/cli-datadir/user/libraries/ExtendedTouchEvent/src/ExtendedTouchEvent.cpp:20:5: error: &#39;_touch&#39; was not declared in this scope
     _touch.setRotation(n);
     ^~~~~~
/home/ec2-user/arduino-testlib/cli-datadir/user/libraries/ExtendedTouchEvent/src/ExtendedTouchEvent.cpp:20:5: note: suggested alternative: &#39;struct&#39;
     _touch.setRotation(n);
     ^~~~~~
     struct
/home/ec2-user/arduino-testlib/cli-datadir/user/libraries/ExtendedTouchEvent/src/ExtendedTouchEvent.cpp:21:5: error: &#39;_tft&#39; was not declared in this scope
     _tft.setRotation(n);
     ^~~~
/home/ec2-user/arduino-testlib/cli-datadir/user/libraries/ExtendedTouchEvent/src/ExtendedTouchEvent.cpp: At global scope:
/home/ec2-user/arduino-testlib/cli-datadir/user/libraries/ExtendedTouchEvent/src/ExtendedTouchEvent.cpp:24:9: error: &#39;ExtendedTouchEvent&#39; has not been declared
 boolean ExtendedTouchEvent::isInRectangle(TS_Point p, int16_t x, int16_t y, int16_t w, int16_t h) {
         ^~~~~~~~~~~~~~~~~~
/home/ec2-user/arduino-testlib/cli-datadir/user/libraries/ExtendedTouchEvent/src/ExtendedTouchEvent.cpp:28:15: error: &#39;ExtendedTouchEvent&#39; has not been declared
 unsigned long ExtendedTouchEvent::lastTouchEventTime() {
               ^~~~~~~~~~~~~~~~~~
/home/ec2-user/arduino-testlib/cli-datadir/user/libraries/ExtendedTouchEvent/src/ExtendedTouchEvent.cpp: In function &#39;long unsigned int lastTouchEventTime()&#39;:
/home/ec2-user/arduino-testlib/cli-datadir/user/libraries/ExtendedTouchEvent/src/ExtendedTouchEvent.cpp:29:12: error: &#39;_lasttouch&#39; was not declared in this scope
     return _lasttouch;
            ^~~~~~~~~~
/home/ec2-user/arduino-testlib/cli-datadir/user/libraries/ExtendedTouchEvent/src/ExtendedTouchEvent.cpp: At global scope:
/home/ec2-user/arduino-testlib/cli-datadir/user/libraries/ExtendedTouchEvent/src/ExtendedTouchEvent.cpp:33:9: error: &#39;ExtendedTouchEvent&#39; has not been declared
 boolean ExtendedTouchEvent::isInCircle(TS_Point p, int16_t x, int16_t y, int16_t r) {
         ^~~~~~~~~~~~~~~~~~
/home/ec2-user/arduino-testlib/cli-datadir/user/libraries/ExtendedTouchEvent/src/ExtendedTouchEvent.cpp:38:9: error: &#39;ExtendedTouchEvent&#39; has not been declared
 boolean ExtendedTouchEvent::isInPolygon(TS_Point p, int16_t nvertices, int16_t vertices[][2]) {
         ^~~~~~~~~~~~~~~~~~
/home/ec2-user/arduino-testlib/cli-datadir/user/libraries/ExtendedTouchEvent/src/ExtendedTouchEvent.cpp:55:6: error: &#39;ExtendedTouchEvent&#39; has not been declared
 void ExtendedTouchEvent::pollTouchScreen() {
      ^~~~~~~~~~~~~~~~~~
/home/ec2-user/arduino-testlib/cli-datadir/user/libraries/ExtendedTouchEvent/src/ExtendedTouchEvent.cpp: In function &#39;void pollTouchScreen()&#39;:
/home/ec2-user/arduino-testlib/cli-datadir/user/libraries/ExtendedTouchEvent/src/ExtendedTouchEvent.cpp:60:9: error: &#39;_touch&#39; was not declared in this scope
     p = _touch.getPoint();
         ^~~~~~
/home/ec2-user/arduino-testlib/cli-datadir/user/libraries/ExtendedTouchEvent/src/ExtendedTouchEvent.cpp:60:9: note: suggested alternative: &#39;tch&#39;
     p = _touch.getPoint();
         ^~~~~~
         tch
/home/ec2-user/arduino-testlib/cli-datadir/user/libraries/ExtendedTouchEvent/src/ExtendedTouchEvent.cpp:61:18: error: &#39;_minPress&#39; was not declared in this scope
     tch = (p.z &gt; _minPress);
                  ^~~~~~~~~
/home/ec2-user/arduino-testlib/cli-datadir/user/libraries/ExtendedTouchEvent/src/ExtendedTouchEvent.cpp:65:16: error: &#39;_down&#39; was not declared in this scope
     if (tch &amp;&amp; _down) { //continous touch
                ^~~~~
/home/ec2-user/arduino-testlib/cli-datadir/user/libraries/ExtendedTouchEvent/src/ExtendedTouchEvent.cpp:66:15: error: &#39;toScreen&#39; was not declared in this scope
         scr = toScreen(p);
               ^~~~~~~~
In file included from /home/ec2-user/arduino-testlib/cli-datadir/data/packages/arduino/hardware/megaavr/1.8.7/cores/arduino/api/Interrupts.h:5:0,
                 from /home/ec2-user/arduino-testlib/cli-datadir/data/packages/arduino/hardware/megaavr/1.8.7/cores/arduino/api/ArduinoAPI.h:29,
                 from /home/ec2-user/arduino-testlib/cli-datadir/data/packages/arduino/hardware/megaavr/1.8.7/cores/arduino/Arduino.h:23,
                 from /home/ec2-user/arduino-testlib/cli-datadir/user/libraries/XPT2046_Touchscreen/XPT2046_Touchscreen.h:26,
                 from /home/ec2-user/arduino-testlib/cli-datadir/user/libraries/ExtendedTouchEvent/src/ExtendedTouchEvent.cpp:8:
/home/ec2-user/arduino-testlib/cli-datadir/user/libraries/ExtendedTouchEvent/src/ExtendedTouchEvent.cpp:68:18: error: &#39;_lastMove&#39; was not declared in this scope
         dx = abs(_lastMove.x - p.x);
                  ^
/home/ec2-user/arduino-testlib/cli-datadir/user/libraries/ExtendedTouchEvent/src/ExtendedTouchEvent.cpp:71:13: error: &#39;_drawMode&#39; was not declared in this scope
         if (_drawMode &amp;&amp; ((dx &gt; _moveth) || (dy &gt; _moveth))) { //movement?
             ^~~~~~~~~
/home/ec2-user/arduino-testlib/cli-datadir/user/libraries/ExtendedTouchEvent/src/ExtendedTouchEvent.cpp:71:33: error: &#39;_moveth&#39; was not declared in this scope
         if (_drawMode &amp;&amp; ((dx &gt; _moveth) || (dy &gt; _moveth))) { //movement?
                                 ^~~~~~~
/home/ec2-user/arduino-testlib/cli-datadir/user/libraries/ExtendedTouchEvent/src/ExtendedTouchEvent.cpp:72:23: error: &#39;_onTouchDraw&#39; was not declared in this scope
             fireEvent(_onTouchDraw, scr, EVENT::EVT_DRAW);
                       ^~~~~~~~~~~~
/home/ec2-user/arduino-testlib/cli-datadir/user/libraries/ExtendedTouchEvent/src/ExtendedTouchEvent.cpp:72:42: error: &#39;EVENT&#39; has not been declared
             fireEvent(_onTouchDraw, scr, EVENT::EVT_DRAW);
                                          ^~~~~
/home/ec2-user/arduino-testlib/cli-datadir/user/libraries/ExtendedTouchEvent/src/ExtendedTouchEvent.cpp:72:13: error: &#39;fireEvent&#39; was not declared in this scope
             fireEvent(_onTouchDraw, scr, EVENT::EVT_DRAW);
             ^~~~~~~~~
/home/ec2-user/arduino-testlib/cli-datadir/user/libraries/ExtendedTouchEvent/src/ExtendedTouchEvent.cpp:72:13: note: suggested alternative: &#39;freopen&#39;
             fireEvent(_onTouchDraw, scr, EVENT::EVT_DRAW);
             ^~~~~~~~~
             freopen
/home/ec2-user/arduino-testlib/cli-datadir/user/libraries/ExtendedTouchEvent/src/ExtendedTouchEvent.cpp:74:21: error: &#39;_begin&#39; was not declared in this scope
         if (((now - _begin) &gt; _clickLong) &amp;&amp; (!_long)) {
                     ^~~~~~
/home/ec2-user/arduino-testlib/cli-datadir/user/libraries/ExtendedTouchEvent/src/ExtendedTouchEvent.cpp:74:31: error: &#39;_clickLong&#39; was not declared in this scope
         if (((now - _begin) &gt; _clickLong) &amp;&amp; (!_long)) {
                               ^~~~~~~~~~
/home/ec2-user/arduino-testlib/cli-datadir/user/libraries/ExtendedTouchEvent/src/ExtendedTouchEvent.cpp:74:48: error: &#39;_long&#39; was not declared in this scope
         if (((now - _begin) &gt; _clickLong) &amp;&amp; (!_long)) {
                                                ^~~~~
/home/ec2-user/arduino-testlib/cli-datadir/user/libraries/ExtendedTouchEvent/src/ExtendedTouchEvent.cpp:74:48: note: suggested alternative: &#39;long&#39;
         if (((now - _begin) &gt; _clickLong) &amp;&amp; (!_long)) {
                                                ^~~~~
                                                long
/home/ec2-user/arduino-testlib/cli-datadir/user/libraries/ExtendedTouchEvent/src/ExtendedTouchEvent.cpp:75:23: error: &#39;_onTouchLong&#39; was not declared in this scope
             fireEvent(_onTouchLong, scr, EVENT::EVT_LONG);
                       ^~~~~~~~~~~~
/home/ec2-user/arduino-testlib/cli-datadir/user/libraries/ExtendedTouchEvent/src/ExtendedTouchEvent.cpp:75:42: error: &#39;EVENT&#39; has not been declared
             fireEvent(_onTouchLong, scr, EVENT::EVT_LONG);
                                          ^~~~~
/home/ec2-user/arduino-testlib/cli-datadir/user/libraries/ExtendedTouchEvent/src/ExtendedTouchEvent.cpp:75:13: error: &#39;fireEvent&#39; was not declared in this scope
             fireEvent(_onTouchLong, scr, EVENT::EVT_LONG);
             ^~~~~~~~~
/home/ec2-user/arduino-testlib/cli-datadir/user/libraries/ExtendedTouchEvent/src/ExtendedTouchEvent.cpp:75:13: note: suggested alternative: &#39;freopen&#39;
             fireEvent(_onTouchLong, scr, EVENT::EVT_LONG);
             ^~~~~~~~~
             freopen
/home/ec2-user/arduino-testlib/cli-datadir/user/libraries/ExtendedTouchEvent/src/ExtendedTouchEvent.cpp:80:15: error: &#39;toScreen&#39; was not declared in this scope
         scr = toScreen(p);
               ^~~~~~~~
/home/ec2-user/arduino-testlib/cli-datadir/user/libraries/ExtendedTouchEvent/src/ExtendedTouchEvent.cpp:81:9: error: &#39;_start&#39; was not declared in this scope
         _start = p;
         ^~~~~~
/home/ec2-user/arduino-testlib/cli-datadir/user/libraries/ExtendedTouchEvent/src/ExtendedTouchEvent.cpp:81:9: note: suggested alternative: &#39;va_start&#39;
         _start = p;
         ^~~~~~
         va_start
/home/ec2-user/arduino-testlib/cli-datadir/user/libraries/ExtendedTouchEvent/src/ExtendedTouchEvent.cpp:82:9: error: &#39;_lastMove&#39; was not decla</pre>

					
					<h4>examples/ExtendedTouchEventDemo</h4>
					<p>
						Result: <b>FAIL</b>
					</p>
					<pre class="pre-scrollable">/home/ec2-user/arduino-testlib/cli-datadir/user/libraries/ExtendedTouchEvent/examples/ExtendedTouchEventDemo/ExtendedTouchEventDemo.ino:42:1: error: &#39;ExtendedTouchEvent&#39; does not name a type
 ExtendedTouchEvent tevent(touch, tft);
 ^~~~~~~~~~~~~~~~~~
/home/ec2-user/arduino-testlib/cli-datadir/user/libraries/ExtendedTouchEvent/examples/ExtendedTouchEventDemo/ExtendedTouchEventDemo.ino:61:13: error: variable or field &#39;onWipe&#39; declared void
 void onWipe(WIPE_DIRECTION dir) {
             ^~~~~~~~~~~~~~
/home/ec2-user/arduino-testlib/cli-datadir/user/libraries/ExtendedTouchEvent/examples/ExtendedTouchEventDemo/ExtendedTouchEventDemo.ino:61:13: error: &#39;WIPE_DIRECTION&#39; was not declared in this scope
/home/ec2-user/arduino-testlib/cli-datadir/user/libraries/ExtendedTouchEvent/examples/ExtendedTouchEventDemo/ExtendedTouchEventDemo.ino:61:13: note: suggested alternative: &#39;REQUEST_DIRECTION&#39;
 void onWipe(WIPE_DIRECTION dir) {
             ^~~~~~~~~~~~~~
             REQUEST_DIRECTION
/home/ec2-user/arduino-testlib/cli-datadir/user/libraries/ExtendedTouchEvent/examples/ExtendedTouchEventDemo/ExtendedTouchEventDemo.ino:61:13: error: variable or field &#39;onWipe&#39; declared void
 void onWipe(WIPE_DIRECTION dir) {
             ^~~~~~~~~~~~~~
/home/ec2-user/arduino-testlib/cli-datadir/user/libraries/ExtendedTouchEvent/examples/ExtendedTouchEventDemo/ExtendedTouchEventDemo.ino:61:13: error: &#39;WIPE_DIRECTION&#39; was not declared in this scope
/home/ec2-user/arduino-testlib/cli-datadir/user/libraries/ExtendedTouchEvent/examples/ExtendedTouchEventDemo/ExtendedTouchEventDemo.ino:61:13: note: suggested alternative: &#39;REQUEST_DIRECTION&#39;
 void onWipe(WIPE_DIRECTION dir) {
             ^~~~~~~~~~~~~~
             REQUEST_DIRECTION
/home/ec2-user/arduino-testlib/cli-datadir/user/libraries/ExtendedTouchEvent/examples/ExtendedTouchEventDemo/ExtendedTouchEventDemo.ino: In function &#39;void onDblClick(TS_Point)&#39;:
/home/ec2-user/arduino-testlib/cli-datadir/user/libraries/ExtendedTouchEvent/examples/ExtendedTouchEventDemo/ExtendedTouchEventDemo.ino:101:9: error: &#39;tevent&#39; was not declared in this scope
         tevent.setDrawMode(false);
         ^~~~~~
/home/ec2-user/arduino-testlib/cli-datadir/user/libraries/ExtendedTouchEvent/examples/ExtendedTouchEventDemo/ExtendedTouchEventDemo.ino:101:9: note: suggested alternative: &#39;getenv&#39;
         tevent.setDrawMode(false);
         ^~~~~~
         getenv
/home/ec2-user/arduino-testlib/cli-datadir/user/libraries/ExtendedTouchEvent/examples/ExtendedTouchEventDemo/ExtendedTouchEventDemo.ino: In function &#39;void setup()&#39;:
/home/ec2-user/arduino-testlib/cli-datadir/user/libraries/ExtendedTouchEvent/examples/ExtendedTouchEventDemo/ExtendedTouchEventDemo.ino:143:12: error: &#39;class UartClass&#39; has no member named &#39;printf&#39;; did you mean &#39;print&#39;?
     Serial.printf(&#34;w =%d,  h=%d\n&#34;, tft.width(), tft.height());
            ^~~~~~
            print
/home/ec2-user/arduino-testlib/cli-datadir/user/libraries/ExtendedTouchEvent/examples/ExtendedTouchEventDemo/ExtendedTouchEventDemo.ino:145:5: error: &#39;tevent&#39; was not declared in this scope
     tevent.setResolution(tft.width(), tft.height());
     ^~~~~~
/home/ec2-user/arduino-testlib/cli-datadir/user/libraries/ExtendedTouchEvent/examples/ExtendedTouchEventDemo/ExtendedTouchEventDemo.ino:145:5: note: suggested alternative: &#39;getenv&#39;
     tevent.setResolution(tft.width(), tft.height());
     ^~~~~~
     getenv
/home/ec2-user/arduino-testlib/cli-datadir/user/libraries/ExtendedTouchEvent/examples/ExtendedTouchEventDemo/ExtendedTouchEventDemo.ino:149:32: error: &#39;onWipe&#39; was not declared in this scope
     tevent.registerOnTouchWipe(onWipe);
                                ^~~~~~
/home/ec2-user/arduino-testlib/cli-datadir/user/libraries/ExtendedTouchEvent/examples/ExtendedTouchEventDemo/ExtendedTouchEventDemo.ino: In function &#39;void loop()&#39;:
/home/ec2-user/arduino-testlib/cli-datadir/user/libraries/ExtendedTouchEvent/examples/ExtendedTouchEventDemo/ExtendedTouchEventDemo.ino:162:5: error: &#39;tevent&#39; was not declared in this scope
     tevent.pollTouchScreen();
     ^~~~~~
/home/ec2-user/arduino-testlib/cli-datadir/user/libraries/ExtendedTouchEvent/examples/ExtendedTouchEventDemo/ExtendedTouchEventDemo.ino:162:5: note: suggested alternative: &#39;getenv&#39;
     tevent.pollTouchScreen();
     ^~~~~~
     getenv
Multiple libraries were found for &#34;XPT2046_Touchscreen.h&#34;
  Used: /home/ec2-user/arduino-testlib/cli-datadir/user/libraries/XPT2046_Touchscreen
  Not used: /home/ec2-user/arduino-testlib/cli-datadir/user/libraries/ThingPulse_XPT2046_Touch
</pre>
					
					<h4>examples/ExtendedTouchEventRotationDemo</h4>
					<p>
						Result: <b>FAIL</b>
					</p>
					<pre class="pre-scrollable">/home/ec2-user/arduino-testlib/cli-datadir/user/libraries/ExtendedTouchEvent/examples/ExtendedTouchEventRotationDemo/ExtendedTouchEventRotationDemo.ino:21:10: fatal error: esp_sleep.h: No such file or directory
 #include &#34;esp_sleep.h&#34;
          ^~~~~~~~~~~~~
compilation terminated.
Multiple libraries were found for &#34;XPT2046_Touchscreen.h&#34;
  Used: /home/ec2-user/arduino-testlib/cli-datadir/user/libraries/XPT2046_Touchscreen
  Not used: /home/ec2-user/arduino-testlib/cli-datadir/user/libraries/ThingPulse_XPT2046_Touch
</pre>
					
				
				<h3 id="arduino:samd:mkrwifi1010">arduino:samd:mkrwifi1010 @ 1.8.12</h3>
				<h4>Inclusion</h4>
				<p>
					Result: <b>FAIL</b>
					
				</p>
				<pre class="pre-scrollable">/home/ec2-user/arduino-testlib/cli-datadir/user/libraries/ExtendedTouchEvent/src/ExtendedTouchEvent.cpp:13:1: error: &#39;ExtendedTouchEvent&#39; does not name a type
 ExtendedTouchEvent::ExtendedTouchEvent(XPT2046_Touchscreen &amp;touch, Adafruit_GFX &amp;tft, int16_t black) :
 ^~~~~~~~~~~~~~~~~~
/home/ec2-user/arduino-testlib/cli-datadir/user/libraries/ExtendedTouchEvent/src/ExtendedTouchEvent.cpp:17:1: error: &#39;ExtendedTouchEvent&#39; does not name a type
 ExtendedTouchEvent::ExtendedTouchEvent(XPT2046_Touchscreen &amp;touch, Adafruit_GFX &amp;tft) : _touch(touch), _tft(tft) {}
 ^~~~~~~~~~~~~~~~~~
/home/ec2-user/arduino-testlib/cli-datadir/user/libraries/ExtendedTouchEvent/src/ExtendedTouchEvent.cpp:19:6: error: &#39;ExtendedTouchEvent&#39; has not been declared
 void ExtendedTouchEvent::setRotation(uint8_t n) {
      ^~~~~~~~~~~~~~~~~~
/home/ec2-user/arduino-testlib/cli-datadir/user/libraries/ExtendedTouchEvent/src/ExtendedTouchEvent.cpp: In function &#39;void setRotation(uint8_t)&#39;:
/home/ec2-user/arduino-testlib/cli-datadir/user/libraries/ExtendedTouchEvent/src/ExtendedTouchEvent.cpp:20:5: error: &#39;_touch&#39; was not declared in this scope
     _touch.setRotation(n);
     ^~~~~~
/home/ec2-user/arduino-testlib/cli-datadir/user/libraries/ExtendedTouchEvent/src/ExtendedTouchEvent.cpp:20:5: note: suggested alternative: &#39;struct&#39;
     _touch.setRotation(n);
     ^~~~~~
     struct
/home/ec2-user/arduino-testlib/cli-datadir/user/libraries/ExtendedTouchEvent/src/ExtendedTouchEvent.cpp:21:5: error: &#39;_tft&#39; was not declared in this scope
     _tft.setRotation(n);
     ^~~~
/home/ec2-user/arduino-testlib/cli-datadir/user/libraries/ExtendedTouchEvent/src/ExtendedTouchEvent.cpp: At global scope:
/home/ec2-user/arduino-testlib/cli-datadir/user/libraries/ExtendedTouchEvent/src/ExtendedTouchEvent.cpp:24:9: error: &#39;ExtendedTouchEvent&#39; has not been declared
 boolean ExtendedTouchEvent::isInRectangle(TS_Point p, int16_t x, int16_t y, int16_t w, int16_t h) {
         ^~~~~~~~~~~~~~~~~~
/home/ec2-user/arduino-testlib/cli-datadir/user/libraries/ExtendedTouchEvent/src/ExtendedTouchEvent.cpp:28:15: error: &#39;ExtendedTouchEvent&#39; has not been declared
 unsigned long ExtendedTouchEvent::lastTouchEventTime() {
               ^~~~~~~~~~~~~~~~~~
/home/ec2-user/arduino-testlib/cli-datadir/user/libraries/ExtendedTouchEvent/src/ExtendedTouchEvent.cpp: In function &#39;long unsigned int lastTouchEventTime()&#39;:
/home/ec2-user/arduino-testlib/cli-datadir/user/libraries/ExtendedTouchEvent/src/ExtendedTouchEvent.cpp:29:12: error: &#39;_lasttouch&#39; was not declared in this scope
     return _lasttouch;
            ^~~~~~~~~~
/home/ec2-user/arduino-testlib/cli-datadir/user/libraries/ExtendedTouchEvent/src/ExtendedTouchEvent.cpp: At global scope:
/home/ec2-user/arduino-testlib/cli-datadir/user/libraries/ExtendedTouchEvent/src/ExtendedTouchEvent.cpp:33:9: error: &#39;ExtendedTouchEvent&#39; has not been declared
 boolean ExtendedTouchEvent::isInCircle(TS_Point p, int16_t x, int16_t y, int16_t r) {
         ^~~~~~~~~~~~~~~~~~
/home/ec2-user/arduino-testlib/cli-datadir/user/libraries/ExtendedTouchEvent/src/ExtendedTouchEvent.cpp:38:9: error: &#39;ExtendedTouchEvent&#39; has not been declared
 boolean ExtendedTouchEvent::isInPolygon(TS_Point p, int16_t nvertices, int16_t vertices[][2]) {
         ^~~~~~~~~~~~~~~~~~
/home/ec2-user/arduino-testlib/cli-datadir/user/libraries/ExtendedTouchEvent/src/ExtendedTouchEvent.cpp:55:6: error: &#39;ExtendedTouchEvent&#39; has not been declared
 void ExtendedTouchEvent::pollTouchScreen() {
      ^~~~~~~~~~~~~~~~~~
/home/ec2-user/arduino-testlib/cli-datadir/user/libraries/ExtendedTouchEvent/src/ExtendedTouchEvent.cpp: In function &#39;void pollTouchScreen()&#39;:
/home/ec2-user/arduino-testlib/cli-datadir/user/libraries/ExtendedTouchEvent/src/ExtendedTouchEvent.cpp:60:9: error: &#39;_touch&#39; was not declared in this scope
     p = _touch.getPoint();
         ^~~~~~
/home/ec2-user/arduino-testlib/cli-datadir/user/libraries/ExtendedTouchEvent/src/ExtendedTouchEvent.cpp:60:9: note: suggested alternative: &#39;tch&#39;
     p = _touch.getPoint();
         ^~~~~~
         tch
/home/ec2-user/arduino-testlib/cli-datadir/user/libraries/ExtendedTouchEvent/src/ExtendedTouchEvent.cpp:61:18: error: &#39;_minPress&#39; was not declared in this scope
     tch = (p.z &gt; _minPress);
                  ^~~~~~~~~
/home/ec2-user/arduino-testlib/cli-datadir/user/libraries/ExtendedTouchEvent/src/ExtendedTouchEvent.cpp:65:16: error: &#39;_down&#39; was not declared in this scope
     if (tch &amp;&amp; _down) { //continous touch
                ^~~~~
/home/ec2-user/arduino-testlib/cli-datadir/user/libraries/ExtendedTouchEvent/src/ExtendedTouchEvent.cpp:66:15: error: &#39;toScreen&#39; was not declared in this scope
         scr = toScreen(p);
               ^~~~~~~~
In file included from /home/ec2-user/arduino-testlib/cli-datadir/user/libraries/XPT2046_Touchscreen/XPT2046_Touchscreen.h:26:0,
                 from /home/ec2-user/arduino-testlib/cli-datadir/user/libraries/ExtendedTouchEvent/src/ExtendedTouchEvent.cpp:8:
/home/ec2-user/arduino-testlib/cli-datadir/user/libraries/ExtendedTouchEvent/src/ExtendedTouchEvent.cpp:68:18: error: &#39;_lastMove&#39; was not declared in this scope
         dx = abs(_lastMove.x - p.x);
                  ^
/home/ec2-user/arduino-testlib/cli-datadir/data/packages/arduino/hardware/samd/1.8.12/cores/arduino/Arduino.h:66:18: note: in definition of macro &#39;abs&#39;
 #define abs(x) ((x)&gt;0?(x):-(x))
                  ^
/home/ec2-user/arduino-testlib/cli-datadir/user/libraries/ExtendedTouchEvent/src/ExtendedTouchEvent.cpp:71:13: error: &#39;_drawMode&#39; was not declared in this scope
         if (_drawMode &amp;&amp; ((dx &gt; _moveth) || (dy &gt; _moveth))) { //movement?
             ^~~~~~~~~
/home/ec2-user/arduino-testlib/cli-datadir/user/libraries/ExtendedTouchEvent/src/ExtendedTouchEvent.cpp:71:33: error: &#39;_moveth&#39; was not declared in this scope
         if (_drawMode &amp;&amp; ((dx &gt; _moveth) || (dy &gt; _moveth))) { //movement?
                                 ^~~~~~~
/home/ec2-user/arduino-testlib/cli-datadir/user/libraries/ExtendedTouchEvent/src/ExtendedTouchEvent.cpp:71:33: note: suggested alternative: &#39;_remove_r&#39;
         if (_drawMode &amp;&amp; ((dx &gt; _moveth) || (dy &gt; _moveth))) { //movement?
                                 ^~~~~~~
                                 _remove_r
/home/ec2-user/arduino-testlib/cli-datadir/user/libraries/ExtendedTouchEvent/src/ExtendedTouchEvent.cpp:72:23: error: &#39;_onTouchDraw&#39; was not declared in this scope
             fireEvent(_onTouchDraw, scr, EVENT::EVT_DRAW);
                       ^~~~~~~~~~~~
/home/ec2-user/arduino-testlib/cli-datadir/user/libraries/ExtendedTouchEvent/src/ExtendedTouchEvent.cpp:72:42: error: &#39;EVENT&#39; has not been declared
             fireEvent(_onTouchDraw, scr, EVENT::EVT_DRAW);
                                          ^~~~~
/home/ec2-user/arduino-testlib/cli-datadir/user/libraries/ExtendedTouchEvent/src/ExtendedTouchEvent.cpp:72:13: error: &#39;fireEvent&#39; was not declared in this scope
             fireEvent(_onTouchDraw, scr, EVENT::EVT_DRAW);
             ^~~~~~~~~
/home/ec2-user/arduino-testlib/cli-datadir/user/libraries/ExtendedTouchEvent/src/ExtendedTouchEvent.cpp:72:13: note: suggested alternative: &#39;freopen&#39;
             fireEvent(_onTouchDraw, scr, EVENT::EVT_DRAW);
             ^~~~~~~~~
             freopen
/home/ec2-user/arduino-testlib/cli-datadir/user/libraries/ExtendedTouchEvent/src/ExtendedTouchEvent.cpp:74:21: error: &#39;_begin&#39; was not declared in this scope
         if (((now - _begin) &gt; _clickLong) &amp;&amp; (!_long)) {
                     ^~~~~~
/home/ec2-user/arduino-testlib/cli-datadir/user/libraries/ExtendedTouchEvent/src/ExtendedTouchEvent.cpp:74:21: note: suggested alternative: &#39;_Bigint&#39;
         if (((now - _begin) &gt; _clickLong) &amp;&amp; (!_long)) {
                     ^~~~~~
                     _Bigint
/home/ec2-user/arduino-testlib/cli-datadir/user/libraries/ExtendedTouchEvent/src/ExtendedTouchEvent.cpp:74:31: error: &#39;_clickLong&#39; was not declared in this scope
         if (((now - _begin) &gt; _clickLong) &amp;&amp; (!_long)) {
                               ^~~~~~~~~~
/home/ec2-user/arduino-testlib/cli-datadir/user/libraries/ExtendedTouchEvent/src/ExtendedTouchEvent.cpp:74:31: note: suggested alternative: &#39;__ULong&#39;
         if (((now - _begin) &gt; _clickLong) &amp;&amp; (!_long)) {
                               ^~~~~~~~~~
                               __ULong
/home/ec2-user/arduino-testlib/cli-datadir/user/libraries/ExtendedTouchEvent/src/ExtendedTouchEvent.cpp:74:48: error: &#39;_long&#39; was not declared in this scope
         if (((now - _begin) &gt; _clickLong) &amp;&amp; (!_long)) {
                                                ^~~~~
/home/ec2-user/arduino-testlib/cli-datadir/user/libraries/ExtendedTouchEvent/src/ExtendedTouchEvent.cpp:74:48: note: suggested alternative: &#39;ulong&#39;
         if (((now - _begin) &gt; _clickLong) &amp;&amp; (!_long)) {
                                                ^~~~~
                                                ulong
/home/ec2-user/arduino-testlib/cli-datadir/user/libraries/ExtendedTouchEvent/src/ExtendedTouchEvent.cpp:75:23: error: &#39;_onTouchLong&#39; was not declared in this scope
             fireEvent(_onTouchLong, scr, EVENT::EVT_LONG);
                       ^~~~~~~~~~~~
/home/ec2-user/arduino-testlib/cli-datadir/user/libraries/ExtendedTouchEvent/src/ExtendedTouchEvent.cpp:75:42: error: &#39;EVENT&#39; has not been declared
             fireEvent(_onTouchLong, scr, EVENT::EVT_LONG);
                                          ^~~~~
/home/ec2-user/arduino-testlib/cli-datadir/user/libraries/ExtendedTouchEvent/src/ExtendedTouchEvent.cpp:75:13: error: &#39;fireEvent&#39; was not declared in this scope
             fireEvent(_onTouchLong, scr, EVENT::EVT_LONG);
             ^~~~~~~~~
/home/ec2-user/arduino-testlib/cli-datadir/user/libraries/ExtendedTouchEvent/src/ExtendedTouchEvent.cpp:75:13: note: suggested alternative: &#39;freopen&#39;
             fireEvent(_onTouchLong, scr, EVENT::EVT_LONG);
             ^~~~~~~~~
             freopen
/home/ec2-user/arduino-testlib/cli-datadir/user/libraries/ExtendedTouchEvent/src/ExtendedTouchEvent.cpp:80:</pre>

					
					<h4>examples/ExtendedTouchEventDemo</h4>
					<p>
						Result: <b>FAIL</b>
					</p>
					<pre class="pre-scrollable">/home/ec2-user/arduino-testlib/cli-datadir/user/libraries/ExtendedTouchEvent/examples/ExtendedTouchEventDemo/ExtendedTouchEventDemo.ino:42:1: error: &#39;ExtendedTouchEvent&#39; does not name a type
 ExtendedTouchEvent tevent(touch, tft);
 ^~~~~~~~~~~~~~~~~~
/home/ec2-user/arduino-testlib/cli-datadir/user/libraries/ExtendedTouchEvent/examples/ExtendedTouchEventDemo/ExtendedTouchEventDemo.ino:61:13: error: variable or field &#39;onWipe&#39; declared void
 void onWipe(WIPE_DIRECTION dir) {
             ^~~~~~~~~~~~~~
/home/ec2-user/arduino-testlib/cli-datadir/user/libraries/ExtendedTouchEvent/examples/ExtendedTouchEventDemo/ExtendedTouchEventDemo.ino:61:13: error: &#39;WIPE_DIRECTION&#39; was not declared in this scope
/home/ec2-user/arduino-testlib/cli-datadir/user/libraries/ExtendedTouchEvent/examples/ExtendedTouchEventDemo/ExtendedTouchEventDemo.ino:61:13: note: suggested alternative: &#39;REQUEST_DIRECTION&#39;
 void onWipe(WIPE_DIRECTION dir) {
             ^~~~~~~~~~~~~~
             REQUEST_DIRECTION
/home/ec2-user/arduino-testlib/cli-datadir/user/libraries/ExtendedTouchEvent/examples/ExtendedTouchEventDemo/ExtendedTouchEventDemo.ino:61:13: error: variable or field &#39;onWipe&#39; declared void
 void onWipe(WIPE_DIRECTION dir) {
             ^~~~~~~~~~~~~~
/home/ec2-user/arduino-testlib/cli-datadir/user/libraries/ExtendedTouchEvent/examples/ExtendedTouchEventDemo/ExtendedTouchEventDemo.ino:61:13: error: &#39;WIPE_DIRECTION&#39; was not declared in this scope
/home/ec2-user/arduino-testlib/cli-datadir/user/libraries/ExtendedTouchEvent/examples/ExtendedTouchEventDemo/ExtendedTouchEventDemo.ino:61:13: note: suggested alternative: &#39;REQUEST_DIRECTION&#39;
 void onWipe(WIPE_DIRECTION dir) {
             ^~~~~~~~~~~~~~
             REQUEST_DIRECTION
/home/ec2-user/arduino-testlib/cli-datadir/user/libraries/ExtendedTouchEvent/examples/ExtendedTouchEventDemo/ExtendedTouchEventDemo.ino: In function &#39;void onDblClick(TS_Point)&#39;:
/home/ec2-user/arduino-testlib/cli-datadir/user/libraries/ExtendedTouchEvent/examples/ExtendedTouchEventDemo/ExtendedTouchEventDemo.ino:101:9: error: &#39;tevent&#39; was not declared in this scope
         tevent.setDrawMode(false);
         ^~~~~~
/home/ec2-user/arduino-testlib/cli-datadir/user/libraries/ExtendedTouchEvent/examples/ExtendedTouchEventDemo/ExtendedTouchEventDemo.ino:101:9: note: suggested alternative: &#39;dev_t&#39;
         tevent.setDrawMode(false);
         ^~~~~~
         dev_t
/home/ec2-user/arduino-testlib/cli-datadir/user/libraries/ExtendedTouchEvent/examples/ExtendedTouchEventDemo/ExtendedTouchEventDemo.ino: In function &#39;void setup()&#39;:
/home/ec2-user/arduino-testlib/cli-datadir/user/libraries/ExtendedTouchEvent/examples/ExtendedTouchEventDemo/ExtendedTouchEventDemo.ino:143:12: error: &#39;class Serial_&#39; has no member named &#39;printf&#39;; did you mean &#39;print&#39;?
     Serial.printf(&#34;w =%d,  h=%d\n&#34;, tft.width(), tft.height());
            ^~~~~~
            print
/home/ec2-user/arduino-testlib/cli-datadir/user/libraries/ExtendedTouchEvent/examples/ExtendedTouchEventDemo/ExtendedTouchEventDemo.ino:145:5: error: &#39;tevent&#39; was not declared in this scope
     tevent.setResolution(tft.width(), tft.height());
     ^~~~~~
/home/ec2-user/arduino-testlib/cli-datadir/user/libraries/ExtendedTouchEvent/examples/ExtendedTouchEventDemo/ExtendedTouchEventDemo.ino:145:5: note: suggested alternative: &#39;dev_t&#39;
     tevent.setResolution(tft.width(), tft.height());
     ^~~~~~
     dev_t
/home/ec2-user/arduino-testlib/cli-datadir/user/libraries/ExtendedTouchEvent/examples/ExtendedTouchEventDemo/ExtendedTouchEventDemo.ino:149:32: error: &#39;onWipe&#39; was not declared in this scope
     tevent.registerOnTouchWipe(onWipe);
                                ^~~~~~
/home/ec2-user/arduino-testlib/cli-datadir/user/libraries/ExtendedTouchEvent/examples/ExtendedTouchEventDemo/ExtendedTouchEventDemo.ino: In function &#39;void loop()&#39;:
/home/ec2-user/arduino-testlib/cli-datadir/user/libraries/ExtendedTouchEvent/examples/ExtendedTouchEventDemo/ExtendedTouchEventDemo.ino:162:5: error: &#39;tevent&#39; was not declared in this scope
     tevent.pollTouchScreen();
     ^~~~~~
/home/ec2-user/arduino-testlib/cli-datadir/user/libraries/ExtendedTouchEvent/examples/ExtendedTouchEventDemo/ExtendedTouchEventDemo.ino:162:5: note: suggested alternative: &#39;dev_t&#39;
     tevent.pollTouchScreen();
     ^~~~~~
     dev_t
Multiple libraries were found for &#34;XPT2046_Touchscreen.h&#34;
  Used: /home/ec2-user/arduino-testlib/cli-datadir/user/libraries/XPT2046_Touchscreen
  Not used: /home/ec2-user/arduino-testlib/cli-datadir/user/libraries/ThingPulse_XPT2046_Touch
</pre>
					
					<h4>examples/ExtendedTouchEventRotationDemo</h4>
					<p>
						Result: <b>FAIL</b>
					</p>
					<pre class="pre-scrollable">/home/ec2-user/arduino-testlib/cli-datadir/user/libraries/ExtendedTouchEvent/examples/ExtendedTouchEventRotationDemo/ExtendedTouchEventRotationDemo.ino:21:10: fatal error: esp_sleep.h: No such file or directory
 #include &#34;esp_sleep.h&#34;
          ^~~~~~~~~~~~~
compilation terminated.
Multiple libraries were found for &#34;XPT2046_Touchscreen.h&#34;
  Used: /home/ec2-user/arduino-testlib/cli-datadir/user/libraries/XPT2046_Touchscreen
  Not used: /home/ec2-user/arduino-testlib/cli-datadir/user/libraries/ThingPulse_XPT2046_Touch
</pre>
					
				
				<h3 id="esp32:esp32:d1_mini32">esp32:esp32:d1_mini32 @ 1.0.6</h3>
				<h4>Inclusion</h4>
				<p>
					Result: <b>FAIL</b>
					
				</p>
				<pre class="pre-scrollable">&lt;built-in&gt;: fatal error: when writing output to /tmp/arduino-sketch-4E5EA9BCA509FC38DB3A105BF4E707B4/preproc/ctags_target_for_gcc_minus_e.cpp: No space left on device
compilation terminated.
Multiple libraries were found for &#34;XPT2046_Touchscreen.h&#34;
  Used: /home/ec2-user/arduino-testlib/cli-datadir/user/libraries/XPT2046_Touchscreen
  Not used: /home/ec2-user/arduino-testlib/cli-datadir/user/libraries/ThingPulse_XPT2046_Touch
</pre>

					
					<h4>examples/ExtendedTouchEventDemo</h4>
					<p>
						Result: <b>FAIL</b>
					</p>
					<pre class="pre-scrollable">&lt;built-in&gt;: fatal error: when writing output to /tmp/arduino-sketch-F7DAE60042E170134EDD345441E268CA/preproc/ctags_target_for_gcc_minus_e.cpp: No space left on device
compilation terminated.
Multiple libraries were found for &#34;XPT2046_Touchscreen.h&#34;
  Used: /home/ec2-user/arduino-testlib/cli-datadir/user/libraries/XPT2046_Touchscreen
  Not used: /home/ec2-user/arduino-testlib/cli-datadir/user/libraries/ThingPulse_XPT2046_Touch
</pre>
					
					<h4>examples/ExtendedTouchEventRotationDemo</h4>
					<p>
						Result: <b>FAIL</b>
					</p>
					<pre class="pre-scrollable">&lt;built-in&gt;: fatal error: when writing output to /tmp/arduino-sketch-AEA3F037A987428FA7E8D34712646733/preproc/ctags_target_for_gcc_minus_e.cpp: No space left on device
compilation terminated.
Multiple libraries were found for &#34;XPT2046_Touchscreen.h&#34;
  Used: /home/ec2-user/arduino-testlib/cli-datadir/user/libraries/XPT2046_Touchscreen
  Not used: /home/ec2-user/arduino-testlib/cli-datadir/user/libraries/ThingPulse_XPT2046_Touch
</pre>
					
				
			</div>
		</div>
	</div>
  </body>
</html>
