
<!doctype html>
<html lang="en">
  <head>
    <meta charset="utf-8">
    <meta name="viewport" content="width=device-width, initial-scale=1">
    <link href="https://cdn.jsdelivr.net/npm/bootstrap@5.0.2/dist/css/bootstrap.min.css" rel="stylesheet" integrity="sha384-EVSTQN3/azprG1Anm3QDgpJLIm9Nao0Yz1ztcQTwFspd3yD65VohhpuuCOmLASjC" crossorigin="anonymous">
    <title>arduino-testlib report</title>
	<style>
	.pass { background-color: #00FF00 !important; }
	.fail { background-color: #FF0000 !important; }
	</style>
  </head>
  <body>
	<div class="container">
		<div class="row">
			<div class="col">
				<h1>ExtFlashLoader - compatibility matrix</h1>
				<p>
					<small>This report was generated on Monday, 21-Feb-22 12:00:25 CET using 
					<a href="https://github.com/alranel/arduino-testlib">arduino-testlib</a>.</small>
				</p>

				<h2>ExtFlashLoader</h2>
				<p>
					Version: <b>0.1.2</b>
					<br />
					<a href="https://www.arduino.cc/reference/en/libraries/extflashloader/">More details</a>
				</p>

				<h2>Compatibility matrix</h2>
				<table class="table table-bordered">
					<tr>
						<th>Board</th>
						<th>Claims compatibility</th>
						<th>Inclusion</th>
						
						<th><pre>WriteSampleMenu</pre></th>
						
						<th><pre>DownloadFromSerial</pre></th>
						
						<th><pre>LaunchExtFlash</pre></th>
						
					</tr>
					
					<tr>
						<td>
							<a href="#arduino%3aavr%3auno"><b>arduino:avr:uno</b></a>
							<br />
							<small>1.8.4</small>
						</td>

						
						
						
						
							<td>No</td>
							<td class="fail">FAIL</td>
						

						
							
								
									
										
									
										
									
										
											
											<td class="fail">FAIL</td>
										
									
								
							
								
							
								
							
								
							
								
							
						
							
								
									
										
											
											<td class="fail">FAIL</td>
										
									
										
									
										
									
								
							
								
							
								
							
								
							
								
							
						
							
								
									
										
									
										
											
											<td class="fail">FAIL</td>
										
									
										
									
								
							
								
							
								
							
								
							
								
							
						
					</tr>
					
					<tr>
						<td>
							<a href="#arduino%3ambed_nano%3ananorp2040connect"><b>arduino:mbed_nano:nanorp2040connect</b></a>
							<br />
							<small>2.7.2</small>
						</td>

						
						
						
						
							<td>No</td>
							<td class="fail">FAIL</td>
						

						
							
								
							
								
									
										
									
										
									
										
											
											<td class="fail">FAIL</td>
										
									
								
							
								
							
								
							
								
							
						
							
								
							
								
									
										
											
											<td class="fail">FAIL</td>
										
									
										
									
										
									
								
							
								
							
								
							
								
							
						
							
								
							
								
									
										
									
										
											
											<td class="fail">FAIL</td>
										
									
										
									
								
							
								
							
								
							
								
							
						
					</tr>
					
					<tr>
						<td>
							<a href="#arduino%3amegaavr%3anona4809"><b>arduino:megaavr:nona4809</b></a>
							<br />
							<small>1.8.7</small>
						</td>

						
						
						
						
							<td>No</td>
							<td class="fail">FAIL</td>
						

						
							
								
							
								
							
								
									
										
									
										
									
										
											
											<td class="fail">FAIL</td>
										
									
								
							
								
							
								
							
						
							
								
							
								
							
								
									
										
											
											<td class="fail">FAIL</td>
										
									
										
									
										
									
								
							
								
							
								
							
						
							
								
							
								
							
								
									
										
									
										
											
											<td class="fail">FAIL</td>
										
									
										
									
								
							
								
							
								
							
						
					</tr>
					
					<tr>
						<td>
							<a href="#arduino%3asamd%3amkrwifi1010"><b>arduino:samd:mkrwifi1010</b></a>
							<br />
							<small>1.8.12</small>
						</td>

						
						
						
							<td>Yes ⚠️</td>
							<td class="fail">FAIL</td>
						
						

						
							
								
							
								
							
								
							
								
									
										
									
										
									
										
											
											<td class="fail">FAIL</td>
										
									
								
							
								
							
						
							
								
							
								
							
								
							
								
									
										
											
											<td class="fail">FAIL</td>
										
									
										
									
										
									
								
							
								
							
						
							
								
							
								
							
								
							
								
									
										
									
										
											
											<td class="fail">FAIL</td>
										
									
										
									
								
							
								
							
						
					</tr>
					
					<tr>
						<td>
							<a href="#esp32%3aesp32%3ad1_mini32"><b>esp32:esp32:d1_mini32</b></a>
							<br />
							<small>1.0.6</small>
						</td>

						
						
						
						
							<td>No</td>
							<td class="fail">FAIL</td>
						

						
							
								
							
								
							
								
							
								
							
								
									
										
									
										
									
										
											
											<td class="fail">FAIL</td>
										
									
								
							
						
							
								
							
								
							
								
							
								
							
								
									
										
											
											<td class="fail">FAIL</td>
										
									
										
									
										
									
								
							
						
							
								
							
								
							
								
							
								
							
								
									
										
									
										
											
											<td class="fail">FAIL</td>
										
									
										
									
								
							
						
					</tr>
					
				</table>

				<h2>Compilation logs</h2>
				
				<h3 id="arduino:avr:uno">arduino:avr:uno @ 1.8.4</h3>
				<h4>Inclusion</h4>
				<p>
					Result: <b>FAIL</b>
					
				</p>
				<pre class="pre-scrollable">In file included from /tmp/arduino-testlib3947344810/test/test.ino:1:0:
/home/ec2-user/arduino-testlib/cli-datadir/user/libraries/ExtFlashLoader/src/ExtFlashLoader.hpp:7:10: fatal error: cstdint: No such file or directory
 #include &lt;cstdint&gt;
          ^~~~~~~~~
compilation terminated.

</pre>

					
					<h4>examples/DownloadFromSerial</h4>
					<p>
						Result: <b>FAIL</b>
					</p>
					<pre class="pre-scrollable">/home/ec2-user/arduino-testlib/cli-datadir/user/libraries/ExtFlashLoader/examples/DownloadFromSerial/DownloadFromSerial.ino:2:10: fatal error: cstdint: No such file or directory
 #include &lt;cstdint&gt;
          ^~~~~~~~~
compilation terminated.

</pre>
					
					<h4>examples/LaunchExtFlash</h4>
					<p>
						Result: <b>FAIL</b>
					</p>
					<pre class="pre-scrollable">/home/ec2-user/arduino-testlib/cli-datadir/user/libraries/ExtFlashLoader/examples/LaunchExtFlash/LaunchExtFlash.ino:2:10: fatal error: cstdint: No such file or directory
 #include &lt;cstdint&gt;
          ^~~~~~~~~
compilation terminated.

</pre>
					
					<h4>examples/WriteSampleMenu</h4>
					<p>
						Result: <b>FAIL</b>
					</p>
					<pre class="pre-scrollable">/home/ec2-user/arduino-testlib/cli-datadir/user/libraries/ExtFlashLoader/examples/WriteSampleMenu/WriteSampleMenu.ino:2:10: fatal error: cstdint: No such file or directory
 #include &lt;cstdint&gt;
          ^~~~~~~~~
compilation terminated.

</pre>
					
				
				<h3 id="arduino:mbed_nano:nanorp2040connect">arduino:mbed_nano:nanorp2040connect @ 2.7.2</h3>
				<h4>Inclusion</h4>
				<p>
					Result: <b>FAIL</b>
					
				</p>
				<pre class="pre-scrollable">In file included from /tmp/arduino-testlib920142308/test/test.ino:1:0:
/home/ec2-user/arduino-testlib/cli-datadir/user/libraries/ExtFlashLoader/src/ExtFlashLoader.hpp:10:10: fatal error: sam.h: No such file or directory
 #include &#34;sam.h&#34;
          ^~~~~~~
compilation terminated.

</pre>

					
					<h4>examples/DownloadFromSerial</h4>
					<p>
						Result: <b>FAIL</b>
					</p>
					<pre class="pre-scrollable">In file included from /home/ec2-user/arduino-testlib/cli-datadir/user/libraries/TFT_eSPI/TFT_eSPI.h:71:0,
                 from /home/ec2-user/arduino-testlib/cli-datadir/user/libraries/ExtFlashLoader/examples/DownloadFromSerial/DownloadFromSerial.ino:1:
/home/ec2-user/arduino-testlib/cli-datadir/user/libraries/TFT_eSPI/Processors/TFT_eSPI_RP2040.h:107:12: fatal error: FS.h: No such file or directory
   #include &lt;FS.h&gt;
            ^~~~~~
compilation terminated.

</pre>
					
					<h4>examples/LaunchExtFlash</h4>
					<p>
						Result: <b>FAIL</b>
					</p>
					<pre class="pre-scrollable">In file included from /home/ec2-user/arduino-testlib/cli-datadir/user/libraries/TFT_eSPI/TFT_eSPI.h:71:0,
                 from /home/ec2-user/arduino-testlib/cli-datadir/user/libraries/ExtFlashLoader/examples/LaunchExtFlash/LaunchExtFlash.ino:1:
/home/ec2-user/arduino-testlib/cli-datadir/user/libraries/TFT_eSPI/Processors/TFT_eSPI_RP2040.h:107:12: fatal error: FS.h: No such file or directory
   #include &lt;FS.h&gt;
            ^~~~~~
compilation terminated.

</pre>
					
					<h4>examples/WriteSampleMenu</h4>
					<p>
						Result: <b>FAIL</b>
					</p>
					<pre class="pre-scrollable">In file included from /home/ec2-user/arduino-testlib/cli-datadir/user/libraries/TFT_eSPI/TFT_eSPI.h:71:0,
                 from /home/ec2-user/arduino-testlib/cli-datadir/user/libraries/ExtFlashLoader/examples/WriteSampleMenu/WriteSampleMenu.ino:1:
/home/ec2-user/arduino-testlib/cli-datadir/user/libraries/TFT_eSPI/Processors/TFT_eSPI_RP2040.h:107:12: fatal error: FS.h: No such file or directory
   #include &lt;FS.h&gt;
            ^~~~~~
compilation terminated.

</pre>
					
				
				<h3 id="arduino:megaavr:nona4809">arduino:megaavr:nona4809 @ 1.8.7</h3>
				<h4>Inclusion</h4>
				<p>
					Result: <b>FAIL</b>
					
				</p>
				<pre class="pre-scrollable">In file included from /tmp/arduino-testlib920142308/test/test.ino:1:0:
/home/ec2-user/arduino-testlib/cli-datadir/user/libraries/ExtFlashLoader/src/ExtFlashLoader.hpp:7:10: fatal error: cstdint: No such file or directory
 #include &lt;cstdint&gt;
          ^~~~~~~~~
compilation terminated.

</pre>

					
					<h4>examples/DownloadFromSerial</h4>
					<p>
						Result: <b>FAIL</b>
					</p>
					<pre class="pre-scrollable">/home/ec2-user/arduino-testlib/cli-datadir/user/libraries/ExtFlashLoader/examples/DownloadFromSerial/DownloadFromSerial.ino:2:10: fatal error: cstdint: No such file or directory
 #include &lt;cstdint&gt;
          ^~~~~~~~~
compilation terminated.

</pre>
					
					<h4>examples/LaunchExtFlash</h4>
					<p>
						Result: <b>FAIL</b>
					</p>
					<pre class="pre-scrollable">/home/ec2-user/arduino-testlib/cli-datadir/user/libraries/ExtFlashLoader/examples/LaunchExtFlash/LaunchExtFlash.ino:2:10: fatal error: cstdint: No such file or directory
 #include &lt;cstdint&gt;
          ^~~~~~~~~
compilation terminated.

</pre>
					
					<h4>examples/WriteSampleMenu</h4>
					<p>
						Result: <b>FAIL</b>
					</p>
					<pre class="pre-scrollable">/home/ec2-user/arduino-testlib/cli-datadir/user/libraries/ExtFlashLoader/examples/WriteSampleMenu/WriteSampleMenu.ino:2:10: fatal error: cstdint: No such file or directory
 #include &lt;cstdint&gt;
          ^~~~~~~~~
compilation terminated.

</pre>
					
				
				<h3 id="arduino:samd:mkrwifi1010">arduino:samd:mkrwifi1010 @ 1.8.12</h3>
				<h4>Inclusion</h4>
				<p>
					Result: <b>FAIL</b>
					
				</p>
				<pre class="pre-scrollable">In file included from /tmp/arduino-testlib3947344810/test/test.ino:1:0:
/home/ec2-user/arduino-testlib/cli-datadir/user/libraries/ExtFlashLoader/src/ExtFlashLoader.hpp: In function &#39;void ExtFlashLoader::runQSPIApplication(ExtFlashLoader::QSPIFlash&amp;, uintptr_t)&#39;:
/home/ec2-user/arduino-testlib/cli-datadir/user/libraries/ExtFlashLoader/src/ExtFlashLoader.hpp:327:22: error: no match for &#39;operator[]&#39; (operand types are &#39;volatile GCLK_GENCTRL_Type&#39; and &#39;int&#39;)
         GCLK-&gt;GENCTRL[0].reg = GCLK_GENCTRL_SRC(GCLK_GENCTRL_SRC_DFLL) | GCLK_GENCTRL_GENEN;
                      ^
In file included from /home/ec2-user/arduino-testlib/cli-datadir/data/packages/arduino/tools/CMSIS-Atmel/1.2.0/CMSIS/Device/ATMEL/samd21/include/samd21g18a.h:257:0,
                 from /home/ec2-user/arduino-testlib/cli-datadir/data/packages/arduino/tools/CMSIS-Atmel/1.2.0/CMSIS/Device/ATMEL/samd21/include/samd21.h:69,
                 from /home/ec2-user/arduino-testlib/cli-datadir/data/packages/arduino/tools/CMSIS-Atmel/1.2.0/CMSIS/Device/ATMEL/samd.h:105,
                 from /home/ec2-user/arduino-testlib/cli-datadir/data/packages/arduino/hardware/samd/1.8.12/cores/arduino/Arduino.h:38,
                 from /tmp/arduino-sketch-92F598973FDAB54F2CCF83F75E95BDD6/sketch/test.ino.cpp:1:
/home/ec2-user/arduino-testlib/cli-datadir/user/libraries/ExtFlashLoader/src/ExtFlashLoader.hpp:327:49: error: &#39;GCLK_GENCTRL_SRC_DFLL&#39; was not declared in this scope
         GCLK-&gt;GENCTRL[0].reg = GCLK_GENCTRL_SRC(GCLK_GENCTRL_SRC_DFLL) | GCLK_GENCTRL_GENEN;
                                                 ^
/home/ec2-user/arduino-testlib/cli-datadir/data/packages/arduino/tools/CMSIS-Atmel/1.2.0/CMSIS/Device/ATMEL/samd21/include/component/gclk.h:240:63: note: in definition of macro &#39;GCLK_GENCTRL_SRC&#39;
 #define GCLK_GENCTRL_SRC(value)     (GCLK_GENCTRL_SRC_Msk &amp; ((value) &lt;&lt; GCLK_GENCTRL_SRC_Pos))
                                                               ^~~~~
/home/ec2-user/arduino-testlib/cli-datadir/user/libraries/ExtFlashLoader/src/ExtFlashLoader.hpp:327:49: note: suggested alternative: &#39;GCLK_GENCTRL_SRC_FDPLL&#39;
         GCLK-&gt;GENCTRL[0].reg = GCLK_GENCTRL_SRC(GCLK_GENCTRL_SRC_DFLL) | GCLK_GENCTRL_GENEN;
                                                 ^
/home/ec2-user/arduino-testlib/cli-datadir/data/packages/arduino/tools/CMSIS-Atmel/1.2.0/CMSIS/Device/ATMEL/samd21/include/component/gclk.h:240:63: note: in definition of macro &#39;GCLK_GENCTRL_SRC&#39;
 #define GCLK_GENCTRL_SRC(value)     (GCLK_GENCTRL_SRC_Msk &amp; ((value) &lt;&lt; GCLK_GENCTRL_SRC_Pos))
                                                               ^~~~~
In file included from /tmp/arduino-testlib3947344810/test/test.ino:1:0:
/home/ec2-user/arduino-testlib/cli-datadir/user/libraries/ExtFlashLoader/src/ExtFlashLoader.hpp:328:23: error: &#39;struct Gclk&#39; has no member named &#39;SYNCBUSY&#39;
         while ( GCLK-&gt;SYNCBUSY.reg &amp; GCLK_SYNCBUSY_GENCTRL0 );
                       ^~~~~~~~
/home/ec2-user/arduino-testlib/cli-datadir/user/libraries/ExtFlashLoader/src/ExtFlashLoader.hpp:328:38: error: &#39;GCLK_SYNCBUSY_GENCTRL0&#39; was not declared in this scope
         while ( GCLK-&gt;SYNCBUSY.reg &amp; GCLK_SYNCBUSY_GENCTRL0 );
                                      ^~~~~~~~~~~~~~~~~~~~~~
/home/ec2-user/arduino-testlib/cli-datadir/user/libraries/ExtFlashLoader/src/ExtFlashLoader.hpp:328:38: note: suggested alternative: &#39;TCC_SYNCBUSY_CTRLB&#39;
         while ( GCLK-&gt;SYNCBUSY.reg &amp; GCLK_SYNCBUSY_GENCTRL0 );
                                      ^~~~~~~~~~~~~~~~~~~~~~
                                      TCC_SYNCBUSY_CTRLB

</pre>

					
					<h4>examples/DownloadFromSerial</h4>
					<p>
						Result: <b>FAIL</b>
					</p>
					<pre class="pre-scrollable">In file included from /home/ec2-user/arduino-testlib/cli-datadir/user/libraries/ExtFlashLoader/src/ExtFlashLoader.h:1:0,
                 from /home/ec2-user/arduino-testlib/cli-datadir/user/libraries/ExtFlashLoader/examples/DownloadFromSerial/DownloadFromSerial.ino:3:
/home/ec2-user/arduino-testlib/cli-datadir/user/libraries/ExtFlashLoader/src/ExtFlashLoader.hpp: In function &#39;void ExtFlashLoader::runQSPIApplication(ExtFlashLoader::QSPIFlash&amp;, uintptr_t)&#39;:
/home/ec2-user/arduino-testlib/cli-datadir/user/libraries/ExtFlashLoader/src/ExtFlashLoader.hpp:327:22: error: no match for &#39;operator[]&#39; (operand types are &#39;volatile GCLK_GENCTRL_Type&#39; and &#39;int&#39;)
         GCLK-&gt;GENCTRL[0].reg = GCLK_GENCTRL_SRC(GCLK_GENCTRL_SRC_DFLL) | GCLK_GENCTRL_GENEN;
                      ^
In file included from /home/ec2-user/arduino-testlib/cli-datadir/data/packages/arduino/tools/CMSIS-Atmel/1.2.0/CMSIS/Device/ATMEL/samd21/include/samd21g18a.h:257:0,
                 from /home/ec2-user/arduino-testlib/cli-datadir/data/packages/arduino/tools/CMSIS-Atmel/1.2.0/CMSIS/Device/ATMEL/samd21/include/samd21.h:69,
                 from /home/ec2-user/arduino-testlib/cli-datadir/data/packages/arduino/tools/CMSIS-Atmel/1.2.0/CMSIS/Device/ATMEL/samd.h:105,
                 from /home/ec2-user/arduino-testlib/cli-datadir/data/packages/arduino/hardware/samd/1.8.12/cores/arduino/Arduino.h:38,
                 from /tmp/arduino-sketch-D04EED52C9D9A2538FFB37C144DD136C/sketch/DownloadFromSerial.ino.cpp:1:
/home/ec2-user/arduino-testlib/cli-datadir/user/libraries/ExtFlashLoader/src/ExtFlashLoader.hpp:327:49: error: &#39;GCLK_GENCTRL_SRC_DFLL&#39; was not declared in this scope
         GCLK-&gt;GENCTRL[0].reg = GCLK_GENCTRL_SRC(GCLK_GENCTRL_SRC_DFLL) | GCLK_GENCTRL_GENEN;
                                                 ^
/home/ec2-user/arduino-testlib/cli-datadir/data/packages/arduino/tools/CMSIS-Atmel/1.2.0/CMSIS/Device/ATMEL/samd21/include/component/gclk.h:240:63: note: in definition of macro &#39;GCLK_GENCTRL_SRC&#39;
 #define GCLK_GENCTRL_SRC(value)     (GCLK_GENCTRL_SRC_Msk &amp; ((value) &lt;&lt; GCLK_GENCTRL_SRC_Pos))
                                                               ^~~~~
/home/ec2-user/arduino-testlib/cli-datadir/user/libraries/ExtFlashLoader/src/ExtFlashLoader.hpp:327:49: note: suggested alternative: &#39;GCLK_GENCTRL_SRC_FDPLL&#39;
         GCLK-&gt;GENCTRL[0].reg = GCLK_GENCTRL_SRC(GCLK_GENCTRL_SRC_DFLL) | GCLK_GENCTRL_GENEN;
                                                 ^
/home/ec2-user/arduino-testlib/cli-datadir/data/packages/arduino/tools/CMSIS-Atmel/1.2.0/CMSIS/Device/ATMEL/samd21/include/component/gclk.h:240:63: note: in definition of macro &#39;GCLK_GENCTRL_SRC&#39;
 #define GCLK_GENCTRL_SRC(value)     (GCLK_GENCTRL_SRC_Msk &amp; ((value) &lt;&lt; GCLK_GENCTRL_SRC_Pos))
                                                               ^~~~~
In file included from /home/ec2-user/arduino-testlib/cli-datadir/user/libraries/ExtFlashLoader/src/ExtFlashLoader.h:1:0,
                 from /home/ec2-user/arduino-testlib/cli-datadir/user/libraries/ExtFlashLoader/examples/DownloadFromSerial/DownloadFromSerial.ino:3:
/home/ec2-user/arduino-testlib/cli-datadir/user/libraries/ExtFlashLoader/src/ExtFlashLoader.hpp:328:23: error: &#39;struct Gclk&#39; has no member named &#39;SYNCBUSY&#39;
         while ( GCLK-&gt;SYNCBUSY.reg &amp; GCLK_SYNCBUSY_GENCTRL0 );
                       ^~~~~~~~
/home/ec2-user/arduino-testlib/cli-datadir/user/libraries/ExtFlashLoader/src/ExtFlashLoader.hpp:328:38: error: &#39;GCLK_SYNCBUSY_GENCTRL0&#39; was not declared in this scope
         while ( GCLK-&gt;SYNCBUSY.reg &amp; GCLK_SYNCBUSY_GENCTRL0 );
                                      ^~~~~~~~~~~~~~~~~~~~~~
/home/ec2-user/arduino-testlib/cli-datadir/user/libraries/ExtFlashLoader/src/ExtFlashLoader.hpp:328:38: note: suggested alternative: &#39;TCC_SYNCBUSY_CTRLB&#39;
         while ( GCLK-&gt;SYNCBUSY.reg &amp; GCLK_SYNCBUSY_GENCTRL0 );
                                      ^~~~~~~~~~~~~~~~~~~~~~
                                      TCC_SYNCBUSY_CTRLB
/home/ec2-user/arduino-testlib/cli-datadir/user/libraries/ExtFlashLoader/examples/DownloadFromSerial/DownloadFromSerial.ino: In function &#39;void setup()&#39;:
/home/ec2-user/arduino-testlib/cli-datadir/user/libraries/ExtFlashLoader/examples/DownloadFromSerial/DownloadFromSerial.ino:17:9: error: &#39;class TFT_eSPI&#39; has no member named &#39;printf&#39;; did you mean &#39;print&#39;?
     tft.printf(&#34;Flash detected ID: %02x, %04x\r\n&#34;, id.manufacturer, id.product);
         ^~~~~~
         print
/home/ec2-user/arduino-testlib/cli-datadir/user/libraries/ExtFlashLoader/examples/DownloadFromSerial/DownloadFromSerial.ino:19:9: error: &#39;class TFT_eSPI&#39; has no member named &#39;printf&#39;; did you mean &#39;print&#39;?
     tft.printf(&#34;Waiting for serial connection...\r\n&#34;);
         ^~~~~~
         print

</pre>
					
					<h4>examples/LaunchExtFlash</h4>
					<p>
						Result: <b>FAIL</b>
					</p>
					<pre class="pre-scrollable">In file included from /home/ec2-user/arduino-testlib/cli-datadir/user/libraries/ExtFlashLoader/src/ExtFlashLoader.h:1:0,
                 from /home/ec2-user/arduino-testlib/cli-datadir/user/libraries/ExtFlashLoader/examples/LaunchExtFlash/LaunchExtFlash.ino:3:
/home/ec2-user/arduino-testlib/cli-datadir/user/libraries/ExtFlashLoader/src/ExtFlashLoader.hpp: In function &#39;void ExtFlashLoader::runQSPIApplication(ExtFlashLoader::QSPIFlash&amp;, uintptr_t)&#39;:
/home/ec2-user/arduino-testlib/cli-datadir/user/libraries/ExtFlashLoader/src/ExtFlashLoader.hpp:327:22: error: no match for &#39;operator[]&#39; (operand types are &#39;volatile GCLK_GENCTRL_Type&#39; and &#39;int&#39;)
         GCLK-&gt;GENCTRL[0].reg = GCLK_GENCTRL_SRC(GCLK_GENCTRL_SRC_DFLL) | GCLK_GENCTRL_GENEN;
                      ^
In file included from /home/ec2-user/arduino-testlib/cli-datadir/data/packages/arduino/tools/CMSIS-Atmel/1.2.0/CMSIS/Device/ATMEL/samd21/include/samd21g18a.h:257:0,
                 from /home/ec2-user/arduino-testlib/cli-datadir/data/packages/arduino/tools/CMSIS-Atmel/1.2.0/CMSIS/Device/ATMEL/samd21/include/samd21.h:69,
                 from /home/ec2-user/arduino-testlib/cli-datadir/data/packages/arduino/tools/CMSIS-Atmel/1.2.0/CMSIS/Device/ATMEL/samd.h:105,
                 from /home/ec2-user/arduino-testlib/cli-datadir/data/packages/arduino/hardware/samd/1.8.12/cores/arduino/Arduino.h:38,
                 from /tmp/arduino-sketch-029770A0936E0C9AD2DE793E04871746/sketch/LaunchExtFlash.ino.cpp:1:
/home/ec2-user/arduino-testlib/cli-datadir/user/libraries/ExtFlashLoader/src/ExtFlashLoader.hpp:327:49: error: &#39;GCLK_GENCTRL_SRC_DFLL&#39; was not declared in this scope
         GCLK-&gt;GENCTRL[0].reg = GCLK_GENCTRL_SRC(GCLK_GENCTRL_SRC_DFLL) | GCLK_GENCTRL_GENEN;
                                                 ^
/home/ec2-user/arduino-testlib/cli-datadir/data/packages/arduino/tools/CMSIS-Atmel/1.2.0/CMSIS/Device/ATMEL/samd21/include/component/gclk.h:240:63: note: in definition of macro &#39;GCLK_GENCTRL_SRC&#39;
 #define GCLK_GENCTRL_SRC(value)     (GCLK_GENCTRL_SRC_Msk &amp; ((value) &lt;&lt; GCLK_GENCTRL_SRC_Pos))
                                                               ^~~~~
/home/ec2-user/arduino-testlib/cli-datadir/user/libraries/ExtFlashLoader/src/ExtFlashLoader.hpp:327:49: note: suggested alternative: &#39;GCLK_GENCTRL_SRC_FDPLL&#39;
         GCLK-&gt;GENCTRL[0].reg = GCLK_GENCTRL_SRC(GCLK_GENCTRL_SRC_DFLL) | GCLK_GENCTRL_GENEN;
                                                 ^
/home/ec2-user/arduino-testlib/cli-datadir/data/packages/arduino/tools/CMSIS-Atmel/1.2.0/CMSIS/Device/ATMEL/samd21/include/component/gclk.h:240:63: note: in definition of macro &#39;GCLK_GENCTRL_SRC&#39;
 #define GCLK_GENCTRL_SRC(value)     (GCLK_GENCTRL_SRC_Msk &amp; ((value) &lt;&lt; GCLK_GENCTRL_SRC_Pos))
                                                               ^~~~~
In file included from /home/ec2-user/arduino-testlib/cli-datadir/user/libraries/ExtFlashLoader/src/ExtFlashLoader.h:1:0,
                 from /home/ec2-user/arduino-testlib/cli-datadir/user/libraries/ExtFlashLoader/examples/LaunchExtFlash/LaunchExtFlash.ino:3:
/home/ec2-user/arduino-testlib/cli-datadir/user/libraries/ExtFlashLoader/src/ExtFlashLoader.hpp:328:23: error: &#39;struct Gclk&#39; has no member named &#39;SYNCBUSY&#39;
         while ( GCLK-&gt;SYNCBUSY.reg &amp; GCLK_SYNCBUSY_GENCTRL0 );
                       ^~~~~~~~
/home/ec2-user/arduino-testlib/cli-datadir/user/libraries/ExtFlashLoader/src/ExtFlashLoader.hpp:328:38: error: &#39;GCLK_SYNCBUSY_GENCTRL0&#39; was not declared in this scope
         while ( GCLK-&gt;SYNCBUSY.reg &amp; GCLK_SYNCBUSY_GENCTRL0 );
                                      ^~~~~~~~~~~~~~~~~~~~~~
/home/ec2-user/arduino-testlib/cli-datadir/user/libraries/ExtFlashLoader/src/ExtFlashLoader.hpp:328:38: note: suggested alternative: &#39;TCC_SYNCBUSY_CTRLB&#39;
         while ( GCLK-&gt;SYNCBUSY.reg &amp; GCLK_SYNCBUSY_GENCTRL0 );
                                      ^~~~~~~~~~~~~~~~~~~~~~
                                      TCC_SYNCBUSY_CTRLB
/home/ec2-user/arduino-testlib/cli-datadir/user/libraries/ExtFlashLoader/examples/LaunchExtFlash/LaunchExtFlash.ino: In function &#39;void setup()&#39;:
/home/ec2-user/arduino-testlib/cli-datadir/user/libraries/ExtFlashLoader/examples/LaunchExtFlash/LaunchExtFlash.ino:12:13: error: &#39;WIO_KEY_A&#39; was not declared in this scope
     pinMode(WIO_KEY_A, INPUT_PULLUP);
             ^~~~~~~~~
/home/ec2-user/arduino-testlib/cli-datadir/user/libraries/ExtFlashLoader/examples/LaunchExtFlash/LaunchExtFlash.ino:14:11: error: &#39;class TFT_eSPI&#39; has no member named &#39;printf&#39;; did you mean &#39;print&#39;?
       tft.printf(&#34;Launching QSPI application\r\n&#34;);
           ^~~~~~
           print
/home/ec2-user/arduino-testlib/cli-datadir/user/libraries/ExtFlashLoader/examples/LaunchExtFlash/LaunchExtFlash.ino:18:9: error: &#39;class TFT_eSPI&#39; has no member named &#39;printf&#39;; did you mean &#39;print&#39;?
     tft.printf(&#34;Normal flash application\r\n&#34;);
         ^~~~~~
         print

</pre>
					
					<h4>examples/WriteSampleMenu</h4>
					<p>
						Result: <b>FAIL</b>
					</p>
					<pre class="pre-scrollable">In file included from /home/ec2-user/arduino-testlib/cli-datadir/user/libraries/ExtFlashLoader/src/ExtFlashLoader.h:1:0,
                 from /home/ec2-user/arduino-testlib/cli-datadir/user/libraries/ExtFlashLoader/examples/WriteSampleMenu/WriteSampleMenu.ino:3:
/home/ec2-user/arduino-testlib/cli-datadir/user/libraries/ExtFlashLoader/src/ExtFlashLoader.hpp: In function &#39;void ExtFlashLoader::runQSPIApplication(ExtFlashLoader::QSPIFlash&amp;, uintptr_t)&#39;:
/home/ec2-user/arduino-testlib/cli-datadir/user/libraries/ExtFlashLoader/src/ExtFlashLoader.hpp:327:22: error: no match for &#39;operator[]&#39; (operand types are &#39;volatile GCLK_GENCTRL_Type&#39; and &#39;int&#39;)
         GCLK-&gt;GENCTRL[0].reg = GCLK_GENCTRL_SRC(GCLK_GENCTRL_SRC_DFLL) | GCLK_GENCTRL_GENEN;
                      ^
In file included from /home/ec2-user/arduino-testlib/cli-datadir/data/packages/arduino/tools/CMSIS-Atmel/1.2.0/CMSIS/Device/ATMEL/samd21/include/samd21g18a.h:257:0,
                 from /home/ec2-user/arduino-testlib/cli-datadir/data/packages/arduino/tools/CMSIS-Atmel/1.2.0/CMSIS/Device/ATMEL/samd21/include/samd21.h:69,
                 from /home/ec2-user/arduino-testlib/cli-datadir/data/packages/arduino/tools/CMSIS-Atmel/1.2.0/CMSIS/Device/ATMEL/samd.h:105,
                 from /home/ec2-user/arduino-testlib/cli-datadir/data/packages/arduino/hardware/samd/1.8.12/cores/arduino/Arduino.h:38,
                 from /tmp/arduino-sketch-B59795653C5F5ACFD92C102AC675DB1D/sketch/WriteSampleMenu.ino.cpp:1:
/home/ec2-user/arduino-testlib/cli-datadir/user/libraries/ExtFlashLoader/src/ExtFlashLoader.hpp:327:49: error: &#39;GCLK_GENCTRL_SRC_DFLL&#39; was not declared in this scope
         GCLK-&gt;GENCTRL[0].reg = GCLK_GENCTRL_SRC(GCLK_GENCTRL_SRC_DFLL) | GCLK_GENCTRL_GENEN;
                                                 ^
/home/ec2-user/arduino-testlib/cli-datadir/data/packages/arduino/tools/CMSIS-Atmel/1.2.0/CMSIS/Device/ATMEL/samd21/include/component/gclk.h:240:63: note: in definition of macro &#39;GCLK_GENCTRL_SRC&#39;
 #define GCLK_GENCTRL_SRC(value)     (GCLK_GENCTRL_SRC_Msk &amp; ((value) &lt;&lt; GCLK_GENCTRL_SRC_Pos))
                                                               ^~~~~
/home/ec2-user/arduino-testlib/cli-datadir/user/libraries/ExtFlashLoader/src/ExtFlashLoader.hpp:327:49: note: suggested alternative: &#39;GCLK_GENCTRL_SRC_FDPLL&#39;
         GCLK-&gt;GENCTRL[0].reg = GCLK_GENCTRL_SRC(GCLK_GENCTRL_SRC_DFLL) | GCLK_GENCTRL_GENEN;
                                                 ^
/home/ec2-user/arduino-testlib/cli-datadir/data/packages/arduino/tools/CMSIS-Atmel/1.2.0/CMSIS/Device/ATMEL/samd21/include/component/gclk.h:240:63: note: in definition of macro &#39;GCLK_GENCTRL_SRC&#39;
 #define GCLK_GENCTRL_SRC(value)     (GCLK_GENCTRL_SRC_Msk &amp; ((value) &lt;&lt; GCLK_GENCTRL_SRC_Pos))
                                                               ^~~~~
In file included from /home/ec2-user/arduino-testlib/cli-datadir/user/libraries/ExtFlashLoader/src/ExtFlashLoader.h:1:0,
                 from /home/ec2-user/arduino-testlib/cli-datadir/user/libraries/ExtFlashLoader/examples/WriteSampleMenu/WriteSampleMenu.ino:3:
/home/ec2-user/arduino-testlib/cli-datadir/user/libraries/ExtFlashLoader/src/ExtFlashLoader.hpp:328:23: error: &#39;struct Gclk&#39; has no member named &#39;SYNCBUSY&#39;
         while ( GCLK-&gt;SYNCBUSY.reg &amp; GCLK_SYNCBUSY_GENCTRL0 );
                       ^~~~~~~~
/home/ec2-user/arduino-testlib/cli-datadir/user/libraries/ExtFlashLoader/src/ExtFlashLoader.hpp:328:38: error: &#39;GCLK_SYNCBUSY_GENCTRL0&#39; was not declared in this scope
         while ( GCLK-&gt;SYNCBUSY.reg &amp; GCLK_SYNCBUSY_GENCTRL0 );
                                      ^~~~~~~~~~~~~~~~~~~~~~
/home/ec2-user/arduino-testlib/cli-datadir/user/libraries/ExtFlashLoader/src/ExtFlashLoader.hpp:328:38: note: suggested alternative: &#39;TCC_SYNCBUSY_CTRLB&#39;
         while ( GCLK-&gt;SYNCBUSY.reg &amp; GCLK_SYNCBUSY_GENCTRL0 );
                                      ^~~~~~~~~~~~~~~~~~~~~~
                                      TCC_SYNCBUSY_CTRLB
/home/ec2-user/arduino-testlib/cli-datadir/user/libraries/ExtFlashLoader/examples/WriteSampleMenu/WriteSampleMenu.ino: In function &#39;void setup()&#39;:
/home/ec2-user/arduino-testlib/cli-datadir/user/libraries/ExtFlashLoader/examples/WriteSampleMenu/WriteSampleMenu.ino:17:9: error: &#39;class TFT_eSPI&#39; has no member named &#39;printf&#39;; did you mean &#39;print&#39;?
     tft.printf(&#34;Flash detected ID: %02x, %04x\r\n&#34;, id.manufacturer, id.product);
         ^~~~~~
         print
/home/ec2-user/arduino-testlib/cli-datadir/user/libraries/ExtFlashLoader/examples/WriteSampleMenu/WriteSampleMenu.ino:19:9: error: &#39;class TFT_eSPI&#39; has no member named &#39;printf&#39;; did you mean &#39;print&#39;?
     tft.printf(&#34;Updating external flash...\r\n&#34;);
         ^~~~~~
         print
/home/ec2-user/arduino-testlib/cli-datadir/user/libraries/ExtFlashLoader/examples/WriteSampleMenu/WriteSampleMenu.ino:28:13: error: &#39;class TFT_eSPI&#39; has no member named &#39;printf&#39;; did you mean &#39;print&#39;?
         tft.printf(&#34;Launching menu...&#34;);
             ^~~~~~
             print
/home/ec2-user/arduino-testlib/cli-datadir/user/libraries/ExtFlashLoader/examples/WriteSampleMenu/WriteSampleMenu.ino:32:13: error: &#39;class TFT_eSPI&#39; has no member named &#39;printf&#39;; did you mean &#39;print&#39;?
         tft.printf(&#34;Failed to load menu app into the external flash&#34;);
             ^~~~~~
             print

</pre>
					
				
				<h3 id="esp32:esp32:d1_mini32">esp32:esp32:d1_mini32 @ 1.0.6</h3>
				<h4>Inclusion</h4>
				<p>
					Result: <b>FAIL</b>
					
				</p>
				<pre class="pre-scrollable">In file included from /tmp/arduino-testlib2890003957/test/test.ino:1:0:
/home/ec2-user/arduino-testlib/cli-datadir/user/libraries/ExtFlashLoader/src/ExtFlashLoader.hpp:10:17: fatal error: sam.h: No such file or directory
compilation terminated.

</pre>

					
					<h4>examples/DownloadFromSerial</h4>
					<p>
						Result: <b>FAIL</b>
					</p>
					<pre class="pre-scrollable">In file included from /home/ec2-user/arduino-testlib/cli-datadir/user/libraries/ExtFlashLoader/src/ExtFlashLoader.h:1:0,
                 from /home/ec2-user/arduino-testlib/cli-datadir/user/libraries/ExtFlashLoader/examples/DownloadFromSerial/DownloadFromSerial.ino:3:
/home/ec2-user/arduino-testlib/cli-datadir/user/libraries/ExtFlashLoader/src/ExtFlashLoader.hpp:10:17: fatal error: sam.h: No such file or directory
compilation terminated.

</pre>
					
					<h4>examples/LaunchExtFlash</h4>
					<p>
						Result: <b>FAIL</b>
					</p>
					<pre class="pre-scrollable">In file included from /home/ec2-user/arduino-testlib/cli-datadir/user/libraries/ExtFlashLoader/src/ExtFlashLoader.h:1:0,
                 from /home/ec2-user/arduino-testlib/cli-datadir/user/libraries/ExtFlashLoader/examples/LaunchExtFlash/LaunchExtFlash.ino:3:
/home/ec2-user/arduino-testlib/cli-datadir/user/libraries/ExtFlashLoader/src/ExtFlashLoader.hpp:10:17: fatal error: sam.h: No such file or directory
compilation terminated.

</pre>
					
					<h4>examples/WriteSampleMenu</h4>
					<p>
						Result: <b>FAIL</b>
					</p>
					<pre class="pre-scrollable">In file included from /home/ec2-user/arduino-testlib/cli-datadir/user/libraries/ExtFlashLoader/src/ExtFlashLoader.h:1:0,
                 from /home/ec2-user/arduino-testlib/cli-datadir/user/libraries/ExtFlashLoader/examples/WriteSampleMenu/WriteSampleMenu.ino:3:
/home/ec2-user/arduino-testlib/cli-datadir/user/libraries/ExtFlashLoader/src/ExtFlashLoader.hpp:10:17: fatal error: sam.h: No such file or directory
compilation terminated.

</pre>
					
				
			</div>
		</div>
	</div>
  </body>
</html>
