
<!doctype html>
<html lang="en">
  <head>
    <meta charset="utf-8">
    <meta name="viewport" content="width=device-width, initial-scale=1">
    <link href="https://cdn.jsdelivr.net/npm/bootstrap@5.0.2/dist/css/bootstrap.min.css" rel="stylesheet" integrity="sha384-EVSTQN3/azprG1Anm3QDgpJLIm9Nao0Yz1ztcQTwFspd3yD65VohhpuuCOmLASjC" crossorigin="anonymous">
    <title>arduino-testlib report</title>
	<style>
	.pass { background-color: #00FF00 !important; }
	.fail { background-color: #FF0000 !important; }
	</style>
  </head>
  <body>
	<div class="container">
		<div class="row">
			<div class="col">
				<h1>EzDmaHelper - compatibility matrix</h1>
				<p>
					<small>This report was generated on Wednesday, 23-Feb-22 22:48:15 CET using 
					<a href="https://github.com/alranel/arduino-testlib">arduino-testlib</a>.</small>
				</p>

				<h2>EzDmaHelper</h2>
				<p>
					Version: <b>0.2.0-alpha</b>
					<br />
					<a href="https://www.arduino.cc/reference/en/libraries/ezdmahelper/">More details</a>
				</p>

				<h2>Compatibility matrix</h2>
				<table class="table table-bordered">
					<tr>
						<th>Board</th>
						<th>Claims compatibility</th>
						<th>Inclusion</th>
						
						<th><pre>selftest01</pre></th>
						
						<th><pre>selftest02</pre></th>
						
					</tr>
					
					<tr>
						<td>
							<a href="#arduino%3aavr%3auno"><b>arduino:avr:uno</b></a>
							<br />
							<small>1.8.4</small>
						</td>

						
						
						
							<td>Yes ⚠️</td>
							<td class="fail">FAIL</td>
						
						

						
							
								
									
										
											
											<td class="fail">FAIL</td>
										
									
										
									
								
							
								
							
								
							
								
							
								
							
						
							
								
									
										
									
										
											
											<td class="fail">FAIL</td>
										
									
								
							
								
							
								
							
								
							
								
							
						
					</tr>
					
					<tr>
						<td>
							<a href="#arduino%3ambed_nano%3ananorp2040connect"><b>arduino:mbed_nano:nanorp2040connect</b></a>
							<br />
							<small>2.7.2</small>
						</td>

						
							<td>Yes</td>
							<td class="pass">PASS</td>
						
						
						
						

						
							
								
							
								
									
										
											
											<td class="fail">FAIL</td>
										
									
										
									
								
							
								
							
								
							
								
							
						
							
								
							
								
									
										
									
										
											
											<td class="fail">FAIL</td>
										
									
								
							
								
							
								
							
								
							
						
					</tr>
					
					<tr>
						<td>
							<a href="#arduino%3amegaavr%3anona4809"><b>arduino:megaavr:nona4809</b></a>
							<br />
							<small>1.8.7</small>
						</td>

						
							<td>Yes</td>
							<td class="pass">PASS</td>
						
						
						
						

						
							
								
							
								
							
								
									
										
											
											<td class="fail">FAIL</td>
										
									
										
									
								
							
								
							
								
							
						
							
								
							
								
							
								
									
										
									
										
											
											<td class="fail">FAIL</td>
										
									
								
							
								
							
								
							
						
					</tr>
					
					<tr>
						<td>
							<a href="#arduino%3asamd%3amkrwifi1010"><b>arduino:samd:mkrwifi1010</b></a>
							<br />
							<small>1.8.12</small>
						</td>

						
						
						
							<td>Yes ⚠️</td>
							<td class="fail">FAIL</td>
						
						

						
							
								
							
								
							
								
							
								
									
										
											
											<td class="fail">FAIL</td>
										
									
										
									
								
							
								
							
						
							
								
							
								
							
								
							
								
									
										
									
										
											
											<td class="fail">FAIL</td>
										
									
								
							
								
							
						
					</tr>
					
					<tr>
						<td>
							<a href="#esp32%3aesp32%3ad1_mini32"><b>esp32:esp32:d1_mini32</b></a>
							<br />
							<small>1.0.6</small>
						</td>

						
							<td>Yes</td>
							<td class="pass">PASS</td>
						
						
						
						

						
							
								
							
								
							
								
							
								
							
								
									
										
											
											<td class="fail">FAIL</td>
										
									
										
									
								
							
						
							
								
							
								
							
								
							
								
							
								
									
										
									
										
											
											<td class="fail">FAIL</td>
										
									
								
							
						
					</tr>
					
				</table>

				<h2>Compilation logs</h2>
				
				<h3 id="arduino:avr:uno">arduino:avr:uno @ 1.8.4</h3>
				<h4>Inclusion</h4>
				<p>
					Result: <b>FAIL</b>
					
				</p>
				<pre class="pre-scrollable">/private/tmp/arduino-testlib4009333861/test/test.ino:1:10: fatal error: EzDmaHelper.h: No such file or directory
 #include &lt;EzDmaHelper.h&gt;
          ^~~~~~~~~~~~~~~
compilation terminated.

</pre>

					
					<h4>examples/selftest01</h4>
					<p>
						Result: <b>FAIL</b>
					</p>
					<pre class="pre-scrollable">In file included from /Users/alranel/Documents/git/arduino/arduino-testlib/cli-datadir/user/libraries/EzDmaHelper/src/ezdmahelper.h:16:0,
                 from /Users/alranel/Documents/git/arduino/arduino-testlib/cli-datadir/user/libraries/EzDmaHelper/examples/selftest01/selftest01.ino:1:
/Users/alranel/Documents/git/arduino/arduino-testlib/cli-datadir/user/libraries/FreeRTOS/src/task.h:34:6: error: #error &#34;include Arduino_FreeRTOS.h must appear in source files before include task.h&#34;
     #error &#34;include Arduino_FreeRTOS.h must appear in source files before include task.h&#34;
      ^~~~~
In file included from /Users/alranel/Documents/git/arduino/arduino-testlib/cli-datadir/user/libraries/FreeRTOS/src/task.h:37:0,
                 from /Users/alranel/Documents/git/arduino/arduino-testlib/cli-datadir/user/libraries/EzDmaHelper/src/ezdmahelper.h:16,
                 from /Users/alranel/Documents/git/arduino/arduino-testlib/cli-datadir/user/libraries/EzDmaHelper/examples/selftest01/selftest01.ino:1:
/Users/alranel/Documents/git/arduino/arduino-testlib/cli-datadir/user/libraries/FreeRTOS/src/list.h:62:6: error: #error &#34;Arduino_FreeRTOS.h must be included before list.h&#34;
     #error &#34;Arduino_FreeRTOS.h must be included before list.h&#34;
      ^~~~~
Multiple libraries were found for &#34;task.h&#34;
  Used: /Users/alranel/Documents/git/arduino/arduino-testlib/cli-datadir/user/libraries/FreeRTOS
  Not used: /Users/alranel/Documents/git/arduino/arduino-testlib/cli-datadir/user/libraries/FreeRTOS_SAMD21
  Not used: /Users/alranel/Documents/git/arduino/arduino-testlib/cli-datadir/user/libraries/STM32duino_FreeRTOS
  Not used: /Users/alranel/Documents/git/arduino/arduino-testlib/cli-datadir/user/libraries/HeliOS
  Not used: /Users/alranel/Documents/git/arduino/arduino-testlib/cli-datadir/user/libraries/FreeRTOS_SAMD51
</pre>
					
					<h4>examples/selftest02</h4>
					<p>
						Result: <b>FAIL</b>
					</p>
					<pre class="pre-scrollable">In file included from /Users/alranel/Documents/git/arduino/arduino-testlib/cli-datadir/user/libraries/EzDmaHelper/src/ezdmahelper.h:16:0,
                 from /Users/alranel/Documents/git/arduino/arduino-testlib/cli-datadir/user/libraries/EzDmaHelper/examples/selftest02/selftest02.ino:1:
/Users/alranel/Documents/git/arduino/arduino-testlib/cli-datadir/user/libraries/FreeRTOS/src/task.h:34:6: error: #error &#34;include Arduino_FreeRTOS.h must appear in source files before include task.h&#34;
     #error &#34;include Arduino_FreeRTOS.h must appear in source files before include task.h&#34;
      ^~~~~
In file included from /Users/alranel/Documents/git/arduino/arduino-testlib/cli-datadir/user/libraries/FreeRTOS/src/task.h:37:0,
                 from /Users/alranel/Documents/git/arduino/arduino-testlib/cli-datadir/user/libraries/EzDmaHelper/src/ezdmahelper.h:16,
                 from /Users/alranel/Documents/git/arduino/arduino-testlib/cli-datadir/user/libraries/EzDmaHelper/examples/selftest02/selftest02.ino:1:
/Users/alranel/Documents/git/arduino/arduino-testlib/cli-datadir/user/libraries/FreeRTOS/src/list.h:62:6: error: #error &#34;Arduino_FreeRTOS.h must be included before list.h&#34;
     #error &#34;Arduino_FreeRTOS.h must be included before list.h&#34;
      ^~~~~
In file included from /Users/alranel/Documents/git/arduino/arduino-testlib/cli-datadir/user/libraries/EzDmaHelper/examples/selftest02/selftest02.ino:2:0:
/Users/alranel/Documents/git/arduino/arduino-testlib/cli-datadir/user/libraries/nrf_rng/src/hw_rng.h:30:10: fatal error: hal/nrf_rng.h: No such file or directory
 #include &lt;hal/nrf_rng.h&gt;
          ^~~~~~~~~~~~~~~
compilation terminated.
Multiple libraries were found for &#34;task.h&#34;
  Used: /Users/alranel/Documents/git/arduino/arduino-testlib/cli-datadir/user/libraries/FreeRTOS
  Not used: /Users/alranel/Documents/git/arduino/arduino-testlib/cli-datadir/user/libraries/HeliOS
  Not used: /Users/alranel/Documents/git/arduino/arduino-testlib/cli-datadir/user/libraries/FreeRTOS_SAMD21
  Not used: /Users/alranel/Documents/git/arduino/arduino-testlib/cli-datadir/user/libraries/FreeRTOS_SAMD51
  Not used: /Users/alranel/Documents/git/arduino/arduino-testlib/cli-datadir/user/libraries/STM32duino_FreeRTOS
</pre>
					
				
				<h3 id="arduino:mbed_nano:nanorp2040connect">arduino:mbed_nano:nanorp2040connect @ 2.7.2</h3>
				<h4>Inclusion</h4>
				<p>
					Result: <b>PASS</b>
					
				</p>
				<pre class="pre-scrollable">Sketch uses 78756 bytes (0%) of program storage space. Maximum is 16777216 bytes.
Global variables use 43444 bytes (16%) of dynamic memory, leaving 226892 bytes for local variables. Maximum is 270336 bytes.
</pre>

					
					<h4>examples/selftest01</h4>
					<p>
						Result: <b>FAIL</b>
					</p>
					<pre class="pre-scrollable">In file included from /home/ec2-user/arduino-testlib/cli-datadir/user/libraries/HeliOS/src/task.h:30:0,
                 from /home/ec2-user/arduino-testlib/cli-datadir/user/libraries/EzDmaHelper/src/ezdmahelper.h:16,
                 from /home/ec2-user/arduino-testlib/cli-datadir/user/libraries/EzDmaHelper/examples/selftest01/selftest01.ino:1:
/home/ec2-user/arduino-testlib/cli-datadir/user/libraries/HeliOS/src/defines.h:98:129: note: #pragma message: WARNING: This embedded platform and/or tool-chain is not currently supported by HeliOS - proceed with caution.
 #pragma message(&#34;WARNING: This embedded platform and/or tool-chain is not currently supported by HeliOS - proceed with caution.&#34;)
                                                                                                                                 ^
In file included from /home/ec2-user/arduino-testlib/cli-datadir/user/libraries/HeliOS/src/task.h:31:0,
                 from /home/ec2-user/arduino-testlib/cli-datadir/user/libraries/EzDmaHelper/src/ezdmahelper.h:16,
                 from /home/ec2-user/arduino-testlib/cli-datadir/user/libraries/EzDmaHelper/examples/selftest01/selftest01.ino:1:
/home/ec2-user/arduino-testlib/cli-datadir/user/libraries/HeliOS/src/types.h:54:10: error: expected unqualified-id before &#39;protected&#39;
   Byte_t protected : 1;
          ^~~~~~~~~
In file included from /home/ec2-user/arduino-testlib/cli-datadir/user/libraries/EzDmaHelper/examples/selftest01/selftest01.ino:1:0:
/home/ec2-user/arduino-testlib/cli-datadir/user/libraries/EzDmaHelper/src/ezdmahelper.h:110:5: error: &#39;UBaseType_t&#39; has not been declared
     UBaseType_t EZDMA_BUFFER_TASK_PRIORITY = DEFAULT_TASK_PRIORITY
     ^~~~~~~~~~~
/home/ec2-user/arduino-testlib/cli-datadir/user/libraries/EzDmaHelper/src/ezdmahelper.h:47:43: error: &#39;configTIMER_TASK_PRIORITY&#39; was not declared in this scope
 #define DEFAULT_TASK_PRIORITY             configTIMER_TASK_PRIORITY
                                           ^
/home/ec2-user/arduino-testlib/cli-datadir/user/libraries/EzDmaHelper/src/ezdmahelper.h:110:46: note: in expansion of macro &#39;DEFAULT_TASK_PRIORITY&#39;
     UBaseType_t EZDMA_BUFFER_TASK_PRIORITY = DEFAULT_TASK_PRIORITY
                                              ^~~~~~~~~~~~~~~~~~~~~
/home/ec2-user/arduino-testlib/cli-datadir/user/libraries/EzDmaHelper/src/ezdmahelper.h:47:43: note: suggested alternative: &#39;DEFAULT_TASK_PRIORITY&#39;
 #define DEFAULT_TASK_PRIORITY             configTIMER_TASK_PRIORITY
                                           ^
/home/ec2-user/arduino-testlib/cli-datadir/user/libraries/EzDmaHelper/src/ezdmahelper.h:110:46: note: in expansion of macro &#39;DEFAULT_TASK_PRIORITY&#39;
     UBaseType_t EZDMA_BUFFER_TASK_PRIORITY = DEFAULT_TASK_PRIORITY
                                              ^~~~~~~~~~~~~~~~~~~~~
/home/ec2-user/arduino-testlib/cli-datadir/user/libraries/EzDmaHelper/src/ezdmahelper.h:173:89: error: &#39;EZDMA_BUFFER_TASK_PRIORITY&#39; was not declared in this scope
         const EzDmaHelper&lt;EZDMA_BUFFER_SIZE,EZDMA_BUFFER_COUNT, EZDMA_BUFFER_ALIGNMENT, EZDMA_BUFFER_TASK_PRIORITY&gt;&amp;
                                                                                         ^~~~~~~~~~~~~~~~~~~~~~~~~~
/home/ec2-user/arduino-testlib/cli-datadir/user/libraries/EzDmaHelper/src/ezdmahelper.h:173:89: note: suggested alternative: &#39;DEFAULT_TASK_PRIORITY&#39;
         const EzDmaHelper&lt;EZDMA_BUFFER_SIZE,EZDMA_BUFFER_COUNT, EZDMA_BUFFER_ALIGNMENT, EZDMA_BUFFER_TASK_PRIORITY&gt;&amp;
                                                                                         ^~~~~~~~~~~~~~~~~~~~~~~~~~
                                                                                         DEFAULT_TASK_PRIORITY
/home/ec2-user/arduino-testlib/cli-datadir/user/libraries/EzDmaHelper/src/ezdmahelper.h:173:115: error: template argument 4 is invalid
         const EzDmaHelper&lt;EZDMA_BUFFER_SIZE,EZDMA_BUFFER_COUNT, EZDMA_BUFFER_ALIGNMENT, EZDMA_BUFFER_TASK_PRIORITY&gt;&amp;
                                                                                                                   ^
/home/ec2-user/arduino-testlib/cli-datadir/user/libraries/EzDmaHelper/src/ezdmahelper.h:175:79: error: &#39;EZDMA_BUFFER_TASK_PRIORITY&#39; was not declared in this scope
     EzDmaHelper&lt;EZDMA_BUFFER_SIZE,EZDMA_BUFFER_COUNT, EZDMA_BUFFER_ALIGNMENT, EZDMA_BUFFER_TASK_PRIORITY&gt;&amp; operator=(
                                                                               ^~~~~~~~~~~~~~~~~~~~~~~~~~
/home/ec2-user/arduino-testlib/cli-datadir/user/libraries/EzDmaHelper/src/ezdmahelper.h:175:79: note: suggested alternative: &#39;DEFAULT_TASK_PRIORITY&#39;
     EzDmaHelper&lt;EZDMA_BUFFER_SIZE,EZDMA_BUFFER_COUNT, EZDMA_BUFFER_ALIGNMENT, EZDMA_BUFFER_TASK_PRIORITY&gt;&amp; operator=(
                                                                               ^~~~~~~~~~~~~~~~~~~~~~~~~~
                                                                               DEFAULT_TASK_PRIORITY
/home/ec2-user/arduino-testlib/cli-datadir/user/libraries/EzDmaHelper/src/ezdmahelper.h:175:105: error: template argument 4 is invalid
     EzDmaHelper&lt;EZDMA_BUFFER_SIZE,EZDMA_BUFFER_COUNT, EZDMA_BUFFER_ALIGNMENT, EZDMA_BUFFER_TASK_PRIORITY&gt;&amp; operator=(
                                                                                                         ^
/home/ec2-user/arduino-testlib/cli-datadir/user/libraries/EzDmaHelper/src/ezdmahelper.h:176:89: error: &#39;EZDMA_BUFFER_TASK_PRIORITY&#39; was not declared in this scope
         const EzDmaHelper&lt;EZDMA_BUFFER_SIZE,EZDMA_BUFFER_COUNT, EZDMA_BUFFER_ALIGNMENT, EZDMA_BUFFER_TASK_PRIORITY&gt;&amp;
                                                                                         ^~~~~~~~~~~~~~~~~~~~~~~~~~
/home/ec2-user/arduino-testlib/cli-datadir/user/libraries/EzDmaHelper/src/ezdmahelper.h:176:89: note: suggested alternative: &#39;DEFAULT_TASK_PRIORITY&#39;
         const EzDmaHelper&lt;EZDMA_BUFFER_SIZE,EZDMA_BUFFER_COUNT, EZDMA_BUFFER_ALIGNMENT, EZDMA_BUFFER_TASK_PRIORITY&gt;&amp;
                                                                                         ^~~~~~~~~~~~~~~~~~~~~~~~~~
                                                                                         DEFAULT_TASK_PRIORITY
/home/ec2-user/arduino-testlib/cli-datadir/user/libraries/EzDmaHelper/src/ezdmahelper.h:176:115: error: template argument 4 is invalid
         const EzDmaHelper&lt;EZDMA_BUFFER_SIZE,EZDMA_BUFFER_COUNT, EZDMA_BUFFER_ALIGNMENT, EZDMA_BUFFER_TASK_PRIORITY&gt;&amp;
                                                                                                                   ^
/home/ec2-user/arduino-testlib/cli-datadir/user/libraries/EzDmaHelper/src/ezdmahelper.h:179:59: error: &#39;EZDMA_BUFFER_TASK_PRIORITY&#39; was not declared in this scope
         EzDmaHelper&lt;EZDMA_BUFFER_SIZE,EZDMA_BUFFER_COUNT, EZDMA_BUFFER_TASK_PRIORITY, EZDMA_BUFFER_ALIGNMENT&gt;&amp;&amp;
                                                           ^~~~~~~~~~~~~~~~~~~~~~~~~~
/home/ec2-user/arduino-testlib/cli-datadir/user/libraries/EzDmaHelper/src/ezdmahelper.h:179:59: note: suggested alternative: &#39;DEFAULT_TASK_PRIORITY&#39;
         EzDmaHelper&lt;EZDMA_BUFFER_SIZE,EZDMA_BUFFER_COUNT, EZDMA_BUFFER_TASK_PRIORITY, EZDMA_BUFFER_ALIGNMENT&gt;&amp;&amp;
                                                           ^~~~~~~~~~~~~~~~~~~~~~~~~~
                                                           DEFAULT_TASK_PRIORITY
/home/ec2-user/arduino-testlib/cli-datadir/user/libraries/EzDmaHelper/src/ezdmahelper.h:179:109: error: template argument 3 is invalid
         EzDmaHelper&lt;EZDMA_BUFFER_SIZE,EZDMA_BUFFER_COUNT, EZDMA_BUFFER_TASK_PRIORITY, EZDMA_BUFFER_ALIGNMENT&gt;&amp;&amp;
                                                                                                             ^
/home/ec2-user/arduino-testlib/cli-datadir/user/libraries/EzDmaHelper/src/ezdmahelper.h:181:55: error: &#39;EZDMA_BUFFER_TASK_PRIORITY&#39; was not declared in this scope
     EzDmaHelper&lt;EZDMA_BUFFER_SIZE,EZDMA_BUFFER_COUNT, EZDMA_BUFFER_TASK_PRIORITY, EZDMA_BUFFER_ALIGNMENT&gt;&amp; operator=(
                                                       ^~~~~~~~~~~~~~~~~~~~~~~~~~
/home/ec2-user/arduino-testlib/cli-datadir/user/libraries/EzDmaHelper/src/ezdmahelper.h:181:55: note: suggested alternative: &#39;DEFAULT_TASK_PRIORITY&#39;
     EzDmaHelper&lt;EZDMA_BUFFER_SIZE,EZDMA_BUFFER_COUNT, EZDMA_BUFFER_TASK_PRIORITY, EZDMA_BUFFER_ALIGNMENT&gt;&amp; operator=(
                                                       ^~~~~~~~~~~~~~~~~~~~~~~~~~
                                                       DEFAULT_TASK_PRIORITY
/home/ec2-user/arduino-testlib/cli-datadir/user/libraries/EzDmaHelper/src/ezdmahelper.h:181:105: error: template argument 3 is invalid
     EzDmaHelper&lt;EZDMA_BUFFER_SIZE,EZDMA_BUFFER_COUNT, EZDMA_BUFFER_TASK_PRIORITY, EZDMA_BUFFER_ALIGNMENT&gt;&amp; operator=(
                                                                                                         ^
/home/ec2-user/arduino-testlib/cli-datadir/user/libraries/EzDmaHelper/src/ezdmahelper.h:182:59: error: &#39;EZDMA_BUFFER_TASK_PRIORITY&#39; was not declared in this scope
         EzDmaHelper&lt;EZDMA_BUFFER_SIZE,EZDMA_BUFFER_COUNT, EZDMA_BUFFER_TASK_PRIORITY, EZDMA_BUFFER_ALIGNMENT&gt;&amp;&amp;
                                                           ^~~~~~~~~~~~~~~~~~~~~~~~~~
/home/ec2-user/arduino-testlib/cli-datadir/user/libraries/EzDmaHelper/src/ezdmahelper.h:182:59: note: suggested alternative: &#39;DEFAULT_TASK_PRIORITY&#39;
         EzDmaHelper&lt;EZDMA_BUFFER_SIZE,EZDMA_BUFFER_COUNT, EZDMA_BUFFER_TASK_PRIORITY, EZDMA_BUFFER_ALIGNMENT&gt;&amp;&amp;
                                                           ^~~~~~~~~~~~~~~~~~~~~~~~~~
                                                           DEFAULT_TASK_PRIORITY
/home/ec2-user/arduino-testlib/cli-datadir/user/libraries/EzDmaHelper/src/ezdmahelper.h:182:109: error: template argument 3 is invalid
         EzDmaHelper&lt;EZDMA_BUFFER_SIZE,EZDMA_BUFFER_COUNT, EZDMA_BUFFER_TASK_PRIORITY, EZDMA_BUFFER_ALIGNMENT&gt;&amp;&amp;
                                                                        </pre>
					
					<h4>examples/selftest02</h4>
					<p>
						Result: <b>FAIL</b>
					</p>
					<pre class="pre-scrollable">In file included from /home/ec2-user/arduino-testlib/cli-datadir/user/libraries/EzDmaHelper/examples/selftest02/selftest02.ino:2:0:
/home/ec2-user/arduino-testlib/cli-datadir/user/libraries/nrf_rng/src/hw_rng.h:30:10: fatal error: hal/nrf_rng.h: No such file or directory
 #include &lt;hal/nrf_rng.h&gt;
          ^~~~~~~~~~~~~~~
compilation terminated.
Multiple libraries were found for &#34;task.h&#34;
  Used: /home/ec2-user/arduino-testlib/cli-datadir/user/libraries/HeliOS
  Not used: /home/ec2-user/arduino-testlib/cli-datadir/user/libraries/FreeRTOS_SAMD51
  Not used: /home/ec2-user/arduino-testlib/cli-datadir/user/libraries/STM32duino_FreeRTOS
  Not used: /home/ec2-user/arduino-testlib/cli-datadir/user/libraries/FreeRTOS
  Not used: /home/ec2-user/arduino-testlib/cli-datadir/user/libraries/FreeRTOS_SAMD21
</pre>
					
				
				<h3 id="arduino:megaavr:nona4809">arduino:megaavr:nona4809 @ 1.8.7</h3>
				<h4>Inclusion</h4>
				<p>
					Result: <b>PASS</b>
					
				</p>
				<pre class="pre-scrollable">Sketch uses 802 bytes (1%) of program storage space. Maximum is 49152 bytes.
Global variables use 22 bytes (0%) of dynamic memory, leaving 6122 bytes for local variables. Maximum is 6144 bytes.
</pre>

					
					<h4>examples/selftest01</h4>
					<p>
						Result: <b>FAIL</b>
					</p>
					<pre class="pre-scrollable">In file included from /home/ec2-user/arduino-testlib/cli-datadir/user/libraries/HeliOS/src/task.h:30:0,
                 from /home/ec2-user/arduino-testlib/cli-datadir/user/libraries/EzDmaHelper/src/ezdmahelper.h:16,
                 from /home/ec2-user/arduino-testlib/cli-datadir/user/libraries/EzDmaHelper/examples/selftest01/selftest01.ino:1:
/home/ec2-user/arduino-testlib/cli-datadir/user/libraries/HeliOS/src/defines.h:98:129: note: #pragma message: WARNING: This embedded platform and/or tool-chain is not currently supported by HeliOS - proceed with caution.
 #pragma message(&#34;WARNING: This embedded platform and/or tool-chain is not currently supported by HeliOS - proceed with caution.&#34;)
                                                                                                                                 ^
In file included from /home/ec2-user/arduino-testlib/cli-datadir/user/libraries/HeliOS/src/task.h:31:0,
                 from /home/ec2-user/arduino-testlib/cli-datadir/user/libraries/EzDmaHelper/src/ezdmahelper.h:16,
                 from /home/ec2-user/arduino-testlib/cli-datadir/user/libraries/EzDmaHelper/examples/selftest01/selftest01.ino:1:
/home/ec2-user/arduino-testlib/cli-datadir/user/libraries/HeliOS/src/types.h:54:10: error: expected unqualified-id before &#39;protected&#39;
   Byte_t protected : 1;
          ^~~~~~~~~
In file included from /home/ec2-user/arduino-testlib/cli-datadir/user/libraries/EzDmaHelper/examples/selftest01/selftest01.ino:1:0:
/home/ec2-user/arduino-testlib/cli-datadir/user/libraries/EzDmaHelper/src/ezdmahelper.h: In function &#39;constexpr bool {anonymous}::is_power_of_two(uint16_t)&#39;:
/home/ec2-user/arduino-testlib/cli-datadir/user/libraries/EzDmaHelper/src/ezdmahelper.h:29:20: error: redefinition of &#39;constexpr bool {anonymous}::is_power_of_two(uint16_t)&#39;
     constexpr bool is_power_of_two(uint16_t v) {
                    ^~~~~~~~~~~~~~~
/home/ec2-user/arduino-testlib/cli-datadir/user/libraries/EzDmaHelper/src/ezdmahelper.h:23:20: note: &#39;constexpr bool {anonymous}::is_power_of_two(size_t)&#39; previously defined here
     constexpr bool is_power_of_two(size_t v) {
                    ^~~~~~~~~~~~~~~
/home/ec2-user/arduino-testlib/cli-datadir/user/libraries/EzDmaHelper/src/ezdmahelper.h: At global scope:
/home/ec2-user/arduino-testlib/cli-datadir/user/libraries/EzDmaHelper/src/ezdmahelper.h:110:5: error: &#39;UBaseType_t&#39; has not been declared
     UBaseType_t EZDMA_BUFFER_TASK_PRIORITY = DEFAULT_TASK_PRIORITY
     ^~~~~~~~~~~
/home/ec2-user/arduino-testlib/cli-datadir/user/libraries/EzDmaHelper/src/ezdmahelper.h:47:43: error: &#39;configTIMER_TASK_PRIORITY&#39; was not declared in this scope
 #define DEFAULT_TASK_PRIORITY             configTIMER_TASK_PRIORITY
                                           ^
/home/ec2-user/arduino-testlib/cli-datadir/user/libraries/EzDmaHelper/src/ezdmahelper.h:110:46: note: in expansion of macro &#39;DEFAULT_TASK_PRIORITY&#39;
     UBaseType_t EZDMA_BUFFER_TASK_PRIORITY = DEFAULT_TASK_PRIORITY
                                              ^~~~~~~~~~~~~~~~~~~~~
/home/ec2-user/arduino-testlib/cli-datadir/user/libraries/EzDmaHelper/src/ezdmahelper.h:47:43: note: suggested alternative: &#39;DEFAULT_TASK_PRIORITY&#39;
 #define DEFAULT_TASK_PRIORITY             configTIMER_TASK_PRIORITY
                                           ^
/home/ec2-user/arduino-testlib/cli-datadir/user/libraries/EzDmaHelper/src/ezdmahelper.h:110:46: note: in expansion of macro &#39;DEFAULT_TASK_PRIORITY&#39;
     UBaseType_t EZDMA_BUFFER_TASK_PRIORITY = DEFAULT_TASK_PRIORITY
                                              ^~~~~~~~~~~~~~~~~~~~~
/home/ec2-user/arduino-testlib/cli-datadir/user/libraries/EzDmaHelper/src/ezdmahelper.h:173:89: error: &#39;EZDMA_BUFFER_TASK_PRIORITY&#39; was not declared in this scope
         const EzDmaHelper&lt;EZDMA_BUFFER_SIZE,EZDMA_BUFFER_COUNT, EZDMA_BUFFER_ALIGNMENT, EZDMA_BUFFER_TASK_PRIORITY&gt;&amp;
                                                                                         ^~~~~~~~~~~~~~~~~~~~~~~~~~
/home/ec2-user/arduino-testlib/cli-datadir/user/libraries/EzDmaHelper/src/ezdmahelper.h:173:89: note: suggested alternative: &#39;DEFAULT_TASK_PRIORITY&#39;
         const EzDmaHelper&lt;EZDMA_BUFFER_SIZE,EZDMA_BUFFER_COUNT, EZDMA_BUFFER_ALIGNMENT, EZDMA_BUFFER_TASK_PRIORITY&gt;&amp;
                                                                                         ^~~~~~~~~~~~~~~~~~~~~~~~~~
                                                                                         DEFAULT_TASK_PRIORITY
/home/ec2-user/arduino-testlib/cli-datadir/user/libraries/EzDmaHelper/src/ezdmahelper.h:173:115: error: template argument 4 is invalid
         const EzDmaHelper&lt;EZDMA_BUFFER_SIZE,EZDMA_BUFFER_COUNT, EZDMA_BUFFER_ALIGNMENT, EZDMA_BUFFER_TASK_PRIORITY&gt;&amp;
                                                                                                                   ^
/home/ec2-user/arduino-testlib/cli-datadir/user/libraries/EzDmaHelper/src/ezdmahelper.h:175:79: error: &#39;EZDMA_BUFFER_TASK_PRIORITY&#39; was not declared in this scope
     EzDmaHelper&lt;EZDMA_BUFFER_SIZE,EZDMA_BUFFER_COUNT, EZDMA_BUFFER_ALIGNMENT, EZDMA_BUFFER_TASK_PRIORITY&gt;&amp; operator=(
                                                                               ^~~~~~~~~~~~~~~~~~~~~~~~~~
/home/ec2-user/arduino-testlib/cli-datadir/user/libraries/EzDmaHelper/src/ezdmahelper.h:175:79: note: suggested alternative: &#39;DEFAULT_TASK_PRIORITY&#39;
     EzDmaHelper&lt;EZDMA_BUFFER_SIZE,EZDMA_BUFFER_COUNT, EZDMA_BUFFER_ALIGNMENT, EZDMA_BUFFER_TASK_PRIORITY&gt;&amp; operator=(
                                                                               ^~~~~~~~~~~~~~~~~~~~~~~~~~
                                                                               DEFAULT_TASK_PRIORITY
/home/ec2-user/arduino-testlib/cli-datadir/user/libraries/EzDmaHelper/src/ezdmahelper.h:175:105: error: template argument 4 is invalid
     EzDmaHelper&lt;EZDMA_BUFFER_SIZE,EZDMA_BUFFER_COUNT, EZDMA_BUFFER_ALIGNMENT, EZDMA_BUFFER_TASK_PRIORITY&gt;&amp; operator=(
                                                                                                         ^
/home/ec2-user/arduino-testlib/cli-datadir/user/libraries/EzDmaHelper/src/ezdmahelper.h:176:89: error: &#39;EZDMA_BUFFER_TASK_PRIORITY&#39; was not declared in this scope
         const EzDmaHelper&lt;EZDMA_BUFFER_SIZE,EZDMA_BUFFER_COUNT, EZDMA_BUFFER_ALIGNMENT, EZDMA_BUFFER_TASK_PRIORITY&gt;&amp;
                                                                                         ^~~~~~~~~~~~~~~~~~~~~~~~~~
/home/ec2-user/arduino-testlib/cli-datadir/user/libraries/EzDmaHelper/src/ezdmahelper.h:176:89: note: suggested alternative: &#39;DEFAULT_TASK_PRIORITY&#39;
         const EzDmaHelper&lt;EZDMA_BUFFER_SIZE,EZDMA_BUFFER_COUNT, EZDMA_BUFFER_ALIGNMENT, EZDMA_BUFFER_TASK_PRIORITY&gt;&amp;
                                                                                         ^~~~~~~~~~~~~~~~~~~~~~~~~~
                                                                                         DEFAULT_TASK_PRIORITY
/home/ec2-user/arduino-testlib/cli-datadir/user/libraries/EzDmaHelper/src/ezdmahelper.h:176:115: error: template argument 4 is invalid
         const EzDmaHelper&lt;EZDMA_BUFFER_SIZE,EZDMA_BUFFER_COUNT, EZDMA_BUFFER_ALIGNMENT, EZDMA_BUFFER_TASK_PRIORITY&gt;&amp;
                                                                                                                   ^
/home/ec2-user/arduino-testlib/cli-datadir/user/libraries/EzDmaHelper/src/ezdmahelper.h:179:59: error: &#39;EZDMA_BUFFER_TASK_PRIORITY&#39; was not declared in this scope
         EzDmaHelper&lt;EZDMA_BUFFER_SIZE,EZDMA_BUFFER_COUNT, EZDMA_BUFFER_TASK_PRIORITY, EZDMA_BUFFER_ALIGNMENT&gt;&amp;&amp;
                                                           ^~~~~~~~~~~~~~~~~~~~~~~~~~
/home/ec2-user/arduino-testlib/cli-datadir/user/libraries/EzDmaHelper/src/ezdmahelper.h:179:59: note: suggested alternative: &#39;DEFAULT_TASK_PRIORITY&#39;
         EzDmaHelper&lt;EZDMA_BUFFER_SIZE,EZDMA_BUFFER_COUNT, EZDMA_BUFFER_TASK_PRIORITY, EZDMA_BUFFER_ALIGNMENT&gt;&amp;&amp;
                                                           ^~~~~~~~~~~~~~~~~~~~~~~~~~
                                                           DEFAULT_TASK_PRIORITY
/home/ec2-user/arduino-testlib/cli-datadir/user/libraries/EzDmaHelper/src/ezdmahelper.h:179:109: error: template argument 3 is invalid
         EzDmaHelper&lt;EZDMA_BUFFER_SIZE,EZDMA_BUFFER_COUNT, EZDMA_BUFFER_TASK_PRIORITY, EZDMA_BUFFER_ALIGNMENT&gt;&amp;&amp;
                                                                                                             ^
/home/ec2-user/arduino-testlib/cli-datadir/user/libraries/EzDmaHelper/src/ezdmahelper.h:181:55: error: &#39;EZDMA_BUFFER_TASK_PRIORITY&#39; was not declared in this scope
     EzDmaHelper&lt;EZDMA_BUFFER_SIZE,EZDMA_BUFFER_COUNT, EZDMA_BUFFER_TASK_PRIORITY, EZDMA_BUFFER_ALIGNMENT&gt;&amp; operator=(
                                                       ^~~~~~~~~~~~~~~~~~~~~~~~~~
/home/ec2-user/arduino-testlib/cli-datadir/user/libraries/EzDmaHelper/src/ezdmahelper.h:181:55: note: suggested alternative: &#39;DEFAULT_TASK_PRIORITY&#39;
     EzDmaHelper&lt;EZDMA_BUFFER_SIZE,EZDMA_BUFFER_COUNT, EZDMA_BUFFER_TASK_PRIORITY, EZDMA_BUFFER_ALIGNMENT&gt;&amp; operator=(
                                                       ^~~~~~~~~~~~~~~~~~~~~~~~~~
                                                       DEFAULT_TASK_PRIORITY
/home/ec2-user/arduino-testlib/cli-datadir/user/libraries/EzDmaHelper/src/ezdmahelper.h:181:105: error: template argument 3 is invalid
     EzDmaHelper&lt;EZDMA_BUFFER_SIZE,EZDMA_BUFFER_COUNT, EZDMA_BUFFER_TASK_PRIORITY, EZDMA_BUFFER_ALIGNMENT&gt;&amp; operator=(
                                                                                                         ^
/home/ec2-user/arduino-testlib/cli-datadir/user/libraries/EzDmaHelper/src/ezdmahelper.h:182:59: error: &#39;EZDMA_BUFFER_TASK_PRIORITY&#39; was not declared in this scope
         EzDmaHelper&lt;EZDMA_BUFFER_SIZE,EZDMA_BUFFER_COUNT, EZDMA_BUFFER_TASK_PRIORITY, EZDMA_BUFFER_ALIGNMENT&gt;&amp;&amp;
                                                </pre>
					
					<h4>examples/selftest02</h4>
					<p>
						Result: <b>FAIL</b>
					</p>
					<pre class="pre-scrollable">In file included from /home/ec2-user/arduino-testlib/cli-datadir/user/libraries/EzDmaHelper/examples/selftest02/selftest02.ino:2:0:
/home/ec2-user/arduino-testlib/cli-datadir/user/libraries/nrf_rng/src/hw_rng.h:30:10: fatal error: hal/nrf_rng.h: No such file or directory
 #include &lt;hal/nrf_rng.h&gt;
          ^~~~~~~~~~~~~~~
compilation terminated.
Multiple libraries were found for &#34;task.h&#34;
  Used: /home/ec2-user/arduino-testlib/cli-datadir/user/libraries/HeliOS
  Not used: /home/ec2-user/arduino-testlib/cli-datadir/user/libraries/FreeRTOS_SAMD21
  Not used: /home/ec2-user/arduino-testlib/cli-datadir/user/libraries/STM32duino_FreeRTOS
  Not used: /home/ec2-user/arduino-testlib/cli-datadir/user/libraries/FreeRTOS
  Not used: /home/ec2-user/arduino-testlib/cli-datadir/user/libraries/FreeRTOS_SAMD51
</pre>
					
				
				<h3 id="arduino:samd:mkrwifi1010">arduino:samd:mkrwifi1010 @ 1.8.12</h3>
				<h4>Inclusion</h4>
				<p>
					Result: <b>FAIL</b>
					
				</p>
				<pre class="pre-scrollable">/private/tmp/arduino-testlib4009333861/test/test.ino:1:10: fatal error: EzDmaHelper.h: No such file or directory
 #include &lt;EzDmaHelper.h&gt;
          ^~~~~~~~~~~~~~~
compilation terminated.

</pre>

					
					<h4>examples/selftest01</h4>
					<p>
						Result: <b>FAIL</b>
					</p>
					<pre class="pre-scrollable">In file included from /Users/alranel/Documents/git/arduino/arduino-testlib/cli-datadir/user/libraries/EzDmaHelper/src/ezdmahelper.h:16:0,
                 from /Users/alranel/Documents/git/arduino/arduino-testlib/cli-datadir/user/libraries/EzDmaHelper/examples/selftest01/selftest01.ino:1:
/Users/alranel/Documents/git/arduino/arduino-testlib/cli-datadir/user/libraries/FreeRTOS_SAMD21/src/task.h:33:3: error: #error &#34;include FreeRTOS.h must appear in source files before include task.h&#34;
  #error &#34;include FreeRTOS.h must appear in source files before include task.h&#34;
   ^~~~~
In file included from /Users/alranel/Documents/git/arduino/arduino-testlib/cli-datadir/user/libraries/FreeRTOS_SAMD21/src/task.h:36:0,
                 from /Users/alranel/Documents/git/arduino/arduino-testlib/cli-datadir/user/libraries/EzDmaHelper/src/ezdmahelper.h:16,
                 from /Users/alranel/Documents/git/arduino/arduino-testlib/cli-datadir/user/libraries/EzDmaHelper/examples/selftest01/selftest01.ino:1:
/Users/alranel/Documents/git/arduino/arduino-testlib/cli-datadir/user/libraries/FreeRTOS_SAMD21/src/list.h:57:3: error: #error FreeRTOS.h must be included before list.h
  #error FreeRTOS.h must be included before list.h
   ^~~~~
Multiple libraries were found for &#34;task.h&#34;
  Used: /Users/alranel/Documents/git/arduino/arduino-testlib/cli-datadir/user/libraries/FreeRTOS_SAMD21
  Not used: /Users/alranel/Documents/git/arduino/arduino-testlib/cli-datadir/user/libraries/HeliOS
  Not used: /Users/alranel/Documents/git/arduino/arduino-testlib/cli-datadir/user/libraries/FreeRTOS
  Not used: /Users/alranel/Documents/git/arduino/arduino-testlib/cli-datadir/user/libraries/FreeRTOS_SAMD51
  Not used: /Users/alranel/Documents/git/arduino/arduino-testlib/cli-datadir/user/libraries/STM32duino_FreeRTOS
</pre>
					
					<h4>examples/selftest02</h4>
					<p>
						Result: <b>FAIL</b>
					</p>
					<pre class="pre-scrollable">In file included from /Users/alranel/Documents/git/arduino/arduino-testlib/cli-datadir/user/libraries/EzDmaHelper/src/ezdmahelper.h:16:0,
                 from /Users/alranel/Documents/git/arduino/arduino-testlib/cli-datadir/user/libraries/EzDmaHelper/examples/selftest02/selftest02.ino:1:
/Users/alranel/Documents/git/arduino/arduino-testlib/cli-datadir/user/libraries/FreeRTOS_SAMD21/src/task.h:33:3: error: #error &#34;include FreeRTOS.h must appear in source files before include task.h&#34;
  #error &#34;include FreeRTOS.h must appear in source files before include task.h&#34;
   ^~~~~
In file included from /Users/alranel/Documents/git/arduino/arduino-testlib/cli-datadir/user/libraries/FreeRTOS_SAMD21/src/task.h:36:0,
                 from /Users/alranel/Documents/git/arduino/arduino-testlib/cli-datadir/user/libraries/EzDmaHelper/src/ezdmahelper.h:16,
                 from /Users/alranel/Documents/git/arduino/arduino-testlib/cli-datadir/user/libraries/EzDmaHelper/examples/selftest02/selftest02.ino:1:
/Users/alranel/Documents/git/arduino/arduino-testlib/cli-datadir/user/libraries/FreeRTOS_SAMD21/src/list.h:57:3: error: #error FreeRTOS.h must be included before list.h
  #error FreeRTOS.h must be included before list.h
   ^~~~~
In file included from /Users/alranel/Documents/git/arduino/arduino-testlib/cli-datadir/user/libraries/EzDmaHelper/examples/selftest02/selftest02.ino:2:0:
/Users/alranel/Documents/git/arduino/arduino-testlib/cli-datadir/user/libraries/nrf_rng/src/hw_rng.h:30:10: fatal error: hal/nrf_rng.h: No such file or directory
 #include &lt;hal/nrf_rng.h&gt;
          ^~~~~~~~~~~~~~~
compilation terminated.
Multiple libraries were found for &#34;task.h&#34;
  Used: /Users/alranel/Documents/git/arduino/arduino-testlib/cli-datadir/user/libraries/FreeRTOS_SAMD21
  Not used: /Users/alranel/Documents/git/arduino/arduino-testlib/cli-datadir/user/libraries/FreeRTOS
  Not used: /Users/alranel/Documents/git/arduino/arduino-testlib/cli-datadir/user/libraries/FreeRTOS_SAMD51
  Not used: /Users/alranel/Documents/git/arduino/arduino-testlib/cli-datadir/user/libraries/STM32duino_FreeRTOS
  Not used: /Users/alranel/Documents/git/arduino/arduino-testlib/cli-datadir/user/libraries/HeliOS
</pre>
					
				
				<h3 id="esp32:esp32:d1_mini32">esp32:esp32:d1_mini32 @ 1.0.6</h3>
				<h4>Inclusion</h4>
				<p>
					Result: <b>PASS</b>
					
				</p>
				<pre class="pre-scrollable">Sketch uses 197736 bytes (15%) of program storage space. Maximum is 1310720 bytes.
Global variables use 13084 bytes (3%) of dynamic memory, leaving 314596 bytes for local variables. Maximum is 327680 bytes.
</pre>

					
					<h4>examples/selftest01</h4>
					<p>
						Result: <b>FAIL</b>
					</p>
					<pre class="pre-scrollable">In file included from /home/ec2-user/arduino-testlib/cli-datadir/user/libraries/HeliOS/src/sched.h:35:0,
                 from /home/ec2-user/arduino-testlib/cli-datadir/user/libraries/HeliOS/src/queue.h:33,
                 from /home/ec2-user/arduino-testlib/cli-datadir/user/libraries/HeliOS/src/mem.h:32,
                 from /home/ec2-user/arduino-testlib/cli-datadir/user/libraries/HeliOS/src/task.h:32,
                 from /home/ec2-user/arduino-testlib/cli-datadir/user/libraries/EzDmaHelper/src/ezdmahelper.h:16,
                 from /home/ec2-user/arduino-testlib/cli-datadir/user/libraries/EzDmaHelper/examples/selftest01/selftest01.ino:1:
/home/ec2-user/arduino-testlib/cli-datadir/user/libraries/HeliOS/src/timer.h:42:34: error: macro &#34;xTimerDelete&#34; requires 2 arguments, but only 1 given
 void xTimerDelete(Timer_t *timer_);
                                  ^
/home/ec2-user/arduino-testlib/cli-datadir/user/libraries/HeliOS/src/timer.h:43:61: error: macro &#34;xTimerChangePeriod&#34; requires 3 arguments, but only 2 given
 void xTimerChangePeriod(Timer_t *timer_, Time_t timerPeriod_);
                                                             ^
/home/ec2-user/arduino-testlib/cli-datadir/user/libraries/HeliOS/src/timer.h:47:33: error: macro &#34;xTimerReset&#34; requires 2 arguments, but only 1 given
 void xTimerReset(Timer_t *timer_);
                                 ^
/home/ec2-user/arduino-testlib/cli-datadir/user/libraries/HeliOS/src/timer.h:48:33: error: macro &#34;xTimerStart&#34; requires 2 arguments, but only 1 given
 void xTimerStart(Timer_t *timer_);
                                 ^
/home/ec2-user/arduino-testlib/cli-datadir/user/libraries/HeliOS/src/timer.h:49:32: error: macro &#34;xTimerStop&#34; requires 2 arguments, but only 1 given
 void xTimerStop(Timer_t *timer_);
                                ^
In file included from /home/ec2-user/arduino-testlib/cli-datadir/user/libraries/HeliOS/src/mem.h:32:0,
                 from /home/ec2-user/arduino-testlib/cli-datadir/user/libraries/HeliOS/src/task.h:32,
                 from /home/ec2-user/arduino-testlib/cli-datadir/user/libraries/EzDmaHelper/src/ezdmahelper.h:16,
                 from /home/ec2-user/arduino-testlib/cli-datadir/user/libraries/EzDmaHelper/examples/selftest01/selftest01.ino:1:
/home/ec2-user/arduino-testlib/cli-datadir/user/libraries/HeliOS/src/queue.h:41:36: error: macro &#34;xQueueCreate&#34; requires 2 arguments, but only 1 given
 Queue_t *xQueueCreate(Base_t limit_);
                                    ^
/home/ec2-user/arduino-testlib/cli-datadir/user/libraries/HeliOS/src/queue.h:48:43: error: macro &#34;xQueuePeek&#34; requires 3 arguments, but only 1 given
 QueueMessage_t *xQueuePeek(Queue_t *queue_);
                                           ^
/home/ec2-user/arduino-testlib/cli-datadir/user/libraries/HeliOS/src/queue.h:50:46: error: macro &#34;xQueueReceive&#34; requires 3 arguments, but only 1 given
 QueueMessage_t *xQueueReceive(Queue_t *queue_);
                                              ^
In file included from /home/ec2-user/arduino-testlib/cli-datadir/user/libraries/EzDmaHelper/src/ezdmahelper.h:16:0,
                 from /home/ec2-user/arduino-testlib/cli-datadir/user/libraries/EzDmaHelper/examples/selftest01/selftest01.ino:1:
/home/ec2-user/arduino-testlib/cli-datadir/user/libraries/HeliOS/src/task.h:55:96: error: macro &#34;xTaskNotifyGive&#34; passed 3 arguments, but takes just 1
 Base_t xTaskNotifyGive(Task_t *task_, Base_t notificationBytes_, const char *notificationValue_);
                                                                                                ^
Multiple libraries were found for &#34;task.h&#34;
  Used: /home/ec2-user/arduino-testlib/cli-datadir/user/libraries/HeliOS
  Not used: /home/ec2-user/arduino-testlib/cli-datadir/user/libraries/FreeRTOS_SAMD51
  Not used: /home/ec2-user/arduino-testlib/cli-datadir/user/libraries/FreeRTOS
  Not used: /home/ec2-user/arduino-testlib/cli-datadir/user/libraries/FreeRTOS_SAMD21
  Not used: /home/ec2-user/arduino-testlib/cli-datadir/user/libraries/STM32duino_FreeRTOS
</pre>
					
					<h4>examples/selftest02</h4>
					<p>
						Result: <b>FAIL</b>
					</p>
					<pre class="pre-scrollable">In file included from /home/ec2-user/arduino-testlib/cli-datadir/user/libraries/HeliOS/src/sched.h:35:0,
                 from /home/ec2-user/arduino-testlib/cli-datadir/user/libraries/HeliOS/src/queue.h:33,
                 from /home/ec2-user/arduino-testlib/cli-datadir/user/libraries/HeliOS/src/mem.h:32,
                 from /home/ec2-user/arduino-testlib/cli-datadir/user/libraries/HeliOS/src/task.h:32,
                 from /home/ec2-user/arduino-testlib/cli-datadir/user/libraries/EzDmaHelper/src/ezdmahelper.h:16,
                 from /home/ec2-user/arduino-testlib/cli-datadir/user/libraries/EzDmaHelper/examples/selftest02/selftest02.ino:1:
/home/ec2-user/arduino-testlib/cli-datadir/user/libraries/HeliOS/src/timer.h:42:34: error: macro &#34;xTimerDelete&#34; requires 2 arguments, but only 1 given
 void xTimerDelete(Timer_t *timer_);
                                  ^
/home/ec2-user/arduino-testlib/cli-datadir/user/libraries/HeliOS/src/timer.h:43:61: error: macro &#34;xTimerChangePeriod&#34; requires 3 arguments, but only 2 given
 void xTimerChangePeriod(Timer_t *timer_, Time_t timerPeriod_);
                                                             ^
/home/ec2-user/arduino-testlib/cli-datadir/user/libraries/HeliOS/src/timer.h:47:33: error: macro &#34;xTimerReset&#34; requires 2 arguments, but only 1 given
 void xTimerReset(Timer_t *timer_);
                                 ^
/home/ec2-user/arduino-testlib/cli-datadir/user/libraries/HeliOS/src/timer.h:48:33: error: macro &#34;xTimerStart&#34; requires 2 arguments, but only 1 given
 void xTimerStart(Timer_t *timer_);
                                 ^
/home/ec2-user/arduino-testlib/cli-datadir/user/libraries/HeliOS/src/timer.h:49:32: error: macro &#34;xTimerStop&#34; requires 2 arguments, but only 1 given
 void xTimerStop(Timer_t *timer_);
                                ^
In file included from /home/ec2-user/arduino-testlib/cli-datadir/user/libraries/HeliOS/src/mem.h:32:0,
                 from /home/ec2-user/arduino-testlib/cli-datadir/user/libraries/HeliOS/src/task.h:32,
                 from /home/ec2-user/arduino-testlib/cli-datadir/user/libraries/EzDmaHelper/src/ezdmahelper.h:16,
                 from /home/ec2-user/arduino-testlib/cli-datadir/user/libraries/EzDmaHelper/examples/selftest02/selftest02.ino:1:
/home/ec2-user/arduino-testlib/cli-datadir/user/libraries/HeliOS/src/queue.h:41:36: error: macro &#34;xQueueCreate&#34; requires 2 arguments, but only 1 given
 Queue_t *xQueueCreate(Base_t limit_);
                                    ^
/home/ec2-user/arduino-testlib/cli-datadir/user/libraries/HeliOS/src/queue.h:48:43: error: macro &#34;xQueuePeek&#34; requires 3 arguments, but only 1 given
 QueueMessage_t *xQueuePeek(Queue_t *queue_);
                                           ^
/home/ec2-user/arduino-testlib/cli-datadir/user/libraries/HeliOS/src/queue.h:50:46: error: macro &#34;xQueueReceive&#34; requires 3 arguments, but only 1 given
 QueueMessage_t *xQueueReceive(Queue_t *queue_);
                                              ^
In file included from /home/ec2-user/arduino-testlib/cli-datadir/user/libraries/EzDmaHelper/src/ezdmahelper.h:16:0,
                 from /home/ec2-user/arduino-testlib/cli-datadir/user/libraries/EzDmaHelper/examples/selftest02/selftest02.ino:1:
/home/ec2-user/arduino-testlib/cli-datadir/user/libraries/HeliOS/src/task.h:55:96: error: macro &#34;xTaskNotifyGive&#34; passed 3 arguments, but takes just 1
 Base_t xTaskNotifyGive(Task_t *task_, Base_t notificationBytes_, const char *notificationValue_);
                                                                                                ^
In file included from /home/ec2-user/arduino-testlib/cli-datadir/user/libraries/EzDmaHelper/examples/selftest02/selftest02.ino:2:0:
/home/ec2-user/arduino-testlib/cli-datadir/user/libraries/nrf_rng/src/hw_rng.h:30:25: fatal error: hal/nrf_rng.h: No such file or directory
 #include &lt;hal/nrf_rng.h&gt;
                         ^
compilation terminated.
Multiple libraries were found for &#34;task.h&#34;
  Used: /home/ec2-user/arduino-testlib/cli-datadir/user/libraries/HeliOS
  Not used: /home/ec2-user/arduino-testlib/cli-datadir/user/libraries/FreeRTOS
  Not used: /home/ec2-user/arduino-testlib/cli-datadir/user/libraries/FreeRTOS_SAMD21
  Not used: /home/ec2-user/arduino-testlib/cli-datadir/user/libraries/FreeRTOS_SAMD51
  Not used: /home/ec2-user/arduino-testlib/cli-datadir/user/libraries/STM32duino_FreeRTOS
</pre>
					
				
			</div>
		</div>
	</div>
  </body>
</html>
